{"target": 0.8561559200209493, "params": {"eta": 0.2526165884019589, "max_depth": 6.405839421182176, "n_estimators": 50.71343064640415}, "datetime": {"datetime": "2021-09-21 08:06:03", "elapsed": 29.336205, "delta": 0.432119}}
{"target": 0.8710775012178483, "params": {"eta": 0.39963885694983015, "max_depth": 5.658006194445745, "n_estimators": 50.782271023288615}, "datetime": {"datetime": "2021-09-21 08:06:04", "elapsed": 29.794204, "delta": 0.457999}}
{"target": 0.8318287680508949, "params": {"eta": 0.22274257919451002, "max_depth": 6.197802668852902, "n_estimators": 50.59764102350722}, "datetime": {"datetime": "2021-09-21 08:06:05", "elapsed": 30.371902, "delta": 0.577698}}
{"target": 0.841944735347299, "params": {"eta": 0.18741876768119334, "max_depth": 7.31545810132838, "n_estimators": 49.45789291305351}, "datetime": {"datetime": "2021-09-21 08:06:05", "elapsed": 30.8669, "delta": 0.494998}}
{"target": 0.8566395990106259, "params": {"eta": 0.3368424160232759, "max_depth": 5.682050410207715, "n_estimators": 50.904579265503216}, "datetime": {"datetime": "2021-09-21 08:06:06", "elapsed": 31.37249, "delta": 0.50559}}
{"target": 0.8647565043253446, "params": {"eta": 0.3339395447861515, "max_depth": 5.790192776628617, "n_estimators": 50.643348610827275}, "datetime": {"datetime": "2021-09-21 08:06:06", "elapsed": 31.826492, "delta": 0.454002}}
{"target": 0.8216163237411512, "params": {"eta": 0.4988635581657913, "max_depth": 6.695334642036521, "n_estimators": 37.68578524450088}, "datetime": {"datetime": "2021-09-21 08:06:06", "elapsed": 32.286675, "delta": 0.460183}}
{"target": 0.7692107102848206, "params": {"eta": 0.3766952432049735, "max_depth": 2.5978419516535567, "n_estimators": 49.543486579029036}, "datetime": {"datetime": "2021-09-21 08:06:07", "elapsed": 32.674673, "delta": 0.387998}}
{"target": 0.8367450563716128, "params": {"eta": 0.34943775224722257, "max_depth": 5.861027784608, "n_estimators": 48.51086942488929}, "datetime": {"datetime": "2021-09-21 08:06:07", "elapsed": 33.158674, "delta": 0.484001}}
{"target": 0.8666970677283075, "params": {"eta": 0.2328586115719408, "max_depth": 5.6123500717934505, "n_estimators": 50.7564372098323}, "datetime": {"datetime": "2021-09-21 08:06:08", "elapsed": 33.68205, "delta": 0.523376}}
{"target": 0.8582813837272947, "params": {"eta": 0.4726016562086378, "max_depth": 6.048365393142102, "n_estimators": 48.781572499457795}, "datetime": {"datetime": "2021-09-21 08:06:08", "elapsed": 34.228788, "delta": 0.546738}}
{"target": 0.8429732929753831, "params": {"eta": 0.38098163848491484, "max_depth": 3.7806093903802793, "n_estimators": 47.88192970183341}, "datetime": {"datetime": "2021-09-21 08:06:09", "elapsed": 34.603787, "delta": 0.374999}}
{"target": 0.8556535103350963, "params": {"eta": 0.3581645774827069, "max_depth": 5.709905184384111, "n_estimators": 50.89467068014436}, "datetime": {"datetime": "2021-09-21 08:06:09", "elapsed": 35.061786, "delta": 0.457999}}
{"target": 0.8326972593781404, "params": {"eta": 0.3938688123123, "max_depth": 8.240854868434031, "n_estimators": 40.26189685485581}, "datetime": {"datetime": "2021-09-21 08:06:10", "elapsed": 35.589787, "delta": 0.528001}}
{"target": 0.8231150480425893, "params": {"eta": 0.21403702561022586, "max_depth": 7.733224179114095, "n_estimators": 21.277305869735365}, "datetime": {"datetime": "2021-09-21 08:06:10", "elapsed": 36.01913, "delta": 0.429343}}
{"target": 0.8412505633269938, "params": {"eta": 0.2741436915631697, "max_depth": 5.6552403253483465, "n_estimators": 50.59443358152477}, "datetime": {"datetime": "2021-09-21 08:06:11", "elapsed": 36.575644, "delta": 0.556514}}
{"target": 0.8569849277346583, "params": {"eta": 0.1937536130753359, "max_depth": 5.4468707348177725, "n_estimators": 50.90865013662151}, "datetime": {"datetime": "2021-09-21 08:06:11", "elapsed": 36.95864, "delta": 0.382996}}
{"target": 0.8430974740569759, "params": {"eta": 0.33090706740356546, "max_depth": 12.235592891312878, "n_estimators": 27.937097685312157}, "datetime": {"datetime": "2021-09-21 08:06:12", "elapsed": 37.488648, "delta": 0.530008}}
{"target": 0.8349413108231387, "params": {"eta": 0.47809511001443594, "max_depth": 5.833268946627152, "n_estimators": 50.62443503882868}, "datetime": {"datetime": "2021-09-21 08:06:12", "elapsed": 37.953487, "delta": 0.464839}}
{"target": 0.8238854945305483, "params": {"eta": 0.3927146816388891, "max_depth": 13.330546112673712, "n_estimators": 35.89159237044748}, "datetime": {"datetime": "2021-09-21 08:06:13", "elapsed": 38.588807, "delta": 0.63532}}
{"target": 0.8626221756131318, "params": {"eta": 0.17638039390517274, "max_depth": 4.792955969350114, "n_estimators": 51.301832620343056}, "datetime": {"datetime": "2021-09-21 08:06:13", "elapsed": 39.021804, "delta": 0.432997}}
{"target": 0.7765989595795957, "params": {"eta": 0.16664734706536444, "max_depth": 1.9020682611364774, "n_estimators": 54.676199360844834}, "datetime": {"datetime": "2021-09-21 08:06:14", "elapsed": 39.468332, "delta": 0.446528}}
{"target": 0.8458684625478694, "params": {"eta": 0.4054290078299092, "max_depth": 6.094675945481351, "n_estimators": 51.35454352303797}, "datetime": {"datetime": "2021-09-21 08:06:14", "elapsed": 40.027056, "delta": 0.558724}}
{"target": 0.8647132596268483, "params": {"eta": 0.1348463246052345, "max_depth": 4.9796158113188, "n_estimators": 51.356848523774715}, "datetime": {"datetime": "2021-09-21 08:06:15", "elapsed": 40.827285, "delta": 0.800229}}
{"target": 0.8385690652859609, "params": {"eta": 0.3075579430572759, "max_depth": 3.4445985977286364, "n_estimators": 54.31102804614261}, "datetime": {"datetime": "2021-09-21 08:06:15", "elapsed": 41.259876, "delta": 0.432591}}
{"target": 0.8465052843230334, "params": {"eta": 0.14125070572737874, "max_depth": 10.435666656396545, "n_estimators": 45.82850454316219}, "datetime": {"datetime": "2021-09-21 08:06:16", "elapsed": 41.88005, "delta": 0.620174}}
{"target": 0.8372376726910566, "params": {"eta": 0.3981390167748692, "max_depth": 6.263379201367285, "n_estimators": 51.22108382929517}, "datetime": {"datetime": "2021-09-21 08:06:17", "elapsed": 42.451667, "delta": 0.571617}}
{"target": 0.8725250652023075, "params": {"eta": 0.29539010220473416, "max_depth": 4.155005096783384, "n_estimators": 47.88328277110382}, "datetime": {"datetime": "2021-09-21 08:06:17", "elapsed": 42.874672, "delta": 0.423005}}
{"target": 0.8623276719883117, "params": {"eta": 0.4225611745949359, "max_depth": 4.007110021134596, "n_estimators": 47.958931614387055}, "datetime": {"datetime": "2021-09-21 08:06:17", "elapsed": 43.279662, "delta": 0.40499}}
{"target": 0.8442401808590803, "params": {"eta": 0.2838504024423546, "max_depth": 4.1352325468571305, "n_estimators": 47.65357573301682}, "datetime": {"datetime": "2021-09-21 08:06:18", "elapsed": 43.798665, "delta": 0.519003}}
{"target": 0.83387252235013, "params": {"eta": 0.3017952455153582, "max_depth": 7.7905516798654775, "n_estimators": 57.83076887077912}, "datetime": {"datetime": "2021-09-21 08:06:19", "elapsed": 44.411348, "delta": 0.612683}}
{"target": 0.8697976423630382, "params": {"eta": 0.3613439999075875, "max_depth": 4.923549062488545, "n_estimators": 51.3339980800361}, "datetime": {"datetime": "2021-09-21 08:06:19", "elapsed": 44.854353, "delta": 0.443005}}
{"target": 0.863320662452265, "params": {"eta": 0.18607933722476028, "max_depth": 5.062127388764832, "n_estimators": 51.11940862656675}, "datetime": {"datetime": "2021-09-21 08:06:20", "elapsed": 45.44835, "delta": 0.593997}}
{"target": 0.8718972636693161, "params": {"eta": 0.2411451835301843, "max_depth": 4.9476566146304775, "n_estimators": 51.489647311966266}, "datetime": {"datetime": "2021-09-21 08:06:20", "elapsed": 45.915755, "delta": 0.467405}}
{"target": 0.8396362567700084, "params": {"eta": 0.34932106757176873, "max_depth": 5.066214169156366, "n_estimators": 51.417226924456756}, "datetime": {"datetime": "2021-09-21 08:06:21", "elapsed": 46.388715, "delta": 0.47296}}
{"target": 0.7949377047308073, "params": {"eta": 0.42287106598303137, "max_depth": 1.2700792719644742, "n_estimators": 31.56855190606148}, "datetime": {"datetime": "2021-09-21 08:06:21", "elapsed": 46.841712, "delta": 0.452997}}
{"target": 0.8363918639858376, "params": {"eta": 0.3297181468158411, "max_depth": 14.600704457541841, "n_estimators": 57.49345737473562}, "datetime": {"datetime": "2021-09-21 08:06:22", "elapsed": 47.635714, "delta": 0.794002}}
{"target": 0.8653846898530387, "params": {"eta": 0.34555729146322023, "max_depth": 4.782319062042765, "n_estimators": 51.44409597821223}, "datetime": {"datetime": "2021-09-21 08:06:22", "elapsed": 48.172657, "delta": 0.536943}}
{"target": 0.8514293795923098, "params": {"eta": 0.397048543348809, "max_depth": 4.270201028278757, "n_estimators": 47.95337599022019}, "datetime": {"datetime": "2021-09-21 08:06:23", "elapsed": 48.629656, "delta": 0.456999}}
{"target": 0.854630426843779, "params": {"eta": 0.1, "max_depth": 6.445859276829401, "n_estimators": 50.59003356233843}, "datetime": {"datetime": "2021-09-21 08:06:23", "elapsed": 49.127662, "delta": 0.498006}}
{"target": 0.8582193410572401, "params": {"eta": 0.43367929130937277, "max_depth": 4.763882787491668, "n_estimators": 51.24894336168959}, "datetime": {"datetime": "2021-09-21 08:06:24", "elapsed": 49.570844, "delta": 0.443182}}
{"target": 0.8650809758772333, "params": {"eta": 0.12688543788169354, "max_depth": 4.007455713546591, "n_estimators": 47.86675469293938}, "datetime": {"datetime": "2021-09-21 08:06:24", "elapsed": 50.291516, "delta": 0.720672}}
{"target": 0.8650306732085657, "params": {"eta": 0.2899858590343911, "max_depth": 4.870089656381088, "n_estimators": 50.994401893683026}, "datetime": {"datetime": "2021-09-21 08:06:25", "elapsed": 50.818003, "delta": 0.526487}}
{"target": 0.8403480908887687, "params": {"eta": 0.4888476330713084, "max_depth": 5.005096632403638, "n_estimators": 51.09127921078098}, "datetime": {"datetime": "2021-09-21 08:06:25", "elapsed": 51.263928, "delta": 0.445925}}
{"target": 0.8580682348113309, "params": {"eta": 0.1, "max_depth": 4.873148575494673, "n_estimators": 51.064347911637036}, "datetime": {"datetime": "2021-09-21 08:06:26", "elapsed": 51.81368, "delta": 0.549752}}
{"target": 0.869247588952045, "params": {"eta": 0.20755472528171373, "max_depth": 4.189383933161815, "n_estimators": 47.98093658900081}, "datetime": {"datetime": "2021-09-21 08:06:26", "elapsed": 52.227578, "delta": 0.413898}}
{"target": 0.8551866043219994, "params": {"eta": 0.213853470666405, "max_depth": 4.015320201690327, "n_estimators": 48.056772841690474}, "datetime": {"datetime": "2021-09-21 08:06:27", "elapsed": 52.84257, "delta": 0.614992}}
{"target": 0.8398080557399022, "params": {"eta": 0.389661153434837, "max_depth": 4.486067466846245, "n_estimators": 56.604152945072414}, "datetime": {"datetime": "2021-09-21 08:06:28", "elapsed": 53.387571, "delta": 0.545001}}
{"target": 0.8414336354397238, "params": {"eta": 0.3769266622001918, "max_depth": 3.0239866073723665, "n_estimators": 46.13891654268005}, "datetime": {"datetime": "2021-09-21 08:06:28", "elapsed": 53.947319, "delta": 0.559748}}
{"target": 0.8574857786250405, "params": {"eta": 0.12620852357706416, "max_depth": 4.021024623460626, "n_estimators": 47.90107018899283}, "datetime": {"datetime": "2021-09-21 08:06:29", "elapsed": 54.725701, "delta": 0.778382}}
{"target": 0.8260771005733101, "params": {"eta": 0.21761133354739767, "max_depth": 7.560775365257825, "n_estimators": 53.32506181207708}, "datetime": {"datetime": "2021-09-21 08:06:30", "elapsed": 55.467356, "delta": 0.741655}}
{"target": 0.7800437595619928, "params": {"eta": 0.2419380011511487, "max_depth": 1.9043576649560905, "n_estimators": 49.48988417918341}, "datetime": {"datetime": "2021-09-21 08:06:30", "elapsed": 56.03605, "delta": 0.568694}}
{"target": 0.8763434208914349, "params": {"eta": 0.2817106438083553, "max_depth": 5.0116991365151895, "n_estimators": 51.708460365841916}, "datetime": {"datetime": "2021-09-21 08:06:31", "elapsed": 56.952013, "delta": 0.915963}}
{"target": 0.8312159482496948, "params": {"eta": 0.12697729027821403, "max_depth": 3.2552971370122243, "n_estimators": 44.75005862560367}, "datetime": {"datetime": "2021-09-21 08:06:32", "elapsed": 57.507117, "delta": 0.555104}}
{"target": 0.8323582806844604, "params": {"eta": 0.3955230214768597, "max_depth": 3.9807588360964754, "n_estimators": 47.812396141517816}, "datetime": {"datetime": "2021-09-21 08:06:32", "elapsed": 58.058024, "delta": 0.550907}}
{"target": 0.8543341359843256, "params": {"eta": 0.3389909020986209, "max_depth": 4.884705680871445, "n_estimators": 51.13824535520025}, "datetime": {"datetime": "2021-09-21 08:06:33", "elapsed": 58.592814, "delta": 0.53479}}
{"target": 0.8528164559257227, "params": {"eta": 0.31675079790480476, "max_depth": 4.850372512816134, "n_estimators": 51.39107533149531}, "datetime": {"datetime": "2021-09-21 08:06:33", "elapsed": 59.098808, "delta": 0.505994}}
{"target": 0.8600559037940743, "params": {"eta": 0.16573752844668949, "max_depth": 4.924725322073445, "n_estimators": 50.916142654845785}, "datetime": {"datetime": "2021-09-21 08:06:34", "elapsed": 59.56598, "delta": 0.467172}}
{"target": 0.8617259738937484, "params": {"eta": 0.2708510602946771, "max_depth": 4.977293224223173, "n_estimators": 51.63841203777904}, "datetime": {"datetime": "2021-09-21 08:06:34", "elapsed": 60.038461, "delta": 0.472481}}
{"target": 0.8559505745504494, "params": {"eta": 0.2137132449836257, "max_depth": 4.951021022882089, "n_estimators": 51.32446383100498}, "datetime": {"datetime": "2021-09-21 08:06:35", "elapsed": 60.53185, "delta": 0.493389}}
{"target": 0.8384006098166704, "params": {"eta": 0.3856105905334507, "max_depth": 8.388915198088736, "n_estimators": 53.228204865297684}, "datetime": {"datetime": "2021-09-21 08:06:35", "elapsed": 61.134612, "delta": 0.602762}}
{"target": 0.8390946001629864, "params": {"eta": 0.13363989762261214, "max_depth": 12.407019927184958, "n_estimators": 29.828264146342537}, "datetime": {"datetime": "2021-09-21 08:06:36", "elapsed": 61.666057, "delta": 0.531445}}
{"target": 0.8627031460521818, "params": {"eta": 0.33535389740972665, "max_depth": 5.591473450570298, "n_estimators": 50.83670338615569}, "datetime": {"datetime": "2021-09-21 08:06:36", "elapsed": 62.234897, "delta": 0.56884}}
{"target": 0.8688043587919598, "params": {"eta": 0.24158306568557308, "max_depth": 5.097371209292482, "n_estimators": 51.631743826927675}, "datetime": {"datetime": "2021-09-21 08:06:37", "elapsed": 62.8019, "delta": 0.567003}}
{"target": 0.855615116918022, "params": {"eta": 0.21254706224590098, "max_depth": 4.994578746052915, "n_estimators": 51.805288879966476}, "datetime": {"datetime": "2021-09-21 08:06:37", "elapsed": 63.269898, "delta": 0.467998}}
{"target": 0.8621245495632719, "params": {"eta": 0.14783176364493458, "max_depth": 5.074614573080034, "n_estimators": 51.467064352407874}, "datetime": {"datetime": "2021-09-21 08:06:38", "elapsed": 64.089845, "delta": 0.819947}}
{"target": 0.8344845563948045, "params": {"eta": 0.4863964119657713, "max_depth": 4.1026623336905725, "n_estimators": 47.699121723919625}, "datetime": {"datetime": "2021-09-21 08:06:39", "elapsed": 64.536037, "delta": 0.446192}}
{"target": 0.8478006890570805, "params": {"eta": 0.3110256171420931, "max_depth": 4.784579109562525, "n_estimators": 51.604658111229085}, "datetime": {"datetime": "2021-09-21 08:06:39", "elapsed": 65.139042, "delta": 0.603005}}
{"target": 0.8617502001350488, "params": {"eta": 0.22818590122892599, "max_depth": 4.927478086991185, "n_estimators": 51.01865912695196}, "datetime": {"datetime": "2021-09-21 08:06:40", "elapsed": 65.663041, "delta": 0.523999}}
{"target": 0.8491048381059572, "params": {"eta": 0.3148690082673412, "max_depth": 4.892280400903645, "n_estimators": 51.42312611109358}, "datetime": {"datetime": "2021-09-21 08:06:40", "elapsed": 66.152801, "delta": 0.48976}}
{"target": 0.8563350583631237, "params": {"eta": 0.18762457105216224, "max_depth": 4.71523788275422, "n_estimators": 51.400414317320866}, "datetime": {"datetime": "2021-09-21 08:06:41", "elapsed": 66.636877, "delta": 0.484076}}
{"target": 0.8408077589495121, "params": {"eta": 0.2649958348346432, "max_depth": 7.90647147312887, "n_estimators": 56.44732718417191}, "datetime": {"datetime": "2021-09-21 08:06:41", "elapsed": 67.244802, "delta": 0.607925}}
{"target": 0.8430317728167036, "params": {"eta": 0.25447338383178125, "max_depth": 4.151165830012282, "n_estimators": 24.606905314492742}, "datetime": {"datetime": "2021-09-21 08:06:42", "elapsed": 67.733801, "delta": 0.488999}}
{"target": 0.8365535152070335, "params": {"eta": 0.47897156664908613, "max_depth": 10.93903785884431, "n_estimators": 59.381700065778766}, "datetime": {"datetime": "2021-09-21 08:06:43", "elapsed": 68.370644, "delta": 0.636843}}
{"target": 0.8564963782926545, "params": {"eta": 0.2632116331732509, "max_depth": 5.775764205844482, "n_estimators": 50.74880843418512}, "datetime": {"datetime": "2021-09-21 08:06:43", "elapsed": 68.936646, "delta": 0.566002}}
{"target": 0.8538282137529359, "params": {"eta": 0.4223948210085843, "max_depth": 5.643303358812793, "n_estimators": 57.19427440480803}, "datetime": {"datetime": "2021-09-21 08:06:44", "elapsed": 69.528704, "delta": 0.592058}}
{"target": 0.8375035930786406, "params": {"eta": 0.3491098653126641, "max_depth": 5.602408610177569, "n_estimators": 50.72069305051327}, "datetime": {"datetime": "2021-09-21 08:06:44", "elapsed": 70.097365, "delta": 0.568661}}
{"target": 0.855478444733527, "params": {"eta": 0.32092881813333546, "max_depth": 5.682991421827738, "n_estimators": 50.912928003465495}, "datetime": {"datetime": "2021-09-21 08:06:45", "elapsed": 70.772313, "delta": 0.674948}}
{"target": 0.8398916410929893, "params": {"eta": 0.45906478489536784, "max_depth": 4.857388939010996, "n_estimators": 51.31282647530967}, "datetime": {"datetime": "2021-09-21 08:06:46", "elapsed": 71.496024, "delta": 0.723711}}
{"target": 0.7794952278660503, "params": {"eta": 0.12632607036978605, "max_depth": 1.1714586400919653, "n_estimators": 55.45551082987832}, "datetime": {"datetime": "2021-09-21 08:06:46", "elapsed": 72.172049, "delta": 0.676025}}
{"target": 0.8612774255045943, "params": {"eta": 0.12400086912526467, "max_depth": 4.908456080943153, "n_estimators": 51.59911195611704}, "datetime": {"datetime": "2021-09-21 08:06:47", "elapsed": 72.902049, "delta": 0.73}}
{"target": 0.8238881031386144, "params": {"eta": 0.42849695639815755, "max_depth": 11.07219164798616, "n_estimators": 55.787848865603586}, "datetime": {"datetime": "2021-09-21 08:06:48", "elapsed": 73.783046, "delta": 0.880997}}
{"target": 0.854429731291223, "params": {"eta": 0.28131157906614224, "max_depth": 4.179992262143029, "n_estimators": 48.07064581174801}, "datetime": {"datetime": "2021-09-21 08:06:49", "elapsed": 74.438643, "delta": 0.655597}}
{"target": 0.8584511486697006, "params": {"eta": 0.12556300104413098, "max_depth": 4.8413273186595704, "n_estimators": 51.226792510410625}, "datetime": {"datetime": "2021-09-21 08:06:49", "elapsed": 75.135794, "delta": 0.697151}}
{"target": 0.8688562392253798, "params": {"eta": 0.36564121168342323, "max_depth": 4.663623715621381, "n_estimators": 51.339282356336355}, "datetime": {"datetime": "2021-09-21 08:06:50", "elapsed": 75.902643, "delta": 0.766849}}
{"target": 0.8455626779213348, "params": {"eta": 0.37247974629090275, "max_depth": 4.634101670882075, "n_estimators": 51.464410929396095}, "datetime": {"datetime": "2021-09-21 08:06:51", "elapsed": 76.503254, "delta": 0.600611}}
{"target": 0.8699534602351621, "params": {"eta": 0.17444440616915982, "max_depth": 4.095328395124576, "n_estimators": 47.86338261758538}, "datetime": {"datetime": "2021-09-21 08:06:51", "elapsed": 77.173258, "delta": 0.670004}}
{"target": 0.8422677208421249, "params": {"eta": 0.4200169707888858, "max_depth": 5.041403171202162, "n_estimators": 51.80640936576475}, "datetime": {"datetime": "2021-09-21 08:06:52", "elapsed": 77.990255, "delta": 0.816997}}
{"target": 0.8435951755423093, "params": {"eta": 0.3306943423898584, "max_depth": 3.930586072602154, "n_estimators": 47.666728487284715}, "datetime": {"datetime": "2021-09-21 08:06:53", "elapsed": 78.607214, "delta": 0.616959}}
{"target": 0.8564518694220573, "params": {"eta": 0.2947249073249235, "max_depth": 4.858131000621235, "n_estimators": 51.25163408121693}, "datetime": {"datetime": "2021-09-21 08:06:53", "elapsed": 79.324024, "delta": 0.71681}}
{"target": 0.8498063130415967, "params": {"eta": 0.26600277736894806, "max_depth": 4.237593968558843, "n_estimators": 47.88966328005475}, "datetime": {"datetime": "2021-09-21 08:06:54", "elapsed": 79.982025, "delta": 0.658001}}
{"target": 0.8640051629799799, "params": {"eta": 0.4410300413248238, "max_depth": 4.145154777169299, "n_estimators": 47.88730778171279}, "datetime": {"datetime": "2021-09-21 08:06:55", "elapsed": 80.637121, "delta": 0.655096}}
{"target": 0.8522543622478009, "params": {"eta": 0.38229193778101367, "max_depth": 4.645239341365557, "n_estimators": 51.238448135661635}, "datetime": {"datetime": "2021-09-21 08:06:56", "elapsed": 81.481805, "delta": 0.844684}}
{"target": 0.8319190213191013, "params": {"eta": 0.48069043462926586, "max_depth": 5.755790054426491, "n_estimators": 46.2228124075375}, "datetime": {"datetime": "2021-09-21 08:06:56", "elapsed": 82.205367, "delta": 0.723562}}
{"target": 0.8427966361268464, "params": {"eta": 0.20798034789916425, "max_depth": 5.16235157154417, "n_estimators": 51.052464647500955}, "datetime": {"datetime": "2021-09-21 08:06:57", "elapsed": 82.983713, "delta": 0.778346}}
{"target": 0.8545825163314646, "params": {"eta": 0.2653601256045121, "max_depth": 5.102514010661677, "n_estimators": 51.735734223620106}, "datetime": {"datetime": "2021-09-21 08:06:58", "elapsed": 83.787709, "delta": 0.803996}}
