{"target": -1.9907752229580358, "params": {"eta": 0.33944738371503347, "max_depth": 15.406489868843162, "n_estimators": 1.0056043660498994}, "datetime": {"datetime": "2021-09-20 19:26:57", "elapsed": 0.0, "delta": 0.0}}
{"target": 0.38289613719727267, "params": {"eta": 0.24884273237915344, "max_depth": 3.935117816342261, "n_estimators": 5.524591143671092}, "datetime": {"datetime": "2021-09-20 19:26:57", "elapsed": 0.030999, "delta": 0.030999}}
{"target": 0.8286607723835039, "params": {"eta": 0.15714556698836002, "max_depth": 7.911214540860955, "n_estimators": 20.441606237302828}, "datetime": {"datetime": "2021-09-20 19:26:57", "elapsed": 0.125999, "delta": 0.095}}
{"target": 0.8489787375682134, "params": {"eta": 0.435665219862652, "max_depth": 9.383890288065896, "n_estimators": 34.575755519441216}, "datetime": {"datetime": "2021-09-20 19:26:57", "elapsed": 0.362003, "delta": 0.236004}}
{"target": -2.0997983858398728, "params": {"eta": 0.17151727728789878, "max_depth": 18.562348727818907, "n_estimators": 2.3419920666983822}, "datetime": {"datetime": "2021-09-20 19:26:57", "elapsed": 0.384997, "delta": 0.022994}}
{"target": 0.8187212354323247, "params": {"eta": 0.5396693330409378, "max_depth": 9.34609604734254, "n_estimators": 28.37580159384183}, "datetime": {"datetime": "2021-09-20 19:26:57", "elapsed": 0.544998, "delta": 0.160001}}
{"target": 0.8563017128925464, "params": {"eta": 0.12090568149023467, "max_depth": 4.962029781697575, "n_estimators": 40.2364838651013}, "datetime": {"datetime": "2021-09-20 19:26:57", "elapsed": 0.648999, "delta": 0.104001}}
{"target": 0.732997934443751, "params": {"eta": 0.7749266448183241, "max_depth": 7.268483563184857, "n_estimators": 34.92380816779639}, "datetime": {"datetime": "2021-09-20 19:26:57", "elapsed": 0.792, "delta": 0.143001}}
{"target": -1.4652404736902476, "params": {"eta": 0.010000000000000009, "max_depth": 21.0, "n_estimators": 50.0}, "datetime": {"datetime": "2021-09-20 19:26:58", "elapsed": 1.166996, "delta": 0.374996}}
{"target": -2.773547114861714, "params": {"eta": 0.01, "max_depth": 21.0, "n_estimators": 26.413401694088307}, "datetime": {"datetime": "2021-09-20 19:26:58", "elapsed": 1.491877, "delta": 0.324881}}
{"target": 0.7651113358319676, "params": {"eta": 0.8, "max_depth": 1.0, "n_estimators": 17.31453707195374}, "datetime": {"datetime": "2021-09-20 19:26:58", "elapsed": 1.827015, "delta": 0.335138}}
{"target": -1.7020043663508506, "params": {"eta": 0.01, "max_depth": 1.0, "n_estimators": 50.0}, "datetime": {"datetime": "2021-09-20 19:26:59", "elapsed": 2.12501, "delta": 0.297995}}
{"target": -2.9346210423800554, "params": {"eta": 0.01, "max_depth": 1.0, "n_estimators": 26.247810872370316}, "datetime": {"datetime": "2021-09-20 19:26:59", "elapsed": 2.421009, "delta": 0.295999}}
{"target": 0.7624830566462892, "params": {"eta": 0.8, "max_depth": 6.278052355003833, "n_estimators": 13.532500631110118}, "datetime": {"datetime": "2021-09-20 19:26:59", "elapsed": 2.821009, "delta": 0.4}}
{"target": 0.7332299138351419, "params": {"eta": 0.8, "max_depth": 11.53020331673195, "n_estimators": 41.57611920927119}, "datetime": {"datetime": "2021-09-20 19:27:00", "elapsed": 3.283616, "delta": 0.462607}}
{"target": 0.7402964698680243, "params": {"eta": 0.7803654589222341, "max_depth": 1.007773894473433, "n_estimators": 11.252444913013669}, "datetime": {"datetime": "2021-09-20 19:27:00", "elapsed": 3.598548, "delta": 0.314932}}
{"target": 0.7285801490643002, "params": {"eta": 0.8, "max_depth": 13.6411394562545, "n_estimators": 16.102260376467754}, "datetime": {"datetime": "2021-09-20 19:27:01", "elapsed": 4.013551, "delta": 0.415003}}
{"target": 0.7106569694057778, "params": {"eta": 0.8, "max_depth": 18.247483393424016, "n_estimators": 38.49689132372941}, "datetime": {"datetime": "2021-09-20 19:27:01", "elapsed": 4.504548, "delta": 0.490997}}
{"target": 0.07478561330706346, "params": {"eta": 0.8, "max_depth": 1.0, "n_estimators": 1.0}, "datetime": {"datetime": "2021-09-20 19:27:01", "elapsed": 4.821552, "delta": 0.317004}}
{"target": 0.710562884141031, "params": {"eta": 0.8, "max_depth": 21.0, "n_estimators": 13.42824333298594}, "datetime": {"datetime": "2021-09-20 19:27:02", "elapsed": 5.213544, "delta": 0.391992}}
{"target": 0.7301369990652735, "params": {"eta": 0.8, "max_depth": 12.30399265848353, "n_estimators": 22.86197358193645}, "datetime": {"datetime": "2021-09-20 19:27:02", "elapsed": 5.726806, "delta": 0.513262}}
{"target": -4.0541145165847405, "params": {"eta": 0.01, "max_depth": 12.405342850423624, "n_estimators": 10.404506653097458}, "datetime": {"datetime": "2021-09-20 19:27:03", "elapsed": 6.018801, "delta": 0.291995}}
{"target": 0.7109255787519453, "params": {"eta": 0.8, "max_depth": 17.99293491526851, "n_estimators": 18.19878258758465}, "datetime": {"datetime": "2021-09-20 19:27:03", "elapsed": 6.459403, "delta": 0.440602}}
{"target": 0.713677859957444, "params": {"eta": 0.8, "max_depth": 14.886813706677213, "n_estimators": 33.90680088802297}, "datetime": {"datetime": "2021-09-20 19:27:03", "elapsed": 6.892403, "delta": 0.433}}
{"target": 0.7349689574574785, "params": {"eta": 0.8, "max_depth": 10.917183608255, "n_estimators": 48.70535043844223}, "datetime": {"datetime": "2021-09-20 19:27:04", "elapsed": 7.287096, "delta": 0.394693}}
{"target": -2.30236225391658, "params": {"eta": 0.01, "max_depth": 1.0, "n_estimators": 37.29787753532671}, "datetime": {"datetime": "2021-09-20 19:27:04", "elapsed": 7.638583, "delta": 0.351487}}
{"target": -1.7372527346464817, "params": {"eta": 0.01, "max_depth": 7.322615947752236, "n_estimators": 44.48473808742939}, "datetime": {"datetime": "2021-09-20 19:27:05", "elapsed": 8.044583, "delta": 0.406}}
{"target": -2.098199776364654, "params": {"eta": 0.01, "max_depth": 13.302148857988296, "n_estimators": 37.93006868590446}, "datetime": {"datetime": "2021-09-20 19:27:05", "elapsed": 8.418583, "delta": 0.374}}
{"target": 0.7880701363950046, "params": {"eta": 0.7897505340985198, "max_depth": 2.8668275348999295, "n_estimators": 14.175470517312908}, "datetime": {"datetime": "2021-09-20 19:27:05", "elapsed": 8.870236, "delta": 0.451653}}
{"target": 0.8396849838921452, "params": {"eta": 0.23433316472999136, "max_depth": 11.583785953668896, "n_estimators": 19.315543577703703}, "datetime": {"datetime": "2021-09-20 19:27:06", "elapsed": 9.308825, "delta": 0.438589}}
{"target": 0.7905187430030127, "params": {"eta": 0.6862298768767737, "max_depth": 11.716742047355044, "n_estimators": 31.17370464081882}, "datetime": {"datetime": "2021-09-20 19:27:06", "elapsed": 9.775838, "delta": 0.467013}}
{"target": 0.7541879934577764, "params": {"eta": 0.8, "max_depth": 5.4541479167508005, "n_estimators": 17.387148442408215}, "datetime": {"datetime": "2021-09-20 19:27:07", "elapsed": 10.098839, "delta": 0.323001}}
{"target": 0.717074985718537, "params": {"eta": 0.7990368576677671, "max_depth": 13.728564115168204, "n_estimators": 45.04757573976843}, "datetime": {"datetime": "2021-09-20 19:27:07", "elapsed": 10.513839, "delta": 0.415}}
{"target": 0.710248167778925, "params": {"eta": 0.8, "max_depth": 20.03591332967248, "n_estimators": 34.85146466856956}, "datetime": {"datetime": "2021-09-20 19:27:08", "elapsed": 11.09284, "delta": 0.579001}}
{"target": 0.7896290032130743, "params": {"eta": 0.6819305915777816, "max_depth": 20.9211853471196, "n_estimators": 41.523096854390545}, "datetime": {"datetime": "2021-09-20 19:27:08", "elapsed": 11.632686, "delta": 0.539846}}
{"target": -0.8586008116341726, "params": {"eta": 0.024436963994811302, "max_depth": 13.21683996137716, "n_estimators": 27.47072046461021}, "datetime": {"datetime": "2021-09-20 19:27:09", "elapsed": 12.013689, "delta": 0.381003}}
{"target": -2.4505273184129237, "params": {"eta": 0.01, "max_depth": 7.691318558875729, "n_estimators": 31.397442570429163}, "datetime": {"datetime": "2021-09-20 19:27:09", "elapsed": 12.348688, "delta": 0.334999}}
{"target": 0.7136778532068522, "params": {"eta": 0.8, "max_depth": 14.70826662829885, "n_estimators": 19.34250439496758}, "datetime": {"datetime": "2021-09-20 19:27:09", "elapsed": 12.86869, "delta": 0.520002}}
{"target": 0.8217165478163961, "params": {"eta": 0.4040774558763741, "max_depth": 7.5545083522670105, "n_estimators": 38.09073619394127}, "datetime": {"datetime": "2021-09-20 19:27:10", "elapsed": 13.354265, "delta": 0.485575}}
{"target": 0.7345556662656855, "params": {"eta": 0.8, "max_depth": 8.829724503549965, "n_estimators": 24.63776758080334}, "datetime": {"datetime": "2021-09-20 19:27:10", "elapsed": 13.784987, "delta": 0.430722}}
{"target": 0.7468415254662867, "params": {"eta": 0.7585137432462361, "max_depth": 9.00719702068167, "n_estimators": 17.06121881261242}, "datetime": {"datetime": "2021-09-20 19:27:11", "elapsed": 14.22299, "delta": 0.438003}}
{"target": -2.0436836738671698, "params": {"eta": 0.01, "max_depth": 21.0, "n_estimators": 38.085299560074326}, "datetime": {"datetime": "2021-09-20 19:27:11", "elapsed": 14.63799, "delta": 0.415}}
{"target": 0.7109256127874155, "params": {"eta": 0.8, "max_depth": 17.960163642839845, "n_estimators": 41.821962629056365}, "datetime": {"datetime": "2021-09-20 19:27:12", "elapsed": 15.11299, "delta": 0.475}}
{"target": 0.7109256127874155, "params": {"eta": 0.8, "max_depth": 17.81087623361081, "n_estimators": 33.02296546034969}, "datetime": {"datetime": "2021-09-20 19:27:12", "elapsed": 15.643592, "delta": 0.530602}}
{"target": 0.5896288902005427, "params": {"eta": 0.15862803955809995, "max_depth": 4.16619029205002, "n_estimators": 10.710884723255123}, "datetime": {"datetime": "2021-09-20 19:27:13", "elapsed": 16.033592, "delta": 0.39}}
{"target": 0.7861062425454743, "params": {"eta": 0.6110840348602264, "max_depth": 17.729724980016734, "n_estimators": 14.959635270724364}, "datetime": {"datetime": "2021-09-20 19:27:13", "elapsed": 16.53118, "delta": 0.497588}}
{"target": 0.8344384227158084, "params": {"eta": 0.40833996151428253, "max_depth": 20.960974761105593, "n_estimators": 16.903562158563467}, "datetime": {"datetime": "2021-09-20 19:27:14", "elapsed": 17.014186, "delta": 0.483006}}
{"target": 0.7290543775734123, "params": {"eta": 0.7801103498187315, "max_depth": 20.268387359032065, "n_estimators": 44.24008648503893}, "datetime": {"datetime": "2021-09-20 19:27:14", "elapsed": 17.621819, "delta": 0.607633}}
{"target": 0.8400984846757928, "params": {"eta": 0.4082120104489817, "max_depth": 14.217083004300891, "n_estimators": 49.006262162990694}, "datetime": {"datetime": "2021-09-20 19:27:15", "elapsed": 18.268817, "delta": 0.646998}}
{"target": -1.6899363994431176, "params": {"eta": 0.01, "max_depth": 16.828205981051003, "n_estimators": 45.957657525917895}, "datetime": {"datetime": "2021-09-20 19:27:15", "elapsed": 18.783679, "delta": 0.514862}}
{"target": 0.22966151338692486, "params": {"eta": 0.0635103742004963, "max_depth": 3.6831910264320524, "n_estimators": 19.909217089242187}, "datetime": {"datetime": "2021-09-20 19:27:16", "elapsed": 19.19668, "delta": 0.413001}}
{"target": 0.7601105594764597, "params": {"eta": 0.5805473074871228, "max_depth": 1.0271977501434018, "n_estimators": 7.606925421232463}, "datetime": {"datetime": "2021-09-20 19:27:16", "elapsed": 19.536996, "delta": 0.340316}}
{"target": -4.147233372035334, "params": {"eta": 0.01, "max_depth": 21.0, "n_estimators": 9.713000541585645}, "datetime": {"datetime": "2021-09-20 19:27:16", "elapsed": 19.933264, "delta": 0.396268}}
{"target": 0.30581896856786217, "params": {"eta": 0.8, "max_depth": 6.290822927256188, "n_estimators": 1.0}, "datetime": {"datetime": "2021-09-20 19:27:17", "elapsed": 20.271264, "delta": 0.338}}
{"target": -3.0583192338543057, "params": {"eta": 0.01, "max_depth": 16.157518489558157, "n_estimators": 22.155555636976818}, "datetime": {"datetime": "2021-09-20 19:27:17", "elapsed": 20.667263, "delta": 0.395999}}
{"target": 0.7349646964703502, "params": {"eta": 0.8, "max_depth": 10.028129241042157, "n_estimators": 21.861538992424}, "datetime": {"datetime": "2021-09-20 19:27:18", "elapsed": 21.172261, "delta": 0.504998}}
{"target": 0.7109256127874155, "params": {"eta": 0.8, "max_depth": 17.354672713312976, "n_estimators": 35.707594533705596}, "datetime": {"datetime": "2021-09-20 19:27:18", "elapsed": 21.633478, "delta": 0.461217}}
{"target": 0.7272731578649978, "params": {"eta": 0.8, "max_depth": 8.12409209367105, "n_estimators": 4.487153220695254}, "datetime": {"datetime": "2021-09-20 19:27:19", "elapsed": 22.002482, "delta": 0.369004}}
{"target": -3.632921079578697, "params": {"eta": 0.1421679881444847, "max_depth": 9.786276563119355, "n_estimators": 1.2739185546008884}, "datetime": {"datetime": "2021-09-20 19:27:19", "elapsed": 22.37848, "delta": 0.375998}}
{"target": 0.7622182825977015, "params": {"eta": 0.8, "max_depth": 6.803836061543278, "n_estimators": 7.354375703725995}, "datetime": {"datetime": "2021-09-20 19:27:19", "elapsed": 22.79048, "delta": 0.412}}
{"target": -1.6899363994431176, "params": {"eta": 0.01, "max_depth": 11.557957883128154, "n_estimators": 45.919771963458444}, "datetime": {"datetime": "2021-09-20 19:27:20", "elapsed": 23.377483, "delta": 0.587003}}
{"target": -3.5276895389619787, "params": {"eta": 0.01, "max_depth": 15.836738746392129, "n_estimators": 16.986026251640954}, "datetime": {"datetime": "2021-09-20 19:27:20", "elapsed": 23.761078, "delta": 0.383595}}
{"target": 0.33032988614725545, "params": {"eta": 0.03274688462266537, "max_depth": 4.411851082926203, "n_estimators": 40.1727895544659}, "datetime": {"datetime": "2021-09-20 19:27:21", "elapsed": 24.803085, "delta": 1.042007}}
{"target": 0.8308663737811086, "params": {"eta": 0.28166715591749425, "max_depth": 9.875629937668315, "n_estimators": 19.836128084802013}, "datetime": {"datetime": "2021-09-20 19:27:22", "elapsed": 25.401746, "delta": 0.598661}}
{"target": 0.7156739056300481, "params": {"eta": 0.7893924729019874, "max_depth": 19.701397951690826, "n_estimators": 15.280271964502505}, "datetime": {"datetime": "2021-09-20 19:27:23", "elapsed": 26.052967, "delta": 0.651221}}
{"target": 0.7892266052972404, "params": {"eta": 0.6441615611328343, "max_depth": 11.358414840244688, "n_estimators": 16.895463538991777}, "datetime": {"datetime": "2021-09-20 19:27:23", "elapsed": 26.628583, "delta": 0.575616}}
{"target": 0.8461061750080578, "params": {"eta": 0.372990652328777, "max_depth": 3.2905375059343203, "n_estimators": 16.386924769460173}, "datetime": {"datetime": "2021-09-20 19:27:24", "elapsed": 27.089586, "delta": 0.461003}}
{"target": 0.7384370497854902, "params": {"eta": 0.13963196952139675, "max_depth": 5.121042329258908, "n_estimators": 15.211792541932368}, "datetime": {"datetime": "2021-09-20 19:27:24", "elapsed": 27.629567, "delta": 0.539981}}
{"target": 0.7464256618662497, "params": {"eta": 0.8, "max_depth": 7.160112752645985, "n_estimators": 40.30379570639556}, "datetime": {"datetime": "2021-09-20 19:27:25", "elapsed": 28.17778, "delta": 0.548213}}
{"target": 0.7102481537395411, "params": {"eta": 0.8, "max_depth": 20.04019442983938, "n_estimators": 19.042940276245517}, "datetime": {"datetime": "2021-09-20 19:27:25", "elapsed": 28.786374, "delta": 0.608594}}
{"target": 0.7597352259307893, "params": {"eta": 0.8, "max_depth": 3.5679514147988156, "n_estimators": 8.266699205760741}, "datetime": {"datetime": "2021-09-20 19:27:26", "elapsed": 29.268382, "delta": 0.482008}}
{"target": 0.8224292062248142, "params": {"eta": 0.3049642848021902, "max_depth": 14.208664802706116, "n_estimators": 42.55564792637154}, "datetime": {"datetime": "2021-09-20 19:27:27", "elapsed": 30.001289, "delta": 0.732907}}
{"target": 0.8397635217528616, "params": {"eta": 0.16155861982206646, "max_depth": 14.506406301298329, "n_estimators": 31.40100287268173}, "datetime": {"datetime": "2021-09-20 19:27:27", "elapsed": 30.633291, "delta": 0.632002}}
{"target": 0.8296777147493121, "params": {"eta": 0.1111712719677016, "max_depth": 12.301884289364523, "n_estimators": 33.245744189386954}, "datetime": {"datetime": "2021-09-20 19:27:28", "elapsed": 31.25929, "delta": 0.625999}}
{"target": -1.4652404736902476, "params": {"eta": 0.01, "max_depth": 12.337706094235038, "n_estimators": 50.0}, "datetime": {"datetime": "2021-09-20 19:27:29", "elapsed": 32.081631, "delta": 0.822341}}
{"target": -3.7095022285743315, "params": {"eta": 0.01, "max_depth": 1.0, "n_estimators": 15.000896091967432}, "datetime": {"datetime": "2021-09-20 19:27:29", "elapsed": 32.666626, "delta": 0.584995}}
{"target": 0.8557710735690424, "params": {"eta": 0.4230222750384421, "max_depth": 4.408747301650974, "n_estimators": 12.857929179448233}, "datetime": {"datetime": "2021-09-20 19:27:30", "elapsed": 33.491249, "delta": 0.824623}}
{"target": -1.4646056323675944, "params": {"eta": 0.06090873940974723, "max_depth": 1.7679983971545523, "n_estimators": 9.627028979669683}, "datetime": {"datetime": "2021-09-20 19:27:31", "elapsed": 34.160615, "delta": 0.669366}}
{"target": 0.7094062769379963, "params": {"eta": 0.8, "max_depth": 19.33310101938432, "n_estimators": 17.18353050798197}, "datetime": {"datetime": "2021-09-20 19:27:31", "elapsed": 34.770613, "delta": 0.609998}}
{"target": 0.7544600822152973, "params": {"eta": 0.8, "max_depth": 5.834026541580151, "n_estimators": 38.76915915773949}, "datetime": {"datetime": "2021-09-20 19:27:32", "elapsed": 35.366641, "delta": 0.596028}}
{"target": 0.8551375169296197, "params": {"eta": 0.3678273972626725, "max_depth": 7.250697240538021, "n_estimators": 18.467918156448544}, "datetime": {"datetime": "2021-09-20 19:27:32", "elapsed": 35.895206, "delta": 0.528565}}
{"target": 0.7345422280329285, "params": {"eta": 0.8, "max_depth": 8.805797098936893, "n_estimators": 36.420011047723705}, "datetime": {"datetime": "2021-09-20 19:27:33", "elapsed": 36.568357, "delta": 0.673151}}
{"target": 0.7470458576539696, "params": {"eta": 0.7891153384209356, "max_depth": 5.680681237305935, "n_estimators": 9.066451469869751}, "datetime": {"datetime": "2021-09-20 19:27:34", "elapsed": 37.061358, "delta": 0.493001}}
{"target": 0.7867412048667755, "params": {"eta": 0.37772421760312613, "max_depth": 1.2406664269084113, "n_estimators": 19.110922938641444}, "datetime": {"datetime": "2021-09-20 19:27:34", "elapsed": 37.578658, "delta": 0.5173}}
{"target": 0.488585690183577, "params": {"eta": 0.32481038544391194, "max_depth": 1.0622129174265806, "n_estimators": 5.446544307506385}, "datetime": {"datetime": "2021-09-20 19:27:35", "elapsed": 37.988526, "delta": 0.409868}}
{"target": 0.7464192252628609, "params": {"eta": 0.8, "max_depth": 7.819395184291147, "n_estimators": 26.739461192871754}, "datetime": {"datetime": "2021-09-20 19:27:35", "elapsed": 38.562163, "delta": 0.573637}}
{"target": 0.8030424798290794, "params": {"eta": 0.5560939890951575, "max_depth": 10.15013970464525, "n_estimators": 26.229347480038538}, "datetime": {"datetime": "2021-09-20 19:27:36", "elapsed": 39.167164, "delta": 0.605001}}
{"target": 0.8064277378075554, "params": {"eta": 0.2664343099854108, "max_depth": 6.711255253129936, "n_estimators": 11.14370370727}, "datetime": {"datetime": "2021-09-20 19:27:36", "elapsed": 39.662913, "delta": 0.495749}}
{"target": 0.7911175428214544, "params": {"eta": 0.6756444973763748, "max_depth": 7.046120710750886, "n_estimators": 22.72808782190579}, "datetime": {"datetime": "2021-09-20 19:27:37", "elapsed": 40.157041, "delta": 0.494128}}
{"target": -0.6993117750034763, "params": {"eta": 0.04717495484124802, "max_depth": 7.9104766174652195, "n_estimators": 15.215391053100946}, "datetime": {"datetime": "2021-09-20 19:27:37", "elapsed": 40.619036, "delta": 0.461995}}
{"target": 0.7106493251805958, "params": {"eta": 0.8, "max_depth": 18.399730113625413, "n_estimators": 13.154220114704115}, "datetime": {"datetime": "2021-09-20 19:27:38", "elapsed": 41.168038, "delta": 0.549002}}
{"target": -2.3896510621622395, "params": {"eta": 0.01, "max_depth": 20.32065421951152, "n_estimators": 32.51732427112967}, "datetime": {"datetime": "2021-09-20 19:27:38", "elapsed": 41.730541, "delta": 0.562503}}
{"target": 0.7477330289683026, "params": {"eta": 0.730195159564575, "max_depth": 6.188478778800367, "n_estimators": 5.232874828074096}, "datetime": {"datetime": "2021-09-20 19:27:39", "elapsed": 42.220542, "delta": 0.490001}}
{"target": 0.7301369990652735, "params": {"eta": 0.8, "max_depth": 12.895138697118655, "n_estimators": 20.631705927095553}, "datetime": {"datetime": "2021-09-20 19:27:39", "elapsed": 42.846541, "delta": 0.625999}}
{"target": 0.7879298082175366, "params": {"eta": 0.6451817815644482, "max_depth": 8.739359999402936, "n_estimators": 49.66202137466438}, "datetime": {"datetime": "2021-09-20 19:27:40", "elapsed": 43.427541, "delta": 0.581}}
{"target": -0.5161717447422638, "params": {"eta": 0.031180211472242057, "max_depth": 6.15199926730622, "n_estimators": 25.04875674070212}, "datetime": {"datetime": "2021-09-20 19:27:41", "elapsed": 43.981299, "delta": 0.553758}}
{"target": 0.7170586222742987, "params": {"eta": 0.8, "max_depth": 16.0683024143189, "n_estimators": 50.0}, "datetime": {"datetime": "2021-09-20 19:27:41", "elapsed": 44.548296, "delta": 0.566997}}
{"target": 0.7170586222742987, "params": {"eta": 0.8, "max_depth": 16.416778846087052, "n_estimators": 40.18813362276391}, "datetime": {"datetime": "2021-09-20 19:27:42", "elapsed": 45.0883, "delta": 0.540004}}
{"target": -4.438288178974261, "params": {"eta": 0.01, "max_depth": 8.882468094683373, "n_estimators": 6.478863904611187}, "datetime": {"datetime": "2021-09-20 19:27:42", "elapsed": 45.526933, "delta": 0.438633}}
{"target": 0.12888105735835353, "params": {"eta": 0.15250687635147156, "max_depth": 5.15226306790019, "n_estimators": 7.4816938514982745}, "datetime": {"datetime": "2021-09-20 19:27:43", "elapsed": 46.043963, "delta": 0.51703}}
{"target": 0.7439765000847978, "params": {"eta": 0.6311519748817119, "max_depth": 6.371953308553721, "n_estimators": 3.3141288092366574}, "datetime": {"datetime": "2021-09-20 19:27:43", "elapsed": 46.512598, "delta": 0.468635}}
