{"target": 0.8706642838918968, "params": {"eta": 0.42805534316022004, "max_depth": 3.0508761289401356, "n_estimators": 46.56608887963625}, "datetime": {"datetime": "2021-09-20 19:51:17", "elapsed": 1460.274986, "delta": 6.414171}}
{"target": 0.8016824170629541, "params": {"eta": 0.6034888311455509, "max_depth": 8.430807093732405, "n_estimators": 35.86463541149243}, "datetime": {"datetime": "2021-09-20 19:51:24", "elapsed": 1467.464437, "delta": 7.189451}}
{"target": 0.7905090187646308, "params": {"eta": 0.4475962356121821, "max_depth": 1.787956540301682, "n_estimators": 43.74832416039243}, "datetime": {"datetime": "2021-09-20 19:51:33", "elapsed": 1476.231323, "delta": 8.766886}}
{"target": 0.7872617070114981, "params": {"eta": 0.5698779668442373, "max_depth": 4.977363789807318, "n_estimators": 11.878432159694913}, "datetime": {"datetime": "2021-09-20 19:51:41", "elapsed": 1484.595542, "delta": 8.364219}}
{"target": 0.8234023578412926, "params": {"eta": 0.49977504824479113, "max_depth": 11.611867479002397, "n_estimators": 40.97785008243731}, "datetime": {"datetime": "2021-09-20 19:51:53", "elapsed": 1496.182325, "delta": 11.586783}}
{"target": 0.8239237950643479, "params": {"eta": 0.3680328315681426, "max_depth": 20.751906650986008, "n_estimators": 13.431465006369455}, "datetime": {"datetime": "2021-09-20 19:51:56", "elapsed": 1499.654321, "delta": 3.471996}}
{"target": 0.8350576831565399, "params": {"eta": 0.2846299097667019, "max_depth": 11.044798868748575, "n_estimators": 38.94857962860872}, "datetime": {"datetime": "2021-09-20 19:52:00", "elapsed": 1503.528208, "delta": 3.873887}}
{"target": 0.76338564673385, "params": {"eta": 0.8, "max_depth": 6.439022722141474, "n_estimators": 19.233639396547936}, "datetime": {"datetime": "2021-09-20 19:52:07", "elapsed": 1510.412613, "delta": 6.884405}}
{"target": 0.7344315172574778, "params": {"eta": 0.771913435111674, "max_depth": 20.366933226944695, "n_estimators": 13.691714583368087}, "datetime": {"datetime": "2021-09-20 19:52:17", "elapsed": 1520.07691, "delta": 9.664297}}
{"target": 0.7938870781442664, "params": {"eta": 0.6749410872631787, "max_depth": 9.446570060404818, "n_estimators": 33.39746019502887}, "datetime": {"datetime": "2021-09-20 19:52:27", "elapsed": 1530.844332, "delta": 10.767422}}
{"target": 0.7265090640033777, "params": {"eta": 0.7367492007518575, "max_depth": 9.253459707236306, "n_estimators": 25.089250284685548}, "datetime": {"datetime": "2021-09-20 19:52:38", "elapsed": 1541.589332, "delta": 10.745}}
{"target": 0.7710590330689145, "params": {"eta": 0.1789043962621134, "max_depth": 20.428713975881337, "n_estimators": 13.811270349292906}, "datetime": {"datetime": "2021-09-20 19:52:48", "elapsed": 1551.143252, "delta": 9.55392}}
{"target": 0.8481372783499597, "params": {"eta": 0.4460924296585691, "max_depth": 4.7059720441030475, "n_estimators": 15.495693674832072}, "datetime": {"datetime": "2021-09-20 19:52:56", "elapsed": 1559.86334, "delta": 8.720088}}
{"target": 0.8383895111228407, "params": {"eta": 0.186860602661594, "max_depth": 13.587791255310004, "n_estimators": 34.678609107890864}, "datetime": {"datetime": "2021-09-20 19:53:07", "elapsed": 1570.640526, "delta": 10.777186}}
{"target": 0.8051325338046271, "params": {"eta": 0.20388475228776248, "max_depth": 12.34272209812171, "n_estimators": 13.52759283795607}, "datetime": {"datetime": "2021-09-20 19:53:17", "elapsed": 1580.592372, "delta": 9.951846}}
{"target": 0.851719121948283, "params": {"eta": 0.45334074508594346, "max_depth": 6.799822646116024, "n_estimators": 26.467445974724836}, "datetime": {"datetime": "2021-09-20 19:53:21", "elapsed": 1584.453044, "delta": 3.860672}}
{"target": -0.35606160206670956, "params": {"eta": 0.019603487676378067, "max_depth": 2.4951071321207583, "n_estimators": 45.75581328474604}, "datetime": {"datetime": "2021-09-20 19:53:29", "elapsed": 1592.564054, "delta": 8.11101}}
{"target": 0.6758908103714552, "params": {"eta": 0.1801622483674776, "max_depth": 16.209058792642434, "n_estimators": 10.475174521467123}, "datetime": {"datetime": "2021-09-20 19:53:33", "elapsed": 1596.165978, "delta": 3.601924}}
{"target": 0.7860387535629629, "params": {"eta": 0.7519057033943233, "max_depth": 2.8803315404378695, "n_estimators": 45.41279707400933}, "datetime": {"datetime": "2021-09-20 19:53:46", "elapsed": 1609.120504, "delta": 12.954526}}
{"target": 0.79052148916239, "params": {"eta": 0.6190393302559543, "max_depth": 9.464440562260558, "n_estimators": 21.146353137279025}, "datetime": {"datetime": "2021-09-20 19:53:54", "elapsed": 1617.872681, "delta": 8.752177}}
{"target": 0.7894457350186673, "params": {"eta": 0.5705218398768525, "max_depth": 6.6295463735694105, "n_estimators": 40.810872270135015}, "datetime": {"datetime": "2021-09-20 19:54:04", "elapsed": 1627.111262, "delta": 9.238581}}
{"target": 0.7574318699191646, "params": {"eta": 0.760414126836226, "max_depth": 4.753195282602793, "n_estimators": 14.24681239524037}, "datetime": {"datetime": "2021-09-20 19:54:07", "elapsed": 1630.763304, "delta": 3.652042}}
{"target": 0.8562542220184775, "params": {"eta": 0.4435626681025866, "max_depth": 15.30378732744839, "n_estimators": 30.53540542751055}, "datetime": {"datetime": "2021-09-20 20:19:23", "elapsed": 0.0, "delta": 0.0}}
{"target": 0.8717786879357359, "params": {"eta": 0.44045771456754856, "max_depth": 9.473095986778095, "n_estimators": 32.64881154026615}, "datetime": {"datetime": "2021-09-20 20:19:23", "elapsed": 0.183738, "delta": 0.183738}}
{"target": 0.8332356975466937, "params": {"eta": 0.3556938968975271, "max_depth": 18.835460015641594, "n_estimators": 48.21947526455043}, "datetime": {"datetime": "2021-09-20 20:19:24", "elapsed": 0.535737, "delta": 0.351999}}
{"target": 0.8424513974081687, "params": {"eta": 0.31291879987236443, "max_depth": 16.834500761653292, "n_estimators": 26.91585106789232}, "datetime": {"datetime": "2021-09-20 20:19:24", "elapsed": 0.750736, "delta": 0.214999}}
{"target": 0.7482583526819221, "params": {"eta": 0.45875520326420655, "max_depth": 19.51193276585322, "n_estimators": 4.48076685169646}, "datetime": {"datetime": "2021-09-20 20:19:24", "elapsed": 0.787735, "delta": 0.036999}}
{"target": 0.72325656420925, "params": {"eta": 0.07883214676421715, "max_depth": 1.4043679488065144, "n_estimators": 41.79837243184896}, "datetime": {"datetime": "2021-09-20 20:19:24", "elapsed": 0.842738, "delta": 0.055003}}
{"target": 0.7899819229969576, "params": {"eta": 0.624743833250382, "max_depth": 18.400242964936382, "n_estimators": 48.95229876940544}, "datetime": {"datetime": "2021-09-20 20:19:24", "elapsed": 1.084736, "delta": 0.241998}}
{"target": 0.7755997407362465, "params": {"eta": 0.6413352657312117, "max_depth": 10.229587245058637, "n_estimators": 39.245929638036316}, "datetime": {"datetime": "2021-09-20 20:19:24", "elapsed": 1.277735, "delta": 0.192999}}
{"target": 0.8020502233346303, "params": {"eta": 0.5386433297971932, "max_depth": 15.207140841003852, "n_estimators": 42.47260812780618}, "datetime": {"datetime": "2021-09-20 20:19:25", "elapsed": 1.647351, "delta": 0.369616}}
{"target": 0.8229974415930651, "params": {"eta": 0.19192819076407353, "max_depth": 20.150348871954566, "n_estimators": 19.779194877427773}, "datetime": {"datetime": "2021-09-20 20:19:25", "elapsed": 2.041051, "delta": 0.3937}}
{"target": 0.8438292361648936, "params": {"eta": 0.4374718053086861, "max_depth": 12.062135302264695, "n_estimators": 36.895661908645884}, "datetime": {"datetime": "2021-09-20 20:19:25", "elapsed": 2.472802, "delta": 0.431751}}
{"target": -0.2914991047724851, "params": {"eta": 0.1643172904059102, "max_depth": 6.508130017415558, "n_estimators": 5.230649031564628}, "datetime": {"datetime": "2021-09-20 20:19:26", "elapsed": 2.621801, "delta": 0.148999}}
{"target": 0.827219158835768, "params": {"eta": 0.3957227439780784, "max_depth": 20.89336531832184, "n_estimators": 38.05156088211831}, "datetime": {"datetime": "2021-09-20 20:19:26", "elapsed": 3.367628, "delta": 0.745827}}
{"target": -2.8732197018613483, "params": {"eta": 0.01, "max_depth": 1.0, "n_estimators": 27.878826888442408}, "datetime": {"datetime": "2021-09-20 20:19:27", "elapsed": 3.788742, "delta": 0.421114}}
{"target": -1.7020043663508506, "params": {"eta": 0.01, "max_depth": 1.0, "n_estimators": 50.0}, "datetime": {"datetime": "2021-09-20 20:19:27", "elapsed": 4.134177, "delta": 0.345435}}
{"target": -3.9624780407975884, "params": {"eta": 0.01, "max_depth": 21.0, "n_estimators": 11.9022462735732}, "datetime": {"datetime": "2021-09-20 20:19:27", "elapsed": 4.41818, "delta": 0.284003}}
{"target": 0.30581896856786217, "params": {"eta": 0.8, "max_depth": 15.08938271761534, "n_estimators": 1.0}, "datetime": {"datetime": "2021-09-20 20:19:28", "elapsed": 4.791178, "delta": 0.372998}}
{"target": 0.728580354471325, "params": {"eta": 0.8, "max_depth": 13.155338033198063, "n_estimators": 21.357595109172937}, "datetime": {"datetime": "2021-09-20 20:19:28", "elapsed": 5.271447, "delta": 0.480269}}
{"target": 0.7105598340501245, "params": {"eta": 0.8, "max_depth": 21.0, "n_estimators": 31.21411688057227}, "datetime": {"datetime": "2021-09-20 20:19:29", "elapsed": 5.684071, "delta": 0.412624}}
{"target": 0.7542858608038767, "params": {"eta": 0.8, "max_depth": 1.0, "n_estimators": 13.466949969779707}, "datetime": {"datetime": "2021-09-20 20:19:29", "elapsed": 6.024217, "delta": 0.340146}}
{"target": -3.610955102708224, "params": {"eta": 0.01, "max_depth": 7.5233294242004884, "n_estimators": 15.804818856039699}, "datetime": {"datetime": "2021-09-20 20:19:29", "elapsed": 6.420219, "delta": 0.396002}}
{"target": -1.597585554138345, "params": {"eta": 0.01, "max_depth": 11.415110442809661, "n_estimators": 47.89509205336883}, "datetime": {"datetime": "2021-09-20 20:19:30", "elapsed": 6.792219, "delta": 0.372}}
{"target": 0.7105598287829455, "params": {"eta": 0.8, "max_depth": 21.0, "n_estimators": 24.364845256184395}, "datetime": {"datetime": "2021-09-20 20:19:30", "elapsed": 7.226837, "delta": 0.434618}}
{"target": 0.755007621592869, "params": {"eta": 0.8, "max_depth": 4.60735305484925, "n_estimators": 37.180909124809375}, "datetime": {"datetime": "2021-09-20 20:19:31", "elapsed": 7.587839, "delta": 0.361002}}
{"target": -0.12251454019332964, "params": {"eta": 0.7360215263255491, "max_depth": 1.1904574215237553, "n_estimators": 1.1380518293684994}, "datetime": {"datetime": "2021-09-20 20:19:31", "elapsed": 7.870808, "delta": 0.282969}}
{"target": 0.7917274046346566, "params": {"eta": 0.7033803648437329, "max_depth": 20.865045593367334, "n_estimators": 43.086759305771764}, "datetime": {"datetime": "2021-09-20 20:19:31", "elapsed": 8.343958, "delta": 0.47315}}
{"target": -1.2831394980269009, "params": {"eta": 0.44359173320483297, "max_depth": 20.917679080312155, "n_estimators": 1.0176206515699557}, "datetime": {"datetime": "2021-09-20 20:19:32", "elapsed": 8.663959, "delta": 0.320001}}
{"target": 0.7332299155106818, "params": {"eta": 0.8, "max_depth": 11.43279391468799, "n_estimators": 26.73118493027794}, "datetime": {"datetime": "2021-09-20 20:19:32", "elapsed": 9.115958, "delta": 0.451999}}
{"target": -2.2113415217131114, "params": {"eta": 0.01, "max_depth": 16.953315279514978, "n_estimators": 35.71020633923872}, "datetime": {"datetime": "2021-09-20 20:19:33", "elapsed": 9.529957, "delta": 0.413999}}
{"target": -3.0583192338543057, "params": {"eta": 0.01, "max_depth": 17.05259995319148, "n_estimators": 22.473726761102068}, "datetime": {"datetime": "2021-09-20 20:19:33", "elapsed": 9.883497, "delta": 0.35354}}
{"target": 0.7205455408211316, "params": {"eta": 0.789716800526798, "max_depth": 14.380263218900495, "n_estimators": 28.0654483344805}, "datetime": {"datetime": "2021-09-20 20:19:33", "elapsed": 10.462723, "delta": 0.579226}}
{"target": 0.819563337518606, "params": {"eta": 0.5229625346795225, "max_depth": 9.16399941728043, "n_estimators": 36.11724366797181}, "datetime": {"datetime": "2021-09-20 20:19:34", "elapsed": 11.03072, "delta": 0.567997}}
{"target": 0.8080125703503972, "params": {"eta": 0.10162950513909196, "max_depth": 18.860003955826084, "n_estimators": 29.10564178036434}, "datetime": {"datetime": "2021-09-20 20:19:35", "elapsed": 11.636718, "delta": 0.605998}}
{"target": -0.22857314056690248, "params": {"eta": 0.02080756527940281, "max_depth": 17.77178180869711, "n_estimators": 44.747020613185654}, "datetime": {"datetime": "2021-09-20 20:19:35", "elapsed": 12.153403, "delta": 0.516685}}
{"target": -2.512017999472016, "params": {"eta": 0.01, "max_depth": 11.774637828136719, "n_estimators": 30.33416492011545}, "datetime": {"datetime": "2021-09-20 20:19:36", "elapsed": 12.637399, "delta": 0.483996}}
{"target": 0.8137364237300982, "params": {"eta": 0.5247306802225985, "max_depth": 16.92828068147396, "n_estimators": 28.898232933429927}, "datetime": {"datetime": "2021-09-20 20:19:36", "elapsed": 13.328403, "delta": 0.691004}}
{"target": 0.7963498192662386, "params": {"eta": 0.699473529130172, "max_depth": 7.197954116158328, "n_estimators": 33.97886775654871}, "datetime": {"datetime": "2021-09-20 20:19:37", "elapsed": 13.959064, "delta": 0.630661}}
{"target": 0.7332299180239912, "params": {"eta": 0.8, "max_depth": 11.245526421018079, "n_estimators": 23.756132104195217}, "datetime": {"datetime": "2021-09-20 20:19:38", "elapsed": 14.55039, "delta": 0.591326}}
{"target": 0.7285803637182471, "params": {"eta": 0.8, "max_depth": 13.134535532448075, "n_estimators": 40.2250523855974}, "datetime": {"datetime": "2021-09-20 20:19:38", "elapsed": 15.100389, "delta": 0.549999}}
{"target": 0.7105598310403084, "params": {"eta": 0.8, "max_depth": 21.0, "n_estimators": 27.393680252920394}, "datetime": {"datetime": "2021-09-20 20:19:39", "elapsed": 15.647233, "delta": 0.546844}}
{"target": 0.7990738263295456, "params": {"eta": 0.6120246150701694, "max_depth": 4.972383172048661, "n_estimators": 40.54470811504181}, "datetime": {"datetime": "2021-09-20 20:19:39", "elapsed": 16.07541, "delta": 0.428177}}
{"target": 0.7951287358182965, "params": {"eta": 0.500211462998025, "max_depth": 1.18811419500532, "n_estimators": 38.18776906123239}, "datetime": {"datetime": "2021-09-20 20:19:39", "elapsed": 16.490402, "delta": 0.414992}}
{"target": 0.7106569694057778, "params": {"eta": 0.8, "max_depth": 18.922891991896286, "n_estimators": 40.66700810808083}, "datetime": {"datetime": "2021-09-20 20:19:40", "elapsed": 17.035414, "delta": 0.545012}}
{"target": 0.8054767013781771, "params": {"eta": 0.6735660317551736, "max_depth": 16.19107505742874, "n_estimators": 5.586721575990184}, "datetime": {"datetime": "2021-09-20 20:19:40", "elapsed": 17.439093, "delta": 0.403679}}
{"target": 0.712958167763283, "params": {"eta": 0.8, "max_depth": 1.0, "n_estimators": 9.782607203965387}, "datetime": {"datetime": "2021-09-20 20:19:41", "elapsed": 17.837299, "delta": 0.398206}}
{"target": -4.641800766139532, "params": {"eta": 0.01, "max_depth": 12.611942823892951, "n_estimators": 4.854369187916662}, "datetime": {"datetime": "2021-09-20 20:19:41", "elapsed": 18.2503, "delta": 0.413001}}
{"target": 0.7180161931909242, "params": {"eta": 0.7872498558940495, "max_depth": 17.95925026368546, "n_estimators": 7.115214392038819}, "datetime": {"datetime": "2021-09-20 20:19:42", "elapsed": 18.661299, "delta": 0.410999}}
{"target": 0.7345422230261636, "params": {"eta": 0.8, "max_depth": 8.14105777439516, "n_estimators": 42.43160825061342}, "datetime": {"datetime": "2021-09-20 20:19:42", "elapsed": 19.286296, "delta": 0.624997}}
{"target": 0.8504421211841775, "params": {"eta": 0.23359575120724416, "max_depth": 4.76125874591753, "n_estimators": 44.04766495488224}, "datetime": {"datetime": "2021-09-20 20:19:43", "elapsed": 19.725301, "delta": 0.439005}}
{"target": 0.8470836805197236, "params": {"eta": 0.12583186216775302, "max_depth": 20.974331112498614, "n_estimators": 49.83430955455849}, "datetime": {"datetime": "2021-09-20 20:19:43", "elapsed": 20.423297, "delta": 0.697996}}
{"target": 0.7881912723329019, "params": {"eta": 0.5908179824878512, "max_depth": 1.804746959229159, "n_estimators": 34.65365264582947}, "datetime": {"datetime": "2021-09-20 20:19:44", "elapsed": 20.845301, "delta": 0.422004}}
{"target": 0.7521562874682223, "params": {"eta": 0.7300704996170441, "max_depth": 7.978748689973311, "n_estimators": 25.325599119194504}, "datetime": {"datetime": "2021-09-20 20:19:44", "elapsed": 21.304303, "delta": 0.459002}}
{"target": -2.851121888135994, "params": {"eta": 0.04480482299916838, "max_depth": 1.1735109759892417, "n_estimators": 6.101317727920444}, "datetime": {"datetime": "2021-09-20 20:19:45", "elapsed": 21.693297, "delta": 0.388994}}
{"target": 0.7862997544596925, "params": {"eta": 0.6901845917695044, "max_depth": 6.432111581001178, "n_estimators": 30.620413067549663}, "datetime": {"datetime": "2021-09-20 20:19:45", "elapsed": 22.169297, "delta": 0.476}}
{"target": -1.834901297180211, "params": {"eta": 0.01, "max_depth": 11.610037942400481, "n_estimators": 42.753733187737964}, "datetime": {"datetime": "2021-09-20 20:19:46", "elapsed": 22.729301, "delta": 0.560004}}
{"target": -2.0436836738671698, "params": {"eta": 0.01, "max_depth": 7.344703340076232, "n_estimators": 38.881852344311}, "datetime": {"datetime": "2021-09-20 20:19:46", "elapsed": 23.2163, "delta": 0.486999}}
{"target": 0.026907729248528356, "params": {"eta": 0.032983148127858894, "max_depth": 4.387704416997533, "n_estimators": 32.91384308509499}, "datetime": {"datetime": "2021-09-20 20:19:47", "elapsed": 23.660298, "delta": 0.443998}}
{"target": 0.8035946061425964, "params": {"eta": 0.7636096911145415, "max_depth": 2.7173995814639675, "n_estimators": 39.9287270403664}, "datetime": {"datetime": "2021-09-20 20:19:47", "elapsed": 24.119299, "delta": 0.459001}}
{"target": 0.8460460936818514, "params": {"eta": 0.4080647797624938, "max_depth": 3.322985583514494, "n_estimators": 11.443544561609269}, "datetime": {"datetime": "2021-09-20 20:19:48", "elapsed": 24.530302, "delta": 0.411003}}
{"target": 0.7791952128282951, "params": {"eta": 0.6395261793940734, "max_depth": 8.929161842579223, "n_estimators": 21.89166495553422}, "datetime": {"datetime": "2021-09-20 20:19:48", "elapsed": 25.073296, "delta": 0.542994}}
{"target": 0.773656491906202, "params": {"eta": 0.10732591595840356, "max_depth": 5.806572421544544, "n_estimators": 22.69958950121495}, "datetime": {"datetime": "2021-09-20 20:19:49", "elapsed": 25.530296, "delta": 0.457}}
{"target": 0.7758257717091842, "params": {"eta": 0.8, "max_depth": 2.5841157417776115, "n_estimators": 20.966743631809525}, "datetime": {"datetime": "2021-09-20 20:19:49", "elapsed": 25.958295, "delta": 0.427999}}
{"target": 0.7651113358319676, "params": {"eta": 0.8, "max_depth": 1.0, "n_estimators": 17.798708042550675}, "datetime": {"datetime": "2021-09-20 20:19:49", "elapsed": 26.346297, "delta": 0.388002}}
{"target": 0.7826708219149489, "params": {"eta": 0.8, "max_depth": 1.7401286443626856, "n_estimators": 44.725733918297365}, "datetime": {"datetime": "2021-09-20 20:19:50", "elapsed": 26.860299, "delta": 0.514002}}
{"target": 0.7105598393172994, "params": {"eta": 0.8, "max_depth": 21.0, "n_estimators": 46.448939753140614}, "datetime": {"datetime": "2021-09-20 20:19:50", "elapsed": 27.4733, "delta": 0.613001}}
{"target": 0.7285782059440001, "params": {"eta": 0.8, "max_depth": 13.463674643889602, "n_estimators": 17.923144573882155}, "datetime": {"datetime": "2021-09-20 20:19:51", "elapsed": 28.067298, "delta": 0.593998}}
{"target": 0.8253797599379404, "params": {"eta": 0.23325898056221434, "max_depth": 11.238098854608001, "n_estimators": 19.833708396067124}, "datetime": {"datetime": "2021-09-20 20:19:52", "elapsed": 28.602158, "delta": 0.53486}}
{"target": 0.7136541557779053, "params": {"eta": 0.8, "max_depth": 14.425242988967923, "n_estimators": 14.397893440292634}, "datetime": {"datetime": "2021-09-20 20:19:52", "elapsed": 29.209163, "delta": 0.607005}}
{"target": 0.7170614927461361, "params": {"eta": 0.8, "max_depth": 16.99803652864593, "n_estimators": 16.8517719265972}, "datetime": {"datetime": "2021-09-20 20:19:53", "elapsed": 29.769803, "delta": 0.56064}}
{"target": 0.8524276346006803, "params": {"eta": 0.3197245539010404, "max_depth": 20.881796119748792, "n_estimators": 17.575174611768283}, "datetime": {"datetime": "2021-09-20 20:19:53", "elapsed": 30.313196, "delta": 0.543393}}
{"target": 0.763832460078499, "params": {"eta": 0.7997093206226913, "max_depth": 6.396310656331888, "n_estimators": 46.42927145051943}, "datetime": {"datetime": "2021-09-20 20:19:54", "elapsed": 30.925198, "delta": 0.612002}}
{"target": 0.7136736887284469, "params": {"eta": 0.8, "max_depth": 14.239733651947981, "n_estimators": 11.010031151315836}, "datetime": {"datetime": "2021-09-20 20:19:54", "elapsed": 31.431197, "delta": 0.505999}}
{"target": -1.788906338628169, "params": {"eta": 0.01073109387573071, "max_depth": 16.032520091962354, "n_estimators": 40.11793466704238}, "datetime": {"datetime": "2021-09-20 20:19:55", "elapsed": 31.935579, "delta": 0.504382}}
{"target": 0.831030627249485, "params": {"eta": 0.3752499725287962, "max_depth": 20.918778405266472, "n_estimators": 40.321298443130246}, "datetime": {"datetime": "2021-09-20 20:19:56", "elapsed": 32.772307, "delta": 0.836728}}
{"target": 0.8192709749688366, "params": {"eta": 0.10596197428456922, "max_depth": 6.5851355334307184, "n_estimators": 27.87838211354178}, "datetime": {"datetime": "2021-09-20 20:19:56", "elapsed": 33.227306, "delta": 0.454999}}
{"target": 0.7369106923118443, "params": {"eta": 0.736711880751127, "max_depth": 10.924553220752461, "n_estimators": 34.613487266880576}, "datetime": {"datetime": "2021-09-20 20:19:57", "elapsed": 33.774897, "delta": 0.547591}}
{"target": 0.7631141292749457, "params": {"eta": 0.8, "max_depth": 6.4880375298025985, "n_estimators": 50.0}, "datetime": {"datetime": "2021-09-20 20:19:57", "elapsed": 34.339401, "delta": 0.564504}}
