{"target": 0.8320895858330095, "params": {"eta": 0.4663777519128932, "max_depth": 4.443465345415427, "n_estimators": 59.208978322699885}, "datetime": {"datetime": "2021-09-21 08:06:59", "elapsed": 84.589359, "delta": 0.80165}}
{"target": 0.8141417547224374, "params": {"eta": 0.47914451689027415, "max_depth": 3.9570283184301123, "n_estimators": 47.7712700499356}, "datetime": {"datetime": "2021-09-21 08:06:59", "elapsed": 85.321361, "delta": 0.732002}}
{"target": 0.8671019789929555, "params": {"eta": 0.21965661929254413, "max_depth": 4.959084243321602, "n_estimators": 51.40757236921876}, "datetime": {"datetime": "2021-09-21 08:07:00", "elapsed": 86.211084, "delta": 0.889723}}
{"target": 0.8386540898255952, "params": {"eta": 0.1390526602830697, "max_depth": 11.728704627374908, "n_estimators": 37.25239924037555}, "datetime": {"datetime": "2021-09-21 08:07:01", "elapsed": 87.126592, "delta": 0.915508}}
{"target": 0.854250438222709, "params": {"eta": 0.15802857620770105, "max_depth": 5.616345044512646, "n_estimators": 50.79428206357335}, "datetime": {"datetime": "2021-09-21 08:07:02", "elapsed": 87.996594, "delta": 0.870002}}
{"target": 0.8619082099015672, "params": {"eta": 0.3027213695088494, "max_depth": 4.154604163512193, "n_estimators": 47.88252238553338}, "datetime": {"datetime": "2021-09-21 08:07:03", "elapsed": 88.716246, "delta": 0.719652}}
{"target": 0.843467598038281, "params": {"eta": 0.45192686991195874, "max_depth": 11.415580237841187, "n_estimators": 37.17277171567983}, "datetime": {"datetime": "2021-09-21 08:07:04", "elapsed": 89.588782, "delta": 0.872536}}
{"target": 0.8632007757811233, "params": {"eta": 0.4602040917113114, "max_depth": 5.961674196511048, "n_estimators": 48.58860447469863}, "datetime": {"datetime": "2021-09-21 08:07:05", "elapsed": 90.558251, "delta": 0.969469}}
{"target": 0.8510600177283566, "params": {"eta": 0.3029184700740524, "max_depth": 4.196062458566223, "n_estimators": 47.94733830432536}, "datetime": {"datetime": "2021-09-21 08:07:05", "elapsed": 91.326501, "delta": 0.76825}}
{"target": 0.8593039650173921, "params": {"eta": 0.27715423002671424, "max_depth": 4.904216284931642, "n_estimators": 51.32678135624221}, "datetime": {"datetime": "2021-09-21 08:07:06", "elapsed": 92.230519, "delta": 0.904018}}
{"target": 0.856130592279059, "params": {"eta": 0.2109219627586866, "max_depth": 5.178170279874408, "n_estimators": 51.641829500651845}, "datetime": {"datetime": "2021-09-21 08:07:07", "elapsed": 93.181654, "delta": 0.951135}}
{"target": 0.8594977130260033, "params": {"eta": 0.1615612556682845, "max_depth": 4.113922816604699, "n_estimators": 47.923576928443566}, "datetime": {"datetime": "2021-09-21 08:07:08", "elapsed": 94.285085, "delta": 1.103431}}
{"target": 0.8697125823749798, "params": {"eta": 0.18410306444413072, "max_depth": 4.871251727783861, "n_estimators": 51.333776276876726}, "datetime": {"datetime": "2021-09-21 08:07:09", "elapsed": 95.305085, "delta": 1.02}}
{"target": 0.8531237019980895, "params": {"eta": 0.33208182867391567, "max_depth": 4.968896899660344, "n_estimators": 51.238845009748786}, "datetime": {"datetime": "2021-09-21 08:07:10", "elapsed": 96.138759, "delta": 0.833674}}
{"target": 0.8615041998093298, "params": {"eta": 0.12259577148126546, "max_depth": 4.955222398196438, "n_estimators": 51.528517364672595}, "datetime": {"datetime": "2021-09-21 08:07:11", "elapsed": 97.025573, "delta": 0.886814}}
{"target": 0.8667695068807835, "params": {"eta": 0.17199543207693338, "max_depth": 6.358671388573406, "n_estimators": 50.620429464103005}, "datetime": {"datetime": "2021-09-21 08:07:12", "elapsed": 97.986568, "delta": 0.960995}}
{"target": 0.8339936918601049, "params": {"eta": 0.27382001784357424, "max_depth": 5.882223483516934, "n_estimators": 20.762219093281253}, "datetime": {"datetime": "2021-09-21 08:07:13", "elapsed": 98.755568, "delta": 0.769}}
{"target": 0.8634142966539575, "params": {"eta": 0.1915042474653148, "max_depth": 4.960217688290429, "n_estimators": 51.526178935167096}, "datetime": {"datetime": "2021-09-21 08:07:14", "elapsed": 99.921572, "delta": 1.166004}}
{"target": 0.8388048229312424, "params": {"eta": 0.4873130907194613, "max_depth": 6.160168298128862, "n_estimators": 58.97033772345993}, "datetime": {"datetime": "2021-09-21 08:07:15", "elapsed": 100.813127, "delta": 0.891555}}
{"target": 0.8536502686004146, "params": {"eta": 0.3582206568842684, "max_depth": 5.438243361856971, "n_estimators": 48.820020875756796}, "datetime": {"datetime": "2021-09-21 08:07:16", "elapsed": 101.687128, "delta": 0.874001}}
{"target": 0.8272464601744466, "params": {"eta": 0.4898208937462536, "max_depth": 3.7820534109487918, "n_estimators": 38.2871835184367}, "datetime": {"datetime": "2021-09-21 08:07:17", "elapsed": 102.372255, "delta": 0.685127}}
{"target": 0.8538184464052392, "params": {"eta": 0.19996826823048586, "max_depth": 5.062292474625507, "n_estimators": 51.68233419527319}, "datetime": {"datetime": "2021-09-21 08:07:17", "elapsed": 103.235123, "delta": 0.862868}}
{"target": 0.8608587150167729, "params": {"eta": 0.1766759185470499, "max_depth": 4.865533127038903, "n_estimators": 51.58243059911403}, "datetime": {"datetime": "2021-09-21 08:07:18", "elapsed": 104.142124, "delta": 0.907001}}
{"target": 0.8440504546837111, "params": {"eta": 0.308784488608418, "max_depth": 12.130644015096557, "n_estimators": 40.41525301013216}, "datetime": {"datetime": "2021-09-21 08:07:19", "elapsed": 104.976858, "delta": 0.834734}}
{"target": 0.8508922994861652, "params": {"eta": 0.2233888612238483, "max_depth": 4.08253591261259, "n_estimators": 47.812885103319196}, "datetime": {"datetime": "2021-09-21 08:07:20", "elapsed": 105.893865, "delta": 0.917007}}
{"target": 0.8666417196883045, "params": {"eta": 0.14233407785823143, "max_depth": 4.901236607062964, "n_estimators": 51.37569624166767}, "datetime": {"datetime": "2021-09-21 08:07:21", "elapsed": 106.917117, "delta": 1.023252}}
{"target": 0.8307317099105318, "params": {"eta": 0.23446572277322827, "max_depth": 9.337362958482238, "n_estimators": 24.69613318862347}, "datetime": {"datetime": "2021-09-21 08:07:22", "elapsed": 107.641114, "delta": 0.723997}}
{"target": 0.8531324329578502, "params": {"eta": 0.10835898719497448, "max_depth": 4.813625403796406, "n_estimators": 51.627157310964925}, "datetime": {"datetime": "2021-09-21 08:07:23", "elapsed": 108.548834, "delta": 0.90772}}
{"target": 0.8460068786066826, "params": {"eta": 0.22428324598740704, "max_depth": 5.047700341580873, "n_estimators": 51.43294980371843}, "datetime": {"datetime": "2021-09-21 08:07:24", "elapsed": 109.490239, "delta": 0.941405}}
{"target": 0.8552439239771212, "params": {"eta": 0.289104771731813, "max_depth": 5.667277042175394, "n_estimators": 50.818200800511995}, "datetime": {"datetime": "2021-09-21 08:07:25", "elapsed": 110.452596, "delta": 0.962357}}
{"target": 0.8679005960576118, "params": {"eta": 0.34806856840793654, "max_depth": 4.724213985240953, "n_estimators": 51.41218014150117}, "datetime": {"datetime": "2021-09-21 08:07:26", "elapsed": 111.36906, "delta": 0.916464}}
{"target": 0.8759436302745485, "params": {"eta": 0.19034496610668308, "max_depth": 4.84929995710822, "n_estimators": 51.17735905696729}, "datetime": {"datetime": "2021-09-21 08:07:26", "elapsed": 112.278059, "delta": 0.908999}}
{"target": 0.8568566613883467, "params": {"eta": 0.3086769222843504, "max_depth": 4.999340981234354, "n_estimators": 50.99101311155157}, "datetime": {"datetime": "2021-09-21 08:07:27", "elapsed": 113.278079, "delta": 1.00002}}
{"target": 0.800465366608641, "params": {"eta": 0.20568908335043284, "max_depth": 2.0171224061467585, "n_estimators": 32.79157854672029}, "datetime": {"datetime": "2021-09-21 08:07:28", "elapsed": 113.96106, "delta": 0.682981}}
{"target": 0.851942428895642, "params": {"eta": 0.32900756131124365, "max_depth": 5.046567056029635, "n_estimators": 51.69160332292069}, "datetime": {"datetime": "2021-09-21 08:07:29", "elapsed": 115.066109, "delta": 1.105049}}
{"target": 0.8553696025416874, "params": {"eta": 0.20230549457338098, "max_depth": 5.068175570220875, "n_estimators": 51.563859625594766}, "datetime": {"datetime": "2021-09-21 08:07:30", "elapsed": 116.225062, "delta": 1.158953}}
{"target": 0.8284436255602966, "params": {"eta": 0.4831169203537512, "max_depth": 3.202729114505428, "n_estimators": 41.170583167486996}, "datetime": {"datetime": "2021-09-21 08:07:31", "elapsed": 116.907698, "delta": 0.682636}}
{"target": 0.8605857810718724, "params": {"eta": 0.2736047424783531, "max_depth": 4.146036147197844, "n_estimators": 47.85849755680954}, "datetime": {"datetime": "2021-09-21 08:07:32", "elapsed": 118.009695, "delta": 1.101997}}
{"target": 0.854753102016297, "params": {"eta": 0.2772763348744687, "max_depth": 4.769824546072061, "n_estimators": 51.39982233040487}, "datetime": {"datetime": "2021-09-21 08:07:33", "elapsed": 118.921282, "delta": 0.911587}}
{"target": 0.8583441588570838, "params": {"eta": 0.20377751216326292, "max_depth": 4.907055920516967, "n_estimators": 51.37319445716644}, "datetime": {"datetime": "2021-09-21 08:07:34", "elapsed": 119.792368, "delta": 0.871086}}
{"target": 0.8658030729202084, "params": {"eta": 0.1971283762021118, "max_depth": 10.086612759482934, "n_estimators": 38.94842413084408}, "datetime": {"datetime": "2021-09-21 08:07:35", "elapsed": 120.661556, "delta": 0.869188}}
{"target": 0.8392817476214949, "params": {"eta": 0.17519486092681055, "max_depth": 12.770919534936516, "n_estimators": 51.31279244629403}, "datetime": {"datetime": "2021-09-21 08:07:36", "elapsed": 121.665558, "delta": 1.004002}}
{"target": 0.8545502929932917, "params": {"eta": 0.12227425068258686, "max_depth": 5.042253442321076, "n_estimators": 51.14171622901415}, "datetime": {"datetime": "2021-09-21 08:07:37", "elapsed": 122.722653, "delta": 1.057095}}
{"target": 0.8639151644051121, "params": {"eta": 0.16925704268028752, "max_depth": 4.901970274666721, "n_estimators": 51.18120968308818}, "datetime": {"datetime": "2021-09-21 08:07:38", "elapsed": 123.638358, "delta": 0.915705}}
{"target": 0.8562660646975649, "params": {"eta": 0.10974532266681827, "max_depth": 4.829832871008148, "n_estimators": 51.395062789156185}, "datetime": {"datetime": "2021-09-21 08:07:39", "elapsed": 124.620181, "delta": 0.981823}}
{"target": 0.8679078668851398, "params": {"eta": 0.13190204043560416, "max_depth": 4.147838540188627, "n_estimators": 48.061816576344725}, "datetime": {"datetime": "2021-09-21 08:07:40", "elapsed": 125.595183, "delta": 0.975002}}
{"target": 0.8333613959006334, "params": {"eta": 0.2599595194064718, "max_depth": 10.087260401999076, "n_estimators": 38.974700543920164}, "datetime": {"datetime": "2021-09-21 08:07:41", "elapsed": 126.740513, "delta": 1.14533}}
{"target": 0.8490731116589, "params": {"eta": 0.38517620936666896, "max_depth": 5.174338896782598, "n_estimators": 29.165596703230978}, "datetime": {"datetime": "2021-09-21 08:07:42", "elapsed": 127.537132, "delta": 0.796619}}
{"target": 0.8492489256407431, "params": {"eta": 0.3618388729653794, "max_depth": 5.731610654045492, "n_estimators": 50.77572536532936}, "datetime": {"datetime": "2021-09-21 08:07:43", "elapsed": 128.709831, "delta": 1.172699}}
{"target": 0.8575262533887161, "params": {"eta": 0.2005698119769119, "max_depth": 4.165632565952593, "n_estimators": 47.869380405206755}, "datetime": {"datetime": "2021-09-21 08:07:44", "elapsed": 129.694605, "delta": 0.984774}}
{"target": 0.8573677557659252, "params": {"eta": 0.16242006929926905, "max_depth": 4.864486417384446, "n_estimators": 51.467224156467836}, "datetime": {"datetime": "2021-09-21 08:07:45", "elapsed": 130.646992, "delta": 0.952387}}
{"target": 0.8426657873600479, "params": {"eta": 0.10506371366951335, "max_depth": 14.995904081456466, "n_estimators": 56.875359966252915}, "datetime": {"datetime": "2021-09-21 08:07:46", "elapsed": 131.6725, "delta": 1.025508}}
{"target": 0.8590069739868719, "params": {"eta": 0.13437489269830494, "max_depth": 4.237950361589164, "n_estimators": 48.033926546726455}, "datetime": {"datetime": "2021-09-21 08:07:47", "elapsed": 132.939096, "delta": 1.266596}}
{"target": 0.8443020980976941, "params": {"eta": 0.13949670808204062, "max_depth": 10.054531268500746, "n_estimators": 38.93415778017521}, "datetime": {"datetime": "2021-09-21 08:07:48", "elapsed": 134.176228, "delta": 1.237132}}
{"target": 0.8522155893007914, "params": {"eta": 0.24274106476508953, "max_depth": 4.141054220203646, "n_estimators": 25.611478158219214}, "datetime": {"datetime": "2021-09-21 08:07:49", "elapsed": 135.011636, "delta": 0.835408}}
{"target": 0.8228390529493708, "params": {"eta": 0.4267258594000999, "max_depth": 13.10991526997437, "n_estimators": 47.14207268608471}, "datetime": {"datetime": "2021-09-21 08:07:50", "elapsed": 135.985911, "delta": 0.974275}}
{"target": 0.870491700881589, "params": {"eta": 0.2562718073074875, "max_depth": 4.91711601514893, "n_estimators": 50.94278039497477}, "datetime": {"datetime": "2021-09-21 08:07:51", "elapsed": 137.154648, "delta": 1.168737}}
{"target": 0.8434656778052638, "params": {"eta": 0.11295013514317116, "max_depth": 6.412505716821358, "n_estimators": 50.72071831104019}, "datetime": {"datetime": "2021-09-21 08:07:52", "elapsed": 138.202649, "delta": 1.048001}}
{"target": 0.8610967886932441, "params": {"eta": 0.3256298915122594, "max_depth": 4.914135591158597, "n_estimators": 51.768154971943204}, "datetime": {"datetime": "2021-09-21 08:07:53", "elapsed": 139.273781, "delta": 1.071132}}
{"target": 0.868169049199723, "params": {"eta": 0.23981951900636705, "max_depth": 4.902571249404729, "n_estimators": 51.14839595471693}, "datetime": {"datetime": "2021-09-21 08:07:55", "elapsed": 140.364782, "delta": 1.091001}}
{"target": 0.8380217493821642, "params": {"eta": 0.10012581144968019, "max_depth": 7.934470108816509, "n_estimators": 34.241988393711715}, "datetime": {"datetime": "2021-09-21 08:07:55", "elapsed": 141.184347, "delta": 0.819565}}
{"target": 0.8660199606499386, "params": {"eta": 0.18173339740526298, "max_depth": 4.746614474816551, "n_estimators": 51.164631886756894}, "datetime": {"datetime": "2021-09-21 08:07:57", "elapsed": 142.392477, "delta": 1.20813}}
{"target": 0.8382959964386184, "params": {"eta": 0.3836662968797412, "max_depth": 7.455984463114397, "n_estimators": 37.527408873693794}, "datetime": {"datetime": "2021-09-21 08:07:57", "elapsed": 143.29102, "delta": 0.898543}}
{"target": 0.8683410869232957, "params": {"eta": 0.25882070644529553, "max_depth": 4.752112831698659, "n_estimators": 51.2341225156942}, "datetime": {"datetime": "2021-09-21 08:07:59", "elapsed": 144.582853, "delta": 1.291833}}
{"target": 0.8498134224288224, "params": {"eta": 0.10516062880103814, "max_depth": 5.048660744863613, "n_estimators": 51.33686660636782}, "datetime": {"datetime": "2021-09-21 08:08:00", "elapsed": 145.783851, "delta": 1.200998}}
{"target": 0.779984958882258, "params": {"eta": 0.18159038424444415, "max_depth": 1.067734384918288, "n_estimators": 50.50449249582921}, "datetime": {"datetime": "2021-09-21 08:08:01", "elapsed": 146.601772, "delta": 0.817921}}
{"target": 0.8558028164681499, "params": {"eta": 0.20816469780594377, "max_depth": 4.671918539144784, "n_estimators": 51.24075517281255}, "datetime": {"datetime": "2021-09-21 08:08:02", "elapsed": 147.69277, "delta": 1.090998}}
{"target": 0.8481161170661169, "params": {"eta": 0.10123475226186707, "max_depth": 6.345433594900582, "n_estimators": 50.61616555700517}, "datetime": {"datetime": "2021-09-21 08:08:03", "elapsed": 148.814008, "delta": 1.121238}}
{"target": 0.8592465800655349, "params": {"eta": 0.35413333848512496, "max_depth": 4.211626249221121, "n_estimators": 39.71556846167836}, "datetime": {"datetime": "2021-09-21 08:08:04", "elapsed": 149.701667, "delta": 0.887659}}
{"target": 0.856345039646323, "params": {"eta": 0.30909074405769466, "max_depth": 4.6390016471476265, "n_estimators": 51.275445941834356}, "datetime": {"datetime": "2021-09-21 08:08:05", "elapsed": 150.847184, "delta": 1.145517}}
{"target": 0.84736935198798, "params": {"eta": 0.3417512365019708, "max_depth": 4.951685704049535, "n_estimators": 51.6579563402066}, "datetime": {"datetime": "2021-09-21 08:08:06", "elapsed": 151.917183, "delta": 1.069999}}
{"target": 0.8534323470290933, "params": {"eta": 0.26108017784593684, "max_depth": 5.053275914247912, "n_estimators": 51.097245961656796}, "datetime": {"datetime": "2021-09-21 08:08:07", "elapsed": 153.169375, "delta": 1.252192}}
{"target": 0.8282830237385675, "params": {"eta": 0.20444179428221732, "max_depth": 11.562857018596583, "n_estimators": 34.02899632473594}, "datetime": {"datetime": "2021-09-21 08:08:08", "elapsed": 154.164655, "delta": 0.99528}}
{"target": 0.8029107124054932, "params": {"eta": 0.1334750143770764, "max_depth": 3.441513850529536, "n_estimators": 23.7691521244028}, "datetime": {"datetime": "2021-09-21 08:08:09", "elapsed": 155.064862, "delta": 0.900207}}
{"target": 0.8392261281105408, "params": {"eta": 0.33746478532469715, "max_depth": 6.190812590314773, "n_estimators": 57.50766936042099}, "datetime": {"datetime": "2021-09-21 08:08:10", "elapsed": 155.994864, "delta": 0.930002}}
{"target": 0.8493889075537323, "params": {"eta": 0.3161415797558754, "max_depth": 4.780063518492211, "n_estimators": 51.32304374224815}, "datetime": {"datetime": "2021-09-21 08:08:11", "elapsed": 157.251864, "delta": 1.257}}
{"target": 0.8625671307970963, "params": {"eta": 0.24833118423563533, "max_depth": 4.95365740611992, "n_estimators": 51.760169730989105}, "datetime": {"datetime": "2021-09-21 08:08:13", "elapsed": 158.665596, "delta": 1.413732}}
{"target": 0.8739534370538657, "params": {"eta": 0.19041972962007714, "max_depth": 4.98366618747877, "n_estimators": 51.21417766955608}, "datetime": {"datetime": "2021-09-21 08:08:14", "elapsed": 160.240861, "delta": 1.575265}}
{"target": 0.8622708193206153, "params": {"eta": 0.13488372774383445, "max_depth": 4.833798637830271, "n_estimators": 51.10396698388703}, "datetime": {"datetime": "2021-09-21 08:08:16", "elapsed": 161.770565, "delta": 1.529704}}
{"target": 0.8688261287109895, "params": {"eta": 0.16606083861688492, "max_depth": 4.78935360976773, "n_estimators": 51.224645196230775}, "datetime": {"datetime": "2021-09-21 08:08:18", "elapsed": 163.568153, "delta": 1.797588}}
{"target": 0.8651925167712152, "params": {"eta": 0.43906061923995277, "max_depth": 6.041832050408207, "n_estimators": 48.56363447421683}, "datetime": {"datetime": "2021-09-21 08:08:20", "elapsed": 165.472706, "delta": 1.904553}}
{"target": 0.8619341477592994, "params": {"eta": 0.4372751799030471, "max_depth": 6.131892930831474, "n_estimators": 48.65725750595162}, "datetime": {"datetime": "2021-09-21 08:08:21", "elapsed": 166.963555, "delta": 1.490849}}
{"target": 0.860325961539307, "params": {"eta": 0.2574448581633365, "max_depth": 4.140445130100491, "n_estimators": 47.9183225253786}, "datetime": {"datetime": "2021-09-21 08:08:23", "elapsed": 168.933041, "delta": 1.969486}}
{"target": 0.8546643334004962, "params": {"eta": 0.3531777869586341, "max_depth": 4.902105547303865, "n_estimators": 51.00532582257803}, "datetime": {"datetime": "2021-09-21 08:08:25", "elapsed": 170.401477, "delta": 1.468436}}
{"target": 0.8218651053122668, "params": {"eta": 0.40000997833219354, "max_depth": 9.53187832044611, "n_estimators": 24.547109300597924}, "datetime": {"datetime": "2021-09-21 08:08:26", "elapsed": 171.65225, "delta": 1.250773}}
{"target": 0.860095602719551, "params": {"eta": 0.2925963354237162, "max_depth": 4.9084325402816305, "n_estimators": 51.07590646763359}, "datetime": {"datetime": "2021-09-21 08:08:28", "elapsed": 173.733117, "delta": 2.080867}}
{"target": 0.8662587513683203, "params": {"eta": 0.24558100050204212, "max_depth": 5.567488365719672, "n_estimators": 50.81745314935819}, "datetime": {"datetime": "2021-09-21 08:08:30", "elapsed": 175.410168, "delta": 1.677051}}
{"target": 0.8555002972810086, "params": {"eta": 0.2324057533367186, "max_depth": 4.900879606651015, "n_estimators": 51.53378233133427}, "datetime": {"datetime": "2021-09-21 08:08:31", "elapsed": 177.130687, "delta": 1.720519}}
{"target": 0.8537045284731114, "params": {"eta": 0.33921458122617454, "max_depth": 6.818327137587572, "n_estimators": 43.65983610690479}, "datetime": {"datetime": "2021-09-21 08:08:33", "elapsed": 178.414689, "delta": 1.284002}}
{"target": 0.8651915316985982, "params": {"eta": 0.26006215553725054, "max_depth": 4.998550290045344, "n_estimators": 51.51297804613558}, "datetime": {"datetime": "2021-09-21 08:08:34", "elapsed": 180.285937, "delta": 1.871248}}
{"target": 0.8661473997114315, "params": {"eta": 0.1522646401499277, "max_depth": 4.981913606421123, "n_estimators": 51.05441768722274}, "datetime": {"datetime": "2021-09-21 08:08:36", "elapsed": 182.305596, "delta": 2.019659}}
{"target": 0.8452865018665895, "params": {"eta": 0.22726245340970097, "max_depth": 4.9086642332032335, "n_estimators": 51.6316098577064}, "datetime": {"datetime": "2021-09-21 08:08:38", "elapsed": 184.306817, "delta": 2.001221}}
{"target": 0.8336033695187115, "params": {"eta": 0.4155245831349731, "max_depth": 6.556410088700243, "n_estimators": 51.71186802271808}, "datetime": {"datetime": "2021-09-21 08:08:40", "elapsed": 185.733744, "delta": 1.426927}}
{"target": 0.8660202635296843, "params": {"eta": 0.1817260703225835, "max_depth": 4.933027200276745, "n_estimators": 51.139220721146444}, "datetime": {"datetime": "2021-09-21 08:08:42", "elapsed": 187.455842, "delta": 1.722098}}
{"target": 0.8652425508640522, "params": {"eta": 0.2902608091976242, "max_depth": 4.888507389237851, "n_estimators": 50.89323728454278}, "datetime": {"datetime": "2021-09-21 08:08:43", "elapsed": 188.958773, "delta": 1.502931}}
{"target": 0.8557852736720177, "params": {"eta": 0.2662784144403295, "max_depth": 4.993666563966556, "n_estimators": 51.22631303463384}, "datetime": {"datetime": "2021-09-21 08:08:45", "elapsed": 190.811731, "delta": 1.852958}}
