{"target": 0.8509881333315137, "params": {"eta": 0.3116779866324114, "max_depth": 5.041335183372664, "n_estimators": 51.57247136390121}, "datetime": {"datetime": "2021-09-21 08:08:47", "elapsed": 193.189216, "delta": 2.377485}}
{"target": 0.8397512119738526, "params": {"eta": 0.48039747528437615, "max_depth": 6.034837657012366, "n_estimators": 48.62483462279473}, "datetime": {"datetime": "2021-09-21 08:08:49", "elapsed": 195.330125, "delta": 2.140909}}
{"target": 0.8597218574220342, "params": {"eta": 0.1876896866772525, "max_depth": 5.581568202253792, "n_estimators": 50.904314796843586}, "datetime": {"datetime": "2021-09-21 08:08:51", "elapsed": 197.021886, "delta": 1.691761}}
{"target": 0.8628928307973728, "params": {"eta": 0.11485311182893879, "max_depth": 4.87756968391921, "n_estimators": 51.514156988870766}, "datetime": {"datetime": "2021-09-21 08:08:53", "elapsed": 199.164315, "delta": 2.142429}}
{"target": 0.8579988706420849, "params": {"eta": 0.14766627879979796, "max_depth": 4.19440102537874, "n_estimators": 47.9755206942598}, "datetime": {"datetime": "2021-09-21 08:08:55", "elapsed": 200.824662, "delta": 1.660347}}
{"target": 0.8557254391466717, "params": {"eta": 0.27581690647959867, "max_depth": 3.5541467121239423, "n_estimators": 44.81760442331134}, "datetime": {"datetime": "2021-09-21 08:08:56", "elapsed": 202.232334, "delta": 1.407672}}
{"target": 0.8682254712381923, "params": {"eta": 0.21992388128013152, "max_depth": 4.799825155642062, "n_estimators": 51.27952673755473}, "datetime": {"datetime": "2021-09-21 08:08:58", "elapsed": 204.195615, "delta": 1.963281}}
{"target": 0.8466273121256684, "params": {"eta": 0.17133111617597158, "max_depth": 3.9714900481990574, "n_estimators": 47.81932983113332}, "datetime": {"datetime": "2021-09-21 08:09:00", "elapsed": 206.159115, "delta": 1.9635}}
{"target": 0.8601081300335054, "params": {"eta": 0.12306455711005637, "max_depth": 4.029143752040575, "n_estimators": 47.79041582394415}, "datetime": {"datetime": "2021-09-21 08:09:02", "elapsed": 207.912443, "delta": 1.753328}}
{"target": 0.8341543239692394, "params": {"eta": 0.2863317330357129, "max_depth": 11.55265694637938, "n_estimators": 59.23155819118131}, "datetime": {"datetime": "2021-09-21 08:09:04", "elapsed": 209.51743, "delta": 1.604987}}
{"target": 0.8102056698423157, "params": {"eta": 0.4952582846363759, "max_depth": 13.838496392117081, "n_estimators": 58.72510692953141}, "datetime": {"datetime": "2021-09-21 08:09:05", "elapsed": 211.178034, "delta": 1.660604}}
{"target": 0.8608463942853432, "params": {"eta": 0.1234915712045205, "max_depth": 4.932307502758039, "n_estimators": 51.43858509618088}, "datetime": {"datetime": "2021-09-21 08:09:07", "elapsed": 212.913099, "delta": 1.735065}}
{"target": 0.842704473711566, "params": {"eta": 0.4910758177655692, "max_depth": 5.613270573839998, "n_estimators": 50.87701703330795}, "datetime": {"datetime": "2021-09-21 08:09:09", "elapsed": 214.832753, "delta": 1.919654}}
{"target": 0.8228517607612154, "params": {"eta": 0.4001882197972373, "max_depth": 14.494193485478254, "n_estimators": 31.40917436183072}, "datetime": {"datetime": "2021-09-21 08:09:10", "elapsed": 216.321454, "delta": 1.488701}}
{"target": 0.8597267950434275, "params": {"eta": 0.3107082036518155, "max_depth": 4.748280068579575, "n_estimators": 51.48182234313617}, "datetime": {"datetime": "2021-09-21 08:09:12", "elapsed": 218.17279, "delta": 1.851336}}
{"target": 0.8396284620875787, "params": {"eta": 0.11662470927078626, "max_depth": 5.123423220102605, "n_estimators": 51.50750686019052}, "datetime": {"datetime": "2021-09-21 08:09:14", "elapsed": 219.947322, "delta": 1.774532}}
{"target": 0.8538372728881922, "params": {"eta": 0.2009119707381776, "max_depth": 4.831837507877295, "n_estimators": 51.22979819758438}, "datetime": {"datetime": "2021-09-21 08:09:16", "elapsed": 221.824476, "delta": 1.877154}}
{"target": 0.8527332350544825, "params": {"eta": 0.15991349644362082, "max_depth": 14.837753754770883, "n_estimators": 26.816995390346467}, "datetime": {"datetime": "2021-09-21 08:09:17", "elapsed": 222.988467, "delta": 1.163991}}
{"target": 0.8506597627353534, "params": {"eta": 0.10674005206368205, "max_depth": 5.002061606470048, "n_estimators": 51.24224963378378}, "datetime": {"datetime": "2021-09-21 08:09:19", "elapsed": 224.660721, "delta": 1.672254}}
{"target": 0.8329808387070157, "params": {"eta": 0.39505453092054543, "max_depth": 5.983927733593482, "n_estimators": 48.59431841355617}, "datetime": {"datetime": "2021-09-21 08:09:21", "elapsed": 226.356837, "delta": 1.696116}}
{"target": 0.8204480142671616, "params": {"eta": 0.39302389258001014, "max_depth": 12.013061353438431, "n_estimators": 58.1231341332252}, "datetime": {"datetime": "2021-09-21 08:09:23", "elapsed": 228.784835, "delta": 2.427998}}
{"target": 0.8242448908950366, "params": {"eta": 0.25476558133215665, "max_depth": 3.608800684047342, "n_estimators": 22.145102575928426}, "datetime": {"datetime": "2021-09-21 08:09:24", "elapsed": 230.113386, "delta": 1.328551}}
{"target": 0.844931959600418, "params": {"eta": 0.23534285804590335, "max_depth": 4.823691690184583, "n_estimators": 51.071991827790654}, "datetime": {"datetime": "2021-09-21 08:09:27", "elapsed": 232.628083, "delta": 2.514697}}
{"target": 0.8553385443392139, "params": {"eta": 0.1898599755266629, "max_depth": 5.696173183566835, "n_estimators": 50.8268335662099}, "datetime": {"datetime": "2021-09-21 08:09:29", "elapsed": 234.546882, "delta": 1.918799}}
{"target": 0.8550245113873183, "params": {"eta": 0.2916645331056429, "max_depth": 5.483963081736329, "n_estimators": 50.85412962972626}, "datetime": {"datetime": "2021-09-21 08:09:30", "elapsed": 236.336449, "delta": 1.789567}}
{"target": 0.8559769795141803, "params": {"eta": 0.2317972644579213, "max_depth": 4.854924763514406, "n_estimators": 50.89112744254021}, "datetime": {"datetime": "2021-09-21 08:09:33", "elapsed": 238.379477, "delta": 2.043028}}
{"target": 0.8703932114076419, "params": {"eta": 0.24073069122402463, "max_depth": 4.6994650817472365, "n_estimators": 51.33372046253804}, "datetime": {"datetime": "2021-09-21 08:09:36", "elapsed": 241.352058, "delta": 2.972581}}
{"target": 0.7923210706459837, "params": {"eta": 0.34584108923981305, "max_depth": 2.293426717132446, "n_estimators": 45.80724832290639}, "datetime": {"datetime": "2021-09-21 08:09:37", "elapsed": 243.234822, "delta": 1.882764}}
{"target": 0.8335221600746167, "params": {"eta": 0.4155119369173854, "max_depth": 6.139704088693239, "n_estimators": 48.74356050014312}, "datetime": {"datetime": "2021-09-21 08:09:40", "elapsed": 245.611402, "delta": 2.37658}}
{"target": 0.8025169939389385, "params": {"eta": 0.4841362075099477, "max_depth": 10.811537994265686, "n_estimators": 56.42856618796622}, "datetime": {"datetime": "2021-09-21 08:09:41", "elapsed": 247.142162, "delta": 1.53076}}
{"target": 0.8568044130477265, "params": {"eta": 0.3234380617303252, "max_depth": 4.720988515920071, "n_estimators": 51.23653419774677}, "datetime": {"datetime": "2021-09-21 08:09:44", "elapsed": 249.627047, "delta": 2.484885}}
{"target": 0.8702873548624019, "params": {"eta": 0.28305716153071636, "max_depth": 5.563937451155569, "n_estimators": 50.87570136526598}, "datetime": {"datetime": "2021-09-21 08:09:46", "elapsed": 251.377459, "delta": 1.750412}}
{"target": 0.8573952080349393, "params": {"eta": 0.11867345167182042, "max_depth": 4.734286768884248, "n_estimators": 51.179791541655284}, "datetime": {"datetime": "2021-09-21 08:09:48", "elapsed": 253.748346, "delta": 2.370887}}
{"target": 0.8245158165405758, "params": {"eta": 0.221573073355339, "max_depth": 12.089560057425713, "n_estimators": 47.13391449216001}, "datetime": {"datetime": "2021-09-21 08:09:49", "elapsed": 255.281085, "delta": 1.532739}}
{"target": 0.8315239989409601, "params": {"eta": 0.4795486373207676, "max_depth": 6.661425756095025, "n_estimators": 53.156316033672276}, "datetime": {"datetime": "2021-09-21 08:09:51", "elapsed": 256.972399, "delta": 1.691314}}
{"target": 0.8467975231797744, "params": {"eta": 0.16604813006803978, "max_depth": 6.171194175624744, "n_estimators": 54.163241944195704}, "datetime": {"datetime": "2021-09-21 08:09:53", "elapsed": 258.500112, "delta": 1.527713}}
{"target": 0.837620427719959, "params": {"eta": 0.4713067746224914, "max_depth": 14.95315197962408, "n_estimators": 35.98929507659363}, "datetime": {"datetime": "2021-09-21 08:09:55", "elapsed": 260.46864, "delta": 1.968528}}
{"target": 0.8511973665887959, "params": {"eta": 0.3884585030083142, "max_depth": 5.913436406728953, "n_estimators": 48.70541891822859}, "datetime": {"datetime": "2021-09-21 08:09:59", "elapsed": 264.468366, "delta": 3.999726}}
{"target": 0.8565604415196864, "params": {"eta": 0.333879323116501, "max_depth": 4.982667433898029, "n_estimators": 50.883663420899914}, "datetime": {"datetime": "2021-09-21 08:10:01", "elapsed": 266.59848, "delta": 2.130114}}
{"target": 0.8057283035929547, "params": {"eta": 0.3679800301937949, "max_depth": 2.7168499418941012, "n_estimators": 55.221604277293146}, "datetime": {"datetime": "2021-09-21 08:10:02", "elapsed": 267.99233, "delta": 1.39385}}
{"target": 0.8460261527931928, "params": {"eta": 0.28671805370963144, "max_depth": 6.301368080429489, "n_estimators": 50.65445062810853}, "datetime": {"datetime": "2021-09-21 08:10:05", "elapsed": 270.379769, "delta": 2.387439}}
{"target": 0.8339836991100514, "params": {"eta": 0.47242403192585447, "max_depth": 14.069120364397609, "n_estimators": 32.63087520280862}, "datetime": {"datetime": "2021-09-21 08:10:06", "elapsed": 272.164779, "delta": 1.78501}}
{"target": 0.8467386703103182, "params": {"eta": 0.22064681885303844, "max_depth": 5.013686235551741, "n_estimators": 50.92289451632821}, "datetime": {"datetime": "2021-09-21 08:10:09", "elapsed": 274.463855, "delta": 2.299076}}
{"target": 0.8175231643539054, "params": {"eta": 0.23186629952072801, "max_depth": 2.507382739679442, "n_estimators": 47.553726865052184}, "datetime": {"datetime": "2021-09-21 08:10:10", "elapsed": 276.03507, "delta": 1.571215}}
{"target": 0.8407444634232668, "params": {"eta": 0.18340471078023401, "max_depth": 13.970827840685597, "n_estimators": 49.35287450034228}, "datetime": {"datetime": "2021-09-21 08:10:12", "elapsed": 278.217497, "delta": 2.182427}}
{"target": 0.845480692748994, "params": {"eta": 0.24857967158781658, "max_depth": 8.444411494520907, "n_estimators": 24.527388316818538}, "datetime": {"datetime": "2021-09-21 08:10:14", "elapsed": 279.813296, "delta": 1.595799}}
{"target": 0.8462329749378485, "params": {"eta": 0.39283991985069444, "max_depth": 5.7565285503257595, "n_estimators": 20.280985111954184}, "datetime": {"datetime": "2021-09-21 08:10:15", "elapsed": 280.970474, "delta": 1.157178}}
{"target": 0.8664587105749169, "params": {"eta": 0.29697718063019246, "max_depth": 4.694371888748399, "n_estimators": 51.35765029353189}, "datetime": {"datetime": "2021-09-21 08:10:17", "elapsed": 282.993522, "delta": 2.023048}}
{"target": 0.8306205157602764, "params": {"eta": 0.2907232262857063, "max_depth": 9.161269974965945, "n_estimators": 27.707805760844124}, "datetime": {"datetime": "2021-09-21 08:10:18", "elapsed": 284.320926, "delta": 1.327404}}
{"target": 0.8614896424838306, "params": {"eta": 0.23851495737049105, "max_depth": 4.955190802800972, "n_estimators": 51.14889425503202}, "datetime": {"datetime": "2021-09-21 08:10:21", "elapsed": 286.581289, "delta": 2.260363}}
{"target": 0.8274765404416009, "params": {"eta": 0.37761742118186603, "max_depth": 13.798198513591128, "n_estimators": 54.823409713368996}, "datetime": {"datetime": "2021-09-21 08:10:22", "elapsed": 288.282465, "delta": 1.701176}}
{"target": 0.8543027339157478, "params": {"eta": 0.38820533522547895, "max_depth": 5.631746492125264, "n_estimators": 50.86036021342038}, "datetime": {"datetime": "2021-09-21 08:10:25", "elapsed": 290.683755, "delta": 2.40129}}
{"target": 0.8437058990821844, "params": {"eta": 0.19729176289324526, "max_depth": 5.044304250399117, "n_estimators": 51.19895279999171}, "datetime": {"datetime": "2021-09-21 08:10:27", "elapsed": 292.804432, "delta": 2.120677}}
{"target": 0.8630420110997845, "params": {"eta": 0.20223594263561695, "max_depth": 4.191083286078981, "n_estimators": 48.13047798868014}, "datetime": {"datetime": "2021-09-21 08:10:29", "elapsed": 295.183842, "delta": 2.37941}}
{"target": 0.7685284182766903, "params": {"eta": 0.37698442621328454, "max_depth": 2.7739600197916423, "n_estimators": 27.617114924259095}, "datetime": {"datetime": "2021-09-21 08:10:31", "elapsed": 296.46301, "delta": 1.279168}}
{"target": 0.8470293228606003, "params": {"eta": 0.2266177916713085, "max_depth": 5.482747177124754, "n_estimators": 50.78336725407105}, "datetime": {"datetime": "2021-09-21 08:10:33", "elapsed": 298.783325, "delta": 2.320315}}
{"target": 0.8495326691948337, "params": {"eta": 0.4536695411925883, "max_depth": 10.951623845281606, "n_estimators": 23.847641320523003}, "datetime": {"datetime": "2021-09-21 08:10:34", "elapsed": 300.219793, "delta": 1.436468}}
{"target": 0.8679478465667833, "params": {"eta": 0.23989221405906666, "max_depth": 4.751126202951498, "n_estimators": 51.143134945725265}, "datetime": {"datetime": "2021-09-21 08:10:36", "elapsed": 302.032182, "delta": 1.812389}}
{"target": 0.8296941095818569, "params": {"eta": 0.47750973692211585, "max_depth": 12.604073975408156, "n_estimators": 25.378011204709566}, "datetime": {"datetime": "2021-09-21 08:10:38", "elapsed": 303.594743, "delta": 1.562561}}
{"target": 0.860600259559919, "params": {"eta": 0.2505288736096879, "max_depth": 4.793623121113821, "n_estimators": 51.18233030732007}, "datetime": {"datetime": "2021-09-21 08:10:40", "elapsed": 305.937673, "delta": 2.34293}}
{"target": 0.8410800137924793, "params": {"eta": 0.402091230926528, "max_depth": 7.846273079266222, "n_estimators": 30.32065608445512}, "datetime": {"datetime": "2021-09-21 08:10:42", "elapsed": 307.488707, "delta": 1.551034}}
{"target": 0.7911601108058632, "params": {"eta": 0.46901458620499115, "max_depth": 1.6622192286104702, "n_estimators": 52.69054329067809}, "datetime": {"datetime": "2021-09-21 08:10:43", "elapsed": 308.815842, "delta": 1.327135}}
{"target": 0.8362581248327152, "params": {"eta": 0.4743350472263027, "max_depth": 13.418115512552893, "n_estimators": 27.911959007418954}, "datetime": {"datetime": "2021-09-21 08:10:46", "elapsed": 311.754018, "delta": 2.938176}}
{"target": 0.854177087969038, "params": {"eta": 0.10441234930451478, "max_depth": 4.204721655118698, "n_estimators": 48.09224634757775}, "datetime": {"datetime": "2021-09-21 08:10:52", "elapsed": 317.532928, "delta": 5.77891}}
{"target": 0.8622167811336263, "params": {"eta": 0.179193821917643, "max_depth": 4.2794622480082944, "n_estimators": 48.11971208341518}, "datetime": {"datetime": "2021-09-21 08:10:54", "elapsed": 320.168413, "delta": 2.635485}}
{"target": 0.8004704172912732, "params": {"eta": 0.146152280403039, "max_depth": 2.3891224196395893, "n_estimators": 50.17888556088879}, "datetime": {"datetime": "2021-09-21 08:10:56", "elapsed": 321.790268, "delta": 1.621855}}
{"target": 0.8445634659916146, "params": {"eta": 0.20559346571065895, "max_depth": 6.075317677154656, "n_estimators": 49.38025113130298}, "datetime": {"datetime": "2021-09-21 08:11:01", "elapsed": 326.464099, "delta": 4.673831}}
{"target": 0.8594221965540012, "params": {"eta": 0.45410576032091277, "max_depth": 4.072901131887117, "n_estimators": 48.02751194847542}, "datetime": {"datetime": "2021-09-21 08:11:07", "elapsed": 332.410335, "delta": 5.946236}}
{"target": 0.8566158792637857, "params": {"eta": 0.24691265581398333, "max_depth": 4.9963317631747035, "n_estimators": 51.67492227749759}, "datetime": {"datetime": "2021-09-21 08:11:10", "elapsed": 335.794318, "delta": 3.383983}}
{"target": 0.7748120775905517, "params": {"eta": 0.37883227199798275, "max_depth": 2.4845330202575027, "n_estimators": 55.161172914046915}, "datetime": {"datetime": "2021-09-21 08:11:12", "elapsed": 337.636316, "delta": 1.841998}}
{"target": 0.8662759464317896, "params": {"eta": 0.1464244839980786, "max_depth": 4.700033618273985, "n_estimators": 51.48958669820897}, "datetime": {"datetime": "2021-09-21 08:11:14", "elapsed": 339.91732, "delta": 2.281004}}
{"target": 0.8420803468597078, "params": {"eta": 0.4999417404075578, "max_depth": 5.922052506241963, "n_estimators": 48.67916820521233}, "datetime": {"datetime": "2021-09-21 08:11:16", "elapsed": 342.195316, "delta": 2.277996}}
{"target": 0.7787634093671982, "params": {"eta": 0.22610659593114374, "max_depth": 1.773582693049684, "n_estimators": 59.18204406168964}, "datetime": {"datetime": "2021-09-21 08:11:18", "elapsed": 343.459319, "delta": 1.264003}}
{"target": 0.8556714923996757, "params": {"eta": 0.17586387329791198, "max_depth": 6.143142157533306, "n_estimators": 49.58297684456382}, "datetime": {"datetime": "2021-09-21 08:11:20", "elapsed": 345.883319, "delta": 2.424}}
{"target": 0.8588319105980292, "params": {"eta": 0.19443764610869452, "max_depth": 5.82722633435774, "n_estimators": 50.67035883309879}, "datetime": {"datetime": "2021-09-21 08:11:22", "elapsed": 348.337178, "delta": 2.453859}}
{"target": 0.8502421727244746, "params": {"eta": 0.4530930501404046, "max_depth": 4.165708867463437, "n_estimators": 47.98810930212506}, "datetime": {"datetime": "2021-09-21 08:11:25", "elapsed": 350.772153, "delta": 2.434975}}
{"target": 0.8599840125243202, "params": {"eta": 0.2481276184921724, "max_depth": 4.286747427525675, "n_estimators": 48.02863631933976}, "datetime": {"datetime": "2021-09-21 08:11:28", "elapsed": 353.56926, "delta": 2.797107}}
{"target": 0.8427004004858797, "params": {"eta": 0.4583649729569499, "max_depth": 13.865220017708054, "n_estimators": 51.703363371612355}, "datetime": {"datetime": "2021-09-21 08:11:29", "elapsed": 354.933422, "delta": 1.364162}}
{"target": 0.8553618808995471, "params": {"eta": 0.4316329799680344, "max_depth": 4.082258572923861, "n_estimators": 47.91667829305729}, "datetime": {"datetime": "2021-09-21 08:11:32", "elapsed": 358.264707, "delta": 3.331285}}
{"target": 0.8400808883899635, "params": {"eta": 0.47659602759742525, "max_depth": 5.69182859607619, "n_estimators": 50.76961571151296}, "datetime": {"datetime": "2021-09-21 08:11:35", "elapsed": 360.630022, "delta": 2.365315}}
{"target": 0.8618103681655904, "params": {"eta": 0.1785883094638363, "max_depth": 4.188204177303911, "n_estimators": 48.02612023546584}, "datetime": {"datetime": "2021-09-21 08:11:38", "elapsed": 363.752088, "delta": 3.122066}}
{"target": 0.8567097299062043, "params": {"eta": 0.26358709922656276, "max_depth": 5.534214815210171, "n_estimators": 50.95213414890164}, "datetime": {"datetime": "2021-09-21 08:11:41", "elapsed": 366.410735, "delta": 2.658647}}
{"target": 0.8625792016983316, "params": {"eta": 0.3996290007732558, "max_depth": 4.594787735454444, "n_estimators": 51.33094141283076}, "datetime": {"datetime": "2021-09-21 08:11:43", "elapsed": 368.89149, "delta": 2.480755}}
{"target": 0.8537812185941536, "params": {"eta": 0.10151894525874622, "max_depth": 4.892480827806503, "n_estimators": 51.29817552279544}, "datetime": {"datetime": "2021-09-21 08:11:45", "elapsed": 371.126661, "delta": 2.235171}}
{"target": 0.8517161328326187, "params": {"eta": 0.22617716956967385, "max_depth": 5.914071958971816, "n_estimators": 50.668679114194674}, "datetime": {"datetime": "2021-09-21 08:11:48", "elapsed": 373.640979, "delta": 2.514318}}
{"target": 0.8589916497802483, "params": {"eta": 0.24512559965181874, "max_depth": 4.689549702299917, "n_estimators": 51.53185838841557}, "datetime": {"datetime": "2021-09-21 08:11:50", "elapsed": 376.286173, "delta": 2.645194}}
{"target": 0.8615021056454101, "params": {"eta": 0.1827523031769566, "max_depth": 4.738568526918077, "n_estimators": 51.273362500176916}, "datetime": {"datetime": "2021-09-21 08:11:53", "elapsed": 378.725293, "delta": 2.43912}}
{"target": 0.8514198550450646, "params": {"eta": 0.39723263309364465, "max_depth": 4.073098781428927, "n_estimators": 47.76886753292263}, "datetime": {"datetime": "2021-09-21 08:11:56", "elapsed": 381.377488, "delta": 2.652195}}
{"target": 0.8361887356554792, "params": {"eta": 0.46173066493424775, "max_depth": 9.768555635582146, "n_estimators": 40.71468443117732}, "datetime": {"datetime": "2021-09-21 08:11:58", "elapsed": 383.714139, "delta": 2.336651}}
{"target": 0.8202056755879562, "params": {"eta": 0.2802114764502975, "max_depth": 14.474601378627874, "n_estimators": 42.500422297428045}, "datetime": {"datetime": "2021-09-21 08:12:00", "elapsed": 386.287294, "delta": 2.573155}}
{"target": 0.8649999399335409, "params": {"eta": 0.19920625447377618, "max_depth": 4.1835741641296025, "n_estimators": 47.87247186881967}, "datetime": {"datetime": "2021-09-21 08:12:03", "elapsed": 388.592842, "delta": 2.305548}}
{"target": 0.8515327633160328, "params": {"eta": 0.3243007107261156, "max_depth": 4.027608294684285, "n_estimators": 48.05300698324107}, "datetime": {"datetime": "2021-09-21 08:12:05", "elapsed": 391.028002, "delta": 2.43516}}
{"target": 0.8441785565860339, "params": {"eta": 0.2675462201214274, "max_depth": 4.660039918680079, "n_estimators": 51.133996379662506}, "datetime": {"datetime": "2021-09-21 08:12:10", "elapsed": 396.047832, "delta": 5.01983}}
{"target": 0.8658438726475839, "params": {"eta": 0.1665155401557355, "max_depth": 4.611142156804457, "n_estimators": 51.5100633448434}, "datetime": {"datetime": "2021-09-21 08:12:15", "elapsed": 401.107215, "delta": 5.059383}}
{"target": 0.8497818243341386, "params": {"eta": 0.33234110285624185, "max_depth": 4.159689893871349, "n_estimators": 46.094672497464465}, "datetime": {"datetime": "2021-09-21 08:12:18", "elapsed": 404.029528, "delta": 2.922313}}
{"target": 0.8662356384796106, "params": {"eta": 0.3997857449761524, "max_depth": 4.738884171225358, "n_estimators": 51.488712709790725}, "datetime": {"datetime": "2021-09-21 08:12:24", "elapsed": 409.398153, "delta": 5.368625}}
