{"target": 0.7332731703807975, "params": {"eta": 0.8, "max_depth": 11.427752966407839, "n_estimators": 11.707422901767352}, "datetime": {"datetime": "2021-09-20 20:19:58", "elapsed": 34.837403, "delta": 0.498002}}
{"target": 0.766408724684178, "params": {"eta": 0.7444081282255618, "max_depth": 6.607519863129706, "n_estimators": 10.109995772004137}, "datetime": {"datetime": "2021-09-20 20:19:58", "elapsed": 35.312597, "delta": 0.475194}}
{"target": -4.147233372035334, "params": {"eta": 0.01, "max_depth": 9.33117832414582, "n_estimators": 9.718931825800883}, "datetime": {"datetime": "2021-09-20 20:19:59", "elapsed": 35.845264, "delta": 0.532667}}
{"target": 0.8357196171128088, "params": {"eta": 0.43125644225637366, "max_depth": 4.6930231178170825, "n_estimators": 9.383824081793975}, "datetime": {"datetime": "2021-09-20 20:19:59", "elapsed": 36.295194, "delta": 0.44993}}
{"target": 0.8274134510705361, "params": {"eta": 0.4010672514456785, "max_depth": 12.0989248553346, "n_estimators": 13.837784082109302}, "datetime": {"datetime": "2021-09-20 20:20:00", "elapsed": 36.8082, "delta": 0.513006}}
{"target": -2.8426235920582292, "params": {"eta": 0.01, "max_depth": 13.549720934266798, "n_estimators": 25.485952473144668}, "datetime": {"datetime": "2021-09-20 20:20:00", "elapsed": 37.277802, "delta": 0.469602}}
{"target": 0.7857118569433912, "params": {"eta": 0.5726949710369633, "max_depth": 9.182928920217247, "n_estimators": 27.160101504492612}, "datetime": {"datetime": "2021-09-20 20:20:01", "elapsed": 37.86042, "delta": 0.582618}}
{"target": 0.8394379787250003, "params": {"eta": 0.17684430268805218, "max_depth": 3.7558545845293914, "n_estimators": 46.55983298288195}, "datetime": {"datetime": "2021-09-20 20:20:01", "elapsed": 38.379313, "delta": 0.518893}}
{"target": 0.7714452137747081, "params": {"eta": 0.6691718645404123, "max_depth": 17.314570535135495, "n_estimators": 3.5559953944953815}, "datetime": {"datetime": "2021-09-20 20:20:02", "elapsed": 38.789318, "delta": 0.410005}}
{"target": 0.8085515196072274, "params": {"eta": 0.6835728551840298, "max_depth": 5.258938552959277, "n_estimators": 25.178213452655783}, "datetime": {"datetime": "2021-09-20 20:20:02", "elapsed": 39.282312, "delta": 0.492994}}
{"target": -2.973945776627082, "params": {"eta": 0.010086493197689587, "max_depth": 3.2642447383857367, "n_estimators": 23.580256361616534}, "datetime": {"datetime": "2021-09-20 20:20:03", "elapsed": 39.929228, "delta": 0.646916}}
{"target": 0.7868432936147267, "params": {"eta": 0.74450475859327, "max_depth": 3.6793455691851875, "n_estimators": 18.965536737328815}, "datetime": {"datetime": "2021-09-20 20:20:03", "elapsed": 40.318805, "delta": 0.389577}}
{"target": 0.7950305515522976, "params": {"eta": 0.6624807574359983, "max_depth": 6.443506817880128, "n_estimators": 20.433082853366628}, "datetime": {"datetime": "2021-09-20 20:20:04", "elapsed": 40.763805, "delta": 0.445}}
{"target": 0.8190985856452109, "params": {"eta": 0.7006427207219279, "max_depth": 3.490444794183202, "n_estimators": 42.427565895639894}, "datetime": {"datetime": "2021-09-20 20:20:04", "elapsed": 41.209799, "delta": 0.445994}}
{"target": 0.7106569694057778, "params": {"eta": 0.8, "max_depth": 18.02348435490604, "n_estimators": 31.486912579583592}, "datetime": {"datetime": "2021-09-20 20:20:05", "elapsed": 41.730804, "delta": 0.521005}}
{"target": -0.5708103615169147, "params": {"eta": 0.04566071695536494, "max_depth": 1.1817324145173704, "n_estimators": 19.7913599632182}, "datetime": {"datetime": "2021-09-20 20:20:05", "elapsed": 42.262897, "delta": 0.532093}}
{"target": -3.2379698456896184, "params": {"eta": 0.013462386763678863, "max_depth": 2.248878317905424, "n_estimators": 15.602242526295935}, "datetime": {"datetime": "2021-09-20 20:20:06", "elapsed": 42.683897, "delta": 0.421}}
{"target": -1.6068867157437468, "params": {"eta": 0.01339412702310614, "max_depth": 2.5484610077394123, "n_estimators": 36.60618925447815}, "datetime": {"datetime": "2021-09-20 20:20:06", "elapsed": 43.268894, "delta": 0.584997}}
{"target": 0.7325495056114353, "params": {"eta": 0.8, "max_depth": 1.2602137063515653, "n_estimators": 11.679609745053453}, "datetime": {"datetime": "2021-09-20 20:20:07", "elapsed": 43.866537, "delta": 0.597643}}
{"target": 0.5133113446897785, "params": {"eta": 0.06675180098701877, "max_depth": 7.452581644734936, "n_estimators": 23.49578216865466}, "datetime": {"datetime": "2021-09-20 20:20:07", "elapsed": 44.402018, "delta": 0.535481}}
{"target": -3.1321495426974604, "params": {"eta": 0.01, "max_depth": 11.045646559019653, "n_estimators": 21.852977811316574}, "datetime": {"datetime": "2021-09-20 20:20:08", "elapsed": 44.903022, "delta": 0.501004}}
{"target": 0.7877755326245542, "params": {"eta": 0.5883491213126771, "max_depth": 7.26622018209596, "n_estimators": 21.76731242371773}, "datetime": {"datetime": "2021-09-20 20:20:09", "elapsed": 45.722665, "delta": 0.819643}}
{"target": 0.8232691634463856, "params": {"eta": 0.11560245806995101, "max_depth": 9.132786041375768, "n_estimators": 34.415906982906925}, "datetime": {"datetime": "2021-09-20 20:20:10", "elapsed": 46.534735, "delta": 0.81207}}
{"target": 0.7916508886193387, "params": {"eta": 0.7164426162789481, "max_depth": 10.239847124266824, "n_estimators": 25.263120748763896}, "datetime": {"datetime": "2021-09-20 20:20:10", "elapsed": 47.21232, "delta": 0.677585}}
{"target": -4.217148579282868, "params": {"eta": 0.016498810329112906, "max_depth": 17.78570514898095, "n_estimators": 5.295034721636743}, "datetime": {"datetime": "2021-09-20 20:20:11", "elapsed": 47.783322, "delta": 0.571002}}
{"target": 0.8171105465200045, "params": {"eta": 0.4158281841172625, "max_depth": 12.05283785752168, "n_estimators": 13.80760745206488}, "datetime": {"datetime": "2021-09-20 20:20:11", "elapsed": 48.162025, "delta": 0.378703}}
{"target": 0.8140017781815627, "params": {"eta": 0.6836609357000678, "max_depth": 8.368652881223959, "n_estimators": 33.34988379023994}, "datetime": {"datetime": "2021-09-20 20:20:12", "elapsed": 49.094586, "delta": 0.932561}}
{"target": 0.8380258783771689, "params": {"eta": 0.19352144467412175, "max_depth": 3.0943798135459746, "n_estimators": 41.150722135223894}, "datetime": {"datetime": "2021-09-20 20:20:13", "elapsed": 49.686585, "delta": 0.591999}}
{"target": 0.8892435005281731, "params": {"eta": 0.44410443674536504, "max_depth": 3.415237418361137, "n_estimators": 44.916720956833494}, "datetime": {"datetime": "2021-09-20 20:20:13", "elapsed": 50.301399, "delta": 0.614814}}
{"target": 0.8545838386598954, "params": {"eta": 0.28961945212830276, "max_depth": 5.071608696101229, "n_estimators": 45.48002201064622}, "datetime": {"datetime": "2021-09-20 20:20:14", "elapsed": 51.040399, "delta": 0.739}}
{"target": 0.8399515805388181, "params": {"eta": 0.4664413048971816, "max_depth": 6.527030566173069, "n_estimators": 26.229405989646693}, "datetime": {"datetime": "2021-09-20 20:20:15", "elapsed": 51.758401, "delta": 0.718002}}
{"target": 0.7308144478500049, "params": {"eta": 0.7744469419851925, "max_depth": 13.200655472888899, "n_estimators": 12.652473872727526}, "datetime": {"datetime": "2021-09-20 20:20:15", "elapsed": 52.450762, "delta": 0.692361}}
{"target": 0.770784940139716, "params": {"eta": 0.6409239643111037, "max_depth": 12.651400055939153, "n_estimators": 19.33235486249233}, "datetime": {"datetime": "2021-09-20 20:20:16", "elapsed": 53.113763, "delta": 0.663001}}
{"target": 0.7820574241841715, "params": {"eta": 0.677882116391064, "max_depth": 5.201294819380101, "n_estimators": 11.074384226988396}, "datetime": {"datetime": "2021-09-20 20:20:17", "elapsed": 53.703763, "delta": 0.59}}
{"target": 0.6987738855060399, "params": {"eta": 0.8, "max_depth": 15.923809690234897, "n_estimators": 7.242936163125402}, "datetime": {"datetime": "2021-09-20 20:20:17", "elapsed": 54.427503, "delta": 0.72374}}
{"target": 0.8516282455493519, "params": {"eta": 0.3598656015702362, "max_depth": 11.858717311639754, "n_estimators": 38.67867595027392}, "datetime": {"datetime": "2021-09-20 20:20:18", "elapsed": 55.203129, "delta": 0.775626}}
{"target": 0.8434529934585813, "params": {"eta": 0.4660913189189973, "max_depth": 10.440250641672598, "n_estimators": 37.226316913712864}, "datetime": {"datetime": "2021-09-20 20:20:19", "elapsed": 56.074229, "delta": 0.8711}}
{"target": 0.7106569694057778, "params": {"eta": 0.8, "max_depth": 18.67947803864202, "n_estimators": 27.327476815519418}, "datetime": {"datetime": "2021-09-20 20:20:20", "elapsed": 56.782395, "delta": 0.708166}}
{"target": 0.8250673635388787, "params": {"eta": 0.2031497882070998, "max_depth": 11.316747566072811, "n_estimators": 18.12713377976063}, "datetime": {"datetime": "2021-09-20 20:20:20", "elapsed": 57.360117, "delta": 0.577722}}
{"target": -0.615093357948892, "params": {"eta": 0.5614438432048368, "max_depth": 17.544677996289845, "n_estimators": 1.8867758444064653}, "datetime": {"datetime": "2021-09-20 20:20:21", "elapsed": 58.040878, "delta": 0.680761}}
{"target": 0.7544609432990497, "params": {"eta": 0.8, "max_depth": 5.798334231191326, "n_estimators": 42.40813039941865}, "datetime": {"datetime": "2021-09-20 20:20:22", "elapsed": 58.707671, "delta": 0.666793}}
{"target": 0.7552674627458429, "params": {"eta": 0.8, "max_depth": 4.53648845370441, "n_estimators": 20.587382958205637}, "datetime": {"datetime": "2021-09-20 20:20:22", "elapsed": 59.332665, "delta": 0.624994}}
{"target": 0.711010989002429, "params": {"eta": 0.8, "max_depth": 17.521672280699676, "n_estimators": 8.73015924605977}, "datetime": {"datetime": "2021-09-20 20:20:23", "elapsed": 60.02629, "delta": 0.693625}}
{"target": 0.8376949404931089, "params": {"eta": 0.4157794990022148, "max_depth": 7.031171858122435, "n_estimators": 44.38092665384072}, "datetime": {"datetime": "2021-09-20 20:20:24", "elapsed": 60.735556, "delta": 0.709266}}
{"target": 0.8209935461226711, "params": {"eta": 0.2988848596264522, "max_depth": 18.936292828083012, "n_estimators": 18.281833448453863}, "datetime": {"datetime": "2021-09-20 20:20:24", "elapsed": 61.406556, "delta": 0.671}}
{"target": 0.7256984963830481, "params": {"eta": 0.7750546834692694, "max_depth": 20.912431278157882, "n_estimators": 5.09345008987746}, "datetime": {"datetime": "2021-09-20 20:20:25", "elapsed": 62.20074, "delta": 0.794184}}
{"target": 0.14429148258843838, "params": {"eta": 0.023921215160175993, "max_depth": 5.281023370032462, "n_estimators": 48.09841527681789}, "datetime": {"datetime": "2021-09-20 20:20:26", "elapsed": 62.837939, "delta": 0.637199}}
{"target": 0.8400856773893188, "params": {"eta": 0.4402582770743446, "max_depth": 12.598377621803682, "n_estimators": 16.174154849840782}, "datetime": {"datetime": "2021-09-20 20:20:27", "elapsed": 63.643936, "delta": 0.805997}}
{"target": 0.8259107749400054, "params": {"eta": 0.34119638680465675, "max_depth": 14.710893072123557, "n_estimators": 16.29908887162481}, "datetime": {"datetime": "2021-09-20 20:20:27", "elapsed": 64.427239, "delta": 0.783303}}
{"target": 0.7315524754347744, "params": {"eta": 0.7398314156752953, "max_depth": 7.951947040696897, "n_estimators": 29.3457432715886}, "datetime": {"datetime": "2021-09-20 20:20:28", "elapsed": 65.099239, "delta": 0.672}}
{"target": -2.4505273184129237, "params": {"eta": 0.01, "max_depth": 7.915844835843501, "n_estimators": 31.538107398856763}, "datetime": {"datetime": "2021-09-20 20:20:29", "elapsed": 65.701856, "delta": 0.602617}}
{"target": 0.8055958612716203, "params": {"eta": 0.6249083988939148, "max_depth": 5.165362712841414, "n_estimators": 29.08328422007763}, "datetime": {"datetime": "2021-09-20 20:20:29", "elapsed": 66.396687, "delta": 0.694831}}
{"target": 0.8339506418384081, "params": {"eta": 0.08874331122778527, "max_depth": 20.934987661026906, "n_estimators": 48.19816645668805}, "datetime": {"datetime": "2021-09-20 20:20:30", "elapsed": 67.271688, "delta": 0.875001}}
{"target": 0.8319673051432088, "params": {"eta": 0.2997163251818775, "max_depth": 19.174552460171856, "n_estimators": 16.43525116257657}, "datetime": {"datetime": "2021-09-20 20:20:31", "elapsed": 67.972308, "delta": 0.70062}}
{"target": 0.844118955772166, "params": {"eta": 0.24330959492982046, "max_depth": 20.75445243955757, "n_estimators": 29.32982440603961}, "datetime": {"datetime": "2021-09-20 20:20:32", "elapsed": 68.705322, "delta": 0.733014}}
{"target": 0.7346870581832639, "params": {"eta": 0.8, "max_depth": 8.510104471124086, "n_estimators": 19.951622334033743}, "datetime": {"datetime": "2021-09-20 20:20:32", "elapsed": 69.457321, "delta": 0.751999}}
{"target": 0.7817266146676791, "params": {"eta": 0.385922661809075, "max_depth": 1.020326601031082, "n_estimators": 39.997706804978044}, "datetime": {"datetime": "2021-09-20 20:20:33", "elapsed": 70.012977, "delta": 0.555656}}
{"target": -3.6971217330267585, "params": {"eta": 0.01, "max_depth": 16.558717595667876, "n_estimators": 14.917005600897326}, "datetime": {"datetime": "2021-09-20 20:20:34", "elapsed": 70.679496, "delta": 0.666519}}
{"target": 0.8575137048211167, "params": {"eta": 0.44440968317058066, "max_depth": 15.915987940981495, "n_estimators": 18.31824828301736}, "datetime": {"datetime": "2021-09-20 20:20:34", "elapsed": 71.385491, "delta": 0.705995}}
{"target": 0.7547603334614618, "params": {"eta": 0.8, "max_depth": 2.8989663225698186, "n_estimators": 9.764903506285442}, "datetime": {"datetime": "2021-09-20 20:20:35", "elapsed": 72.109717, "delta": 0.724226}}
{"target": 0.796129595714717, "params": {"eta": 0.5276307401719237, "max_depth": 1.0438859793141133, "n_estimators": 32.71615439352121}, "datetime": {"datetime": "2021-09-20 20:20:36", "elapsed": 72.812528, "delta": 0.702811}}
{"target": 0.7182879465783552, "params": {"eta": 0.8, "max_depth": 15.708720603436804, "n_estimators": 3.641781157304046}, "datetime": {"datetime": "2021-09-20 20:20:36", "elapsed": 73.370539, "delta": 0.558011}}
{"target": 0.7097124284795631, "params": {"eta": 0.8, "max_depth": 19.519622008903696, "n_estimators": 8.052586233150164}, "datetime": {"datetime": "2021-09-20 20:20:37", "elapsed": 74.10931, "delta": 0.738771}}
{"target": 0.738311442605007, "params": {"eta": 0.7506807148500624, "max_depth": 14.563979993553943, "n_estimators": 19.71536391090948}, "datetime": {"datetime": "2021-09-20 20:20:38", "elapsed": 74.971876, "delta": 0.862566}}
{"target": 0.772603716430421, "params": {"eta": 0.7608210974368331, "max_depth": 5.802333148378115, "n_estimators": 35.571091884352576}, "datetime": {"datetime": "2021-09-20 20:20:39", "elapsed": 75.823, "delta": 0.851124}}
{"target": 0.7431450032405966, "params": {"eta": 0.7288487020649611, "max_depth": 5.062281443003972, "n_estimators": 27.170607663068335}, "datetime": {"datetime": "2021-09-20 20:20:40", "elapsed": 76.646612, "delta": 0.823612}}
{"target": -2.8426235920582292, "params": {"eta": 0.01, "max_depth": 19.82626579327337, "n_estimators": 25.810046696866095}, "datetime": {"datetime": "2021-09-20 20:20:40", "elapsed": 77.475253, "delta": 0.828641}}
{"target": 0.8428960002216475, "params": {"eta": 0.3817823094455748, "max_depth": 20.93088281850906, "n_estimators": 22.0893165067739}, "datetime": {"datetime": "2021-09-20 20:20:41", "elapsed": 78.284568, "delta": 0.809315}}
{"target": 0.7232439798328092, "params": {"eta": 0.794878080408132, "max_depth": 19.32650049946297, "n_estimators": 38.923153437719705}, "datetime": {"datetime": "2021-09-20 20:20:42", "elapsed": 79.210718, "delta": 0.92615}}
{"target": 0.7790472618363989, "params": {"eta": 0.8, "max_depth": 1.924964256655428, "n_estimators": 46.58198950104194}, "datetime": {"datetime": "2021-09-20 20:20:43", "elapsed": 80.027351, "delta": 0.816633}}
{"target": -1.9869622162873974, "params": {"eta": 0.0428126596809991, "max_depth": 15.24192327892454, "n_estimators": 9.20152099125161}, "datetime": {"datetime": "2021-09-20 20:20:44", "elapsed": 80.811608, "delta": 0.784257}}
{"target": -1.885435492181741, "params": {"eta": 0.01, "max_depth": 19.845964351451915, "n_estimators": 41.926372769571756}, "datetime": {"datetime": "2021-09-20 20:20:45", "elapsed": 81.59461, "delta": 0.783002}}
{"target": 0.8406821460624427, "params": {"eta": 0.1413338739537279, "max_depth": 20.870902236701667, "n_estimators": 44.8555203112345}, "datetime": {"datetime": "2021-09-20 20:20:46", "elapsed": 82.547612, "delta": 0.953002}}
{"target": 0.8351385087660202, "params": {"eta": 0.168816741553277, "max_depth": 19.60428311148748, "n_estimators": 30.869405186670434}, "datetime": {"datetime": "2021-09-20 20:20:46", "elapsed": 83.492611, "delta": 0.944999}}
{"target": -2.2113415217131114, "params": {"eta": 0.01, "max_depth": 7.4936789890782, "n_estimators": 35.5211792909057}, "datetime": {"datetime": "2021-09-20 20:20:47", "elapsed": 84.22261, "delta": 0.729999}}
{"target": -2.512017999472016, "params": {"eta": 0.01, "max_depth": 16.944769746569076, "n_estimators": 30.497329567393603}, "datetime": {"datetime": "2021-09-20 20:20:48", "elapsed": 85.013608, "delta": 0.790998}}
{"target": -0.32218029812334237, "params": {"eta": 0.024795766828427518, "max_depth": 10.266935318777092, "n_estimators": 35.62789042512643}, "datetime": {"datetime": "2021-09-20 20:20:49", "elapsed": 85.660609, "delta": 0.647001}}
{"target": 0.3652972218291606, "params": {"eta": 0.048001556251732615, "max_depth": 15.841333540088545, "n_estimators": 28.210073303295513}, "datetime": {"datetime": "2021-09-20 20:20:49", "elapsed": 86.480614, "delta": 0.820005}}
{"target": 0.7948754412613748, "params": {"eta": 0.1343380639160944, "max_depth": 2.302730137986363, "n_estimators": 43.347077414189364}, "datetime": {"datetime": "2021-09-20 20:20:50", "elapsed": 87.282609, "delta": 0.801995}}
{"target": 0.743284934720033, "params": {"eta": 0.8, "max_depth": 9.977454394517, "n_estimators": 33.65944124508787}, "datetime": {"datetime": "2021-09-20 20:20:51", "elapsed": 88.291607, "delta": 1.008998}}
{"target": 0.7763016064906181, "params": {"eta": 0.6331526656499532, "max_depth": 17.49592020877886, "n_estimators": 18.460699544734805}, "datetime": {"datetime": "2021-09-20 20:20:52", "elapsed": 89.216912, "delta": 0.925305}}
{"target": 0.734818969795771, "params": {"eta": 0.7683127313818015, "max_depth": 19.19101261005021, "n_estimators": 32.4471378771847}, "datetime": {"datetime": "2021-09-20 20:20:53", "elapsed": 90.144482, "delta": 0.92757}}
{"target": 0.7342309694029863, "params": {"eta": 0.7757002066017167, "max_depth": 7.753812335653883, "n_estimators": 27.320396322639382}, "datetime": {"datetime": "2021-09-20 20:20:54", "elapsed": 91.165436, "delta": 1.020954}}
{"target": 0.7204377319395683, "params": {"eta": 0.777419919430962, "max_depth": 10.108710120011027, "n_estimators": 19.168408815399093}, "datetime": {"datetime": "2021-09-20 20:20:55", "elapsed": 92.032428, "delta": 0.866992}}
{"target": 0.7260257462899684, "params": {"eta": 0.7770836442771303, "max_depth": 19.903108180406306, "n_estimators": 49.049901869236656}, "datetime": {"datetime": "2021-09-20 20:20:56", "elapsed": 92.962776, "delta": 0.930348}}
{"target": 0.7285803637182471, "params": {"eta": 0.8, "max_depth": 13.367268071495708, "n_estimators": 38.07731065769658}, "datetime": {"datetime": "2021-09-20 20:20:57", "elapsed": 93.796774, "delta": 0.833998}}
{"target": 0.7905918035748769, "params": {"eta": 0.7207045053458334, "max_depth": 4.745666160724266, "n_estimators": 30.68061830795378}, "datetime": {"datetime": "2021-09-20 20:20:58", "elapsed": 94.777365, "delta": 0.980591}}
{"target": 0.7344147261842469, "params": {"eta": 0.7477541928982074, "max_depth": 17.598444622899205, "n_estimators": 27.937724870018663}, "datetime": {"datetime": "2021-09-20 20:20:59", "elapsed": 95.823997, "delta": 1.046632}}
{"target": 0.844371171452888, "params": {"eta": 0.3272958561688363, "max_depth": 5.38164216639197, "n_estimators": 19.1835889792148}, "datetime": {"datetime": "2021-09-20 20:21:00", "elapsed": 96.771474, "delta": 0.947477}}
{"target": 0.713677859957444, "params": {"eta": 0.8, "max_depth": 14.525172749466385, "n_estimators": 31.86579312568432}, "datetime": {"datetime": "2021-09-20 20:21:01", "elapsed": 97.559078, "delta": 0.787604}}
{"target": 0.7301369990652735, "params": {"eta": 0.8, "max_depth": 12.838094218168541, "n_estimators": 34.980608992625235}, "datetime": {"datetime": "2021-09-20 20:21:02", "elapsed": 98.640878, "delta": 1.0818}}
{"target": 0.8192207395203979, "params": {"eta": 0.5006656946420096, "max_depth": 20.85610757447591, "n_estimators": 15.971090543802854}, "datetime": {"datetime": "2021-09-20 20:21:03", "elapsed": 99.700878, "delta": 1.06}}
{"target": 0.8391345793159594, "params": {"eta": 0.25342033843416745, "max_depth": 8.059185282516347, "n_estimators": 45.88274736739379}, "datetime": {"datetime": "2021-09-20 20:21:04", "elapsed": 100.665238, "delta": 0.96436}}
{"target": 0.7326681344008278, "params": {"eta": 0.7592180870114736, "max_depth": 8.869044005473578, "n_estimators": 44.25749348691299}, "datetime": {"datetime": "2021-09-20 20:21:05", "elapsed": 101.588247, "delta": 0.923009}}
{"target": 0.8001101055491843, "params": {"eta": 0.7158354845565496, "max_depth": 7.824687822403321, "n_estimators": 48.54926656165395}, "datetime": {"datetime": "2021-09-20 20:21:06", "elapsed": 102.633336, "delta": 1.045089}}
{"target": -2.559564108422807, "params": {"eta": 0.09387638940758371, "max_depth": 20.775966402557007, "n_estimators": 3.7301853775627527}, "datetime": {"datetime": "2021-09-20 20:21:07", "elapsed": 103.56934, "delta": 0.936004}}
{"target": 0.7783819428511012, "params": {"eta": 0.7186451961703005, "max_depth": 20.76944261380475, "n_estimators": 6.676667507916496}, "datetime": {"datetime": "2021-09-20 20:21:07", "elapsed": 104.395485, "delta": 0.826145}}
{"target": -3.610955102708224, "params": {"eta": 0.01, "max_depth": 13.4638068967513, "n_estimators": 15.124363708779383}, "datetime": {"datetime": "2021-09-20 20:21:08", "elapsed": 105.285229, "delta": 0.889744}}
