{"target": 0.8305982080796964, "params": {"eta": 0.5189183036057805, "max_depth": 6.11802477187107, "n_estimators": 12.115063241916435}, "datetime": {"datetime": "2021-09-20 19:42:29", "elapsed": 931.990894, "delta": 4.242224}}
{"target": 0.8383942554552409, "params": {"eta": 0.14220570818572464, "max_depth": 8.972252382817675, "n_estimators": 27.34575283058645}, "datetime": {"datetime": "2021-09-20 19:42:31", "elapsed": 934.881367, "delta": 2.890473}}
{"target": 0.6862440213038407, "params": {"eta": 0.18538747640687514, "max_depth": 4.124801710427471, "n_estimators": 10.699527270794093}, "datetime": {"datetime": "2021-09-20 19:42:34", "elapsed": 937.875188, "delta": 2.993821}}
{"target": 0.8318069751666585, "params": {"eta": 0.39358705475888334, "max_depth": 8.758077973038773, "n_estimators": 27.43525223752124}, "datetime": {"datetime": "2021-09-20 19:42:40", "elapsed": 943.655282, "delta": 5.780094}}
{"target": 0.829713493063641, "params": {"eta": 0.26611299459633847, "max_depth": 8.998838787892826, "n_estimators": 27.742770945194625}, "datetime": {"datetime": "2021-09-20 19:42:47", "elapsed": 950.471389, "delta": 6.816107}}
{"target": 0.8473262231259484, "params": {"eta": 0.14791755271142346, "max_depth": 9.992731518352912, "n_estimators": 23.826091488600046}, "datetime": {"datetime": "2021-09-20 19:42:50", "elapsed": 953.374355, "delta": 2.902966}}
{"target": 0.8087147694430972, "params": {"eta": 0.5275477149956447, "max_depth": 8.167382004623866, "n_estimators": 35.231074672305986}, "datetime": {"datetime": "2021-09-20 19:42:55", "elapsed": 958.082941, "delta": 4.708586}}
{"target": 0.8290913074871711, "params": {"eta": 0.47934221903729535, "max_depth": 5.729335659015668, "n_estimators": 11.687405256511964}, "datetime": {"datetime": "2021-09-20 19:43:01", "elapsed": 964.110531, "delta": 6.02759}}
{"target": 0.7326458154427331, "params": {"eta": 0.7263651849769853, "max_depth": 11.846979624662891, "n_estimators": 22.46351562333246}, "datetime": {"datetime": "2021-09-20 19:43:03", "elapsed": 966.889286, "delta": 2.778755}}
{"target": 0.7961151870671038, "params": {"eta": 0.5687812021775212, "max_depth": 6.260088587829701, "n_estimators": 10.954471974574279}, "datetime": {"datetime": "2021-09-20 19:43:10", "elapsed": 973.443145, "delta": 6.553859}}
{"target": 0.7997853267434584, "params": {"eta": 0.7143307938619469, "max_depth": 11.69394748266707, "n_estimators": 22.11903480142249}, "datetime": {"datetime": "2021-09-20 19:43:12", "elapsed": 975.908449, "delta": 2.465304}}
{"target": 0.7447185804880327, "params": {"eta": 0.06644268630757219, "max_depth": 9.181064986834322, "n_estimators": 34.16828702120395}, "datetime": {"datetime": "2021-09-20 19:43:20", "elapsed": 982.966041, "delta": 7.057592}}
{"target": 0.846733032756326, "params": {"eta": 0.46000480830358276, "max_depth": 6.049538781181289, "n_estimators": 19.173306047018045}, "datetime": {"datetime": "2021-09-20 19:43:25", "elapsed": 988.218664, "delta": 5.252623}}
{"target": 0.8550115399272885, "params": {"eta": 0.4440764194328327, "max_depth": 9.701987416453203, "n_estimators": 20.799336109439935}, "datetime": {"datetime": "2021-09-20 19:43:27", "elapsed": 990.859014, "delta": 2.64035}}
{"target": 0.81785613707727, "params": {"eta": 0.10862298924678068, "max_depth": 8.634736213586812, "n_estimators": 27.653444699289473}, "datetime": {"datetime": "2021-09-20 19:43:33", "elapsed": 996.252285, "delta": 5.393271}}
{"target": 0.734964959965064, "params": {"eta": 0.7555406249400732, "max_depth": 9.669141025946193, "n_estimators": 20.63378971994775}, "datetime": {"datetime": "2021-09-20 19:43:39", "elapsed": 1002.063395, "delta": 5.81111}}
{"target": 0.24614930231573362, "params": {"eta": 0.10744596600733587, "max_depth": 6.263492066770534, "n_estimators": 11.830994862426742}, "datetime": {"datetime": "2021-09-20 19:43:43", "elapsed": 1006.86452, "delta": 4.801125}}
{"target": -0.5681901131479523, "params": {"eta": 0.053632901372405256, "max_depth": 4.61881339045897, "n_estimators": 14.61518522242807}, "datetime": {"datetime": "2021-09-20 19:43:50", "elapsed": 1013.29959, "delta": 6.43507}}
{"target": 0.8281069131776008, "params": {"eta": 0.46005464419666625, "max_depth": 16.868923353372967, "n_estimators": 29.594734623082438}, "datetime": {"datetime": "2021-09-20 19:43:53", "elapsed": 1016.514329, "delta": 3.214739}}
{"target": 0.8524448968361169, "params": {"eta": 0.4757132716242169, "max_depth": 5.214751473235178, "n_estimators": 14.172611987581776}, "datetime": {"datetime": "2021-09-20 19:43:59", "elapsed": 1022.788098, "delta": 6.273769}}
{"target": 0.5915907729248797, "params": {"eta": 0.6203152915371997, "max_depth": 20.86628517448142, "n_estimators": 2.6240985107716503}, "datetime": {"datetime": "2021-09-20 19:44:02", "elapsed": 1025.593383, "delta": 2.805285}}
{"target": 0.8351036401682661, "params": {"eta": 0.4580418388548143, "max_depth": 9.94693327985687, "n_estimators": 34.5083766650918}, "datetime": {"datetime": "2021-09-20 19:44:05", "elapsed": 1028.459718, "delta": 2.866335}}
{"target": 0.8447816770047861, "params": {"eta": 0.4527028716389561, "max_depth": 9.847516971830519, "n_estimators": 23.357058061629417}, "datetime": {"datetime": "2021-09-20 19:44:08", "elapsed": 1031.437377, "delta": 2.977659}}
{"target": 0.8427661035553558, "params": {"eta": 0.47213309926593333, "max_depth": 9.619771296541469, "n_estimators": 23.8000138132953}, "datetime": {"datetime": "2021-09-20 19:44:14", "elapsed": 1037.530978, "delta": 6.093601}}
{"target": 0.8354899976088802, "params": {"eta": 0.35605584440115967, "max_depth": 20.128779777531783, "n_estimators": 23.89570608532733}, "datetime": {"datetime": "2021-09-20 19:44:17", "elapsed": 1040.679565, "delta": 3.148587}}
{"target": 0.7834199454680937, "params": {"eta": 0.5748806279198774, "max_depth": 10.143063646061181, "n_estimators": 23.69104190120633}, "datetime": {"datetime": "2021-09-20 19:44:23", "elapsed": 1045.966341, "delta": 5.286776}}
{"target": 0.7986585137751514, "params": {"eta": 0.6015110988538168, "max_depth": 4.88770646929361, "n_estimators": 13.89562694316037}, "datetime": {"datetime": "2021-09-20 19:44:28", "elapsed": 1051.336177, "delta": 5.369836}}
{"target": 0.7964451861314831, "params": {"eta": 0.6650975108591431, "max_depth": 9.23524309484015, "n_estimators": 24.171790674814105}, "datetime": {"datetime": "2021-09-20 19:44:36", "elapsed": 1059.171831, "delta": 7.835654}}
{"target": 0.8403932632838844, "params": {"eta": 0.24567949966733743, "max_depth": 9.592478389043759, "n_estimators": 24.329405773754722}, "datetime": {"datetime": "2021-09-20 19:44:42", "elapsed": 1065.38907, "delta": 6.217239}}
{"target": 0.8382014854352818, "params": {"eta": 0.3907094168390565, "max_depth": 9.875607182482979, "n_estimators": 24.785669143378975}, "datetime": {"datetime": "2021-09-20 19:44:49", "elapsed": 1072.619472, "delta": 7.230402}}
{"target": 0.7797848416173858, "params": {"eta": 0.6067684084721524, "max_depth": 4.407941350410216, "n_estimators": 14.062859210891746}, "datetime": {"datetime": "2021-09-20 19:44:55", "elapsed": 1078.700196, "delta": 6.080724}}
{"target": 0.8357176608330044, "params": {"eta": 0.394038281011454, "max_depth": 9.284916191257395, "n_estimators": 24.692497395191765}, "datetime": {"datetime": "2021-09-20 19:45:02", "elapsed": 1084.98867, "delta": 6.288474}}
{"target": 0.801104194452865, "params": {"eta": 0.7121990722349233, "max_depth": 4.437353028270449, "n_estimators": 15.07012879960001}, "datetime": {"datetime": "2021-09-20 19:45:08", "elapsed": 1091.169957, "delta": 6.181287}}
{"target": 0.850923012526564, "params": {"eta": 0.30904531583482686, "max_depth": 10.09554475735147, "n_estimators": 24.330924015485138}, "datetime": {"datetime": "2021-09-20 19:45:13", "elapsed": 1096.445767, "delta": 5.27581}}
{"target": 0.8056694410792273, "params": {"eta": 0.12069296585500947, "max_depth": 9.044290483011405, "n_estimators": 24.30417778116366}, "datetime": {"datetime": "2021-09-20 19:45:18", "elapsed": 1101.588399, "delta": 5.142632}}
{"target": 0.7743633443991645, "params": {"eta": 0.7198487795667702, "max_depth": 2.2009955932252803, "n_estimators": 44.116626044096606}, "datetime": {"datetime": "2021-09-20 19:45:21", "elapsed": 1104.412322, "delta": 2.823923}}
{"target": 0.713732518407032, "params": {"eta": 0.7982071105632146, "max_depth": 20.318151970135546, "n_estimators": 36.280116304939696}, "datetime": {"datetime": "2021-09-20 19:45:24", "elapsed": 1107.755863, "delta": 3.343541}}
{"target": 0.8506292887987814, "params": {"eta": 0.3202375279602063, "max_depth": 4.002323286216761, "n_estimators": 35.70705917770163}, "datetime": {"datetime": "2021-09-20 19:45:27", "elapsed": 1110.912973, "delta": 3.15711}}
{"target": 0.4241087543457115, "params": {"eta": 0.06791185807805063, "max_depth": 2.5795367512115477, "n_estimators": 22.69592441681416}, "datetime": {"datetime": "2021-09-20 19:45:30", "elapsed": 1113.688224, "delta": 2.775251}}
{"target": 0.7801056177371727, "params": {"eta": 0.7439613280123328, "max_depth": 3.6978325884805887, "n_estimators": 48.1764871669133}, "datetime": {"datetime": "2021-09-20 19:45:33", "elapsed": 1116.662232, "delta": 2.974008}}
{"target": 0.8112405672644926, "params": {"eta": 0.4911523113411661, "max_depth": 3.9645365633008036, "n_estimators": 14.396807478708666}, "datetime": {"datetime": "2021-09-20 19:45:41", "elapsed": 1124.097391, "delta": 7.435159}}
{"target": 0.8148957310007139, "params": {"eta": 0.5032142349538408, "max_depth": 11.914845307470475, "n_estimators": 13.40789333988419}, "datetime": {"datetime": "2021-09-20 19:45:47", "elapsed": 1130.795748, "delta": 6.698357}}
{"target": 0.8033457379414766, "params": {"eta": 0.6253653681398438, "max_depth": 5.098690509030279, "n_estimators": 15.159645536357932}, "datetime": {"datetime": "2021-09-20 19:45:55", "elapsed": 1137.979824, "delta": 7.184076}}
{"target": 0.7702221356987584, "params": {"eta": 0.7003202653310913, "max_depth": 16.145664388529106, "n_estimators": 49.68530027153377}, "datetime": {"datetime": "2021-09-20 19:45:58", "elapsed": 1141.082954, "delta": 3.10313}}
{"target": 0.8227497733649425, "params": {"eta": 0.5373376437188733, "max_depth": 9.429490644182163, "n_estimators": 20.106001742534136}, "datetime": {"datetime": "2021-09-20 19:46:05", "elapsed": 1148.295527, "delta": 7.212573}}
{"target": 0.7480164841159729, "params": {"eta": 0.7787570584214311, "max_depth": 5.087375745888867, "n_estimators": 24.5858484798218}, "datetime": {"datetime": "2021-09-20 19:46:11", "elapsed": 1154.797437, "delta": 6.50191}}
{"target": 0.7865063257362043, "params": {"eta": 0.6373458103330774, "max_depth": 9.828576261563356, "n_estimators": 25.296770515048276}, "datetime": {"datetime": "2021-09-20 19:46:18", "elapsed": 1161.495142, "delta": 6.697705}}
{"target": 0.7808554787688616, "params": {"eta": 0.2509260635884789, "max_depth": 1.1867270650293862, "n_estimators": 49.198867779514984}, "datetime": {"datetime": "2021-09-20 19:46:21", "elapsed": 1164.425428, "delta": 2.930286}}
{"target": 0.8141936262427274, "params": {"eta": 0.7251082691611392, "max_depth": 3.6942088881871418, "n_estimators": 48.179132264289144}, "datetime": {"datetime": "2021-09-20 19:46:24", "elapsed": 1167.517671, "delta": 3.092243}}
{"target": 0.8283020469318813, "params": {"eta": 0.7113589324747237, "max_depth": 3.575318872381016, "n_estimators": 48.674005118954994}, "datetime": {"datetime": "2021-09-20 19:46:31", "elapsed": 1173.987947, "delta": 6.470276}}
{"target": 0.8644234503288337, "params": {"eta": 0.22644829643399397, "max_depth": 3.31197139207465, "n_estimators": 48.169826843005985}, "datetime": {"datetime": "2021-09-20 19:46:39", "elapsed": 1182.244912, "delta": 8.256965}}
{"target": 0.8009897022290379, "params": {"eta": 0.5239667764980362, "max_depth": 11.564113424739043, "n_estimators": 31.807143287163363}, "datetime": {"datetime": "2021-09-20 19:46:42", "elapsed": 1185.216615, "delta": 2.971703}}
{"target": 0.8422441364134211, "params": {"eta": 0.19803237689290862, "max_depth": 3.7862131410522806, "n_estimators": 48.43873194316356}, "datetime": {"datetime": "2021-09-20 19:46:48", "elapsed": 1191.709547, "delta": 6.492932}}
{"target": 0.8681495614513957, "params": {"eta": 0.4103194028648084, "max_depth": 3.2976241213011606, "n_estimators": 48.61541305813425}, "datetime": {"datetime": "2021-09-20 19:46:55", "elapsed": 1198.657437, "delta": 6.94789}}
{"target": 0.8027385335686885, "params": {"eta": 0.20092194112771128, "max_depth": 4.704159004928318, "n_estimators": 13.805885774174705}, "datetime": {"datetime": "2021-09-20 19:47:01", "elapsed": 1204.61104, "delta": 5.953603}}
{"target": 0.7902918656300046, "params": {"eta": 0.4365345474879909, "max_depth": 1.5494206357268627, "n_estimators": 44.27742774134665}, "datetime": {"datetime": "2021-09-20 19:47:04", "elapsed": 1207.771592, "delta": 3.160552}}
{"target": 0.8175893646247376, "params": {"eta": 0.5614878025699173, "max_depth": 3.2204936697521283, "n_estimators": 48.08313288596392}, "datetime": {"datetime": "2021-09-20 19:47:12", "elapsed": 1215.338097, "delta": 7.566505}}
{"target": 0.7837069421855066, "params": {"eta": 0.6969287676465569, "max_depth": 1.3646530007974125, "n_estimators": 43.98863193322706}, "datetime": {"datetime": "2021-09-20 19:47:18", "elapsed": 1221.266318, "delta": 5.928221}}
{"target": 0.8246320978155472, "params": {"eta": 0.3358505235575511, "max_depth": 9.208835490621883, "n_estimators": 20.72095814268107}, "datetime": {"datetime": "2021-09-20 19:47:24", "elapsed": 1227.387186, "delta": 6.120868}}
{"target": 0.783860774692566, "params": {"eta": 0.710452362902906, "max_depth": 4.091550462565403, "n_estimators": 48.52728494557469}, "datetime": {"datetime": "2021-09-20 19:47:30", "elapsed": 1233.353436, "delta": 5.96625}}
{"target": 0.7251329800463124, "params": {"eta": 0.7792374739409247, "max_depth": 15.827364937126305, "n_estimators": 16.748011135550303}, "datetime": {"datetime": "2021-09-20 19:47:33", "elapsed": 1236.628851, "delta": 3.275415}}
{"target": 0.8164578215026427, "params": {"eta": 0.675204123761683, "max_depth": 10.309525956972164, "n_estimators": 24.648393188697188}, "datetime": {"datetime": "2021-09-20 19:47:39", "elapsed": 1242.757017, "delta": 6.128166}}
{"target": 0.836134741869799, "params": {"eta": 0.3251896454513163, "max_depth": 8.977018881890416, "n_estimators": 20.189227772064058}, "datetime": {"datetime": "2021-09-20 19:47:48", "elapsed": 1251.048332, "delta": 8.291315}}
{"target": 0.8550231075739776, "params": {"eta": 0.26354540782858615, "max_depth": 3.706700972833236, "n_estimators": 47.81548203450322}, "datetime": {"datetime": "2021-09-20 19:47:53", "elapsed": 1256.553467, "delta": 5.505135}}
{"target": 0.7788019887889019, "params": {"eta": 0.610620631335322, "max_depth": 12.148710095274454, "n_estimators": 12.900181430407478}, "datetime": {"datetime": "2021-09-20 19:48:04", "elapsed": 1267.135191, "delta": 10.581724}}
{"target": 0.8119255554276589, "params": {"eta": 0.6207226332982918, "max_depth": 5.631688090160242, "n_estimators": 13.710268000446513}, "datetime": {"datetime": "2021-09-20 19:48:10", "elapsed": 1273.930759, "delta": 6.795568}}
{"target": 0.831213068647295, "params": {"eta": 0.3752095173233819, "max_depth": 19.95430441492232, "n_estimators": 13.877692674836089}, "datetime": {"datetime": "2021-09-20 19:48:14", "elapsed": 1277.583017, "delta": 3.652258}}
{"target": 0.8481072042739195, "params": {"eta": 0.4528400054486178, "max_depth": 4.159996636307188, "n_estimators": 47.9853984485097}, "datetime": {"datetime": "2021-09-20 19:48:20", "elapsed": 1283.182917, "delta": 5.5999}}
{"target": 0.7487100513149928, "params": {"eta": 0.7395349679912422, "max_depth": 4.423207799968759, "n_estimators": 23.88364526274372}, "datetime": {"datetime": "2021-09-20 19:48:28", "elapsed": 1290.985414, "delta": 7.802497}}
{"target": -4.583115044922168, "params": {"eta": 0.022979013225146484, "max_depth": 8.702360536509495, "n_estimators": 2.8415591783255025}, "datetime": {"datetime": "2021-09-20 19:48:30", "elapsed": 1293.906009, "delta": 2.920595}}
{"target": 0.8235647471292629, "params": {"eta": 0.5780463838406729, "max_depth": 2.3991813523547236, "n_estimators": 45.92526763222586}, "datetime": {"datetime": "2021-09-20 19:48:38", "elapsed": 1301.385748, "delta": 7.479739}}
{"target": 0.7304711571962677, "params": {"eta": 0.7523005318728101, "max_depth": 10.877811534449927, "n_estimators": 47.6133440507226}, "datetime": {"datetime": "2021-09-20 19:48:41", "elapsed": 1304.841875, "delta": 3.456127}}
{"target": 0.7239948987862235, "params": {"eta": 0.7653678690325961, "max_depth": 9.664741580304536, "n_estimators": 24.627926499543314}, "datetime": {"datetime": "2021-09-20 19:48:50", "elapsed": 1313.320022, "delta": 8.478147}}
{"target": 0.8102073927979206, "params": {"eta": 0.4176933873629956, "max_depth": 2.095424948071927, "n_estimators": 46.342023889615106}, "datetime": {"datetime": "2021-09-20 19:48:59", "elapsed": 1321.955299, "delta": 8.635277}}
{"target": 0.8023192994769829, "params": {"eta": 0.5551326429923644, "max_depth": 13.72246767210985, "n_estimators": 9.195631249517602}, "datetime": {"datetime": "2021-09-20 19:49:02", "elapsed": 1325.603297, "delta": 3.647998}}
{"target": 0.8031903421086035, "params": {"eta": 0.5250883858433056, "max_depth": 3.2631172811823963, "n_estimators": 46.1352062788061}, "datetime": {"datetime": "2021-09-20 19:49:14", "elapsed": 1337.399255, "delta": 11.795958}}
{"target": 0.7836102170432301, "params": {"eta": 0.062444598746333825, "max_depth": 7.417684511142507, "n_estimators": 41.44358799873922}, "datetime": {"datetime": "2021-09-20 19:49:17", "elapsed": 1340.855294, "delta": 3.456039}}
{"target": -0.8360021446785397, "params": {"eta": 0.20320301265708393, "max_depth": 8.961701314013318, "n_estimators": 3.2976203276326768}, "datetime": {"datetime": "2021-09-20 19:49:21", "elapsed": 1344.048859, "delta": 3.193565}}
{"target": 0.7573787803236971, "params": {"eta": 0.14305326247362474, "max_depth": 1.5838657824059412, "n_estimators": 32.40011510936583}, "datetime": {"datetime": "2021-09-20 19:49:24", "elapsed": 1347.226962, "delta": 3.178103}}
{"target": 0.8504697579644068, "params": {"eta": 0.14650733982654218, "max_depth": 3.8422844234526146, "n_estimators": 44.32540957067351}, "datetime": {"datetime": "2021-09-20 19:49:27", "elapsed": 1350.585066, "delta": 3.358104}}
{"target": 0.7874484593765082, "params": {"eta": 0.37653679775603655, "max_depth": 1.4662965989892265, "n_estimators": 14.70595860133235}, "datetime": {"datetime": "2021-09-20 19:49:30", "elapsed": 1353.931182, "delta": 3.346116}}
{"target": 0.8509504418038274, "params": {"eta": 0.15268872628203187, "max_depth": 9.065591816851676, "n_estimators": 35.24140187383634}, "datetime": {"datetime": "2021-09-20 19:49:34", "elapsed": 1357.410123, "delta": 3.478941}}
{"target": 0.8346167453007772, "params": {"eta": 0.3779110218937477, "max_depth": 8.76306656232691, "n_estimators": 34.77155337399746}, "datetime": {"datetime": "2021-09-20 19:49:44", "elapsed": 1367.278559, "delta": 9.868436}}
{"target": 0.8372759374752864, "params": {"eta": 0.23311564821382932, "max_depth": 8.72480693314723, "n_estimators": 35.132970111341024}, "datetime": {"datetime": "2021-09-20 19:49:50", "elapsed": 1373.168095, "delta": 5.889536}}
{"target": 0.838162669830906, "params": {"eta": 0.10414137866905963, "max_depth": 7.025959473022173, "n_estimators": 41.56061851245486}, "datetime": {"datetime": "2021-09-20 19:49:57", "elapsed": 1380.382124, "delta": 7.214029}}
{"target": 0.7881493551404809, "params": {"eta": 0.6563480005179845, "max_depth": 8.880798981673623, "n_estimators": 35.46608929387057}, "datetime": {"datetime": "2021-09-20 19:50:05", "elapsed": 1388.429452, "delta": 8.047328}}
{"target": 0.8507839406130386, "params": {"eta": 0.31895421312639016, "max_depth": 9.156425456765698, "n_estimators": 33.68292768437466}, "datetime": {"datetime": "2021-09-20 19:50:13", "elapsed": 1396.597755, "delta": 8.168303}}
{"target": 0.7889775734266, "params": {"eta": 0.645296951352312, "max_depth": 9.002778888951562, "n_estimators": 35.06444494551386}, "datetime": {"datetime": "2021-09-20 19:50:20", "elapsed": 1403.014452, "delta": 6.416697}}
{"target": 0.7835628600156292, "params": {"eta": 0.3608842997594991, "max_depth": 2.951646439818615, "n_estimators": 45.617518195580196}, "datetime": {"datetime": "2021-09-20 19:50:27", "elapsed": 1410.394528, "delta": 7.380076}}
{"target": 0.8121145243259322, "params": {"eta": 0.6374916393682744, "max_depth": 2.5511124091394612, "n_estimators": 46.434548517202394}, "datetime": {"datetime": "2021-09-20 19:50:38", "elapsed": 1421.256579, "delta": 10.862051}}
{"target": 0.8047434854199671, "params": {"eta": 0.29581262791580926, "max_depth": 2.357859904052221, "n_estimators": 28.687881151621667}, "datetime": {"datetime": "2021-09-20 19:50:41", "elapsed": 1424.580359, "delta": 3.32378}}
{"target": 0.8345650265073278, "params": {"eta": 0.3588669024310009, "max_depth": 18.131621219883733, "n_estimators": 36.79156440938924}, "datetime": {"datetime": "2021-09-20 19:50:49", "elapsed": 1432.433356, "delta": 7.852997}}
{"target": 0.7702893515613349, "params": {"eta": 0.7797066909792305, "max_depth": 4.332512201237137, "n_estimators": 35.72396864303355}, "datetime": {"datetime": "2021-09-20 19:51:00", "elapsed": 1443.038791, "delta": 10.605435}}
{"target": 0.8148945398175187, "params": {"eta": 0.5267864676002854, "max_depth": 10.431906401067195, "n_estimators": 23.548279023566597}, "datetime": {"datetime": "2021-09-20 19:51:03", "elapsed": 1446.764212, "delta": 3.725421}}
{"target": 0.7798811323330814, "params": {"eta": 0.23651210800844577, "max_depth": 1.9760035294870884, "n_estimators": 45.81026292517776}, "datetime": {"datetime": "2021-09-20 19:51:10", "elapsed": 1453.860815, "delta": 7.096603}}
