{"target": -2.384225123553916, "params": {"eta": 0.01881247738520222, "max_depth": 12.223082716892156, "n_estimators": 17.0532334446562}, "datetime": {"datetime": "2021-09-20 20:21:09", "elapsed": 106.139846, "delta": 0.854617}}
{"target": 0.820806871085222, "params": {"eta": 0.49939107869510685, "max_depth": 4.100601302839601, "n_estimators": 10.467420464894758}, "datetime": {"datetime": "2021-09-20 20:21:10", "elapsed": 107.036971, "delta": 0.897125}}
{"target": 0.831944179420087, "params": {"eta": 0.47485531732264724, "max_depth": 3.5083372896656675, "n_estimators": 43.497229405398166}, "datetime": {"datetime": "2021-09-20 20:21:11", "elapsed": 108.284647, "delta": 1.247676}}
{"target": 0.7220884912723853, "params": {"eta": 0.7887071017313728, "max_depth": 11.498932457652968, "n_estimators": 19.019254212716184}, "datetime": {"datetime": "2021-09-20 20:21:12", "elapsed": 109.364989, "delta": 1.080342}}
{"target": 0.7814390438290982, "params": {"eta": 0.6193042730234091, "max_depth": 6.464221705551335, "n_estimators": 29.39042952107733}, "datetime": {"datetime": "2021-09-20 20:21:14", "elapsed": 110.620701, "delta": 1.255712}}
{"target": 0.7746751127637634, "params": {"eta": 0.6423672833596804, "max_depth": 14.984790421065235, "n_estimators": 17.52359707927651}, "datetime": {"datetime": "2021-09-20 20:21:15", "elapsed": 111.807697, "delta": 1.186996}}
{"target": 0.739578514352101, "params": {"eta": 0.737539873199927, "max_depth": 19.82883469233964, "n_estimators": 17.36694906107018}, "datetime": {"datetime": "2021-09-20 20:21:16", "elapsed": 112.951924, "delta": 1.144227}}
{"target": 0.78901596645456, "params": {"eta": 0.08067880305161806, "max_depth": 2.540098666501075, "n_estimators": 45.57662009429822}, "datetime": {"datetime": "2021-09-20 20:21:17", "elapsed": 114.277855, "delta": 1.325931}}
{"target": 0.76811045869651, "params": {"eta": 0.6888968524759791, "max_depth": 19.88383996653793, "n_estimators": 28.547010453190637}, "datetime": {"datetime": "2021-09-20 20:21:18", "elapsed": 115.24364, "delta": 0.965785}}
{"target": -2.4798402960290904, "params": {"eta": 0.03124172568814093, "max_depth": 2.2586848394674877, "n_estimators": 10.705590144470614}, "datetime": {"datetime": "2021-09-20 20:21:19", "elapsed": 116.29422, "delta": 1.05058}}
{"target": 0.8610592536488952, "params": {"eta": 0.3067424218517896, "max_depth": 4.516435005023741, "n_estimators": 41.68329258884372}, "datetime": {"datetime": "2021-09-20 20:21:20", "elapsed": 117.270775, "delta": 0.976555}}
{"target": 0.7106569687182565, "params": {"eta": 0.8, "max_depth": 18.27421909913739, "n_estimators": 17.31582533360448}, "datetime": {"datetime": "2021-09-20 20:21:21", "elapsed": 118.30777, "delta": 1.036995}}
{"target": 0.13873002060855888, "params": {"eta": 0.0253785256414016, "max_depth": 6.28090021455, "n_estimators": 45.39958964527104}, "datetime": {"datetime": "2021-09-20 20:21:22", "elapsed": 119.461609, "delta": 1.153839}}
{"target": 0.756119262958421, "params": {"eta": 0.8, "max_depth": 4.216790765479749, "n_estimators": 11.945355788566227}, "datetime": {"datetime": "2021-09-20 20:21:23", "elapsed": 120.501959, "delta": 1.04035}}
{"target": 0.828518398559776, "params": {"eta": 0.0883287283915173, "max_depth": 20.4347864971869, "n_estimators": 39.10684385985879}, "datetime": {"datetime": "2021-09-20 20:21:25", "elapsed": 121.618214, "delta": 1.116255}}
{"target": 0.7752106536975787, "params": {"eta": 0.642264285810581, "max_depth": 6.622338366493855, "n_estimators": 24.896045881571563}, "datetime": {"datetime": "2021-09-20 20:21:26", "elapsed": 122.543134, "delta": 0.92492}}
{"target": 0.7779465078047402, "params": {"eta": 0.7073076714524421, "max_depth": 19.679890929570163, "n_estimators": 29.8487639381447}, "datetime": {"datetime": "2021-09-20 20:21:27", "elapsed": 123.697136, "delta": 1.154002}}
{"target": 0.7547781057529801, "params": {"eta": 0.8, "max_depth": 5.727374349887651, "n_estimators": 21.547071438807745}, "datetime": {"datetime": "2021-09-20 20:21:28", "elapsed": 125.040941, "delta": 1.343805}}
{"target": 0.5095151521030292, "params": {"eta": 0.036130494093092165, "max_depth": 7.031624345482529, "n_estimators": 43.015860410007825}, "datetime": {"datetime": "2021-09-20 20:21:29", "elapsed": 126.401078, "delta": 1.360137}}
{"target": 0.8199954316749879, "params": {"eta": 0.5651558491746764, "max_depth": 7.351879124485633, "n_estimators": 47.226516939015596}, "datetime": {"datetime": "2021-09-20 20:21:31", "elapsed": 128.164883, "delta": 1.763805}}
{"target": 0.7597352259307893, "params": {"eta": 0.8, "max_depth": 3.5417718952507693, "n_estimators": 8.668254502604903}, "datetime": {"datetime": "2021-09-20 20:21:32", "elapsed": 129.357048, "delta": 1.192165}}
{"target": 0.7136322195341086, "params": {"eta": 0.8, "max_depth": 14.625971475040096, "n_estimators": 13.008982648712772}, "datetime": {"datetime": "2021-09-20 20:21:34", "elapsed": 130.89965, "delta": 1.542602}}
{"target": 0.8215151551237159, "params": {"eta": 0.5438560526526605, "max_depth": 14.413045798969058, "n_estimators": 29.72869104810902}, "datetime": {"datetime": "2021-09-20 20:21:36", "elapsed": 132.900123, "delta": 2.000473}}
{"target": 0.7860444571587026, "params": {"eta": 0.6121918587434872, "max_depth": 19.91426181659903, "n_estimators": 47.3399629626535}, "datetime": {"datetime": "2021-09-20 20:21:37", "elapsed": 134.293855, "delta": 1.393732}}
{"target": 0.7879879571907276, "params": {"eta": 0.6338511659846702, "max_depth": 9.159839742803234, "n_estimators": 24.094084130080486}, "datetime": {"datetime": "2021-09-20 20:21:40", "elapsed": 136.5682, "delta": 2.274345}}
{"target": -0.9216111442948987, "params": {"eta": 0.025601432230467153, "max_depth": 9.110627508560462, "n_estimators": 25.99428800442304}, "datetime": {"datetime": "2021-09-20 20:21:41", "elapsed": 138.193203, "delta": 1.625003}}
{"target": 0.743284934720033, "params": {"eta": 0.8, "max_depth": 9.02204182703452, "n_estimators": 28.395762770177043}, "datetime": {"datetime": "2021-09-20 20:21:43", "elapsed": 139.635663, "delta": 1.44246}}
{"target": -3.3651645316105627, "params": {"eta": 0.01, "max_depth": 14.38495087092448, "n_estimators": 18.63784911928084}, "datetime": {"datetime": "2021-09-20 20:21:44", "elapsed": 141.386999, "delta": 1.751336}}
{"target": 0.8042730090866548, "params": {"eta": 0.48337955542845085, "max_depth": 15.87163758866134, "n_estimators": 17.107676945676122}, "datetime": {"datetime": "2021-09-20 20:21:46", "elapsed": 142.762939, "delta": 1.37594}}
{"target": 0.713677859957444, "params": {"eta": 0.8, "max_depth": 14.397677858107919, "n_estimators": 20.843207347175337}, "datetime": {"datetime": "2021-09-20 20:21:47", "elapsed": 144.228941, "delta": 1.466002}}
{"target": 0.7957147858736808, "params": {"eta": 0.7592227185977297, "max_depth": 1.8745982200090485, "n_estimators": 40.85914454921349}, "datetime": {"datetime": "2021-09-20 20:21:49", "elapsed": 145.793354, "delta": 1.564413}}
{"target": -3.2087875350108197, "params": {"eta": 0.01, "max_depth": 8.041974399805799, "n_estimators": 20.90998671161006}, "datetime": {"datetime": "2021-09-20 20:21:50", "elapsed": 147.195239, "delta": 1.401885}}
{"target": 0.7827511397792929, "params": {"eta": 0.7091886274780356, "max_depth": 4.6441621367261945, "n_estimators": 42.90285788430731}, "datetime": {"datetime": "2021-09-20 20:21:52", "elapsed": 148.79891, "delta": 1.603671}}
{"target": 0.8346700524737932, "params": {"eta": 0.12262011890066046, "max_depth": 10.897059848975342, "n_estimators": 38.20493312557919}, "datetime": {"datetime": "2021-09-20 20:21:54", "elapsed": 150.619874, "delta": 1.820964}}
{"target": -2.512238561049073, "params": {"eta": 0.01, "max_depth": 5.56150107045456, "n_estimators": 30.08455382513543}, "datetime": {"datetime": "2021-09-20 20:21:56", "elapsed": 152.552001, "delta": 1.932127}}
{"target": -3.3298696935057857, "params": {"eta": 0.010248477613118355, "max_depth": 10.906385869737871, "n_estimators": 18.44643578229685}, "datetime": {"datetime": "2021-09-20 20:21:56", "elapsed": 153.418524, "delta": 0.866523}}
{"target": 0.7835692580306574, "params": {"eta": 0.37166619469238954, "max_depth": 2.9934807011598, "n_estimators": 45.22516549777459}, "datetime": {"datetime": "2021-09-20 20:21:58", "elapsed": 155.199879, "delta": 1.781355}}
{"target": 0.8107110386876961, "params": {"eta": 0.570240936337489, "max_depth": 10.222834947306282, "n_estimators": 22.4710758702749}, "datetime": {"datetime": "2021-09-20 20:21:59", "elapsed": 156.26602, "delta": 1.066141}}
{"target": 0.7935878290732555, "params": {"eta": 0.6992170823192355, "max_depth": 5.88320917180215, "n_estimators": 32.401344537665835}, "datetime": {"datetime": "2021-09-20 20:22:00", "elapsed": 157.385982, "delta": 1.119962}}
{"target": 0.8268108845677135, "params": {"eta": 0.42651201861206894, "max_depth": 11.738554639563452, "n_estimators": 18.104670637517362}, "datetime": {"datetime": "2021-09-20 20:22:02", "elapsed": 158.993065, "delta": 1.607083}}
{"target": 0.7710986310740243, "params": {"eta": 0.1711410088827772, "max_depth": 1.0967634070261258, "n_estimators": 38.36800330739078}, "datetime": {"datetime": "2021-09-20 20:22:03", "elapsed": 159.999064, "delta": 1.005999}}
{"target": 0.8374151403189078, "params": {"eta": 0.3608000016629618, "max_depth": 19.994815958158725, "n_estimators": 29.237828359560936}, "datetime": {"datetime": "2021-09-20 20:22:05", "elapsed": 162.285108, "delta": 2.286044}}
{"target": 0.7826862983562146, "params": {"eta": 0.7215949097035084, "max_depth": 7.21906946387387, "n_estimators": 33.979278939868216}, "datetime": {"datetime": "2021-09-20 20:22:06", "elapsed": 163.381921, "delta": 1.096813}}
{"target": 0.8035695521448669, "params": {"eta": 0.4884536731850377, "max_depth": 3.7145887731191043, "n_estimators": 9.620055341640725}, "datetime": {"datetime": "2021-09-20 20:22:08", "elapsed": 165.436342, "delta": 2.054421}}
{"target": 0.7958961675936551, "params": {"eta": 0.7898507907338596, "max_depth": 2.52295678364897, "n_estimators": 21.013596757336618}, "datetime": {"datetime": "2021-09-20 20:22:09", "elapsed": 166.155342, "delta": 0.719}}
{"target": 0.8491185930249485, "params": {"eta": 0.17647431813483633, "max_depth": 9.065196546917168, "n_estimators": 33.38556091240262}, "datetime": {"datetime": "2021-09-20 20:22:11", "elapsed": 167.847889, "delta": 1.692547}}
{"target": 0.8581952728689302, "params": {"eta": 0.23827822553276473, "max_depth": 4.058861735605086, "n_estimators": 45.60459536595711}, "datetime": {"datetime": "2021-09-20 20:22:13", "elapsed": 169.816431, "delta": 1.968542}}
{"target": 0.7901394221485397, "params": {"eta": 0.6015252881537185, "max_depth": 11.50459257466961, "n_estimators": 37.6799436442841}, "datetime": {"datetime": "2021-09-20 20:22:15", "elapsed": 171.958549, "delta": 2.142118}}
{"target": 0.7343800862442014, "params": {"eta": 0.7804954215890637, "max_depth": 9.509622193122915, "n_estimators": 22.86565736796624}, "datetime": {"datetime": "2021-09-20 20:22:17", "elapsed": 173.949309, "delta": 1.99076}}
{"target": 0.841843437407488, "params": {"eta": 0.4789929510162769, "max_depth": 8.415446557592533, "n_estimators": 46.94689496651572}, "datetime": {"datetime": "2021-09-20 20:22:18", "elapsed": 175.258143, "delta": 1.308834}}
{"target": 0.7909699950115738, "params": {"eta": 0.4970588254572194, "max_depth": 2.666717866360762, "n_estimators": 44.22500146324805}, "datetime": {"datetime": "2021-09-20 20:22:21", "elapsed": 177.68779, "delta": 2.429647}}
{"target": 0.7598814070129194, "params": {"eta": 0.7561084251314374, "max_depth": 5.865107505332679, "n_estimators": 28.359436413218145}, "datetime": {"datetime": "2021-09-20 20:22:23", "elapsed": 179.640976, "delta": 1.953186}}
{"target": 0.7477237862375528, "params": {"eta": 0.7878893389522961, "max_depth": 7.093084829570499, "n_estimators": 28.361148751456962}, "datetime": {"datetime": "2021-09-20 20:22:25", "elapsed": 181.625627, "delta": 1.984651}}
{"target": 0.8369809861158707, "params": {"eta": 0.11554152832890613, "max_depth": 10.903499854269844, "n_estimators": 38.17199812279417}, "datetime": {"datetime": "2021-09-20 20:22:26", "elapsed": 182.863446, "delta": 1.237819}}
{"target": 0.7516499196036108, "params": {"eta": 0.7467329115189568, "max_depth": 4.5027879302908556, "n_estimators": 44.80644375760599}, "datetime": {"datetime": "2021-09-20 20:22:28", "elapsed": 185.062834, "delta": 2.199388}}
{"target": 0.8348058849444082, "params": {"eta": 0.1877174264474323, "max_depth": 16.81755951639952, "n_estimators": 17.80649440134548}, "datetime": {"datetime": "2021-09-20 20:22:30", "elapsed": 186.845711, "delta": 1.782877}}
{"target": 0.8558389167191309, "params": {"eta": 0.40182908702527725, "max_depth": 5.483708834185023, "n_estimators": 20.374310009297556}, "datetime": {"datetime": "2021-09-20 20:22:32", "elapsed": 189.063708, "delta": 2.217997}}
{"target": 0.7940590187363258, "params": {"eta": 0.13627003721558434, "max_depth": 2.5868053940674742, "n_estimators": 42.202699402617526}, "datetime": {"datetime": "2021-09-20 20:22:34", "elapsed": 190.792139, "delta": 1.728431}}
{"target": 0.709406310225426, "params": {"eta": 0.8, "max_depth": 19.973655165289827, "n_estimators": 39.873622505667015}, "datetime": {"datetime": "2021-09-20 20:22:36", "elapsed": 193.234391, "delta": 2.442252}}
{"target": 0.831427543188527, "params": {"eta": 0.23113948719453975, "max_depth": 20.23837802284802, "n_estimators": 18.42342477187449}, "datetime": {"datetime": "2021-09-20 20:22:38", "elapsed": 195.185654, "delta": 1.951263}}
{"target": 0.7677315962268939, "params": {"eta": 0.7721718216699393, "max_depth": 6.555605332362365, "n_estimators": 22.2576903774057}, "datetime": {"datetime": "2021-09-20 20:22:40", "elapsed": 197.119816, "delta": 1.934162}}
{"target": 0.8438330478662176, "params": {"eta": 0.4697994026346925, "max_depth": 10.149676313320223, "n_estimators": 23.79571700929182}, "datetime": {"datetime": "2021-09-20 20:22:43", "elapsed": 199.57602, "delta": 2.456204}}
{"target": 0.8265946045892041, "params": {"eta": 0.7081456702126365, "max_depth": 3.8211986817861767, "n_estimators": 40.393096843649516}, "datetime": {"datetime": "2021-09-20 20:22:45", "elapsed": 201.844944, "delta": 2.268924}}
{"target": 0.84061234015266, "params": {"eta": 0.19163801989825677, "max_depth": 4.372772744141635, "n_estimators": 19.697969921046468}, "datetime": {"datetime": "2021-09-20 20:22:47", "elapsed": 203.955943, "delta": 2.110999}}
{"target": 0.8013765032970079, "params": {"eta": 0.7213247887036317, "max_depth": 5.858450365692932, "n_estimators": 43.8924268951032}, "datetime": {"datetime": "2021-09-20 20:22:49", "elapsed": 205.6527, "delta": 1.696757}}
{"target": -2.512017999472016, "params": {"eta": 0.01, "max_depth": 20.59820704638175, "n_estimators": 30.402466928998518}, "datetime": {"datetime": "2021-09-20 20:22:50", "elapsed": 207.286471, "delta": 1.633771}}
{"target": 0.7831671548061248, "params": {"eta": 0.705537013055431, "max_depth": 19.21826565936084, "n_estimators": 31.282420471564155}, "datetime": {"datetime": "2021-09-20 20:22:52", "elapsed": 209.422508, "delta": 2.136037}}
{"target": 0.7907867861740432, "params": {"eta": 0.6331610516915718, "max_depth": 8.937728698143205, "n_estimators": 39.84703832782965}, "datetime": {"datetime": "2021-09-20 20:22:54", "elapsed": 211.118434, "delta": 1.695926}}
{"target": 0.8235191716457073, "params": {"eta": 0.3915920134982461, "max_depth": 20.82535423042035, "n_estimators": 28.416096916933306}, "datetime": {"datetime": "2021-09-20 20:22:56", "elapsed": 213.04825, "delta": 1.929816}}
{"target": 0.8354259896879975, "params": {"eta": 0.12432093043920685, "max_depth": 7.976319794574788, "n_estimators": 28.22290211897822}, "datetime": {"datetime": "2021-09-20 20:22:58", "elapsed": 214.800432, "delta": 1.752182}}
{"target": 0.7432682761987952, "params": {"eta": 0.8, "max_depth": 9.633112982015067, "n_estimators": 20.01530690397534}, "datetime": {"datetime": "2021-09-20 20:23:00", "elapsed": 216.834531, "delta": 2.034099}}
{"target": 0.7332299205373002, "params": {"eta": 0.8, "max_depth": 11.988278408102241, "n_estimators": 20.09486817496902}, "datetime": {"datetime": "2021-09-20 20:23:02", "elapsed": 219.505984, "delta": 2.671453}}
{"target": -1.9818170653998202, "params": {"eta": 0.024307617481618686, "max_depth": 20.121642333874313, "n_estimators": 16.7050890936366}, "datetime": {"datetime": "2021-09-20 20:23:05", "elapsed": 221.903909, "delta": 2.397925}}
{"target": -2.0031723259104415, "params": {"eta": 0.01, "max_depth": 2.0890106720953625, "n_estimators": 40.24878637364318}, "datetime": {"datetime": "2021-09-20 20:23:06", "elapsed": 223.486052, "delta": 1.582143}}
{"target": 0.7872999828587786, "params": {"eta": 0.8, "max_depth": 2.4680576976888235, "n_estimators": 41.59112277365945}, "datetime": {"datetime": "2021-09-20 20:23:08", "elapsed": 225.476427, "delta": 1.990375}}
{"target": 0.8256398752712533, "params": {"eta": 0.7201916291206074, "max_depth": 3.854231169543282, "n_estimators": 41.3530284431176}, "datetime": {"datetime": "2021-09-20 20:23:10", "elapsed": 226.999477, "delta": 1.52305}}
{"target": 0.856256676459715, "params": {"eta": 0.35318719014843586, "max_depth": 5.488165095159184, "n_estimators": 26.17488769982825}, "datetime": {"datetime": "2021-09-20 20:23:12", "elapsed": 228.995916, "delta": 1.996439}}
{"target": 0.7408678045175693, "params": {"eta": 0.046838831652599576, "max_depth": 19.831465134568145, "n_estimators": 48.120460034770794}, "datetime": {"datetime": "2021-09-20 20:23:14", "elapsed": 231.10757, "delta": 2.111654}}
{"target": 0.8140485544656821, "params": {"eta": 0.42572989684803836, "max_depth": 18.779421302410213, "n_estimators": 30.268244598528746}, "datetime": {"datetime": "2021-09-20 20:23:16", "elapsed": 233.143989, "delta": 2.036419}}
{"target": 0.5291137033113829, "params": {"eta": 0.03724509374315968, "max_depth": 5.462449783216417, "n_estimators": 43.19605777528274}, "datetime": {"datetime": "2021-09-20 20:23:18", "elapsed": 235.100522, "delta": 1.956533}}
{"target": 0.7824661782431797, "params": {"eta": 0.6358400635502437, "max_depth": 6.224733514359494, "n_estimators": 27.22097241439461}, "datetime": {"datetime": "2021-09-20 20:23:20", "elapsed": 237.23917, "delta": 2.138648}}
{"target": 0.7191967177511871, "params": {"eta": 0.7906351121568423, "max_depth": 19.34070913159583, "n_estimators": 48.43825598867598}, "datetime": {"datetime": "2021-09-20 20:23:22", "elapsed": 238.619173, "delta": 1.380003}}
{"target": -3.961039288915491, "params": {"eta": 0.01, "max_depth": 4.322991636557113, "n_estimators": 11.365073184928226}, "datetime": {"datetime": "2021-09-20 20:23:23", "elapsed": 240.497256, "delta": 1.878083}}
{"target": 0.7954636927861679, "params": {"eta": 0.718448787488054, "max_depth": 5.370068908724978, "n_estimators": 10.358105037734894}, "datetime": {"datetime": "2021-09-20 20:23:26", "elapsed": 242.667152, "delta": 2.169896}}
{"target": 0.7760476517001504, "params": {"eta": 0.6028717340995436, "max_depth": 20.277419264968934, "n_estimators": 14.97623859324263}, "datetime": {"datetime": "2021-09-20 20:23:27", "elapsed": 243.749626, "delta": 1.082474}}
{"target": 0.7722341849449944, "params": {"eta": 0.7817173488181706, "max_depth": 3.2101697864740077, "n_estimators": 12.11753550999812}, "datetime": {"datetime": "2021-09-20 20:23:29", "elapsed": 246.145305, "delta": 2.395679}}
{"target": 0.8446084880894846, "params": {"eta": 0.4357798946524707, "max_depth": 14.35320776338146, "n_estimators": 30.711049713240335}, "datetime": {"datetime": "2021-09-20 20:23:31", "elapsed": 248.425333, "delta": 2.280028}}
{"target": 0.7105598393172994, "params": {"eta": 0.8, "max_depth": 21.0, "n_estimators": 39.314756437534975}, "datetime": {"datetime": "2021-09-20 20:23:34", "elapsed": 250.818012, "delta": 2.392679}}
{"target": 0.22665015346053818, "params": {"eta": 0.1283291554761511, "max_depth": 20.768219649672687, "n_estimators": 9.350819353174423}, "datetime": {"datetime": "2021-09-20 20:23:35", "elapsed": 252.066922, "delta": 1.24891}}
{"target": 0.7618202978788722, "params": {"eta": 0.8, "max_depth": 6.121465319410502, "n_estimators": 11.066255040263327}, "datetime": {"datetime": "2021-09-20 20:23:37", "elapsed": 254.360578, "delta": 2.293656}}
{"target": 0.8227579896961232, "params": {"eta": 0.21979338399115986, "max_depth": 20.21433732911194, "n_estimators": 18.426504806961653}, "datetime": {"datetime": "2021-09-20 20:23:39", "elapsed": 255.767805, "delta": 1.407227}}
{"target": 0.734490627020679, "params": {"eta": 0.7723383388883452, "max_depth": 7.959698875428641, "n_estimators": 43.58389204077738}, "datetime": {"datetime": "2021-09-20 20:23:41", "elapsed": 258.306422, "delta": 2.538617}}
{"target": 0.08440194970220993, "params": {"eta": 0.31566202313100944, "max_depth": 4.7268581200676305, "n_estimators": 3.6277506555123242}, "datetime": {"datetime": "2021-09-20 20:23:43", "elapsed": 259.574514, "delta": 1.268092}}
{"target": 0.748535315268121, "params": {"eta": 0.7285688275802339, "max_depth": 4.524919113795737, "n_estimators": 44.78984741462645}, "datetime": {"datetime": "2021-09-20 20:23:44", "elapsed": 260.77057, "delta": 1.196056}}
{"target": 0.7106559477898988, "params": {"eta": 0.8, "max_depth": 18.45641559480946, "n_estimators": 16.18263383987551}, "datetime": {"datetime": "2021-09-20 20:23:46", "elapsed": 263.246706, "delta": 2.476136}}
{"target": 0.8465703290463833, "params": {"eta": 0.2498766339345181, "max_depth": 12.553590163409055, "n_estimators": 37.807128433844774}, "datetime": {"datetime": "2021-09-20 20:23:49", "elapsed": 265.810622, "delta": 2.563916}}
{"target": 0.8420001800591507, "params": {"eta": 0.2992236245877665, "max_depth": 7.944341829897452, "n_estimators": 44.779852999269586}, "datetime": {"datetime": "2021-09-20 20:23:51", "elapsed": 268.226038, "delta": 2.415416}}
