{"target": 0.7349446216532218, "params": {"eta": 0.8, "max_depth": 10.245088615150104, "n_estimators": 15.697195087268849}, "datetime": {"datetime": "2021-09-20 19:29:13", "elapsed": 136.886187, "delta": 1.09803}}
{"target": 0.7925037691138284, "params": {"eta": 0.629461448408009, "max_depth": 17.39888473513188, "n_estimators": 11.91821086955694}, "datetime": {"datetime": "2021-09-20 19:29:14", "elapsed": 137.849187, "delta": 0.963}}
{"target": 0.7349459224743697, "params": {"eta": 0.8, "max_depth": 10.944670055328801, "n_estimators": 13.872560986932266}, "datetime": {"datetime": "2021-09-20 19:29:15", "elapsed": 138.653431, "delta": 0.804244}}
{"target": -1.7367896876427498, "params": {"eta": 0.02185875612943619, "max_depth": 19.284673886530776, "n_estimators": 20.29067098391912}, "datetime": {"datetime": "2021-09-20 19:29:16", "elapsed": 139.759429, "delta": 1.105998}}
{"target": 0.05038026113062466, "params": {"eta": 0.058823460652930995, "max_depth": 20.95751510653268, "n_estimators": 18.44266692329113}, "datetime": {"datetime": "2021-09-20 19:29:17", "elapsed": 140.887444, "delta": 1.128015}}
{"target": 0.8368800008423228, "params": {"eta": 0.1664355732792964, "max_depth": 10.15588244311987, "n_estimators": 36.11296111661918}, "datetime": {"datetime": "2021-09-20 19:29:18", "elapsed": 141.856525, "delta": 0.969081}}
{"target": 0.7932224875605518, "params": {"eta": 0.6633631514770992, "max_depth": 20.976375217576635, "n_estimators": 15.090653468716766}, "datetime": {"datetime": "2021-09-20 19:29:19", "elapsed": 142.767522, "delta": 0.910997}}
{"target": 0.7285803637182471, "params": {"eta": 0.8, "max_depth": 13.73160854444634, "n_estimators": 43.67281974083526}, "datetime": {"datetime": "2021-09-20 19:29:20", "elapsed": 143.736527, "delta": 0.969005}}
{"target": 0.8137148999870709, "params": {"eta": 0.6776982344615319, "max_depth": 6.435733909067137, "n_estimators": 27.520939773310275}, "datetime": {"datetime": "2021-09-20 19:29:21", "elapsed": 144.782521, "delta": 1.045994}}
{"target": 0.7040001776390241, "params": {"eta": 0.8, "max_depth": 15.867708414426328, "n_estimators": 4.9606880963662245}, "datetime": {"datetime": "2021-09-20 19:29:22", "elapsed": 145.649523, "delta": 0.867002}}
{"target": 0.741949491620705, "params": {"eta": 0.7466498044111878, "max_depth": 15.590421790117334, "n_estimators": 48.540199189535414}, "datetime": {"datetime": "2021-09-20 19:29:24", "elapsed": 146.943523, "delta": 1.294}}
{"target": 0.7301369990652735, "params": {"eta": 0.8, "max_depth": 12.229476550940147, "n_estimators": 24.684205112195272}, "datetime": {"datetime": "2021-09-20 19:29:25", "elapsed": 147.998525, "delta": 1.055002}}
{"target": 0.7470105442282167, "params": {"eta": 0.8, "max_depth": 7.798673378321515, "n_estimators": 12.324027758819607}, "datetime": {"datetime": "2021-09-20 19:29:26", "elapsed": 149.158525, "delta": 1.16}}
{"target": 0.7109256096456653, "params": {"eta": 0.8, "max_depth": 17.024751151538972, "n_estimators": 28.160635022604296}, "datetime": {"datetime": "2021-09-20 19:29:27", "elapsed": 150.111527, "delta": 0.953002}}
{"target": 0.7320814829669776, "params": {"eta": 0.8, "max_depth": 8.399973129188886, "n_estimators": 10.73013979628996}, "datetime": {"datetime": "2021-09-20 19:29:27", "elapsed": 150.929528, "delta": 0.818001}}
{"target": 0.743284934720033, "params": {"eta": 0.8, "max_depth": 9.060131295993942, "n_estimators": 29.46187007517004}, "datetime": {"datetime": "2021-09-20 19:29:29", "elapsed": 152.322527, "delta": 1.392999}}
{"target": 0.7158274600814026, "params": {"eta": 0.7586328905766279, "max_depth": 14.85376007725993, "n_estimators": 35.53937170217419}, "datetime": {"datetime": "2021-09-20 19:29:30", "elapsed": 153.579523, "delta": 1.256996}}
{"target": 0.7926486526415876, "params": {"eta": 0.6577043355453268, "max_depth": 20.986033611678902, "n_estimators": 22.79333120714228}, "datetime": {"datetime": "2021-09-20 19:29:31", "elapsed": 154.621525, "delta": 1.042002}}
{"target": 0.735101502144494, "params": {"eta": 0.7802259707854309, "max_depth": 14.098859179679415, "n_estimators": 47.21718061520528}, "datetime": {"datetime": "2021-09-20 19:29:33", "elapsed": 155.947526, "delta": 1.326001}}
{"target": -3.9108190264653384, "params": {"eta": 0.019240212071543368, "max_depth": 14.729506489189278, "n_estimators": 6.814005777512408}, "datetime": {"datetime": "2021-09-20 19:29:34", "elapsed": 157.073525, "delta": 1.125999}}
{"target": 0.787477812033812, "params": {"eta": 0.4936642301242761, "max_depth": 17.38472551052579, "n_estimators": 6.259826021794794}, "datetime": {"datetime": "2021-09-20 19:29:34", "elapsed": 157.815524, "delta": 0.741999}}
{"target": 0.729848060261763, "params": {"eta": 0.8, "max_depth": 13.994569916021891, "n_estimators": 4.088532421612387}, "datetime": {"datetime": "2021-09-20 19:29:35", "elapsed": 158.880525, "delta": 1.065001}}
{"target": 0.7359966401435982, "params": {"eta": 0.748591569391037, "max_depth": 17.4179642435078, "n_estimators": 7.905136065569934}, "datetime": {"datetime": "2021-09-20 19:29:37", "elapsed": 160.090525, "delta": 1.21}}
{"target": 0.7917956677598337, "params": {"eta": 0.7220878940817266, "max_depth": 12.480154233348719, "n_estimators": 5.065010046510824}, "datetime": {"datetime": "2021-09-20 19:29:38", "elapsed": 161.44176, "delta": 1.351235}}
{"target": 0.32127010275441414, "params": {"eta": 0.04024905750234305, "max_depth": 2.482078981607977, "n_estimators": 34.4575373929307}, "datetime": {"datetime": "2021-09-20 19:29:39", "elapsed": 162.678033, "delta": 1.236273}}
{"target": 0.7895924429111664, "params": {"eta": 0.7029172881297893, "max_depth": 12.515603897127484, "n_estimators": 13.285435114512385}, "datetime": {"datetime": "2021-09-20 19:29:41", "elapsed": 164.198856, "delta": 1.520823}}
{"target": 0.7432682761987952, "params": {"eta": 0.8, "max_depth": 9.091237393834783, "n_estimators": 20.517025803073643}, "datetime": {"datetime": "2021-09-20 19:29:43", "elapsed": 166.176139, "delta": 1.977283}}
{"target": 0.8154613431448211, "params": {"eta": 0.6776163383297281, "max_depth": 3.5789391909940895, "n_estimators": 46.55716918461951}, "datetime": {"datetime": "2021-09-20 19:29:44", "elapsed": 167.750879, "delta": 1.57474}}
{"target": 0.7921454060235166, "params": {"eta": 0.7479765682034909, "max_depth": 1.9235966018715258, "n_estimators": 46.78765125533428}, "datetime": {"datetime": "2021-09-20 19:29:46", "elapsed": 169.154802, "delta": 1.403923}}
{"target": 0.717027207286531, "params": {"eta": 0.8, "max_depth": 16.9480586672711, "n_estimators": 10.05684939485479}, "datetime": {"datetime": "2021-09-20 19:29:47", "elapsed": 170.430397, "delta": 1.275595}}
{"target": 0.7343473471338333, "params": {"eta": 0.7402051410403916, "max_depth": 15.82788232962209, "n_estimators": 11.488533229731685}, "datetime": {"datetime": "2021-09-20 19:29:49", "elapsed": 171.960704, "delta": 1.530307}}
{"target": 0.750261289273026, "params": {"eta": 0.7665439071998053, "max_depth": 4.605868621716819, "n_estimators": 49.69296291531077}, "datetime": {"datetime": "2021-09-20 19:29:51", "elapsed": 174.009007, "delta": 2.048303}}
{"target": 0.7765029641410851, "params": {"eta": 0.7543834178704608, "max_depth": 3.7356021743154035, "n_estimators": 48.18299730694666}, "datetime": {"datetime": "2021-09-20 19:29:52", "elapsed": 175.333668, "delta": 1.324661}}
{"target": 0.7768472596604188, "params": {"eta": 0.7158894229974692, "max_depth": 9.490394753176576, "n_estimators": 12.505339976908402}, "datetime": {"datetime": "2021-09-20 19:29:53", "elapsed": 176.47753, "delta": 1.143862}}
{"target": 0.81254851232527, "params": {"eta": 0.41717805808207975, "max_depth": 20.772220054724233, "n_estimators": 45.909167330371375}, "datetime": {"datetime": "2021-09-20 19:29:55", "elapsed": 178.218774, "delta": 1.741244}}
{"target": 0.7708875218632694, "params": {"eta": 0.8, "max_depth": 3.300287251073953, "n_estimators": 28.115192015129733}, "datetime": {"datetime": "2021-09-20 19:29:56", "elapsed": 179.371414, "delta": 1.15264}}
{"target": 0.7241407610974013, "params": {"eta": 0.79627094975843, "max_depth": 15.496058964797582, "n_estimators": 41.73113573672299}, "datetime": {"datetime": "2021-09-20 19:29:58", "elapsed": 180.977674, "delta": 1.60626}}
{"target": -2.773547114861714, "params": {"eta": 0.01, "max_depth": 16.63214919652197, "n_estimators": 26.48479326349947}, "datetime": {"datetime": "2021-09-20 19:29:59", "elapsed": 182.534727, "delta": 1.557053}}
{"target": -3.8728923054052258, "params": {"eta": 0.01, "max_depth": 14.632357532538657, "n_estimators": 12.945367986480086}, "datetime": {"datetime": "2021-09-20 19:30:01", "elapsed": 184.11264, "delta": 1.577913}}
{"target": 0.7928690878216439, "params": {"eta": 0.6823118109130748, "max_depth": 17.029019935446357, "n_estimators": 13.651738756164573}, "datetime": {"datetime": "2021-09-20 19:30:02", "elapsed": 185.765004, "delta": 1.652364}}
{"target": 0.7646047688468961, "params": {"eta": 0.7223772905603698, "max_depth": 2.3174105003450043, "n_estimators": 23.435807496295354}, "datetime": {"datetime": "2021-09-20 19:30:04", "elapsed": 187.49426, "delta": 1.729256}}
{"target": 0.821048046293508, "params": {"eta": 0.4901658643434117, "max_depth": 3.9593426801509226, "n_estimators": 24.077711898772005}, "datetime": {"datetime": "2021-09-20 19:30:06", "elapsed": 189.073662, "delta": 1.579402}}
{"target": 0.7862118470345121, "params": {"eta": 0.6919398125295929, "max_depth": 4.514614724113326, "n_estimators": 26.888204840524743}, "datetime": {"datetime": "2021-09-20 19:30:07", "elapsed": 190.290553, "delta": 1.216891}}
{"target": 0.7332299155106818, "params": {"eta": 0.8, "max_depth": 11.497373536459284, "n_estimators": 26.270101442993536}, "datetime": {"datetime": "2021-09-20 19:30:08", "elapsed": 191.749955, "delta": 1.459402}}
{"target": 0.8327848745692763, "params": {"eta": 0.07470586162602146, "max_depth": 17.36138919088141, "n_estimators": 49.163708822553296}, "datetime": {"datetime": "2021-09-20 19:30:10", "elapsed": 193.442087, "delta": 1.692132}}
{"target": 0.7094063124864729, "params": {"eta": 0.8, "max_depth": 19.66848866926782, "n_estimators": 47.16303745173817}, "datetime": {"datetime": "2021-09-20 19:30:11", "elapsed": 194.877704, "delta": 1.435617}}
{"target": -4.7463813684086205, "params": {"eta": 0.01, "max_depth": 7.5928627429529705, "n_estimators": 3.455296467199309}, "datetime": {"datetime": "2021-09-20 19:30:13", "elapsed": 196.915062, "delta": 2.037358}}
{"target": 0.8493217607666288, "params": {"eta": 0.13086170244738587, "max_depth": 10.67759273255951, "n_estimators": 32.08788721158602}, "datetime": {"datetime": "2021-09-20 19:30:15", "elapsed": 198.161689, "delta": 1.246627}}
{"target": 0.7094063124864729, "params": {"eta": 0.8, "max_depth": 19.411126680476006, "n_estimators": 45.54279432759559}, "datetime": {"datetime": "2021-09-20 19:30:17", "elapsed": 199.980721, "delta": 1.819032}}
{"target": 0.7477321140050369, "params": {"eta": 0.8, "max_depth": 5.543527872020869, "n_estimators": 4.085745869665839}, "datetime": {"datetime": "2021-09-20 19:30:18", "elapsed": 201.60853, "delta": 1.627809}}
{"target": -2.1550202637325846, "params": {"eta": 0.01, "max_depth": 16.135088223318828, "n_estimators": 36.23820247646645}, "datetime": {"datetime": "2021-09-20 19:30:20", "elapsed": 203.174539, "delta": 1.566009}}
{"target": 0.7170586222742987, "params": {"eta": 0.8, "max_depth": 16.74760284397686, "n_estimators": 38.70057147112815}, "datetime": {"datetime": "2021-09-20 19:30:21", "elapsed": 204.71661, "delta": 1.542071}}
{"target": 0.6089429354771916, "params": {"eta": 0.057659786360314845, "max_depth": 10.304972765862864, "n_estimators": 30.535039246892026}, "datetime": {"datetime": "2021-09-20 19:30:23", "elapsed": 206.604944, "delta": 1.888334}}
{"target": 0.8092556763230625, "params": {"eta": 0.08923869130403146, "max_depth": 8.303641728178887, "n_estimators": 35.46371968899431}, "datetime": {"datetime": "2021-09-20 19:30:25", "elapsed": 208.602098, "delta": 1.997154}}
{"target": -2.6879599450220932, "params": {"eta": 0.012966148608091206, "max_depth": 4.943172600655814, "n_estimators": 21.573054888146682}, "datetime": {"datetime": "2021-09-20 19:30:27", "elapsed": 210.269765, "delta": 1.667667}}
{"target": 0.7318895917557486, "params": {"eta": 0.7788199731351831, "max_depth": 11.769583860560168, "n_estimators": 32.49486163666353}, "datetime": {"datetime": "2021-09-20 19:30:28", "elapsed": 211.687127, "delta": 1.417362}}
{"target": -2.0824660498795144, "params": {"eta": 0.010081470572164975, "max_depth": 8.231481865812944, "n_estimators": 37.02365706327038}, "datetime": {"datetime": "2021-09-20 19:30:30", "elapsed": 213.583964, "delta": 1.896837}}
{"target": 0.7827205311251171, "params": {"eta": 0.6580698964060172, "max_depth": 6.4783949288990685, "n_estimators": 35.79964395351813}, "datetime": {"datetime": "2021-09-20 19:30:32", "elapsed": 215.165009, "delta": 1.581045}}
{"target": 0.7466752542311377, "params": {"eta": 0.7649600208043935, "max_depth": 9.478441751234566, "n_estimators": 35.62831296932603}, "datetime": {"datetime": "2021-09-20 19:30:33", "elapsed": 216.701568, "delta": 1.536559}}
{"target": 0.7786239810440441, "params": {"eta": 0.7298579019610579, "max_depth": 2.198707544955697, "n_estimators": 44.109434852878415}, "datetime": {"datetime": "2021-09-20 19:30:35", "elapsed": 218.159948, "delta": 1.45838}}
{"target": 0.7402079274122113, "params": {"eta": 0.75250218915262, "max_depth": 6.888004400315163, "n_estimators": 21.35508360643618}, "datetime": {"datetime": "2021-09-20 19:30:37", "elapsed": 220.019711, "delta": 1.859763}}
{"target": 0.10534584695441895, "params": {"eta": 0.03703156203933509, "max_depth": 16.75664205115132, "n_estimators": 30.32394110770781}, "datetime": {"datetime": "2021-09-20 19:30:38", "elapsed": 221.66666, "delta": 1.646949}}
{"target": 0.6677045259826092, "params": {"eta": 0.15019282572524886, "max_depth": 1.7660480240050593, "n_estimators": 17.959189431593266}, "datetime": {"datetime": "2021-09-20 19:30:40", "elapsed": 223.055662, "delta": 1.389002}}
{"target": 0.25988304819886276, "params": {"eta": 0.02769454104441338, "max_depth": 2.7504576881829603, "n_estimators": 47.76247262326223}, "datetime": {"datetime": "2021-09-20 19:30:41", "elapsed": 224.394664, "delta": 1.339002}}
{"target": -1.1669519936686794, "params": {"eta": 0.033406782914030986, "max_depth": 6.378969627403429, "n_estimators": 17.414627492669503}, "datetime": {"datetime": "2021-09-20 19:30:42", "elapsed": 225.846353, "delta": 1.451689}}
{"target": -2.725272320814847, "params": {"eta": 0.02050100366583954, "max_depth": 3.202420517035868, "n_estimators": 13.320227686582825}, "datetime": {"datetime": "2021-09-20 19:30:44", "elapsed": 227.320777, "delta": 1.474424}}
{"target": 0.8205883911041523, "params": {"eta": 0.262085885470755, "max_depth": 5.226048226904259, "n_estimators": 13.733447848170828}, "datetime": {"datetime": "2021-09-20 19:30:46", "elapsed": 229.217751, "delta": 1.896974}}
{"target": -4.147233372035334, "params": {"eta": 0.01, "max_depth": 6.365213122959216, "n_estimators": 9.89783697426099}, "datetime": {"datetime": "2021-09-20 19:30:47", "elapsed": 230.901493, "delta": 1.683742}}
{"target": 0.8344497655862665, "params": {"eta": 0.5229901440384092, "max_depth": 6.698110849030136, "n_estimators": 12.19153631847637}, "datetime": {"datetime": "2021-09-20 19:30:49", "elapsed": 232.547856, "delta": 1.646363}}
{"target": 0.79540258092473, "params": {"eta": 0.09019265084584745, "max_depth": 3.644656662135736, "n_estimators": 32.731628826129125}, "datetime": {"datetime": "2021-09-20 19:30:51", "elapsed": 234.270254, "delta": 1.722398}}
{"target": -0.3754252803721718, "params": {"eta": 0.07454889516517842, "max_depth": 7.65009452008178, "n_estimators": 11.555857933763857}, "datetime": {"datetime": "2021-09-20 19:30:53", "elapsed": 236.20025, "delta": 1.929996}}
{"target": 0.791055239783615, "params": {"eta": 0.06401104830542367, "max_depth": 6.1927891471509335, "n_estimators": 40.88587159025313}, "datetime": {"datetime": "2021-09-20 19:30:54", "elapsed": 237.738795, "delta": 1.538545}}
{"target": 0.7738076982138206, "params": {"eta": 0.6453454150369252, "max_depth": 20.21696144002143, "n_estimators": 16.244022051728983}, "datetime": {"datetime": "2021-09-20 19:30:57", "elapsed": 240.909517, "delta": 3.170722}}
{"target": 0.7588787855276418, "params": {"eta": 0.8, "max_depth": 4.866600569885543, "n_estimators": 18.426366248466977}, "datetime": {"datetime": "2021-09-20 19:31:00", "elapsed": 243.404803, "delta": 2.495286}}
{"target": 0.744856643390999, "params": {"eta": 0.7259999738818913, "max_depth": 4.479222317907258, "n_estimators": 11.721672026781341}, "datetime": {"datetime": "2021-09-20 19:31:02", "elapsed": 245.505862, "delta": 2.101059}}
{"target": 0.8555751020936472, "params": {"eta": 0.16251628063637127, "max_depth": 10.434211422543079, "n_estimators": 34.92056447456486}, "datetime": {"datetime": "2021-09-20 19:31:04", "elapsed": 247.5509, "delta": 2.045038}}
{"target": 0.735451937226052, "params": {"eta": 0.7763485798478185, "max_depth": 11.904788186412597, "n_estimators": 34.05321543806055}, "datetime": {"datetime": "2021-09-20 19:31:06", "elapsed": 249.808496, "delta": 2.257596}}
{"target": 0.7496407098865991, "params": {"eta": 0.7327433552776932, "max_depth": 4.494142903727875, "n_estimators": 9.347555822848816}, "datetime": {"datetime": "2021-09-20 19:31:09", "elapsed": 251.990974, "delta": 2.182478}}
{"target": 0.7982506356153269, "params": {"eta": 0.6773626197574221, "max_depth": 8.403440480021253, "n_estimators": 9.488869217926384}, "datetime": {"datetime": "2021-09-20 19:31:10", "elapsed": 253.898609, "delta": 1.907635}}
{"target": 0.6999490960075501, "params": {"eta": 0.8, "max_depth": 15.133370310910157, "n_estimators": 42.86282650472713}, "datetime": {"datetime": "2021-09-20 19:31:12", "elapsed": 255.750062, "delta": 1.851453}}
{"target": 0.7346870581832639, "params": {"eta": 0.8, "max_depth": 8.013842114511407, "n_estimators": 19.38178689258927}, "datetime": {"datetime": "2021-09-20 19:31:15", "elapsed": 258.276134, "delta": 2.526072}}
{"target": 0.7788663304431618, "params": {"eta": 0.8, "max_depth": 2.383095861078336, "n_estimators": 19.24486237067883}, "datetime": {"datetime": "2021-09-20 19:31:17", "elapsed": 260.230188, "delta": 1.954054}}
{"target": 0.7253336855453196, "params": {"eta": 0.7593174825576928, "max_depth": 10.94751357109289, "n_estimators": 22.64793302719977}, "datetime": {"datetime": "2021-09-20 19:31:19", "elapsed": 262.070961, "delta": 1.840773}}
{"target": -1.7858578373273364, "params": {"eta": 0.01, "max_depth": 19.37609599132592, "n_estimators": 43.82426745950389}, "datetime": {"datetime": "2021-09-20 19:31:21", "elapsed": 264.616906, "delta": 2.545945}}
{"target": 0.8425156258185771, "params": {"eta": 0.4543758330960201, "max_depth": 17.370840162462386, "n_estimators": 42.96096600776263}, "datetime": {"datetime": "2021-09-20 19:31:24", "elapsed": 267.369143, "delta": 2.752237}}
{"target": -0.005624990682049358, "params": {"eta": 0.045251472935781134, "max_depth": 3.2110420780765083, "n_estimators": 23.131595985846033}, "datetime": {"datetime": "2021-09-20 19:31:26", "elapsed": 269.440482, "delta": 2.071339}}
{"target": 0.770774447060404, "params": {"eta": 0.8, "max_depth": 1.7735395852775382, "n_estimators": 22.38740628887264}, "datetime": {"datetime": "2021-09-20 19:31:28", "elapsed": 271.491406, "delta": 2.050924}}
{"target": 0.7629704870286832, "params": {"eta": 0.8, "max_depth": 6.0676176183542285, "n_estimators": 23.384434965510607}, "datetime": {"datetime": "2021-09-20 19:31:31", "elapsed": 274.208467, "delta": 2.717061}}
{"target": 0.747150370142807, "params": {"eta": 0.8, "max_depth": 7.632431365220454, "n_estimators": 8.41404250540282}, "datetime": {"datetime": "2021-09-20 19:31:33", "elapsed": 276.413745, "delta": 2.205278}}
{"target": -1.1452164675029732, "params": {"eta": 0.02307975606907233, "max_depth": 11.265456531263833, "n_estimators": 25.471405391836367}, "datetime": {"datetime": "2021-09-20 19:31:35", "elapsed": 278.524951, "delta": 2.111206}}
{"target": -1.0922377343490544, "params": {"eta": 0.01694867672729171, "max_depth": 18.47054501608106, "n_estimators": 35.67066960807146}, "datetime": {"datetime": "2021-09-20 19:31:37", "elapsed": 280.289429, "delta": 1.764478}}
{"target": 0.8291813763830386, "params": {"eta": 0.39984731040980354, "max_depth": 12.471528984504893, "n_estimators": 21.78789771664105}, "datetime": {"datetime": "2021-09-20 19:31:39", "elapsed": 282.148143, "delta": 1.858714}}
{"target": -2.7066361874734164, "params": {"eta": 0.01, "max_depth": 5.338942838323833, "n_estimators": 27.560547239883547}, "datetime": {"datetime": "2021-09-20 19:31:40", "elapsed": 283.885989, "delta": 1.737846}}
{"target": 0.8280061049051112, "params": {"eta": 0.2476445564238625, "max_depth": 14.152631898725742, "n_estimators": 34.727489648609016}, "datetime": {"datetime": "2021-09-20 19:31:43", "elapsed": 286.601102, "delta": 2.715113}}
{"target": 0.7347365135673445, "params": {"eta": 0.8, "max_depth": 8.11036937989741, "n_estimators": 17.9741827134893}, "datetime": {"datetime": "2021-09-20 19:31:46", "elapsed": 289.013052, "delta": 2.41195}}
{"target": -1.885435492181741, "params": {"eta": 0.01, "max_depth": 7.699355433493828, "n_estimators": 41.09753328377188}, "datetime": {"datetime": "2021-09-20 19:31:48", "elapsed": 291.366703, "delta": 2.353651}}
{"target": 0.7512704023277795, "params": {"eta": 0.7368013029810191, "max_depth": 4.886427411410194, "n_estimators": 35.66644761222826}, "datetime": {"datetime": "2021-09-20 19:31:49", "elapsed": 292.870725, "delta": 1.504022}}
{"target": 0.7724008983131332, "params": {"eta": 0.8, "max_depth": 3.5123954550394885, "n_estimators": 26.90463396876224}, "datetime": {"datetime": "2021-09-20 19:31:52", "elapsed": 295.107942, "delta": 2.237217}}
