{"target": 0.7676988045551814, "params": {"eta": 0.790475337138722, "max_depth": 6.221281552380416, "n_estimators": 7.8729463721002055}, "datetime": {"datetime": "2021-09-20 20:34:26", "elapsed": 903.269158, "delta": 3.784992}}
{"target": 0.7501605942258995, "params": {"eta": 0.8, "max_depth": 5.277158554012726, "n_estimators": 8.522686011058592}, "datetime": {"datetime": "2021-09-20 20:34:31", "elapsed": 907.734742, "delta": 4.465584}}
{"target": -3.286924194260605, "params": {"eta": 0.01, "max_depth": 19.330459244577156, "n_estimators": 19.433962121813888}, "datetime": {"datetime": "2021-09-20 20:34:35", "elapsed": 912.434223, "delta": 4.699481}}
{"target": 0.8598039070306613, "params": {"eta": 0.4094486758877847, "max_depth": 6.4253721966577135, "n_estimators": 40.384817765614805}, "datetime": {"datetime": "2021-09-20 20:34:38", "elapsed": 915.228991, "delta": 2.794768}}
{"target": 0.7290747224580967, "params": {"eta": 0.7292907871860072, "max_depth": 18.298204031542465, "n_estimators": 18.35600433061827}, "datetime": {"datetime": "2021-09-20 20:34:44", "elapsed": 921.084376, "delta": 5.855385}}
{"target": 0.8148207118035184, "params": {"eta": 0.0799501703852776, "max_depth": 9.354751131091628, "n_estimators": 35.14446655198691}, "datetime": {"datetime": "2021-09-20 20:34:47", "elapsed": 923.959069, "delta": 2.874693}}
{"target": 0.747150370142807, "params": {"eta": 0.8, "max_depth": 7.276127089958498, "n_estimators": 8.046380228523141}, "datetime": {"datetime": "2021-09-20 20:34:53", "elapsed": 930.303377, "delta": 6.344308}}
{"target": 0.8421740358348443, "params": {"eta": 0.4792488099871837, "max_depth": 8.452345226937176, "n_estimators": 47.851876887902954}, "datetime": {"datetime": "2021-09-20 20:34:58", "elapsed": 934.687131, "delta": 4.383754}}
{"target": -3.9624780407975884, "params": {"eta": 0.01, "max_depth": 11.230207108457057, "n_estimators": 11.048544955622312}, "datetime": {"datetime": "2021-09-20 20:35:03", "elapsed": 939.73954, "delta": 5.052409}}
{"target": 0.7344296644199069, "params": {"eta": 0.7596048122227045, "max_depth": 11.92344072653711, "n_estimators": 10.018794922921519}, "datetime": {"datetime": "2021-09-20 20:35:08", "elapsed": 944.674422, "delta": 4.934882}}
{"target": 0.8282841929646898, "params": {"eta": 0.26186811556926526, "max_depth": 7.9511603144924745, "n_estimators": 14.289249957066955}, "datetime": {"datetime": "2021-09-20 20:35:10", "elapsed": 947.205525, "delta": 2.531103}}
{"target": 0.824350394399375, "params": {"eta": 0.5475161908861094, "max_depth": 18.78804452708378, "n_estimators": 18.526195931505818}, "datetime": {"datetime": "2021-09-20 20:35:13", "elapsed": 950.033991, "delta": 2.828466}}
{"target": 0.8621090283397848, "params": {"eta": 0.44308097094330273, "max_depth": 8.554907040011924, "n_estimators": 14.229946706221549}, "datetime": {"datetime": "2021-09-20 20:35:18", "elapsed": 954.62477, "delta": 4.590779}}
{"target": 0.7255278959972784, "params": {"eta": 0.7951378979854731, "max_depth": 13.145657442310181, "n_estimators": 21.32866925817541}, "datetime": {"datetime": "2021-09-20 20:35:21", "elapsed": 957.640401, "delta": 3.015631}}
{"target": 0.7333080365315996, "params": {"eta": 0.8, "max_depth": 11.022188186541399, "n_estimators": 9.79948606699232}, "datetime": {"datetime": "2021-09-20 20:35:27", "elapsed": 963.970519, "delta": 6.330118}}
{"target": 0.7623148441249927, "params": {"eta": 0.6990762936404565, "max_depth": 18.860146016739442, "n_estimators": 7.4217214268191265}, "datetime": {"datetime": "2021-09-20 20:35:31", "elapsed": 968.470783, "delta": 4.500264}}
{"target": -2.0122534680206066, "params": {"eta": 0.05419256440694402, "max_depth": 12.586195465142175, "n_estimators": 7.786352586515397}, "datetime": {"datetime": "2021-09-20 20:35:34", "elapsed": 971.134404, "delta": 2.663621}}
{"target": 0.05098627220737528, "params": {"eta": 0.023507351616715293, "max_depth": 7.5147029208760765, "n_estimators": 46.647295029465}, "datetime": {"datetime": "2021-09-20 20:35:39", "elapsed": 975.852915, "delta": 4.718511}}
{"target": 0.7869243490881682, "params": {"eta": 0.6950505998066788, "max_depth": 5.470174136181586, "n_estimators": 47.42915934256561}, "datetime": {"datetime": "2021-09-20 20:35:42", "elapsed": 978.582694, "delta": 2.729779}}
{"target": 0.7936581975878421, "params": {"eta": 0.6559067747534711, "max_depth": 6.360681376748106, "n_estimators": 47.483722014881174}, "datetime": {"datetime": "2021-09-20 20:35:48", "elapsed": 985.27241, "delta": 6.689716}}
{"target": 0.7106569694057778, "params": {"eta": 0.8, "max_depth": 18.0573417886597, "n_estimators": 19.261467580492905}, "datetime": {"datetime": "2021-09-20 20:35:53", "elapsed": 990.407592, "delta": 5.135182}}
{"target": 0.5480748749684508, "params": {"eta": 0.0888972957379657, "max_depth": 3.085811709147407, "n_estimators": 18.301166715470096}, "datetime": {"datetime": "2021-09-20 20:35:56", "elapsed": 993.411421, "delta": 3.003829}}
{"target": 0.7575289638249607, "params": {"eta": 0.7914162914052811, "max_depth": 3.1159108786879854, "n_estimators": 17.97943748251653}, "datetime": {"datetime": "2021-09-20 20:36:01", "elapsed": 998.445296, "delta": 5.033875}}
{"target": 0.4502826931210415, "params": {"eta": 0.19301812104623634, "max_depth": 13.1356151409013, "n_estimators": 7.192005938108478}, "datetime": {"datetime": "2021-09-20 20:36:04", "elapsed": 1001.09659, "delta": 2.651294}}
{"target": -0.31938422086529994, "params": {"eta": 0.039195845601132345, "max_depth": 13.634821409651469, "n_estimators": 22.41824381687342}, "datetime": {"datetime": "2021-09-20 20:36:07", "elapsed": 1003.948173, "delta": 2.851583}}
{"target": 0.7785801611161279, "params": {"eta": 0.4719499428666126, "max_depth": 1.7070634416985877, "n_estimators": 10.235998541918327}, "datetime": {"datetime": "2021-09-20 20:36:10", "elapsed": 1006.805631, "delta": 2.857458}}
{"target": 0.7531194107339654, "params": {"eta": 0.13371988377622515, "max_depth": 3.507177129814897, "n_estimators": 17.846492678744657}, "datetime": {"datetime": "2021-09-20 20:36:16", "elapsed": 1012.603047, "delta": 5.797416}}
{"target": 0.7557236343142257, "params": {"eta": 0.7960625586907006, "max_depth": 5.318464822586541, "n_estimators": 46.090900244303356}, "datetime": {"datetime": "2021-09-20 20:36:22", "elapsed": 1019.212441, "delta": 6.609394}}
{"target": 0.7220356907829717, "params": {"eta": 0.7954885592487313, "max_depth": 18.092293130196733, "n_estimators": 19.262453177071883}, "datetime": {"datetime": "2021-09-20 20:36:25", "elapsed": 1022.153797, "delta": 2.941356}}
{"target": 0.7931422560676583, "params": {"eta": 0.6574251869875215, "max_depth": 16.1217199292772, "n_estimators": 22.010611000660763}, "datetime": {"datetime": "2021-09-20 20:36:28", "elapsed": 1024.958119, "delta": 2.804322}}
{"target": 0.733509501214723, "params": {"eta": 0.04681311531975634, "max_depth": 4.508351082995313, "n_estimators": 46.25495446144902}, "datetime": {"datetime": "2021-09-20 20:36:33", "elapsed": 1030.077589, "delta": 5.11947}}
{"target": 0.7821195745308627, "params": {"eta": 0.22481113009135048, "max_depth": 2.649731187234935, "n_estimators": 17.77990749782207}, "datetime": {"datetime": "2021-09-20 20:36:38", "elapsed": 1035.452051, "delta": 5.374462}}
{"target": 0.743284934720033, "params": {"eta": 0.8, "max_depth": 9.656976897727239, "n_estimators": 36.91628835716918}, "datetime": {"datetime": "2021-09-20 20:36:43", "elapsed": 1040.058769, "delta": 4.606718}}
{"target": 0.7657807800629652, "params": {"eta": 0.7952015355840043, "max_depth": 2.0391742242791313, "n_estimators": 9.27773713958268}, "datetime": {"datetime": "2021-09-20 20:36:48", "elapsed": 1045.320165, "delta": 5.261396}}
{"target": 0.8086732877754237, "params": {"eta": 0.6873944148247156, "max_depth": 8.127706380770631, "n_estimators": 13.632934817386479}, "datetime": {"datetime": "2021-09-20 20:36:55", "elapsed": 1051.956654, "delta": 6.636489}}
{"target": 0.7863991549222774, "params": {"eta": 0.10475029614225402, "max_depth": 8.34607064523772, "n_estimators": 24.450701183385963}, "datetime": {"datetime": "2021-09-20 20:36:58", "elapsed": 1054.669554, "delta": 2.7129}}
{"target": 0.8530882204731072, "params": {"eta": 0.4189573948391726, "max_depth": 7.717410643108255, "n_estimators": 42.17116340838448}, "datetime": {"datetime": "2021-09-20 20:37:00", "elapsed": 1057.416377, "delta": 2.746823}}
{"target": 0.795066858049364, "params": {"eta": 0.7803109217065745, "max_depth": 2.4732674357434727, "n_estimators": 41.59520412732957}, "datetime": {"datetime": "2021-09-20 20:37:03", "elapsed": 1060.483622, "delta": 3.067245}}
{"target": -1.2127870189352086, "params": {"eta": 0.01932681900679281, "max_depth": 14.930473573108873, "n_estimators": 29.909152912259184}, "datetime": {"datetime": "2021-09-20 20:37:08", "elapsed": 1065.257917, "delta": 4.774295}}
{"target": 0.7950404481570981, "params": {"eta": 0.6757721205763821, "max_depth": 15.072766509163941, "n_estimators": 31.07511216890712}, "datetime": {"datetime": "2021-09-20 20:37:13", "elapsed": 1070.012659, "delta": 4.754742}}
{"target": 0.825870832862458, "params": {"eta": 0.46068021704505474, "max_depth": 12.057174932318208, "n_estimators": 36.909269351571574}, "datetime": {"datetime": "2021-09-20 20:37:16", "elapsed": 1073.229762, "delta": 3.217103}}
{"target": 0.8577762348472227, "params": {"eta": 0.44058580497405, "max_depth": 13.738711735814084, "n_estimators": 29.19042304378582}, "datetime": {"datetime": "2021-09-20 20:37:22", "elapsed": 1079.385885, "delta": 6.156123}}
{"target": 0.7285803614065177, "params": {"eta": 0.8, "max_depth": 13.718871999032467, "n_estimators": 30.07316137638218}, "datetime": {"datetime": "2021-09-20 20:37:27", "elapsed": 1084.347194, "delta": 4.961309}}
{"target": -1.507760622647838, "params": {"eta": 0.01, "max_depth": 6.595407960403965, "n_estimators": 49.626682575947804}, "datetime": {"datetime": "2021-09-20 20:37:32", "elapsed": 1088.955066, "delta": 4.607872}}
{"target": 0.8477992242616545, "params": {"eta": 0.18812262928834697, "max_depth": 17.53951226524509, "n_estimators": 26.746027985657488}, "datetime": {"datetime": "2021-09-20 20:37:35", "elapsed": 1092.374012, "delta": 3.418946}}
{"target": 0.8398894245817136, "params": {"eta": 0.08957384082278426, "max_depth": 8.535016951036313, "n_estimators": 48.841250551975094}, "datetime": {"datetime": "2021-09-20 20:37:38", "elapsed": 1095.249115, "delta": 2.875103}}
{"target": 0.7969531300307092, "params": {"eta": 0.6894138755588013, "max_depth": 8.490646860370276, "n_estimators": 49.68425401946861}, "datetime": {"datetime": "2021-09-20 20:37:44", "elapsed": 1101.130296, "delta": 5.881181}}
{"target": 0.713677859957444, "params": {"eta": 0.8, "max_depth": 14.46404525761093, "n_estimators": 28.964802423855126}, "datetime": {"datetime": "2021-09-20 20:37:49", "elapsed": 1105.707248, "delta": 4.576952}}
{"target": 0.7784608438232522, "params": {"eta": 0.7516643754605141, "max_depth": 3.699697227747979, "n_estimators": 20.143440736582424}, "datetime": {"datetime": "2021-09-20 20:37:53", "elapsed": 1109.901441, "delta": 4.194193}}
{"target": 0.7302363630034305, "params": {"eta": 0.8, "max_depth": 12.667747561964818, "n_estimators": 10.71912031781954}, "datetime": {"datetime": "2021-09-20 20:37:58", "elapsed": 1115.212965, "delta": 5.311524}}
{"target": 0.836721560903121, "params": {"eta": 0.3757868357809205, "max_depth": 11.491766400556937, "n_estimators": 40.907046374404615}, "datetime": {"datetime": "2021-09-20 20:38:01", "elapsed": 1118.493914, "delta": 3.280949}}
{"target": 0.7631190295745514, "params": {"eta": 0.8, "max_depth": 6.81981642861597, "n_estimators": 48.2411724916943}, "datetime": {"datetime": "2021-09-20 20:38:07", "elapsed": 1124.330432, "delta": 5.836518}}
{"target": 0.8403638419519774, "params": {"eta": 0.3084677630546933, "max_depth": 18.93326276516471, "n_estimators": 18.274923209173483}, "datetime": {"datetime": "2021-09-20 20:38:10", "elapsed": 1127.320782, "delta": 2.99035}}
{"target": 0.7464256618662497, "params": {"eta": 0.8, "max_depth": 7.552503533377904, "n_estimators": 49.29440316137939}, "datetime": {"datetime": "2021-09-20 20:38:16", "elapsed": 1133.485776, "delta": 6.164994}}
{"target": 0.8098472251332631, "params": {"eta": 0.5365323294384294, "max_depth": 12.096230585281667, "n_estimators": 40.13156240771711}, "datetime": {"datetime": "2021-09-20 20:38:22", "elapsed": 1138.843801, "delta": 5.358025}}
{"target": 0.7588787855276418, "params": {"eta": 0.8, "max_depth": 4.588483379887973, "n_estimators": 18.99544465505445}, "datetime": {"datetime": "2021-09-20 20:38:29", "elapsed": 1146.021905, "delta": 7.178104}}
{"target": 0.705968266319702, "params": {"eta": 0.3724084310674745, "max_depth": 10.812796120121645, "n_estimators": 5.449018139086856}, "datetime": {"datetime": "2021-09-20 20:38:32", "elapsed": 1149.170195, "delta": 3.14829}}
{"target": 0.3653009335265046, "params": {"eta": 0.03467126243975592, "max_depth": 10.915797197673255, "n_estimators": 39.89356691739264}, "datetime": {"datetime": "2021-09-20 20:38:40", "elapsed": 1156.921356, "delta": 7.751161}}
{"target": 0.6999490875003178, "params": {"eta": 0.8, "max_depth": 15.451231418898567, "n_estimators": 21.41756098714258}, "datetime": {"datetime": "2021-09-20 20:38:48", "elapsed": 1165.454551, "delta": 8.533195}}
{"target": -2.773547114861714, "params": {"eta": 0.01, "max_depth": 16.892090432896637, "n_estimators": 26.123032942431934}, "datetime": {"datetime": "2021-09-20 20:38:54", "elapsed": 1170.686549, "delta": 5.231998}}
{"target": 0.8394872771188395, "params": {"eta": 0.23912864994089705, "max_depth": 7.619304874846379, "n_estimators": 27.55951260643887}, "datetime": {"datetime": "2021-09-20 20:38:57", "elapsed": 1173.628567, "delta": 2.942018}}
{"target": 0.7334587530592345, "params": {"eta": 0.7514500970309967, "max_depth": 15.925109537729833, "n_estimators": 27.153575174558963}, "datetime": {"datetime": "2021-09-20 20:39:04", "elapsed": 1180.836505, "delta": 7.207938}}
{"target": 0.7244051900982013, "params": {"eta": 0.7774007351381338, "max_depth": 15.323163969291148, "n_estimators": 26.266176713864088}, "datetime": {"datetime": "2021-09-20 20:39:10", "elapsed": 1186.703548, "delta": 5.867043}}
{"target": -2.3285637280951774, "params": {"eta": 0.01, "max_depth": 12.551831716142438, "n_estimators": 33.75921787738479}, "datetime": {"datetime": "2021-09-20 20:39:17", "elapsed": 1194.507851, "delta": 7.804303}}
{"target": 0.8427663685914089, "params": {"eta": 0.4140300636761957, "max_depth": 18.755522689908073, "n_estimators": 17.29455816121717}, "datetime": {"datetime": "2021-09-20 20:39:21", "elapsed": 1197.702755, "delta": 3.194904}}
{"target": 0.8051423134510155, "params": {"eta": 0.5694829958696164, "max_depth": 12.822619128915035, "n_estimators": 32.368234415847276}, "datetime": {"datetime": "2021-09-20 20:39:28", "elapsed": 1204.780835, "delta": 7.07808}}
{"target": 0.8245574319089186, "params": {"eta": 0.5088973151395392, "max_depth": 14.04568688758076, "n_estimators": 33.896103255431015}, "datetime": {"datetime": "2021-09-20 20:39:34", "elapsed": 1211.19559, "delta": 6.414755}}
{"target": 0.8196950488738634, "params": {"eta": 0.21145886749976428, "max_depth": 9.183768732034684, "n_estimators": 14.457502853122305}, "datetime": {"datetime": "2021-09-20 20:39:37", "elapsed": 1214.393738, "delta": 3.198148}}
{"target": 0.19859196817750213, "params": {"eta": 0.03703332477642601, "max_depth": 11.806188331197365, "n_estimators": 32.23606417700401}, "datetime": {"datetime": "2021-09-20 20:39:45", "elapsed": 1221.846436, "delta": 7.452698}}
{"target": 0.7136952439253668, "params": {"eta": 0.7860897814032105, "max_depth": 13.663689340105869, "n_estimators": 34.66881773462944}, "datetime": {"datetime": "2021-09-20 20:39:51", "elapsed": 1228.510631, "delta": 6.664195}}
{"target": 0.8324392924860486, "params": {"eta": 0.20944737557107726, "max_depth": 11.289014104547292, "n_estimators": 18.132368997154266}, "datetime": {"datetime": "2021-09-20 20:39:55", "elapsed": 1231.588172, "delta": 3.077541}}
{"target": 0.7538237463448522, "params": {"eta": 0.8, "max_depth": 5.670647667806266, "n_estimators": 23.164213518191406}, "datetime": {"datetime": "2021-09-20 20:39:59", "elapsed": 1236.415269, "delta": 4.827097}}
{"target": -2.098199776364654, "params": {"eta": 0.01, "max_depth": 11.310794849665353, "n_estimators": 37.06303652769956}, "datetime": {"datetime": "2021-09-20 20:40:06", "elapsed": 1242.541303, "delta": 6.126034}}
{"target": 0.752963439586489, "params": {"eta": 0.7826756761298828, "max_depth": 5.687842134512287, "n_estimators": 26.56971657156092}, "datetime": {"datetime": "2021-09-20 20:40:13", "elapsed": 1250.171328, "delta": 7.630025}}
{"target": 0.7313063058595037, "params": {"eta": 0.7841457965586314, "max_depth": 10.903467673113317, "n_estimators": 38.331277237127274}, "datetime": {"datetime": "2021-09-20 20:40:21", "elapsed": 1257.856231, "delta": 7.684903}}
{"target": 0.8147976667289442, "params": {"eta": 0.05743288518243767, "max_depth": 7.970948432873887, "n_estimators": 49.25903946640234}, "datetime": {"datetime": "2021-09-20 20:40:27", "elapsed": 1264.384428, "delta": 6.528197}}
{"target": 0.5887954803019846, "params": {"eta": 0.08794068299678308, "max_depth": 6.011905644894725, "n_estimators": 19.927329622304278}, "datetime": {"datetime": "2021-09-20 20:40:33", "elapsed": 1269.63989, "delta": 5.255462}}
{"target": -2.1026214794064826, "params": {"eta": 0.015356228926566778, "max_depth": 7.559990905037878, "n_estimators": 24.719168345426755}, "datetime": {"datetime": "2021-09-20 20:40:42", "elapsed": 1279.119157, "delta": 9.479267}}
{"target": 0.8584387384346803, "params": {"eta": 0.43842629953424644, "max_depth": 8.96651083379065, "n_estimators": 24.674753279866007}, "datetime": {"datetime": "2021-09-20 20:40:48", "elapsed": 1284.899395, "delta": 5.780238}}
{"target": 0.7200989086175427, "params": {"eta": 0.7782448750575914, "max_depth": 8.1962597021793, "n_estimators": 41.56430428354561}, "datetime": {"datetime": "2021-09-20 20:40:56", "elapsed": 1292.584162, "delta": 7.684767}}
{"target": 0.7633733030015384, "params": {"eta": 0.7905881381436389, "max_depth": 6.582320282129105, "n_estimators": 27.92379914458154}, "datetime": {"datetime": "2021-09-20 20:41:02", "elapsed": 1299.466174, "delta": 6.882012}}
{"target": 0.7902605930980511, "params": {"eta": 0.20365990488436328, "max_depth": 19.89677720940118, "n_estimators": 12.779576199516375}, "datetime": {"datetime": "2021-09-20 20:41:05", "elapsed": 1302.281774, "delta": 2.8156}}
{"target": 0.771570299189091, "params": {"eta": 0.8, "max_depth": 3.0876119749822135, "n_estimators": 40.72665939954623}, "datetime": {"datetime": "2021-09-20 20:41:13", "elapsed": 1310.320956, "delta": 8.039182}}
{"target": -3.7833459307146464, "params": {"eta": 0.01, "max_depth": 8.470751142129025, "n_estimators": 13.64591929634638}, "datetime": {"datetime": "2021-09-20 20:41:22", "elapsed": 1318.624644, "delta": 8.303688}}
{"target": 0.8385228400181748, "params": {"eta": 0.47637789573484357, "max_depth": 8.94675377252571, "n_estimators": 17.352508322786235}, "datetime": {"datetime": "2021-09-20 20:41:25", "elapsed": 1321.958378, "delta": 3.333734}}
{"target": 0.7343982258428857, "params": {"eta": 0.7343089493039036, "max_depth": 8.087450456147376, "n_estimators": 14.169356450880102}, "datetime": {"datetime": "2021-09-20 20:41:31", "elapsed": 1327.892906, "delta": 5.934528}}
{"target": 0.8348996651979308, "params": {"eta": 0.4812359953724576, "max_depth": 8.418963878634042, "n_estimators": 14.763580854428874}, "datetime": {"datetime": "2021-09-20 20:41:40", "elapsed": 1337.132156, "delta": 9.23925}}
{"target": 0.7875026865395275, "params": {"eta": 0.7353994635218476, "max_depth": 1.7989394168597763, "n_estimators": 42.663101161019505}, "datetime": {"datetime": "2021-09-20 20:41:43", "elapsed": 1340.309071, "delta": 3.176915}}
{"target": 0.7428795911396011, "params": {"eta": 0.17700602438899568, "max_depth": 19.90156702760709, "n_estimators": 12.784120364142877}, "datetime": {"datetime": "2021-09-20 20:41:47", "elapsed": 1343.719489, "delta": 3.410418}}
{"target": 0.7349412505449717, "params": {"eta": 0.7984603652887632, "max_depth": 12.489083180687395, "n_estimators": 38.224404694515094}, "datetime": {"datetime": "2021-09-20 20:41:52", "elapsed": 1348.864123, "delta": 5.144634}}
{"target": 0.8369894978968319, "params": {"eta": 0.11662764651516554, "max_depth": 7.579694316831892, "n_estimators": 43.90455197871087}, "datetime": {"datetime": "2021-09-20 20:42:02", "elapsed": 1359.105102, "delta": 10.240979}}
{"target": 0.7281911502478642, "params": {"eta": 0.05880093198989584, "max_depth": 9.919958274869217, "n_estimators": 37.772279427697036}, "datetime": {"datetime": "2021-09-20 20:42:09", "elapsed": 1366.295634, "delta": 7.190532}}
{"target": 0.7283520106396355, "params": {"eta": 0.7790579336747809, "max_depth": 7.742236077045836, "n_estimators": 44.375396481353334}, "datetime": {"datetime": "2021-09-20 20:42:15", "elapsed": 1372.379075, "delta": 6.083441}}
{"target": 0.8446033344464198, "params": {"eta": 0.146982539355016, "max_depth": 3.4058916502027494, "n_estimators": 41.90688827342643}, "datetime": {"datetime": "2021-09-20 20:42:24", "elapsed": 1380.77491, "delta": 8.395835}}
{"target": 0.7630590563534358, "params": {"eta": 0.5946857843231902, "max_depth": 9.20833826268371, "n_estimators": 47.38427689862771}, "datetime": {"datetime": "2021-09-20 20:42:30", "elapsed": 1386.62714, "delta": 5.85223}}
{"target": 0.7832283672991426, "params": {"eta": 0.09259252418241815, "max_depth": 4.679641798628349, "n_estimators": 26.189052966389173}, "datetime": {"datetime": "2021-09-20 20:42:34", "elapsed": 1391.437243, "delta": 4.810103}}
{"target": 0.5210225059504217, "params": {"eta": 0.07034658966319231, "max_depth": 6.763509839897405, "n_estimators": 22.763741924197603}, "datetime": {"datetime": "2021-09-20 20:42:41", "elapsed": 1398.170206, "delta": 6.732963}}
