{"target": 0.7607565845308848, "params": {"eta": 0.6890515568555018, "max_depth": 9.785374659063379, "n_estimators": 38.15162336683808}, "datetime": {"datetime": "2021-09-20 20:23:54", "elapsed": 270.698876, "delta": 2.472838}}
{"target": 0.7432423883703987, "params": {"eta": 0.8, "max_depth": 9.010904293901289, "n_estimators": 19.079755945122184}, "datetime": {"datetime": "2021-09-20 20:23:56", "elapsed": 272.9729, "delta": 2.274024}}
{"target": 0.7819742873438138, "params": {"eta": 0.8, "max_depth": 1.0, "n_estimators": 41.13426263982277}, "datetime": {"datetime": "2021-09-20 20:23:58", "elapsed": 275.157826, "delta": 2.184926}}
{"target": 0.7094062927853806, "params": {"eta": 0.8, "max_depth": 19.474738045264143, "n_estimators": 19.132036208820132}, "datetime": {"datetime": "2021-09-20 20:24:00", "elapsed": 277.365397, "delta": 2.207571}}
{"target": 0.3657669661634979, "params": {"eta": 0.035603863693327596, "max_depth": 12.950644423998087, "n_estimators": 38.95147892404365}, "datetime": {"datetime": "2021-09-20 20:24:03", "elapsed": 279.772113, "delta": 2.406716}}
{"target": 0.759940706942412, "params": {"eta": 0.7331390916499229, "max_depth": 4.6610063741680765, "n_estimators": 46.57749691108697}, "datetime": {"datetime": "2021-09-20 20:24:05", "elapsed": 282.135534, "delta": 2.363421}}
{"target": 0.7716558544608799, "params": {"eta": 0.8, "max_depth": 3.5339220892384446, "n_estimators": 39.26402766402268}, "datetime": {"datetime": "2021-09-20 20:24:08", "elapsed": 284.887181, "delta": 2.751647}}
{"target": 0.40583225807500656, "params": {"eta": 0.057468475975410487, "max_depth": 10.92942749428602, "n_estimators": 24.673771385812426}, "datetime": {"datetime": "2021-09-20 20:24:10", "elapsed": 286.972393, "delta": 2.085212}}
{"target": 0.8096863767364658, "params": {"eta": 0.7647219094803482, "max_depth": 2.9721880134911163, "n_estimators": 46.37725555121137}, "datetime": {"datetime": "2021-09-20 20:24:12", "elapsed": 288.687067, "delta": 1.714674}}
{"target": 0.7289114635462256, "params": {"eta": 0.7402715447284571, "max_depth": 19.93155549498456, "n_estimators": 5.677890862938967}, "datetime": {"datetime": "2021-09-20 20:24:14", "elapsed": 290.980654, "delta": 2.293587}}
{"target": 0.7657641527366139, "params": {"eta": 0.7780125743642134, "max_depth": 4.494670520211547, "n_estimators": 28.2208317760478}, "datetime": {"datetime": "2021-09-20 20:24:16", "elapsed": 293.430657, "delta": 2.450003}}
{"target": 0.7102481662724498, "params": {"eta": 0.8, "max_depth": 20.365819610003626, "n_estimators": 32.124036583249094}, "datetime": {"datetime": "2021-09-20 20:24:19", "elapsed": 295.799424, "delta": 2.368767}}
{"target": 0.7285803637182471, "params": {"eta": 0.8, "max_depth": 13.144416637727435, "n_estimators": 36.84401489043781}, "datetime": {"datetime": "2021-09-20 20:24:22", "elapsed": 298.642899, "delta": 2.843475}}
{"target": 0.7345422205227805, "params": {"eta": 0.8, "max_depth": 8.946820134984408, "n_estimators": 45.5433388881767}, "datetime": {"datetime": "2021-09-20 20:24:24", "elapsed": 301.399988, "delta": 2.757089}}
{"target": 0.7821627269574508, "params": {"eta": 0.8, "max_depth": 1.6647596261666198, "n_estimators": 42.63898748464251}, "datetime": {"datetime": "2021-09-20 20:24:27", "elapsed": 303.5624, "delta": 2.162412}}
{"target": 0.7550311770282012, "params": {"eta": 0.7942017174251744, "max_depth": 6.139436623578013, "n_estimators": 33.61047329006754}, "datetime": {"datetime": "2021-09-20 20:24:29", "elapsed": 305.664989, "delta": 2.102589}}
{"target": 0.710559828030491, "params": {"eta": 0.8, "max_depth": 21.0, "n_estimators": 23.148785854604647}, "datetime": {"datetime": "2021-09-20 20:24:32", "elapsed": 308.534332, "delta": 2.869343}}
{"target": 0.7285803537007476, "params": {"eta": 0.8, "max_depth": 13.419894765219695, "n_estimators": 20.24276309005357}, "datetime": {"datetime": "2021-09-20 20:24:34", "elapsed": 310.760712, "delta": 2.22638}}
{"target": 0.7354401916908293, "params": {"eta": 0.731810534986882, "max_depth": 8.143710769392747, "n_estimators": 22.73059737711668}, "datetime": {"datetime": "2021-09-20 20:24:36", "elapsed": 313.314031, "delta": 2.553319}}
{"target": -1.6681626547492248, "params": {"eta": 0.01, "max_depth": 2.6162778213101, "n_estimators": 47.128548506402616}, "datetime": {"datetime": "2021-09-20 20:24:38", "elapsed": 315.353932, "delta": 2.039901}}
{"target": 0.7808110381632731, "params": {"eta": 0.8, "max_depth": 1.2875198820196259, "n_estimators": 45.758405286876595}, "datetime": {"datetime": "2021-09-20 20:24:40", "elapsed": 317.232868, "delta": 1.878936}}
{"target": 0.710248167778925, "params": {"eta": 0.8, "max_depth": 20.40718619494424, "n_estimators": 44.12018574810419}, "datetime": {"datetime": "2021-09-20 20:24:43", "elapsed": 319.723035, "delta": 2.490167}}
{"target": 0.7136818857411935, "params": {"eta": 0.8, "max_depth": 14.00316262096356, "n_estimators": 16.920142659405336}, "datetime": {"datetime": "2021-09-20 20:24:45", "elapsed": 321.990347, "delta": 2.267312}}
{"target": 0.7745863266262178, "params": {"eta": 0.8, "max_depth": 1.8789627998363079, "n_estimators": 33.50195149749342}, "datetime": {"datetime": "2021-09-20 20:24:47", "elapsed": 323.98396, "delta": 1.993613}}
{"target": 0.6759889704175293, "params": {"eta": 0.10416322831109424, "max_depth": 4.468262587262321, "n_estimators": 18.51960368414782}, "datetime": {"datetime": "2021-09-20 20:24:49", "elapsed": 326.335975, "delta": 2.352015}}
{"target": 0.7447171744364014, "params": {"eta": 0.11287244463498164, "max_depth": 1.0994422593147415, "n_estimators": 33.7550742194371}, "datetime": {"datetime": "2021-09-20 20:24:52", "elapsed": 329.225049, "delta": 2.889074}}
{"target": 0.7665934208228048, "params": {"eta": 0.2757309724928447, "max_depth": 18.37062299882148, "n_estimators": 8.0784569483028}, "datetime": {"datetime": "2021-09-20 20:24:54", "elapsed": 331.269754, "delta": 2.044705}}
{"target": 0.8220437033685153, "params": {"eta": 0.2596674115286904, "max_depth": 20.099158395952887, "n_estimators": 45.74256775075218}, "datetime": {"datetime": "2021-09-20 20:24:57", "elapsed": 333.895064, "delta": 2.62531}}
{"target": -2.9821139672904313, "params": {"eta": 0.01915544404770196, "max_depth": 12.148758370900778, "n_estimators": 12.657450219915454}, "datetime": {"datetime": "2021-09-20 20:24:59", "elapsed": 336.278841, "delta": 2.383777}}
{"target": 0.7136434702658614, "params": {"eta": 0.8, "max_depth": 14.04141436909194, "n_estimators": 12.073093931997999}, "datetime": {"datetime": "2021-09-20 20:25:02", "elapsed": 339.09173, "delta": 2.812889}}
{"target": 0.6991950560802318, "params": {"eta": 0.8, "max_depth": 15.286565916498395, "n_estimators": 6.164998627637985}, "datetime": {"datetime": "2021-09-20 20:25:05", "elapsed": 341.529524, "delta": 2.437794}}
{"target": 0.8316799360316055, "params": {"eta": 0.1670854424350476, "max_depth": 19.80327499540233, "n_estimators": 37.96148647257128}, "datetime": {"datetime": "2021-09-20 20:25:08", "elapsed": 344.933233, "delta": 3.403709}}
{"target": 0.7206558678975845, "params": {"eta": 0.7951745551868933, "max_depth": 11.590111655721639, "n_estimators": 14.457407862096215}, "datetime": {"datetime": "2021-09-20 20:25:10", "elapsed": 347.366443, "delta": 2.43321}}
{"target": 0.7349689738483036, "params": {"eta": 0.8, "max_depth": 10.264411878810607, "n_estimators": 27.600880400883142}, "datetime": {"datetime": "2021-09-20 20:25:13", "elapsed": 349.592978, "delta": 2.226535}}
{"target": 0.7170586091266867, "params": {"eta": 0.8, "max_depth": 16.55036493286141, "n_estimators": 19.168482177864913}, "datetime": {"datetime": "2021-09-20 20:25:15", "elapsed": 352.215687, "delta": 2.622709}}
{"target": 0.7040001776390241, "params": {"eta": 0.8, "max_depth": 15.372014521133597, "n_estimators": 4.861574385141703}, "datetime": {"datetime": "2021-09-20 20:25:17", "elapsed": 354.411363, "delta": 2.195676}}
{"target": 0.8383017628729321, "params": {"eta": 0.46554842514041145, "max_depth": 6.1146210283103795, "n_estimators": 23.86991918738289}, "datetime": {"datetime": "2021-09-20 20:25:20", "elapsed": 356.851987, "delta": 2.440624}}
{"target": -1.508748293553856, "params": {"eta": 0.01, "max_depth": 19.23047385058728, "n_estimators": 49.53586927851232}, "datetime": {"datetime": "2021-09-20 20:25:23", "elapsed": 359.872964, "delta": 3.020977}}
{"target": 0.7109256127874155, "params": {"eta": 0.8, "max_depth": 17.799402892305025, "n_estimators": 48.07439091896989}, "datetime": {"datetime": "2021-09-20 20:25:26", "elapsed": 362.594423, "delta": 2.721459}}
{"target": 0.8417765733774185, "params": {"eta": 0.11297011571920224, "max_depth": 9.323234880310732, "n_estimators": 37.193264153604545}, "datetime": {"datetime": "2021-09-20 20:25:28", "elapsed": 365.352857, "delta": 2.758434}}
{"target": 0.776669130064049, "params": {"eta": 0.6339963717509004, "max_depth": 18.728738436477677, "n_estimators": 47.10356027720505}, "datetime": {"datetime": "2021-09-20 20:25:32", "elapsed": 368.889122, "delta": 3.536265}}
{"target": 0.7650984109042183, "params": {"eta": 0.697950247345982, "max_depth": 20.80883186956009, "n_estimators": 48.902011569928725}, "datetime": {"datetime": "2021-09-20 20:25:35", "elapsed": 372.258038, "delta": 3.368916}}
{"target": 0.7528932942139345, "params": {"eta": 0.7690815438016465, "max_depth": 3.6599473767029647, "n_estimators": 30.66957023966039}, "datetime": {"datetime": "2021-09-20 20:25:37", "elapsed": 374.298623, "delta": 2.040585}}
{"target": -2.089641641181944, "params": {"eta": 0.018498184456620544, "max_depth": 20.66738942757193, "n_estimators": 20.84833655023625}, "datetime": {"datetime": "2021-09-20 20:25:40", "elapsed": 376.782764, "delta": 2.484141}}
{"target": 0.8713639971015517, "params": {"eta": 0.4071139115452773, "max_depth": 5.7705912319346755, "n_estimators": 41.30284997342462}, "datetime": {"datetime": "2021-09-20 20:25:42", "elapsed": 379.376673, "delta": 2.593909}}
{"target": 0.7931342833581659, "params": {"eta": 0.28124880953210507, "max_depth": 1.1299077294437383, "n_estimators": 43.71423816760709}, "datetime": {"datetime": "2021-09-20 20:25:45", "elapsed": 382.356729, "delta": 2.980056}}
{"target": -2.7066361874734164, "params": {"eta": 0.01, "max_depth": 5.232878078409284, "n_estimators": 27.975983751504415}, "datetime": {"datetime": "2021-09-20 20:25:48", "elapsed": 385.087718, "delta": 2.730989}}
{"target": 0.7761097298573046, "params": {"eta": 0.7812105753368168, "max_depth": 4.329853184987009, "n_estimators": 26.558790565673675}, "datetime": {"datetime": "2021-09-20 20:25:51", "elapsed": 388.196291, "delta": 3.108573}}
{"target": 0.7877105049390044, "params": {"eta": 0.723213827363768, "max_depth": 19.50938213744987, "n_estimators": 6.912628635096881}, "datetime": {"datetime": "2021-09-20 20:25:54", "elapsed": 390.885048, "delta": 2.688757}}
{"target": 0.7539426265296574, "params": {"eta": 0.8, "max_depth": 4.3851701248075345, "n_estimators": 31.598601288213704}, "datetime": {"datetime": "2021-09-20 20:25:57", "elapsed": 394.272639, "delta": 3.387591}}
{"target": 0.8075017795597289, "params": {"eta": 0.6393747473137392, "max_depth": 3.896358682795923, "n_estimators": 29.254141996270555}, "datetime": {"datetime": "2021-09-20 20:26:01", "elapsed": 398.044793, "delta": 3.772154}}
{"target": 0.8710999951392935, "params": {"eta": 0.41144882078958295, "max_depth": 6.7805848837464495, "n_estimators": 48.861197125994444}, "datetime": {"datetime": "2021-09-20 20:26:04", "elapsed": 400.551972, "delta": 2.507179}}
{"target": 0.839698545890955, "params": {"eta": 0.3549884171583194, "max_depth": 7.425233637799497, "n_estimators": 49.83455090816643}, "datetime": {"datetime": "2021-09-20 20:26:08", "elapsed": 404.640782, "delta": 4.08881}}
{"target": -1.913829698382178, "params": {"eta": 0.011560854725553758, "max_depth": 12.71626087567782, "n_estimators": 35.9579719433302}, "datetime": {"datetime": "2021-09-20 20:26:11", "elapsed": 407.541952, "delta": 2.90117}}
{"target": 0.7301369990652735, "params": {"eta": 0.8, "max_depth": 12.081262664239514, "n_estimators": 34.10112250214571}, "datetime": {"datetime": "2021-09-20 20:26:15", "elapsed": 411.675318, "delta": 4.133366}}
{"target": -2.5753456735323406, "params": {"eta": 0.01, "max_depth": 7.235838822578007, "n_estimators": 29.00265015988398}, "datetime": {"datetime": "2021-09-20 20:26:18", "elapsed": 414.665328, "delta": 2.99001}}
{"target": 0.027442271837599286, "params": {"eta": 0.04057197165756146, "max_depth": 7.132162126284053, "n_estimators": 26.955358895416094}, "datetime": {"datetime": "2021-09-20 20:26:21", "elapsed": 417.621031, "delta": 2.955703}}
{"target": 0.7779812890123465, "params": {"eta": 0.7074457871722565, "max_depth": 18.634796505027264, "n_estimators": 28.3410315239124}, "datetime": {"datetime": "2021-09-20 20:26:24", "elapsed": 420.749977, "delta": 3.128946}}
{"target": 0.8553596226087764, "params": {"eta": 0.14543693217685766, "max_depth": 8.780009030675458, "n_estimators": 27.82994235717142}, "datetime": {"datetime": "2021-09-20 20:26:27", "elapsed": 424.223162, "delta": 3.473185}}
{"target": 0.709407131163084, "params": {"eta": 0.8, "max_depth": 19.265099946278802, "n_estimators": 15.43729093782719}, "datetime": {"datetime": "2021-09-20 20:26:30", "elapsed": 427.196309, "delta": 2.973147}}
{"target": 0.37295538606881895, "params": {"eta": 0.02849064095388787, "max_depth": 7.194277705368911, "n_estimators": 48.08289058176114}, "datetime": {"datetime": "2021-09-20 20:26:32", "elapsed": 429.395861, "delta": 2.199552}}
{"target": 0.7464256618662497, "params": {"eta": 0.8, "max_depth": 7.418624299655827, "n_estimators": 46.24362387308486}, "datetime": {"datetime": "2021-09-20 20:26:36", "elapsed": 433.044504, "delta": 3.648643}}
{"target": 0.7178086100773792, "params": {"eta": 0.7244180632451394, "max_depth": 13.526508050831637, "n_estimators": 26.375488428192213}, "datetime": {"datetime": "2021-09-20 20:26:38", "elapsed": 435.141562, "delta": 2.097058}}
{"target": 0.7285803590947875, "params": {"eta": 0.8, "max_depth": 13.400300726046108, "n_estimators": 27.354815287829375}, "datetime": {"datetime": "2021-09-20 20:26:41", "elapsed": 437.753588, "delta": 2.612026}}
{"target": 0.8366609359859721, "params": {"eta": 0.47511561335665103, "max_depth": 10.878398015498817, "n_estimators": 10.39862125833777}, "datetime": {"datetime": "2021-09-20 20:26:42", "elapsed": 439.45866, "delta": 1.705072}}
{"target": 0.3807687859083556, "params": {"eta": 0.044061922841034676, "max_depth": 18.743546608726287, "n_estimators": 31.84076809628446}, "datetime": {"datetime": "2021-09-20 20:26:45", "elapsed": 442.383476, "delta": 2.924816}}
{"target": 0.8047241592979322, "params": {"eta": 0.7091229797919698, "max_depth": 11.807732050080652, "n_estimators": 10.772542408849969}, "datetime": {"datetime": "2021-09-20 20:26:48", "elapsed": 445.353769, "delta": 2.970293}}
{"target": 0.8379332794057407, "params": {"eta": 0.1127728228028534, "max_depth": 20.8724310498089, "n_estimators": 44.861644804133945}, "datetime": {"datetime": "2021-09-20 20:26:50", "elapsed": 447.231768, "delta": 1.877999}}
{"target": -2.1244498494004005, "params": {"eta": 0.014590395328325848, "max_depth": 5.965389065360643, "n_estimators": 25.276866225979894}, "datetime": {"datetime": "2021-09-20 20:26:53", "elapsed": 450.195592, "delta": 2.963824}}
{"target": 0.7464983331635324, "params": {"eta": 0.8, "max_depth": 7.381234491082998, "n_estimators": 24.391204985365754}, "datetime": {"datetime": "2021-09-20 20:26:56", "elapsed": 453.35337, "delta": 3.157778}}
{"target": 0.7526445754676655, "params": {"eta": 0.8, "max_depth": 4.515082361047909, "n_estimators": 25.591744165230025}, "datetime": {"datetime": "2021-09-20 20:26:59", "elapsed": 455.806615, "delta": 2.453245}}
{"target": 0.7102481537395411, "params": {"eta": 0.8, "max_depth": 20.664739000670615, "n_estimators": 19.169728765873003}, "datetime": {"datetime": "2021-09-20 20:27:02", "elapsed": 458.601067, "delta": 2.794452}}
{"target": 0.710248167778925, "params": {"eta": 0.8, "max_depth": 20.977947843191426, "n_estimators": 47.5697939967671}, "datetime": {"datetime": "2021-09-20 20:27:05", "elapsed": 461.981371, "delta": 3.380304}}
{"target": 0.7224271961885897, "params": {"eta": 0.787061362886532, "max_depth": 13.434431561254689, "n_estimators": 19.325296500869307}, "datetime": {"datetime": "2021-09-20 20:27:07", "elapsed": 463.884964, "delta": 1.903593}}
{"target": 0.4056788345176905, "params": {"eta": 0.06561510780925807, "max_depth": 6.330344376531999, "n_estimators": 21.685405234475887}, "datetime": {"datetime": "2021-09-20 20:27:11", "elapsed": 467.785143, "delta": 3.900179}}
{"target": 0.4653968403597829, "params": {"eta": 0.5550793189803244, "max_depth": 9.917874498290086, "n_estimators": 2.707683002683663}, "datetime": {"datetime": "2021-09-20 20:27:12", "elapsed": 469.504564, "delta": 1.719421}}
{"target": 0.7122574514372609, "params": {"eta": 0.7831340346071243, "max_depth": 17.59209360403348, "n_estimators": 27.95301280674703}, "datetime": {"datetime": "2021-09-20 20:27:14", "elapsed": 471.388581, "delta": 1.884017}}
{"target": 0.7520362362633094, "params": {"eta": 0.7608872165628716, "max_depth": 6.856866525607769, "n_estimators": 41.789991172992046}, "datetime": {"datetime": "2021-09-20 20:27:17", "elapsed": 474.304045, "delta": 2.915464}}
{"target": -4.539225082713517, "params": {"eta": 0.01, "max_depth": 20.77562624203644, "n_estimators": 5.904346300291737}, "datetime": {"datetime": "2021-09-20 20:27:21", "elapsed": 477.84342, "delta": 3.539375}}
{"target": 0.7309793442479191, "params": {"eta": 0.7315872548620798, "max_depth": 20.69178293459673, "n_estimators": 7.591056668733497}, "datetime": {"datetime": "2021-09-20 20:27:24", "elapsed": 481.320828, "delta": 3.477408}}
{"target": -0.891330788130202, "params": {"eta": 0.040243100141426104, "max_depth": 18.241808052094886, "n_estimators": 16.7610876077765}, "datetime": {"datetime": "2021-09-20 20:27:28", "elapsed": 484.885491, "delta": 3.564663}}
{"target": 0.7790738362756819, "params": {"eta": 0.7796020817321724, "max_depth": 2.720488374436413, "n_estimators": 42.87872298181146}, "datetime": {"datetime": "2021-09-20 20:27:31", "elapsed": 487.766006, "delta": 2.880515}}
{"target": 0.6917199355083563, "params": {"eta": 0.0773992810009749, "max_depth": 17.846288022360095, "n_estimators": 26.99184682149243}, "datetime": {"datetime": "2021-09-20 20:27:35", "elapsed": 491.61983, "delta": 3.853824}}
{"target": 0.448598170535106, "params": {"eta": 0.031734922933113675, "max_depth": 20.550113908848168, "n_estimators": 46.774934563817716}, "datetime": {"datetime": "2021-09-20 20:27:39", "elapsed": 496.089184, "delta": 4.469354}}
{"target": 0.4468474233419242, "params": {"eta": 0.03502911809926696, "max_depth": 3.9462848783824325, "n_estimators": 42.70071459659008}, "datetime": {"datetime": "2021-09-20 20:27:42", "elapsed": 499.271617, "delta": 3.182433}}
{"target": 0.7219157860725234, "params": {"eta": 0.7784375259976468, "max_depth": 20.300514302483386, "n_estimators": 38.480181627254254}, "datetime": {"datetime": "2021-09-20 20:27:45", "elapsed": 502.422798, "delta": 3.151181}}
{"target": -1.9618980617698045, "params": {"eta": 0.01, "max_depth": 1.1249068700640341, "n_estimators": 44.899592794761624}, "datetime": {"datetime": "2021-09-20 20:27:49", "elapsed": 505.848979, "delta": 3.426181}}
{"target": 0.743988155331435, "params": {"eta": 0.07910180438742202, "max_depth": 17.970834072105617, "n_estimators": 28.741825998694917}, "datetime": {"datetime": "2021-09-20 20:27:52", "elapsed": 508.842038, "delta": 2.993059}}
{"target": 0.7198441823120718, "params": {"eta": 0.7590896561654731, "max_depth": 18.96561119479254, "n_estimators": 6.289534961577626}, "datetime": {"datetime": "2021-09-20 20:27:54", "elapsed": 510.747171, "delta": 1.905133}}
{"target": 0.8466723510004248, "params": {"eta": 0.2817241788587135, "max_depth": 8.0652217917114, "n_estimators": 45.88527800284263}, "datetime": {"datetime": "2021-09-20 20:27:56", "elapsed": 513.12702, "delta": 2.379849}}
{"target": 0.7345396611720703, "params": {"eta": 0.8, "max_depth": 8.191923413145762, "n_estimators": 28.100242341523042}, "datetime": {"datetime": "2021-09-20 20:27:59", "elapsed": 516.277056, "delta": 3.150036}}
{"target": 0.7862328233854065, "params": {"eta": 0.7953069864179152, "max_depth": 1.9917994136903907, "n_estimators": 43.69970416572535}, "datetime": {"datetime": "2021-09-20 20:28:03", "elapsed": 519.578591, "delta": 3.301535}}
{"target": 0.7611658472145195, "params": {"eta": 0.5875013449142951, "max_depth": 11.186392561327695, "n_estimators": 33.4289764860562}, "datetime": {"datetime": "2021-09-20 20:28:06", "elapsed": 523.485771, "delta": 3.90718}}
{"target": 0.7961109439565358, "params": {"eta": 0.137725345200716, "max_depth": 18.402952713289842, "n_estimators": 19.25354818569244}, "datetime": {"datetime": "2021-09-20 20:28:10", "elapsed": 527.035178, "delta": 3.549407}}
{"target": 0.7712705967797112, "params": {"eta": 0.7839208565200594, "max_depth": 2.203575112985378, "n_estimators": 45.52178196549298}, "datetime": {"datetime": "2021-09-20 20:28:13", "elapsed": 530.102714, "delta": 3.067536}}
{"target": 0.8387212085803807, "params": {"eta": 0.1611103172489794, "max_depth": 10.47747593817192, "n_estimators": 32.56035834744024}, "datetime": {"datetime": "2021-09-20 20:28:17", "elapsed": 533.646022, "delta": 3.543308}}
{"target": 0.6966572946262927, "params": {"eta": 0.0459304985378972, "max_depth": 19.799994015190364, "n_estimators": 44.79483105838457}, "datetime": {"datetime": "2021-09-20 20:28:20", "elapsed": 537.287199, "delta": 3.641177}}
{"target": -2.9854944274132094, "params": {"eta": 0.01, "max_depth": 8.879942246714837, "n_estimators": 23.235904899585094}, "datetime": {"datetime": "2021-09-20 20:28:23", "elapsed": 540.269848, "delta": 2.982649}}
