{"target": 0.8514875850335084, "params": {"eta": 0.23283660505273907, "max_depth": 4.104307884054609, "n_estimators": 48.1171601093526}, "datetime": {"datetime": "2021-09-21 08:12:27", "elapsed": 413.055608, "delta": 3.657455}}
{"target": 0.859231715952608, "params": {"eta": 0.24542899460616963, "max_depth": 4.542792656428791, "n_estimators": 51.52915572341522}, "datetime": {"datetime": "2021-09-21 08:12:31", "elapsed": 416.971148, "delta": 3.91554}}
{"target": 0.8392479089381081, "params": {"eta": 0.46645611226594963, "max_depth": 6.186695912970653, "n_estimators": 48.56213873758399}, "datetime": {"datetime": "2021-09-21 08:12:36", "elapsed": 421.628223, "delta": 4.657075}}
{"target": 0.8262688040835615, "params": {"eta": 0.4934487913349529, "max_depth": 9.704102092878282, "n_estimators": 34.95942571499535}, "datetime": {"datetime": "2021-09-21 08:12:38", "elapsed": 423.797777, "delta": 2.169554}}
{"target": 0.8648746814940249, "params": {"eta": 0.4340992744148925, "max_depth": 4.774482520898987, "n_estimators": 51.53235742379393}, "datetime": {"datetime": "2021-09-21 08:12:43", "elapsed": 428.675661, "delta": 4.877884}}
{"target": 0.8430380103385855, "params": {"eta": 0.37598952859763257, "max_depth": 7.24251214880306, "n_estimators": 21.394026940966256}, "datetime": {"datetime": "2021-09-21 08:12:45", "elapsed": 431.038793, "delta": 2.363132}}
{"target": 0.8755969404296953, "params": {"eta": 0.16052497961221174, "max_depth": 5.030487569173088, "n_estimators": 51.02370838206207}, "datetime": {"datetime": "2021-09-21 08:12:50", "elapsed": 435.924863, "delta": 4.88607}}
{"target": 0.8559814887600097, "params": {"eta": 0.12042827748319729, "max_depth": 5.016935434447572, "n_estimators": 50.98863605233353}, "datetime": {"datetime": "2021-09-21 08:12:54", "elapsed": 439.827811, "delta": 3.902948}}
{"target": 0.844662724091283, "params": {"eta": 0.2521396549033413, "max_depth": 4.401078440045175, "n_estimators": 20.80288867875101}, "datetime": {"datetime": "2021-09-21 08:12:56", "elapsed": 441.88219, "delta": 2.054379}}
{"target": 0.8616286608688728, "params": {"eta": 0.29836646782012677, "max_depth": 4.304084315856081, "n_estimators": 48.1372015491564}, "datetime": {"datetime": "2021-09-21 08:13:02", "elapsed": 448.050864, "delta": 6.168674}}
{"target": 0.8380427342792871, "params": {"eta": 0.39949954383824193, "max_depth": 8.365932408578427, "n_estimators": 56.30184219472086}, "datetime": {"datetime": "2021-09-21 08:13:07", "elapsed": 453.26599, "delta": 5.215126}}
