{"target": 0.7394310753620904, "params": {"eta": 0.7851799151786081, "max_depth": 6.643615097555495, "n_estimators": 23.236657863153038}, "datetime": {"datetime": "2021-09-20 20:28:27", "elapsed": 543.878252, "delta": 3.608404}}
{"target": 0.778605931107143, "params": {"eta": 0.8, "max_depth": 1.0, "n_estimators": 39.12626618304549}, "datetime": {"datetime": "2021-09-20 20:28:30", "elapsed": 547.193162, "delta": 3.31491}}
{"target": -0.4219888131111409, "params": {"eta": 0.022546966095938398, "max_depth": 1.0932848101459216, "n_estimators": 42.73476976276817}, "datetime": {"datetime": "2021-09-20 20:28:33", "elapsed": 550.261374, "delta": 3.068212}}
{"target": 0.7432849392035303, "params": {"eta": 0.8, "max_depth": 9.801155061098756, "n_estimators": 24.53522472583033}, "datetime": {"datetime": "2021-09-20 20:28:38", "elapsed": 554.770718, "delta": 4.509344}}
{"target": 0.00609173673398633, "params": {"eta": 0.14175750194435058, "max_depth": 17.16691329956299, "n_estimators": 7.888275839962629}, "datetime": {"datetime": "2021-09-20 20:28:41", "elapsed": 557.883581, "delta": 3.112863}}
{"target": 0.7708875218632694, "params": {"eta": 0.8, "max_depth": 3.4913705270422217, "n_estimators": 28.221693031864408}, "datetime": {"datetime": "2021-09-20 20:28:44", "elapsed": 560.608603, "delta": 2.725022}}
{"target": 0.713677859957444, "params": {"eta": 0.8, "max_depth": 14.418066859388505, "n_estimators": 26.95921306903756}, "datetime": {"datetime": "2021-09-20 20:28:47", "elapsed": 564.111419, "delta": 3.502816}}
{"target": 0.7774261066372212, "params": {"eta": 0.711996292441794, "max_depth": 6.242966105251274, "n_estimators": 19.386169785626794}, "datetime": {"datetime": "2021-09-20 20:28:50", "elapsed": 566.877525, "delta": 2.766106}}
{"target": -3.0583192338543057, "params": {"eta": 0.01, "max_depth": 20.334530007415346, "n_estimators": 22.873226933061268}, "datetime": {"datetime": "2021-09-20 20:28:53", "elapsed": 570.160965, "delta": 3.28344}}
{"target": 0.733830666648486, "params": {"eta": 0.7980550279612774, "max_depth": 12.17089436318395, "n_estimators": 14.41089853948159}, "datetime": {"datetime": "2021-09-20 20:28:55", "elapsed": 572.187207, "delta": 2.026242}}
{"target": 0.7094063124864729, "params": {"eta": 0.8, "max_depth": 19.399419984561824, "n_estimators": 46.26390321514772}, "datetime": {"datetime": "2021-09-20 20:28:59", "elapsed": 576.156162, "delta": 3.968955}}
{"target": -0.9426703224097943, "params": {"eta": 0.016322646241980647, "max_depth": 9.452568404464486, "n_estimators": 39.099706854252666}, "datetime": {"datetime": "2021-09-20 20:29:03", "elapsed": 579.521139, "delta": 3.364977}}
{"target": -0.8980740338584083, "params": {"eta": 0.01966342671167328, "max_depth": 10.611727080338362, "n_estimators": 33.75837629833061}, "datetime": {"datetime": "2021-09-20 20:29:06", "elapsed": 583.404248, "delta": 3.883109}}
{"target": 0.735320145455769, "params": {"eta": 0.7774262300692982, "max_depth": 11.183387227574164, "n_estimators": 39.41444645314633}, "datetime": {"datetime": "2021-09-20 20:29:10", "elapsed": 586.756662, "delta": 3.352414}}
{"target": 0.8218649142318338, "params": {"eta": 0.28831442128583423, "max_depth": 3.3203269136933535, "n_estimators": 17.300767083612385}, "datetime": {"datetime": "2021-09-20 20:29:12", "elapsed": 588.824478, "delta": 2.067816}}
{"target": 0.8286028390864629, "params": {"eta": 0.20851953329669298, "max_depth": 17.532110205605807, "n_estimators": 26.74426025975223}, "datetime": {"datetime": "2021-09-20 20:29:14", "elapsed": 590.826069, "delta": 2.001591}}
{"target": 0.6505850573776482, "params": {"eta": 0.10196037837144677, "max_depth": 3.090937480785493, "n_estimators": 18.281500922049215}, "datetime": {"datetime": "2021-09-20 20:29:17", "elapsed": 593.99569, "delta": 3.169621}}
{"target": 0.7333097312266541, "params": {"eta": 0.7313052081208933, "max_depth": 11.416864676399344, "n_estimators": 32.42255356517076}, "datetime": {"datetime": "2021-09-20 20:29:21", "elapsed": 598.119436, "delta": 4.123746}}
{"target": -2.0728691445917606, "params": {"eta": 0.1738503972036814, "max_depth": 3.8658585801938474, "n_estimators": 2.08220113600931}, "datetime": {"datetime": "2021-09-20 20:29:23", "elapsed": 599.95423, "delta": 1.834794}}
{"target": 0.7472794463866346, "params": {"eta": 0.7469163050525838, "max_depth": 8.821770594600759, "n_estimators": 40.87374211612475}, "datetime": {"datetime": "2021-09-20 20:29:27", "elapsed": 603.524599, "delta": 3.570369}}
{"target": 0.4560975521502719, "params": {"eta": 0.06867240335941231, "max_depth": 4.788362748902207, "n_estimators": 21.383850755616976}, "datetime": {"datetime": "2021-09-20 20:29:30", "elapsed": 607.349476, "delta": 3.824877}}
{"target": 0.7315444359910381, "params": {"eta": 0.7750850853431943, "max_depth": 10.031627797324989, "n_estimators": 40.41436732107145}, "datetime": {"datetime": "2021-09-20 20:29:34", "elapsed": 610.727805, "delta": 3.378329}}
{"target": 0.7540654275629751, "params": {"eta": 0.8, "max_depth": 4.860465519393266, "n_estimators": 36.08415782681246}, "datetime": {"datetime": "2021-09-20 20:29:37", "elapsed": 614.152347, "delta": 3.424542}}
{"target": 0.7786333338068815, "params": {"eta": 0.8, "max_depth": 3.979563551548551, "n_estimators": 17.840856348361964}, "datetime": {"datetime": "2021-09-20 20:29:41", "elapsed": 617.516453, "delta": 3.364106}}
{"target": 0.7345400726166575, "params": {"eta": 0.8, "max_depth": 8.934295366201194, "n_estimators": 29.537498762735574}, "datetime": {"datetime": "2021-09-20 20:29:45", "elapsed": 622.238974, "delta": 4.722521}}
{"target": 0.745100888716935, "params": {"eta": 0.7912492071307742, "max_depth": 4.3880775918089086, "n_estimators": 12.932488234774}, "datetime": {"datetime": "2021-09-20 20:29:49", "elapsed": 625.991678, "delta": 3.752704}}
{"target": -0.08552706328655235, "params": {"eta": 0.024688784431530775, "max_depth": 4.311046758160852, "n_estimators": 40.7628344925377}, "datetime": {"datetime": "2021-09-20 20:29:53", "elapsed": 629.919607, "delta": 3.927929}}
{"target": 0.7668053157796985, "params": {"eta": 0.7486173038945587, "max_depth": 1.8607203091160076, "n_estimators": 12.772705734104663}, "datetime": {"datetime": "2021-09-20 20:29:57", "elapsed": 633.626487, "delta": 3.70688}}
{"target": 0.7483525993162972, "params": {"eta": 0.7510494187584781, "max_depth": 12.321592863655802, "n_estimators": 33.01990150386464}, "datetime": {"datetime": "2021-09-20 20:30:00", "elapsed": 637.346185, "delta": 3.719698}}
{"target": 0.8491300936429412, "params": {"eta": 0.16912458860672547, "max_depth": 7.858822850553686, "n_estimators": 41.46364065487832}, "datetime": {"datetime": "2021-09-20 20:30:04", "elapsed": 641.49716, "delta": 4.150975}}
{"target": 0.7349689703976052, "params": {"eta": 0.8, "max_depth": 10.190688394451001, "n_estimators": 31.91920198041783}, "datetime": {"datetime": "2021-09-20 20:30:08", "elapsed": 645.056361, "delta": 3.559201}}
{"target": 0.710509234429463, "params": {"eta": 0.8, "max_depth": 18.67005079383451, "n_estimators": 9.022169835595387}, "datetime": {"datetime": "2021-09-20 20:30:12", "elapsed": 649.397086, "delta": 4.340725}}
{"target": 0.8197234122555808, "params": {"eta": 0.5352176464657319, "max_depth": 13.228579373177233, "n_estimators": 33.99583422178277}, "datetime": {"datetime": "2021-09-20 20:30:16", "elapsed": 653.058309, "delta": 3.661223}}
{"target": 0.729987905070461, "params": {"eta": 0.7768251211900242, "max_depth": 15.418226875287818, "n_estimators": 29.322895051450118}, "datetime": {"datetime": "2021-09-20 20:30:21", "elapsed": 658.083181, "delta": 5.024872}}
{"target": 0.7753623857919993, "params": {"eta": 0.061975232740278385, "max_depth": 8.899266465215156, "n_estimators": 41.72186437937752}, "datetime": {"datetime": "2021-09-20 20:30:25", "elapsed": 661.974655, "delta": 3.891474}}
{"target": 0.45412324166802853, "params": {"eta": 0.034101108270333316, "max_depth": 8.698358140497664, "n_estimators": 43.06103490110929}, "datetime": {"datetime": "2021-09-20 20:30:28", "elapsed": 665.163972, "delta": 3.189317}}
{"target": 0.7541758236285928, "params": {"eta": 0.8, "max_depth": 5.689336048734867, "n_estimators": 36.78425209008938}, "datetime": {"datetime": "2021-09-20 20:30:32", "elapsed": 669.252044, "delta": 4.088072}}
{"target": -1.9904952755432022, "params": {"eta": 0.01, "max_depth": 19.144558283811214, "n_estimators": 39.699876375906456}, "datetime": {"datetime": "2021-09-20 20:30:37", "elapsed": 673.683615, "delta": 4.431571}}
{"target": -1.7434665878831428, "params": {"eta": 0.01, "max_depth": 3.8637164254165675, "n_estimators": 44.263212084855226}, "datetime": {"datetime": "2021-09-20 20:30:40", "elapsed": 677.186983, "delta": 3.503368}}
{"target": 0.7675716393248839, "params": {"eta": 0.7401849406493848, "max_depth": 3.581696462827312, "n_estimators": 45.70854825717003}, "datetime": {"datetime": "2021-09-20 20:30:44", "elapsed": 680.846876, "delta": 3.659893}}
{"target": -1.5006723572836713, "params": {"eta": 0.011167953195308744, "max_depth": 5.525670545370366, "n_estimators": 44.417080018187065}, "datetime": {"datetime": "2021-09-20 20:30:47", "elapsed": 683.856448, "delta": 3.009572}}
{"target": -1.8349471294339863, "params": {"eta": 0.01, "max_depth": 6.263801115730996, "n_estimators": 42.04006325933492}, "datetime": {"datetime": "2021-09-20 20:30:51", "elapsed": 688.1183, "delta": 4.261852}}
{"target": 0.7559131513627492, "params": {"eta": 0.7336414779315146, "max_depth": 5.965648379566845, "n_estimators": 40.6649780101108}, "datetime": {"datetime": "2021-09-20 20:30:55", "elapsed": 692.395489, "delta": 4.277189}}
{"target": 0.8039977040754134, "params": {"eta": 0.722994014862859, "max_depth": 5.26301460589841, "n_estimators": 41.70399764176505}, "datetime": {"datetime": "2021-09-20 20:30:59", "elapsed": 696.338795, "delta": 3.943306}}
{"target": 0.7332305408096513, "params": {"eta": 0.8, "max_depth": 11.182434205361833, "n_estimators": 17.67152292132589}, "datetime": {"datetime": "2021-09-20 20:31:03", "elapsed": 699.607429, "delta": 3.268634}}
{"target": 0.7521311647244324, "params": {"eta": 0.7325310112574576, "max_depth": 7.726195070722534, "n_estimators": 8.927496547771383}, "datetime": {"datetime": "2021-09-20 20:31:05", "elapsed": 701.668449, "delta": 2.06102}}
{"target": 0.7943273247362856, "params": {"eta": 0.47076621901854804, "max_depth": 2.844067088281467, "n_estimators": 15.250696676955453}, "datetime": {"datetime": "2021-09-20 20:31:07", "elapsed": 703.721253, "delta": 2.052804}}
{"target": 0.7957518050932585, "params": {"eta": 0.6242688543392586, "max_depth": 3.3388494927961867, "n_estimators": 14.745298596852704}, "datetime": {"datetime": "2021-09-20 20:31:11", "elapsed": 707.606209, "delta": 3.884956}}
{"target": 0.7177660410667931, "params": {"eta": 0.7922765563096236, "max_depth": 20.256459911541416, "n_estimators": 48.13456628467953}, "datetime": {"datetime": "2021-09-20 20:31:15", "elapsed": 711.731146, "delta": 4.124937}}
{"target": 0.8001717963772634, "params": {"eta": 0.666211246994209, "max_depth": 3.7904497203457446, "n_estimators": 15.498298705189665}, "datetime": {"datetime": "2021-09-20 20:31:18", "elapsed": 715.237317, "delta": 3.506171}}
{"target": 0.7094062934990557, "params": {"eta": 0.8, "max_depth": 19.656585169396106, "n_estimators": 18.167593731403485}, "datetime": {"datetime": "2021-09-20 20:31:22", "elapsed": 719.116986, "delta": 3.879669}}
{"target": 0.7897922084830891, "params": {"eta": 0.6862709802162221, "max_depth": 7.266727414260449, "n_estimators": 40.86861989433028}, "datetime": {"datetime": "2021-09-20 20:31:26", "elapsed": 722.905053, "delta": 3.788067}}
{"target": 0.7725723152293482, "params": {"eta": 0.7608173241814895, "max_depth": 5.084265423872758, "n_estimators": 43.80292333228191}, "datetime": {"datetime": "2021-09-20 20:31:30", "elapsed": 726.608809, "delta": 3.703756}}
{"target": 0.7516511362016182, "params": {"eta": 0.049888283565885906, "max_depth": 5.38802894048075, "n_estimators": 46.4541176786836}, "datetime": {"datetime": "2021-09-20 20:31:34", "elapsed": 731.232493, "delta": 4.623684}}
{"target": -1.7372527346464817, "params": {"eta": 0.01, "max_depth": 8.87721428718369, "n_estimators": 44.98702509081355}, "datetime": {"datetime": "2021-09-20 20:31:39", "elapsed": 735.721858, "delta": 4.489365}}
{"target": 0.743284934720033, "params": {"eta": 0.8, "max_depth": 9.041698349199235, "n_estimators": 33.96582916849168}, "datetime": {"datetime": "2021-09-20 20:31:42", "elapsed": 739.29618, "delta": 3.574322}}
{"target": -1.7858578373273364, "params": {"eta": 0.01, "max_depth": 21.0, "n_estimators": 43.847770619255826}, "datetime": {"datetime": "2021-09-20 20:31:46", "elapsed": 742.748349, "delta": 3.452169}}
{"target": 0.7802321293936567, "params": {"eta": 0.6917680839671531, "max_depth": 7.443334573435946, "n_estimators": 45.07138495831294}, "datetime": {"datetime": "2021-09-20 20:31:50", "elapsed": 747.203785, "delta": 4.455436}}
{"target": 0.7491591237037329, "params": {"eta": 0.7721679267983982, "max_depth": 5.082573632131597, "n_estimators": 19.788864735334688}, "datetime": {"datetime": "2021-09-20 20:31:54", "elapsed": 750.785704, "delta": 3.581919}}
{"target": 0.7349689774978041, "params": {"eta": 0.8, "max_depth": 10.45812606327155, "n_estimators": 23.167357194930624}, "datetime": {"datetime": "2021-09-20 20:31:57", "elapsed": 754.508696, "delta": 3.722992}}
{"target": 0.7464110822575402, "params": {"eta": 0.8, "max_depth": 7.361743892076178, "n_estimators": 22.5988403348424}, "datetime": {"datetime": "2021-09-20 20:32:02", "elapsed": 759.1065, "delta": 4.597804}}
{"target": 0.806437120700189, "params": {"eta": 0.5601781395602927, "max_depth": 20.966681402269387, "n_estimators": 45.538073065347966}, "datetime": {"datetime": "2021-09-20 20:32:06", "elapsed": 763.22909, "delta": 4.12259}}
{"target": -0.8949332411784461, "params": {"eta": 0.014481913947541426, "max_depth": 12.193815931355806, "n_estimators": 45.480631529675605}, "datetime": {"datetime": "2021-09-20 20:32:09", "elapsed": 765.635606, "delta": 2.406516}}
{"target": 0.8521654915014828, "params": {"eta": 0.21155153316328223, "max_depth": 4.445269350057574, "n_estimators": 24.697762485656302}, "datetime": {"datetime": "2021-09-20 20:32:11", "elapsed": 767.976601, "delta": 2.340995}}
{"target": 0.7353062400666706, "params": {"eta": 0.8, "max_depth": 10.664340813734912, "n_estimators": 11.226039320287487}, "datetime": {"datetime": "2021-09-20 20:32:14", "elapsed": 771.289506, "delta": 3.312905}}
{"target": 0.7523130057291187, "params": {"eta": 0.2782700313822762, "max_depth": 1.0107667376480713, "n_estimators": 12.480035552545548}, "datetime": {"datetime": "2021-09-20 20:32:18", "elapsed": 774.931553, "delta": 3.642047}}
{"target": 0.1145428244383816, "params": {"eta": 0.058173251319640164, "max_depth": 17.33860189946739, "n_estimators": 19.295431032517232}, "datetime": {"datetime": "2021-09-20 20:32:22", "elapsed": 778.736212, "delta": 3.804659}}
{"target": -2.4198782166656208, "params": {"eta": 0.011650972258918325, "max_depth": 16.924704726471845, "n_estimators": 27.785980895292965}, "datetime": {"datetime": "2021-09-20 20:32:26", "elapsed": 782.604674, "delta": 3.868462}}
{"target": 0.8327002394989036, "params": {"eta": 0.07498925744348027, "max_depth": 12.440978810315928, "n_estimators": 49.93694498425963}, "datetime": {"datetime": "2021-09-20 20:32:28", "elapsed": 785.167176, "delta": 2.562502}}
{"target": 0.7849077848303431, "params": {"eta": 0.7071374300275486, "max_depth": 17.140484251762366, "n_estimators": 26.24731912516025}, "datetime": {"datetime": "2021-09-20 20:32:34", "elapsed": 790.592351, "delta": 5.425175}}
{"target": 0.7727006494901985, "params": {"eta": 0.6934904981458002, "max_depth": 6.658417283361528, "n_estimators": 43.47993023460504}, "datetime": {"datetime": "2021-09-20 20:32:37", "elapsed": 794.505162, "delta": 3.912811}}
{"target": 0.829327501997729, "params": {"eta": 0.503896311867817, "max_depth": 16.275857928495025, "n_estimators": 26.32006798804472}, "datetime": {"datetime": "2021-09-20 20:32:42", "elapsed": 799.089575, "delta": 4.584413}}
{"target": 0.718859568699067, "params": {"eta": 0.7855164552605958, "max_depth": 18.56529605821447, "n_estimators": 29.448780485782596}, "datetime": {"datetime": "2021-09-20 20:32:47", "elapsed": 803.519002, "delta": 4.429427}}
{"target": 0.7105598284710748, "params": {"eta": 0.8, "max_depth": 21.0, "n_estimators": 18.199671905674805}, "datetime": {"datetime": "2021-09-20 20:32:51", "elapsed": 808.065344, "delta": 4.546342}}
{"target": 0.7170598254204258, "params": {"eta": 0.8, "max_depth": 16.381759271457273, "n_estimators": 17.755384815049112}, "datetime": {"datetime": "2021-09-20 20:32:55", "elapsed": 812.166346, "delta": 4.101002}}
{"target": -3.5959035140852995, "params": {"eta": 0.010841682375521244, "max_depth": 7.27232899664012, "n_estimators": 14.41582975852854}, "datetime": {"datetime": "2021-09-20 20:32:58", "elapsed": 814.678766, "delta": 2.51242}}
{"target": 0.7562977973320275, "params": {"eta": 0.7973371262726596, "max_depth": 5.073373949328247, "n_estimators": 23.89594463910209}, "datetime": {"datetime": "2021-09-20 20:33:02", "elapsed": 818.520189, "delta": 3.841423}}
{"target": 0.7855318252583351, "params": {"eta": 0.6025002747572042, "max_depth": 4.275516522614518, "n_estimators": 16.750588757080095}, "datetime": {"datetime": "2021-09-20 20:33:07", "elapsed": 824.405814, "delta": 5.885625}}
{"target": 0.746449559729638, "params": {"eta": 0.8, "max_depth": 7.172962690879579, "n_estimators": 25.691705263077452}, "datetime": {"datetime": "2021-09-20 20:33:11", "elapsed": 827.992557, "delta": 3.586743}}
{"target": 0.5647968080587467, "params": {"eta": 0.05901351254351489, "max_depth": 14.952894228855772, "n_estimators": 28.939936675200983}, "datetime": {"datetime": "2021-09-20 20:33:16", "elapsed": 832.807521, "delta": 4.814964}}
{"target": 0.7933264730336159, "params": {"eta": 0.3707913980781071, "max_depth": 1.458719273058179, "n_estimators": 44.70313257787073}, "datetime": {"datetime": "2021-09-20 20:33:18", "elapsed": 835.196276, "delta": 2.388755}}
{"target": 0.8480231624355726, "params": {"eta": 0.17306657626194882, "max_depth": 12.305643260262187, "n_estimators": 32.92373944602102}, "datetime": {"datetime": "2021-09-20 20:33:21", "elapsed": 837.902928, "delta": 2.706652}}
{"target": 0.8257970844814887, "params": {"eta": 0.15453604994832193, "max_depth": 11.874468178533544, "n_estimators": 20.560699686829672}, "datetime": {"datetime": "2021-09-20 20:33:24", "elapsed": 840.515896, "delta": 2.612968}}
{"target": 0.769308501514733, "params": {"eta": 0.28087474135591656, "max_depth": 17.369494234707172, "n_estimators": 8.85701578156123}, "datetime": {"datetime": "2021-09-20 20:33:26", "elapsed": 843.028023, "delta": 2.512127}}
{"target": 0.7809509704723884, "params": {"eta": 0.17861248460771345, "max_depth": 1.8953322725741675, "n_estimators": 44.224863143268735}, "datetime": {"datetime": "2021-09-20 20:33:30", "elapsed": 846.730308, "delta": 3.702285}}
{"target": 0.710248167778925, "params": {"eta": 0.8, "max_depth": 20.13804887169815, "n_estimators": 45.0577353022327}, "datetime": {"datetime": "2021-09-20 20:33:34", "elapsed": 851.37355, "delta": 4.643242}}
{"target": 0.8338828388547308, "params": {"eta": 0.4294643339106485, "max_depth": 13.535512658385866, "n_estimators": 32.89163736904599}, "datetime": {"datetime": "2021-09-20 20:33:39", "elapsed": 856.088218, "delta": 4.714668}}
{"target": 0.7840983643392436, "params": {"eta": 0.6622524674943028, "max_depth": 5.858638927779253, "n_estimators": 9.245589453839004}, "datetime": {"datetime": "2021-09-20 20:33:43", "elapsed": 860.242369, "delta": 4.154151}}
{"target": 0.8097758513952857, "params": {"eta": 0.6532467717000995, "max_depth": 9.344033134304851, "n_estimators": 46.482879440522204}, "datetime": {"datetime": "2021-09-20 20:33:48", "elapsed": 864.799133, "delta": 4.556764}}
{"target": 0.5014844067253925, "params": {"eta": 0.04639840671556164, "max_depth": 6.608542701249313, "n_estimators": 33.13687470769382}, "datetime": {"datetime": "2021-09-20 20:33:52", "elapsed": 868.920357, "delta": 4.121224}}
{"target": -2.0588732363768862, "params": {"eta": 0.018811248642703463, "max_depth": 12.827849914778621, "n_estimators": 20.03214525706382}, "datetime": {"datetime": "2021-09-20 20:33:57", "elapsed": 874.061156, "delta": 5.140799}}
{"target": -3.697764837203257, "params": {"eta": 0.13524019188588932, "max_depth": 17.051647103503782, "n_estimators": 1.753388403747058}, "datetime": {"datetime": "2021-09-20 20:34:00", "elapsed": 876.646042, "delta": 2.584886}}
{"target": 0.8332459971283047, "params": {"eta": 0.07259813938364024, "max_depth": 8.581604723395614, "n_estimators": 47.00185120491755}, "datetime": {"datetime": "2021-09-20 20:34:03", "elapsed": 880.095364, "delta": 3.449322}}
{"target": 0.7647268130503484, "params": {"eta": 0.8, "max_depth": 6.753701889937356, "n_estimators": 8.78098626428898}, "datetime": {"datetime": "2021-09-20 20:34:08", "elapsed": 885.011298, "delta": 4.915934}}
{"target": 0.2676910499940488, "params": {"eta": 0.0443377236988354, "max_depth": 9.781703871966354, "n_estimators": 28.04104340703246}, "datetime": {"datetime": "2021-09-20 20:34:12", "elapsed": 888.953593, "delta": 3.942295}}
{"target": 0.8132928243063581, "params": {"eta": 0.3050066802495285, "max_depth": 20.23059092849318, "n_estimators": 10.384168375784437}, "datetime": {"datetime": "2021-09-20 20:34:14", "elapsed": 891.416301, "delta": 2.462708}}
{"target": 0.7230628474989458, "params": {"eta": 0.7634262495032789, "max_depth": 19.43585179468313, "n_estimators": 9.959526117045588}, "datetime": {"datetime": "2021-09-20 20:34:19", "elapsed": 895.849176, "delta": 4.432875}}
{"target": -4.147233372035334, "params": {"eta": 0.01, "max_depth": 6.810093326357469, "n_estimators": 9.385377479555396}, "datetime": {"datetime": "2021-09-20 20:34:22", "elapsed": 899.484166, "delta": 3.63499}}
