{"target": 0.781584863007644, "params": {"eta": 0.34277878186961763, "max_depth": 2.9512542389265133, "n_estimators": 30.42638450993724}, "datetime": {"datetime": "2021-09-20 19:36:09", "elapsed": 552.56581, "delta": 3.119359}}
{"target": 0.8213007147267247, "params": {"eta": 0.22212691174173843, "max_depth": 12.121265052367216, "n_estimators": 40.96084211207753}, "datetime": {"datetime": "2021-09-20 19:36:12", "elapsed": 554.978456, "delta": 2.412646}}
{"target": 0.8182591658549815, "params": {"eta": 0.2663354744502022, "max_depth": 9.86172779915593, "n_estimators": 19.822307337344917}, "datetime": {"datetime": "2021-09-20 19:36:14", "elapsed": 557.21746, "delta": 2.239004}}
{"target": 0.8291130434731555, "params": {"eta": 0.15182121206494145, "max_depth": 17.683112165057835, "n_estimators": 20.136818849667858}, "datetime": {"datetime": "2021-09-20 19:36:16", "elapsed": 559.517031, "delta": 2.299571}}
{"target": 0.8397707889800392, "params": {"eta": 0.45914432671632904, "max_depth": 14.201164716868524, "n_estimators": 43.74418171453042}, "datetime": {"datetime": "2021-09-20 19:36:20", "elapsed": 563.711727, "delta": 4.194696}}
{"target": 0.8112232928746712, "params": {"eta": 0.5218515928837442, "max_depth": 18.078209624962078, "n_estimators": 38.964914556237446}, "datetime": {"datetime": "2021-09-20 19:36:24", "elapsed": 567.849827, "delta": 4.1381}}
{"target": 0.7382266014406341, "params": {"eta": 0.7709759247110498, "max_depth": 11.487126175863473, "n_estimators": 26.29014083180334}, "datetime": {"datetime": "2021-09-20 19:36:27", "elapsed": 570.112512, "delta": 2.262685}}
{"target": 0.8217189116542818, "params": {"eta": 0.4006318836811845, "max_depth": 17.693866745861644, "n_estimators": 38.53923748390725}, "datetime": {"datetime": "2021-09-20 19:36:31", "elapsed": 574.136322, "delta": 4.02381}}
{"target": 0.8306159853232405, "params": {"eta": 0.36332007753142215, "max_depth": 14.734919193154402, "n_estimators": 43.39573994431634}, "datetime": {"datetime": "2021-09-20 19:36:36", "elapsed": 579.313323, "delta": 5.177001}}
{"target": -0.7186106617611094, "params": {"eta": 0.024347133563014007, "max_depth": 9.806935057024585, "n_estimators": 29.51813059763468}, "datetime": {"datetime": "2021-09-20 19:36:38", "elapsed": 581.170917, "delta": 1.857594}}
{"target": 0.30447133281082017, "params": {"eta": 0.17116106886365023, "max_depth": 10.951186344605826, "n_estimators": 7.207731906679512}, "datetime": {"datetime": "2021-09-20 19:36:40", "elapsed": 583.253503, "delta": 2.082586}}
{"target": 0.838135707629724, "params": {"eta": 0.33078262476861303, "max_depth": 17.065526918978968, "n_estimators": 38.50052031594097}, "datetime": {"datetime": "2021-09-20 19:36:44", "elapsed": 587.415525, "delta": 4.162022}}
{"target": 0.8418229642031263, "params": {"eta": 0.3176925456387349, "max_depth": 9.622766512064917, "n_estimators": 28.793881899365374}, "datetime": {"datetime": "2021-09-20 19:36:48", "elapsed": 591.811291, "delta": 4.395766}}
{"target": 0.8441163876691242, "params": {"eta": 0.3758055148524167, "max_depth": 9.198899449624479, "n_estimators": 29.048858257222783}, "datetime": {"datetime": "2021-09-20 19:36:53", "elapsed": 595.965263, "delta": 4.153972}}
{"target": 0.7828353462107946, "params": {"eta": 0.6933971526932017, "max_depth": 9.998769084437047, "n_estimators": 36.00042956457421}, "datetime": {"datetime": "2021-09-20 19:36:56", "elapsed": 599.723945, "delta": 3.758682}}
{"target": -0.041137889295532526, "params": {"eta": 0.05264042190256012, "max_depth": 6.783041602297354, "n_estimators": 19.709739516306627}, "datetime": {"datetime": "2021-09-20 19:36:58", "elapsed": 601.75022, "delta": 2.026275}}
{"target": 0.8399181002216096, "params": {"eta": 0.35833360454137686, "max_depth": 7.018047466465035, "n_estimators": 20.044046642749645}, "datetime": {"datetime": "2021-09-20 19:37:02", "elapsed": 605.479221, "delta": 3.729001}}
{"target": 0.830856312389199, "params": {"eta": 0.38755712763677097, "max_depth": 6.805166062994962, "n_estimators": 19.94433706596201}, "datetime": {"datetime": "2021-09-20 19:37:07", "elapsed": 610.341843, "delta": 4.862622}}
{"target": 0.7934995182760267, "params": {"eta": 0.5784848803139788, "max_depth": 16.32509925210156, "n_estimators": 7.967397943054999}, "datetime": {"datetime": "2021-09-20 19:37:09", "elapsed": 612.271056, "delta": 1.929213}}
{"target": 0.748509172384414, "params": {"eta": 0.7258753923099435, "max_depth": 10.31683380655982, "n_estimators": 39.02591838404187}, "datetime": {"datetime": "2021-09-20 19:37:11", "elapsed": 614.48643, "delta": 2.215374}}
{"target": 0.8270975738052775, "params": {"eta": 0.20731464703979052, "max_depth": 7.198491348309703, "n_estimators": 19.759745475461212}, "datetime": {"datetime": "2021-09-20 19:37:15", "elapsed": 618.892058, "delta": 4.405628}}
{"target": 0.8507635801608859, "params": {"eta": 0.17836177409554052, "max_depth": 8.343341644909732, "n_estimators": 43.3350960902551}, "datetime": {"datetime": "2021-09-20 19:37:18", "elapsed": 621.108324, "delta": 2.216266}}
{"target": 0.8031227546812555, "params": {"eta": 0.6487529572155, "max_depth": 9.392465583331266, "n_estimators": 28.734228856145766}, "datetime": {"datetime": "2021-09-20 19:37:22", "elapsed": 625.386405, "delta": 4.278081}}
{"target": 0.8277182386154592, "params": {"eta": 0.08505238843804384, "max_depth": 14.291336127637814, "n_estimators": 43.797152864512384}, "datetime": {"datetime": "2021-09-20 19:37:26", "elapsed": 629.265189, "delta": 3.878784}}
{"target": 0.7926638764135004, "params": {"eta": 0.05684672279249565, "max_depth": 20.06896661261602, "n_estimators": 48.079285841789144}, "datetime": {"datetime": "2021-09-20 19:37:28", "elapsed": 631.691434, "delta": 2.426245}}
{"target": 0.8255920216022284, "params": {"eta": 0.3014025401393198, "max_depth": 17.969806307161356, "n_estimators": 39.25394077837308}, "datetime": {"datetime": "2021-09-20 19:37:33", "elapsed": 636.751366, "delta": 5.059932}}
{"target": 0.7918946641284682, "params": {"eta": 0.49538371497702327, "max_depth": 17.28437085660666, "n_estimators": 38.20356140042503}, "datetime": {"datetime": "2021-09-20 19:37:39", "elapsed": 642.617829, "delta": 5.866463}}
{"target": 0.7832505122033394, "params": {"eta": 0.6159843469917616, "max_depth": 6.803157618531949, "n_estimators": 19.49751660097598}, "datetime": {"datetime": "2021-09-20 19:37:44", "elapsed": 647.344868, "delta": 4.727039}}
{"target": 0.8361254305872096, "params": {"eta": 0.168753764179786, "max_depth": 9.45694248048639, "n_estimators": 46.580363506848855}, "datetime": {"datetime": "2021-09-20 19:37:46", "elapsed": 649.73287, "delta": 2.388002}}
{"target": 0.8349125346068681, "params": {"eta": 0.3064786245278751, "max_depth": 6.867359868753356, "n_estimators": 19.645147356335432}, "datetime": {"datetime": "2021-09-20 19:37:51", "elapsed": 654.237059, "delta": 4.504189}}
{"target": -0.0032746941941521612, "params": {"eta": 0.14099215392670766, "max_depth": 18.051605339503272, "n_estimators": 7.676617304932684}, "datetime": {"datetime": "2021-09-20 19:37:53", "elapsed": 656.276596, "delta": 2.039537}}
{"target": 0.8529347884000256, "params": {"eta": 0.136653631697119, "max_depth": 9.307017556138934, "n_estimators": 28.584032997380447}, "datetime": {"datetime": "2021-09-20 19:37:57", "elapsed": 660.34856, "delta": 4.071964}}
{"target": 0.802036026391127, "params": {"eta": 0.08716675187837292, "max_depth": 12.352398812668568, "n_estimators": 33.28113035121743}, "datetime": {"datetime": "2021-09-20 19:38:00", "elapsed": 662.967059, "delta": 2.618499}}
{"target": 0.8085849142039552, "params": {"eta": 0.07553285947741993, "max_depth": 17.43466944284231, "n_estimators": 38.527078283842826}, "datetime": {"datetime": "2021-09-20 19:38:05", "elapsed": 668.55435, "delta": 5.587291}}
{"target": 0.849052484522247, "params": {"eta": 0.4351973469706601, "max_depth": 9.048635489674052, "n_estimators": 28.661025810919078}, "datetime": {"datetime": "2021-09-20 19:38:09", "elapsed": 672.309202, "delta": 3.754852}}
{"target": 0.8309161396909546, "params": {"eta": 0.275786378974904, "max_depth": 19.97506541685742, "n_estimators": 13.511800510884898}, "datetime": {"datetime": "2021-09-20 19:38:11", "elapsed": 674.848355, "delta": 2.539153}}
{"target": 0.8624517661228082, "params": {"eta": 0.1965558196410819, "max_depth": 14.571392737229544, "n_estimators": 43.59626144485518}, "datetime": {"datetime": "2021-09-20 19:38:16", "elapsed": 679.540185, "delta": 4.69183}}
{"target": 0.7822776471080068, "params": {"eta": 0.7079342545138922, "max_depth": 7.661658356024979, "n_estimators": 42.341399056809955}, "datetime": {"datetime": "2021-09-20 19:38:21", "elapsed": 684.077477, "delta": 4.537292}}
{"target": 0.7943348623353211, "params": {"eta": 0.49608500558321633, "max_depth": 14.326761082229261, "n_estimators": 43.34334505883686}, "datetime": {"datetime": "2021-09-20 19:38:27", "elapsed": 690.384081, "delta": 6.306604}}
{"target": 0.8252819365364721, "params": {"eta": 0.548311082461268, "max_depth": 9.564523019923262, "n_estimators": 29.151323713917243}, "datetime": {"datetime": "2021-09-20 19:38:31", "elapsed": 694.815364, "delta": 4.431283}}
{"target": 0.7858142513305746, "params": {"eta": 0.5699240804357014, "max_depth": 1.373211921370431, "n_estimators": 26.86098388087348}, "datetime": {"datetime": "2021-09-20 19:38:34", "elapsed": 697.265799, "delta": 2.450435}}
{"target": 0.7908285588748112, "params": {"eta": 0.6315053091076919, "max_depth": 17.274029631746963, "n_estimators": 38.73092418093426}, "datetime": {"datetime": "2021-09-20 19:38:38", "elapsed": 701.518248, "delta": 4.252449}}
{"target": 0.8451367128995402, "params": {"eta": 0.28551926984489745, "max_depth": 14.342750722880417, "n_estimators": 42.99325563847795}, "datetime": {"datetime": "2021-09-20 19:38:44", "elapsed": 707.552018, "delta": 6.03377}}
{"target": 0.7568640600495231, "params": {"eta": 0.5904128598285174, "max_depth": 14.660405270576545, "n_estimators": 43.002096632189854}, "datetime": {"datetime": "2021-09-20 19:38:48", "elapsed": 711.811201, "delta": 4.259183}}
{"target": 0.8176179106541307, "params": {"eta": 0.08713662390757673, "max_depth": 18.350518624459774, "n_estimators": 36.3659878461317}, "datetime": {"datetime": "2021-09-20 19:38:51", "elapsed": 714.476779, "delta": 2.665578}}
{"target": 0.8386781283930409, "params": {"eta": 0.4089831696318165, "max_depth": 7.923334089767604, "n_estimators": 42.06839129775411}, "datetime": {"datetime": "2021-09-20 19:38:56", "elapsed": 719.912214, "delta": 5.435435}}
{"target": 0.8206629618623922, "params": {"eta": 0.5589553650555843, "max_depth": 10.303014391155756, "n_estimators": 36.26010018710018}, "datetime": {"datetime": "2021-09-20 19:39:01", "elapsed": 724.645061, "delta": 4.732847}}
{"target": 0.8411558993447529, "params": {"eta": 0.43251171781732817, "max_depth": 20.75721371075997, "n_estimators": 45.92445280665006}, "datetime": {"datetime": "2021-09-20 19:39:04", "elapsed": 727.701498, "delta": 3.056437}}
{"target": 0.828824679030149, "params": {"eta": 0.48205174427254066, "max_depth": 4.111967787060519, "n_estimators": 15.090238992426064}, "datetime": {"datetime": "2021-09-20 19:39:06", "elapsed": 729.88234, "delta": 2.180842}}
{"target": 0.7521879160755214, "params": {"eta": 0.7308697488409055, "max_depth": 7.593036716712756, "n_estimators": 41.93518746895719}, "datetime": {"datetime": "2021-09-20 19:39:11", "elapsed": 734.628429, "delta": 4.746089}}
{"target": 0.8416839215523064, "params": {"eta": 0.3417540812804544, "max_depth": 10.418709780916984, "n_estimators": 35.882448476723056}, "datetime": {"datetime": "2021-09-20 19:39:15", "elapsed": 738.76663, "delta": 4.138201}}
{"target": 0.8054013511152043, "params": {"eta": 0.4530361918658389, "max_depth": 12.055238279067295, "n_estimators": 5.748158829026481}, "datetime": {"datetime": "2021-09-20 19:39:18", "elapsed": 741.153578, "delta": 2.386948}}
{"target": 0.8700128443694213, "params": {"eta": 0.15950877685387413, "max_depth": 7.544446800697474, "n_estimators": 42.40450181349966}, "datetime": {"datetime": "2021-09-20 19:39:23", "elapsed": 746.320749, "delta": 5.167171}}
{"target": 0.851072506785509, "params": {"eta": 0.43734332478224996, "max_depth": 6.4221907611263305, "n_estimators": 19.66707345495356}, "datetime": {"datetime": "2021-09-20 19:39:29", "elapsed": 752.861498, "delta": 6.540749}}
{"target": 0.8267454582255966, "params": {"eta": 0.4220357226348269, "max_depth": 7.856369010770711, "n_estimators": 42.5417805057553}, "datetime": {"datetime": "2021-09-20 19:39:36", "elapsed": 759.289086, "delta": 6.427588}}
{"target": 0.8229984887336671, "params": {"eta": 0.408897815462253, "max_depth": 16.58760517735249, "n_estimators": 11.54420309227086}, "datetime": {"datetime": "2021-09-20 19:39:38", "elapsed": 761.631313, "delta": 2.342227}}
{"target": 0.7857721542236604, "params": {"eta": 0.5713739326335542, "max_depth": 17.10640016115906, "n_estimators": 11.497625380033801}, "datetime": {"datetime": "2021-09-20 19:39:43", "elapsed": 766.749344, "delta": 5.118031}}
{"target": 0.7757143181388501, "params": {"eta": 0.7345116162434646, "max_depth": 2.3694983053816645, "n_estimators": 30.50073808649541}, "datetime": {"datetime": "2021-09-20 19:39:48", "elapsed": 771.340058, "delta": 4.590714}}
{"target": 0.8222691089262351, "params": {"eta": 0.4036249202773162, "max_depth": 16.51397415065626, "n_estimators": 40.46852573894069}, "datetime": {"datetime": "2021-09-20 19:39:51", "elapsed": 774.089183, "delta": 2.749125}}
{"target": 0.849671982724495, "params": {"eta": 0.32111598109482264, "max_depth": 10.39731835200768, "n_estimators": 35.36857585588683}, "datetime": {"datetime": "2021-09-20 19:39:55", "elapsed": 778.635933, "delta": 4.54675}}
{"target": 0.8210680934498821, "params": {"eta": 0.5422512172245606, "max_depth": 9.57286237533761, "n_estimators": 34.11195138341674}, "datetime": {"datetime": "2021-09-20 19:40:00", "elapsed": 783.348758, "delta": 4.712825}}
{"target": 0.8252831598125163, "params": {"eta": 0.48815715732233517, "max_depth": 10.012685650680892, "n_estimators": 35.651044297051854}, "datetime": {"datetime": "2021-09-20 19:40:05", "elapsed": 788.818704, "delta": 5.469946}}
{"target": 0.8324840089410005, "params": {"eta": 0.22008709550829353, "max_depth": 13.058915033976184, "n_estimators": 34.83187832644871}, "datetime": {"datetime": "2021-09-20 19:40:08", "elapsed": 791.441736, "delta": 2.623032}}
{"target": 0.7930766368129402, "params": {"eta": 0.5840898334467088, "max_depth": 10.167204913929993, "n_estimators": 35.0930912099625}, "datetime": {"datetime": "2021-09-20 19:40:13", "elapsed": 796.453898, "delta": 5.012162}}
{"target": 0.8363349252254736, "params": {"eta": 0.45895895425955946, "max_depth": 9.983377922792679, "n_estimators": 34.536386421243435}, "datetime": {"datetime": "2021-09-20 19:40:18", "elapsed": 801.47828, "delta": 5.024382}}
{"target": 0.7857371606052956, "params": {"eta": 0.5727163278986499, "max_depth": 9.42882924676436, "n_estimators": 32.85657274619468}, "datetime": {"datetime": "2021-09-20 19:40:20", "elapsed": 803.926416, "delta": 2.448136}}
{"target": 0.7806816494023211, "params": {"eta": 0.6106356599781012, "max_depth": 10.565079425661052, "n_estimators": 34.85707608680481}, "datetime": {"datetime": "2021-09-20 19:40:26", "elapsed": 809.169786, "delta": 5.24337}}
{"target": 0.7170745724938492, "params": {"eta": 0.05628259661628139, "max_depth": 17.87553676091008, "n_estimators": 38.8361361557095}, "datetime": {"datetime": "2021-09-20 19:40:31", "elapsed": 814.705647, "delta": 5.535861}}
{"target": 0.822699177031709, "params": {"eta": 0.36567394612869036, "max_depth": 18.60147530451419, "n_estimators": 43.06303918377279}, "datetime": {"datetime": "2021-09-20 19:40:34", "elapsed": 817.493295, "delta": 2.787648}}
{"target": 0.787409702554929, "params": {"eta": 0.5721636205010042, "max_depth": 19.746619022249934, "n_estimators": 10.81293243359795}, "datetime": {"datetime": "2021-09-20 19:40:37", "elapsed": 820.012468, "delta": 2.519173}}
{"target": 0.849981787492963, "params": {"eta": 0.310407665016724, "max_depth": 5.119172051483934, "n_estimators": 24.766911408987603}, "datetime": {"datetime": "2021-09-20 19:40:42", "elapsed": 825.736104, "delta": 5.723636}}
{"target": 0.8051667859916491, "params": {"eta": 0.5638886250419564, "max_depth": 6.078316268579332, "n_estimators": 40.923199577159444}, "datetime": {"datetime": "2021-09-20 19:40:47", "elapsed": 830.357093, "delta": 4.620989}}
{"target": 0.7957574047385861, "params": {"eta": 0.7025733848352111, "max_depth": 9.649483949585505, "n_estimators": 34.51246216625332}, "datetime": {"datetime": "2021-09-20 19:40:52", "elapsed": 835.506458, "delta": 5.149365}}
{"target": 0.8439714885159029, "params": {"eta": 0.45281504425096025, "max_depth": 4.421869869158275, "n_estimators": 14.645917606929618}, "datetime": {"datetime": "2021-09-20 19:40:56", "elapsed": 839.924046, "delta": 4.417588}}
{"target": 0.8305734845621153, "params": {"eta": 0.34416988937262866, "max_depth": 7.846289348644891, "n_estimators": 18.57354338197692}, "datetime": {"datetime": "2021-09-20 19:40:59", "elapsed": 842.449338, "delta": 2.525292}}
{"target": 0.823180719051754, "params": {"eta": 0.5830485031222903, "max_depth": 7.630502964061894, "n_estimators": 18.21420062797462}, "datetime": {"datetime": "2021-09-20 19:41:04", "elapsed": 847.527172, "delta": 5.077834}}
{"target": 0.8361100766019461, "params": {"eta": 0.342633997961675, "max_depth": 4.752774458855321, "n_estimators": 14.9557192814107}, "datetime": {"datetime": "2021-09-20 19:41:08", "elapsed": 851.26126, "delta": 3.734088}}
{"target": 0.8368722321657649, "params": {"eta": 0.278706365428158, "max_depth": 4.809504638691868, "n_estimators": 14.245991400966396}, "datetime": {"datetime": "2021-09-20 19:41:12", "elapsed": 854.973908, "delta": 3.712648}}
{"target": 0.8452584531730554, "params": {"eta": 0.2213013807855906, "max_depth": 6.558215557805475, "n_estimators": 29.352479443892662}, "datetime": {"datetime": "2021-09-20 19:41:14", "elapsed": 857.476946, "delta": 2.503038}}
{"target": 0.846559054633242, "params": {"eta": 0.15961446424990608, "max_depth": 7.772998905152797, "n_estimators": 20.34945179520639}, "datetime": {"datetime": "2021-09-20 19:41:17", "elapsed": 860.128577, "delta": 2.651631}}
{"target": 0.801225942995178, "params": {"eta": 0.5693932231065809, "max_depth": 4.691625758112382, "n_estimators": 24.83319902726542}, "datetime": {"datetime": "2021-09-20 19:41:21", "elapsed": 864.441275, "delta": 4.312698}}
{"target": 0.8448617890070478, "params": {"eta": 0.1488266460968613, "max_depth": 6.396427619441251, "n_estimators": 27.607909057721134}, "datetime": {"datetime": "2021-09-20 19:41:24", "elapsed": 867.120162, "delta": 2.678887}}
{"target": 0.8299279185790589, "params": {"eta": 0.11686946984328733, "max_depth": 8.75454298206351, "n_estimators": 34.03025953530301}, "datetime": {"datetime": "2021-09-20 19:41:27", "elapsed": 869.941889, "delta": 2.821727}}
{"target": 0.8413208710552886, "params": {"eta": 0.49231193342544605, "max_depth": 5.781240801963403, "n_estimators": 10.581469184868487}, "datetime": {"datetime": "2021-09-20 19:41:29", "elapsed": 872.685485, "delta": 2.743596}}
{"target": 0.8337156560410162, "params": {"eta": 0.47745253307044855, "max_depth": 9.00758987983406, "n_estimators": 34.27309115433986}, "datetime": {"datetime": "2021-09-20 19:41:35", "elapsed": 878.020878, "delta": 5.335393}}
{"target": 0.8298858381752976, "params": {"eta": 0.2522051443282358, "max_depth": 5.172611475196626, "n_estimators": 14.608503885386193}, "datetime": {"datetime": "2021-09-20 19:41:40", "elapsed": 883.884284, "delta": 5.863406}}
{"target": -2.2386250837515025, "params": {"eta": 0.042596576648999365, "max_depth": 16.88132792107401, "n_estimators": 8.57439210375678}, "datetime": {"datetime": "2021-09-20 19:41:43", "elapsed": 886.301963, "delta": 2.417679}}
{"target": 0.7951037411682043, "params": {"eta": 0.6608804297991047, "max_depth": 16.342973500169318, "n_estimators": 43.88352865421989}, "datetime": {"datetime": "2021-09-20 19:41:46", "elapsed": 889.415023, "delta": 3.11306}}
{"target": 0.8308093597837851, "params": {"eta": 0.3177513691039492, "max_depth": 15.937425870848093, "n_estimators": 21.419909605511172}, "datetime": {"datetime": "2021-09-20 19:41:49", "elapsed": 892.446092, "delta": 3.031069}}
{"target": 0.8410268108886864, "params": {"eta": 0.38115183773997496, "max_depth": 10.932021676502789, "n_estimators": 35.0698496740614}, "datetime": {"datetime": "2021-09-20 19:41:56", "elapsed": 899.010131, "delta": 6.564039}}
{"target": 0.7108587185465667, "params": {"eta": 0.8, "max_depth": 17.55202982945457, "n_estimators": 11.435440764037834}, "datetime": {"datetime": "2021-09-20 19:42:01", "elapsed": 904.86285, "delta": 5.852719}}
{"target": 0.7614910604196963, "params": {"eta": 0.7522968943546745, "max_depth": 4.901019556205332, "n_estimators": 14.623538197397206}, "datetime": {"datetime": "2021-09-20 19:42:04", "elapsed": 907.319962, "delta": 2.457112}}
{"target": 0.7465077184718147, "params": {"eta": 0.7386076670492707, "max_depth": 7.539837602379476, "n_estimators": 18.684713732261322}, "datetime": {"datetime": "2021-09-20 19:42:10", "elapsed": 913.688619, "delta": 6.368657}}
{"target": 0.8396160969924976, "params": {"eta": 0.435892478093316, "max_depth": 6.589911269408429, "n_estimators": 11.663920799638033}, "datetime": {"datetime": "2021-09-20 19:42:15", "elapsed": 918.779103, "delta": 5.090484}}
{"target": 0.7933199599747915, "params": {"eta": 0.2486330035236821, "max_depth": 6.2622455240752375, "n_estimators": 11.375512191409573}, "datetime": {"datetime": "2021-09-20 19:42:20", "elapsed": 923.41013, "delta": 4.631027}}
{"target": 0.7886068198461912, "params": {"eta": 0.5956296479570464, "max_depth": 5.819665579785877, "n_estimators": 11.083642507182232}, "datetime": {"datetime": "2021-09-20 19:42:24", "elapsed": 927.74867, "delta": 4.33854}}
