{"target": 0.7844867891230138, "params": {"eta": 0.8, "max_depth": 2.853858140513547, "n_estimators": 18.07691002036177}, "datetime": {"datetime": "2021-09-20 19:27:44", "elapsed": 47.018596, "delta": 0.505998}}
{"target": 0.6271245881170671, "params": {"eta": 0.07388372946877293, "max_depth": 10.730492947245164, "n_estimators": 24.064166793295637}, "datetime": {"datetime": "2021-09-20 19:27:44", "elapsed": 47.499235, "delta": 0.480639}}
{"target": 0.7170586192576891, "params": {"eta": 0.8, "max_depth": 16.462342000452743, "n_estimators": 31.295121216373996}, "datetime": {"datetime": "2021-09-20 19:27:45", "elapsed": 48.187221, "delta": 0.687986}}
{"target": 0.7555894227969869, "params": {"eta": 0.8, "max_depth": 5.944608241140455, "n_estimators": 20.590006821847446}, "datetime": {"datetime": "2021-09-20 19:27:45", "elapsed": 48.734862, "delta": 0.547641}}
{"target": 0.7301176597375715, "params": {"eta": 0.8, "max_depth": 12.116510585161182, "n_estimators": 14.826510627098418}, "datetime": {"datetime": "2021-09-20 19:27:46", "elapsed": 49.275863, "delta": 0.541001}}
{"target": 0.743284934720033, "params": {"eta": 0.8, "max_depth": 9.587233843926331, "n_estimators": 39.71815667268957}, "datetime": {"datetime": "2021-09-20 19:27:47", "elapsed": 49.960405, "delta": 0.684542}}
{"target": -4.848801732159626, "params": {"eta": 0.01, "max_depth": 3.824879104214043, "n_estimators": 2.4387648144020395}, "datetime": {"datetime": "2021-09-20 19:27:47", "elapsed": 50.499404, "delta": 0.538999}}
{"target": 0.6421445026463646, "params": {"eta": 0.0509084279742005, "max_depth": 5.460368220147521, "n_estimators": 36.469540953711316}, "datetime": {"datetime": "2021-09-20 19:27:48", "elapsed": 51.140402, "delta": 0.640998}}
{"target": 0.7631141292749457, "params": {"eta": 0.8, "max_depth": 6.253773620239104, "n_estimators": 50.0}, "datetime": {"datetime": "2021-09-20 19:27:48", "elapsed": 51.798436, "delta": 0.658034}}
{"target": -2.3285637280951774, "params": {"eta": 0.01, "max_depth": 16.196770972614523, "n_estimators": 33.05298292914858}, "datetime": {"datetime": "2021-09-20 19:27:49", "elapsed": 52.361436, "delta": 0.563}}
{"target": 0.7707901024652541, "params": {"eta": 0.05846306118353542, "max_depth": 19.652147047501142, "n_estimators": 42.47707642311412}, "datetime": {"datetime": "2021-09-20 19:27:49", "elapsed": 52.927437, "delta": 0.566001}}
{"target": 0.7871598831554657, "params": {"eta": 0.7012716793681465, "max_depth": 15.812310156761734, "n_estimators": 29.547420708207277}, "datetime": {"datetime": "2021-09-20 19:27:50", "elapsed": 53.639976, "delta": 0.712539}}
{"target": 0.7291118002717947, "params": {"eta": 0.7999267485571383, "max_depth": 13.403620895761645, "n_estimators": 32.3990311093492}, "datetime": {"datetime": "2021-09-20 19:27:51", "elapsed": 54.267748, "delta": 0.627772}}
{"target": 0.7301369967593658, "params": {"eta": 0.8, "max_depth": 12.958683596022153, "n_estimators": 18.245029087345024}, "datetime": {"datetime": "2021-09-20 19:27:52", "elapsed": 54.946751, "delta": 0.679003}}
{"target": 0.7306998823274438, "params": {"eta": 0.7736525076776876, "max_depth": 11.368157861874911, "n_estimators": 35.035827559488894}, "datetime": {"datetime": "2021-09-20 19:27:52", "elapsed": 55.600519, "delta": 0.653768}}
{"target": 0.710925610431103, "params": {"eta": 0.8, "max_depth": 17.82980846727817, "n_estimators": 29.830048371423814}, "datetime": {"datetime": "2021-09-20 19:27:53", "elapsed": 56.302592, "delta": 0.702073}}
{"target": 0.7089409302585188, "params": {"eta": 0.7851481843658072, "max_depth": 13.164806054506377, "n_estimators": 34.66647048133683}, "datetime": {"datetime": "2021-09-20 19:27:53", "elapsed": 56.892916, "delta": 0.590324}}
{"target": -1.552513479589655, "params": {"eta": 0.01, "max_depth": 7.194285677577237, "n_estimators": 48.30500716527189}, "datetime": {"datetime": "2021-09-20 19:27:54", "elapsed": 57.508518, "delta": 0.615602}}
{"target": 0.6233856440257102, "params": {"eta": 0.04286690756325499, "max_depth": 16.18236201538989, "n_estimators": 42.35626920937978}, "datetime": {"datetime": "2021-09-20 19:27:55", "elapsed": 58.163285, "delta": 0.654767}}
{"target": 0.7432474471615442, "params": {"eta": 0.7076593159811603, "max_depth": 2.484778884709985, "n_estimators": 6.679770041686952}, "datetime": {"datetime": "2021-09-20 19:27:55", "elapsed": 58.703288, "delta": 0.540003}}
{"target": 0.7826906575640546, "params": {"eta": 0.7684808407883076, "max_depth": 2.772781537724284, "n_estimators": 12.221478056209072}, "datetime": {"datetime": "2021-09-20 19:27:56", "elapsed": 59.164289, "delta": 0.461001}}
{"target": 0.7295458681786361, "params": {"eta": 0.7885647088568057, "max_depth": 13.708958352235237, "n_estimators": 30.096587394764665}, "datetime": {"datetime": "2021-09-20 19:27:56", "elapsed": 59.776782, "delta": 0.612493}}
{"target": 0.7869675649785366, "params": {"eta": 0.377198318167867, "max_depth": 1.0394286747741313, "n_estimators": 43.606511113082455}, "datetime": {"datetime": "2021-09-20 19:27:57", "elapsed": 60.402992, "delta": 0.62621}}
{"target": 0.8261452980031366, "params": {"eta": 0.712434777773928, "max_depth": 3.1849583068912715, "n_estimators": 43.15477965079487}, "datetime": {"datetime": "2021-09-20 19:27:58", "elapsed": 60.992993, "delta": 0.590001}}
{"target": 0.804917110927158, "params": {"eta": 0.3614078863693957, "max_depth": 2.47241512765963, "n_estimators": 45.34891088792311}, "datetime": {"datetime": "2021-09-20 19:27:58", "elapsed": 61.686682, "delta": 0.693689}}
{"target": 0.7942040425467727, "params": {"eta": 0.780986203991148, "max_depth": 1.1343574460125296, "n_estimators": 41.47937391982855}, "datetime": {"datetime": "2021-09-20 19:27:59", "elapsed": 62.20385, "delta": 0.517168}}
{"target": 0.7170479091465476, "params": {"eta": 0.8, "max_depth": 16.139511411864266, "n_estimators": 13.101139536327404}, "datetime": {"datetime": "2021-09-20 19:27:59", "elapsed": 62.85485, "delta": 0.651}}
{"target": 0.7863418529886199, "params": {"eta": 0.7043218100406762, "max_depth": 5.584613287973369, "n_estimators": 41.909701353289186}, "datetime": {"datetime": "2021-09-20 19:28:00", "elapsed": 63.492848, "delta": 0.637998}}
{"target": 0.40280173575048284, "params": {"eta": 0.05489000623665058, "max_depth": 1.1547758209344607, "n_estimators": 31.937690728765897}, "datetime": {"datetime": "2021-09-20 19:28:01", "elapsed": 64.063663, "delta": 0.570815}}
{"target": 0.8580885904640636, "params": {"eta": 0.3917488948397757, "max_depth": 3.9152635190262055, "n_estimators": 33.83599364430458}, "datetime": {"datetime": "2021-09-20 19:28:01", "elapsed": 64.59166, "delta": 0.527997}}
{"target": 0.8185042130680755, "params": {"eta": 0.6929114781765122, "max_depth": 3.298105045802641, "n_estimators": 31.789828980550677}, "datetime": {"datetime": "2021-09-20 19:28:02", "elapsed": 65.207661, "delta": 0.616001}}
{"target": 0.7903635602905137, "params": {"eta": 0.44567600497687865, "max_depth": 1.034112109739508, "n_estimators": 21.573764515457402}, "datetime": {"datetime": "2021-09-20 19:28:02", "elapsed": 65.72411, "delta": 0.516449}}
{"target": 0.7680098298192638, "params": {"eta": 0.8, "max_depth": 3.771586195501522, "n_estimators": 22.423833586191396}, "datetime": {"datetime": "2021-09-20 19:28:03", "elapsed": 66.330347, "delta": 0.606237}}
{"target": 0.8359710145607127, "params": {"eta": 0.35627849182514426, "max_depth": 20.999076884098706, "n_estimators": 21.23643192801073}, "datetime": {"datetime": "2021-09-20 19:28:04", "elapsed": 67.098539, "delta": 0.768192}}
{"target": 0.8328886458208129, "params": {"eta": 0.08554572538692258, "max_depth": 9.046767552752918, "n_estimators": 41.51022471247152}, "datetime": {"datetime": "2021-09-20 19:28:04", "elapsed": 67.800929, "delta": 0.70239}}
{"target": 0.7717680633028001, "params": {"eta": 0.8, "max_depth": 3.8296169858503304, "n_estimators": 29.520552238319958}, "datetime": {"datetime": "2021-09-20 19:28:05", "elapsed": 68.332047, "delta": 0.531118}}
{"target": -1.9373597122581185, "params": {"eta": 0.01, "max_depth": 18.476263296699145, "n_estimators": 40.29533005459974}, "datetime": {"datetime": "2021-09-20 19:28:05", "elapsed": 68.895731, "delta": 0.563684}}
{"target": 0.793293445739167, "params": {"eta": 0.6244457618873626, "max_depth": 16.49074260857131, "n_estimators": 37.54384452105538}, "datetime": {"datetime": "2021-09-20 19:28:06", "elapsed": 69.604591, "delta": 0.70886}}
{"target": 0.7763907789236059, "params": {"eta": 0.8, "max_depth": 1.883002096946206, "n_estimators": 30.047277052385752}, "datetime": {"datetime": "2021-09-20 19:28:07", "elapsed": 70.17305, "delta": 0.568459}}
{"target": 0.7106569694057778, "params": {"eta": 0.8, "max_depth": 18.72877986634342, "n_estimators": 36.62059678478649}, "datetime": {"datetime": "2021-09-20 19:28:07", "elapsed": 70.893051, "delta": 0.720001}}
{"target": 0.7170484904252256, "params": {"eta": 0.8, "max_depth": 16.11144287897874, "n_estimators": 6.656491878502577}, "datetime": {"datetime": "2021-09-20 19:28:08", "elapsed": 71.722587, "delta": 0.829536}}
{"target": 0.7133292690711799, "params": {"eta": 0.8, "max_depth": 14.201606830053537, "n_estimators": 5.444141336027568}, "datetime": {"datetime": "2021-09-20 19:28:09", "elapsed": 72.228014, "delta": 0.505427}}
{"target": 0.713677859957444, "params": {"eta": 0.8, "max_depth": 14.562177029368481, "n_estimators": 40.86258823558784}, "datetime": {"datetime": "2021-09-20 19:28:10", "elapsed": 73.045016, "delta": 0.817002}}
{"target": -3.0583192338543057, "params": {"eta": 0.01, "max_depth": 8.684128940445841, "n_estimators": 22.710210465377212}, "datetime": {"datetime": "2021-09-20 19:28:10", "elapsed": 73.633708, "delta": 0.588692}}
{"target": 0.8059582577618976, "params": {"eta": 0.5518571890362829, "max_depth": 11.380439723731056, "n_estimators": 21.270884710392465}, "datetime": {"datetime": "2021-09-20 19:28:11", "elapsed": 74.362873, "delta": 0.729165}}
{"target": 0.7534269407313009, "params": {"eta": 0.8, "max_depth": 5.574790451425407, "n_estimators": 22.441505013529582}, "datetime": {"datetime": "2021-09-20 19:28:12", "elapsed": 74.995865, "delta": 0.632992}}
{"target": -3.3651645316105627, "params": {"eta": 0.01, "max_depth": 10.046611845937827, "n_estimators": 18.13424622487385}, "datetime": {"datetime": "2021-09-20 19:28:12", "elapsed": 75.628493, "delta": 0.632628}}
{"target": -2.5225007457249315, "params": {"eta": 0.01858090947917369, "max_depth": 12.427810278626344, "n_estimators": 16.09651989504266}, "datetime": {"datetime": "2021-09-20 19:28:13", "elapsed": 76.246134, "delta": 0.617641}}
{"target": 0.7621350437860788, "params": {"eta": 0.7523818778083233, "max_depth": 2.6842016201745413, "n_estimators": 12.193740547900553}, "datetime": {"datetime": "2021-09-20 19:28:13", "elapsed": 76.725884, "delta": 0.47975}}
{"target": 0.7479158031728684, "params": {"eta": 0.7857720757835571, "max_depth": 10.694520036514833, "n_estimators": 20.46176578443913}, "datetime": {"datetime": "2021-09-20 19:28:14", "elapsed": 77.604451, "delta": 0.878567}}
{"target": 0.811292933700536, "params": {"eta": 0.18863916972597877, "max_depth": 4.285905935511915, "n_estimators": 14.196810142695496}, "datetime": {"datetime": "2021-09-20 19:28:15", "elapsed": 78.394502, "delta": 0.790051}}
{"target": 0.41286321060912856, "params": {"eta": 0.04507523101252428, "max_depth": 13.178444747527594, "n_estimators": 31.204215416661494}, "datetime": {"datetime": "2021-09-20 19:28:16", "elapsed": 79.22813, "delta": 0.833628}}
{"target": 0.7565990413151591, "params": {"eta": 0.768161175440461, "max_depth": 5.535251422096984, "n_estimators": 12.144199721470535}, "datetime": {"datetime": "2021-09-20 19:28:17", "elapsed": 80.060255, "delta": 0.832125}}
{"target": 0.8562867795333527, "params": {"eta": 0.43427022006104193, "max_depth": 7.087299788960743, "n_estimators": 36.64978340796876}, "datetime": {"datetime": "2021-09-20 19:28:17", "elapsed": 80.806246, "delta": 0.745991}}
{"target": 0.8493335309894403, "params": {"eta": 0.25110033623464345, "max_depth": 5.752099110167418, "n_estimators": 18.94572576496935}, "datetime": {"datetime": "2021-09-20 19:28:18", "elapsed": 81.585586, "delta": 0.77934}}
{"target": -1.903489297951888, "params": {"eta": 0.01, "max_depth": 2.053728036955142, "n_estimators": 42.44429400038291}, "datetime": {"datetime": "2021-09-20 19:28:19", "elapsed": 82.291318, "delta": 0.705732}}
{"target": 0.458268438992536, "params": {"eta": 0.07582131424437745, "max_depth": 6.787183970568595, "n_estimators": 19.712893416192454}, "datetime": {"datetime": "2021-09-20 19:28:20", "elapsed": 83.229319, "delta": 0.938001}}
{"target": 0.8097597172344654, "params": {"eta": 0.07028514516735045, "max_depth": 6.22725835142416, "n_estimators": 40.860182016650995}, "datetime": {"datetime": "2021-09-20 19:28:21", "elapsed": 84.091852, "delta": 0.862533}}
{"target": -0.9102273650867401, "params": {"eta": 0.03378115465035817, "max_depth": 12.87269514228419, "n_estimators": 19.434803152602303}, "datetime": {"datetime": "2021-09-20 19:28:21", "elapsed": 84.903851, "delta": 0.811999}}
{"target": -1.4850342795214093, "params": {"eta": 0.012686953623791034, "max_depth": 6.820580546298015, "n_estimators": 39.21164005222633}, "datetime": {"datetime": "2021-09-20 19:28:22", "elapsed": 85.71043, "delta": 0.806579}}
{"target": 0.7295388053016238, "params": {"eta": 0.7616200846461941, "max_depth": 15.145817905041042, "n_estimators": 30.597702226223127}, "datetime": {"datetime": "2021-09-20 19:28:23", "elapsed": 86.647446, "delta": 0.937016}}
{"target": 0.7345595382305669, "params": {"eta": 0.8, "max_depth": 8.911910870407606, "n_estimators": 25.970445966152894}, "datetime": {"datetime": "2021-09-20 19:28:24", "elapsed": 87.768028, "delta": 1.120582}}
{"target": 0.7816464597621566, "params": {"eta": 0.8, "max_depth": 3.877433322522458, "n_estimators": 15.2909246050093}, "datetime": {"datetime": "2021-09-20 19:28:25", "elapsed": 88.709453, "delta": 0.941425}}
{"target": 0.7511762769146433, "params": {"eta": 0.7836660947191519, "max_depth": 7.2242575091553265, "n_estimators": 41.702176558132294}, "datetime": {"datetime": "2021-09-20 19:28:26", "elapsed": 89.89535, "delta": 1.185897}}
{"target": 0.8335041858700956, "params": {"eta": 0.181414958143601, "max_depth": 4.112478193849622, "n_estimators": 17.840010217815003}, "datetime": {"datetime": "2021-09-20 19:28:28", "elapsed": 90.981283, "delta": 1.085933}}
{"target": 0.8050888942814445, "params": {"eta": 0.6624955532059531, "max_depth": 3.606234358620727, "n_estimators": 44.38634481163821}, "datetime": {"datetime": "2021-09-20 19:28:29", "elapsed": 92.187399, "delta": 1.206116}}
{"target": 0.7345422263640071, "params": {"eta": 0.8, "max_depth": 8.89434176093411, "n_estimators": 38.02658127072042}, "datetime": {"datetime": "2021-09-20 19:28:30", "elapsed": 93.502397, "delta": 1.314998}}
{"target": 0.8025067179530172, "params": {"eta": 0.6687783522291527, "max_depth": 10.700634290540162, "n_estimators": 33.46690998893317}, "datetime": {"datetime": "2021-09-20 19:28:31", "elapsed": 94.580898, "delta": 1.078501}}
{"target": -2.706519090610709, "params": {"eta": 0.01, "max_depth": 9.053826760825093, "n_estimators": 27.163812278462604}, "datetime": {"datetime": "2021-09-20 19:28:32", "elapsed": 95.599897, "delta": 1.018999}}
{"target": 0.7805298716855866, "params": {"eta": 0.14494655607466397, "max_depth": 4.3434893996089965, "n_estimators": 16.5417255838443}, "datetime": {"datetime": "2021-09-20 19:28:33", "elapsed": 96.682676, "delta": 1.082779}}
{"target": 0.7857082849033297, "params": {"eta": 0.6878313489275356, "max_depth": 10.393235171655906, "n_estimators": 25.223487344581567}, "datetime": {"datetime": "2021-09-20 19:28:35", "elapsed": 98.214943, "delta": 1.532267}}
{"target": 0.8356759828306666, "params": {"eta": 0.4131160261408983, "max_depth": 17.676695248386775, "n_estimators": 37.19854155680341}, "datetime": {"datetime": "2021-09-20 19:28:36", "elapsed": 99.681538, "delta": 1.466595}}
{"target": 0.7938007803340454, "params": {"eta": 0.6657286117414126, "max_depth": 10.381695914718938, "n_estimators": 29.070300002319332}, "datetime": {"datetime": "2021-09-20 19:28:38", "elapsed": 101.148285, "delta": 1.466747}}
{"target": -1.445760751280948, "params": {"eta": 0.016795382999789298, "max_depth": 3.0431115502778163, "n_estimators": 30.320165284770532}, "datetime": {"datetime": "2021-09-20 19:28:39", "elapsed": 102.228282, "delta": 1.079997}}
{"target": 0.7627913706936331, "params": {"eta": 0.07077229284931123, "max_depth": 13.680418465801136, "n_estimators": 33.6187917892483}, "datetime": {"datetime": "2021-09-20 19:28:40", "elapsed": 103.621279, "delta": 1.392997}}
{"target": 0.7513612692524556, "params": {"eta": 0.8, "max_depth": 5.565129572877888, "n_estimators": 10.559943722491537}, "datetime": {"datetime": "2021-09-20 19:28:41", "elapsed": 104.803278, "delta": 1.181999}}
{"target": 0.7345422246950855, "params": {"eta": 0.8, "max_depth": 8.444154246973651, "n_estimators": 40.6673811597353}, "datetime": {"datetime": "2021-09-20 19:28:43", "elapsed": 106.01528, "delta": 1.212002}}
{"target": 0.7349689617708555, "params": {"eta": 0.8, "max_depth": 10.147365084370742, "n_estimators": 41.08478492390117}, "datetime": {"datetime": "2021-09-20 19:28:44", "elapsed": 107.311281, "delta": 1.296001}}
{"target": 0.7902162268749715, "params": {"eta": 0.8, "max_depth": 2.7655430206595315, "n_estimators": 33.052725341576675}, "datetime": {"datetime": "2021-09-20 19:28:46", "elapsed": 108.95028, "delta": 1.638999}}
{"target": 0.7546792981409728, "params": {"eta": 0.8, "max_depth": 4.354458286718334, "n_estimators": 32.61747953001734}, "datetime": {"datetime": "2021-09-20 19:28:47", "elapsed": 110.106281, "delta": 1.156001}}
{"target": 0.7945835529756833, "params": {"eta": 0.7436758161003346, "max_depth": 1.1248807160319054, "n_estimators": 45.16625662237991}, "datetime": {"datetime": "2021-09-20 19:28:48", "elapsed": 111.232278, "delta": 1.125997}}
{"target": -0.48503047755325834, "params": {"eta": 0.05589644165830286, "max_depth": 18.90917898827798, "n_estimators": 14.347365621028832}, "datetime": {"datetime": "2021-09-20 19:28:49", "elapsed": 112.691245, "delta": 1.458967}}
{"target": 0.7805562595338946, "params": {"eta": 0.6695203672270209, "max_depth": 4.505233165992843, "n_estimators": 43.12024524925156}, "datetime": {"datetime": "2021-09-20 19:28:51", "elapsed": 114.00909, "delta": 1.317845}}
{"target": 0.7292892279430694, "params": {"eta": 0.7624250242412678, "max_depth": 20.79928128342763, "n_estimators": 42.780227972676364}, "datetime": {"datetime": "2021-09-20 19:28:52", "elapsed": 115.348315, "delta": 1.339225}}
{"target": 0.7387612766154984, "params": {"eta": 0.7375515631168986, "max_depth": 18.445381119058105, "n_estimators": 43.290258723457434}, "datetime": {"datetime": "2021-09-20 19:28:54", "elapsed": 117.165011, "delta": 1.816696}}
{"target": 0.7106569694057778, "params": {"eta": 0.8, "max_depth": 18.50896277241048, "n_estimators": 34.64754458728317}, "datetime": {"datetime": "2021-09-20 19:28:55", "elapsed": 118.584283, "delta": 1.419272}}
{"target": 0.7871340564279873, "params": {"eta": 0.7016928098227284, "max_depth": 4.648587725246908, "n_estimators": 38.01110502675938}, "datetime": {"datetime": "2021-09-20 19:28:57", "elapsed": 120.626302, "delta": 2.042019}}
{"target": 0.8399442664636549, "params": {"eta": 0.5048218914648723, "max_depth": 5.299228218697015, "n_estimators": 34.7407994633516}, "datetime": {"datetime": "2021-09-20 19:28:59", "elapsed": 122.012609, "delta": 1.386307}}
{"target": 0.7539401358190644, "params": {"eta": 0.8, "max_depth": 4.832260426693879, "n_estimators": 28.46002464972571}, "datetime": {"datetime": "2021-09-20 19:29:00", "elapsed": 123.604095, "delta": 1.591486}}
{"target": 0.7285663212010562, "params": {"eta": 0.8, "max_depth": 13.83792843629546, "n_estimators": 14.336727163678699}, "datetime": {"datetime": "2021-09-20 19:29:01", "elapsed": 124.915425, "delta": 1.31133}}
{"target": 0.7467444062371076, "params": {"eta": 0.8, "max_depth": 7.422201372894589, "n_estimators": 17.13421865462089}, "datetime": {"datetime": "2021-09-20 19:29:03", "elapsed": 126.357463, "delta": 1.442038}}
{"target": -1.885435492181741, "params": {"eta": 0.01, "max_depth": 13.057262792272086, "n_estimators": 41.506118342657075}, "datetime": {"datetime": "2021-09-20 19:29:04", "elapsed": 127.737399, "delta": 1.379936}}
{"target": 0.8419228524292138, "params": {"eta": 0.0965677674572308, "max_depth": 15.004050117227443, "n_estimators": 43.61503440252682}, "datetime": {"datetime": "2021-09-20 19:29:06", "elapsed": 129.569248, "delta": 1.831849}}
{"target": 0.7631226545893832, "params": {"eta": 0.8, "max_depth": 6.065159971421903, "n_estimators": 37.46318037407067}, "datetime": {"datetime": "2021-09-20 19:29:07", "elapsed": 130.886927, "delta": 1.317679}}
{"target": 0.8156756576783103, "params": {"eta": 0.6975353396003098, "max_depth": 3.898192774028252, "n_estimators": 35.40441676751012}, "datetime": {"datetime": "2021-09-20 19:29:09", "elapsed": 132.105646, "delta": 1.218719}}
{"target": 0.7530915124993235, "params": {"eta": 0.7310971005176663, "max_depth": 7.283215426118989, "n_estimators": 9.354140544102956}, "datetime": {"datetime": "2021-09-20 19:29:10", "elapsed": 132.990884, "delta": 0.885238}}
{"target": 0.7405539921060258, "params": {"eta": 0.7287359369623226, "max_depth": 10.2625699438128, "n_estimators": 42.667964673532666}, "datetime": {"datetime": "2021-09-20 19:29:11", "elapsed": 134.006141, "delta": 1.015257}}
{"target": 0.7758257717091842, "params": {"eta": 0.8, "max_depth": 2.0625751334139424, "n_estimators": 20.526276287439803}, "datetime": {"datetime": "2021-09-20 19:29:11", "elapsed": 134.927154, "delta": 0.921013}}
{"target": 0.6318573248482298, "params": {"eta": 0.09213021909912236, "max_depth": 2.5853243823868235, "n_estimators": 21.75654455825878}, "datetime": {"datetime": "2021-09-20 19:29:12", "elapsed": 135.788157, "delta": 0.861003}}
