{"target": 0.7464557779530274, "params": {"eta": 0.73956198053422, "max_depth": 4.491316629233778, "n_estimators": 9.953839530384323}, "datetime": {"datetime": "2021-09-20 20:42:49", "elapsed": 1405.606642, "delta": 7.436436}}
{"target": 0.8386096691786024, "params": {"eta": 0.13644245322288898, "max_depth": 18.405396864202668, "n_estimators": 27.055809422248625}, "datetime": {"datetime": "2021-09-20 20:42:52", "elapsed": 1409.223155, "delta": 3.616513}}
{"target": -3.620911072676071, "params": {"eta": 0.1434568502288088, "max_depth": 18.642962831670513, "n_estimators": 1.913752785705523}, "datetime": {"datetime": "2021-09-20 20:42:56", "elapsed": 1412.601939, "delta": 3.378784}}
{"target": 0.779547687743098, "params": {"eta": 0.5991597421540967, "max_depth": 10.134633877683617, "n_estimators": 36.44455698037607}, "datetime": {"datetime": "2021-09-20 20:42:59", "elapsed": 1416.161009, "delta": 3.55907}}
{"target": 0.7330976350170817, "params": {"eta": 0.7550997874961832, "max_depth": 19.671644039612666, "n_estimators": 13.306203401125169}, "datetime": {"datetime": "2021-09-20 20:43:08", "elapsed": 1425.194801, "delta": 9.033792}}
{"target": 0.7942042828744352, "params": {"eta": 0.7809745069166648, "max_depth": 1.6867620302798483, "n_estimators": 41.810295518040554}, "datetime": {"datetime": "2021-09-20 20:43:15", "elapsed": 1432.484091, "delta": 7.28929}}
{"target": 0.653178492984745, "params": {"eta": 0.06697234184988769, "max_depth": 19.3449818914257, "n_estimators": 28.122231735018396}, "datetime": {"datetime": "2021-09-20 20:43:22", "elapsed": 1438.827307, "delta": 6.343216}}
{"target": 0.7658823045970411, "params": {"eta": 0.7356984857880953, "max_depth": 3.577359023069663, "n_estimators": 7.854940145671644}, "datetime": {"datetime": "2021-09-20 20:43:25", "elapsed": 1442.163676, "delta": 3.336369}}
{"target": 0.8518232392233006, "params": {"eta": 0.1825279273408387, "max_depth": 5.907255876186374, "n_estimators": 30.221679254548352}, "datetime": {"datetime": "2021-09-20 20:43:29", "elapsed": 1445.521578, "delta": 3.357902}}
{"target": 0.6611993500672426, "params": {"eta": 0.06203245773072646, "max_depth": 6.310627228205249, "n_estimators": 30.771730036023204}, "datetime": {"datetime": "2021-09-20 20:43:35", "elapsed": 1452.243361, "delta": 6.721783}}
{"target": 0.8330003359754947, "params": {"eta": 0.4236363319183283, "max_depth": 6.283795516378886, "n_estimators": 29.9941469228328}, "datetime": {"datetime": "2021-09-20 20:43:43", "elapsed": 1459.740651, "delta": 7.49729}}
{"target": -1.597585554138345, "params": {"eta": 0.01, "max_depth": 19.230334524131226, "n_estimators": 47.4190458190767}, "datetime": {"datetime": "2021-09-20 20:43:50", "elapsed": 1466.983761, "delta": 7.24311}}
{"target": 0.7631741702633452, "params": {"eta": 0.797005661414469, "max_depth": 4.278129344032759, "n_estimators": 42.17905364059664}, "datetime": {"datetime": "2021-09-20 20:43:58", "elapsed": 1474.706655, "delta": 7.722894}}
{"target": 0.7535311598352126, "params": {"eta": 0.7892844382106418, "max_depth": 4.369018568966631, "n_estimators": 8.414155780999842}, "datetime": {"datetime": "2021-09-20 20:44:04", "elapsed": 1480.703181, "delta": 5.996526}}
{"target": 0.729448456688828, "params": {"eta": 0.7802555846448199, "max_depth": 16.738646628550818, "n_estimators": 26.79428134959597}, "datetime": {"datetime": "2021-09-20 20:44:09", "elapsed": 1486.165369, "delta": 5.462188}}
{"target": 0.7405480983053299, "params": {"eta": 0.7276280864350619, "max_depth": 12.362655625536414, "n_estimators": 40.91958387131589}, "datetime": {"datetime": "2021-09-20 20:44:17", "elapsed": 1493.693011, "delta": 7.527642}}
{"target": 0.7943340784966519, "params": {"eta": 0.6560472364915656, "max_depth": 5.794966570384527, "n_estimators": 30.846172453755795}, "datetime": {"datetime": "2021-09-20 20:44:24", "elapsed": 1501.038669, "delta": 7.345658}}
{"target": 0.7301369967593658, "params": {"eta": 0.8, "max_depth": 12.4177392944525, "n_estimators": 18.601552323848885}, "datetime": {"datetime": "2021-09-20 20:44:31", "elapsed": 1507.953821, "delta": 6.915152}}
{"target": 0.7552355318020457, "params": {"eta": 0.7272923616568238, "max_depth": 2.719312670200561, "n_estimators": 8.972704644257757}, "datetime": {"datetime": "2021-09-20 20:44:34", "elapsed": 1511.409814, "delta": 3.455993}}
{"target": 0.7221274595385814, "params": {"eta": 0.793100059325207, "max_depth": 10.350947075334249, "n_estimators": 32.80076995319103}, "datetime": {"datetime": "2021-09-20 20:44:42", "elapsed": 1518.955841, "delta": 7.546027}}
{"target": -1.552513479589655, "params": {"eta": 0.01, "max_depth": 20.399635940603613, "n_estimators": 48.78527969452855}, "datetime": {"datetime": "2021-09-20 20:44:48", "elapsed": 1524.857165, "delta": 5.901324}}
{"target": 0.8121680002174273, "params": {"eta": 0.518755352215484, "max_depth": 19.265684740383744, "n_estimators": 12.490526918139755}, "datetime": {"datetime": "2021-09-20 20:44:53", "elapsed": 1529.879803, "delta": 5.022638}}
{"target": 0.7429741091889179, "params": {"eta": 0.7952561731804854, "max_depth": 5.013737070927315, "n_estimators": 26.040849303157106}, "datetime": {"datetime": "2021-09-20 20:44:59", "elapsed": 1536.110037, "delta": 6.230234}}
{"target": 0.7432697580228222, "params": {"eta": 0.8, "max_depth": 9.090963118393308, "n_estimators": 14.657279561316244}, "datetime": {"datetime": "2021-09-20 20:45:12", "elapsed": 1549.271164, "delta": 13.161127}}
{"target": -3.217533859053436, "params": {"eta": 0.02470688465113682, "max_depth": 4.043735814081256, "n_estimators": 8.821647746412609}, "datetime": {"datetime": "2021-09-20 20:45:18", "elapsed": 1554.870433, "delta": 5.599269}}
{"target": 0.7570768304860993, "params": {"eta": 0.7697949178261271, "max_depth": 3.3838118928030316, "n_estimators": 10.299670383820866}, "datetime": {"datetime": "2021-09-20 20:45:24", "elapsed": 1561.241772, "delta": 6.371339}}
{"target": 0.7322663985855962, "params": {"eta": 0.7720616791322468, "max_depth": 19.10463982851865, "n_estimators": 17.673648206686725}, "datetime": {"datetime": "2021-09-20 20:45:31", "elapsed": 1567.989116, "delta": 6.747344}}
{"target": 0.21472494233062867, "params": {"eta": 0.04432263593778082, "max_depth": 18.403366334248943, "n_estimators": 27.927432349995357}, "datetime": {"datetime": "2021-09-20 20:45:38", "elapsed": 1574.869895, "delta": 6.880779}}
{"target": 0.7417852337810874, "params": {"eta": 0.728668627471839, "max_depth": 5.220053529871746, "n_estimators": 9.640261222521758}, "datetime": {"datetime": "2021-09-20 20:45:44", "elapsed": 1580.901782, "delta": 6.031887}}
{"target": 0.8341122378453593, "params": {"eta": 0.2619887784848458, "max_depth": 8.740032530584775, "n_estimators": 28.868792824783647}, "datetime": {"datetime": "2021-09-20 20:45:51", "elapsed": 1587.728614, "delta": 6.826832}}
{"target": -0.9532045703645005, "params": {"eta": 0.014406926257197531, "max_depth": 20.880006689938263, "n_estimators": 44.907261162400964}, "datetime": {"datetime": "2021-09-20 20:45:54", "elapsed": 1591.359502, "delta": 3.630888}}
{"target": 0.8417291985352107, "params": {"eta": 0.4083812592219423, "max_depth": 8.876079872519615, "n_estimators": 14.50836677907061}, "datetime": {"datetime": "2021-09-20 20:46:02", "elapsed": 1599.295383, "delta": 7.935881}}
{"target": 0.8150078930018261, "params": {"eta": 0.4755634501052695, "max_depth": 3.315976912963764, "n_estimators": 18.23997224407195}, "datetime": {"datetime": "2021-09-20 20:46:12", "elapsed": 1609.138574, "delta": 9.843191}}
{"target": 0.7641431965286702, "params": {"eta": 0.7162885871924363, "max_depth": 6.084078825356622, "n_estimators": 30.256117622927345}, "datetime": {"datetime": "2021-09-20 20:46:20", "elapsed": 1616.935368, "delta": 7.796794}}
{"target": 0.8275145870677684, "params": {"eta": 0.4951939884621866, "max_depth": 7.556336346886187, "n_estimators": 44.62652540744884}, "datetime": {"datetime": "2021-09-20 20:46:28", "elapsed": 1624.872938, "delta": 7.93757}}
{"target": 0.7726469440633057, "params": {"eta": 0.6089399978003551, "max_depth": 11.333787436349075, "n_estimators": 18.05514525374085}, "datetime": {"datetime": "2021-09-20 20:46:35", "elapsed": 1632.03708, "delta": 7.164142}}
{"target": 0.8062831793983782, "params": {"eta": 0.5133940495006228, "max_depth": 4.0296045008843375, "n_estimators": 10.929837040491815}, "datetime": {"datetime": "2021-09-20 20:46:39", "elapsed": 1635.604182, "delta": 3.567102}}
{"target": 0.6717429220287054, "params": {"eta": 0.22779057654284535, "max_depth": 19.70890281508499, "n_estimators": 8.738894203955734}, "datetime": {"datetime": "2021-09-20 20:46:42", "elapsed": 1639.409393, "delta": 3.805211}}
{"target": 0.8456768567794648, "params": {"eta": 0.3883306913931895, "max_depth": 3.2121041188273627, "n_estimators": 17.72253226612193}, "datetime": {"datetime": "2021-09-20 20:46:50", "elapsed": 1647.163655, "delta": 7.754262}}
{"target": 0.8426624407853867, "params": {"eta": 0.1845712529816024, "max_depth": 19.75607488279264, "n_estimators": 43.46881754135752}, "datetime": {"datetime": "2021-09-20 20:46:55", "elapsed": 1651.652955, "delta": 4.4893}}
{"target": 0.8335335798113201, "params": {"eta": 0.4224952475067096, "max_depth": 6.013070226424801, "n_estimators": 30.606738436111083}, "datetime": {"datetime": "2021-09-20 20:47:01", "elapsed": 1658.213296, "delta": 6.560341}}
{"target": 0.843883330146669, "params": {"eta": 0.4078400000401001, "max_depth": 8.651932092968286, "n_estimators": 47.35741253343358}, "datetime": {"datetime": "2021-09-20 20:47:14", "elapsed": 1671.190427, "delta": 12.977131}}
{"target": 0.8347554198629001, "params": {"eta": 0.2203593100461001, "max_depth": 5.184189775001393, "n_estimators": 21.193920934624256}, "datetime": {"datetime": "2021-09-20 20:47:18", "elapsed": 1674.988675, "delta": 3.798248}}
{"target": 0.8518011662324332, "params": {"eta": 0.3195254015709299, "max_depth": 11.012651129213873, "n_estimators": 44.110535042865756}, "datetime": {"datetime": "2021-09-21 08:05:34", "elapsed": 0.0, "delta": 0.0}}
{"target": 0.8587003938312531, "params": {"eta": 0.31795327319875877, "max_depth": 6.931167190744666, "n_estimators": 45.835764522666246}, "datetime": {"datetime": "2021-09-21 08:05:34", "elapsed": 0.202002, "delta": 0.202002}}
{"target": 0.8406630291696313, "params": {"eta": 0.275034884505077, "max_depth": 13.484822010949117, "n_estimators": 58.54651042004117}, "datetime": {"datetime": "2021-09-21 08:05:35", "elapsed": 0.699998, "delta": 0.497996}}
{"target": 0.8247755854455363, "params": {"eta": 0.2533766075303111, "max_depth": 12.084150533157304, "n_estimators": 41.15579679011618}, "datetime": {"datetime": "2021-09-21 08:05:35", "elapsed": 0.994723, "delta": 0.294725}}
{"target": 0.8361884117892817, "params": {"eta": 0.32721782443757297, "max_depth": 13.958352936097254, "n_estimators": 22.841442327915477}, "datetime": {"datetime": "2021-09-21 08:05:35", "elapsed": 1.18172, "delta": 0.186997}}
{"target": 0.7752022564169646, "params": {"eta": 0.13485171988061628, "max_depth": 1.28305756416456, "n_estimators": 53.30479382191752}, "datetime": {"datetime": "2021-09-21 08:05:35", "elapsed": 1.258726, "delta": 0.077006}}
{"target": 0.8366732071447514, "params": {"eta": 0.41126270037994017, "max_depth": 13.180170075455468, "n_estimators": 59.14473368931056}, "datetime": {"datetime": "2021-09-21 08:05:36", "elapsed": 1.614724, "delta": 0.355998}}
{"target": 0.8430786395698696, "params": {"eta": 0.41966342568668946, "max_depth": 7.460711071541046, "n_estimators": 51.22116705145822}, "datetime": {"datetime": "2021-09-21 08:05:36", "elapsed": 1.830317, "delta": 0.215593}}
{"target": 0.8495093497163553, "params": {"eta": 0.1, "max_depth": 12.546154128518175, "n_estimators": 49.264271491296036}, "datetime": {"datetime": "2021-09-21 08:05:37", "elapsed": 2.661596, "delta": 0.831279}}
{"target": 0.8047989360198864, "params": {"eta": 0.5, "max_depth": 2.9748883990132087, "n_estimators": 40.78290773175281}, "datetime": {"datetime": "2021-09-21 08:05:37", "elapsed": 3.037596, "delta": 0.376}}
{"target": 0.8057629485349611, "params": {"eta": 0.5, "max_depth": 9.392202868521172, "n_estimators": 47.48794708664201}, "datetime": {"datetime": "2021-09-21 08:05:38", "elapsed": 3.694595, "delta": 0.656999}}
{"target": 0.8311288545995303, "params": {"eta": 0.22598590245809516, "max_depth": 7.374696078078815, "n_estimators": 44.42901271982342}, "datetime": {"datetime": "2021-09-21 08:05:38", "elapsed": 4.337829, "delta": 0.643234}}
{"target": 0.859616712581304, "params": {"eta": 0.3531648516807625, "max_depth": 5.737349180363904, "n_estimators": 46.27423363982341}, "datetime": {"datetime": "2021-09-21 08:05:39", "elapsed": 4.707825, "delta": 0.369996}}
{"target": 0.8533088473168382, "params": {"eta": 0.1, "max_depth": 6.280508506476231, "n_estimators": 47.74104408483155}, "datetime": {"datetime": "2021-09-21 08:05:40", "elapsed": 5.364879, "delta": 0.657054}}
{"target": 0.8643297195429225, "params": {"eta": 0.4121344961972223, "max_depth": 3.99459990998567, "n_estimators": 47.77790691210504}, "datetime": {"datetime": "2021-09-21 08:05:40", "elapsed": 5.785684, "delta": 0.420805}}
{"target": 0.7977562674393213, "params": {"eta": 0.1, "max_depth": 2.7970184417630795, "n_estimators": 46.303382689239186}, "datetime": {"datetime": "2021-09-21 08:05:40", "elapsed": 6.147767, "delta": 0.362083}}
{"target": 0.8600366430962157, "params": {"eta": 0.4040910922994351, "max_depth": 4.914644173796695, "n_estimators": 48.532636944385814}, "datetime": {"datetime": "2021-09-21 08:05:41", "elapsed": 6.684758, "delta": 0.536991}}
{"target": 0.8215910966785948, "params": {"eta": 0.34037556177196426, "max_depth": 3.3025476036618384, "n_estimators": 49.23297941285079}, "datetime": {"datetime": "2021-09-21 08:05:41", "elapsed": 7.294807, "delta": 0.610049}}
{"target": 0.8545098954443576, "params": {"eta": 0.1, "max_depth": 4.9384874650402955, "n_estimators": 47.37241717448997}, "datetime": {"datetime": "2021-09-21 08:05:42", "elapsed": 7.83773, "delta": 0.542923}}
{"target": 0.8276552002194808, "params": {"eta": 0.3032754679617143, "max_depth": 12.752782505734043, "n_estimators": 44.85677284155756}, "datetime": {"datetime": "2021-09-21 08:05:43", "elapsed": 8.590879, "delta": 0.753149}}
{"target": 0.8606713692446746, "params": {"eta": 0.19469472464710666, "max_depth": 6.131957969251275, "n_estimators": 49.46100858745916}, "datetime": {"datetime": "2021-09-21 08:05:43", "elapsed": 9.098467, "delta": 0.507588}}
{"target": 0.84667747554155, "params": {"eta": 0.1, "max_depth": 14.186680835909433, "n_estimators": 50.481321376145615}, "datetime": {"datetime": "2021-09-21 08:05:44", "elapsed": 9.725191, "delta": 0.626724}}
{"target": 0.8505402311984515, "params": {"eta": 0.1, "max_depth": 12.105000614671825, "n_estimators": 51.32580902264935}, "datetime": {"datetime": "2021-09-21 08:05:45", "elapsed": 10.41351, "delta": 0.688319}}
{"target": 0.8132068161046931, "params": {"eta": 0.5, "max_depth": 13.570062748306032, "n_estimators": 52.838463340401425}, "datetime": {"datetime": "2021-09-21 08:05:45", "elapsed": 11.162126, "delta": 0.748616}}
{"target": 0.8646545927549619, "params": {"eta": 0.4447342949295976, "max_depth": 5.58612950083894, "n_estimators": 50.78372515797035}, "datetime": {"datetime": "2021-09-21 08:05:46", "elapsed": 11.638124, "delta": 0.475998}}
{"target": 0.847255518816999, "params": {"eta": 0.1, "max_depth": 5.569557055960215, "n_estimators": 52.31553390199503}, "datetime": {"datetime": "2021-09-21 08:05:46", "elapsed": 12.09797, "delta": 0.459846}}
{"target": 0.8458555687896088, "params": {"eta": 0.1, "max_depth": 14.754095883094637, "n_estimators": 48.352796374716185}, "datetime": {"datetime": "2021-09-21 08:05:47", "elapsed": 12.77797, "delta": 0.68}}
{"target": 0.8498268479166046, "params": {"eta": 0.1, "max_depth": 10.240691105870921, "n_estimators": 51.32706525011508}, "datetime": {"datetime": "2021-09-21 08:05:48", "elapsed": 13.46597, "delta": 0.688}}
{"target": 0.8493648476910259, "params": {"eta": 0.1, "max_depth": 9.640283669050683, "n_estimators": 53.54673436504266}, "datetime": {"datetime": "2021-09-21 08:05:48", "elapsed": 14.176962, "delta": 0.710992}}
{"target": 0.8280589210299905, "params": {"eta": 0.5, "max_depth": 7.7740201540643135, "n_estimators": 54.80306840994087}, "datetime": {"datetime": "2021-09-21 08:05:49", "elapsed": 14.731101, "delta": 0.554139}}
{"target": 0.8339900763365928, "params": {"eta": 0.23624670987322918, "max_depth": 10.698365546668953, "n_estimators": 55.60483634042008}, "datetime": {"datetime": "2021-09-21 08:05:50", "elapsed": 15.358958, "delta": 0.627857}}
{"target": 0.8402311390191975, "params": {"eta": 0.32199506157445923, "max_depth": 9.67194580018531, "n_estimators": 42.68197489855851}, "datetime": {"datetime": "2021-09-21 08:05:50", "elapsed": 15.942421, "delta": 0.583463}}
{"target": 0.8303481772850327, "params": {"eta": 0.4838175450712391, "max_depth": 5.014406566329491, "n_estimators": 49.9364030238163}, "datetime": {"datetime": "2021-09-21 08:05:51", "elapsed": 16.385971, "delta": 0.44355}}
{"target": 0.8666004213197048, "params": {"eta": 0.18569344812640717, "max_depth": 6.322727593932601, "n_estimators": 50.69191525528658}, "datetime": {"datetime": "2021-09-21 08:05:51", "elapsed": 16.973031, "delta": 0.58706}}
{"target": 0.8410463119566313, "params": {"eta": 0.16643883718908625, "max_depth": 7.242785565144535, "n_estimators": 49.45861576580437}, "datetime": {"datetime": "2021-09-21 08:05:52", "elapsed": 17.620974, "delta": 0.647943}}
{"target": 0.8120128769859803, "params": {"eta": 0.48770812404104524, "max_depth": 11.24814306558191, "n_estimators": 50.26957270715004}, "datetime": {"datetime": "2021-09-21 08:05:52", "elapsed": 18.204569, "delta": 0.583595}}
{"target": 0.839790112647653, "params": {"eta": 0.4647641375808015, "max_depth": 6.8281154218681355, "n_estimators": 46.80419058510053}, "datetime": {"datetime": "2021-09-21 08:05:53", "elapsed": 18.628569, "delta": 0.424}}
{"target": 0.8569180770339426, "params": {"eta": 0.4079263686884522, "max_depth": 6.1437078102839875, "n_estimators": 51.35198851405488}, "datetime": {"datetime": "2021-09-21 08:05:53", "elapsed": 19.256387, "delta": 0.627818}}
{"target": 0.8357601097190951, "params": {"eta": 0.49406289439295936, "max_depth": 6.003218662648386, "n_estimators": 45.27404684207434}, "datetime": {"datetime": "2021-09-21 08:05:54", "elapsed": 19.858837, "delta": 0.60245}}
{"target": 0.8622630668033154, "params": {"eta": 0.41226010533129764, "max_depth": 5.973976044127262, "n_estimators": 48.64410357295743}, "datetime": {"datetime": "2021-09-21 08:05:54", "elapsed": 20.331908, "delta": 0.473071}}
{"target": 0.8484675211989458, "params": {"eta": 0.30804464092524253, "max_depth": 10.815697783753789, "n_estimators": 52.53406972217088}, "datetime": {"datetime": "2021-09-21 08:05:55", "elapsed": 21.025098, "delta": 0.69319}}
{"target": 0.8438481883621289, "params": {"eta": 0.46937203048365417, "max_depth": 9.027824335107107, "n_estimators": 52.364646903961365}, "datetime": {"datetime": "2021-09-21 08:05:56", "elapsed": 21.723095, "delta": 0.697997}}
{"target": 0.8343226863314959, "params": {"eta": 0.3516563816796434, "max_depth": 12.936050828415768, "n_estimators": 47.8333081296492}, "datetime": {"datetime": "2021-09-21 08:05:57", "elapsed": 22.475414, "delta": 0.752319}}
{"target": 0.857539722907574, "params": {"eta": 0.20435998984155468, "max_depth": 9.74496137917059, "n_estimators": 44.609117088021634}, "datetime": {"datetime": "2021-09-21 08:05:57", "elapsed": 23.28941, "delta": 0.813996}}
{"target": 0.8228261240976351, "params": {"eta": 0.40054249620952753, "max_depth": 10.700359955747631, "n_estimators": 45.374701548648595}, "datetime": {"datetime": "2021-09-21 08:05:58", "elapsed": 23.941669, "delta": 0.652259}}
{"target": 0.8468085285368506, "params": {"eta": 0.4618858640930251, "max_depth": 8.967902485255909, "n_estimators": 44.18983674545162}, "datetime": {"datetime": "2021-09-21 08:05:59", "elapsed": 24.466953, "delta": 0.525284}}
{"target": 0.8629125189877406, "params": {"eta": 0.142500429766922, "max_depth": 4.793728095318261, "n_estimators": 51.512920613961256}, "datetime": {"datetime": "2021-09-21 08:05:59", "elapsed": 24.92349, "delta": 0.456537}}
{"target": 0.8331618615505221, "params": {"eta": 0.5, "max_depth": 4.124752600827242, "n_estimators": 52.28580509579524}, "datetime": {"datetime": "2021-09-21 08:06:00", "elapsed": 25.506488, "delta": 0.582998}}
{"target": 0.8471017388057968, "params": {"eta": 0.1, "max_depth": 15.0, "n_estimators": 56.8705330033928}, "datetime": {"datetime": "2021-09-21 08:06:00", "elapsed": 26.150084, "delta": 0.643596}}
{"target": 0.813206816909149, "params": {"eta": 0.5, "max_depth": 13.42580069325235, "n_estimators": 56.44433174652589}, "datetime": {"datetime": "2021-09-21 08:06:01", "elapsed": 26.744085, "delta": 0.594001}}
{"target": 0.8441255105427041, "params": {"eta": 0.1006013909569083, "max_depth": 5.4914585542516985, "n_estimators": 51.365786609682445}, "datetime": {"datetime": "2021-09-21 08:06:01", "elapsed": 27.331088, "delta": 0.587003}}
{"target": 0.8314847438572821, "params": {"eta": 0.45211253008940433, "max_depth": 5.551019914714649, "n_estimators": 48.011973781906654}, "datetime": {"datetime": "2021-09-21 08:06:02", "elapsed": 28.172085, "delta": 0.840997}}
{"target": 0.8500245453601576, "params": {"eta": 0.20902784987442563, "max_depth": 4.752625347811188, "n_estimators": 25.455577532515917}, "datetime": {"datetime": "2021-09-21 08:06:03", "elapsed": 28.4681, "delta": 0.296015}}
{"target": 0.8462643732157946, "params": {"eta": 0.10138318373338812, "max_depth": 6.266442576408196, "n_estimators": 50.746698385246}, "datetime": {"datetime": "2021-09-21 08:06:03", "elapsed": 28.904086, "delta": 0.435986}}
