{"target": -3.2087875350108197, "params": {"eta": 0.01, "max_depth": 10.082838953915767, "n_estimators": 20.89343560038112}, "datetime": {"datetime": "2021-09-20 19:31:54", "elapsed": 297.815251, "delta": 2.707309}}
{"target": 0.731967316437875, "params": {"eta": 0.7320332113824354, "max_depth": 11.68636044413074, "n_estimators": 20.339212624375786}, "datetime": {"datetime": "2021-09-20 19:31:57", "elapsed": 300.312116, "delta": 2.496865}}
{"target": 0.46756964277266133, "params": {"eta": 0.11919860467635203, "max_depth": 5.312795640948124, "n_estimators": 12.770204685333995}, "datetime": {"datetime": "2021-09-20 19:32:00", "elapsed": 303.062075, "delta": 2.749959}}
{"target": 0.7235394044140129, "params": {"eta": 0.7783775587234953, "max_depth": 10.793981619036256, "n_estimators": 19.57306510369044}, "datetime": {"datetime": "2021-09-20 19:32:02", "elapsed": 305.814613, "delta": 2.752538}}
{"target": -2.68543132148079, "params": {"eta": 0.01603913381921446, "max_depth": 3.1338379623972648, "n_estimators": 17.361992161764757}, "datetime": {"datetime": "2021-09-20 19:32:05", "elapsed": 308.153084, "delta": 2.338471}}
{"target": 0.7446738321098925, "params": {"eta": 0.7408723168126695, "max_depth": 6.154344052479248, "n_estimators": 11.507637997954891}, "datetime": {"datetime": "2021-09-20 19:32:07", "elapsed": 310.616195, "delta": 2.463111}}
{"target": 0.7714186444733612, "params": {"eta": 0.7623869993089073, "max_depth": 5.968115726336466, "n_estimators": 20.607211716158222}, "datetime": {"datetime": "2021-09-20 19:32:09", "elapsed": 312.075685, "delta": 1.45949}}
{"target": 0.010694758441911478, "params": {"eta": 0.02447534232318637, "max_depth": 15.444056240999954, "n_estimators": 43.572684806715884}, "datetime": {"datetime": "2021-09-20 19:32:10", "elapsed": 313.495611, "delta": 1.419926}}
{"target": 0.7543521482879838, "params": {"eta": 0.8, "max_depth": 5.791474815667549, "n_estimators": 40.46554705523621}, "datetime": {"datetime": "2021-09-20 19:32:12", "elapsed": 315.517471, "delta": 2.02186}}
{"target": 0.8314011441286525, "params": {"eta": 0.5415358680505892, "max_depth": 6.035372589726972, "n_estimators": 13.355382628128542}, "datetime": {"datetime": "2021-09-20 19:32:14", "elapsed": 317.04491, "delta": 1.527439}}
{"target": 0.8446974504379441, "params": {"eta": 0.2156531596805767, "max_depth": 14.159331687212433, "n_estimators": 34.73484873089224}, "datetime": {"datetime": "2021-09-20 19:32:15", "elapsed": 318.603694, "delta": 1.558784}}
{"target": -1.0252042668953316, "params": {"eta": 0.04047291858529152, "max_depth": 3.723521915320337, "n_estimators": 15.711089557456374}, "datetime": {"datetime": "2021-09-20 19:32:17", "elapsed": 320.831802, "delta": 2.228108}}
{"target": 0.761029714002374, "params": {"eta": 0.7552043504543066, "max_depth": 4.8814056963441, "n_estimators": 14.637975664657038}, "datetime": {"datetime": "2021-09-20 19:32:20", "elapsed": 323.095517, "delta": 2.263715}}
{"target": 0.7938913720582267, "params": {"eta": 0.6712562177600034, "max_depth": 4.493012231798758, "n_estimators": 17.460836157404486}, "datetime": {"datetime": "2021-09-20 19:32:22", "elapsed": 325.371517, "delta": 2.276}}
{"target": 0.834944762819482, "params": {"eta": 0.20861355025440048, "max_depth": 14.311660783064971, "n_estimators": 44.17558395155474}, "datetime": {"datetime": "2021-09-20 19:32:24", "elapsed": 327.774517, "delta": 2.403}}
{"target": 0.8249057678076317, "params": {"eta": 0.08317064374594121, "max_depth": 9.444462909022686, "n_estimators": 40.43173929706906}, "datetime": {"datetime": "2021-09-20 19:32:27", "elapsed": 330.390516, "delta": 2.615999}}
{"target": -0.28782243166076804, "params": {"eta": 0.025874970081174745, "max_depth": 4.49030675692126, "n_estimators": 34.84450376189188}, "datetime": {"datetime": "2021-09-20 19:32:29", "elapsed": 332.646712, "delta": 2.256196}}
{"target": 0.8424543636072594, "params": {"eta": 0.10997150702876259, "max_depth": 17.399639474086698, "n_estimators": 38.11058119419433}, "datetime": {"datetime": "2021-09-20 19:32:33", "elapsed": 336.197608, "delta": 3.550896}}
{"target": 0.7969854259421987, "params": {"eta": 0.6880283314202704, "max_depth": 8.971897919892188, "n_estimators": 19.644536420117763}, "datetime": {"datetime": "2021-09-20 19:32:35", "elapsed": 338.733876, "delta": 2.536268}}
{"target": 0.7546974184427373, "params": {"eta": 0.8, "max_depth": 5.030529635214667, "n_estimators": 16.231175755407744}, "datetime": {"datetime": "2021-09-20 19:32:38", "elapsed": 341.546527, "delta": 2.812651}}
{"target": 0.7528329687024902, "params": {"eta": 0.8, "max_depth": 4.8082862957089265, "n_estimators": 23.38472511128401}, "datetime": {"datetime": "2021-09-20 19:32:40", "elapsed": 343.644923, "delta": 2.098396}}
{"target": 0.6531203883948172, "params": {"eta": 0.056654321933064036, "max_depth": 11.22736450058191, "n_estimators": 33.991098616117746}, "datetime": {"datetime": "2021-09-20 19:32:42", "elapsed": 345.842686, "delta": 2.197763}}
{"target": 0.734542224693116, "params": {"eta": 0.8, "max_depth": 8.40397686965024, "n_estimators": 34.7640995995791}, "datetime": {"datetime": "2021-09-20 19:32:45", "elapsed": 348.405692, "delta": 2.563006}}
{"target": 0.38832330202586973, "params": {"eta": 0.033719290362129756, "max_depth": 10.208897796468534, "n_estimators": 41.76602370293414}, "datetime": {"datetime": "2021-09-20 19:32:47", "elapsed": 350.83926, "delta": 2.433568}}
{"target": 0.7822672695284414, "params": {"eta": 0.755601718327889, "max_depth": 3.77711084006413, "n_estimators": 18.764952657313458}, "datetime": {"datetime": "2021-09-20 19:32:50", "elapsed": 353.854406, "delta": 3.015146}}
{"target": 0.7463346354783629, "params": {"eta": 0.7245287863517108, "max_depth": 8.56180420986171, "n_estimators": 39.10067539390624}, "datetime": {"datetime": "2021-09-20 19:32:53", "elapsed": 356.776384, "delta": 2.921978}}
{"target": -1.9618980617698045, "params": {"eta": 0.01, "max_depth": 1.5448768745700652, "n_estimators": 44.58965207783152}, "datetime": {"datetime": "2021-09-20 19:32:56", "elapsed": 359.761984, "delta": 2.9856}}
{"target": 0.8363607938278347, "params": {"eta": 0.6862873928399812, "max_depth": 3.4914635734154422, "n_estimators": 45.537368347149595}, "datetime": {"datetime": "2021-09-20 19:32:59", "elapsed": 362.43618, "delta": 2.674196}}
{"target": 0.8230771890205725, "params": {"eta": 0.22400428652705312, "max_depth": 9.53371875042416, "n_estimators": 25.136776330462766}, "datetime": {"datetime": "2021-09-20 19:33:02", "elapsed": 365.074724, "delta": 2.638544}}
{"target": 0.8294255781024741, "params": {"eta": 0.27013437894447306, "max_depth": 15.021574922697601, "n_estimators": 49.60181016886064}, "datetime": {"datetime": "2021-09-20 19:33:05", "elapsed": 368.348486, "delta": 3.273762}}
{"target": 0.7526445754676655, "params": {"eta": 0.8, "max_depth": 4.108158304046019, "n_estimators": 25.879825629114812}, "datetime": {"datetime": "2021-09-20 19:33:08", "elapsed": 371.179112, "delta": 2.830626}}
{"target": 0.7936612573784178, "params": {"eta": 0.1367241847406127, "max_depth": 2.700648239892051, "n_estimators": 46.24910048558889}, "datetime": {"datetime": "2021-09-20 19:33:10", "elapsed": 373.670132, "delta": 2.49102}}
{"target": 0.8491827545694024, "params": {"eta": 0.16322310669187287, "max_depth": 16.335519461645905, "n_estimators": 49.017835846599695}, "datetime": {"datetime": "2021-09-20 19:33:14", "elapsed": 377.044874, "delta": 3.374742}}
{"target": -3.8728923054052258, "params": {"eta": 0.01, "max_depth": 17.15087209866965, "n_estimators": 12.784037556776543}, "datetime": {"datetime": "2021-09-20 19:33:17", "elapsed": 380.529223, "delta": 3.484349}}
{"target": 0.7725262295199219, "params": {"eta": 0.6477775127731881, "max_depth": 17.143044537416436, "n_estimators": 11.085220291180946}, "datetime": {"datetime": "2021-09-20 19:33:19", "elapsed": 382.900928, "delta": 2.371705}}
{"target": 0.7798440744768403, "params": {"eta": 0.6186606293772193, "max_depth": 16.63939943353597, "n_estimators": 14.71798022511484}, "datetime": {"datetime": "2021-09-20 19:33:22", "elapsed": 385.872025, "delta": 2.971097}}
{"target": -3.3630884077816017, "params": {"eta": 0.01, "max_depth": 4.945335379965203, "n_estimators": 18.049788231886243}, "datetime": {"datetime": "2021-09-20 19:33:26", "elapsed": 389.335751, "delta": 3.463726}}
{"target": 0.8164076583042179, "params": {"eta": 0.3965777352574965, "max_depth": 18.359108896463717, "n_estimators": 39.37874713115608}, "datetime": {"datetime": "2021-09-20 19:33:28", "elapsed": 391.345444, "delta": 2.009693}}
{"target": 0.7295910144616978, "params": {"eta": 0.7786482971227311, "max_depth": 14.630955715958981, "n_estimators": 43.669314234185784}, "datetime": {"datetime": "2021-09-20 19:33:31", "elapsed": 394.289021, "delta": 2.943577}}
{"target": 0.7263895641426588, "params": {"eta": 0.7919335684336135, "max_depth": 12.947398572190833, "n_estimators": 33.50017973676351}, "datetime": {"datetime": "2021-09-20 19:33:34", "elapsed": 397.210655, "delta": 2.921634}}
{"target": 0.840001705677806, "params": {"eta": 0.49065589510837854, "max_depth": 5.264557460947063, "n_estimators": 34.73829055843016}, "datetime": {"datetime": "2021-09-20 19:33:35", "elapsed": 398.823502, "delta": 1.612847}}
{"target": -2.2113415217131114, "params": {"eta": 0.01, "max_depth": 9.32429568778976, "n_estimators": 35.35406799330606}, "datetime": {"datetime": "2021-09-20 19:33:38", "elapsed": 401.356752, "delta": 2.53325}}
{"target": 0.7371133571277262, "params": {"eta": 0.7377479018698655, "max_depth": 10.594972680326402, "n_estimators": 35.55819134460402}, "datetime": {"datetime": "2021-09-20 19:33:41", "elapsed": 404.393492, "delta": 3.03674}}
{"target": 0.7303422435546982, "params": {"eta": 0.7316545725528774, "max_depth": 10.051116085574332, "n_estimators": 34.047833082284505}, "datetime": {"datetime": "2021-09-20 19:33:44", "elapsed": 407.381978, "delta": 2.988486}}
{"target": 0.5826822935628204, "params": {"eta": 0.6164452126792797, "max_depth": 6.695012758125917, "n_estimators": 2.524318893749272}, "datetime": {"datetime": "2021-09-20 19:33:46", "elapsed": 409.141478, "delta": 1.7595}}
{"target": 0.7279444632213043, "params": {"eta": 0.7915979470921272, "max_depth": 10.004470390305812, "n_estimators": 21.88094833406938}, "datetime": {"datetime": "2021-09-20 19:33:47", "elapsed": 410.762406, "delta": 1.620928}}
{"target": 0.7887651995000284, "params": {"eta": 0.698273347334743, "max_depth": 7.810478964060181, "n_estimators": 35.55988712017009}, "datetime": {"datetime": "2021-09-20 19:33:50", "elapsed": 413.481194, "delta": 2.718788}}
{"target": 0.8266488513162871, "params": {"eta": 0.39515405345495197, "max_depth": 17.596100193481295, "n_estimators": 39.0890052311}, "datetime": {"datetime": "2021-09-20 19:33:53", "elapsed": 416.838135, "delta": 3.356941}}
{"target": 0.7759683493674563, "params": {"eta": 0.6947460441569533, "max_depth": 5.755446201295017, "n_estimators": 19.504468057866063}, "datetime": {"datetime": "2021-09-20 19:33:56", "elapsed": 419.195573, "delta": 2.357438}}
{"target": 0.8212826824136872, "params": {"eta": 0.07176050940429902, "max_depth": 14.18784692833324, "n_estimators": 43.41795196703827}, "datetime": {"datetime": "2021-09-20 19:33:59", "elapsed": 422.138486, "delta": 2.942913}}
{"target": 0.8259203671165333, "params": {"eta": 0.40896760804721705, "max_depth": 13.873145770445769, "n_estimators": 28.276741313500956}, "datetime": {"datetime": "2021-09-20 19:34:01", "elapsed": 424.100469, "delta": 1.961983}}
{"target": 0.6931469480644072, "params": {"eta": 0.0807205511827335, "max_depth": 5.648615457503633, "n_estimators": 24.96660286322226}, "datetime": {"datetime": "2021-09-20 19:34:02", "elapsed": 425.700403, "delta": 1.599934}}
{"target": 0.8691439312550451, "params": {"eta": 0.4122065955760073, "max_depth": 4.789526103389472, "n_estimators": 24.33099806946803}, "datetime": {"datetime": "2021-09-20 19:34:05", "elapsed": 428.483059, "delta": 2.782656}}
{"target": 0.7747547257948322, "params": {"eta": 0.6772071858842599, "max_depth": 4.975113517576845, "n_estimators": 25.241080084346127}, "datetime": {"datetime": "2021-09-20 19:34:08", "elapsed": 430.996839, "delta": 2.51378}}
{"target": 0.7196804191429262, "params": {"eta": 0.7904492569093278, "max_depth": 18.622561548527752, "n_estimators": 21.970519079446927}, "datetime": {"datetime": "2021-09-20 19:34:09", "elapsed": 432.640149, "delta": 1.64331}}
{"target": 0.5918212232565639, "params": {"eta": 0.0530325181634611, "max_depth": 11.09826375926494, "n_estimators": 32.928013593178285}, "datetime": {"datetime": "2021-09-20 19:34:12", "elapsed": 435.835954, "delta": 3.195805}}
{"target": 0.7797226058055466, "params": {"eta": 0.39078266480101087, "max_depth": 1.7270924636474585, "n_estimators": 12.44114883626839}, "datetime": {"datetime": "2021-09-20 19:34:14", "elapsed": 437.381254, "delta": 1.5453}}
{"target": 0.7105911054345344, "params": {"eta": 0.8, "max_depth": 18.089088106173133, "n_estimators": 11.412592241918706}, "datetime": {"datetime": "2021-09-20 19:34:17", "elapsed": 440.765969, "delta": 3.384715}}
{"target": 0.7946608017696688, "params": {"eta": 0.7412850078066648, "max_depth": 1.7683693357589427, "n_estimators": 45.92183904339294}, "datetime": {"datetime": "2021-09-20 19:34:21", "elapsed": 444.286968, "delta": 3.520999}}
{"target": 0.818535592448168, "params": {"eta": 0.5460062003421864, "max_depth": 11.19211103610511, "n_estimators": 40.55935549485398}, "datetime": {"datetime": "2021-09-20 19:34:23", "elapsed": 446.446967, "delta": 2.159999}}
{"target": 0.7946783362608935, "params": {"eta": 0.6918139753201433, "max_depth": 12.703597499940576, "n_estimators": 11.311125109216247}, "datetime": {"datetime": "2021-09-20 19:34:25", "elapsed": 448.212963, "delta": 1.765996}}
{"target": -0.453907942727537, "params": {"eta": 0.023107790595930176, "max_depth": 7.230838379818455, "n_estimators": 35.61617964208311}, "datetime": {"datetime": "2021-09-20 19:34:27", "elapsed": 450.855965, "delta": 2.643002}}
{"target": 0.743284934720033, "params": {"eta": 0.8, "max_depth": 9.031359144402227, "n_estimators": 33.89044877941905}, "datetime": {"datetime": "2021-09-20 19:34:30", "elapsed": 453.711963, "delta": 2.855998}}
{"target": 0.7301950465238072, "params": {"eta": 0.8, "max_depth": 12.558575693873951, "n_estimators": 12.185274491121163}, "datetime": {"datetime": "2021-09-20 19:34:33", "elapsed": 456.443166, "delta": 2.731203}}
{"target": 0.7630947680602745, "params": {"eta": 0.8, "max_depth": 6.3880290970542, "n_estimators": 41.30158132736887}, "datetime": {"datetime": "2021-09-20 19:34:36", "elapsed": 459.050207, "delta": 2.607041}}
{"target": -2.5323507634203963, "params": {"eta": 0.07222406737870582, "max_depth": 8.678089050430245, "n_estimators": 4.86418509275865}, "datetime": {"datetime": "2021-09-20 19:34:37", "elapsed": 460.724426, "delta": 1.674219}}
{"target": 0.7931381601912134, "params": {"eta": 0.6578482181173368, "max_depth": 14.591852198998179, "n_estimators": 29.00513107536297}, "datetime": {"datetime": "2021-09-20 19:34:40", "elapsed": 463.322922, "delta": 2.598496}}
{"target": 0.7541314498385342, "params": {"eta": 0.7820438927924591, "max_depth": 8.458096347626597, "n_estimators": 47.183981050878074}, "datetime": {"datetime": "2021-09-20 19:34:42", "elapsed": 465.751417, "delta": 2.428495}}
{"target": 0.743284934720033, "params": {"eta": 0.8, "max_depth": 9.846025738588118, "n_estimators": 36.60550811177067}, "datetime": {"datetime": "2021-09-20 19:34:45", "elapsed": 468.442505, "delta": 2.691088}}
{"target": 0.8085981730998689, "params": {"eta": 0.2440778946124623, "max_depth": 11.878942318622634, "n_estimators": 13.895504855090808}, "datetime": {"datetime": "2021-09-20 19:34:47", "elapsed": 470.804746, "delta": 2.362241}}
{"target": 0.7851633883018125, "params": {"eta": 0.08958389287704642, "max_depth": 9.654506930009443, "n_estimators": 29.16828459837017}, "datetime": {"datetime": "2021-09-20 19:34:50", "elapsed": 473.518304, "delta": 2.713558}}
{"target": 0.3994925467559327, "params": {"eta": 0.047844662855507085, "max_depth": 14.643703160147469, "n_estimators": 29.961688112725362}, "datetime": {"datetime": "2021-09-20 19:34:53", "elapsed": 476.185602, "delta": 2.667298}}
{"target": 0.848784104351263, "params": {"eta": 0.18962007081789678, "max_depth": 14.65026572498394, "n_estimators": 48.157540944461374}, "datetime": {"datetime": "2021-09-20 19:34:56", "elapsed": 479.039378, "delta": 2.853776}}
{"target": 0.7932314354146488, "params": {"eta": 0.689761471190095, "max_depth": 4.480716110363645, "n_estimators": 11.714031038350383}, "datetime": {"datetime": "2021-09-20 19:34:57", "elapsed": 480.763022, "delta": 1.723644}}
{"target": 0.8143096280713895, "params": {"eta": 0.5295053981205305, "max_depth": 8.866748978860604, "n_estimators": 23.904447386217875}, "datetime": {"datetime": "2021-09-20 19:34:59", "elapsed": 482.620159, "delta": 1.857137}}
{"target": 0.7851117957503231, "params": {"eta": 0.6939620928663746, "max_depth": 9.968129858406746, "n_estimators": 24.119038594373464}, "datetime": {"datetime": "2021-09-20 19:35:03", "elapsed": 486.050054, "delta": 3.429895}}
{"target": 0.755140412471242, "params": {"eta": 0.8, "max_depth": 4.9182922850887465, "n_estimators": 39.26118775714489}, "datetime": {"datetime": "2021-09-20 19:35:05", "elapsed": 488.616138, "delta": 2.566084}}
{"target": 0.7029514389659755, "params": {"eta": 0.17694474826174297, "max_depth": 5.353173373288808, "n_estimators": 11.446460193148791}, "datetime": {"datetime": "2021-09-20 19:35:08", "elapsed": 491.331001, "delta": 2.714863}}
{"target": 0.83239168266497, "params": {"eta": 0.35842176003059895, "max_depth": 17.48477014477491, "n_estimators": 20.114347033281483}, "datetime": {"datetime": "2021-09-20 19:35:10", "elapsed": 493.293404, "delta": 1.962403}}
{"target": 0.22948450659581066, "params": {"eta": 0.26898934435876964, "max_depth": 13.418000460577984, "n_estimators": 4.836290418704838}, "datetime": {"datetime": "2021-09-20 19:35:13", "elapsed": 496.074007, "delta": 2.780603}}
{"target": 0.798068029053868, "params": {"eta": 0.5848787780090793, "max_depth": 11.610152005592488, "n_estimators": 12.898520560706118}, "datetime": {"datetime": "2021-09-20 19:35:15", "elapsed": 498.600924, "delta": 2.526917}}
{"target": 0.7820154109360028, "params": {"eta": 0.7209202941783818, "max_depth": 16.83657380145356, "n_estimators": 41.66407825733662}, "datetime": {"datetime": "2021-09-20 19:35:19", "elapsed": 501.993803, "delta": 3.392879}}
{"target": 0.01207829691262785, "params": {"eta": 0.04330202119628004, "max_depth": 4.002291042578866, "n_estimators": 24.946910115294223}, "datetime": {"datetime": "2021-09-20 19:35:21", "elapsed": 504.725794, "delta": 2.731991}}
{"target": 0.8583942498900321, "params": {"eta": 0.30798599868397736, "max_depth": 7.611926761389957, "n_estimators": 41.82762999439758}, "datetime": {"datetime": "2021-09-20 19:35:23", "elapsed": 506.904642, "delta": 2.178848}}
{"target": 0.7382166945390909, "params": {"eta": 0.739325956453841, "max_depth": 8.075907385735945, "n_estimators": 42.33525826978926}, "datetime": {"datetime": "2021-09-20 19:35:26", "elapsed": 509.749856, "delta": 2.845214}}
{"target": 0.8375792553191476, "params": {"eta": 0.5508584460813984, "max_depth": 7.216456609368239, "n_estimators": 42.63101889121168}, "datetime": {"datetime": "2021-09-20 19:35:29", "elapsed": 512.593408, "delta": 2.843552}}
{"target": 0.7202884252800762, "params": {"eta": 0.16472842491015383, "max_depth": 1.2456398471503873, "n_estimators": 20.345287718301996}, "datetime": {"datetime": "2021-09-20 19:35:32", "elapsed": 515.614326, "delta": 3.020918}}
{"target": 0.7859704095364639, "params": {"eta": 0.7227408379094693, "max_depth": 4.846659415224309, "n_estimators": 33.55492860049097}, "datetime": {"datetime": "2021-09-20 19:35:35", "elapsed": 518.542645, "delta": 2.928319}}
{"target": 0.8444374995113566, "params": {"eta": 0.13934635272120588, "max_depth": 3.034638394979018, "n_estimators": 30.329638019622955}, "datetime": {"datetime": "2021-09-20 19:35:37", "elapsed": 520.33198, "delta": 1.789335}}
{"target": 0.7973797827674087, "params": {"eta": 0.6201284821946389, "max_depth": 2.723403125079581, "n_estimators": 30.250750688497817}, "datetime": {"datetime": "2021-09-20 19:35:41", "elapsed": 524.092233, "delta": 3.760253}}
{"target": 0.8421055134193245, "params": {"eta": 0.26596857339194463, "max_depth": 3.2139692010371004, "n_estimators": 30.338941760704895}, "datetime": {"datetime": "2021-09-20 19:35:44", "elapsed": 527.286537, "delta": 3.194304}}
{"target": 0.7972978225840931, "params": {"eta": 0.49408020349125265, "max_depth": 2.785785801680231, "n_estimators": 30.63806227576582}, "datetime": {"datetime": "2021-09-20 19:35:48", "elapsed": 531.719375, "delta": 4.432838}}
{"target": 0.7846751538201421, "params": {"eta": 0.7374616952266906, "max_depth": 3.701281071716064, "n_estimators": 48.17801053910394}, "datetime": {"datetime": "2021-09-20 19:35:50", "elapsed": 533.617213, "delta": 1.897838}}
{"target": 0.7707496516956873, "params": {"eta": 0.38132209081895846, "max_depth": 2.987707911048051, "n_estimators": 30.11056536909308}, "datetime": {"datetime": "2021-09-20 19:35:54", "elapsed": 537.623386, "delta": 4.006173}}
{"target": 0.8325092454598165, "params": {"eta": 0.34025305805536754, "max_depth": 14.677621884821283, "n_estimators": 43.923600995788775}, "datetime": {"datetime": "2021-09-20 19:35:59", "elapsed": 542.341827, "delta": 4.718441}}
{"target": 0.8241847207833588, "params": {"eta": 0.5131706497647428, "max_depth": 7.291137087814091, "n_estimators": 42.16920448641686}, "datetime": {"datetime": "2021-09-20 19:36:04", "elapsed": 547.173331, "delta": 4.831504}}
{"target": 0.7256272134850068, "params": {"eta": 0.7965144926819608, "max_depth": 16.997722562030123, "n_estimators": 28.15391313567301}, "datetime": {"datetime": "2021-09-20 19:36:06", "elapsed": 549.446451, "delta": 2.27312}}
