{"target": -82.5289756465399, "params": {"C": 5154.635259807559, "epsilon": 2.84705177177631, "gamma": 0.036917509686776595}, "datetime": {"datetime": "2021-09-22 19:29:38", "elapsed": 103.721553, "delta": 0.948733}}
{"target": -180.20678372566888, "params": {"C": 9310.43344420955, "epsilon": 20.209189369427747, "gamma": 0.08699179829163817}, "datetime": {"datetime": "2021-09-22 19:29:39", "elapsed": 104.394293, "delta": 0.67274}}
{"target": -127.43263468549908, "params": {"C": 5154.091690417306, "epsilon": 4.639780039475909, "gamma": 0.06319579311729936}, "datetime": {"datetime": "2021-09-22 19:29:40", "elapsed": 105.340431, "delta": 0.946138}}
{"target": -166.5533492126039, "params": {"C": 7523.439754731062, "epsilon": 2.121211037031281, "gamma": 0.08545221409375882}, "datetime": {"datetime": "2021-09-22 19:29:41", "elapsed": 106.212147, "delta": 0.871716}}
{"target": -40.10381485162362, "params": {"C": 6574.306177318364, "epsilon": 12.599740225057712, "gamma": 0.0107643327335905}, "datetime": {"datetime": "2021-09-22 19:29:41", "elapsed": 106.862037, "delta": 0.64989}}
{"target": -101.99137932776823, "params": {"C": 5553.742558244206, "epsilon": 1.1759782178178242, "gamma": 0.049783364269511826}, "datetime": {"datetime": "2021-09-22 19:29:42", "elapsed": 107.971841, "delta": 1.109804}}
{"target": -66.11660380811482, "params": {"C": 5593.226921571866, "epsilon": 0.35921937122849745, "gamma": 0.02745223720279179}, "datetime": {"datetime": "2021-09-22 19:29:43", "elapsed": 108.95194, "delta": 0.980099}}
{"target": -30.8248464145677, "params": {"C": 9475.012106545735, "epsilon": 24.761378491762972, "gamma": 0.005702171155932104}, "datetime": {"datetime": "2021-09-22 19:29:44", "elapsed": 109.751168, "delta": 0.799228}}
{"target": -287.6928900628087, "params": {"C": 8410.848627599478, "epsilon": 29.08861168529074, "gamma": 0.13743794532904416}, "datetime": {"datetime": "2021-09-22 19:29:45", "elapsed": 110.536058, "delta": 0.78489}}
{"target": -75.82071988755324, "params": {"C": 9828.08318487061, "epsilon": 16.860343240522337, "gamma": 0.03464388954896666}, "datetime": {"datetime": "2021-09-22 19:29:46", "elapsed": 111.452679, "delta": 0.916621}}
{"target": -149.0225186893454, "params": {"C": 9127.447732208184, "epsilon": 3.566449367856707, "gamma": 0.07693021550435776}, "datetime": {"datetime": "2021-09-22 19:29:47", "elapsed": 112.392682, "delta": 0.940003}}
{"target": -142.2572130158484, "params": {"C": 6094.95444586265, "epsilon": 6.525478708543296, "gamma": 0.07162470629982927}, "datetime": {"datetime": "2021-09-22 19:29:48", "elapsed": 113.304948, "delta": 0.912266}}
{"target": -135.31207836529777, "params": {"C": 9564.452220039826, "epsilon": 1.2946605452852464, "gamma": 0.07062758365670642}, "datetime": {"datetime": "2021-09-22 19:29:49", "elapsed": 114.410996, "delta": 1.106048}}
{"target": -212.6831343780381, "params": {"C": 9873.156896141554, "epsilon": 14.204794435241073, "gamma": 0.10490257632624872}, "datetime": {"datetime": "2021-09-22 19:29:49", "elapsed": 115.099998, "delta": 0.689002}}
{"target": -25.309584490090845, "params": {"C": 8862.047612994433, "epsilon": 7.698175266082237, "gamma": 0.005479525495248628}, "datetime": {"datetime": "2021-09-22 19:29:50", "elapsed": 115.905996, "delta": 0.805998}}
{"target": -193.38704088656033, "params": {"C": 5933.54753448541, "epsilon": 15.106879537237777, "gamma": 0.09448349220474513}, "datetime": {"datetime": "2021-09-22 19:29:51", "elapsed": 116.684005, "delta": 0.778009}}
{"target": -62.004844251335264, "params": {"C": 6492.0016459672825, "epsilon": 24.120583653538134, "gamma": 0.02290797871732184}, "datetime": {"datetime": "2021-09-22 19:29:52", "elapsed": 117.417, "delta": 0.732995}}
{"target": -31.6036953049906, "params": {"C": 8653.677955292647, "epsilon": 29.32776722487135, "gamma": 0.005147037765560414}, "datetime": {"datetime": "2021-09-22 19:29:52", "elapsed": 118.152579, "delta": 0.735579}}
{"target": -111.5830797626902, "params": {"C": 7314.366450978959, "epsilon": 19.959098387932585, "gamma": 0.05289343384959603}, "datetime": {"datetime": "2021-09-22 19:29:53", "elapsed": 118.972573, "delta": 0.819994}}
{"target": -192.83843920758528, "params": {"C": 5395.600249377044, "epsilon": 3.4772821836529015, "gamma": 0.09672358185448254}, "datetime": {"datetime": "2021-09-22 19:29:54", "elapsed": 119.953142, "delta": 0.980569}}
{"target": -259.8784548395853, "params": {"C": 9142.047060085471, "epsilon": 15.648481664696897, "gamma": 0.1272734544231063}, "datetime": {"datetime": "2021-09-22 19:29:55", "elapsed": 120.686143, "delta": 0.733001}}
{"target": -266.6014679275403, "params": {"C": 5277.828920348845, "epsilon": 21.640898132155783, "gamma": 0.1286040002170743}, "datetime": {"datetime": "2021-09-22 19:29:56", "elapsed": 121.326184, "delta": 0.640041}}
{"target": -149.137500651012, "params": {"C": 5729.860392902652, "epsilon": 3.049274888499573, "gamma": 0.07531370033318485}, "datetime": {"datetime": "2021-09-22 19:29:57", "elapsed": 122.628677, "delta": 1.302493}}
{"target": -120.84483578627706, "params": {"C": 8092.940815660899, "epsilon": 24.30540390486104, "gamma": 0.056912793226514984}, "datetime": {"datetime": "2021-09-22 19:29:58", "elapsed": 123.574678, "delta": 0.946001}}
{"target": -176.80707585852898, "params": {"C": 7930.5107448766985, "epsilon": 0.5086335675204335, "gamma": 0.09071252542913211}, "datetime": {"datetime": "2021-09-22 19:29:59", "elapsed": 124.546614, "delta": 0.971936}}
{"target": -245.6716732037763, "params": {"C": 6175.47094367389, "epsilon": 7.109852959080165, "gamma": 0.12232590616666285}, "datetime": {"datetime": "2021-09-22 19:30:00", "elapsed": 125.275751, "delta": 0.729137}}
{"target": -15.667200008978385, "params": {"C": 9320.970489515043, "epsilon": 10.426929043432908, "gamma": 0.0021276198972228527}, "datetime": {"datetime": "2021-09-22 19:30:00", "elapsed": 125.96728, "delta": 0.691529}}
{"target": -293.89567019683926, "params": {"C": 5844.266195743346, "epsilon": 12.956649168933621, "gamma": 0.1439955144701329}, "datetime": {"datetime": "2021-09-22 19:30:01", "elapsed": 126.68831, "delta": 0.72103}}
{"target": -169.1417454927635, "params": {"C": 5493.350640722033, "epsilon": 19.799999753271592, "gamma": 0.08125998422199748}, "datetime": {"datetime": "2021-09-22 19:30:02", "elapsed": 127.3939, "delta": 0.70559}}
{"target": -198.54683664152623, "params": {"C": 8087.071590208956, "epsilon": 3.9454783278061503, "gamma": 0.10047391783547613}, "datetime": {"datetime": "2021-09-22 19:30:03", "elapsed": 128.252554, "delta": 0.858654}}
{"target": -38.194408409358246, "params": {"C": 6310.997687566705, "epsilon": 11.175185401604947, "gamma": 0.009799461924493104}, "datetime": {"datetime": "2021-09-22 19:30:04", "elapsed": 129.223588, "delta": 0.971034}}
{"target": -170.6845261998296, "params": {"C": 7324.041898681541, "epsilon": 14.020960614861233, "gamma": 0.08412733086963087}, "datetime": {"datetime": "2021-09-22 19:30:05", "elapsed": 130.24745, "delta": 1.023862}}
{"target": -144.4907385974906, "params": {"C": 7589.953044770193, "epsilon": 24.93361375184296, "gamma": 0.06874289759684439}, "datetime": {"datetime": "2021-09-22 19:30:05", "elapsed": 130.963443, "delta": 0.715993}}
{"target": -130.63126498441505, "params": {"C": 5548.512397939734, "epsilon": 2.043973917554114, "gamma": 0.06565605496091814}, "datetime": {"datetime": "2021-09-22 19:30:06", "elapsed": 132.022716, "delta": 1.059273}}
{"target": -63.12148898057359, "params": {"C": 7510.190934197948, "epsilon": 12.137418127267981, "gamma": 0.02719302683572608}, "datetime": {"datetime": "2021-09-22 19:30:07", "elapsed": 133.117402, "delta": 1.094686}}
{"target": -272.21386539136404, "params": {"C": 5588.457135267792, "epsilon": 1.7826463229732268, "gamma": 0.13544923477212517}, "datetime": {"datetime": "2021-09-22 19:30:08", "elapsed": 133.887916, "delta": 0.770514}}
{"target": -133.0039067323131, "params": {"C": 5257.481319835119, "epsilon": 29.247895691453596, "gamma": 0.06074757256345266}, "datetime": {"datetime": "2021-09-22 19:30:09", "elapsed": 134.604119, "delta": 0.716203}}
{"target": -183.8140273879457, "params": {"C": 6225.810196117057, "epsilon": 6.554376982457216, "gamma": 0.09225362182492357}, "datetime": {"datetime": "2021-09-22 19:30:10", "elapsed": 135.480861, "delta": 0.876742}}
{"target": -62.88569700894378, "params": {"C": 9014.309399375388, "epsilon": 11.016416989251962, "gamma": 0.028230636758482586}, "datetime": {"datetime": "2021-09-22 19:30:11", "elapsed": 136.513207, "delta": 1.032346}}
{"target": -81.09479673094445, "params": {"C": 8809.537082680381, "epsilon": 22.7008298115402, "gamma": 0.03569425957838811}, "datetime": {"datetime": "2021-09-22 19:30:12", "elapsed": 137.523347, "delta": 1.01014}}
{"target": -49.696402291013044, "params": {"C": 5159.687849498442, "epsilon": 9.130251485354746, "gamma": 0.015216664664923154}, "datetime": {"datetime": "2021-09-22 19:30:13", "elapsed": 138.289267, "delta": 0.76592}}
{"target": -77.04288543494474, "params": {"C": 8148.404992264464, "epsilon": 10.179017126748365, "gamma": 0.036554411753923516}, "datetime": {"datetime": "2021-09-22 19:30:14", "elapsed": 139.291267, "delta": 1.002}}
{"target": -168.74724197421298, "params": {"C": 5136.285689295667, "epsilon": 3.734491684660464, "gamma": 0.08444750146724567}, "datetime": {"datetime": "2021-09-22 19:30:15", "elapsed": 140.462122, "delta": 1.170855}}
{"target": -116.67884699766235, "params": {"C": 5012.082772065163, "epsilon": 16.756538686336963, "gamma": 0.05477806232375647}, "datetime": {"datetime": "2021-09-22 19:30:16", "elapsed": 141.327129, "delta": 0.865007}}
{"target": -165.50124121663566, "params": {"C": 5714.037245320022, "epsilon": 27.20981304992477, "gamma": 0.07777990137247943}, "datetime": {"datetime": "2021-09-22 19:30:17", "elapsed": 142.291122, "delta": 0.963993}}
{"target": -255.13960372536974, "params": {"C": 8727.876886392361, "epsilon": 17.526253955839238, "gamma": 0.12449204111898272}, "datetime": {"datetime": "2021-09-22 19:30:18", "elapsed": 143.246123, "delta": 0.955001}}
{"target": -63.10917787633394, "params": {"C": 7059.381592895012, "epsilon": 23.09214670125861, "gamma": 0.024318922497207567}, "datetime": {"datetime": "2021-09-22 19:30:18", "elapsed": 144.067308, "delta": 0.821185}}
{"target": -39.664885558591656, "params": {"C": 9377.029615739255, "epsilon": 25.440627942344946, "gamma": 0.010015199755212544}, "datetime": {"datetime": "2021-09-22 19:30:19", "elapsed": 144.795299, "delta": 0.727991}}
{"target": -17.016888035596242, "params": {"C": 9349.313884118212, "epsilon": 4.536828748937788, "gamma": 0.002850735781298153}, "datetime": {"datetime": "2021-09-22 19:30:20", "elapsed": 145.830297, "delta": 1.034998}}
{"target": -155.8136615181758, "params": {"C": 6763.488312487228, "epsilon": 16.830949029741276, "gamma": 0.07611946933988564}, "datetime": {"datetime": "2021-09-22 19:30:21", "elapsed": 146.657198, "delta": 0.826901}}
{"target": -44.766135592069126, "params": {"C": 7420.181685039543, "epsilon": 19.665456757684016, "gamma": 0.013315646349988037}, "datetime": {"datetime": "2021-09-22 19:30:22", "elapsed": 147.442434, "delta": 0.785236}}
{"target": -143.88139624033445, "params": {"C": 8267.360645765835, "epsilon": 0.8881498053391419, "gamma": 0.07463751221665332}, "datetime": {"datetime": "2021-09-22 19:30:23", "elapsed": 148.65791, "delta": 1.215476}}
{"target": -248.13439919104897, "params": {"C": 5949.978232479457, "epsilon": 18.70441103494124, "gamma": 0.12058146255230633}, "datetime": {"datetime": "2021-09-22 19:30:24", "elapsed": 149.414024, "delta": 0.756114}}
{"target": -51.26045649516678, "params": {"C": 7572.977204058294, "epsilon": 4.935866061106218, "gamma": 0.02102436827070782}, "datetime": {"datetime": "2021-09-22 19:30:25", "elapsed": 150.761023, "delta": 1.346999}}
{"target": -75.5905547865684, "params": {"C": 6109.121310062064, "epsilon": 26.827426920087213, "gamma": 0.029789606212758158}, "datetime": {"datetime": "2021-09-22 19:30:26", "elapsed": 151.560881, "delta": 0.799858}}
{"target": -246.42212202608883, "params": {"C": 5042.266520022087, "epsilon": 6.7832344289246755, "gamma": 0.12205444631954249}, "datetime": {"datetime": "2021-09-22 19:30:27", "elapsed": 152.37406, "delta": 0.813179}}
{"target": -139.07093198578156, "params": {"C": 5758.739804904795, "epsilon": 11.25598586697058, "gamma": 0.06861967798961892}, "datetime": {"datetime": "2021-09-22 19:30:28", "elapsed": 153.29651, "delta": 0.92245}}
{"target": -259.05550182931745, "params": {"C": 5650.656957092134, "epsilon": 2.886654718916346, "gamma": 0.12904273756098447}, "datetime": {"datetime": "2021-09-22 19:30:29", "elapsed": 154.22262, "delta": 0.92611}}
{"target": -240.35706241700072, "params": {"C": 5497.0744060543075, "epsilon": 23.30557758058824, "gamma": 0.11524441589686349}, "datetime": {"datetime": "2021-09-22 19:30:29", "elapsed": 154.993101, "delta": 0.770481}}
{"target": -172.4829637371992, "params": {"C": 5861.657858218571, "epsilon": 19.6552743554672, "gamma": 0.0830706638398463}, "datetime": {"datetime": "2021-09-22 19:30:30", "elapsed": 155.810697, "delta": 0.817596}}
{"target": -74.1948216086081, "params": {"C": 9255.07283338821, "epsilon": 18.360354632566626, "gamma": 0.0332063884368813}, "datetime": {"datetime": "2021-09-22 19:30:31", "elapsed": 157.050244, "delta": 1.239547}}
{"target": -164.39627089965947, "params": {"C": 6617.720168568272, "epsilon": 9.937912084243795, "gamma": 0.08197776392042384}, "datetime": {"datetime": "2021-09-22 19:30:32", "elapsed": 157.972794, "delta": 0.92255}}
{"target": -206.86649248134358, "params": {"C": 6080.300575445503, "epsilon": 9.582899137269393, "gamma": 0.10273674535814648}, "datetime": {"datetime": "2021-09-22 19:30:33", "elapsed": 158.824514, "delta": 0.85172}}
{"target": -283.2952289542283, "params": {"C": 7681.667407806775, "epsilon": 13.842117438838384, "gamma": 0.13902024916135047}, "datetime": {"datetime": "2021-09-22 19:30:34", "elapsed": 159.81067, "delta": 0.986156}}
{"target": -62.3246828313292, "params": {"C": 5794.595221908443, "epsilon": 5.287508791691147, "gamma": 0.02539769597068273}, "datetime": {"datetime": "2021-09-22 19:30:35", "elapsed": 160.88986, "delta": 1.07919}}
{"target": -105.22887485527151, "params": {"C": 7522.647546320507, "epsilon": 20.766779939714297, "gamma": 0.04926616762944387}, "datetime": {"datetime": "2021-09-22 19:30:36", "elapsed": 161.844923, "delta": 0.955063}}
{"target": -46.56686960030423, "params": {"C": 8511.518583651543, "epsilon": 20.570671497019934, "gamma": 0.01558813418727404}, "datetime": {"datetime": "2021-09-22 19:30:37", "elapsed": 162.799185, "delta": 0.954262}}
{"target": -94.51461719390701, "params": {"C": 9500.33981125408, "epsilon": 16.292690884514876, "gamma": 0.045317847240858494}, "datetime": {"datetime": "2021-09-22 19:30:38", "elapsed": 163.94562, "delta": 1.146435}}
{"target": -251.50830332263968, "params": {"C": 5579.932950413753, "epsilon": 24.3924159037158, "gamma": 0.12065296702111454}, "datetime": {"datetime": "2021-09-22 19:30:39", "elapsed": 164.772372, "delta": 0.826752}}
{"target": -71.40584416530098, "params": {"C": 5221.633070099435, "epsilon": 26.59250114775524, "gamma": 0.026136735392427418}, "datetime": {"datetime": "2021-09-22 19:30:40", "elapsed": 165.625417, "delta": 0.853045}}
{"target": -63.98207849201112, "params": {"C": 5939.886938419909, "epsilon": 27.12966918077887, "gamma": 0.02218958916978834}, "datetime": {"datetime": "2021-09-22 19:30:41", "elapsed": 166.463873, "delta": 0.838456}}
{"target": -127.40810874026204, "params": {"C": 9056.59986602372, "epsilon": 16.137730029381853, "gamma": 0.06264942039012981}, "datetime": {"datetime": "2021-09-22 19:30:42", "elapsed": 167.405923, "delta": 0.94205}}
{"target": -364.7737335171507, "params": {"C": 6110.681576086608, "epsilon": 5.819805261545071, "gamma": 0.00022587255876485894}, "datetime": {"datetime": "2021-09-22 19:30:43", "elapsed": 168.238052, "delta": 0.832129}}
{"target": -131.91166847518798, "params": {"C": 7679.721221547568, "epsilon": 2.686999137471972, "gamma": 0.06813750927751637}, "datetime": {"datetime": "2021-09-22 19:30:44", "elapsed": 169.37369, "delta": 1.135638}}
{"target": -46.52248391674512, "params": {"C": 9900.60562501651, "epsilon": 14.273982156875597, "gamma": 0.018452837185398942}, "datetime": {"datetime": "2021-09-22 19:30:45", "elapsed": 170.494782, "delta": 1.121092}}
{"target": -145.52895745790948, "params": {"C": 5363.564072367644, "epsilon": 24.35427187286881, "gamma": 0.06848922194732247}, "datetime": {"datetime": "2021-09-22 19:30:46", "elapsed": 171.639824, "delta": 1.145042}}
{"target": -47.60036267470197, "params": {"C": 9882.793878692977, "epsilon": 14.530306917920232, "gamma": 0.019030951940432878}, "datetime": {"datetime": "2021-09-22 19:30:47", "elapsed": 172.966831, "delta": 1.327007}}
{"target": -238.43450398573165, "params": {"C": 7907.787760747406, "epsilon": 27.001346662609077, "gamma": 0.11379878469420741}, "datetime": {"datetime": "2021-09-22 19:30:48", "elapsed": 173.786301, "delta": 0.81947}}
{"target": -162.92215755963133, "params": {"C": 9135.040404801899, "epsilon": 5.083967404206747, "gamma": 0.08329661867457687}, "datetime": {"datetime": "2021-09-22 19:30:49", "elapsed": 174.979884, "delta": 1.193583}}
{"target": -91.88047295536781, "params": {"C": 6086.2721505636355, "epsilon": 3.124116645681903, "gamma": 0.04462257623244858}, "datetime": {"datetime": "2021-09-22 19:30:51", "elapsed": 176.575707, "delta": 1.595823}}
{"target": -234.4266701804659, "params": {"C": 9523.71748680539, "epsilon": 25.16429941761618, "gamma": 0.1123454343126503}, "datetime": {"datetime": "2021-09-22 19:30:52", "elapsed": 177.567038, "delta": 0.991331}}
{"target": -253.18707233868273, "params": {"C": 8758.282051765964, "epsilon": 7.881365230696349, "gamma": 0.12594492646410888}, "datetime": {"datetime": "2021-09-22 19:30:53", "elapsed": 178.594408, "delta": 1.02737}}
{"target": -203.36253787773683, "params": {"C": 5498.511656321945, "epsilon": 5.29688377943028, "gamma": 0.10156035144382099}, "datetime": {"datetime": "2021-09-22 19:30:54", "elapsed": 179.864443, "delta": 1.270035}}
{"target": -186.0741278908732, "params": {"C": 8643.816433815664, "epsilon": 29.58087154557251, "gamma": 0.08704658031464656}, "datetime": {"datetime": "2021-09-22 19:30:55", "elapsed": 180.817539, "delta": 0.953096}}
{"target": -290.4565489222198, "params": {"C": 6635.480298078338, "epsilon": 5.694991550137507, "gamma": 0.14377371994211194}, "datetime": {"datetime": "2021-09-22 19:30:56", "elapsed": 182.15742, "delta": 1.339881}}
{"target": -235.41800650539037, "params": {"C": 9449.872453553064, "epsilon": 18.952257595388172, "gamma": 0.11459082880827419}, "datetime": {"datetime": "2021-09-22 19:30:58", "elapsed": 183.514552, "delta": 1.357132}}
{"target": -37.56604131460723, "params": {"C": 9945.83298810012, "epsilon": 28.02999723041165, "gamma": 0.00837632115572481}, "datetime": {"datetime": "2021-09-22 19:30:59", "elapsed": 184.453128, "delta": 0.938576}}
{"target": -85.82253320104795, "params": {"C": 7877.926787897392, "epsilon": 17.35524810939782, "gamma": 0.03936260350358712}, "datetime": {"datetime": "2021-09-22 19:31:00", "elapsed": 185.949762, "delta": 1.496634}}
{"target": -255.72132720294476, "params": {"C": 7569.2977426248635, "epsilon": 1.5317693223154103, "gamma": 0.12811955376086964}, "datetime": {"datetime": "2021-09-22 19:31:01", "elapsed": 187.050407, "delta": 1.100645}}
{"target": -25.00741114788889, "params": {"C": 6935.781551627611, "epsilon": 5.543484134057498, "gamma": 0.004862418102865205}, "datetime": {"datetime": "2021-09-22 19:31:02", "elapsed": 188.102929, "delta": 1.052522}}
{"target": -87.33768523959225, "params": {"C": 9306.568101567329, "epsilon": 13.021581882956177, "gamma": 0.042092915064692656}, "datetime": {"datetime": "2021-09-22 19:31:04", "elapsed": 189.631902, "delta": 1.528973}}
{"target": -60.2751624186199, "params": {"C": 5930.371775674198, "epsilon": 17.818888120267957, "gamma": 0.022377776104137197}, "datetime": {"datetime": "2021-09-22 19:31:05", "elapsed": 191.036179, "delta": 1.404277}}
{"target": -175.22277921877102, "params": {"C": 7545.677885983539, "epsilon": 7.0894269506216085, "gamma": 0.08843765674920585}, "datetime": {"datetime": "2021-09-22 19:31:07", "elapsed": 192.441882, "delta": 1.405703}}
{"target": -187.6771180925435, "params": {"C": 9511.646693081024, "epsilon": 1.7101834911897988, "gamma": 0.09587089183734197}, "datetime": {"datetime": "2021-09-22 19:31:08", "elapsed": 193.834819, "delta": 1.392937}}
{"target": -131.02536766565717, "params": {"C": 7731.581447751768, "epsilon": 16.371048830781515, "gamma": 0.06418936088972382}, "datetime": {"datetime": "2021-09-22 19:31:09", "elapsed": 195.060808, "delta": 1.225989}}
{"target": -55.10823229868904, "params": {"C": 7007.480575369891, "epsilon": 9.554873665577334, "gamma": 0.022530401922794978}, "datetime": {"datetime": "2021-09-22 19:31:11", "elapsed": 196.259135, "delta": 1.198327}}
{"target": -121.8363042585348, "params": {"C": 9868.464807141761, "epsilon": 21.21293446533275, "gamma": 0.05846952287641308}, "datetime": {"datetime": "2021-09-22 19:31:12", "elapsed": 197.619716, "delta": 1.360581}}
{"target": -222.63957209793136, "params": {"C": 8852.37880396219, "epsilon": 28.060129797118112, "gamma": 0.10564402342270206}, "datetime": {"datetime": "2021-09-22 19:31:13", "elapsed": 198.625099, "delta": 1.005383}}
{"target": -96.41642712149131, "params": {"C": 8127.798109619493, "epsilon": 25.081807283391445, "gamma": 0.04324922413268218}, "datetime": {"datetime": "2021-09-22 19:31:14", "elapsed": 199.710452, "delta": 1.085353}}
{"target": -218.28846290847832, "params": {"C": 7803.279304379825, "epsilon": 13.772154144428233, "gamma": 0.10773737352925754}, "datetime": {"datetime": "2021-09-22 19:31:15", "elapsed": 200.815083, "delta": 1.104631}}
