{"target": -122.65285671403085, "params": {"C": 18601.870600828835, "epsilon": 16.316234538871022, "gamma": 0.021957743461312032}, "datetime": {"datetime": "2021-09-22 20:46:38", "elapsed": 528.799757, "delta": 2.050852}}
{"target": -270.53102116990334, "params": {"C": 15622.150788034995, "epsilon": 20.78351574504026, "gamma": 0.04705300728158187}, "datetime": {"datetime": "2021-09-22 20:46:40", "elapsed": 531.108786, "delta": 2.309029}}
{"target": -120.63649791308265, "params": {"C": 18373.36950370785, "epsilon": 16.08745148658727, "gamma": 0.021606935440632292}, "datetime": {"datetime": "2021-09-22 20:46:42", "elapsed": 533.140667, "delta": 2.031881}}
{"target": -192.58279347531035, "params": {"C": 13143.34816581786, "epsilon": 12.319684766077941, "gamma": 0.03428439686411496}, "datetime": {"datetime": "2021-09-22 20:46:44", "elapsed": 535.245735, "delta": 2.105068}}
{"target": -82.4335495357533, "params": {"C": 15365.02410071106, "epsilon": 20.817509073331895, "gamma": 0.013958633621729171}, "datetime": {"datetime": "2021-09-22 20:46:47", "elapsed": 537.695805, "delta": 2.45007}}
{"target": -112.56439681529439, "params": {"C": 13241.957331003152, "epsilon": 13.109471187597537, "gamma": 0.020262997384919445}, "datetime": {"datetime": "2021-09-22 20:46:49", "elapsed": 539.6719, "delta": 1.976095}}
{"target": -256.94687108164, "params": {"C": 14219.788056747275, "epsilon": 27.38350732146773, "gamma": 0.04445402982782467}, "datetime": {"datetime": "2021-09-22 20:46:51", "elapsed": 541.678437, "delta": 2.006537}}
{"target": -71.69888807221842, "params": {"C": 10987.499433614812, "epsilon": 5.56447972526586, "gamma": 0.012939447628131746}, "datetime": {"datetime": "2021-09-22 20:46:54", "elapsed": 544.884817, "delta": 3.20638}}
{"target": -94.81857007552432, "params": {"C": 9110.45634144272, "epsilon": 22.422260733117866, "gamma": 0.01626432923640668}, "datetime": {"datetime": "2021-09-22 20:46:56", "elapsed": 547.316488, "delta": 2.431671}}
