{"target": -504.69284274108566, "params": {"C": 7464.364818389368, "epsilon": 23.36127150113261, "gamma": 0.0909460121728235}, "datetime": {"datetime": "2021-09-22 20:18:26", "elapsed": 174.864622, "delta": 1.064962}}
{"target": -1595.1962046809579, "params": {"C": 367.44603939418255, "epsilon": 21.693864080294933, "gamma": 0.4344282680587198}, "datetime": {"datetime": "2021-09-22 20:18:27", "elapsed": 175.940658, "delta": 1.076036}}
{"target": -1353.6124878612932, "params": {"C": 2690.640552726099, "epsilon": 28.11349027502314, "gamma": 0.3456021050148428}, "datetime": {"datetime": "2021-09-22 20:18:28", "elapsed": 177.216663, "delta": 1.276005}}
{"target": -704.1884317650477, "params": {"C": 13456.931424232573, "epsilon": 7.627882021641822, "gamma": 0.12615011787349914}, "datetime": {"datetime": "2021-09-22 20:18:29", "elapsed": 178.140546, "delta": 0.923883}}
{"target": -1426.1368102409756, "params": {"C": 14134.345447673268, "epsilon": 23.879442774987613, "gamma": 0.4486457642056433}, "datetime": {"datetime": "2021-09-22 20:18:30", "elapsed": 179.170177, "delta": 1.029631}}
{"target": -1315.0664901939601, "params": {"C": 1019.5364273225957, "epsilon": 9.280272646896814, "gamma": 0.22217273295166423}, "datetime": {"datetime": "2021-09-22 20:18:31", "elapsed": 180.363097, "delta": 1.19292}}
{"target": -1392.5731142200254, "params": {"C": 7161.809447010994, "epsilon": 24.730268500314214, "gamma": 0.40207669841305793}, "datetime": {"datetime": "2021-09-22 20:18:32", "elapsed": 181.449509, "delta": 1.086412}}
{"target": -558.2423550313509, "params": {"C": 14251.696031425825, "epsilon": 3.946673385620651, "gamma": 0.10156020984268777}, "datetime": {"datetime": "2021-09-22 20:18:33", "elapsed": 182.416122, "delta": 0.966613}}
{"target": -251.11119651336102, "params": {"C": 10499.11154327248, "epsilon": 24.459434021761012, "gamma": 0.04361543718098}, "datetime": {"datetime": "2021-09-22 20:18:34", "elapsed": 183.444159, "delta": 1.028037}}
{"target": -1287.4569419675374, "params": {"C": 4349.846983321159, "epsilon": 4.334180213411007, "gamma": 0.3089106014665438}, "datetime": {"datetime": "2021-09-22 20:18:35", "elapsed": 184.486874, "delta": 1.042715}}
{"target": -141.1228381047456, "params": {"C": 2811.2419062083077, "epsilon": 5.991489596106467, "gamma": 0.024060627808142547}, "datetime": {"datetime": "2021-09-22 20:18:36", "elapsed": 185.554408, "delta": 1.067534}}
{"target": -1193.0813645651083, "params": {"C": 5900.182319070534, "epsilon": 1.4923567091767986, "gamma": 0.25642942547392833}, "datetime": {"datetime": "2021-09-22 20:18:38", "elapsed": 186.758983, "delta": 1.204575}}
{"target": -1335.5620314604148, "params": {"C": 19984.92101648267, "epsilon": 7.397284252543539, "gamma": 0.3451398584149161}, "datetime": {"datetime": "2021-09-22 20:18:39", "elapsed": 187.733544, "delta": 0.974561}}
{"target": -1239.3429113851744, "params": {"C": 8980.961202763345, "epsilon": 9.967798340203203, "gamma": 0.2792489444482118}, "datetime": {"datetime": "2021-09-22 20:18:40", "elapsed": 188.732282, "delta": 0.998738}}
{"target": -1454.3177344760672, "params": {"C": 14826.795946154465, "epsilon": 27.284005031931873, "gamma": 0.4967305989342287}, "datetime": {"datetime": "2021-09-22 20:18:40", "elapsed": 189.67627, "delta": 0.943988}}
{"target": -806.7537755616204, "params": {"C": 4006.5567368337897, "epsilon": 21.60283416423478, "gamma": 0.14427141278245156}, "datetime": {"datetime": "2021-09-22 20:18:42", "elapsed": 191.690746, "delta": 1.016254}}
{"target": -1428.302758345651, "params": {"C": 8588.355644078909, "epsilon": 23.419958822782043, "gamma": 0.45214559928924103}, "datetime": {"datetime": "2021-09-22 20:18:44", "elapsed": 192.731206, "delta": 1.04046}}
{"target": -998.0867323982322, "params": {"C": 7692.854936687965, "epsilon": 8.76701389739437, "gamma": 0.18881644178103474}, "datetime": {"datetime": "2021-09-22 20:18:45", "elapsed": 194.011748, "delta": 1.280542}}
{"target": -691.8604296843696, "params": {"C": 2816.3086902951395, "epsilon": 3.824855049021575, "gamma": 0.12292378733592225}, "datetime": {"datetime": "2021-09-22 20:18:47", "elapsed": 195.981346, "delta": 1.969598}}
{"target": -860.3103776714208, "params": {"C": 11672.144661297487, "epsilon": 16.22439095389612, "gamma": 0.15553923990641882}, "datetime": {"datetime": "2021-09-22 20:18:48", "elapsed": 197.573092, "delta": 1.591746}}
{"target": -1256.9582760363019, "params": {"C": 1167.0293968659414, "epsilon": 13.871821048790272, "gamma": 0.21215995421747882}, "datetime": {"datetime": "2021-09-22 20:18:50", "elapsed": 198.792826, "delta": 1.219734}}
{"target": -973.9409611897145, "params": {"C": 3392.9120058117355, "epsilon": 24.7218559414891, "gamma": 0.18096407451373742}, "datetime": {"datetime": "2021-09-22 20:18:51", "elapsed": 199.898281, "delta": 1.105455}}
{"target": -1329.7947994593467, "params": {"C": 13853.061557059702, "epsilon": 16.07666589383596, "gamma": 0.3394052472735847}, "datetime": {"datetime": "2021-09-22 20:18:52", "elapsed": 201.129215, "delta": 1.230934}}
{"target": -845.1375691101949, "params": {"C": 19413.744404128145, "epsilon": 25.239393445497345, "gamma": 0.1518353956204016}, "datetime": {"datetime": "2021-09-22 20:18:53", "elapsed": 202.356764, "delta": 1.227549}}
{"target": -423.1423659738977, "params": {"C": 4079.4469252947683, "epsilon": 27.10952304070584, "gamma": 0.07452752596849561}, "datetime": {"datetime": "2021-09-22 20:18:54", "elapsed": 203.618555, "delta": 1.261791}}
{"target": -1340.0903978844312, "params": {"C": 7601.1080164033065, "epsilon": 2.4578356166583677, "gamma": 0.3495860860323615}, "datetime": {"datetime": "2021-09-22 20:18:56", "elapsed": 204.73586, "delta": 1.117305}}
{"target": -78.86036264319915, "params": {"C": 19510.739275798478, "epsilon": 8.477034692106102, "gamma": 0.01422662086763329}, "datetime": {"datetime": "2021-09-22 20:18:57", "elapsed": 206.159722, "delta": 1.423862}}
{"target": -492.58052627921876, "params": {"C": 4090.6566540029035, "epsilon": 25.476846270820424, "gamma": 0.08832623002420088}, "datetime": {"datetime": "2021-09-22 20:18:58", "elapsed": 207.439602, "delta": 1.27988}}
{"target": -356.9231965047156, "params": {"C": 10646.251236693646, "epsilon": 23.834396553656195, "gamma": 0.062213357894455874}, "datetime": {"datetime": "2021-09-22 20:19:00", "elapsed": 209.201823, "delta": 1.762221}}
{"target": -1068.7819994340323, "params": {"C": 19510.616384396955, "epsilon": 8.870965304218196, "gamma": 0.2092750021158147}, "datetime": {"datetime": "2021-09-22 20:19:01", "elapsed": 210.514359, "delta": 1.312536}}
{"target": -1383.9779444770695, "params": {"C": 9787.288768879333, "epsilon": 26.051867800213255, "gamma": 0.3916415447115291}, "datetime": {"datetime": "2021-09-22 20:19:02", "elapsed": 211.622152, "delta": 1.107793}}
{"target": -1201.7798291188908, "params": {"C": 8469.301226431693, "epsilon": 23.338854109509192, "gamma": 0.2589044671904014}, "datetime": {"datetime": "2021-09-22 20:19:05", "elapsed": 213.779589, "delta": 2.157437}}
{"target": -789.3412063230452, "params": {"C": 15719.909513288201, "epsilon": 28.38543432470781, "gamma": 0.1405364722543252}, "datetime": {"datetime": "2021-09-22 20:19:06", "elapsed": 214.965478, "delta": 1.185889}}
{"target": -1278.0491199785663, "params": {"C": 3371.6422294511035, "epsilon": 12.464403046304607, "gamma": 0.2996801161015135}, "datetime": {"datetime": "2021-09-22 20:19:07", "elapsed": 216.128151, "delta": 1.162673}}
{"target": -97.32183185736827, "params": {"C": 8126.164062394145, "epsilon": 19.59552188856396, "gamma": 0.016918485487413353}, "datetime": {"datetime": "2021-09-22 20:19:08", "elapsed": 217.57366, "delta": 1.445509}}
{"target": -491.35366868758706, "params": {"C": 12658.785926300525, "epsilon": 24.984344270884026, "gamma": 0.08829601910573996}, "datetime": {"datetime": "2021-09-22 20:19:10", "elapsed": 219.188414, "delta": 1.614754}}
{"target": -1310.5115276262345, "params": {"C": 5481.992041740939, "epsilon": 21.18419744455303, "gamma": 0.3236841049162176}, "datetime": {"datetime": "2021-09-22 20:19:11", "elapsed": 220.682645, "delta": 1.494231}}
{"target": -86.53390975394458, "params": {"C": 15353.275706801156, "epsilon": 8.614044073398246, "gamma": 0.01565116357112778}, "datetime": {"datetime": "2021-09-22 20:19:14", "elapsed": 223.134259, "delta": 2.451614}}
{"target": -445.5515405210915, "params": {"C": 8526.788412427823, "epsilon": 23.854998320805148, "gamma": 0.07951807665424716}, "datetime": {"datetime": "2021-09-22 20:19:15", "elapsed": 224.597126, "delta": 1.462867}}
{"target": -1175.3096490750022, "params": {"C": 7983.3499751798445, "epsilon": 5.2558926073841965, "gamma": 0.24820682150809475}, "datetime": {"datetime": "2021-09-22 20:19:17", "elapsed": 225.909581, "delta": 1.312455}}
{"target": -231.62085422563405, "params": {"C": 19050.912378813075, "epsilon": 7.364829967374496, "gamma": 0.041000670822808165}, "datetime": {"datetime": "2021-09-22 20:19:18", "elapsed": 227.300255, "delta": 1.390674}}
{"target": -1251.2210382866208, "params": {"C": 14869.981531366724, "epsilon": 19.45311289756151, "gamma": 0.28518509238759665}, "datetime": {"datetime": "2021-09-22 20:19:19", "elapsed": 228.450261, "delta": 1.150006}}
{"target": -767.6276096234762, "params": {"C": 8137.068160098127, "epsilon": 21.461804152234745, "gamma": 0.1368320598835068}, "datetime": {"datetime": "2021-09-22 20:19:21", "elapsed": 229.771722, "delta": 1.321461}}
{"target": -1239.048231089484, "params": {"C": 10100.940751058599, "epsilon": 19.345352926816425, "gamma": 0.2783784282167169}, "datetime": {"datetime": "2021-09-22 20:19:22", "elapsed": 230.87274, "delta": 1.101018}}
{"target": -1243.43989086761, "params": {"C": 1791.304181143655, "epsilon": 7.049680108967931, "gamma": 0.2446082606392818}, "datetime": {"datetime": "2021-09-22 20:19:23", "elapsed": 231.980458, "delta": 1.107718}}
{"target": -1298.0885764037375, "params": {"C": 5482.39798103964, "epsilon": 20.58291839637449, "gamma": 0.31476817730513573}, "datetime": {"datetime": "2021-09-22 20:19:24", "elapsed": 233.132441, "delta": 1.151983}}
{"target": -1328.097350624463, "params": {"C": 3108.401445283355, "epsilon": 13.66061066052957, "gamma": 0.3325400078183943}, "datetime": {"datetime": "2021-09-22 20:19:25", "elapsed": 234.297231, "delta": 1.16479}}
{"target": -1087.472591992115, "params": {"C": 19758.2211252274, "epsilon": 26.445729515048992, "gamma": 0.2140420915880718}, "datetime": {"datetime": "2021-09-22 20:19:26", "elapsed": 235.443886, "delta": 1.146655}}
{"target": -595.5629903840455, "params": {"C": 13976.13452616326, "epsilon": 9.984524507654694, "gamma": 0.10760687344186555}, "datetime": {"datetime": "2021-09-22 20:19:28", "elapsed": 237.041464, "delta": 1.597578}}
{"target": -648.1704207940209, "params": {"C": 9640.585459943564, "epsilon": 1.1870032331529505, "gamma": 0.11682306741327692}, "datetime": {"datetime": "2021-09-22 20:19:29", "elapsed": 238.16097, "delta": 1.119506}}
{"target": -1385.1248507692399, "params": {"C": 8526.843533278583, "epsilon": 23.921112481809487, "gamma": 0.39321957048958267}, "datetime": {"datetime": "2021-09-22 20:19:30", "elapsed": 239.558498, "delta": 1.397528}}
{"target": -441.9807407640922, "params": {"C": 8468.302786059518, "epsilon": 23.326726623353906, "gamma": 0.0788001737894393}, "datetime": {"datetime": "2021-09-22 20:19:32", "elapsed": 241.176395, "delta": 1.617897}}
{"target": -1392.9840202974817, "params": {"C": 13570.098734991627, "epsilon": 15.33720599897714, "gamma": 0.40368615942607156}, "datetime": {"datetime": "2021-09-22 20:19:33", "elapsed": 242.425645, "delta": 1.24925}}
{"target": -584.0975084993291, "params": {"C": 17261.250243579172, "epsilon": 17.596878262411163, "gamma": 0.10529451922647352}, "datetime": {"datetime": "2021-09-22 20:19:34", "elapsed": 243.607476, "delta": 1.181831}}
{"target": -1326.502242811053, "params": {"C": 4748.443848207978, "epsilon": 5.386350348796739, "gamma": 0.3377401229518629}, "datetime": {"datetime": "2021-09-22 20:19:36", "elapsed": 245.410831, "delta": 1.803355}}
{"target": -1374.497228251704, "params": {"C": 7036.1397061112975, "epsilon": 7.422505221332787, "gamma": 0.38292408751162105}, "datetime": {"datetime": "2021-09-22 20:19:38", "elapsed": 247.039985, "delta": 1.629154}}
{"target": -1106.5987081050812, "params": {"C": 17495.59931222043, "epsilon": 18.98901694176696, "gamma": 0.22085971146821237}, "datetime": {"datetime": "2021-09-22 20:19:39", "elapsed": 248.318843, "delta": 1.278858}}
{"target": -1094.9725127786294, "params": {"C": 13820.061575673206, "epsilon": 20.741762501837698, "gamma": 0.21684210555402703}, "datetime": {"datetime": "2021-09-22 20:19:40", "elapsed": 249.697159, "delta": 1.378316}}
{"target": -259.6497090797441, "params": {"C": 1576.2140803882755, "epsilon": 11.578743130393216, "gamma": 0.03952257403816427}, "datetime": {"datetime": "2021-09-22 20:19:42", "elapsed": 250.93584, "delta": 1.238681}}
{"target": -1156.2429516085122, "params": {"C": 4346.639186284483, "epsilon": 9.051821180165305, "gamma": 0.23998589354549596}, "datetime": {"datetime": "2021-09-22 20:19:43", "elapsed": 252.447748, "delta": 1.511908}}
{"target": -1438.7672362168516, "params": {"C": 19545.437736653657, "epsilon": 11.249854039701761, "gamma": 0.4712708597415092}, "datetime": {"datetime": "2021-09-22 20:19:44", "elapsed": 253.653867, "delta": 1.206119}}
{"target": -1310.252613135602, "params": {"C": 6767.792246731854, "epsilon": 22.971709307663918, "gamma": 0.3233217116803754}, "datetime": {"datetime": "2021-09-22 20:19:46", "elapsed": 255.048835, "delta": 1.394968}}
{"target": -1324.3868422531043, "params": {"C": 3856.351506584572, "epsilon": 21.506780519232752, "gamma": 0.3338925326570461}, "datetime": {"datetime": "2021-09-22 20:19:47", "elapsed": 256.247206, "delta": 1.198371}}
{"target": -978.5997004950566, "params": {"C": 7868.996063337719, "epsilon": 23.152412817471028, "gamma": 0.18281107818181316}, "datetime": {"datetime": "2021-09-22 20:19:48", "elapsed": 257.568746, "delta": 1.32154}}
{"target": -1478.7154928645189, "params": {"C": 1725.6977383807236, "epsilon": 17.380464802816174, "gamma": 0.43869144595483484}, "datetime": {"datetime": "2021-09-22 20:19:50", "elapsed": 259.383555, "delta": 1.814809}}
{"target": -1307.8886107424917, "params": {"C": 1019.0373688373074, "epsilon": 9.45908250331757, "gamma": 0.2192171093873658}, "datetime": {"datetime": "2021-09-22 20:19:52", "elapsed": 261.229065, "delta": 1.84551}}
{"target": -507.6710414032591, "params": {"C": 4219.230899780301, "epsilon": 5.0216714130051505, "gamma": 0.0922286599202723}, "datetime": {"datetime": "2021-09-22 20:19:53", "elapsed": 262.431794, "delta": 1.202729}}
{"target": -1140.9143078775598, "params": {"C": 13152.377793686697, "epsilon": 11.860789723396604, "gamma": 0.23377210710959828}, "datetime": {"datetime": "2021-09-22 20:19:55", "elapsed": 263.712457, "delta": 1.280663}}
{"target": -1427.9619972378375, "params": {"C": 18478.838146160007, "epsilon": 0.6522796716459007, "gamma": 0.4547723793169123}, "datetime": {"datetime": "2021-09-22 20:19:57", "elapsed": 266.276137, "delta": 2.56368}}
{"target": -986.7700062498043, "params": {"C": 9984.823796469755, "epsilon": 6.522021329087714, "gamma": 0.18594914018897205}, "datetime": {"datetime": "2021-09-22 20:19:59", "elapsed": 268.02313, "delta": 1.746993}}
{"target": -1424.2765530453094, "params": {"C": 18609.91355004732, "epsilon": 27.881887751637773, "gamma": 0.445187108810736}, "datetime": {"datetime": "2021-09-22 20:20:00", "elapsed": 269.391132, "delta": 1.368002}}
{"target": -1024.3707429206904, "params": {"C": 8821.363011204996, "epsilon": 24.74473136643849, "gamma": 0.19510534861096762}, "datetime": {"datetime": "2021-09-22 20:20:02", "elapsed": 270.708288, "delta": 1.317156}}
{"target": -410.34507804959856, "params": {"C": 8738.085413186134, "epsilon": 6.392520403123972, "gamma": 0.07317834175165036}, "datetime": {"datetime": "2021-09-22 20:20:03", "elapsed": 272.507976, "delta": 1.799688}}
{"target": -1277.7035957216042, "params": {"C": 4638.126522838839, "epsilon": 27.274973287917767, "gamma": 0.300624102599115}, "datetime": {"datetime": "2021-09-22 20:20:05", "elapsed": 273.839476, "delta": 1.3315}}
{"target": -695.3928410105891, "params": {"C": 12907.77107551408, "epsilon": 26.886368359742765, "gamma": 0.12348210722166794}, "datetime": {"datetime": "2021-09-22 20:20:06", "elapsed": 275.292253, "delta": 1.452777}}
{"target": -1442.7449660014606, "params": {"C": 13436.952152540856, "epsilon": 23.246670716262322, "gamma": 0.4763562605019206}, "datetime": {"datetime": "2021-09-22 20:20:07", "elapsed": 276.688534, "delta": 1.396281}}
{"target": -1402.6143208423582, "params": {"C": 7544.57213630489, "epsilon": 9.984830508277984, "gamma": 0.4166251476367215}, "datetime": {"datetime": "2021-09-22 20:20:09", "elapsed": 277.977852, "delta": 1.289318}}
{"target": -1319.4343602876506, "params": {"C": 6375.790204507784, "epsilon": 16.606962523452044, "gamma": 0.3309662382439795}, "datetime": {"datetime": "2021-09-22 20:20:10", "elapsed": 279.310366, "delta": 1.332514}}
{"target": -145.12388258938847, "params": {"C": 7801.070645544093, "epsilon": 0.5709066029598202, "gamma": 0.026630094060812317}, "datetime": {"datetime": "2021-09-22 20:20:12", "elapsed": 280.956482, "delta": 1.646116}}
{"target": -347.9839492153432, "params": {"C": 1576.5894351045167, "epsilon": 12.162669263107256, "gamma": 0.05466802886235157}, "datetime": {"datetime": "2021-09-22 20:20:14", "elapsed": 283.021433, "delta": 2.064951}}
{"target": -1392.6150558343993, "params": {"C": 14525.552195076896, "epsilon": 22.445673905250757, "gamma": 0.4024062106903121}, "datetime": {"datetime": "2021-09-22 20:20:15", "elapsed": 284.515813, "delta": 1.49438}}
{"target": -1277.5860291849306, "params": {"C": 3275.4274785713874, "epsilon": 3.141784400493632, "gamma": 0.2993221642042758}, "datetime": {"datetime": "2021-09-22 20:20:17", "elapsed": 285.741407, "delta": 1.225594}}
{"target": -1383.4009729231132, "params": {"C": 10646.643583406181, "epsilon": 23.467694820661073, "gamma": 0.3912507724789991}, "datetime": {"datetime": "2021-09-22 20:20:19", "elapsed": 287.720833, "delta": 1.979426}}
{"target": -1405.2298525418562, "params": {"C": 1725.830984194917, "epsilon": 18.06037549312558, "gamma": 0.34174095104669955}, "datetime": {"datetime": "2021-09-22 20:20:21", "elapsed": 289.766388, "delta": 2.045555}}
{"target": -1455.6201989774063, "params": {"C": 18787.985035246453, "epsilon": 28.971307042082408, "gamma": 0.4989266641063402}, "datetime": {"datetime": "2021-09-22 20:20:23", "elapsed": 291.743456, "delta": 1.977068}}
{"target": -1238.6102658412628, "params": {"C": 8314.272409421095, "epsilon": 12.649235931755486, "gamma": 0.27864001125031346}, "datetime": {"datetime": "2021-09-22 20:20:24", "elapsed": 293.03444, "delta": 1.290984}}
{"target": -1414.692537144298, "params": {"C": 17101.079839013386, "epsilon": 0.7785321266367096, "gamma": 0.43450543446986956}, "datetime": {"datetime": "2021-09-22 20:20:25", "elapsed": 294.357423, "delta": 1.322983}}
{"target": -1442.4750521969615, "params": {"C": 8125.806628005967, "epsilon": 19.46786759407127, "gamma": 0.47647938245176374}, "datetime": {"datetime": "2021-09-22 20:20:27", "elapsed": 295.9369, "delta": 1.579477}}
{"target": -162.24578055387232, "params": {"C": 19787.82175634813, "epsilon": 27.554103412022833, "gamma": 0.028444721037052707}, "datetime": {"datetime": "2021-09-22 20:20:28", "elapsed": 297.623623, "delta": 1.686723}}
{"target": -1005.3721993891737, "params": {"C": 13500.7360106565, "epsilon": 12.628116182259156, "gamma": 0.19055670802506142}, "datetime": {"datetime": "2021-09-22 20:20:30", "elapsed": 298.956171, "delta": 1.332548}}
{"target": -28.668223006160662, "params": {"C": 5478.383673380431, "epsilon": 21.3342369693397, "gamma": 0.0028648605992664922}, "datetime": {"datetime": "2021-09-22 20:20:32", "elapsed": 300.791349, "delta": 1.835178}}
{"target": -1396.3915984997832, "params": {"C": 5371.033048003831, "epsilon": 16.726291253288988, "gamma": 0.40778214228219506}, "datetime": {"datetime": "2021-09-22 20:20:33", "elapsed": 302.239656, "delta": 1.448307}}
{"target": -1263.8279318102038, "params": {"C": 16635.047652526508, "epsilon": 20.22092521338155, "gamma": 0.29255543723194216}, "datetime": {"datetime": "2021-09-22 20:20:34", "elapsed": 303.606933, "delta": 1.367277}}
{"target": -1026.3330177901737, "params": {"C": 3591.2309115022326, "epsilon": 25.041252686761464, "gamma": 0.1953346069989584}, "datetime": {"datetime": "2021-09-22 20:20:36", "elapsed": 304.874961, "delta": 1.268028}}
{"target": -638.2001815677892, "params": {"C": 18635.291684992357, "epsilon": 15.667146493734398, "gamma": 0.11435065021175093}, "datetime": {"datetime": "2021-09-22 20:20:37", "elapsed": 306.156456, "delta": 1.281495}}
{"target": -428.8494711329, "params": {"C": 15720.263125530008, "epsilon": 28.788473716979098, "gamma": 0.0758773329413668}, "datetime": {"datetime": "2021-09-22 20:20:39", "elapsed": 308.005731, "delta": 1.849275}}
{"target": -1499.5773990888729, "params": {"C": 952.7998693448303, "epsilon": 2.812895589436729, "gamma": 0.35624674003422485}, "datetime": {"datetime": "2021-09-22 20:20:40", "elapsed": 309.321643, "delta": 1.315912}}
{"target": -1293.310127662822, "params": {"C": 14322.598973063705, "epsilon": 11.948376654234522, "gamma": 0.3122196665935067}, "datetime": {"datetime": "2021-09-22 20:20:42", "elapsed": 311.293719, "delta": 1.972076}}
{"target": -1179.8573640912648, "params": {"C": 1725.063957543726, "epsilon": 17.288157095362042, "gamma": 0.21765031175994964}, "datetime": {"datetime": "2021-09-22 20:20:44", "elapsed": 312.746157, "delta": 1.452438}}
{"target": -1556.9360209105505, "params": {"C": 364.2004102869837, "epsilon": 13.266367910251754, "gamma": 0.29104313236239954}, "datetime": {"datetime": "2021-09-22 20:20:45", "elapsed": 313.981445, "delta": 1.235288}}
