{"target": -171.53030660089638, "params": {"C": 1944.552750556767, "epsilon": 25.15342587618874, "gamma": 0.0697298706701933}, "datetime": {"datetime": "2021-09-22 19:08:24", "elapsed": 31.284187, "delta": 0.452999}}
{"target": -195.2584264817734, "params": {"C": 2502.421849824121, "epsilon": 5.774212301949858, "gamma": 0.09058585233385053}, "datetime": {"datetime": "2021-09-22 19:08:25", "elapsed": 31.894695, "delta": 0.610508}}
{"target": -102.73984466416256, "params": {"C": 4473.9737183250045, "epsilon": 5.5968954903765, "gamma": 0.047789126708446455}, "datetime": {"datetime": "2021-09-22 19:08:26", "elapsed": 32.605864, "delta": 0.711169}}
{"target": -67.75567387406296, "params": {"C": 3520.3307527779543, "epsilon": 3.0642871554837634, "gamma": 0.022381448335269175}, "datetime": {"datetime": "2021-09-22 19:08:26", "elapsed": 33.110823, "delta": 0.504959}}
{"target": -177.69932971550423, "params": {"C": 3614.7317795772383, "epsilon": 25.877670661974463, "gamma": 0.08221800467099784}, "datetime": {"datetime": "2021-09-22 19:08:27", "elapsed": 33.510712, "delta": 0.399889}}
{"target": -212.31323601673003, "params": {"C": 3082.195676921479, "epsilon": 24.025094970210805, "gamma": 0.09859081910424684}, "datetime": {"datetime": "2021-09-22 19:08:27", "elapsed": 33.900767, "delta": 0.390055}}
{"target": -279.2370194620917, "params": {"C": 1173.1907088609194, "epsilon": 15.64968305476872, "gamma": 0.11258497198321184}, "datetime": {"datetime": "2021-09-22 19:08:27", "elapsed": 34.278422, "delta": 0.377655}}
{"target": -142.59645536417827, "params": {"C": 1477.5795798085285, "epsilon": 3.9821065225910135, "gamma": 0.049251121672001824}, "datetime": {"datetime": "2021-09-22 19:08:28", "elapsed": 34.708839, "delta": 0.430417}}
{"target": -206.24076515202648, "params": {"C": 2827.932003143904, "epsilon": 13.181771009908124, "gamma": 0.09739160067755168}, "datetime": {"datetime": "2021-09-22 19:08:28", "elapsed": 35.253638, "delta": 0.544799}}
{"target": -207.6049826962492, "params": {"C": 3352.3090107238177, "epsilon": 3.369321366853807, "gamma": 0.10112407506672748}, "datetime": {"datetime": "2021-09-22 19:08:29", "elapsed": 35.822261, "delta": 0.568623}}
{"target": -82.14892596887857, "params": {"C": 2109.308460514988, "epsilon": 0.35431942799248783, "gamma": 0.024207516506407536}, "datetime": {"datetime": "2021-09-22 19:08:29", "elapsed": 36.245895, "delta": 0.423634}}
{"target": -199.25691542072875, "params": {"C": 1004.4215158957319, "epsilon": 1.3192853094762622, "gamma": 0.06717125530313475}, "datetime": {"datetime": "2021-09-22 19:08:30", "elapsed": 36.651739, "delta": 0.405844}}
{"target": -317.4144612612014, "params": {"C": 1130.8204699323112, "epsilon": 20.23306138592748, "gamma": 0.13031763668540228}, "datetime": {"datetime": "2021-09-22 19:08:30", "elapsed": 37.036508, "delta": 0.384769}}
{"target": -177.53483954718857, "params": {"C": 2498.9214752071703, "epsilon": 1.2673791005706176, "gamma": 0.08103533517159056}, "datetime": {"datetime": "2021-09-22 19:08:31", "elapsed": 37.560938, "delta": 0.52443}}
{"target": -110.23525043181063, "params": {"C": 2022.7648265055486, "epsilon": 22.58657746039586, "gamma": 0.037663976848085305}, "datetime": {"datetime": "2021-09-22 19:08:31", "elapsed": 37.981279, "delta": 0.420341}}
{"target": -219.9471309551601, "params": {"C": 3081.8376250518136, "epsilon": 23.21315862517599, "gamma": 0.10257629194658455}, "datetime": {"datetime": "2021-09-22 19:08:31", "elapsed": 38.420867, "delta": 0.439588}}
{"target": -120.11154197757212, "params": {"C": 2502.3132055142864, "epsilon": 5.543091110064702, "gamma": 0.04808310608407482}, "datetime": {"datetime": "2021-09-22 19:08:32", "elapsed": 38.966851, "delta": 0.545984}}
{"target": -250.3551896156116, "params": {"C": 2499.277902885987, "epsilon": 1.2715239218681293, "gamma": 0.12046868173632598}, "datetime": {"datetime": "2021-09-22 19:08:33", "elapsed": 39.476515, "delta": 0.509664}}
{"target": -216.16487760853818, "params": {"C": 4093.1549293598164, "epsilon": 28.35865800480149, "gamma": 0.10071108256086089}, "datetime": {"datetime": "2021-09-22 19:08:33", "elapsed": 39.885549, "delta": 0.409034}}
{"target": -203.70577949342504, "params": {"C": 3545.880900254087, "epsilon": 6.216923965561399, "gamma": 0.0991205773509017}, "datetime": {"datetime": "2021-09-22 19:08:33", "elapsed": 40.410142, "delta": 0.524593}}
{"target": -62.98389825419073, "params": {"C": 4688.256808873433, "epsilon": 0.7571372871596778, "gamma": 0.02270405947285552}, "datetime": {"datetime": "2021-09-22 19:08:34", "elapsed": 41.107051, "delta": 0.696909}}
{"target": -86.866700108793, "params": {"C": 1622.1398750252715, "epsilon": 5.950016116731373, "gamma": 0.021607505460901653}, "datetime": {"datetime": "2021-09-22 19:08:35", "elapsed": 41.495752, "delta": 0.388701}}
{"target": -60.17080070641548, "params": {"C": 4607.237083093296, "epsilon": 1.7057733172185197, "gamma": 0.020948215310000712}, "datetime": {"datetime": "2021-09-22 19:08:35", "elapsed": 42.120836, "delta": 0.625084}}
{"target": -155.67884114641632, "params": {"C": 2022.7150142923394, "epsilon": 22.992611554881115, "gamma": 0.062106157684749384}, "datetime": {"datetime": "2021-09-22 19:08:36", "elapsed": 42.624691, "delta": 0.503855}}
{"target": -139.702146195314, "params": {"C": 1476.6625357847365, "epsilon": 4.121338328267532, "gamma": 0.04779131737032224}, "datetime": {"datetime": "2021-09-22 19:08:36", "elapsed": 43.116936, "delta": 0.492245}}
{"target": -192.68898135204245, "params": {"C": 1738.4243804060438, "epsilon": 26.59217126931377, "gamma": 0.0782533245191215}, "datetime": {"datetime": "2021-09-22 19:08:37", "elapsed": 43.617444, "delta": 0.500508}}
{"target": -240.05820182191442, "params": {"C": 2022.732702069684, "epsilon": 22.152615741923697, "gamma": 0.10813111082433444}, "datetime": {"datetime": "2021-09-22 19:08:37", "elapsed": 44.075975, "delta": 0.458531}}
{"target": -144.27968007652342, "params": {"C": 3224.6195022481315, "epsilon": 9.091947920147346, "gamma": 0.0668418846586131}, "datetime": {"datetime": "2021-09-22 19:08:38", "elapsed": 44.667016, "delta": 0.591041}}
{"target": -152.265376810911, "params": {"C": 4473.804887018729, "epsilon": 5.417717440163403, "gamma": 0.07488408263325502}, "datetime": {"datetime": "2021-09-22 19:08:38", "elapsed": 45.367328, "delta": 0.700312}}
{"target": -136.03232557093, "params": {"C": 1894.74508611403, "epsilon": 26.592822804530424, "gamma": 0.0499693475786301}, "datetime": {"datetime": "2021-09-22 19:08:39", "elapsed": 45.784286, "delta": 0.416958}}
{"target": -136.64362353586952, "params": {"C": 3353.5917331230717, "epsilon": 3.1605607533237006, "gamma": 0.06369370943398153}, "datetime": {"datetime": "2021-09-22 19:08:39", "elapsed": 46.400242, "delta": 0.615956}}
{"target": -242.31497774765376, "params": {"C": 1738.55820109202, "epsilon": 26.390069265803383, "gamma": 0.10525388047797778}, "datetime": {"datetime": "2021-09-22 19:08:40", "elapsed": 46.967295, "delta": 0.567053}}
{"target": -302.48328226540724, "params": {"C": 3676.2078628363347, "epsilon": 16.981652639445123, "gamma": 0.14601896545984414}, "datetime": {"datetime": "2021-09-22 19:08:41", "elapsed": 47.456949, "delta": 0.489654}}
{"target": -273.34782023049377, "params": {"C": 3353.3671442430623, "epsilon": 2.9567529043096874, "gamma": 0.1333401412909434}, "datetime": {"datetime": "2021-09-22 19:08:41", "elapsed": 47.989026, "delta": 0.532077}}
{"target": -194.29740573858527, "params": {"C": 1065.9541097053534, "epsilon": 16.028989042372462, "gamma": 0.06641351712327272}, "datetime": {"datetime": "2021-09-22 19:08:41", "elapsed": 48.417579, "delta": 0.428553}}
{"target": -291.6232056503511, "params": {"C": 2857.1013691204325, "epsilon": 29.27820293435051, "gamma": 0.1365171865580157}, "datetime": {"datetime": "2021-09-22 19:08:42", "elapsed": 48.850239, "delta": 0.43266}}
{"target": -108.65358675840957, "params": {"C": 1792.6107516039142, "epsilon": 26.168963407928295, "gamma": 0.0333806979716732}, "datetime": {"datetime": "2021-09-22 19:08:42", "elapsed": 49.278849, "delta": 0.42861}}
{"target": -264.4739728550294, "params": {"C": 4093.026140746266, "epsilon": 16.679483096856387, "gamma": 0.12738354345841835}, "datetime": {"datetime": "2021-09-22 19:08:43", "elapsed": 49.755846, "delta": 0.476997}}
{"target": -121.02930573440929, "params": {"C": 1738.3011769382197, "epsilon": 26.43927667330363, "gamma": 0.04009492000058434}, "datetime": {"datetime": "2021-09-22 19:08:43", "elapsed": 50.186981, "delta": 0.431135}}
{"target": -245.97450739810358, "params": {"C": 1323.0090014640687, "epsilon": 2.297101437224121, "gamma": 0.10102075020215116}, "datetime": {"datetime": "2021-09-22 19:08:44", "elapsed": 50.687971, "delta": 0.50099}}
{"target": -187.00163663481337, "params": {"C": 4688.412270666326, "epsilon": 0.873895355328934, "gamma": 0.09332471197869908}, "datetime": {"datetime": "2021-09-22 19:08:44", "elapsed": 51.422113, "delta": 0.734142}}
{"target": -67.21676590765541, "params": {"C": 2568.0036382603657, "epsilon": 22.049033240287002, "gamma": 0.016565103513441506}, "datetime": {"datetime": "2021-09-22 19:08:45", "elapsed": 51.886863, "delta": 0.46475}}
{"target": -312.4931484826625, "params": {"C": 2023.1081664581743, "epsilon": 22.838333808358296, "gamma": 0.14531874618000698}, "datetime": {"datetime": "2021-09-22 19:08:46", "elapsed": 52.469892, "delta": 0.583029}}
{"target": -100.56341862511502, "params": {"C": 3226.890889633845, "epsilon": 8.792542269182402, "gamma": 0.040880249285496335}, "datetime": {"datetime": "2021-09-22 19:08:46", "elapsed": 53.039875, "delta": 0.569983}}
{"target": -93.33953264300904, "params": {"C": 1476.8267261977776, "epsilon": 3.822747105785914, "gamma": 0.02347837736041533}, "datetime": {"datetime": "2021-09-22 19:08:47", "elapsed": 53.572905, "delta": 0.53303}}
{"target": -180.8727949779656, "params": {"C": 2578.917058050718, "epsilon": 25.437906376785612, "gamma": 0.08061336473530709}, "datetime": {"datetime": "2021-09-22 19:08:47", "elapsed": 54.061518, "delta": 0.488613}}
{"target": -63.54627752959963, "params": {"C": 3676.0524904296954, "epsilon": 15.9830977835049, "gamma": 0.019004844456846123}, "datetime": {"datetime": "2021-09-22 19:08:48", "elapsed": 54.613988, "delta": 0.55247}}
{"target": -286.8634461897825, "params": {"C": 3069.3398073316966, "epsilon": 4.3304886086388015, "gamma": 0.13944387223815272}, "datetime": {"datetime": "2021-09-22 19:08:48", "elapsed": 55.144295, "delta": 0.530307}}
{"target": -121.69407819019867, "params": {"C": 1792.5454337183553, "epsilon": 26.46083221812651, "gamma": 0.04108807311967267}, "datetime": {"datetime": "2021-09-22 19:08:49", "elapsed": 55.747346, "delta": 0.603051}}
{"target": -86.66185255644275, "params": {"C": 3292.761460129477, "epsilon": 16.18994860264309, "gamma": 0.032414654978311884}, "datetime": {"datetime": "2021-09-22 19:08:49", "elapsed": 56.296053, "delta": 0.548707}}
{"target": -297.61166277369307, "params": {"C": 4473.661068429168, "epsilon": 5.285472396934621, "gamma": 0.1464537240034641}, "datetime": {"datetime": "2021-09-22 19:08:50", "elapsed": 57.044871, "delta": 0.748818}}
{"target": -98.21386588859099, "params": {"C": 3224.8038140290596, "epsilon": 8.921279843531387, "gamma": 0.03949603601403635}, "datetime": {"datetime": "2021-09-22 19:08:51", "elapsed": 57.710898, "delta": 0.666027}}
{"target": -114.42740524914399, "params": {"C": 4985.859782721924, "epsilon": 28.668628092798052, "gamma": 0.0504525233042745}, "datetime": {"datetime": "2021-09-22 19:08:51", "elapsed": 58.28942, "delta": 0.578522}}
{"target": -57.805708889331996, "params": {"C": 4751.596228300967, "epsilon": 28.20418352582652, "gamma": 0.015759190727821396}, "datetime": {"datetime": "2021-09-22 19:08:52", "elapsed": 58.913287, "delta": 0.623867}}
{"target": -297.0717246690851, "params": {"C": 1476.5247328923133, "epsilon": 3.8771534965697083, "gamma": 0.13104028837042672}, "datetime": {"datetime": "2021-09-22 19:08:53", "elapsed": 59.495028, "delta": 0.581741}}
{"target": -270.8246384976773, "params": {"C": 3261.175043565116, "epsilon": 24.97458336249232, "gamma": 0.12752661577256738}, "datetime": {"datetime": "2021-09-22 19:08:53", "elapsed": 60.003985, "delta": 0.508957}}
{"target": -234.0136984494489, "params": {"C": 1894.9199850843697, "epsilon": 26.60479735061903, "gamma": 0.10261716230969566}, "datetime": {"datetime": "2021-09-22 19:08:54", "elapsed": 60.589325, "delta": 0.58534}}
{"target": -83.23034626644066, "params": {"C": 4750.641465986101, "epsilon": 5.378874228695104, "gamma": 0.03636716665739155}, "datetime": {"datetime": "2021-09-22 19:08:54", "elapsed": 61.346174, "delta": 0.756849}}
{"target": -115.86475911083392, "params": {"C": 2779.1694309605846, "epsilon": 24.648889651558452, "gamma": 0.04550873853903346}, "datetime": {"datetime": "2021-09-22 19:08:55", "elapsed": 61.88356, "delta": 0.537386}}
{"target": -284.35971928059786, "params": {"C": 2657.812409012061, "epsilon": 22.28224700223962, "gamma": 0.1339795912306992}, "datetime": {"datetime": "2021-09-22 19:08:55", "elapsed": 62.427317, "delta": 0.543757}}
{"target": -156.17286327946027, "params": {"C": 3292.6031537660933, "epsilon": 16.271068621817992, "gamma": 0.07261068734321413}, "datetime": {"datetime": "2021-09-22 19:08:56", "elapsed": 63.077535, "delta": 0.650218}}
{"target": -59.496581023510956, "params": {"C": 3292.405102720218, "epsilon": 16.589778239596676, "gamma": 0.015881305981373814}, "datetime": {"datetime": "2021-09-22 19:08:57", "elapsed": 63.717019, "delta": 0.639484}}
{"target": -100.16826442488768, "params": {"C": 3225.2438330560103, "epsilon": 8.764881513317794, "gamma": 0.04064402138367559}, "datetime": {"datetime": "2021-09-22 19:08:58", "elapsed": 64.477434, "delta": 0.760415}}
{"target": -27.88671703166036, "params": {"C": 4473.9039951947525, "epsilon": 5.8630184788129025, "gamma": 0.004616770897700689}, "datetime": {"datetime": "2021-09-22 19:08:58", "elapsed": 65.073125, "delta": 0.595691}}
{"target": -202.7625014564403, "params": {"C": 4908.547800941757, "epsilon": 7.27743519824465, "gamma": 0.10027472160811168}, "datetime": {"datetime": "2021-09-22 19:08:59", "elapsed": 65.738458, "delta": 0.665333}}
{"target": -311.8928291571189, "params": {"C": 1004.0007485759309, "epsilon": 1.3369247462426836, "gamma": 0.12395364819179501}, "datetime": {"datetime": "2021-09-22 19:08:59", "elapsed": 66.412688, "delta": 0.67423}}
{"target": -68.96909473166342, "params": {"C": 2139.150801567912, "epsilon": 5.042453736402576, "gamma": 0.016758685454329195}, "datetime": {"datetime": "2021-09-22 19:09:00", "elapsed": 67.054462, "delta": 0.641774}}
{"target": -62.8546324438267, "params": {"C": 2778.995270535164, "epsilon": 24.505078926305888, "gamma": 0.014584626812895407}, "datetime": {"datetime": "2021-09-22 19:09:01", "elapsed": 67.614297, "delta": 0.559835}}
{"target": -104.45573996531049, "params": {"C": 3836.14393934479, "epsilon": 12.080959993946436, "gamma": 0.04584030243914459}, "datetime": {"datetime": "2021-09-22 19:09:01", "elapsed": 68.259441, "delta": 0.645144}}
{"target": -134.61736385144678, "params": {"C": 3227.2926993394353, "epsilon": 8.6617404192556, "gamma": 0.06138213145910899}, "datetime": {"datetime": "2021-09-22 19:09:02", "elapsed": 69.038699, "delta": 0.779258}}
{"target": -63.78081719003219, "params": {"C": 3764.988869446642, "epsilon": 9.278896384119067, "gamma": 0.02047246376906886}, "datetime": {"datetime": "2021-09-22 19:09:03", "elapsed": 69.644671, "delta": 0.605972}}
{"target": -99.17679807054739, "params": {"C": 2946.6885223707654, "epsilon": 6.610827246007058, "gamma": 0.03879206892645651}, "datetime": {"datetime": "2021-09-22 19:09:03", "elapsed": 70.286997, "delta": 0.642326}}
{"target": -69.44364285584844, "params": {"C": 4985.748939470926, "epsilon": 28.92226496867166, "gamma": 0.02330518293913336}, "datetime": {"datetime": "2021-09-22 19:09:04", "elapsed": 70.98887, "delta": 0.701873}}
{"target": -245.65406562068927, "params": {"C": 1952.2032650278013, "epsilon": 20.788964336622634, "gamma": 0.1105995014415771}, "datetime": {"datetime": "2021-09-22 19:09:05", "elapsed": 71.557715, "delta": 0.568845}}
{"target": -219.36318130137767, "params": {"C": 1860.672855948821, "epsilon": 7.106554870950447, "gamma": 0.09684196464975105}, "datetime": {"datetime": "2021-09-22 19:09:05", "elapsed": 72.176122, "delta": 0.618407}}
{"target": -151.4609546389748, "params": {"C": 1477.8528631178851, "epsilon": 4.369010851597296, "gamma": 0.054043031863062564}, "datetime": {"datetime": "2021-09-22 19:09:06", "elapsed": 72.829662, "delta": 0.65354}}
{"target": -118.65709801255827, "params": {"C": 3330.039362417657, "epsilon": 24.824797279485527, "gamma": 0.05066904278822847}, "datetime": {"datetime": "2021-09-22 19:09:06", "elapsed": 73.43651, "delta": 0.606848}}
{"target": -289.9387093946212, "params": {"C": 3520.5005111984597, "epsilon": 3.1278407382358235, "gamma": 0.14161976666242532}, "datetime": {"datetime": "2021-09-22 19:09:07", "elapsed": 74.219508, "delta": 0.782998}}
{"target": -104.10831309641141, "params": {"C": 2476.9890138852343, "epsilon": 9.338833186591232, "gamma": 0.03904737477144395}, "datetime": {"datetime": "2021-09-22 19:09:08", "elapsed": 74.851953, "delta": 0.632445}}
{"target": -261.0170818659516, "params": {"C": 2636.750020988278, "epsilon": 4.424936667411008, "gamma": 0.1258605888201834}, "datetime": {"datetime": "2021-09-22 19:09:09", "elapsed": 75.512111, "delta": 0.660158}}
{"target": -309.1886636170003, "params": {"C": 2895.4869246059807, "epsilon": 25.020058659658446, "gamma": 0.14667725936395307}, "datetime": {"datetime": "2021-09-22 19:09:09", "elapsed": 76.070091, "delta": 0.55798}}
{"target": -146.19131230967062, "params": {"C": 4379.021477890226, "epsilon": 4.514219013215698, "gamma": 0.07178790227841021}, "datetime": {"datetime": "2021-09-22 19:09:10", "elapsed": 76.866325, "delta": 0.796234}}
{"target": -298.09979896692204, "params": {"C": 3226.96726287181, "epsilon": 8.535922111626705, "gamma": 0.14467008745185933}, "datetime": {"datetime": "2021-09-22 19:09:11", "elapsed": 77.544937, "delta": 0.678612}}
{"target": -163.75117711728512, "params": {"C": 4473.679630828457, "epsilon": 5.682766934671835, "gamma": 0.08075964471864384}, "datetime": {"datetime": "2021-09-22 19:09:11", "elapsed": 78.357147, "delta": 0.81221}}
{"target": -73.24972027962002, "params": {"C": 2342.3161174036777, "epsilon": 7.051405671367427, "gamma": 0.020518210950733157}, "datetime": {"datetime": "2021-09-22 19:09:12", "elapsed": 78.939081, "delta": 0.581934}}
{"target": -215.41338745281703, "params": {"C": 4688.159099613169, "epsilon": 0.9054501016663377, "gamma": 0.10733887770554279}, "datetime": {"datetime": "2021-09-22 19:09:13", "elapsed": 79.80309, "delta": 0.864009}}
{"target": -232.1565158111397, "params": {"C": 4750.78005662466, "epsilon": 28.21191319678465, "gamma": 0.10939421681986615}, "datetime": {"datetime": "2021-09-22 19:09:13", "elapsed": 80.419816, "delta": 0.616726}}
{"target": -292.74822984691787, "params": {"C": 2779.164688525517, "epsilon": 24.418117555395416, "gamma": 0.13799949174847687}, "datetime": {"datetime": "2021-09-22 19:09:14", "elapsed": 81.074999, "delta": 0.655183}}
{"target": -73.14275747426917, "params": {"C": 1738.4614771403626, "epsilon": 26.17592938545855, "gamma": 0.013652850570503534}, "datetime": {"datetime": "2021-09-22 19:09:15", "elapsed": 81.757863, "delta": 0.682864}}
{"target": -64.57463777804959, "params": {"C": 4751.274015727862, "epsilon": 28.290679345203845, "gamma": 0.019958820055744165}, "datetime": {"datetime": "2021-09-22 19:09:16", "elapsed": 82.557131, "delta": 0.799268}}
{"target": -211.99465881045035, "params": {"C": 1621.9429264815071, "epsilon": 6.0814446951337064, "gamma": 0.08920611476147793}, "datetime": {"datetime": "2021-09-22 19:09:16", "elapsed": 83.244681, "delta": 0.68755}}
{"target": -92.94787477393015, "params": {"C": 1451.2138011087063, "epsilon": 28.5887396018552, "gamma": 0.020383766845595362}, "datetime": {"datetime": "2021-09-22 19:09:17", "elapsed": 83.899299, "delta": 0.654618}}
{"target": -91.54469298030573, "params": {"C": 956.9278842195076, "epsilon": 22.404133438710456, "gamma": 0.013942357995701638}, "datetime": {"datetime": "2021-09-22 19:09:18", "elapsed": 84.476772, "delta": 0.577473}}
{"target": -168.12051818408682, "params": {"C": 2946.334274104137, "epsilon": 6.680655892644824, "gamma": 0.07876421716086997}, "datetime": {"datetime": "2021-09-22 19:09:19", "elapsed": 85.558176, "delta": 1.081404}}
{"target": -237.50478768377587, "params": {"C": 4985.674037533117, "epsilon": 28.964628633197172, "gamma": 0.11200621706469314}, "datetime": {"datetime": "2021-09-22 19:09:19", "elapsed": 86.235034, "delta": 0.676858}}
{"target": -135.5816434171102, "params": {"C": 2289.804899596834, "epsilon": 9.541036464966535, "gamma": 0.055107561500506635}, "datetime": {"datetime": "2021-09-22 19:09:20", "elapsed": 86.914114, "delta": 0.67908}}
{"target": -114.20666651642324, "params": {"C": 1253.6514491670316, "epsilon": 16.58789004566295, "gamma": 0.02987324662661688}, "datetime": {"datetime": "2021-09-22 19:09:21", "elapsed": 87.767601, "delta": 0.853487}}
{"target": -135.4050329279597, "params": {"C": 2023.7963099454391, "epsilon": 22.806561837458386, "gamma": 0.05140014455094505}, "datetime": {"datetime": "2021-09-22 19:09:21", "elapsed": 88.442781, "delta": 0.67518}}
{"target": -99.78581337316874, "params": {"C": 3227.1263279904947, "epsilon": 8.889144861852447, "gamma": 0.04041889093504304}, "datetime": {"datetime": "2021-09-22 19:09:22", "elapsed": 89.307514, "delta": 0.864733}}
{"target": -179.75338117278022, "params": {"C": 3009.0398028230106, "epsilon": 2.121211037031281, "gamma": 0.08583975917258213}, "datetime": {"datetime": "2021-09-22 19:09:23", "elapsed": 90.075441, "delta": 0.767927}}
