{"target": -54.71408132185847, "params": {"C": 13973.652577719418, "epsilon": 3.049439820573317, "gamma": 0.009900324354141026}, "datetime": {"datetime": "2021-09-22 20:38:30", "elapsed": 40.784721, "delta": 0.910602}}
{"target": -40.64998553975678, "params": {"C": 14586.575924797395, "epsilon": 3.0642871554837634, "gamma": 0.007260632697516322}, "datetime": {"datetime": "2021-09-22 20:38:31", "elapsed": 41.683831, "delta": 0.89911}}
{"target": -155.33480638452303, "params": {"C": 14931.945535038676, "epsilon": 25.877670661974463, "gamma": 0.02729985525558921}, "datetime": {"datetime": "2021-09-22 20:38:31", "elapsed": 42.055467, "delta": 0.371636}}
{"target": -250.36978124070666, "params": {"C": 17234.440358460255, "epsilon": 12.934879670318407, "gamma": 0.04393561405225339}, "datetime": {"datetime": "2021-09-22 20:38:31", "elapsed": 42.403552, "delta": 0.348085}}
{"target": -139.04192829999172, "params": {"C": 8820.694767367368, "epsilon": 25.43464929354821, "gamma": 0.024389123394620175}, "datetime": {"datetime": "2021-09-22 20:38:32", "elapsed": 42.832043, "delta": 0.428491}}
{"target": -265.295632546708, "params": {"C": 8066.560030411178, "epsilon": 25.689767785511386, "gamma": 0.0459469100683029}, "datetime": {"datetime": "2021-09-22 20:38:32", "elapsed": 43.244954, "delta": 0.412911}}
{"target": -181.44490736220678, "params": {"C": 12053.409767599647, "epsilon": 13.181771009908124, "gamma": 0.03238148237456261}, "datetime": {"datetime": "2021-09-22 20:38:33", "elapsed": 43.709243, "delta": 0.464289}}
{"target": -186.3231342378208, "params": {"C": 13971.86223435543, "epsilon": 3.369321366853807, "gamma": 0.033631485542481215}, "datetime": {"datetime": "2021-09-22 20:38:33", "elapsed": 44.17026, "delta": 0.461017}}
{"target": -44.07532214188511, "params": {"C": 9424.29924578654, "epsilon": 0.35431942799248783, "gamma": 0.00787218170248145}, "datetime": {"datetime": "2021-09-22 20:38:34", "elapsed": 45.220354, "delta": 1.050094}}
{"target": -250.4274089050159, "params": {"C": 5999.005348966107, "epsilon": 14.817944756152507, "gamma": 0.043824614012566154}, "datetime": {"datetime": "2021-09-22 20:38:35", "elapsed": 45.658626, "delta": 0.438272}}
{"target": -249.0901901840225, "params": {"C": 5844.465133898699, "epsilon": 20.23306138592748, "gamma": 0.04340838973558104}, "datetime": {"datetime": "2021-09-22 20:38:35", "elapsed": 46.152628, "delta": 0.494002}}
{"target": -145.69362858069326, "params": {"C": 10849.712714172572, "epsilon": 1.2673791005706176, "gamma": 0.026903780033975633}, "datetime": {"datetime": "2021-09-22 20:38:36", "elapsed": 46.89663, "delta": 0.744002}}
{"target": -45.34631747512816, "params": {"C": 10850.643382456576, "epsilon": 0.37994266120490827, "gamma": 0.008174712670479239}, "datetime": {"datetime": "2021-09-22 20:38:37", "elapsed": 47.98774, "delta": 1.09111}}
{"target": -42.102735290458945, "params": {"C": 12421.309024260314, "epsilon": 26.583737755204552, "gamma": 0.005993624478705628}, "datetime": {"datetime": "2021-09-22 20:38:37", "elapsed": 48.56274, "delta": 0.575}}
{"target": -87.23823043834092, "params": {"C": 10862.121483588853, "epsilon": 5.543091110064702, "gamma": 0.0158681006281566}, "datetime": {"datetime": "2021-09-22 20:38:38", "elapsed": 49.267733, "delta": 0.704993}}
{"target": -86.64441685538316, "params": {"C": 9110.271760495343, "epsilon": 22.47941561026411, "gamma": 0.014613877296953738}, "datetime": {"datetime": "2021-09-22 20:38:39", "elapsed": 49.818631, "delta": 0.550898}}
{"target": -192.14720685776814, "params": {"C": 16682.274131804206, "epsilon": 28.35865800480149, "gamma": 0.03349317462944268}, "datetime": {"datetime": "2021-09-22 20:38:39", "elapsed": 50.266631, "delta": 0.448}}
{"target": -130.61037732282514, "params": {"C": 8066.369100794125, "epsilon": 26.472778105109537, "gamma": 0.022786973114177416}, "datetime": {"datetime": "2021-09-22 20:38:40", "elapsed": 50.762639, "delta": 0.496008}}
{"target": -40.64508150331767, "params": {"C": 18859.476130024756, "epsilon": 0.7571372871596778, "gamma": 0.007368674950976446}, "datetime": {"datetime": "2021-09-22 20:38:41", "elapsed": 51.913628, "delta": 1.150989}}
{"target": -40.9449449244778, "params": {"C": 7641.9751525314805, "epsilon": 5.950016116731373, "gamma": 0.007001439748315385}, "datetime": {"datetime": "2021-09-22 20:38:41", "elapsed": 52.585638, "delta": 0.67201}}
{"target": -37.71304300146575, "params": {"C": 18563.062499121814, "epsilon": 1.7057733172185197, "gamma": 0.006780643919255272}, "datetime": {"datetime": "2021-09-22 20:38:43", "elapsed": 53.654634, "delta": 1.068996}}
{"target": -108.85794816426365, "params": {"C": 13513.137544833598, "epsilon": 9.771981769921863, "gamma": 0.019834558385013332}, "datetime": {"datetime": "2021-09-22 20:38:43", "elapsed": 54.263635, "delta": 0.609001}}
{"target": -192.39304544233238, "params": {"C": 19139.89530285338, "epsilon": 15.75421024602936, "gamma": 0.03409312458724423}, "datetime": {"datetime": "2021-09-22 20:38:44", "elapsed": 54.685675, "delta": 0.42204}}
{"target": -210.1291075010253, "params": {"C": 15080.46633653734, "epsilon": 6.143553030294305, "gamma": 0.03747077820681726}, "datetime": {"datetime": "2021-09-22 20:38:44", "elapsed": 55.154669, "delta": 0.468994}}
{"target": -132.91835365769361, "params": {"C": 10860.884020347867, "epsilon": 4.90756713395331, "gamma": 0.024468027974439387}, "datetime": {"datetime": "2021-09-22 20:38:45", "elapsed": 55.707307, "delta": 0.552638}}
{"target": -121.28648892263875, "params": {"C": 13504.70549602975, "epsilon": 9.091947920147346, "gamma": 0.022150402982985193}, "datetime": {"datetime": "2021-09-22 20:38:45", "elapsed": 56.228312, "delta": 0.521005}}
{"target": -154.8831861624987, "params": {"C": 8260.629970574404, "epsilon": 9.094340536609796, "gamma": 0.02800341605349109}, "datetime": {"datetime": "2021-09-22 20:38:46", "elapsed": 56.75373, "delta": 0.525418}}
{"target": -97.63183125870079, "params": {"C": 8639.311290661086, "epsilon": 26.592822804530424, "gamma": 0.016499801638749274}, "datetime": {"datetime": "2021-09-22 20:38:46", "elapsed": 57.24014, "delta": 0.48641}}
{"target": -113.65204925260878, "params": {"C": 13976.55512118197, "epsilon": 3.1605607533237006, "gamma": 0.021096081213125357}, "datetime": {"datetime": "2021-09-22 20:38:47", "elapsed": 57.84914, "delta": 0.609}}
{"target": -273.3875836617078, "params": {"C": 19287.26056415441, "epsilon": 7.70877003656757, "gamma": 0.04800378044641638}, "datetime": {"datetime": "2021-09-22 20:38:47", "elapsed": 58.343184, "delta": 0.494044}}
{"target": -267.1437568146637, "params": {"C": 11554.6987258673, "epsilon": 5.193846580660048, "gamma": 0.0470558569236162}, "datetime": {"datetime": "2021-09-22 20:38:48", "elapsed": 58.839486, "delta": 0.496302}}
{"target": -250.95549847587523, "params": {"C": 13975.73345454779, "epsilon": 2.9567529043096874, "gamma": 0.04442062449945018}, "datetime": {"datetime": "2021-09-22 20:38:48", "elapsed": 59.345023, "delta": 0.505537}}
{"target": -124.85647445432329, "params": {"C": 5607.149181848854, "epsilon": 16.028989042372462, "gamma": 0.022006942982894687}, "datetime": {"datetime": "2021-09-22 20:38:49", "elapsed": 59.830867, "delta": 0.485844}}
{"target": -263.5617822709244, "params": {"C": 12160.126960196703, "epsilon": 29.27820293435051, "gamma": 0.045484614827147545}, "datetime": {"datetime": "2021-09-22 20:38:49", "elapsed": 60.266824, "delta": 0.435957}}
{"target": -33.1500013382833, "params": {"C": 9535.624620908522, "epsilon": 5.395937830624372, "gamma": 0.005585981873322938}, "datetime": {"datetime": "2021-09-22 20:38:50", "elapsed": 61.113826, "delta": 0.847002}}
{"target": -94.0347668115616, "params": {"C": 19090.31454769851, "epsilon": 28.73216430871409, "gamma": 0.015668875618546935}, "datetime": {"datetime": "2021-09-22 20:38:51", "elapsed": 61.620093, "delta": 0.506267}}
{"target": -65.77960669041816, "params": {"C": 6796.236796457935, "epsilon": 25.809323199132315, "gamma": 0.010309818579293256}, "datetime": {"datetime": "2021-09-22 20:38:51", "elapsed": 62.150092, "delta": 0.529999}}
{"target": -186.92124341961622, "params": {"C": 6547.593907795373, "epsilon": 2.297101437224121, "gamma": 0.033596882114680156}, "datetime": {"datetime": "2021-09-22 20:38:52", "elapsed": 62.712432, "delta": 0.56234}}
{"target": -169.78493401932872, "params": {"C": 18860.04489268168, "epsilon": 0.873895355328934, "gamma": 0.031019484078772377}, "datetime": {"datetime": "2021-09-22 20:38:52", "elapsed": 63.325592, "delta": 0.61316}}
{"target": -36.93854952711411, "params": {"C": 11102.452335098898, "epsilon": 22.049033240287002, "gamma": 0.005312742720273364}, "datetime": {"datetime": "2021-09-22 20:38:53", "elapsed": 63.822461, "delta": 0.496869}}
{"target": -89.80220079681251, "params": {"C": 9535.423365255843, "epsilon": 5.641082664061889, "gamma": 0.01633392144108936}, "datetime": {"datetime": "2021-09-22 20:38:53", "elapsed": 64.446368, "delta": 0.623907}}
{"target": -170.74791689193, "params": {"C": 8963.632339988086, "epsilon": 14.843160091584803, "gamma": 0.03048930346850975}, "datetime": {"datetime": "2021-09-22 20:38:54", "elapsed": 64.926452, "delta": 0.480084}}
{"target": -106.12462727064114, "params": {"C": 6795.818576680601, "epsilon": 25.71305833065437, "gamma": 0.018150250446267762}, "datetime": {"datetime": "2021-09-22 20:38:54", "elapsed": 65.483721, "delta": 0.557269}}
{"target": -152.1868009812551, "params": {"C": 11142.37948067336, "epsilon": 25.437906376785612, "gamma": 0.026762462418065933}, "datetime": {"datetime": "2021-09-22 20:38:55", "elapsed": 65.955456, "delta": 0.471735}}
{"target": -39.56694152149733, "params": {"C": 15156.289599133032, "epsilon": 15.9830977835049, "gamma": 0.006129810324809541}, "datetime": {"datetime": "2021-09-22 20:38:56", "elapsed": 66.65812, "delta": 0.702664}}
{"target": -263.39078278557446, "params": {"C": 12936.609051213523, "epsilon": 4.3304886086388015, "gamma": 0.04646475989720685}, "datetime": {"datetime": "2021-09-22 20:38:56", "elapsed": 67.128303, "delta": 0.470183}}
{"target": -173.50404224155525, "params": {"C": 16924.568074864095, "epsilon": 15.772234824831, "gamma": 0.03091809662996329}, "datetime": {"datetime": "2021-09-22 20:38:56", "elapsed": 67.603302, "delta": 0.474999}}
{"target": -63.51974774448191, "params": {"C": 13754.00534193711, "epsilon": 16.18994860264309, "gamma": 0.01062074686857559}, "datetime": {"datetime": "2021-09-22 20:38:57", "elapsed": 68.200128, "delta": 0.596826}}
{"target": -58.250389108824876, "params": {"C": 5632.527333668338, "epsilon": 3.728257598693214, "gamma": 0.010289221431570472}, "datetime": {"datetime": "2021-09-22 20:38:58", "elapsed": 68.832232, "delta": 0.632104}}
{"target": -202.98381082946554, "params": {"C": 8819.723632783935, "epsilon": 24.92356133319303, "gamma": 0.03546361692035649}, "datetime": {"datetime": "2021-09-22 20:38:58", "elapsed": 69.327591, "delta": 0.495359}}
{"target": -99.06645725997927, "params": {"C": 19948.26749776314, "epsilon": 28.668628092798052, "gamma": 0.016661616864988574}, "datetime": {"datetime": "2021-09-22 20:38:59", "elapsed": 69.849208, "delta": 0.521617}}
{"target": -47.97463875080338, "params": {"C": 11553.482348641368, "epsilon": 6.402717601363049, "gamma": 0.008414738119329327}, "datetime": {"datetime": "2021-09-22 20:39:00", "elapsed": 70.66971, "delta": 0.820502}}
{"target": -149.99960743928636, "params": {"C": 12420.82915892401, "epsilon": 26.022790885570785, "gamma": 0.02635041432227102}, "datetime": {"datetime": "2021-09-22 20:39:00", "elapsed": 71.248284, "delta": 0.578574}}
{"target": -27.683413269491563, "params": {"C": 7794.5111301059405, "epsilon": 10.74181249823418, "gamma": 0.004121123011987699}, "datetime": {"datetime": "2021-09-22 20:39:01", "elapsed": 71.95444, "delta": 0.706156}}
{"target": -164.35327542488852, "params": {"C": 17507.83287478514, "epsilon": 3.688914941635165, "gamma": 0.029990972709712328}, "datetime": {"datetime": "2021-09-22 20:39:01", "elapsed": 72.537063, "delta": 0.582623}}
{"target": -66.14736818993563, "params": {"C": 19087.712680436955, "epsilon": 5.378874228695104, "gamma": 0.01194444037720697}, "datetime": {"datetime": "2021-09-22 20:39:02", "elapsed": 73.28732, "delta": 0.750257}}
{"target": -89.23167947161019, "params": {"C": 11875.010113270431, "epsilon": 24.648889651558452, "gamma": 0.015005946665085701}, "datetime": {"datetime": "2021-09-22 20:39:03", "elapsed": 73.86421, "delta": 0.57689}}
{"target": -256.6595860529185, "params": {"C": 11431.021008580708, "epsilon": 22.28224700223962, "gamma": 0.044634775855113364}, "datetime": {"datetime": "2021-09-22 20:39:03", "elapsed": 74.368171, "delta": 0.503961}}
{"target": -264.9220781521245, "params": {"C": 13973.305264628196, "epsilon": 2.2702241476944063, "gamma": 0.04679760107838863}, "datetime": {"datetime": "2021-09-22 20:39:04", "elapsed": 75.000319, "delta": 0.632148}}
{"target": -34.750649618570776, "params": {"C": 12851.320217102984, "epsilon": 0.501032838138522, "gamma": 0.006171179184590601}, "datetime": {"datetime": "2021-09-22 20:39:05", "elapsed": 76.075455, "delta": 1.075136}}
{"target": -133.92631494555334, "params": {"C": 8274.60782267587, "epsilon": 22.96029213375018, "gamma": 0.023576796029065386}, "datetime": {"datetime": "2021-09-22 20:39:05", "elapsed": 76.610554, "delta": 0.535099}}
{"target": -57.43918327595413, "params": {"C": 8820.825270766198, "epsilon": 25.751499271830234, "gamma": 0.008861453480157348}, "datetime": {"datetime": "2021-09-22 20:39:06", "elapsed": 77.216619, "delta": 0.606065}}
{"target": -111.3501655571364, "params": {"C": 7793.353564425914, "epsilon": 10.1724754152033, "gamma": 0.02006433026970113}, "datetime": {"datetime": "2021-09-22 20:39:07", "elapsed": 77.876695, "delta": 0.660076}}
{"target": -233.44839619571385, "params": {"C": 5380.490543570479, "epsilon": 1.3369247462426836, "gamma": 0.04127709426020518}, "datetime": {"datetime": "2021-09-22 20:39:07", "elapsed": 78.5713, "delta": 0.694605}}
{"target": -152.07729474864075, "params": {"C": 10850.6451281132, "epsilon": 1.426264956337872, "gamma": 0.028013954413526627}, "datetime": {"datetime": "2021-09-22 20:39:08", "elapsed": 79.288631, "delta": 0.717331}}
{"target": -34.24989526861041, "params": {"C": 11874.372940982306, "epsilon": 24.505078926305888, "gamma": 0.004649482402439469}, "datetime": {"datetime": "2021-09-22 20:39:09", "elapsed": 79.916687, "delta": 0.628056}}
{"target": -84.8236974896412, "params": {"C": 15741.990021993133, "epsilon": 12.080959993946436, "gamma": 0.01511698719270681}, "datetime": {"datetime": "2021-09-22 20:39:09", "elapsed": 80.569908, "delta": 0.653221}}
{"target": -162.59271539121374, "params": {"C": 12339.582026424036, "epsilon": 1.3605603656267733, "gamma": 0.0298125941373814}, "datetime": {"datetime": "2021-09-22 20:39:10", "elapsed": 81.144959, "delta": 0.575051}}
{"target": -39.646766135702144, "params": {"C": 15481.666595536495, "epsilon": 9.278896384119067, "gamma": 0.006621315047493532}, "datetime": {"datetime": "2021-09-22 20:39:11", "elapsed": 82.135762, "delta": 0.990803}}
{"target": -70.99119265845918, "params": {"C": 12487.884837941825, "epsilon": 6.610827246007058, "gamma": 0.012756538519665636}, "datetime": {"datetime": "2021-09-22 20:39:12", "elapsed": 82.853268, "delta": 0.717506}}
{"target": -82.2094552016317, "params": {"C": 11094.21475698612, "epsilon": 18.54372464944147, "gamma": 0.014065395333119084}, "datetime": {"datetime": "2021-09-22 20:39:12", "elapsed": 83.452582, "delta": 0.599314}}
{"target": -209.84090789155923, "params": {"C": 8849.524140345615, "epsilon": 20.788964336622634, "gamma": 0.0368047994760718}, "datetime": {"datetime": "2021-09-22 20:39:13", "elapsed": 83.987404, "delta": 0.534822}}
{"target": -51.623817776459916, "params": {"C": 13753.668275860742, "epsilon": 16.146404238301525, "gamma": 0.00836203307007327}, "datetime": {"datetime": "2021-09-22 20:39:14", "elapsed": 84.786544, "delta": 0.79914}}
{"target": -132.7080701645767, "params": {"C": 16442.13431600218, "epsilon": 14.467276093491153, "gamma": 0.02387094195544981}, "datetime": {"datetime": "2021-09-22 20:39:14", "elapsed": 85.460738, "delta": 0.674194}}
{"target": -97.93259077070407, "params": {"C": 13890.38791128411, "epsilon": 24.824797279485527, "gamma": 0.01673412909484967}, "datetime": {"datetime": "2021-09-22 20:39:15", "elapsed": 86.064207, "delta": 0.603469}}
{"target": -40.18685781605052, "params": {"C": 14209.527312572854, "epsilon": 7.079950376654213, "gamma": 0.006917209325157139}, "datetime": {"datetime": "2021-09-22 20:39:16", "elapsed": 86.970873, "delta": 0.906666}}
{"target": -72.22398651640113, "params": {"C": 10769.47200201915, "epsilon": 9.338833186591232, "gamma": 0.012842040275805726}, "datetime": {"datetime": "2021-09-22 20:39:17", "elapsed": 87.663058, "delta": 0.692185}}
{"target": -236.46548359100484, "params": {"C": 11353.963491420527, "epsilon": 4.424936667411008, "gamma": 0.04191572739682652}, "datetime": {"datetime": "2021-09-22 20:39:17", "elapsed": 88.235953, "delta": 0.572895}}
{"target": -282.5598722321816, "params": {"C": 12300.561919290174, "epsilon": 25.020058659658446, "gamma": 0.04888721639101516}, "datetime": {"datetime": "2021-09-22 20:39:18", "elapsed": 88.769984, "delta": 0.534031}}
{"target": -128.6702080388039, "params": {"C": 17728.127358134974, "epsilon": 4.514219013215698, "gamma": 0.023806820964380335}, "datetime": {"datetime": "2021-09-22 20:39:18", "elapsed": 89.456189, "delta": 0.686205}}
{"target": -258.2779788583251, "params": {"C": 15157.25522805527, "epsilon": 16.2996028589164, "gamma": 0.04513627215607302}, "datetime": {"datetime": "2021-09-22 20:39:19", "elapsed": 90.084541, "delta": 0.628352}}
{"target": -213.6453223769545, "params": {"C": 11553.327086651076, "epsilon": 5.992392225688399, "gamma": 0.03806231899907145}, "datetime": {"datetime": "2021-09-22 20:39:20", "elapsed": 90.754449, "delta": 0.669908}}
{"target": -39.074433817887325, "params": {"C": 10276.766283184186, "epsilon": 7.051405671367427, "gamma": 0.006636635747930098}, "datetime": {"datetime": "2021-09-22 20:39:20", "elapsed": 91.590446, "delta": 0.835997}}
{"target": -226.26827453385368, "params": {"C": 13817.296971060432, "epsilon": 16.015539738407153, "gamma": 0.03977617675780175}, "datetime": {"datetime": "2021-09-22 20:39:21", "elapsed": 92.161725, "delta": 0.571279}}
{"target": -144.8235810462797, "params": {"C": 15482.38416664805, "epsilon": 9.689008399934474, "gamma": 0.026336336364110365}, "datetime": {"datetime": "2021-09-22 20:39:22", "elapsed": 92.845636, "delta": 0.683911}}
{"target": -265.16629983555816, "params": {"C": 11874.992762898233, "epsilon": 24.418117555395416, "gamma": 0.045981037840597296}, "datetime": {"datetime": "2021-09-22 20:39:22", "elapsed": 93.490972, "delta": 0.645336}}
{"target": -277.0601283960347, "params": {"C": 11094.609123385884, "epsilon": 18.49423794574554, "gamma": 0.048231204299519374}, "datetime": {"datetime": "2021-09-22 20:39:23", "elapsed": 94.139323, "delta": 0.648351}}
{"target": -281.4375918323976, "params": {"C": 13513.426525508972, "epsilon": 8.451579043969055, "gamma": 0.04933177760261582}, "datetime": {"datetime": "2021-09-22 20:39:24", "elapsed": 94.698118, "delta": 0.558795}}
{"target": -37.37582628363493, "params": {"C": 19090.458092937097, "epsilon": 28.922219845828124, "gamma": 0.00492195938946727}, "datetime": {"datetime": "2021-09-22 20:39:24", "elapsed": 95.39536, "delta": 0.697242}}
{"target": -46.54927589481491, "params": {"C": 7016.635857714779, "epsilon": 28.5887396018552, "gamma": 0.006591610507350394}, "datetime": {"datetime": "2021-09-22 20:39:25", "elapsed": 96.143364, "delta": 0.748004}}
{"target": -35.626915831523235, "params": {"C": 5208.27274714454, "epsilon": 22.404133438710456, "gamma": 0.004434387006614173}, "datetime": {"datetime": "2021-09-22 20:39:26", "elapsed": 96.749777, "delta": 0.606413}}
{"target": -289.6345997433116, "params": {"C": 12421.088901921794, "epsilon": 26.699992561284592, "gamma": 0.04999390456945968}, "datetime": {"datetime": "2021-09-22 20:39:26", "elapsed": 97.326566, "delta": 0.576789}}
{"target": -103.0405705126139, "params": {"C": 8274.26617084683, "epsilon": 23.44344463343249, "gamma": 0.017785094713554057}, "datetime": {"datetime": "2021-09-22 20:39:27", "elapsed": 98.073512, "delta": 0.746946}}
{"target": -100.7422123510326, "params": {"C": 10084.652071695735, "epsilon": 9.541036464966535, "gamma": 0.018220586032720008}, "datetime": {"datetime": "2021-09-22 20:39:28", "elapsed": 98.79091, "delta": 0.717398}}
{"target": -60.0332998683015, "params": {"C": 6293.846765245237, "epsilon": 16.58789004566295, "gamma": 0.009769630917236122}, "datetime": {"datetime": "2021-09-22 20:39:28", "elapsed": 99.532224, "delta": 0.741314}}
{"target": -121.36621083243412, "params": {"C": 8639.507715681812, "epsilon": 26.256907654355874, "gamma": 0.021083718162073353}, "datetime": {"datetime": "2021-09-22 20:39:29", "elapsed": 100.285479, "delta": 0.753255}}
{"target": -19.52251530211994, "params": {"C": 13976.487260373444, "epsilon": 4.087284601051986, "gamma": 0.0031142163589835906}, "datetime": {"datetime": "2021-09-22 20:39:31", "elapsed": 101.625199, "delta": 1.33972}}
{"target": -155.1488231713119, "params": {"C": 12715.99927862077, "epsilon": 2.121211037031281, "gamma": 0.02851277840746207}, "datetime": {"datetime": "2021-09-22 20:39:31", "elapsed": 102.292608, "delta": 0.667409}}
{"target": -24.96222662711301, "params": {"C": 9924.429933289302, "epsilon": 12.599740225057712, "gamma": 0.003650034712516117}, "datetime": {"datetime": "2021-09-22 20:39:32", "elapsed": 103.064155, "delta": 0.771547}}
{"target": -90.65814857864247, "params": {"C": 6922.772230130016, "epsilon": 1.1759782178178242, "gamma": 0.016639025197122344}, "datetime": {"datetime": "2021-09-22 20:39:33", "elapsed": 103.873937, "delta": 0.809782}}
