{"target": -1152.3800587154826, "params": {"C": 4686.861561334733, "epsilon": 6.525478708543296, "gamma": 0.23862702254359336}, "datetime": {"datetime": "2021-09-22 20:16:53", "elapsed": 82.015031, "delta": 0.602827}}
{"target": -146.09515466795807, "params": {"C": 12279.671091764123, "epsilon": 7.654121365727905, "gamma": 0.026667673802004924}, "datetime": {"datetime": "2021-09-22 20:16:54", "elapsed": 82.944088, "delta": 0.929057}}
{"target": -1341.42339025774, "params": {"C": 19502.600934497048, "epsilon": 14.204794435241073, "gamma": 0.34960505607399417}, "datetime": {"datetime": "2021-09-22 20:16:54", "elapsed": 83.591453, "delta": 0.647365}}
{"target": -1045.2942046528506, "params": {"C": 5478.175718830749, "epsilon": 20.746622363551854, "gamma": 0.201414805850496}, "datetime": {"datetime": "2021-09-22 20:16:55", "elapsed": 84.353286, "delta": 0.761833}}
{"target": -1297.8261727128083, "params": {"C": 4053.9249298379846, "epsilon": 15.106879537237777, "gamma": 0.314858557392609}, "datetime": {"datetime": "2021-09-22 20:16:56", "elapsed": 85.012622, "delta": 0.659336}}
{"target": -429.2857586713295, "params": {"C": 6243.8315524901345, "epsilon": 24.120583653538134, "gamma": 0.07616209847090853}, "datetime": {"datetime": "2021-09-22 20:16:56", "elapsed": 85.659576, "delta": 0.646954}}
{"target": -1223.4406656168749, "params": {"C": 18785.961109135453, "epsilon": 28.97191093269066, "gamma": 0.2692492713754575}, "datetime": {"datetime": "2021-09-22 20:16:57", "elapsed": 86.474262, "delta": 0.814686}}
{"target": -951.4653653178908, "params": {"C": 9468.630324142783, "epsilon": 19.959098387932585, "gamma": 0.17616029073657805}, "datetime": {"datetime": "2021-09-22 20:16:58", "elapsed": 87.141225, "delta": 0.666963}}
{"target": -1327.5019432799197, "params": {"C": 12279.673448590822, "epsilon": 7.198292684475499, "gamma": 0.33838474128328083}, "datetime": {"datetime": "2021-09-22 20:16:59", "elapsed": 87.936435, "delta": 0.79521}}
{"target": -1408.7689736068185, "params": {"C": 16635.646893068493, "epsilon": 15.648481664696897, "gamma": 0.42420947208879817}, "datetime": {"datetime": "2021-09-22 20:16:59", "elapsed": 88.60675, "delta": 0.670315}}
{"target": -1490.2597532224868, "params": {"C": 1482.6079564816757, "epsilon": 21.640898132155783, "gamma": 0.4286466958540056}, "datetime": {"datetime": "2021-09-22 20:17:00", "elapsed": 89.283137, "delta": 0.676387}}
{"target": -573.7380895358356, "params": {"C": 5482.29817574619, "epsilon": 20.730278360114347, "gamma": 0.10336713040473094}, "datetime": {"datetime": "2021-09-22 20:17:01", "elapsed": 90.209209, "delta": 0.926072}}
{"target": -1389.8184946420229, "params": {"C": 5482.6440163491025, "epsilon": 19.934390547494864, "gamma": 0.39928642238636725}, "datetime": {"datetime": "2021-09-22 20:17:02", "elapsed": 90.948919, "delta": 0.73971}}
{"target": -1276.8102300080868, "params": {"C": 11884.761644468448, "epsilon": 0.5086335675204335, "gamma": 0.30228279827900695}, "datetime": {"datetime": "2021-09-22 20:17:02", "elapsed": 91.585827, "delta": 0.636908}}
{"target": -1395.4683354705487, "params": {"C": 5002.5967455949285, "epsilon": 7.109852959080165, "gamma": 0.40770994324692966}, "datetime": {"datetime": "2021-09-22 20:17:03", "elapsed": 92.263924, "delta": 0.678097}}
{"target": -41.55403099669037, "params": {"C": 17337.272317610063, "epsilon": 10.426929043432908, "gamma": 0.006861889170258199}, "datetime": {"datetime": "2021-09-22 20:17:04", "elapsed": 93.363651, "delta": 1.099727}}
{"target": -1444.7131891336132, "params": {"C": 3703.819538955131, "epsilon": 12.956649168933621, "gamma": 0.4799757016919242}, "datetime": {"datetime": "2021-09-22 20:17:05", "elapsed": 94.054261, "delta": 0.69061}}
{"target": -1257.3203967722518, "params": {"C": 2327.748914470577, "epsilon": 19.799999753271592, "gamma": 0.2707596138263945}, "datetime": {"datetime": "2021-09-22 20:17:06", "elapsed": 94.728309, "delta": 0.674048}}
{"target": -1322.7732470715805, "params": {"C": 12498.69504560567, "epsilon": 3.9454783278061503, "gamma": 0.3348359674846865}, "datetime": {"datetime": "2021-09-22 20:17:06", "elapsed": 95.425223, "delta": 0.696914}}
{"target": -1383.704904338612, "params": {"C": 8138.006805792984, "epsilon": 22.06406929461313, "gamma": 0.39175814926477903}, "datetime": {"datetime": "2021-09-22 20:17:07", "elapsed": 96.255382, "delta": 0.830159}}
{"target": -557.9839557776465, "params": {"C": 8341.840058659614, "epsilon": 21.109172306663552, "gamma": 0.100633432907635}, "datetime": {"datetime": "2021-09-22 20:17:08", "elapsed": 97.011738, "delta": 0.756356}}
{"target": -1130.691348625565, "params": {"C": 10549.308027913543, "epsilon": 24.93361375184296, "gamma": 0.22901650772956975}, "datetime": {"datetime": "2021-09-22 20:17:09", "elapsed": 97.729807, "delta": 0.718069}}
{"target": -942.0868626040268, "params": {"C": 11672.216165820557, "epsilon": 15.708855140481997, "gamma": 0.1741075970354223}, "datetime": {"datetime": "2021-09-22 20:17:10", "elapsed": 98.74485, "delta": 1.015043}}
{"target": -548.4388396888397, "params": {"C": 8341.249690167742, "epsilon": 22.36442003838777, "gamma": 0.09889319877023411}, "datetime": {"datetime": "2021-09-22 20:17:10", "elapsed": 99.560435, "delta": 0.815585}}
{"target": -1439.2681890835208, "params": {"C": 2700.696911415799, "epsilon": 1.7826463229732268, "gamma": 0.4514747996169805}, "datetime": {"datetime": "2021-09-22 20:17:11", "elapsed": 100.392431, "delta": 0.831996}}
{"target": -1179.828760533682, "params": {"C": 1402.8174343887372, "epsilon": 29.247895691453596, "gamma": 0.202352978815677}, "datetime": {"datetime": "2021-09-22 20:17:12", "elapsed": 101.066438, "delta": 0.674007}}
{"target": -1285.4886422329794, "params": {"C": 5199.99570826373, "epsilon": 6.554376982457216, "gamma": 0.3074221851252788}, "datetime": {"datetime": "2021-09-22 20:17:13", "elapsed": 101.771381, "delta": 0.704943}}
{"target": -517.3891266331317, "params": {"C": 16134.739936883998, "epsilon": 11.016416989251962, "gamma": 0.09391257715520644}, "datetime": {"datetime": "2021-09-22 20:17:13", "elapsed": 102.45554, "delta": 0.684159}}
{"target": -412.517209266092, "params": {"C": 8126.359989783657, "epsilon": 18.890656795665315, "gamma": 0.07306823631699279}, "datetime": {"datetime": "2021-09-22 20:17:14", "elapsed": 103.296008, "delta": 0.840468}}
{"target": -351.7278692026107, "params": {"C": 1019.3328043371256, "epsilon": 9.130251485354746, "gamma": 0.050512412715110644}, "datetime": {"datetime": "2021-09-22 20:17:15", "elapsed": 104.003214, "delta": 0.707206}}
{"target": -679.5257044958893, "params": {"C": 12739.206164764122, "epsilon": 10.179017126748365, "gamma": 0.12167145053893504}, "datetime": {"datetime": "2021-09-22 20:17:16", "elapsed": 104.768152, "delta": 0.764938}}
{"target": -615.0443377620212, "params": {"C": 2719.7813962011996, "epsilon": 0.2721562357370864, "gamma": 0.1098326513534027}, "datetime": {"datetime": "2021-09-22 20:17:16", "elapsed": 105.580309, "delta": 0.812157}}
{"target": -1412.5764175641202, "params": {"C": 440.51830559435336, "epsilon": 16.756538686336963, "gamma": 0.1824453192504727}, "datetime": {"datetime": "2021-09-22 20:17:17", "elapsed": 106.286955, "delta": 0.706646}}
{"target": -1266.602607720116, "params": {"C": 19050.909588160328, "epsilon": 7.298626185216163, "gamma": 0.2953071186047172}, "datetime": {"datetime": "2021-09-22 20:17:18", "elapsed": 107.305678, "delta": 1.018723}}
{"target": -323.06129161016577, "params": {"C": 8126.260038373435, "epsilon": 19.499053870509133, "gamma": 0.05617709130350032}, "datetime": {"datetime": "2021-09-22 20:17:19", "elapsed": 108.191774, "delta": 0.886096}}
{"target": -451.94683826482805, "params": {"C": 8468.739701236733, "epsilon": 23.09214670125861, "gamma": 0.0808674406694734}, "datetime": {"datetime": "2021-09-22 20:17:20", "elapsed": 108.911176, "delta": 0.719402}}
{"target": -1206.858085449977, "params": {"C": 6549.164331820956, "epsilon": 16.239797583641927, "gamma": 0.26188702185729684}, "datetime": {"datetime": "2021-09-22 20:17:21", "elapsed": 109.769829, "delta": 0.858653}}
{"target": -374.86105561237804, "params": {"C": 5480.1721152381815, "epsilon": 22.97939210405689, "gamma": 0.06562454223584174}, "datetime": {"datetime": "2021-09-22 20:17:22", "elapsed": 110.70943, "delta": 0.939601}}
{"target": -1189.4163151449688, "params": {"C": 7308.431914006288, "epsilon": 16.830949029741276, "gamma": 0.25361656252841114}, "datetime": {"datetime": "2021-09-22 20:17:22", "elapsed": 111.615023, "delta": 0.905593}}
{"target": -253.2954232052915, "params": {"C": 9883.571278256042, "epsilon": 19.665456757684016, "gamma": 0.04417272588631768}, "datetime": {"datetime": "2021-09-22 20:17:23", "elapsed": 112.372776, "delta": 0.757753}}
{"target": -174.50687932146263, "params": {"C": 12280.419450648693, "epsilon": 7.343932810618794, "gamma": 0.03149921293159497}, "datetime": {"datetime": "2021-09-22 20:17:24", "elapsed": 113.48643, "delta": 1.113654}}
{"target": -1392.0229417602884, "params": {"C": 4118.355817913071, "epsilon": 18.70441103494124, "gamma": 0.4018924158098594}, "datetime": {"datetime": "2021-09-22 20:17:26", "elapsed": 114.804953, "delta": 1.318523}}
{"target": -1210.0282644015176, "params": {"C": 2815.392206659155, "epsilon": 4.67898705668583, "gamma": 0.25771315378325976}, "datetime": {"datetime": "2021-09-22 20:17:27", "elapsed": 116.34894, "delta": 1.543987}}
{"target": -550.9906413283046, "params": {"C": 4742.415113712003, "epsilon": 26.827426920087213, "gamma": 0.09911156868417481}, "datetime": {"datetime": "2021-09-22 20:17:28", "elapsed": 117.244222, "delta": 0.895282}}
{"target": -1568.8516062937392, "params": {"C": 558.8800262591624, "epsilon": 6.7832344289246755, "gamma": 0.40680465453728676}, "datetime": {"datetime": "2021-09-22 20:17:29", "elapsed": 118.017159, "delta": 0.772937}}
{"target": -1130.190743673387, "params": {"C": 3368.4386977041186, "epsilon": 11.25598586697058, "gamma": 0.22860558390267174}, "datetime": {"datetime": "2021-09-22 20:17:30", "elapsed": 118.773675, "delta": 0.756516}}
{"target": -1420.2263090653191, "params": {"C": 2944.605585271683, "epsilon": 2.886654718916346, "gamma": 0.4301098366026427}, "datetime": {"datetime": "2021-09-22 20:17:30", "elapsed": 119.500621, "delta": 0.726946}}
{"target": -1404.8074658573664, "params": {"C": 2342.351185623549, "epsilon": 23.30557758058824, "gamma": 0.3840939526807342}, "datetime": {"datetime": "2021-09-22 20:17:31", "elapsed": 120.336585, "delta": 0.835964}}
{"target": -1552.3025730788538, "params": {"C": 861.8244856831461, "epsilon": 11.989165937344048, "gamma": 0.45333601760351955}, "datetime": {"datetime": "2021-09-22 20:17:32", "elapsed": 121.31672, "delta": 0.980135}}
{"target": -1441.561557645384, "params": {"C": 5899.971066717781, "epsilon": 0.3854278232478565, "gamma": 0.4778810097326236}, "datetime": {"datetime": "2021-09-22 20:17:33", "elapsed": 122.222207, "delta": 0.905487}}
{"target": -1415.939569589227, "params": {"C": 18083.512578857186, "epsilon": 1.2955931580883386, "gamma": 0.4362491715786814}, "datetime": {"datetime": "2021-09-22 20:17:34", "elapsed": 123.061829, "delta": 0.839622}}
{"target": -1332.5825088104853, "params": {"C": 4629.398276144042, "epsilon": 9.582899137269393, "gamma": 0.3423822481957133}, "datetime": {"datetime": "2021-09-22 20:17:35", "elapsed": 123.816207, "delta": 0.754378}}
{"target": -264.43129324007384, "params": {"C": 1332.927469479219, "epsilon": 15.561416284010257, "gamma": 0.038780186171494334}, "datetime": {"datetime": "2021-09-22 20:17:36", "elapsed": 124.7579, "delta": 0.941693}}
{"target": -470.0278167968406, "params": {"C": 3509.041145675873, "epsilon": 5.287508791691147, "gamma": 0.08446503145926816}, "datetime": {"datetime": "2021-09-22 20:17:36", "elapsed": 125.532335, "delta": 0.774435}}
{"target": -900.4340668036806, "params": {"C": 10285.378093894868, "epsilon": 20.766779939714297, "gamma": 0.1640637571578318}, "datetime": {"datetime": "2021-09-22 20:17:37", "elapsed": 126.318412, "delta": 0.786077}}
{"target": -298.2822548874151, "params": {"C": 14163.109834205334, "epsilon": 20.570671497019934, "gamma": 0.05175122268324412}, "datetime": {"datetime": "2021-09-22 20:17:38", "elapsed": 127.135431, "delta": 0.817019}}
{"target": -1061.2203824515143, "params": {"C": 3523.2543311309005, "epsilon": 6.260929068497195, "gamma": 0.20659702356820342}, "datetime": {"datetime": "2021-09-22 20:17:39", "elapsed": 128.048206, "delta": 0.912775}}
{"target": -1407.366780059907, "params": {"C": 2667.2704069264028, "epsilon": 24.3924159037158, "gamma": 0.40213087534259606}, "datetime": {"datetime": "2021-09-22 20:17:40", "elapsed": 128.855291, "delta": 0.807085}}
{"target": -642.3294819833535, "params": {"C": 10286.297544455221, "epsilon": 20.32040760281743, "gamma": 0.1147830373589057}, "datetime": {"datetime": "2021-09-22 20:17:41", "elapsed": 129.828328, "delta": 0.973037}}
{"target": -419.2879464723407, "params": {"C": 4078.7840944038744, "epsilon": 27.12966918077887, "gamma": 0.07376634840545157}, "datetime": {"datetime": "2021-09-22 20:17:41", "elapsed": 130.626222, "delta": 0.797894}}
{"target": -1068.344940361611, "params": {"C": 16300.576611883991, "epsilon": 16.137730029381853, "gamma": 0.20869543197482252}, "datetime": {"datetime": "2021-09-22 20:17:42", "elapsed": 131.396121, "delta": 0.769899}}
{"target": -228.69097590873704, "params": {"C": 4748.53349806982, "epsilon": 5.819805261545071, "gamma": 0.0005197711282625281}, "datetime": {"datetime": "2021-09-22 20:17:43", "elapsed": 132.177697, "delta": 0.781576}}
{"target": -1120.976757252004, "params": {"C": 10901.322492103884, "epsilon": 2.686999137471972, "gamma": 0.2269976043217507}, "datetime": {"datetime": "2021-09-22 20:17:44", "elapsed": 132.931805, "delta": 0.754108}}
{"target": -349.76296613998124, "params": {"C": 19610.237626412774, "epsilon": 14.273982156875597, "gamma": 0.061304691854442504}, "datetime": {"datetime": "2021-09-22 20:17:45", "elapsed": 133.77042, "delta": 0.838615}}
{"target": -1325.9988118048566, "params": {"C": 5480.8216088721465, "epsilon": 22.741305678364597, "gamma": 0.3356292998436178}, "datetime": {"datetime": "2021-09-22 20:17:46", "elapsed": 134.708981, "delta": 0.938561}}
{"target": -1141.512312027043, "params": {"C": 8738.645002886185, "epsilon": 5.957260512901331, "gamma": 0.23441854816759897}, "datetime": {"datetime": "2021-09-22 20:17:46", "elapsed": 135.675955, "delta": 0.966974}}
{"target": -1373.0599095072284, "params": {"C": 11795.656358272034, "epsilon": 27.001346662609077, "gamma": 0.37927293174539217}, "datetime": {"datetime": "2021-09-22 20:17:47", "elapsed": 136.468602, "delta": 0.792647}}
{"target": -1235.6194564079024, "params": {"C": 16608.171187379055, "epsilon": 5.083967404206747, "gamma": 0.2775515655465041}, "datetime": {"datetime": "2021-09-22 20:17:48", "elapsed": 137.28763, "delta": 0.819028}}
{"target": -1197.8959310478622, "params": {"C": 12280.151636463976, "epsilon": 7.740732841449848, "gamma": 0.25822391484841395}, "datetime": {"datetime": "2021-09-22 20:17:49", "elapsed": 138.329463, "delta": 1.041833}}
{"target": -1120.88745216254, "params": {"C": 5483.213398526854, "epsilon": 21.91395362868083, "gamma": 0.22565672546579796}, "datetime": {"datetime": "2021-09-22 20:17:50", "elapsed": 139.479698, "delta": 1.150235}}
{"target": -298.7014485827555, "params": {"C": 4346.776555008618, "epsilon": 9.142589533260217, "gamma": 0.0517978785857623}, "datetime": {"datetime": "2021-09-22 20:17:51", "elapsed": 140.534086, "delta": 1.054388}}
{"target": -1364.6519010175327, "params": {"C": 14162.976937574056, "epsilon": 20.30079731646431, "gamma": 0.37114392295602266}, "datetime": {"datetime": "2021-09-22 20:17:52", "elapsed": 141.510367, "delta": 0.976281}}
{"target": -1180.5752959657784, "params": {"C": 861.7013814866776, "epsilon": 12.451754813119523, "gamma": 0.16739123618821602}, "datetime": {"datetime": "2021-09-22 20:17:53", "elapsed": 142.356898, "delta": 0.846531}}
{"target": -556.206066968203, "params": {"C": 8126.580199975768, "epsilon": 19.133232351913282, "gamma": 0.10042160163471435}, "datetime": {"datetime": "2021-09-22 20:17:54", "elapsed": 143.447394, "delta": 1.090496}}
{"target": -298.65249789516855, "params": {"C": 5899.500003474798, "epsilon": 0.9894081018841311, "gamma": 0.052544899859938446}, "datetime": {"datetime": "2021-09-22 20:17:55", "elapsed": 144.587008, "delta": 1.139614}}
{"target": -158.199497354936, "params": {"C": 19787.590966473388, "epsilon": 28.02999723041165, "gamma": 0.027700620051680006}, "datetime": {"datetime": "2021-09-22 20:17:56", "elapsed": 145.682243, "delta": 1.095235}}
{"target": -121.54041672989374, "params": {"C": 5482.61337530186, "epsilon": 20.75381060013304, "gamma": 0.021185674441042728}, "datetime": {"datetime": "2021-09-22 20:17:58", "elapsed": 146.978975, "delta": 1.296732}}
{"target": -453.81147126141946, "params": {"C": 10469.119475769981, "epsilon": 0.5457515952097552, "gamma": 0.08225109474459086}, "datetime": {"datetime": "2021-09-22 20:17:59", "elapsed": 148.088025, "delta": 1.10905}}
{"target": -88.01399506425341, "params": {"C": 7984.05789235306, "epsilon": 5.543484134057498, "gamma": 0.015982140157587164}, "datetime": {"datetime": "2021-09-22 20:18:00", "elapsed": 149.153408, "delta": 1.065383}}
{"target": -1399.845927672939, "params": {"C": 8341.70994879783, "epsilon": 21.262368660140677, "gamma": 0.41161260140918454}, "datetime": {"datetime": "2021-09-22 20:18:01", "elapsed": 150.352256, "delta": 1.198848}}
{"target": -635.9323866096184, "params": {"C": 8340.833510693314, "epsilon": 21.130694104218463, "gamma": 0.11368518719288813}, "datetime": {"datetime": "2021-09-22 20:18:02", "elapsed": 151.433328, "delta": 1.081072}}
{"target": -605.9842078295026, "params": {"C": 1725.8083115510924, "epsilon": 18.028838760485428, "gamma": 0.10289213031194631}, "datetime": {"datetime": "2021-09-22 20:18:03", "elapsed": 152.514599, "delta": 1.081271}}
{"target": -285.30214900585867, "params": {"C": 18084.37639149548, "epsilon": 1.8270156704670428, "gamma": 0.0001}, "datetime": {"datetime": "2021-09-22 20:18:04", "elapsed": 153.652072, "delta": 1.137473}}
{"target": -1396.1358210058188, "params": {"C": 4748.781186534294, "epsilon": 6.250087383383976, "gamma": 0.4086529875371175}, "datetime": {"datetime": "2021-09-22 20:18:06", "elapsed": 154.954961, "delta": 1.302889}}
{"target": -419.79080079284637, "params": {"C": 8265.216475847537, "epsilon": 9.554873665577334, "gamma": 0.07490292142231628}, "datetime": {"datetime": "2021-09-22 20:18:07", "elapsed": 156.163112, "delta": 1.208151}}
{"target": -1426.0843510920424, "params": {"C": 4090.6012279093597, "epsilon": 26.455627763837875, "gamma": 0.4478855239234842}, "datetime": {"datetime": "2021-09-22 20:18:08", "elapsed": 157.520415, "delta": 1.357303}}
{"target": -1345.700649170502, "params": {"C": 15499.749745184288, "epsilon": 28.060129797118112, "gamma": 0.35207770052707643}, "datetime": {"datetime": "2021-09-22 20:18:09", "elapsed": 158.455297, "delta": 0.934882}}
{"target": -806.1787387828899, "params": {"C": 12658.39890083926, "epsilon": 25.081807283391445, "gamma": 0.14399791290145308}, "datetime": {"datetime": "2021-09-22 20:18:10", "elapsed": 159.44392, "delta": 0.988623}}
{"target": -1351.6550767808894, "params": {"C": 11385.839766331788, "epsilon": 13.772154144428233, "gamma": 0.3590587927103125}, "datetime": {"datetime": "2021-09-22 20:18:11", "elapsed": 160.559919, "delta": 1.115999}}
{"target": -1412.7083592849895, "params": {"C": 2395.887605421402, "epsilon": 25.81661471667739, "gamma": 0.3963336354879281}, "datetime": {"datetime": "2021-09-22 20:18:13", "elapsed": 161.847702, "delta": 1.287783}}
{"target": -533.1336243584333, "params": {"C": 5481.277971637367, "epsilon": 22.908786295502054, "gamma": 0.09619704147742054}, "datetime": {"datetime": "2021-09-22 20:18:14", "elapsed": 163.014821, "delta": 1.167119}}
{"target": -231.96196149126854, "params": {"C": 8469.165353675486, "epsilon": 23.123017399704423, "gamma": 0.040448982840393895}, "datetime": {"datetime": "2021-09-22 20:18:15", "elapsed": 164.149271, "delta": 1.13445}}
{"target": -270.9981280893002, "params": {"C": 19510.39639584718, "epsilon": 8.408704141609476, "gamma": 0.047570504463844684}, "datetime": {"datetime": "2021-09-22 20:18:16", "elapsed": 165.415911, "delta": 1.26664}}
{"target": -18.405326920567042, "params": {"C": 10637.871547704834, "epsilon": 10.127878698596223, "gamma": 0.002541680266175942}, "datetime": {"datetime": "2021-09-22 20:18:17", "elapsed": 166.633621, "delta": 1.21771}}
{"target": -1171.07775880955, "params": {"C": 2689.9053475679484, "epsilon": 28.44508946478094, "gamma": 0.23797307055058498}, "datetime": {"datetime": "2021-09-22 20:18:19", "elapsed": 167.948223, "delta": 1.314602}}
{"target": -836.2710490349582, "params": {"C": 16134.177470792305, "epsilon": 10.755870426871203, "gamma": 0.1508342238586745}, "datetime": {"datetime": "2021-09-22 20:18:20", "elapsed": 169.277059, "delta": 1.328836}}
{"target": -1062.5253152309965, "params": {"C": 5480.795013928159, "epsilon": 23.006794559202216, "gamma": 0.20648152192593144}, "datetime": {"datetime": "2021-09-22 20:18:21", "elapsed": 170.503692, "delta": 1.226633}}
{"target": -1216.9062434620844, "params": {"C": 13383.199630783687, "epsilon": 25.67397615550504, "gamma": 0.26615783119808084}, "datetime": {"datetime": "2021-09-22 20:18:22", "elapsed": 171.568509, "delta": 1.064817}}
{"target": -203.09806115443388, "params": {"C": 10637.589499059914, "epsilon": 4.055772420899011, "gamma": 0.03639273263901896}, "datetime": {"datetime": "2021-09-22 20:18:24", "elapsed": 172.706514, "delta": 1.138005}}
{"target": -1021.9331749581446, "params": {"C": 278.19612534320265, "epsilon": 22.30205813061027, "gamma": 0.0854873379383601}, "datetime": {"datetime": "2021-09-22 20:18:25", "elapsed": 173.79966, "delta": 1.093146}}
