{"target": -286.28819095108753, "params": {"C": 728.9775677592521, "epsilon": 9.21356352619708, "gamma": 0.0977143857700943}, "datetime": {"datetime": "2021-09-22 18:24:09", "elapsed": 79.421396, "delta": 0.807041}}
{"target": -151.03494646976972, "params": {"C": 969.6617385065781, "epsilon": 16.860343240522337, "gamma": 0.0422624718936313}, "datetime": {"datetime": "2021-09-22 18:24:10", "elapsed": 80.032454, "delta": 0.611058}}
{"target": -145.87988601926008, "params": {"C": 549.3685803505095, "epsilon": 6.582018947077067, "gamma": 0.025773463084767093}, "datetime": {"datetime": "2021-09-22 18:24:11", "elapsed": 80.834652, "delta": 0.802198}}
{"target": -151.57731003748975, "params": {"C": 884.4400454861346, "epsilon": 5.335703482096578, "gamma": 0.0401483258140578}, "datetime": {"datetime": "2021-09-22 18:24:12", "elapsed": 81.755643, "delta": 0.920991}}
{"target": -155.69822042534435, "params": {"C": 446.09534448367873, "epsilon": 9.5031257165845, "gamma": 0.011295792190225964}, "datetime": {"datetime": "2021-09-22 18:24:12", "elapsed": 82.495647, "delta": 0.740004}}
{"target": -282.817152304939, "params": {"C": 977.6159228485096, "epsilon": 14.204794435241073, "gamma": 0.10788099189909818}, "datetime": {"datetime": "2021-09-22 18:24:13", "elapsed": 83.20364, "delta": 0.707993}}
{"target": -370.0606752756159, "params": {"C": 708.6208519234806, "epsilon": 16.922579130820697, "gamma": 0.13852817241230098}, "datetime": {"datetime": "2021-09-22 18:24:14", "elapsed": 84.039643, "delta": 0.836003}}
{"target": -270.7991276520973, "params": {"C": 708.8869351768958, "epsilon": 16.59367053982852, "gamma": 0.0887661982152529}, "datetime": {"datetime": "2021-09-22 18:24:15", "elapsed": 84.911684, "delta": 0.872041}}
{"target": -190.11404659455823, "params": {"C": 380.94146693540284, "epsilon": 24.120583653538134, "gamma": 0.03130164790143467}, "datetime": {"datetime": "2021-09-22 18:24:15", "elapsed": 85.582641, "delta": 0.670957}}
{"target": -243.10308498069026, "params": {"C": 744.4986489835832, "epsilon": 11.777255794595703, "gamma": 0.07765041351316734}, "datetime": {"datetime": "2021-09-22 18:24:16", "elapsed": 86.481644, "delta": 0.899003}}
{"target": -226.30678916530405, "params": {"C": 526.0646678198162, "epsilon": 19.959098387932585, "gamma": 0.059306742754792814}, "datetime": {"datetime": "2021-09-22 18:24:17", "elapsed": 87.159646, "delta": 0.678002}}
{"target": -309.22538432475534, "params": {"C": 652.5679335832662, "epsilon": 7.198292684475499, "gamma": 0.1047386752943775}, "datetime": {"datetime": "2021-09-22 18:24:18", "elapsed": 88.007643, "delta": 0.847997}}
{"target": -335.5992463566894, "params": {"C": 848.596540015083, "epsilon": 15.648481664696897, "gamma": 0.12877440706627674}, "datetime": {"datetime": "2021-09-22 18:24:19", "elapsed": 88.764643, "delta": 0.757}}
{"target": -586.7678107071093, "params": {"C": 166.67569182626673, "epsilon": 21.640898132155783, "gamma": 0.13001707825477252}, "datetime": {"datetime": "2021-09-22 18:24:19", "elapsed": 89.494649, "delta": 0.730006}}
{"target": -153.932304608123, "params": {"C": 884.5156548818662, "epsilon": 5.79171248866075, "gamma": 0.0413019336259708}, "datetime": {"datetime": "2021-09-22 18:24:20", "elapsed": 90.356649, "delta": 0.862}}
{"target": -317.7499285588475, "params": {"C": 549.1626610876707, "epsilon": 6.510882032845847, "gamma": 0.10245498835316767}, "datetime": {"datetime": "2021-09-22 18:24:21", "elapsed": 91.486683, "delta": 1.130034}}
{"target": -289.7875415517893, "params": {"C": 634.7960138017703, "epsilon": 0.5086335675204335, "gamma": 0.09462810913994991}, "datetime": {"datetime": "2021-09-22 18:24:22", "elapsed": 92.221194, "delta": 0.734511}}
{"target": -425.93478663426134, "params": {"C": 325.0831077071571, "epsilon": 7.109852959080165, "gamma": 0.12415361483210671}, "datetime": {"datetime": "2021-09-22 18:24:23", "elapsed": 92.976235, "delta": 0.755041}}
{"target": -88.92286078190594, "params": {"C": 880.1712628555956, "epsilon": 10.426929043432908, "gamma": 0.011893707709214139}, "datetime": {"datetime": "2021-09-22 18:24:24", "elapsed": 93.730232, "delta": 0.753997}}
{"target": -516.7175555612109, "params": {"C": 266.6352110135316, "epsilon": 12.956649168933621, "gamma": 0.14439207488871653}, "datetime": {"datetime": "2021-09-22 18:24:24", "elapsed": 94.527288, "delta": 0.797056}}
{"target": -406.30333057972456, "params": {"C": 204.70893659800586, "epsilon": 19.799999753271592, "gamma": 0.08579985184175881}, "datetime": {"datetime": "2021-09-22 18:24:25", "elapsed": 95.252287, "delta": 0.724999}}
{"target": -305.91220288146883, "params": {"C": 662.4243982721688, "epsilon": 3.9454783278061503, "gamma": 0.10374481985968416}, "datetime": {"datetime": "2021-09-22 18:24:26", "elapsed": 95.94088, "delta": 0.688593}}
{"target": -368.84240336894067, "params": {"C": 466.18361544145637, "epsilon": 22.06406929461313, "gamma": 0.11968621903794571}, "datetime": {"datetime": "2021-09-22 18:24:27", "elapsed": 97.022914, "delta": 1.082034}}
{"target": -186.5459895194149, "params": {"C": 475.3565704682061, "epsilon": 21.109172306663552, "gamma": 0.03815499221258031}, "datetime": {"datetime": "2021-09-22 18:24:28", "elapsed": 97.898649, "delta": 0.875735}}
{"target": -106.9293235713689, "params": {"C": 675.2792398312355, "epsilon": 3.093385247992784, "gamma": 0.01}, "datetime": {"datetime": "2021-09-22 18:24:29", "elapsed": 98.840645, "delta": 0.941996}}
{"target": -358.438028787066, "params": {"C": 214.44336434230607, "epsilon": 2.043973917554114, "gamma": 0.0712264689428188}, "datetime": {"datetime": "2021-09-22 18:24:29", "elapsed": 99.582654, "delta": 0.742009}}
{"target": -224.77766197595992, "params": {"C": 913.5751715382839, "epsilon": 1.475209856183393, "gamma": 0.07603668189612245}, "datetime": {"datetime": "2021-09-22 18:24:30", "elapsed": 100.475654, "delta": 0.893}}
{"target": -536.5537288972985, "params": {"C": 221.49243563549274, "epsilon": 1.7826463229732268, "gamma": 0.13641022593794214}, "datetime": {"datetime": "2021-09-22 18:24:31", "elapsed": 101.308688, "delta": 0.833034}}
{"target": -390.63418407465025, "params": {"C": 163.0849387944329, "epsilon": 29.247895691453596, "gamma": 0.06664216250088972}, "datetime": {"datetime": "2021-09-22 18:24:32", "elapsed": 101.98969, "delta": 0.681002}}
{"target": -353.03083429569466, "params": {"C": 333.96650519712773, "epsilon": 6.554376982457216, "gamma": 0.09606742532014208}, "datetime": {"datetime": "2021-09-22 18:24:33", "elapsed": 102.696652, "delta": 0.706962}}
{"target": -366.7947711751863, "params": {"C": 416.6639214303504, "epsilon": 7.09713388120111, "gamma": 0.11435549902251695}, "datetime": {"datetime": "2021-09-22 18:24:33", "elapsed": 103.621103, "delta": 0.924451}}
{"target": -219.8596891372111, "params": {"C": 465.7146593691828, "epsilon": 18.658853099141307, "gamma": 0.05205199140327534}, "datetime": {"datetime": "2021-09-22 18:24:34", "elapsed": 104.425207, "delta": 0.804104}}
{"target": -321.8255525600619, "params": {"C": 145.82726755854858, "epsilon": 9.130251485354746, "gamma": 0.024118299220074996}, "datetime": {"datetime": "2021-09-22 18:24:35", "elapsed": 105.090394, "delta": 0.665187}}
{"target": -174.96634208902336, "params": {"C": 673.2479398113761, "epsilon": 10.179017126748365, "gamma": 0.04404681551400461}, "datetime": {"datetime": "2021-09-22 18:24:36", "elapsed": 105.776888, "delta": 0.686494}}
{"target": -165.4659820466735, "params": {"C": 395.43367712173745, "epsilon": 12.796346785067126, "gamma": 0.015327745937343233}, "datetime": {"datetime": "2021-09-22 18:24:36", "elapsed": 106.633136, "delta": 0.856248}}
{"target": -435.7216242702633, "params": {"C": 119.77931271738177, "epsilon": 16.756538686336963, "gamma": 0.061066902770686486}, "datetime": {"datetime": "2021-09-22 18:24:37", "elapsed": 107.503655, "delta": 0.870519}}
{"target": -233.78165552309034, "params": {"C": 969.6565630714598, "epsilon": 16.81434307309548, "gamma": 0.08225964309684207}, "datetime": {"datetime": "2021-09-22 18:24:38", "elapsed": 108.505694, "delta": 1.002039}}
{"target": -250.7414067340027, "params": {"C": 842.5983678495016, "epsilon": 3.7265272488796652, "gamma": 0.0859044235991658}, "datetime": {"datetime": "2021-09-22 18:24:39", "elapsed": 109.554842, "delta": 1.049148}}
{"target": -172.6871078605777, "params": {"C": 481.06733992264907, "epsilon": 23.09214670125861, "gamma": 0.03261940726890633}, "datetime": {"datetime": "2021-09-22 18:24:40", "elapsed": 110.404398, "delta": 0.849556}}
{"target": -327.25469456696, "params": {"C": 481.16716682773415, "epsilon": 23.138118686763235, "gamma": 0.10097905121196733}, "datetime": {"datetime": "2021-09-22 18:24:42", "elapsed": 112.00916, "delta": 1.604762}}
{"target": -218.09512476375048, "params": {"C": 675.3212495794867, "epsilon": 2.877998632540338, "gamma": 0.06335665184451932}, "datetime": {"datetime": "2021-09-22 18:24:43", "elapsed": 113.546361, "delta": 1.537201}}
{"target": -171.8432105751415, "params": {"C": 708.4908336435907, "epsilon": 17.025189198328654, "gamma": 0.04365235746188633}, "datetime": {"datetime": "2021-09-22 18:24:45", "elapsed": 115.283649, "delta": 1.737288}}
{"target": -141.170140878705, "params": {"C": 544.7379444187428, "epsilon": 19.665456757684016, "gamma": 0.022342831814531856}, "datetime": {"datetime": "2021-09-22 18:24:46", "elapsed": 116.184931, "delta": 0.901282}}
{"target": -251.4164928719854, "params": {"C": 694.2401139586767, "epsilon": 0.8881498053391419, "gamma": 0.07961475457192436}, "datetime": {"datetime": "2021-09-22 18:24:47", "elapsed": 117.214463, "delta": 1.029532}}
{"target": -447.9262275695825, "params": {"C": 285.2902763199042, "epsilon": 18.70441103494124, "gamma": 0.12252438130302122}, "datetime": {"datetime": "2021-09-22 18:24:48", "elapsed": 118.358638, "delta": 1.144175}}
{"target": -204.18986745756146, "params": {"C": 675.4315765839305, "epsilon": 3.0399938601116814, "gamma": 0.05696440324528197}, "datetime": {"datetime": "2021-09-22 18:24:49", "elapsed": 119.596846, "delta": 1.238208}}
{"target": -224.6910836371419, "params": {"C": 313.3743488344819, "epsilon": 26.827426920087213, "gamma": 0.03772878498856665}, "datetime": {"datetime": "2021-09-22 18:24:50", "elapsed": 120.540849, "delta": 0.944003}}
{"target": -637.768313263163, "params": {"C": 125.10585647448603, "epsilon": 6.7832344289246755, "gamma": 0.1239000832870977}, "datetime": {"datetime": "2021-09-22 18:24:52", "elapsed": 121.908813, "delta": 1.367964}}
{"target": -341.057876231153, "params": {"C": 251.54231851261096, "epsilon": 11.25598586697058, "gamma": 0.07399436236522113}, "datetime": {"datetime": "2021-09-22 18:24:53", "elapsed": 123.048358, "delta": 1.139545}}
{"target": -506.6422215575995, "params": {"C": 232.4688747809648, "epsilon": 2.886654718916346, "gamma": 0.13042683961666326}, "datetime": {"datetime": "2021-09-22 18:24:54", "elapsed": 124.270676, "delta": 1.222318}}
{"target": -496.70851202192057, "params": {"C": 205.36607165664253, "epsilon": 23.30557758058824, "gamma": 0.11753981471354827}, "datetime": {"datetime": "2021-09-22 18:24:55", "elapsed": 125.377556, "delta": 1.10688}}
{"target": -217.03762879008792, "params": {"C": 744.5318301559154, "epsilon": 11.953786983195442, "gamma": 0.06540826117950388}, "datetime": {"datetime": "2021-09-22 18:24:57", "elapsed": 126.882702, "delta": 1.505146}}
{"target": -113.94524898460936, "params": {"C": 913.7121751434123, "epsilon": 1.9656483620534644, "gamma": 0.02362395096869393}, "datetime": {"datetime": "2021-09-22 18:24:58", "elapsed": 128.12019, "delta": 1.237488}}
{"target": -309.3322130554892, "params": {"C": 403.1270885708716, "epsilon": 9.937912084243795, "gamma": 0.08647022647671337}, "datetime": {"datetime": "2021-09-22 18:24:59", "elapsed": 129.482172, "delta": 1.361982}}
{"target": -388.3986844539031, "params": {"C": 308.28833684332403, "epsilon": 9.582899137269393, "gamma": 0.1058582011350267}, "datetime": {"datetime": "2021-09-22 18:25:01", "elapsed": 130.778114, "delta": 1.295942}}
{"target": -387.4095263667319, "params": {"C": 590.8824837306075, "epsilon": 13.842117438838384, "gamma": 0.1397453961480258}, "datetime": {"datetime": "2021-09-22 18:25:02", "elapsed": 132.157804, "delta": 1.37969}}
{"target": -240.31831423128972, "params": {"C": 257.8697450426664, "epsilon": 5.287508791691147, "gamma": 0.033626934195434166}, "datetime": {"datetime": "2021-09-22 18:25:03", "elapsed": 133.393073, "delta": 1.235269}}
{"target": -214.1803020113853, "params": {"C": 562.8201552330306, "epsilon": 20.766779939714297, "gamma": 0.055919035811355176}, "datetime": {"datetime": "2021-09-22 18:25:04", "elapsed": 134.260532, "delta": 0.867459}}
{"target": -127.33274386986602, "params": {"C": 737.326808879684, "epsilon": 20.570671497019934, "gamma": 0.02446523539838803}, "datetime": {"datetime": "2021-09-22 18:25:05", "elapsed": 135.179684, "delta": 0.919152}}
{"target": -175.47915519074135, "params": {"C": 911.8246725742495, "epsilon": 16.292690884514876, "gamma": 0.05223147841040819}, "datetime": {"datetime": "2021-09-22 18:25:06", "elapsed": 136.143222, "delta": 0.963538}}
{"target": -496.3729274171857, "params": {"C": 219.98816772007413, "epsilon": 24.3924159037158, "gamma": 0.1225911633285926}, "datetime": {"datetime": "2021-09-22 18:25:07", "elapsed": 137.029891, "delta": 0.886669}}
{"target": -321.29888103147744, "params": {"C": 156.75877707637088, "epsilon": 26.59250114775524, "gamma": 0.0343171644759162}, "datetime": {"datetime": "2021-09-22 18:25:08", "elapsed": 137.886085, "delta": 0.856194}}
{"target": -223.16775683710412, "params": {"C": 283.5094597211604, "epsilon": 27.12966918077887, "gamma": 0.030630703694265293}, "datetime": {"datetime": "2021-09-22 18:25:09", "elapsed": 138.791713, "delta": 0.905628}}
{"target": -306.1378449312333, "params": {"C": 855.4274830144938, "epsilon": 12.770352591738247, "gamma": 0.11422371537634168}, "datetime": {"datetime": "2021-09-22 18:25:10", "elapsed": 139.901094, "delta": 1.109381}}
{"target": -229.67103207654142, "params": {"C": 313.6496898976368, "epsilon": 5.819805261545071, "gamma": 0.010117559427799069}, "datetime": {"datetime": "2021-09-22 18:25:11", "elapsed": 140.780325, "delta": 0.879231}}
{"target": -249.14847375248348, "params": {"C": 590.5390390966296, "epsilon": 2.686999137471972, "gamma": 0.07354403801769373}, "datetime": {"datetime": "2021-09-22 18:25:11", "elapsed": 141.684733, "delta": 0.904408}}
{"target": -119.4995704651149, "params": {"C": 982.4598161793838, "epsilon": 14.273982156875597, "gamma": 0.027140741867617425}, "datetime": {"datetime": "2021-09-22 18:25:12", "elapsed": 142.524473, "delta": 0.83974}}
{"target": -150.1092382362879, "params": {"C": 446.2043698267621, "epsilon": 9.514663735106748, "gamma": 0.0190602241475216}, "datetime": {"datetime": "2021-09-22 18:25:14", "elapsed": 143.83366, "delta": 1.309187}}
{"target": -216.81296191823694, "params": {"C": 283.6304995404008, "epsilon": 27.023418481509108, "gamma": 0.02422381727709546}, "datetime": {"datetime": "2021-09-22 18:25:15", "elapsed": 144.840811, "delta": 1.007151}}
{"target": -121.57448625260655, "params": {"C": 709.521877085005, "epsilon": 16.42593499307735, "gamma": 0.021554020900590144}, "datetime": {"datetime": "2021-09-22 18:25:16", "elapsed": 145.902071, "delta": 1.06126}}
{"target": -284.1948741831305, "params": {"C": 913.5009086289892, "epsilon": 2.006692040170381, "gamma": 0.10582505739314856}, "datetime": {"datetime": "2021-09-22 18:25:17", "elapsed": 147.178531, "delta": 1.27646}}
{"target": -369.4842126992018, "params": {"C": 475.5152287622357, "epsilon": 21.18647614528098, "gamma": 0.12089166058137257}, "datetime": {"datetime": "2021-09-22 18:25:18", "elapsed": 148.411634, "delta": 1.233103}}
{"target": -188.5040336628247, "params": {"C": 673.0648019084709, "epsilon": 10.060530015925204, "gamma": 0.049971941354020014}, "datetime": {"datetime": "2021-09-22 18:25:19", "elapsed": 149.494671, "delta": 1.083037}}
{"target": -340.04485284323073, "params": {"C": 780.8733032528172, "epsilon": 7.881365230696349, "gamma": 0.12753362044679947}, "datetime": {"datetime": "2021-09-22 18:25:20", "elapsed": 150.463161, "delta": 0.96849}}
{"target": -348.2995116897401, "params": {"C": 728.8586433900049, "epsilon": 9.538442877196445, "gamma": 0.12874251886101648}, "datetime": {"datetime": "2021-09-22 18:25:21", "elapsed": 151.593981, "delta": 1.13082}}
{"target": -172.36134480690433, "params": {"C": 673.1822246072185, "epsilon": 10.113929739839794, "gamma": 0.042910750570501144}, "datetime": {"datetime": "2021-09-22 18:25:23", "elapsed": 152.821233, "delta": 1.227252}}
{"target": -437.30773063710893, "params": {"C": 406.26122907264784, "epsilon": 5.694991550137507, "gamma": 0.1441849285650145}, "datetime": {"datetime": "2021-09-22 18:25:24", "elapsed": 153.779226, "delta": 0.957993}}
{"target": -348.82377479096533, "params": {"C": 737.314999650588, "epsilon": 20.63278613889606, "gamma": 0.12923070191584843}, "datetime": {"datetime": "2021-09-22 18:25:25", "elapsed": 154.92373, "delta": 1.144504}}
{"target": -100.44147504121325, "params": {"C": 990.4411155470798, "epsilon": 28.02999723041165, "gamma": 0.017729719558382078}, "datetime": {"datetime": "2021-09-22 18:25:26", "elapsed": 155.850015, "delta": 0.926285}}
{"target": -240.08044414814538, "params": {"C": 346.7996372633527, "epsilon": 23.258536763575325, "gamma": 0.04943897552723491}, "datetime": {"datetime": "2021-09-22 18:25:27", "elapsed": 157.048753, "delta": 1.198738}}
{"target": -369.7465810107582, "params": {"C": 571.0525428161524, "epsilon": 1.5317693223154103, "gamma": 0.12956462659454138}, "datetime": {"datetime": "2021-09-22 18:25:28", "elapsed": 158.011753, "delta": 0.963}}
{"target": -146.11316018990183, "params": {"C": 459.25556793428444, "epsilon": 5.543484134057498, "gamma": 0.014447888821888783}, "datetime": {"datetime": "2021-09-22 18:25:29", "elapsed": 158.947848, "delta": 0.936095}}
{"target": -161.73658930365053, "params": {"C": 673.096290382651, "epsilon": 9.942669938885617, "gamma": 0.038125364471879634}, "datetime": {"datetime": "2021-09-22 18:25:30", "elapsed": 160.219257, "delta": 1.271409}}
{"target": -95.07814446952814, "params": {"C": 931.7773208064721, "epsilon": 0.8273042139366339, "gamma": 0.016798525474009597}, "datetime": {"datetime": "2021-09-22 18:25:31", "elapsed": 161.465236, "delta": 1.245979}}
{"target": -163.12657313524795, "params": {"C": 708.4446838219266, "epsilon": 16.755139563102436, "gamma": 0.039738377642511195}, "datetime": {"datetime": "2021-09-22 18:25:32", "elapsed": 162.655034, "delta": 1.189798}}
{"target": -115.81895615616989, "params": {"C": 913.9266267407794, "epsilon": 1.6635751022240568, "gamma": 0.024333655672220053}, "datetime": {"datetime": "2021-09-22 18:25:34", "elapsed": 163.832033, "delta": 1.176999}}
{"target": -235.53025080652125, "params": {"C": 969.775079671098, "epsilon": 16.875397161943308, "gamma": 0.08315809758832472}, "datetime": {"datetime": "2021-09-22 18:25:35", "elapsed": 165.268716, "delta": 1.436683}}
{"target": -170.02706529802262, "params": {"C": 471.9083368299807, "epsilon": 9.554873665577334, "gamma": 0.03094900779980851}, "datetime": {"datetime": "2021-09-22 18:25:36", "elapsed": 166.274197, "delta": 1.005481}}
{"target": -149.26895674897003, "params": {"C": 969.4827139258227, "epsilon": 16.932543598327662, "gamma": 0.041420333298005034}, "datetime": {"datetime": "2021-09-22 18:25:37", "elapsed": 167.564445, "delta": 1.290248}}
{"target": -302.78980280497734, "params": {"C": 797.4786124639162, "epsilon": 28.060129797118112, "gamma": 0.10857347084174973}, "datetime": {"datetime": "2021-09-22 18:25:38", "elapsed": 168.488, "delta": 0.923555}}
{"target": -192.43222111742114, "params": {"C": 669.6114311093222, "epsilon": 25.081807283391445, "gamma": 0.05029947550750837}, "datetime": {"datetime": "2021-09-22 18:25:39", "elapsed": 169.35991, "delta": 0.87191}}
{"target": -326.3116119127771, "params": {"C": 612.3434066552633, "epsilon": 13.772154144428233, "gamma": 0.11052856767242196}, "datetime": {"datetime": "2021-09-22 18:25:40", "elapsed": 170.29481, "delta": 0.9349}}
{"target": -218.37282491034682, "params": {"C": 268.9180088498082, "epsilon": 6.145178838832304, "gamma": 0.01943857438075152}, "datetime": {"datetime": "2021-09-22 18:25:41", "elapsed": 171.259181, "delta": 0.964371}}
{"target": -442.51617008095616, "params": {"C": 278.6446047197959, "epsilon": 19.55166656427253, "gamma": 0.11865952464514877}, "datetime": {"datetime": "2021-09-22 18:25:42", "elapsed": 172.217756, "delta": 0.958575}}
{"target": -365.83034980074456, "params": {"C": 475.27255484119087, "epsilon": 21.576583053125272, "gamma": 0.11914472274390712}, "datetime": {"datetime": "2021-09-22 18:25:43", "elapsed": 173.347847, "delta": 1.130091}}
{"target": -110.95691576316011, "params": {"C": 977.9667361499305, "epsilon": 8.408704141609476, "gamma": 0.02329440012990249}, "datetime": {"datetime": "2021-09-22 18:25:44", "elapsed": 174.315497, "delta": 0.96765}}
{"target": -123.33713479240241, "params": {"C": 578.6831538044078, "epsilon": 10.127878698596223, "gamma": 0.010683807235976459}, "datetime": {"datetime": "2021-09-22 18:25:45", "elapsed": 175.256538, "delta": 0.941041}}
{"target": -349.22212260203816, "params": {"C": 444.7950954720177, "epsilon": 22.40561238012082, "gamma": 0.10862372366760288}, "datetime": {"datetime": "2021-09-22 18:25:46", "elapsed": 176.19758, "delta": 0.941042}}
{"target": -420.43866848493144, "params": {"C": 472.0184910174893, "epsilon": 9.645889716260765, "gamma": 0.14557974802303972}, "datetime": {"datetime": "2021-09-22 18:25:47", "elapsed": 177.260539, "delta": 1.062959}}
{"target": -413.15253368105834, "params": {"C": 446.2056667962118, "epsilon": 9.521176666722841, "gamma": 0.13903957047243193}, "datetime": {"datetime": "2021-09-22 18:25:48", "elapsed": 178.359086, "delta": 1.098547}}
