{"target": -39.00945206549421, "params": {"C": 5857.202050148913, "epsilon": 6.145178838832304, "gamma": 0.010206016426247522}, "datetime": {"datetime": "2021-09-22 19:31:16", "elapsed": 201.937575, "delta": 1.122492}}
{"target": -240.2508688583792, "params": {"C": 5912.31942674551, "epsilon": 19.55166656427253, "gamma": 0.11644330531648431}, "datetime": {"datetime": "2021-09-22 19:31:17", "elapsed": 203.002896, "delta": 1.065321}}
{"target": -100.40565886227775, "params": {"C": 7269.616600149397, "epsilon": 14.826254603348751, "gamma": 0.047919629104643736}, "datetime": {"datetime": "2021-09-22 19:31:19", "elapsed": 204.570312, "delta": 1.567416}}
{"target": -38.92470903945113, "params": {"C": 9875.14483818294, "epsilon": 8.408704141609476, "gamma": 0.014334504139088452}, "datetime": {"datetime": "2021-09-22 19:31:20", "elapsed": 205.984067, "delta": 1.413755}}
{"target": -19.637046886986983, "params": {"C": 7612.53787155831, "epsilon": 10.127878698596223, "gamma": 0.0008321621762347945}, "datetime": {"datetime": "2021-09-22 19:31:21", "elapsed": 206.914885, "delta": 0.930818}}
{"target": -219.40546760168272, "params": {"C": 6853.838874341433, "epsilon": 22.40561238012082, "gamma": 0.10569782984124053}, "datetime": {"datetime": "2021-09-22 19:31:22", "elapsed": 208.035337, "delta": 1.120452}}
{"target": -294.5955476321699, "params": {"C": 7008.10478243244, "epsilon": 9.645889716260765, "gamma": 0.1452671730618118}, "datetime": {"datetime": "2021-09-22 19:31:23", "elapsed": 209.075884, "delta": 1.040547}}
{"target": -97.01328284649027, "params": {"C": 7862.964151617164, "epsilon": 18.207741999647684, "gamma": 0.04548310671870095}, "datetime": {"datetime": "2021-09-22 19:31:25", "elapsed": 210.474769, "delta": 1.398885}}
{"target": -168.7227526588515, "params": {"C": 8312.63153742671, "epsilon": 25.67397615550504, "gamma": 0.07988009381194704}, "datetime": {"datetime": "2021-09-22 19:31:26", "elapsed": 211.524901, "delta": 1.050132}}
{"target": -36.95842772215686, "params": {"C": 7612.465945557556, "epsilon": 4.055772420899011, "gamma": 0.01098273779273643}, "datetime": {"datetime": "2021-09-22 19:31:27", "elapsed": 212.776784, "delta": 1.251883}}
{"target": -135.69081545989297, "params": {"C": 7586.068367633499, "epsilon": 19.62453020742913, "gamma": 0.06579253474737971}, "datetime": {"datetime": "2021-09-22 19:31:28", "elapsed": 213.902442, "delta": 1.125658}}
{"target": -68.83120073893546, "params": {"C": 6803.2531913488565, "epsilon": 23.36127150113261, "gamma": 0.027341082665945673}, "datetime": {"datetime": "2021-09-22 19:31:29", "elapsed": 214.993147, "delta": 1.090705}}
{"target": -270.5748988035626, "params": {"C": 4993.448412466139, "epsilon": 21.693864080294933, "gamma": 0.13033766229646349}, "datetime": {"datetime": "2021-09-22 19:31:30", "elapsed": 216.038248, "delta": 1.045101}}
{"target": -81.81966027542592, "params": {"C": 9493.620799283155, "epsilon": 7.068294870155572, "gamma": 0.041091058826118104}, "datetime": {"datetime": "2021-09-22 19:31:32", "elapsed": 217.459854, "delta": 1.421606}}
{"target": -78.28464611499527, "params": {"C": 8331.434084883549, "epsilon": 7.627882021641822, "gamma": 0.03789738481543813}, "datetime": {"datetime": "2021-09-22 19:31:33", "elapsed": 218.979912, "delta": 1.520058}}
{"target": -279.2287708373679, "params": {"C": 8504.183298321599, "epsilon": 23.879442774987613, "gamma": 0.13460092029291043}, "datetime": {"datetime": "2021-09-22 19:31:34", "elapsed": 220.039952, "delta": 1.06004}}
{"target": -135.64058899557546, "params": {"C": 5868.764394506072, "epsilon": 11.497613280111848, "gamma": 0.06689364249412558}, "datetime": {"datetime": "2021-09-22 19:31:36", "elapsed": 221.22293, "delta": 1.182978}}
{"target": -251.19582411610975, "params": {"C": 6726.097713873497, "epsilon": 24.730268500314214, "gamma": 0.12063672152854049}, "datetime": {"datetime": "2021-09-22 19:31:37", "elapsed": 222.253763, "delta": 1.030833}}
{"target": -65.21557317429445, "params": {"C": 8534.10919347326, "epsilon": 3.946673385620651, "gamma": 0.030523855681974185}, "datetime": {"datetime": "2021-09-22 19:31:38", "elapsed": 223.778461, "delta": 1.524698}}
{"target": -46.22491993409774, "params": {"C": 7577.152301149539, "epsilon": 24.459434021761012, "gamma": 0.013148537774412685}, "datetime": {"datetime": "2021-09-22 19:31:39", "elapsed": 224.836163, "delta": 1.057702}}
{"target": -183.79186642778822, "params": {"C": 6009.011431318461, "epsilon": 4.334180213411007, "gamma": 0.09269993830733131}, "datetime": {"datetime": "2021-09-22 19:31:40", "elapsed": 225.989157, "delta": 1.152994}}
{"target": -33.10211967564632, "params": {"C": 5616.647518459042, "epsilon": 5.991489596106467, "gamma": 0.007284833183517839}, "datetime": {"datetime": "2021-09-22 19:31:41", "elapsed": 227.029157, "delta": 1.04}}
{"target": -43.12215505911108, "params": {"C": 8687.200028360427, "epsilon": 6.014212860512559, "gamma": 0.016649355556191396}, "datetime": {"datetime": "2021-09-22 19:31:43", "elapsed": 228.681809, "delta": 1.652652}}
{"target": -206.32051547726547, "params": {"C": 9996.154666936429, "epsilon": 7.397284252543539, "gamma": 0.1035636422812481}, "datetime": {"datetime": "2021-09-22 19:31:44", "elapsed": 229.832206, "delta": 1.150397}}
{"target": -167.6918258766442, "params": {"C": 7190.004606934999, "epsilon": 9.967798340203203, "gamma": 0.08380559466450681}, "datetime": {"datetime": "2021-09-22 19:31:45", "elapsed": 230.981844, "delta": 1.149638}}
{"target": -309.86152930086615, "params": {"C": 8680.76700461962, "epsilon": 27.284005031931873, "gamma": 0.14901963748797936}, "datetime": {"datetime": "2021-09-22 19:31:46", "elapsed": 231.993829, "delta": 1.011985}}
{"target": -189.98987122478235, "params": {"C": 9618.816603535497, "epsilon": 23.33338600231593, "gamma": 0.0907667038003324}, "datetime": {"datetime": "2021-09-22 19:31:47", "elapsed": 233.071193, "delta": 1.077364}}
{"target": -96.60409546119375, "params": {"C": 5921.468041294681, "epsilon": 21.60283416423478, "gamma": 0.043331235799338855}, "datetime": {"datetime": "2021-09-22 19:31:49", "elapsed": 234.310481, "delta": 1.239288}}
{"target": -281.18824715576375, "params": {"C": 7089.8851834992965, "epsilon": 23.419958822782043, "gamma": 0.13565038074306307}, "datetime": {"datetime": "2021-09-22 19:31:50", "elapsed": 235.400919, "delta": 1.090438}}
{"target": -27.801940618982975, "params": {"C": 7133.422392256785, "epsilon": 16.322247709424143, "gamma": 0.0050601685993101}, "datetime": {"datetime": "2021-09-22 19:31:51", "elapsed": 236.778233, "delta": 1.377314}}
{"target": -252.5338040015629, "params": {"C": 7954.337838614165, "epsilon": 8.453124822360811, "gamma": 0.12547383983325305}, "datetime": {"datetime": "2021-09-22 19:31:54", "elapsed": 239.573303, "delta": 1.30753}}
{"target": -131.88068545222836, "params": {"C": 5197.352363819006, "epsilon": 13.871821048790272, "gamma": 0.06368829193278672}, "datetime": {"datetime": "2021-09-22 19:31:55", "elapsed": 240.766213, "delta": 1.19291}}
{"target": -118.24878087906377, "params": {"C": 5764.980810522518, "epsilon": 24.7218559414891, "gamma": 0.054333896318482185}, "datetime": {"datetime": "2021-09-22 19:31:56", "elapsed": 241.85197, "delta": 1.085757}}
{"target": -207.63064461702345, "params": {"C": 8432.452319666208, "epsilon": 16.07666589383596, "gamma": 0.1018440619450097}, "datetime": {"datetime": "2021-09-22 19:31:57", "elapsed": 242.9907, "delta": 1.13873}}
{"target": -100.13060050595898, "params": {"C": 9850.497347920074, "epsilon": 25.239393445497345, "gamma": 0.045599371481292665}, "datetime": {"datetime": "2021-09-22 19:31:58", "elapsed": 244.200402, "delta": 1.209702}}
{"target": -212.2889101889077, "params": {"C": 5645.153302676262, "epsilon": 0.7039986729156416, "gamma": 0.10686224236936658}, "datetime": {"datetime": "2021-09-22 19:32:00", "elapsed": 245.779763, "delta": 1.579361}}
{"target": -207.60070920799618, "params": {"C": 6838.124450405363, "epsilon": 2.4578356166583677, "gamma": 0.104896887970096}, "datetime": {"datetime": "2021-09-22 19:32:01", "elapsed": 247.024616, "delta": 1.244853}}
{"target": -27.091251618791794, "params": {"C": 8600.370269824161, "epsilon": 13.438175853373922, "gamma": 0.005677827297351393}, "datetime": {"datetime": "2021-09-22 19:32:02", "elapsed": 248.174076, "delta": 1.14946}}
{"target": -77.00478252365927, "params": {"C": 9343.505179767526, "epsilon": 14.668053183415013, "gamma": 0.035785096276717346}, "datetime": {"datetime": "2021-09-22 19:32:05", "elapsed": 250.333109, "delta": 2.159033}}
{"target": -227.0898524108583, "params": {"C": 9335.589082155484, "epsilon": 21.476499136579164, "gamma": 0.10979709145174947}, "datetime": {"datetime": "2021-09-22 19:32:06", "elapsed": 251.546142, "delta": 1.213033}}
{"target": -66.40487449046134, "params": {"C": 9447.875290086955, "epsilon": 18.515955939369384, "gamma": 0.028827072220648484}, "datetime": {"datetime": "2021-09-22 19:32:07", "elapsed": 252.977654, "delta": 1.431512}}
{"target": -245.41496977744728, "params": {"C": 7395.628417485104, "epsilon": 26.051867800213255, "gamma": 0.1175076366318428}, "datetime": {"datetime": "2021-09-22 19:32:08", "elapsed": 254.117335, "delta": 1.139681}}
{"target": -32.05371399438103, "params": {"C": 5795.148955097313, "epsilon": 14.159508989579152, "gamma": 0.0062863328170986305}, "datetime": {"datetime": "2021-09-22 19:32:10", "elapsed": 255.69377, "delta": 1.576435}}
{"target": -96.04636490728319, "params": {"C": 8908.522352006092, "epsilon": 28.38543432470781, "gamma": 0.04221127663717413}, "datetime": {"datetime": "2021-09-22 19:32:11", "elapsed": 256.89924, "delta": 1.20547}}
{"target": -182.82961114217343, "params": {"C": 5759.556746347349, "epsilon": 12.464403046304607, "gamma": 0.0899320852242786}, "datetime": {"datetime": "2021-09-22 19:32:12", "elapsed": 258.084271, "delta": 1.185031}}
{"target": -182.3417443823121, "params": {"C": 9376.630045690252, "epsilon": 7.0769562035959686, "gamma": 0.09205131768138387}, "datetime": {"datetime": "2021-09-22 19:32:14", "elapsed": 259.414665, "delta": 1.330394}}
{"target": -284.49912743010003, "params": {"C": 6857.422164650551, "epsilon": 8.350881047470986, "gamma": 0.14054896735583122}, "datetime": {"datetime": "2021-09-22 19:32:15", "elapsed": 260.935784, "delta": 1.521119}}
{"target": -137.4026889111751, "params": {"C": 6657.586245406283, "epsilon": 6.451895237066652, "gamma": 0.06963562229035888}, "datetime": {"datetime": "2021-09-22 19:32:17", "elapsed": 262.433312, "delta": 1.497528}}
{"target": -23.63810744630865, "params": {"C": 8815.02605653712, "epsilon": 8.614044073398246, "gamma": 0.004763171472918692}, "datetime": {"datetime": "2021-09-22 19:32:18", "elapsed": 263.766008, "delta": 1.332696}}
{"target": -62.771787175370875, "params": {"C": 7074.184754406815, "epsilon": 23.854998320805148, "gamma": 0.023914302241391575}, "datetime": {"datetime": "2021-09-22 19:32:19", "elapsed": 264.98282, "delta": 1.216812}}
{"target": -298.9210427079217, "params": {"C": 6851.36874517123, "epsilon": 2.419516243432182, "gamma": 0.1484023572547326}, "datetime": {"datetime": "2021-09-22 19:32:20", "elapsed": 266.200973, "delta": 1.218153}}
{"target": -295.1161801971596, "params": {"C": 6416.189335124173, "epsilon": 1.9719307855726713, "gamma": 0.14653074162971735}, "datetime": {"datetime": "2021-09-22 19:32:22", "elapsed": 267.66398, "delta": 1.463007}}
{"target": -176.84886998823765, "params": {"C": 8691.77987949249, "epsilon": 19.45311289756151, "gamma": 0.08558560781936535}, "datetime": {"datetime": "2021-09-22 19:32:23", "elapsed": 268.940302, "delta": 1.276322}}
{"target": -79.75152520403962, "params": {"C": 6072.281250903158, "epsilon": 4.014496413011484, "gamma": 0.03682199281825733}, "datetime": {"datetime": "2021-09-22 19:32:25", "elapsed": 270.807326, "delta": 1.867024}}
{"target": -172.695103744243, "params": {"C": 7475.6136722035535, "epsilon": 19.345352926816425, "gamma": 0.08354456169171007}, "datetime": {"datetime": "2021-09-22 19:32:26", "elapsed": 272.013012, "delta": 1.205686}}
{"target": -147.44968932229804, "params": {"C": 5356.550393711317, "epsilon": 7.049680108967931, "gamma": 0.07341824018769423}, "datetime": {"datetime": "2021-09-22 19:32:28", "elapsed": 273.312113, "delta": 1.299101}}
{"target": -142.20692468166303, "params": {"C": 8798.230748315898, "epsilon": 10.26636836829091, "gamma": 0.07152117214203402}, "datetime": {"datetime": "2021-09-22 19:32:29", "elapsed": 274.672284, "delta": 1.360171}}
{"target": -203.45763489595907, "params": {"C": 5692.4269898967505, "epsilon": 13.66061066052957, "gamma": 0.09978545143424149}, "datetime": {"datetime": "2021-09-22 19:32:30", "elapsed": 275.97471, "delta": 1.302426}}
{"target": -136.3448508883073, "params": {"C": 9938.34330409819, "epsilon": 26.445729515048992, "gamma": 0.06425266959202233}, "datetime": {"datetime": "2021-09-22 19:32:32", "elapsed": 277.242579, "delta": 1.267869}}
{"target": -91.20666824895072, "params": {"C": 5302.732392091307, "epsilon": 11.669855741669323, "gamma": 0.0415535539395883}, "datetime": {"datetime": "2021-09-22 19:32:33", "elapsed": 279.203906, "delta": 1.961327}}
{"target": -74.21828571844706, "params": {"C": 7358.217203145767, "epsilon": 1.1870032331529505, "gamma": 0.03510057572564555}, "datetime": {"datetime": "2021-09-22 19:32:35", "elapsed": 280.736791, "delta": 1.532885}}
{"target": -247.42586241770718, "params": {"C": 8257.574895376987, "epsilon": 3.8062162160152564, "gamma": 0.12393616392944361}, "datetime": {"datetime": "2021-09-22 19:32:37", "elapsed": 282.408164, "delta": 1.671373}}
{"target": -41.6443244320207, "params": {"C": 9238.094831225026, "epsilon": 10.91070874234762, "gamma": 0.015193342344602123}, "datetime": {"datetime": "2021-09-22 19:32:38", "elapsed": 284.151893, "delta": 1.743729}}
{"target": -246.80067467824202, "params": {"C": 8360.293192082469, "epsilon": 15.33720599897714, "gamma": 0.12111933446282883}, "datetime": {"datetime": "2021-09-22 19:32:40", "elapsed": 285.447896, "delta": 1.296003}}
{"target": -71.00134811326666, "params": {"C": 9301.583891307255, "epsilon": 17.596878262411163, "gamma": 0.03164362558921461}, "datetime": {"datetime": "2021-09-22 19:32:41", "elapsed": 286.884014, "delta": 1.436118}}
{"target": -246.33870448230385, "params": {"C": 9082.235876869056, "epsilon": 0.5944991467412694, "gamma": 0.12398049950797442}, "datetime": {"datetime": "2021-09-22 19:32:43", "elapsed": 288.27666, "delta": 1.392646}}
{"target": -241.90678431020106, "params": {"C": 6444.14851423756, "epsilon": 28.447721618325694, "gamma": 0.11499118980310626}, "datetime": {"datetime": "2021-09-22 19:32:44", "elapsed": 289.817222, "delta": 1.540562}}
{"target": -136.10095250338208, "params": {"C": 9361.345891910805, "epsilon": 18.98901694176696, "gamma": 0.06629700089834975}, "datetime": {"datetime": "2021-09-22 19:32:46", "elapsed": 291.22196, "delta": 1.404738}}
{"target": -134.656792141514, "params": {"C": 8424.036903641849, "epsilon": 20.741762501837698, "gamma": 0.0650922817014376}, "datetime": {"datetime": "2021-09-22 19:32:47", "elapsed": 292.553875, "delta": 1.331915}}
{"target": -44.32394474925568, "params": {"C": 5301.699675482784, "epsilon": 11.578743130393216, "gamma": 0.011921251947031053}, "datetime": {"datetime": "2021-09-22 19:32:48", "elapsed": 293.807215, "delta": 1.25334}}
{"target": -43.95148841118363, "params": {"C": 7354.462374102953, "epsilon": 7.055936828048592, "gamma": 0.015366711553687434}, "datetime": {"datetime": "2021-09-22 19:32:50", "elapsed": 295.761359, "delta": 1.954144}}
{"target": -286.940446511312, "params": {"C": 9884.080826888028, "epsilon": 11.249854039701761, "gamma": 0.14138528080666576}, "datetime": {"datetime": "2021-09-22 19:32:51", "elapsed": 297.089408, "delta": 1.328049}}
{"target": -202.57999649197572, "params": {"C": 6625.618303831814, "epsilon": 22.971709307663918, "gamma": 0.09702125341245904}, "datetime": {"datetime": "2021-09-22 19:32:53", "elapsed": 298.380257, "delta": 1.290849}}
{"target": -208.58250101424088, "params": {"C": 5883.163792368684, "epsilon": 21.506780519232752, "gamma": 0.10019101949448132}, "datetime": {"datetime": "2021-09-22 19:32:54", "elapsed": 299.619364, "delta": 1.239107}}
{"target": -117.12800945682947, "params": {"C": 6906.439318117024, "epsilon": 23.152412817471028, "gamma": 0.054887738786664926}, "datetime": {"datetime": "2021-09-22 19:32:55", "elapsed": 300.915159, "delta": 1.295795}}
{"target": -116.51617378707175, "params": {"C": 6263.556325150083, "epsilon": 23.094904879718957, "gamma": 0.054199361061380326}, "datetime": {"datetime": "2021-09-22 19:32:57", "elapsed": 302.214214, "delta": 1.299055}}
{"target": -86.10229510563897, "params": {"C": 6483.706571215226, "epsilon": 16.508281015117607, "gamma": 0.03904667606440746}, "datetime": {"datetime": "2021-09-22 19:32:59", "elapsed": 304.245926, "delta": 2.031712}}
{"target": -65.1466988377769, "params": {"C": 5975.702664577206, "epsilon": 5.0216714130051505, "gamma": 0.02772569738357435}, "datetime": {"datetime": "2021-09-22 19:33:00", "elapsed": 305.77041, "delta": 1.524484}}
{"target": -140.4113575738252, "params": {"C": 8253.7690258414, "epsilon": 11.860789723396604, "gamma": 0.07016891149375631}, "datetime": {"datetime": "2021-09-22 19:33:01", "elapsed": 307.179568, "delta": 1.409158}}
{"target": -301.3265407499397, "params": {"C": 7171.0557491237705, "epsilon": 24.481905509714046, "gamma": 0.14539607879335492}, "datetime": {"datetime": "2021-09-22 19:33:03", "elapsed": 308.917355, "delta": 1.737787}}
{"target": -304.75278490774707, "params": {"C": 6477.850385674821, "epsilon": 14.855057063417439, "gamma": 0.14921658621615327}, "datetime": {"datetime": "2021-09-22 19:33:05", "elapsed": 310.765429, "delta": 1.848074}}
{"target": -279.25108182565594, "params": {"C": 9645.510230773605, "epsilon": 27.881887751637773, "gamma": 0.13356380798305525}, "datetime": {"datetime": "2021-09-22 19:33:06", "elapsed": 312.053164, "delta": 1.287735}}
{"target": -124.68456593809644, "params": {"C": 7149.305033108929, "epsilon": 24.74473136643849, "gamma": 0.05857429837324275}, "datetime": {"datetime": "2021-09-22 19:33:08", "elapsed": 313.4115, "delta": 1.358336}}
{"target": -129.46591952184053, "params": {"C": 9673.942510775065, "epsilon": 24.062343540845845, "gamma": 0.061547056294557645}, "datetime": {"datetime": "2021-09-22 19:33:10", "elapsed": 315.239983, "delta": 1.828483}}
{"target": -191.56739419425202, "params": {"C": 6082.526389643386, "epsilon": 27.274973287917767, "gamma": 0.09021514898901248}, "datetime": {"datetime": "2021-09-22 19:33:11", "elapsed": 316.484527, "delta": 1.244544}}
{"target": -86.50475686956464, "params": {"C": 8191.391193815782, "epsilon": 26.886368359742765, "gamma": 0.03709735521609927}, "datetime": {"datetime": "2021-09-22 19:33:12", "elapsed": 317.900182, "delta": 1.415655}}
{"target": -295.64984150146046, "params": {"C": 8326.33911585371, "epsilon": 23.246670716262322, "gamma": 0.14291018893626306}, "datetime": {"datetime": "2021-09-22 19:33:13", "elapsed": 319.164755, "delta": 1.264573}}
{"target": -252.5309485896182, "params": {"C": 6823.7070801117525, "epsilon": 9.984830508277984, "gamma": 0.12499921910531017}, "datetime": {"datetime": "2021-09-22 19:33:15", "elapsed": 320.452287, "delta": 1.287532}}
{"target": -203.54303535250358, "params": {"C": 6525.652784788725, "epsilon": 16.606962523452044, "gamma": 0.09931354093373182}, "datetime": {"datetime": "2021-09-22 19:33:16", "elapsed": 321.807944, "delta": 1.355657}}
{"target": -75.99161671161309, "params": {"C": 9616.428372021113, "epsilon": 21.093521101450186, "gamma": 0.03354704596583128}, "datetime": {"datetime": "2021-09-22 19:33:18", "elapsed": 323.729571, "delta": 1.921627}}
{"target": -279.1451847834171, "params": {"C": 6857.511527782961, "epsilon": 18.58199094066847, "gamma": 0.13583447302064422}, "datetime": {"datetime": "2021-09-22 19:33:20", "elapsed": 325.870097, "delta": 2.140526}}
{"target": -293.0858161742124, "params": {"C": 8335.49249767533, "epsilon": 5.921996224356731, "gamma": 0.1452656991186197}, "datetime": {"datetime": "2021-09-22 19:33:22", "elapsed": 327.773076, "delta": 1.902979}}
{"target": -177.84353421207237, "params": {"C": 5735.020758073608, "epsilon": 3.141784400493632, "gamma": 0.08982474977839756}, "datetime": {"datetime": "2021-09-22 19:33:23", "elapsed": 329.162472, "delta": 1.389396}}
{"target": -157.1555937102848, "params": {"C": 5644.6510732727465, "epsilon": 11.005828517840984, "gamma": 0.07758838355816643}, "datetime": {"datetime": "2021-09-22 19:33:25", "elapsed": 331.145411, "delta": 1.982939}}
{"target": -276.55732254142544, "params": {"C": 9659.675031591205, "epsilon": 23.640980622342415, "gamma": 0.133331363457208}, "datetime": {"datetime": "2021-09-22 19:33:28", "elapsed": 333.387636, "delta": 2.242225}}
{"target": -117.96359810906765, "params": {"C": 5376.555140501799, "epsilon": 16.13926803752242, "gamma": 0.05596721600477116}, "datetime": {"datetime": "2021-09-22 19:33:29", "elapsed": 334.861098, "delta": 1.473462}}
{"target": -168.9426512580228, "params": {"C": 7019.990463925576, "epsilon": 12.649235931755486, "gamma": 0.08362299997283855}, "datetime": {"datetime": "2021-09-22 19:33:31", "elapsed": 336.28339, "delta": 1.422292}}
{"target": -259.95025668108707, "params": {"C": 9260.738395868208, "epsilon": 0.7785321266367096, "gamma": 0.13036080141434975}, "datetime": {"datetime": "2021-09-22 19:33:32", "elapsed": 337.685736, "delta": 1.402346}}
{"target": -225.94934721784242, "params": {"C": 6038.380201400713, "epsilon": 19.452470007610014, "gamma": 0.10954986734409831}, "datetime": {"datetime": "2021-09-22 19:33:34", "elapsed": 339.586987, "delta": 1.901251}}
{"target": -285.1135852605649, "params": {"C": 8789.138365136783, "epsilon": 7.727008355402684, "gamma": 0.14115600253230098}, "datetime": {"datetime": "2021-09-22 19:33:36", "elapsed": 341.526646, "delta": 1.939659}}
