{"target": -1423.7473737352525, "params": {"C": 12293.436089792582, "epsilon": 27.38350732146773, "gamma": 0.4444402707601112}, "datetime": {"datetime": "2021-09-22 20:24:07", "elapsed": 516.093391, "delta": 1.994991}}
{"target": -717.7969046282038, "params": {"C": 7983.9334115241745, "epsilon": 5.56447972526586, "gamma": 0.12872604948503125}, "datetime": {"datetime": "2021-09-22 20:24:10", "elapsed": 519.081925, "delta": 2.988534}}
{"target": -136.15716337068815, "params": {"C": 4090.3470907326805, "epsilon": 25.829033195117184, "gamma": 0.02330315662898273}, "datetime": {"datetime": "2021-09-22 20:24:12", "elapsed": 520.998622, "delta": 1.916697}}
{"target": -371.7826492808378, "params": {"C": 11255.33007053861, "epsilon": 21.637702353920528, "gamma": 0.00010570730338550985}, "datetime": {"datetime": "2021-09-22 20:37:49", "elapsed": 0.0, "delta": 0.0}}
{"target": -28.38606074496288, "params": {"C": 9534.988589477596, "epsilon": 4.48800113543168, "gamma": 0.0047076958789630105}, "datetime": {"datetime": "2021-09-22 20:37:49", "elapsed": 0.590608, "delta": 0.590608}}
{"target": -110.53679033558937, "params": {"C": 7793.903170665064, "epsilon": 10.432265738587127, "gamma": 0.01989869696411043}, "datetime": {"datetime": "2021-09-22 20:37:50", "elapsed": 0.772609, "delta": 0.182001}}
{"target": -192.72323844745523, "params": {"C": 13082.251010050353, "epsilon": 12.633915980658514, "gamma": 0.0342924530697983}, "datetime": {"datetime": "2021-09-22 20:37:50", "elapsed": 1.038587, "delta": 0.265978}}
{"target": -27.060203158680658, "params": {"C": 8066.783745972762, "epsilon": 26.35571134808927, "gamma": 0.0014666409005765157}, "datetime": {"datetime": "2021-09-22 20:37:50", "elapsed": 1.138565, "delta": 0.099978}}
{"target": -155.30196215894048, "params": {"C": 15057.012652676034, "epsilon": 12.577413590777095, "gamma": 0.027978622439443008}, "datetime": {"datetime": "2021-09-22 20:37:50", "elapsed": 1.384153, "delta": 0.245588}}
{"target": -454.4525158090502, "params": {"C": 8731.2641766507, "epsilon": 20.625016253680897, "gamma": 0.0001}, "datetime": {"datetime": "2021-09-22 20:37:51", "elapsed": 1.715159, "delta": 0.331006}}
{"target": -214.7345210649334, "params": {"C": 8065.925552069481, "epsilon": 26.967685338585976, "gamma": 0.03733247824558168}, "datetime": {"datetime": "2021-09-22 20:37:51", "elapsed": 2.123154, "delta": 0.407995}}
{"target": -209.91841929616376, "params": {"C": 13937.666675939781, "epsilon": 7.904644758189984, "gamma": 0.03736177490525266}, "datetime": {"datetime": "2021-09-22 20:37:51", "elapsed": 2.434195, "delta": 0.311041}}
{"target": -268.9218601991694, "params": {"C": 8412.723020070041, "epsilon": 4.752140921907701, "gamma": 0.04737044220875065}, "datetime": {"datetime": "2021-09-22 20:37:52", "elapsed": 2.705156, "delta": 0.270961}}
{"target": -61.436936933253634, "params": {"C": 15893.840778218304, "epsilon": 21.88549921413569, "gamma": 0.009814932775955533}, "datetime": {"datetime": "2021-09-22 20:37:52", "elapsed": 3.340241, "delta": 0.635085}}
{"target": -130.9604745080732, "params": {"C": 12053.70036014112, "epsilon": 12.762432069817482, "gamma": 0.023648442248315964}, "datetime": {"datetime": "2021-09-22 20:37:53", "elapsed": 3.685241, "delta": 0.345}}
{"target": -132.89823032515187, "params": {"C": 19331.68363311793, "epsilon": 19.955735333677225, "gamma": 0.023588959932466198}, "datetime": {"datetime": "2021-09-22 20:37:53", "elapsed": 4.128243, "delta": 0.443002}}
{"target": -283.02851019198, "params": {"C": 12330.9908431228, "epsilon": 25.251242344594992, "gamma": 0.0489555150743924}, "datetime": {"datetime": "2021-09-22 20:37:53", "elapsed": 4.555241, "delta": 0.426998}}
{"target": -246.20083038748405, "params": {"C": 9837.091391552804, "epsilon": 22.929709918441578, "gamma": 0.04286238711228305}, "datetime": {"datetime": "2021-09-22 20:37:54", "elapsed": 4.774247, "delta": 0.219006}}
{"target": -262.26278373730196, "params": {"C": 17824.210600732047, "epsilon": 21.608626449290448, "gamma": 0.04560734908813601}, "datetime": {"datetime": "2021-09-22 20:37:54", "elapsed": 4.987248, "delta": 0.213001}}
{"target": -107.93921032318566, "params": {"C": 15156.672894014879, "epsilon": 16.482540176841805, "gamma": 0.019222137440221367}, "datetime": {"datetime": "2021-09-22 20:37:54", "elapsed": 5.317247, "delta": 0.329999}}
{"target": -87.62641073849916, "params": {"C": 7111.341515046281, "epsilon": 4.267448751258501, "gamma": 0.015909932361375594}, "datetime": {"datetime": "2021-09-22 20:37:55", "elapsed": 5.694278, "delta": 0.377031}}
{"target": -28.08818299645151, "params": {"C": 9110.007015262068, "epsilon": 22.954017274388562, "gamma": 0.0034368402284497197}, "datetime": {"datetime": "2021-09-22 20:37:55", "elapsed": 5.928242, "delta": 0.233964}}
{"target": -85.72307709061755, "params": {"C": 19089.943390379325, "epsilon": 28.503476749713883, "gamma": 0.014028658044666235}, "datetime": {"datetime": "2021-09-22 20:37:55", "elapsed": 6.178243, "delta": 0.250001}}
{"target": -33.73069144614193, "params": {"C": 13973.030275921372, "epsilon": 3.469791513554063, "gamma": 0.0059271977332529474}, "datetime": {"datetime": "2021-09-22 20:37:56", "elapsed": 6.977246, "delta": 0.799003}}
{"target": -184.40667303358842, "params": {"C": 14204.369910768253, "epsilon": 16.76601767967067, "gamma": 0.03271498532305882}, "datetime": {"datetime": "2021-09-22 20:37:56", "elapsed": 7.208284, "delta": 0.231038}}
{"target": -227.63687237612572, "params": {"C": 5252.189975438936, "epsilon": 7.82486942623078, "gamma": 0.040049176814143696}, "datetime": {"datetime": "2021-09-22 20:37:56", "elapsed": 7.409804, "delta": 0.20152}}
{"target": -235.78152157545898, "params": {"C": 9684.890573439086, "epsilon": 16.43312498588786, "gamma": 0.041355237322095964}, "datetime": {"datetime": "2021-09-22 20:37:57", "elapsed": 7.625797, "delta": 0.215993}}
{"target": -155.12130325776923, "params": {"C": 11959.424437118905, "epsilon": 4.161864397575123, "gamma": 0.028409931920844178}, "datetime": {"datetime": "2021-09-22 20:37:57", "elapsed": 7.914839, "delta": 0.289042}}
{"target": -278.5030798291093, "params": {"C": 18671.021719805416, "epsilon": 18.71796930081114, "gamma": 0.04846715990538926}, "datetime": {"datetime": "2021-09-22 20:37:57", "elapsed": 8.12083, "delta": 0.205991}}
{"target": -168.43449710757167, "params": {"C": 17060.687068872514, "epsilon": 9.60698898367243, "gamma": 0.030365818012490355}, "datetime": {"datetime": "2021-09-22 20:37:57", "elapsed": 8.364794, "delta": 0.243964}}
{"target": -195.63694032711973, "params": {"C": 8450.627727698, "epsilon": 2.0371258442675813, "gamma": 0.03522189780615264}, "datetime": {"datetime": "2021-09-22 20:37:58", "elapsed": 8.658838, "delta": 0.294044}}
{"target": -254.45472337508747, "params": {"C": 17871.31079231744, "epsilon": 25.616236593189765, "gamma": 0.04412104325025969}, "datetime": {"datetime": "2021-09-22 20:37:58", "elapsed": 8.883803, "delta": 0.224965}}
{"target": -110.65475180181166, "params": {"C": 13977.003018147723, "epsilon": 3.5424260463193886, "gamma": 0.02051764544698642}, "datetime": {"datetime": "2021-09-22 20:37:58", "elapsed": 9.268798, "delta": 0.384995}}
{"target": -83.72753230884935, "params": {"C": 17588.059647991824, "epsilon": 12.6134633132852, "gamma": 0.014874861926961662}, "datetime": {"datetime": "2021-09-22 20:37:59", "elapsed": 9.624796, "delta": 0.355998}}
{"target": -219.86513184659296, "params": {"C": 9621.937845992865, "epsilon": 25.73448074006055, "gamma": 0.03825851522678586}, "datetime": {"datetime": "2021-09-22 20:37:59", "elapsed": 9.851797, "delta": 0.227001}}
{"target": -66.89348999550934, "params": {"C": 9911.838159208546, "epsilon": 16.586751022505084, "gamma": 0.011231089768544813}, "datetime": {"datetime": "2021-09-22 20:37:59", "elapsed": 10.224803, "delta": 0.373006}}
{"target": -264.06046785006936, "params": {"C": 5644.879959279988, "epsilon": 12.504402357704922, "gamma": 0.00036404949325226973}, "datetime": {"datetime": "2021-09-22 20:37:59", "elapsed": 10.444794, "delta": 0.219991}}
{"target": -256.5093340035044, "params": {"C": 9109.316903319872, "epsilon": 22.189188549679745, "gamma": 0.04461346529125856}, "datetime": {"datetime": "2021-09-22 20:38:00", "elapsed": 10.695795, "delta": 0.251001}}
{"target": -195.8904383690787, "params": {"C": 7076.795136483164, "epsilon": 13.186855282304963, "gamma": 0.03478413719919439}, "datetime": {"datetime": "2021-09-22 20:38:00", "elapsed": 10.967797, "delta": 0.272002}}
{"target": -151.7773320630204, "params": {"C": 8273.97485339808, "epsilon": 22.267096691264975, "gamma": 0.02681535893382707}, "datetime": {"datetime": "2021-09-22 20:38:00", "elapsed": 11.250804, "delta": 0.283007}}
{"target": -101.13741964935683, "params": {"C": 6548.019020162525, "epsilon": 1.8087511503632996, "gamma": 0.018545339302730487}, "datetime": {"datetime": "2021-09-22 20:38:01", "elapsed": 11.625797, "delta": 0.374993}}
{"target": -24.294698578182505, "params": {"C": 11553.734104852789, "epsilon": 5.8848278997703956, "gamma": 0.0038807191675815137}, "datetime": {"datetime": "2021-09-22 20:38:01", "elapsed": 12.397839, "delta": 0.772042}}
{"target": -138.8948623331337, "params": {"C": 5632.5791995832915, "epsilon": 3.5934623866522046, "gamma": 0.025138020373346642}, "datetime": {"datetime": "2021-09-22 20:38:02", "elapsed": 12.691796, "delta": 0.293957}}
{"target": -226.86730217439307, "params": {"C": 12807.073143289905, "epsilon": 24.81624126391486, "gamma": 0.039490058003657035}, "datetime": {"datetime": "2021-09-22 20:38:02", "elapsed": 12.912796, "delta": 0.221}}
{"target": -250.32968471472236, "params": {"C": 7971.4877818398345, "epsilon": 10.676325780894986, "gamma": 0.04401383261245027}, "datetime": {"datetime": "2021-09-22 20:38:02", "elapsed": 13.165802, "delta": 0.253006}}
{"target": -58.690802930907424, "params": {"C": 16442.71683023127, "epsilon": 14.100392298628917, "gamma": 0.009880418837441972}, "datetime": {"datetime": "2021-09-22 20:38:02", "elapsed": 13.587794, "delta": 0.421992}}
{"target": -12.6607590928737, "params": {"C": 17508.226060982597, "epsilon": 3.8084165274915587, "gamma": 0.0019062933908337797}, "datetime": {"datetime": "2021-09-22 20:38:04", "elapsed": 14.828797, "delta": 1.241003}}
{"target": -22.81279131111768, "params": {"C": 12421.065091687473, "epsilon": 25.61222692920541, "gamma": 0.0020505934626979735}, "datetime": {"datetime": "2021-09-22 20:38:04", "elapsed": 15.161822, "delta": 0.333025}}
{"target": -45.209841483870136, "params": {"C": 8820.90516042377, "epsilon": 25.380154099736, "gamma": 0.006619774913304712}, "datetime": {"datetime": "2021-09-22 20:38:04", "elapsed": 15.599801, "delta": 0.437979}}
{"target": -248.13412977864155, "params": {"C": 16320.54255904323, "epsilon": 7.167658224168215, "gamma": 0.04377200623847185}, "datetime": {"datetime": "2021-09-22 20:38:05", "elapsed": 15.933798, "delta": 0.333997}}
{"target": -266.10979618074043, "params": {"C": 5232.920567773926, "epsilon": 23.290874868432304, "gamma": 0.046064781908552434}, "datetime": {"datetime": "2021-09-22 20:38:05", "elapsed": 16.418688, "delta": 0.48489}}
{"target": -188.48581795686866, "params": {"C": 11959.315720354913, "epsilon": 4.136686564929339, "gamma": 0.03395960088206377}, "datetime": {"datetime": "2021-09-22 20:38:06", "elapsed": 16.903689, "delta": 0.485001}}
{"target": -283.2602304098106, "params": {"C": 13945.983617945092, "epsilon": 14.030115129096053, "gamma": 0.04943461174647392}, "datetime": {"datetime": "2021-09-22 20:38:06", "elapsed": 17.20369, "delta": 0.300001}}
{"target": -76.89509484843782, "params": {"C": 11555.116306165244, "epsilon": 5.229683872575114, "gamma": 0.01393696437764218}, "datetime": {"datetime": "2021-09-22 20:38:07", "elapsed": 17.82769, "delta": 0.624}}
{"target": -83.76625239711464, "params": {"C": 6252.701667052201, "epsilon": 6.147833385491696, "gamma": 0.014961357140766568}, "datetime": {"datetime": "2021-09-22 20:38:07", "elapsed": 18.316688, "delta": 0.488998}}
{"target": -36.94740772120389, "params": {"C": 5998.906358197231, "epsilon": 15.307638194571071, "gamma": 0.005500121219669825}, "datetime": {"datetime": "2021-09-22 20:38:08", "elapsed": 18.842687, "delta": 0.525999}}
{"target": -120.73261269665953, "params": {"C": 10382.949380934857, "epsilon": 4.054812378308467, "gamma": 0.022257209624142904}, "datetime": {"datetime": "2021-09-22 20:38:08", "elapsed": 19.458873, "delta": 0.616186}}
{"target": -178.63367637752586, "params": {"C": 14829.666722401806, "epsilon": 7.554185276988381, "gamma": 0.032178239375331395}, "datetime": {"datetime": "2021-09-22 20:38:09", "elapsed": 19.842082, "delta": 0.383209}}
{"target": -261.189254492617, "params": {"C": 19879.454265518925, "epsilon": 25.747870366431812, "gamma": 0.04524363862589496}, "datetime": {"datetime": "2021-09-22 20:38:09", "elapsed": 20.149083, "delta": 0.307001}}
{"target": -257.0904524593364, "params": {"C": 17587.638495182466, "epsilon": 12.412321424969363, "gamma": 0.045084091708110875}, "datetime": {"datetime": "2021-09-22 20:38:09", "elapsed": 20.615711, "delta": 0.466628}}
{"target": -285.6005078792545, "params": {"C": 5633.058741793235, "epsilon": 19.763448844370462, "gamma": 0.04955938522839225}, "datetime": {"datetime": "2021-09-22 20:38:10", "elapsed": 21.042708, "delta": 0.426997}}
{"target": -169.40388040078315, "params": {"C": 17588.421952675864, "epsilon": 12.32760909408003, "gamma": 0.03039345667487545}, "datetime": {"datetime": "2021-09-22 20:38:11", "elapsed": 21.645491, "delta": 0.602783}}
{"target": -281.50450820408963, "params": {"C": 6629.593103214965, "epsilon": 24.480838325211895, "gamma": 0.04873401672457024}, "datetime": {"datetime": "2021-09-22 20:38:11", "elapsed": 22.043497, "delta": 0.398006}}
{"target": -113.55609900295026, "params": {"C": 18076.205027419535, "epsilon": 5.439995641394417, "gamma": 0.020997431474574113}, "datetime": {"datetime": "2021-09-22 20:38:12", "elapsed": 22.627489, "delta": 0.583992}}
{"target": -189.68620800189453, "params": {"C": 6078.682317410903, "epsilon": 4.767606599133359, "gamma": 0.033906392812732215}, "datetime": {"datetime": "2021-09-22 20:38:12", "elapsed": 23.046491, "delta": 0.419002}}
{"target": -161.4701442303629, "params": {"C": 14411.621069873552, "epsilon": 8.829011859891255, "gamma": 0.02923551125611006}, "datetime": {"datetime": "2021-09-22 20:38:12", "elapsed": 23.396618, "delta": 0.350127}}
{"target": -140.54320805056156, "params": {"C": 13513.282409721838, "epsilon": 8.332228688445435, "gamma": 0.02567081188858566}, "datetime": {"datetime": "2021-09-22 20:38:13", "elapsed": 23.776782, "delta": 0.380164}}
{"target": -18.87917629405524, "params": {"C": 19288.01646970023, "epsilon": 7.532669979232977, "gamma": 0.0028259973816181813}, "datetime": {"datetime": "2021-09-22 20:38:14", "elapsed": 24.985428, "delta": 1.208646}}
{"target": -54.003577886975265, "params": {"C": 15157.49244685017, "epsilon": 15.543788162174605, "gamma": 0.00885516894472196}, "datetime": {"datetime": "2021-09-22 20:38:14", "elapsed": 25.555884, "delta": 0.570456}}
{"target": -88.93364255921277, "params": {"C": 5255.158192161413, "epsilon": 8.870336921082563, "gamma": 0.015648827282236568}, "datetime": {"datetime": "2021-09-22 20:38:15", "elapsed": 25.965849, "delta": 0.409965}}
{"target": -46.801207150926565, "params": {"C": 6293.722100819348, "epsilon": 16.461455931133315, "gamma": 0.007337071843275836}, "datetime": {"datetime": "2021-09-22 20:38:15", "elapsed": 26.429888, "delta": 0.464039}}
{"target": -193.7476921205375, "params": {"C": 9941.666420886791, "epsilon": 21.4290014290743, "gamma": 0.03407849910261131}, "datetime": {"datetime": "2021-09-22 20:38:16", "elapsed": 26.797879, "delta": 0.367991}}
{"target": -228.60708333101985, "params": {"C": 19288.15953762838, "epsilon": 8.176478016744094, "gamma": 0.04047069415788797}, "datetime": {"datetime": "2021-09-22 20:38:16", "elapsed": 27.194841, "delta": 0.396962}}
{"target": -98.05651405843673, "params": {"C": 8274.238323781332, "epsilon": 22.875348227930857, "gamma": 0.016853532591909245}, "datetime": {"datetime": "2021-09-22 20:38:17", "elapsed": 27.626313, "delta": 0.431472}}
{"target": -95.21852660064843, "params": {"C": 12420.783508923785, "epsilon": 26.4422599488756, "gamma": 0.01607533938771004}, "datetime": {"datetime": "2021-09-22 20:38:17", "elapsed": 28.025153, "delta": 0.39884}}
{"target": -81.39144843560399, "params": {"C": 8259.929069354925, "epsilon": 8.523916051347513, "gamma": 0.014594281622203598}, "datetime": {"datetime": "2021-09-22 20:38:17", "elapsed": 28.488159, "delta": 0.463006}}
{"target": -93.17493180645172, "params": {"C": 6252.0262741026145, "epsilon": 5.7619229039194595, "gamma": 0.016781043533076644}, "datetime": {"datetime": "2021-09-22 20:38:18", "elapsed": 29.009158, "delta": 0.520999}}
{"target": -117.6141136637909, "params": {"C": 12585.836969681186, "epsilon": 29.699469238863987, "gamma": 0.020182153073768187}, "datetime": {"datetime": "2021-09-22 20:38:18", "elapsed": 29.361751, "delta": 0.352593}}
{"target": -82.26385780822119, "params": {"C": 19089.566783583206, "epsilon": 28.307099428518455, "gamma": 0.013359291649723638}, "datetime": {"datetime": "2021-09-22 20:38:19", "elapsed": 29.813966, "delta": 0.452215}}
{"target": -162.97328469589613, "params": {"C": 11875.067744302152, "epsilon": 29.08151949043668, "gamma": 0.02849529887591501}, "datetime": {"datetime": "2021-09-22 20:38:19", "elapsed": 30.158927, "delta": 0.344961}}
{"target": -185.27120055725993, "params": {"C": 6293.333976296332, "epsilon": 15.620058145985707, "gamma": 0.0328210180347307}, "datetime": {"datetime": "2021-09-22 20:38:19", "elapsed": 30.495968, "delta": 0.337041}}
{"target": -121.23200818085819, "params": {"C": 7017.014229547428, "epsilon": 28.165264017833984, "gamma": 0.000572614486456126}, "datetime": {"datetime": "2021-09-22 20:38:20", "elapsed": 30.809521, "delta": 0.313553}}
{"target": -178.61537898335538, "params": {"C": 9770.581024161005, "epsilon": 24.202086328441354, "gamma": 0.03141208869879089}, "datetime": {"datetime": "2021-09-22 20:38:20", "elapsed": 31.21853, "delta": 0.409009}}
{"target": -146.0788984445096, "params": {"C": 7651.606288673382, "epsilon": 6.355479650325365, "gamma": 0.026576961344429547}, "datetime": {"datetime": "2021-09-22 20:38:21", "elapsed": 31.662491, "delta": 0.443961}}
{"target": -152.34485137292538, "params": {"C": 17381.194475476674, "epsilon": 3.6847673913331076, "gamma": 0.027959611931219423}, "datetime": {"datetime": "2021-09-22 20:38:21", "elapsed": 32.097491, "delta": 0.435}}
{"target": -261.60518124259414, "params": {"C": 15652.635280764793, "epsilon": 13.74335316284409, "gamma": 0.045794281657200106}, "datetime": {"datetime": "2021-09-22 20:38:21", "elapsed": 32.48149, "delta": 0.383999}}
{"target": -242.70204010100093, "params": {"C": 9912.173982376251, "epsilon": 16.394468846013822, "gamma": 0.042519256525183145}, "datetime": {"datetime": "2021-09-22 20:38:22", "elapsed": 32.823484, "delta": 0.341994}}
{"target": -169.99832508920895, "params": {"C": 13936.143155723414, "epsilon": 28.5173904491479, "gamma": 0.029746175271031402}, "datetime": {"datetime": "2021-09-22 20:38:22", "elapsed": 33.18749, "delta": 0.364006}}
{"target": -153.0223707248307, "params": {"C": 17466.431048557235, "epsilon": 25.225868774254252, "gamma": 0.026920699481259622}, "datetime": {"datetime": "2021-09-22 20:38:22", "elapsed": 33.584508, "delta": 0.397018}}
{"target": -78.18405968931233, "params": {"C": 12053.986015104854, "epsilon": 13.089519612329426, "gamma": 0.013715311786531131}, "datetime": {"datetime": "2021-09-22 20:38:23", "elapsed": 34.216513, "delta": 0.632005}}
{"target": -222.6294609482482, "params": {"C": 16889.330731250422, "epsilon": 4.313003497692623, "gamma": 0.039633853876895594}, "datetime": {"datetime": "2021-09-22 20:38:24", "elapsed": 34.672767, "delta": 0.456254}}
{"target": -49.17629163006221, "params": {"C": 8820.014824123129, "epsilon": 24.727574751089136, "gamma": 0.007393517243162027}, "datetime": {"datetime": "2021-09-22 20:38:24", "elapsed": 35.177771, "delta": 0.505004}}
{"target": -43.56114670782701, "params": {"C": 10850.16098351319, "epsilon": 1.155180940847281, "gamma": 0.007827031284762946}, "datetime": {"datetime": "2021-09-22 20:38:25", "elapsed": 36.101168, "delta": 0.923397}}
{"target": -18.841605743706815, "params": {"C": 5381.287328747245, "epsilon": 1.1797805502804717, "gamma": 0.001588264100602832}, "datetime": {"datetime": "2021-09-22 20:38:25", "elapsed": 36.538167, "delta": 0.436999}}
{"target": -26.321709910193814, "params": {"C": 10861.959853464446, "epsilon": 5.623195118868332, "gamma": 0.004274411814463215}, "datetime": {"datetime": "2021-09-22 20:38:26", "elapsed": 37.255166, "delta": 0.716999}}
{"target": -74.05395934925798, "params": {"C": 13973.556602927727, "epsilon": 2.6677619162237005, "gamma": 0.01354720828483194}, "datetime": {"datetime": "2021-09-22 20:38:27", "elapsed": 38.012248, "delta": 0.757082}}
{"target": -91.19237194341387, "params": {"C": 13513.182531099066, "epsilon": 8.753653720410432, "gamma": 0.01651630114631392}, "datetime": {"datetime": "2021-09-22 20:38:27", "elapsed": 38.581244, "delta": 0.568996}}
{"target": -270.9761884891973, "params": {"C": 18075.876666039847, "epsilon": 5.235957172674071, "gamma": 0.047697246831223665}, "datetime": {"datetime": "2021-09-22 20:38:28", "elapsed": 38.984284, "delta": 0.40304}}
{"target": -132.02228220053152, "params": {"C": 8821.534453256465, "epsilon": 25.15342587618874, "gamma": 0.023117587560017756}, "datetime": {"datetime": "2021-09-22 20:38:28", "elapsed": 39.415506, "delta": 0.431222}}
{"target": -197.40599177358646, "params": {"C": 17588.350160583577, "epsilon": 12.887596012049745, "gamma": 0.03506141780284762}, "datetime": {"datetime": "2021-09-22 20:38:29", "elapsed": 39.874119, "delta": 0.458613}}
