{"target": -161.17980225141272, "params": {"C": 12412.288958948626, "epsilon": 20.034897048550626, "gamma": 0.07790314190487391}, "datetime": {"datetime": "2021-09-22 19:55:59", "elapsed": 558.756742, "delta": 2.000386}}
{"target": -55.48190228061554, "params": {"C": 15783.102657521113, "epsilon": 9.339972355064825, "gamma": 0.026523792740035364}, "datetime": {"datetime": "2021-09-22 19:56:03", "elapsed": 562.148437, "delta": 3.391695}}
{"target": -162.13357551699227, "params": {"C": 8342.885967848284, "epsilon": 12.018517312312424, "gamma": 0.08069649692458998}, "datetime": {"datetime": "2021-09-22 19:56:05", "elapsed": 564.061439, "delta": 1.913002}}
{"target": -170.0715575559005, "params": {"C": 14722.265936926098, "epsilon": 18.84077648751023, "gamma": 0.08251052575080403}, "datetime": {"datetime": "2021-09-22 19:56:07", "elapsed": 565.950499, "delta": 1.88906}}
{"target": -115.27997078043525, "params": {"C": 12117.324847525157, "epsilon": 6.017090505522376, "gamma": 0.059778766873076275}, "datetime": {"datetime": "2021-09-22 19:56:09", "elapsed": 568.903733, "delta": 2.953234}}
{"target": -257.2576642509984, "params": {"C": 8803.929216865832, "epsilon": 21.67667589617921, "gamma": 0.12442065946201697}, "datetime": {"datetime": "2021-09-22 19:56:12", "elapsed": 570.983408, "delta": 2.079675}}
{"target": -140.75806305468674, "params": {"C": 8444.1085290632, "epsilon": 13.544133619937602, "gamma": 0.06992920641104382}, "datetime": {"datetime": "2021-09-22 19:56:13", "elapsed": 572.884411, "delta": 1.901003}}
{"target": -206.37326432106317, "params": {"C": 6925.195595084554, "epsilon": 19.603038590037272, "gamma": 0.09993250766131347}, "datetime": {"datetime": "2021-09-22 19:56:15", "elapsed": 574.784372, "delta": 1.899961}}
{"target": -74.18187144400015, "params": {"C": 9042.73712068894, "epsilon": 8.465621241787584, "gamma": 0.0357538712639187}, "datetime": {"datetime": "2021-09-22 19:56:19", "elapsed": 578.732722, "delta": 3.94835}}
{"target": -133.9275350548118, "params": {"C": 18695.079227440245, "epsilon": 16.316234538871022, "gamma": 0.06576083657015379}, "datetime": {"datetime": "2021-09-22 19:56:21", "elapsed": 580.826428, "delta": 2.093706}}
{"target": -29.15167968676484, "params": {"C": 7169.457413980501, "epsilon": 6.214124271336599, "gamma": 0.006561838421298411}, "datetime": {"datetime": "2021-09-22 19:56:24", "elapsed": 583.531915, "delta": 2.705487}}
{"target": -131.67052013015768, "params": {"C": 18481.811536793997, "epsilon": 16.08745148658727, "gamma": 0.0647070064639435}, "datetime": {"datetime": "2021-09-22 19:56:26", "elapsed": 585.625648, "delta": 2.093733}}
{"target": -251.51370876729953, "params": {"C": 13328.040349072404, "epsilon": 0.32300458841599133, "gamma": 0.12643241399155225}, "datetime": {"datetime": "2021-09-22 19:56:29", "elapsed": 588.297808, "delta": 2.67216}}
{"target": -283.2186451223181, "params": {"C": 18246.65475610378, "epsilon": 18.86274658891615, "gamma": 0.13780736024713167}, "datetime": {"datetime": "2021-09-22 19:56:31", "elapsed": 590.674446, "delta": 2.376638}}
{"target": -121.7479025583774, "params": {"C": 13692.493508936275, "epsilon": 13.109471187597537, "gamma": 0.06066980577153156}, "datetime": {"datetime": "2021-09-22 19:56:33", "elapsed": 592.794934, "delta": 2.120488}}
{"target": -278.5361802781361, "params": {"C": 14605.135519630789, "epsilon": 27.38350732146773, "gamma": 0.13333986114611057}, "datetime": {"datetime": "2021-09-22 19:56:35", "elapsed": 594.816511, "delta": 2.021577}}
{"target": -75.47409659182198, "params": {"C": 11588.332804707157, "epsilon": 5.56447972526586, "gamma": 0.03866980359633164}, "datetime": {"datetime": "2021-09-22 19:56:40", "elapsed": 598.967294, "delta": 4.150783}}
{"target": -104.1370712102954, "params": {"C": 9836.425918679872, "epsilon": 22.422260733117866, "gamma": 0.04865777459994713}, "datetime": {"datetime": "2021-09-22 19:56:42", "elapsed": 601.452493, "delta": 2.485199}}
