{"target": -26.416987031823563, "params": {"C": 5029.637691774064, "epsilon": 1.1797805502804717, "gamma": 0.004570757288183658}, "datetime": {"datetime": "2021-09-22 19:28:29", "elapsed": 34.768345, "delta": 0.398034}}
{"target": -40.74478417118822, "params": {"C": 6893.066350177912, "epsilon": 5.623195118868332, "gamma": 0.01263996655286645}, "datetime": {"datetime": "2021-09-22 19:28:30", "elapsed": 35.262307, "delta": 0.493962}}
{"target": -245.1276015660709, "params": {"C": 7335.84973533956, "epsilon": 6.406973530916449, "gamma": 0.12235622357578436}, "datetime": {"datetime": "2021-09-22 19:28:30", "elapsed": 35.737226, "delta": 0.474919}}
{"target": -274.35397502661766, "params": {"C": 8925.410183670512, "epsilon": 21.513204384119177, "gamma": 0.13279764813619177}, "datetime": {"datetime": "2021-09-22 19:28:30", "elapsed": 36.160682, "delta": 0.423456}}
{"target": -171.15169169761745, "params": {"C": 5673.682810507708, "epsilon": 28.32450902338436, "gamma": 0.08018508259590058}, "datetime": {"datetime": "2021-09-22 19:28:31", "elapsed": 36.583224, "delta": 0.422542}}
{"target": -237.03532446787239, "params": {"C": 7368.951518968568, "epsilon": 12.522267637237393, "gamma": 0.11713901654919763}, "datetime": {"datetime": "2021-09-22 19:28:31", "elapsed": 36.990222, "delta": 0.406998}}
{"target": -117.81732982632528, "params": {"C": 9444.747434575358, "epsilon": 24.601063108916488, "gamma": 0.05521864162198827}, "datetime": {"datetime": "2021-09-22 19:28:32", "elapsed": 37.550788, "delta": 0.560566}}
{"target": -160.00891454337113, "params": {"C": 6319.551422479073, "epsilon": 23.457096360831276, "gamma": 0.076329462321543}, "datetime": {"datetime": "2021-09-22 19:28:32", "elapsed": 37.998162, "delta": 0.447374}}
{"target": -51.16127512587323, "params": {"C": 8159.435814431114, "epsilon": 3.0642871554837634, "gamma": 0.021610598023200332}, "datetime": {"datetime": "2021-09-22 19:28:33", "elapsed": 39.085001, "delta": 1.086839}}
{"target": -172.93628230411096, "params": {"C": 8276.86148191315, "epsilon": 25.877670661974463, "gamma": 0.08180858322270186}, "datetime": {"datetime": "2021-09-22 19:28:34", "elapsed": 39.487025, "delta": 0.402024}}
{"target": -267.6998831237259, "params": {"C": 9059.709721876487, "epsilon": 12.934879670318407, "gamma": 0.13178253600065695}, "datetime": {"datetime": "2021-09-22 19:28:34", "elapsed": 39.901768, "delta": 0.414743}}
{"target": -93.81942538809956, "params": {"C": 6932.711058070057, "epsilon": 19.714086620817906, "gamma": 0.0426991976534611}, "datetime": {"datetime": "2021-09-22 19:28:35", "elapsed": 40.587567, "delta": 0.685799}}
{"target": -108.15162850799292, "params": {"C": 5220.07357321679, "epsilon": 26.041729053195713, "gamma": 0.048011776967170676}, "datetime": {"datetime": "2021-09-22 19:28:35", "elapsed": 41.032963, "delta": 0.445396}}
{"target": -291.8811477980391, "params": {"C": 6971.980994521422, "epsilon": 15.749703094103607, "gamma": 0.14275072203277644}, "datetime": {"datetime": "2021-09-22 19:28:36", "elapsed": 41.440837, "delta": 0.407874}}
{"target": -183.1886338495242, "params": {"C": 9172.324803068586, "epsilon": 9.785249969970982, "gamma": 0.09172532801769716}, "datetime": {"datetime": "2021-09-22 19:28:36", "elapsed": 42.068493, "delta": 0.627656}}
{"target": -57.95884133261648, "params": {"C": 6404.261743567424, "epsilon": 0.35431942799248783, "gamma": 0.02344769613631201}, "datetime": {"datetime": "2021-09-22 19:28:37", "elapsed": 42.853494, "delta": 0.785001}}
{"target": -209.9722304269797, "params": {"C": 9491.5819259485, "epsilon": 24.465484423738232, "gamma": 0.10039905807570267}, "datetime": {"datetime": "2021-09-22 19:28:38", "elapsed": 43.347202, "delta": 0.493708}}
{"target": -269.2778984914689, "params": {"C": 5187.118145525557, "epsilon": 20.23306138592748, "gamma": 0.13019874992712618}, "datetime": {"datetime": "2021-09-22 19:28:38", "elapsed": 43.769909, "delta": 0.422707}}
{"target": -275.7866695447786, "params": {"C": 5294.177304030327, "epsilon": 25.328186102400455, "gamma": 0.13227370329489518}, "datetime": {"datetime": "2021-09-22 19:28:39", "elapsed": 44.222093, "delta": 0.452184}}
{"target": -296.5947842635817, "params": {"C": 9074.37682540861, "epsilon": 26.025136329443143, "gamma": 0.1426764325137353}, "datetime": {"datetime": "2021-09-22 19:28:39", "elapsed": 44.662799, "delta": 0.440706}}
{"target": -125.04294641622894, "params": {"C": 8411.196256039337, "epsilon": 17.474828656666833, "gamma": 0.06106636433860612}, "datetime": {"datetime": "2021-09-22 19:28:40", "elapsed": 45.256256, "delta": 0.593457}}
{"target": -68.84426992399936, "params": {"C": 9761.945355925036, "epsilon": 10.244115995258257, "gamma": 0.0324566526506164}, "datetime": {"datetime": "2021-09-22 19:28:40", "elapsed": 46.064147, "delta": 0.807891}}
{"target": -58.925692787457194, "params": {"C": 6883.470528508456, "epsilon": 14.406014225347638, "gamma": 0.024038734226374696}, "datetime": {"datetime": "2021-09-22 19:28:41", "elapsed": 46.653732, "delta": 0.589585}}
{"target": -212.3465681257747, "params": {"C": 8871.97320481343, "epsilon": 28.35865800480149, "gamma": 0.10041336426760436}, "datetime": {"datetime": "2021-09-22 19:28:41", "elapsed": 47.077954, "delta": 0.424222}}
{"target": -196.15910131010895, "params": {"C": 8191.217705194108, "epsilon": 6.216923965561399, "gamma": 0.09881325197919574}, "datetime": {"datetime": "2021-09-22 19:28:42", "elapsed": 47.735878, "delta": 0.657924}}
{"target": -49.366119584981604, "params": {"C": 9612.221884208417, "epsilon": 0.7571372871596778, "gamma": 0.021935157818664716}, "datetime": {"datetime": "2021-09-22 19:28:44", "elapsed": 49.238913, "delta": 1.503035}}
{"target": -55.48120430038106, "params": {"C": 5798.271551860704, "epsilon": 5.950016116731373, "gamma": 0.02083198032610173}, "datetime": {"datetime": "2021-09-22 19:28:44", "elapsed": 49.876877, "delta": 0.637964}}
{"target": -46.95054810804107, "params": {"C": 9511.441249701416, "epsilon": 1.7057733172185197, "gamma": 0.020168707885698703}, "datetime": {"datetime": "2021-09-22 19:28:45", "elapsed": 50.933416, "delta": 1.056539}}
{"target": -266.37188928986734, "params": {"C": 8554.38435020296, "epsilon": 16.997060112923528, "gamma": 0.13006541121420157}, "datetime": {"datetime": "2021-09-22 19:28:46", "elapsed": 51.38467, "delta": 0.451254}}
{"target": -208.2084943267703, "params": {"C": 9707.564402970147, "epsilon": 15.75421024602936, "gamma": 0.10221561875005832}, "datetime": {"datetime": "2021-09-22 19:28:46", "elapsed": 51.85415, "delta": 0.46948}}
{"target": -224.17649094120716, "params": {"C": 8327.358554422695, "epsilon": 6.143553030294305, "gamma": 0.11236211729863542}, "datetime": {"datetime": "2021-09-22 19:28:47", "elapsed": 52.398471, "delta": 0.544321}}
{"target": -187.00516331902787, "params": {"C": 9957.213913121795, "epsilon": 12.093782130604643, "gamma": 0.09287346653659784}, "datetime": {"datetime": "2021-09-22 19:28:47", "elapsed": 53.082766, "delta": 0.684295}}
{"target": -131.2041084588326, "params": {"C": 7791.599868650115, "epsilon": 9.091947920147346, "gamma": 0.06633958731762486}, "datetime": {"datetime": "2021-09-22 19:28:48", "elapsed": 53.758466, "delta": 0.6757}}
{"target": -215.34368485964686, "params": {"C": 6525.893831396956, "epsilon": 24.00539029901924, "gamma": 0.10312586860607043}, "datetime": {"datetime": "2021-09-22 19:28:49", "elapsed": 54.35045, "delta": 0.591984}}
{"target": -110.0272900507044, "params": {"C": 6137.3658388247695, "epsilon": 26.592822804530424, "gamma": 0.04936513558413861}, "datetime": {"datetime": "2021-09-22 19:28:49", "elapsed": 54.881337, "delta": 0.530887}}
{"target": -279.6624866684196, "params": {"C": 8516.881241220859, "epsilon": 4.8999321259246935, "gamma": 0.13904178218522406}, "datetime": {"datetime": "2021-09-22 19:28:50", "elapsed": 55.369192, "delta": 0.487855}}
{"target": -64.89848566321174, "params": {"C": 9048.636052950384, "epsilon": 2.76959008343223, "gamma": 0.030852444227604785}, "datetime": {"datetime": "2021-09-22 19:28:51", "elapsed": 56.454505, "delta": 1.085313}}
{"target": -50.84898718812832, "params": {"C": 7446.757369563439, "epsilon": 4.902376065069473, "gamma": 0.02060039062394167}, "datetime": {"datetime": "2021-09-22 19:28:52", "elapsed": 57.367163, "delta": 0.912658}}
{"target": -41.240415952307714, "params": {"C": 9890.981380376674, "epsilon": 18.548145038998303, "gamma": 0.013659823124326677}, "datetime": {"datetime": "2021-09-22 19:28:52", "elapsed": 58.044322, "delta": 0.677159}}
{"target": -137.27090026659775, "params": {"C": 5106.43072182861, "epsilon": 16.028989042372462, "gamma": 0.06590863232737303}, "datetime": {"datetime": "2021-09-22 19:28:53", "elapsed": 58.580073, "delta": 0.535751}}
{"target": -285.8237714258165, "params": {"C": 7334.443166466879, "epsilon": 29.27820293435051, "gamma": 0.1364357467452789}, "datetime": {"datetime": "2021-09-22 19:28:53", "elapsed": 59.027076, "delta": 0.447003}}
{"target": -80.29113473488307, "params": {"C": 6010.320691019503, "epsilon": 26.168963407928295, "gamma": 0.03267628608022694}, "datetime": {"datetime": "2021-09-22 19:28:54", "elapsed": 59.597521, "delta": 0.570445}}
{"target": -260.40666808570876, "params": {"C": 8871.813004342916, "epsilon": 16.679483096856387, "gamma": 0.12724693398937523}, "datetime": {"datetime": "2021-09-22 19:28:54", "elapsed": 60.178308, "delta": 0.580787}}
{"target": -77.43469586824867, "params": {"C": 5510.720510795698, "epsilon": 25.809323199132315, "gamma": 0.030770376854430043}, "datetime": {"datetime": "2021-09-22 19:28:55", "elapsed": 60.67606, "delta": 0.497752}}
{"target": -223.46642074071173, "params": {"C": 5919.147241529532, "epsilon": 9.070924834996255, "gamma": 0.1110143071353849}, "datetime": {"datetime": "2021-09-22 19:28:56", "elapsed": 61.212752, "delta": 0.536692}}
{"target": -261.4731047765967, "params": {"C": 5005.827897525713, "epsilon": 16.542515697734256, "gamma": 0.12703917188474534}, "datetime": {"datetime": "2021-09-22 19:28:56", "elapsed": 61.842189, "delta": 0.629437}}
{"target": -50.16250878377994, "params": {"C": 6974.833793933625, "epsilon": 22.049033240287002, "gamma": 0.015759120917213973}, "datetime": {"datetime": "2021-09-22 19:28:57", "elapsed": 62.436083, "delta": 0.593894}}
{"target": -68.67128191326182, "params": {"C": 6123.735574421762, "epsilon": 0.6370035159789338, "gamma": 0.03025800200382552}, "datetime": {"datetime": "2021-09-22 19:28:58", "elapsed": 63.381121, "delta": 0.945038}}
{"target": -186.69883477981003, "params": {"C": 6247.634995595949, "epsilon": 14.843160091584803, "gamma": 0.09138971122103431}, "datetime": {"datetime": "2021-09-22 19:28:58", "elapsed": 63.897054, "delta": 0.515933}}
{"target": -151.572112888761, "params": {"C": 8316.064838417637, "epsilon": 20.130895812569594, "gamma": 0.07340268381670444}, "datetime": {"datetime": "2021-09-22 19:28:59", "elapsed": 64.63632, "delta": 0.739266}}
{"target": -169.249514810018, "params": {"C": 6988.409023428942, "epsilon": 25.437906376785612, "gamma": 0.08019425083102372}, "datetime": {"datetime": "2021-09-22 19:28:59", "elapsed": 65.12336, "delta": 0.48704}}
{"target": -47.216676681619504, "params": {"C": 5327.425122858021, "epsilon": 27.553695422149367, "gamma": 0.010710011153537344}, "datetime": {"datetime": "2021-09-22 19:29:00", "elapsed": 65.681823, "delta": 0.558463}}
{"target": -280.4175025402251, "params": {"C": 7598.447077412598, "epsilon": 4.3304886086388015, "gamma": 0.13938011039261136}, "datetime": {"datetime": "2021-09-22 19:29:01", "elapsed": 66.216457, "delta": 0.534634}}
{"target": -189.04186679327515, "params": {"C": 8954.353145453792, "epsilon": 15.772234824831, "gamma": 0.09267780931526047}, "datetime": {"datetime": "2021-09-22 19:29:01", "elapsed": 66.773238, "delta": 0.556781}}
{"target": -71.53338494314933, "params": {"C": 7876.361816258617, "epsilon": 16.18994860264309, "gamma": 0.03170440792784532}, "datetime": {"datetime": "2021-09-22 19:29:02", "elapsed": 67.48066, "delta": 0.707422}}
{"target": -102.19386491617512, "params": {"C": 8367.245885129754, "epsilon": 13.401200871228635, "gamma": 0.04979799235723276}, "datetime": {"datetime": "2021-09-22 19:29:02", "elapsed": 68.141866, "delta": 0.661206}}
{"target": -48.93272736203701, "params": {"C": 5055.638440648801, "epsilon": 22.689672937870924, "gamma": 0.012375754456454674}, "datetime": {"datetime": "2021-09-22 19:29:03", "elapsed": 68.627872, "delta": 0.486006}}
{"target": -110.25193784724229, "params": {"C": 9982.410949239467, "epsilon": 28.668628092798052, "gamma": 0.0498512298208775}, "datetime": {"datetime": "2021-09-22 19:29:03", "elapsed": 69.197132, "delta": 0.56926}}
{"target": -112.36042049567047, "params": {"C": 5167.491670064055, "epsilon": 23.652965418537832, "gamma": 0.05080350717908142}, "datetime": {"datetime": "2021-09-22 19:29:04", "elapsed": 69.963095, "delta": 0.765963}}
{"target": -128.3198613163865, "params": {"C": 5990.133859275643, "epsilon": 4.440039842527948, "gamma": 0.06474209810529687}, "datetime": {"datetime": "2021-09-22 19:29:05", "elapsed": 70.905562, "delta": 0.942467}}
{"target": -265.18147792236374, "params": {"C": 7837.071395654169, "epsilon": 24.97458336249232, "gamma": 0.1273908704987104}, "datetime": {"datetime": "2021-09-22 19:29:06", "elapsed": 71.507439, "delta": 0.601877}}
{"target": -300.7505115119821, "params": {"C": 6226.074262001521, "epsilon": 26.259511454017414, "gamma": 0.14463590326130465}, "datetime": {"datetime": "2021-09-22 19:29:06", "elapsed": 72.120525, "delta": 0.613086}}
{"target": -72.71186506306859, "params": {"C": 9689.822311348566, "epsilon": 5.378874228695104, "gamma": 0.035680793838543584}, "datetime": {"datetime": "2021-09-22 19:29:08", "elapsed": 73.464067, "delta": 1.343542}}
{"target": -99.89625890416107, "params": {"C": 7237.503438511947, "epsilon": 24.648889651558452, "gamma": 0.04487758326846387}, "datetime": {"datetime": "2021-09-22 19:29:08", "elapsed": 74.052337, "delta": 0.58827}}
{"target": -277.0267609531857, "params": {"C": 7086.547142917441, "epsilon": 22.28224700223962, "gamma": 0.13388282366095175}, "datetime": {"datetime": "2021-09-22 19:29:09", "elapsed": 74.568297, "delta": 0.51596}}
{"target": -237.1807426463904, "params": {"C": 9237.411139427415, "epsilon": 26.15360705177172, "gamma": 0.11344719813742413}, "datetime": {"datetime": "2021-09-22 19:29:10", "elapsed": 75.304089, "delta": 0.735792}}
{"target": -47.808014789280506, "params": {"C": 7569.448873815014, "epsilon": 0.501032838138522, "gamma": 0.01833787093727718}, "datetime": {"datetime": "2021-09-22 19:29:10", "elapsed": 76.200316, "delta": 0.896227}}
{"target": -195.71303882580614, "params": {"C": 7619.119850548759, "epsilon": 18.62465873298077, "gamma": 0.09497576937292396}, "datetime": {"datetime": "2021-09-22 19:29:11", "elapsed": 76.767782, "delta": 0.567466}}
{"target": -165.1295458740647, "params": {"C": 5797.494106083211, "epsilon": 18.1730860126629, "gamma": 0.07988004754872731}, "datetime": {"datetime": "2021-09-22 19:29:12", "elapsed": 77.444722, "delta": 0.67694}}
{"target": -198.85221723582666, "params": {"C": 9886.242386537306, "epsilon": 7.27743519824465, "gamma": 0.09997436757755666}, "datetime": {"datetime": "2021-09-22 19:29:13", "elapsed": 78.21097, "delta": 0.766248}}
{"target": -130.05569249723908, "params": {"C": 9964.787522046598, "epsilon": 7.438843648586671, "gamma": 0.06654699806852242}, "datetime": {"datetime": "2021-09-22 19:29:13", "elapsed": 79.108346, "delta": 0.897376}}
{"target": -148.16079986080356, "params": {"C": 4903.577114868555, "epsilon": 3.745662775827258, "gamma": 0.07368348935590423}, "datetime": {"datetime": "2021-09-22 19:29:14", "elapsed": 79.917826, "delta": 0.80948}}
{"target": -281.72571782122327, "params": {"C": 5589.21647676596, "epsilon": 9.248518213842523, "gamma": 0.13878615289256827}, "datetime": {"datetime": "2021-09-22 19:29:15", "elapsed": 80.632903, "delta": 0.715077}}
{"target": -93.00318336066223, "params": {"C": 8552.276607477666, "epsilon": 12.080959993946436, "gamma": 0.04521114990354211}, "datetime": {"datetime": "2021-09-22 19:29:16", "elapsed": 81.384263, "delta": 0.75136}}
{"target": -174.54958444937157, "params": {"C": 7395.457888984172, "epsilon": 1.3605603656267733, "gamma": 0.08935687096580104}, "datetime": {"datetime": "2021-09-22 19:29:16", "elapsed": 82.15166, "delta": 0.767397}}
{"target": -48.637510449068905, "params": {"C": 8463.76664248241, "epsilon": 9.278896384119067, "gamma": 0.01969008267774109}, "datetime": {"datetime": "2021-09-22 19:29:17", "elapsed": 83.023387, "delta": 0.871727}}
{"target": -79.44425427122174, "params": {"C": 7445.880844900221, "epsilon": 6.610827246007058, "gamma": 0.03812034316829417}, "datetime": {"datetime": "2021-09-22 19:29:18", "elapsed": 84.05709, "delta": 1.033703}}
{"target": -91.95467794745048, "params": {"C": 6972.033017375281, "epsilon": 18.54372464944147, "gamma": 0.04205215952774651}, "datetime": {"datetime": "2021-09-22 19:29:19", "elapsed": 84.96034, "delta": 0.90325}}
{"target": -228.2763608943438, "params": {"C": 6208.838207717509, "epsilon": 20.788964336622634, "gamma": 0.11036151185296918}, "datetime": {"datetime": "2021-09-22 19:29:20", "elapsed": 85.524727, "delta": 0.564387}}
{"target": -192.99380063494908, "params": {"C": 6094.983308619265, "epsilon": 7.106554870950447, "gamma": 0.09652087584562204}, "datetime": {"datetime": "2021-09-22 19:29:21", "elapsed": 86.309997, "delta": 0.78527}}
{"target": -154.64292056757458, "params": {"C": 9961.160879080608, "epsilon": 5.856272054922743, "gamma": 0.07914688778022846}, "datetime": {"datetime": "2021-09-22 19:29:22", "elapsed": 87.236802, "delta": 0.926805}}
{"target": -108.72081196565183, "params": {"C": 7922.7318898365975, "epsilon": 24.824797279485527, "gamma": 0.0500690571406406}, "datetime": {"datetime": "2021-09-22 19:29:22", "elapsed": 87.875548, "delta": 0.638746}}
{"target": -50.025876374704715, "params": {"C": 8031.239286274771, "epsilon": 7.079950376654213, "gamma": 0.02057895145974058}, "datetime": {"datetime": "2021-09-22 19:29:23", "elapsed": 88.795433, "delta": 0.919885}}
{"target": -81.75209129521748, "params": {"C": 6861.620480686512, "epsilon": 9.338833186591232, "gamma": 0.03837719112912382}, "datetime": {"datetime": "2021-09-22 19:29:24", "elapsed": 89.688798, "delta": 0.893365}}
{"target": -251.67028450791312, "params": {"C": 7060.34758708298, "epsilon": 4.424936667411008, "gamma": 0.12571478029627844}, "datetime": {"datetime": "2021-09-22 19:29:25", "elapsed": 90.336454, "delta": 0.647656}}
{"target": -304.1081730125784, "params": {"C": 7382.191052558659, "epsilon": 25.020058659658446, "gamma": 0.14665718911850045}, "datetime": {"datetime": "2021-09-22 19:29:25", "elapsed": 90.898902, "delta": 0.562448}}
{"target": -138.0958889935673, "params": {"C": 9227.563301765891, "epsilon": 4.514219013215698, "gamma": 0.07131548021163552}, "datetime": {"datetime": "2021-09-22 19:29:26", "elapsed": 91.790168, "delta": 0.891266}}
{"target": -183.44041179985305, "params": {"C": 5151.488444514826, "epsilon": 16.798718864762904, "gamma": 0.08865317369298747}, "datetime": {"datetime": "2021-09-22 19:29:27", "elapsed": 92.511932, "delta": 0.721764}}
{"target": -170.0885810005816, "params": {"C": 6714.810701035427, "epsilon": 13.842318386567237, "gamma": 0.08376971838862823}, "datetime": {"datetime": "2021-09-22 19:29:28", "elapsed": 93.293933, "delta": 0.782001}}
{"target": -51.667185924712626, "params": {"C": 6694.100536282624, "epsilon": 7.051405671367427, "gamma": 0.01973610618466376}, "datetime": {"datetime": "2021-09-22 19:29:28", "elapsed": 94.107808, "delta": 0.813875}}
{"target": -243.33442314255655, "params": {"C": 7897.880970160547, "epsilon": 16.015539738407153, "gamma": 0.11928755302594153}, "datetime": {"datetime": "2021-09-22 19:29:29", "elapsed": 94.752257, "delta": 0.644449}}
{"target": -144.70714576257518, "params": {"C": 6602.143909377118, "epsilon": 8.236484495215231, "gamma": 0.0727986357420761}, "datetime": {"datetime": "2021-09-22 19:29:30", "elapsed": 95.691556, "delta": 0.939299}}
{"target": -86.26180553902543, "params": {"C": 8841.528299673218, "epsilon": 6.893899675487476, "gamma": 0.04332750630922445}, "datetime": {"datetime": "2021-09-22 19:29:31", "elapsed": 96.813017, "delta": 1.121461}}
{"target": -168.31841065800748, "params": {"C": 9618.968311821434, "epsilon": 22.280334318400744, "gamma": 0.08061928627036714}, "datetime": {"datetime": "2021-09-22 19:29:32", "elapsed": 97.649393, "delta": 0.836376}}
{"target": -233.9975404098288, "params": {"C": 5955.7084556291275, "epsilon": 12.934372884805356, "gamma": 0.11530117076542769}, "datetime": {"datetime": "2021-09-22 19:29:33", "elapsed": 98.274327, "delta": 0.624934}}
{"target": -190.72839411203793, "params": {"C": 8302.290548689049, "epsilon": 26.396148276581577, "gamma": 0.0902226286689648}, "datetime": {"datetime": "2021-09-22 19:29:33", "elapsed": 99.061387, "delta": 0.78706}}
{"target": -85.29018409492679, "params": {"C": 9767.146648588045, "epsilon": 14.41359523867669, "gamma": 0.04077220626412057}, "datetime": {"datetime": "2021-09-22 19:29:34", "elapsed": 99.880821, "delta": 0.819434}}
{"target": -50.496198737806246, "params": {"C": 4970.812734029144, "epsilon": 22.404133438710456, "gamma": 0.013120533312454198}, "datetime": {"datetime": "2021-09-22 19:29:35", "elapsed": 100.479664, "delta": 0.598843}}
{"target": -167.13413152228378, "params": {"C": 7093.836725119139, "epsilon": 1.6392835063492242, "gamma": 0.08562235453695444}, "datetime": {"datetime": "2021-09-22 19:29:36", "elapsed": 101.252666, "delta": 0.773002}}
{"target": -212.6594780864533, "params": {"C": 6445.325390075045, "epsilon": 23.188297309895148, "gamma": 0.10199684341567197}, "datetime": {"datetime": "2021-09-22 19:29:36", "elapsed": 101.895219, "delta": 0.642553}}
{"target": -110.08184646244655, "params": {"C": 6628.78170437655, "epsilon": 9.541036464966535, "gamma": 0.054534385697489564}, "datetime": {"datetime": "2021-09-22 19:29:37", "elapsed": 102.77282, "delta": 0.877601}}
