{"target": -58.00436992078865, "params": {"C": 2246.0108484324096, "epsilon": 12.599740225057712, "gamma": 0.01160030405140083}, "datetime": {"datetime": "2021-09-22 19:09:24", "elapsed": 90.678183, "delta": 0.602742}}
{"target": -146.53273107791378, "params": {"C": 1425.5577429022046, "epsilon": 1.1759782178178242, "gamma": 0.05038506521786031}, "datetime": {"datetime": "2021-09-22 19:09:24", "elapsed": 91.335673, "delta": 0.65749}}
{"target": -102.25270970502636, "params": {"C": 1457.300074204834, "epsilon": 0.35921937122849745, "gamma": 0.02818801429763827}, "datetime": {"datetime": "2021-09-22 19:09:25", "elapsed": 92.01729, "delta": 0.681617}}
{"target": -211.43636976051116, "params": {"C": 2109.3674898893487, "epsilon": 0.46161283413273413, "gamma": 0.09610453868483881}, "datetime": {"datetime": "2021-09-22 19:09:26", "elapsed": 92.973776, "delta": 0.956486}}
{"target": -46.551067992644256, "params": {"C": 3082.7593505182786, "epsilon": 22.63004403890867, "gamma": 0.007959218723985011}, "datetime": {"datetime": "2021-09-22 19:09:27", "elapsed": 93.630153, "delta": 0.656377}}
{"target": -82.86898934765244, "params": {"C": 4861.792364307745, "epsilon": 16.860343240522337, "gamma": 0.035336487943936165}, "datetime": {"datetime": "2021-09-22 19:09:27", "elapsed": 94.38596, "delta": 0.755807}}
{"target": -211.76965999157252, "params": {"C": 2946.6315210858957, "epsilon": 6.4120513735901605, "gamma": 0.10168780368832996}, "datetime": {"datetime": "2021-09-22 19:09:28", "elapsed": 95.19934, "delta": 0.81338}}
{"target": -197.9623349509505, "params": {"C": 3330.1250946262608, "epsilon": 24.585512715548493, "gamma": 0.09188166981279036}, "datetime": {"datetime": "2021-09-22 19:09:29", "elapsed": 96.003971, "delta": 0.804631}}
{"target": -204.87758672192504, "params": {"C": 3227.0171810518705, "epsilon": 9.133697493879735, "gamma": 0.09859827798287416}, "datetime": {"datetime": "2021-09-22 19:09:30", "elapsed": 96.848607, "delta": 0.844636}}
{"target": -216.07482011643063, "params": {"C": 4898.028092976544, "epsilon": 14.204794435241073, "gamma": 0.10517334137832593}, "datetime": {"datetime": "2021-09-22 19:09:31", "elapsed": 97.597578, "delta": 0.748971}}
{"target": -38.559699703107135, "params": {"C": 3676.2446615952645, "epsilon": 16.60316409966388, "gamma": 0.006473344737987092}, "datetime": {"datetime": "2021-09-22 19:09:31", "elapsed": 98.262074, "delta": 0.664496}}
{"target": -88.35444231671134, "params": {"C": 1477.5941376883725, "epsilon": 4.269524842418666, "gamma": 0.02068672497091366}, "datetime": {"datetime": "2021-09-22 19:09:32", "elapsed": 99.066085, "delta": 0.804011}}
{"target": -85.42199984341188, "params": {"C": 2179.8444604835017, "epsilon": 24.120583653538134, "gamma": 0.023671039552241188}, "datetime": {"datetime": "2021-09-22 19:09:33", "elapsed": 99.877088, "delta": 0.811003}}
{"target": -152.93340453265554, "params": {"C": 3836.0494009252125, "epsilon": 11.777255794595703, "gamma": 0.07299936866758525}, "datetime": {"datetime": "2021-09-22 19:09:34", "elapsed": 100.809126, "delta": 0.932038}}
{"target": -127.575075004873, "params": {"C": 2840.961264512496, "epsilon": 19.959098387932585, "gamma": 0.05347646193188664}, "datetime": {"datetime": "2021-09-22 19:09:35", "elapsed": 101.516833, "delta": 0.707707}}
{"target": -166.58180034347933, "params": {"C": 1894.5575710444004, "epsilon": 26.53655353975926, "gamma": 0.06628284164600079}, "datetime": {"datetime": "2021-09-22 19:09:35", "elapsed": 102.224566, "delta": 0.707733}}
{"target": -263.3957165820899, "params": {"C": 4310.273126735377, "epsilon": 15.648481664696897, "gamma": 0.12740990466339452}, "datetime": {"datetime": "2021-09-22 19:09:36", "elapsed": 102.962295, "delta": 0.737729}}
{"target": -49.48877143987814, "params": {"C": 3353.7032816618366, "epsilon": 3.1765881748519234, "gamma": 0.011930180720603745}, "datetime": {"datetime": "2021-09-22 19:09:37", "elapsed": 103.674381, "delta": 0.712086}}
{"target": -81.37124148962526, "params": {"C": 4473.904650017391, "epsilon": 5.79171248866075, "gamma": 0.03431420078764035}, "datetime": {"datetime": "2021-09-22 19:09:38", "elapsed": 104.825985, "delta": 1.151604}}
{"target": -62.2376473671739, "params": {"C": 4817.576594698208, "epsilon": 19.93269947104427, "gamma": 0.020700428838983778}, "datetime": {"datetime": "2021-09-22 19:09:39", "elapsed": 105.84406, "delta": 1.018075}}
{"target": -186.98996470754705, "params": {"C": 3336.2929517636203, "epsilon": 0.5086335675204335, "gamma": 0.09106848758466099}, "datetime": {"datetime": "2021-09-22 19:09:40", "elapsed": 106.706175, "delta": 0.862115}}
{"target": -265.38517883188683, "params": {"C": 1925.3786017770492, "epsilon": 7.109852959080165, "gamma": 0.12249206149988501}, "datetime": {"datetime": "2021-09-22 19:09:40", "elapsed": 107.432672, "delta": 0.726497}}
{"target": -23.825977278240345, "params": {"C": 4454.1135307866025, "epsilon": 10.426929043432908, "gamma": 0.003015446061949333}, "datetime": {"datetime": "2021-09-22 19:09:41", "elapsed": 108.097584, "delta": 0.664912}}
{"target": -315.8750109615463, "params": {"C": 1659.115961283866, "epsilon": 12.956649168933621, "gamma": 0.14403156541727685}, "datetime": {"datetime": "2021-09-22 19:09:42", "elapsed": 108.789678, "delta": 0.692094}}
{"target": -209.01540277354837, "params": {"C": 1377.00737783536, "epsilon": 19.799999753271592, "gamma": 0.0816726994601576}, "datetime": {"datetime": "2021-09-22 19:09:43", "elapsed": 109.508567, "delta": 0.718889}}
{"target": -206.6385202653985, "params": {"C": 3462.1555921287686, "epsilon": 3.9454783278061503, "gamma": 0.10077127256494957}, "datetime": {"datetime": "2021-09-22 19:09:43", "elapsed": 110.342983, "delta": 0.834416}}
{"target": -251.94772507967704, "params": {"C": 2568.1698036777457, "epsilon": 22.06406929461313, "gamma": 0.11773747597609938}, "datetime": {"datetime": "2021-09-22 19:09:45", "elapsed": 111.461747, "delta": 1.118764}}
{"target": -283.0546305360486, "params": {"C": 4751.611644148532, "epsilon": 28.278067949758242, "gamma": 0.1348912098916117}, "datetime": {"datetime": "2021-09-22 19:09:45", "elapsed": 112.320565, "delta": 0.858818}}
{"target": -259.6096846240101, "params": {"C": 4817.442439938302, "epsilon": 20.127538290962505, "gamma": 0.12503789460036238}, "datetime": {"datetime": "2021-09-22 19:09:46", "elapsed": 113.233773, "delta": 0.913208}}
{"target": -176.35715969999674, "params": {"C": 1421.353104226061, "epsilon": 2.043973917554114, "gamma": 0.06616245623200001}, "datetime": {"datetime": "2021-09-22 19:09:47", "elapsed": 114.006433, "delta": 0.77266}}
{"target": -328.5072214233078, "params": {"C": 1253.794114185601, "epsilon": 16.695052499615823, "gamma": 0.1404417856584116}, "datetime": {"datetime": "2021-09-22 19:09:48", "elapsed": 114.79766, "delta": 0.791227}}
{"target": -306.562263158046, "params": {"C": 1453.4655401172447, "epsilon": 1.7826463229732268, "gamma": 0.13553659760538125}, "datetime": {"datetime": "2021-09-22 19:09:49", "elapsed": 115.554019, "delta": 0.756359}}
{"target": -178.92097450467494, "params": {"C": 1187.386943396861, "epsilon": 29.247895691453596, "gamma": 0.06128344437594693}, "datetime": {"datetime": "2021-09-22 19:09:49", "elapsed": 116.290572, "delta": 0.736553}}
{"target": -208.9272701146934, "params": {"C": 1965.8474125646928, "epsilon": 6.554376982457216, "gamma": 0.09260033123357979}, "datetime": {"datetime": "2021-09-22 19:09:50", "elapsed": 117.171531, "delta": 0.880959}}
{"target": -187.34810071631932, "params": {"C": 2179.9861340355747, "epsilon": 24.15441348661755, "gamma": 0.08100321706885631}, "datetime": {"datetime": "2021-09-22 19:09:51", "elapsed": 118.218428, "delta": 1.046897}}
{"target": -295.1331867136635, "params": {"C": 1323.1632944517885, "epsilon": 1.5389118071839747, "gamma": 0.12600630257024195}, "datetime": {"datetime": "2021-09-22 19:09:52", "elapsed": 119.185312, "delta": 0.966884}}
{"target": -87.65993185777903, "params": {"C": 1108.7686633222768, "epsilon": 9.130251485354746, "gamma": 0.016025904169936957}, "datetime": {"datetime": "2021-09-22 19:09:53", "elapsed": 119.906279, "delta": 0.720967}}
{"target": -48.21034892867248, "params": {"C": 4985.735816198563, "epsilon": 28.94966485549152, "gamma": 0.010516704623000202}, "datetime": {"datetime": "2021-09-22 19:09:54", "elapsed": 120.62904, "delta": 0.722761}}
{"target": -112.74143071995597, "params": {"C": 1457.378055124002, "epsilon": 0.2721562357370864, "gamma": 0.03370687147760953}, "datetime": {"datetime": "2021-09-22 19:09:55", "elapsed": 121.634247, "delta": 1.005207}}
{"target": -176.7118393871689, "params": {"C": 990.1057579347391, "epsilon": 16.756538686336963, "gamma": 0.05534977509165919}, "datetime": {"datetime": "2021-09-22 19:09:55", "elapsed": 122.367795, "delta": 0.733548}}
{"target": -162.18129590009815, "params": {"C": 4861.768787325539, "epsilon": 16.81434307309548, "gamma": 0.07790490586735335}, "datetime": {"datetime": "2021-09-22 19:09:56", "elapsed": 123.378465, "delta": 1.01067}}
{"target": -157.47037198421918, "params": {"C": 4751.42492435967, "epsilon": 28.401398410645992, "gamma": 0.073035169489954}, "datetime": {"datetime": "2021-09-22 19:09:57", "elapsed": 124.27021, "delta": 0.891745}}
{"target": -82.5002279344636, "params": {"C": 2635.9734374254012, "epsilon": 23.09214670125861, "gamma": 0.025073512021907454}, "datetime": {"datetime": "2021-09-22 19:09:58", "elapsed": 125.106827, "delta": 0.836617}}
{"target": -96.2510987399993, "params": {"C": 4474.065124606947, "epsilon": 5.664451377186673, "gamma": 0.04355439205398039}, "datetime": {"datetime": "2021-09-22 19:09:59", "elapsed": 126.292193, "delta": 1.185366}}
{"target": -301.27886010141543, "params": {"C": 4688.4527503142335, "epsilon": 0.44906301962308637, "gamma": 0.14907704598539762}, "datetime": {"datetime": "2021-09-22 19:10:00", "elapsed": 127.310249, "delta": 1.018056}}
{"target": -71.83320557130097, "params": {"C": 2179.7151496211245, "epsilon": 24.27579877526341, "gamma": 0.016649759222186682}, "datetime": {"datetime": "2021-09-22 19:10:02", "elapsed": 128.462939, "delta": 1.15269}}
{"target": -59.28535279096, "params": {"C": 2926.028413463162, "epsilon": 19.665456757684016, "gamma": 0.014136299574037475}, "datetime": {"datetime": "2021-09-22 19:10:02", "elapsed": 129.291655, "delta": 0.828716}}
{"target": -154.92351347256937, "params": {"C": 3607.093852478416, "epsilon": 0.8881498053391419, "gamma": 0.07508998879440522}, "datetime": {"datetime": "2021-09-22 19:10:03", "elapsed": 130.288391, "delta": 0.996736}}
{"target": -269.59366108637477, "params": {"C": 1744.1001476795636, "epsilon": 18.70441103494124, "gamma": 0.12075809152964403}, "datetime": {"datetime": "2021-09-22 19:10:04", "elapsed": 131.099269, "delta": 0.810878}}
{"target": -293.64611940609996, "params": {"C": 1738.8199472987742, "epsilon": 25.996253072098643, "gamma": 0.13233755710310463}, "datetime": {"datetime": "2021-09-22 19:10:05", "elapsed": 132.147941, "delta": 1.048672}}
{"target": -102.59844512420929, "params": {"C": 1872.038700245973, "epsilon": 26.827426920087213, "gamma": 0.030511349737831657}, "datetime": {"datetime": "2021-09-22 19:10:06", "elapsed": 132.977828, "delta": 0.829887}}
{"target": -33.70599461651941, "params": {"C": 4454.196874234856, "epsilon": 10.190980464739432, "gamma": 0.0061612871229169515}, "datetime": {"datetime": "2021-09-22 19:10:07", "elapsed": 134.2191, "delta": 1.241272}}
{"target": -176.7518059261773, "params": {"C": 1590.3594510018943, "epsilon": 11.25598586697058, "gamma": 0.06910828566012821}, "datetime": {"datetime": "2021-09-22 19:10:08", "elapsed": 135.148084, "delta": 0.928984}}
{"target": -292.0733628061137, "params": {"C": 1503.4693184466173, "epsilon": 2.886654718916346, "gamma": 0.12916856502059162}, "datetime": {"datetime": "2021-09-22 19:10:09", "elapsed": 136.039051, "delta": 0.890967}}
{"target": -274.6987063121628, "params": {"C": 1380.0009931024827, "epsilon": 23.30557758058824, "gamma": 0.1154530885165621}, "datetime": {"datetime": "2021-09-22 19:10:10", "elapsed": 136.822341, "delta": 0.78329}}
{"target": -95.87160692627113, "params": {"C": 3353.6619843940566, "epsilon": 3.2203292386444744, "gamma": 0.03890484823301187}, "datetime": {"datetime": "2021-09-22 19:10:11", "elapsed": 138.089337, "delta": 1.266996}}
{"target": -177.46925871442704, "params": {"C": 3520.276648445658, "epsilon": 3.2882318336691836, "gamma": 0.08640296870438972}, "datetime": {"datetime": "2021-09-22 19:10:12", "elapsed": 139.287348, "delta": 1.198011}}
{"target": -114.03277551052233, "params": {"C": 1477.668310033019, "epsilon": 3.8439926397938704, "gamma": 0.03465203102019319}, "datetime": {"datetime": "2021-09-22 19:10:14", "elapsed": 140.518487, "delta": 1.231139}}
{"target": -231.53965927044268, "params": {"C": 1848.8690900640318, "epsilon": 9.582899137269393, "gamma": 0.10302051406513557}, "datetime": {"datetime": "2021-09-22 19:10:15", "elapsed": 141.548492, "delta": 1.030005}}
{"target": -289.23692818759093, "params": {"C": 3136.2424258838787, "epsilon": 13.842117438838384, "gamma": 0.1390861716146846}, "datetime": {"datetime": "2021-09-22 19:10:16", "elapsed": 142.546778, "delta": 0.998286}}
{"target": -95.0143242896374, "params": {"C": 1619.1843940832582, "epsilon": 5.287508791691147, "gamma": 0.026145808536569223}, "datetime": {"datetime": "2021-09-22 19:10:17", "elapsed": 143.573775, "delta": 1.026997}}
{"target": -39.81036836539012, "params": {"C": 2635.7560918644203, "epsilon": 23.00752513121305, "gamma": 0.004905140070031148}, "datetime": {"datetime": "2021-09-22 19:10:18", "elapsed": 144.707611, "delta": 1.133836}}
{"target": -59.9054821031094, "params": {"C": 3803.3776848963385, "epsilon": 20.570671497019934, "gamma": 0.016395143388284402}, "datetime": {"datetime": "2021-09-22 19:10:19", "elapsed": 145.599597, "delta": 0.891986}}
{"target": -102.20345883081889, "params": {"C": 4598.3123972826925, "epsilon": 16.292690884514876, "gamma": 0.04594635916536301}, "datetime": {"datetime": "2021-09-22 19:10:20", "elapsed": 146.746603, "delta": 1.147006}}
{"target": -282.1164450253399, "params": {"C": 1446.6127640581153, "epsilon": 24.3924159037158, "gamma": 0.12082916668543071}, "datetime": {"datetime": "2021-09-22 19:10:21", "elapsed": 147.579601, "delta": 0.832998}}
{"target": -113.51228762834316, "params": {"C": 1158.5677622368007, "epsilon": 26.59250114775524, "gamma": 0.02688041076365367}, "datetime": {"datetime": "2021-09-22 19:10:21", "elapsed": 148.375642, "delta": 0.796041}}
{"target": -90.90802373710213, "params": {"C": 1735.9875387297307, "epsilon": 27.12966918077887, "gamma": 0.02295696321746806}, "datetime": {"datetime": "2021-09-22 19:10:22", "elapsed": 149.202118, "delta": 0.826476}}
{"target": -311.46670704215865, "params": {"C": 1158.7455838378771, "epsilon": 26.499711642982618, "gamma": 0.1274528864599212}, "datetime": {"datetime": "2021-09-22 19:10:24", "elapsed": 150.503549, "delta": 1.301431}}
{"target": -200.53584470927657, "params": {"C": 1477.6316337629091, "epsilon": 4.22931016620393, "gamma": 0.08047660011933218}, "datetime": {"datetime": "2021-09-22 19:10:25", "elapsed": 151.666646, "delta": 1.163097}}
{"target": -147.57481349504855, "params": {"C": 3134.677844773535, "epsilon": 2.686999137471972, "gamma": 0.06862901189025976}, "datetime": {"datetime": "2021-09-22 19:10:26", "elapsed": 152.623046, "delta": 0.9564}}
{"target": -57.80716650679057, "params": {"C": 4920.094718150526, "epsilon": 14.273982156875597, "gamma": 0.01924264670196426}, "datetime": {"datetime": "2021-09-22 19:10:27", "elapsed": 153.584625, "delta": 0.961579}}
{"target": -227.20730284306555, "params": {"C": 2023.4196007988298, "epsilon": 22.741305678364597, "gamma": 0.10100773289997808}, "datetime": {"datetime": "2021-09-22 19:10:28", "elapsed": 154.854568, "delta": 1.269943}}
{"target": -42.101752189129925, "params": {"C": 2635.8887972548896, "epsilon": 22.593302970179753, "gamma": 0.002617020414961307}, "datetime": {"datetime": "2021-09-22 19:10:29", "elapsed": 156.18602, "delta": 1.331452}}
{"target": -192.17096404943442, "params": {"C": 3292.939185485004, "epsilon": 15.933154786437777, "gamma": 0.09096620416019553}, "datetime": {"datetime": "2021-09-22 19:10:31", "elapsed": 157.482273, "delta": 1.296253}}
{"target": -164.25646662392245, "params": {"C": 1792.693906295901, "epsilon": 26.205843430400037, "gamma": 0.06373366086965025}, "datetime": {"datetime": "2021-09-22 19:10:32", "elapsed": 158.571673, "delta": 1.0894}}
{"target": -141.9962964963977, "params": {"C": 3082.7377075497025, "epsilon": 22.496511279225356, "gamma": 0.06314606675330428}, "datetime": {"datetime": "2021-09-22 19:10:33", "elapsed": 159.859431, "delta": 1.287758}}
{"target": -155.82978061470484, "params": {"C": 2138.996029304105, "epsilon": 5.330296685240427, "gamma": 0.065510422361827}, "datetime": {"datetime": "2021-09-22 19:10:34", "elapsed": 160.941942, "delta": 1.082511}}
{"target": -258.1473927183349, "params": {"C": 4001.756159262834, "epsilon": 7.881365230696349, "gamma": 0.12608935318980802}, "datetime": {"datetime": "2021-09-22 19:10:35", "elapsed": 161.90174, "delta": 0.959798}}
{"target": -185.41261994829262, "params": {"C": 3675.8901268542354, "epsilon": 16.02503444629857, "gamma": 0.08816565211240474}, "datetime": {"datetime": "2021-09-22 19:10:36", "elapsed": 163.402317, "delta": 1.500577}}
{"target": -227.30142735986206, "params": {"C": 2022.0493723172135, "epsilon": 23.45912104734026, "gamma": 0.10090919568373026}, "datetime": {"datetime": "2021-09-22 19:10:38", "elapsed": 164.816592, "delta": 1.414275}}
{"target": -300.11414324185057, "params": {"C": 2295.1900435531734, "epsilon": 5.694991550137507, "gamma": 0.143811102544194}, "datetime": {"datetime": "2021-09-22 19:10:39", "elapsed": 165.824808, "delta": 1.008216}}
{"target": -268.11915053869996, "params": {"C": 3803.3238872971233, "epsilon": 20.63278613889606, "gamma": 0.12789553275329582}, "datetime": {"datetime": "2021-09-22 19:10:40", "elapsed": 166.848735, "delta": 1.023927}}
{"target": -45.01166855563722, "params": {"C": 4956.453970825586, "epsilon": 28.02999723041165, "gamma": 0.009226630101420927}, "datetime": {"datetime": "2021-09-22 19:10:41", "elapsed": 167.784587, "delta": 0.935852}}
{"target": -136.52318102114728, "params": {"C": 3877.7973682209604, "epsilon": 21.979953822839608, "gamma": 0.06263214313639401}, "datetime": {"datetime": "2021-09-22 19:10:42", "elapsed": 168.924031, "delta": 1.139444}}
{"target": -119.20509727643743, "params": {"C": 1737.7380336798133, "epsilon": 26.494955297064177, "gamma": 0.03904732944820866}, "datetime": {"datetime": "2021-09-22 19:10:43", "elapsed": 170.249469, "delta": 1.325438}}
{"target": -38.53757818705727, "params": {"C": 2536.608698367296, "epsilon": 5.543484134057498, "gamma": 0.005733824531867348}, "datetime": {"datetime": "2021-09-22 19:10:44", "elapsed": 171.1601, "delta": 0.910631}}
{"target": -272.984088882333, "params": {"C": 3765.069085048977, "epsilon": 9.11680720514334, "gamma": 0.13271375272387662}, "datetime": {"datetime": "2021-09-22 19:10:46", "elapsed": 172.597699, "delta": 1.437599}}
{"target": -159.04706771982302, "params": {"C": 1451.1510273223876, "epsilon": 28.529794019333657, "gamma": 0.05619934993331484}, "datetime": {"datetime": "2021-09-22 19:10:47", "elapsed": 173.926773, "delta": 1.329074}}
{"target": -100.15393750401209, "params": {"C": 3835.867094843429, "epsilon": 12.208704785112678, "gamma": 0.04311889632277176}, "datetime": {"datetime": "2021-09-22 19:10:48", "elapsed": 175.183826, "delta": 1.257053}}
{"target": -219.71136066886598, "params": {"C": 4607.2137832464405, "epsilon": 1.7087466146941765, "gamma": 0.10921729153184338}, "datetime": {"datetime": "2021-09-22 19:10:50", "elapsed": 176.506504, "delta": 1.322678}}
{"target": -108.35224504953788, "params": {"C": 4474.158607014429, "epsilon": 5.724411295807123, "gamma": 0.05126184079296051}, "datetime": {"datetime": "2021-09-22 19:10:51", "elapsed": 178.030811, "delta": 1.524307}}
{"target": -76.23809913725009, "params": {"C": 2594.2490900032453, "epsilon": 9.554873665577334, "gamma": 0.023295729729796207}, "datetime": {"datetime": "2021-09-22 19:10:52", "elapsed": 179.008955, "delta": 0.978144}}
{"target": -261.56369578150026, "params": {"C": 1158.359359182765, "epsilon": 26.643769230033897, "gamma": 0.10206292253426777}, "datetime": {"datetime": "2021-09-22 19:10:53", "elapsed": 180.150104, "delta": 1.141149}}
{"target": -226.46341074945423, "params": {"C": 4077.4025678911735, "epsilon": 28.060129797118112, "gamma": 0.10591033682443365}, "datetime": {"datetime": "2021-09-22 19:10:54", "elapsed": 181.103911, "delta": 0.953807}}
{"target": -106.4756241580183, "params": {"C": 3494.8965194980233, "epsilon": 25.081807283391445, "gamma": 0.043890156075848195}, "datetime": {"datetime": "2021-09-22 19:10:55", "elapsed": 182.108121, "delta": 1.00421}}
{"target": -225.93492470176162, "params": {"C": 3234.0088525406436, "epsilon": 13.772154144428233, "gamma": 0.10799111845136339}, "datetime": {"datetime": "2021-09-22 19:10:56", "elapsed": 183.187085, "delta": 1.078964}}
{"target": -189.35301894488757, "params": {"C": 3675.962265965259, "epsilon": 15.858699717689595, "gamma": 0.09015627663644309}, "datetime": {"datetime": "2021-09-22 19:10:58", "elapsed": 184.603874, "delta": 1.416789}}
{"target": -262.9210083896918, "params": {"C": 1713.8254215012926, "epsilon": 19.55166656427253, "gamma": 0.11664477980090834}, "datetime": {"datetime": "2021-09-22 19:10:59", "elapsed": 185.612424, "delta": 1.00855}}
{"target": -60.80424623508296, "params": {"C": 2636.0607005385014, "epsilon": 23.123017399704423, "gamma": 0.013026402166870753}, "datetime": {"datetime": "2021-09-22 19:11:00", "elapsed": 186.688407, "delta": 1.075983}}
{"target": -50.34565513638531, "params": {"C": 4899.626242460795, "epsilon": 8.408704141609476, "gamma": 0.015149040138253363}, "datetime": {"datetime": "2021-09-22 19:11:01", "elapsed": 187.765045, "delta": 1.076638}}
