{"target": -168.2799494251724, "params": {"C": 11819.581665678052, "epsilon": 12.649235931755486, "gamma": 0.08362299997283855}, "datetime": {"datetime": "2021-09-22 19:52:48", "elapsed": 367.113719, "delta": 1.44419}}
{"target": -160.39722595466142, "params": {"C": 9565.971110925278, "epsilon": 25.71279440124832, "gamma": 0.07596125281182112}, "datetime": {"datetime": "2021-09-22 19:52:50", "elapsed": 369.021034, "delta": 1.907315}}
{"target": -65.55545993008643, "params": {"C": 8606.453518332413, "epsilon": 9.874449951287016, "gamma": 0.029806567255807048}, "datetime": {"datetime": "2021-09-22 19:52:52", "elapsed": 371.169893, "delta": 2.148859}}
{"target": -207.2654750544359, "params": {"C": 17674.36870104004, "epsilon": 3.33520743264591, "gamma": 0.1047057372888463}, "datetime": {"datetime": "2021-09-22 19:52:54", "elapsed": 373.32828, "delta": 2.158387}}
{"target": -114.76113519817036, "params": {"C": 15450.287721845641, "epsilon": 12.628116182259156, "gamma": 0.05721034313454033}, "datetime": {"datetime": "2021-09-22 19:52:56", "elapsed": 374.928003, "delta": 1.599723}}
{"target": -176.63084673079834, "params": {"C": 17919.95627628328, "epsilon": 6.890187416907362, "gamma": 0.08924787210139039}, "datetime": {"datetime": "2021-09-22 19:52:57", "elapsed": 376.542663, "delta": 1.61466}}
{"target": -250.1049987620188, "params": {"C": 9759.21109415739, "epsilon": 16.726291253288988, "gamma": 0.12234755576735556}, "datetime": {"datetime": "2021-09-22 19:52:59", "elapsed": 378.059258, "delta": 1.516595}}
{"target": -181.97438517106696, "params": {"C": 17644.415577547432, "epsilon": 20.22092521338155, "gamma": 0.08779567921797986}, "datetime": {"datetime": "2021-09-22 19:53:00", "elapsed": 379.558876, "delta": 1.499618}}
{"target": -124.42586119364233, "params": {"C": 8513.287302416684, "epsilon": 25.041252686761464, "gamma": 0.05864304378704514}, "datetime": {"datetime": "2021-09-22 19:53:02", "elapsed": 380.974087, "delta": 1.415211}}
{"target": -72.56602195341644, "params": {"C": 19044.656412315264, "epsilon": 15.667146493734398, "gamma": 0.0343591967728375}, "datetime": {"datetime": "2021-09-22 19:53:03", "elapsed": 382.709266, "delta": 1.735179}}
{"target": -239.0493632006445, "params": {"C": 13945.492309668083, "epsilon": 8.258735383516228, "gamma": 0.11906752434306832}, "datetime": {"datetime": "2021-09-22 19:53:05", "elapsed": 384.433116, "delta": 1.72385}}
{"target": -211.95966412171612, "params": {"C": 6666.293223202541, "epsilon": 2.812895589436729, "gamma": 0.10689415149255913}, "datetime": {"datetime": "2021-09-22 19:53:07", "elapsed": 385.953216, "delta": 1.5201}}
{"target": -297.5189855428676, "params": {"C": 9566.48198347263, "epsilon": 26.582998870509286, "gamma": 0.14300033830083214}, "datetime": {"datetime": "2021-09-22 19:53:08", "elapsed": 387.793911, "delta": 1.840695}}
{"target": -123.1481624980219, "params": {"C": 15480.292150896888, "epsilon": 15.136195383501745, "gamma": 0.060695776004443376}, "datetime": {"datetime": "2021-09-22 19:53:10", "elapsed": 389.806501, "delta": 2.01259}}
{"target": -177.58686397900183, "params": {"C": 6254.252999850881, "epsilon": 13.266367910251754, "gamma": 0.08734219952215182}, "datetime": {"datetime": "2021-09-22 19:53:12", "elapsed": 391.232876, "delta": 1.426375}}
{"target": -48.73413600949887, "params": {"C": 8856.018941887472, "epsilon": 14.97702358518571, "gamma": 0.019090592098188953}, "datetime": {"datetime": "2021-09-22 19:53:13", "elapsed": 392.879777, "delta": 1.646901}}
{"target": -150.79017829424268, "params": {"C": 8862.162760798985, "epsilon": 26.35382393874526, "gamma": 0.07131509559192309}, "datetime": {"datetime": "2021-09-22 19:53:15", "elapsed": 394.684305, "delta": 1.804528}}
{"target": -296.7714948710848, "params": {"C": 11723.431775148005, "epsilon": 0.47924184666135894, "gamma": 0.14794693792744437}, "datetime": {"datetime": "2021-09-22 19:53:17", "elapsed": 396.230694, "delta": 1.546389}}
{"target": -69.19952031374648, "params": {"C": 19150.843159947886, "epsilon": 28.792107811299513, "gamma": 0.02737972037622166}, "datetime": {"datetime": "2021-09-22 19:53:19", "elapsed": 397.945541, "delta": 1.714847}}
{"target": -46.93601593754135, "params": {"C": 18801.86438629221, "epsilon": 10.213248190769194, "gamma": 0.021738034397839653}, "datetime": {"datetime": "2021-09-22 19:53:21", "elapsed": 400.348332, "delta": 2.402791}}
{"target": -254.5756065602055, "params": {"C": 12425.29579213139, "epsilon": 19.91105587573525, "gamma": 0.12364537223047714}, "datetime": {"datetime": "2021-09-22 19:53:22", "elapsed": 401.715924, "delta": 1.367592}}
{"target": -84.29258804872623, "params": {"C": 12926.58489631711, "epsilon": 25.640901160410234, "gamma": 0.03700553465345733}, "datetime": {"datetime": "2021-09-22 19:53:24", "elapsed": 403.499876, "delta": 1.783952}}
{"target": -299.8083333030432, "params": {"C": 11895.209169385544, "epsilon": 1.3654229029680005, "gamma": 0.14928749605544236}, "datetime": {"datetime": "2021-09-22 19:53:26", "elapsed": 404.959555, "delta": 1.459679}}
{"target": -54.76345457971051, "params": {"C": 16074.41560050089, "epsilon": 23.01102338189183, "gamma": 0.021414550033958046}, "datetime": {"datetime": "2021-09-22 19:53:27", "elapsed": 406.578121, "delta": 1.618566}}
{"target": -236.4540100606437, "params": {"C": 18686.3993573914, "epsilon": 14.028666540806931, "gamma": 0.11642826868914034}, "datetime": {"datetime": "2021-09-22 19:53:29", "elapsed": 408.014438, "delta": 1.436317}}
{"target": -82.55640976707802, "params": {"C": 7169.306979671095, "epsilon": 6.310030809582333, "gamma": 0.0398161490597668}, "datetime": {"datetime": "2021-09-22 19:53:31", "elapsed": 410.772205, "delta": 2.757767}}
{"target": -262.2849992399205, "params": {"C": 8983.626376376667, "epsilon": 11.078295759140047, "gamma": 0.1296108347740661}, "datetime": {"datetime": "2021-09-22 19:53:33", "elapsed": 412.255751, "delta": 1.483546}}
{"target": -352.1694975715295, "params": {"C": 14595.594191163087, "epsilon": 7.0073369857877825, "gamma": 0.0001}, "datetime": {"datetime": "2021-09-22 19:53:35", "elapsed": 414.503541, "delta": 2.24779}}
{"target": -196.83241714722163, "params": {"C": 13937.677102508016, "epsilon": 9.403057290201279, "gamma": 0.09833104755781043}, "datetime": {"datetime": "2021-09-22 19:53:37", "elapsed": 416.496748, "delta": 1.993207}}
{"target": -300.78606750415656, "params": {"C": 6830.195087461948, "epsilon": 28.60810508586095, "gamma": 0.14412418260579984}, "datetime": {"datetime": "2021-09-22 19:53:39", "elapsed": 417.938865, "delta": 1.442117}}
{"target": -52.322980941137956, "params": {"C": 11964.458548638144, "epsilon": 22.314727545950397, "gamma": 0.01980210737729962}, "datetime": {"datetime": "2021-09-22 19:53:40", "elapsed": 419.565377, "delta": 1.626512}}
{"target": -101.1123599471109, "params": {"C": 9319.036816266776, "epsilon": 26.81480477016776, "gamma": 0.04563533494636003}, "datetime": {"datetime": "2021-09-22 19:53:42", "elapsed": 421.291531, "delta": 1.726154}}
{"target": -92.3283102590303, "params": {"C": 11384.76857080231, "epsilon": 9.35466110100046, "gamma": 0.04664170817128666}, "datetime": {"datetime": "2021-09-22 19:53:44", "elapsed": 423.577316, "delta": 2.285785}}
{"target": -283.8037427815592, "params": {"C": 8813.357846224055, "epsilon": 12.74312900832715, "gamma": 0.13953870387095188}, "datetime": {"datetime": "2021-09-22 19:53:46", "elapsed": 425.05024, "delta": 1.472924}}
{"target": -285.4510133248527, "params": {"C": 18774.74448566051, "epsilon": 5.019093451021446, "gamma": 0.14183682964878708}, "datetime": {"datetime": "2021-09-22 19:53:47", "elapsed": 426.551284, "delta": 1.501044}}
{"target": -57.134423113677705, "params": {"C": 8321.379943004946, "epsilon": 25.59214998255739, "gamma": 0.020524998653253253}, "datetime": {"datetime": "2021-09-22 19:53:49", "elapsed": 428.16651, "delta": 1.615226}}
{"target": -135.32328489311752, "params": {"C": 11224.672193734048, "epsilon": 23.536642119435996, "gamma": 0.06451113539015031}, "datetime": {"datetime": "2021-09-22 19:53:51", "elapsed": 430.059187, "delta": 1.892677}}
{"target": -299.2423380058141, "params": {"C": 12240.832475745345, "epsilon": 6.542309980681554, "gamma": 0.1481982843482922}, "datetime": {"datetime": "2021-09-22 19:53:52", "elapsed": 431.560786, "delta": 1.501599}}
{"target": -275.52826361187357, "params": {"C": 9475.685786488222, "epsilon": 19.958324909727438, "gamma": 0.1337706904918444}, "datetime": {"datetime": "2021-09-22 19:53:54", "elapsed": 433.165734, "delta": 1.604948}}
{"target": -298.9350412339095, "params": {"C": 8513.065135656598, "epsilon": 25.076332247391168, "gamma": 0.14407681264108466}, "datetime": {"datetime": "2021-09-22 19:53:56", "elapsed": 435.051713, "delta": 1.885979}}
{"target": -88.82270267959736, "params": {"C": 10710.138361580577, "epsilon": 28.46772279820184, "gamma": 0.03837589584860503}, "datetime": {"datetime": "2021-09-22 19:53:57", "elapsed": 436.574423, "delta": 1.52271}}
{"target": -267.0345211935499, "params": {"C": 12174.355445190184, "epsilon": 24.528519431141106, "gamma": 0.1284522845064677}, "datetime": {"datetime": "2021-09-22 19:53:59", "elapsed": 438.30085, "delta": 1.726427}}
{"target": -252.0175119609244, "params": {"C": 7557.244758840976, "epsilon": 15.87692088745988, "gamma": 0.12339505652271444}, "datetime": {"datetime": "2021-09-22 19:54:00", "elapsed": 439.871862, "delta": 1.571012}}
{"target": -190.8842829979366, "params": {"C": 6307.40543799053, "epsilon": 16.727875018812703, "gamma": 0.09288804673437635}, "datetime": {"datetime": "2021-09-22 19:54:03", "elapsed": 442.053116, "delta": 2.181254}}
{"target": -279.18387117522434, "params": {"C": 19830.64723439968, "epsilon": 26.633314089697567, "gamma": 0.1338524248046559}, "datetime": {"datetime": "2021-09-22 19:54:05", "elapsed": 443.963296, "delta": 1.91018}}
{"target": -152.66997465067405, "params": {"C": 15922.705222911163, "epsilon": 0.6579518224487944, "gamma": 0.07921349966822316}, "datetime": {"datetime": "2021-09-22 19:54:06", "elapsed": 445.762475, "delta": 1.799179}}
{"target": -21.060526334716965, "params": {"C": 18658.831375847214, "epsilon": 1.495515190951151, "gamma": 0.006416868059332899}, "datetime": {"datetime": "2021-09-22 19:54:09", "elapsed": 448.166052, "delta": 2.403577}}
{"target": -288.69740386378015, "params": {"C": 10584.29157934857, "epsilon": 16.352468720646826, "gamma": 0.14111012738094367}, "datetime": {"datetime": "2021-09-22 19:54:11", "elapsed": 450.17797, "delta": 2.011918}}
{"target": -158.66623399637635, "params": {"C": 6590.157689259939, "epsilon": 3.773980892524566, "gamma": 0.08084336295559591}, "datetime": {"datetime": "2021-09-22 19:54:13", "elapsed": 452.309348, "delta": 2.131378}}
{"target": -226.82440832356835, "params": {"C": 7366.978145197562, "epsilon": 26.039025343567364, "gamma": 0.10829105261500291}, "datetime": {"datetime": "2021-09-22 19:54:14", "elapsed": 453.832612, "delta": 1.523264}}
{"target": -70.16827284882739, "params": {"C": 18176.968952462696, "epsilon": 8.57316316324601, "gamma": 0.035581245415825365}, "datetime": {"datetime": "2021-09-22 19:54:17", "elapsed": 456.189521, "delta": 2.356909}}
{"target": -33.79155673710984, "params": {"C": 10233.310735349596, "epsilon": 4.531724494537356, "gamma": 0.01162149849202789}, "datetime": {"datetime": "2021-09-22 19:54:19", "elapsed": 458.596917, "delta": 2.407396}}
{"target": -39.87932950949777, "params": {"C": 9609.924021202267, "epsilon": 2.06054564509875, "gamma": 0.01547889481009742}, "datetime": {"datetime": "2021-09-22 19:54:21", "elapsed": 460.615407, "delta": 2.01849}}
{"target": -82.56128026970443, "params": {"C": 14365.473949133631, "epsilon": 4.752391841655475, "gamma": 0.04320462908091158}, "datetime": {"datetime": "2021-09-22 19:54:24", "elapsed": 462.948023, "delta": 2.332616}}
{"target": -51.366262555626186, "params": {"C": 8455.801575339727, "epsilon": 5.245790430902376, "gamma": 0.021900011911660015}, "datetime": {"datetime": "2021-09-22 19:54:26", "elapsed": 465.369564, "delta": 2.421541}}
{"target": -222.28080850411027, "params": {"C": 8321.084308466536, "epsilon": 25.54895507152442, "gamma": 0.10621551882294054}, "datetime": {"datetime": "2021-09-22 19:54:28", "elapsed": 467.423444, "delta": 2.05388}}
{"target": -39.77417636468518, "params": {"C": 13851.274286230055, "epsilon": 16.627581227205606, "gamma": 0.014625489968797338}, "datetime": {"datetime": "2021-09-22 19:54:30", "elapsed": 469.337902, "delta": 1.914458}}
{"target": -212.1120771974584, "params": {"C": 11460.387396808097, "epsilon": 0.8688872455883548, "gamma": 0.10771865510186714}, "datetime": {"datetime": "2021-09-22 19:54:32", "elapsed": 471.532138, "delta": 2.194236}}
{"target": -208.02253267596507, "params": {"C": 13945.446271630371, "epsilon": 10.15054385045944, "gamma": 0.10357361083613448}, "datetime": {"datetime": "2021-09-22 19:54:34", "elapsed": 473.6542, "delta": 2.122062}}
{"target": -226.01486389972254, "params": {"C": 14201.51586594116, "epsilon": 15.887281517998602, "gamma": 0.11077710565634664}, "datetime": {"datetime": "2021-09-22 19:54:36", "elapsed": 475.319127, "delta": 1.664927}}
{"target": -74.57207299845876, "params": {"C": 13069.075210723471, "epsilon": 23.403469740141972, "gamma": 0.03235665394962046}, "datetime": {"datetime": "2021-09-22 19:54:38", "elapsed": 477.106358, "delta": 1.787231}}
{"target": -75.19410453007546, "params": {"C": 9613.002961052913, "epsilon": 20.31532427121638, "gamma": 0.033330116348154824}, "datetime": {"datetime": "2021-09-22 19:54:39", "elapsed": 478.853141, "delta": 1.746783}}
{"target": -172.78060382355602, "params": {"C": 18136.02946420315, "epsilon": 10.532714225101774, "gamma": 0.0862812776470771}, "datetime": {"datetime": "2021-09-22 19:54:42", "elapsed": 481.102684, "delta": 2.249543}}
{"target": -250.54203844033125, "params": {"C": 12975.63149858535, "epsilon": 23.293391355231105, "gamma": 0.12084146955647367}, "datetime": {"datetime": "2021-09-22 19:54:43", "elapsed": 482.678511, "delta": 1.575827}}
{"target": -268.95277376245974, "params": {"C": 19342.498837124847, "epsilon": 2.9503283050467792, "gamma": 0.13423310988429027}, "datetime": {"datetime": "2021-09-22 19:54:45", "elapsed": 484.416882, "delta": 1.738371}}
{"target": -221.72777335832077, "params": {"C": 12583.828534651242, "epsilon": 13.17419410424524, "gamma": 0.10947924134832011}, "datetime": {"datetime": "2021-09-22 19:54:47", "elapsed": 486.472947, "delta": 2.056065}}
{"target": -206.1239706777974, "params": {"C": 7591.679285361408, "epsilon": 1.4325069280973874, "gamma": 0.10451728421289412}, "datetime": {"datetime": "2021-09-22 19:54:49", "elapsed": 488.291181, "delta": 1.818234}}
{"target": -212.49648966319467, "params": {"C": 9723.062452045708, "epsilon": 18.128077975794398, "gamma": 0.10359792981907473}, "datetime": {"datetime": "2021-09-22 19:54:51", "elapsed": 490.07115, "delta": 1.779969}}
{"target": -12.166163925443623, "params": {"C": 16157.969046789252, "epsilon": 13.235410100699074, "gamma": 0.0007525346814102613}, "datetime": {"datetime": "2021-09-22 19:54:53", "elapsed": 492.638206, "delta": 2.567056}}
{"target": -236.60225696531967, "params": {"C": 16109.803219178015, "epsilon": 2.65450899292334, "gamma": 0.11897098878076715}, "datetime": {"datetime": "2021-09-22 19:54:55", "elapsed": 494.561719, "delta": 1.923513}}
{"target": -197.27006129044412, "params": {"C": 15972.188089343163, "epsilon": 12.701099723912717, "gamma": 0.09755510723784863}, "datetime": {"datetime": "2021-09-22 19:54:57", "elapsed": 496.417481, "delta": 1.855762}}
{"target": -59.860011671120134, "params": {"C": 12926.599150790425, "epsilon": 25.81043779731587, "gamma": 0.023081995852298684}, "datetime": {"datetime": "2021-09-22 19:55:00", "elapsed": 499.164534, "delta": 2.747053}}
{"target": -156.16034826134964, "params": {"C": 9566.601317172524, "epsilon": 25.928231129066848, "gamma": 0.07390654699588754}, "datetime": {"datetime": "2021-09-22 19:55:02", "elapsed": 501.352358, "delta": 2.187824}}
{"target": -268.62874023567366, "params": {"C": 12303.082589622361, "epsilon": 26.41420558024871, "gamma": 0.12877856272750082}, "datetime": {"datetime": "2021-09-22 19:55:03", "elapsed": 502.912731, "delta": 1.560373}}
{"target": -73.76068503911445, "params": {"C": 15962.39327470134, "epsilon": 28.126195438263654, "gamma": 0.03011956268972108}, "datetime": {"datetime": "2021-09-22 19:55:05", "elapsed": 504.757512, "delta": 1.844781}}
{"target": -241.8301828777851, "params": {"C": 7881.98911954279, "epsilon": 28.72490565592111, "gamma": 0.11501795515956767}, "datetime": {"datetime": "2021-09-22 19:55:07", "elapsed": 506.842407, "delta": 2.084895}}
{"target": -292.73377740770655, "params": {"C": 6712.730964224952, "epsilon": 9.73667807394355, "gamma": 0.1442657559398382}, "datetime": {"datetime": "2021-09-22 19:55:10", "elapsed": 508.944353, "delta": 2.101946}}
{"target": -23.658602362187416, "params": {"C": 13300.743004356464, "epsilon": 15.35292349801812, "gamma": 0.004691336424075103}, "datetime": {"datetime": "2021-09-22 19:55:11", "elapsed": 510.777087, "delta": 1.832734}}
{"target": -211.87781685323134, "params": {"C": 18100.990809230498, "epsilon": 18.517671422380772, "gamma": 0.10307640931520104}, "datetime": {"datetime": "2021-09-22 19:55:13", "elapsed": 512.537997, "delta": 1.76091}}
{"target": -106.59851591699368, "params": {"C": 11921.998039514938, "epsilon": 10.335202576224113, "gamma": 0.0538606969991498}, "datetime": {"datetime": "2021-09-22 19:55:15", "elapsed": 514.640028, "delta": 2.102031}}
{"target": -242.4961999120011, "params": {"C": 6601.950106563254, "epsilon": 12.52975307624327, "gamma": 0.1196848675244089}, "datetime": {"datetime": "2021-09-22 19:55:17", "elapsed": 516.539008, "delta": 1.89898}}
{"target": -144.9932532361036, "params": {"C": 16074.450086287421, "epsilon": 23.147035084698246, "gamma": 0.06926977765868633}, "datetime": {"datetime": "2021-09-22 19:55:19", "elapsed": 518.696329, "delta": 2.157321}}
{"target": -170.94531667194107, "params": {"C": 16398.599330355082, "epsilon": 24.028042470320717, "gamma": 0.08137874682442826}, "datetime": {"datetime": "2021-09-22 19:55:21", "elapsed": 520.580538, "delta": 1.884209}}
{"target": -172.2796465595563, "params": {"C": 9744.581431643377, "epsilon": 8.409532258919183, "gamma": 0.08683544221713287}, "datetime": {"datetime": "2021-09-22 19:55:23", "elapsed": 522.449699, "delta": 1.869161}}
{"target": -117.63590486607478, "params": {"C": 8651.395568985678, "epsilon": 10.22563336320343, "gamma": 0.05929352702247833}, "datetime": {"datetime": "2021-09-22 19:55:25", "elapsed": 524.405084, "delta": 1.955385}}
{"target": -47.99110342602226, "params": {"C": 18433.57046222672, "epsilon": 24.739141030229497, "gamma": 0.01685621988859228}, "datetime": {"datetime": "2021-09-22 19:55:27", "elapsed": 526.409105, "delta": 2.004021}}
{"target": -161.31195539557925, "params": {"C": 8460.219044754504, "epsilon": 8.16765929106467, "gamma": 0.08149848097453874}, "datetime": {"datetime": "2021-09-22 19:55:29", "elapsed": 528.310279, "delta": 1.901174}}
{"target": -203.78204002273858, "params": {"C": 7893.889338994965, "epsilon": 11.693041758184947, "gamma": 0.10114563070085554}, "datetime": {"datetime": "2021-09-22 19:55:31", "elapsed": 530.181114, "delta": 1.870835}}
{"target": -59.23595521676524, "params": {"C": 14547.300086020563, "epsilon": 7.247954998935286, "gamma": 0.02941147409819972}, "datetime": {"datetime": "2021-09-22 19:55:33", "elapsed": 532.722433, "delta": 2.541319}}
{"target": -102.11149765871274, "params": {"C": 12926.706543149556, "epsilon": 25.880721488759534, "gamma": 0.04638981591378073}, "datetime": {"datetime": "2021-09-22 19:55:36", "elapsed": 535.093098, "delta": 2.370665}}
{"target": -203.64217481757964, "params": {"C": 13080.209632922939, "epsilon": 29.84670883547869, "gamma": 0.09564404039178293}, "datetime": {"datetime": "2021-09-22 19:55:38", "elapsed": 536.997648, "delta": 1.90455}}
{"target": -62.27625393248224, "params": {"C": 6577.660852007583, "epsilon": 23.842585242005647, "gamma": 0.023271456660268194}, "datetime": {"datetime": "2021-09-22 19:55:39", "elapsed": 538.92199, "delta": 1.924342}}
{"target": -272.0938397684896, "params": {"C": 17534.589895174006, "epsilon": 23.037745382753133, "gamma": 0.13128859071974613}, "datetime": {"datetime": "2021-09-22 19:55:41", "elapsed": 540.688568, "delta": 1.766578}}
{"target": -130.7550079354256, "params": {"C": 11453.82173095606, "epsilon": 22.4314516769179, "gamma": 0.06256825407890051}, "datetime": {"datetime": "2021-09-22 19:55:43", "elapsed": 542.528839, "delta": 1.840271}}
{"target": -29.97168041090103, "params": {"C": 13515.613850601814, "epsilon": 7.391020164493875, "gamma": 0.010476344642309425}, "datetime": {"datetime": "2021-09-22 19:55:45", "elapsed": 544.809276, "delta": 2.280437}}
{"target": -74.84896621234851, "params": {"C": 14344.17413617708, "epsilon": 25.669427917685688, "gamma": 0.03163227263164827}, "datetime": {"datetime": "2021-09-22 19:55:47", "elapsed": 546.701395, "delta": 1.892119}}
{"target": -266.7223094325928, "params": {"C": 10088.024969614626, "epsilon": 17.101422341412295, "gamma": 0.13023404603270472}, "datetime": {"datetime": "2021-09-22 19:55:49", "elapsed": 548.39064, "delta": 1.689245}}
{"target": -242.05690871713054, "params": {"C": 11695.72393760406, "epsilon": 22.073132699779777, "gamma": 0.11698170227959445}, "datetime": {"datetime": "2021-09-22 19:55:51", "elapsed": 550.700807, "delta": 2.310167}}
{"target": -44.576986606342345, "params": {"C": 9042.451901289674, "epsilon": 8.557626445452279, "gamma": 0.017521399198730508}, "datetime": {"datetime": "2021-09-22 19:55:56", "elapsed": 554.931479, "delta": 4.230672}}
{"target": -303.8310029058574, "params": {"C": 6107.637626679572, "epsilon": 25.801838565745697, "gamma": 0.1462528589039047}, "datetime": {"datetime": "2021-09-22 19:55:57", "elapsed": 556.756356, "delta": 1.824877}}
