{"target": -1342.5068259448253, "params": {"C": 21.19613394620427, "epsilon": 4.980617579130611, "gamma": 0.12677573741813966}, "datetime": {"datetime": "2021-09-22 18:00:09", "elapsed": 392.396114, "delta": 1.349844}}
{"target": -915.6889769450629, "params": {"C": 76.98090068770306, "epsilon": 3.2436952957803173, "gamma": 0.14866345565569328}, "datetime": {"datetime": "2021-09-22 18:00:12", "elapsed": 395.276503, "delta": 2.880389}}
{"target": -1620.9674869573016, "params": {"C": 41.47283898140374, "epsilon": 0.1367099012758186, "gamma": 0.9863051583298976}, "datetime": {"datetime": "2021-09-22 18:00:14", "elapsed": 396.717435, "delta": 1.440932}}
{"target": -704.9472165629232, "params": {"C": 90.52364483734377, "epsilon": 1.187472825396416, "gamma": 0.11723062445244167}, "datetime": {"datetime": "2021-09-22 18:00:16", "elapsed": 399.245371, "delta": 2.527936}}
{"target": -975.7620354238117, "params": {"C": 99.08091820236474, "epsilon": 9.232995651428586, "gamma": 0.1902600132663316}, "datetime": {"datetime": "2021-09-22 18:00:19", "elapsed": 401.868641, "delta": 2.62327}}
{"target": -629.3376999986288, "params": {"C": 59.99376254013288, "epsilon": 0.8429241691949043, "gamma": 0.0647307056235533}, "datetime": {"datetime": "2021-09-22 18:00:22", "elapsed": 404.857877, "delta": 2.989236}}
{"target": -584.4713028140555, "params": {"C": 90.6901337929789, "epsilon": 0.14353898868160325, "gamma": 0.08537372114003304}, "datetime": {"datetime": "2021-09-22 18:00:24", "elapsed": 407.625279, "delta": 2.767402}}
{"target": -552.3865411332273, "params": {"C": 91.54253506005675, "epsilon": 0.9883942170692367, "gamma": 0.07704489258760218}, "datetime": {"datetime": "2021-09-22 18:00:28", "elapsed": 410.915609, "delta": 3.29033}}
{"target": -915.7922797965008, "params": {"C": 72.24051031782771, "epsilon": 7.664887076424729, "gamma": 0.14227757557674883}, "datetime": {"datetime": "2021-09-22 18:00:29", "elapsed": 412.266202, "delta": 1.350593}}
{"target": -700.4731322069956, "params": {"C": 97.55215881993396, "epsilon": 2.775434483637274, "gamma": 0.12217443236374927}, "datetime": {"datetime": "2021-09-22 18:00:31", "elapsed": 413.694777, "delta": 1.428575}}
{"target": -633.6151711661697, "params": {"C": 97.55756858292929, "epsilon": 2.987291627035286, "gamma": 0.1044260021300527}, "datetime": {"datetime": "2021-09-22 18:00:33", "elapsed": 416.649123, "delta": 2.954346}}
{"target": -1626.2509940981954, "params": {"C": 22.09850080437786, "epsilon": 3.6779991516324104, "gamma": 0.8639951547070628}, "datetime": {"datetime": "2021-09-22 18:00:35", "elapsed": 418.092667, "delta": 1.443544}}
{"target": -1011.8715953144264, "params": {"C": 91.49700789069226, "epsilon": 1.0671306134682328, "gamma": 0.19121833039902733}, "datetime": {"datetime": "2021-09-22 18:00:38", "elapsed": 421.484492, "delta": 3.391825}}
{"target": -430.8102928905291, "params": {"C": 97.88844895872175, "epsilon": 2.982138312334142, "gamma": 0.04458732718982408}, "datetime": {"datetime": "2021-09-22 18:00:41", "elapsed": 424.095587, "delta": 2.611095}}
{"target": -1635.378672874103, "params": {"C": 6.870665261338062, "epsilon": 9.5349488230017, "gamma": 0.9608056716980604}, "datetime": {"datetime": "2021-09-22 18:00:42", "elapsed": 425.505392, "delta": 1.409805}}
{"target": -582.44945078915, "params": {"C": 91.6750495549519, "epsilon": 1.0538880418169385, "gamma": 0.08551365327466295}, "datetime": {"datetime": "2021-09-22 18:00:45", "elapsed": 428.612072, "delta": 3.10668}}
{"target": -485.3587196798555, "params": {"C": 77.12914051451415, "epsilon": 2.973557743188169, "gamma": 0.023234132806323474}, "datetime": {"datetime": "2021-09-22 18:00:49", "elapsed": 432.046623, "delta": 3.434551}}
{"target": -960.2725354438984, "params": {"C": 97.95973577098832, "epsilon": 3.0237296001828002, "gamma": 0.18490526746086078}, "datetime": {"datetime": "2021-09-22 18:00:51", "elapsed": 434.43978, "delta": 2.393157}}
{"target": -1628.502691007962, "params": {"C": 20.894459055441533, "epsilon": 4.234242769002951, "gamma": 0.9302184789897585}, "datetime": {"datetime": "2021-09-22 18:00:53", "elapsed": 435.802276, "delta": 1.362496}}
{"target": -1618.3391525990155, "params": {"C": 90.7281221323476, "epsilon": 1.763807270643859, "gamma": 0.0001}, "datetime": {"datetime": "2021-09-22 18:00:57", "elapsed": 439.820143, "delta": 4.017867}}
{"target": -1412.9801174015124, "params": {"C": 17.415472454106403, "epsilon": 8.527276867081884, "gamma": 0.13634387026943245}, "datetime": {"datetime": "2021-09-22 18:00:58", "elapsed": 441.217753, "delta": 1.39761}}
{"target": -537.8046855821761, "params": {"C": 77.36464708295438, "epsilon": 3.1643687252397017, "gamma": 0.061017799403848966}, "datetime": {"datetime": "2021-09-22 18:01:01", "elapsed": 443.767098, "delta": 2.549345}}
{"target": -687.7379989803985, "params": {"C": 91.93169458462789, "epsilon": 0.5493216798878381, "gamma": 0.11409208242661421}, "datetime": {"datetime": "2021-09-22 18:01:04", "elapsed": 446.774362, "delta": 3.007264}}
{"target": -540.6971922026942, "params": {"C": 76.65322415214045, "epsilon": 2.9025072151340825, "gamma": 0.0612129920588329}, "datetime": {"datetime": "2021-09-22 18:01:07", "elapsed": 450.152901, "delta": 3.378539}}
{"target": -405.2804018854134, "params": {"C": 98.82057734747839, "epsilon": 8.749362997040008, "gamma": 0.03019308733774168}, "datetime": {"datetime": "2021-09-22 18:01:10", "elapsed": 453.127515, "delta": 2.974614}}
{"target": -674.4257045969687, "params": {"C": 60.32727982603266, "epsilon": 0.5734573931512992, "gamma": 0.07668574816857682}, "datetime": {"datetime": "2021-09-22 18:01:11", "elapsed": 454.620447, "delta": 1.492932}}
{"target": -455.50856625336087, "params": {"C": 99.07591260996209, "epsilon": 9.022451757894805, "gamma": 0.054564304250511016}, "datetime": {"datetime": "2021-09-22 18:01:15", "elapsed": 458.234234, "delta": 3.613787}}
{"target": -1616.5540950600623, "params": {"C": 98.54144586221841, "epsilon": 4.903636777581788, "gamma": 0.0001}, "datetime": {"datetime": "2021-09-22 18:01:18", "elapsed": 460.862568, "delta": 2.628334}}
{"target": -1192.0091214665815, "params": {"C": 59.78362183349145, "epsilon": 0.4450909823700473, "gamma": 0.004131946237171845}, "datetime": {"datetime": "2021-09-22 18:01:22", "elapsed": 465.345474, "delta": 4.482906}}
{"target": -839.3008214869857, "params": {"C": 77.07989183193081, "epsilon": 3.0565792610372067, "gamma": 0.13322875049900462}, "datetime": {"datetime": "2021-09-22 18:01:26", "elapsed": 469.612909, "delta": 4.267435}}
{"target": -1538.5994131509526, "params": {"C": 71.16770121915751, "epsilon": 0.19641935472453032, "gamma": 0.5278224037241916}, "datetime": {"datetime": "2021-09-22 18:01:28", "elapsed": 470.989532, "delta": 1.376623}}
{"target": -791.3238991885448, "params": {"C": 60.9387135417145, "epsilon": 1.0030607931478097, "gamma": 0.010805376166376817}, "datetime": {"datetime": "2021-09-22 18:01:31", "elapsed": 473.988282, "delta": 2.99875}}
{"target": -491.3252513918076, "params": {"C": 90.76256463697817, "epsilon": 1.5368554935891747, "gamma": 0.05946226758313624}, "datetime": {"datetime": "2021-09-22 18:01:34", "elapsed": 476.925504, "delta": 2.937222}}
{"target": -466.35923291983875, "params": {"C": 99.29896572325808, "epsilon": 9.169462508921566, "gamma": 0.05836952819721869}, "datetime": {"datetime": "2021-09-22 18:01:37", "elapsed": 479.761501, "delta": 2.835997}}
{"target": -1630.0103276861075, "params": {"C": 10.666488312468477, "epsilon": 8.676584052917658, "gamma": 0.7217826785172875}, "datetime": {"datetime": "2021-09-22 18:01:38", "elapsed": 481.216675, "delta": 1.455174}}
{"target": -452.6928114204567, "params": {"C": 90.52900917230978, "epsilon": 0.16653212959232883, "gamma": 0.04624740314757125}, "datetime": {"datetime": "2021-09-22 18:01:41", "elapsed": 484.085423, "delta": 2.868748}}
{"target": -589.9008070678811, "params": {"C": 76.83402647379525, "epsilon": 3.102288947773149, "gamma": 0.07510126943440557}, "datetime": {"datetime": "2021-09-22 18:01:44", "elapsed": 487.523119, "delta": 3.437696}}
{"target": -528.1771878208609, "params": {"C": 92.12980201734723, "epsilon": 0.6525575275021328, "gamma": 0.07139293320776437}, "datetime": {"datetime": "2021-09-22 18:01:47", "elapsed": 490.594779, "delta": 3.07166}}
{"target": -1386.439961530127, "params": {"C": 60.15585149744497, "epsilon": 1.5644279096367293, "gamma": 0.2876271422148331}, "datetime": {"datetime": "2021-09-22 18:01:49", "elapsed": 491.994929, "delta": 1.40015}}
{"target": -1616.7333124366949, "params": {"C": 97.89847969544402, "epsilon": 2.867480014863512, "gamma": 0.0001}, "datetime": {"datetime": "2021-09-22 18:01:52", "elapsed": 495.130369, "delta": 3.13544}}
{"target": -590.1138118547306, "params": {"C": 77.24611546565878, "epsilon": 2.9794996360689394, "gamma": 0.07554386685556175}, "datetime": {"datetime": "2021-09-22 18:01:55", "elapsed": 498.012268, "delta": 2.881899}}
{"target": -808.6475649828196, "params": {"C": 56.51972530976968, "epsilon": 5.532091520394113, "gamma": 0.09699151047231794}, "datetime": {"datetime": "2021-09-22 18:01:56", "elapsed": 499.492518, "delta": 1.48025}}
{"target": -502.80056591089766, "params": {"C": 76.6724096508838, "epsilon": 2.7580395362906964, "gamma": 0.019724441156781247}, "datetime": {"datetime": "2021-09-22 18:01:59", "elapsed": 502.50669, "delta": 3.014172}}
{"target": -1621.3207792363232, "params": {"C": 77.15782805296227, "epsilon": 2.838302345288306, "gamma": 0.0001}, "datetime": {"datetime": "2021-09-22 18:02:05", "elapsed": 507.999752, "delta": 5.493062}}
{"target": -502.6813153969285, "params": {"C": 91.92709042702063, "epsilon": 0.6819858483186055, "gamma": 0.013550299576161585}, "datetime": {"datetime": "2021-09-22 18:02:09", "elapsed": 512.177828, "delta": 4.178076}}
{"target": -1300.822280295358, "params": {"C": 50.9884604186874, "epsilon": 7.796008786087569, "gamma": 0.21526629942778844}, "datetime": {"datetime": "2021-09-22 18:02:11", "elapsed": 513.784299, "delta": 1.606471}}
{"target": -428.7755572876934, "params": {"C": 91.41439082389887, "epsilon": 0.8711515043820434, "gamma": 0.026372120370955}, "datetime": {"datetime": "2021-09-22 18:02:14", "elapsed": 516.802086, "delta": 3.017787}}
{"target": -469.5044612096326, "params": {"C": 77.54336189236491, "epsilon": 3.2232231621550826, "gamma": 0.03206639540929873}, "datetime": {"datetime": "2021-09-22 18:02:17", "elapsed": 520.000313, "delta": 3.198227}}
{"target": -1606.8163477604373, "params": {"C": 50.327679882853545, "epsilon": 7.759230088252801, "gamma": 0.8054995691095265}, "datetime": {"datetime": "2021-09-22 18:02:18", "elapsed": 521.579921, "delta": 1.579608}}
{"target": -427.19551950618944, "params": {"C": 91.57905376935321, "epsilon": 0.7856561285785032, "gamma": 0.035268903829900375}, "datetime": {"datetime": "2021-09-22 18:02:21", "elapsed": 524.266262, "delta": 2.686341}}
{"target": -585.618088344291, "params": {"C": 98.85457823716087, "epsilon": 8.600250109054453, "gamma": 0.09221736835655318}, "datetime": {"datetime": "2021-09-22 18:02:24", "elapsed": 527.496705, "delta": 3.230443}}
{"target": -676.6349470641446, "params": {"C": 77.43496577135363, "epsilon": 3.069048334408889, "gamma": 0.09776529292713233}, "datetime": {"datetime": "2021-09-22 18:02:28", "elapsed": 531.314781, "delta": 3.818076}}
{"target": -1614.9757078424807, "params": {"C": 27.327370196608936, "epsilon": 6.033428059471104, "gamma": 0.6904774518084911}, "datetime": {"datetime": "2021-09-22 18:02:30", "elapsed": 532.932322, "delta": 1.617541}}
{"target": -411.29661837694874, "params": {"C": 99.4472326864689, "epsilon": 9.210437920129172, "gamma": 0.03703500845169179}, "datetime": {"datetime": "2021-09-22 18:02:33", "elapsed": 536.280601, "delta": 3.348279}}
{"target": -407.9276244867207, "params": {"C": 97.83506690522502, "epsilon": 3.0806920701313745, "gamma": 0.02805559192591643}, "datetime": {"datetime": "2021-09-22 18:02:36", "elapsed": 539.545937, "delta": 3.265336}}
{"target": -1570.90111326688, "params": {"C": 71.51761577464093, "epsilon": 4.220200208758798, "gamma": 0.6501691242636747}, "datetime": {"datetime": "2021-09-22 18:02:38", "elapsed": 541.113526, "delta": 1.567589}}
{"target": -924.550028947195, "params": {"C": 98.74622972125084, "epsilon": 8.690250399315445, "gamma": 0.0043015225287076145}, "datetime": {"datetime": "2021-09-22 18:02:41", "elapsed": 544.34875, "delta": 3.235224}}
{"target": -1277.6695096431113, "params": {"C": 77.53997404950444, "epsilon": 3.0255487935950187, "gamma": 0.002405153545635278}, "datetime": {"datetime": "2021-09-22 18:02:45", "elapsed": 548.518233, "delta": 4.169483}}
{"target": -1613.0998512437907, "params": {"C": 45.57179831232955, "epsilon": 8.801936914604836, "gamma": 0.858443528160294}, "datetime": {"datetime": "2021-09-22 18:02:47", "elapsed": 549.929313, "delta": 1.41108}}
{"target": -1143.283928390251, "params": {"C": 71.4483524425309, "epsilon": 9.373936201613843, "gamma": 0.20034390082356307}, "datetime": {"datetime": "2021-09-22 18:02:48", "elapsed": 551.633456, "delta": 1.704143}}
{"target": -1531.3695632042147, "params": {"C": 77.27007250432764, "epsilon": 3.0827359931244063, "gamma": 0.0006407742691268122}, "datetime": {"datetime": "2021-09-22 18:02:52", "elapsed": 555.248805, "delta": 3.615349}}
{"target": -815.8382319440208, "params": {"C": 98.83089233218757, "epsilon": 8.907629032866963, "gamma": 0.15029289405039437}, "datetime": {"datetime": "2021-09-22 18:02:56", "elapsed": 558.744591, "delta": 3.495786}}
{"target": -786.99820807952, "params": {"C": 92.11504901503075, "epsilon": 0.5509672238158507, "gamma": 0.13682214206234583}, "datetime": {"datetime": "2021-09-22 18:02:59", "elapsed": 561.67058, "delta": 2.925989}}
{"target": -1565.2900898290513, "params": {"C": 86.57129215098708, "epsilon": 6.163596572226887, "gamma": 0.6869986769464277}, "datetime": {"datetime": "2021-09-22 18:03:00", "elapsed": 563.280345, "delta": 1.609765}}
{"target": -1514.866123815082, "params": {"C": 42.87698613656992, "epsilon": 3.4297215296481234, "gamma": 0.35870787811507593}, "datetime": {"datetime": "2021-09-22 18:03:02", "elapsed": 564.872693, "delta": 1.592348}}
{"target": -448.56518580821523, "params": {"C": 90.82140465230458, "epsilon": 2.0683323217923366, "gamma": 0.04486127416420143}, "datetime": {"datetime": "2021-09-22 18:03:05", "elapsed": 568.421053, "delta": 3.54836}}
{"target": -970.1919704023775, "params": {"C": 76.71647046400574, "epsilon": 2.7554933549308602, "gamma": 0.1610241184877672}, "datetime": {"datetime": "2021-09-22 18:03:09", "elapsed": 571.768002, "delta": 3.346949}}
{"target": -730.1544725913071, "params": {"C": 90.84935951501755, "epsilon": 1.9592431770101613, "gamma": 0.12395101353240594}, "datetime": {"datetime": "2021-09-22 18:03:12", "elapsed": 575.380172, "delta": 3.61217}}
{"target": -1605.3376286061168, "params": {"C": 27.479540123763886, "epsilon": 2.7863286711238344, "gamma": 0.5786641672642505}, "datetime": {"datetime": "2021-09-22 18:03:14", "elapsed": 576.952436, "delta": 1.572264}}
{"target": -721.2249279408843, "params": {"C": 91.6175004966116, "epsilon": 0.8852110697433957, "gamma": 0.12246741566035012}, "datetime": {"datetime": "2021-09-22 18:03:15", "elapsed": 578.555855, "delta": 1.603419}}
{"target": -751.7589697483103, "params": {"C": 77.30266309002832, "epsilon": 3.305235225637075, "gamma": 0.11402364317338837}, "datetime": {"datetime": "2021-09-22 18:03:19", "elapsed": 582.101251, "delta": 3.545396}}
{"target": -1613.3426582730774, "params": {"C": 18.397263245049707, "epsilon": 2.7055155959109047, "gamma": 0.5430642503431706}, "datetime": {"datetime": "2021-09-22 18:03:21", "elapsed": 583.831092, "delta": 1.729841}}
{"target": -1625.4777956205362, "params": {"C": 14.39250318289297, "epsilon": 3.8833942195407234, "gamma": 0.674119520598969}, "datetime": {"datetime": "2021-09-22 18:03:22", "elapsed": 585.546335, "delta": 1.715243}}
{"target": -1186.9510105868399, "params": {"C": 61.44162203685969, "epsilon": 2.3982297805807193, "gamma": 0.195620633427551}, "datetime": {"datetime": "2021-09-22 18:03:24", "elapsed": 587.321478, "delta": 1.775143}}
{"target": -716.7456813153445, "params": {"C": 97.84111726417937, "epsilon": 2.9478975184322636, "gamma": 0.12664742247919017}, "datetime": {"datetime": "2021-09-22 18:03:28", "elapsed": 590.749521, "delta": 3.428043}}
{"target": -455.97564313336454, "params": {"C": 98.6491852469128, "epsilon": 5.170549625464647, "gamma": 0.05444913544588928}, "datetime": {"datetime": "2021-09-22 18:03:31", "elapsed": 594.463719, "delta": 3.714198}}
{"target": -1580.0989517440062, "params": {"C": 5.084887453482199, "epsilon": 7.942723296576468, "gamma": 0.15466397274584498}, "datetime": {"datetime": "2021-09-22 18:03:33", "elapsed": 596.262963, "delta": 1.799244}}
{"target": -1594.9631956232204, "params": {"C": 82.56602854444476, "epsilon": 7.673815263334575, "gamma": 0.875186536762336}, "datetime": {"datetime": "2021-09-22 18:03:35", "elapsed": 597.878024, "delta": 1.615061}}
{"target": -646.6508998238477, "params": {"C": 90.70982131945733, "epsilon": 1.3871456825752482, "gamma": 0.10221341585860604}, "datetime": {"datetime": "2021-09-22 18:03:36", "elapsed": 599.569229, "delta": 1.691205}}
{"target": -789.2091133095954, "params": {"C": 91.55872293207108, "epsilon": 0.9659321010040329, "gamma": 0.006273233141177362}, "datetime": {"datetime": "2021-09-22 18:03:41", "elapsed": 603.944852, "delta": 4.375623}}
{"target": -1044.3002079157416, "params": {"C": 99.52949371624753, "epsilon": 9.200761862350051, "gamma": 0.2100114703287651}, "datetime": {"datetime": "2021-09-22 18:03:44", "elapsed": 607.093058, "delta": 3.148206}}
{"target": -584.6834260444402, "params": {"C": 90.72307184408793, "epsilon": 2.210384644763474, "gamma": 0.08546555078293079}, "datetime": {"datetime": "2021-09-22 18:03:48", "elapsed": 610.885318, "delta": 3.79226}}
{"target": -1020.6138855940264, "params": {"C": 98.9584623008345, "epsilon": 8.7007816788082, "gamma": 0.2025994089918295}, "datetime": {"datetime": "2021-09-22 18:03:52", "elapsed": 614.682816, "delta": 3.797498}}
{"target": -480.64669344341024, "params": {"C": 90.87010924806907, "epsilon": 2.1862054760551373, "gamma": 0.05602780088037755}, "datetime": {"datetime": "2021-09-22 18:03:55", "elapsed": 618.613872, "delta": 3.931056}}
{"target": -589.9584161403417, "params": {"C": 92.05636730731983, "epsilon": 0.8547557644472227, "gamma": 0.0880970015837623}, "datetime": {"datetime": "2021-09-22 18:03:59", "elapsed": 622.488208, "delta": 3.874336}}
{"target": -1570.649998740199, "params": {"C": 46.34404335256529, "epsilon": 6.670522458696346, "gamma": 0.5190817317590621}, "datetime": {"datetime": "2021-09-22 18:04:01", "elapsed": 624.295864, "delta": 1.807656}}
{"target": -624.3680092889061, "params": {"C": 99.16052198852728, "epsilon": 9.007669759931128, "gamma": 0.007924792804216815}, "datetime": {"datetime": "2021-09-22 18:04:05", "elapsed": 627.702219, "delta": 3.406355}}
{"target": -1614.0060599568512, "params": {"C": 17.567550772641443, "epsilon": 3.9921400652174284, "gamma": 0.5377146582714978}, "datetime": {"datetime": "2021-09-22 18:04:06", "elapsed": 629.473547, "delta": 1.771328}}
{"target": -559.5325570891674, "params": {"C": 76.49238837966347, "epsilon": 2.933391293287202, "gamma": 0.014752813031201082}, "datetime": {"datetime": "2021-09-22 18:04:10", "elapsed": 633.445317, "delta": 3.97177}}
{"target": -1616.7852623408712, "params": {"C": 97.64743951211335, "epsilon": 3.0637937835142472, "gamma": 0.0001}, "datetime": {"datetime": "2021-09-22 18:04:14", "elapsed": 637.22959, "delta": 3.784273}}
{"target": -590.7453203947027, "params": {"C": 91.84862517763342, "epsilon": 0.6372909590418234, "gamma": 0.08818316068098073}, "datetime": {"datetime": "2021-09-22 18:04:19", "elapsed": 641.79849, "delta": 4.5689}}
{"target": -1605.1469638370402, "params": {"C": 18.283338884089773, "epsilon": 4.501869393417279, "gamma": 0.46589201794798335}, "datetime": {"datetime": "2021-09-22 18:04:20", "elapsed": 643.561404, "delta": 1.762914}}
{"target": -1631.4707865730456, "params": {"C": 7.5424545652407735, "epsilon": 6.526232625902085, "gamma": 0.666027447702117}, "datetime": {"datetime": "2021-09-22 18:04:22", "elapsed": 645.393904, "delta": 1.8325}}
{"target": -839.3415442936328, "params": {"C": 90.3315210890152, "epsilon": 1.0506831767048648, "gamma": 0.14792070199593355}, "datetime": {"datetime": "2021-09-22 18:04:28", "elapsed": 651.141204, "delta": 5.7473}}
{"target": -847.3655254997085, "params": {"C": 90.67004996359988, "epsilon": 0.6947554901447733, "gamma": 0.1501107073654728}, "datetime": {"datetime": "2021-09-22 18:04:30", "elapsed": 653.073101, "delta": 1.931897}}
{"target": -661.8744053986669, "params": {"C": 97.61202385854898, "epsilon": 2.8984898302123576, "gamma": 0.11187142947411087}, "datetime": {"datetime": "2021-09-22 18:04:36", "elapsed": 659.472811, "delta": 6.39971}}
{"target": -1457.8223912252251, "params": {"C": 89.26423872447182, "epsilon": 5.351626767592201, "gamma": 0.4310576101620887}, "datetime": {"datetime": "2021-09-22 18:04:38", "elapsed": 661.218352, "delta": 1.745541}}
{"target": -1198.7590739547327, "params": {"C": 60.14121063389164, "epsilon": 0.47358416435005957, "gamma": 0.004031209134461004}, "datetime": {"datetime": "2021-09-22 18:04:43", "elapsed": 666.288172, "delta": 5.06982}}
{"target": -1324.394472145631, "params": {"C": 98.37679433960923, "epsilon": 5.3116567778504935, "gamma": 0.0015959362870379898}, "datetime": {"datetime": "2021-09-22 18:04:47", "elapsed": 670.118065, "delta": 3.829893}}
{"target": -1510.3336113543721, "params": {"C": 55.396918384620804, "epsilon": 4.356642714518375, "gamma": 0.4041276770577345}, "datetime": {"datetime": "2021-09-22 18:04:49", "elapsed": 671.889305, "delta": 1.77124}}
{"target": -875.4415586745168, "params": {"C": 90.8145263434602, "epsilon": 2.1338822617146795, "gamma": 0.15663089001981656}, "datetime": {"datetime": "2021-09-22 18:04:53", "elapsed": 675.931105, "delta": 4.0418}}
