{"target": -454.51135798616434, "params": {"C": 91.0185979914387, "epsilon": 2.1764577589921967, "gamma": 0.04732278839197068}, "datetime": {"datetime": "2021-09-22 18:04:58", "elapsed": 680.871044, "delta": 4.939939}}
{"target": -831.4239942629869, "params": {"C": 92.27401535373295, "epsilon": 0.7348074187666755, "gamma": 0.14819879162944144}, "datetime": {"datetime": "2021-09-22 18:05:01", "elapsed": 684.454061, "delta": 3.583017}}
{"target": -153.36148141482576, "params": {"C": 475.3198042323166, "epsilon": 21.637702353920528, "gamma": 0.010016012474428284}, "datetime": {"datetime": "2021-09-22 18:22:50", "elapsed": 0.0, "delta": 0.0}}
{"target": -174.32692225398287, "params": {"C": 372.09931536865577, "epsilon": 4.48800113543168, "gamma": 0.02292740326763169}, "datetime": {"datetime": "2021-09-22 18:22:50", "elapsed": 0.066001, "delta": 0.066001}}
{"target": -310.18259361230275, "params": {"C": 267.6341902399038, "epsilon": 10.432265738587127, "gamma": 0.06554744639229379}, "datetime": {"datetime": "2021-09-22 18:22:50", "elapsed": 0.130002, "delta": 0.064001}}
{"target": -320.6329012668841, "params": {"C": 584.9350606030213, "epsilon": 12.633915980658514, "gamma": 0.10593073005554632}, "datetime": {"datetime": "2021-09-22 18:22:50", "elapsed": 0.203003, "delta": 0.073001}}
{"target": -220.1858684353832, "params": {"C": 284.0070247583657, "epsilon": 26.35571134808927, "gamma": 0.013834263047709662}, "datetime": {"datetime": "2021-09-22 18:22:50", "elapsed": 0.257, "delta": 0.053997}}
{"target": -269.6587360013609, "params": {"C": 703.420759160562, "epsilon": 12.577413590777095, "gamma": 0.08821657598240522}, "datetime": {"datetime": "2021-09-22 18:22:50", "elapsed": 0.333003, "delta": 0.076003}}
{"target": -410.57253694636165, "params": {"C": 474.7277420872698, "epsilon": 20.616162883493306, "gamma": 0.1407357738963465}, "datetime": {"datetime": "2021-09-22 18:22:50", "elapsed": 0.436002, "delta": 0.102999}}
{"target": -224.66203199342416, "params": {"C": 284.28987711986076, "epsilon": 26.23663151534675, "gamma": 0.032205264011436224}, "datetime": {"datetime": "2021-09-22 18:22:50", "elapsed": 0.548001, "delta": 0.111999}}
{"target": -157.1107640857241, "params": {"C": 475.5475941174385, "epsilon": 21.17629174155291, "gamma": 0.024729301383160363}, "datetime": {"datetime": "2021-09-22 18:22:50", "elapsed": 0.659966, "delta": 0.111965}}
{"target": -484.3372669553262, "params": {"C": 304.7633812042025, "epsilon": 4.752140921907701, "gamma": 0.14262248315080342}, "datetime": {"datetime": "2021-09-22 18:22:51", "elapsed": 0.778958, "delta": 0.118992}}
{"target": -161.1147898582776, "params": {"C": 476.10172877484587, "epsilon": 22.07462288116791, "gamma": 0.026928845026494994}, "datetime": {"datetime": "2021-09-22 18:22:51", "elapsed": 0.895009, "delta": 0.116051}}
{"target": -449.38779502062886, "params": {"C": 372.8620155566337, "epsilon": 3.469971174180953, "gamma": 0.14337851692180217}, "datetime": {"datetime": "2021-09-22 18:22:51", "elapsed": 1.070956, "delta": 0.175947}}
{"target": -323.4385143902115, "params": {"C": 371.2150396755971, "epsilon": 5.0435169667638755, "gamma": 0.08885642722913434}, "datetime": {"datetime": "2021-09-22 18:22:51", "elapsed": 1.195004, "delta": 0.124048}}
{"target": -357.02479962755535, "params": {"C": 477.3698330851037, "epsilon": 23.297650248107306, "gamma": 0.115006308183586}, "datetime": {"datetime": "2021-09-22 18:22:51", "elapsed": 1.32, "delta": 0.124996}}
{"target": -391.69677686730444, "params": {"C": 476.0262563641838, "epsilon": 22.655557954785785, "gamma": 0.13169805220904449}, "datetime": {"datetime": "2021-09-22 18:22:51", "elapsed": 1.452, "delta": 0.132}}
{"target": -239.91546905366766, "params": {"C": 283.0094860146351, "epsilon": 26.145934466887674, "gamma": 0.03882926619793181}, "datetime": {"datetime": "2021-09-22 18:22:51", "elapsed": 1.570964, "delta": 0.118964}}
{"target": -216.96958597881638, "params": {"C": 709.4003736408927, "epsilon": 16.482540176841805, "gamma": 0.06364928339941867}, "datetime": {"datetime": "2021-09-22 18:22:52", "elapsed": 1.71, "delta": 0.139036}}
{"target": -303.03184786685705, "params": {"C": 226.6804909027768, "epsilon": 4.267448751258501, "gamma": 0.05435652365917}, "datetime": {"datetime": "2021-09-22 18:22:52", "elapsed": 1.880001, "delta": 0.170001}}
{"target": -184.5809388235906, "params": {"C": 346.6004209157241, "epsilon": 22.954017274388562, "gamma": 0.019361876392444105}, "datetime": {"datetime": "2021-09-22 18:22:52", "elapsed": 1.998, "delta": 0.117999}}
{"target": -369.0751027742415, "params": {"C": 347.27542215695274, "epsilon": 22.953712806406543, "gamma": 0.10546732916206852}, "datetime": {"datetime": "2021-09-22 18:22:52", "elapsed": 2.14296, "delta": 0.14496}}
{"target": -138.43503592655662, "params": {"C": 638.3818165552824, "epsilon": 3.469791513554063, "gamma": 0.026348851355819887}, "datetime": {"datetime": "2021-09-22 18:22:52", "elapsed": 2.292003, "delta": 0.149043}}
{"target": -303.7502033815682, "params": {"C": 652.2621946460952, "epsilon": 16.76601767967067, "gamma": 0.10150496884224916}, "datetime": {"datetime": "2021-09-22 18:22:52", "elapsed": 2.438001, "delta": 0.145998}}
{"target": -654.8886667304427, "params": {"C": 115.13139852633614, "epsilon": 7.82486942623078, "gamma": 0.12208185879719671}, "datetime": {"datetime": "2021-09-22 18:22:52", "elapsed": 2.564002, "delta": 0.126001}}
{"target": -146.55636159855936, "params": {"C": 476.12273765044506, "epsilon": 22.135562695812396, "gamma": 0.011847707704014167}, "datetime": {"datetime": "2021-09-22 18:22:53", "elapsed": 2.696963, "delta": 0.132961}}
{"target": -315.2283960297131, "params": {"C": 639.1612087815475, "epsilon": 3.568031945290104, "gamma": 0.10695528415413505}, "datetime": {"datetime": "2021-09-22 18:22:53", "elapsed": 2.859004, "delta": 0.162041}}
{"target": -194.0251662498758, "params": {"C": 708.882905483479, "epsilon": 16.7279947158805, "gamma": 0.05357604692665958}, "datetime": {"datetime": "2021-09-22 18:22:53", "elapsed": 3.047963, "delta": 0.188959}}
{"target": -359.1358750858953, "params": {"C": 475.6698434608757, "epsilon": 21.363160299948067, "gamma": 0.11604680444800933}, "datetime": {"datetime": "2021-09-22 18:22:53", "elapsed": 3.282002, "delta": 0.234039}}
{"target": -395.5819802190806, "params": {"C": 307.03766366187995, "epsilon": 2.0371258442675813, "gamma": 0.10853839063850439}, "datetime": {"datetime": "2021-09-22 18:22:53", "elapsed": 3.433996, "delta": 0.151994}}
{"target": -313.40645125726604, "params": {"C": 372.3776043842292, "epsilon": 4.240952505426597, "gamma": 0.08450256325178811}, "datetime": {"datetime": "2021-09-22 18:22:53", "elapsed": 3.597004, "delta": 0.163008}}
{"target": -112.72998694620136, "params": {"C": 638.1780414677293, "epsilon": 3.4443077725374946, "gamma": 0.01}, "datetime": {"datetime": "2021-09-22 18:22:54", "elapsed": 3.935962, "delta": 0.338958}}
{"target": -177.76964218183778, "params": {"C": 855.2835788795095, "epsilon": 12.6134633132852, "gamma": 0.05145251843235737}, "datetime": {"datetime": "2021-09-22 18:22:54", "elapsed": 4.108967, "delta": 0.173005}}
{"target": -271.0850201728064, "params": {"C": 474.9470426603407, "epsilon": 21.848570747595346, "gamma": 0.07580820832809348}, "datetime": {"datetime": "2021-09-22 18:22:54", "elapsed": 4.276003, "delta": 0.167036}}
{"target": -317.682082816813, "params": {"C": 475.74254789519927, "epsilon": 20.931570894784237, "gamma": 0.09634984223131096}, "datetime": {"datetime": "2021-09-22 18:22:54", "elapsed": 4.460253, "delta": 0.18425}}
{"target": -426.0002999279878, "params": {"C": 138.6927975567993, "epsilon": 12.504402357704922, "gamma": 0.010740820221549454}, "datetime": {"datetime": "2021-09-22 18:22:54", "elapsed": 4.624919, "delta": 0.164666}}
{"target": -380.0917433130341, "params": {"C": 638.0825760909239, "epsilon": 3.1496000562107507, "gamma": 0.13909092383545804}, "datetime": {"datetime": "2021-09-22 18:22:55", "elapsed": 4.844097, "delta": 0.219178}}
{"target": -318.9270440054771, "params": {"C": 855.3846961070848, "epsilon": 12.352962669627829, "gamma": 0.12065677890924256}, "datetime": {"datetime": "2021-09-22 18:22:55", "elapsed": 5.0528, "delta": 0.208703}}
{"target": -360.1504478798281, "params": {"C": 638.437488805256, "epsilon": 3.3406406280938254, "gamma": 0.12898917279148633}, "datetime": {"datetime": "2021-09-22 18:22:55", "elapsed": 5.264051, "delta": 0.211251}}
{"target": -348.88435345634605, "params": {"C": 192.88114120975146, "epsilon": 1.8087511503632996, "gamma": 0.06175045094954445}, "datetime": {"datetime": "2021-09-22 18:22:55", "elapsed": 5.436884, "delta": 0.172833}}
{"target": -200.0476219150332, "params": {"C": 371.9469939909789, "epsilon": 4.806980534371633, "gamma": 0.036363915454972834}, "datetime": {"datetime": "2021-09-22 18:22:55", "elapsed": 5.640981, "delta": 0.204097}}
{"target": -461.20554100475135, "params": {"C": 137.95475197499752, "epsilon": 3.5934623866522046, "gamma": 0.08024695094726512}, "datetime": {"datetime": "2021-09-22 18:22:56", "elapsed": 5.823603, "delta": 0.182622}}
{"target": -198.08791624583193, "params": {"C": 855.5615392709025, "epsilon": 12.633687814769763, "gamma": 0.061062470687035846}, "datetime": {"datetime": "2021-09-22 18:22:56", "elapsed": 6.035563, "delta": 0.21196}}
{"target": -220.87028747325624, "params": {"C": 371.7634727088385, "epsilon": 4.572667058347313, "gamma": 0.044775222476134344}, "datetime": {"datetime": "2021-09-22 18:22:56", "elapsed": 6.287556, "delta": 0.251993}}
{"target": -405.77211797310895, "params": {"C": 476.2113711989261, "epsilon": 21.99755662651641, "gamma": 0.13857463681541365}, "datetime": {"datetime": "2021-09-22 18:22:56", "elapsed": 6.567555, "delta": 0.279999}}
{"target": -102.75858000977075, "params": {"C": 708.5327881158084, "epsilon": 16.762055386098787, "gamma": 0.011772419633368976}, "datetime": {"datetime": "2021-09-22 18:22:57", "elapsed": 6.766951, "delta": 0.199396}}
{"target": -250.2475915560923, "params": {"C": 709.1472354333201, "epsilon": 16.300363880088828, "gamma": 0.07904513323712298}, "datetime": {"datetime": "2021-09-22 18:22:57", "elapsed": 6.984905, "delta": 0.217954}}
{"target": -199.879104474429, "params": {"C": 329.25430962542623, "epsilon": 25.380154099736, "gamma": 0.028291953664582356}, "datetime": {"datetime": "2021-09-22 18:22:57", "elapsed": 7.176559, "delta": 0.191654}}
{"target": -349.97490167696185, "params": {"C": 779.2325535425938, "epsilon": 7.167658224168215, "gamma": 0.13252667080933983}, "datetime": {"datetime": "2021-09-22 18:22:57", "elapsed": 7.416562, "delta": 0.240003}}
{"target": -205.80793006728433, "params": {"C": 709.4291295407542, "epsilon": 16.316078972417216, "gamma": 0.058653712249456987}, "datetime": {"datetime": "2021-09-22 18:22:57", "elapsed": 7.675569, "delta": 0.259007}}
{"target": -349.2509472779722, "params": {"C": 829.7827483867491, "epsilon": 22.442657370028044, "gamma": 0.1345340596284831}, "datetime": {"datetime": "2021-09-22 18:22:58", "elapsed": 7.945531, "delta": 0.269962}}
{"target": -397.7458005105516, "params": {"C": 636.7590170767056, "epsilon": 14.030115129096053, "gamma": 0.14841374037086869}, "datetime": {"datetime": "2021-09-22 18:22:58", "elapsed": 8.321728, "delta": 0.376197}}
{"target": -308.4615293618306, "params": {"C": 475.42890693175644, "epsilon": 21.759839835971324, "gamma": 0.09208670487595845}, "datetime": {"datetime": "2021-09-22 18:22:58", "elapsed": 8.598705, "delta": 0.276977}}
{"target": -338.4745618851738, "params": {"C": 175.16210002313207, "epsilon": 6.147833385491696, "gamma": 0.051695190374896186}, "datetime": {"datetime": "2021-09-22 18:22:59", "elapsed": 8.840706, "delta": 0.242001}}
{"target": -306.221228226891, "params": {"C": 159.93438149183388, "epsilon": 15.307638194571071, "gamma": 0.025150640696468447}, "datetime": {"datetime": "2021-09-22 18:22:59", "elapsed": 9.086688, "delta": 0.245982}}
{"target": -272.7038683139767, "params": {"C": 422.97696285609135, "epsilon": 4.054812378308467, "gamma": 0.07216451597955924}, "datetime": {"datetime": "2021-09-22 18:22:59", "elapsed": 9.343716, "delta": 0.257028}}
{"target": -295.00795675087903, "params": {"C": 689.7800033441083, "epsilon": 7.554185276988381, "gamma": 0.0999990683877033}, "datetime": {"datetime": "2021-09-22 18:22:59", "elapsed": 9.571722, "delta": 0.228006}}
{"target": -340.2434003693676, "params": {"C": 992.7672559311355, "epsilon": 25.747870366431812, "gamma": 0.1366554991508075}, "datetime": {"datetime": "2021-09-22 18:23:00", "elapsed": 9.828423, "delta": 0.256701}}
{"target": -93.19674989102616, "params": {"C": 855.1722566044623, "epsilon": 12.680246345706927, "gamma": 0.013695344001560358}, "datetime": {"datetime": "2021-09-22 18:23:00", "elapsed": 10.080112, "delta": 0.251689}}
{"target": -700.0209879557051, "params": {"C": 137.9835245075941, "epsilon": 19.763448844370462, "gamma": 0.14876380625200228}, "datetime": {"datetime": "2021-09-22 18:23:00", "elapsed": 10.346147, "delta": 0.266035}}
{"target": -399.34517128617114, "params": {"C": 371.9057985804303, "epsilon": 4.987761181261366, "gamma": 0.12245567196641771}, "datetime": {"datetime": "2021-09-22 18:23:00", "elapsed": 10.61827, "delta": 0.272123}}
{"target": -599.1170840360458, "params": {"C": 197.7755861928979, "epsilon": 24.480838325211895, "gamma": 0.1464481431150267}, "datetime": {"datetime": "2021-09-22 18:23:01", "elapsed": 10.851716, "delta": 0.233446}}
{"target": -211.33083011362052, "params": {"C": 884.572301645172, "epsilon": 5.439995641394417, "gamma": 0.06863006826533818}, "datetime": {"datetime": "2021-09-22 18:23:01", "elapsed": 11.153704, "delta": 0.301988}}
{"target": -503.01322874138685, "params": {"C": 164.7209390446542, "epsilon": 4.767606599133359, "gamma": 0.10484759506578174}, "datetime": {"datetime": "2021-09-22 18:23:01", "elapsed": 11.42071, "delta": 0.267006}}
{"target": -274.9687917260135, "params": {"C": 884.8408263436927, "epsilon": 5.257506153637923, "gamma": 0.09985840320040242}, "datetime": {"datetime": "2021-09-22 18:23:02", "elapsed": 11.766705, "delta": 0.345995}}
{"target": -265.84391300939194, "params": {"C": 610.7969445833103, "epsilon": 8.332228688445435, "gamma": 0.08174175680164313}, "datetime": {"datetime": "2021-09-22 18:23:02", "elapsed": 12.191363, "delta": 0.424658}}
{"target": -390.1460816824394, "params": {"C": 329.1192385115976, "epsilon": 25.34897404541884, "gamma": 0.1100827228729294}, "datetime": {"datetime": "2021-09-22 18:23:02", "elapsed": 12.621364, "delta": 0.430001}}
{"target": -176.0001014740557, "params": {"C": 854.868120182139, "epsilon": 12.449760983313304, "gamma": 0.050594928493982685}, "datetime": {"datetime": "2021-09-22 18:23:03", "elapsed": 12.944366, "delta": 0.323002}}
{"target": -422.82543581064186, "params": {"C": 115.30949152968483, "epsilon": 8.870336921082563, "gamma": 0.05362396431890018}, "datetime": {"datetime": "2021-09-22 18:23:03", "elapsed": 13.27036, "delta": 0.325994}}
{"target": -291.6666698211734, "params": {"C": 177.62332604916088, "epsilon": 16.461455931133315, "gamma": 0.03030440998113461}, "datetime": {"datetime": "2021-09-22 18:23:03", "elapsed": 13.570703, "delta": 0.300343}}
{"target": -329.99867406009355, "params": {"C": 284.3611030980195, "epsilon": 25.909539885096493, "gamma": 0.0768813917496627}, "datetime": {"datetime": "2021-09-22 18:23:04", "elapsed": 13.893291, "delta": 0.322588}}
{"target": -331.2100816405906, "params": {"C": 708.7719976001741, "epsilon": 16.77766609010805, "gamma": 0.11885560196060363}, "datetime": {"datetime": "2021-09-22 18:23:04", "elapsed": 14.195433, "delta": 0.302142}}
{"target": -347.5808324243328, "params": {"C": 854.9029199714829, "epsilon": 12.71079989714122, "gamma": 0.13534551068954445}, "datetime": {"datetime": "2021-09-22 18:23:04", "elapsed": 14.502097, "delta": 0.306664}}
{"target": -292.8186141008412, "params": {"C": 854.9720970984297, "epsilon": 12.413319428636319, "gamma": 0.10753902696172003}, "datetime": {"datetime": "2021-09-22 18:23:05", "elapsed": 14.898144, "delta": 0.396047}}
{"target": -160.22992555561987, "params": {"C": 422.93906906072556, "epsilon": 4.021130981617041, "gamma": 0.012146723595114484}, "datetime": {"datetime": "2021-09-22 18:23:05", "elapsed": 15.204792, "delta": 0.306648}}
{"target": -225.62030920807095, "params": {"C": 855.8347329182614, "epsilon": 12.55031238196957, "gamma": 0.07416825266278493}, "datetime": {"datetime": "2021-09-22 18:23:05", "elapsed": 15.620594, "delta": 0.415802}}
{"target": -240.67604552927838, "params": {"C": 555.1502181808712, "epsilon": 29.699469238863987, "gamma": 0.06634271403462016}, "datetime": {"datetime": "2021-09-22 18:23:06", "elapsed": 15.919566, "delta": 0.298972}}
{"target": -192.3887631679619, "params": {"C": 884.607746882041, "epsilon": 5.6232180873771105, "gamma": 0.05987424366771922}, "datetime": {"datetime": "2021-09-22 18:23:06", "elapsed": 16.322854, "delta": 0.403288}}
{"target": -299.04541157276304, "params": {"C": 512.5040646581292, "epsilon": 29.08151949043668, "gamma": 0.0896661691909439}, "datetime": {"datetime": "2021-09-22 18:23:06", "elapsed": 16.608074, "delta": 0.28522}}
{"target": -292.1684093870875, "params": {"C": 638.0817042361825, "epsilon": 3.497209945697274, "gamma": 0.09584040185907025}, "datetime": {"datetime": "2021-09-22 18:23:07", "elapsed": 16.910973, "delta": 0.302899}}
{"target": -297.4735214693839, "params": {"C": 221.02085377284567, "epsilon": 28.165264017833984, "gamma": 0.011325972507091336}, "datetime": {"datetime": "2021-09-22 18:23:07", "elapsed": 17.181936, "delta": 0.270963}}
{"target": -150.44752369357732, "params": {"C": 709.3429755695922, "epsilon": 16.33807634684357, "gamma": 0.03353093657231481}, "datetime": {"datetime": "2021-09-22 18:23:08", "elapsed": 17.701072, "delta": 0.519136}}
{"target": -362.37914124551503, "params": {"C": 259.0963773204029, "epsilon": 6.355479650325365, "gamma": 0.08428405988417106}, "datetime": {"datetime": "2021-09-22 18:23:08", "elapsed": 17.989677, "delta": 0.288605}}
{"target": -255.34625472592197, "params": {"C": 842.8716685286004, "epsilon": 3.6847673913331076, "gamma": 0.08816323988718876}, "datetime": {"datetime": "2021-09-22 18:23:08", "elapsed": 18.289788, "delta": 0.300111}}
{"target": -365.57878929872135, "params": {"C": 739.1581168458875, "epsilon": 13.74335316284409, "gamma": 0.1382003894189983}, "datetime": {"datetime": "2021-09-22 18:23:08", "elapsed": 18.594798, "delta": 0.30501}}
{"target": -393.8678657683244, "params": {"C": 560.2492027012054, "epsilon": 21.35161599374338, "gamma": 0.14062533304728853}, "datetime": {"datetime": "2021-09-22 18:23:09", "elapsed": 18.908789, "delta": 0.313991}}
{"target": -290.7869657187183, "params": {"C": 636.1685893434048, "epsilon": 28.5173904491479, "gamma": 0.09317564204297386}, "datetime": {"datetime": "2021-09-22 18:23:09", "elapsed": 19.211791, "delta": 0.303002}}
{"target": -250.61631513284624, "params": {"C": 847.9858629134342, "epsilon": 25.225868774254252, "gamma": 0.08524845545844381}, "datetime": {"datetime": "2021-09-22 18:23:09", "elapsed": 19.529792, "delta": 0.318001}}
{"target": -326.04434812835666, "params": {"C": 884.3178897123939, "epsilon": 5.5117650800233795, "gamma": 0.12575087467370671}, "datetime": {"datetime": "2021-09-22 18:23:10", "elapsed": 20.019599, "delta": 0.489807}}
{"target": -323.50386469086953, "params": {"C": 813.3598438750254, "epsilon": 4.313003497692623, "gamma": 0.12091662410351466}, "datetime": {"datetime": "2021-09-22 18:23:10", "elapsed": 20.318845, "delta": 0.299246}}
{"target": -466.27554625662094, "params": {"C": 329.3559968013842, "epsilon": 25.470565510242487, "gamma": 0.1404772974300995}, "datetime": {"datetime": "2021-09-22 18:23:11", "elapsed": 20.7088, "delta": 0.389955}}
{"target": -174.007429056651, "params": {"C": 451.0096590107913, "epsilon": 1.155180940847281, "gamma": 0.03167904568871367}, "datetime": {"datetime": "2021-09-22 18:23:11", "elapsed": 21.118806, "delta": 0.410006}}
{"target": -408.56235798199884, "params": {"C": 122.87723972483468, "epsilon": 1.1797805502804717, "gamma": 0.014175490462613155}, "datetime": {"datetime": "2021-09-22 18:23:11", "elapsed": 21.519797, "delta": 0.400991}}
{"target": -142.347502680151, "params": {"C": 475.4602095248305, "epsilon": 21.11795407384086, "gamma": 0.014883692277261627}, "datetime": {"datetime": "2021-09-22 18:23:12", "elapsed": 21.875263, "delta": 0.355466}}
{"target": -260.3042834990872, "params": {"C": 282.955660286912, "epsilon": 25.95775516286185, "gamma": 0.048767697219265604}, "datetime": {"datetime": "2021-09-22 18:23:12", "elapsed": 22.242087, "delta": 0.366824}}
{"target": -459.90369091880353, "params": {"C": 283.2588293690641, "epsilon": 25.852090854620158, "gamma": 0.1266554070030765}, "datetime": {"datetime": "2021-09-22 18:23:12", "elapsed": 22.582086, "delta": 0.339999}}
{"target": -274.2645754258721, "params": {"C": 854.803128486512, "epsilon": 12.339053918075349, "gamma": 0.09811932248912857}, "datetime": {"datetime": "2021-09-22 18:23:13", "elapsed": 22.982042, "delta": 0.399956}}
{"target": -359.1176808650795, "params": {"C": 884.6977065336523, "epsilon": 5.373804023257854, "gamma": 0.14310448731606717}, "datetime": {"datetime": "2021-09-22 18:23:13", "elapsed": 23.385052, "delta": 0.40301}}
{"target": -338.4373803251882, "params": {"C": 855.1344522353238, "epsilon": 12.597810912266718, "gamma": 0.13064569116280425}, "datetime": {"datetime": "2021-09-22 18:23:14", "elapsed": 23.868229, "delta": 0.483177}}
{"target": -180.23389249292032, "params": {"C": 884.5308162176839, "epsilon": 5.5968954903765, "gamma": 0.053962937846862444}, "datetime": {"datetime": "2021-09-22 18:23:14", "elapsed": 24.4125, "delta": 0.544271}}
{"target": -143.8420044755273, "params": {"C": 675.1945554878437, "epsilon": 3.0642871554837634, "gamma": 0.030089951455957616}, "datetime": {"datetime": "2021-09-22 18:23:15", "elapsed": 24.814503, "delta": 0.402003}}
