{"target": -299.3381192315723, "params": {"C": 675.103886032253, "epsilon": 2.975230695779197, "gamma": 0.10131777537251818}, "datetime": {"datetime": "2021-09-22 18:23:15", "elapsed": 25.25018, "delta": 0.435677}}
{"target": -344.21846874985573, "params": {"C": 855.1330859436217, "epsilon": 13.008902451459104, "gamma": 0.1336054437781021}, "datetime": {"datetime": "2021-09-22 18:23:15", "elapsed": 25.651098, "delta": 0.400918}}
{"target": -251.35853821638463, "params": {"C": 708.6406881074817, "epsilon": 16.68273224266543, "gamma": 0.07950776511367073}, "datetime": {"datetime": "2021-09-22 18:23:16", "elapsed": 26.082254, "delta": 0.431156}}
{"target": -247.02046926110165, "params": {"C": 848.2245813734925, "epsilon": 25.294493041829327, "gamma": 0.08351350619933114}, "datetime": {"datetime": "2021-09-22 18:23:16", "elapsed": 26.463261, "delta": 0.381007}}
{"target": -282.1359493183174, "params": {"C": 843.1123999734541, "epsilon": 3.6418993537417594, "gamma": 0.10145763226907097}, "datetime": {"datetime": "2021-09-22 18:23:17", "elapsed": 26.905263, "delta": 0.442002}}
{"target": -309.41947824213594, "params": {"C": 638.3117340613259, "epsilon": 3.369321366853807, "gamma": 0.10407631214323386}, "datetime": {"datetime": "2021-09-22 18:23:17", "elapsed": 27.304256, "delta": 0.398993}}
{"target": -191.67033090326245, "params": {"C": 365.45795474719245, "epsilon": 0.35431942799248783, "gamma": 0.03180572020736278}, "datetime": {"datetime": "2021-09-22 18:23:17", "elapsed": 27.669254, "delta": 0.364998}}
{"target": -105.03252903937711, "params": {"C": 708.575677100678, "epsilon": 16.950022069516585, "gamma": 0.012875311871343123}, "datetime": {"datetime": "2021-09-22 18:23:18", "elapsed": 28.093725, "delta": 0.424471}}
{"target": -617.5338832464771, "params": {"C": 150.66790803392195, "epsilon": 20.23306138592748, "gamma": 0.1315065042681632}, "datetime": {"datetime": "2021-09-22 18:23:18", "elapsed": 28.489722, "delta": 0.395997}}
{"target": -295.5820777594261, "params": {"C": 450.9827628503544, "epsilon": 1.2673791005706176, "gamma": 0.0852009860672663}, "datetime": {"datetime": "2021-09-22 18:23:19", "elapsed": 28.909825, "delta": 0.420103}}
{"target": -228.5246240566519, "params": {"C": 346.46057167194965, "epsilon": 22.58657746039586, "gamma": 0.04444937421967747}, "datetime": {"datetime": "2021-09-22 18:23:19", "elapsed": 29.290858, "delta": 0.381033}}
{"target": -295.0806256993632, "params": {"C": 843.3283132884701, "epsilon": 3.4858421998685367, "gamma": 0.10808570864542517}, "datetime": {"datetime": "2021-09-22 18:23:20", "elapsed": 29.733556, "delta": 0.442698}}
{"target": -301.56792957633616, "params": {"C": 554.928397557597, "epsilon": 29.80918096814787, "gamma": 0.09355399179148909}, "datetime": {"datetime": "2021-09-22 18:23:20", "elapsed": 30.125063, "delta": 0.391507}}
{"target": -225.48945920370863, "params": {"C": 422.84507832389687, "epsilon": 3.894426256718095, "gamma": 0.05118242638934228}, "datetime": {"datetime": "2021-09-22 18:23:20", "elapsed": 30.609272, "delta": 0.484209}}
{"target": -324.54683715486686, "params": {"C": 422.83019758027376, "epsilon": 3.879855740542637, "gamma": 0.09570485362384996}, "datetime": {"datetime": "2021-09-22 18:23:21", "elapsed": 31.005278, "delta": 0.396006}}
{"target": -300.5848576173722, "params": {"C": 680.8031244460191, "epsilon": 6.216923965561399, "gamma": 0.10219383106796132}, "datetime": {"datetime": "2021-09-22 18:23:21", "elapsed": 31.416311, "delta": 0.411033}}
{"target": -128.7968885901825, "params": {"C": 931.5685678014854, "epsilon": 0.7571372871596778, "gamma": 0.030393076014763577}, "datetime": {"datetime": "2021-09-22 18:23:22", "elapsed": 31.822527, "delta": 0.406216}}
{"target": -231.89411137923486, "params": {"C": 258.5185091518889, "epsilon": 5.950016116731373, "gamma": 0.02936275680890088}, "datetime": {"datetime": "2021-09-22 18:23:22", "elapsed": 32.216975, "delta": 0.394448}}
{"target": -126.21734258041579, "params": {"C": 913.7837499473088, "epsilon": 1.7057733172185197, "gamma": 0.0287432895530208}, "datetime": {"datetime": "2021-09-22 18:23:22", "elapsed": 32.631984, "delta": 0.415009}}
{"target": -281.64542434555005, "params": {"C": 346.44963728368424, "epsilon": 22.992611554881115, "gamma": 0.06741518171721418}, "datetime": {"datetime": "2021-09-22 18:23:23", "elapsed": 33.038978, "delta": 0.406994}}
{"target": -377.8038498472237, "params": {"C": 674.9790779335242, "epsilon": 3.211982230728989, "gamma": 0.14028229606461282}, "datetime": {"datetime": "2021-09-22 18:23:23", "elapsed": 33.513017, "delta": 0.474039}}
{"target": -361.1967727676529, "params": {"C": 884.7044303762965, "epsilon": 5.727400369251912, "gamma": 0.1442234148622882}, "datetime": {"datetime": "2021-09-22 18:23:24", "elapsed": 33.999339, "delta": 0.486322}}
{"target": -95.55801703252449, "params": {"C": 913.8904713877483, "epsilon": 1.7675803615904764, "gamma": 0.016543710126764657}, "datetime": {"datetime": "2021-09-22 18:23:24", "elapsed": 34.475226, "delta": 0.475887}}
{"target": -243.99810728875042, "params": {"C": 610.282329761785, "epsilon": 9.091947920147346, "gamma": 0.07186485806849552}, "datetime": {"datetime": "2021-09-22 18:23:25", "elapsed": 34.920388, "delta": 0.445162}}
{"target": -454.99114139104745, "params": {"C": 258.2610733236389, "epsilon": 5.962518312859039, "gamma": 0.11912409632180213}, "datetime": {"datetime": "2021-09-22 18:23:25", "elapsed": 35.487582, "delta": 0.567194}}
{"target": -264.9522378428126, "params": {"C": 318.35867743966514, "epsilon": 26.592822804530424, "gamma": 0.05601146752354506}, "datetime": {"datetime": "2021-09-22 18:23:26", "elapsed": 35.910118, "delta": 0.422536}}
{"target": -412.84735772941957, "params": {"C": 371.89199870627203, "epsilon": 4.373098131429874, "gamma": 0.12818404118133012}, "datetime": {"datetime": "2021-09-22 18:23:26", "elapsed": 36.373342, "delta": 0.463224}}
{"target": -410.83167173701736, "params": {"C": 284.0737514592239, "epsilon": 26.390069265803383, "gamma": 0.1079566662209187}, "datetime": {"datetime": "2021-09-22 18:23:27", "elapsed": 37.044234, "delta": 0.670892}}
{"target": -217.0711422097895, "params": {"C": 282.9777000861884, "epsilon": 26.43513131660235, "gamma": 0.015120090629656378}, "datetime": {"datetime": "2021-09-22 18:23:27", "elapsed": 37.543196, "delta": 0.498962}}
{"target": -351.0986059633905, "params": {"C": 372.2433885063538, "epsilon": 4.65053474386013, "gamma": 0.10134586369098}, "datetime": {"datetime": "2021-09-22 18:23:28", "elapsed": 38.098307, "delta": 0.555111}}
{"target": -439.1737209236162, "params": {"C": 136.42895091093123, "epsilon": 16.028989042372462, "gamma": 0.07146236508226966}, "datetime": {"datetime": "2021-09-22 18:23:28", "elapsed": 38.598302, "delta": 0.499995}}
{"target": -393.2517161630905, "params": {"C": 529.6076176118022, "epsilon": 29.27820293435051, "gamma": 0.13733158468538387}, "datetime": {"datetime": "2021-09-22 18:23:29", "elapsed": 39.002307, "delta": 0.404005}}
{"target": -237.227132316804, "params": {"C": 295.93894547402994, "epsilon": 26.168963407928295, "gamma": 0.040424816886135896}, "datetime": {"datetime": "2021-09-22 18:23:29", "elapsed": 39.602986, "delta": 0.600679}}
{"target": -340.578997626791, "params": {"C": 800.9081772369851, "epsilon": 16.679483096856387, "gamma": 0.12874963814884946}, "datetime": {"datetime": "2021-09-22 18:23:30", "elapsed": 40.21773, "delta": 0.614744}}
{"target": -282.2102866742375, "params": {"C": 207.77420778747614, "epsilon": 25.809323199132315, "gamma": 0.038644781585191496}, "datetime": {"datetime": "2021-09-22 18:23:31", "elapsed": 40.829355, "delta": 0.611625}}
{"target": -389.3710364442608, "params": {"C": 371.77876912952246, "epsilon": 4.654004824844574, "gamma": 0.11827189373690805}, "datetime": {"datetime": "2021-09-22 18:23:31", "elapsed": 41.313353, "delta": 0.483998}}
{"target": -264.6056593502672, "params": {"C": 931.6026935609008, "epsilon": 0.873895355328934, "gamma": 0.09674805152360987}, "datetime": {"datetime": "2021-09-22 18:23:32", "elapsed": 41.887995, "delta": 0.574642}}
{"target": -158.82670831113074, "params": {"C": 466.1471401059339, "epsilon": 22.049033240287002, "gamma": 0.02462492947571685}, "datetime": {"datetime": "2021-09-22 18:23:32", "elapsed": 42.3132, "delta": 0.425205}}
{"target": -468.88753590310165, "params": {"C": 346.5359389786237, "epsilon": 22.838333808358296, "gamma": 0.1456015064778589}, "datetime": {"datetime": "2021-09-22 18:23:33", "elapsed": 42.767195, "delta": 0.453995}}
{"target": -349.79094995016175, "params": {"C": 337.8179403992851, "epsilon": 14.843160091584803, "gamma": 0.09526057085353436}, "datetime": {"datetime": "2021-09-22 18:23:33", "elapsed": 43.237239, "delta": 0.470044}}
{"target": -392.07195350120355, "params": {"C": 346.3174489804125, "epsilon": 22.6934690886948, "gamma": 0.1145945445233093}, "datetime": {"datetime": "2021-09-22 18:23:34", "elapsed": 43.71628, "delta": 0.479041}}
{"target": -293.8808220884004, "params": {"C": 468.54276884040155, "epsilon": 25.437906376785612, "gamma": 0.08480450377814087}, "datetime": {"datetime": "2021-09-22 18:23:34", "elapsed": 44.216127, "delta": 0.499847}}
{"target": -329.6038817325034, "params": {"C": 283.11479049691343, "epsilon": 26.55690659913846, "gamma": 0.07640346206002571}, "datetime": {"datetime": "2021-09-22 18:23:34", "elapsed": 44.694402, "delta": 0.478275}}
{"target": -389.3273958330343, "params": {"C": 576.1965430728114, "epsilon": 4.3304886086388015, "gamma": 0.14008149069356632}, "datetime": {"datetime": "2021-09-22 18:23:35", "elapsed": 45.1524, "delta": 0.457998}}
{"target": -253.07216084293938, "params": {"C": 295.92460740159015, "epsilon": 26.46083221812651, "gamma": 0.0476666458842562}, "datetime": {"datetime": "2021-09-22 18:23:35", "elapsed": 45.690241, "delta": 0.537841}}
{"target": -169.70968793726146, "params": {"C": 625.2403205162267, "epsilon": 16.18994860264309, "gamma": 0.0395171254829776}, "datetime": {"datetime": "2021-09-22 18:23:36", "elapsed": 46.140859, "delta": 0.450618}}
{"target": -267.92053033216496, "params": {"C": 475.39065653954464, "epsilon": 21.302224639474375, "gamma": 0.07448409941627013}, "datetime": {"datetime": "2021-09-22 18:23:36", "elapsed": 46.664864, "delta": 0.524005}}
{"target": -326.8758496599839, "params": {"C": 709.2166655252495, "epsilon": 16.159780107088924, "gamma": 0.11670081653609414}, "datetime": {"datetime": "2021-09-22 18:23:37", "elapsed": 47.221858, "delta": 0.556994}}
{"target": -180.76111186182467, "params": {"C": 996.8960498657882, "epsilon": 28.668628092798052, "gamma": 0.056465458138244495}, "datetime": {"datetime": "2021-09-22 18:23:38", "elapsed": 47.715468, "delta": 0.49361}}
{"target": -480.6811413669555, "params": {"C": 282.7743902428956, "epsilon": 26.442382745397083, "gamma": 0.1348350386347599}, "datetime": {"datetime": "2021-09-22 18:23:38", "elapsed": 48.185965, "delta": 0.470497}}
{"target": -362.02630527696243, "params": {"C": 283.1449614733661, "epsilon": 26.198999917575954, "gamma": 0.08938638648532794}, "datetime": {"datetime": "2021-09-22 18:23:39", "elapsed": 48.698964, "delta": 0.512999}}
{"target": -363.9820188777994, "params": {"C": 618.3067168801474, "epsilon": 24.97458336249232, "gamma": 0.12888406851113712}, "datetime": {"datetime": "2021-09-22 18:23:39", "elapsed": 49.214995, "delta": 0.516031}}
{"target": -92.79830150075699, "params": {"C": 848.0461296281798, "epsilon": 25.302905546136174, "gamma": 0.011520006683511745}, "datetime": {"datetime": "2021-09-22 18:23:40", "elapsed": 49.750216, "delta": 0.535221}}
{"target": -153.75798782202818, "params": {"C": 945.2627608262173, "epsilon": 5.378874228695104, "gamma": 0.043230894845871254}, "datetime": {"datetime": "2021-09-22 18:23:40", "elapsed": 50.266967, "delta": 0.516751}}
{"target": -213.25726615476134, "params": {"C": 512.5006067962258, "epsilon": 24.648889651558452, "gamma": 0.05182029124472942}, "datetime": {"datetime": "2021-09-22 18:23:41", "elapsed": 50.779962, "delta": 0.512995}}
{"target": -395.9966827210625, "params": {"C": 485.86126051484257, "epsilon": 22.28224700223962, "gamma": 0.13494726692817374}, "datetime": {"datetime": "2021-09-22 18:23:41", "elapsed": 51.25296, "delta": 0.472998}}
{"target": -255.62780634215557, "params": {"C": 625.2055703388985, "epsilon": 16.271068621817992, "gamma": 0.07728520958422803}, "datetime": {"datetime": "2021-09-22 18:23:42", "elapsed": 51.78519, "delta": 0.53223}}
{"target": -181.553996032842, "params": {"C": 855.3578177024727, "epsilon": 12.66976295553845, "gamma": 0.05326174126292118}, "datetime": {"datetime": "2021-09-22 18:23:42", "elapsed": 52.389122, "delta": 0.603932}}
{"target": -282.38550455998944, "params": {"C": 365.2600450559945, "epsilon": 0.11519273963926226, "gamma": 0.06961469256420068}, "datetime": {"datetime": "2021-09-22 18:23:43", "elapsed": 53.00412, "delta": 0.614998}}
{"target": -90.32656712127107, "params": {"C": 884.5155111403116, "epsilon": 5.8630184788129025, "gamma": 0.013398308226027493}, "datetime": {"datetime": "2021-09-22 18:23:43", "elapsed": 53.55012, "delta": 0.546}}
{"target": -273.3746940232551, "params": {"C": 979.9251270359952, "epsilon": 7.27743519824465, "gamma": 0.10327826191366198}, "datetime": {"datetime": "2021-09-22 18:23:44", "elapsed": 54.068153, "delta": 0.518033}}
{"target": -194.6303869581212, "params": {"C": 346.8974835264593, "epsilon": 23.160819922154317, "gamma": 0.028873046964041096}, "datetime": {"datetime": "2021-09-22 18:23:44", "elapsed": 54.65706, "delta": 0.588907}}
{"target": -360.6120133671697, "params": {"C": 625.0632839410388, "epsilon": 16.10888925897008, "gamma": 0.12807768239215833}, "datetime": {"datetime": "2021-09-22 18:23:45", "elapsed": 55.219526, "delta": 0.562466}}
{"target": -147.3756487433993, "params": {"C": 512.4623764589385, "epsilon": 24.505078926305888, "gamma": 0.022764078884599713}, "datetime": {"datetime": "2021-09-22 18:23:46", "elapsed": 55.803541, "delta": 0.584015}}
{"target": -187.23075661445688, "params": {"C": 744.519401319588, "epsilon": 12.080959993946436, "gamma": 0.05213182779516941}, "datetime": {"datetime": "2021-09-22 18:23:46", "elapsed": 56.309942, "delta": 0.506401}}
{"target": -298.8620941994485, "params": {"C": 540.3749215854422, "epsilon": 1.3605603656267733, "gamma": 0.09336198755978749}, "datetime": {"datetime": "2021-09-22 18:23:47", "elapsed": 56.819366, "delta": 0.509424}}
{"target": -135.50296987498115, "params": {"C": 728.8999957321897, "epsilon": 9.278896384119067, "gamma": 0.02829627468234658}, "datetime": {"datetime": "2021-09-22 18:23:47", "elapsed": 57.321458, "delta": 0.502092}}
{"target": -192.37841472236036, "params": {"C": 549.2730902765095, "epsilon": 6.610827246007058, "gamma": 0.04550932650807994}, "datetime": {"datetime": "2021-09-22 18:23:48", "elapsed": 57.8653, "delta": 0.543842}}
{"target": -213.62719715387212, "params": {"C": 465.65288541916726, "epsilon": 18.54372464944147, "gamma": 0.04918146987247839}, "datetime": {"datetime": "2021-09-22 18:23:48", "elapsed": 58.480432, "delta": 0.615132}}
{"target": -395.6842900973582, "params": {"C": 330.9714484207369, "epsilon": 20.788964336622634, "gamma": 0.11297939732765631}, "datetime": {"datetime": "2021-09-22 18:23:49", "elapsed": 58.969393, "delta": 0.488961}}
{"target": -372.0588688059527, "params": {"C": 310.87940740339974, "epsilon": 7.106554870950447, "gamma": 0.10005285269104125}, "datetime": {"datetime": "2021-09-22 18:23:49", "elapsed": 59.489715, "delta": 0.520322}}
{"target": -283.0928051830396, "params": {"C": 708.3162277630013, "epsilon": 17.03712255071474, "gamma": 0.09467888982804096}, "datetime": {"datetime": "2021-09-22 18:23:50", "elapsed": 60.090115, "delta": 0.6004}}
{"target": -210.36320768844493, "params": {"C": 633.4232746770466, "epsilon": 24.824797279485527, "gamma": 0.05666889926410729}, "datetime": {"datetime": "2021-09-22 18:23:50", "elapsed": 60.614072, "delta": 0.523957}}
{"target": -143.65421881136857, "params": {"C": 652.5716387543713, "epsilon": 7.079950376654213, "gamma": 0.029126438988416818}, "datetime": {"datetime": "2021-09-22 18:23:51", "elapsed": 61.151101, "delta": 0.537029}}
{"target": -208.75256405066452, "params": {"C": 446.168320121149, "epsilon": 9.338833186591232, "gamma": 0.045749211194645326}, "datetime": {"datetime": "2021-09-22 18:23:52", "elapsed": 61.710736, "delta": 0.559635}}
{"target": -379.39496592038194, "params": {"C": 481.2378094852317, "epsilon": 4.424936667411008, "gamma": 0.12731867405923272}, "datetime": {"datetime": "2021-09-22 18:23:52", "elapsed": 62.293797, "delta": 0.583061}}
{"target": -409.24186332965115, "params": {"C": 538.0337151574104, "epsilon": 25.020058659658446, "gamma": 0.1468779618184794}, "datetime": {"datetime": "2021-09-22 18:23:53", "elapsed": 62.83383, "delta": 0.540033}}
{"target": -229.62029044924185, "params": {"C": 863.6876414880985, "epsilon": 4.514219013215698, "gamma": 0.07651212294615724}, "datetime": {"datetime": "2021-09-22 18:23:53", "elapsed": 63.414794, "delta": 0.580964}}
{"target": -300.0377861589017, "params": {"C": 848.0301998821798, "epsilon": 25.394625146225074, "gamma": 0.1099633979038909}, "datetime": {"datetime": "2021-09-22 18:23:54", "elapsed": 64.014545, "delta": 0.599751}}
{"target": -245.37545906462063, "params": {"C": 884.4662604257591, "epsilon": 5.682766934671835, "gamma": 0.08494194805778615}, "datetime": {"datetime": "2021-09-22 18:23:55", "elapsed": 64.703279, "delta": 0.688734}}
{"target": -173.03789774199686, "params": {"C": 416.60597699105114, "epsilon": 7.051405671367427, "gamma": 0.028339258611427123}, "datetime": {"datetime": "2021-09-22 18:23:55", "elapsed": 65.257323, "delta": 0.554044}}
{"target": -346.4527979275755, "params": {"C": 629.0378182636259, "epsilon": 16.015539738407153, "gamma": 0.12131592677539567}, "datetime": {"datetime": "2021-09-22 18:23:56", "elapsed": 65.839937, "delta": 0.582614}}
{"target": -298.4641277745425, "params": {"C": 475.9546469579626, "epsilon": 21.999907190056632, "gamma": 0.0876978489809608}, "datetime": {"datetime": "2021-09-22 18:23:56", "elapsed": 66.481562, "delta": 0.641625}}
{"target": -398.1219334924729, "params": {"C": 512.4995657738939, "epsilon": 24.418117555395416, "gamma": 0.1387243546629984}, "datetime": {"datetime": "2021-09-22 18:23:57", "elapsed": 67.107606, "delta": 0.626044}}
{"target": -243.06123774886066, "params": {"C": 932.7591138508416, "epsilon": 22.280334318400744, "gamma": 0.08520146816445229}, "datetime": {"datetime": "2021-09-22 18:23:58", "elapsed": 67.797032, "delta": 0.689426}}
{"target": -258.77587603112244, "params": {"C": 450.9415518057636, "epsilon": 1.000473804881042, "gamma": 0.06862502400769145}, "datetime": {"datetime": "2021-09-22 18:23:58", "elapsed": 68.597023, "delta": 0.799991}}
{"target": -384.8370261679285, "params": {"C": 258.47527654472105, "epsilon": 6.0814446951337064, "gamma": 0.09287822863494569}, "datetime": {"datetime": "2021-09-22 18:23:59", "elapsed": 69.233184, "delta": 0.636161}}
{"target": -309.69032760274547, "params": {"C": 638.4372879035844, "epsilon": 3.637282168503147, "gamma": 0.10420355232427184}, "datetime": {"datetime": "2021-09-22 18:24:00", "elapsed": 69.912185, "delta": 0.679001}}
{"target": -383.89446124231955, "params": {"C": 112.4963648286724, "epsilon": 22.404133438710456, "gamma": 0.022160604828176035}, "datetime": {"datetime": "2021-09-22 18:24:00", "elapsed": 70.493843, "delta": 0.581658}}
{"target": -275.1863102331081, "params": {"C": 549.1953284618837, "epsilon": 6.680655892644824, "gamma": 0.08306704968135432}, "datetime": {"datetime": "2021-09-22 18:24:01", "elapsed": 71.395466, "delta": 0.901623}}
{"target": -425.649320154821, "params": {"C": 451.2500477568924, "epsilon": 1.0392629396491504, "gamma": 0.14587539830781823}, "datetime": {"datetime": "2021-09-22 18:24:02", "elapsed": 72.038458, "delta": 0.642992}}
{"target": -250.94946175207028, "params": {"C": 405.07912430174406, "epsilon": 9.541036464966535, "gamma": 0.06083931953067737}, "datetime": {"datetime": "2021-09-22 18:24:02", "elapsed": 72.683466, "delta": 0.645008}}
{"target": -378.1179953847656, "params": {"C": 625.4067672283358, "epsilon": 16.297368505494564, "gamma": 0.13703169685920147}, "datetime": {"datetime": "2021-09-22 18:24:03", "elapsed": 73.481501, "delta": 0.798035}}
{"target": -108.05718247749411, "params": {"C": 914.0451360038929, "epsilon": 1.6167246068073529, "gamma": 0.02128686653778577}, "datetime": {"datetime": "2021-09-22 18:24:04", "elapsed": 74.177466, "delta": 0.695965}}
{"target": -173.363543769587, "params": {"C": 884.4022516724542, "epsilon": 5.850639827761589, "gamma": 0.05058748668318981}, "datetime": {"datetime": "2021-09-22 18:24:05", "elapsed": 74.925504, "delta": 0.748038}}
{"target": -287.98522656103205, "params": {"C": 562.9599567172462, "epsilon": 2.121211037031281, "gamma": 0.08971520996081542}, "datetime": {"datetime": "2021-09-22 18:24:05", "elapsed": 75.572791, "delta": 0.647287}}
{"target": -164.96256131661693, "params": {"C": 395.4657959973582, "epsilon": 12.599740225057712, "gamma": 0.019960017229504134}, "datetime": {"datetime": "2021-09-22 18:24:06", "elapsed": 76.207817, "delta": 0.635026}}
{"target": -316.8241897576581, "params": {"C": 215.366333807801, "epsilon": 1.1759782178178242, "gamma": 0.056402074701345256}, "datetime": {"datetime": "2021-09-22 18:24:07", "elapsed": 76.940814, "delta": 0.732997}}
{"target": -265.07357117917354, "params": {"C": 222.3341626303294, "epsilon": 0.35921937122849745, "gamma": 0.03554578524610307}, "datetime": {"datetime": "2021-09-22 18:24:08", "elapsed": 77.710819, "delta": 0.770005}}
{"target": -348.4051408136697, "params": {"C": 365.4709124147351, "epsilon": 0.46161283413273413, "gamma": 0.09935996923407672}, "datetime": {"datetime": "2021-09-22 18:24:08", "elapsed": 78.614355, "delta": 0.903536}}
