{"target": -186.1937759823547, "params": {"C": 4310.150276281748, "epsilon": 20.22092521338155, "gamma": 0.08816915412594395}, "datetime": {"datetime": "2021-09-22 19:13:45", "elapsed": 351.525416, "delta": 1.45518}}
{"target": -159.02239915294356, "params": {"C": 1636.034138564886, "epsilon": 25.041252686761464, "gamma": 0.05919155119592879}, "datetime": {"datetime": "2021-09-22 19:13:46", "elapsed": 352.934405, "delta": 1.408989}}
{"target": -109.19562506432028, "params": {"C": 4454.353144667614, "epsilon": 9.996932058390131, "gamma": 0.051131589983694874}, "datetime": {"datetime": "2021-09-22 19:13:48", "elapsed": 355.356441, "delta": 2.422036}}
{"target": -206.28795158803933, "params": {"C": 2138.986795427735, "epsilon": 4.628163961027936, "gamma": 0.0012252639966901567}, "datetime": {"datetime": "2021-09-22 19:13:50", "elapsed": 357.23922, "delta": 1.882779}}
{"target": -272.2736465880718, "params": {"C": 1095.1287296521728, "epsilon": 2.812895589436729, "gamma": 0.1071529591220234}, "datetime": {"datetime": "2021-09-22 19:13:52", "elapsed": 358.707831, "delta": 1.468611}}
{"target": -195.06535758471784, "params": {"C": 3836.0745932077198, "epsilon": 11.948376654234522, "gamma": 0.09403026669820463}, "datetime": {"datetime": "2021-09-22 19:13:54", "elapsed": 360.853554, "delta": 2.145723}}
{"target": -115.27181366614245, "params": {"C": 2342.5292907182056, "epsilon": 6.775933174772138, "gamma": 0.04425416686209575}, "datetime": {"datetime": "2021-09-22 19:13:56", "elapsed": 362.696261, "delta": 1.842707}}
{"target": -243.6275738529435, "params": {"C": 974.4598070991866, "epsilon": 13.266367910251754, "gamma": 0.08771839712341974}, "datetime": {"datetime": "2021-09-22 19:13:57", "elapsed": 364.125263, "delta": 1.429002}}
{"target": -82.70006190880345, "params": {"C": 1736.4055472670454, "epsilon": 14.97702358518571, "gamma": 0.019876572532556067}, "datetime": {"datetime": "2021-09-22 19:13:59", "elapsed": 365.597753, "delta": 1.47249}}
{"target": -100.48774283636465, "params": {"C": 2635.843995723837, "epsilon": 22.520032762215575, "gamma": 0.03623573749019039}, "datetime": {"datetime": "2021-09-22 19:14:01", "elapsed": 367.924985, "delta": 2.327232}}
{"target": -304.84542538122736, "params": {"C": 2576.1478770076296, "epsilon": 0.47924184666135894, "gamma": 0.1479592645176065}, "datetime": {"datetime": "2021-09-22 19:14:03", "elapsed": 369.465026, "delta": 1.540041}}
{"target": -254.20727032584264, "params": {"C": 3134.715891360036, "epsilon": 2.9083954397080634, "gamma": 0.12380423709632134}, "datetime": {"datetime": "2021-09-22 19:14:05", "elapsed": 371.589383, "delta": 2.124357}}
{"target": -62.50172969096536, "params": {"C": 4649.117427414149, "epsilon": 10.213248190769194, "gamma": 0.022508119581575108}, "datetime": {"datetime": "2021-09-22 19:14:06", "elapsed": 373.326523, "delta": 1.73714}}
{"target": -262.1978827846566, "params": {"C": 2781.6937676956213, "epsilon": 19.91105587573525, "gamma": 0.12380360548593124}, "datetime": {"datetime": "2021-09-22 19:14:08", "elapsed": 374.69765, "delta": 1.371127}}
{"target": -144.23073111626496, "params": {"C": 3225.5248830642877, "epsilon": 8.599799767011303, "gamma": 0.06687407556094516}, "datetime": {"datetime": "2021-09-22 19:14:10", "elapsed": 376.575011, "delta": 1.877361}}
{"target": -307.3657957561031, "params": {"C": 2626.4541138914806, "epsilon": 1.3654229029680005, "gamma": 0.14929177393102674}, "datetime": {"datetime": "2021-09-22 19:14:11", "elapsed": 378.102968, "delta": 1.527957}}
{"target": -69.71115510252808, "params": {"C": 3850.3645687181174, "epsilon": 23.01102338189183, "gamma": 0.022186577418677442}, "datetime": {"datetime": "2021-09-22 19:14:13", "elapsed": 379.537983, "delta": 1.435015}}
{"target": -239.78455712990583, "params": {"C": 4615.302668950339, "epsilon": 14.028666540806931, "gamma": 0.11662983345351507}, "datetime": {"datetime": "2021-09-22 19:14:14", "elapsed": 381.086578, "delta": 1.548595}}
{"target": -133.59794370543582, "params": {"C": 1242.439901189392, "epsilon": 6.310030809582333, "gamma": 0.04047769319483157}, "datetime": {"datetime": "2021-09-22 19:14:16", "elapsed": 383.359884, "delta": 2.273306}}
{"target": -283.78219928728083, "params": {"C": 1773.776295938881, "epsilon": 11.078295759140047, "gamma": 0.12973325137649}, "datetime": {"datetime": "2021-09-22 19:14:18", "elapsed": 384.8268, "delta": 1.466916}}
{"target": -101.54802923514214, "params": {"C": 2635.897062677007, "epsilon": 22.337394087521037, "gamma": 0.03693627499454286}, "datetime": {"datetime": "2021-09-22 19:14:20", "elapsed": 386.98641, "delta": 2.15961}}
{"target": -205.07495301143246, "params": {"C": 3224.6054371630617, "epsilon": 9.403057290201279, "gamma": 0.0986412680861491}, "datetime": {"datetime": "2021-09-22 19:14:22", "elapsed": 388.929674, "delta": 1.943264}}
{"target": -344.5064371401729, "params": {"C": 1143.128561328142, "epsilon": 28.60810508586095, "gamma": 0.14415946102911392}, "datetime": {"datetime": "2021-09-22 19:14:23", "elapsed": 390.340954, "delta": 1.41128}}
{"target": -199.17011609353648, "params": {"C": 3330.269132884605, "epsilon": 24.964663478649978, "gamma": 0.09238340751109775}, "datetime": {"datetime": "2021-09-22 19:14:26", "elapsed": 392.855941, "delta": 2.514987}}
{"target": -101.9406047925534, "params": {"C": 2498.83791693258, "epsilon": 1.0597325463650458, "gamma": 0.03751142503468208}, "datetime": {"datetime": "2021-09-22 19:14:28", "elapsed": 394.788018, "delta": 1.932077}}
{"target": -288.37164506637805, "params": {"C": 956.3588458833117, "epsilon": 22.38772348342918, "gamma": 0.109240602386741}, "datetime": {"datetime": "2021-09-22 19:14:30", "elapsed": 396.87322, "delta": 2.085202}}
{"target": -304.7944756752318, "params": {"C": 1723.9119406799018, "epsilon": 12.74312900832715, "gamma": 0.1396015135208261}, "datetime": {"datetime": "2021-09-22 19:14:31", "elapsed": 398.412365, "delta": 1.539145}}
{"target": -87.3673400608351, "params": {"C": 3821.7121463979443, "epsilon": 3.7122883436579177, "gamma": 0.03579481127482098}, "datetime": {"datetime": "2021-09-22 19:14:34", "elapsed": 400.917915, "delta": 2.50555}}
{"target": -90.39596547453598, "params": {"C": 1579.8326975943055, "epsilon": 25.59214998255739, "gamma": 0.02130236690683612}, "datetime": {"datetime": "2021-09-22 19:14:35", "elapsed": 402.399224, "delta": 1.481309}}
{"target": -221.1672378618466, "params": {"C": 1792.1826804295292, "epsilon": 26.718729805598386, "gamma": 0.09419617550994447}, "datetime": {"datetime": "2021-09-22 19:14:37", "elapsed": 404.216953, "delta": 1.817729}}
{"target": -305.9367988011855, "params": {"C": 2727.672367896851, "epsilon": 6.542309980681554, "gamma": 0.14820910185387284}, "datetime": {"datetime": "2021-09-22 19:14:39", "elapsed": 405.711995, "delta": 1.495042}}
{"target": -57.878905779054996, "params": {"C": 1476.3068861472811, "epsilon": 5.97686751840376, "gamma": 0.003992867230217819}, "datetime": {"datetime": "2021-09-22 19:14:42", "elapsed": 408.695381, "delta": 2.983386}}
{"target": -79.57358476611702, "params": {"C": 2245.929748541059, "epsilon": 12.56930795454397, "gamma": 0.022805488081871772}, "datetime": {"datetime": "2021-09-22 19:14:44", "elapsed": 410.701983, "delta": 2.006602}}
{"target": -110.66820266326894, "params": {"C": 2279.397663034312, "epsilon": 28.46772279820184, "gamma": 0.03904608726779285}, "datetime": {"datetime": "2021-09-22 19:14:45", "elapsed": 412.236114, "delta": 1.534131}}
{"target": -209.13035869121484, "params": {"C": 2636.222652346819, "epsilon": 22.97069217182855, "gamma": 0.0959582880359611}, "datetime": {"datetime": "2021-09-22 19:14:47", "elapsed": 414.253306, "delta": 2.017192}}
{"target": -290.27532574687694, "params": {"C": 1356.0502508034288, "epsilon": 15.87692088745988, "gamma": 0.1235547926743459}, "datetime": {"datetime": "2021-09-22 19:14:49", "elapsed": 415.811042, "delta": 1.557736}}
{"target": -203.35247013917763, "params": {"C": 4454.204558089502, "epsilon": 9.896400240088692, "gamma": 0.09940440421032}, "datetime": {"datetime": "2021-09-22 19:14:51", "elapsed": 418.088005, "delta": 2.276963}}
{"target": -280.16174652901583, "params": {"C": 4950.403832931335, "epsilon": 26.633314089697567, "gamma": 0.13394937488921768}, "datetime": {"datetime": "2021-09-22 19:14:53", "elapsed": 420.147008, "delta": 2.059003}}
{"target": -162.569979626725, "params": {"C": 3805.935100995412, "epsilon": 0.6579518224487944, "gamma": 0.07963850200510507}, "datetime": {"datetime": "2021-09-22 19:14:55", "elapsed": 421.760797, "delta": 1.613789}}
{"target": -299.4486746293627, "params": {"C": 3353.708797841141, "epsilon": 3.3722361681411774, "gamma": 0.146158616605821}, "datetime": {"datetime": "2021-09-22 19:14:57", "elapsed": 423.827977, "delta": 2.06718}}
{"target": -285.89199714245797, "params": {"C": 3224.7241108350777, "epsilon": 8.781719853574595, "gamma": 0.13848415708176057}, "datetime": {"datetime": "2021-09-22 19:14:59", "elapsed": 426.095238, "delta": 2.267261}}
{"target": -224.82445613930577, "params": {"C": 2946.5325510418734, "epsilon": 6.576408608437329, "gamma": 0.10832989625422998}, "datetime": {"datetime": "2021-09-22 19:15:01", "elapsed": 428.131543, "delta": 2.036305}}
{"target": -266.0253143178267, "params": {"C": 1300.3293139507148, "epsilon": 26.039025343567364, "gamma": 0.10854147324640048}, "datetime": {"datetime": "2021-09-22 19:15:03", "elapsed": 429.659066, "delta": 1.527523}}
{"target": -209.43232582202023, "params": {"C": 3806.1681769358993, "epsilon": 0.7692315993295811, "gamma": 0.10306649252850666}, "datetime": {"datetime": "2021-09-22 19:15:05", "elapsed": 432.029413, "delta": 2.370347}}
{"target": -60.10530003748711, "params": {"C": 2139.755286780953, "epsilon": 4.531724494537356, "gamma": 0.012452323384337261}, "datetime": {"datetime": "2021-09-22 19:15:07", "elapsed": 434.039581, "delta": 2.010168}}
{"target": -70.23222183750954, "params": {"C": 1957.1920347806636, "epsilon": 2.06054564509875, "gamma": 0.01628655988461985}, "datetime": {"datetime": "2021-09-22 19:15:09", "elapsed": 435.60198, "delta": 1.562399}}
{"target": -104.18590311270518, "params": {"C": 3349.888799389135, "epsilon": 4.752391841655475, "gamma": 0.04384582877288742}, "datetime": {"datetime": "2021-09-22 19:15:10", "elapsed": 437.213215, "delta": 1.611235}}
{"target": -199.5808050970309, "params": {"C": 3596.4070868104905, "epsilon": 11.976992300912421, "gamma": 0.09598709013253286}, "datetime": {"datetime": "2021-09-22 19:15:12", "elapsed": 439.284435, "delta": 2.07122}}
{"target": -248.9256272806184, "params": {"C": 1579.7461189080573, "epsilon": 25.54895507152442, "gamma": 0.10647840096476412}, "datetime": {"datetime": "2021-09-22 19:15:14", "elapsed": 441.24348, "delta": 1.959045}}
{"target": -59.13263686382934, "params": {"C": 3199.301755253088, "epsilon": 16.627581227205606, "gamma": 0.015438278888264198}, "datetime": {"datetime": "2021-09-22 19:15:16", "elapsed": 442.793677, "delta": 1.550197}}
{"target": -226.509138610365, "params": {"C": 2499.1134519223715, "epsilon": 0.8688872455883548, "gamma": 0.10797251240946099}, "datetime": {"datetime": "2021-09-22 19:15:18", "elapsed": 445.209134, "delta": 2.415457}}
{"target": -158.04605239582412, "params": {"C": 2536.4364250011063, "epsilon": 5.528081160871603, "gamma": 0.07023719717403507}, "datetime": {"datetime": "2021-09-22 19:15:21", "elapsed": 448.311486, "delta": 3.102352}}
{"target": -255.30736874468258, "params": {"C": 4047.4048275715727, "epsilon": 8.742509233997373, "gamma": 0.12461905202459653}, "datetime": {"datetime": "2021-09-22 19:15:24", "elapsed": 450.796957, "delta": 2.485471}}
{"target": -92.8073937587769, "params": {"C": 2970.2291688547307, "epsilon": 23.403469740141972, "gamma": 0.0330629849132318}, "datetime": {"datetime": "2021-09-22 19:15:26", "elapsed": 452.494534, "delta": 1.697577}}
{"target": -104.94584081226104, "params": {"C": 1958.0937243083529, "epsilon": 20.31532427121638, "gamma": 0.034030602640927735}, "datetime": {"datetime": "2021-09-22 19:15:27", "elapsed": 454.156228, "delta": 1.661694}}
{"target": -177.8096515197942, "params": {"C": 4454.122914516638, "epsilon": 10.532714225101774, "gamma": 0.08666384502611399}, "datetime": {"datetime": "2021-09-22 19:15:29", "elapsed": 456.344194, "delta": 2.187966}}
{"target": -257.66676266809486, "params": {"C": 2942.863510299995, "epsilon": 23.293391355231105, "gamma": 0.12101653745106454}, "datetime": {"datetime": "2021-09-22 19:15:31", "elapsed": 458.01134, "delta": 1.667146}}
{"target": -32.271688739541574, "params": {"C": 2828.3510638890853, "epsilon": 13.24856777645015, "gamma": 0.0033757476994716686}, "datetime": {"datetime": "2021-09-22 19:15:33", "elapsed": 460.134174, "delta": 2.122834}}
{"target": -230.98954826245864, "params": {"C": 2828.1212137192924, "epsilon": 13.17419410424524, "gamma": 0.10972252809139224}, "datetime": {"datetime": "2021-09-22 19:15:35", "elapsed": 462.228599, "delta": 2.094425}}
{"target": -193.18269993637963, "params": {"C": 2635.659727504256, "epsilon": 23.22213356610183, "gamma": 0.08770107569753555}, "datetime": {"datetime": "2021-09-22 19:15:38", "elapsed": 464.924535, "delta": 2.695936}}
{"target": -231.650460308321, "params": {"C": 1990.3254323848143, "epsilon": 18.128077975794398, "gamma": 0.1038765279722624}, "datetime": {"datetime": "2021-09-22 19:15:40", "elapsed": 466.674087, "delta": 1.749552}}
{"target": -295.82309192742275, "params": {"C": 1477.5496514893273, "epsilon": 3.773442099756942, "gamma": 0.13042054543487683}, "datetime": {"datetime": "2021-09-22 19:15:42", "elapsed": 468.986886, "delta": 2.312799}}
{"target": -242.61493645150773, "params": {"C": 3860.728085616419, "epsilon": 2.65450899292334, "gamma": 0.11915728704692664}, "datetime": {"datetime": "2021-09-22 19:15:44", "elapsed": 470.83829, "delta": 1.851404}}
{"target": -203.2749513247142, "params": {"C": 3820.426511879069, "epsilon": 12.701099723912717, "gamma": 0.09786998651393893}, "datetime": {"datetime": "2021-09-22 19:15:46", "elapsed": 472.562577, "delta": 1.724287}}
{"target": -258.16823389405926, "params": {"C": 4817.472221272632, "epsilon": 19.914047626743915, "gamma": 0.12437119351238028}, "datetime": {"datetime": "2021-09-22 19:15:48", "elapsed": 474.958116, "delta": 2.395539}}
{"target": -92.52409830451232, "params": {"C": 4750.8198676414, "epsilon": 5.428084800903063, "gamma": 0.041987920449718455}, "datetime": {"datetime": "2021-09-22 19:15:51", "elapsed": 478.092478, "delta": 3.134362}}
{"target": -275.7805026149655, "params": {"C": 2745.902758389406, "epsilon": 26.41420558024871, "gamma": 0.12890597629351316}, "datetime": {"datetime": "2021-09-22 19:15:53", "elapsed": 479.616655, "delta": 1.524177}}
{"target": -85.22240432651869, "params": {"C": 3817.5580304482496, "epsilon": 28.126195438263654, "gamma": 0.030839325155226423}, "datetime": {"datetime": "2021-09-22 19:15:54", "elapsed": 481.400626, "delta": 1.783971}}
{"target": -272.01465081187627, "params": {"C": 1451.1539564375312, "epsilon": 28.72490565592111, "gamma": 0.1152279874501373}, "datetime": {"datetime": "2021-09-22 19:15:57", "elapsed": 483.530867, "delta": 2.130241}}
{"target": -57.448751885516074, "params": {"C": 3667.7173620635353, "epsilon": 12.40096627319765, "gamma": 0.015956075847450804}, "datetime": {"datetime": "2021-09-22 19:15:59", "elapsed": 485.702958, "delta": 2.172091}}
{"target": -37.717579842026105, "params": {"C": 3038.0747369901073, "epsilon": 15.35292349801812, "gamma": 0.005563770027933224}, "datetime": {"datetime": "2021-09-22 19:16:00", "elapsed": 487.442319, "delta": 1.739361}}
{"target": -215.62013950591526, "params": {"C": 4443.861594131788, "epsilon": 18.517671422380772, "gamma": 0.10335813867888562}, "datetime": {"datetime": "2021-09-22 19:16:02", "elapsed": 489.207435, "delta": 1.765116}}
{"target": -129.95528901115387, "params": {"C": 2634.299425857946, "epsilon": 10.335202576224113, "gamma": 0.0544379176309094}, "datetime": {"datetime": "2021-09-22 19:16:04", "elapsed": 491.02687, "delta": 1.819435}}
{"target": -106.33915843996056, "params": {"C": 1476.4402008961351, "epsilon": 6.006093289294432, "gamma": 0.03038919479965399}, "datetime": {"datetime": "2021-09-22 19:16:06", "elapsed": 492.966169, "delta": 1.939299}}
{"target": -150.7905916214252, "params": {"C": 3850.374668127031, "epsilon": 23.147035084698246, "gamma": 0.06975448212904778}, "datetime": {"datetime": "2021-09-22 19:16:08", "elapsed": 495.270652, "delta": 2.304483}}
{"target": -175.27413046872522, "params": {"C": 3945.3040896039884, "epsilon": 24.028042470320717, "gamma": 0.08179074901160648}, "datetime": {"datetime": "2021-09-22 19:16:10", "elapsed": 497.090872, "delta": 1.82022}}
{"target": -198.6374424646336, "params": {"C": 1996.6274192669891, "epsilon": 8.409532258919183, "gamma": 0.08721468239061238}, "datetime": {"datetime": "2021-09-22 19:16:12", "elapsed": 498.845076, "delta": 1.754204}}
{"target": -156.59735205803753, "params": {"C": 1676.480130917234, "epsilon": 10.22563336320343, "gamma": 0.05983812892828066}, "datetime": {"datetime": "2021-09-22 19:16:14", "elapsed": 500.552074, "delta": 1.706998}}
{"target": -60.36671182461486, "params": {"C": 4541.259921080682, "epsilon": 24.739141030229497, "gamma": 0.01765561549966811}, "datetime": {"datetime": "2021-09-22 19:16:15", "elapsed": 502.446092, "delta": 1.894018}}
{"target": -198.96901207668014, "params": {"C": 1620.4927202495332, "epsilon": 8.16765929106467, "gamma": 0.08190976427756018}, "datetime": {"datetime": "2021-09-22 19:16:17", "elapsed": 504.186865, "delta": 1.740773}}
{"target": -241.24524895032744, "params": {"C": 1454.6390207056684, "epsilon": 11.693041758184947, "gamma": 0.10143895246449282}, "datetime": {"datetime": "2021-09-22 19:16:19", "elapsed": 506.025872, "delta": 1.839007}}
{"target": -80.69044785695529, "params": {"C": 3403.1378823345935, "epsilon": 7.247954998935286, "gamma": 0.03013548792949805}, "datetime": {"datetime": "2021-09-22 19:16:21", "elapsed": 507.830193, "delta": 1.804321}}
{"target": -169.99694724519662, "params": {"C": 1663.391098695261, "epsilon": 10.241647733530126, "gamma": 0.06678333491318328}, "datetime": {"datetime": "2021-09-22 19:16:23", "elapsed": 510.187179, "delta": 2.356986}}
{"target": -210.10793517632993, "params": {"C": 2973.489963927432, "epsilon": 29.84670883547869, "gamma": 0.09597039371831657}, "datetime": {"datetime": "2021-09-22 19:16:25", "elapsed": 512.445507, "delta": 2.258328}}
{"target": -110.85544160426242, "params": {"C": 1069.1721066593639, "epsilon": 23.842585242005647, "gamma": 0.02403233517264817}, "datetime": {"datetime": "2021-09-22 19:16:27", "elapsed": 514.339507, "delta": 1.894}}
{"target": -274.7922313519328, "params": {"C": 4277.98704072953, "epsilon": 23.037745382753133, "gamma": 0.13140093407099518}, "datetime": {"datetime": "2021-09-22 19:16:29", "elapsed": 516.1884, "delta": 1.848893}}
{"target": -149.5112051871765, "params": {"C": 2497.190649779989, "epsilon": 22.4314516769179, "gamma": 0.06309319451471765}, "datetime": {"datetime": "2021-09-22 19:16:31", "elapsed": 518.007714, "delta": 1.819314}}
{"target": -149.51599323770643, "params": {"C": 3038.3149534032855, "epsilon": 15.29789841240288, "gamma": 0.06803052955499587}, "datetime": {"datetime": "2021-09-22 19:16:34", "elapsed": 520.933774, "delta": 2.92606}}
{"target": -33.696877918381645, "params": {"C": 3292.7939334445596, "epsilon": 16.090137592296728, "gamma": 0.004596560483261146}, "datetime": {"datetime": "2021-09-22 19:16:36", "elapsed": 523.347031, "delta": 2.413257}}
{"target": -280.0071670349742, "params": {"C": 2097.2073125299976, "epsilon": 17.101422341412295, "gamma": 0.13035272087306873}, "datetime": {"datetime": "2021-09-22 19:16:38", "elapsed": 524.981878, "delta": 1.634847}}
{"target": -90.98751238797115, "params": {"C": 3821.416579604567, "epsilon": 3.9241381307997134, "gamma": 0.03795336907529338}, "datetime": {"datetime": "2021-09-22 19:16:40", "elapsed": 527.42307, "delta": 2.441192}}
{"target": -257.372290036397, "params": {"C": 957.074157768819, "epsilon": 22.593847318940014, "gamma": 0.09349758813128532}, "datetime": {"datetime": "2021-09-22 19:16:43", "elapsed": 529.744143, "delta": 2.321073}}
{"target": -98.12850973515438, "params": {"C": 4751.548953259005, "epsilon": 28.10350487758677, "gamma": 0.041408549947136615}, "datetime": {"datetime": "2021-09-22 19:16:45", "elapsed": 532.079352, "delta": 2.335209}}
{"target": -172.54561537286727, "params": {"C": 2777.884623692098, "epsilon": 20.034897048550626, "gamma": 0.07833601163326358}, "datetime": {"datetime": "2021-09-22 19:16:47", "elapsed": 534.078598, "delta": 1.999246}}
{"target": -73.93853754947358, "params": {"C": 3765.051492559754, "epsilon": 9.339972355064825, "gamma": 0.027265144217913737}, "datetime": {"datetime": "2021-09-22 19:16:50", "elapsed": 536.736373, "delta": 2.657775}}
{"target": -199.4681380639552, "params": {"C": 1586.1308905841406, "epsilon": 12.018517312312424, "gamma": 0.08111259534198736}, "datetime": {"datetime": "2021-09-22 19:16:52", "elapsed": 538.556862, "delta": 1.820489}}
{"target": -152.53359267059383, "params": {"C": 3353.6777556675697, "epsilon": 3.6018189608145184, "gamma": 0.0726367612280869}, "datetime": {"datetime": "2021-09-22 19:16:54", "elapsed": 540.567065, "delta": 2.010203}}
{"target": -98.48723771825375, "params": {"C": 3081.117211176805, "epsilon": 10.394644269735696, "gamma": 0.038841339120764526}, "datetime": {"datetime": "2021-09-22 19:16:56", "elapsed": 542.959046, "delta": 2.391981}}
{"target": -278.11828007608517, "params": {"C": 1721.1506992249938, "epsilon": 21.67667589617921, "gamma": 0.1245742378908641}, "datetime": {"datetime": "2021-09-22 19:17:00", "elapsed": 546.498533, "delta": 3.539487}}
{"target": -178.99175432269476, "params": {"C": 1615.7746406542228, "epsilon": 13.544133619937602, "gamma": 0.07040995166941647}, "datetime": {"datetime": "2021-09-22 19:17:01", "elapsed": 548.328052, "delta": 1.829519}}
