{"target": -287.4422992978481, "params": {"C": 876.8529942829883, "epsilon": 17.63134973538454, "gamma": 0.1056170113513701}, "datetime": {"datetime": "2021-09-22 18:28:09", "elapsed": 318.900391, "delta": 1.875313}}
{"target": -330.49836533299026, "params": {"C": 572.2841064409422, "epsilon": 24.542930468989027, "gamma": 0.10951076486482456}, "datetime": {"datetime": "2021-09-22 18:28:11", "elapsed": 320.723087, "delta": 1.822696}}
{"target": -542.2173075340899, "params": {"C": 116.3448357046995, "epsilon": 13.266367910251754, "gamma": 0.09148037313609907}, "datetime": {"datetime": "2021-09-22 18:28:12", "elapsed": 322.036537, "delta": 1.31345}}
{"target": -217.12909476533488, "params": {"C": 283.6012176927661, "epsilon": 14.97702358518571, "gamma": 0.027736376876227174}, "datetime": {"datetime": "2021-09-22 18:28:13", "elapsed": 323.415381, "delta": 1.378844}}
{"target": -168.03672043931923, "params": {"C": 752.9691265759004, "epsilon": 13.543429224801683, "gamma": 0.0438082763382783}, "datetime": {"datetime": "2021-09-22 18:28:15", "elapsed": 325.194108, "delta": 1.778727}}
{"target": -425.9143832962423, "params": {"C": 467.9348998309431, "epsilon": 0.47924184666135894, "gamma": 0.1480825304192276}, "datetime": {"datetime": "2021-09-22 18:28:16", "elapsed": 326.558347, "delta": 1.364239}}
{"target": -158.6821631714538, "params": {"C": 977.7169934814958, "epsilon": 8.53218384842594, "gamma": 0.04632152979709926}, "datetime": {"datetime": "2021-09-22 18:28:18", "elapsed": 328.400411, "delta": 1.842064}}
{"target": -128.1521949296997, "params": {"C": 922.9769962616423, "epsilon": 10.213248190769194, "gamma": 0.030208971418929628}, "datetime": {"datetime": "2021-09-22 18:28:20", "elapsed": 329.82588, "delta": 1.425469}}
{"target": -371.6897495175848, "params": {"C": 513.0547294941608, "epsilon": 19.91105587573525, "gamma": 0.1253859380404723}, "datetime": {"datetime": "2021-09-22 18:28:21", "elapsed": 331.213203, "delta": 1.387323}}
{"target": -209.67782856348202, "params": {"C": 911.7770757123989, "epsilon": 16.57240015173163, "gamma": 0.06842887415121898}, "datetime": {"datetime": "2021-09-22 18:28:23", "elapsed": 332.937266, "delta": 1.724063}}
{"target": -425.8431598952955, "params": {"C": 478.97773231764205, "epsilon": 1.3654229029680005, "gamma": 0.14933455268687076}, "datetime": {"datetime": "2021-09-22 18:28:24", "elapsed": 334.312987, "delta": 1.375721}}
{"target": -141.19433590005244, "params": {"C": 747.6410028893429, "epsilon": 23.01102338189183, "gamma": 0.02990685126587142}, "datetime": {"datetime": "2021-09-22 18:28:26", "elapsed": 335.75631, "delta": 1.443323}}
{"target": -309.5751004513388, "params": {"C": 915.554244403733, "epsilon": 14.028666540806931, "gamma": 0.11864548109726247}, "datetime": {"datetime": "2021-09-22 18:28:27", "elapsed": 337.177458, "delta": 1.421148}}
{"target": -298.70832879623805, "params": {"C": 913.7308176113114, "epsilon": 1.9032129341607296, "gamma": 0.11326827208037035}, "datetime": {"datetime": "2021-09-22 18:28:29", "elapsed": 338.826515, "delta": 1.649057}}
{"target": -463.8438624067495, "params": {"C": 291.80455276707147, "epsilon": 11.078295759140047, "gamma": 0.13095741740072886}, "datetime": {"datetime": "2021-09-22 18:28:30", "elapsed": 340.305549, "delta": 1.479034}}
{"target": -110.82096584644913, "params": {"C": 652.6544245436463, "epsilon": 7.002744211066096, "gamma": 0.01}, "datetime": {"datetime": "2021-09-22 18:28:33", "elapsed": 342.767852, "delta": 2.462303}}
{"target": -113.57294151668691, "params": {"C": 652.4664191997025, "epsilon": 6.8225650505173485, "gamma": 0.01571990466117581}, "datetime": {"datetime": "2021-09-22 18:28:34", "elapsed": 344.615091, "delta": 1.847239}}
{"target": -657.9211787397053, "params": {"C": 153.36968419398238, "epsilon": 28.60810508586095, "gamma": 0.14451224526225467}, "datetime": {"datetime": "2021-09-22 18:28:36", "elapsed": 346.046175, "delta": 1.431084}}
{"target": -319.2706795398938, "params": {"C": 673.1499488874042, "epsilon": 10.321294715868651, "gamma": 0.1109051151749617}, "datetime": {"datetime": "2021-09-22 18:28:38", "elapsed": 347.758525, "delta": 1.71235}}
{"target": -343.3356541715898, "params": {"C": 876.8028287391851, "epsilon": 17.2765240077031, "gamma": 0.13410869306169587}, "datetime": {"datetime": "2021-09-22 18:28:39", "elapsed": 349.658476, "delta": 1.899951}}
{"target": -374.91778374301265, "params": {"C": 544.4719922144002, "epsilon": 19.72623757893295, "gamma": 0.12949526836780806}, "datetime": {"datetime": "2021-09-22 18:28:42", "elapsed": 351.744096, "delta": 2.08562}}
{"target": -494.5738006089233, "params": {"C": 280.8587186858322, "epsilon": 12.74312900832715, "gamma": 0.14022961001956816}, "datetime": {"datetime": "2021-09-22 18:28:43", "elapsed": 353.1822, "delta": 1.438104}}
{"target": -354.29505092292, "params": {"C": 921.2335740781757, "epsilon": 5.019093451021446, "gamma": 0.14237595831107533}, "datetime": {"datetime": "2021-09-22 18:28:44", "elapsed": 354.535279, "delta": 1.353079}}
{"target": -238.8355016881477, "params": {"C": 249.23156776460365, "epsilon": 25.59214998255739, "gamma": 0.029076049442664807}, "datetime": {"datetime": "2021-09-22 18:28:46", "elapsed": 356.038929, "delta": 1.50365}}
{"target": -266.52825328396034, "params": {"C": 435.871783882903, "epsilon": 23.536642119435996, "gamma": 0.07015716447378947}, "datetime": {"datetime": "2021-09-22 18:28:48", "elapsed": 358.022242, "delta": 1.983313}}
{"target": -418.5597123879382, "params": {"C": 501.1963734407722, "epsilon": 6.542309980681554, "gamma": 0.14831727690967916}, "datetime": {"datetime": "2021-09-22 18:28:49", "elapsed": 359.470921, "delta": 1.448679}}
{"target": -455.2194128184541, "params": {"C": 323.4369434171, "epsilon": 19.958324909727438, "gamma": 0.13484253948537836}, "datetime": {"datetime": "2021-09-22 18:28:51", "elapsed": 361.128998, "delta": 1.658077}}
{"target": -125.8354851784378, "params": {"C": 578.7875285343364, "epsilon": 10.013536408962151, "gamma": 0.017332994626159108}, "datetime": {"datetime": "2021-09-22 18:28:53", "elapsed": 363.087181, "delta": 1.958183}}
{"target": -217.13037176009973, "params": {"C": 402.7946089587514, "epsilon": 28.46772279820184, "gamma": 0.04574800145967113}, "datetime": {"datetime": "2021-09-22 18:28:54", "elapsed": 364.587446, "delta": 1.500265}}
{"target": -300.2587369865723, "params": {"C": 747.7272171328486, "epsilon": 23.00157106396837, "gamma": 0.10505835771855476}, "datetime": {"datetime": "2021-09-22 18:28:56", "elapsed": 366.591409, "delta": 2.003963}}
{"target": -345.17316193610947, "params": {"C": 483.7487862431359, "epsilon": 23.846143093118485, "gamma": 0.10975252727270722}, "datetime": {"datetime": "2021-09-22 18:28:58", "elapsed": 368.680679, "delta": 2.08927}}
{"target": -256.28977015902274, "params": {"C": 459.3780905265362, "epsilon": 4.729472265014821, "gamma": 0.06835635094139586}, "datetime": {"datetime": "2021-09-22 18:29:00", "elapsed": 370.280209, "delta": 1.59953}}
{"target": -246.8222181214504, "params": {"C": 877.066078863597, "epsilon": 17.385669307045077, "gamma": 0.0851276945375386}, "datetime": {"datetime": "2021-09-22 18:29:02", "elapsed": 372.367715, "delta": 2.087506}}
{"target": -256.2739462717574, "params": {"C": 737.8881929014319, "epsilon": 0.6579518224487944, "gamma": 0.08388852537392422}, "datetime": {"datetime": "2021-09-22 18:29:04", "elapsed": 373.839392, "delta": 1.471677}}
{"target": -195.16601830088132, "params": {"C": 990.3850513730582, "epsilon": 28.047757544853976, "gamma": 0.06338746999151007}, "datetime": {"datetime": "2021-09-22 18:29:06", "elapsed": 375.933608, "delta": 2.094216}}
{"target": -263.2753828131422, "params": {"C": 938.3627781963969, "epsilon": 15.76589595493654, "gamma": 0.09619801563588996}, "datetime": {"datetime": "2021-09-22 18:29:08", "elapsed": 378.140177, "delta": 2.206569}}
{"target": -379.45481638026865, "params": {"C": 673.0733697866659, "epsilon": 9.872796565166652, "gamma": 0.14112698099071588}, "datetime": {"datetime": "2021-09-22 18:29:10", "elapsed": 380.242623, "delta": 2.102446}}
{"target": -496.09302877768624, "params": {"C": 187.87716647698616, "epsilon": 26.039025343567364, "gamma": 0.11104567956037628}, "datetime": {"datetime": "2021-09-22 18:29:12", "elapsed": 381.810319, "delta": 1.567696}}
{"target": -157.68158083983485, "params": {"C": 882.8051469440303, "epsilon": 8.57316316324601, "gamma": 0.04313792100210507}, "datetime": {"datetime": "2021-09-22 18:29:13", "elapsed": 383.448956, "delta": 1.638637}}
{"target": -320.93299572323724, "params": {"C": 865.4729980838949, "epsilon": 10.96184141966705, "gamma": 0.12218498368705803}, "datetime": {"datetime": "2021-09-22 18:29:15", "elapsed": 385.566403, "delta": 2.117447}}
{"target": -190.51709468364896, "params": {"C": 332.0665442201457, "epsilon": 2.06054564509875, "gamma": 0.024363210629844152}, "datetime": {"datetime": "2021-09-22 18:29:17", "elapsed": 387.080446, "delta": 1.514043}}
{"target": -192.35167512754595, "params": {"C": 637.7804681585906, "epsilon": 4.752391841655475, "gamma": 0.05025782569264589}, "datetime": {"datetime": "2021-09-22 18:29:18", "elapsed": 388.578647, "delta": 1.498201}}
{"target": -161.61428717924278, "params": {"C": 578.8112778497508, "epsilon": 9.877959657840993, "gamma": 0.033628553597957495}, "datetime": {"datetime": "2021-09-22 18:29:20", "elapsed": 390.686287, "delta": 2.10764}}
{"target": -228.38581983808717, "params": {"C": 549.5012780628068, "epsilon": 6.6954765908872025, "gamma": 0.06193686763827581}, "datetime": {"datetime": "2021-09-22 18:29:23", "elapsed": 392.695438, "delta": 2.009151}}
{"target": -135.7168227810761, "params": {"C": 604.7247755433607, "epsilon": 16.627581227205606, "gamma": 0.023566168082932805}, "datetime": {"datetime": "2021-09-22 18:29:24", "elapsed": 394.387519, "delta": 1.692081}}
{"target": -371.5011836132909, "params": {"C": 705.6385346271661, "epsilon": 7.8006113823110095, "gamma": 0.13907145665902007}, "datetime": {"datetime": "2021-09-22 18:29:26", "elapsed": 396.600965, "delta": 2.213446}}
{"target": -162.20088052712418, "params": {"C": 752.7826389727502, "epsilon": 13.47404760131995, "gamma": 0.04119964959325624}, "datetime": {"datetime": "2021-09-22 18:29:28", "elapsed": 398.594282, "delta": 1.993317}}
{"target": -330.35923393367955, "params": {"C": 627.240305667646, "epsilon": 15.887281517998602, "gamma": 0.11336754364168464}, "datetime": {"datetime": "2021-09-22 18:29:30", "elapsed": 400.197889, "delta": 1.603607}}
{"target": -181.0511373691393, "params": {"C": 554.4405492607946, "epsilon": 23.403469740141972, "gamma": 0.04012629454934531}, "datetime": {"datetime": "2021-09-22 18:29:32", "elapsed": 401.876298, "delta": 1.678409}}
{"target": -117.50573577643664, "params": {"C": 977.9376235870715, "epsilon": 8.106893126065813, "gamma": 0.02634438412263749}, "datetime": {"datetime": "2021-09-22 18:29:34", "elapsed": 403.880128, "delta": 2.00383}}
{"target": -338.50198752356147, "params": {"C": 578.7595829568161, "epsilon": 10.041404132688907, "gamma": 0.11432616526501535}, "datetime": {"datetime": "2021-09-22 18:29:36", "elapsed": 406.255654, "delta": 2.375526}}
{"target": -361.57471905809007, "params": {"C": 548.4334534804868, "epsilon": 23.293391355231105, "gamma": 0.12276721639697338}, "datetime": {"datetime": "2021-09-22 18:29:38", "elapsed": 407.860711, "delta": 1.605057}}
{"target": -368.8419058148096, "params": {"C": 395.36965528968847, "epsilon": 12.83124385440912, "gamma": 0.11235412967345657}, "datetime": {"datetime": "2021-09-22 18:29:40", "elapsed": 409.898027, "delta": 2.037316}}
{"target": -85.4891415746487, "params": {"C": 911.8570304290098, "epsilon": 16.471628410325103, "gamma": 0.010887342046943057}, "datetime": {"datetime": "2021-09-22 18:29:42", "elapsed": 412.118882, "delta": 2.220855}}
{"target": -84.69758136910548, "params": {"C": 938.5550730647611, "epsilon": 15.563833525280165, "gamma": 0.011460499696580756}, "datetime": {"datetime": "2021-09-22 18:29:44", "elapsed": 414.160942, "delta": 2.04206}}
{"target": -375.1763491319751, "params": {"C": 339.33972906008125, "epsilon": 18.128077975794398, "gamma": 0.10666250950413915}, "datetime": {"datetime": "2021-09-22 18:29:46", "elapsed": 415.871841, "delta": 1.710899}}
{"target": -181.09481378998586, "params": {"C": 870.507159665488, "epsilon": 24.077702109178368, "gamma": 0.05307407487089915}, "datetime": {"datetime": "2021-09-22 18:29:47", "elapsed": 417.611797, "delta": 1.739956}}
{"target": -329.96722569217434, "params": {"C": 533.9192169664307, "epsilon": 1.0621775746666915, "gamma": 0.10754453542164343}, "datetime": {"datetime": "2021-09-22 18:29:50", "elapsed": 419.95935, "delta": 2.347553}}
{"target": -291.84199880437717, "params": {"C": 741.0692343149176, "epsilon": 12.701099723912717, "gamma": 0.10101877927484193}, "datetime": {"datetime": "2021-09-22 18:29:51", "elapsed": 421.668342, "delta": 1.708992}}
{"target": -296.7749453529433, "params": {"C": 902.2155250005399, "epsilon": 28.451793175749327, "gamma": 0.11027911983171348}, "datetime": {"datetime": "2021-09-22 18:29:53", "elapsed": 423.460919, "delta": 1.792577}}
{"target": -149.66621206452223, "params": {"C": 882.9289578267411, "epsilon": 8.479864990859262, "gamma": 0.03940522353269921}, "datetime": {"datetime": "2021-09-22 18:29:56", "elapsed": 425.77203, "delta": 2.311111}}
{"target": -383.61149392240384, "params": {"C": 505.19816647572316, "epsilon": 26.41420558024871, "gamma": 0.13018011195363652}, "datetime": {"datetime": "2021-09-22 18:29:57", "elapsed": 427.316286, "delta": 1.544256}}
{"target": -160.54131978337313, "params": {"C": 740.439567659372, "epsilon": 28.126195438263654, "gamma": 0.03803694981027986}, "datetime": {"datetime": "2021-09-22 18:29:59", "elapsed": 429.14619, "delta": 1.829904}}
{"target": -305.2627895479806, "params": {"C": 882.9835889972076, "epsilon": 8.653832417235787, "gamma": 0.11504540752947455}, "datetime": {"datetime": "2021-09-22 18:30:01", "elapsed": 431.549674, "delta": 2.403484}}
{"target": -144.90276094352578, "params": {"C": 753.0452777255531, "epsilon": 13.346459111173695, "gamma": 0.03293645677357636}, "datetime": {"datetime": "2021-09-22 18:30:04", "elapsed": 433.763711, "delta": 2.214037}}
{"target": -136.4720939698289, "params": {"C": 996.785385371661, "epsilon": 28.622203774640173, "gamma": 0.034622664216687325}, "datetime": {"datetime": "2021-09-22 18:30:06", "elapsed": 436.074422, "delta": 2.310711}}
{"target": -288.5138558853625, "params": {"C": 877.9208377362462, "epsilon": 18.517671422380772, "gamma": 0.10617543231573144}, "datetime": {"datetime": "2021-09-22 18:30:08", "elapsed": 437.889218, "delta": 1.814796}}
{"target": -234.74197151645606, "params": {"C": 480.6998739688174, "epsilon": 10.335202576224113, "gamma": 0.06021012394850547}, "datetime": {"datetime": "2021-09-22 18:30:09", "elapsed": 439.669299, "delta": 1.780081}}
{"target": -159.18104578131286, "params": {"C": 675.317575456398, "epsilon": 3.0047316157150745, "gamma": 0.0371147386096355}, "datetime": {"datetime": "2021-09-22 18:30:12", "elapsed": 442.215283, "delta": 2.545984}}
{"target": -255.05883586106933, "params": {"C": 652.6956026158864, "epsilon": 6.854228449730786, "gamma": 0.07900282617371115}, "datetime": {"datetime": "2021-09-22 18:30:15", "elapsed": 445.31803, "delta": 3.102747}}
{"target": -278.98058587579567, "params": {"C": 790.859668984394, "epsilon": 8.582428021607592, "gamma": 0.09728187098819424}, "datetime": {"datetime": "2021-09-22 18:30:18", "elapsed": 448.629482, "delta": 3.311452}}
{"target": -338.87014990679876, "params": {"C": 340.72309203421713, "epsilon": 8.409532258919183, "gamma": 0.09100708412540759}, "datetime": {"datetime": "2021-09-22 18:30:21", "elapsed": 450.929537, "delta": 2.300055}}
{"target": -307.95114486975496, "params": {"C": 270.4468580062221, "epsilon": 10.22563336320343, "gamma": 0.06528414798630397}, "datetime": {"datetime": "2021-09-22 18:30:23", "elapsed": 452.727452, "delta": 1.797915}}
{"target": -122.42789477517144, "params": {"C": 899.3009582860033, "epsilon": 24.739141030229497, "gamma": 0.025649571610426407}, "datetime": {"datetime": "2021-09-22 18:30:24", "elapsed": 454.590605, "delta": 1.863153}}
{"target": -367.744836824862, "params": {"C": 258.156938591361, "epsilon": 8.16765929106467, "gamma": 0.08602259730777465}, "datetime": {"datetime": "2021-09-22 18:30:26", "elapsed": 456.357931, "delta": 1.767326}}
{"target": -443.4818839059451, "params": {"C": 221.75002893539062, "epsilon": 11.693041758184947, "gamma": 0.10437217010086573}, "datetime": {"datetime": "2021-09-22 18:30:28", "elapsed": 458.173003, "delta": 1.815072}}
{"target": -162.04979084501272, "params": {"C": 649.4692912441791, "epsilon": 7.247954998935286, "gamma": 0.037375626242481384}, "datetime": {"datetime": "2021-09-22 18:30:30", "elapsed": 460.199379, "delta": 2.026376}}
{"target": -125.81528011687628, "params": {"C": 899.4450617782892, "epsilon": 24.792787456643556, "gamma": 0.02718534226127503}, "datetime": {"datetime": "2021-09-22 18:30:33", "elapsed": 462.964732, "delta": 2.765353}}
{"target": -207.42473830087633, "params": {"C": 899.0918314094339, "epsilon": 24.76066095490098, "gamma": 0.06641279269777559}, "datetime": {"datetime": "2021-09-22 18:30:35", "elapsed": 465.502649, "delta": 2.537917}}
{"target": -340.5889970904949, "params": {"C": 137.1353404862018, "epsilon": 23.842585242005647, "gamma": 0.031641120296447944}, "datetime": {"datetime": "2021-09-22 18:30:37", "elapsed": 467.686363, "delta": 2.183714}}
{"target": -344.5689568849241, "params": {"C": 841.5093504040433, "epsilon": 23.037745382753133, "gamma": 0.13252436758348538}, "datetime": {"datetime": "2021-09-22 18:30:39", "elapsed": 469.694419, "delta": 2.008056}}
{"target": -259.4331801419195, "params": {"C": 450.6028255614611, "epsilon": 22.4314516769179, "gamma": 0.06834259887288906}, "datetime": {"datetime": "2021-09-22 18:30:41", "elapsed": 471.545115, "delta": 1.850696}}
{"target": -97.07745340794756, "params": {"C": 913.8540372646241, "epsilon": 1.6916152819519183, "gamma": 0.0172080445557089}, "datetime": {"datetime": "2021-09-22 18:30:44", "elapsed": 474.694157, "delta": 3.149042}}
{"target": -102.67786610395059, "params": {"C": 899.5135233328232, "epsilon": 24.6588689961336, "gamma": 0.01737692528475548}, "datetime": {"datetime": "2021-09-22 18:30:47", "elapsed": 476.968858, "delta": 2.274701}}
{"target": -426.4750087222456, "params": {"C": 362.80160518951163, "epsilon": 17.101422341412295, "gamma": 0.13153946927670887}, "datetime": {"datetime": "2021-09-22 18:30:49", "elapsed": 478.753325, "delta": 1.784467}}
{"target": -322.68795339413083, "params": {"C": 996.7648694753102, "epsilon": 28.665430827787347, "gamma": 0.12736309075161623}, "datetime": {"datetime": "2021-09-22 18:30:51", "elapsed": 481.564199, "delta": 2.810874}}
{"target": -358.0078029914119, "params": {"C": 708.3559133696103, "epsilon": 16.822509519013874, "gamma": 0.1323072327106951}, "datetime": {"datetime": "2021-09-22 18:30:54", "elapsed": 484.141104, "delta": 2.576905}}
{"target": -190.2889446988008, "params": {"C": 977.8617656935778, "epsilon": 8.53241274848263, "gamma": 0.061917455883770074}, "datetime": {"datetime": "2021-09-22 18:30:56", "elapsed": 486.667414, "delta": 2.52631}}
{"target": -281.4333910352663, "params": {"C": 512.2185759324118, "epsilon": 20.034897048550626, "gamma": 0.0826647089171604}, "datetime": {"datetime": "2021-09-22 18:30:59", "elapsed": 488.734415, "delta": 2.067001}}
{"target": -251.25338564904425, "params": {"C": 549.413256645343, "epsilon": 6.428238657100119, "gamma": 0.07221699686791729}, "datetime": {"datetime": "2021-09-22 18:31:01", "elapsed": 491.44942, "delta": 2.715005}}
{"target": -370.87004735096497, "params": {"C": 250.614097933104, "epsilon": 12.018517312312424, "gamma": 0.08527357951596126}, "datetime": {"datetime": "2021-09-22 18:31:03", "elapsed": 493.38579, "delta": 1.93637}}
{"target": -272.6314226115698, "params": {"C": 660.7170959452492, "epsilon": 18.84077648751023, "gamma": 0.08696780256912982}, "datetime": {"datetime": "2021-09-22 18:31:05", "elapsed": 495.376574, "delta": 1.990784}}
{"target": -90.51960690728338, "params": {"C": 989.0377855645855, "epsilon": 26.57886517925985, "gamma": 0.013621905869379874}, "datetime": {"datetime": "2021-09-22 18:31:08", "elapsed": 497.935419, "delta": 2.558845}}
{"target": -357.4755535475597, "params": {"C": 752.8113488911108, "epsilon": 13.334259606670534, "gamma": 0.13479212541204225}, "datetime": {"datetime": "2021-09-22 18:31:10", "elapsed": 500.477409, "delta": 2.54199}}
{"target": -340.79192913625286, "params": {"C": 257.1212625826343, "epsilon": 13.544133619937602, "gamma": 0.07521740425314297}, "datetime": {"datetime": "2021-09-22 18:31:12", "elapsed": 502.446231, "delta": 1.968822}}
{"target": -507.2677989147716, "params": {"C": 159.47685968400702, "epsilon": 19.603038590037272, "gamma": 0.10323916659495586}, "datetime": {"datetime": "2021-09-22 18:31:14", "elapsed": 504.456589, "delta": 2.010358}}
{"target": -171.90776818481464, "params": {"C": 709.7344300638487, "epsilon": 16.363062241153163, "gamma": 0.04380244250946056}, "datetime": {"datetime": "2021-09-22 18:31:17", "elapsed": 507.481727, "delta": 3.025138}}
{"target": -215.3112190467711, "params": {"C": 916.1122360497301, "epsilon": 16.316234538871022, "gamma": 0.07132433035237844}, "datetime": {"datetime": "2021-09-22 18:31:19", "elapsed": 509.436069, "delta": 1.954342}}
{"target": -189.55637824829378, "params": {"C": 982.5130805777428, "epsilon": 14.204704799395664, "gamma": 0.06148130135495222}, "datetime": {"datetime": "2021-09-22 18:31:22", "elapsed": 512.393621, "delta": 2.957552}}
{"target": -214.33647413397895, "params": {"C": 902.4021702224711, "epsilon": 16.08745148658727, "gamma": 0.07034009943263568}, "datetime": {"datetime": "2021-09-22 18:31:24", "elapsed": 514.331694, "delta": 1.938073}}
