{"target": -67.69573157012891, "params": {"C": 18976.417584623498, "epsilon": 15.667146493734398, "gamma": 0.0115044957902908}, "datetime": {"datetime": "2021-09-22 20:43:27", "elapsed": 337.824966, "delta": 1.517961}}
{"target": -175.52053361127508, "params": {"C": 16296.5368272656, "epsilon": 18.806415251623378, "gamma": 0.03113819276056947}, "datetime": {"datetime": "2021-09-22 20:43:28", "elapsed": 339.45545, "delta": 1.630484}}
{"target": -200.05791998652037, "params": {"C": 5713.885596288437, "epsilon": 2.812895589436729, "gamma": 0.035650554766368914}, "datetime": {"datetime": "2021-09-22 20:43:30", "elapsed": 340.831192, "delta": 1.375742}}
{"target": -22.778409415099272, "params": {"C": 6506.626515325368, "epsilon": 1.6455411455650668, "gamma": 0.0033840631895329823}, "datetime": {"datetime": "2021-09-22 20:43:31", "elapsed": 342.601165, "delta": 1.769973}}
{"target": -41.55647156119387, "params": {"C": 10020.379354697121, "epsilon": 22.724522879734483, "gamma": 0.00612176239539094}, "datetime": {"datetime": "2021-09-22 20:43:33", "elapsed": 344.04736, "delta": 1.446195}}
{"target": -164.59899619819362, "params": {"C": 5272.413928411658, "epsilon": 13.266367910251754, "gamma": 0.029141932996366745}, "datetime": {"datetime": "2021-09-22 20:43:34", "elapsed": 345.385563, "delta": 1.338203}}
{"target": -40.91242505049861, "params": {"C": 8060.020294879435, "epsilon": 14.97702358518571, "gamma": 0.006421751472312401}, "datetime": {"datetime": "2021-09-22 20:43:36", "elapsed": 346.847195, "delta": 1.461632}}
{"target": -100.42094601990485, "params": {"C": 13929.551303954631, "epsilon": 12.573623385716935, "gamma": 0.018049173400841965}, "datetime": {"datetime": "2021-09-22 20:43:37", "elapsed": 348.403287, "delta": 1.556092}}
{"target": -279.3888988122233, "params": {"C": 11132.248330515718, "epsilon": 0.47924184666135894, "gamma": 0.049316559056567545}, "datetime": {"datetime": "2021-09-22 20:43:39", "elapsed": 349.810639, "delta": 1.407352}}
{"target": -105.08686089181626, "params": {"C": 18435.225720040493, "epsilon": 27.00406114640697, "gamma": 0.017966504557892185}, "datetime": {"datetime": "2021-09-22 20:43:40", "elapsed": 351.510278, "delta": 1.699639}}
{"target": -43.60534771171209, "params": {"C": 18716.283271027372, "epsilon": 10.213248190769194, "gamma": 0.007303054812889918}, "datetime": {"datetime": "2021-09-22 20:43:42", "elapsed": 353.368665, "delta": 1.858387}}
{"target": -235.75176297175835, "params": {"C": 11884.245491569347, "epsilon": 19.91105587573525, "gamma": 0.0412268450587112}, "datetime": {"datetime": "2021-09-22 20:43:44", "elapsed": 354.68062, "delta": 1.311955}}
{"target": -37.228456344659776, "params": {"C": 9849.912952498795, "epsilon": 3.928906182439626, "gamma": 0.006494071573139785}, "datetime": {"datetime": "2021-09-22 20:43:45", "elapsed": 356.459784, "delta": 1.779164}}
{"target": -282.2291701712756, "params": {"C": 11316.295538627368, "epsilon": 1.3654229029680005, "gamma": 0.04976281556482037}, "datetime": {"datetime": "2021-09-22 20:43:47", "elapsed": 357.91333, "delta": 1.453546}}
{"target": -47.60338090359425, "params": {"C": 15794.01671482238, "epsilon": 23.01102338189183, "gamma": 0.0071953705583356}, "datetime": {"datetime": "2021-09-22 20:43:48", "elapsed": 359.40806, "delta": 1.49473}}
{"target": -220.1382502769383, "params": {"C": 18592.570740062216, "epsilon": 14.028666540806931, "gamma": 0.038824353619667136}, "datetime": {"datetime": "2021-09-22 20:43:50", "elapsed": 360.788967, "delta": 1.380907}}
{"target": -156.34815447015998, "params": {"C": 15908.48051161312, "epsilon": 28.62633807535765, "gamma": 0.02734365154993548}, "datetime": {"datetime": "2021-09-22 20:43:51", "elapsed": 362.13993, "delta": 1.350963}}
{"target": -245.73224566344456, "params": {"C": 8196.742546117857, "epsilon": 11.078295759140047, "gamma": 0.04321267948783122}, "datetime": {"datetime": "2021-09-22 20:43:53", "elapsed": 363.674996, "delta": 1.535066}}
{"target": -280.0633571333778, "params": {"C": 14210.051817264926, "epsilon": 6.697138403369885, "gamma": 0.04917170331453799}, "datetime": {"datetime": "2021-09-22 20:43:54", "elapsed": 365.395951, "delta": 1.720955}}
{"target": -248.48825511345618, "params": {"C": 15750.252181245542, "epsilon": 22.853178744226177, "gamma": 0.04324617540314196}, "datetime": {"datetime": "2021-09-22 20:43:56", "elapsed": 367.091006, "delta": 1.695055}}
{"target": -278.64931592867146, "params": {"C": 5889.494736566373, "epsilon": 28.60810508586095, "gamma": 0.04804400741847507}, "datetime": {"datetime": "2021-09-22 20:43:57", "elapsed": 368.482737, "delta": 1.391731}}
{"target": -44.31687622562086, "params": {"C": 11390.491302112297, "epsilon": 22.314727545950397, "gamma": 0.006658606792043036}, "datetime": {"datetime": "2021-09-22 20:43:59", "elapsed": 369.935743, "delta": 1.453006}}
{"target": -254.62070536898628, "params": {"C": 6978.791145586321, "epsilon": 16.163618501832765, "gamma": 0.044527694152408}, "datetime": {"datetime": "2021-09-22 20:44:00", "elapsed": 371.527626, "delta": 1.591883}}
{"target": -94.46966030322454, "params": {"C": 7893.657461140194, "epsilon": 17.02399645238676, "gamma": 0.016517251528265647}, "datetime": {"datetime": "2021-09-22 20:44:02", "elapsed": 373.306387, "delta": 1.778761}}
{"target": -265.6867334316469, "params": {"C": 8014.311978097202, "epsilon": 12.74312900832715, "gamma": 0.04651755385697465}, "datetime": {"datetime": "2021-09-22 20:44:04", "elapsed": 374.97717, "delta": 1.670783}}
{"target": -268.4598806697864, "params": {"C": 18687.226234636262, "epsilon": 5.019093451021446, "gamma": 0.04728257371230471}, "datetime": {"datetime": "2021-09-22 20:44:05", "elapsed": 376.346035, "delta": 1.368865}}
{"target": -46.92499680128919, "params": {"C": 7487.192796076728, "epsilon": 25.59214998255739, "gamma": 0.006899249051349815}, "datetime": {"datetime": "2021-09-22 20:44:07", "elapsed": 377.884187, "delta": 1.538152}}
{"target": -255.93766832879652, "params": {"C": 5323.131183983281, "epsilon": 6.90997264511707, "gamma": 0.044929252482149754}, "datetime": {"datetime": "2021-09-22 20:44:08", "elapsed": 379.371925, "delta": 1.487738}}
{"target": -281.37436769059747, "params": {"C": 11686.60622401287, "epsilon": 6.542309980681554, "gamma": 0.04940022941280708}, "datetime": {"datetime": "2021-09-22 20:44:10", "elapsed": 380.932176, "delta": 1.560251}}
{"target": -255.8852130922155, "params": {"C": 8723.949056951667, "epsilon": 19.958324909727438, "gamma": 0.04459744800228843}, "datetime": {"datetime": "2021-09-22 20:44:11", "elapsed": 382.449139, "delta": 1.516963}}
{"target": -277.42175560323983, "params": {"C": 7692.569788203498, "epsilon": 25.076332247391168, "gamma": 0.048028238497599234}, "datetime": {"datetime": "2021-09-22 20:44:13", "elapsed": 384.21266, "delta": 1.763521}}
{"target": -79.70089989424311, "params": {"C": 10046.57681597919, "epsilon": 28.46772279820184, "gamma": 0.012841609091697069}, "datetime": {"datetime": "2021-09-22 20:44:15", "elapsed": 385.693075, "delta": 1.480415}}
{"target": -274.87315755649644, "params": {"C": 15482.470416165004, "epsilon": 9.779313380672237, "gamma": 0.04817028222020947}, "datetime": {"datetime": "2021-09-22 20:44:17", "elapsed": 387.696783, "delta": 2.003708}}
{"target": -234.4377275004614, "params": {"C": 6668.476527329617, "epsilon": 15.87692088745988, "gamma": 0.04114351781509974}, "datetime": {"datetime": "2021-09-22 20:44:19", "elapsed": 389.765853, "delta": 2.06907}}
{"target": -113.52494099330006, "params": {"C": 10989.634842108937, "epsilon": 4.729472265014821, "gamma": 0.020899870799826095}, "datetime": {"datetime": "2021-09-22 20:44:21", "elapsed": 391.644208, "delta": 1.878355}}
{"target": -257.7585860498301, "params": {"C": 19818.55060828537, "epsilon": 26.633314089697567, "gamma": 0.044624656422630624}, "datetime": {"datetime": "2021-09-22 20:44:22", "elapsed": 393.39625, "delta": 1.752042}}
{"target": -142.61922252579586, "params": {"C": 15631.469881690531, "epsilon": 0.6579518224487944, "gamma": 0.026435981543991564}, "datetime": {"datetime": "2021-09-22 20:44:24", "elapsed": 395.118861, "delta": 1.722611}}
{"target": -276.50921994500004, "params": {"C": 13976.98340673588, "epsilon": 3.3722361681411774, "gamma": 0.04871352327939912}, "datetime": {"datetime": "2021-09-22 20:44:26", "elapsed": 397.275368, "delta": 2.156507}}
{"target": -28.129710661528375, "params": {"C": 12714.22252302488, "epsilon": 9.209107720235075, "gamma": 0.0043758836835747425}, "datetime": {"datetime": "2021-09-22 20:44:28", "elapsed": 399.064799, "delta": 1.789431}}
{"target": -149.62900762358205, "params": {"C": 5632.311809921363, "epsilon": 3.773980892524566, "gamma": 0.026978544439521253}, "datetime": {"datetime": "2021-09-22 20:44:30", "elapsed": 400.794825, "delta": 1.730026}}
{"target": -207.1807026781906, "params": {"C": 6464.619441283103, "epsilon": 26.039025343567364, "gamma": 0.03611556721473412}, "datetime": {"datetime": "2021-09-22 20:44:31", "elapsed": 402.575073, "delta": 1.780248}}
{"target": -66.94930459156944, "params": {"C": 18046.75244906717, "epsilon": 8.57316316324601, "gamma": 0.011911301842893164}, "datetime": {"datetime": "2021-09-22 20:44:33", "elapsed": 404.477819, "delta": 1.902746}}
{"target": -115.40001654970584, "params": {"C": 15621.891283050449, "epsilon": 20.870631538896767, "gamma": 0.020391033738522503}, "datetime": {"datetime": "2021-09-22 20:44:35", "elapsed": 406.565517, "delta": 2.087698}}
{"target": -30.546385459475687, "params": {"C": 8867.775737002428, "epsilon": 2.06054564509875, "gamma": 0.005219458645923024}, "datetime": {"datetime": "2021-09-22 20:44:38", "elapsed": 408.630257, "delta": 2.06474}}
{"target": -79.42473148678893, "params": {"C": 13963.007802643177, "epsilon": 4.752391841655475, "gamma": 0.014449039300450215}, "datetime": {"datetime": "2021-09-22 20:44:39", "elapsed": 410.432707, "delta": 1.80245}}
{"target": -42.518804536954946, "params": {"C": 7631.215973578278, "epsilon": 5.245790430902376, "gamma": 0.007356975279465208}, "datetime": {"datetime": "2021-09-22 20:44:42", "elapsed": 412.74667, "delta": 2.313963}}
{"target": -181.34922884200515, "params": {"C": 14391.061485916242, "epsilon": 24.171156099252563, "gamma": 0.03187503756860497}, "datetime": {"datetime": "2021-09-22 20:44:44", "elapsed": 414.763084, "delta": 2.016414}}
{"target": -33.13068880163038, "params": {"C": 13412.079592389346, "epsilon": 16.627581227205606, "gamma": 0.0049353699095596205}, "datetime": {"datetime": "2021-09-22 20:44:45", "elapsed": 416.608211, "delta": 1.845127}}
{"target": -179.40983392009036, "params": {"C": 7631.130673228994, "epsilon": 4.891229399687911, "gamma": 0.03235952479842565}, "datetime": {"datetime": "2021-09-22 20:44:48", "elapsed": 418.964414, "delta": 2.356203}}
{"target": -22.915387242775292, "params": {"C": 11554.911106451089, "epsilon": 5.383995919215426, "gamma": 0.0036470937967449826}, "datetime": {"datetime": "2021-09-22 20:44:50", "elapsed": 421.248269, "delta": 2.283855}}
{"target": -209.4204762346844, "params": {"C": 13787.3384277941, "epsilon": 15.887281517998602, "gamma": 0.036943145912286174}, "datetime": {"datetime": "2021-09-22 20:44:52", "elapsed": 422.76536, "delta": 1.517091}}
{"target": -67.46481622820333, "params": {"C": 12574.009154346575, "epsilon": 23.403469740141972, "gamma": 0.010837872128659509}, "datetime": {"datetime": "2021-09-22 20:44:53", "elapsed": 424.5301, "delta": 1.76474}}
{"target": -68.0970511088165, "params": {"C": 8871.074601128119, "epsilon": 20.31532427121638, "gamma": 0.011161926656257006}, "datetime": {"datetime": "2021-09-22 20:44:55", "elapsed": 426.476973, "delta": 1.946873}}
{"target": -159.37997835566043, "params": {"C": 18002.888711646236, "epsilon": 10.532714225101774, "gamma": 0.028788764206732136}, "datetime": {"datetime": "2021-09-22 20:44:58", "elapsed": 428.862512, "delta": 2.385539}}
{"target": -231.10827350953937, "params": {"C": 12473.890891341445, "epsilon": 23.293391355231105, "gamma": 0.04029345784434981}, "datetime": {"datetime": "2021-09-22 20:44:59", "elapsed": 430.478469, "delta": 1.615957}}
{"target": -252.8983695306108, "params": {"C": 19295.53446834805, "epsilon": 2.9503283050467792, "gamma": 0.04475138214293586}, "datetime": {"datetime": "2021-09-22 20:45:01", "elapsed": 432.325942, "delta": 1.847473}}
{"target": -206.15895400772703, "params": {"C": 12054.102001412046, "epsilon": 13.17419410424524, "gamma": 0.036511101689667605}, "datetime": {"datetime": "2021-09-22 20:45:04", "elapsed": 434.709652, "delta": 2.38371}}
{"target": -194.05197160759118, "params": {"C": 6705.370662887222, "epsilon": 1.4325069280973874, "gamma": 0.03485932276333167}, "datetime": {"datetime": "2021-09-22 20:45:05", "elapsed": 436.571719, "delta": 1.862067}}
{"target": -195.7220642362997, "params": {"C": 8988.995484334686, "epsilon": 18.128077975794398, "gamma": 0.034553280173261036}, "datetime": {"datetime": "2021-09-22 20:45:07", "elapsed": 438.44997, "delta": 1.878251}}
{"target": -91.20127418062579, "params": {"C": 17841.785994424798, "epsilon": 24.077702109178368, "gamma": 0.015452830971841913}, "datetime": {"datetime": "2021-09-22 20:45:09", "elapsed": 440.415704, "delta": 1.965734}}
{"target": -222.4428268773402, "params": {"C": 15831.932020547874, "epsilon": 2.65450899292334, "gamma": 0.03967079613182309}, "datetime": {"datetime": "2021-09-22 20:45:11", "elapsed": 442.566013, "delta": 2.150309}}
{"target": -182.24757260808803, "params": {"C": 15684.48723858196, "epsilon": 12.701099723912717, "gamma": 0.03254169347010438}, "datetime": {"datetime": "2021-09-22 20:45:13", "elapsed": 444.502273, "delta": 1.93626}}
{"target": -206.24341877484105, "params": {"C": 18370.258750008998, "epsilon": 28.451793175749327, "gamma": 0.03584234342573217}, "datetime": {"datetime": "2021-09-22 20:45:15", "elapsed": 446.406681, "delta": 1.904408}}
{"target": -18.253989366527644, "params": {"C": 7794.639422819102, "epsilon": 10.687696255698423, "gamma": 0.002136278758319303}, "datetime": {"datetime": "2021-09-22 20:45:17", "elapsed": 448.589296, "delta": 2.182615}}
{"target": -247.53045299197387, "params": {"C": 11753.302774595386, "epsilon": 26.41420558024871, "gamma": 0.04293562561776045}, "datetime": {"datetime": "2021-09-22 20:45:19", "elapsed": 450.192805, "delta": 1.603509}}
{"target": -64.88194274373036, "params": {"C": 15673.992794322865, "epsilon": 28.126195438263654, "gamma": 0.010093169968092607}, "datetime": {"datetime": "2021-09-22 20:45:21", "elapsed": 452.165808, "delta": 1.973003}}
{"target": -221.3292549593617, "params": {"C": 7016.416913795846, "epsilon": 28.72490565592111, "gamma": 0.038354876333972165}, "datetime": {"datetime": "2021-09-22 20:45:23", "elapsed": 454.255812, "delta": 2.090004}}
{"target": -157.40444681411822, "params": {"C": 12911.97314410449, "epsilon": 24.632758812688603, "gamma": 0.027725949156155803}, "datetime": {"datetime": "2021-09-22 20:45:25", "elapsed": 456.449052, "delta": 2.19324}}
{"target": -16.1857876714284, "params": {"C": 12822.224647524785, "epsilon": 15.35292349801812, "gamma": 0.0016284035194219322}, "datetime": {"datetime": "2021-09-22 20:45:27", "elapsed": 458.326186, "delta": 1.877134}}
{"target": -194.78591330361385, "params": {"C": 17965.3472956041, "epsilon": 18.517671422380772, "gamma": 0.03437967194682143}, "datetime": {"datetime": "2021-09-22 20:45:29", "elapsed": 460.193359, "delta": 1.867173}}
{"target": -99.60672934529448, "params": {"C": 11344.997899480291, "epsilon": 10.335202576224113, "gamma": 0.01799632275021731}, "datetime": {"datetime": "2021-09-22 20:45:31", "elapsed": 462.129824, "delta": 1.936465}}
{"target": -264.82849162353983, "params": {"C": 17100.985179738876, "epsilon": 10.99279259802287, "gamma": 0.046435442167009816}, "datetime": {"datetime": "2021-09-22 20:45:33", "elapsed": 464.346617, "delta": 2.216793}}
{"target": -169.81593047916007, "params": {"C": 12573.960503232967, "epsilon": 23.52723584382655, "gamma": 0.029938257852450086}, "datetime": {"datetime": "2021-09-22 20:45:36", "elapsed": 466.853722, "delta": 2.507105}}
{"target": -154.04069164120486, "params": {"C": 16141.356425380445, "epsilon": 24.028042470320717, "gamma": 0.027156767622007808}, "datetime": {"datetime": "2021-09-22 20:45:38", "elapsed": 468.818841, "delta": 1.965119}}
{"target": -159.94497270621272, "params": {"C": 9012.05153390362, "epsilon": 8.409532258919183, "gamma": 0.02897323927041314}, "datetime": {"datetime": "2021-09-22 20:45:40", "elapsed": 470.773682, "delta": 1.954841}}
{"target": -109.9467490050985, "params": {"C": 7840.780966770368, "epsilon": 10.22563336320343, "gamma": 0.01980484988940406}, "datetime": {"datetime": "2021-09-22 20:45:42", "elapsed": 472.730222, "delta": 1.95654}}
{"target": -39.89179821001038, "params": {"C": 18321.682638100057, "epsilon": 24.739141030229497, "gamma": 0.0056779544525734135}, "datetime": {"datetime": "2021-09-22 20:45:44", "elapsed": 474.875615, "delta": 2.145393}}
{"target": -150.24699645993866, "params": {"C": 7635.948976522683, "epsilon": 8.16765929106467, "gamma": 0.027196625754699683}, "datetime": {"datetime": "2021-09-22 20:45:46", "elapsed": 476.893927, "delta": 2.018312}}
{"target": -189.2664663057943, "params": {"C": 7029.167148923178, "epsilon": 11.693041758184947, "gamma": 0.03373693777166572}, "datetime": {"datetime": "2021-09-22 20:45:48", "elapsed": 478.834498, "delta": 1.940571}}
{"target": -55.86434516682719, "params": {"C": 14157.821520736317, "epsilon": 7.247954998935286, "gamma": 0.009857455353570152}, "datetime": {"datetime": "2021-09-22 20:45:50", "elapsed": 480.987676, "delta": 2.153178}}
{"target": -26.055309923070432, "params": {"C": 8259.1036355205, "epsilon": 7.453988351939135, "gamma": 0.0040343248345430524}, "datetime": {"datetime": "2021-09-22 20:45:53", "elapsed": 483.691234, "delta": 2.703558}}
{"target": -183.01422978424364, "params": {"C": 12585.938892417435, "epsilon": 29.84670883547869, "gamma": 0.03190552111774495}, "datetime": {"datetime": "2021-09-22 20:45:55", "elapsed": 485.797944, "delta": 2.10671}}
{"target": -51.62803116176778, "params": {"C": 5618.922341436697, "epsilon": 23.842585242005647, "gamma": 0.007813513591376803}, "datetime": {"datetime": "2021-09-22 20:45:57", "elapsed": 487.724871, "delta": 1.926927}}
{"target": -251.6909531747075, "params": {"C": 17358.48917340072, "epsilon": 23.037745382753133, "gamma": 0.04377118530297087}, "datetime": {"datetime": "2021-09-22 20:45:58", "elapsed": 489.529546, "delta": 1.804675}}
{"target": -118.91368806090637, "params": {"C": 10843.380426024352, "epsilon": 22.4314516769179, "gamma": 0.020894969169694032}, "datetime": {"datetime": "2021-09-22 20:46:00", "elapsed": 491.344062, "delta": 1.814516}}
{"target": -23.141140026914574, "params": {"C": 13052.443411359087, "epsilon": 7.391020164493875, "gamma": 0.003554166762183057}, "datetime": {"datetime": "2021-09-22 20:46:03", "elapsed": 493.966063, "delta": 2.622001}}
{"target": -66.76407646718494, "params": {"C": 13940.186574475443, "epsilon": 25.669427917685688, "gamma": 0.010596733851362564}, "datetime": {"datetime": "2021-09-22 20:46:05", "elapsed": 496.456124, "delta": 2.490061}}
{"target": -248.2124453868785, "params": {"C": 9380.026753158527, "epsilon": 17.101422341412295, "gamma": 0.04342013940648409}, "datetime": {"datetime": "2021-09-22 20:46:07", "elapsed": 498.500124, "delta": 2.044}}
{"target": -223.25447322512147, "params": {"C": 11102.561361718635, "epsilon": 22.073132699779777, "gamma": 0.03900858534857747}, "datetime": {"datetime": "2021-09-22 20:46:10", "elapsed": 501.414732, "delta": 2.914608}}
{"target": -36.11711107921518, "params": {"C": 8259.769894238936, "epsilon": 8.557626445452279, "gamma": 0.00589938505681556}, "datetime": {"datetime": "2021-09-22 20:46:13", "elapsed": 503.904966, "delta": 2.490234}}
{"target": -282.84662294792065, "params": {"C": 5115.326028585257, "epsilon": 25.801838565745697, "gamma": 0.048752619475015635}, "datetime": {"datetime": "2021-09-22 20:46:15", "elapsed": 505.789619, "delta": 1.884653}}
{"target": -146.4340628750797, "params": {"C": 11870.30959887353, "epsilon": 20.034897048550626, "gamma": 0.02599977839261646}, "datetime": {"datetime": "2021-09-22 20:46:17", "elapsed": 507.752809, "delta": 1.96319}}
{"target": -51.57491683059911, "params": {"C": 15481.895704486906, "epsilon": 9.339972355064825, "gamma": 0.00889617917096574}, "datetime": {"datetime": "2021-09-22 20:46:20", "elapsed": 510.693422, "delta": 2.940613}}
{"target": -149.87663939647302, "params": {"C": 7510.234965551734, "epsilon": 12.018517312312424, "gamma": 0.026929654413189057}, "datetime": {"datetime": "2021-09-22 20:46:21", "elapsed": 512.556815, "delta": 1.863393}}
{"target": -154.80115171380237, "params": {"C": 14345.28493242082, "epsilon": 18.84077648751023, "gamma": 0.02753352391571128}, "datetime": {"datetime": "2021-09-22 20:46:23", "elapsed": 514.490791, "delta": 1.933976}}
{"target": -108.84931033316015, "params": {"C": 12977.809759379006, "epsilon": 4.031323823997352, "gamma": 0.020121957099359263}, "datetime": {"datetime": "2021-09-22 20:46:26", "elapsed": 517.028631, "delta": 2.53784}}
{"target": -237.67596097367363, "params": {"C": 8004.209875213392, "epsilon": 21.67667589617921, "gamma": 0.04148492933392026}, "datetime": {"datetime": "2021-09-22 20:46:28", "elapsed": 519.397345, "delta": 2.368714}}
{"target": -130.39935672903687, "params": {"C": 7618.687709710572, "epsilon": 13.544133619937602, "gamma": 0.023345346230227392}, "datetime": {"datetime": "2021-09-22 20:46:30", "elapsed": 521.234835, "delta": 1.83749}}
{"target": -189.3153456154761, "params": {"C": 5991.280994733451, "epsilon": 19.603038590037272, "gamma": 0.0333331029506307}, "datetime": {"datetime": "2021-09-22 20:46:32", "elapsed": 523.143635, "delta": 1.9088}}
{"target": -67.93981687902968, "params": {"C": 8260.075486452435, "epsilon": 8.465621241787584, "gamma": 0.011968767018475934}, "datetime": {"datetime": "2021-09-22 20:46:36", "elapsed": 526.748905, "delta": 3.60527}}
