{"target": -255.63517300212123, "params": {"C": 1170.9501385604765, "epsilon": 19.603038590037272, "gamma": 0.10023311301891731}, "datetime": {"datetime": "2021-09-22 19:17:03", "elapsed": 550.173069, "delta": 1.845017}}
{"target": -254.55385910020632, "params": {"C": 1737.7284245497049, "epsilon": 26.594182474057416, "gamma": 0.1116644299494266}, "datetime": {"datetime": "2021-09-22 19:17:07", "elapsed": 553.52504, "delta": 3.351971}}
{"target": -139.11983645660305, "params": {"C": 4617.844630893214, "epsilon": 16.316234538871022, "gamma": 0.0662666087321742}, "datetime": {"datetime": "2021-09-22 19:17:09", "elapsed": 555.4712, "delta": 1.94616}}
{"target": -117.47279239262127, "params": {"C": 4920.337367076384, "epsilon": 14.204704799395664, "gamma": 0.05579081358491344}, "datetime": {"datetime": "2021-09-22 19:17:12", "elapsed": 558.615451, "delta": 3.144251}}
{"target": -137.12709087907373, "params": {"C": 4555.387664346813, "epsilon": 16.08745148658727, "gamma": 0.0652191058247337}, "datetime": {"datetime": "2021-09-22 19:17:14", "elapsed": 560.570676, "delta": 1.955225}}
{"target": -197.42095511870906, "params": {"C": 4649.235594100633, "epsilon": 10.14363221518119, "gamma": 0.09668339503201649}, "datetime": {"datetime": "2021-09-22 19:17:17", "elapsed": 563.933209, "delta": 3.362533}}
{"target": -285.27567172851195, "params": {"C": 4486.520321430393, "epsilon": 18.86274658891615, "gamma": 0.13788056488874328}, "datetime": {"datetime": "2021-09-22 19:17:19", "elapsed": 566.416271, "delta": 2.483062}}
{"target": -135.90772965429122, "params": {"C": 3152.801670474195, "epsilon": 13.109471187597537, "gamma": 0.06120614449605205}, "datetime": {"datetime": "2021-09-22 19:17:21", "elapsed": 568.297412, "delta": 1.881141}}
{"target": -79.76999813344561, "params": {"C": 2594.3061062746565, "epsilon": 9.511513402158151, "gamma": 0.025287435496811894}, "datetime": {"datetime": "2021-09-22 19:17:23", "elapsed": 570.323856, "delta": 2.026444}}
{"target": -104.09544558318159, "params": {"C": 2536.583178521382, "epsilon": 5.56447972526586, "gamma": 0.039338230392617836}, "datetime": {"datetime": "2021-09-22 19:17:27", "elapsed": 573.526855, "delta": 3.202999}}
{"target": -303.0208631847362, "params": {"C": 1108.8996664170736, "epsilon": 9.008700532489225, "gamma": 0.12285531215807441}, "datetime": {"datetime": "2021-09-22 19:17:29", "elapsed": 575.831265, "delta": 2.30441}}
{"target": -498.8124289336019, "params": {"C": 7026.812223983127, "epsilon": 21.637702353920528, "gamma": 0.00011714478511999852}, "datetime": {"datetime": "2021-09-22 19:27:54", "elapsed": 0.0, "delta": 0.0}}
{"target": -43.351291545159185, "params": {"C": 6441.896120422383, "epsilon": 4.48800113543168, "gamma": 0.01394155535584279}, "datetime": {"datetime": "2021-09-22 19:27:55", "elapsed": 0.304994, "delta": 0.304994}}
{"target": -121.15653771616631, "params": {"C": 5849.927078026121, "epsilon": 10.432265738587127, "gamma": 0.05957544438717743}, "datetime": {"datetime": "2021-09-22 19:27:55", "elapsed": 0.657001, "delta": 0.352007}}
{"target": -207.74159269035192, "params": {"C": 7647.9653434171205, "epsilon": 12.633915980658514, "gamma": 0.10281440310947426}, "datetime": {"datetime": "2021-09-22 19:27:55", "elapsed": 0.891996, "delta": 0.234995}}
{"target": -29.81449968805085, "params": {"C": 5942.706473630738, "epsilon": 26.35571134808927, "gamma": 0.004205400220369132}, "datetime": {"datetime": "2021-09-22 19:27:55", "elapsed": 0.954994, "delta": 0.062998}}
{"target": -168.96708173741712, "params": {"C": 8319.384301909851, "epsilon": 12.577413590777095, "gamma": 0.08384760528401818}, "datetime": {"datetime": "2021-09-22 19:27:56", "elapsed": 1.245993, "delta": 0.290999}}
{"target": -301.83859496841114, "params": {"C": 6186.538364522113, "epsilon": 0.1, "gamma": 0.15}, "datetime": {"datetime": "2021-09-22 19:27:56", "elapsed": 1.691004, "delta": 0.445011}}
{"target": -65.8560106540615, "params": {"C": 5944.309303679211, "epsilon": 26.23663151534675, "gamma": 0.02387549339510207}, "datetime": {"datetime": "2021-09-22 19:27:56", "elapsed": 1.934004, "delta": 0.243}}
{"target": -171.5644969988201, "params": {"C": 5930.801272026725, "epsilon": 27.141874449628247, "gamma": 0.08077091028662874}, "datetime": {"datetime": "2021-09-22 19:27:56", "elapsed": 2.175037, "delta": 0.241033}}
{"target": -58.83814627683554, "params": {"C": 5937.624019064285, "epsilon": 18.159691285061367, "gamma": 0.021166568660412013}, "datetime": {"datetime": "2021-09-22 19:27:57", "elapsed": 2.510998, "delta": 0.335961}}
{"target": -282.5995265970503, "params": {"C": 6440.601037855048, "epsilon": 15.217258721019244, "gamma": 0.138204791449911}, "datetime": {"datetime": "2021-09-22 19:27:57", "elapsed": 2.899994, "delta": 0.388996}}
{"target": -268.4545026208694, "params": {"C": 6447.227140019731, "epsilon": 0.41082294176616496, "gamma": 0.13405044365529944}, "datetime": {"datetime": "2021-09-22 19:27:58", "elapsed": 3.369997, "delta": 0.470003}}
{"target": -299.2180656168149, "params": {"C": 5941.886178519417, "epsilon": 21.65919629056698, "gamma": 0.14491443549014457}, "datetime": {"datetime": "2021-09-22 19:27:58", "elapsed": 3.608996, "delta": 0.238999}}
{"target": -196.13752009947757, "params": {"C": 5942.817869550032, "epsilon": 28.22990132188933, "gamma": 0.09216211325935124}, "datetime": {"datetime": "2021-09-22 19:27:58", "elapsed": 3.821038, "delta": 0.212042}}
{"target": -51.10889921387009, "params": {"C": 5936.710697293, "epsilon": 20.576882820942547, "gamma": 0.015275068717463846}, "datetime": {"datetime": "2021-09-22 19:27:58", "elapsed": 4.027001, "delta": 0.205963}}
{"target": -117.18479577559103, "params": {"C": 6442.775340938462, "epsilon": 2.2589155224130146, "gamma": 0.059448815247326516}, "datetime": {"datetime": "2021-09-22 19:27:59", "elapsed": 4.607001, "delta": 0.58}}
{"target": -277.8832664783859, "params": {"C": 6443.257438517568, "epsilon": 6.049789269819789, "gamma": 0.13765343215942477}, "datetime": {"datetime": "2021-09-22 19:27:59", "elapsed": 4.87, "delta": 0.262999}}
{"target": -183.34294388715284, "params": {"C": 5935.554584408164, "epsilon": 19.744133395363402, "gamma": 0.08830983925677897}, "datetime": {"datetime": "2021-09-22 19:27:59", "elapsed": 5.188004, "delta": 0.318004}}
{"target": -54.78940436577634, "params": {"C": 5939.331969907548, "epsilon": 19.47736064587512, "gamma": 0.018086554118315855}, "datetime": {"datetime": "2021-09-22 19:28:00", "elapsed": 5.633995, "delta": 0.445991}}
{"target": -209.82334716379634, "params": {"C": 6440.228059130726, "epsilon": 2.2507423884037983, "gamma": 0.10585092472185824}, "datetime": {"datetime": "2021-09-22 19:28:00", "elapsed": 6.048034, "delta": 0.414039}}
{"target": -49.82563373588253, "params": {"C": 5940.315464920339, "epsilon": 26.39171026042246, "gamma": 0.013123126105393415}, "datetime": {"datetime": "2021-09-22 19:28:01", "elapsed": 6.270036, "delta": 0.222002}}
{"target": -92.85095070771663, "params": {"C": 5943.1364543645495, "epsilon": 24.5777137449951, "gamma": 0.04060963432636189}, "datetime": {"datetime": "2021-09-22 19:28:01", "elapsed": 6.599031, "delta": 0.328995}}
{"target": -73.36632048504565, "params": {"C": 5937.478488912909, "epsilon": 21.552931798793328, "gamma": 0.030012010708283462}, "datetime": {"datetime": "2021-09-22 19:28:01", "elapsed": 7.018037, "delta": 0.419006}}
{"target": -111.5619879441011, "params": {"C": 5940.382253146786, "epsilon": 17.27850771727506, "gamma": 0.052647636715237166}, "datetime": {"datetime": "2021-09-22 19:28:02", "elapsed": 7.399031, "delta": 0.380994}}
{"target": -288.4413790780718, "params": {"C": 6439.086143982714, "epsilon": 5.497426317873709, "gamma": 0.14278851149554891}, "datetime": {"datetime": "2021-09-22 19:28:02", "elapsed": 7.692036, "delta": 0.293005}}
{"target": -67.8310198736132, "params": {"C": 5937.332934814317, "epsilon": 26.137532296632425, "gamma": 0.025294493495357288}, "datetime": {"datetime": "2021-09-22 19:28:02", "elapsed": 7.967994, "delta": 0.275958}}
{"target": -62.208484742268055, "params": {"C": 5938.730622881523, "epsilon": 25.48855476382268, "gamma": 0.02148294309096936}, "datetime": {"datetime": "2021-09-22 19:28:03", "elapsed": 8.209998, "delta": 0.242004}}
{"target": -108.68102587230665, "params": {"C": 5934.496044445098, "epsilon": 26.1279613646149, "gamma": 0.04865052441113808}, "datetime": {"datetime": "2021-09-22 19:28:03", "elapsed": 8.593003, "delta": 0.383005}}
{"target": -106.04729752001658, "params": {"C": 5935.2123582354825, "epsilon": 29.862354477759823, "gamma": 0.0460986269539449}, "datetime": {"datetime": "2021-09-22 19:28:03", "elapsed": 8.844996, "delta": 0.251993}}
{"target": -176.42611775568858, "params": {"C": 5937.879878098738, "epsilon": 28.53253645589789, "gamma": 0.08274213419082715}, "datetime": {"datetime": "2021-09-22 19:28:03", "elapsed": 9.076991, "delta": 0.231995}}
{"target": -91.47219581729492, "params": {"C": 5938.871759459838, "epsilon": 15.440637117309947, "gamma": 0.04171966317525724}, "datetime": {"datetime": "2021-09-22 19:28:04", "elapsed": 9.432036, "delta": 0.355045}}
{"target": -50.982337746712986, "params": {"C": 5935.280567787255, "epsilon": 23.06612391131337, "gamma": 0.014688815453510664}, "datetime": {"datetime": "2021-09-22 19:28:04", "elapsed": 9.684522, "delta": 0.252486}}
{"target": -180.19860506296166, "params": {"C": 5932.532442489299, "epsilon": 23.205491075025332, "gamma": 0.0858425334459075}, "datetime": {"datetime": "2021-09-22 19:28:04", "elapsed": 9.945512, "delta": 0.26099}}
{"target": -220.45846458653457, "params": {"C": 5937.072996915303, "epsilon": 13.551679271774482, "gamma": 0.10841680550803502}, "datetime": {"datetime": "2021-09-22 19:28:05", "elapsed": 10.261737, "delta": 0.316225}}
{"target": -290.9619158202179, "params": {"C": 5936.570844291016, "epsilon": 24.225471997026876, "gamma": 0.14018925670590604}, "datetime": {"datetime": "2021-09-22 19:28:05", "elapsed": 10.538697, "delta": 0.27696}}
{"target": -41.647345739523374, "params": {"C": 5941.475665666973, "epsilon": 27.37795765789368, "gamma": 0.008481592845352754}, "datetime": {"datetime": "2021-09-22 19:28:05", "elapsed": 10.758695, "delta": 0.219998}}
{"target": -145.78250502780568, "params": {"C": 5938.511231896934, "epsilon": 20.391258919442752, "gamma": 0.06986648154157463}, "datetime": {"datetime": "2021-09-22 19:28:05", "elapsed": 11.055737, "delta": 0.297042}}
{"target": -41.51086915370818, "params": {"C": 5934.218581928833, "epsilon": 28.405994837536443, "gamma": 0.008234385073574664}, "datetime": {"datetime": "2021-09-22 19:28:06", "elapsed": 11.275694, "delta": 0.219957}}
{"target": -56.58132599109553, "params": {"C": 5932.784703187263, "epsilon": 26.96009808056302, "gamma": 0.017284229130243026}, "datetime": {"datetime": "2021-09-22 19:28:06", "elapsed": 11.637155, "delta": 0.361461}}
{"target": -29.911699596342405, "params": {"C": 5942.293404524086, "epsilon": 25.739762252589667, "gamma": 0.0042940788874727305}, "datetime": {"datetime": "2021-09-22 19:28:06", "elapsed": 11.847163, "delta": 0.210008}}
{"target": -107.16116585191408, "params": {"C": 5932.834677904402, "epsilon": 28.448920392085444, "gamma": 0.047099539769229114}, "datetime": {"datetime": "2021-09-22 19:28:06", "elapsed": 12.174157, "delta": 0.326994}}
{"target": -44.26435537752224, "params": {"C": 5938.656485828336, "epsilon": 17.50945881458582, "gamma": 0.011698157467819699}, "datetime": {"datetime": "2021-09-22 19:28:07", "elapsed": 12.461198, "delta": 0.287041}}
{"target": -70.07734755452243, "params": {"C": 5848.559757325072, "epsilon": 8.078058655994296, "gamma": 0.03036533481742175}, "datetime": {"datetime": "2021-09-22 19:28:07", "elapsed": 12.967157, "delta": 0.505959}}
{"target": -76.02936067101433, "params": {"C": 5936.86137564085, "epsilon": 16.586536762377648, "gamma": 0.032625585967198875}, "datetime": {"datetime": "2021-09-22 19:28:08", "elapsed": 13.476671, "delta": 0.509514}}
{"target": -92.33672198769833, "params": {"C": 5935.276164673736, "epsilon": 21.78933361985711, "gamma": 0.04103113242833818}, "datetime": {"datetime": "2021-09-22 19:28:08", "elapsed": 13.948713, "delta": 0.472042}}
{"target": -246.87438790138464, "params": {"C": 5846.4870569897585, "epsilon": 9.481246477602808, "gamma": 0.12232909058014578}, "datetime": {"datetime": "2021-09-22 19:28:09", "elapsed": 14.301715, "delta": 0.353002}}
{"target": -230.6287167242098, "params": {"C": 5849.571620581241, "epsilon": 5.672798597017874, "gamma": 0.11515215209761888}, "datetime": {"datetime": "2021-09-22 19:28:09", "elapsed": 14.66167, "delta": 0.359955}}
{"target": -247.87796816333577, "params": {"C": 5938.971485498609, "epsilon": 26.58224010570039, "gamma": 0.11843424737439895}, "datetime": {"datetime": "2021-09-22 19:28:09", "elapsed": 14.93471, "delta": 0.27304}}
{"target": -155.44397596760814, "params": {"C": 5942.522391717166, "epsilon": 14.795769181663697, "gamma": 0.07597754912297551}, "datetime": {"datetime": "2021-09-22 19:28:10", "elapsed": 15.290268, "delta": 0.355558}}
{"target": -246.70328756430197, "params": {"C": 5933.489985436069, "epsilon": 27.611298227301926, "gamma": 0.1175654079328501}, "datetime": {"datetime": "2021-09-22 19:28:10", "elapsed": 15.571397, "delta": 0.281129}}
{"target": -243.61484141521422, "params": {"C": 5937.820948202335, "epsilon": 18.273607645593675, "gamma": 0.11845827061341692}, "datetime": {"datetime": "2021-09-22 19:28:10", "elapsed": 15.859364, "delta": 0.287967}}
{"target": -94.64097497501454, "params": {"C": 5325.918566797748, "epsilon": 6.147833385491696, "gamma": 0.04474363597997814}, "datetime": {"datetime": "2021-09-22 19:28:11", "elapsed": 16.356397, "delta": 0.497033}}
{"target": -52.97652374189445, "params": {"C": 5239.628161787059, "epsilon": 15.307638194571071, "gamma": 0.016322007431433}, "datetime": {"datetime": "2021-09-22 19:28:11", "elapsed": 16.711363, "delta": 0.354966}}
{"target": -130.70846181090937, "params": {"C": 6730.202789517851, "epsilon": 4.054812378308467, "gamma": 0.0666604353238281}, "datetime": {"datetime": "2021-09-22 19:28:12", "elapsed": 17.25536, "delta": 0.543997}}
{"target": -191.95374231352608, "params": {"C": 8242.086685616614, "epsilon": 7.554185276988381, "gamma": 0.09646328822369091}, "datetime": {"datetime": "2021-09-22 19:28:12", "elapsed": 17.708436, "delta": 0.453076}}
{"target": -282.4751018232634, "params": {"C": 9959.014450276434, "epsilon": 25.747870366431812, "gamma": 0.13571185230504315}, "datetime": {"datetime": "2021-09-22 19:28:12", "elapsed": 17.984478, "delta": 0.276042}}
{"target": -80.1242520328239, "params": {"C": 7221.509505465513, "epsilon": 15.305990333140256, "gamma": 0.03645904820088211}, "datetime": {"datetime": "2021-09-22 19:28:13", "elapsed": 18.821446, "delta": 0.836968}}
{"target": -306.31174943402004, "params": {"C": 5115.2399722097, "epsilon": 19.763448844370462, "gamma": 0.14867638969410815}, "datetime": {"datetime": "2021-09-22 19:28:13", "elapsed": 19.120445, "delta": 0.298999}}
{"target": -260.9601767748022, "params": {"C": 5199.292092972021, "epsilon": 0.5066432776512192, "gamma": 0.12995236835565116}, "datetime": {"datetime": "2021-09-22 19:28:14", "elapsed": 19.495436, "delta": 0.374991}}
{"target": -303.3676936140405, "params": {"C": 5454.061655093088, "epsilon": 24.480838325211895, "gamma": 0.14619697609244647}, "datetime": {"datetime": "2021-09-22 19:28:14", "elapsed": 19.780437, "delta": 0.285001}}
{"target": -121.59036211315815, "params": {"C": 9345.909709322641, "epsilon": 5.439995641394417, "gamma": 0.0628760516641014}, "datetime": {"datetime": "2021-09-22 19:28:15", "elapsed": 20.572438, "delta": 0.792001}}
{"target": -203.72520292407762, "params": {"C": 5266.751987919707, "epsilon": 4.767606599133359, "gamma": 0.10165467500257633}, "datetime": {"datetime": "2021-09-22 19:28:15", "elapsed": 20.983479, "delta": 0.411041}}
{"target": -174.46311995416704, "params": {"C": 8099.951163757008, "epsilon": 8.829011859891255, "gamma": 0.08762330936454706}, "datetime": {"datetime": "2021-09-22 19:28:16", "elapsed": 21.48748, "delta": 0.504001}}
{"target": -152.29480613635207, "params": {"C": 7794.516019305425, "epsilon": 8.332228688445435, "gamma": 0.07691492388975933}, "datetime": {"datetime": "2021-09-22 19:28:16", "elapsed": 22.020537, "delta": 0.533057}}
{"target": -30.67016376823018, "params": {"C": 9757.925599698077, "epsilon": 7.532669979232977, "gamma": 0.008288917986063436}, "datetime": {"datetime": "2021-09-22 19:28:17", "elapsed": 22.427695, "delta": 0.407158}}
{"target": -206.6757075500179, "params": {"C": 6212.239067338933, "epsilon": 22.271064849419382, "gamma": 0.09918712402800203}, "datetime": {"datetime": "2021-09-22 19:28:17", "elapsed": 22.787648, "delta": 0.359953}}
{"target": -99.89711199871417, "params": {"C": 4986.75378533488, "epsilon": 8.870336921082563, "gamma": 0.0468088017957367}, "datetime": {"datetime": "2021-09-22 19:28:18", "elapsed": 23.30569, "delta": 0.518042}}
{"target": -60.93595998672695, "params": {"C": 5339.865514278578, "epsilon": 16.461455931133315, "gamma": 0.021840221829800558}, "datetime": {"datetime": "2021-09-22 19:28:18", "elapsed": 23.714715, "delta": 0.409025}}
{"target": -211.94028773558034, "params": {"C": 6580.166583101509, "epsilon": 21.4290014290743, "gamma": 0.10217168367698265}, "datetime": {"datetime": "2021-09-22 19:28:18", "elapsed": 24.026948, "delta": 0.312233}}
{"target": -43.579629102816234, "params": {"C": 9887.631019222117, "epsilon": 4.621498890686551, "gamma": 0.01801995438227619}, "datetime": {"datetime": "2021-09-22 19:28:19", "elapsed": 24.859948, "delta": 0.833}}
{"target": -60.82380407001884, "params": {"C": 6971.25794656033, "epsilon": 3.0799701929603662, "gamma": 0.026474925514322713}, "datetime": {"datetime": "2021-09-22 19:28:20", "elapsed": 25.94094, "delta": 1.080992}}
{"target": -166.37119755201897, "params": {"C": 5841.775081535109, "epsilon": 26.901535658733405, "gamma": 0.07832071606717424}, "datetime": {"datetime": "2021-09-22 19:28:21", "elapsed": 26.350983, "delta": 0.410043}}
{"target": -91.91739704756391, "params": {"C": 6008.375883580675, "epsilon": 8.523916051347513, "gamma": 0.04364093817972585}, "datetime": {"datetime": "2021-09-22 19:28:21", "elapsed": 26.927335, "delta": 0.576352}}
{"target": -289.73917828903046, "params": {"C": 5681.9193524815355, "epsilon": 0.5548565857857983, "gamma": 0.14398297067526766}, "datetime": {"datetime": "2021-09-22 19:28:22", "elapsed": 27.355788, "delta": 0.428453}}
{"target": -130.88464129086844, "params": {"C": 7479.184569691604, "epsilon": 29.699469238863987, "gamma": 0.0604269488127826}, "datetime": {"datetime": "2021-09-22 19:28:22", "elapsed": 27.728206, "delta": 0.372418}}
{"target": -221.11030698136548, "params": {"C": 9093.375323619086, "epsilon": 14.349584627930955, "gamma": 0.10899520453247906}, "datetime": {"datetime": "2021-09-22 19:28:22", "elapsed": 28.163107, "delta": 0.434901}}
{"target": -182.33763207595183, "params": {"C": 7237.523033062733, "epsilon": 29.08151949043668, "gamma": 0.08539970544087495}, "datetime": {"datetime": "2021-09-22 19:28:23", "elapsed": 28.505477, "delta": 0.34237}}
{"target": -56.4190425523787, "params": {"C": 6905.335535271059, "epsilon": 20.52800581691022, "gamma": 0.02081543034676401}, "datetime": {"datetime": "2021-09-22 19:28:23", "elapsed": 28.949221, "delta": 0.443744}}
{"target": -31.272800804574032, "params": {"C": 5585.7848380461255, "epsilon": 28.165264017833984, "gamma": 0.0015197377058070798}, "datetime": {"datetime": "2021-09-22 19:28:23", "elapsed": 29.19287, "delta": 0.243649}}
{"target": -197.67418828150315, "params": {"C": 6521.997548214742, "epsilon": 24.202086328441354, "gamma": 0.09416176544987483}, "datetime": {"datetime": "2021-09-22 19:28:24", "elapsed": 29.562866, "delta": 0.369996}}
{"target": -158.61480054639424, "params": {"C": 5801.5461381489495, "epsilon": 6.355479650325365, "gamma": 0.07963700411883746}, "datetime": {"datetime": "2021-09-22 19:28:24", "elapsed": 30.068676, "delta": 0.50581}}
{"target": -163.23301894100229, "params": {"C": 9109.60612166207, "epsilon": 3.6847673913331076, "gamma": 0.0837904975649257}, "datetime": {"datetime": "2021-09-22 19:28:25", "elapsed": 30.647389, "delta": 0.578713}}
{"target": -279.7511014520161, "params": {"C": 8521.895995460029, "epsilon": 13.74335316284409, "gamma": 0.137365988385056}, "datetime": {"datetime": "2021-09-22 19:28:25", "elapsed": 31.014223, "delta": 0.366834}}
{"target": -288.8281010713823, "params": {"C": 7508.078815306831, "epsilon": 21.35161599374338, "gamma": 0.13996241016991823}, "datetime": {"datetime": "2021-09-22 19:28:26", "elapsed": 31.379776, "delta": 0.365553}}
{"target": -189.83060404242323, "params": {"C": 7938.288672945961, "epsilon": 28.5173904491479, "gamma": 0.08915734815886989}, "datetime": {"datetime": "2021-09-22 19:28:26", "elapsed": 31.764025, "delta": 0.384249}}
{"target": -170.14165016486203, "params": {"C": 9138.586556509461, "epsilon": 25.225868774254252, "gamma": 0.08066959623729093}, "datetime": {"datetime": "2021-09-22 19:28:26", "elapsed": 32.163067, "delta": 0.399042}}
{"target": -52.183163448042436, "params": {"C": 5053.940095898167, "epsilon": 7.360574157676782, "gamma": 0.016917476034854082}, "datetime": {"datetime": "2021-09-22 19:28:27", "elapsed": 32.679421, "delta": 0.516354}}
{"target": -236.73861750390736, "params": {"C": 8942.372448625143, "epsilon": 4.313003497692623, "gamma": 0.11886001395083465}, "datetime": {"datetime": "2021-09-22 19:28:27", "elapsed": 33.133239, "delta": 0.453818}}
{"target": -124.83539324583873, "params": {"C": 8339.15191689868, "epsilon": 22.172183143200133, "gamma": 0.05978323355409941}, "datetime": {"datetime": "2021-09-22 19:28:28", "elapsed": 33.609, "delta": 0.475761}}
{"target": -56.10467668665604, "params": {"C": 6889.054734394484, "epsilon": 1.155180940847281, "gamma": 0.023312063919558427}, "datetime": {"datetime": "2021-09-22 19:28:29", "elapsed": 34.370311, "delta": 0.761311}}
