{"target": -363.65461569913236, "params": {"C": 4080.8230584862545, "epsilon": 14.97702358518571, "gamma": 0.06343153428875689}, "datetime": {"datetime": "2021-09-22 20:20:46", "elapsed": 315.351815, "delta": 1.37037}}
{"target": -1153.35801989714, "params": {"C": 4089.5995038013493, "epsilon": 26.35382393874526, "gamma": 0.23759450491262407}, "datetime": {"datetime": "2021-09-22 20:20:48", "elapsed": 317.002653, "delta": 1.650838}}
{"target": -1069.4224732198406, "params": {"C": 1671.0854236873352, "epsilon": 7.095808685413996, "gamma": 0.18507520485593212}, "datetime": {"datetime": "2021-09-22 20:20:49", "elapsed": 318.655568, "delta": 1.652915}}
{"target": -1227.2504991803942, "params": {"C": 19787.54684088681, "epsilon": 27.236363082373956, "gamma": 0.27137608528414686}, "datetime": {"datetime": "2021-09-22 20:20:51", "elapsed": 320.625483, "delta": 1.969915}}
{"target": -1068.7117741294917, "params": {"C": 8340.578289562818, "epsilon": 22.365457581267524, "gamma": 0.20842662270054865}, "datetime": {"datetime": "2021-09-22 20:20:53", "elapsed": 322.243014, "delta": 1.617531}}
{"target": -1400.1016677601617, "params": {"C": 9179.535039059692, "epsilon": 19.91105587573525, "gamma": 0.41211021733165787}, "datetime": {"datetime": "2021-09-22 20:20:54", "elapsed": 323.652274, "delta": 1.40926}}
{"target": -1450.1634312052643, "params": {"C": 8340.853662460402, "epsilon": 21.81589063705343, "gamma": 0.4899077916797287}, "datetime": {"datetime": "2021-09-22 20:20:57", "elapsed": 325.854012, "delta": 2.201738}}
{"target": -904.3085604474255, "params": {"C": 1576.2428691167722, "epsilon": 11.392679261658751, "gamma": 0.14846068852726324}, "datetime": {"datetime": "2021-09-22 20:20:58", "elapsed": 327.511087, "delta": 1.657075}}
{"target": -403.5268059285904, "params": {"C": 14392.30268531552, "epsilon": 23.01102338189183, "gamma": 0.0711816781986366}, "datetime": {"datetime": "2021-09-22 20:21:00", "elapsed": 328.942661, "delta": 1.431574}}
{"target": -1379.7135156189684, "params": {"C": 18123.52148203362, "epsilon": 14.028666540806931, "gamma": 0.3880419714322966}, "datetime": {"datetime": "2021-09-22 20:21:01", "elapsed": 330.531907, "delta": 1.589246}}
{"target": -918.5440727107795, "params": {"C": 4347.20448983808, "epsilon": 9.613352894979448, "gamma": 0.16888537105409632}, "datetime": {"datetime": "2021-09-22 20:21:03", "elapsed": 332.351111, "delta": 1.819204}}
{"target": -1413.8977576870416, "params": {"C": 4263.11027865407, "epsilon": 11.078295759140047, "gamma": 0.4320043782758883}, "datetime": {"datetime": "2021-09-22 20:21:05", "elapsed": 333.81567, "delta": 1.464559}}
{"target": -20.017986398835365, "params": {"C": 12280.273155252316, "epsilon": 7.25664021181537, "gamma": 0.0030057933980087524}, "datetime": {"datetime": "2021-09-22 20:21:07", "elapsed": 336.256902, "delta": 2.441232}}
{"target": -1381.6693226112338, "params": {"C": 13456.778463527833, "epsilon": 8.276204502795444, "gamma": 0.39089982610616686}, "datetime": {"datetime": "2021-09-22 20:21:09", "elapsed": 338.099074, "delta": 1.842172}}
{"target": -1534.296121676904, "params": {"C": 1186.933682439393, "epsilon": 28.60810508586095, "gamma": 0.4804047957614366}, "datetime": {"datetime": "2021-09-22 20:21:10", "elapsed": 339.632585, "delta": 1.533511}}
{"target": -335.6214030453889, "params": {"C": 3508.7492622636814, "epsilon": 4.851604785621587, "gamma": 0.0580539440139078}, "datetime": {"datetime": "2021-09-22 20:21:12", "elapsed": 341.435727, "delta": 1.803142}}
{"target": -846.150067170462, "params": {"C": 4742.244092037089, "epsilon": 26.81480477016776, "gamma": 0.151955329817781}, "datetime": {"datetime": "2021-09-22 20:21:14", "elapsed": 343.106115, "delta": 1.670388}}
{"target": -857.3807575853252, "params": {"C": 7693.141903391099, "epsilon": 9.35466110100046, "gamma": 0.15531147374800666}, "datetime": {"datetime": "2021-09-22 20:21:15", "elapsed": 344.603289, "delta": 1.497174}}
{"target": -1435.5761562549803, "params": {"C": 4019.881683331063, "epsilon": 12.74312900832715, "gamma": 0.46511272891987226}, "datetime": {"datetime": "2021-09-22 20:21:17", "elapsed": 346.060757, "delta": 1.457468}}
{"target": -1439.0748213417355, "params": {"C": 18249.72249776604, "epsilon": 5.019093451021446, "gamma": 0.4727767254264754}, "datetime": {"datetime": "2021-09-22 20:21:18", "elapsed": 347.445133, "delta": 1.384376}}
{"target": -392.9783418997517, "params": {"C": 3317.091248582565, "epsilon": 25.59214998255739, "gamma": 0.06821512225991529}, "datetime": {"datetime": "2021-09-22 20:21:20", "elapsed": 349.039009, "delta": 1.593876}}
{"target": -1089.57924816723, "params": {"C": 7464.444228749086, "epsilon": 23.536642119435996, "gamma": 0.214904046574624}, "datetime": {"datetime": "2021-09-22 20:21:22", "elapsed": 351.12712, "delta": 2.088111}}
{"target": -1451.0059029762276, "params": {"C": 8916.029191602227, "epsilon": 6.542309980681554, "gamma": 0.49399147662249016}, "datetime": {"datetime": "2021-09-22 20:21:23", "elapsed": 352.62554, "delta": 1.49842}}
{"target": -1424.0100109719926, "params": {"C": 4966.017145998425, "epsilon": 19.958324909727438, "gamma": 0.4458770392052903}, "datetime": {"datetime": "2021-09-22 20:21:25", "elapsed": 354.08962, "delta": 1.46408}}
{"target": -412.1337140588086, "params": {"C": 6566.182692944547, "epsilon": 12.56930795454397, "gamma": 0.07325814424246778}, "datetime": {"datetime": "2021-09-22 20:21:27", "elapsed": 356.23251, "delta": 2.14289}}
{"target": -719.7349309547254, "params": {"C": 6729.432649517854, "epsilon": 28.46772279820184, "gamma": 0.12774589949778284}, "datetime": {"datetime": "2021-09-22 20:21:28", "elapsed": 357.694259, "delta": 1.461749}}
{"target": -363.51170315129735, "params": {"C": 1576.7973800289774, "epsilon": 12.338647240778393, "gamma": 0.05744838684270681}, "datetime": {"datetime": "2021-09-22 20:21:30", "elapsed": 359.430953, "delta": 1.736694}}
{"target": -78.30247279128919, "params": {"C": 12908.078202488556, "epsilon": 27.04709249136954, "gamma": 0.012662035767374399}, "datetime": {"datetime": "2021-09-22 20:21:32", "elapsed": 361.329475, "delta": 1.898522}}
{"target": -269.91692388456727, "params": {"C": 6566.715509675396, "epsilon": 13.101428198744793, "gamma": 0.04720525321574606}, "datetime": {"datetime": "2021-09-22 20:21:34", "elapsed": 363.256703, "delta": 1.927228}}
{"target": -588.4949850756462, "params": {"C": 14720.948551615975, "epsilon": 20.899855134906858, "gamma": 0.10587372759691402}, "datetime": {"datetime": "2021-09-22 20:21:36", "elapsed": 364.763799, "delta": 1.507096}}
{"target": -1208.7176629674461, "params": {"C": 14175.584410928597, "epsilon": 0.6579518224487944, "gamma": 0.26393481310303374}, "datetime": {"datetime": "2021-09-22 20:21:37", "elapsed": 366.304627, "delta": 1.540828}}
{"target": -113.40083006586114, "params": {"C": 18084.140620397746, "epsilon": 1.495515190951151, "gamma": 0.02116605965884267}, "datetime": {"datetime": "2021-09-22 20:21:40", "elapsed": 369.081258, "delta": 2.776631}}
{"target": -243.67008287674187, "params": {"C": 10286.115749198307, "epsilon": 9.209107720235075, "gamma": 0.04293595698234497}, "datetime": {"datetime": "2021-09-22 20:21:41", "elapsed": 370.635192, "delta": 1.553934}}
{"target": -1157.6523436345906, "params": {"C": 4078.318654986107, "epsilon": 27.398920506901668, "gamma": 0.23923763478535237}, "datetime": {"datetime": "2021-09-22 20:21:44", "elapsed": 373.528573, "delta": 2.893381}}
{"target": -1406.6096514691285, "params": {"C": 1953.728280414718, "epsilon": 26.039025343567364, "gamma": 0.3609052515159436}, "datetime": {"datetime": "2021-09-22 20:21:46", "elapsed": 375.338003, "delta": 1.80943}}
{"target": -115.81417866769671, "params": {"C": 5482.828467835891, "epsilon": 21.171682273243423, "gamma": 0.020112855300295274}, "datetime": {"datetime": "2021-09-22 20:21:48", "elapsed": 377.414233, "delta": 2.07623}}
{"target": -1051.9145665732328, "params": {"C": 14162.813584648395, "epsilon": 20.870631538896767, "gamma": 0.20337630793361522}, "datetime": {"datetime": "2021-09-22 20:21:51", "elapsed": 380.241102, "delta": 2.826869}}
{"target": -293.0260619707367, "params": {"C": 5157.776464287437, "epsilon": 2.06054564509875, "gamma": 0.05138692138470781}, "datetime": {"datetime": "2021-09-22 20:21:53", "elapsed": 381.887856, "delta": 1.646754}}
{"target": -799.4600269038102, "params": {"C": 11951.079536337393, "epsilon": 4.752391841655475, "gamma": 0.1438491933125263}, "datetime": {"datetime": "2021-09-22 20:21:55", "elapsed": 383.706688, "delta": 1.818832}}
{"target": -1081.7856223331833, "params": {"C": 4090.4640570084166, "epsilon": 24.86156801993673, "gamma": 0.2123272915794274}, "datetime": {"datetime": "2021-09-22 20:21:57", "elapsed": 386.331684, "delta": 2.624996}}
{"target": -1351.5737546227995, "params": {"C": 3316.6689346444473, "epsilon": 25.54895507152442, "gamma": 0.3539835747804401}, "datetime": {"datetime": "2021-09-22 20:22:00", "elapsed": 388.998321, "delta": 2.666637}}
{"target": -278.51282470211373, "params": {"C": 11216.545317879634, "epsilon": 16.627581227205606, "gamma": 0.04854091017612935}, "datetime": {"datetime": "2021-09-22 20:22:02", "elapsed": 391.158437, "delta": 2.160116}}
{"target": -883.4465944248648, "params": {"C": 1725.6375250671663, "epsilon": 17.28464422491314, "gamma": 0.14777494792680296}, "datetime": {"datetime": "2021-09-22 20:22:04", "elapsed": 392.928379, "delta": 1.769942}}
{"target": -1455.1191335770757, "params": {"C": 8341.621603950003, "epsilon": 22.185885785775497, "gamma": 0.49910484163760943}, "datetime": {"datetime": "2021-09-22 20:22:06", "elapsed": 395.44493, "delta": 2.516551}}
{"target": -1362.2772141303078, "params": {"C": 11716.865414496948, "epsilon": 15.887281517998602, "gamma": 0.36919596476055827}, "datetime": {"datetime": "2021-09-22 20:22:08", "elapsed": 397.239205, "delta": 1.794275}}
{"target": -600.0709404968078, "params": {"C": 10099.173938518477, "epsilon": 23.403469740141972, "gamma": 0.10767239032298376}, "datetime": {"datetime": "2021-09-22 20:22:10", "elapsed": 399.230409, "delta": 1.991204}}
{"target": -332.64796840168765, "params": {"C": 19509.749482353156, "epsilon": 8.106893126065813, "gamma": 0.05846112587790344}, "datetime": {"datetime": "2021-09-22 20:22:12", "elapsed": 401.49701, "delta": 2.266601}}
{"target": -475.48380010290515, "params": {"C": 4219.266204964698, "epsilon": 4.783335475070204, "gamma": 0.08598468707364576}, "datetime": {"datetime": "2021-09-22 20:22:14", "elapsed": 403.36523, "delta": 1.86822}}
{"target": -1392.9888982147402, "params": {"C": 9965.689595729173, "epsilon": 23.293391355231105, "gamma": 0.4027595105489072}, "datetime": {"datetime": "2021-09-22 20:22:16", "elapsed": 405.232804, "delta": 1.867574}}
{"target": -198.32013107570432, "params": {"C": 18084.598557660356, "epsilon": 1.1397081672373444, "gamma": 0.03571684815147569}, "datetime": {"datetime": "2021-09-22 20:22:18", "elapsed": 407.247158, "delta": 2.014354}}
{"target": -1195.5354253374035, "params": {"C": 2719.18084614675, "epsilon": 0.7033487991698623, "gamma": 0.2500861413251137}, "datetime": {"datetime": "2021-09-22 20:22:21", "elapsed": 409.773514, "delta": 2.526356}}
{"target": -946.3037217980097, "params": {"C": 11964.458959248033, "epsilon": 3.850574255234865, "gamma": 0.17585077880384836}, "datetime": {"datetime": "2021-09-22 20:22:23", "elapsed": 412.15951, "delta": 2.385996}}
{"target": -1336.9212533341552, "params": {"C": 5319.394712747294, "epsilon": 18.128077975794398, "gamma": 0.34525420357942266}, "datetime": {"datetime": "2021-09-22 20:22:25", "elapsed": 414.222094, "delta": 2.062584}}
{"target": -854.7010984999541, "params": {"C": 17122.525206833438, "epsilon": 24.077702109178368, "gamma": 0.15390521448544633}, "datetime": {"datetime": "2021-09-22 20:22:27", "elapsed": 416.318855, "delta": 2.096761}}
{"target": -1382.3720582584479, "params": {"C": 8738.927164612185, "epsilon": 5.384670964059864, "gamma": 0.3920214035983893}, "datetime": {"datetime": "2021-09-22 20:22:29", "elapsed": 418.691002, "delta": 2.372147}}
{"target": -1311.3286444342637, "params": {"C": 14246.270685626709, "epsilon": 12.701099723912717, "gamma": 0.32510205542495346}, "datetime": {"datetime": "2021-09-22 20:22:31", "elapsed": 420.433785, "delta": 1.742783}}
{"target": -1352.3083267725317, "params": {"C": 17827.12031609533, "epsilon": 28.451793175749327, "gamma": 0.35816808574195413}, "datetime": {"datetime": "2021-09-22 20:22:33", "elapsed": 422.181904, "delta": 1.748119}}
{"target": -1313.4119285321685, "params": {"C": 15352.828290940957, "epsilon": 8.088196106479582, "gamma": 0.3271070394253226}, "datetime": {"datetime": "2021-09-22 20:22:35", "elapsed": 424.418733, "delta": 2.236829}}
{"target": -1413.3541317590427, "params": {"C": 9004.953479275542, "epsilon": 26.41420558024871, "gamma": 0.42922884261159217}, "datetime": {"datetime": "2021-09-22 20:22:37", "elapsed": 426.079838, "delta": 1.661105}}
{"target": -557.6270762041391, "params": {"C": 14232.278792910865, "epsilon": 28.126195438263654, "gamma": 0.10021193721542074}, "datetime": {"datetime": "2021-09-22 20:22:39", "elapsed": 427.994067, "delta": 1.914229}}
{"target": -1412.3803118189157, "params": {"C": 8340.730672152062, "epsilon": 20.767656642059766, "gamma": 0.4285909770627736}, "datetime": {"datetime": "2021-09-22 20:22:41", "elapsed": 430.250169, "delta": 2.256102}}
{"target": -420.68813632091513, "params": {"C": 4079.645623899448, "epsilon": 27.90059827228599, "gamma": 0.07401535997418399}, "datetime": {"datetime": "2021-09-22 20:22:43", "elapsed": 432.456854, "delta": 2.206685}}
{"target": -175.78061028719236, "params": {"C": 2690.3047613380545, "epsilon": 27.897922000738127, "gamma": 0.029378428325382618}, "datetime": {"datetime": "2021-09-22 20:22:46", "elapsed": 434.853036, "delta": 2.396182}}
{"target": -1334.949405115319, "params": {"C": 17287.265370985762, "epsilon": 18.517671422380772, "gamma": 0.3435149901045297}, "datetime": {"datetime": "2021-09-22 20:22:47", "elapsed": 436.645538, "delta": 1.792502}}
{"target": -962.0005418358045, "params": {"C": 8460.574199447088, "epsilon": 10.335202576224113, "gamma": 0.17938600687041348}, "datetime": {"datetime": "2021-09-22 20:22:49", "elapsed": 438.349201, "delta": 1.703663}}
{"target": -1434.6297549819135, "params": {"C": 16134.840173973187, "epsilon": 10.99279259802287, "gamma": 0.4642901310478598}, "datetime": {"datetime": "2021-09-22 20:22:51", "elapsed": 440.508274, "delta": 2.159073}}
{"target": -1135.0719550414278, "params": {"C": 14392.351948261581, "epsilon": 23.147035084698246, "gamma": 0.2307735947403422}, "datetime": {"datetime": "2021-09-22 20:22:54", "elapsed": 443.139182, "delta": 2.630908}}
{"target": -914.9707033742519, "params": {"C": 15353.420479038994, "epsilon": 9.166584727482705, "gamma": 0.16808118721500848}, "datetime": {"datetime": "2021-09-22 20:22:56", "elapsed": 445.493815, "delta": 2.354633}}
{"target": -1256.8799983601823, "params": {"C": 5350.134575102565, "epsilon": 8.409532258919183, "gamma": 0.28935315253065186}, "datetime": {"datetime": "2021-09-22 20:22:58", "elapsed": 447.21792, "delta": 1.724105}}
{"target": -1029.8635032932327, "params": {"C": 3788.5185702960393, "epsilon": 10.22563336320343, "gamma": 0.19750389698823825}, "datetime": {"datetime": "2021-09-22 20:23:00", "elapsed": 448.904221, "delta": 1.686301}}
{"target": -1176.9442903024155, "params": {"C": 19611.07669026498, "epsilon": 13.573619997800153, "gamma": 0.2483057466408946}, "datetime": {"datetime": "2021-09-22 20:23:02", "elapsed": 451.28332, "delta": 2.379099}}
{"target": -1227.0657840677188, "params": {"C": 3515.422905431809, "epsilon": 8.16765929106467, "gamma": 0.2715549742439754}, "datetime": {"datetime": "2021-09-22 20:23:04", "elapsed": 453.091726, "delta": 1.808406}}
{"target": -1341.920291924041, "params": {"C": 2706.420920754308, "epsilon": 11.693041758184947, "gamma": 0.33707605595301987}, "datetime": {"datetime": "2021-09-22 20:23:06", "elapsed": 454.860628, "delta": 1.768902}}
{"target": -538.0979494735627, "params": {"C": 12210.818172880374, "epsilon": 7.247954998935286, "gamma": 0.0978505397044032}, "datetime": {"datetime": "2021-09-22 20:23:07", "elapsed": 456.632457, "delta": 1.771829}}
{"target": -1287.3661234914146, "params": {"C": 19610.178988199543, "epsilon": 13.903951057730609, "gamma": 0.30804812655703656}, "datetime": {"datetime": "2021-09-22 20:23:10", "elapsed": 459.244935, "delta": 2.612478}}
{"target": -1280.5639597367247, "params": {"C": 10498.678333153703, "epsilon": 24.187272808879573, "gamma": 0.30273074441357223}, "datetime": {"datetime": "2021-09-22 20:23:12", "elapsed": 461.291873, "delta": 2.046938}}
{"target": -561.39067575855, "params": {"C": 826.1885270928333, "epsilon": 23.842585242005647, "gamma": 0.07737425740138806}, "datetime": {"datetime": "2021-09-22 20:23:14", "elapsed": 463.162385, "delta": 1.870512}}
{"target": -1418.8175411209809, "params": {"C": 16478.161665256066, "epsilon": 23.037745382753133, "gamma": 0.4375995096784596}, "datetime": {"datetime": "2021-09-22 20:23:16", "elapsed": 464.901729, "delta": 1.739344}}
{"target": -1068.7191145882969, "params": {"C": 7791.784342670734, "epsilon": 22.4314516769179, "gamma": 0.20842475126112317}, "datetime": {"datetime": "2021-09-22 20:23:18", "elapsed": 466.717552, "delta": 1.815823}}
{"target": -139.4338772974273, "params": {"C": 18085.740990283575, "epsilon": 1.6916152819519183, "gamma": 0.02583786766713486}, "datetime": {"datetime": "2021-09-22 20:23:21", "elapsed": 469.769951, "delta": 3.052399}}
{"target": -504.2035865309181, "params": {"C": 7801.205000274984, "epsilon": 0.6228191453479369, "gamma": 0.0919350901808414}, "datetime": {"datetime": "2021-09-22 20:23:23", "elapsed": 471.998977, "delta": 2.229026}}
{"target": -1415.8804210786147, "params": {"C": 5840.743669094492, "epsilon": 17.101422341412295, "gamma": 0.4340827192244769}, "datetime": {"datetime": "2021-09-22 20:23:24", "elapsed": 473.659304, "delta": 1.660327}}
{"target": -303.46354886553394, "params": {"C": 12280.316523691034, "epsilon": 7.444256873127681, "gamma": 0.05318758611385124}, "datetime": {"datetime": "2021-09-22 20:23:28", "elapsed": 476.850156, "delta": 3.190852}}
{"target": -1273.2236577788447, "params": {"C": 8341.177001066588, "epsilon": 22.383719025895463, "gamma": 0.2982105551003008}, "datetime": {"datetime": "2021-09-22 20:23:30", "elapsed": 479.097417, "delta": 2.247261}}
{"target": -938.4522486910964, "params": {"C": 4748.29794567503, "epsilon": 6.1805217505302865, "gamma": 0.17379531216718944}, "datetime": {"datetime": "2021-09-22 20:23:32", "elapsed": 481.548814, "delta": 2.451397}}
{"target": -1202.6419331683478, "params": {"C": 9160.954777858115, "epsilon": 20.034897048550626, "gamma": 0.25956491419777494}, "datetime": {"datetime": "2021-09-22 20:23:34", "elapsed": 483.465532, "delta": 1.916718}}
{"target": -1254.3773972769156, "params": {"C": 9583.257779162774, "epsilon": 8.551425491455632, "gamma": 0.2878761536621475}, "datetime": {"datetime": "2021-09-22 20:23:36", "elapsed": 485.363202, "delta": 1.89767}}
{"target": -1224.1198702110642, "params": {"C": 3347.812605071275, "epsilon": 12.018517312312424, "gamma": 0.26888044571449315}, "datetime": {"datetime": "2021-09-22 20:23:38", "elapsed": 487.246348, "delta": 1.883146}}
{"target": -1232.7003173592793, "params": {"C": 12460.75689089893, "epsilon": 18.84077648751023, "gamma": 0.2749300321736286}, "datetime": {"datetime": "2021-09-22 20:23:40", "elapsed": 489.096803, "delta": 1.850455}}
{"target": -1039.24569347785, "params": {"C": 10637.547825188049, "epsilon": 4.031323823997352, "gamma": 0.20068068845630652}, "datetime": {"datetime": "2021-09-22 20:23:42", "elapsed": 490.985501, "delta": 1.888698}}
{"target": -564.5165438846313, "params": {"C": 8127.162077904612, "epsilon": 19.080472449135748, "gamma": 0.10186445703896746}, "datetime": {"datetime": "2021-09-22 20:23:44", "elapsed": 493.378946, "delta": 2.393445}}
{"target": -1141.1825274119883, "params": {"C": 3492.4090337667812, "epsilon": 13.544133619937602, "gamma": 0.23297271704390127}, "datetime": {"datetime": "2021-09-22 20:23:46", "elapsed": 495.253528, "delta": 1.874582}}
{"target": -1117.1025240202114, "params": {"C": 4006.185328155344, "epsilon": 22.224994224043755, "gamma": 0.22428407228880187}, "datetime": {"datetime": "2021-09-22 20:23:48", "elapsed": 497.651975, "delta": 2.398447}}
{"target": -663.5837776080316, "params": {"C": 4347.549976904152, "epsilon": 8.465621241787584, "gamma": 0.11900173612296834}, "datetime": {"datetime": "2021-09-22 20:23:50", "elapsed": 499.410936, "delta": 1.758961}}
{"target": -1100.8116715269095, "params": {"C": 18135.92067639839, "epsilon": 16.316234538871022, "gamma": 0.2190716624510999}, "datetime": {"datetime": "2021-09-22 20:23:52", "elapsed": 501.358865, "delta": 1.947929}}
{"target": -357.318610234605, "params": {"C": 10637.393107881438, "epsilon": 3.820382966992483, "gamma": 0.06319212376140337}, "datetime": {"datetime": "2021-09-22 20:23:56", "elapsed": 504.878036, "delta": 3.519171}}
{"target": -1090.1204126493308, "params": {"C": 17831.267780310223, "epsilon": 16.08745148658727, "gamma": 0.2155572550455327}, "datetime": {"datetime": "2021-09-22 20:23:58", "elapsed": 506.775294, "delta": 1.897258}}
{"target": -1405.3039151786463, "params": {"C": 10469.10563864993, "epsilon": 0.32300458841599133, "gamma": 0.4214046948257303}, "datetime": {"datetime": "2021-09-22 20:24:00", "elapsed": 509.294295, "delta": 2.519001}}
{"target": -1297.4341424056104, "params": {"C": 5479.16517828944, "epsilon": 22.713517999946273, "gamma": 0.3141172915421112}, "datetime": {"datetime": "2021-09-22 20:24:03", "elapsed": 512.189725, "delta": 2.89543}}
{"target": -1045.9473943592977, "params": {"C": 10989.72697751547, "epsilon": 13.109471187597537, "gamma": 0.20209363512467396}, "datetime": {"datetime": "2021-09-22 20:24:05", "elapsed": 514.0984, "delta": 1.908675}}
