{"target": -1618.3350464915322, "params": {"C": 42.28517846555483, "epsilon": 7.20604168948716, "gamma": 0.00021436337986315216}, "datetime": {"datetime": "2021-09-22 17:53:37", "elapsed": 0.0, "delta": 0.0}}
{"target": -1093.9612310260866, "params": {"C": 30.930924690552136, "epsilon": 1.4760913492629593, "gamma": 0.09242936090932093}, "datetime": {"datetime": "2021-09-22 17:53:37", "elapsed": 0.031597, "delta": 0.031597}}
{"target": -1590.8454655199953, "params": {"C": 19.439760926389418, "epsilon": 3.462151663160047, "gamma": 0.39682779748324687}, "datetime": {"datetime": "2021-09-22 17:53:37", "elapsed": 0.057555, "delta": 0.025958}}
{"target": -1591.784702053706, "params": {"C": 54.34285666633234, "epsilon": 4.197753198888915, "gamma": 0.6852509784467198}, "datetime": {"datetime": "2021-09-22 17:53:37", "elapsed": 0.086603, "delta": 0.029048}}
{"target": -1120.0269027517961, "params": {"C": 21.240772723420225, "epsilon": 8.782393189545544, "gamma": 0.02748485443860637}, "datetime": {"datetime": "2021-09-22 17:53:37", "elapsed": 0.111599, "delta": 0.024996}}
{"target": -1553.3692693179362, "params": {"C": 67.37628350766182, "epsilon": 4.178874975647599, "gamma": 0.558733959462907}, "datetime": {"datetime": "2021-09-22 17:53:37", "elapsed": 0.136596, "delta": 0.024997}}
{"target": -1040.0447388328746, "params": {"C": 30.60364456671819, "epsilon": 1.5510783728952087, "gamma": 0.07793816365335167}, "datetime": {"datetime": "2021-09-22 17:53:37", "elapsed": 0.236831, "delta": 0.100235}}
{"target": -1631.8927329430028, "params": {"C": 29.29570349757621, "epsilon": 3.245092419377818, "gamma": 0.0001}, "datetime": {"datetime": "2021-09-22 17:53:37", "elapsed": 0.377793, "delta": 0.140962}}
{"target": -1028.8061831216764, "params": {"C": 30.16453315851416, "epsilon": 0.6206137295171694, "gamma": 0.0732291256848636}, "datetime": {"datetime": "2021-09-22 17:53:37", "elapsed": 0.508032, "delta": 0.130239}}
{"target": -1626.1686426720212, "params": {"C": 29.91896036233194, "epsilon": 1.11593934717376, "gamma": 1.0}, "datetime": {"datetime": "2021-09-22 17:53:37", "elapsed": 0.602033, "delta": 0.094001}}
{"target": -1631.5562086616592, "params": {"C": 30.841916032095483, "epsilon": 0.6097656387951053, "gamma": 0.0001}, "datetime": {"datetime": "2021-09-22 17:53:38", "elapsed": 0.706034, "delta": 0.104001}}
{"target": -1106.8240365740771, "params": {"C": 30.813089690325402, "epsilon": 1.8648860836565324, "gamma": 0.09527755410428942}, "datetime": {"datetime": "2021-09-22 17:53:38", "elapsed": 0.765996, "delta": 0.059962}}
{"target": -1474.3367525619724, "params": {"C": 95.58911197857834, "epsilon": 6.644073444262056, "gamma": 0.4707735678651894}, "datetime": {"datetime": "2021-09-22 17:53:38", "elapsed": 0.822618, "delta": 0.056622}}
{"target": -1617.3596034635011, "params": {"C": 49.38453956461047, "epsilon": 8.413374950585418, "gamma": 0.9790705315207406}, "datetime": {"datetime": "2021-09-22 17:53:38", "elapsed": 0.884583, "delta": 0.061965}}
{"target": -1595.7444629699007, "params": {"C": 30.53660026659733, "epsilon": 1.595727416489819, "gamma": 0.5344766777258471}, "datetime": {"datetime": "2021-09-22 17:53:38", "elapsed": 0.986743, "delta": 0.10216}}
{"target": -920.6839246730389, "params": {"C": 30.32747714084328, "epsilon": 0.8790768427552551, "gamma": 0.0407077740769689}, "datetime": {"datetime": "2021-09-22 17:53:38", "elapsed": 1.05273, "delta": 0.065987}}
{"target": -1466.5742251308018, "params": {"C": 68.0340411004982, "epsilon": 5.483631316610355, "gamma": 0.3832708462219909}, "datetime": {"datetime": "2021-09-22 17:53:38", "elapsed": 1.105742, "delta": 0.053012}}
{"target": -1583.570974364542, "params": {"C": 14.934853999305448, "epsilon": 1.4024017734137937, "gamma": 0.31690062862002916}, "datetime": {"datetime": "2021-09-22 17:53:38", "elapsed": 1.160063, "delta": 0.054321}}
{"target": -1036.3706948672768, "params": {"C": 28.12604630072965, "epsilon": 7.645840554218786, "gamma": 0.066963858605749}, "datetime": {"datetime": "2021-09-22 17:53:38", "elapsed": 1.217695, "delta": 0.057632}}
{"target": -948.5504137032547, "params": {"C": 30.019873103296604, "epsilon": 0.9286068483161104, "gamma": 0.05146526846102908}, "datetime": {"datetime": "2021-09-22 17:53:38", "elapsed": 1.290735, "delta": 0.07304}}
{"target": -884.2122006172798, "params": {"C": 60.221999821081056, "epsilon": 1.1358935525219096, "gamma": 0.11686583193345935}, "datetime": {"datetime": "2021-09-22 17:53:38", "elapsed": 1.347738, "delta": 0.057003}}
{"target": -1580.5276640766617, "params": {"C": 61.74884141107047, "epsilon": 5.5783450374551835, "gamma": 0.6536415596097496}, "datetime": {"datetime": "2021-09-22 17:53:38", "elapsed": 1.405735, "delta": 0.057997}}
{"target": -1636.679433510703, "params": {"C": 2.664453837896975, "epsilon": 2.5909848016068726, "gamma": 0.8006046472236928}, "datetime": {"datetime": "2021-09-22 17:53:38", "elapsed": 1.478648, "delta": 0.072913}}
{"target": -1152.184932321999, "params": {"C": 30.872939500904266, "epsilon": 1.6830023476583948, "gamma": 0.10667800281172571}, "datetime": {"datetime": "2021-09-22 17:53:38", "elapsed": 1.542651, "delta": 0.064003}}
{"target": -1548.7519828529785, "params": {"C": 60.032725860941305, "epsilon": 0.9292343977716456, "gamma": 0.511714832149303}, "datetime": {"datetime": "2021-09-22 17:53:39", "elapsed": 1.678649, "delta": 0.135998}}
{"target": -1086.9021238209384, "params": {"C": 31.05373715064996, "epsilon": 1.4168905583332172, "gamma": 0.0910684904344644}, "datetime": {"datetime": "2021-09-22 17:53:39", "elapsed": 1.752581, "delta": 0.073932}}
{"target": -898.5204467976532, "params": {"C": 60.28571237124129, "epsilon": 1.6385172299850108, "gamma": 0.11979284494274525}, "datetime": {"datetime": "2021-09-22 17:53:39", "elapsed": 1.873581, "delta": 0.121}}
{"target": -1618.8056896899523, "params": {"C": 23.7741430028068, "epsilon": 0.6572203071649878, "gamma": 0.7038752628531468}, "datetime": {"datetime": "2021-09-22 17:53:39", "elapsed": 1.952582, "delta": 0.079001}}
{"target": -1625.000356374889, "params": {"C": 60.592775297911835, "epsilon": 1.3059557910354567, "gamma": 0.0001}, "datetime": {"datetime": "2021-09-22 17:53:39", "elapsed": 2.073584, "delta": 0.121002}}
{"target": -1434.0720081086888, "params": {"C": 60.19636333311744, "epsilon": 1.42969916451236, "gamma": 0.32523215655138193}, "datetime": {"datetime": "2021-09-22 17:53:39", "elapsed": 2.149719, "delta": 0.076135}}
{"target": -1312.9215081296888, "params": {"C": 84.08119367674604, "epsilon": 4.1909196822648545, "gamma": 0.2961598084322438}, "datetime": {"datetime": "2021-09-22 17:53:39", "elapsed": 2.224994, "delta": 0.075275}}
{"target": -1519.7841595977295, "params": {"C": 30.135376123792632, "epsilon": 1.0736928690137177, "gamma": 0.30178887415903016}, "datetime": {"datetime": "2021-09-22 17:53:39", "elapsed": 2.325363, "delta": 0.100369}}
{"target": -955.2829891494928, "params": {"C": 30.145799552243073, "epsilon": 0.8350690698809534, "gamma": 0.054225280075933135}, "datetime": {"datetime": "2021-09-22 17:53:39", "elapsed": 2.444568, "delta": 0.119205}}
{"target": -1585.4594233981234, "params": {"C": 5.256207731247922, "epsilon": 4.1544809215208085, "gamma": 0.005391043853766423}, "datetime": {"datetime": "2021-09-22 17:53:39", "elapsed": 2.580201, "delta": 0.135633}}
{"target": -1524.119926865529, "params": {"C": 29.910926161819233, "epsilon": 0.7050576275805831, "gamma": 0.0018442898809084768}, "datetime": {"datetime": "2021-09-22 17:53:40", "elapsed": 2.697505, "delta": 0.117304}}
{"target": -731.7017445924306, "params": {"C": 60.05695615219194, "epsilon": 1.0457927530271842, "gamma": 0.08933256137480576}, "datetime": {"datetime": "2021-09-22 17:53:40", "elapsed": 2.804333, "delta": 0.106828}}
{"target": -1057.1352573135152, "params": {"C": 28.398925128494717, "epsilon": 7.410031219101582, "gamma": 0.07392684564424239}, "datetime": {"datetime": "2021-09-22 17:53:40", "elapsed": 2.95468, "delta": 0.150347}}
{"target": -1607.0587402413346, "params": {"C": 11.216925533072661, "epsilon": 0.5809171903722196, "gamma": 0.3697091136032107}, "datetime": {"datetime": "2021-09-22 17:53:40", "elapsed": 3.142681, "delta": 0.188001}}
{"target": -1240.758518853728, "params": {"C": 60.109138600891534, "epsilon": 1.0045521792827492, "gamma": 0.21257452816342132}, "datetime": {"datetime": "2021-09-22 17:53:40", "elapsed": 3.274683, "delta": 0.132002}}
{"target": -1630.1877507145643, "params": {"C": 5.1750227172497265, "epsilon": 1.1772136870453354, "gamma": 0.5018137589440743}, "datetime": {"datetime": "2021-09-22 17:53:40", "elapsed": 3.380681, "delta": 0.105998}}
{"target": -564.0297753281487, "params": {"C": 60.0997993608913, "epsilon": 0.8478723682399539, "gamma": 0.04499938575819524}, "datetime": {"datetime": "2021-09-22 17:53:40", "elapsed": 3.499751, "delta": 0.11907}}
{"target": -1272.23366052524, "params": {"C": 59.78984842624632, "epsilon": 0.7425453762638156, "gamma": 0.22489073910431856}, "datetime": {"datetime": "2021-09-22 17:53:40", "elapsed": 3.626777, "delta": 0.127026}}
{"target": -1079.8627217081112, "params": {"C": 28.353829751901912, "epsilon": 7.531969050049032, "gamma": 0.0796937082084464}, "datetime": {"datetime": "2021-09-22 17:53:41", "elapsed": 3.767883, "delta": 0.141106}}
{"target": -1354.2964778118323, "params": {"C": 28.033662521238785, "epsilon": 7.296934313515448, "gamma": 0.1638324478588661}, "datetime": {"datetime": "2021-09-22 17:53:41", "elapsed": 4.024847, "delta": 0.256964}}
{"target": -1363.5537439321379, "params": {"C": 60.367770119876624, "epsilon": 1.84790725513527, "gamma": 0.2726478949224462}, "datetime": {"datetime": "2021-09-22 17:53:41", "elapsed": 4.142883, "delta": 0.118036}}
{"target": -1288.5285954511037, "params": {"C": 26.21797405879688, "epsilon": 8.456446135664303, "gamma": 0.130743746208685}, "datetime": {"datetime": "2021-09-22 17:53:41", "elapsed": 4.312948, "delta": 0.170065}}
{"target": -1598.521800139325, "params": {"C": 75.71558088968531, "epsilon": 2.371401527071588, "gamma": 0.8752029867304207}, "datetime": {"datetime": "2021-09-22 17:53:41", "elapsed": 4.471302, "delta": 0.158354}}
{"target": -546.10121048997, "params": {"C": 60.07306244521722, "epsilon": 1.536999069975533, "gamma": 0.03240699350359888}, "datetime": {"datetime": "2021-09-22 17:53:41", "elapsed": 4.577264, "delta": 0.105962}}
{"target": -1596.9915501886285, "params": {"C": 81.2761023225424, "epsilon": 7.474988198213383, "gamma": 0.8895400444465734}, "datetime": {"datetime": "2021-09-22 17:53:42", "elapsed": 4.685356, "delta": 0.108092}}
{"target": -1613.4646691742998, "params": {"C": 60.043491878437614, "epsilon": 4.664242479587611, "gamma": 0.9886707071202258}, "datetime": {"datetime": "2021-09-22 17:53:42", "elapsed": 4.788317, "delta": 0.102961}}
{"target": -940.4685547418078, "params": {"C": 59.95961855199151, "epsilon": 1.5998384902038452, "gamma": 0.12835968392601285}, "datetime": {"datetime": "2021-09-22 17:53:42", "elapsed": 5.134656, "delta": 0.346339}}
{"target": -1600.2784132134761, "params": {"C": 9.267831002544527, "epsilon": 2.030664064249567, "gamma": 0.2978930061132764}, "datetime": {"datetime": "2021-09-22 17:53:42", "elapsed": 5.27518, "delta": 0.140524}}
{"target": -1509.301709817305, "params": {"C": 7.592781964101727, "epsilon": 5.091080453637626, "gamma": 0.10830804023142}, "datetime": {"datetime": "2021-09-22 17:53:42", "elapsed": 5.434964, "delta": 0.159784}}
{"target": -1566.6012514134252, "params": {"C": 36.527465914170044, "epsilon": 1.3313570454615915, "gamma": 0.44408785377115206}, "datetime": {"datetime": "2021-09-22 17:53:42", "elapsed": 5.599966, "delta": 0.165002}}
{"target": -1574.7630537676641, "params": {"C": 65.87580036785192, "epsilon": 2.5005455156225396, "gamma": 0.6428862034347467}, "datetime": {"datetime": "2021-09-22 17:53:43", "elapsed": 5.740035, "delta": 0.140069}}
{"target": -1589.784554644874, "params": {"C": 99.20439815242491, "epsilon": 8.579305182630561, "gamma": 0.9046916685778029}, "datetime": {"datetime": "2021-09-22 17:53:43", "elapsed": 5.915997, "delta": 0.175962}}
{"target": -861.8479515530192, "params": {"C": 60.15228400607673, "epsilon": 1.803797423538237, "gamma": 0.11257757219718899}, "datetime": {"datetime": "2021-09-22 17:53:43", "elapsed": 6.053044, "delta": 0.137047}}
{"target": -1636.2712874824003, "params": {"C": 5.17818769583535, "epsilon": 6.5798278914802975, "gamma": 0.9911709276526934}, "datetime": {"datetime": "2021-09-22 17:53:43", "elapsed": 6.166606, "delta": 0.113562}}
{"target": -614.372606761822, "params": {"C": 59.90554410351031, "epsilon": 1.9380345622917377, "gamma": 0.018800401320367047}, "datetime": {"datetime": "2021-09-22 17:53:43", "elapsed": 6.334691, "delta": 0.168085}}
{"target": -1633.350883010569, "params": {"C": 11.755314481218766, "epsilon": 8.15597240364103, "gamma": 0.9746321307193945}, "datetime": {"datetime": "2021-09-22 17:53:43", "elapsed": 6.458567, "delta": 0.123876}}
{"target": -1452.241748324661, "params": {"C": 87.30295318096893, "epsilon": 1.794165767810376, "gamma": 0.4188443232750833}, "datetime": {"datetime": "2021-09-22 17:53:43", "elapsed": 6.582616, "delta": 0.124049}}
{"target": -1631.2049167513128, "params": {"C": 8.119303294911958, "epsilon": 1.569511368740544, "gamma": 0.6775150736162513}, "datetime": {"datetime": "2021-09-22 17:53:44", "elapsed": 6.736594, "delta": 0.153978}}
{"target": -1625.112577439064, "params": {"C": 60.02208139056453, "epsilon": 2.081594395518105, "gamma": 0.0001}, "datetime": {"datetime": "2021-09-22 17:53:44", "elapsed": 7.02164, "delta": 0.285046}}
{"target": -1553.1248809169242, "params": {"C": 57.18766390416413, "epsilon": 2.76050048821304, "gamma": 0.5124898758997355}, "datetime": {"datetime": "2021-09-22 17:53:44", "elapsed": 7.296448, "delta": 0.274808}}
{"target": -722.9226201046647, "params": {"C": 59.815600281170994, "epsilon": 1.8972703981864758, "gamma": 0.08697877869767867}, "datetime": {"datetime": "2021-09-22 17:53:44", "elapsed": 7.590404, "delta": 0.293956}}
{"target": -545.0436387151847, "params": {"C": 60.06468560762703, "epsilon": 1.7685241251860881, "gamma": 0.03514885797749806}, "datetime": {"datetime": "2021-09-22 17:53:45", "elapsed": 7.888577, "delta": 0.298173}}
{"target": -1628.1843833270848, "params": {"C": 2.684044068265331, "epsilon": 2.940289827478756, "gamma": 0.31166858516048784}, "datetime": {"datetime": "2021-09-22 17:53:45", "elapsed": 8.117577, "delta": 0.229}}
{"target": -1521.546174612417, "params": {"C": 9.5385658654077, "epsilon": 5.476586781004073, "gamma": 0.14511699671526068}, "datetime": {"datetime": "2021-09-22 17:53:45", "elapsed": 8.342576, "delta": 0.224999}}
{"target": -615.9940216603045, "params": {"C": 60.29196892240893, "epsilon": 1.181812767593541, "gamma": 0.061735815659754785}, "datetime": {"datetime": "2021-09-22 17:53:45", "elapsed": 8.575313, "delta": 0.232737}}
{"target": -1220.6557623777533, "params": {"C": 30.587557096653565, "epsilon": 1.0856908801168492, "gamma": 0.12507458594718676}, "datetime": {"datetime": "2021-09-22 17:53:46", "elapsed": 9.076275, "delta": 0.500962}}
{"target": -1063.3220682521478, "params": {"C": 59.75587416635927, "epsilon": 1.4314643774786333, "gamma": 0.005744141894797806}, "datetime": {"datetime": "2021-09-22 17:53:46", "elapsed": 9.391014, "delta": 0.314739}}
{"target": -749.4119648760473, "params": {"C": 60.33764335517364, "epsilon": 0.7277786238885274, "gamma": 0.09316118244989079}, "datetime": {"datetime": "2021-09-22 17:53:47", "elapsed": 9.725865, "delta": 0.334851}}
{"target": -1245.4049906408013, "params": {"C": 30.661935532871095, "epsilon": 1.1740699135756663, "gamma": 0.1339241770541169}, "datetime": {"datetime": "2021-09-22 17:53:47", "elapsed": 9.993937, "delta": 0.268072}}
{"target": -855.2785102574668, "params": {"C": 60.410221563624326, "epsilon": 0.9124660810184405, "gamma": 0.11179507135207237}, "datetime": {"datetime": "2021-09-22 17:53:47", "elapsed": 10.343081, "delta": 0.349144}}
{"target": -1519.2251214180783, "params": {"C": 51.066523999895836, "epsilon": 9.899588551714087, "gamma": 0.40250771259440504}, "datetime": {"datetime": "2021-09-22 17:53:47", "elapsed": 10.649395, "delta": 0.306314}}
{"target": -1594.0659875010447, "params": {"C": 28.237039319795628, "epsilon": 7.654008138292688, "gamma": 0.5027876651762136}, "datetime": {"datetime": "2021-09-22 17:53:48", "elapsed": 11.224417, "delta": 0.575022}}
{"target": -1581.3883745657688, "params": {"C": 46.37544711239421, "epsilon": 9.693123067206102, "gamma": 0.5690871612430345}, "datetime": {"datetime": "2021-09-22 17:53:48", "elapsed": 11.476457, "delta": 0.25204}}
{"target": -664.6877012404503, "params": {"C": 59.87735931207311, "epsilon": 1.3169838600073098, "gamma": 0.07383613856123021}, "datetime": {"datetime": "2021-09-22 17:53:49", "elapsed": 11.82091, "delta": 0.344453}}
{"target": -1423.0919449034152, "params": {"C": 14.312293915013026, "epsilon": 9.386989549771288, "gamma": 0.009570285070290186}, "datetime": {"datetime": "2021-09-22 17:53:49", "elapsed": 12.10897, "delta": 0.28806}}
{"target": -918.2935199499175, "params": {"C": 59.894527690783136, "epsilon": 0.9223972456625772, "gamma": 0.12336007742613096}, "datetime": {"datetime": "2021-09-22 17:53:49", "elapsed": 12.411183, "delta": 0.302213}}
{"target": -1612.0737556800384, "params": {"C": 18.500601505244322, "epsilon": 2.1000415286538594, "gamma": 0.5306473677013047}, "datetime": {"datetime": "2021-09-22 17:53:50", "elapsed": 12.698345, "delta": 0.287162}}
{"target": -1534.5931376653878, "params": {"C": 82.71588353814604, "epsilon": 1.2077199411176502, "gamma": 0.558353025451429}, "datetime": {"datetime": "2021-09-22 17:53:50", "elapsed": 13.048375, "delta": 0.35003}}
{"target": -1604.0217759883562, "params": {"C": 71.30739285304763, "epsilon": 4.568431374475334, "gamma": 0.9157254955718314}, "datetime": {"datetime": "2021-09-22 17:53:50", "elapsed": 13.349334, "delta": 0.300959}}
{"target": -1371.8176438793391, "params": {"C": 59.91883447718225, "epsilon": 1.823190104091107, "gamma": 0.002256056618155859}, "datetime": {"datetime": "2021-09-22 17:53:51", "elapsed": 13.789472, "delta": 0.440138}}
{"target": -1570.8400347034749, "params": {"C": 59.978544827774535, "epsilon": 9.504639818962794, "gamma": 0.5941523177054969}, "datetime": {"datetime": "2021-09-22 17:53:51", "elapsed": 14.123786, "delta": 0.334314}}
{"target": -1526.2295913195844, "params": {"C": 83.27844492047777, "epsilon": 8.404897292802675, "gamma": 0.537535218663557}, "datetime": {"datetime": "2021-09-22 17:53:51", "elapsed": 14.482027, "delta": 0.358241}}
{"target": -830.5235038971679, "params": {"C": 59.831219456519015, "epsilon": 2.0912252048503324, "gamma": 0.10655537779640524}, "datetime": {"datetime": "2021-09-22 17:53:52", "elapsed": 14.922159, "delta": 0.440132}}
{"target": -1587.4893485498778, "params": {"C": 79.46958282625279, "epsilon": 1.417622238861181, "gamma": 0.7922823745793166}, "datetime": {"datetime": "2021-09-22 17:53:52", "elapsed": 15.200017, "delta": 0.277858}}
{"target": -997.190624365118, "params": {"C": 59.79922342690581, "epsilon": 2.019441312481549, "gamma": 0.14107962019508705}, "datetime": {"datetime": "2021-09-22 17:53:52", "elapsed": 15.622474, "delta": 0.422457}}
{"target": -1222.4547619504556, "params": {"C": 39.61106249118704, "epsilon": 0.3625504213733892, "gamma": 0.15493484131532}, "datetime": {"datetime": "2021-09-22 17:53:53", "elapsed": 15.89927, "delta": 0.276796}}
{"target": -1543.3429005739945, "params": {"C": 3.516496369731814, "epsilon": 0.37076948820407735, "gamma": 0.029921949382620678}, "datetime": {"datetime": "2021-09-22 17:53:53", "elapsed": 16.1993, "delta": 0.30003}}
{"target": -557.5646510724662, "params": {"C": 60.10987418229671, "epsilon": 1.573154171271136, "gamma": 0.04197043261741639}, "datetime": {"datetime": "2021-09-22 17:53:53", "elapsed": 16.488135, "delta": 0.288835}}
{"target": -1136.1934307350857, "params": {"C": 60.32341501465628, "epsilon": 1.0341228157997573, "gamma": 0.17712267687881186}, "datetime": {"datetime": "2021-09-22 17:53:54", "elapsed": 16.806815, "delta": 0.31868}}
{"target": -1034.045632099369, "params": {"C": 59.84007097484502, "epsilon": 1.0639159569491876, "gamma": 0.15054534728488192}, "datetime": {"datetime": "2021-09-22 17:53:54", "elapsed": 17.1639, "delta": 0.357085}}
{"target": -586.7882513159211, "params": {"C": 59.728149062147, "epsilon": 2.2246535593323875, "gamma": 0.053713489005206914}, "datetime": {"datetime": "2021-09-22 17:53:54", "elapsed": 17.481263, "delta": 0.317363}}
{"target": -674.1088489861664, "params": {"C": 59.72850683149665, "epsilon": 2.0830693535188773, "gamma": 0.07568844491091403}, "datetime": {"datetime": "2021-09-22 17:53:55", "elapsed": 17.849095, "delta": 0.367832}}
{"target": -617.6542778607081, "params": {"C": 60.20588002637187, "epsilon": 0.9801419846104547, "gamma": 0.018239696933957168}, "datetime": {"datetime": "2021-09-22 17:53:55", "elapsed": 18.32475, "delta": 0.475655}}
{"target": -900.1724176720642, "params": {"C": 59.69177942392259, "epsilon": 2.171047320770574, "gamma": 0.11903324360947057}, "datetime": {"datetime": "2021-09-22 17:53:56", "elapsed": 18.716536, "delta": 0.391786}}
{"target": -977.2851079649046, "params": {"C": 64.27140110366281, "epsilon": 1.0004089860629697, "gamma": 0.14358530329151442}, "datetime": {"datetime": "2021-09-22 17:53:56", "elapsed": 19.031113, "delta": 0.314577}}
{"target": -1333.4757574142545, "params": {"C": 60.59805343905767, "epsilon": 0.8208049362597283, "gamma": 0.25523560990670957}, "datetime": {"datetime": "2021-09-22 17:53:56", "elapsed": 19.551728, "delta": 0.520615}}
{"target": -877.140890105747, "params": {"C": 60.1288685729509, "epsilon": 1.812981906475522, "gamma": 0.008888987298158806}, "datetime": {"datetime": "2021-09-22 17:53:57", "elapsed": 19.937773, "delta": 0.386045}}
