{"target": -276.34786111180387, "params": {"C": 11200.30818362482, "epsilon": 9.645889716260765, "gamma": 0.04842449590249773}, "datetime": {"datetime": "2021-09-22 20:41:12", "elapsed": 202.65783, "delta": 0.989081}}
{"target": -87.72974216606053, "params": {"C": 13714.600445932836, "epsilon": 18.207741999647684, "gamma": 0.015207518514097245}, "datetime": {"datetime": "2021-09-22 20:41:13", "elapsed": 203.798951, "delta": 1.141121}}
{"target": -151.65561852404332, "params": {"C": 15037.1515806668, "epsilon": 25.67397615550504, "gamma": 0.026657883130194508}, "datetime": {"datetime": "2021-09-22 20:41:14", "elapsed": 204.782391, "delta": 0.98344}}
{"target": -22.783676975272297, "params": {"C": 12977.841016345752, "epsilon": 4.055772420899011, "gamma": 0.0037227392652271368}, "datetime": {"datetime": "2021-09-22 20:41:15", "elapsed": 206.37709, "delta": 1.594699}}
{"target": -123.71109987988606, "params": {"C": 12900.201081274998, "epsilon": 19.62453020742913, "gamma": 0.021968295422910254}, "datetime": {"datetime": "2021-09-22 20:41:17", "elapsed": 207.676753, "delta": 1.299663}}
{"target": -58.059160214785855, "params": {"C": 10597.803503967225, "epsilon": 23.36127150113261, "gamma": 0.00916824566398058}, "datetime": {"datetime": "2021-09-22 20:41:18", "elapsed": 208.71103, "delta": 1.034277}}
{"target": -250.25972501587958, "params": {"C": 5274.848271959235, "epsilon": 21.693864080294933, "gamma": 0.043454632078675975}, "datetime": {"datetime": "2021-09-22 20:41:19", "elapsed": 209.687674, "delta": 0.976644}}
{"target": -76.01835719420504, "params": {"C": 18510.64940965634, "epsilon": 7.068294870155572, "gamma": 0.013745455873404224}, "datetime": {"datetime": "2021-09-22 20:41:20", "elapsed": 211.283337, "delta": 1.595663}}
{"target": -70.79771585251511, "params": {"C": 15092.45319083397, "epsilon": 7.627882021641822, "gamma": 0.012682318227420698}, "datetime": {"datetime": "2021-09-22 20:41:21", "elapsed": 212.443376, "delta": 1.160039}}
{"target": -258.4859585166979, "params": {"C": 15600.539112710587, "epsilon": 23.879442774987613, "gamma": 0.044873822032129626}, "datetime": {"datetime": "2021-09-22 20:41:22", "elapsed": 213.449676, "delta": 1.0063}}
{"target": -124.17609262384883, "params": {"C": 7849.307042664916, "epsilon": 11.497613280111848, "gamma": 0.02233484163079964}, "datetime": {"datetime": "2021-09-22 20:41:23", "elapsed": 214.51524, "delta": 1.065564}}
{"target": -231.10827833324868, "params": {"C": 10370.875629039698, "epsilon": 24.730268500314214, "gamma": 0.04022529956153549}, "datetime": {"datetime": "2021-09-22 20:41:24", "elapsed": 215.572606, "delta": 1.057366}}
{"target": -56.581880975890435, "params": {"C": 15688.556451391938, "epsilon": 3.946673385620651, "gamma": 0.010227754493198878}, "datetime": {"datetime": "2021-09-22 20:41:26", "elapsed": 216.911665, "delta": 1.339059}}
{"target": -33.15448447364357, "params": {"C": 12873.977356322175, "epsilon": 24.459434021761012, "gamma": 0.004443709372536311}, "datetime": {"datetime": "2021-09-22 20:41:27", "elapsed": 217.969609, "delta": 1.057944}}
{"target": -170.5239357001954, "params": {"C": 8261.79832740724, "epsilon": 4.334180213411007, "gamma": 0.03092546311898487}, "datetime": {"datetime": "2021-09-22 20:41:28", "elapsed": 219.286588, "delta": 1.316979}}
{"target": -18.54036678548472, "params": {"C": 7107.7868189971805, "epsilon": 5.991489596106467, "gamma": 0.0024917490050536365}, "datetime": {"datetime": "2021-09-22 20:41:29", "elapsed": 220.510626, "delta": 1.224038}}
{"target": -32.75620687806946, "params": {"C": 16138.823612824785, "epsilon": 6.014212860512559, "gamma": 0.005609091676143767}, "datetime": {"datetime": "2021-09-22 20:41:31", "elapsed": 222.222411, "delta": 1.711785}}
{"target": -192.77467175063694, "params": {"C": 19988.690196871845, "epsilon": 7.397284252543539, "gamma": 0.034541866243057245}, "datetime": {"datetime": "2021-09-22 20:41:32", "elapsed": 223.250114, "delta": 1.027703}}
{"target": -154.40510131860356, "params": {"C": 11735.307667455882, "epsilon": 9.967798340203203, "gamma": 0.027964637583448228}, "datetime": {"datetime": "2021-09-22 20:41:33", "elapsed": 224.299605, "delta": 1.049491}}
{"target": -287.90170807355355, "params": {"C": 16119.902954763587, "epsilon": 27.284005031931873, "gamma": 0.0496736485033367}, "datetime": {"datetime": "2021-09-22 20:41:34", "elapsed": 225.354739, "delta": 1.055134}}
{"target": -171.74182899247538, "params": {"C": 18878.872363339695, "epsilon": 23.33338600231593, "gamma": 0.030281911405180696}, "datetime": {"datetime": "2021-09-22 20:41:35", "elapsed": 226.52591, "delta": 1.171171}}
{"target": -85.69451706136785, "params": {"C": 8004.317768513768, "epsilon": 21.60283416423478, "gamma": 0.014491185232735213}, "datetime": {"datetime": "2021-09-22 20:41:37", "elapsed": 227.781759, "delta": 1.255849}}
{"target": -260.4377235138938, "params": {"C": 11440.83877499793, "epsilon": 23.419958822782043, "gamma": 0.045223175444155085}, "datetime": {"datetime": "2021-09-22 20:41:38", "elapsed": 228.92048, "delta": 1.138721}}
{"target": -17.497168409407177, "params": {"C": 11568.889388990545, "epsilon": 16.322247709424143, "gamma": 0.0017511835430658704}, "datetime": {"datetime": "2021-09-22 20:41:39", "elapsed": 230.404934, "delta": 1.484454}}
{"target": -182.5345299568591, "params": {"C": 14672.357471004108, "epsilon": 29.462344603810802, "gamma": 0.031841600294179276}, "datetime": {"datetime": "2021-09-22 20:41:41", "elapsed": 232.242277, "delta": 1.837343}}
{"target": -236.92692045437906, "params": {"C": 13983.34658415931, "epsilon": 8.453124822360811, "gamma": 0.041835521065239016}, "datetime": {"datetime": "2021-09-22 20:41:42", "elapsed": 233.592238, "delta": 1.349961}}
{"target": -120.13979313704692, "params": {"C": 5874.565775938253, "epsilon": 13.871821048790272, "gamma": 0.02126781699430325}, "datetime": {"datetime": "2021-09-22 20:41:44", "elapsed": 234.856185, "delta": 1.263947}}
{"target": -105.57724445299314, "params": {"C": 7544.061207419172, "epsilon": 24.7218559414891, "gamma": 0.018153845405552104}, "datetime": {"datetime": "2021-09-22 20:41:45", "elapsed": 235.956647, "delta": 1.100462}}
{"target": -191.73127798003242, "params": {"C": 15389.56564607708, "epsilon": 16.07666589383596, "gamma": 0.033969437565416837}, "datetime": {"datetime": "2021-09-22 20:41:46", "elapsed": 237.175715, "delta": 1.219068}}
{"target": -90.64351882396355, "params": {"C": 19560.286317411978, "epsilon": 25.239393445497345, "gamma": 0.015246221727261533}, "datetime": {"datetime": "2021-09-22 20:41:47", "elapsed": 238.474421, "delta": 1.298706}}
{"target": -198.08091799650424, "params": {"C": 7191.627360812535, "epsilon": 0.7039986729156416, "gamma": 0.03563993258326479}, "datetime": {"datetime": "2021-09-22 20:41:48", "elapsed": 239.580928, "delta": 1.106507}}
{"target": -194.20602935350405, "params": {"C": 10700.366030604011, "epsilon": 2.4578356166583677, "gamma": 0.034985688523734425}, "datetime": {"datetime": "2021-09-22 20:41:50", "elapsed": 240.746989, "delta": 1.166061}}
{"target": -16.049851687821874, "params": {"C": 15883.441970071062, "epsilon": 13.438175853373922, "gamma": 0.0019567950776373214}, "datetime": {"datetime": "2021-09-22 20:41:51", "elapsed": 241.963204, "delta": 1.216215}}
{"target": -69.73036764990098, "params": {"C": 18069.13288166919, "epsilon": 14.668053183415013, "gamma": 0.01197916146903399}, "datetime": {"datetime": "2021-09-22 20:41:52", "elapsed": 243.568386, "delta": 1.605182}}
{"target": -208.90897065902894, "params": {"C": 18045.85024163378, "epsilon": 21.476499136579164, "gamma": 0.036616910363190786}, "datetime": {"datetime": "2021-09-22 20:41:54", "elapsed": 244.645035, "delta": 1.076649}}
{"target": -59.50181731094123, "params": {"C": 18376.103794373394, "epsilon": 18.515955939369384, "gamma": 0.009662914635159168}, "datetime": {"datetime": "2021-09-22 20:41:55", "elapsed": 245.967753, "delta": 1.322718}}
{"target": -225.42344098884502, "params": {"C": 12340.083580838542, "epsilon": 26.051867800213255, "gamma": 0.03918366289478956}, "datetime": {"datetime": "2021-09-22 20:41:56", "elapsed": 247.074899, "delta": 1.107146}}
{"target": -20.03946042583699, "params": {"C": 7632.791044403861, "epsilon": 14.159508989579152, "gamma": 0.0021593596235705242}, "datetime": {"datetime": "2021-09-22 20:41:58", "elapsed": 248.741487, "delta": 1.666588}}
{"target": -86.13138323752977, "params": {"C": 16789.771623547327, "epsilon": 28.38543432470781, "gamma": 0.014118363603702394}, "datetime": {"datetime": "2021-09-22 20:41:59", "elapsed": 249.874722, "delta": 1.133235}}
{"target": -167.48610114986798, "params": {"C": 7528.108077492202, "epsilon": 12.464403046304607, "gamma": 0.030004076402211487}, "datetime": {"datetime": "2021-09-22 20:42:00", "elapsed": 251.014054, "delta": 1.139332}}
{"target": -169.7028804993054, "params": {"C": 18166.558957912508, "epsilon": 7.0769562035959686, "gamma": 0.030709544711814907}, "datetime": {"datetime": "2021-09-22 20:42:01", "elapsed": 252.245046, "delta": 1.230992}}
{"target": -266.70457547664887, "params": {"C": 10757.124013678093, "epsilon": 8.350881047470986, "gamma": 0.04685385904640413}, "datetime": {"datetime": "2021-09-22 20:42:02", "elapsed": 253.399977, "delta": 1.154931}}
{"target": -12.741823229896099, "params": {"C": 16514.78251922683, "epsilon": 8.614044073398246, "gamma": 0.0016523165877160957}, "datetime": {"datetime": "2021-09-22 20:42:05", "elapsed": 256.167715, "delta": 1.519869}}
{"target": -52.20830835331113, "params": {"C": 11394.661042372985, "epsilon": 23.854998320805148, "gamma": 0.008027509552004266}, "datetime": {"datetime": "2021-09-22 20:42:06", "elapsed": 257.36992, "delta": 1.202205}}
{"target": -280.7514533618943, "params": {"C": 10739.319838738915, "epsilon": 2.419516243432182, "gamma": 0.049468162955377974}, "datetime": {"datetime": "2021-09-22 20:42:07", "elapsed": 258.508353, "delta": 1.138433}}
{"target": -276.95007071091374, "params": {"C": 9459.38039742404, "epsilon": 1.9719307855726713, "gamma": 0.048845123464462285}, "datetime": {"datetime": "2021-09-22 20:42:09", "elapsed": 259.679319, "delta": 1.170966}}
{"target": -160.77886953490054, "params": {"C": 16152.293763213203, "epsilon": 19.45311289756151, "gamma": 0.028557183657013548}, "datetime": {"datetime": "2021-09-22 20:42:10", "elapsed": 260.872936, "delta": 1.193617}}
{"target": -68.58865414224032, "params": {"C": 8447.886032068112, "epsilon": 4.014496413011484, "gamma": 0.012324332499206407}, "datetime": {"datetime": "2021-09-22 20:42:12", "elapsed": 262.643639, "delta": 1.770703}}
{"target": -156.89882866164422, "params": {"C": 12575.33433001045, "epsilon": 19.345352926816425, "gamma": 0.02787774268456526}, "datetime": {"datetime": "2021-09-22 20:42:13", "elapsed": 263.816641, "delta": 1.173002}}
{"target": -135.47360428929557, "params": {"C": 6342.795275621522, "epsilon": 7.049680108967931, "gamma": 0.024506805772954915}, "datetime": {"datetime": "2021-09-22 20:42:14", "elapsed": 265.034371, "delta": 1.21773}}
{"target": -131.192361181032, "params": {"C": 16465.384553870288, "epsilon": 10.26636836829091, "gamma": 0.023875293461557687}, "datetime": {"datetime": "2021-09-22 20:42:15", "elapsed": 266.283985, "delta": 1.249614}}
{"target": -186.9998244412313, "params": {"C": 7330.667617343383, "epsilon": 13.66061066052957, "gamma": 0.0332841496101978}, "datetime": {"datetime": "2021-09-22 20:42:16", "elapsed": 267.542328, "delta": 1.258343}}
{"target": -123.17127757860207, "params": {"C": 19818.656776759388, "epsilon": 26.445729515048992, "gamma": 0.021455691878865337}, "datetime": {"datetime": "2021-09-22 20:42:18", "elapsed": 268.787199, "delta": 1.244871}}
{"target": -79.99412238775086, "params": {"C": 6184.507035562667, "epsilon": 11.669855741669323, "gamma": 0.013899415220716851}, "datetime": {"datetime": "2021-09-22 20:42:19", "elapsed": 270.421882, "delta": 1.634683}}
{"target": -63.99379582350039, "params": {"C": 12230.050597487549, "epsilon": 1.1870032331529505, "gamma": 0.011751292386322299}, "datetime": {"datetime": "2021-09-22 20:42:21", "elapsed": 271.971501, "delta": 1.549619}}
{"target": -232.72718584499825, "params": {"C": 14875.22028052055, "epsilon": 3.8062162160152564, "gamma": 0.041323646298060276}, "datetime": {"datetime": "2021-09-22 20:42:22", "elapsed": 273.246281, "delta": 1.27478}}
{"target": -32.62565803271937, "params": {"C": 17759.102444779484, "epsilon": 10.91070874234762, "gamma": 0.005124401487629392}, "datetime": {"datetime": "2021-09-22 20:42:24", "elapsed": 275.040172, "delta": 1.793891}}
{"target": -229.7463616969904, "params": {"C": 15177.332917889615, "epsilon": 15.33720599897714, "gamma": 0.040385955901902325}, "datetime": {"datetime": "2021-09-22 20:42:25", "elapsed": 276.399952, "delta": 1.35978}}
{"target": -64.02760569019415, "params": {"C": 17945.8349744331, "epsilon": 17.596878262411163, "gamma": 0.010600513121426342}, "datetime": {"datetime": "2021-09-22 20:42:27", "elapsed": 277.702986, "delta": 1.303034}}
{"target": -232.0564842368115, "params": {"C": 17300.693755497225, "epsilon": 0.5944991467412694, "gamma": 0.04133840510639042}, "datetime": {"datetime": "2021-09-22 20:42:28", "elapsed": 279.379314, "delta": 1.676328}}
{"target": -221.19482578487708, "params": {"C": 9541.613277169294, "epsilon": 28.447721618325694, "gamma": 0.03834596645213477}, "datetime": {"datetime": "2021-09-22 20:42:30", "elapsed": 280.944732, "delta": 1.565418}}
{"target": -124.45071145293359, "params": {"C": 18121.605564443547, "epsilon": 18.98901694176696, "gamma": 0.022136226449817557}, "datetime": {"datetime": "2021-09-22 20:42:31", "elapsed": 282.253968, "delta": 1.309236}}
{"target": -122.75880485836936, "params": {"C": 15364.814422476027, "epsilon": 20.741762501837698, "gamma": 0.021735189172126322}, "datetime": {"datetime": "2021-09-22 20:42:32", "elapsed": 283.534951, "delta": 1.280983}}
{"target": -28.406482336937444, "params": {"C": 6181.469633772896, "epsilon": 11.578743130393216, "gamma": 0.004035159920992993}, "datetime": {"datetime": "2021-09-22 20:42:34", "elapsed": 284.914987, "delta": 1.380036}}
{"target": -31.372956581270262, "params": {"C": 12219.006982655743, "epsilon": 7.055936828048592, "gamma": 0.005182114119606424}, "datetime": {"datetime": "2021-09-22 20:42:36", "elapsed": 287.04159, "delta": 2.126603}}
{"target": -269.04740576589666, "params": {"C": 19659.06125555302, "epsilon": 11.249854039701761, "gamma": 0.047132258253853386}, "datetime": {"datetime": "2021-09-22 20:42:37", "elapsed": 288.365612, "delta": 1.324022}}
{"target": -183.92280725513052, "params": {"C": 10075.347952446513, "epsilon": 22.971709307663918, "gamma": 0.032363979621625794}, "datetime": {"datetime": "2021-09-22 20:42:39", "elapsed": 289.726942, "delta": 1.36133}}
{"target": -189.8326033854501, "params": {"C": 7891.658212849072, "epsilon": 21.506780519232752, "gamma": 0.03341915859089138}, "datetime": {"datetime": "2021-09-22 20:42:40", "elapsed": 290.939206, "delta": 1.212264}}
{"target": -105.72468702921057, "params": {"C": 10901.292112108895, "epsilon": 23.152412817471028, "gamma": 0.018338213245193993}, "datetime": {"datetime": "2021-09-22 20:42:41", "elapsed": 292.217628, "delta": 1.278422}}
{"target": -104.45248408729526, "params": {"C": 9010.459779853183, "epsilon": 23.094904879718957, "gamma": 0.018109060153187976}, "datetime": {"datetime": "2021-09-22 20:42:43", "elapsed": 293.764941, "delta": 1.547313}}
{"target": -76.3044584229422, "params": {"C": 9657.960503574195, "epsilon": 16.508281015117607, "gamma": 0.013064904173541907}, "datetime": {"datetime": "2021-09-22 20:42:44", "elapsed": 295.429185, "delta": 1.664244}}
{"target": -52.50949300760853, "params": {"C": 8163.831366403547, "epsilon": 5.0216714130051505, "gamma": 0.009296279515946363}, "datetime": {"datetime": "2021-09-22 20:42:46", "elapsed": 296.916586, "delta": 1.487401}}
{"target": -129.3387105628244, "params": {"C": 14864.026546592351, "epsilon": 11.860789723396604, "gamma": 0.02342514131780147}, "datetime": {"datetime": "2021-09-22 20:42:47", "elapsed": 298.16923, "delta": 1.252644}}
{"target": -279.9138003208224, "params": {"C": 11679.57573271697, "epsilon": 24.481905509714046, "gamma": 0.048467407150022755}, "datetime": {"datetime": "2021-09-22 20:42:49", "elapsed": 300.185949, "delta": 2.016719}}
{"target": -285.2232488273622, "params": {"C": 9640.736428455357, "epsilon": 14.855057063417439, "gamma": 0.04973921048823248}, "datetime": {"datetime": "2021-09-22 20:42:51", "elapsed": 301.870416, "delta": 1.684467}}
{"target": -257.5322991594868, "params": {"C": 18957.383031687074, "epsilon": 27.881887751637773, "gamma": 0.04452857917514648}, "datetime": {"datetime": "2021-09-22 20:42:52", "elapsed": 303.135879, "delta": 1.265463}}
{"target": -112.65565687125593, "params": {"C": 11615.603038555675, "epsilon": 24.74473136643849, "gamma": 0.01956542687674992}, "datetime": {"datetime": "2021-09-22 20:42:53", "elapsed": 304.406857, "delta": 1.270978}}
{"target": -117.43893940418793, "params": {"C": 19041.007384632547, "epsilon": 24.062343540845845, "gamma": 0.020555024076707312}, "datetime": {"datetime": "2021-09-22 20:42:55", "elapsed": 305.665806, "delta": 1.258949}}
{"target": -171.71645323008508, "params": {"C": 8478.018793068783, "epsilon": 27.274973287917767, "gamma": 0.030098305100411754}, "datetime": {"datetime": "2021-09-22 20:42:56", "elapsed": 306.856803, "delta": 1.190997}}
{"target": -76.90910722912129, "params": {"C": 14680.562334752298, "epsilon": 26.886368359742765, "gamma": 0.012415997500222504}, "datetime": {"datetime": "2021-09-22 20:42:57", "elapsed": 308.222538, "delta": 1.365735}}
{"target": -274.6054824062792, "params": {"C": 15077.467987805032, "epsilon": 23.246670716262322, "gamma": 0.04763988277464661}, "datetime": {"datetime": "2021-09-22 20:42:58", "elapsed": 309.429785, "delta": 1.207247}}
{"target": -236.33192246940752, "params": {"C": 10657.962000328684, "epsilon": 9.984830508277984, "gamma": 0.041677525239192645}, "datetime": {"datetime": "2021-09-22 20:43:00", "elapsed": 310.631053, "delta": 1.201268}}
{"target": -186.84054094992055, "params": {"C": 9781.331719966836, "epsilon": 16.606962523452044, "gamma": 0.03312705598794675}, "datetime": {"datetime": "2021-09-22 20:43:01", "elapsed": 311.889134, "delta": 1.258081}}
{"target": -68.68326249761228, "params": {"C": 18871.84815300328, "epsilon": 21.093521101450186, "gamma": 0.011234140051334093}, "datetime": {"datetime": "2021-09-22 20:43:02", "elapsed": 313.424418, "delta": 1.535284}}
{"target": -259.6459646046479, "params": {"C": 10757.386846420472, "epsilon": 18.58199094066847, "gamma": 0.04528445766330986}, "datetime": {"datetime": "2021-09-22 20:43:04", "elapsed": 315.395862, "delta": 1.971444}}
{"target": -275.431215673956, "params": {"C": 15104.38969904509, "epsilon": 5.921996224356731, "gamma": 0.04842400524362324}, "datetime": {"datetime": "2021-09-22 20:43:06", "elapsed": 317.083996, "delta": 1.688134}}
{"target": -164.99389762548924, "params": {"C": 7455.943406098846, "epsilon": 3.141784400493632, "gamma": 0.02996834565671807}, "datetime": {"datetime": "2021-09-22 20:43:07", "elapsed": 318.35626, "delta": 1.272264}}
{"target": -143.82082701550397, "params": {"C": 7190.150215508078, "epsilon": 11.005828517840984, "gamma": 0.025894998929636454}, "datetime": {"datetime": "2021-09-22 20:43:09", "elapsed": 320.081865, "delta": 1.725605}}
{"target": -255.91325084663143, "params": {"C": 18999.044210562366, "epsilon": 23.640980622342415, "gamma": 0.04445120104412728}, "datetime": {"datetime": "2021-09-22 20:43:10", "elapsed": 321.440722, "delta": 1.358857}}
{"target": -106.41405224883005, "params": {"C": 6401.63276618176, "epsilon": 16.13926803752242, "gamma": 0.018697558896851773}, "datetime": {"datetime": "2021-09-22 20:43:12", "elapsed": 323.099374, "delta": 1.658652}}
{"target": -154.8923172458845, "params": {"C": 11235.26607036934, "epsilon": 12.649235931755486, "gamma": 0.027903853893559996}, "datetime": {"datetime": "2021-09-22 20:43:13", "elapsed": 324.436173, "delta": 1.336799}}
{"target": -244.77986305367313, "params": {"C": 17825.701164318256, "epsilon": 0.7785321266367096, "gamma": 0.04346233482705839}, "datetime": {"datetime": "2021-09-22 20:43:15", "elapsed": 325.806316, "delta": 1.370143}}
{"target": -207.8776546079073, "params": {"C": 8348.177062943276, "epsilon": 19.452470007610014, "gamma": 0.036534612277988696}, "datetime": {"datetime": "2021-09-22 20:43:16", "elapsed": 327.532108, "delta": 1.725792}}
{"target": -267.75996617845175, "params": {"C": 16438.642250402307, "epsilon": 7.727008355402684, "gamma": 0.04705593413183335}, "datetime": {"datetime": "2021-09-22 20:43:18", "elapsed": 329.322466, "delta": 1.790358}}
{"target": -106.04311435063404, "params": {"C": 15125.308273406044, "epsilon": 12.628116182259156, "gamma": 0.01911138173724858}, "datetime": {"datetime": "2021-09-22 20:43:20", "elapsed": 330.690076, "delta": 1.36761}}
{"target": -164.08181834566844, "params": {"C": 17771.381724589228, "epsilon": 6.890187416907362, "gamma": 0.02977630965883509}, "datetime": {"datetime": "2021-09-22 20:43:21", "elapsed": 332.103919, "delta": 1.413843}}
{"target": -232.48398995816765, "params": {"C": 9027.72617231149, "epsilon": 16.726291253288988, "gamma": 0.04079481676311569}, "datetime": {"datetime": "2021-09-22 20:43:22", "elapsed": 333.609683, "delta": 1.505764}}
{"target": -165.17019278249205, "params": {"C": 17476.15954737225, "epsilon": 20.22092521338155, "gamma": 0.029292891213990622}, "datetime": {"datetime": "2021-09-22 20:43:24", "elapsed": 334.9963, "delta": 1.386617}}
{"target": -113.0876224186487, "params": {"C": 7692.807824017876, "epsilon": 25.041252686761464, "gamma": 0.019588311440784205}, "datetime": {"datetime": "2021-09-22 20:43:25", "elapsed": 336.307005, "delta": 1.310705}}
