{"target": -117.11820552353713, "params": {"C": 18786.200827067325, "epsilon": 29.075239602099153, "gamma": 0.020132823929991918}, "datetime": {"datetime": "2021-09-22 20:15:57", "elapsed": 25.733606, "delta": 0.431952}}
{"target": -1433.215299724766, "params": {"C": 4089.5422698795423, "epsilon": 25.689767785511386, "gamma": 0.4593959988606136}, "datetime": {"datetime": "2021-09-22 20:15:57", "elapsed": 26.125606, "delta": 0.392}}
{"target": -786.2214945628623, "params": {"C": 861.5678391033139, "epsilon": 12.207538645745593, "gamma": 0.10642627080880457}, "datetime": {"datetime": "2021-09-22 20:15:57", "elapsed": 26.516735, "delta": 0.391129}}
{"target": -1324.1683650875416, "params": {"C": 11962.884854991617, "epsilon": 3.369321366853807, "gamma": 0.33601963171716154}, "datetime": {"datetime": "2021-09-22 20:15:58", "elapsed": 26.992341, "delta": 0.475606}}
{"target": -432.916639870595, "params": {"C": 5899.770707765669, "epsilon": 0.35431942799248783, "gamma": 0.07796199665471898}, "datetime": {"datetime": "2021-09-22 20:15:58", "elapsed": 27.397149, "delta": 0.404808}}
{"target": -1506.1445439939778, "params": {"C": 1332.940531598211, "epsilon": 14.817944756152507, "gamma": 0.4381347604184733}, "datetime": {"datetime": "2021-09-22 20:15:59", "elapsed": 27.773963, "delta": 0.376814}}
{"target": -1521.2848122271257, "params": {"C": 1126.897214189339, "epsilon": 20.23306138592748, "gamma": 0.43396501059753423}, "datetime": {"datetime": "2021-09-22 20:15:59", "elapsed": 28.178822, "delta": 0.404859}}
{"target": -1325.7952459107476, "params": {"C": 8341.556362427844, "epsilon": 20.23418834527151, "gamma": 0.3357074906232086}, "datetime": {"datetime": "2021-09-22 20:15:59", "elapsed": 28.581725, "delta": 0.402903}}
{"target": -447.5502816613512, "params": {"C": 7801.467800383269, "epsilon": 0.37994266120490827, "gamma": 0.08099276280506156}, "datetime": {"datetime": "2021-09-22 20:16:00", "elapsed": 29.027186, "delta": 0.445461}}
{"target": -1345.0770207436262, "params": {"C": 19049.824928674436, "epsilon": 6.660886303077809, "gamma": 0.35365681647904557}, "datetime": {"datetime": "2021-09-22 20:16:00", "elapsed": 29.459475, "delta": 0.432289}}
{"target": -869.3554384264434, "params": {"C": 7816.771170019564, "epsilon": 5.543091110064702, "gamma": 0.15806540088207383}, "datetime": {"datetime": "2021-09-22 20:16:01", "elapsed": 29.865468, "delta": 0.405993}}
{"target": -813.0145268570396, "params": {"C": 5481.08832920976, "epsilon": 22.47941561026411, "gamma": 0.1455005463075586}, "datetime": {"datetime": "2021-09-22 20:16:01", "elapsed": 30.305334, "delta": 0.439866}}
{"target": -1297.0526148521476, "params": {"C": 1670.6830468624394, "epsilon": 5.861662286113862, "gamma": 0.2631235993702741}, "datetime": {"datetime": "2021-09-22 20:16:02", "elapsed": 30.75122, "delta": 0.445886}}
{"target": -1126.5338518331089, "params": {"C": 4089.287709785448, "epsilon": 26.472778105109537, "gamma": 0.227378915025597}, "datetime": {"datetime": "2021-09-22 20:16:02", "elapsed": 31.196041, "delta": 0.444821}}
{"target": -407.8279880682029, "params": {"C": 18479.37754162434, "epsilon": 0.7571372871596778, "gamma": 0.07291784785557366}, "datetime": {"datetime": "2021-09-22 20:16:03", "elapsed": 31.810185, "delta": 0.614144}}
{"target": -394.57477651422647, "params": {"C": 3523.457405031806, "epsilon": 5.950016116731373, "gamma": 0.06923887234835394}, "datetime": {"datetime": "2021-09-22 20:16:03", "elapsed": 32.305189, "delta": 0.495004}}
{"target": -377.4948112609108, "params": {"C": 18084.17912799581, "epsilon": 1.7057733172185197, "gamma": 0.06702693176825071}, "datetime": {"datetime": "2021-09-22 20:16:04", "elapsed": 32.767273, "delta": 0.462084}}
{"target": -1415.4831673762556, "params": {"C": 14331.20247445274, "epsilon": 16.997060112923528, "gamma": 0.4335203406669738}, "datetime": {"datetime": "2021-09-22 20:16:04", "elapsed": 33.21326, "delta": 0.445987}}
{"target": -1331.24239015597, "params": {"C": 18853.25107745098, "epsilon": 15.75421024602936, "gamma": 0.3406443483199076}, "datetime": {"datetime": "2021-09-22 20:16:04", "elapsed": 33.681236, "delta": 0.467976}}
{"target": -1366.463401694663, "params": {"C": 13440.949750960684, "epsilon": 6.143553030294305, "gamma": 0.37448180411999893}, "datetime": {"datetime": "2021-09-22 20:16:05", "elapsed": 34.081242, "delta": 0.400006}}
{"target": -1331.8824767718515, "params": {"C": 5482.492218201561, "epsilon": 24.19728973895811, "gamma": 0.34035528154576916}, "datetime": {"datetime": "2021-09-22 20:16:05", "elapsed": 34.613277, "delta": 0.532035}}
{"target": -1105.0980975202979, "params": {"C": 11340.040347673264, "epsilon": 9.091947920147346, "gamma": 0.22100173248886368}, "datetime": {"datetime": "2021-09-22 20:16:06", "elapsed": 35.085243, "delta": 0.471966}}
{"target": -346.9547862044128, "params": {"C": 4090.1403612328736, "epsilon": 25.230360984861306, "gamma": 0.059874624027543503}, "datetime": {"datetime": "2021-09-22 20:16:06", "elapsed": 35.531461, "delta": 0.446218}}
{"target": -903.3680730890229, "params": {"C": 4853.172433462069, "epsilon": 26.592822804530424, "gamma": 0.16439380439300125}, "datetime": {"datetime": "2021-09-22 20:16:07", "elapsed": 35.907427, "delta": 0.375966}}
{"target": -1433.5911814722792, "params": {"C": 14184.138812387446, "epsilon": 4.8999321259246935, "gamma": 0.46345554979582065}, "datetime": {"datetime": "2021-09-22 20:16:07", "elapsed": 36.377419, "delta": 0.469992}}
{"target": -1343.3031868870978, "params": {"C": 4091.3232838144654, "epsilon": 26.390069265803383, "gamma": 0.34987526745598047}, "datetime": {"datetime": "2021-09-22 20:16:08", "elapsed": 36.884455, "delta": 0.507036}}
{"target": -1362.8738453703147, "params": {"C": 5898.590627459246, "epsilon": 1.1034170883596977, "gamma": 0.3713114880680288}, "datetime": {"datetime": "2021-09-22 20:16:08", "elapsed": 37.359461, "delta": 0.475006}}
{"target": -539.7317553104386, "params": {"C": 1725.874975512135, "epsilon": 17.799791708555418, "gamma": 0.09148142002412098}, "datetime": {"datetime": "2021-09-22 20:16:09", "elapsed": 37.892598, "delta": 0.533137}}
{"target": -1363.9074522947067, "params": {"C": 810.4917658530153, "epsilon": 16.028989042372462, "gamma": 0.21956454503304718}, "datetime": {"datetime": "2021-09-22 20:16:09", "elapsed": 38.387159, "delta": 0.494561}}
{"target": -1430.4921060368265, "params": {"C": 9547.35860513159, "epsilon": 29.27820293435051, "gamma": 0.45476470845873856}, "datetime": {"datetime": "2021-09-22 20:16:10", "elapsed": 38.859184, "delta": 0.472025}}
{"target": -313.639117221808, "params": {"C": 6048.197119569967, "epsilon": 5.395937830624372, "gamma": 0.055058764298078884}, "datetime": {"datetime": "2021-09-22 20:16:10", "elapsed": 39.393177, "delta": 0.533993}}
{"target": -866.2164633176174, "params": {"C": 18787.14670929483, "epsilon": 28.73216430871409, "gamma": 0.15606955754933088}, "datetime": {"datetime": "2021-09-22 20:16:11", "elapsed": 39.917171, "delta": 0.523994}}
{"target": -582.9331187461536, "params": {"C": 2395.8626461574836, "epsilon": 25.809323199132315, "gamma": 0.1023823308174088}, "datetime": {"datetime": "2021-09-22 20:16:11", "elapsed": 40.462178, "delta": 0.545007}}
{"target": -1362.7789824641443, "params": {"C": 3997.4560163429633, "epsilon": 9.070924834996255, "gamma": 0.3699870055835818}, "datetime": {"datetime": "2021-09-22 20:16:12", "elapsed": 40.865214, "delta": 0.403036}}
{"target": -805.9492002473676, "params": {"C": 5478.312165390948, "epsilon": 22.555997602682613, "gamma": 0.14410137844098916}, "datetime": {"datetime": "2021-09-22 20:16:12", "elapsed": 41.474169, "delta": 0.608955}}
{"target": -301.99098899092894, "params": {"C": 8137.196283309524, "epsilon": 22.049033240287002, "gamma": 0.05232144460650611}, "datetime": {"datetime": "2021-09-22 20:16:13", "elapsed": 41.906213, "delta": 0.432044}}
{"target": -890.6618122414445, "params": {"C": 6047.928792116776, "epsilon": 5.641082664061889, "gamma": 0.16273201058918982}, "datetime": {"datetime": "2021-09-22 20:16:13", "elapsed": 42.387216, "delta": 0.481003}}
{"target": -1282.1373003217573, "params": {"C": 5285.578877828114, "epsilon": 14.843160091584803, "gamma": 0.30454113835487023}, "datetime": {"datetime": "2021-09-22 20:16:14", "elapsed": 42.823213, "delta": 0.435997}}
{"target": -995.386277848558, "params": {"C": 2395.3050476690228, "epsilon": 25.71305833065437, "gamma": 0.180928060081949}, "datetime": {"datetime": "2021-09-22 20:16:14", "elapsed": 43.37818, "delta": 0.554967}}
{"target": -1218.9408097948976, "params": {"C": 8190.429815599101, "epsilon": 25.437906376785612, "gamma": 0.26720551027637596}, "datetime": {"datetime": "2021-09-22 20:16:15", "elapsed": 43.804615, "delta": 0.426435}}
{"target": -1249.9384440818665, "params": {"C": 8339.852931808735, "epsilon": 18.940246273996745, "gamma": 0.2844936334056663}, "datetime": {"datetime": "2021-09-22 20:16:15", "elapsed": 44.341617, "delta": 0.537002}}
{"target": -1434.2096351459666, "params": {"C": 10582.616294347952, "epsilon": 4.3304886086388015, "gamma": 0.4645838371265272}, "datetime": {"datetime": "2021-09-22 20:16:16", "elapsed": 44.821654, "delta": 0.480037}}
{"target": -1288.793883305772, "params": {"C": 15899.6291286138, "epsilon": 15.772234824831, "gamma": 0.30883680371380057}, "datetime": {"datetime": "2021-09-22 20:16:16", "elapsed": 45.309614, "delta": 0.48796}}
{"target": -584.8839854270077, "params": {"C": 11672.423522226685, "epsilon": 16.18994860264309, "gamma": 0.10549722163528934}, "datetime": {"datetime": "2021-09-22 20:16:17", "elapsed": 45.816614, "delta": 0.507}}
{"target": -906.3336099932536, "params": {"C": 13597.36283464901, "epsilon": 13.401200871228635, "gamma": 0.16583733408526122}, "datetime": {"datetime": "2021-09-22 20:16:17", "elapsed": 46.305617, "delta": 0.489003}}
{"target": -346.45708435592104, "params": {"C": 611.3163087324274, "epsilon": 22.689672937870924, "gamma": 0.04103828987846359}, "datetime": {"datetime": "2021-09-22 20:16:18", "elapsed": 46.821404, "delta": 0.515787}}
{"target": -910.9752883003297, "params": {"C": 19931.026779184333, "epsilon": 28.668628092798052, "gamma": 0.16601487516648872}, "datetime": {"datetime": "2021-09-22 20:16:18", "elapsed": 47.278404, "delta": 0.457}}
{"target": -238.9155764914066, "params": {"C": 19930.899799366325, "epsilon": 29.318829341692172, "gamma": 0.041338007458277204}, "datetime": {"datetime": "2021-09-22 20:16:19", "elapsed": 47.853367, "delta": 0.574963}}
{"target": -1307.4896025795936, "params": {"C": 610.902346810104, "epsilon": 21.960726218474225, "gamma": 0.17355364529765124}, "datetime": {"datetime": "2021-09-22 20:16:19", "elapsed": 48.401404, "delta": 0.548037}}
{"target": -1396.1459502466334, "params": {"C": 5481.262324927555, "epsilon": 21.746817438449636, "gamma": 0.4068554022875285}, "datetime": {"datetime": "2021-09-22 20:16:20", "elapsed": 48.912444, "delta": 0.51104}}
{"target": -1479.706386220808, "params": {"C": 1333.1154073758823, "epsilon": 15.938986773246803, "gamma": 0.389861894905541}, "datetime": {"datetime": "2021-09-22 20:16:20", "elapsed": 49.467403, "delta": 0.554959}}
{"target": -660.9173124027526, "params": {"C": 18783.677726403912, "epsilon": 5.378874228695104, "gamma": 0.11875803095322172}, "datetime": {"datetime": "2021-09-22 20:16:21", "elapsed": 49.939404, "delta": 0.472001}}
{"target": -833.2645094673207, "params": {"C": 9167.22181701969, "epsilon": 24.648889651558452, "gamma": 0.14942831138028742}, "datetime": {"datetime": "2021-09-22 20:16:21", "elapsed": 50.519404, "delta": 0.58}}
{"target": -1424.4597252030578, "params": {"C": 8575.265943373708, "epsilon": 22.28224700223962, "gamma": 0.44625099098138615}, "datetime": {"datetime": "2021-09-22 20:16:22", "elapsed": 51.015405, "delta": 0.496001}}
{"target": -1579.9163580366064, "params": {"C": 611.6352310270877, "epsilon": 23.18996569987345, "gamma": 0.4760273689031088}, "datetime": {"datetime": "2021-09-22 20:16:22", "elapsed": 51.627399, "delta": 0.611994}}
{"target": -344.11541217122436, "params": {"C": 10468.903534789504, "epsilon": 0.501032838138522, "gamma": 0.0609212920716802}, "datetime": {"datetime": "2021-09-22 20:16:23", "elapsed": 52.6884, "delta": 1.061001}}
{"target": -1365.6709192122237, "params": {"C": 860.4792491639517, "epsilon": 12.681948522325955, "gamma": 0.2268059590821485}, "datetime": {"datetime": "2021-09-22 20:16:24", "elapsed": 53.307922, "delta": 0.619522}}
{"target": -799.4928209686967, "params": {"C": 5478.374099147024, "epsilon": 21.040573375453228, "gamma": 0.14292785679482148}, "datetime": {"datetime": "2021-09-22 20:16:25", "elapsed": 53.980929, "delta": 0.673007}}
{"target": -1341.5143259853573, "params": {"C": 11963.757924373775, "epsilon": 5.767379934668674, "gamma": 0.35052475164830815}, "datetime": {"datetime": "2021-09-22 20:16:25", "elapsed": 54.592928, "delta": 0.611999}}
{"target": -1062.4634806652605, "params": {"C": 4090.1757037974517, "epsilon": 24.52509983310424, "gamma": 0.20636056552156248}, "datetime": {"datetime": "2021-09-22 20:16:26", "elapsed": 55.273957, "delta": 0.681029}}
{"target": -687.055369011648, "params": {"C": 860.6582892101227, "epsilon": 12.16932835360314, "gamma": 0.09432943702152588}, "datetime": {"datetime": "2021-09-22 20:16:27", "elapsed": 55.848921, "delta": 0.574964}}
{"target": -165.5908095744801, "params": {"C": 18787.10275146228, "epsilon": 29.391291788436025, "gamma": 0.028937966811574952}, "datetime": {"datetime": "2021-09-22 20:16:27", "elapsed": 56.489928, "delta": 0.641007}}
{"target": -835.1989040174311, "params": {"C": 14322.937229989378, "epsilon": 12.080959993946436, "gamma": 0.15054071939146563}, "datetime": {"datetime": "2021-09-22 20:16:28", "elapsed": 57.033918, "delta": 0.54399}}
{"target": -1269.7754187470305, "params": {"C": 9786.620063096952, "epsilon": 1.3605603656267733, "gamma": 0.2977618398652698}, "datetime": {"datetime": "2021-09-22 20:16:28", "elapsed": 57.581922, "delta": 0.548004}}
{"target": -370.66923963044803, "params": {"C": 13975.856682942293, "epsilon": 9.278896384119067, "gamma": 0.06543076938360755}, "datetime": {"datetime": "2021-09-22 20:16:29", "elapsed": 58.160927, "delta": 0.579005}}
{"target": -708.0201361088257, "params": {"C": 9984.34725826657, "epsilon": 6.610827246007058, "gamma": 0.126893659438494}, "datetime": {"datetime": "2021-09-22 20:16:30", "elapsed": 58.724542, "delta": 0.563615}}
{"target": -783.5764982847934, "params": {"C": 8126.213394997696, "epsilon": 18.54372464944147, "gamma": 0.14000583420894247}, "datetime": {"datetime": "2021-09-22 20:16:30", "elapsed": 59.323545, "delta": 0.599003}}
{"target": -1361.4079658976166, "params": {"C": 5133.442218851464, "epsilon": 20.788964336622634, "gamma": 0.36781000517211}, "datetime": {"datetime": "2021-09-22 20:16:31", "elapsed": 59.864546, "delta": 0.541001}}
{"target": -460.658394411052, "params": {"C": 11671.9741232626, "epsilon": 16.146404238301525, "gamma": 0.08286934532524305}, "datetime": {"datetime": "2021-09-22 20:16:31", "elapsed": 60.467543, "delta": 0.602997}}
{"target": -635.8829435137579, "params": {"C": 1725.06893422078, "epsilon": 17.08777304439057, "gamma": 0.10799072342450389}, "datetime": {"datetime": "2021-09-22 20:16:32", "elapsed": 61.146502, "delta": 0.678959}}
{"target": -913.1543753670348, "params": {"C": 11854.257855851394, "epsilon": 24.824797279485527, "gamma": 0.16674130530090883}, "datetime": {"datetime": "2021-09-22 20:16:33", "elapsed": 61.767503, "delta": 0.621001}}
{"target": -385.7484750434948, "params": {"C": 12279.755781609636, "epsilon": 7.079950376654213, "gamma": 0.06839504893078263}, "datetime": {"datetime": "2021-09-22 20:16:33", "elapsed": 62.33851, "delta": 0.571007}}
{"target": -713.6269955454381, "params": {"C": 7693.244704558732, "epsilon": 9.338833186591232, "gamma": 0.1277502191157371}, "datetime": {"datetime": "2021-09-22 20:16:34", "elapsed": 62.940519, "delta": 0.602009}}
{"target": -1364.7818994534202, "params": {"C": 4852.369447522063, "epsilon": 27.24056350196944, "gamma": 0.37054415840563276}, "datetime": {"datetime": "2021-09-22 20:16:34", "elapsed": 63.626507, "delta": 0.685988}}
{"target": -1449.8739726180168, "params": {"C": 9734.595854925612, "epsilon": 25.020058659658446, "gamma": 0.48885209366469895}, "datetime": {"datetime": "2021-09-22 20:16:35", "elapsed": 64.173506, "delta": 0.546999}}
{"target": -1149.3982667517346, "params": {"C": 16970.987935689423, "epsilon": 4.514219013215698, "gamma": 0.23759578757702865}, "datetime": {"datetime": "2021-09-22 20:16:36", "elapsed": 64.758511, "delta": 0.585005}}
{"target": -948.7856003701411, "params": {"C": 4090.3961700374807, "epsilon": 25.756952795625363, "gamma": 0.17513131531986112}, "datetime": {"datetime": "2021-09-22 20:16:36", "elapsed": 65.476922, "delta": 0.718411}}
{"target": -1372.0468156257311, "params": {"C": 8738.332560395656, "epsilon": 5.992392225688399, "gamma": 0.3804078811149462}, "datetime": {"datetime": "2021-09-22 20:16:37", "elapsed": 66.173922, "delta": 0.697}}
{"target": -370.9881365973111, "params": {"C": 7036.336593160036, "epsilon": 7.051405671367427, "gamma": 0.06558425271323158}, "datetime": {"datetime": "2021-09-22 20:16:38", "elapsed": 66.805922, "delta": 0.632}}
{"target": -1388.0513489695288, "params": {"C": 11756.80814161584, "epsilon": 16.015539738407153, "gamma": 0.39757736996443077}, "datetime": {"datetime": "2021-09-22 20:16:38", "elapsed": 67.385262, "delta": 0.57934}}
{"target": -1208.020632823825, "params": {"C": 13976.813396586289, "epsilon": 9.689008399934474, "gamma": 0.26293656409656857}, "datetime": {"datetime": "2021-09-22 20:16:39", "elapsed": 68.01327, "delta": 0.628008}}
{"target": -1433.108695794916, "params": {"C": 9167.198684346784, "epsilon": 24.418117555395416, "gamma": 0.45973789211452076}, "datetime": {"datetime": "2021-09-22 20:16:39", "elapsed": 68.687396, "delta": 0.674126}}
{"target": -248.26801367182918, "params": {"C": 4090.8514832512465, "epsilon": 26.17592938545855, "gamma": 0.04255073825634039}, "datetime": {"datetime": "2021-09-22 20:16:40", "elapsed": 69.373228, "delta": 0.685832}}
{"target": -1363.4258441692095, "params": {"C": 860.7848088386094, "epsilon": 12.052777391787151, "gamma": 0.22581362054781695}, "datetime": {"datetime": "2021-09-22 20:16:41", "elapsed": 69.92522, "delta": 0.551992}}
{"target": -280.8099384076656, "params": {"C": 18787.338093376602, "epsilon": 28.922219845828124, "gamma": 0.04840656310209796}, "datetime": {"datetime": "2021-09-22 20:16:41", "elapsed": 70.636068, "delta": 0.710848}}
{"target": -494.75663662515, "params": {"C": 16784.139664282426, "epsilon": 12.17525049461898, "gamma": 0.08959183795276149}, "datetime": {"datetime": "2021-09-22 20:16:42", "elapsed": 71.224462, "delta": 0.588394}}
{"target": -535.5159251703014, "params": {"C": 278.6831113429104, "epsilon": 22.404133438710456, "gamma": 0.043522045382894295}, "datetime": {"datetime": "2021-09-22 20:16:43", "elapsed": 71.814078, "delta": 0.589616}}
{"target": -1444.7032742913511, "params": {"C": 13596.646826961527, "epsilon": 13.232837804288407, "gamma": 0.4814751529967777}, "datetime": {"datetime": "2021-09-22 20:16:43", "elapsed": 72.453874, "delta": 0.639796}}
{"target": -1366.8879423326332, "params": {"C": 19930.120750396298, "epsilon": 28.964628633197172, "gamma": 0.3725295832928866}, "datetime": {"datetime": "2021-09-22 20:16:44", "elapsed": 73.195162, "delta": 0.741288}}
{"target": -970.6662435768125, "params": {"C": 6780.197118789532, "epsilon": 9.541036464966535, "gamma": 0.181632684524183}, "datetime": {"datetime": "2021-09-22 20:16:45", "elapsed": 73.810852, "delta": 0.61569}}
{"target": -570.9056335269048, "params": {"C": 1726.0427638759668, "epsilon": 16.58789004566295, "gamma": 0.09697071133319315}, "datetime": {"datetime": "2021-09-22 20:16:45", "elapsed": 74.486237, "delta": 0.675385}}
{"target": -1127.672036342953, "params": {"C": 5477.856811745842, "epsilon": 22.634127314621782, "gamma": 0.2280642734522183}, "datetime": {"datetime": "2021-09-22 20:16:46", "elapsed": 75.244647, "delta": 0.75841}}
{"target": -1289.8736984730747, "params": {"C": 997.388179736413, "epsilon": 4.639780039475909, "gamma": 0.21051752487883887}, "datetime": {"datetime": "2021-09-22 20:16:47", "elapsed": 75.87113, "delta": 0.626483}}
{"target": -1248.0381776254883, "params": {"C": 10288.484638209118, "epsilon": 2.121211037031281, "gamma": 0.28474023899579737}, "datetime": {"datetime": "2021-09-22 20:16:47", "elapsed": 76.48846, "delta": 0.61733}}
{"target": -201.1151049147878, "params": {"C": 6566.578282390185, "epsilon": 12.599740225057712, "gamma": 0.035664375807350844}, "datetime": {"datetime": "2021-09-22 20:16:48", "elapsed": 77.131122, "delta": 0.642662}}
{"target": -918.831442182099, "params": {"C": 2564.56812202468, "epsilon": 1.1759782178178242, "gamma": 0.16578855102287496}, "datetime": {"datetime": "2021-09-22 20:16:49", "elapsed": 77.763255, "delta": 0.632133}}
{"target": -509.90312103931626, "params": {"C": 2719.401020493286, "epsilon": 0.35921937122849745, "gamma": 0.09131670031804948}, "datetime": {"datetime": "2021-09-22 20:16:49", "elapsed": 78.410866, "delta": 0.647611}}
{"target": -64.51054911226825, "params": {"C": 19930.526966263893, "epsilon": 29.325014750932784, "gamma": 0.009939380588068536}, "datetime": {"datetime": "2021-09-22 20:16:50", "elapsed": 79.214323, "delta": 0.803457}}
{"target": -705.869178493995, "params": {"C": 8340.494477331926, "epsilon": 21.129655183858553, "gamma": 0.12567196473870387}, "datetime": {"datetime": "2021-09-22 20:16:51", "elapsed": 79.920658, "delta": 0.706335}}
{"target": -644.3229169370808, "params": {"C": 19325.850120436728, "epsilon": 16.860343240522337, "gamma": 0.11530006928304491}, "datetime": {"datetime": "2021-09-22 20:16:51", "elapsed": 80.569248, "delta": 0.64859}}
{"target": -1326.8314817667806, "params": {"C": 9984.069217121176, "epsilon": 6.4120513735901605, "gamma": 0.3379109601597057}, "datetime": {"datetime": "2021-09-22 20:16:52", "elapsed": 81.412204, "delta": 0.842956}}
