{"target": -222.55679837288926, "params": {"C": 16849.66730499425, "epsilon": 28.060129797118112, "gamma": 0.10564402342270206}, "datetime": {"datetime": "2021-09-22 19:50:26", "elapsed": 225.384991, "delta": 0.927592}}
{"target": -95.5328427101922, "params": {"C": 14860.622261700568, "epsilon": 25.081807283391445, "gamma": 0.04324922413268218}, "datetime": {"datetime": "2021-09-22 19:50:27", "elapsed": 226.393576, "delta": 1.008585}}
{"target": -218.602542834808, "params": {"C": 13969.786325748539, "epsilon": 13.772154144428233, "gamma": 0.10773737352925754}, "datetime": {"datetime": "2021-09-22 19:50:28", "elapsed": 227.443567, "delta": 1.049991}}
{"target": -248.0940253091806, "params": {"C": 7676.505149052434, "epsilon": 25.81661471667739, "gamma": 0.11891460684064899}, "datetime": {"datetime": "2021-09-22 19:50:29", "elapsed": 228.411518, "delta": 0.967951}}
{"target": -239.5412179957314, "params": {"C": 8778.916073419048, "epsilon": 19.55166656427253, "gamma": 0.11644330531648431}, "datetime": {"datetime": "2021-09-22 19:50:30", "elapsed": 229.40228, "delta": 0.990762}}
{"target": -39.711392092664326, "params": {"C": 11928.012148180249, "epsilon": 23.123017399704423, "gamma": 0.012199044864522992}, "datetime": {"datetime": "2021-09-22 19:50:31", "elapsed": 230.384259, "delta": 0.981979}}
{"target": -33.55963426798413, "params": {"C": 19657.26034011003, "epsilon": 8.408704141609476, "gamma": 0.014334504139088452}, "datetime": {"datetime": "2021-09-22 19:50:33", "elapsed": 232.211476, "delta": 1.827217}}
{"target": -10.964662868970791, "params": {"C": 13446.182392513008, "epsilon": 10.127878698596223, "gamma": 0.0008321621762347945}, "datetime": {"datetime": "2021-09-22 19:50:34", "elapsed": 233.100902, "delta": 0.889426}}
{"target": -219.3418253206603, "params": {"C": 11363.479262898054, "epsilon": 22.40561238012082, "gamma": 0.10569782984124053}, "datetime": {"datetime": "2021-09-22 19:50:35", "elapsed": 234.084724, "delta": 0.983822}}
{"target": -294.3239218895654, "params": {"C": 11786.954304716499, "epsilon": 9.645889716260765, "gamma": 0.1452671730618118}, "datetime": {"datetime": "2021-09-22 19:50:36", "elapsed": 235.094077, "delta": 1.009353}}
{"target": -129.71529529743984, "params": {"C": 9836.04831216532, "epsilon": 23.006794559202216, "gamma": 0.06198555738487122}, "datetime": {"datetime": "2021-09-22 19:50:37", "elapsed": 236.623448, "delta": 1.529371}}
{"target": -153.35461376803423, "params": {"C": 15480.279731436285, "epsilon": 15.598657454418417, "gamma": 0.07549601725779995}, "datetime": {"datetime": "2021-09-22 19:50:39", "elapsed": 238.106228, "delta": 1.48278}}
{"target": -160.42442278374764, "params": {"C": 7794.628730354983, "epsilon": 0.9849435944506795, "gamma": 0.0826998001009016}, "datetime": {"datetime": "2021-09-22 19:50:40", "elapsed": 239.402095, "delta": 1.295867}}
{"target": -66.02888023305518, "params": {"C": 6194.046990089746, "epsilon": 22.30205813061027, "gamma": 0.02570424476287293}, "datetime": {"datetime": "2021-09-22 19:50:41", "elapsed": 240.701571, "delta": 1.299476}}
{"target": -66.29683278588688, "params": {"C": 11224.616603702743, "epsilon": 23.36127150113261, "gamma": 0.027341082665945673}, "datetime": {"datetime": "2021-09-22 19:50:43", "elapsed": 242.02521, "delta": 1.323639}}
{"target": -269.72261986603974, "params": {"C": 6256.525053828619, "epsilon": 21.693864080294933, "gamma": 0.13033766229646349}, "datetime": {"datetime": "2021-09-22 19:50:44", "elapsed": 243.163251, "delta": 1.138041}}
{"target": -218.80659861466606, "params": {"C": 7882.842529034721, "epsilon": 28.11349027502314, "gamma": 0.10370225153375663}, "datetime": {"datetime": "2021-09-22 19:50:45", "elapsed": 244.408239, "delta": 1.244988}}
{"target": -74.10184635189182, "params": {"C": 15419.622978111705, "epsilon": 7.627882021641822, "gamma": 0.03789738481543813}, "datetime": {"datetime": "2021-09-22 19:50:47", "elapsed": 246.191288, "delta": 1.783049}}
{"target": -279.27011977387315, "params": {"C": 15893.836505196548, "epsilon": 23.879442774987613, "gamma": 0.13460092029291043}, "datetime": {"datetime": "2021-09-22 19:50:48", "elapsed": 247.187826, "delta": 0.996538}}
{"target": -133.37909256755594, "params": {"C": 8659.353239820588, "epsilon": 11.497613280111848, "gamma": 0.06689364249412558}, "datetime": {"datetime": "2021-09-22 19:50:49", "elapsed": 248.390693, "delta": 1.202867}}
{"target": -250.85456638924492, "params": {"C": 11012.817253770383, "epsilon": 24.730268500314214, "gamma": 0.12063672152854049}, "datetime": {"datetime": "2021-09-22 19:50:50", "elapsed": 249.490705, "delta": 1.100012}}
{"target": -59.23215036760724, "params": {"C": 15975.986021299143, "epsilon": 3.946673385620651, "gamma": 0.030523855681974185}, "datetime": {"datetime": "2021-09-22 19:50:53", "elapsed": 252.163219, "delta": 2.672514}}
{"target": -41.60718162127213, "params": {"C": 13349.045532567365, "epsilon": 24.459434021761012, "gamma": 0.013148537774412685}, "datetime": {"datetime": "2021-09-22 19:50:54", "elapsed": 253.421803, "delta": 1.258584}}
{"target": -165.42794824821073, "params": {"C": 6713.296602794919, "epsilon": 8.57099041270381, "gamma": 0.08294203811454263}, "datetime": {"datetime": "2021-09-22 19:50:55", "elapsed": 254.860613, "delta": 1.43881}}
{"target": -30.163718580962957, "params": {"C": 7967.267697730702, "epsilon": 5.991489596106467, "gamma": 0.007284833183517839}, "datetime": {"datetime": "2021-09-22 19:50:57", "elapsed": 255.997663, "delta": 1.13705}}
{"target": -234.8553070794249, "params": {"C": 9396.705110176832, "epsilon": 26.716885652449946, "gamma": 0.11211144343730146}, "datetime": {"datetime": "2021-09-22 19:50:58", "elapsed": 257.381914, "delta": 1.384251}}
{"target": -206.89063920304253, "params": {"C": 19989.44418374706, "epsilon": 7.397284252543539, "gamma": 0.1035636422812481}, "datetime": {"datetime": "2021-09-22 19:50:59", "elapsed": 258.518408, "delta": 1.136494}}
{"target": -167.00872245372474, "params": {"C": 12286.287156292157, "epsilon": 9.967798340203203, "gamma": 0.08380559466450681}, "datetime": {"datetime": "2021-09-22 19:51:00", "elapsed": 259.691189, "delta": 1.172781}}
{"target": -309.86197235602907, "params": {"C": 16378.576091112682, "epsilon": 27.284005031931873, "gamma": 0.14901963748797936}, "datetime": {"datetime": "2021-09-22 19:51:01", "elapsed": 260.695436, "delta": 1.004247}}
{"target": -190.09457047661414, "params": {"C": 18953.614205783717, "epsilon": 23.33338600231593, "gamma": 0.0907667038003324}, "datetime": {"datetime": "2021-09-22 19:51:02", "elapsed": 261.794688, "delta": 1.099252}}
{"target": -94.19018642114008, "params": {"C": 8804.029917279517, "epsilon": 21.60283416423478, "gamma": 0.043331235799338855}, "datetime": {"datetime": "2021-09-22 19:51:04", "elapsed": 263.017099, "delta": 1.222411}}
{"target": -281.1665158907135, "params": {"C": 12011.449523331403, "epsilon": 23.419958822782043, "gamma": 0.13565038074306307}, "datetime": {"datetime": "2021-09-22 19:51:05", "elapsed": 264.103506, "delta": 1.086407}}
{"target": -124.70867373090864, "params": {"C": 6590.150166965587, "epsilon": 4.7515779857808536, "gamma": 0.06337450932802485}, "datetime": {"datetime": "2021-09-22 19:51:06", "elapsed": 265.415302, "delta": 1.311796}}
{"target": -76.002051613135, "params": {"C": 7970.814623937795, "epsilon": 3.824855049021575, "gamma": 0.03692993743079565}, "datetime": {"datetime": "2021-09-22 19:51:08", "elapsed": 267.569264, "delta": 2.153962}}
{"target": -96.59182494943148, "params": {"C": 14170.20977339691, "epsilon": 16.22439095389612, "gamma": 0.0467100061251694}, "datetime": {"datetime": "2021-09-22 19:51:10", "elapsed": 269.743763, "delta": 2.174499}}
{"target": -129.44838884222668, "params": {"C": 6816.261390875703, "epsilon": 13.871821048790272, "gamma": 0.06368829193278672}, "datetime": {"datetime": "2021-09-22 19:51:12", "elapsed": 270.938617, "delta": 1.194854}}
{"target": -23.94088758108378, "params": {"C": 8606.70003312497, "epsilon": 10.02843946084914, "gamma": 0.004688438156329127}, "datetime": {"datetime": "2021-09-22 19:51:13", "elapsed": 272.507073, "delta": 1.568456}}
{"target": -217.0655861324903, "params": {"C": 8607.894998897655, "epsilon": 10.194828208257944, "gamma": 0.1081037381377956}, "datetime": {"datetime": "2021-09-22 19:51:15", "elapsed": 274.105444, "delta": 1.598371}}
{"target": -100.20403827491495, "params": {"C": 19589.600562917847, "epsilon": 25.239393445497345, "gamma": 0.045599371481292665}, "datetime": {"datetime": "2021-09-22 19:51:16", "elapsed": 275.311837, "delta": 1.206393}}
{"target": -210.7125313352261, "params": {"C": 8045.518870091699, "epsilon": 0.7039986729156416, "gamma": 0.10686224236936658}, "datetime": {"datetime": "2021-09-22 19:51:17", "elapsed": 276.496139, "delta": 1.184302}}
{"target": -32.83242882668506, "params": {"C": 6590.376206068506, "epsilon": 3.8134601157600034, "gamma": 0.007893244967247432}, "datetime": {"datetime": "2021-09-22 19:51:18", "elapsed": 277.720326, "delta": 1.224187}}
{"target": -23.763079724956764, "params": {"C": 16157.879172066325, "epsilon": 13.438175853373922, "gamma": 0.005677827297351393}, "datetime": {"datetime": "2021-09-22 19:51:19", "elapsed": 278.897645, "delta": 1.177319}}
{"target": -231.1920042056314, "params": {"C": 8608.037091243728, "epsilon": 10.895510949827681, "gamma": 0.11481536178338296}, "datetime": {"datetime": "2021-09-22 19:51:21", "elapsed": 280.206071, "delta": 1.308426}}
{"target": -227.11149317584702, "params": {"C": 18176.126892191525, "epsilon": 21.476499136579164, "gamma": 0.10979709145174947}, "datetime": {"datetime": "2021-09-22 19:51:22", "elapsed": 281.340393, "delta": 1.134322}}
{"target": -34.28539710520104, "params": {"C": 10925.032740141767, "epsilon": 7.067054791086119, "gamma": 0.012009265518549413}, "datetime": {"datetime": "2021-09-22 19:51:23", "elapsed": 282.897924, "delta": 1.557531}}
{"target": -245.1368267733889, "params": {"C": 12850.744675449305, "epsilon": 26.051867800213255, "gamma": 0.1175076366318428}, "datetime": {"datetime": "2021-09-22 19:51:25", "elapsed": 284.016693, "delta": 1.118769}}
{"target": -162.76306022958232, "params": {"C": 11928.107263865379, "epsilon": 23.338854109509192, "gamma": 0.0777051002837391}, "datetime": {"datetime": "2021-09-22 19:51:26", "elapsed": 285.622895, "delta": 1.606202}}
{"target": -95.55327052565036, "params": {"C": 17003.786848644173, "epsilon": 28.38543432470781, "gamma": 0.04221127663717413}, "datetime": {"datetime": "2021-09-22 19:51:27", "elapsed": 286.807489, "delta": 1.184594}}
{"target": -181.4392147653577, "params": {"C": 8359.567538992722, "epsilon": 12.464403046304607, "gamma": 0.0899320852242786}, "datetime": {"datetime": "2021-09-22 19:51:29", "elapsed": 288.002083, "delta": 1.194594}}
{"target": -182.63614070675334, "params": {"C": 18288.78836071834, "epsilon": 7.0769562035959686, "gamma": 0.09205131768138387}, "datetime": {"datetime": "2021-09-22 19:51:30", "elapsed": 289.358969, "delta": 1.356886}}
{"target": -283.97455458161113, "params": {"C": 11373.315746099554, "epsilon": 8.350881047470986, "gamma": 0.14054896735583122}, "datetime": {"datetime": "2021-09-22 19:51:31", "elapsed": 290.626374, "delta": 1.267405}}
{"target": -231.8209765429166, "params": {"C": 7675.961899811513, "epsilon": 25.956191565076846, "gamma": 0.11079684554568028}, "datetime": {"datetime": "2021-09-22 19:51:33", "elapsed": 292.333245, "delta": 1.706871}}
{"target": -20.395523731347037, "params": {"C": 16747.130351278374, "epsilon": 8.614044073398246, "gamma": 0.004763171472918692}, "datetime": {"datetime": "2021-09-22 19:51:34", "elapsed": 293.711816, "delta": 1.378571}}
{"target": -60.29786910086466, "params": {"C": 11968.350306214787, "epsilon": 23.854998320805148, "gamma": 0.023914302241391575}, "datetime": {"datetime": "2021-09-22 19:51:36", "elapsed": 294.999123, "delta": 1.287307}}
{"target": -298.29100695792863, "params": {"C": 11356.69851615632, "epsilon": 2.419516243432182, "gamma": 0.1484023572547326}, "datetime": {"datetime": "2021-09-22 19:51:37", "elapsed": 296.197888, "delta": 1.198765}}
{"target": -294.31270794189146, "params": {"C": 10162.088370929103, "epsilon": 1.9719307855726713, "gamma": 0.14653074162971735}, "datetime": {"datetime": "2021-09-22 19:51:38", "elapsed": 297.414862, "delta": 1.216974}}
{"target": -176.8804548877594, "params": {"C": 16408.80751233232, "epsilon": 19.45311289756151, "gamma": 0.08558560781936535}, "datetime": {"datetime": "2021-09-22 19:51:39", "elapsed": 298.725798, "delta": 1.310936}}
{"target": -257.9385469476499, "params": {"C": 9567.0372683229, "epsilon": 25.088769135264446, "gamma": 0.12391576062178776}, "datetime": {"datetime": "2021-09-22 19:51:41", "elapsed": 300.104975, "delta": 1.379177}}
{"target": -172.54037354129866, "params": {"C": 13070.312041343086, "epsilon": 19.345352926816425, "gamma": 0.08354456169171007}, "datetime": {"datetime": "2021-09-22 19:51:42", "elapsed": 301.32211, "delta": 1.217135}}
{"target": -144.61666406972387, "params": {"C": 7253.275590580088, "epsilon": 7.049680108967931, "gamma": 0.07341824018769423}, "datetime": {"datetime": "2021-09-22 19:51:43", "elapsed": 302.753211, "delta": 1.431101}}
{"target": -207.24488690582075, "params": {"C": 13946.37370200979, "epsilon": 8.653235624536054, "gamma": 0.10355949574433063}, "datetime": {"datetime": "2021-09-22 19:51:45", "elapsed": 304.471463, "delta": 1.718252}}
{"target": -202.09403202996148, "params": {"C": 8175.289776187157, "epsilon": 13.66061066052957, "gamma": 0.09978545143424149}, "datetime": {"datetime": "2021-09-22 19:51:46", "elapsed": 305.795347, "delta": 1.323884}}
{"target": -136.40569490153408, "params": {"C": 19830.74632497543, "epsilon": 26.445729515048992, "gamma": 0.06425266959202233}, "datetime": {"datetime": "2021-09-22 19:51:48", "elapsed": 307.082684, "delta": 1.287337}}
{"target": -125.76005050667885, "params": {"C": 8659.504547445827, "epsilon": 11.936447677209385, "gamma": 0.06298365170786925}, "datetime": {"datetime": "2021-09-22 19:51:49", "elapsed": 308.769324, "delta": 1.68664}}
{"target": -68.26231454563852, "params": {"C": 12748.047224321712, "epsilon": 1.1870032331529505, "gamma": 0.03510057572564555}, "datetime": {"datetime": "2021-09-22 19:51:51", "elapsed": 310.79348, "delta": 2.024156}}
{"target": -244.94535081021579, "params": {"C": 11968.388892739646, "epsilon": 23.921112481809487, "gamma": 0.11798082339745639}, "datetime": {"datetime": "2021-09-22 19:51:53", "elapsed": 312.612972, "delta": 1.819492}}
{"target": -36.403882693354674, "params": {"C": 17908.49561512752, "epsilon": 10.91070874234762, "gamma": 0.015193342344602123}, "datetime": {"datetime": "2021-09-22 19:51:55", "elapsed": 314.271105, "delta": 1.658133}}
{"target": -246.86906818325323, "params": {"C": 15498.844056696973, "epsilon": 15.33720599897714, "gamma": 0.12111933446282883}, "datetime": {"datetime": "2021-09-22 19:51:56", "elapsed": 315.644836, "delta": 1.373731}}
{"target": -68.80030320319086, "params": {"C": 18082.77930947089, "epsilon": 17.596878262411163, "gamma": 0.03164362558921461}, "datetime": {"datetime": "2021-09-22 19:51:58", "elapsed": 317.173004, "delta": 1.528168}}
{"target": -189.90798275784874, "params": {"C": 12627.914104665108, "epsilon": 19.399041624907174, "gamma": 0.09192342187910202}, "datetime": {"datetime": "2021-09-22 19:51:59", "elapsed": 318.670032, "delta": 1.497028}}
{"target": -229.7331584269361, "params": {"C": 10924.844036479732, "epsilon": 7.422505221332787, "gamma": 0.114893620160016}, "datetime": {"datetime": "2021-09-22 19:52:01", "elapsed": 320.426776, "delta": 1.756744}}
{"target": -136.5355372768371, "params": {"C": 18246.831860147307, "epsilon": 18.98901694176696, "gamma": 0.06629700089834975}, "datetime": {"datetime": "2021-09-22 19:52:02", "elapsed": 321.820545, "delta": 1.393769}}
{"target": -202.0130720002921, "params": {"C": 6816.303035850102, "epsilon": 13.90946924142587, "gamma": 0.09946186041271006}, "datetime": {"datetime": "2021-09-22 19:52:04", "elapsed": 323.158083, "delta": 1.337538}}
{"target": -40.96699402568849, "params": {"C": 7102.704991521368, "epsilon": 11.578743130393216, "gamma": 0.011921251947031053}, "datetime": {"datetime": "2021-09-22 19:52:05", "elapsed": 324.427653, "delta": 1.26957}}
{"target": -88.1326813389524, "params": {"C": 12116.944542449199, "epsilon": 6.116530819372323, "gamma": 0.04553148436790263}, "datetime": {"datetime": "2021-09-22 19:52:07", "elapsed": 326.447859, "delta": 2.020206}}
{"target": -286.94583775967277, "params": {"C": 19681.79050518282, "epsilon": 11.249854039701761, "gamma": 0.14138528080666576}, "datetime": {"datetime": "2021-09-22 19:52:08", "elapsed": 327.700872, "delta": 1.253013}}
{"target": -202.42478694665414, "params": {"C": 10736.991422283412, "epsilon": 22.971709307663918, "gamma": 0.09702125341245904}, "datetime": {"datetime": "2021-09-22 19:52:10", "elapsed": 329.072313, "delta": 1.371441}}
{"target": -207.79219916632533, "params": {"C": 8698.880998659133, "epsilon": 21.506780519232752, "gamma": 0.10019101949448132}, "datetime": {"datetime": "2021-09-22 19:52:11", "elapsed": 330.282229, "delta": 1.209916}}
{"target": -245.5070234432287, "params": {"C": 7967.023714419498, "epsilon": 5.864306089401395, "gamma": 0.12267652985725942}, "datetime": {"datetime": "2021-09-22 19:52:13", "elapsed": 331.964808, "delta": 1.682579}}
{"target": -287.808895865252, "params": {"C": 17003.889522197573, "epsilon": 28.365017094799324, "gamma": 0.1377003676174926}, "datetime": {"datetime": "2021-09-22 19:52:14", "elapsed": 333.477753, "delta": 1.512945}}
{"target": -131.34403273298042, "params": {"C": 6712.661791275679, "epsilon": 9.45908250331757, "gamma": 0.06580445028438915}, "datetime": {"datetime": "2021-09-22 19:52:16", "elapsed": 335.181061, "delta": 1.703308}}
{"target": -60.60144974522427, "params": {"C": 8952.909275309976, "epsilon": 5.0216714130051505, "gamma": 0.02772569738357435}, "datetime": {"datetime": "2021-09-22 19:52:17", "elapsed": 336.791558, "delta": 1.610497}}
{"target": -140.120146808855, "params": {"C": 15206.42477681953, "epsilon": 11.860789723396604, "gamma": 0.07016891149375631}, "datetime": {"datetime": "2021-09-22 19:52:19", "elapsed": 338.185765, "delta": 1.394207}}
{"target": -127.5627349053535, "params": {"C": 9566.762457009478, "epsilon": 25.824963217955716, "gamma": 0.05997695619831577}, "datetime": {"datetime": "2021-09-22 19:52:21", "elapsed": 340.002279, "delta": 1.816514}}
{"target": -107.87553220297269, "params": {"C": 12989.02610883427, "epsilon": 6.522021329087714, "gamma": 0.055828717972248275}, "datetime": {"datetime": "2021-09-22 19:52:23", "elapsed": 341.9386, "delta": 1.936321}}
{"target": -279.2481375135334, "params": {"C": 19026.8908295746, "epsilon": 27.881887751637773, "gamma": 0.13356380798305525}, "datetime": {"datetime": "2021-09-22 19:52:24", "elapsed": 343.215901, "delta": 1.277301}}
{"target": -124.5128177310888, "params": {"C": 12174.562835985296, "epsilon": 24.74473136643849, "gamma": 0.05857429837324275}, "datetime": {"datetime": "2021-09-22 19:52:25", "elapsed": 344.595765, "delta": 1.379864}}
{"target": -118.0892916547554, "params": {"C": 7207.835955931312, "epsilon": 16.49425995674048, "gamma": 0.057145056378988965}, "datetime": {"datetime": "2021-09-22 19:52:27", "elapsed": 346.272129, "delta": 1.676364}}
{"target": -191.20446703287658, "params": {"C": 9246.150873530863, "epsilon": 27.274973287917767, "gamma": 0.09021514898901248}, "datetime": {"datetime": "2021-09-22 19:52:28", "elapsed": 347.50092, "delta": 1.228791}}
{"target": -85.19015342282067, "params": {"C": 15035.191512435478, "epsilon": 26.886368359742765, "gamma": 0.03709735521609927}, "datetime": {"datetime": "2021-09-22 19:52:30", "elapsed": 348.978944, "delta": 1.478024}}
{"target": -144.01961667054115, "params": {"C": 6590.162400946735, "epsilon": 4.588425108655405, "gamma": 0.07335799645474703}, "datetime": {"datetime": "2021-09-22 19:52:31", "elapsed": 350.891414, "delta": 1.91247}}
{"target": -252.21238559856573, "params": {"C": 11280.764533640104, "epsilon": 9.984830508277984, "gamma": 0.12499921910531017}, "datetime": {"datetime": "2021-09-22 19:52:33", "elapsed": 352.188492, "delta": 1.297078}}
{"target": -184.3396830254824, "params": {"C": 9835.486263782528, "epsilon": 22.88265901627478, "gamma": 0.08814710156524351}, "datetime": {"datetime": "2021-09-22 19:52:35", "elapsed": 353.938233, "delta": 1.749741}}
{"target": -27.775929425790004, "params": {"C": 11460.322468004266, "epsilon": 0.5709066029598202, "gamma": 0.00805531326208395}, "datetime": {"datetime": "2021-09-22 19:52:36", "elapsed": 355.739829, "delta": 1.801596}}
{"target": -201.65798083695904, "params": {"C": 6601.663271656586, "epsilon": 11.885799122521364, "gamma": 0.09979279197051968}, "datetime": {"datetime": "2021-09-22 19:52:38", "elapsed": 357.545373, "delta": 1.805544}}
{"target": -249.89939139063057, "params": {"C": 16167.694921299892, "epsilon": 22.445673905250757, "gamma": 0.12073552907076975}, "datetime": {"datetime": "2021-09-22 19:52:40", "elapsed": 359.170233, "delta": 1.62486}}
{"target": -175.81770171200333, "params": {"C": 8292.213845692255, "epsilon": 3.141784400493632, "gamma": 0.08982474977839756}, "datetime": {"datetime": "2021-09-22 19:52:41", "elapsed": 360.651917, "delta": 1.481684}}
{"target": -251.62346014715772, "params": {"C": 15419.365753920141, "epsilon": 8.145613398729969, "gamma": 0.1250384518246384}, "datetime": {"datetime": "2021-09-22 19:52:43", "elapsed": 362.218864, "delta": 1.566947}}
{"target": -229.21701050943634, "params": {"C": 15479.0737333745, "epsilon": 16.17476201111626, "gamma": 0.11227100866271912}, "datetime": {"datetime": "2021-09-22 19:52:44", "elapsed": 363.831562, "delta": 1.612698}}
{"target": -52.2704606137785, "params": {"C": 10584.344331782544, "epsilon": 16.527861944201074, "gamma": 0.02127290667860188}, "datetime": {"datetime": "2021-09-22 19:52:46", "elapsed": 365.669529, "delta": 1.837967}}
