{"target": -311.5020374313015, "params": {"C": 12926.349641793673, "epsilon": 26.699992561284592, "gamma": 0.1499816892777957}, "datetime": {"datetime": "2021-09-22 19:48:41", "elapsed": 120.397012, "delta": 0.699828}}
{"target": -104.17459877661975, "params": {"C": 6356.570965660039, "epsilon": 0.9243317175786668, "gamma": 0.052319256109710055}, "datetime": {"datetime": "2021-09-22 19:48:42", "elapsed": 121.465008, "delta": 1.067996}}
{"target": -107.5884664428675, "params": {"C": 10745.67526691602, "epsilon": 9.541036464966535, "gamma": 0.054534385697489564}, "datetime": {"datetime": "2021-09-22 19:48:43", "elapsed": 122.468427, "delta": 1.003419}}
{"target": -68.32662300521783, "params": {"C": 7207.590314228888, "epsilon": 16.58789004566295, "gamma": 0.029147648787448795}, "datetime": {"datetime": "2021-09-22 19:48:44", "elapsed": 123.31291, "delta": 0.844483}}
{"target": -133.95015196880988, "params": {"C": 9396.87386796969, "epsilon": 26.256907654355874, "gamma": 0.06313525756502597}, "datetime": {"datetime": "2021-09-22 19:48:45", "elapsed": 124.183814, "delta": 0.870904}}
{"target": -78.63975119442439, "params": {"C": 13946.285022406566, "epsilon": 8.889144861852447, "gamma": 0.039756991618543305}, "datetime": {"datetime": "2021-09-22 19:48:46", "elapsed": 125.632442, "delta": 1.448628}}
{"target": -165.80042480943263, "params": {"C": 13201.59932671272, "epsilon": 2.121211037031281, "gamma": 0.08545221409375882}, "datetime": {"datetime": "2021-09-22 19:48:47", "elapsed": 126.521886, "delta": 0.889444}}
{"target": -34.623773097034594, "params": {"C": 10596.134604403349, "epsilon": 12.599740225057712, "gamma": 0.0107643327335905}, "datetime": {"datetime": "2021-09-22 19:48:48", "elapsed": 127.37481, "delta": 0.852924}}
{"target": -97.58615449378532, "params": {"C": 7794.587414788015, "epsilon": 1.1759782178178242, "gamma": 0.049783364269511826}, "datetime": {"datetime": "2021-09-22 19:48:49", "elapsed": 128.487317, "delta": 1.112507}}
{"target": -60.81434547740862, "params": {"C": 7902.9758631384575, "epsilon": 0.35921937122849745, "gamma": 0.02745223720279179}, "datetime": {"datetime": "2021-09-22 19:48:50", "elapsed": 129.632508, "delta": 1.145191}}
{"target": -186.91564872687078, "params": {"C": 10129.547526451435, "epsilon": 0.46161283413273413, "gamma": 0.09577899562991503}, "datetime": {"datetime": "2021-09-22 19:48:51", "elapsed": 130.687117, "delta": 1.054609}}
{"target": -84.07010772065641, "params": {"C": 11695.997146189917, "epsilon": 21.675746377385277, "gamma": 0.03831822409933519}, "datetime": {"datetime": "2021-09-22 19:48:52", "elapsed": 131.550612, "delta": 0.863495}}
{"target": -74.02246879854926, "params": {"C": 19528.0714878801, "epsilon": 16.860343240522337, "gamma": 0.03464388954896666}, "datetime": {"datetime": "2021-09-22 19:48:53", "elapsed": 132.550816, "delta": 1.000204}}
{"target": -201.55815046089023, "params": {"C": 12988.497876878668, "epsilon": 6.4120513735901605, "gamma": 0.10139598505289034}, "datetime": {"datetime": "2021-09-22 19:48:54", "elapsed": 133.428296, "delta": 0.87748}}
{"target": -192.38294954514572, "params": {"C": 14297.98812799211, "epsilon": 24.585512715548493, "gamma": 0.09153061949622333}, "datetime": {"datetime": "2021-09-22 19:48:55", "elapsed": 134.250157, "delta": 0.821861}}
{"target": -196.5970282374403, "params": {"C": 13945.912325542973, "epsilon": 9.133697493879735, "gamma": 0.09828779778277072}, "datetime": {"datetime": "2021-09-22 19:48:56", "elapsed": 135.101467, "delta": 0.85131}}
{"target": -213.06177058850767, "params": {"C": 19651.803244310147, "epsilon": 14.204794435241073, "gamma": 0.10490257632624872}, "datetime": {"datetime": "2021-09-22 19:48:56", "elapsed": 135.837756, "delta": 0.736289}}
{"target": -261.76668968482414, "params": {"C": 11024.255270773892, "epsilon": 4.310979019892661, "gamma": 0.13065393959545107}, "datetime": {"datetime": "2021-09-22 19:48:57", "elapsed": 136.709247, "delta": 0.871491}}
{"target": -39.51393348870963, "params": {"C": 9041.967832743172, "epsilon": 7.430410670759159, "gamma": 0.01408709336990885}, "datetime": {"datetime": "2021-09-22 19:48:59", "elapsed": 138.014555, "delta": 1.305308}}
{"target": -59.265224661880744, "params": {"C": 10370.200596772933, "epsilon": 24.120583653538134, "gamma": 0.02290797871732184}, "datetime": {"datetime": "2021-09-22 19:48:59", "elapsed": 138.773056, "delta": 0.758501}}
{"target": -144.92940879968356, "params": {"C": 16025.534539744627, "epsilon": 11.777255794595703, "gamma": 0.07253426418302705}, "datetime": {"datetime": "2021-09-22 19:49:00", "elapsed": 139.693865, "delta": 0.920809}}
{"target": -110.6955625428721, "params": {"C": 12627.672610530473, "epsilon": 19.959098387932585, "gamma": 0.05289343384959603}, "datetime": {"datetime": "2021-09-22 19:49:01", "elapsed": 140.54419, "delta": 0.850325}}
{"target": -202.41364045427468, "params": {"C": 14595.50118907303, "epsilon": 7.198292684475499, "gamma": 0.10153805304733707}, "datetime": {"datetime": "2021-09-22 19:49:02", "elapsed": 141.446614, "delta": 0.902424}}
{"target": -259.81022517795884, "params": {"C": 17644.83506690129, "epsilon": 15.648481664696897, "gamma": 0.1272734544231063}, "datetime": {"datetime": "2021-09-22 19:49:03", "elapsed": 142.137989, "delta": 0.691375}}
{"target": -265.9650711299741, "params": {"C": 7037.177428408593, "epsilon": 21.640898132155783, "gamma": 0.1286040002170743}, "datetime": {"datetime": "2021-09-22 19:49:03", "elapsed": 142.835286, "delta": 0.697297}}
{"target": -194.5861302079417, "params": {"C": 12116.99653702024, "epsilon": 5.463890385388888, "gamma": 0.09836676408197076}, "datetime": {"datetime": "2021-09-22 19:49:04", "elapsed": 143.774752, "delta": 0.939466}}
{"target": -83.14321316733317, "params": {"C": 9566.250858319703, "epsilon": 26.24050540807686, "gamma": 0.03577349471669972}, "datetime": {"datetime": "2021-09-22 19:49:05", "elapsed": 144.649474, "delta": 0.874722}}
{"target": -176.29003120299342, "params": {"C": 14319.049103583093, "epsilon": 0.5086335675204335, "gamma": 0.09071252542913211}, "datetime": {"datetime": "2021-09-22 19:49:06", "elapsed": 145.611053, "delta": 0.961579}}
{"target": -245.11757043888403, "params": {"C": 9501.292786555778, "epsilon": 7.109852959080165, "gamma": 0.12232590616666285}, "datetime": {"datetime": "2021-09-22 19:49:07", "elapsed": 146.33513, "delta": 0.724077}}
{"target": -13.59567597511696, "params": {"C": 18135.997422198154, "epsilon": 10.426929043432908, "gamma": 0.0021276198972228527}, "datetime": {"datetime": "2021-09-22 19:49:08", "elapsed": 147.034961, "delta": 0.699831}}
{"target": -293.1171438155314, "params": {"C": 8592.103282432714, "epsilon": 12.956649168933621, "gamma": 0.1439955144701329}, "datetime": {"datetime": "2021-09-22 19:49:08", "elapsed": 147.728297, "delta": 0.693336}}
{"target": -168.17597946335025, "params": {"C": 7628.805680413425, "epsilon": 19.799999753271592, "gamma": 0.08125998422199748}, "datetime": {"datetime": "2021-09-22 19:49:09", "elapsed": 148.455976, "delta": 0.727679}}
{"target": -198.48467955949047, "params": {"C": 14748.823973122626, "epsilon": 3.9454783278061503, "gamma": 0.10047391783547613}, "datetime": {"datetime": "2021-09-22 19:49:10", "elapsed": 149.354322, "delta": 0.898346}}
{"target": -243.17254872628106, "params": {"C": 11696.189573533766, "epsilon": 22.06406929461313, "gamma": 0.11754260166991475}, "datetime": {"datetime": "2021-09-22 19:49:11", "elapsed": 150.158496, "delta": 0.804174}}
{"target": -43.412285871058046, "params": {"C": 17674.146289313532, "epsilon": 4.075480427896529, "gamma": 0.02088388780907444}, "datetime": {"datetime": "2021-09-22 19:49:13", "elapsed": 152.710296, "delta": 2.5518}}
{"target": -144.78209305842418, "params": {"C": 13384.184828780919, "epsilon": 24.93361375184296, "gamma": 0.06874289759684439}, "datetime": {"datetime": "2021-09-22 19:49:14", "elapsed": 153.456199, "delta": 0.745903}}
{"target": -126.83955696374919, "params": {"C": 7780.230111991428, "epsilon": 2.043973917554114, "gamma": 0.06565605496091814}, "datetime": {"datetime": "2021-09-22 19:49:15", "elapsed": 154.50755, "delta": 1.051351}}
{"target": -287.4666620093271, "params": {"C": 7208.077463072785, "epsilon": 16.695052499615823, "gamma": 0.14038405147782482}, "datetime": {"datetime": "2021-09-22 19:49:16", "elapsed": 155.628564, "delta": 1.121014}}
{"target": -271.2678384988117, "params": {"C": 7889.882332107665, "epsilon": 1.7826463229732268, "gamma": 0.13544923477212517}, "datetime": {"datetime": "2021-09-22 19:49:17", "elapsed": 156.422405, "delta": 0.793841}}
{"target": -131.45245636971663, "params": {"C": 6981.321270135622, "epsilon": 29.247895691453596, "gamma": 0.06074757256345266}, "datetime": {"datetime": "2021-09-22 19:49:18", "elapsed": 157.211108, "delta": 0.788703}}
{"target": -182.42956189303223, "params": {"C": 9639.478969733098, "epsilon": 6.554376982457216, "gamma": 0.09225362182492357}, "datetime": {"datetime": "2021-09-22 19:49:19", "elapsed": 158.061753, "delta": 0.850645}}
{"target": -169.33439774576598, "params": {"C": 10370.684360121473, "epsilon": 24.15441348661755, "gamma": 0.08058645797732591}, "datetime": {"datetime": "2021-09-22 19:49:20", "elapsed": 159.011384, "delta": 0.949631}}
{"target": -250.94228882819, "params": {"C": 7444.9478347134245, "epsilon": 1.5389118071839747, "gamma": 0.12586137419650514}, "datetime": {"datetime": "2021-09-22 19:49:21", "elapsed": 159.936475, "delta": 0.925091}}
{"target": -45.683775060850415, "params": {"C": 6712.868606466312, "epsilon": 9.130251485354746, "gamma": 0.015216664664923154}, "datetime": {"datetime": "2021-09-22 19:49:21", "elapsed": 160.81118, "delta": 0.874705}}
{"target": -73.31503107672792, "params": {"C": 14917.190174843628, "epsilon": 10.179017126748365, "gamma": 0.036554411753923516}, "datetime": {"datetime": "2021-09-22 19:49:23", "elapsed": 161.990141, "delta": 1.178961}}
{"target": -70.07222316286621, "params": {"C": 7903.242139447812, "epsilon": 0.2721562357370864, "gamma": 0.033004429761702474}, "datetime": {"datetime": "2021-09-22 19:49:24", "elapsed": 163.220443, "delta": 1.230302}}
{"target": -114.80462188857666, "params": {"C": 6307.678197825939, "epsilon": 16.756538686336963, "gamma": 0.05477806232375647}, "datetime": {"datetime": "2021-09-22 19:49:25", "elapsed": 164.056875, "delta": 0.836432}}
{"target": -175.61577954870936, "params": {"C": 19335.603491886824, "epsilon": 7.298626185216163, "gamma": 0.0886207983173577}, "datetime": {"datetime": "2021-09-22 19:49:26", "elapsed": 165.125956, "delta": 1.069081}}
{"target": -91.02324569885572, "params": {"C": 6356.01576733864, "epsilon": 1.329409644489935, "gamma": 0.04439899885531229}, "datetime": {"datetime": "2021-09-22 19:49:27", "elapsed": 166.265172, "delta": 1.139216}}
{"target": -60.58827011257493, "params": {"C": 11927.71417657454, "epsilon": 23.09214670125861, "gamma": 0.024318922497207567}, "datetime": {"datetime": "2021-09-22 19:49:28", "elapsed": 167.123387, "delta": 0.858215}}
{"target": -160.1132589354201, "params": {"C": 10583.944229486144, "epsilon": 16.239797583641927, "gamma": 0.07859944904262613}, "datetime": {"datetime": "2021-09-22 19:49:29", "elapsed": 168.122596, "delta": 0.999209}}
{"target": -53.58315924720737, "params": {"C": 9835.612261279792, "epsilon": 22.97939210405689, "gamma": 0.019748187399785313}, "datetime": {"datetime": "2021-09-22 19:49:30", "elapsed": 169.093334, "delta": 0.970738}}
{"target": -155.3101198287315, "params": {"C": 11115.458112710037, "epsilon": 16.830949029741276, "gamma": 0.07611946933988564}, "datetime": {"datetime": "2021-09-22 19:49:31", "elapsed": 169.936502, "delta": 0.843168}}
{"target": -39.52753478092504, "params": {"C": 12918.145802069332, "epsilon": 19.665456757684016, "gamma": 0.013315646349988037}, "datetime": {"datetime": "2021-09-22 19:49:31", "elapsed": 170.894865, "delta": 0.958363}}
{"target": -80.57558087549802, "params": {"C": 7779.945109083937, "epsilon": 2.3767382588736936, "gamma": 0.0396643766851566}, "datetime": {"datetime": "2021-09-22 19:49:33", "elapsed": 172.580935, "delta": 1.68607}}
{"target": -247.62449190754975, "params": {"C": 8882.29318719851, "epsilon": 18.70441103494124, "gamma": 0.12058146255230633}, "datetime": {"datetime": "2021-09-22 19:49:34", "elapsed": 173.360891, "delta": 0.779956}}
{"target": -49.57015219905231, "params": {"C": 9566.42645033183, "epsilon": 26.66761553140657, "gamma": 0.016245819699785516}, "datetime": {"datetime": "2021-09-22 19:49:35", "elapsed": 174.438166, "delta": 1.077275}}
{"target": -73.34672133062988, "params": {"C": 9319.156537425273, "epsilon": 26.827426920087213, "gamma": 0.029789606212758158}, "datetime": {"datetime": "2021-09-22 19:49:36", "elapsed": 175.239991, "delta": 0.801825}}
{"target": -244.8871058144327, "params": {"C": 6390.535545158672, "epsilon": 6.7832344289246755, "gamma": 0.12205444631954249}, "datetime": {"datetime": "2021-09-22 19:49:37", "elapsed": 176.156307, "delta": 0.916316}}
{"target": -136.8278669208598, "params": {"C": 8357.324954640615, "epsilon": 11.25598586697058, "gamma": 0.06861967798961892}, "datetime": {"datetime": "2021-09-22 19:49:38", "elapsed": 177.052941, "delta": 0.896634}}
{"target": -258.01700632337094, "params": {"C": 8060.62694103723, "epsilon": 2.886654718916346, "gamma": 0.12904273756098447}, "datetime": {"datetime": "2021-09-22 19:49:38", "elapsed": 177.870507, "delta": 0.817566}}
{"target": -239.31728485353278, "params": {"C": 7639.027781325551, "epsilon": 23.30557758058824, "gamma": 0.11524441589686349}, "datetime": {"datetime": "2021-09-22 19:49:39", "elapsed": 178.694285, "delta": 0.823778}}
{"target": -135.10386385414745, "params": {"C": 7970.650772758931, "epsilon": 3.987809581778127, "gamma": 0.06969352626993361}, "datetime": {"datetime": "2021-09-22 19:49:41", "elapsed": 180.123723, "delta": 1.429438}}
{"target": -167.56352639759282, "params": {"C": 14947.286116643709, "epsilon": 3.2882318336691836, "gamma": 0.08601882556233571}, "datetime": {"datetime": "2021-09-22 19:49:42", "elapsed": 181.405215, "delta": 1.281492}}
{"target": -163.16655349521628, "params": {"C": 10715.310266658002, "epsilon": 9.937912084243795, "gamma": 0.08197776392042384}, "datetime": {"datetime": "2021-09-22 19:49:43", "elapsed": 182.45665, "delta": 1.051435}}
{"target": -205.6684331864034, "params": {"C": 9240.040795340596, "epsilon": 9.582899137269393, "gamma": 0.10273674535814648}, "datetime": {"datetime": "2021-09-22 19:49:44", "elapsed": 183.380658, "delta": 0.924008}}
{"target": -283.18861109856624, "params": {"C": 13635.949746920562, "epsilon": 13.842117438838384, "gamma": 0.13902024916135047}, "datetime": {"datetime": "2021-09-22 19:49:45", "elapsed": 184.288068, "delta": 0.90741}}
{"target": -57.175473617819094, "params": {"C": 8455.751589552588, "epsilon": 5.287508791691147, "gamma": 0.02539769597068273}, "datetime": {"datetime": "2021-09-22 19:49:46", "elapsed": 185.574234, "delta": 1.286166}}
{"target": -104.37731267954285, "params": {"C": 13199.424636958254, "epsilon": 20.766779939714297, "gamma": 0.04926616762944387}, "datetime": {"datetime": "2021-09-22 19:49:47", "elapsed": 186.523146, "delta": 0.948912}}
{"target": -43.046194491164435, "params": {"C": 15913.972582572862, "epsilon": 20.570671497019934, "gamma": 0.01558813418727404}, "datetime": {"datetime": "2021-09-22 19:49:48", "elapsed": 187.591671, "delta": 1.068525}}
{"target": -120.664403551532, "params": {"C": 8465.701316857474, "epsilon": 6.260929068497195, "gamma": 0.06202019170408821}, "datetime": {"datetime": "2021-09-22 19:49:50", "elapsed": 189.082329, "delta": 1.490658}}
{"target": -250.900776597006, "params": {"C": 7866.482608978931, "epsilon": 24.3924159037158, "gamma": 0.12065296702111454}, "datetime": {"datetime": "2021-09-22 19:49:50", "elapsed": 189.910484, "delta": 0.828155}}
{"target": -68.30750290327805, "params": {"C": 6882.914310076881, "epsilon": 26.59250114775524, "gamma": 0.026136735392427418}, "datetime": {"datetime": "2021-09-22 19:49:51", "elapsed": 190.763841, "delta": 0.853357}}
{"target": -60.4655667035814, "params": {"C": 8854.591595662496, "epsilon": 27.12966918077887, "gamma": 0.02218958916978834}, "datetime": {"datetime": "2021-09-22 19:49:52", "elapsed": 191.755598, "delta": 0.991757}}
{"target": -115.35806287706104, "params": {"C": 14378.174208867675, "epsilon": 3.1327735191031025, "gamma": 0.06062857870899457}, "datetime": {"datetime": "2021-09-22 19:49:54", "elapsed": 193.059175, "delta": 1.303577}}
{"target": -259.47874285487234, "params": {"C": 9323.439620629906, "epsilon": 5.819805261545071, "gamma": 0.00022587255876485894}, "datetime": {"datetime": "2021-09-22 19:49:54", "elapsed": 193.81767, "delta": 0.758495}}
{"target": -130.20306169018542, "params": {"C": 13630.60727483646, "epsilon": 2.686999137471972, "gamma": 0.06813750927751637}, "datetime": {"datetime": "2021-09-22 19:49:56", "elapsed": 195.148058, "delta": 1.330388}}
{"target": -43.307353513428005, "params": {"C": 19727.152696123747, "epsilon": 14.273982156875597, "gamma": 0.018452837185398942}, "datetime": {"datetime": "2021-09-22 19:49:57", "elapsed": 196.397195, "delta": 1.249137}}
{"target": -209.5762752324625, "params": {"C": 9836.06692955698, "epsilon": 22.741305678364597, "gamma": 0.1007118064544075}, "datetime": {"datetime": "2021-09-22 19:49:58", "elapsed": 197.615813, "delta": 1.218618}}
{"target": -136.6545321261808, "params": {"C": 12116.657334887073, "epsilon": 5.957260512901331, "gamma": 0.07036275329130444}, "datetime": {"datetime": "2021-09-22 19:49:59", "elapsed": 198.860225, "delta": 1.244412}}
{"target": -185.02018486761807, "params": {"C": 14171.011852875625, "epsilon": 15.933154786437777, "gamma": 0.09060962418532423}, "datetime": {"datetime": "2021-09-22 19:50:01", "elapsed": 200.021157, "delta": 1.160932}}
{"target": -293.9364387387952, "params": {"C": 6601.262365015758, "epsilon": 13.326930255599986, "gamma": 0.14417539608285723}, "datetime": {"datetime": "2021-09-22 19:50:02", "elapsed": 201.195524, "delta": 1.174367}}
{"target": -278.6741440512163, "params": {"C": 14916.903393879906, "epsilon": 10.154838410163995, "gamma": 0.13767167378113557}, "datetime": {"datetime": "2021-09-22 19:50:03", "elapsed": 202.417827, "delta": 1.222303}}
{"target": -233.6909908750282, "params": {"C": 7779.815212668925, "epsilon": 2.2446373462854172, "gamma": 0.11759819466673654}, "datetime": {"datetime": "2021-09-22 19:50:04", "elapsed": 203.61532, "delta": 1.197493}}
{"target": -253.40056787322288, "params": {"C": 16591.362495043824, "epsilon": 7.881365230696349, "gamma": 0.12594492646410888}, "datetime": {"datetime": "2021-09-22 19:50:05", "elapsed": 204.545251, "delta": 0.929931}}
{"target": -58.43640265900592, "params": {"C": 13945.452297243723, "epsilon": 8.675189591093341, "gamma": 0.02813000727360205}, "datetime": {"datetime": "2021-09-22 19:50:07", "elapsed": 206.220393, "delta": 1.675142}}
{"target": -237.2825488971689, "params": {"C": 11470.803146437866, "epsilon": 5.141652303553859, "gamma": 0.11901306963992164}, "datetime": {"datetime": "2021-09-22 19:50:08", "elapsed": 207.366936, "delta": 1.146543}}
{"target": -289.74216327690266, "params": {"C": 10764.0635633523, "epsilon": 5.694991550137507, "gamma": 0.14377371994211194}, "datetime": {"datetime": "2021-09-22 19:50:09", "elapsed": 208.303305, "delta": 0.936369}}
{"target": -263.5117997342757, "params": {"C": 15913.788883453592, "epsilon": 20.63278613889606, "gamma": 0.12776201583704058}, "datetime": {"datetime": "2021-09-22 19:50:10", "elapsed": 209.319032, "delta": 1.015727}}
{"target": -33.35513081013257, "params": {"C": 19851.306241843464, "epsilon": 28.02999723041165, "gamma": 0.00837632115572481}, "datetime": {"datetime": "2021-09-22 19:50:11", "elapsed": 210.264514, "delta": 0.945482}}
{"target": -129.62413948003896, "params": {"C": 16168.088574413036, "epsilon": 21.979953822839608, "gamma": 0.06210441782647962}, "datetime": {"datetime": "2021-09-22 19:50:12", "elapsed": 211.420762, "delta": 1.156248}}
{"target": -255.55563557314494, "params": {"C": 13327.48399936237, "epsilon": 1.5317693223154103, "gamma": 0.12811955376086964}, "datetime": {"datetime": "2021-09-22 19:50:13", "elapsed": 212.385383, "delta": 0.964621}}
{"target": -21.860921744882813, "params": {"C": 11588.419945644426, "epsilon": 5.543484134057498, "gamma": 0.004862418102865205}, "datetime": {"datetime": "2021-09-22 19:50:14", "elapsed": 213.435505, "delta": 1.050122}}
{"target": -267.72512664700224, "params": {"C": 15783.162729435531, "epsilon": 9.11680720514334, "gamma": 0.13260933914972553}, "datetime": {"datetime": "2021-09-22 19:50:15", "elapsed": 214.665441, "delta": 1.229936}}
{"target": -121.03894258754372, "params": {"C": 7881.979117686202, "epsilon": 28.529794019333657, "gamma": 0.0556327688255295}, "datetime": {"datetime": "2021-09-22 19:50:17", "elapsed": 215.981571, "delta": 1.31613}}
{"target": -47.15252275352457, "params": {"C": 12627.744645501693, "epsilon": 19.58366793947416, "gamma": 0.017765862765349954}, "datetime": {"datetime": "2021-09-22 19:50:18", "elapsed": 217.272649, "delta": 1.291078}}
{"target": -89.17535519927574, "params": {"C": 18658.967498810336, "epsilon": 1.7066273342212517, "gamma": 0.047521564880993565}, "datetime": {"datetime": "2021-09-22 19:50:20", "elapsed": 219.805681, "delta": 2.533032}}
{"target": -97.45357690464877, "params": {"C": 18204.444023951713, "epsilon": 5.724411295807123, "gamma": 0.050665435804461624}, "datetime": {"datetime": "2021-09-22 19:50:22", "elapsed": 221.916893, "delta": 2.111212}}
{"target": -50.7634953905398, "params": {"C": 11785.240795133033, "epsilon": 9.554873665577334, "gamma": 0.022530401922794978}, "datetime": {"datetime": "2021-09-22 19:50:24", "elapsed": 223.30862, "delta": 1.391727}}
{"target": -274.6366587799032, "params": {"C": 11687.639121567405, "epsilon": 18.19303906126053, "gamma": 0.1337871419474381}, "datetime": {"datetime": "2021-09-22 19:50:25", "elapsed": 224.457399, "delta": 1.148779}}
