{"target": -355.9479672731779, "params": {"C": 913.9354601503788, "epsilon": 1.4639587613741003, "gamma": 0.1429382835543914}, "datetime": {"datetime": "2021-09-22 18:25:49", "elapsed": 179.681694, "delta": 1.322608}}
{"target": -225.15198222979643, "params": {"C": 708.5004189985112, "epsilon": 17.1327684884921, "gamma": 0.06734751246823069}, "datetime": {"datetime": "2021-09-22 18:25:51", "elapsed": 181.097784, "delta": 1.41609}}
{"target": -253.2076530762893, "params": {"C": 884.5091031521144, "epsilon": 5.904492612025382, "gamma": 0.08893959702325066}, "datetime": {"datetime": "2021-09-22 18:25:52", "elapsed": 182.338402, "delta": 1.240618}}
{"target": -187.01870851880463, "params": {"C": 435.8682102380335, "epsilon": 23.36127150113261, "gamma": 0.035441971802751125}, "datetime": {"datetime": "2021-09-22 18:25:53", "elapsed": 183.238479, "delta": 0.900077}}
{"target": -686.7641733713384, "params": {"C": 116.49089631755409, "epsilon": 21.693864080294933, "gamma": 0.1316362423049025}, "datetime": {"datetime": "2021-09-22 18:25:54", "elapsed": 184.176535, "delta": 0.938056}}
{"target": -183.3858390223152, "params": {"C": 978.158197508796, "epsilon": 8.496434305579724, "gamma": 0.05857172598108063}, "datetime": {"datetime": "2021-09-22 18:25:55", "elapsed": 185.370902, "delta": 1.194367}}
{"target": -175.10006541787635, "params": {"C": 705.5471914500382, "epsilon": 7.627882021641822, "gamma": 0.045301093223224405}, "datetime": {"datetime": "2021-09-22 18:25:56", "elapsed": 186.301948, "delta": 0.931046}}
{"target": -361.64387755354267, "params": {"C": 736.0323467626353, "epsilon": 23.879442774987613, "gamma": 0.13561793756509313}, "datetime": {"datetime": "2021-09-22 18:25:57", "elapsed": 187.28523, "delta": 0.983282}}
{"target": -325.50799902262344, "params": {"C": 270.958422559895, "epsilon": 11.497613280111848, "gamma": 0.0723823212086563}, "datetime": {"datetime": "2021-09-22 18:25:58", "elapsed": 188.424199, "delta": 1.138969}}
{"target": -385.1076089419455, "params": {"C": 422.25253774238183, "epsilon": 24.730268500314214, "gamma": 0.12257599075380697}, "datetime": {"datetime": "2021-09-22 18:25:59", "elapsed": 189.548477, "delta": 1.124278}}
{"target": -156.82217784744918, "params": {"C": 741.3133870835163, "epsilon": 3.946673385620651, "gamma": 0.03841454166428543}, "datetime": {"datetime": "2021-09-22 18:26:00", "elapsed": 190.612639, "delta": 1.064162}}
{"target": -138.03835245676325, "params": {"C": 572.4386413793305, "epsilon": 24.459434021761012, "gamma": 0.022186759762626924}, "datetime": {"datetime": "2021-09-22 18:26:01", "elapsed": 191.657044, "delta": 1.044405}}
{"target": -314.46129365612757, "params": {"C": 880.1186814701309, "epsilon": 10.440475953098185, "gamma": 0.11964372705489806}, "datetime": {"datetime": "2021-09-22 18:26:03", "elapsed": 192.926435, "delta": 1.269391}}
{"target": -249.5784862264068, "params": {"C": 226.46720913983083, "epsilon": 5.991489596106467, "gamma": 0.01671031784984988}, "datetime": {"datetime": "2021-09-22 18:26:04", "elapsed": 193.875511, "delta": 0.949076}}
{"target": -342.16038095004956, "params": {"C": 945.1981952418846, "epsilon": 5.305892856706465, "gamma": 0.13716563182980868}, "datetime": {"datetime": "2021-09-22 18:26:06", "elapsed": 195.784994, "delta": 1.909483}}
{"target": -278.3908860395426, "params": {"C": 999.3214118123108, "epsilon": 7.397284252543539, "gamma": 0.10663048645346719}, "datetime": {"datetime": "2021-09-22 18:26:07", "elapsed": 196.772561, "delta": 0.987567}}
{"target": -292.8376052525209, "params": {"C": 504.11846004735287, "epsilon": 9.967798340203203, "gamma": 0.08817733991348199}, "datetime": {"datetime": "2021-09-22 18:26:08", "elapsed": 197.75654, "delta": 0.983979}}
{"target": -384.21577295858197, "params": {"C": 767.1941772858153, "epsilon": 27.284005031931873, "gamma": 0.14908438457849973}, "datetime": {"datetime": "2021-09-22 18:26:09", "elapsed": 198.733749, "delta": 0.977209}}
{"target": -261.7998216323577, "params": {"C": 932.7323418003817, "epsilon": 23.33338600231593, "gamma": 0.09467870935321236}, "datetime": {"datetime": "2021-09-22 18:26:10", "elapsed": 199.768392, "delta": 1.034643}}
{"target": -264.76694545308635, "params": {"C": 280.2590661108261, "epsilon": 21.60283416423478, "gamma": 0.05037607079324509}, "datetime": {"datetime": "2021-09-22 18:26:11", "elapsed": 201.028748, "delta": 1.260356}}
{"target": -399.22065203740874, "params": {"C": 486.45032649987587, "epsilon": 23.419958822782043, "gamma": 0.13659808741847118}, "datetime": {"datetime": "2021-09-22 18:26:12", "elapsed": 202.224246, "delta": 1.195498}}
{"target": -256.8892400340842, "params": {"C": 728.9450968426628, "epsilon": 9.331777681477154, "gamma": 0.08360143934090436}, "datetime": {"datetime": "2021-09-22 18:26:13", "elapsed": 203.565584, "delta": 1.341338}}
{"target": -257.43468380316716, "params": {"C": 578.7425409485669, "epsilon": 10.226939317569284, "gamma": 0.0762831349590102}, "datetime": {"datetime": "2021-09-22 18:26:15", "elapsed": 205.159546, "delta": 1.593962}}
{"target": -256.83306003290136, "params": {"C": 982.4497922009382, "epsilon": 14.121618261579462, "gamma": 0.09482185516915415}, "datetime": {"datetime": "2021-09-22 18:26:17", "elapsed": 207.00456, "delta": 1.845014}}
{"target": -410.696123466872, "params": {"C": 152.47394655629518, "epsilon": 13.871821048790272, "gamma": 0.06938866491387684}, "datetime": {"datetime": "2021-09-22 18:26:18", "elapsed": 208.151676, "delta": 1.147116}}
{"target": -93.84624033971976, "params": {"C": 969.7799635678598, "epsilon": 16.76493574098169, "gamma": 0.015732183819516233}, "datetime": {"datetime": "2021-09-22 18:26:19", "elapsed": 209.598989, "delta": 1.447313}}
{"target": -143.99052586810086, "params": {"C": 475.47480650892334, "epsilon": 21.52680979805887, "gamma": 0.013805449876539368}, "datetime": {"datetime": "2021-09-22 18:26:21", "elapsed": 211.096017, "delta": 1.497028}}
{"target": -173.05108250494547, "params": {"C": 973.6171790447188, "epsilon": 25.239393445497345, "gamma": 0.05249440965564358}, "datetime": {"datetime": "2021-09-22 18:26:22", "elapsed": 212.246229, "delta": 1.150212}}
{"target": -81.70687491451947, "params": {"C": 977.9320426952123, "epsilon": 8.193055337054316, "gamma": 0.011399813924094934}, "datetime": {"datetime": "2021-09-22 18:26:23", "elapsed": 213.588267, "delta": 1.342038}}
{"target": -346.42547215482415, "params": {"C": 442.0219618362406, "epsilon": 2.4578356166583677, "gamma": 0.10787567922490618}, "datetime": {"datetime": "2021-09-22 18:26:25", "elapsed": 214.786262, "delta": 1.197995}}
{"target": -104.15862330897957, "params": {"C": 753.0065182042637, "epsilon": 13.438175853373922, "gamma": 0.015209445107599699}, "datetime": {"datetime": "2021-09-22 18:26:26", "elapsed": 215.897994, "delta": 1.111732}}
{"target": -115.89390979693192, "params": {"C": 752.9370440745045, "epsilon": 13.385102007746802, "gamma": 0.0206070930746523}, "datetime": {"datetime": "2021-09-22 18:26:27", "elapsed": 217.395452, "delta": 1.497458}}
{"target": -301.12670821104297, "params": {"C": 882.7510144980266, "epsilon": 21.476499136579164, "gamma": 0.11245225352398214}, "datetime": {"datetime": "2021-09-22 18:26:28", "elapsed": 218.552875, "delta": 1.157423}}
{"target": -144.62213723222317, "params": {"C": 902.5662276624037, "epsilon": 18.515955939369384, "gamma": 0.03682982061968504}, "datetime": {"datetime": "2021-09-22 18:26:30", "elapsed": 220.022705, "delta": 1.46983}}
{"target": -356.9968668017294, "params": {"C": 540.4050148503125, "epsilon": 26.051867800213255, "gamma": 0.11965356323187451}, "datetime": {"datetime": "2021-09-22 18:26:31", "elapsed": 221.083558, "delta": 1.060853}}
{"target": -156.90211936460764, "params": {"C": 977.9293383533177, "epsilon": 8.573818767079445, "gamma": 0.045470963590478364}, "datetime": {"datetime": "2021-09-22 18:26:33", "elapsed": 222.910044, "delta": 1.826486}}
{"target": -178.8414220602806, "params": {"C": 807.3862974128397, "epsilon": 28.38543432470781, "gamma": 0.04933007824686043}, "datetime": {"datetime": "2021-09-22 18:26:34", "elapsed": 223.979798, "delta": 1.069754}}
{"target": -392.6526951845598, "params": {"C": 251.68648464953213, "epsilon": 12.464403046304607, "gamma": 0.09389921235089395}, "datetime": {"datetime": "2021-09-22 18:26:35", "elapsed": 225.085475, "delta": 1.105677}}
{"target": -266.4536957857365, "params": {"C": 889.9935374747504, "epsilon": 7.0769562035959686, "gamma": 0.09587848215739651}, "datetime": {"datetime": "2021-09-22 18:26:36", "elapsed": 226.2949, "delta": 1.209425}}
{"target": -84.71338591115801, "params": {"C": 911.8844592265104, "epsilon": 16.40159067276625, "gamma": 0.01012141439556288}, "datetime": {"datetime": "2021-09-22 18:26:39", "elapsed": 228.750803, "delta": 2.455903}}
{"target": -281.79572694237453, "params": {"C": 410.16227860110865, "epsilon": 6.451895237066652, "gamma": 0.0749432096107421}, "datetime": {"datetime": "2021-09-22 18:26:40", "elapsed": 230.190682, "delta": 1.439879}}
{"target": -98.59294169941522, "params": {"C": 790.8869511536097, "epsilon": 8.614044073398246, "gamma": 0.014355196839283635}, "datetime": {"datetime": "2021-09-22 18:26:41", "elapsed": 231.337107, "delta": 1.146425}}
{"target": -171.5814285101408, "params": {"C": 483.6796625423791, "epsilon": 23.854998320805148, "gamma": 0.03224150976514223}, "datetime": {"datetime": "2021-09-22 18:26:42", "elapsed": 232.520969, "delta": 1.183862}}
{"target": -433.4603189899781, "params": {"C": 444.35919032433486, "epsilon": 2.419516243432182, "gamma": 0.14850787201909652}, "datetime": {"datetime": "2021-09-22 18:26:43", "elapsed": 233.676972, "delta": 1.156003}}
{"target": -459.5755679749806, "params": {"C": 367.5628238454423, "epsilon": 1.9719307855726713, "gamma": 0.1467598654313571}, "datetime": {"datetime": "2021-09-22 18:26:45", "elapsed": 234.964727, "delta": 1.287755}}
{"target": -266.9605288222977, "params": {"C": 769.1376257927923, "epsilon": 19.45311289756151, "gamma": 0.0898397938272925}, "datetime": {"datetime": "2021-09-22 18:26:46", "elapsed": 236.215949, "delta": 1.251222}}
{"target": -250.317111774966, "params": {"C": 471.832691568921, "epsilon": 9.340526156648895, "gamma": 0.06700601486688948}, "datetime": {"datetime": "2021-09-22 18:26:48", "elapsed": 237.726423, "delta": 1.510474}}
{"target": -405.40164163756845, "params": {"C": 180.56771653729135, "epsilon": 7.049680108967931, "gamma": 0.07847600818063502}, "datetime": {"datetime": "2021-09-22 18:26:50", "elapsed": 240.04068, "delta": 1.144611}}
{"target": -185.99594312876795, "params": {"C": 544.5613802691748, "epsilon": 19.784644639579263, "gamma": 0.042121558490581246}, "datetime": {"datetime": "2021-09-22 18:26:52", "elapsed": 241.843641, "delta": 1.802961}}
{"target": -426.09898951249136, "params": {"C": 239.840057040603, "epsilon": 13.66061066052957, "gamma": 0.10310182255366114}, "datetime": {"datetime": "2021-09-22 18:26:53", "elapsed": 243.108289, "delta": 1.264648}}
{"target": -207.90171966325977, "params": {"C": 989.1194066055632, "epsilon": 26.445729515048992, "gamma": 0.06991576879841978}, "datetime": {"datetime": "2021-09-22 18:26:55", "elapsed": 244.842458, "delta": 1.734169}}
{"target": -282.8180694373199, "params": {"C": 673.3444559726305, "epsilon": 10.291048492907164, "gamma": 0.09315197000090514}, "datetime": {"datetime": "2021-09-22 18:26:56", "elapsed": 246.513278, "delta": 1.67082}}
{"target": -188.93141940700042, "params": {"C": 533.8030358492529, "epsilon": 1.1870032331529505, "gamma": 0.04268899667505254}, "datetime": {"datetime": "2021-09-22 18:26:57", "elapsed": 247.607352, "delta": 1.094074}}
{"target": -346.52917977277286, "params": {"C": 692.5132168312331, "epsilon": 3.8062162160152564, "gamma": 0.12565752468393665}, "datetime": {"datetime": "2021-09-22 18:26:59", "elapsed": 248.890466, "delta": 1.283114}}
{"target": -118.1247724018742, "params": {"C": 865.5461466867691, "epsilon": 10.91070874234762, "gamma": 0.024096517199761823}, "datetime": {"datetime": "2021-09-22 18:27:00", "elapsed": 250.121683, "delta": 1.231217}}
{"target": -339.35387652222147, "params": {"C": 710.6399750733768, "epsilon": 15.33720599897714, "gamma": 0.12302672998529708}, "datetime": {"datetime": "2021-09-22 18:27:01", "elapsed": 251.380716, "delta": 1.259033}}
{"target": -151.60070701902256, "params": {"C": 876.750098465986, "epsilon": 17.596878262411163, "gamma": 0.03946035745490356}, "datetime": {"datetime": "2021-09-22 18:27:02", "elapsed": 252.57402, "delta": 1.193304}}
{"target": -295.742302209466, "params": {"C": 978.0630089390152, "epsilon": 8.426104157216217, "gamma": 0.1145704505616073}, "datetime": {"datetime": "2021-09-22 18:27:04", "elapsed": 254.170549, "delta": 1.596529}}
{"target": -80.94944588911295, "params": {"C": 977.8965678830498, "epsilon": 8.47625355891038, "gamma": 0.010856626978801038}, "datetime": {"datetime": "2021-09-22 18:27:06", "elapsed": 255.865482, "delta": 1.694933}}
{"target": -219.0816662154869, "params": {"C": 887.2963338666127, "epsilon": 18.98901694176696, "gamma": 0.07182508422794505}, "datetime": {"datetime": "2021-09-22 18:27:07", "elapsed": 257.072375, "delta": 1.206893}}
{"target": -231.56735792912303, "params": {"C": 721.8888653485617, "epsilon": 20.741762501837698, "gamma": 0.07069992954103577}, "datetime": {"datetime": "2021-09-22 18:27:08", "elapsed": 258.349304, "delta": 1.276929}}
{"target": -294.477164967361, "params": {"C": 170.88817802637374, "epsilon": 11.578743130393216, "gamma": 0.021040528836453284}, "datetime": {"datetime": "2021-09-22 18:27:09", "elapsed": 259.562474, "delta": 1.21317}}
{"target": -163.16900352831266, "params": {"C": 483.75292921896533, "epsilon": 23.984036030254305, "gamma": 0.028270775469905376}, "datetime": {"datetime": "2021-09-22 18:27:11", "elapsed": 261.082732, "delta": 1.520258}}
{"target": -348.75150784625095, "params": {"C": 979.5436753331812, "epsilon": 11.249854039701761, "gamma": 0.14195423157393736}, "datetime": {"datetime": "2021-09-22 18:27:12", "elapsed": 262.2999, "delta": 1.217168}}
{"target": -341.5406619999198, "params": {"C": 404.5208771467908, "epsilon": 22.971709307663918, "gamma": 0.10052018330716653}, "datetime": {"datetime": "2021-09-22 18:27:13", "elapsed": 263.557116, "delta": 1.257216}}
{"target": -405.0146978404851, "params": {"C": 273.49949277094424, "epsilon": 21.506780519232752, "gamma": 0.10348060526502591}, "datetime": {"datetime": "2021-09-22 18:27:15", "elapsed": 264.733273, "delta": 1.176157}}
{"target": -286.3735696982362, "params": {"C": 902.5108697352299, "epsilon": 18.561835526459586, "gamma": 0.10618767961479993}, "datetime": {"datetime": "2021-09-22 18:27:16", "elapsed": 266.528022, "delta": 1.794749}}
{"target": -87.68347037430244, "params": {"C": 982.5371587857767, "epsilon": 14.202128169832545, "gamma": 0.013755078907878613}, "datetime": {"datetime": "2021-09-22 18:27:18", "elapsed": 268.060514, "delta": 1.532492}}
{"target": -151.10865501610076, "params": {"C": 652.5390657920789, "epsilon": 6.97629427125987, "gamma": 0.03252292415900421}, "datetime": {"datetime": "2021-09-22 18:27:19", "elapsed": 269.569859, "delta": 1.509345}}
{"target": -228.55555029248399, "params": {"C": 289.82988198421276, "epsilon": 5.0216714130051505, "gamma": 0.035801185014679174}, "datetime": {"datetime": "2021-09-22 18:27:21", "elapsed": 270.708399, "delta": 1.13854}}
{"target": -244.00472075499016, "params": {"C": 691.8415927955411, "epsilon": 11.860789723396604, "gamma": 0.07544127824633677}, "datetime": {"datetime": "2021-09-22 18:27:22", "elapsed": 271.899524, "delta": 1.191125}}
{"target": -343.56970034869755, "params": {"C": 931.5442937918899, "epsilon": 0.6522796716459007, "gamma": 0.1373337329553265}, "datetime": {"datetime": "2021-09-22 18:27:24", "elapsed": 273.816704, "delta": 1.91718}}
{"target": -262.3933258893059, "params": {"C": 459.28644582999164, "epsilon": 5.654484948633791, "gamma": 0.07128096145727447}, "datetime": {"datetime": "2021-09-22 18:27:25", "elapsed": 275.374929, "delta": 1.558225}}
{"target": -341.137963848946, "params": {"C": 937.4429819012245, "epsilon": 27.881887751637773, "gamma": 0.13464932033107227}, "datetime": {"datetime": "2021-09-22 18:27:26", "elapsed": 276.685024, "delta": 1.310095}}
{"target": -243.88969049134082, "params": {"C": 496.9361823133405, "epsilon": 24.74473136643849, "gamma": 0.06461242009508995}, "datetime": {"datetime": "2021-09-22 18:27:28", "elapsed": 277.930464, "delta": 1.24544}}
{"target": -346.7641658786306, "params": {"C": 459.32708961320924, "epsilon": 5.4785187252668495, "gamma": 0.1095906635490605}, "datetime": {"datetime": "2021-09-22 18:27:29", "elapsed": 279.449023, "delta": 1.518559}}
{"target": -359.6253575317165, "params": {"C": 308.68112758412695, "epsilon": 27.274973287917767, "gamma": 0.09416358144404098}, "datetime": {"datetime": "2021-09-22 18:27:30", "elapsed": 280.653971, "delta": 1.204948}}
{"target": -179.09765243126927, "params": {"C": 680.8337400851378, "epsilon": 26.886368359742765, "gamma": 0.044553900802227465}, "datetime": {"datetime": "2021-09-22 18:27:32", "elapsed": 282.00706, "delta": 1.353089}}
{"target": -162.57213183767732, "params": {"C": 791.0242455879982, "epsilon": 8.708421406274377, "gamma": 0.042608833695161615}, "datetime": {"datetime": "2021-09-22 18:27:33", "elapsed": 283.68872, "delta": 1.68166}}
{"target": -387.5816363489152, "params": {"C": 439.477720019721, "epsilon": 9.984830508277984, "gamma": 0.12665037141256452}, "datetime": {"datetime": "2021-09-22 18:27:35", "elapsed": 284.880374, "delta": 1.191654}}
{"target": -141.02709110332444, "params": {"C": 876.6738245397285, "epsilon": 17.405461013873264, "gamma": 0.03449979272310215}, "datetime": {"datetime": "2021-09-22 18:27:36", "elapsed": 286.680792, "delta": 1.800418}}
{"target": -168.01926983347803, "params": {"C": 572.5418016308007, "epsilon": 24.609245045901183, "gamma": 0.0352289376996758}, "datetime": {"datetime": "2021-09-22 18:27:38", "elapsed": 288.365477, "delta": 1.684685}}
{"target": -118.01794085110608, "params": {"C": 990.3454781819489, "epsilon": 28.14798270242354, "gamma": 0.025443926603778373}, "datetime": {"datetime": "2021-09-22 18:27:40", "elapsed": 290.283109, "delta": 1.917632}}
{"target": -294.08399698677533, "params": {"C": 931.764669534247, "epsilon": 0.9005273011039512, "gamma": 0.11169011561663068}, "datetime": {"datetime": "2021-09-22 18:27:42", "elapsed": 291.772749, "delta": 1.48964}}
{"target": -394.7122385601282, "params": {"C": 247.35660436593074, "epsilon": 3.141784400493632, "gamma": 0.09379896577035128}, "datetime": {"datetime": "2021-09-22 18:27:43", "elapsed": 293.024513, "delta": 1.251764}}
{"target": -329.6606459746085, "params": {"C": 977.7896112663892, "epsilon": 8.144308129413588, "gamma": 0.1318758925603745}, "datetime": {"datetime": "2021-09-22 18:27:45", "elapsed": 294.952175, "delta": 1.927662}}
{"target": -274.2567041481621, "params": {"C": 435.76455960799035, "epsilon": 23.18204536685022, "gamma": 0.07368113395318208}, "datetime": {"datetime": "2021-09-22 18:27:47", "elapsed": 296.877497, "delta": 1.925322}}
{"target": -174.00166630295192, "params": {"C": 512.6541138544075, "epsilon": 24.66111691053026, "gamma": 0.03481607295811648}, "datetime": {"datetime": "2021-09-22 18:27:48", "elapsed": 298.405963, "delta": 1.528466}}
{"target": -297.7183468436399, "params": {"C": 474.11596422216036, "epsilon": 12.649235931755486, "gamma": 0.08800680451098995}, "datetime": {"datetime": "2021-09-22 18:27:49", "elapsed": 299.661162, "delta": 1.255199}}
{"target": -205.60076977191576, "params": {"C": 791.018774135687, "epsilon": 8.644205627612138, "gamma": 0.062173305449137364}, "datetime": {"datetime": "2021-09-22 18:27:51", "elapsed": 301.545343, "delta": 1.884181}}
{"target": -169.00357775459455, "params": {"C": 709.2476842478083, "epsilon": 16.364095096548898, "gamma": 0.04250121937864191}, "datetime": {"datetime": "2021-09-22 18:27:53", "elapsed": 303.246463, "delta": 1.70112}}
{"target": -140.15346325188048, "params": {"C": 876.955380472987, "epsilon": 17.499196014838606, "gamma": 0.034063598959089045}, "datetime": {"datetime": "2021-09-22 18:27:55", "elapsed": 305.49081, "delta": 2.244347}}
{"target": -216.1943999638843, "params": {"C": 707.5184964043626, "epsilon": 12.628116182259156, "gamma": 0.06333854595620843}, "datetime": {"datetime": "2021-09-22 18:27:57", "elapsed": 306.789453, "delta": 1.298643}}
{"target": -307.6822262438506, "params": {"C": 914.0284603317224, "epsilon": 1.8027023629225714, "gamma": 0.11783503574236388}, "datetime": {"datetime": "2021-09-22 18:27:58", "elapsed": 308.608994, "delta": 1.819541}}
{"target": -417.89260887351736, "params": {"C": 341.66357033868934, "epsilon": 16.726291253288988, "gamma": 0.12417383460593578}, "datetime": {"datetime": "2021-09-22 18:28:00", "elapsed": 309.909955, "delta": 1.300961}}
{"target": -263.28495070741366, "params": {"C": 848.5695728423349, "epsilon": 20.22092521338155, "gamma": 0.0919039032055849}, "datetime": {"datetime": "2021-09-22 18:28:01", "elapsed": 311.285071, "delta": 1.375116}}
{"target": -312.2994619612248, "params": {"C": 261.5684694410725, "epsilon": 25.041252686761464, "gamma": 0.0646766252847653}, "datetime": {"datetime": "2021-09-22 18:28:02", "elapsed": 312.637103, "delta": 1.352032}}
{"target": -152.46105083402406, "params": {"C": 938.5850550774098, "epsilon": 15.667146493734398, "gamma": 0.04199658137556537}, "datetime": {"datetime": "2021-09-22 18:28:04", "elapsed": 313.991642, "delta": 1.354539}}
{"target": -219.3704751749378, "params": {"C": 931.690083949321, "epsilon": 0.6799740889626974, "gamma": 0.07411368718726946}, "datetime": {"datetime": "2021-09-22 18:28:05", "elapsed": 315.681143, "delta": 1.689501}}
{"target": -553.7833609253607, "params": {"C": 142.83313577730624, "epsilon": 2.812895589436729, "gamma": 0.10974103541666627}, "datetime": {"datetime": "2021-09-22 18:28:07", "elapsed": 317.025078, "delta": 1.343935}}
