{"target": -115.3301285540955, "params": {"C": 8342.604812958056, "epsilon": 12.628116182259156, "gamma": 0.05721034313454033}, "datetime": {"datetime": "2021-09-22 19:33:37", "elapsed": 343.038718, "delta": 1.512072}}
{"target": -176.4164482354599, "params": {"C": 9242.269786360339, "epsilon": 6.890187416907362, "gamma": 0.08924787210139039}, "datetime": {"datetime": "2021-09-22 19:33:39", "elapsed": 345.048347, "delta": 2.009629}}
{"target": -250.5997683210575, "params": {"C": 6269.426898585906, "epsilon": 16.726291253288988, "gamma": 0.12234755576735556}, "datetime": {"datetime": "2021-09-22 19:33:41", "elapsed": 346.49224, "delta": 1.443893}}
{"target": -181.88732697404095, "params": {"C": 9141.894246106564, "epsilon": 20.22092521338155, "gamma": 0.08779567921797986}, "datetime": {"datetime": "2021-09-22 19:33:42", "elapsed": 348.027398, "delta": 1.535158}}
{"target": -126.01548574802143, "params": {"C": 5815.554660166077, "epsilon": 25.041252686761464, "gamma": 0.05864304378704514}, "datetime": {"datetime": "2021-09-22 19:33:44", "elapsed": 349.498257, "delta": 1.470859}}
{"target": -74.87417975366505, "params": {"C": 9651.98197877199, "epsilon": 15.667146493734398, "gamma": 0.0343591967728375}, "datetime": {"datetime": "2021-09-22 19:33:46", "elapsed": 351.213095, "delta": 1.714838}}
{"target": -192.29202713736964, "params": {"C": 8740.822521270304, "epsilon": 18.806415251623378, "gamma": 0.09333897985589908}, "datetime": {"datetime": "2021-09-22 19:33:47", "elapsed": 352.663561, "delta": 1.450466}}
{"target": -213.99954577967785, "params": {"C": 5142.721102738069, "epsilon": 2.812895589436729, "gamma": 0.10689415149255913}, "datetime": {"datetime": "2021-09-22 19:33:49", "elapsed": 354.241527, "delta": 1.577966}}
{"target": -38.66097417542451, "params": {"C": 5412.253015210626, "epsilon": 1.6455411455650668, "gamma": 0.009965352146512908}, "datetime": {"datetime": "2021-09-22 19:33:50", "elapsed": 356.180613, "delta": 1.939086}}
{"target": -54.610919174099315, "params": {"C": 6606.928980597021, "epsilon": 22.724522879734483, "gamma": 0.018189422506394826}, "datetime": {"datetime": "2021-09-22 19:33:52", "elapsed": 357.671785, "delta": 1.491172}}
{"target": -179.29225369601576, "params": {"C": 4992.620735659963, "epsilon": 13.266367910251754, "gamma": 0.08734219952215182}, "datetime": {"datetime": "2021-09-22 19:33:53", "elapsed": 359.093537, "delta": 1.421752}}
{"target": -54.94022467063545, "params": {"C": 5940.406900259008, "epsilon": 14.97702358518571, "gamma": 0.019090592098188953}, "datetime": {"datetime": "2021-09-22 19:33:55", "elapsed": 360.712597, "delta": 1.61906}}
{"target": -109.63430310136815, "params": {"C": 7936.047443344574, "epsilon": 12.573623385716935, "gamma": 0.054019460777278774}, "datetime": {"datetime": "2021-09-22 19:33:57", "elapsed": 362.817808, "delta": 2.105211}}
{"target": -297.360631369041, "params": {"C": 6984.964432375344, "epsilon": 0.47924184666135894, "gamma": 0.14794693792744437}, "datetime": {"datetime": "2021-09-22 19:33:59", "elapsed": 364.353949, "delta": 1.536141}}
{"target": -116.60173074912828, "params": {"C": 9467.976744813768, "epsilon": 27.00406114640697, "gamma": 0.05377112291038154}, "datetime": {"datetime": "2021-09-22 19:34:00", "elapsed": 365.778516, "delta": 1.424567}}
{"target": -51.06997941800501, "params": {"C": 9563.536312149306, "epsilon": 10.213248190769194, "gamma": 0.021738034397839653}, "datetime": {"datetime": "2021-09-22 19:34:02", "elapsed": 367.741858, "delta": 1.963342}}
{"target": -254.8103204128328, "params": {"C": 7240.643467133578, "epsilon": 19.91105587573525, "gamma": 0.12364537223047714}, "datetime": {"datetime": "2021-09-22 19:34:03", "elapsed": 369.140925, "delta": 1.399067}}
{"target": -51.02778311021371, "params": {"C": 6548.97040384959, "epsilon": 3.928906182439626, "gamma": 0.019307842260794666}, "datetime": {"datetime": "2021-09-22 19:34:05", "elapsed": 370.779994, "delta": 1.639069}}
{"target": -300.3408461654084, "params": {"C": 7047.540483133305, "epsilon": 1.3654229029680005, "gamma": 0.14928749605544236}, "datetime": {"datetime": "2021-09-22 19:34:07", "elapsed": 372.293584, "delta": 1.51359}}
{"target": -56.87809599813786, "params": {"C": 8569.965683039609, "epsilon": 23.01102338189183, "gamma": 0.021414550033958046}, "datetime": {"datetime": "2021-09-22 19:34:08", "elapsed": 373.818988, "delta": 1.525404}}
{"target": -236.2410834934976, "params": {"C": 9521.474051621153, "epsilon": 14.028666540806931, "gamma": 0.11642826868914034}, "datetime": {"datetime": "2021-09-22 19:34:10", "elapsed": 375.293202, "delta": 1.474214}}
{"target": -174.7706053823719, "params": {"C": 8608.88337394846, "epsilon": 28.62633807535765, "gamma": 0.08194014764199055}, "datetime": {"datetime": "2021-09-22 19:34:12", "elapsed": 377.292493, "delta": 1.999291}}
{"target": -263.0741029337127, "params": {"C": 5986.892465680072, "epsilon": 11.078295759140047, "gamma": 0.1296108347740661}, "datetime": {"datetime": "2021-09-22 19:34:13", "elapsed": 378.875601, "delta": 1.583108}}
{"target": -298.00809204513445, "params": {"C": 8031.4176178700745, "epsilon": 6.697138403369885, "gamma": 0.14751179011721932}, "datetime": {"datetime": "2021-09-22 19:34:15", "elapsed": 380.776634, "delta": 1.901033}}
{"target": -268.7922379924438, "params": {"C": 8555.085741623483, "epsilon": 22.853178744226177, "gamma": 0.12971145677216392}, "datetime": {"datetime": "2021-09-22 19:34:17", "elapsed": 382.28642, "delta": 1.509786}}
{"target": -301.0740262521048, "params": {"C": 5202.428210432567, "epsilon": 28.60810508586095, "gamma": 0.14412418260579984}, "datetime": {"datetime": "2021-09-22 19:34:18", "elapsed": 383.700237, "delta": 1.413817}}
{"target": -55.58222826473986, "params": {"C": 7072.767042718181, "epsilon": 22.314727545950397, "gamma": 0.01980210737729962}, "datetime": {"datetime": "2021-09-22 19:34:20", "elapsed": 385.767986, "delta": 2.067749}}
{"target": -273.7276194969144, "params": {"C": 5572.78898949935, "epsilon": 16.163618501832765, "gamma": 0.13356114936765448}, "datetime": {"datetime": "2021-09-22 19:34:22", "elapsed": 387.694688, "delta": 1.926702}}
{"target": -284.59398286637327, "params": {"C": 5924.866072553049, "epsilon": 12.74312900832715, "gamma": 0.13953870387095188}, "datetime": {"datetime": "2021-09-22 19:34:25", "elapsed": 390.851735, "delta": 1.53775}}
{"target": -285.5227392722804, "params": {"C": 9553.656919776327, "epsilon": 5.019093451021446, "gamma": 0.14183682964878708}, "datetime": {"datetime": "2021-09-22 19:34:27", "elapsed": 392.315347, "delta": 1.463612}}
{"target": -61.40866145772299, "params": {"C": 5745.645550666088, "epsilon": 25.59214998255739, "gamma": 0.020524998653253253}, "datetime": {"datetime": "2021-09-22 19:34:28", "elapsed": 393.840725, "delta": 1.525378}}
{"target": -273.2352709860047, "params": {"C": 5009.864602554316, "epsilon": 6.90997264511707, "gamma": 0.13476743380910314}, "datetime": {"datetime": "2021-09-22 19:34:30", "elapsed": 395.277344, "delta": 1.436619}}
{"target": -299.52172737923974, "params": {"C": 7173.446116164376, "epsilon": 6.542309980681554, "gamma": 0.1481982843482922}, "datetime": {"datetime": "2021-09-22 19:34:31", "elapsed": 396.77527, "delta": 1.497926}}
{"target": -275.8914940951618, "params": {"C": 6166.1426793635665, "epsilon": 19.958324909727438, "gamma": 0.1337706904918444}, "datetime": {"datetime": "2021-09-22 19:34:33", "elapsed": 398.267394, "delta": 1.492124}}
{"target": -173.04479682662105, "params": {"C": 7859.887620976509, "epsilon": 26.61168852128643, "gamma": 0.08166332472859554}, "datetime": {"datetime": "2021-09-22 19:34:34", "elapsed": 399.838447, "delta": 1.571053}}
{"target": -90.65409006859359, "params": {"C": 6615.836117432925, "epsilon": 28.46772279820184, "gamma": 0.03837589584860503}, "datetime": {"datetime": "2021-09-22 19:34:36", "elapsed": 401.328227, "delta": 1.48978}}
{"target": -206.4054304269575, "params": {"C": 6691.649544579198, "epsilon": 21.503930927325918, "gamma": 0.09938249749232807}, "datetime": {"datetime": "2021-09-22 19:34:38", "elapsed": 403.214014, "delta": 1.885787}}
{"target": -252.91559821616235, "params": {"C": 5467.28201929207, "epsilon": 15.87692088745988, "gamma": 0.12339505652271444}, "datetime": {"datetime": "2021-09-22 19:34:39", "elapsed": 404.796555, "delta": 1.582541}}
{"target": -122.73571666949546, "params": {"C": 6936.475846317038, "epsilon": 4.729472265014821, "gamma": 0.06258297861510886}, "datetime": {"datetime": "2021-09-22 19:34:41", "elapsed": 406.613463, "delta": 1.816908}}
{"target": -73.18196996158287, "params": {"C": 8653.774569390544, "epsilon": 20.899855134906858, "gamma": 0.03181730699495382}, "datetime": {"datetime": "2021-09-22 19:34:43", "elapsed": 408.286465, "delta": 1.673002}}
{"target": -152.92986309398415, "params": {"C": 8514.699759774781, "epsilon": 0.6579518224487944, "gamma": 0.07921349966822316}, "datetime": {"datetime": "2021-09-22 19:34:44", "elapsed": 410.017121, "delta": 1.730656}}
{"target": -218.34094193565133, "params": {"C": 6462.154669708214, "epsilon": 7.594513941207672, "gamma": 0.10901490611805593}, "datetime": {"datetime": "2021-09-22 19:34:47", "elapsed": 412.327462, "delta": 2.310341}}
{"target": -40.88183283886359, "params": {"C": 7522.83565782846, "epsilon": 9.209107720235075, "gamma": 0.012944788861079236}, "datetime": {"datetime": "2021-09-22 19:34:48", "elapsed": 414.095499, "delta": 1.768037}}
{"target": -95.92302742543356, "params": {"C": 5000.1764016890675, "epsilon": 16.117250812370887, "gamma": 0.04296868911843117}, "datetime": {"datetime": "2021-09-22 19:34:50", "elapsed": 415.727619, "delta": 1.63212}}
{"target": -227.9437718746231, "params": {"C": 5397.970610036255, "epsilon": 26.039025343567364, "gamma": 0.10829105261500291}, "datetime": {"datetime": "2021-09-22 19:34:52", "elapsed": 417.27299, "delta": 1.545371}}
{"target": -73.61700414046068, "params": {"C": 9335.895832682838, "epsilon": 8.57316316324601, "gamma": 0.035581245415825365}, "datetime": {"datetime": "2021-09-22 19:34:54", "elapsed": 419.314294, "delta": 2.041304}}
{"target": -34.90730335838091, "params": {"C": 5141.891804968111, "epsilon": 0.2517810494886785, "gamma": 0.008006469406303186}, "datetime": {"datetime": "2021-09-22 19:34:55", "elapsed": 420.995219, "delta": 1.680925}}
{"target": -46.253232325551366, "params": {"C": 6215.043750580826, "epsilon": 2.06054564509875, "gamma": 0.01547889481009742}, "datetime": {"datetime": "2021-09-22 19:34:57", "elapsed": 422.751847, "delta": 1.756628}}
{"target": -86.63800476086936, "params": {"C": 7947.42265289868, "epsilon": 4.752391841655475, "gamma": 0.04320462908091158}, "datetime": {"datetime": "2021-09-22 19:34:59", "elapsed": 424.720165, "delta": 1.968318}}
{"target": -112.81129616847012, "params": {"C": 6949.411872504802, "epsilon": 19.344681835138022, "gamma": 0.05349840068822302}, "datetime": {"datetime": "2021-09-22 19:35:01", "elapsed": 426.479607, "delta": 1.759442}}
{"target": -204.4289964668096, "params": {"C": 6888.610015532768, "epsilon": 22.275004049862495, "gamma": 0.09817777835146407}, "datetime": {"datetime": "2021-09-22 19:35:02", "elapsed": 428.116961, "delta": 1.637354}}
{"target": -45.07760328971406, "params": {"C": 7760.107061412377, "epsilon": 16.627581227205606, "gamma": 0.014625489968797338}, "datetime": {"datetime": "2021-09-22 19:35:04", "elapsed": 429.917646, "delta": 1.800685}}
{"target": -68.7324210488483, "params": {"C": 5242.651453164585, "epsilon": 2.098962442403362, "gamma": 0.02836311054952813}, "datetime": {"datetime": "2021-09-22 19:35:06", "elapsed": 431.805306, "delta": 1.88766}}
{"target": -253.25663357395578, "params": {"C": 4977.477595421041, "epsilon": 4.486975394144472, "gamma": 0.12559168770109536}, "datetime": {"datetime": "2021-09-22 19:35:08", "elapsed": 433.473017, "delta": 1.667711}}
{"target": -225.6816852405448, "params": {"C": 7887.695065449994, "epsilon": 15.887281517998602, "gamma": 0.11077710565634664}, "datetime": {"datetime": "2021-09-22 19:35:09", "elapsed": 435.068145, "delta": 1.595128}}
{"target": -76.45340720651254, "params": {"C": 7475.163112477836, "epsilon": 23.403469740141972, "gamma": 0.03235665394962046}, "datetime": {"datetime": "2021-09-22 19:35:11", "elapsed": 436.779944, "delta": 1.711799}}
{"target": -78.090386294663, "params": {"C": 6216.165364383561, "epsilon": 20.31532427121638, "gamma": 0.033330116348154824}, "datetime": {"datetime": "2021-09-22 19:35:13", "elapsed": 439.023788, "delta": 2.243844}}
{"target": -211.47316643029586, "params": {"C": 7388.2524585577885, "epsilon": 28.238430034746166, "gamma": 0.09999155975866492}, "datetime": {"datetime": "2021-09-22 19:35:15", "elapsed": 440.685047, "delta": 1.661259}}
{"target": -250.7932436957575, "params": {"C": 7441.122903056092, "epsilon": 23.293391355231105, "gamma": 0.12084146955647367}, "datetime": {"datetime": "2021-09-22 19:35:17", "elapsed": 442.280779, "delta": 1.595732}}
{"target": -268.8289448165773, "params": {"C": 9760.481719238338, "epsilon": 2.9503283050467792, "gamma": 0.13423310988429027}, "datetime": {"datetime": "2021-09-22 19:35:19", "elapsed": 444.558633, "delta": 2.277854}}
{"target": -298.5155652520006, "params": {"C": 5833.457448915798, "epsilon": 17.095884288895288, "gamma": 0.14547595254291096}, "datetime": {"datetime": "2021-09-22 19:35:21", "elapsed": 446.747032, "delta": 2.188399}}
{"target": -207.97480506424333, "params": {"C": 5479.826025381655, "epsilon": 1.4325069280973874, "gamma": 0.10451728421289412}, "datetime": {"datetime": "2021-09-22 19:35:23", "elapsed": 449.110418, "delta": 2.363386}}
{"target": -213.1236957403127, "params": {"C": 6256.258464673793, "epsilon": 18.128077975794398, "gamma": 0.10359792981907473}, "datetime": {"datetime": "2021-09-22 19:35:25", "elapsed": 450.862413, "delta": 1.751995}}
{"target": -100.7524795528759, "params": {"C": 9266.20723810443, "epsilon": 24.077702109178368, "gamma": 0.04622002730819846}, "datetime": {"datetime": "2021-09-22 19:35:27", "elapsed": 452.617917, "delta": 1.755504}}
{"target": -236.51478067971976, "params": {"C": 8582.856886986277, "epsilon": 2.65450899292334, "gamma": 0.11897098878076715}, "datetime": {"datetime": "2021-09-22 19:35:29", "elapsed": 454.745479, "delta": 2.127562}}
{"target": -196.95953255088918, "params": {"C": 8532.725661117867, "epsilon": 12.701099723912717, "gamma": 0.09755510723784863}, "datetime": {"datetime": "2021-09-22 19:35:31", "elapsed": 456.514922, "delta": 1.769443}}
{"target": -226.5232324665821, "params": {"C": 9445.88797500306, "epsilon": 28.451793175749327, "gamma": 0.10747028616267039}, "datetime": {"datetime": "2021-09-22 19:35:33", "elapsed": 458.274162, "delta": 1.75924}}
{"target": -280.455220081784, "params": {"C": 8782.96611541555, "epsilon": 14.989373203194022, "gamma": 0.1374217134389285}, "datetime": {"datetime": "2021-09-22 19:35:35", "elapsed": 460.743221, "delta": 2.469059}}
{"target": -268.86767851317046, "params": {"C": 7196.122943362431, "epsilon": 26.41420558024871, "gamma": 0.12877856272750082}, "datetime": {"datetime": "2021-09-22 19:35:37", "elapsed": 462.318516, "delta": 1.575295}}
{"target": -74.97538628867247, "params": {"C": 8529.157550069775, "epsilon": 28.126195438263654, "gamma": 0.03011956268972108}, "datetime": {"datetime": "2021-09-22 19:35:38", "elapsed": 464.164938, "delta": 1.846422}}
{"target": -255.8225929098303, "params": {"C": 5931.201193748158, "epsilon": 0.7699377010831684, "gamma": 0.127973416553067}, "datetime": {"datetime": "2021-09-22 19:35:41", "elapsed": 466.666934, "delta": 2.501996}}
{"target": -41.37878566563687, "params": {"C": 8395.307744460799, "epsilon": 1.7069921371053558, "gamma": 0.015039114011862342}, "datetime": {"datetime": "2021-09-22 19:35:44", "elapsed": 469.758022, "delta": 3.091088}}
{"target": -26.125798550020903, "params": {"C": 7559.556380158427, "epsilon": 15.35292349801812, "gamma": 0.004691336424075103}, "datetime": {"datetime": "2021-09-22 19:35:46", "elapsed": 471.885048, "delta": 2.127026}}
{"target": -211.6800101003517, "params": {"C": 9308.218080505394, "epsilon": 18.517671422380772, "gamma": 0.10307640931520104}, "datetime": {"datetime": "2021-09-22 19:35:48", "elapsed": 473.637496, "delta": 1.752448}}
{"target": -108.67269539966934, "params": {"C": 7057.299285823299, "epsilon": 10.335202576224113, "gamma": 0.0538606969991498}, "datetime": {"datetime": "2021-09-22 19:35:50", "elapsed": 475.543895, "delta": 1.906399}}
{"target": -178.1166165600308, "params": {"C": 6011.815032015385, "epsilon": 26.104012476418326, "gamma": 0.0841236291611493}, "datetime": {"datetime": "2021-09-22 19:35:52", "elapsed": 477.715778, "delta": 2.171883}}
{"target": -127.4397663070053, "params": {"C": 6971.979159526133, "epsilon": 11.918376623509385, "gamma": 0.06328822969709849}, "datetime": {"datetime": "2021-09-22 19:35:54", "elapsed": 479.558583, "delta": 1.842805}}
{"target": -170.99384186493202, "params": {"C": 8688.06118462935, "epsilon": 24.028042470320717, "gamma": 0.08137874682442826}, "datetime": {"datetime": "2021-09-22 19:35:56", "elapsed": 481.635315, "delta": 2.076732}}
{"target": -173.7436112369459, "params": {"C": 6264.09752152723, "epsilon": 8.409532258919183, "gamma": 0.08683544221713287}, "datetime": {"datetime": "2021-09-22 19:35:58", "elapsed": 483.546499, "delta": 1.911184}}
{"target": -120.51738175536428, "params": {"C": 5865.8655287019255, "epsilon": 10.22563336320343, "gamma": 0.05929352702247833}, "datetime": {"datetime": "2021-09-22 19:36:00", "elapsed": 485.427727, "delta": 1.881228}}
{"target": -49.82498885008969, "params": {"C": 9429.372096954019, "epsilon": 24.739141030229497, "gamma": 0.01685621988859228}, "datetime": {"datetime": "2021-09-22 19:36:02", "elapsed": 487.378363, "delta": 1.950636}}
{"target": -163.26005315732715, "params": {"C": 5796.222652017712, "epsilon": 8.16765929106467, "gamma": 0.08149848097453874}, "datetime": {"datetime": "2021-09-22 19:36:04", "elapsed": 489.251622, "delta": 1.873259}}
{"target": -205.2815066504992, "params": {"C": 5589.916830633881, "epsilon": 11.693041758184947, "gamma": 0.10114563070085554}, "datetime": {"datetime": "2021-09-22 19:36:05", "elapsed": 491.104337, "delta": 1.852715}}
{"target": -64.9480970026117, "params": {"C": 8013.659317050347, "epsilon": 7.247954998935286, "gamma": 0.02941147409819972}, "datetime": {"datetime": "2021-09-22 19:36:08", "elapsed": 493.306361, "delta": 2.202024}}
{"target": -298.51448981148656, "params": {"C": 9865.01155430945, "epsilon": 5.480680323949423, "gamma": 0.14800669622294893}, "datetime": {"datetime": "2021-09-22 19:36:10", "elapsed": 495.219976, "delta": 1.913615}}
{"target": -287.44498874931185, "params": {"C": 6480.416160619, "epsilon": 4.271145173282081, "gamma": 0.1425119009222212}, "datetime": {"datetime": "2021-09-22 19:36:12", "elapsed": 497.669937, "delta": 2.449961}}
{"target": -66.51241737434626, "params": {"C": 5110.433596088477, "epsilon": 23.842585242005647, "gamma": 0.023271456660268194}, "datetime": {"datetime": "2021-09-22 19:36:14", "elapsed": 499.601714, "delta": 1.931777}}
{"target": -272.0853058507362, "params": {"C": 9101.886318956245, "epsilon": 23.037745382753133, "gamma": 0.13128859071974613}, "datetime": {"datetime": "2021-09-22 19:36:16", "elapsed": 501.409688, "delta": 1.807974}}
{"target": -131.30292325127925, "params": {"C": 6886.74934484828, "epsilon": 22.4314516769179, "gamma": 0.06256825407890051}, "datetime": {"datetime": "2021-09-22 19:36:18", "elapsed": 503.288453, "delta": 1.878765}}
{"target": -36.96740592038927, "params": {"C": 7637.830759862089, "epsilon": 7.391020164493875, "gamma": 0.010476344642309425}, "datetime": {"datetime": "2021-09-22 19:36:21", "elapsed": 506.683629, "delta": 3.395176}}
{"target": -76.25560642068824, "params": {"C": 7939.6634353216505, "epsilon": 25.669427917685688, "gamma": 0.03163227263164827}, "datetime": {"datetime": "2021-09-22 19:36:23", "elapsed": 509.176652, "delta": 2.493023}}
{"target": -267.14240426072524, "params": {"C": 6389.209096073899, "epsilon": 17.101422341412295, "gamma": 0.13023404603270472}, "datetime": {"datetime": "2021-09-22 19:36:25", "elapsed": 510.824899, "delta": 1.648247}}
{"target": -47.4051894319146, "params": {"C": 8749.911921533047, "epsilon": 7.475574965944439, "gamma": 0.01943949293935484}, "datetime": {"datetime": "2021-09-22 19:36:27", "elapsed": 513.07022, "delta": 2.245321}}
{"target": -122.30006323789694, "params": {"C": 7305.605093018514, "epsilon": 4.609700534213073, "gamma": 0.062627159026958}, "datetime": {"datetime": "2021-09-22 19:36:30", "elapsed": 515.778665, "delta": 2.708445}}
{"target": -304.1576006676094, "params": {"C": 4939.210849718987, "epsilon": 25.801838565745697, "gamma": 0.1462528589039047}, "datetime": {"datetime": "2021-09-22 19:36:33", "elapsed": 518.361614, "delta": 2.582949}}
{"target": -161.25137617221554, "params": {"C": 7235.905263617, "epsilon": 20.034897048550626, "gamma": 0.07790314190487391}, "datetime": {"datetime": "2021-09-22 19:36:35", "elapsed": 520.375704, "delta": 2.01409}}
{"target": -172.04832667908073, "params": {"C": 7343.597913582186, "epsilon": 8.551425491455632, "gamma": 0.0863925493777874}, "datetime": {"datetime": "2021-09-22 19:36:37", "elapsed": 522.407844, "delta": 2.03214}}
{"target": -163.8441624565064, "params": {"C": 5753.479888287589, "epsilon": 12.018517312312424, "gamma": 0.08069649692458998}, "datetime": {"datetime": "2021-09-22 19:36:39", "elapsed": 524.317234, "delta": 1.90939}}
{"target": -170.13514296492195, "params": {"C": 8077.396877023079, "epsilon": 18.84077648751023, "gamma": 0.08251052575080403}, "datetime": {"datetime": "2021-09-22 19:36:41", "elapsed": 526.244983, "delta": 1.927749}}
{"target": -178.59919847919707, "params": {"C": 9828.693503929895, "epsilon": 9.026513156285821, "gamma": 0.08974065694435836}, "datetime": {"datetime": "2021-09-22 19:36:42", "elapsed": 528.190235, "delta": 1.945252}}
