{"target": -490.8846567379364, "params": {"C": 91.40134088316213, "epsilon": 0.7728882509154016, "gamma": 0.01470628127454028}, "datetime": {"datetime": "2021-09-22 17:55:07", "elapsed": 90.47137, "delta": 1.283266}}
{"target": -565.2074802635715, "params": {"C": 60.78815724565031, "epsilon": 0.8568001701969766, "gamma": 0.047773813319395474}, "datetime": {"datetime": "2021-09-22 17:55:08", "elapsed": 91.352536, "delta": 0.881166}}
{"target": -1559.1312779190246, "params": {"C": 97.53775151333606, "epsilon": 4.72260523103874, "gamma": 0.6991800271422021}, "datetime": {"datetime": "2021-09-22 17:55:09", "elapsed": 91.926542, "delta": 0.574006}}
{"target": -1300.5022355672056, "params": {"C": 91.53402571223177, "epsilon": 0.830471479350581, "gamma": 0.3035038384676884}, "datetime": {"datetime": "2021-09-22 17:55:10", "elapsed": 92.981244, "delta": 1.054702}}
{"target": -1358.3272876813512, "params": {"C": 59.74612043243243, "epsilon": 1.2928609013437382, "gamma": 0.26774262727909803}, "datetime": {"datetime": "2021-09-22 17:55:11", "elapsed": 93.892621, "delta": 0.911377}}
{"target": -1285.6004821046588, "params": {"C": 31.903561362894308, "epsilon": 8.035606377887824, "gamma": 0.15223941240460379}, "datetime": {"datetime": "2021-09-22 17:55:11", "elapsed": 94.455916, "delta": 0.563295}}
{"target": -1622.7894618397868, "params": {"C": 70.43764935929516, "epsilon": 3.05073429869793, "gamma": 0.0001}, "datetime": {"datetime": "2021-09-22 17:55:12", "elapsed": 95.532645, "delta": 1.076729}}
{"target": -1006.3129009100413, "params": {"C": 59.80529160310505, "epsilon": 2.034028569868928, "gamma": 0.14342039143214036}, "datetime": {"datetime": "2021-09-22 17:55:13", "elapsed": 96.182646, "delta": 0.650001}}
{"target": -594.8012603394766, "params": {"C": 90.48369877260117, "epsilon": 1.0682932753441112, "gamma": 0.08835271000540854}, "datetime": {"datetime": "2021-09-22 17:55:14", "elapsed": 97.580404, "delta": 1.397758}}
{"target": -1432.365188883299, "params": {"C": 70.04295759828466, "epsilon": 2.9043357472308675, "gamma": 0.3517052952577581}, "datetime": {"datetime": "2021-09-22 17:55:16", "elapsed": 98.866526, "delta": 1.286122}}
{"target": -1618.2374318141433, "params": {"C": 91.25114092975113, "epsilon": 0.747394318336637, "gamma": 0.0001}, "datetime": {"datetime": "2021-09-22 17:55:17", "elapsed": 99.926534, "delta": 1.060008}}
{"target": -636.7023197509058, "params": {"C": 91.04846767725888, "epsilon": 0.41580308351444745, "gamma": 0.09984735439719825}, "datetime": {"datetime": "2021-09-22 17:55:18", "elapsed": 100.998329, "delta": 1.071795}}
{"target": -567.5552903680299, "params": {"C": 90.48254629263845, "epsilon": 1.3669957216647473, "gamma": 0.01075614648971509}, "datetime": {"datetime": "2021-09-22 17:55:19", "elapsed": 101.933326, "delta": 0.934997}}
{"target": -1035.9171007581556, "params": {"C": 91.11205816270542, "epsilon": 0.5720097558251347, "gamma": 0.19699471776483263}, "datetime": {"datetime": "2021-09-22 17:55:20", "elapsed": 102.966664, "delta": 1.033338}}
{"target": -1622.5076115334148, "params": {"C": 25.759141847787284, "epsilon": 2.352087995358222, "gamma": 0.815401424790168}, "datetime": {"datetime": "2021-09-22 17:55:20", "elapsed": 103.54971, "delta": 0.583046}}
{"target": -914.346282892515, "params": {"C": 91.4053882347298, "epsilon": 0.8408727796333773, "gamma": 0.16616213243730682}, "datetime": {"datetime": "2021-09-22 17:55:21", "elapsed": 104.577003, "delta": 1.027293}}
{"target": -589.0111214663665, "params": {"C": 91.53759001820497, "epsilon": 0.6421098843587515, "gamma": 0.08741837598260226}, "datetime": {"datetime": "2021-09-22 17:55:23", "elapsed": 105.702841, "delta": 1.125838}}
{"target": -1621.2352488507788, "params": {"C": 12.517983025780644, "epsilon": 6.592040051343919, "gamma": 0.5414733704041046}, "datetime": {"datetime": "2021-09-22 17:55:23", "elapsed": 106.299645, "delta": 0.596804}}
{"target": -1582.213541618931, "params": {"C": 62.866683809938564, "epsilon": 1.2948270399593125, "gamma": 0.6696388955549871}, "datetime": {"datetime": "2021-09-22 17:55:24", "elapsed": 106.969387, "delta": 0.669742}}
{"target": -536.0802926958954, "params": {"C": 90.67073625413013, "epsilon": 0.8134158687929434, "gamma": 0.011905169751676842}, "datetime": {"datetime": "2021-09-22 17:55:25", "elapsed": 108.246977, "delta": 1.27759}}
{"target": -1618.3836175234887, "params": {"C": 90.54745169206197, "epsilon": 1.5158437997035408, "gamma": 0.0001}, "datetime": {"datetime": "2021-09-22 17:55:27", "elapsed": 109.735198, "delta": 1.488221}}
{"target": -611.2193024388794, "params": {"C": 90.30157854063222, "epsilon": 1.2905243474366623, "gamma": 0.09287251637737753}, "datetime": {"datetime": "2021-09-22 17:55:28", "elapsed": 110.859461, "delta": 1.124263}}
{"target": -1253.2213638161904, "params": {"C": 90.18052697274517, "epsilon": 1.2701822137823837, "gamma": 0.27613129562623145}, "datetime": {"datetime": "2021-09-22 17:55:29", "elapsed": 111.731528, "delta": 0.872067}}
{"target": -1062.4619244214518, "params": {"C": 90.92757217707727, "epsilon": 1.5313907270371288, "gamma": 0.20361923479135347}, "datetime": {"datetime": "2021-09-22 17:55:30", "elapsed": 112.76539, "delta": 1.033862}}
{"target": -1631.1966361060627, "params": {"C": 14.364167919904201, "epsilon": 0.5721952095820246, "gamma": 0.902939892252488}, "datetime": {"datetime": "2021-09-22 17:55:30", "elapsed": 113.382123, "delta": 0.616733}}
{"target": -1619.5671391044448, "params": {"C": 7.939343267387619, "epsilon": 9.748711637378642, "gamma": 0.4046464163188546}, "datetime": {"datetime": "2021-09-22 17:55:31", "elapsed": 114.053164, "delta": 0.671041}}
{"target": -1609.7604387860083, "params": {"C": 26.73631557168405, "epsilon": 2.1664958546738324, "gamma": 0.6148058469829291}, "datetime": {"datetime": "2021-09-22 17:55:32", "elapsed": 114.71603, "delta": 0.662866}}
{"target": -621.9522221562029, "params": {"C": 60.470796938134086, "epsilon": 0.42633204417210646, "gamma": 0.06338917717667746}, "datetime": {"datetime": "2021-09-22 17:55:33", "elapsed": 115.722965, "delta": 1.006935}}
{"target": -448.0776500247346, "params": {"C": 90.60876834847215, "epsilon": 0.5469228798382721, "gamma": 0.04441805185672866}, "datetime": {"datetime": "2021-09-22 17:55:34", "elapsed": 116.88592, "delta": 1.162955}}
{"target": -1528.41600006929, "params": {"C": 6.040999431440344, "epsilon": 3.0271308474479572, "gamma": 0.1009349099296642}, "datetime": {"datetime": "2021-09-22 17:55:34", "elapsed": 117.531894, "delta": 0.645974}}
{"target": -870.1708994300675, "params": {"C": 90.92096081681208, "epsilon": 0.7585424857264792, "gamma": 0.15552743136406028}, "datetime": {"datetime": "2021-09-22 17:55:35", "elapsed": 118.577439, "delta": 1.045545}}
{"target": -909.3680130534203, "params": {"C": 91.08517147130485, "epsilon": 0.27567684081606453, "gamma": 0.16462806377517064}, "datetime": {"datetime": "2021-09-22 17:55:37", "elapsed": 119.76311, "delta": 1.185671}}
{"target": -1629.3233738032716, "params": {"C": 3.1757243989119948, "epsilon": 5.575177975802885, "gamma": 0.3648271148600673}, "datetime": {"datetime": "2021-09-22 17:55:37", "elapsed": 120.447652, "delta": 0.684542}}
{"target": -1171.5524273841, "params": {"C": 60.69909750482536, "epsilon": 0.6498861927393539, "gamma": 0.18921221435067184}, "datetime": {"datetime": "2021-09-22 17:55:38", "elapsed": 121.493238, "delta": 1.045586}}
{"target": -711.8577201625586, "params": {"C": 59.63576095506831, "epsilon": 0.4551847587488751, "gamma": 0.08406997923252446}, "datetime": {"datetime": "2021-09-22 17:55:39", "elapsed": 122.636907, "delta": 1.143669}}
{"target": -1214.559856357359, "params": {"C": 42.917407391491395, "epsilon": 7.691991489818513, "gamma": 0.16165103805842457}, "datetime": {"datetime": "2021-09-22 17:55:40", "elapsed": 123.406718, "delta": 0.769811}}
{"target": -1236.4337164258677, "params": {"C": 91.44240248560102, "epsilon": 0.574497536356018, "gamma": 0.2705566963059339}, "datetime": {"datetime": "2021-09-22 17:55:41", "elapsed": 124.534157, "delta": 1.127439}}
{"target": -925.8906247376653, "params": {"C": 60.12883628801205, "epsilon": 1.5016603258046346, "gamma": 0.12543590610694447}, "datetime": {"datetime": "2021-09-22 17:55:42", "elapsed": 125.553519, "delta": 1.019362}}
{"target": -657.6509815112455, "params": {"C": 60.54716376509881, "epsilon": 0.598510775225531, "gamma": 0.01563125635363434}, "datetime": {"datetime": "2021-09-22 17:55:43", "elapsed": 126.618432, "delta": 1.064913}}
{"target": -786.4702526991615, "params": {"C": 60.314361826124944, "epsilon": 0.5690563546694305, "gamma": 0.1000098211277879}, "datetime": {"datetime": "2021-09-22 17:55:44", "elapsed": 127.291235, "delta": 0.672803}}
{"target": -566.9788096669848, "params": {"C": 90.57203850063067, "epsilon": 0.9061586937614612, "gamma": 0.010772830871576829}, "datetime": {"datetime": "2021-09-22 17:55:45", "elapsed": 128.276114, "delta": 0.984879}}
{"target": -1624.789736346455, "params": {"C": 21.381930395189464, "epsilon": 6.225988837426856, "gamma": 0.8037652061777925}, "datetime": {"datetime": "2021-09-22 17:55:46", "elapsed": 129.026228, "delta": 0.750114}}
{"target": -1229.2957644126877, "params": {"C": 60.45705277511117, "epsilon": 0.3000611047277066, "gamma": 0.20877870213272418}, "datetime": {"datetime": "2021-09-22 17:55:47", "elapsed": 130.461314, "delta": 1.435086}}
{"target": -522.908767649018, "params": {"C": 90.5089634453795, "epsilon": 0.8073093805370333, "gamma": 0.06866692403844489}, "datetime": {"datetime": "2021-09-22 17:55:49", "elapsed": 131.698268, "delta": 1.236954}}
{"target": -977.0119602127583, "params": {"C": 90.47419940275635, "epsilon": 1.37460161663895, "gamma": 0.18035366630983965}, "datetime": {"datetime": "2021-09-22 17:55:50", "elapsed": 132.938443, "delta": 1.240175}}
{"target": -1605.1021360328823, "params": {"C": 17.669655036387205, "epsilon": 3.7373678532119095, "gamma": 0.45715687806417576}, "datetime": {"datetime": "2021-09-22 17:55:50", "elapsed": 133.63594, "delta": 0.697497}}
{"target": -546.2935364432601, "params": {"C": 90.41187527542733, "epsilon": 1.227776778796925, "gamma": 0.07457767103203888}, "datetime": {"datetime": "2021-09-22 17:55:52", "elapsed": 134.752952, "delta": 1.117012}}
{"target": -1629.6444761306964, "params": {"C": 12.59026788223068, "epsilon": 7.763301673246705, "gamma": 0.7681647195148352}, "datetime": {"datetime": "2021-09-22 17:55:52", "elapsed": 135.474271, "delta": 0.721319}}
{"target": -428.30795240039436, "params": {"C": 90.93663040984539, "epsilon": 1.732073743969552, "gamma": 0.027958016407505136}, "datetime": {"datetime": "2021-09-22 17:55:54", "elapsed": 136.737247, "delta": 1.262976}}
{"target": -787.0461509058837, "params": {"C": 90.85843783032342, "epsilon": 0.24548597206201692, "gamma": 0.006388625715287621}, "datetime": {"datetime": "2021-09-22 17:55:55", "elapsed": 138.493666, "delta": 1.756419}}
{"target": -1091.5036323221016, "params": {"C": 59.78419780403558, "epsilon": 0.10637781420136631, "gamma": 0.005330189657385739}, "datetime": {"datetime": "2021-09-22 17:55:57", "elapsed": 139.71472, "delta": 1.221054}}
{"target": -1617.5810773734586, "params": {"C": 23.911717052765646, "epsilon": 3.1783666348267974, "gamma": 0.6847329665350944}, "datetime": {"datetime": "2021-09-22 17:55:57", "elapsed": 140.41367, "delta": 0.69895}}
{"target": -1031.8551856866825, "params": {"C": 91.03996503329742, "epsilon": 1.8696433782786246, "gamma": 0.19587610132876337}, "datetime": {"datetime": "2021-09-22 17:55:59", "elapsed": 141.744711, "delta": 1.331041}}
{"target": -610.2091597952383, "params": {"C": 90.18980694372671, "epsilon": 0.5140063056356907, "gamma": 0.009482768905470907}, "datetime": {"datetime": "2021-09-22 17:56:00", "elapsed": 143.090045, "delta": 1.345334}}
{"target": -442.0676851467561, "params": {"C": 90.62662583793099, "epsilon": 0.2332330903400629, "gamma": 0.041744057642586985}, "datetime": {"datetime": "2021-09-22 17:56:01", "elapsed": 144.275074, "delta": 1.185029}}
{"target": -1285.6948630697261, "params": {"C": 59.33463345175109, "epsilon": 0.33878228142776184, "gamma": 0.2295266362939576}, "datetime": {"datetime": "2021-09-22 17:56:02", "elapsed": 145.610057, "delta": 1.334983}}
{"target": -532.5393452804673, "params": {"C": 90.8488397484286, "epsilon": 1.3906383913005214, "gamma": 0.07144802963353158}, "datetime": {"datetime": "2021-09-22 17:56:04", "elapsed": 146.818646, "delta": 1.208589}}
{"target": -1629.3774199765446, "params": {"C": 14.198698449208154, "epsilon": 8.12642926013782, "gamma": 0.8042421729447126}, "datetime": {"datetime": "2021-09-22 17:56:04", "elapsed": 147.598112, "delta": 0.779466}}
{"target": -1567.9686750714436, "params": {"C": 7.243465478400797, "epsilon": 8.861507908564375, "gamma": 0.1737766625676329}, "datetime": {"datetime": "2021-09-22 17:56:05", "elapsed": 148.373708, "delta": 0.775596}}
{"target": -1390.4750167154284, "params": {"C": 21.186040569327645, "epsilon": 9.040983114246853, "gamma": 0.14744743302782762}, "datetime": {"datetime": "2021-09-22 17:56:06", "elapsed": 149.162994, "delta": 0.789286}}
{"target": -686.0776653822759, "params": {"C": 91.61285693528092, "epsilon": 0.8714042112521285, "gamma": 0.11340157580897325}, "datetime": {"datetime": "2021-09-22 17:56:07", "elapsed": 150.633785, "delta": 1.470791}}
{"target": -828.0340909248631, "params": {"C": 90.59743382477734, "epsilon": 0.23320891573238076, "gamma": 0.1457195091264447}, "datetime": {"datetime": "2021-09-22 17:56:09", "elapsed": 151.837984, "delta": 1.204199}}
{"target": -1535.65066837291, "params": {"C": 54.95929430062926, "epsilon": 0.8743518857306021, "gamma": 0.45394059724208546}, "datetime": {"datetime": "2021-09-22 17:56:09", "elapsed": 152.565081, "delta": 0.727097}}
{"target": -700.4075019088505, "params": {"C": 98.07057977973221, "epsilon": 4.74572179756479, "gamma": 0.12252162709593331}, "datetime": {"datetime": "2021-09-22 17:56:10", "elapsed": 153.362164, "delta": 0.797083}}
{"target": -543.4297664162201, "params": {"C": 98.25488959143934, "epsilon": 4.649903187050212, "gamma": 0.010291788585206815}, "datetime": {"datetime": "2021-09-22 17:56:12", "elapsed": 154.798918, "delta": 1.436754}}
{"target": -1616.6566775544945, "params": {"C": 98.10367246489687, "epsilon": 4.586510759440268, "gamma": 0.0001}, "datetime": {"datetime": "2021-09-22 17:56:13", "elapsed": 156.544526, "delta": 1.745608}}
{"target": -890.1317619870033, "params": {"C": 98.37710756095524, "epsilon": 4.714642836880661, "gamma": 0.1678274125742072}, "datetime": {"datetime": "2021-09-22 17:56:15", "elapsed": 157.770148, "delta": 1.225622}}
{"target": -590.5258077559937, "params": {"C": 91.78098919230658, "epsilon": 0.777378230448859, "gamma": 0.08806285723076529}, "datetime": {"datetime": "2021-09-22 17:56:16", "elapsed": 159.107339, "delta": 1.337191}}
{"target": -445.43757701999954, "params": {"C": 91.68710457362506, "epsilon": 0.9036844455496571, "gamma": 0.02019730299130844}, "datetime": {"datetime": "2021-09-22 17:56:18", "elapsed": 160.862337, "delta": 1.754998}}
{"target": -848.4543730781477, "params": {"C": 91.83701445276485, "epsilon": 0.9971706153335127, "gamma": 0.1515850774057799}, "datetime": {"datetime": "2021-09-22 17:56:19", "elapsed": 162.365219, "delta": 1.502882}}
{"target": -1594.988263048092, "params": {"C": 75.8960633578099, "epsilon": 2.6098608245704527, "gamma": 0.8395419077482486}, "datetime": {"datetime": "2021-09-22 17:56:20", "elapsed": 163.194737, "delta": 0.829518}}
{"target": -1302.262406782563, "params": {"C": 97.98254142779417, "epsilon": 5.055016137169206, "gamma": 0.3159515571251328}, "datetime": {"datetime": "2021-09-22 17:56:22", "elapsed": 164.784099, "delta": 1.589362}}
{"target": -561.1441301410091, "params": {"C": 91.63219261287864, "epsilon": 0.6963055520796588, "gamma": 0.07949016774180413}, "datetime": {"datetime": "2021-09-22 17:56:23", "elapsed": 166.430574, "delta": 1.646475}}
{"target": -1097.0642026574214, "params": {"C": 98.06265303928333, "epsilon": 4.805300179100485, "gamma": 0.22398267830867272}, "datetime": {"datetime": "2021-09-22 17:56:25", "elapsed": 168.127204, "delta": 1.69663}}
{"target": -648.8474698357068, "params": {"C": 60.341113909488065, "epsilon": 0.3965911444653009, "gamma": 0.07081629058714017}, "datetime": {"datetime": "2021-09-22 17:56:27", "elapsed": 169.985793, "delta": 1.858589}}
{"target": -458.0637074073249, "params": {"C": 98.94852271017878, "epsilon": 9.341795061264628, "gamma": 0.055306761331616}, "datetime": {"datetime": "2021-09-22 17:56:28", "elapsed": 170.788838, "delta": 0.803045}}
{"target": -695.669353362599, "params": {"C": 99.03968184356093, "epsilon": 9.578703816749567, "gamma": 0.12179196922466451}, "datetime": {"datetime": "2021-09-22 17:56:29", "elapsed": 172.239578, "delta": 1.45074}}
{"target": -426.76376130250395, "params": {"C": 98.42901997291631, "epsilon": 4.964719830599276, "gamma": 0.04340758662262447}, "datetime": {"datetime": "2021-09-22 17:56:31", "elapsed": 174.139645, "delta": 1.900067}}
{"target": -758.5103588673045, "params": {"C": 40.518112472771286, "epsilon": 1.8287426922820875, "gamma": 0.031867457378618534}, "datetime": {"datetime": "2021-09-22 17:56:32", "elapsed": 174.970002, "delta": 0.830357}}
{"target": -430.74629658294344, "params": {"C": 90.51981112230162, "epsilon": 0.44466374299692374, "gamma": 0.03511537181855368}, "datetime": {"datetime": "2021-09-22 17:56:33", "elapsed": 176.599844, "delta": 1.629842}}
{"target": -1616.6111839837777, "params": {"C": 98.2893122359737, "epsilon": 4.830604700510931, "gamma": 0.0001}, "datetime": {"datetime": "2021-09-22 17:56:35", "elapsed": 178.518225, "delta": 1.918381}}
{"target": -429.93139637961895, "params": {"C": 99.04054485074795, "epsilon": 9.126467766223314, "gamma": 0.04505719197059488}, "datetime": {"datetime": "2021-09-22 17:56:37", "elapsed": 179.891871, "delta": 1.373646}}
{"target": -463.61989598518926, "params": {"C": 90.7687964060369, "epsilon": 1.6406050687118163, "gamma": 0.018260055566236433}, "datetime": {"datetime": "2021-09-22 17:56:38", "elapsed": 181.447042, "delta": 1.555171}}
{"target": -558.5841366790667, "params": {"C": 99.090638433844, "epsilon": 9.275633465522018, "gamma": 0.08480266675258744}, "datetime": {"datetime": "2021-09-22 17:56:41", "elapsed": 183.7072, "delta": 2.260158}}
{"target": -1185.4916052141898, "params": {"C": 41.909917051297874, "epsilon": 3.1690029404387148, "gamma": 0.14972080642163238}, "datetime": {"datetime": "2021-09-22 17:56:41", "elapsed": 184.586231, "delta": 0.879031}}
{"target": -438.4290400243408, "params": {"C": 91.98590294661068, "epsilon": 0.9089923592259359, "gamma": 0.04173287172779288}, "datetime": {"datetime": "2021-09-22 17:56:43", "elapsed": 186.089684, "delta": 1.503453}}
{"target": -1575.6141904423282, "params": {"C": 77.72264737103077, "epsilon": 9.3518627649903, "gamma": 0.7041258106761826}, "datetime": {"datetime": "2021-09-22 17:56:44", "elapsed": 186.952921, "delta": 0.863237}}
{"target": -1374.1194174562374, "params": {"C": 63.65725742202544, "epsilon": 8.356764373280285, "gamma": 0.2879246111425544}, "datetime": {"datetime": "2021-09-22 17:56:45", "elapsed": 187.784532, "delta": 0.831611}}
{"target": -1593.515930789538, "params": {"C": 57.35777473207895, "epsilon": 4.578054177352443, "gamma": 0.718089391540391}, "datetime": {"datetime": "2021-09-22 17:56:46", "elapsed": 188.706494, "delta": 0.921962}}
{"target": -568.2949260241604, "params": {"C": 91.00347414230387, "epsilon": 1.8586903389946359, "gamma": 0.01062715699895297}, "datetime": {"datetime": "2021-09-22 17:56:47", "elapsed": 190.384524, "delta": 1.67803}}
{"target": -1624.307228319476, "params": {"C": 20.65090651917755, "epsilon": 6.509068527661625, "gamma": 0.7761618478048876}, "datetime": {"datetime": "2021-09-22 17:56:48", "elapsed": 191.285752, "delta": 0.901228}}
{"target": -683.8803448520644, "params": {"C": 98.34846874923238, "epsilon": 5.146134544226544, "gamma": 0.11806390217682733}, "datetime": {"datetime": "2021-09-22 17:56:50", "elapsed": 192.776062, "delta": 1.49031}}
{"target": -598.2673347286017, "params": {"C": 97.57634097649236, "epsilon": 2.7860519857752064, "gamma": 0.09505050492778215}, "datetime": {"datetime": "2021-09-22 17:56:51", "elapsed": 193.690202, "delta": 0.91414}}
{"target": -1169.4501492357879, "params": {"C": 53.65514691848485, "epsilon": 3.360451779229976, "gamma": 0.004983848966091868}, "datetime": {"datetime": "2021-09-22 17:56:51", "elapsed": 194.551882, "delta": 0.86168}}
{"target": -1625.100220188587, "params": {"C": 60.15101954801119, "epsilon": 1.191511746124246, "gamma": 0.0001}, "datetime": {"datetime": "2021-09-22 17:56:53", "elapsed": 196.095883, "delta": 1.544001}}
{"target": -873.841263846271, "params": {"C": 92.13968682113477, "epsilon": 0.9062473725215853, "gamma": 0.1576145408807244}, "datetime": {"datetime": "2021-09-22 17:56:55", "elapsed": 198.254722, "delta": 2.158839}}
{"target": -568.5141941755289, "params": {"C": 91.70510401792383, "epsilon": 0.7647755931104394, "gamma": 0.010502762127305481}, "datetime": {"datetime": "2021-09-22 17:56:57", "elapsed": 200.069504, "delta": 1.814782}}
{"target": -710.0638807445002, "params": {"C": 98.94059680555702, "epsilon": 9.200990499732635, "gamma": 0.1257960713438518}, "datetime": {"datetime": "2021-09-22 17:56:59", "elapsed": 201.713189, "delta": 1.643685}}
{"target": -556.3351806184902, "params": {"C": 90.90129796850425, "epsilon": 1.8539364565384178, "gamma": 0.011112715427249094}, "datetime": {"datetime": "2021-09-22 17:57:00", "elapsed": 203.270704, "delta": 1.557515}}
{"target": -720.5795609374625, "params": {"C": 99.0054659287192, "epsilon": 8.85579781202937, "gamma": 0.12871196243801458}, "datetime": {"datetime": "2021-09-22 17:57:02", "elapsed": 204.94314, "delta": 1.672436}}
{"target": -446.6591511223634, "params": {"C": 99.11322103506544, "epsilon": 9.443533155164296, "gamma": 0.016927678123449502}, "datetime": {"datetime": "2021-09-22 17:57:03", "elapsed": 206.593499, "delta": 1.650359}}
