{"target": -930.4977843049896, "params": {"C": 60.34959269612188, "epsilon": 1.2716202156460965, "gamma": 0.12676877958547456}, "datetime": {"datetime": "2021-09-22 17:53:57", "elapsed": 20.305651, "delta": 0.367878}}
{"target": -780.4012170356215, "params": {"C": 59.983095120757184, "epsilon": 1.2567797445192574, "gamma": 0.09839177513642063}, "datetime": {"datetime": "2021-09-22 17:53:58", "elapsed": 20.718516, "delta": 0.412865}}
{"target": -573.2407527262546, "params": {"C": 59.91178385207944, "epsilon": 0.7133597262744752, "gamma": 0.04920843308487377}, "datetime": {"datetime": "2021-09-22 17:53:58", "elapsed": 21.159969, "delta": 0.441453}}
{"target": -920.5852259838274, "params": {"C": 59.74057417289569, "epsilon": 2.4204307060278816, "gamma": 0.1236865249230481}, "datetime": {"datetime": "2021-09-22 17:53:58", "elapsed": 21.584022, "delta": 0.424053}}
{"target": -1312.6507422372135, "params": {"C": 30.20037502219117, "epsilon": 0.0949716082155503, "gamma": 0.1558395688238718}, "datetime": {"datetime": "2021-09-22 17:53:59", "elapsed": 21.90312, "delta": 0.319098}}
{"target": -601.4221589410905, "params": {"C": 59.63612494195483, "epsilon": 1.885570273075655, "gamma": 0.05738513169719584}, "datetime": {"datetime": "2021-09-22 17:53:59", "elapsed": 22.357634, "delta": 0.454514}}
{"target": -1634.84170924933, "params": {"C": 6.5734698837314145, "epsilon": 6.736731881117576, "gamma": 0.86791681155526}, "datetime": {"datetime": "2021-09-22 17:54:00", "elapsed": 22.75967, "delta": 0.402036}}
{"target": -788.9268345049699, "params": {"C": 60.15144896553407, "epsilon": 0.9124023531236083, "gamma": 0.01107553092422011}, "datetime": {"datetime": "2021-09-22 17:54:00", "elapsed": 23.22131, "delta": 0.46164}}
{"target": -939.1496377529974, "params": {"C": 30.45101358764709, "epsilon": 0.6906105823758916, "gamma": 0.0511560745366846}, "datetime": {"datetime": "2021-09-22 17:54:01", "elapsed": 23.739513, "delta": 0.518203}}
{"target": -646.2403297568761, "params": {"C": 59.8817374184477, "epsilon": 0.4390140060515015, "gamma": 0.0694345869856436}, "datetime": {"datetime": "2021-09-22 17:54:01", "elapsed": 24.150104, "delta": 0.410591}}
{"target": -577.6556586827055, "params": {"C": 60.06861874998872, "epsilon": 0.6237183765865093, "gamma": 0.051343011058124895}, "datetime": {"datetime": "2021-09-22 17:54:01", "elapsed": 24.640539, "delta": 0.490435}}
{"target": -593.9579605154628, "params": {"C": 60.0204452480615, "epsilon": 0.9383964644588191, "gamma": 0.021349101161645578}, "datetime": {"datetime": "2021-09-22 17:54:02", "elapsed": 25.19004, "delta": 0.549501}}
{"target": -739.529392437934, "params": {"C": 59.644177312517044, "epsilon": 1.8922129859271088, "gamma": 0.012767647766920093}, "datetime": {"datetime": "2021-09-22 17:54:02", "elapsed": 25.642729, "delta": 0.452689}}
{"target": -840.672397071823, "params": {"C": 59.63964318667693, "epsilon": 2.042265317443875, "gamma": 0.009982312789379257}, "datetime": {"datetime": "2021-09-22 17:54:03", "elapsed": 26.118891, "delta": 0.476162}}
{"target": -968.9969520962637, "params": {"C": 59.774112881714515, "epsilon": 1.4833272685502357, "gamma": 0.00720632351273338}, "datetime": {"datetime": "2021-09-22 17:54:03", "elapsed": 26.523908, "delta": 0.405017}}
{"target": -1404.5351224123992, "params": {"C": 18.437036006707775, "epsilon": 1.9645706022122549, "gamma": 0.13839157523728562}, "datetime": {"datetime": "2021-09-22 17:54:04", "elapsed": 26.861671, "delta": 0.337763}}
{"target": -781.3857521575513, "params": {"C": 90.51621249420397, "epsilon": 0.5465108842479268, "gamma": 0.13396725160046785}, "datetime": {"datetime": "2021-09-22 17:54:04", "elapsed": 27.253475, "delta": 0.391804}}
{"target": -844.3081488859565, "params": {"C": 59.98183975983383, "epsilon": 0.3338102490905589, "gamma": 0.009826383195660942}, "datetime": {"datetime": "2021-09-22 17:54:05", "elapsed": 27.743667, "delta": 0.490192}}
{"target": -867.6661932928213, "params": {"C": 59.896087939814244, "epsilon": 0.6226480226557026, "gamma": 0.11320353948240465}, "datetime": {"datetime": "2021-09-22 17:54:05", "elapsed": 28.387878, "delta": 0.644211}}
{"target": -1115.5003028901176, "params": {"C": 59.3372363034931, "epsilon": 1.836551402151508, "gamma": 0.1690005110226882}, "datetime": {"datetime": "2021-09-22 17:54:06", "elapsed": 28.840029, "delta": 0.452151}}
{"target": -570.8196494912579, "params": {"C": 90.58802998235993, "epsilon": 0.8741144175413597, "gamma": 0.08129388535514755}, "datetime": {"datetime": "2021-09-22 17:54:06", "elapsed": 29.605051, "delta": 0.765022}}
{"target": -1526.3070681543027, "params": {"C": 57.131056273796354, "epsilon": 3.0143331010793304, "gamma": 0.441947654162062}, "datetime": {"datetime": "2021-09-22 17:54:07", "elapsed": 29.955061, "delta": 0.35001}}
{"target": -1119.1010402794996, "params": {"C": 60.20550875410473, "epsilon": 0.7194839710973007, "gamma": 0.004949673259205043}, "datetime": {"datetime": "2021-09-22 17:54:07", "elapsed": 30.504309, "delta": 0.549248}}
{"target": -1553.0080033370903, "params": {"C": 25.019454518363162, "epsilon": 8.861615378503643, "gamma": 0.3287204741199479}, "datetime": {"datetime": "2021-09-22 17:54:08", "elapsed": 30.906351, "delta": 0.402042}}
{"target": -1231.1767830385606, "params": {"C": 90.53901954481438, "epsilon": 0.8965566579957363, "gamma": 0.26676666711206265}, "datetime": {"datetime": "2021-09-22 17:54:08", "elapsed": 31.372988, "delta": 0.466637}}
{"target": -1131.6473590776213, "params": {"C": 59.91919450941463, "epsilon": 0.5099610159618808, "gamma": 0.004829257202704519}, "datetime": {"datetime": "2021-09-22 17:54:09", "elapsed": 32.077238, "delta": 0.70425}}
{"target": -960.1409361500232, "params": {"C": 59.92270040799233, "epsilon": 0.19772872549300125, "gamma": 0.1328378602415641}, "datetime": {"datetime": "2021-09-22 17:54:09", "elapsed": 32.542986, "delta": 0.465748}}
{"target": -951.3301316394767, "params": {"C": 60.32588403479211, "epsilon": 0.5801225433241292, "gamma": 0.13138628796146185}, "datetime": {"datetime": "2021-09-22 17:54:10", "elapsed": 33.240773, "delta": 0.697787}}
{"target": -1628.234361598947, "params": {"C": 5.007184600202436, "epsilon": 5.332093663321101, "gamma": 0.43907299175543885}, "datetime": {"datetime": "2021-09-22 17:54:10", "elapsed": 33.624104, "delta": 0.383331}}
{"target": -1614.556580458575, "params": {"C": 48.25683793729824, "epsilon": 9.75883770281477, "gamma": 0.9095203680493953}, "datetime": {"datetime": "2021-09-22 17:54:11", "elapsed": 33.993749, "delta": 0.369645}}
{"target": -1258.325398827588, "params": {"C": 59.87358742828639, "epsilon": 0.3745300380174366, "gamma": 0.21942586936286904}, "datetime": {"datetime": "2021-09-22 17:54:11", "elapsed": 34.549416, "delta": 0.555667}}
{"target": -640.3379253994544, "params": {"C": 90.75646126253363, "epsilon": 0.4120768726494854, "gamma": 0.008567207826621012}, "datetime": {"datetime": "2021-09-22 17:54:12", "elapsed": 35.078019, "delta": 0.528603}}
{"target": -753.1913111506964, "params": {"C": 60.43986292411185, "epsilon": 0.8953049087597494, "gamma": 0.09401985137304221}, "datetime": {"datetime": "2021-09-22 17:54:12", "elapsed": 35.465869, "delta": 0.38785}}
{"target": -893.3217639432627, "params": {"C": 90.6700626741142, "epsilon": 0.6781155894516041, "gamma": 0.1604935912570267}, "datetime": {"datetime": "2021-09-22 17:54:13", "elapsed": 36.070948, "delta": 0.605079}}
{"target": -448.45387373898154, "params": {"C": 90.39497724088875, "epsilon": 0.7209002076054474, "gamma": 0.04429538933798343}, "datetime": {"datetime": "2021-09-22 17:54:14", "elapsed": 36.854706, "delta": 0.783758}}
{"target": -1012.8713082247755, "params": {"C": 41.276185411652726, "epsilon": 7.34347297894539, "gamma": 0.10455333559120915}, "datetime": {"datetime": "2021-09-22 17:54:14", "elapsed": 37.337605, "delta": 0.482899}}
{"target": -555.6086218256037, "params": {"C": 60.29441873384479, "epsilon": 1.4674104731811672, "gamma": 0.04138536649407113}, "datetime": {"datetime": "2021-09-22 17:54:15", "elapsed": 37.886718, "delta": 0.549113}}
{"target": -979.542138390197, "params": {"C": 60.17815094500184, "epsilon": 0.6166575904601914, "gamma": 0.13777086971550903}, "datetime": {"datetime": "2021-09-22 17:54:15", "elapsed": 38.471099, "delta": 0.584381}}
{"target": -821.0032449780916, "params": {"C": 90.33762533235168, "epsilon": 0.8555858546650671, "gamma": 0.14365519153005804}, "datetime": {"datetime": "2021-09-22 17:54:16", "elapsed": 39.075824, "delta": 0.604725}}
{"target": -1580.743572933912, "params": {"C": 41.53970457244417, "epsilon": 8.475741963347435, "gamma": 0.5343644523411648}, "datetime": {"datetime": "2021-09-22 17:54:16", "elapsed": 39.559105, "delta": 0.483281}}
{"target": -496.5498683458101, "params": {"C": 90.73730049524053, "epsilon": 0.5337376773967953, "gamma": 0.014305520640563773}, "datetime": {"datetime": "2021-09-22 17:54:17", "elapsed": 40.15459, "delta": 0.595485}}
{"target": -1613.21824351429, "params": {"C": 53.38161973800926, "epsilon": 1.4234642541906901, "gamma": 0.9291605896035497}, "datetime": {"datetime": "2021-09-22 17:54:17", "elapsed": 40.569087, "delta": 0.414497}}
{"target": -450.5654077523294, "params": {"C": 90.44092893050444, "epsilon": 0.8949308521461355, "gamma": 0.04530541106576106}, "datetime": {"datetime": "2021-09-22 17:54:18", "elapsed": 41.235272, "delta": 0.666185}}
{"target": -1243.8183365722882, "params": {"C": 58.776435256784936, "epsilon": 5.3858724595453, "gamma": 0.21091552693163793}, "datetime": {"datetime": "2021-09-22 17:54:19", "elapsed": 41.692969, "delta": 0.457697}}
{"target": -575.0377836331452, "params": {"C": 59.80498089890886, "epsilon": 0.2681891776910917, "gamma": 0.024143396254605855}, "datetime": {"datetime": "2021-09-22 17:54:19", "elapsed": 42.482998, "delta": 0.790029}}
{"target": -999.5234210321308, "params": {"C": 90.47152405018014, "epsilon": 0.7445527903089255, "gamma": 0.18649001101274518}, "datetime": {"datetime": "2021-09-22 17:54:20", "elapsed": 43.178882, "delta": 0.695884}}
{"target": -447.88135509586334, "params": {"C": 90.24839218336574, "epsilon": 0.6080100144827892, "gamma": 0.020569334534909518}, "datetime": {"datetime": "2021-09-22 17:54:21", "elapsed": 43.821806, "delta": 0.642924}}
{"target": -709.3426653913349, "params": {"C": 90.89850002438597, "epsilon": 0.46140102908320724, "gamma": 0.11873714473725741}, "datetime": {"datetime": "2021-09-22 17:54:21", "elapsed": 44.513677, "delta": 0.691871}}
{"target": -1272.3552860474026, "params": {"C": 90.27279320487114, "epsilon": 0.519836405697128, "gamma": 0.2857698020329654}, "datetime": {"datetime": "2021-09-22 17:54:22", "elapsed": 45.144297, "delta": 0.63062}}
{"target": -431.0239151630618, "params": {"C": 90.79385456169, "epsilon": 0.7525594426851202, "gamma": 0.02559714796445713}, "datetime": {"datetime": "2021-09-22 17:54:23", "elapsed": 45.734621, "delta": 0.590324}}
{"target": -545.3668843115709, "params": {"C": 90.17800280740585, "epsilon": 0.6986596490991128, "gamma": 0.011675529842397149}, "datetime": {"datetime": "2021-09-22 17:54:24", "elapsed": 46.708538, "delta": 0.973917}}
{"target": -1146.6942933658256, "params": {"C": 93.97890369088391, "epsilon": 1.7737442657078295, "gamma": 0.23743979825990477}, "datetime": {"datetime": "2021-09-22 17:54:24", "elapsed": 47.147754, "delta": 0.439216}}
{"target": -1454.556593383842, "params": {"C": 46.375066747584846, "epsilon": 8.212120656156152, "gamma": 0.2987864943971782}, "datetime": {"datetime": "2021-09-22 17:54:25", "elapsed": 47.717854, "delta": 0.5701}}
{"target": -1616.0477471363108, "params": {"C": 43.44473865663268, "epsilon": 7.421392894728221, "gamma": 0.8924912300105781}, "datetime": {"datetime": "2021-09-22 17:54:25", "elapsed": 48.306691, "delta": 0.588837}}
{"target": -1203.913339243152, "params": {"C": 89.9905673657002, "epsilon": 0.6403590059659962, "gamma": 0.2542999747132451}, "datetime": {"datetime": "2021-09-22 17:54:26", "elapsed": 49.131652, "delta": 0.824961}}
{"target": -428.64901023202214, "params": {"C": 90.49757152434137, "epsilon": 0.6948878799107238, "gamma": 0.028658884077245657}, "datetime": {"datetime": "2021-09-22 17:54:27", "elapsed": 50.104045, "delta": 0.972393}}
{"target": -1269.618871328332, "params": {"C": 90.78391323500762, "epsilon": 0.32973972276826924, "gamma": 0.2852651075970358}, "datetime": {"datetime": "2021-09-22 17:54:28", "elapsed": 50.968359, "delta": 0.864314}}
{"target": -569.5376698887904, "params": {"C": 60.17378414794991, "epsilon": 1.3588101014997203, "gamma": 0.048006107304080434}, "datetime": {"datetime": "2021-09-22 17:54:29", "elapsed": 51.763646, "delta": 0.795287}}
{"target": -995.2928984206573, "params": {"C": 90.27173275080612, "epsilon": 0.8619451249493694, "gamma": 0.004125114324060351}, "datetime": {"datetime": "2021-09-22 17:54:30", "elapsed": 52.7323, "delta": 0.968654}}
{"target": -719.1683829124803, "params": {"C": 90.77199702130565, "epsilon": 0.9910963808802209, "gamma": 0.007254469417100303}, "datetime": {"datetime": "2021-09-22 17:54:31", "elapsed": 53.738491, "delta": 1.006191}}
{"target": -464.1597280752739, "params": {"C": 90.86408569914802, "epsilon": 0.6481303406516121, "gamma": 0.05054936474690928}, "datetime": {"datetime": "2021-09-22 17:54:32", "elapsed": 54.990334, "delta": 1.251843}}
{"target": -528.1115889066989, "params": {"C": 90.94144164574625, "epsilon": 0.6229201067776156, "gamma": 0.012204153053214524}, "datetime": {"datetime": "2021-09-22 17:54:32", "elapsed": 55.632729, "delta": 0.642395}}
{"target": -634.3470830197573, "params": {"C": 59.875032734921426, "epsilon": 0.7034792086057394, "gamma": 0.017289845734604636}, "datetime": {"datetime": "2021-09-22 17:54:33", "elapsed": 56.198419, "delta": 0.56569}}
{"target": -1165.731173454966, "params": {"C": 91.00485741310224, "epsilon": 0.9104732791604244, "gamma": 0.2406011525483107}, "datetime": {"datetime": "2021-09-22 17:54:34", "elapsed": 57.3549, "delta": 1.156481}}
{"target": -874.5434485031686, "params": {"C": 70.17899953054088, "epsilon": 3.076795146399648, "gamma": 0.13077460753484532}, "datetime": {"datetime": "2021-09-22 17:54:35", "elapsed": 57.816334, "delta": 0.461434}}
{"target": -1376.7105616998797, "params": {"C": 50.420039930416046, "epsilon": 2.1853566617929934, "gamma": 0.25371268268163666}, "datetime": {"datetime": "2021-09-22 17:54:35", "elapsed": 58.289936, "delta": 0.473602}}
{"target": -955.1401454893578, "params": {"C": 70.22448937484432, "epsilon": 3.348957585310648, "gamma": 0.14783153527507734}, "datetime": {"datetime": "2021-09-22 17:54:36", "elapsed": 59.520042, "delta": 1.230106}}
{"target": -1618.3864530799292, "params": {"C": 26.406859326281058, "epsilon": 6.922466679694318, "gamma": 0.735593567056597}, "datetime": {"datetime": "2021-09-22 17:54:37", "elapsed": 60.00156, "delta": 0.481518}}
{"target": -1082.3277510063008, "params": {"C": 59.58381256512051, "epsilon": 1.693080481051824, "gamma": 0.16103404716588338}, "datetime": {"datetime": "2021-09-22 17:54:38", "elapsed": 60.967877, "delta": 0.966317}}
{"target": -604.2243950455434, "params": {"C": 60.699298080500704, "epsilon": 0.6639117975407194, "gamma": 0.019375780901872093}, "datetime": {"datetime": "2021-09-22 17:54:39", "elapsed": 61.687732, "delta": 0.719855}}
{"target": -1444.507032635363, "params": {"C": 59.676560214475124, "epsilon": 8.270893806757872, "gamma": 0.3334159455298634}, "datetime": {"datetime": "2021-09-22 17:54:39", "elapsed": 62.185972, "delta": 0.49824}}
{"target": -1083.3863045577477, "params": {"C": 70.01689301548649, "epsilon": 3.2089465400624992, "gamma": 0.18022371323745148}, "datetime": {"datetime": "2021-09-22 17:54:40", "elapsed": 63.440497, "delta": 1.254525}}
{"target": -712.9630606374438, "params": {"C": 91.0919269580701, "epsilon": 0.7144922322928469, "gamma": 0.11985367008506846}, "datetime": {"datetime": "2021-09-22 17:54:41", "elapsed": 64.335097, "delta": 0.8946}}
{"target": -435.79009824540447, "params": {"C": 90.77989389435646, "epsilon": 0.5621824210664874, "gamma": 0.038935991925326645}, "datetime": {"datetime": "2021-09-22 17:54:42", "elapsed": 64.905554, "delta": 0.570457}}
{"target": -1617.383577911385, "params": {"C": 49.183708667315145, "epsilon": 8.336133311370832, "gamma": 0.9777019573021254}, "datetime": {"datetime": "2021-09-22 17:54:42", "elapsed": 65.453993, "delta": 0.548439}}
{"target": -1494.3792551120794, "params": {"C": 85.00564056369083, "epsilon": 1.4848511017399606, "gamma": 0.47513908381330455}, "datetime": {"datetime": "2021-09-22 17:54:43", "elapsed": 66.071993, "delta": 0.618}}
{"target": -543.5621961626927, "params": {"C": 60.65621323734734, "epsilon": 0.5017108220461727, "gamma": 0.03617410899030671}, "datetime": {"datetime": "2021-09-22 17:54:44", "elapsed": 67.066716, "delta": 0.994723}}
{"target": -586.854752391909, "params": {"C": 60.596562496342045, "epsilon": 0.6445822242927625, "gamma": 0.05505316478574226}, "datetime": {"datetime": "2021-09-22 17:54:45", "elapsed": 68.134351, "delta": 1.067635}}
{"target": -467.88528007952567, "params": {"C": 90.79127830778864, "epsilon": 0.5593056793036885, "gamma": 0.05179415952152298}, "datetime": {"datetime": "2021-09-22 17:54:46", "elapsed": 68.757326, "delta": 0.622975}}
{"target": -1411.7649686212503, "params": {"C": 60.785785190331254, "epsilon": 0.33725230577975457, "gamma": 0.3079426082669813}, "datetime": {"datetime": "2021-09-22 17:54:47", "elapsed": 69.757328, "delta": 1.000002}}
{"target": -562.4175391032818, "params": {"C": 60.849398638651095, "epsilon": 0.8057650050028687, "gamma": 0.024369906915225965}, "datetime": {"datetime": "2021-09-22 17:54:48", "elapsed": 70.808392, "delta": 1.051064}}
{"target": -904.3832118973361, "params": {"C": 59.60177199589998, "epsilon": 0.10302548044978485, "gamma": 0.008424767544610781}, "datetime": {"datetime": "2021-09-22 17:54:49", "elapsed": 71.77239, "delta": 0.963998}}
{"target": -651.833532642549, "params": {"C": 90.69587340755625, "epsilon": 1.3851804153539997, "gamma": 0.10360329805284452}, "datetime": {"datetime": "2021-09-22 17:54:50", "elapsed": 72.696491, "delta": 0.924101}}
{"target": -1624.9359316174475, "params": {"C": 60.91624714361724, "epsilon": 0.629017972280458, "gamma": 0.0001}, "datetime": {"datetime": "2021-09-22 17:54:51", "elapsed": 73.906672, "delta": 1.210181}}
{"target": -578.0127644187879, "params": {"C": 90.8073612747407, "epsilon": 1.23593077926203, "gamma": 0.08353753274858362}, "datetime": {"datetime": "2021-09-22 17:54:52", "elapsed": 74.947294, "delta": 1.040622}}
{"target": -1104.9965189571892, "params": {"C": 90.67727021233478, "epsilon": 1.2829769667916935, "gamma": 0.21729287285374224}, "datetime": {"datetime": "2021-09-22 17:54:53", "elapsed": 75.975082, "delta": 1.027788}}
{"target": -1588.5853693966928, "params": {"C": 2.374600131153964, "epsilon": 7.462116824505601, "gamma": 0.08695277691209442}, "datetime": {"datetime": "2021-09-22 17:54:53", "elapsed": 76.535184, "delta": 0.560102}}
{"target": -704.100591958757, "params": {"C": 91.34411353228055, "epsilon": 0.6476187122918351, "gamma": 0.11775617478086764}, "datetime": {"datetime": "2021-09-22 17:54:55", "elapsed": 77.752652, "delta": 1.217468}}
{"target": -742.451660927471, "params": {"C": 90.9342150931817, "epsilon": 1.3161820968812483, "gamma": 0.12676998595188754}, "datetime": {"datetime": "2021-09-22 17:54:56", "elapsed": 78.708863, "delta": 0.956211}}
{"target": -1540.3675084779663, "params": {"C": 34.55870367319184, "epsilon": 3.164379741973769, "gamma": 0.3632016828480307}, "datetime": {"datetime": "2021-09-22 17:54:56", "elapsed": 79.287871, "delta": 0.579008}}
{"target": -1335.4628735654387, "params": {"C": 91.24400330072477, "epsilon": 0.46563590530589977, "gamma": 0.32338748273268275}, "datetime": {"datetime": "2021-09-22 17:54:57", "elapsed": 80.429871, "delta": 1.142}}
{"target": -569.6835404110379, "params": {"C": 70.46758041144935, "epsilon": 3.1798806983677097, "gamma": 0.06354856826001687}, "datetime": {"datetime": "2021-09-22 17:54:58", "elapsed": 81.319195, "delta": 0.889324}}
{"target": -529.7272546962159, "params": {"C": 90.6979032909582, "epsilon": 1.548358838201508, "gamma": 0.012185857360610156}, "datetime": {"datetime": "2021-09-22 17:54:59", "elapsed": 82.216202, "delta": 0.897007}}
{"target": -986.342357313147, "params": {"C": 90.77718076109184, "epsilon": 1.6241513847620377, "gamma": 0.18325079675590789}, "datetime": {"datetime": "2021-09-22 17:55:00", "elapsed": 83.121591, "delta": 0.905389}}
{"target": -966.9665219921746, "params": {"C": 33.5012375597094, "epsilon": 4.186334610311924, "gamma": 0.07123586591272277}, "datetime": {"datetime": "2021-09-22 17:55:01", "elapsed": 83.680633, "delta": 0.559042}}
{"target": -1591.9245990799361, "params": {"C": 13.690296718858109, "epsilon": 0.3694990767892998, "gamma": 0.33151024638482235}, "datetime": {"datetime": "2021-09-22 17:55:01", "elapsed": 84.290632, "delta": 0.609999}}
{"target": -1618.3021162496293, "params": {"C": 90.9450174714901, "epsilon": 1.1625730482600174, "gamma": 0.0001}, "datetime": {"datetime": "2021-09-22 17:55:02", "elapsed": 85.261647, "delta": 0.971015}}
{"target": -1219.2833935313085, "params": {"C": 70.4322031849675, "epsilon": 3.1203928200966646, "gamma": 0.22534582653507362}, "datetime": {"datetime": "2021-09-22 17:55:03", "elapsed": 86.549694, "delta": 1.288047}}
{"target": -1319.188544577641, "params": {"C": 61.09636832137752, "epsilon": 0.9288495630177998, "gamma": 0.24927016270867186}, "datetime": {"datetime": "2021-09-22 17:55:04", "elapsed": 87.52911, "delta": 0.979416}}
{"target": -1119.6484692535569, "params": {"C": 96.66279123572359, "epsilon": 5.609860500763148, "gamma": 0.23052318318887097}, "datetime": {"datetime": "2021-09-22 17:55:05", "elapsed": 88.09771, "delta": 0.5686}}
{"target": -1622.7741534583931, "params": {"C": 70.48403832729191, "epsilon": 3.327942200616178, "gamma": 0.0001}, "datetime": {"datetime": "2021-09-22 17:55:06", "elapsed": 89.188104, "delta": 1.090394}}
