{"target": -40.78342839282858, "params": {"C": 3080.667700664524, "epsilon": 10.127878698596223, "gamma": 0.0017277662725749456}, "datetime": {"datetime": "2021-09-22 19:11:02", "elapsed": 188.7058, "delta": 0.940755}}
{"target": -229.8665485869634, "params": {"C": 2470.7332127058585, "epsilon": 22.40561238012082, "gamma": 0.10596382018909165}, "datetime": {"datetime": "2021-09-22 19:11:03", "elapsed": 189.749778, "delta": 1.043978}}
{"target": -144.03513217723986, "params": {"C": 2594.336110657658, "epsilon": 9.571557623943802, "gamma": 0.06225202867021854}, "datetime": {"datetime": "2021-09-22 19:11:05", "elapsed": 191.619571, "delta": 1.869793}}
{"target": -156.41972537322178, "params": {"C": 2023.4141485627008, "epsilon": 23.006794559202216, "gamma": 0.0625139963331942}, "datetime": {"datetime": "2021-09-22 19:11:06", "elapsed": 193.026304, "delta": 1.406733}}
{"target": -160.8383900573495, "params": {"C": 3676.367635634912, "epsilon": 15.598657454418417, "gamma": 0.07594333936899393}, "datetime": {"datetime": "2021-09-22 19:11:07", "elapsed": 194.360625, "delta": 1.334321}}
{"target": -207.39619184936203, "params": {"C": 1425.5698424611023, "epsilon": 0.9849435944506795, "gamma": 0.0831038706806827}, "datetime": {"datetime": "2021-09-22 19:11:09", "elapsed": 195.70946, "delta": 1.348835}}
{"target": -120.74370071602951, "params": {"C": 956.8280470977114, "epsilon": 22.30205813061027, "gamma": 0.026450516808993105}, "datetime": {"datetime": "2021-09-22 19:11:10", "elapsed": 196.89216, "delta": 1.1827}}
{"target": -40.29331801336766, "params": {"C": 2371.3777700374385, "epsilon": 4.083895642278197, "gamma": 0.005966482866081501}, "datetime": {"datetime": "2021-09-22 19:11:11", "elapsed": 197.894879, "delta": 1.002719}}
{"target": -328.883640747194, "params": {"C": 975.1251943355242, "epsilon": 21.693864080294933, "gamma": 0.1304557150245034}, "datetime": {"datetime": "2021-09-22 19:11:12", "elapsed": 199.327041, "delta": 1.432162}}
{"target": -309.48327831833666, "params": {"C": 2476.874272420493, "epsilon": 9.236548429824724, "gamma": 0.14905681460842787}, "datetime": {"datetime": "2021-09-22 19:11:14", "elapsed": 200.950196, "delta": 1.623155}}
{"target": -93.36756681763728, "params": {"C": 3658.6038721612854, "epsilon": 7.627882021641822, "gamma": 0.038570449216145976}, "datetime": {"datetime": "2021-09-22 19:11:15", "elapsed": 202.263676, "delta": 1.31348}}
{"target": -123.32725096588428, "params": {"C": 3225.2163852856165, "epsilon": 8.832420446186651, "gamma": 0.05437819138927019}, "datetime": {"datetime": "2021-09-22 19:11:17", "elapsed": 203.745271, "delta": 1.481595}}
{"target": -170.90323932081918, "params": {"C": 1678.8105916617437, "epsilon": 11.497613280111848, "gamma": 0.06739261328635564}, "datetime": {"datetime": "2021-09-22 19:11:18", "elapsed": 204.836484, "delta": 1.091213}}
{"target": -260.728461157004, "params": {"C": 2368.039338604184, "epsilon": 24.730268500314214, "gamma": 0.12081301873083744}, "datetime": {"datetime": "2021-09-22 19:11:19", "elapsed": 205.894823, "delta": 1.058339}}
{"target": -79.99159841780919, "params": {"C": 3821.538763380463, "epsilon": 3.946673385620651, "gamma": 0.031241190771275205}, "datetime": {"datetime": "2021-09-22 19:11:20", "elapsed": 207.07972, "delta": 1.184897}}
{"target": -60.04315128803868, "params": {"C": 3052.2204773947283, "epsilon": 24.459434021761012, "gamma": 0.013970194318795797}, "datetime": {"datetime": "2021-09-22 19:11:21", "elapsed": 208.150085, "delta": 1.070365}}
{"target": -240.45100001547212, "params": {"C": 4453.87399336393, "epsilon": 10.440475953098185, "gamma": 0.1176922523655701}, "datetime": {"datetime": "2021-09-22 19:11:23", "elapsed": 209.589627, "delta": 1.439542}}
{"target": -57.019164533339556, "params": {"C": 1476.1283971925627, "epsilon": 5.991489596106467, "gamma": 0.008141695425911661}, "datetime": {"datetime": "2021-09-22 19:11:24", "elapsed": 210.679383, "delta": 1.089756}}
{"target": -276.3996158230882, "params": {"C": 4750.347333879697, "epsilon": 5.305892856706465, "gamma": 0.13634056530458208}, "datetime": {"datetime": "2021-09-22 19:11:26", "elapsed": 212.604565, "delta": 1.925182}}
{"target": -209.90692272000214, "params": {"C": 4996.908653811638, "epsilon": 7.397284252543539, "gamma": 0.10384244629690438}, "datetime": {"datetime": "2021-09-22 19:11:27", "elapsed": 213.869614, "delta": 1.265049}}
{"target": -181.26157796101498, "params": {"C": 2740.984095771274, "epsilon": 9.967798340203203, "gamma": 0.08420302605077727}, "datetime": {"datetime": "2021-09-22 19:11:28", "elapsed": 215.13194, "delta": 1.262326}}
{"target": -311.33102980270024, "params": {"C": 3939.440140968714, "epsilon": 27.284005031931873, "gamma": 0.14902552358711757}, "datetime": {"datetime": "2021-09-22 19:11:29", "elapsed": 216.270939, "delta": 1.138999}}
{"target": -192.71701831596928, "params": {"C": 4693.558445979517, "epsilon": 23.33338600231593, "gamma": 0.09112234066877603}, "datetime": {"datetime": "2021-09-22 19:11:31", "elapsed": 217.467295, "delta": 1.196356}}
{"target": -127.49960737301275, "params": {"C": 1721.18019006043, "epsilon": 21.60283416423478, "gamma": 0.043971675344239416}, "datetime": {"datetime": "2021-09-22 19:11:32", "elapsed": 218.67422, "delta": 1.206925}}
{"target": -288.3375646043746, "params": {"C": 2660.495931832768, "epsilon": 23.419958822782043, "gamma": 0.1357365358953729}, "datetime": {"datetime": "2021-09-22 19:11:34", "elapsed": 220.635081, "delta": 1.960861}}
{"target": -164.55297790311306, "params": {"C": 3765.1943300610196, "epsilon": 9.331777681477154, "gamma": 0.07933296044139108}, "datetime": {"datetime": "2021-09-22 19:11:36", "elapsed": 222.561775, "delta": 1.926694}}
{"target": -154.26320318118962, "params": {"C": 3080.938242099027, "epsilon": 10.226939317569284, "gamma": 0.07154419363494657}, "datetime": {"datetime": "2021-09-22 19:11:37", "elapsed": 224.341126, "delta": 1.779351}}
{"target": -187.8521753191901, "params": {"C": 4920.0490533598295, "epsilon": 14.121618261579462, "gamma": 0.09127468871574264}, "datetime": {"datetime": "2021-09-22 19:11:40", "elapsed": 227.214363, "delta": 2.873237}}
{"target": -185.6309658612808, "params": {"C": 1139.047978756456, "epsilon": 13.871821048790272, "gamma": 0.06420650765834036}, "datetime": {"datetime": "2021-09-22 19:11:42", "elapsed": 228.464526, "delta": 1.250163}}
{"target": -31.70037574654021, "params": {"C": 3224.456627198559, "epsilon": 9.346205373763945, "gamma": 0.004463146460216533}, "datetime": {"datetime": "2021-09-22 19:11:43", "elapsed": 230.223563, "delta": 1.759037}}
{"target": -134.58193572186647, "params": {"C": 2502.0091050523815, "epsilon": 5.718050235260768, "gamma": 0.05657027387945598}, "datetime": {"datetime": "2021-09-22 19:11:45", "elapsed": 231.966775, "delta": 1.743212}}
{"target": -104.77082037843148, "params": {"C": 4879.811593425941, "epsilon": 25.239393445497345, "gamma": 0.04622619313350638}, "datetime": {"datetime": "2021-09-22 19:11:46", "elapsed": 233.348082, "delta": 1.381307}}
{"target": -91.3098904608367, "params": {"C": 1736.1234258567204, "epsilon": 27.10952304070584, "gamma": 0.023183839506512992}, "datetime": {"datetime": "2021-09-22 19:11:48", "elapsed": 234.814884, "delta": 1.466802}}
{"target": -221.28811341635227, "params": {"C": 1738.4421762858483, "epsilon": 26.126096903518665, "gamma": 0.09361922919807189}, "datetime": {"datetime": "2021-09-22 19:11:50", "elapsed": 236.537008, "delta": 1.722124}}
{"target": -29.648573122541347, "params": {"C": 4899.696536365506, "epsilon": 8.477034692106102, "gamma": 0.005210575133581437}, "datetime": {"datetime": "2021-09-22 19:11:51", "elapsed": 238.205294, "delta": 1.668286}}
{"target": -131.05901227464352, "params": {"C": 1477.3671742822971, "epsilon": 4.101331631002281, "gamma": 0.04335499161001582}, "datetime": {"datetime": "2021-09-22 19:11:53", "elapsed": 239.617524, "delta": 1.41223}}
{"target": -230.55596435490165, "params": {"C": 4465.865732713232, "epsilon": 21.476499136579164, "gamma": 0.11003846982195244}, "datetime": {"datetime": "2021-09-22 19:11:54", "elapsed": 240.892129, "delta": 1.274605}}
{"target": -72.67403275925038, "params": {"C": 2179.7767984073666, "epsilon": 24.31975304170324, "gamma": 0.0171002559663056}, "datetime": {"datetime": "2021-09-22 19:11:56", "elapsed": 242.688805, "delta": 1.796676}}
{"target": -252.36782931147806, "params": {"C": 2906.289512095868, "epsilon": 26.051867800213255, "gamma": 0.1177027208682093}, "datetime": {"datetime": "2021-09-22 19:11:57", "elapsed": 243.933191, "delta": 1.244386}}
{"target": -86.9854755890861, "params": {"C": 4899.455874720669, "epsilon": 8.573818767079445, "gamma": 0.03875123982129483}, "datetime": {"datetime": "2021-09-22 19:12:00", "elapsed": 246.658196, "delta": 2.725005}}
{"target": -102.1763419176275, "params": {"C": 4122.537577102936, "epsilon": 28.38543432470781, "gamma": 0.042858440419872884}, "datetime": {"datetime": "2021-09-22 19:12:01", "elapsed": 247.830496, "delta": 1.1723}}
{"target": -216.0979911418094, "params": {"C": 1591.0162078478686, "epsilon": 12.464403046304607, "gamma": 0.09029273314488}, "datetime": {"datetime": "2021-09-22 19:12:02", "elapsed": 249.036248, "delta": 1.205752}}
{"target": -187.85358001728733, "params": {"C": 4498.859448496085, "epsilon": 7.0769562035959686, "gamma": 0.09239924172465774}, "datetime": {"datetime": "2021-09-22 19:12:04", "elapsed": 250.544577, "delta": 1.508329}}
{"target": -292.7881363706758, "params": {"C": 2473.613897072012, "epsilon": 8.350881047470986, "gamma": 0.14060571138104638}, "datetime": {"datetime": "2021-09-22 19:12:05", "elapsed": 251.999385, "delta": 1.454808}}
{"target": -161.71556586949478, "params": {"C": 3494.745284489158, "epsilon": 25.118571384923655, "gamma": 0.07430777753070311}, "datetime": {"datetime": "2021-09-22 19:12:07", "elapsed": 253.675324, "delta": 1.675939}}
{"target": -32.565104818576465, "params": {"C": 4047.3738885886664, "epsilon": 8.614044073398246, "gamma": 0.0056351737789518686}, "datetime": {"datetime": "2021-09-22 19:12:08", "elapsed": 254.917471, "delta": 1.242147}}
{"target": -81.87647914239211, "params": {"C": 2647.8740182486163, "epsilon": 23.854998320805148, "gamma": 0.02467132110718709}, "datetime": {"datetime": "2021-09-22 19:12:09", "elapsed": 256.152668, "delta": 1.235197}}
{"target": -306.6064311169129, "params": {"C": 2468.7474225886367, "epsilon": 2.419516243432182, "gamma": 0.14841194950603842}, "datetime": {"datetime": "2021-09-22 19:12:10", "elapsed": 257.346554, "delta": 1.193886}}
{"target": -306.6522887451882, "params": {"C": 2118.897308629237, "epsilon": 1.9719307855726713, "gamma": 0.14655157106623004}, "datetime": {"datetime": "2021-09-22 19:12:12", "elapsed": 258.646044, "delta": 1.29949}}
{"target": -181.92372209566958, "params": {"C": 3948.293628611609, "epsilon": 19.45311289756151, "gamma": 0.08597235200190417}, "datetime": {"datetime": "2021-09-22 19:12:13", "elapsed": 260.084066, "delta": 1.438022}}
{"target": -290.7096319171221, "params": {"C": 1477.657732805198, "epsilon": 4.605361099615655, "gamma": 0.12770575358535433}, "datetime": {"datetime": "2021-09-22 19:12:15", "elapsed": 262.335336, "delta": 2.25127}}
{"target": -181.08194702875363, "params": {"C": 2970.59138353619, "epsilon": 19.345352926816425, "gamma": 0.08394356032064576}, "datetime": {"datetime": "2021-09-22 19:12:17", "elapsed": 264.173207, "delta": 1.837871}}
{"target": -197.80391471370407, "params": {"C": 1267.0307086698826, "epsilon": 7.049680108967931, "gamma": 0.07387803727796156}, "datetime": {"datetime": "2021-09-22 19:12:18", "elapsed": 265.437235, "delta": 1.264028}}
{"target": -240.91107951314083, "params": {"C": 2289.9058262166673, "epsilon": 9.138939945361097, "gamma": 0.1130291418952552}, "datetime": {"datetime": "2021-09-22 19:12:20", "elapsed": 267.138979, "delta": 1.701744}}
{"target": -235.72478952950328, "params": {"C": 1537.0491487405247, "epsilon": 13.66061066052957, "gamma": 0.10008693971782508}, "datetime": {"datetime": "2021-09-22 19:12:22", "elapsed": 268.45586, "delta": 1.316881}}
{"target": -139.6664908276965, "params": {"C": 4950.432852314232, "epsilon": 26.445729515048992, "gamma": 0.06476749679260392}, "datetime": {"datetime": "2021-09-22 19:12:23", "elapsed": 269.860467, "delta": 1.404607}}
{"target": -52.840382198692154, "params": {"C": 4473.918325393086, "epsilon": 5.994768492948822, "gamma": 0.01596632421488176}, "datetime": {"datetime": "2021-09-22 19:12:25", "elapsed": 271.591724, "delta": 1.731257}}
{"target": -95.31711866269553, "params": {"C": 2876.21382997993, "epsilon": 1.1870032331529505, "gamma": 0.035790432175591635}, "datetime": {"datetime": "2021-09-22 19:12:26", "elapsed": 272.869627, "delta": 1.277903}}
{"target": -228.56079062765812, "params": {"C": 2536.6629010923402, "epsilon": 5.621972902993304, "gamma": 0.10878109429131672}, "datetime": {"datetime": "2021-09-22 19:12:28", "elapsed": 274.695967, "delta": 1.82634}}
{"target": -81.48138883320796, "params": {"C": 2635.883865335468, "epsilon": 23.326726623353906, "gamma": 0.024457343257904492}, "datetime": {"datetime": "2021-09-22 19:12:30", "elapsed": 276.664508, "delta": 1.968541}}
{"target": -252.81219454601538, "params": {"C": 3681.8043308898277, "epsilon": 15.33720599897714, "gamma": 0.12129273405578048}, "datetime": {"datetime": "2021-09-22 19:12:31", "elapsed": 278.152542, "delta": 1.488034}}
{"target": -80.13888180365477, "params": {"C": 4438.528226345047, "epsilon": 17.596878262411163, "gamma": 0.03235423757700451}, "datetime": {"datetime": "2021-09-22 19:12:33", "elapsed": 279.561863, "delta": 1.409321}}
{"target": -246.59193924935502, "params": {"C": 3352.484715306613, "epsilon": 3.3503278591537704, "gamma": 0.1203094649496784}, "datetime": {"datetime": "2021-09-22 19:12:35", "elapsed": 282.225521, "delta": 2.663658}}
{"target": -19.461025917165465, "params": {"C": 4899.306587022782, "epsilon": 8.47625355891038, "gamma": 0.0019116958560096765}, "datetime": {"datetime": "2021-09-22 19:12:37", "elapsed": 284.300783, "delta": 2.075262}}
{"target": -141.60889899555198, "params": {"C": 4486.572187614569, "epsilon": 18.98901694176696, "gamma": 0.06679955392831295}, "datetime": {"datetime": "2021-09-22 19:12:39", "elapsed": 285.841047, "delta": 1.540264}}
{"target": -98.07000267289159, "params": {"C": 2289.9099049762244, "epsilon": 9.697488964317637, "gamma": 0.03433624813003562}, "datetime": {"datetime": "2021-09-22 19:12:41", "elapsed": 288.074613, "delta": 2.233566}}
{"target": -76.6032593483076, "params": {"C": 1222.935033231258, "epsilon": 11.578743130393216, "gamma": 0.01275027711879671}, "datetime": {"datetime": "2021-09-22 19:12:43", "elapsed": 289.695836, "delta": 1.621223}}
{"target": -332.19165981258584, "params": {"C": 1477.3442475331326, "epsilon": 3.936692148891398, "gamma": 0.1497250720113654}, "datetime": {"datetime": "2021-09-22 19:12:44", "elapsed": 291.369844, "delta": 1.674008}}
{"target": -288.5237356331801, "params": {"C": 4906.810076517826, "epsilon": 11.249854039701761, "gamma": 0.14143700360369046}, "datetime": {"datetime": "2021-09-22 19:12:46", "elapsed": 292.896973, "delta": 1.527129}}
{"target": -216.0442066124132, "params": {"C": 2287.2617736687134, "epsilon": 22.971709307663918, "gamma": 0.09733933794834153}, "datetime": {"datetime": "2021-09-22 19:12:47", "elapsed": 294.269333, "delta": 1.37236}}
{"target": -233.6779293933465, "params": {"C": 1690.3865781787463, "epsilon": 21.506780519232752, "gamma": 0.10049007274634901}, "datetime": {"datetime": "2021-09-22 19:12:49", "elapsed": 295.592274, "delta": 1.322941}}
{"target": -281.3783312901813, "params": {"C": 1476.0569449371387, "epsilon": 5.864306089401395, "gamma": 0.12284058004490762}, "datetime": {"datetime": "2021-09-22 19:12:50", "elapsed": 297.188931, "delta": 1.596657}}
{"target": -290.05369673928084, "params": {"C": 4122.567645786432, "epsilon": 28.365017094799324, "gamma": 0.13777421464313808}, "datetime": {"datetime": "2021-09-22 19:12:52", "elapsed": 298.894022, "delta": 1.705091}}
{"target": -168.2986805825222, "params": {"C": 4473.795333789776, "epsilon": 5.913113689608358, "gamma": 0.08303557238391951}, "datetime": {"datetime": "2021-09-22 19:12:55", "elapsed": 301.912752, "delta": 3.01873}}
{"target": -96.32372098003779, "params": {"C": 1764.780573483636, "epsilon": 5.0216714130051505, "gamma": 0.028459832622765698}, "datetime": {"datetime": "2021-09-22 19:12:57", "elapsed": 303.780023, "delta": 1.867271}}
{"target": -149.36115480015297, "params": {"C": 3596.167256068576, "epsilon": 11.860789723396604, "gamma": 0.07064821756217272}, "datetime": {"datetime": "2021-09-22 19:12:58", "elapsed": 305.237567, "delta": 1.457544}}
{"target": -275.58772718992583, "params": {"C": 4688.146227274165, "epsilon": 0.6522796716459007, "gamma": 0.13651947293102606}, "datetime": {"datetime": "2021-09-22 19:13:00", "elapsed": 307.183894, "delta": 1.946327}}
{"target": -129.1630992200286, "params": {"C": 2946.786217587179, "epsilon": 6.522021329087714, "gamma": 0.05639412260083383}, "datetime": {"datetime": "2021-09-22 19:13:02", "elapsed": 308.855512, "delta": 1.671618}}
{"target": -280.5436226310975, "params": {"C": 4715.018028661134, "epsilon": 27.881887751637773, "gamma": 0.13366249092378407}, "datetime": {"datetime": "2021-09-22 19:13:03", "elapsed": 310.262205, "delta": 1.406693}}
{"target": -140.10118741982728, "params": {"C": 2708.264830538551, "epsilon": 24.74473136643849, "gamma": 0.059123218529774306}, "datetime": {"datetime": "2021-09-22 19:13:05", "elapsed": 311.657534, "delta": 1.395329}}
{"target": -167.5415156558469, "params": {"C": 1253.72338709417, "epsilon": 16.49425995674048, "gamma": 0.057702557708267876}, "datetime": {"datetime": "2021-09-22 19:13:07", "elapsed": 313.486079, "delta": 1.828545}}
{"target": -213.2317149522519, "params": {"C": 1850.6584701054671, "epsilon": 27.274973287917767, "gamma": 0.09057409739401506}, "datetime": {"datetime": "2021-09-22 19:13:08", "elapsed": 314.822169, "delta": 1.33609}}
{"target": -97.3624041798183, "params": {"C": 3546.0203714989616, "epsilon": 26.886368359742765, "gamma": 0.03777522299665637}, "datetime": {"datetime": "2021-09-22 19:13:10", "elapsed": 316.56562, "delta": 1.743451}}
{"target": -99.5023918748702, "params": {"C": 1476.5725467335797, "epsilon": 4.259694046236907, "gamma": 0.026681146877545428}, "datetime": {"datetime": "2021-09-22 19:13:12", "elapsed": 318.744957, "delta": 2.179337}}
{"target": -262.7211680316904, "params": {"C": 2446.5096134231735, "epsilon": 9.984830508277984, "gamma": 0.12514932386051508}, "datetime": {"datetime": "2021-09-22 19:13:13", "elapsed": 320.11519, "delta": 1.370233}}
{"target": -183.7721365090965, "params": {"C": 2179.9058314435497, "epsilon": 24.345827041357317, "gamma": 0.07910244818034363}, "datetime": {"datetime": "2021-09-22 19:13:15", "elapsed": 321.984094, "delta": 1.868904}}
{"target": -146.8944945830279, "params": {"C": 1477.2741114243786, "epsilon": 4.297795652493454, "gamma": 0.05151625853797185}, "datetime": {"datetime": "2021-09-22 19:13:17", "elapsed": 323.627649, "delta": 1.643555}}
{"target": -268.85063548899353, "params": {"C": 1425.6685793815038, "epsilon": 1.4071638574272887, "gamma": 0.11545097972169609}, "datetime": {"datetime": "2021-09-22 19:13:19", "elapsed": 325.745666, "delta": 2.118017}}
{"target": -280.84539244849344, "params": {"C": 3676.3361541388877, "epsilon": 16.434766641898864, "gamma": 0.13492761192242747}, "datetime": {"datetime": "2021-09-22 19:13:20", "elapsed": 327.392232, "delta": 1.646566}}
{"target": -215.16256085812574, "params": {"C": 1571.2911976670177, "epsilon": 3.141784400493632, "gamma": 0.09018604214130245}, "datetime": {"datetime": "2021-09-22 19:13:22", "elapsed": 328.789237, "delta": 1.397005}}
{"target": -250.41995905470105, "params": {"C": 3082.466057901162, "epsilon": 23.467694820661073, "gamma": 0.11758624744823136}, "datetime": {"datetime": "2021-09-22 19:13:24", "elapsed": 330.664441, "delta": 1.875204}}
{"target": -136.83403483496224, "params": {"C": 3676.2578063576084, "epsilon": 16.548866078826645, "gamma": 0.06360685834598546}, "datetime": {"datetime": "2021-09-22 19:13:26", "elapsed": 333.130434, "delta": 2.465993}}
{"target": -213.20922908942381, "params": {"C": 2342.208643324043, "epsilon": 7.192993291670567, "gamma": 0.09892971671062235}, "datetime": {"datetime": "2021-09-22 19:13:28", "elapsed": 335.168599, "delta": 2.038165}}
{"target": -183.3679898404577, "params": {"C": 2604.3060592342863, "epsilon": 12.649235931755486, "gamma": 0.08402152765812504}, "datetime": {"datetime": "2021-09-22 19:13:30", "elapsed": 337.131734, "delta": 1.963135}}
{"target": -217.0198476477681, "params": {"C": 1764.66356066093, "epsilon": 5.035713617744532, "gamma": 0.09451920968484258}, "datetime": {"datetime": "2021-09-22 19:13:33", "elapsed": 339.752518, "delta": 2.620784}}
{"target": -75.18686992994137, "params": {"C": 4751.522393318787, "epsilon": 28.1748962498093, "gamma": 0.027110506246129897}, "datetime": {"datetime": "2021-09-22 19:13:36", "elapsed": 342.511757, "delta": 2.759239}}
{"target": -292.5306461263308, "params": {"C": 2779.3769826542075, "epsilon": 24.769168882313643, "gamma": 0.13780354261527258}, "datetime": {"datetime": "2021-09-22 19:13:38", "elapsed": 345.28585, "delta": 2.774093}}
{"target": -125.15166482148474, "params": {"C": 3667.584261397652, "epsilon": 12.628116182259156, "gamma": 0.057767452481964694}, "datetime": {"datetime": "2021-09-22 19:13:40", "elapsed": 346.901681, "delta": 1.615831}}
{"target": -182.23177020272016, "params": {"C": 4390.8443380543895, "epsilon": 6.890187416907362, "gamma": 0.08961262803940738}, "datetime": {"datetime": "2021-09-22 19:13:42", "elapsed": 348.526784, "delta": 1.625103}}
{"target": -266.1934097832676, "params": {"C": 2000.911820431807, "epsilon": 16.726291253288988, "gamma": 0.12251358111631738}, "datetime": {"datetime": "2021-09-22 19:13:43", "elapsed": 350.070236, "delta": 1.543452}}
