{"target": -1636.8926301135598, "params": {"C": 2.8139985949309505, "epsilon": 7.224806092379477, "gamma": 0.8688434191476574}, "datetime": {"datetime": "2021-09-22 17:57:04", "elapsed": 207.540695, "delta": 0.947196}}
{"target": -565.9112512918451, "params": {"C": 91.47127683453705, "epsilon": 0.681624405774056, "gamma": 0.010674861174573719}, "datetime": {"datetime": "2021-09-22 17:57:06", "elapsed": 209.330195, "delta": 1.7895}}
{"target": -1294.0033662399271, "params": {"C": 67.6101910595042, "epsilon": 2.5251686085686225, "gamma": 0.25222545081358627}, "datetime": {"datetime": "2021-09-22 17:57:07", "elapsed": 210.216691, "delta": 0.886496}}
{"target": -748.0674312803236, "params": {"C": 99.15484995170038, "epsilon": 9.456604277182551, "gamma": 0.13540201484660297}, "datetime": {"datetime": "2021-09-22 17:57:10", "elapsed": 213.023751, "delta": 2.80706}}
{"target": -1599.2891506279125, "params": {"C": 19.805426481588444, "epsilon": 3.818098885228005, "gamma": 0.44564344983239595}, "datetime": {"datetime": "2021-09-22 17:57:11", "elapsed": 214.025236, "delta": 1.001485}}
{"target": -1615.2637803974005, "params": {"C": 36.447779151662004, "epsilon": 8.239310445422708, "gamma": 0.8041338082480829}, "datetime": {"datetime": "2021-09-22 17:57:12", "elapsed": 215.009119, "delta": 0.983883}}
{"target": -1151.514331187136, "params": {"C": 71.54447257918679, "epsilon": 1.2952263251622176, "gamma": 0.20304071578656427}, "datetime": {"datetime": "2021-09-22 17:57:13", "elapsed": 215.915882, "delta": 0.906763}}
{"target": -1111.7646070140252, "params": {"C": 92.02611282389341, "epsilon": 1.1082810970377286, "gamma": 0.0030926469057956387}, "datetime": {"datetime": "2021-09-22 17:57:15", "elapsed": 217.688952, "delta": 1.77307}}
{"target": -860.5634778055606, "params": {"C": 99.20683317785242, "epsilon": 9.108662795454961, "gamma": 0.16180426483505683}, "datetime": {"datetime": "2021-09-22 17:57:16", "elapsed": 219.43555, "delta": 1.746598}}
{"target": -565.1921738167381, "params": {"C": 98.56928663873792, "epsilon": 4.982326159005143, "gamma": 0.08630626025440127}, "datetime": {"datetime": "2021-09-22 17:57:18", "elapsed": 221.125828, "delta": 1.690278}}
{"target": -1616.3823704289814, "params": {"C": 99.00308813302118, "epsilon": 9.244072773896175, "gamma": 0.0001}, "datetime": {"datetime": "2021-09-22 17:57:20", "elapsed": 223.55733, "delta": 2.431502}}
{"target": -1157.4960110708607, "params": {"C": 70.01855428184011, "epsilon": 3.185488034263635, "gamma": 0.20235687655233373}, "datetime": {"datetime": "2021-09-22 17:57:21", "elapsed": 224.573608, "delta": 1.016278}}
{"target": -530.9624051839796, "params": {"C": 98.98299946995331, "epsilon": 8.97966358400323, "gamma": 0.010572540014161205}, "datetime": {"datetime": "2021-09-22 17:57:23", "elapsed": 226.550809, "delta": 1.977201}}
{"target": -1607.9649129169181, "params": {"C": 74.39135950143968, "epsilon": 9.092548838428073, "gamma": 0.9934605438574421}, "datetime": {"datetime": "2021-09-22 17:57:24", "elapsed": 227.459238, "delta": 0.908429}}
{"target": -1538.9257941618444, "params": {"C": 92.60055759804199, "epsilon": 7.772592848265423, "gamma": 0.6048874391591218}, "datetime": {"datetime": "2021-09-22 17:57:25", "elapsed": 228.44815, "delta": 0.988912}}
{"target": -1548.9637742891493, "params": {"C": 20.82849727219087, "epsilon": 7.1943917491874725, "gamma": 0.2884716656154698}, "datetime": {"datetime": "2021-09-22 17:57:26", "elapsed": 229.495458, "delta": 1.047308}}
{"target": -1616.5940476446708, "params": {"C": 43.509535914986344, "epsilon": 7.8015180147020935, "gamma": 0.9042816257837809}, "datetime": {"datetime": "2021-09-22 17:57:27", "elapsed": 230.504226, "delta": 1.008768}}
{"target": -1188.981648690961, "params": {"C": 98.83207456151362, "epsilon": 9.124068160254312, "gamma": 0.2613489068269087}, "datetime": {"datetime": "2021-09-22 17:57:30", "elapsed": 233.227183, "delta": 2.722957}}
{"target": -1069.3281261140714, "params": {"C": 40.32712710624991, "epsilon": 1.6558818535442958, "gamma": 0.11535889322676143}, "datetime": {"datetime": "2021-09-22 17:57:32", "elapsed": 235.321824, "delta": 2.094641}}
{"target": -937.0864472920356, "params": {"C": 98.52236415885292, "epsilon": 4.993288721810453, "gamma": 0.17929736267458815}, "datetime": {"datetime": "2021-09-22 17:57:34", "elapsed": 237.62269, "delta": 2.300866}}
{"target": -1623.7210330855319, "params": {"C": 6.77213412119247, "epsilon": 4.611354256769726, "gamma": 0.4242623289098962}, "datetime": {"datetime": "2021-09-22 17:57:35", "elapsed": 238.652289, "delta": 1.029599}}
{"target": -937.7935358560418, "params": {"C": 99.06978963394393, "epsilon": 9.007803870249006, "gamma": 0.1801130594981094}, "datetime": {"datetime": "2021-09-22 17:57:37", "elapsed": 240.391549, "delta": 1.73926}}
{"target": -1010.6447236845505, "params": {"C": 98.84456422728438, "epsilon": 9.488004076049402, "gamma": 0.19971929999062044}, "datetime": {"datetime": "2021-09-22 17:57:39", "elapsed": 242.338081, "delta": 1.946532}}
{"target": -1283.519002417083, "params": {"C": 97.09788969491906, "epsilon": 8.40941607092035, "gamma": 0.30360114439055724}, "datetime": {"datetime": "2021-09-22 17:57:40", "elapsed": 243.430242, "delta": 1.092161}}
{"target": -594.6668624800429, "params": {"C": 98.42600978655868, "epsilon": 5.049517506380714, "gamma": 0.09456707316839992}, "datetime": {"datetime": "2021-09-22 17:57:42", "elapsed": 245.202909, "delta": 1.772667}}
{"target": -669.3276187868333, "params": {"C": 97.67739977111742, "epsilon": 2.6636579342266558, "gamma": 0.11382829275811172}, "datetime": {"datetime": "2021-09-22 17:57:44", "elapsed": 246.958651, "delta": 1.755742}}
{"target": -657.2835995494411, "params": {"C": 98.96894908700345, "epsilon": 9.02927136018911, "gamma": 0.11166700210768334}, "datetime": {"datetime": "2021-09-22 17:57:46", "elapsed": 249.168615, "delta": 2.209964}}
{"target": -405.1551920507656, "params": {"C": 99.22573493526417, "epsilon": 9.318969857538665, "gamma": 0.027286565419841338}, "datetime": {"datetime": "2021-09-22 17:57:48", "elapsed": 251.04886, "delta": 1.880245}}
{"target": -722.0594264300742, "params": {"C": 90.71124210591884, "epsilon": 1.3561331963477026, "gamma": 0.12187306248054004}, "datetime": {"datetime": "2021-09-22 17:57:49", "elapsed": 252.125583, "delta": 1.076723}}
{"target": -425.6958830730442, "params": {"C": 91.63311548971933, "epsilon": 0.5174046483984321, "gamma": 0.02959676559021904}, "datetime": {"datetime": "2021-09-22 17:57:51", "elapsed": 253.870435, "delta": 1.744852}}
{"target": -1605.5998624693684, "params": {"C": 49.444551633534374, "epsilon": 8.680874893783626, "gamma": 0.7832614133967952}, "datetime": {"datetime": "2021-09-22 17:57:52", "elapsed": 254.922217, "delta": 1.051782}}
{"target": -1174.2425056129446, "params": {"C": 97.57222721886494, "epsilon": 2.841219046258316, "gamma": 0.2534386892437094}, "datetime": {"datetime": "2021-09-22 17:57:54", "elapsed": 257.227831, "delta": 2.305614}}
{"target": -1304.2213340108844, "params": {"C": 78.81249271541236, "epsilon": 9.460551468355552, "gamma": 0.28100103742168386}, "datetime": {"datetime": "2021-09-22 17:57:55", "elapsed": 258.287212, "delta": 1.059381}}
{"target": -655.0950678490362, "params": {"C": 91.75096424605063, "epsilon": 0.5611104517567883, "gamma": 0.10537528268882619}, "datetime": {"datetime": "2021-09-22 17:57:57", "elapsed": 260.549211, "delta": 2.261999}}
{"target": -1546.292976416027, "params": {"C": 87.89928912222254, "epsilon": 2.3410967382583188, "gamma": 0.61345638792272}, "datetime": {"datetime": "2021-09-22 17:57:59", "elapsed": 261.682733, "delta": 1.133522}}
{"target": -526.2111309854116, "params": {"C": 98.8955577966227, "epsilon": 9.386838206565654, "gamma": 0.07611699590846162}, "datetime": {"datetime": "2021-09-22 17:58:00", "elapsed": 263.35946, "delta": 1.676727}}
{"target": -791.7293137214451, "params": {"C": 91.93815433759687, "epsilon": 0.8674364432985925, "gamma": 0.13774167565737994}, "datetime": {"datetime": "2021-09-22 17:58:02", "elapsed": 265.240643, "delta": 1.881183}}
{"target": -470.4960625875379, "params": {"C": 76.99756462689707, "epsilon": 2.8546588726838955, "gamma": 0.03120543799714076}, "datetime": {"datetime": "2021-09-22 17:58:03", "elapsed": 266.35517, "delta": 1.114527}}
{"target": -1129.3289693159907, "params": {"C": 90.45964025517767, "epsilon": 0.49885821761282084, "gamma": 0.0030308817479785784}, "datetime": {"datetime": "2021-09-22 17:58:05", "elapsed": 268.430698, "delta": 2.075528}}
{"target": -1622.153580465336, "params": {"C": 38.879510935676834, "epsilon": 0.784982183006271, "gamma": 0.9893430087992472}, "datetime": {"datetime": "2021-09-22 17:58:06", "elapsed": 269.509349, "delta": 1.078651}}
{"target": -658.2482977322742, "params": {"C": 98.27096939764363, "epsilon": 4.626780452629051, "gamma": 0.1113934936908315}, "datetime": {"datetime": "2021-09-22 17:58:08", "elapsed": 271.241089, "delta": 1.73174}}
{"target": -1548.0613989945468, "params": {"C": 74.60513883720715, "epsilon": 6.476140396208677, "gamma": 0.5703272131993556}, "datetime": {"datetime": "2021-09-22 17:58:09", "elapsed": 272.375957, "delta": 1.134868}}
{"target": -1003.2872475519428, "params": {"C": 99.24466772318443, "epsilon": 9.32882800508273, "gamma": 0.1980700287804416}, "datetime": {"datetime": "2021-09-22 17:58:11", "elapsed": 274.389862, "delta": 2.013905}}
{"target": -1573.2078082055684, "params": {"C": 50.99720657806897, "epsilon": 6.440136312337661, "gamma": 0.5567125232524409}, "datetime": {"datetime": "2021-09-22 17:58:12", "elapsed": 275.481931, "delta": 1.092069}}
{"target": -1622.0194451229252, "params": {"C": 9.862448819102047, "epsilon": 2.3319834210230646, "gamma": 0.48916543271297835}, "datetime": {"datetime": "2021-09-22 17:58:13", "elapsed": 276.596804, "delta": 1.114873}}
{"target": -500.0214276302854, "params": {"C": 77.06773643792506, "epsilon": 2.739358165369592, "gamma": 0.020095920610164884}, "datetime": {"datetime": "2021-09-22 17:58:15", "elapsed": 278.625498, "delta": 2.028694}}
{"target": -1623.2882867974693, "params": {"C": 16.38240627446633, "epsilon": 4.540785969855867, "gamma": 0.6650465169386127}, "datetime": {"datetime": "2021-09-22 17:58:17", "elapsed": 279.783267, "delta": 1.157769}}
{"target": -1436.5148205085604, "params": {"C": 98.80313472661194, "epsilon": 8.812469493489612, "gamma": 0.42802698015385676}, "datetime": {"datetime": "2021-09-22 17:58:18", "elapsed": 280.942947, "delta": 1.15968}}
{"target": -482.825516260966, "params": {"C": 90.64046944863226, "epsilon": 0.11435441979668438, "gamma": 0.01572745974326135}, "datetime": {"datetime": "2021-09-22 17:58:20", "elapsed": 283.48783, "delta": 2.544883}}
{"target": -1349.8913010870926, "params": {"C": 48.71833394341782, "epsilon": 0.37318268559190554, "gamma": 0.23356948410989312}, "datetime": {"datetime": "2021-09-22 17:58:22", "elapsed": 284.664837, "delta": 1.177007}}
{"target": -869.9149783000144, "params": {"C": 77.11938860920986, "epsilon": 2.9177142317907494, "gamma": 0.13929615472514598}, "datetime": {"datetime": "2021-09-22 17:58:24", "elapsed": 287.36064, "delta": 2.695803}}
{"target": -533.4039872873291, "params": {"C": 90.51852695272314, "epsilon": 0.358868125008615, "gamma": 0.07138224637058926}, "datetime": {"datetime": "2021-09-22 17:58:27", "elapsed": 290.309665, "delta": 2.949025}}
{"target": -1596.1582238620676, "params": {"C": 68.17039725807146, "epsilon": 5.100959462534503, "gamma": 0.807353052230704}, "datetime": {"datetime": "2021-09-22 17:58:28", "elapsed": 291.504934, "delta": 1.195269}}
{"target": -1101.935013994881, "params": {"C": 86.44251083125846, "epsilon": 5.855946951220318, "gamma": 0.2105100815654148}, "datetime": {"datetime": "2021-09-22 17:58:29", "elapsed": 292.629979, "delta": 1.125045}}
{"target": -1101.0140207554834, "params": {"C": 76.98047109310647, "epsilon": 2.7622626701248714, "gamma": 0.1964433940328274}, "datetime": {"datetime": "2021-09-22 17:58:32", "elapsed": 294.922868, "delta": 2.292889}}
{"target": -743.0270448068774, "params": {"C": 99.00770874053167, "epsilon": 9.389111112543333, "gamma": 0.13401005196508353}, "datetime": {"datetime": "2021-09-22 17:58:34", "elapsed": 297.113944, "delta": 2.191076}}
{"target": -1468.8335277054919, "params": {"C": 87.6025967253274, "epsilon": 6.321079573520131, "gamma": 0.4416635837108733}, "datetime": {"datetime": "2021-09-22 17:58:35", "elapsed": 298.299205, "delta": 1.185261}}
{"target": -413.7057119016636, "params": {"C": 97.59806339041336, "epsilon": 2.960348470343575, "gamma": 0.024996041257124076}, "datetime": {"datetime": "2021-09-22 17:58:37", "elapsed": 300.208168, "delta": 1.908963}}
{"target": -1447.4622375365225, "params": {"C": 8.797699582901108, "epsilon": 3.8452054806899074, "gamma": 0.07895303416835457}, "datetime": {"datetime": "2021-09-22 17:58:38", "elapsed": 301.380832, "delta": 1.172664}}
{"target": -1052.8906021961884, "params": {"C": 90.59633152871697, "epsilon": 0.6677573831533387, "gamma": 0.0036062945368776226}, "datetime": {"datetime": "2021-09-22 17:58:40", "elapsed": 303.587518, "delta": 2.206686}}
{"target": -1594.2636006727646, "params": {"C": 97.74980428664993, "epsilon": 3.735319125639485, "gamma": 0.9425359725055711}, "datetime": {"datetime": "2021-09-22 17:58:42", "elapsed": 304.757813, "delta": 1.170295}}
{"target": -1604.9005698734063, "params": {"C": 34.497296486146986, "epsilon": 7.6517517051358706, "gamma": 0.6466080806345417}, "datetime": {"datetime": "2021-09-22 17:58:43", "elapsed": 305.968194, "delta": 1.210381}}
{"target": -1619.988034054817, "params": {"C": 20.08494420480387, "epsilon": 7.162298909268736, "gamma": 0.6677518371749959}, "datetime": {"datetime": "2021-09-22 17:58:44", "elapsed": 307.096065, "delta": 1.127871}}
{"target": -890.470503617893, "params": {"C": 59.58245811203647, "epsilon": 0.3047866175199238, "gamma": 0.11694061785817175}, "datetime": {"datetime": "2021-09-22 17:58:46", "elapsed": 309.132602, "delta": 2.036537}}
{"target": -623.4648357021214, "params": {"C": 90.79694022284664, "epsilon": 1.8176884253968846, "gamma": 0.09633524345077384}, "datetime": {"datetime": "2021-09-22 17:58:48", "elapsed": 311.123764, "delta": 1.991162}}
{"target": -595.3181457356146, "params": {"C": 76.83645567973798, "epsilon": 2.922559529955053, "gamma": 0.07643858135200045}, "datetime": {"datetime": "2021-09-22 17:58:51", "elapsed": 314.001708, "delta": 2.877944}}
{"target": -1447.5810456685765, "params": {"C": 21.881287018263404, "epsilon": 1.6543979068870054, "gamma": 0.1843757492584122}, "datetime": {"datetime": "2021-09-22 17:58:52", "elapsed": 315.169374, "delta": 1.167666}}
{"target": -1521.914998439214, "params": {"C": 66.10257520750952, "epsilon": 3.939441114940872, "gamma": 0.4674909579893725}, "datetime": {"datetime": "2021-09-22 17:58:53", "elapsed": 316.328872, "delta": 1.159498}}
{"target": -491.2249526629871, "params": {"C": 76.98246095522327, "epsilon": 3.0724797320346284, "gamma": 0.04468625530120857}, "datetime": {"datetime": "2021-09-22 17:58:56", "elapsed": 318.978766, "delta": 2.649894}}
{"target": -499.6031253869439, "params": {"C": 90.37851586658425, "epsilon": 1.0561554878711243, "gamma": 0.06162157688880616}, "datetime": {"datetime": "2021-09-22 17:58:58", "elapsed": 320.956275, "delta": 1.977509}}
{"target": -1591.1962354862624, "params": {"C": 93.11872800913468, "epsilon": 9.292309653473623, "gamma": 0.8903632528502798}, "datetime": {"datetime": "2021-09-22 17:58:59", "elapsed": 322.216014, "delta": 1.259739}}
{"target": -1527.739843072823, "params": {"C": 44.662980054467454, "epsilon": 8.244142687315067, "gamma": 0.39014970609343175}, "datetime": {"datetime": "2021-09-22 17:59:00", "elapsed": 323.460444, "delta": 1.24443}}
{"target": -473.0789777048505, "params": {"C": 77.21410534419879, "epsilon": 3.2225379742670057, "gamma": 0.03516795240347287}, "datetime": {"datetime": "2021-09-22 17:59:02", "elapsed": 325.507365, "delta": 2.046921}}
{"target": -727.6846238546877, "params": {"C": 91.12406020041382, "epsilon": 1.682639843593959, "gamma": 0.12363469868131395}, "datetime": {"datetime": "2021-09-22 17:59:05", "elapsed": 328.024849, "delta": 2.517484}}
{"target": -1295.533135078011, "params": {"C": 64.89171140936517, "epsilon": 8.959692973706696, "gamma": 0.24688889580105172}, "datetime": {"datetime": "2021-09-22 17:59:06", "elapsed": 329.319955, "delta": 1.295106}}
{"target": -902.780554533938, "params": {"C": 91.72332621411694, "epsilon": 0.42414316126749596, "gamma": 0.1637712642014717}, "datetime": {"datetime": "2021-09-22 17:59:09", "elapsed": 332.229491, "delta": 2.909536}}
{"target": -1615.7538763142916, "params": {"C": 38.34254920216931, "epsilon": 3.3126574173142833, "gamma": 0.833233616967309}, "datetime": {"datetime": "2021-09-22 17:59:10", "elapsed": 333.355431, "delta": 1.12594}}
{"target": -580.0039896617509, "params": {"C": 97.77616914096173, "epsilon": 2.8424500593785296, "gamma": 0.0898426025596059}, "datetime": {"datetime": "2021-09-22 17:59:13", "elapsed": 336.406728, "delta": 3.051297}}
{"target": -463.42678575004584, "params": {"C": 91.46455433467509, "epsilon": 0.4854072144040755, "gamma": 0.05091728520624044}, "datetime": {"datetime": "2021-09-22 17:59:15", "elapsed": 338.442814, "delta": 2.036086}}
{"target": -1293.5509930233377, "params": {"C": 76.88771731645176, "epsilon": 3.0390060872539344, "gamma": 0.27166194435428714}, "datetime": {"datetime": "2021-09-22 17:59:18", "elapsed": 341.085742, "delta": 2.642928}}
{"target": -569.4497517948234, "params": {"C": 91.60724607909316, "epsilon": 0.4334931850823921, "gamma": 0.010474771394740049}, "datetime": {"datetime": "2021-09-22 17:59:21", "elapsed": 344.333948, "delta": 3.248206}}
{"target": -1618.9664363621819, "params": {"C": 17.20922648025238, "epsilon": 1.0263018782920195, "gamma": 0.5986041848126733}, "datetime": {"datetime": "2021-09-22 17:59:22", "elapsed": 345.495318, "delta": 1.16137}}
{"target": -547.4381668259837, "params": {"C": 90.73433191420342, "epsilon": 0.045142179191291876, "gamma": 0.011492131920600605}, "datetime": {"datetime": "2021-09-22 17:59:25", "elapsed": 348.132712, "delta": 2.637394}}
{"target": -739.2904010814362, "params": {"C": 90.64479245355692, "epsilon": 0.4792494726605301, "gamma": 0.1258511343479148}, "datetime": {"datetime": "2021-09-22 17:59:28", "elapsed": 350.903983, "delta": 2.771271}}
{"target": -712.9673123198656, "params": {"C": 97.45082418454167, "epsilon": 3.02577529996664, "gamma": 0.1253242234800114}, "datetime": {"datetime": "2021-09-22 17:59:30", "elapsed": 353.035039, "delta": 2.131056}}
{"target": -485.1755394024565, "params": {"C": 77.35281725192549, "epsilon": 3.294552932902085, "gamma": 0.023013039953250485}, "datetime": {"datetime": "2021-09-22 17:59:33", "elapsed": 355.736291, "delta": 2.701252}}
{"target": -1616.8242305091635, "params": {"C": 97.48542520573314, "epsilon": 2.891225697051324, "gamma": 0.0001}, "datetime": {"datetime": "2021-09-22 17:59:36", "elapsed": 359.399807, "delta": 3.663516}}
{"target": -1616.3260303008863, "params": {"C": 99.25757946152828, "epsilon": 9.45169195004585, "gamma": 0.0001}, "datetime": {"datetime": "2021-09-22 17:59:40", "elapsed": 362.660958, "delta": 3.261151}}
{"target": -1352.1953455799942, "params": {"C": 90.4023015399122, "epsilon": 1.2362349842192697, "gamma": 0.0015710520613581229}, "datetime": {"datetime": "2021-09-22 17:59:43", "elapsed": 366.058663, "delta": 3.397705}}
{"target": -559.2768638646613, "params": {"C": 97.68670509282975, "epsilon": 2.9887063867503887, "gamma": 0.08403139441049844}, "datetime": {"datetime": "2021-09-22 17:59:46", "elapsed": 368.697235, "delta": 2.638572}}
{"target": -599.0234649831107, "params": {"C": 77.17698533818343, "epsilon": 3.152861628107575, "gamma": 0.07769636423169303}, "datetime": {"datetime": "2021-09-22 17:59:48", "elapsed": 371.044738, "delta": 2.347503}}
{"target": -1621.3675595462557, "params": {"C": 27.582992737255825, "epsilon": 5.565071893657424, "gamma": 0.8155458373033944}, "datetime": {"datetime": "2021-09-22 17:59:49", "elapsed": 372.327157, "delta": 1.282419}}
{"target": -704.5159170065485, "params": {"C": 97.59710378825251, "epsilon": 3.1147804368254843, "gamma": 0.12329818750556683}, "datetime": {"datetime": "2021-09-22 17:59:52", "elapsed": 375.357738, "delta": 3.030581}}
{"target": -1591.1010962326143, "params": {"C": 18.77253163851798, "epsilon": 8.343214526446388, "gamma": 0.39060826873026305}, "datetime": {"datetime": "2021-09-22 17:59:53", "elapsed": 376.627523, "delta": 1.269785}}
{"target": -1053.7388516005988, "params": {"C": 77.41813917126653, "epsilon": 3.231511483869781, "gamma": 0.18281273845650348}, "datetime": {"datetime": "2021-09-22 17:59:56", "elapsed": 379.458686, "delta": 2.831163}}
{"target": -468.7817279500761, "params": {"C": 98.35511247552799, "epsilon": 5.054584312252857, "gamma": 0.014788251145689206}, "datetime": {"datetime": "2021-09-22 17:59:59", "elapsed": 382.388364, "delta": 2.929678}}
{"target": -779.6771775799978, "params": {"C": 90.8972854748556, "epsilon": 1.6269270941251652, "gamma": 0.006501040165049774}, "datetime": {"datetime": "2021-09-22 18:00:02", "elapsed": 384.661842, "delta": 2.273478}}
{"target": -558.3611301155531, "params": {"C": 77.13745840108761, "epsilon": 3.307128866514972, "gamma": 0.014606353898102633}, "datetime": {"datetime": "2021-09-22 18:00:04", "elapsed": 387.150571, "delta": 2.488729}}
{"target": -1618.2175881819328, "params": {"C": 91.3403853002275, "epsilon": 0.4393586593145385, "gamma": 0.0001}, "datetime": {"datetime": "2021-09-22 18:00:07", "elapsed": 389.747836, "delta": 2.597265}}
{"target": -1635.075277817253, "params": {"C": 2.797931927516945, "epsilon": 4.409064060983781, "gamma": 0.5820444649913248}, "datetime": {"datetime": "2021-09-22 18:00:08", "elapsed": 391.04627, "delta": 1.298434}}
