{"target": -85.67945872524393, "params": {"C": 902.649812581518, "epsilon": 18.446682222789526, "gamma": 0.01}, "datetime": {"datetime": "2021-09-22 18:31:27", "elapsed": 516.938726, "delta": 2.607032}}
{"target": -285.2810751358291, "params": {"C": 911.9175577167673, "epsilon": 16.363738154531987, "gamma": 0.10616493910043891}, "datetime": {"datetime": "2021-09-22 18:31:29", "elapsed": 519.517281, "delta": 2.578555}}
{"target": -234.0557303975335, "params": {"C": 594.5174398601891, "epsilon": 13.109471187597537, "gamma": 0.06656953174125695}, "datetime": {"datetime": "2021-09-22 18:31:31", "elapsed": 521.432104, "delta": 1.914823}}
{"target": -174.08301725419898, "params": {"C": 471.92085259687576, "epsilon": 9.511513402158151, "gamma": 0.032820409191635334}, "datetime": {"datetime": "2021-09-22 18:31:33", "elapsed": 523.422013, "delta": 1.989909}}
{"target": -187.20593669396004, "params": {"C": 911.7075802508056, "epsilon": 16.48501902703647, "gamma": 0.05792296446090679}, "datetime": {"datetime": "2021-09-22 18:31:37", "elapsed": 526.839534, "delta": 3.417521}}
{"target": -129.6080525731103, "params": {"C": 899.5085302108971, "epsilon": 24.944677330738262, "gamma": 0.0289243940491202}, "datetime": {"datetime": "2021-09-22 18:31:39", "elapsed": 529.568894, "delta": 2.72936}}
{"target": -201.3343875714023, "params": {"C": 2609.790219280553, "epsilon": 21.637702353920528, "gamma": 0.001017041847784388}, "datetime": {"datetime": "2021-09-22 19:07:53", "elapsed": 0.0, "delta": 0.0}}
{"target": -65.14093984922184, "params": {"C": 2139.563547790543, "epsilon": 4.48800113543168, "gamma": 0.01475845062055087}, "datetime": {"datetime": "2021-09-22 19:07:53", "elapsed": 0.114964, "delta": 0.114964}}
{"target": -157.48821720175772, "params": {"C": 1663.6668666484507, "epsilon": 10.432265738587127, "gamma": 0.06011835366036982}, "datetime": {"datetime": "2021-09-22 19:07:53", "elapsed": 0.245972, "delta": 0.131008}}
{"target": -215.983540763797, "params": {"C": 3109.1486094137636, "epsilon": 12.633915980658514, "gamma": 0.10309770555911717}, "datetime": {"datetime": "2021-09-22 19:07:53", "elapsed": 0.418004, "delta": 0.172032}}
{"target": -53.151877302968174, "params": {"C": 1738.2542238992214, "epsilon": 26.35571134808927, "gamma": 0.005080751386490999}, "datetime": {"datetime": "2021-09-22 19:07:54", "elapsed": 0.478007, "delta": 0.060003}}
{"target": -175.96118338580635, "params": {"C": 3648.916791731449, "epsilon": 12.577413590777095, "gamma": 0.084244784438417}, "datetime": {"datetime": "2021-09-22 19:07:54", "elapsed": 0.703004, "delta": 0.224997}}
{"target": -243.5884637321452, "params": {"C": 1737.6177728830446, "epsilon": 25.463202445626422, "gamma": 0.10607212862479995}, "datetime": {"datetime": "2021-09-22 19:07:54", "elapsed": 0.952959, "delta": 0.249955}}
{"target": -82.34059396899818, "params": {"C": 3082.421473301411, "epsilon": 23.64278186320725, "gamma": 0.02706006644233144}, "datetime": {"datetime": "2021-09-22 19:07:54", "elapsed": 1.252963, "delta": 0.300004}}
{"target": -231.7084236155464, "params": {"C": 3342.9622247568736, "epsilon": 7.904644758189984, "gamma": 0.112262614446546}, "datetime": {"datetime": "2021-09-22 19:07:55", "elapsed": 1.51597, "delta": 0.263007}}
{"target": -304.4994211825329, "params": {"C": 1832.8109588191448, "epsilon": 4.752140921907701, "gamma": 0.14214821421049792}, "datetime": {"datetime": "2021-09-22 19:07:55", "elapsed": 1.874961, "delta": 0.358991}}
{"target": -81.43180454314515, "params": {"C": 3877.649812713003, "epsilon": 21.88549921413569, "gamma": 0.030008516705759006}, "datetime": {"datetime": "2021-09-22 19:07:55", "elapsed": 2.17, "delta": 0.295039}}
{"target": -157.37616121536604, "params": {"C": 2828.011431771906, "epsilon": 12.762432069817482, "gamma": 0.07131498787573304}, "datetime": {"datetime": "2021-09-22 19:07:56", "elapsed": 2.485006, "delta": 0.315006}}
{"target": -149.97000474427054, "params": {"C": 4817.326859718901, "epsilon": 19.955735333677225, "gamma": 0.07113737534944817}, "datetime": {"datetime": "2021-09-22 19:07:56", "elapsed": 2.802963, "delta": 0.317957}}
{"target": -309.6374052184934, "params": {"C": 2903.8041637868982, "epsilon": 25.251242344594992, "gamma": 0.146881197316322}, "datetime": {"datetime": "2021-09-22 19:07:56", "elapsed": 2.991006, "delta": 0.188043}}
{"target": -277.3261875023548, "params": {"C": 2222.138313691099, "epsilon": 22.929709918441578, "gamma": 0.12868728817094538}, "datetime": {"datetime": "2021-09-22 19:07:56", "elapsed": 3.365298, "delta": 0.374292}}
{"target": -284.6777489119824, "params": {"C": 4405.284230866759, "epsilon": 21.608626449290448, "gamma": 0.13688366761788107}, "datetime": {"datetime": "2021-09-22 19:07:57", "elapsed": 3.684086, "delta": 0.318788}}
{"target": -126.74150777132427, "params": {"C": 3676.1572576974004, "epsilon": 16.482540176841805, "gamma": 0.05809816590366701}, "datetime": {"datetime": "2021-09-22 19:07:57", "elapsed": 4.073807, "delta": 0.389721}}
{"target": -140.51162009379541, "params": {"C": 1477.10001411265, "epsilon": 4.267448751258501, "gamma": 0.04820801446583093}, "datetime": {"datetime": "2021-09-22 19:07:57", "elapsed": 4.298982, "delta": 0.225175}}
{"target": -62.14491671529392, "params": {"C": 2023.4019175049652, "epsilon": 22.954017274388562, "gamma": 0.010963711303386938}, "datetime": {"datetime": "2021-09-22 19:07:58", "elapsed": 4.527303, "delta": 0.228321}}
{"target": -100.3731864112696, "params": {"C": 4751.251193370349, "epsilon": 28.503476749713883, "gamma": 0.042590582137380144}, "datetime": {"datetime": "2021-09-22 19:07:58", "elapsed": 4.838304, "delta": 0.311001}}
{"target": -61.44067240874928, "params": {"C": 3352.6282754185086, "epsilon": 3.469791513554063, "gamma": 0.018399848942979743}, "datetime": {"datetime": "2021-09-22 19:07:58", "elapsed": 5.251303, "delta": 0.412999}}
{"target": -207.1524556344351, "params": {"C": 3415.8611089433225, "epsilon": 16.76601767967067, "gamma": 0.09838743112496519}, "datetime": {"datetime": "2021-09-22 19:07:59", "elapsed": 5.784958, "delta": 0.533655}}
{"target": -307.95802604497226, "params": {"C": 968.9319266199757, "epsilon": 7.82486942623078, "gamma": 0.12028712114844509}, "datetime": {"datetime": "2021-09-22 19:07:59", "elapsed": 6.045889, "delta": 0.260931}}
{"target": -266.14742320798297, "params": {"C": 2180.536756740017, "epsilon": 16.43312498588786, "gamma": 0.12418698118221037}, "datetime": {"datetime": "2021-09-22 19:07:59", "elapsed": 6.271528, "delta": 0.225639}}
{"target": -181.64549458711588, "params": {"C": 2802.2426794791672, "epsilon": 4.161864397575123, "gamma": 0.08553266244901368}, "datetime": {"datetime": "2021-09-22 19:08:00", "elapsed": 6.823029, "delta": 0.551501}}
{"target": -299.70036945402865, "params": {"C": 4636.745936746815, "epsilon": 18.71796930081114, "gamma": 0.14542298248302601}, "datetime": {"datetime": "2021-09-22 19:08:00", "elapsed": 7.141033, "delta": 0.318004}}
{"target": -187.68694647867235, "params": {"C": 4196.587798825154, "epsilon": 9.60698898367243, "gamma": 0.09137288344410947}, "datetime": {"datetime": "2021-09-22 19:08:00", "elapsed": 7.448036, "delta": 0.307003}}
{"target": -235.62263070881673, "params": {"C": 1843.17157890412, "epsilon": 2.0371258442675813, "gamma": 0.10587300146526539}, "datetime": {"datetime": "2021-09-22 19:08:01", "elapsed": 7.767672, "delta": 0.319636}}
{"target": -277.765582487143, "params": {"C": 4418.158283233433, "epsilon": 25.616236593189765, "gamma": 0.13244560008594575}, "datetime": {"datetime": "2021-09-22 19:08:01", "elapsed": 8.040304, "delta": 0.272632}}
{"target": -133.6250501139456, "params": {"C": 3353.714158293711, "epsilon": 3.5424260463193886, "gamma": 0.06196651646494944}, "datetime": {"datetime": "2021-09-22 19:08:02", "elapsed": 8.488714, "delta": 0.44841}}
{"target": -78.80168345807414, "params": {"C": 2139.3868403805072, "epsilon": 4.540222599579937, "gamma": 0.022338466120092132}, "datetime": {"datetime": "2021-09-22 19:08:02", "elapsed": 8.728706, "delta": 0.239992}}
{"target": -231.8814390474974, "params": {"C": 3352.276923775093, "epsilon": 4.094910204703196, "gamma": 0.11302303057278516}, "datetime": {"datetime": "2021-09-22 19:08:02", "elapsed": 9.097708, "delta": 0.369002}}
{"target": -217.91313594195063, "params": {"C": 3878.354977382978, "epsilon": 21.345808830529823, "gamma": 0.1030312646234764}, "datetime": {"datetime": "2021-09-22 19:08:02", "elapsed": 9.380707, "delta": 0.282999}}
{"target": -149.1017146631236, "params": {"C": 1738.5259575693792, "epsilon": 26.52709929002761, "gamma": 0.05517284189804704}, "datetime": {"datetime": "2021-09-22 19:08:03", "elapsed": 9.612716, "delta": 0.232009}}
{"target": -134.78837621427311, "params": {"C": 3353.342719898241, "epsilon": 3.411416927467212, "gamma": 0.06263000693523633}, "datetime": {"datetime": "2021-09-22 19:08:03", "elapsed": 10.067209, "delta": 0.454493}}
{"target": -72.1907310209523, "params": {"C": 2023.2741365322993, "epsilon": 22.967234556752793, "gamma": 0.015813431293434994}, "datetime": {"datetime": "2021-09-22 19:08:03", "elapsed": 10.258575, "delta": 0.191366}}
{"target": -261.67448740260016, "params": {"C": 3352.881893446166, "epsilon": 3.3406406280938254, "gamma": 0.12763847675665332}, "datetime": {"datetime": "2021-09-22 19:08:04", "elapsed": 10.60758, "delta": 0.349005}}
{"target": -161.26016693333068, "params": {"C": 1323.1251988444233, "epsilon": 1.8087511503632996, "gamma": 0.05607726565344374}, "datetime": {"datetime": "2021-09-22 19:08:04", "elapsed": 10.861576, "delta": 0.253996}}
{"target": -90.9668162961596, "params": {"C": 2138.8696392922375, "epsilon": 4.806980534371633, "gamma": 0.029058738591363945}, "datetime": {"datetime": "2021-09-22 19:08:04", "elapsed": 11.150613, "delta": 0.289037}}
{"target": -212.1362452489224, "params": {"C": 1072.904981219433, "epsilon": 3.5934623866522046, "gamma": 0.0757628263653036}, "datetime": {"datetime": "2021-09-22 19:08:04", "elapsed": 11.389213, "delta": 0.2386}}
{"target": -66.41585358077837, "params": {"C": 1738.2903373994309, "epsilon": 26.71960697418978, "gamma": 0.010790401984093874}, "datetime": {"datetime": "2021-09-22 19:08:05", "elapsed": 11.614211, "delta": 0.224998}}
{"target": -175.15258711517905, "params": {"C": 3082.0751530165403, "epsilon": 23.348164877139652, "gamma": 0.08059836168317701}, "datetime": {"datetime": "2021-09-22 19:08:05", "elapsed": 11.903015, "delta": 0.288804}}
{"target": -299.77305030816194, "params": {"C": 3082.1112442450863, "epsilon": 23.556127273260397, "gamma": 0.1423764148924628}, "datetime": {"datetime": "2021-09-22 19:08:05", "elapsed": 12.171833, "delta": 0.268818}}
{"target": -269.6981653077055, "params": {"C": 3876.885251295758, "epsilon": 22.304562520303154, "gamma": 0.12845645466861486}, "datetime": {"datetime": "2021-09-22 19:08:06", "elapsed": 12.473844, "delta": 0.302011}}
{"target": -172.23521199475152, "params": {"C": 2022.547071355273, "epsilon": 23.545597034803237, "gamma": 0.0712517693480733}, "datetime": {"datetime": "2021-09-22 19:08:06", "elapsed": 12.762876, "delta": 0.289032}}
{"target": -82.38590902093269, "params": {"C": 1944.3807438491638, "epsilon": 25.380154099736, "gamma": 0.020467864971591226}, "datetime": {"datetime": "2021-09-22 19:08:06", "elapsed": 13.02184, "delta": 0.258964}}
{"target": -268.79752467618584, "params": {"C": 3994.2816328051495, "epsilon": 7.167658224168215, "gamma": 0.13140338536136884}, "datetime": {"datetime": "2021-09-22 19:08:06", "elapsed": 13.376876, "delta": 0.355036}}
{"target": -117.54680395012068, "params": {"C": 3676.288256796769, "epsilon": 16.316078972417216, "gamma": 0.052781450894064934}, "datetime": {"datetime": "2021-09-22 19:08:07", "elapsed": 13.810123, "delta": 0.433247}}
{"target": -278.9116029527654, "params": {"C": 4224.5658537618565, "epsilon": 22.442657370028044, "gamma": 0.1335398206045999}, "datetime": {"datetime": "2021-09-22 19:08:07", "elapsed": 14.108891, "delta": 0.298768}}
{"target": -306.8651389976448, "params": {"C": 3345.2355222383253, "epsilon": 14.030115129096053, "gamma": 0.1483117665375674}, "datetime": {"datetime": "2021-09-22 19:08:07", "elapsed": 14.393127, "delta": 0.284236}}
{"target": -151.67510872997036, "params": {"C": 3082.322459629124, "epsilon": 24.040543943488842, "gamma": 0.06821804488121887}, "datetime": {"datetime": "2021-09-22 19:08:08", "elapsed": 14.729164, "delta": 0.336037}}
{"target": -143.53334311464968, "params": {"C": 1242.4051223276017, "epsilon": 6.147833385491696, "gamma": 0.045375595470425224}, "datetime": {"datetime": "2021-09-22 19:08:08", "elapsed": 14.998122, "delta": 0.268958}}
{"target": -89.59544517237798, "params": {"C": 1173.0344045739098, "epsilon": 15.307638194571071, "gamma": 0.017124610455527132}, "datetime": {"datetime": "2021-09-22 19:08:08", "elapsed": 15.249166, "delta": 0.251044}}
{"target": -154.63234579431014, "params": {"C": 2371.339497455527, "epsilon": 4.054812378308467, "gamma": 0.06716080629253092}, "datetime": {"datetime": "2021-09-22 19:08:09", "elapsed": 15.617163, "delta": 0.367997}}
{"target": -199.3472315966121, "params": {"C": 3586.775570789827, "epsilon": 7.554185276988381, "gamma": 0.09678472278405566}, "datetime": {"datetime": "2021-09-22 19:08:09", "elapsed": 15.995009, "delta": 0.377846}}
{"target": -283.3042878391345, "params": {"C": 4967.0508325751725, "epsilon": 25.747870366431812, "gamma": 0.13579763838193082}, "datetime": {"datetime": "2021-09-22 19:08:09", "elapsed": 16.291487, "delta": 0.296478}}
{"target": -128.178755473376, "params": {"C": 2024.017023554862, "epsilon": 22.890613470307937, "gamma": 0.047521121924641904}, "datetime": {"datetime": "2021-09-22 19:08:10", "elapsed": 16.581743, "delta": 0.290256}}
{"target": -355.5294963906404, "params": {"C": 1073.0360560901509, "epsilon": 19.763448844370462, "gamma": 0.14868433665391673}, "datetime": {"datetime": "2021-09-22 19:08:10", "elapsed": 16.840744, "delta": 0.259001}}
{"target": -256.77446588997753, "params": {"C": 2138.681971310849, "epsilon": 4.987761181261366, "gamma": 0.12068496516425886}, "datetime": {"datetime": "2021-09-22 19:08:10", "elapsed": 17.215783, "delta": 0.375039}}
{"target": -336.30700249975945, "params": {"C": 1345.422114878757, "epsilon": 24.480838325211895, "gamma": 0.1462198094581356}, "datetime": {"datetime": "2021-09-22 19:08:11", "elapsed": 17.484779, "delta": 0.268996}}
{"target": -129.96352460212213, "params": {"C": 4474.162707494673, "epsilon": 5.439995641394417, "gamma": 0.06339914408239565}, "datetime": {"datetime": "2021-09-22 19:08:11", "elapsed": 18.010781, "delta": 0.526002}}
{"target": -255.6388201144069, "params": {"C": 1194.8398334256467, "epsilon": 4.767606599133359, "gamma": 0.10194494046286773}, "datetime": {"datetime": "2021-09-22 19:08:11", "elapsed": 18.28968, "delta": 0.278899}}
{"target": -275.4808989799731, "params": {"C": 4751.421644870279, "epsilon": 28.756651270068094, "gamma": 0.13091885473736192}, "datetime": {"datetime": "2021-09-22 19:08:12", "elapsed": 18.612645, "delta": 0.322965}}
{"target": -163.37711148663985, "params": {"C": 3226.9638586573024, "epsilon": 8.332228688445435, "gamma": 0.07735372688174877}, "datetime": {"datetime": "2021-09-22 19:08:12", "elapsed": 19.014645, "delta": 0.402}}
{"target": -298.92415186379634, "params": {"C": 2371.421347344919, "epsilon": 3.6158651872887178, "gamma": 0.1438631533362091}, "datetime": {"datetime": "2021-09-22 19:08:12", "elapsed": 19.375648, "delta": 0.361003}}
{"target": -152.40971079149494, "params": {"C": 3082.6034062105755, "epsilon": 22.810654309101068, "gamma": 0.06888412035894943}, "datetime": {"datetime": "2021-09-22 19:08:13", "elapsed": 19.745321, "delta": 0.369673}}
{"target": -161.4312187510006, "params": {"C": 969.7432391907864, "epsilon": 8.870336921082563, "gamma": 0.047428362025115196}, "datetime": {"datetime": "2021-09-22 19:08:13", "elapsed": 20.023942, "delta": 0.278621}}
{"target": -100.33211877632775, "params": {"C": 1253.6173742239553, "epsilon": 16.461455931133315, "gamma": 0.022609693479921835}, "datetime": {"datetime": "2021-09-22 19:08:13", "elapsed": 20.313522, "delta": 0.28958}}
{"target": -225.5794348920151, "params": {"C": 2250.7221550423897, "epsilon": 21.4290014290743, "gamma": 0.1024588450158133}, "datetime": {"datetime": "2021-09-22 19:08:14", "elapsed": 20.642563, "delta": 0.329041}}
{"target": -113.06881540522217, "params": {"C": 1737.740020351559, "epsilon": 26.148885037764412, "gamma": 0.03532163267151417}, "datetime": {"datetime": "2021-09-22 19:08:14", "elapsed": 20.963526, "delta": 0.320963}}
{"target": -137.67477093179042, "params": {"C": 2021.9774890988692, "epsilon": 23.556755162573946, "gamma": 0.05249339750874277}, "datetime": {"datetime": "2021-09-22 19:08:14", "elapsed": 21.304559, "delta": 0.341033}}
{"target": -325.9871464672628, "params": {"C": 1737.528991270999, "epsilon": 25.98548766876113, "gamma": 0.14872275862154177}, "datetime": {"datetime": "2021-09-22 19:08:15", "elapsed": 21.653893, "delta": 0.349334}}
{"target": -124.60422369340783, "params": {"C": 1791.0472789570128, "epsilon": 8.523916051347513, "gamma": 0.04427951827070814}, "datetime": {"datetime": "2021-09-22 19:08:15", "elapsed": 21.983702, "delta": 0.329809}}
{"target": -72.4355255534971, "params": {"C": 4817.526667491213, "epsilon": 19.823519972574324, "gamma": 0.027776409097942475}, "datetime": {"datetime": "2021-09-22 19:08:15", "elapsed": 22.396661, "delta": 0.412959}}
{"target": -141.88749237384064, "params": {"C": 2973.462105046191, "epsilon": 29.699469238863987, "gamma": 0.06096474565113146}, "datetime": {"datetime": "2021-09-22 19:08:16", "elapsed": 22.735941, "delta": 0.33928}}
{"target": -96.87844073531558, "params": {"C": 4751.14825417941, "epsilon": 28.307099428518455, "gamma": 0.04059187286190025}, "datetime": {"datetime": "2021-09-22 19:08:16", "elapsed": 23.155939, "delta": 0.419998}}
{"target": -189.92416650095345, "params": {"C": 2779.185183442589, "epsilon": 29.08151949043668, "gamma": 0.08578756578179031}, "datetime": {"datetime": "2021-09-22 19:08:17", "elapsed": 23.489935, "delta": 0.333996}}
{"target": -305.8851572849472, "params": {"C": 1738.815853832344, "epsilon": 26.900120129734923, "gamma": 0.13840675681958303}, "datetime": {"datetime": "2021-09-22 19:08:17", "elapsed": 23.843658, "delta": 0.353723}}
{"target": -139.61085083501968, "params": {"C": 1451.3172227429636, "epsilon": 28.165264017833984, "gamma": 0.0024112135968329214}, "datetime": {"datetime": "2021-09-22 19:08:17", "elapsed": 24.118319, "delta": 0.274661}}
{"target": -295.9956579163606, "params": {"C": 1944.180924974782, "epsilon": 25.395965341351694, "gamma": 0.13579034032596043}, "datetime": {"datetime": "2021-09-22 19:08:18", "elapsed": 24.505512, "delta": 0.387193}}
{"target": -195.01578325202004, "params": {"C": 1624.7723855707245, "epsilon": 6.355479650325365, "gamma": 0.08005946373386778}, "datetime": {"datetime": "2021-09-22 19:08:18", "elapsed": 24.866545, "delta": 0.361033}}
{"target": -170.57092929293262, "params": {"C": 4284.19315663029, "epsilon": 3.6847673913331076, "gamma": 0.08418801959422233}, "datetime": {"datetime": "2021-09-22 19:08:18", "elapsed": 25.43252, "delta": 0.565975}}
{"target": -284.1514586703606, "params": {"C": 3811.72031007571, "epsilon": 13.74335316284409, "gamma": 0.13744184302450532}, "datetime": {"datetime": "2021-09-22 19:08:19", "elapsed": 25.80347, "delta": 0.37095}}
{"target": -294.50729688157577, "params": {"C": 2996.6908123054914, "epsilon": 21.35161599374338, "gamma": 0.1400226758860428}, "datetime": {"datetime": "2021-09-22 19:08:19", "elapsed": 26.173099, "delta": 0.369629}}
{"target": -194.89748943098516, "params": {"C": 3342.545795897733, "epsilon": 28.5173904491479, "gamma": 0.08952264760287934}, "datetime": {"datetime": "2021-09-22 19:08:20", "elapsed": 26.642619, "delta": 0.46952}}
{"target": -173.7801240705337, "params": {"C": 4307.491153272311, "epsilon": 25.225868774254252, "gamma": 0.08108585616648664}, "datetime": {"datetime": "2021-09-22 19:08:20", "elapsed": 27.059617, "delta": 0.416998}}
{"target": -105.91593941030914, "params": {"C": 2828.0895107953265, "epsilon": 13.089519612329426, "gamma": 0.04165493900186651}, "datetime": {"datetime": "2021-09-22 19:08:21", "elapsed": 27.504824, "delta": 0.445207}}
{"target": -241.84301221443147, "params": {"C": 4149.750399875115, "epsilon": 4.313003497692623, "gamma": 0.11904697851016918}, "datetime": {"datetime": "2021-09-22 19:08:21", "elapsed": 27.957106, "delta": 0.452282}}
{"target": -304.14025969188106, "params": {"C": 1944.843985428528, "epsilon": 25.470565510242487, "gamma": 0.13986512369346304}, "datetime": {"datetime": "2021-09-22 19:08:21", "elapsed": 28.340978, "delta": 0.383872}}
{"target": -77.38041048728753, "params": {"C": 2499.0440021602717, "epsilon": 1.155180940847281, "gamma": 0.024072698625845268}, "datetime": {"datetime": "2021-09-22 19:08:22", "elapsed": 28.763936, "delta": 0.422958}}
{"target": -82.65303855545, "params": {"C": 1004.2185365242468, "epsilon": 1.1797805502804717, "gamma": 0.00544391484949543}, "datetime": {"datetime": "2021-09-22 19:08:22", "elapsed": 29.091976, "delta": 0.32804}}
{"target": -58.77124723250452, "params": {"C": 2502.269026613615, "epsilon": 5.623195118868332, "gamma": 0.01346467656022082}, "datetime": {"datetime": "2021-09-22 19:08:23", "elapsed": 29.481935, "delta": 0.389959}}
{"target": -130.81285214753638, "params": {"C": 1663.32429650753, "epsilon": 10.357244828871698, "gamma": 0.04586077742488362}, "datetime": {"datetime": "2021-09-22 19:08:23", "elapsed": 29.902777, "delta": 0.420842}}
{"target": -115.9999866730948, "params": {"C": 3226.936558500411, "epsilon": 8.753653720410432, "gamma": 0.050018614645306096}, "datetime": {"datetime": "2021-09-22 19:08:24", "elapsed": 30.473168, "delta": 0.570391}}
{"target": -59.981968866793316, "params": {"C": 1737.8768559586774, "epsilon": 26.2858912484202, "gamma": 0.008523784332378463}, "datetime": {"datetime": "2021-09-22 19:08:24", "elapsed": 30.831188, "delta": 0.35802}}
