{"target": -231.7890052545313, "params": {"C": 14374.373680694054, "epsilon": 4.551133581287494, "gamma": 0.11628268733421163}, "datetime": {"datetime": "2021-09-22 19:47:19", "elapsed": 38.564609, "delta": 0.481221}}
{"target": -50.1552612353148, "params": {"C": 11460.150251278976, "epsilon": 1.155180940847281, "gamma": 0.023312063919558427}, "datetime": {"datetime": "2021-09-22 19:47:20", "elapsed": 39.744572, "delta": 1.179963}}
{"target": -24.41774649690036, "params": {"C": 6355.868173497428, "epsilon": 1.1797805502804717, "gamma": 0.004570757288183658}, "datetime": {"datetime": "2021-09-22 19:47:21", "elapsed": 40.122892, "delta": 0.37832}}
{"target": -34.0441063391149, "params": {"C": 11471.16252990015, "epsilon": 5.623195118868332, "gamma": 0.01263996655286645}, "datetime": {"datetime": "2021-09-22 19:47:22", "elapsed": 40.93005, "delta": 0.807158}}
{"target": -76.6819177153471, "params": {"C": 14375.319496065878, "epsilon": 2.6677619162237005, "gamma": 0.04049552148088794}, "datetime": {"datetime": "2021-09-22 19:47:23", "elapsed": 42.29416, "delta": 1.36411}}
{"target": -96.76145582264544, "params": {"C": 13945.637029025795, "epsilon": 8.753653720410432, "gamma": 0.04941470023712338}, "datetime": {"datetime": "2021-09-22 19:47:24", "elapsed": 43.262866, "delta": 0.968706}}
{"target": -288.1251310592574, "params": {"C": 18204.151554970522, "epsilon": 5.235957172674071, "gamma": 0.14308251102205266}, "datetime": {"datetime": "2021-09-22 19:47:24", "elapsed": 43.730827, "delta": 0.467961}}
{"target": -145.8011142541968, "params": {"C": 9566.765489706035, "epsilon": 25.15342587618874, "gamma": 0.06924501754001326}, "datetime": {"datetime": "2021-09-22 19:47:25", "elapsed": 44.18998, "delta": 0.459153}}
{"target": -212.77474342603034, "params": {"C": 17749.126816544675, "epsilon": 12.887596012049745, "gamma": 0.10512437933160035}, "datetime": {"datetime": "2021-09-22 19:47:25", "elapsed": 44.713981, "delta": 0.524001}}
{"target": -58.58936644623372, "params": {"C": 14375.409072538123, "epsilon": 3.049439820573317, "gamma": 0.029540252919553905}, "datetime": {"datetime": "2021-09-22 19:47:27", "elapsed": 46.283702, "delta": 1.569721}}
{"target": -45.4811813991954, "params": {"C": 14947.470863144235, "epsilon": 3.0642871554837634, "gamma": 0.021610598023200332}, "datetime": {"datetime": "2021-09-22 19:47:28", "elapsed": 47.617698, "delta": 1.333996}}
{"target": -172.88248714353455, "params": {"C": 15269.815832702765, "epsilon": 25.877670661974463, "gamma": 0.08180858322270186}, "datetime": {"datetime": "2021-09-22 19:47:29", "elapsed": 48.03359, "delta": 0.415892}}
{"target": -267.7279671269388, "params": {"C": 17418.811001229573, "epsilon": 12.934879670318407, "gamma": 0.13178253600065695}, "datetime": {"datetime": "2021-09-22 19:47:29", "elapsed": 48.451502, "delta": 0.417912}}
{"target": -154.07318112501835, "params": {"C": 9565.98178287621, "epsilon": 25.43464929354821, "gamma": 0.07306472137983096}, "datetime": {"datetime": "2021-09-22 19:47:29", "elapsed": 48.918205, "delta": 0.466703}}
{"target": -286.68232029608623, "params": {"C": 8862.122695050432, "epsilon": 25.689767785511386, "gamma": 0.13782448535548306}, "datetime": {"datetime": "2021-09-22 19:47:30", "elapsed": 49.360207, "delta": 0.442002}}
{"target": -196.39110821100405, "params": {"C": 12583.182449759672, "epsilon": 13.181771009908124, "gamma": 0.09707383182258388}, "datetime": {"datetime": "2021-09-22 19:47:30", "elapsed": 49.904391, "delta": 0.544184}}
{"target": -198.91557619639397, "params": {"C": 14373.738085398401, "epsilon": 3.369321366853807, "gamma": 0.10082885135907685}, "datetime": {"datetime": "2021-09-22 19:47:31", "elapsed": 50.541457, "delta": 0.637066}}
{"target": -51.39411302639216, "params": {"C": 10129.345962734105, "epsilon": 0.35431942799248783, "gamma": 0.02344769613631201}, "datetime": {"datetime": "2021-09-22 19:47:32", "elapsed": 51.68345, "delta": 1.141993}}
{"target": -268.22011937335714, "params": {"C": 6932.404992368366, "epsilon": 14.817944756152507, "gamma": 0.13144909099165664}, "datetime": {"datetime": "2021-09-22 19:47:33", "elapsed": 52.132584, "delta": 0.449134}}
{"target": -268.47768160075066, "params": {"C": 6788.167458305453, "epsilon": 20.23306138592748, "gamma": 0.13019874992712618}, "datetime": {"datetime": "2021-09-22 19:47:33", "elapsed": 52.575791, "delta": 0.443207}}
{"target": -155.49434413001345, "params": {"C": 11459.73186656107, "epsilon": 1.2673791005706176, "gamma": 0.080618770082023}, "datetime": {"datetime": "2021-09-22 19:47:34", "elapsed": 53.353368, "delta": 0.777577}}
{"target": -51.88963291412894, "params": {"C": 11460.600490292803, "epsilon": 0.37994266120490827, "gamma": 0.024356501589275308}, "datetime": {"datetime": "2021-09-22 19:47:35", "elapsed": 54.672862, "delta": 1.319494}}
{"target": -51.129928932637796, "params": {"C": 12926.555089309626, "epsilon": 26.583737755204552, "gamma": 0.0178044951775145}, "datetime": {"datetime": "2021-09-22 19:47:36", "elapsed": 55.198876, "delta": 0.526014}}
{"target": -91.5892060509901, "params": {"C": 11471.31338468293, "epsilon": 5.543091110064702, "gamma": 0.04746750068458266}, "datetime": {"datetime": "2021-09-22 19:47:37", "elapsed": 56.225606, "delta": 1.02673}}
{"target": -94.95581138557202, "params": {"C": 9836.253643128988, "epsilon": 22.47941561026411, "gamma": 0.043699803743754824}, "datetime": {"datetime": "2021-09-22 19:47:37", "elapsed": 56.832672, "delta": 0.607066}}
{"target": -155.36923024072416, "params": {"C": 7168.836574632439, "epsilon": 5.861662286113862, "gamma": 0.07897024914103638}, "datetime": {"datetime": "2021-09-22 19:47:38", "elapsed": 57.492889, "delta": 0.660217}}
{"target": -144.3625109021954, "params": {"C": 8861.944494074518, "epsilon": 26.472778105109537, "gamma": 0.06825184909449289}, "datetime": {"datetime": "2021-09-22 19:47:39", "elapsed": 57.973424, "delta": 0.480535}}
{"target": -44.05870908225584, "params": {"C": 18935.51105468977, "epsilon": 0.7571372871596778, "gamma": 0.021935157818664716}, "datetime": {"datetime": "2021-09-22 19:47:41", "elapsed": 60.042925, "delta": 2.069501}}
{"target": -49.64495134177138, "params": {"C": 8465.843475696049, "epsilon": 5.950016116731373, "gamma": 0.02083198032610173}, "datetime": {"datetime": "2021-09-22 19:47:41", "elapsed": 60.828025, "delta": 0.7851}}
{"target": -41.26414434881846, "params": {"C": 18658.858332513693, "epsilon": 1.7057733172185197, "gamma": 0.020168707885698703}, "datetime": {"datetime": "2021-09-22 19:47:44", "elapsed": 63.291199, "delta": 2.463174}}
{"target": -117.0026660209972, "params": {"C": 13945.595041844692, "epsilon": 9.771981769921863, "gamma": 0.05938277158143284}, "datetime": {"datetime": "2021-09-22 19:47:45", "elapsed": 64.049109, "delta": 0.75791}}
{"target": -208.52670469741167, "params": {"C": 19197.235615996484, "epsilon": 15.75421024602936, "gamma": 0.10221561875005832}, "datetime": {"datetime": "2021-09-22 19:47:45", "elapsed": 64.536996, "delta": 0.487887}}
{"target": -224.45963548832555, "params": {"C": 15408.43524743485, "epsilon": 6.143553030294305, "gamma": 0.11236211729863542}, "datetime": {"datetime": "2021-09-22 19:47:46", "elapsed": 65.050591, "delta": 0.513595}}
{"target": -79.92074479904569, "params": {"C": 6601.135247985088, "epsilon": 13.278361697616846, "gamma": 0.036247090344385724}, "datetime": {"datetime": "2021-09-22 19:47:46", "elapsed": 65.722027, "delta": 0.671436}}
{"target": -130.40427998941263, "params": {"C": 13937.725129627768, "epsilon": 9.091947920147346, "gamma": 0.06633958731762486}, "datetime": {"datetime": "2021-09-22 19:47:47", "elapsed": 66.412467, "delta": 0.69044}}
{"target": -166.79739384274242, "params": {"C": 9043.254639202776, "epsilon": 9.094340536609796, "gamma": 0.08392208549936502}, "datetime": {"datetime": "2021-09-22 19:47:48", "elapsed": 67.082235, "delta": 0.669768}}
{"target": -108.08240878228696, "params": {"C": 9396.690537950346, "epsilon": 26.592822804530424, "gamma": 0.04936513558413861}, "datetime": {"datetime": "2021-09-22 19:47:48", "elapsed": 67.605449, "delta": 0.523214}}
{"target": -120.30751409245187, "params": {"C": 14378.118113103172, "epsilon": 3.1605607533237006, "gamma": 0.06317239626948881}, "datetime": {"datetime": "2021-09-22 19:47:49", "elapsed": 68.601687, "delta": 0.996238}}
{"target": -290.9479079638104, "params": {"C": 19334.776526544116, "epsilon": 7.70877003656757, "gamma": 0.14400334045927482}, "datetime": {"datetime": "2021-09-22 19:47:50", "elapsed": 69.141671, "delta": 0.539984}}
{"target": -298.895829605617, "params": {"C": 15479.734165782605, "epsilon": 16.981652639445123, "gamma": 0.1459949189424875}, "datetime": {"datetime": "2021-09-22 19:47:50", "elapsed": 69.714713, "delta": 0.573042}}
{"target": -266.8836264699806, "params": {"C": 14377.351224244603, "epsilon": 2.9567529043096874, "gamma": 0.13323951127189543}, "datetime": {"datetime": "2021-09-22 19:47:51", "elapsed": 70.31994, "delta": 0.605227}}
{"target": -135.15133721619262, "params": {"C": 6566.672569725597, "epsilon": 16.028989042372462, "gamma": 0.06590863232737303}, "datetime": {"datetime": "2021-09-22 19:47:51", "elapsed": 70.87094, "delta": 0.551}}
{"target": -285.7671116600826, "params": {"C": 12682.785162850258, "epsilon": 29.27820293435051, "gamma": 0.1364357467452789}, "datetime": {"datetime": "2021-09-22 19:47:52", "elapsed": 71.299939, "delta": 0.428999}}
{"target": -41.10718343680208, "params": {"C": 10233.249646181286, "epsilon": 5.395937830624372, "gamma": 0.016579933523268704}, "datetime": {"datetime": "2021-09-22 19:47:53", "elapsed": 72.580061, "delta": 1.280122}}
{"target": -104.55685031986283, "params": {"C": 19150.96024451861, "epsilon": 28.73216430871409, "gamma": 0.046869027158721155}, "datetime": {"datetime": "2021-09-22 19:47:54", "elapsed": 73.108752, "delta": 0.528691}}
{"target": -75.08209980651336, "params": {"C": 7676.487676694073, "epsilon": 25.809323199132315, "gamma": 0.030770376854430043}, "datetime": {"datetime": "2021-09-22 19:47:54", "elapsed": 73.680788, "delta": 0.572036}}
{"target": -198.5634374578879, "params": {"C": 7444.420980609015, "epsilon": 2.297101437224121, "gamma": 0.10072490238458028}, "datetime": {"datetime": "2021-09-22 19:47:55", "elapsed": 74.382297, "delta": 0.701509}}
{"target": -181.46956112019367, "params": {"C": 18936.041899836237, "epsilon": 0.873895355328934, "gamma": 0.09298237802420802}, "datetime": {"datetime": "2021-09-22 19:47:56", "elapsed": 75.177296, "delta": 0.794999}}
{"target": -45.433764293020374, "params": {"C": 11695.622179425638, "epsilon": 22.049033240287002, "gamma": 0.015759120917213973}, "datetime": {"datetime": "2021-09-22 19:47:56", "elapsed": 75.829255, "delta": 0.651959}}
{"target": -94.83242805027577, "params": {"C": 10233.061807572121, "epsilon": 5.641082664061889, "gamma": 0.04886683014066724}, "datetime": {"datetime": "2021-09-22 19:47:57", "elapsed": 76.839325, "delta": 1.01007}}
{"target": -185.8331125221143, "params": {"C": 9699.390183988879, "epsilon": 14.843160091584803, "gamma": 0.09138971122103431}, "datetime": {"datetime": "2021-09-22 19:47:58", "elapsed": 77.399285, "delta": 0.55996}}
{"target": -117.0677740286878, "params": {"C": 7676.097338235228, "epsilon": 25.71305833065437, "gamma": 0.05432309703197471}, "datetime": {"datetime": "2021-09-22 19:47:59", "elapsed": 78.038729, "delta": 0.639444}}
{"target": -169.22310126181677, "params": {"C": 11732.887515295137, "epsilon": 25.437906376785612, "gamma": 0.08019425083102372}, "datetime": {"datetime": "2021-09-22 19:47:59", "elapsed": 78.574886, "delta": 0.536157}}
{"target": -44.775315696336094, "params": {"C": 15479.203625857495, "epsilon": 15.9830977835049, "gamma": 0.018213598550880766}, "datetime": {"datetime": "2021-09-22 19:48:00", "elapsed": 79.482641, "delta": 0.907755}}
{"target": -280.07955988906434, "params": {"C": 13407.501781132623, "epsilon": 4.3304886086388015, "gamma": 0.13938011039261136}, "datetime": {"datetime": "2021-09-22 19:48:01", "elapsed": 80.029268, "delta": 0.546627}}
{"target": -189.18944118529558, "params": {"C": 17129.596869873152, "epsilon": 15.772234824831, "gamma": 0.09267780931526047}, "datetime": {"datetime": "2021-09-22 19:48:01", "elapsed": 80.717468, "delta": 0.6882}}
{"target": -68.49883569860698, "params": {"C": 14170.40498580797, "epsilon": 16.18994860264309, "gamma": 0.03170440792784532}, "datetime": {"datetime": "2021-09-22 19:48:02", "elapsed": 81.636435, "delta": 0.918967}}
{"target": -68.65263103450047, "params": {"C": 6590.358844757115, "epsilon": 3.728257598693214, "gamma": 0.030708502857563404}, "datetime": {"datetime": "2021-09-22 19:48:03", "elapsed": 82.434738, "delta": 0.798303}}
{"target": -51.10049049984902, "params": {"C": 6590.380712798658, "epsilon": 4.213648146512996, "gamma": 0.019416939746417023}, "datetime": {"datetime": "2021-09-22 19:48:04", "elapsed": 83.336725, "delta": 0.901987}}
{"target": -110.27268315633025, "params": {"C": 19951.716331245596, "epsilon": 28.668628092798052, "gamma": 0.0498512298208775}, "datetime": {"datetime": "2021-09-22 19:48:04", "elapsed": 83.896484, "delta": 0.559759}}
{"target": -53.62995281460962, "params": {"C": 12116.58352539861, "epsilon": 6.402717601363049, "gamma": 0.025077539961672675}, "datetime": {"datetime": "2021-09-22 19:48:06", "elapsed": 85.475483, "delta": 1.578999}}
{"target": -166.9202480007957, "params": {"C": 12926.107214995744, "epsilon": 26.022790885570785, "gamma": 0.07895645504826505}, "datetime": {"datetime": "2021-09-22 19:48:07", "elapsed": 86.1065, "delta": 0.631017}}
{"target": -38.5718484186019, "params": {"C": 8608.210388098878, "epsilon": 10.74181249823418, "gamma": 0.012179485761462045}, "datetime": {"datetime": "2021-09-22 19:48:07", "elapsed": 86.887806, "delta": 0.781306}}
{"target": -176.05077994107418, "params": {"C": 17673.97734979947, "epsilon": 3.688914941635165, "gamma": 0.08989272162697151}, "datetime": {"datetime": "2021-09-22 19:48:08", "elapsed": 87.671761, "delta": 0.783955}}
{"target": -68.41346514069689, "params": {"C": 19148.531835074493, "epsilon": 5.378874228695104, "gamma": 0.035680793838543584}, "datetime": {"datetime": "2021-09-22 19:48:10", "elapsed": 89.337442, "delta": 1.665681}}
{"target": -98.52373402573669, "params": {"C": 12416.67610571907, "epsilon": 24.648889651558452, "gamma": 0.04487758326846387}, "datetime": {"datetime": "2021-09-22 19:48:11", "elapsed": 89.939448, "delta": 0.602006}}
{"target": -277.0011238623841, "params": {"C": 12002.286274675329, "epsilon": 22.28224700223962, "gamma": 0.13388282366095175}, "datetime": {"datetime": "2021-09-22 19:48:11", "elapsed": 90.461774, "delta": 0.522326}}
{"target": -281.50039865075587, "params": {"C": 14375.084913652983, "epsilon": 2.2702241476944063, "gamma": 0.140379967968947}, "datetime": {"datetime": "2021-09-22 19:48:12", "elapsed": 91.121814, "delta": 0.66004}}
{"target": -40.32181893865776, "params": {"C": 13327.898869296117, "epsilon": 0.501032838138522, "gamma": 0.01833787093727718}, "datetime": {"datetime": "2021-09-22 19:48:13", "elapsed": 92.687786, "delta": 1.565972}}
{"target": -137.63472125919677, "params": {"C": 6601.6655576926505, "epsilon": 12.681948522325955, "gamma": 0.0680800425413364}, "datetime": {"datetime": "2021-09-22 19:48:14", "elapsed": 93.51226, "delta": 0.824474}}
{"target": -66.68238230558325, "params": {"C": 9566.103586048452, "epsilon": 25.751499271830234, "gamma": 0.026419476486484697}, "datetime": {"datetime": "2021-09-22 19:48:15", "elapsed": 94.181718, "delta": 0.669458}}
{"target": -119.09647523377464, "params": {"C": 8607.129993464187, "epsilon": 10.1724754152033, "gamma": 0.06007300816489378}, "datetime": {"datetime": "2021-09-22 19:48:16", "elapsed": 94.963082, "delta": 0.781364}}
{"target": -246.78150116881687, "params": {"C": 6355.124507332447, "epsilon": 1.3369247462426836, "gamma": 0.12379632123456426}, "datetime": {"datetime": "2021-09-22 19:48:16", "elapsed": 95.765082, "delta": 0.802}}
{"target": -66.20828289489243, "params": {"C": 6601.790891991685, "epsilon": 12.16932835360314, "gamma": 0.028355636346322724}, "datetime": {"datetime": "2021-09-22 19:48:17", "elapsed": 96.764559, "delta": 0.999477}}
{"target": -43.08943855394857, "params": {"C": 12416.081411583487, "epsilon": 24.505078926305888, "gamma": 0.013766681605724978}, "datetime": {"datetime": "2021-09-22 19:48:18", "elapsed": 97.428568, "delta": 0.664009}}
{"target": -90.99580591351614, "params": {"C": 16025.857353860258, "epsilon": 12.080959993946436, "gamma": 0.04521114990354211}, "datetime": {"datetime": "2021-09-22 19:48:19", "elapsed": 98.277692, "delta": 0.849124}}
{"target": -173.69329306461245, "params": {"C": 12850.276557995767, "epsilon": 1.3605603656267733, "gamma": 0.08935687096580104}, "datetime": {"datetime": "2021-09-22 19:48:20", "elapsed": 99.068523, "delta": 0.790831}}
{"target": -43.936101235189085, "params": {"C": 15782.888822500729, "epsilon": 9.278896384119067, "gamma": 0.01969008267774109}, "datetime": {"datetime": "2021-09-22 19:48:21", "elapsed": 100.176162, "delta": 1.107639}}
{"target": -74.41767158005074, "params": {"C": 12988.692515412371, "epsilon": 6.610827246007058, "gamma": 0.03812034316829417}, "datetime": {"datetime": "2021-09-22 19:48:22", "elapsed": 101.758081, "delta": 1.581919}}
{"target": -89.07139464453192, "params": {"C": 11687.933773187047, "epsilon": 18.54372464944147, "gamma": 0.04205215952774651}, "datetime": {"datetime": "2021-09-22 19:48:23", "elapsed": 102.548331, "delta": 0.79025}}
{"target": -227.8263454470015, "params": {"C": 9592.889197655906, "epsilon": 20.788964336622634, "gamma": 0.11036151185296918}, "datetime": {"datetime": "2021-09-22 19:48:24", "elapsed": 103.113933, "delta": 0.565602}}
{"target": -56.68140748773507, "params": {"C": 14170.09039080336, "epsilon": 16.146404238301525, "gamma": 0.02491921357122211}, "datetime": {"datetime": "2021-09-22 19:48:25", "elapsed": 104.131821, "delta": 1.017888}}
{"target": -144.46936676063012, "params": {"C": 16679.325361602034, "epsilon": 14.467276093491153, "gamma": 0.07150810018280414}, "datetime": {"datetime": "2021-09-22 19:48:26", "elapsed": 104.926495, "delta": 0.794674}}
{"target": -108.59902794930426, "params": {"C": 14297.695383865168, "epsilon": 24.824797279485527, "gamma": 0.0500690571406406}, "datetime": {"datetime": "2021-09-22 19:48:26", "elapsed": 105.60935, "delta": 0.682855}}
{"target": -45.065471245977385, "params": {"C": 14595.558825067998, "epsilon": 7.079950376654213, "gamma": 0.02057895145974058}, "datetime": {"datetime": "2021-09-22 19:48:27", "elapsed": 106.748764, "delta": 1.139414}}
{"target": -77.05168322431449, "params": {"C": 11384.840535217874, "epsilon": 9.338833186591232, "gamma": 0.03837719112912382}, "datetime": {"datetime": "2021-09-22 19:48:28", "elapsed": 107.665494, "delta": 0.91673}}
{"target": -32.3540778910942, "params": {"C": 17674.316589582573, "epsilon": 3.626446975068061, "gamma": 0.014254411580332532}, "datetime": {"datetime": "2021-09-22 19:48:30", "elapsed": 109.417368, "delta": 1.751874}}
{"target": -304.11491453764665, "params": {"C": 12813.857791337496, "epsilon": 25.020058659658446, "gamma": 0.14665718911850045}, "datetime": {"datetime": "2021-09-22 19:48:31", "elapsed": 109.981723, "delta": 0.564355}}
{"target": -138.10924429958578, "params": {"C": 17879.58553425931, "epsilon": 4.514219013215698, "gamma": 0.07131548021163552}, "datetime": {"datetime": "2021-09-22 19:48:32", "elapsed": 110.927452, "delta": 0.945729}}
{"target": -276.8769287049754, "params": {"C": 15480.104879518252, "epsilon": 16.2996028589164, "gamma": 0.13538932256904498}, "datetime": {"datetime": "2021-09-22 19:48:32", "elapsed": 111.634247, "delta": 0.706795}}
{"target": -227.72237081637056, "params": {"C": 12116.43861420767, "epsilon": 5.992392225688399, "gamma": 0.11413911058037696}, "datetime": {"datetime": "2021-09-22 19:48:33", "elapsed": 112.55443, "delta": 0.920183}}
{"target": -45.72341516847462, "params": {"C": 10924.98186430524, "epsilon": 7.051405671367427, "gamma": 0.01973610618466376}, "datetime": {"datetime": "2021-09-22 19:48:35", "elapsed": 113.98148, "delta": 1.42705}}
{"target": -243.3938485852909, "params": {"C": 14229.477172989737, "epsilon": 16.015539738407153, "gamma": 0.11928755302594153}, "datetime": {"datetime": "2021-09-22 19:48:35", "elapsed": 114.594004, "delta": 0.612524}}
{"target": -156.87531488932814, "params": {"C": 15783.558555538179, "epsilon": 9.689008399934474, "gamma": 0.07891416474910108}, "datetime": {"datetime": "2021-09-22 19:48:36", "elapsed": 115.450538, "delta": 0.856534}}
{"target": -286.26352577040706, "params": {"C": 12416.65991203835, "epsilon": 24.418117555395416, "gamma": 0.13792700545702472}, "datetime": {"datetime": "2021-09-22 19:48:37", "elapsed": 116.109345, "delta": 0.658807}}
{"target": -296.9495807967474, "params": {"C": 11688.301848493491, "epsilon": 18.49423794574554, "gamma": 0.14468652353703312}, "datetime": {"datetime": "2021-09-22 19:48:37", "elapsed": 116.803553, "delta": 0.694208}}
{"target": -136.69295364487996, "params": {"C": 6601.879460160035, "epsilon": 12.052777391787151, "gamma": 0.06778247993622277}, "datetime": {"datetime": "2021-09-22 19:48:38", "elapsed": 117.534254, "delta": 0.730701}}
{"target": -88.1063192290712, "params": {"C": 9566.58996615487, "epsilon": 26.026722235444694, "gamma": 0.03865108923124683}, "datetime": {"datetime": "2021-09-22 19:48:39", "elapsed": 118.306087, "delta": 0.771833}}
{"target": -57.37613971700927, "params": {"C": 7882.193467200461, "epsilon": 28.5887396018552, "gamma": 0.019600850001038558}, "datetime": {"datetime": "2021-09-22 19:48:40", "elapsed": 119.087708, "delta": 0.781621}}
{"target": -47.7727437412057, "params": {"C": 6194.387897334904, "epsilon": 22.404133438710456, "gamma": 0.013120533312454198}, "datetime": {"datetime": "2021-09-22 19:48:40", "elapsed": 119.697184, "delta": 0.609476}}
