{"target": -351.9428367796052, "params": {"C": 8341.023072046777, "epsilon": 21.637702353920528, "gamma": 0.00015717597119070884}, "datetime": {"datetime": "2021-09-22 20:15:31", "elapsed": 0.0, "delta": 0.0}}
{"target": -262.73296224267335, "params": {"C": 6047.349120064164, "epsilon": 4.48800113543168, "gamma": 0.04626006352492203}, "datetime": {"datetime": "2021-09-22 20:15:31", "elapsed": 0.118043, "delta": 0.118043}}
{"target": -1033.442555056726, "params": {"C": 3726.0179673420403, "epsilon": 10.432265738587127, "gamma": 0.1984440603679119}, "datetime": {"datetime": "2021-09-22 20:15:31", "elapsed": 0.19465, "delta": 0.076607}}
{"target": -1333.2451806022168, "params": {"C": 10776.795863333136, "epsilon": 12.633915980658514, "gamma": 0.3426412282483401}, "datetime": {"datetime": "2021-09-22 20:15:31", "elapsed": 0.2702, "delta": 0.07555}}
{"target": -85.33196053563836, "params": {"C": 4089.840542380617, "epsilon": 26.35571134808927, "gamma": 0.01379105783964329}, "datetime": {"datetime": "2021-09-22 20:15:31", "elapsed": 0.395208, "delta": 0.125008}}
{"target": -1239.9437146026626, "params": {"C": 13409.679736057866, "epsilon": 12.577413590777095, "gamma": 0.2793890452400313}, "datetime": {"datetime": "2021-09-22 20:15:31", "elapsed": 0.469647, "delta": 0.074439}}
{"target": -1425.616322647615, "params": {"C": 8340.876133761569, "epsilon": 23.8696970395388, "gamma": 0.447830919061151}, "datetime": {"datetime": "2021-09-22 20:15:31", "elapsed": 0.591321, "delta": 0.121674}}
{"target": -487.0261234785969, "params": {"C": 10646.426108428028, "epsilon": 23.64278186320725, "gamma": 0.0875323974128959}, "datetime": {"datetime": "2021-09-22 20:15:32", "elapsed": 0.732359, "delta": 0.141038}}
{"target": -1365.5834779513905, "params": {"C": 11917.29305680798, "epsilon": 7.904644758189984, "gamma": 0.37338980511294195}, "datetime": {"datetime": "2021-09-22 20:15:32", "elapsed": 0.873315, "delta": 0.140956}}
{"target": -1439.5570707252343, "params": {"C": 4551.069845225385, "epsilon": 4.752140921907701, "gamma": 0.4736569951934759}, "datetime": {"datetime": "2021-09-22 20:15:32", "elapsed": 1.012318, "delta": 0.139003}}
{"target": -539.844300553788, "params": {"C": 14525.394781572522, "epsilon": 21.88549921413569, "gamma": 0.09742454698797938}, "datetime": {"datetime": "2021-09-22 20:15:32", "elapsed": 1.169316, "delta": 0.156998}}
{"target": -1146.8557859204986, "params": {"C": 9405.463566830816, "epsilon": 12.762432069817482, "gamma": 0.2360091438864359}, "datetime": {"datetime": "2021-09-22 20:15:32", "elapsed": 1.331422, "delta": 0.162106}}
{"target": -1146.6369881677679, "params": {"C": 19108.956065248367, "epsilon": 19.955735333677225, "gamma": 0.23541324790059825}, "datetime": {"datetime": "2021-09-22 20:15:32", "elapsed": 1.472423, "delta": 0.141001}}
{"target": -1450.269554320034, "params": {"C": 9775.16572477419, "epsilon": 25.251242344594992, "gamma": 0.48953631233845213}, "datetime": {"datetime": "2021-09-22 20:15:32", "elapsed": 1.626469, "delta": 0.154046}}
{"target": -1412.512995169013, "params": {"C": 6450.132715977633, "epsilon": 22.929709918441578, "gamma": 0.4284951366218496}, "datetime": {"datetime": "2021-09-22 20:15:33", "elapsed": 1.771426, "delta": 0.144957}}
{"target": -1430.5369642935343, "params": {"C": 17099.092520269343, "epsilon": 21.608626449290448, "gamma": 0.455994264712609}, "datetime": {"datetime": "2021-09-22 20:15:33", "elapsed": 1.909422, "delta": 0.137996}}
{"target": -1010.259500152565, "params": {"C": 13542.553413826903, "epsilon": 16.482540176841805, "gamma": 0.1916662626526385}, "datetime": {"datetime": "2021-09-22 20:15:33", "elapsed": 2.059425, "delta": 0.150003}}
{"target": -879.7564295859125, "params": {"C": 2815.9812639607035, "epsilon": 4.267448751258501, "gamma": 0.158484472694422}, "datetime": {"datetime": "2021-09-22 20:15:33", "elapsed": 2.209109, "delta": 0.149684}}
{"target": -191.8418458197248, "params": {"C": 5480.735353215074, "epsilon": 22.954017274388562, "gamma": 0.033528585775591487}, "datetime": {"datetime": "2021-09-22 20:15:33", "elapsed": 2.391432, "delta": 0.182323}}
{"target": -784.6743420867205, "params": {"C": 18786.651857613077, "epsilon": 28.503476749713883, "gamma": 0.1396377987280291}, "datetime": {"datetime": "2021-09-22 20:15:33", "elapsed": 2.540459, "delta": 0.149027}}
{"target": -331.49401990067685, "params": {"C": 11964.442165876768, "epsilon": 3.469791513554063, "gamma": 0.05847707709124546}, "datetime": {"datetime": "2021-09-22 20:15:34", "elapsed": 2.720711, "delta": 0.180252}}
{"target": -1314.1243491075259, "params": {"C": 12272.879589696953, "epsilon": 16.76601767967067, "gamma": 0.3268380994588597}, "datetime": {"datetime": "2021-09-22 20:15:34", "elapsed": 2.869756, "delta": 0.149045}}
{"target": -1592.885378992427, "params": {"C": 337.2364879202182, "epsilon": 7.82486942623078, "gamma": 0.40031229437656174}, "datetime": {"datetime": "2021-09-22 20:15:34", "elapsed": 3.045714, "delta": 0.175958}}
{"target": -1400.7616992523851, "params": {"C": 6247.208438547221, "epsilon": 16.43312498588786, "gamma": 0.41339645565763067}, "datetime": {"datetime": "2021-09-22 20:15:34", "elapsed": 3.197759, "delta": 0.152045}}
{"target": -1246.4938261612886, "params": {"C": 9279.768621196066, "epsilon": 4.161864397575123, "gamma": 0.283709919182966}, "datetime": {"datetime": "2021-09-22 20:15:34", "elapsed": 3.38172, "delta": 0.183961}}
{"target": -1446.9662556830224, "params": {"C": 18228.117558292568, "epsilon": 18.71796930081114, "gamma": 0.4846439526393605}, "datetime": {"datetime": "2021-09-22 20:15:34", "elapsed": 3.553716, "delta": 0.171996}}
{"target": -1279.548302128431, "params": {"C": 16081.112046025426, "epsilon": 9.60698898367243, "gamma": 0.30330405660208276}, "datetime": {"datetime": "2021-09-22 20:15:35", "elapsed": 3.749355, "delta": 0.195639}}
{"target": -1342.690525390459, "params": {"C": 4601.606928415486, "epsilon": 2.0371258442675813, "gamma": 0.3519524391442025}, "datetime": {"datetime": "2021-09-22 20:15:35", "elapsed": 3.921349, "delta": 0.171994}}
{"target": -1421.3988622730535, "params": {"C": 17161.889635703767, "epsilon": 25.616236593189765, "gamma": 0.4411043992145253}, "datetime": {"datetime": "2021-09-22 20:15:35", "elapsed": 4.105352, "delta": 0.184003}}
{"target": -1052.5109434476783, "params": {"C": 11969.738890662422, "epsilon": 3.5424260463193886, "gamma": 0.20464470859616257}, "datetime": {"datetime": "2021-09-22 20:15:35", "elapsed": 4.284378, "delta": 0.179026}}
{"target": -823.3107508317416, "params": {"C": 16784.240326679235, "epsilon": 12.6134633132852, "gamma": 0.1481150997452532}, "datetime": {"datetime": "2021-09-22 20:15:35", "elapsed": 4.473603, "delta": 0.189225}}
{"target": -1375.7762652057966, "params": {"C": 6163.2756654674195, "epsilon": 25.73448074006055, "gamma": 0.38237338200140786}, "datetime": {"datetime": "2021-09-22 20:15:35", "elapsed": 4.651281, "delta": 0.177678}}
{"target": -621.766999379179, "params": {"C": 6549.790089734113, "epsilon": 16.586751022505084, "gamma": 0.11161165882355817}, "datetime": {"datetime": "2021-09-22 20:15:36", "elapsed": 4.864229, "delta": 0.212948}}
{"target": -263.4362315374493, "params": {"C": 860.7969537093654, "epsilon": 12.504402357704922, "gamma": 0.002745257348232658}, "datetime": {"datetime": "2021-09-22 20:15:36", "elapsed": 5.129249, "delta": 0.26502}}
{"target": -1088.5013341417139, "params": {"C": 2294.8985602627895, "epsilon": 19.011215269936006, "gamma": 0.20503483255617577}, "datetime": {"datetime": "2021-09-22 20:15:36", "elapsed": 5.324286, "delta": 0.195037}}
{"target": -1352.3443541824322, "params": {"C": 2769.921728968453, "epsilon": 13.186855282304963, "gamma": 0.347566937592731}, "datetime": {"datetime": "2021-09-22 20:15:36", "elapsed": 5.525751, "delta": 0.201465}}
{"target": -1219.5128104610503, "params": {"C": 4366.081539540547, "epsilon": 22.267096691264975, "gamma": 0.26773542947936174}, "datetime": {"datetime": "2021-09-22 20:15:37", "elapsed": 5.734593, "delta": 0.208842}}
{"target": -1026.042061619367, "params": {"C": 2064.9221589486883, "epsilon": 1.8087511503632996, "gamma": 0.18488607449769479}, "datetime": {"datetime": "2021-09-22 20:15:37", "elapsed": 5.960194, "delta": 0.225601}}
{"target": -213.10498945823988, "params": {"C": 8738.875224196729, "epsilon": 5.8848278997703956, "gamma": 0.03797538099947894}, "datetime": {"datetime": "2021-09-22 20:15:37", "elapsed": 6.285234, "delta": 0.32504}}
{"target": -1413.7385166743136, "params": {"C": 844.3967608310836, "epsilon": 3.5934623866522046, "gamma": 0.25093179127527027}, "datetime": {"datetime": "2021-09-22 20:15:37", "elapsed": 6.589917, "delta": 0.304683}}
{"target": -191.61988711381406, "params": {"C": 4090.016696988101, "epsilon": 26.71960697418978, "gamma": 0.032947127193614284}, "datetime": {"datetime": "2021-09-22 20:15:38", "elapsed": 6.837105, "delta": 0.247188}}
{"target": -1483.778394864101, "params": {"C": 859.7530185379683, "epsilon": 11.591990062185564, "gamma": 0.31522318806072624}, "datetime": {"datetime": "2021-09-22 20:15:38", "elapsed": 7.052072, "delta": 0.214967}}
{"target": -464.25891902703484, "params": {"C": 4090.593961691099, "epsilon": 25.68982615834315, "gamma": 0.08281948216330051}, "datetime": {"datetime": "2021-09-22 20:15:38", "elapsed": 7.26706, "delta": 0.214988}}
{"target": -1362.6421026967466, "params": {"C": 8739.91439485751, "epsilon": 6.751327387696883, "gamma": 0.3705008663355314}, "datetime": {"datetime": "2021-09-22 20:15:38", "elapsed": 7.504108, "delta": 0.237048}}
{"target": -1115.2153198557653, "params": {"C": 11964.30025420777, "epsilon": 2.2848588927245936, "gamma": 0.22496969069414235}, "datetime": {"datetime": "2021-09-22 20:15:39", "elapsed": 7.791105, "delta": 0.286997}}
{"target": -92.21201398502137, "params": {"C": 5482.394990211331, "epsilon": 20.51592446829337, "gamma": 0.015597865358957344}, "datetime": {"datetime": "2021-09-22 20:15:39", "elapsed": 8.150277, "delta": 0.359172}}
{"target": -757.0780225286064, "params": {"C": 5483.601128827865, "epsilon": 21.411875022594415, "gamma": 0.13488658567752415}, "datetime": {"datetime": "2021-09-22 20:15:39", "elapsed": 8.398566, "delta": 0.248289}}
{"target": -956.3980899873842, "params": {"C": 14525.517724306927, "epsilon": 21.221350325476998, "gamma": 0.177312553635072}, "datetime": {"datetime": "2021-09-22 20:15:39", "elapsed": 8.665236, "delta": 0.26667}}
{"target": -360.91381374500577, "params": {"C": 8341.766809538332, "epsilon": 20.746018467272563, "gamma": 0.06309415513266807}, "datetime": {"datetime": "2021-09-22 20:15:40", "elapsed": 8.921775, "delta": 0.256539}}
{"target": -127.53953992098813, "params": {"C": 5479.053179158822, "epsilon": 22.863331183217852, "gamma": 0.022169498211760084}, "datetime": {"datetime": "2021-09-22 20:15:40", "elapsed": 9.219822, "delta": 0.298047}}
{"target": -1255.8286530045164, "params": {"C": 5480.293448052354, "epsilon": 22.43293854341599, "gamma": 0.28760367095769046}, "datetime": {"datetime": "2021-09-22 20:15:40", "elapsed": 9.470061, "delta": 0.250239}}
{"target": -893.8550462290361, "params": {"C": 1671.1853759584649, "epsilon": 6.147833385491696, "gamma": 0.1489816119172186}, "datetime": {"datetime": "2021-09-22 20:15:40", "elapsed": 9.7002, "delta": 0.230139}}
{"target": -355.52765835495774, "params": {"C": 1332.8085505057618, "epsilon": 15.307638194571071, "gamma": 0.05419860917260412}, "datetime": {"datetime": "2021-09-22 20:15:41", "elapsed": 9.936204, "delta": 0.236004}}
{"target": -1107.2407391552533, "params": {"C": 7177.906977954412, "epsilon": 4.054812378308467, "gamma": 0.2220717252727262}, "datetime": {"datetime": "2021-09-22 20:15:41", "elapsed": 10.177202, "delta": 0.240998}}
{"target": -1305.8136127238574, "params": {"C": 13106.566985420914, "epsilon": 7.554185276988381, "gamma": 0.32146095919294915}, "datetime": {"datetime": "2021-09-22 20:15:41", "elapsed": 10.42421, "delta": 0.247008}}
{"target": -1428.637673316012, "params": {"C": 19839.280390407534, "epsilon": 25.747870366431812, "gamma": 0.45235060018206186}, "datetime": {"datetime": "2021-09-22 20:15:41", "elapsed": 10.667207, "delta": 0.242997}}
{"target": -865.1586111913581, "params": {"C": 5483.735720505777, "epsilon": 22.890613470307937, "gamma": 0.15617992516864757}, "datetime": {"datetime": "2021-09-22 20:15:42", "elapsed": 10.92325, "delta": 0.256043}}
{"target": -1127.587469944835, "params": {"C": 5483.05349160638, "epsilon": 20.482105221304785, "gamma": 0.22818247696278413}, "datetime": {"datetime": "2021-09-22 20:15:42", "elapsed": 11.173275, "delta": 0.250025}}
{"target": -1280.3231935142971, "params": {"C": 16784.72337543764, "epsilon": 12.32760909408003, "gamma": 0.3035809417188424}, "datetime": {"datetime": "2021-09-22 20:15:42", "elapsed": 11.415315, "delta": 0.24204}}
{"target": -1479.4578292719254, "params": {"C": 2173.6821647464053, "epsilon": 24.480838325211895, "gamma": 0.4873173338800133}, "datetime": {"datetime": "2021-09-22 20:15:42", "elapsed": 11.656289, "delta": 0.240974}}
{"target": -1068.6680870395564, "params": {"C": 17435.068289557552, "epsilon": 5.439995641394417, "gamma": 0.20945122232744687}, "datetime": {"datetime": "2021-09-22 20:15:43", "elapsed": 11.897923, "delta": 0.241634}}
{"target": -760.1216231217663, "params": {"C": 1332.5710446599196, "epsilon": 14.956782864209833, "gamma": 0.1192082059885141}, "datetime": {"datetime": "2021-09-22 20:15:43", "elapsed": 12.205926, "delta": 0.308003}}
{"target": -341.9599228612253, "params": {"C": 11964.216902974791, "epsilon": 3.514602364824242, "gamma": 0.06037123132123483}, "datetime": {"datetime": "2021-09-22 20:15:43", "elapsed": 12.52489, "delta": 0.318964}}
{"target": -1193.813776352549, "params": {"C": 11351.475660801803, "epsilon": 8.332228688445435, "gamma": 0.25626931589386714}, "datetime": {"datetime": "2021-09-22 20:15:44", "elapsed": 12.76992, "delta": 0.24503}}
{"target": -150.3646796122927, "params": {"C": 19050.736091835657, "epsilon": 7.532669979232977, "gamma": 0.027409140101621824}, "datetime": {"datetime": "2021-09-22 20:15:44", "elapsed": 13.137833, "delta": 0.367913}}
{"target": -1127.1295178388277, "params": {"C": 10647.313541659829, "epsilon": 22.810654309101068, "gamma": 0.22785350179489142}, "datetime": {"datetime": "2021-09-22 20:15:44", "elapsed": 13.440026, "delta": 0.302193}}
{"target": -470.9300327035345, "params": {"C": 5482.146238714281, "epsilon": 23.3373702891694, "gamma": 0.08445639977512868}, "datetime": {"datetime": "2021-09-22 20:15:45", "elapsed": 13.749892, "delta": 0.309866}}
{"target": -437.8949310845609, "params": {"C": 1725.8765529524098, "epsilon": 16.461455931133315, "gamma": 0.07260124678263709}, "datetime": {"datetime": "2021-09-22 20:15:45", "elapsed": 14.059046, "delta": 0.309154}}
{"target": -1331.7307352700175, "params": {"C": 6589.55911675433, "epsilon": 21.4290014290743, "gamma": 0.34049782968728237}, "datetime": {"datetime": "2021-09-22 20:15:45", "elapsed": 14.318143, "delta": 0.259097}}
{"target": -670.70087940544, "params": {"C": 5481.992833076229, "epsilon": 20.55630036602269, "gamma": 0.0001}, "datetime": {"datetime": "2021-09-22 20:15:45", "elapsed": 14.685759, "delta": 0.367616}}
{"target": -1391.0419887764056, "params": {"C": 8342.907266328328, "epsilon": 22.414919238887617, "gamma": 0.4004988331166976}, "datetime": {"datetime": "2021-09-22 20:15:46", "elapsed": 15.028464, "delta": 0.342705}}
{"target": -1406.8445536396546, "params": {"C": 5482.476843205787, "epsilon": 22.57701471304136, "gamma": 0.42069600698109527}, "datetime": {"datetime": "2021-09-22 20:15:46", "elapsed": 15.359046, "delta": 0.330582}}
{"target": -807.9568195133996, "params": {"C": 4347.35476386861, "epsilon": 8.523916051347513, "gamma": 0.1453042361310537}, "datetime": {"datetime": "2021-09-22 20:15:47", "elapsed": 15.733047, "delta": 0.374001}}
{"target": -457.6098216862624, "params": {"C": 11963.567797906244, "epsilon": 4.907744191620061, "gamma": 0.08281213965595492}, "datetime": {"datetime": "2021-09-22 20:15:47", "elapsed": 16.117045, "delta": 0.383998}}
{"target": -1046.7729725554548, "params": {"C": 10114.943570443604, "epsilon": 29.699469238863987, "gamma": 0.20128373389933302}, "datetime": {"datetime": "2021-09-22 20:15:47", "elapsed": 16.430917, "delta": 0.313872}}
{"target": -376.50383051931817, "params": {"C": 8738.442758217327, "epsilon": 6.43142610538539, "gamma": 0.06665112955573016}, "datetime": {"datetime": "2021-09-22 20:15:48", "elapsed": 16.792913, "delta": 0.361996}}
{"target": -1251.5190475606842, "params": {"C": 9167.298654553251, "epsilon": 29.08151949043668, "gamma": 0.2845651284182347}, "datetime": {"datetime": "2021-09-22 20:15:48", "elapsed": 17.101783, "delta": 0.30887}}
{"target": -1389.973603122556, "params": {"C": 1725.359079463357, "epsilon": 15.620058145985707, "gamma": 0.3279003389892159}, "datetime": {"datetime": "2021-09-22 20:15:48", "elapsed": 17.400749, "delta": 0.298966}}
{"target": -50.95774400484138, "params": {"C": 2690.2178384479344, "epsilon": 28.165264017833984, "gamma": 0.004834668973535418}, "datetime": {"datetime": "2021-09-22 20:15:48", "elapsed": 17.666787, "delta": 0.266038}}
{"target": -1297.1526213780314, "params": {"C": 6361.456660146398, "epsilon": 24.202086328441354, "gamma": 0.3137856340786686}, "datetime": {"datetime": "2021-09-22 20:15:49", "elapsed": 17.986753, "delta": 0.319966}}
{"target": -1214.4738097071966, "params": {"C": 3536.2982778119313, "epsilon": 6.355479650325365, "gamma": 0.26534715382926516}, "datetime": {"datetime": "2021-09-22 20:15:49", "elapsed": 18.280785, "delta": 0.294032}}
{"target": -1238.4055109593266, "params": {"C": 16508.433887670533, "epsilon": 3.6847673913331076, "gamma": 0.2791985972828976}, "datetime": {"datetime": "2021-09-22 20:15:49", "elapsed": 18.577802, "delta": 0.297017}}
{"target": -1430.9919912972591, "params": {"C": 14203.803532001006, "epsilon": 13.74335316284409, "gamma": 0.4578669619325517}, "datetime": {"datetime": "2021-09-22 20:15:50", "elapsed": 18.865318, "delta": 0.287516}}
{"target": -1409.4502894589123, "params": {"C": 6550.23783156951, "epsilon": 16.394468846013822, "gamma": 0.4250576420228267}, "datetime": {"datetime": "2021-09-22 20:15:50", "elapsed": 19.222917, "delta": 0.357599}}
{"target": -1272.2972364360444, "params": {"C": 11915.261798087504, "epsilon": 28.5173904491479, "gamma": 0.29709645326630457}, "datetime": {"datetime": "2021-09-22 20:15:50", "elapsed": 19.505958, "delta": 0.283041}}
{"target": -1222.0038144635973, "params": {"C": 16622.076969339745, "epsilon": 25.225868774254252, "gamma": 0.2687907348834005}, "datetime": {"datetime": "2021-09-22 20:15:51", "elapsed": 19.805924, "delta": 0.299966}}
{"target": -1258.864818410757, "params": {"C": 8341.941897115725, "epsilon": 19.27799932844583, "gamma": 0.289655168215014}, "datetime": {"datetime": "2021-09-22 20:15:51", "elapsed": 20.168874, "delta": 0.36295}}
{"target": -1385.791240651762, "params": {"C": 15852.648352951814, "epsilon": 4.313003497692623, "gamma": 0.3961515742096213}, "datetime": {"datetime": "2021-09-22 20:15:51", "elapsed": 20.470423, "delta": 0.301549}}
{"target": -1378.391150783879, "params": {"C": 11963.792802871458, "epsilon": 4.551133581287494, "gamma": 0.3875564736382414}, "datetime": {"datetime": "2021-09-22 20:15:52", "elapsed": 20.815353, "delta": 0.34493}}
{"target": -430.8540238197791, "params": {"C": 7800.824633952017, "epsilon": 1.155180940847281, "gamma": 0.07750967814134262}, "datetime": {"datetime": "2021-09-22 20:15:52", "elapsed": 21.151755, "delta": 0.336402}}
{"target": -1384.0013994673332, "params": {"C": 1334.0085749282007, "epsilon": 14.86960411253853, "gamma": 0.2890918312170605}, "datetime": {"datetime": "2021-09-22 20:15:52", "elapsed": 21.490332, "delta": 0.338577}}
{"target": -236.82921657194834, "params": {"C": 7816.555673962364, "epsilon": 5.623195118868332, "gamma": 0.04191940813727778}, "datetime": {"datetime": "2021-09-22 20:15:53", "elapsed": 21.832207, "delta": 0.341875}}
{"target": -750.9322992793935, "params": {"C": 11965.143900130108, "epsilon": 2.6677619162237005, "gamma": 0.1348146176670839}, "datetime": {"datetime": "2021-09-22 20:15:53", "elapsed": 22.226249, "delta": 0.394042}}
{"target": -374.6087331453482, "params": {"C": 8340.876015649075, "epsilon": 20.574341342103605, "gamma": 0.06569552137160142}, "datetime": {"datetime": "2021-09-22 20:15:53", "elapsed": 22.628858, "delta": 0.402609}}
{"target": -1167.2227525823637, "params": {"C": 2690.258954608806, "epsilon": 27.298838679763094, "gamma": 0.23653980904790495}, "datetime": {"datetime": "2021-09-22 20:15:54", "elapsed": 23.030898, "delta": 0.40204}}
{"target": -1375.720230456165, "params": {"C": 18787.964637343593, "epsilon": 28.13669965815039, "gamma": 0.3820541675095087}, "datetime": {"datetime": "2021-09-22 20:15:54", "elapsed": 23.47304, "delta": 0.442142}}
{"target": -1274.9369088962414, "params": {"C": 7817.301115764049, "epsilon": 5.774212301949858, "gamma": 0.30066354081672403}, "datetime": {"datetime": "2021-09-22 20:15:55", "elapsed": 23.846637, "delta": 0.373597}}
{"target": -585.3202523385324, "params": {"C": 1725.3983502767485, "epsilon": 17.207476913853643, "gamma": 0.09941817815592337}, "datetime": {"datetime": "2021-09-22 20:15:55", "elapsed": 24.252446, "delta": 0.405809}}
{"target": -1415.7868203614844, "params": {"C": 19050.787502393807, "epsilon": 7.709622743133824, "gamma": 0.43518198156308074}, "datetime": {"datetime": "2021-09-22 20:15:55", "elapsed": 24.63489, "delta": 0.382444}}
{"target": -1229.34263095948, "params": {"C": 13242.931917015898, "epsilon": 25.877670661974463, "gamma": 0.27258913110759614}, "datetime": {"datetime": "2021-09-22 20:15:56", "elapsed": 24.972653, "delta": 0.337763}}
{"target": -1419.0156557074095, "params": {"C": 16312.771515256441, "epsilon": 12.934879670318407, "gamma": 0.43924676282006947}, "datetime": {"datetime": "2021-09-22 20:15:56", "elapsed": 25.301654, "delta": 0.329001}}
