{"target": -51.62642681432716, "params": {"C": 7038.90271050549, "epsilon": 0.35921937122849745, "gamma": 0.009205247741289594}, "datetime": {"datetime": "2021-09-22 20:39:34", "elapsed": 104.765157, "delta": 0.89122}}
{"target": -175.4314927720051, "params": {"C": 9424.515206912252, "epsilon": 0.46161283413273413, "gamma": 0.031950446177003065}, "datetime": {"datetime": "2021-09-22 20:39:35", "elapsed": 105.620498, "delta": 0.855341}}
{"target": -77.33568538406853, "params": {"C": 11102.854085203482, "epsilon": 21.675746377385277, "gamma": 0.01282241082426168}, "datetime": {"datetime": "2021-09-22 20:39:35", "elapsed": 106.371162, "delta": 0.750664}}
{"target": -68.70353265930159, "params": {"C": 19494.362308442967, "epsilon": 16.860343240522337, "gamma": 0.011599266767801441}, "datetime": {"datetime": "2021-09-22 20:39:36", "elapsed": 107.138336, "delta": 0.767174}}
{"target": -273.71416088027166, "params": {"C": 8820.093788166336, "epsilon": 24.925768278359545, "gamma": 0.04741489270389482}, "datetime": {"datetime": "2021-09-22 20:39:37", "elapsed": 107.848503, "delta": 0.710167}}
{"target": -173.55595150065915, "params": {"C": 13890.701565705831, "epsilon": 24.585512715548493, "gamma": 0.030536210225894225}, "datetime": {"datetime": "2021-09-22 20:39:37", "elapsed": 108.474379, "delta": 0.625876}}
{"target": -268.52360738129346, "params": {"C": 10862.18661241624, "epsilon": 5.137156717326768, "gamma": 0.04728855063768615}, "datetime": {"datetime": "2021-09-22 20:39:38", "elapsed": 109.185761, "delta": 0.711382}}
{"target": -197.34917164249597, "params": {"C": 19626.93204747516, "epsilon": 14.204794435241073, "gamma": 0.03498758211260714}, "datetime": {"datetime": "2021-09-22 20:39:39", "elapsed": 109.847966, "delta": 0.662205}}
{"target": -246.22848912489317, "params": {"C": 10383.130647257742, "epsilon": 4.310979019892661, "gamma": 0.04355991718354242}, "datetime": {"datetime": "2021-09-22 20:39:39", "elapsed": 110.574587, "delta": 0.726621}}
{"target": -29.749211288021414, "params": {"C": 8259.251249367684, "epsilon": 7.430410670759159, "gamma": 0.004756143823605415}, "datetime": {"datetime": "2021-09-22 20:39:41", "elapsed": 111.667513, "delta": 1.092926}}
{"target": -50.53979325633037, "params": {"C": 9682.357782256713, "epsilon": 24.120583653538134, "gamma": 0.007692515930582788}, "datetime": {"datetime": "2021-09-22 20:39:41", "elapsed": 112.341906, "delta": 0.674393}}
{"target": -133.65320501427107, "params": {"C": 15741.644149726386, "epsilon": 11.777255794595703, "gamma": 0.024212540245050363}, "datetime": {"datetime": "2021-09-22 20:39:42", "elapsed": 113.200451, "delta": 0.858545}}
{"target": -101.12362415242818, "params": {"C": 12101.077796996937, "epsilon": 19.959098387932585, "gamma": 0.017674331881886867}, "datetime": {"datetime": "2021-09-22 20:39:43", "elapsed": 113.929616, "delta": 0.729165}}
{"target": -188.65883692016914, "params": {"C": 14209.465559721102, "epsilon": 7.198292684475499, "gamma": 0.03386757069421027}, "datetime": {"datetime": "2021-09-22 20:39:44", "elapsed": 114.647947, "delta": 0.718331}}
{"target": -242.0507571840969, "params": {"C": 17476.60900025138, "epsilon": 15.648481664696897, "gamma": 0.042434592232908644}, "datetime": {"datetime": "2021-09-22 20:39:44", "elapsed": 115.278358, "delta": 0.630411}}
{"target": -246.06474541844304, "params": {"C": 6111.261530437779, "epsilon": 21.640898132155783, "gamma": 0.04287751574937964}, "datetime": {"datetime": "2021-09-22 20:39:45", "elapsed": 115.999135, "delta": 0.720777}}
{"target": -137.31100815738506, "params": {"C": 7440.765861478389, "epsilon": 3.049274888499573, "gamma": 0.025137782832727978}, "datetime": {"datetime": "2021-09-22 20:39:46", "elapsed": 116.850354, "delta": 0.851219}}
{"target": -109.4642634646232, "params": {"C": 14391.002399002644, "epsilon": 24.30540390486104, "gamma": 0.01901233076719878}, "datetime": {"datetime": "2021-09-22 20:39:47", "elapsed": 117.632824, "delta": 0.78247}}
{"target": -165.09814536938057, "params": {"C": 13913.266896696172, "epsilon": 0.5086335675204335, "gamma": 0.030263876043453583}, "datetime": {"datetime": "2021-09-22 20:39:47", "elapsed": 118.418529, "delta": 0.785705}}
{"target": -230.27308226459334, "params": {"C": 8751.385128452619, "epsilon": 7.109852959080165, "gamma": 0.04078760985801519}, "datetime": {"datetime": "2021-09-22 20:39:48", "elapsed": 119.088352, "delta": 0.669823}}
{"target": -10.707142335217961, "params": {"C": 18002.854380926594, "epsilon": 10.426929043432908, "gamma": 0.000774971533498468}, "datetime": {"datetime": "2021-09-22 20:39:49", "elapsed": 119.740893, "delta": 0.652541}}
{"target": -274.5356003928796, "params": {"C": 7777.253516892193, "epsilon": 12.956649168933621, "gamma": 0.04800117526390682}, "datetime": {"datetime": "2021-09-22 20:39:49", "elapsed": 120.437316, "delta": 0.696423}}
{"target": -153.3012014488337, "params": {"C": 6745.148943300098, "epsilon": 19.799999753271592, "gamma": 0.027117232906455464}, "datetime": {"datetime": "2021-09-22 20:39:50", "elapsed": 121.163979, "delta": 0.726663}}
{"target": -185.76779277444803, "params": {"C": 14373.739971202813, "epsilon": 3.9454783278061503, "gamma": 0.033513332221416}, "datetime": {"datetime": "2021-09-22 20:39:51", "elapsed": 121.96119, "delta": 0.797211}}
{"target": -23.034714737211825, "params": {"C": 9149.993198725602, "epsilon": 11.175185401604947, "gamma": 0.003328840227032728}, "datetime": {"datetime": "2021-09-22 20:39:52", "elapsed": 122.942189, "delta": 0.980999}}
{"target": -156.30089993978433, "params": {"C": 12129.53499612218, "epsilon": 14.020960614861233, "gamma": 0.028071739895894465}, "datetime": {"datetime": "2021-09-22 20:39:53", "elapsed": 123.664378, "delta": 0.722189}}
{"target": -130.81795645561056, "params": {"C": 12911.62660226527, "epsilon": 24.93361375184296, "gamma": 0.022950437558922846}, "datetime": {"datetime": "2021-09-22 20:39:53", "elapsed": 124.396844, "delta": 0.732466}}
{"target": -119.57746732733607, "params": {"C": 6907.389405705101, "epsilon": 2.043973917554114, "gamma": 0.021922862858904702}, "datetime": {"datetime": "2021-09-22 20:39:54", "elapsed": 125.469469, "delta": 1.072625}}
{"target": -54.011273374552516, "params": {"C": 12677.032159405728, "epsilon": 12.137418127267981, "gamma": 0.009118959567062919}, "datetime": {"datetime": "2021-09-22 20:39:56", "elapsed": 126.941931, "delta": 1.472462}}
{"target": -255.23026209699515, "params": {"C": 7024.8739272582125, "epsilon": 1.7826463229732268, "gamma": 0.04515621624502366}, "datetime": {"datetime": "2021-09-22 20:39:57", "elapsed": 127.913856, "delta": 0.971925}}
{"target": -119.00146432709063, "params": {"C": 6051.4156465738815, "epsilon": 29.247895691453596, "gamma": 0.020288885062817126}, "datetime": {"datetime": "2021-09-22 20:39:58", "elapsed": 128.842863, "delta": 0.929007}}
{"target": -170.00739572327223, "params": {"C": 8899.441753285462, "epsilon": 6.554376982457216, "gamma": 0.0307768894533935}, "datetime": {"datetime": "2021-09-22 20:39:59", "elapsed": 129.702822, "delta": 0.859959}}
{"target": -55.17046142846551, "params": {"C": 17100.909998162904, "epsilon": 11.016416989251962, "gamma": 0.009464368073704342}, "datetime": {"datetime": "2021-09-22 20:40:00", "elapsed": 130.688777, "delta": 0.985955}}
{"target": -73.01953578207059, "params": {"C": 16498.63847847171, "epsilon": 22.7008298115402, "gamma": 0.011948922968389368}, "datetime": {"datetime": "2021-09-22 20:40:01", "elapsed": 131.79557, "delta": 1.106793}}
{"target": -33.75935185852616, "params": {"C": 5763.787792642476, "epsilon": 9.130251485354746, "gamma": 0.005132165222012445}, "datetime": {"datetime": "2021-09-22 20:40:02", "elapsed": 132.99489, "delta": 1.19932}}
{"target": -69.36839370569959, "params": {"C": 14554.1323301896, "epsilon": 10.179017126748365, "gamma": 0.012235257815348786}, "datetime": {"datetime": "2021-09-22 20:40:03", "elapsed": 134.181851, "delta": 1.186961}}
{"target": -156.42933635830957, "params": {"C": 5694.957909693138, "epsilon": 3.734491684660464, "gamma": 0.028178321035460693}, "datetime": {"datetime": "2021-09-22 20:40:04", "elapsed": 135.005229, "delta": 0.823378}}
{"target": -105.46226931276655, "params": {"C": 5329.655211956363, "epsilon": 16.756538686336963, "gamma": 0.018301703201837542}, "datetime": {"datetime": "2021-09-22 20:40:05", "elapsed": 135.841761, "delta": 0.836532}}
{"target": -144.61346052524163, "params": {"C": 19494.276051190995, "epsilon": 16.81434307309548, "gamma": 0.025855401360945857}, "datetime": {"datetime": "2021-09-22 20:40:06", "elapsed": 136.689367, "delta": 0.847606}}
{"target": -236.92758096628714, "params": {"C": 16258.461430565765, "epsilon": 17.526253955839238, "gamma": 0.04150869147323041}, "datetime": {"datetime": "2021-09-22 20:40:07", "elapsed": 137.765114, "delta": 1.075747}}
{"target": -52.667321726927646, "params": {"C": 11351.122332044151, "epsilon": 23.09214670125861, "gamma": 0.008162203019417329}, "datetime": {"datetime": "2021-09-22 20:40:08", "elapsed": 138.724664, "delta": 0.95955}}
{"target": -28.18434346968264, "params": {"C": 18167.734163938985, "epsilon": 25.440627942344946, "gamma": 0.003400656889827258}, "datetime": {"datetime": "2021-09-22 20:40:08", "elapsed": 139.525663, "delta": 0.800999}}
{"target": -8.127177657565083, "params": {"C": 18086.217306230035, "epsilon": 4.536828748937788, "gamma": 0.00101568856228671}, "datetime": {"datetime": "2021-09-22 20:40:10", "elapsed": 140.859412, "delta": 1.333749}}
{"target": -142.1250194100298, "params": {"C": 10480.847977903612, "epsilon": 16.830949029741276, "gamma": 0.02540601414316406}, "datetime": {"datetime": "2021-09-22 20:40:11", "elapsed": 141.806292, "delta": 0.94688}}
{"target": -31.690906782926206, "params": {"C": 12412.299073645714, "epsilon": 19.665456757684016, "gamma": 0.004499337911036712}, "datetime": {"datetime": "2021-09-22 20:40:12", "elapsed": 142.741926, "delta": 0.935634}}
{"target": -133.83616568349697, "params": {"C": 14904.001899311279, "epsilon": 0.8881498053391419, "gamma": 0.024912687522421616}, "datetime": {"datetime": "2021-09-22 20:40:13", "elapsed": 143.691509, "delta": 0.949583}}
{"target": -229.44626752856212, "params": {"C": 8088.171271998403, "epsilon": 18.70441103494124, "gamma": 0.04020690447871972}, "datetime": {"datetime": "2021-09-22 20:40:13", "elapsed": 144.554834, "delta": 0.863325}}
{"target": -40.11330667294711, "params": {"C": 12861.697658994985, "epsilon": 4.935866061106218, "gamma": 0.00706548350038906}, "datetime": {"datetime": "2021-09-22 20:40:15", "elapsed": 146.223768, "delta": 1.668934}}
{"target": -63.72397202803694, "params": {"C": 8556.239147241366, "epsilon": 26.827426920087213, "gamma": 0.00998333122092483}, "datetime": {"datetime": "2021-09-22 20:40:16", "elapsed": 147.039771, "delta": 0.816003}}
{"target": -230.9483415832665, "params": {"C": 5418.430941241434, "epsilon": 6.7832344289246755, "gamma": 0.040697243971615546}, "datetime": {"datetime": "2021-09-22 20:40:17", "elapsed": 147.884788, "delta": 0.845017}}
{"target": -127.34443166576291, "params": {"C": 7525.705308543516, "epsilon": 11.25598586697058, "gamma": 0.022909419157318103}, "datetime": {"datetime": "2021-09-22 20:40:18", "elapsed": 148.779794, "delta": 0.895006}}
{"target": -242.84162275121946, "params": {"C": 7207.814579682747, "epsilon": 2.886654718916346, "gamma": 0.04302356640622499}, "datetime": {"datetime": "2021-09-22 20:40:19", "elapsed": 149.646469, "delta": 0.866675}}
{"target": -220.17695037246557, "params": {"C": 6756.101194277376, "epsilon": 23.30557758058824, "gamma": 0.03843026253004329}, "datetime": {"datetime": "2021-09-22 20:40:19", "elapsed": 150.575211, "delta": 0.928742}}
{"target": -156.26357490454757, "params": {"C": 7828.405465348738, "epsilon": 19.6552743554672, "gamma": 0.027719987495719346}, "datetime": {"datetime": "2021-09-22 20:40:21", "elapsed": 151.633173, "delta": 1.057962}}
{"target": -66.99830556121836, "params": {"C": 17809.03774525944, "epsilon": 18.360354632566626, "gamma": 0.011120739046033199}, "datetime": {"datetime": "2021-09-22 20:40:22", "elapsed": 152.898133, "delta": 1.26496}}
{"target": -150.90255506822635, "params": {"C": 10052.11814284786, "epsilon": 9.937912084243795, "gamma": 0.02735617357991427}, "datetime": {"datetime": "2021-09-22 20:40:23", "elapsed": 153.9295, "delta": 1.031367}}
{"target": -191.68909244034532, "params": {"C": 8471.472280722068, "epsilon": 9.582899137269393, "gamma": 0.03426660169027024}, "datetime": {"datetime": "2021-09-22 20:40:24", "elapsed": 154.81068, "delta": 0.88118}}
{"target": -264.8783957219228, "params": {"C": 13181.374728843459, "epsilon": 13.842117438838384, "gamma": 0.04634496619847491}, "datetime": {"datetime": "2021-09-22 20:40:25", "elapsed": 155.673361, "delta": 0.862681}}
{"target": -48.63100698566005, "params": {"C": 7631.162417377774, "epsilon": 5.287508791691147, "gamma": 0.008521314402515464}, "datetime": {"datetime": "2021-09-22 20:40:26", "elapsed": 156.82929, "delta": 1.155929}}
{"target": -95.11497650310557, "params": {"C": 12713.669253883845, "epsilon": 20.766779939714297, "gamma": 0.01646685633561874}, "datetime": {"datetime": "2021-09-22 20:40:27", "elapsed": 157.876595, "delta": 1.047305}}
{"target": -36.227941864476115, "params": {"C": 15622.113481328068, "epsilon": 20.570671497019934, "gamma": 0.005255823188425448}, "datetime": {"datetime": "2021-09-22 20:40:28", "elapsed": 158.786297, "delta": 0.909702}}
{"target": -86.51447169372497, "params": {"C": 18530.411209570826, "epsilon": 16.292690884514876, "gamma": 0.015152505519138349}, "datetime": {"datetime": "2021-09-22 20:40:29", "elapsed": 159.7313, "delta": 0.945003}}
{"target": -231.04560974213842, "params": {"C": 6999.802795334569, "epsilon": 24.3924159037158, "gamma": 0.04023070750069123}, "datetime": {"datetime": "2021-09-22 20:40:29", "elapsed": 160.581146, "delta": 0.849846}}
{"target": -57.51668185755518, "params": {"C": 5945.979617939514, "epsilon": 26.59250114775524, "gamma": 0.008767332195344417}, "datetime": {"datetime": "2021-09-22 20:40:30", "elapsed": 161.561148, "delta": 0.980002}}
{"target": -50.28917063180141, "params": {"C": 8058.490995352673, "epsilon": 27.12966918077887, "gamma": 0.00745337224531313}, "datetime": {"datetime": "2021-09-22 20:40:31", "elapsed": 162.451782, "delta": 0.890634}}
{"target": -116.88744595596155, "params": {"C": 17225.293723599174, "epsilon": 16.137730029381853, "gamma": 0.020921988508789045}, "datetime": {"datetime": "2021-09-22 20:40:32", "elapsed": 163.407777, "delta": 0.955995}}
{"target": -369.1591322458279, "params": {"C": 8560.828164960614, "epsilon": 5.819805261545071, "gamma": 0.000141901538908382}, "datetime": {"datetime": "2021-09-22 20:40:33", "elapsed": 164.216271, "delta": 0.808494}}
{"target": -122.48753744035908, "params": {"C": 13175.650651610493, "epsilon": 2.686999137471972, "gamma": 0.02274891069344941}, "datetime": {"datetime": "2021-09-22 20:40:34", "elapsed": 165.209887, "delta": 0.993616}}
{"target": -39.693695506423666, "params": {"C": 19707.663602989727, "epsilon": 14.273982156875597, "gamma": 0.006209450137100782}, "datetime": {"datetime": "2021-09-22 20:40:35", "elapsed": 166.477885, "delta": 1.267998}}
{"target": -130.96525028802557, "params": {"C": 6363.423742257777, "epsilon": 24.35427187286881, "gamma": 0.02286599182902863}, "datetime": {"datetime": "2021-09-22 20:40:36", "elapsed": 167.347928, "delta": 0.870043}}
{"target": -40.78347242566251, "params": {"C": 19655.276113802873, "epsilon": 14.530306917920232, "gamma": 0.00640189794414677}, "datetime": {"datetime": "2021-09-22 20:40:37", "elapsed": 168.389481, "delta": 1.041553}}
{"target": -218.4137559595414, "params": {"C": 13846.434590433546, "epsilon": 27.001346662609077, "gamma": 0.03794902839386891}, "datetime": {"datetime": "2021-09-22 20:40:38", "elapsed": 169.261445, "delta": 0.871964}}
{"target": -151.8233635961974, "params": {"C": 17456.001190593823, "epsilon": 5.083967404206747, "gamma": 0.027795205282597633}, "datetime": {"datetime": "2021-09-22 20:40:39", "elapsed": 170.212169, "delta": 0.950724}}
{"target": -81.6307350982163, "params": {"C": 8489.035736951868, "epsilon": 3.124116645681903, "gamma": 0.01492105773181577}, "datetime": {"datetime": "2021-09-22 20:40:40", "elapsed": 171.301885, "delta": 1.089716}}
{"target": -214.98792273898317, "params": {"C": 18599.169078839383, "epsilon": 25.16429941761618, "gamma": 0.03746522463109573}, "datetime": {"datetime": "2021-09-22 20:40:41", "elapsed": 172.424129, "delta": 1.122244}}
{"target": -237.73928976643793, "params": {"C": 16347.888387546955, "epsilon": 7.881365230696349, "gamma": 0.041992340430680675}, "datetime": {"datetime": "2021-09-22 20:40:42", "elapsed": 173.308139, "delta": 0.88401}}
{"target": -188.95928241057757, "params": {"C": 6760.328400946897, "epsilon": 5.29688377943028, "gamma": 0.03387499357602847}, "datetime": {"datetime": "2021-09-22 20:40:43", "elapsed": 174.522594, "delta": 1.214455}}
{"target": -166.24487301595806, "params": {"C": 16011.224805340185, "epsilon": 29.58087154557251, "gamma": 0.029043524734495414}, "datetime": {"datetime": "2021-09-22 20:40:45", "elapsed": 175.684908, "delta": 1.162314}}
{"target": -272.44294721468026, "params": {"C": 10104.353817877465, "epsilon": 5.694991550137507, "gamma": 0.04792734239567303}, "datetime": {"datetime": "2021-09-22 20:40:45", "elapsed": 176.613455, "delta": 0.928547}}
{"target": -217.69940413656983, "params": {"C": 18381.977804567832, "epsilon": 18.952257595388172, "gamma": 0.03821269084411529}, "datetime": {"datetime": "2021-09-22 20:40:47", "elapsed": 177.727508, "delta": 1.114053}}
{"target": -27.11172412837082, "params": {"C": 19840.685259118, "epsilon": 28.02999723041165, "gamma": 0.0028550928997376117}, "datetime": {"datetime": "2021-09-22 20:40:48", "elapsed": 178.673365, "delta": 0.945857}}
{"target": -77.04952572025087, "params": {"C": 13758.608199698212, "epsilon": 17.35524810939782, "gamma": 0.01317007281406936}, "datetime": {"datetime": "2021-09-22 20:40:49", "elapsed": 179.885921, "delta": 1.212556}}
{"target": -240.52296212312555, "params": {"C": 12850.875713602538, "epsilon": 1.5317693223154103, "gamma": 0.04271624905048296}, "datetime": {"datetime": "2021-09-22 20:40:50", "elapsed": 180.946222, "delta": 1.060301}}
{"target": -12.808732334312175, "params": {"C": 10987.592798904741, "epsilon": 5.543484134057498, "gamma": 0.0016853546586589308}, "datetime": {"datetime": "2021-09-22 20:40:51", "elapsed": 182.537791, "delta": 1.591569}}
{"target": -79.80160978753149, "params": {"C": 17960.494416374495, "epsilon": 13.021581882956177, "gamma": 0.014078962386445385}, "datetime": {"datetime": "2021-09-22 20:40:53", "elapsed": 184.19998, "delta": 1.662189}}
{"target": -47.87724485087595, "params": {"C": 8030.5052225711715, "epsilon": 17.818888120267957, "gamma": 0.007516017528995638}, "datetime": {"datetime": "2021-09-22 20:40:55", "elapsed": 186.013591, "delta": 1.813611}}
{"target": -162.52800501920277, "params": {"C": 12781.40554701041, "epsilon": 7.0894269506216085, "gamma": 0.02950659821070962}, "datetime": {"datetime": "2021-09-22 20:40:56", "elapsed": 187.145587, "delta": 1.131996}}
{"target": -175.90748266919937, "params": {"C": 18563.66674435595, "epsilon": 1.7101834911897988, "gamma": 0.03198103737613986}, "datetime": {"datetime": "2021-09-22 20:40:57", "elapsed": 188.127594, "delta": 0.982007}}
{"target": -119.82199790502094, "params": {"C": 13328.180728681671, "epsilon": 16.371048830781515, "gamma": 0.021434617134070837}, "datetime": {"datetime": "2021-09-22 20:40:58", "elapsed": 189.166628, "delta": 1.039034}}
{"target": -44.78541338844627, "params": {"C": 11198.472280499678, "epsilon": 9.554873665577334, "gamma": 0.00756682492293175}, "datetime": {"datetime": "2021-09-22 20:40:59", "elapsed": 190.368793, "delta": 1.202165}}
{"target": -110.9613502467996, "params": {"C": 19613.131785711063, "epsilon": 21.21293446533275, "gamma": 0.01953054830909281}, "datetime": {"datetime": "2021-09-22 20:41:01", "elapsed": 191.618324, "delta": 1.249531}}
{"target": -202.4586309106128, "params": {"C": 16624.64354106527, "epsilon": 28.060129797118112, "gamma": 0.03523440139288081}, "datetime": {"datetime": "2021-09-22 20:41:01", "elapsed": 192.557317, "delta": 0.938993}}
{"target": -86.7158821248335, "params": {"C": 14493.523851822036, "epsilon": 25.081807283391445, "gamma": 0.014463884484461911}, "datetime": {"datetime": "2021-09-22 20:41:02", "elapsed": 193.545359, "delta": 0.988042}}
{"target": -202.881516303296, "params": {"C": 13539.05677758772, "epsilon": 13.772154144428233, "gamma": 0.035931253763241834}, "datetime": {"datetime": "2021-09-22 20:41:03", "elapsed": 194.524878, "delta": 0.979519}}
{"target": -23.073787815600603, "params": {"C": 7815.300147496803, "epsilon": 6.145178838832304, "gamma": 0.0034641775828535776}, "datetime": {"datetime": "2021-09-22 20:41:05", "elapsed": 195.957252, "delta": 1.432374}}
{"target": -221.5074623245111, "params": {"C": 7977.410078663265, "epsilon": 19.55166656427253, "gamma": 0.038829359141378035}, "datetime": {"datetime": "2021-09-22 20:41:06", "elapsed": 196.932783, "delta": 0.975531}}
{"target": -90.64290675964152, "params": {"C": 11969.460588674698, "epsilon": 14.826254603348751, "gamma": 0.016018609021492474}, "datetime": {"datetime": "2021-09-22 20:41:07", "elapsed": 198.178689, "delta": 1.245906}}
{"target": -29.91963575381685, "params": {"C": 19632.778935832175, "epsilon": 8.408704141609476, "gamma": 0.004838504046300959}, "datetime": {"datetime": "2021-09-22 20:41:09", "elapsed": 199.688725, "delta": 1.510036}}
{"target": -85.3120837648429, "params": {"C": 12978.052563406796, "epsilon": 10.127878698596223, "gamma": 0.00034372843625160934}, "datetime": {"datetime": "2021-09-22 20:41:09", "elapsed": 200.605663, "delta": 0.916938}}
{"target": -201.0102066389001, "params": {"C": 10746.584924533629, "epsilon": 22.40561238012082, "gamma": 0.03525231293580989}, "datetime": {"datetime": "2021-09-22 20:41:11", "elapsed": 201.668749, "delta": 1.063086}}
