{"target": -117.9090656940513, "params": {"C": 5474.318908074128, "epsilon": 25.484821695352576, "gamma": 0.05374054328121618}, "datetime": {"datetime": "2021-09-22 19:36:45", "elapsed": 530.885699, "delta": 2.695464}}
{"target": -142.76996671200467, "params": {"C": 5790.3538213015945, "epsilon": 13.544133619937602, "gamma": 0.06992920641104382}, "datetime": {"datetime": "2021-09-22 19:36:47", "elapsed": 532.78036, "delta": 1.894661}}
{"target": -207.72553912008635, "params": {"C": 5237.035538209373, "epsilon": 19.603038590037272, "gamma": 0.09993250766131347}, "datetime": {"datetime": "2021-09-22 19:36:49", "elapsed": 534.708526, "delta": 1.928166}}
{"target": -137.64054821001713, "params": {"C": 8062.637242245182, "epsilon": 19.580427846270457, "gamma": 0.06688139025162605}, "datetime": {"datetime": "2021-09-22 19:36:51", "elapsed": 536.525389, "delta": 1.816863}}
{"target": -133.63132101890372, "params": {"C": 9524.636004281803, "epsilon": 16.316234538871022, "gamma": 0.06576083657015379}, "datetime": {"datetime": "2021-09-22 19:36:53", "elapsed": 538.520491, "delta": 1.995102}}
{"target": -99.5128225361569, "params": {"C": 7827.07741791765, "epsilon": 2.0105131958149745, "gamma": 0.05083622803756177}, "datetime": {"datetime": "2021-09-22 19:36:56", "elapsed": 541.875916, "delta": 3.355425}}
{"target": -131.4434731047513, "params": {"C": 9446.94563126067, "epsilon": 16.08745148658727, "gamma": 0.0647070064639435}, "datetime": {"datetime": "2021-09-22 19:36:58", "elapsed": 543.940501, "delta": 2.064585}}
{"target": -207.51244804391013, "params": {"C": 7668.738376378073, "epsilon": 12.319684766077941, "gamma": 0.1027902022030227}, "datetime": {"datetime": "2021-09-22 19:37:01", "elapsed": 546.821376, "delta": 2.880875}}
{"target": -160.80310313593455, "params": {"C": 5097.359611453402, "epsilon": 27.66742432734981, "gamma": 0.07512018212940053}, "datetime": {"datetime": "2021-09-22 19:37:03", "elapsed": 548.743536, "delta": 1.92216}}
{"target": -122.48675038476107, "params": {"C": 7702.265492541072, "epsilon": 13.109471187597537, "gamma": 0.06066980577153156}, "datetime": {"datetime": "2021-09-22 19:37:05", "elapsed": 550.859555, "delta": 2.116019}}
{"target": -278.56012815814603, "params": {"C": 8034.727939294073, "epsilon": 27.38350732146773, "gamma": 0.13333986114611057}, "datetime": {"datetime": "2021-09-22 19:37:07", "elapsed": 552.870459, "delta": 2.010904}}
{"target": -135.86989489709035, "params": {"C": 5936.354488902614, "epsilon": 15.255240458263522, "gamma": 0.06610510567107725}, "datetime": {"datetime": "2021-09-22 19:37:09", "elapsed": 554.839902, "delta": 1.969443}}
{"target": -83.51333473813092, "params": {"C": 7822.5868900896485, "epsilon": 13.806782252731024, "gamma": 0.039089008359228364}, "datetime": {"datetime": "2021-09-22 19:37:11", "elapsed": 556.898784, "delta": 2.058882}}
{"target": -364.68234017493285, "params": {"C": 11838.308065836036, "epsilon": 21.637702353920528, "gamma": 0.00011714478511999852}, "datetime": {"datetime": "2021-09-22 19:46:41", "elapsed": 0.0, "delta": 0.0}}
{"target": -37.0298623059678, "params": {"C": 10232.656016845756, "epsilon": 4.48800113543168, "gamma": 0.01394155535584279}, "datetime": {"datetime": "2021-09-22 19:46:41", "elapsed": 0.86497, "delta": 0.86497}}
{"target": -118.32214885275687, "params": {"C": 8607.642959287394, "epsilon": 10.432265738587127, "gamma": 0.05957544438717743}, "datetime": {"datetime": "2021-09-22 19:46:42", "elapsed": 1.188966, "delta": 0.323996}}
{"target": -207.8111259314816, "params": {"C": 13543.434276046997, "epsilon": 12.633915980658514, "gamma": 0.10281440310947426}, "datetime": {"datetime": "2021-09-22 19:46:42", "elapsed": 1.387973, "delta": 0.199007}}
{"target": -27.735851295228958, "params": {"C": 8862.331496241244, "epsilon": 26.35571134808927, "gamma": 0.004205400220369132}, "datetime": {"datetime": "2021-09-22 19:46:42", "elapsed": 1.44397, "delta": 0.055997}}
{"target": -168.76651258132054, "params": {"C": 15386.54514249763, "epsilon": 12.577413590777095, "gamma": 0.08384760528401818}, "datetime": {"datetime": "2021-09-22 19:46:42", "elapsed": 1.708974, "delta": 0.265004}}
{"target": -462.2015072673857, "params": {"C": 9315.945584796867, "epsilon": 23.29046714517295, "gamma": 0.0001}, "datetime": {"datetime": "2021-09-22 19:46:43", "elapsed": 1.955423, "delta": 0.246449}}
{"target": -234.6755283277343, "params": {"C": 8861.530515264847, "epsilon": 26.967685338585976, "gamma": 0.11194666310646682}, "datetime": {"datetime": "2021-09-22 19:46:43", "elapsed": 2.132264, "delta": 0.176841}}
{"target": -224.47254556664146, "params": {"C": 14341.82223087713, "epsilon": 7.904644758189984, "gamma": 0.11203467050696139}, "datetime": {"datetime": "2021-09-22 19:46:43", "elapsed": 2.406258, "delta": 0.273994}}
{"target": -286.0096233014572, "params": {"C": 9185.208152065372, "epsilon": 4.752140921907701, "gamma": 0.14210078731646736}, "datetime": {"datetime": "2021-09-22 19:46:43", "elapsed": 2.64322, "delta": 0.236962}}
{"target": -67.94950136406985, "params": {"C": 16167.584726337083, "epsilon": 21.88549921413569, "gamma": 0.029283735934183056}, "datetime": {"datetime": "2021-09-22 19:46:44", "elapsed": 2.970389, "delta": 0.327169}}
{"target": -141.972591719419, "params": {"C": 12583.453669465045, "epsilon": 12.762432069817482, "gamma": 0.07083970927900929}, "datetime": {"datetime": "2021-09-22 19:46:44", "elapsed": 3.316438, "delta": 0.346049}}
{"target": -146.18221129471988, "params": {"C": 19376.238057576735, "epsilon": 19.955735333677225, "gamma": 0.07066102392538444}, "datetime": {"datetime": "2021-09-22 19:46:44", "elapsed": 3.619943, "delta": 0.303505}}
{"target": -304.64056800492403, "params": {"C": 12842.258120247945, "epsilon": 25.251242344594992, "gamma": 0.14686235891085012}, "datetime": {"datetime": "2021-09-22 19:46:44", "elapsed": 3.818323, "delta": 0.19838}}
{"target": -266.43782156000526, "params": {"C": 10514.61863211595, "epsilon": 22.929709918441578, "gamma": 0.12855855366996452}, "datetime": {"datetime": "2021-09-22 19:46:45", "elapsed": 4.034537, "delta": 0.216214}}
{"target": -282.60072435110993, "params": {"C": 17969.26322734991, "epsilon": 21.608626449290448, "gamma": 0.13680444144913}, "datetime": {"datetime": "2021-09-22 19:46:45", "elapsed": 4.233276, "delta": 0.198739}}
{"target": -117.848939030961, "params": {"C": 15479.56136774722, "epsilon": 16.482540176841805, "gamma": 0.057543054154091854}, "datetime": {"datetime": "2021-09-22 19:46:45", "elapsed": 4.597286, "delta": 0.36401}}
{"target": -93.90539402277258, "params": {"C": 7970.585414043195, "epsilon": 4.267448751258501, "gamma": 0.04759316354649703}, "datetime": {"datetime": "2021-09-22 19:46:46", "elapsed": 5.241337, "delta": 0.644051}}
{"target": -38.33215356255606, "params": {"C": 9836.00654757793, "epsilon": 22.954017274388562, "gamma": 0.010123894794481222}, "datetime": {"datetime": "2021-09-22 19:46:46", "elapsed": 5.483392, "delta": 0.242055}}
{"target": -95.11845981824787, "params": {"C": 19150.613831020702, "epsilon": 28.503476749713883, "gamma": 0.04194180041874688}, "datetime": {"datetime": "2021-09-22 19:46:46", "elapsed": 5.778337, "delta": 0.294945}}
{"target": -39.32867602716896, "params": {"C": 14374.828257526615, "epsilon": 3.469791513554063, "gamma": 0.017604948701695728}, "datetime": {"datetime": "2021-09-22 19:46:48", "elapsed": 7.479496, "delta": 1.701159}}
{"target": -200.77267151168033, "params": {"C": 14590.74525005037, "epsilon": 16.76601767967067, "gamma": 0.0980756773532368}, "datetime": {"datetime": "2021-09-22 19:46:48", "elapsed": 7.772813, "delta": 0.293317}}
{"target": -241.23461792525, "params": {"C": 6235.377310409674, "epsilon": 7.82486942623078, "gamma": 0.12010764738356992}, "datetime": {"datetime": "2021-09-22 19:46:49", "elapsed": 8.032602, "delta": 0.259789}}
{"target": -253.42565970338632, "params": {"C": 10372.564535209814, "epsilon": 16.43312498588786, "gamma": 0.12403106361888146}, "datetime": {"datetime": "2021-09-22 19:46:49", "elapsed": 8.275496, "delta": 0.242894}}
{"target": -166.09160498448236, "params": {"C": 12495.462807977645, "epsilon": 4.161864397575123, "gamma": 0.08514326242353794}, "datetime": {"datetime": "2021-09-22 19:46:49", "elapsed": 8.76597, "delta": 0.490474}}
{"target": -298.4747106898863, "params": {"C": 18759.620271818392, "epsilon": 18.71796930081114, "gamma": 0.14539533606849397}, "datetime": {"datetime": "2021-09-22 19:46:50", "elapsed": 8.985545, "delta": 0.219575}}
{"target": -182.00702083792203, "params": {"C": 17256.64126428101, "epsilon": 9.60698898367243, "gamma": 0.09101875992128867}, "datetime": {"datetime": "2021-09-22 19:46:50", "elapsed": 9.324544, "delta": 0.338999}}
{"target": -208.28184313884293, "params": {"C": 9220.5858791848, "epsilon": 2.0371258442675813, "gamma": 0.10560646254794151}, "datetime": {"datetime": "2021-09-22 19:46:50", "elapsed": 9.688586, "delta": 0.364042}}
{"target": -275.5764914952768, "params": {"C": 18013.223406162942, "epsilon": 25.616236593189765, "gamma": 0.13233956679787426}, "datetime": {"datetime": "2021-09-22 19:46:51", "elapsed": 9.932446, "delta": 0.24386}}
{"target": -117.1108173210417, "params": {"C": 14378.53615027121, "epsilon": 3.5424260463193886, "gamma": 0.06143477059124779}, "datetime": {"datetime": "2021-09-22 19:46:51", "elapsed": 10.799655, "delta": 0.867209}}
{"target": -89.99196720903083, "params": {"C": 17748.855671459038, "epsilon": 12.6134633132852, "gamma": 0.044483803664359785}, "datetime": {"datetime": "2021-09-22 19:46:52", "elapsed": 11.654696, "delta": 0.855041}}
{"target": -239.45202775055563, "params": {"C": 10313.808656260007, "epsilon": 25.73448074006055, "gamma": 0.1147284856211463}, "datetime": {"datetime": "2021-09-22 19:46:52", "elapsed": 11.880583, "delta": 0.225887}}
{"target": -73.33130885614699, "params": {"C": 10584.382281927976, "epsilon": 16.586751022505084, "gamma": 0.033537882891881116}, "datetime": {"datetime": "2021-09-22 19:46:53", "elapsed": 12.35041, "delta": 0.469827}}
{"target": -25.545472626670133, "params": {"C": 6601.887961994656, "epsilon": 12.504402357704922, "gamma": 0.0008932067943590228}, "datetime": {"datetime": "2021-09-22 19:46:53", "elapsed": 12.544477, "delta": 0.194067}}
{"target": -276.8096269531371, "params": {"C": 9835.362443098547, "epsilon": 22.189188549679745, "gamma": 0.13381880655630574}, "datetime": {"datetime": "2021-09-22 19:46:53", "elapsed": 12.802839, "delta": 0.258362}}
{"target": -210.9134066932269, "params": {"C": 7938.342127384286, "epsilon": 13.186855282304963, "gamma": 0.10429142617553586}, "datetime": {"datetime": "2021-09-22 19:46:54", "elapsed": 13.13315, "delta": 0.330311}}
{"target": -167.7966178349201, "params": {"C": 9055.709863171542, "epsilon": 22.267096691264975, "gamma": 0.08035315238839034}, "datetime": {"datetime": "2021-09-22 19:46:54", "elapsed": 13.426839, "delta": 0.293689}}
{"target": -108.4366630950591, "params": {"C": 7444.817752151689, "epsilon": 1.8087511503632996, "gamma": 0.05550994712383367}, "datetime": {"datetime": "2021-09-22 19:46:55", "elapsed": 14.042298, "delta": 0.615459}}
{"target": -32.00442006599329, "params": {"C": 12116.818497862603, "epsilon": 5.8848278997703956, "gamma": 0.01145731068578094}, "datetime": {"datetime": "2021-09-22 19:46:55", "elapsed": 14.673649, "delta": 0.631351}}
{"target": -147.5459797150437, "params": {"C": 6590.407252944406, "epsilon": 3.5934623866522046, "gamma": 0.07531441390710746}, "datetime": {"datetime": "2021-09-22 19:46:56", "elapsed": 15.144689, "delta": 0.47104}}
{"target": -246.33641650724377, "params": {"C": 13286.601600403912, "epsilon": 24.81624126391486, "gamma": 0.11842804999495371}, "datetime": {"datetime": "2021-09-22 19:46:56", "elapsed": 15.396683, "delta": 0.251994}}
{"target": -267.11552319036076, "params": {"C": 8773.388596383844, "epsilon": 10.676325780894986, "gamma": 0.13201750518249086}, "datetime": {"datetime": "2021-09-22 19:46:56", "elapsed": 15.70619, "delta": 0.309507}}
{"target": -62.84164934269585, "params": {"C": 16679.869041549187, "epsilon": 14.100392298628917, "gamma": 0.029480456587826685}, "datetime": {"datetime": "2021-09-22 19:46:57", "elapsed": 16.436427, "delta": 0.730237}}
{"target": -20.546682611041383, "params": {"C": 17674.344323583755, "epsilon": 3.8084165274915587, "gamma": 0.005526119825370413}, "datetime": {"datetime": "2021-09-22 19:46:58", "elapsed": 17.113418, "delta": 0.676991}}
{"target": -30.611044613898542, "params": {"C": 12926.327418908308, "epsilon": 25.61222692920541, "gamma": 0.005959598397964454}, "datetime": {"datetime": "2021-09-22 19:46:58", "elapsed": 17.4016, "delta": 0.288182}}
{"target": -54.98145430454973, "params": {"C": 9566.178149728852, "epsilon": 25.380154099736, "gamma": 0.019685456102292113}, "datetime": {"datetime": "2021-09-22 19:46:58", "elapsed": 17.765734, "delta": 0.364134}}
{"target": -264.2368949936341, "params": {"C": 16565.839721773682, "epsilon": 7.167658224168215, "gamma": 0.13129105681657172}, "datetime": {"datetime": "2021-09-22 19:46:59", "elapsed": 18.075332, "delta": 0.309598}}
{"target": -286.3715700316389, "params": {"C": 6217.392529922331, "epsilon": 23.290874868432304, "gamma": 0.1381785733084571}, "datetime": {"datetime": "2021-09-22 19:46:59", "elapsed": 18.345739, "delta": 0.270407}}
{"target": -201.22483885301756, "params": {"C": 12495.361338997918, "epsilon": 4.136686564929339, "gamma": 0.1018145124693659}, "datetime": {"datetime": "2021-09-22 19:46:59", "elapsed": 18.759392, "delta": 0.413653}}
{"target": -302.30273022150965, "params": {"C": 14349.584710082087, "epsilon": 14.030115129096053, "gamma": 0.14830156915423726}, "datetime": {"datetime": "2021-09-22 19:47:00", "elapsed": 19.044105, "delta": 0.284713}}
{"target": -206.21992737838636, "params": {"C": 6602.685424427985, "epsilon": 11.346259827588048, "gamma": 0.10220542961068599}, "datetime": {"datetime": "2021-09-22 19:47:00", "elapsed": 19.411554, "delta": 0.367449}}
{"target": -90.633424609964, "params": {"C": 7169.188222582055, "epsilon": 6.147833385491696, "gamma": 0.04474363597997814}, "datetime": {"datetime": "2021-09-22 19:47:01", "elapsed": 20.199858, "delta": 0.788304}}
{"target": -48.81237444192534, "params": {"C": 6932.312600984083, "epsilon": 15.307638194571071, "gamma": 0.016322007431433}, "datetime": {"datetime": "2021-09-22 19:47:01", "elapsed": 20.665856, "delta": 0.465998}}
{"target": -127.89272456369349, "params": {"C": 11024.086088872533, "epsilon": 4.054812378308467, "gamma": 0.0666604353238281}, "datetime": {"datetime": "2021-09-22 19:47:02", "elapsed": 21.424852, "delta": 0.758996}}
{"target": -192.0062340783508, "params": {"C": 15174.355607575018, "epsilon": 7.554185276988381, "gamma": 0.09646328822369091}, "datetime": {"datetime": "2021-09-22 19:47:02", "elapsed": 21.842857, "delta": 0.418005}}
{"target": -282.4751018232634, "params": {"C": 19887.490647817664, "epsilon": 25.747870366431812, "gamma": 0.13571185230504315}, "datetime": {"datetime": "2021-09-22 19:47:03", "elapsed": 22.139982, "delta": 0.297125}}
{"target": -274.64333599509393, "params": {"C": 17748.462595503635, "epsilon": 12.412321424969363, "gamma": 0.13523257208508654}, "datetime": {"datetime": "2021-09-22 19:47:03", "elapsed": 22.472991, "delta": 0.333009}}
{"target": -305.7047104790226, "params": {"C": 6590.854825673686, "epsilon": 19.763448844370462, "gamma": 0.14867638969410815}, "datetime": {"datetime": "2021-09-22 19:47:03", "elapsed": 22.749936, "delta": 0.276945}}
{"target": -183.87331630075852, "params": {"C": 17749.193822497473, "epsilon": 12.32760909408003, "gamma": 0.0911017866846459}, "datetime": {"datetime": "2021-09-22 19:47:04", "elapsed": 23.183143, "delta": 0.433207}}
{"target": -302.90158841812377, "params": {"C": 7520.953563000634, "epsilon": 24.480838325211895, "gamma": 0.14619697609244647}, "datetime": {"datetime": "2021-09-22 19:47:04", "elapsed": 23.463687, "delta": 0.280544}}
{"target": -121.23474803051317, "params": {"C": 18204.458025591564, "epsilon": 5.439995641394417, "gamma": 0.0628760516641014}, "datetime": {"datetime": "2021-09-22 19:47:05", "elapsed": 24.234188, "delta": 0.770501}}
{"target": -201.76138317366835, "params": {"C": 7006.770162916842, "epsilon": 4.767606599133359, "gamma": 0.10165467500257633}, "datetime": {"datetime": "2021-09-22 19:47:05", "elapsed": 24.733144, "delta": 0.498956}}
{"target": -174.32156286097697, "params": {"C": 14784.179665215315, "epsilon": 8.829011859891255, "gamma": 0.08762330936454706}, "datetime": {"datetime": "2021-09-22 19:47:06", "elapsed": 25.209147, "delta": 0.476003}}
{"target": -151.70829450625948, "params": {"C": 13945.730249073717, "epsilon": 8.332228688445435, "gamma": 0.07691492388975933}, "datetime": {"datetime": "2021-09-22 19:47:06", "elapsed": 25.757144, "delta": 0.547997}}
{"target": -24.26958897411471, "params": {"C": 19335.48203838688, "epsilon": 7.532669979232977, "gamma": 0.008288917986063436}, "datetime": {"datetime": "2021-09-22 19:47:07", "elapsed": 26.669485, "delta": 0.912341}}
{"target": -58.83730150305731, "params": {"C": 15480.326283726825, "epsilon": 15.543788162174605, "gamma": 0.02640059769165976}, "datetime": {"datetime": "2021-09-22 19:47:08", "elapsed": 27.314527, "delta": 0.645042}}
{"target": -96.73373372366498, "params": {"C": 6238.14764601732, "epsilon": 8.870336921082563, "gamma": 0.0468088017957367}, "datetime": {"datetime": "2021-09-22 19:47:09", "elapsed": 27.927168, "delta": 0.612641}}
{"target": -55.502700952368635, "params": {"C": 7207.473960764725, "epsilon": 16.461455931133315, "gamma": 0.021840221829800558}, "datetime": {"datetime": "2021-09-22 19:47:09", "elapsed": 28.425221, "delta": 0.498053}}
{"target": -211.68805093139628, "params": {"C": 10612.221992827672, "epsilon": 21.4290014290743, "gamma": 0.10217168367698265}, "datetime": {"datetime": "2021-09-22 19:47:09", "elapsed": 28.760267, "delta": 0.335046}}
{"target": -243.85650088940127, "params": {"C": 19335.615568453155, "epsilon": 8.176478016744094, "gamma": 0.12137388886307429}, "datetime": {"datetime": "2021-09-22 19:47:10", "elapsed": 29.19885, "delta": 0.438583}}
{"target": -239.3376746527453, "params": {"C": 7445.314486480264, "epsilon": 2.6057819428075355, "gamma": 0.12022529829992783}, "datetime": {"datetime": "2021-09-22 19:47:10", "elapsed": 29.659897, "delta": 0.461047}}
{"target": -105.69060755793086, "params": {"C": 12926.064608328867, "epsilon": 26.4422599488756, "gamma": 0.04809004757951373}, "datetime": {"datetime": "2021-09-22 19:47:11", "elapsed": 30.094481, "delta": 0.434584}}
{"target": -87.30528637565811, "params": {"C": 9042.600464731264, "epsilon": 8.523916051347513, "gamma": 0.04364093817972585}, "datetime": {"datetime": "2021-09-22 19:47:12", "elapsed": 30.928073, "delta": 0.833592}}
{"target": -99.82534842125276, "params": {"C": 7168.557855829106, "epsilon": 5.7619229039194595, "gamma": 0.05020998848914207}, "datetime": {"datetime": "2021-09-22 19:47:12", "elapsed": 31.750073, "delta": 0.822}}
{"target": -130.99161859476996, "params": {"C": 13080.114505035774, "epsilon": 29.699469238863987, "gamma": 0.0604269488127826}, "datetime": {"datetime": "2021-09-22 19:47:13", "elapsed": 32.123351, "delta": 0.373278}}
{"target": -91.27776783224712, "params": {"C": 19150.262331344326, "epsilon": 28.307099428518455, "gamma": 0.03993101840267683}, "datetime": {"datetime": "2021-09-22 19:47:13", "elapsed": 32.605321, "delta": 0.48197}}
{"target": -182.22590377422833, "params": {"C": 12416.72989468201, "epsilon": 29.08151949043668, "gamma": 0.08539970544087495}, "datetime": {"datetime": "2021-09-22 19:47:14", "elapsed": 32.982055, "delta": 0.376734}}
{"target": -200.77226779600778, "params": {"C": 7207.11171120991, "epsilon": 15.620058145985707, "gamma": 0.09839420046906075}, "datetime": {"datetime": "2021-09-22 19:47:14", "elapsed": 33.392054, "delta": 0.409999}}
{"target": -25.24944395799642, "params": {"C": 7882.5466142442665, "epsilon": 28.165264017833984, "gamma": 0.0015197377058070798}, "datetime": {"datetime": "2021-09-22 19:47:14", "elapsed": 33.625043, "delta": 0.232989}}
{"target": -282.2746536650644, "params": {"C": 9565.495841377306, "epsilon": 25.395965341351694, "gamma": 0.1357045101668555}, "datetime": {"datetime": "2021-09-22 19:47:15", "elapsed": 34.052678, "delta": 0.427635}}
{"target": -156.31751456555446, "params": {"C": 8474.832536095157, "epsilon": 6.355479650325365, "gamma": 0.07963700411883746}, "datetime": {"datetime": "2021-09-22 19:47:15", "elapsed": 34.67526, "delta": 0.622582}}
{"target": -163.3538428849183, "params": {"C": 17555.781510444896, "epsilon": 3.6847673913331076, "gamma": 0.0837904975649257}, "datetime": {"datetime": "2021-09-22 19:47:16", "elapsed": 35.350251, "delta": 0.674991}}
{"target": -279.687852499305, "params": {"C": 15942.459595380473, "epsilon": 13.74335316284409, "gamma": 0.137365988385056}, "datetime": {"datetime": "2021-09-22 19:47:16", "elapsed": 35.721294, "delta": 0.371043}}
{"target": -260.7351250965007, "params": {"C": 10584.6957168845, "epsilon": 16.394468846013822, "gamma": 0.12752778663577058}, "datetime": {"datetime": "2021-09-22 19:47:17", "elapsed": 36.187429, "delta": 0.466135}}
{"target": -189.70559548977894, "params": {"C": 14340.400278675186, "epsilon": 28.5173904491479, "gamma": 0.08915734815886989}, "datetime": {"datetime": "2021-09-22 19:47:17", "elapsed": 36.539471, "delta": 0.352042}}
{"target": -170.11445006998693, "params": {"C": 17635.33564532009, "epsilon": 25.225868774254252, "gamma": 0.08066959623729093}, "datetime": {"datetime": "2021-09-22 19:47:18", "elapsed": 36.934436, "delta": 0.394965}}
{"target": -83.56887798056309, "params": {"C": 12583.72028076453, "epsilon": 13.089519612329426, "gamma": 0.04100050574751537}, "datetime": {"datetime": "2021-09-22 19:47:18", "elapsed": 37.616471, "delta": 0.682035}}
{"target": -237.0118796876709, "params": {"C": 17096.708682500393, "epsilon": 4.313003497692623, "gamma": 0.11886001395083465}, "datetime": {"datetime": "2021-09-22 19:47:19", "elapsed": 38.083388, "delta": 0.466917}}
