{"target": 0.6966167260969856, "params": {"C": 151.1120365211761, "epsilon": 0.35375664281145736, "gamma": 0.5156670943078018, "lamda": 0.11052632772186367}, "datetime": {"datetime": "2021-09-23 14:00:32", "elapsed": 490.746786, "delta": 0.971002}}
{"target": 0.6279149917291258, "params": {"C": 128.25168030668902, "epsilon": 0.46350034889120784, "gamma": 0.6965189548388018, "lamda": 0.03438052925521081}, "datetime": {"datetime": "2021-09-23 14:00:34", "elapsed": 492.348805, "delta": 1.602019}}
{"target": -3.7755815569666664, "params": {"C": 124.9689741234803, "epsilon": 1.0, "gamma": 0.03, "lamda": 0.4}, "datetime": {"datetime": "2021-09-23 14:00:46", "elapsed": 504.762827, "delta": 12.414022}}
{"target": 0.897132486716332, "params": {"C": 160.8749046117038, "epsilon": 0.969761220411196, "gamma": 0.10869504171624371, "lamda": 0.001}, "datetime": {"datetime": "2021-09-23 14:00:48", "elapsed": 506.437804, "delta": 1.674977}}
{"target": 0.6925729654398087, "params": {"C": 167.64483034592448, "epsilon": 0.5155616191960103, "gamma": 0.5243521707043978, "lamda": 0.21210368005615096}, "datetime": {"datetime": "2021-09-23 14:00:49", "elapsed": 507.481806, "delta": 1.044002}}
{"target": 0.5712337551585801, "params": {"C": 126.49804946333208, "epsilon": 0.05, "gamma": 0.877936763655279, "lamda": 0.001}, "datetime": {"datetime": "2021-09-23 14:00:51", "elapsed": 509.219824, "delta": 1.738018}}
{"target": 0.8240504540436278, "params": {"C": 197.89757448935836, "epsilon": 0.9592868413262535, "gamma": 0.22635508101965138, "lamda": 0.09036915467393948}, "datetime": {"datetime": "2021-09-23 14:00:53", "elapsed": 511.019379, "delta": 1.799555}}
{"target": 0.9165164562196022, "params": {"C": 161.7426756202064, "epsilon": 0.27634764162004144, "gamma": 0.058140008950404914, "lamda": 0.05782483324084954}, "datetime": {"datetime": "2021-09-23 14:00:54", "elapsed": 512.558116, "delta": 1.538737}}
{"target": 0.8978474813475174, "params": {"C": 156.28892593573045, "epsilon": 0.4350056940247772, "gamma": 0.10702891335137886, "lamda": 0.023020202663923257}, "datetime": {"datetime": "2021-09-23 14:00:56", "elapsed": 514.444112, "delta": 1.885996}}
{"target": 0.6252219900147662, "params": {"C": 120.2700324141023, "epsilon": 0.15592210015702734, "gamma": 0.7038320346506783, "lamda": 0.18408296354879608}, "datetime": {"datetime": "2021-09-23 14:00:57", "elapsed": 515.397529, "delta": 0.953417}}
{"target": 0.9162038185909566, "params": {"C": 155.19872285690303, "epsilon": 0.5035685245719883, "gamma": 0.058451353148649965, "lamda": 0.11943465573625682}, "datetime": {"datetime": "2021-09-23 14:00:58", "elapsed": 516.450793, "delta": 1.053264}}
{"target": 0.7120159787291238, "params": {"C": 155.74968815386427, "epsilon": 0.1332282898397656, "gamma": 0.47915618755638284, "lamda": 0.4}, "datetime": {"datetime": "2021-09-23 14:01:00", "elapsed": 518.281697, "delta": 1.830904}}
{"target": 0.5897584639169487, "params": {"C": 125.84235173585847, "epsilon": 0.9185566402768643, "gamma": 0.8185357516540785, "lamda": 0.1303446318282557}, "datetime": {"datetime": "2021-09-23 14:01:01", "elapsed": 519.228697, "delta": 0.947}}
{"target": -2.794682952437826, "params": {"C": 159.50796885214555, "epsilon": 0.8060747237419577, "gamma": 0.04972816965426467, "lamda": 0.10186944481795716}, "datetime": {"datetime": "2021-09-23 14:01:13", "elapsed": 531.520429, "delta": 12.291732}}
{"target": 0.5815313969012428, "params": {"C": 156.63094045667285, "epsilon": 0.2157306577922612, "gamma": 0.8430767533523527, "lamda": 0.06471796018036909}, "datetime": {"datetime": "2021-09-23 14:01:14", "elapsed": 532.854616, "delta": 1.334187}}
{"target": 0.8519405320840882, "params": {"C": 154.43492603676387, "epsilon": 0.1516324436944192, "gamma": 0.18089774347745013, "lamda": 0.001}, "datetime": {"datetime": "2021-09-23 14:01:16", "elapsed": 534.166711, "delta": 1.312095}}
{"target": 0.7349029910018273, "params": {"C": 145.93214402951446, "epsilon": 0.05758216464904409, "gamma": 0.4270835935151043, "lamda": 0.052541268733045564}, "datetime": {"datetime": "2021-09-23 14:01:17", "elapsed": 535.581516, "delta": 1.414805}}
{"target": 0.6990377081896012, "params": {"C": 169.08263631132235, "epsilon": 0.564707852842898, "gamma": 0.5090051359673291, "lamda": 0.048108682927731766}, "datetime": {"datetime": "2021-09-23 14:01:18", "elapsed": 536.560604, "delta": 0.979088}}
{"target": -3.9590843972024095, "params": {"C": 128.08224977164434, "epsilon": 1.0, "gamma": 0.03, "lamda": 0.4}, "datetime": {"datetime": "2021-09-23 14:01:30", "elapsed": 548.093345, "delta": 11.532741}}
{"target": 0.7119918918258387, "params": {"C": 142.2805709790708, "epsilon": 0.966626751846414, "gamma": 0.4808053564380408, "lamda": 0.0692406859728594}, "datetime": {"datetime": "2021-09-23 14:01:31", "elapsed": 549.037342, "delta": 0.943997}}
{"target": 0.6238554650008248, "params": {"C": 131.52199602600362, "epsilon": 0.6157605878707288, "gamma": 0.7088521139958124, "lamda": 0.3374657420211903}, "datetime": {"datetime": "2021-09-23 14:01:32", "elapsed": 549.960394, "delta": 0.923052}}
{"target": 0.5751196071085208, "params": {"C": 130.89679929266515, "epsilon": 0.8025186926499223, "gamma": 0.867657175899297, "lamda": 0.0033284575765787634}, "datetime": {"datetime": "2021-09-23 14:01:33", "elapsed": 551.332393, "delta": 1.371999}}
{"target": 0.7680641455232171, "params": {"C": 127.2624876008646, "epsilon": 0.10009507458614639, "gamma": 0.35299478489161873, "lamda": 0.06051346065430529}, "datetime": {"datetime": "2021-09-23 14:01:35", "elapsed": 552.957397, "delta": 1.625004}}
{"target": 0.6494626992806998, "params": {"C": 154.97903500955806, "epsilon": 1.0, "gamma": 0.6357995157758537, "lamda": 0.4}, "datetime": {"datetime": "2021-09-23 14:01:36", "elapsed": 554.401874, "delta": 1.444477}}
{"target": 0.5665964779086106, "params": {"C": 168.78453998043682, "epsilon": 1.0, "gamma": 0.9, "lamda": 0.001}, "datetime": {"datetime": "2021-09-23 14:01:37", "elapsed": 555.445565, "delta": 1.043691}}
{"target": 0.6925717607267152, "params": {"C": 162.27885527880377, "epsilon": 0.3651079483763708, "gamma": 0.524544718335758, "lamda": 0.3284720209460323}, "datetime": {"datetime": "2021-09-23 14:01:38", "elapsed": 556.788341, "delta": 1.342776}}
{"target": 0.587110144008556, "params": {"C": 197.368033528889, "epsilon": 0.9355730927787215, "gamma": 0.8272908153332686, "lamda": 0.08212114064472889}, "datetime": {"datetime": "2021-09-23 14:01:40", "elapsed": 558.447376, "delta": 1.659035}}
{"target": 0.89867711738552, "params": {"C": 121.68971339809931, "epsilon": 1.0, "gamma": 0.03, "lamda": 0.001}, "datetime": {"datetime": "2021-09-23 14:01:42", "elapsed": 560.33196, "delta": 1.884584}}
{"target": 0.5650325043938514, "params": {"C": 154.0965108311134, "epsilon": 0.05, "gamma": 0.9, "lamda": 0.001}, "datetime": {"datetime": "2021-09-23 14:01:43", "elapsed": 561.712096, "delta": 1.380136}}
{"target": 0.8118034028501533, "params": {"C": 156.34358232203533, "epsilon": 0.948418469001768, "gamma": 0.2556266201100159, "lamda": 0.3887746644084188}, "datetime": {"datetime": "2021-09-23 14:01:45", "elapsed": 563.003323, "delta": 1.291227}}
{"target": 0.5819438262796817, "params": {"C": 168.44068646256176, "epsilon": 0.22061616461511452, "gamma": 0.8416960308568397, "lamda": 0.3966851789758286}, "datetime": {"datetime": "2021-09-23 14:01:46", "elapsed": 564.696195, "delta": 1.692872}}
{"target": 0.7126250277572711, "params": {"C": 188.06963422683788, "epsilon": 1.0, "gamma": 0.4767016736279894, "lamda": 0.001}, "datetime": {"datetime": "2021-09-23 14:01:48", "elapsed": 566.106145, "delta": 1.40995}}
{"target": 0.5650325037909509, "params": {"C": 139.49432883800412, "epsilon": 0.05, "gamma": 0.9, "lamda": 0.001}, "datetime": {"datetime": "2021-09-23 14:01:49", "elapsed": 567.549385, "delta": 1.44324}}
{"target": 0.6445880160462915, "params": {"C": 179.89246255600412, "epsilon": 0.8120980176165007, "gamma": 0.6490539939252813, "lamda": 0.004343797053496939}, "datetime": {"datetime": "2021-09-23 14:01:50", "elapsed": 568.61917, "delta": 1.069785}}
{"target": -3.3914613991498275, "params": {"C": 187.80781876493282, "epsilon": 0.3262942200047571, "gamma": 0.0352924559161037, "lamda": 0.06824897694860128}, "datetime": {"datetime": "2021-09-23 14:02:04", "elapsed": 582.340617, "delta": 13.721447}}
{"target": 0.6546704747667811, "params": {"C": 174.32853873367023, "epsilon": 0.2529214948327334, "gamma": 0.6204583577270714, "lamda": 0.35249065111661143}, "datetime": {"datetime": "2021-09-23 14:02:06", "elapsed": 583.91928, "delta": 1.578663}}
{"target": 0.5665964810204701, "params": {"C": 188.53546665507145, "epsilon": 1.0, "gamma": 0.9, "lamda": 0.4}, "datetime": {"datetime": "2021-09-23 14:02:07", "elapsed": 585.821489, "delta": 1.902209}}
{"target": 0.6496386397007947, "params": {"C": 168.68811036532435, "epsilon": 0.38013344563618046, "gamma": 0.6344446108202639, "lamda": 0.38711855849264687}, "datetime": {"datetime": "2021-09-23 14:02:09", "elapsed": 587.375462, "delta": 1.553973}}
{"target": 0.8122959217466839, "params": {"C": 187.78214359672165, "epsilon": 0.8615378848847753, "gamma": 0.2500968903268927, "lamda": 0.3140453097601589}, "datetime": {"datetime": "2021-09-23 14:02:11", "elapsed": 589.523531, "delta": 2.148069}}
{"target": 0.5718865476296544, "params": {"C": 187.55166144547326, "epsilon": 0.8903049838600591, "gamma": 0.8800579252257439, "lamda": 0.33537033180281606}, "datetime": {"datetime": "2021-09-23 14:02:15", "elapsed": 592.895626, "delta": 3.372095}}
{"target": 0.9049266147156677, "params": {"C": 168.55741778530844, "epsilon": 1.0, "gamma": 0.03, "lamda": 0.001}, "datetime": {"datetime": "2021-09-23 14:02:17", "elapsed": 595.098267, "delta": 2.202641}}
{"target": 0.5864302025807799, "params": {"C": 131.2742856069543, "epsilon": 0.5972827682484027, "gamma": 0.8281874278647143, "lamda": 0.0482610410932755}, "datetime": {"datetime": "2021-09-23 14:02:18", "elapsed": 596.627531, "delta": 1.529264}}
{"target": 0.846746126824988, "params": {"C": 191.891089958878, "epsilon": 0.626440764786246, "gamma": 0.1838765550583368, "lamda": 0.09350671556013719}, "datetime": {"datetime": "2021-09-23 14:02:21", "elapsed": 598.935286, "delta": 2.307755}}
{"target": -3.618625799207523, "params": {"C": 177.00688342224873, "epsilon": 0.9812503972891237, "gamma": 0.03, "lamda": 0.4}, "datetime": {"datetime": "2021-09-23 14:02:38", "elapsed": 616.875923, "delta": 17.940637}}
{"target": -2.1353892420523195, "params": {"C": 178.28296333868042, "epsilon": 0.8721590573413576, "gamma": 0.06322872824624273, "lamda": 0.13706786637645058}, "datetime": {"datetime": "2021-09-23 14:02:53", "elapsed": 631.419038, "delta": 14.543115}}
{"target": 0.5737224168779765, "params": {"C": 192.10796098906013, "epsilon": 0.986871279153594, "gamma": 0.8740453664954657, "lamda": 0.06060816566469579}, "datetime": {"datetime": "2021-09-23 14:02:55", "elapsed": 633.245218, "delta": 1.82618}}
{"target": 0.7765975614745679, "params": {"C": 184.83883743075512, "epsilon": 1.0, "gamma": 0.33105448950805516, "lamda": 0.001}, "datetime": {"datetime": "2021-09-23 14:02:57", "elapsed": 635.161448, "delta": 1.91623}}
{"target": 0.584847996309935, "params": {"C": 126.98534629940194, "epsilon": 0.8122351101601143, "gamma": 0.8346059235385667, "lamda": 0.04970004902457989}, "datetime": {"datetime": "2021-09-23 14:02:59", "elapsed": 636.887495, "delta": 1.726047}}
{"target": 0.6203121958130358, "params": {"C": 141.65343731922297, "epsilon": 0.8581505536707816, "gamma": 0.7202253785502862, "lamda": 0.024436946203024536}, "datetime": {"datetime": "2021-09-23 14:03:00", "elapsed": 638.533643, "delta": 1.646148}}
{"target": 0.7477304639282882, "params": {"C": 138.27674085479384, "epsilon": 0.7745512615752671, "gamma": 0.39814906135224526, "lamda": 0.3897190800849119}, "datetime": {"datetime": "2021-09-23 14:03:01", "elapsed": 639.69464, "delta": 1.160997}}
{"target": -3.54469028682143, "params": {"C": 154.08993678166107, "epsilon": 0.5998132550756392, "gamma": 0.03, "lamda": 0.4}, "datetime": {"datetime": "2021-09-23 14:03:14", "elapsed": 652.790041, "delta": 13.095401}}
{"target": 0.7214116292991519, "params": {"C": 154.96278978569205, "epsilon": 0.19715361756399763, "gamma": 0.45759020423625874, "lamda": 0.04518514075819164}, "datetime": {"datetime": "2021-09-23 14:03:16", "elapsed": 654.267455, "delta": 1.477414}}
{"target": 0.7863688383913079, "params": {"C": 128.0014146788143, "epsilon": 0.05, "gamma": 0.3138718116734953, "lamda": 0.001}, "datetime": {"datetime": "2021-09-23 14:03:18", "elapsed": 655.90734, "delta": 1.639885}}
{"target": 0.5751302821854621, "params": {"C": 154.4100552645279, "epsilon": 0.8334247295583835, "gamma": 0.8677502683939572, "lamda": 0.04578348371230958}, "datetime": {"datetime": "2021-09-23 14:03:20", "elapsed": 658.014898, "delta": 2.107558}}
{"target": 0.5773376163867803, "params": {"C": 156.18537538282968, "epsilon": 0.8869380127642778, "gamma": 0.8602838408669724, "lamda": 0.2664105709497139}, "datetime": {"datetime": "2021-09-23 14:03:21", "elapsed": 659.127689, "delta": 1.112791}}
{"target": -3.5192324490186326, "params": {"C": 133.07824404732176, "epsilon": 0.05, "gamma": 0.03, "lamda": 0.4}, "datetime": {"datetime": "2021-09-23 14:03:38", "elapsed": 676.289771, "delta": 17.162082}}
{"target": 0.7214620066526238, "params": {"C": 143.2936223682217, "epsilon": 0.05, "gamma": 0.45800608434352047, "lamda": 0.4}, "datetime": {"datetime": "2021-09-23 14:03:41", "elapsed": 678.981426, "delta": 2.691655}}
{"target": 0.8049977074794746, "params": {"C": 169.31883883134844, "epsilon": 0.907734791922711, "gamma": 0.26808269299603393, "lamda": 0.0028421042458847186}, "datetime": {"datetime": "2021-09-23 14:03:42", "elapsed": 680.461334, "delta": 1.479908}}
{"target": 0.7624125590682399, "params": {"C": 169.74268636805027, "epsilon": 0.7825297057937888, "gamma": 0.36366377236505976, "lamda": 0.20481887528168644}, "datetime": {"datetime": "2021-09-23 14:03:44", "elapsed": 682.567015, "delta": 2.105681}}
{"target": 0.6152722007199105, "params": {"C": 133.73590663900944, "epsilon": 0.6270712722277818, "gamma": 0.7351750822524841, "lamda": 0.10260451463248776}, "datetime": {"datetime": "2021-09-23 14:03:47", "elapsed": 685.17171, "delta": 2.604695}}
{"target": 0.7942717107740308, "params": {"C": 145.8697065242064, "epsilon": 0.1734413703698915, "gamma": 0.29447270601697983, "lamda": 0.10349314056274374}, "datetime": {"datetime": "2021-09-23 14:03:48", "elapsed": 686.831529, "delta": 1.659819}}
{"target": 0.9022730320421448, "params": {"C": 162.53229195759525, "epsilon": 0.9603292426617646, "gamma": 0.0965353672165206, "lamda": 0.06598141944674568}, "datetime": {"datetime": "2021-09-23 14:03:51", "elapsed": 689.368554, "delta": 2.537025}}
{"target": 0.8583600579943774, "params": {"C": 197.33104692894275, "epsilon": 0.40068904390674437, "gamma": 0.1641532441233697, "lamda": 0.009245932556686227}, "datetime": {"datetime": "2021-09-23 14:03:54", "elapsed": 691.964466, "delta": 2.595912}}
{"target": 0.5893341688936592, "params": {"C": 175.49990003343785, "epsilon": 0.10461059620629928, "gamma": 0.8163475968433002, "lamda": 0.25600111850151275}, "datetime": {"datetime": "2021-09-23 14:03:55", "elapsed": 693.713996, "delta": 1.74953}}
{"target": 0.7106618500394293, "params": {"C": 142.37339719821298, "epsilon": 0.3232541426027959, "gamma": 0.48334884182217086, "lamda": 0.001}, "datetime": {"datetime": "2021-09-23 14:03:58", "elapsed": 695.945662, "delta": 2.231666}}
{"target": 0.5683518215469416, "params": {"C": 124.61018847402909, "epsilon": 0.09212147372726281, "gamma": 0.8883603415792188, "lamda": 0.0888968357129208}, "datetime": {"datetime": "2021-09-23 14:03:59", "elapsed": 697.693676, "delta": 1.748014}}
{"target": 0.5665964804488346, "params": {"C": 121.7511363788553, "epsilon": 1.0, "gamma": 0.9, "lamda": 0.001}, "datetime": {"datetime": "2021-09-23 14:04:01", "elapsed": 699.80739, "delta": 2.113714}}
{"target": 0.7316413278734093, "params": {"C": 182.34118888487572, "epsilon": 0.4856107048416953, "gamma": 0.43298400935879533, "lamda": 0.0016776026335071088}, "datetime": {"datetime": "2021-09-23 14:04:04", "elapsed": 702.205449, "delta": 2.398059}}
{"target": 0.5686949568268119, "params": {"C": 186.47908029939643, "epsilon": 0.4614654910828682, "gamma": 0.889181364853659, "lamda": 0.34122235652654853}, "datetime": {"datetime": "2021-09-23 14:04:05", "elapsed": 703.6152, "delta": 1.409751}}
{"target": 0.9140508501065259, "params": {"C": 125.05489073041964, "epsilon": 0.11582566598743803, "gamma": 0.06085056165681768, "lamda": 0.10029147638287497}, "datetime": {"datetime": "2021-09-23 14:04:07", "elapsed": 705.657008, "delta": 2.041808}}
{"target": 0.5653863934121467, "params": {"C": 184.67091496502425, "epsilon": 0.25141144481181715, "gamma": 0.9, "lamda": 0.001}, "datetime": {"datetime": "2021-09-23 14:04:09", "elapsed": 707.591874, "delta": 1.934866}}
{"target": -3.414001700773359, "params": {"C": 156.83425592805963, "epsilon": 0.18195127261619137, "gamma": 0.032329118761847526, "lamda": 0.22182662479718707}, "datetime": {"datetime": "2021-09-23 14:04:27", "elapsed": 725.029719, "delta": 17.437845}}
{"target": -2.05950284662693, "params": {"C": 155.7458203411428, "epsilon": 0.7638322907217447, "gamma": 0.06450733925256621, "lamda": 0.34540017512494836}, "datetime": {"datetime": "2021-09-23 14:04:46", "elapsed": 743.904965, "delta": 18.875246}}
{"target": 0.5651785480246947, "params": {"C": 155.91647171040293, "epsilon": 0.13229368216881904, "gamma": 0.9, "lamda": 0.001}, "datetime": {"datetime": "2021-09-23 14:04:48", "elapsed": 746.267235, "delta": 2.36227}}
{"target": 0.6049416381296882, "params": {"C": 124.45861231939533, "epsilon": 0.5346387600321976, "gamma": 0.7669467983946588, "lamda": 0.1044609914273352}, "datetime": {"datetime": "2021-09-23 14:04:50", "elapsed": 747.997767, "delta": 1.730532}}
{"target": 0.7111669260106561, "params": {"C": 140.81753026759267, "epsilon": 0.6329449004508552, "gamma": 0.48254949466523617, "lamda": 0.4}, "datetime": {"datetime": "2021-09-23 14:04:52", "elapsed": 750.693177, "delta": 2.69541}}
{"target": 0.6868512230119577, "params": {"C": 183.8948398337505, "epsilon": 1.0, "gamma": 0.5379026783954591, "lamda": 0.001}, "datetime": {"datetime": "2021-09-23 14:04:55", "elapsed": 753.22757, "delta": 2.534393}}
{"target": 0.7187138070515953, "params": {"C": 132.9560368273353, "epsilon": 0.6300462233750252, "gamma": 0.4652147849433186, "lamda": 0.012556653954404657}, "datetime": {"datetime": "2021-09-23 14:04:57", "elapsed": 755.628861, "delta": 2.401291}}
{"target": 0.6921092419841424, "params": {"C": 160.53210089665444, "epsilon": 0.44709882027281334, "gamma": 0.5258405233272376, "lamda": 0.001}, "datetime": {"datetime": "2021-09-23 14:05:00", "elapsed": 758.579275, "delta": 2.950414}}
{"target": 0.7338923189526007, "params": {"C": 153.58272987974934, "epsilon": 0.13193409745128992, "gamma": 0.42910668201614643, "lamda": 0.12658616511846316}, "datetime": {"datetime": "2021-09-23 14:05:02", "elapsed": 760.369485, "delta": 1.79021}}
{"target": -1.6801795751641246, "params": {"C": 160.37340971544938, "epsilon": 0.22617725028453306, "gamma": 0.06906179373341914, "lamda": 0.2258706608179359}, "datetime": {"datetime": "2021-09-23 14:05:19", "elapsed": 777.446916, "delta": 17.077431}}
{"target": 0.7702112812157214, "params": {"C": 161.31205517491182, "epsilon": 0.6555642003811467, "gamma": 0.34617698523167295, "lamda": 0.0050302016305175095}, "datetime": {"datetime": "2021-09-23 14:05:22", "elapsed": 779.924918, "delta": 2.478002}}
{"target": 0.7830532256694749, "params": {"C": 193.61923604217557, "epsilon": 0.5823089174650606, "gamma": 0.3161225990333555, "lamda": 0.11971657020548479}, "datetime": {"datetime": "2021-09-23 14:05:23", "elapsed": 781.736116, "delta": 1.811198}}
{"target": 0.6970778152847015, "params": {"C": 156.45986879037366, "epsilon": 0.7049281748052859, "gamma": 0.5146143019653381, "lamda": 0.0051987819525703815}, "datetime": {"datetime": "2021-09-23 14:05:26", "elapsed": 783.885643, "delta": 2.149527}}
{"target": 0.581050028604128, "params": {"C": 161.0201357696426, "epsilon": 0.08738842857721316, "gamma": 0.8441183863190358, "lamda": 0.14157499566826628}, "datetime": {"datetime": "2021-09-23 14:05:27", "elapsed": 785.783358, "delta": 1.897715}}
{"target": -3.273508689062319, "params": {"C": 143.53975142658214, "epsilon": 0.5100491791221016, "gamma": 0.030320011688480038, "lamda": 0.1683933078455348}, "datetime": {"datetime": "2021-09-23 14:05:39", "elapsed": 797.301946, "delta": 11.518588}}
{"target": 0.7149474494686655, "params": {"C": 161.5750244827372, "epsilon": 0.11812811131976787, "gamma": 0.47200196891109536, "lamda": 0.328505052773284}, "datetime": {"datetime": "2021-09-23 14:05:41", "elapsed": 798.964949, "delta": 1.663003}}
{"target": 0.7739568880250686, "params": {"C": 155.18760381209466, "epsilon": 0.9882744331008403, "gamma": 0.3375437632318614, "lamda": 0.20730164403035167}, "datetime": {"datetime": "2021-09-23 14:05:42", "elapsed": 800.114945, "delta": 1.149996}}
{"target": 0.5943453486394041, "params": {"C": 161.89438457901713, "epsilon": 0.7636277377131696, "gamma": 0.8025702409211115, "lamda": 0.008964406726816195}, "datetime": {"datetime": "2021-09-23 14:05:44", "elapsed": 801.91795, "delta": 1.803005}}
{"target": -3.298934243778115, "params": {"C": 151.41219787934378, "epsilon": 0.819785033579343, "gamma": 0.04911365403612655, "lamda": 0.015069753343788076}, "datetime": {"datetime": "2021-09-23 14:05:56", "elapsed": 814.242576, "delta": 12.324626}}
{"target": 0.574014374964892, "params": {"C": 150.80274561746376, "epsilon": 0.7700500949779926, "gamma": 0.8716869740638092, "lamda": 0.03477187923911789}, "datetime": {"datetime": "2021-09-23 14:05:58", "elapsed": 815.965454, "delta": 1.722878}}
