{"target": -21.59522189565682, "params": {"C": 15.887856185130842, "epsilon": 15.957313999137874, "gamma": 0.048387742079375004, "lamda": 2.5726418426263646}, "datetime": {"datetime": "2021-09-16 13:08:08", "elapsed": 4617.840192, "delta": 19.301413}}
{"target": -2.255552874064604, "params": {"C": 23.80495870803204, "epsilon": 2.7493883794685647, "gamma": 0.030890463432595848, "lamda": 0.01692944246834934}, "datetime": {"datetime": "2021-09-16 13:08:11", "elapsed": 4620.485365, "delta": 2.645173}}
{"target": -15.161054472605196, "params": {"C": 17.205704617263343, "epsilon": 4.938143131121014, "gamma": 0.01140263592861892, "lamda": 2.7913290558493866}, "datetime": {"datetime": "2021-09-16 13:08:23", "elapsed": 4633.092856, "delta": 12.607491}}
{"target": -20.947032376254953, "params": {"C": 21.3224647286604, "epsilon": 15.321625091291914, "gamma": 0.04300964465183511, "lamda": 1.4933428399726414}, "datetime": {"datetime": "2021-09-16 13:08:43", "elapsed": 4652.784074, "delta": 19.691218}}
{"target": -20.571300985708923, "params": {"C": 25.551262095371204, "epsilon": 14.472704533883807, "gamma": 0.043626241295500474, "lamda": 1.6080344346793567}, "datetime": {"datetime": "2021-09-16 13:09:03", "elapsed": 4672.479773, "delta": 19.695699}}
{"target": -22.310435535727965, "params": {"C": 23.209940702145616, "epsilon": 18.834734472778926, "gamma": 0.014722718964433796, "lamda": 0.3743994339343348}, "datetime": {"datetime": "2021-09-16 13:09:16", "elapsed": 4685.776103, "delta": 13.29633}}
{"target": -19.763988103927993, "params": {"C": 27.95469394073306, "epsilon": 12.151798469952334, "gamma": 0.03118898971055689, "lamda": 2.2401959250353554}, "datetime": {"datetime": "2021-09-16 13:09:36", "elapsed": 4705.628333, "delta": 19.85223}}
{"target": -21.11949383841955, "params": {"C": 22.198526520805657, "epsilon": 17.135542145519477, "gamma": 0.012863107828332998, "lamda": 2.8107956076861607}, "datetime": {"datetime": "2021-09-16 13:09:57", "elapsed": 4726.876584, "delta": 21.248251}}
{"target": -3.0420513039661032, "params": {"C": 3.168395086998098, "epsilon": 7.562898423271464, "gamma": 0.03903953395257205, "lamda": 0.004626359936676604}, "datetime": {"datetime": "2021-09-16 13:10:00", "elapsed": 4729.632527, "delta": 2.755943}}
{"target": -2.65216615553626, "params": {"C": 5.978464385091857, "epsilon": 13.014732296723945, "gamma": 0.04841501924774751, "lamda": 0.2821882179732845}, "datetime": {"datetime": "2021-09-16 13:10:02", "elapsed": 4731.836234, "delta": 2.203707}}
{"target": -18.164333394356774, "params": {"C": 23.577287290901562, "epsilon": 11.748382391756154, "gamma": 0.046642441669403845, "lamda": 2.7586916610295544}, "datetime": {"datetime": "2021-09-16 13:10:16", "elapsed": 4745.584445, "delta": 13.748211}}
{"target": -2.587219070790764, "params": {"C": 7.1930680089831025, "epsilon": 2.058736423642492, "gamma": 0.03638592124792083, "lamda": 0.38753520117525675}, "datetime": {"datetime": "2021-09-16 13:10:18", "elapsed": 4747.952011, "delta": 2.367566}}
{"target": -22.103612303473184, "params": {"C": 29.29765881736206, "epsilon": 17.336083958603332, "gamma": 0.048369096885567196, "lamda": 0.19779714658767167}, "datetime": {"datetime": "2021-09-16 13:10:38", "elapsed": 4767.60183, "delta": 19.649819}}
{"target": -17.741584749438335, "params": {"C": 28.89248645641504, "epsilon": 9.612512036321457, "gamma": 0.0396879916733164, "lamda": 0.2108947720326249}, "datetime": {"datetime": "2021-09-16 13:10:50", "elapsed": 4780.136911, "delta": 12.535081}}
{"target": -19.371847312153932, "params": {"C": 10.061798504477641, "epsilon": 11.044992634128267, "gamma": 0.0244266719438768, "lamda": 2.6978729942968287}, "datetime": {"datetime": "2021-09-16 13:11:10", "elapsed": 4800.094098, "delta": 19.957187}}
{"target": -13.818333904990958, "params": {"C": 10.77225402102723, "epsilon": 3.32545801616577, "gamma": 0.011813724695228203, "lamda": 2.007774181372586}, "datetime": {"datetime": "2021-09-16 13:11:28", "elapsed": 4818.322329, "delta": 18.228231}}
{"target": -20.72518118386673, "params": {"C": 20.3282238959901, "epsilon": 14.16563185848322, "gamma": 0.03503172026621611, "lamda": 0.6487055389631269}, "datetime": {"datetime": "2021-09-16 13:11:49", "elapsed": 4839.022157, "delta": 20.699828}}
{"target": -21.349806126276984, "params": {"C": 16.24103763513395, "epsilon": 15.646203417076773, "gamma": 0.03109532976348557, "lamda": 2.6558874972798456}, "datetime": {"datetime": "2021-09-16 13:12:09", "elapsed": 4859.257382, "delta": 20.235225}}
{"target": -17.072672599560576, "params": {"C": 6.761428953683089, "epsilon": 3.242698956423448, "gamma": 0.04487105722154088, "lamda": 0.6246584476818574}, "datetime": {"datetime": "2021-09-16 13:12:22", "elapsed": 4871.900825, "delta": 12.643443}}
{"target": -22.59504190650197, "params": {"C": 23.64749844052609, "epsilon": 17.185881896095353, "gamma": 0.019583240381736318, "lamda": 2.149140988122099}, "datetime": {"datetime": "2021-09-16 13:12:43", "elapsed": 4892.507197, "delta": 20.606372}}
{"target": -17.53831904082877, "params": {"C": 27.06812629380468, "epsilon": 4.947317576460152, "gamma": 0.032719269212510546, "lamda": 1.7985952124568636}, "datetime": {"datetime": "2021-09-16 13:12:55", "elapsed": 4905.277001, "delta": 12.769804}}
{"target": -19.969876162207424, "params": {"C": 19.290353792374617, "epsilon": 10.124987678791923, "gamma": 0.03165910222575222, "lamda": 2.719734857526167}, "datetime": {"datetime": "2021-09-16 13:13:15", "elapsed": 4925.21426, "delta": 19.937259}}
{"target": -17.467335120693527, "params": {"C": 3.325557998163523, "epsilon": 5.322457226154669, "gamma": 0.02774785970967615, "lamda": 1.8687917939064318}, "datetime": {"datetime": "2021-09-16 13:13:28", "elapsed": 4938.177889, "delta": 12.963629}}
{"target": -2.9690368813810077, "params": {"C": 3.7064668118857735, "epsilon": 8.677345945240576, "gamma": 0.034555508166098224, "lamda": 0.4268200739407231}, "datetime": {"datetime": "2021-09-16 13:13:30", "elapsed": 4940.200428, "delta": 2.022539}}
{"target": -2.8231300813866107, "params": {"C": 4.435831298022848, "epsilon": 1.446470764604943, "gamma": 0.025876219142255456, "lamda": 1.0564552435098566}, "datetime": {"datetime": "2021-09-16 13:13:32", "elapsed": 4942.372423, "delta": 2.171995}}
{"target": -14.641250688376378, "params": {"C": 20.605183129139956, "epsilon": 6.027617687178695, "gamma": 0.01890149747795011, "lamda": 1.5726878805379598}, "datetime": {"datetime": "2021-09-16 13:13:45", "elapsed": 4954.910728, "delta": 12.538305}}
{"target": -21.76861738352109, "params": {"C": 3.5233118527309406, "epsilon": 16.45528220141428, "gamma": 0.035657700155402205, "lamda": 0.7056984507922042}, "datetime": {"datetime": "2021-09-16 13:14:05", "elapsed": 4974.616341, "delta": 19.705613}}
{"target": -20.720849330306454, "params": {"C": 15.161006792546441, "epsilon": 14.073937157906274, "gamma": 0.04070536969055529, "lamda": 1.9353388205368354}, "datetime": {"datetime": "2021-09-16 13:14:24", "elapsed": 4994.034461, "delta": 19.41812}}
{"target": -19.556931508020906, "params": {"C": 7.171308088093617, "epsilon": 12.427977877195126, "gamma": 0.04041945269560453, "lamda": 2.8659516562572396}, "datetime": {"datetime": "2021-09-16 13:14:44", "elapsed": 5014.275467, "delta": 20.241006}}
{"target": -20.48437497188117, "params": {"C": 29.16935015793576, "epsilon": 16.297175186744994, "gamma": 0.04940565097641911, "lamda": 2.316763116169101}, "datetime": {"datetime": "2021-09-16 13:15:05", "elapsed": 5035.128895, "delta": 20.853428}}
{"target": -20.873463156111065, "params": {"C": 29.77295965863362, "epsilon": 15.259633050558174, "gamma": 0.04575054804170373, "lamda": 0.28027629097989054}, "datetime": {"datetime": "2021-09-16 13:15:25", "elapsed": 5055.328611, "delta": 20.199716}}
{"target": -19.427722999820247, "params": {"C": 23.160586250851104, "epsilon": 12.466770792183764, "gamma": 0.046053242325874835, "lamda": 2.535974543741853}, "datetime": {"datetime": "2021-09-16 13:15:45", "elapsed": 5074.590495, "delta": 19.261884}}
{"target": -18.739913364478614, "params": {"C": 4.501997954392204, "epsilon": 11.69649765518905, "gamma": 0.04915137582353597, "lamda": 0.7034671586121184}, "datetime": {"datetime": "2021-09-16 13:16:05", "elapsed": 5094.956285, "delta": 20.36579}}
{"target": -24.16956910979592, "params": {"C": 13.698069152680397, "epsilon": 19.18422174240167, "gamma": 0.01738605180339811, "lamda": 1.7101556721922027}, "datetime": {"datetime": "2021-09-16 13:16:19", "elapsed": 5108.844761, "delta": 13.888476}}
{"target": -18.09989487978456, "params": {"C": 15.651570862366185, "epsilon": 8.931202420266393, "gamma": 0.040147285836893865, "lamda": 0.35228575356531067}, "datetime": {"datetime": "2021-09-16 13:16:32", "elapsed": 5121.627844, "delta": 12.783083}}
{"target": -22.63279249776265, "params": {"C": 12.870877879500783, "epsilon": 17.093106709288495, "gamma": 0.024952734904115544, "lamda": 1.0042219905069079}, "datetime": {"datetime": "2021-09-16 13:16:44", "elapsed": 5134.451616, "delta": 12.823772}}
{"target": -16.498898153820537, "params": {"C": 10.542311926878781, "epsilon": 5.508633080629976, "gamma": 0.04398407690887781, "lamda": 2.952789428294815}, "datetime": {"datetime": "2021-09-16 13:17:06", "elapsed": 5156.155769, "delta": 21.704153}}
{"target": -19.090968275148516, "params": {"C": 11.148383253057446, "epsilon": 12.140154878407863, "gamma": 0.019084991721176905, "lamda": 0.9394870519676415}, "datetime": {"datetime": "2021-09-16 13:17:19", "elapsed": 5169.434028, "delta": 13.278259}}
{"target": -16.13957959548811, "params": {"C": 16.398424130111874, "epsilon": 3.1595586553093984, "gamma": 0.04472855057708299, "lamda": 2.128400079029755}, "datetime": {"datetime": "2021-09-16 13:17:40", "elapsed": 5189.824647, "delta": 20.390619}}
{"target": -16.086116845319008, "params": {"C": 13.030475128235848, "epsilon": 0.7713472707015239, "gamma": 0.04917321641676638, "lamda": 1.9041052995510424}, "datetime": {"datetime": "2021-09-16 13:17:53", "elapsed": 5202.911272, "delta": 13.086625}}
{"target": -2.975015797132039, "params": {"C": 3.173665109077367, "epsilon": 13.26492560925796, "gamma": 0.01906238131386581, "lamda": 0.6868960766042878}, "datetime": {"datetime": "2021-09-16 13:17:55", "elapsed": 5205.057392, "delta": 2.14612}}
{"target": -17.115922940001003, "params": {"C": 22.043593083688876, "epsilon": 9.511145306986085, "gamma": 0.03030596874581082, "lamda": 0.19838649072954936}, "datetime": {"datetime": "2021-09-16 13:18:09", "elapsed": 5218.683161, "delta": 13.625769}}
{"target": -19.786940737759714, "params": {"C": 4.327708284053517, "epsilon": 12.999229044927816, "gamma": 0.020714376794253336, "lamda": 2.8774478170616202}, "datetime": {"datetime": "2021-09-16 13:18:30", "elapsed": 5239.556786, "delta": 20.873625}}
{"target": -19.726718851063225, "params": {"C": 28.70247642288869, "epsilon": 14.13649204001337, "gamma": 0.04861926670656351, "lamda": 2.585778760761523}, "datetime": {"datetime": "2021-09-16 13:18:49", "elapsed": 5258.959255, "delta": 19.402469}}
{"target": -20.900557589581794, "params": {"C": 26.73632503380888, "epsilon": 14.524927585858377, "gamma": 0.030088126863043338, "lamda": 0.9639220861718495}, "datetime": {"datetime": "2021-09-16 13:19:03", "elapsed": 5272.83106, "delta": 13.871805}}
{"target": -20.131355377106757, "params": {"C": 24.79040057268167, "epsilon": 12.97919218578696, "gamma": 0.027044399693294453, "lamda": 1.5815173170831598}, "datetime": {"datetime": "2021-09-16 13:19:23", "elapsed": 5293.035619, "delta": 20.204559}}
{"target": -21.842732811307165, "params": {"C": 8.206624118182727, "epsilon": 16.116510005182466, "gamma": 0.031497614641453654, "lamda": 2.0184496694144993}, "datetime": {"datetime": "2021-09-16 13:19:44", "elapsed": 5313.514521, "delta": 20.478902}}
{"target": -17.68685350225648, "params": {"C": 23.606249105818254, "epsilon": 1.2336063518362137, "gamma": 0.02547645105398428, "lamda": 1.1585469245716171}, "datetime": {"datetime": "2021-09-16 13:19:57", "elapsed": 5326.46706, "delta": 12.952539}}
{"target": -20.19581424647696, "params": {"C": 23.5848387856805, "epsilon": 12.913889618616658, "gamma": 0.02232313475080722, "lamda": 2.214606892703816}, "datetime": {"datetime": "2021-09-16 13:20:10", "elapsed": 5340.086305, "delta": 13.619245}}
{"target": -20.631473929725274, "params": {"C": 5.167042392873316, "epsilon": 14.580855741113764, "gamma": 0.044460132142745294, "lamda": 1.746700555070702}, "datetime": {"datetime": "2021-09-16 13:20:31", "elapsed": 5360.958345, "delta": 20.87204}}
{"target": -17.67881041707655, "params": {"C": 29.571066149667516, "epsilon": 3.5971376981543752, "gamma": 0.01937024550577169, "lamda": 2.9501995638335163}, "datetime": {"datetime": "2021-09-16 13:20:40", "elapsed": 5369.566039, "delta": 8.607694}}
{"target": -17.486671925618225, "params": {"C": 28.203444646244204, "epsilon": 1.6886185475248423, "gamma": 0.03480721434023442, "lamda": 1.5426383619143258}, "datetime": {"datetime": "2021-09-16 13:20:52", "elapsed": 5382.018341, "delta": 12.452302}}
{"target": -18.80835755705409, "params": {"C": 13.282310458771011, "epsilon": 11.01822615870861, "gamma": 0.04461330932380326, "lamda": 2.329432079445515}, "datetime": {"datetime": "2021-09-16 13:21:14", "elapsed": 5404.055743, "delta": 22.037402}}
{"target": -19.512824354185067, "params": {"C": 19.5716194313844, "epsilon": 10.783811679794157, "gamma": 0.025414587961303962, "lamda": 0.5285914692919846}, "datetime": {"datetime": "2021-09-16 13:21:27", "elapsed": 5416.745474, "delta": 12.689731}}
{"target": -16.18660764145519, "params": {"C": 28.54300082915761, "epsilon": 2.077065792184996, "gamma": 0.04460316600161901, "lamda": 1.90572093793555}, "datetime": {"datetime": "2021-09-16 13:21:46", "elapsed": 5435.687856, "delta": 18.942382}}
{"target": -16.719058334687666, "params": {"C": 14.404998699135007, "epsilon": 2.6916557363043396, "gamma": 0.038699487411431754, "lamda": 1.5532649327765022}, "datetime": {"datetime": "2021-09-16 13:21:58", "elapsed": 5448.334532, "delta": 12.646676}}
{"target": -16.232141605047875, "params": {"C": 18.70190757412084, "epsilon": 6.62844396528737, "gamma": 0.037600348547859916, "lamda": 1.8682432645055895}, "datetime": {"datetime": "2021-09-16 13:22:18", "elapsed": 5468.020414, "delta": 19.685882}}
{"target": -22.493257050576602, "params": {"C": 9.282916802073753, "epsilon": 18.37385416572892, "gamma": 0.04771815525670528, "lamda": 0.11020993209634958}, "datetime": {"datetime": "2021-09-16 13:22:38", "elapsed": 5487.969209, "delta": 19.948795}}
{"target": -17.6193931199566, "params": {"C": 17.675694126821437, "epsilon": 2.870561304907978, "gamma": 0.02402436182608017, "lamda": 0.3882949998095424}, "datetime": {"datetime": "2021-09-16 13:22:55", "elapsed": 5504.865606, "delta": 16.896397}}
{"target": -16.083394651486852, "params": {"C": 16.007118503176116, "epsilon": 4.583923138201462, "gamma": 0.04990334665070035, "lamda": 1.5726076926040868}, "datetime": {"datetime": "2021-09-16 13:23:16", "elapsed": 5525.757057, "delta": 20.891451}}
{"target": -17.77702354246349, "params": {"C": 20.36845274018206, "epsilon": 6.048888898081347, "gamma": 0.03019452324359158, "lamda": 2.5587470452828565}, "datetime": {"datetime": "2021-09-16 13:23:29", "elapsed": 5539.066266, "delta": 13.309209}}
{"target": -16.77892527789957, "params": {"C": 5.4033236710203205, "epsilon": 2.218843994657, "gamma": 0.02995204537313828, "lamda": 2.860652750183352}, "datetime": {"datetime": "2021-09-16 13:23:46", "elapsed": 5555.791185, "delta": 16.724919}}
{"target": -15.282502730724467, "params": {"C": 7.173656615844338, "epsilon": 7.909059711214533, "gamma": 0.010395808171456973, "lamda": 2.5742723199372515}, "datetime": {"datetime": "2021-09-16 13:23:59", "elapsed": 5569.356193, "delta": 13.565008}}
{"target": -17.03199315892685, "params": {"C": 8.63281598763169, "epsilon": 8.246941222071024, "gamma": 0.029415201358602053, "lamda": 2.127303281132113}, "datetime": {"datetime": "2021-09-16 13:24:19", "elapsed": 5589.324613, "delta": 19.96842}}
{"target": -17.13627507444072, "params": {"C": 6.6925184869003935, "epsilon": 9.38733728662889, "gamma": 0.04827680913991734, "lamda": 1.4273245396411842}, "datetime": {"datetime": "2021-09-16 13:24:39", "elapsed": 5609.311452, "delta": 19.986839}}
{"target": -16.05363515681226, "params": {"C": 18.196412231224524, "epsilon": 3.2064265687438884, "gamma": 0.015028763277203136, "lamda": 0.799973040261501}, "datetime": {"datetime": "2021-09-16 13:24:59", "elapsed": 5629.37367, "delta": 20.062218}}
{"target": -16.70932266593697, "params": {"C": 12.180295030728658, "epsilon": 6.9638347329268155, "gamma": 0.048866590764181664, "lamda": 0.5431925989390615}, "datetime": {"datetime": "2021-09-16 13:25:19", "elapsed": 5649.140224, "delta": 19.766554}}
{"target": -19.12209670642214, "params": {"C": 12.27237727730401, "epsilon": 10.361793105031124, "gamma": 0.02416532625355658, "lamda": 1.1929000925082434}, "datetime": {"datetime": "2021-09-16 13:25:34", "elapsed": 5663.649672, "delta": 14.509448}}
{"target": -24.37930253082906, "params": {"C": 19.66307170803741, "epsilon": 19.33888446477222, "gamma": 0.035154094384911294, "lamda": 1.9930947638285876}, "datetime": {"datetime": "2021-09-16 13:25:53", "elapsed": 5683.198783, "delta": 19.549111}}
{"target": -14.90612657595023, "params": {"C": 21.12830469380407, "epsilon": 3.563364950818435, "gamma": 0.012905658147017678, "lamda": 2.7577431172412132}, "datetime": {"datetime": "2021-09-16 13:26:06", "elapsed": 5695.823704, "delta": 12.624921}}
{"target": -18.861877721948638, "params": {"C": 28.395594202513017, "epsilon": 8.815186415479605, "gamma": 0.028324652807041592, "lamda": 1.4120154959644728}, "datetime": {"datetime": "2021-09-16 13:26:19", "elapsed": 5708.68735, "delta": 12.863646}}
{"target": -21.090856764016895, "params": {"C": 18.044368922477837, "epsilon": 14.180238958379348, "gamma": 0.03131942366275871, "lamda": 1.1431010934682977}, "datetime": {"datetime": "2021-09-16 13:26:41", "elapsed": 5730.829772, "delta": 22.142422}}
{"target": -14.374940968274814, "params": {"C": 19.49236536399394, "epsilon": 5.069576993282776, "gamma": 0.026995054968803466, "lamda": 2.298296048055684}, "datetime": {"datetime": "2021-09-16 13:26:54", "elapsed": 5744.359371, "delta": 13.529599}}
{"target": -2.2925068196982834, "params": {"C": 20.359652406658828, "epsilon": 0.7425492251145867, "gamma": 0.03018070286006406, "lamda": 0.34705738008823495}, "datetime": {"datetime": "2021-09-16 13:26:57", "elapsed": 5746.974215, "delta": 2.614844}}
{"target": -2.9862364963316654, "params": {"C": 3.8157846191419074, "epsilon": 14.141427409446637, "gamma": 0.04144165747656481, "lamda": 0.0879466596046436}, "datetime": {"datetime": "2021-09-16 13:27:00", "elapsed": 5749.740759, "delta": 2.766544}}
{"target": -16.464942277700917, "params": {"C": 3.254691873404, "epsilon": 3.4888586507828645, "gamma": 0.04137806978872382, "lamda": 2.3953867210404143}, "datetime": {"datetime": "2021-09-16 13:27:20", "elapsed": 5770.105743, "delta": 20.364984}}
{"target": -18.78183682364467, "params": {"C": 24.84683624072557, "epsilon": 10.49415577079401, "gamma": 0.02249322200564723, "lamda": 1.687323039356057}, "datetime": {"datetime": "2021-09-16 13:27:33", "elapsed": 5783.278953, "delta": 13.17321}}
{"target": -20.500006473831956, "params": {"C": 27.681062064230353, "epsilon": 14.392491640689915, "gamma": 0.03675395414724021, "lamda": 2.1042552743754417}, "datetime": {"datetime": "2021-09-16 13:27:53", "elapsed": 5803.392752, "delta": 20.113799}}
{"target": -19.092732215997252, "params": {"C": 27.363651531042866, "epsilon": 11.250325427060675, "gamma": 0.03508166155747475, "lamda": 0.7463220637756419}, "datetime": {"datetime": "2021-09-16 13:28:07", "elapsed": 5816.993783, "delta": 13.601031}}
{"target": -20.718530142577695, "params": {"C": 16.164782503637284, "epsilon": 13.928545877802813, "gamma": 0.018572899150307423, "lamda": 1.3795504389956121}, "datetime": {"datetime": "2021-09-16 13:28:21", "elapsed": 5831.110892, "delta": 14.117109}}
{"target": -2.6151950020683024, "params": {"C": 6.254178015105693, "epsilon": 16.87528387158535, "gamma": 0.04600148158441342, "lamda": 2.6001181905955706}, "datetime": {"datetime": "2021-09-16 13:28:23", "elapsed": 5833.414142, "delta": 2.30325}}
{"target": -13.485827840555134, "params": {"C": 29.472418005297897, "epsilon": 11.672613457702411, "gamma": 0.01116057319407517, "lamda": 0.8279490777983513}, "datetime": {"datetime": "2021-09-16 13:28:36", "elapsed": 5846.331718, "delta": 12.917576}}
{"target": -17.226018481176723, "params": {"C": 19.12111399220484, "epsilon": 14.343721457619834, "gamma": 0.024300204763404585, "lamda": 0.12688201203302477}, "datetime": {"datetime": "2021-09-16 13:28:52", "elapsed": 5861.993823, "delta": 15.662105}}
{"target": -20.893831077140952, "params": {"C": 11.233407134717538, "epsilon": 14.811617666799787, "gamma": 0.022530186087673376, "lamda": 0.5721101634007717}, "datetime": {"datetime": "2021-09-16 13:29:06", "elapsed": 5876.020094, "delta": 14.026271}}
{"target": -16.201692762743157, "params": {"C": 17.751709124414027, "epsilon": 4.522773939697642, "gamma": 0.03435910909746048, "lamda": 0.2958037116527282}, "datetime": {"datetime": "2021-09-16 13:29:20", "elapsed": 5890.136974, "delta": 14.11688}}
{"target": -19.76737418317233, "params": {"C": 3.0077318997021445, "epsilon": 13.265934944642051, "gamma": 0.044309249116954136, "lamda": 2.0105670557034565}, "datetime": {"datetime": "2021-09-16 13:29:41", "elapsed": 5910.938919, "delta": 20.801945}}
{"target": -18.212024204747518, "params": {"C": 24.600934232720505, "epsilon": 7.9548959435173945, "gamma": 0.022377691982181827, "lamda": 1.5500749282439323}, "datetime": {"datetime": "2021-09-16 13:29:54", "elapsed": 5923.863874, "delta": 12.924955}}
