{"target": -3.8104273816255256, "params": {"C": 389.0058453193884, "epsilon": 0.457895656610391, "gamma": 0.03564633941855289, "lamda": 0.11737518916975088}, "datetime": {"datetime": "2021-09-23 15:47:02", "elapsed": 903.011476, "delta": 12.740998}}
{"target": -3.2298517756712615, "params": {"C": 324.9819524354252, "epsilon": 0.6015715116001653, "gamma": 0.02447148089872689, "lamda": 0.03465108115162237}, "datetime": {"datetime": "2021-09-23 15:47:14", "elapsed": 915.02813, "delta": 12.016654}}
{"target": -2.071330060594963, "params": {"C": 456.6199812775103, "epsilon": 0.9513223816308285, "gamma": 0.060309455138006146, "lamda": 0.09119840580061213}, "datetime": {"datetime": "2021-09-23 15:47:25", "elapsed": 925.965514, "delta": 10.937384}}
{"target": -3.606458944602265, "params": {"C": 352.2571664306216, "epsilon": 0.4611783209522921, "gamma": 0.026303657722192307, "lamda": 0.1312249670089321}, "datetime": {"datetime": "2021-09-23 15:47:36", "elapsed": 936.760586, "delta": 10.795072}}
{"target": -2.0313938071690156, "params": {"C": 463.45300923128036, "epsilon": 0.5810300102238392, "gamma": 0.06874166627065315, "lamda": 0.13914554701307344}, "datetime": {"datetime": "2021-09-23 15:47:46", "elapsed": 947.017554, "delta": 10.256968}}
{"target": -3.194256025479837, "params": {"C": 362.22087048450186, "epsilon": 0.7436534970939901, "gamma": 0.042726664549912675, "lamda": 0.14123610251542967}, "datetime": {"datetime": "2021-09-23 15:47:57", "elapsed": 958.005992, "delta": 10.988438}}
{"target": -3.7509374308232264, "params": {"C": 455.0373948505769, "epsilon": 0.5680159091910173, "gamma": 0.020200385376140773, "lamda": 0.026842422337886876}, "datetime": {"datetime": "2021-09-23 15:48:08", "elapsed": 968.526423, "delta": 10.520431}}
{"target": -2.0958964235569306, "params": {"C": 425.834610511597, "epsilon": 0.1597989330925227, "gamma": 0.0686145116456797, "lamda": 0.1384109973350992}, "datetime": {"datetime": "2021-09-23 15:48:18", "elapsed": 979.08459, "delta": 10.558167}}
{"target": -1.9309961593899878, "params": {"C": 350.65380567082804, "epsilon": 0.3000822529778729, "gamma": 0.062001069929105215, "lamda": 0.07968087469766143}, "datetime": {"datetime": "2021-09-23 15:48:29", "elapsed": 989.668439, "delta": 10.583849}}
{"target": -3.8423750211264505, "params": {"C": 382.31735251056585, "epsilon": 0.6273235272717189, "gamma": 0.032773336590488894, "lamda": 0.11519111380947693}, "datetime": {"datetime": "2021-09-23 15:48:40", "elapsed": 1000.740037, "delta": 11.071598}}
{"target": 0.9126832066340691, "params": {"C": 326.0715565608128, "epsilon": 0.9505039573351692, "gamma": 0.06439592305182781, "lamda": 0.004594977586974797}, "datetime": {"datetime": "2021-09-23 15:48:40", "elapsed": 1001.478036, "delta": 0.737999}}
{"target": -3.084289378212233, "params": {"C": 335.77181577273535, "epsilon": 0.5669169983580535, "gamma": 0.04486615456708688, "lamda": 0.12206113657960052}, "datetime": {"datetime": "2021-09-23 15:48:59", "elapsed": 1019.669293, "delta": 18.191257}}
{"target": -3.5828091026478566, "params": {"C": 463.3589236235084, "epsilon": 0.6552379192212231, "gamma": 0.038332481027716345, "lamda": 0.1284620586159088}, "datetime": {"datetime": "2021-09-23 15:49:10", "elapsed": 1030.687931, "delta": 11.018638}}
{"target": -3.2737759320979753, "params": {"C": 477.4279148991716, "epsilon": 0.4212224579342212, "gamma": 0.045753185389990465, "lamda": 0.07087710897041824}, "datetime": {"datetime": "2021-09-23 15:49:21", "elapsed": 1042.393003, "delta": 11.705072}}
{"target": -3.7922356873094785, "params": {"C": 441.4016768596906, "epsilon": 0.5337048775715479, "gamma": 0.02841030029989121, "lamda": 0.05337731043492862}, "datetime": {"datetime": "2021-09-23 15:49:33", "elapsed": 1053.745428, "delta": 11.352425}}
{"target": -2.0181195893825765, "params": {"C": 398.17404089736425, "epsilon": 0.46873214255049567, "gamma": 0.06039007421448185, "lamda": 0.09132882394168922}, "datetime": {"datetime": "2021-09-23 15:49:44", "elapsed": 1064.947168, "delta": 11.20174}}
{"target": -1.7912811032770994, "params": {"C": 415.48488639743687, "epsilon": 0.37150022896440243, "gamma": 0.06991859942746348, "lamda": 0.0933666558266317}, "datetime": {"datetime": "2021-09-23 15:49:55", "elapsed": 1076.074074, "delta": 11.126906}}
{"target": -3.7324024432689464, "params": {"C": 348.0930018922716, "epsilon": 0.5911428990592564, "gamma": 0.025793483074707017, "lamda": 0.014449081851274321}, "datetime": {"datetime": "2021-09-23 15:50:06", "elapsed": 1087.410354, "delta": 11.33628}}
{"target": -1.9404675130444304, "params": {"C": 458.947482520798, "epsilon": 0.8001368636136533, "gamma": 0.06207978949135455, "lamda": 0.10331672041266676}, "datetime": {"datetime": "2021-09-23 15:50:17", "elapsed": 1098.024612, "delta": 10.614258}}
{"target": -2.1163483229334163, "params": {"C": 409.47859075976373, "epsilon": 0.2849076563793094, "gamma": 0.06648550961139739, "lamda": 0.14425590575448816}, "datetime": {"datetime": "2021-09-23 15:50:28", "elapsed": 1108.840044, "delta": 10.815432}}
{"target": -3.787613562427273, "params": {"C": 453.2503177734832, "epsilon": 0.9404050301141643, "gamma": 0.027583402359839436, "lamda": 0.06382183445754018}, "datetime": {"datetime": "2021-09-23 15:50:38", "elapsed": 1119.247232, "delta": 10.407188}}
{"target": -3.163275254727073, "params": {"C": 425.87870300443325, "epsilon": 0.06686247858419558, "gamma": 0.04426837006273858, "lamda": 0.02062827313230949}, "datetime": {"datetime": "2021-09-23 15:50:49", "elapsed": 1130.323396, "delta": 11.076164}}
{"target": -1.8595473515127896, "params": {"C": 332.0526803762352, "epsilon": 0.5507443452182548, "gamma": 0.065489607911743, "lamda": 0.04487362383594535}, "datetime": {"datetime": "2021-09-23 15:51:01", "elapsed": 1141.660804, "delta": 11.337408}}
{"target": -3.5132298689903143, "params": {"C": 413.4766223487973, "epsilon": 0.08718668648167555, "gamma": 0.022609146245693962, "lamda": 0.12811098360414236}, "datetime": {"datetime": "2021-09-23 15:51:11", "elapsed": 1152.165095, "delta": 10.504291}}
{"target": -3.7383271082925242, "params": {"C": 424.6905025377011, "epsilon": 0.8026007115457883, "gamma": 0.023615123940699888, "lamda": 0.08796336914170975}, "datetime": {"datetime": "2021-09-23 15:51:22", "elapsed": 1163.399071, "delta": 11.233976}}
{"target": -3.3214970483046233, "params": {"C": 335.18988784026044, "epsilon": 0.6237555412978093, "gamma": 0.035774360753603546, "lamda": 0.09236822700302749}, "datetime": {"datetime": "2021-09-23 15:51:34", "elapsed": 1175.475042, "delta": 12.075971}}
{"target": -1.9198249484142358, "params": {"C": 442.47212676710717, "epsilon": 0.9056724058907712, "gamma": 0.05881566840710757, "lamda": 0.14484222667299107}, "datetime": {"datetime": "2021-09-23 15:51:46", "elapsed": 1186.538764, "delta": 11.063722}}
{"target": -3.250290449256025, "params": {"C": 473.70519034370943, "epsilon": 0.9136754036299634, "gamma": 0.03417032708484259, "lamda": 0.03787525261976273}, "datetime": {"datetime": "2021-09-23 15:51:57", "elapsed": 1198.095958, "delta": 11.557194}}
{"target": -2.429853461036852, "params": {"C": 384.48963423637133, "epsilon": 0.29724890451299757, "gamma": 0.055577669494171617, "lamda": 0.09036616639451557}, "datetime": {"datetime": "2021-09-23 15:52:08", "elapsed": 1209.156928, "delta": 11.06097}}
{"target": -3.547407454231119, "params": {"C": 383.4741267664828, "epsilon": 0.9804999500676693, "gamma": 0.027388537503104587, "lamda": 0.020430066344078467}, "datetime": {"datetime": "2021-09-23 15:52:19", "elapsed": 1219.822031, "delta": 10.665103}}
{"target": 0.9117225379244622, "params": {"C": 357.29112655890833, "epsilon": 0.478685222210234, "gamma": 0.06835716439865076, "lamda": 0.018946123733767847}, "datetime": {"datetime": "2021-09-23 15:52:20", "elapsed": 1220.726034, "delta": 0.904003}}
{"target": -3.169853642852047, "params": {"C": 465.5659304995021, "epsilon": 0.8243855860021689, "gamma": 0.03666421385682505, "lamda": 0.02611745460940216}, "datetime": {"datetime": "2021-09-23 15:52:31", "elapsed": 1232.148797, "delta": 11.422763}}
{"target": -2.7968142054923426, "params": {"C": 406.44563468412156, "epsilon": 0.7878166533364959, "gamma": 0.04720903690640528, "lamda": 0.143180253650195}, "datetime": {"datetime": "2021-09-23 15:52:43", "elapsed": 1243.515957, "delta": 11.36716}}
{"target": 0.9122935139039721, "params": {"C": 399.71548942784585, "epsilon": 0.67473350064987, "gamma": 0.06424597847415114, "lamda": 0.02776403205037207}, "datetime": {"datetime": "2021-09-23 15:52:43", "elapsed": 1244.304957, "delta": 0.789}}
{"target": -2.710299862879629, "params": {"C": 457.2456023243449, "epsilon": 0.28723422786039055, "gamma": 0.05071739021618664, "lamda": 0.06682266955546932}, "datetime": {"datetime": "2021-09-23 15:52:57", "elapsed": 1257.953245, "delta": 13.648288}}
{"target": -3.4983404767862822, "params": {"C": 354.24586980065715, "epsilon": 0.3534554020873857, "gamma": 0.02367959653519499, "lamda": 0.07196515105470198}, "datetime": {"datetime": "2021-09-23 15:53:09", "elapsed": 1269.937811, "delta": 11.984566}}
{"target": -3.2254818589177594, "params": {"C": 390.27674753734686, "epsilon": 0.09047588458280009, "gamma": 0.03952056594992524, "lamda": 0.03124260746904003}, "datetime": {"datetime": "2021-09-23 15:53:22", "elapsed": 1282.608879, "delta": 12.671068}}
{"target": -2.1757894318474165, "params": {"C": 428.812302948264, "epsilon": 0.14710531700377638, "gamma": 0.060847846024009486, "lamda": 0.09697538610632776}, "datetime": {"datetime": "2021-09-23 15:53:35", "elapsed": 1296.102546, "delta": 13.493667}}
{"target": -3.751395024164477, "params": {"C": 429.00894210464656, "epsilon": 0.44764513039166876, "gamma": 0.02823345831395819, "lamda": 0.13216025222052474}, "datetime": {"datetime": "2021-09-23 15:53:50", "elapsed": 1311.091165, "delta": 14.988619}}
{"target": -2.925847113649815, "params": {"C": 394.8950880089857, "epsilon": 0.4960650568798733, "gamma": 0.04572465120937155, "lamda": 0.06267923676067522}, "datetime": {"datetime": "2021-09-23 15:54:04", "elapsed": 1325.090716, "delta": 13.999551}}
{"target": -2.562954718398898, "params": {"C": 374.42030846661186, "epsilon": 0.9469388078131454, "gamma": 0.06119422961954722, "lamda": 0.036662041751169556}, "datetime": {"datetime": "2021-09-23 15:54:18", "elapsed": 1339.322786, "delta": 14.23207}}
{"target": -3.4381551703417452, "params": {"C": 429.6175880304181, "epsilon": 0.2885461665207455, "gamma": 0.024695414655207637, "lamda": 0.10230296951082157}, "datetime": {"datetime": "2021-09-23 15:54:32", "elapsed": 1353.44335, "delta": 14.120564}}
{"target": -3.123787254454487, "params": {"C": 376.7184590138639, "epsilon": 0.5003451682407526, "gamma": 0.0444822770256246, "lamda": 0.14536690377361008}, "datetime": {"datetime": "2021-09-23 15:54:48", "elapsed": 1368.614643, "delta": 15.171293}}
{"target": -3.6447788881476377, "params": {"C": 410.87229518124764, "epsilon": 0.47292463984442235, "gamma": 0.026615197052301632, "lamda": 0.10661633794540766}, "datetime": {"datetime": "2021-09-23 15:55:02", "elapsed": 1382.703074, "delta": 14.088431}}
{"target": -3.6606761042694957, "params": {"C": 477.73725900634304, "epsilon": 0.20667963293807695, "gamma": 0.024348663311813908, "lamda": 0.12511340591779058}, "datetime": {"datetime": "2021-09-23 15:55:14", "elapsed": 1394.598783, "delta": 11.895709}}
{"target": -2.7427868304224177, "params": {"C": 364.2329127298593, "epsilon": 0.8298701029032715, "gamma": 0.046477933489676174, "lamda": 0.009250311263807882}, "datetime": {"datetime": "2021-09-23 15:55:26", "elapsed": 1407.450757, "delta": 12.851974}}
{"target": -2.625371102006964, "params": {"C": 391.4653731342082, "epsilon": 0.9968799081163998, "gamma": 0.053370437859917935, "lamda": 0.016395177451073054}, "datetime": {"datetime": "2021-09-23 15:55:39", "elapsed": 1419.596163, "delta": 12.145406}}
{"target": -3.1383926774144353, "params": {"C": 365.9410869189882, "epsilon": 0.5119657017093356, "gamma": 0.022993580265739184, "lamda": 0.0642215098161832}, "datetime": {"datetime": "2021-09-23 15:55:50", "elapsed": 1431.063165, "delta": 11.467002}}
{"target": -3.771641749618343, "params": {"C": 398.04957451011745, "epsilon": 0.9341716185120165, "gamma": 0.023732399126731984, "lamda": 0.13160166957816483}, "datetime": {"datetime": "2021-09-23 15:56:02", "elapsed": 1443.377734, "delta": 12.314569}}
{"target": -3.3377507454155184, "params": {"C": 376.4411235990623, "epsilon": 0.25934433682427005, "gamma": 0.03848479956007364, "lamda": 0.0658769171441363}, "datetime": {"datetime": "2021-09-23 15:56:17", "elapsed": 1458.460563, "delta": 15.082829}}
{"target": -3.2675863488689467, "params": {"C": 425.8727927986419, "epsilon": 0.9658255941957546, "gamma": 0.04524345362554475, "lamda": 0.08127387225898369}, "datetime": {"datetime": "2021-09-23 15:56:34", "elapsed": 1474.540571, "delta": 16.080008}}
{"target": -2.3050956079302427, "params": {"C": 401.6688622939509, "epsilon": 0.9199067350664802, "gamma": 0.0540426046466982, "lamda": 0.037659695333702295}, "datetime": {"datetime": "2021-09-23 15:56:51", "elapsed": 1492.318453, "delta": 17.777882}}
{"target": 0.9168150898499838, "params": {"C": 408.91263788490807, "epsilon": 0.6778782254052637, "gamma": 0.05020338560252497, "lamda": 0.002206408346077814}, "datetime": {"datetime": "2021-09-23 15:56:54", "elapsed": 1495.195488, "delta": 2.877035}}
{"target": -3.1493125022593675, "params": {"C": 446.5074135038744, "epsilon": 0.46293922881370897, "gamma": 0.03207044463892851, "lamda": 0.13463131392914987}, "datetime": {"datetime": "2021-09-23 15:57:12", "elapsed": 1512.93004, "delta": 17.734552}}
{"target": -2.8866041856625553, "params": {"C": 399.4887470150795, "epsilon": 0.27603697875146904, "gamma": 0.04809589807733981, "lamda": 0.10279970413601577}, "datetime": {"datetime": "2021-09-23 15:57:27", "elapsed": 1527.816543, "delta": 14.886503}}
{"target": -2.5244486558127055, "params": {"C": 356.14292583592044, "epsilon": 0.38535424307433885, "gamma": 0.04810950607619808, "lamda": 0.017252004420078588}, "datetime": {"datetime": "2021-09-23 15:57:41", "elapsed": 1541.932407, "delta": 14.115864}}
{"target": -2.1911469830953476, "params": {"C": 448.1822991076938, "epsilon": 0.9957635182786003, "gamma": 0.06707917360888545, "lamda": 0.13689406608500432}, "datetime": {"datetime": "2021-09-23 15:57:55", "elapsed": 1555.771971, "delta": 13.839564}}
{"target": -3.212948889368289, "params": {"C": 439.7920561830154, "epsilon": 0.3095670623403426, "gamma": 0.03588462592461149, "lamda": 0.103076266730604}, "datetime": {"datetime": "2021-09-23 15:58:11", "elapsed": 1572.06196, "delta": 16.289989}}
{"target": -3.6439197689748886, "params": {"C": 449.4856523679115, "epsilon": 0.26500383043275116, "gamma": 0.03811767476518949, "lamda": 0.15838718562579107}, "datetime": {"datetime": "2021-09-23 15:58:27", "elapsed": 1588.475799, "delta": 16.413839}}
{"target": -2.615738892527981, "params": {"C": 337.78789818861986, "epsilon": 0.1767380708937792, "gamma": 0.05236046896956302, "lamda": 0.09234211934145288}, "datetime": {"datetime": "2021-09-23 15:58:42", "elapsed": 1603.443769, "delta": 14.96797}}
{"target": 0.9116162846133031, "params": {"C": 363.8026593987078, "epsilon": 0.855195488782119, "gamma": 0.027794306208286056, "lamda": 0.0008573152978375545}, "datetime": {"datetime": "2021-09-23 15:58:44", "elapsed": 1605.146769, "delta": 1.703}}
{"target": -2.278751584079862, "params": {"C": 388.189516333104, "epsilon": 0.17535378684792113, "gamma": 0.06215994531777562, "lamda": 0.1173289937910205}, "datetime": {"datetime": "2021-09-23 15:58:58", "elapsed": 1619.205064, "delta": 14.058295}}
{"target": -2.258360291819403, "params": {"C": 359.781659119818, "epsilon": 0.6901423140387962, "gamma": 0.060701286768280904, "lamda": 0.07662419864343156}, "datetime": {"datetime": "2021-09-23 15:59:13", "elapsed": 1633.732734, "delta": 14.52767}}
{"target": -3.036635221169492, "params": {"C": 415.2576492136428, "epsilon": 0.5521781776412087, "gamma": 0.04812482116145653, "lamda": 0.07432961848055303}, "datetime": {"datetime": "2021-09-23 15:59:28", "elapsed": 1648.592305, "delta": 14.859571}}
{"target": -3.0365806399238293, "params": {"C": 360.8727965690221, "epsilon": 0.8367713764243454, "gamma": 0.041843811913046064, "lamda": 0.020994612453960962}, "datetime": {"datetime": "2021-09-23 15:59:41", "elapsed": 1661.792423, "delta": 13.200118}}
{"target": -3.149255462383537, "params": {"C": 478.8834524833896, "epsilon": 0.6520088836120579, "gamma": 0.03795934280340084, "lamda": 0.08644437355186917}, "datetime": {"datetime": "2021-09-23 15:59:55", "elapsed": 1675.940259, "delta": 14.147836}}
{"target": -4.008844994368408, "params": {"C": 446.0743253334504, "epsilon": 0.6936289709355402, "gamma": 0.021481613792422295, "lamda": 0.027185010553073225}, "datetime": {"datetime": "2021-09-23 16:00:08", "elapsed": 1688.529324, "delta": 12.589065}}
{"target": -3.364447802143964, "params": {"C": 427.4864476645664, "epsilon": 0.16500722555890718, "gamma": 0.047561797979202375, "lamda": 0.1272823457625348}, "datetime": {"datetime": "2021-09-23 16:00:22", "elapsed": 1702.85714, "delta": 14.327816}}
{"target": -3.3536532368934298, "params": {"C": 422.4595102606632, "epsilon": 0.40423707048459045, "gamma": 0.035359612396579795, "lamda": 0.0756418379620377}, "datetime": {"datetime": "2021-09-23 16:00:37", "elapsed": 1718.121556, "delta": 15.264416}}
{"target": -2.2855614169471705, "params": {"C": 411.0214400383045, "epsilon": 0.272629929010259, "gamma": 0.05582422319021188, "lamda": 0.07542593111130082}, "datetime": {"datetime": "2021-09-23 16:00:53", "elapsed": 1733.917079, "delta": 15.795523}}
{"target": -2.9463996642457264, "params": {"C": 426.928103460766, "epsilon": 0.17582827769541104, "gamma": 0.05313325207027114, "lamda": 0.015837548938673795}, "datetime": {"datetime": "2021-09-23 16:01:12", "elapsed": 1753.179539, "delta": 19.26246}}
{"target": -3.2911909936217576, "params": {"C": 413.8621500091665, "epsilon": 0.5266511298100683, "gamma": 0.04574613780782891, "lamda": 0.10168643750011026}, "datetime": {"datetime": "2021-09-23 16:01:29", "elapsed": 1769.487589, "delta": 16.30805}}
{"target": 0.9127901002919789, "params": {"C": 453.693765344683, "epsilon": 0.2888906791717478, "gamma": 0.06031390075593014, "lamda": 0.03412461353874521}, "datetime": {"datetime": "2021-09-23 16:01:30", "elapsed": 1770.879317, "delta": 1.391728}}
{"target": -2.6045639746980247, "params": {"C": 415.30486842260376, "epsilon": 0.5525539620617804, "gamma": 0.045872809232673326, "lamda": 0.009112479832897067}, "datetime": {"datetime": "2021-09-23 16:01:44", "elapsed": 1785.177093, "delta": 14.297776}}
{"target": -3.1489219632346908, "params": {"C": 406.50130244270963, "epsilon": 0.16793181325039572, "gamma": 0.04104190516625471, "lamda": 0.13330122867878397}, "datetime": {"datetime": "2021-09-23 16:01:56", "elapsed": 1796.982589, "delta": 11.805496}}
{"target": -2.6851199879754373, "params": {"C": 479.9516704869641, "epsilon": 0.9425669371278065, "gamma": 0.054746561811679265, "lamda": 0.042775569477290054}, "datetime": {"datetime": "2021-09-23 16:02:06", "elapsed": 1807.349982, "delta": 10.367393}}
{"target": -2.9367815795498604, "params": {"C": 382.2483459539535, "epsilon": 0.971249002896569, "gamma": 0.05062296874718461, "lamda": 0.07883791409137345}, "datetime": {"datetime": "2021-09-23 16:02:17", "elapsed": 1817.629485, "delta": 10.279503}}
{"target": 0.9148941203190976, "params": {"C": 376.8712568431358, "epsilon": 0.19689154822959498, "gamma": 0.056865783859980076, "lamda": 0.05941790955916363}, "datetime": {"datetime": "2021-09-23 16:02:18", "elapsed": 1818.595346, "delta": 0.965861}}
{"target": -1.9351682838147233, "params": {"C": 446.5458319680009, "epsilon": 0.9528910607258768, "gamma": 0.06372403678605808, "lamda": 0.03549805990921664}, "datetime": {"datetime": "2021-09-23 16:02:29", "elapsed": 1829.909249, "delta": 11.313903}}
{"target": -3.441731305286524, "params": {"C": 395.87713679009084, "epsilon": 0.5252156654430491, "gamma": 0.027674447526345854, "lamda": 0.03522071863958238}, "datetime": {"datetime": "2021-09-23 16:02:40", "elapsed": 1840.635041, "delta": 10.725792}}
{"target": -4.088630408902457, "params": {"C": 472.26325422293337, "epsilon": 0.8748244058493646, "gamma": 0.026273325387316214, "lamda": 0.04210726851699801}, "datetime": {"datetime": "2021-09-23 16:02:50", "elapsed": 1851.443894, "delta": 10.808853}}
{"target": -2.9704043381001384, "params": {"C": 393.9717904661377, "epsilon": 0.8809083865986673, "gamma": 0.04155388155852868, "lamda": 0.07291179440645121}, "datetime": {"datetime": "2021-09-23 16:03:01", "elapsed": 1862.287021, "delta": 10.843127}}
{"target": -2.595428298582922, "params": {"C": 366.88972888791204, "epsilon": 0.6757121722550027, "gamma": 0.054658372554923826, "lamda": 0.12251502281009347}, "datetime": {"datetime": "2021-09-23 16:03:12", "elapsed": 1872.760537, "delta": 10.473516}}
{"target": -3.2652683814635957, "params": {"C": 456.81182532981177, "epsilon": 0.46063180858821273, "gamma": 0.02548348260465939, "lamda": 0.14899108239519504}, "datetime": {"datetime": "2021-09-23 16:03:22", "elapsed": 1883.329673, "delta": 10.569136}}
{"target": -2.1282378410089033, "params": {"C": 349.3902445835089, "epsilon": 0.6605306013945778, "gamma": 0.05751728485775352, "lamda": 0.12059379695693997}, "datetime": {"datetime": "2021-09-23 16:03:33", "elapsed": 1894.043199, "delta": 10.713526}}
{"target": -2.2120591785142354, "params": {"C": 341.0983566003291, "epsilon": 0.29185301621856524, "gamma": 0.054123717769902366, "lamda": 0.08321289030654701}, "datetime": {"datetime": "2021-09-23 16:03:43", "elapsed": 1904.146541, "delta": 10.103342}}
{"target": -3.379959712972054, "params": {"C": 420.38807060916224, "epsilon": 0.38236093313029434, "gamma": 0.03362056568069864, "lamda": 0.08675669955709428}, "datetime": {"datetime": "2021-09-23 16:03:54", "elapsed": 1914.769099, "delta": 10.622558}}
