{"target": -8.44645721975866, "params": {"C": 12.511243119072516, "epsilon": 7.20352460992814, "gamma": 0.00015717597119070884, "lamda": 0.30240233937457656}, "datetime": {"datetime": "2021-09-15 13:00:08", "elapsed": 0.0, "delta": 0.0}}
{"target": -18.98322327341023, "params": {"C": 4.403529968622574, "epsilon": 0.9242936090932092, "gamma": 0.09321147966769769, "lamda": 0.3456261709703434}, "datetime": {"datetime": "2021-09-15 13:00:20", "elapsed": 12.452404, "delta": 12.452404}}
{"target": -2.7060504231038003, "params": {"C": 11.903627459445866, "epsilon": 5.388628523299567, "gamma": 0.20965533775020706, "lamda": 0.6852509784467198}, "datetime": {"datetime": "2021-09-15 13:00:21", "elapsed": 12.978842, "delta": 0.526438}}
{"target": -2.9945814456951574, "params": {"C": 6.134363039695791, "epsilon": 8.781296246473064, "gamma": 0.01379105783964329, "lamda": 0.6705004634273843}, "datetime": {"datetime": "2021-09-15 13:00:22", "elapsed": 13.502792, "delta": 0.52395}}
{"target": -20.560748460184215, "params": {"C": 12.519726766211441, "epsilon": 5.587339594629071, "gamma": 0.07027943060375737, "lamda": 0.1981816789359703}, "datetime": {"datetime": "2021-09-15 13:00:34", "elapsed": 26.263911, "delta": 12.761119}}
{"target": -17.8845371269168, "params": {"C": 24.022536315697426, "epsilon": 9.682647495618255, "gamma": 0.1567807466618055, "lamda": 0.6923533834077471}, "datetime": {"datetime": "2021-09-15 13:00:53", "elapsed": 44.986435, "delta": 18.722524}}
{"target": -20.606468739287934, "params": {"C": 26.291798179728854, "epsilon": 8.946172028374969, "gamma": 0.04261360126375198, "lamda": 0.039150877754559076}, "datetime": {"datetime": "2021-09-15 13:01:12", "elapsed": 64.206819, "delta": 19.220384}}
{"target": -2.7362670313419026, "params": {"C": 5.095742756517502, "epsilon": 8.781546891790702, "gamma": 0.04926358223314175, "lamda": 0.42116551424255166}, "datetime": {"datetime": "2021-09-15 13:01:13", "elapsed": 64.668876, "delta": 0.462057}}
{"target": -2.6491323385571968, "params": {"C": 28.73672801498491, "epsilon": 5.332119684445198, "gamma": 0.34596936926384164, "lamda": 0.31558407944296235}, "datetime": {"datetime": "2021-09-15 13:01:13", "elapsed": 65.241894, "delta": 0.573018}}
{"target": -12.596682351911332, "params": {"C": 20.59534132951983, "epsilon": 8.346422093301832, "gamma": 0.009242309844361482, "lamda": 0.750169300513473}, "datetime": {"datetime": "2021-09-15 13:01:25", "elapsed": 76.70617, "delta": 11.464276}}
{"target": -2.7338911046455734, "params": {"C": 5.175565745643563, "epsilon": 8.834467892141333, "gamma": 0.05043967889007581, "lamda": 0.3926739491074595}, "datetime": {"datetime": "2021-09-15 13:01:25", "elapsed": 77.382715, "delta": 0.676545}}
{"target": -11.422685762639963, "params": {"C": 11.367730912759228, "epsilon": 5.224427365389369, "gamma": 0.3305025820235881, "lamda": 1.0}, "datetime": {"datetime": "2021-09-15 13:01:46", "elapsed": 97.49006, "delta": 20.107345}}
{"target": -2.9933815022879706, "params": {"C": 5.557442206984227, "epsilon": 8.54696294652083, "gamma": 0.016211078168737295, "lamda": 0.7430628308085105}, "datetime": {"datetime": "2021-09-15 13:01:46", "elapsed": 98.285729, "delta": 0.795669}}
{"target": -5.889928272930031, "params": {"C": 0.6371670033052125, "epsilon": 8.079004515027584, "gamma": 0.4824312849974838, "lamda": 0.7021028199408712}, "datetime": {"datetime": "2021-09-15 13:01:47", "elapsed": 98.895977, "delta": 0.610248}}
{"target": -6.728697285421093, "params": {"C": 5.564576356929351, "epsilon": 9.206366892372047, "gamma": 0.0001, "lamda": 0.9607623199132014}, "datetime": {"datetime": "2021-09-15 13:01:48", "elapsed": 99.639329, "delta": 0.743352}}
{"target": -3.871801824742893, "params": {"C": 5.747489277162369, "epsilon": 8.550032628704248, "gamma": 0.5, "lamda": 0.2671888286978229}, "datetime": {"datetime": "2021-09-15 13:01:49", "elapsed": 100.819967, "delta": 1.180638}}
{"target": -6.669631485734293, "params": {"C": 6.11696933387571, "epsilon": 8.036269363996864, "gamma": 0.0001, "lamda": 0.3509583523357462}, "datetime": {"datetime": "2021-09-15 13:01:50", "elapsed": 101.788286, "delta": 0.968319}}
{"target": -14.075070615027549, "params": {"C": 9.746947966208959, "epsilon": 6.358178380441755, "gamma": 0.2003125041695228, "lamda": 0.751579644434613}, "datetime": {"datetime": "2021-09-15 13:02:14", "elapsed": 126.339007, "delta": 24.550721}}
{"target": -6.769756356259467, "params": {"C": 5.2113755758513935, "epsilon": 8.21929398846624, "gamma": 0.0001, "lamda": 0.0001}, "datetime": {"datetime": "2021-09-15 13:02:15", "elapsed": 127.388813, "delta": 1.049806}}
{"target": -5.553994774612512, "params": {"C": 0.7190649594178966, "epsilon": 8.177957343503028, "gamma": 0.36325475837457666, "lamda": 0.7525703758226681}, "datetime": {"datetime": "2021-09-15 13:02:16", "elapsed": 128.088057, "delta": 0.699244}}
{"target": -2.8579007817012805, "params": {"C": 29.478085786104792, "epsilon": 5.15200558176471, "gamma": 0.47010981137720786, "lamda": 0.10088651509670932}, "datetime": {"datetime": "2021-09-15 13:02:17", "elapsed": 129.182058, "delta": 1.094001}}
{"target": -2.7512417499072273, "params": {"C": 29.06905748536172, "epsilon": 4.62054560249672, "gamma": 0.4067646415626507, "lamda": 0.6676633063475802}, "datetime": {"datetime": "2021-09-15 13:02:19", "elapsed": 130.788408, "delta": 1.60635}}
{"target": -2.183968046690774, "params": {"C": 29.258721724202594, "epsilon": 5.457730644678811, "gamma": 0.10425382617222685, "lamda": 0.9502038948739318}, "datetime": {"datetime": "2021-09-15 13:02:20", "elapsed": 131.761975, "delta": 0.973567}}
{"target": -7.838478386470552, "params": {"C": 29.96368609349667, "epsilon": 4.828100577732928, "gamma": 0.0001, "lamda": 0.7997713734078354}, "datetime": {"datetime": "2021-09-15 13:02:38", "elapsed": 150.421193, "delta": 18.659218}}
{"target": -2.9066141848666267, "params": {"C": 29.193824951986922, "epsilon": 6.2501628637630375, "gamma": 0.48457771358105667, "lamda": 0.4799228730381052}, "datetime": {"datetime": "2021-09-15 13:02:39", "elapsed": 151.283151, "delta": 0.861958}}
{"target": -2.2192431445079652, "params": {"C": 28.446164626445075, "epsilon": 6.059412375901087, "gamma": 0.12302624310171764, "lamda": 0.7527103089722097}, "datetime": {"datetime": "2021-09-15 13:02:40", "elapsed": 152.002044, "delta": 0.718893}}
{"target": -2.7548321496563144, "params": {"C": 27.878747202200163, "epsilon": 4.857770462850271, "gamma": 0.39544218467054426, "lamda": 0.8582054716194567}, "datetime": {"datetime": "2021-09-15 13:02:41", "elapsed": 152.957045, "delta": 0.955001}}
{"target": -2.892371584808774, "params": {"C": 28.27230796987719, "epsilon": 4.260535818355459, "gamma": 0.5, "lamda": 0.0001}, "datetime": {"datetime": "2021-09-15 13:02:42", "elapsed": 153.705042, "delta": 0.747997}}
{"target": -5.403416471971039, "params": {"C": 27.6234793367254, "epsilon": 5.298624690226543, "gamma": 0.0001, "lamda": 0.0001}, "datetime": {"datetime": "2021-09-15 13:02:43", "elapsed": 154.742441, "delta": 1.037399}}
{"target": -7.589842173465428, "params": {"C": 28.257988292096858, "epsilon": 3.933272113851071, "gamma": 0.0001, "lamda": 0.9287593185855189}, "datetime": {"datetime": "2021-09-15 13:02:59", "elapsed": 170.903295, "delta": 16.160854}}
{"target": -7.716537993551117, "params": {"C": 28.946721279871202, "epsilon": 6.937065859309527, "gamma": 0.0001, "lamda": 1.0}, "datetime": {"datetime": "2021-09-15 13:03:15", "elapsed": 186.835025, "delta": 15.93173}}
{"target": -2.8990347530370677, "params": {"C": 27.633526726272997, "epsilon": 5.825919558585707, "gamma": 0.5, "lamda": 1.0}, "datetime": {"datetime": "2021-09-15 13:03:16", "elapsed": 187.675354, "delta": 0.840329}}
{"target": -2.8378436587392146, "params": {"C": 28.024597952798118, "epsilon": 6.552169943014342, "gamma": 0.4465693132867853, "lamda": 0.1849725473627876}, "datetime": {"datetime": "2021-09-15 13:03:17", "elapsed": 188.631242, "delta": 0.955888}}
{"target": -2.8866859997216814, "params": {"C": 29.29940187723081, "epsilon": 3.8300706355428993, "gamma": 0.5, "lamda": 0.0001}, "datetime": {"datetime": "2021-09-15 13:03:18", "elapsed": 189.575424, "delta": 0.944182}}
{"target": -2.889408591432349, "params": {"C": 26.7152181423535, "epsilon": 5.0069988302529795, "gamma": 0.5, "lamda": 1.0}, "datetime": {"datetime": "2021-09-15 13:03:19", "elapsed": 190.512969, "delta": 0.937545}}
{"target": -2.88370200654332, "params": {"C": 26.917244608889757, "epsilon": 4.20762191237511, "gamma": 0.5, "lamda": 0.206562843836191}, "datetime": {"datetime": "2021-09-15 13:03:19", "elapsed": 191.435542, "delta": 0.922573}}
{"target": -2.225921449179745, "params": {"C": 25.881267907307144, "epsilon": 4.273263906160276, "gamma": 0.09787851917919285, "lamda": 0.6812203079874606}, "datetime": {"datetime": "2021-09-15 13:03:20", "elapsed": 192.402191, "delta": 0.966649}}
{"target": -2.8898268789134733, "params": {"C": 26.013206231342824, "epsilon": 4.9775190599288885, "gamma": 0.5, "lamda": 0.013650398431776484}, "datetime": {"datetime": "2021-09-15 13:03:21", "elapsed": 193.252851, "delta": 0.85066}}
{"target": -2.877603927247339, "params": {"C": 25.83293750718358, "epsilon": 3.6336528450870453, "gamma": 0.5, "lamda": 0.0001}, "datetime": {"datetime": "2021-09-15 13:03:22", "elapsed": 194.006787, "delta": 0.753936}}
{"target": -2.877688355575766, "params": {"C": 26.390130884709173, "epsilon": 3.4646321300772103, "gamma": 0.5, "lamda": 1.0}, "datetime": {"datetime": "2021-09-15 13:03:23", "elapsed": 194.960861, "delta": 0.954074}}
{"target": -2.8886619456996843, "params": {"C": 25.113670803226462, "epsilon": 3.580333885570387, "gamma": 0.5, "lamda": 1.0}, "datetime": {"datetime": "2021-09-15 13:03:24", "elapsed": 195.923029, "delta": 0.962168}}
{"target": -2.3389023090419676, "params": {"C": 24.931306931860192, "epsilon": 4.751480203314172, "gamma": 0.18034080667487648, "lamda": 0.4627962214099055}, "datetime": {"datetime": "2021-09-15 13:03:25", "elapsed": 196.843424, "delta": 0.920395}}
{"target": -5.476296894550623, "params": {"C": 24.66702867273458, "epsilon": 3.7615863301479306, "gamma": 0.0001, "lamda": 0.0001}, "datetime": {"datetime": "2021-09-15 13:03:26", "elapsed": 197.678543, "delta": 0.835119}}
{"target": -2.2029607063502152, "params": {"C": 25.421716653404346, "epsilon": 5.644432784800025, "gamma": 0.11473937423343006, "lamda": 0.9223828004155592}, "datetime": {"datetime": "2021-09-15 13:03:27", "elapsed": 198.759065, "delta": 1.080522}}
{"target": -2.9221276872356543, "params": {"C": 24.32578606925151, "epsilon": 5.558555357151842, "gamma": 0.5, "lamda": 1.0}, "datetime": {"datetime": "2021-09-15 13:03:28", "elapsed": 199.604029, "delta": 0.844964}}
{"target": -2.916408126814412, "params": {"C": 24.935521724701093, "epsilon": 5.840939870118656, "gamma": 0.5, "lamda": 0.0001}, "datetime": {"datetime": "2021-09-15 13:03:29", "elapsed": 200.481494, "delta": 0.877465}}
{"target": -2.879270979522544, "params": {"C": 26.304901091038598, "epsilon": 6.293954754035471, "gamma": 0.4765150509309611, "lamda": 0.8358344667699384}, "datetime": {"datetime": "2021-09-15 13:03:29", "elapsed": 201.404979, "delta": 0.923485}}
{"target": -13.751477043515132, "params": {"C": 25.037622232897622, "epsilon": 6.691309117088758, "gamma": 0.2089717888044246, "lamda": 0.8894711601601388}, "datetime": {"datetime": "2021-09-15 13:03:47", "elapsed": 219.355035, "delta": 17.950056}}
{"target": -2.916673887363788, "params": {"C": 23.932490000595244, "epsilon": 4.46768320367919, "gamma": 0.5, "lamda": 1.0}, "datetime": {"datetime": "2021-09-15 13:03:48", "elapsed": 220.168156, "delta": 0.813121}}
{"target": -2.8198447521369254, "params": {"C": 23.82203481827745, "epsilon": 5.025230121628769, "gamma": 0.4392535532023735, "lamda": 0.1373828604880022}, "datetime": {"datetime": "2021-09-15 13:03:49", "elapsed": 221.07734, "delta": 0.909184}}
{"target": -2.9419210812559644, "params": {"C": 22.95788527653341, "epsilon": 5.332362962578273, "gamma": 0.5, "lamda": 1.0}, "datetime": {"datetime": "2021-09-15 13:03:50", "elapsed": 221.949323, "delta": 0.871983}}
{"target": -7.818797134366822, "params": {"C": 22.748294536083943, "epsilon": 4.327320890283849, "gamma": 0.0001, "lamda": 0.4797926894871228}, "datetime": {"datetime": "2021-09-15 13:04:07", "elapsed": 239.353907, "delta": 17.404584}}
{"target": -13.340883664906338, "params": {"C": 25.76248007305875, "epsilon": 2.450460837676238, "gamma": 0.1904777818790871, "lamda": 0.5947642965587635}, "datetime": {"datetime": "2021-09-15 13:04:25", "elapsed": 256.53831, "delta": 17.184403}}
{"target": -2.9343943710303275, "params": {"C": 23.236718735946496, "epsilon": 6.0577423809758235, "gamma": 0.5, "lamda": 0.0683684588913741}, "datetime": {"datetime": "2021-09-15 13:04:25", "elapsed": 257.36031, "delta": 0.822}}
{"target": -2.777634273096219, "params": {"C": 22.259423044006265, "epsilon": 6.373202872541099, "gamma": 0.403162339650576, "lamda": 0.6601564947243576}, "datetime": {"datetime": "2021-09-15 13:04:26", "elapsed": 258.287331, "delta": 0.927021}}
{"target": -2.9931235884521943, "params": {"C": 21.510751438147448, "epsilon": 5.5546474948418805, "gamma": 0.5, "lamda": 1.0}, "datetime": {"datetime": "2021-09-15 13:04:27", "elapsed": 259.049965, "delta": 0.762634}}
{"target": -2.970071721371314, "params": {"C": 22.06501071715353, "epsilon": 5.6052116532282925, "gamma": 0.5, "lamda": 0.0001}, "datetime": {"datetime": "2021-09-15 13:04:28", "elapsed": 259.882968, "delta": 0.833003}}
{"target": -2.8102837548521484, "params": {"C": 25.566258994439263, "epsilon": 4.8409209219121365, "gamma": 0.4411351929007646, "lamda": 0.9136353378701527}, "datetime": {"datetime": "2021-09-15 13:04:29", "elapsed": 260.951501, "delta": 1.068533}}
{"target": -3.006674702521577, "params": {"C": 20.92505687019365, "epsilon": 6.078689132735808, "gamma": 0.5, "lamda": 0.007825039437322939}, "datetime": {"datetime": "2021-09-15 13:04:30", "elapsed": 261.806532, "delta": 0.855031}}
{"target": -8.037894298129073, "params": {"C": 26.29271868607508, "epsilon": 5.675388620191604, "gamma": 0.0001, "lamda": 0.3413451786996782}, "datetime": {"datetime": "2021-09-15 13:04:47", "elapsed": 278.610515, "delta": 16.803983}}
{"target": -3.003553453987747, "params": {"C": 20.828991963321055, "epsilon": 4.92339548986735, "gamma": 0.5, "lamda": 0.12038310061427189}, "datetime": {"datetime": "2021-09-15 13:04:48", "elapsed": 279.456518, "delta": 0.846003}}
{"target": -3.0232248431994178, "params": {"C": 20.21890595180215, "epsilon": 5.576922061685542, "gamma": 0.5, "lamda": 0.9196307072146817}, "datetime": {"datetime": "2021-09-15 13:04:49", "elapsed": 280.494255, "delta": 1.037737}}
{"target": -2.4730193013994324, "params": {"C": 19.77387416672434, "epsilon": 5.589063030998077, "gamma": 0.018834346112825223, "lamda": 0.02709301785075515}, "datetime": {"datetime": "2021-09-15 13:04:49", "elapsed": 281.428183, "delta": 0.933928}}
{"target": -3.0415234261767163, "params": {"C": 19.5872663297381, "epsilon": 4.621484000166381, "gamma": 0.5, "lamda": 0.3398475607135209}, "datetime": {"datetime": "2021-09-15 13:04:51", "elapsed": 282.490688, "delta": 1.062505}}
{"target": -2.8961198336249936, "params": {"C": 18.86024287039504, "epsilon": 5.630599266667642, "gamma": 0.4203747604278631, "lamda": 0.6565479904959185}, "datetime": {"datetime": "2021-09-15 13:04:52", "elapsed": 283.479016, "delta": 0.988328}}
{"target": -7.456999002639697, "params": {"C": 20.423680328708702, "epsilon": 4.503002304273481, "gamma": 0.0001, "lamda": 1.0}, "datetime": {"datetime": "2021-09-15 13:05:09", "elapsed": 300.782035, "delta": 17.303019}}
{"target": -3.0494382550670265, "params": {"C": 19.59070933685042, "epsilon": 6.45506714448973, "gamma": 0.5, "lamda": 0.3029709089896298}, "datetime": {"datetime": "2021-09-15 13:05:10", "elapsed": 301.856046, "delta": 1.074011}}
{"target": -5.761577386736565, "params": {"C": 18.594470563130194, "epsilon": 4.833493083388427, "gamma": 0.0001, "lamda": 0.0001}, "datetime": {"datetime": "2021-09-15 13:05:11", "elapsed": 302.911795, "delta": 1.055749}}
{"target": -7.683796622376801, "params": {"C": 20.95916245226022, "epsilon": 6.3558376187691925, "gamma": 0.0001, "lamda": 1.0}, "datetime": {"datetime": "2021-09-15 13:05:29", "elapsed": 321.228788, "delta": 18.316993}}
{"target": -5.761838335288162, "params": {"C": 18.586274897082827, "epsilon": 6.48232390924261, "gamma": 0.0001, "lamda": 0.0001}, "datetime": {"datetime": "2021-09-15 13:05:30", "elapsed": 322.144461, "delta": 0.915673}}
{"target": -10.93122533337256, "params": {"C": 27.195449200803058, "epsilon": 7.1167564587589185, "gamma": 0.4902993801568754, "lamda": 0.9630098092468619}, "datetime": {"datetime": "2021-09-15 13:05:48", "elapsed": 339.735156, "delta": 17.590695}}
{"target": -4.165739629309581, "params": {"C": 4.294892075823953, "epsilon": 9.435278612259877, "gamma": 0.5, "lamda": 0.0001}, "datetime": {"datetime": "2021-09-15 13:05:49", "elapsed": 340.785847, "delta": 1.050691}}
{"target": -3.342449289416416, "params": {"C": 6.948596053498178, "epsilon": 9.470976459154329, "gamma": 0.34622663704207957, "lamda": 0.049240277386099464}, "datetime": {"datetime": "2021-09-15 13:05:50", "elapsed": 341.710017, "delta": 0.92417}}
{"target": -5.543329972472284, "params": {"C": 22.690997500624075, "epsilon": 6.921864312696718, "gamma": 0.0001, "lamda": 0.0001}, "datetime": {"datetime": "2021-09-15 13:05:51", "elapsed": 342.566504, "delta": 0.856487}}
{"target": -3.2997553345142956, "params": {"C": 7.268971809821776, "epsilon": 8.832699971560917, "gamma": 0.3219815538639027, "lamda": 0.8418997586064727}, "datetime": {"datetime": "2021-09-15 13:05:52", "elapsed": 343.631077, "delta": 1.064573}}
{"target": -7.682111678210779, "params": {"C": 23.169164421086315, "epsilon": 6.110719107964338, "gamma": 0.0001, "lamda": 1.0}, "datetime": {"datetime": "2021-09-15 13:06:09", "elapsed": 361.341338, "delta": 17.710261}}
{"target": -2.8913221304044625, "params": {"C": 25.41116355150089, "epsilon": 4.389601640010887, "gamma": 0.5, "lamda": 0.0001}, "datetime": {"datetime": "2021-09-15 13:06:10", "elapsed": 362.21287, "delta": 0.871532}}
{"target": -6.527161215831104, "params": {"C": 7.660513658428705, "epsilon": 9.932692550355712, "gamma": 0.0001, "lamda": 0.8678867990363908}, "datetime": {"datetime": "2021-09-15 13:06:11", "elapsed": 363.118986, "delta": 0.906116}}
{"target": -2.879768069103975, "params": {"C": 29.515935555267582, "epsilon": 2.649663598003164, "gamma": 0.5, "lamda": 0.0001}, "datetime": {"datetime": "2021-09-15 13:06:12", "elapsed": 364.092191, "delta": 0.973205}}
{"target": -2.8804352181656934, "params": {"C": 28.49251176473717, "epsilon": 2.9080701796212933, "gamma": 0.5, "lamda": 0.0001}, "datetime": {"datetime": "2021-09-15 13:06:13", "elapsed": 364.943036, "delta": 0.850845}}
{"target": -2.821446030287142, "params": {"C": 28.810732053113906, "epsilon": 1.8079084662245173, "gamma": 0.469150884138534, "lamda": 0.004734991105175572}, "datetime": {"datetime": "2021-09-15 13:06:14", "elapsed": 365.772259, "delta": 0.829223}}
{"target": -8.599502931040696, "params": {"C": 29.03680757086916, "epsilon": 2.292866398149352, "gamma": 0.5, "lamda": 0.9362985280488312}, "datetime": {"datetime": "2021-09-15 13:06:31", "elapsed": 382.712504, "delta": 16.940245}}
{"target": -7.597143435035001, "params": {"C": 26.77361578841072, "epsilon": 4.15290336922845, "gamma": 0.0001, "lamda": 1.0}, "datetime": {"datetime": "2021-09-15 13:06:47", "elapsed": 399.37966, "delta": 16.667156}}
{"target": -21.15006639921013, "params": {"C": 5.481270066542263, "epsilon": 8.55687629731549, "gamma": 0.06711822571985386, "lamda": 0.7356911493041299}, "datetime": {"datetime": "2021-09-15 13:06:59", "elapsed": 411.03546, "delta": 11.6558}}
{"target": -4.88309987953694, "params": {"C": 2.07542170655791, "epsilon": 9.754720534965951, "gamma": 0.4686770186878697, "lamda": 0.2778871614821203}, "datetime": {"datetime": "2021-09-15 13:07:00", "elapsed": 411.750812, "delta": 0.715352}}
{"target": -2.594774729591963, "params": {"C": 25.818743628510088, "epsilon": 3.120608979599545, "gamma": 0.3389922173547016, "lamda": 0.8935186931048902}, "datetime": {"datetime": "2021-09-15 13:07:01", "elapsed": 412.453927, "delta": 0.703115}}
{"target": -3.2076933898660025, "params": {"C": 6.070661184815013, "epsilon": 8.016390372588278, "gamma": 0.21794690833463964, "lamda": 0.3157348834887789}, "datetime": {"datetime": "2021-09-15 13:07:01", "elapsed": 413.171996, "delta": 0.718069}}
{"target": -2.738693796180188, "params": {"C": 18.123995351308807, "epsilon": 6.900938351795019, "gamma": 0.3261470738240185, "lamda": 0.4151525095558311}, "datetime": {"datetime": "2021-09-15 13:07:02", "elapsed": 413.900643, "delta": 0.728647}}
{"target": -3.388466108603114, "params": {"C": 5.63790203712971, "epsilon": 0.9778507827021489, "gamma": 0.2887951544577943, "lamda": 0.9014539407391715}, "datetime": {"datetime": "2021-09-15 13:07:03", "elapsed": 414.747645, "delta": 0.847002}}
{"target": -3.122000285274892, "params": {"C": 8.270651791888499, "epsilon": 3.9299630563157897, "gamma": 0.2841284830017964, "lamda": 0.11972405032139018}, "datetime": {"datetime": "2021-09-15 13:07:03", "elapsed": 415.416861, "delta": 0.669216}}
{"target": -18.009203671155156, "params": {"C": 10.064010729912008, "epsilon": 3.7931609751116877, "gamma": 0.10198930002822044, "lamda": 0.6088549878187726}, "datetime": {"datetime": "2021-09-15 13:07:21", "elapsed": 432.636847, "delta": 17.219986}}
{"target": -2.3039631522632398, "params": {"C": 22.882470627271946, "epsilon": 6.583570458311183, "gamma": 0.14956063504968017, "lamda": 0.6863279672778019}, "datetime": {"datetime": "2021-09-15 13:07:22", "elapsed": 433.457045, "delta": 0.820198}}
{"target": -2.9494091693521196, "params": {"C": 22.355764572480897, "epsilon": 1.1808840841916501, "gamma": 0.005493151345715374, "lamda": 0.5897580285353002}, "datetime": {"datetime": "2021-09-15 13:07:22", "elapsed": 434.200046, "delta": 0.743001}}
