{"target": -19.018960637655965, "params": {"C": 27.326468656841165, "epsilon": 5.969585013027256, "gamma": 0.10250478926064988, "lamda": 0.9508739921221956}, "datetime": {"datetime": "2021-09-15 17:30:36", "elapsed": 192.560825, "delta": 15.818389}}
{"target": -18.635176277471977, "params": {"C": 26.638399519407482, "epsilon": 5.894003711357454, "gamma": 0.1065032913913625, "lamda": 0.9932302868505836}, "datetime": {"datetime": "2021-09-15 17:30:52", "elapsed": 208.449797, "delta": 15.888972}}
{"target": -2.208772347918106, "params": {"C": 25.825097442281503, "epsilon": 6.101062191553357, "gamma": 0.10474395421377761, "lamda": 0.7281669850735076}, "datetime": {"datetime": "2021-09-15 17:30:53", "elapsed": 208.943795, "delta": 0.493998}}
{"target": -16.25795223988444, "params": {"C": 26.839041460781065, "epsilon": 5.043667710623067, "gamma": 0.09502409408733717, "lamda": 0.891737230239088}, "datetime": {"datetime": "2021-09-15 17:31:02", "elapsed": 218.398191, "delta": 9.454396}}
{"target": -17.817616788192264, "params": {"C": 26.37256909834293, "epsilon": 5.800738226382676, "gamma": 0.10545985279070033, "lamda": 0.7031284260346067}, "datetime": {"datetime": "2021-09-15 17:31:17", "elapsed": 233.390632, "delta": 14.992441}}
{"target": -2.1949402607981154, "params": {"C": 26.265519637744006, "epsilon": 5.543542588989159, "gamma": 0.11410621852955849, "lamda": 0.8938527193858156}, "datetime": {"datetime": "2021-09-15 17:31:18", "elapsed": 233.919983, "delta": 0.529351}}
{"target": -2.2060738414674024, "params": {"C": 25.93599084421811, "epsilon": 6.01569721719754, "gamma": 0.11667309966320494, "lamda": 0.8671641506861731}, "datetime": {"datetime": "2021-09-15 17:31:18", "elapsed": 234.522954, "delta": 0.602971}}
{"target": -20.186587993756564, "params": {"C": 27.28810438199321, "epsilon": 6.239934002153268, "gamma": 0.0909916182275588, "lamda": 0.9210267347067822}, "datetime": {"datetime": "2021-09-15 17:31:34", "elapsed": 250.177702, "delta": 15.654748}}
{"target": -17.07601978641653, "params": {"C": 30.726293643081693, "epsilon": 5.327053424153904, "gamma": 0.0904509965249686, "lamda": 0.7331262738360348}, "datetime": {"datetime": "2021-09-15 17:31:44", "elapsed": 259.793774, "delta": 9.616072}}
{"target": -13.74847146647341, "params": {"C": 31.902067826064236, "epsilon": 6.416655279796562, "gamma": 0.10747539212533157, "lamda": 0.9262210595156986}, "datetime": {"datetime": "2021-09-15 17:31:54", "elapsed": 269.822439, "delta": 10.028665}}
{"target": -2.1772193333142518, "params": {"C": 31.292993233320747, "epsilon": 5.904438897614996, "gamma": 0.10197644594093712, "lamda": 0.7828043090505495}, "datetime": {"datetime": "2021-09-15 17:31:54", "elapsed": 270.313396, "delta": 0.490957}}
{"target": -15.917776036342323, "params": {"C": 29.91190756822305, "epsilon": 5.76847166165099, "gamma": 0.098050960521052, "lamda": 0.8414305149737146}, "datetime": {"datetime": "2021-09-15 17:32:04", "elapsed": 280.099396, "delta": 9.786}}
{"target": -14.990699590503167, "params": {"C": 31.95966798969746, "epsilon": 5.5116832876344635, "gamma": 0.10855886495238831, "lamda": 0.8020464445700635}, "datetime": {"datetime": "2021-09-15 17:32:14", "elapsed": 289.791026, "delta": 9.69163}}
{"target": -18.347700854403186, "params": {"C": 30.957139378994157, "epsilon": 6.565912332116947, "gamma": 0.11706571029405582, "lamda": 0.7108186463118814}, "datetime": {"datetime": "2021-09-15 17:32:29", "elapsed": 305.367217, "delta": 15.576191}}
{"target": -18.07945427551071, "params": {"C": 27.76236475601065, "epsilon": 6.297272956787628, "gamma": 0.09470532001187196, "lamda": 0.8177228830186908}, "datetime": {"datetime": "2021-09-15 17:32:45", "elapsed": 321.429199, "delta": 16.061982}}
{"target": -2.209142188066078, "params": {"C": 28.77485168598249, "epsilon": 5.7841454784466375, "gamma": 0.11811743681221992, "lamda": 0.8191453245894287}, "datetime": {"datetime": "2021-09-15 17:32:46", "elapsed": 321.969741, "delta": 0.540542}}
{"target": -2.194087946894967, "params": {"C": 28.41949320196177, "epsilon": 5.128389681446416, "gamma": 0.09988910201641625, "lamda": 0.8912596719413729}, "datetime": {"datetime": "2021-09-15 17:32:46", "elapsed": 322.487739, "delta": 0.517998}}
{"target": -2.18897214585305, "params": {"C": 27.838752969803927, "epsilon": 5.027938478600625, "gamma": 0.10224451880283623, "lamda": 0.9399972523953009}, "datetime": {"datetime": "2021-09-15 17:32:47", "elapsed": 323.122746, "delta": 0.635007}}
{"target": -14.699838898299845, "params": {"C": 29.585443228494572, "epsilon": 5.435501396289707, "gamma": 0.11107965459042382, "lamda": 0.9793092346785186}, "datetime": {"datetime": "2021-09-15 17:32:56", "elapsed": 332.641791, "delta": 9.519045}}
{"target": -17.849659900538512, "params": {"C": 27.109625963597043, "epsilon": 6.264565450569825, "gamma": 0.1167865035469272, "lamda": 0.8463594874536369}, "datetime": {"datetime": "2021-09-15 17:33:12", "elapsed": 348.222836, "delta": 15.581045}}
{"target": -19.299155529331976, "params": {"C": 30.18124837785682, "epsilon": 6.967775887964322, "gamma": 0.09481205048658989, "lamda": 0.9245703801340733}, "datetime": {"datetime": "2021-09-15 17:33:28", "elapsed": 364.252886, "delta": 16.03005}}
{"target": -2.1825839182334987, "params": {"C": 27.517651259944238, "epsilon": 6.01388580542954, "gamma": 0.111745087911339, "lamda": 0.8519071302715755}, "datetime": {"datetime": "2021-09-15 17:33:29", "elapsed": 364.783939, "delta": 0.531053}}
{"target": -15.133687979519792, "params": {"C": 28.39956215259118, "epsilon": 6.376741428199357, "gamma": 0.10942882150061795, "lamda": 0.9443412622475192}, "datetime": {"datetime": "2021-09-15 17:33:39", "elapsed": 374.689322, "delta": 9.905383}}
{"target": -19.110999557998337, "params": {"C": 31.5149152671432, "epsilon": 6.8249808218831856, "gamma": 0.11264828204419305, "lamda": 0.9074851058709812}, "datetime": {"datetime": "2021-09-15 17:33:54", "elapsed": 390.515633, "delta": 15.826311}}
{"target": -18.322093886962275, "params": {"C": 27.753459197584192, "epsilon": 6.888930332848481, "gamma": 0.1129481818850025, "lamda": 0.9394572467614322}, "datetime": {"datetime": "2021-09-15 17:34:10", "elapsed": 406.23782, "delta": 15.722187}}
{"target": -18.38154949672838, "params": {"C": 27.451066981319297, "epsilon": 6.88583701832029, "gamma": 0.10138041791157364, "lamda": 0.7754984605273879}, "datetime": {"datetime": "2021-09-15 17:34:26", "elapsed": 422.041875, "delta": 15.804055}}
{"target": -14.963178762168097, "params": {"C": 28.022947784240806, "epsilon": 6.3576770579373285, "gamma": 0.1179499647291781, "lamda": 0.9029490801984481}, "datetime": {"datetime": "2021-09-15 17:34:36", "elapsed": 431.684282, "delta": 9.642407}}
{"target": -15.64917333352197, "params": {"C": 29.51465454025579, "epsilon": 5.250441537891767, "gamma": 0.11038316276646142, "lamda": 0.7647583552526819}, "datetime": {"datetime": "2021-09-15 17:34:45", "elapsed": 441.552787, "delta": 9.868505}}
{"target": -2.1930521974110833, "params": {"C": 27.949883481810783, "epsilon": 5.836110389960423, "gamma": 0.11474797696467601, "lamda": 0.7981253631449876}, "datetime": {"datetime": "2021-09-15 17:34:46", "elapsed": 442.187788, "delta": 0.635001}}
{"target": -15.318262238000036, "params": {"C": 31.730268527964135, "epsilon": 6.363946230470994, "gamma": 0.10784370780475568, "lamda": 0.9090269679118881}, "datetime": {"datetime": "2021-09-15 17:34:56", "elapsed": 452.032725, "delta": 9.844937}}
{"target": -18.678111088266316, "params": {"C": 31.93221752788906, "epsilon": 6.288079519988268, "gamma": 0.09263430557669484, "lamda": 0.7033042055306055}, "datetime": {"datetime": "2021-09-15 17:35:12", "elapsed": 468.070272, "delta": 16.037547}}
{"target": -2.1882825009899203, "params": {"C": 28.000299238608235, "epsilon": 5.35086168596113, "gamma": 0.10250793151206783, "lamda": 0.9609426391504121}, "datetime": {"datetime": "2021-09-15 17:35:13", "elapsed": 468.751851, "delta": 0.681579}}
{"target": -16.095622775875444, "params": {"C": 29.823686481269398, "epsilon": 5.235693816707758, "gamma": 0.10630551478388536, "lamda": 0.9108208672769404}, "datetime": {"datetime": "2021-09-15 17:35:22", "elapsed": 478.425703, "delta": 9.673852}}
{"target": -18.669179248597672, "params": {"C": 27.66113992613197, "epsilon": 6.696791664666676, "gamma": 0.10232813915515068, "lamda": 0.8030365311860712}, "datetime": {"datetime": "2021-09-15 17:35:38", "elapsed": 493.825985, "delta": 15.400282}}
{"target": -18.831698863460378, "params": {"C": 30.45619469169054, "epsilon": 6.806089760338803, "gamma": 0.10537233300907442, "lamda": 0.7774268970440006}, "datetime": {"datetime": "2021-09-15 17:35:53", "elapsed": 509.232216, "delta": 15.406231}}
{"target": -2.1850953168597487, "params": {"C": 29.644660688135517, "epsilon": 5.915665940153419, "gamma": 0.10165382971943496, "lamda": 0.7067571821844456}, "datetime": {"datetime": "2021-09-15 17:35:54", "elapsed": 509.830968, "delta": 0.598752}}
{"target": -16.144359213787368, "params": {"C": 31.45480558993375, "epsilon": 5.611081969771582, "gamma": 0.10621651897900115, "lamda": 0.7182716634524211}, "datetime": {"datetime": "2021-09-15 17:36:03", "elapsed": 519.44527, "delta": 9.614302}}
{"target": -2.2011101818886867, "params": {"C": 27.005957422859947, "epsilon": 5.207734222133386, "gamma": 0.11560699220503821, "lamda": 0.7265803404866708}, "datetime": {"datetime": "2021-09-15 17:36:04", "elapsed": 519.991237, "delta": 0.545967}}
{"target": -2.177224989835276, "params": {"C": 30.03862153107002, "epsilon": 5.574074853730844, "gamma": 0.09737986123019958, "lamda": 0.7379858761180647}, "datetime": {"datetime": "2021-09-15 17:36:05", "elapsed": 520.652682, "delta": 0.661445}}
{"target": -15.923076584372277, "params": {"C": 31.57432457432484, "epsilon": 6.943783199025331, "gamma": 0.09744537974532608, "lamda": 0.7256910575120441}, "datetime": {"datetime": "2021-09-15 17:36:14", "elapsed": 530.602869, "delta": 9.950187}}
{"target": -17.76732427461718, "params": {"C": 28.924355690449467, "epsilon": 6.631727152441751, "gamma": 0.11121665283074392, "lamda": 0.7327309229267864}, "datetime": {"datetime": "2021-09-15 17:36:30", "elapsed": 546.082984, "delta": 15.480115}}
{"target": -2.1856880456516437, "params": {"C": 28.336515909583234, "epsilon": 6.630901932393837, "gamma": 0.10889644374198645, "lamda": 0.9807695028637515}, "datetime": {"datetime": "2021-09-15 17:36:30", "elapsed": 546.632777, "delta": 0.549793}}
{"target": -14.386891627380548, "params": {"C": 30.041064567575457, "epsilon": 6.14546189873792, "gamma": 0.10976593445069321, "lamda": 1.0071462590290263}, "datetime": {"datetime": "2021-09-15 17:36:40", "elapsed": 556.466934, "delta": 9.834157}}
{"target": -19.044378211553532, "params": {"C": 26.11313273733551, "epsilon": 5.956872901378213, "gamma": 0.1052007422344606, "lamda": 0.7199756709537201}, "datetime": {"datetime": "2021-09-15 17:36:56", "elapsed": 572.098477, "delta": 15.631543}}
{"target": -2.214945960105446, "params": {"C": 31.836915757822222, "epsilon": 6.0777683557383915, "gamma": 0.119532747731971, "lamda": 0.9413237086802836}, "datetime": {"datetime": "2021-09-15 17:36:57", "elapsed": 572.720126, "delta": 0.621649}}
{"target": -2.1887932927576763, "params": {"C": 28.91205640728949, "epsilon": 5.399605343827147, "gamma": 0.11409790400016151, "lamda": 0.7068405779098698}, "datetime": {"datetime": "2021-09-15 17:36:57", "elapsed": 573.33935, "delta": 0.619224}}
{"target": -18.915037033249803, "params": {"C": 30.582673822469047, "epsilon": 5.366364629405745, "gamma": 0.09650705117211322, "lamda": 0.9922706483017296}, "datetime": {"datetime": "2021-09-15 17:37:13", "elapsed": 589.593502, "delta": 16.254152}}
{"target": -19.41765774800812, "params": {"C": 26.27226079961162, "epsilon": 6.788186367019325, "gamma": 0.10513628605728306, "lamda": 1.0054629887689845}, "datetime": {"datetime": "2021-09-15 17:37:29", "elapsed": 605.576761, "delta": 15.983259}}
{"target": -18.714096522008383, "params": {"C": 29.754122905543618, "epsilon": 6.657882185883849, "gamma": 0.09983210287055772, "lamda": 0.8052921114104203}, "datetime": {"datetime": "2021-09-15 17:37:45", "elapsed": 620.858179, "delta": 15.281418}}
{"target": -15.54458209556451, "params": {"C": 30.595207277752635, "epsilon": 5.54404492985485, "gamma": 0.11095917839789088, "lamda": 0.8264880769825494}, "datetime": {"datetime": "2021-09-15 17:37:54", "elapsed": 630.417226, "delta": 9.559047}}
{"target": -18.439164335466558, "params": {"C": 27.823722406529928, "epsilon": 6.974280636538593, "gamma": 0.11043876804280231, "lamda": 0.9797872734147277}, "datetime": {"datetime": "2021-09-15 17:38:10", "elapsed": 645.741703, "delta": 15.324477}}
{"target": -17.407265997535205, "params": {"C": 29.503738322646022, "epsilon": 6.221853060997855, "gamma": 0.11592915502989819, "lamda": 0.7483496685659073}, "datetime": {"datetime": "2021-09-15 17:38:25", "elapsed": 661.114784, "delta": 15.373081}}
{"target": -15.195012828019681, "params": {"C": 28.77949491784894, "epsilon": 5.642523363862887, "gamma": 0.11511589165796442, "lamda": 1.0065652769223177}, "datetime": {"datetime": "2021-09-15 17:38:34", "elapsed": 670.615288, "delta": 9.500504}}
{"target": -15.436220519119319, "params": {"C": 30.597789235621903, "epsilon": 5.767246642712479, "gamma": 0.11350808271833573, "lamda": 0.9156632707909086}, "datetime": {"datetime": "2021-09-15 17:38:44", "elapsed": 680.544372, "delta": 9.929084}}
{"target": -15.636387377142679, "params": {"C": 31.993188803965893, "epsilon": 6.169601408902382, "gamma": 0.10425522979685983, "lamda": 0.9722180390862962}, "datetime": {"datetime": "2021-09-15 17:38:54", "elapsed": 690.326902, "delta": 9.78253}}
{"target": -17.765795089513578, "params": {"C": 31.95109970625385, "epsilon": 5.532927401311185, "gamma": 0.09132234301499059, "lamda": 0.8604083063096415}, "datetime": {"datetime": "2021-09-15 17:39:04", "elapsed": 700.145911, "delta": 9.819009}}
{"target": -2.1911595547937113, "params": {"C": 28.98939109195124, "epsilon": 5.069661392681385, "gamma": 0.11515545937722632, "lamda": 0.8583123153839085}, "datetime": {"datetime": "2021-09-15 17:39:05", "elapsed": 700.734113, "delta": 0.588202}}
{"target": -2.2096691436836506, "params": {"C": 25.896302387808888, "epsilon": 5.303424208732087, "gamma": 0.10930087709920726, "lamda": 0.7428877516609543}, "datetime": {"datetime": "2021-09-15 17:39:05", "elapsed": 701.445111, "delta": 0.710998}}
{"target": -17.706476922519105, "params": {"C": 31.67345871091316, "epsilon": 6.532370546988764, "gamma": 0.11999156172700438, "lamda": 0.7910024754441827}, "datetime": {"datetime": "2021-09-15 17:39:16", "elapsed": 711.834809, "delta": 10.389698}}
{"target": -2.244568711204009, "params": {"C": 25.322049824052012, "epsilon": 5.485728337195304, "gamma": 0.10035253229361858, "lamda": 0.7084884794207476}, "datetime": {"datetime": "2021-09-15 17:39:16", "elapsed": 712.501809, "delta": 0.667}}
{"target": -2.200623534987366, "params": {"C": 26.411002175513552, "epsilon": 5.441093637531246, "gamma": 0.11443258575203957, "lamda": 0.9251535835501042}, "datetime": {"datetime": "2021-09-15 17:39:17", "elapsed": 713.165801, "delta": 0.663992}}
{"target": -2.1854458803736065, "params": {"C": 28.691097454275408, "epsilon": 6.61614260676451, "gamma": 0.11369998893110139, "lamda": 0.8922625027834212}, "datetime": {"datetime": "2021-09-15 17:39:18", "elapsed": 713.87089, "delta": 0.705089}}
{"target": -14.813039105491582, "params": {"C": 31.394615610560336, "epsilon": 6.436922410182485, "gamma": 0.1059641330670041, "lamda": 0.8323825201875409}, "datetime": {"datetime": "2021-09-15 17:39:27", "elapsed": 723.465813, "delta": 9.594923}}
{"target": -2.2095788582809184, "params": {"C": 25.48404786645906, "epsilon": 6.9509392009132815, "gamma": 0.11812024517030624, "lamda": 0.771678931182218}, "datetime": {"datetime": "2021-09-15 17:39:28", "elapsed": 724.148706, "delta": 0.682893}}
{"target": -15.598890198092578, "params": {"C": 31.024340991352066, "epsilon": 5.623984194339343, "gamma": 0.11033760056139437, "lamda": 0.9748576544900628}, "datetime": {"datetime": "2021-09-15 17:39:38", "elapsed": 733.765123, "delta": 9.616417}}
{"target": -18.70742746002799, "params": {"C": 26.416301486506388, "epsilon": 6.603238398357491, "gamma": 0.10307342918591555, "lamda": 0.7841699285441515}, "datetime": {"datetime": "2021-09-15 17:39:53", "elapsed": 749.332077, "delta": 15.566954}}
{"target": -18.387547554307364, "params": {"C": 29.22883987663461, "epsilon": 6.3801256829272965, "gamma": 0.1095667377769965, "lamda": 0.81698102625605}, "datetime": {"datetime": "2021-09-15 17:40:09", "elapsed": 764.809823, "delta": 15.477746}}
{"target": -2.2043395385198314, "params": {"C": 26.3153209860298, "epsilon": 5.195389695509981, "gamma": 0.10732517430232812, "lamda": 0.9774765480987364}, "datetime": {"datetime": "2021-09-15 17:40:09", "elapsed": 765.498822, "delta": 0.688999}}
{"target": -2.1993776469053485, "params": {"C": 26.92964973976531, "epsilon": 5.7858711983829965, "gamma": 0.10704511800370853, "lamda": 0.7194798845945183}, "datetime": {"datetime": "2021-09-15 17:40:10", "elapsed": 766.200824, "delta": 0.702002}}
{"target": -19.356715729914253, "params": {"C": 27.348114107449717, "epsilon": 5.75850804582692, "gamma": 0.0961145809178768, "lamda": 0.8809092369038853}, "datetime": {"datetime": "2021-09-15 17:40:26", "elapsed": 782.217359, "delta": 16.016535}}
{"target": -18.950903645205234, "params": {"C": 30.33918778595632, "epsilon": 6.31664575623786, "gamma": 0.09896943198937869, "lamda": 0.9064778769893735}, "datetime": {"datetime": "2021-09-15 17:40:43", "elapsed": 798.668331, "delta": 16.450972}}
{"target": -16.15415621782696, "params": {"C": 30.21628560976587, "epsilon": 5.236000416880018, "gamma": 0.09032365381150521, "lamda": 0.8746066100776568}, "datetime": {"datetime": "2021-09-15 17:41:00", "elapsed": 816.012465, "delta": 17.344134}}
{"target": -15.844092454019114, "params": {"C": 31.68637010484017, "epsilon": 6.266745501228228, "gamma": 0.10374687027120656, "lamda": 0.9490689610222918}, "datetime": {"datetime": "2021-09-15 17:41:22", "elapsed": 837.679877, "delta": 21.667412}}
{"target": -19.006148032645086, "params": {"C": 27.643085831872483, "epsilon": 6.797585348164146, "gamma": 0.1017841598028808, "lamda": 0.92734552220475}, "datetime": {"datetime": "2021-09-15 17:41:56", "elapsed": 872.036387, "delta": 34.35651}}
{"target": -18.139954789676718, "params": {"C": 26.668773453629342, "epsilon": 6.906377359080735, "gamma": 0.1191080276753192, "lamda": 0.8578556370103361}, "datetime": {"datetime": "2021-09-15 17:42:30", "elapsed": 905.862541, "delta": 33.826154}}
{"target": -2.1863087393928637, "params": {"C": 28.79569575684856, "epsilon": 6.2539596934614385, "gamma": 0.1049400591581973, "lamda": 0.7402852804181758}, "datetime": {"datetime": "2021-09-15 17:42:31", "elapsed": 907.312812, "delta": 1.450271}}
{"target": -17.200824302184902, "params": {"C": 25.771022101849653, "epsilon": 5.974326183616676, "gamma": 0.11722390399836682, "lamda": 0.7753681037296185}, "datetime": {"datetime": "2021-09-15 17:43:05", "elapsed": 941.579771, "delta": 34.266959}}
{"target": -18.067863305080653, "params": {"C": 30.04755061304584, "epsilon": 6.834005857162558, "gamma": 0.10925245683874868, "lamda": 0.7548534227237677}, "datetime": {"datetime": "2021-09-15 17:43:40", "elapsed": 976.426329, "delta": 34.846558}}
{"target": -2.1804346707376805, "params": {"C": 29.93507486813046, "epsilon": 5.978252218515339, "gamma": 0.10478210681765876, "lamda": 0.7452932595855047}, "datetime": {"datetime": "2021-09-15 17:43:42", "elapsed": 977.686528, "delta": 1.260199}}
{"target": -17.576050655120664, "params": {"C": 27.956848623475885, "epsilon": 6.440232301779513, "gamma": 0.11519393889142687, "lamda": 0.8172940456920303}, "datetime": {"datetime": "2021-09-15 17:44:14", "elapsed": 1010.387943, "delta": 32.701415}}
{"target": -18.91439220497608, "params": {"C": 31.47910772910194, "epsilon": 6.440993950662961, "gamma": 0.09495236984048844, "lamda": 0.8986881214318759}, "datetime": {"datetime": "2021-09-15 17:44:48", "elapsed": 1043.830806, "delta": 33.442863}}
{"target": -19.554672117544015, "params": {"C": 28.456957511927, "epsilon": 6.0195738081696515, "gamma": 0.09572266120991221, "lamda": 0.9004102289549684}, "datetime": {"datetime": "2021-09-15 17:45:21", "elapsed": 1077.495496, "delta": 33.66469}}
{"target": -19.841811255293877, "params": {"C": 26.363038377829575, "epsilon": 6.7498993045979665, "gamma": 0.09015803015854795, "lamda": 0.7196084135639595}, "datetime": {"datetime": "2021-09-15 17:45:58", "elapsed": 1114.196819, "delta": 36.701323}}
{"target": -2.187185470520903, "params": {"C": 28.484341503091528, "epsilon": 5.506938364577471, "gamma": 0.10867631937815161, "lamda": 0.9524888474475867}, "datetime": {"datetime": "2021-09-15 17:45:59", "elapsed": 1115.316998, "delta": 1.120179}}
{"target": -18.416083847349107, "params": {"C": 26.67156359935247, "epsilon": 5.612282294798113, "gamma": 0.1043872546292808, "lamda": 0.7224699503462462}, "datetime": {"datetime": "2021-09-15 17:46:34", "elapsed": 1149.757204, "delta": 34.440206}}
{"target": -2.200189580996896, "params": {"C": 27.484993052044803, "epsilon": 5.212126257771968, "gamma": 0.10071482712252615, "lamda": 0.9832685767181406}, "datetime": {"datetime": "2021-09-15 17:46:35", "elapsed": 1151.062175, "delta": 1.304971}}
{"target": -2.195638036824762, "params": {"C": 26.72191820308378, "epsilon": 5.405400717566219, "gamma": 0.1139551309087264, "lamda": 0.9626991450267668}, "datetime": {"datetime": "2021-09-15 17:46:36", "elapsed": 1152.3671, "delta": 1.304925}}
{"target": -2.2162610055028766, "params": {"C": 26.103801227164812, "epsilon": 5.920100314968963, "gamma": 0.10331221409595817, "lamda": 0.6984210802271348}, "datetime": {"datetime": "2021-09-15 17:46:38", "elapsed": 1153.738114, "delta": 1.371014}}
