{"target": 0.9105233528265773, "params": {"C": 127.37666212419239, "epsilon": 0.855195488782119, "gamma": 0.039618363591487016, "lamda": 0.0019424999641630605}, "datetime": {"datetime": "2021-09-23 13:05:02", "elapsed": 385.932442, "delta": 1.063353}}
{"target": 0.841370275925514, "params": {"C": 143.0866032991749, "epsilon": 0.3797090077712353, "gamma": 0.2, "lamda": 0.10459990871170369}, "datetime": {"datetime": "2021-09-23 13:05:03", "elapsed": 387.428322, "delta": 1.49588}}
{"target": 0.8664297909804847, "params": {"C": 124.86353694988625, "epsilon": 0.6901423140387962, "gamma": 0.16466488971946744, "lamda": 0.09623649487206304}, "datetime": {"datetime": "2021-09-23 13:05:04", "elapsed": 388.420037, "delta": 0.991715}}
{"target": 0.8935756076035687, "params": {"C": 159.53603075852678, "epsilon": 0.5521781776412087, "gamma": 0.1168743204135348, "lamda": 0.09338082600143872}, "datetime": {"datetime": "2021-09-23 13:05:05", "elapsed": 389.233003, "delta": 0.812966}}
{"target": 0.8736946750880857, "params": {"C": 158.95233277212608, "epsilon": 0.7083314908919804, "gamma": 0.1479248847997451, "lamda": 0.19290946602171735}, "datetime": {"datetime": "2021-09-23 13:05:06", "elapsed": 390.414742, "delta": 1.181739}}
{"target": 0.8637962640911695, "params": {"C": 125.41985715744916, "epsilon": 0.6400083264569971, "gamma": 0.1685761362897525, "lamda": 0.11516136197823212}, "datetime": {"datetime": "2021-09-23 13:05:08", "elapsed": 391.680116, "delta": 1.265374}}
{"target": 0.8458377952835439, "params": {"C": 107.39976991586431, "epsilon": 0.08417625402972048, "gamma": 0.2, "lamda": 0.001}, "datetime": {"datetime": "2021-09-23 13:05:09", "elapsed": 393.03912, "delta": 1.359004}}
{"target": 0.9083459715296798, "params": {"C": 138.565751541135, "epsilon": 0.3816262732156022, "gamma": 0.07531152684290017, "lamda": 0.16023384235372828}, "datetime": {"datetime": "2021-09-23 13:05:10", "elapsed": 394.347735, "delta": 1.308615}}
{"target": 0.8633130153129993, "params": {"C": 139.01927334075413, "epsilon": 0.6631904298682318, "gamma": 0.16698468289079427, "lamda": 0.03278134625592985}, "datetime": {"datetime": "2021-09-23 13:05:12", "elapsed": 395.590734, "delta": 1.242999}}
{"target": -3.495642907871776, "params": {"C": 168.6006139768134, "epsilon": 0.49843475394285286, "gamma": 0.017515748207656667, "lamda": 0.10227886864742479}, "datetime": {"datetime": "2021-09-23 13:05:22", "elapsed": 405.975983, "delta": 10.385249}}
{"target": 0.8710746828064649, "params": {"C": 107.94363973665699, "epsilon": 0.2071582659239331, "gamma": 0.16072846232270113, "lamda": 0.002491050071787658}, "datetime": {"datetime": "2021-09-23 13:05:23", "elapsed": 407.285106, "delta": 1.309123}}
{"target": 0.8627282189961034, "params": {"C": 167.76711840528674, "epsilon": 0.9800513948717942, "gamma": 0.16308414162691215, "lamda": 0.19603809327957372}, "datetime": {"datetime": "2021-09-23 13:05:25", "elapsed": 408.6364, "delta": 1.351294}}
{"target": 0.8999999964237664, "params": {"C": 167.28528591408246, "epsilon": 0.5522171583766066, "gamma": 0.10203616257210928, "lamda": 0.011754618837093639}, "datetime": {"datetime": "2021-09-23 13:05:26", "elapsed": 409.881243, "delta": 1.244843}}
{"target": 0.8973944600430334, "params": {"C": 159.56554276412734, "epsilon": 0.5525539620617804, "gamma": 0.10831667508415864, "lamda": 0.012216281968395977}, "datetime": {"datetime": "2021-09-23 13:05:27", "elapsed": 410.763712, "delta": 0.882469}}
{"target": 0.8959817991167482, "params": {"C": 169.49194216698243, "epsilon": 0.05471153048616187, "gamma": 0.11188695683672217, "lamda": 0.033468106280977086}, "datetime": {"datetime": "2021-09-23 13:05:28", "elapsed": 412.096838, "delta": 1.333126}}
{"target": 0.8738587544206375, "params": {"C": 199.96979405435255, "epsilon": 0.9425669371278065, "gamma": 0.1420369348843812, "lamda": 0.05411093387104891}, "datetime": {"datetime": "2021-09-23 13:05:29", "elapsed": 412.948971, "delta": 0.852133}}
{"target": 0.8679561347627528, "params": {"C": 138.2347989626429, "epsilon": 0.7018953591495234, "gamma": 0.15996144937364132, "lamda": 0.14289054372268428}, "datetime": {"datetime": "2021-09-23 13:05:30", "elapsed": 414.393766, "delta": 1.444795}}
{"target": 0.8466817601815823, "params": {"C": 167.1918039593112, "epsilon": 0.9570933702487281, "gamma": 0.1871253202787201, "lamda": 0.1893294273379826}, "datetime": {"datetime": "2021-09-23 13:05:32", "elapsed": 415.993769, "delta": 1.600003}}
{"target": 0.8553866717772203, "params": {"C": 126.93901610738605, "epsilon": 0.7696664716403538, "gamma": 0.18104184806221602, "lamda": 0.01683206383728091}, "datetime": {"datetime": "2021-09-23 13:05:33", "elapsed": 417.32177, "delta": 1.328001}}
{"target": 0.9059308813910736, "params": {"C": 166.76031116359434, "epsilon": 0.5178578573626011, "gamma": 0.08311494732523762, "lamda": 0.1428092593180589}, "datetime": {"datetime": "2021-09-23 13:05:35", "elapsed": 418.72177, "delta": 1.4}}
{"target": 0.8376846455798852, "params": {"C": 200.0, "epsilon": 0.5660992528554215, "gamma": 0.2, "lamda": 0.001}, "datetime": {"datetime": "2021-09-23 13:05:36", "elapsed": 420.156625, "delta": 1.434855}}
{"target": 0.9024292512204561, "params": {"C": 146.23236904133603, "epsilon": 0.8809083865986673, "gamma": 0.09190474992240896, "lamda": 0.09161630448332576}, "datetime": {"datetime": "2021-09-23 13:05:37", "elapsed": 421.051624, "delta": 0.894999}}
{"target": 0.9025074521965557, "params": {"C": 146.65629586956248, "epsilon": 0.5745653713503972, "gamma": 0.0925184784577434, "lamda": 0.10758565985023869}, "datetime": {"datetime": "2021-09-23 13:05:39", "elapsed": 422.729711, "delta": 1.678087}}
{"target": 0.9156824968044911, "params": {"C": 146.09881876819003, "epsilon": 0.41048359224529135, "gamma": 0.05912064350002605, "lamda": 0.1100999083132307}, "datetime": {"datetime": "2021-09-23 13:05:40", "elapsed": 424.02271, "delta": 1.292999}}
{"target": 0.8959664254544323, "params": {"C": 167.06148447082057, "epsilon": 0.12712343158789696, "gamma": 0.1121183142088182, "lamda": 0.16104906069414893}, "datetime": {"datetime": "2021-09-23 13:05:41", "elapsed": 425.33271, "delta": 1.31}}
{"target": 0.8508907453001366, "params": {"C": 145.67963342831382, "epsilon": 0.7597030888027736, "gamma": 0.18404091008566748, "lamda": 0.18343996293354412}, "datetime": {"datetime": "2021-09-23 13:05:43", "elapsed": 426.75723, "delta": 1.42452}}
{"target": 0.8444919891322538, "params": {"C": 166.54536588950862, "epsilon": 0.06757923563593149, "gamma": 0.19130858120574984, "lamda": 0.15804498997117405}, "datetime": {"datetime": "2021-09-23 13:05:44", "elapsed": 428.10723, "delta": 1.35}}
{"target": 0.8789246178158219, "params": {"C": 166.1734755436318, "epsilon": 0.5043830711850065, "gamma": 0.13899992357018406, "lamda": 0.02499317040437114}, "datetime": {"datetime": "2021-09-23 13:05:45", "elapsed": 429.43923, "delta": 1.332}}
{"target": 0.8940851499231532, "params": {"C": 138.89004565147013, "epsilon": 0.35375664281145736, "gamma": 0.11606522749250842, "lamda": 0.05562591282368639}, "datetime": {"datetime": "2021-09-23 13:05:46", "elapsed": 430.490234, "delta": 1.051004}}
{"target": 0.9007116492523641, "params": {"C": 165.6482762290185, "epsilon": 0.6206114825211547, "gamma": 0.10038935709437391, "lamda": 0.039846015971891406}, "datetime": {"datetime": "2021-09-23 13:05:48", "elapsed": 432.35023, "delta": 1.859996}}
{"target": 0.8868814382450805, "params": {"C": 130.8828525590338, "epsilon": 0.4918711938692672, "gamma": 0.13097333042516937, "lamda": 0.11773912331540806}, "datetime": {"datetime": "2021-09-23 13:05:50", "elapsed": 434.120227, "delta": 1.769997}}
{"target": 0.8829152267728755, "params": {"C": 131.5242766507825, "epsilon": 0.4521711041340728, "gamma": 0.13814548939127771, "lamda": 0.11794839151192935}, "datetime": {"datetime": "2021-09-23 13:05:52", "elapsed": 436.554229, "delta": 2.434002}}
{"target": 0.8863218324411942, "params": {"C": 131.26764616180387, "epsilon": 0.06558865489719215, "gamma": 0.022341319462211733, "lamda": 0.10341678762763024}, "datetime": {"datetime": "2021-09-23 13:05:54", "elapsed": 438.149229, "delta": 1.595}}
{"target": 0.9109128147265401, "params": {"C": 176.8653311076419, "epsilon": 1.0, "gamma": 0.034782896910057995, "lamda": 0.001}, "datetime": {"datetime": "2021-09-23 13:05:56", "elapsed": 439.84623, "delta": 1.697001}}
{"target": 0.8619235012272051, "params": {"C": 177.36965308900153, "epsilon": 0.6189650270922016, "gamma": 0.16252200766311747, "lamda": 0.11647646221769585}, "datetime": {"datetime": "2021-09-23 13:05:57", "elapsed": 441.380879, "delta": 1.534649}}
{"target": 0.9161287427170828, "params": {"C": 177.69685837595793, "epsilon": 0.14960741352144769, "gamma": 0.060530109066830054, "lamda": 0.10888255987261883}, "datetime": {"datetime": "2021-09-23 13:05:59", "elapsed": 443.274023, "delta": 1.893144}}
{"target": 0.8746219663408898, "params": {"C": 170.34024936238717, "epsilon": 0.40578979214738076, "gamma": 0.14460174595859746, "lamda": 0.15951156692993454}, "datetime": {"datetime": "2021-09-23 13:06:01", "elapsed": 445.09201, "delta": 1.817987}}
{"target": 0.8740050270126537, "params": {"C": 100.33754051762789, "epsilon": 0.15592210015702734, "gamma": 0.1571587202110677, "lamda": 0.0923120545017805}, "datetime": {"datetime": "2021-09-23 13:06:02", "elapsed": 446.085598, "delta": 0.993588}}
{"target": 0.8922074517669678, "params": {"C": 118.43195271841911, "epsilon": 0.05609203698520692, "gamma": 0.11853109147612398, "lamda": 0.009695914805887815}, "datetime": {"datetime": "2021-09-23 13:06:03", "elapsed": 447.175201, "delta": 1.089603}}
{"target": 0.8741582350488448, "params": {"C": 170.76279877420913, "epsilon": 0.8606063029724209, "gamma": 0.1453880551981776, "lamda": 0.18954779920032794}, "datetime": {"datetime": "2021-09-23 13:06:05", "elapsed": 449.420427, "delta": 2.245226}}
{"target": 0.8571854034971967, "params": {"C": 107.30293966982309, "epsilon": 0.9185566402768643, "gamma": 0.18220895725778727, "lamda": 0.06551022990933053}, "datetime": {"datetime": "2021-09-23 13:06:06", "elapsed": 450.527039, "delta": 1.106612}}
{"target": -3.021540656635416, "params": {"C": 149.38496106518193, "epsilon": 0.8060747237419577, "gamma": 0.014308450844034815, "lamda": 0.0513083195959235}, "datetime": {"datetime": "2021-09-23 13:06:19", "elapsed": 463.366874, "delta": 12.839835}}
{"target": 0.8557051005766045, "params": {"C": 107.05138389847258, "epsilon": 0.5066060255854861, "gamma": 0.18456678564580983, "lamda": 0.0844416415811369}, "datetime": {"datetime": "2021-09-23 13:06:21", "elapsed": 464.924167, "delta": 1.557293}}
{"target": -2.5861425125134416, "params": {"C": 106.77485085146603, "epsilon": 0.9760884771777544, "gamma": 0.011103172330665146, "lamda": 0.06970210142224526}, "datetime": {"datetime": "2021-09-23 13:06:33", "elapsed": 476.889593, "delta": 11.965426}}
{"target": 0.873092490165714, "params": {"C": 105.8343521209734, "epsilon": 0.5970915188359378, "gamma": 0.012213309785200764, "lamda": 0.03625206961884289}, "datetime": {"datetime": "2021-09-23 13:06:34", "elapsed": 478.337593, "delta": 1.448}}
{"target": 0.8947021841213927, "params": {"C": 161.35329538915292, "epsilon": 0.564707852842898, "gamma": 0.11461031705033622, "lamda": 0.024495308026613087}, "datetime": {"datetime": "2021-09-23 13:06:35", "elapsed": 479.268592, "delta": 0.930999}}
{"target": -2.5485015424330237, "params": {"C": 178.08299182472027, "epsilon": 0.46954079737488635, "gamma": 0.01, "lamda": 0.2}, "datetime": {"datetime": "2021-09-23 13:06:47", "elapsed": 490.695959, "delta": 11.427367}}
{"target": 0.8962486938952321, "params": {"C": 127.8507137238385, "epsilon": 0.966626751846414, "gamma": 0.10845174450945719, "lamda": 0.035034828342353434}, "datetime": {"datetime": "2021-09-23 13:06:48", "elapsed": 491.61863, "delta": 0.922671}}
{"target": 0.8719768273385488, "params": {"C": 114.40249503250453, "epsilon": 0.6157605878707288, "gamma": 0.1582550593783958, "lamda": 0.16881123474239818}, "datetime": {"datetime": "2021-09-23 13:06:49", "elapsed": 492.651663, "delta": 1.033033}}
{"target": 0.8704260255266404, "params": {"C": 170.7963536405046, "epsilon": 0.44672796388090896, "gamma": 0.01, "lamda": 0.001}, "datetime": {"datetime": "2021-09-23 13:06:50", "elapsed": 494.428038, "delta": 1.776375}}
{"target": 0.8489110965105479, "params": {"C": 171.29338942640777, "epsilon": 0.6578872589312217, "gamma": 0.18255963269370615, "lamda": 0.17770324743951993}, "datetime": {"datetime": "2021-09-23 13:06:52", "elapsed": 496.27657, "delta": 1.848532}}
{"target": 0.8939959963548312, "params": {"C": 176.86085710664207, "epsilon": 0.5606558076807517, "gamma": 0.11497978741540285, "lamda": 0.18403515121642605}, "datetime": {"datetime": "2021-09-23 13:06:54", "elapsed": 498.134573, "delta": 1.858003}}
{"target": -3.1158113575150947, "params": {"C": 169.83262627677834, "epsilon": 0.4448032124845925, "gamma": 0.03267087743319696, "lamda": 0.17465577923873365}, "datetime": {"datetime": "2021-09-23 13:07:06", "elapsed": 509.701057, "delta": 11.566484}}
{"target": 0.8652031286106558, "params": {"C": 166.2443894602323, "epsilon": 0.95893723923632, "gamma": 0.15964697018153204, "lamda": 0.15711389838974257}, "datetime": {"datetime": "2021-09-23 13:07:07", "elapsed": 511.135417, "delta": 1.43436}}
{"target": 0.8566342960357647, "params": {"C": 105.8300283236223, "epsilon": 0.9781036790017485, "gamma": 0.18338242520013923, "lamda": 0.17168140451514668}, "datetime": {"datetime": "2021-09-23 13:07:09", "elapsed": 512.903638, "delta": 1.768221}}
{"target": 0.8376956457612214, "params": {"C": 198.6351188965014, "epsilon": 1.0, "gamma": 0.2, "lamda": 0.2}, "datetime": {"datetime": "2021-09-23 13:07:10", "elapsed": 514.314388, "delta": 1.41075}}
{"target": 0.90099907439034, "params": {"C": 187.0075455788263, "epsilon": 0.49652223567205733, "gamma": 0.10025156782610731, "lamda": 0.1766570791122246}, "datetime": {"datetime": "2021-09-23 13:07:12", "elapsed": 515.699853, "delta": 1.385465}}
{"target": 0.8515266648354627, "params": {"C": 177.40021360345747, "epsilon": 0.9910703952930955, "gamma": 0.17770867151787997, "lamda": 0.03262737977947579}, "datetime": {"datetime": "2021-09-23 13:07:13", "elapsed": 516.979505, "delta": 1.279652}}
{"target": 0.8700406415366427, "params": {"C": 155.3182013762425, "epsilon": 1.0, "gamma": 0.01, "lamda": 0.001}, "datetime": {"datetime": "2021-09-23 13:07:15", "elapsed": 518.848057, "delta": 1.868552}}
{"target": 0.8941602163415993, "params": {"C": 100.37601833281838, "epsilon": 0.6536649448910324, "gamma": 0.11042153508194466, "lamda": 0.06336875177415703}, "datetime": {"datetime": "2021-09-23 13:07:16", "elapsed": 520.362444, "delta": 1.514387}}
{"target": 0.8410380256546406, "params": {"C": 146.74376037389646, "epsilon": 1.0, "gamma": 0.2, "lamda": 0.2}, "datetime": {"datetime": "2021-09-23 13:07:18", "elapsed": 522.039422, "delta": 1.676978}}
{"target": -3.0087505373365104, "params": {"C": 154.94085027459215, "epsilon": 0.4345716581058859, "gamma": 0.04616127916935859, "lamda": 0.02935417213860574}, "datetime": {"datetime": "2021-09-23 13:07:30", "elapsed": 533.994317, "delta": 11.954895}}
{"target": 0.8947698454376753, "params": {"C": 100.0015474546314, "epsilon": 0.467132912450914, "gamma": 0.10881360723447285, "lamda": 0.13235619329819254}, "datetime": {"datetime": "2021-09-23 13:07:32", "elapsed": 535.771662, "delta": 1.777345}}
{"target": 0.8787123093397774, "params": {"C": 167.91067341708776, "epsilon": 0.2529214948327334, "gamma": 0.13895067582545237, "lamda": 0.17630486108322224}, "datetime": {"datetime": "2021-09-23 13:07:33", "elapsed": 536.727737, "delta": 0.956075}}
{"target": -2.8849323104844706, "params": {"C": 165.00995524371865, "epsilon": 0.46455529064421314, "gamma": 0.050440323236004406, "lamda": 0.10765076336184165}, "datetime": {"datetime": "2021-09-23 13:07:43", "elapsed": 547.440844, "delta": 10.713107}}
{"target": 0.8774048802280175, "params": {"C": 160.86013795665542, "epsilon": 0.38013344563618046, "gamma": 0.14200514489178176, "lamda": 0.19357542140360082}, "datetime": {"datetime": "2021-09-23 13:07:44", "elapsed": 548.493644, "delta": 1.0528}}
{"target": -2.5243126832573086, "params": {"C": 184.72767949590207, "epsilon": 0.8615378848847753, "gamma": 0.058067136967942086, "lamda": 0.15713036752449025}, "datetime": {"datetime": "2021-09-23 13:07:56", "elapsed": 559.851043, "delta": 11.357399}}
{"target": 0.8562618005631253, "params": {"C": 155.64980661670884, "epsilon": 0.10463611372139088, "gamma": 0.17426980147278637, "lamda": 0.17225194536608282}, "datetime": {"datetime": "2021-09-23 13:07:58", "elapsed": 561.601415, "delta": 1.750372}}
{"target": -2.993819327766885, "params": {"C": 184.04787362620056, "epsilon": 0.9332981596008227, "gamma": 0.03100945073600972, "lamda": 0.052592714841141086}, "datetime": {"datetime": "2021-09-23 13:08:09", "elapsed": 573.190856, "delta": 11.589441}}
{"target": 0.8548786898018492, "params": {"C": 114.09285700869289, "epsilon": 0.5972827682484027, "gamma": 0.18431679459114453, "lamda": 0.024571296184365477}, "datetime": {"datetime": "2021-09-23 13:08:10", "elapsed": 574.252857, "delta": 1.062001}}
{"target": -3.1375672806702966, "params": {"C": 189.8638624485975, "epsilon": 0.626440764786246, "gamma": 0.04360522466791264, "lamda": 0.04713743457761228}, "datetime": {"datetime": "2021-09-23 13:08:22", "elapsed": 586.426241, "delta": 12.173384}}
{"target": 0.9168825741194749, "params": {"C": 160.53423835368199, "epsilon": 0.058129357829237054, "gamma": 0.05631115142527487, "lamda": 0.15042799380757615}, "datetime": {"datetime": "2021-09-23 13:08:25", "elapsed": 588.746296, "delta": 2.320055}}
{"target": -3.961973938365089, "params": {"C": 167.63249633041602, "epsilon": 0.5391825044490971, "gamma": 0.0297870119850838, "lamda": 0.1956196924152751}, "datetime": {"datetime": "2021-09-23 13:08:37", "elapsed": 600.864423, "delta": 12.118127}}
{"target": 0.883377520272381, "params": {"C": 138.65663946268447, "epsilon": 0.6923077125518103, "gamma": 0.13669154450891888, "lamda": 0.17650751672460774}, "datetime": {"datetime": "2021-09-23 13:08:39", "elapsed": 603.384861, "delta": 2.520438}}
{"target": 0.9141924849609102, "params": {"C": 170.50781427953825, "epsilon": 0.7008127050682018, "gamma": 0.06447389429028237, "lamda": 0.02340504361521969}, "datetime": {"datetime": "2021-09-23 13:08:42", "elapsed": 606.237403, "delta": 2.852542}}
{"target": 0.8959596001397977, "params": {"C": 167.0377419586485, "epsilon": 0.5661868690863789, "gamma": 0.11207554668943087, "lamda": 0.010640305614885302}, "datetime": {"datetime": "2021-09-23 13:08:44", "elapsed": 608.441812, "delta": 2.204409}}
{"target": 0.8707695598487062, "params": {"C": 186.64093338197554, "epsilon": 0.569208158757383, "gamma": 0.01, "lamda": 0.001}, "datetime": {"datetime": "2021-09-23 13:08:47", "elapsed": 611.12845, "delta": 2.686638}}
{"target": 0.9017624119140519, "params": {"C": 122.84592606849232, "epsilon": 0.7745512615752671, "gamma": 0.09040036972060528, "lamda": 0.19487242340074554}, "datetime": {"datetime": "2021-09-23 13:08:48", "elapsed": 612.23147, "delta": 1.10302}}
{"target": 0.8529626812104244, "params": {"C": 122.86688756241841, "epsilon": 0.41636393996759086, "gamma": 0.18559932943810925, "lamda": 0.14685866233651843}, "datetime": {"datetime": "2021-09-23 13:08:51", "elapsed": 614.77821, "delta": 2.54674}}
{"target": -2.49457313669795, "params": {"C": 161.8356035473251, "epsilon": 0.5232720902634467, "gamma": 0.047458246991394094, "lamda": 0.1695732927679283}, "datetime": {"datetime": "2021-09-23 13:09:04", "elapsed": 627.593893, "delta": 12.815683}}
{"target": 0.895078108897145, "params": {"C": 161.3326950599527, "epsilon": 0.08752433321421134, "gamma": 0.11410385151406588, "lamda": 0.017560056358903245}, "datetime": {"datetime": "2021-09-23 13:09:07", "elapsed": 630.627976, "delta": 3.034083}}
{"target": 0.9111281872448288, "params": {"C": 113.72068242560172, "epsilon": 0.7431406324731032, "gamma": 0.06935700914630674, "lamda": 0.12634406733119907}, "datetime": {"datetime": "2021-09-23 13:09:09", "elapsed": 632.770236, "delta": 2.14226}}
{"target": 0.8462789461370468, "params": {"C": 145.2317192285371, "epsilon": 0.8869380127642778, "gamma": 0.19132635605140777, "lamda": 0.13337269077441868}, "datetime": {"datetime": "2021-09-23 13:09:10", "elapsed": 633.746008, "delta": 0.975772}}
{"target": 0.8486061661759334, "params": {"C": 123.11013801128112, "epsilon": 0.7327327851547112, "gamma": 0.19208069885699366, "lamda": 0.08007540130702968}, "datetime": {"datetime": "2021-09-23 13:09:12", "elapsed": 635.76309, "delta": 2.017082}}
{"target": 0.9069650017010342, "params": {"C": 192.3598957189207, "epsilon": 0.3666825841416288, "gamma": 0.08265453712006013, "lamda": 0.10550976102805389}, "datetime": {"datetime": "2021-09-23 13:09:13", "elapsed": 636.95625, "delta": 1.19316}}
{"target": 0.9154456484733174, "params": {"C": 161.64854853918553, "epsilon": 0.907734791922711, "gamma": 0.06199507088419132, "lamda": 0.0019187437216317271}, "datetime": {"datetime": "2021-09-23 13:09:14", "elapsed": 638.036261, "delta": 1.080011}}
{"target": 0.9056930969061773, "params": {"C": 162.17835796006284, "epsilon": 0.7825297057937888, "gamma": 0.0828690997119096, "lamda": 0.10265402551643008}, "datetime": {"datetime": "2021-09-23 13:09:15", "elapsed": 639.205761, "delta": 1.1695}}
{"target": 0.8693685464784208, "params": {"C": 118.93479739290687, "epsilon": 0.3991881891873311, "gamma": 0.01, "lamda": 0.001}, "datetime": {"datetime": "2021-09-23 13:09:17", "elapsed": 641.482807, "delta": 2.277046}}
{"target": 0.912504045692045, "params": {"C": 132.33713315525802, "epsilon": 0.1734413703698915, "gamma": 0.0677584070611795, "lamda": 0.05211813276186968}, "datetime": {"datetime": "2021-09-23 13:09:19", "elapsed": 642.618357, "delta": 1.13555}}
