{"target": 0.576666321898869, "params": {"C": 193.08709989781568, "epsilon": 0.8602302486448296, "gamma": 0.8625062573394827, "lamda": 0.1469014396683739}, "datetime": {"datetime": "2021-09-23 13:56:20", "elapsed": 238.868676, "delta": 1.733322}}
{"target": 0.8196635189359575, "params": {"C": 143.18024860958084, "epsilon": 0.9494748311824375, "gamma": 0.24163184890416667, "lamda": 0.08076735537771088}, "datetime": {"datetime": "2021-09-23 13:56:22", "elapsed": 240.602022, "delta": 1.733346}}
{"target": 0.5784159900553516, "params": {"C": 182.40427412029425, "epsilon": 0.8438322218183347, "gamma": 0.8564821782240434, "lamda": 0.3959215600569064}, "datetime": {"datetime": "2021-09-23 13:56:23", "elapsed": 241.703736, "delta": 1.101714}}
{"target": 0.5755038547139897, "params": {"C": 142.9299898126838, "epsilon": 0.06044261285592335, "gamma": 0.8630326412097328, "lamda": 0.03824088766287833}, "datetime": {"datetime": "2021-09-23 13:56:24", "elapsed": 242.810171, "delta": 1.106435}}
{"target": 0.5981477165875598, "params": {"C": 124.78917164270099, "epsilon": 0.8277599772354296, "gamma": 0.7898563233759116, "lamda": 0.10125760839213695}, "datetime": {"datetime": "2021-09-23 13:56:25", "elapsed": 243.749174, "delta": 0.939003}}
{"target": 0.9064075438776925, "params": {"C": 182.77237853799008, "epsilon": 0.05, "gamma": 0.03, "lamda": 0.001}, "datetime": {"datetime": "2021-09-23 13:56:26", "elapsed": 244.702808, "delta": 0.953634}}
{"target": 0.8992205214337958, "params": {"C": 125.64651554906233, "epsilon": 1.0, "gamma": 0.03, "lamda": 0.001}, "datetime": {"datetime": "2021-09-23 13:56:27", "elapsed": 245.595439, "delta": 0.892631}}
{"target": 0.5653133238556101, "params": {"C": 154.88367121987974, "epsilon": 0.20925846843203713, "gamma": 0.9, "lamda": 0.4}, "datetime": {"datetime": "2021-09-23 13:56:28", "elapsed": 246.468898, "delta": 0.873459}}
{"target": 0.9004837600109737, "params": {"C": 133.89871399792005, "epsilon": 1.0, "gamma": 0.03, "lamda": 0.001}, "datetime": {"datetime": "2021-09-23 13:56:29", "elapsed": 247.384507, "delta": 0.915609}}
{"target": 0.5665964788435576, "params": {"C": 133.23052624654096, "epsilon": 1.0, "gamma": 0.9, "lamda": 0.001}, "datetime": {"datetime": "2021-09-23 13:56:30", "elapsed": 248.123543, "delta": 0.739036}}
{"target": 0.5938517174303412, "params": {"C": 120.81038056963529, "epsilon": 0.12346582931236931, "gamma": 0.8015067892337928, "lamda": 0.12173568623140316}, "datetime": {"datetime": "2021-09-23 13:56:31", "elapsed": 248.984506, "delta": 0.860963}}
{"target": 0.8928950249438936, "params": {"C": 127.04122046609419, "epsilon": 0.9863482477994977, "gamma": 0.11737021253417924, "lamda": 0.008342939434496557}, "datetime": {"datetime": "2021-09-23 13:56:32", "elapsed": 249.928529, "delta": 0.944023}}
{"target": 0.5668414331945728, "params": {"C": 127.44113497677722, "epsilon": 0.10711540608217951, "gamma": 0.8938553614476774, "lamda": 0.22563039426647227}, "datetime": {"datetime": "2021-09-23 13:56:32", "elapsed": 250.713507, "delta": 0.784978}}
{"target": 0.9002465022794679, "params": {"C": 132.56233973227532, "epsilon": 0.05, "gamma": 0.03, "lamda": 0.001}, "datetime": {"datetime": "2021-09-23 13:56:33", "elapsed": 251.440509, "delta": 0.727002}}
{"target": 0.8985699767207289, "params": {"C": 120.99247203262962, "epsilon": 1.0, "gamma": 0.03, "lamda": 0.001}, "datetime": {"datetime": "2021-09-23 13:56:34", "elapsed": 252.286505, "delta": 0.845996}}
{"target": 0.5714414577242343, "params": {"C": 144.43430866451536, "epsilon": 0.900936792053776, "gamma": 0.8816869020172984, "lamda": 0.024603902814432043}, "datetime": {"datetime": "2021-09-23 13:56:35", "elapsed": 253.163505, "delta": 0.877}}
{"target": 0.9012196430370992, "params": {"C": 139.69251859613456, "epsilon": 0.05, "gamma": 0.03, "lamda": 0.001}, "datetime": {"datetime": "2021-09-23 13:56:36", "elapsed": 253.945506, "delta": 0.782001}}
{"target": -1.7007241467212464, "params": {"C": 173.0735193883119, "epsilon": 0.9377927545282643, "gamma": 0.0819091978965749, "lamda": 0.2939032194556078}, "datetime": {"datetime": "2021-09-23 13:56:46", "elapsed": 264.827879, "delta": 10.882373}}
{"target": -3.238115886598112, "params": {"C": 192.93599087229313, "epsilon": 0.05, "gamma": 0.03, "lamda": 0.4}, "datetime": {"datetime": "2021-09-23 13:56:57", "elapsed": 275.316073, "delta": 10.488194}}
{"target": 0.5650325067626196, "params": {"C": 140.28688803054072, "epsilon": 0.05, "gamma": 0.9, "lamda": 0.4}, "datetime": {"datetime": "2021-09-23 13:56:58", "elapsed": 276.104074, "delta": 0.788001}}
{"target": -3.903598766060484, "params": {"C": 139.31736892205052, "epsilon": 1.0, "gamma": 0.03, "lamda": 0.4}, "datetime": {"datetime": "2021-09-23 13:57:08", "elapsed": 286.592464, "delta": 10.48839}}
{"target": 0.5665426485031103, "params": {"C": 141.03257798351973, "epsilon": 0.9643751538669086, "gamma": 0.9, "lamda": 0.001}, "datetime": {"datetime": "2021-09-23 13:57:09", "elapsed": 287.435284, "delta": 0.84282}}
{"target": 0.6204121334091199, "params": {"C": 199.32978649035437, "epsilon": 0.9989806867999675, "gamma": 0.7202739938397438, "lamda": 0.2697332830887347}, "datetime": {"datetime": "2021-09-23 13:57:10", "elapsed": 288.209323, "delta": 0.774039}}
{"target": -3.680444828117496, "params": {"C": 181.48849048067922, "epsilon": 1.0, "gamma": 0.03, "lamda": 0.4}, "datetime": {"datetime": "2021-09-23 13:57:20", "elapsed": 298.360926, "delta": 10.151603}}
{"target": 0.5650325046582363, "params": {"C": 182.63491163836713, "epsilon": 0.05, "gamma": 0.9, "lamda": 0.001}, "datetime": {"datetime": "2021-09-23 13:57:21", "elapsed": 299.152931, "delta": 0.792005}}
{"target": 0.605129514459537, "params": {"C": 181.0936045818106, "epsilon": 0.46303963146152194, "gamma": 0.7663018568190979, "lamda": 0.11896891798597989}, "datetime": {"datetime": "2021-09-23 13:57:21", "elapsed": 299.701925, "delta": 0.548994}}
{"target": 0.9064566174051316, "params": {"C": 183.3271389039112, "epsilon": 1.0, "gamma": 0.03, "lamda": 0.001}, "datetime": {"datetime": "2021-09-23 13:57:22", "elapsed": 300.617923, "delta": 0.915998}}
{"target": -2.289562958871012, "params": {"C": 134.47274984549819, "epsilon": 0.0928483639797004, "gamma": 0.050148959713933836, "lamda": 0.14710527500904014}, "datetime": {"datetime": "2021-09-23 13:57:33", "elapsed": 310.962385, "delta": 10.344462}}
{"target": 0.5777811193682851, "params": {"C": 132.64458381787784, "epsilon": 0.27361852561230615, "gamma": 0.8561645058384691, "lamda": 0.2997913287883107}, "datetime": {"datetime": "2021-09-23 13:57:33", "elapsed": 311.767348, "delta": 0.804963}}
{"target": 0.5773574830315268, "params": {"C": 121.08416879000794, "epsilon": 0.9665989919952815, "gamma": 0.8607659429681921, "lamda": 0.3593178540890506}, "datetime": {"datetime": "2021-09-23 13:57:34", "elapsed": 312.562271, "delta": 0.794923}}
{"target": 0.5665964779027133, "params": {"C": 170.8015475007704, "epsilon": 1.0, "gamma": 0.9, "lamda": 0.001}, "datetime": {"datetime": "2021-09-23 13:57:35", "elapsed": 313.302012, "delta": 0.739741}}
{"target": 0.8283049280346261, "params": {"C": 161.6757338874876, "epsilon": 0.975320462816899, "gamma": 0.22217977375834322, "lamda": 0.27168031697951245}, "datetime": {"datetime": "2021-09-23 13:57:36", "elapsed": 314.141014, "delta": 0.839002}}
{"target": 0.5651147541075396, "params": {"C": 161.70725023610802, "epsilon": 0.09620792646107568, "gamma": 0.9, "lamda": 0.001}, "datetime": {"datetime": "2021-09-23 13:57:37", "elapsed": 314.995496, "delta": 0.854482}}
{"target": 0.9077228482511883, "params": {"C": 200.0, "epsilon": 0.05, "gamma": 0.03, "lamda": 0.001}, "datetime": {"datetime": "2021-09-23 13:57:37", "elapsed": 315.870496, "delta": 0.875}}
{"target": 0.5665964789938464, "params": {"C": 150.22311277998597, "epsilon": 1.0, "gamma": 0.9, "lamda": 0.001}, "datetime": {"datetime": "2021-09-23 13:57:38", "elapsed": 316.634012, "delta": 0.763516}}
{"target": 0.9073633798637013, "params": {"C": 145.23676097725073, "epsilon": 0.06185681290353762, "gamma": 0.07662653119904474, "lamda": 0.1720223316734724}, "datetime": {"datetime": "2021-09-23 13:57:39", "elapsed": 317.586508, "delta": 0.952496}}
{"target": -3.4496196121969858, "params": {"C": 198.90727070460545, "epsilon": 0.05, "gamma": 0.03, "lamda": 0.4}, "datetime": {"datetime": "2021-09-23 13:57:50", "elapsed": 328.807102, "delta": 11.220594}}
{"target": -3.220874571534826, "params": {"C": 144.72594668661736, "epsilon": 0.967594700720143, "gamma": 0.0324431179683911, "lamda": 0.20553968601585684}, "datetime": {"datetime": "2021-09-23 13:58:02", "elapsed": 339.983114, "delta": 11.176012}}
{"target": 0.5923810775923332, "params": {"C": 199.90671515141793, "epsilon": 0.49773730339807615, "gamma": 0.807967430854264, "lamda": 0.06951564730711847}, "datetime": {"datetime": "2021-09-23 13:58:02", "elapsed": 340.795757, "delta": 0.812643}}
{"target": 0.5950400542903458, "params": {"C": 159.85774471392293, "epsilon": 0.67473350064987, "gamma": 0.7998800254502298, "lamda": 0.07003032387803912}, "datetime": {"datetime": "2021-09-23 13:58:03", "elapsed": 341.364793, "delta": 0.569036}}
{"target": 0.6757745314891057, "params": {"C": 188.62280116217244, "epsilon": 0.28723422786039055, "gamma": 0.5644825897616476, "lamda": 0.1674937157763118}, "datetime": {"datetime": "2021-09-23 13:58:04", "elapsed": 341.99847, "delta": 0.633677}}
{"target": 0.5660435041619825, "params": {"C": 143.58205905258205, "epsilon": 0.6451271985044333, "gamma": 0.9, "lamda": 0.4}, "datetime": {"datetime": "2021-09-23 13:58:04", "elapsed": 342.878112, "delta": 0.879642}}
{"target": 0.5739769922082802, "params": {"C": 198.43270208526434, "epsilon": 0.962380186848899, "gamma": 0.8728256337258159, "lamda": 0.14701159659268356}, "datetime": {"datetime": "2021-09-23 13:58:06", "elapsed": 344.072112, "delta": 1.194}}
{"target": 0.8436993363405869, "params": {"C": 143.19831017035776, "epsilon": 0.9799176825784814, "gamma": 0.19578721995707574, "lamda": 0.05922088565694335}, "datetime": {"datetime": "2021-09-23 13:58:07", "elapsed": 345.00557, "delta": 0.933458}}
{"target": 0.5739343495014959, "params": {"C": 145.17359989019968, "epsilon": 0.06375367825102739, "gamma": 0.8685046357063788, "lamda": 0.3713313626831456}, "datetime": {"datetime": "2021-09-23 13:58:08", "elapsed": 346.19757, "delta": 1.192}}
{"target": -3.4218457237064053, "params": {"C": 166.58640827328813, "epsilon": 0.9588151001599085, "gamma": 0.03, "lamda": 0.4}, "datetime": {"datetime": "2021-09-23 13:58:22", "elapsed": 360.256735, "delta": 14.059165}}
{"target": -3.7802048571934828, "params": {"C": 142.2150845913627, "epsilon": 1.0, "gamma": 0.03, "lamda": 0.4}, "datetime": {"datetime": "2021-09-23 13:58:35", "elapsed": 372.898441, "delta": 12.641706}}
{"target": -0.9395115664708955, "params": {"C": 126.49328079934992, "epsilon": 0.7319667771738926, "gamma": 0.10401762235428169, "lamda": 0.3887104659394906}, "datetime": {"datetime": "2021-09-23 13:58:46", "elapsed": 384.864876, "delta": 11.966435}}
{"target": 0.6110269480434465, "params": {"C": 141.00379529909904, "epsilon": 0.09261685769268282, "gamma": 0.7467370493380998, "lamda": 0.008143340337617298}, "datetime": {"datetime": "2021-09-23 13:58:48", "elapsed": 385.90775, "delta": 1.042874}}
{"target": 0.5795849650378109, "params": {"C": 142.24224707142687, "epsilon": 0.9548298350105066, "gamma": 0.8530087651165923, "lamda": 0.03669017320713503}, "datetime": {"datetime": "2021-09-23 13:58:48", "elapsed": 386.546751, "delta": 0.639001}}
{"target": 0.90036482716581, "params": {"C": 133.21619520934976, "epsilon": 0.5512127940781609, "gamma": 0.03, "lamda": 0.001}, "datetime": {"datetime": "2021-09-23 13:58:49", "elapsed": 387.46095, "delta": 0.914199}}
{"target": 0.9014093470128786, "params": {"C": 127.740491770809, "epsilon": 0.461722808412077, "gamma": 0.09335033930601697, "lamda": 0.042029145320180844}, "datetime": {"datetime": "2021-09-23 13:58:50", "elapsed": 388.495953, "delta": 1.035003}}
{"target": 0.6585476874622846, "params": {"C": 155.7326865671041, "epsilon": 0.9968799081163998, "gamma": 0.6106456187625722, "lamda": 0.041661512213747025}, "datetime": {"datetime": "2021-09-23 13:58:51", "elapsed": 389.235789, "delta": 0.739836}}
{"target": 0.9016785562956692, "params": {"C": 143.28088166192438, "epsilon": 0.05, "gamma": 0.03, "lamda": 0.001}, "datetime": {"datetime": "2021-09-23 13:58:52", "elapsed": 390.342406, "delta": 1.106617}}
{"target": 0.6959422447073813, "params": {"C": 168.1300026903212, "epsilon": 0.9132434646110742, "gamma": 0.5167083095981607, "lamda": 0.23925488273329484}, "datetime": {"datetime": "2021-09-23 13:58:53", "elapsed": 391.357381, "delta": 1.014975}}
{"target": 0.9118108053364251, "params": {"C": 125.10959917122456, "epsilon": 0.14207240646639235, "gamma": 0.06898806482502282, "lamda": 0.13962391555271256}, "datetime": {"datetime": "2021-09-23 13:58:54", "elapsed": 392.238819, "delta": 0.881438}}
{"target": 0.5874335757984475, "params": {"C": 141.97394847668323, "epsilon": 0.06287815128872162, "gamma": 0.8224931905267219, "lamda": 0.29552445933940286}, "datetime": {"datetime": "2021-09-23 13:58:55", "elapsed": 393.282979, "delta": 1.04416}}
{"target": 0.5883077283257061, "params": {"C": 127.65894487465636, "epsilon": 1.0, "gamma": 0.823730992383234, "lamda": 0.001}, "datetime": {"datetime": "2021-09-23 13:58:56", "elapsed": 394.360979, "delta": 1.078}}
{"target": -3.468145168103897, "params": {"C": 171.36111973606398, "epsilon": 0.9707962110325238, "gamma": 0.038692104334828496, "lamda": 0.22528361130772334}, "datetime": {"datetime": "2021-09-23 13:59:07", "elapsed": 405.319939, "delta": 10.95896}}
{"target": 0.5650325035300258, "params": {"C": 144.22282650213177, "epsilon": 0.05, "gamma": 0.9, "lamda": 0.001}, "datetime": {"datetime": "2021-09-23 13:59:08", "elapsed": 406.430939, "delta": 1.111}}
{"target": 0.9024403464311019, "params": {"C": 150.16371569276882, "epsilon": 0.31576346332428284, "gamma": 0.03, "lamda": 0.001}, "datetime": {"datetime": "2021-09-23 13:59:10", "elapsed": 407.969525, "delta": 1.538586}}
{"target": 0.6955972913648893, "params": {"C": 138.07146291796022, "epsilon": 0.38535424307433885, "gamma": 0.5191054057258465, "lamda": 0.04379956074803851}, "datetime": {"datetime": "2021-09-23 13:59:11", "elapsed": 408.974766, "delta": 1.005241}}
{"target": -3.3950669114286347, "params": {"C": 150.11091194529246, "epsilon": 0.9827888919441171, "gamma": 0.040781716096052814, "lamda": 0.3993122132696845}, "datetime": {"datetime": "2021-09-23 13:59:22", "elapsed": 420.330193, "delta": 11.355427}}
{"target": 0.7393590554729397, "params": {"C": 150.81212598876002, "epsilon": 0.2063358980659137, "gamma": 0.41676295569746347, "lamda": 0.001}, "datetime": {"datetime": "2021-09-23 13:59:23", "elapsed": 421.361844, "delta": 1.031651}}
{"target": 0.7703667759515779, "params": {"C": 184.74282618395574, "epsilon": 0.26500383043275116, "gamma": 0.3452475409142971, "lamda": 0.3959755288598539}, "datetime": {"datetime": "2021-09-23 13:59:24", "elapsed": 422.120566, "delta": 0.758722}}
{"target": 0.6655287466537742, "params": {"C": 128.89394909430993, "epsilon": 0.1767380708937792, "gamma": 0.5930721600703965, "lamda": 0.23117264300962911}, "datetime": {"datetime": "2021-09-23 13:59:25", "elapsed": 422.894301, "delta": 0.773735}}
{"target": 0.8639310250800669, "params": {"C": 141.9013296993539, "epsilon": 0.855195488782119, "gamma": 0.16562092802417738, "lamda": 0.002889736109050558}, "datetime": {"datetime": "2021-09-23 13:59:25", "elapsed": 423.681836, "delta": 0.787535}}
{"target": 0.8960446477620071, "params": {"C": 141.2044108016805, "epsilon": 0.84342159090387, "gamma": 0.11002301777981788, "lamda": 0.001}, "datetime": {"datetime": "2021-09-23 13:59:26", "elapsed": 424.813838, "delta": 1.132002}}
{"target": 0.6143251592433656, "params": {"C": 139.890829559909, "epsilon": 0.6901423140387962, "gamma": 0.7382023897680877, "lamda": 0.19195156509524197}, "datetime": {"datetime": "2021-09-23 13:59:27", "elapsed": 425.699879, "delta": 0.886041}}
{"target": 0.69467345253973, "params": {"C": 167.6288246068214, "epsilon": 0.5521781776412087, "gamma": 0.5193718882093435, "lamda": 0.1862258772591661}, "datetime": {"datetime": "2021-09-23 13:59:28", "elapsed": 426.733875, "delta": 1.033996}}
{"target": 0.907821475134467, "params": {"C": 178.0389639318513, "epsilon": 0.11394866562709134, "gamma": 0.07765100319186743, "lamda": 0.22262292811199436}, "datetime": {"datetime": "2021-09-23 13:59:29", "elapsed": 427.812225, "delta": 1.07835}}
{"target": 0.8145207308012964, "params": {"C": 182.92582687196642, "epsilon": 0.5983361130094923, "gamma": 0.2461331438872508, "lamda": 0.4}, "datetime": {"datetime": "2021-09-23 13:59:31", "elapsed": 429.54321, "delta": 1.730985}}
{"target": 0.8667787712685555, "params": {"C": 184.2982506672622, "epsilon": 0.8766668919439184, "gamma": 0.15437934012358018, "lamda": 0.32867579022168836}, "datetime": {"datetime": "2021-09-23 13:59:33", "elapsed": 431.27424, "delta": 1.73103}}
{"target": -2.673621508123755, "params": {"C": 183.884380733921, "epsilon": 0.08654553395534095, "gamma": 0.04413342065604747, "lamda": 0.3885893812562036}, "datetime": {"datetime": "2021-09-23 13:59:45", "elapsed": 443.689743, "delta": 12.415503}}
{"target": 0.5913857598981835, "params": {"C": 184.41982642231278, "epsilon": 0.8451653342240699, "gamma": 0.8126510908840202, "lamda": 0.3641448118403233}, "datetime": {"datetime": "2021-09-23 13:59:47", "elapsed": 445.054986, "delta": 1.365243}}
{"target": 0.5915693347524758, "params": {"C": 125.43813425800862, "epsilon": 0.18722080791266688, "gamma": 0.8093127066347731, "lamda": 0.03624108695842428}, "datetime": {"datetime": "2021-09-23 13:59:48", "elapsed": 446.506452, "delta": 1.451466}}
{"target": 0.6597716401240938, "params": {"C": 173.464051730383, "epsilon": 0.17582827769541104, "gamma": 0.6065185860227178, "lamda": 0.04027005645109971}, "datetime": {"datetime": "2021-09-23 13:59:49", "elapsed": 447.365423, "delta": 0.858971}}
{"target": 0.5895806182251107, "params": {"C": 183.20240166861674, "epsilon": 0.9097704073655376, "gamma": 0.818909736218638, "lamda": 0.02997547088770416}, "datetime": {"datetime": "2021-09-23 13:59:50", "elapsed": 448.694797, "delta": 1.329374}}
{"target": 0.918136790687418, "params": {"C": 177.30576913334107, "epsilon": 0.26048062296752894, "gamma": 0.0485184138774599, "lamda": 0.001}, "datetime": {"datetime": "2021-09-23 13:59:52", "elapsed": 450.015543, "delta": 1.320746}}
{"target": 0.7113993421932479, "params": {"C": 167.65243421130188, "epsilon": 0.5525539620617804, "gamma": 0.4801868806485159, "lamda": 0.023488927162763792}, "datetime": {"datetime": "2021-09-23 13:59:52", "elapsed": 450.874537, "delta": 0.858994}}
{"target": 0.6656094812881996, "params": {"C": 151.20555532897268, "epsilon": 0.9919720021377981, "gamma": 0.592234259593392, "lamda": 0.06892505599587596}, "datetime": {"datetime": "2021-09-23 13:59:54", "elapsed": 452.578112, "delta": 1.703575}}
{"target": 0.6498908429004302, "params": {"C": 199.97583524348204, "epsilon": 0.9425669371278065, "gamma": 0.6345901755232192, "lamda": 0.1074887568570277}, "datetime": {"datetime": "2021-09-23 13:59:55", "elapsed": 453.54314, "delta": 0.965028}}
{"target": -3.0274151652423136, "params": {"C": 131.97826728969744, "epsilon": 0.5075973140350629, "gamma": 0.04302437234781454, "lamda": 0.4}, "datetime": {"datetime": "2021-09-23 14:00:07", "elapsed": 465.415085, "delta": 11.871945}}
{"target": 0.565032503770717, "params": {"C": 172.32949953212278, "epsilon": 0.05, "gamma": 0.9, "lamda": 0.001}, "datetime": {"datetime": "2021-09-23 14:00:08", "elapsed": 466.414683, "delta": 0.999598}}
{"target": 0.5650325037013437, "params": {"C": 170.86610959630642, "epsilon": 0.05, "gamma": 0.9, "lamda": 0.001}, "datetime": {"datetime": "2021-09-23 14:00:09", "elapsed": 467.566486, "delta": 1.151803}}
{"target": 0.8020654198818191, "params": {"C": 140.39841905354103, "epsilon": 0.3355217719336014, "gamma": 0.278056292630832, "lamda": 0.04693085798435052}, "datetime": {"datetime": "2021-09-23 14:00:10", "elapsed": 468.803482, "delta": 1.236996}}
{"target": 0.5721860482876158, "params": {"C": 160.43897018862376, "epsilon": 0.05, "gamma": 0.8745930018287682, "lamda": 0.4}, "datetime": {"datetime": "2021-09-23 14:00:12", "elapsed": 470.091049, "delta": 1.287567}}
{"target": 0.7444725839355144, "params": {"C": 156.98589523306885, "epsilon": 0.8809083865986673, "gamma": 0.4050375391183989, "lamda": 0.18268796728063807}, "datetime": {"datetime": "2021-09-23 14:00:13", "elapsed": 470.963054, "delta": 0.872005}}
{"target": -3.1022356887994267, "params": {"C": 120.59861306096109, "epsilon": 0.4358296104333401, "gamma": 0.03, "lamda": 0.4}, "datetime": {"datetime": "2021-09-23 14:00:24", "elapsed": 482.82613, "delta": 11.863076}}
{"target": 0.8161038131866576, "params": {"C": 133.32257086870598, "epsilon": 1.0, "gamma": 0.24993703355993035, "lamda": 0.4}, "datetime": {"datetime": "2021-09-23 14:00:26", "elapsed": 484.307913, "delta": 1.481783}}
{"target": 0.6017550161265307, "params": {"C": 161.317888026058, "epsilon": 0.6854286221335445, "gamma": 0.7776825187016226, "lamda": 0.38465888366429446}, "datetime": {"datetime": "2021-09-23 14:00:27", "elapsed": 485.637297, "delta": 1.329384}}
{"target": 0.6536418497380004, "params": {"C": 130.54917830016456, "epsilon": 0.29185301621856524, "gamma": 0.6237526891963011, "lamda": 0.20839239044598032}, "datetime": {"datetime": "2021-09-23 14:00:28", "elapsed": 486.6603, "delta": 1.023003}}
{"target": 0.663502465370266, "params": {"C": 177.75300206241872, "epsilon": 0.996369787796589, "gamma": 0.5973589690533326, "lamda": 0.37989637449213753}, "datetime": {"datetime": "2021-09-23 14:00:30", "elapsed": 488.102254, "delta": 1.441954}}
{"target": 0.6175988481441075, "params": {"C": 150.06947329763258, "epsilon": 0.05, "gamma": 0.7265330576153131, "lamda": 0.001}, "datetime": {"datetime": "2021-09-23 14:00:31", "elapsed": 489.775784, "delta": 1.67353}}
