{"target": -2.424404922279635, "params": {"C": 20.35127403466065, "epsilon": 4.685638845017151, "gamma": 0.19238279203994227, "lamda": 0.02577927228421245}, "datetime": {"datetime": "2021-09-15 13:22:11", "elapsed": 1323.077698, "delta": 1.238405}}
{"target": -2.848288476868775, "params": {"C": 28.05716886723647, "epsilon": 5.9560708079656015, "gamma": 0.45276753343399906, "lamda": 0.06717843461082607}, "datetime": {"datetime": "2021-09-15 13:22:13", "elapsed": 1324.454065, "delta": 1.376367}}
{"target": -3.216338849745077, "params": {"C": 8.36325254142054, "epsilon": 1.199488583231626, "gamma": 0.323457560975878, "lamda": 0.24419619098955417}, "datetime": {"datetime": "2021-09-15 13:22:14", "elapsed": 1326.11308, "delta": 1.659015}}
{"target": -17.63275277039834, "params": {"C": 28.759753520265168, "epsilon": 7.436095647038546, "gamma": 0.13624430079149633, "lamda": 0.7319582411372562}, "datetime": {"datetime": "2021-09-15 13:22:33", "elapsed": 1344.992672, "delta": 18.879592}}
{"target": -18.766860372631204, "params": {"C": 23.339193680426316, "epsilon": 5.392064782119724, "gamma": 0.09712835558465573, "lamda": 0.5846951958820241}, "datetime": {"datetime": "2021-09-15 13:22:52", "elapsed": 1364.137071, "delta": 19.144399}}
{"target": -5.581773344956479, "params": {"C": 0.9618613788680673, "epsilon": 9.81124422407521, "gamma": 0.47977817601504524, "lamda": 0.12665251063090469}, "datetime": {"datetime": "2021-09-15 13:22:54", "elapsed": 1365.528522, "delta": 1.391451}}
{"target": -18.284459498731213, "params": {"C": 15.161875915334036, "epsilon": 4.6658446283549795, "gamma": 0.07767840536449068, "lamda": 0.600354636601845}, "datetime": {"datetime": "2021-09-15 13:23:12", "elapsed": 1384.168003, "delta": 18.639481}}
{"target": -4.2818780887394, "params": {"C": 2.8256772610604575, "epsilon": 5.529396200338802, "gamma": 0.3602890723265694, "lamda": 0.8328549319652894}, "datetime": {"datetime": "2021-09-15 13:23:14", "elapsed": 1385.876602, "delta": 1.708599}}
{"target": -2.7598775491415837, "params": {"C": 26.533827217145173, "epsilon": 1.3430904493653193, "gamma": 0.4383123297527623, "lamda": 0.8353135903953682}, "datetime": {"datetime": "2021-09-15 13:23:15", "elapsed": 1387.408499, "delta": 1.531897}}
{"target": -2.2652363552971084, "params": {"C": 22.79303028666181, "epsilon": 0.28288280912546176, "gamma": 0.11263751485746516, "lamda": 0.02956946688112706}, "datetime": {"datetime": "2021-09-15 13:23:17", "elapsed": 1388.889199, "delta": 1.4807}}
{"target": -3.374454636920163, "params": {"C": 4.816537071591774, "epsilon": 6.1791806782711545, "gamma": 0.23911342362509888, "lamda": 0.5740486327333345}, "datetime": {"datetime": "2021-09-15 13:23:18", "elapsed": 1390.197216, "delta": 1.308017}}
{"target": -2.9520384444544767, "params": {"C": 4.897625376704722, "epsilon": 7.792829873268065, "gamma": 0.12223857949078022, "lamda": 0.4657357075912044}, "datetime": {"datetime": "2021-09-15 13:23:20", "elapsed": 1391.607864, "delta": 1.410648}}
{"target": -14.525944381687934, "params": {"C": 9.48819261139284, "epsilon": 9.370530280510552, "gamma": 0.23845626605459425, "lamda": 0.6584175623640998}, "datetime": {"datetime": "2021-09-15 13:23:33", "elapsed": 1404.851451, "delta": 13.243587}}
{"target": -2.916372699030157, "params": {"C": 7.5394998905599335, "epsilon": 2.1981810272206066, "gamma": 0.178934012674301, "lamda": 0.2312660351608331}, "datetime": {"datetime": "2021-09-15 13:23:35", "elapsed": 1406.461246, "delta": 1.609795}}
{"target": -5.217857281402121, "params": {"C": 0.6291885744213213, "epsilon": 8.709576820776231, "gamma": 0.23110949658878727, "lamda": 0.1261927704005208}, "datetime": {"datetime": "2021-09-15 13:23:36", "elapsed": 1407.71883, "delta": 1.257584}}
{"target": -18.497574631129492, "params": {"C": 9.260733487776362, "epsilon": 6.307193419799414, "gamma": 0.09839068131965084, "lamda": 0.9527076614778351}, "datetime": {"datetime": "2021-09-15 13:23:55", "elapsed": 1426.510386, "delta": 18.791556}}
{"target": -2.4177493575709565, "params": {"C": 21.71862323914242, "epsilon": 8.426208252705948, "gamma": 0.20512800610661067, "lamda": 0.35414923112293395}, "datetime": {"datetime": "2021-09-15 13:23:56", "elapsed": 1427.757937, "delta": 1.247551}}
{"target": -2.6340875287669796, "params": {"C": 15.32065819784886, "epsilon": 3.92569168006525, "gamma": 0.22295347068423796, "lamda": 0.7885269862619492}, "datetime": {"datetime": "2021-09-15 13:23:57", "elapsed": 1428.983275, "delta": 1.225338}}
{"target": -3.712403604893349, "params": {"C": 2.4256232624085703, "epsilon": 6.439716725739355, "gamma": 0.19783171994917664, "lamda": 0.47281871163397576}, "datetime": {"datetime": "2021-09-15 13:23:58", "elapsed": 1430.447991, "delta": 1.464716}}
{"target": -2.890803960021511, "params": {"C": 26.138951343256466, "epsilon": 8.734514775828515, "gamma": 0.45222077810617894, "lamda": 0.1255732176204719}, "datetime": {"datetime": "2021-09-15 13:24:00", "elapsed": 1431.895312, "delta": 1.447321}}
{"target": -2.8597783947035715, "params": {"C": 7.353944337794536, "epsilon": 0.2643295509162275, "gamma": 0.1576587336292869, "lamda": 0.048082751494070715}, "datetime": {"datetime": "2021-09-15 13:24:01", "elapsed": 1433.183174, "delta": 1.287862}}
{"target": -2.873996224426763, "params": {"C": 25.69411759219901, "epsilon": 2.6645654901087146, "gamma": 0.49885316827567633, "lamda": 0.791998261941128}, "datetime": {"datetime": "2021-09-15 13:24:03", "elapsed": 1434.486174, "delta": 1.303}}
{"target": -3.230254442015067, "params": {"C": 12.931933197001452, "epsilon": 2.637459281140297, "gamma": 0.47122162351099833, "lamda": 0.004629549166120289}, "datetime": {"datetime": "2021-09-15 13:24:04", "elapsed": 1435.831218, "delta": 1.345044}}
{"target": -2.3981466988782545, "params": {"C": 16.934107029875648, "epsilon": 3.9364282188232718, "gamma": 0.11925836624496203, "lamda": 0.6620183340018095}, "datetime": {"datetime": "2021-09-15 13:24:05", "elapsed": 1437.091539, "delta": 1.260321}}
{"target": -2.3964144915257846, "params": {"C": 16.74335966188518, "epsilon": 4.559404810895482, "gamma": 0.11460772082763147, "lamda": 0.3342232136091727}, "datetime": {"datetime": "2021-09-15 13:24:06", "elapsed": 1438.421437, "delta": 1.329898}}
{"target": -2.625490445821331, "params": {"C": 16.018291491146396, "epsilon": 1.1909492369371766, "gamma": 0.23850146656987148, "lamda": 0.3180268799581563}, "datetime": {"datetime": "2021-09-15 13:24:08", "elapsed": 1440.044753, "delta": 1.623316}}
{"target": -2.3065699598947913, "params": {"C": 27.611860731038696, "epsilon": 1.2681879553938422, "gamma": 0.17111857182451737, "lamda": 0.8183169479882431}, "datetime": {"datetime": "2021-09-15 13:24:09", "elapsed": 1441.360949, "delta": 1.316196}}
{"target": -2.4500460859188227, "params": {"C": 18.6698848781548, "epsilon": 8.238647417771753, "gamma": 0.16982921644218799, "lamda": 0.3176084167634953}, "datetime": {"datetime": "2021-09-15 13:24:11", "elapsed": 1442.690001, "delta": 1.329052}}
{"target": -19.999593092518182, "params": {"C": 25.486821383439796, "epsilon": 9.743451076496292, "gamma": 0.036290173583228565, "lamda": 0.20440831825495775}, "datetime": {"datetime": "2021-09-15 13:24:30", "elapsed": 1462.208973, "delta": 19.518972}}
{"target": -3.5247746791664807, "params": {"C": 4.241630860277994, "epsilon": 1.6076768367407839, "gamma": 0.26208584149318154, "lamda": 0.5661482056705168}, "datetime": {"datetime": "2021-09-15 13:24:32", "elapsed": 1463.59417, "delta": 1.385197}}
{"target": -2.8179698731861933, "params": {"C": 21.737350503952058, "epsilon": 1.2602261067780551, "gamma": 0.4339363633291517, "lamda": 0.23907507717064388}, "datetime": {"datetime": "2021-09-15 13:24:33", "elapsed": 1464.879193, "delta": 1.285023}}
{"target": -19.316107147771508, "params": {"C": 26.933578622519008, "epsilon": 5.328980187194107, "gamma": 0.03427463150499992, "lamda": 0.21450105721282897}, "datetime": {"datetime": "2021-09-15 13:24:51", "elapsed": 1483.265556, "delta": 18.386363}}
{"target": -19.6898910058513, "params": {"C": 26.070998577748068, "epsilon": 7.857829367174357, "gamma": 0.08961020100911117, "lamda": 0.39751497803243957}, "datetime": {"datetime": "2021-09-15 13:25:10", "elapsed": 1501.867149, "delta": 18.601593}}
{"target": -2.7042612075153123, "params": {"C": 25.234639441178267, "epsilon": 0.28145295012638316, "gamma": 0.41116645039743077, "lamda": 0.05011815308603061}, "datetime": {"datetime": "2021-09-15 13:25:11", "elapsed": 1503.203274, "delta": 1.336125}}
{"target": -2.752622457268202, "params": {"C": 24.623330861333827, "epsilon": 1.2811985028610196, "gamma": 0.4302607623602115, "lamda": 0.157793245484431}, "datetime": {"datetime": "2021-09-15 13:25:13", "elapsed": 1504.461131, "delta": 1.257857}}
{"target": -19.32333132260975, "params": {"C": 18.950502510168388, "epsilon": 5.484113693529965, "gamma": 0.02960071512063832, "lamda": 0.9263980349037537}, "datetime": {"datetime": "2021-09-15 13:25:24", "elapsed": 1515.580265, "delta": 11.119134}}
{"target": -2.7696234210648463, "params": {"C": 13.368223791492978, "epsilon": 3.7167795356276083, "gamma": 0.255238020206438, "lamda": 0.6719020047959837}, "datetime": {"datetime": "2021-09-15 13:25:25", "elapsed": 1516.905589, "delta": 1.325324}}
{"target": -2.5402104427495438, "params": {"C": 26.863411966517496, "epsilon": 0.03808535311825439, "gamma": 0.32436589720885356, "lamda": 0.1338443170788504}, "datetime": {"datetime": "2021-09-15 13:25:27", "elapsed": 1518.669755, "delta": 1.764166}}
{"target": -2.98478723135257, "params": {"C": 20.718313973762445, "epsilon": 6.650007755553407, "gamma": 0.48594566176279497, "lamda": 0.1904615944211966}, "datetime": {"datetime": "2021-09-15 13:25:28", "elapsed": 1519.953413, "delta": 1.283658}}
{"target": -2.5898650875847324, "params": {"C": 19.963922740202342, "epsilon": 1.3331312467831735, "gamma": 0.30631909596293566, "lamda": 0.5852455728888875}, "datetime": {"datetime": "2021-09-15 13:25:29", "elapsed": 1521.388687, "delta": 1.435274}}
{"target": -2.6130339650036847, "params": {"C": 10.494973278315479, "epsilon": 9.305292935448986, "gamma": 0.14207973228749854, "lamda": 0.2229285896084744}, "datetime": {"datetime": "2021-09-15 13:25:31", "elapsed": 1522.748901, "delta": 1.360214}}
{"target": -2.6563037709299864, "params": {"C": 19.720004991171756, "epsilon": 8.916336452132516, "gamma": 0.2890520732857163, "lamda": 0.28177418464152565}, "datetime": {"datetime": "2021-09-15 13:25:32", "elapsed": 1524.157648, "delta": 1.408747}}
{"target": -13.47648921244318, "params": {"C": 20.434454583811156, "epsilon": 8.057893579876897, "gamma": 0.29173437755459747, "lamda": 0.9113908808130379}, "datetime": {"datetime": "2021-09-15 13:25:50", "elapsed": 1541.945941, "delta": 17.788293}}
{"target": -2.95578162929083, "params": {"C": 14.907335385776056, "epsilon": 4.860952281881479, "gamma": 0.38408851515492065, "lamda": 0.6591609933087782}, "datetime": {"datetime": "2021-09-15 13:25:51", "elapsed": 1543.299973, "delta": 1.354032}}
{"target": -2.9199441522041107, "params": {"C": 22.737285782061175, "epsilon": 8.001727824134337, "gamma": 0.476762158089187, "lamda": 0.14486203046445567}, "datetime": {"datetime": "2021-09-15 13:25:53", "elapsed": 1544.680849, "delta": 1.380876}}
{"target": -3.183191198167364, "params": {"C": 9.844289749903115, "epsilon": 6.876798967168745, "gamma": 0.3597365142957611, "lamda": 0.8344049035705793}, "datetime": {"datetime": "2021-09-15 13:25:54", "elapsed": 1546.13127, "delta": 1.450421}}
{"target": -3.775941583119549, "params": {"C": 4.387028274976178, "epsilon": 6.852294603771524, "gamma": 0.34539151103254156, "lamda": 0.5404912616859185}, "datetime": {"datetime": "2021-09-15 13:25:56", "elapsed": 1547.503315, "delta": 1.372045}}
{"target": -3.251234549489643, "params": {"C": 3.9593950326590592, "epsilon": 6.1696708405172185, "gamma": 0.1696144396613188, "lamda": 0.9900042243363457}, "datetime": {"datetime": "2021-09-15 13:25:57", "elapsed": 1548.913187, "delta": 1.409872}}
{"target": -18.533860035897625, "params": {"C": 19.449117244208832, "epsilon": 9.732442478667139, "gamma": 0.1586117179192624, "lamda": 0.38486051410174316}, "datetime": {"datetime": "2021-09-15 13:26:15", "elapsed": 1566.815275, "delta": 17.902088}}
{"target": -2.478566733423353, "params": {"C": 13.611703326528742, "epsilon": 6.655227124528456, "gamma": 0.1309803972915951, "lamda": 0.2170545056393455}, "datetime": {"datetime": "2021-09-15 13:26:16", "elapsed": 1568.191637, "delta": 1.376362}}
{"target": -2.6160661630522766, "params": {"C": 7.910369164316293, "epsilon": 3.440647198723453, "gamma": 0.051501831888490134, "lamda": 0.3412615861556037}, "datetime": {"datetime": "2021-09-15 13:26:18", "elapsed": 1570.045858, "delta": 1.854221}}
{"target": -17.38475821576427, "params": {"C": 13.060698920905386, "epsilon": 9.882708088720669, "gamma": 0.17065269962030097, "lamda": 0.499557092633372}, "datetime": {"datetime": "2021-09-15 13:26:37", "elapsed": 1588.534467, "delta": 18.488609}}
{"target": -20.081410498564576, "params": {"C": 24.678503606557175, "epsilon": 6.91050850018734, "gamma": 0.07206289973402617, "lamda": 0.9587739938305148}, "datetime": {"datetime": "2021-09-15 13:26:56", "elapsed": 1607.95014, "delta": 19.415673}}
{"target": -2.6730269421170276, "params": {"C": 21.127421979095377, "epsilon": 7.584158947224569, "gamma": 0.32546752326816736, "lamda": 0.48744213660529123}, "datetime": {"datetime": "2021-09-15 13:26:57", "elapsed": 1609.417608, "delta": 1.467468}}
{"target": -3.2216236913497047, "params": {"C": 12.14577688136319, "epsilon": 3.803633619467257, "gamma": 0.43926477562893124, "lamda": 0.4846465399557366}, "datetime": {"datetime": "2021-09-15 13:26:59", "elapsed": 1610.814301, "delta": 1.396693}}
{"target": -2.6202549427721404, "params": {"C": 22.438716334100857, "epsilon": 5.480448580105931, "gamma": 0.31865319608879894, "lamda": 0.37918470912238034}, "datetime": {"datetime": "2021-09-15 13:27:01", "elapsed": 1612.633128, "delta": 1.818827}}
{"target": -4.891689428962508, "params": {"C": 2.2852337213680385, "epsilon": 8.687196110868522, "gamma": 0.4952027883604153, "lamda": 0.1027341440521089}, "datetime": {"datetime": "2021-09-15 13:27:02", "elapsed": 1614.027235, "delta": 1.394107}}
{"target": -15.553827412445594, "params": {"C": 24.675225372781934, "epsilon": 8.021014163921372, "gamma": 0.17090542950417892, "lamda": 0.9591399587039979}, "datetime": {"datetime": "2021-09-15 13:27:21", "elapsed": 1633.075843, "delta": 19.048608}}
{"target": -2.401193701256726, "params": {"C": 28.750629378644152, "epsilon": 3.419341151959895, "gamma": 0.22584698836563777, "lamda": 0.5933993496796052}, "datetime": {"datetime": "2021-09-15 13:27:23", "elapsed": 1634.740007, "delta": 1.664164}}
{"target": -12.990604317421473, "params": {"C": 14.326705350260502, "epsilon": 9.84019035327549, "gamma": 0.38837292211915186, "lamda": 0.6782365701324008}, "datetime": {"datetime": "2021-09-15 13:27:42", "elapsed": 1653.540818, "delta": 18.800811}}
{"target": -3.7364254287194, "params": {"C": 4.183039501518961, "epsilon": 4.416748313545925, "gamma": 0.3195069003454947, "lamda": 0.39911504241431356}, "datetime": {"datetime": "2021-09-15 13:27:43", "elapsed": 1655.032006, "delta": 1.491188}}
{"target": -13.313844373455451, "params": {"C": 27.7362483595978, "epsilon": 1.6972117397224615, "gamma": 0.184774581736416, "lamda": 0.5114387452035265}, "datetime": {"datetime": "2021-09-15 13:28:03", "elapsed": 1675.370864, "delta": 20.338858}}
{"target": -19.35063405359558, "params": {"C": 5.5264767093847835, "epsilon": 9.46638654982921, "gamma": 0.12361918761828634, "lamda": 0.6307981072046096}, "datetime": {"datetime": "2021-09-15 13:28:23", "elapsed": 1695.117971, "delta": 19.747107}}
{"target": -2.288301163265744, "params": {"C": 26.76578041578865, "epsilon": 8.100740756778315, "gamma": 0.1605719584729567, "lamda": 0.3774133569757154}, "datetime": {"datetime": "2021-09-15 13:28:25", "elapsed": 1697.115101, "delta": 1.99713}}
{"target": -13.550811332351149, "params": {"C": 18.534788217606316, "epsilon": 9.18564891142808, "gamma": 0.3091285361295435, "lamda": 0.6832877656348862}, "datetime": {"datetime": "2021-09-15 13:28:44", "elapsed": 1715.992511, "delta": 18.87741}}
{"target": -2.596861226863809, "params": {"C": 23.093403356891113, "epsilon": 4.5681714101821465, "gamma": 0.3204224769398373, "lamda": 0.7697667443172266}, "datetime": {"datetime": "2021-09-15 13:28:46", "elapsed": 1717.553416, "delta": 1.560905}}
{"target": -21.020323728257267, "params": {"C": 17.64873026352702, "epsilon": 8.768761148662396, "gamma": 0.07738186137374628, "lamda": 0.6920205814183668}, "datetime": {"datetime": "2021-09-15 13:29:06", "elapsed": 1738.062313, "delta": 20.508897}}
{"target": -4.812079797050326, "params": {"C": 1.0609694960356812, "epsilon": 5.550926340434008, "gamma": 0.2566346316061051, "lamda": 0.6033837499857345}, "datetime": {"datetime": "2021-09-15 13:29:08", "elapsed": 1739.593931, "delta": 1.531618}}
{"target": -2.5901107815140576, "params": {"C": 20.316403079273503, "epsilon": 7.315052235627321, "gamma": 0.2787195935561976, "lamda": 0.6714397386993537}, "datetime": {"datetime": "2021-09-15 13:29:09", "elapsed": 1741.140942, "delta": 1.547011}}
{"target": -3.0845244099920373, "params": {"C": 11.586203760863285, "epsilon": 0.28364888068485933, "gamma": 0.36991350813897933, "lamda": 0.41605687670424363}, "datetime": {"datetime": "2021-09-15 13:29:11", "elapsed": 1742.665489, "delta": 1.524547}}
{"target": -11.947095040200946, "params": {"C": 16.372823045289028, "epsilon": 9.017174147229932, "gamma": 0.4877981167715634, "lamda": 0.7673495249674754}, "datetime": {"datetime": "2021-09-15 13:29:29", "elapsed": 1761.453392, "delta": 18.787903}}
{"target": -13.38798863155604, "params": {"C": 10.584022540265163, "epsilon": 8.229927134779215, "gamma": 0.297575687869296, "lamda": 0.7536185389658298}, "datetime": {"datetime": "2021-09-15 13:29:49", "elapsed": 1781.006688, "delta": 19.553296}}
{"target": -20.4931241386613, "params": {"C": 20.719181732974207, "epsilon": 3.8884455919150507, "gamma": 0.06533878949708932, "lamda": 0.5295484674404185}, "datetime": {"datetime": "2021-09-15 13:30:01", "elapsed": 1793.36213, "delta": 12.355442}}
{"target": -15.848784626140631, "params": {"C": 6.82585743868644, "epsilon": 9.863395836505182, "gamma": 0.21892985522007252, "lamda": 0.9720816266149003}, "datetime": {"datetime": "2021-09-15 13:30:21", "elapsed": 1812.963242, "delta": 19.601112}}
{"target": -2.3296335475683505, "params": {"C": 25.672897672455598, "epsilon": 1.3627720104483056, "gamma": 0.18011850740546578, "lamda": 0.15215361608840827}, "datetime": {"datetime": "2021-09-15 13:30:23", "elapsed": 1814.522013, "delta": 1.558771}}
{"target": -17.604664545875654, "params": {"C": 26.278418487330157, "epsilon": 7.762829838647223, "gamma": 0.13563155913231045, "lamda": 0.7515261701451272}, "datetime": {"datetime": "2021-09-15 13:30:41", "elapsed": 1833.231273, "delta": 18.70926}}
{"target": -18.2497047100297, "params": {"C": 15.424393618009729, "epsilon": 7.027297972235036, "gamma": 0.12107638626384239, "lamda": 0.7117923461251658}, "datetime": {"datetime": "2021-09-15 13:31:01", "elapsed": 1852.677443, "delta": 19.44617}}
{"target": -2.6744218474080523, "params": {"C": 26.087703808960107, "epsilon": 8.38015424219299, "gamma": 0.33959034644475494, "lamda": 0.28223393476069264}, "datetime": {"datetime": "2021-09-15 13:31:02", "elapsed": 1854.221669, "delta": 1.544226}}
{"target": -2.7527404898943737, "params": {"C": 26.51455809334249, "epsilon": 5.172595668142299, "gamma": 0.4012587127141769, "lamda": 0.4333912022499241}, "datetime": {"datetime": "2021-09-15 13:31:04", "elapsed": 1855.806575, "delta": 1.584906}}
{"target": -2.4419039223082577, "params": {"C": 26.898582103503458, "epsilon": 9.424823976413213, "gamma": 0.20954643777806323, "lamda": 0.00902947252497311}, "datetime": {"datetime": "2021-09-15 13:31:05", "elapsed": 1857.313195, "delta": 1.50662}}
{"target": -2.57759041120957, "params": {"C": 8.27732697958394, "epsilon": 1.6099868302051497, "gamma": 0.04593996493027669, "lamda": 0.8732326844822261}, "datetime": {"datetime": "2021-09-15 13:31:07", "elapsed": 1859.031443, "delta": 1.718248}}
{"target": -4.437103908525775, "params": {"C": 1.1944402868727497, "epsilon": 9.44915067666908, "gamma": 0.2077157342986278, "lamda": 0.19665411226259966}, "datetime": {"datetime": "2021-09-15 13:31:09", "elapsed": 1860.662357, "delta": 1.630914}}
{"target": -11.609298191713819, "params": {"C": 27.85427071374203, "epsilon": 7.604011376283151, "gamma": 0.40146833657328723, "lamda": 0.9935315710644455}, "datetime": {"datetime": "2021-09-15 13:31:28", "elapsed": 1880.172566, "delta": 19.510209}}
{"target": -5.761846150663992, "params": {"C": 7.119004201554989, "epsilon": 8.526435410112471, "gamma": 0.0002624087087353325, "lamda": 0.4898891644156657}, "datetime": {"datetime": "2021-09-15 13:31:30", "elapsed": 1881.684513, "delta": 1.511947}}
{"target": -3.964218899054263, "params": {"C": 4.920385468316458, "epsilon": 0.9412228985180593, "gamma": 0.45891174093689396, "lamda": 0.34572127629652477}, "datetime": {"datetime": "2021-09-15 13:31:31", "elapsed": 1883.322282, "delta": 1.637769}}
{"target": -18.603211628035385, "params": {"C": 20.720310706883453, "epsilon": 9.59172428680509, "gamma": 0.1091452965895835, "lamda": 0.836093147209984}, "datetime": {"datetime": "2021-09-15 13:31:51", "elapsed": 1902.949679, "delta": 19.627397}}
{"target": -12.17788837169018, "params": {"C": 12.807771946740585, "epsilon": 5.530147981470016, "gamma": 0.26420749255895665, "lamda": 0.9426105049370538}, "datetime": {"datetime": "2021-09-15 13:32:04", "elapsed": 1916.145372, "delta": 13.195693}}
{"target": -2.7210045894797914, "params": {"C": 23.881199958119968, "epsilon": 1.4176258467791305, "gamma": 0.4060019506899238, "lamda": 0.8016146162702297}, "datetime": {"datetime": "2021-09-15 13:32:06", "elapsed": 1917.630074, "delta": 1.484702}}
