{"target": 0.8949551392393323, "params": {"C": 68.1293587610577, "epsilon": 0.5723574492946353, "gamma": 0.09994764949205175, "lamda": 0.21082777878889886}, "datetime": {"datetime": "2021-09-23 12:25:46", "elapsed": 845.0707, "delta": 3.790976}}
{"target": 0.8581492819524117, "params": {"C": 50.92263947148922, "epsilon": 0.5127968986460529, "gamma": 0.1886575973157267, "lamda": 0.345309584222352}, "datetime": {"datetime": "2021-09-23 12:25:47", "elapsed": 846.463155, "delta": 1.392455}}
{"target": 0.8774591476900371, "params": {"C": 54.93461834006737, "epsilon": 0.6471230793942134, "gamma": 0.14188519371850375, "lamda": 0.0924078886506451}, "datetime": {"datetime": "2021-09-23 12:25:52", "elapsed": 850.948448, "delta": 4.485293}}
{"target": 0.8627893714427688, "params": {"C": 73.78675216017888, "epsilon": 0.8053927304202613, "gamma": 0.18061708170642027, "lamda": 0.07605534123610751}, "datetime": {"datetime": "2021-09-23 12:25:53", "elapsed": 852.291978, "delta": 1.34353}}
{"target": 0.8929243212152043, "params": {"C": 68.02836575965712, "epsilon": 0.5173337107819719, "gamma": 0.10584560558884383, "lamda": 0.23470837744718417}, "datetime": {"datetime": "2021-09-23 12:25:57", "elapsed": 855.947202, "delta": 3.655224}}
{"target": 0.8725825147654892, "params": {"C": 51.97127217366135, "epsilon": 0.1641613017839569, "gamma": 0.15268531407147864, "lamda": 0.2726437735219052}, "datetime": {"datetime": "2021-09-23 12:25:58", "elapsed": 857.230569, "delta": 1.283367}}
{"target": -3.225643981193647, "params": {"C": 54.336209720221916, "epsilon": 0.6764267614872762, "gamma": 0.02878874486185222, "lamda": 0.33689900507540077}, "datetime": {"datetime": "2021-09-23 12:26:09", "elapsed": 867.723389, "delta": 10.49282}}
{"target": -2.918628590842822, "params": {"C": 54.94124541948241, "epsilon": 0.7196216101377364, "gamma": 0.042150058851391815, "lamda": 0.08730355976904754}, "datetime": {"datetime": "2021-09-23 12:26:22", "elapsed": 881.147085, "delta": 13.423696}}
{"target": 0.89903260287497, "params": {"C": 51.39127882283859, "epsilon": 0.34293251689752063, "gamma": 0.08766305068346165, "lamda": 0.20402343130259584}, "datetime": {"datetime": "2021-09-23 12:26:26", "elapsed": 885.402271, "delta": 4.255186}}
{"target": -1.7639546870526899, "params": {"C": 72.32033002518932, "epsilon": 0.9728395764941067, "gamma": 0.06264480949484554, "lamda": 0.20177558434963}, "datetime": {"datetime": "2021-09-23 12:26:38", "elapsed": 896.561103, "delta": 11.158832}}
{"target": 0.888918679056577, "params": {"C": 54.98487812336916, "epsilon": 0.5048015834024148, "gamma": 0.112770177885136, "lamda": 0.058616286761889735}, "datetime": {"datetime": "2021-09-23 12:26:43", "elapsed": 902.237741, "delta": 5.676638}}
{"target": 0.8893940717221185, "params": {"C": 51.464506869680655, "epsilon": 0.4182441749699698, "gamma": 0.10990091873600048, "lamda": 0.18512297711132691}, "datetime": {"datetime": "2021-09-23 12:26:47", "elapsed": 906.380369, "delta": 4.142628}}
{"target": 0.8916698826141692, "params": {"C": 86.4638776514081, "epsilon": 0.02690030559606344, "gamma": 0.11443587079695473, "lamda": 0.21822587391652015}, "datetime": {"datetime": "2021-09-23 12:29:13", "elapsed": 0.0, "delta": 0.0}}
{"target": -2.9157000381328726, "params": {"C": 86.08882725009974, "epsilon": 0.33100448618287026, "gamma": 0.04888324046719008, "lamda": 0.3100162122089812}, "datetime": {"datetime": "2021-09-23 12:29:25", "elapsed": 11.907469, "delta": 11.907469}}
{"target": 0.8861780641281165, "params": {"C": 83.19171216818856, "epsilon": 0.2675604478277638, "gamma": 0.12801542822616604, "lamda": 0.2650419050442425}, "datetime": {"datetime": "2021-09-23 12:29:26", "elapsed": 12.695489, "delta": 0.78802}}
{"target": -1.4630049215248033, "params": {"C": 95.1169931449185, "epsilon": 0.5128172979098047, "gamma": 0.08087251415074626, "lamda": 0.39370470466844393}, "datetime": {"datetime": "2021-09-23 12:29:37", "elapsed": 23.713478, "delta": 11.017989}}
{"target": 0.8924216797836954, "params": {"C": 76.3665981818665, "epsilon": 0.45065704162312437, "gamma": 0.10854263441326432, "lamda": 0.029895731134744426}, "datetime": {"datetime": "2021-09-23 12:29:38", "elapsed": 24.204366, "delta": 0.490888}}
{"target": 0.8997939737469351, "params": {"C": 80.78184726101635, "epsilon": 0.5431678354684244, "gamma": 0.08989395027177267, "lamda": 0.10101368824510576}, "datetime": {"datetime": "2021-09-23 12:29:38", "elapsed": 24.897205, "delta": 0.692839}}
{"target": 0.8898189337319872, "params": {"C": 87.39153885658106, "epsilon": 0.3604654518218325, "gamma": 0.11963817575816894, "lamda": 0.2988329558919919}, "datetime": {"datetime": "2021-09-23 12:29:39", "elapsed": 25.430205, "delta": 0.533}}
{"target": 0.9048116563025816, "params": {"C": 82.95731689974903, "epsilon": 0.333457169707144, "gamma": 0.08010411517777392, "lamda": 0.36085085382211884}, "datetime": {"datetime": "2021-09-23 12:29:39", "elapsed": 26.020682, "delta": 0.590477}}
{"target": 0.8804726810592536, "params": {"C": 77.37542500481973, "epsilon": 0.2534768613194108, "gamma": 0.1411216399191597, "lamda": 0.30904583321930423}, "datetime": {"datetime": "2021-09-23 12:29:40", "elapsed": 26.531686, "delta": 0.511004}}
{"target": -2.165128824136727, "params": {"C": 82.98228620925137, "epsilon": 0.045435081453423516, "gamma": 0.0551799129928813, "lamda": 0.2504950849813675}, "datetime": {"datetime": "2021-09-23 12:29:52", "elapsed": 38.676405, "delta": 12.144719}}
{"target": 0.8747972044263584, "params": {"C": 77.38823386680694, "epsilon": 0.2546119106677903, "gamma": 0.15552018255455996, "lamda": 0.362323983435616}, "datetime": {"datetime": "2021-09-23 12:29:53", "elapsed": 39.186407, "delta": 0.510002}}
{"target": -2.235286150310038, "params": {"C": 93.26084579135053, "epsilon": 0.4647230876607479, "gamma": 0.06037081710011075, "lamda": 0.36216399436147395}, "datetime": {"datetime": "2021-09-23 12:30:04", "elapsed": 50.536802, "delta": 11.350395}}
{"target": 0.8809860457227051, "params": {"C": 83.14146695253426, "epsilon": 0.503095361415511, "gamma": 0.1414042585632961, "lamda": 0.3644995116874113}, "datetime": {"datetime": "2021-09-23 12:30:05", "elapsed": 51.3238, "delta": 0.786998}}
{"target": 0.9062116541830103, "params": {"C": 94.80474167081223, "epsilon": 0.009913043803986589, "gamma": 0.0408291934462996, "lamda": 0.04219711814601737}, "datetime": {"datetime": "2021-09-23 12:30:05", "elapsed": 51.807802, "delta": 0.484002}}
{"target": 0.8781962339302611, "params": {"C": 83.11363842642038, "epsilon": 0.49630763062932315, "gamma": 0.01829202686578692, "lamda": 0.09281988363103195}, "datetime": {"datetime": "2021-09-23 12:30:06", "elapsed": 52.734734, "delta": 0.926932}}
{"target": 0.9115083573156515, "params": {"C": 94.02028279310792, "epsilon": 0.24139148920313674, "gamma": 0.05703269297008148, "lamda": 0.10281339347847376}, "datetime": {"datetime": "2021-09-23 12:30:07", "elapsed": 53.359733, "delta": 0.624999}}
{"target": 0.8713657775784603, "params": {"C": 83.44813215491433, "epsilon": 0.44161119195400056, "gamma": 0.16366289805231413, "lamda": 0.14450188542149223}, "datetime": {"datetime": "2021-09-23 12:30:08", "elapsed": 54.830733, "delta": 1.471}}
{"target": -3.132368298262919, "params": {"C": 94.3982281846035, "epsilon": 0.09077920267205859, "gamma": 0.04622794596973795, "lamda": 0.048089061556305185}, "datetime": {"datetime": "2021-09-23 12:30:28", "elapsed": 74.287292, "delta": 19.456559}}
{"target": -2.5968274029662903, "params": {"C": 89.63012174481536, "epsilon": 0.16216428386749, "gamma": 0.05460368952881986, "lamda": 0.12402469832904588}, "datetime": {"datetime": "2021-09-23 12:30:39", "elapsed": 85.66093, "delta": 11.373638}}
{"target": -2.0332316288977506, "params": {"C": 83.38075247967541, "epsilon": 0.3975828741732664, "gamma": 0.01, "lamda": 0.37735724009295896}, "datetime": {"datetime": "2021-09-23 12:30:51", "elapsed": 97.239359, "delta": 11.578429}}
{"target": 0.892932051879936, "params": {"C": 86.46291715689928, "epsilon": 0.009174431350187057, "gamma": 0.11079462861973623, "lamda": 0.19862800379482767}, "datetime": {"datetime": "2021-09-23 12:30:51", "elapsed": 97.727358, "delta": 0.487999}}
{"target": 0.8494667982145154, "params": {"C": 83.21272553080068, "epsilon": 0.3944023674314503, "gamma": 0.2, "lamda": 0.06948217298683482}, "datetime": {"datetime": "2021-09-23 12:30:52", "elapsed": 98.533889, "delta": 0.806531}}
{"target": 0.9051084916582227, "params": {"C": 77.30280921002834, "epsilon": 0.3351480381107682, "gamma": 0.07768790435557892, "lamda": 0.11393102188966939}, "datetime": {"datetime": "2021-09-23 12:30:53", "elapsed": 99.067889, "delta": 0.534}}
{"target": 0.8730018704622476, "params": {"C": 82.87409205512493, "epsilon": 0.5620916512477518, "gamma": 0.16038455526480186, "lamda": 0.3164303918686676}, "datetime": {"datetime": "2021-09-23 12:30:54", "elapsed": 100.151889, "delta": 1.084}}
{"target": 0.8494778136709018, "params": {"C": 83.29946851491201, "epsilon": 0.7224259734220725, "gamma": 0.2, "lamda": 0.055239038933551886}, "datetime": {"datetime": "2021-09-23 12:30:55", "elapsed": 101.561348, "delta": 1.409459}}
{"target": 0.867430550633294, "params": {"C": 95.09659878869198, "epsilon": 0.001, "gamma": 0.01, "lamda": 0.001}, "datetime": {"datetime": "2021-09-23 12:30:56", "elapsed": 102.746245, "delta": 1.184897}}
{"target": 0.8769222470512246, "params": {"C": 77.34119715453475, "epsilon": 0.6026356213910146, "gamma": 0.15031783454957817, "lamda": 0.31067738792299004}, "datetime": {"datetime": "2021-09-23 12:30:57", "elapsed": 103.720135, "delta": 0.97389}}
{"target": 0.8688252517895306, "params": {"C": 85.4210038489696, "epsilon": 0.8901506477853665, "gamma": 0.1682858324744511, "lamda": 0.4391694032692652}, "datetime": {"datetime": "2021-09-23 12:30:58", "elapsed": 104.294715, "delta": 0.57458}}
{"target": 0.8949361377037712, "params": {"C": 77.05930013971762, "epsilon": 0.33271159748077667, "gamma": 0.10227335805420325, "lamda": 0.4102281955996979}, "datetime": {"datetime": "2021-09-23 12:30:59", "elapsed": 105.345956, "delta": 1.051241}}
{"target": -3.5082030426156106, "params": {"C": 95.82387417244895, "epsilon": 0.7512692153588179, "gamma": 0.03959768047620801, "lamda": 0.09616279073251946}, "datetime": {"datetime": "2021-09-23 12:31:10", "elapsed": 116.942894, "delta": 11.596938}}
{"target": 0.8765703866784222, "params": {"C": 76.83380487303901, "epsilon": 0.522947406576548, "gamma": 0.15114766768507687, "lamda": 0.10231336236739597}, "datetime": {"datetime": "2021-09-23 12:31:11", "elapsed": 118.000895, "delta": 1.058001}}
{"target": 0.8806636156572534, "params": {"C": 76.6736675929232, "epsilon": 0.19441947679368052, "gamma": 0.021760625592133365, "lamda": 0.1754318402739289}, "datetime": {"datetime": "2021-09-23 12:31:13", "elapsed": 119.211838, "delta": 1.210943}}
{"target": 0.8986996374835572, "params": {"C": 92.631896371209, "epsilon": 0.5123494902716215, "gamma": 0.09488821841248109, "lamda": 0.15010178941179692}, "datetime": {"datetime": "2021-09-23 12:31:13", "elapsed": 119.713837, "delta": 0.501999}}
{"target": 0.8790743852880689, "params": {"C": 78.82146372236826, "epsilon": 0.11550097589583139, "gamma": 0.14537873991010516, "lamda": 0.4488303704456897}, "datetime": {"datetime": "2021-09-23 12:31:14", "elapsed": 120.308606, "delta": 0.594769}}
{"target": -3.448286378116216, "params": {"C": 98.7944094239427, "epsilon": 0.8728944821954062, "gamma": 0.04172005617727818, "lamda": 0.3889642411643919}, "datetime": {"datetime": "2021-09-23 12:31:26", "elapsed": 132.155699, "delta": 11.847093}}
{"target": 0.8851820684361813, "params": {"C": 76.56072953135936, "epsilon": 0.4930357116210385, "gamma": 0.12886537778359156, "lamda": 0.42551506417074747}, "datetime": {"datetime": "2021-09-23 12:31:27", "elapsed": 133.490563, "delta": 1.334864}}
{"target": 0.8836137690652784, "params": {"C": 86.88439269924271, "epsilon": 0.07473226688119065, "gamma": 0.13549437381630622, "lamda": 0.23434536486630964}, "datetime": {"datetime": "2021-09-23 12:31:28", "elapsed": 134.902725, "delta": 1.412162}}
{"target": 0.8964423462870331, "params": {"C": 76.96361371854158, "epsilon": 0.8094568776739927, "gamma": 0.09833206961703302, "lamda": 0.46636504402541157}, "datetime": {"datetime": "2021-09-23 12:31:30", "elapsed": 136.127407, "delta": 1.224682}}
{"target": -3.1642873156640974, "params": {"C": 90.03513874981067, "epsilon": 0.13322094592817618, "gamma": 0.03519182721979562, "lamda": 0.3996294133925251}, "datetime": {"datetime": "2021-09-23 12:31:41", "elapsed": 147.665776, "delta": 11.538369}}
{"target": 0.9036944632276496, "params": {"C": 95.63354996517859, "epsilon": 0.16663203563647297, "gamma": 0.08389758162745332, "lamda": 0.16735945078995854}, "datetime": {"datetime": "2021-09-23 12:31:42", "elapsed": 148.307673, "delta": 0.641897}}
{"target": 0.905340772962648, "params": {"C": 76.54145188625697, "epsilon": 0.9388989297048573, "gamma": 0.07620150054068105, "lamda": 0.267673432650532}, "datetime": {"datetime": "2021-09-23 12:31:43", "elapsed": 149.934266, "delta": 1.626593}}
{"target": 0.8933211105942701, "params": {"C": 77.00019915941286, "epsilon": 0.9434459671304485, "gamma": 0.10627866767419064, "lamda": 0.006744093315335515}, "datetime": {"datetime": "2021-09-23 12:31:44", "elapsed": 150.911459, "delta": 0.977193}}
{"target": 0.8488776405746364, "params": {"C": 87.0433294280753, "epsilon": 0.4716631950316655, "gamma": 0.2, "lamda": 0.001}, "datetime": {"datetime": "2021-09-23 12:31:46", "elapsed": 152.232457, "delta": 1.320998}}
{"target": 0.84885393813717, "params": {"C": 87.31251938381148, "epsilon": 0.032468030762704624, "gamma": 0.2, "lamda": 0.001}, "datetime": {"datetime": "2021-09-23 12:31:47", "elapsed": 153.498184, "delta": 1.265727}}
{"target": 0.8967365225457196, "params": {"C": 92.69700945758055, "epsilon": 0.6009762194077778, "gamma": 0.10009445242444381, "lamda": 0.07924554034211438}, "datetime": {"datetime": "2021-09-23 12:31:48", "elapsed": 154.483806, "delta": 0.985622}}
{"target": 0.88424224997896, "params": {"C": 92.27254253523692, "epsilon": 0.7547934488294391, "gamma": 0.13497906427721207, "lamda": 0.001}, "datetime": {"datetime": "2021-09-23 12:31:49", "elapsed": 155.562594, "delta": 1.078788}}
{"target": 0.904183542590132, "params": {"C": 76.53293132459032, "epsilon": 0.9401543772588772, "gamma": 0.07967847081925158, "lamda": 0.2561033670629012}, "datetime": {"datetime": "2021-09-23 12:31:50", "elapsed": 156.249595, "delta": 0.687001}}
{"target": 0.8567061228822913, "params": {"C": 92.43697078917894, "epsilon": 0.8727310128460471, "gamma": 0.18611162045760904, "lamda": 0.4652524655442759}, "datetime": {"datetime": "2021-09-23 12:31:52", "elapsed": 158.037419, "delta": 1.787824}}
{"target": -2.3139046368530933, "params": {"C": 92.11368018370453, "epsilon": 0.5019939280223553, "gamma": 0.01, "lamda": 0.4100881276057367}, "datetime": {"datetime": "2021-09-23 12:32:05", "elapsed": 171.391006, "delta": 13.353587}}
{"target": -2.023652326695932, "params": {"C": 76.04385609608701, "epsilon": 0.7150461925291165, "gamma": 0.0561243269807668, "lamda": 0.38824256551706404}, "datetime": {"datetime": "2021-09-23 12:32:18", "elapsed": 184.836284, "delta": 13.445278}}
{"target": 0.8785124940022064, "params": {"C": 88.61065404610659, "epsilon": 0.39112585633111396, "gamma": 0.02262819587432679, "lamda": 0.061075423719563884}, "datetime": {"datetime": "2021-09-23 12:32:19", "elapsed": 185.421964, "delta": 0.58568}}
{"target": 0.8574041282234586, "params": {"C": 92.51979304524122, "epsilon": 0.9844437061536964, "gamma": 0.18496911162937038, "lamda": 0.0800265129565593}, "datetime": {"datetime": "2021-09-23 12:32:21", "elapsed": 187.799674, "delta": 2.37771}}
{"target": 0.8834090888675474, "params": {"C": 87.80295770862922, "epsilon": 0.3057945592656804, "gamma": 0.13624580724447666, "lamda": 0.001}, "datetime": {"datetime": "2021-09-23 12:32:23", "elapsed": 189.238524, "delta": 1.43885}}
{"target": 0.8487951859025445, "params": {"C": 87.72121196945294, "epsilon": 0.001, "gamma": 0.2, "lamda": 0.3686526520436483}, "datetime": {"datetime": "2021-09-23 12:32:24", "elapsed": 190.616693, "delta": 1.378169}}
{"target": -2.745619165067777, "params": {"C": 88.17845184768237, "epsilon": 0.28517760678782217, "gamma": 0.049979341610944375, "lamda": 0.3359680857520588}, "datetime": {"datetime": "2021-09-23 12:32:39", "elapsed": 205.990881, "delta": 15.374188}}
{"target": -2.9738133632011383, "params": {"C": 87.45732085004754, "epsilon": 0.673657493833835, "gamma": 0.04517245572588359, "lamda": 0.0057705961993198465}, "datetime": {"datetime": "2021-09-23 12:32:49", "elapsed": 215.392816, "delta": 9.401935}}
{"target": 0.8667762121923905, "params": {"C": 87.34704619595249, "epsilon": 0.005575808947435301, "gamma": 0.1714204598255292, "lamda": 0.43834371562808133}, "datetime": {"datetime": "2021-09-23 12:32:50", "elapsed": 216.548005, "delta": 1.155189}}
{"target": 0.8933663668821628, "params": {"C": 86.94232264880725, "epsilon": 0.4288059998129325, "gamma": 0.10946782214799415, "lamda": 0.49358920382936944}, "datetime": {"datetime": "2021-09-23 12:32:51", "elapsed": 217.676035, "delta": 1.12803}}
{"target": -2.987715127935356, "params": {"C": 86.70607969901528, "epsilon": 0.2979458738395246, "gamma": 0.04335880444087226, "lamda": 0.03400264609435773}, "datetime": {"datetime": "2021-09-23 12:33:11", "elapsed": 237.274248, "delta": 19.598213}}
{"target": -3.1287679082429367, "params": {"C": 87.00038586810913, "epsilon": 0.0011309146579421034, "gamma": 0.04526034334483509, "lamda": 0.48380147279228575}, "datetime": {"datetime": "2021-09-23 12:33:31", "elapsed": 257.208508, "delta": 19.93426}}
{"target": -2.8988532080899923, "params": {"C": 87.55824593868638, "epsilon": 0.13566730202736513, "gamma": 0.04728187829475265, "lamda": 0.13870045700035777}, "datetime": {"datetime": "2021-09-23 12:33:38", "elapsed": 264.987557, "delta": 7.779049}}
{"target": -3.119688614103965, "params": {"C": 90.00951228628146, "epsilon": 0.08104446553909957, "gamma": 0.047326056801331715, "lamda": 0.46177108271063655}, "datetime": {"datetime": "2021-09-23 12:33:58", "elapsed": 284.810201, "delta": 19.822644}}
{"target": 0.8488711082536786, "params": {"C": 87.13426363756608, "epsilon": 0.282611195882636, "gamma": 0.2, "lamda": 0.21853683690488387}, "datetime": {"datetime": "2021-09-23 12:33:59", "elapsed": 285.854354, "delta": 1.044153}}
{"target": -2.103826450897591, "params": {"C": 76.61050445035487, "epsilon": 0.6471227707246473, "gamma": 0.01, "lamda": 0.1695680285519786}, "datetime": {"datetime": "2021-09-23 12:34:10", "elapsed": 296.40274, "delta": 10.548386}}
{"target": -3.1156354394929986, "params": {"C": 95.3774606644078, "epsilon": 0.8625857644608238, "gamma": 0.049574647052371267, "lamda": 0.06865439807771694}, "datetime": {"datetime": "2021-09-23 12:34:20", "elapsed": 306.817112, "delta": 10.414372}}
{"target": 0.8744746257763365, "params": {"C": 77.0472708083532, "epsilon": 0.5726657761123372, "gamma": 0.15614779064521925, "lamda": 0.18968183818554282}, "datetime": {"datetime": "2021-09-23 12:34:22", "elapsed": 308.227645, "delta": 1.410533}}
{"target": 0.8616159585650884, "params": {"C": 77.01983052260846, "epsilon": 0.26801788285220274, "gamma": 0.18189579322037502, "lamda": 0.12572658951973378}, "datetime": {"datetime": "2021-09-23 12:34:24", "elapsed": 310.226646, "delta": 1.999001}}
{"target": 0.878855063597834, "params": {"C": 76.72682415236493, "epsilon": 0.2209390292009772, "gamma": 0.14533736368209532, "lamda": 0.4606337165184908}, "datetime": {"datetime": "2021-09-23 12:34:25", "elapsed": 311.132641, "delta": 0.905995}}
{"target": 0.9070037486342016, "params": {"C": 87.8804737139358, "epsilon": 0.6162574794018646, "gamma": 0.07523556911942719, "lamda": 0.39559108746065647}, "datetime": {"datetime": "2021-09-23 12:34:25", "elapsed": 311.711645, "delta": 0.579004}}
{"target": 0.9035548438071599, "params": {"C": 80.00880315917723, "epsilon": 0.509315107311032, "gamma": 0.08246181620757786, "lamda": 0.02115086245004562}, "datetime": {"datetime": "2021-09-23 12:34:26", "elapsed": 312.412646, "delta": 0.701001}}
{"target": -3.562252377245607, "params": {"C": 82.84391354335912, "epsilon": 0.9650985299906029, "gamma": 0.043943980200694704, "lamda": 0.26944789171097894}, "datetime": {"datetime": "2021-09-23 12:34:36", "elapsed": 322.393296, "delta": 9.98065}}
{"target": 0.8590849229044693, "params": {"C": 87.26324918844013, "epsilon": 0.5128703208134023, "gamma": 0.18361146015044974, "lamda": 0.4955317101666029}, "datetime": {"datetime": "2021-09-23 12:34:37", "elapsed": 323.409596, "delta": 1.0163}}
{"target": 0.9105341027093008, "params": {"C": 81.06295383991332, "epsilon": 0.7638231800679529, "gamma": 0.054374205388798905, "lamda": 0.1222590142673404}, "datetime": {"datetime": "2021-09-23 12:34:37", "elapsed": 323.989509, "delta": 0.579913}}
{"target": -3.298302190292837, "params": {"C": 92.58777397745713, "epsilon": 0.8203124690012069, "gamma": 0.023196428864484073, "lamda": 0.24393641186155396}, "datetime": {"datetime": "2021-09-23 12:34:48", "elapsed": 334.59799, "delta": 10.608481}}
{"target": 0.8583923049848945, "params": {"C": 89.29984505661554, "epsilon": 0.4939629615930457, "gamma": 0.18419015082795961, "lamda": 0.34401697362205}, "datetime": {"datetime": "2021-09-23 12:34:49", "elapsed": 335.173994, "delta": 0.576004}}
{"target": 0.863788636149265, "params": {"C": 76.83767540247584, "epsilon": 0.35701666721309083, "gamma": 0.1783239176464546, "lamda": 0.27401061471350635}, "datetime": {"datetime": "2021-09-23 12:34:50", "elapsed": 336.381103, "delta": 1.207109}}
{"target": 0.8504751900498103, "params": {"C": 76.47848812940131, "epsilon": 0.2681809603449365, "gamma": 0.2, "lamda": 0.2647670515635903}, "datetime": {"datetime": "2021-09-23 12:34:51", "elapsed": 337.481012, "delta": 1.099909}}
