{"target": 0.8410197507658499, "params": {"C": 148.40001324809228, "epsilon": 0.4918179116529698, "gamma": 0.2, "lamda": 0.4}, "datetime": {"datetime": "2021-09-23 13:40:38", "elapsed": 1296.922895, "delta": 3.399051}}
{"target": -2.360809164589988, "params": {"C": 159.04735529852397, "epsilon": 0.8881239042748553, "gamma": 0.01094819156879794, "lamda": 0.028720927697084404}, "datetime": {"datetime": "2021-09-23 13:40:49", "elapsed": 1308.275708, "delta": 11.352813}}
{"target": 0.8900566575230322, "params": {"C": 112.90353504646822, "epsilon": 0.41141667078889543, "gamma": 0.12339474163446688, "lamda": 0.2837741869648893}, "datetime": {"datetime": "2021-09-23 13:40:51", "elapsed": 1310.339314, "delta": 2.063606}}
{"target": 0.8919667994372925, "params": {"C": 114.42534530047033, "epsilon": 0.5747559199791095, "gamma": 0.11805436461814994, "lamda": 0.038676579089901714}, "datetime": {"datetime": "2021-09-23 13:40:55", "elapsed": 1313.968242, "delta": 3.628928}}
{"target": 0.8457828574917836, "params": {"C": 107.66967522500018, "epsilon": 0.23680285845401308, "gamma": 0.2, "lamda": 0.12926157466829638}, "datetime": {"datetime": "2021-09-23 13:40:58", "elapsed": 1317.709723, "delta": 3.741481}}
{"target": -2.374217776595613, "params": {"C": 153.02573490824292, "epsilon": 0.22797504399998203, "gamma": 0.01, "lamda": 0.4}, "datetime": {"datetime": "2021-09-23 13:41:15", "elapsed": 1334.502853, "delta": 16.79313}}
{"target": 0.8407505578097556, "params": {"C": 152.59441658762648, "epsilon": 0.44746184055064486, "gamma": 0.2, "lamda": 0.28940595150049847}, "datetime": {"datetime": "2021-09-23 13:41:20", "elapsed": 1339.110809, "delta": 4.607956}}
{"target": 0.8407073097965468, "params": {"C": 152.78376035022092, "epsilon": 0.7510412785812919, "gamma": 0.2, "lamda": 0.2578105695956937}, "datetime": {"datetime": "2021-09-23 13:41:25", "elapsed": 1344.677587, "delta": 5.566778}}
{"target": 0.8444124513984217, "params": {"C": 160.85674256297054, "epsilon": 0.08566703808663924, "gamma": 0.19214205217707855, "lamda": 0.37965527158632373}, "datetime": {"datetime": "2021-09-23 13:41:31", "elapsed": 1350.633077, "delta": 5.95549}}
{"target": 0.8775455188073984, "params": {"C": 105.75960477313929, "epsilon": 0.07150942799311871, "gamma": 0.15020485955202537, "lamda": 0.32725009853248266}, "datetime": {"datetime": "2021-09-23 13:41:38", "elapsed": 1357.146068, "delta": 6.512991}}
{"target": 0.8519024952993277, "params": {"C": 120.93364830889149, "epsilon": 0.6763806052613592, "gamma": 0.1875190027156701, "lamda": 0.09352249755752771}, "datetime": {"datetime": "2021-09-23 13:41:41", "elapsed": 1360.154319, "delta": 3.008251}}
{"target": 0.8703644803870301, "params": {"C": 169.8670909796513, "epsilon": 0.05, "gamma": 0.01, "lamda": 0.02}, "datetime": {"datetime": "2021-09-23 13:41:48", "elapsed": 1367.337271, "delta": 7.182952}}
{"target": -2.6994091032058987, "params": {"C": 110.16856586275249, "epsilon": 0.0950491836773622, "gamma": 0.011966326199850025, "lamda": 0.37057201742194684}, "datetime": {"datetime": "2021-09-23 13:42:08", "elapsed": 1386.938473, "delta": 19.601202}}
{"target": 0.8494760478070126, "params": {"C": 110.51860827609377, "epsilon": 0.4345221033027761, "gamma": 0.19352635502889223, "lamda": 0.09242422013055855}, "datetime": {"datetime": "2021-09-23 13:42:15", "elapsed": 1394.744504, "delta": 7.806031}}
{"target": 0.8445266583754493, "params": {"C": 115.32200354386472, "epsilon": 1.0, "gamma": 0.2, "lamda": 0.3297913145557374}, "datetime": {"datetime": "2021-09-23 13:42:21", "elapsed": 1400.29471, "delta": 5.550206}}
{"target": 0.8410353583795783, "params": {"C": 148.61551583912353, "epsilon": 0.19592554925783637, "gamma": 0.2, "lamda": 0.3855491344666112}, "datetime": {"datetime": "2021-09-23 13:42:27", "elapsed": 1406.335231, "delta": 6.040521}}
{"target": 0.8960286726902191, "params": {"C": 110.19745029340375, "epsilon": 0.5171130284544081, "gamma": 0.1073550002185803, "lamda": 0.06347631271442698}, "datetime": {"datetime": "2021-09-23 13:42:33", "elapsed": 1411.967039, "delta": 5.631808}}
{"target": -2.8351325566719665, "params": {"C": 141.93653135089323, "epsilon": 0.6701025475456374, "gamma": 0.036658159520663765, "lamda": 0.3967955468314267}, "datetime": {"datetime": "2021-09-23 13:42:53", "elapsed": 1431.805596, "delta": 19.838557}}
{"target": 0.8718254871866186, "params": {"C": 141.52538441012297, "epsilon": 0.8151596549582036, "gamma": 0.15354698167941833, "lamda": 0.04782920725803223}, "datetime": {"datetime": "2021-09-23 13:42:56", "elapsed": 1435.084125, "delta": 3.278529}}
{"target": 0.8414055061750558, "params": {"C": 141.89485238271925, "epsilon": 0.8813045050816434, "gamma": 0.2, "lamda": 0.02}, "datetime": {"datetime": "2021-09-23 13:42:59", "elapsed": 1438.338957, "delta": 3.254832}}
{"target": 0.8407789779355528, "params": {"C": 152.54394535441043, "epsilon": 0.19489290988739238, "gamma": 0.2, "lamda": 0.02}, "datetime": {"datetime": "2021-09-23 13:43:02", "elapsed": 1441.553237, "delta": 3.21428}}
{"target": 0.8807053405708938, "params": {"C": 111.1032972451245, "epsilon": 0.17175705653997878, "gamma": 0.14390683668736962, "lamda": 0.22964963454287138}, "datetime": {"datetime": "2021-09-23 13:43:04", "elapsed": 1443.311743, "delta": 1.758506}}
{"target": 0.8414399485271596, "params": {"C": 141.6607171756826, "epsilon": 0.5619961095967777, "gamma": 0.2, "lamda": 0.02}, "datetime": {"datetime": "2021-09-23 13:43:07", "elapsed": 1446.716071, "delta": 3.404328}}
{"target": 0.6692318156362147, "params": {"C": 181.70565146133967, "epsilon": 0.06971435189143142, "gamma": 0.5812739643858597, "lamda": 0.29977274913290614}, "datetime": {"datetime": "2021-09-23 13:52:22", "elapsed": 0.0, "delta": 0.0}}
{"target": 0.8390378509959501, "params": {"C": 159.88056098420725, "epsilon": 0.26355681325430524, "gamma": 0.20231469234087285, "lamda": 0.30445175416738457}, "datetime": {"datetime": "2021-09-23 13:52:22", "elapsed": 0.49, "delta": 0.49}}
{"target": 0.6525471785202659, "params": {"C": 133.52886692500283, "epsilon": 0.13392282346530976, "gamma": 0.6262630419799836, "lamda": 0.3814039451317797}, "datetime": {"datetime": "2021-09-23 13:52:22", "elapsed": 0.806002, "delta": 0.316002}}
{"target": 0.8254235663991095, "params": {"C": 160.95772345782459, "epsilon": 0.24478023859700618, "gamma": 0.22837217246170102, "lamda": 0.2777368016224429}, "datetime": {"datetime": "2021-09-23 13:52:23", "elapsed": 1.51779, "delta": 0.711788}}
{"target": 0.9024781493560742, "params": {"C": 150.80564920590598, "epsilon": 1.0, "gamma": 0.03, "lamda": 0.001}, "datetime": {"datetime": "2021-09-23 13:52:24", "elapsed": 2.379786, "delta": 0.861996}}
{"target": 0.9077702068222899, "params": {"C": 200.0, "epsilon": 1.0, "gamma": 0.03, "lamda": 0.001}, "datetime": {"datetime": "2021-09-23 13:52:25", "elapsed": 3.146937, "delta": 0.767151}}
{"target": 0.5650325047637063, "params": {"C": 194.36213712321953, "epsilon": 0.05, "gamma": 0.9, "lamda": 0.4}, "datetime": {"datetime": "2021-09-23 13:52:25", "elapsed": 3.777055, "delta": 0.630118}}
{"target": 0.776274825243892, "params": {"C": 154.39884921258664, "epsilon": 1.0, "gamma": 0.33212052852417123, "lamda": 0.001}, "datetime": {"datetime": "2021-09-23 13:52:26", "elapsed": 4.683056, "delta": 0.906001}}
{"target": -3.4740571690657838, "params": {"C": 147.80598371034253, "epsilon": 0.9536855322408035, "gamma": 0.03, "lamda": 0.024118367175710285}, "datetime": {"datetime": "2021-09-23 13:52:38", "elapsed": 16.171484, "delta": 11.488428}}
{"target": -3.314028618864861, "params": {"C": 152.4758632741838, "epsilon": 0.05, "gamma": 0.03, "lamda": 0.4}, "datetime": {"datetime": "2021-09-23 13:52:50", "elapsed": 28.029491, "delta": 11.858007}}
{"target": 0.5849415297308069, "params": {"C": 160.4099480481532, "epsilon": 0.9361458761790007, "gamma": 0.8346164128976442, "lamda": 0.3057974761273022}, "datetime": {"datetime": "2021-09-23 13:52:50", "elapsed": 28.809484, "delta": 0.779993}}
{"target": 0.8633671195209697, "params": {"C": 198.6622837482823, "epsilon": 0.8237146468217, "gamma": 0.156817987225597, "lamda": 0.008201557569252683}, "datetime": {"datetime": "2021-09-23 13:52:52", "elapsed": 29.977411, "delta": 1.167927}}
{"target": 0.580302795737486, "params": {"C": 199.36270528935916, "epsilon": 0.05080425406942897, "gamma": 0.8464931023148251, "lamda": 0.2460272990311566}, "datetime": {"datetime": "2021-09-23 13:52:52", "elapsed": 30.738399, "delta": 0.760988}}
{"target": 0.5715634779232257, "params": {"C": 155.95897022199335, "epsilon": 0.9151592137278665, "gamma": 0.8813244207796165, "lamda": 0.09025475655149155}, "datetime": {"datetime": "2021-09-23 13:52:53", "elapsed": 31.726543, "delta": 0.988144}}
{"target": 0.6572325391648546, "params": {"C": 196.76365459547583, "epsilon": 0.3581574720954399, "gamma": 0.6136055311391977, "lamda": 0.2567415753120149}, "datetime": {"datetime": "2021-09-23 13:52:54", "elapsed": 32.67652, "delta": 0.949977}}
{"target": -2.93421858514823, "params": {"C": 158.05719212691537, "epsilon": 0.9757829136130253, "gamma": 0.041140963477633914, "lamda": 0.19315163135974328}, "datetime": {"datetime": "2021-09-23 13:53:06", "elapsed": 44.443874, "delta": 11.767354}}
{"target": 0.90740388355517, "params": {"C": 195.38565141754947, "epsilon": 1.0, "gamma": 0.03, "lamda": 0.001}, "datetime": {"datetime": "2021-09-23 13:53:07", "elapsed": 45.33739, "delta": 0.893516}}
{"target": 0.9072025129883597, "params": {"C": 193.49990604830109, "epsilon": 1.0, "gamma": 0.03, "lamda": 0.001}, "datetime": {"datetime": "2021-09-23 13:53:08", "elapsed": 46.199144, "delta": 0.861754}}
{"target": 0.5653229522750592, "params": {"C": 192.22377614459094, "epsilon": 0.21479666749206097, "gamma": 0.9, "lamda": 0.001}, "datetime": {"datetime": "2021-09-23 13:53:09", "elapsed": 46.910407, "delta": 0.711263}}
{"target": 0.6332156911333027, "params": {"C": 183.59853276712707, "epsilon": 0.42228439375003857, "gamma": 0.6810505222057802, "lamda": 0.2430195196652654}, "datetime": {"datetime": "2021-09-23 13:53:09", "elapsed": 47.671274, "delta": 0.760867}}
{"target": 0.5656068199401693, "params": {"C": 131.63902552376243, "epsilon": 0.38045540372117925, "gamma": 0.9, "lamda": 0.001}, "datetime": {"datetime": "2021-09-23 13:53:10", "elapsed": 48.425274, "delta": 0.754}}
{"target": 0.635728851053182, "params": {"C": 179.8841252127126, "epsilon": 0.8276760605594684, "gamma": 0.6743958893843552, "lamda": 0.013924047451024817}, "datetime": {"datetime": "2021-09-23 13:53:11", "elapsed": 49.443458, "delta": 1.018184}}
{"target": 0.5665964785682304, "params": {"C": 135.27069912955884, "epsilon": 1.0, "gamma": 0.9, "lamda": 0.001}, "datetime": {"datetime": "2021-09-23 13:53:12", "elapsed": 50.033158, "delta": 0.5897}}
{"target": 0.8964198517367646, "params": {"C": 178.04738970404347, "epsilon": 0.11199079052171236, "gamma": 0.11043186793141202, "lamda": 0.2262096603910775}, "datetime": {"datetime": "2021-09-23 13:53:13", "elapsed": 50.970159, "delta": 0.937001}}
{"target": 0.5665964784024606, "params": {"C": 176.87174626067468, "epsilon": 1.0, "gamma": 0.9, "lamda": 0.001}, "datetime": {"datetime": "2021-09-23 13:53:13", "elapsed": 51.772075, "delta": 0.801916}}
{"target": -3.97666199134986, "params": {"C": 175.55772034221252, "epsilon": 0.05, "gamma": 0.03, "lamda": 0.4}, "datetime": {"datetime": "2021-09-23 13:53:28", "elapsed": 66.748064, "delta": 14.975989}}
{"target": 0.6169460490091585, "params": {"C": 178.48360638106698, "epsilon": 0.9489372401177095, "gamma": 0.7309368178103076, "lamda": 0.05693314201104926}, "datetime": {"datetime": "2021-09-23 13:53:30", "elapsed": 67.948623, "delta": 1.200559}}
{"target": -3.588227380617642, "params": {"C": 185.55044440249478, "epsilon": 0.05, "gamma": 0.03, "lamda": 0.4}, "datetime": {"datetime": "2021-09-23 13:53:42", "elapsed": 80.574888, "delta": 12.626265}}
{"target": -3.2116085337841396, "params": {"C": 136.78741420748813, "epsilon": 0.05, "gamma": 0.03, "lamda": 0.4}, "datetime": {"datetime": "2021-09-23 13:53:56", "elapsed": 94.779021, "delta": 14.204133}}
{"target": -3.6522662282225076, "params": {"C": 190.86990464785285, "epsilon": 1.0, "gamma": 0.03, "lamda": 0.4}, "datetime": {"datetime": "2021-09-23 13:54:11", "elapsed": 109.2425, "delta": 14.463479}}
{"target": 0.566596477999039, "params": {"C": 162.51936848563324, "epsilon": 1.0, "gamma": 0.9, "lamda": 0.001}, "datetime": {"datetime": "2021-09-23 13:54:12", "elapsed": 110.687996, "delta": 1.445496}}
{"target": 0.9063827808634183, "params": {"C": 182.49376307426405, "epsilon": 1.0, "gamma": 0.03, "lamda": 0.001}, "datetime": {"datetime": "2021-09-23 13:54:14", "elapsed": 112.284764, "delta": 1.596768}}
{"target": -3.1657091449139028, "params": {"C": 163.9199238182363, "epsilon": 0.05, "gamma": 0.03, "lamda": 0.4}, "datetime": {"datetime": "2021-09-23 13:54:28", "elapsed": 126.174308, "delta": 13.889544}}
{"target": -3.31686082335045, "params": {"C": 129.9689645600008, "epsilon": 0.18717558303193205, "gamma": 0.04014593042187126, "lamda": 0.2726873920578815}, "datetime": {"datetime": "2021-09-23 13:54:44", "elapsed": 142.681286, "delta": 16.506978}}
{"target": 0.9009146000474372, "params": {"C": 132.66048738885954, "epsilon": 0.984834277410424, "gamma": 0.09535117511284016, "lamda": 0.21159617762926589}, "datetime": {"datetime": "2021-09-23 13:54:46", "elapsed": 144.340162, "delta": 1.658876}}
{"target": 0.6758092862889193, "params": {"C": 120.01150205811105, "epsilon": 0.9493719483133393, "gamma": 0.5689449973767299, "lamda": 0.3519777443066577}, "datetime": {"datetime": "2021-09-23 13:54:47", "elapsed": 145.72536, "delta": 1.385198}}
{"target": 0.6809714306009031, "params": {"C": 121.79739403355272, "epsilon": 0.5386299898770869, "gamma": 0.5558334037899306, "lamda": 0.28272288355754216}, "datetime": {"datetime": "2021-09-23 13:54:49", "elapsed": 147.115647, "delta": 1.390287}}
{"target": 0.5665964803341546, "params": {"C": 123.6104685023241, "epsilon": 1.0, "gamma": 0.9, "lamda": 0.001}, "datetime": {"datetime": "2021-09-23 13:54:50", "elapsed": 148.263466, "delta": 1.147819}}
{"target": 0.9126822388369856, "params": {"C": 125.0681863772336, "epsilon": 0.11348105282689998, "gamma": 0.06689589245880406, "lamda": 0.11294789328091871}, "datetime": {"datetime": "2021-09-23 13:54:51", "elapsed": 149.285469, "delta": 1.022003}}
{"target": 0.5665964810110751, "params": {"C": 125.99314567189191, "epsilon": 1.0, "gamma": 0.9, "lamda": 0.4}, "datetime": {"datetime": "2021-09-23 13:54:52", "elapsed": 150.242558, "delta": 0.957089}}
{"target": 0.8993829541962085, "params": {"C": 126.71506314041851, "epsilon": 0.05, "gamma": 0.03, "lamda": 0.001}, "datetime": {"datetime": "2021-09-23 13:54:53", "elapsed": 151.029563, "delta": 0.787005}}
{"target": 0.5665964779325561, "params": {"C": 169.66379157351292, "epsilon": 1.0, "gamma": 0.9, "lamda": 0.001}, "datetime": {"datetime": "2021-09-23 13:54:54", "elapsed": 151.931584, "delta": 0.902021}}
{"target": 0.908323601462108, "params": {"C": 168.1756069834557, "epsilon": 0.15819864220918914, "gamma": 0.07446306908583732, "lamda": 0.15542021679907603}, "datetime": {"datetime": "2021-09-23 13:54:54", "elapsed": 152.747736, "delta": 0.816152}}
{"target": 0.906566294220055, "params": {"C": 170.97025140726242, "epsilon": 0.09061885741201062, "gamma": 0.03105975623290329, "lamda": 0.01361200922075725}, "datetime": {"datetime": "2021-09-23 13:54:55", "elapsed": 153.697362, "delta": 0.949626}}
{"target": 0.5665964810203628, "params": {"C": 171.8545905854497, "epsilon": 1.0, "gamma": 0.9, "lamda": 0.4}, "datetime": {"datetime": "2021-09-23 13:54:56", "elapsed": 154.484166, "delta": 0.786804}}
{"target": 0.5665964778600483, "params": {"C": 167.18714410726776, "epsilon": 1.0, "gamma": 0.9, "lamda": 0.001}, "datetime": {"datetime": "2021-09-23 13:54:57", "elapsed": 155.312819, "delta": 0.828653}}
{"target": 0.5665964777961139, "params": {"C": 142.22217614578054, "epsilon": 1.0, "gamma": 0.9, "lamda": 0.001}, "datetime": {"datetime": "2021-09-23 13:54:58", "elapsed": 156.105862, "delta": 0.793043}}
{"target": 0.8109804855602685, "params": {"C": 143.94501088057336, "epsilon": 0.08493281634696966, "gamma": 0.25937933894604237, "lamda": 0.38038264907177827}, "datetime": {"datetime": "2021-09-23 13:54:59", "elapsed": 157.247151, "delta": 1.141289}}
{"target": 0.9067566535176143, "params": {"C": 140.9028092192792, "epsilon": 0.07780120380671347, "gamma": 0.07789522673351308, "lamda": 0.3190851750863173}, "datetime": {"datetime": "2021-09-23 13:55:00", "elapsed": 158.286629, "delta": 1.039478}}
{"target": 0.566596477964479, "params": {"C": 140.04846660132077, "epsilon": 1.0, "gamma": 0.9, "lamda": 0.001}, "datetime": {"datetime": "2021-09-23 13:55:01", "elapsed": 159.101629, "delta": 0.815}}
{"target": -3.125461268007559, "params": {"C": 123.14684282914979, "epsilon": 0.05646804926524977, "gamma": 0.04256012071078806, "lamda": 0.33334276100932003}, "datetime": {"datetime": "2021-09-23 13:55:12", "elapsed": 170.370539, "delta": 11.26891}}
{"target": -2.9168366430778585, "params": {"C": 169.48462581357362, "epsilon": 0.21550349122143514, "gamma": 0.045983585384198264, "lamda": 0.3626870347238611}, "datetime": {"datetime": "2021-09-23 13:55:25", "elapsed": 183.575939, "delta": 13.2054}}
{"target": 0.8501341749153247, "params": {"C": 159.94225535279236, "epsilon": 0.2882059846491909, "gamma": 0.18271035846698627, "lamda": 0.2840559272799348}, "datetime": {"datetime": "2021-09-23 13:55:26", "elapsed": 184.280935, "delta": 0.704996}}
{"target": 0.8615041872808368, "params": {"C": 167.18258079430225, "epsilon": 0.051170975719781936, "gamma": 0.1646454762735775, "lamda": 0.30906723295039257}, "datetime": {"datetime": "2021-09-23 13:55:27", "elapsed": 185.121543, "delta": 0.840608}}
{"target": 0.8901586225775071, "params": {"C": 172.25452503707493, "epsilon": 0.07826739227978033, "gamma": 0.12169607719319321, "lamda": 0.015367205403086094}, "datetime": {"datetime": "2021-09-23 13:55:28", "elapsed": 186.199068, "delta": 1.077525}}
{"target": 0.8920642628201918, "params": {"C": 142.60373010752463, "epsilon": 0.12827204301056616, "gamma": 0.12082988674124984, "lamda": 0.34534657741431934}, "datetime": {"datetime": "2021-09-23 13:55:29", "elapsed": 187.072728, "delta": 0.87366}}
{"target": -3.8568363210665213, "params": {"C": 179.3018813012562, "epsilon": 0.05, "gamma": 0.03, "lamda": 0.4}, "datetime": {"datetime": "2021-09-23 13:55:41", "elapsed": 199.007979, "delta": 11.935251}}
{"target": -2.186578372162001, "params": {"C": 194.4667967919502, "epsilon": 0.7088290858775081, "gamma": 0.04633161810199581, "lamda": 0.01594912186233091}, "datetime": {"datetime": "2021-09-23 13:55:53", "elapsed": 211.008688, "delta": 12.000709}}
{"target": 0.6988680984174019, "params": {"C": 171.58374020018658, "epsilon": 0.19828613222716357, "gamma": 0.5089271469598903, "lamda": 0.06510745405719193}, "datetime": {"datetime": "2021-09-23 13:55:54", "elapsed": 212.1252, "delta": 1.116512}}
{"target": 0.7769167922475846, "params": {"C": 125.88548493360959, "epsilon": 0.10479405012226123, "gamma": 0.3342840227835713, "lamda": 0.32089234843439385}, "datetime": {"datetime": "2021-09-23 13:55:55", "elapsed": 213.475616, "delta": 1.350416}}
{"target": 0.5666405564095625, "params": {"C": 131.62356030909555, "epsilon": 0.34139426661646194, "gamma": 0.8959576521950513, "lamda": 0.042304144620025345}, "datetime": {"datetime": "2021-09-23 13:55:56", "elapsed": 213.938609, "delta": 0.462993}}
{"target": -2.4730292099473146, "params": {"C": 196.226363656677, "epsilon": 0.9401236391740146, "gamma": 0.045225042275475275, "lamda": 0.35376450963073525}, "datetime": {"datetime": "2021-09-23 13:56:06", "elapsed": 224.837346, "delta": 10.898737}}
{"target": 0.6150175091515666, "params": {"C": 181.08621209013126, "epsilon": 0.42806506363451086, "gamma": 0.7354600656687397, "lamda": 0.0935931003695684}, "datetime": {"datetime": "2021-09-23 13:56:07", "elapsed": 225.310778, "delta": 0.473432}}
{"target": 0.5836672254909316, "params": {"C": 187.67028856895857, "epsilon": 0.27131864432769165, "gamma": 0.8360822278224136, "lamda": 0.3611023605156928}, "datetime": {"datetime": "2021-09-23 13:56:07", "elapsed": 225.827773, "delta": 0.516995}}
{"target": 0.7884822022151985, "params": {"C": 141.65452356769532, "epsilon": 0.3353114960482942, "gamma": 0.30736224545247737, "lamda": 0.08073180427813485}, "datetime": {"datetime": "2021-09-23 13:56:09", "elapsed": 227.185185, "delta": 1.357412}}
{"target": 0.606926095553667, "params": {"C": 153.7263380807458, "epsilon": 0.7743328502467272, "gamma": 0.7615345378244164, "lamda": 0.21462818631946584}, "datetime": {"datetime": "2021-09-23 13:56:09", "elapsed": 227.871185, "delta": 0.686}}
{"target": 0.9048141460815807, "params": {"C": 167.6089431826942, "epsilon": 0.7854396303705157, "gamma": 0.03, "lamda": 0.001}, "datetime": {"datetime": "2021-09-23 13:56:11", "elapsed": 229.793018, "delta": 1.921833}}
{"target": 0.5809264566749311, "params": {"C": 177.64193333463308, "epsilon": 0.3063075214109751, "gamma": 0.8455550220741586, "lamda": 0.044029086045960425}, "datetime": {"datetime": "2021-09-23 13:56:13", "elapsed": 231.405104, "delta": 1.612086}}
{"target": 0.5773571676546546, "params": {"C": 167.75527111480977, "epsilon": 0.1295143531400668, "gamma": 0.8569590011585289, "lamda": 0.001}, "datetime": {"datetime": "2021-09-23 13:56:15", "elapsed": 233.043637, "delta": 1.638533}}
{"target": 0.6153797213982438, "params": {"C": 197.81983037706075, "epsilon": 0.23917612166220364, "gamma": 0.7338292357470859, "lamda": 0.21517888018784315}, "datetime": {"datetime": "2021-09-23 13:56:16", "elapsed": 234.723736, "delta": 1.680099}}
{"target": 0.9059412441631817, "params": {"C": 177.64759612669397, "epsilon": 0.9678969063804803, "gamma": 0.03, "lamda": 0.001}, "datetime": {"datetime": "2021-09-23 13:56:19", "elapsed": 237.135354, "delta": 2.411618}}
