{"target": 0.9116915979458586, "params": {"C": 228.18571401738578, "epsilon": 0.5972827682484027, "gamma": 0.06669827254550412, "lamda": 0.019039951054673567}, "datetime": {"datetime": "2021-09-23 15:15:11", "elapsed": 1309.226493, "delta": 1.038003}}
{"target": -3.4517799796960684, "params": {"C": 379.727724897195, "epsilon": 0.626440764786246, "gamma": 0.03707478414061319, "lamda": 0.03717224014552867}, "datetime": {"datetime": "2021-09-23 15:15:22", "elapsed": 1319.684493, "delta": 10.458}}
{"target": -1.780987556464947, "params": {"C": 232.1272247001902, "epsilon": 0.17970342262775107, "gamma": 0.06185684917677518, "lamda": 0.11192084166276717}, "datetime": {"datetime": "2021-09-23 15:15:32", "elapsed": 1329.729025, "delta": 10.044532}}
{"target": 0.9121550912808178, "params": {"C": 214.63321693319426, "epsilon": 0.9316675080261557, "gamma": 0.06550073001331584, "lamda": 0.05118615920945179}, "datetime": {"datetime": "2021-09-23 15:15:33", "elapsed": 1330.931025, "delta": 1.202}}
{"target": 0.9173050476688284, "params": {"C": 254.75181796021863, "epsilon": 0.8280339679192396, "gamma": 0.05576375647575962, "lamda": 0.012315288526179887}, "datetime": {"datetime": "2021-09-23 15:15:34", "elapsed": 1332.063027, "delta": 1.132002}}
{"target": -2.7774558492477834, "params": {"C": 232.04832725659782, "epsilon": 0.1307517132336108, "gamma": 0.03585347972842635, "lamda": 0.0926529378296439}, "datetime": {"datetime": "2021-09-23 15:15:45", "elapsed": 1342.703026, "delta": 10.639999}}
{"target": 0.9143377110614854, "params": {"C": 349.5777926460448, "epsilon": 0.13391903251932297, "gamma": 0.059101229585525106, "lamda": 0.0537024415457559}, "datetime": {"datetime": "2021-09-23 15:15:46", "elapsed": 1343.719025, "delta": 1.015999}}
{"target": -2.189092557596629, "params": {"C": 315.9689931072951, "epsilon": 0.6220158303955967, "gamma": 0.058557067426812284, "lamda": 0.03727671456298441}, "datetime": {"datetime": "2021-09-23 15:15:55", "elapsed": 1353.533023, "delta": 9.813998}}
{"target": -2.8664734596870725, "params": {"C": 245.69185213698464, "epsilon": 0.7745512615752671, "gamma": 0.04692639362539058, "lamda": 0.15587990201899102}, "datetime": {"datetime": "2021-09-23 15:16:06", "elapsed": 1364.167029, "delta": 10.634006}}
{"target": -2.262042984036858, "params": {"C": 232.1813452989282, "epsilon": 0.1628648543206121, "gamma": 0.04973836455051665, "lamda": 0.06034768975302832}, "datetime": {"datetime": "2021-09-23 15:16:16", "elapsed": 1374.519563, "delta": 10.352534}}
{"target": -3.738698905425948, "params": {"C": 271.08958444508164, "epsilon": 0.17484720560981376, "gamma": 0.03175409627048974, "lamda": 0.06894511727330623}, "datetime": {"datetime": "2021-09-23 15:16:27", "elapsed": 1385.023561, "delta": 10.503998}}
{"target": -2.4638119649760832, "params": {"C": 268.03817463442834, "epsilon": 0.9153073691302338, "gamma": 0.049003093319255134, "lamda": 0.012868180304331829}, "datetime": {"datetime": "2021-09-23 15:16:37", "elapsed": 1395.393089, "delta": 10.369528}}
{"target": -2.2374794647807654, "params": {"C": 232.1023903819085, "epsilon": 0.07951379554703047, "gamma": 0.05794296992064871, "lamda": 0.13861067239826605}, "datetime": {"datetime": "2021-09-23 15:16:47", "elapsed": 1405.532088, "delta": 10.138999}}
{"target": -1.9945579498510493, "params": {"C": 290.4634384570742, "epsilon": 0.8869380127642778, "gamma": 0.06817396969503323, "lamda": 0.1064637852001485}, "datetime": {"datetime": "2021-09-23 15:16:58", "elapsed": 1415.710456, "delta": 10.178368}}
{"target": 0.9112862147968664, "params": {"C": 262.103974261541, "epsilon": 0.3504122229848717, "gamma": 0.07, "lamda": 0.07599220601734977}, "datetime": {"datetime": "2021-09-23 15:16:59", "elapsed": 1416.998624, "delta": 1.288168}}
{"target": -3.420444262741439, "params": {"C": 384.7197914378414, "epsilon": 0.3666825841416288, "gamma": 0.04529569202527582, "lamda": 0.08407543109741618}, "datetime": {"datetime": "2021-09-23 15:17:10", "elapsed": 1427.958183, "delta": 10.959559}}
{"target": 0.9190572377707853, "params": {"C": 323.29709707837105, "epsilon": 0.907734791922711, "gamma": 0.04094633071246133, "lamda": 0.0008382267391402671}, "datetime": {"datetime": "2021-09-23 15:17:11", "elapsed": 1428.981185, "delta": 1.023002}}
{"target": -3.3492556747730386, "params": {"C": 324.3567159201257, "epsilon": 0.7825297057937888, "gamma": 0.045340863097244125, "lamda": 0.08178079738732247}, "datetime": {"datetime": "2021-09-23 15:17:21", "elapsed": 1439.322715, "delta": 10.34153}}
{"target": -2.898464863905909, "params": {"C": 288.1578823711259, "epsilon": 0.5096657854226441, "gamma": 0.053571618415021116, "lamda": 0.1326073966021921}, "datetime": {"datetime": "2021-09-23 15:17:31", "elapsed": 1449.310837, "delta": 9.988122}}
{"target": -3.40205700277237, "params": {"C": 264.67426631051603, "epsilon": 0.1734413703698915, "gamma": 0.04215966464445885, "lamda": 0.04117431873679881}, "datetime": {"datetime": "2021-09-23 15:17:41", "elapsed": 1459.412008, "delta": 10.101171}}
{"target": -3.5311513102562966, "params": {"C": 333.2812016550954, "epsilon": 0.8869204621497465, "gamma": 0.031367680164373676, "lamda": 0.006119267874607997}, "datetime": {"datetime": "2021-09-23 15:17:52", "elapsed": 1469.662252, "delta": 10.250244}}
{"target": -2.738633310319623, "params": {"C": 230.7885695873833, "epsilon": 0.790808390756246, "gamma": 0.049018837970203843, "lamda": 0.027196960837207188}, "datetime": {"datetime": "2021-09-23 15:18:03", "elapsed": 1480.650256, "delta": 10.988004}}
{"target": -3.2380895999011896, "params": {"C": 267.9991690106783, "epsilon": 0.9068552269172339, "gamma": 0.04655129531053846, "lamda": 0.03386248685605382}, "datetime": {"datetime": "2021-09-23 15:18:13", "elapsed": 1491.50317, "delta": 10.852914}}
{"target": 0.9113215905087609, "params": {"C": 268.03050661343224, "epsilon": 0.9367307126205233, "gamma": 0.0688026903194538, "lamda": 0.053496724150045534}, "datetime": {"datetime": "2021-09-23 15:18:15", "elapsed": 1493.207712, "delta": 1.704542}}
{"target": -2.409027950588269, "params": {"C": 299.67795804984627, "epsilon": 0.6993280023868373, "gamma": 0.04985701572060246, "lamda": 0.011205629745126585}, "datetime": {"datetime": "2021-09-23 15:18:25", "elapsed": 1503.102189, "delta": 9.894477}}
{"target": 0.9182031587178552, "params": {"C": 207.83192959388083, "epsilon": 0.2919858479521931, "gamma": 0.054715744777154705, "lamda": 0.01978434047942227}, "datetime": {"datetime": "2021-09-23 15:18:26", "elapsed": 1504.409938, "delta": 1.307749}}
{"target": -2.529569010520462, "params": {"C": 278.32619659373904, "epsilon": 0.8716578303685403, "gamma": 0.04994051293880325, "lamda": 0.0875787611541678}, "datetime": {"datetime": "2021-09-23 15:18:37", "elapsed": 1514.818009, "delta": 10.408071}}
{"target": -1.7497225944258394, "params": {"C": 366.19770074849106, "epsilon": 0.4614654910828682, "gamma": 0.06950259148752455, "lamda": 0.13644474889372207}, "datetime": {"datetime": "2021-09-23 15:18:47", "elapsed": 1525.086072, "delta": 10.268063}}
{"target": 0.9179732934677766, "params": {"C": 232.01115020077623, "epsilon": 0.05079096252469349, "gamma": 0.038097344737701905, "lamda": 0.005867397624166862}, "datetime": {"datetime": "2021-09-23 15:18:48", "elapsed": 1526.420941, "delta": 1.334869}}
{"target": -2.4636251626707546, "params": {"C": 339.49419618501696, "epsilon": 0.821726334169202, "gamma": 0.05718595224390634, "lamda": 0.11634868539526845}, "datetime": {"datetime": "2021-09-23 15:18:59", "elapsed": 1537.093075, "delta": 10.672134}}
{"target": -1.8133164901495569, "params": {"C": 377.69926180445253, "epsilon": 0.9503732071444423, "gamma": 0.06934956974960198, "lamda": 0.08642727245370553}, "datetime": {"datetime": "2021-09-23 15:19:09", "elapsed": 1547.518321, "delta": 10.425246}}
{"target": -3.6463002387917145, "params": {"C": 244.49955728350847, "epsilon": 0.9848196417218691, "gamma": 0.030111499204215592, "lamda": 0.03323442250256513}, "datetime": {"datetime": "2021-09-23 15:19:19", "elapsed": 1557.261561, "delta": 9.74324}}
{"target": -3.1410658720872817, "params": {"C": 282.25051066645983, "epsilon": 0.3493112797711682, "gamma": 0.03746891622688565, "lamda": 0.02561558992551757}, "datetime": {"datetime": "2021-09-23 15:19:29", "elapsed": 1567.505474, "delta": 10.243913}}
{"target": 0.9135059129063294, "params": {"C": 211.1465307984883, "epsilon": 0.5346387600321976, "gamma": 0.06388261142044409, "lamda": 0.04156218679005238}, "datetime": {"datetime": "2021-09-23 15:19:31", "elapsed": 1568.686664, "delta": 1.18119}}
{"target": -3.1375839641180017, "params": {"C": 347.2791185611535, "epsilon": 0.5870978772043185, "gamma": 0.043004141341560616, "lamda": 0.15324050283252064}, "datetime": {"datetime": "2021-09-23 15:19:41", "elapsed": 1579.328221, "delta": 10.641557}}
{"target": 0.911235897444641, "params": {"C": 215.06813108937754, "epsilon": 0.5727411281505972, "gamma": 0.06778520945428342, "lamda": 0.05687264236512414}, "datetime": {"datetime": "2021-09-23 15:19:43", "elapsed": 1580.758036, "delta": 1.429815}}
{"target": -3.130842683435705, "params": {"C": 232.08934330207148, "epsilon": 0.06213925677879697, "gamma": 0.045588679522621633, "lamda": 0.023828069407758817}, "datetime": {"datetime": "2021-09-23 15:19:53", "elapsed": 1591.462326, "delta": 10.70429}}
{"target": -1.7175885268227096, "params": {"C": 315.6932996608195, "epsilon": 0.2501428846681039, "gamma": 0.06746840344593255, "lamda": 0.0773183121295333}, "datetime": {"datetime": "2021-09-23 15:20:03", "elapsed": 1601.461602, "delta": 9.999276}}
{"target": -2.8880313742219927, "params": {"C": 283.9568246993733, "epsilon": 0.13193409745128992, "gamma": 0.048349732506489496, "lamda": 0.05042889173544426}, "datetime": {"datetime": "2021-09-23 15:20:14", "elapsed": 1612.007, "delta": 10.545398}}
{"target": -3.388627407172125, "params": {"C": 300.9335242886235, "epsilon": 0.22617725028453306, "gamma": 0.03179594453946755, "lamda": 0.09021734001199988}, "datetime": {"datetime": "2021-09-23 15:20:24", "elapsed": 1622.38202, "delta": 10.37502}}
{"target": 0.9124063353934957, "params": {"C": 211.15838901171307, "epsilon": 0.5538055659351688, "gamma": 0.06535419078748653, "lamda": 0.058681116102842885}, "datetime": {"datetime": "2021-09-23 15:20:26", "elapsed": 1623.936359, "delta": 1.554339}}
{"target": -3.1256658063899714, "params": {"C": 384.048090105439, "epsilon": 0.5823089174650606, "gamma": 0.043155062024522094, "lamda": 0.04767588866129579}, "datetime": {"datetime": "2021-09-23 15:20:37", "elapsed": 1634.573584, "delta": 10.637225}}
{"target": -2.5202382996381756, "params": {"C": 200.67224012463166, "epsilon": 0.13355537793784944, "gamma": 0.0499410978353681, "lamda": 0.05422812265485667}, "datetime": {"datetime": "2021-09-23 15:20:47", "elapsed": 1645.062861, "delta": 10.489277}}
{"target": -3.2302329341508393, "params": {"C": 395.0620178911011, "epsilon": 0.5785942415069896, "gamma": 0.03765457984009099, "lamda": 0.023930068804792773}, "datetime": {"datetime": "2021-09-23 15:20:58", "elapsed": 1656.198406, "delta": 11.135545}}
{"target": -2.406015873673022, "params": {"C": 207.78799314591794, "epsilon": 0.28826402318833544, "gamma": 0.049736870978645625, "lamda": 0.04384904242242125}, "datetime": {"datetime": "2021-09-23 15:21:09", "elapsed": 1666.99979, "delta": 10.801384}}
{"target": 0.9144674566891343, "params": {"C": 257.2578440765409, "epsilon": 0.5735048846598721, "gamma": 0.06011582516720383, "lamda": 0.03786024799458574}, "datetime": {"datetime": "2021-09-23 15:21:10", "elapsed": 1668.287962, "delta": 1.288172}}
{"target": -3.311854657606694, "params": {"C": 287.96900953023663, "epsilon": 0.9882744331008403, "gamma": 0.04413994313709708, "lamda": 0.0827757716302086}, "datetime": {"datetime": "2021-09-23 15:21:21", "elapsed": 1679.010316, "delta": 10.722354}}
{"target": -3.104624196189212, "params": {"C": 232.12547395161323, "epsilon": 0.09301960841295911, "gamma": 0.03864003223041158, "lamda": 0.02864657225192832}, "datetime": {"datetime": "2021-09-23 15:21:32", "elapsed": 1689.692721, "delta": 10.682405}}
{"target": -3.2170535773698816, "params": {"C": 395.05371887582083, "epsilon": 0.4804655573238883, "gamma": 0.04638639537316272, "lamda": 0.005699460154225321}, "datetime": {"datetime": "2021-09-23 15:21:42", "elapsed": 1700.422738, "delta": 10.730017}}
{"target": 0.9119826121509813, "params": {"C": 262.11480200470896, "epsilon": 0.3317931413904044, "gamma": 0.06735075696771956, "lamda": 0.07621734335400779}, "datetime": {"datetime": "2021-09-23 15:21:44", "elapsed": 1701.798515, "delta": 1.375777}}
{"target": 0.9145722808560733, "params": {"C": 299.65946559360026, "epsilon": 0.6839991106180144, "gamma": 0.05878510657488489, "lamda": 0.01173126703731936}, "datetime": {"datetime": "2021-09-23 15:21:45", "elapsed": 1703.333132, "delta": 1.534617}}
{"target": -2.454470718919307, "params": {"C": 388.94785994026836, "epsilon": 0.5749784020323088, "gamma": 0.05639721756659795, "lamda": 0.05970156420989537}, "datetime": {"datetime": "2021-09-23 15:21:55", "elapsed": 1713.555382, "delta": 10.22225}}
{"target": -3.2359240238586215, "params": {"C": 377.10034848178503, "epsilon": 0.3821508220867077, "gamma": 0.03650914299158906, "lamda": 0.01359443667630208}, "datetime": {"datetime": "2021-09-23 15:22:06", "elapsed": 1724.293343, "delta": 10.737961}}
{"target": -2.469179858530273, "params": {"C": 230.84504511162575, "epsilon": 0.8170320509074362, "gamma": 0.06043791127137069, "lamda": 0.051902968619405125}, "datetime": {"datetime": "2021-09-23 15:22:17", "elapsed": 1735.233723, "delta": 10.94038}}
{"target": 0.9143892502434265, "params": {"C": 317.6695793124362, "epsilon": 0.6382872550399802, "gamma": 0.05940012284871819, "lamda": 0.00328581867588752}, "datetime": {"datetime": "2021-09-23 15:22:18", "elapsed": 1736.396007, "delta": 1.162284}}
{"target": -3.420715232353113, "params": {"C": 227.48847974945164, "epsilon": 0.9085803847921757, "gamma": 0.03433433289542401, "lamda": 0.11201508326825467}, "datetime": {"datetime": "2021-09-23 15:22:29", "elapsed": 1747.307203, "delta": 10.911196}}
{"target": -3.0767180114953687, "params": {"C": 383.0406862790228, "epsilon": 0.9453907014232207, "gamma": 0.03690647569409431, "lamda": 0.001563765706026649}, "datetime": {"datetime": "2021-09-23 15:22:36", "elapsed": 1754.007948, "delta": 6.700745}}
{"target": -2.651528542139141, "params": {"C": 349.58325474146193, "epsilon": 0.1445739963696, "gamma": 0.05172863902900595, "lamda": 0.04009670521417892}, "datetime": {"datetime": "2021-09-23 15:22:47", "elapsed": 1764.611712, "delta": 10.603764}}
{"target": -3.3881661952625386, "params": {"C": 399.55028952259033, "epsilon": 0.738222559307161, "gamma": 0.03242866430925484, "lamda": 0.11582576381520351}, "datetime": {"datetime": "2021-09-23 15:22:57", "elapsed": 1775.392675, "delta": 10.780963}}
{"target": 0.9155360414979499, "params": {"C": 232.80933212359125, "epsilon": 0.3333205114466113, "gamma": 0.059746827095050345, "lamda": 0.04752706776054833}, "datetime": {"datetime": "2021-09-23 15:22:59", "elapsed": 1776.572673, "delta": 1.179998}}
{"target": -3.318604938269064, "params": {"C": 375.19392099446713, "epsilon": 0.8722841825462101, "gamma": 0.03411699910514985, "lamda": 0.008270080140630512}, "datetime": {"datetime": "2021-09-23 15:23:09", "elapsed": 1786.897673, "delta": 10.325}}
{"target": -2.4048487224473947, "params": {"C": 272.2209950504281, "epsilon": 0.06266578521487269, "gamma": 0.050476701926455314, "lamda": 0.12784459987549382}, "datetime": {"datetime": "2021-09-23 15:23:19", "elapsed": 1797.223675, "delta": 10.326002}}
{"target": -2.3825198018309575, "params": {"C": 339.96847121637256, "epsilon": 0.542433184956681, "gamma": 0.05469066106106284, "lamda": 0.06433428262894277}, "datetime": {"datetime": "2021-09-23 15:23:29", "elapsed": 1807.433711, "delta": 10.210036}}
{"target": -2.6618202151315598, "params": {"C": 317.68964923372266, "epsilon": 0.6042977010872336, "gamma": 0.044001748727054826, "lamda": 0.011102242607508422}, "datetime": {"datetime": "2021-09-23 15:23:40", "elapsed": 1818.103193, "delta": 10.669482}}
{"target": -3.082308471931894, "params": {"C": 207.8337926970917, "epsilon": 0.3155773772805845, "gamma": 0.044542280152613786, "lamda": 0.023677764343993324}, "datetime": {"datetime": "2021-09-23 15:23:51", "elapsed": 1829.153783, "delta": 11.05059}}
{"target": -2.3535501251907767, "params": {"C": 284.4666728731095, "epsilon": 0.3131510040742597, "gamma": 0.051157908065772376, "lamda": 0.11047642176477837}, "datetime": {"datetime": "2021-09-23 15:24:02", "elapsed": 1839.87039, "delta": 10.716607}}
{"target": 0.9149378200319905, "params": {"C": 214.58729899977558, "epsilon": 0.9051639254723861, "gamma": 0.06158454633160733, "lamda": 0.026005349273881317}, "datetime": {"datetime": "2021-09-23 15:24:03", "elapsed": 1841.363425, "delta": 1.493035}}
{"target": -3.1019296067531714, "params": {"C": 373.5844535038733, "epsilon": 0.5219036271555444, "gamma": 0.04472300846794071, "lamda": 0.0014368582687683932}, "datetime": {"datetime": "2021-09-23 15:24:13", "elapsed": 1851.402384, "delta": 10.038959}}
{"target": 0.9113996478915938, "params": {"C": 221.23464096062827, "epsilon": 0.37937861031038944, "gamma": 0.06751543940816647, "lamda": 0.007823375901340707}, "datetime": {"datetime": "2021-09-23 15:24:15", "elapsed": 1852.862383, "delta": 1.459999}}
{"target": -3.1273665718394312, "params": {"C": 254.7720366934975, "epsilon": 0.829861232282678, "gamma": 0.0383178316349026, "lamda": 0.014482160336150646}, "datetime": {"datetime": "2021-09-23 15:24:26", "elapsed": 1863.667968, "delta": 10.805585}}
{"target": -2.1784700011375078, "params": {"C": 305.8658496437452, "epsilon": 0.4819921257465861, "gamma": 0.063782325931271, "lamda": 0.1218231392807452}, "datetime": {"datetime": "2021-09-23 15:24:36", "elapsed": 1874.112613, "delta": 10.444645}}
{"target": -3.3109740187662338, "params": {"C": 303.8419055833381, "epsilon": 0.995833441242407, "gamma": 0.04606913536539414, "lamda": 0.027636302871440286}, "datetime": {"datetime": "2021-09-23 15:24:47", "elapsed": 1885.076488, "delta": 10.963875}}
{"target": 0.9157916729324528, "params": {"C": 232.18161909372895, "epsilon": 0.13512148922833606, "gamma": 0.05931513996506345, "lamda": 0.09469385117221732}, "datetime": {"datetime": "2021-09-23 15:24:48", "elapsed": 1886.508016, "delta": 1.431528}}
{"target": 0.9115370386078371, "params": {"C": 228.98127596647305, "epsilon": 0.12381625507154714, "gamma": 0.06784407277419036, "lamda": 0.0810010702937243}, "datetime": {"datetime": "2021-09-23 15:24:50", "elapsed": 1887.717014, "delta": 1.208998}}
{"target": 0.9152275416844232, "params": {"C": 232.80607326667416, "epsilon": 0.30853764664428196, "gamma": 0.06025067552686704, "lamda": 0.056854621325403455}, "datetime": {"datetime": "2021-09-23 15:24:51", "elapsed": 1889.21718, "delta": 1.500166}}
{"target": -2.9773194256906597, "params": {"C": 299.68305797915576, "epsilon": 0.7481937801592057, "gamma": 0.038521084833116774, "lamda": 0.03167853755128753}, "datetime": {"datetime": "2021-09-23 15:25:02", "elapsed": 1900.317744, "delta": 11.100564}}
{"target": -2.565082126037713, "params": {"C": 225.80707009293644, "epsilon": 0.41141667078889543, "gamma": 0.05387257718620356, "lamda": 0.11109340130443632}, "datetime": {"datetime": "2021-09-23 15:25:13", "elapsed": 1911.09483, "delta": 10.777086}}
{"target": -3.0387093226186446, "params": {"C": 267.10634393770533, "epsilon": 0.606737982089809, "gamma": 0.04542872439864532, "lamda": 0.13101879175536224}, "datetime": {"datetime": "2021-09-23 15:25:29", "elapsed": 1927.42261, "delta": 16.32778}}
{"target": -1.8482534088763596, "params": {"C": 326.0723455295645, "epsilon": 0.838882617066377, "gamma": 0.06637222583732497, "lamda": 0.057170315857811654}, "datetime": {"datetime": "2021-09-23 15:25:40", "elapsed": 1937.678935, "delta": 10.256325}}
{"target": 0.9111928635119798, "params": {"C": 232.14343380673472, "epsilon": 0.16270734105015996, "gamma": 0.0694514686573462, "lamda": 0.06960336310031141}, "datetime": {"datetime": "2021-09-23 15:25:41", "elapsed": 1939.074937, "delta": 1.396002}}
{"target": -2.122175995879394, "params": {"C": 326.0860954717446, "epsilon": 0.6856926885868362, "gamma": 0.06635995988078183, "lamda": 0.12676503109181353}, "datetime": {"datetime": "2021-09-23 15:25:51", "elapsed": 1949.516046, "delta": 10.441109}}
{"target": 0.9115951006529546, "params": {"C": 232.1474065958403, "epsilon": 0.17209428088241752, "gamma": 0.06791968757746031, "lamda": 0.05292261297681852}, "datetime": {"datetime": "2021-09-23 15:25:53", "elapsed": 1951.335049, "delta": 1.819003}}
{"target": -2.2183027469153176, "params": {"C": 231.99396146318333, "epsilon": 0.07687023304550608, "gamma": 0.04673980733520494, "lamda": 0.050751858225968456}, "datetime": {"datetime": "2021-09-23 15:26:04", "elapsed": 1962.237599, "delta": 10.90255}}
{"target": -3.0243990180753073, "params": {"C": 270.63146635785023, "epsilon": 0.23274122064933123, "gamma": 0.042543839982192744, "lamda": 0.08927143570633442}, "datetime": {"datetime": "2021-09-23 15:26:15", "elapsed": 1973.201272, "delta": 10.963673}}
{"target": 0.9117681487630012, "params": {"C": 241.86729661778298, "epsilon": 0.6763806052613592, "gamma": 0.0673724216243516, "lamda": 0.031037493051180743}, "datetime": {"datetime": "2021-09-23 15:26:16", "elapsed": 1974.560012, "delta": 1.35874}}
{"target": 0.9123233543465779, "params": {"C": 302.1299200174663, "epsilon": 0.8661625647974056, "gamma": 0.06552472679970259, "lamda": 0.014204493804294253}, "datetime": {"datetime": "2021-09-23 15:26:18", "elapsed": 1975.896394, "delta": 1.336382}}
{"target": 0.9115820813525797, "params": {"C": 257.2598563302286, "epsilon": 0.5101920726093886, "gamma": 0.06850004705320152, "lamda": 0.019408125350341966}, "datetime": {"datetime": "2021-09-23 15:26:19", "elapsed": 1977.464163, "delta": 1.567769}}
