{"target": 0.8488720997942962, "params": {"C": 87.05960747065149, "epsilon": 0.5603055489355525, "gamma": 0.2, "lamda": 0.29487814967784587}, "datetime": {"datetime": "2021-09-23 12:34:52", "elapsed": 338.770718, "delta": 1.289706}}
{"target": 0.8588432841931118, "params": {"C": 76.79541451266473, "epsilon": 0.9996362312742303, "gamma": 0.18645983846460631, "lamda": 0.24310197415201307}, "datetime": {"datetime": "2021-09-23 12:34:53", "elapsed": 339.875447, "delta": 1.104729}}
{"target": -3.4830031081283552, "params": {"C": 77.13552524605403, "epsilon": 0.9732349393911947, "gamma": 0.02070817186002316, "lamda": 0.2770379791333377}, "datetime": {"datetime": "2021-09-23 12:35:04", "elapsed": 350.689989, "delta": 10.814542}}
{"target": 0.8627714289736184, "params": {"C": 76.88916589111653, "epsilon": 0.5686372108632616, "gamma": 0.180094606766742, "lamda": 0.48771715696538825}, "datetime": {"datetime": "2021-09-23 12:35:05", "elapsed": 351.851585, "delta": 1.161596}}
{"target": 0.8488257227652466, "params": {"C": 87.45139559058731, "epsilon": 0.25526737728019366, "gamma": 0.2, "lamda": 0.5}, "datetime": {"datetime": "2021-09-23 12:35:07", "elapsed": 353.254583, "delta": 1.402998}}
{"target": 0.8749661949733338, "params": {"C": 77.51619548296523, "epsilon": 0.06266225521797725, "gamma": 0.15514062161199924, "lamda": 0.013056676102868373}, "datetime": {"datetime": "2021-09-23 12:35:08", "elapsed": 354.084587, "delta": 0.830004}}
{"target": 0.8490691987803927, "params": {"C": 87.0782875528729, "epsilon": 0.03630321652552186, "gamma": 0.19970314363064146, "lamda": 0.007590937975594068}, "datetime": {"datetime": "2021-09-23 12:35:09", "elapsed": 355.310585, "delta": 1.225998}}
{"target": 0.8951248619264978, "params": {"C": 76.40878956590925, "epsilon": 0.16791450277141856, "gamma": 0.10181374057164332, "lamda": 0.001}, "datetime": {"datetime": "2021-09-23 12:35:10", "elapsed": 356.744586, "delta": 1.434001}}
{"target": 0.8500031959679764, "params": {"C": 92.73525362381062, "epsilon": 0.40182302669834896, "gamma": 0.19682217332405008, "lamda": 0.029884324301914563}, "datetime": {"datetime": "2021-09-23 12:35:12", "elapsed": 358.201586, "delta": 1.457}}
{"target": 0.8504420051826945, "params": {"C": 76.66696277415707, "epsilon": 0.28524373622135973, "gamma": 0.2, "lamda": 0.001}, "datetime": {"datetime": "2021-09-23 12:35:13", "elapsed": 359.596582, "delta": 1.394996}}
{"target": 0.8480390927793965, "params": {"C": 92.25199191715527, "epsilon": 1.0, "gamma": 0.2, "lamda": 0.001}, "datetime": {"datetime": "2021-09-23 12:35:14", "elapsed": 360.779586, "delta": 1.183004}}
{"target": 0.850277969888597, "params": {"C": 77.59077539961336, "epsilon": 0.41548696074005703, "gamma": 0.2, "lamda": 0.14768579174272725}, "datetime": {"datetime": "2021-09-23 12:35:16", "elapsed": 362.897188, "delta": 2.117602}}
{"target": 0.8668160745739467, "params": {"C": 85.41837850810653, "epsilon": 0.898653030609342, "gamma": 0.17188727833960737, "lamda": 0.4344944256646462}, "datetime": {"datetime": "2021-09-23 12:35:17", "elapsed": 363.606186, "delta": 0.708998}}
{"target": 0.8542790714553417, "params": {"C": 95.45023647981628, "epsilon": 0.8003086809974951, "gamma": 0.18934660881981105, "lamda": 0.44211973200752275}, "datetime": {"datetime": "2021-09-23 12:35:18", "elapsed": 364.417188, "delta": 0.811002}}
{"target": 0.848790177607633, "params": {"C": 87.62414729680607, "epsilon": 0.5431916027680042, "gamma": 0.2, "lamda": 0.5}, "datetime": {"datetime": "2021-09-23 12:35:19", "elapsed": 365.706767, "delta": 1.289579}}
{"target": -2.4452032451967924, "params": {"C": 80.95174207575336, "epsilon": 0.6164318886184202, "gamma": 0.010619210635622534, "lamda": 0.3640862162457991}, "datetime": {"datetime": "2021-09-23 12:35:30", "elapsed": 376.51363, "delta": 10.806863}}
{"target": 0.8538409636976652, "params": {"C": 80.78165642661929, "epsilon": 0.7974026389199821, "gamma": 0.19350867532609534, "lamda": 0.01891718060538575}, "datetime": {"datetime": "2021-09-23 12:35:31", "elapsed": 377.542631, "delta": 1.029001}}
{"target": 0.8497333373740807, "params": {"C": 81.08267216578399, "epsilon": 0.9606509201745915, "gamma": 0.2, "lamda": 0.001}, "datetime": {"datetime": "2021-09-23 12:35:33", "elapsed": 379.044829, "delta": 1.502198}}
{"target": 0.8838911582462196, "params": {"C": 80.45532269199785, "epsilon": 0.6191832197255377, "gamma": 0.13292747808513233, "lamda": 0.043504914838523194}, "datetime": {"datetime": "2021-09-23 12:35:34", "elapsed": 380.399267, "delta": 1.354438}}
{"target": -2.2999586841635145, "params": {"C": 77.57298776002955, "epsilon": 0.4577729274355224, "gamma": 0.01, "lamda": 0.4031506058737719}, "datetime": {"datetime": "2021-09-23 12:35:45", "elapsed": 391.108935, "delta": 10.709668}}
{"target": 0.8965042630072376, "params": {"C": 77.18474842070384, "epsilon": 0.02320322432106723, "gamma": 0.0982108815142468, "lamda": 0.22745448043177421}, "datetime": {"datetime": "2021-09-23 12:35:46", "elapsed": 392.146055, "delta": 1.03712}}
{"target": 0.8504111798080135, "params": {"C": 76.84159112402682, "epsilon": 0.001, "gamma": 0.2, "lamda": 0.2402956549211658}, "datetime": {"datetime": "2021-09-23 12:35:47", "elapsed": 393.572284, "delta": 1.426229}}
{"target": 0.8931187413646582, "params": {"C": 88.99797605460083, "epsilon": 0.5021024395302154, "gamma": 0.11055089874987443, "lamda": 0.21834002350322637}, "datetime": {"datetime": "2021-09-23 12:35:48", "elapsed": 394.640572, "delta": 1.068288}}
{"target": 0.9002508767255013, "params": {"C": 80.29279276274148, "epsilon": 0.35812394531230846, "gamma": 0.08914763809732165, "lamda": 0.13343523301691831}, "datetime": {"datetime": "2021-09-23 12:35:49", "elapsed": 395.916953, "delta": 1.276381}}
{"target": 0.8503211956162188, "params": {"C": 77.3483360303274, "epsilon": 0.5723135461838347, "gamma": 0.2, "lamda": 0.001}, "datetime": {"datetime": "2021-09-23 12:35:50", "elapsed": 396.826137, "delta": 0.909184}}
{"target": 0.8922940882888143, "params": {"C": 80.63009291008491, "epsilon": 0.3236611544701024, "gamma": 0.11075276569776583, "lamda": 0.037961449587373484}, "datetime": {"datetime": "2021-09-23 12:35:52", "elapsed": 398.105363, "delta": 1.279226}}
{"target": -3.376471201949597, "params": {"C": 85.13408408880655, "epsilon": 0.1986705314530039, "gamma": 0.03806638418635131, "lamda": 0.49931746558958945}, "datetime": {"datetime": "2021-09-23 12:36:02", "elapsed": 408.836605, "delta": 10.731242}}
{"target": 0.9035429998231236, "params": {"C": 80.21352552277078, "epsilon": 0.6244384810612639, "gamma": 0.08247124902031823, "lamda": 0.2589382181338923}, "datetime": {"datetime": "2021-09-23 12:36:04", "elapsed": 410.474606, "delta": 1.638001}}
{"target": 0.8504327410534482, "params": {"C": 76.71951090631904, "epsilon": 1.0, "gamma": 0.2, "lamda": 0.001}, "datetime": {"datetime": "2021-09-23 12:36:05", "elapsed": 411.842414, "delta": 1.367808}}
{"target": 0.8497082379204552, "params": {"C": 81.26561149359159, "epsilon": 0.6816250929110045, "gamma": 0.2, "lamda": 0.001}, "datetime": {"datetime": "2021-09-23 12:36:07", "elapsed": 413.88266, "delta": 2.040246}}
{"target": 0.8498913787992718, "params": {"C": 80.00435614011441, "epsilon": 0.3819458516251104, "gamma": 0.2, "lamda": 0.311108707072706}, "datetime": {"datetime": "2021-09-23 12:36:09", "elapsed": 415.750825, "delta": 1.868165}}
{"target": -3.09373037958607, "params": {"C": 90.97168901460662, "epsilon": 0.8159780580469286, "gamma": 0.021565363706717543, "lamda": 0.2215855284956389}, "datetime": {"datetime": "2021-09-23 12:36:20", "elapsed": 427.007981, "delta": 11.257156}}
{"target": 0.8835925553241597, "params": {"C": 82.08584753330454, "epsilon": 0.20511994448179954, "gamma": 0.13407362236101694, "lamda": 0.27681935869830376}, "datetime": {"datetime": "2021-09-23 12:36:21", "elapsed": 427.882985, "delta": 0.875004}}
{"target": 0.8486164608654708, "params": {"C": 88.86575630100425, "epsilon": 0.28496060310910604, "gamma": 0.2, "lamda": 0.001}, "datetime": {"datetime": "2021-09-23 12:36:23", "elapsed": 429.390985, "delta": 1.508}}
{"target": -1.9872788279746763, "params": {"C": 88.87064592367732, "epsilon": 0.2158223589807428, "gamma": 0.06027728954798949, "lamda": 0.28625761418565177}, "datetime": {"datetime": "2021-09-23 12:36:34", "elapsed": 440.962693, "delta": 11.571708}}
{"target": 0.8581931329459273, "params": {"C": 88.81312027958771, "epsilon": 0.5842539247467936, "gamma": 0.18462380317134724, "lamda": 0.03270359478748872}, "datetime": {"datetime": "2021-09-23 12:36:36", "elapsed": 442.188306, "delta": 1.225613}}
{"target": 0.8593436510184259, "params": {"C": 89.1804273817784, "epsilon": 0.6150243009007523, "gamma": 0.1827544115166079, "lamda": 0.013666843051690549}, "datetime": {"datetime": "2021-09-23 12:36:37", "elapsed": 443.354728, "delta": 1.166422}}
{"target": 0.9020110202763649, "params": {"C": 89.0770734225859, "epsilon": 0.8007113649672698, "gamma": 0.08622087565085332, "lamda": 0.2586021085135408}, "datetime": {"datetime": "2021-09-23 12:36:38", "elapsed": 444.58074, "delta": 1.226012}}
{"target": 0.8658829325512933, "params": {"C": 81.34518522249773, "epsilon": 0.9310739781642317, "gamma": 0.01, "lamda": 0.028725432261651255}, "datetime": {"datetime": "2021-09-23 12:36:39", "elapsed": 445.730943, "delta": 1.150203}}
{"target": 0.8912617296991665, "params": {"C": 99.2162498548594, "epsilon": 0.05100699212543013, "gamma": 0.11825382783866714, "lamda": 0.2867191540533144}, "datetime": {"datetime": "2021-09-23 12:36:40", "elapsed": 446.535228, "delta": 0.804285}}
{"target": 0.8494252004130656, "params": {"C": 83.63906581573715, "epsilon": 0.6511120779293895, "gamma": 0.2, "lamda": 0.001}, "datetime": {"datetime": "2021-09-23 12:36:41", "elapsed": 447.572225, "delta": 1.036997}}
{"target": 0.8485187659947209, "params": {"C": 89.3970792782748, "epsilon": 0.8175091887903982, "gamma": 0.2, "lamda": 0.2683528131514437}, "datetime": {"datetime": "2021-09-23 12:36:42", "elapsed": 448.667902, "delta": 1.095677}}
{"target": 0.848049104717992, "params": {"C": 92.19029157445793, "epsilon": 1.0, "gamma": 0.2, "lamda": 0.5}, "datetime": {"datetime": "2021-09-23 12:36:43", "elapsed": 449.831901, "delta": 1.163999}}
{"target": 0.8499097241436464, "params": {"C": 79.87901964772817, "epsilon": 0.724681750569315, "gamma": 0.2, "lamda": 0.24629436550628364}, "datetime": {"datetime": "2021-09-23 12:36:44", "elapsed": 450.806901, "delta": 0.975}}
{"target": 0.875952376174867, "params": {"C": 93.98865906686818, "epsilon": 0.6634494066996538, "gamma": 0.01442080973166531, "lamda": 0.06169405550988898}, "datetime": {"datetime": "2021-09-23 12:36:45", "elapsed": 451.559903, "delta": 0.753002}}
{"target": 0.9033837843220162, "params": {"C": 80.40675600140285, "epsilon": 0.5150994872668108, "gamma": 0.08294432696082797, "lamda": 0.08492706121331986}, "datetime": {"datetime": "2021-09-23 12:36:46", "elapsed": 452.238902, "delta": 0.678999}}
{"target": -1.9214543474185306, "params": {"C": 93.99112334315846, "epsilon": 0.41039184690611163, "gamma": 0.05949938561942105, "lamda": 0.376579159025638}, "datetime": {"datetime": "2021-09-23 12:36:57", "elapsed": 463.187266, "delta": 10.948364}}
{"target": -2.1044517429538834, "params": {"C": 89.27413892152273, "epsilon": 0.7238916536356707, "gamma": 0.01, "lamda": 0.5}, "datetime": {"datetime": "2021-09-23 12:37:08", "elapsed": 474.685268, "delta": 11.498002}}
{"target": 0.8837650866100686, "params": {"C": 88.95668922472701, "epsilon": 0.8157404306400434, "gamma": 0.02511890691857084, "lamda": 0.002605438755459726}, "datetime": {"datetime": "2021-09-23 12:37:09", "elapsed": 475.953518, "delta": 1.26825}}
{"target": -3.344776344922902, "params": {"C": 89.25874625070114, "epsilon": 0.41369709955159245, "gamma": 0.01907928521602093, "lamda": 0.23090908391713852}, "datetime": {"datetime": "2021-09-23 12:37:16", "elapsed": 482.929873, "delta": 6.976355}}
{"target": 0.8656332374762504, "params": {"C": 88.78104328456446, "epsilon": 0.7288471227750213, "gamma": 0.17293792032920915, "lamda": 0.3236575190857847}, "datetime": {"datetime": "2021-09-23 12:37:18", "elapsed": 484.294217, "delta": 1.364344}}
{"target": 0.8485438871297245, "params": {"C": 89.19874453216238, "epsilon": 0.9390160564764376, "gamma": 0.2, "lamda": 0.03278871533921709}, "datetime": {"datetime": "2021-09-23 12:37:19", "elapsed": 485.402957, "delta": 1.10874}}
{"target": 0.8485887743596648, "params": {"C": 88.88109237609626, "epsilon": 1.0, "gamma": 0.2, "lamda": 0.17060389690649091}, "datetime": {"datetime": "2021-09-23 12:37:20", "elapsed": 486.588166, "delta": 1.185209}}
{"target": 0.8498728772375439, "params": {"C": 80.13060292923541, "epsilon": 0.8039255334462869, "gamma": 0.2, "lamda": 0.001}, "datetime": {"datetime": "2021-09-23 12:37:21", "elapsed": 487.857167, "delta": 1.269001}}
{"target": 0.8711526637179622, "params": {"C": 91.64168503147346, "epsilon": 0.2776871440514147, "gamma": 0.16327743334485492, "lamda": 0.10281085335966722}, "datetime": {"datetime": "2021-09-23 12:37:22", "elapsed": 488.664926, "delta": 0.807759}}
{"target": 0.8770754779170132, "params": {"C": 99.22295937458017, "epsilon": 0.7673358335560438, "gamma": 0.019591015835023706, "lamda": 0.017013709855708634}, "datetime": {"datetime": "2021-09-23 12:37:23", "elapsed": 489.416925, "delta": 0.751999}}
{"target": 0.9020177781953573, "params": {"C": 79.77494561536847, "epsilon": 0.6118215865980625, "gamma": 0.039133006868172164, "lamda": 0.0033325626564473516}, "datetime": {"datetime": "2021-09-23 12:37:24", "elapsed": 490.126929, "delta": 0.710004}}
{"target": 0.858412586812737, "params": {"C": 96.34785243233526, "epsilon": 0.09598816439955357, "gamma": 0.18250747154582614, "lamda": 0.19042111305207898}, "datetime": {"datetime": "2021-09-23 12:37:24", "elapsed": 490.879145, "delta": 0.752216}}
{"target": 0.8907802485122037, "params": {"C": 79.69541935615669, "epsilon": 0.3808856241305757, "gamma": 0.11485671374656996, "lamda": 0.25613774288951785}, "datetime": {"datetime": "2021-09-23 12:37:25", "elapsed": 491.958144, "delta": 1.078999}}
{"target": -1.722837899952037, "params": {"C": 85.04282865355304, "epsilon": 0.09512356121267772, "gamma": 0.06550462087768041, "lamda": 0.3468998615333571}, "datetime": {"datetime": "2021-09-23 12:37:35", "elapsed": 502.006842, "delta": 10.048698}}
{"target": 0.8928972719187189, "params": {"C": 79.86869189150653, "epsilon": 0.17674472676064784, "gamma": 0.10842159750830967, "lamda": 0.04582895336840133}, "datetime": {"datetime": "2021-09-23 12:37:37", "elapsed": 503.327692, "delta": 1.32085}}
{"target": -3.1537048785074315, "params": {"C": 79.85348576007802, "epsilon": 0.5728850308340536, "gamma": 0.019152264349409667, "lamda": 0.4637591235212242}, "datetime": {"datetime": "2021-09-23 12:37:47", "elapsed": 513.813398, "delta": 10.485706}}
{"target": 0.8546876400575785, "params": {"C": 79.50751574471245, "epsilon": 0.4120030824369277, "gamma": 0.19247427589106603, "lamda": 0.044810027954166054}, "datetime": {"datetime": "2021-09-23 12:37:48", "elapsed": 514.999429, "delta": 1.186031}}
{"target": -3.465989548958026, "params": {"C": 78.70935818438926, "epsilon": 0.9226663161598764, "gamma": 0.018822378813107124, "lamda": 0.20008932591065806}, "datetime": {"datetime": "2021-09-23 12:37:58", "elapsed": 524.817128, "delta": 9.817699}}
{"target": 0.8906223176658051, "params": {"C": 78.79418300796512, "epsilon": 0.44730759703475526, "gamma": 0.1150617385010659, "lamda": 0.37754576514738175}, "datetime": {"datetime": "2021-09-23 12:37:59", "elapsed": 525.612144, "delta": 0.795016}}
{"target": 0.8499520060057754, "params": {"C": 79.5895527819249, "epsilon": 0.11015140619063024, "gamma": 0.2, "lamda": 0.2012789003179736}, "datetime": {"datetime": "2021-09-23 12:38:01", "elapsed": 527.143129, "delta": 1.530985}}
{"target": 0.9070772947019138, "params": {"C": 79.11895021834088, "epsilon": 0.22174165268589657, "gamma": 0.07087367913707235, "lamda": 0.3216201575391373}, "datetime": {"datetime": "2021-09-23 12:38:02", "elapsed": 528.742143, "delta": 1.599014}}
{"target": 0.869350190090384, "params": {"C": 78.84635150483207, "epsilon": 0.24343405741824126, "gamma": 0.16780455393466395, "lamda": 0.14302209089833343}, "datetime": {"datetime": "2021-09-23 12:38:04", "elapsed": 530.187138, "delta": 1.444995}}
{"target": 0.8542977274996018, "params": {"C": 76.65104837851194, "epsilon": 0.28006867106547484, "gamma": 0.1938514485887786, "lamda": 0.014660803084903168}, "datetime": {"datetime": "2021-09-23 12:38:05", "elapsed": 531.077129, "delta": 0.889991}}
{"target": 0.8657389230618873, "params": {"C": 79.6580117497227, "epsilon": 0.9052952838957763, "gamma": 0.17455971713182195, "lamda": 0.006113795840285635}, "datetime": {"datetime": "2021-09-23 12:38:06", "elapsed": 532.888132, "delta": 1.811003}}
{"target": 0.849878372915743, "params": {"C": 80.0931189996794, "epsilon": 0.054051961266187235, "gamma": 0.2, "lamda": 0.2725469006978795}, "datetime": {"datetime": "2021-09-23 12:38:08", "elapsed": 534.265129, "delta": 1.376997}}
{"target": 0.8829307459239089, "params": {"C": 83.11848866311352, "epsilon": 0.49427548243871233, "gamma": 0.025617848271306493, "lamda": 0.08202131102721259}, "datetime": {"datetime": "2021-09-23 12:38:09", "elapsed": 535.062131, "delta": 0.797002}}
{"target": -2.3792808826637963, "params": {"C": 81.08337909506139, "epsilon": 0.7673290058206254, "gamma": 0.050647982365208205, "lamda": 0.13397225002852067}, "datetime": {"datetime": "2021-09-23 12:38:19", "elapsed": 545.511131, "delta": 10.449}}
{"target": 0.8831771300367215, "params": {"C": 90.75250786042602, "epsilon": 0.8416559602658404, "gamma": 0.13732782548019004, "lamda": 0.005822560420499341}, "datetime": {"datetime": "2021-09-23 12:38:20", "elapsed": 546.306523, "delta": 0.795392}}
{"target": 0.8726296746186649, "params": {"C": 93.92438398745128, "epsilon": 0.7400555243880738, "gamma": 0.16044590969261127, "lamda": 0.4309640437975734}, "datetime": {"datetime": "2021-09-23 12:38:21", "elapsed": 547.125054, "delta": 0.818531}}
{"target": 0.891672638425792, "params": {"C": 81.04413899223222, "epsilon": 0.719289518756713, "gamma": 0.11267973205761102, "lamda": 0.08024514173138311}, "datetime": {"datetime": "2021-09-23 12:38:22", "elapsed": 548.452084, "delta": 1.32703}}
{"target": -2.530504909892728, "params": {"C": 81.03423523324335, "epsilon": 0.6965801949475084, "gamma": 0.013493537908274122, "lamda": 0.0855206085934649}, "datetime": {"datetime": "2021-09-23 12:38:33", "elapsed": 559.908293, "delta": 11.456209}}
{"target": -1.43559038478223, "params": {"C": 85.61085217998223, "epsilon": 0.5755927434260253, "gamma": 0.08186709922298767, "lamda": 0.3316910005500254}, "datetime": {"datetime": "2021-09-23 12:38:44", "elapsed": 570.695939, "delta": 10.787646}}
{"target": 0.8708037768744068, "params": {"C": 78.84165696512149, "epsilon": 0.24977237928422227, "gamma": 0.16488808677207575, "lamda": 0.14410751010101028}, "datetime": {"datetime": "2021-09-23 12:38:45", "elapsed": 571.616911, "delta": 0.920972}}
{"target": 0.8882933239751885, "params": {"C": 80.38579926683822, "epsilon": 0.5680457568691775, "gamma": 0.12174524672522798, "lamda": 0.03890183687771621}, "datetime": {"datetime": "2021-09-23 12:38:46", "elapsed": 572.966907, "delta": 1.349996}}
{"target": 0.8613047312157693, "params": {"C": 80.40017509181891, "epsilon": 0.6088345141361504, "gamma": 0.18165050543419467, "lamda": 0.0114205370375365}, "datetime": {"datetime": "2021-09-23 12:38:48", "elapsed": 574.500906, "delta": 1.533999}}
{"target": -1.2492724655791374, "params": {"C": 98.89880033703865, "epsilon": 0.37869507180151, "gamma": 0.08456702962575538, "lamda": 0.35972403228991934}, "datetime": {"datetime": "2021-09-23 12:38:58", "elapsed": 584.597905, "delta": 10.096999}}
{"target": 0.9015568306588565, "params": {"C": 80.4348057040173, "epsilon": 0.6228499289839503, "gamma": 0.08660751061124936, "lamda": 0.0737418621802728}, "datetime": {"datetime": "2021-09-23 12:38:59", "elapsed": 585.841906, "delta": 1.244001}}
{"target": 0.8914301631674918, "params": {"C": 80.43646987143993, "epsilon": 0.5623373627661802, "gamma": 0.11334303216311267, "lamda": 0.027253304355009604}, "datetime": {"datetime": "2021-09-23 12:39:01", "elapsed": 587.233431, "delta": 1.391525}}
{"target": -2.6103877762000973, "params": {"C": 84.16969824738571, "epsilon": 0.21931641829105641, "gamma": 0.05352972714008421, "lamda": 0.22264689884774846}, "datetime": {"datetime": "2021-09-23 12:39:11", "elapsed": 597.925959, "delta": 10.692528}}
{"target": -2.937654991535044, "params": {"C": 81.02001244302407, "epsilon": 0.7976997190074686, "gamma": 0.038701268476165354, "lamda": 0.14833336549763856}, "datetime": {"datetime": "2021-09-23 12:39:22", "elapsed": 608.144959, "delta": 10.219}}
{"target": -1.8681567812990347, "params": {"C": 91.44311469055931, "epsilon": 0.809986001002584, "gamma": 0.07162575870496558, "lamda": 0.37359588274390276}, "datetime": {"datetime": "2021-09-23 12:39:31", "elapsed": 617.944479, "delta": 9.79952}}
{"target": 0.8906159099649058, "params": {"C": 80.35764797127653, "epsilon": 0.5228869865662561, "gamma": 0.11544687215938194, "lamda": 0.1158813648569871}, "datetime": {"datetime": "2021-09-23 12:39:33", "elapsed": 619.660301, "delta": 1.715822}}
{"target": 0.9017277014995336, "params": {"C": 93.606007657063, "epsilon": 0.2455064517651762, "gamma": 0.08783378819054422, "lamda": 0.11765981412591577}, "datetime": {"datetime": "2021-09-23 12:39:34", "elapsed": 620.567302, "delta": 0.907001}}
{"target": 0.8993219764830832, "params": {"C": 80.4518896081717, "epsilon": 0.6644569815400837, "gamma": 0.09099623666082685, "lamda": 0.03590095626346453}, "datetime": {"datetime": "2021-09-23 12:39:35", "elapsed": 621.882303, "delta": 1.315001}}
{"target": -3.21539140173046, "params": {"C": 95.65069759458174, "epsilon": 0.6871796565962828, "gamma": 0.045960905797941175, "lamda": 0.2724286374248503}, "datetime": {"datetime": "2021-09-23 12:39:45", "elapsed": 631.39749, "delta": 9.515187}}
