{"target": -6.912132840955334, "params": {"C": 12.568957940606962, "epsilon": 14.434457419498944, "gamma": 0.00021436337986315216, "lamda": 1.5117326299019358}, "datetime": {"datetime": "2021-09-16 10:52:44", "elapsed": 0.0, "delta": 0.0}}
{"target": -3.650647312149582, "params": {"C": 4.48800113543168, "epsilon": 1.9375380358990761, "gamma": 0.18634158535653314, "lamda": 1.7278690791425344}, "datetime": {"datetime": "2021-09-16 10:52:44", "elapsed": 0.51681, "delta": 0.51681}}
{"target": -13.32687120321584, "params": {"C": 11.96334747949703, "epsilon": 10.822453006666802, "gamma": 0.41925259495185446, "lamda": 3.426128980033758}, "datetime": {"datetime": "2021-09-16 10:53:04", "elapsed": 19.870944, "delta": 19.354134}}
{"target": -23.341777076737422, "params": {"C": 6.213122266972371, "epsilon": 17.574536984179815, "gamma": 0.02748485443860637, "lamda": 3.3523705041409935}, "datetime": {"datetime": "2021-09-16 10:53:23", "elapsed": 39.022689, "delta": 19.151745}}
{"target": -14.543974273646235, "params": {"C": 12.577413590777095, "epsilon": 11.217927586070457, "gamma": 0.14047289990137424, "lamda": 0.9905876352754855}, "datetime": {"datetime": "2021-09-16 10:53:41", "elapsed": 57.756229, "delta": 18.73354}}
{"target": -21.32933581863211, "params": {"C": 24.042262603398548, "epsilon": 19.368405356816012, "gamma": 0.3134928357414269, "lamda": 3.461643846085004}, "datetime": {"datetime": "2021-09-16 10:54:00", "elapsed": 76.624187, "delta": 18.867958}}
{"target": -20.894918835695957, "params": {"C": 26.304035653651546, "epsilon": 17.90267260372656, "gamma": 0.08513570694864094, "lamda": 0.19537001068608853}, "datetime": {"datetime": "2021-09-16 10:54:18", "elapsed": 94.760929, "delta": 18.136742}}
{"target": -20.932666137530575, "params": {"C": 5.17792954498061, "epsilon": 17.575035818245322, "gamma": 0.09843699914966679, "lamda": 2.1055960142627606}, "datetime": {"datetime": "2021-09-16 10:54:37", "elapsed": 113.31831, "delta": 18.557381}}
{"target": -4.084194455007424, "params": {"C": 28.74089695150001, "epsilon": 10.70998917096304, "gamma": 0.6919079262390783, "lamda": 1.577646603467214}, "datetime": {"datetime": "2021-09-16 10:54:37", "elapsed": 113.685445, "delta": 0.367135}}
{"target": -22.53844559710812, "params": {"C": 20.626377737679352, "epsilon": 16.70905087075772, "gamma": 0.018386448516457387, "lamda": 3.750746560293343}, "datetime": {"datetime": "2021-09-16 10:54:56", "elapsed": 132.346949, "delta": 18.661504}}
{"target": -10.261729669724865, "params": {"C": 30.0, "epsilon": 7.298994043288435, "gamma": 0.9941775143680287, "lamda": 1.632482664399823}, "datetime": {"datetime": "2021-09-16 10:55:14", "elapsed": 150.595308, "delta": 18.248359}}
{"target": -5.27860850364485, "params": {"C": 1.4365811239807889, "epsilon": 0.1, "gamma": 0.3364058611035098, "lamda": 2.559490673004255}, "datetime": {"datetime": "2021-09-16 10:55:15", "elapsed": 151.746124, "delta": 1.150816}}
{"target": -5.358508325010796, "params": {"C": 5.541910005031269, "epsilon": 0.1, "gamma": 1.0, "lamda": 5.0}, "datetime": {"datetime": "2021-09-16 10:55:16", "elapsed": 152.414363, "delta": 0.668239}}
{"target": -5.980388140438239, "params": {"C": 2.4189539021177406, "epsilon": 4.466802771895356, "gamma": 1.0, "lamda": 5.0}, "datetime": {"datetime": "2021-09-16 10:55:17", "elapsed": 153.206439, "delta": 0.792076}}
{"target": -7.413494049547469, "params": {"C": 0.1, "epsilon": 4.915694187259689, "gamma": 1.0, "lamda": 0.0001}, "datetime": {"datetime": "2021-09-16 10:55:18", "elapsed": 153.912109, "delta": 0.70567}}
{"target": -5.012213002352833, "params": {"C": 9.297283497962145, "epsilon": 0.1, "gamma": 1.0, "lamda": 0.0001}, "datetime": {"datetime": "2021-09-16 10:55:18", "elapsed": 154.531497, "delta": 0.619388}}
{"target": -5.797281326261121, "params": {"C": 12.557926992027937, "epsilon": 0.1, "gamma": 0.0001, "lamda": 5.0}, "datetime": {"datetime": "2021-09-16 10:55:19", "elapsed": 155.306013, "delta": 0.774516}}
{"target": -4.709979519237334, "params": {"C": 16.918314859083452, "epsilon": 0.1, "gamma": 1.0, "lamda": 0.0001}, "datetime": {"datetime": "2021-09-16 10:55:20", "elapsed": 156.028101, "delta": 0.722088}}
{"target": -7.525732805497195, "params": {"C": 20.431546218224376, "epsilon": 0.1, "gamma": 0.0001, "lamda": 5.0}, "datetime": {"datetime": "2021-09-16 10:55:38", "elapsed": 174.323495, "delta": 18.295394}}
{"target": -4.697494882282846, "params": {"C": 22.043593581280632, "epsilon": 4.724843026656829, "gamma": 1.0, "lamda": 0.0001}, "datetime": {"datetime": "2021-09-16 10:55:39", "elapsed": 174.943079, "delta": 0.619584}}
{"target": -5.152401064549292, "params": {"C": 24.49075181990832, "epsilon": 0.1, "gamma": 0.0001, "lamda": 0.0001}, "datetime": {"datetime": "2021-09-16 10:55:39", "elapsed": 175.765777, "delta": 0.822698}}
{"target": -9.353051341995277, "params": {"C": 24.382814565753645, "epsilon": 7.218164643073996, "gamma": 0.0001, "lamda": 5.0}, "datetime": {"datetime": "2021-09-16 10:55:51", "elapsed": 186.870054, "delta": 11.104277}}
{"target": -14.407196517675695, "params": {"C": 30.0, "epsilon": 12.418991595550713, "gamma": 1.0, "lamda": 5.0}, "datetime": {"datetime": "2021-09-16 10:56:08", "elapsed": 204.255302, "delta": 17.385248}}
{"target": -4.798793815777735, "params": {"C": 25.269130504653933, "epsilon": 9.22088150212491, "gamma": 1.0, "lamda": 0.0001}, "datetime": {"datetime": "2021-09-16 10:56:09", "elapsed": 204.903989, "delta": 0.648687}}
{"target": -7.428581686635587, "params": {"C": 8.42320384964205, "epsilon": 4.131267562597838, "gamma": 0.0001, "lamda": 5.0}, "datetime": {"datetime": "2021-09-16 10:56:19", "elapsed": 215.262245, "delta": 10.358256}}
{"target": -7.52150033627202, "params": {"C": 28.699317022141894, "epsilon": 0.1, "gamma": 0.0001, "lamda": 5.0}, "datetime": {"datetime": "2021-09-16 10:56:36", "elapsed": 232.467798, "delta": 17.205553}}
{"target": -4.602280671570263, "params": {"C": 16.549940202855225, "epsilon": 3.6376180753449394, "gamma": 0.8789693785340464, "lamda": 3.3066584306442324}, "datetime": {"datetime": "2021-09-16 10:56:37", "elapsed": 233.176199, "delta": 0.708401}}
{"target": -5.729171175685657, "params": {"C": 13.586063665550626, "epsilon": 20.0, "gamma": 0.0001, "lamda": 0.0001}, "datetime": {"datetime": "2021-09-16 10:56:38", "elapsed": 233.939894, "delta": 0.763695}}
{"target": -4.871623378346518, "params": {"C": 13.259741117150684, "epsilon": 3.022779192084871, "gamma": 1.0, "lamda": 0.0001}, "datetime": {"datetime": "2021-09-16 10:56:38", "elapsed": 234.466453, "delta": 0.526559}}
{"target": -7.413505113767104, "params": {"C": 0.1, "epsilon": 9.920190793104108, "gamma": 1.0, "lamda": 5.0}, "datetime": {"datetime": "2021-09-16 10:56:39", "elapsed": 235.261006, "delta": 0.794553}}
{"target": -5.341663682909181, "params": {"C": 5.937956095576508, "epsilon": 5.729517149625296, "gamma": 1.0, "lamda": 0.0001}, "datetime": {"datetime": "2021-09-16 10:56:40", "elapsed": 235.900091, "delta": 0.639085}}
{"target": -5.025725305067422, "params": {"C": 30.0, "epsilon": 0.1, "gamma": 0.0001, "lamda": 0.0001}, "datetime": {"datetime": "2021-09-16 10:56:40", "elapsed": 236.714871, "delta": 0.81478}}
{"target": -5.4436967289456035, "params": {"C": 17.993129610889007, "epsilon": 4.2418525434091245, "gamma": 0.0001, "lamda": 0.0001}, "datetime": {"datetime": "2021-09-16 10:56:41", "elapsed": 237.564082, "delta": 0.849211}}
{"target": -7.505337581160251, "params": {"C": 0.1, "epsilon": 11.156818231737683, "gamma": 0.0001, "lamda": 0.0001}, "datetime": {"datetime": "2021-09-16 10:56:42", "elapsed": 238.194639, "delta": 0.630557}}
{"target": -5.025747522287714, "params": {"C": 30.0, "epsilon": 11.639535276106812, "gamma": 0.0001, "lamda": 0.0001}, "datetime": {"datetime": "2021-09-16 10:56:43", "elapsed": 239.006439, "delta": 0.8118}}
{"target": -2.3454878644511123, "params": {"C": 26.21648266805084, "epsilon": 3.9996615719936597, "gamma": 0.14158593643423206, "lamda": 0.0815359238510368}, "datetime": {"datetime": "2021-09-16 10:56:43", "elapsed": 239.811101, "delta": 0.804662}}
{"target": -5.500912380334878, "params": {"C": 4.288227283954101, "epsilon": 0.3240052729071875, "gamma": 0.9756239479275427, "lamda": 0.1991873752500475}, "datetime": {"datetime": "2021-09-16 10:56:44", "elapsed": 240.533844, "delta": 0.722743}}
{"target": -5.743752734188227, "params": {"C": 13.324703508407614, "epsilon": 0.1, "gamma": 0.0001, "lamda": 0.0001}, "datetime": {"datetime": "2021-09-16 10:56:45", "elapsed": 241.312709, "delta": 0.778865}}
{"target": -4.5502613762571755, "params": {"C": 24.981266701056104, "epsilon": 2.638698407837424, "gamma": 1.0, "lamda": 2.5807926369118936}, "datetime": {"datetime": "2021-09-16 10:56:46", "elapsed": 242.057339, "delta": 0.74463}}
{"target": -2.665757839054891, "params": {"C": 8.122283020893528, "epsilon": 3.263469376384511, "gamma": 0.013947283663905869, "lamda": 0.1546005943103709}, "datetime": {"datetime": "2021-09-16 10:56:47", "elapsed": 242.888249, "delta": 0.83091}}
{"target": -7.505337581639242, "params": {"C": 0.1, "epsilon": 0.1, "gamma": 0.0001, "lamda": 5.0}, "datetime": {"datetime": "2021-09-16 10:56:47", "elapsed": 243.671252, "delta": 0.783003}}
{"target": -5.2612114360375655, "params": {"C": 14.239575751155062, "epsilon": 16.69719178695572, "gamma": 1.0, "lamda": 0.0001}, "datetime": {"datetime": "2021-09-16 10:56:48", "elapsed": 244.436726, "delta": 0.765474}}
{"target": -4.484232529894191, "params": {"C": 27.21318237582829, "epsilon": 1.780188027087994, "gamma": 1.0, "lamda": 0.0001}, "datetime": {"datetime": "2021-09-16 10:56:49", "elapsed": 245.212344, "delta": 0.775618}}
{"target": -5.072873053046125, "params": {"C": 27.687817727728916, "epsilon": 9.165536282120351, "gamma": 0.0001, "lamda": 0.0001}, "datetime": {"datetime": "2021-09-16 10:56:50", "elapsed": 246.222257, "delta": 1.009913}}
{"target": -5.1406237073839645, "params": {"C": 7.931341181649166, "epsilon": 2.235686126583633, "gamma": 1.0, "lamda": 2.142987375046735}, "datetime": {"datetime": "2021-09-16 10:56:51", "elapsed": 247.108818, "delta": 0.886561}}
{"target": -21.867805695895864, "params": {"C": 13.905817806809726, "epsilon": 20.0, "gamma": 1.0, "lamda": 5.0}, "datetime": {"datetime": "2021-09-16 10:57:09", "elapsed": 265.015917, "delta": 17.907099}}
{"target": -5.866800848899135, "params": {"C": 11.558032539405644, "epsilon": 17.037305069368802, "gamma": 0.0001, "lamda": 0.0001}, "datetime": {"datetime": "2021-09-16 10:57:09", "elapsed": 265.768794, "delta": 0.752877}}
{"target": -5.322613465105962, "params": {"C": 20.497776978624916, "epsilon": 1.0820445035707873, "gamma": 0.0001, "lamda": 0.0001}, "datetime": {"datetime": "2021-09-16 10:57:10", "elapsed": 266.577381, "delta": 0.808587}}
{"target": -5.1486410582057, "params": {"C": 24.557111947015414, "epsilon": 5.899826149882338, "gamma": 0.0001, "lamda": 0.0001}, "datetime": {"datetime": "2021-09-16 10:57:11", "elapsed": 267.402246, "delta": 0.824865}}
{"target": -8.794901419011882, "params": {"C": 20.02632956812134, "epsilon": 4.778110563767395, "gamma": 0.9569069053160121, "lamda": 4.83962834966722}, "datetime": {"datetime": "2021-09-16 10:57:29", "elapsed": 285.680167, "delta": 18.277921}}
{"target": -13.636630327777937, "params": {"C": 16.122093889310158, "epsilon": 0.21936373812274917, "gamma": 0.07330181925976473, "lamda": 4.008986874384699}, "datetime": {"datetime": "2021-09-16 10:57:41", "elapsed": 297.07349, "delta": 11.393323}}
{"target": -8.085268110483693, "params": {"C": 13.602557652560302, "epsilon": 5.013885410856524, "gamma": 0.0001, "lamda": 5.0}, "datetime": {"datetime": "2021-09-16 10:57:53", "elapsed": 308.868937, "delta": 11.795447}}
{"target": -6.703907900375393, "params": {"C": 3.5122072782745914, "epsilon": 7.658150620973286, "gamma": 0.0001, "lamda": 2.697415556066413}, "datetime": {"datetime": "2021-09-16 10:57:53", "elapsed": 309.68947, "delta": 0.820533}}
{"target": -4.794473074360968, "params": {"C": 9.41199992034787, "epsilon": 0.1193816685956879, "gamma": 0.8568984233659096, "lamda": 4.844539663796847}, "datetime": {"datetime": "2021-09-16 10:57:54", "elapsed": 310.637349, "delta": 0.947879}}
{"target": -7.413494049406284, "params": {"C": 0.1, "epsilon": 20.0, "gamma": 1.0, "lamda": 0.0001}, "datetime": {"datetime": "2021-09-16 10:57:55", "elapsed": 311.412754, "delta": 0.775405}}
{"target": -4.519308278249411, "params": {"C": 24.16737940434961, "epsilon": 0.1, "gamma": 1.0, "lamda": 5.0}, "datetime": {"datetime": "2021-09-16 10:57:56", "elapsed": 312.204649, "delta": 0.791895}}
{"target": -4.921431464838169, "params": {"C": 27.268736975673523, "epsilon": 11.761885317507634, "gamma": 1.0, "lamda": 0.0001}, "datetime": {"datetime": "2021-09-16 10:57:57", "elapsed": 312.914495, "delta": 0.709846}}
{"target": -4.907527815726624, "params": {"C": 19.871480091705514, "epsilon": 8.988860960986994, "gamma": 1.0, "lamda": 0.0001}, "datetime": {"datetime": "2021-09-16 10:57:57", "elapsed": 313.595347, "delta": 0.680852}}
{"target": -5.619586719102986, "params": {"C": 0.2539132873122369, "epsilon": 0.2129172089819972, "gamma": 0.047784952289569076, "lamda": 0.009039317137474523}, "datetime": {"datetime": "2021-09-16 10:57:58", "elapsed": 314.418164, "delta": 0.822817}}
{"target": -9.83536781728412, "params": {"C": 16.903780476864796, "epsilon": 6.498464430062, "gamma": 1.0, "lamda": 2.071221690360305}, "datetime": {"datetime": "2021-09-16 10:58:16", "elapsed": 332.670391, "delta": 18.252227}}
{"target": -3.5508712541497225, "params": {"C": 4.131918312599415, "epsilon": 3.599444455427747, "gamma": 0.1492609118921234, "lamda": 0.0800310228188226}, "datetime": {"datetime": "2021-09-16 10:58:17", "elapsed": 333.599402, "delta": 0.929011}}
{"target": -6.269467457128404, "params": {"C": 6.587948996011148, "epsilon": 1.7844959544450922, "gamma": 0.0001, "lamda": 0.0001}, "datetime": {"datetime": "2021-09-16 10:58:18", "elapsed": 334.378913, "delta": 0.779511}}
{"target": -5.029350062014608, "params": {"C": 9.929337089789303, "epsilon": 4.579893620610463, "gamma": 1.0, "lamda": 0.0001}, "datetime": {"datetime": "2021-09-16 10:58:19", "elapsed": 335.260918, "delta": 0.882005}}
{"target": -3.170851263980591, "params": {"C": 11.369683765459387, "epsilon": 2.2816449587185565, "gamma": 0.2311769606700684, "lamda": 2.055282428827607}, "datetime": {"datetime": "2021-09-16 10:58:20", "elapsed": 336.117531, "delta": 0.856613}}
{"target": -5.2226964369003195, "params": {"C": 22.296345032442396, "epsilon": 10.688691739733017, "gamma": 0.0001, "lamda": 0.0001}, "datetime": {"datetime": "2021-09-16 10:58:21", "elapsed": 336.996531, "delta": 0.879}}
{"target": -5.931419271779023, "params": {"C": 2.5645646982198995, "epsilon": 2.9833749040390667, "gamma": 1.0, "lamda": 1.907226076842584}, "datetime": {"datetime": "2021-09-16 10:58:22", "elapsed": 338.01871, "delta": 1.022179}}
{"target": -7.505337581639327, "params": {"C": 0.1, "epsilon": 6.145444497749151, "gamma": 0.0001, "lamda": 5.0}, "datetime": {"datetime": "2021-09-16 10:58:22", "elapsed": 338.817712, "delta": 0.799002}}
{"target": -2.720295525406299, "params": {"C": 24.275596292377358, "epsilon": 2.705682157189401, "gamma": 0.2737880790092136, "lamda": 0.12175118719486266}, "datetime": {"datetime": "2021-09-16 10:58:23", "elapsed": 339.607739, "delta": 0.790027}}
{"target": -7.413505114477676, "params": {"C": 0.1, "epsilon": 20.0, "gamma": 1.0, "lamda": 5.0}, "datetime": {"datetime": "2021-09-16 10:58:24", "elapsed": 340.437955, "delta": 0.830216}}
{"target": -5.933133112457245, "params": {"C": 10.280030998012736, "epsilon": 0.1, "gamma": 0.0001, "lamda": 2.42246961251499}, "datetime": {"datetime": "2021-09-16 10:58:25", "elapsed": 341.432592, "delta": 0.994637}}
{"target": -2.5741203544774796, "params": {"C": 10.301671332606658, "epsilon": 2.247337418745952, "gamma": 0.014639763106151038, "lamda": 0.06319289925659669}, "datetime": {"datetime": "2021-09-16 10:58:26", "elapsed": 342.30191, "delta": 0.869318}}
{"target": -7.413505113767104, "params": {"C": 0.1, "epsilon": 14.806145464042187, "gamma": 1.0, "lamda": 5.0}, "datetime": {"datetime": "2021-09-16 10:58:27", "elapsed": 343.232945, "delta": 0.931035}}
{"target": -6.440062780549239, "params": {"C": 5.463116545690175, "epsilon": 4.460244326827092, "gamma": 0.0001, "lamda": 2.346715201082556}, "datetime": {"datetime": "2021-09-16 10:58:28", "elapsed": 344.004147, "delta": 0.771202}}
{"target": -4.908339947373118, "params": {"C": 11.557462656738478, "epsilon": 2.260949936433543, "gamma": 1.0, "lamda": 5.0}, "datetime": {"datetime": "2021-09-16 10:58:29", "elapsed": 344.844109, "delta": 0.839962}}
{"target": -4.558400373390351, "params": {"C": 22.47250181096494, "epsilon": 0.1, "gamma": 1.0, "lamda": 2.3849300377535085}, "datetime": {"datetime": "2021-09-16 10:58:29", "elapsed": 345.604116, "delta": 0.760007}}
{"target": -4.7021052922241156, "params": {"C": 18.841180731350775, "epsilon": 2.6249145752840843, "gamma": 1.0, "lamda": 1.368168458764275}, "datetime": {"datetime": "2021-09-16 10:58:30", "elapsed": 346.520956, "delta": 0.91684}}
{"target": -4.578755922189614, "params": {"C": 25.281168135646233, "epsilon": 3.8185272142015956, "gamma": 1.0, "lamda": 0.0001}, "datetime": {"datetime": "2021-09-16 10:58:31", "elapsed": 347.395904, "delta": 0.874948}}
{"target": -7.421568953584381, "params": {"C": 27.79233686402823, "epsilon": 2.934256087979144, "gamma": 0.0001, "lamda": 1.7417161406971893}, "datetime": {"datetime": "2021-09-16 10:58:49", "elapsed": 365.574541, "delta": 18.178637}}
{"target": -7.466781817257691, "params": {"C": 22.70272766791427, "epsilon": 2.6211598600568498, "gamma": 0.0001, "lamda": 2.597403432959559}, "datetime": {"datetime": "2021-09-16 10:59:11", "elapsed": 387.149616, "delta": 21.575075}}
{"target": -5.26445613508133, "params": {"C": 21.639174110668986, "epsilon": 7.731245666835782, "gamma": 0.0001, "lamda": 0.0001}, "datetime": {"datetime": "2021-09-16 10:59:12", "elapsed": 388.038617, "delta": 0.889001}}
{"target": -6.848875146032531, "params": {"C": 2.81243003167292, "epsilon": 7.306780537199277, "gamma": 0.0001, "lamda": 0.0001}, "datetime": {"datetime": "2021-09-16 10:59:13", "elapsed": 388.860819, "delta": 0.822202}}
{"target": -7.413494049610515, "params": {"C": 0.1, "epsilon": 15.410361855572088, "gamma": 1.0, "lamda": 0.0001}, "datetime": {"datetime": "2021-09-16 10:59:13", "elapsed": 389.740785, "delta": 0.879966}}
{"target": -11.48036358828902, "params": {"C": 25.916128496000425, "epsilon": 10.528476397618224, "gamma": 0.0001, "lamda": 2.1378961386902944}, "datetime": {"datetime": "2021-09-16 10:59:25", "elapsed": 401.787361, "delta": 12.046576}}
{"target": -4.853889472341878, "params": {"C": 29.420062607526894, "epsilon": 10.21263954425259, "gamma": 1.0, "lamda": 0.0001}, "datetime": {"datetime": "2021-09-16 10:59:26", "elapsed": 402.548016, "delta": 0.760655}}
{"target": -5.443774311343975, "params": {"C": 5.301526380767127, "epsilon": 9.660187818551305, "gamma": 1.0, "lamda": 5.0}, "datetime": {"datetime": "2021-09-16 10:59:27", "elapsed": 403.421015, "delta": 0.872999}}
{"target": -5.450312289885667, "params": {"C": 5.304285001871785, "epsilon": 10.804589581686182, "gamma": 1.0, "lamda": 0.0001}, "datetime": {"datetime": "2021-09-16 10:59:28", "elapsed": 404.181022, "delta": 0.760007}}
{"target": -6.702851842655948, "params": {"C": 3.5194099511517036, "epsilon": 1.6593008376553735, "gamma": 0.0001, "lamda": 5.0}, "datetime": {"datetime": "2021-09-16 10:59:29", "elapsed": 405.076691, "delta": 0.895669}}
{"target": -4.771210613737679, "params": {"C": 16.39330408021349, "epsilon": 2.5217700092120214, "gamma": 1.0, "lamda": 0.0001}, "datetime": {"datetime": "2021-09-16 10:59:30", "elapsed": 405.942314, "delta": 0.865623}}
{"target": -4.346878060797127, "params": {"C": 25.875591877823528, "epsilon": 0.32515014601528563, "gamma": 0.9089436265086005, "lamda": 2.6635284937726054}, "datetime": {"datetime": "2021-09-16 10:59:30", "elapsed": 406.812534, "delta": 0.87022}}
{"target": -7.466387535052963, "params": {"C": 9.706129234776819, "epsilon": 3.6175451120196063, "gamma": 0.0001, "lamda": 1.536173043424889}, "datetime": {"datetime": "2021-09-16 10:59:49", "elapsed": 425.351619, "delta": 18.539085}}
{"target": -4.898402640994054, "params": {"C": 11.439381966887, "epsilon": 1.431354388518903, "gamma": 1.0, "lamda": 0.6644372097004955}, "datetime": {"datetime": "2021-09-16 10:59:50", "elapsed": 426.223198, "delta": 0.871579}}
{"target": -15.239472863142865, "params": {"C": 13.780801751305795, "epsilon": 2.833982108941748, "gamma": 0.06076857875489118, "lamda": 2.62900525774596}, "datetime": {"datetime": "2021-09-16 11:00:02", "elapsed": 438.2456, "delta": 12.022402}}
{"target": -5.115536561268731, "params": {"C": 18.36238785348985, "epsilon": 12.36831398203345, "gamma": 1.0, "lamda": 0.0001}, "datetime": {"datetime": "2021-09-16 11:00:03", "elapsed": 438.971268, "delta": 0.725668}}
{"target": -5.6565629805948, "params": {"C": 3.038485207228483, "epsilon": 11.097694132456331, "gamma": 0.8131444227506954, "lamda": 2.723133085880245}, "datetime": {"datetime": "2021-09-16 11:00:04", "elapsed": 439.938271, "delta": 0.967003}}
{"target": -11.660820125045666, "params": {"C": 18.76364846967061, "epsilon": 10.15142554253999, "gamma": 0.0001, "lamda": 5.0}, "datetime": {"datetime": "2021-09-16 11:00:15", "elapsed": 451.724216, "delta": 11.785945}}
{"target": -21.822037429485516, "params": {"C": 30.0, "epsilon": 20.0, "gamma": 1.0, "lamda": 5.0}, "datetime": {"datetime": "2021-09-16 11:00:35", "elapsed": 471.562392, "delta": 19.838176}}
{"target": -5.541830868474365, "params": {"C": 16.024388254269873, "epsilon": 14.506715072780564, "gamma": 0.0001, "lamda": 0.0001}, "datetime": {"datetime": "2021-09-16 11:00:36", "elapsed": 472.564355, "delta": 1.001963}}
