{"target": -1.9943138141905494, "params": {"C": 45.96895943590814, "epsilon": 9.099880113602065, "gamma": 0.06875105968328464, "lamda": 0.17413507621774718}, "datetime": {"datetime": "2021-09-16 17:01:02", "elapsed": 4107.575132, "delta": 2.132322}}
{"target": -16.15256559218114, "params": {"C": 68.6256465047254, "epsilon": 8.444287926340497, "gamma": 0.059031685871799876, "lamda": 0.5937653268626119}, "datetime": {"datetime": "2021-09-16 17:01:21", "elapsed": 4126.479383, "delta": 18.904251}}
{"target": -14.185920138733806, "params": {"C": 55.45850854967449, "epsilon": 6.635111444754942, "gamma": 0.051616708317349, "lamda": 0.05796794485057755}, "datetime": {"datetime": "2021-09-16 17:01:43", "elapsed": 4148.16398, "delta": 21.684597}}
{"target": -16.520565595497597, "params": {"C": 41.6003967982308, "epsilon": 9.741046912300932, "gamma": 0.06277883178017583, "lamda": 0.39965589296119536}, "datetime": {"datetime": "2021-09-16 17:02:02", "elapsed": 4166.868153, "delta": 18.704173}}
{"target": -15.788617819395563, "params": {"C": 67.50979018856387, "epsilon": 6.205295791218322, "gamma": 0.05738846096164897, "lamda": 0.5118784943077538}, "datetime": {"datetime": "2021-09-16 17:02:21", "elapsed": 4186.313454, "delta": 19.445301}}
{"target": -1.987533059670191, "params": {"C": 55.85637007265488, "epsilon": 10.051280957810775, "gamma": 0.0628354795635761, "lamda": 0.058574177968964636}, "datetime": {"datetime": "2021-09-16 17:02:23", "elapsed": 4188.495367, "delta": 2.181913}}
{"target": -2.100102463217411, "params": {"C": 41.2704072897618, "epsilon": 13.03824475907002, "gamma": 0.05348623092037135, "lamda": 0.010062197455254808}, "datetime": {"datetime": "2021-09-16 17:02:26", "elapsed": 4191.199535, "delta": 2.704168}}
{"target": -20.57913342290361, "params": {"C": 57.38784663425476, "epsilon": 15.941237708627368, "gamma": 0.06236361416801535, "lamda": 0.6835728351527667}, "datetime": {"datetime": "2021-09-16 17:02:45", "elapsed": 4210.454096, "delta": 19.254561}}
{"target": -16.86830760579257, "params": {"C": 62.40249044226164, "epsilon": 9.93791662489928, "gamma": 0.06281546217002751, "lamda": 0.7699739749704064}, "datetime": {"datetime": "2021-09-16 17:03:05", "elapsed": 4229.779184, "delta": 19.325088}}
{"target": -1.9939476373881975, "params": {"C": 46.06752637753936, "epsilon": 9.117935434518108, "gamma": 0.06880376125365548, "lamda": 0.060870627155021076}, "datetime": {"datetime": "2021-09-16 17:03:07", "elapsed": 4231.87852, "delta": 2.099336}}
{"target": -17.68473857227859, "params": {"C": 38.166005312483, "epsilon": 11.215625805144724, "gamma": 0.06026343795183457, "lamda": 0.6037407403097798}, "datetime": {"datetime": "2021-09-16 17:03:26", "elapsed": 4251.329291, "delta": 19.450771}}
{"target": -18.432218343179876, "params": {"C": 59.34768831014452, "epsilon": 13.509218828198337, "gamma": 0.06114701314487688, "lamda": 0.6717354725079051}, "datetime": {"datetime": "2021-09-16 17:03:45", "elapsed": 4270.726104, "delta": 19.396813}}
{"target": -13.46947603277768, "params": {"C": 49.74414894191435, "epsilon": 4.367480292919609, "gamma": 0.06479549942544427, "lamda": 0.41658247807534693}, "datetime": {"datetime": "2021-09-16 17:04:04", "elapsed": 4289.595524, "delta": 18.86942}}
{"target": -19.77963278993361, "params": {"C": 55.009605670006934, "epsilon": 15.722198611260039, "gamma": 0.06951182703626979, "lamda": 0.7675589313356416}, "datetime": {"datetime": "2021-09-16 17:04:24", "elapsed": 4309.203045, "delta": 19.607521}}
{"target": -15.37476790701045, "params": {"C": 47.3854716879808, "epsilon": 5.448207981418556, "gamma": 0.058096729330525, "lamda": 0.04607829055397356}, "datetime": {"datetime": "2021-09-16 17:04:37", "elapsed": 4322.277518, "delta": 13.074473}}
{"target": -2.0105768675683637, "params": {"C": 67.83472887491342, "epsilon": 11.699724219636927, "gamma": 0.061327666917320896, "lamda": 0.009642615071059814}, "datetime": {"datetime": "2021-09-16 17:04:39", "elapsed": 4323.786556, "delta": 1.509038}}
{"target": -2.00719589968619, "params": {"C": 48.85495210590227, "epsilon": 13.467381044468612, "gamma": 0.06609475816577129, "lamda": 0.03732734657572623}, "datetime": {"datetime": "2021-09-16 17:04:41", "elapsed": 4326.605062, "delta": 2.818506}}
{"target": -14.290087014602594, "params": {"C": 65.24002877399363, "epsilon": 5.770480661648962, "gamma": 0.05720218073236511, "lamda": 0.15291675414773465}, "datetime": {"datetime": "2021-09-16 17:05:00", "elapsed": 4344.854403, "delta": 18.249341}}
{"target": -17.44806897484582, "params": {"C": 42.2791028404733, "epsilon": 10.07538515767696, "gamma": 0.05109628910647972, "lamda": 0.0802435243442184}, "datetime": {"datetime": "2021-09-16 17:05:19", "elapsed": 4364.167083, "delta": 19.31268}}
{"target": -18.84848765620606, "params": {"C": 53.96629852309481, "epsilon": 13.135100873992945, "gamma": 0.054840023455244746, "lamda": 0.7120517589549362}, "datetime": {"datetime": "2021-09-16 17:05:38", "elapsed": 4383.429558, "delta": 19.262475}}
{"target": -19.72878551499433, "params": {"C": 65.69633073421392, "epsilon": 14.89398991384227, "gamma": 0.06358233032385498, "lamda": 0.2828799888248144}, "datetime": {"datetime": "2021-09-16 17:05:58", "elapsed": 4403.31743, "delta": 19.887872}}
{"target": -16.847364792336435, "params": {"C": 66.16588609888004, "epsilon": 10.723746743259314, "gamma": 0.06604955842025113, "lamda": 0.43390120116779096}, "datetime": {"datetime": "2021-09-16 17:06:17", "elapsed": 4422.736458, "delta": 19.419028}}
{"target": -16.61258757791889, "params": {"C": 66.58832659140685, "epsilon": 16.252196388976074, "gamma": 0.05837953341780609, "lamda": 0.009921435195967734}, "datetime": {"datetime": "2021-09-16 17:06:29", "elapsed": 4434.148086, "delta": 11.411628}}
{"target": -15.741862425681722, "params": {"C": 46.104263152980764, "epsilon": 6.091892068473542, "gamma": 0.05183396539028913, "lamda": 0.8733467864763916}, "datetime": {"datetime": "2021-09-16 17:06:48", "elapsed": 4453.166854, "delta": 19.018768}}
{"target": -21.116430223860565, "params": {"C": 38.31282807649591, "epsilon": 16.28382426209601, "gamma": 0.05830629063007113, "lamda": 0.19737719586992408}, "datetime": {"datetime": "2021-09-16 17:07:08", "elapsed": 4472.832262, "delta": 19.665408}}
{"target": -13.968483775443014, "params": {"C": 45.98450614219871, "epsilon": 9.143251514074846, "gamma": 0.06318631584082826, "lamda": 0.12088775178616104}, "datetime": {"datetime": "2021-09-16 17:07:28", "elapsed": 4493.251309, "delta": 20.419047}}
{"target": -20.4869136080654, "params": {"C": 44.83006562389795, "epsilon": 15.084174450591272, "gamma": 0.05000649764787899, "lamda": 0.49034831008225827}, "datetime": {"datetime": "2021-09-16 17:07:48", "elapsed": 4513.126835, "delta": 19.875526}}
{"target": -2.0110145437795333, "params": {"C": 42.411504398628054, "epsilon": 5.222412009274405, "gamma": 0.0683561408656489, "lamda": 0.3463101860388321}, "datetime": {"datetime": "2021-09-16 17:07:49", "elapsed": 4514.712585, "delta": 1.58575}}
{"target": -21.130205702418095, "params": {"C": 59.7920015109555, "epsilon": 16.469188491695785, "gamma": 0.054362684400463435, "lamda": 0.836240678130587}, "datetime": {"datetime": "2021-09-16 17:08:09", "elapsed": 4534.451051, "delta": 19.738466}}
{"target": -18.08323853967773, "params": {"C": 51.08791873870594, "epsilon": 11.188611237034724, "gamma": 0.06056641298495526, "lamda": 0.9426621606481815}, "datetime": {"datetime": "2021-09-16 17:08:29", "elapsed": 4553.829126, "delta": 19.378075}}
{"target": -14.556059317878818, "params": {"C": 63.26909559045164, "epsilon": 5.8417977805909285, "gamma": 0.06623932589277551, "lamda": 0.8017931809720567}, "datetime": {"datetime": "2021-09-16 17:08:48", "elapsed": 4573.126814, "delta": 19.297688}}
{"target": -14.99207669667857, "params": {"C": 62.914657440605694, "epsilon": 7.107025856324272, "gamma": 0.06402282285567794, "lamda": 0.17128737036079228}, "datetime": {"datetime": "2021-09-16 17:09:08", "elapsed": 4593.149293, "delta": 20.022479}}
{"target": -16.338690138999148, "params": {"C": 65.82783342425783, "epsilon": 9.06708985684295, "gamma": 0.057194873351913394, "lamda": 0.8613064644496512}, "datetime": {"datetime": "2021-09-16 17:09:27", "elapsed": 4612.683587, "delta": 19.534294}}
{"target": -19.838910472940842, "params": {"C": 56.67550325521918, "epsilon": 15.126624271171567, "gamma": 0.057777997975599134, "lamda": 0.11142709014210787}, "datetime": {"datetime": "2021-09-16 17:09:40", "elapsed": 4625.452068, "delta": 12.768481}}
{"target": -2.053866700568964, "params": {"C": 57.2265035112465, "epsilon": 8.746280752306426, "gamma": 0.06933422250787255, "lamda": 0.03950193328993038}, "datetime": {"datetime": "2021-09-16 17:09:43", "elapsed": 4627.967687, "delta": 2.515619}}
{"target": -18.218497034109365, "params": {"C": 52.936506955151515, "epsilon": 12.050775669789406, "gamma": 0.056591612139519076, "lamda": 0.13758256067766583}, "datetime": {"datetime": "2021-09-16 17:10:03", "elapsed": 4647.806122, "delta": 19.838435}}
{"target": -18.967582316600776, "params": {"C": 66.69750526822145, "epsilon": 12.654797118441714, "gamma": 0.054776992605873424, "lamda": 0.920003231784476}, "datetime": {"datetime": "2021-09-16 17:10:22", "elapsed": 4667.438151, "delta": 19.632029}}
{"target": -14.701173705196382, "params": {"C": 59.595976759331805, "epsilon": 6.253626559173996, "gamma": 0.062237725328191836, "lamda": 0.07433418422033204}, "datetime": {"datetime": "2021-09-16 17:10:42", "elapsed": 4686.966132, "delta": 19.527981}}
{"target": -14.611671789635627, "params": {"C": 59.746799096664034, "epsilon": 9.37500199430189, "gamma": 0.057714322604810527, "lamda": 0.08533638617516756}, "datetime": {"datetime": "2021-09-16 17:11:02", "elapsed": 4706.784556, "delta": 19.818424}}
{"target": -1.9814135170243656, "params": {"C": 52.430856353588034, "epsilon": 11.427464480548354, "gamma": 0.06644163858929632, "lamda": 0.09331979854694986}, "datetime": {"datetime": "2021-09-16 17:11:03", "elapsed": 4708.396261, "delta": 1.611705}}
{"target": -1.9903635736018614, "params": {"C": 51.27403042042822, "epsilon": 7.387166954547661, "gamma": 0.06439768533034221, "lamda": 0.01127389587200062}, "datetime": {"datetime": "2021-09-16 17:11:06", "elapsed": 4710.991254, "delta": 2.594993}}
{"target": -17.529738359865007, "params": {"C": 52.80377155923425, "epsilon": 11.425934540837222, "gamma": 0.058161625308207426, "lamda": 0.292015445478527}, "datetime": {"datetime": "2021-09-16 17:11:25", "elapsed": 4730.371901, "delta": 19.380647}}
{"target": -1.9957404720793226, "params": {"C": 50.85918607869146, "epsilon": 4.007270208733651, "gamma": 0.06425427726709225, "lamda": 0.002659378557483114}, "datetime": {"datetime": "2021-09-16 17:11:28", "elapsed": 4733.409626, "delta": 3.037725}}
{"target": -2.0187620270538735, "params": {"C": 41.2418751490567, "epsilon": 13.002099103007101, "gamma": 0.06864041529765186, "lamda": 0.023496263435760563}, "datetime": {"datetime": "2021-09-16 17:11:31", "elapsed": 4736.484391, "delta": 3.074765}}
{"target": -19.5307503058437, "params": {"C": 45.61031114114942, "epsilon": 14.282773861499862, "gamma": 0.05954003879726047, "lamda": 0.8171456179384057}, "datetime": {"datetime": "2021-09-16 17:11:51", "elapsed": 4755.952407, "delta": 19.468016}}
{"target": -13.684816294977164, "params": {"C": 66.68326730258497, "epsilon": 8.98868907471396, "gamma": 0.05855306280331665, "lamda": 0.30253050388365715}, "datetime": {"datetime": "2021-09-16 17:12:04", "elapsed": 4768.805074, "delta": 12.852667}}
{"target": -19.579567185636737, "params": {"C": 40.07973651181989, "epsilon": 13.729331891433828, "gamma": 0.05722246321056623, "lamda": 0.8384820690982819}, "datetime": {"datetime": "2021-09-16 17:12:23", "elapsed": 4788.404595, "delta": 19.599521}}
{"target": -20.21734245977064, "params": {"C": 46.73881007994858, "epsilon": 13.996677843561782, "gamma": 0.05157921950966259, "lamda": 0.19168277009716952}, "datetime": {"datetime": "2021-09-16 17:12:42", "elapsed": 4807.75445, "delta": 19.349855}}
{"target": -2.06557852169643, "params": {"C": 59.40958183588191, "epsilon": 10.223460637939368, "gamma": 0.06996146932268664, "lamda": 0.054445667545253894}, "datetime": {"datetime": "2021-09-16 17:12:45", "elapsed": 4810.407781, "delta": 2.653331}}
{"target": -17.571984195487826, "params": {"C": 37.58224159540044, "epsilon": 10.720425149086427, "gamma": 0.05783119905184585, "lamda": 0.8318391441289915}, "datetime": {"datetime": "2021-09-16 17:13:05", "elapsed": 4830.512657, "delta": 20.104876}}
{"target": -2.0785178206816575, "params": {"C": 67.88808544200154, "epsilon": 11.675719087257919, "gamma": 0.0689607098070777, "lamda": 0.057184453320902356}, "datetime": {"datetime": "2021-09-16 17:13:08", "elapsed": 4833.226258, "delta": 2.713601}}
{"target": -15.71346607220945, "params": {"C": 57.38322658183947, "epsilon": 8.73814414521793, "gamma": 0.053310586023254856, "lamda": 0.06944470928660695}, "datetime": {"datetime": "2021-09-16 17:13:22", "elapsed": 4847.189851, "delta": 13.963593}}
{"target": -14.937573602383159, "params": {"C": 53.541017192884915, "epsilon": 7.06836334309835, "gamma": 0.06107038884401495, "lamda": 0.04245046744341088}, "datetime": {"datetime": "2021-09-16 17:13:43", "elapsed": 4868.231443, "delta": 21.041592}}
{"target": -12.446583546764009, "params": {"C": 45.974232526051836, "epsilon": 9.062003968890918, "gamma": 0.060667196764904736, "lamda": 0.1436845135164299}, "datetime": {"datetime": "2021-09-16 17:13:56", "elapsed": 4881.744167, "delta": 13.512724}}
{"target": -16.495140012375206, "params": {"C": 39.896448782582084, "epsilon": 8.390326619940698, "gamma": 0.05152967016338172, "lamda": 0.608738907830276}, "datetime": {"datetime": "2021-09-16 17:14:16", "elapsed": 4901.344409, "delta": 19.600242}}
{"target": -20.425827720013057, "params": {"C": 51.227565023151584, "epsilon": 16.031672873275774, "gamma": 0.06253983172240374, "lamda": 0.10266384751935884}, "datetime": {"datetime": "2021-09-16 17:14:29", "elapsed": 4914.133204, "delta": 12.788795}}
{"target": -2.053756162989332, "params": {"C": 54.60656318453067, "epsilon": 8.619569309062564, "gamma": 0.06720957238426449, "lamda": 0.013239777252486339}, "datetime": {"datetime": "2021-09-16 17:14:33", "elapsed": 4917.814187, "delta": 3.680983}}
{"target": -20.249700686748128, "params": {"C": 47.22451891583551, "epsilon": 14.712854188268517, "gamma": 0.05662238466755111, "lamda": 0.37543631102420116}, "datetime": {"datetime": "2021-09-16 17:14:52", "elapsed": 4937.619676, "delta": 19.805489}}
{"target": -13.963785967456019, "params": {"C": 59.41722016988537, "epsilon": 4.730641636062914, "gamma": 0.05773395397705655, "lamda": 0.5160109425984396}, "datetime": {"datetime": "2021-09-16 17:15:05", "elapsed": 4950.155687, "delta": 12.536011}}
{"target": -15.624465600780821, "params": {"C": 51.50951846240406, "epsilon": 7.931591171791059, "gamma": 0.05343618634259337, "lamda": 0.33127121338618515}, "datetime": {"datetime": "2021-09-16 17:15:24", "elapsed": 4969.552606, "delta": 19.396919}}
{"target": -2.0760574638510416, "params": {"C": 48.89123317669497, "epsilon": 13.493068930724931, "gamma": 0.05759218775039094, "lamda": 0.04803061873806882}, "datetime": {"datetime": "2021-09-16 17:15:27", "elapsed": 4972.471074, "delta": 2.918468}}
{"target": -2.0355049850661984, "params": {"C": 47.331929159083025, "epsilon": 5.455017239917964, "gamma": 0.05627544112344932, "lamda": 0.007802252984509624}, "datetime": {"datetime": "2021-09-16 17:15:30", "elapsed": 4975.268393, "delta": 2.797319}}
{"target": -15.33618474565728, "params": {"C": 45.93855112735035, "epsilon": 9.103472466473256, "gamma": 0.0674977412601085, "lamda": 0.19775706383990213}, "datetime": {"datetime": "2021-09-16 17:15:44", "elapsed": 4989.375113, "delta": 14.10672}}
{"target": -14.74060701567716, "params": {"C": 46.08811407708862, "epsilon": 9.109272800890754, "gamma": 0.05888039673461773, "lamda": 0.09176144613413159}, "datetime": {"datetime": "2021-09-16 17:15:55", "elapsed": 4999.851164, "delta": 10.476051}}
{"target": -17.20540476673889, "params": {"C": 65.68471276255137, "epsilon": 9.205620575199966, "gamma": 0.05350899911762179, "lamda": 0.5628089063563775}, "datetime": {"datetime": "2021-09-16 17:16:14", "elapsed": 5019.170823, "delta": 19.319659}}
{"target": -13.975542273808784, "params": {"C": 59.62834609038894, "epsilon": 9.416000447802631, "gamma": 0.067153721020529, "lamda": 0.1540984968225763}, "datetime": {"datetime": "2021-09-16 17:16:27", "elapsed": 5032.182829, "delta": 13.012006}}
{"target": -2.0186795983198307, "params": {"C": 42.30479804286222, "epsilon": 5.090420526596636, "gamma": 0.07, "lamda": 0.35752255504519076}, "datetime": {"datetime": "2021-09-16 17:16:31", "elapsed": 5035.803388, "delta": 3.620559}}
{"target": -15.254376208041139, "params": {"C": 57.2150852321512, "epsilon": 8.781381208019216, "gamma": 0.06526388839041843, "lamda": 0.031683002656123484}, "datetime": {"datetime": "2021-09-16 17:16:44", "elapsed": 5049.377519, "delta": 13.574131}}
{"target": -14.692040770636194, "params": {"C": 59.35075418894982, "epsilon": 10.104862919309038, "gamma": 0.06124119505103712, "lamda": 0.09596502059324977}, "datetime": {"datetime": "2021-09-16 17:16:59", "elapsed": 5064.311485, "delta": 14.933966}}
{"target": -18.88087560704934, "params": {"C": 43.458402145603564, "epsilon": 12.307834066019565, "gamma": 0.06021297791589754, "lamda": 0.46101014809813273}, "datetime": {"datetime": "2021-09-16 17:17:19", "elapsed": 5083.862839, "delta": 19.551354}}
{"target": -1.9674058078707033, "params": {"C": 59.460536379016474, "epsilon": 10.243896573037803, "gamma": 0.0611384544843622, "lamda": 0.042917948431811466}, "datetime": {"datetime": "2021-09-16 17:17:22", "elapsed": 5086.973685, "delta": 3.110846}}
{"target": -18.076420402578727, "params": {"C": 67.85379291726285, "epsilon": 10.465787986925937, "gamma": 0.05114076590113105, "lamda": 0.316125923601113}, "datetime": {"datetime": "2021-09-16 17:17:41", "elapsed": 5106.556256, "delta": 19.582571}}
{"target": -17.295987916661986, "params": {"C": 54.91227803667085, "epsilon": 11.145056792130212, "gamma": 0.05942814244597304, "lamda": 0.7484056768719137}, "datetime": {"datetime": "2021-09-16 17:18:01", "elapsed": 5126.558527, "delta": 20.002271}}
{"target": -15.393857005891794, "params": {"C": 51.24669580570134, "epsilon": 7.35580714998323, "gamma": 0.05497157413260488, "lamda": 0.037800881116822796}, "datetime": {"datetime": "2021-09-16 17:18:15", "elapsed": 5140.768354, "delta": 14.209827}}
{"target": -14.528592150341016, "params": {"C": 67.82643553510067, "epsilon": 4.035376379391419, "gamma": 0.06799703565297875, "lamda": 0.3644529030838559}, "datetime": {"datetime": "2021-09-16 17:18:30", "elapsed": 5155.173954, "delta": 14.4056}}
{"target": -19.121830518914336, "params": {"C": 51.784141148700584, "epsilon": 14.27958168644049, "gamma": 0.06563644770845047, "lamda": 0.36044091168471565}, "datetime": {"datetime": "2021-09-16 17:18:50", "elapsed": 5174.883759, "delta": 19.709805}}
{"target": -15.280931163971253, "params": {"C": 47.325647010775995, "epsilon": 7.458167190615255, "gamma": 0.054141028325572785, "lamda": 0.017529811234252464}, "datetime": {"datetime": "2021-09-16 17:19:04", "elapsed": 5189.367549, "delta": 14.48379}}
{"target": -1.996968298566695, "params": {"C": 59.50285492021246, "epsilon": 10.198097459213251, "gamma": 0.06289210783200817, "lamda": 0.012856578270525276}, "datetime": {"datetime": "2021-09-16 17:19:07", "elapsed": 5192.600284, "delta": 3.232735}}
{"target": -1.9899687307215546, "params": {"C": 48.90717182769305, "epsilon": 13.422760926345486, "gamma": 0.0688926251227902, "lamda": 0.09306909909467455}, "datetime": {"datetime": "2021-09-16 17:19:10", "elapsed": 5195.618436, "delta": 3.018152}}
{"target": -2.05366889913056, "params": {"C": 54.70426776285365, "epsilon": 8.65922230129583, "gamma": 0.06709274082750455, "lamda": 0.08746624653915032}, "datetime": {"datetime": "2021-09-16 17:19:14", "elapsed": 5198.828511, "delta": 3.210075}}
{"target": -14.746878085078475, "params": {"C": 59.58378505519195, "epsilon": 6.37886175955906, "gamma": 0.058572404858608, "lamda": 0.09142121008734186}, "datetime": {"datetime": "2021-09-16 17:19:35", "elapsed": 5220.721526, "delta": 21.893015}}
{"target": -15.014055304895535, "params": {"C": 56.329844737293946, "epsilon": 8.36956537105832, "gamma": 0.0566187370927176, "lamda": 0.05633915214152787}, "datetime": {"datetime": "2021-09-16 17:19:50", "elapsed": 5235.004036, "delta": 14.28251}}
{"target": -15.871506222470604, "params": {"C": 59.94486799572864, "epsilon": 4.403444827618644, "gamma": 0.0553427979940431, "lamda": 0.582257461942004}, "datetime": {"datetime": "2021-09-16 17:20:09", "elapsed": 5254.718393, "delta": 19.714357}}
{"target": -17.8217779544918, "params": {"C": 50.676806163967456, "epsilon": 11.225983956322619, "gamma": 0.05882871937892527, "lamda": 0.373357690766098}, "datetime": {"datetime": "2021-09-16 17:20:30", "elapsed": 5274.848225, "delta": 20.129832}}
{"target": -20.486524218208377, "params": {"C": 54.17448410345663, "epsilon": 13.92356942786374, "gamma": 0.0500022874963469, "lamda": 0.3058209097686806}, "datetime": {"datetime": "2021-09-17 07:47:47", "elapsed": 0.0, "delta": 0.0}}
{"target": -16.750043333458542, "params": {"C": 48.228629597976486, "epsilon": 7.015724542456776, "gamma": 0.05372520422755342, "lamda": 0.3488329234078325}, "datetime": {"datetime": "2021-09-17 07:48:09", "elapsed": 21.963385, "delta": 21.963385}}
{"target": -17.759312432072488, "params": {"C": 53.72888443307474, "epsilon": 11.926984074036927, "gamma": 0.0583838902880659, "lamda": 0.6867934028947758}, "datetime": {"datetime": "2021-09-17 07:48:31", "elapsed": 44.779983, "delta": 22.816598}}
{"target": -20.943056660179813, "params": {"C": 49.49794949409338, "epsilon": 15.6592918003004, "gamma": 0.050547751863958525, "lamda": 0.6721151726275102}, "datetime": {"datetime": "2021-09-17 07:48:58", "elapsed": 71.745161, "delta": 26.965178}}
