{"target": -3.7588629135601312, "params": {"C": 168.10159537005987, "epsilon": 0.6721297413213205, "gamma": 0.03, "lamda": 0.4}, "datetime": {"datetime": "2021-09-23 14:06:09", "elapsed": 827.688571, "delta": 11.723117}}
{"target": -3.653662207284765, "params": {"C": 161.36517374108504, "epsilon": 0.5395910737302317, "gamma": 0.03, "lamda": 0.4}, "datetime": {"datetime": "2021-09-23 14:06:21", "elapsed": 839.296288, "delta": 11.607717}}
{"target": 0.7902218563256149, "params": {"C": 161.9709615631344, "epsilon": 0.6748688895536685, "gamma": 0.30041013140641726, "lamda": 0.017253621988638446}, "datetime": {"datetime": "2021-09-23 14:06:23", "elapsed": 841.233277, "delta": 1.936989}}
{"target": 0.7617224363874624, "params": {"C": 182.84895555310206, "epsilon": 0.8576983130242897, "gamma": 0.3649401181188159, "lamda": 0.001}, "datetime": {"datetime": "2021-09-23 14:06:25", "elapsed": 843.066795, "delta": 1.833518}}
{"target": 0.6373373533058599, "params": {"C": 167.0678317249745, "epsilon": 0.6382872550399802, "gamma": 0.6694526719596205, "lamda": 0.008949603825385368}, "datetime": {"datetime": "2021-09-23 14:06:26", "elapsed": 844.244772, "delta": 1.177977}}
{"target": 0.857615025276121, "params": {"C": 162.10207406745707, "epsilon": 0.08022958337345618, "gamma": 0.1711271885766973, "lamda": 0.02280592405097081}, "datetime": {"datetime": "2021-09-23 14:06:28", "elapsed": 845.926427, "delta": 1.681655}}
{"target": 0.7665577629090063, "params": {"C": 161.32830177755744, "epsilon": 0.6552598608494881, "gamma": 0.3545408344746437, "lamda": 0.04482591160572605}, "datetime": {"datetime": "2021-09-23 14:06:29", "elapsed": 847.139426, "delta": 1.212999}}
{"target": 0.6411970840195775, "params": {"C": 160.99545344649948, "epsilon": 0.9342796838901221, "gamma": 0.6586159232280603, "lamda": 0.09033990025055001}, "datetime": {"datetime": "2021-09-23 14:06:31", "elapsed": 849.166452, "delta": 2.027026}}
{"target": 0.7286328762776746, "params": {"C": 162.19542889461312, "epsilon": 1.0, "gamma": 0.44115998227556363, "lamda": 0.4}, "datetime": {"datetime": "2021-09-23 14:06:33", "elapsed": 851.240977, "delta": 2.074525}}
{"target": 0.8473834685733079, "params": {"C": 200.0, "epsilon": 0.5289346849532909, "gamma": 0.18165139035989078, "lamda": 0.2784841886316691}, "datetime": {"datetime": "2021-09-23 14:06:35", "elapsed": 853.122977, "delta": 1.882}}
{"target": 0.7199024332060978, "params": {"C": 168.44050829279576, "epsilon": 0.07170962035102948, "gamma": 0.4601742096351932, "lamda": 0.007457983121482145}, "datetime": {"datetime": "2021-09-23 14:06:37", "elapsed": 855.184972, "delta": 2.061995}}
{"target": 0.7138137892571008, "params": {"C": 148.88839802017122, "epsilon": 0.06266578521487269, "gamma": 0.475368266900403, "lamda": 0.3197623223910071}, "datetime": {"datetime": "2021-09-23 14:06:38", "elapsed": 856.436976, "delta": 1.252004}}
{"target": 0.6749636159283198, "params": {"C": 175.98738848654904, "epsilon": 0.542433184956681, "gamma": 0.5670218780781165, "lamda": 0.1612844200684688}, "datetime": {"datetime": "2021-09-23 14:06:39", "elapsed": 857.74668, "delta": 1.309704}}
{"target": 0.909806894631818, "params": {"C": 133.14077360379093, "epsilon": 0.9932950522219829, "gamma": 0.07297269507671147, "lamda": 0.043234176820351466}, "datetime": {"datetime": "2021-09-23 14:06:42", "elapsed": 859.910893, "delta": 2.164213}}
{"target": 0.736747486538939, "params": {"C": 121.44456052017992, "epsilon": 0.9621356194341284, "gamma": 0.42410024491096787, "lamda": 0.17025525346806542}, "datetime": {"datetime": "2021-09-23 14:06:44", "elapsed": 862.086586, "delta": 2.175693}}
{"target": 0.903444472045803, "params": {"C": 167.7364076670467, "epsilon": 0.08530352371003827, "gamma": 0.09314526484164161, "lamda": 0.02556843115180195}, "datetime": {"datetime": "2021-09-23 14:06:46", "elapsed": 864.243856, "delta": 2.15727}}
{"target": 0.5850225311903613, "params": {"C": 155.21023672384192, "epsilon": 0.6945625420042343, "gamma": 0.8333433298588042, "lamda": 0.05250561689643652}, "datetime": {"datetime": "2021-09-23 14:06:48", "elapsed": 866.582362, "delta": 2.338506}}
{"target": 0.7082823929537635, "params": {"C": 197.49674283733543, "epsilon": 0.5970948438321114, "gamma": 0.48606013574209006, "lamda": 0.38600005321505204}, "datetime": {"datetime": "2021-09-23 14:06:50", "elapsed": 868.48736, "delta": 1.904998}}
{"target": 0.5759295748698035, "params": {"C": 168.29420012453141, "epsilon": 0.6480541407866676, "gamma": 0.8641744285578601, "lamda": 0.05733174011864919}, "datetime": {"datetime": "2021-09-23 14:06:52", "elapsed": 870.830652, "delta": 2.343292}}
{"target": 0.7437777930790995, "params": {"C": 154.83088585289585, "epsilon": 0.7681827875413865, "gamma": 0.40667885945973936, "lamda": 0.021003936774067488}, "datetime": {"datetime": "2021-09-23 14:06:54", "elapsed": 872.751111, "delta": 1.920459}}
{"target": 0.6056340008377441, "params": {"C": 162.3463398574981, "epsilon": 0.4819921257465861, "gamma": 0.7647655890051441, "lamda": 0.30473691415270376}, "datetime": {"datetime": "2021-09-23 14:06:56", "elapsed": 874.027534, "delta": 1.276423}}
{"target": 0.6943669941186326, "params": {"C": 183.0640014341031, "epsilon": 0.32794736056175067, "gamma": 0.5192658745626576, "lamda": 0.047080341380074574}, "datetime": {"datetime": "2021-09-23 14:06:58", "elapsed": 875.967454, "delta": 1.93992}}
{"target": 0.5759204858175149, "params": {"C": 140.4847565283274, "epsilon": 0.5599803674900484, "gamma": 0.8638260075331924, "lamda": 0.020272646409082534}, "datetime": {"datetime": "2021-09-23 14:07:00", "elapsed": 878.570422, "delta": 2.602968}}
{"target": 0.8994576122458797, "params": {"C": 127.20817791800701, "epsilon": 0.4880633870642481, "gamma": 0.03, "lamda": 0.001}, "datetime": {"datetime": "2021-09-23 14:07:02", "elapsed": 880.515918, "delta": 1.945496}}
{"target": 0.5728208299879507, "params": {"C": 142.91620104158108, "epsilon": 0.9324299109343333, "gamma": 0.8769615775190999, "lamda": 0.03281548177703328}, "datetime": {"datetime": "2021-09-23 14:07:05", "elapsed": 883.029465, "delta": 2.513547}}
{"target": 0.7366640916805862, "params": {"C": 182.33201918555886, "epsilon": 0.0817480956233979, "gamma": 0.42146473767088555, "lamda": 0.3940758048072373}, "datetime": {"datetime": "2021-09-23 14:07:07", "elapsed": 884.913467, "delta": 1.884002}}
{"target": 0.6833064961802865, "params": {"C": 130.3228280371746, "epsilon": 0.41141667078889543, "gamma": 0.5492285537999274, "lamda": 0.27796289631313376}, "datetime": {"datetime": "2021-09-23 14:07:08", "elapsed": 886.206466, "delta": 1.292999}}
{"target": 0.8907894290983802, "params": {"C": 199.3907586119359, "epsilon": 1.0, "gamma": 0.11794072616260927, "lamda": 0.001}, "datetime": {"datetime": "2021-09-23 14:07:10", "elapsed": 888.108218, "delta": 1.901752}}
{"target": 0.9122262787538696, "params": {"C": 125.74059380272661, "epsilon": 0.3586942908775965, "gamma": 0.06795549741463539, "lamda": 0.002275285806041808}, "datetime": {"datetime": "2021-09-23 14:07:12", "elapsed": 890.189187, "delta": 2.080969}}
{"target": -3.3914610249740145, "params": {"C": 140.19039770882117, "epsilon": 0.05, "gamma": 0.03, "lamda": 0.4}, "datetime": {"datetime": "2021-09-23 14:07:24", "elapsed": 902.131687, "delta": 11.9425}}
{"target": 0.7930069665027297, "params": {"C": 141.14799218405594, "epsilon": 0.2669674459181162, "gamma": 0.29779900844313845, "lamda": 0.003265951935806897}, "datetime": {"datetime": "2021-09-23 14:07:26", "elapsed": 904.060812, "delta": 1.929125}}
{"target": 0.7718851888524435, "params": {"C": 140.57502310153086, "epsilon": 0.8751679583249214, "gamma": 0.3426868913166863, "lamda": 0.06762801194653456}, "datetime": {"datetime": "2021-09-23 14:07:28", "elapsed": 906.173805, "delta": 2.112993}}
{"target": 0.5665964778791535, "params": {"C": 167.8332381708501, "epsilon": 1.0, "gamma": 0.9, "lamda": 0.001}, "datetime": {"datetime": "2021-09-23 14:07:29", "elapsed": 907.789432, "delta": 1.615627}}
{"target": 0.820512216456301, "params": {"C": 177.67321590141145, "epsilon": 0.05189230225314684, "gamma": 0.2362293306715898, "lamda": 0.035601492789087155}, "datetime": {"datetime": "2021-09-23 14:07:31", "elapsed": 909.745823, "delta": 1.956391}}
{"target": 0.5822003809170764, "params": {"C": 136.74691864711318, "epsilon": 0.6763806052613592, "gamma": 0.8428501703296473, "lamda": 0.0781986224354041}, "datetime": {"datetime": "2021-09-23 14:07:33", "elapsed": 910.960468, "delta": 1.214645}}
{"target": 0.5734999670246996, "params": {"C": 143.76848592593325, "epsilon": 0.05, "gamma": 0.8699618186302073, "lamda": 0.4}, "datetime": {"datetime": "2021-09-23 14:07:35", "elapsed": 913.074503, "delta": 2.114035}}
{"target": 0.5665964810204009, "params": {"C": 156.84576344218218, "epsilon": 1.0, "gamma": 0.9, "lamda": 0.4}, "datetime": {"datetime": "2021-09-23 14:07:37", "elapsed": 915.185599, "delta": 2.111096}}
{"target": 0.7098871300041374, "params": {"C": 144.5054322582843, "epsilon": 0.05, "gamma": 0.4847459461749528, "lamda": 0.4}, "datetime": {"datetime": "2021-09-23 14:07:39", "elapsed": 917.46223, "delta": 2.276631}}
{"target": 0.8531729256619213, "params": {"C": 149.6100223338469, "epsilon": 0.05, "gamma": 0.1798610233308414, "lamda": 0.001}, "datetime": {"datetime": "2021-09-23 14:07:41", "elapsed": 919.425908, "delta": 1.963678}}
{"target": 0.6499345345835386, "params": {"C": 167.17024476669073, "epsilon": 0.05, "gamma": 0.6331284360895969, "lamda": 0.001}, "datetime": {"datetime": "2021-09-23 14:07:43", "elapsed": 921.374139, "delta": 1.948231}}
{"target": 0.817781559499904, "params": {"C": 142.91089736384973, "epsilon": 0.055087529101028515, "gamma": 0.24581445860281653, "lamda": 0.025113226193801737}, "datetime": {"datetime": "2021-09-23 14:07:45", "elapsed": 923.37168, "delta": 1.997541}}
{"target": 0.6255272954553595, "params": {"C": 197.2292695077894, "epsilon": 0.05, "gamma": 0.7028041128526402, "lamda": 0.001}, "datetime": {"datetime": "2021-09-23 14:07:47", "elapsed": 925.876313, "delta": 2.504633}}
{"target": 0.5663519767870837, "params": {"C": 130.35247973172287, "epsilon": 0.8401294718979182, "gamma": 0.9, "lamda": 0.4}, "datetime": {"datetime": "2021-09-23 14:07:49", "elapsed": 927.780032, "delta": 1.903719}}
{"target": 0.5650345933237878, "params": {"C": 150.8220621839649, "epsilon": 0.05116899400658874, "gamma": 0.9, "lamda": 0.4}, "datetime": {"datetime": "2021-09-23 14:07:52", "elapsed": 930.111833, "delta": 2.331801}}
{"target": 0.6114149508849984, "params": {"C": 149.42004619159, "epsilon": 0.3363998194531572, "gamma": 0.7462123582460966, "lamda": 0.02346737433300299}, "datetime": {"datetime": "2021-09-23 14:07:54", "elapsed": 931.966682, "delta": 1.854849}}
{"target": 0.645212354142405, "params": {"C": 161.00441322204318, "epsilon": 0.9404175167919129, "gamma": 0.6475167761491794, "lamda": 0.11380457481398665}, "datetime": {"datetime": "2021-09-23 14:07:55", "elapsed": 933.386044, "delta": 1.419362}}
{"target": 0.5662449815583208, "params": {"C": 175.54105246540155, "epsilon": 0.7716835105381079, "gamma": 0.9, "lamda": 0.001}, "datetime": {"datetime": "2021-09-23 14:07:57", "elapsed": 935.326213, "delta": 1.940169}}
{"target": -2.354848282651232, "params": {"C": 181.70565146133967, "epsilon": 0.06971435189143142, "gamma": 0.05534592939705102, "lamda": 0.5992943021483509}, "datetime": {"datetime": "2021-09-23 14:17:45", "elapsed": 0.0, "delta": 0.0}}
{"target": -3.1715389571149917, "params": {"C": 159.88056098420725, "epsilon": 0.26355681325430524, "gamma": 0.03792251459038496, "lamda": 0.6086640390469681}, "datetime": {"datetime": "2021-09-23 14:17:55", "elapsed": 10.797782, "delta": 10.797782}}
{"target": -2.5529360275060227, "params": {"C": 133.52886692500283, "epsilon": 0.13392282346530976, "gamma": 0.0574143927347119, "lamda": 0.7627612836097544}, "datetime": {"datetime": "2021-09-23 14:18:05", "elapsed": 20.59691, "delta": 9.799128}}
{"target": -2.31327596174474, "params": {"C": 183.02877583431672, "epsilon": 0.21339382922031955, "gamma": 0.04813965327885322, "lamda": 0.6267105035385115}, "datetime": {"datetime": "2021-09-23 14:18:16", "elapsed": 30.934949, "delta": 10.338039}}
{"target": 0.9103379822317866, "params": {"C": 200.0, "epsilon": 0.050000000000000044, "gamma": 0.07, "lamda": 0.001}, "datetime": {"datetime": "2021-09-23 14:18:16", "elapsed": 31.575771, "delta": 0.640822}}
{"target": -3.446990156867769, "params": {"C": 196.17715208820914, "epsilon": 1.0, "gamma": 0.03, "lamda": 0.8}, "datetime": {"datetime": "2021-09-23 14:18:26", "elapsed": 41.579407, "delta": 10.003636}}
{"target": -3.4485691936056204, "params": {"C": 199.9481646395422, "epsilon": 0.9649880107818447, "gamma": 0.03837031182584764, "lamda": 0.7480794849959987}, "datetime": {"datetime": "2021-09-23 14:18:37", "elapsed": 52.411751, "delta": 10.832344}}
{"target": -2.3488583726059358, "params": {"C": 183.09652572665527, "epsilon": 0.2679963062093511, "gamma": 0.057611813738185295, "lamda": 0.5479049102539496}, "datetime": {"datetime": "2021-09-23 14:18:48", "elapsed": 62.943749, "delta": 10.531998}}
{"target": 0.910334466285387, "params": {"C": 199.6199215730191, "epsilon": 0.05, "gamma": 0.07, "lamda": 0.001}, "datetime": {"datetime": "2021-09-23 14:18:48", "elapsed": 63.62075, "delta": 0.677001}}
{"target": 0.9103290079407599, "params": {"C": 198.64248460688572, "epsilon": 0.05, "gamma": 0.07, "lamda": 0.001}, "datetime": {"datetime": "2021-09-23 14:18:49", "elapsed": 64.289749, "delta": 0.668999}}
{"target": -3.2134494773637803, "params": {"C": 197.95943547126836, "epsilon": 0.05880361596183113, "gamma": 0.030732168625574104, "lamda": 0.7804346120243599}, "datetime": {"datetime": "2021-09-23 14:19:00", "elapsed": 74.895748, "delta": 10.605999}}
{"target": 0.918270180175367, "params": {"C": 198.85873174674413, "epsilon": 0.5652287425330786, "gamma": 0.05260586633764147, "lamda": 0.01932361192504924}, "datetime": {"datetime": "2021-09-23 14:19:00", "elapsed": 75.62675, "delta": 0.731002}}
{"target": 0.9129856019442003, "params": {"C": 120.01770397894751, "epsilon": 0.7372735023659741, "gamma": 0.06227219716021647, "lamda": 0.03774919158833763}, "datetime": {"datetime": "2021-09-23 14:19:01", "elapsed": 76.194749, "delta": 0.567999}}
{"target": -1.8635074564266274, "params": {"C": 121.04800648454088, "epsilon": 0.9882479869509447, "gamma": 0.06953016546376202, "lamda": 0.49047687255399025}, "datetime": {"datetime": "2021-09-23 14:19:12", "elapsed": 87.118748, "delta": 10.923999}}
{"target": -3.1394757990736615, "params": {"C": 120.14799700439836, "epsilon": 0.06612615975909708, "gamma": 0.04665753499369471, "lamda": 0.5077840967633784}, "datetime": {"datetime": "2021-09-23 14:19:30", "elapsed": 105.090737, "delta": 17.971989}}
{"target": -3.2548004852210806, "params": {"C": 199.0509603432822, "epsilon": 0.09899102359089222, "gamma": 0.03945573609034231, "lamda": 0.35284201910750557}, "datetime": {"datetime": "2021-09-23 14:19:40", "elapsed": 115.411659, "delta": 10.320922}}
{"target": 0.910298781246858, "params": {"C": 198.51719594046804, "epsilon": 0.40518317534728787, "gamma": 0.07, "lamda": 0.001}, "datetime": {"datetime": "2021-09-23 14:19:41", "elapsed": 115.920216, "delta": 0.508557}}
{"target": -3.5104122959301955, "params": {"C": 142.3186263305765, "epsilon": 0.49368484341471836, "gamma": 0.035802915816195324, "lamda": 0.4701798270449669}, "datetime": {"datetime": "2021-09-23 14:19:51", "elapsed": 126.074338, "delta": 10.154122}}
{"target": -2.962728681305993, "params": {"C": 170.18797733360225, "epsilon": 0.8437574732935135, "gamma": 0.05000715617657997, "lamda": 0.48058567809119784}, "datetime": {"datetime": "2021-09-23 14:20:01", "elapsed": 136.323057, "delta": 10.248719}}
{"target": 0.9185412790545631, "params": {"C": 198.62832328215376, "epsilon": 0.060778639867868245, "gamma": 0.04729618517239254, "lamda": 0.018149427710856064}, "datetime": {"datetime": "2021-09-23 14:20:01", "elapsed": 136.752048, "delta": 0.428991}}
{"target": -3.1939134825041195, "params": {"C": 198.41765506908766, "epsilon": 0.9248104540419122, "gamma": 0.04468158217732258, "lamda": 0.041680025323525015}, "datetime": {"datetime": "2021-09-23 14:20:13", "elapsed": 147.927274, "delta": 11.175226}}
{"target": -3.413690866893763, "params": {"C": 157.55291870930884, "epsilon": 0.9689368953430691, "gamma": 0.047884000098412274, "lamda": 0.12864828696876632}, "datetime": {"datetime": "2021-09-23 14:20:23", "elapsed": 158.609763, "delta": 10.682489}}
{"target": -3.42366084279781, "params": {"C": 199.82798869911875, "epsilon": 0.3789670996014109, "gamma": 0.03401327180997118, "lamda": 0.08538371341300104}, "datetime": {"datetime": "2021-09-23 14:20:34", "elapsed": 169.002149, "delta": 10.392386}}
{"target": -1.747196652754754, "params": {"C": 144.84248960589247, "epsilon": 0.368570332275799, "gamma": 0.06987243695319167, "lamda": 0.3588076160683513}, "datetime": {"datetime": "2021-09-23 14:20:44", "elapsed": 179.308376, "delta": 10.306227}}
{"target": -3.61848046644758, "params": {"C": 120.21125304975021, "epsilon": 0.9283152214052379, "gamma": 0.035126787820055905, "lamda": 0.14419100287081404}, "datetime": {"datetime": "2021-09-23 14:20:54", "elapsed": 189.73766, "delta": 10.429284}}
{"target": 0.9149013915513189, "params": {"C": 198.83752679301386, "epsilon": 0.3283305261545156, "gamma": 0.06222221033415931, "lamda": 0.09484047317082421}, "datetime": {"datetime": "2021-09-23 14:20:55", "elapsed": 190.321634, "delta": 0.583974}}
{"target": -2.804106086444414, "params": {"C": 176.77692074812995, "epsilon": 0.24775924691265938, "gamma": 0.05560010074051425, "lamda": 0.5232705757276966}, "datetime": {"datetime": "2021-09-23 14:21:06", "elapsed": 201.189348, "delta": 10.867714}}
{"target": -1.9605118546296856, "params": {"C": 167.36687626584637, "epsilon": 0.7892625696438724, "gamma": 0.0634704292143483, "lamda": 0.5082331846670545}, "datetime": {"datetime": "2021-09-23 14:21:17", "elapsed": 212.341465, "delta": 11.152117}}
{"target": 0.9019429465343765, "params": {"C": 142.9002822997244, "epsilon": 0.5021901069003263, "gamma": 0.030237385722834187, "lamda": 0.010835772641994496}, "datetime": {"datetime": "2021-09-23 14:21:17", "elapsed": 212.840464, "delta": 0.498999}}
{"target": -1.9421490867725462, "params": {"C": 198.6056708964851, "epsilon": 0.45695450419430855, "gamma": 0.06845952248856768, "lamda": 0.24117995827997063}, "datetime": {"datetime": "2021-09-23 14:21:28", "elapsed": 223.556827, "delta": 10.716363}}
{"target": 0.9137946375976232, "params": {"C": 198.32241760753496, "epsilon": 0.18515016814535484, "gamma": 0.06409742455796363, "lamda": 0.031549877903226484}, "datetime": {"datetime": "2021-09-23 14:21:29", "elapsed": 224.155399, "delta": 0.598572}}
{"target": -3.070610075464457, "params": {"C": 198.67067841678897, "epsilon": 0.3036736340220472, "gamma": 0.0359895097110421, "lamda": 0.016458650610030923}, "datetime": {"datetime": "2021-09-23 14:21:40", "elapsed": 235.395051, "delta": 11.239652}}
{"target": -1.8916268558975404, "params": {"C": 198.89341648061645, "epsilon": 0.5391868508236449, "gamma": 0.06861301287711698, "lamda": 0.11217174523566914}, "datetime": {"datetime": "2021-09-23 14:21:50", "elapsed": 245.7639, "delta": 10.368849}}
{"target": -3.086212931401408, "params": {"C": 121.55696350479074, "epsilon": 0.6864122259010831, "gamma": 0.04213713412884984, "lamda": 0.7742001709714715}, "datetime": {"datetime": "2021-09-23 14:22:08", "elapsed": 263.23163, "delta": 17.46773}}
{"target": -2.444144671324189, "params": {"C": 198.3054679037577, "epsilon": 0.14391296865930062, "gamma": 0.05591010725597066, "lamda": 0.11867939358698752}, "datetime": {"datetime": "2021-09-23 14:22:19", "elapsed": 274.844011, "delta": 11.612381}}
{"target": 0.9113105534252061, "params": {"C": 120.0, "epsilon": 0.6870057393167378, "gamma": 0.06945371519982935, "lamda": 0.00986783007535648}, "datetime": {"datetime": "2021-09-23 14:22:20", "elapsed": 275.701009, "delta": 0.856998}}
{"target": -2.0717189345800557, "params": {"C": 171.2572279075244, "epsilon": 0.11303776685667377, "gamma": 0.06254529379683049, "lamda": 0.7186856711903636}, "datetime": {"datetime": "2021-09-23 14:22:30", "elapsed": 285.706622, "delta": 10.005613}}
{"target": 0.9114326031588147, "params": {"C": 198.38721204818395, "epsilon": 0.20273066867403594, "gamma": 0.0336806511126696, "lamda": 0.009130995866674551}, "datetime": {"datetime": "2021-09-23 14:22:31", "elapsed": 286.285309, "delta": 0.578687}}
{"target": -1.7642767505438646, "params": {"C": 132.29444125282043, "epsilon": 0.8035269783031415, "gamma": 0.06705664711082224, "lamda": 0.18640321168848917}, "datetime": {"datetime": "2021-09-23 14:22:41", "elapsed": 296.485931, "delta": 10.200622}}
{"target": 0.914866420756776, "params": {"C": 142.88397165451693, "epsilon": 0.4811573145437137, "gamma": 0.06208461986999489, "lamda": 0.0927386658676348}, "datetime": {"datetime": "2021-09-23 14:22:42", "elapsed": 297.046934, "delta": 0.561003}}
{"target": 0.9109635197024131, "params": {"C": 198.47037123221145, "epsilon": 0.42672043671211096, "gamma": 0.0681936009062109, "lamda": 0.09012492571657985}, "datetime": {"datetime": "2021-09-23 14:22:42", "elapsed": 297.678933, "delta": 0.631999}}
{"target": -2.922371943417797, "params": {"C": 142.92500267164482, "epsilon": 0.3917965679591732, "gamma": 0.038723407737813166, "lamda": 0.03623498083625783}, "datetime": {"datetime": "2021-09-23 14:22:53", "elapsed": 308.786462, "delta": 11.107529}}
{"target": -2.3402591839680804, "params": {"C": 187.57378430464843, "epsilon": 0.72910725461013, "gamma": 0.060396283574222, "lamda": 0.22820108082611554}, "datetime": {"datetime": "2021-09-23 14:23:04", "elapsed": 319.661465, "delta": 10.875003}}
{"target": 0.9110092381748442, "params": {"C": 198.4036584570384, "epsilon": 0.4074588230621871, "gamma": 0.06804183360165925, "lamda": 0.023217290435949247}, "datetime": {"datetime": "2021-09-23 14:23:05", "elapsed": 320.205504, "delta": 0.544039}}
