{"target": -8.771215149301486, "params": {"C": 16.765222766987034, "epsilon": 4.75443044148998, "gamma": 0.8743288974299512, "lamda": 4.876120539265034}, "datetime": {"datetime": "2021-09-16 11:00:55", "elapsed": 491.393638, "delta": 18.829283}}
{"target": -4.530201536825789, "params": {"C": 26.020850315317293, "epsilon": 2.8146181217539548, "gamma": 1.0, "lamda": 5.0}, "datetime": {"datetime": "2021-09-16 11:00:56", "elapsed": 492.374595, "delta": 0.980957}}
{"target": -6.189364460869851, "params": {"C": 7.46790585236226, "epsilon": 8.634182365488478, "gamma": 0.0001, "lamda": 0.0001}, "datetime": {"datetime": "2021-09-16 11:00:57", "elapsed": 493.303309, "delta": 0.928714}}
{"target": -11.07852489229056, "params": {"C": 7.9290679627108425, "epsilon": 7.9368250217686995, "gamma": 0.46491568057620275, "lamda": 4.904448348979288}, "datetime": {"datetime": "2021-09-16 11:01:15", "elapsed": 510.86049, "delta": 17.557181}}
{"target": -16.070831049245438, "params": {"C": 3.7452937491025393, "epsilon": 10.96354867165819, "gamma": 0.08008021365220777, "lamda": 4.972837160923775}, "datetime": {"datetime": "2021-09-16 11:01:34", "elapsed": 530.513891, "delta": 19.653401}}
{"target": -5.438952324596519, "params": {"C": 5.474829656038035, "epsilon": 9.348750171802891, "gamma": 1.0, "lamda": 2.300951406271091}, "datetime": {"datetime": "2021-09-16 11:01:35", "elapsed": 531.531728, "delta": 1.017837}}
{"target": -5.410381125189194, "params": {"C": 17.013036906451998, "epsilon": 20.0, "gamma": 1.0, "lamda": 0.0001}, "datetime": {"datetime": "2021-09-16 11:01:36", "elapsed": 532.483689, "delta": 0.951961}}
{"target": -7.413505113767104, "params": {"C": 0.1, "epsilon": 8.672911491741834, "gamma": 1.0, "lamda": 1.9766744056173624}, "datetime": {"datetime": "2021-09-16 11:01:37", "elapsed": 533.434947, "delta": 0.951258}}
{"target": -5.974734089070281, "params": {"C": 2.564978690408729, "epsilon": 12.15491956378297, "gamma": 0.9843822870492841, "lamda": 0.11305646112868745}, "datetime": {"datetime": "2021-09-16 11:01:38", "elapsed": 534.432944, "delta": 0.997997}}
{"target": -7.412045142282695, "params": {"C": 30.0, "epsilon": 4.326675950486623, "gamma": 0.0001, "lamda": 5.0}, "datetime": {"datetime": "2021-09-16 11:01:54", "elapsed": 550.563963, "delta": 16.131019}}
{"target": -7.413505113767104, "params": {"C": 0.1, "epsilon": 12.573236087717113, "gamma": 1.0, "lamda": 2.473415041617378}, "datetime": {"datetime": "2021-09-16 11:01:55", "elapsed": 551.610819, "delta": 1.046856}}
{"target": -5.535221034533989, "params": {"C": 4.495080264380972, "epsilon": 6.9622040950583, "gamma": 1.0, "lamda": 5.0}, "datetime": {"datetime": "2021-09-16 11:01:56", "elapsed": 552.578778, "delta": 0.967959}}
{"target": -4.48161074485181, "params": {"C": 2.0875013630222568, "epsilon": 2.0302842270130066, "gamma": 0.0029566897526007233, "lamda": 0.018902819710246967}, "datetime": {"datetime": "2021-09-16 11:01:57", "elapsed": 553.728566, "delta": 1.149788}}
{"target": -3.7913876512267697, "params": {"C": 26.960899305617154, "epsilon": 5.706290981281183, "gamma": 0.6124022707564543, "lamda": 0.033033097384167875}, "datetime": {"datetime": "2021-09-16 11:01:58", "elapsed": 554.603562, "delta": 0.874996}}
{"target": -6.524403359165724, "params": {"C": 4.841572135383479, "epsilon": 0.1, "gamma": 0.0001, "lamda": 2.7277975791887035}, "datetime": {"datetime": "2021-09-16 11:01:59", "elapsed": 555.637785, "delta": 1.034223}}
{"target": -5.811246221910076, "params": {"C": 3.040445645163899, "epsilon": 9.781333352971913, "gamma": 1.0, "lamda": 0.9054081521617379}, "datetime": {"datetime": "2021-09-16 11:02:00", "elapsed": 556.604474, "delta": 0.966689}}
{"target": -3.3829123914694366, "params": {"C": 29.854968546385876, "epsilon": 3.087284969587665, "gamma": 0.4779399242064825, "lamda": 0.15081461689643158}, "datetime": {"datetime": "2021-09-16 11:02:01", "elapsed": 557.542586, "delta": 0.938112}}
{"target": -5.505181481419137, "params": {"C": 16.491842784872986, "epsilon": 17.600670001531444, "gamma": 0.0001, "lamda": 0.0001}, "datetime": {"datetime": "2021-09-16 11:02:02", "elapsed": 558.496625, "delta": 0.954039}}
{"target": -5.291876004503776, "params": {"C": 6.23495037990943, "epsilon": 2.5826206155577043, "gamma": 1.0, "lamda": 5.0}, "datetime": {"datetime": "2021-09-16 11:02:03", "elapsed": 559.415226, "delta": 0.918601}}
{"target": -5.240342879186989, "params": {"C": 8.160511123873606, "epsilon": 12.867241312813583, "gamma": 1.0, "lamda": 0.0001}, "datetime": {"datetime": "2021-09-16 11:02:04", "elapsed": 560.311261, "delta": 0.896035}}
{"target": -4.954040824894089, "params": {"C": 10.371766927917706, "epsilon": 1.8481883402692458, "gamma": 1.0, "lamda": 3.2136393496398665}, "datetime": {"datetime": "2021-09-16 11:02:05", "elapsed": 561.428003, "delta": 1.116742}}
{"target": -4.548583439527587, "params": {"C": 22.559196519597865, "epsilon": 1.316445342976291, "gamma": 0.9782591850531567, "lamda": 0.17878269630577026}, "datetime": {"datetime": "2021-09-16 11:02:06", "elapsed": 562.433004, "delta": 1.005001}}
{"target": -5.224694261776333, "params": {"C": 7.123917637174791, "epsilon": 3.6176793016852136, "gamma": 1.0, "lamda": 0.0001}, "datetime": {"datetime": "2021-09-16 11:02:07", "elapsed": 563.318717, "delta": 0.885713}}
{"target": -5.270313291402995, "params": {"C": 10.492280773578768, "epsilon": 14.755978511831632, "gamma": 1.0, "lamda": 0.0001}, "datetime": {"datetime": "2021-09-16 11:02:08", "elapsed": 564.334682, "delta": 1.015965}}
{"target": -3.868115025376675, "params": {"C": 28.67925970002725, "epsilon": 4.753344668045758, "gamma": 0.6458326598243325, "lamda": 0.1092447497195708}, "datetime": {"datetime": "2021-09-16 11:02:09", "elapsed": 565.306923, "delta": 0.972241}}
{"target": -5.086180052414432, "params": {"C": 20.89628983265857, "epsilon": 12.418813220597139, "gamma": 1.0, "lamda": 0.0001}, "datetime": {"datetime": "2021-09-16 11:02:10", "elapsed": 566.266603, "delta": 0.95968}}
{"target": -16.3876366478949, "params": {"C": 9.956554974360364, "epsilon": 1.318478360682013, "gamma": 0.040159054474131144, "lamda": 4.9096357973613465}, "datetime": {"datetime": "2021-09-16 11:02:29", "elapsed": 585.501135, "delta": 19.234532}}
{"target": -4.944023463382742, "params": {"C": 12.86380620145545, "epsilon": 5.909625313811031, "gamma": 1.0, "lamda": 0.0001}, "datetime": {"datetime": "2021-09-16 11:02:30", "elapsed": 586.362941, "delta": 0.861806}}
{"target": -5.4837948836170085, "params": {"C": 10.322284993238084, "epsilon": 20.0, "gamma": 1.0, "lamda": 0.0001}, "datetime": {"datetime": "2021-09-16 11:02:31", "elapsed": 587.243216, "delta": 0.880275}}
{"target": -5.1395293577463255, "params": {"C": 7.765707018037738, "epsilon": 0.1, "gamma": 1.0, "lamda": 3.316885170934351}, "datetime": {"datetime": "2021-09-16 11:02:32", "elapsed": 588.224183, "delta": 0.980967}}
{"target": -4.456136494638894, "params": {"C": 30.0, "epsilon": 0.1, "gamma": 1.0, "lamda": 2.332024653506846}, "datetime": {"datetime": "2021-09-16 11:02:33", "elapsed": 589.170427, "delta": 0.946244}}
{"target": -4.867572603948325, "params": {"C": 11.84979197385325, "epsilon": 0.1, "gamma": 1.0, "lamda": 3.3925344575743686}, "datetime": {"datetime": "2021-09-16 11:02:34", "elapsed": 590.214923, "delta": 1.044496}}
{"target": -5.099030997758538, "params": {"C": 30.0, "epsilon": 14.077099496491575, "gamma": 1.0, "lamda": 0.0001}, "datetime": {"datetime": "2021-09-16 11:02:35", "elapsed": 591.14534, "delta": 0.930417}}
{"target": -4.777168716134381, "params": {"C": 19.790622355469015, "epsilon": 5.920683409604474, "gamma": 1.0, "lamda": 0.0001}, "datetime": {"datetime": "2021-09-16 11:02:36", "elapsed": 591.973895, "delta": 0.828555}}
{"target": -7.505337581639265, "params": {"C": 0.1, "epsilon": 2.6592020190437595, "gamma": 0.0001, "lamda": 2.7213313547966074}, "datetime": {"datetime": "2021-09-16 11:02:37", "elapsed": 592.903472, "delta": 0.929577}}
{"target": -8.9732450683374, "params": {"C": 11.132412482021163, "epsilon": 5.025639378788752, "gamma": 1.0, "lamda": 5.0}, "datetime": {"datetime": "2021-09-16 11:02:56", "elapsed": 612.276065, "delta": 19.372593}}
{"target": -4.5861568982783885, "params": {"C": 23.64535002586238, "epsilon": 2.633860734658076, "gamma": 1.0, "lamda": 5.0}, "datetime": {"datetime": "2021-09-16 11:02:57", "elapsed": 613.254102, "delta": 0.978037}}
{"target": -5.447927699828726, "params": {"C": 17.481894574969576, "epsilon": 9.97578600275649, "gamma": 0.0001, "lamda": 0.0001}, "datetime": {"datetime": "2021-09-16 11:02:58", "elapsed": 614.243977, "delta": 0.989875}}
{"target": -8.77571867035028, "params": {"C": 19.814589133408052, "epsilon": 10.909408648922158, "gamma": 0.0001, "lamda": 1.0071821527224352}, "datetime": {"datetime": "2021-09-16 11:03:18", "elapsed": 634.272289, "delta": 20.028312}}
{"target": -5.320943714166937, "params": {"C": 7.092818355371899, "epsilon": 11.726896753726406, "gamma": 1.0, "lamda": 2.5231564564095583}, "datetime": {"datetime": "2021-09-16 11:03:19", "elapsed": 635.206878, "delta": 0.934589}}
{"target": -6.42927026203752, "params": {"C": 5.521925966962222, "epsilon": 13.140316322326711, "gamma": 0.0001, "lamda": 0.0001}, "datetime": {"datetime": "2021-09-16 11:03:20", "elapsed": 636.100655, "delta": 0.893777}}
{"target": -5.044736086077038, "params": {"C": 23.789550182489776, "epsilon": 12.503558650629166, "gamma": 1.0, "lamda": 0.0001}, "datetime": {"datetime": "2021-09-16 11:03:21", "elapsed": 637.02504, "delta": 0.924385}}
{"target": -4.618634291835117, "params": {"C": 19.65026208643649, "epsilon": 0.27811187951845495, "gamma": 0.9922716137503343, "lamda": 1.4842183190490452}, "datetime": {"datetime": "2021-09-16 11:03:22", "elapsed": 637.955642, "delta": 0.930602}}
{"target": -5.079332346578002, "params": {"C": 27.312446132467812, "epsilon": 0.1, "gamma": 0.0001, "lamda": 0.0001}, "datetime": {"datetime": "2021-09-16 11:03:23", "elapsed": 638.939237, "delta": 0.983595}}
{"target": -5.1206367943891475, "params": {"C": 25.728308599949923, "epsilon": 2.1718156686435837, "gamma": 0.0001, "lamda": 0.0001}, "datetime": {"datetime": "2021-09-16 11:03:24", "elapsed": 640.069997, "delta": 1.13076}}
{"target": -9.068356599391683, "params": {"C": 26.34677326187472, "epsilon": 5.189165158556609, "gamma": 0.8950895201722063, "lamda": 2.5250537096712193}, "datetime": {"datetime": "2021-09-16 11:03:43", "elapsed": 658.884982, "delta": 18.814985}}
{"target": -5.056847956854577, "params": {"C": 9.041594527678564, "epsilon": 2.3525522358779036, "gamma": 1.0, "lamda": 0.0001}, "datetime": {"datetime": "2021-09-16 11:03:44", "elapsed": 659.851902, "delta": 0.96692}}
{"target": -5.855285245044023, "params": {"C": 11.670313890726796, "epsilon": 3.6952684193965073, "gamma": 0.0001, "lamda": 0.0001}, "datetime": {"datetime": "2021-09-16 11:03:45", "elapsed": 660.964509, "delta": 1.112607}}
{"target": -4.857434100402797, "params": {"C": 15.325501304378173, "epsilon": 5.0460161718753085, "gamma": 1.0, "lamda": 0.0001}, "datetime": {"datetime": "2021-09-16 11:03:46", "elapsed": 661.86204, "delta": 0.897531}}
{"target": -5.217263236164873, "params": {"C": 22.626910528271807, "epsilon": 3.18572412996254, "gamma": 0.0001, "lamda": 0.0001}, "datetime": {"datetime": "2021-09-16 11:03:47", "elapsed": 662.969938, "delta": 1.107898}}
{"target": -5.08903300990015, "params": {"C": 9.8435398753624, "epsilon": 7.277938904917843, "gamma": 1.0, "lamda": 0.0001}, "datetime": {"datetime": "2021-09-16 11:03:48", "elapsed": 663.877605, "delta": 0.907667}}
{"target": -6.120693272630016, "params": {"C": 8.039796919736034, "epsilon": 5.572022285204648, "gamma": 0.0001, "lamda": 0.0001}, "datetime": {"datetime": "2021-09-16 11:03:49", "elapsed": 664.918776, "delta": 1.041171}}
{"target": -12.064611976866914, "params": {"C": 25.446227811668084, "epsilon": 1.2109207388196248, "gamma": 0.09888635128726359, "lamda": 4.5912098627471405}, "datetime": {"datetime": "2021-09-16 11:04:00", "elapsed": 676.714729, "delta": 11.795953}}
{"target": -4.2988665713796586, "params": {"C": 24.62398619119193, "epsilon": 1.1083100706880038, "gamma": 0.8522963392510775, "lamda": 1.4113983542721418}, "datetime": {"datetime": "2021-09-16 11:04:01", "elapsed": 677.689841, "delta": 0.975112}}
{"target": -4.5005945420094875, "params": {"C": 30.0, "epsilon": 2.3912550385288487, "gamma": 1.0, "lamda": 2.411512370706145}, "datetime": {"datetime": "2021-09-16 11:04:02", "elapsed": 678.794594, "delta": 1.104753}}
{"target": -4.477062338642405, "params": {"C": 29.47572028583268, "epsilon": 1.514785274113236, "gamma": 1.0, "lamda": 0.0001}, "datetime": {"datetime": "2021-09-16 11:04:03", "elapsed": 679.758992, "delta": 0.964398}}
{"target": -10.034122508375347, "params": {"C": 21.624049194672278, "epsilon": 6.850389077577296, "gamma": 0.9887600210301745, "lamda": 1.8538765899003553}, "datetime": {"datetime": "2021-09-16 11:04:22", "elapsed": 698.216973, "delta": 18.457981}}
{"target": -4.780403636939823, "params": {"C": 18.111983081821176, "epsilon": 15.466488555295845, "gamma": 0.8592665838836402, "lamda": 0.08201174308258564}, "datetime": {"datetime": "2021-09-16 11:04:23", "elapsed": 699.298434, "delta": 1.081461}}
{"target": -16.230476957280374, "params": {"C": 10.441171973887432, "epsilon": 14.318734791582612, "gamma": 1.0, "lamda": 5.0}, "datetime": {"datetime": "2021-09-16 11:04:43", "elapsed": 718.916759, "delta": 19.618325}}
{"target": -8.607995414104066, "params": {"C": 24.853866022302082, "epsilon": 4.406366956141731, "gamma": 1.0, "lamda": 5.0}, "datetime": {"datetime": "2021-09-16 11:05:03", "elapsed": 739.100358, "delta": 20.183599}}
{"target": -7.799358810120076, "params": {"C": 30.0, "epsilon": 1.7991829387582765, "gamma": 1.0, "lamda": 5.0}, "datetime": {"datetime": "2021-09-16 11:05:21", "elapsed": 757.639551, "delta": 18.539193}}
{"target": -4.349568608548703, "params": {"C": 28.450307228209407, "epsilon": 0.10083946321038631, "gamma": 0.9269362173321538, "lamda": 1.523812205477329}, "datetime": {"datetime": "2021-09-16 11:05:22", "elapsed": 758.742811, "delta": 1.10326}}
{"target": -5.41920358646322, "params": {"C": 18.3066515595711, "epsilon": 7.496962522298803, "gamma": 0.0001, "lamda": 0.0001}, "datetime": {"datetime": "2021-09-16 11:05:24", "elapsed": 759.876649, "delta": 1.133838}}
{"target": -4.574180440495532, "params": {"C": 22.33548376763193, "epsilon": 0.8291997870204731, "gamma": 1.0, "lamda": 5.0}, "datetime": {"datetime": "2021-09-16 11:05:25", "elapsed": 760.913121, "delta": 1.036472}}
{"target": -5.3632943712867105, "params": {"C": 5.715018424682195, "epsilon": 4.772058293104211, "gamma": 1.0, "lamda": 5.0}, "datetime": {"datetime": "2021-09-16 11:05:26", "elapsed": 761.979312, "delta": 1.066191}}
{"target": -6.067098650332693, "params": {"C": 2.10567561499157, "epsilon": 0.1, "gamma": 1.0, "lamda": 0.0001}, "datetime": {"datetime": "2021-09-16 11:05:27", "elapsed": 763.084445, "delta": 1.105133}}
{"target": -7.505337581644067, "params": {"C": 0.1, "epsilon": 17.4615082106163, "gamma": 0.0001, "lamda": 2.7942027768176043}, "datetime": {"datetime": "2021-09-16 11:05:28", "elapsed": 764.149385, "delta": 1.06494}}
{"target": -6.151827286363482, "params": {"C": 7.819524844914858, "epsilon": 11.079415536073423, "gamma": 0.0001, "lamda": 0.0001}, "datetime": {"datetime": "2021-09-16 11:05:29", "elapsed": 765.223035, "delta": 1.07365}}
{"target": -5.753675520928392, "params": {"C": 3.202702385392351, "epsilon": 4.957759449881104, "gamma": 1.0, "lamda": 0.0001}, "datetime": {"datetime": "2021-09-16 11:05:30", "elapsed": 766.265737, "delta": 1.042702}}
{"target": -4.449389310172394, "params": {"C": 18.435725836717985, "epsilon": 2.789265919997287, "gamma": 0.8351856984954555, "lamda": 3.533341001556754}, "datetime": {"datetime": "2021-09-16 11:05:31", "elapsed": 767.346581, "delta": 1.080844}}
{"target": -15.898274730748925, "params": {"C": 15.956461105080727, "epsilon": 13.964885032692031, "gamma": 0.9578286336559206, "lamda": 2.2183996853690795}, "datetime": {"datetime": "2021-09-16 11:05:51", "elapsed": 786.872929, "delta": 19.526348}}
{"target": -4.867701823411896, "params": {"C": 23.0362570751201, "epsilon": 9.086945319722522, "gamma": 1.0, "lamda": 0.0001}, "datetime": {"datetime": "2021-09-16 11:05:52", "elapsed": 787.958487, "delta": 1.085558}}
{"target": -4.994850767853987, "params": {"C": 29.136974401383387, "epsilon": 12.505379939911553, "gamma": 1.0, "lamda": 1.1823966700467523}, "datetime": {"datetime": "2021-09-16 11:05:53", "elapsed": 788.978777, "delta": 1.02029}}
{"target": -5.350621344125124, "params": {"C": 19.494632853157125, "epsilon": 14.13551476021277, "gamma": 0.0001, "lamda": 0.0001}, "datetime": {"datetime": "2021-09-16 11:05:54", "elapsed": 790.096887, "delta": 1.11811}}
{"target": -5.758074842302766, "params": {"C": 13.045282236448873, "epsilon": 15.17328013651302, "gamma": 0.0001, "lamda": 0.0001}, "datetime": {"datetime": "2021-09-16 11:05:55", "elapsed": 791.308806, "delta": 1.211919}}
{"target": -4.940377235660141, "params": {"C": 15.073563224898761, "epsilon": 7.87675766306326, "gamma": 1.0, "lamda": 0.0001}, "datetime": {"datetime": "2021-09-16 11:05:56", "elapsed": 792.397762, "delta": 1.088956}}
{"target": -5.025725305052231, "params": {"C": 30.0, "epsilon": 4.877005279916762, "gamma": 0.0001, "lamda": 0.0001}, "datetime": {"datetime": "2021-09-16 11:05:57", "elapsed": 793.494072, "delta": 1.09631}}
{"target": -5.367645553336296, "params": {"C": 19.3302692821412, "epsilon": 20.0, "gamma": 0.0001, "lamda": 0.0001}, "datetime": {"datetime": "2021-09-16 11:05:58", "elapsed": 794.768754, "delta": 1.274682}}
{"target": -5.430704552887013, "params": {"C": 18.177771103065933, "epsilon": 1.1233646749784936, "gamma": 0.0001, "lamda": 0.0001}, "datetime": {"datetime": "2021-09-16 11:06:00", "elapsed": 796.046638, "delta": 1.277884}}
{"target": -5.902248670661081, "params": {"C": 10.791757806999906, "epsilon": 0.1, "gamma": 0.0001, "lamda": 0.0001}, "datetime": {"datetime": "2021-09-16 11:06:01", "elapsed": 797.138718, "delta": 1.09208}}
{"target": -5.146574923995348, "params": {"C": 7.6824789327541945, "epsilon": 0.1, "gamma": 1.0, "lamda": 5.0}, "datetime": {"datetime": "2021-09-16 11:06:02", "elapsed": 798.32337, "delta": 1.184652}}
{"target": -5.427037248803115, "params": {"C": 5.134571805005222, "epsilon": 2.370321173463644, "gamma": 1.0, "lamda": 3.034733571140975}, "datetime": {"datetime": "2021-09-16 11:06:03", "elapsed": 799.452995, "delta": 1.129625}}
{"target": -5.555462473545728, "params": {"C": 4.74124601263343, "epsilon": 11.953962158828102, "gamma": 1.0, "lamda": 1.7397920095010666}, "datetime": {"datetime": "2021-09-16 11:06:04", "elapsed": 800.743968, "delta": 1.290973}}
{"target": -3.8847299324360396, "params": {"C": 27.378520636194462, "epsilon": 3.7379565977983638, "gamma": 0.6575323285578629, "lamda": 0.029915081936182187}, "datetime": {"datetime": "2021-09-16 11:06:06", "elapsed": 801.875927, "delta": 1.131959}}
{"target": -5.6055758191847875, "params": {"C": 3.846268726417807, "epsilon": 2.3452855772550256, "gamma": 1.0, "lamda": 0.0001}, "datetime": {"datetime": "2021-09-16 11:06:07", "elapsed": 802.948723, "delta": 1.072796}}
{"target": -4.473880919547905, "params": {"C": 26.176956772504855, "epsilon": 0.1, "gamma": 1.0, "lamda": 0.8952928173190923}, "datetime": {"datetime": "2021-09-16 11:06:08", "elapsed": 804.09998, "delta": 1.151257}}
{"target": -4.763536671761582, "params": {"C": 17.597164505393817, "epsilon": 3.7525229880167923, "gamma": 1.0, "lamda": 2.103361482621903}, "datetime": {"datetime": "2021-09-16 11:06:09", "elapsed": 805.274937, "delta": 1.174957}}
{"target": -4.618422245367521, "params": {"C": 20.58728989097789, "epsilon": 1.7739535371182777, "gamma": 0.9840353325325987, "lamda": 3.3241391205621444}, "datetime": {"datetime": "2021-09-16 11:06:10", "elapsed": 806.529928, "delta": 1.254991}}
{"target": -4.760980277457629, "params": {"C": 10.579902205173866, "epsilon": 1.9494815608196459, "gamma": 0.878409382598327, "lamda": 1.6934709228142621}, "datetime": {"datetime": "2021-09-16 11:06:11", "elapsed": 807.670794, "delta": 1.140866}}
{"target": -4.568472506102564, "params": {"C": 20.05718671906482, "epsilon": 2.9467062901875156, "gamma": 0.9188084020850216, "lamda": 0.0347879753785158}, "datetime": {"datetime": "2021-09-16 11:06:13", "elapsed": 808.901139, "delta": 1.230345}}
{"target": -5.384225890181558, "params": {"C": 19.066028785279872, "epsilon": 18.10678213962794, "gamma": 0.9942987006948502, "lamda": 0.18868006374996535}, "datetime": {"datetime": "2021-09-16 11:06:14", "elapsed": 810.274251, "delta": 1.373112}}
{"target": -3.2215975202810507, "params": {"C": 3.0571046163329925, "epsilon": 1.380540939159159, "gamma": 0.009755343728876894, "lamda": 1.7725394242910908}, "datetime": {"datetime": "2021-09-16 11:06:15", "elapsed": 811.510397, "delta": 1.236146}}
{"target": -5.223769836705374, "params": {"C": 21.88001510739126, "epsilon": 14.512900177741473, "gamma": 1.0, "lamda": 0.0001}, "datetime": {"datetime": "2021-09-16 11:06:17", "elapsed": 812.917612, "delta": 1.407215}}
{"target": -5.436855083935348, "params": {"C": 5.227881308706838, "epsilon": 8.243750413756604, "gamma": 0.9848257098186821, "lamda": 0.1860554689382816}, "datetime": {"datetime": "2021-09-16 11:06:18", "elapsed": 814.234945, "delta": 1.317333}}
{"target": -6.116518580856373, "params": {"C": 8.068732490919183, "epsilon": 0.1, "gamma": 0.0001, "lamda": 0.8247809287901307}, "datetime": {"datetime": "2021-09-16 11:06:19", "elapsed": 815.496016, "delta": 1.261071}}
{"target": -5.658599847801995, "params": {"C": 14.485823334086351, "epsilon": 6.656655069135945, "gamma": 0.0001, "lamda": 0.0001}, "datetime": {"datetime": "2021-09-16 11:06:20", "elapsed": 816.708119, "delta": 1.212103}}
