{"target": -16.858152136225076, "params": {"C": 42.08384778417503, "epsilon": 7.361702211337185, "gamma": 0.06472553092351477, "lamda": 0.7438073331825001}, "datetime": {"datetime": "2021-09-16 15:31:06", "elapsed": 2552.653859, "delta": 19.56013}}
{"target": -13.93225769813913, "params": {"C": 32.66125499064065, "epsilon": 4.697035802367386, "gamma": 0.056758528266655145, "lamda": 0.9340112766685196}, "datetime": {"datetime": "2021-09-16 15:31:18", "elapsed": 2564.484087, "delta": 11.830228}}
{"target": -19.344479031765186, "params": {"C": 45.14910754815575, "epsilon": 12.991710754447615, "gamma": 0.033340143973659246, "lamda": 0.9752093197906138}, "datetime": {"datetime": "2021-09-16 15:31:39", "elapsed": 2585.265424, "delta": 20.781337}}
{"target": -18.135239295407263, "params": {"C": 43.60819137353755, "epsilon": 12.056922878355444, "gamma": 0.047810423186766655, "lamda": 0.1925759265360173}, "datetime": {"datetime": "2021-09-16 15:31:59", "elapsed": 2604.828596, "delta": 19.563172}}
{"target": -21.95901148748184, "params": {"C": 20.160734026982034, "epsilon": 14.93501629100419, "gamma": 0.03478994568856289, "lamda": 0.7224577148834277}, "datetime": {"datetime": "2021-09-16 15:32:11", "elapsed": 2617.53384, "delta": 12.705244}}
{"target": -14.165747367365192, "params": {"C": 33.33652593572686, "epsilon": 3.3782677770160827, "gamma": 0.056336949364056726, "lamda": 0.46426244641477943}, "datetime": {"datetime": "2021-09-16 15:32:23", "elapsed": 2628.896014, "delta": 11.362174}}
{"target": -19.818165132166403, "params": {"C": 48.83362375916441, "epsilon": 13.588822013229874, "gamma": 0.04493132581678079, "lamda": 0.9986423328741507}, "datetime": {"datetime": "2021-09-16 15:32:42", "elapsed": 2648.306199, "delta": 19.410185}}
{"target": -19.301868155067964, "params": {"C": 39.439794373862895, "epsilon": 11.970521733610115, "gamma": 0.03728004472029443, "lamda": 0.8620245041758194}, "datetime": {"datetime": "2021-09-16 15:33:02", "elapsed": 2668.299065, "delta": 19.992866}}
{"target": -17.25213392804658, "params": {"C": 26.005250935830112, "epsilon": 7.205551164886346, "gamma": 0.045105871294607, "lamda": 0.7338667714921487}, "datetime": {"datetime": "2021-09-16 15:33:22", "elapsed": 2688.264398, "delta": 19.965333}}
{"target": -16.35913512600427, "params": {"C": 49.787558480237834, "epsilon": 1.3064767346398156, "gamma": 0.045003343854527006, "lamda": 0.778574625004651}, "datetime": {"datetime": "2021-09-16 15:33:35", "elapsed": 2701.680618, "delta": 13.41622}}
{"target": -15.922168503244494, "params": {"C": 30.551750751674454, "epsilon": 7.589075236167327, "gamma": 0.022040753550330295, "lamda": 0.22275203092300747}, "datetime": {"datetime": "2021-09-16 15:33:56", "elapsed": 2722.198323, "delta": 20.517705}}
{"target": -17.395352203469702, "params": {"C": 45.331186268028574, "epsilon": 11.331905229755641, "gamma": 0.05433196178896256, "lamda": 0.6368865850347535}, "datetime": {"datetime": "2021-09-16 15:34:15", "elapsed": 2741.466205, "delta": 19.267882}}
{"target": -17.531643308537827, "params": {"C": 27.998008275614374, "epsilon": 2.7107740627606294, "gamma": 0.022580382340260902, "lamda": 0.2010426937307966}, "datetime": {"datetime": "2021-09-16 15:34:37", "elapsed": 2763.239737, "delta": 21.773532}}
{"target": -17.463666880284404, "params": {"C": 26.0924942954117, "epsilon": 1.005343688901494, "gamma": 0.023263232688257807, "lamda": 0.6849070130248912}, "datetime": {"datetime": "2021-09-16 15:34:49", "elapsed": 2775.216189, "delta": 11.976452}}
{"target": -17.1991500973791, "params": {"C": 44.72848991659639, "epsilon": 6.675364420863554, "gamma": 0.03938235853903719, "lamda": 0.21846703950501808}, "datetime": {"datetime": "2021-09-16 15:35:02", "elapsed": 2787.848931, "delta": 12.632742}}
{"target": -18.444287831944848, "params": {"C": 27.974313637959256, "epsilon": 12.59122783277842, "gamma": 0.05152900159308918, "lamda": 0.6887091372061988}, "datetime": {"datetime": "2021-09-16 15:35:21", "elapsed": 2807.473254, "delta": 19.624323}}
{"target": -17.789448267753922, "params": {"C": 43.156740006647, "epsilon": 9.463215251902174, "gamma": 0.04104973874405356, "lamda": 0.5929602772661928}, "datetime": {"datetime": "2021-09-16 15:35:42", "elapsed": 2828.176755, "delta": 20.703501}}
{"target": -16.679330409462878, "params": {"C": 36.899188163584995, "epsilon": 14.869265566825437, "gamma": 0.021744738389956986, "lamda": 0.0799190847775458}, "datetime": {"datetime": "2021-09-16 15:35:54", "elapsed": 2840.529474, "delta": 12.352719}}
{"target": -17.97618624358728, "params": {"C": 46.18933475881387, "epsilon": 2.454653482314594, "gamma": 0.026178142716898795, "lamda": 0.700697789074541}, "datetime": {"datetime": "2021-09-16 15:36:11", "elapsed": 2856.840418, "delta": 16.310944}}
{"target": -15.113441269310027, "params": {"C": 37.59261253741125, "epsilon": 8.46286555117234, "gamma": 0.026648037181768492, "lamda": 0.9026239698416765}, "datetime": {"datetime": "2021-09-16 15:36:23", "elapsed": 2869.025587, "delta": 12.185169}}
{"target": -19.409934867901136, "params": {"C": 31.595920746520555, "epsilon": 11.581081465164575, "gamma": 0.03039548686899144, "lamda": 0.7648127002399734}, "datetime": {"datetime": "2021-09-16 15:36:36", "elapsed": 2882.079336, "delta": 13.053749}}
{"target": -17.27278520978285, "params": {"C": 49.405389688849795, "epsilon": 7.735182139747822, "gamma": 0.02103015046886438, "lamda": 0.14893533163611888}, "datetime": {"datetime": "2021-09-16 15:36:56", "elapsed": 2902.226935, "delta": 20.147599}}
{"target": -18.393620315832504, "params": {"C": 35.327237377756404, "epsilon": 11.983075204232241, "gamma": 0.05290281079985297, "lamda": 0.8493671362620516}, "datetime": {"datetime": "2021-09-16 15:37:16", "elapsed": 2921.970464, "delta": 19.743529}}
{"target": -16.888299760035732, "params": {"C": 39.39515561832231, "epsilon": 1.8844858310757342, "gamma": 0.026092098167408373, "lamda": 0.8734766981578092}, "datetime": {"datetime": "2021-09-16 15:37:33", "elapsed": 2939.36179, "delta": 17.391326}}
{"target": -13.853945548958007, "params": {"C": 29.57775622359464, "epsilon": 2.4028400376558974, "gamma": 0.06757190524118964, "lamda": 0.9214752173626892}, "datetime": {"datetime": "2021-09-16 15:37:50", "elapsed": 2955.892423, "delta": 16.530633}}
{"target": -2.2939271700436668, "params": {"C": 22.281210750701852, "epsilon": 10.545797883878384, "gamma": 0.02627886815816987, "lamda": 0.27193022996075145}, "datetime": {"datetime": "2021-09-16 15:37:51", "elapsed": 2957.094502, "delta": 1.202079}}
{"target": -16.449557413937164, "params": {"C": 26.611076505067963, "epsilon": 10.147487895347778, "gamma": 0.06239560278414827, "lamda": 0.26357917702439965}, "datetime": {"datetime": "2021-09-16 15:38:11", "elapsed": 2976.74537, "delta": 19.650868}}
{"target": -2.162938499615333, "params": {"C": 28.454715602583455, "epsilon": 2.52168739753019, "gamma": 0.05115173666269965, "lamda": 0.061372840465868335}, "datetime": {"datetime": "2021-09-16 15:38:12", "elapsed": 2977.801527, "delta": 1.056157}}
{"target": -19.16710289897262, "params": {"C": 50.761726155184945, "epsilon": 13.364218414748056, "gamma": 0.0500022874963469, "lamda": 0.3030302400592079}, "datetime": {"datetime": "2021-09-16 15:52:35", "elapsed": 0.0, "delta": 0.0}}
{"target": -15.428121845959266, "params": {"C": 41.84294439696473, "epsilon": 5.200401731994371, "gamma": 0.05372520422755342, "lamda": 0.3462151663160047}, "datetime": {"datetime": "2021-09-16 15:52:54", "elapsed": 18.791006, "delta": 18.791006}}
{"target": -18.23642900506048, "params": {"C": 50.09332664961211, "epsilon": 11.00461754204364, "gamma": 0.0583838902880659, "lamda": 0.6855342808963627}, "datetime": {"datetime": "2021-09-16 15:53:12", "elapsed": 36.931402, "delta": 18.140396}}
{"target": -20.23748309204917, "params": {"C": 43.74692424114008, "epsilon": 15.41552667308229, "gamma": 0.050547751863958525, "lamda": 0.6707970426682238}, "datetime": {"datetime": "2021-09-16 15:53:31", "elapsed": 55.908703, "delta": 18.977301}}
{"target": -17.912524838312617, "params": {"C": 50.771058478115194, "epsilon": 11.262967769794772, "gamma": 0.05280773877190468, "lamda": 0.1989033875957939}, "datetime": {"datetime": "2021-09-16 15:53:49", "elapsed": 74.086644, "delta": 18.177941}}
{"target": -21.3305228391948, "params": {"C": 63.42457076629271, "epsilon": 16.587400484352166, "gamma": 0.05626848356318486, "lamda": 0.6926302930536448}, "datetime": {"datetime": "2021-09-16 15:54:07", "elapsed": 92.386727, "delta": 18.300083}}
{"target": -16.986374614843335, "params": {"C": 65.92084202576926, "epsilon": 15.629886625550014, "gamma": 0.05170088422739556, "lamda": 0.04001572844964948}, "datetime": {"datetime": "2021-09-16 15:54:19", "elapsed": 104.14632, "delta": 11.759593}}
{"target": -20.896029925040192, "params": {"C": 42.60440384563077, "epsilon": 15.415852544582371, "gamma": 0.051966936676661, "lamda": 0.4216865173800471}, "datetime": {"datetime": "2021-09-16 15:54:37", "elapsed": 122.485796, "delta": 18.339476}}
{"target": -17.445929150824195, "params": {"C": 68.61035449496657, "epsilon": 10.931148704649221, "gamma": 0.06383754227900948, "lamda": 0.3162001153750569}, "datetime": {"datetime": "2021-09-16 15:54:55", "elapsed": 140.418846, "delta": 17.93305}}
{"target": -20.4879601102127, "params": {"C": 59.65453061349226, "epsilon": 14.850133734665848, "gamma": 0.05036576554688384, "lamda": 0.7503941706300225}, "datetime": {"datetime": "2021-09-16 15:55:14", "elapsed": 158.895532, "delta": 18.476686}}
{"target": -2.075025852536605, "params": {"C": 43.5510175741218, "epsilon": 4.0, "gamma": 0.05277042436584821, "lamda": 0.001}, "datetime": {"datetime": "2021-09-16 15:55:15", "elapsed": 159.796385, "delta": 0.900853}}
{"target": -2.0693169776441898, "params": {"C": 44.677958715282784, "epsilon": 4.0, "gamma": 0.05213620810732219, "lamda": 0.001}, "datetime": {"datetime": "2021-09-16 15:55:15", "elapsed": 160.568839, "delta": 0.772454}}
{"target": -13.20317023612576, "params": {"C": 44.201239904232864, "epsilon": 4.0, "gamma": 0.07, "lamda": 1.0}, "datetime": {"datetime": "2021-09-16 15:55:27", "elapsed": 172.15162, "delta": 11.582781}}
{"target": -2.0899576808176445, "params": {"C": 44.16552937232006, "epsilon": 4.882831877374097, "gamma": 0.05, "lamda": 0.001}, "datetime": {"datetime": "2021-09-16 15:55:28", "elapsed": 172.838131, "delta": 0.686511}}
{"target": -2.0790886017219425, "params": {"C": 45.90276761505524, "epsilon": 5.251209799529216, "gamma": 0.05, "lamda": 0.001}, "datetime": {"datetime": "2021-09-16 15:55:28", "elapsed": 173.55934, "delta": 0.721209}}
{"target": -2.075155174373172, "params": {"C": 47.63852475684165, "epsilon": 4.0, "gamma": 0.05, "lamda": 0.001}, "datetime": {"datetime": "2021-09-16 15:55:29", "elapsed": 174.276206, "delta": 0.716866}}
{"target": -2.0798759988923146, "params": {"C": 48.7006384880368, "epsilon": 6.03444581945407, "gamma": 0.05, "lamda": 0.001}, "datetime": {"datetime": "2021-09-16 15:55:30", "elapsed": 175.021621, "delta": 0.745415}}
{"target": -2.0643843568609572, "params": {"C": 50.83655133637826, "epsilon": 4.0, "gamma": 0.05, "lamda": 0.001}, "datetime": {"datetime": "2021-09-16 15:55:31", "elapsed": 175.911726, "delta": 0.890105}}
{"target": -2.0298069345083585, "params": {"C": 53.7277399568797, "epsilon": 5.607027648811135, "gamma": 0.07, "lamda": 0.001}, "datetime": {"datetime": "2021-09-16 15:55:31", "elapsed": 176.703809, "delta": 0.792083}}
{"target": -14.865618925962286, "params": {"C": 56.50136740351567, "epsilon": 4.0, "gamma": 0.05, "lamda": 1.0}, "datetime": {"datetime": "2021-09-16 15:55:43", "elapsed": 188.231129, "delta": 11.52732}}
{"target": -16.09360298679361, "params": {"C": 51.62290800752835, "epsilon": 6.402190297395088, "gamma": 0.05, "lamda": 1.0}, "datetime": {"datetime": "2021-09-16 15:56:01", "elapsed": 206.655465, "delta": 18.424336}}
{"target": -15.267858360693355, "params": {"C": 53.007953874418845, "epsilon": 4.087062960097654, "gamma": 0.05756475746756595, "lamda": 0.042186807580420684}, "datetime": {"datetime": "2021-09-16 15:56:12", "elapsed": 217.596908, "delta": 10.941443}}
{"target": -13.430728912350318, "params": {"C": 49.331099878332935, "epsilon": 4.068772038391524, "gamma": 0.05960730755306305, "lamda": 0.5852708819861229}, "datetime": {"datetime": "2021-09-16 15:56:24", "elapsed": 229.037921, "delta": 11.441013}}
{"target": -2.081781458369389, "params": {"C": 47.39171266231253, "epsilon": 5.444303531196017, "gamma": 0.05, "lamda": 0.001}, "datetime": {"datetime": "2021-09-16 15:56:25", "elapsed": 229.854638, "delta": 0.816717}}
{"target": -2.0795762941449, "params": {"C": 46.33328088175771, "epsilon": 4.0, "gamma": 0.05, "lamda": 0.001}, "datetime": {"datetime": "2021-09-16 15:56:25", "elapsed": 230.637208, "delta": 0.78257}}
{"target": -2.0463257798330794, "params": {"C": 54.712237026068564, "epsilon": 6.808598167726431, "gamma": 0.07, "lamda": 0.001}, "datetime": {"datetime": "2021-09-16 15:56:26", "elapsed": 231.424395, "delta": 0.787187}}
{"target": -2.0897342459179984, "params": {"C": 47.399801927411445, "epsilon": 7.432195293848364, "gamma": 0.05, "lamda": 0.001}, "datetime": {"datetime": "2021-09-16 15:56:27", "elapsed": 232.17174, "delta": 0.747345}}
{"target": -2.097395417231209, "params": {"C": 45.26788249794441, "epsilon": 7.442220298395554, "gamma": 0.05, "lamda": 0.001}, "datetime": {"datetime": "2021-09-16 15:56:28", "elapsed": 232.896306, "delta": 0.724566}}
{"target": -15.91391234742882, "params": {"C": 45.99213892420169, "epsilon": 9.083844085297253, "gamma": 0.07, "lamda": 1.0}, "datetime": {"datetime": "2021-09-16 15:56:46", "elapsed": 251.042416, "delta": 18.14611}}
{"target": -14.777957232428141, "params": {"C": 46.346793731066626, "epsilon": 6.579654165675721, "gamma": 0.06854576687273696, "lamda": 0.9672931398746294}, "datetime": {"datetime": "2021-09-16 15:57:04", "elapsed": 269.633026, "delta": 18.59061}}
{"target": -2.085929194910285, "params": {"C": 48.90299469054981, "epsilon": 7.705334343821208, "gamma": 0.05, "lamda": 0.001}, "datetime": {"datetime": "2021-09-16 15:57:05", "elapsed": 270.408072, "delta": 0.775046}}
{"target": -16.41613866954008, "params": {"C": 43.66896817646387, "epsilon": 7.508879425954291, "gamma": 0.05, "lamda": 0.001}, "datetime": {"datetime": "2021-09-16 15:57:16", "elapsed": 281.006712, "delta": 10.59864}}
{"target": -15.31256870977816, "params": {"C": 54.8985816827541, "epsilon": 5.965549886709376, "gamma": 0.06336382335537435, "lamda": 0.9774994610598707}, "datetime": {"datetime": "2021-09-16 15:57:35", "elapsed": 299.842604, "delta": 18.835892}}
{"target": -2.0379460574727846, "params": {"C": 53.531088597937845, "epsilon": 7.048854225457039, "gamma": 0.07, "lamda": 0.001}, "datetime": {"datetime": "2021-09-16 15:57:35", "elapsed": 300.689608, "delta": 0.847004}}
{"target": -2.057952139530472, "params": {"C": 54.61797595964548, "epsilon": 8.410337182523117, "gamma": 0.07, "lamda": 0.001}, "datetime": {"datetime": "2021-09-16 15:57:36", "elapsed": 301.510809, "delta": 0.821201}}
{"target": -2.05442553973861, "params": {"C": 56.32479073430767, "epsilon": 8.371404615000579, "gamma": 0.07, "lamda": 0.001}, "datetime": {"datetime": "2021-09-16 15:57:37", "elapsed": 302.285809, "delta": 0.775}}
{"target": -2.143340591877931, "params": {"C": 55.80310033249297, "epsilon": 10.052720080426255, "gamma": 0.05, "lamda": 0.001}, "datetime": {"datetime": "2021-09-16 15:57:38", "elapsed": 303.069064, "delta": 0.783255}}
{"target": -2.0623901680072123, "params": {"C": 57.70069774917336, "epsilon": 9.793637703918296, "gamma": 0.07, "lamda": 0.001}, "datetime": {"datetime": "2021-09-16 15:57:39", "elapsed": 303.891776, "delta": 0.822712}}
{"target": -17.165539204473106, "params": {"C": 56.97698573545932, "epsilon": 11.161044665300254, "gamma": 0.07, "lamda": 1.0}, "datetime": {"datetime": "2021-09-16 15:57:58", "elapsed": 322.867379, "delta": 18.975603}}
{"target": -2.0869692989707684, "params": {"C": 58.39469558578289, "epsilon": 8.285941682391202, "gamma": 0.05, "lamda": 0.001}, "datetime": {"datetime": "2021-09-16 15:57:58", "elapsed": 323.598723, "delta": 0.731344}}
{"target": -2.0609597255891443, "params": {"C": 59.746158188516894, "epsilon": 9.508770628056688, "gamma": 0.07, "lamda": 0.001}, "datetime": {"datetime": "2021-09-16 15:57:59", "elapsed": 324.425122, "delta": 0.826399}}
{"target": -2.0368303390326843, "params": {"C": 60.56107766097675, "epsilon": 7.707881998077577, "gamma": 0.07, "lamda": 0.001}, "datetime": {"datetime": "2021-09-16 15:58:00", "elapsed": 325.167311, "delta": 0.742189}}
{"target": -16.834971038033707, "params": {"C": 61.62818060746233, "epsilon": 9.02596538630342, "gamma": 0.05, "lamda": 1.0}, "datetime": {"datetime": "2021-09-16 15:58:19", "elapsed": 344.181114, "delta": 19.013803}}
{"target": -2.0403609419969064, "params": {"C": 59.51536116886191, "epsilon": 6.3835463627058795, "gamma": 0.07, "lamda": 0.001}, "datetime": {"datetime": "2021-09-16 15:58:20", "elapsed": 344.968251, "delta": 0.787137}}
{"target": -13.71062113301001, "params": {"C": 61.45794419375058, "epsilon": 5.568345928416111, "gamma": 0.06376147231799786, "lamda": 0.12904992563265044}, "datetime": {"datetime": "2021-09-16 15:58:37", "elapsed": 362.174455, "delta": 17.206204}}
{"target": -15.786457080754136, "params": {"C": 59.56909063831625, "epsilon": 7.391543108467596, "gamma": 0.06383065468817418, "lamda": 0.9129106909585557}, "datetime": {"datetime": "2021-09-16 15:58:55", "elapsed": 380.638832, "delta": 18.464377}}
{"target": -16.758529517485044, "params": {"C": 55.764828822529324, "epsilon": 9.134322196118447, "gamma": 0.05207890783436605, "lamda": 0.9764897780215421}, "datetime": {"datetime": "2021-09-16 15:59:14", "elapsed": 398.923034, "delta": 18.284202}}
{"target": -16.154765341029748, "params": {"C": 48.41432972757273, "epsilon": 6.963221296675442, "gamma": 0.05, "lamda": 0.8103361905748017}, "datetime": {"datetime": "2021-09-16 15:59:32", "elapsed": 417.117173, "delta": 18.194139}}
{"target": -2.0550770724928915, "params": {"C": 57.39114580732422, "epsilon": 8.741142916091773, "gamma": 0.07, "lamda": 0.001}, "datetime": {"datetime": "2021-09-16 15:59:33", "elapsed": 417.949781, "delta": 0.832608}}
{"target": -14.238474822816565, "params": {"C": 58.74138809798566, "epsilon": 9.305127140502357, "gamma": 0.0673882392916178, "lamda": 0.14734799946335564}, "datetime": {"datetime": "2021-09-16 15:59:52", "elapsed": 436.788799, "delta": 18.839018}}
{"target": -17.02855885773591, "params": {"C": 54.643277186894, "epsilon": 6.83526318106224, "gamma": 0.05063131126341764, "lamda": 0.10845839712895852}, "datetime": {"datetime": "2021-09-16 16:00:09", "elapsed": 454.002939, "delta": 17.21414}}
{"target": -14.909073010964077, "params": {"C": 69.68045406004842, "epsilon": 12.372516879923745, "gamma": 0.051756203717796566, "lamda": 0.07154818583356005}, "datetime": {"datetime": "2021-09-16 16:00:19", "elapsed": 464.072629, "delta": 10.06969}}
{"target": -15.201896651265312, "params": {"C": 51.14426783915311, "epsilon": 6.2806009587473435, "gamma": 0.058338621008045224, "lamda": 0.8514899894280656}, "datetime": {"datetime": "2021-09-16 16:00:37", "elapsed": 482.5618, "delta": 18.489171}}
{"target": -14.076871435918227, "params": {"C": 59.74023626884144, "epsilon": 5.532009808600424, "gamma": 0.060870343189256916, "lamda": 0.6997577163929196}, "datetime": {"datetime": "2021-09-16 16:00:49", "elapsed": 494.254366, "delta": 11.692566}}
{"target": -19.808027231970893, "params": {"C": 49.54537393747928, "epsilon": 15.029145820333392, "gamma": 0.05821875943676713, "lamda": 0.37346513531783354}, "datetime": {"datetime": "2021-09-16 16:01:08", "elapsed": 512.889832, "delta": 18.635466}}
{"target": -20.06648227962852, "params": {"C": 62.722060689398276, "epsilon": 15.739583442202216, "gamma": 0.06024822200604962, "lamda": 0.29593778832411083}, "datetime": {"datetime": "2021-09-16 16:01:26", "elapsed": 531.262816, "delta": 18.372984}}
{"target": -15.455865146307259, "params": {"C": 58.89625752978173, "epsilon": 9.951828610997222, "gamma": 0.05776921981295664, "lamda": 0.08200128788563993}, "datetime": {"datetime": "2021-09-16 16:01:43", "elapsed": 548.031579, "delta": 16.768763}}
{"target": -14.064800649956675, "params": {"C": 67.42979778111624, "epsilon": 7.972032803515281, "gamma": 0.06081101265266744, "lamda": 0.11685876299687481}, "datetime": {"datetime": "2021-09-16 16:02:01", "elapsed": 566.575372, "delta": 18.543793}}
{"target": -13.6132118059427, "params": {"C": 46.45665642205404, "epsilon": 5.350272443867005, "gamma": 0.06707132813669214, "lamda": 0.14201139438237592}, "datetime": {"datetime": "2021-09-16 16:02:12", "elapsed": 576.820467, "delta": 10.245095}}
{"target": -15.816344721184922, "params": {"C": 60.7535015036158, "epsilon": 7.7314865492504845, "gamma": 0.05491990748679972, "lamda": 0.17653906133923178}, "datetime": {"datetime": "2021-09-16 16:02:19", "elapsed": 584.396098, "delta": 7.575631}}
{"target": -20.912420534611428, "params": {"C": 67.9932444218171, "epsilon": 16.634590793664653, "gamma": 0.054963586496884057, "lamda": 0.1393192922864607}, "datetime": {"datetime": "2021-09-16 16:02:38", "elapsed": 603.39311, "delta": 18.997012}}
{"target": -19.453194642656108, "params": {"C": 55.500533969261774, "epsilon": 14.606226490871382, "gamma": 0.06414443522049595, "lamda": 0.16063088486018065}, "datetime": {"datetime": "2021-09-16 16:02:57", "elapsed": 622.108193, "delta": 18.715083}}
{"target": -20.46290320489064, "params": {"C": 52.72928928803525, "epsilon": 14.600862560559941, "gamma": 0.0625976291613243, "lamda": 0.9115113132148114}, "datetime": {"datetime": "2021-09-16 16:03:16", "elapsed": 641.004569, "delta": 18.896376}}
{"target": -17.143747345374987, "params": {"C": 60.765018675712874, "epsilon": 11.445502341796477, "gamma": 0.06317728963379549, "lamda": 0.991360947787871}, "datetime": {"datetime": "2021-09-16 16:03:35", "elapsed": 659.813528, "delta": 18.808959}}
