{"target": -15.963473242677514, "params": {"C": 58.533234618156044, "epsilon": 10.869941833095556, "gamma": 0.06099074111235018, "lamda": 0.0445779112256605}, "datetime": {"datetime": "2021-09-17 08:31:28", "elapsed": 53.02463, "delta": 10.269972}}
{"target": -1.9838476599684496, "params": {"C": 58.27313285860088, "epsilon": 10.922118080597684, "gamma": 0.06097200233092491, "lamda": 0.04260297326008967}, "datetime": {"datetime": "2021-09-17 08:31:28", "elapsed": 53.912799, "delta": 0.888169}}
{"target": -2.0077914320617336, "params": {"C": 58.99054272870456, "epsilon": 10.530190483992504, "gamma": 0.063, "lamda": 0.045}, "datetime": {"datetime": "2021-09-17 08:31:30", "elapsed": 55.014442, "delta": 1.101643}}
{"target": -1.982903113948016, "params": {"C": 59.13822708541151, "epsilon": 10.49943624689883, "gamma": 0.06, "lamda": 0.04}, "datetime": {"datetime": "2021-09-17 08:31:31", "elapsed": 56.146713, "delta": 1.132271}}
{"target": -2.015386231476891, "params": {"C": 60.40407964513952, "epsilon": 10.782956166058474, "gamma": 0.06270657102940558, "lamda": 0.04046694918654366}, "datetime": {"datetime": "2021-09-17 08:31:31", "elapsed": 56.899711, "delta": 0.752998}}
{"target": -1.9835891051270724, "params": {"C": 58.05561816215083, "epsilon": 10.536698537484357, "gamma": 0.061867903844772, "lamda": 0.04372922504963842}, "datetime": {"datetime": "2021-09-17 08:31:33", "elapsed": 58.074275, "delta": 1.174564}}
{"target": -1.9851423212335704, "params": {"C": 57.91887605626652, "epsilon": 10.598988014741755, "gamma": 0.06022457812182448, "lamda": 0.04147971358042869}, "datetime": {"datetime": "2021-09-17 08:31:34", "elapsed": 59.179987, "delta": 1.105712}}
{"target": -1.9825239582352772, "params": {"C": 58.953996115406724, "epsilon": 10.064194840723209, "gamma": 0.06098891020164163, "lamda": 0.04320090412032383}, "datetime": {"datetime": "2021-09-17 08:31:34", "elapsed": 59.790952, "delta": 0.610965}}
{"target": -1.984424719794349, "params": {"C": 58.03891624231739, "epsilon": 10.685903326715463, "gamma": 0.060853550379572394, "lamda": 0.044861389744375514}, "datetime": {"datetime": "2021-09-17 08:31:35", "elapsed": 60.737781, "delta": 0.946829}}
{"target": -1.9968492758577692, "params": {"C": 59.62025327342547, "epsilon": 10.217750698144854, "gamma": 0.06210796545904238, "lamda": 0.044534988404219975}, "datetime": {"datetime": "2021-09-17 08:31:36", "elapsed": 61.262782, "delta": 0.525001}}
{"target": -1.9853938569225038, "params": {"C": 57.90805539068314, "epsilon": 10.745768997989295, "gamma": 0.060010943172969955, "lamda": 0.04086916814169969}, "datetime": {"datetime": "2021-09-17 08:31:37", "elapsed": 62.264199, "delta": 1.001417}}
{"target": -1.9832141513881532, "params": {"C": 58.12559760313031, "epsilon": 10.814150521784573, "gamma": 0.06217699762887288, "lamda": 0.040837940979991626}, "datetime": {"datetime": "2021-09-17 08:31:38", "elapsed": 63.159976, "delta": 0.895777}}
{"target": -1.9836493473875862, "params": {"C": 57.96544563934186, "epsilon": 10.880685157145987, "gamma": 0.062018925423094305, "lamda": 0.04475884066582212}, "datetime": {"datetime": "2021-09-17 08:31:39", "elapsed": 64.188763, "delta": 1.028787}}
{"target": -1.9846759475164997, "params": {"C": 58.11656509220779, "epsilon": 10.966007412614987, "gamma": 0.06028792722080675, "lamda": 0.0400878604347836}, "datetime": {"datetime": "2021-09-17 08:31:40", "elapsed": 64.974762, "delta": 0.785999}}
{"target": -1.9962098868763913, "params": {"C": 60.72280872408183, "epsilon": 10.912490410941594, "gamma": 0.06226482820441931, "lamda": 0.043446744028348194}, "datetime": {"datetime": "2021-09-17 08:31:40", "elapsed": 65.547185, "delta": 0.572423}}
{"target": -1.9980154036768345, "params": {"C": 58.94383704753118, "epsilon": 10.248616906312556, "gamma": 0.06216054913239744, "lamda": 0.04410340937732628}, "datetime": {"datetime": "2021-09-17 08:31:41", "elapsed": 66.428536, "delta": 0.881351}}
{"target": -1.9705564152939765, "params": {"C": 57.08416980047261, "epsilon": 10.80862538494156, "gamma": 0.06209958217360536, "lamda": 0.041783393302670224}, "datetime": {"datetime": "2021-09-17 08:31:42", "elapsed": 67.074532, "delta": 0.645996}}
{"target": -1.9680058376726215, "params": {"C": 59.06907868053823, "epsilon": 10.157552988099381, "gamma": 0.06133648349741272, "lamda": 0.04417200277722836}, "datetime": {"datetime": "2021-09-17 08:31:42", "elapsed": 67.874744, "delta": 0.800212}}
{"target": -1.9967599841669448, "params": {"C": 59.57980259443188, "epsilon": 10.125220768945884, "gamma": 0.06203831627664614, "lamda": 0.04128421750382851}, "datetime": {"datetime": "2021-09-17 08:31:43", "elapsed": 68.437737, "delta": 0.562993}}
{"target": -1.9999610794679437, "params": {"C": 58.279516832480795, "epsilon": 10.75205570016453, "gamma": 0.06277601130252797, "lamda": 0.04240911928920647}, "datetime": {"datetime": "2021-09-17 08:31:44", "elapsed": 69.017736, "delta": 0.579999}}
{"target": -1.981626536592977, "params": {"C": 59.16479522340057, "epsilon": 10.305956967468841, "gamma": 0.061621378358970594, "lamda": 0.042286658689242945}, "datetime": {"datetime": "2021-09-17 08:31:45", "elapsed": 70.032353, "delta": 1.014617}}
{"target": -2.0152622133629827, "params": {"C": 60.56415702695953, "epsilon": 10.848012627578504, "gamma": 0.06248454070116595, "lamda": 0.04196326195707046}, "datetime": {"datetime": "2021-09-17 08:31:46", "elapsed": 71.152357, "delta": 1.120004}}
{"target": -1.9804561104700216, "params": {"C": 60.53294176049489, "epsilon": 10.682429400869692, "gamma": 0.060169701969042144, "lamda": 0.04421257107906025}, "datetime": {"datetime": "2021-09-17 08:31:47", "elapsed": 71.992371, "delta": 0.840014}}
{"target": -1.9803387555886631, "params": {"C": 60.68969726227307, "epsilon": 10.747852678024792, "gamma": 0.06, "lamda": 0.045}, "datetime": {"datetime": "2021-09-17 08:31:48", "elapsed": 73.064371, "delta": 1.072}}
{"target": -1.9831727474966085, "params": {"C": 58.52065138636112, "epsilon": 10.848395832333338, "gamma": 0.06123281391551507, "lamda": 0.041864189866455626}, "datetime": {"datetime": "2021-09-17 08:31:48", "elapsed": 73.686909, "delta": 0.622538}}
{"target": -1.9836484098462208, "params": {"C": 58.52368425396024, "epsilon": 10.818951424338756, "gamma": 0.060594209465516836, "lamda": 0.043360121261585484}, "datetime": {"datetime": "2021-09-17 08:31:49", "elapsed": 74.443661, "delta": 0.756752}}
{"target": -1.9834998112665314, "params": {"C": 58.48898400614674, "epsilon": 10.837184804618992, "gamma": 0.06088206110060345, "lamda": 0.04231765308012622}, "datetime": {"datetime": "2021-09-17 08:31:50", "elapsed": 75.367532, "delta": 0.923871}}
{"target": -1.983697322610467, "params": {"C": 58.63343397727528, "epsilon": 10.538594918632587, "gamma": 0.06024571189480834, "lamda": 0.04359459216522662}, "datetime": {"datetime": "2021-09-17 08:31:51", "elapsed": 76.387569, "delta": 1.020037}}
{"target": -1.9990293157932464, "params": {"C": 58.146261384491396, "epsilon": 10.103867111066693, "gamma": 0.06256069922050382, "lamda": 0.040705762734646524}, "datetime": {"datetime": "2021-09-17 08:31:52", "elapsed": 77.070059, "delta": 0.68249}}
{"target": -1.9810710338832056, "params": {"C": 59.879212303468584, "epsilon": 10.287037426865421, "gamma": 0.060737986123019956, "lamda": 0.04087857388057674}, "datetime": {"datetime": "2021-09-17 08:31:52", "elapsed": 77.765864, "delta": 0.695805}}
{"target": -1.9652909455112204, "params": {"C": 60.20297827470215, "epsilon": 10.968261575719398, "gamma": 0.06094027253447773, "lamda": 0.04346161307834657}, "datetime": {"datetime": "2021-09-17 08:35:10", "elapsed": 275.959501, "delta": 198.193637}}
{"target": -16.10707178737155, "params": {"C": 60.505556609184154, "epsilon": 10.894606663503847, "gamma": 0.06025513263410933, "lamda": 0.04019527391616441}, "datetime": {"datetime": "2021-09-17 08:35:18", "elapsed": 283.347473, "delta": 7.387972}}
{"target": -1.985590563991865, "params": {"C": 57.679321678258276, "epsilon": 10.878142503429412, "gamma": 0.06029504050149915, "lamda": 0.04210553812502526}, "datetime": {"datetime": "2021-09-17 08:35:18", "elapsed": 283.870474, "delta": 0.523001}}
{"target": -1.9953952633628476, "params": {"C": 60.83155812060201, "epsilon": 10.533165284973016, "gamma": 0.06207563134185142, "lamda": 0.04157757815503031}, "datetime": {"datetime": "2021-09-17 08:35:19", "elapsed": 284.310195, "delta": 0.439721}}
{"target": -1.9818861931963132, "params": {"C": 59.746003710726335, "epsilon": 10.834625671897372, "gamma": 0.060054864832032574, "lamda": 0.043750721574724837}, "datetime": {"datetime": "2021-09-17 08:35:19", "elapsed": 284.706768, "delta": 0.396573}}
{"target": -1.9991229737784277, "params": {"C": 58.61039268873295, "epsilon": 10.579506501155587, "gamma": 0.06255136070743805, "lamda": 0.0441340738806892}, "datetime": {"datetime": "2021-09-17 08:35:20", "elapsed": 285.794766, "delta": 1.087998}}
{"target": -1.9984938939555768, "params": {"C": 59.24248896597113, "epsilon": 10.815863576220876, "gamma": 0.06212166528307439, "lamda": 0.04079895337767858}, "datetime": {"datetime": "2021-09-17 08:35:21", "elapsed": 286.473769, "delta": 0.679003}}
{"target": -1.9967678475889419, "params": {"C": 59.61579627799465, "epsilon": 10.167438085190934, "gamma": 0.06218170462443681, "lamda": 0.043499445609191445}, "datetime": {"datetime": "2021-09-17 08:35:22", "elapsed": 287.317993, "delta": 0.844224}}
{"target": -1.996879540983528, "params": {"C": 59.58023401732054, "epsilon": 10.193358046488955, "gamma": 0.061901490160756405, "lamda": 0.0424546480113862}, "datetime": {"datetime": "2021-09-17 08:35:23", "elapsed": 288.441699, "delta": 1.123706}}
{"target": -1.999223451241467, "params": {"C": 58.5617568669379, "epsilon": 10.596347479275979, "gamma": 0.0628075694415417, "lamda": 0.04101513926100164}, "datetime": {"datetime": "2021-09-17 08:35:24", "elapsed": 289.142942, "delta": 0.701243}}
{"target": -1.9830136630743933, "params": {"C": 58.59720961454081, "epsilon": 10.622368307680441, "gamma": 0.061247113638326335, "lamda": 0.044017199691032294}, "datetime": {"datetime": "2021-09-17 08:35:25", "elapsed": 290.072576, "delta": 0.929634}}
{"target": -1.999107547461368, "params": {"C": 58.64797419698253, "epsilon": 10.609432015593397, "gamma": 0.06267468326956559, "lamda": 0.041713462183259886}, "datetime": {"datetime": "2021-09-17 08:35:25", "elapsed": 290.851031, "delta": 0.778455}}
{"target": -1.9837183311933537, "params": {"C": 58.633107816434425, "epsilon": 10.65555709941636, "gamma": 0.06019824902486809, "lamda": 0.040384448806200506}, "datetime": {"datetime": "2021-09-17 08:35:26", "elapsed": 291.797927, "delta": 0.946896}}
{"target": -1.9991719803567327, "params": {"C": 58.544089963912874, "epsilon": 10.554200124398955, "gamma": 0.063, "lamda": 0.045}, "datetime": {"datetime": "2021-09-17 08:35:27", "elapsed": 292.697917, "delta": 0.89999}}
{"target": -1.9991461582953791, "params": {"C": 58.68243622824323, "epsilon": 10.661035269656693, "gamma": 0.062437119756641964, "lamda": 0.04236242033014142}, "datetime": {"datetime": "2021-09-17 08:35:28", "elapsed": 293.463845, "delta": 0.765928}}
{"target": -1.9959921249326336, "params": {"C": 60.19726130157294, "epsilon": 10.272022464927424, "gamma": 0.062095917839789086, "lamda": 0.04221951631791741}, "datetime": {"datetime": "2021-09-17 08:35:29", "elapsed": 294.085877, "delta": 0.622032}}
{"target": -1.9990450741021661, "params": {"C": 58.691438669496335, "epsilon": 10.614040042859164, "gamma": 0.062202713699595145, "lamda": 0.041666297162314334}, "datetime": {"datetime": "2021-09-17 08:35:29", "elapsed": 294.957973, "delta": 0.872096}}
{"target": -1.996680207306052, "params": {"C": 59.62700785483673, "epsilon": 10.119114131621687, "gamma": 0.0616797714592525, "lamda": 0.04389711368573911}, "datetime": {"datetime": "2021-09-17 08:35:30", "elapsed": 295.766471, "delta": 0.808498}}
{"target": -1.996847032514049, "params": {"C": 59.54615465079576, "epsilon": 10.165429176179186, "gamma": 0.06279489080615705, "lamda": 0.042186552174036995}, "datetime": {"datetime": "2021-09-17 08:35:31", "elapsed": 296.520909, "delta": 0.754438}}
{"target": -1.9826831069784658, "params": {"C": 58.58740444929878, "epsilon": 10.662342601568087, "gamma": 0.06170200549868353, "lamda": 0.0404065518650184}, "datetime": {"datetime": "2021-09-17 08:35:32", "elapsed": 297.448697, "delta": 0.927788}}
{"target": -1.9966042367633825, "params": {"C": 59.59854666080729, "epsilon": 10.083431480973337, "gamma": 0.063, "lamda": 0.045}, "datetime": {"datetime": "2021-09-17 08:35:33", "elapsed": 298.24948, "delta": 0.800783}}
{"target": -1.996744516204489, "params": {"C": 59.65432131079691, "epsilon": 10.181743284096873, "gamma": 0.061499078587760755, "lamda": 0.044394348272915524}, "datetime": {"datetime": "2021-09-17 08:35:34", "elapsed": 299.085934, "delta": 0.836454}}
{"target": -1.9970827687295478, "params": {"C": 59.27965205254357, "epsilon": 10.034830696340693, "gamma": 0.06251554593772263, "lamda": 0.04270170174824103}, "datetime": {"datetime": "2021-09-17 08:35:34", "elapsed": 299.802231, "delta": 0.716297}}
{"target": -1.9837045488439016, "params": {"C": 58.51256354446165, "epsilon": 10.585436524493701, "gamma": 0.06055674218066689, "lamda": 0.043065554507074506}, "datetime": {"datetime": "2021-09-17 08:35:35", "elapsed": 300.860063, "delta": 1.057832}}
{"target": -1.9966522352537321, "params": {"C": 59.66851575109876, "epsilon": 10.142432985815974, "gamma": 0.06167623076835141, "lamda": 0.043665279657219724}, "datetime": {"datetime": "2021-09-17 08:35:36", "elapsed": 301.865876, "delta": 1.005813}}
{"target": -1.9968359827163034, "params": {"C": 59.53313969797623, "epsilon": 10.121106475065131, "gamma": 0.06176453102624196, "lamda": 0.04449601018974808}, "datetime": {"datetime": "2021-09-17 08:35:37", "elapsed": 302.678647, "delta": 0.812771}}
{"target": -1.9966710974767958, "params": {"C": 59.55867412190498, "epsilon": 10.082998398232986, "gamma": 0.06298797501419884, "lamda": 0.04160329648943535}, "datetime": {"datetime": "2021-09-17 08:35:38", "elapsed": 303.630608, "delta": 0.951961}}
{"target": -1.9986931244842712, "params": {"C": 59.10919854530023, "epsilon": 10.808071303382254, "gamma": 0.06236999889311014, "lamda": 0.04321609852702153}, "datetime": {"datetime": "2021-09-17 08:35:39", "elapsed": 304.312567, "delta": 0.681959}}
{"target": -1.983157959577861, "params": {"C": 58.60005310619469, "epsilon": 10.705396947668817, "gamma": 0.06105146312620293, "lamda": 0.04123933113012322}, "datetime": {"datetime": "2021-09-17 08:35:40", "elapsed": 305.347839, "delta": 1.035272}}
{"target": -1.9843921770244268, "params": {"C": 57.27659878083375, "epsilon": 10.975469600456641, "gamma": 0.06281202451703062, "lamda": 0.04138907471488209}, "datetime": {"datetime": "2021-09-17 08:35:41", "elapsed": 306.105895, "delta": 0.758056}}
{"target": -1.9956600384994332, "params": {"C": 60.44248056648689, "epsilon": 10.311992097169671, "gamma": 0.062033760056139434, "lamda": 0.0444675402195464}, "datetime": {"datetime": "2021-09-17 08:35:41", "elapsed": 306.820785, "delta": 0.71489}}
{"target": -1.9832323273417582, "params": {"C": 58.71677425055215, "epsilon": 10.570481610846535, "gamma": 0.0606561355045432, "lamda": 0.043847808103349886}, "datetime": {"datetime": "2021-09-17 08:35:42", "elapsed": 307.779678, "delta": 0.958893}}
{"target": -1.9979964844491374, "params": {"C": 59.41647992950549, "epsilon": 10.690062841463648, "gamma": 0.06195667377769965, "lamda": 0.04207547009478863}, "datetime": {"datetime": "2021-09-17 08:35:43", "elapsed": 308.500553, "delta": 0.720875}}
{"target": -1.9965575489287346, "params": {"C": 59.66900318542604, "epsilon": 10.095891596524234, "gamma": 0.062186872610040377, "lamda": 0.04385843213559109}, "datetime": {"datetime": "2021-09-17 08:35:44", "elapsed": 309.324813, "delta": 0.82426}}
{"target": -1.9691824954319956, "params": {"C": 58.1026569941516, "epsilon": 10.392935599191498, "gamma": 0.06170451180037085, "lamda": 0.04059818006961391}, "datetime": {"datetime": "2021-09-17 08:35:45", "elapsed": 310.206222, "delta": 0.881409}}
{"target": -1.9819680999220326, "params": {"C": 59.64166967911042, "epsilon": 10.056448475273015, "gamma": 0.06016718405130375, "lamda": 0.043891989752165725}, "datetime": {"datetime": "2021-09-17 08:35:46", "elapsed": 311.11858, "delta": 0.912358}}
{"target": -1.9832114515395056, "params": {"C": 58.51273205410061, "epsilon": 10.585692478900114, "gamma": 0.06120226069157073, "lamda": 0.04468978819282269}, "datetime": {"datetime": "2021-09-17 08:35:46", "elapsed": 311.810294, "delta": 0.691714}}
{"target": -2.017309391026585, "params": {"C": 58.706894466314445, "epsilon": 10.527014185930291, "gamma": 0.06296887111743124, "lamda": 0.04154123009722566}, "datetime": {"datetime": "2021-09-17 08:35:47", "elapsed": 312.62359, "delta": 0.813296}}
{"target": -1.9988134211285034, "params": {"C": 58.75617357851593, "epsilon": 10.54276118235523, "gamma": 0.062128824030868626, "lamda": 0.040961436250014395}, "datetime": {"datetime": "2021-09-17 08:35:48", "elapsed": 313.555484, "delta": 0.931894}}
{"target": -1.983494162403103, "params": {"C": 58.797786500913226, "epsilon": 10.565744511676163, "gamma": 0.06, "lamda": 0.045}, "datetime": {"datetime": "2021-09-17 08:35:49", "elapsed": 314.563638, "delta": 1.008154}}
{"target": -1.9831051939931836, "params": {"C": 58.783489723418015, "epsilon": 10.509310307656012, "gamma": 0.06065540602378563, "lamda": 0.04438709058465886}, "datetime": {"datetime": "2021-09-17 08:35:50", "elapsed": 315.610539, "delta": 1.046901}}
{"target": -1.9817190316630309, "params": {"C": 59.16896900391346, "epsilon": 10.62697984673072, "gamma": 0.06149400591581973, "lamda": 0.04091341333966933}, "datetime": {"datetime": "2021-09-17 08:35:51", "elapsed": 316.420677, "delta": 0.810138}}
{"target": -1.984137328752386, "params": {"C": 57.4405840581998, "epsilon": 10.487163091808338, "gamma": 0.06272239039983668, "lamda": 0.04144497126863058}, "datetime": {"datetime": "2021-09-17 08:35:52", "elapsed": 317.250913, "delta": 0.830236}}
{"target": -1.9988963346183375, "params": {"C": 58.759388076362775, "epsilon": 10.588482591501222, "gamma": 0.062374549681507074, "lamda": 0.04063107030547226}, "datetime": {"datetime": "2021-09-17 08:35:53", "elapsed": 318.064176, "delta": 0.813263}}
{"target": -1.9834854207637425, "params": {"C": 58.737965084562084, "epsilon": 10.635769101475816, "gamma": 0.06027801911662513, "lamda": 0.04487064011420831}, "datetime": {"datetime": "2021-09-17 08:35:54", "elapsed": 319.042469, "delta": 0.978293}}
{"target": -1.9835154170739286, "params": {"C": 58.78643222977513, "epsilon": 10.625417671776534, "gamma": 0.06, "lamda": 0.045}, "datetime": {"datetime": "2021-09-17 08:35:55", "elapsed": 319.995526, "delta": 0.953057}}
{"target": -1.999111217581353, "params": {"C": 58.72379954499093, "epsilon": 10.680903498471457, "gamma": 0.06245138944831538, "lamda": 0.04083197090874251}, "datetime": {"datetime": "2021-09-17 08:35:55", "elapsed": 320.832233, "delta": 0.836707}}
{"target": -1.9827366123288694, "params": {"C": 58.82880696255146, "epsilon": 10.595107182100945, "gamma": 0.06102591450216294, "lamda": 0.040101957373521374}, "datetime": {"datetime": "2021-09-17 08:35:56", "elapsed": 321.897127, "delta": 1.064894}}
{"target": -1.9681527438038087, "params": {"C": 58.55148522289737, "epsilon": 10.69540763299225, "gamma": 0.06152794747437158, "lamda": 0.04157250549241128}, "datetime": {"datetime": "2021-09-17 08:35:57", "elapsed": 322.911933, "delta": 1.014806}}
{"target": -1.9822850046692875, "params": {"C": 58.76824976402701, "epsilon": 10.675765330629144, "gamma": 0.061762198752978247, "lamda": 0.044825031540984155}, "datetime": {"datetime": "2021-09-17 08:35:58", "elapsed": 323.899363, "delta": 0.98743}}
{"target": -1.9841119513550833, "params": {"C": 57.95517919962998, "epsilon": 10.306141147399057, "gamma": 0.06143872546292808, "lamda": 0.040643484096155244}, "datetime": {"datetime": "2021-09-17 08:35:59", "elapsed": 324.660294, "delta": 0.760931}}
{"target": -1.9835627757173604, "params": {"C": 58.74521195051208, "epsilon": 10.494607880977323, "gamma": 0.06007012484565069, "lamda": 0.04343187647014851}, "datetime": {"datetime": "2021-09-17 08:36:00", "elapsed": 325.662321, "delta": 1.002027}}
{"target": -1.9826714033965434, "params": {"C": 58.81469065647728, "epsilon": 10.663957515014928, "gamma": 0.06114583769990076, "lamda": 0.044978619556237484}, "datetime": {"datetime": "2021-09-17 08:36:01", "elapsed": 326.640212, "delta": 0.977891}}
{"target": -1.9835134184948722, "params": {"C": 58.773032738445465, "epsilon": 10.464267848379817, "gamma": 0.06006360660203996, "lamda": 0.04364713973080549}, "datetime": {"datetime": "2021-09-17 08:36:02", "elapsed": 327.779556, "delta": 1.139344}}
{"target": -1.998801978092972, "params": {"C": 58.84660528660452, "epsilon": 10.632733578100096, "gamma": 0.06198106329332569, "lamda": 0.042238434043341475}, "datetime": {"datetime": "2021-09-17 08:36:04", "elapsed": 329.369537, "delta": 1.589981}}
{"target": -1.9822833860555495, "params": {"C": 58.677603352938796, "epsilon": 10.319330146467749, "gamma": 0.06198841546245302, "lamda": 0.04281921399920649}, "datetime": {"datetime": "2021-09-17 08:36:05", "elapsed": 330.198308, "delta": 0.828771}}
{"target": -1.9828947927998193, "params": {"C": 58.81310038038467, "epsilon": 10.434606931477582, "gamma": 0.06085858612028364, "lamda": 0.04379046183799065}, "datetime": {"datetime": "2021-09-17 08:36:06", "elapsed": 331.339615, "delta": 1.141307}}
{"target": -1.9826064415759788, "params": {"C": 58.823701160964454, "epsilon": 10.391691199134657, "gamma": 0.0612080449873095, "lamda": 0.04424446587132402}, "datetime": {"datetime": "2021-09-17 08:36:07", "elapsed": 332.761573, "delta": 1.421958}}
