{"target": -15.519862363554802, "params": {"C": 60.49359773545608, "epsilon": 7.67898449250365, "gamma": 0.05616573663451693, "lamda": 0.024433901020852675}, "datetime": {"datetime": "2021-09-16 16:26:39", "elapsed": 2044.649151, "delta": 11.985611}}
{"target": -12.951294343164173, "params": {"C": 43.92302263958496, "epsilon": 5.991224067938392, "gamma": 0.06302241345479644, "lamda": 0.3638636210514096}, "datetime": {"datetime": "2021-09-16 16:26:51", "elapsed": 2056.279226, "delta": 11.630075}}
{"target": -13.626568874505985, "params": {"C": 48.971501655446005, "epsilon": 7.605027423878976, "gamma": 0.06851585334224111, "lamda": 0.11281656619240978}, "datetime": {"datetime": "2021-09-16 16:27:10", "elapsed": 2075.546088, "delta": 19.266862}}
{"target": -19.514479813720694, "params": {"C": 57.050448109323824, "epsilon": 12.933841396616998, "gamma": 0.06022712424153566, "lamda": 0.4578645052677612}, "datetime": {"datetime": "2021-09-16 16:27:30", "elapsed": 2094.893219, "delta": 19.347131}}
{"target": -2.0729426382107574, "params": {"C": 45.27059281308384, "epsilon": 7.446270934171374, "gamma": 0.05451113197179857, "lamda": 0.03158676541618808}, "datetime": {"datetime": "2021-09-16 16:27:30", "elapsed": 2095.753251, "delta": 0.860032}}
{"target": -14.722907836711919, "params": {"C": 54.754465633447836, "epsilon": 6.7769967047223325, "gamma": 0.05022349089591742, "lamda": 0.07450210821410362}, "datetime": {"datetime": "2021-09-16 16:27:42", "elapsed": 2106.9448, "delta": 11.191549}}
{"target": -2.0776440980289137, "params": {"C": 45.27857994164545, "epsilon": 7.486863822665422, "gamma": 0.05192485901081675, "lamda": 0.016672813817485317}, "datetime": {"datetime": "2021-09-16 16:27:43", "elapsed": 2108.145669, "delta": 1.200869}}
{"target": -2.063294624147838, "params": {"C": 50.895644048361156, "epsilon": 4.004829364279639, "gamma": 0.0501386219296422, "lamda": 0.00586369679973258}, "datetime": {"datetime": "2021-09-16 16:27:44", "elapsed": 2109.210331, "delta": 1.064662}}
{"target": -16.229153636641005, "params": {"C": 61.76928226687612, "epsilon": 9.376497796151696, "gamma": 0.060573714193964213, "lamda": 0.7304198803055091}, "datetime": {"datetime": "2021-09-16 16:28:03", "elapsed": 2128.633591, "delta": 19.42326}}
{"target": -2.0160692899354338, "params": {"C": 42.2645026669034, "epsilon": 10.046205843855315, "gamma": 0.06319188032255622, "lamda": 0.11676930927529156}, "datetime": {"datetime": "2021-09-16 16:28:04", "elapsed": 2129.757161, "delta": 1.12357}}
{"target": -2.046013356989963, "params": {"C": 54.658245981504294, "epsilon": 6.749123019859599, "gamma": 0.07, "lamda": 0.001}, "datetime": {"datetime": "2021-09-16 16:28:06", "elapsed": 2130.884998, "delta": 1.127837}}
{"target": -18.175107698071, "params": {"C": 62.29369214872019, "epsilon": 10.727295384519543, "gamma": 0.05130403014262687, "lamda": 0.963579931978039}, "datetime": {"datetime": "2021-09-16 16:28:25", "elapsed": 2150.297038, "delta": 19.41204}}
{"target": -14.155756227259396, "params": {"C": 46.13946717244479, "epsilon": 9.121041376466646, "gamma": 0.06771249589818928, "lamda": 0.18006004436618858}, "datetime": {"datetime": "2021-09-16 16:28:44", "elapsed": 2168.903894, "delta": 18.606856}}
{"target": -1.9980069573953538, "params": {"C": 57.34533857176037, "epsilon": 8.758245561276448, "gamma": 0.06314987196379442, "lamda": 0.04366425980703212}, "datetime": {"datetime": "2021-09-16 16:28:45", "elapsed": 2169.89831, "delta": 0.994416}}
{"target": -13.182182708815498, "params": {"C": 42.3576997948517, "epsilon": 5.026866873914418, "gamma": 0.06639427596301872, "lamda": 0.3763382165912017}, "datetime": {"datetime": "2021-09-16 16:28:56", "elapsed": 2181.687539, "delta": 11.789229}}
{"target": -18.571537844474257, "params": {"C": 64.66401830297133, "epsilon": 13.743264987988686, "gamma": 0.0553360575894637, "lamda": 0.9752093197906138}, "datetime": {"datetime": "2021-09-16 16:29:16", "elapsed": 2200.854162, "delta": 19.166623}}
{"target": -2.090262217749833, "params": {"C": 44.160891744119176, "epsilon": 4.955411163571123, "gamma": 0.050000004249670445, "lamda": 0.0010000042496704424}, "datetime": {"datetime": "2021-09-16 16:29:17", "elapsed": 2201.850447, "delta": 0.996285}}
{"target": -2.0353103868872844, "params": {"C": 59.75623256715869, "epsilon": 9.52136434218672, "gamma": 0.06736591711068615, "lamda": 0.07658801056848229}, "datetime": {"datetime": "2021-09-16 16:29:18", "elapsed": 2202.932498, "delta": 1.082051}}
{"target": -14.435728269231845, "params": {"C": 50.85802968139442, "epsilon": 4.026646586142372, "gamma": 0.05580215952611493, "lamda": 0.07736186235973322}, "datetime": {"datetime": "2021-09-16 16:29:26", "elapsed": 2211.12535, "delta": 8.192852}}
{"target": -1.9911619965377965, "params": {"C": 54.62607094770876, "epsilon": 8.559982140429238, "gamma": 0.06566769572864116, "lamda": 0.07559809162796811}, "datetime": {"datetime": "2021-09-16 16:29:27", "elapsed": 2212.067626, "delta": 0.942276}}
{"target": -18.577957891102468, "params": {"C": 58.383773811249185, "epsilon": 12.913548908558218, "gamma": 0.056912017888117776, "lamda": 0.8620245041758194}, "datetime": {"datetime": "2021-09-16 16:29:46", "elapsed": 2231.147212, "delta": 19.079586}}
{"target": -14.675737326347177, "params": {"C": 59.71013851877039, "epsilon": 9.588959588296564, "gamma": 0.06063915541005875, "lamda": 0.08470748755433478}, "datetime": {"datetime": "2021-09-16 16:29:57", "elapsed": 2242.555338, "delta": 11.408126}}
{"target": -15.353228407732729, "params": {"C": 54.70675315306789, "epsilon": 8.643009134181533, "gamma": 0.057684176356346525, "lamda": 0.02055898979357523}, "datetime": {"datetime": "2021-09-16 16:30:10", "elapsed": 2254.882301, "delta": 12.326963}}
{"target": -17.54145329761842, "params": {"C": 48.6069258268419, "epsilon": 9.353623629385954, "gamma": 0.05081630142013212, "lamda": 0.22275203092300747}, "datetime": {"datetime": "2021-09-16 16:30:28", "elapsed": 2273.313491, "delta": 18.43119}}
{"target": -17.6672313589771, "params": {"C": 64.86430489483143, "epsilon": 12.394672999176459, "gamma": 0.06373278471558502, "lamda": 0.6368865850347535}, "datetime": {"datetime": "2021-09-16 16:30:47", "elapsed": 2292.31123, "delta": 18.997739}}
{"target": -12.125426778808109, "params": {"C": 42.22915151432499, "epsilon": 5.092618545421172, "gamma": 0.07, "lamda": 0.3469664624125218}, "datetime": {"datetime": "2021-09-16 16:30:59", "elapsed": 2304.747645, "delta": 12.436415}}
{"target": -14.396836335142442, "params": {"C": 43.70174372495287, "epsilon": 4.004341747232464, "gamma": 0.05130529307530313, "lamda": 0.6849070130248912}, "datetime": {"datetime": "2021-09-16 16:31:12", "elapsed": 2316.861854, "delta": 12.114209}}
{"target": -1.9821251552725683, "params": {"C": 59.76099914555214, "epsilon": 9.447998106150731, "gamma": 0.059536646831532786, "lamda": 0.07142800961770442}, "datetime": {"datetime": "2021-09-16 16:31:13", "elapsed": 2317.97558, "delta": 1.113726}}
{"target": -18.79964463714525, "params": {"C": 45.77174500175518, "epsilon": 13.417872614132467, "gamma": 0.06261160063723567, "lamda": 0.6887091372061988}, "datetime": {"datetime": "2021-09-16 16:31:32", "elapsed": 2336.896965, "delta": 18.921385}}
{"target": -12.688347414237626, "params": {"C": 42.26926219512008, "epsilon": 9.918516825103492, "gamma": 0.057858091488535865, "lamda": 0.11614905417355306}, "datetime": {"datetime": "2021-09-16 16:31:43", "elapsed": 2348.56692, "delta": 11.669955}}
{"target": -2.0141848230736388, "params": {"C": 54.574372158236656, "epsilon": 8.65182439617123, "gamma": 0.05649916363922729, "lamda": 0.0015410136788036118}, "datetime": {"datetime": "2021-09-16 16:31:44", "elapsed": 2349.696075, "delta": 1.129155}}
{"target": -16.145272678720243, "params": {"C": 65.80826823469526, "epsilon": 5.181905954380608, "gamma": 0.052471257086759523, "lamda": 0.700697789074541}, "datetime": {"datetime": "2021-09-16 16:32:03", "elapsed": 2368.387083, "delta": 18.691008}}
{"target": -16.527700231907062, "params": {"C": 56.35187379115237, "epsilon": 10.063578260327526, "gamma": 0.0526592148727074, "lamda": 0.9026239698416765}, "datetime": {"datetime": "2021-09-16 16:32:21", "elapsed": 2386.573135, "delta": 18.186052}}
{"target": -2.0592161254484536, "params": {"C": 54.585953366795096, "epsilon": 8.578143263163351, "gamma": 0.07, "lamda": 0.01972131227690129}, "datetime": {"datetime": "2021-09-16 16:32:22", "elapsed": 2387.762288, "delta": 1.189153}}
{"target": -2.0070971396242205, "params": {"C": 55.84624759759664, "epsilon": 10.101939656948325, "gamma": 0.058606875168992115, "lamda": 0.048773492430376014}, "datetime": {"datetime": "2021-09-16 16:32:24", "elapsed": 2388.931153, "delta": 1.168865}}
{"target": -18.1776577922875, "params": {"C": 53.859961115532045, "epsilon": 12.923748603438696, "gamma": 0.0631611243199412, "lamda": 0.8493671362620516}, "datetime": {"datetime": "2021-09-16 16:32:42", "elapsed": 2407.65079, "delta": 18.719637}}
{"target": -14.939033026759537, "params": {"C": 58.334671180154544, "epsilon": 4.718644737749034, "gamma": 0.05243683926696335, "lamda": 0.8734766981578092}, "datetime": {"datetime": "2021-09-16 16:32:54", "elapsed": 2419.31535, "delta": 11.66456}}
{"target": -15.162987275359066, "params": {"C": 54.625033408014474, "epsilon": 8.487262449899452, "gamma": 0.05984602548884728, "lamda": 0.020644042154865684}, "datetime": {"datetime": "2021-09-16 16:33:07", "elapsed": 2432.134892, "delta": 12.819542}}
{"target": -1.9959485470950753, "params": {"C": 53.751262965367104, "epsilon": 5.742110702085201, "gamma": 0.05985994238147042, "lamda": 0.005297853894032468}, "datetime": {"datetime": "2021-09-16 16:33:08", "elapsed": 2433.408068, "delta": 1.273176}}
{"target": -17.157265222086618, "params": {"C": 44.27218415557476, "epsilon": 11.43233391497007, "gamma": 0.0669582411136593, "lamda": 0.26357917702439965}, "datetime": {"datetime": "2021-09-16 16:33:27", "elapsed": 2452.30513, "delta": 18.897062}}
{"target": -14.816445387385713, "params": {"C": 46.3001871628418, "epsilon": 5.236371010493279, "gamma": 0.06246069466507986, "lamda": 0.061372840465868335}, "datetime": {"datetime": "2021-09-16 16:33:35", "elapsed": 2460.326611, "delta": 8.021481}}
{"target": -2.0032202580307925, "params": {"C": 54.663403684316265, "epsilon": 8.679048099589073, "gamma": 0.06247190476999914, "lamda": 0.06208276226753287}, "datetime": {"datetime": "2021-09-16 16:33:36", "elapsed": 2461.341047, "delta": 1.014436}}
{"target": -16.692142145369324, "params": {"C": 45.184533707392895, "epsilon": 7.5221293065236265, "gamma": 0.054908802930255435, "lamda": 0.029482987336734236}, "datetime": {"datetime": "2021-09-16 16:33:48", "elapsed": 2473.496023, "delta": 12.154976}}
{"target": -14.773380714509987, "params": {"C": 62.53679302192383, "epsilon": 5.268343804621324, "gamma": 0.061631025884756434, "lamda": 0.1538911799588798}, "datetime": {"datetime": "2021-09-16 16:34:00", "elapsed": 2484.785437, "delta": 11.289414}}
{"target": -2.0704510325404715, "params": {"C": 47.32614481358915, "epsilon": 5.441237538906018, "gamma": 0.052081395690084555, "lamda": 0.014912988449457334}, "datetime": {"datetime": "2021-09-16 16:34:01", "elapsed": 2486.107297, "delta": 1.32186}}
{"target": -15.678149049807468, "params": {"C": 41.2632960548767, "epsilon": 13.065282817790028, "gamma": 0.0582227507009651, "lamda": 0.0672740222091588}, "datetime": {"datetime": "2021-09-16 16:34:13", "elapsed": 2498.301681, "delta": 12.194384}}
{"target": -2.001056321187182, "params": {"C": 53.721638098743945, "epsilon": 5.677477619153467, "gamma": 0.06280102591633538, "lamda": 0.007457987754312747}, "datetime": {"datetime": "2021-09-16 16:34:14", "elapsed": 2499.606484, "delta": 1.304803}}
{"target": -18.757667276517903, "params": {"C": 52.711981694756304, "epsilon": 13.564816276414875, "gamma": 0.0655566711821639, "lamda": 0.5500782659852083}, "datetime": {"datetime": "2021-09-16 16:34:33", "elapsed": 2518.430329, "delta": 18.823845}}
{"target": -12.095815018351733, "params": {"C": 50.22129408101264, "epsilon": 5.431970068949476, "gamma": 0.06978270205752655, "lamda": 0.5237888418367189}, "datetime": {"datetime": "2021-09-16 16:34:45", "elapsed": 2530.155316, "delta": 11.724987}}
{"target": -2.037207393430015, "params": {"C": 44.582639448134735, "epsilon": 4.030590769167907, "gamma": 0.05778936778254467, "lamda": 0.01333367133065777}, "datetime": {"datetime": "2021-09-16 16:34:46", "elapsed": 2531.602967, "delta": 1.447651}}
{"target": -13.436414941887453, "params": {"C": 60.596211740050016, "epsilon": 7.682872210544586, "gamma": 0.0677106033269887, "lamda": 0.027567950980782713}, "datetime": {"datetime": "2021-09-16 16:35:05", "elapsed": 2549.881151, "delta": 18.278184}}
{"target": -14.313526756308056, "params": {"C": 51.1548436535725, "epsilon": 5.439248010439208, "gamma": 0.06962749423098921, "lamda": 0.9593999917874926}, "datetime": {"datetime": "2021-09-16 16:35:24", "elapsed": 2569.126579, "delta": 19.245428}}
{"target": -16.931008484804273, "params": {"C": 42.20488567106386, "epsilon": 10.057274338643923, "gamma": 0.056880927762342895, "lamda": 0.1217977975613835}, "datetime": {"datetime": "2021-09-16 16:35:43", "elapsed": 2588.069139, "delta": 18.94256}}
{"target": -2.025687530072511, "params": {"C": 47.42473187141694, "epsilon": 5.387820596783213, "gamma": 0.05873076174743817, "lamda": 0.00636433681926515}, "datetime": {"datetime": "2021-09-16 16:35:44", "elapsed": 2589.545046, "delta": 1.475907}}
{"target": -14.14439371413735, "params": {"C": 47.419596239940624, "epsilon": 5.408494266899664, "gamma": 0.05661732195213767, "lamda": 0.06911828272732597}, "datetime": {"datetime": "2021-09-16 16:36:03", "elapsed": 2607.794484, "delta": 18.249438}}
{"target": -2.0621486752269327, "params": {"C": 55.84985004166443, "epsilon": 10.029177077414657, "gamma": 0.06669471697655849, "lamda": 0.024264460157031438}, "datetime": {"datetime": "2021-09-16 16:36:04", "elapsed": 2608.858954, "delta": 1.06447}}
{"target": -16.20838684562478, "params": {"C": 44.81738464590371, "epsilon": 7.9493182596674306, "gamma": 0.06652699716938243, "lamda": 0.709199220157046}, "datetime": {"datetime": "2021-09-16 16:36:22", "elapsed": 2627.701126, "delta": 18.842172}}
{"target": -13.116592337632195, "params": {"C": 48.9337594915896, "epsilon": 5.529455156790758, "gamma": 0.06982446887034234, "lamda": 0.03685391305289142}, "datetime": {"datetime": "2021-09-16 16:36:40", "elapsed": 2645.436634, "delta": 17.735508}}
{"target": -15.486822601614898, "params": {"C": 56.25471419029701, "epsilon": 6.164288105762478, "gamma": 0.05418977184796545, "lamda": 0.8608061736628818}, "datetime": {"datetime": "2021-09-16 16:36:59", "elapsed": 2663.965942, "delta": 18.529308}}
{"target": -19.52080665531954, "params": {"C": 46.27605649247205, "epsilon": 15.310556075897676, "gamma": 0.06992874425389696, "lamda": 0.599012765945535}, "datetime": {"datetime": "2021-09-16 16:37:18", "elapsed": 2683.111015, "delta": 19.145073}}
{"target": -15.274775836514896, "params": {"C": 57.368819265961896, "epsilon": 8.813790322726241, "gamma": 0.052911542438671015, "lamda": 0.0442962465210408}, "datetime": {"datetime": "2021-09-16 16:37:31", "elapsed": 2696.221949, "delta": 13.110934}}
{"target": -14.175556685237968, "params": {"C": 48.892082622393964, "epsilon": 7.704683957187986, "gamma": 0.05416983611996218, "lamda": 0.08312254583903998}, "datetime": {"datetime": "2021-09-16 16:37:42", "elapsed": 2707.537435, "delta": 11.315486}}
{"target": -15.495625311481371, "params": {"C": 59.47819106614893, "epsilon": 6.372076355950017, "gamma": 0.05293202962344312, "lamda": 0.019358999386145385}, "datetime": {"datetime": "2021-09-16 16:37:55", "elapsed": 2720.342426, "delta": 12.804991}}
{"target": -2.0854166054789443, "params": {"C": 47.36290839625531, "epsilon": 7.471066258420417, "gamma": 0.05277453873768893, "lamda": 0.003489441157125577}, "datetime": {"datetime": "2021-09-16 16:37:57", "elapsed": 2721.791446, "delta": 1.44902}}
{"target": -1.9757562824286568, "params": {"C": 59.54873684231236, "epsilon": 6.353080306802375, "gamma": 0.058726886873812736, "lamda": 0.009584627579793954}, "datetime": {"datetime": "2021-09-16 16:37:58", "elapsed": 2723.097044, "delta": 1.305598}}
{"target": -2.0055991537718314, "params": {"C": 46.069045482212005, "epsilon": 9.134827937299614, "gamma": 0.06583798294937668, "lamda": 0.09631536140896421}, "datetime": {"datetime": "2021-09-16 16:37:59", "elapsed": 2724.416777, "delta": 1.319733}}
{"target": -2.0030355347256625, "params": {"C": 58.361311456724906, "epsilon": 8.227560208000577, "gamma": 0.05658210266054989, "lamda": 0.0011547558025810263}, "datetime": {"datetime": "2021-09-16 16:38:00", "elapsed": 2725.76987, "delta": 1.353093}}
{"target": -2.034728122598557, "params": {"C": 40.4899207228105, "epsilon": 14.509482360189558, "gamma": 0.06455612166560172, "lamda": 0.008772369639495256}, "datetime": {"datetime": "2021-09-16 16:38:02", "elapsed": 2726.818304, "delta": 1.048434}}
{"target": -15.947524673834538, "params": {"C": 44.203831372668084, "epsilon": 4.921715748198329, "gamma": 0.052490942793444434, "lamda": 0.030818508479196392}, "datetime": {"datetime": "2021-09-16 16:38:14", "elapsed": 2739.03739, "delta": 12.219086}}
{"target": -14.086251451123943, "params": {"C": 51.34458270984018, "epsilon": 10.367726306535413, "gamma": 0.061331820856148876, "lamda": 0.10643760866631664}, "datetime": {"datetime": "2021-09-16 16:38:32", "elapsed": 2757.132229, "delta": 18.094839}}
{"target": -19.75136270573183, "params": {"C": 66.9852311566795, "epsilon": 14.152742369942308, "gamma": 0.05622960084053886, "lamda": 0.19845651977576048}, "datetime": {"datetime": "2021-09-16 16:38:51", "elapsed": 2776.69536, "delta": 19.563131}}
{"target": -15.799524324559815, "params": {"C": 67.76662896494533, "epsilon": 7.690554279406241, "gamma": 0.06708569083849875, "lamda": 0.8759832259031811}, "datetime": {"datetime": "2021-09-16 16:39:11", "elapsed": 2796.021193, "delta": 19.325833}}
{"target": -1.9991517751555277, "params": {"C": 51.3324521762142, "epsilon": 10.489299788586424, "gamma": 0.06460223756181438, "lamda": 0.001}, "datetime": {"datetime": "2021-09-16 16:39:12", "elapsed": 2797.592394, "delta": 1.571201}}
{"target": -13.895526905300912, "params": {"C": 47.43962351552445, "epsilon": 7.4157257298178605, "gamma": 0.06788244794873856, "lamda": 0.034521496972755486}, "datetime": {"datetime": "2021-09-16 16:39:23", "elapsed": 2808.376959, "delta": 10.784565}}
{"target": -16.389249706289068, "params": {"C": 60.73950392322692, "epsilon": 7.533150785293584, "gamma": 0.057734312817184316, "lamda": 0.8816423796496433}, "datetime": {"datetime": "2021-09-16 16:39:42", "elapsed": 2827.422448, "delta": 19.045489}}
{"target": -16.794003710185148, "params": {"C": 39.545197773672186, "epsilon": 6.060868818903961, "gamma": 0.053720468850947445, "lamda": 0.3691536046115992}, "datetime": {"datetime": "2021-09-16 16:40:02", "elapsed": 2846.875755, "delta": 19.453307}}
{"target": -14.949576894034545, "params": {"C": 64.7960349205038, "epsilon": 4.413223093816158, "gamma": 0.05036665721679497, "lamda": 0.9659830902718415}, "datetime": {"datetime": "2021-09-16 16:40:14", "elapsed": 2858.943023, "delta": 12.067268}}
{"target": -16.047518765453447, "params": {"C": 63.673760417230326, "epsilon": 7.9393207985868814, "gamma": 0.06615851422337998, "lamda": 0.9466990498457094}, "datetime": {"datetime": "2021-09-16 16:40:33", "elapsed": 2878.110765, "delta": 19.167742}}
{"target": -14.349191984139475, "params": {"C": 44.70363415778397, "epsilon": 4.695326978845232, "gamma": 0.055465792445845825, "lamda": 0.1163716777231329}, "datetime": {"datetime": "2021-09-16 16:40:45", "elapsed": 2890.56371, "delta": 12.452945}}
{"target": -13.821276296001297, "params": {"C": 46.10635593017716, "epsilon": 9.060127546803361, "gamma": 0.06572694374312371, "lamda": 0.09016286309319364}, "datetime": {"datetime": "2021-09-16 16:41:04", "elapsed": 2909.096523, "delta": 18.532813}}
{"target": -18.305220417134294, "params": {"C": 48.273545585366314, "epsilon": 12.597636728468833, "gamma": 0.05446632360449978, "lamda": 0.13292782822377275}, "datetime": {"datetime": "2021-09-16 16:41:17", "elapsed": 2921.884457, "delta": 12.787934}}
{"target": -2.0314543576636557, "params": {"C": 41.29648162856668, "epsilon": 12.997435031303375, "gamma": 0.06171028178355493, "lamda": 0.01506098504454733}, "datetime": {"datetime": "2021-09-16 16:41:18", "elapsed": 2923.472582, "delta": 1.588125}}
{"target": -16.902348794797405, "params": {"C": 46.41100878159614, "epsilon": 9.881972187803095, "gamma": 0.060540891429423094, "lamda": 0.949476977172076}, "datetime": {"datetime": "2021-09-16 16:41:38", "elapsed": 2943.362494, "delta": 19.889912}}
{"target": -2.0322056602312526, "params": {"C": 47.36316381487539, "epsilon": 5.392734633952461, "gamma": 0.0568343170097678, "lamda": 0.001}, "datetime": {"datetime": "2021-09-16 16:41:40", "elapsed": 2945.114713, "delta": 1.752219}}
{"target": -15.207352685203531, "params": {"C": 53.75095985953955, "epsilon": 5.734736037701931, "gamma": 0.05817847644786067, "lamda": 0.07092342465439781}, "datetime": {"datetime": "2021-09-16 16:41:53", "elapsed": 2958.28295, "delta": 13.168237}}
{"target": -16.17648021411506, "params": {"C": 58.49846198852687, "epsilon": 6.108977141943578, "gamma": 0.05119327430339351, "lamda": 0.49749862720763993}, "datetime": {"datetime": "2021-09-16 16:42:12", "elapsed": 2977.104685, "delta": 18.821735}}
{"target": -16.31615940404857, "params": {"C": 38.074006709695674, "epsilon": 8.776515767335916, "gamma": 0.06307330963883241, "lamda": 0.7984496604688688}, "datetime": {"datetime": "2021-09-16 16:42:31", "elapsed": 2996.522312, "delta": 19.417627}}
{"target": -17.567394877456962, "params": {"C": 37.22374603546553, "epsilon": 11.489762101592866, "gamma": 0.06641911237076345, "lamda": 0.8943004538965419}, "datetime": {"datetime": "2021-09-16 16:42:51", "elapsed": 3016.218636, "delta": 19.696324}}
