{"target": -1.9858088195892296, "params": {"C": 46.58142373032006, "epsilon": 12.92643694328262, "gamma": 0.07, "lamda": 0.005}, "datetime": {"datetime": "2021-09-17 08:05:48", "elapsed": 1081.203284, "delta": 1.426786}}
{"target": -20.35500409809996, "params": {"C": 60.863730498144065, "epsilon": 16.08703221439407, "gamma": 0.06283497122583245, "lamda": 0.2306944109398448}, "datetime": {"datetime": "2021-09-17 08:06:07", "elapsed": 1100.674289, "delta": 19.471005}}
{"target": -18.357775599329027, "params": {"C": 46.78092555040049, "epsilon": 12.961381140629907, "gamma": 0.07, "lamda": 0.26623994905134213}, "datetime": {"datetime": "2021-09-17 08:06:20", "elapsed": 1112.825095, "delta": 12.150806}}
{"target": -2.1140583787144758, "params": {"C": 47.15554467246279, "epsilon": 12.597927971977668, "gamma": 0.053343626309870884, "lamda": 0.03743737221305911}, "datetime": {"datetime": "2021-09-17 08:06:21", "elapsed": 1113.959016, "delta": 1.133921}}
{"target": -20.628469484817867, "params": {"C": 65.57019730089752, "epsilon": 15.803493543681991, "gamma": 0.05114403880007302, "lamda": 0.2640474490364125}, "datetime": {"datetime": "2021-09-17 08:06:39", "elapsed": 1132.182017, "delta": 18.223001}}
{"target": -2.048763667971705, "params": {"C": 47.42191214726821, "epsilon": 12.66422039611265, "gamma": 0.055367998178702825, "lamda": 0.024066070058198902}, "datetime": {"datetime": "2021-09-17 08:06:40", "elapsed": 1133.507015, "delta": 1.324998}}
{"target": -19.125616999721, "params": {"C": 47.374631687973704, "epsilon": 12.644464317313192, "gamma": 0.05076861319114086, "lamda": 0.016622592084846333}, "datetime": {"datetime": "2021-09-17 08:06:52", "elapsed": 1145.413719, "delta": 11.906704}}
{"target": -15.73316647153374, "params": {"C": 55.9507875811448, "epsilon": 8.78816100517609, "gamma": 0.062450879585434424, "lamda": 0.8265951612434809}, "datetime": {"datetime": "2021-09-17 08:07:11", "elapsed": 1164.041832, "delta": 18.628113}}
{"target": -13.967947823010057, "params": {"C": 50.253485597964904, "epsilon": 9.367552621389617, "gamma": 0.05959150308618721, "lamda": 0.13305333513489356}, "datetime": {"datetime": "2021-09-17 08:07:22", "elapsed": 1175.323555, "delta": 11.281723}}
{"target": -2.0505582855009727, "params": {"C": 46.262642730625615, "epsilon": 13.70775103279246, "gamma": 0.0562246514181657, "lamda": 0.011321779967191784}, "datetime": {"datetime": "2021-09-17 08:07:23", "elapsed": 1176.174539, "delta": 0.850984}}
{"target": -16.121518377714413, "params": {"C": 50.41174292397759, "epsilon": 8.229703946614205, "gamma": 0.06597008727248428, "lamda": 0.8573807554594939}, "datetime": {"datetime": "2021-09-17 08:07:42", "elapsed": 1195.130057, "delta": 18.955518}}
{"target": -2.0187755240604246, "params": {"C": 46.41920934295293, "epsilon": 12.604417320362135, "gamma": 0.06056672475950577, "lamda": 0.05253122438882553}, "datetime": {"datetime": "2021-09-17 08:07:43", "elapsed": 1195.887552, "delta": 0.757495}}
{"target": -2.026924824162856, "params": {"C": 47.03255289621554, "epsilon": 9.667066982323849, "gamma": 0.05680434591084043, "lamda": 0.033910327074168974}, "datetime": {"datetime": "2021-09-17 08:07:43", "elapsed": 1196.654776, "delta": 0.767224}}
{"target": -15.483393994270111, "params": {"C": 54.22681844116337, "epsilon": 9.512631611145238, "gamma": 0.06325610308302011, "lamda": 0.5660235858420923}, "datetime": {"datetime": "2021-09-17 08:08:02", "elapsed": 1215.089309, "delta": 18.434533}}
{"target": -2.0115802432575247, "params": {"C": 59.70857080619425, "epsilon": 8.464753865412089, "gamma": 0.0658973387691002, "lamda": 0.05726013473296219}, "datetime": {"datetime": "2021-09-17 08:08:03", "elapsed": 1216.006803, "delta": 0.917494}}
{"target": -14.874180186583706, "params": {"C": 48.51017155856072, "epsilon": 10.45157090969661, "gamma": 0.056107535220007484, "lamda": 0.07303360380052655}, "datetime": {"datetime": "2021-09-17 08:08:18", "elapsed": 1231.718327, "delta": 15.711524}}
{"target": -17.767236124870994, "params": {"C": 49.00898534416428, "epsilon": 11.110377267473684, "gamma": 0.05966340969692189, "lamda": 0.2599438524844541}, "datetime": {"datetime": "2021-09-17 08:08:36", "elapsed": 1249.562117, "delta": 17.84379}}
{"target": -18.440425082654567, "params": {"C": 48.91665292577149, "epsilon": 12.578154977253522, "gamma": 0.058695671452664994, "lamda": 0.5749673174678913}, "datetime": {"datetime": "2021-09-17 08:08:55", "elapsed": 1268.143883, "delta": 18.581766}}
{"target": -16.893855474683434, "params": {"C": 47.10007256376967, "epsilon": 7.0553998724962135, "gamma": 0.05627769038491916, "lamda": 0.9214327408856976}, "datetime": {"datetime": "2021-09-17 08:09:14", "elapsed": 1286.987574, "delta": 18.843691}}
{"target": -18.69996341868613, "params": {"C": 46.76998171047167, "epsilon": 12.663605534746083, "gamma": 0.055897299431775814, "lamda": 0.08493757545615808}, "datetime": {"datetime": "2021-09-17 08:09:26", "elapsed": 1299.584084, "delta": 12.59651}}
{"target": -2.091401971346267, "params": {"C": 64.75421709553126, "epsilon": 13.996639878381426, "gamma": 0.06851799008239791, "lamda": 0.021835294930074876}, "datetime": {"datetime": "2021-09-17 08:09:27", "elapsed": 1300.372165, "delta": 0.788081}}
{"target": -14.027035381589982, "params": {"C": 59.75244719516412, "epsilon": 8.47733961231722, "gamma": 0.051469851017158376, "lamda": 0.1370184754594153}, "datetime": {"datetime": "2021-09-17 08:09:40", "elapsed": 1312.905226, "delta": 12.533061}}
{"target": -15.10156946202577, "params": {"C": 58.384874084513925, "epsilon": 8.05879001008229, "gamma": 0.05557833082640827, "lamda": 0.08259735709137239}, "datetime": {"datetime": "2021-09-17 08:09:52", "elapsed": 1325.03263, "delta": 12.127404}}
{"target": -20.241521237936205, "params": {"C": 65.63423188177286, "epsilon": 15.977840976345782, "gamma": 0.0574366615251291, "lamda": 0.09508386018958907}, "datetime": {"datetime": "2021-09-17 08:10:04", "elapsed": 1337.266374, "delta": 12.233744}}
{"target": -15.134131199355672, "params": {"C": 46.597559735766495, "epsilon": 8.484400674649407, "gamma": 0.06876356058136432, "lamda": 0.5958688834225575}, "datetime": {"datetime": "2021-09-17 08:10:23", "elapsed": 1355.806305, "delta": 18.539931}}
{"target": -1.9846800597325605, "params": {"C": 59.364580062884876, "epsilon": 11.455032227305, "gamma": 0.05832209845844159, "lamda": 0.03547642633076649}, "datetime": {"datetime": "2021-09-17 08:10:23", "elapsed": 1356.654065, "delta": 0.84776}}
{"target": -2.08425631033837, "params": {"C": 62.76378169093488, "epsilon": 13.536331618454373, "gamma": 0.06763978442994677, "lamda": 0.03254945183235744}, "datetime": {"datetime": "2021-09-17 08:10:24", "elapsed": 1357.511398, "delta": 0.857333}}
{"target": -19.89273651311471, "params": {"C": 50.51484782387967, "epsilon": 14.275010040583757, "gamma": 0.06652828685464374, "lamda": 0.6233993081339614}, "datetime": {"datetime": "2021-09-17 08:10:42", "elapsed": 1375.426406, "delta": 17.915008}}
{"target": -17.0172172500545, "params": {"C": 46.13467910315276, "epsilon": 9.161749506466457, "gamma": 0.057540265411284215, "lamda": 0.5586427948695419}, "datetime": {"datetime": "2021-09-17 08:11:01", "elapsed": 1393.973658, "delta": 18.547252}}
{"target": -18.90191750374641, "params": {"C": 46.74733840707039, "epsilon": 12.715308654944842, "gamma": 0.0527465861144491, "lamda": 0.10100863640171712}, "datetime": {"datetime": "2021-09-17 08:11:20", "elapsed": 1413.036167, "delta": 19.062509}}
{"target": -18.439205847830777, "params": {"C": 57.599474980776776, "epsilon": 12.707930234377196, "gamma": 0.06381450500549074, "lamda": 0.7211166261138356}, "datetime": {"datetime": "2021-09-17 08:11:39", "elapsed": 1432.438867, "delta": 19.4027}}
{"target": -17.593336969661994, "params": {"C": 66.36821035582292, "epsilon": 11.148581672562369, "gamma": 0.06938578828120784, "lamda": 0.7706477952302622}, "datetime": {"datetime": "2021-09-17 08:11:58", "elapsed": 1450.835582, "delta": 18.396715}}
{"target": -18.14650772283082, "params": {"C": 61.04926458173249, "epsilon": 12.904809329354416, "gamma": 0.06677608189743489, "lamda": 0.7594441225725497}, "datetime": {"datetime": "2021-09-17 08:12:17", "elapsed": 1470.579222, "delta": 19.74364}}
{"target": -1.993791053482034, "params": {"C": 61.070069948897014, "epsilon": 8.72661220201573, "gamma": 0.0648596339207212, "lamda": 0.04822422260757511}, "datetime": {"datetime": "2021-09-17 08:12:18", "elapsed": 1471.424153, "delta": 0.844931}}
{"target": -17.361507875135455, "params": {"C": 64.92531623560127, "epsilon": 9.16898837347453, "gamma": 0.05110347625827608, "lamda": 0.9348789635945925}, "datetime": {"datetime": "2021-09-17 08:12:37", "elapsed": 1490.31959, "delta": 18.895437}}
{"target": -16.621230696166567, "params": {"C": 62.18779130216068, "epsilon": 9.630967657840497, "gamma": 0.054070717990101866, "lamda": 0.9445697183325842}, "datetime": {"datetime": "2021-09-17 08:12:56", "elapsed": 1509.589144, "delta": 19.269554}}
{"target": -18.103458437572236, "params": {"C": 61.47090171213934, "epsilon": 12.905305478625642, "gamma": 0.06404317824151731, "lamda": 0.9255694874721571}, "datetime": {"datetime": "2021-09-17 08:13:15", "elapsed": 1528.52943, "delta": 18.940286}}
{"target": -15.405153550654724, "params": {"C": 53.4530876146481, "epsilon": 6.403321968419611, "gamma": 0.05128495043206365, "lamda": 0.21953003930832207}, "datetime": {"datetime": "2021-09-17 08:13:26", "elapsed": 1539.332968, "delta": 10.803538}}
{"target": -16.686211369690664, "params": {"C": 62.70728009868688, "epsilon": 9.442534778393071, "gamma": 0.05752027173164516, "lamda": 0.26388966243501205}, "datetime": {"datetime": "2021-09-17 08:13:44", "elapsed": 1557.648022, "delta": 18.315054}}
{"target": -19.446844993184314, "params": {"C": 48.77387379078545, "epsilon": 14.310696825441719, "gamma": 0.06567658246670728, "lamda": 0.5265202538502425}, "datetime": {"datetime": "2021-09-17 08:14:03", "elapsed": 1576.278722, "delta": 18.6307}}
{"target": -16.88521220558054, "params": {"C": 54.58922835939351, "epsilon": 10.566060249743652, "gamma": 0.061090901731282024, "lamda": 0.19601563500109398}, "datetime": {"datetime": "2021-09-17 08:14:14", "elapsed": 1587.687526, "delta": 11.408804}}
{"target": -16.33136840368563, "params": {"C": 59.29232494643468, "epsilon": 7.048925148718318, "gamma": 0.05139077666337239, "lamda": 0.9512446071459152}, "datetime": {"datetime": "2021-09-17 08:14:32", "elapsed": 1605.758229, "delta": 18.070703}}
{"target": -17.04770684606455, "params": {"C": 56.54845897431932, "epsilon": 6.94482573811675, "gamma": 0.0514774540227687, "lamda": 0.5339233954255314}, "datetime": {"datetime": "2021-09-17 08:14:52", "elapsed": 1625.366962, "delta": 19.608733}}
{"target": -1.9906549811927543, "params": {"C": 54.55803551511945, "epsilon": 11.451928468861428, "gamma": 0.06335482293462098, "lamda": 0.034172174425123464}, "datetime": {"datetime": "2021-09-17 08:14:53", "elapsed": 1626.31661, "delta": 0.949648}}
{"target": -20.45023021746465, "params": {"C": 55.17697971642248, "epsilon": 13.993258740242542, "gamma": 0.05597355008456253, "lamda": 0.3651651525009158}, "datetime": {"datetime": "2021-09-17 08:15:11", "elapsed": 1644.778075, "delta": 18.461465}}
{"target": -18.083902551824163, "params": {"C": 53.513465059774134, "epsilon": 12.611207120478603, "gamma": 0.06524296171141303, "lamda": 0.37729447836851726}, "datetime": {"datetime": "2021-09-17 08:15:29", "elapsed": 1662.698585, "delta": 17.92051}}
{"target": -16.321364847697552, "params": {"C": 54.073210250927985, "epsilon": 7.942120452309258, "gamma": 0.060036359760723586, "lamda": 0.9290275316824196}, "datetime": {"datetime": "2021-09-17 08:15:48", "elapsed": 1681.342622, "delta": 18.644037}}
{"target": -2.06426346367463, "params": {"C": 56.75320348438789, "epsilon": 9.946486188521638, "gamma": 0.06966107865385192, "lamda": 0.03404859727066964}, "datetime": {"datetime": "2021-09-17 08:15:49", "elapsed": 1682.144019, "delta": 0.801397}}
{"target": -15.534687141524932, "params": {"C": 57.28379903220236, "epsilon": 7.991418541005962, "gamma": 0.062367619921653406, "lamda": 0.086115712605856}, "datetime": {"datetime": "2021-09-17 08:16:00", "elapsed": 1692.889337, "delta": 10.745318}}
{"target": -16.601186804285597, "params": {"C": 53.397269479152804, "epsilon": 8.182048843809984, "gamma": 0.05589027934940411, "lamda": 0.7776126742319329}, "datetime": {"datetime": "2021-09-17 08:16:20", "elapsed": 1712.98075, "delta": 20.091413}}
{"target": -17.65393067671357, "params": {"C": 52.3361627695803, "epsilon": 10.114910188896438, "gamma": 0.05619354291124235, "lamda": 0.5518056014523719}, "datetime": {"datetime": "2021-09-17 08:16:37", "elapsed": 1730.521501, "delta": 17.540751}}
{"target": -19.717585851512766, "params": {"C": 45.07785797107852, "epsilon": 15.470896633827422, "gamma": 0.06709361811818029, "lamda": 0.2527810915499444}, "datetime": {"datetime": "2021-09-17 08:16:55", "elapsed": 1748.314691, "delta": 17.79319}}
{"target": -19.317182814502257, "params": {"C": 47.15360339574258, "epsilon": 12.99782702283133, "gamma": 0.05121287660193713, "lamda": 0.970403224308736}, "datetime": {"datetime": "2021-09-17 08:17:15", "elapsed": 1768.360533, "delta": 20.045842}}
{"target": -2.075122942291712, "params": {"C": 45.227691755420345, "epsilon": 9.456198962379183, "gamma": 0.053330724973582294, "lamda": 0.03482703687717641}, "datetime": {"datetime": "2021-09-17 08:17:16", "elapsed": 1769.233633, "delta": 0.8731}}
{"target": -17.378842064808804, "params": {"C": 66.56704523797073, "epsilon": 8.217588077500618, "gamma": 0.0547031541901623, "lamda": 0.6596368462032759}, "datetime": {"datetime": "2021-09-17 08:17:36", "elapsed": 1789.037241, "delta": 19.803608}}
{"target": -16.18328068619753, "params": {"C": 49.61534842638997, "epsilon": 7.684881903640177, "gamma": 0.06302241345479644, "lamda": 0.36641071365981237}, "datetime": {"datetime": "2021-09-17 08:17:55", "elapsed": 1808.39327, "delta": 19.356029}}
{"target": -17.81175295483308, "params": {"C": 64.06825968048682, "epsilon": 12.457910383705554, "gamma": 0.06379550120933726, "lamda": 0.5310387587929206}, "datetime": {"datetime": "2021-09-17 08:18:15", "elapsed": 1828.117511, "delta": 19.724241}}
{"target": -18.83371120149509, "params": {"C": 58.36696540621588, "epsilon": 13.559404258675922, "gamma": 0.06022712424153566, "lamda": 0.46003521795938174}, "datetime": {"datetime": "2021-09-17 08:18:34", "elapsed": 1846.813986, "delta": 18.696475}}
{"target": -17.569872085784507, "params": {"C": 59.705219169600475, "epsilon": 10.416631530912131, "gamma": 0.051447251954627474, "lamda": 0.9282877175895364}, "datetime": {"datetime": "2021-09-17 08:18:52", "elapsed": 1864.963758, "delta": 18.149772}}
{"target": -18.131424091512717, "params": {"C": 63.113704720600964, "epsilon": 10.431109886070285, "gamma": 0.054173337755611777, "lamda": 0.8479724957825664}, "datetime": {"datetime": "2021-09-17 08:19:12", "elapsed": 1885.073301, "delta": 20.109543}}
{"target": -16.31111633587006, "params": {"C": 66.89964467201568, "epsilon": 7.3369759142773106, "gamma": 0.05788583487133241, "lamda": 0.5125140343665272}, "datetime": {"datetime": "2021-09-17 08:19:31", "elapsed": 1904.184635, "delta": 19.111334}}
{"target": -19.402825099454283, "params": {"C": 55.070691904124914, "epsilon": 14.641807671910856, "gamma": 0.05641237591996487, "lamda": 0.9418127725042994}, "datetime": {"datetime": "2021-09-17 08:19:50", "elapsed": 1923.530708, "delta": 19.346073}}
{"target": -17.076134970421183, "params": {"C": 61.51285484458408, "epsilon": 10.549344289051437, "gamma": 0.060573714193964213, "lamda": 0.7314992801841657}, "datetime": {"datetime": "2021-09-17 08:20:09", "elapsed": 1942.701208, "delta": 19.1705}}
{"target": -1.9837502459196918, "params": {"C": 58.668088018810295, "epsilon": 10.720324493442158, "gamma": 0.06000034312445203, "lamda": 0.0415116628631592}, "datetime": {"datetime": "2021-09-17 08:30:35", "elapsed": 0.0, "delta": 0.0}}
{"target": -1.9855769849978004, "params": {"C": 57.58702356326845, "epsilon": 10.092338594768798, "gamma": 0.06055878063413301, "lamda": 0.041727803635215235}, "datetime": {"datetime": "2021-09-17 08:30:35", "elapsed": 0.437496, "delta": 0.437496}}
{"target": -1.9830252241176882, "params": {"C": 58.58706989692268, "epsilon": 10.538816734003357, "gamma": 0.061257583543209884, "lamda": 0.0434260975019838}, "datetime": {"datetime": "2021-09-17 08:30:35", "elapsed": 0.935207, "delta": 0.497711}}
{"target": -1.9855123413935287, "params": {"C": 57.81780899892607, "epsilon": 10.878117436390946, "gamma": 0.06008216277959377, "lamda": 0.04335233755089201}, "datetime": {"datetime": "2021-09-17 08:30:36", "elapsed": 1.400311, "delta": 0.465104}}
{"target": -1.9835009089223765, "params": {"C": 58.66921920946851, "epsilon": 10.558689828445752, "gamma": 0.0604211608157857, "lamda": 0.040990507445424394}, "datetime": {"datetime": "2021-09-17 08:30:36", "elapsed": 1.930783, "delta": 0.530472}}
{"target": -1.9989256169196763, "params": {"C": 58.403061267207775, "epsilon": 10.272214640914811, "gamma": 0.063, "lamda": 0.045}, "datetime": {"datetime": "2021-09-17 08:30:37", "elapsed": 2.555208, "delta": 0.624425}}
{"target": -1.9823740140303017, "params": {"C": 58.77022926982185, "epsilon": 10.413470707934067, "gamma": 0.06164341483735701, "lamda": 0.04372100790787618}, "datetime": {"datetime": "2021-09-17 08:30:38", "elapsed": 3.089543, "delta": 0.534335}}
{"target": -1.9980619248470557, "params": {"C": 59.039316111766894, "epsilon": 10.389184554183272, "gamma": 0.063, "lamda": 0.045}, "datetime": {"datetime": "2021-09-17 08:30:38", "elapsed": 3.864477, "delta": 0.774934}}
{"target": -1.9847083179713543, "params": {"C": 57.084825094610515, "epsilon": 10.80788123962672, "gamma": 0.06289456662330957, "lamda": 0.04351036513621798}, "datetime": {"datetime": "2021-09-17 08:30:39", "elapsed": 4.590284, "delta": 0.725807}}
{"target": -1.9996744350770133, "params": {"C": 58.44597487331017, "epsilon": 10.752571288039967, "gamma": 0.06239148561527059, "lamda": 0.040343656209608336}, "datetime": {"datetime": "2021-09-17 08:30:40", "elapsed": 5.340206, "delta": 0.749922}}
{"target": -15.945545283201113, "params": {"C": 58.64332702669898, "epsilon": 10.403634492276502, "gamma": 0.06, "lamda": 0.04}, "datetime": {"datetime": "2021-09-17 08:30:58", "elapsed": 23.21623, "delta": 17.876024}}
{"target": -1.9834943434642829, "params": {"C": 58.654826947431815, "epsilon": 10.70796744342261, "gamma": 0.06046297187625475, "lamda": 0.04281127790093666}, "datetime": {"datetime": "2021-09-17 08:30:58", "elapsed": 23.799748, "delta": 0.583518}}
{"target": -1.983624223087487, "params": {"C": 58.29950304559605, "epsilon": 10.635781416185793, "gamma": 0.06120151532808275, "lamda": 0.04375777399957302}, "datetime": {"datetime": "2021-09-17 08:30:59", "elapsed": 24.291709, "delta": 0.491961}}
{"target": -1.9820743476779468, "params": {"C": 58.87893990684925, "epsilon": 10.414489678483385, "gamma": 0.06175661230591187, "lamda": 0.04321214873484405}, "datetime": {"datetime": "2021-09-17 08:30:59", "elapsed": 24.969713, "delta": 0.678004}}
{"target": -1.9831888704611775, "params": {"C": 58.52976298743915, "epsilon": 10.638095040233322, "gamma": 0.061188742719438326, "lamda": 0.04}, "datetime": {"datetime": "2021-09-17 08:31:00", "elapsed": 25.959304, "delta": 0.989591}}
{"target": -1.9705225091668848, "params": {"C": 57.08857818475105, "epsilon": 10.812229391820285, "gamma": 0.062109557664398754, "lamda": 0.04078468716110427}, "datetime": {"datetime": "2021-09-17 08:31:01", "elapsed": 26.522522, "delta": 0.563218}}
{"target": -1.9832670205746739, "params": {"C": 58.829226913505515, "epsilon": 10.530957794806273, "gamma": 0.06032107346207264, "lamda": 0.041111156156878464}, "datetime": {"datetime": "2021-09-17 08:31:02", "elapsed": 27.322522, "delta": 0.8}}
{"target": -1.9695744609374863, "params": {"C": 57.93622829680427, "epsilon": 10.447001855678728, "gamma": 0.06165032913913625, "lamda": 0.04474591343713005}, "datetime": {"datetime": "2021-09-17 08:31:02", "elapsed": 27.835794, "delta": 0.513272}}
{"target": -15.927019556502676, "params": {"C": 58.41290559658047, "epsilon": 10.554503927063232, "gamma": 0.06018102268434587, "lamda": 0.04470814863784529}, "datetime": {"datetime": "2021-09-17 08:31:13", "elapsed": 38.010599, "delta": 10.174805}}
{"target": -1.9838892610722025, "params": {"C": 58.526730661851715, "epsilon": 10.63442758503595, "gamma": 0.06026595377403634, "lamda": 0.04022729913525425}, "datetime": {"datetime": "2021-09-17 08:31:13", "elapsed": 38.534634, "delta": 0.524035}}
{"target": -1.9836216824823838, "params": {"C": 58.28065407811823, "epsilon": 10.751094017744064, "gamma": 0.061252965150428974, "lamda": 0.04203462212852361}, "datetime": {"datetime": "2021-09-17 08:31:14", "elapsed": 39.378213, "delta": 0.843579}}
{"target": -1.983424500184184, "params": {"C": 58.18090382144355, "epsilon": 10.637262465603127, "gamma": 0.06176436340255278, "lamda": 0.04273698929813946}, "datetime": {"datetime": "2021-09-17 08:31:15", "elapsed": 40.360668, "delta": 0.982455}}
{"target": -1.9831399366598017, "params": {"C": 58.67042712813721, "epsilon": 10.718613266344565, "gamma": 0.060896818493737966, "lamda": 0.042721187538599645}, "datetime": {"datetime": "2021-09-17 08:31:16", "elapsed": 40.998705, "delta": 0.638037}}
{"target": -1.984344458367005, "params": {"C": 58.386694133886664, "epsilon": 10.890528678894244, "gamma": 0.06, "lamda": 0.045}, "datetime": {"datetime": "2021-09-17 08:31:17", "elapsed": 42.19766, "delta": 1.198955}}
{"target": -1.9810049990012992, "params": {"C": 60.27216779604668, "epsilon": 10.163526712076951, "gamma": 0.06004509965249686, "lamda": 0.04080494354297023}, "datetime": {"datetime": "2021-09-17 08:31:17", "elapsed": 42.754658, "delta": 0.556998}}
