{"target": 0.8680826773152386, "params": {"C": 100.08629318115437, "epsilon": 0.2577951353349343, "gamma": 0.01, "lamda": 0.03215534114705313}, "datetime": {"datetime": "2021-09-23 13:31:08", "elapsed": 726.842287, "delta": 1.690714}}
{"target": 0.8433032268978409, "params": {"C": 125.01144079907804, "epsilon": 0.8772932105548676, "gamma": 0.2, "lamda": 0.4}, "datetime": {"datetime": "2021-09-23 13:31:09", "elapsed": 728.450191, "delta": 1.607904}}
{"target": 0.8453651783215645, "params": {"C": 110.61888379258285, "epsilon": 0.05, "gamma": 0.2, "lamda": 0.4}, "datetime": {"datetime": "2021-09-23 13:31:11", "elapsed": 730.544193, "delta": 2.094002}}
{"target": 0.9142089005243803, "params": {"C": 124.92213375477205, "epsilon": 0.9532951716369161, "gamma": 0.052230215140140694, "lamda": 0.03219223582620082}, "datetime": {"datetime": "2021-09-23 13:31:14", "elapsed": 733.289595, "delta": 2.745402}}
{"target": -3.414174492427626, "params": {"C": 114.10410866752505, "epsilon": 0.46102220944723266, "gamma": 0.0301334595029771, "lamda": 0.3570369211937203}, "datetime": {"datetime": "2021-09-23 13:31:26", "elapsed": 745.341918, "delta": 12.052323}}
{"target": -2.3105589318114395, "params": {"C": 100.3429479341334, "epsilon": 0.3911889989466078, "gamma": 0.01, "lamda": 0.4}, "datetime": {"datetime": "2021-09-23 13:31:42", "elapsed": 760.900185, "delta": 15.558267}}
{"target": 0.8782446274521715, "params": {"C": 114.59418109195985, "epsilon": 0.4226362875468897, "gamma": 0.14819364806100765, "lamda": 0.1576447414651808}, "datetime": {"datetime": "2021-09-23 13:31:45", "elapsed": 763.888976, "delta": 2.988791}}
{"target": 0.8970013651676683, "params": {"C": 114.67309467251805, "epsilon": 0.7143542858857721, "gamma": 0.10554066691540445, "lamda": 0.25976446640297746}, "datetime": {"datetime": "2021-09-23 13:31:47", "elapsed": 766.295465, "delta": 2.406489}}
{"target": 0.8972461638334563, "params": {"C": 114.55703220951963, "epsilon": 0.0869895080445123, "gamma": 0.10462146983861097, "lamda": 0.14764977425235806}, "datetime": {"datetime": "2021-09-23 13:31:50", "elapsed": 769.629078, "delta": 3.333613}}
{"target": 0.8447439311552779, "params": {"C": 114.57675149231154, "epsilon": 0.24355688522581945, "gamma": 0.2, "lamda": 0.4}, "datetime": {"datetime": "2021-09-23 13:31:54", "elapsed": 772.969777, "delta": 3.340699}}
{"target": 0.8787123093387749, "params": {"C": 167.91067341708776, "epsilon": 0.2529214948327334, "gamma": 0.13895067582545237, "lamda": 0.3547530010634395}, "datetime": {"datetime": "2021-09-23 13:31:55", "elapsed": 774.561262, "delta": 1.591485}}
{"target": -2.560416648678543, "params": {"C": 165.00995524371865, "epsilon": 0.46455529064421314, "gamma": 0.050440323236004406, "lamda": 0.2236547240075368}, "datetime": {"datetime": "2021-09-23 13:32:09", "elapsed": 788.637532, "delta": 14.07627}}
{"target": 0.8774048802280164, "params": {"C": 160.86013795665542, "epsilon": 0.38013344563618046, "gamma": 0.14200514489178176, "lamda": 0.3877319604691875}, "datetime": {"datetime": "2021-09-23 13:32:11", "elapsed": 790.790555, "delta": 2.153023}}
{"target": -2.436505267941821, "params": {"C": 184.72767949590207, "epsilon": 0.8615378848847753, "gamma": 0.058067136967942086, "lamda": 0.31813839024777035}, "datetime": {"datetime": "2021-09-23 13:32:25", "elapsed": 804.384343, "delta": 13.593788}}
{"target": 0.8453571044660737, "params": {"C": 110.67332629709234, "epsilon": 0.05, "gamma": 0.2, "lamda": 0.02}, "datetime": {"datetime": "2021-09-23 13:32:28", "elapsed": 807.549168, "delta": 3.164825}}
{"target": -3.1303480925314284, "params": {"C": 161.04514770942959, "epsilon": 0.5095178714870062, "gamma": 0.02019408311766383, "lamda": 0.1372587736152804}, "datetime": {"datetime": "2021-09-23 13:32:44", "elapsed": 822.876515, "delta": 15.327347}}
{"target": 0.85487868980192, "params": {"C": 114.09285700869289, "epsilon": 0.5972827682484027, "gamma": 0.18431679459114453, "lamda": 0.06501051532692906}, "datetime": {"datetime": "2021-09-23 13:32:45", "elapsed": 824.398481, "delta": 1.521966}}
{"target": -2.7927093934315796, "params": {"C": 189.8638624485975, "epsilon": 0.626440764786246, "gamma": 0.04360522466791264, "lamda": 0.10810163386679733}, "datetime": {"datetime": "2021-09-23 13:32:59", "elapsed": 838.482566, "delta": 14.084085}}
{"target": 0.8758235066430093, "params": {"C": 114.37917074737008, "epsilon": 0.8540195136709857, "gamma": 0.15252841357965682, "lamda": 0.04235714065224121}, "datetime": {"datetime": "2021-09-23 13:33:02", "elapsed": 841.796204, "delta": 3.313638}}
{"target": 0.8401155007062548, "params": {"C": 161.62169292380202, "epsilon": 0.6095483779906691, "gamma": 0.2, "lamda": 0.02}, "datetime": {"datetime": "2021-09-23 13:33:06", "elapsed": 845.680217, "delta": 3.884013}}
{"target": 0.8765796023346613, "params": {"C": 146.6738777373845, "epsilon": 0.9439097977909902, "gamma": 0.14568255381249556, "lamda": 0.048532693281628306}, "datetime": {"datetime": "2021-09-23 13:33:10", "elapsed": 848.886333, "delta": 3.206116}}
{"target": 0.8400020478274529, "params": {"C": 168.03631568960466, "epsilon": 0.384384811358192, "gamma": 0.1994276852312589, "lamda": 0.03350906222072364}, "datetime": {"datetime": "2021-09-23 13:33:13", "elapsed": 851.993981, "delta": 3.107648}}
{"target": -2.2690238197162564, "params": {"C": 167.96907575763112, "epsilon": 0.5590445689723385, "gamma": 0.053476628560156156, "lamda": 0.3919032502220124}, "datetime": {"datetime": "2021-09-23 13:33:28", "elapsed": 867.222062, "delta": 15.228081}}
{"target": 0.8948757511984504, "params": {"C": 167.80364852602202, "epsilon": 0.22995674866903326, "gamma": 0.11391763188555525, "lamda": 0.0477890630625977}, "datetime": {"datetime": "2021-09-23 13:33:31", "elapsed": 870.423747, "delta": 3.201685}}
{"target": -1.3298740783146816, "params": {"C": 122.84592606849232, "epsilon": 0.7745512615752671, "gamma": 0.09040036972060528, "lamda": 0.3902086476999161}, "datetime": {"datetime": "2021-09-23 13:33:49", "elapsed": 887.926361, "delta": 17.502614}}
{"target": 0.846896682347884, "params": {"C": 100.02345323113578, "epsilon": 0.05, "gamma": 0.2, "lamda": 0.17332175835646615}, "datetime": {"datetime": "2021-09-23 13:33:56", "elapsed": 894.964903, "delta": 7.038542}}
{"target": 0.8471027453813678, "params": {"C": 124.7265955616512, "epsilon": 0.9659969218045631, "gamma": 0.19399108451122127, "lamda": 0.25909884138676126}, "datetime": {"datetime": "2021-09-23 13:34:01", "elapsed": 900.710563, "delta": 5.74566}}
{"target": 0.907397254161571, "params": {"C": 168.05439413697496, "epsilon": 0.05742481923244897, "gamma": 0.07794544366539367, "lamda": 0.17359508844861896}, "datetime": {"datetime": "2021-09-23 13:34:07", "elapsed": 906.691232, "delta": 5.980669}}
{"target": 0.8695256161817453, "params": {"C": 138.6244624181877, "epsilon": 0.9343873223182826, "gamma": 0.01, "lamda": 0.02}, "datetime": {"datetime": "2021-09-23 13:34:13", "elapsed": 912.001949, "delta": 5.310717}}
{"target": 0.8462789461370459, "params": {"C": 145.2317192285371, "epsilon": 0.8869380127642778, "gamma": 0.19132635605140777, "lamda": 0.27277197233306083}, "datetime": {"datetime": "2021-09-23 13:34:17", "elapsed": 916.331867, "delta": 4.329918}}
{"target": 0.8613551485266465, "params": {"C": 144.86547154978186, "epsilon": 0.8521778013113721, "gamma": 0.1689014437985373, "lamda": 0.29876923416415463}, "datetime": {"datetime": "2021-09-23 13:34:21", "elapsed": 920.407074, "delta": 4.075207}}
{"target": -1.3924842798817827, "params": {"C": 192.3598957189207, "epsilon": 0.3666825841416288, "gamma": 0.08265453712006013, "lamda": 0.21956637784251495}, "datetime": {"datetime": "2021-09-23 13:34:41", "elapsed": 940.239912, "delta": 19.832838}}
{"target": 0.915445648467605, "params": {"C": 161.64854853918553, "epsilon": 0.907734791922711, "gamma": 0.06199507088419132, "lamda": 0.021754384996080685}, "datetime": {"datetime": "2021-09-23 13:34:43", "elapsed": 942.784875, "delta": 2.544963}}
{"target": -1.713182382775396, "params": {"C": 162.17835796006284, "epsilon": 0.7825297057937888, "gamma": 0.0828690997119096, "lamda": 0.21411321455398705}, "datetime": {"datetime": "2021-09-23 13:34:58", "elapsed": 957.661812, "delta": 14.876937}}
{"target": -3.164380998554795, "params": {"C": 145.0795688797766, "epsilon": 0.6782838540677943, "gamma": 0.04438673852922117, "lamda": 0.05609727709003737}, "datetime": {"datetime": "2021-09-23 13:35:12", "elapsed": 971.731845, "delta": 14.070033}}
{"target": 0.9125040456920771, "params": {"C": 132.33713315525802, "epsilon": 0.1734413703698915, "gamma": 0.0677584070611795, "lamda": 0.1176125148216607}, "datetime": {"datetime": "2021-09-23 13:35:14", "elapsed": 973.058062, "delta": 1.326217}}
{"target": 0.8504475571302891, "params": {"C": 144.51928277961275, "epsilon": 0.9156005954276105, "gamma": 0.1849408794054014, "lamda": 0.37506253597547784}, "datetime": {"datetime": "2021-09-23 13:35:17", "elapsed": 976.013961, "delta": 2.955899}}
{"target": -2.137969358711557, "params": {"C": 161.49835059229616, "epsilon": 0.8112214275932749, "gamma": 0.061565363826544414, "lamda": 0.25078566589611656}, "datetime": {"datetime": "2021-09-23 13:35:31", "elapsed": 990.587125, "delta": 14.573164}}
{"target": 0.884166876922998, "params": {"C": 159.42243975050712, "epsilon": 0.6036866249126182, "gamma": 0.13280888146482306, "lamda": 0.2852954879312787}, "datetime": {"datetime": "2021-09-23 13:35:33", "elapsed": 992.596728, "delta": 2.009603}}
{"target": 0.8397516263804679, "params": {"C": 167.72316115728353, "epsilon": 0.05, "gamma": 0.2, "lamda": 0.3018685291113962}, "datetime": {"datetime": "2021-09-23 13:35:39", "elapsed": 998.33436, "delta": 5.737632}}
{"target": 0.8953818675073532, "params": {"C": 144.58373780768073, "epsilon": 0.5605910195990257, "gamma": 0.1130019646567274, "lamda": 0.3715461395202525}, "datetime": {"datetime": "2021-09-23 13:35:44", "elapsed": 1003.074056, "delta": 4.739696}}
{"target": -3.5320228257756074, "params": {"C": 147.86024432584378, "epsilon": 0.2790884050875394, "gamma": 0.03727198964641468, "lamda": 0.06781946922549645}, "datetime": {"datetime": "2021-09-23 13:36:00", "elapsed": 1019.069243, "delta": 15.995187}}
{"target": 0.8601796156577463, "params": {"C": 147.50969509396066, "epsilon": 0.5258504397108061, "gamma": 0.17015933814561673, "lamda": 0.3455872509716414}, "datetime": {"datetime": "2021-09-23 13:36:03", "elapsed": 1022.498786, "delta": 3.429543}}
{"target": 0.8399058827471751, "params": {"C": 183.09885037424553, "epsilon": 0.4614654910828682, "gamma": 0.1976373095657416, "lamda": 0.3440212919300462}, "datetime": {"datetime": "2021-09-23 13:36:05", "elapsed": 1024.509372, "delta": 2.010586}}
{"target": 0.8728551893836554, "params": {"C": 148.4702051153173, "epsilon": 0.07860789532844793, "gamma": 0.1506590702211287, "lamda": 0.06784416107396715}, "datetime": {"datetime": "2021-09-23 13:36:10", "elapsed": 1028.854716, "delta": 4.345344}}
{"target": 0.9137743952212886, "params": {"C": 125.43249803288361, "epsilon": 0.5510258699371425, "gamma": 0.06229322267334416, "lamda": 0.023954912526018193}, "datetime": {"datetime": "2021-09-23 13:36:13", "elapsed": 1032.598222, "delta": 3.743506}}
{"target": 0.8702521258924627, "params": {"C": 176.2827982381817, "epsilon": 0.0768252507642683, "gamma": 0.15037742635917867, "lamda": 0.34960595228376484}, "datetime": {"datetime": "2021-09-23 13:36:17", "elapsed": 1036.245168, "delta": 3.646946}}
{"target": 0.8689572328597617, "params": {"C": 110.95478313498661, "epsilon": 0.05, "gamma": 0.01, "lamda": 0.02}, "datetime": {"datetime": "2021-09-23 13:36:20", "elapsed": 1039.4858, "delta": 3.240632}}
{"target": 0.8397183704645029, "params": {"C": 167.57117600225465, "epsilon": 0.49442919762599324, "gamma": 0.2, "lamda": 0.02}, "datetime": {"datetime": "2021-09-23 13:36:23", "elapsed": 1042.756144, "delta": 3.270344}}
{"target": 0.8646855651939689, "params": {"C": 105.57326539924415, "epsilon": 0.5346387600321976, "gamma": 0.1709424042471094, "lamda": 0.11853427754984304}, "datetime": {"datetime": "2021-09-23 13:36:25", "elapsed": 1044.39583, "delta": 1.639686}}
{"target": 0.8855583837200454, "params": {"C": 105.87535732139439, "epsilon": 0.3876933930143435, "gamma": 0.13391195566255584, "lamda": 0.18692171254987885}, "datetime": {"datetime": "2021-09-23 13:36:29", "elapsed": 1047.825295, "delta": 3.429465}}
{"target": 0.846001303462499, "params": {"C": 105.86971764336019, "epsilon": 0.6616349290998936, "gamma": 0.2, "lamda": 0.02}, "datetime": {"datetime": "2021-09-23 13:36:33", "elapsed": 1052.133074, "delta": 4.307779}}
{"target": -1.9485915184268352, "params": {"C": 106.11864495780956, "epsilon": 0.6491226496017353, "gamma": 0.06669913810723929, "lamda": 0.24698487743302724}, "datetime": {"datetime": "2021-09-23 13:36:58", "elapsed": 1077.010447, "delta": 24.877373}}
{"target": 0.8767310150386222, "params": {"C": 115.10394306789208, "epsilon": 0.9835539562932509, "gamma": 0.15102780970104865, "lamda": 0.033243461177030524}, "datetime": {"datetime": "2021-09-23 13:37:05", "elapsed": 1084.143156, "delta": 7.132709}}
{"target": 0.9011845809876926, "params": {"C": 141.97841234968666, "epsilon": 0.13193409745128992, "gamma": 0.09716122940582508, "lamda": 0.13960587154139345}, "datetime": {"datetime": "2021-09-23 13:37:07", "elapsed": 1086.251279, "delta": 2.108123}}
{"target": -3.3640535666068523, "params": {"C": 150.46676214431176, "epsilon": 0.22617725028453306, "gamma": 0.018530736562470847, "lamda": 0.23416253411231988}, "datetime": {"datetime": "2021-09-23 13:37:20", "elapsed": 1099.360924, "delta": 13.109645}}
{"target": 0.8782062332948358, "params": {"C": 141.758592688056, "epsilon": 0.37730121020989643, "gamma": 0.1440919712071331, "lamda": 0.21309960082283677}, "datetime": {"datetime": "2021-09-23 13:37:24", "elapsed": 1102.959463, "delta": 3.598539}}
{"target": -1.452275879324346, "params": {"C": 192.0240450527195, "epsilon": 0.5823089174650606, "gamma": 0.07248654461647994, "lamda": 0.1330634001956998}, "datetime": {"datetime": "2021-09-23 13:37:36", "elapsed": 1115.782214, "delta": 12.822751}}
{"target": 0.8459813148356756, "params": {"C": 141.7869167755216, "epsilon": 0.7184568448043333, "gamma": 0.19245904542433062, "lamda": 0.22039899819333114}, "datetime": {"datetime": "2021-09-23 13:37:40", "elapsed": 1119.354309, "delta": 3.572095}}
{"target": 0.8414244164482015, "params": {"C": 141.98469915352808, "epsilon": 0.5195418591139381, "gamma": 0.2, "lamda": 0.02}, "datetime": {"datetime": "2021-09-23 13:37:43", "elapsed": 1122.195609, "delta": 2.8413}}
{"target": 0.8446225742153701, "params": {"C": 114.734431718119, "epsilon": 0.9531218702452682, "gamma": 0.2, "lamda": 0.02}, "datetime": {"datetime": "2021-09-23 13:37:46", "elapsed": 1125.463012, "delta": 3.267403}}
{"target": 0.8460703666374949, "params": {"C": 105.68705598740061, "epsilon": 0.24763190735191792, "gamma": 0.2, "lamda": 0.02}, "datetime": {"datetime": "2021-09-23 13:37:50", "elapsed": 1129.116323, "delta": 3.653311}}
{"target": -1.6138489076332116, "params": {"C": 143.98450476511832, "epsilon": 0.9882744331008403, "gamma": 0.07716472990121111, "lamda": 0.21647775621938253}, "datetime": {"datetime": "2021-09-23 13:38:04", "elapsed": 1143.179274, "delta": 14.062951}}
{"target": 0.8532462058340261, "params": {"C": 114.99120860939544, "epsilon": 0.99823011949054, "gamma": 0.18669330477617294, "lamda": 0.3337404623580481}, "datetime": {"datetime": "2021-09-23 13:38:07", "elapsed": 1146.698666, "delta": 3.519392}}
{"target": 0.8758309459588782, "params": {"C": 160.58119559559165, "epsilon": 0.23286705346527609, "gamma": 0.14426482153374826, "lamda": 0.34875851826148474}, "datetime": {"datetime": "2021-09-23 13:38:10", "elapsed": 1149.480994, "delta": 2.782328}}
{"target": 0.8649578158869791, "params": {"C": 106.0797788403645, "epsilon": 0.12201994547415324, "gamma": 0.17033831102667088, "lamda": 0.06889427660272814}, "datetime": {"datetime": "2021-09-23 13:38:13", "elapsed": 1152.35459, "delta": 2.873596}}
{"target": 0.8459733435985785, "params": {"C": 106.45695210392418, "epsilon": 0.10373193946815089, "gamma": 0.2, "lamda": 0.02}, "datetime": {"datetime": "2021-09-23 13:38:16", "elapsed": 1155.247739, "delta": 2.893149}}
{"target": -0.8651439543958679, "params": {"C": 114.49639805834667, "epsilon": 0.9059123138250642, "gamma": 0.1136950927767834, "lamda": 0.36918403856157295}, "datetime": {"datetime": "2021-09-23 13:38:29", "elapsed": 1168.38859, "delta": 13.140851}}
{"target": -2.177694422686939, "params": {"C": 142.25645336945468, "epsilon": 0.3422431548557932, "gamma": 0.01, "lamda": 0.07468910037214872}, "datetime": {"datetime": "2021-09-23 13:38:42", "elapsed": 1181.758112, "delta": 13.369522}}
{"target": 0.8414692541626027, "params": {"C": 141.73447403968387, "epsilon": 0.05, "gamma": 0.2, "lamda": 0.2924166703141704}, "datetime": {"datetime": "2021-09-23 13:38:45", "elapsed": 1184.541112, "delta": 2.783}}
{"target": 0.8725258883785134, "params": {"C": 158.8347896562181, "epsilon": 0.6382872550399802, "gamma": 0.1496505835314114, "lamda": 0.02757105126227178}, "datetime": {"datetime": "2021-09-23 13:38:47", "elapsed": 1186.022887, "delta": 1.481775}}
{"target": 0.8910635353463248, "params": {"C": 114.96848900857518, "epsilon": 0.7364958972651097, "gamma": 0.12080548356371891, "lamda": 0.15270409668032947}, "datetime": {"datetime": "2021-09-23 13:38:50", "elapsed": 1189.586058, "delta": 3.563171}}
{"target": 0.8471768809201723, "params": {"C": 119.8858200319038, "epsilon": 0.937588491078692, "gamma": 0.19498776690689532, "lamda": 0.21158230404526474}, "datetime": {"datetime": "2021-09-23 13:38:52", "elapsed": 1191.008751, "delta": 1.422693}}
{"target": 0.8403116802594367, "params": {"C": 158.98208920732293, "epsilon": 0.4941702414029657, "gamma": 0.2, "lamda": 0.32953688898022027}, "datetime": {"datetime": "2021-09-23 13:38:55", "elapsed": 1194.389744, "delta": 3.380993}}
{"target": 0.842433848555386, "params": {"C": 161.4853476926725, "epsilon": 0.28810575175793085, "gamma": 0.19576341777013379, "lamda": 0.10463903177616485}, "datetime": {"datetime": "2021-09-23 13:38:58", "elapsed": 1197.314519, "delta": 2.924775}}
{"target": 0.9033299776220813, "params": {"C": 158.987079933759, "epsilon": 0.23665552142937013, "gamma": 0.0924251615267594, "lamda": 0.0682599774945305}, "datetime": {"datetime": "2021-09-23 13:39:01", "elapsed": 1199.956818, "delta": 2.642299}}
{"target": -3.559344379569839, "params": {"C": 187.59696049723357, "epsilon": 0.8722841825462101, "gamma": 0.0295557457494618, "lamda": 0.03941607538111066}, "datetime": {"datetime": "2021-09-23 13:39:13", "elapsed": 1211.995719, "delta": 12.038901}}
{"target": 0.8972438473893977, "params": {"C": 136.11049752521404, "epsilon": 0.06266578521487269, "gamma": 0.10726433415066272, "lamda": 0.3235831641819115}, "datetime": {"datetime": "2021-09-23 13:39:14", "elapsed": 1213.262722, "delta": 1.267003}}
{"target": 0.886871393180319, "params": {"C": 169.98423560818628, "epsilon": 0.542433184956681, "gamma": 0.12728064004004844, "lamda": 0.17265182863663694}, "datetime": {"datetime": "2021-09-23 13:39:15", "elapsed": 1214.510719, "delta": 1.247997}}
{"target": -2.2793726994368244, "params": {"C": 170.28503349385045, "epsilon": 0.4205793373715589, "gamma": 0.06304672413941657, "lamda": 0.2917121849793417}, "datetime": {"datetime": "2021-09-23 13:39:28", "elapsed": 1227.098718, "delta": 12.587999}}
{"target": 0.8738363779778395, "params": {"C": 169.78146107119954, "epsilon": 0.27737799077464226, "gamma": 0.14587052260343386, "lamda": 0.0440509904347222}, "datetime": {"datetime": "2021-09-23 13:39:30", "elapsed": 1229.410721, "delta": 2.312003}}
{"target": -2.16867700284823, "params": {"C": 158.69530135251608, "epsilon": 0.383672380496039, "gamma": 0.01, "lamda": 0.20096392912874617}, "datetime": {"datetime": "2021-09-23 13:39:44", "elapsed": 1243.377783, "delta": 13.967062}}
{"target": 0.8848090400596216, "params": {"C": 159.35359701129158, "epsilon": 0.18914835429281213, "gamma": 0.13170783135193367, "lamda": 0.021750162687145594}, "datetime": {"datetime": "2021-09-23 13:39:47", "elapsed": 1246.749427, "delta": 3.371644}}
{"target": -3.130976009769565, "params": {"C": 169.74292998899568, "epsilon": 0.6123376690778791, "gamma": 0.04165756115518396, "lamda": 0.09336699032168745}, "datetime": {"datetime": "2021-09-23 13:40:03", "elapsed": 1262.463953, "delta": 15.714526}}
{"target": -2.7710116126679107, "params": {"C": 159.15613466029035, "epsilon": 0.11524749212858588, "gamma": 0.014995617005025387, "lamda": 0.2714519229436396}, "datetime": {"datetime": "2021-09-23 13:40:18", "elapsed": 1277.421522, "delta": 14.957569}}
{"target": 0.8396098500733244, "params": {"C": 169.78057745884107, "epsilon": 0.05, "gamma": 0.2, "lamda": 0.23740535271869545}, "datetime": {"datetime": "2021-09-23 13:40:22", "elapsed": 1281.367096, "delta": 3.945574}}
{"target": 0.8593084578192629, "params": {"C": 152.9329248218726, "epsilon": 0.4819921257465861, "gamma": 0.17046604817353722, "lamda": 0.3092732515740036}, "datetime": {"datetime": "2021-09-23 13:40:24", "elapsed": 1283.07547, "delta": 1.708374}}
{"target": 0.8546370730755879, "params": {"C": 159.16092283503875, "epsilon": 0.4535373424343973, "gamma": 0.17597341042601145, "lamda": 0.02595280333998904}, "datetime": {"datetime": "2021-09-23 13:40:28", "elapsed": 1286.913225, "delta": 3.837755}}
{"target": 0.904933330871489, "params": {"C": 152.80173746030292, "epsilon": 0.19933863696745635, "gamma": 0.08491244839232721, "lamda": 0.14619808857318325}, "datetime": {"datetime": "2021-09-23 13:40:31", "elapsed": 1290.515753, "delta": 3.602528}}
{"target": 0.8466059913417535, "params": {"C": 152.78283871576554, "epsilon": 0.46990455404813974, "gamma": 0.18943488439074718, "lamda": 0.029170679803302266}, "datetime": {"datetime": "2021-09-23 13:40:34", "elapsed": 1293.523844, "delta": 3.008091}}
