{"target": 0.9181716427186001, "params": {"C": 232.12847975621463, "epsilon": 0.1326470804003485, "gamma": 0.05450606630622626, "lamda": 0.05505066312458802}, "datetime": {"datetime": "2021-09-23 14:57:33", "elapsed": 251.08168, "delta": 0.626995}}
{"target": -3.1292617231770095, "params": {"C": 203.89240876197687, "epsilon": 0.6864122259010831, "gamma": 0.04213713412884984, "lamda": 0.1548368051793971}, "datetime": {"datetime": "2021-09-23 14:57:43", "elapsed": 261.071209, "delta": 9.989529}}
{"target": 0.9115996204829077, "params": {"C": 257.2736808905329, "epsilon": 0.5521622866615928, "gamma": 0.06838213766968329, "lamda": 0.03159944737972711}, "datetime": {"datetime": "2021-09-23 14:57:44", "elapsed": 261.570211, "delta": 0.499002}}
{"target": 0.9179451436070614, "params": {"C": 232.23798273405328, "epsilon": 0.2021108304418383, "gamma": 0.0550834903424708, "lamda": 0.018768893329157925}, "datetime": {"datetime": "2021-09-23 14:57:44", "elapsed": 262.21721, "delta": 0.646999}}
{"target": -2.366733755514144, "params": {"C": 328.14306976881096, "epsilon": 0.11303776685667377, "gamma": 0.06254529379683049, "lamda": 0.14372695722570605}, "datetime": {"datetime": "2021-09-23 14:57:54", "elapsed": 271.729338, "delta": 9.512128}}
{"target": 0.9168757424829892, "params": {"C": 239.56023517732459, "epsilon": 0.9088505441390115, "gamma": 0.05712831822593601, "lamda": 0.015316944511562106}, "datetime": {"datetime": "2021-09-23 14:57:54", "elapsed": 272.321335, "delta": 0.591997}}
{"target": 0.911581591905587, "params": {"C": 230.73610313205106, "epsilon": 0.8035269783031415, "gamma": 0.06705664711082224, "lamda": 0.03720384674466761}, "datetime": {"datetime": "2021-09-23 14:57:55", "elapsed": 272.86322, "delta": 0.541885}}
{"target": 0.9125648513678613, "params": {"C": 232.0798339750569, "epsilon": 0.1983546734035581, "gamma": 0.06452002277326899, "lamda": 0.1258410191350304}, "datetime": {"datetime": "2021-09-23 14:57:55", "elapsed": 273.463226, "delta": 0.600006}}
{"target": -3.1460261706744017, "params": {"C": 262.15471321095356, "epsilon": 0.3238668516727413, "gamma": 0.03844821502236921, "lamda": 0.03697111325748514}, "datetime": {"datetime": "2021-09-23 14:58:06", "elapsed": 283.788313, "delta": 10.325087}}
{"target": -2.4486011611765734, "params": {"C": 262.07552491657594, "epsilon": 0.3445812119734403, "gamma": 0.053197262194835976, "lamda": 0.06367341438960235}, "datetime": {"datetime": "2021-09-23 14:58:15", "elapsed": 293.416644, "delta": 9.628331}}
{"target": -2.2301558258921443, "params": {"C": 368.9344607616211, "epsilon": 0.72910725461013, "gamma": 0.060396283574222, "lamda": 0.045568651844926006}, "datetime": {"datetime": "2021-09-23 14:58:25", "elapsed": 303.204831, "delta": 9.788187}}
{"target": 0.9108993761453819, "params": {"C": 230.77968400773193, "epsilon": 0.8017799043758425, "gamma": 0.06988168919582272, "lamda": 0.045183336074596264}, "datetime": {"datetime": "2021-09-23 14:58:26", "elapsed": 303.836832, "delta": 0.632001}}
{"target": 0.9099862517116366, "params": {"C": 232.2031615410682, "epsilon": 0.11749796890454008, "gamma": 0.030008623509580227, "lamda": 0.018974388924464375}, "datetime": {"datetime": "2021-09-23 14:58:26", "elapsed": 304.329831, "delta": 0.492999}}
{"target": -1.9039428743445268, "params": {"C": 234.09017336933087, "epsilon": 0.6520732628379593, "gamma": 0.06198543680046292, "lamda": 0.08919189172188416}, "datetime": {"datetime": "2021-09-23 14:58:36", "elapsed": 313.999538, "delta": 9.669707}}
{"target": 0.9169430833907967, "params": {"C": 257.24224266119336, "epsilon": 0.5564668686635769, "gamma": 0.035567761105467596, "lamda": 0.0005378599585748397}, "datetime": {"datetime": "2021-09-23 14:58:37", "elapsed": 314.639539, "delta": 0.640001}}
{"target": -2.7412454169310183, "params": {"C": 232.25177505815162, "epsilon": 0.20907377280713174, "gamma": 0.04781408096550286, "lamda": 0.0938018281435}, "datetime": {"datetime": "2021-09-23 14:58:47", "elapsed": 324.953991, "delta": 10.314452}}
{"target": -3.571574639123253, "params": {"C": 230.74016646158833, "epsilon": 0.787885705959071, "gamma": 0.03494307325028393, "lamda": 0.08274650786072146}, "datetime": {"datetime": "2021-09-23 14:58:57", "elapsed": 334.901556, "delta": 9.947565}}
{"target": 0.9191408514186169, "params": {"C": 232.1050903250698, "epsilon": 0.08885105947940253, "gamma": 0.05046945288794729, "lamda": 0.03150962223955709}, "datetime": {"datetime": "2021-09-23 14:58:57", "elapsed": 335.503027, "delta": 0.601471}}
{"target": 0.9179219802481801, "params": {"C": 232.1412893208213, "epsilon": 0.062444999179731064, "gamma": 0.0551153925233671, "lamda": 0.032759464845674414}, "datetime": {"datetime": "2021-09-23 14:58:58", "elapsed": 336.10503, "delta": 0.602003}}
{"target": 0.9142034704115942, "params": {"C": 262.1103619907135, "epsilon": 0.34339374780393483, "gamma": 0.06021271805276078, "lamda": 0.06339499545269553}, "datetime": {"datetime": "2021-09-23 14:58:59", "elapsed": 336.791673, "delta": 0.686643}}
{"target": -3.389567641046294, "params": {"C": 257.23290964216005, "epsilon": 0.4965946555495426, "gamma": 0.039914019304848156, "lamda": 0.024551717210382983}, "datetime": {"datetime": "2021-09-23 14:59:09", "elapsed": 346.946656, "delta": 10.154983}}
{"target": -2.210900691753945, "params": {"C": 239.5600275219702, "epsilon": 0.8829244984838813, "gamma": 0.05679252515771844, "lamda": 0.04230952899099023}, "datetime": {"datetime": "2021-09-23 14:59:19", "elapsed": 357.112658, "delta": 10.166002}}
{"target": 0.9114212016954236, "params": {"C": 232.0682887244633, "epsilon": 0.12490466662761443, "gamma": 0.06862488319863819, "lamda": 0.10535175620042299}, "datetime": {"datetime": "2021-09-23 14:59:20", "elapsed": 357.730653, "delta": 0.617995}}
{"target": 0.9118111172540424, "params": {"C": 257.2606459235241, "epsilon": 0.5394715837788188, "gamma": 0.06757080353723662, "lamda": 0.005006384089230448}, "datetime": {"datetime": "2021-09-23 14:59:20", "elapsed": 358.274653, "delta": 0.544}}
{"target": -2.8194833933973986, "params": {"C": 230.72916161328195, "epsilon": 0.855614197821262, "gamma": 0.040036171999033164, "lamda": 0.01625777357492591}, "datetime": {"datetime": "2021-09-23 14:59:30", "elapsed": 368.231652, "delta": 9.956999}}
{"target": -3.477285972381936, "params": {"C": 246.5837674530566, "epsilon": 0.7452483546677982, "gamma": 0.03705100160100263, "lamda": 0.10966608557111839}, "datetime": {"datetime": "2021-09-23 14:59:40", "elapsed": 378.386656, "delta": 10.155004}}
{"target": -3.226160663986745, "params": {"C": 257.25167913673647, "epsilon": 0.5771122307323608, "gamma": 0.03829232550290751, "lamda": 0.006080414963862984}, "datetime": {"datetime": "2021-09-23 14:59:47", "elapsed": 385.171654, "delta": 6.784998}}
{"target": -2.1100929801144455, "params": {"C": 230.79527650591163, "epsilon": 0.7872397670487387, "gamma": 0.06207382711956959, "lamda": 0.09211745073368087}, "datetime": {"datetime": "2021-09-23 14:59:57", "elapsed": 395.536653, "delta": 10.364999}}
{"target": 0.9162914662989132, "params": {"C": 232.21716012330907, "epsilon": 0.15389334040547203, "gamma": 0.05846716493639349, "lamda": 0.023943016453475102}, "datetime": {"datetime": "2021-09-23 14:59:58", "elapsed": 396.148657, "delta": 0.612004}}
{"target": -3.164857726105878, "params": {"C": 353.84276937913035, "epsilon": 0.2284004817364726, "gamma": 0.0416308226777979, "lamda": 0.1141856995437115}, "datetime": {"datetime": "2021-09-23 15:00:08", "elapsed": 406.211181, "delta": 10.062524}}
{"target": -2.114465923616301, "params": {"C": 352.71553022532817, "epsilon": 0.42806506363451086, "gamma": 0.062434945547988036, "lamda": 0.037206859020285685}, "datetime": {"datetime": "2021-09-23 15:00:18", "elapsed": 415.700334, "delta": 9.489153}}
{"target": -2.1919915646545203, "params": {"C": 369.1757214223964, "epsilon": 0.27131864432769165, "gamma": 0.06706125185390407, "lamda": 0.1444116978608002}, "datetime": {"datetime": "2021-09-23 15:00:27", "elapsed": 425.434484, "delta": 9.73415}}
{"target": 0.9114744339368055, "params": {"C": 232.1640548478019, "epsilon": 0.16678647039875005, "gamma": 0.06838225579099694, "lamda": 0.04691506431695789}, "datetime": {"datetime": "2021-09-23 15:00:28", "elapsed": 426.016847, "delta": 0.582363}}
{"target": -2.0681655299159694, "params": {"C": 284.3158452018645, "epsilon": 0.7743328502467272, "gamma": 0.06363377185399616, "lamda": 0.08571189722426714}, "datetime": {"datetime": "2021-09-23 15:00:38", "elapsed": 435.838756, "delta": 9.821909}}
{"target": -3.419563896824469, "params": {"C": 232.11378464007106, "epsilon": 0.1071054083996783, "gamma": 0.037612366994073165, "lamda": 0.05890676207598177}, "datetime": {"datetime": "2021-09-23 15:00:48", "elapsed": 445.705787, "delta": 9.867031}}
{"target": -2.280940482824552, "params": {"C": 233.545168671707, "epsilon": 0.9545424446145999, "gamma": 0.0510919991464138, "lamda": 0.05916476261001016}, "datetime": {"datetime": "2021-09-23 15:00:58", "elapsed": 456.056787, "delta": 10.351}}
{"target": 0.911932833701099, "params": {"C": 232.0139453391965, "epsilon": 0.07806232900599801, "gamma": 0.06648138604335242, "lamda": 0.07309856845849128}, "datetime": {"datetime": "2021-09-23 15:00:59", "elapsed": 456.716784, "delta": 0.659997}}
{"target": 0.9115581014086885, "params": {"C": 232.07323052463846, "epsilon": 0.252639495072295, "gamma": 0.06804748379211582, "lamda": 0.10123037566740103}, "datetime": {"datetime": "2021-09-23 15:00:59", "elapsed": 457.463786, "delta": 0.747002}}
{"target": -2.4586593641454484, "params": {"C": 344.83212454947375, "epsilon": 0.3000537344922209, "gamma": 0.05627053410016053, "lamda": 0.10855058233284873}, "datetime": {"datetime": "2021-09-23 15:01:09", "elapsed": 467.121991, "delta": 9.658205}}
{"target": -3.5906747137822546, "params": {"C": 278.3901060826473, "epsilon": 0.057849008309401165, "gamma": 0.03181594271798377, "lamda": 0.09884692395697284}, "datetime": {"datetime": "2021-09-23 15:01:19", "elapsed": 477.004072, "delta": 9.882081}}
{"target": -3.451922342592913, "params": {"C": 276.6967952131168, "epsilon": 0.6526936286603281, "gamma": 0.03138903513883284, "lamda": 0.15299299594166935}, "datetime": {"datetime": "2021-09-23 15:01:29", "elapsed": 487.255397, "delta": 10.251325}}
{"target": -3.124102901685542, "params": {"C": 272.75548370935553, "epsilon": 0.7296018370039657, "gamma": 0.03436524357036361, "lamda": 0.14660901360539708}, "datetime": {"datetime": "2021-09-23 15:01:39", "elapsed": 497.471965, "delta": 10.216568}}
{"target": 0.9155986475171872, "params": {"C": 257.28151997834925, "epsilon": 0.5433490686456791, "gamma": 0.05847162985746844, "lamda": 0.009213617607346023}, "datetime": {"datetime": "2021-09-23 15:01:40", "elapsed": 498.160966, "delta": 0.689001}}
{"target": -3.341668734219218, "params": {"C": 262.1345036677898, "epsilon": 0.3779106993850653, "gamma": 0.03346157295358836, "lamda": 0.05664288302188469}, "datetime": {"datetime": "2021-09-23 15:01:50", "elapsed": 507.622821, "delta": 9.461855}}
{"target": -3.3603949040422627, "params": {"C": 385.39566030077305, "epsilon": 0.9545973929262257, "gamma": 0.03345888559348688, "lamda": 0.016329896030931334}, "datetime": {"datetime": "2021-09-23 15:02:00", "elapsed": 517.720694, "delta": 10.097873}}
{"target": -3.3793907615356806, "params": {"C": 286.2573066492355, "epsilon": 0.457895656610391, "gamma": 0.04251707153484231, "lamda": 0.11737518916975088}, "datetime": {"datetime": "2021-09-23 15:02:10", "elapsed": 528.093405, "delta": 10.372711}}
{"target": -3.8962094693898033, "params": {"C": 206.22744054428154, "epsilon": 0.6015715116001653, "gamma": 0.03357718471898151, "lamda": 0.03465108115162237}, "datetime": {"datetime": "2021-09-23 15:02:20", "elapsed": 538.350645, "delta": 10.25724}}
{"target": 0.9124930862634664, "params": {"C": 257.2957526984912, "epsilon": 0.4993272026727918, "gamma": 0.06533510549321389, "lamda": 0.013914818305509}, "datetime": {"datetime": "2021-09-23 15:02:21", "elapsed": 539.069647, "delta": 0.719002}}
{"target": -3.285287678182277, "params": {"C": 232.22154739403237, "epsilon": 0.20941366907807996, "gamma": 0.04248613737151773, "lamda": 0.027078529527152267}, "datetime": {"datetime": "2021-09-23 15:02:31", "elapsed": 549.074345, "delta": 10.004698}}
{"target": 0.9133973115492043, "params": {"C": 257.2534811989915, "epsilon": 0.5598088938536888, "gamma": 0.06224524823735467, "lamda": 0.039393268020045315}, "datetime": {"datetime": "2021-09-23 15:02:32", "elapsed": 549.943019, "delta": 0.868674}}
{"target": -2.847231568675989, "params": {"C": 252.77608810562737, "epsilon": 0.7436534970939901, "gamma": 0.048181331639930144, "lamda": 0.14123610251542967}, "datetime": {"datetime": "2021-09-23 15:02:42", "elapsed": 560.108334, "delta": 10.165315}}
{"target": -2.589270887687251, "params": {"C": 257.22940566213794, "epsilon": 0.5490430505666095, "gamma": 0.05278186484303663, "lamda": 0.022473251226942853}, "datetime": {"datetime": "2021-09-23 15:02:52", "elapsed": 570.064427, "delta": 9.956093}}
{"target": 0.9118432248793712, "params": {"C": 332.2932631394963, "epsilon": 0.1597989330925227, "gamma": 0.06889160931654376, "lamda": 0.1384109973350992}, "datetime": {"datetime": "2021-09-23 15:02:53", "elapsed": 570.697344, "delta": 0.632917}}
{"target": -2.82801799696582, "params": {"C": 232.28520107064566, "epsilon": 0.20714869433399669, "gamma": 0.04193520330494984, "lamda": 0.022086105792122723}, "datetime": {"datetime": "2021-09-23 15:03:03", "elapsed": 581.140344, "delta": 10.443}}
{"target": -3.310993071880371, "params": {"C": 277.8966906382073, "epsilon": 0.6273235272717189, "gamma": 0.040218669272391115, "lamda": 0.11519111380947693}, "datetime": {"datetime": "2021-09-23 15:03:14", "elapsed": 591.80587, "delta": 10.665526}}
{"target": 0.9188775508987982, "params": {"C": 232.008811438637, "epsilon": 0.0640961964355954, "gamma": 0.05270357811208985, "lamda": 0.028297091476997514}, "datetime": {"datetime": "2021-09-23 15:03:14", "elapsed": 592.47087, "delta": 0.665}}
{"target": 0.9191560473350046, "params": {"C": 232.16652461966697, "epsilon": 0.1245379725784815, "gamma": 0.050300806248592324, "lamda": 0.032587204695803534}, "datetime": {"datetime": "2021-09-23 15:03:15", "elapsed": 593.190869, "delta": 0.719999}}
{"target": -3.1011954841447587, "params": {"C": 232.0240469743477, "epsilon": 0.08333846261306768, "gamma": 0.03980766359258111, "lamda": 0.03495665871254028}, "datetime": {"datetime": "2021-09-23 15:03:25", "elapsed": 603.237872, "delta": 10.047003}}
{"target": -3.3575374011686225, "params": {"C": 232.05538276319336, "epsilon": 0.11843629574817649, "gamma": 0.046115250293484865, "lamda": 0.150650839961143}, "datetime": {"datetime": "2021-09-23 15:03:36", "elapsed": 613.708558, "delta": 10.470686}}
{"target": -3.6705951118085896, "params": {"C": 351.75209607461323, "epsilon": 0.5337048775715479, "gamma": 0.03672824023991297, "lamda": 0.05337731043492862}, "datetime": {"datetime": "2021-09-23 15:03:46", "elapsed": 623.679522, "delta": 9.970964}}
{"target": -2.811357373811021, "params": {"C": 232.15079227758105, "epsilon": 0.17287523637513447, "gamma": 0.038665945140611876, "lamda": 0.01896932779396406}, "datetime": {"datetime": "2021-09-23 15:03:55", "elapsed": 633.286117, "delta": 9.606595}}
{"target": -3.0342033481279254, "params": {"C": 232.1894471986171, "epsilon": 0.11689579530909282, "gamma": 0.04701772566164654, "lamda": 0.03943957133047747}, "datetime": {"datetime": "2021-09-23 15:04:05", "elapsed": 643.109041, "delta": 9.822924}}
{"target": 0.9117785242712737, "params": {"C": 257.29202777891527, "epsilon": 0.5459069291689258, "gamma": 0.06769600509348474, "lamda": 0.002526996812616088}, "datetime": {"datetime": "2021-09-23 15:04:06", "elapsed": 643.751664, "delta": 0.642623}}
{"target": -2.0526521469912757, "params": {"C": 373.68435315099754, "epsilon": 0.8001368636136533, "gamma": 0.06366383159308364, "lamda": 0.10331672041266676}, "datetime": {"datetime": "2021-09-23 15:04:15", "elapsed": 652.936025, "delta": 9.184361}}
{"target": -2.0437380478817158, "params": {"C": 332.32398016217064, "epsilon": 0.12875857987232026, "gamma": 0.05950206111955669, "lamda": 0.08675779585415717}, "datetime": {"datetime": "2021-09-23 15:04:24", "elapsed": 661.696669, "delta": 8.760644}}
{"target": 0.9115505553463886, "params": {"C": 230.79830524962514, "epsilon": 0.8366800927707803, "gamma": 0.06715035863590813, "lamda": 0.04897478776081549}, "datetime": {"datetime": "2021-09-23 15:04:24", "elapsed": 662.377805, "delta": 0.681136}}
{"target": 0.9111048296233862, "params": {"C": 232.13363921833056, "epsilon": 0.1814892609454571, "gamma": 0.0697597816526551, "lamda": 0.03752761551879355}, "datetime": {"datetime": "2021-09-23 15:04:25", "elapsed": 663.089558, "delta": 0.711753}}
{"target": 0.9117776352085208, "params": {"C": 215.06585047029398, "epsilon": 0.5507443452182548, "gamma": 0.0663916863293944, "lamda": 0.04487362383594535}, "datetime": {"datetime": "2021-09-23 15:04:26", "elapsed": 663.704903, "delta": 0.615345}}
{"target": 0.9114967462095344, "params": {"C": 230.7185559384524, "epsilon": 0.8125534170996171, "gamma": 0.06769994151579463, "lamda": 0.04927697971165015}, "datetime": {"datetime": "2021-09-23 15:04:26", "elapsed": 664.330911, "delta": 0.626008}}
{"target": 0.9113260330611986, "params": {"C": 230.8187328561698, "epsilon": 0.8312649863254725, "gamma": 0.06845315585914316, "lamda": 0.040853106542699344}, "datetime": {"datetime": "2021-09-23 15:04:27", "elapsed": 665.101372, "delta": 0.770461}}
{"target": -2.662775907610087, "params": {"C": 218.98735980032555, "epsilon": 0.6237555412978093, "gamma": 0.04261948860288284, "lamda": 0.09236822700302749}, "datetime": {"datetime": "2021-09-23 15:04:36", "elapsed": 674.295966, "delta": 9.194594}}
{"target": -2.361204009723528, "params": {"C": 353.09015845888393, "epsilon": 0.9056724058907712, "gamma": 0.06105253472568606, "lamda": 0.14484222667299107}, "datetime": {"datetime": "2021-09-23 15:04:45", "elapsed": 683.397829, "delta": 9.101863}}
{"target": -2.654982000793737, "params": {"C": 332.2355745223035, "epsilon": 0.17221495485193422, "gamma": 0.0525051696718417, "lamda": 0.1443500717852702}, "datetime": {"datetime": "2021-09-23 15:04:54", "elapsed": 692.450536, "delta": 9.052707}}
{"target": 0.9135128324252645, "params": {"C": 257.2683501916852, "epsilon": 0.5079200589007532, "gamma": 0.061913706364981995, "lamda": 0.013424127356798533}, "datetime": {"datetime": "2021-09-23 15:04:55", "elapsed": 693.121226, "delta": 0.67069}}
{"target": -3.0257722646866982, "params": {"C": 232.1648449520859, "epsilon": 0.12170450044298459, "gamma": 0.03875418301509892, "lamda": 0.016703652320414045}, "datetime": {"datetime": "2021-09-23 15:05:05", "elapsed": 702.879156, "delta": 9.75793}}
{"target": 0.9114374414659033, "params": {"C": 246.6139081986354, "epsilon": 0.478685222210234, "gamma": 0.06868573151892063, "lamda": 0.018946123733767847}, "datetime": {"datetime": "2021-09-23 15:05:05", "elapsed": 703.503009, "delta": 0.623853}}
{"target": -3.245313102170427, "params": {"C": 381.9574131243776, "epsilon": 0.8243855860021689, "gamma": 0.04333137108546004, "lamda": 0.02611745460940216}, "datetime": {"datetime": "2021-09-23 15:05:15", "elapsed": 712.750548, "delta": 9.247539}}
{"target": -2.682458427004858, "params": {"C": 308.05704335515196, "epsilon": 0.7878166533364959, "gamma": 0.05176722952512422, "lamda": 0.143180253650195}, "datetime": {"datetime": "2021-09-23 15:05:24", "elapsed": 721.937591, "delta": 9.187043}}
{"target": 0.9124888296587899, "params": {"C": 299.6443617848073, "epsilon": 0.67473350064987, "gamma": 0.06539678277932091, "lamda": 0.02776403205037207}, "datetime": {"datetime": "2021-09-23 15:05:25", "elapsed": 722.640636, "delta": 0.703045}}
{"target": -2.1706296411945516, "params": {"C": 371.5570029054311, "epsilon": 0.28723422786039055, "gamma": 0.05457391217294932, "lamda": 0.06682266955546932}, "datetime": {"datetime": "2021-09-23 15:05:34", "elapsed": 731.565277, "delta": 8.924641}}
{"target": -3.831775042087015, "params": {"C": 242.8073372508214, "epsilon": 0.3534554020873857, "gamma": 0.03294367722815599, "lamda": 0.07196515105470198}, "datetime": {"datetime": "2021-09-23 15:05:42", "elapsed": 740.455237, "delta": 8.88996}}
{"target": -3.1119057615648664, "params": {"C": 287.8459344216836, "epsilon": 0.09047588458280009, "gamma": 0.045616452759940196, "lamda": 0.03124260746904003}, "datetime": {"datetime": "2021-09-23 15:05:51", "elapsed": 749.247523, "delta": 8.792286}}
{"target": -1.9678534028046255, "params": {"C": 232.04312148164308, "epsilon": 0.20600994662743366, "gamma": 0.06001677077411756, "lamda": 0.13824266634034532}, "datetime": {"datetime": "2021-09-23 15:06:00", "elapsed": 757.974522, "delta": 8.726999}}
{"target": -3.056447196273546, "params": {"C": 336.2611776308082, "epsilon": 0.44764513039166876, "gamma": 0.03658676665116655, "lamda": 0.13216025222052474}, "datetime": {"datetime": "2021-09-23 15:06:09", "elapsed": 766.687173, "delta": 8.712651}}
{"target": -2.874867637325292, "params": {"C": 232.20936057205552, "epsilon": 0.14733799376364526, "gamma": 0.043755795575666806, "lamda": 0.00810521085989084}, "datetime": {"datetime": "2021-09-23 15:06:18", "elapsed": 775.930321, "delta": 9.243148}}
{"target": 0.9131077769688728, "params": {"C": 268.0253855832648, "epsilon": 0.9469388078131454, "gamma": 0.06295538369563779, "lamda": 0.036662041751169556}, "datetime": {"datetime": "2021-09-23 15:06:19", "elapsed": 776.588481, "delta": 0.65816}}
{"target": 0.9184478254500306, "params": {"C": 232.1699913809301, "epsilon": 0.14647661708485135, "gamma": 0.05385954909186992, "lamda": 0.07432923680933246}, "datetime": {"datetime": "2021-09-23 15:06:19", "elapsed": 777.280479, "delta": 0.691998}}
