{"target": 0.9141664848513393, "params": {"C": 262.1097122971644, "epsilon": 0.3352744638613431, "gamma": 0.060263675769628225, "lamda": 0.036650337336055085}, "datetime": {"datetime": "2021-09-23 15:06:20", "elapsed": 777.961516, "delta": 0.681037}}
{"target": 0.9145139346068256, "params": {"C": 215.07285927195392, "epsilon": 0.5534515686966993, "gamma": 0.06231152918486234, "lamda": 0.012431939513410248}, "datetime": {"datetime": "2021-09-23 15:06:21", "elapsed": 778.653511, "delta": 0.691995}}
{"target": -3.5359104096040994, "params": {"C": 397.17157375792874, "epsilon": 0.20667963293807695, "gamma": 0.03347893064945112, "lamda": 0.12511340591779058}, "datetime": {"datetime": "2021-09-23 15:06:30", "elapsed": 787.59519, "delta": 8.941679}}
{"target": 0.9191076583657145, "params": {"C": 255.29114091232418, "epsilon": 0.8298701029032715, "gamma": 0.05118234679174094, "lamda": 0.009250311263807882}, "datetime": {"datetime": "2021-09-23 15:06:30", "elapsed": 788.261565, "delta": 0.666375}}
{"target": -2.1232712173871073, "params": {"C": 289.33171641776033, "epsilon": 0.9968799081163998, "gamma": 0.056696350287934356, "lamda": 0.016395177451073054}, "datetime": {"datetime": "2021-09-23 15:06:39", "elapsed": 797.131869, "delta": 8.870304}}
{"target": -3.23864133834556, "params": {"C": 230.76266210791562, "epsilon": 0.8391449964575459, "gamma": 0.0382446571603528, "lamda": 0.05210685611922232}, "datetime": {"datetime": "2021-09-23 15:06:48", "elapsed": 806.455394, "delta": 9.323525}}
{"target": -3.6191965758205695, "params": {"C": 297.56196813764683, "epsilon": 0.9341716185120165, "gamma": 0.032985919301385586, "lamda": 0.13160166957816483}, "datetime": {"datetime": "2021-09-23 15:06:57", "elapsed": 815.238864, "delta": 8.78347}}
{"target": -3.2642331302316876, "params": {"C": 232.181616059468, "epsilon": 0.06811245693619404, "gamma": 0.04328920170555095, "lamda": 0.029947501008693797}, "datetime": {"datetime": "2021-09-23 15:07:06", "elapsed": 824.430774, "delta": 9.19191}}
{"target": -3.091901652642238, "params": {"C": 239.57648350000497, "epsilon": 0.91642059211762, "gamma": 0.04548869436314268, "lamda": 0.009008643501252677}, "datetime": {"datetime": "2021-09-23 15:07:16", "elapsed": 833.655575, "delta": 9.224801}}
{"target": 0.914657762165475, "params": {"C": 299.6353983778078, "epsilon": 0.7070381042809268, "gamma": 0.05851032188731436, "lamda": 0.007981200342259223}, "datetime": {"datetime": "2021-09-23 15:07:16", "elapsed": 834.388252, "delta": 0.732677}}
{"target": 0.9100833499202937, "params": {"C": 232.10909201519195, "epsilon": 0.09287444011705488, "gamma": 0.030112677600398517, "lamda": 0.01246218942871945}, "datetime": {"datetime": "2021-09-23 15:07:17", "elapsed": 835.111292, "delta": 0.72304}}
{"target": -3.1432895033942536, "params": {"C": 332.28012342061277, "epsilon": 0.16137023749592128, "gamma": 0.03671952478029707, "lamda": 0.13867623189300365}, "datetime": {"datetime": "2021-09-23 15:07:27", "elapsed": 844.653465, "delta": 9.542173}}
{"target": -2.932308491653087, "params": {"C": 299.3609337688494, "epsilon": 0.27603697875146904, "gamma": 0.05247671846187185, "lamda": 0.10279970413601577}, "datetime": {"datetime": "2021-09-23 15:07:36", "elapsed": 853.637488, "delta": 8.984023}}
{"target": 0.9125069003927239, "params": {"C": 268.0170337625841, "epsilon": 0.9170537533943579, "gamma": 0.06519939761820487, "lamda": 0.012199753790537076}, "datetime": {"datetime": "2021-09-23 15:07:36", "elapsed": 854.326487, "delta": 0.688999}}
{"target": -1.8716952156210795, "params": {"C": 360.2278738846172, "epsilon": 0.9957635182786003, "gamma": 0.06766333888710835, "lamda": 0.13689406608500432}, "datetime": {"datetime": "2021-09-23 15:07:45", "elapsed": 863.400493, "delta": 9.074006}}
{"target": -2.685220970517604, "params": {"C": 255.30837905876913, "epsilon": 0.8462084690477926, "gamma": 0.04429660445948659, "lamda": 0.0006433935275227585}, "datetime": {"datetime": "2021-09-23 15:07:49", "elapsed": 866.796765, "delta": 3.396272}}
{"target": -2.920495539753369, "params": {"C": 361.8570654598893, "epsilon": 0.26500383043275116, "gamma": 0.04449413981215159, "lamda": 0.15838718562579107}, "datetime": {"datetime": "2021-09-23 15:07:58", "elapsed": 875.907764, "delta": 9.110999}}
{"target": 0.9175955424277425, "params": {"C": 299.6609594051404, "epsilon": 0.7018711425234828, "gamma": 0.05362960688396759, "lamda": 0.009452266436063556}, "datetime": {"datetime": "2021-09-23 15:07:59", "elapsed": 876.601764, "delta": 0.694}}
{"target": 0.9173710357135841, "params": {"C": 254.75332424838479, "epsilon": 0.855195488782119, "gamma": 0.036235444966628845, "lamda": 0.0008573152978375545}, "datetime": {"datetime": "2021-09-23 15:07:59", "elapsed": 877.304765, "delta": 0.703001}}
{"target": -2.5427434278471908, "params": {"C": 232.04210247791698, "epsilon": 0.24586827789423316, "gamma": 0.054320220040334884, "lamda": 0.08417912341966458}, "datetime": {"datetime": "2021-09-23 15:08:09", "elapsed": 886.575436, "delta": 9.270671}}
{"target": -2.4646026692888867, "params": {"C": 249.7270738997725, "epsilon": 0.6901423140387962, "gamma": 0.06256102941462473, "lamda": 0.07662419864343156}, "datetime": {"datetime": "2021-09-23 15:08:18", "elapsed": 895.818419, "delta": 9.242983}}
{"target": -2.4627739144422263, "params": {"C": 319.07206151705356, "epsilon": 0.5521781776412087, "gamma": 0.05249985692916523, "lamda": 0.07432961848055303}, "datetime": {"datetime": "2021-09-23 15:08:27", "elapsed": 904.691529, "delta": 8.87311}}
{"target": 0.9128794891511001, "params": {"C": 262.09863682940653, "epsilon": 0.33340974814775864, "gamma": 0.06398141566800447, "lamda": 0.05375414031145899}, "datetime": {"datetime": "2021-09-23 15:08:27", "elapsed": 905.465485, "delta": 0.773956}}
{"target": 0.9112909874309515, "params": {"C": 232.154810330259, "epsilon": 0.12342791609800241, "gamma": 0.06915460354480715, "lamda": 0.039812478478465765}, "datetime": {"datetime": "2021-09-23 15:08:28", "elapsed": 906.226525, "delta": 0.76104}}
{"target": -3.827187755751817, "params": {"C": 357.59290666681306, "epsilon": 0.6936289709355402, "gamma": 0.031185291033937832, "lamda": 0.027185010553073225}, "datetime": {"datetime": "2021-09-23 15:08:37", "elapsed": 915.295524, "delta": 9.068999}}
{"target": -2.3735359549037622, "params": {"C": 334.35805958070796, "epsilon": 0.16500722555890718, "gamma": 0.0520494383833619, "lamda": 0.1272823457625348}, "datetime": {"datetime": "2021-09-23 15:08:47", "elapsed": 924.622147, "delta": 9.326623}}
{"target": -3.0435663799269754, "params": {"C": 328.07438782582904, "epsilon": 0.40423707048459045, "gamma": 0.04228768991726384, "lamda": 0.0756418379620377}, "datetime": {"datetime": "2021-09-23 15:08:56", "elapsed": 933.912304, "delta": 9.290157}}
{"target": -1.9481997633220072, "params": {"C": 313.77680004788067, "epsilon": 0.272629929010259, "gamma": 0.05865937855216952, "lamda": 0.07542593111130082}, "datetime": {"datetime": "2021-09-23 15:09:05", "elapsed": 942.916568, "delta": 9.004264}}
{"target": 0.9137583388456436, "params": {"C": 268.0070722355804, "epsilon": 0.9345727916512327, "gamma": 0.061219771004338126, "lamda": 0.02042344382760934}, "datetime": {"datetime": "2021-09-23 15:09:06", "elapsed": 943.670792, "delta": 0.754224}}
{"target": 0.912040435789351, "params": {"C": 246.58822684625582, "epsilon": 0.4670593968956579, "gamma": 0.06678516592377608, "lamda": 0.02917973361207072}, "datetime": {"datetime": "2021-09-23 15:09:06", "elapsed": 944.450831, "delta": 0.780039}}
{"target": 0.9110898732013573, "params": {"C": 246.5981721906358, "epsilon": 0.46772506725675544, "gamma": 0.06999999839577203, "lamda": 0.011377489233429267}, "datetime": {"datetime": "2021-09-23 15:09:07", "elapsed": 945.3126, "delta": 0.861769}}
{"target": -2.2778498066498023, "params": {"C": 319.1310855282547, "epsilon": 0.5525539620617804, "gamma": 0.050698247386138665, "lamda": 0.009112479832897067}, "datetime": {"datetime": "2021-09-23 15:09:16", "elapsed": 954.255448, "delta": 8.942848}}
{"target": 0.9180757994117116, "params": {"C": 246.61571781770647, "epsilon": 0.44552859299751, "gamma": 0.054299988016314166, "lamda": 0.007184648254368713}, "datetime": {"datetime": "2021-09-23 15:09:17", "elapsed": 955.100652, "delta": 0.845204}}
{"target": -2.316791153859174, "params": {"C": 399.9395881087051, "epsilon": 0.9425669371278065, "gamma": 0.05779724944934341, "lamda": 0.042775569477290054}, "datetime": {"datetime": "2021-09-23 15:09:26", "elapsed": 964.081689, "delta": 8.981037}}
{"target": -2.31510135335891, "params": {"C": 277.8104324424419, "epsilon": 0.971249002896569, "gamma": 0.05449837499774769, "lamda": 0.07883791409137345}, "datetime": {"datetime": "2021-09-23 15:09:35", "elapsed": 972.985405, "delta": 8.903716}}
{"target": 0.9144084432572483, "params": {"C": 271.0890710539198, "epsilon": 0.19689154822959498, "gamma": 0.05949262708798407, "lamda": 0.05941790955916363}, "datetime": {"datetime": "2021-09-23 15:09:36", "elapsed": 973.770866, "delta": 0.785461}}
{"target": -2.4128793653277256, "params": {"C": 232.1490059933992, "epsilon": 0.14829346542556146, "gamma": 0.051252102932081864, "lamda": 0.05905154823630917}, "datetime": {"datetime": "2021-09-23 15:09:44", "elapsed": 982.138418, "delta": 8.367552}}
{"target": -3.516138741782754, "params": {"C": 294.8464209876136, "epsilon": 0.5252156654430491, "gamma": 0.036139558021076684, "lamda": 0.03522071863958238}, "datetime": {"datetime": "2021-09-23 15:09:53", "elapsed": 990.868905, "delta": 8.730487}}
{"target": -2.2161880197249864, "params": {"C": 232.12830684919746, "epsilon": 0.1307128844299759, "gamma": 0.05653771194972343, "lamda": 0.11395984815598484}, "datetime": {"datetime": "2021-09-23 15:10:02", "elapsed": 1000.259622, "delta": 9.390717}}
{"target": -2.589838041217124, "params": {"C": 292.46473808267206, "epsilon": 0.8809083865986673, "gamma": 0.047243105246822945, "lamda": 0.07291179440645121}, "datetime": {"datetime": "2021-09-23 15:10:11", "elapsed": 1009.416413, "delta": 9.156791}}
{"target": -1.7795600602020394, "params": {"C": 258.61216110989005, "epsilon": 0.6757121722550027, "gamma": 0.05772669804393907, "lamda": 0.12251502281009347}, "datetime": {"datetime": "2021-09-23 15:10:20", "elapsed": 1018.286451, "delta": 8.870038}}
{"target": -3.382657884023317, "params": {"C": 371.0147816622647, "epsilon": 0.46063180858821273, "gamma": 0.034386786083727514, "lamda": 0.14899108239519504}, "datetime": {"datetime": "2021-09-23 15:10:29", "elapsed": 1027.432935, "delta": 9.146484}}
{"target": -2.1051913784211735, "params": {"C": 236.7378057293861, "epsilon": 0.6605306013945778, "gamma": 0.06001382788620281, "lamda": 0.12059379695693997}, "datetime": {"datetime": "2021-09-23 15:10:39", "elapsed": 1036.652753, "delta": 9.219818}}
{"target": 0.9133933876805846, "params": {"C": 271.0679478889255, "epsilon": 0.2075936372879521, "gamma": 0.06251117238777526, "lamda": 0.08383172324319703}, "datetime": {"datetime": "2021-09-23 15:10:39", "elapsed": 1037.561365, "delta": 0.908612}}
{"target": -3.0027207065036308, "params": {"C": 325.4850882614528, "epsilon": 0.38236093313029434, "gamma": 0.04089645254455891, "lamda": 0.08675669955709428}, "datetime": {"datetime": "2021-09-23 15:10:49", "elapsed": 1046.861884, "delta": 9.300519}}
{"target": -3.143130717144868, "params": {"C": 347.2437546353658, "epsilon": 0.9626325595407519, "gamma": 0.04302431570509394, "lamda": 0.0016444657461746651}, "datetime": {"datetime": "2021-09-23 15:10:55", "elapsed": 1052.818231, "delta": 5.956347}}
{"target": -2.279263016348303, "params": {"C": 277.78009130294026, "epsilon": 0.35375664281145736, "gamma": 0.0523295215773702, "lamda": 0.04399288171109274}, "datetime": {"datetime": "2021-09-23 15:11:04", "elapsed": 1061.718374, "delta": 8.900143}}
{"target": -3.1251495380951217, "params": {"C": 363.76402734511237, "epsilon": 0.08146933408235144, "gamma": 0.037667444955157524, "lamda": 0.06931597371616989}, "datetime": {"datetime": "2021-09-23 15:11:13", "elapsed": 1070.66191, "delta": 8.943536}}
{"target": 0.911906238719753, "params": {"C": 230.80377891061983, "epsilon": 0.8098184587424133, "gamma": 0.06609751061695987, "lamda": 0.05495545833764139}, "datetime": {"datetime": "2021-09-23 15:11:14", "elapsed": 1071.567911, "delta": 0.906001}}
{"target": 0.9111624340456943, "params": {"C": 232.14046784328718, "epsilon": 0.12373802354232072, "gamma": 0.06959993514292456, "lamda": 0.04134499320420202}, "datetime": {"datetime": "2021-09-23 15:11:14", "elapsed": 1072.436276, "delta": 0.868365}}
{"target": 0.9183400087767166, "params": {"C": 257.2813931184163, "epsilon": 0.5580177255362586, "gamma": 0.05336277704956968, "lamda": 0.023573569571772153}, "datetime": {"datetime": "2021-09-23 15:11:15", "elapsed": 1073.300276, "delta": 0.864}}
{"target": 0.9119077563107012, "params": {"C": 232.1746072255253, "epsilon": 0.15844887091166893, "gamma": 0.06650932136569074, "lamda": 0.09927584732959138}, "datetime": {"datetime": "2021-09-23 15:11:16", "elapsed": 1074.384363, "delta": 1.084087}}
{"target": -2.9395316827311007, "params": {"C": 329.15319015298576, "epsilon": 0.20257568898683426, "gamma": 0.0488671345059127, "lamda": 0.14867373489424018}, "datetime": {"datetime": "2021-09-23 15:11:26", "elapsed": 1083.735473, "delta": 9.35111}}
{"target": 0.9111865566426661, "params": {"C": 232.1029875030992, "epsilon": 0.18621469592778184, "gamma": 0.06945131499297177, "lamda": 0.10170608183914973}, "datetime": {"datetime": "2021-09-23 15:11:27", "elapsed": 1084.741195, "delta": 1.005722}}
{"target": -2.8030059864161103, "params": {"C": 232.1095170480368, "epsilon": 0.15324161810241688, "gamma": 0.0511111405238564, "lamda": 0.06147310145248541}, "datetime": {"datetime": "2021-09-23 15:11:35", "elapsed": 1093.554274, "delta": 8.813079}}
{"target": 0.9155376724717088, "params": {"C": 200.67508103525577, "epsilon": 0.15592210015702734, "gamma": 0.06098078320233004, "lamda": 0.07347084178308896}, "datetime": {"datetime": "2021-09-23 15:11:36", "elapsed": 1094.379351, "delta": 0.825077}}
{"target": 0.9190134918480752, "params": {"C": 231.99041061187648, "epsilon": 0.061643972681391455, "gamma": 0.04757221733353885, "lamda": 0.027399586283616557}, "datetime": {"datetime": "2021-09-23 15:11:37", "elapsed": 1095.200505, "delta": 0.821154}}
{"target": 0.9190155542525078, "params": {"C": 299.68064876792045, "epsilon": 0.6900287241170977, "gamma": 0.050420767116872336, "lamda": 0.00951513129953296}, "datetime": {"datetime": "2021-09-23 15:11:38", "elapsed": 1096.555475, "delta": 1.35497}}
{"target": 0.9118203734616973, "params": {"C": 214.60587933964618, "epsilon": 0.9185566402768643, "gamma": 0.0662545173174289, "lamda": 0.05193510433418067}, "datetime": {"datetime": "2021-09-23 15:11:39", "elapsed": 1097.422726, "delta": 0.867251}}
{"target": -3.5904463353716336, "params": {"C": 298.76992213036385, "epsilon": 0.8060747237419577, "gamma": 0.030907042282954697, "lamda": 0.040523619615015924}, "datetime": {"datetime": "2021-09-23 15:11:48", "elapsed": 1106.503481, "delta": 9.080755}}
{"target": -3.711834845901735, "params": {"C": 227.38173833664897, "epsilon": 0.9473579679026384, "gamma": 0.030227290150040654, "lamda": 0.04303553515251064}, "datetime": {"datetime": "2021-09-23 15:11:58", "elapsed": 1115.810067, "delta": 9.306586}}
{"target": -2.9854893235412074, "params": {"C": 299.6283327451592, "epsilon": 0.6871254934214789, "gamma": 0.04228511173312147, "lamda": 0.010004872717175714}, "datetime": {"datetime": "2021-09-23 15:12:07", "elapsed": 1125.324639, "delta": 9.514572}}
{"target": -2.414578858209175, "params": {"C": 356.44718249309653, "epsilon": 0.8849558734532224, "gamma": 0.052350822444207294, "lamda": 0.05176480472619152}, "datetime": {"datetime": "2021-09-23 15:12:16", "elapsed": 1134.476981, "delta": 9.152342}}
{"target": -2.093649873255958, "params": {"C": 322.70659077830584, "epsilon": 0.564707852842898, "gamma": 0.052023224642176055, "lamda": 0.018978893233444386}, "datetime": {"datetime": "2021-09-23 15:12:26", "elapsed": 1143.739978, "delta": 9.262997}}
{"target": -2.321621203707816, "params": {"C": 219.20165423199987, "epsilon": 0.9641680480974324, "gamma": 0.06039668218710095, "lamda": 0.15123497813985165}, "datetime": {"datetime": "2021-09-23 15:12:36", "elapsed": 1153.788035, "delta": 10.048057}}
{"target": -2.3428049983860424, "params": {"C": 255.701427447677, "epsilon": 0.966626751846414, "gamma": 0.050726683054622565, "lamda": 0.02744758317558952}, "datetime": {"datetime": "2021-09-23 15:12:46", "elapsed": 1164.21922, "delta": 10.431185}}
{"target": -1.9382672361779982, "params": {"C": 228.80499006500906, "epsilon": 0.6157605878707288, "gamma": 0.06121159144808333, "lamda": 0.1349392785693943}, "datetime": {"datetime": "2021-09-23 15:12:57", "elapsed": 1174.724069, "delta": 10.504849}}
{"target": 0.9125999424183217, "params": {"C": 230.74478668723694, "epsilon": 0.8206476256154911, "gamma": 0.06440666786286267, "lamda": 0.05278343553108679}, "datetime": {"datetime": "2021-09-23 15:12:58", "elapsed": 1175.941777, "delta": 1.217708}}
{"target": 0.9120829095384824, "params": {"C": 232.11278018496716, "epsilon": 0.06730389028030806, "gamma": 0.06597214775407836, "lamda": 0.04303141476359563}, "datetime": {"datetime": "2021-09-23 15:12:59", "elapsed": 1177.067821, "delta": 1.126044}}
{"target": -3.7405730242112103, "params": {"C": 232.22533258831757, "epsilon": 0.15616117703827953, "gamma": 0.03275638159296854, "lamda": 0.04569633907643868}, "datetime": {"datetime": "2021-09-23 15:13:09", "elapsed": 1186.843832, "delta": 9.776011}}
{"target": 0.9135141181997595, "params": {"C": 299.6933944921118, "epsilon": 0.723297229623683, "gamma": 0.06215987101166462, "lamda": 0.024481223083579105}, "datetime": {"datetime": "2021-09-23 15:13:10", "elapsed": 1187.883792, "delta": 1.03996}}
{"target": 0.9114000788185186, "params": {"C": 251.70283718124065, "epsilon": 0.12619233826282972, "gamma": 0.06945562977188213, "lamda": 0.01473450075851102}, "datetime": {"datetime": "2021-09-23 15:13:11", "elapsed": 1188.943787, "delta": 1.059995}}
{"target": -2.807846627940245, "params": {"C": 230.80020719191037, "epsilon": 0.8471816728235472, "gamma": 0.0509643515131035, "lamda": 0.05482481818282042}, "datetime": {"datetime": "2021-09-23 15:13:22", "elapsed": 1200.031151, "delta": 11.087364}}
{"target": -2.5807733327797857, "params": {"C": 218.9372965951049, "epsilon": 0.40248385857431135, "gamma": 0.04732809375655861, "lamda": 0.1496710665317029}, "datetime": {"datetime": "2021-09-23 15:13:33", "elapsed": 1210.584217, "delta": 10.553066}}
{"target": 0.9129940313943458, "params": {"C": 284.4595539234338, "epsilon": 0.336253305992231, "gamma": 0.06403325762430019, "lamda": 0.08913142004086129}, "datetime": {"datetime": "2021-09-23 15:13:34", "elapsed": 1211.698218, "delta": 1.114001}}
{"target": -3.8353975504288798, "params": {"C": 225.6017497323134, "epsilon": 0.18605773705031953, "gamma": 0.03467145622877553, "lamda": 0.09319905017548491}, "datetime": {"datetime": "2021-09-23 15:13:44", "elapsed": 1222.019216, "delta": 10.320998}}
{"target": -2.232244680466811, "params": {"C": 299.6530960106664, "epsilon": 0.7165871125532802, "gamma": 0.05232937445689073, "lamda": 0.01691077264587811}, "datetime": {"datetime": "2021-09-23 15:13:54", "elapsed": 1232.093132, "delta": 10.073916}}
{"target": 0.9130421955536452, "params": {"C": 257.29828685689506, "epsilon": 0.5350526470827329, "gamma": 0.06320443983834881, "lamda": 0.007911270612908815}, "datetime": {"datetime": "2021-09-23 15:13:55", "elapsed": 1233.107138, "delta": 1.014006}}
{"target": -2.9537850727006427, "params": {"C": 200.69052977270297, "epsilon": 0.16859466915841365, "gamma": 0.046781166240039404, "lamda": 0.09327763395681668}, "datetime": {"datetime": "2021-09-23 15:14:05", "elapsed": 1243.367487, "delta": 10.260349}}
{"target": -2.3729797617237858, "params": {"C": 215.05910285236297, "epsilon": 0.5298620116465759, "gamma": 0.0527306493866337, "lamda": 0.045406085199440685}, "datetime": {"datetime": "2021-09-23 15:14:16", "elapsed": 1253.972007, "delta": 10.60452}}
{"target": 0.9115852539698632, "params": {"C": 232.11415415822148, "epsilon": 0.18576308213157944, "gamma": 0.06795571549550905, "lamda": 0.11220826994666866}, "datetime": {"datetime": "2021-09-23 15:14:17", "elapsed": 1255.199005, "delta": 1.226998}}
{"target": -2.1401156161426336, "params": {"C": 335.82134683417553, "epsilon": 0.2529214948327334, "gamma": 0.05714751070009524, "lamda": 0.14096053913169465}, "datetime": {"datetime": "2021-09-23 15:14:27", "elapsed": 1265.287562, "delta": 10.088557}}
{"target": -3.3447770405309107, "params": {"C": 330.0199104874373, "epsilon": 0.46455529064421314, "gamma": 0.038513752260211455, "lamda": 0.08579576412843458}, "datetime": {"datetime": "2021-09-23 15:14:37", "elapsed": 1275.506967, "delta": 10.219405}}
{"target": -3.028480846589269, "params": {"C": 321.72027591331084, "epsilon": 0.38013344563618046, "gamma": 0.05779055681932248, "lamda": 0.15483773810269233}, "datetime": {"datetime": "2021-09-23 15:14:48", "elapsed": 1286.041493, "delta": 10.534526}}
{"target": -3.2661692931885193, "params": {"C": 369.45535899180413, "epsilon": 0.8615378848847753, "gamma": 0.04011939725640886, "lamda": 0.12555349631741705}, "datetime": {"datetime": "2021-09-23 15:14:59", "elapsed": 1296.709494, "delta": 10.668001}}
{"target": -2.1438739645551124, "params": {"C": 232.0775000749687, "epsilon": 0.2838802678187957, "gamma": 0.0538720088348653, "lamda": 0.08779869034067946}, "datetime": {"datetime": "2021-09-23 15:15:09", "elapsed": 1307.024496, "delta": 10.315002}}
{"target": 0.9189748499318574, "params": {"C": 299.688823942222, "epsilon": 0.6975368741048837, "gamma": 0.042128668598149836, "lamda": 0.001905699827699092}, "datetime": {"datetime": "2021-09-23 15:15:10", "elapsed": 1308.18849, "delta": 1.163994}}
