{"target": 0.6739965533170991, "params": {"C": 58.82367149894935, "epsilon": 0.32330532629845476, "gamma": 0.5806749560354353, "lamda": 0.4778135908374418}, "datetime": {"datetime": "2021-09-23 11:15:02", "elapsed": 510.909204, "delta": 1.934471}}
{"target": 0.6687030120513058, "params": {"C": 56.435775350238764, "epsilon": 0.4370445127775076, "gamma": 0.5947130062940836, "lamda": 1.0}, "datetime": {"datetime": "2021-09-23 11:15:04", "elapsed": 512.910076, "delta": 2.000872}}
{"target": 0.7572901223248433, "params": {"C": 58.20717905487599, "epsilon": 0.6922951751913667, "gamma": 0.3866447176886686, "lamda": 0.4194938322692665}, "datetime": {"datetime": "2021-09-23 11:15:05", "elapsed": 513.888232, "delta": 0.978156}}
{"target": 0.7848650618923023, "params": {"C": 87.19506461057749, "epsilon": 0.001, "gamma": 0.3220427784914178, "lamda": 0.30442987964014445}, "datetime": {"datetime": "2021-09-23 11:15:07", "elapsed": 515.829463, "delta": 1.941231}}
{"target": 0.7697042184895795, "params": {"C": 58.603907615373906, "epsilon": 0.5878736457478964, "gamma": 0.3580798262126265, "lamda": 0.3129036842940467}, "datetime": {"datetime": "2021-09-23 11:15:08", "elapsed": 516.884461, "delta": 1.054998}}
{"target": 0.620804504399791, "params": {"C": 58.05695781912614, "epsilon": 0.47908824382733683, "gamma": 0.7240902675180996, "lamda": 0.16291674804768722}, "datetime": {"datetime": "2021-09-23 11:15:10", "elapsed": 518.694068, "delta": 1.809607}}
{"target": 0.8582836005494567, "params": {"C": 59.879849688842405, "epsilon": 0.7253232418131595, "gamma": 0.19012947138931566, "lamda": 0.006892414967369952}, "datetime": {"datetime": "2021-09-23 11:15:12", "elapsed": 521.01534, "delta": 2.321272}}
{"target": 0.6607139007362999, "params": {"C": 56.97850347799821, "epsilon": 0.852909792932955, "gamma": 0.6157453860834801, "lamda": 0.540459470762129}, "datetime": {"datetime": "2021-09-23 11:15:13", "elapsed": 522.064102, "delta": 1.048762}}
{"target": 0.665385459364306, "params": {"C": 75.01973312439775, "epsilon": 0.9638766794351867, "gamma": 0.5999182962718707, "lamda": 0.5164359819139215}, "datetime": {"datetime": "2021-09-23 11:15:14", "elapsed": 523.014101, "delta": 0.949999}}
{"target": 0.595479053068467, "params": {"C": 58.50994879526667, "epsilon": 0.9754369842589586, "gamma": 0.8024098059780631, "lamda": 0.24538417897530196}, "datetime": {"datetime": "2021-09-23 11:15:15", "elapsed": 524.038759, "delta": 1.024658}}
{"target": 0.5779679624298617, "params": {"C": 71.27198358917545, "epsilon": 0.9871334098324315, "gamma": 0.8584791921365985, "lamda": 0.640506905983583}, "datetime": {"datetime": "2021-09-23 11:15:16", "elapsed": 525.076277, "delta": 1.037518}}
{"target": 0.7060375698027243, "params": {"C": 59.5114551152626, "epsilon": 0.5382245943854734, "gamma": 0.5028887630095555, "lamda": 0.1411435450936212}, "datetime": {"datetime": "2021-09-23 11:15:18", "elapsed": 527.059642, "delta": 1.983365}}
{"target": 0.6411045082162206, "params": {"C": 59.198075781859615, "epsilon": 0.33751695856463654, "gamma": 0.6662918405590831, "lamda": 0.19890996493334842}, "datetime": {"datetime": "2021-09-23 11:15:20", "elapsed": 529.385645, "delta": 2.326003}}
{"target": 0.6390792372187468, "params": {"C": 58.54793193263577, "epsilon": 0.14822613436858872, "gamma": 0.6715424097143037, "lamda": 0.23168809768016113}, "datetime": {"datetime": "2021-09-23 11:15:22", "elapsed": 531.590678, "delta": 2.205033}}
{"target": 0.815343494761386, "params": {"C": 50.12856490115911, "epsilon": 0.9958125011111183, "gamma": 0.2697266198370442, "lamda": 0.03255481383932382}, "datetime": {"datetime": "2021-09-23 11:15:24", "elapsed": 532.710676, "delta": 1.119998}}
{"target": 0.8052611779454555, "params": {"C": 58.89682262373846, "epsilon": 0.019363835658829757, "gamma": 0.2851022697348355, "lamda": 0.5786752915581065}, "datetime": {"datetime": "2021-09-23 11:15:25", "elapsed": 534.641771, "delta": 1.931095}}
{"target": 0.676801440741114, "params": {"C": 60.10369248329582, "epsilon": 0.8069732525929356, "gamma": 0.57398113965914, "lamda": 0.34836689664398096}, "datetime": {"datetime": "2021-09-23 11:15:27", "elapsed": 535.746876, "delta": 1.105105}}
{"target": 0.7597287159691416, "params": {"C": 85.27285712915238, "epsilon": 0.35382027390878074, "gamma": 0.37756227972381884, "lamda": 0.41423765635091314}, "datetime": {"datetime": "2021-09-23 11:15:28", "elapsed": 536.725874, "delta": 0.978998}}
{"target": 0.7040514079648905, "params": {"C": 90.23799842587064, "epsilon": 0.3436587160507614, "gamma": 0.5024186705741697, "lamda": 0.012674786221098956}, "datetime": {"datetime": "2021-09-23 11:15:30", "elapsed": 538.936674, "delta": 2.2108}}
{"target": -1.3873561881065162, "params": {"C": 58.37829280257806, "epsilon": 0.03268183609165051, "gamma": 0.08866971505821365, "lamda": 0.8374655303392234}, "datetime": {"datetime": "2021-09-23 11:15:42", "elapsed": 551.510067, "delta": 12.573393}}
{"target": -1.6187179909369793, "params": {"C": 87.70920493054308, "epsilon": 0.0744827972687493, "gamma": 0.07581835106816587, "lamda": 0.646733535244478}, "datetime": {"datetime": "2021-09-23 11:15:55", "elapsed": 563.841956, "delta": 12.331889}}
{"target": 0.8977539663557434, "params": {"C": 58.68138003368633, "epsilon": 0.3275702537125225, "gamma": 0.09213597176630117, "lamda": 0.16939213073903922}, "datetime": {"datetime": "2021-09-23 11:15:56", "elapsed": 565.198639, "delta": 1.356683}}
{"target": 0.5637276598355885, "params": {"C": 77.40806993239184, "epsilon": 0.45764810808839834, "gamma": 0.9075334769512818, "lamda": 0.6935227391779224}, "datetime": {"datetime": "2021-09-23 11:15:57", "elapsed": 566.302637, "delta": 1.103998}}
{"target": 0.7175307804907506, "params": {"C": 98.04653805039202, "epsilon": 0.22192039726345184, "gamma": 0.46981613825045704, "lamda": 0.7961332222453051}, "datetime": {"datetime": "2021-09-23 11:16:00", "elapsed": 568.920638, "delta": 2.618001}}
{"target": 0.7844580065886784, "params": {"C": 58.46642333493228, "epsilon": 0.9021619968982107, "gamma": 0.3271625551082123, "lamda": 0.29570238329513887}, "datetime": {"datetime": "2021-09-23 11:16:02", "elapsed": 571.398639, "delta": 2.478001}}
{"target": 0.6641838803518424, "params": {"C": 58.694847208561804, "epsilon": 0.001, "gamma": 0.6050740004953211, "lamda": 0.571633332523896}, "datetime": {"datetime": "2021-09-23 11:16:05", "elapsed": 573.844636, "delta": 2.445997}}
{"target": 0.6482329779777198, "params": {"C": 51.96675924457567, "epsilon": 0.0715946836925651, "gamma": 0.6481752880079943, "lamda": 0.7177306886650997}, "datetime": {"datetime": "2021-09-23 11:16:06", "elapsed": 574.982637, "delta": 1.138001}}
{"target": -3.597993274339199, "params": {"C": 98.29367268484836, "epsilon": 0.5326727211472675, "gamma": 0.04507358438116803, "lamda": 0.2851928856500972}, "datetime": {"datetime": "2021-09-23 11:16:19", "elapsed": 588.557584, "delta": 13.574947}}
{"target": 0.8208767139389254, "params": {"C": 88.60018054345142, "epsilon": 0.7057180340746648, "gamma": 0.24694183719724883, "lamda": 0.21112362936987789}, "datetime": {"datetime": "2021-09-23 11:16:21", "elapsed": 589.786416, "delta": 1.228832}}
{"target": 0.8724503995276315, "params": {"C": 58.19109252287871, "epsilon": 0.5194150027296486, "gamma": 0.014726517732592953, "lamda": 0.013297629732801595}, "datetime": {"datetime": "2021-09-23 11:16:23", "elapsed": 592.274215, "delta": 2.487799}}
{"target": 0.740862067476866, "params": {"C": 68.31162302438455, "epsilon": 0.5871496328454682, "gamma": 0.4217808185934577, "lamda": 0.8534407941417619}, "datetime": {"datetime": "2021-09-23 11:16:24", "elapsed": 593.5488, "delta": 1.274585}}
{"target": 0.7429598969774678, "params": {"C": 68.53005953295732, "epsilon": 0.25423709747705653, "gamma": 0.4169811933974474, "lamda": 0.6094779545819983}, "datetime": {"datetime": "2021-09-23 11:16:27", "elapsed": 596.210006, "delta": 2.661206}}
{"target": 0.8856800442286519, "params": {"C": 76.5271569805201, "epsilon": 0.5462100294221666, "gamma": 0.12764481293398838, "lamda": 0.28968539620124867}, "datetime": {"datetime": "2021-09-23 11:16:29", "elapsed": 598.588688, "delta": 2.378682}}
{"target": 0.8355878570049616, "params": {"C": 76.28320708753205, "epsilon": 0.4167865537991378, "gamma": 0.2247663182452606, "lamda": 0.4311351319065953}, "datetime": {"datetime": "2021-09-23 11:16:32", "elapsed": 601.460225, "delta": 2.871537}}
{"target": 0.7771704911326528, "params": {"C": 76.48191404165831, "epsilon": 0.2914055337421182, "gamma": 0.34021836168965297, "lamda": 0.1568667485142023}, "datetime": {"datetime": "2021-09-23 11:16:35", "elapsed": 604.157357, "delta": 2.697132}}
{"target": 0.7828363974902468, "params": {"C": 74.771029824702, "epsilon": 0.6326699232589117, "gamma": 0.3268963086458729, "lamda": 0.784079408567528}, "datetime": {"datetime": "2021-09-23 11:16:36", "elapsed": 605.403231, "delta": 1.245874}}
{"target": 0.9043751701418213, "params": {"C": 76.54139348868287, "epsilon": 0.5749069031496519, "gamma": 0.07937916907101257, "lamda": 0.29599508440038014}, "datetime": {"datetime": "2021-09-23 11:16:38", "elapsed": 606.675217, "delta": 1.271986}}
{"target": 0.8262912378667024, "params": {"C": 52.87026579552163, "epsilon": 0.21728235858027187, "gamma": 0.24863112919827807, "lamda": 0.43717258251427826}, "datetime": {"datetime": "2021-09-23 11:16:39", "elapsed": 607.8966, "delta": 1.221383}}
{"target": 0.7503094952022025, "params": {"C": 76.19706768567335, "epsilon": 0.5428648779718674, "gamma": 0.39956932022351954, "lamda": 0.12173170836290885}, "datetime": {"datetime": "2021-09-23 11:16:41", "elapsed": 610.040203, "delta": 2.143603}}
{"target": 0.8803312454525039, "params": {"C": 54.929052112579924, "epsilon": 0.215989741936091, "gamma": 0.1349247089652511, "lamda": 0.4970004318128196}, "datetime": {"datetime": "2021-09-23 11:16:42", "elapsed": 611.431495, "delta": 1.391292}}
{"target": 0.8917541731286596, "params": {"C": 76.28004239443132, "epsilon": 0.7685147171945329, "gamma": 0.11052570659000209, "lamda": 0.02165810668605283}, "datetime": {"datetime": "2021-09-23 11:16:45", "elapsed": 614.411311, "delta": 2.979816}}
{"target": 0.8509061691257656, "params": {"C": 50.429461052222905, "epsilon": 0.18829283972449753, "gamma": 0.20480269851595376, "lamda": 0.3336755080152482}, "datetime": {"datetime": "2021-09-23 11:16:47", "elapsed": 615.848608, "delta": 1.437297}}
{"target": 0.8714817566079025, "params": {"C": 98.73620903011812, "epsilon": 0.9845762354712336, "gamma": 0.011629621162715622, "lamda": 0.05439840673932209}, "datetime": {"datetime": "2021-09-23 11:16:51", "elapsed": 619.990466, "delta": 4.141858}}
{"target": -0.028179917024741874, "params": {"C": 76.19156371999613, "epsilon": 0.6868713634548334, "gamma": 0.001, "lamda": 0.3383288320313274}, "datetime": {"datetime": "2021-09-23 11:17:07", "elapsed": 635.763322, "delta": 15.772856}}
{"target": 0.7802309685659468, "params": {"C": 76.6663046722698, "epsilon": 0.6396182407024728, "gamma": 0.3330487586610636, "lamda": 0.0345366402884502}, "datetime": {"datetime": "2021-09-23 11:17:09", "elapsed": 638.58297, "delta": 2.819648}}
{"target": 0.7692641180310567, "params": {"C": 98.40820527506138, "epsilon": 1.0, "gamma": 0.001, "lamda": 0.001}, "datetime": {"datetime": "2021-09-23 11:17:12", "elapsed": 641.417247, "delta": 2.834277}}
{"target": 0.7942576181141041, "params": {"C": 50.12129992148366, "epsilon": 0.999612043960932, "gamma": 0.3096529684521556, "lamda": 0.039085647167881536}, "datetime": {"datetime": "2021-09-23 11:17:14", "elapsed": 642.968991, "delta": 1.551744}}
{"target": 0.7985753898500041, "params": {"C": 98.55384979753784, "epsilon": 0.8887610875075315, "gamma": 0.28996749302254854, "lamda": 0.001}, "datetime": {"datetime": "2021-09-23 11:17:17", "elapsed": 645.917799, "delta": 2.948808}}
{"target": 0.8498300082709364, "params": {"C": 50.36225293815084, "epsilon": 0.6039915243803698, "gamma": 0.20707723667701097, "lamda": 0.19284483141571734}, "datetime": {"datetime": "2021-09-23 11:17:21", "elapsed": 649.775369, "delta": 3.85757}}
{"target": 0.6276013335963753, "params": {"C": 88.48812373671065, "epsilon": 0.7189940246216939, "gamma": 0.6999408782484542, "lamda": 0.09882206044574794}, "datetime": {"datetime": "2021-09-23 11:17:22", "elapsed": 651.178124, "delta": 1.402755}}
{"target": 0.8917187332002238, "params": {"C": 50.63558582109448, "epsilon": 0.47211192229008847, "gamma": 0.10399807567989892, "lamda": 0.07259519889134902}, "datetime": {"datetime": "2021-09-23 11:17:26", "elapsed": 654.68293, "delta": 3.504806}}
{"target": 0.682837551268247, "params": {"C": 82.02707333937474, "epsilon": 0.3248056779777505, "gamma": 0.5543656367229118, "lamda": 0.32834459513029124}, "datetime": {"datetime": "2021-09-23 11:17:27", "elapsed": 656.001878, "delta": 1.318948}}
{"target": 0.8204810516435244, "params": {"C": 50.65717367494243, "epsilon": 0.48282994415782055, "gamma": 0.26005288129193466, "lamda": 0.4063417661585029}, "datetime": {"datetime": "2021-09-23 11:17:31", "elapsed": 659.832339, "delta": 3.830461}}
{"target": 0.6186877382128305, "params": {"C": 62.73579765307536, "epsilon": 0.5997715054745351, "gamma": 0.7296196745431147, "lamda": 0.6474237635306641}, "datetime": {"datetime": "2021-09-23 11:17:32", "elapsed": 661.344969, "delta": 1.51263}}
{"target": -2.2468714766974607, "params": {"C": 76.4935659547559, "epsilon": 0.2347049449296454, "gamma": 0.011317688032689049, "lamda": 0.3714809702883013}, "datetime": {"datetime": "2021-09-23 11:17:45", "elapsed": 673.775504, "delta": 12.430535}}
{"target": 0.73335112586232, "params": {"C": 76.46415200361011, "epsilon": 0.642968778104811, "gamma": 0.4372912438729093, "lamda": 0.38048678292779203}, "datetime": {"datetime": "2021-09-23 11:17:48", "elapsed": 676.997065, "delta": 3.221561}}
{"target": 0.6084931192986395, "params": {"C": 62.38900044131582, "epsilon": 0.14810121781796123, "gamma": 0.7585849272793563, "lamda": 0.8359398612256471}, "datetime": {"datetime": "2021-09-23 11:17:49", "elapsed": 678.414737, "delta": 1.417672}}
{"target": 0.6920752520540274, "params": {"C": 76.18786788320705, "epsilon": 0.33603670098314564, "gamma": 0.5332644789135592, "lamda": 0.42310921700676346}, "datetime": {"datetime": "2021-09-23 11:17:53", "elapsed": 681.737171, "delta": 3.322434}}
{"target": 0.5783592763181624, "params": {"C": 61.671226483590644, "epsilon": 0.9744237710848178, "gamma": 0.8583031511252315, "lamda": 0.40853318298150637}, "datetime": {"datetime": "2021-09-23 11:17:54", "elapsed": 682.940227, "delta": 1.203056}}
{"target": 0.9036067094772519, "params": {"C": 76.58945954417425, "epsilon": 0.6810779962542799, "gamma": 0.041906703856402557, "lamda": 0.009740258066501157}, "datetime": {"datetime": "2021-09-23 11:17:57", "elapsed": 686.113505, "delta": 3.173278}}
{"target": 0.7764202891996985, "params": {"C": 50.41739093241159, "epsilon": 0.3120097056959921, "gamma": 0.34613853639957753, "lamda": 0.016040373632626653}, "datetime": {"datetime": "2021-09-23 11:18:00", "elapsed": 689.11679, "delta": 3.003285}}
{"target": 0.8926433850148616, "params": {"C": 91.69662853769935, "epsilon": 0.7848187237964455, "gamma": 0.11295094958143703, "lamda": 0.41185221794522414}, "datetime": {"datetime": "2021-09-23 11:18:01", "elapsed": 690.551587, "delta": 1.434797}}
{"target": 0.8437845315699047, "params": {"C": 76.6294357637736, "epsilon": 0.8361135767756084, "gamma": 0.2110719760805538, "lamda": 0.24533327108489045}, "datetime": {"datetime": "2021-09-23 11:18:05", "elapsed": 693.976618, "delta": 3.425031}}
{"target": 0.5865632679229307, "params": {"C": 87.9436446809332, "epsilon": 0.8859725770114489, "gamma": 0.8288299226992767, "lamda": 0.5116354039474063}, "datetime": {"datetime": "2021-09-23 11:18:06", "elapsed": 695.222184, "delta": 1.245566}}
{"target": 0.7186305425310249, "params": {"C": 50.294396750060606, "epsilon": 0.42221758081973093, "gamma": 0.47491973942641563, "lamda": 0.44368488080791735}, "datetime": {"datetime": "2021-09-23 11:18:09", "elapsed": 697.8969, "delta": 2.674716}}
{"target": 0.6322967165024241, "params": {"C": 86.41305294747035, "epsilon": 0.12564889060252346, "gamma": 0.6859745848674447, "lamda": 0.4430371396437477}, "datetime": {"datetime": "2021-09-23 11:18:10", "elapsed": 699.345634, "delta": 1.448734}}
{"target": 0.8023219064539668, "params": {"C": 63.1712033774475, "epsilon": 0.38613280558728824, "gamma": 0.28929426646612155, "lamda": 0.9773099075994529}, "datetime": {"datetime": "2021-09-23 11:18:12", "elapsed": 700.899135, "delta": 1.553501}}
{"target": 0.7738172384798938, "params": {"C": 58.60862043831159, "epsilon": 0.5979502543906345, "gamma": 0.34915878353280455, "lamda": 0.3475266869507631}, "datetime": {"datetime": "2021-09-23 11:18:13", "elapsed": 702.467329, "delta": 1.568194}}
{"target": 0.8727816849356889, "params": {"C": 50.756648202940085, "epsilon": 0.06923087235107842, "gamma": 0.15182143892876543, "lamda": 0.17675550153632497}, "datetime": {"datetime": "2021-09-23 11:18:16", "elapsed": 705.3971, "delta": 2.929771}}
{"target": 0.6924575862584159, "params": {"C": 50.55669664631491, "epsilon": 0.07906635898450608, "gamma": 0.5360958084221377, "lamda": 0.3424289840653519}, "datetime": {"datetime": "2021-09-23 11:18:20", "elapsed": 709.054521, "delta": 3.657421}}
{"target": 0.7995562024755554, "params": {"C": 50.70054735141555, "epsilon": 0.770029457255401, "gamma": 0.2994509102867195, "lamda": 0.13945437828868812}, "datetime": {"datetime": "2021-09-23 11:18:24", "elapsed": 713.545866, "delta": 4.491345}}
{"target": 0.7401401472572948, "params": {"C": 69.33560732043773, "epsilon": 0.23103158553363684, "gamma": 0.4231275160099051, "lamda": 0.10288159192261222}, "datetime": {"datetime": "2021-09-23 11:18:26", "elapsed": 715.606828, "delta": 2.060962}}
{"target": 0.8978974780743181, "params": {"C": 91.37844584689448, "epsilon": 0.991797465924311, "gamma": 0.09673517268605916, "lamda": 0.5091361202883354}, "datetime": {"datetime": "2021-09-23 11:18:30", "elapsed": 719.566739, "delta": 3.959911}}
{"target": 0.8568274844748838, "params": {"C": 91.54356478339432, "epsilon": 0.7226942528991521, "gamma": 0.18608761012529462, "lamda": 0.7187362913426114}, "datetime": {"datetime": "2021-09-23 11:18:35", "elapsed": 723.755903, "delta": 4.189164}}
{"target": -1.8741687544127057, "params": {"C": 91.43214130472414, "epsilon": 0.5846785744068352, "gamma": 0.06859070287034397, "lamda": 0.4691864280150914}, "datetime": {"datetime": "2021-09-23 11:18:51", "elapsed": 740.491614, "delta": 16.735711}}
{"target": 0.8203292972247753, "params": {"C": 91.78342492699045, "epsilon": 0.9004637825644324, "gamma": 0.24768858577501526, "lamda": 0.8013682132922464}, "datetime": {"datetime": "2021-09-23 11:18:56", "elapsed": 744.916583, "delta": 4.424969}}
{"target": 0.8610092442808723, "params": {"C": 66.66423470456239, "epsilon": 0.8352622186910292, "gamma": 0.18436044921881017, "lamda": 0.4355515228944106}, "datetime": {"datetime": "2021-09-23 11:18:58", "elapsed": 747.159039, "delta": 2.242456}}
{"target": 0.8900037229889859, "params": {"C": 71.7997451071002, "epsilon": 0.02690030559606344, "gamma": 0.11443587079695473, "lamda": 0.4358870702256586}, "datetime": {"datetime": "2021-09-23 11:37:51", "elapsed": 0.0, "delta": 0.0}}
{"target": -3.2578329542631135, "params": {"C": 71.01839010437445, "epsilon": 0.33100448618287026, "gamma": 0.04888324046719008, "lamda": 0.6196516953843131}, "datetime": {"datetime": "2021-09-23 11:38:08", "elapsed": 17.313248, "delta": 17.313248}}
{"target": 0.8842449436307621, "params": {"C": 64.98273368372615, "epsilon": 0.2675604478277638, "gamma": 0.12801542822616604, "lamda": 0.529612952182762}, "datetime": {"datetime": "2021-09-23 11:38:09", "elapsed": 17.722294, "delta": 0.409046}}
{"target": -3.3849630605850543, "params": {"C": 56.728997267246676, "epsilon": 0.5140645431444807, "gamma": 0.045043574472913905, "lamda": 0.7855498126688568}, "datetime": {"datetime": "2021-09-23 11:38:25", "elapsed": 34.15888, "delta": 16.436586}}
{"target": -1.592438070265326, "params": {"C": 89.82706905191353, "epsilon": 0.5128172979098047, "gamma": 0.08087251415074626, "lamda": 0.7871963927129769}, "datetime": {"datetime": "2021-09-23 11:38:35", "elapsed": 44.320446, "delta": 10.161566}}
{"target": 0.8817418425711658, "params": {"C": 64.93875757383877, "epsilon": 0.3174937544241873, "gamma": 0.13445198134514497, "lamda": 0.46719925222069425}, "datetime": {"datetime": "2021-09-23 11:38:36", "elapsed": 44.762438, "delta": 0.441992}}
{"target": 0.8690439036918064, "params": {"C": 72.43980839401185, "epsilon": 0.001, "gamma": 0.16813294737567475, "lamda": 0.28535120119180934}, "datetime": {"datetime": "2021-09-23 11:38:37", "elapsed": 45.502488, "delta": 0.74005}}
{"target": -3.4424564984432298, "params": {"C": 64.10099915995228, "epsilon": 0.001, "gamma": 0.03830207455428062, "lamda": 0.8746133005398955}, "datetime": {"datetime": "2021-09-23 11:38:53", "elapsed": 62.222276, "delta": 16.719788}}
{"target": -1.9671617061153785, "params": {"C": 72.36800709432478, "epsilon": 0.14966859004902994, "gamma": 0.0740249386665977, "lamda": 0.9780615495350835}, "datetime": {"datetime": "2021-09-23 11:39:04", "elapsed": 72.686254, "delta": 10.463978}}
{"target": 0.8775047842277701, "params": {"C": 52.865468760041104, "epsilon": 0.2534768613194108, "gamma": 0.1411216399191597, "lamda": 0.6177089927576852}, "datetime": {"datetime": "2021-09-23 11:39:04", "elapsed": 73.202677, "delta": 0.516423}}
{"target": 0.9071467410953628, "params": {"C": 72.14076900473344, "epsilon": 0.3191259119281143, "gamma": 0.06836737629174365, "lamda": 0.0052948013491296835}, "datetime": {"datetime": "2021-09-23 11:39:05", "elapsed": 73.918435, "delta": 0.715758}}
{"target": 0.8989283160231117, "params": {"C": 65.55576535668969, "epsilon": 0.3030975439814397, "gamma": 0.03967907862345772, "lamda": 0.14031144514995836}, "datetime": {"datetime": "2021-09-23 11:39:06", "elapsed": 74.868437, "delta": 0.950002}}
