{"target": -2.270816152272445, "params": {"C": 24.669923255288552, "epsilon": 3.98820270313082, "gamma": 0.028755117608096792, "lamda": 0.028015473461490786}, "datetime": {"datetime": "2021-09-16 11:06:22", "elapsed": 818.094657, "delta": 1.386538}}
{"target": -7.580210300195052, "params": {"C": 24.807053006756494, "epsilon": 3.6057398725286016, "gamma": 0.0001, "lamda": 1.0602200793113952}, "datetime": {"datetime": "2021-09-16 11:06:38", "elapsed": 834.623496, "delta": 16.528839}}
{"target": -6.0627811069753825, "params": {"C": 8.696621970213515, "epsilon": 14.952229167864289, "gamma": 0.0001, "lamda": 0.0001}, "datetime": {"datetime": "2021-09-16 11:06:40", "elapsed": 836.053061, "delta": 1.429565}}
{"target": -4.551689082215297, "params": {"C": 30.0, "epsilon": 3.945493938677857, "gamma": 1.0, "lamda": 1.3254541009201664}, "datetime": {"datetime": "2021-09-16 11:06:41", "elapsed": 837.225759, "delta": 1.172698}}
{"target": -4.547677579134266, "params": {"C": 27.735101597327287, "epsilon": 3.774555756352045, "gamma": 1.0, "lamda": 5.0}, "datetime": {"datetime": "2021-09-16 11:06:42", "elapsed": 838.388724, "delta": 1.162965}}
{"target": -11.25029312925617, "params": {"C": 28.035857227679898, "epsilon": 7.673756273330664, "gamma": 0.2527372685790659, "lamda": 4.87185622200789}, "datetime": {"datetime": "2021-09-16 11:07:00", "elapsed": 856.650378, "delta": 18.261654}}
{"target": -4.772945980759637, "params": {"C": 14.920412344013503, "epsilon": 0.1, "gamma": 1.0, "lamda": 0.0001}, "datetime": {"datetime": "2021-09-16 11:07:01", "elapsed": 857.806216, "delta": 1.155838}}
{"target": -4.551303733496725, "params": {"C": 23.603374367773444, "epsilon": 1.256589889847947, "gamma": 1.0, "lamda": 3.3609266238752533}, "datetime": {"datetime": "2021-09-16 11:07:03", "elapsed": 858.976277, "delta": 1.170061}}
{"target": -4.599210066529995, "params": {"C": 20.775692869280586, "epsilon": 0.1, "gamma": 1.0, "lamda": 0.0001}, "datetime": {"datetime": "2021-09-16 11:07:04", "elapsed": 860.209427, "delta": 1.23315}}
{"target": -4.850644723857387, "params": {"C": 12.943119274216844, "epsilon": 1.3195932106210129, "gamma": 1.0, "lamda": 5.0}, "datetime": {"datetime": "2021-09-16 11:07:05", "elapsed": 861.786367, "delta": 1.57694}}
{"target": -2.4774379106820112, "params": {"C": 26.13944257907087, "epsilon": 4.82403203218108, "gamma": 0.19137870505079987, "lamda": 0.00429846702180399}, "datetime": {"datetime": "2021-09-16 11:07:07", "elapsed": 863.129996, "delta": 1.343629}}
{"target": -4.598336512683224, "params": {"C": 23.631035386469097, "epsilon": 3.005843044469177, "gamma": 1.0, "lamda": 0.0001}, "datetime": {"datetime": "2021-09-16 11:07:08", "elapsed": 864.215491, "delta": 1.085495}}
{"target": -2.552059212991348, "params": {"C": 28.33515855538059, "epsilon": 13.356277130647076, "gamma": 0.20049383930068, "lamda": 0.00997091405613993}, "datetime": {"datetime": "2021-09-16 11:07:09", "elapsed": 865.512206, "delta": 1.296715}}
{"target": -5.0548509231691945, "params": {"C": 28.354134365989985, "epsilon": 11.834794449351122, "gamma": 0.0001, "lamda": 0.0001}, "datetime": {"datetime": "2021-09-16 11:07:11", "elapsed": 866.864206, "delta": 1.352}}
{"target": -4.974994501390842, "params": {"C": 25.81518355463132, "epsilon": 14.047105504439257, "gamma": 0.9183767954474131, "lamda": 0.053361508233723556}, "datetime": {"datetime": "2021-09-16 11:07:12", "elapsed": 868.185162, "delta": 1.320956}}
{"target": -9.299812951533164, "params": {"C": 27.643560835887797, "epsilon": 13.804596634524056, "gamma": 0.00012152370136858992, "lamda": 0.7834716863400089}, "datetime": {"datetime": "2021-09-16 11:07:29", "elapsed": 885.21729, "delta": 17.032128}}
{"target": -4.766703757667287, "params": {"C": 29.133796864825705, "epsilon": 12.63154050658297, "gamma": 0.899491013678845, "lamda": 0.00898494461886846}, "datetime": {"datetime": "2021-09-16 11:07:31", "elapsed": 886.853607, "delta": 1.636317}}
{"target": -4.707455084659515, "params": {"C": 26.886261032965546, "epsilon": 7.778985608189743, "gamma": 1.0, "lamda": 0.0001}, "datetime": {"datetime": "2021-09-16 11:07:32", "elapsed": 888.136219, "delta": 1.282612}}
{"target": -5.032847246806631, "params": {"C": 29.42431932809589, "epsilon": 13.66797254370529, "gamma": 0.0001, "lamda": 0.0001}, "datetime": {"datetime": "2021-09-16 11:07:33", "elapsed": 889.475479, "delta": 1.33926}}
{"target": -14.936381550950237, "params": {"C": 29.91023621823148, "epsilon": 10.124179979110508, "gamma": 0.11479816194687932, "lamda": 2.0045501718966703}, "datetime": {"datetime": "2021-09-16 11:07:52", "elapsed": 908.668135, "delta": 19.192656}}
{"target": -5.002174139203539, "params": {"C": 12.18464413843998, "epsilon": 7.8407104008411395, "gamma": 1.0, "lamda": 0.0001}, "datetime": {"datetime": "2021-09-16 11:07:54", "elapsed": 910.052543, "delta": 1.384408}}
{"target": -12.25338529493074, "params": {"C": 27.878920996825393, "epsilon": 9.915824390109403, "gamma": 0.9220727787554589, "lamda": 1.0728681947354313}, "datetime": {"datetime": "2021-09-16 11:08:13", "elapsed": 929.555626, "delta": 19.503083}}
{"target": -5.051708472366828, "params": {"C": 28.186872999453648, "epsilon": 6.958188147495143, "gamma": 0.0001, "lamda": 0.0001}, "datetime": {"datetime": "2021-09-16 11:08:15", "elapsed": 931.092527, "delta": 1.536901}}
{"target": -5.121359017735025, "params": {"C": 25.657903854281432, "epsilon": 7.858745988915032, "gamma": 0.0001, "lamda": 0.0001}, "datetime": {"datetime": "2021-09-16 11:08:16", "elapsed": 932.43561, "delta": 1.343083}}
{"target": -13.84879785154015, "params": {"C": 23.405261578227023, "epsilon": 11.800315529631629, "gamma": 1.0, "lamda": 5.0}, "datetime": {"datetime": "2021-09-16 11:08:35", "elapsed": 951.260283, "delta": 18.824673}}
{"target": -5.357354675500915, "params": {"C": 12.41956032062436, "epsilon": 18.694787859770805, "gamma": 1.0, "lamda": 0.0001}, "datetime": {"datetime": "2021-09-16 11:08:36", "elapsed": 952.633315, "delta": 1.373032}}
{"target": -5.151036824978483, "params": {"C": 24.514827679137, "epsilon": 10.723358731446906, "gamma": 0.0001, "lamda": 0.0001}, "datetime": {"datetime": "2021-09-16 11:08:38", "elapsed": 954.098551, "delta": 1.465236}}
{"target": -2.2916286185667314, "params": {"C": 20.467378961498504, "epsilon": 4.281934644712771, "gamma": 0.030178296591868263, "lamda": 0.01771855449912443}, "datetime": {"datetime": "2021-09-16 11:08:39", "elapsed": 955.422758, "delta": 1.324207}}
{"target": -17.154713759048235, "params": {"C": 20.519424013985425, "epsilon": 4.387621096261366, "gamma": 0.039435533195297336, "lamda": 1.7741602606097457}, "datetime": {"datetime": "2021-09-16 11:08:59", "elapsed": 975.369291, "delta": 19.946533}}
{"target": -7.913904019032891, "params": {"C": 17.163783573088644, "epsilon": 1.9313502068045931, "gamma": 0.8965306422183125, "lamda": 2.0916659525279604}, "datetime": {"datetime": "2021-09-16 11:09:18", "elapsed": 994.26515, "delta": 18.895859}}
{"target": -6.8688205220452225, "params": {"C": 2.689617967668471, "epsilon": 5.078015158316312, "gamma": 0.0001, "lamda": 2.514051349018983}, "datetime": {"datetime": "2021-09-16 11:09:20", "elapsed": 995.937365, "delta": 1.672215}}
{"target": -5.178246235689821, "params": {"C": 9.250009197090451, "epsilon": 17.840996215757986, "gamma": 0.9380041505039043, "lamda": 0.003058402978749265}, "datetime": {"datetime": "2021-09-16 11:09:21", "elapsed": 997.335069, "delta": 1.397704}}
{"target": -5.197715492455108, "params": {"C": 8.172440415985811, "epsilon": 9.62765187900443, "gamma": 1.0, "lamda": 1.7479968982731096}, "datetime": {"datetime": "2021-09-16 11:09:22", "elapsed": 998.741536, "delta": 1.406467}}
{"target": -4.6416343751618525, "params": {"C": 21.143885155158518, "epsilon": 2.4714989572982575, "gamma": 1.0, "lamda": 5.0}, "datetime": {"datetime": "2021-09-16 11:09:24", "elapsed": 1000.481682, "delta": 1.740146}}
{"target": -5.296790710280996, "params": {"C": 6.533277182644422, "epsilon": 6.979854925399879, "gamma": 1.0, "lamda": 2.08445858937788}, "datetime": {"datetime": "2021-09-16 11:09:26", "elapsed": 1001.863532, "delta": 1.38185}}
{"target": -5.173142414164293, "params": {"C": 23.689221723196823, "epsilon": 14.048667809905432, "gamma": 0.0001, "lamda": 0.0001}, "datetime": {"datetime": "2021-09-16 11:09:27", "elapsed": 1003.376241, "delta": 1.512709}}
{"target": -4.993602995070986, "params": {"C": 11.359655957791711, "epsilon": 6.779341771499159, "gamma": 1.0, "lamda": 1.8260062807993795}, "datetime": {"datetime": "2021-09-16 11:09:29", "elapsed": 1004.879373, "delta": 1.503132}}
{"target": -5.263707153111789, "params": {"C": 30.0, "epsilon": 16.419404986001627, "gamma": 1.0, "lamda": 0.0001}, "datetime": {"datetime": "2021-09-16 11:09:30", "elapsed": 1006.260421, "delta": 1.381048}}
{"target": -12.010104485877175, "params": {"C": 29.785991415996964, "epsilon": 1.6844071298800614, "gamma": 0.1121786280180756, "lamda": 1.2609347665088013}, "datetime": {"datetime": "2021-09-16 11:09:46", "elapsed": 1022.439156, "delta": 16.178735}}
{"target": -6.123913394981597, "params": {"C": 8.196465984791567, "epsilon": 20.0, "gamma": 0.0001, "lamda": 0.0001}, "datetime": {"datetime": "2021-09-16 11:09:48", "elapsed": 1023.945169, "delta": 1.506013}}
{"target": -4.499161404730051, "params": {"C": 27.799659679443085, "epsilon": 2.2848909764842453, "gamma": 1.0, "lamda": 3.5412266725755606}, "datetime": {"datetime": "2021-09-16 11:09:49", "elapsed": 1025.580769, "delta": 1.6356}}
{"target": -5.230694109597506, "params": {"C": 22.36496622399239, "epsilon": 0.1, "gamma": 0.0001, "lamda": 0.7543120113783264}, "datetime": {"datetime": "2021-09-16 11:09:51", "elapsed": 1027.148726, "delta": 1.567957}}
{"target": -4.456834030576015, "params": {"C": 28.64894212960856, "epsilon": 0.1, "gamma": 1.0, "lamda": 0.0001}, "datetime": {"datetime": "2021-09-16 11:09:52", "elapsed": 1028.566917, "delta": 1.418191}}
{"target": -21.11913782282593, "params": {"C": 17.72321340241548, "epsilon": 20.0, "gamma": 0.0001, "lamda": 1.8900443970161889}, "datetime": {"datetime": "2021-09-16 11:10:04", "elapsed": 1040.828906, "delta": 12.261989}}
{"target": -5.374220947618286, "params": {"C": 15.048502280081813, "epsilon": 18.86902261953534, "gamma": 1.0, "lamda": 0.0001}, "datetime": {"datetime": "2021-09-16 11:10:06", "elapsed": 1042.379621, "delta": 1.550715}}
{"target": -5.56423993503234, "params": {"C": 21.047295020900773, "epsilon": 20.0, "gamma": 1.0, "lamda": 0.0001}, "datetime": {"datetime": "2021-09-16 11:10:07", "elapsed": 1043.763568, "delta": 1.383947}}
{"target": -10.120450208093086, "params": {"C": 13.600850560365862, "epsilon": 7.207554965745872, "gamma": 1.0, "lamda": 2.0761729174209846}, "datetime": {"datetime": "2021-09-16 11:10:27", "elapsed": 1062.948513, "delta": 19.184945}}
{"target": -5.1950343496617135, "params": {"C": 7.5780077317276975, "epsilon": 4.702128178076837, "gamma": 1.0, "lamda": 2.8012623827700156}, "datetime": {"datetime": "2021-09-16 11:10:28", "elapsed": 1064.44611, "delta": 1.497597}}
{"target": -5.106315062393232, "params": {"C": 9.120587337901517, "epsilon": 6.910828059404832, "gamma": 1.0, "lamda": 1.9712278746162943}, "datetime": {"datetime": "2021-09-16 11:10:30", "elapsed": 1065.878872, "delta": 1.432762}}
{"target": -4.547986260275209, "params": {"C": 29.16867915052824, "epsilon": 3.8225917462868977, "gamma": 1.0, "lamda": 3.253889207414551}, "datetime": {"datetime": "2021-09-16 11:10:31", "elapsed": 1067.296918, "delta": 1.418046}}
{"target": -5.025747522287684, "params": {"C": 30.0, "epsilon": 20.0, "gamma": 0.0001, "lamda": 0.0001}, "datetime": {"datetime": "2021-09-16 11:10:32", "elapsed": 1068.75544, "delta": 1.458522}}
{"target": -6.9357942422757155, "params": {"C": 2.3957455129132543, "epsilon": 13.70886304101884, "gamma": 0.0001, "lamda": 1.6693758503502887}, "datetime": {"datetime": "2021-09-16 11:10:34", "elapsed": 1070.2085, "delta": 1.45306}}
{"target": -5.888169554925714, "params": {"C": 11.198213893008083, "epsilon": 6.462012783474933, "gamma": 0.0001, "lamda": 0.0001}, "datetime": {"datetime": "2021-09-16 11:10:36", "elapsed": 1071.856419, "delta": 1.647919}}
{"target": -22.56728680755105, "params": {"C": 10.740719704080593, "epsilon": 19.866059241265155, "gamma": 0.15529263709989907, "lamda": 1.7525432628069428}, "datetime": {"datetime": "2021-09-16 11:10:55", "elapsed": 1091.292988, "delta": 19.436569}}
{"target": -5.2633863948931126, "params": {"C": 7.018201826572692, "epsilon": 10.906562884965807, "gamma": 0.9793505193528909, "lamda": 4.875559700880737}, "datetime": {"datetime": "2021-09-16 11:10:56", "elapsed": 1092.710911, "delta": 1.417923}}
{"target": -7.896698891730493, "params": {"C": 18.991727084762967, "epsilon": 1.9699325365045364, "gamma": 1.0, "lamda": 5.0}, "datetime": {"datetime": "2021-09-16 11:11:08", "elapsed": 1104.06665, "delta": 11.355739}}
{"target": -5.342824803398978, "params": {"C": 20.224769160997493, "epsilon": 16.580965126186495, "gamma": 0.0001, "lamda": 0.0001}, "datetime": {"datetime": "2021-09-16 11:11:09", "elapsed": 1105.732613, "delta": 1.665963}}
{"target": -5.754225119762769, "params": {"C": 3.1011920792245586, "epsilon": 0.4625780950605243, "gamma": 0.9927794739698863, "lamda": 2.8870781410711746}, "datetime": {"datetime": "2021-09-16 11:11:11", "elapsed": 1107.470158, "delta": 1.737545}}
{"target": -5.926087583639554, "params": {"C": 2.5405034527230077, "epsilon": 19.892259889618543, "gamma": 0.8181999345224565, "lamda": 0.18350756800386933}, "datetime": {"datetime": "2021-09-16 11:11:13", "elapsed": 1109.058976, "delta": 1.588818}}
{"target": -7.145177292316692, "params": {"C": 1.4271920704070695, "epsilon": 17.678587194725864, "gamma": 0.0001, "lamda": 0.0001}, "datetime": {"datetime": "2021-09-16 11:11:14", "elapsed": 1110.523687, "delta": 1.464711}}
{"target": -5.2882196552536085, "params": {"C": 21.148638182594365, "epsilon": 5.615109786370842, "gamma": 0.0001, "lamda": 0.0001}, "datetime": {"datetime": "2021-09-16 11:11:16", "elapsed": 1112.102769, "delta": 1.579082}}
{"target": -4.324517607201114, "params": {"C": 28.21476753914285, "epsilon": 0.24410440469644942, "gamma": 0.9100251448154829, "lamda": 3.1663581936968126}, "datetime": {"datetime": "2021-09-16 11:11:17", "elapsed": 1113.599905, "delta": 1.497136}}
{"target": -5.140241394988644, "params": {"C": 9.679972143114359, "epsilon": 9.592513151635481, "gamma": 1.0, "lamda": 0.0001}, "datetime": {"datetime": "2021-09-16 11:11:19", "elapsed": 1115.232273, "delta": 1.632368}}
{"target": -4.912182286519707, "params": {"C": 17.04098746816939, "epsilon": 8.539862144680855, "gamma": 1.0, "lamda": 0.0001}, "datetime": {"datetime": "2021-09-16 11:11:20", "elapsed": 1116.640643, "delta": 1.40837}}
{"target": -6.059343592826886, "params": {"C": 2.167561532276275, "epsilon": 7.284199828714868, "gamma": 1.0, "lamda": 5.0}, "datetime": {"datetime": "2021-09-16 11:11:22", "elapsed": 1118.17739, "delta": 1.536747}}
{"target": -5.099035177613016, "params": {"C": 28.22455898766872, "epsilon": 14.051982190515409, "gamma": 1.0, "lamda": 0.0001}, "datetime": {"datetime": "2021-09-16 11:11:23", "elapsed": 1119.56331, "delta": 1.38592}}
{"target": -9.690749280818393, "params": {"C": 10.030336222905424, "epsilon": 8.300351407545724, "gamma": 0.0001, "lamda": 1.4372874141160468}, "datetime": {"datetime": "2021-09-16 11:11:36", "elapsed": 1132.42614, "delta": 12.86283}}
{"target": -7.048488262972358, "params": {"C": 0.4359825753243475, "epsilon": 1.8401272569526328, "gamma": 0.997980295687064, "lamda": 0.5570905344926959}, "datetime": {"datetime": "2021-09-16 11:11:38", "elapsed": 1134.201323, "delta": 1.775183}}
{"target": -6.296276581570792, "params": {"C": 1.5051375306510661, "epsilon": 20.0, "gamma": 1.0, "lamda": 2.5418871607340776}, "datetime": {"datetime": "2021-09-16 11:11:40", "elapsed": 1135.933151, "delta": 1.731828}}
{"target": -6.785950763974159, "params": {"C": 3.099618121416619, "epsilon": 0.1, "gamma": 0.0001, "lamda": 1.0365645717704681}, "datetime": {"datetime": "2021-09-16 11:11:41", "elapsed": 1137.651576, "delta": 1.718425}}
{"target": -4.9752686869781515, "params": {"C": 15.923125858444498, "epsilon": 10.254504161420703, "gamma": 0.9703044818988101, "lamda": 0.02624404551472535}, "datetime": {"datetime": "2021-09-16 11:11:43", "elapsed": 1139.192055, "delta": 1.540479}}
{"target": -7.413505113767104, "params": {"C": 0.1, "epsilon": 3.0499959448646674, "gamma": 1.0, "lamda": 5.0}, "datetime": {"datetime": "2021-09-16 11:11:45", "elapsed": 1141.096853, "delta": 1.904798}}
{"target": -6.456546772778392, "params": {"C": 1.2463150752602277, "epsilon": 16.98866465488801, "gamma": 0.9756463106951487, "lamda": 4.938473780564938}, "datetime": {"datetime": "2021-09-16 11:11:47", "elapsed": 1143.090696, "delta": 1.993843}}
{"target": -18.051904510129955, "params": {"C": 4.108868262378837, "epsilon": 4.690255660112693, "gamma": 0.028548762000980752, "lamda": 4.931132449404754}, "datetime": {"datetime": "2021-09-16 11:12:00", "elapsed": 1156.063077, "delta": 12.972381}}
{"target": -6.785160305918112, "params": {"C": 0.7569780209671959, "epsilon": 5.710618212786169, "gamma": 1.0, "lamda": 2.9026028296585906}, "datetime": {"datetime": "2021-09-16 11:12:02", "elapsed": 1157.912987, "delta": 1.84991}}
{"target": -3.097545774520185, "params": {"C": 7.091699177915729, "epsilon": 3.371346403523311, "gamma": 0.14364250991501382, "lamda": 1.473149643524393}, "datetime": {"datetime": "2021-09-16 11:12:03", "elapsed": 1159.683743, "delta": 1.770756}}
{"target": -4.692152571138344, "params": {"C": 5.50545411650608, "epsilon": 3.4256488400418665, "gamma": 0.5458061794564092, "lamda": 1.0615243763354762}, "datetime": {"datetime": "2021-09-16 11:12:05", "elapsed": 1161.287763, "delta": 1.60402}}
{"target": -5.541221901029379, "params": {"C": 4.41915612495281, "epsilon": 6.324603611591453, "gamma": 1.0, "lamda": 1.5297181194692733}, "datetime": {"datetime": "2021-09-16 11:12:07", "elapsed": 1163.380748, "delta": 2.092985}}
{"target": -5.464492985546907, "params": {"C": 5.8192887432438605, "epsilon": 20.0, "gamma": 1.0, "lamda": 0.0001}, "datetime": {"datetime": "2021-09-16 11:12:09", "elapsed": 1164.973546, "delta": 1.592798}}
{"target": -6.662475727726353, "params": {"C": 3.7390554125672004, "epsilon": 11.124942209634208, "gamma": 0.0001, "lamda": 0.9308860941874383}, "datetime": {"datetime": "2021-09-16 11:12:10", "elapsed": 1166.622827, "delta": 1.649281}}
{"target": -5.433969975998996, "params": {"C": 5.427342545235089, "epsilon": 8.006427888991691, "gamma": 1.0, "lamda": 3.8801278762001354}, "datetime": {"datetime": "2021-09-16 11:12:12", "elapsed": 1168.198788, "delta": 1.575961}}
{"target": -4.482516375486551, "params": {"C": 26.682903718392442, "epsilon": 1.5251482672125556, "gamma": 1.0, "lamda": 2.0082521995003244}, "datetime": {"datetime": "2021-09-16 11:12:13", "elapsed": 1169.770442, "delta": 1.571654}}
{"target": -4.729723973654353, "params": {"C": 19.42036968838687, "epsilon": 4.316988242224683, "gamma": 1.0, "lamda": 0.0001}, "datetime": {"datetime": "2021-09-16 11:12:15", "elapsed": 1171.477631, "delta": 1.707189}}
{"target": -4.965645464484398, "params": {"C": 25.61729510259676, "epsilon": 12.483619322771856, "gamma": 1.0, "lamda": 0.0001}, "datetime": {"datetime": "2021-09-16 11:12:17", "elapsed": 1172.974391, "delta": 1.49676}}
{"target": -6.280026378053304, "params": {"C": 6.523128430143572, "epsilon": 2.0806589870938437, "gamma": 0.0001, "lamda": 2.5408059046950986}, "datetime": {"datetime": "2021-09-16 11:12:18", "elapsed": 1174.730093, "delta": 1.755702}}
{"target": -5.227890164839813, "params": {"C": 7.247669275384183, "epsilon": 5.257004849863099, "gamma": 0.9985033515956463, "lamda": 4.779595772259365}, "datetime": {"datetime": "2021-09-16 11:12:20", "elapsed": 1176.338933, "delta": 1.60884}}
{"target": -5.77172975852704, "params": {"C": 3.316741811145357, "epsilon": 14.707095018676466, "gamma": 1.0, "lamda": 0.0001}, "datetime": {"datetime": "2021-09-16 11:12:22", "elapsed": 1178.077225, "delta": 1.738292}}
{"target": -7.561989494139548, "params": {"C": 3.3951270701620135, "epsilon": 2.8863912278431307, "gamma": 0.0001, "lamda": 1.1125654290616105}, "datetime": {"datetime": "2021-09-16 11:12:34", "elapsed": 1190.437464, "delta": 12.360239}}
{"target": -6.487382342893987, "params": {"C": 5.060719781503194, "epsilon": 4.756382752087904, "gamma": 0.0001, "lamda": 0.0001}, "datetime": {"datetime": "2021-09-16 11:12:36", "elapsed": 1192.001197, "delta": 1.563733}}
{"target": -23.9238313712666, "params": {"C": 2.946333973735811, "epsilon": 19.977803141892473, "gamma": 0.05772583990759726, "lamda": 4.781751212949454}, "datetime": {"datetime": "2021-09-16 11:12:56", "elapsed": 1212.071451, "delta": 20.070254}}
{"target": -4.548897059044166, "params": {"C": 30.0, "epsilon": 3.8686849801919703, "gamma": 1.0, "lamda": 0.0001}, "datetime": {"datetime": "2021-09-16 11:12:57", "elapsed": 1213.557797, "delta": 1.486346}}
{"target": -5.512928558837314, "params": {"C": 16.605461169333662, "epsilon": 12.123241783927986, "gamma": 0.0001, "lamda": 0.0001}, "datetime": {"datetime": "2021-09-16 11:12:59", "elapsed": 1215.211267, "delta": 1.65347}}
{"target": -5.772309585046024, "params": {"C": 1.995106404988817, "epsilon": 2.086730000182855, "gamma": 0.7057792895176396, "lamda": 3.5000056941677613}, "datetime": {"datetime": "2021-09-16 11:13:01", "elapsed": 1217.17505, "delta": 1.963783}}
{"target": -4.901291307896355, "params": {"C": 11.745612403848863, "epsilon": 2.0589695191775625, "gamma": 1.0, "lamda": 3.1141079919750463}, "datetime": {"datetime": "2021-09-16 11:13:03", "elapsed": 1218.831653, "delta": 1.656603}}
{"target": -11.548437216826585, "params": {"C": 20.837923798769534, "epsilon": 0.17675492764537587, "gamma": 0.12184216469275433, "lamda": 2.892256654023366}, "datetime": {"datetime": "2021-09-16 11:13:15", "elapsed": 1231.500484, "delta": 12.668831}}
