{"target": -3.1428313582660525, "params": {"C": 59.22457098052984, "epsilon": 0.461238712999686, "gamma": 0.04830981669050534, "lamda": 0.29834237041346945}, "datetime": {"datetime": "2021-09-23 11:50:04", "elapsed": 733.444966, "delta": 11.447574}}
{"target": 0.9043618430084132, "params": {"C": 85.27285712915238, "epsilon": 0.35382027390878074, "gamma": 0.0816184515991247, "lamda": 0.41423765635091314}, "datetime": {"datetime": "2021-09-23 11:50:06", "elapsed": 734.507562, "delta": 1.062596}}
{"target": 0.8617290773298233, "params": {"C": 59.331694981932884, "epsilon": 0.372639622341237, "gamma": 0.18245646300792118, "lamda": 0.2324855071357624}, "datetime": {"datetime": "2021-09-23 11:50:07", "elapsed": 735.901754, "delta": 1.394192}}
{"target": 0.8623730923325011, "params": {"C": 59.28706066841828, "epsilon": 0.3756655018356914, "gamma": 0.18096820568664948, "lamda": 0.1338401561696007}, "datetime": {"datetime": "2021-09-23 11:50:09", "elapsed": 737.62538, "delta": 1.723626}}
{"target": 0.8601888450930458, "params": {"C": 92.54472887856693, "epsilon": 0.25533997036026473, "gamma": 0.18062238654221915, "lamda": 0.4965724192493998}, "datetime": {"datetime": "2021-09-23 11:50:11", "elapsed": 739.686145, "delta": 2.060765}}
{"target": 0.8965995585205734, "params": {"C": 98.43847242418688, "epsilon": 0.8170519278203372, "gamma": 0.10280269946751633, "lamda": 0.0059198064763060915}, "datetime": {"datetime": "2021-09-23 11:50:12", "elapsed": 741.307678, "delta": 1.621533}}
{"target": 0.8612478899066678, "params": {"C": 77.40806993239184, "epsilon": 0.45764810808839834, "gamma": 0.1824137743951387, "lamda": 0.6935227391779224}, "datetime": {"datetime": "2021-09-23 11:50:13", "elapsed": 742.283679, "delta": 0.976001}}
{"target": 0.9101326460652629, "params": {"C": 98.35652644125304, "epsilon": 0.054756397083452965, "gamma": 0.06801911182672797, "lamda": 0.24114830059199738}, "datetime": {"datetime": "2021-09-23 11:50:15", "elapsed": 744.185186, "delta": 1.901507}}
{"target": 0.8768297638913088, "params": {"C": 59.13373967196036, "epsilon": 0.3931218542476628, "gamma": 0.14466374719150019, "lamda": 0.16284110890096204}, "datetime": {"datetime": "2021-09-23 11:50:17", "elapsed": 746.103186, "delta": 1.918}}
{"target": 0.8758223515428504, "params": {"C": 98.36509752121106, "epsilon": 0.774293073840739, "gamma": 0.15435367217604193, "lamda": 0.04402347726453983}, "datetime": {"datetime": "2021-09-23 11:50:19", "elapsed": 748.290179, "delta": 2.186993}}
{"target": 0.8805589495306292, "params": {"C": 51.96675924457567, "epsilon": 0.0715946836925651, "gamma": 0.13308639111263154, "lamda": 0.7177306886650997}, "datetime": {"datetime": "2021-09-23 11:50:20", "elapsed": 749.277182, "delta": 0.987003}}
{"target": 0.8848518555302821, "params": {"C": 98.34718074722882, "epsilon": 0.05170962570709237, "gamma": 0.13482831220677713, "lamda": 0.37977530282006744}, "datetime": {"datetime": "2021-09-23 11:50:22", "elapsed": 751.292182, "delta": 2.015}}
{"target": -2.050903762147133, "params": {"C": 88.60018054345142, "epsilon": 0.7057180340746648, "gamma": 0.05677572479226955, "lamda": 0.21112362936987789}, "datetime": {"datetime": "2021-09-23 11:50:33", "elapsed": 761.78085, "delta": 10.488668}}
{"target": 0.8623278221516337, "params": {"C": 59.406585251542886, "epsilon": 0.5615170022206665, "gamma": 0.1810606954596047, "lamda": 0.24579804622870718}, "datetime": {"datetime": "2021-09-23 11:50:35", "elapsed": 763.952137, "delta": 2.171287}}
{"target": 0.8619942311871893, "params": {"C": 64.87849535250301, "epsilon": 0.29633025842856364, "gamma": 0.18268857437390065, "lamda": 0.5311209374257394}, "datetime": {"datetime": "2021-09-23 11:50:38", "elapsed": 766.503884, "delta": 2.551747}}
{"target": -2.441562057174957, "params": {"C": 98.35416682451172, "epsilon": 0.1582100180342654, "gamma": 0.05949119407844887, "lamda": 0.35454919879803287}, "datetime": {"datetime": "2021-09-23 11:50:50", "elapsed": 778.895185, "delta": 12.391301}}
{"target": 0.9049043500442692, "params": {"C": 65.43823173358561, "epsilon": 0.3907146121151338, "gamma": 0.07401688488669346, "lamda": 0.0032045353139104156}, "datetime": {"datetime": "2021-09-23 11:50:52", "elapsed": 780.673752, "delta": 1.778567}}
{"target": 0.8678321032069956, "params": {"C": 59.23617611225699, "epsilon": 0.7962164940365525, "gamma": 0.16788869855433788, "lamda": 0.1443113721777235}, "datetime": {"datetime": "2021-09-23 11:50:53", "elapsed": 782.365112, "delta": 1.69136}}
{"target": 0.8668606663567089, "params": {"C": 92.50719165294394, "epsilon": 0.18439615640463933, "gamma": 0.17025048888354466, "lamda": 0.39972651964643674}, "datetime": {"datetime": "2021-09-23 11:50:55", "elapsed": 784.215126, "delta": 1.850014}}
{"target": 0.8523436218502883, "params": {"C": 64.96756429383444, "epsilon": 0.28009870079928106, "gamma": 0.2, "lamda": 0.5931888414377062}, "datetime": {"datetime": "2021-09-23 11:50:57", "elapsed": 786.076029, "delta": 1.860903}}
{"target": 0.8881174008449455, "params": {"C": 65.3748346422422, "epsilon": 0.2802798925513326, "gamma": 0.03157229774266947, "lamda": 0.022217008585618786}, "datetime": {"datetime": "2021-09-23 11:50:59", "elapsed": 788.063366, "delta": 1.987337}}
{"target": -2.738676104645126, "params": {"C": 52.87026579552163, "epsilon": 0.21728235858027187, "gamma": 0.057097011559232067, "lamda": 0.43717258251427826}, "datetime": {"datetime": "2021-09-23 11:51:09", "elapsed": 798.390471, "delta": 10.327105}}
{"target": 0.8682801920181318, "params": {"C": 95.5498717078743, "epsilon": 0.7393108473324965, "gamma": 0.1674593865702503, "lamda": 0.07602189604148438}, "datetime": {"datetime": "2021-09-23 11:51:11", "elapsed": 799.531471, "delta": 1.141}}
{"target": 0.8600495117415695, "params": {"C": 59.23524675185839, "epsilon": 0.5648770941821598, "gamma": 0.18615774950216774, "lamda": 0.19147188070692722}, "datetime": {"datetime": "2021-09-23 11:51:12", "elapsed": 801.343985, "delta": 1.812514}}
{"target": 0.8596634646188419, "params": {"C": 59.32570016586981, "epsilon": 0.5618840260096386, "gamma": 0.1870441414192009, "lamda": 0.31250827889614413}, "datetime": {"datetime": "2021-09-23 11:51:15", "elapsed": 804.13384, "delta": 2.789855}}
{"target": -2.783549303314622, "params": {"C": 50.429461052222905, "epsilon": 0.18829283972449753, "gamma": 0.048761273992023235, "lamda": 0.3336755080152482}, "datetime": {"datetime": "2021-09-23 11:51:26", "elapsed": 814.469198, "delta": 10.335358}}
{"target": 0.8471147437571978, "params": {"C": 98.44280865813367, "epsilon": 0.057353577052023035, "gamma": 0.2, "lamda": 0.37349036209347963}, "datetime": {"datetime": "2021-09-23 11:51:29", "elapsed": 817.768363, "delta": 3.299165}}
{"target": -0.8326330218653346, "params": {"C": 64.89759501358088, "epsilon": 0.3680460216078631, "gamma": 0.11364793666501509, "lamda": 0.5757988056789769}, "datetime": {"datetime": "2021-09-23 11:51:41", "elapsed": 829.77255, "delta": 12.004187}}
{"target": 0.8523552602598218, "params": {"C": 64.94571240030604, "epsilon": 0.3912987669037908, "gamma": 0.2, "lamda": 0.4508101640430164}, "datetime": {"datetime": "2021-09-23 11:51:43", "elapsed": 832.030229, "delta": 2.257679}}
{"target": 0.8796861022020802, "params": {"C": 98.40673405185908, "epsilon": 0.04473562415727903, "gamma": 0.14667365406311092, "lamda": 0.09863299636876253}, "datetime": {"datetime": "2021-09-23 11:51:45", "elapsed": 834.322922, "delta": 2.292693}}
{"target": 0.8966849264853934, "params": {"C": 92.48162168210533, "epsilon": 0.23614797649205416, "gamma": 0.10009716774338509, "lamda": 0.509244288340367}, "datetime": {"datetime": "2021-09-23 11:51:47", "elapsed": 836.122334, "delta": 1.799412}}
{"target": 0.9007554954192034, "params": {"C": 98.43207531249531, "epsilon": 0.7886290269266519, "gamma": 0.09027918105862799, "lamda": 0.11873903852162655}, "datetime": {"datetime": "2021-09-23 11:51:50", "elapsed": 838.930318, "delta": 2.807984}}
{"target": 0.8908424229472506, "params": {"C": 98.43846524423171, "epsilon": 0.17507827248622831, "gamma": 0.11909930948436331, "lamda": 0.17937707169977418}, "datetime": {"datetime": "2021-09-23 11:51:51", "elapsed": 840.4446, "delta": 1.514282}}
{"target": -3.326972076936854, "params": {"C": 65.33041764190135, "epsilon": 0.2747849028680456, "gamma": 0.04817321074897654, "lamda": 0.1439238981260949}, "datetime": {"datetime": "2021-09-23 11:52:12", "elapsed": 860.848579, "delta": 20.403979}}
{"target": 0.8972560188720493, "params": {"C": 98.32258599123422, "epsilon": 0.13588374489671365, "gamma": 0.10071069100520993, "lamda": 0.10026188869747149}, "datetime": {"datetime": "2021-09-23 11:52:14", "elapsed": 863.113705, "delta": 2.265126}}
{"target": 0.8908922601161514, "params": {"C": 82.02707333937474, "epsilon": 0.3248056779777505, "gamma": 0.11524471569304628, "lamda": 0.32834459513029124}, "datetime": {"datetime": "2021-09-23 11:52:15", "elapsed": 864.267927, "delta": 1.154222}}
{"target": -1.9364054903855932, "params": {"C": 98.33733601450874, "epsilon": 0.8638848068182777, "gamma": 0.05142533682485894, "lamda": 0.08597755321013269}, "datetime": {"datetime": "2021-09-23 11:52:28", "elapsed": 876.887914, "delta": 12.619987}}
{"target": -0.6896992346065045, "params": {"C": 62.73579765307536, "epsilon": 0.5997715054745351, "gamma": 0.14857631447766947, "lamda": 0.6474237635306641}, "datetime": {"datetime": "2021-09-23 11:52:38", "elapsed": 887.407917, "delta": 10.520003}}
{"target": 0.9059094568494572, "params": {"C": 59.18581775633017, "epsilon": 0.3543944167253301, "gamma": 0.06898171971194526, "lamda": 0.08464253369200941}, "datetime": {"datetime": "2021-09-23 11:52:41", "elapsed": 889.465507, "delta": 2.05759}}
{"target": 0.8937881393839369, "params": {"C": 98.41161189556075, "epsilon": 0.1437891776954009, "gamma": 0.11127207827549546, "lamda": 0.056354618563280515}, "datetime": {"datetime": "2021-09-23 11:52:43", "elapsed": 891.673078, "delta": 2.207571}}
{"target": 0.8736123050269787, "params": {"C": 62.38900044131582, "epsilon": 0.14810121781796123, "gamma": 0.1540852214044822, "lamda": 0.8359398612256471}, "datetime": {"datetime": "2021-09-23 11:52:44", "elapsed": 892.678732, "delta": 1.005654}}
{"target": 0.866983496015898, "params": {"C": 98.49311377266918, "epsilon": 0.7406599798857908, "gamma": 0.1689035893260561, "lamda": 0.08977337658166423}, "datetime": {"datetime": "2021-09-23 11:52:46", "elapsed": 894.623242, "delta": 1.94451}}
{"target": 0.8658817938530514, "params": {"C": 61.671226483590644, "epsilon": 0.9744237710848178, "gamma": 0.17305064936315714, "lamda": 0.40853318298150637}, "datetime": {"datetime": "2021-09-23 11:52:47", "elapsed": 895.666308, "delta": 1.043066}}
{"target": 0.8855401776653704, "params": {"C": 59.202627449865425, "epsilon": 0.294466095450633, "gamma": 0.12263249462748102, "lamda": 0.16692270654592994}, "datetime": {"datetime": "2021-09-23 11:52:50", "elapsed": 898.55018, "delta": 2.883872}}
{"target": -1.3109635777277533, "params": {"C": 51.61914135862916, "epsilon": 0.7523932367414649, "gamma": 0.08137014009103101, "lamda": 0.38112755587557023}, "datetime": {"datetime": "2021-09-23 11:53:00", "elapsed": 909.137127, "delta": 10.586947}}
{"target": -3.4009350343413365, "params": {"C": 91.69662853769935, "epsilon": 0.7848187237964455, "gamma": 0.0312919723928659, "lamda": 0.41185221794522414}, "datetime": {"datetime": "2021-09-23 11:53:10", "elapsed": 919.354908, "delta": 10.217781}}
{"target": 0.8498890987140351, "params": {"C": 98.45162713088689, "epsilon": 0.1305857481752543, "gamma": 0.19560929866548746, "lamda": 0.11961652224059224}, "datetime": {"datetime": "2021-09-23 11:53:12", "elapsed": 921.416532, "delta": 2.061624}}
{"target": 0.8691370246961291, "params": {"C": 87.9436446809332, "epsilon": 0.8859725770114489, "gamma": 0.1674451304433059, "lamda": 0.5116354039474063}, "datetime": {"datetime": "2021-09-23 11:53:14", "elapsed": 922.49117, "delta": 1.074638}}
{"target": 0.8875473106789794, "params": {"C": 78.12230186874474, "epsilon": 0.6076465793414947, "gamma": 0.12319888745398973, "lamda": 0.5358799092928493}, "datetime": {"datetime": "2021-09-23 11:53:15", "elapsed": 923.635022, "delta": 1.143852}}
{"target": 0.8817902686162302, "params": {"C": 86.41305294747035, "epsilon": 0.12564889060252346, "gamma": 0.14027544657138588, "lamda": 0.4430371396437477}, "datetime": {"datetime": "2021-09-23 11:53:16", "elapsed": 924.724586, "delta": 1.089564}}
{"target": -1.9203809652927495, "params": {"C": 63.1712033774475, "epsilon": 0.38613280558728824, "gamma": 0.06483074136993303, "lamda": 0.9773099075994529}, "datetime": {"datetime": "2021-09-23 11:53:27", "elapsed": 935.764051, "delta": 11.039465}}
{"target": 0.9017368865697006, "params": {"C": 98.43612477442942, "epsilon": 0.704015314284718, "gamma": 0.08824553737250658, "lamda": 0.03578551928018463}, "datetime": {"datetime": "2021-09-23 11:53:29", "elapsed": 938.005782, "delta": 2.241731}}
{"target": 0.847127064744305, "params": {"C": 98.33919947521929, "epsilon": 0.11298159902332545, "gamma": 0.2, "lamda": 0.049737361763131566}, "datetime": {"datetime": "2021-09-23 11:53:32", "elapsed": 940.637319, "delta": 2.631537}}
{"target": -3.2144789817986528, "params": {"C": 91.14561841041379, "epsilon": 0.2666820817525063, "gamma": 0.01999990935329296, "lamda": 0.24657102317919136}, "datetime": {"datetime": "2021-09-23 11:53:42", "elapsed": 950.807193, "delta": 10.169874}}
{"target": -0.6150100832449656, "params": {"C": 76.46543830347292, "epsilon": 0.6075731371828913, "gamma": 0.16838297502889046, "lamda": 0.7546971647264697}, "datetime": {"datetime": "2021-09-23 11:53:53", "elapsed": 962.120209, "delta": 11.313016}}
{"target": 0.899336881311934, "params": {"C": 69.33560732043773, "epsilon": 0.23103158553363684, "gamma": 0.09028451255443641, "lamda": 0.10288159192261222}, "datetime": {"datetime": "2021-09-23 11:53:54", "elapsed": 963.223251, "delta": 1.103042}}
{"target": -2.179892148848003, "params": {"C": 98.52374457294624, "epsilon": 0.773938453854513, "gamma": 0.047924264284327264, "lamda": 0.057932123112670875}, "datetime": {"datetime": "2021-09-23 11:54:06", "elapsed": 974.501254, "delta": 11.278003}}
{"target": 0.868482855254379, "params": {"C": 59.35046059077304, "epsilon": 0.8091637719443483, "gamma": 0.16624751595657872, "lamda": 0.13619113649498243}, "datetime": {"datetime": "2021-09-23 11:54:09", "elapsed": 977.470161, "delta": 2.968907}}
{"target": 0.8674580608624607, "params": {"C": 61.7205075773232, "epsilon": 0.912583604083517, "gamma": 0.16930521498317527, "lamda": 0.316508830826024}, "datetime": {"datetime": "2021-09-23 11:54:11", "elapsed": 979.83516, "delta": 2.364999}}
{"target": 0.8775458730590114, "params": {"C": 98.40947958003002, "epsilon": 0.6235549092812113, "gamma": 0.15086034071227444, "lamda": 0.09654853367418723}, "datetime": {"datetime": "2021-09-23 11:54:14", "elapsed": 982.540155, "delta": 2.704995}}
{"target": 0.8820944732242784, "params": {"C": 98.4395983779604, "epsilon": 0.6828695570610364, "gamma": 0.14129689713349938, "lamda": 0.15916410003181802}, "datetime": {"datetime": "2021-09-23 11:54:16", "elapsed": 985.054095, "delta": 2.51394}}
{"target": 0.8903945526673, "params": {"C": 92.49464385013195, "epsilon": 0.13777348549304191, "gamma": 0.11926045959579809, "lamda": 0.5464545274354264}, "datetime": {"datetime": "2021-09-23 11:54:18", "elapsed": 987.293221, "delta": 2.239126}}
{"target": 0.8968746555450544, "params": {"C": 92.51665933963069, "epsilon": 0.11794923429408359, "gamma": 0.09945707330360064, "lamda": 0.42729091441712097}, "datetime": {"datetime": "2021-09-23 11:54:20", "elapsed": 989.24175, "delta": 1.948529}}
{"target": 0.868738289361066, "params": {"C": 57.04005902539061, "epsilon": 0.2851076528089276, "gamma": 0.16465105687031387, "lamda": 0.5989330109431352}, "datetime": {"datetime": "2021-09-23 11:54:21", "elapsed": 990.380753, "delta": 1.139003}}
{"target": 0.9067334409021595, "params": {"C": 98.41875250283346, "epsilon": 0.08035721846159145, "gamma": 0.07814182144139373, "lamda": 0.14538809183481013}, "datetime": {"datetime": "2021-09-23 11:54:23", "elapsed": 992.173753, "delta": 1.793}}
{"target": 0.8480668539096063, "params": {"C": 92.48252558609049, "epsilon": 0.0777276500139899, "gamma": 0.2, "lamda": 0.4697077555306598}, "datetime": {"datetime": "2021-09-23 11:54:27", "elapsed": 995.479753, "delta": 3.306}}
{"target": 0.8613111541027832, "params": {"C": 61.776681663299776, "epsilon": 0.8543521303489802, "gamma": 0.18375189485943746, "lamda": 0.19667384648342817}, "datetime": {"datetime": "2021-09-23 11:54:28", "elapsed": 997.412993, "delta": 1.93324}}
{"target": 0.9070445773170814, "params": {"C": 98.34696088277366, "epsilon": 0.6509757817965921, "gamma": 0.07715355740608035, "lamda": 0.1465188476898433}, "datetime": {"datetime": "2021-09-23 11:54:32", "elapsed": 1001.019893, "delta": 3.6069}}
{"target": -3.0853989280349694, "params": {"C": 70.3627406756096, "epsilon": 0.19752115934239692, "gamma": 0.04918461741182898, "lamda": 0.7515953981848158}, "datetime": {"datetime": "2021-09-23 11:54:50", "elapsed": 1018.579928, "delta": 17.560035}}
{"target": 0.8559418389547305, "params": {"C": 61.844317182195084, "epsilon": 0.8616230557527378, "gamma": 0.19445228998110953, "lamda": 0.3011169927057571}, "datetime": {"datetime": "2021-09-23 11:54:52", "elapsed": 1020.943207, "delta": 2.363279}}
{"target": 0.8600976786899713, "params": {"C": 98.40509475631468, "epsilon": 0.7692637150598551, "gamma": 0.1794354994307795, "lamda": 0.1776305197830241}, "datetime": {"datetime": "2021-09-23 11:54:55", "elapsed": 1024.370525, "delta": 3.427318}}
{"target": 0.9034887444935259, "params": {"C": 61.820629959685746, "epsilon": 0.839569282581262, "gamma": 0.07712938786911953, "lamda": 0.22377247546078619}, "datetime": {"datetime": "2021-09-23 11:54:58", "elapsed": 1026.633062, "delta": 2.262537}}
{"target": 0.8523359376976385, "params": {"C": 65.09059316983958, "epsilon": 0.4094475070540075, "gamma": 0.2, "lamda": 0.4938789650203565}, "datetime": {"datetime": "2021-09-23 11:55:01", "elapsed": 1029.597977, "delta": 2.964915}}
{"target": 0.8499028448882955, "params": {"C": 98.34926195149313, "epsilon": 0.001, "gamma": 0.19562105985532835, "lamda": 0.4787859913634943}, "datetime": {"datetime": "2021-09-23 11:55:04", "elapsed": 1032.707866, "delta": 3.109889}}
{"target": -3.184633560271232, "params": {"C": 61.75177882761007, "epsilon": 0.8968407541341155, "gamma": 0.01992178213538811, "lamda": 0.34245183100459825}, "datetime": {"datetime": "2021-09-23 11:55:16", "elapsed": 1044.873695, "delta": 12.165829}}
{"target": 0.8830479760017069, "params": {"C": 61.50499210229914, "epsilon": 0.9539644083580674, "gamma": 0.12989674973744356, "lamda": 0.3257188413686162}, "datetime": {"datetime": "2021-09-23 11:55:18", "elapsed": 1046.98687, "delta": 2.113175}}
{"target": 0.8531435087739285, "params": {"C": 59.29146496359514, "epsilon": 0.8851314842144903, "gamma": 0.2, "lamda": 0.2135098619059877}, "datetime": {"datetime": "2021-09-23 11:55:21", "elapsed": 1049.508625, "delta": 2.521755}}
{"target": 0.8757510128756473, "params": {"C": 59.25344321113002, "epsilon": 0.4352664878670958, "gamma": 0.14726196386864362, "lamda": 0.03372631630798407}, "datetime": {"datetime": "2021-09-23 11:55:24", "elapsed": 1052.490813, "delta": 2.982188}}
{"target": 0.8609048241190191, "params": {"C": 61.86633591007852, "epsilon": 0.9731195030725703, "gamma": 0.18465020101239854, "lamda": 0.20406557077961923}, "datetime": {"datetime": "2021-09-23 11:55:27", "elapsed": 1055.804036, "delta": 3.313223}}
{"target": -0.8721903035911982, "params": {"C": 73.33801328769903, "epsilon": 0.6750786537615038, "gamma": 0.13860879139775642, "lamda": 0.8857190614827619}, "datetime": {"datetime": "2021-09-23 11:55:38", "elapsed": 1067.290287, "delta": 11.486251}}
{"target": 0.8749057689216506, "params": {"C": 61.861733484767306, "epsilon": 0.7503291712785053, "gamma": 0.15006535138394125, "lamda": 0.2346860474255399}, "datetime": {"datetime": "2021-09-23 11:55:41", "elapsed": 1069.748429, "delta": 2.458142}}
{"target": 0.8529443972551174, "params": {"C": 61.579834945901716, "epsilon": 0.892938760131088, "gamma": 0.2, "lamda": 0.3808758990272542}, "datetime": {"datetime": "2021-09-23 11:55:44", "elapsed": 1073.434885, "delta": 3.686456}}
{"target": -1.4560032203376778, "params": {"C": 92.34472307854793, "epsilon": 0.16659073348011066, "gamma": 0.07152733611954627, "lamda": 0.43379901938509846}, "datetime": {"datetime": "2021-09-23 11:55:59", "elapsed": 1087.582167, "delta": 14.147282}}
{"target": 0.8939946432502485, "params": {"C": 96.47664072857592, "epsilon": 0.5530863573098919, "gamma": 0.11025778461988535, "lamda": 0.281918715278068}, "datetime": {"datetime": "2021-09-23 11:56:00", "elapsed": 1088.928971, "delta": 1.346804}}
{"target": 0.8590265984947068, "params": {"C": 91.54526252871635, "epsilon": 0.7741657535274696, "gamma": 0.18268577432849853, "lamda": 0.5748393889911585}, "datetime": {"datetime": "2021-09-23 11:56:03", "elapsed": 1092.0369, "delta": 3.107929}}
{"target": -3.191764618655675, "params": {"C": 65.7047050759686, "epsilon": 0.9834082871638468, "gamma": 0.013771551552869398, "lamda": 0.7178863977263992}, "datetime": {"datetime": "2021-09-23 11:56:13", "elapsed": 1102.394056, "delta": 10.357156}}
{"target": 0.9074189284023355, "params": {"C": 61.927598815463554, "epsilon": 0.7644601660880104, "gamma": 0.06420053513837774, "lamda": 0.1474156995408347}, "datetime": {"datetime": "2021-09-23 11:56:17", "elapsed": 1105.696677, "delta": 3.302621}}
{"target": -2.879780200953514, "params": {"C": 65.5672885095013, "epsilon": 0.38890129851783833, "gamma": 0.016069420705001707, "lamda": 0.2334713371393912}, "datetime": {"datetime": "2021-09-23 11:56:27", "elapsed": 1115.620854, "delta": 9.924177}}
{"target": 0.8529479278002627, "params": {"C": 61.617216695615475, "epsilon": 0.9758202359736903, "gamma": 0.2, "lamda": 0.2884534670906524}, "datetime": {"datetime": "2021-09-23 11:56:30", "elapsed": 1119.142865, "delta": 3.522011}}
