{"target": 0.8465360483258698, "params": {"C": 176.3546267889168, "epsilon": 0.3962135050050195, "gamma": 0.18626156089185628, "lamda": 0.13490726030429065}, "datetime": {"datetime": "2021-09-23 13:26:12", "elapsed": 431.551773, "delta": 0.753034}}
{"target": -1.6249485439748694, "params": {"C": 109.49367990016277, "epsilon": 0.6237555412978093, "gamma": 0.06994257086369347, "lamda": 0.2392740854355875}, "datetime": {"datetime": "2021-09-23 13:26:23", "elapsed": 442.395638, "delta": 10.843865}}
{"target": 0.877864812247484, "params": {"C": 116.98997599695998, "epsilon": 0.40847441761292697, "gamma": 0.1486564858838138, "lamda": 0.24610184974714283}, "datetime": {"datetime": "2021-09-23 13:26:24", "elapsed": 443.600722, "delta": 1.205084}}
{"target": 0.839377086714093, "params": {"C": 177.0404727910718, "epsilon": 0.06361027832126447, "gamma": 0.19949630066509652, "lamda": 0.20904010701017275}, "datetime": {"datetime": "2021-09-23 13:26:26", "elapsed": 445.19906, "delta": 1.598338}}
{"target": 0.861807866779343, "params": {"C": 106.40911279752123, "epsilon": 0.4276864644996669, "gamma": 0.1751690571909117, "lamda": 0.08153854168290463}, "datetime": {"datetime": "2021-09-23 13:26:27", "elapsed": 445.949057, "delta": 0.749997}}
{"target": 0.8646808893583492, "params": {"C": 117.17909317372603, "epsilon": 0.5467607761534866, "gamma": 0.16872894020161616, "lamda": 0.08626287488163119}, "datetime": {"datetime": "2021-09-23 13:26:28", "elapsed": 447.51077, "delta": 1.561713}}
{"target": 0.8475059149011404, "params": {"C": 123.3069540993177, "epsilon": 0.478685222210234, "gamma": 0.19375722471487292, "lamda": 0.06478753607774723}, "datetime": {"datetime": "2021-09-23 13:26:29", "elapsed": 448.252769, "delta": 0.741999}}
{"target": 0.8721094639840415, "params": {"C": 100.18845763914968, "epsilon": 0.7321270869171355, "gamma": 0.16057559480688288, "lamda": 0.1865207678496963}, "datetime": {"datetime": "2021-09-23 13:26:30", "elapsed": 449.667367, "delta": 1.414598}}
{"target": 0.8443177865486549, "params": {"C": 166.61905577379076, "epsilon": 0.05441041052686823, "gamma": 0.1916271049264753, "lamda": 0.38880382895217824}, "datetime": {"datetime": "2021-09-23 13:26:32", "elapsed": 451.035637, "delta": 1.36827}}
{"target": 0.8543980442278434, "params": {"C": 149.82218089240365, "epsilon": 0.67473350064987, "gamma": 0.17813471820177434, "lamda": 0.0857431655981325}, "datetime": {"datetime": "2021-09-23 13:26:32", "elapsed": 451.743636, "delta": 0.707999}}
{"target": 0.885665032266174, "params": {"C": 185.77850145271555, "epsilon": 0.28723422786039055, "gamma": 0.12672608282150924, "lamda": 0.1785654435964874}, "datetime": {"datetime": "2021-09-23 13:26:33", "elapsed": 452.455641, "delta": 0.712005}}
{"target": -3.6248010509796114, "params": {"C": 121.4036686254107, "epsilon": 0.3534554020873857, "gamma": 0.023982466833740963, "lamda": 0.19078647530198092}, "datetime": {"datetime": "2021-09-23 13:26:44", "elapsed": 463.411931, "delta": 10.95629}}
{"target": 0.8438733608693112, "params": {"C": 119.91753721458888, "epsilon": 0.934782366064114, "gamma": 0.2, "lamda": 0.1999678080559524}, "datetime": {"datetime": "2021-09-23 13:26:46", "elapsed": 465.069097, "delta": 1.657166}}
{"target": 0.8511850740820242, "params": {"C": 189.83174528295592, "epsilon": 0.38119366232049534, "gamma": 0.17610972685604673, "lamda": 0.3615321380615396}, "datetime": {"datetime": "2021-09-23 13:26:48", "elapsed": 467.421738, "delta": 2.352641}}
{"target": 0.840298254903879, "params": {"C": 159.40375706197284, "epsilon": 0.3306727180273233, "gamma": 0.2, "lamda": 0.31288857234445944}, "datetime": {"datetime": "2021-09-23 13:26:51", "elapsed": 470.185632, "delta": 2.763894}}
{"target": 0.8506571975910265, "params": {"C": 166.4524193810806, "epsilon": 0.22613189799360733, "gamma": 0.18075820165716122, "lamda": 0.39374274861042063}, "datetime": {"datetime": "2021-09-23 13:26:53", "elapsed": 472.039032, "delta": 1.8534}}
{"target": 0.903849522786675, "params": {"C": 148.16721372891658, "epsilon": 0.3812050413658381, "gamma": 0.08818722964709963, "lamda": 0.26517889905541897}, "datetime": {"datetime": "2021-09-23 13:26:55", "elapsed": 473.926843, "delta": 1.887811}}
{"target": 0.8820064652946963, "params": {"C": 100.02424588034633, "epsilon": 0.6034888624687597, "gamma": 0.14162898558495887, "lamda": 0.02}, "datetime": {"datetime": "2021-09-23 13:26:57", "elapsed": 476.055619, "delta": 2.128776}}
{"target": 0.8647244576762478, "params": {"C": 184.6868073001307, "epsilon": 0.533147981707342, "gamma": 0.15717379750505608, "lamda": 0.23762912613432408}, "datetime": {"datetime": "2021-09-23 13:26:59", "elapsed": 478.791581, "delta": 2.735962}}
{"target": 0.8521986184434485, "params": {"C": 184.4317964045031, "epsilon": 0.46934976398411316, "gamma": 0.17533734518351693, "lamda": 0.24102376294557437}, "datetime": {"datetime": "2021-09-23 13:27:01", "elapsed": 480.468901, "delta": 1.67732}}
{"target": 0.8548525432198864, "params": {"C": 142.09711950978163, "epsilon": 0.4786610286321733, "gamma": 0.1789190767107315, "lamda": 0.30205011846673036}, "datetime": {"datetime": "2021-09-23 13:27:03", "elapsed": 482.096009, "delta": 1.627108}}
{"target": 0.8707482871663099, "params": {"C": 184.55131125904032, "epsilon": 0.47720547568151983, "gamma": 0.01, "lamda": 0.026471532218473166}, "datetime": {"datetime": "2021-09-23 13:27:05", "elapsed": 484.08086, "delta": 1.984851}}
{"target": 0.8829051843235314, "params": {"C": 144.66585820888017, "epsilon": 0.9968799081163998, "gamma": 0.13680766386768817, "lamda": 0.05872524972737811}, "datetime": {"datetime": "2021-09-23 13:27:06", "elapsed": 484.97153, "delta": 0.89067}}
{"target": 0.8844649795969975, "params": {"C": 144.7073662056075, "epsilon": 0.6708834722394803, "gamma": 0.13433473729641587, "lamda": 0.081583886570087}, "datetime": {"datetime": "2021-09-23 13:27:08", "elapsed": 486.966236, "delta": 1.994706}}
{"target": 0.8385724818571316, "params": {"C": 184.6319088790771, "epsilon": 0.27537387815703523, "gamma": 0.2, "lamda": 0.06731255758020409}, "datetime": {"datetime": "2021-09-23 13:27:10", "elapsed": 488.954335, "delta": 1.988099}}
{"target": 0.8782589005814485, "params": {"C": 159.28655733054228, "epsilon": 0.6677352278479542, "gamma": 0.14116466932866978, "lamda": 0.2351421548427638}, "datetime": {"datetime": "2021-09-23 13:27:10", "elapsed": 489.718861, "delta": 0.764526}}
{"target": 0.8919414944609955, "params": {"C": 116.63260269026902, "epsilon": 0.2921345313378716, "gamma": 0.11877222283802165, "lamda": 0.18434266738851632}, "datetime": {"datetime": "2021-09-23 13:27:12", "elapsed": 491.541456, "delta": 1.822595}}
{"target": 0.8729022765455792, "params": {"C": 144.75404443412384, "epsilon": 0.3384788208271894, "gamma": 0.15125958991876268, "lamda": 0.0735856541395979}, "datetime": {"datetime": "2021-09-23 13:27:13", "elapsed": 492.299449, "delta": 0.757993}}
{"target": 0.8487453923607372, "params": {"C": 186.81881982330844, "epsilon": 0.8103045846162171, "gamma": 0.18090143105393985, "lamda": 0.25173644551014696}, "datetime": {"datetime": "2021-09-23 13:27:14", "elapsed": 493.034092, "delta": 0.734643}}
{"target": -3.2927333963399006, "params": {"C": 116.47407455881728, "epsilon": 0.5806498811975721, "gamma": 0.04331717779306028, "lamda": 0.21188472344361983}, "datetime": {"datetime": "2021-09-23 13:27:27", "elapsed": 506.19789, "delta": 13.163798}}
{"target": 0.8889603169790786, "params": {"C": 116.80497724798714, "epsilon": 0.14024803776424957, "gamma": 0.12697364343383438, "lamda": 0.10652987836551403}, "datetime": {"datetime": "2021-09-23 13:27:28", "elapsed": 507.616899, "delta": 1.419009}}
{"target": 0.8930725161931892, "params": {"C": 159.55545970897055, "epsilon": 0.5042522084007514, "gamma": 0.11776539574075819, "lamda": 0.20077626596249784}, "datetime": {"datetime": "2021-09-23 13:27:29", "elapsed": 508.4049, "delta": 0.788001}}
{"target": 0.8828436561281724, "params": {"C": 116.32541686728305, "epsilon": 0.07269407641382183, "gamma": 0.13955304837618593, "lamda": 0.24623133258405605}, "datetime": {"datetime": "2021-09-23 13:27:31", "elapsed": 510.121605, "delta": 1.716705}}
{"target": 0.9015232653918173, "params": {"C": 115.96730379349988, "epsilon": 0.0760642083531377, "gamma": 0.08923990768937036, "lamda": 0.1655228840320406}, "datetime": {"datetime": "2021-09-23 13:27:32", "elapsed": 511.434287, "delta": 1.312682}}
{"target": -1.687688945460239, "params": {"C": 180.92853272994466, "epsilon": 0.26500383043275116, "gamma": 0.07884716410772005, "lamda": 0.396167170342718}, "datetime": {"datetime": "2021-09-23 13:27:44", "elapsed": 523.422882, "delta": 11.988595}}
{"target": 0.8861816127488213, "params": {"C": 111.11743636788741, "epsilon": 0.1767380708937792, "gamma": 0.13296978208433946, "lamda": 0.23921204096155152}, "datetime": {"datetime": "2021-09-23 13:27:45", "elapsed": 524.422544, "delta": 0.999662}}
{"target": -2.89007659027321, "params": {"C": 127.37666212419239, "epsilon": 0.855195488782119, "gamma": 0.039618363591487016, "lamda": 0.021799748675286244}, "datetime": {"datetime": "2021-09-23 13:27:59", "elapsed": 538.564376, "delta": 14.141832}}
{"target": 0.9070917400568402, "params": {"C": 115.72513874887433, "epsilon": 0.39542216956383525, "gamma": 0.0779076193503304, "lamda": 0.09812874426742525}, "datetime": {"datetime": "2021-09-23 13:28:03", "elapsed": 542.44233, "delta": 3.877954}}
{"target": 0.8664297909804849, "params": {"C": 124.86353694988625, "epsilon": 0.6901423140387962, "gamma": 0.16466488971946744, "lamda": 0.20185863342403995}, "datetime": {"datetime": "2021-09-23 13:28:05", "elapsed": 543.899813, "delta": 1.457483}}
{"target": 0.8935756076035678, "params": {"C": 159.53603075852678, "epsilon": 0.5521781776412087, "gamma": 0.1168743204135348, "lamda": 0.19640559738968197}, "datetime": {"datetime": "2021-09-23 13:28:06", "elapsed": 545.291478, "delta": 1.391665}}
{"target": -2.0904834443604856, "params": {"C": 115.42903105104924, "epsilon": 0.4643380376220605, "gamma": 0.05424993246094782, "lamda": 0.22284927635266186}, "datetime": {"datetime": "2021-09-23 13:28:22", "elapsed": 561.378211, "delta": 16.086733}}
{"target": 0.8552482707813014, "params": {"C": 115.890150924741, "epsilon": 0.26152809496834883, "gamma": 0.18342803928406817, "lamda": 0.30029083490856406}, "datetime": {"datetime": "2021-09-23 13:28:24", "elapsed": 563.340209, "delta": 1.961998}}
{"target": 0.850915660897314, "params": {"C": 115.76115134621196, "epsilon": 0.13995443083164463, "gamma": 0.19021735868619374, "lamda": 0.035773198196803815}, "datetime": {"datetime": "2021-09-23 13:28:26", "elapsed": 565.264761, "delta": 1.924552}}
{"target": 0.8557552662632144, "params": {"C": 116.62413459560294, "epsilon": 0.08483000325945436, "gamma": 0.18249004957386175, "lamda": 0.30229384881456883}, "datetime": {"datetime": "2021-09-23 13:28:28", "elapsed": 566.979763, "delta": 1.715002}}
{"target": 0.8853970243843642, "params": {"C": 125.26110702741734, "epsilon": 0.7811284512867815, "gamma": 0.13443267882509688, "lamda": 0.18645257566026294}, "datetime": {"datetime": "2021-09-23 13:28:29", "elapsed": 568.417767, "delta": 1.438004}}
{"target": 0.8436924341893682, "params": {"C": 148.16335120269554, "epsilon": 0.7236883793661094, "gamma": 0.1949556809889241, "lamda": 0.20532429066843746}, "datetime": {"datetime": "2021-09-23 13:28:31", "elapsed": 569.924825, "delta": 1.507058}}
{"target": 0.8968838203013638, "params": {"C": 116.78512779679771, "epsilon": 0.9440151984564035, "gamma": 0.10613017328424579, "lamda": 0.16054208536411713}, "datetime": {"datetime": "2021-09-23 13:28:31", "elapsed": 570.766822, "delta": 0.841997}}
{"target": 0.841047708785094, "params": {"C": 147.98004663253204, "epsilon": 0.47861866461863734, "gamma": 0.2, "lamda": 0.02}, "datetime": {"datetime": "2021-09-23 13:28:33", "elapsed": 572.084822, "delta": 1.318}}
{"target": 0.8447847716831305, "params": {"C": 147.8100378559017, "epsilon": 0.7598529813485039, "gamma": 0.19314517200235792, "lamda": 0.159784560912137}, "datetime": {"datetime": "2021-09-23 13:28:35", "elapsed": 573.848822, "delta": 1.764}}
{"target": 0.8973944600435959, "params": {"C": 159.56554276412734, "epsilon": 0.5525539620617804, "gamma": 0.10831667508415864, "lamda": 0.04141802586929885}, "datetime": {"datetime": "2021-09-23 13:28:35", "elapsed": 574.693821, "delta": 0.844999}}
{"target": -2.3562749391486846, "params": {"C": 147.96963311889218, "epsilon": 0.7704613131822088, "gamma": 0.01, "lamda": 0.4}, "datetime": {"datetime": "2021-09-23 13:28:47", "elapsed": 586.434681, "delta": 11.74086}}
{"target": 0.8738587544206364, "params": {"C": 199.96979405435255, "epsilon": 0.9425669371278065, "gamma": 0.1420369348843812, "lamda": 0.12141786367335972}, "datetime": {"datetime": "2021-09-23 13:28:48", "elapsed": 587.343197, "delta": 0.908516}}
{"target": 0.841072783420911, "params": {"C": 147.646488260936, "epsilon": 0.43836035556613095, "gamma": 0.2, "lamda": 0.1615531084575082}, "datetime": {"datetime": "2021-09-23 13:28:50", "elapsed": 589.131955, "delta": 1.788758}}
{"target": 0.8580505637932543, "params": {"C": 147.90368812964346, "epsilon": 0.13030187694085238, "gamma": 0.17313939106085025, "lamda": 0.3297876383464663}, "datetime": {"datetime": "2021-09-23 13:28:51", "elapsed": 590.489713, "delta": 1.357758}}
{"target": 0.8975433182790987, "params": {"C": 148.1658857293712, "epsilon": 0.0950134990486246, "gamma": 0.10730744918893878, "lamda": 0.04043010811082112}, "datetime": {"datetime": "2021-09-23 13:28:53", "elapsed": 592.476656, "delta": 1.986943}}
{"target": 0.8944929521948324, "params": {"C": 116.53676746866105, "epsilon": 0.0789223935550401, "gamma": 0.027722804453693906, "lamda": 0.03374190003698756}, "datetime": {"datetime": "2021-09-23 13:28:57", "elapsed": 595.844839, "delta": 3.368183}}
{"target": 0.838318077017628, "params": {"C": 189.5407522545572, "epsilon": 0.2774429571121413, "gamma": 0.2, "lamda": 0.4}, "datetime": {"datetime": "2021-09-23 13:28:59", "elapsed": 598.072471, "delta": 2.227632}}
{"target": 0.9024292512204544, "params": {"C": 146.23236904133603, "epsilon": 0.8809083865986673, "gamma": 0.09190474992240896, "lamda": 0.1930361593148934}, "datetime": {"datetime": "2021-09-23 13:29:00", "elapsed": 599.063678, "delta": 0.991207}}
{"target": 0.8410033961451341, "params": {"C": 148.40439458760542, "epsilon": 0.6519794003549594, "gamma": 0.2, "lamda": 0.02}, "datetime": {"datetime": "2021-09-23 13:29:02", "elapsed": 601.219327, "delta": 2.155649}}
{"target": 0.9001915453626154, "params": {"C": 146.5732668676295, "epsilon": 0.9708959226029801, "gamma": 0.10038874853112754, "lamda": 0.2624806508038076}, "datetime": {"datetime": "2021-09-23 13:29:04", "elapsed": 603.468825, "delta": 2.249498}}
{"target": 0.9061934594461385, "params": {"C": 146.53144550510245, "epsilon": 0.7409096982618273, "gamma": 0.07897749971158055, "lamda": 0.05023695950723837}, "datetime": {"datetime": "2021-09-23 13:29:06", "elapsed": 605.273499, "delta": 1.804674}}
{"target": 0.8435261988618981, "params": {"C": 123.32469408424099, "epsilon": 0.16561439310371862, "gamma": 0.2, "lamda": 0.02}, "datetime": {"datetime": "2021-09-23 13:29:08", "elapsed": 607.176081, "delta": 1.902582}}
{"target": 0.8680196837061971, "params": {"C": 146.81219595144455, "epsilon": 0.6984855302225805, "gamma": 0.15841647443377385, "lamda": 0.2804931910338749}, "datetime": {"datetime": "2021-09-23 13:29:10", "elapsed": 608.995764, "delta": 1.819683}}
{"target": -1.2200776320043225, "params": {"C": 146.39858012697817, "epsilon": 0.5275646910051507, "gamma": 0.09626635125786068, "lamda": 0.3794259485890716}, "datetime": {"datetime": "2021-09-23 13:29:22", "elapsed": 621.060712, "delta": 12.064948}}
{"target": 0.8940851499231539, "params": {"C": 138.89004565147013, "epsilon": 0.35375664281145736, "gamma": 0.11606522749250842, "lamda": 0.12431078830653683}, "datetime": {"datetime": "2021-09-23 13:29:23", "elapsed": 621.969713, "delta": 0.909001}}
{"target": 0.8932753170234145, "params": {"C": 138.69060688228893, "epsilon": 0.5907760468517391, "gamma": 0.11776436055654958, "lamda": 0.02}, "datetime": {"datetime": "2021-09-23 13:29:25", "elapsed": 624.004717, "delta": 2.035004}}
{"target": 0.8932449215164137, "params": {"C": 148.30384745500564, "epsilon": 0.05140488320580366, "gamma": 0.11834579280803093, "lamda": 0.3834893648819391}, "datetime": {"datetime": "2021-09-23 13:29:26", "elapsed": 625.791716, "delta": 1.786999}}
{"target": 0.8772468780036787, "params": {"C": 110.37315536017354, "epsilon": 0.20211207551425853, "gamma": 0.1503401958384554, "lamda": 0.17744460321648986}, "datetime": {"datetime": "2021-09-23 13:29:29", "elapsed": 627.98571, "delta": 2.193994}}
{"target": 0.843301049476486, "params": {"C": 125.13419094894846, "epsilon": 0.4979279370665009, "gamma": 0.2, "lamda": 0.02}, "datetime": {"datetime": "2021-09-23 13:29:31", "elapsed": 630.069717, "delta": 2.084007}}
{"target": 0.8433018646140885, "params": {"C": 125.12447130748512, "epsilon": 0.508461747205171, "gamma": 0.2, "lamda": 0.39079282477562843}, "datetime": {"datetime": "2021-09-23 13:29:33", "elapsed": 632.280716, "delta": 2.210999}}
{"target": 0.900909300603186, "params": {"C": 164.57659507649288, "epsilon": 0.20257568898683426, "gamma": 0.09961888890308532, "lamda": 0.37308329743471713}, "datetime": {"datetime": "2021-09-23 13:29:34", "elapsed": 633.394719, "delta": 1.114003}}
{"target": 0.8566644507553964, "params": {"C": 147.2739804203283, "epsilon": 0.7227907365161542, "gamma": 0.17540602406661535, "lamda": 0.2322656989105989}, "datetime": {"datetime": "2021-09-23 13:29:36", "elapsed": 635.280231, "delta": 1.885512}}
{"target": -3.6589113324451485, "params": {"C": 124.85465545996585, "epsilon": 0.3117866661804599, "gamma": 0.03193400387337466, "lamda": 0.19065623370048118}, "datetime": {"datetime": "2021-09-23 13:29:48", "elapsed": 646.842234, "delta": 11.562003}}
{"target": 0.8740050270126549, "params": {"C": 100.33754051762789, "epsilon": 0.15592210015702734, "gamma": 0.1571587202110677, "lamda": 0.19436472718932957}, "datetime": {"datetime": "2021-09-23 13:29:48", "elapsed": 647.693242, "delta": 0.851008}}
{"target": -3.149143525352942, "params": {"C": 143.9984035711288, "epsilon": 0.5035685245719883, "gamma": 0.016213513906027006, "lamda": 0.13279491022500647}, "datetime": {"datetime": "2021-09-23 13:30:02", "elapsed": 661.396644, "delta": 13.703402}}
{"target": -3.2952594184890582, "params": {"C": 147.0644526590151, "epsilon": 0.9114914478169777, "gamma": 0.04163828568221993, "lamda": 0.37483121598258945}, "datetime": {"datetime": "2021-09-23 13:30:17", "elapsed": 676.138623, "delta": 14.741979}}
{"target": 0.8571854034970304, "params": {"C": 107.30293966982309, "epsilon": 0.9185566402768643, "gamma": 0.18220895725778727, "lamda": 0.1431853636459578}, "datetime": {"datetime": "2021-09-23 13:30:18", "elapsed": 677.424625, "delta": 1.286002}}
{"target": -3.0434934618893665, "params": {"C": 149.38496106518193, "epsilon": 0.8060747237419577, "gamma": 0.014308450844034815, "lamda": 0.11606613792186397}, "datetime": {"datetime": "2021-09-23 13:30:31", "elapsed": 690.290806, "delta": 12.866181}}
{"target": 0.8764527723115807, "params": {"C": 147.51691580366693, "epsilon": 0.7648029568466285, "gamma": 0.1456747028127496, "lamda": 0.02279814430954699}, "datetime": {"datetime": "2021-09-23 13:30:35", "elapsed": 694.028316, "delta": 3.73751}}
{"target": 0.8855522380689239, "params": {"C": 146.97730649433552, "epsilon": 0.5863983197086309, "gamma": 0.13215042463053794, "lamda": 0.044012114931855785}, "datetime": {"datetime": "2021-09-23 13:30:38", "elapsed": 696.946967, "delta": 2.918651}}
{"target": 0.8693420692787364, "params": {"C": 147.27399968800609, "epsilon": 0.48732502461850125, "gamma": 0.15623827447003336, "lamda": 0.08237019685651531}, "datetime": {"datetime": "2021-09-23 13:30:41", "elapsed": 699.940474, "delta": 2.993507}}
{"target": 0.8947021841213797, "params": {"C": 161.35329538915292, "epsilon": 0.564707852842898, "gamma": 0.11461031705033622, "lamda": 0.06486541231212549}, "datetime": {"datetime": "2021-09-23 13:30:42", "elapsed": 701.431448, "delta": 1.490974}}
{"target": 0.8472422213141868, "params": {"C": 125.45218245892036, "epsilon": 0.48661109310879996, "gamma": 0.19364258982093185, "lamda": 0.2768544728690684}, "datetime": {"datetime": "2021-09-23 13:30:45", "elapsed": 704.266414, "delta": 2.834966}}
{"target": 0.8962486938952332, "params": {"C": 127.8507137238385, "epsilon": 0.966626751846414, "gamma": 0.10845174450945719, "lamda": 0.08499112949796134}, "datetime": {"datetime": "2021-09-23 13:30:46", "elapsed": 705.789411, "delta": 1.522997}}
{"target": 0.8719768273385485, "params": {"C": 114.40249503250453, "epsilon": 0.6157605878707288, "gamma": 0.1582550593783958, "lamda": 0.34044356382970503}, "datetime": {"datetime": "2021-09-23 13:30:48", "elapsed": 707.204506, "delta": 1.415095}}
{"target": 0.8468786285751233, "params": {"C": 100.06970710893171, "epsilon": 0.39084804885987534, "gamma": 0.2, "lamda": 0.3144077048165717}, "datetime": {"datetime": "2021-09-23 13:30:51", "elapsed": 710.29564, "delta": 3.091134}}
{"target": -2.307669766559873, "params": {"C": 107.31315153133632, "epsilon": 0.6589093689652413, "gamma": 0.01, "lamda": 0.32769817133952456}, "datetime": {"datetime": "2021-09-23 13:31:02", "elapsed": 721.481304, "delta": 11.185664}}
{"target": 0.8457214190860302, "params": {"C": 107.661419368549, "epsilon": 0.8449174641445966, "gamma": 0.2, "lamda": 0.02}, "datetime": {"datetime": "2021-09-23 13:31:04", "elapsed": 723.389768, "delta": 1.908464}}
{"target": 0.8629622852972071, "params": {"C": 107.84285793510416, "epsilon": 0.5185381480134025, "gamma": 0.17311588730469246, "lamda": 0.06819015230730394}, "datetime": {"datetime": "2021-09-23 13:31:06", "elapsed": 725.151573, "delta": 1.761805}}
