{"target": -2.6114591216494403, "params": {"C": 23.558994198810005, "epsilon": 2.3907808874912613, "gamma": 0.35060045727766986, "lamda": 0.17054078240616236}, "datetime": {"datetime": "2021-09-15 13:32:07", "elapsed": 1919.228581, "delta": 1.598507}}
{"target": -2.3291697540978453, "params": {"C": 26.207247724070026, "epsilon": 3.898371652197896, "gamma": 0.17993585943107526, "lamda": 0.8611815153185248}, "datetime": {"datetime": "2021-09-15 13:32:09", "elapsed": 1920.829342, "delta": 1.600761}}
{"target": -2.5004849608669226, "params": {"C": 17.887224913736983, "epsilon": 8.559085852880346, "gamma": 0.19451105940010027, "lamda": 0.11062657400710076}, "datetime": {"datetime": "2021-09-15 13:32:11", "elapsed": 1922.469676, "delta": 1.640334}}
{"target": -4.223275264906198, "params": {"C": 2.512745461677864, "epsilon": 7.993347557431991, "gamma": 0.3055887830345066, "lamda": 0.5409522038208743}, "datetime": {"datetime": "2021-09-15 13:32:12", "elapsed": 1924.427264, "delta": 1.957588}}
{"target": -2.528424814819816, "params": {"C": 14.488250671139095, "epsilon": 6.193285070940329, "gamma": 0.16485734542727914, "lamda": 0.13680560802962768}, "datetime": {"datetime": "2021-09-15 13:32:14", "elapsed": 1925.965259, "delta": 1.537995}}
{"target": -2.211796695933156, "params": {"C": 26.997832137617433, "epsilon": 6.657870491330669, "gamma": 0.1195009301838062, "lamda": 0.9199311626239214}, "datetime": {"datetime": "2021-09-15 13:32:16", "elapsed": 1927.531973, "delta": 1.566714}}
{"target": -3.619848380234256, "params": {"C": 1.1690466390119825, "epsilon": 2.889192732687101, "gamma": 0.05119211173503058, "lamda": 0.5005810988422829}, "datetime": {"datetime": "2021-09-15 13:32:17", "elapsed": 1929.177174, "delta": 1.645201}}
{"target": -3.6293269288483736, "params": {"C": 6.363029116385705, "epsilon": 5.183569006311396, "gamma": 0.4290380121910269, "lamda": 0.22750859499391343}, "datetime": {"datetime": "2021-09-15 13:32:20", "elapsed": 1932.164835, "delta": 2.987661}}
{"target": -3.061300034485814, "params": {"C": 14.028583628826889, "epsilon": 5.713862872384846, "gamma": 0.4110587565394613, "lamda": 0.09250296953663179}, "datetime": {"datetime": "2021-09-15 13:32:22", "elapsed": 1933.730289, "delta": 1.565454}}
{"target": -3.2582828248119062, "params": {"C": 8.396987429598951, "epsilon": 9.819587495711364, "gamma": 0.3271082174498855, "lamda": 0.5641427469747797}, "datetime": {"datetime": "2021-09-15 13:32:24", "elapsed": 1935.825223, "delta": 2.094934}}
{"target": -2.600946832339732, "params": {"C": 14.36758615168085, "epsilon": 5.712686113371645, "gamma": 0.2040998245786446, "lamda": 0.29137762155553465}, "datetime": {"datetime": "2021-09-15 13:32:25", "elapsed": 1937.437365, "delta": 1.612142}}
{"target": -2.910373705390722, "params": {"C": 16.77380808306761, "epsilon": 0.11869093007178767, "gamma": 0.4110698495377101, "lamda": 0.8076473230441484}, "datetime": {"datetime": "2021-09-15 13:32:27", "elapsed": 1938.917065, "delta": 1.4797}}
{"target": -3.088726471649219, "params": {"C": 9.732376095391329, "epsilon": 4.207880604996235, "gamma": 0.30768437780233077, "lamda": 0.1981535379346759}, "datetime": {"datetime": "2021-09-15 13:32:29", "elapsed": 1941.381013, "delta": 2.463948}}
{"target": -14.310947299011, "params": {"C": 7.8282946643436775, "epsilon": 7.910035064702856, "gamma": 0.2385532697375254, "lamda": 0.8169808842608727}, "datetime": {"datetime": "2021-09-15 13:32:49", "elapsed": 1960.645324, "delta": 19.264311}}
{"target": -11.736048112819224, "params": {"C": 26.98488896394685, "epsilon": 3.8380693890819138, "gamma": 0.21388380476889957, "lamda": 0.30190215298625506}, "datetime": {"datetime": "2021-09-15 13:33:07", "elapsed": 1979.341964, "delta": 18.69664}}
{"target": -3.547369721162396, "params": {"C": 2.800667139941967, "epsilon": 7.484353044803604, "gamma": 0.18062546794810286, "lamda": 0.8383365574488209}, "datetime": {"datetime": "2021-09-15 13:33:09", "elapsed": 1980.947188, "delta": 1.605224}}
{"target": -2.5589955510807525, "params": {"C": 8.854168593587195, "epsilon": 7.6899832121364815, "gamma": 0.039572591644016344, "lamda": 0.19095455637653633}, "datetime": {"datetime": "2021-09-15 13:33:11", "elapsed": 1982.553138, "delta": 1.60595}}
{"target": -3.378521065627934, "params": {"C": 8.571096324003781, "epsilon": 9.314993608146612, "gamma": 0.40493787949433807, "lamda": 0.7543331862653053}, "datetime": {"datetime": "2021-09-15 13:33:13", "elapsed": 1984.783524, "delta": 2.230386}}
{"target": -5.2411389813552685, "params": {"C": 0.5302928975884156, "epsilon": 5.17004085120886, "gamma": 0.1958408203008868, "lamda": 0.8316876478624411}, "datetime": {"datetime": "2021-09-15 13:33:14", "elapsed": 1986.41076, "delta": 1.627236}}
{"target": -4.226070439896502, "params": {"C": 0.9607105208289075, "epsilon": 3.5215757366401084, "gamma": 0.13371254658426002, "lamda": 0.19149344102841004}, "datetime": {"datetime": "2021-09-15 13:33:16", "elapsed": 1987.992785, "delta": 1.582025}}
{"target": -19.41196124002006, "params": {"C": 10.976627903274029, "epsilon": 3.689532846671464, "gamma": 0.08733050493165084, "lamda": 0.810789491816577}, "datetime": {"datetime": "2021-09-15 13:33:36", "elapsed": 2008.078957, "delta": 20.086172}}
{"target": -10.70141751687519, "params": {"C": 22.825036881992514, "epsilon": 6.687503019208957, "gamma": 0.44808066944874125, "lamda": 0.8374983966904718}, "datetime": {"datetime": "2021-09-15 13:33:54", "elapsed": 2026.451703, "delta": 18.372746}}
{"target": -3.4464877128479183, "params": {"C": 7.978478655492097, "epsilon": 8.168808435218233, "gamma": 0.4231328934867763, "lamda": 0.727800843937521}, "datetime": {"datetime": "2021-09-15 13:33:56", "elapsed": 2028.051972, "delta": 1.600269}}
{"target": -3.0583190554193713, "params": {"C": 2.6340474857175757, "epsilon": 3.3778366055990037, "gamma": 0.03833410573372598, "lamda": 0.6083864203598528}, "datetime": {"datetime": "2021-09-15 13:33:58", "elapsed": 2029.680995, "delta": 1.629023}}
{"target": -2.917405493209812, "params": {"C": 12.93471888271286, "epsilon": 9.255207466144958, "gamma": 0.31353309390148115, "lamda": 0.10185543657117808}, "datetime": {"datetime": "2021-09-15 13:33:59", "elapsed": 2031.267242, "delta": 1.586247}}
{"target": -3.3668306530113306, "params": {"C": 9.302914199672422, "epsilon": 8.889449494893158, "gamma": 0.4053066381506318, "lamda": 0.6960537788152447}, "datetime": {"datetime": "2021-09-15 13:34:01", "elapsed": 2032.923739, "delta": 1.656497}}
{"target": -16.62002415427837, "params": {"C": 9.29570736230756, "epsilon": 8.240833002192069, "gamma": 0.16562650476543997, "lamda": 0.37487364103413284}, "datetime": {"datetime": "2021-09-15 13:34:21", "elapsed": 2052.507782, "delta": 19.584043}}
{"target": -2.420141579469035, "params": {"C": 20.379611753830034, "epsilon": 0.5629758245379292, "gamma": 0.19341017965652832, "lamda": 0.5155749164206004}, "datetime": {"datetime": "2021-09-15 13:34:22", "elapsed": 2054.255358, "delta": 1.747576}}
{"target": -19.304983805429966, "params": {"C": 13.191031647080589, "epsilon": 3.0249984712876, "gamma": 0.08598747763312113, "lamda": 0.33066875501986637}, "datetime": {"datetime": "2021-09-15 13:34:41", "elapsed": 2073.279937, "delta": 19.024579}}
{"target": -20.33322423255015, "params": {"C": 21.279320313437733, "epsilon": 5.722857668580598, "gamma": 0.059220872746001955, "lamda": 0.3507289824265545}, "datetime": {"datetime": "2021-09-15 13:34:55", "elapsed": 2086.658935, "delta": 13.378998}}
{"target": -2.4999055463592073, "params": {"C": 16.862726592396836, "epsilon": 8.530758635798046, "gamma": 0.1828712624016556, "lamda": 0.05197520857673024}, "datetime": {"datetime": "2021-09-15 13:34:56", "elapsed": 2088.378101, "delta": 1.719166}}
{"target": -5.974021289941604, "params": {"C": 0.2468705186663867, "epsilon": 6.386896253865853, "gamma": 0.19043795037877342, "lamda": 0.4787088787245369}, "datetime": {"datetime": "2021-09-15 13:34:58", "elapsed": 2090.089895, "delta": 1.711794}}
{"target": -20.770866134960922, "params": {"C": 29.069875175053067, "epsilon": 9.694704744061626, "gamma": 0.05822215577465285, "lamda": 0.34377305375460254}, "datetime": {"datetime": "2021-09-15 13:35:10", "elapsed": 2102.208677, "delta": 12.118782}}
{"target": -19.7050590170046, "params": {"C": 26.077142368599354, "epsilon": 4.004923087032651, "gamma": 0.08780743294495658, "lamda": 0.5624150405062481}, "datetime": {"datetime": "2021-09-15 13:35:30", "elapsed": 2121.589678, "delta": 19.381001}}
{"target": -3.3086754344390106, "params": {"C": 2.572271732368985, "epsilon": 2.017945797492789, "gamma": 0.12024608298662483, "lamda": 0.25554909259091263}, "datetime": {"datetime": "2021-09-15 13:35:31", "elapsed": 2123.33194, "delta": 1.742262}}
{"target": -2.6021025511776625, "params": {"C": 10.929356569635578, "epsilon": 1.0973593804022133, "gamma": 0.13901839745234434, "lamda": 0.6037218743046718}, "datetime": {"datetime": "2021-09-15 13:35:34", "elapsed": 2126.275894, "delta": 2.943954}}
{"target": -3.3098764221790327, "params": {"C": 1.6524363707732246, "epsilon": 9.401476908516454, "gamma": 0.05337964054122945, "lamda": 0.3620784648215469}, "datetime": {"datetime": "2021-09-15 13:35:36", "elapsed": 2128.417854, "delta": 2.14196}}
{"target": -16.96532476110225, "params": {"C": 28.719864041033915, "epsilon": 6.000374731516867, "gamma": 0.12445076476416725, "lamda": 0.8374253724032862}, "datetime": {"datetime": "2021-09-15 13:35:56", "elapsed": 2147.663285, "delta": 19.245431}}
{"target": -3.2878959547967725, "params": {"C": 5.872078968665497, "epsilon": 6.391002525086895, "gamma": 0.255373383007859, "lamda": 0.4605245716549779}, "datetime": {"datetime": "2021-09-15 13:35:57", "elapsed": 2149.359836, "delta": 1.696551}}
{"target": -2.6685360393790094, "params": {"C": 15.981796043688478, "epsilon": 9.122431231082585, "gamma": 0.26067375352228267, "lamda": 0.2577012086258069}, "datetime": {"datetime": "2021-09-15 13:35:59", "elapsed": 2151.089036, "delta": 1.7292}}
{"target": -19.19531845174272, "params": {"C": 28.048967688635404, "epsilon": 4.9741856985594195, "gamma": 0.028613443698770568, "lamda": 0.3155098208295825}, "datetime": {"datetime": "2021-09-15 13:36:18", "elapsed": 2169.889119, "delta": 18.800083}}
{"target": -2.62298015216724, "params": {"C": 16.284346327942085, "epsilon": 5.496647912654616, "gamma": 0.23575642043709608, "lamda": 0.748179015319546}, "datetime": {"datetime": "2021-09-15 13:36:20", "elapsed": 2171.631093, "delta": 1.741974}}
{"target": -2.7370131927219297, "params": {"C": 27.362662343121215, "epsilon": 1.4357288702506588, "gamma": 0.42333111318926053, "lamda": 0.5746212704415303}, "datetime": {"datetime": "2021-09-15 13:36:21", "elapsed": 2173.322358, "delta": 1.691265}}
{"target": -2.767425027846676, "params": {"C": 28.024098170226818, "epsilon": 0.02820987827190743, "gamma": 0.44993590614620366, "lamda": 0.36388033813167925}, "datetime": {"datetime": "2021-09-15 13:36:23", "elapsed": 2175.121312, "delta": 1.798954}}
{"target": -3.047501371076422, "params": {"C": 13.4406803127233, "epsilon": 7.907579790978344, "gamma": 0.39093301047271917, "lamda": 0.359864732325873}, "datetime": {"datetime": "2021-09-15 13:36:25", "elapsed": 2176.856784, "delta": 1.735472}}
{"target": -2.5318505108606866, "params": {"C": 16.043074318414313, "epsilon": 5.603221518084747, "gamma": 0.18713302502121823, "lamda": 0.27944758483606114}, "datetime": {"datetime": "2021-09-15 13:36:27", "elapsed": 2178.63267, "delta": 1.775886}}
{"target": -2.5422808195640574, "params": {"C": 20.379759175596934, "epsilon": 3.76713673435873, "gamma": 0.2679672496803822, "lamda": 0.7053209694041617}, "datetime": {"datetime": "2021-09-15 13:36:28", "elapsed": 2180.31908, "delta": 1.68641}}
{"target": -3.883753556341419, "params": {"C": 1.4174087007166318, "epsilon": 9.620858205455347, "gamma": 0.14171022931951696, "lamda": 0.10916259029144887}, "datetime": {"datetime": "2021-09-15 13:36:30", "elapsed": 2182.055979, "delta": 1.736899}}
{"target": -20.194527179260373, "params": {"C": 25.248844632125003, "epsilon": 6.761464907115051, "gamma": 0.08598724153225057, "lamda": 0.3940690621562237}, "datetime": {"datetime": "2021-09-15 13:36:50", "elapsed": 2201.883917, "delta": 19.827938}}
{"target": -2.6131782909991075, "params": {"C": 8.996110285445631, "epsilon": 0.8681972997507723, "gamma": 0.10590711074989387, "lamda": 0.0012460404827244127}, "datetime": {"datetime": "2021-09-15 13:36:52", "elapsed": 2204.057087, "delta": 2.17317}}
{"target": -3.263648536805264, "params": {"C": 8.291691673882163, "epsilon": 2.829625033660073, "gamma": 0.3432372468888793, "lamda": 0.6902943750341574}, "datetime": {"datetime": "2021-09-15 13:36:55", "elapsed": 2206.769601, "delta": 2.712514}}
{"target": -2.330450804733277, "params": {"C": 20.859275606177686, "epsilon": 0.31131114087375583, "gamma": 0.13364323586110713, "lamda": 0.5818811173131229}, "datetime": {"datetime": "2021-09-15 13:36:57", "elapsed": 2208.690284, "delta": 1.920683}}
{"target": -2.7051238195455953, "params": {"C": 12.434045700389687, "epsilon": 5.558893352251528, "gamma": 0.2207738408762369, "lamda": 0.37279314814516656}, "datetime": {"datetime": "2021-09-15 13:36:59", "elapsed": 2210.562772, "delta": 1.872488}}
{"target": -11.09430906479637, "params": {"C": 29.595770164590093, "epsilon": 10.80514707713893, "gamma": 0.00012858226685448718, "lamda": 1.8604965768432788}, "datetime": {"datetime": "2021-09-15 14:20:24", "elapsed": 0.0, "delta": 0.0}}
{"target": -21.518288293494212, "params": {"C": 20.136456178598955, "epsilon": 1.3859865829371982, "gamma": 0.04664642682327996, "lamda": 2.055023271693715}, "datetime": {"datetime": "2021-09-15 14:20:35", "elapsed": 10.495661, "delta": 10.495661}}
{"target": -19.260461589586352, "params": {"C": 28.886861598073448, "epsilon": 8.08271219331635, "gamma": 0.10485670914938337, "lamda": 3.583487751785418}, "datetime": {"datetime": "2021-09-15 14:20:52", "elapsed": 28.369722, "delta": 17.874061}}
{"target": -15.884511900900062, "params": {"C": 22.15582874060311, "epsilon": 13.17188342842779, "gamma": 0.006944159540161749, "lamda": 3.51710379580281}, "datetime": {"datetime": "2021-09-15 14:21:03", "elapsed": 39.266785, "delta": 10.897063}}
{"target": -20.28893286845116, "params": {"C": 29.605668082849444, "epsilon": 8.380788736857829, "gamma": 0.035182695954948925, "lamda": 1.3914567008819545}, "datetime": {"datetime": "2021-09-15 14:21:14", "elapsed": 50.208048, "delta": 10.941263}}
{"target": -22.5408549938875, "params": {"C": 43.026059903643784, "epsilon": 14.523955374215243, "gamma": 0.07842470212199479, "lamda": 3.615451770511913}, "datetime": {"datetime": "2021-09-15 14:21:32", "elapsed": 67.867056, "delta": 17.659008}}
{"target": -17.89657049102583, "params": {"C": 45.673620330361345, "epsilon": 13.419205345894206, "gamma": 0.021352548421307502, "lamda": 0.6757465245479706}, "datetime": {"datetime": "2021-09-15 14:21:42", "elapsed": 77.584312, "delta": 9.717256}}
{"target": -21.486768854121866, "params": {"C": 20.944064684759912, "epsilon": 13.172259408937768, "gamma": 0.02467687377487922, "lamda": 2.394984312522735}, "datetime": {"datetime": "2021-09-15 14:21:53", "elapsed": 88.743147, "delta": 11.158835}}
{"target": -15.662809676167726, "params": {"C": 48.52613355526757, "epsilon": 7.997946109310283, "gamma": 0.17300009077622328, "lamda": 1.9198203395272833}, "datetime": {"datetime": "2021-09-15 14:22:10", "elapsed": 106.304747, "delta": 17.5616}}
{"target": -9.171297938985981, "params": {"C": 39.027532468855426, "epsilon": 12.519550452788696, "gamma": 0.004670240508313533, "lamda": 3.8756494172523537}, "datetime": {"datetime": "2021-09-15 14:22:21", "elapsed": 116.823604, "delta": 10.518857}}
{"target": -14.371515611940906, "params": {"C": 15.270194959444238, "epsilon": 2.4287521522562305, "gamma": 0.1773713216390826, "lamda": 3.941315865462204}, "datetime": {"datetime": "2021-09-15 14:22:38", "elapsed": 133.900705, "delta": 17.077101}}
{"target": -16.421073393551417, "params": {"C": 30.489506110941182, "epsilon": 6.20264714830307, "gamma": 0.13699645595183912, "lamda": 3.848907117088563}, "datetime": {"datetime": "2021-09-15 14:22:56", "elapsed": 151.709666, "delta": 17.808961}}
{"target": -17.682752952485654, "params": {"C": 30.583485453831262, "epsilon": 6.2948085712796775, "gamma": 0.1412062404447481, "lamda": 3.7765495731741607}, "datetime": {"datetime": "2021-09-15 14:23:13", "elapsed": 169.239768, "delta": 17.530102}}
{"target": -20.0225283792294, "params": {"C": 38.73042740525191, "epsilon": 12.36169040179374, "gamma": 0.11944816056348928, "lamda": 3.5954374830931997}, "datetime": {"datetime": "2021-09-15 14:23:32", "elapsed": 187.605222, "delta": 18.365454}}
{"target": -21.17416377541012, "params": {"C": 27.754671704859998, "epsilon": 0.3369492688922589, "gamma": 0.03818834511456766, "lamda": 4.871846857466763}, "datetime": {"datetime": "2021-09-15 14:23:49", "elapsed": 205.214844, "delta": 17.609622}}
{"target": -11.053221681182421, "params": {"C": 49.835507278898554, "epsilon": 4.878262415734787, "gamma": 0.2042348091490556, "lamda": 0.7008528074945801}, "datetime": {"datetime": "2021-09-15 14:24:00", "elapsed": 215.825798, "delta": 10.610954}}
{"target": -19.477058860857035, "params": {"C": 29.618525101710087, "epsilon": 10.93325248558906, "gamma": 0.12699463960710183, "lamda": 1.7572154807229552}, "datetime": {"datetime": "2021-09-15 14:24:18", "elapsed": 233.696204, "delta": 17.870406}}
{"target": -19.954226386621713, "params": {"C": 26.37065164896542, "epsilon": 9.537085461370724, "gamma": 0.10018622682929336, "lamda": 3.88199659961572}, "datetime": {"datetime": "2021-09-15 14:24:35", "elapsed": 250.652211, "delta": 16.956007}}
{"target": -17.946802047198965, "params": {"C": 25.70689272346555, "epsilon": 10.150122906891387, "gamma": 0.13789029389591761, "lamda": 1.9213595053442742}, "datetime": {"datetime": "2021-09-15 14:24:51", "elapsed": 267.347189, "delta": 16.694978}}
{"target": -14.973007013337932, "params": {"C": 28.901458578721677, "epsilon": 2.9134742683914747, "gamma": 0.013308708643664116, "lamda": 2.05228414032323}, "datetime": {"datetime": "2021-09-15 14:25:06", "elapsed": 282.128446, "delta": 14.781257}}
{"target": -22.358978685929667, "params": {"C": 15.331227825551665, "epsilon": 8.25351329763261, "gamma": 0.040580870249050244, "lamda": 2.650096396276005}, "datetime": {"datetime": "2021-09-15 14:25:17", "elapsed": 292.850323, "delta": 10.721877}}
{"target": -18.501455510036305, "params": {"C": 26.63234328420583, "epsilon": 7.272402805197908, "gamma": 0.10426489454121346, "lamda": 4.193736256211759}, "datetime": {"datetime": "2021-09-15 14:25:34", "elapsed": 309.747481, "delta": 16.897158}}
{"target": -18.238302424739544, "params": {"C": 23.191997597037414, "epsilon": 6.705580833325233, "gamma": 0.1375724172900496, "lamda": 4.771322093417048}, "datetime": {"datetime": "2021-09-15 14:25:51", "elapsed": 326.923512, "delta": 17.176031}}
{"target": -19.06614020593555, "params": {"C": 19.125487211407524, "epsilon": 8.258415905554399, "gamma": 0.12291713860076746, "lamda": 1.1568225237296492}, "datetime": {"datetime": "2021-09-15 14:26:07", "elapsed": 342.907159, "delta": 15.983647}}
{"target": -20.921366302300036, "params": {"C": 24.195207303905317, "epsilon": 0.32848599581769233, "gamma": 0.041950703747518664, "lamda": 3.3873258668966537}, "datetime": {"datetime": "2021-09-15 14:26:23", "elapsed": 359.406812, "delta": 16.499653}}
{"target": -19.97599389707208, "params": {"C": 39.00890581912303, "epsilon": 12.3280689917479, "gamma": 0.12498141773835053, "lamda": 3.7831166201143174}, "datetime": {"datetime": "2021-09-15 14:26:40", "elapsed": 376.394171, "delta": 16.987359}}
{"target": -2.4113508813022264, "params": {"C": 21.32759818872004, "epsilon": 4.077297646124202, "gamma": 0.20090480035122232, "lamda": 3.4161734461702116}, "datetime": {"datetime": "2021-09-15 14:26:41", "elapsed": 376.936608, "delta": 0.542437}}
{"target": -14.826346924904323, "params": {"C": 19.67995422109056, "epsilon": 7.618221280372955, "gamma": 0.2222869201944972, "lamda": 3.0522384184478155}, "datetime": {"datetime": "2021-09-15 14:26:58", "elapsed": 393.920324, "delta": 16.983716}}
{"target": -14.19407956308263, "params": {"C": 20.30728818968541, "epsilon": 3.064757549527918, "gamma": 0.16815166268486498, "lamda": 4.436653373815426}, "datetime": {"datetime": "2021-09-15 14:27:15", "elapsed": 410.515611, "delta": 16.595287}}
{"target": -9.375636566434435, "params": {"C": 43.63146821540847, "epsilon": 2.453737154442205, "gamma": 0.0038568010529885016, "lamda": 1.2244491886732016}, "datetime": {"datetime": "2021-09-15 14:27:34", "elapsed": 429.520834, "delta": 19.005223}}
{"target": -17.30020826405564, "params": {"C": 49.51033913032118, "epsilon": 10.625206270834319, "gamma": 0.145670016404012, "lamda": 3.8575599024867984}, "datetime": {"datetime": "2021-09-15 14:27:51", "elapsed": 446.994458, "delta": 17.473624}}
{"target": -18.45519296794806, "params": {"C": 46.46496616660373, "epsilon": 6.783839512663669, "gamma": 0.09986379468800623, "lamda": 1.901876941598403}, "datetime": {"datetime": "2021-09-15 14:28:07", "elapsed": 463.329068, "delta": 16.33461}}
{"target": -22.47058273966174, "params": {"C": 39.55953784111526, "epsilon": 5.764153226551601, "gamma": 0.06716450114036315, "lamda": 2.7013252041870164}, "datetime": {"datetime": "2021-09-15 14:28:25", "elapsed": 481.374251, "delta": 18.045183}}
{"target": -13.964960890033353, "params": {"C": 49.7983399484873, "epsilon": 3.8383688156146603, "gamma": 0.1546953450533947, "lamda": 2.1642696986826824}, "datetime": {"datetime": "2021-09-15 14:28:36", "elapsed": 491.954824, "delta": 10.580573}}
{"target": -16.560806569936588, "params": {"C": 44.78569689497078, "epsilon": 11.744559534711048, "gamma": 0.22555736674948507, "lamda": 0.9202542678892913}, "datetime": {"datetime": "2021-09-15 14:28:53", "elapsed": 508.925153, "delta": 16.970329}}
