{"target": -2.126559656283287, "params": {"C": 156.18537538282968, "epsilon": 0.8869380127642778, "gamma": 0.06817396969503323, "lamda": 0.5324863313003042}, "datetime": {"datetime": "2021-09-23 14:43:49", "elapsed": 1563.957575, "delta": 10.877568}}
{"target": -3.1165298442272196, "params": {"C": 198.5767990025098, "epsilon": 0.06295511292264142, "gamma": 0.042028162179662605, "lamda": 0.014528975444454792}, "datetime": {"datetime": "2021-09-23 14:43:59", "elapsed": 1574.72965, "delta": 10.772075}}
{"target": -3.2323765353780782, "params": {"C": 193.88791657513656, "epsilon": 0.3666825841416288, "gamma": 0.04529569202527582, "lamda": 0.42061456814781434}, "datetime": {"datetime": "2021-09-23 14:44:10", "elapsed": 1585.788244, "delta": 11.058594}}
{"target": -2.947473150346225, "params": {"C": 169.31883883134844, "epsilon": 0.907734791922711, "gamma": 0.04094633071246133, "lamda": 0.0046888252943907026}, "datetime": {"datetime": "2021-09-23 14:44:22", "elapsed": 1596.965247, "delta": 11.177003}}
{"target": -2.7333822589824894, "params": {"C": 169.74268636805027, "epsilon": 0.7825297057937888, "gamma": 0.045340863097244125, "lamda": 0.40914857481219913}, "datetime": {"datetime": "2021-09-23 14:44:33", "elapsed": 1608.28973, "delta": 11.324483}}
{"target": -3.1173681624327445, "params": {"C": 143.01290408926786, "epsilon": 0.38228980717102146, "gamma": 0.03712271548574047, "lamda": 0.11378379755415254}, "datetime": {"datetime": "2021-09-23 14:44:45", "elapsed": 1620.661111, "delta": 12.371381}}
{"target": -3.206666617241509, "params": {"C": 145.8697065242064, "epsilon": 0.1734413703698915, "gamma": 0.04215966464445885, "lamda": 0.20624315616449185}, "datetime": {"datetime": "2021-09-23 14:44:56", "elapsed": 1631.268735, "delta": 10.607624}}
{"target": 0.9079969229743369, "params": {"C": 198.4300117138812, "epsilon": 0.07043448925510805, "gamma": 0.030352959298520176, "lamda": 0.008850969487227456}, "datetime": {"datetime": "2021-09-23 14:44:57", "elapsed": 1632.647132, "delta": 1.378397}}
{"target": -3.0520667479193264, "params": {"C": 142.94106540917699, "epsilon": 0.4513176972358698, "gamma": 0.03470389180151219, "lamda": 0.09504341523716275}, "datetime": {"datetime": "2021-09-23 14:45:08", "elapsed": 1643.693132, "delta": 11.046}}
{"target": 0.9125072001940119, "params": {"C": 142.89052779755264, "epsilon": 0.37962382331372585, "gamma": 0.06779737845428575, "lamda": 0.0910683764439391}, "datetime": {"datetime": "2021-09-23 14:45:10", "elapsed": 1645.174129, "delta": 1.480997}}
{"target": 0.9127276026469965, "params": {"C": 138.71655245589992, "epsilon": 0.4462246916023325, "gamma": 0.0673253894676632, "lamda": 0.06452141613823308}, "datetime": {"datetime": "2021-09-23 14:45:11", "elapsed": 1646.78513, "delta": 1.611001}}
{"target": 0.9117289046018241, "params": {"C": 120.00324153782526, "epsilon": 0.6403922626113712, "gamma": 0.06860531256146371, "lamda": 0.03789281884177407}, "datetime": {"datetime": "2021-09-23 14:45:13", "elapsed": 1648.215146, "delta": 1.430016}}
{"target": 0.9116550667243642, "params": {"C": 142.8911444852075, "epsilon": 0.48200353398173396, "gamma": 0.06952395477234066, "lamda": 0.04723148691326212}, "datetime": {"datetime": "2021-09-23 14:45:14", "elapsed": 1649.658133, "delta": 1.442987}}
{"target": -2.820352345347589, "params": {"C": 151.33047863749562, "epsilon": 0.8716578303685403, "gamma": 0.04994051293880325, "lamda": 0.43812026367842444}, "datetime": {"datetime": "2021-09-23 14:45:26", "elapsed": 1660.977665, "delta": 11.319532}}
{"target": -2.2516056856698317, "params": {"C": 186.47908029939643, "epsilon": 0.4614654910828682, "gamma": 0.06950259148752455, "lamda": 0.6822974006634392}, "datetime": {"datetime": "2021-09-23 14:45:37", "elapsed": 1672.518318, "delta": 11.540653}}
{"target": 0.9010303475961539, "params": {"C": 120.00360640577186, "epsilon": 0.6285913575740907, "gamma": 0.031747351050270385, "lamda": 0.0020256428422460414}, "datetime": {"datetime": "2021-09-23 14:45:39", "elapsed": 1674.056813, "delta": 1.538495}}
{"target": -2.3088842719156264, "params": {"C": 175.79767847400677, "epsilon": 0.821726334169202, "gamma": 0.05718595224390634, "lamda": 0.5818799226442745}, "datetime": {"datetime": "2021-09-23 14:45:50", "elapsed": 1684.966287, "delta": 10.909474}}
{"target": -2.4229857077187757, "params": {"C": 198.31861083290792, "epsilon": 0.17810372228512839, "gamma": 0.047673635968175476, "lamda": 0.039221343037293716}, "datetime": {"datetime": "2021-09-23 14:46:00", "elapsed": 1694.881823, "delta": 9.915536}}
{"target": 0.9158452496914932, "params": {"C": 198.64265078935026, "epsilon": 0.08700396048506338, "gamma": 0.06041329339878883, "lamda": 0.019792651489609674}, "datetime": {"datetime": "2021-09-23 14:46:01", "elapsed": 1696.10486, "delta": 1.223037}}
{"target": 0.9184902577355909, "params": {"C": 198.44402658680372, "epsilon": 0.15523855566100048, "gamma": 0.05067512688578278, "lamda": 0.015998028968086643}, "datetime": {"datetime": "2021-09-23 14:46:02", "elapsed": 1697.396318, "delta": 1.291458}}
{"target": -2.0397154106355835, "params": {"C": 124.45861231939533, "epsilon": 0.5346387600321976, "gamma": 0.06388261142044409, "lamda": 0.2081812835850647}, "datetime": {"datetime": "2021-09-23 14:46:12", "elapsed": 1707.425605, "delta": 10.029287}}
{"target": -3.4564279317105724, "params": {"C": 141.88925162641422, "epsilon": 0.8403104387742645, "gamma": 0.03026032146528, "lamda": 0.027491838889012205}, "datetime": {"datetime": "2021-09-23 14:46:23", "elapsed": 1718.078335, "delta": 10.65273}}
{"target": -2.934376880986724, "params": {"C": 198.8913231801703, "epsilon": 0.5605927594854218, "gamma": 0.03910111859488663, "lamda": 0.011637479887001406}, "datetime": {"datetime": "2021-09-23 14:46:34", "elapsed": 1729.565986, "delta": 11.487651}}
{"target": -3.188830276728699, "params": {"C": 198.5883977439354, "epsilon": 0.1330721663496103, "gamma": 0.03872177507358323, "lamda": 0.04817656122060669}, "datetime": {"datetime": "2021-09-23 14:46:45", "elapsed": 1739.987476, "delta": 10.42149}}
{"target": -2.097249908553152, "params": {"C": 166.2773198643278, "epsilon": 0.2501428846681039, "gamma": 0.06746840344593255, "lamda": 0.3868501025109262}, "datetime": {"datetime": "2021-09-23 14:46:55", "elapsed": 1750.247002, "delta": 10.259526}}
{"target": -2.6259102764392956, "params": {"C": 153.58272987974934, "epsilon": 0.13193409745128992, "gamma": 0.048349732506489496, "lamda": 0.25248708253045626}, "datetime": {"datetime": "2021-09-23 14:47:05", "elapsed": 1760.116114, "delta": 9.869112}}
{"target": -3.0995573106847445, "params": {"C": 160.37340971544938, "epsilon": 0.22617725028453306, "gamma": 0.03179594453946755, "lamda": 0.4513049072519568}, "datetime": {"datetime": "2021-09-23 14:47:15", "elapsed": 1769.935442, "delta": 9.819328}}
{"target": -3.0131207669101103, "params": {"C": 120.05740838940972, "epsilon": 0.6541372520484464, "gamma": 0.04302722142876466, "lamda": 0.09906243457362042}, "datetime": {"datetime": "2021-09-23 14:47:31", "elapsed": 1786.307872, "delta": 16.37243}}
{"target": -3.239189179818224, "params": {"C": 193.61923604217557, "epsilon": 0.5823089174650606, "gamma": 0.043155062024522094, "lamda": 0.23873067567464246}, "datetime": {"datetime": "2021-09-23 14:47:41", "elapsed": 1796.567615, "delta": 10.259743}}
{"target": 0.9131350087058918, "params": {"C": 120.09662066086386, "epsilon": 0.5735475316232551, "gamma": 0.06301742661618505, "lamda": 0.10190838388499121}, "datetime": {"datetime": "2021-09-23 14:47:42", "elapsed": 1797.816849, "delta": 1.249234}}
{"target": 0.918191926246919, "params": {"C": 198.42707336928822, "epsilon": 0.1409355411324988, "gamma": 0.05397817210669022, "lamda": 0.0274581996831754}, "datetime": {"datetime": "2021-09-23 14:47:44", "elapsed": 1799.313776, "delta": 1.496927}}
{"target": 0.9141682524998455, "params": {"C": 140.63447198941756, "epsilon": 0.15464897630975777, "gamma": 0.06418947595149277, "lamda": 0.08784860711114895}, "datetime": {"datetime": "2021-09-23 14:47:46", "elapsed": 1800.951183, "delta": 1.637407}}
{"target": 0.9125530204538412, "params": {"C": 199.00632807874078, "epsilon": 0.3726149547267029, "gamma": 0.06579757545463027, "lamda": 0.04179531573588686}, "datetime": {"datetime": "2021-09-23 14:47:47", "elapsed": 1802.527017, "delta": 1.575834}}
{"target": -2.5069036855698936, "params": {"C": 120.06089579745148, "epsilon": 0.6959952703101577, "gamma": 0.04497244380804801, "lamda": 0.031291525106398495}, "datetime": {"datetime": "2021-09-23 14:47:57", "elapsed": 1812.812517, "delta": 10.2855}}
{"target": 0.9108021077848129, "params": {"C": 198.3814607713225, "epsilon": 0.20024215538255719, "gamma": 0.06867740617329322, "lamda": 0.06501848064975066}, "datetime": {"datetime": "2021-09-23 14:47:59", "elapsed": 1814.852324, "delta": 2.039807}}
{"target": -2.9346379800291125, "params": {"C": 120.17620114598527, "epsilon": 0.7478561562141062, "gamma": 0.03901564639039963, "lamda": 0.056590250936104175}, "datetime": {"datetime": "2021-09-23 14:48:10", "elapsed": 1825.776403, "delta": 10.924079}}
{"target": 0.9135212103713133, "params": {"C": 142.85798423319258, "epsilon": 0.3916953311682187, "gamma": 0.06583007263317467, "lamda": 0.11062726375901674}, "datetime": {"datetime": "2021-09-23 14:48:12", "elapsed": 1827.368448, "delta": 1.592045}}
{"target": 0.9137557457291854, "params": {"C": 120.0626735219385, "epsilon": 0.608870400770403, "gamma": 0.05228217552288487, "lamda": 0.06566094695187137}, "datetime": {"datetime": "2021-09-23 14:48:14", "elapsed": 1829.196465, "delta": 1.828017}}
{"target": 0.9137512654294206, "params": {"C": 120.04500890859045, "epsilon": 0.7346955356714208, "gamma": 0.05614259701551204, "lamda": 0.0099448067925707}, "datetime": {"datetime": "2021-09-23 14:48:15", "elapsed": 1830.825497, "delta": 1.629032}}
{"target": -3.2755106567506065, "params": {"C": 190.840139392714, "epsilon": 0.3821508220867077, "gamma": 0.03650914299158906, "lamda": 0.06842998689409233}, "datetime": {"datetime": "2021-09-23 14:48:22", "elapsed": 1837.652892, "delta": 6.827395}}
{"target": 0.9114713695836077, "params": {"C": 198.48271089355347, "epsilon": 0.4233621299411489, "gamma": 0.06734584017063888, "lamda": 0.0292274873397317}, "datetime": {"datetime": "2021-09-23 14:48:24", "elapsed": 1839.271586, "delta": 1.618694}}
{"target": 0.9164514723405638, "params": {"C": 167.0678317249745, "epsilon": 0.6382872550399802, "gamma": 0.05940012284871819, "lamda": 0.01691913146988198}, "datetime": {"datetime": "2021-09-23 14:48:25", "elapsed": 1840.499182, "delta": 1.227596}}
{"target": -3.5262101476569745, "params": {"C": 130.99539189978066, "epsilon": 0.9085803847921757, "gamma": 0.03433433289542401, "lamda": 0.5602254629852125}, "datetime": {"datetime": "2021-09-23 14:48:36", "elapsed": 1851.699508, "delta": 11.200326}}
{"target": 0.9059557839173684, "params": {"C": 120.25119396112663, "epsilon": 0.7036490612856194, "gamma": 0.035904937851303574, "lamda": 0.013144781300828877}, "datetime": {"datetime": "2021-09-23 14:48:38", "elapsed": 1853.153509, "delta": 1.454001}}
{"target": 0.9125767744202506, "params": {"C": 198.61255152217814, "epsilon": 0.49713357496805977, "gamma": 0.06579443163186385, "lamda": 0.018855708970150716}, "datetime": {"datetime": "2021-09-23 14:48:39", "elapsed": 1854.719508, "delta": 1.565999}}
{"target": -3.5788220429317565, "params": {"C": 199.82011580903617, "epsilon": 0.738222559307161, "gamma": 0.03242866430925484, "lamda": 0.5792669498958574}, "datetime": {"datetime": "2021-09-23 14:48:50", "elapsed": 1865.160041, "delta": 10.440533}}
{"target": 0.9150707696499497, "params": {"C": 140.65965651241038, "epsilon": 0.19994445680389633, "gamma": 0.061056507281864944, "lamda": 0.114708475384982}, "datetime": {"datetime": "2021-09-23 14:48:51", "elapsed": 1866.496047, "delta": 1.336006}}
{"target": -3.1619554644022294, "params": {"C": 190.07756839778685, "epsilon": 0.8722841825462101, "gamma": 0.03411699910514985, "lamda": 0.041824853235545835}, "datetime": {"datetime": "2021-09-23 14:49:01", "elapsed": 1876.163194, "delta": 9.667147}}
{"target": -2.9975353998488936, "params": {"C": 148.88839802017122, "epsilon": 0.06266578521487269, "gamma": 0.050476701926455314, "lamda": 0.6393235478456508}, "datetime": {"datetime": "2021-09-23 14:49:11", "elapsed": 1886.500157, "delta": 10.336963}}
{"target": -2.496623302560219, "params": {"C": 175.98738848654904, "epsilon": 0.542433184956681, "gamma": 0.05469066106106284, "lamda": 0.32197055547545506}, "datetime": {"datetime": "2021-09-23 14:49:21", "elapsed": 1896.826728, "delta": 10.326571}}
{"target": -2.3399211072647446, "params": {"C": 142.88305578487467, "epsilon": 0.44648296872028775, "gamma": 0.05269976124086233, "lamda": 0.11245725055539614}, "datetime": {"datetime": "2021-09-23 14:49:32", "elapsed": 1907.363354, "delta": 10.536626}}
{"target": 0.9137643183059909, "params": {"C": 120.18884414610801, "epsilon": 0.6981688193556694, "gamma": 0.05444607373030995, "lamda": 0.004793388708343975}, "datetime": {"datetime": "2021-09-23 14:49:33", "elapsed": 1908.814093, "delta": 1.450739}}
{"target": 0.9138137795673931, "params": {"C": 120.2433850299722, "epsilon": 0.7003439517340996, "gamma": 0.05782619290742892, "lamda": 0.019236093623413584}, "datetime": {"datetime": "2021-09-23 14:49:35", "elapsed": 1910.568565, "delta": 1.754472}}
{"target": 0.8993879454046589, "params": {"C": 120.09770725395956, "epsilon": 0.5877736238838979, "gamma": 0.030653048652197326, "lamda": 0.0035739866204403934}, "datetime": {"datetime": "2021-09-23 14:49:37", "elapsed": 1911.984266, "delta": 1.415701}}
{"target": -2.4384567511068926, "params": {"C": 189.4337814015493, "epsilon": 0.5219036271555444, "gamma": 0.04472300846794071, "lamda": 0.00768011104906783}, "datetime": {"datetime": "2021-09-23 14:49:47", "elapsed": 1922.472011, "delta": 10.487745}}
{"target": -2.4245894414380773, "params": {"C": 354.2641286533492, "epsilon": 0.06971435189143142, "gamma": 0.05534592939705102, "lamda": 0.11983374081792404}, "datetime": {"datetime": "2021-09-23 14:53:22", "elapsed": 0.0, "delta": 0.0}}
{"target": -2.989539753179831, "params": {"C": 299.70140246051807, "epsilon": 0.26355681325430524, "gamma": 0.03792251459038496, "lamda": 0.12170886088061351}, "datetime": {"datetime": "2021-09-23 14:53:32", "elapsed": 9.884549, "delta": 9.884549}}
{"target": -2.2667863133131076, "params": {"C": 233.82216731250708, "epsilon": 0.13392282346530976, "gamma": 0.0574143927347119, "lamda": 0.15254759605657037}, "datetime": {"datetime": "2021-09-23 14:53:41", "elapsed": 19.500899, "delta": 9.61635}}
{"target": -2.6703445839712177, "params": {"C": 235.15523831465455, "epsilon": 0.3481268580319861, "gamma": 0.053167921879569216, "lamda": 0.1503764175372238}, "datetime": {"datetime": "2021-09-23 14:53:51", "elapsed": 29.484323, "delta": 9.983424}}
{"target": -3.0267539858446577, "params": {"C": 252.16411551160627, "epsilon": 0.23745938839096065, "gamma": 0.03354235436653816, "lamda": 0.11850009691051092}, "datetime": {"datetime": "2021-09-23 14:54:02", "elapsed": 39.775238, "delta": 10.290915}}
{"target": -2.0380745861832947, "params": {"C": 233.37105565174244, "epsilon": 0.36517801163950614, "gamma": 0.06902775702837692, "lamda": 0.15374723329358228}, "datetime": {"datetime": "2021-09-23 14:54:11", "elapsed": 49.5344, "delta": 9.759162}}
{"target": 0.9110280111852039, "params": {"C": 232.13255573513214, "epsilon": 0.17726140226180231, "gamma": 0.07, "lamda": 0.15561647838614584}, "datetime": {"datetime": "2021-09-23 14:54:12", "elapsed": 50.078399, "delta": 0.543999}}
{"target": -2.54570117366708, "params": {"C": 231.52536149649112, "epsilon": 0.22930470789990431, "gamma": 0.05084274080047955, "lamda": 0.15496660644770927}, "datetime": {"datetime": "2021-09-23 14:54:22", "elapsed": 60.492395, "delta": 10.413996}}
{"target": -3.0992073744184916, "params": {"C": 365.0598974153683, "epsilon": 0.55633051120084, "gamma": 0.03924700242712682, "lamda": 0.1551966270058106}, "datetime": {"datetime": "2021-09-23 14:54:33", "elapsed": 70.684459, "delta": 10.192064}}
{"target": -2.2724954200797405, "params": {"C": 352.85946277669393, "epsilon": 0.4381889731188357, "gamma": 0.050775767805529386, "lamda": 0.068877021422805}, "datetime": {"datetime": "2021-09-23 14:54:42", "elapsed": 80.346458, "delta": 9.661999}}
{"target": -2.946380179701444, "params": {"C": 208.19279742119153, "epsilon": 0.26517573602179945, "gamma": 0.04302587069241199, "lamda": 0.030214238111302343}, "datetime": {"datetime": "2021-09-23 14:54:53", "elapsed": 90.646456, "delta": 10.299998}}
{"target": -2.770971976792647, "params": {"C": 351.0043832350533, "epsilon": 0.4585403143728875, "gamma": 0.04767926610030559, "lamda": 0.05446109736004402}, "datetime": {"datetime": "2021-09-23 14:55:03", "elapsed": 101.013263, "delta": 10.366807}}
{"target": -3.124430772748619, "params": {"C": 333.9280926561938, "epsilon": 0.28951486492509054, "gamma": 0.03810229391317631, "lamda": 0.15234317377768788}, "datetime": {"datetime": "2021-09-23 14:55:13", "elapsed": 111.088766, "delta": 10.075503}}
{"target": -3.699907789739024, "params": {"C": 343.17581357262753, "epsilon": 0.3042531041754912, "gamma": 0.03362384993358983, "lamda": 0.11210430910644038}, "datetime": {"datetime": "2021-09-23 14:55:23", "elapsed": 120.787556, "delta": 9.69879}}
{"target": -2.5862331797507427, "params": {"C": 246.91961854916804, "epsilon": 0.17378506490487874, "gamma": 0.05176921768761809, "lamda": 0.13277930834235405}, "datetime": {"datetime": "2021-09-23 14:55:33", "elapsed": 130.665284, "delta": 9.877728}}
{"target": -2.610811337880685, "params": {"C": 280.9847740143967, "epsilon": 0.09179085825481334, "gamma": 0.05361743627362509, "lamda": 0.11535076756856646}, "datetime": {"datetime": "2021-09-23 14:55:42", "elapsed": 140.461523, "delta": 9.796239}}
{"target": 0.9156880612724861, "params": {"C": 232.0965069099763, "epsilon": 0.09488102075318197, "gamma": 0.05949054051237132, "lamda": 0.1287115852341322}, "datetime": {"datetime": "2021-09-23 14:55:43", "elapsed": 140.92752, "delta": 0.465997}}
{"target": -3.5403532916313356, "params": {"C": 255.79656582644128, "epsilon": 0.49368484341471836, "gamma": 0.035802915816195324, "lamda": 0.09399468628847335}, "datetime": {"datetime": "2021-09-23 14:55:53", "elapsed": 150.761602, "delta": 9.834082}}
{"target": -2.303678898031707, "params": {"C": 325.4699433340056, "epsilon": 0.8437574732935135, "gamma": 0.05000715617657997, "lamda": 0.09607715885704948}, "datetime": {"datetime": "2021-09-23 14:56:03", "elapsed": 160.611389, "delta": 9.849787}}
{"target": -3.067655225416101, "params": {"C": 352.8327555830233, "epsilon": 0.43448361358146886, "gamma": 0.044027288682188165, "lamda": 0.0835597321585893}, "datetime": {"datetime": "2021-09-23 14:56:13", "elapsed": 170.643532, "delta": 10.032143}}
{"target": 0.9188523327271433, "params": {"C": 232.20671806259512, "epsilon": 0.13230182292378947, "gamma": 0.05279650203834195, "lamda": 0.029373229824061462}, "datetime": {"datetime": "2021-09-23 14:56:13", "elapsed": 171.179534, "delta": 0.536002}}
{"target": -2.6345505092279513, "params": {"C": 293.8822967732721, "epsilon": 0.9689368953430691, "gamma": 0.047884000098412274, "lamda": 0.025645633399631707}, "datetime": {"datetime": "2021-09-23 14:56:23", "elapsed": 181.104105, "delta": 9.924571}}
{"target": -2.8335214774924093, "params": {"C": 232.10729767428475, "epsilon": 0.22806329170376144, "gamma": 0.04163091035581442, "lamda": 0.03678735410654946}, "datetime": {"datetime": "2021-09-23 14:56:33", "elapsed": 191.491323, "delta": 10.387218}}
{"target": 0.9113073208796612, "params": {"C": 262.10622401473114, "epsilon": 0.368570332275799, "gamma": 0.06987243695319167, "lamda": 0.07170630514309059}, "datetime": {"datetime": "2021-09-23 14:56:34", "elapsed": 191.981915, "delta": 0.490592}}
{"target": -3.897717714059697, "params": {"C": 232.1845251461464, "epsilon": 0.07825258771036502, "gamma": 0.031940102751171796, "lamda": 0.13814806022189438}, "datetime": {"datetime": "2021-09-23 14:56:44", "elapsed": 202.401281, "delta": 10.419366}}
{"target": 0.9143342153317505, "params": {"C": 232.13486762832926, "epsilon": 0.16421729879117306, "gamma": 0.061495849663256864, "lamda": 0.08529187311560006}, "datetime": {"datetime": "2021-09-23 14:56:45", "elapsed": 202.917889, "delta": 0.516608}}
{"target": -2.34280481253465, "params": {"C": 341.9423018703249, "epsilon": 0.24775924691265938, "gamma": 0.05560010074051425, "lamda": 0.1046194806744164}, "datetime": {"datetime": "2021-09-23 14:56:55", "elapsed": 212.684456, "delta": 9.766567}}
{"target": -2.2096540573746397, "params": {"C": 318.4171906646159, "epsilon": 0.7892625696438724, "gamma": 0.0634704292143483, "lamda": 0.10161012043587236}, "datetime": {"datetime": "2021-09-23 14:57:05", "elapsed": 222.816655, "delta": 10.132199}}
{"target": 0.911679083324864, "params": {"C": 257.250705749311, "epsilon": 0.5021901069003263, "gamma": 0.030237385722834187, "lamda": 0.0020683855387420773}, "datetime": {"datetime": "2021-09-23 14:57:05", "elapsed": 223.295655, "delta": 0.479}}
{"target": -3.028838684345634, "params": {"C": 262.0783173850911, "epsilon": 0.4123999152765472, "gamma": 0.048830922702552036, "lamda": 0.09372468089283811}, "datetime": {"datetime": "2021-09-23 14:57:16", "elapsed": 234.133161, "delta": 10.837506}}
{"target": -3.0015851094713772, "params": {"C": 232.4512053319348, "epsilon": 0.26798919666107673, "gamma": 0.043848317752345316, "lamda": 0.003272944235918994}, "datetime": {"datetime": "2021-09-23 14:57:23", "elapsed": 240.930677, "delta": 6.797516}}
{"target": -2.4106000280701734, "params": {"C": 335.62197090885314, "epsilon": 0.6686724713956128, "gamma": 0.062447192912611256, "lamda": 0.04064935175485392}, "datetime": {"datetime": "2021-09-23 14:57:32", "elapsed": 250.454685, "delta": 9.524008}}
