{"target": 0.8533185119002411, "params": {"C": 56.429264853923605, "epsilon": 0.001, "gamma": 0.2, "lamda": 0.07018422481160633}, "datetime": {"datetime": "2021-09-23 12:16:48", "elapsed": 307.003823, "delta": 0.955521}}
{"target": 0.8891041182634579, "params": {"C": 75.15093734276434, "epsilon": 0.05100699212543013, "gamma": 0.11825382783866714, "lamda": 0.2867191540533144}, "datetime": {"datetime": "2021-09-23 12:16:49", "elapsed": 307.715917, "delta": 0.712094}}
{"target": -2.1489412073983005, "params": {"C": 67.62371533421681, "epsilon": 0.5779916645305451, "gamma": 0.01, "lamda": 0.2911584078198692}, "datetime": {"datetime": "2021-09-23 12:16:58", "elapsed": 316.711859, "delta": 8.995942}}
{"target": 0.8772684617225786, "params": {"C": 67.87551758729096, "epsilon": 0.953053935819457, "gamma": 0.14614931779787863, "lamda": 0.017048781942698245}, "datetime": {"datetime": "2021-09-23 12:16:59", "elapsed": 317.741366, "delta": 1.029507}}
{"target": 0.8534208773459601, "params": {"C": 50.87586947888448, "epsilon": 0.025304725214927985, "gamma": 0.19936937591086126, "lamda": 0.3584656808692537}, "datetime": {"datetime": "2021-09-23 12:17:00", "elapsed": 318.853478, "delta": 1.112112}}
{"target": 0.8983085577064863, "params": {"C": 50.99117041934685, "epsilon": 0.04749197264243972, "gamma": 0.08948896529472378, "lamda": 0.0016031535351113584}, "datetime": {"datetime": "2021-09-23 12:17:01", "elapsed": 319.731177, "delta": 0.877699}}
{"target": 0.8743522512412985, "params": {"C": 69.48771398910719, "epsilon": 0.6634494066996538, "gamma": 0.01442080973166531, "lamda": 0.06169405550988898}, "datetime": {"datetime": "2021-09-23 12:17:01", "elapsed": 320.445137, "delta": 0.71396}}
{"target": 0.9009213396886591, "params": {"C": 54.77398566818643, "epsilon": 0.5150994872668108, "gamma": 0.08294432696082797, "lamda": 0.08492706121331986}, "datetime": {"datetime": "2021-09-23 12:17:02", "elapsed": 321.102176, "delta": 0.657039}}
{"target": 0.8689168388739155, "params": {"C": 58.877283445624926, "epsilon": 0.557489622677216, "gamma": 0.012498699611495585, "lamda": 0.007185511583903783}, "datetime": {"datetime": "2021-09-23 12:17:03", "elapsed": 322.131843, "delta": 1.029667}}
{"target": 0.8524205603581057, "params": {"C": 64.67795685248541, "epsilon": 0.7482103197303319, "gamma": 0.2, "lamda": 0.3334577742180988}, "datetime": {"datetime": "2021-09-23 12:17:04", "elapsed": 323.131843, "delta": 1.0}}
{"target": 0.8533256780202463, "params": {"C": 53.14345431109129, "epsilon": 0.001, "gamma": 0.2, "lamda": 0.0962814664241921}, "datetime": {"datetime": "2021-09-23 12:17:05", "elapsed": 324.274894, "delta": 1.143051}}
{"target": 0.8787150568548432, "params": {"C": 64.3636417715929, "epsilon": 0.41369709955159245, "gamma": 0.01907928521602093, "lamda": 0.23090908391713852}, "datetime": {"datetime": "2021-09-23 12:17:06", "elapsed": 324.965845, "delta": 0.690951}}
{"target": 0.8885174754610675, "params": {"C": 64.51227916752879, "epsilon": 0.054063028821361776, "gamma": 0.03201845982261053, "lamda": 0.3761086849316757}, "datetime": {"datetime": "2021-09-23 12:17:07", "elapsed": 325.904476, "delta": 0.938631}}
{"target": 0.8849699457022585, "params": {"C": 53.18410431808636, "epsilon": 0.4515685575348143, "gamma": 0.12299845193171746, "lamda": 0.016709411520333495}, "datetime": {"datetime": "2021-09-23 12:17:08", "elapsed": 326.813021, "delta": 0.908545}}
{"target": 0.8552476910623626, "params": {"C": 56.82773079493048, "epsilon": 0.01743235394087021, "gamma": 0.19624568837811637, "lamda": 0.44088944489720583}, "datetime": {"datetime": "2021-09-23 12:17:09", "elapsed": 327.846287, "delta": 1.033266}}
{"target": 0.8894182324092744, "params": {"C": 53.60602219896417, "epsilon": 0.2229041456519221, "gamma": 0.1108131193857893, "lamda": 0.013141111965000521}, "datetime": {"datetime": "2021-09-23 12:17:10", "elapsed": 328.825972, "delta": 0.979685}}
{"target": 0.8705970133023928, "params": {"C": 66.94515878409625, "epsilon": 0.2776871440514147, "gamma": 0.16327743334485492, "lamda": 0.10281085335966722}, "datetime": {"datetime": "2021-09-23 12:17:11", "elapsed": 329.568773, "delta": 0.742801}}
{"target": 0.8792818585077555, "params": {"C": 75.1582059891285, "epsilon": 0.7673358335560438, "gamma": 0.019591015835023706, "lamda": 0.017013709855708634}, "datetime": {"datetime": "2021-09-23 12:17:11", "elapsed": 330.26982, "delta": 0.701047}}
{"target": 0.8933877027035066, "params": {"C": 54.08952441664917, "epsilon": 0.6118215865980625, "gamma": 0.039133006868172164, "lamda": 0.0033325626564473516}, "datetime": {"datetime": "2021-09-23 12:17:12", "elapsed": 330.956141, "delta": 0.686321}}
{"target": 0.8617967882465185, "params": {"C": 72.04350680169652, "epsilon": 0.09598816439955357, "gamma": 0.18250747154582614, "lamda": 0.19042111305207898}, "datetime": {"datetime": "2021-09-23 12:17:13", "elapsed": 331.681064, "delta": 0.724923}}
{"target": 0.8592468737213881, "params": {"C": 53.449747969586475, "epsilon": 0.43780315934893943, "gamma": 0.18681869957588398, "lamda": 0.35107650505534155}, "datetime": {"datetime": "2021-09-23 12:17:14", "elapsed": 332.885651, "delta": 1.204587}}
{"target": -2.227562160603921, "params": {"C": 59.7963977080158, "epsilon": 0.09512356121267772, "gamma": 0.06550462087768041, "lamda": 0.3468998615333571}, "datetime": {"datetime": "2021-09-23 12:17:23", "elapsed": 341.96488, "delta": 9.079229}}
{"target": 0.8742828584113713, "params": {"C": 53.90205282497958, "epsilon": 0.38103268466504336, "gamma": 0.14915065287603638, "lamda": 0.23553136650081274}, "datetime": {"datetime": "2021-09-23 12:17:24", "elapsed": 342.894876, "delta": 0.929996}}
{"target": 0.892023857041439, "params": {"C": 53.60856125037669, "epsilon": 0.6301083605955807, "gamma": 0.1040121757745536, "lamda": 0.0509112435538892}, "datetime": {"datetime": "2021-09-23 12:17:25", "elapsed": 344.214914, "delta": 1.320038}}
{"target": 0.9095711376971726, "params": {"C": 75.32696960404496, "epsilon": 0.3765392840650714, "gamma": 0.05980487000942395, "lamda": 0.011332799737048104}, "datetime": {"datetime": "2021-09-23 12:17:26", "elapsed": 345.297876, "delta": 1.082962}}
{"target": -2.9377725261166647, "params": {"C": 52.93513803308837, "epsilon": 0.9226663161598764, "gamma": 0.018822378813107124, "lamda": 0.20008932591065806}, "datetime": {"datetime": "2021-09-23 12:17:35", "elapsed": 353.711506, "delta": 8.41363}}
{"target": 0.8878849988112605, "params": {"C": 53.02703159196221, "epsilon": 0.44730759703475526, "gamma": 0.1150617385010659, "lamda": 0.37754576514738175}, "datetime": {"datetime": "2021-09-23 12:17:35", "elapsed": 354.406848, "delta": 0.695342}}
{"target": -3.2693594806062753, "params": {"C": 54.248824968210265, "epsilon": 0.5721565201645327, "gamma": 0.03502009711355204, "lamda": 0.39617737283278964}, "datetime": {"datetime": "2021-09-23 12:17:45", "elapsed": 364.04281, "delta": 9.635962}}
{"target": 0.8579569052847099, "params": {"C": 53.977899358377016, "epsilon": 0.22540195693871984, "gamma": 0.1898892161865863, "lamda": 0.004265235071658921}, "datetime": {"datetime": "2021-09-23 12:17:46", "elapsed": 365.082811, "delta": 1.040001}}
{"target": 0.8663626443444945, "params": {"C": 53.270697890923856, "epsilon": 0.2642186155938743, "gamma": 0.011842407733001053, "lamda": 0.22160059718238975}, "datetime": {"datetime": "2021-09-23 12:17:47", "elapsed": 366.269645, "delta": 1.186834}}
{"target": -2.918183553377707, "params": {"C": 69.5324790203386, "epsilon": 0.21725649224079924, "gamma": 0.0495656131199185, "lamda": 0.10242331726094876}, "datetime": {"datetime": "2021-09-23 12:17:57", "elapsed": 375.881642, "delta": 9.611997}}
{"target": 0.8968785299342138, "params": {"C": 64.5935034850039, "epsilon": 0.5858451244626561, "gamma": 0.03818144686276677, "lamda": 0.0036637714767883277}, "datetime": {"datetime": "2021-09-23 12:17:58", "elapsed": 376.919607, "delta": 1.037965}}
{"target": 0.896426867826621, "params": {"C": 63.69074386170265, "epsilon": 0.38288822193750266, "gamma": 0.038122788326759145, "lamda": 0.06375848691464266}, "datetime": {"datetime": "2021-09-23 12:17:59", "elapsed": 377.994873, "delta": 1.075266}}
{"target": 0.8822417799191583, "params": {"C": 53.943842459564735, "epsilon": 0.45936605481940357, "gamma": 0.12936682098016758, "lamda": 0.46814049880309927}, "datetime": {"datetime": "2021-09-23 12:18:00", "elapsed": 378.778871, "delta": 0.783998}}
{"target": 0.8584273735296701, "params": {"C": 50.015441006185924, "epsilon": 0.5313265712549076, "gamma": 0.18768702092043896, "lamda": 0.32743869035201895}, "datetime": {"datetime": "2021-09-23 12:18:01", "elapsed": 379.553874, "delta": 0.775003}}
{"target": 0.8806452019387968, "params": {"C": 65.98188351546152, "epsilon": 0.8416559602658404, "gamma": 0.13732782548019004, "lamda": 0.005822560420499341}, "datetime": {"datetime": "2021-09-23 12:18:01", "elapsed": 380.34687, "delta": 0.792996}}
{"target": 0.8720009478845978, "params": {"C": 69.41808265307222, "epsilon": 0.7400555243880738, "gamma": 0.16044590969261127, "lamda": 0.4309640437975734}, "datetime": {"datetime": "2021-09-23 12:18:02", "elapsed": 381.168009, "delta": 0.821139}}
{"target": 0.8895788492097113, "params": {"C": 63.18842443468407, "epsilon": 0.6601172921921175, "gamma": 0.11349761720087714, "lamda": 0.02513241359213129}, "datetime": {"datetime": "2021-09-23 12:18:03", "elapsed": 382.080001, "delta": 0.911992}}
{"target": 0.8949400845227996, "params": {"C": 55.1945546219333, "epsilon": 0.5005867364546638, "gamma": 0.0978002993787802, "lamda": 0.08529627288528328}, "datetime": {"datetime": "2021-09-23 12:18:04", "elapsed": 383.276999, "delta": 1.196998}}
{"target": 0.901906836873416, "params": {"C": 60.411756528314086, "epsilon": 0.5755927434260253, "gamma": 0.08186709922298767, "lamda": 0.3316910005500254}, "datetime": {"datetime": "2021-09-23 12:18:05", "elapsed": 384.001236, "delta": 0.724237}}
{"target": 0.8604833001208945, "params": {"C": 50.09751488343545, "epsilon": 0.060112218978555905, "gamma": 0.18274363772099617, "lamda": 0.14064173468634292}, "datetime": {"datetime": "2021-09-23 12:18:06", "elapsed": 384.724177, "delta": 0.722941}}
{"target": 0.8963283108533956, "params": {"C": 70.88316693929357, "epsilon": 0.9232050604601711, "gamma": 0.09663901612276266, "lamda": 0.4394400547765577}, "datetime": {"datetime": "2021-09-23 12:18:07", "elapsed": 385.497281, "delta": 0.773104}}
{"target": -3.3758291988292015, "params": {"C": 69.53188636565217, "epsilon": 0.2729324337823182, "gamma": 0.042012703084165874, "lamda": 0.15529046590218143}, "datetime": {"datetime": "2021-09-23 12:18:16", "elapsed": 394.974143, "delta": 9.476862}}
{"target": 0.9022583241678632, "params": {"C": 74.80703369845853, "epsilon": 0.37869507180151, "gamma": 0.08456702962575538, "lamda": 0.35972403228991934}, "datetime": {"datetime": "2021-09-23 12:18:17", "elapsed": 395.806178, "delta": 0.832035}}
{"target": 0.8548309471942835, "params": {"C": 50.14900451845404, "epsilon": 0.06282041773516592, "gamma": 0.1961100363502389, "lamda": 0.1604089764050258}, "datetime": {"datetime": "2021-09-23 12:18:18", "elapsed": 396.754138, "delta": 0.94796}}
{"target": 0.8809991047812825, "params": {"C": 63.97901708717191, "epsilon": 0.7007413191493412, "gamma": 0.1360660511437705, "lamda": 0.2807069519678968}, "datetime": {"datetime": "2021-09-23 12:18:19", "elapsed": 397.536178, "delta": 0.78204}}
{"target": -2.5332356293197114, "params": {"C": 58.85050643466785, "epsilon": 0.21931641829105641, "gamma": 0.05352972714008421, "lamda": 0.22264689884774846}, "datetime": {"datetime": "2021-09-23 12:18:28", "elapsed": 407.033182, "delta": 9.497004}}
{"target": 0.8928394131030412, "params": {"C": 63.64458084027444, "epsilon": 0.34627551543828594, "gamma": 0.035277241428453995, "lamda": 0.0672296531514614}, "datetime": {"datetime": "2021-09-23 12:18:29", "elapsed": 408.05614, "delta": 1.022958}}
{"target": -1.725599823410647, "params": {"C": 66.73004091477259, "epsilon": 0.809986001002584, "gamma": 0.07162575870496558, "lamda": 0.37359588274390276}, "datetime": {"datetime": "2021-09-23 12:18:39", "elapsed": 417.510138, "delta": 9.453998}}
{"target": 0.8823178859584395, "params": {"C": 64.56849857423627, "epsilon": 0.5763256817131663, "gamma": 0.0236033737840443, "lamda": 0.04529441747928613}, "datetime": {"datetime": "2021-09-23 12:18:39", "elapsed": 418.461172, "delta": 0.951034}}
{"target": 0.9004578398881004, "params": {"C": 69.07317496181824, "epsilon": 0.2455064517651762, "gamma": 0.08783378819054422, "lamda": 0.11765981412591577}, "datetime": {"datetime": "2021-09-23 12:18:40", "elapsed": 419.229928, "delta": 0.768756}}
{"target": 0.907011089283462, "params": {"C": 64.59948019708756, "epsilon": 0.6209503626190093, "gamma": 0.06652836280094697, "lamda": 0.028020565868737024}, "datetime": {"datetime": "2021-09-23 12:18:41", "elapsed": 420.351183, "delta": 1.121255}}
{"target": -2.6077036553913358, "params": {"C": 71.28825572746355, "epsilon": 0.6871796565962828, "gamma": 0.045960905797941175, "lamda": 0.2724286374248503}, "datetime": {"datetime": "2021-09-23 12:18:51", "elapsed": 429.896223, "delta": 9.54504}}
{"target": 0.8701537401821211, "params": {"C": 63.67852583927706, "epsilon": 0.34971362399813916, "gamma": 0.012907121316917066, "lamda": 0.03195668912566152}, "datetime": {"datetime": "2021-09-23 12:18:52", "elapsed": 431.295979, "delta": 1.399756}}
{"target": -2.1712013105246966, "params": {"C": 74.90785658725648, "epsilon": 0.4257029408312759, "gamma": 0.0620244843569004, "lamda": 0.49848295932268366}, "datetime": {"datetime": "2021-09-23 12:19:02", "elapsed": 440.516653, "delta": 9.220674}}
{"target": 0.9036076185590904, "params": {"C": 70.33688518205449, "epsilon": 0.03824161658772463, "gamma": 0.08001579889375796, "lamda": 0.04588810024921404}, "datetime": {"datetime": "2021-09-23 12:19:03", "elapsed": 441.671707, "delta": 1.155054}}
{"target": 0.892506054231584, "params": {"C": 72.52917798390561, "epsilon": 0.5545836867637219, "gamma": 0.10773965907126827, "lamda": 0.014379964047736404}, "datetime": {"datetime": "2021-09-23 12:19:04", "elapsed": 442.509706, "delta": 0.837999}}
{"target": 0.9010575705010737, "params": {"C": 69.54471655996964, "epsilon": 0.2672617947155617, "gamma": 0.08657187959970407, "lamda": 0.062261138147399725}, "datetime": {"datetime": "2021-09-23 12:19:05", "elapsed": 443.723708, "delta": 1.214002}}
{"target": 0.8943520431249966, "params": {"C": 69.47616940110821, "epsilon": 0.2666733364710434, "gamma": 0.1022695076023835, "lamda": 0.12104359412418557}, "datetime": {"datetime": "2021-09-23 12:19:06", "elapsed": 444.91371, "delta": 1.190002}}
{"target": 0.8995328639575398, "params": {"C": 64.54659845072085, "epsilon": 0.6218731188162303, "gamma": 0.040710610873182076, "lamda": 0.01585359506242576}, "datetime": {"datetime": "2021-09-23 12:19:07", "elapsed": 446.274704, "delta": 1.360994}}
{"target": 0.9021399572173529, "params": {"C": 64.54224514490681, "epsilon": 0.5977276157659848, "gamma": 0.08215396978914541, "lamda": 0.028201195676139795}, "datetime": {"datetime": "2021-09-23 12:19:08", "elapsed": 447.438531, "delta": 1.163827}}
{"target": 0.8588294586047309, "params": {"C": 70.60652537907734, "epsilon": 0.913410401200555, "gamma": 0.18793235749489456, "lamda": 0.17193473284395053}, "datetime": {"datetime": "2021-09-23 12:19:09", "elapsed": 448.269532, "delta": 0.831001}}
{"target": -1.863548876886473, "params": {"C": 54.61433171954201, "epsilon": 0.6248320980876969, "gamma": 0.05840551943729457, "lamda": 0.22164586511847265}, "datetime": {"datetime": "2021-09-23 12:19:19", "elapsed": 458.12365, "delta": 9.854118}}
{"target": 0.9062589396150209, "params": {"C": 63.6565841973607, "epsilon": 0.3720004825239581, "gamma": 0.06879815714049246, "lamda": 0.020331084277952216}, "datetime": {"datetime": "2021-09-23 12:19:20", "elapsed": 459.34028, "delta": 1.21663}}
{"target": 0.892987050550515, "params": {"C": 54.8325301928597, "epsilon": 0.5469125408078644, "gamma": 0.03847593309639332, "lamda": 0.0632883323771111}, "datetime": {"datetime": "2021-09-23 12:19:22", "elapsed": 460.634875, "delta": 1.294595}}
{"target": 0.8925972163734661, "params": {"C": 51.70847316047567, "epsilon": 0.09684862886661154, "gamma": 0.10220893635547527, "lamda": 0.03750411030709556}, "datetime": {"datetime": "2021-09-23 12:19:23", "elapsed": 462.046396, "delta": 1.411521}}
{"target": 0.9010698082327837, "params": {"C": 51.61732639080994, "epsilon": 0.05868248429034153, "gamma": 0.08171670515694358, "lamda": 0.0019145805804570669}, "datetime": {"datetime": "2021-09-23 12:19:24", "elapsed": 463.243581, "delta": 1.197185}}
{"target": 0.9068757917481494, "params": {"C": 55.12619878064282, "epsilon": 0.5000464588150002, "gamma": 0.05922712864581724, "lamda": 0.10047178865664111}, "datetime": {"datetime": "2021-09-23 12:19:25", "elapsed": 464.381057, "delta": 1.137476}}
{"target": 0.895894566332744, "params": {"C": 69.83309016637459, "epsilon": 0.06210937207948398, "gamma": 0.0975289838280749, "lamda": 0.38048700558794013}, "datetime": {"datetime": "2021-09-23 12:19:26", "elapsed": 465.300648, "delta": 0.919591}}
{"target": -2.98427791275305, "params": {"C": 69.50197392723265, "epsilon": 0.30380510170024294, "gamma": 0.04087714640199905, "lamda": 0.04700530834892811}, "datetime": {"datetime": "2021-09-23 12:19:36", "elapsed": 475.351217, "delta": 10.050569}}
{"target": 0.8857944694800901, "params": {"C": 63.01026122468683, "epsilon": 0.9638766794351867, "gamma": 0.12390838467633175, "lamda": 0.25846001499003685}, "datetime": {"datetime": "2021-09-23 12:19:37", "elapsed": 476.19548, "delta": 0.844263}}
{"target": 0.8778945984138216, "params": {"C": 53.17561016286215, "epsilon": 0.44980519629008886, "gamma": 0.1402591806633056, "lamda": 0.00885318361070268}, "datetime": {"datetime": "2021-09-23 12:19:38", "elapsed": 476.975481, "delta": 0.780001}}
{"target": 0.8869869453622643, "params": {"C": 69.5085452070529, "epsilon": 0.26497064048253305, "gamma": 0.12212575843504708, "lamda": 0.10353291466821866}, "datetime": {"datetime": "2021-09-23 12:19:39", "elapsed": 478.281707, "delta": 1.306226}}
{"target": 0.9053981237030999, "params": {"C": 64.54716544446681, "epsilon": 0.6598375985596403, "gamma": 0.07192815773202432, "lamda": 0.07699461470353938}, "datetime": {"datetime": "2021-09-23 12:19:41", "elapsed": 479.594638, "delta": 1.312931}}
{"target": -2.6631306521394884, "params": {"C": 73.6050857901129, "epsilon": 0.49810270645985943, "gamma": 0.050379929131076674, "lamda": 0.16204967159821299}, "datetime": {"datetime": "2021-09-23 12:19:50", "elapsed": 488.657545, "delta": 9.062907}}
{"target": 0.9070203520155681, "params": {"C": 63.72463192972352, "epsilon": 0.356521965165738, "gamma": 0.06647661776381623, "lamda": 0.011368650954619898}, "datetime": {"datetime": "2021-09-23 12:19:51", "elapsed": 490.073668, "delta": 1.416123}}
{"target": 0.9061660725789108, "params": {"C": 55.106881947837664, "epsilon": 0.4925966999578738, "gamma": 0.054968909336380704, "lamda": 0.09194958583883593}, "datetime": {"datetime": "2021-09-23 12:19:52", "elapsed": 490.994451, "delta": 0.920783}}
{"target": 0.9000817243579857, "params": {"C": 51.689687302403115, "epsilon": 0.024319167840226308, "gamma": 0.08475910410281727, "lamda": 0.029974785382182574}, "datetime": {"datetime": "2021-09-23 12:19:53", "elapsed": 492.272049, "delta": 1.277598}}
{"target": 0.9061647150870863, "params": {"C": 51.658497518811934, "epsilon": 0.11052565300557661, "gamma": 0.05910146795082802, "lamda": 0.032502291385283696}, "datetime": {"datetime": "2021-09-23 12:19:55", "elapsed": 493.655918, "delta": 1.383869}}
{"target": 0.9027453940477298, "params": {"C": 68.34188570715924, "epsilon": 0.35382027390878074, "gamma": 0.0816184515991247, "lamda": 0.20741200252162728}, "datetime": {"datetime": "2021-09-23 12:19:56", "elapsed": 494.542918, "delta": 0.887}}
{"target": 0.8701463303125181, "params": {"C": 64.58621488596094, "epsilon": 0.6425066716548727, "gamma": 0.0128232143228685, "lamda": 0.0740419389290827}, "datetime": {"datetime": "2021-09-23 12:19:58", "elapsed": 496.597884, "delta": 2.054966}}
{"target": 0.8902667393951209, "params": {"C": 68.05168657716942, "epsilon": 0.5403660343792431, "gamma": 0.11251362748085605, "lamda": 0.09402422803932461}, "datetime": {"datetime": "2021-09-23 12:19:59", "elapsed": 498.174788, "delta": 1.576904}}
{"target": 0.8868162661986847, "params": {"C": 51.62730527721074, "epsilon": 0.10161411002945338, "gamma": 0.11757597169248726, "lamda": 0.05711517328244273}, "datetime": {"datetime": "2021-09-23 12:20:01", "elapsed": 499.895594, "delta": 1.720806}}
{"target": 0.9065688020914978, "params": {"C": 68.08191237711615, "epsilon": 0.5790383410983979, "gamma": 0.0689706811669676, "lamda": 0.14935550035680747}, "datetime": {"datetime": "2021-09-23 12:20:03", "elapsed": 501.904805, "delta": 2.009211}}
{"target": 0.8621494967620468, "params": {"C": 64.25219636484375, "epsilon": 0.45764810808839834, "gamma": 0.1824137743951387, "lamda": 0.3469147616113947}, "datetime": {"datetime": "2021-09-23 12:20:04", "elapsed": 502.830801, "delta": 0.925996}}
{"target": -3.0097679937202226, "params": {"C": 68.04382629802834, "epsilon": 0.5126916125687357, "gamma": 0.030887042449333442, "lamda": 0.11361688839270066}, "datetime": {"datetime": "2021-09-23 12:20:15", "elapsed": 513.979081, "delta": 11.14828}}
{"target": 0.9065808826288584, "params": {"C": 55.14508880515269, "epsilon": 0.5551537592052603, "gamma": 0.06409485881981578, "lamda": 0.04528777877618943}, "datetime": {"datetime": "2021-09-23 12:20:17", "elapsed": 515.639605, "delta": 1.660524}}
{"target": 0.9059360526796053, "params": {"C": 51.61712831365496, "epsilon": 0.05550612450571494, "gamma": 0.0645133969712168, "lamda": 0.06934826146595668}, "datetime": {"datetime": "2021-09-23 12:20:18", "elapsed": 517.216623, "delta": 1.577018}}
