{"target": -2.996351208699989, "params": {"C": 120.12403693030194, "epsilon": 0.6373398511551753, "gamma": 0.03980014118403203, "lamda": 0.06999247468533185}, "datetime": {"datetime": "2021-09-23 14:32:30", "elapsed": 885.493335, "delta": 10.395286}}
{"target": -2.0672921507969013, "params": {"C": 184.0911495538469, "epsilon": 0.9957635182786003, "gamma": 0.06766333888710835, "lamda": 0.6845425816255063}, "datetime": {"datetime": "2021-09-23 14:32:40", "elapsed": 895.827547, "delta": 10.334212}}
{"target": 0.917633389000183, "params": {"C": 198.48651374452007, "epsilon": 0.4898484501783514, "gamma": 0.05660256389991038, "lamda": 0.030344711425719508}, "datetime": {"datetime": "2021-09-23 14:32:41", "elapsed": 896.620551, "delta": 0.793004}}
{"target": -3.439284665963851, "params": {"C": 184.74282618395574, "epsilon": 0.26500383043275116, "gamma": 0.04449413981215159, "lamda": 0.7919409713258728}, "datetime": {"datetime": "2021-09-23 14:32:52", "elapsed": 907.208552, "delta": 10.588001}}
{"target": -2.61712320618387, "params": {"C": 128.89394909430993, "epsilon": 0.1767380708937792, "gamma": 0.055888375175650415, "lamda": 0.4619221598112623}, "datetime": {"datetime": "2021-09-23 14:33:02", "elapsed": 917.57055, "delta": 10.361998}}
{"target": 0.908958839365047, "params": {"C": 141.9013296993539, "epsilon": 0.855195488782119, "gamma": 0.036235444966628845, "lamda": 0.004784208398825554}, "datetime": {"datetime": "2021-09-23 14:33:03", "elapsed": 918.383552, "delta": 0.813002}}
{"target": -3.1936995238357992, "params": {"C": 141.9124134950474, "epsilon": 0.887256655080042, "gamma": 0.036923788544197964, "lamda": 0.08370932226716446}, "datetime": {"datetime": "2021-09-23 14:33:13", "elapsed": 928.868548, "delta": 10.484996}}
{"target": -2.126786231599085, "params": {"C": 139.890829559909, "epsilon": 0.6901423140387962, "gamma": 0.06256102941462473, "lamda": 0.38338170554159984}, "datetime": {"datetime": "2021-09-23 14:33:24", "elapsed": 939.210073, "delta": 10.341525}}
{"target": -2.774782800683405, "params": {"C": 167.6288246068214, "epsilon": 0.5521781776412087, "gamma": 0.05249985692916523, "lamda": 0.37191597977462076}, "datetime": {"datetime": "2021-09-23 14:33:34", "elapsed": 949.749076, "delta": 10.539003}}
{"target": -3.526717996748891, "params": {"C": 198.55050898149557, "epsilon": 0.5052044649673627, "gamma": 0.03612165809924601, "lamda": 0.04719466948336858}, "datetime": {"datetime": "2021-09-23 14:33:45", "elapsed": 960.117077, "delta": 10.368001}}
{"target": 0.9162510993829427, "params": {"C": 198.37585530596576, "epsilon": 0.2562482196242241, "gamma": 0.05965487728513424, "lamda": 0.05765989610004795}, "datetime": {"datetime": "2021-09-23 14:33:46", "elapsed": 961.044074, "delta": 0.926997}}
{"target": -3.179650430317438, "params": {"C": 183.0371626667252, "epsilon": 0.6936289709355402, "gamma": 0.031185291033937832, "lamda": 0.13634035917389312}, "datetime": {"datetime": "2021-09-23 14:33:56", "elapsed": 971.531591, "delta": 10.487517}}
{"target": -2.915108831571463, "params": {"C": 173.7432238322832, "epsilon": 0.16500722555890718, "gamma": 0.0520494383833619, "lamda": 0.6365140354237981}, "datetime": {"datetime": "2021-09-23 14:34:07", "elapsed": 982.018592, "delta": 10.487001}}
{"target": -3.4017181687654023, "params": {"C": 171.2297551303316, "epsilon": 0.40423707048459045, "gamma": 0.04228768991726384, "lamda": 0.378472973931633}, "datetime": {"datetime": "2021-09-23 14:34:19", "elapsed": 994.77812, "delta": 12.759528}}
{"target": 0.9023129978590715, "params": {"C": 120.23138529284725, "epsilon": 0.7451517191957121, "gamma": 0.03271349684460028, "lamda": 0.02732908243783944}, "datetime": {"datetime": "2021-09-23 14:34:21", "elapsed": 995.957768, "delta": 1.179648}}
{"target": 0.910709131016916, "params": {"C": 198.84428569808256, "epsilon": 0.5979016121840096, "gamma": 0.06896132789672943, "lamda": 0.0281544892662253}, "datetime": {"datetime": "2021-09-23 14:34:22", "elapsed": 997.611654, "delta": 1.653886}}
{"target": 0.9182853438400437, "params": {"C": 198.61486517996303, "epsilon": 0.10046491841530131, "gamma": 0.0532903034418404, "lamda": 0.03415176334212177}, "datetime": {"datetime": "2021-09-23 14:34:23", "elapsed": 998.783643, "delta": 1.171989}}
{"target": -3.2462457644800313, "params": {"C": 120.24450763054007, "epsilon": 0.7272765532680853, "gamma": 0.04493013213804059, "lamda": 0.0897945106499688}, "datetime": {"datetime": "2021-09-23 14:34:34", "elapsed": 1009.325414, "delta": 10.541771}}
{"target": -2.6267962981564277, "params": {"C": 167.65243421130188, "epsilon": 0.5525539620617804, "gamma": 0.050698247386138665, "lamda": 0.04603421755149942}, "datetime": {"datetime": "2021-09-23 14:34:44", "elapsed": 1019.716814, "delta": 10.3914}}
{"target": 0.9137410133407128, "params": {"C": 120.05990443720405, "epsilon": 0.6998689822377343, "gamma": 0.05658165547590602, "lamda": 0.0409005114278009}, "datetime": {"datetime": "2021-09-23 14:34:45", "elapsed": 1020.657814, "delta": 0.941}}
{"target": -2.208830560523643, "params": {"C": 199.97583524348204, "epsilon": 0.9425669371278065, "gamma": 0.05779724944934341, "lamda": 0.2142444028289853}, "datetime": {"datetime": "2021-09-23 14:34:56", "elapsed": 1031.125762, "delta": 10.467948}}
{"target": -2.5609665007528792, "params": {"C": 151.12417297697675, "epsilon": 0.971249002896569, "gamma": 0.05449837499774769, "lamda": 0.3944433605941675}, "datetime": {"datetime": "2021-09-23 14:35:06", "elapsed": 1041.805585, "delta": 10.679823}}
{"target": -2.14342357280053, "params": {"C": 148.4356284215679, "epsilon": 0.19689154822959498, "gamma": 0.05949262708798407, "lamda": 0.2974040634006988}, "datetime": {"datetime": "2021-09-23 14:35:18", "elapsed": 1053.157852, "delta": 11.352267}}
{"target": 0.9160830996969404, "params": {"C": 142.95019233933783, "epsilon": 0.47165985325257953, "gamma": 0.05569195528803385, "lamda": 0.01698036569822652}, "datetime": {"datetime": "2021-09-23 14:35:19", "elapsed": 1054.097313, "delta": 0.939461}}
{"target": 0.9134700321857947, "params": {"C": 120.06051810433411, "epsilon": 0.7592706246103942, "gamma": 0.060192969487404616, "lamda": 0.0318402613482613}, "datetime": {"datetime": "2021-09-23 14:35:20", "elapsed": 1055.058313, "delta": 0.961}}
{"target": -3.01391930361458, "params": {"C": 198.6696409003448, "epsilon": 0.06684013141344433, "gamma": 0.04290872527356284, "lamda": 0.053324231621842945}, "datetime": {"datetime": "2021-09-23 14:35:30", "elapsed": 1065.746073, "delta": 10.68776}}
{"target": -3.2630113206421845, "params": {"C": 156.98589523306885, "epsilon": 0.8809083865986673, "gamma": 0.047243105246822945, "lamda": 0.3648312928752627}, "datetime": {"datetime": "2021-09-23 14:35:46", "elapsed": 1081.481627, "delta": 15.735554}}
{"target": -2.462500751925168, "params": {"C": 143.44486444395602, "epsilon": 0.6757121722550027, "gamma": 0.05772669804393907, "lamda": 0.6126923278628185}, "datetime": {"datetime": "2021-09-23 14:35:57", "elapsed": 1092.169264, "delta": 10.687637}}
{"target": -3.507695453553123, "params": {"C": 188.40591266490588, "epsilon": 0.46063180858821273, "gamma": 0.034386786083727514, "lamda": 0.7449898363587295}, "datetime": {"datetime": "2021-09-23 14:36:07", "elapsed": 1102.596322, "delta": 10.427058}}
{"target": -2.405315348294858, "params": {"C": 134.69512229175444, "epsilon": 0.6605306013945778, "gamma": 0.06001382788620281, "lamda": 0.6030922061825831}, "datetime": {"datetime": "2021-09-23 14:36:18", "elapsed": 1113.458269, "delta": 10.861947}}
{"target": -3.1319542984366153, "params": {"C": 198.96379028799942, "epsilon": 0.33443324986997, "gamma": 0.037073152972138146, "lamda": 0.05575709770426818}, "datetime": {"datetime": "2021-09-23 14:36:28", "elapsed": 1123.791889, "delta": 10.33362}}
{"target": -3.3494692948609197, "params": {"C": 170.19403530458112, "epsilon": 0.38236093313029434, "gamma": 0.04089645254455891, "lamda": 0.4340125262421409}, "datetime": {"datetime": "2021-09-23 14:36:39", "elapsed": 1134.26612, "delta": 10.474231}}
{"target": -3.26790656590621, "params": {"C": 198.4286981515001, "epsilon": 0.252257549363214, "gamma": 0.03034098599155423, "lamda": 0.08877378330152313}, "datetime": {"datetime": "2021-09-23 14:36:50", "elapsed": 1144.92112, "delta": 10.655}}
{"target": -2.2088118851017153, "params": {"C": 151.1120365211761, "epsilon": 0.35375664281145736, "gamma": 0.0523295215773702, "lamda": 0.22032715751821821}, "datetime": {"datetime": "2021-09-23 14:37:00", "elapsed": 1155.388119, "delta": 10.466999}}
{"target": -3.342004992594161, "params": {"C": 185.50561093804495, "epsilon": 0.08146933408235144, "gamma": 0.037667444955157524, "lamda": 0.34686343339099274}, "datetime": {"datetime": "2021-09-23 14:37:10", "elapsed": 1165.82867, "delta": 10.440551}}
{"target": 0.9005187592276597, "params": {"C": 120.07784122128922, "epsilon": 0.5949470790168052, "gamma": 0.03138858610619838, "lamda": 0.039928264430337305}, "datetime": {"datetime": "2021-09-23 14:37:12", "elapsed": 1166.936813, "delta": 1.108143}}
{"target": 0.899027802167085, "params": {"C": 120.06825046375684, "epsilon": 0.6430590273265104, "gamma": 0.030425626508389987, "lamda": 0.047868270298161195}, "datetime": {"datetime": "2021-09-23 14:37:13", "elapsed": 1168.019668, "delta": 1.082855}}
{"target": -1.7561082114479412, "params": {"C": 198.86334617079507, "epsilon": 0.46678719498613663, "gamma": 0.06565989148845464, "lamda": 0.10547228961127383}, "datetime": {"datetime": "2021-09-23 14:37:23", "elapsed": 1178.820228, "delta": 10.80056}}
{"target": -3.070487104541967, "params": {"C": 138.68560465414672, "epsilon": 0.5028358864140671, "gamma": 0.04980336032786491, "lamda": 0.17794186637996037}, "datetime": {"datetime": "2021-09-23 14:37:34", "elapsed": 1189.858231, "delta": 11.038003}}
{"target": -2.790362312018857, "params": {"C": 171.66127606119431, "epsilon": 0.20257568898683426, "gamma": 0.0488671345059127, "lamda": 0.7434040911851026}, "datetime": {"datetime": "2021-09-23 14:37:46", "elapsed": 1201.091051, "delta": 11.23282}}
{"target": 0.9184693914284756, "params": {"C": 198.63763772917946, "epsilon": 0.4632022682584012, "gamma": 0.0495120945156851, "lamda": 0.011021597652827009}, "datetime": {"datetime": "2021-09-23 14:37:47", "elapsed": 1202.454956, "delta": 1.363905}}
{"target": 0.9164552420766784, "params": {"C": 198.39400158876316, "epsilon": 0.2467003589326655, "gamma": 0.05933056517201796, "lamda": 0.03759853935637215}, "datetime": {"datetime": "2021-09-23 14:37:49", "elapsed": 1204.428855, "delta": 1.973899}}
{"target": -2.3032318354685057, "params": {"C": 120.2700324141023, "epsilon": 0.15592210015702734, "gamma": 0.06098078320233004, "lamda": 0.36762478164282725}, "datetime": {"datetime": "2021-09-23 14:38:01", "elapsed": 1216.587247, "delta": 12.158392}}
{"target": 0.9136081247721982, "params": {"C": 120.185736109342, "epsilon": 0.7304224814668204, "gamma": 0.05181312264196618, "lamda": 0.009966853802701237}, "datetime": {"datetime": "2021-09-23 14:38:02", "elapsed": 1217.632903, "delta": 1.045656}}
{"target": -3.3072021050912355, "params": {"C": 198.35525209791712, "epsilon": 0.3678061096173666, "gamma": 0.048389091750377, "lamda": 0.007992882922858841}, "datetime": {"datetime": "2021-09-23 14:38:15", "elapsed": 1230.197113, "delta": 12.56421}}
{"target": -1.82103679585475, "params": {"C": 125.84235173585847, "epsilon": 0.9185566402768643, "gamma": 0.0662545173174289, "lamda": 0.260013435666106}, "datetime": {"datetime": "2021-09-23 14:38:25", "elapsed": 1240.698806, "delta": 10.501693}}
{"target": -3.394857627545999, "params": {"C": 159.50796885214555, "epsilon": 0.8060747237419577, "gamma": 0.030907042282954697, "lamda": 0.2029916952620245}, "datetime": {"datetime": "2021-09-23 14:38:38", "elapsed": 1252.933671, "delta": 12.234865}}
{"target": -4.271576667167369, "params": {"C": 130.95269533465958, "epsilon": 0.9473579679026384, "gamma": 0.030227290150040654, "lamda": 0.21554341830429016}, "datetime": {"datetime": "2021-09-23 14:38:49", "elapsed": 1264.491697, "delta": 11.558026}}
{"target": 0.918452098450408, "params": {"C": 198.3567201211049, "epsilon": 0.23867385765736077, "gamma": 0.05151688981301035, "lamda": 0.03333738750213044}, "datetime": {"datetime": "2021-09-23 14:38:51", "elapsed": 1265.981869, "delta": 1.490172}}
{"target": -2.657614379615342, "params": {"C": 182.5788729972386, "epsilon": 0.8849558734532224, "gamma": 0.052350822444207294, "lamda": 0.25916247014525967}, "datetime": {"datetime": "2021-09-23 14:39:03", "elapsed": 1278.077254, "delta": 12.095385}}
{"target": -2.675082911572615, "params": {"C": 169.08263631132235, "epsilon": 0.564707852842898, "gamma": 0.052023224642176055, "lamda": 0.09533543272996912}, "datetime": {"datetime": "2021-09-23 14:39:15", "elapsed": 1290.810922, "delta": 12.733668}}
{"target": -2.298959690318516, "params": {"C": 127.68066169279994, "epsilon": 0.9641680480974324, "gamma": 0.06039668218710095, "lamda": 0.7562022985224607}, "datetime": {"datetime": "2021-09-23 14:39:27", "elapsed": 1302.536558, "delta": 11.725636}}
{"target": -2.6936221689825466, "params": {"C": 142.2805709790708, "epsilon": 0.966626751846414, "gamma": 0.050726683054622565, "lamda": 0.13765240123387135}, "datetime": {"datetime": "2021-09-23 14:39:38", "elapsed": 1313.092667, "delta": 10.556109}}
{"target": -2.463913793458936, "params": {"C": 131.52199602600362, "epsilon": 0.6157605878707288, "gamma": 0.06121159144808333, "lamda": 0.6747747565787746}, "datetime": {"datetime": "2021-09-23 14:39:49", "elapsed": 1324.037332, "delta": 10.944665}}
{"target": -2.4093051170810704, "params": {"C": 120.15088797403861, "epsilon": 0.69038702052817, "gamma": 0.04772450991341208, "lamda": 0.04415658017978411}, "datetime": {"datetime": "2021-09-23 14:40:00", "elapsed": 1334.977442, "delta": 10.94011}}
{"target": 0.9160869087587915, "params": {"C": 142.94125961126915, "epsilon": 0.5225156258228767, "gamma": 0.0559401532919838, "lamda": 0.04718650653001019}, "datetime": {"datetime": "2021-09-23 14:40:01", "elapsed": 1336.321731, "delta": 1.344289}}
{"target": 0.9142589978743852, "params": {"C": 138.63822787509486, "epsilon": 0.510636109319262, "gamma": 0.06352196776382742, "lamda": 0.06775018917134162}, "datetime": {"datetime": "2021-09-23 14:40:02", "elapsed": 1337.337484, "delta": 1.015753}}
{"target": -2.777412133992056, "params": {"C": 198.33551250666162, "epsilon": 0.11376778221449468, "gamma": 0.04566137663148901, "lamda": 0.04831791415436319}, "datetime": {"datetime": "2021-09-23 14:40:13", "elapsed": 1348.290547, "delta": 10.953063}}
{"target": 0.9117651147225202, "params": {"C": 140.68113487249627, "epsilon": 0.12619233826282972, "gamma": 0.06945562977188213, "lamda": 0.0741267423767999}, "datetime": {"datetime": "2021-09-23 14:40:14", "elapsed": 1349.240112, "delta": 0.949565}}
{"target": 0.9182970617685476, "params": {"C": 198.33775809837985, "epsilon": 0.43070083970760004, "gamma": 0.05250843891010396, "lamda": 0.012412677202277254}, "datetime": {"datetime": "2021-09-23 14:40:15", "elapsed": 1350.471112, "delta": 1.231}}
{"target": -2.7865597719180757, "params": {"C": 127.57491863804196, "epsilon": 0.40248385857431135, "gamma": 0.04732809375655861, "lamda": 0.7483876307619176}, "datetime": {"datetime": "2021-09-23 14:40:26", "elapsed": 1361.163663, "delta": 10.692551}}
{"target": -2.0726096088504162, "params": {"C": 153.78382156937352, "epsilon": 0.336253305992231, "gamma": 0.06403325762430019, "lamda": 0.44587870301843757}, "datetime": {"datetime": "2021-09-23 14:40:37", "elapsed": 1371.955808, "delta": 10.792145}}
{"target": -3.0720922708064125, "params": {"C": 130.24069989292536, "epsilon": 0.18605773705031953, "gamma": 0.03467145622877553, "lamda": 0.4662041343978264}, "datetime": {"datetime": "2021-09-23 14:40:47", "elapsed": 1382.692351, "delta": 10.736543}}
{"target": 0.9115737105384676, "params": {"C": 142.91419487590088, "epsilon": 0.47314535191627766, "gamma": 0.06968205707412889, "lamda": 0.058511596941431404}, "datetime": {"datetime": "2021-09-23 14:40:49", "elapsed": 1383.991134, "delta": 1.298783}}
{"target": 0.9141805765523872, "params": {"C": 140.700515271467, "epsilon": 0.15883894832413828, "gamma": 0.06415852291102231, "lamda": 0.07385777766460974}, "datetime": {"datetime": "2021-09-23 14:40:50", "elapsed": 1385.177839, "delta": 1.186705}}
{"target": 0.9132393165318646, "params": {"C": 142.98996378743067, "epsilon": 0.43325529964616327, "gamma": 0.06637144972240747, "lamda": 0.08710675055081409}, "datetime": {"datetime": "2021-09-23 14:40:51", "elapsed": 1386.388129, "delta": 1.21029}}
{"target": -2.4415827130322882, "params": {"C": 198.46963518132125, "epsilon": 0.39676515254824385, "gamma": 0.048534162918964945, "lamda": 0.0520897697156488}, "datetime": {"datetime": "2021-09-23 14:41:02", "elapsed": 1397.249439, "delta": 10.86131}}
{"target": -3.4232132400135935, "params": {"C": 198.36503172336398, "epsilon": 0.4048936173589789, "gamma": 0.03269290608421019, "lamda": 0.05422726151488689}, "datetime": {"datetime": "2021-09-23 14:41:13", "elapsed": 1408.59061, "delta": 11.341171}}
{"target": -2.2119865449860576, "params": {"C": 174.32853873367023, "epsilon": 0.2529214948327334, "gamma": 0.05714751070009524, "lamda": 0.7048622311833899}, "datetime": {"datetime": "2021-09-23 14:41:24", "elapsed": 1419.421137, "delta": 10.830527}}
{"target": -3.4904631737589398, "params": {"C": 172.00796419497493, "epsilon": 0.46455529064421314, "gamma": 0.038513752260211455, "lamda": 0.4292108539000577}, "datetime": {"datetime": "2021-09-23 14:41:31", "elapsed": 1426.249347, "delta": 6.82821}}
{"target": -2.7937415494760915, "params": {"C": 168.68811036532435, "epsilon": 0.38013344563618046, "gamma": 0.05779055681932248, "lamda": 0.774204832670739}, "datetime": {"datetime": "2021-09-23 14:41:42", "elapsed": 1437.318668, "delta": 11.069321}}
{"target": -3.2863294503135476, "params": {"C": 187.78214359672165, "epsilon": 0.8615378848847753, "gamma": 0.04011939725640886, "lamda": 0.6278751942314961}, "datetime": {"datetime": "2021-09-23 14:41:53", "elapsed": 1448.293638, "delta": 10.97497}}
{"target": -2.7132426116557933, "params": {"C": 138.66882175037918, "epsilon": 0.5485975182853122, "gamma": 0.04714287900529572, "lamda": 0.06755609231475466}, "datetime": {"datetime": "2021-09-23 14:42:04", "elapsed": 1459.140132, "delta": 10.846494}}
{"target": -3.1451404908530955, "params": {"C": 143.0082674919186, "epsilon": 0.5474195412129929, "gamma": 0.03132812928898238, "lamda": 0.059728614273193766}, "datetime": {"datetime": "2021-09-23 14:42:14", "elapsed": 1469.532474, "delta": 10.392342}}
{"target": 0.9128389065002565, "params": {"C": 131.2742856069543, "epsilon": 0.5972827682484027, "gamma": 0.06669827254550412, "lamda": 0.09564053091109556}, "datetime": {"datetime": "2021-09-23 14:42:15", "elapsed": 1470.513945, "delta": 0.981471}}
{"target": -3.606487779301901, "params": {"C": 191.891089958878, "epsilon": 0.626440764786246, "gamma": 0.03707478414061319, "lamda": 0.18624527752518702}, "datetime": {"datetime": "2021-09-23 14:42:22", "elapsed": 1477.644705, "delta": 7.13076}}
{"target": -3.2975900574068646, "params": {"C": 128.2571429410579, "epsilon": 0.16155908767173113, "gamma": 0.05556367493057378, "lamda": 0.296382142356985}, "datetime": {"datetime": "2021-09-23 14:42:33", "elapsed": 1488.643515, "delta": 10.99881}}
{"target": 0.9131748955695658, "params": {"C": 198.38077415492864, "epsilon": 0.14235360897487695, "gamma": 0.06495957549417145, "lamda": 0.01334358312338408}, "datetime": {"datetime": "2021-09-23 14:42:35", "elapsed": 1489.896207, "delta": 1.252692}}
{"target": -3.0767253873172598, "params": {"C": 131.27594180197286, "epsilon": 0.6231713588803564, "gamma": 0.03531685343668642, "lamda": 0.07529093452877139}, "datetime": {"datetime": "2021-09-23 14:42:45", "elapsed": 1500.604585, "delta": 10.708378}}
{"target": -3.284951505975717, "params": {"C": 142.87611785607734, "epsilon": 0.5160560935278877, "gamma": 0.039345780654983856, "lamda": 0.149923643147018}, "datetime": {"datetime": "2021-09-23 14:42:56", "elapsed": 1511.550996, "delta": 10.946411}}
{"target": -2.345280593521696, "params": {"C": 179.83111705841793, "epsilon": 0.13391903251932297, "gamma": 0.059101229585525106, "lamda": 0.26884459534120675}, "datetime": {"datetime": "2021-09-23 14:43:08", "elapsed": 1523.233499, "delta": 11.682503}}
{"target": 0.9135380385690203, "params": {"C": 120.01674768069275, "epsilon": 0.6300840484811123, "gamma": 0.06026916889471044, "lamda": 0.06540143813460886}, "datetime": {"datetime": "2021-09-23 14:43:09", "elapsed": 1524.697524, "delta": 1.464025}}
{"target": -3.043121359094953, "params": {"C": 138.27674085479384, "epsilon": 0.7745512615752671, "gamma": 0.04692639362539058, "lamda": 0.7794123934532446}, "datetime": {"datetime": "2021-09-23 14:43:21", "elapsed": 1536.597975, "delta": 11.900451}}
{"target": 0.9138378404953627, "params": {"C": 120.04687740500425, "epsilon": 0.5989427199841645, "gamma": 0.053730659974382894, "lamda": 0.04603825496946814}, "datetime": {"datetime": "2021-09-23 14:43:23", "elapsed": 1538.334812, "delta": 1.736837}}
{"target": 0.913810908799333, "params": {"C": 198.87665468731197, "epsilon": 0.4171674912705364, "gamma": 0.06407215971479935, "lamda": 0.06324574579222304}, "datetime": {"datetime": "2021-09-23 14:43:24", "elapsed": 1539.742502, "delta": 1.40769}}
{"target": -2.9450821212731073, "params": {"C": 140.6886252806762, "epsilon": 0.21705493978693685, "gamma": 0.04304475950912149, "lamda": 0.04449703029152104}, "datetime": {"datetime": "2021-09-23 14:43:36", "elapsed": 1551.575494, "delta": 11.832992}}
{"target": 0.9160690825422644, "params": {"C": 142.88796757301296, "epsilon": 0.46025470496804827, "gamma": 0.05435213773142221, "lamda": 0.028390967698029332}, "datetime": {"datetime": "2021-09-23 14:43:38", "elapsed": 1553.080007, "delta": 1.504513}}
