{"target": -3.415959303605381, "params": {"C": 437.7950037082926, "epsilon": 0.9626325595407519, "gamma": 0.03628039463136743, "lamda": 0.0016444657461746651}, "datetime": {"datetime": "2021-09-23 16:04:00", "elapsed": 1921.389214, "delta": 6.620115}}
{"target": -2.816158400098195, "params": {"C": 382.2240730423522, "epsilon": 0.35375664281145736, "gamma": 0.047911901971712745, "lamda": 0.04399288171109274}, "datetime": {"datetime": "2021-09-23 16:04:11", "elapsed": 1931.791191, "delta": 10.401977}}
{"target": -3.7200744857804375, "params": {"C": 451.0112218760899, "epsilon": 0.08146933408235144, "gamma": 0.02958430619394691, "lamda": 0.06931597371616989}, "datetime": {"datetime": "2021-09-23 16:04:22", "elapsed": 1942.589503, "delta": 10.798312}}
{"target": -2.09590631248658, "params": {"C": 453.0969074488095, "epsilon": 0.7855592459927436, "gamma": 0.05997631678608778, "lamda": 0.0519968430235971}, "datetime": {"datetime": "2021-09-23 16:04:32", "elapsed": 1953.166405, "delta": 10.576902}}
{"target": -2.8451376109835658, "params": {"C": 354.43189861711636, "epsilon": 0.4895329537884228, "gamma": 0.049206131784986964, "lamda": 0.12057836852912106}, "datetime": {"datetime": "2021-09-23 16:04:43", "elapsed": 1964.002834, "delta": 10.836429}}
{"target": -2.3136720704917364, "params": {"C": 353.94521179251365, "epsilon": 0.8346988883225519, "gamma": 0.06293397181562797, "lamda": 0.10835229847865215}, "datetime": {"datetime": "2021-09-23 16:04:54", "elapsed": 1974.503834, "delta": 10.501}}
{"target": -2.697319087830976, "params": {"C": 333.81405377592864, "epsilon": 0.27637236043132574, "gamma": 0.05135942067854954, "lamda": 0.07876153329977877}, "datetime": {"datetime": "2021-09-23 16:05:04", "elapsed": 1984.981642, "delta": 10.477808}}
{"target": -2.9584023037589886, "params": {"C": 423.32255212238863, "epsilon": 0.20257568898683426, "gamma": 0.043583918132390875, "lamda": 0.14867373489424018}, "datetime": {"datetime": "2021-09-23 16:05:15", "elapsed": 1996.058885, "delta": 11.077243}}
{"target": 0.9153905775438657, "params": {"C": 469.55670062767393, "epsilon": 0.8389465791758028, "gamma": 0.05216657199578628, "lamda": 0.004279838369303207}, "datetime": {"datetime": "2021-09-23 16:05:16", "elapsed": 1997.034231, "delta": 0.975346}}
{"target": 0.9093785806518886, "params": {"C": 445.73909406521955, "epsilon": 0.5261344160077733, "gamma": 0.02363341408722691, "lamda": 0.0036886446434742566}, "datetime": {"datetime": "2021-09-23 16:05:17", "elapsed": 1998.134202, "delta": 1.099971}}
{"target": -2.4323049312232894, "params": {"C": 320.5400648282046, "epsilon": 0.15592210015702734, "gamma": 0.05872597900291256, "lamda": 0.07347084178308896}, "datetime": {"datetime": "2021-09-23 16:05:27", "elapsed": 2008.089421, "delta": 9.955219}}
{"target": -3.7487410382226205, "params": {"C": 390.39744571380606, "epsilon": 0.5035685245719883, "gamma": 0.02163513523842816, "lamda": 0.04756291090783826}, "datetime": {"datetime": "2021-09-23 16:05:38", "elapsed": 2018.515654, "delta": 10.426233}}
{"target": -3.5456548083981394, "params": {"C": 463.25556169448964, "epsilon": 0.3969464489461249, "gamma": 0.03577771600505789, "lamda": 0.04267351136059524}, "datetime": {"datetime": "2021-09-23 16:05:48", "elapsed": 2029.144762, "delta": 10.629108}}
{"target": -2.0654943727123016, "params": {"C": 331.68470347171694, "epsilon": 0.9185566402768643, "gamma": 0.06531814664678613, "lamda": 0.05193510433418067}, "datetime": {"datetime": "2021-09-23 16:05:59", "elapsed": 2039.808425, "delta": 10.663663}}
{"target": -3.484023152181827, "params": {"C": 399.0159377042911, "epsilon": 0.8060747237419577, "gamma": 0.021133802853693373, "lamda": 0.040523619615015924}, "datetime": {"datetime": "2021-09-23 16:06:09", "elapsed": 2049.68427, "delta": 9.875845}}
{"target": -3.3845633325587006, "params": {"C": 341.90539066931916, "epsilon": 0.9473579679026384, "gamma": 0.02028411268755082, "lamda": 0.04303553515251064}, "datetime": {"datetime": "2021-09-23 16:06:19", "elapsed": 2059.782772, "delta": 10.098502}}
{"target": -3.460741015515598, "params": {"C": 401.831698956488, "epsilon": 0.31283959579637666, "gamma": 0.03585924210198829, "lamda": 0.06519484791138536}, "datetime": {"datetime": "2021-09-23 16:06:29", "elapsed": 2070.116245, "delta": 10.333473}}
{"target": -2.9502367642270757, "params": {"C": 445.1577459944772, "epsilon": 0.8849558734532224, "gamma": 0.04793852805525912, "lamda": 0.05176480472619152}, "datetime": {"datetime": "2021-09-23 16:06:40", "elapsed": 2080.586777, "delta": 10.470532}}
{"target": -2.7402946586351384, "params": {"C": 418.1652726226447, "epsilon": 0.564707852842898, "gamma": 0.047529030802720064, "lamda": 0.018978893233444386}, "datetime": {"datetime": "2021-09-23 16:06:50", "elapsed": 2090.641339, "delta": 10.054562}}
{"target": -2.353740664734333, "params": {"C": 335.3613233855999, "epsilon": 0.9641680480974324, "gamma": 0.05799585273387618, "lamda": 0.15123497813985165}, "datetime": {"datetime": "2021-09-23 16:07:00", "elapsed": 2100.959303, "delta": 10.317964}}
{"target": -2.98044407167425, "params": {"C": 364.5611419581416, "epsilon": 0.966626751846414, "gamma": 0.04590835381827821, "lamda": 0.02744758317558952}, "datetime": {"datetime": "2021-09-23 16:07:11", "elapsed": 2111.518339, "delta": 10.559036}}
{"target": -2.347626639422156, "params": {"C": 343.04399205200724, "epsilon": 0.6157605878707288, "gamma": 0.059014489310104154, "lamda": 0.1349392785693943}, "datetime": {"datetime": "2021-09-23 16:07:20", "elapsed": 2121.439301, "delta": 9.920962}}
{"target": -1.936139765966776, "params": {"C": 475.8429172270058, "epsilon": 0.7073445864410489, "gamma": 0.06981943099283629, "lamda": 0.04214803374108587}, "datetime": {"datetime": "2021-09-23 16:07:31", "elapsed": 2132.092532, "delta": 10.653231}}
{"target": -3.315618904931667, "params": {"C": 458.33188450730165, "epsilon": 0.6089696284494496, "gamma": 0.047918883739080834, "lamda": 0.1500029411908355}, "datetime": {"datetime": "2021-09-23 16:07:42", "elapsed": 2143.279204, "delta": 11.186672}}
{"target": -2.663721392328613, "params": {"C": 402.75115079852253, "epsilon": 0.3733615394083476, "gamma": 0.06305037697147968, "lamda": 0.151317462054229}, "datetime": {"datetime": "2021-09-23 16:07:53", "elapsed": 2153.814012, "delta": 10.534808}}
{"target": -2.5138041638935813, "params": {"C": 430.69726850658583, "epsilon": 0.6759355227824703, "gamma": 0.053886152221053835, "lamda": 0.07677792365007674}, "datetime": {"datetime": "2021-09-23 16:08:03", "elapsed": 2164.456327, "delta": 10.642315}}
{"target": 0.9113923018694776, "params": {"C": 361.36226974499255, "epsilon": 0.12619233826282972, "gamma": 0.06931953721485266, "lamda": 0.01473450075851102}, "datetime": {"datetime": "2021-09-23 16:08:04", "elapsed": 2165.405279, "delta": 0.948952}}
{"target": -2.5932897251918217, "params": {"C": 359.08452155391456, "epsilon": 0.6060829794087798, "gamma": 0.053753229336541544, "lamda": 0.10316890641531999}, "datetime": {"datetime": "2021-09-23 16:08:15", "elapsed": 2175.943553, "delta": 10.538274}}
{"target": -3.4167498455530927, "params": {"C": 335.14983727608393, "epsilon": 0.40248385857431135, "gamma": 0.04166011719569826, "lamda": 0.1496710665317029}, "datetime": {"datetime": "2021-09-23 16:08:26", "elapsed": 2186.651455, "delta": 10.707902}}
{"target": -2.0585943412759393, "params": {"C": 387.56764313874703, "epsilon": 0.336253305992231, "gamma": 0.06254157203037523, "lamda": 0.08913142004086129}, "datetime": {"datetime": "2021-09-23 16:08:36", "elapsed": 2196.977357, "delta": 10.325902}}
{"target": -3.0201503023553276, "params": {"C": 340.4813997858507, "epsilon": 0.18605773705031953, "gamma": 0.025839320285969414, "lamda": 0.09319905017548491}, "datetime": {"datetime": "2021-09-23 16:08:47", "elapsed": 2207.930513, "delta": 10.953156}}
{"target": -4.232973170786499, "params": {"C": 445.7978157025366, "epsilon": 0.7588534990621105, "gamma": 0.02554031313502818, "lamda": 0.09183799441136571}, "datetime": {"datetime": "2021-09-23 16:08:57", "elapsed": 2217.952514, "delta": 10.022001}}
{"target": -2.0889972429969763, "params": {"C": 464.31594755056364, "epsilon": 0.2027880821031457, "gamma": 0.057891836003876304, "lamda": 0.09246913988207602}, "datetime": {"datetime": "2021-09-23 16:09:08", "elapsed": 2228.524548, "delta": 10.572034}}
{"target": 0.9122660372089201, "params": {"C": 359.8530609543137, "epsilon": 0.07453904407218312, "gamma": 0.06678061527629418, "lamda": 0.07071100108985716}, "datetime": {"datetime": "2021-09-23 16:09:09", "elapsed": 2229.787548, "delta": 1.263}}
{"target": -3.8690115322639, "params": {"C": 463.5779421962818, "epsilon": 0.6874100691284504, "gamma": 0.0291619801097497, "lamda": 0.08343858614934108}, "datetime": {"datetime": "2021-09-23 16:09:20", "elapsed": 2240.613645, "delta": 10.826097}}
{"target": -3.4939082176977747, "params": {"C": 421.8133509783507, "epsilon": 0.7942170103244333, "gamma": 0.035632201955728596, "lamda": 0.0517093912336968}, "datetime": {"datetime": "2021-09-23 16:09:30", "elapsed": 2250.962523, "delta": 10.348878}}
{"target": -2.752100692277831, "params": {"C": 428.65707746734046, "epsilon": 0.2529214948327334, "gamma": 0.05393438837511905, "lamda": 0.14096053913169465}, "datetime": {"datetime": "2021-09-23 16:09:41", "elapsed": 2261.5717, "delta": 10.609177}}
{"target": -3.3280343004440347, "params": {"C": 424.01592838994986, "epsilon": 0.46455529064421314, "gamma": 0.03064219032526432, "lamda": 0.08579576412843458}, "datetime": {"datetime": "2021-09-23 16:09:52", "elapsed": 2272.561637, "delta": 10.989937}}
{"target": -2.384184982932201, "params": {"C": 417.3762207306487, "epsilon": 0.38013344563618046, "gamma": 0.0547381960241531, "lamda": 0.15483773810269233}, "datetime": {"datetime": "2021-09-23 16:10:03", "elapsed": 2283.787514, "delta": 11.225877}}
{"target": -4.0414799273510535, "params": {"C": 455.5642871934433, "epsilon": 0.8615378848847753, "gamma": 0.032649246570511076, "lamda": 0.12555349631741705}, "datetime": {"datetime": "2021-09-23 16:10:13", "elapsed": 2294.254969, "delta": 10.467455}}
{"target": -3.4380146534335214, "params": {"C": 447.51246967449515, "epsilon": 0.729982992038314, "gamma": 0.03857551220736205, "lamda": 0.009646500378386755}, "datetime": {"datetime": "2021-09-23 16:10:24", "elapsed": 2305.273884, "delta": 11.018915}}
{"target": -3.297755378379562, "params": {"C": 415.93603425873704, "epsilon": 0.4427106650497336, "gamma": 0.031040587820663705, "lamda": 0.003905126866845861}, "datetime": {"datetime": "2021-09-23 16:10:34", "elapsed": 2315.235416, "delta": 9.961532}}
{"target": 0.912285210169751, "params": {"C": 342.5485712139086, "epsilon": 0.5972827682484027, "gamma": 0.06587284068188014, "lamda": 0.019039951054673567}, "datetime": {"datetime": "2021-09-23 16:10:35", "elapsed": 2316.389412, "delta": 1.153996}}
{"target": -3.4920814573417456, "params": {"C": 463.782179917756, "epsilon": 0.626440764786246, "gamma": 0.028843480175766482, "lamda": 0.03717224014552867}, "datetime": {"datetime": "2021-09-23 16:10:46", "elapsed": 2327.219653, "delta": 10.830241}}
{"target": -2.9034300079742876, "params": {"C": 336.5142858821158, "epsilon": 0.16155908767173113, "gamma": 0.05195459366321721, "lamda": 0.0592133974504154}, "datetime": {"datetime": "2021-09-23 16:10:57", "elapsed": 2337.843388, "delta": 10.623735}}
{"target": -3.7398269096326713, "params": {"C": 469.32236192366224, "epsilon": 0.18211213836868057, "gamma": 0.02142090198364357, "lamda": 0.07492131251089447}, "datetime": {"datetime": "2021-09-23 16:11:07", "elapsed": 2348.44714, "delta": 10.603752}}
{"target": -3.3927246842163186, "params": {"C": 438.2117549188578, "epsilon": 0.7277706116219417, "gamma": 0.0456647035184796, "lamda": 0.09457101813636454}, "datetime": {"datetime": "2021-09-23 16:11:19", "elapsed": 2359.50987, "delta": 11.06273}}
{"target": -3.8923594227125164, "params": {"C": 370.89769161063134, "epsilon": 0.4720058016984749, "gamma": 0.030550251249810347, "lamda": 0.1351713995824434}, "datetime": {"datetime": "2021-09-23 16:11:29", "elapsed": 2370.082084, "delta": 10.572214}}
{"target": 0.9144286263607482, "params": {"C": 439.66223411683586, "epsilon": 0.13391903251932297, "gamma": 0.05637653698190637, "lamda": 0.0537024415457559}, "datetime": {"datetime": "2021-09-23 16:11:30", "elapsed": 2371.182923, "delta": 1.100839}}
{"target": -2.3710386991944286, "params": {"C": 412.77519448583604, "epsilon": 0.6220158303955967, "gamma": 0.05569633428351535, "lamda": 0.03727671456298441}, "datetime": {"datetime": "2021-09-23 16:11:41", "elapsed": 2381.551099, "delta": 10.368176}}
{"target": -3.2245987634994835, "params": {"C": 356.5534817095877, "epsilon": 0.7745512615752671, "gamma": 0.041157992031738234, "lamda": 0.15587990201899102}, "datetime": {"datetime": "2021-09-23 16:11:52", "elapsed": 2392.5586, "delta": 11.007501}}
{"target": 0.9129579873845983, "params": {"C": 334.691967426627, "epsilon": 0.08919746322357316, "gamma": 0.06476710676229416, "lamda": 0.10509088781402866}, "datetime": {"datetime": "2021-09-23 16:11:53", "elapsed": 2393.832634, "delta": 1.274034}}
{"target": -2.6367784428482914, "params": {"C": 449.8788863798296, "epsilon": 0.8000208414209079, "gamma": 0.0532691980272863, "lamda": 0.15010380951836869}, "datetime": {"datetime": "2021-09-23 16:12:04", "elapsed": 2404.654342, "delta": 10.821708}}
{"target": -3.4122758207508213, "params": {"C": 355.9898883185424, "epsilon": 0.43097444548768715, "gamma": 0.02319971989373511, "lamda": 0.1388789669231236}, "datetime": {"datetime": "2021-09-23 16:12:15", "elapsed": 2415.568146, "delta": 10.913804}}
{"target": -1.840290398053321, "params": {"C": 452.21365617650963, "epsilon": 0.47697579808551965, "gamma": 0.062018459025101266, "lamda": 0.058101601668312186}, "datetime": {"datetime": "2021-09-23 16:12:25", "elapsed": 2426.179843, "delta": 10.611697}}
{"target": -1.986763907268541, "params": {"C": 392.37075076565935, "epsilon": 0.8869380127642778, "gamma": 0.06771746211879152, "lamda": 0.1064637852001485}, "datetime": {"datetime": "2021-09-23 16:12:36", "elapsed": 2436.781418, "delta": 10.601575}}
{"target": -2.3710717401924075, "params": {"C": 369.7181997803063, "epsilon": 0.3253109745838932, "gamma": 0.06441998674853366, "lamda": 0.15202870071186267}, "datetime": {"datetime": "2021-09-23 16:12:46", "elapsed": 2447.232618, "delta": 10.4512}}
{"target": -3.2540972985914536, "params": {"C": 467.7758331502731, "epsilon": 0.3666825841416288, "gamma": 0.03911961503159478, "lamda": 0.08407543109741618}, "datetime": {"datetime": "2021-09-23 16:12:57", "elapsed": 2458.125098, "delta": 10.89248}}
{"target": 0.9170365141069675, "params": {"C": 418.6376776626969, "epsilon": 0.907734791922711, "gamma": 0.03368291339057666, "lamda": 0.0008382267391402671}, "datetime": {"datetime": "2021-09-23 16:12:58", "elapsed": 2459.213099, "delta": 1.088001}}
{"target": -3.203016084466909, "params": {"C": 419.48537273610054, "epsilon": 0.7825297057937888, "gamma": 0.039176078871555164, "lamda": 0.08178079738732247}, "datetime": {"datetime": "2021-09-23 16:13:09", "elapsed": 2470.276752, "delta": 11.063653}}
{"target": -2.7446944246586464, "params": {"C": 390.5263058969007, "epsilon": 0.5096657854226441, "gamma": 0.04946452301877639, "lamda": 0.1326073966021921}, "datetime": {"datetime": "2021-09-23 16:13:20", "elapsed": 2480.886477, "delta": 10.609725}}
{"target": -3.6825528042928592, "params": {"C": 371.7394130484128, "epsilon": 0.1734413703698915, "gamma": 0.03519958080557355, "lamda": 0.04117431873679881}, "datetime": {"datetime": "2021-09-23 16:13:31", "elapsed": 2491.861396, "delta": 10.974919}}
{"target": -3.2980325961496444, "params": {"C": 426.6249613240763, "epsilon": 0.8869204621497465, "gamma": 0.021709600205467094, "lamda": 0.006119267874607997}, "datetime": {"datetime": "2021-09-23 16:13:41", "elapsed": 2501.909016, "delta": 10.04762}}
{"target": -3.8595312866159803, "params": {"C": 379.14646755959035, "epsilon": 0.42850035892584165, "gamma": 0.02495557739421781, "lamda": 0.05400072032009808}, "datetime": {"datetime": "2021-09-23 16:13:52", "elapsed": 2512.716342, "delta": 10.807326}}
{"target": 0.9116317893828415, "params": {"C": 430.9998000668757, "epsilon": 0.10461059620629928, "gamma": 0.06519239062317818, "lamda": 0.10229217756489196}, "datetime": {"datetime": "2021-09-23 16:13:53", "elapsed": 2514.014332, "delta": 1.29799}}
{"target": -2.198299810877016, "params": {"C": 390.3129421761414, "epsilon": 0.3608771562961749, "gamma": 0.06061667858393992, "lamda": 0.12667678763324514}, "datetime": {"datetime": "2021-09-23 16:14:04", "elapsed": 2524.637521, "delta": 10.623189}}
{"target": -2.2640503189352157, "params": {"C": 476.08241284260964, "epsilon": 0.8014243490113119, "gamma": 0.06046084379746665, "lamda": 0.08597002610182726}, "datetime": {"datetime": "2021-09-23 16:14:15", "elapsed": 2535.618162, "delta": 10.980641}}
{"target": -2.784194056719578, "params": {"C": 326.26554367510465, "epsilon": 0.2919858479521931, "gamma": 0.05089468097144338, "lamda": 0.01978434047942227}, "datetime": {"datetime": "2021-09-23 16:14:25", "elapsed": 2546.436469, "delta": 10.818307}}
{"target": -3.0228994352374716, "params": {"C": 382.66095727499123, "epsilon": 0.8716578303685403, "gamma": 0.04492564117350407, "lamda": 0.0875787611541678}, "datetime": {"datetime": "2021-09-23 16:14:41", "elapsed": 2562.011844, "delta": 15.575375}}
{"target": -1.9596152936167424, "params": {"C": 452.95816059879286, "epsilon": 0.4614654910828682, "gamma": 0.0693782393594057, "lamda": 0.13644474889372207}, "datetime": {"datetime": "2021-09-23 16:14:50", "elapsed": 2571.012489, "delta": 9.000645}}
{"target": -2.3341175967674035, "params": {"C": 366.36219370335067, "epsilon": 0.6621744056415116, "gamma": 0.06016281470147507, "lamda": 0.0450917209375369}, "datetime": {"datetime": "2021-09-23 16:14:59", "elapsed": 2580.065817, "delta": 9.053328}}
{"target": -2.6059651128128527, "params": {"C": 431.59535694801355, "epsilon": 0.821726334169202, "gamma": 0.05398244030488292, "lamda": 0.11634868539526845}, "datetime": {"datetime": "2021-09-23 16:15:09", "elapsed": 2589.630776, "delta": 9.564959}}
{"target": -1.8401136993647604, "params": {"C": 462.159409443562, "epsilon": 0.9503732071444423, "gamma": 0.06918696218700247, "lamda": 0.08642727245370553}, "datetime": {"datetime": "2021-09-23 16:15:18", "elapsed": 2598.821663, "delta": 9.190887}}
{"target": -3.6786078517226803, "params": {"C": 355.59964582680675, "epsilon": 0.9848196417218691, "gamma": 0.020139374005269495, "lamda": 0.03323442250256513}, "datetime": {"datetime": "2021-09-23 16:15:26", "elapsed": 2607.355211, "delta": 8.533548}}
{"target": -3.783901307274, "params": {"C": 385.80040853316785, "epsilon": 0.3493112797711682, "gamma": 0.029336145283607055, "lamda": 0.02561558992551757}, "datetime": {"datetime": "2021-09-23 16:15:35", "elapsed": 2616.173886, "delta": 8.818675}}
{"target": -1.9673317767422867, "params": {"C": 328.91722463879063, "epsilon": 0.5346387600321976, "gamma": 0.06235326427555511, "lamda": 0.04156218679005238}, "datetime": {"datetime": "2021-09-23 16:15:44", "elapsed": 2625.233886, "delta": 9.06}}
{"target": -3.8659978456432817, "params": {"C": 437.8232948489227, "epsilon": 0.5870978772043185, "gamma": 0.036255176676950766, "lamda": 0.15324050283252064}, "datetime": {"datetime": "2021-09-23 16:15:55", "elapsed": 2635.666887, "delta": 10.433001}}
{"target": 0.9187251551158996, "params": {"C": 456.1368655015648, "epsilon": 0.548669027605013, "gamma": 0.036639587103253636, "lamda": 0.0007923393054466537}, "datetime": {"datetime": "2021-09-23 16:15:56", "elapsed": 2636.793885, "delta": 1.126998}}
{"target": -3.438672328159609, "params": {"C": 326.68390556656004, "epsilon": 0.5408462478254586, "gamma": 0.03577579330695517, "lamda": 0.03693973475803738}, "datetime": {"datetime": "2021-09-23 16:16:07", "elapsed": 2647.660436, "delta": 10.866551}}
{"target": -1.8445353296563543, "params": {"C": 412.5546397286556, "epsilon": 0.2501428846681039, "gamma": 0.06683550430741568, "lamda": 0.0773183121295333}, "datetime": {"datetime": "2021-09-23 16:16:16", "elapsed": 2657.443541, "delta": 9.783105}}
{"target": -3.057233964744091, "params": {"C": 387.1654597594987, "epsilon": 0.13193409745128992, "gamma": 0.04293716563311187, "lamda": 0.05042889173544426}, "datetime": {"datetime": "2021-09-23 16:16:26", "elapsed": 2667.392789, "delta": 9.949248}}
{"target": -4.095539909713821, "params": {"C": 400.74681943089877, "epsilon": 0.22617725028453306, "gamma": 0.022244930674334435, "lamda": 0.09021734001199988}, "datetime": {"datetime": "2021-09-23 16:16:36", "elapsed": 2677.04503, "delta": 9.652241}}
{"target": -3.4050779200223786, "params": {"C": 466.60438971873697, "epsilon": 0.8402465035448806, "gamma": 0.03639596893787768, "lamda": 0.15869773168723497}, "datetime": {"datetime": "2021-09-23 16:16:46", "elapsed": 2687.187633, "delta": 10.142603}}
{"target": -3.455037891477401, "params": {"C": 467.23847208435114, "epsilon": 0.5823089174650606, "gamma": 0.03644382753065262, "lamda": 0.04767588866129579}, "datetime": {"datetime": "2021-09-23 16:16:56", "elapsed": 2696.984137, "delta": 9.796504}}
{"target": -3.734074561868047, "params": {"C": 361.8905872799213, "epsilon": 0.6049051206442213, "gamma": 0.024089504049238698, "lamda": 0.056179231709155085}, "datetime": {"datetime": "2021-09-23 16:17:05", "elapsed": 2705.972459, "delta": 8.988322}}
{"target": -4.021496806339069, "params": {"C": 476.04961431288086, "epsilon": 0.5785942415069896, "gamma": 0.029568224800113736, "lamda": 0.023930068804792773}, "datetime": {"datetime": "2021-09-23 16:17:15", "elapsed": 2715.659524, "delta": 9.687065}}
{"target": -2.246015641701918, "params": {"C": 390.63719016589425, "epsilon": 0.09495775259435506, "gamma": 0.05419140685180797, "lamda": 0.08820828918393167}, "datetime": {"datetime": "2021-09-23 16:17:24", "elapsed": 2725.469777, "delta": 9.810253}}
