{"target": 0.9155969274816829, "params": {"C": 232.79807441035743, "epsilon": 0.30319125131054125, "gamma": 0.05964392404236096, "lamda": 0.02052402061530838}, "datetime": {"datetime": "2021-09-23 15:26:21", "elapsed": 1979.252727, "delta": 1.788564}}
{"target": -3.2236278315018776, "params": {"C": 341.0321632621939, "epsilon": 0.3981709717255506, "gamma": 0.042973009810175815, "lamda": 0.08702275035229863}, "datetime": {"datetime": "2021-09-23 15:26:32", "elapsed": 1990.172863, "delta": 10.920136}}
{"target": -2.966374259947478, "params": {"C": 211.13784056938457, "epsilon": 0.5466974621839099, "gamma": 0.04107133234921079, "lamda": 0.050113020358909785}, "datetime": {"datetime": "2021-09-23 15:26:43", "elapsed": 2001.532319, "delta": 11.359456}}
{"target": 0.9106605897431638, "params": {"C": 205.61999106880677, "epsilon": 0.7925666639400056, "gamma": 0.0691095317055133, "lamda": 0.005529901930908429}, "datetime": {"datetime": "2021-09-23 15:26:45", "elapsed": 2002.847279, "delta": 1.31496}}
{"target": -2.21368754306056, "params": {"C": 232.1482479597679, "epsilon": 0.19947531017665177, "gamma": 0.05300326819127306, "lamda": 0.07472476597302947}, "datetime": {"datetime": "2021-09-23 15:26:56", "elapsed": 2013.91349, "delta": 11.066211}}
{"target": 0.9188824482784931, "params": {"C": 255.27764792431645, "epsilon": 0.8401317019551293, "gamma": 0.05200475320075071, "lamda": 0.0009273644049889098}, "datetime": {"datetime": "2021-09-23 15:26:57", "elapsed": 2015.395915, "delta": 1.482425}}
{"target": -2.7918794065710406, "params": {"C": 214.6064400658605, "epsilon": 0.9489957854385349, "gamma": 0.05009700657448003, "lamda": 0.049859249072898265}, "datetime": {"datetime": "2021-09-23 15:27:08", "elapsed": 2026.271863, "delta": 10.875948}}
{"target": 0.9163094587159767, "params": {"C": 262.12292722048596, "epsilon": 0.33653526459568245, "gamma": 0.057273865332385175, "lamda": 0.05743514072919064}, "datetime": {"datetime": "2021-09-23 15:27:10", "elapsed": 2028.082086, "delta": 1.810223}}
{"target": 0.9161073265849613, "params": {"C": 232.12477927522826, "epsilon": 0.1322296593423757, "gamma": 0.05879346255172602, "lamda": 0.03847389515328937}, "datetime": {"datetime": "2021-09-23 15:27:12", "elapsed": 2029.869312, "delta": 1.787226}}
{"target": 0.9147345046050495, "params": {"C": 246.58380246844388, "epsilon": 0.43401258359093187, "gamma": 0.06023430941827411, "lamda": 0.02308336644870739}, "datetime": {"datetime": "2021-09-23 15:27:14", "elapsed": 2031.66335, "delta": 1.794038}}
{"target": -2.812592020947775, "params": {"C": 443.41130292267934, "epsilon": 0.06971435189143142, "gamma": 0.05168241174631377, "lamda": 0.11983374081792404}, "datetime": {"datetime": "2021-09-23 15:31:59", "elapsed": 0.0, "delta": 0.0}}
{"target": -3.404974274113357, "params": {"C": 399.7611219684145, "epsilon": 0.26355681325430524, "gamma": 0.0299031432379812, "lamda": 0.12170886088061351}, "datetime": {"datetime": "2021-09-23 15:32:11", "elapsed": 12.053868, "delta": 12.053868}}
{"target": -2.4774049453118137, "params": {"C": 347.05773385000566, "epsilon": 0.13392282346530976, "gamma": 0.054267990918389866, "lamda": 0.15254759605657037}, "datetime": {"datetime": "2021-09-23 15:32:25", "elapsed": 25.765234, "delta": 13.711366}}
{"target": -2.8196761333389246, "params": {"C": 348.28137005084574, "epsilon": 0.37969758743527054, "gamma": 0.048176826643549886, "lamda": 0.15005414227788916}, "datetime": {"datetime": "2021-09-23 15:32:39", "elapsed": 39.493177, "delta": 13.727943}}
{"target": -2.970225542873766, "params": {"C": 345.90672301923115, "epsilon": 0.10025813348002327, "gamma": 0.036020737163463205, "lamda": 0.14386866615951102}, "datetime": {"datetime": "2021-09-23 15:32:49", "elapsed": 49.857548, "delta": 10.364371}}
{"target": -3.300418547570506, "params": {"C": 375.46516596165924, "epsilon": 0.23486159053503963, "gamma": 0.027782161949204152, "lamda": 0.044352461538179185}, "datetime": {"datetime": "2021-09-23 15:33:02", "elapsed": 62.715882, "delta": 12.858334}}
{"target": 0.9111856747311255, "params": {"C": 347.1727694446879, "epsilon": 0.8214615696836872, "gamma": 0.07, "lamda": 0.0001}, "datetime": {"datetime": "2021-09-23 15:33:02", "elapsed": 63.190698, "delta": 0.474816}}
{"target": -2.5802905714130815, "params": {"C": 417.6000985341144, "epsilon": 0.926170956746585, "gamma": 0.055473582273031966, "lamda": 0.1201681026009844}, "datetime": {"datetime": "2021-09-23 15:33:12", "elapsed": 73.11477, "delta": 9.924072}}
{"target": -3.3003100048554126, "params": {"C": 452.04791793229464, "epsilon": 0.55633051120084, "gamma": 0.031558753033908524, "lamda": 0.1551966270058106}, "datetime": {"datetime": "2021-09-23 15:33:22", "elapsed": 82.782532, "delta": 9.667762}}
{"target": -2.8508317816557884, "params": {"C": 347.20057610124064, "epsilon": 0.7999803693160383, "gamma": 0.055528660785430256, "lamda": 0.08119656543015982}, "datetime": {"datetime": "2021-09-23 15:33:32", "elapsed": 92.688653, "delta": 9.906121}}
{"target": -3.2718268796730756, "params": {"C": 326.5542379369532, "epsilon": 0.26517573602179945, "gamma": 0.03628233836551499, "lamda": 0.030214238111302343}, "datetime": {"datetime": "2021-09-23 15:33:42", "elapsed": 103.097906, "delta": 10.409253}}
{"target": -2.994359202074036, "params": {"C": 440.80350658804264, "epsilon": 0.4585403143728875, "gamma": 0.042099082625381985, "lamda": 0.05446109736004402}, "datetime": {"datetime": "2021-09-23 15:33:55", "elapsed": 116.359456, "delta": 13.26155}}
{"target": -3.4052676456423887, "params": {"C": 427.1424741249551, "epsilon": 0.28951486492509054, "gamma": 0.03012786739147038, "lamda": 0.15234317377768788}, "datetime": {"datetime": "2021-09-23 15:34:13", "elapsed": 133.767991, "delta": 17.408535}}
{"target": -3.107958036650075, "params": {"C": 434.540650858102, "epsilon": 0.3042531041754912, "gamma": 0.024529812416987283, "lamda": 0.11210430910644038}, "datetime": {"datetime": "2021-09-23 15:34:25", "elapsed": 146.215626, "delta": 12.447635}}
{"target": -2.4291122723415186, "params": {"C": 357.53569483933444, "epsilon": 0.17378506490487874, "gamma": 0.047211522109522605, "lamda": 0.13277930834235405}, "datetime": {"datetime": "2021-09-23 15:34:39", "elapsed": 159.52035, "delta": 13.304724}}
{"target": -2.8039996380075114, "params": {"C": 384.78781921151733, "epsilon": 0.09179085825481334, "gamma": 0.04952179534203136, "lamda": 0.11535076756856646}, "datetime": {"datetime": "2021-09-23 15:34:52", "elapsed": 173.347769, "delta": 13.827419}}
{"target": -2.933614763704898, "params": {"C": 396.6286509041279, "epsilon": 0.455345685327185, "gamma": 0.05196412207340993, "lamda": 0.15305672970521234}, "datetime": {"datetime": "2021-09-23 15:35:06", "elapsed": 186.944341, "delta": 13.596572}}
{"target": -4.078240752274386, "params": {"C": 364.637252661153, "epsilon": 0.49368484341471836, "gamma": 0.027253644770244157, "lamda": 0.09399468628847335}, "datetime": {"datetime": "2021-09-23 15:35:28", "elapsed": 208.71146, "delta": 21.767119}}
{"target": -2.994292972717993, "params": {"C": 420.3759546672045, "epsilon": 0.8437574732935135, "gamma": 0.04500894522072496, "lamda": 0.09607715885704948}, "datetime": {"datetime": "2021-09-23 15:35:54", "elapsed": 235.008609, "delta": 26.297149}}
{"target": -3.375308385765363, "params": {"C": 422.4079636500603, "epsilon": 0.3007071628881178, "gamma": 0.02779870955815699, "lamda": 0.02569053733811969}, "datetime": {"datetime": "2021-09-23 15:36:09", "elapsed": 249.51612, "delta": 14.507511}}
{"target": 0.9116139985148802, "params": {"C": 330.2086741519036, "epsilon": 0.41708638845174595, "gamma": 0.06939740695052847, "lamda": 0.034902918476101344}, "datetime": {"datetime": "2021-09-23 15:36:10", "elapsed": 250.509524, "delta": 0.993404}}
{"target": -3.3155464953793716, "params": {"C": 395.1058374186177, "epsilon": 0.9689368953430691, "gamma": 0.04235500012301534, "lamda": 0.025645633399631707}, "datetime": {"datetime": "2021-09-23 15:36:24", "elapsed": 264.557492, "delta": 14.047968}}
{"target": 0.9112952843293722, "params": {"C": 405.01732266514665, "epsilon": 0.23694620318286308, "gamma": 0.0672219233333084, "lamda": 0.03181585910430716}, "datetime": {"datetime": "2021-09-23 15:36:24", "elapsed": 265.182494, "delta": 0.625002}}
{"target": -1.9766186740877534, "params": {"C": 369.68497921178493, "epsilon": 0.368570332275799, "gamma": 0.06984054619148959, "lamda": 0.07170630514309059}, "datetime": {"datetime": "2021-09-23 15:36:35", "elapsed": 276.298297, "delta": 11.115803}}
{"target": -3.27296730494842, "params": {"C": 334.5051093922019, "epsilon": 0.29911805066667924, "gamma": 0.02318084772101008, "lamda": 0.09396634659154975}, "datetime": {"datetime": "2021-09-23 15:36:47", "elapsed": 288.073461, "delta": 11.775164}}
{"target": -1.9404983104169422, "params": {"C": 426.8825160857365, "epsilon": 0.946765985453123, "gamma": 0.064894528497501, "lamda": 0.1199737927255988}, "datetime": {"datetime": "2021-09-23 15:36:59", "elapsed": 300.077942, "delta": 12.004481}}
{"target": -2.817818442933795, "params": {"C": 433.5538414962599, "epsilon": 0.24775924691265938, "gamma": 0.05200012592564279, "lamda": 0.1046194806744164}, "datetime": {"datetime": "2021-09-23 15:37:14", "elapsed": 314.776652, "delta": 14.69871}}
{"target": -2.370448610353835, "params": {"C": 414.73375253169274, "epsilon": 0.7892625696438724, "gamma": 0.06183803651793536, "lamda": 0.10161012043587236}, "datetime": {"datetime": "2021-09-23 15:37:26", "elapsed": 326.710735, "delta": 11.934083}}
{"target": 0.9005859021864917, "params": {"C": 365.8005645994488, "epsilon": 0.5021901069003263, "gamma": 0.020296732153542735, "lamda": 0.0020683855387420773}, "datetime": {"datetime": "2021-09-23 15:37:26", "elapsed": 327.274739, "delta": 0.564004}}
{"target": -3.872205496632879, "params": {"C": 328.3432631253347, "epsilon": 0.6383958021177903, "gamma": 0.020295553120429903, "lamda": 0.09292101238718685}, "datetime": {"datetime": "2021-09-23 15:37:38", "elapsed": 339.423602, "delta": 12.148863}}
{"target": -2.841543570263944, "params": {"C": 345.96096426554783, "epsilon": 0.26798919666107673, "gamma": 0.037310397190431645, "lamda": 0.003272944235918994}, "datetime": {"datetime": "2021-09-23 15:37:51", "elapsed": 351.694328, "delta": 12.270726}}
{"target": -2.303067054679294, "params": {"C": 428.4975767270825, "epsilon": 0.6686724713956128, "gamma": 0.06055899114076406, "lamda": 0.04064935175485392}, "datetime": {"datetime": "2021-09-23 15:38:03", "elapsed": 364.05876, "delta": 12.364432}}
{"target": -3.3480160516624524, "params": {"C": 382.5480207384983, "epsilon": 0.8465254245094729, "gamma": 0.03631682375315816, "lamda": 0.15426843411054977}, "datetime": {"datetime": "2021-09-23 15:38:16", "elapsed": 376.498382, "delta": 12.439622}}
{"target": -3.6310538949769464, "params": {"C": 323.1139270095815, "epsilon": 0.6864122259010831, "gamma": 0.0351714176610623, "lamda": 0.1548368051793971}, "datetime": {"datetime": "2021-09-23 15:38:28", "elapsed": 388.944807, "delta": 12.446425}}
{"target": -2.9036986741652044, "params": {"C": 426.1825944738748, "epsilon": 0.07642054875495302, "gamma": 0.04757583559536016, "lamda": 0.12921473832951189}, "datetime": {"datetime": "2021-09-23 15:38:41", "elapsed": 402.419504, "delta": 13.474697}}
{"target": -2.673251608605489, "params": {"C": 320.4993010644523, "epsilon": 0.5293494227221266, "gamma": 0.05051372147390601, "lamda": 0.03962308509825232}, "datetime": {"datetime": "2021-09-23 15:38:57", "elapsed": 417.503933, "delta": 15.084429}}
{"target": -2.4475997798549667, "params": {"C": 422.5144558150488, "epsilon": 0.11303776685667377, "gamma": 0.060681617246038114, "lamda": 0.14372695722570605}, "datetime": {"datetime": "2021-09-23 15:39:10", "elapsed": 431.370192, "delta": 13.866259}}
{"target": -2.4473340805932513, "params": {"C": 351.6481881418597, "epsilon": 0.9088505441390115, "gamma": 0.053910397782420016, "lamda": 0.015316944511562106}, "datetime": {"datetime": "2021-09-23 15:39:22", "elapsed": 443.022234, "delta": 11.652042}}
{"target": 0.9120187310032848, "params": {"C": 344.58888250564087, "epsilon": 0.8035269783031415, "gamma": 0.06632080888852779, "lamda": 0.03720384674466761}, "datetime": {"datetime": "2021-09-23 15:39:23", "elapsed": 444.032223, "delta": 1.009989}}
{"target": -2.382808012823106, "params": {"C": 391.5980670968467, "epsilon": 0.34549255788011857, "gamma": 0.052070037208277575, "lamda": 0.03561490931798534}, "datetime": {"datetime": "2021-09-23 15:39:36", "elapsed": 457.383927, "delta": 13.351704}}
{"target": 0.9148290423373412, "params": {"C": 405.0070441271198, "epsilon": 0.12236405259779431, "gamma": 0.05619060965097056, "lamda": 0.05529994366939219}, "datetime": {"datetime": "2021-09-23 15:39:37", "elapsed": 458.223592, "delta": 0.839665}}
{"target": -2.5280373551974513, "params": {"C": 414.94535705404815, "epsilon": 0.562310333330254, "gamma": 0.05801394865065557, "lamda": 0.053803188487029925}, "datetime": {"datetime": "2021-09-23 15:39:50", "elapsed": 470.945262, "delta": 12.72167}}
{"target": -2.2678988710846357, "params": {"C": 455.14756860929685, "epsilon": 0.72910725461013, "gamma": 0.057995354467777496, "lamda": 0.045568651844926006}, "datetime": {"datetime": "2021-09-23 15:40:03", "elapsed": 484.220926, "delta": 13.275664}}
{"target": -3.6398313105131885, "params": {"C": 382.2710656651537, "epsilon": 0.8185637919684453, "gamma": 0.035001748481018315, "lamda": 0.02484683046495958}, "datetime": {"datetime": "2021-09-23 15:40:17", "elapsed": 497.5058, "delta": 13.284874}}
{"target": -3.209329426862471, "params": {"C": 337.25439294981226, "epsilon": 0.25985711980506143, "gamma": 0.04729748624098064, "lamda": 0.0838667011495106}, "datetime": {"datetime": "2021-09-23 15:40:30", "elapsed": 510.778983, "delta": 13.273183}}
{"target": -2.0197557799700787, "params": {"C": 347.2721386954647, "epsilon": 0.6520732628379593, "gamma": 0.05998179600057865, "lamda": 0.08919189172188416}, "datetime": {"datetime": "2021-09-23 15:40:42", "elapsed": 523.037807, "delta": 12.258824}}
{"target": 0.9158515356599628, "params": {"C": 432.1189338172685, "epsilon": 0.09478175755372825, "gamma": 0.052540370167663955, "lamda": 0.0623281623584157}, "datetime": {"datetime": "2021-09-23 15:40:43", "elapsed": 523.870808, "delta": 0.833001}}
{"target": -3.3247799336265915, "params": {"C": 405.0232081455266, "epsilon": 0.20085163032139602, "gamma": 0.049916090307465355, "lamda": 0.04453432027014251}, "datetime": {"datetime": "2021-09-23 15:40:58", "elapsed": 538.612976, "delta": 14.742168}}
{"target": -2.467757163519782, "params": {"C": 334.3910842058435, "epsilon": 0.9839312096331483, "gamma": 0.05314251870373045, "lamda": 0.13910161376271657}, "datetime": {"datetime": "2021-09-23 15:41:11", "elapsed": 551.999992, "delta": 13.387016}}
{"target": -2.291508451343742, "params": {"C": 360.98949198694686, "epsilon": 0.8008376476156702, "gamma": 0.05107027606782731, "lamda": 0.029451666658356645}, "datetime": {"datetime": "2021-09-23 15:41:24", "elapsed": 565.402796, "delta": 13.402804}}
{"target": -3.6540496713428094, "params": {"C": 349.5705549640062, "epsilon": 0.6162441648230794, "gamma": 0.028991627361828136, "lamda": 0.09196641847690154}, "datetime": {"datetime": "2021-09-23 15:41:38", "elapsed": 578.978, "delta": 13.575204}}
{"target": -4.0439206702747725, "params": {"C": 424.52770225039194, "epsilon": 0.8891634344136385, "gamma": 0.029202577979376067, "lamda": 0.07493435454684316}, "datetime": {"datetime": "2021-09-23 15:41:51", "elapsed": 592.104289, "delta": 13.126289}}
{"target": -4.022180302671584, "params": {"C": 474.25510946735733, "epsilon": 0.7186955592230126, "gamma": 0.03382714345974454, "lamda": 0.10575992643044849}, "datetime": {"datetime": "2021-09-23 15:42:04", "elapsed": 605.406293, "delta": 13.302004}}
{"target": -3.6380997392151215, "params": {"C": 444.8421742165167, "epsilon": 0.9872310521732096, "gamma": 0.03418545419831888, "lamda": 0.10407421775702669}, "datetime": {"datetime": "2021-09-23 15:42:18", "elapsed": 619.087682, "delta": 13.681389}}
{"target": -3.0867007529007155, "params": {"C": 397.46938638378015, "epsilon": 0.3611065426967762, "gamma": 0.04093911419041803, "lamda": 0.05624485135136786}, "datetime": {"datetime": "2021-09-23 15:42:31", "elapsed": 631.595585, "delta": 12.507903}}
{"target": -2.770381062357138, "params": {"C": 332.180240728421, "epsilon": 0.5462013464856758, "gamma": 0.04482377795095764, "lamda": 0.07699052289483775}, "datetime": {"datetime": "2021-09-23 15:42:43", "elapsed": 644.028535, "delta": 12.43295}}
{"target": 0.9134110670468721, "params": {"C": 377.43841326505276, "epsilon": 0.05564294744763315, "gamma": 0.062163793903352166, "lamda": 0.07288999959250626}, "datetime": {"datetime": "2021-09-23 15:42:44", "elapsed": 644.84344, "delta": 0.814905}}
{"target": -3.4864456148551, "params": {"C": 357.2670139624453, "epsilon": 0.7452483546677982, "gamma": 0.028813752001253287, "lamda": 0.10966608557111839}, "datetime": {"datetime": "2021-09-23 15:42:56", "elapsed": 657.42195, "delta": 12.57851}}
{"target": -2.3829655370130105, "params": {"C": 469.32139118942195, "epsilon": 0.1127727452894245, "gamma": 0.0515498338168601, "lamda": 0.08475224742966901}, "datetime": {"datetime": "2021-09-23 15:43:09", "elapsed": 669.737937, "delta": 12.315987}}
{"target": 0.9136082990105555, "params": {"C": 442.6956262850757, "epsilon": 0.7532135434449068, "gamma": 0.0578441016150235, "lamda": 0.009752704902323201}, "datetime": {"datetime": "2021-09-23 15:43:10", "elapsed": 670.521707, "delta": 0.78377}}
{"target": 0.9120304211910631, "params": {"C": 336.010297549941, "epsilon": 0.2502016845228523, "gamma": 0.06792278947053135, "lamda": 0.0786432674902098}, "datetime": {"datetime": "2021-09-23 15:43:10", "elapsed": 671.459711, "delta": 0.938004}}
{"target": -2.992843555285431, "params": {"C": 443.0742155033043, "epsilon": 0.2284004817364726, "gamma": 0.034538528347247376, "lamda": 0.1141856995437115}, "datetime": {"datetime": "2021-09-23 15:43:24", "elapsed": 684.662977, "delta": 13.203266}}
{"target": -2.122547361576627, "params": {"C": 442.1724241802625, "epsilon": 0.42806506363451086, "gamma": 0.060543681934985036, "lamda": 0.037206859020285685}, "datetime": {"datetime": "2021-09-23 15:43:36", "elapsed": 696.490723, "delta": 11.827746}}
{"target": -1.9555426006971701, "params": {"C": 455.34057713791714, "epsilon": 0.27131864432769165, "gamma": 0.0663265648173801, "lamda": 0.1444116978608002}, "datetime": {"datetime": "2021-09-23 15:43:51", "elapsed": 711.69336, "delta": 15.202637}}
{"target": -3.955857980614251, "params": {"C": 337.3772940084722, "epsilon": 0.871263194396573, "gamma": 0.03196609708910173, "lamda": 0.14774864813649474}, "datetime": {"datetime": "2021-09-23 15:44:07", "elapsed": 728.23773, "delta": 16.54437}}
{"target": -1.9994835848037105, "params": {"C": 387.4526761614916, "epsilon": 0.7743328502467272, "gamma": 0.062042214817495195, "lamda": 0.08571189722426714}, "datetime": {"datetime": "2021-09-23 15:44:21", "elapsed": 742.442106, "delta": 14.204376}}
{"target": -3.6922530508691285, "params": {"C": 414.97498987547846, "epsilon": 0.9248849331221131, "gamma": 0.025069904351397353, "lamda": 0.09203636017575735}, "datetime": {"datetime": "2021-09-23 15:44:36", "elapsed": 757.154555, "delta": 14.712449}}
{"target": -2.780553897626913, "params": {"C": 346.8361349373656, "epsilon": 0.9545424446145999, "gamma": 0.04636499893301725, "lamda": 0.05916476261001016}, "datetime": {"datetime": "2021-09-23 15:44:50", "elapsed": 771.441711, "delta": 14.287156}}
{"target": -1.7987074927733042, "params": {"C": 320.0069420015131, "epsilon": 0.8971272040172904, "gamma": 0.0673127704872124, "lamda": 0.048619184758933495}, "datetime": {"datetime": "2021-09-23 15:45:04", "elapsed": 785.051544, "delta": 13.609833}}
{"target": -3.369131574239706, "params": {"C": 428.5552101888372, "epsilon": 0.22001963376739597, "gamma": 0.0408785802003149, "lamda": 0.07995915289539549}, "datetime": {"datetime": "2021-09-23 15:45:17", "elapsed": 798.141307, "delta": 13.089763}}
{"target": -2.4987546726838374, "params": {"C": 435.865699639579, "epsilon": 0.3000537344922209, "gamma": 0.05283816762520066, "lamda": 0.10855058233284873}, "datetime": {"datetime": "2021-09-23 15:45:29", "elapsed": 810.379572, "delta": 12.238265}}
{"target": -3.643790604356405, "params": {"C": 382.7120848661179, "epsilon": 0.057849008309401165, "gamma": 0.022269928397479714, "lamda": 0.09884692395697284}, "datetime": {"datetime": "2021-09-23 15:45:42", "elapsed": 823.256877, "delta": 12.877305}}
{"target": -3.4055718869479623, "params": {"C": 381.35743617049343, "epsilon": 0.6526936286603281, "gamma": 0.021736293923541043, "lamda": 0.15299299594166935}, "datetime": {"datetime": "2021-09-23 15:45:57", "elapsed": 837.859432, "delta": 14.602555}}
{"target": -3.6133282489678384, "params": {"C": 378.2043869674844, "epsilon": 0.7296018370039657, "gamma": 0.02545655446295451, "lamda": 0.14660901360539708}, "datetime": {"datetime": "2021-09-23 15:46:13", "elapsed": 853.688064, "delta": 15.828632}}
{"target": -3.1072464384998977, "params": {"C": 360.97779570518816, "epsilon": 0.6063237927391145, "gamma": 0.03299080106874862, "lamda": 0.027708695709415393}, "datetime": {"datetime": "2021-09-23 15:46:25", "elapsed": 866.362747, "delta": 12.674683}}
{"target": -2.1686825321650387, "params": {"C": 387.2631776572099, "epsilon": 0.18049196990329397, "gamma": 0.0667798350067411, "lamda": 0.15212413938715275}, "datetime": {"datetime": "2021-09-23 15:46:37", "elapsed": 878.374902, "delta": 12.012155}}
{"target": -3.4289121420166504, "params": {"C": 468.3165282406185, "epsilon": 0.9545973929262257, "gamma": 0.0243236069918586, "lamda": 0.016329896030931334}, "datetime": {"datetime": "2021-09-23 15:46:49", "elapsed": 890.270478, "delta": 11.895576}}
