{"target": -16.69725591856048, "params": {"C": 13.427030952475373, "epsilon": 0.6625275253154015, "gamma": 0.03959099885088853, "lamda": 1.2485794311791445}, "datetime": {"datetime": "2021-09-16 12:45:52", "elapsed": 3282.025406, "delta": 18.585463}}
{"target": -22.87414559909307, "params": {"C": 17.735131911823853, "epsilon": 18.043980951082673, "gamma": 0.04902365407253958, "lamda": 2.302211446522111}, "datetime": {"datetime": "2021-09-16 12:46:11", "elapsed": 3300.950977, "delta": 18.925571}}
{"target": -21.80677737812448, "params": {"C": 12.525037787498231, "epsilon": 16.477202718482488, "gamma": 0.03380281559266222, "lamda": 2.2610281011686406}, "datetime": {"datetime": "2021-09-16 12:46:31", "elapsed": 3320.778874, "delta": 19.827897}}
{"target": -13.337209527102281, "params": {"C": 21.646985125847646, "epsilon": 7.8367904069516445, "gamma": 0.015220147189204987, "lamda": 1.588974751328948}, "datetime": {"datetime": "2021-09-16 12:46:43", "elapsed": 3332.644967, "delta": 11.866093}}
{"target": -25.116147439267554, "params": {"C": 9.142576447366041, "epsilon": 19.72813052769808, "gamma": 0.02750989039568494, "lamda": 2.916264424660552}, "datetime": {"datetime": "2021-09-16 12:47:02", "elapsed": 3352.009516, "delta": 19.364549}}
{"target": -16.11109022720909, "params": {"C": 26.105478087812966, "epsilon": 2.8101973205241806, "gamma": 0.02440436146473021, "lamda": 0.45705440008914533}, "datetime": {"datetime": "2021-09-16 12:47:20", "elapsed": 3370.259258, "delta": 18.249742}}
{"target": -21.356285266264482, "params": {"C": 26.650464987430055, "epsilon": 15.547586137521723, "gamma": 0.020844693669318702, "lamda": 2.2547524595111876}, "datetime": {"datetime": "2021-09-16 12:47:40", "elapsed": 3389.926728, "delta": 19.66747}}
{"target": -20.628943137375977, "params": {"C": 16.881516973441208, "epsilon": 14.083731337881508, "gamma": 0.01968004691048949, "lamda": 2.1355788039097634}, "datetime": {"datetime": "2021-09-16 12:47:53", "elapsed": 3402.772912, "delta": 12.846184}}
{"target": -21.791032559757024, "params": {"C": 26.478816055265938, "epsilon": 16.77618456042009, "gamma": 0.03716466064770994, "lamda": 0.8472042907763949}, "datetime": {"datetime": "2021-09-16 12:48:12", "elapsed": 3422.205631, "delta": 19.432719}}
{"target": -18.532399919563083, "params": {"C": 26.862997717265483, "epsilon": 10.39250463006618, "gamma": 0.04209911684050226, "lamda": 1.3005702725747799}, "datetime": {"datetime": "2021-09-16 12:48:31", "elapsed": 3441.200312, "delta": 18.994681}}
{"target": -20.875014555687084, "params": {"C": 27.208630847514698, "epsilon": 18.85528524158645, "gamma": 0.02675906683561218, "lamda": 0.02778216631902626}, "datetime": {"datetime": "2021-09-16 12:48:50", "elapsed": 3459.924553, "delta": 18.724241}}
{"target": -15.260596648007242, "params": {"C": 10.448942579711538, "epsilon": 3.3022040125094985, "gamma": 0.01366793078057825, "lamda": 2.6197867994421404}, "datetime": {"datetime": "2021-09-16 12:49:02", "elapsed": 3471.88223, "delta": 11.957677}}
{"target": -23.8596101360322, "params": {"C": 4.074132062587561, "epsilon": 18.90370021659313, "gamma": 0.02661258126014225, "lamda": 0.5905247351490513}, "datetime": {"datetime": "2021-09-16 12:49:14", "elapsed": 3484.104223, "delta": 12.221993}}
{"target": -20.819146774994106, "params": {"C": 28.068779268343437, "epsilon": 15.231505789382405, "gamma": 0.04211589010388376, "lamda": 2.9805992415464266}, "datetime": {"datetime": "2021-09-16 12:49:34", "elapsed": 3504.240184, "delta": 20.135961}}
{"target": -20.577295410430708, "params": {"C": 9.406417328643778, "epsilon": 17.067313197443564, "gamma": 0.010012995295757979, "lamda": 1.4700246065432359}, "datetime": {"datetime": "2021-09-16 12:49:46", "elapsed": 3516.063363, "delta": 11.823179}}
{"target": -14.799381473310882, "params": {"C": 7.4275945079684105, "epsilon": 1.9712306911200497, "gamma": 0.04671228173129778, "lamda": 1.0376218698002577}, "datetime": {"datetime": "2021-09-16 12:49:58", "elapsed": 3528.099526, "delta": 12.036163}}
{"target": -23.952337170688992, "params": {"C": 21.648001236236315, "epsilon": 19.1874500757497, "gamma": 0.018725368800926866, "lamda": 2.508394187901532}, "datetime": {"datetime": "2021-09-16 12:50:17", "elapsed": 3547.371232, "delta": 19.271706}}
{"target": -19.67837062127766, "params": {"C": 14.52647896803213, "epsilon": 11.104104893614691, "gamma": 0.031132825969910516, "lamda": 2.827871691475372}, "datetime": {"datetime": "2021-09-16 12:50:36", "elapsed": 3566.393405, "delta": 19.022173}}
{"target": -15.676538688957214, "params": {"C": 24.49289639218771, "epsilon": 2.919367371827652, "gamma": 0.04247865178555102, "lamda": 2.4049827324676656}, "datetime": {"datetime": "2021-09-16 12:50:55", "elapsed": 3584.757629, "delta": 18.364224}}
{"target": -16.84093326869769, "params": {"C": 24.202901542313747, "epsilon": 4.856139580065616, "gamma": 0.03804564571135586, "lamda": 0.5122030267387548}, "datetime": {"datetime": "2021-09-16 12:51:07", "elapsed": 3596.70884, "delta": 11.951211}}
{"target": -19.292361589485626, "params": {"C": 26.586409165301866, "epsilon": 7.856545242398052, "gamma": 0.024389746703826785, "lamda": 2.583641728613117}, "datetime": {"datetime": "2021-09-16 12:51:19", "elapsed": 3608.765537, "delta": 12.056697}}
{"target": -21.916639555199705, "params": {"C": 19.098139026997515, "epsilon": 17.132294076639553, "gamma": 0.025555995951198264, "lamda": 0.3325023456818634}, "datetime": {"datetime": "2021-09-16 12:51:31", "elapsed": 3620.588163, "delta": 11.822626}}
{"target": -21.17563815851901, "params": {"C": 5.260646270385758, "epsilon": 16.006362275517212, "gamma": 0.03444399144104874, "lamda": 1.6231779770565076}, "datetime": {"datetime": "2021-09-16 12:51:50", "elapsed": 3640.167223, "delta": 19.57906}}
{"target": -19.229527577473867, "params": {"C": 16.038960236033056, "epsilon": 12.423879679139166, "gamma": 0.023183224279038142, "lamda": 0.41102112059291274}, "datetime": {"datetime": "2021-09-16 12:52:02", "elapsed": 3651.884873, "delta": 11.71765}}
{"target": -20.3039285619017, "params": {"C": 27.29795885581755, "epsilon": 13.348497127460776, "gamma": 0.019553985211746845, "lamda": 2.7598495416633066}, "datetime": {"datetime": "2021-09-16 12:52:22", "elapsed": 3671.466175, "delta": 19.581302}}
{"target": -16.247185282850786, "params": {"C": 4.05127701767804, "epsilon": 5.848078345881919, "gamma": 0.01408818657611767, "lamda": 1.5020929247204784}, "datetime": {"datetime": "2021-09-16 12:52:34", "elapsed": 3683.607256, "delta": 12.141081}}
{"target": -18.54268076746471, "params": {"C": 8.726017071982866, "epsilon": 10.41434375693537, "gamma": 0.04432190535635343, "lamda": 0.6830665830450509}, "datetime": {"datetime": "2021-09-16 12:52:54", "elapsed": 3703.747925, "delta": 20.140669}}
{"target": -19.127118706153784, "params": {"C": 15.625246107481118, "epsilon": 11.469734089454786, "gamma": 0.042883277178592624, "lamda": 0.278144220062365}, "datetime": {"datetime": "2021-09-16 12:53:06", "elapsed": 3716.249287, "delta": 12.501362}}
{"target": -24.13953099063104, "params": {"C": 10.556640574658212, "epsilon": 19.64094321078669, "gamma": 0.03616589057410566, "lamda": 1.6927333715145156}, "datetime": {"datetime": "2021-09-16 12:53:25", "elapsed": 3735.407757, "delta": 19.15847}}
{"target": -18.81266847754592, "params": {"C": 15.930358548464383, "epsilon": 11.467392104820053, "gamma": 0.02632325061641485, "lamda": 0.8746289499400425}, "datetime": {"datetime": "2021-09-16 12:53:38", "elapsed": 3747.772853, "delta": 12.365096}}
{"target": -16.68833158137844, "params": {"C": 18.096030475776708, "epsilon": 0.33422837368022545, "gamma": 0.042884164795976, "lamda": 2.4230766294723485}, "datetime": {"datetime": "2021-09-16 12:53:57", "elapsed": 3766.823467, "delta": 19.050614}}
{"target": -17.743052074940085, "params": {"C": 11.758530436866758, "epsilon": 8.472529656908197, "gamma": 0.0346116725586982, "lamda": 0.5950219624623393}, "datetime": {"datetime": "2021-09-16 12:54:10", "elapsed": 3780.020051, "delta": 13.196584}}
{"target": -21.62145774679087, "params": {"C": 10.044800024576794, "epsilon": 15.840553834142096, "gamma": 0.029080077594520935, "lamda": 2.4510707789762547}, "datetime": {"datetime": "2021-09-16 12:54:29", "elapsed": 3799.349962, "delta": 19.329911}}
{"target": -17.57603241882875, "params": {"C": 27.286309611205873, "epsilon": 7.736531737446752, "gamma": 0.027106125606633294, "lamda": 0.9061951763234113}, "datetime": {"datetime": "2021-09-16 12:54:41", "elapsed": 3811.419281, "delta": 12.069319}}
{"target": -20.744578899544738, "params": {"C": 5.519784418761729, "epsilon": 14.993361895348704, "gamma": 0.024444926421132454, "lamda": 2.5151228480738212}, "datetime": {"datetime": "2021-09-16 12:55:01", "elapsed": 3830.626866, "delta": 19.207585}}
{"target": -19.68190427731174, "params": {"C": 10.968117338139749, "epsilon": 15.402606852836879, "gamma": 0.013158439019325173, "lamda": 0.5734300575789903}, "datetime": {"datetime": "2021-09-16 12:55:13", "elapsed": 3842.523635, "delta": 11.896769}}
{"target": -23.527847707270098, "params": {"C": 10.713343803063506, "epsilon": 18.636700950306786, "gamma": 0.042393509061359316, "lamda": 2.263171542763927}, "datetime": {"datetime": "2021-09-16 12:55:32", "elapsed": 3862.278336, "delta": 19.754701}}
{"target": -18.476512076032034, "params": {"C": 3.4763794871458122, "epsilon": 10.387420035909221, "gamma": 0.025662398103691683, "lamda": 2.4951807740168626}, "datetime": {"datetime": "2021-09-16 12:55:54", "elapsed": 3884.22119, "delta": 21.942854}}
{"target": -2.874970333351701, "params": {"C": 3.8637682610213844, "epsilon": 7.10664638055187, "gamma": 0.02069114195513183, "lamda": 0.5750463342776295}, "datetime": {"datetime": "2021-09-16 12:55:56", "elapsed": 3886.335588, "delta": 2.114398}}
{"target": -17.79103573262293, "params": {"C": 12.87839439275972, "epsilon": 7.440914456321844, "gamma": 0.01697983636180443, "lamda": 2.4325009360515195}, "datetime": {"datetime": "2021-09-16 12:56:10", "elapsed": 3900.059874, "delta": 13.724286}}
{"target": -19.406364161461905, "params": {"C": 23.54231793772452, "epsilon": 13.407471755401362, "gamma": 0.04584562268043539, "lamda": 2.5126089525699817}, "datetime": {"datetime": "2021-09-16 12:56:32", "elapsed": 3922.136095, "delta": 22.076221}}
{"target": -21.17547792883269, "params": {"C": 10.179970122280297, "epsilon": 16.355564342518537, "gamma": 0.04384940135921395, "lamda": 2.183593090277653}, "datetime": {"datetime": "2021-09-16 12:56:53", "elapsed": 3942.801185, "delta": 20.66509}}
{"target": -15.588789948176746, "params": {"C": 5.369821731203525, "epsilon": 6.8205769028323, "gamma": 0.013059340326763431, "lamda": 1.8254334180009988}, "datetime": {"datetime": "2021-09-16 12:57:06", "elapsed": 3955.609247, "delta": 12.808062}}
{"target": -23.178073789375045, "params": {"C": 14.640735018942207, "epsilon": 18.517714629091376, "gamma": 0.03507966344480745, "lamda": 0.3061950737843415}, "datetime": {"datetime": "2021-09-16 12:57:19", "elapsed": 3968.66271, "delta": 13.053463}}
{"target": -22.990528676681674, "params": {"C": 11.372001846433395, "epsilon": 17.789783473184706, "gamma": 0.042423015655181584, "lamda": 2.0883741200789268}, "datetime": {"datetime": "2021-09-16 12:57:39", "elapsed": 3988.810374, "delta": 20.147664}}
{"target": -22.597748067879696, "params": {"C": 11.365515476592691, "epsilon": 16.498907565118728, "gamma": 0.02324476933510222, "lamda": 1.1250585553168961}, "datetime": {"datetime": "2021-09-16 12:57:52", "elapsed": 4001.941815, "delta": 13.131441}}
{"target": -18.25463716663442, "params": {"C": 21.341361957178936, "epsilon": 1.2184437352039992, "gamma": 0.025467907954113092, "lamda": 1.5470638807334538}, "datetime": {"datetime": "2021-09-16 12:58:02", "elapsed": 4012.433279, "delta": 10.491464}}
{"target": -2.4324354573421227, "params": {"C": 14.871424196512415, "epsilon": 6.118358793741697, "gamma": 0.016872372685186727, "lamda": 0.9924748437889582}, "datetime": {"datetime": "2021-09-16 12:58:04", "elapsed": 4014.134271, "delta": 1.700992}}
{"target": -14.059282888232552, "params": {"C": 22.15112665298239, "epsilon": 11.487635524027791, "gamma": 0.01473061594286873, "lamda": 1.0526414824454815}, "datetime": {"datetime": "2021-09-16 12:58:18", "elapsed": 4027.605187, "delta": 13.470916}}
{"target": -22.054028157238946, "params": {"C": 18.176059801817214, "epsilon": 17.075917276965807, "gamma": 0.024624625917315915, "lamda": 0.15658930945255925}, "datetime": {"datetime": "2021-09-16 12:58:30", "elapsed": 4040.416048, "delta": 12.810861}}
{"target": -20.628222470654986, "params": {"C": 3.221290843161187, "epsilon": 12.809204465639608, "gamma": 0.02523008204671122, "lamda": 1.4364915764525312}, "datetime": {"datetime": "2021-09-16 12:58:44", "elapsed": 4054.329379, "delta": 13.913331}}
{"target": -23.202506456872083, "params": {"C": 29.162859752872855, "epsilon": 19.39240168085072, "gamma": 0.014650702602492727, "lamda": 1.0317785660666596}, "datetime": {"datetime": "2021-09-16 12:58:57", "elapsed": 4067.311627, "delta": 12.982248}}
{"target": -15.123710696526455, "params": {"C": 26.469310442087487, "epsilon": 8.068603803575332, "gamma": 0.017017998235243574, "lamda": 1.6875514616244005}, "datetime": {"datetime": "2021-09-16 12:59:10", "elapsed": 4080.340929, "delta": 13.029302}}
{"target": -2.7745633693487077, "params": {"C": 5.314221699855415, "epsilon": 4.114123549365585, "gamma": 0.01961360936080215, "lamda": 0.7671684455246995}, "datetime": {"datetime": "2021-09-16 12:59:12", "elapsed": 4082.066094, "delta": 1.725165}}
{"target": -17.746420942889053, "params": {"C": 12.83584877429783, "epsilon": 2.281973364336838, "gamma": 0.02111569493517458, "lamda": 1.8114430453442454}, "datetime": {"datetime": "2021-09-16 12:59:31", "elapsed": 4101.378619, "delta": 19.312525}}
{"target": -2.9314015371773707, "params": {"C": 4.486342278438517, "epsilon": 18.80881992994074, "gamma": 0.014263223888075972, "lamda": 1.086681984198239}, "datetime": {"datetime": "2021-09-16 12:59:34", "elapsed": 4103.623777, "delta": 2.245158}}
{"target": -19.932359357902662, "params": {"C": 28.847839231571577, "epsilon": 12.039949710689632, "gamma": 0.019950051191371655, "lamda": 2.512389930830538}, "datetime": {"datetime": "2021-09-16 12:59:47", "elapsed": 4116.604741, "delta": 12.980964}}
{"target": -19.72852438396903, "params": {"C": 8.284147210039283, "epsilon": 12.817376762599178, "gamma": 0.030425955831795075, "lamda": 1.3819513855318317}, "datetime": {"datetime": "2021-09-16 13:00:07", "elapsed": 4137.447036, "delta": 20.842295}}
{"target": -23.38436264734202, "params": {"C": 17.38319587918227, "epsilon": 18.253463496203963, "gamma": 0.030850070295841782, "lamda": 0.7736232869974947}, "datetime": {"datetime": "2021-09-16 13:00:28", "elapsed": 4157.977945, "delta": 20.530909}}
{"target": -17.068608246956824, "params": {"C": 28.244012386851423, "epsilon": 9.99762930306355, "gamma": 0.012281531802262099, "lamda": 0.9470086535332712}, "datetime": {"datetime": "2021-09-16 13:00:41", "elapsed": 4170.493052, "delta": 12.515107}}
{"target": -18.533579057301793, "params": {"C": 17.655500211821604, "epsilon": 11.037433089491632, "gamma": 0.028856284891946075, "lamda": 2.2447133382771463}, "datetime": {"datetime": "2021-09-16 13:01:01", "elapsed": 4190.906975, "delta": 20.413923}}
{"target": -16.940209833995226, "params": {"C": 27.62631698604196, "epsilon": 2.9553959913979506, "gamma": 0.04386526210756236, "lamda": 1.7241616062147709}, "datetime": {"datetime": "2021-09-16 13:01:15", "elapsed": 4204.646182, "delta": 13.739207}}
{"target": -16.128503423305368, "params": {"C": 28.221629074173276, "epsilon": 0.15415307306840262, "gamma": 0.045994071305957486, "lamda": 1.092086342691175}, "datetime": {"datetime": "2021-09-16 13:01:35", "elapsed": 4225.170898, "delta": 20.524716}}
{"target": -21.155078096260016, "params": {"C": 15.09611548530048, "epsilon": 15.83566735078198, "gamma": 0.041272895416900914, "lamda": 1.080042336478941}, "datetime": {"datetime": "2021-09-16 13:01:56", "elapsed": 4245.66334, "delta": 20.492442}}
{"target": -19.56263649524866, "params": {"C": 17.438348164845042, "epsilon": 11.249535774566102, "gamma": 0.024965635128723206, "lamda": 0.8388471916425118}, "datetime": {"datetime": "2021-09-16 13:02:11", "elapsed": 4261.250964, "delta": 15.587624}}
{"target": -18.4370486806592, "params": {"C": 21.341494641191947, "epsilon": 7.595361637537626, "gamma": 0.03143366670777213, "lamda": 2.116169204163497}, "datetime": {"datetime": "2021-09-16 13:02:29", "elapsed": 4279.113906, "delta": 17.862942}}
{"target": -2.938809347770558, "params": {"C": 4.274810324322447, "epsilon": 19.24543237209335, "gamma": 0.021331084562473852, "lamda": 0.32811141942599775}, "datetime": {"datetime": "2021-09-16 13:02:33", "elapsed": 4282.890012, "delta": 3.776106}}
{"target": -20.091741905333517, "params": {"C": 25.723817629500154, "epsilon": 13.554670632222171, "gamma": 0.016872353793338714, "lamda": 1.1826313805445694}, "datetime": {"datetime": "2021-09-16 13:02:59", "elapsed": 4309.108084, "delta": 26.218072}}
{"target": -2.510446025579501, "params": {"C": 11.095869119205043, "epsilon": 1.8258952160256394, "gamma": 0.018466262112413992, "lamda": 0.004437319139604474}, "datetime": {"datetime": "2021-09-16 13:03:04", "elapsed": 4314.307197, "delta": 5.199113}}
{"target": -17.44865500292668, "params": {"C": 10.461871235535131, "epsilon": 5.729526769660511, "gamma": 0.037456471045319406, "lamda": 2.07109994072151}, "datetime": {"datetime": "2021-09-16 13:03:27", "elapsed": 4336.64504, "delta": 22.337843}}
{"target": -17.597523471347653, "params": {"C": 21.773073814687073, "epsilon": 0.7175809284316171, "gamma": 0.020685595988086187, "lamda": 1.7459360644284985}, "datetime": {"datetime": "2021-09-16 13:03:45", "elapsed": 4355.242942, "delta": 18.597902}}
{"target": -18.394245745221426, "params": {"C": 14.190114134155191, "epsilon": 11.161313902370775, "gamma": 0.027657438757850525, "lamda": 1.1188185331406684}, "datetime": {"datetime": "2021-09-16 13:03:58", "elapsed": 4367.70975, "delta": 12.466808}}
{"target": -18.923989742775298, "params": {"C": 25.38298554851616, "epsilon": 11.157048108999355, "gamma": 0.031204909240081256, "lamda": 2.6354521074325423}, "datetime": {"datetime": "2021-09-16 13:04:17", "elapsed": 4387.172338, "delta": 19.462588}}
{"target": -18.700863431789003, "params": {"C": 9.580287198519436, "epsilon": 12.658596288105816, "gamma": 0.01826699552739517, "lamda": 1.4743379412783968}, "datetime": {"datetime": "2021-09-16 13:04:30", "elapsed": 4399.493116, "delta": 12.320778}}
{"target": -23.69613100968823, "params": {"C": 28.233107982131326, "epsilon": 18.984203009705595, "gamma": 0.022914271138278715, "lamda": 0.8107446659703839}, "datetime": {"datetime": "2021-09-16 13:04:43", "elapsed": 4412.55032, "delta": 13.057204}}
{"target": -16.844225240919705, "params": {"C": 15.01611760814716, "epsilon": 8.568748981615471, "gamma": 0.04971554036453654, "lamda": 0.7754143623360029}, "datetime": {"datetime": "2021-09-16 13:05:02", "elapsed": 4431.647904, "delta": 19.097584}}
{"target": -18.22787347777572, "params": {"C": 18.072579305742984, "epsilon": 14.53615579443297, "gamma": 0.010463858219474043, "lamda": 0.5314377288061684}, "datetime": {"datetime": "2021-09-16 13:05:14", "elapsed": 4444.176081, "delta": 12.528177}}
{"target": -17.14953295179708, "params": {"C": 9.589470606372803, "epsilon": 10.66610240401192, "gamma": 0.012666420968820521, "lamda": 2.8312822499378316}, "datetime": {"datetime": "2021-09-16 13:05:27", "elapsed": 4457.259772, "delta": 13.083691}}
{"target": -18.317144265507245, "params": {"C": 11.610118216094733, "epsilon": 12.561960501997024, "gamma": 0.04977302508422617, "lamda": 2.8182267036419626}, "datetime": {"datetime": "2021-09-16 13:05:48", "elapsed": 4477.895498, "delta": 20.635726}}
{"target": -18.641990042069555, "params": {"C": 9.061929467976062, "epsilon": 13.303738672958733, "gamma": 0.012436656236981989, "lamda": 1.5489299751112502}, "datetime": {"datetime": "2021-09-16 13:06:01", "elapsed": 4490.956498, "delta": 13.061}}
{"target": -20.673600882562056, "params": {"C": 21.093665273981422, "epsilon": 15.906205551843923, "gamma": 0.04696475139593152, "lamda": 2.4724857191508454}, "datetime": {"datetime": "2021-09-16 13:06:21", "elapsed": 4510.525531, "delta": 19.569033}}
{"target": -21.45173473321408, "params": {"C": 12.262720918855743, "epsilon": 16.703511043325886, "gamma": 0.013600012218561507, "lamda": 2.4191469536974406}, "datetime": {"datetime": "2021-09-16 13:06:33", "elapsed": 4523.280817, "delta": 12.755286}}
{"target": -18.237314967633882, "params": {"C": 8.602393626161156, "epsilon": 8.883530537503773, "gamma": 0.025401367658889583, "lamda": 1.821335467772829}, "datetime": {"datetime": "2021-09-16 13:06:46", "elapsed": 4535.938677, "delta": 12.65786}}
{"target": -18.764894692345372, "params": {"C": 16.11767152470801, "epsilon": 11.360774711545572, "gamma": 0.030301495959671833, "lamda": 1.45884709899129}, "datetime": {"datetime": "2021-09-16 13:07:06", "elapsed": 4556.028301, "delta": 20.089624}}
{"target": -20.22720435918279, "params": {"C": 15.852896365611794, "epsilon": 14.058300464044125, "gamma": 0.03931329818446999, "lamda": 0.8842985005785806}, "datetime": {"datetime": "2021-09-16 13:07:26", "elapsed": 4576.306568, "delta": 20.278267}}
{"target": -18.669341181317304, "params": {"C": 15.262579218290837, "epsilon": 10.723728297074356, "gamma": 0.04216641245217229, "lamda": 2.924078110505274}, "datetime": {"datetime": "2021-09-16 13:07:47", "elapsed": 4596.687625, "delta": 20.381057}}
{"target": -2.581769774306454, "params": {"C": 9.645684143624159, "epsilon": 9.473967756068953, "gamma": 0.01385893727043866, "lamda": 0.10249184236138136}, "datetime": {"datetime": "2021-09-16 13:07:49", "elapsed": 4598.538779, "delta": 1.851154}}
