{"target": 0.9005142213747518, "params": {"C": 80.40037814606593, "epsilon": 0.6519544757238658, "gamma": 0.08839156144309895, "lamda": 0.048704403954147595}, "datetime": {"datetime": "2021-09-23 12:39:46", "elapsed": 632.349529, "delta": 0.952039}}
{"target": -2.2502995448344905, "params": {"C": 98.99186761900597, "epsilon": 0.4257029408312759, "gamma": 0.0620244843569004, "lamda": 0.49848295932268366}, "datetime": {"datetime": "2021-09-23 12:39:56", "elapsed": 642.420191, "delta": 10.070662}}
{"target": 0.895020976418807, "params": {"C": 80.47199066124004, "epsilon": 0.5813504466313494, "gamma": 0.10241428107482062, "lamda": 0.08340112465266644}, "datetime": {"datetime": "2021-09-23 12:39:58", "elapsed": 644.36257, "delta": 1.942379}}
{"target": 0.8948343567803443, "params": {"C": 96.79616429283595, "epsilon": 0.5545836867637219, "gamma": 0.10773965907126827, "lamda": 0.014379964047736404}, "datetime": {"datetime": "2021-09-23 12:39:59", "elapsed": 645.209487, "delta": 0.846917}}
{"target": 0.8911300648549719, "params": {"C": 81.0407877840469, "epsilon": 0.7685711544781556, "gamma": 0.11408413609219402, "lamda": 0.11674382361333686}, "datetime": {"datetime": "2021-09-23 12:40:00", "elapsed": 646.932051, "delta": 1.722564}}
{"target": 0.8644864736317451, "params": {"C": 80.3684205519843, "epsilon": 0.5465399135756381, "gamma": 0.17657625448905662, "lamda": 0.04270392888577461}, "datetime": {"datetime": "2021-09-23 12:40:02", "elapsed": 648.385558, "delta": 1.453507}}
{"target": 0.8898619961569494, "params": {"C": 80.4504858306955, "epsilon": 0.503676363667602, "gamma": 0.11758761339930537, "lamda": 0.0951377335902068}, "datetime": {"datetime": "2021-09-23 12:40:04", "elapsed": 650.292868, "delta": 1.90731}}
{"target": 0.8892563778076016, "params": {"C": 80.40517579042326, "epsilon": 0.6156416780811732, "gamma": 0.11906186097343115, "lamda": 0.14602300599369342}, "datetime": {"datetime": "2021-09-23 12:40:06", "elapsed": 652.163162, "delta": 1.870294}}
{"target": 0.8552867843241921, "params": {"C": 95.02140804222523, "epsilon": 0.913410401200555, "gamma": 0.18793235749489456, "lamda": 0.17193473284395053}, "datetime": {"datetime": "2021-09-23 12:40:06", "elapsed": 653.025634, "delta": 0.862472}}
{"target": -2.097389999262401, "params": {"C": 80.25938312573109, "epsilon": 0.6248320980876969, "gamma": 0.05840551943729457, "lamda": 0.22164586511847265}, "datetime": {"datetime": "2021-09-23 12:40:17", "elapsed": 663.463236, "delta": 10.437602}}
{"target": 0.8808487455916685, "params": {"C": 80.41456321013735, "epsilon": 0.5648496756917125, "gamma": 0.14091119227365043, "lamda": 0.09613651769625199}, "datetime": {"datetime": "2021-09-23 12:40:19", "elapsed": 665.539817, "delta": 2.076581}}
{"target": 0.8938296795725598, "params": {"C": 80.1699713020402, "epsilon": 0.6240380587840384, "gamma": 0.10536540977872587, "lamda": 0.2943456930253377}, "datetime": {"datetime": "2021-09-23 12:40:21", "elapsed": 667.22768, "delta": 1.687863}}
{"target": 0.8638693757324675, "params": {"C": 80.34887741005515, "epsilon": 0.621077000863391, "gamma": 0.1775757177077043, "lamda": 0.08586346340713795}, "datetime": {"datetime": "2021-09-23 12:40:22", "elapsed": 668.624607, "delta": 1.396927}}
{"target": 0.8766736101796352, "params": {"C": 77.34561794283522, "epsilon": 0.31065462337949035, "gamma": 0.15100577664156545, "lamda": 0.3421195854584399}, "datetime": {"datetime": "2021-09-23 12:40:24", "elapsed": 670.972129, "delta": 2.347522}}
{"target": 0.9048209990914396, "params": {"C": 81.0538043792372, "epsilon": 0.7574485237215879, "gamma": 0.07938922838388987, "lamda": 0.0664135394105836}, "datetime": {"datetime": "2021-09-23 12:40:26", "elapsed": 672.263722, "delta": 1.291593}}
{"target": 0.8975842988349889, "params": {"C": 94.30746784588425, "epsilon": 0.06210937207948398, "gamma": 0.0975289838280749, "lamda": 0.38048700558794013}, "datetime": {"datetime": "2021-09-23 12:40:27", "elapsed": 673.15482, "delta": 0.891098}}
{"target": 0.8794341390710037, "params": {"C": 80.42388133072583, "epsilon": 0.48693844594917096, "gamma": 0.14468618777070258, "lamda": 0.04783991585292193}, "datetime": {"datetime": "2021-09-23 12:40:28", "elapsed": 674.521006, "delta": 1.366186}}
{"target": 0.8879903813210469, "params": {"C": 88.00947189971092, "epsilon": 0.9638766794351867, "gamma": 0.12390838467633175, "lamda": 0.25846001499003685}, "datetime": {"datetime": "2021-09-23 12:40:29", "elapsed": 675.41202, "delta": 0.891014}}
{"target": 0.8575487003901638, "params": {"C": 79.58527200751111, "epsilon": 0.11613996145704691, "gamma": 0.18786184270206083, "lamda": 0.21318876158396521}, "datetime": {"datetime": "2021-09-23 12:40:30", "elapsed": 676.36902, "delta": 0.957}}
{"target": 0.8847694930561347, "params": {"C": 80.31446695097343, "epsilon": 0.6300449367360915, "gamma": 0.13071725966567369, "lamda": 0.019109098273151784}, "datetime": {"datetime": "2021-09-23 12:40:31", "elapsed": 677.839159, "delta": 1.470139}}
{"target": 0.8798223315463929, "params": {"C": 80.44424495705013, "epsilon": 0.6908007586617969, "gamma": 0.1437241953734511, "lamda": 0.08718160415223053}, "datetime": {"datetime": "2021-09-23 12:40:33", "elapsed": 679.341206, "delta": 1.502047}}
{"target": -2.1367552822095477, "params": {"C": 97.7893099601042, "epsilon": 0.49810270645985943, "gamma": 0.050379929131076674, "lamda": 0.16204967159821299}, "datetime": {"datetime": "2021-09-23 12:40:43", "elapsed": 689.620208, "delta": 10.279002}}
{"target": -2.0635652359910632, "params": {"C": 92.67888119880595, "epsilon": 0.5592751493179724, "gamma": 0.05677877459360724, "lamda": 0.14849597541329565}, "datetime": {"datetime": "2021-09-23 12:40:55", "elapsed": 701.534207, "delta": 11.913999}}
{"target": 0.8780924703859033, "params": {"C": 76.72309928611071, "epsilon": 0.24293183147817388, "gamma": 0.14730592960011019, "lamda": 0.46005283419169435}, "datetime": {"datetime": "2021-09-23 12:40:56", "elapsed": 702.590206, "delta": 1.055999}}
{"target": 0.9096311389171037, "params": {"C": 80.42764317676307, "epsilon": 0.6976802744579289, "gamma": 0.06108619382695647, "lamda": 0.11046100037716075}, "datetime": {"datetime": "2021-09-23 12:40:58", "elapsed": 704.717207, "delta": 2.127001}}
{"target": 0.8794552676869024, "params": {"C": 77.29633899369452, "epsilon": 0.2320011132062274, "gamma": 0.14393649213243764, "lamda": 0.3168386105706958}, "datetime": {"datetime": "2021-09-23 12:41:00", "elapsed": 706.663465, "delta": 1.946258}}
{"target": 0.90470160946649, "params": {"C": 92.93097142199315, "epsilon": 0.35382027390878074, "gamma": 0.0816184515991247, "lamda": 0.20741200252162728}, "datetime": {"datetime": "2021-09-23 12:41:01", "elapsed": 707.633234, "delta": 0.969769}}
{"target": 0.8835676143788401, "params": {"C": 92.59510892593602, "epsilon": 0.4717141887605684, "gamma": 0.13686690163190238, "lamda": 0.1401370581206429}, "datetime": {"datetime": "2021-09-23 12:41:03", "elapsed": 709.651887, "delta": 2.018653}}
{"target": 0.87859239467705, "params": {"C": 92.63205491382243, "epsilon": 0.5230892882114632, "gamma": 0.1488359034854587, "lamda": 0.09019335537595459}, "datetime": {"datetime": "2021-09-23 12:41:05", "elapsed": 711.721832, "delta": 2.069945}}
{"target": 0.8947635789767331, "params": {"C": 80.48324124861851, "epsilon": 0.6545829815158983, "gamma": 0.10298015572003998, "lamda": 0.13685390111880838}, "datetime": {"datetime": "2021-09-23 12:41:08", "elapsed": 714.577259, "delta": 2.855427}}
{"target": 0.8980676535871587, "params": {"C": 80.28024889968371, "epsilon": 0.5444104566623142, "gamma": 0.09424548696092626, "lamda": 0.045924009490694466}, "datetime": {"datetime": "2021-09-23 12:41:10", "elapsed": 716.314459, "delta": 1.7372}}
{"target": 0.8595607245425657, "params": {"C": 89.15587356754808, "epsilon": 0.45764810808839834, "gamma": 0.1824137743951387, "lamda": 0.3469147616113947}, "datetime": {"datetime": "2021-09-23 12:41:11", "elapsed": 717.374148, "delta": 1.059689}}
{"target": 0.8704288388081205, "params": {"C": 92.68864597307339, "epsilon": 0.4678595135056428, "gamma": 0.16450412021341373, "lamda": 0.09104336781938206}, "datetime": {"datetime": "2021-09-23 12:41:13", "elapsed": 719.703877, "delta": 2.329729}}
{"target": 0.8943262629443322, "params": {"C": 80.31795715750445, "epsilon": 0.4641651279004447, "gamma": 0.10416836366110167, "lamda": 0.050647507879591686}, "datetime": {"datetime": "2021-09-23 12:41:16", "elapsed": 722.053583, "delta": 2.349706}}
{"target": 0.8814883673754429, "params": {"C": 80.38056821775751, "epsilon": 0.43610402944415355, "gamma": 0.1392193963400677, "lamda": 0.09824256974577314}, "datetime": {"datetime": "2021-09-23 12:41:18", "elapsed": 724.750362, "delta": 2.696779}}
{"target": 0.8890757004201444, "params": {"C": 99.22110176359682, "epsilon": 0.044644772663449565, "gamma": 0.12360250527869691, "lamda": 0.29429566037581906}, "datetime": {"datetime": "2021-09-23 12:41:19", "elapsed": 725.686359, "delta": 0.935997}}
{"target": 0.8533469345792148, "params": {"C": 80.45181382018114, "epsilon": 0.62559530676426, "gamma": 0.19440726126054705, "lamda": 0.12322396714198217}, "datetime": {"datetime": "2021-09-23 12:41:21", "elapsed": 727.708036, "delta": 2.021677}}
{"target": -2.077898080152094, "params": {"C": 94.52808666085667, "epsilon": 0.7057180340746648, "gamma": 0.05677572479226955, "lamda": 0.10595664770327233}, "datetime": {"datetime": "2021-09-23 12:41:32", "elapsed": 738.441058, "delta": 10.733022}}
{"target": 0.8869290766297627, "params": {"C": 80.28750494493377, "epsilon": 0.49141457078917167, "gamma": 0.12537208586060422, "lamda": 0.12069670401555635}, "datetime": {"datetime": "2021-09-23 12:41:35", "elapsed": 741.312145, "delta": 2.871087}}
{"target": 0.8825733051480791, "params": {"C": 92.74283124534541, "epsilon": 0.5750716367290261, "gamma": 0.1392360402860713, "lamda": 0.010839941797947557}, "datetime": {"datetime": "2021-09-23 12:41:37", "elapsed": 743.42714, "delta": 2.114995}}
{"target": 0.8883397879968005, "params": {"C": 92.68485121999515, "epsilon": 0.5107910849467949, "gamma": 0.12422942581188348, "lamda": 0.01855097339111389}, "datetime": {"datetime": "2021-09-23 12:41:38", "elapsed": 744.873897, "delta": 1.446757}}
{"target": 0.8705331781580756, "params": {"C": 80.3695487201071, "epsilon": 0.6986487829315842, "gamma": 0.16549268492238828, "lamda": 0.029456857026959528}, "datetime": {"datetime": "2021-09-23 12:41:41", "elapsed": 747.223457, "delta": 2.34956}}
{"target": 0.8503778156793904, "params": {"C": 92.70326680464855, "epsilon": 0.5695045608118906, "gamma": 0.19621568682092372, "lamda": 0.0649789970254013}, "datetime": {"datetime": "2021-09-23 12:41:43", "elapsed": 749.302048, "delta": 2.078591}}
{"target": 0.8710054758126353, "params": {"C": 92.62792414395805, "epsilon": 0.4487077479007718, "gamma": 0.1634699742349147, "lamda": 0.02683014739665088}, "datetime": {"datetime": "2021-09-23 12:41:45", "elapsed": 751.148324, "delta": 1.846276}}
{"target": 0.9099853194946097, "params": {"C": 80.33596250405567, "epsilon": 0.438704614212582, "gamma": 0.05953363761078008, "lamda": 0.12802814889529932}, "datetime": {"datetime": "2021-09-23 12:41:46", "elapsed": 752.971617, "delta": 1.823293}}
{"target": 0.8982536796990074, "params": {"C": 92.67805881005346, "epsilon": 0.41593724557558015, "gamma": 0.09588935588747398, "lamda": 0.07842860811033084}, "datetime": {"datetime": "2021-09-23 12:41:49", "elapsed": 755.165174, "delta": 2.193557}}
{"target": -2.2174520622969953, "params": {"C": 77.37772758185038, "epsilon": 0.21728235858027187, "gamma": 0.057097011559232067, "lamda": 0.21886798666128612}, "datetime": {"datetime": "2021-09-23 12:41:59", "elapsed": 765.455858, "delta": 10.290684}}
{"target": 0.8680131686566196, "params": {"C": 97.86393841977967, "epsilon": 0.7393108473324965, "gamma": 0.1674593865702503, "lamda": 0.038473399524224926}, "datetime": {"datetime": "2021-09-23 12:42:00", "elapsed": 766.405323, "delta": 0.949465}}
{"target": 0.8854625492691858, "params": {"C": 92.760436337053, "epsilon": 0.48787089654026183, "gamma": 0.13183690047804608, "lamda": 0.016005759254436328}, "datetime": {"datetime": "2021-09-23 12:42:02", "elapsed": 768.367226, "delta": 1.961903}}
{"target": 0.8924967132327445, "params": {"C": 92.78739680192068, "epsilon": 0.4269022294388636, "gamma": 0.11365598762067035, "lamda": 0.08456930483106022}, "datetime": {"datetime": "2021-09-23 12:42:04", "elapsed": 770.525851, "delta": 2.158625}}
{"target": -3.1790770501436727, "params": {"C": 76.20614130506699, "epsilon": 0.18829283972449753, "gamma": 0.048761273992023235, "lamda": 0.1671712497493582}, "datetime": {"datetime": "2021-09-23 12:42:22", "elapsed": 788.162435, "delta": 17.636584}}
{"target": 0.8869429734286713, "params": {"C": 80.31922132404196, "epsilon": 0.423229453914797, "gamma": 0.1253632059480544, "lamda": 0.20967315011626142}, "datetime": {"datetime": "2021-09-23 12:42:24", "elapsed": 790.26047, "delta": 2.098035}}
{"target": 0.876406730548367, "params": {"C": 80.4071835552981, "epsilon": 0.476359884930657, "gamma": 0.15221803620996238, "lamda": 0.1743892795058884}, "datetime": {"datetime": "2021-09-23 12:42:26", "elapsed": 792.480818, "delta": 2.220348}}
{"target": 0.8966805163047006, "params": {"C": 80.38884850332732, "epsilon": 0.3784602670616536, "gamma": 0.09838253400807842, "lamda": 0.17105661311584963}, "datetime": {"datetime": "2021-09-23 12:42:28", "elapsed": 794.853999, "delta": 2.373181}}
{"target": 0.8699158403816266, "params": {"C": 89.23387034850455, "epsilon": 0.4949485723294985, "gamma": 0.1657727564271898, "lamda": 0.40736992100646613}, "datetime": {"datetime": "2021-09-23 12:42:30", "elapsed": 797.012689, "delta": 2.15869}}
{"target": 0.9105891294462742, "params": {"C": 80.43909804412868, "epsilon": 0.45980083608353783, "gamma": 0.0557764953764678, "lamda": 0.1470550790914794}, "datetime": {"datetime": "2021-09-23 12:42:32", "elapsed": 798.770634, "delta": 1.757945}}
{"target": 0.8856587031069587, "params": {"C": 92.65208150241031, "epsilon": 0.6302326476294425, "gamma": 0.13116737042158813, "lamda": 0.021188043645179802}, "datetime": {"datetime": "2021-09-23 12:42:34", "elapsed": 800.554229, "delta": 1.783595}}
{"target": 0.9087625202790603, "params": {"C": 80.39947789160775, "epsilon": 0.40963793619733296, "gamma": 0.06477227756029809, "lamda": 0.25573777195629027}, "datetime": {"datetime": "2021-09-23 12:42:36", "elapsed": 802.245397, "delta": 1.691168}}
{"target": 0.876348695743471, "params": {"C": 92.731966782372, "epsilon": 0.6622330250036809, "gamma": 0.15344943967283092, "lamda": 0.06051682092670855}, "datetime": {"datetime": "2021-09-23 12:42:38", "elapsed": 804.813053, "delta": 2.567656}}
{"target": -2.2486923492247093, "params": {"C": 80.42755963084146, "epsilon": 0.525060564586651, "gamma": 0.05557835598182488, "lamda": 0.22330494547738267}, "datetime": {"datetime": "2021-09-23 12:42:49", "elapsed": 815.90604, "delta": 11.092987}}
{"target": 0.8918008009720191, "params": {"C": 91.37299520289987, "epsilon": 0.3248056779777505, "gamma": 0.11524471569304628, "lamda": 0.1645084614314468}, "datetime": {"datetime": "2021-09-23 12:42:50", "elapsed": 816.984234, "delta": 1.078194}}
{"target": 0.9106112476279816, "params": {"C": 80.42296909206496, "epsilon": 0.4118658291461991, "gamma": 0.05559585163768014, "lamda": 0.07399148176460531}, "datetime": {"datetime": "2021-09-23 12:42:53", "elapsed": 819.867949, "delta": 2.883715}}
{"target": 0.8780630739192907, "params": {"C": 82.11318287347618, "epsilon": 0.5997715054745351, "gamma": 0.14857631447766947, "lamda": 0.3238883463481495}, "datetime": {"datetime": "2021-09-23 12:42:55", "elapsed": 821.045236, "delta": 1.177287}}
{"target": 0.9112652593940445, "params": {"C": 92.70726218078342, "epsilon": 0.6762420277043195, "gamma": 0.05786791985788591, "lamda": 0.0443870752571995}, "datetime": {"datetime": "2021-09-23 12:42:57", "elapsed": 823.143652, "delta": 2.098416}}
{"target": 0.8498191274501581, "params": {"C": 80.49647688831129, "epsilon": 0.545431064130199, "gamma": 0.2, "lamda": 0.05740754394660938}, "datetime": {"datetime": "2021-09-23 12:43:00", "elapsed": 826.349, "delta": 3.205348}}
{"target": 0.8757217051367101, "params": {"C": 81.94672021183159, "epsilon": 0.14810121781796123, "gamma": 0.1540852214044822, "lamda": 0.41805204279439234}, "datetime": {"datetime": "2021-09-23 12:43:01", "elapsed": 827.387, "delta": 1.038}}
{"target": 0.8608184878776065, "params": {"C": 92.65615882961053, "epsilon": 0.36917403495220197, "gamma": 0.17963826740668926, "lamda": 0.0918535145152148}, "datetime": {"datetime": "2021-09-23 12:43:03", "elapsed": 829.819307, "delta": 2.432307}}
{"target": 0.8664042827049386, "params": {"C": 81.6021887121235, "epsilon": 0.9744237710848178, "gamma": 0.17305064936315714, "lamda": 0.2045626209287004}, "datetime": {"datetime": "2021-09-23 12:43:04", "elapsed": 830.84696, "delta": 1.027653}}
{"target": 0.8887006137261386, "params": {"C": 80.47953799710237, "epsilon": 0.40634353547310337, "gamma": 0.12075732950734525, "lamda": 0.1296887727543065}, "datetime": {"datetime": "2021-09-23 12:43:06", "elapsed": 833.035494, "delta": 2.188534}}
{"target": 0.9037540769397538, "params": {"C": 76.77718785214199, "epsilon": 0.7523932367414649, "gamma": 0.08137014009103101, "lamda": 0.19087352390581536}, "datetime": {"datetime": "2021-09-23 12:43:08", "elapsed": 834.319866, "delta": 1.284372}}
{"target": -3.4190046930040694, "params": {"C": 96.01438169809569, "epsilon": 0.7848187237964455, "gamma": 0.0312919723928659, "lamda": 0.20622047723189876}, "datetime": {"datetime": "2021-09-23 12:43:18", "elapsed": 844.856852, "delta": 10.536986}}
{"target": 0.8704204674712268, "params": {"C": 80.41062020195393, "epsilon": 0.389325875992651, "gamma": 0.16567613390815253, "lamda": 0.24227641840797726}, "datetime": {"datetime": "2021-09-23 12:43:20", "elapsed": 847.001307, "delta": 2.144455}}
{"target": 0.8684684765522186, "params": {"C": 94.21294944684794, "epsilon": 0.8859725770114489, "gamma": 0.1674451304433059, "lamda": 0.2560621286984542}, "datetime": {"datetime": "2021-09-23 12:43:22", "elapsed": 848.09556, "delta": 1.094253}}
{"target": 0.888484128368428, "params": {"C": 89.49870489699748, "epsilon": 0.6076465793414947, "gamma": 0.12319888745398973, "lamda": 0.2681722469841159}, "datetime": {"datetime": "2021-09-23 12:43:23", "elapsed": 849.147559, "delta": 1.051999}}
{"target": 0.8822670689146755, "params": {"C": 93.47826541478577, "epsilon": 0.12564889060252346, "gamma": 0.14027544657138588, "lamda": 0.22179733001224236}, "datetime": {"datetime": "2021-09-23 12:43:24", "elapsed": 850.227183, "delta": 1.079624}}
{"target": -1.9372106249561138, "params": {"C": 82.3221776211748, "epsilon": 0.38613280558728824, "gamma": 0.06483074136993303, "lamda": 0.48866631020232937}, "datetime": {"datetime": "2021-09-23 12:43:34", "elapsed": 860.735174, "delta": 10.507991}}
{"target": 0.8798757132063183, "params": {"C": 82.01634084330608, "epsilon": 0.17661442941768135, "gamma": 0.1440913696456112, "lamda": 0.3471473121701298}, "datetime": {"datetime": "2021-09-23 12:43:36", "elapsed": 862.59194, "delta": 1.856766}}
{"target": 0.8550823554992062, "params": {"C": 92.80062760274444, "epsilon": 0.5027855924254605, "gamma": 0.18865881753528338, "lamda": 0.08429674970835857}, "datetime": {"datetime": "2021-09-23 12:43:38", "elapsed": 864.209182, "delta": 1.617242}}
{"target": 0.8775874927961839, "params": {"C": 95.74989683699863, "epsilon": 0.2666820817525063, "gamma": 0.01999990935329296, "lamda": 0.12366260316958606}, "datetime": {"datetime": "2021-09-23 12:43:39", "elapsed": 865.297711, "delta": 1.088529}}
{"target": 0.8685405146424141, "params": {"C": 88.703410385667, "epsilon": 0.6075731371828913, "gamma": 0.16838297502889046, "lamda": 0.3774713565550635}, "datetime": {"datetime": "2021-09-23 12:43:40", "elapsed": 866.349855, "delta": 1.052144}}
{"target": 0.9000732772163473, "params": {"C": 85.28109151381011, "epsilon": 0.23103158553363684, "gamma": 0.09028451255443641, "lamda": 0.051889804173557055}, "datetime": {"datetime": "2021-09-23 12:43:41", "elapsed": 867.521496, "delta": 1.171641}}
{"target": 0.8819554640368091, "params": {"C": 80.57350016389852, "epsilon": 0.4201866547877596, "gamma": 0.13793907869086794, "lamda": 0.078025528076843}, "datetime": {"datetime": "2021-09-23 12:43:43", "elapsed": 869.809272, "delta": 2.287776}}
{"target": -2.9413230274562348, "params": {"C": 80.52588115522423, "epsilon": 0.42358145758879057, "gamma": 0.04000701505587851, "lamda": 0.09804826146109123}, "datetime": {"datetime": "2021-09-23 12:43:54", "elapsed": 880.799791, "delta": 10.990519}}
{"target": 0.8498196703176112, "params": {"C": 80.49278818473958, "epsilon": 0.44513455208592817, "gamma": 0.2, "lamda": 0.11081907809101027}, "datetime": {"datetime": "2021-09-23 12:43:57", "elapsed": 883.285068, "delta": 2.485277}}
{"target": 0.8559299423148173, "params": {"C": 80.33925831935166, "epsilon": 0.373065076145656, "gamma": 0.19028159191321906, "lamda": 0.1531950482099768}, "datetime": {"datetime": "2021-09-23 12:43:59", "elapsed": 885.283426, "delta": 1.998358}}
{"target": -3.1718276906393577, "params": {"C": 83.99883265818994, "epsilon": 0.8352622186910292, "gamma": 0.04487335871028422, "lamda": 0.2180582681925034}, "datetime": {"datetime": "2021-09-23 12:44:09", "elapsed": 895.6408, "delta": 10.357374}}
{"target": 0.9079174371191385, "params": {"C": 92.59091080745273, "epsilon": 0.46914478557518524, "gamma": 0.0739425100949421, "lamda": 0.07026337420445776}, "datetime": {"datetime": "2021-09-23 12:44:12", "elapsed": 898.878045, "delta": 3.237245}}
{"target": 0.8565461316291537, "params": {"C": 80.27466591441836, "epsilon": 0.40765443491683095, "gamma": 0.18931690286655434, "lamda": 0.06650896044817389}, "datetime": {"datetime": "2021-09-23 12:44:15", "elapsed": 901.046696, "delta": 2.168651}}
