{"target": -2.2884785227775484, "params": {"C": 15.471553084574738, "epsilon": 20.0, "gamma": 0.05, "lamda": 0.001}, "datetime": {"datetime": "2021-09-16 11:55:39", "elapsed": 268.670764, "delta": 0.898727}}
{"target": -24.449504587544336, "params": {"C": 14.75719714512249, "epsilon": 19.905133761365374, "gamma": 0.03491809010957305, "lamda": 2.6722257472440996}, "datetime": {"datetime": "2021-09-16 11:55:57", "elapsed": 287.140175, "delta": 18.469411}}
{"target": -16.340707669017714, "params": {"C": 17.836973885346747, "epsilon": 19.962547991971444, "gamma": 0.011510846701442303, "lamda": 0.09781362540364397}, "datetime": {"datetime": "2021-09-16 11:56:15", "elapsed": 304.624573, "delta": 17.484398}}
{"target": -2.571411660352484, "params": {"C": 12.957351356325887, "epsilon": 19.60700309304285, "gamma": 0.011628387811638418, "lamda": 0.10597162137150729}, "datetime": {"datetime": "2021-09-16 11:56:15", "elapsed": 305.431923, "delta": 0.80735}}
{"target": -15.085736796420743, "params": {"C": 30.0, "epsilon": 4.9377564910539435, "gamma": 0.01, "lamda": 3.0}, "datetime": {"datetime": "2021-09-16 11:56:27", "elapsed": 316.728163, "delta": 11.29624}}
{"target": -23.75859957625967, "params": {"C": 29.983635886232612, "epsilon": 19.187930088908374, "gamma": 0.023790334877864167, "lamda": 2.844348101507851}, "datetime": {"datetime": "2021-09-16 11:56:45", "elapsed": 335.091861, "delta": 18.363698}}
{"target": -22.548011081880464, "params": {"C": 3.0, "epsilon": 20.0, "gamma": 0.01, "lamda": 3.0}, "datetime": {"datetime": "2021-09-16 11:57:04", "elapsed": 354.165356, "delta": 19.073495}}
{"target": -14.992593822954458, "params": {"C": 7.920757541858306, "epsilon": 8.158713035270248, "gamma": 0.01, "lamda": 3.0}, "datetime": {"datetime": "2021-09-16 11:57:16", "elapsed": 365.566523, "delta": 11.401167}}
{"target": -18.702878339815655, "params": {"C": 22.733306046387767, "epsilon": 11.958237129417716, "gamma": 0.034090366327138806, "lamda": 2.903755033157927}, "datetime": {"datetime": "2021-09-16 11:57:34", "elapsed": 383.829719, "delta": 18.263196}}
{"target": -2.329228616311602, "params": {"C": 14.417480206250296, "epsilon": 18.561042508319186, "gamma": 0.05, "lamda": 0.001}, "datetime": {"datetime": "2021-09-16 11:57:35", "elapsed": 384.831007, "delta": 1.001288}}
{"target": -2.481363963403234, "params": {"C": 23.931348520896936, "epsilon": 5.811511201820939, "gamma": 0.01, "lamda": 0.001}, "datetime": {"datetime": "2021-09-16 11:57:36", "elapsed": 385.741335, "delta": 0.910328}}
{"target": -3.21843637272636, "params": {"C": 3.0, "epsilon": 1.9200112271283556, "gamma": 0.01, "lamda": 0.001}, "datetime": {"datetime": "2021-09-16 11:57:37", "elapsed": 386.563628, "delta": 0.822293}}
{"target": -16.073809005596335, "params": {"C": 3.212777661467031, "epsilon": 0.11324225538215293, "gamma": 0.04785070486535302, "lamda": 1.4065889685049495}, "datetime": {"datetime": "2021-09-16 11:57:55", "elapsed": 405.354705, "delta": 18.791077}}
{"target": -2.9815334896836903, "params": {"C": 3.088562974643461, "epsilon": 3.598941030252472, "gamma": 0.026255268494871906, "lamda": 0.0025254586939137784}, "datetime": {"datetime": "2021-09-16 11:57:56", "elapsed": 406.150225, "delta": 0.79552}}
{"target": -16.06915650866219, "params": {"C": 22.648354378502386, "epsilon": 0.24298182710579536, "gamma": 0.04559163049863223, "lamda": 2.79023183082323}, "datetime": {"datetime": "2021-09-16 11:58:14", "elapsed": 424.187621, "delta": 18.037396}}
{"target": -16.726329239430967, "params": {"C": 6.956552412177307, "epsilon": 1.4006866743295066, "gamma": 0.04750041766576623, "lamda": 2.990773340222918}, "datetime": {"datetime": "2021-09-16 11:58:33", "elapsed": 442.515108, "delta": 18.327487}}
{"target": -2.3695248442619943, "params": {"C": 15.106830176740338, "epsilon": 5.683031828531468, "gamma": 0.0203748833931199, "lamda": 2.605082137196311}, "datetime": {"datetime": "2021-09-16 11:58:33", "elapsed": 443.430709, "delta": 0.915601}}
{"target": -2.6253030441243483, "params": {"C": 12.701225893696442, "epsilon": 0.1, "gamma": 0.01, "lamda": 3.0}, "datetime": {"datetime": "2021-09-16 11:58:34", "elapsed": 444.268238, "delta": 0.837529}}
{"target": -15.844735333271998, "params": {"C": 14.750102513716353, "epsilon": 3.194089973649983, "gamma": 0.05, "lamda": 3.0}, "datetime": {"datetime": "2021-09-16 11:58:46", "elapsed": 456.432134, "delta": 12.163896}}
{"target": -15.18042547751252, "params": {"C": 15.976517593255245, "epsilon": 7.258861170372417, "gamma": 0.01, "lamda": 1.5676425436931114}, "datetime": {"datetime": "2021-09-16 11:58:58", "elapsed": 467.720192, "delta": 11.288058}}
{"target": -16.796536857555505, "params": {"C": 12.883359482772002, "epsilon": 6.343658949169634, "gamma": 0.05, "lamda": 3.0}, "datetime": {"datetime": "2021-09-16 11:59:16", "elapsed": 486.018462, "delta": 18.29827}}
{"target": -2.6351791256137003, "params": {"C": 10.48912272393034, "epsilon": 0.14672343557450904, "gamma": 0.011484053188355268, "lamda": 2.1869445070393208}, "datetime": {"datetime": "2021-09-16 11:59:17", "elapsed": 486.846366, "delta": 0.827904}}
{"target": -2.7248214427223294, "params": {"C": 9.24859138838328, "epsilon": 12.583078520704692, "gamma": 0.010252583113938854, "lamda": 0.0999472207595342}, "datetime": {"datetime": "2021-09-16 11:59:18", "elapsed": 487.836666, "delta": 0.9903}}
{"target": -2.7137523448693717, "params": {"C": 5.881657134332643, "epsilon": 13.1991725871266, "gamma": 0.025750807337942563, "lamda": 0.1603912804605249}, "datetime": {"datetime": "2021-09-16 11:59:19", "elapsed": 488.70538, "delta": 0.868714}}
{"target": -3.074437616393874, "params": {"C": 3.0, "epsilon": 14.603818430666834, "gamma": 0.05, "lamda": 0.001}, "datetime": {"datetime": "2021-09-16 11:59:20", "elapsed": 489.651633, "delta": 0.946253}}
{"target": -20.084670636593028, "params": {"C": 8.364800143237495, "epsilon": 12.77263647250096, "gamma": 0.03370838278114983, "lamda": 2.9901650942343547}, "datetime": {"datetime": "2021-09-16 11:59:38", "elapsed": 508.031224, "delta": 18.379591}}
{"target": -2.6512747400332017, "params": {"C": 10.367933557613192, "epsilon": 10.422820257924176, "gamma": 0.012441680432328553, "lamda": 0.04443598376734928}, "datetime": {"datetime": "2021-09-16 11:59:39", "elapsed": 508.963814, "delta": 0.93259}}
{"target": -2.9430765728976427, "params": {"C": 4.063997406595413, "epsilon": 12.396491404542553, "gamma": 0.05, "lamda": 0.001}, "datetime": {"datetime": "2021-09-16 11:59:40", "elapsed": 509.922304, "delta": 0.95849}}
{"target": -16.13970888731184, "params": {"C": 24.85586112194288, "epsilon": 4.6191161046530045, "gamma": 0.05, "lamda": 2.2856914619915107}, "datetime": {"datetime": "2021-09-16 11:59:58", "elapsed": 528.309529, "delta": 18.387225}}
{"target": -2.615640930273771, "params": {"C": 11.303587158773732, "epsilon": 1.8388951964811036, "gamma": 0.01155865449639693, "lamda": 0.013734303940013962}, "datetime": {"datetime": "2021-09-16 11:59:59", "elapsed": 529.179943, "delta": 0.870414}}
{"target": -18.449859671027475, "params": {"C": 18.46346306111419, "epsilon": 13.661788803321178, "gamma": 0.01496235959468658, "lamda": 0.04003070554831743}, "datetime": {"datetime": "2021-09-16 12:00:16", "elapsed": 545.486237, "delta": 16.306294}}
{"target": -2.2857741145147488, "params": {"C": 24.63144127219592, "epsilon": 13.63602009272926, "gamma": 0.022737777864249655, "lamda": 0.004935922410452523}, "datetime": {"datetime": "2021-09-16 12:00:16", "elapsed": 546.365115, "delta": 0.878878}}
{"target": -2.4655017774549997, "params": {"C": 25.175734871245457, "epsilon": 11.596565993613797, "gamma": 0.01, "lamda": 0.001}, "datetime": {"datetime": "2021-09-16 12:00:17", "elapsed": 547.258609, "delta": 0.893494}}
{"target": -2.219144321972942, "params": {"C": 19.090561879403527, "epsilon": 9.565711183995806, "gamma": 0.05, "lamda": 0.001}, "datetime": {"datetime": "2021-09-16 12:00:18", "elapsed": 548.213983, "delta": 0.955374}}
{"target": -2.4522834269588203, "params": {"C": 27.168865179415445, "epsilon": 13.989499140134134, "gamma": 0.01, "lamda": 0.001}, "datetime": {"datetime": "2021-09-16 12:00:19", "elapsed": 549.161594, "delta": 0.947611}}
{"target": -21.012571178228974, "params": {"C": 29.953221934372333, "epsilon": 14.388386519237683, "gamma": 0.03542501900509773, "lamda": 0.22886742535078244}, "datetime": {"datetime": "2021-09-16 12:00:31", "elapsed": 560.823082, "delta": 11.661488}}
{"target": -14.923608258574303, "params": {"C": 3.0, "epsilon": 7.488165021213737, "gamma": 0.01, "lamda": 2.940860957819236}, "datetime": {"datetime": "2021-09-16 12:00:42", "elapsed": 572.234357, "delta": 11.411275}}
{"target": -20.349007034622872, "params": {"C": 26.052043830084703, "epsilon": 13.515373763830244, "gamma": 0.0353801646812602, "lamda": 1.7381188778261394}, "datetime": {"datetime": "2021-09-16 12:00:55", "elapsed": 584.464744, "delta": 12.230387}}
{"target": -17.457814117473998, "params": {"C": 17.06315044995725, "epsilon": 4.848612831847703, "gamma": 0.03442802074424396, "lamda": 2.555509542548763}, "datetime": {"datetime": "2021-09-16 12:01:07", "elapsed": 596.519507, "delta": 12.054763}}
{"target": -2.5539575789799525, "params": {"C": 9.194369120001356, "epsilon": 5.87689969089622, "gamma": 0.020407430171335634, "lamda": 0.07666469751267395}, "datetime": {"datetime": "2021-09-16 12:01:07", "elapsed": 597.44071, "delta": 0.921203}}
{"target": -2.7506216509993076, "params": {"C": 8.219502688359523, "epsilon": 1.5680688096785609, "gamma": 0.01, "lamda": 0.001}, "datetime": {"datetime": "2021-09-16 12:01:08", "elapsed": 598.351114, "delta": 0.910404}}
{"target": -2.5219807731332664, "params": {"C": 10.601192014010723, "epsilon": 20.0, "gamma": 0.05, "lamda": 0.001}, "datetime": {"datetime": "2021-09-16 12:01:09", "elapsed": 599.245261, "delta": 0.894147}}
{"target": -2.4351749685996866, "params": {"C": 11.73891158683236, "epsilon": 17.534718902572816, "gamma": 0.05, "lamda": 0.001}, "datetime": {"datetime": "2021-09-16 12:01:10", "elapsed": 600.304286, "delta": 1.059025}}
{"target": -2.4563265141533153, "params": {"C": 10.692097982633975, "epsilon": 14.063934205005484, "gamma": 0.04147162611348647, "lamda": 0.027728986016421105}, "datetime": {"datetime": "2021-09-16 12:01:11", "elapsed": 601.222742, "delta": 0.918456}}
{"target": -17.148695608640377, "params": {"C": 13.904177798656217, "epsilon": 0.1150846416389022, "gamma": 0.02328263773964334, "lamda": 1.7011246730880303}, "datetime": {"datetime": "2021-09-16 12:01:29", "elapsed": 618.917459, "delta": 17.694717}}
{"target": -3.0681774244240776, "params": {"C": 3.0, "epsilon": 16.943043496714058, "gamma": 0.05, "lamda": 0.001}, "datetime": {"datetime": "2021-09-16 12:01:30", "elapsed": 619.835517, "delta": 0.918058}}
{"target": -2.858550435990772, "params": {"C": 4.24777437381029, "epsilon": 15.840274191940383, "gamma": 0.027703154883372327, "lamda": 0.014018600786001492}, "datetime": {"datetime": "2021-09-16 12:01:31", "elapsed": 620.750003, "delta": 0.914486}}
{"target": -2.4648102724255447, "params": {"C": 10.774824273875048, "epsilon": 8.40434987123203, "gamma": 0.05, "lamda": 0.001}, "datetime": {"datetime": "2021-09-16 12:01:32", "elapsed": 621.722874, "delta": 0.972871}}
{"target": -19.175749468028254, "params": {"C": 8.925598772969915, "epsilon": 14.678160607155066, "gamma": 0.027912118565240195, "lamda": 0.08184711269841238}, "datetime": {"datetime": "2021-09-16 12:01:43", "elapsed": 633.233756, "delta": 11.510882}}
{"target": -2.4604030827217365, "params": {"C": 11.169043583473254, "epsilon": 12.458400984379036, "gamma": 0.05, "lamda": 0.001}, "datetime": {"datetime": "2021-09-16 12:01:44", "elapsed": 634.175836, "delta": 0.94208}}
{"target": -2.4509260777698323, "params": {"C": 27.411169619775702, "epsilon": 0.1, "gamma": 0.01, "lamda": 0.001}, "datetime": {"datetime": "2021-09-16 12:01:45", "elapsed": 635.083375, "delta": 0.907539}}
{"target": -2.4090368497196333, "params": {"C": 11.280609699471018, "epsilon": 0.1, "gamma": 0.05, "lamda": 0.001}, "datetime": {"datetime": "2021-09-16 12:01:46", "elapsed": 635.986406, "delta": 0.903031}}
{"target": -19.683216739998095, "params": {"C": 3.0, "epsilon": 15.83418216904966, "gamma": 0.01, "lamda": 1.9511407986268416}, "datetime": {"datetime": "2021-09-16 12:01:58", "elapsed": 647.71522, "delta": 11.728814}}
{"target": -2.910221457921265, "params": {"C": 5.525275051351353, "epsilon": 11.578507431476503, "gamma": 0.01139581086047535, "lamda": 0.011434192783209503}, "datetime": {"datetime": "2021-09-16 12:01:59", "elapsed": 648.638414, "delta": 0.923194}}
{"target": -2.173356857416942, "params": {"C": 24.80711867663032, "epsilon": 9.625505866882806, "gamma": 0.05, "lamda": 0.001}, "datetime": {"datetime": "2021-09-16 12:02:00", "elapsed": 649.586585, "delta": 0.948171}}
{"target": -2.5929599347130163, "params": {"C": 8.81088975770602, "epsilon": 10.987541413264864, "gamma": 0.05, "lamda": 0.001}, "datetime": {"datetime": "2021-09-16 12:02:01", "elapsed": 650.526417, "delta": 0.939832}}
{"target": -2.4340434953995698, "params": {"C": 11.972636279933678, "epsilon": 15.09924126667826, "gamma": 0.028455681615328937, "lamda": 0.030959733531930888}, "datetime": {"datetime": "2021-09-16 12:02:02", "elapsed": 651.550006, "delta": 1.023589}}
{"target": -15.321412113507225, "params": {"C": 11.40071987045185, "epsilon": 0.1, "gamma": 0.05, "lamda": 3.0}, "datetime": {"datetime": "2021-09-16 12:02:14", "elapsed": 663.946547, "delta": 12.396541}}
{"target": -2.7207421655201984, "params": {"C": 9.017750845955145, "epsilon": 0.1, "gamma": 0.01, "lamda": 1.597868222790167}, "datetime": {"datetime": "2021-09-16 12:02:15", "elapsed": 664.973259, "delta": 1.026712}}
{"target": -15.653074617185068, "params": {"C": 7.525519854644275, "epsilon": 4.91509962459926, "gamma": 0.05, "lamda": 1.455874927124229}, "datetime": {"datetime": "2021-09-16 12:02:33", "elapsed": 683.270099, "delta": 18.29684}}
{"target": -2.2900179961158016, "params": {"C": 16.254406471717356, "epsilon": 1.7001075287584637, "gamma": 0.04588436396932467, "lamda": 0.021519053656756843}, "datetime": {"datetime": "2021-09-16 12:02:34", "elapsed": 684.172378, "delta": 0.902279}}
{"target": -13.42144532947907, "params": {"C": 24.065599170365154, "epsilon": 8.555647372390712, "gamma": 0.01, "lamda": 1.996857917239177}, "datetime": {"datetime": "2021-09-16 12:02:46", "elapsed": 695.522492, "delta": 11.350114}}
{"target": -18.056570629996855, "params": {"C": 19.226482660381045, "epsilon": 10.45683300407091, "gamma": 0.027261669706154915, "lamda": 2.0918667970879117}, "datetime": {"datetime": "2021-09-16 12:03:04", "elapsed": 714.244245, "delta": 18.721753}}
{"target": -24.958378089104006, "params": {"C": 10.629903580665669, "epsilon": 19.944430393104202, "gamma": 0.03698472183078926, "lamda": 2.8122635514276983}, "datetime": {"datetime": "2021-09-16 12:03:23", "elapsed": 732.83911, "delta": 18.594865}}
{"target": -2.8465142929942604, "params": {"C": 4.267124965457435, "epsilon": 5.358359806012101, "gamma": 0.026585986300231845, "lamda": 0.008243031274177418}, "datetime": {"datetime": "2021-09-16 12:03:24", "elapsed": 733.888873, "delta": 1.049763}}
{"target": -2.6907916654318185, "params": {"C": 10.179716137864348, "epsilon": 1.1707957305840409, "gamma": 0.01, "lamda": 1.1139009976219745}, "datetime": {"datetime": "2021-09-16 12:03:25", "elapsed": 734.960078, "delta": 1.071205}}
{"target": -14.56061787588465, "params": {"C": 19.95015105257292, "epsilon": 2.1144639425060037, "gamma": 0.01, "lamda": 1.3886471859554437}, "datetime": {"datetime": "2021-09-16 12:03:43", "elapsed": 753.175244, "delta": 18.215166}}
{"target": -16.563355333650193, "params": {"C": 21.113043145487516, "epsilon": 5.011241146068102, "gamma": 0.027598841642840675, "lamda": 0.1552412062470404}, "datetime": {"datetime": "2021-09-16 12:04:01", "elapsed": 771.356293, "delta": 18.181049}}
{"target": -2.629106881309594, "params": {"C": 12.806754312263903, "epsilon": 2.891131754829984, "gamma": 0.01, "lamda": 0.001}, "datetime": {"datetime": "2021-09-16 12:04:02", "elapsed": 772.27777, "delta": 0.921477}}
{"target": -2.627108932021938, "params": {"C": 12.990838893198935, "epsilon": 7.224553550428232, "gamma": 0.01, "lamda": 0.001}, "datetime": {"datetime": "2021-09-16 12:04:03", "elapsed": 773.310381, "delta": 1.032611}}
{"target": -2.203967559094331, "params": {"C": 24.95088835611078, "epsilon": 3.583216094651899, "gamma": 0.03797052555773513, "lamda": 0.007492901445681539}, "datetime": {"datetime": "2021-09-16 12:04:04", "elapsed": 774.328632, "delta": 1.018251}}
{"target": -2.334386555833963, "params": {"C": 13.275436687437367, "epsilon": 17.021380884919736, "gamma": 0.05, "lamda": 0.001}, "datetime": {"datetime": "2021-09-16 12:04:06", "elapsed": 775.460352, "delta": 1.13172}}
{"target": -2.2073529550589908, "params": {"C": 23.055694705033822, "epsilon": 14.661216273836068, "gamma": 0.05, "lamda": 0.001}, "datetime": {"datetime": "2021-09-16 12:04:07", "elapsed": 776.5349, "delta": 1.074548}}
{"target": -2.851296495760533, "params": {"C": 4.841191652777872, "epsilon": 20.0, "gamma": 0.05, "lamda": 0.001}, "datetime": {"datetime": "2021-09-16 12:04:08", "elapsed": 777.67495, "delta": 1.14005}}
{"target": -3.0552908632322335, "params": {"C": 3.376124100256997, "epsilon": 18.67262546163292, "gamma": 0.01928563143554334, "lamda": 0.02995308451276944}, "datetime": {"datetime": "2021-09-16 12:04:09", "elapsed": 778.946116, "delta": 1.271166}}
{"target": -2.8721430784446342, "params": {"C": 4.6093493125011396, "epsilon": 14.127054008979277, "gamma": 0.05, "lamda": 0.001}, "datetime": {"datetime": "2021-09-16 12:04:10", "elapsed": 780.000814, "delta": 1.054698}}
{"target": -2.5292956867095593, "params": {"C": 19.00729646375272, "epsilon": 3.378904204639696, "gamma": 0.01, "lamda": 0.001}, "datetime": {"datetime": "2021-09-16 12:04:11", "elapsed": 780.995164, "delta": 0.99435}}
{"target": -2.1680451198042126, "params": {"C": 26.97972790423078, "epsilon": 2.128570497813236, "gamma": 0.05, "lamda": 0.001}, "datetime": {"datetime": "2021-09-16 12:04:12", "elapsed": 782.043973, "delta": 1.048809}}
{"target": -2.8991092419662996, "params": {"C": 7.09723939264183, "epsilon": 20.0, "gamma": 0.01, "lamda": 0.001}, "datetime": {"datetime": "2021-09-16 12:04:13", "elapsed": 783.105898, "delta": 1.061925}}
{"target": -2.839794707261923, "params": {"C": 4.885700828268723, "epsilon": 17.98539795987798, "gamma": 0.05, "lamda": 0.001}, "datetime": {"datetime": "2021-09-16 12:04:14", "elapsed": 784.202428, "delta": 1.09653}}
{"target": -17.012965991350455, "params": {"C": 19.46406438152528, "epsilon": 7.809791615966783, "gamma": 0.028005075401651834, "lamda": 0.15362404478566813}, "datetime": {"datetime": "2021-09-16 12:04:25", "elapsed": 794.996113, "delta": 10.793685}}
{"target": -17.307099660096743, "params": {"C": 17.09305426421816, "epsilon": 6.216173176684613, "gamma": 0.025092708666027468, "lamda": 0.10501195894141259}, "datetime": {"datetime": "2021-09-16 12:04:43", "elapsed": 813.210706, "delta": 18.214593}}
{"target": -2.4979647276520063, "params": {"C": 22.40518267324527, "epsilon": 7.72508233814576, "gamma": 0.01, "lamda": 0.001}, "datetime": {"datetime": "2021-09-16 12:04:44", "elapsed": 814.324339, "delta": 1.113633}}
{"target": -15.938740356919796, "params": {"C": 14.465289618089619, "epsilon": 3.8978437106502724, "gamma": 0.04985837655580387, "lamda": 0.28114155155692416}, "datetime": {"datetime": "2021-09-16 12:05:03", "elapsed": 832.518341, "delta": 18.194002}}
{"target": -17.268004573421745, "params": {"C": 23.793688007878718, "epsilon": 12.321295747620983, "gamma": 0.03687755398426004, "lamda": 0.05606012969176844}, "datetime": {"datetime": "2021-09-16 12:05:14", "elapsed": 844.025635, "delta": 11.507294}}
{"target": -2.8214930355778125, "params": {"C": 4.69895952319997, "epsilon": 3.486162675557691, "gamma": 0.03766166506513957, "lamda": 0.06790901055671622}, "datetime": {"datetime": "2021-09-16 12:05:15", "elapsed": 845.104368, "delta": 1.078733}}
{"target": -2.5527917550556403, "params": {"C": 17.47751756703019, "epsilon": 3.3352703767497154, "gamma": 0.01, "lamda": 0.001}, "datetime": {"datetime": "2021-09-16 12:05:16", "elapsed": 846.346205, "delta": 1.241837}}
{"target": -2.6510647846497086, "params": {"C": 6.897440191085614, "epsilon": 8.34828128098498, "gamma": 0.05, "lamda": 0.001}, "datetime": {"datetime": "2021-09-16 12:05:18", "elapsed": 847.47808, "delta": 1.131875}}
{"target": -2.4824379824117297, "params": {"C": 24.683448808534727, "epsilon": 15.092052323518603, "gamma": 0.01, "lamda": 0.001}, "datetime": {"datetime": "2021-09-16 12:05:19", "elapsed": 848.522569, "delta": 1.044489}}
{"target": -16.585637169152566, "params": {"C": 9.475724898905689, "epsilon": 7.12659016761943, "gamma": 0.03954141593718883, "lamda": 0.09064224409669995}, "datetime": {"datetime": "2021-09-16 12:05:30", "elapsed": 860.098763, "delta": 11.576194}}
{"target": -2.7060840799633095, "params": {"C": 9.733081976444627, "epsilon": 4.671403523416041, "gamma": 0.01, "lamda": 0.001}, "datetime": {"datetime": "2021-09-16 12:05:31", "elapsed": 861.233138, "delta": 1.134375}}
{"target": -17.296140084598676, "params": {"C": 24.247512440081554, "epsilon": 1.1248568197120121, "gamma": 0.04424637191316782, "lamda": 0.5027916865897805}, "datetime": {"datetime": "2021-09-16 12:05:49", "elapsed": 879.358505, "delta": 18.125367}}
{"target": -2.554202133601733, "params": {"C": 17.375175082209807, "epsilon": 0.5944253432608675, "gamma": 0.01, "lamda": 0.001}, "datetime": {"datetime": "2021-09-16 12:05:50", "elapsed": 880.325564, "delta": 0.967059}}
{"target": -2.4564133053033994, "params": {"C": 26.374846101159537, "epsilon": 3.508541067637309, "gamma": 0.01, "lamda": 0.001}, "datetime": {"datetime": "2021-09-16 12:05:52", "elapsed": 881.525052, "delta": 1.199488}}
