{"target": -21.320790840093355, "params": {"C": 13.089378784092592, "epsilon": 15.319867362573818, "gamma": 0.048055927306380246, "lamda": 2.1023122360655604}, "datetime": {"datetime": "2021-09-16 13:30:14", "elapsed": 5943.768224, "delta": 19.90435}}
{"target": -22.38134698276587, "params": {"C": 8.075532157820117, "epsilon": 17.12558854301343, "gamma": 0.04139678247475772, "lamda": 1.5795577182672058}, "datetime": {"datetime": "2021-09-16 13:30:35", "elapsed": 5964.555565, "delta": 20.787341}}
{"target": -23.267447699180778, "params": {"C": 14.162098496090705, "epsilon": 19.095368225408517, "gamma": 0.014047609397205108, "lamda": 2.1331771858029205}, "datetime": {"datetime": "2021-09-16 13:30:48", "elapsed": 5977.682379, "delta": 13.126814}}
{"target": -20.77890602315063, "params": {"C": 11.30933964534452, "epsilon": 14.798142232904842, "gamma": 0.03618480143330052, "lamda": 1.3814030927071208}, "datetime": {"datetime": "2021-09-16 13:31:07", "elapsed": 5997.374016, "delta": 19.691637}}
{"target": -16.938278234910925, "params": {"C": 17.897941867280792, "epsilon": 4.094818778535067, "gamma": 0.021345542821904817, "lamda": 1.3062671060387776}, "datetime": {"datetime": "2021-09-16 13:31:21", "elapsed": 6011.214015, "delta": 13.839999}}
{"target": -20.701110569608055, "params": {"C": 18.877554549142136, "epsilon": 13.779443734939703, "gamma": 0.026711838713180988, "lamda": 2.3468650204901347}, "datetime": {"datetime": "2021-09-16 13:31:41", "elapsed": 6031.291986, "delta": 20.077971}}
{"target": -18.562105767181507, "params": {"C": 26.84247276420829, "epsilon": 9.307955152214351, "gamma": 0.036072508454760954, "lamda": 2.7321923312832705}, "datetime": {"datetime": "2021-09-16 13:32:02", "elapsed": 6051.979121, "delta": 20.687135}}
{"target": -15.702910839669466, "params": {"C": 10.870907397590926, "epsilon": 2.095838432538429, "gamma": 0.04900160245711565, "lamda": 1.5795415068747132}, "datetime": {"datetime": "2021-09-16 13:32:22", "elapsed": 6072.43322, "delta": 20.454099}}
{"target": -19.16863882528445, "params": {"C": 26.73052064217013, "epsilon": 11.089287671245128, "gamma": 0.035876255047519644, "lamda": 2.6157298325534857}, "datetime": {"datetime": "2021-09-16 13:32:44", "elapsed": 6093.941392, "delta": 21.508172}}
{"target": -2.3298493336554493, "params": {"C": 15.639466105115973, "epsilon": 4.588745279928549, "gamma": 0.0293731633865658, "lamda": 2.421977712549911}, "datetime": {"datetime": "2021-09-16 13:32:46", "elapsed": 6096.398459, "delta": 2.457067}}
{"target": -23.430334462733764, "params": {"C": 18.704057898989163, "epsilon": 18.962526352344508, "gamma": 0.047194348268297624, "lamda": 0.32573796347765654}, "datetime": {"datetime": "2021-09-16 13:33:08", "elapsed": 6117.963886, "delta": 21.565427}}
{"target": -19.56688668401425, "params": {"C": 7.7473086662954325, "epsilon": 11.25784056767477, "gamma": 0.02593271298931294, "lamda": 1.1075931703985868}, "datetime": {"datetime": "2021-09-16 13:33:21", "elapsed": 6131.339526, "delta": 13.37564}}
{"target": -17.495692533165993, "params": {"C": 19.952932565601124, "epsilon": 8.003159165095267, "gamma": 0.03854014015655679, "lamda": 2.6103330670924243}, "datetime": {"datetime": "2021-09-16 13:33:42", "elapsed": 6152.021521, "delta": 20.681995}}
{"target": -23.244448875796145, "params": {"C": 29.135335422912906, "epsilon": 17.621411068969945, "gamma": 0.03945398779244011, "lamda": 1.1671897515609748}, "datetime": {"datetime": "2021-09-16 13:34:03", "elapsed": 6172.667855, "delta": 20.646334}}
{"target": -17.60259718130414, "params": {"C": 9.92537384211959, "epsilon": 7.556067315772114, "gamma": 0.037222661487336176, "lamda": 2.8907500616208095}, "datetime": {"datetime": "2021-09-16 13:34:25", "elapsed": 6194.864334, "delta": 22.196479}}
{"target": -17.41145152526214, "params": {"C": 19.701085278135885, "epsilon": 2.797016166721093, "gamma": 0.02854785481408001, "lamda": 2.583871557717276}, "datetime": {"datetime": "2021-09-16 13:34:38", "elapsed": 6208.151952, "delta": 13.287618}}
{"target": -16.653940884066618, "params": {"C": 7.599773340836187, "epsilon": 5.662636201157941, "gamma": 0.044040808861271714, "lamda": 1.628739691231072}, "datetime": {"datetime": "2021-09-16 13:34:59", "elapsed": 6228.718631, "delta": 20.566679}}
{"target": -21.29119345738743, "params": {"C": 27.21305021628165, "epsilon": 15.000518363135578, "gamma": 0.040802609277832295, "lamda": 1.6231970579045139}, "datetime": {"datetime": "2021-09-16 13:35:20", "elapsed": 6250.330696, "delta": 21.612065}}
{"target": -17.617269003923518, "params": {"C": 9.487731969948552, "epsilon": 7.093257333154142, "gamma": 0.03518806332753384, "lamda": 2.190795322184641}, "datetime": {"datetime": "2021-09-16 13:35:42", "elapsed": 6272.297118, "delta": 21.966422}}
{"target": -19.566784508116626, "params": {"C": 22.08789401021439, "epsilon": 12.45410943539358, "gamma": 0.039706797544368615, "lamda": 1.0976174431820682}, "datetime": {"datetime": "2021-09-16 13:36:03", "elapsed": 6293.292951, "delta": 20.995833}}
{"target": -18.166448610880547, "params": {"C": 12.99663611328197, "epsilon": 11.485361717462363, "gamma": 0.013819046123213684, "lamda": 2.768337514943394}, "datetime": {"datetime": "2021-09-16 13:36:17", "elapsed": 6306.868326, "delta": 13.575375}}
{"target": -21.266672436807752, "params": {"C": 24.131737985090982, "epsilon": 17.310557835698805, "gamma": 0.011870561062734262, "lamda": 2.334432611703047}, "datetime": {"datetime": "2021-09-16 13:36:32", "elapsed": 6321.575065, "delta": 14.706739}}
{"target": -16.05895394732723, "params": {"C": 7.6811722357388135, "epsilon": 8.625758086907142, "gamma": 0.012732472190462243, "lamda": 1.0266503796864268}, "datetime": {"datetime": "2021-09-16 13:36:46", "elapsed": 6335.629169, "delta": 14.054104}}
{"target": -21.659243331748435, "params": {"C": 9.842380473553362, "epsilon": 16.808821955914457, "gamma": 0.0457545791546233, "lamda": 1.6706110794711202}, "datetime": {"datetime": "2021-09-16 13:37:06", "elapsed": 6356.080809, "delta": 20.45164}}
{"target": -18.188748565724097, "params": {"C": 5.927060403099584, "epsilon": 6.332415318346268, "gamma": 0.03040671297561818, "lamda": 1.620056054954569}, "datetime": {"datetime": "2021-09-16 13:37:20", "elapsed": 6370.15074, "delta": 14.069931}}
{"target": -2.5217106423589506, "params": {"C": 10.045748633380635, "epsilon": 8.509645942652952, "gamma": 0.020480142732235015, "lamda": 0.15568823532682896}, "datetime": {"datetime": "2021-09-16 13:37:24", "elapsed": 6373.871987, "delta": 3.721247}}
{"target": -22.884371760686367, "params": {"C": 18.335331881548367, "epsilon": 17.98493035476675, "gamma": 0.021299776385372473, "lamda": 0.5689704964222425}, "datetime": {"datetime": "2021-09-16 13:37:41", "elapsed": 6391.175007, "delta": 17.30302}}
{"target": -19.9021643012038, "params": {"C": 13.505674357859826, "epsilon": 12.36401701657866, "gamma": 0.019414861735255147, "lamda": 1.4906324403883695}, "datetime": {"datetime": "2021-09-16 13:37:56", "elapsed": 6405.647839, "delta": 14.472832}}
{"target": -17.302641062203012, "params": {"C": 29.2521549341959, "epsilon": 1.5451952781201996, "gamma": 0.019299695774603248, "lamda": 2.899551029731937}, "datetime": {"datetime": "2021-09-16 13:38:10", "elapsed": 6419.693936, "delta": 14.046097}}
{"target": -2.524444484610956, "params": {"C": 14.87603833130941, "epsilon": 18.79579654839679, "gamma": 0.015515002087982746, "lamda": 0.018403048112449166}, "datetime": {"datetime": "2021-09-16 13:38:13", "elapsed": 6423.194532, "delta": 3.500596}}
{"target": -18.38514038878819, "params": {"C": 27.437464824893958, "epsilon": 11.848131340694788, "gamma": 0.022030672804769565, "lamda": 0.42769921088338647}, "datetime": {"datetime": "2021-09-16 13:38:27", "elapsed": 6437.363721, "delta": 14.169189}}
{"target": -15.214903058985954, "params": {"C": 13.172367714970209, "epsilon": 3.2086568600745116, "gamma": 0.03290491044430289, "lamda": 0.2437995604967935}, "datetime": {"datetime": "2021-09-16 13:38:49", "elapsed": 6458.467823, "delta": 21.104102}}
{"target": -16.943773973783085, "params": {"C": 17.79525855368609, "epsilon": 12.64007291771784, "gamma": 0.010171241796969226, "lamda": 0.6692001833355404}, "datetime": {"datetime": "2021-09-16 13:39:04", "elapsed": 6474.448636, "delta": 15.980813}}
{"target": -18.600160261649247, "params": {"C": 7.067809513341423, "epsilon": 9.96034244254284, "gamma": 0.041529528958203256, "lamda": 1.2770452491566324}, "datetime": {"datetime": "2021-09-16 13:39:27", "elapsed": 6496.660519, "delta": 22.211883}}
{"target": -16.092643447239634, "params": {"C": 19.563997783965455, "epsilon": 3.5040969501041737, "gamma": 0.036808222483649955, "lamda": 0.15847925300764762}, "datetime": {"datetime": "2021-09-16 13:39:47", "elapsed": 6516.756595, "delta": 20.096076}}
{"target": -16.57052377481026, "params": {"C": 29.15963876461629, "epsilon": 3.1428455175028214, "gamma": 0.04100531647762654, "lamda": 2.213483276183258}, "datetime": {"datetime": "2021-09-16 13:40:08", "elapsed": 6538.22507, "delta": 21.468475}}
{"target": -17.904514070842772, "params": {"C": 26.62908321147615, "epsilon": 7.583470695787257, "gamma": 0.029311161554936134, "lamda": 2.2487358306056757}, "datetime": {"datetime": "2021-09-16 13:40:31", "elapsed": 6561.039804, "delta": 22.814734}}
{"target": -18.482777674770396, "params": {"C": 12.900697294791668, "epsilon": 12.335811285297858, "gamma": 0.04583883171592354, "lamda": 0.5791416807205164}, "datetime": {"datetime": "2021-09-16 13:40:52", "elapsed": 6582.345045, "delta": 21.305241}}
{"target": -17.485921969242522, "params": {"C": 12.742021179859998, "epsilon": 12.625101962824186, "gamma": 0.014049876214007266, "lamda": 0.720338547856478}, "datetime": {"datetime": "2021-09-16 13:41:06", "elapsed": 6596.170872, "delta": 13.825827}}
{"target": -20.551427693825524, "params": {"C": 22.025182527602272, "epsilon": 13.319805248010754, "gamma": 0.026868960339381784, "lamda": 2.6963828185635124}, "datetime": {"datetime": "2021-09-16 13:41:27", "elapsed": 6617.176188, "delta": 21.005316}}
{"target": -17.281837232014777, "params": {"C": 29.10379219082435, "epsilon": 1.6035532475221828, "gamma": 0.03748664782155218, "lamda": 2.9453424109267106}, "datetime": {"datetime": "2021-09-16 13:41:47", "elapsed": 6637.074874, "delta": 19.898686}}
{"target": -18.3469411510501, "params": {"C": 11.614199544256387, "epsilon": 9.154273225266069, "gamma": 0.029761828523870874, "lamda": 2.5896520431727144}, "datetime": {"datetime": "2021-09-16 13:42:09", "elapsed": 6658.521166, "delta": 21.446292}}
{"target": -23.71677200546409, "params": {"C": 12.154588943156757, "epsilon": 17.768558871623856, "gamma": 0.028990427470978457, "lamda": 2.632381334033535}, "datetime": {"datetime": "2021-09-16 13:42:29", "elapsed": 6679.26548, "delta": 20.744314}}
{"target": -17.257714160246497, "params": {"C": 16.87268872989249, "epsilon": 8.137645673648574, "gamma": 0.04775435629919657, "lamda": 1.3949270657364075}, "datetime": {"datetime": "2021-09-16 13:42:52", "elapsed": 6701.522722, "delta": 22.257242}}
{"target": -18.07001078078209, "params": {"C": 24.246132883944185, "epsilon": 10.330525642935346, "gamma": 0.04317070918442945, "lamda": 1.2592215775215845}, "datetime": {"datetime": "2021-09-16 13:43:13", "elapsed": 6722.461758, "delta": 20.939036}}
{"target": -21.463996582256563, "params": {"C": 10.497542241392267, "epsilon": 15.09783040289681, "gamma": 0.04370437082316214, "lamda": 0.8712518999571581}, "datetime": {"datetime": "2021-09-16 13:43:33", "elapsed": 6742.974317, "delta": 20.512559}}
{"target": -17.341610878004843, "params": {"C": 11.72302100885517, "epsilon": 5.1896196769907235, "gamma": 0.025611234566930666, "lamda": 0.6372806714311806}, "datetime": {"datetime": "2021-09-16 13:43:46", "elapsed": 6756.277754, "delta": 13.303437}}
{"target": -18.54174829229683, "params": {"C": 3.2833170692742186, "epsilon": 11.151457063662553, "gamma": 0.01734080602303427, "lamda": 1.208196366449074}, "datetime": {"datetime": "2021-09-16 13:44:00", "elapsed": 6769.744963, "delta": 13.467209}}
{"target": -16.787986574356236, "params": {"C": 28.04582770840585, "epsilon": 0.9661629023700672, "gamma": 0.035042508046572565, "lamda": 2.3189544715378942}, "datetime": {"datetime": "2021-09-16 13:44:20", "elapsed": 6790.138021, "delta": 20.393058}}
{"target": -17.07448418720477, "params": {"C": 7.042093052608897, "epsilon": 8.844093531489031, "gamma": 0.016040434611274947, "lamda": 1.1933951199995478}, "datetime": {"datetime": "2021-09-16 13:44:35", "elapsed": 6804.962684, "delta": 14.824663}}
{"target": -24.302666304259244, "params": {"C": 19.32715907113378, "epsilon": 19.28299572363691, "gamma": 0.03278608584666273, "lamda": 2.0764314975894296}, "datetime": {"datetime": "2021-09-16 13:44:57", "elapsed": 6826.830932, "delta": 21.868248}}
{"target": -19.712242072336256, "params": {"C": 10.960661747943861, "epsilon": 11.377667318698647, "gamma": 0.03517693039057072, "lamda": 0.7499277055815653}, "datetime": {"datetime": "2021-09-16 13:45:11", "elapsed": 6840.757845, "delta": 13.926913}}
{"target": -15.551703387135712, "params": {"C": 23.170491643747507, "epsilon": 10.949774576750531, "gamma": 0.014202945374852583, "lamda": 0.23686055069777673}, "datetime": {"datetime": "2021-09-16 13:45:33", "elapsed": 6862.595279, "delta": 21.837434}}
{"target": -23.468602645612393, "params": {"C": 21.774170491365968, "epsilon": 18.8790698140156, "gamma": 0.032372370230988504, "lamda": 2.6615417275278546}, "datetime": {"datetime": "2021-09-16 13:45:54", "elapsed": 6884.366425, "delta": 21.771146}}
{"target": -20.966666764911103, "params": {"C": 14.939692537132407, "epsilon": 14.03387001721994, "gamma": 0.04199489564068963, "lamda": 2.678695495235107}, "datetime": {"datetime": "2021-09-16 13:46:17", "elapsed": 6907.200129, "delta": 22.833704}}
{"target": -23.100015696842593, "params": {"C": 20.82435790345263, "epsilon": 18.68510462067106, "gamma": 0.017002765630215962, "lamda": 1.4395362380149919}, "datetime": {"datetime": "2021-09-16 13:46:31", "elapsed": 6921.181727, "delta": 13.981598}}
{"target": -21.12433475818759, "params": {"C": 3.819883992041322, "epsilon": 15.34636052783836, "gamma": 0.04895615265510428, "lamda": 2.257709023067096}, "datetime": {"datetime": "2021-09-16 13:46:52", "elapsed": 6942.378902, "delta": 21.197175}}
{"target": -14.223499281276423, "params": {"C": 22.62310958724218, "epsilon": 4.431875624012711, "gamma": 0.046530155624251245, "lamda": 0.24520949943062173}, "datetime": {"datetime": "2021-09-16 13:47:06", "elapsed": 6955.771377, "delta": 13.392475}}
{"target": -17.22281244194917, "params": {"C": 25.85375896910893, "epsilon": 5.4648699234073455, "gamma": 0.02822372484954902, "lamda": 0.48396846344470307}, "datetime": {"datetime": "2021-09-16 13:47:20", "elapsed": 6969.603558, "delta": 13.832181}}
{"target": -17.378478997582476, "params": {"C": 6.8934347652509995, "epsilon": 8.576665707320938, "gamma": 0.03688095084483565, "lamda": 1.6043846476167298}, "datetime": {"datetime": "2021-09-16 13:47:40", "elapsed": 6990.245554, "delta": 20.641996}}
{"target": -16.570439310604886, "params": {"C": 10.228304959848426, "epsilon": 5.829727772539466, "gamma": 0.016134076406351505, "lamda": 2.892342722100265}, "datetime": {"datetime": "2021-09-16 13:47:55", "elapsed": 7005.055885, "delta": 14.810331}}
{"target": -17.528948117815755, "params": {"C": 23.575617581493923, "epsilon": 6.026123336760114, "gamma": 0.02861602142282537, "lamda": 2.3368293319016438}, "datetime": {"datetime": "2021-09-16 13:48:09", "elapsed": 7019.24172, "delta": 14.185835}}
{"target": -14.952461888110044, "params": {"C": 13.109020214771117, "epsilon": 4.368583341247767, "gamma": 0.024459877927647436, "lamda": 0.39577143551730326}, "datetime": {"datetime": "2021-09-16 13:48:28", "elapsed": 7038.411896, "delta": 19.170176}}
{"target": -15.324177495416997, "params": {"C": 23.71949316396238, "epsilon": 6.166012545988739, "gamma": 0.017958669463622928, "lamda": 1.3277933069073387}, "datetime": {"datetime": "2021-09-16 13:48:43", "elapsed": 7052.701521, "delta": 14.289625}}
{"target": -17.970551092624568, "params": {"C": 5.498913199624903, "epsilon": 10.154399850359122, "gamma": 0.016991603621555544, "lamda": 1.702452265143265}, "datetime": {"datetime": "2021-09-16 13:48:57", "elapsed": 7066.553425, "delta": 13.851904}}
{"target": -21.060250346118217, "params": {"C": 20.599953737390265, "epsilon": 15.591834712165632, "gamma": 0.028914963823495524, "lamda": 0.6359978524704373}, "datetime": {"datetime": "2021-09-16 13:49:13", "elapsed": 7083.192046, "delta": 16.638621}}
{"target": -2.565046491123609, "params": {"C": 8.298157770581248, "epsilon": 4.003924300985301, "gamma": 0.023217206993540455, "lamda": 1.6466671559129693}, "datetime": {"datetime": "2021-09-16 13:49:16", "elapsed": 7086.026914, "delta": 2.834868}}
{"target": -18.912813037768167, "params": {"C": 21.609645059893616, "epsilon": 10.143017293287402, "gamma": 0.03068071979803231, "lamda": 2.8340197881654956}, "datetime": {"datetime": "2021-09-16 13:49:38", "elapsed": 7107.839502, "delta": 21.812588}}
{"target": -20.78267059163993, "params": {"C": 10.516394920690164, "epsilon": 15.686150081857157, "gamma": 0.047355762327559815, "lamda": 2.848138167107288}, "datetime": {"datetime": "2021-09-16 13:50:00", "elapsed": 7129.813136, "delta": 21.973634}}
{"target": -17.176730079119313, "params": {"C": 17.05253148279587, "epsilon": 0.8140134274782714, "gamma": 0.04011605302227136, "lamda": 1.1182015179060685}, "datetime": {"datetime": "2021-09-16 13:50:21", "elapsed": 7150.549748, "delta": 20.736612}}
{"target": -18.054418413749634, "params": {"C": 9.156593403858299, "epsilon": 10.51836560842246, "gamma": 0.038225647113626485, "lamda": 1.6982487515901328}, "datetime": {"datetime": "2021-09-16 13:50:42", "elapsed": 7171.603875, "delta": 21.054127}}
{"target": -18.559183986940763, "params": {"C": 19.367820573732065, "epsilon": 12.487201548945714, "gamma": 0.01556439273001282, "lamda": 0.5932338685441247}, "datetime": {"datetime": "2021-09-16 13:50:56", "elapsed": 7185.53808, "delta": 13.934205}}
{"target": -21.00696786948821, "params": {"C": 23.512214977783028, "epsilon": 16.936319634996533, "gamma": 0.013496449434863318, "lamda": 0.427287254860308}, "datetime": {"datetime": "2021-09-16 13:51:11", "elapsed": 7201.404973, "delta": 15.866893}}
{"target": -21.012325738340845, "params": {"C": 25.305975311957585, "epsilon": 15.594392891727189, "gamma": 0.019049618830016664, "lamda": 1.2558815031365957}, "datetime": {"datetime": "2021-09-16 13:51:25", "elapsed": 7215.344074, "delta": 13.939101}}
{"target": -16.542719937143612, "params": {"C": 11.180197366931154, "epsilon": 2.447232469806189, "gamma": 0.03457382173110763, "lamda": 2.5390260324033}, "datetime": {"datetime": "2021-09-16 13:51:39", "elapsed": 7229.285938, "delta": 13.941864}}
{"target": -15.440272969816991, "params": {"C": 11.732285618766266, "epsilon": 1.37239579571891, "gamma": 0.049255931168779535, "lamda": 1.7247424991076556}, "datetime": {"datetime": "2021-09-16 13:51:53", "elapsed": 7242.730716, "delta": 13.444778}}
{"target": -13.966250191679089, "params": {"C": 5.228430265537945, "epsilon": 4.186906629566685, "gamma": 0.010400346260976506, "lamda": 2.6369386255736877}, "datetime": {"datetime": "2021-09-16 13:52:07", "elapsed": 7257.090335, "delta": 14.359619}}
{"target": -16.70245296988638, "params": {"C": 23.158693560410544, "epsilon": 2.542536537939657, "gamma": 0.022193154525627038, "lamda": 0.28870948234822286}, "datetime": {"datetime": "2021-09-16 13:52:30", "elapsed": 7279.500294, "delta": 22.409959}}
{"target": -15.933675294383582, "params": {"C": 8.960619982842864, "epsilon": 3.137450910805937, "gamma": 0.02240087577495021, "lamda": 1.4895298324675796}, "datetime": {"datetime": "2021-09-16 13:52:46", "elapsed": 7296.162439, "delta": 16.662145}}
{"target": -17.18300631220968, "params": {"C": 8.654332050883841, "epsilon": 7.470499463566392, "gamma": 0.029368294152743356, "lamda": 0.23514623379227972}, "datetime": {"datetime": "2021-09-16 13:53:00", "elapsed": 7309.919763, "delta": 13.757324}}
{"target": -16.75782817979313, "params": {"C": 24.854874127426704, "epsilon": 5.166540497169163, "gamma": 0.04380264181188315, "lamda": 1.0550471475377738}, "datetime": {"datetime": "2021-09-16 13:53:21", "elapsed": 7331.280728, "delta": 21.360965}}
{"target": -18.41439840975491, "params": {"C": 5.882157829338087, "epsilon": 9.80607391948624, "gamma": 0.037376269828728756, "lamda": 0.9914204845423844}, "datetime": {"datetime": "2021-09-16 13:53:43", "elapsed": 7352.571161, "delta": 21.290433}}
{"target": -22.999547442664316, "params": {"C": 26.218023639260995, "epsilon": 17.375084526705503, "gamma": 0.03697107974165316, "lamda": 2.6705871413878266}, "datetime": {"datetime": "2021-09-16 13:54:05", "elapsed": 7375.243283, "delta": 22.672122}}
{"target": -22.611687039359946, "params": {"C": 17.922363619144555, "epsilon": 17.12548945942626, "gamma": 0.021629718092662967, "lamda": 2.209434433165624}, "datetime": {"datetime": "2021-09-16 13:54:26", "elapsed": 7395.919423, "delta": 20.67614}}
{"target": -17.956879120472532, "params": {"C": 28.878551456172627, "epsilon": 8.83643133211763, "gamma": 0.019400433987187382, "lamda": 2.597060954414428}, "datetime": {"datetime": "2021-09-16 13:54:40", "elapsed": 7409.558392, "delta": 13.638969}}
{"target": -15.879523545715777, "params": {"C": 13.216164029705357, "epsilon": 3.1912367988133097, "gamma": 0.01700627663081946, "lamda": 2.005472044362979}, "datetime": {"datetime": "2021-09-16 13:54:57", "elapsed": 7426.892192, "delta": 17.3338}}
{"target": -20.392875156893236, "params": {"C": 24.727758815481863, "epsilon": 14.32780362091822, "gamma": 0.017605756235585204, "lamda": 1.9355021718236582}, "datetime": {"datetime": "2021-09-16 13:55:11", "elapsed": 7440.870355, "delta": 13.978163}}
