{"target": -18.137935755211988, "params": {"C": 34.99208608000019, "epsilon": 11.871649052977512, "gamma": 0.1705464159878168, "lamda": 3.3101578767543773}, "datetime": {"datetime": "2021-09-15 14:51:59", "elapsed": 1895.283946, "delta": 17.74598}}
{"target": -16.429970767822212, "params": {"C": 23.773621537990387, "epsilon": 11.284352327155977, "gamma": 0.2066209442487735, "lamda": 3.2967807905556046}, "datetime": {"datetime": "2021-09-15 14:52:17", "elapsed": 1913.141925, "delta": 17.857979}}
{"target": -18.835628462195622, "params": {"C": 16.805171300470302, "epsilon": 4.312189167953671, "gamma": 0.09431561631399622, "lamda": 3.0039121376009437}, "datetime": {"datetime": "2021-09-15 14:52:35", "elapsed": 1930.509358, "delta": 17.367433}}
{"target": -22.808375359736687, "params": {"C": 26.74134041979067, "epsilon": 10.67256136316242, "gamma": 0.05913375553113484, "lamda": 4.379684097585949}, "datetime": {"datetime": "2021-09-15 14:52:53", "elapsed": 1948.602506, "delta": 18.093148}}
{"target": -16.288221126571525, "params": {"C": 35.04461928759942, "epsilon": 9.14756778049305, "gamma": 0.17271224004360672, "lamda": 3.738718409560061}, "datetime": {"datetime": "2021-09-15 14:53:10", "elapsed": 1965.988203, "delta": 17.385697}}
{"target": -13.14276904865563, "params": {"C": 48.994880111536474, "epsilon": 7.0213251369784535, "gamma": 0.24232542457369177, "lamda": 3.9627287221469145}, "datetime": {"datetime": "2021-09-15 14:53:28", "elapsed": 1984.128595, "delta": 18.140392}}
{"target": -15.974025775074306, "params": {"C": 40.53292092548351, "epsilon": 9.416021375544261, "gamma": 0.2097171433084489, "lamda": 3.9120588458055012}, "datetime": {"datetime": "2021-09-15 14:53:47", "elapsed": 2002.545824, "delta": 18.417229}}
{"target": -2.387804134694243, "params": {"C": 40.56602037324526, "epsilon": 3.71885967436672, "gamma": 0.18577112583941113, "lamda": 0.695486433903606}, "datetime": {"datetime": "2021-09-15 14:53:47", "elapsed": 2003.423827, "delta": 0.878003}}
{"target": -15.737334039469904, "params": {"C": 46.699366738456575, "epsilon": 4.3220596921585885, "gamma": 0.013887935847159638, "lamda": 4.705482749925293}, "datetime": {"datetime": "2021-09-15 14:53:58", "elapsed": 2014.25224, "delta": 10.828413}}
{"target": -22.063480108615817, "params": {"C": 42.34421343525563, "epsilon": 4.951989445449964, "gamma": 0.050963621286322744, "lamda": 4.74931028391621}, "datetime": {"datetime": "2021-09-15 14:54:10", "elapsed": 2025.70787, "delta": 11.45563}}
{"target": -16.86813266340501, "params": {"C": 41.20370726931259, "epsilon": 9.41669789762782, "gamma": 0.17556951212775868, "lamda": 4.66337959158262}, "datetime": {"datetime": "2021-09-15 14:54:27", "elapsed": 2043.223679, "delta": 17.515809}}
{"target": -14.17420731380811, "params": {"C": 28.4480939323947, "epsilon": 0.5509478367568861, "gamma": 0.0161554556486353, "lamda": 1.4702363586808536}, "datetime": {"datetime": "2021-09-15 14:54:38", "elapsed": 2053.977605, "delta": 10.753926}}
{"target": -16.35205748352189, "params": {"C": 43.17067288427457, "epsilon": 4.695052649192514, "gamma": 0.09406579528690626, "lamda": 1.6708577698065872}, "datetime": {"datetime": "2021-09-15 14:54:49", "elapsed": 2065.043027, "delta": 11.065422}}
{"target": -17.55190994058424, "params": {"C": 21.003890121704128, "epsilon": 11.333012880436396, "gamma": 0.19597889792150744, "lamda": 2.858634313895569}, "datetime": {"datetime": "2021-09-15 14:55:07", "elapsed": 2082.79139, "delta": 17.748363}}
{"target": -17.43067309293509, "params": {"C": 30.255590571762397, "epsilon": 6.2270306987186395, "gamma": 0.1386808171323688, "lamda": 1.3638898065376108}, "datetime": {"datetime": "2021-09-15 14:55:24", "elapsed": 2100.340419, "delta": 17.549029}}
{"target": -16.47977353703511, "params": {"C": 37.73778968750972, "epsilon": 1.4312571186932779, "gamma": 0.017477754408837965, "lamda": 4.7794982232729835}, "datetime": {"datetime": "2021-09-15 14:55:36", "elapsed": 2111.62445, "delta": 11.284031}}
{"target": -16.96510029269813, "params": {"C": 33.37254836823527, "epsilon": 1.2893128405466479, "gamma": 0.01856078801449494, "lamda": 2.8921158587084332}, "datetime": {"datetime": "2021-09-15 14:55:47", "elapsed": 2122.582792, "delta": 10.958342}}
{"target": -15.664600798386113, "params": {"C": 30.205965592235486, "epsilon": 7.434952282222961, "gamma": 0.16696851256808917, "lamda": 0.6319344571990508}, "datetime": {"datetime": "2021-09-15 14:56:04", "elapsed": 2139.862358, "delta": 17.279566}}
{"target": -22.43987279831082, "params": {"C": 31.190649548853948, "epsilon": 10.900171622263443, "gamma": 0.07473950830660872, "lamda": 2.1288876243760013}, "datetime": {"datetime": "2021-09-15 14:56:21", "elapsed": 2157.114168, "delta": 17.25181}}
{"target": -16.252903862774406, "params": {"C": 28.54414895873157, "epsilon": 9.015681418187143, "gamma": 0.19056080658410574, "lamda": 2.18374387201842}, "datetime": {"datetime": "2021-09-15 14:56:38", "elapsed": 2174.396122, "delta": 17.281954}}
{"target": -16.78740809817457, "params": {"C": 29.434652671930884, "epsilon": 2.64916951492605, "gamma": 0.1255043152102411, "lamda": 4.679018987508431}, "datetime": {"datetime": "2021-09-15 14:56:56", "elapsed": 2191.554716, "delta": 17.158594}}
{"target": -2.5153038877422915, "params": {"C": 33.698278270617095, "epsilon": 5.382213303785095, "gamma": 0.2457651777798797, "lamda": 0.631375565545742}, "datetime": {"datetime": "2021-09-15 14:56:56", "elapsed": 2192.333713, "delta": 0.778997}}
{"target": -14.277746861721964, "params": {"C": 34.54240755123103, "epsilon": 2.716389699686221, "gamma": 0.15463341092105923, "lamda": 0.8668549816345246}, "datetime": {"datetime": "2021-09-15 14:57:11", "elapsed": 2207.244835, "delta": 14.911122}}
{"target": -20.105681477019708, "params": {"C": 28.359292353197645, "epsilon": 2.9763227825732668, "gamma": 0.0736990404708043, "lamda": 3.9942281749182893}, "datetime": {"datetime": "2021-09-15 14:57:30", "elapsed": 2226.415766, "delta": 19.170931}}
{"target": -20.51010519452964, "params": {"C": 26.67116804251411, "epsilon": 5.611867083932517, "gamma": 0.0774883186759731, "lamda": 2.9729901573222848}, "datetime": {"datetime": "2021-09-15 14:57:49", "elapsed": 2245.163304, "delta": 18.747538}}
{"target": -17.606378123201264, "params": {"C": 15.123864953988557, "epsilon": 12.914998055525228, "gamma": 0.21368475838666257, "lamda": 1.6206180019846732}, "datetime": {"datetime": "2021-09-15 14:58:08", "elapsed": 2263.893892, "delta": 18.730588}}
{"target": -17.56714658987506, "params": {"C": 18.426187220499553, "epsilon": 9.54285522867701, "gamma": 0.015254893141204406, "lamda": 4.866145235567148}, "datetime": {"datetime": "2021-09-15 14:58:19", "elapsed": 2275.247554, "delta": 11.353662}}
{"target": -19.011604478112208, "params": {"C": 15.362236883623275, "epsilon": 4.713684385156853, "gamma": 0.041717408544910725, "lamda": 0.6348961466806973}, "datetime": {"datetime": "2021-09-15 14:58:27", "elapsed": 2282.68293, "delta": 7.435376}}
{"target": -21.29299409454894, "params": {"C": 49.311208333135255, "epsilon": 3.024782143130162, "gamma": 0.05886591160607791, "lamda": 3.4606691536831575}, "datetime": {"datetime": "2021-09-15 14:58:37", "elapsed": 2293.32563, "delta": 10.6427}}
{"target": -13.543918255531803, "params": {"C": 22.34259976925677, "epsilon": 2.298413061154456, "gamma": 0.16281505611768143, "lamda": 2.13452081554689}, "datetime": {"datetime": "2021-09-15 14:58:53", "elapsed": 2308.758444, "delta": 15.432814}}
{"target": -16.53416645058664, "params": {"C": 45.33586767350177, "epsilon": 8.806654349563601, "gamma": 0.17247478761066895, "lamda": 2.879069763385068}, "datetime": {"datetime": "2021-09-15 14:59:11", "elapsed": 2327.026293, "delta": 18.267849}}
{"target": -19.18857894255751, "params": {"C": 36.26562678261618, "epsilon": 10.308591315989105, "gamma": 0.127887917397988, "lamda": 2.557948221926852}, "datetime": {"datetime": "2021-09-15 14:59:30", "elapsed": 2345.53763, "delta": 18.511337}}
{"target": -15.77218342295948, "params": {"C": 38.39466686072802, "epsilon": 6.023277848377369, "gamma": 0.01818341317307022, "lamda": 4.675673094626044}, "datetime": {"datetime": "2021-09-15 14:59:40", "elapsed": 2356.223511, "delta": 10.685881}}
{"target": -21.44502098640689, "params": {"C": 43.817257510046986, "epsilon": 6.043019743742565, "gamma": 0.0522458552563691, "lamda": 4.312438423137236}, "datetime": {"datetime": "2021-09-15 14:59:58", "elapsed": 2374.439593, "delta": 18.216082}}
{"target": -18.296448738945323, "params": {"C": 49.84034379638859, "epsilon": 1.8240274307495807, "gamma": 0.09863350671729842, "lamda": 2.795289602662686}, "datetime": {"datetime": "2021-09-15 15:00:15", "elapsed": 2391.168083, "delta": 16.72849}}
{"target": -21.620871834507426, "params": {"C": 31.021555302016903, "epsilon": 11.784497570090084, "gamma": 0.08022263711996097, "lamda": 4.736841684692811}, "datetime": {"datetime": "2021-09-15 15:00:34", "elapsed": 2410.016087, "delta": 18.848004}}
{"target": -17.19045876311425, "params": {"C": 41.27045088911103, "epsilon": 6.204237726498409, "gamma": 0.1322185588535828, "lamda": 3.785675136511302}, "datetime": {"datetime": "2021-09-15 15:00:53", "elapsed": 2428.54029, "delta": 18.524203}}
{"target": -2.2417858046696657, "params": {"C": 24.754822702956467, "epsilon": 5.031088256965633, "gamma": 0.10540569240184473, "lamda": 0.7588743859002423}, "datetime": {"datetime": "2021-09-15 15:00:54", "elapsed": 2429.530289, "delta": 0.989999}}
{"target": -21.671711539088367, "params": {"C": 22.826156975815366, "epsilon": 9.380644470090571, "gamma": 0.06879027452810071, "lamda": 3.562495852325836}, "datetime": {"datetime": "2021-09-15 15:01:12", "elapsed": 2447.978614, "delta": 18.448325}}
{"target": -17.63278417826635, "params": {"C": 41.82664318803657, "epsilon": 7.76274642095451, "gamma": 0.016393856632122724, "lamda": 4.835945639540716}, "datetime": {"datetime": "2021-09-15 15:01:23", "elapsed": 2459.463882, "delta": 11.485268}}
{"target": -16.866935101740875, "params": {"C": 33.426190972388525, "epsilon": 10.527961334004965, "gamma": 0.1904187065006492, "lamda": 4.102339993804883}, "datetime": {"datetime": "2021-09-15 15:01:42", "elapsed": 2478.447629, "delta": 18.983747}}
{"target": -13.574785748684615, "params": {"C": 40.76448908153753, "epsilon": 5.964698216740403, "gamma": 0.2236382035557268, "lamda": 3.84597897829955}, "datetime": {"datetime": "2021-09-15 15:02:01", "elapsed": 2496.80544, "delta": 18.357811}}
{"target": -14.612981946519959, "params": {"C": 29.771464155747424, "epsilon": 3.466739999981777, "gamma": 0.18381912427674243, "lamda": 4.702753498506845}, "datetime": {"datetime": "2021-09-15 15:02:13", "elapsed": 2509.055478, "delta": 12.250038}}
{"target": -22.68609666849758, "params": {"C": 44.34062547284837, "epsilon": 11.242479350372486, "gamma": 0.06677403958034892, "lamda": 4.888330269327089}, "datetime": {"datetime": "2021-09-15 15:02:32", "elapsed": 2528.140178, "delta": 19.0847}}
{"target": -18.751879173321424, "params": {"C": 42.54288993579381, "epsilon": 10.36617414077833, "gamma": 0.13909649508745972, "lamda": 1.362954624036114}, "datetime": {"datetime": "2021-09-15 15:02:50", "elapsed": 2546.114408, "delta": 17.97423}}
{"target": -22.913531412062646, "params": {"C": 15.187523031479039, "epsilon": 13.064206834298242, "gamma": 0.07402014855143732, "lamda": 3.7498095265019264}, "datetime": {"datetime": "2021-09-15 15:03:09", "elapsed": 2565.091858, "delta": 18.97745}}
{"target": -13.434769692131917, "params": {"C": 30.559280258348007, "epsilon": 2.230477399216514, "gamma": 0.18171207292155547, "lamda": 2.5867677766431507}, "datetime": {"datetime": "2021-09-15 15:03:27", "elapsed": 2582.609825, "delta": 17.517967}}
{"target": -19.89310264082345, "params": {"C": 48.63922771902515, "epsilon": 11.802233836027181, "gamma": 0.12470676643227038, "lamda": 4.993884382315994}, "datetime": {"datetime": "2021-09-15 15:03:44", "elapsed": 2600.334796, "delta": 17.724971}}
{"target": -20.67668170934301, "params": {"C": 37.67976010284004, "epsilon": 10.285178467651132, "gamma": 0.08646566351203154, "lamda": 4.378488757548736}, "datetime": {"datetime": "2021-09-15 15:04:03", "elapsed": 2618.863371, "delta": 18.528575}}
{"target": -17.35085854324092, "params": {"C": 22.006126091801796, "epsilon": 5.818316370133145, "gamma": 0.12557914473044574, "lamda": 3.801201673388057}, "datetime": {"datetime": "2021-09-15 15:04:22", "elapsed": 2637.611211, "delta": 18.74784}}
{"target": -16.025707937215977, "params": {"C": 49.75215156027747, "epsilon": 0.2883027839289122, "gamma": 0.12506671258492594, "lamda": 4.0025884009218515}, "datetime": {"datetime": "2021-09-15 15:04:34", "elapsed": 2649.862774, "delta": 12.251563}}
{"target": -12.865703078708103, "params": {"C": 27.31037587695353, "epsilon": 6.177846216704609, "gamma": 0.010299686244550806, "lamda": 1.4988830221757092}, "datetime": {"datetime": "2021-09-15 15:04:46", "elapsed": 2661.600282, "delta": 11.737508}}
{"target": -17.329221593840945, "params": {"C": 44.55305064603334, "epsilon": 9.686515408819053, "gamma": 0.1716911450212349, "lamda": 3.3643539866430334}, "datetime": {"datetime": "2021-09-15 15:05:05", "elapsed": 2681.08857, "delta": 19.488288}}
{"target": -14.528151556900713, "params": {"C": 24.331009654883438, "epsilon": 1.6047437604591674, "gamma": 0.012996750936623981, "lamda": 1.4010932150035882}, "datetime": {"datetime": "2021-09-15 15:05:18", "elapsed": 2693.572661, "delta": 12.484091}}
{"target": -2.4902958847577317, "params": {"C": 22.10791001131365, "epsilon": 0.006009374364594233, "gamma": 0.016409636975912512, "lamda": 3.5806622208328434}, "datetime": {"datetime": "2021-09-15 15:05:19", "elapsed": 2694.494659, "delta": 0.921998}}
{"target": -16.71965943789691, "params": {"C": 43.84990490269578, "epsilon": 5.3212994342832785, "gamma": 0.09697302797810786, "lamda": 1.479581259031613}, "datetime": {"datetime": "2021-09-15 15:05:30", "elapsed": 2706.197374, "delta": 11.702715}}
{"target": -18.488534689538746, "params": {"C": 24.303365910952465, "epsilon": 10.867051641490221, "gamma": 0.1576819499622597, "lamda": 3.5977889063342285}, "datetime": {"datetime": "2021-09-15 15:05:49", "elapsed": 2725.18187, "delta": 18.984496}}
{"target": -19.22729821648747, "params": {"C": 42.016196674421494, "epsilon": 7.934735347705044, "gamma": 0.10530659424277969, "lamda": 3.166487735433301}, "datetime": {"datetime": "2021-09-15 15:06:07", "elapsed": 2743.463336, "delta": 18.281466}}
{"target": -13.189168786471914, "params": {"C": 34.7157195241825, "epsilon": 13.002569639800921, "gamma": 0.00882020247300501, "lamda": 0.855491372871828}, "datetime": {"datetime": "2021-09-15 15:06:19", "elapsed": 2755.29457, "delta": 11.831234}}
{"target": -19.887926971954126, "params": {"C": 45.55422388528285, "epsilon": 1.3646467238272872, "gamma": 0.03097835729906017, "lamda": 3.6517918426781124}, "datetime": {"datetime": "2021-09-15 15:06:31", "elapsed": 2766.942045, "delta": 11.647475}}
{"target": -20.481512925541363, "params": {"C": 35.52471462697979, "epsilon": 6.996970025127122, "gamma": 0.03332688983447892, "lamda": 4.561369233521066}, "datetime": {"datetime": "2021-09-15 15:06:43", "elapsed": 2778.740161, "delta": 11.798116}}
{"target": -22.170035862266506, "params": {"C": 28.52857420427398, "epsilon": 9.920102556000217, "gamma": 0.052056643371219215, "lamda": 3.9405977488287087}, "datetime": {"datetime": "2021-09-15 15:07:01", "elapsed": 2797.282986, "delta": 18.542825}}
{"target": -10.273854801577706, "params": {"C": 49.30628797032475, "epsilon": 6.314812307129849, "gamma": 0.005248692043384157, "lamda": 1.1663753677302653}, "datetime": {"datetime": "2021-09-15 15:07:12", "elapsed": 2807.979787, "delta": 10.696801}}
{"target": -17.681289014401237, "params": {"C": 32.88177694071581, "epsilon": 10.296946561767461, "gamma": 0.16454824837766513, "lamda": 4.321473586765999}, "datetime": {"datetime": "2021-09-15 15:07:30", "elapsed": 2826.473619, "delta": 18.493832}}
{"target": -20.82267113713578, "params": {"C": 37.62768155470937, "epsilon": 0.8301501862690586, "gamma": 0.030548306640707044, "lamda": 4.430075216927069}, "datetime": {"datetime": "2021-09-15 15:07:48", "elapsed": 2844.011093, "delta": 17.537474}}
{"target": -12.05155255531956, "params": {"C": 26.17404892752708, "epsilon": 1.3160748578000503, "gamma": 0.2378643823954658, "lamda": 4.646284762894997}, "datetime": {"datetime": "2021-09-15 15:07:59", "elapsed": 2855.178911, "delta": 11.167818}}
{"target": -21.035714155267648, "params": {"C": 17.661412542485493, "epsilon": 8.949588903768243, "gamma": 0.031481783054533016, "lamda": 1.7204064412646463}, "datetime": {"datetime": "2021-09-15 15:08:10", "elapsed": 2866.435, "delta": 11.256089}}
{"target": -15.190005686391203, "params": {"C": 22.71292258924596, "epsilon": 8.576198183895082, "gamma": 0.211993222715173, "lamda": 1.682789085695494}, "datetime": {"datetime": "2021-09-15 15:08:29", "elapsed": 2885.448501, "delta": 19.013501}}
{"target": -13.918811733912941, "params": {"C": 24.863834869680698, "epsilon": 1.4274868297222076, "gamma": 0.15579637984017283, "lamda": 0.7719497318282358}, "datetime": {"datetime": "2021-09-15 15:08:45", "elapsed": 2901.459129, "delta": 16.010628}}
{"target": -19.861610206297733, "params": {"C": 24.08812937089312, "epsilon": 3.4590264748871875, "gamma": 0.032076549635157846, "lamda": 0.7190272804350544}, "datetime": {"datetime": "2021-09-15 15:09:02", "elapsed": 2918.236107, "delta": 16.776978}}
{"target": -16.076059838333187, "params": {"C": 35.12740450747336, "epsilon": 5.837731723687231, "gamma": 0.15356405626452369, "lamda": 2.729036248819881}, "datetime": {"datetime": "2021-09-15 15:09:20", "elapsed": 2936.071251, "delta": 17.835144}}
{"target": -15.104919338573556, "params": {"C": 42.08447744749496, "epsilon": 1.4643760558088645, "gamma": 0.14542966843003155, "lamda": 1.1886990088237828}, "datetime": {"datetime": "2021-09-15 15:09:36", "elapsed": 2952.486069, "delta": 16.414818}}
{"target": -16.013144780116512, "params": {"C": 44.48314990616409, "epsilon": 12.175555850691802, "gamma": 0.24551713511739448, "lamda": 2.2514438537658847}, "datetime": {"datetime": "2021-09-15 15:09:54", "elapsed": 2970.365326, "delta": 17.879257}}
{"target": -2.49657485467482, "params": {"C": 47.038819738026326, "epsilon": 3.433389145148727, "gamma": 0.2400831023680634, "lamda": 2.20408385845505}, "datetime": {"datetime": "2021-09-15 15:09:55", "elapsed": 2971.430075, "delta": 1.064749}}
{"target": -8.303784250302764, "params": {"C": 26.213341749001042, "epsilon": 9.97572221427744, "gamma": 0.0017573409690701744, "lamda": 0.8515206613915518}, "datetime": {"datetime": "2021-09-15 15:10:03", "elapsed": 2978.884797, "delta": 7.454722}}
{"target": -16.848084735786827, "params": {"C": 31.66422300959002, "epsilon": 11.03659071768821, "gamma": 0.19448060642113785, "lamda": 2.973325522455893}, "datetime": {"datetime": "2021-09-15 15:10:21", "elapsed": 2996.684329, "delta": 17.799532}}
{"target": -11.600088605762158, "params": {"C": 29.022584631377036, "epsilon": 1.6531630049363992, "gamma": 0.24728486220879423, "lamda": 2.8549046929581934}, "datetime": {"datetime": "2021-09-15 15:10:39", "elapsed": 3015.256422, "delta": 18.572093}}
{"target": -12.43299442734435, "params": {"C": 41.26509574287077, "epsilon": 1.4958821992179763, "gamma": 0.21613653082043488, "lamda": 2.896691892764648}, "datetime": {"datetime": "2021-09-15 15:10:58", "elapsed": 3033.553588, "delta": 18.297166}}
{"target": -18.744555430759835, "params": {"C": 21.54502114004271, "epsilon": 7.218845712405091, "gamma": 0.13177799614711364, "lamda": 3.748085604192553}, "datetime": {"datetime": "2021-09-15 15:11:16", "elapsed": 3052.087007, "delta": 18.533419}}
{"target": -11.596905085191521, "params": {"C": 30.012712965910225, "epsilon": 1.6615600698905912, "gamma": 0.24534554041621012, "lamda": 4.8171170801238405}, "datetime": {"datetime": "2021-09-15 15:11:35", "elapsed": 3071.15336, "delta": 19.066353}}
{"target": -18.727340647993472, "params": {"C": 16.71629496864088, "epsilon": 10.45523225908131, "gamma": 0.12513030672632422, "lamda": 0.828727358056276}, "datetime": {"datetime": "2021-09-15 15:11:53", "elapsed": 3089.182594, "delta": 18.029234}}
{"target": -10.598238740628807, "params": {"C": 28.970108869549197, "epsilon": 14.83155605261458, "gamma": 0.007679708153608562, "lamda": 1.7355582302664523}, "datetime": {"datetime": "2021-09-15 15:12:05", "elapsed": 3100.61842, "delta": 11.435826}}
{"target": -13.234295175183922, "params": {"C": 42.680863040605374, "epsilon": 0.15210892725822525, "gamma": 0.1789864909144843, "lamda": 3.5582498840051584}, "datetime": {"datetime": "2021-09-15 15:12:16", "elapsed": 3111.64471, "delta": 11.02629}}
{"target": -21.65539364810971, "params": {"C": 26.845386799031445, "epsilon": 7.802742287570444, "gamma": 0.07038056181625846, "lamda": 3.807760874713129}, "datetime": {"datetime": "2021-09-15 15:12:34", "elapsed": 3130.255103, "delta": 18.610393}}
{"target": -2.391849560354272, "params": {"C": 23.291165533534233, "epsilon": 4.557601890519369, "gamma": 0.20660482963143348, "lamda": 3.6900865772839904}, "datetime": {"datetime": "2021-09-15 15:12:35", "elapsed": 3131.433708, "delta": 1.178605}}
{"target": -11.723435726436914, "params": {"C": 27.65701764259503, "epsilon": 1.7656382997465057, "gamma": 0.24780673853492743, "lamda": 0.6615041128508623}, "datetime": {"datetime": "2021-09-15 15:12:52", "elapsed": 3148.376755, "delta": 16.943047}}
{"target": -19.88938774677453, "params": {"C": 35.42166656546652, "epsilon": 2.49808902294857, "gamma": 0.05245119924032826, "lamda": 4.373000782265233}, "datetime": {"datetime": "2021-09-15 15:13:02", "elapsed": 3158.382973, "delta": 10.006218}}
{"target": -17.124951114337772, "params": {"C": 24.83824173444006, "epsilon": 13.05077158326071, "gamma": 0.2491096594524424, "lamda": 3.19375119795286}, "datetime": {"datetime": "2021-09-15 15:13:20", "elapsed": 3176.356843, "delta": 17.97387}}
