{"target": 0.8798100008892319, "params": {"C": 145.13113318686814, "epsilon": 0.9699922657604235, "gamma": 0.14142349472010238, "lamda": 0.07161555193859148}, "datetime": {"datetime": "2021-09-23 13:00:31", "elapsed": 114.675069, "delta": 0.832054}}
{"target": 0.870212870560154, "params": {"C": 159.27446891679227, "epsilon": 1.0, "gamma": 0.01, "lamda": 0.001}, "datetime": {"datetime": "2021-09-23 13:00:31", "elapsed": 115.513069, "delta": 0.838}}
{"target": 0.8404546656013179, "params": {"C": 157.56286697436494, "epsilon": 0.05, "gamma": 0.2, "lamda": 0.2}, "datetime": {"datetime": "2021-09-23 13:00:32", "elapsed": 116.34695, "delta": 0.833881}}
{"target": 0.8700651462925144, "params": {"C": 155.80142710592978, "epsilon": 1.0, "gamma": 0.01, "lamda": 0.001}, "datetime": {"datetime": "2021-09-23 13:00:33", "elapsed": 117.377185, "delta": 1.030235}}
{"target": 0.9028789273834965, "params": {"C": 154.1155737928244, "epsilon": 0.08182397636529673, "gamma": 0.0933383832099551, "lamda": 0.198611917100529}, "datetime": {"datetime": "2021-09-23 13:00:34", "elapsed": 118.480284, "delta": 1.103099}}
{"target": -3.6969666089917803, "params": {"C": 194.81993180432642, "epsilon": 0.9759064231115058, "gamma": 0.037753053793917454, "lamda": 0.06490108200064261}, "datetime": {"datetime": "2021-09-23 13:00:46", "elapsed": 130.029742, "delta": 11.549458}}
{"target": 0.838530907826667, "params": {"C": 185.8683091467117, "epsilon": 0.05, "gamma": 0.2, "lamda": 0.001}, "datetime": {"datetime": "2021-09-23 13:00:47", "elapsed": 130.77874, "delta": 0.748998}}
{"target": 0.8708036314796095, "params": {"C": 184.40485957363387, "epsilon": 1.0, "gamma": 0.01, "lamda": 0.001}, "datetime": {"datetime": "2021-09-23 13:00:48", "elapsed": 131.756743, "delta": 0.978003}}
{"target": 0.8700728512334694, "params": {"C": 187.35892360120977, "epsilon": 0.9370392003024733, "gamma": 0.14923197934279372, "lamda": 0.08715217319063391}, "datetime": {"datetime": "2021-09-23 13:00:48", "elapsed": 132.50874, "delta": 0.751997}}
{"target": 0.8696503906665983, "params": {"C": 146.48773191550785, "epsilon": 0.05, "gamma": 0.01, "lamda": 0.2}, "datetime": {"datetime": "2021-09-23 13:00:49", "elapsed": 133.36674, "delta": 0.858}}
{"target": -1.727955516963247, "params": {"C": 107.69969046225505, "epsilon": 0.9933271977227549, "gamma": 0.06880248898070561, "lamda": 0.17727628458826794}, "datetime": {"datetime": "2021-09-23 13:00:59", "elapsed": 143.443375, "delta": 10.076635}}
{"target": 0.8685544868562237, "params": {"C": 105.28583964634868, "epsilon": 0.05153439985135832, "gamma": 0.01, "lamda": 0.001}, "datetime": {"datetime": "2021-09-23 13:01:00", "elapsed": 144.276374, "delta": 0.832999}}
{"target": 0.8934703925669932, "params": {"C": 118.41399179024464, "epsilon": 0.065027941476395, "gamma": 0.11503686156162721, "lamda": 0.02880506937654846}, "datetime": {"datetime": "2021-09-23 13:01:01", "elapsed": 145.044428, "delta": 0.768054}}
{"target": -3.0984149468626674, "params": {"C": 133.28612947203987, "epsilon": 0.9186805193936686, "gamma": 0.0329417741708021, "lamda": 0.08108304584875767}, "datetime": {"datetime": "2021-09-23 13:01:11", "elapsed": 155.127704, "delta": 10.083276}}
{"target": 0.8440307993351095, "params": {"C": 119.46755595535745, "epsilon": 0.05, "gamma": 0.2, "lamda": 0.2}, "datetime": {"datetime": "2021-09-23 13:01:12", "elapsed": 155.97821, "delta": 0.850506}}
{"target": 0.915792086488353, "params": {"C": 141.9499458087539, "epsilon": 0.9158158207947902, "gamma": 0.05448800091373255, "lamda": 0.029941281302556685}, "datetime": {"datetime": "2021-09-23 13:01:13", "elapsed": 156.589115, "delta": 0.610905}}
{"target": 0.8420351881897243, "params": {"C": 135.57864681194891, "epsilon": 0.05, "gamma": 0.2, "lamda": 0.2}, "datetime": {"datetime": "2021-09-23 13:01:13", "elapsed": 157.312881, "delta": 0.723766}}
{"target": 0.9043087994578002, "params": {"C": 168.24334217830318, "epsilon": 0.9723403160062492, "gamma": 0.08950367586123598, "lamda": 0.0851003481699997}, "datetime": {"datetime": "2021-09-23 13:01:14", "elapsed": 158.073884, "delta": 0.761003}}
{"target": -2.7487417324457257, "params": {"C": 153.01985819491028, "epsilon": 0.9722517446624316, "gamma": 0.014939973113327749, "lamda": 0.03672661492715537}, "datetime": {"datetime": "2021-09-23 13:01:23", "elapsed": 167.173667, "delta": 9.099783}}
{"target": 0.8826292694115443, "params": {"C": 155.30578360362156, "epsilon": 0.05694347031582261, "gamma": 0.1354445670308717, "lamda": 0.08809081782251538}, "datetime": {"datetime": "2021-09-23 13:01:24", "elapsed": 167.914669, "delta": 0.741002}}
{"target": 0.8417588316182346, "params": {"C": 137.9320517467858, "epsilon": 0.05, "gamma": 0.2, "lamda": 0.2}, "datetime": {"datetime": "2021-09-23 13:01:25", "elapsed": 168.624522, "delta": 0.709853}}
{"target": 0.8398752096765023, "params": {"C": 165.96710385387343, "epsilon": 0.05, "gamma": 0.2, "lamda": 0.2}, "datetime": {"datetime": "2021-09-23 13:01:25", "elapsed": 169.338728, "delta": 0.714206}}
{"target": -3.2079688370772406, "params": {"C": 122.57425618278165, "epsilon": 0.9926824424437868, "gamma": 0.02862574292819197, "lamda": 0.09799327991604595}, "datetime": {"datetime": "2021-09-23 13:01:35", "elapsed": 179.033289, "delta": 9.694561}}
{"target": 0.8702964491426766, "params": {"C": 167.53770613254989, "epsilon": 0.05, "gamma": 0.01, "lamda": 0.001}, "datetime": {"datetime": "2021-09-23 13:01:36", "elapsed": 179.831288, "delta": 0.797999}}
{"target": 0.8706254649805285, "params": {"C": 176.34675367692185, "epsilon": 1.0, "gamma": 0.01, "lamda": 0.001}, "datetime": {"datetime": "2021-09-23 13:01:37", "elapsed": 180.702497, "delta": 0.871209}}
{"target": 0.8584363530463155, "params": {"C": 125.40352584978443, "epsilon": 0.08353781089809767, "gamma": 0.17668738299333173, "lamda": 0.08798411039609744}, "datetime": {"datetime": "2021-09-23 13:01:37", "elapsed": 181.510769, "delta": 0.808272}}
{"target": 0.8975933407376693, "params": {"C": 113.27004035444496, "epsilon": 0.05647199609418206, "gamma": 0.10324659713152429, "lamda": 0.022426001595391425}, "datetime": {"datetime": "2021-09-23 13:01:38", "elapsed": 182.278772, "delta": 0.768003}}
{"target": 0.9154001000806204, "params": {"C": 197.67775302321274, "epsilon": 0.05007514369512956, "gamma": 0.06132685221986549, "lamda": 0.013694151660040583}, "datetime": {"datetime": "2021-09-23 13:01:39", "elapsed": 183.125324, "delta": 0.846552}}
{"target": 0.8386525372821787, "params": {"C": 183.479081708947, "epsilon": 0.05, "gamma": 0.2, "lamda": 0.2}, "datetime": {"datetime": "2021-09-23 13:01:40", "elapsed": 184.024326, "delta": 0.899002}}
{"target": -2.239637161331223, "params": {"C": 116.00213439714481, "epsilon": 1.0, "gamma": 0.01, "lamda": 0.2}, "datetime": {"datetime": "2021-09-23 13:01:51", "elapsed": 194.889936, "delta": 10.86561}}
{"target": 0.8702547428295603, "params": {"C": 160.56180097378763, "epsilon": 1.0, "gamma": 0.01, "lamda": 0.001}, "datetime": {"datetime": "2021-09-23 13:01:52", "elapsed": 195.884934, "delta": 0.994998}}
{"target": 0.8395408651606446, "params": {"C": 170.84603746688555, "epsilon": 0.05, "gamma": 0.2, "lamda": 0.2}, "datetime": {"datetime": "2021-09-23 13:01:53", "elapsed": 196.79193, "delta": 0.906996}}
{"target": 0.8403057943733337, "params": {"C": 159.68782491000823, "epsilon": 0.05, "gamma": 0.2, "lamda": 0.2}, "datetime": {"datetime": "2021-09-23 13:01:53", "elapsed": 197.563933, "delta": 0.772003}}
{"target": 0.8412876591815928, "params": {"C": 143.21414842011694, "epsilon": 1.0, "gamma": 0.2, "lamda": 0.2}, "datetime": {"datetime": "2021-09-23 13:01:54", "elapsed": 198.37793, "delta": 0.813997}}
{"target": 0.8410075900765174, "params": {"C": 147.23051733881903, "epsilon": 1.0, "gamma": 0.2, "lamda": 0.001}, "datetime": {"datetime": "2021-09-23 13:01:55", "elapsed": 199.421827, "delta": 1.043897}}
{"target": -2.4421503428044056, "params": {"C": 188.33285696704777, "epsilon": 0.05, "gamma": 0.01, "lamda": 0.2}, "datetime": {"datetime": "2021-09-23 13:02:06", "elapsed": 210.464574, "delta": 11.042747}}
{"target": 0.8708139557641341, "params": {"C": 186.21607906366927, "epsilon": 1.0, "gamma": 0.01, "lamda": 0.001}, "datetime": {"datetime": "2021-09-23 13:02:07", "elapsed": 211.231471, "delta": 0.766897}}
{"target": 0.8590610336390406, "params": {"C": 131.17563648341746, "epsilon": 0.9932039087857212, "gamma": 0.1749191934159997, "lamda": 0.1581484159671697}, "datetime": {"datetime": "2021-09-23 13:02:08", "elapsed": 212.022474, "delta": 0.791003}}
{"target": 0.8701264684836263, "params": {"C": 157.14047456454568, "epsilon": 1.0, "gamma": 0.01, "lamda": 0.001}, "datetime": {"datetime": "2021-09-23 13:02:09", "elapsed": 212.887319, "delta": 0.864845}}
{"target": -3.2142423928341044, "params": {"C": 199.72556683398392, "epsilon": 0.9990258251655788, "gamma": 0.012898181599380342, "lamda": 0.09368940262887399}, "datetime": {"datetime": "2021-09-23 13:02:19", "elapsed": 223.287118, "delta": 10.399799}}
{"target": 0.8839923852277553, "params": {"C": 197.28349328126046, "epsilon": 0.9526425592546739, "gamma": 0.12737108131329217, "lamda": 0.07315412697256515}, "datetime": {"datetime": "2021-09-23 13:02:20", "elapsed": 224.39512, "delta": 1.108002}}
{"target": -2.6437777114822385, "params": {"C": 163.6605970917085, "epsilon": 1.0, "gamma": 0.01, "lamda": 0.2}, "datetime": {"datetime": "2021-09-23 13:02:32", "elapsed": 235.838072, "delta": 11.442952}}
{"target": 0.859006080994235, "params": {"C": 161.57727543831373, "epsilon": 0.80515575677282, "gamma": 0.16943930874745966, "lamda": 0.04968814654362979}, "datetime": {"datetime": "2021-09-23 13:02:33", "elapsed": 236.837932, "delta": 0.99986}}
{"target": 0.8405272864256954, "params": {"C": 156.44570095332455, "epsilon": 0.09328415648257264, "gamma": 0.2, "lamda": 0.2}, "datetime": {"datetime": "2021-09-23 13:02:34", "elapsed": 237.952813, "delta": 1.114881}}
{"target": 0.9098617699935048, "params": {"C": 114.38862165466662, "epsilon": 0.07393715774325542, "gamma": 0.07278623180742086, "lamda": 0.042857805896649705}, "datetime": {"datetime": "2021-09-23 13:02:35", "elapsed": 239.096582, "delta": 1.143769}}
{"target": 0.841946227170679, "params": {"C": 139.13837597651303, "epsilon": 0.07661274954527861, "gamma": 0.19945976866324025, "lamda": 0.09014666354039708}, "datetime": {"datetime": "2021-09-23 13:02:36", "elapsed": 240.009669, "delta": 0.913087}}
{"target": -2.0662350003639656, "params": {"C": 124.41357553980836, "epsilon": 0.05, "gamma": 0.01, "lamda": 0.2}, "datetime": {"datetime": "2021-09-23 13:02:43", "elapsed": 246.781768, "delta": 6.772099}}
{"target": -3.2326772179532908, "params": {"C": 175.87604803730662, "epsilon": 0.5337048775715479, "gamma": 0.0419591411395866, "lamda": 0.06730509553815381}, "datetime": {"datetime": "2021-09-23 13:02:54", "elapsed": 258.313994, "delta": 11.532226}}
{"target": -3.352771636956308, "params": {"C": 197.7513344135774, "epsilon": 0.6510358205001437, "gamma": 0.03424932635036213, "lamda": 0.0697142946615651}, "datetime": {"datetime": "2021-09-23 13:03:08", "elapsed": 272.152935, "delta": 13.838941}}
{"target": 0.8404406118634224, "params": {"C": 159.67805399839804, "epsilon": 0.37150022896440243, "gamma": 0.1996906778243612, "lamda": 0.11707294877735902}, "datetime": {"datetime": "2021-09-23 13:03:09", "elapsed": 272.963935, "delta": 0.811}}
{"target": 0.8944724209395931, "params": {"C": 161.98178299467054, "epsilon": 0.9075076066579004, "gamma": 0.11499324955679305, "lamda": 0.07288240456759341}, "datetime": {"datetime": "2021-09-23 13:03:11", "elapsed": 274.991492, "delta": 2.027557}}
{"target": 0.8827334536905204, "params": {"C": 162.19122893553433, "epsilon": 0.5456835359459, "gamma": 0.13437096936004153, "lamda": 0.026685961201739102}, "datetime": {"datetime": "2021-09-23 13:03:12", "elapsed": 276.366749, "delta": 1.375257}}
{"target": 0.8415438487897144, "params": {"C": 161.02353528519131, "epsilon": 0.05970693953220589, "gamma": 0.19751752811822892, "lamda": 0.18938791133737806}, "datetime": {"datetime": "2021-09-23 13:03:13", "elapsed": 277.032361, "delta": 0.665612}}
{"target": 0.8985546213256492, "params": {"C": 113.92786796752623, "epsilon": 0.39477372948813316, "gamma": 0.10016922357261045, "lamda": 0.08718045126003396}, "datetime": {"datetime": "2021-09-23 13:03:14", "elapsed": 278.156883, "delta": 1.124522}}
{"target": 0.8507031009219159, "params": {"C": 114.47682880508808, "epsilon": 0.640005921748375, "gamma": 0.19073056000258903, "lamda": 0.04493942526851245}, "datetime": {"datetime": "2021-09-23 13:03:15", "elapsed": 279.537095, "delta": 1.380212}}
{"target": 0.8567355381336165, "params": {"C": 107.53292523514699, "epsilon": 0.5507443452182548, "gamma": 0.1828605100646234, "lamda": 0.05672202090902516}, "datetime": {"datetime": "2021-09-23 13:03:16", "elapsed": 280.219225, "delta": 0.68213}}
{"target": 0.8705031297071302, "params": {"C": 196.82526740602057, "epsilon": 0.9831785650815822, "gamma": 0.14721121834592085, "lamda": 0.13068380053167486}, "datetime": {"datetime": "2021-09-23 13:03:17", "elapsed": 281.330041, "delta": 1.110816}}
{"target": 0.9136300574928028, "params": {"C": 119.72756928122121, "epsilon": 0.5639973114428048, "gamma": 0.05897193580606906, "lamda": 0.09486221292043501}, "datetime": {"datetime": "2021-09-23 13:03:18", "elapsed": 282.372945, "delta": 1.042904}}
{"target": 0.9106503562392356, "params": {"C": 109.49367990016277, "epsilon": 0.6237555412978093, "gamma": 0.06994257086369347, "lamda": 0.11583037632021558}, "datetime": {"datetime": "2021-09-23 13:03:19", "elapsed": 283.081563, "delta": 0.708618}}
{"target": 0.8571222494082167, "params": {"C": 119.20559245475751, "epsilon": 0.5045739831606915, "gamma": 0.17992457725283967, "lamda": 0.18444129542851528}, "datetime": {"datetime": "2021-09-23 13:03:20", "elapsed": 284.402396, "delta": 1.320833}}
{"target": 0.9127326491044636, "params": {"C": 155.88152671709835, "epsilon": 0.3597652116845291, "gamma": 0.06763662858796297, "lamda": 0.13270771772955475}, "datetime": {"datetime": "2021-09-23 13:03:22", "elapsed": 286.1928, "delta": 1.790404}}
{"target": -2.901026740012748, "params": {"C": 156.4372030335597, "epsilon": 0.7155547992131408, "gamma": 0.029429402133482344, "lamda": 0.013465200758769051}, "datetime": {"datetime": "2021-09-23 13:03:33", "elapsed": 297.330056, "delta": 11.137256}}
{"target": 0.8987488587610225, "params": {"C": 155.45657916216805, "epsilon": 0.5490348643357826, "gamma": 0.10436941379321847, "lamda": 0.16266050581086655}, "datetime": {"datetime": "2021-09-23 13:03:35", "elapsed": 298.663469, "delta": 1.333413}}
{"target": 0.8475059149011372, "params": {"C": 123.3069540993177, "epsilon": 0.478685222210234, "gamma": 0.19375722471487292, "lamda": 0.024454525472293945}, "datetime": {"datetime": "2021-09-23 13:03:35", "elapsed": 299.389211, "delta": 0.725742}}
{"target": 0.9004770794614041, "params": {"C": 120.00480477240197, "epsilon": 0.11436299793100052, "gamma": 0.09523203062552939, "lamda": 0.03185514076313514}, "datetime": {"datetime": "2021-09-23 13:03:37", "elapsed": 300.765177, "delta": 1.375966}}
{"target": 0.887451996233875, "params": {"C": 113.36359079970674, "epsilon": 0.6098653829988929, "gamma": 0.1299074221574652, "lamda": 0.13771715843716759}, "datetime": {"datetime": "2021-09-23 13:03:38", "elapsed": 301.850308, "delta": 1.085131}}
{"target": 0.8543980442283775, "params": {"C": 149.82218089240365, "epsilon": 0.67473350064987, "gamma": 0.17813471820177434, "lamda": 0.03542865777375886}, "datetime": {"datetime": "2021-09-23 13:03:39", "elapsed": 302.595351, "delta": 0.745043}}
{"target": 0.8856650322661751, "params": {"C": 185.77850145271555, "epsilon": 0.28723422786039055, "gamma": 0.12672608282150924, "lamda": 0.08403821914658158}, "datetime": {"datetime": "2021-09-23 13:03:39", "elapsed": 303.244912, "delta": 0.649561}}
{"target": 0.9004425734815845, "params": {"C": 112.83438711953929, "epsilon": 0.49225895222102195, "gamma": 0.09324132639369197, "lamda": 0.08987408925651111}, "datetime": {"datetime": "2021-09-23 13:03:40", "elapsed": 304.297911, "delta": 1.052999}}
{"target": -2.12181521192541, "params": {"C": 114.89327732610008, "epsilon": 0.2824166932645084, "gamma": 0.045846132668969926, "lamda": 0.09642802497556482}, "datetime": {"datetime": "2021-09-23 13:03:50", "elapsed": 313.903959, "delta": 9.606048}}
{"target": -3.113935531983272, "params": {"C": 113.0182617903104, "epsilon": 0.9347627172117237, "gamma": 0.03792458785662107, "lamda": 0.10030267806496748}, "datetime": {"datetime": "2021-09-23 13:04:00", "elapsed": 324.165721, "delta": 10.261762}}
{"target": 0.865835042224973, "params": {"C": 113.51087543614459, "epsilon": 0.3295443042531543, "gamma": 0.1675666049987474, "lamda": 0.16448522166450044}, "datetime": {"datetime": "2021-09-23 13:04:01", "elapsed": 325.446917, "delta": 1.281196}}
{"target": 0.8438938027229428, "params": {"C": 120.09783169655759, "epsilon": 0.4623335063987709, "gamma": 0.2, "lamda": 0.2}, "datetime": {"datetime": "2021-09-23 13:04:03", "elapsed": 326.964887, "delta": 1.51797}}
{"target": 0.8970034800203375, "params": {"C": 112.82545311683607, "epsilon": 0.14379282856988002, "gamma": 0.10500671132923667, "lamda": 0.18467588173463453}, "datetime": {"datetime": "2021-09-23 13:04:05", "elapsed": 328.653489, "delta": 1.688602}}
{"target": 0.9080720044089908, "params": {"C": 112.45892247057944, "epsilon": 0.4861389184199617, "gamma": 0.07609814013034506, "lamda": 0.17039952767750666}, "datetime": {"datetime": "2021-09-23 13:04:06", "elapsed": 330.126604, "delta": 1.473115}}
{"target": 0.8523057344794065, "params": {"C": 112.1597046336781, "epsilon": 0.8637100262732526, "gamma": 0.18872260035062796, "lamda": 0.2}, "datetime": {"datetime": "2021-09-23 13:04:08", "elapsed": 331.669968, "delta": 1.543364}}
{"target": 0.8890700123507658, "params": {"C": 118.88679394888878, "epsilon": 0.07036339701000056, "gamma": 0.1269181258416404, "lamda": 0.19042109802322482}, "datetime": {"datetime": "2021-09-23 13:04:09", "elapsed": 333.429134, "delta": 1.759166}}
{"target": 0.9093580033316702, "params": {"C": 118.60774899899641, "epsilon": 0.5292735450241742, "gamma": 0.07359916751246888, "lamda": 0.12049065575052259}, "datetime": {"datetime": "2021-09-23 13:04:11", "elapsed": 335.222093, "delta": 1.792959}}
{"target": 0.8408916145059854, "params": {"C": 149.5959449638133, "epsilon": 1.0, "gamma": 0.2, "lamda": 0.001}, "datetime": {"datetime": "2021-09-23 13:04:13", "elapsed": 336.708194, "delta": 1.486101}}
{"target": 0.8829051843235348, "params": {"C": 144.66585820888017, "epsilon": 0.9968799081163998, "gamma": 0.13680766386768817, "lamda": 0.021279801830916437}, "datetime": {"datetime": "2021-09-23 13:04:13", "elapsed": 337.496013, "delta": 0.787819}}
{"target": 0.8433100329341743, "params": {"C": 186.27849918063632, "epsilon": 0.5097321290619238, "gamma": 0.19079565578625882, "lamda": 0.07879989669687279}, "datetime": {"datetime": "2021-09-23 13:04:15", "elapsed": 339.144437, "delta": 1.648424}}
{"target": 0.8839904012825938, "params": {"C": 109.04094845668884, "epsilon": 0.3712052207275167, "gamma": 0.1379127996662456, "lamda": 0.1808466854647459}, "datetime": {"datetime": "2021-09-23 13:04:17", "elapsed": 340.681611, "delta": 1.537174}}
{"target": 0.9025873574537878, "params": {"C": 186.7444991042711, "epsilon": 0.9253784262851974, "gamma": 0.09627488967996153, "lamda": 0.12364857889447015}, "datetime": {"datetime": "2021-09-23 13:04:18", "elapsed": 342.052852, "delta": 1.371241}}
{"target": 0.8773341638955792, "params": {"C": 161.607626700614, "epsilon": 0.2791548413968441, "gamma": 0.1419603755021781, "lamda": 0.14967419103217347}, "datetime": {"datetime": "2021-09-23 13:04:19", "elapsed": 343.423451, "delta": 1.370599}}
{"target": 0.8408585073578736, "params": {"C": 150.10723117102773, "epsilon": 1.0, "gamma": 0.2, "lamda": 0.001}, "datetime": {"datetime": "2021-09-23 13:04:21", "elapsed": 344.831503, "delta": 1.408052}}
{"target": -1.3868381322855075, "params": {"C": 161.02488253056487, "epsilon": 0.6860016118003222, "gamma": 0.08868201169357164, "lamda": 0.1977963925825655}, "datetime": {"datetime": "2021-09-23 13:04:33", "elapsed": 356.708234, "delta": 11.876731}}
{"target": -3.3016792361334772, "params": {"C": 159.9816038046583, "epsilon": 0.9007495825078624, "gamma": 0.02806580597511315, "lamda": 0.14447265630295703}, "datetime": {"datetime": "2021-09-23 13:04:45", "elapsed": 368.88149, "delta": 12.173256}}
{"target": 0.8810501429053441, "params": {"C": 118.84521859223138, "epsilon": 0.9185351279807608, "gamma": 0.14297369710172902, "lamda": 0.10406278872172847}, "datetime": {"datetime": "2021-09-23 13:04:46", "elapsed": 370.281164, "delta": 1.399674}}
{"target": 0.9024528282325743, "params": {"C": 178.66530133920384, "epsilon": 0.2048466282164132, "gamma": 0.0962025025264295, "lamda": 0.15833551779962127}, "datetime": {"datetime": "2021-09-23 13:04:47", "elapsed": 371.141756, "delta": 0.860592}}
{"target": 0.8691647366362235, "params": {"C": 159.2401080926515, "epsilon": 0.25597255892830206, "gamma": 0.15465202582404347, "lamda": 0.0549102983593438}, "datetime": {"datetime": "2021-09-23 13:04:48", "elapsed": 372.210873, "delta": 1.069117}}
{"target": 0.8978256275936759, "params": {"C": 143.54244041274072, "epsilon": 0.5706424688051464, "gamma": 0.10596080921964422, "lamda": 0.10102070317504963}, "datetime": {"datetime": "2021-09-23 13:04:50", "elapsed": 373.731115, "delta": 1.520242}}
{"target": -1.5346534279227755, "params": {"C": 180.92853272994466, "epsilon": 0.26500383043275116, "gamma": 0.07884716410772005, "lamda": 0.19799280762684443}, "datetime": {"datetime": "2021-09-23 13:05:00", "elapsed": 383.781029, "delta": 10.049914}}
{"target": 0.8861816127488314, "params": {"C": 111.11743636788741, "epsilon": 0.1767380708937792, "gamma": 0.13296978208433946, "lamda": 0.11579788460881252}, "datetime": {"datetime": "2021-09-23 13:05:01", "elapsed": 384.869089, "delta": 1.08806}}
