{"target": -2.9704066820439636, "params": {"C": 3.4742498617529938, "epsilon": 10.927374051176816, "gamma": 0.015458220955457524, "lamda": 1.6896091442243517}, "datetime": {"datetime": "2021-09-16 13:55:14", "elapsed": 7443.731668, "delta": 2.861313}}
{"target": -13.864414774235128, "params": {"C": 27.374184848011726, "epsilon": 5.733680801518936, "gamma": 0.013234983960618849, "lamda": 2.697347374181979}, "datetime": {"datetime": "2021-09-16 13:55:28", "elapsed": 7457.740261, "delta": 14.008593}}
{"target": -20.44351409212121, "params": {"C": 22.96304896679324, "epsilon": 12.341931188352703, "gamma": 0.02794525448831052, "lamda": 1.1434156572164842}, "datetime": {"datetime": "2021-09-16 13:55:44", "elapsed": 7473.651343, "delta": 15.911082}}
{"target": -15.730640579589226, "params": {"C": 11.42909512897185, "epsilon": 0.32500604166758684, "gamma": 0.04484875190234422, "lamda": 1.1044322817891652}, "datetime": {"datetime": "2021-09-16 13:56:06", "elapsed": 7496.336859, "delta": 22.685516}}
{"target": -17.3021204211315, "params": {"C": 10.026351306206468, "epsilon": 8.439592198424158, "gamma": 0.0447456185768363, "lamda": 2.95410519382532}, "datetime": {"datetime": "2021-09-16 13:56:29", "elapsed": 7518.854195, "delta": 22.517336}}
{"target": -19.85101884686053, "params": {"C": 16.93734908113153, "epsilon": 12.201785658632613, "gamma": 0.022139135675167988, "lamda": 2.647615760525526}, "datetime": {"datetime": "2021-09-16 13:56:52", "elapsed": 7541.764567, "delta": 22.910372}}
{"target": -20.962989178212315, "params": {"C": 27.038188679311574, "epsilon": 14.792890859070095, "gamma": 0.04299199099966041, "lamda": 1.4059731067241341}, "datetime": {"datetime": "2021-09-16 13:57:14", "elapsed": 7563.906832, "delta": 22.142265}}
{"target": -17.665513116246398, "params": {"C": 28.18340113375067, "epsilon": 0.2714594681473857, "gamma": 0.025644919730861936, "lamda": 1.1135086141543737}, "datetime": {"datetime": "2021-09-16 13:57:34", "elapsed": 7583.982307, "delta": 20.075475}}
{"target": -17.764670510050724, "params": {"C": 24.92711202623819, "epsilon": 1.692120811453755, "gamma": 0.038400556076210145, "lamda": 0.9907850344976381}, "datetime": {"datetime": "2021-09-16 13:57:47", "elapsed": 7597.289663, "delta": 13.307356}}
{"target": -14.359284174732212, "params": {"C": 26.089897384940475, "epsilon": 3.9756285885883385, "gamma": 0.01078033313329426, "lamda": 1.977420847010915}, "datetime": {"datetime": "2021-09-16 13:58:05", "elapsed": 7614.92178, "delta": 17.632117}}
{"target": -17.77662813269791, "params": {"C": 17.0950147338923, "epsilon": 7.230129736045846, "gamma": 0.01911934712156297, "lamda": 0.6406499915915266}, "datetime": {"datetime": "2021-09-16 13:58:20", "elapsed": 7630.182555, "delta": 15.260775}}
{"target": -18.033946989120093, "params": {"C": 32.510660141077224, "epsilon": 12.52519189507453, "gamma": 0.020005718740867245, "lamda": 0.3030302400592079}, "datetime": {"datetime": "2021-09-16 14:48:34", "elapsed": 0.0, "delta": 0.0}}
{"target": -16.918766883343334, "params": {"C": 24.40267672451339, "epsilon": 2.477417516300765, "gamma": 0.029313010568883545, "lamda": 0.3462151663160047}, "datetime": {"datetime": "2021-09-16 14:48:51", "elapsed": 17.209763, "delta": 17.209763}}
{"target": -17.934658249253584, "params": {"C": 31.9030242269201, "epsilon": 9.621067744053711, "gamma": 0.04095972572016474, "lamda": 0.6855342808963627}, "datetime": {"datetime": "2021-09-16 14:49:10", "elapsed": 36.168347, "delta": 18.958584}}
{"target": -21.02826830301741, "params": {"C": 26.133567491945524, "epsilon": 15.049878982255127, "gamma": 0.02136937965989631, "lamda": 0.6707970426682238}, "datetime": {"datetime": "2021-09-16 14:49:21", "elapsed": 47.321075, "delta": 11.152728}}
{"target": -17.531523959649533, "params": {"C": 32.51914407101381, "epsilon": 9.939037255132027, "gamma": 0.02701934692976169, "lamda": 0.1989033875957939}, "datetime": {"datetime": "2021-09-16 14:49:33", "elapsed": 59.032678, "delta": 11.711603}}
{"target": -22.705379180549418, "params": {"C": 44.022337060266096, "epsilon": 16.49218521151036, "gamma": 0.035671208907962146, "lamda": 0.6926302930536448}, "datetime": {"datetime": "2021-09-16 14:49:47", "elapsed": 73.480517, "delta": 14.447839}}
{"target": -18.41488736212604, "params": {"C": 46.29167456888115, "epsilon": 15.313706616061557, "gamma": 0.024252210568488898, "lamda": 0.04001572844964948}, "datetime": {"datetime": "2021-09-16 14:50:07", "elapsed": 92.819271, "delta": 19.338754}}
{"target": -21.764570611350557, "params": {"C": 25.094912586937067, "epsilon": 15.05028005487061, "gamma": 0.024917341691652505, "lamda": 0.4216865173800471}, "datetime": {"datetime": "2021-09-16 14:50:19", "elapsed": 104.920847, "delta": 12.101576}}
{"target": -17.578102562312278, "params": {"C": 48.736685904515056, "epsilon": 9.530644559568273, "gamma": 0.054593855697523674, "lamda": 0.3162001153750569}, "datetime": {"datetime": "2021-09-16 14:50:38", "elapsed": 124.359888, "delta": 19.439041}}
{"target": -20.827455151731346, "params": {"C": 40.595027830447506, "epsilon": 14.354010750357967, "gamma": 0.020914413867209592, "lamda": 0.7503941706300225}, "datetime": {"datetime": "2021-09-16 14:50:50", "elapsed": 136.441461, "delta": 12.081573}}
{"target": -2.189297799818812, "params": {"C": 49.32131636118515, "epsilon": 13.366610238766572, "gamma": 0.02, "lamda": 0.001}, "datetime": {"datetime": "2021-09-16 14:50:51", "elapsed": 137.421143, "delta": 0.979682}}
{"target": -20.54247098036216, "params": {"C": 50.0, "epsilon": 14.10145370259892, "gamma": 0.02, "lamda": 1.0}, "datetime": {"datetime": "2021-09-16 14:51:04", "elapsed": 149.786694, "delta": 12.365551}}
{"target": -17.991782051926748, "params": {"C": 49.39240820755121, "epsilon": 13.451363658422519, "gamma": 0.022118405829972754, "lamda": 0.31170685121141195}, "datetime": {"datetime": "2021-09-16 14:51:16", "elapsed": 162.647443, "delta": 12.860749}}
{"target": -18.566563185349597, "params": {"C": 20.636188209578865, "epsilon": 13.92609983402754, "gamma": 0.06824277705515941, "lamda": 0.702370954216352}, "datetime": {"datetime": "2021-09-16 14:51:35", "elapsed": 181.667601, "delta": 19.020158}}
{"target": -17.749736373328915, "params": {"C": 30.932575747022856, "epsilon": 1.358369778136952, "gamma": 0.027620717309837468, "lamda": 0.9715500023576213}, "datetime": {"datetime": "2021-09-16 14:51:47", "elapsed": 193.356408, "delta": 11.688807}}
{"target": -1.9989009284824306, "params": {"C": 49.8590062390559, "epsilon": 6.202760094123381, "gamma": 0.06084329914947091, "lamda": 0.0455893232637968}, "datetime": {"datetime": "2021-09-16 14:51:48", "elapsed": 193.923446, "delta": 0.567038}}
{"target": -13.129926146668657, "params": {"C": 49.43693881935695, "epsilon": 5.326677255697156, "gamma": 0.06043925090348841, "lamda": 0.44711277279669975}, "datetime": {"datetime": "2021-09-16 14:51:59", "elapsed": 205.690612, "delta": 11.767166}}
{"target": -18.73984267517416, "params": {"C": 29.74627284197036, "epsilon": 11.172502658972704, "gamma": 0.04002525546804589, "lamda": 0.7518032451146899}, "datetime": {"datetime": "2021-09-16 14:52:22", "elapsed": 228.586997, "delta": 22.896385}}
{"target": -19.749547512252864, "params": {"C": 29.17733662011333, "epsilon": 11.826452864208427, "gamma": 0.047569086413749025, "lamda": 0.31654181018642885}, "datetime": {"datetime": "2021-09-16 14:52:42", "elapsed": 248.312348, "delta": 19.725351}}
{"target": -16.011016730975268, "params": {"C": 31.91553592461858, "epsilon": 4.106846342707087, "gamma": 0.022642798848272132, "lamda": 0.3456070791517571}, "datetime": {"datetime": "2021-09-16 14:52:59", "elapsed": 265.060936, "delta": 16.748588}}
{"target": -14.482451555634519, "params": {"C": 20.28390956475857, "epsilon": 9.803267735323805, "gamma": 0.028099413815336184, "lamda": 0.47832139997327305}, "datetime": {"datetime": "2021-09-16 14:53:11", "elapsed": 277.04115, "delta": 11.980214}}
{"target": -16.888295173401318, "params": {"C": 29.970579957890713, "epsilon": 8.756680104218049, "gamma": 0.040841315434416464, "lamda": 0.8210094488790104}, "datetime": {"datetime": "2021-09-16 14:53:31", "elapsed": 296.825274, "delta": 19.784124}}
{"target": -16.685260004814083, "params": {"C": 27.021712226032072, "epsilon": 8.152029690859639, "gamma": 0.047505485652270835, "lamda": 0.9492335047385846}, "datetime": {"datetime": "2021-09-16 14:53:51", "elapsed": 316.820078, "delta": 19.994804}}
{"target": -18.60480450027122, "params": {"C": 23.536131895492165, "epsilon": 9.808497532426854, "gamma": 0.04457325702296268, "lamda": 0.14681460026798213}, "datetime": {"datetime": "2021-09-16 14:54:03", "elapsed": 329.181298, "delta": 12.36122}}
{"target": -16.932748311686115, "params": {"C": 27.881606260490273, "epsilon": 1.3493416849845374, "gamma": 0.02837349014556196, "lamda": 0.6419863424510571}, "datetime": {"datetime": "2021-09-16 14:54:16", "elapsed": 342.056782, "delta": 12.875484}}
{"target": -16.30915425267574, "params": {"C": 25.882438992898273, "epsilon": 7.405905811061407, "gamma": 0.045766421317833886, "lamda": 0.07101605335930934}, "datetime": {"datetime": "2021-09-16 14:54:34", "elapsed": 360.235817, "delta": 18.179035}}
{"target": -15.541006938773444, "params": {"C": 25.42365559033146, "epsilon": 5.348340711913275, "gamma": 0.0601770308825975, "lamda": 0.6483905050497869}, "datetime": {"datetime": "2021-09-16 14:54:54", "elapsed": 379.787378, "delta": 19.551561}}
{"target": -15.388560742857312, "params": {"C": 24.011389332363336, "epsilon": 9.125577737580324, "gamma": 0.06445516610534158, "lamda": 0.567596928895415}, "datetime": {"datetime": "2021-09-16 14:55:13", "elapsed": 398.817657, "delta": 19.030279}}
{"target": -14.318699614950262, "params": {"C": 24.549104162587494, "epsilon": 4.26822593455875, "gamma": 0.053623782049792915, "lamda": 0.8749370489870246}, "datetime": {"datetime": "2021-09-16 14:55:24", "elapsed": 410.398271, "delta": 11.580614}}
{"target": -17.02019486799717, "params": {"C": 44.541258470350115, "epsilon": 3.616427393231234, "gamma": 0.02075166087494768, "lamda": 0.16182771988545075}, "datetime": {"datetime": "2021-09-16 14:55:44", "elapsed": 429.82004, "delta": 19.421769}}
{"target": -19.181496652084906, "params": {"C": 49.58029068313244, "epsilon": 12.333242238372499, "gamma": 0.04912565354221929, "lamda": 0.7463782983520691}, "datetime": {"datetime": "2021-09-16 14:56:03", "elapsed": 448.883561, "delta": 19.063521}}
{"target": -18.386071258207203, "params": {"C": 46.96997099994606, "epsilon": 8.235511180919975, "gamma": 0.03996074323489521, "lamda": 0.31221668103484546}, "datetime": {"datetime": "2021-09-16 14:56:14", "elapsed": 460.52546, "delta": 11.641899}}
{"target": -15.517570001126028, "params": {"C": 41.05103243524165, "epsilon": 7.147773293207921, "gamma": 0.033418267535086664, "lamda": 0.4896941953295176}, "datetime": {"datetime": "2021-09-16 14:56:26", "elapsed": 472.065863, "delta": 11.540403}}
{"target": -16.165787899389926, "params": {"C": 49.82714852727483, "epsilon": 5.0934663010757095, "gamma": 0.050931441587313865, "lamda": 0.3704678731075555}, "datetime": {"datetime": "2021-09-16 14:56:45", "elapsed": 490.794852, "delta": 18.728989}}
{"target": -1.9871509723352694, "params": {"C": 45.530597338546386, "epsilon": 13.52729865693558, "gamma": 0.06510951715675972, "lamda": 0.09429644747142267}, "datetime": {"datetime": "2021-09-16 14:56:45", "elapsed": 491.409916, "delta": 0.615064}}
{"target": -19.633751354929412, "params": {"C": 31.838706097188506, "epsilon": 11.378183654301024, "gamma": 0.027842200019786607, "lamda": 0.4179247276838548}, "datetime": {"datetime": "2021-09-16 14:56:57", "elapsed": 503.294402, "delta": 11.884486}}
{"target": -15.275100733092211, "params": {"C": 36.17793579706782, "epsilon": 7.2731638275731, "gamma": 0.06686239468703321, "lamda": 0.4222308462570887}, "datetime": {"datetime": "2021-09-16 14:57:16", "elapsed": 522.371947, "delta": 19.077545}}
{"target": -17.29287169277107, "params": {"C": 34.65497086555045, "epsilon": 2.02711745157133, "gamma": 0.03648183669402709, "lamda": 0.6405406432407015}, "datetime": {"datetime": "2021-09-16 14:57:35", "elapsed": 540.818818, "delta": 18.446871}}
{"target": -16.665901750320106, "params": {"C": 32.166084156302546, "epsilon": 1.2235078288049976, "gamma": 0.040407531338060396, "lamda": 0.7880825913421379}, "datetime": {"datetime": "2021-09-16 14:57:54", "elapsed": 560.172336, "delta": 19.353518}}
{"target": -13.378753749199097, "params": {"C": 39.65189955069103, "epsilon": 4.484011170317659, "gamma": 0.05513275765070638, "lamda": 0.9070906831631516}, "datetime": {"datetime": "2021-09-16 14:58:05", "elapsed": 571.609934, "delta": 11.437598}}
{"target": -17.07211474945633, "params": {"C": 29.041254129701613, "epsilon": 11.1165236045586, "gamma": 0.06464417257821202, "lamda": 0.5046155392914642}, "datetime": {"datetime": "2021-09-16 14:58:24", "elapsed": 590.348559, "delta": 18.738625}}
{"target": -22.400066905743145, "params": {"C": 42.20535019081495, "epsilon": 16.742207103714573, "gamma": 0.028020084144316487, "lamda": 0.7413812416786038}, "datetime": {"datetime": "2021-09-16 14:58:36", "elapsed": 602.44928, "delta": 12.100721}}
{"target": -16.180760709221573, "params": {"C": 30.789933971189583, "epsilon": 9.11108644343632, "gamma": 0.05624181318556501, "lamda": 0.5214097670948602}, "datetime": {"datetime": "2021-09-16 14:58:55", "elapsed": 621.534209, "delta": 19.084929}}
{"target": -18.87970852600279, "params": {"C": 34.56955208253362, "epsilon": 12.013931425594857, "gamma": 0.052381369167696576, "lamda": 0.8012330938947627}, "datetime": {"datetime": "2021-09-16 14:59:14", "elapsed": 639.981957, "delta": 18.447748}}
{"target": -20.942801908908507, "params": {"C": 47.92106543061371, "epsilon": 15.599846575065486, "gamma": 0.05774713674032177, "lamda": 0.6896594568639701}, "datetime": {"datetime": "2021-09-16 14:59:33", "elapsed": 658.889257, "delta": 18.9073}}
{"target": -21.365974668441055, "params": {"C": 31.800539418217962, "epsilon": 16.111442662787848, "gamma": 0.05824696980833749, "lamda": 0.7864478470141538}, "datetime": {"datetime": "2021-09-16 14:59:52", "elapsed": 678.209818, "delta": 19.320561}}
{"target": -22.331466787462773, "params": {"C": 30.504572777082707, "epsilon": 16.086696146562314, "gamma": 0.03896736318595607, "lamda": 0.2900998850510923}, "datetime": {"datetime": "2021-09-16 15:00:04", "elapsed": 690.100864, "delta": 11.891046}}
{"target": -17.76466113564429, "params": {"C": 32.955490503889166, "epsilon": 11.861416463498628, "gamma": 0.06658327454863017, "lamda": 0.6759276700553017}, "datetime": {"datetime": "2021-09-16 15:00:23", "elapsed": 708.902562, "delta": 18.801698}}
{"target": -14.634951278053455, "params": {"C": 39.348519458239096, "epsilon": 3.003532303134138, "gamma": 0.05397193794410238, "lamda": 0.2575866572649368}, "datetime": {"datetime": "2021-09-16 15:00:35", "elapsed": 721.087277, "delta": 12.184715}}
{"target": -16.46547695465613, "params": {"C": 32.64235777918907, "epsilon": 7.688883119683382, "gamma": 0.06124662827446001, "lamda": 0.3585976902480079}, "datetime": {"datetime": "2021-09-16 15:00:54", "elapsed": 740.076421, "delta": 18.989144}}
{"target": -18.5487757502527, "params": {"C": 48.84400797698916, "epsilon": 11.911569843767953, "gamma": 0.04973951300792613, "lamda": 0.694327093769625}, "datetime": {"datetime": "2021-09-16 15:01:13", "elapsed": 759.673435, "delta": 19.597014}}
{"target": -18.653041420226856, "params": {"C": 49.7095036909531, "epsilon": 11.304636159906147, "gamma": 0.024390509294491408, "lamda": 0.07154818583356005}, "datetime": {"datetime": "2021-09-16 15:01:33", "elapsed": 779.193241, "delta": 19.519806}}
{"target": -17.21929845297248, "params": {"C": 32.85842530832101, "epsilon": 3.806893487689038, "gamma": 0.040846552520113044, "lamda": 0.8514899894280656}, "datetime": {"datetime": "2021-09-16 15:01:45", "elapsed": 791.099995, "delta": 11.906754}}
{"target": -16.104663208473728, "params": {"C": 40.67294206258313, "epsilon": 2.8855505336620606, "gamma": 0.047175857973142284, "lamda": 0.6997577163929196}, "datetime": {"datetime": "2021-09-16 15:02:04", "elapsed": 809.802321, "delta": 18.702326}}
{"target": -20.4447977756186, "params": {"C": 31.404885397708437, "epsilon": 14.574333317333405, "gamma": 0.04054689859191782, "lamda": 0.37346513531783354}, "datetime": {"datetime": "2021-09-16 15:02:23", "elapsed": 829.518392, "delta": 19.716071}}
{"target": -21.556993367585633, "params": {"C": 43.38369153581661, "epsilon": 15.44871808271042, "gamma": 0.045620555015124055, "lamda": 0.29593778832411083}, "datetime": {"datetime": "2021-09-16 15:02:43", "elapsed": 849.023602, "delta": 19.50521}}
{"target": -16.67210644556327, "params": {"C": 39.905688663437935, "epsilon": 8.32532752122735, "gamma": 0.039423049532391605, "lamda": 0.08200128788563993}, "datetime": {"datetime": "2021-09-16 15:02:53", "elapsed": 859.682218, "delta": 10.658616}}
{"target": -15.987382466252326, "params": {"C": 47.66345252828749, "epsilon": 5.8886557581726535, "gamma": 0.04702753163166859, "lamda": 0.11685876299687481}, "datetime": {"datetime": "2021-09-16 15:03:11", "elapsed": 877.600811, "delta": 17.918593}}
{"target": -14.501240775289284, "params": {"C": 28.596960383685484, "epsilon": 2.6618737770670826, "gamma": 0.06267832034173036, "lamda": 0.14201139438237592}, "datetime": {"datetime": "2021-09-16 15:03:22", "elapsed": 888.155333, "delta": 10.554522}}
{"target": -16.268606191361307, "params": {"C": 41.594092276014365, "epsilon": 5.59259882984675, "gamma": 0.03229976871699931, "lamda": 0.17653906133923178}, "datetime": {"datetime": "2021-09-16 15:03:32", "elapsed": 897.909291, "delta": 9.753958}}
{"target": -21.572709253532672, "params": {"C": 48.17567674710645, "epsilon": 16.55026559220265, "gamma": 0.03240896624221014, "lamda": 0.1393192922864607}, "datetime": {"datetime": "2021-09-16 15:03:43", "elapsed": 909.321896, "delta": 11.412605}}
{"target": -19.42044088759647, "params": {"C": 36.81866724478343, "epsilon": 14.05381721953401, "gamma": 0.055361088051239876, "lamda": 0.16063088486018065}, "datetime": {"datetime": "2021-09-16 15:04:02", "elapsed": 928.364115, "delta": 19.042219}}
{"target": -20.52344418852684, "params": {"C": 34.29935389821386, "epsilon": 14.047215459150697, "gamma": 0.05149407290331076, "lamda": 0.9115113132148114}, "datetime": {"datetime": "2021-09-16 15:04:22", "elapsed": 947.965458, "delta": 19.601343}}
{"target": -16.54313947558045, "params": {"C": 41.60456243246625, "epsilon": 10.163695189903356, "gamma": 0.052943224084488705, "lamda": 0.991360947787871}, "datetime": {"datetime": "2021-09-16 15:04:41", "elapsed": 967.174003, "delta": 19.208545}}
{"target": -16.929712632827467, "params": {"C": 24.770568874295037, "epsilon": 8.654983211025703, "gamma": 0.045334570390767694, "lamda": 0.12201725843262515}, "datetime": {"datetime": "2021-09-16 15:05:00", "elapsed": 986.686046, "delta": 19.512043}}
{"target": -16.13097608440743, "params": {"C": 49.301067533523806, "epsilon": 9.622146845907132, "gamma": 0.06922124621995168, "lamda": 0.7920981362775857}, "datetime": {"datetime": "2021-09-16 15:05:20", "elapsed": 1006.291911, "delta": 19.605865}}
{"target": -13.996509983180454, "params": {"C": 36.76595603124068, "epsilon": 4.196842750617176, "gamma": 0.060163173333602535, "lamda": 0.0822537494907874}, "datetime": {"datetime": "2021-09-16 15:05:32", "elapsed": 1017.831652, "delta": 11.539741}}
{"target": -16.73165290873961, "params": {"C": 43.92574495343878, "epsilon": 3.9309170352459635, "gamma": 0.030845085286855367, "lamda": 0.9463284171315999}, "datetime": {"datetime": "2021-09-16 15:05:44", "elapsed": 1030.646915, "delta": 12.815263}}
{"target": -20.94221558069206, "params": {"C": 25.452546284049795, "epsilon": 15.305490936154595, "gamma": 0.045227143428805114, "lamda": 0.9862652296370171}, "datetime": {"datetime": "2021-09-16 15:06:05", "elapsed": 1050.828045, "delta": 20.18113}}
{"target": -20.399722548002558, "params": {"C": 40.37481245232979, "epsilon": 14.263057487070787, "gamma": 0.03638683811759619, "lamda": 0.3802933918151813}, "datetime": {"datetime": "2021-09-16 15:06:17", "elapsed": 1062.816172, "delta": 11.988127}}
{"target": -16.60858717811077, "params": {"C": 43.979459761797, "epsilon": 5.352359438838802, "gamma": 0.05493196399648481, "lamda": 0.44445936031989974}, "datetime": {"datetime": "2021-09-16 15:06:36", "elapsed": 1081.863337, "delta": 19.047165}}
{"target": -21.492837948633845, "params": {"C": 32.10166745655683, "epsilon": 16.794245092308742, "gamma": 0.05406461340467053, "lamda": 0.9085378367918575}, "datetime": {"datetime": "2021-09-16 15:06:56", "elapsed": 1101.964897, "delta": 20.10156}}
{"target": -17.232794123377094, "params": {"C": 39.30173566848296, "epsilon": 10.77482448798284, "gamma": 0.06321525838316366, "lamda": 0.20791308756770133}, "datetime": {"datetime": "2021-09-16 15:07:15", "elapsed": 1120.977209, "delta": 19.012312}}
{"target": -15.629129854333009, "params": {"C": 36.197835362209744, "epsilon": 6.1401869109031, "gamma": 0.06185981942994072, "lamda": 0.9896021565011981}, "datetime": {"datetime": "2021-09-16 15:07:34", "elapsed": 1140.541564, "delta": 19.564355}}
{"target": -16.524043143835453, "params": {"C": 43.99052529552244, "epsilon": 7.137973141699835, "gamma": 0.059180137863892895, "lamda": 0.714416992485205}, "datetime": {"datetime": "2021-09-16 15:07:53", "elapsed": 1159.709556, "delta": 19.167992}}
{"target": -17.6760617323211, "params": {"C": 49.97080915985383, "epsilon": 10.356811271219058, "gamma": 0.043758716328099745, "lamda": 0.8856237001430605}, "datetime": {"datetime": "2021-09-16 15:08:13", "elapsed": 1178.852282, "delta": 19.142726}}
{"target": -16.463398759151126, "params": {"C": 49.790427312516485, "epsilon": 5.263419210489481, "gamma": 0.02220390502498432, "lamda": 0.547145145464642}, "datetime": {"datetime": "2021-09-16 15:08:24", "elapsed": 1190.358454, "delta": 11.506172}}
