{"target": -17.018706041636015, "params": {"C": 42.24762576172454, "epsilon": 10.219673858958384, "gamma": 0.06013382815630708, "lamda": 0.12201725843262515}, "datetime": {"datetime": "2021-09-16 16:03:47", "elapsed": 672.06151, "delta": 12.247982}}
{"target": -16.741397300441907, "params": {"C": 69.23117428687618, "epsilon": 11.005494312299545, "gamma": 0.06968849848798067, "lamda": 0.7920981362775857}, "datetime": {"datetime": "2021-09-16 16:04:06", "elapsed": 691.03784, "delta": 18.97633}}
{"target": -1.9801845741875632, "params": {"C": 55.44255163436475, "epsilon": 6.5974347348764555, "gamma": 0.06606526933344102, "lamda": 0.0822537494907874}, "datetime": {"datetime": "2021-09-16 16:04:06", "elapsed": 691.692944, "delta": 0.655104}}
{"target": -16.563929780019475, "params": {"C": 63.31831944878266, "epsilon": 6.381370091137345, "gamma": 0.054338034114742154, "lamda": 0.9463284171315999}, "datetime": {"datetime": "2021-09-16 16:04:26", "elapsed": 711.032812, "delta": 19.339868}}
{"target": -20.217737781463896, "params": {"C": 42.99780091245478, "epsilon": 15.623211385625607, "gamma": 0.06009085737152205, "lamda": 0.9862652296370171}, "datetime": {"datetime": "2021-09-16 16:04:45", "elapsed": 730.204424, "delta": 19.171612}}
{"target": -19.870350872170327, "params": {"C": 59.41229369756277, "epsilon": 14.776234208245015, "gamma": 0.05655473524703848, "lamda": 0.3802933918151813}, "datetime": {"datetime": "2021-09-16 16:05:03", "elapsed": 748.390229, "delta": 18.185805}}
{"target": -13.248119164020617, "params": {"C": 63.3774057379767, "epsilon": 7.536292044056527, "gamma": 0.06397278559859393, "lamda": 0.44445936031989974}, "datetime": {"datetime": "2021-09-16 16:05:15", "elapsed": 759.968537, "delta": 11.578308}}
{"target": -21.08654213432008, "params": {"C": 50.31183420221251, "epsilon": 16.832824137500854, "gamma": 0.06362584536186822, "lamda": 0.9085378367918575}, "datetime": {"datetime": "2021-09-16 16:05:33", "elapsed": 778.29214, "delta": 18.323603}}
{"target": -12.91548861865832, "params": {"C": 58.23190923533126, "epsilon": 11.942044896486058, "gamma": 0.06728610335326547, "lamda": 0.20791308756770133}, "datetime": {"datetime": "2021-09-16 16:05:44", "elapsed": 789.284314, "delta": 10.992174}}
{"target": -15.711473834162692, "params": {"C": 54.81761889843072, "epsilon": 8.176401865108769, "gamma": 0.0667439277719763, "lamda": 0.9896021565011981}, "datetime": {"datetime": "2021-09-16 16:06:03", "elapsed": 808.029061, "delta": 18.744747}}
{"target": -16.258754349472248, "params": {"C": 63.38957782507468, "epsilon": 8.987103177631116, "gamma": 0.06567205514555716, "lamda": 0.714416992485205}, "datetime": {"datetime": "2021-09-16 16:06:22", "elapsed": 826.856982, "delta": 18.827921}}
{"target": -17.537863171161533, "params": {"C": 69.96789007583921, "epsilon": 11.602409157865484, "gamma": 0.0595034865312399, "lamda": 0.8856237001430605}, "datetime": {"datetime": "2021-09-16 16:06:40", "elapsed": 845.371913, "delta": 18.514931}}
{"target": -16.11441820600105, "params": {"C": 69.76947004376814, "epsilon": 7.464028108522703, "gamma": 0.05088156200999373, "lamda": 0.547145145464642}, "datetime": {"datetime": "2021-09-16 16:07:00", "elapsed": 864.797259, "delta": 19.425346}}
{"target": -12.80752174129767, "params": {"C": 55.80712943348442, "epsilon": 4.452799052429005, "gamma": 0.06677030625148422, "lamda": 0.5408000092985591}, "datetime": {"datetime": "2021-09-16 16:07:11", "elapsed": 876.046274, "delta": 11.249015}}
{"target": -14.17251458964458, "params": {"C": 41.2254255425276, "epsilon": 5.972257356758565, "gamma": 0.06286725139947151, "lamda": 0.191378375482707}, "datetime": {"datetime": "2021-09-16 16:07:22", "elapsed": 887.103898, "delta": 11.057624}}
{"target": -18.69310864101443, "params": {"C": 68.46059106573347, "epsilon": 13.960408555426966, "gamma": 0.0699943744846696, "lamda": 0.3370347665719348}, "datetime": {"datetime": "2021-09-16 16:07:40", "elapsed": 905.746154, "delta": 18.642256}}
{"target": -15.12662941949029, "params": {"C": 38.518234884816636, "epsilon": 7.157234191769474, "gamma": 0.056901688195745724, "lamda": 0.08724239679189924}, "datetime": {"datetime": "2021-09-16 16:07:53", "elapsed": 917.866375, "delta": 12.120221}}
{"target": -15.240735098712443, "params": {"C": 43.651867398849596, "epsilon": 6.867108643953099, "gamma": 0.06628839050135973, "lamda": 0.7431467574744065}, "datetime": {"datetime": "2021-09-16 16:08:11", "elapsed": 936.116329, "delta": 18.249954}}
{"target": -19.592070004337483, "params": {"C": 54.400887998726915, "epsilon": 14.504926943969313, "gamma": 0.06579999262073427, "lamda": 0.6435764856989024}, "datetime": {"datetime": "2021-09-16 16:08:29", "elapsed": 954.511307, "delta": 18.394978}}
{"target": -18.794113792818315, "params": {"C": 67.14604502121301, "epsilon": 13.339995666186157, "gamma": 0.06064275537800274, "lamda": 0.46230344747682833}, "datetime": {"datetime": "2021-09-16 16:08:48", "elapsed": 972.878265, "delta": 18.366958}}
{"target": -20.802806886912748, "params": {"C": 39.28193994187843, "epsilon": 16.681104805936332, "gamma": 0.0687468301135375, "lamda": 0.27853712803344155}, "datetime": {"datetime": "2021-09-16 16:09:07", "elapsed": 991.813753, "delta": 18.935488}}
{"target": -15.200679883468244, "params": {"C": 65.40046467351688, "epsilon": 8.055897263205729, "gamma": 0.06355840037426291, "lamda": 0.8936145358653718}, "datetime": {"datetime": "2021-09-16 16:09:25", "elapsed": 1010.102018, "delta": 18.288265}}
{"target": -20.146716806164424, "params": {"C": 43.67684986495868, "epsilon": 14.421049589323694, "gamma": 0.058715619457277046, "lamda": 0.31635078368365843}, "datetime": {"datetime": "2021-09-16 16:09:44", "elapsed": 1028.922434, "delta": 18.820416}}
{"target": -18.84769914740053, "params": {"C": 56.935959418420296, "epsilon": 12.970816939027426, "gamma": 0.06304449185133101, "lamda": 0.4156789249387692}, "datetime": {"datetime": "2021-09-16 16:10:02", "elapsed": 1047.307654, "delta": 18.38522}}
{"target": -14.950967435598326, "params": {"C": 43.20079893414049, "epsilon": 5.270033020814875, "gamma": 0.06155011620155209, "lamda": 0.9015426410625386}, "datetime": {"datetime": "2021-09-16 16:10:21", "elapsed": 1065.971292, "delta": 18.663638}}
{"target": -2.006997943081655, "params": {"C": 46.09692020175074, "epsilon": 9.108162789489477, "gamma": 0.061363412002472355, "lamda": 0.12051637790885966}, "datetime": {"datetime": "2021-09-16 16:10:21", "elapsed": 1066.721259, "delta": 0.749967}}
{"target": -16.122649798106284, "params": {"C": 48.06968079226295, "epsilon": 8.93030229787498, "gamma": 0.05407638727858454, "lamda": 0.6092070535363074}, "datetime": {"datetime": "2021-09-16 16:10:40", "elapsed": 1085.107731, "delta": 18.386472}}
{"target": -18.351229403115937, "params": {"C": 62.17045670522265, "epsilon": 12.558197415546092, "gamma": 0.05597962132625246, "lamda": 0.6866103003405581}, "datetime": {"datetime": "2021-09-16 16:10:59", "elapsed": 1103.807616, "delta": 18.699885}}
{"target": -15.969874788597238, "params": {"C": 61.59106073175338, "epsilon": 5.534002709720117, "gamma": 0.05021576920767015, "lamda": 0.5901272832350885}, "datetime": {"datetime": "2021-09-16 16:11:17", "elapsed": 1122.362828, "delta": 18.555212}}
{"target": -18.488173255071114, "params": {"C": 68.52145906567509, "epsilon": 12.233845757983481, "gamma": 0.05916458018080439, "lamda": 0.8155451274583922}, "datetime": {"datetime": "2021-09-16 16:11:36", "elapsed": 1141.004237, "delta": 18.641409}}
{"target": -20.354539285664803, "params": {"C": 49.46026177882742, "epsilon": 15.68430476306695, "gamma": 0.05785610653525388, "lamda": 0.7497823535834706}, "datetime": {"datetime": "2021-09-16 16:11:54", "elapsed": 1159.647153, "delta": 18.642916}}
{"target": -20.229719241716182, "params": {"C": 44.86707485282405, "epsilon": 16.391452834024776, "gamma": 0.06940535178354615, "lamda": 0.5394175193131082}, "datetime": {"datetime": "2021-09-16 16:12:14", "elapsed": 1179.23713, "delta": 19.589977}}
{"target": -18.56166982682175, "params": {"C": 54.89399428228606, "epsilon": 12.150738007499351, "gamma": 0.059960039438798206, "lamda": 0.1834999852659318}, "datetime": {"datetime": "2021-09-16 16:12:33", "elapsed": 1198.064212, "delta": 18.827082}}
{"target": -16.460422668672706, "params": {"C": 40.634818480148354, "epsilon": 10.333120193508393, "gamma": 0.06814926933224456, "lamda": 0.2897052594723903}, "datetime": {"datetime": "2021-09-16 16:12:51", "elapsed": 1216.629985, "delta": 18.565773}}
{"target": -20.356279973253464, "params": {"C": 60.7955957472161, "epsilon": 15.92103807155663, "gamma": 0.06283497122583245, "lamda": 0.22760172515467833}, "datetime": {"datetime": "2021-09-16 16:13:10", "elapsed": 1235.630516, "delta": 19.000531}}
{"target": -16.86782173518956, "params": {"C": 60.26535294975788, "epsilon": 10.358639420349698, "gamma": 0.05985473787843918, "lamda": 0.19866050401793708}, "datetime": {"datetime": "2021-09-16 16:13:22", "elapsed": 1247.111419, "delta": 11.480903}}
{"target": -18.53951790191578, "params": {"C": 50.93942922495775, "epsilon": 13.361509961566837, "gamma": 0.06679595926095126, "lamda": 0.416626520140419}, "datetime": {"datetime": "2021-09-16 16:13:40", "elapsed": 1265.609183, "delta": 18.497764}}
{"target": -19.44020892602465, "params": {"C": 67.54436500862343, "epsilon": 13.366460679309249, "gamma": 0.05330157989365896, "lamda": 0.6630285857892244}, "datetime": {"datetime": "2021-09-16 16:13:59", "elapsed": 1284.413652, "delta": 18.804469}}
{"target": -17.696816195582485, "params": {"C": 53.29708541337015, "epsilon": 10.627229753102732, "gamma": 0.053815107473274816, "lamda": 0.6682418749273132}, "datetime": {"datetime": "2021-09-16 16:14:18", "elapsed": 1303.016168, "delta": 18.602516}}
{"target": -20.610686967678284, "params": {"C": 43.42575235262513, "epsilon": 15.374345479886783, "gamma": 0.05010535343903197, "lamda": 0.12090547015271393}, "datetime": {"datetime": "2021-09-16 16:14:37", "elapsed": 1322.05308, "delta": 19.036912}}
{"target": -15.866084701738975, "params": {"C": 53.426181371717206, "epsilon": 7.2950993697535615, "gamma": 0.062450879585434424, "lamda": 0.8258980563640577}, "datetime": {"datetime": "2021-09-16 16:14:55", "elapsed": 1340.622223, "delta": 18.569143}}
{"target": -14.87395647743242, "params": {"C": 44.88022839694736, "epsilon": 7.97983491618773, "gamma": 0.05959150308618721, "lamda": 0.12956812241181775}, "datetime": {"datetime": "2021-09-16 16:15:14", "elapsed": 1358.8159, "delta": 18.193677}}
{"target": -14.839033137755615, "params": {"C": 48.71496724535407, "epsilon": 5.378820675517789, "gamma": 0.057143218081684106, "lamda": 0.9190766913376437}, "datetime": {"datetime": "2021-09-16 16:15:32", "elapsed": 1377.62563, "delta": 18.80973}}
{"target": -14.627721844844949, "params": {"C": 45.11761438596639, "epsilon": 6.635104664180423, "gamma": 0.06597008727248428, "lamda": 0.8568074117628486}, "datetime": {"datetime": "2021-09-16 16:15:51", "elapsed": 1395.977497, "delta": 18.351867}}
{"target": -2.0236759881859383, "params": {"C": 42.20363435663412, "epsilon": 9.980652047298259, "gamma": 0.05887480939730546, "lamda": 0.05676563377850797}, "datetime": {"datetime": "2021-09-16 16:15:52", "elapsed": 1396.784895, "delta": 0.807398}}
{"target": -20.282534726583005, "params": {"C": 58.233990217615954, "epsilon": 14.387683729984204, "gamma": 0.05577992871575764, "lamda": 0.43462563317057484}, "datetime": {"datetime": "2021-09-16 16:16:10", "elapsed": 1415.759177, "delta": 18.974282}}
{"target": -16.32996859375827, "params": {"C": 50.840227661745054, "epsilon": 8.151291904080736, "gamma": 0.06325610308302011, "lamda": 0.5642789570414575}, "datetime": {"datetime": "2021-09-16 16:16:28", "elapsed": 1433.734844, "delta": 17.975667}}
{"target": -20.439633164469583, "params": {"C": 50.75833484961164, "epsilon": 15.42484017675453, "gamma": 0.055608277962139394, "lamda": 0.6488843568660309}, "datetime": {"datetime": "2021-09-16 16:16:47", "elapsed": 1452.625267, "delta": 18.890423}}
{"target": -20.628309719739637, "params": {"C": 58.35598002250508, "epsilon": 15.320979885834308, "gamma": 0.06103328774289161, "lamda": 0.7905736873628474}, "datetime": {"datetime": "2021-09-16 16:17:06", "elapsed": 1471.597202, "delta": 18.971935}}
{"target": -17.197524756799904, "params": {"C": 43.013478016246424, "epsilon": 10.039536770650717, "gamma": 0.05966340969692189, "lamda": 0.25696875239393935}, "datetime": {"datetime": "2021-09-16 16:17:25", "elapsed": 1490.350593, "delta": 18.753391}}
{"target": -17.376359608831184, "params": {"C": 42.87497938865724, "epsilon": 11.77418315493598, "gamma": 0.058695671452664994, "lamda": 0.5732586433672597}, "datetime": {"datetime": "2021-09-16 16:17:44", "elapsed": 1509.322164, "delta": 18.971571}}
{"target": -15.985278788512092, "params": {"C": 40.15010884565451, "epsilon": 5.247290758404617, "gamma": 0.05627769038491916, "lamda": 0.9211168926078511}, "datetime": {"datetime": "2021-09-16 16:18:03", "elapsed": 1527.955236, "delta": 18.633072}}
{"target": -20.329318543013688, "params": {"C": 66.17514904937951, "epsilon": 15.999052409116246, "gamma": 0.06058447363816528, "lamda": 0.9074075645003521}, "datetime": {"datetime": "2021-09-16 16:18:21", "elapsed": 1546.007003, "delta": 18.051767}}
{"target": -20.540667336693446, "params": {"C": 55.90663225558116, "epsilon": 15.516276391880305, "gamma": 0.05903344978516087, "lamda": 0.4639409875436852}, "datetime": {"datetime": "2021-09-16 16:18:39", "elapsed": 1564.469242, "delta": 18.462239}}
{"target": -2.0838121720372462, "params": {"C": 41.302678809602455, "epsilon": 13.038141502527315, "gamma": 0.05624369676835231, "lamda": 0.01828526575881203}, "datetime": {"datetime": "2021-09-16 16:18:40", "elapsed": 1565.255509, "delta": 0.786267}}
{"target": -18.36385822828129, "params": {"C": 62.46225159470794, "epsilon": 10.685691834967484, "gamma": 0.06157076811149688, "lamda": 0.366449452944928}, "datetime": {"datetime": "2021-09-16 16:18:59", "elapsed": 1583.803091, "delta": 18.547582}}
{"target": -2.0120196176180936, "params": {"C": 42.28902315580109, "epsilon": 5.061967317941393, "gamma": 0.06865448426788034, "lamda": 0.36067260285242386}, "datetime": {"datetime": "2021-09-16 16:18:59", "elapsed": 1584.598894, "delta": 0.795803}}
{"target": -15.203175115455858, "params": {"C": 39.39633960364974, "epsilon": 6.936109888222027, "gamma": 0.06876356058136432, "lamda": 0.5942442357177236}, "datetime": {"datetime": "2021-09-16 16:19:17", "elapsed": 1602.712418, "delta": 18.113524}}
{"target": -19.509145616397163, "params": {"C": 56.23098808181733, "epsilon": 14.541044689452958, "gamma": 0.06277164830274454, "lamda": 0.8365410900697157}, "datetime": {"datetime": "2021-09-16 16:19:36", "elapsed": 1621.382053, "delta": 18.669635}}
{"target": -19.899127073987863, "params": {"C": 55.84968116114304, "epsilon": 14.288581751363935, "gamma": 0.06364116974692412, "lamda": 0.6248550486394717}, "datetime": {"datetime": "2021-09-16 16:19:54", "elapsed": 1639.761161, "delta": 18.379108}}
{"target": -18.639121501463222, "params": {"C": 45.27227173581951, "epsilon": 13.779557320689893, "gamma": 0.06652828685464374, "lamda": 0.6218853355033441}, "datetime": {"datetime": "2021-09-16 16:20:12", "elapsed": 1657.645872, "delta": 17.884711}}
{"target": -16.251105276894034, "params": {"C": 38.702018654729144, "epsilon": 7.736613053096721, "gamma": 0.057540265411284215, "lamda": 0.5568684945474095}, "datetime": {"datetime": "2021-09-16 16:20:31", "elapsed": 1676.043731, "delta": 18.397859}}
{"target": -19.611173358041572, "params": {"C": 48.070406681516914, "epsilon": 13.24930313494976, "gamma": 0.05472459027860223, "lamda": 0.8622898696640807}, "datetime": {"datetime": "2021-09-16 16:20:49", "elapsed": 1694.573523, "delta": 18.529792}}
{"target": -18.385907367837735, "params": {"C": 55.89921247116516, "epsilon": 11.927553913354867, "gamma": 0.06381450500549074, "lamda": 0.7199954869223335}, "datetime": {"datetime": "2021-09-16 16:21:08", "elapsed": 1712.801296, "delta": 18.227773}}
{"target": -16.412974554301503, "params": {"C": 69.0523155337344, "epsilon": 10.084687431210073, "gamma": 0.06938578828120784, "lamda": 0.769725776316615}, "datetime": {"datetime": "2021-09-16 16:21:26", "elapsed": 1731.314609, "delta": 18.513313}}
{"target": -17.79617201238001, "params": {"C": 61.07389687259874, "epsilon": 12.160229207418855, "gamma": 0.06677608189743489, "lamda": 0.7584770637688212}, "datetime": {"datetime": "2021-09-16 16:21:45", "elapsed": 1749.872159, "delta": 18.55755}}
{"target": -1.9913434269549233, "params": {"C": 61.10510492334553, "epsilon": 7.222359875109498, "gamma": 0.0648596339207212, "lamda": 0.044397988326600545}, "datetime": {"datetime": "2021-09-16 16:21:46", "elapsed": 1750.937393, "delta": 1.065234}}
{"target": -17.61844925403282, "params": {"C": 66.88797435340192, "epsilon": 7.745168077742626, "gamma": 0.05110347625827608, "lamda": 0.9346171704834151}, "datetime": {"datetime": "2021-09-16 16:22:04", "elapsed": 1769.499719, "delta": 18.562326}}
{"target": -17.412845327650455, "params": {"C": 62.78168695324102, "epsilon": 8.291143595629677, "gamma": 0.054070717990101866, "lamda": 0.9443468830293986}, "datetime": {"datetime": "2021-09-16 16:22:23", "elapsed": 1788.025746, "delta": 18.526027}}
{"target": -17.420795336356402, "params": {"C": 61.70635256820901, "epsilon": 12.160815565648488, "gamma": 0.06404317824151731, "lamda": 0.9252702693313416}, "datetime": {"datetime": "2021-09-16 16:22:41", "elapsed": 1806.152067, "delta": 18.126321}}
{"target": -15.36473269003632, "params": {"C": 49.67963142197215, "epsilon": 4.476653235404995, "gamma": 0.05128495043206365, "lamda": 0.2163924716271495}, "datetime": {"datetime": "2021-09-16 16:22:52", "elapsed": 1817.671512, "delta": 11.519445}}
{"target": -16.545258241135134, "params": {"C": 63.56092014803031, "epsilon": 8.068450192646356, "gamma": 0.05752027173164516, "lamda": 0.26093042489706236}, "datetime": {"datetime": "2021-09-16 16:23:11", "elapsed": 1836.14477, "delta": 18.473258}}
{"target": -18.931355721986403, "params": {"C": 42.66081068617818, "epsilon": 13.821732611885668, "gamma": 0.06567658246670728, "lamda": 0.5246168176848163}, "datetime": {"datetime": "2021-09-16 16:23:29", "elapsed": 1854.426306, "delta": 18.281536}}
{"target": -16.351441912843747, "params": {"C": 51.38384253909026, "epsilon": 9.396253022424315, "gamma": 0.061090901731282024, "lamda": 0.19278353705134962}, "datetime": {"datetime": "2021-09-16 16:23:41", "elapsed": 1866.023689, "delta": 11.597383}}
{"target": -15.392314554171111, "params": {"C": 58.43848741965202, "epsilon": 5.239638812121649, "gamma": 0.05139077666337239, "lamda": 0.9510486055666023}, "datetime": {"datetime": "2021-09-16 16:23:59", "elapsed": 1884.407998, "delta": 18.384309}}
{"target": -15.968646431927066, "params": {"C": 54.322688461478975, "epsilon": 5.1166122359561585, "gamma": 0.0514774540227687, "lamda": 0.5320497206332722}, "datetime": {"datetime": "2021-09-16 16:24:17", "elapsed": 1902.615191, "delta": 18.207193}}
{"target": -1.9997223272392777, "params": {"C": 51.33705327267917, "epsilon": 10.443188190472597, "gamma": 0.06335482293462098, "lamda": 0.030289449498189288}, "datetime": {"datetime": "2021-09-16 16:24:18", "elapsed": 1903.450026, "delta": 0.834835}}
{"target": -18.625629976841818, "params": {"C": 52.26546957463372, "epsilon": 13.44657851119573, "gamma": 0.05597355008456253, "lamda": 0.36261305261147225}, "datetime": {"datetime": "2021-09-16 16:24:31", "elapsed": 1915.943881, "delta": 12.493855}}
{"target": -17.46988020129075, "params": {"C": 49.770197589661194, "epsilon": 11.81324477874744, "gamma": 0.06524296171141303, "lamda": 0.3747911395880892}, "datetime": {"datetime": "2021-09-16 16:24:49", "elapsed": 1934.712647, "delta": 18.768766}}
{"target": -15.811623749566104, "params": {"C": 50.60981537639198, "epsilon": 6.295233261820032, "gamma": 0.060036359760723586, "lamda": 0.9287422152268715}, "datetime": {"datetime": "2021-09-16 16:25:07", "elapsed": 1952.744107, "delta": 18.03146}}
{"target": -2.043562042838463, "params": {"C": 54.62980522658184, "epsilon": 8.664029131889208, "gamma": 0.06966107865385192, "lamda": 0.030165375551154745}, "datetime": {"datetime": "2021-09-16 16:25:08", "elapsed": 1953.679473, "delta": 0.935366}}
{"target": -14.385176712829596, "params": {"C": 55.425698548303544, "epsilon": 6.353494639370683, "gamma": 0.062367619921653406, "lamda": 0.08244180592286447}, "datetime": {"datetime": "2021-09-16 16:25:19", "elapsed": 1964.267201, "delta": 10.587728}}
{"target": -15.428309395969812, "params": {"C": 49.5959042187292, "epsilon": 6.57878499722998, "gamma": 0.05589027934940411, "lamda": 0.7767186548318603}, "datetime": {"datetime": "2021-09-16 16:25:38", "elapsed": 1983.05044, "delta": 18.783239}}
{"target": -17.449475020706032, "params": {"C": 48.00424415437045, "epsilon": 8.8630756777867, "gamma": 0.05619354291124235, "lamda": 0.5500038149255472}, "datetime": {"datetime": "2021-09-16 16:25:56", "elapsed": 2001.753678, "delta": 18.703238}}
{"target": -2.0712651788171597, "params": {"C": 54.72036196569887, "epsilon": 6.725073723379915, "gamma": 0.052105355603050706, "lamda": 0.013483220672877785}, "datetime": {"datetime": "2021-09-16 16:25:58", "elapsed": 2002.793808, "delta": 1.04013}}
{"target": -16.086080183870774, "params": {"C": 56.3318957804308, "epsilon": 8.272520394791774, "gamma": 0.055296065269000855, "lamda": 0.02113460162220685}, "datetime": {"datetime": "2021-09-16 16:26:09", "elapsed": 2014.178372, "delta": 11.384564}}
{"target": -14.113926325335093, "params": {"C": 43.59216167682034, "epsilon": 4.073961521774864, "gamma": 0.06671842222635782, "lamda": 0.12904322274841362}, "datetime": {"datetime": "2021-09-16 16:26:27", "elapsed": 2032.66354, "delta": 18.485168}}
