{"target": -15.824086619734036, "params": {"C": 29.504179743130656, "epsilon": 6.598105189228339, "gamma": 0.09866989307363645, "lamda": 0.8232396986449346}, "datetime": {"datetime": "2021-09-15 17:46:59", "elapsed": 1175.258218, "delta": 21.520104}}
