{"target": -12.58410005641959, "params": {"C": 40.35992091864135, "epsilon": 1.8899021277691819, "gamma": 0.21697478934977996, "lamda": 1.5754953968075782}, "datetime": {"datetime": "2021-09-15 15:37:25", "elapsed": 4620.802597, "delta": 18.487862}}
{"target": -16.93475424641068, "params": {"C": 46.42238913924348, "epsilon": 7.993236706443085, "gamma": 0.017183897605720103, "lamda": 1.4649012475824885}, "datetime": {"datetime": "2021-09-15 15:37:40", "elapsed": 4636.461241, "delta": 15.658644}}
{"target": -22.377722181833267, "params": {"C": 45.41601220777967, "epsilon": 11.78663693151797, "gamma": 0.044846147693892544, "lamda": 2.2885462557715552}, "datetime": {"datetime": "2021-09-15 15:38:00", "elapsed": 4655.649045, "delta": 19.187804}}
{"target": -11.505506322901724, "params": {"C": 44.440227355619825, "epsilon": 0.42169344923948604, "gamma": 0.20559211033070204, "lamda": 0.7251041993070684}, "datetime": {"datetime": "2021-09-15 15:38:12", "elapsed": 4667.890195, "delta": 12.24115}}
{"target": -12.819597144840179, "params": {"C": 43.727010238564084, "epsilon": 1.921361770618305, "gamma": 0.2151373564989335, "lamda": 1.2096905737373131}, "datetime": {"datetime": "2021-09-15 15:38:30", "elapsed": 4686.105194, "delta": 18.214999}}
{"target": -14.23184689298224, "params": {"C": 37.10848987819239, "epsilon": 8.225944723397932, "gamma": 0.014847406898674765, "lamda": 4.668758032870179}, "datetime": {"datetime": "2021-09-15 15:38:42", "elapsed": 4697.711, "delta": 11.605806}}
{"target": -17.376536109100794, "params": {"C": 30.595614277217717, "epsilon": 5.57485511099895, "gamma": 0.1276434911974172, "lamda": 3.5234113627181984}, "datetime": {"datetime": "2021-09-15 15:39:00", "elapsed": 4715.927696, "delta": 18.216696}}
{"target": -14.163994660269246, "params": {"C": 46.34052531178081, "epsilon": 0.056629884130482804, "gamma": 0.16220051552809064, "lamda": 1.1019096178166086}, "datetime": {"datetime": "2021-09-15 15:39:12", "elapsed": 4728.394663, "delta": 12.466967}}
{"target": -15.226849843192063, "params": {"C": 39.17100533623406, "epsilon": 9.974844116966251, "gamma": 0.2429742365963642, "lamda": 1.3567128461800027}, "datetime": {"datetime": "2021-09-15 15:39:30", "elapsed": 4745.964418, "delta": 17.569755}}
{"target": -14.51047774816905, "params": {"C": 38.29085289199913, "epsilon": 1.999263483398422, "gamma": 0.15317891994626448, "lamda": 3.133418419841978}, "datetime": {"datetime": "2021-09-15 15:39:43", "elapsed": 4759.328753, "delta": 13.364335}}
{"target": -23.998595158056265, "params": {"C": 27.243376937265968, "epsilon": 13.957904664346367, "gamma": 0.07107566533035785, "lamda": 1.502828936131748}, "datetime": {"datetime": "2021-09-15 15:40:00", "elapsed": 4775.532076, "delta": 16.203323}}
{"target": -20.36723517441698, "params": {"C": 29.771727677809857, "epsilon": 4.7305754001398155, "gamma": 0.07192060770653136, "lamda": 2.9300391584588867}, "datetime": {"datetime": "2021-09-15 15:40:17", "elapsed": 4793.266351, "delta": 17.734275}}
{"target": -18.78923921935146, "params": {"C": 38.8398250086133, "epsilon": 12.086743254782835, "gamma": 0.14588801950568897, "lamda": 4.601219085567227}, "datetime": {"datetime": "2021-09-15 15:40:33", "elapsed": 4808.815039, "delta": 15.548688}}
{"target": -14.752077645266384, "params": {"C": 32.39130432688296, "epsilon": 7.291171444738505, "gamma": 0.19205585104463826, "lamda": 3.466071076997202}, "datetime": {"datetime": "2021-09-15 15:40:49", "elapsed": 4824.504615, "delta": 15.689576}}
{"target": -16.340934219373903, "params": {"C": 41.52655096410351, "epsilon": 12.002491812600352, "gamma": 0.23838340329363436, "lamda": 1.1514942865187026}, "datetime": {"datetime": "2021-09-15 15:41:04", "elapsed": 4840.105087, "delta": 15.600472}}
{"target": -16.291733920446347, "params": {"C": 26.484220848915264, "epsilon": 10.315042275083908, "gamma": 0.17988228630228184, "lamda": 4.254747540821689}, "datetime": {"datetime": "2021-09-15 15:41:20", "elapsed": 4855.989765, "delta": 15.884678}}
{"target": -17.55531908895353, "params": {"C": 20.11720356092424, "epsilon": 10.278284504647372, "gamma": 0.17271121945795587, "lamda": 2.932003877974431}, "datetime": {"datetime": "2021-09-15 15:41:36", "elapsed": 4872.042669, "delta": 16.052904}}
{"target": -19.265865311862132, "params": {"C": 19.61828148081826, "epsilon": 9.254314725164292, "gamma": 0.0848402649957263, "lamda": 4.955014510964652}, "datetime": {"datetime": "2021-09-15 15:41:52", "elapsed": 4888.253585, "delta": 16.210916}}
{"target": -23.438559828237352, "params": {"C": 37.69022645912561, "epsilon": 14.59865033878672, "gamma": 0.07934000461697074, "lamda": 2.231595473005145}, "datetime": {"datetime": "2021-09-15 15:42:08", "elapsed": 4904.461587, "delta": 16.208002}}
{"target": -21.35153875893526, "params": {"C": 30.87968320372366, "epsilon": 9.982673431423372, "gamma": 0.06552710798793683, "lamda": 1.4763929146685217}, "datetime": {"datetime": "2021-09-15 15:42:25", "elapsed": 4920.737115, "delta": 16.275528}}
{"target": -18.297520934694063, "params": {"C": 24.22790495520085, "epsilon": 5.160642797645072, "gamma": 0.025795774732813928, "lamda": 2.0353806757677932}, "datetime": {"datetime": "2021-09-15 15:42:35", "elapsed": 4931.247231, "delta": 10.510116}}
{"target": -23.278511331763927, "params": {"C": 30.236823301833013, "epsilon": 14.824056267898921, "gamma": 0.08535929112845213, "lamda": 2.7477816950196763}, "datetime": {"datetime": "2021-09-15 15:42:51", "elapsed": 4947.142136, "delta": 15.894905}}
{"target": -22.719149400950325, "params": {"C": 43.791380587002934, "epsilon": 10.365608260257016, "gamma": 0.03607425213749378, "lamda": 4.814464418679185}, "datetime": {"datetime": "2021-09-15 15:43:07", "elapsed": 4963.491059, "delta": 16.348923}}
{"target": -17.34380480457656, "params": {"C": 39.64831391940859, "epsilon": 11.376117616703802, "gamma": 0.16275121837310466, "lamda": 2.6932589406178726}, "datetime": {"datetime": "2021-09-15 15:43:24", "elapsed": 4979.626103, "delta": 16.135044}}
{"target": -13.714520061311056, "params": {"C": 29.169378674212865, "epsilon": 5.705140579896929, "gamma": 0.21963846255185018, "lamda": 2.68067749755057}, "datetime": {"datetime": "2021-09-15 15:43:39", "elapsed": 4995.398958, "delta": 15.772855}}
{"target": -15.796564816345612, "params": {"C": 41.178208330062006, "epsilon": 8.220446869987883, "gamma": 0.1593447363524522, "lamda": 2.2060517962303345}, "datetime": {"datetime": "2021-09-15 15:43:55", "elapsed": 5011.129232, "delta": 15.730274}}
{"target": -16.79381220216708, "params": {"C": 17.665028175868574, "epsilon": 13.03072851954365, "gamma": 0.24760187399733502, "lamda": 0.9618998382183119}, "datetime": {"datetime": "2021-09-15 15:44:12", "elapsed": 5027.528868, "delta": 16.399636}}
{"target": -21.274251331339553, "params": {"C": 43.78755585344071, "epsilon": 12.031422286694335, "gamma": 0.08548563079234711, "lamda": 4.816111425310522}, "datetime": {"datetime": "2021-09-15 15:44:28", "elapsed": 5044.369056, "delta": 16.840188}}
{"target": -15.886591345563769, "params": {"C": 48.542352353496625, "epsilon": 5.128682662090856, "gamma": 0.11295091496813939, "lamda": 3.1701140849667198}, "datetime": {"datetime": "2021-09-15 15:44:38", "elapsed": 5054.450975, "delta": 10.081919}}
{"target": -19.696716842923777, "params": {"C": 31.713880037971855, "epsilon": 14.76027753863177, "gamma": 0.19419762600035217, "lamda": 3.551919757571561}, "datetime": {"datetime": "2021-09-15 15:44:55", "elapsed": 5070.898806, "delta": 16.447831}}
{"target": -15.947984370157338, "params": {"C": 19.879208725396303, "epsilon": 6.624843279815514, "gamma": 0.1597715030932969, "lamda": 2.29574726559097}, "datetime": {"datetime": "2021-09-15 15:45:11", "elapsed": 5086.619902, "delta": 15.721096}}
{"target": -18.567172961637116, "params": {"C": 47.35886838181016, "epsilon": 2.5454024286525856, "gamma": 0.09241881971580389, "lamda": 2.801254478863756}, "datetime": {"datetime": "2021-09-15 15:45:26", "elapsed": 5101.664409, "delta": 15.044507}}
{"target": -23.47552261172731, "params": {"C": 21.44660438109495, "epsilon": 14.199553141402971, "gamma": 0.06184723941950342, "lamda": 3.338425324953239}, "datetime": {"datetime": "2021-09-15 15:45:42", "elapsed": 5117.759382, "delta": 16.094973}}
{"target": -21.07776172196989, "params": {"C": 46.22661803902139, "epsilon": 12.151016162708064, "gamma": 0.08031992883054986, "lamda": 2.1980799143821574}, "datetime": {"datetime": "2021-09-15 15:45:58", "elapsed": 5133.754886, "delta": 15.995504}}
{"target": -19.323209408885152, "params": {"C": 36.62347370299747, "epsilon": 13.77843264551553, "gamma": 0.1545833590293517, "lamda": 3.574652410598048}, "datetime": {"datetime": "2021-09-15 15:46:14", "elapsed": 5149.738253, "delta": 15.983367}}
{"target": -15.499403286161181, "params": {"C": 41.94203531755022, "epsilon": 6.85198549668187, "gamma": 0.16022919981449357, "lamda": 3.96384673410093}, "datetime": {"datetime": "2021-09-15 15:46:30", "elapsed": 5165.661768, "delta": 15.923515}}
{"target": -22.91733839577661, "params": {"C": 35.58970496428033, "epsilon": 13.153080154894216, "gamma": 0.03873320095478935, "lamda": 3.6139540117838287}, "datetime": {"datetime": "2021-09-15 15:46:46", "elapsed": 5182.059146, "delta": 16.397378}}
{"target": -18.479547281791557, "params": {"C": 16.236672301118332, "epsilon": 8.32616703472044, "gamma": 0.12834165720817295, "lamda": 3.215048379773783}, "datetime": {"datetime": "2021-09-15 15:47:02", "elapsed": 5198.046988, "delta": 15.987842}}
{"target": -18.731718126271886, "params": {"C": 38.70209366227449, "epsilon": 10.97244409262668, "gamma": 0.1393819292452366, "lamda": 3.5213309572428155}, "datetime": {"datetime": "2021-09-15 15:47:18", "elapsed": 5214.142329, "delta": 16.095341}}
{"target": -13.108091229013047, "params": {"C": 28.516521605060667, "epsilon": 0.42498745488470896, "gamma": 0.18496976532092607, "lamda": 2.371993144483545}, "datetime": {"datetime": "2021-09-15 15:47:29", "elapsed": 5224.606995, "delta": 10.464666}}
{"target": -17.175160629764235, "params": {"C": 34.10109692273463, "epsilon": 13.525712074637639, "gamma": 0.243900278818191, "lamda": 3.9529681591695565}, "datetime": {"datetime": "2021-09-15 15:47:44", "elapsed": 5240.295524, "delta": 15.688529}}
{"target": -18.726315425425696, "params": {"C": 27.347271206016224, "epsilon": 12.344802189674313, "gamma": 0.1488080904151572, "lamda": 3.8911725426004944}, "datetime": {"datetime": "2021-09-15 15:48:01", "elapsed": 5256.815913, "delta": 16.520389}}
{"target": -18.65578894582767, "params": {"C": 39.17201775572843, "epsilon": 5.832362779591344, "gamma": 0.032712869564558156, "lamda": 2.882756379119795}, "datetime": {"datetime": "2021-09-15 15:48:11", "elapsed": 5267.033555, "delta": 10.217642}}
{"target": -22.33542137712395, "params": {"C": 22.96259909843746, "epsilon": 14.795086923866508, "gamma": 0.10949304024704166, "lamda": 4.874354755242575}, "datetime": {"datetime": "2021-09-15 15:48:27", "elapsed": 5283.268866, "delta": 16.235311}}
{"target": -18.53385637476613, "params": {"C": 44.95154566938717, "epsilon": 2.043726111082522, "gamma": 0.09009124825090199, "lamda": 1.184309703368174}, "datetime": {"datetime": "2021-09-15 15:48:38", "elapsed": 5293.571252, "delta": 10.302386}}
{"target": -22.27536871701008, "params": {"C": 45.65801016889081, "epsilon": 11.644132888275795, "gamma": 0.0678522236990686, "lamda": 3.8817559412471976}, "datetime": {"datetime": "2021-09-15 15:48:54", "elapsed": 5309.795213, "delta": 16.223961}}
{"target": -21.388292398711926, "params": {"C": 32.994559039646006, "epsilon": 10.540798308386169, "gamma": 0.060576093073283085, "lamda": 3.702935851148361}, "datetime": {"datetime": "2021-09-15 15:49:10", "elapsed": 5326.482812, "delta": 16.687599}}
{"target": -18.401023522968664, "params": {"C": 45.43550229386325, "epsilon": 12.570150362901556, "gamma": 0.16981121739656785, "lamda": 1.769729679391056}, "datetime": {"datetime": "2021-09-15 15:49:26", "elapsed": 5342.413709, "delta": 15.930897}}
{"target": -14.60125456292781, "params": {"C": 45.93351555941822, "epsilon": 7.75865210785742, "gamma": 0.20063923246103782, "lamda": 2.450005410665725}, "datetime": {"datetime": "2021-09-15 15:49:43", "elapsed": 5358.582212, "delta": 16.168503}}
{"target": -22.41846549000258, "params": {"C": 46.38155850603757, "epsilon": 14.137207202942472, "gamma": 0.10480227005548712, "lamda": 0.5401866450268817}, "datetime": {"datetime": "2021-09-15 15:49:58", "elapsed": 5374.211657, "delta": 15.629445}}
{"target": -18.236722034193868, "params": {"C": 24.656036677403844, "epsilon": 2.4145607026949736, "gamma": 0.02301539755166262, "lamda": 4.4294900291729356}, "datetime": {"datetime": "2021-09-15 15:50:15", "elapsed": 5390.984451, "delta": 16.772794}}
{"target": -21.889769622116802, "params": {"C": 16.392393414465356, "epsilon": 14.17369846978293, "gamma": 0.10388710142273874, "lamda": 1.3845819633780363}, "datetime": {"datetime": "2021-09-15 15:50:31", "elapsed": 5407.050339, "delta": 16.065888}}
{"target": -16.59388874265186, "params": {"C": 47.496565718222975, "epsilon": 11.405897253012398, "gamma": 0.20074402342401376, "lamda": 4.970889158705876}, "datetime": {"datetime": "2021-09-15 15:50:48", "elapsed": 5423.505626, "delta": 16.455287}}
{"target": -14.019175269764332, "params": {"C": 23.304615055649343, "epsilon": 12.789579429570653, "gamma": 0.00018118811024796878, "lamda": 2.7042716670371996}, "datetime": {"datetime": "2021-09-15 15:50:58", "elapsed": 5433.75566, "delta": 10.250034}}
{"target": -11.334401860462641, "params": {"C": 20.739474362181273, "epsilon": 1.4113813636235992, "gamma": 0.22945998011628285, "lamda": 2.0554512884632077}, "datetime": {"datetime": "2021-09-15 15:51:09", "elapsed": 5444.769197, "delta": 11.013537}}
{"target": -24.122180799236038, "params": {"C": 39.17333493586189, "epsilon": 14.38756601438039, "gamma": 0.05461174158379059, "lamda": 4.262345396984626}, "datetime": {"datetime": "2021-09-15 15:51:25", "elapsed": 5460.834044, "delta": 16.064847}}
{"target": -17.86279390072424, "params": {"C": 29.941731995597205, "epsilon": 8.294998457252602, "gamma": 0.13212733024701595, "lamda": 4.741721444361178}, "datetime": {"datetime": "2021-09-15 15:51:41", "elapsed": 5477.041219, "delta": 16.207175}}
{"target": -12.689035419893575, "params": {"C": 42.861161989872954, "epsilon": 2.126009608544872, "gamma": 0.20301037703022995, "lamda": 4.10717649086512}, "datetime": {"datetime": "2021-09-15 15:51:57", "elapsed": 5493.452931, "delta": 16.411712}}
{"target": -12.332790959238059, "params": {"C": 42.48524274003634, "epsilon": 3.585790832231366, "gamma": 0.17531517158169574, "lamda": 1.2670602268504156}, "datetime": {"datetime": "2021-09-15 15:52:07", "elapsed": 5503.447745, "delta": 9.994814}}
{"target": -19.759798588867717, "params": {"C": 45.57497484390983, "epsilon": 5.847252366368262, "gamma": 0.08999994253215786, "lamda": 4.375254344367798}, "datetime": {"datetime": "2021-09-15 15:52:24", "elapsed": 5519.733001, "delta": 16.285256}}
{"target": -22.606698728979996, "params": {"C": 35.86795799795974, "epsilon": 12.838556726407871, "gamma": 0.09728608470511116, "lamda": 0.9974193249644498}, "datetime": {"datetime": "2021-09-15 15:52:40", "elapsed": 5536.016235, "delta": 16.283234}}
{"target": -17.70364452101142, "params": {"C": 17.930467387537092, "epsilon": 11.989920993491591, "gamma": 0.15281383652795197, "lamda": 2.9340783250264373}, "datetime": {"datetime": "2021-09-15 15:52:56", "elapsed": 5552.063155, "delta": 16.04692}}
{"target": -20.431086232989202, "params": {"C": 31.90235586152433, "epsilon": 9.28973725162856, "gamma": 0.08246219368329079, "lamda": 1.1152367598093056}, "datetime": {"datetime": "2021-09-15 15:53:12", "elapsed": 5567.887073, "delta": 15.823918}}
{"target": -22.647332081817, "params": {"C": 46.49735407235609, "epsilon": 9.986638613808251, "gamma": 0.05978852261038842, "lamda": 4.639654197227369}, "datetime": {"datetime": "2021-09-15 15:53:28", "elapsed": 5584.126442, "delta": 16.239369}}
{"target": -19.80094281928717, "params": {"C": 16.36276650439746, "epsilon": 4.3334335231096945, "gamma": 0.02564094563429514, "lamda": 2.7523901838086537}, "datetime": {"datetime": "2021-09-15 15:53:35", "elapsed": 5591.242502, "delta": 7.11606}}
{"target": -14.477692571671858, "params": {"C": 22.422614722940754, "epsilon": 7.7751126638328465, "gamma": 0.214526103713818, "lamda": 1.5234410215747678}, "datetime": {"datetime": "2021-09-15 15:53:52", "elapsed": 5608.150713, "delta": 16.908211}}
{"target": -15.462094773314591, "params": {"C": 31.366059768957005, "epsilon": 8.570579980288057, "gamma": 0.2055382741732574, "lamda": 0.9158549484096841}, "datetime": {"datetime": "2021-09-15 15:54:08", "elapsed": 5623.944308, "delta": 15.793595}}
{"target": -20.003116141108624, "params": {"C": 24.795645189371758, "epsilon": 14.729372222039679, "gamma": 0.1635714013617251, "lamda": 3.0384462060071096}, "datetime": {"datetime": "2021-09-15 15:54:24", "elapsed": 5640.049467, "delta": 16.105159}}
{"target": -19.83378791133296, "params": {"C": 31.761575896157535, "epsilon": 8.568814782924422, "gamma": 0.10207950822605179, "lamda": 1.8108803850384099}, "datetime": {"datetime": "2021-09-15 15:54:41", "elapsed": 5656.642851, "delta": 16.593384}}
{"target": -13.350070690145252, "params": {"C": 34.568928394525365, "epsilon": 0.17754228024269858, "gamma": 0.20554381956286005, "lamda": 4.134326386337301}, "datetime": {"datetime": "2021-09-15 15:54:51", "elapsed": 5666.610677, "delta": 9.967826}}
{"target": -15.333858528391922, "params": {"C": 26.35365056630876, "epsilon": 6.311531272561108, "gamma": 0.153861424310467, "lamda": 1.3913300537114128}, "datetime": {"datetime": "2021-09-15 15:55:07", "elapsed": 5682.948346, "delta": 16.337669}}
{"target": -18.807529846456234, "params": {"C": 24.132148180006958, "epsilon": 11.864948088356648, "gamma": 0.11930278477176956, "lamda": 4.176331612335161}, "datetime": {"datetime": "2021-09-15 15:55:24", "elapsed": 5699.857432, "delta": 16.909086}}
{"target": -20.3678476434379, "params": {"C": 27.91915403291802, "epsilon": 6.440648986884316, "gamma": 0.09000343124452034, "lamda": 0.7797697489685071}, "datetime": {"datetime": "2021-09-15 17:27:24", "elapsed": 0.0, "delta": 0.0}}
{"target": -2.236191697476093, "params": {"C": 26.02729123571979, "epsilon": 5.184677189537595, "gamma": 0.09558780634133013, "lamda": 0.7940350399242058}, "datetime": {"datetime": "2021-09-15 17:27:25", "elapsed": 0.759407, "delta": 0.759407}}
{"target": -2.18865739727544, "params": {"C": 27.777372319614688, "epsilon": 6.077633468006714, "gamma": 0.10257583543209883, "lamda": 0.9061224351309307}, "datetime": {"datetime": "2021-09-15 17:27:25", "elapsed": 1.579962, "delta": 0.820555}}
{"target": -19.77725596654742, "params": {"C": 26.431165748120623, "epsilon": 6.75623487278189, "gamma": 0.09082162779593778, "lamda": 0.9012542783588727}, "datetime": {"datetime": "2021-09-15 17:27:53", "elapsed": 28.924719, "delta": 27.344757}}
{"target": -17.11281947048209, "params": {"C": 27.92113361656989, "epsilon": 6.1173796568915035, "gamma": 0.09421160815785701, "lamda": 0.74537349139801}, "datetime": {"datetime": "2021-09-15 17:28:07", "elapsed": 43.007937, "delta": 14.083218}}
{"target": -2.2233549335493605, "params": {"C": 25.05403899188885, "epsilon": 5.323721868425393, "gamma": 0.11128107102509995, "lamda": 0.9323631634672283}, "datetime": {"datetime": "2021-09-15 17:28:08", "elapsed": 43.708237, "delta": 0.7003}}
{"target": -2.1921883764920587, "params": {"C": 28.097901222188238, "epsilon": 5.826941415868134, "gamma": 0.10643414837357013, "lamda": 0.9255865219198279}, "datetime": {"datetime": "2021-09-15 17:28:08", "elapsed": 44.449551, "delta": 0.741314}}
{"target": -2.2079521647293023, "params": {"C": 29.363699803950112, "epsilon": 5.44644907320275, "gamma": 0.11877283941069547, "lamda": 0.9455460549401002}, "datetime": {"datetime": "2021-09-15 17:28:09", "elapsed": 45.183888, "delta": 0.734337}}
{"target": -17.46384742411103, "params": {"C": 25.1484439155684, "epsilon": 6.615762479253442, "gamma": 0.11894566623309565, "lamda": 0.9116840989903865}, "datetime": {"datetime": "2021-09-15 17:28:32", "elapsed": 68.621428, "delta": 23.43754}}
{"target": -19.950089046396695, "params": {"C": 27.550934340972, "epsilon": 5.044796222267119, "gamma": 0.09457243038590248, "lamda": 1.000602102880896}, "datetime": {"datetime": "2021-09-15 17:29:10", "elapsed": 105.716559, "delta": 37.095131}}
{"target": -2.1954524044219323, "params": {"C": 31.967101455779712, "epsilon": 5.650345011765422, "gamma": 0.11450597948968254, "lamda": 0.694729205882936}, "datetime": {"datetime": "2021-09-15 17:29:10", "elapsed": 106.535254, "delta": 0.818695}}
{"target": -14.58002261710963, "params": {"C": 31.868619057849955, "epsilon": 5.5408346569621445, "gamma": 0.11426355054209304, "lamda": 0.8273645796025135}, "datetime": {"datetime": "2021-09-15 17:29:31", "elapsed": 127.082468, "delta": 20.547214}}
{"target": -2.190578131734759, "params": {"C": 27.274130329793085, "epsilon": 6.271562832371588, "gamma": 0.10201515328082753, "lamda": 0.9280130839718195}, "datetime": {"datetime": "2021-09-15 17:29:32", "elapsed": 127.945488, "delta": 0.86302}}
{"target": -18.072591089540072, "params": {"C": 27.14137854469311, "epsilon": 6.353306608026053, "gamma": 0.10654145184824941, "lamda": 0.7842330303919135}, "datetime": {"datetime": "2021-09-15 17:30:04", "elapsed": 159.768223, "delta": 31.822735}}
{"target": -2.2131064236391116, "params": {"C": 27.780291715744337, "epsilon": 5.388355792838386, "gamma": 0.09158567930896327, "lamda": 0.7938341702903703}, "datetime": {"datetime": "2021-09-15 17:30:04", "elapsed": 160.257476, "delta": 0.489253}}
{"target": -19.93767245234724, "params": {"C": 25.066245565110332, "epsilon": 6.100408466915476, "gamma": 0.09485964828920171, "lamda": 0.8376737357269071}, "datetime": {"datetime": "2021-09-15 17:30:21", "elapsed": 176.742436, "delta": 16.48496}}
