{"target": 0.86587057590534, "params": {"C": 51.28665039860425, "epsilon": 0.03447591265038088, "gamma": 0.16962601747112316, "lamda": 0.12075705711495463}, "datetime": {"datetime": "2021-09-23 12:12:52", "elapsed": 71.332248, "delta": 0.777001}}
{"target": 0.9013501971590621, "params": {"C": 51.68005630457631, "epsilon": 0.06576880662350626, "gamma": 0.08091297199025112, "lamda": 0.07109944178518074}, "datetime": {"datetime": "2021-09-23 12:12:53", "elapsed": 71.980249, "delta": 0.648001}}
{"target": 0.8677494387371094, "params": {"C": 60.2060875030504, "epsilon": 0.8901506477853665, "gamma": 0.1682858324744511, "lamda": 0.4391694032692652}, "datetime": {"datetime": "2021-09-23 12:12:53", "elapsed": 72.431249, "delta": 0.451}}
{"target": 0.8811067495467642, "params": {"C": 50.60437454144917, "epsilon": 0.015074148499352853, "gamma": 0.13144623502672992, "lamda": 0.11504324136300946}, "datetime": {"datetime": "2021-09-23 12:12:54", "elapsed": 73.185246, "delta": 0.753997}}
{"target": -3.168620587920425, "params": {"C": 71.47586368681971, "epsilon": 0.7512692153588179, "gamma": 0.03959768047620801, "lamda": 0.09616279073251946}, "datetime": {"datetime": "2021-09-23 12:13:04", "elapsed": 82.641248, "delta": 9.456002}}
{"target": 0.8732685675486364, "params": {"C": 50.43390125676645, "epsilon": 0.28535313073057944, "gamma": 0.15051670292729813, "lamda": 0.4515152244901457}, "datetime": {"datetime": "2021-09-23 12:13:05", "elapsed": 83.549245, "delta": 0.907997}}
{"target": 0.8530668704966515, "params": {"C": 50.100625276745575, "epsilon": 0.0815307938371428, "gamma": 0.2, "lamda": 0.14727310748099473}, "datetime": {"datetime": "2021-09-23 12:13:05", "elapsed": 84.341734, "delta": 0.792489}}
{"target": 0.8970638773424043, "params": {"C": 68.0178877354764, "epsilon": 0.5123494902716215, "gamma": 0.09488821841248109, "lamda": 0.15010178941179692}, "datetime": {"datetime": "2021-09-23 12:13:06", "elapsed": 84.775757, "delta": 0.434023}}
{"target": 0.8757731368503023, "params": {"C": 53.056585699232286, "epsilon": 0.11550097589583139, "gamma": 0.14537873991010516, "lamda": 0.4488303704456897}, "datetime": {"datetime": "2021-09-23 12:13:06", "elapsed": 85.242263, "delta": 0.466506}}
{"target": -3.6021772365398164, "params": {"C": 74.69394354260459, "epsilon": 0.8728944821954062, "gamma": 0.04172005617727818, "lamda": 0.3889642411643919}, "datetime": {"datetime": "2021-09-23 12:13:15", "elapsed": 94.307261, "delta": 9.064998}}
{"target": -1.0729659919757393, "params": {"C": 59.59013494727952, "epsilon": 0.7534788877127946, "gamma": 0.10921998089872521, "lamda": 0.4282743314467124}, "datetime": {"datetime": "2021-09-23 12:13:25", "elapsed": 103.494262, "delta": 9.187001}}
{"target": 0.8530583577045773, "params": {"C": 50.00363688104536, "epsilon": 0.5408617657151095, "gamma": 0.2, "lamda": 0.33363907424113926}, "datetime": {"datetime": "2021-09-23 12:13:25", "elapsed": 104.394805, "delta": 0.900543}}
{"target": 0.8580167246803315, "params": {"C": 62.69502197660604, "epsilon": 0.6095804415607736, "gamma": 0.1904093055917211, "lamda": 0.41181794531082866}, "datetime": {"datetime": "2021-09-23 12:13:26", "elapsed": 105.279802, "delta": 0.884997}}
{"target": -3.576969837330668, "params": {"C": 65.20473364562824, "epsilon": 0.13322094592817618, "gamma": 0.03519182721979562, "lamda": 0.3996294133925251}, "datetime": {"datetime": "2021-09-23 12:13:35", "elapsed": 114.087797, "delta": 8.807995}}
{"target": 0.9023071961953775, "params": {"C": 71.26967912894347, "epsilon": 0.16663203563647297, "gamma": 0.08389758162745332, "lamda": 0.16735945078995854}, "datetime": {"datetime": "2021-09-23 12:13:36", "elapsed": 114.57476, "delta": 0.486963}}
{"target": 0.9057955796685663, "params": {"C": 64.39449440271666, "epsilon": 0.18668844354332517, "gamma": 0.07100298157062339, "lamda": 0.001}, "datetime": {"datetime": "2021-09-23 12:13:36", "elapsed": 115.302073, "delta": 0.727313}}
{"target": 0.904323666222365, "params": {"C": 62.69553291988301, "epsilon": 0.37675580138227005, "gamma": 0.07512441119215209, "lamda": 0.022948808742212168}, "datetime": {"datetime": "2021-09-23 12:13:37", "elapsed": 116.176339, "delta": 0.874266}}
{"target": 0.883409735610432, "params": {"C": 62.4417985045066, "epsilon": 0.7978430955276428, "gamma": 0.12933315829110706, "lamda": 0.12184542577568742}, "datetime": {"datetime": "2021-09-23 12:13:38", "elapsed": 117.065872, "delta": 0.889533}}
{"target": 0.8807069020671506, "params": {"C": 70.84560290469034, "epsilon": 0.016107041290233534, "gamma": 0.13861864999057555, "lamda": 0.019515105685652324}, "datetime": {"datetime": "2021-09-23 12:13:39", "elapsed": 117.972293, "delta": 0.906421}}
{"target": 0.8949029329980185, "params": {"C": 68.08842691237892, "epsilon": 0.6009762194077778, "gamma": 0.10009445242444381, "lamda": 0.07924554034211438}, "datetime": {"datetime": "2021-09-23 12:13:40", "elapsed": 118.55622, "delta": 0.583927}}
{"target": 0.8779781509256359, "params": {"C": 64.59967605809433, "epsilon": 0.6088779182929619, "gamma": 0.017792978063465085, "lamda": 0.001}, "datetime": {"datetime": "2021-09-23 12:13:41", "elapsed": 119.574217, "delta": 1.017997}}
{"target": 0.8749740709490187, "params": {"C": 51.49173885818307, "epsilon": 0.260669085442419, "gamma": 0.14684855349999346, "lamda": 0.29749479741702045}, "datetime": {"datetime": "2021-09-23 12:13:41", "elapsed": 120.164219, "delta": 0.590002}}
{"target": 0.8770088272110951, "params": {"C": 58.520139998920264, "epsilon": 0.4665841069493792, "gamma": 0.1440244667287142, "lamda": 0.18536826012636629}, "datetime": {"datetime": "2021-09-23 12:13:42", "elapsed": 121.264221, "delta": 1.100002}}
{"target": 0.8630831734551311, "params": {"C": 58.70825986558238, "epsilon": 0.9221583046969424, "gamma": 0.01, "lamda": 0.001}, "datetime": {"datetime": "2021-09-23 12:13:43", "elapsed": 122.338219, "delta": 1.073998}}
{"target": 0.8796975785957624, "params": {"C": 67.63141417549467, "epsilon": 0.8096256548553213, "gamma": 0.13999950852925933, "lamda": 0.001}, "datetime": {"datetime": "2021-09-23 12:13:44", "elapsed": 123.175218, "delta": 0.836999}}
{"target": 0.8815702770402052, "params": {"C": 63.66154188328214, "epsilon": 0.39112585633111396, "gamma": 0.02262819587432679, "lamda": 0.061075423719563884}, "datetime": {"datetime": "2021-09-23 12:13:45", "elapsed": 123.773219, "delta": 0.598001}}
{"target": -1.8896047457236618, "params": {"C": 64.15165620943961, "epsilon": 0.5257446540275914, "gamma": 0.01, "lamda": 0.39206118114563643}, "datetime": {"datetime": "2021-09-23 12:13:54", "elapsed": 133.146218, "delta": 9.372999}}
{"target": 0.8973035324813042, "params": {"C": 63.19978705448509, "epsilon": 0.626813581045741, "gamma": 0.09379793259014033, "lamda": 0.001}, "datetime": {"datetime": "2021-09-23 12:13:55", "elapsed": 134.135221, "delta": 0.989003}}
{"target": 0.9012479491376868, "params": {"C": 63.224241498729, "epsilon": 0.10790733203350947, "gamma": 0.08441618715242591, "lamda": 0.13387295677304928}, "datetime": {"datetime": "2021-09-23 12:13:56", "elapsed": 135.086743, "delta": 0.951522}}
{"target": 0.8857565600734241, "params": {"C": 58.48410286804834, "epsilon": 0.8553221123799887, "gamma": 0.1224203278885387, "lamda": 0.4959349075563096}, "datetime": {"datetime": "2021-09-23 12:13:57", "elapsed": 136.071467, "delta": 0.984724}}
{"target": 0.9009473220991562, "params": {"C": 58.06442866664154, "epsilon": 0.8472400441441441, "gamma": 0.0838982045561841, "lamda": 0.008048596014808406}, "datetime": {"datetime": "2021-09-23 12:13:58", "elapsed": 137.112465, "delta": 1.040998}}
{"target": 0.8743071640813906, "params": {"C": 57.886295269946984, "epsilon": 0.8426255007831427, "gamma": 0.150082685791772, "lamda": 0.499708850023773}, "datetime": {"datetime": "2021-09-23 12:13:59", "elapsed": 138.032629, "delta": 0.920164}}
{"target": 0.8687606842485258, "params": {"C": 62.818730392310144, "epsilon": 0.09794757286339491, "gamma": 0.1666745545229803, "lamda": 0.4885740215242557}, "datetime": {"datetime": "2021-09-23 12:14:00", "elapsed": 138.975154, "delta": 0.942525}}
{"target": -2.17025024974032, "params": {"C": 63.22772005208848, "epsilon": 0.4963756393670024, "gamma": 0.05887480953770952, "lamda": 0.4896686049183379}, "datetime": {"datetime": "2021-09-23 12:14:11", "elapsed": 149.626156, "delta": 10.651002}}
{"target": 0.906330534205658, "params": {"C": 57.59297354601553, "epsilon": 0.9864834562563717, "gamma": 0.06655892896888957, "lamda": 0.12177074462077482}, "datetime": {"datetime": "2021-09-23 12:14:11", "elapsed": 150.425094, "delta": 0.798938}}
{"target": 0.8525133290544262, "params": {"C": 63.652100764284505, "epsilon": 0.001, "gamma": 0.2, "lamda": 0.001}, "datetime": {"datetime": "2021-09-23 12:14:12", "elapsed": 151.375095, "delta": 0.950001}}
{"target": -2.8740084378190707, "params": {"C": 65.17697164347159, "epsilon": 0.08104446553909957, "gamma": 0.047326056801331715, "lamda": 0.46177108271063655}, "datetime": {"datetime": "2021-09-23 12:14:23", "elapsed": 162.38462, "delta": 11.009525}}
{"target": 0.8925388118457258, "params": {"C": 57.22146940996596, "epsilon": 0.835539638003461, "gamma": 0.10340842514379486, "lamda": 0.4885688796099955}, "datetime": {"datetime": "2021-09-23 12:14:24", "elapsed": 163.325617, "delta": 0.940997}}
{"target": 0.893375142607721, "params": {"C": 58.8125377250445, "epsilon": 0.12823281514659132, "gamma": 0.10152292640166688, "lamda": 0.46674891180001876}, "datetime": {"datetime": "2021-09-23 12:14:25", "elapsed": 164.452616, "delta": 1.126999}}
{"target": -2.5588014301101474, "params": {"C": 70.99224905310845, "epsilon": 0.8625857644608238, "gamma": 0.049574647052371267, "lamda": 0.06865439807771694}, "datetime": {"datetime": "2021-09-23 12:14:35", "elapsed": 174.416618, "delta": 9.964002}}
{"target": 0.8630894798172599, "params": {"C": 58.993267832024806, "epsilon": 0.0989712684989964, "gamma": 0.01, "lamda": 0.001}, "datetime": {"datetime": "2021-09-23 12:14:36", "elapsed": 175.301619, "delta": 0.885001}}
{"target": 0.8912715756842701, "params": {"C": 52.45862237387057, "epsilon": 0.11032197108691989, "gamma": 0.10528666832845475, "lamda": 0.36885436087356255}, "datetime": {"datetime": "2021-09-23 12:14:37", "elapsed": 176.285617, "delta": 0.983998}}
{"target": 0.8716974899134026, "params": {"C": 52.780983947991174, "epsilon": 0.5808401035304223, "gamma": 0.15491513649295063, "lamda": 0.144639419354149}, "datetime": {"datetime": "2021-09-23 12:14:38", "elapsed": 177.093623, "delta": 0.808006}}
{"target": -1.5695414899402684, "params": {"C": 62.870513190097114, "epsilon": 0.6162574794018646, "gamma": 0.07523556911942719, "lamda": 0.39559108746065647}, "datetime": {"datetime": "2021-09-23 12:14:48", "elapsed": 187.255143, "delta": 10.16152}}
{"target": 0.901023381677925, "params": {"C": 54.342870089108665, "epsilon": 0.509315107311032, "gamma": 0.08246181620757786, "lamda": 0.02115086245004562}, "datetime": {"datetime": "2021-09-23 12:14:49", "elapsed": 187.839145, "delta": 0.584002}}
{"target": -3.5128171181771606, "params": {"C": 57.41423967197238, "epsilon": 0.9650985299906029, "gamma": 0.043943980200694704, "lamda": 0.26944789171097894}, "datetime": {"datetime": "2021-09-23 12:14:58", "elapsed": 197.343147, "delta": 9.504002}}
{"target": 0.8835079543746643, "params": {"C": 57.818924654836266, "epsilon": 0.9862710083289836, "gamma": 0.12781349593855, "lamda": 0.033560564441773556}, "datetime": {"datetime": "2021-09-23 12:14:59", "elapsed": 198.424861, "delta": 1.081714}}
{"target": -2.2044058689905213, "params": {"C": 55.484866659906096, "epsilon": 0.7638231800679529, "gamma": 0.054374205388798905, "lamda": 0.1222590142673404}, "datetime": {"datetime": "2021-09-23 12:15:10", "elapsed": 208.81914, "delta": 10.394279}}
{"target": 0.8618266107021727, "params": {"C": 62.42257122857583, "epsilon": 0.6912016524998329, "gamma": 0.18274827329545554, "lamda": 0.4191257159850004}, "datetime": {"datetime": "2021-09-23 12:15:11", "elapsed": 210.039136, "delta": 1.219996}}
{"target": 0.8612221806838726, "params": {"C": 64.40816547800017, "epsilon": 0.4939629615930457, "gamma": 0.18419015082795961, "lamda": 0.34401697362205}, "datetime": {"datetime": "2021-09-23 12:15:12", "elapsed": 210.773338, "delta": 0.734202}}
{"target": 0.8524038906504124, "params": {"C": 64.59634341463926, "epsilon": 0.37710980689457474, "gamma": 0.2, "lamda": 0.13572962727862994}, "datetime": {"datetime": "2021-09-23 12:15:14", "elapsed": 212.53575, "delta": 1.762412}}
{"target": 0.8617612589555957, "params": {"C": 57.08895812779154, "epsilon": 0.5888162276367188, "gamma": 0.1817951884233056, "lamda": 0.5}, "datetime": {"datetime": "2021-09-23 12:15:15", "elapsed": 213.68275, "delta": 1.147}}
{"target": 0.8637534500988581, "params": {"C": 58.21937337133137, "epsilon": 0.7289679858042616, "gamma": 0.1772966401518798, "lamda": 0.31988271573534754}, "datetime": {"datetime": "2021-09-23 12:15:16", "elapsed": 214.81493, "delta": 1.13218}}
{"target": 0.8886502702267716, "params": {"C": 58.73730780380413, "epsilon": 0.6097968681915795, "gamma": 0.11484128265704653, "lamda": 0.4525866402024565}, "datetime": {"datetime": "2021-09-23 12:15:17", "elapsed": 216.129054, "delta": 1.314124}}
{"target": 0.8629019543374826, "params": {"C": 57.860766177210664, "epsilon": 0.6579213918512158, "gamma": 0.01, "lamda": 0.18581391447517934}, "datetime": {"datetime": "2021-09-23 12:15:18", "elapsed": 217.457699, "delta": 1.328645}}
{"target": 0.8531676107591971, "params": {"C": 58.85503913797184, "epsilon": 0.3257096111654638, "gamma": 0.2, "lamda": 0.17242231281222514}, "datetime": {"datetime": "2021-09-23 12:15:20", "elapsed": 218.943535, "delta": 1.485836}}
{"target": -2.1956075074494024, "params": {"C": 52.75363651669981, "epsilon": 0.3443940540282508, "gamma": 0.06722373602102188, "lamda": 0.43892909732190916}, "datetime": {"datetime": "2021-09-23 12:15:31", "elapsed": 230.255237, "delta": 11.311702}}
{"target": 0.8715255031076987, "params": {"C": 51.64254510654567, "epsilon": 0.06266225521797725, "gamma": 0.15514062161199924, "lamda": 0.013056676102868373}, "datetime": {"datetime": "2021-09-23 12:15:32", "elapsed": 230.918519, "delta": 0.663282}}
{"target": 0.8531601342768735, "params": {"C": 58.74000870821152, "epsilon": 0.7241195109430211, "gamma": 0.2, "lamda": 0.15652129031137105}, "datetime": {"datetime": "2021-09-23 12:15:33", "elapsed": 232.244519, "delta": 1.326}}
{"target": 0.8526910465930406, "params": {"C": 62.60132197027402, "epsilon": 0.1299039553250052, "gamma": 0.2, "lamda": 0.21663945629024134}, "datetime": {"datetime": "2021-09-23 12:15:34", "elapsed": 233.219132, "delta": 0.974613}}
{"target": 0.8874051583597089, "params": {"C": 52.090801395232496, "epsilon": 0.039486011245200826, "gamma": 0.11612557120187453, "lamda": 0.34948358563232446}, "datetime": {"datetime": "2021-09-23 12:15:36", "elapsed": 234.493541, "delta": 1.274409}}
{"target": 0.9046289895035967, "params": {"C": 52.295691994695176, "epsilon": 0.10789218603089862, "gamma": 0.05294011827721795, "lamda": 0.06614778101637676}, "datetime": {"datetime": "2021-09-23 12:15:37", "elapsed": 235.666717, "delta": 1.173176}}
{"target": 0.8724073777989382, "params": {"C": 56.90594608012908, "epsilon": 0.882498607497811, "gamma": 0.15470466343682676, "lamda": 0.5}, "datetime": {"datetime": "2021-09-23 12:15:38", "elapsed": 236.662778, "delta": 0.996061}}
{"target": 0.9062718881621665, "params": {"C": 58.400734123633285, "epsilon": 0.9827714270892604, "gamma": 0.06696635259561048, "lamda": 0.13978491468012774}, "datetime": {"datetime": "2021-09-23 12:15:39", "elapsed": 237.786767, "delta": 1.123989}}
{"target": 0.8662084213191196, "params": {"C": 60.203243383782066, "epsilon": 0.898653030609342, "gamma": 0.17188727833960737, "lamda": 0.4344944256646462}, "datetime": {"datetime": "2021-09-23 12:15:39", "elapsed": 238.341728, "delta": 0.554961}}
{"target": 0.8578868180644235, "params": {"C": 71.07108951980098, "epsilon": 0.8003086809974951, "gamma": 0.18934660881981105, "lamda": 0.44211973200752275}, "datetime": {"datetime": "2021-09-23 12:15:40", "elapsed": 238.95009, "delta": 0.608362}}
{"target": 0.8933868366819693, "params": {"C": 51.949994486679344, "epsilon": 0.33160290157568834, "gamma": 0.1006374761200535, "lamda": 0.10019302772800112}, "datetime": {"datetime": "2021-09-23 12:15:41", "elapsed": 239.903089, "delta": 0.952999}}
{"target": 0.8526339192191987, "params": {"C": 62.91511269305202, "epsilon": 0.03802079843418158, "gamma": 0.2, "lamda": 0.001}, "datetime": {"datetime": "2021-09-23 12:15:42", "elapsed": 240.934459, "delta": 1.03137}}
{"target": 0.8527501632187727, "params": {"C": 62.40105046124904, "epsilon": 0.4829604279087229, "gamma": 0.2, "lamda": 0.001}, "datetime": {"datetime": "2021-09-23 12:15:43", "elapsed": 241.850387, "delta": 0.915928}}
{"target": 0.8630116230312725, "params": {"C": 58.604924753174416, "epsilon": 0.06426556618721513, "gamma": 0.01, "lamda": 0.14741521722154646}, "datetime": {"datetime": "2021-09-23 12:15:44", "elapsed": 243.120884, "delta": 1.270497}}
{"target": 0.8539409754538155, "params": {"C": 58.41302960571175, "epsilon": 0.20087999236450244, "gamma": 0.19863206365621305, "lamda": 0.475066339066444}, "datetime": {"datetime": "2021-09-23 12:15:45", "elapsed": 244.148969, "delta": 1.028085}}
{"target": -3.2571558327583245, "params": {"C": 58.16216153899514, "epsilon": 0.4765152272753079, "gamma": 0.02361629226845128, "lamda": 0.49259634400242214}, "datetime": {"datetime": "2021-09-23 12:15:55", "elapsed": 253.660804, "delta": 9.511835}}
{"target": 0.8715503349415982, "params": {"C": 58.102849823915875, "epsilon": 0.9496996434870665, "gamma": 0.15757562418324028, "lamda": 0.29725814025511543}, "datetime": {"datetime": "2021-09-23 12:15:56", "elapsed": 254.6006, "delta": 0.939796}}
{"target": 0.8586778459721646, "params": {"C": 50.42202282277103, "epsilon": 0.618048187554542, "gamma": 0.18721242799632576, "lamda": 0.34707981722098824}, "datetime": {"datetime": "2021-09-23 12:15:57", "elapsed": 255.721246, "delta": 1.120646}}
{"target": -3.0754347380953027, "params": {"C": 58.9338748986648, "epsilon": 0.9866911541769391, "gamma": 0.03388307071233459, "lamda": 0.3395325569534835}, "datetime": {"datetime": "2021-09-23 12:16:07", "elapsed": 266.200555, "delta": 10.479309}}
{"target": 0.8804137370987362, "params": {"C": 58.50712763840994, "epsilon": 0.7080267465108757, "gamma": 0.1358208152528914, "lamda": 0.004902120197692975}, "datetime": {"datetime": "2021-09-23 12:16:08", "elapsed": 267.077816, "delta": 0.877261}}
{"target": 0.8615331531265824, "params": {"C": 50.5942860642784, "epsilon": 0.31456607322149044, "gamma": 0.01, "lamda": 0.21434321959123034}, "datetime": {"datetime": "2021-09-23 12:16:09", "elapsed": 268.174858, "delta": 1.097042}}
{"target": 0.8525775490641477, "params": {"C": 63.402028397221514, "epsilon": 0.319243213115289, "gamma": 0.2, "lamda": 0.001}, "datetime": {"datetime": "2021-09-23 12:16:10", "elapsed": 269.308669, "delta": 1.133811}}
{"target": -3.4759353662222194, "params": {"C": 59.895257762873754, "epsilon": 0.1986705314530039, "gamma": 0.03806638418635131, "lamda": 0.49931746558958945}, "datetime": {"datetime": "2021-09-23 12:16:20", "elapsed": 279.182531, "delta": 9.873862}}
{"target": 0.862310729685988, "params": {"C": 54.78834436141963, "epsilon": 0.5768712446902614, "gamma": 0.01, "lamda": 0.016088277103610674}, "datetime": {"datetime": "2021-09-23 12:16:21", "elapsed": 280.160548, "delta": 0.978017}}
{"target": 0.8847773245796499, "params": {"C": 53.38217753286957, "epsilon": 0.04821542829362029, "gamma": 0.12337486885732096, "lamda": 0.38823458132760513}, "datetime": {"datetime": "2021-09-23 12:16:22", "elapsed": 281.201773, "delta": 1.041225}}
{"target": 0.8532968973925302, "params": {"C": 52.80381537024331, "epsilon": 0.888860971982966, "gamma": 0.2, "lamda": 0.001}, "datetime": {"datetime": "2021-09-23 12:16:23", "elapsed": 282.289682, "delta": 1.087909}}
{"target": 0.8532658446410926, "params": {"C": 52.445973977750135, "epsilon": 0.6454426298256054, "gamma": 0.2, "lamda": 0.001}, "datetime": {"datetime": "2021-09-23 12:16:24", "elapsed": 283.217662, "delta": 0.92798}}
{"target": -2.9398851371232895, "params": {"C": 66.21932976582383, "epsilon": 0.8159780580469286, "gamma": 0.021565363706717543, "lamda": 0.2215855284956389}, "datetime": {"datetime": "2021-09-23 12:16:33", "elapsed": 292.049969, "delta": 8.832307}}
{"target": 0.8808789927985499, "params": {"C": 56.59300149441326, "epsilon": 0.20511994448179954, "gamma": 0.13407362236101694, "lamda": 0.27681935869830376}, "datetime": {"datetime": "2021-09-23 12:16:34", "elapsed": 292.650931, "delta": 0.600962}}
{"target": 0.8614418252950239, "params": {"C": 50.056344947677665, "epsilon": 0.22148549651366756, "gamma": 0.01, "lamda": 0.4702555985246079}, "datetime": {"datetime": "2021-09-23 12:16:35", "elapsed": 293.59397, "delta": 0.943039}}
{"target": 0.8519767575925306, "params": {"C": 67.87648271009569, "epsilon": 0.8374750267330067, "gamma": 0.2, "lamda": 0.3073020349256611}, "datetime": {"datetime": "2021-09-23 12:16:36", "elapsed": 294.75463, "delta": 1.16066}}
{"target": 0.8822453251761879, "params": {"C": 56.98690256454309, "epsilon": 0.13357106344999756, "gamma": 0.02390491220567008, "lamda": 0.31214548400108955}, "datetime": {"datetime": "2021-09-23 12:16:37", "elapsed": 295.829632, "delta": 1.075002}}
{"target": -2.70201449791075, "params": {"C": 56.80078244148321, "epsilon": 0.5025792782019188, "gamma": 0.032313837966116615, "lamda": 0.2152820287648841}, "datetime": {"datetime": "2021-09-23 12:16:46", "elapsed": 305.062013, "delta": 9.232381}}
{"target": 0.8919444059344823, "params": {"C": 56.37449166363381, "epsilon": 0.04915919402395689, "gamma": 0.10441354830510538, "lamda": 0.4301592935048747}, "datetime": {"datetime": "2021-09-23 12:16:47", "elapsed": 306.048302, "delta": 0.986289}}
