{"target": -22.246331789698154, "params": {"C": 28.811823780053253, "epsilon": 9.729898539428817, "gamma": 0.039295315698893454, "lamda": 2.3780393138912377}, "datetime": {"datetime": "2021-09-15 14:29:04", "elapsed": 520.009613, "delta": 11.08446}}
{"target": -12.776521790460562, "params": {"C": 33.87425842991246, "epsilon": 5.881699015610558, "gamma": 0.234318248645792, "lamda": 2.3974362444013004}, "datetime": {"datetime": "2021-09-15 14:29:20", "elapsed": 536.477859, "delta": 16.468246}}
{"target": -19.606051100867727, "params": {"C": 32.09746600980887, "epsilon": 0.9638584160073989, "gamma": 0.08247621979674738, "lamda": 3.3808137082914484}, "datetime": {"datetime": "2021-09-15 14:29:38", "elapsed": 554.098153, "delta": 17.620294}}
{"target": -18.731222908966526, "params": {"C": 29.193764849019633, "epsilon": 0.210524620265385, "gamma": 0.10209684162762588, "lamda": 4.0454170781177385}, "datetime": {"datetime": "2021-09-15 14:29:56", "elapsed": 572.129636, "delta": 18.031483}}
{"target": -14.953075538154437, "params": {"C": 37.927216142472865, "epsilon": 3.267042721474661, "gamma": 0.17569352273823047, "lamda": 4.58148956379798}, "datetime": {"datetime": "2021-09-15 14:30:13", "elapsed": 588.509358, "delta": 16.379722}}
{"target": -15.748632866833011, "params": {"C": 25.54812981798522, "epsilon": 9.484608596548401, "gamma": 0.22323157454590362, "lamda": 2.7685384652768654}, "datetime": {"datetime": "2021-09-15 14:30:30", "elapsed": 605.625142, "delta": 17.115784}}
{"target": -23.62066747721856, "params": {"C": 40.906241889284104, "epsilon": 14.75833527178843, "gamma": 0.040184380553293805, "lamda": 3.835050638191909}, "datetime": {"datetime": "2021-09-15 14:30:48", "elapsed": 624.479281, "delta": 18.854139}}
{"target": -16.524019091427203, "params": {"C": 27.58825629972118, "epsilon": 7.604636597818836, "gamma": 0.18123658230145392, "lamda": 2.844188140066938}, "datetime": {"datetime": "2021-09-15 14:31:06", "elapsed": 642.441814, "delta": 17.962533}}
{"target": -17.613866052244745, "params": {"C": 31.997810762955893, "epsilon": 10.325872340781078, "gamma": 0.16194208310014746, "lamda": 4.104653576102535}, "datetime": {"datetime": "2021-09-15 14:31:24", "elapsed": 660.022544, "delta": 17.58073}}
{"target": -18.919637034514952, "params": {"C": 47.57457633571599, "epsilon": 13.687443673712952, "gamma": 0.1887601894281282, "lamda": 3.602069625513379}, "datetime": {"datetime": "2021-09-15 14:31:42", "elapsed": 677.59442, "delta": 17.571876}}
{"target": -19.758596954205046, "params": {"C": 28.767295987920956, "epsilon": 14.167033031197183, "gamma": 0.19125835510207076, "lamda": 4.03805336492862}, "datetime": {"datetime": "2021-09-15 14:32:00", "elapsed": 695.517874, "delta": 17.923454}}
{"target": -23.095913706050144, "params": {"C": 27.255334906596488, "epsilon": 14.14383471889301, "gamma": 0.09489888120340842, "lamda": 1.8022517344643798}, "datetime": {"datetime": "2021-09-15 14:32:17", "elapsed": 713.197497, "delta": 17.679623}}
{"target": -15.542592029158504, "params": {"C": 30.11473892120403, "epsilon": 10.182899096000995, "gamma": 0.23292320619405354, "lamda": 3.5402147299788367}, "datetime": {"datetime": "2021-09-15 14:32:35", "elapsed": 730.714683, "delta": 17.517186}}
{"target": -13.799076815455336, "params": {"C": 37.57327270127894, "epsilon": 1.8791863134193085, "gamma": 0.16989174584462363, "lamda": 1.6557957534456613}, "datetime": {"datetime": "2021-09-15 14:32:52", "elapsed": 748.403286, "delta": 17.688603}}
{"target": -14.320116036681108, "params": {"C": 29.74941740905392, "epsilon": 6.271409869508191, "gamma": 0.2062506481157511, "lamda": 2.110800406522558}, "datetime": {"datetime": "2021-09-15 14:33:10", "elapsed": 765.895696, "delta": 17.49241}}
{"target": -17.293204207639153, "params": {"C": 48.65134263982068, "epsilon": 10.229914755417221, "gamma": 0.14873808601361477, "lamda": 3.6230950169802925}, "datetime": {"datetime": "2021-09-15 14:33:28", "elapsed": 783.926045, "delta": 18.030349}}
{"target": -18.12417850093404, "params": {"C": 49.661087639445284, "epsilon": 9.660952360152018, "gamma": 0.022043765453868054, "lamda": 0.8177846208718922}, "datetime": {"datetime": "2021-09-15 14:33:39", "elapsed": 794.529576, "delta": 10.603531}}
{"target": -17.856974337812886, "params": {"C": 30.001496193041177, "epsilon": 2.6322872138654927, "gamma": 0.104291069495525, "lamda": 4.33103598841471}, "datetime": {"datetime": "2021-09-15 14:33:56", "elapsed": 811.917594, "delta": 17.388018}}
{"target": -15.91283987421275, "params": {"C": 39.11843240634698, "epsilon": 1.768585778399828, "gamma": 0.1359249381497651, "lamda": 3.6475572810491874}, "datetime": {"datetime": "2021-09-15 14:34:13", "elapsed": 828.721764, "delta": 16.80417}}
{"target": -22.135973348512977, "params": {"C": 28.305699630659845, "epsilon": 12.726089089167735, "gamma": 0.10279339916240526, "lamda": 2.177770879810061}, "datetime": {"datetime": "2021-09-15 14:34:30", "elapsed": 846.455832, "delta": 17.734068}}
{"target": -19.98880761605495, "params": {"C": 42.28097345845271, "epsilon": 13.545770157660849, "gamma": 0.12815153396559, "lamda": 1.828548596054553}, "datetime": {"datetime": "2021-09-15 14:34:48", "elapsed": 864.056059, "delta": 17.600227}}
{"target": -17.713433937867286, "params": {"C": 38.22330344067759, "epsilon": 6.868036718180565, "gamma": 0.09717640156289323, "lamda": 0.8648706661515312}, "datetime": {"datetime": "2021-09-15 14:35:00", "elapsed": 876.284216, "delta": 12.228157}}
{"target": -13.465807491717852, "params": {"C": 47.274027949668735, "epsilon": 4.583809232301977, "gamma": 0.1351836030950796, "lamda": 1.0218863198057424}, "datetime": {"datetime": "2021-09-15 14:35:11", "elapsed": 886.673501, "delta": 10.389285}}
{"target": -12.130072368487944, "params": {"C": 25.029787114299737, "epsilon": 1.5589027988893231, "gamma": 0.21340624506796835, "lamda": 1.1351864611818736}, "datetime": {"datetime": "2021-09-15 14:35:27", "elapsed": 903.041808, "delta": 16.368307}}
{"target": -20.233429854508305, "params": {"C": 40.19310765535009, "epsilon": 4.306274365554463, "gamma": 0.06157424404756253, "lamda": 1.2907164925190622}, "datetime": {"datetime": "2021-09-15 14:35:38", "elapsed": 914.067944, "delta": 11.026136}}
{"target": -24.166200904899597, "params": {"C": 47.8716228716242, "epsilon": 14.578402101090472, "gamma": 0.062120013278566255, "lamda": 1.1230598751642373}, "datetime": {"datetime": "2021-09-15 14:35:56", "elapsed": 931.506283, "delta": 17.438339}}
{"target": -18.271208713996476, "params": {"C": 34.62177845224734, "epsilon": 12.238137779736913, "gamma": 0.1768347180800969, "lamda": 1.2190580399107236}, "datetime": {"datetime": "2021-09-15 14:36:12", "elapsed": 948.478029, "delta": 16.971746}}
{"target": -19.604287284410457, "params": {"C": 31.682579547916166, "epsilon": 12.231949041987582, "gamma": 0.15750737637074716, "lamda": 4.60140231177843}, "datetime": {"datetime": "2021-09-15 14:36:30", "elapsed": 965.827412, "delta": 17.349383}}
{"target": -16.646221160979426, "params": {"C": 40.20532283787729, "epsilon": 8.591391509585026, "gamma": 0.16475023397427452, "lamda": 4.961085350395815}, "datetime": {"datetime": "2021-09-15 14:36:47", "elapsed": 982.817879, "delta": 16.990467}}
{"target": -17.608721576126772, "params": {"C": 20.565663686677546, "epsilon": 7.1770683238859085, "gamma": 0.12672218281305692, "lamda": 1.0451227857325458}, "datetime": {"datetime": "2021-09-15 14:37:05", "elapsed": 1000.628271, "delta": 17.810392}}
{"target": -14.149322516933607, "params": {"C": 49.184578789111114, "epsilon": 8.083723783860066, "gamma": 0.2461077886073185, "lamda": 4.0635051183675035}, "datetime": {"datetime": "2021-09-15 14:37:22", "elapsed": 1017.939735, "delta": 17.311464}}
{"target": -12.825014438342649, "params": {"C": 34.56028203644746, "epsilon": 2.9978402760316887, "gamma": 0.20083554032134546, "lamda": 0.8660078805891325}, "datetime": {"datetime": "2021-09-15 14:37:39", "elapsed": 1035.441045, "delta": 17.50131}}
{"target": -20.82131702516477, "params": {"C": 42.913369112345244, "epsilon": 2.748551538228388, "gamma": 0.05430373626370313, "lamda": 4.758236113205404}, "datetime": {"datetime": "2021-09-15 14:37:50", "elapsed": 1045.57368, "delta": 10.132635}}
{"target": -20.871403865707197, "params": {"C": 21.361303998058094, "epsilon": 13.411503659461422, "gamma": 0.12618526285716794, "lamda": 4.938131665031609}, "datetime": {"datetime": "2021-09-15 14:38:06", "elapsed": 1061.941626, "delta": 16.367946}}
{"target": -22.11824861554897, "params": {"C": 38.77061452771808, "epsilon": 12.434287453035921, "gamma": 0.08200141691174574, "lamda": 2.2085287919602763}, "datetime": {"datetime": "2021-09-15 14:38:23", "elapsed": 1079.437914, "delta": 17.496288}}
{"target": -13.375250530610385, "params": {"C": 42.97603638876317, "epsilon": 4.081064951446449, "gamma": 0.17468995605443108, "lamda": 2.497564686125674}, "datetime": {"datetime": "2021-09-15 14:38:35", "elapsed": 1090.728242, "delta": 11.290328}}
{"target": -19.822975148629805, "params": {"C": 29.118612032649636, "epsilon": 14.807117633721177, "gamma": 0.1703549377965433, "lamda": 4.588008273837196}, "datetime": {"datetime": "2021-09-15 14:38:52", "elapsed": 1108.456101, "delta": 17.727859}}
{"target": -15.452742646762946, "params": {"C": 37.51869161323012, "epsilon": 9.164287030953414, "gamma": 0.21608986139905195, "lamda": 1.4320409349896455}, "datetime": {"datetime": "2021-09-15 14:39:09", "elapsed": 1125.055837, "delta": 16.599736}}
{"target": -11.08090552823569, "params": {"C": 33.8974745892447, "epsilon": 4.8196039672897255, "gamma": 0.20931537751084367, "lamda": 4.953162867122514}, "datetime": {"datetime": "2021-09-15 14:39:20", "elapsed": 1135.769171, "delta": 10.713334}}
{"target": -14.167082863046636, "params": {"C": 42.988946178109515, "epsilon": 5.754966197022239, "gamma": 0.1959223290437367, "lamda": 3.713590056239662}, "datetime": {"datetime": "2021-09-15 14:39:37", "elapsed": 1153.093204, "delta": 17.324033}}
{"target": -20.406433588263212, "params": {"C": 49.965944019829465, "epsilon": 8.772425766063416, "gamma": 0.1188460642078425, "lamda": 4.484791442085857}, "datetime": {"datetime": "2021-09-15 14:39:54", "elapsed": 1170.28319, "delta": 17.189986}}
{"target": -13.876654068038748, "params": {"C": 49.75549853126923, "epsilon": 3.9976890461332326, "gamma": 0.011115117314871635, "lamda": 2.960113267858748}, "datetime": {"datetime": "2021-09-15 14:40:11", "elapsed": 1186.947949, "delta": 16.664759}}
{"target": -12.477035725988387, "params": {"C": 34.94695545975621, "epsilon": 0.5234256144140497, "gamma": 0.20964497661229523, "lamda": 2.931531573416933}, "datetime": {"datetime": "2021-09-15 14:40:23", "elapsed": 1199.285339, "delta": 12.33739}}
{"target": -13.477001761909923, "params": {"C": 19.48151193904443, "epsilon": 2.276529853386285, "gamma": 0.16087630623639654, "lamda": 1.3575602499221036}, "datetime": {"datetime": "2021-09-15 14:40:40", "elapsed": 1216.354951, "delta": 17.069612}}
{"target": -15.655335896474663, "params": {"C": 48.367293554565805, "epsilon": 11.493012917142234, "gamma": 0.24992970918594656, "lamda": 2.0136701196934}, "datetime": {"datetime": "2021-09-15 14:40:57", "elapsed": 1232.759324, "delta": 16.404373}}
{"target": -18.97511201268483, "params": {"C": 16.610249120260065, "epsilon": 3.6437196647961794, "gamma": 0.08633659400584279, "lamda": 0.888479264828375}, "datetime": {"datetime": "2021-09-15 14:41:14", "elapsed": 1250.257357, "delta": 17.498033}}
{"target": -13.835226948012572, "params": {"C": 22.055010877567753, "epsilon": 3.308981734665579, "gamma": 0.2036234393144897, "lamda": 3.843003412046876}, "datetime": {"datetime": "2021-09-15 14:41:31", "elapsed": 1267.098522, "delta": 16.841165}}
{"target": -17.459926158056504, "params": {"C": 33.45548727137703, "epsilon": 12.12126147943044, "gamma": 0.1975209077960746, "lamda": 3.39448867431938}, "datetime": {"datetime": "2021-09-15 14:41:48", "elapsed": 1283.831668, "delta": 16.733146}}
{"target": -18.3446137725867, "params": {"C": 46.97307805280168, "epsilon": 10.77719961516355, "gamma": 0.13308122844814413, "lamda": 2.5779434571028306}, "datetime": {"datetime": "2021-09-15 14:42:05", "elapsed": 1301.138904, "delta": 17.307236}}
{"target": -18.635251776483063, "params": {"C": 17.420239332295303, "epsilon": 14.632068537249157, "gamma": 0.234341642268651, "lamda": 1.7501672433938809}, "datetime": {"datetime": "2021-09-15 14:42:24", "elapsed": 1320.307621, "delta": 19.168717}}
{"target": -14.96408400494983, "params": {"C": 45.121704956760325, "epsilon": 4.680569465447903, "gamma": 0.1695122126764151, "lamda": 4.5207861975917645}, "datetime": {"datetime": "2021-09-15 14:42:42", "elapsed": 1338.046072, "delta": 17.738451}}
{"target": -21.436854876917394, "params": {"C": 22.081507432531932, "epsilon": 12.024486368482007, "gamma": 0.10900166511867665, "lamda": 1.920499025602065}, "datetime": {"datetime": "2021-09-15 14:43:00", "elapsed": 1356.229318, "delta": 18.183246}}
{"target": -16.80588477073441, "params": {"C": 36.144199383173046, "epsilon": 10.35125255911326, "gamma": 0.16309092568238093, "lamda": 2.367923085309771}, "datetime": {"datetime": "2021-09-15 14:43:17", "elapsed": 1372.570863, "delta": 16.341545}}
{"target": -14.641338171133588, "params": {"C": 21.576604930149, "epsilon": 1.4663250214771006, "gamma": 0.14441870193839326, "lamda": 4.556498383164588}, "datetime": {"datetime": "2021-09-15 14:43:28", "elapsed": 1383.518928, "delta": 10.948065}}
{"target": -16.73034406723929, "params": {"C": 24.648248698826546, "epsilon": 5.894641052273281, "gamma": 0.14208583297089203, "lamda": 1.038362062652521}, "datetime": {"datetime": "2021-09-15 14:43:43", "elapsed": 1399.132723, "delta": 15.613795}}
{"target": -20.947695184212126, "params": {"C": 26.740570537248587, "epsilon": 5.689431089678989, "gamma": 0.05103445904591376, "lamda": 3.2396714123257095}, "datetime": {"datetime": "2021-09-15 14:43:54", "elapsed": 1409.958903, "delta": 10.82618}}
{"target": -22.7198880561827, "params": {"C": 41.6959389297816, "epsilon": 9.875184848905832, "gamma": 0.07481536847152447, "lamda": 3.5883346862187304}, "datetime": {"datetime": "2021-09-15 14:44:11", "elapsed": 1426.794364, "delta": 16.835461}}
{"target": -8.584808770057373, "params": {"C": 41.08142804882934, "epsilon": 1.7708851263916954, "gamma": 0.002796036249838511, "lamda": 3.1537265010589572}, "datetime": {"datetime": "2021-09-15 14:44:23", "elapsed": 1439.037665, "delta": 12.243301}}
{"target": -19.306590068567584, "params": {"C": 48.43185052420085, "epsilon": 9.500957886461094, "gamma": 0.11461142935915074, "lamda": 4.169122195758524}, "datetime": {"datetime": "2021-09-15 14:44:40", "elapsed": 1456.393688, "delta": 17.356023}}
{"target": -21.25493434209857, "params": {"C": 28.215429159362415, "epsilon": 13.481991318557013, "gamma": 0.09826205115799717, "lamda": 3.8728934846102274}, "datetime": {"datetime": "2021-09-15 14:44:57", "elapsed": 1472.882284, "delta": 16.488596}}
{"target": -17.90261613264893, "params": {"C": 23.34386726814671, "epsilon": 14.29787700442597, "gamma": 0.24256987053540896, "lamda": 2.925304141050037}, "datetime": {"datetime": "2021-09-15 14:45:14", "elapsed": 1490.071419, "delta": 17.189135}}
{"target": -18.09569835594013, "params": {"C": 33.97847878424279, "epsilon": 9.405070721114058, "gamma": 0.12455069278778355, "lamda": 1.3220720057023956}, "datetime": {"datetime": "2021-09-15 14:45:30", "elapsed": 1506.467901, "delta": 16.396482}}
{"target": -14.625176205620349, "params": {"C": 18.855110509248256, "epsilon": 7.307959214033262, "gamma": 0.2268751203063957, "lamda": 1.8004741417675239}, "datetime": {"datetime": "2021-09-15 14:45:49", "elapsed": 1524.842927, "delta": 18.375026}}
{"target": -20.246067899347587, "params": {"C": 40.23775306522919, "epsilon": 13.755126925790606, "gamma": 0.16047296546677645, "lamda": 1.5207284916877404}, "datetime": {"datetime": "2021-09-15 14:46:06", "elapsed": 1541.633973, "delta": 16.791046}}
{"target": -18.34678919511833, "params": {"C": 39.6753743406523, "epsilon": 7.337402512755779, "gamma": 0.12323494979109753, "lamda": 1.3903626307114283}, "datetime": {"datetime": "2021-09-15 14:46:24", "elapsed": 1559.885412, "delta": 18.251439}}
{"target": -16.220469978728076, "params": {"C": 29.784243117379432, "epsilon": 10.80202214719546, "gamma": 0.20996551096558594, "lamda": 2.3721915321640497}, "datetime": {"datetime": "2021-09-15 14:46:40", "elapsed": 1576.148119, "delta": 16.262707}}
{"target": -21.8472155104727, "params": {"C": 47.39553864550971, "epsilon": 10.80773413299688, "gamma": 0.04135324077126867, "lamda": 3.482110746798308}, "datetime": {"datetime": "2021-09-15 14:46:58", "elapsed": 1594.014199, "delta": 17.86608}}
{"target": -21.149212220667618, "params": {"C": 32.28478755963501, "epsilon": 7.647293774368299, "gamma": 0.04776976787856881, "lamda": 3.5055940312041134}, "datetime": {"datetime": "2021-09-15 14:47:16", "elapsed": 1611.980116, "delta": 17.965917}}
{"target": -9.493545289699117, "params": {"C": 21.815191889147865, "epsilon": 13.12436983483245, "gamma": 0.0014163912207044364, "lamda": 1.0401147304176304}, "datetime": {"datetime": "2021-09-15 14:47:33", "elapsed": 1629.219159, "delta": 17.239043}}
{"target": -2.290249124527097, "params": {"C": 32.42170751545764, "epsilon": 3.802784265148744, "gamma": 0.15567374042000304, "lamda": 4.215757010648908}, "datetime": {"datetime": "2021-09-15 14:47:34", "elapsed": 1630.040956, "delta": 0.821797}}
{"target": -2.2538224804123743, "params": {"C": 23.35781799676235, "epsilon": 4.592811069838445, "gamma": 0.1199458310619091, "lamda": 1.0791356865397197}, "datetime": {"datetime": "2021-09-15 14:47:35", "elapsed": 1630.77304, "delta": 0.732084}}
{"target": -19.444254006975264, "params": {"C": 27.42496526022401, "epsilon": 1.5918408701608708, "gamma": 0.08935450993064283, "lamda": 4.635480591611008}, "datetime": {"datetime": "2021-09-15 14:47:46", "elapsed": 1641.896761, "delta": 11.123721}}
{"target": -13.353468216206776, "params": {"C": 23.6095910154189, "epsilon": 3.0413026813878585, "gamma": 0.19964624046969098, "lamda": 4.354988341274093}, "datetime": {"datetime": "2021-09-15 14:48:03", "elapsed": 1658.735974, "delta": 16.839213}}
{"target": -18.718798211932253, "params": {"C": 20.519006135824064, "epsilon": 6.901292312109737, "gamma": 0.11099074341933166, "lamda": 0.7511965485518377}, "datetime": {"datetime": "2021-09-15 14:48:20", "elapsed": 1675.882902, "delta": 17.146928}}
{"target": -22.23769141280154, "params": {"C": 37.52089871565328, "epsilon": 11.98598986661793, "gamma": 0.07232020930339167, "lamda": 2.453268617885472}, "datetime": {"datetime": "2021-09-15 14:48:38", "elapsed": 1694.291923, "delta": 18.409021}}
{"target": -2.3108733638660413, "params": {"C": 29.67902933821445, "epsilon": 4.790632866869767, "gamma": 0.1657350080223363, "lamda": 3.037292599285845}, "datetime": {"datetime": "2021-09-15 14:48:39", "elapsed": 1695.114925, "delta": 0.823002}}
{"target": -23.567231955122484, "params": {"C": 29.592173325345684, "epsilon": 13.182629062395478, "gamma": 0.07017543313693166, "lamda": 3.4183980039010398}, "datetime": {"datetime": "2021-09-15 14:48:57", "elapsed": 1712.70502, "delta": 17.590095}}
{"target": -20.275672461138015, "params": {"C": 37.650281842050845, "epsilon": 13.062798254432984, "gamma": 0.1379609303474306, "lamda": 4.056638231364177}, "datetime": {"datetime": "2021-09-15 14:49:15", "elapsed": 1730.71969, "delta": 18.01467}}
{"target": -17.909190182769443, "params": {"C": 21.377931229352267, "epsilon": 6.969231694076162, "gamma": 0.12084430416303894, "lamda": 1.653012398170898}, "datetime": {"datetime": "2021-09-15 14:49:32", "elapsed": 1748.386919, "delta": 17.667229}}
{"target": -19.823901643214054, "params": {"C": 21.231038745545554, "epsilon": 8.970613318529596, "gamma": 0.10875241480104901, "lamda": 3.077741636789458}, "datetime": {"datetime": "2021-09-15 14:49:51", "elapsed": 1767.018799, "delta": 18.63188}}
{"target": -19.49291583522735, "params": {"C": 18.341024533269934, "epsilon": 1.4400856988700648, "gamma": 0.07853974135956479, "lamda": 4.644670687422753}, "datetime": {"datetime": "2021-09-15 14:50:09", "elapsed": 1785.063572, "delta": 18.044773}}
{"target": -20.61401628290765, "params": {"C": 45.94333990085707, "epsilon": 13.845137468025735, "gamma": 0.13235299810887505, "lamda": 4.582916957208793}, "datetime": {"datetime": "2021-09-15 14:50:26", "elapsed": 1802.025695, "delta": 16.962123}}
{"target": -21.759395628950085, "params": {"C": 35.05248875591941, "epsilon": 13.288125353985592, "gamma": 0.11297295506558497, "lamda": 2.5853197637102934}, "datetime": {"datetime": "2021-09-15 14:50:43", "elapsed": 1819.156285, "delta": 17.13059}}
{"target": -22.725406909203105, "params": {"C": 19.563447222305633, "epsilon": 10.4289295689544, "gamma": 0.07811499112056203, "lamda": 0.5778615574721262}, "datetime": {"datetime": "2021-09-15 14:50:55", "elapsed": 1830.49376, "delta": 11.337475}}
{"target": -16.22567687004683, "params": {"C": 42.005418358023576, "epsilon": 7.714745525590562, "gamma": 0.14467674755315346, "lamda": 2.146168706959135}, "datetime": {"datetime": "2021-09-15 14:51:12", "elapsed": 1848.479036, "delta": 17.985276}}
{"target": -11.669381506498379, "params": {"C": 20.60957001372843, "epsilon": 1.2262652155233045, "gamma": 0.23318778092716494, "lamda": 2.120146859695603}, "datetime": {"datetime": "2021-09-15 14:51:23", "elapsed": 1859.182051, "delta": 10.703015}}
{"target": -2.56820196213483, "params": {"C": 17.54157230690124, "epsilon": 3.38859324718786, "gamma": 0.2345506894641471, "lamda": 3.172271332061818}, "datetime": {"datetime": "2021-09-15 14:51:24", "elapsed": 1860.078957, "delta": 0.896906}}
{"target": -18.92293490649062, "params": {"C": 35.39650251101838, "epsilon": 12.162933022854224, "gamma": 0.15968174554279294, "lamda": 4.263698603917638}, "datetime": {"datetime": "2021-09-15 14:51:42", "elapsed": 1877.537966, "delta": 17.459009}}
