{"target": -2.5425191469534107, "params": {"C": 16.89962485731288, "epsilon": 8.668424150167972, "gamma": 0.017543894422789932, "lamda": 0.07909018305212018}, "datetime": {"datetime": "2021-09-15 13:14:44", "elapsed": 875.661089, "delta": 1.217337}}
{"target": -20.360614271820555, "params": {"C": 26.18946178098858, "epsilon": 0.9100675106039766, "gamma": 0.06186907088355414, "lamda": 0.7004281474430766}, "datetime": {"datetime": "2021-09-15 13:14:55", "elapsed": 887.111035, "delta": 11.449946}}
{"target": -2.3190598134000915, "params": {"C": 17.593026116993336, "epsilon": 4.664824540385765, "gamma": 0.06656707574332137, "lamda": 0.9025362436883807}, "datetime": {"datetime": "2021-09-15 13:14:56", "elapsed": 888.06719, "delta": 0.956155}}
{"target": -19.346945470513553, "params": {"C": 11.596534215829001, "epsilon": 6.613514598136287, "gamma": 0.1040340777161764, "lamda": 0.764600819789739}, "datetime": {"datetime": "2021-09-15 13:15:14", "elapsed": 906.437933, "delta": 18.370743}}
{"target": -13.666075958855135, "params": {"C": 29.405409509193497, "epsilon": 4.2100678884586555, "gamma": 0.010399444387706042, "lamda": 0.14816860670966495}, "datetime": {"datetime": "2021-09-15 13:15:33", "elapsed": 924.610211, "delta": 18.172278}}
{"target": -12.111772177735526, "params": {"C": 15.327726469843812, "epsilon": 6.864735560444887, "gamma": 0.32906230237692996, "lamda": 0.8492314309794049}, "datetime": {"datetime": "2021-09-15 13:15:50", "elapsed": 941.975757, "delta": 17.365546}}
{"target": -21.08147725882377, "params": {"C": 19.395509113135038, "epsilon": 0.5537483640578916, "gamma": 0.061008797477748906, "lamda": 0.8733627132011945}, "datetime": {"datetime": "2021-09-15 13:16:08", "elapsed": 959.698166, "delta": 17.722409}}
{"target": -3.432745140093009, "params": {"C": 9.578436965053852, "epsilon": 0.8776873460325824, "gamma": 0.475723908601414, "lamda": 0.9214044743152683}, "datetime": {"datetime": "2021-09-15 13:16:09", "elapsed": 960.850948, "delta": 1.152782}}
{"target": -3.1588220188081686, "params": {"C": 2.2821347103434952, "epsilon": 5.9665270650562485, "gamma": 0.06287612384538237, "lamda": 0.27127431124900436}, "datetime": {"datetime": "2021-09-15 13:16:10", "elapsed": 961.917527, "delta": 1.066579}}
{"target": -3.580407728255219, "params": {"C": 6.61185613585113, "epsilon": 5.717608216598903, "gamma": 0.4239712366359143, "lamda": 0.26291573484153874}, "datetime": {"datetime": "2021-09-15 13:16:11", "elapsed": 962.950332, "delta": 1.032805}}
{"target": -3.17918250226957, "params": {"C": 8.455433778730034, "epsilon": 0.9519595179940232, "gamma": 0.3115550631536711, "lamda": 0.060527230412233984}, "datetime": {"datetime": "2021-09-15 13:16:12", "elapsed": 963.942037, "delta": 0.991705}}
{"target": -2.596766905588939, "params": {"C": 7.790565514212079, "epsilon": 2.306274133102006, "gamma": 0.06406589500846502, "lamda": 0.04876786171266907}, "datetime": {"datetime": "2021-09-15 13:16:13", "elapsed": 965.0424, "delta": 1.100363}}
{"target": -2.719376198868545, "params": {"C": 17.25248593770552, "epsilon": 3.892024768661152, "gamma": 0.3070895227156278, "lamda": 0.49539185448777756}, "datetime": {"datetime": "2021-09-15 13:16:14", "elapsed": 966.229316, "delta": 1.186916}}
{"target": -2.495644341481111, "params": {"C": 23.215492541354326, "epsilon": 0.976551515569894, "gamma": 0.2908174919894869, "lamda": 0.15312891976064452}, "datetime": {"datetime": "2021-09-15 13:16:15", "elapsed": 967.265402, "delta": 1.036086}}
{"target": -2.9103184977111867, "params": {"C": 25.271428972429035, "epsilon": 8.117100003404715, "gamma": 0.49103247637129055, "lamda": 0.38927082430677956}, "datetime": {"datetime": "2021-09-15 13:16:17", "elapsed": 968.701665, "delta": 1.436263}}
{"target": -2.8406808492531503, "params": {"C": 27.461930094887194, "epsilon": 2.2891831496994546, "gamma": 0.4801622363897355, "lamda": 0.378747433348712}, "datetime": {"datetime": "2021-09-15 13:16:18", "elapsed": 969.714095, "delta": 1.01243}}
{"target": -3.648397622609297, "params": {"C": 9.612115403665207, "epsilon": 6.650593134246292, "gamma": 0.0034153451398086436, "lamda": 0.0782078909612028}, "datetime": {"datetime": "2021-09-15 13:16:19", "elapsed": 970.769753, "delta": 1.055658}}
{"target": -3.0174935962730913, "params": {"C": 14.284143601848314, "epsilon": 7.357815226759412, "gamma": 0.3889389961981865, "lamda": 0.5496729310896995}, "datetime": {"datetime": "2021-09-15 13:16:20", "elapsed": 971.760513, "delta": 0.99076}}
{"target": -3.3176161962410626, "params": {"C": 12.019957610190849, "epsilon": 1.1024052861096776, "gamma": 0.4945686379278761, "lamda": 0.5233598227753106}, "datetime": {"datetime": "2021-09-15 13:16:21", "elapsed": 972.72801, "delta": 0.967497}}
{"target": -2.784330987156297, "params": {"C": 22.513188776868006, "epsilon": 0.9975549109927693, "gamma": 0.4322595108328747, "lamda": 0.5326449385723049}, "datetime": {"datetime": "2021-09-15 13:16:22", "elapsed": 973.74942, "delta": 1.02141}}
{"target": -3.338200763123881, "params": {"C": 5.610831119432609, "epsilon": 4.81273673433819, "gamma": 0.2635086845695963, "lamda": 0.7218246212515852}, "datetime": {"datetime": "2021-09-15 13:16:23", "elapsed": 974.911464, "delta": 1.162044}}
{"target": -3.2628630860945087, "params": {"C": 12.868610750409735, "epsilon": 1.108003142798588, "gamma": 0.4906892183035752, "lamda": 0.9593634152035174}, "datetime": {"datetime": "2021-09-15 13:16:24", "elapsed": 975.927036, "delta": 1.015572}}
{"target": -4.477929276024664, "params": {"C": 1.4720609361216501, "epsilon": 6.970255840959666, "gamma": 0.2502106455881932, "lamda": 0.07314321896010453}, "datetime": {"datetime": "2021-09-15 13:16:25", "elapsed": 977.066085, "delta": 1.139049}}
{"target": -14.318565780563247, "params": {"C": 11.974979885074466, "epsilon": 9.887707778524781, "gamma": 0.015262449403717165, "lamda": 0.2746410387652057}, "datetime": {"datetime": "2021-09-15 13:16:40", "elapsed": 991.855528, "delta": 14.789443}}
{"target": -2.612868410233871, "params": {"C": 23.726663153003443, "epsilon": 0.10173592663877555, "gamma": 0.3579445650586262, "lamda": 0.6796431242259462}, "datetime": {"datetime": "2021-09-15 13:16:41", "elapsed": 993.088116, "delta": 1.232588}}
{"target": -16.244687176850903, "params": {"C": 10.153850245261264, "epsilon": 5.201988141437221, "gamma": 0.14068924710663303, "lamda": 0.7350844663612572}, "datetime": {"datetime": "2021-09-15 13:16:59", "elapsed": 1010.691545, "delta": 17.603429}}
{"target": -3.505395161076634, "params": {"C": 7.107476424014099, "epsilon": 3.0386333291088183, "gamma": 0.41319229424871384, "lamda": 0.7089372374725027}, "datetime": {"datetime": "2021-09-15 13:17:00", "elapsed": 1011.740268, "delta": 1.048723}}
{"target": -3.3922409909018794, "params": {"C": 10.84951063600595, "epsilon": 1.177386316365445, "gamma": 0.49561259941420654, "lamda": 0.035986213875461595}, "datetime": {"datetime": "2021-09-15 13:17:01", "elapsed": 1012.783173, "delta": 1.042905}}
{"target": -16.379816931450392, "params": {"C": 17.504702151355147, "epsilon": 1.6656705207322322, "gamma": 0.10482334733989634, "lamda": 0.8606807738193348}, "datetime": {"datetime": "2021-09-15 13:17:21", "elapsed": 1033.273322, "delta": 20.490149}}
{"target": -3.53625645662774, "params": {"C": 8.433497536899065, "epsilon": 8.70055770791545, "gamma": 0.4982189626261543, "lamda": 0.5986515161851256}, "datetime": {"datetime": "2021-09-15 13:17:22", "elapsed": 1034.380196, "delta": 1.106874}}
{"target": -19.175036465200726, "params": {"C": 17.934103024033675, "epsilon": 9.038591694347886, "gamma": 0.11424874253921549, "lamda": 0.11579520557305698}, "datetime": {"datetime": "2021-09-15 13:17:39", "elapsed": 1050.511743, "delta": 16.131547}}
{"target": -18.118665288038546, "params": {"C": 5.6092364830252, "epsilon": 4.059784804320195, "gamma": 0.11067631166166832, "lamda": 0.4514065326183845}, "datetime": {"datetime": "2021-09-15 13:17:58", "elapsed": 1069.733941, "delta": 19.222198}}
{"target": -3.164894403823415, "params": {"C": 11.565030335453885, "epsilon": 4.537089009007981, "gamma": 0.391527178431001, "lamda": 0.2285001695448335}, "datetime": {"datetime": "2021-09-15 13:17:59", "elapsed": 1071.437741, "delta": 1.7038}}
{"target": -3.677342155763906, "params": {"C": 3.6300956934001003, "epsilon": 1.1230948914581451, "gamma": 0.2658018244199268, "lamda": 0.047512141174237854}, "datetime": {"datetime": "2021-09-15 13:18:01", "elapsed": 1072.580156, "delta": 1.142415}}
{"target": -4.713973706737023, "params": {"C": 1.6822494518361244, "epsilon": 4.962053813111561, "gamma": 0.3404332384366141, "lamda": 0.5795387417737926}, "datetime": {"datetime": "2021-09-15 13:18:02", "elapsed": 1073.686517, "delta": 1.106361}}
{"target": -20.55498596078114, "params": {"C": 14.590505140265586, "epsilon": 4.781347658954678, "gamma": 0.0428835214157358, "lamda": 0.8754672813158633}, "datetime": {"datetime": "2021-09-15 13:18:14", "elapsed": 1085.862584, "delta": 12.176067}}
{"target": -2.662222099160257, "params": {"C": 19.58553885644615, "epsilon": 8.991328790869131, "gamma": 0.2889563268603329, "lamda": 0.4454508977294517}, "datetime": {"datetime": "2021-09-15 13:18:15", "elapsed": 1086.957931, "delta": 1.095347}}
{"target": -4.169249005931749, "params": {"C": 3.173549447381586, "epsilon": 8.084408778425798, "gamma": 0.3639302610317149, "lamda": 0.007879371774305612}, "datetime": {"datetime": "2021-09-15 13:18:16", "elapsed": 1088.022846, "delta": 1.064915}}
{"target": -3.7058344735025717, "params": {"C": 6.780212434070301, "epsilon": 0.9210830397537377, "gamma": 0.4765456141795833, "lamda": 0.22841683210574587}, "datetime": {"datetime": "2021-09-15 13:18:17", "elapsed": 1089.265707, "delta": 1.242861}}
{"target": -3.285287476592666, "params": {"C": 8.90313215826734, "epsilon": 5.222390862393414, "gamma": 0.376922983324834, "lamda": 0.42736473674119835}, "datetime": {"datetime": "2021-09-15 13:18:18", "elapsed": 1090.378226, "delta": 1.112519}}
{"target": -2.2785034537461013, "params": {"C": 27.259392408158444, "epsilon": 7.810020842850243, "gamma": 0.15580887300926863, "lamda": 0.19773440853231522}, "datetime": {"datetime": "2021-09-15 13:18:20", "elapsed": 1091.580413, "delta": 1.202187}}
{"target": -2.7610833861304522, "params": {"C": 27.969730373314995, "epsilon": 2.8396040184448466, "gamma": 0.42715684250827607, "lamda": 0.8758714990796705}, "datetime": {"datetime": "2021-09-15 13:18:21", "elapsed": 1092.585672, "delta": 1.005259}}
{"target": -10.843649639711316, "params": {"C": 18.167734405373466, "epsilon": 5.996106993998751, "gamma": 0.3911505604485706, "lamda": 0.9863350747775786}, "datetime": {"datetime": "2021-09-15 13:18:39", "elapsed": 1111.342547, "delta": 18.756875}}
{"target": -4.691328399232168, "params": {"C": 1.9060792670751006, "epsilon": 0.1417959766438769, "gamma": 0.3755879538116194, "lamda": 0.5245276389225613}, "datetime": {"datetime": "2021-09-15 13:18:40", "elapsed": 1112.364823, "delta": 1.022276}}
{"target": -12.909965605108844, "params": {"C": 21.5816478240268, "epsilon": 2.718536515550042, "gamma": 0.19341914886552183, "lamda": 0.8815357511628412}, "datetime": {"datetime": "2021-09-15 13:18:58", "elapsed": 1130.137778, "delta": 17.772955}}
{"target": -3.270462824733901, "params": {"C": 2.3147390306785414, "epsilon": 1.586125178478516, "gamma": 0.09309311892943128, "lamda": 0.36858527452566364}, "datetime": {"datetime": "2021-09-15 13:18:59", "elapsed": 1131.375666, "delta": 1.237888}}
{"target": -2.6867964332068874, "params": {"C": 25.26928035091495, "epsilon": 0.3188321319282895, "gamma": 0.00926459713379022, "lamda": 0.9659524444072215}, "datetime": {"datetime": "2021-09-15 13:19:01", "elapsed": 1132.526182, "delta": 1.150516}}
{"target": -2.734514571732798, "params": {"C": 24.24906481080281, "epsilon": 3.0309437434669406, "gamma": 0.4039820630133825, "lamda": 0.9466510309716966}, "datetime": {"datetime": "2021-09-15 13:19:02", "elapsed": 1133.599158, "delta": 1.072976}}
{"target": -2.8251134455965996, "params": {"C": 7.0040703363442836, "epsilon": 0.5358134201133442, "gamma": 0.13671748218391627, "lamda": 0.11557561617153211}, "datetime": {"datetime": "2021-09-15 13:19:03", "elapsed": 1134.627396, "delta": 1.028238}}
{"target": -2.5319673218747343, "params": {"C": 22.96534623908468, "epsilon": 5.767692440540135, "gamma": 0.29054700588449556, "lamda": 0.10843043459026519}, "datetime": {"datetime": "2021-09-15 13:19:04", "elapsed": 1135.905396, "delta": 1.278}}
{"target": -2.5746615339934604, "params": {"C": 10.24933618228497, "epsilon": 6.613905357535375, "gamma": 0.11173575849447201, "lamda": 0.13214668212307343}, "datetime": {"datetime": "2021-09-15 13:19:05", "elapsed": 1137.121645, "delta": 1.216249}}
{"target": -2.718938689656239, "params": {"C": 20.230511451833316, "epsilon": 2.3465600616303726, "gamma": 0.3685631532386182, "lamda": 0.42797157067553443}, "datetime": {"datetime": "2021-09-15 13:19:06", "elapsed": 1138.225638, "delta": 1.103993}}
{"target": -11.455784392188145, "params": {"C": 8.556177346639467, "epsilon": 4.525141531218704, "gamma": 0.26356958127843017, "lamda": 0.9494314609352941}, "datetime": {"datetime": "2021-09-15 13:19:19", "elapsed": 1150.804112, "delta": 12.578474}}
{"target": -2.85921388168738, "params": {"C": 27.7404069097879, "epsilon": 1.3874888885418752, "gamma": 0.4964439732062766, "lamda": 0.7077117145501965}, "datetime": {"datetime": "2021-09-15 13:19:20", "elapsed": 1152.016938, "delta": 1.212826}}
{"target": -2.9962787718943353, "params": {"C": 8.859719584722836, "epsilon": 8.610300234812021, "gamma": 0.2596667012174386, "lamda": 0.45109534021657455}, "datetime": {"datetime": "2021-09-15 13:19:21", "elapsed": 1153.34417, "delta": 1.327232}}
{"target": -19.660467165222272, "params": {"C": 19.544404884661137, "epsilon": 1.6231278801764488, "gamma": 0.02992589121332073, "lamda": 0.4970459232681873}, "datetime": {"datetime": "2021-09-15 13:19:28", "elapsed": 1160.175472, "delta": 6.831302}}
{"target": -5.143563650629558, "params": {"C": 0.9773371904291065, "epsilon": 3.6748754736609084, "gamma": 0.3268673744226161, "lamda": 0.7982680835864083}, "datetime": {"datetime": "2021-09-15 13:19:29", "elapsed": 1161.408044, "delta": 1.232572}}
{"target": -6.662236946878958, "params": {"C": 0.2043987066039522, "epsilon": 5.761779327217469, "gamma": 0.4104957137072325, "lamda": 0.8942052290802325}, "datetime": {"datetime": "2021-09-15 13:19:31", "elapsed": 1162.499276, "delta": 1.091232}}
{"target": -3.4057029809243993, "params": {"C": 8.100825907396453, "epsilon": 7.880959467020444, "gamma": 0.4037045972945914, "lamda": 0.6980531012030508}, "datetime": {"datetime": "2021-09-15 13:19:32", "elapsed": 1163.598726, "delta": 1.09945}}
{"target": -5.1088245223401625, "params": {"C": 1.4227047704837583, "epsilon": 3.583754981835014, "gamma": 0.43226055811106584, "lamda": 0.2598175416784897}, "datetime": {"datetime": "2021-09-15 13:19:33", "elapsed": 1164.734259, "delta": 1.135533}}
{"target": -3.146839350482241, "params": {"C": 13.523337725940204, "epsilon": 8.387760461977614, "gamma": 0.42882996234237275, "lamda": 0.1622011780846242}, "datetime": {"datetime": "2021-09-15 13:19:34", "elapsed": 1165.830089, "delta": 1.09583}}
{"target": -2.3614833237561244, "params": {"C": 28.4005981432414, "epsilon": 3.241908858211543, "gamma": 0.19408079186768526, "lamda": 0.09347481774801403}, "datetime": {"datetime": "2021-09-15 13:19:35", "elapsed": 1166.913194, "delta": 1.083105}}
{"target": -2.532574206837964, "params": {"C": 14.790837799223583, "epsilon": 5.657789739554951, "gamma": 0.16681535231910943, "lamda": 0.03433866527741923}, "datetime": {"datetime": "2021-09-15 13:19:36", "elapsed": 1168.079093, "delta": 1.165899}}
{"target": -2.882322823831641, "params": {"C": 22.751130261423256, "epsilon": 7.736362879575345, "gamma": 0.44001810178822115, "lamda": 0.16626744382535982}, "datetime": {"datetime": "2021-09-15 13:19:37", "elapsed": 1169.211496, "delta": 1.132403}}
{"target": -2.6719253833020873, "params": {"C": 16.435658950313567, "epsilon": 4.7435842614274675, "gamma": 0.2721300387744506, "lamda": 0.0939130652885485}, "datetime": {"datetime": "2021-09-15 13:19:38", "elapsed": 1170.286658, "delta": 1.075162}}
{"target": -3.1617758103656244, "params": {"C": 5.7664680986741885, "epsilon": 5.057175350576998, "gamma": 0.20536352292709217, "lamda": 0.13253773974883223}, "datetime": {"datetime": "2021-09-15 13:19:40", "elapsed": 1171.709733, "delta": 1.423075}}
{"target": -21.80159470354309, "params": {"C": 14.82308266336958, "epsilon": 9.756800590154924, "gamma": 0.08566263628882254, "lamda": 0.3458444457091796}, "datetime": {"datetime": "2021-09-15 13:20:00", "elapsed": 1192.323092, "delta": 20.613359}}
{"target": -19.565262662323633, "params": {"C": 5.291811839737028, "epsilon": 6.870406588602602, "gamma": 0.10802396584394082, "lamda": 0.7530089935028053}, "datetime": {"datetime": "2021-09-15 13:20:19", "elapsed": 1211.27694, "delta": 18.953848}}
{"target": -2.314448419041818, "params": {"C": 24.011291897557186, "epsilon": 8.790701460986908, "gamma": 0.15716309127018274, "lamda": 0.310047291438535}, "datetime": {"datetime": "2021-09-15 13:20:21", "elapsed": 1212.674134, "delta": 1.397194}}
{"target": -13.38173847752214, "params": {"C": 8.04437009458281, "epsilon": 8.145399837758097, "gamma": 0.2654581058435087, "lamda": 0.7214185011082297}, "datetime": {"datetime": "2021-09-15 13:20:40", "elapsed": 1231.725602, "delta": 19.051468}}
{"target": -2.9793304561189586, "params": {"C": 10.24526870150314, "epsilon": 8.169096993267011, "gamma": 0.26865724174071376, "lamda": 0.10982269698873418}, "datetime": {"datetime": "2021-09-15 13:20:41", "elapsed": 1233.230742, "delta": 1.50514}}
{"target": -2.842906588024661, "params": {"C": 19.330567134211474, "epsilon": 0.7772025981783094, "gamma": 0.41519173284254957, "lamda": 0.6652386023350337}, "datetime": {"datetime": "2021-09-15 13:20:43", "elapsed": 1234.740735, "delta": 1.509993}}
{"target": -3.3756435297902114, "params": {"C": 7.625364515128829, "epsilon": 1.8597311188253582, "gamma": 0.37235825013420054, "lamda": 0.6963549951134231}, "datetime": {"datetime": "2021-09-15 13:20:44", "elapsed": 1235.991249, "delta": 1.250514}}
{"target": -3.0628499023612092, "params": {"C": 2.6012953437987676, "epsilon": 7.697570841739106, "gamma": 0.04699834691104462, "lamda": 0.4568525780009504}, "datetime": {"datetime": "2021-09-15 13:20:45", "elapsed": 1237.345429, "delta": 1.35418}}
{"target": -2.8967811545508226, "params": {"C": 9.948383213424195, "epsilon": 5.4171800360432885, "gamma": 0.23745689975312648, "lamda": 0.0026051147097409183}, "datetime": {"datetime": "2021-09-15 13:20:47", "elapsed": 1238.748353, "delta": 1.402924}}
{"target": -19.86133122274103, "params": {"C": 22.14541967201548, "epsilon": 0.8497426073722812, "gamma": 0.0722035636834742, "lamda": 0.37817578284176684}, "datetime": {"datetime": "2021-09-15 13:21:06", "elapsed": 1257.454756, "delta": 18.706403}}
{"target": -2.5099210709973865, "params": {"C": 12.68396272725658, "epsilon": 0.284019330644616, "gamma": 0.12030305615210841, "lamda": 0.6529748955555427}, "datetime": {"datetime": "2021-09-15 13:21:07", "elapsed": 1258.958238, "delta": 1.503482}}
{"target": -2.3262836020511437, "params": {"C": 21.779642545041824, "epsilon": 3.4666449411062845, "gamma": 0.15047378323801083, "lamda": 0.796833383208622}, "datetime": {"datetime": "2021-09-15 13:21:09", "elapsed": 1260.682266, "delta": 1.724028}}
{"target": -2.4482901934883143, "params": {"C": 19.191550818998248, "epsilon": 2.818322630758786, "gamma": 0.18496459352772623, "lamda": 0.7462916564831663}, "datetime": {"datetime": "2021-09-15 13:21:10", "elapsed": 1261.932071, "delta": 1.249805}}
{"target": -3.8107671999986517, "params": {"C": 6.159911697737439, "epsilon": 4.584462456608058, "gamma": 0.49423124732056933, "lamda": 0.9374904169056684}, "datetime": {"datetime": "2021-09-15 13:21:11", "elapsed": 1263.075735, "delta": 1.143664}}
{"target": -3.993906712075793, "params": {"C": 4.407716112411716, "epsilon": 9.82310302797904, "gamma": 0.4458226341581269, "lamda": 0.36841249675646814}, "datetime": {"datetime": "2021-09-15 13:21:13", "elapsed": 1264.47145, "delta": 1.395715}}
{"target": -3.230269576100107, "params": {"C": 12.354855985100237, "epsilon": 8.023295995190786, "gamma": 0.4336130278054956, "lamda": 0.1912816125469142}, "datetime": {"datetime": "2021-09-15 13:21:14", "elapsed": 1266.092191, "delta": 1.620741}}
{"target": -12.050164560285827, "params": {"C": 16.72574595941441, "epsilon": 8.072389212334231, "gamma": 0.3852655196830596, "lamda": 0.5442443884170247}, "datetime": {"datetime": "2021-09-15 13:21:34", "elapsed": 1285.673356, "delta": 19.581165}}
{"target": -3.08974657726685, "params": {"C": 10.767405848559907, "epsilon": 7.255075043708029, "gamma": 0.32817042943682384, "lamda": 0.03705066256276875}, "datetime": {"datetime": "2021-09-15 13:21:35", "elapsed": 1287.082326, "delta": 1.40897}}
{"target": -2.991899798908128, "params": {"C": 9.42136317576008, "epsilon": 5.527541519763017, "gamma": 0.26646785779565, "lamda": 0.5726060833349499}, "datetime": {"datetime": "2021-09-15 13:21:36", "elapsed": 1288.449319, "delta": 1.366993}}
{"target": -20.0237252825873, "params": {"C": 14.369954110230607, "epsilon": 7.643836020229441, "gamma": 0.06619283248591247, "lamda": 0.2017254752358363}, "datetime": {"datetime": "2021-09-15 13:21:50", "elapsed": 1301.532933, "delta": 13.083614}}
{"target": -4.509523848871426, "params": {"C": 2.3097163133551546, "epsilon": 2.4637234166099917, "gamma": 0.36997374113314885, "lamda": 0.002424942172477646}, "datetime": {"datetime": "2021-09-15 13:21:51", "elapsed": 1302.854797, "delta": 1.321864}}
{"target": -15.948591672469714, "params": {"C": 9.069031779096333, "epsilon": 4.621642858024549, "gamma": 0.1469743794662464, "lamda": 0.7554659850680423}, "datetime": {"datetime": "2021-09-15 13:22:10", "elapsed": 1321.839293, "delta": 18.984496}}
