{"target": -2.4317460076353816, "params": {"C": 28.655916682157176, "epsilon": 6.334094133390526, "gamma": 0.22916868161920548, "lamda": 0.8153789518975441}, "datetime": {"datetime": "2021-09-15 13:07:23", "elapsed": 434.895048, "delta": 0.695002}}
{"target": -15.132482654452696, "params": {"C": 11.32813312433466, "epsilon": 8.988027948146648, "gamma": 0.1964633828486706, "lamda": 0.7495569322803926}, "datetime": {"datetime": "2021-09-15 13:07:42", "elapsed": 453.584099, "delta": 18.689051}}
{"target": -3.659158320803182, "params": {"C": 7.152647833632377, "epsilon": 9.531933606724133, "gamma": 0.48513676782973564, "lamda": 0.5390025801413183}, "datetime": {"datetime": "2021-09-15 13:07:42", "elapsed": 454.305099, "delta": 0.721}}
{"target": -2.6351542191465764, "params": {"C": 16.267725287099985, "epsilon": 6.270171487460463, "gamma": 0.24905118577276109, "lamda": 0.18276439966707228}, "datetime": {"datetime": "2021-09-15 13:07:43", "elapsed": 454.977099, "delta": 0.672}}
{"target": -4.364170199174335, "params": {"C": 3.305270290483956, "epsilon": 4.872143754991572, "gamma": 0.4537409869594526, "lamda": 0.2890653543007438}, "datetime": {"datetime": "2021-09-15 13:07:44", "elapsed": 455.705701, "delta": 0.728602}}
{"target": -2.6884268113746566, "params": {"C": 21.632638691537444, "epsilon": 9.17011228288421, "gamma": 0.3209101057896821, "lamda": 0.2269058708530159}, "datetime": {"datetime": "2021-09-15 13:07:44", "elapsed": 456.434292, "delta": 0.728591}}
{"target": -2.472483049030253, "params": {"C": 21.15061585272081, "epsilon": 4.8917719664674335, "gamma": 0.24641917327158722, "lamda": 0.19793857654407937}, "datetime": {"datetime": "2021-09-15 13:07:45", "elapsed": 457.133295, "delta": 0.699003}}
{"target": -3.163738301000894, "params": {"C": 12.672785979379016, "epsilon": 7.201441392746678, "gamma": 0.41991500172747664, "lamda": 0.4161009584468518}, "datetime": {"datetime": "2021-09-15 13:07:46", "elapsed": 457.875591, "delta": 0.742296}}
{"target": -19.881700555599807, "params": {"C": 27.767678966475593, "epsilon": 7.205249256339476, "gamma": 0.08262298944200563, "lamda": 0.6627250079385841}, "datetime": {"datetime": "2021-09-15 13:08:05", "elapsed": 476.722873, "delta": 18.847282}}
{"target": -19.157035626193835, "params": {"C": 14.816038342899727, "epsilon": 5.098359253944171, "gamma": 0.095458611294504, "lamda": 0.667942993733554}, "datetime": {"datetime": "2021-09-15 13:08:23", "elapsed": 494.603312, "delta": 17.880439}}
{"target": -4.059535405272398, "params": {"C": 5.842398328072767, "epsilon": 8.749621573337533, "gamma": 0.0027333092086040327, "lamda": 0.12011349309879746}, "datetime": {"datetime": "2021-09-15 13:08:23", "elapsed": 495.383313, "delta": 0.780001}}
{"target": -2.80815990428611, "params": {"C": 14.933394393034677, "epsilon": 2.535438353705066, "gamma": 0.31130973523793326, "lamda": 0.8257412077661874}, "datetime": {"datetime": "2021-09-15 13:08:24", "elapsed": 496.057763, "delta": 0.67445}}
{"target": -3.130637142102674, "params": {"C": 7.164605202424962, "epsilon": 3.0621053328431627, "gamma": 0.23983961963924913, "lamda": 0.1287839495491257}, "datetime": {"datetime": "2021-09-15 13:08:25", "elapsed": 496.799426, "delta": 0.741663}}
{"target": -2.708122475673044, "params": {"C": 10.650615224041715, "epsilon": 1.061525225730952, "gamma": 0.17864473595169406, "lamda": 0.9190037874559659}, "datetime": {"datetime": "2021-09-15 13:08:26", "elapsed": 497.576127, "delta": 0.776701}}
{"target": -3.4517009394556326, "params": {"C": 7.380403453472901, "epsilon": 2.0278008874723112, "gamma": 0.39927233137574436, "lamda": 0.8566784094311034}, "datetime": {"datetime": "2021-09-15 13:08:26", "elapsed": 498.263791, "delta": 0.687664}}
{"target": -3.315237150628564, "params": {"C": 4.731419001959605, "epsilon": 4.60104152468733, "gamma": 0.22192586088564983, "lamda": 0.05591587308821834}, "datetime": {"datetime": "2021-09-15 13:08:27", "elapsed": 498.981798, "delta": 0.718007}}
{"target": -17.384101785203406, "params": {"C": 19.303984016310938, "epsilon": 7.990726893547082, "gamma": 0.14456931825036212, "lamda": 0.43411628689415194}, "datetime": {"datetime": "2021-09-15 13:08:45", "elapsed": 516.823256, "delta": 17.841458}}
{"target": -2.955585308046294, "params": {"C": 12.58260574620272, "epsilon": 3.1939821345310215, "gamma": 0.3314362965600877, "lamda": 0.5638864155613147}, "datetime": {"datetime": "2021-09-15 13:08:46", "elapsed": 517.582908, "delta": 0.759652}}
{"target": -17.563387846956946, "params": {"C": 12.508160216772719, "epsilon": 8.788459763643734, "gamma": 0.14027890766367399, "lamda": 0.648568036466811}, "datetime": {"datetime": "2021-09-15 13:09:03", "elapsed": 535.428634, "delta": 17.845726}}
{"target": -13.724836873646197, "params": {"C": 19.41488014227666, "epsilon": 8.708575221419787, "gamma": 0.27587702713357565, "lamda": 0.7903850150091203}, "datetime": {"datetime": "2021-09-15 13:09:22", "elapsed": 553.498795, "delta": 18.070161}}
{"target": -3.3052380866420896, "params": {"C": 5.467615969981104, "epsilon": 4.646332936133578, "gamma": 0.24163692537456247, "lamda": 0.2562993548735735}, "datetime": {"datetime": "2021-09-15 13:09:22", "elapsed": 554.208653, "delta": 0.709858}}
{"target": -3.2469968627581314, "params": {"C": 5.341712323646314, "epsilon": 5.980542874323452, "gamma": 0.21744830795936132, "lamda": 0.5728741916946176}, "datetime": {"datetime": "2021-09-15 13:09:23", "elapsed": 555.064388, "delta": 0.855735}}
{"target": -3.415509074045897, "params": {"C": 2.8646398563875635, "epsilon": 0.9603584840990586, "gamma": 0.15701087117105414, "lamda": 0.9210458267453357}, "datetime": {"datetime": "2021-09-15 13:09:24", "elapsed": 555.949279, "delta": 0.884891}}
{"target": -14.021142912750248, "params": {"C": 26.52297867673746, "epsilon": 9.230117310673334, "gamma": 0.2646589185859409, "lamda": 0.9073241478917939}, "datetime": {"datetime": "2021-09-15 13:09:42", "elapsed": 574.052346, "delta": 18.103067}}
{"target": -14.954888205437705, "params": {"C": 17.18827457682361, "epsilon": 8.858788280185475, "gamma": 0.2258910773800957, "lamda": 0.4634580514964272}, "datetime": {"datetime": "2021-09-15 13:10:00", "elapsed": 592.032976, "delta": 17.98063}}
{"target": -3.2092635033831662, "params": {"C": 3.912395806341334, "epsilon": 6.952721298751587, "gamma": 0.15616120072496578, "lamda": 0.017400838070306453}, "datetime": {"datetime": "2021-09-15 13:10:01", "elapsed": 592.8703, "delta": 0.837324}}
{"target": -2.523625447633529, "params": {"C": 23.147729866352837, "epsilon": 5.143325589064607, "gamma": 0.28931134894686444, "lamda": 0.36587868668631984}, "datetime": {"datetime": "2021-09-15 13:10:02", "elapsed": 593.589958, "delta": 0.719658}}
{"target": -4.010075451854593, "params": {"C": 4.80904259548112, "epsilon": 0.8178162470843072, "gamma": 0.4663688342756693, "lamda": 0.36009663222436294}, "datetime": {"datetime": "2021-09-15 13:10:02", "elapsed": 594.342616, "delta": 0.752658}}
{"target": -4.829396920949105, "params": {"C": 2.1794179324208667, "epsilon": 2.259320213256311, "gamma": 0.46909519673120104, "lamda": 0.593878689984136}, "datetime": {"datetime": "2021-09-15 13:10:03", "elapsed": 595.1588, "delta": 0.816184}}
{"target": -12.583376199786432, "params": {"C": 17.483133680801153, "epsilon": 8.108685065372317, "gamma": 0.3193273493270996, "lamda": 0.8363938297904993}, "datetime": {"datetime": "2021-09-15 13:10:21", "elapsed": 612.813452, "delta": 17.654652}}
{"target": -2.8221092079066956, "params": {"C": 17.136502580397877, "epsilon": 7.914502225529846, "gamma": 0.34106103782436825, "lamda": 0.6245170802148227}, "datetime": {"datetime": "2021-09-15 13:10:22", "elapsed": 613.676161, "delta": 0.862709}}
{"target": -3.454413005302616, "params": {"C": 7.520996357662105, "epsilon": 7.522984126890635, "gamma": 0.41322452993182024, "lamda": 0.6215446916614553}, "datetime": {"datetime": "2021-09-15 13:10:22", "elapsed": 614.410455, "delta": 0.734294}}
{"target": -4.09691240128529, "params": {"C": 1.5482381097945328, "epsilon": 2.8750303013780085, "gamma": 0.18856893395504884, "lamda": 0.5564692769749296}, "datetime": {"datetime": "2021-09-15 13:10:23", "elapsed": 615.122787, "delta": 0.712332}}
{"target": -17.733464466321728, "params": {"C": 10.06467060723715, "epsilon": 7.115137080489435, "gamma": 0.11819113401366269, "lamda": 0.8621658064835979}, "datetime": {"datetime": "2021-09-15 13:10:41", "elapsed": 632.79263, "delta": 17.669843}}
{"target": -2.8091132295405368, "params": {"C": 17.181529543105565, "epsilon": 6.098508583048872, "gamma": 0.34539355261224086, "lamda": 0.7197432306042455}, "datetime": {"datetime": "2021-09-15 13:10:42", "elapsed": 633.512359, "delta": 0.719729}}
{"target": -2.877937905773496, "params": {"C": 29.138497384742365, "epsilon": 4.681060740359194, "gamma": 0.4846477780887896, "lamda": 0.7695183220610443}, "datetime": {"datetime": "2021-09-15 13:10:42", "elapsed": 634.210123, "delta": 0.697764}}
{"target": -2.833224736210166, "params": {"C": 21.885631281245136, "epsilon": 6.277471680383164, "gamma": 0.419418167026385, "lamda": 0.7582594755379823}, "datetime": {"datetime": "2021-09-15 13:10:43", "elapsed": 635.022658, "delta": 0.812535}}
{"target": -2.672071741972136, "params": {"C": 21.914001290770987, "epsilon": 2.4794904916322977, "gamma": 0.3715165498484259, "lamda": 0.043537085613381266}, "datetime": {"datetime": "2021-09-15 13:10:44", "elapsed": 635.960568, "delta": 0.93791}}
{"target": -19.461571805177435, "params": {"C": 27.170980079627395, "epsilon": 2.8816104314883475, "gamma": 0.027681389075610657, "lamda": 0.9345582670334001}, "datetime": {"datetime": "2021-09-15 13:11:01", "elapsed": 653.094054, "delta": 17.133486}}
{"target": -18.03447255631861, "params": {"C": 23.438115966978106, "epsilon": 3.3015496009770113, "gamma": 0.10184759616259599, "lamda": 0.9442967450861819}, "datetime": {"datetime": "2021-09-15 13:11:18", "elapsed": 669.483216, "delta": 16.389162}}
{"target": -2.6772629527225256, "params": {"C": 22.460571839203094, "epsilon": 6.27792268007071, "gamma": 0.35110924014672495, "lamda": 0.9252029452496582}, "datetime": {"datetime": "2021-09-15 13:11:18", "elapsed": 670.343429, "delta": 0.860213}}
{"target": -2.456274144581457, "params": {"C": 11.5275534250831, "epsilon": 0.3676196692934265, "gamma": 0.032217336049430924, "lamda": 0.21568651889888565}, "datetime": {"datetime": "2021-09-15 13:11:19", "elapsed": 671.193129, "delta": 0.8497}}
{"target": -2.3563489951454395, "params": {"C": 24.146486167295798, "epsilon": 3.1302641135593006, "gamma": 0.18806919193247074, "lamda": 0.2602645964510237}, "datetime": {"datetime": "2021-09-15 13:11:20", "elapsed": 672.061552, "delta": 0.868423}}
{"target": -3.725724971853449, "params": {"C": 5.147019993171488, "epsilon": 7.5554234143265235, "gamma": 0.3919361787553484, "lamda": 0.5241885445475954}, "datetime": {"datetime": "2021-09-15 13:11:21", "elapsed": 672.829205, "delta": 0.767653}}
{"target": -2.8341914305651534, "params": {"C": 13.076784616065718, "epsilon": 4.15154876701698, "gamma": 0.277317088773394, "lamda": 0.19205631501265713}, "datetime": {"datetime": "2021-09-15 13:11:22", "elapsed": 673.708003, "delta": 0.878798}}
{"target": -19.61905685202137, "params": {"C": 19.48988436673155, "epsilon": 0.9544729601849515, "gamma": 0.034862462700992795, "lamda": 0.9510045052112569}, "datetime": {"datetime": "2021-09-15 13:11:33", "elapsed": 685.004153, "delta": 11.29615}}
{"target": -2.387386140625395, "params": {"C": 15.748373671391139, "epsilon": 0.8598465959481255, "gamma": 0.037028963299103726, "lamda": 0.5316281438050139}, "datetime": {"datetime": "2021-09-15 13:11:34", "elapsed": 685.841202, "delta": 0.837049}}
{"target": -2.962880869093239, "params": {"C": 13.034250337184924, "epsilon": 4.9568029781950385, "gamma": 0.33390379925085145, "lamda": 0.029415836389629097}, "datetime": {"datetime": "2021-09-15 13:11:35", "elapsed": 686.56066, "delta": 0.719458}}
{"target": -16.31898430684664, "params": {"C": 13.878237023316272, "epsilon": 7.266872194880471, "gamma": 0.14940888436364025, "lamda": 0.36203883013634747}, "datetime": {"datetime": "2021-09-15 13:11:52", "elapsed": 704.278974, "delta": 17.718314}}
{"target": -3.1630999428456383, "params": {"C": 11.609883560371095, "epsilon": 6.0105872725150515, "gamma": 0.3810978279767685, "lamda": 0.3742278883624929}, "datetime": {"datetime": "2021-09-15 13:11:53", "elapsed": 705.163279, "delta": 0.884305}}
{"target": -2.7955637556112656, "params": {"C": 12.373147014435844, "epsilon": 1.7663874911491149, "gamma": 0.25095881221928584, "lamda": 0.9286780190243732}, "datetime": {"datetime": "2021-09-15 13:11:54", "elapsed": 705.978516, "delta": 0.815237}}
{"target": -3.1447475353155174, "params": {"C": 16.027561424006922, "epsilon": 3.5883559453661684, "gamma": 0.4915286609530286, "lamda": 0.029291650664263893}, "datetime": {"datetime": "2021-09-15 13:11:55", "elapsed": 706.772755, "delta": 0.794239}}
{"target": -2.72536229726419, "params": {"C": 16.751076689410848, "epsilon": 1.8111994537744198, "gamma": 0.3092286599417267, "lamda": 0.08161517691919137}, "datetime": {"datetime": "2021-09-15 13:11:56", "elapsed": 707.625984, "delta": 0.853229}}
{"target": -13.941022057119898, "params": {"C": 11.451440322959316, "epsilon": 1.9844823990232745, "gamma": 0.14732753233835563, "lamda": 0.7765175004668439}, "datetime": {"datetime": "2021-09-15 13:12:12", "elapsed": 723.624062, "delta": 15.998078}}
{"target": -2.6728954794589854, "params": {"C": 10.004524860210879, "epsilon": 3.741453361706863, "gamma": 0.1549076050665024, "lamda": 0.5495984129570116}, "datetime": {"datetime": "2021-09-15 13:12:13", "elapsed": 724.581129, "delta": 0.957067}}
{"target": -7.025886188350794, "params": {"C": 0.10716642156293414, "epsilon": 8.610045040149128, "gamma": 0.42735498486391604, "lamda": 0.24910132004099436}, "datetime": {"datetime": "2021-09-15 13:12:14", "elapsed": 725.503595, "delta": 0.922466}}
{"target": -3.076522408534858, "params": {"C": 2.937634012221888, "epsilon": 6.362024763753679, "gamma": 0.030415850665418496, "lamda": 0.9702574713430203}, "datetime": {"datetime": "2021-09-15 13:12:15", "elapsed": 726.499755, "delta": 0.99616}}
{"target": -5.239996992972998, "params": {"C": 0.311478407766132, "epsilon": 3.142684856802678, "gamma": 0.08335147071468936, "lamda": 0.030073923792450944}, "datetime": {"datetime": "2021-09-15 13:12:16", "elapsed": 727.467057, "delta": 0.967302}}
{"target": -16.64621908173533, "params": {"C": 29.409626822449273, "epsilon": 2.0167875624480627, "gamma": 0.11765533898310664, "lamda": 0.6579606859483975}, "datetime": {"datetime": "2021-09-15 13:12:32", "elapsed": 743.870515, "delta": 16.403458}}
{"target": -3.404348770254713, "params": {"C": 6.294447156512395, "epsilon": 1.5325576504089211, "gamma": 0.3255952243026368, "lamda": 0.363290525214519}, "datetime": {"datetime": "2021-09-15 13:12:33", "elapsed": 744.714697, "delta": 0.844182}}
{"target": -2.641414690648379, "params": {"C": 26.00230555249656, "epsilon": 5.871240538788349, "gamma": 0.3449185527273846, "lamda": 0.5287293014241621}, "datetime": {"datetime": "2021-09-15 13:12:34", "elapsed": 745.691715, "delta": 0.977018}}
{"target": -2.5904787187887583, "params": {"C": 18.22807251004865, "epsilon": 6.872498471136414, "gamma": 0.2557269704171837, "lamda": 0.45737609491214654}, "datetime": {"datetime": "2021-09-15 13:12:35", "elapsed": 746.505147, "delta": 0.813432}}
{"target": -19.349585144023848, "params": {"C": 20.052903175856574, "epsilon": 4.015718061599127, "gamma": 0.036274062605913586, "lamda": 0.9279345616259069}, "datetime": {"datetime": "2021-09-15 13:12:42", "elapsed": 753.9887, "delta": 7.483553}}
{"target": -2.2391062002877056, "params": {"C": 24.700683086968557, "epsilon": 4.028878886437889, "gamma": 0.10441257720151625, "lamda": 0.8472238176210937}, "datetime": {"datetime": "2021-09-15 13:12:43", "elapsed": 754.995929, "delta": 1.007229}}
{"target": -2.353644543923907, "params": {"C": 29.863156387081748, "epsilon": 1.2163111060780758, "gamma": 0.1972064426089535, "lamda": 0.5101133497116488}, "datetime": {"datetime": "2021-09-15 13:12:44", "elapsed": 756.005897, "delta": 1.009968}}
{"target": -16.152233455415, "params": {"C": 13.733303928720145, "epsilon": 7.856403173766969, "gamma": 0.16037733611952176, "lamda": 0.9415262223387427}, "datetime": {"datetime": "2021-09-15 13:13:02", "elapsed": 773.462256, "delta": 17.456359}}
{"target": -2.4935385058369812, "params": {"C": 22.517778749212628, "epsilon": 4.1363539587477565, "gamma": 0.2643899862781354, "lamda": 0.7301770153328113}, "datetime": {"datetime": "2021-09-15 13:13:02", "elapsed": 774.347056, "delta": 0.8848}}
{"target": -2.978560405585006, "params": {"C": 8.36199789331403, "epsilon": 3.3542803841188986, "gamma": 0.21075352393630323, "lamda": 0.05762188854703383}, "datetime": {"datetime": "2021-09-15 13:13:03", "elapsed": 775.218624, "delta": 0.871568}}
{"target": -2.846661641790888, "params": {"C": 6.708910946213863, "epsilon": 6.253887862953239, "gamma": 0.1375080361608545, "lamda": 0.6805865783868007}, "datetime": {"datetime": "2021-09-15 13:13:04", "elapsed": 776.115094, "delta": 0.89647}}
{"target": -20.20982184187802, "params": {"C": 22.99449911422597, "epsilon": 5.175325119216224, "gamma": 0.032694233414958584, "lamda": 0.9635471211059472}, "datetime": {"datetime": "2021-09-15 13:13:16", "elapsed": 788.05292, "delta": 11.937826}}
{"target": -11.40310753969675, "params": {"C": 15.794351513733806, "epsilon": 7.018740274599351, "gamma": 0.38081357094707696, "lamda": 0.8005399466234449}, "datetime": {"datetime": "2021-09-15 13:13:34", "elapsed": 806.410662, "delta": 18.357742}}
{"target": -2.864110465334077, "params": {"C": 22.084111655915557, "epsilon": 3.976666275697532, "gamma": 0.4472658581733006, "lamda": 0.74357652897816}, "datetime": {"datetime": "2021-09-15 13:13:35", "elapsed": 807.284866, "delta": 0.874204}}
{"target": -3.0233530926906655, "params": {"C": 12.661832948807628, "epsilon": 2.3114163117419686, "gamma": 0.3676117656100182, "lamda": 0.9339518273682209}, "datetime": {"datetime": "2021-09-15 13:13:36", "elapsed": 808.252859, "delta": 0.967993}}
{"target": -17.77333791275541, "params": {"C": 25.149269244570807, "epsilon": 7.495069739607607, "gamma": 0.13347475944864515, "lamda": 0.9751869858444792}, "datetime": {"datetime": "2021-09-15 13:13:55", "elapsed": 827.122019, "delta": 18.86916}}
{"target": -2.5224177246762864, "params": {"C": 23.608404433825104, "epsilon": 6.9108857412922555, "gamma": 0.278148611021293, "lamda": 0.19184851746082449}, "datetime": {"datetime": "2021-09-15 13:13:56", "elapsed": 828.087701, "delta": 0.965682}}
{"target": -6.214196027947149, "params": {"C": 0.1617286691811329, "epsilon": 8.70951424335943, "gamma": 0.14796987699425176, "lamda": 0.7222076767887281}, "datetime": {"datetime": "2021-09-15 13:13:57", "elapsed": 829.04011, "delta": 0.952409}}
{"target": -2.970269257277039, "params": {"C": 13.337081384862337, "epsilon": 1.4872687188989882, "gamma": 0.36339681974183907, "lamda": 0.4637797999701081}, "datetime": {"datetime": "2021-09-15 13:13:58", "elapsed": 830.035555, "delta": 0.995445}}
{"target": -13.656815096327328, "params": {"C": 28.83366263837244, "epsilon": 7.868226956892846, "gamma": 0.24936339551617429, "lamda": 0.9986411097506139}, "datetime": {"datetime": "2021-09-15 13:14:16", "elapsed": 848.011338, "delta": 17.975783}}
{"target": -15.51436443734263, "params": {"C": 19.4401463807171, "epsilon": 6.856890425897972, "gamma": 0.17286588711350365, "lamda": 0.8619002019273292}, "datetime": {"datetime": "2021-09-15 13:14:34", "elapsed": 865.572305, "delta": 17.560967}}
{"target": -3.266418528311678, "params": {"C": 6.006050760798919, "epsilon": 3.879081631106161, "gamma": 0.25110850120348066, "lamda": 0.7336270118268263}, "datetime": {"datetime": "2021-09-15 13:14:35", "elapsed": 866.746432, "delta": 1.174127}}
{"target": -2.42480422085422, "params": {"C": 29.787565561621822, "epsilon": 0.1925288043539698, "gamma": 0.25008343185756093, "lamda": 0.7783751426848354}, "datetime": {"datetime": "2021-09-15 13:14:36", "elapsed": 867.670882, "delta": 0.92445}}
{"target": -2.6548361726255645, "params": {"C": 10.552399026649399, "epsilon": 4.118760205402319, "gamma": 0.02050345399620227, "lamda": 0.2220518075274426}, "datetime": {"datetime": "2021-09-15 13:14:37", "elapsed": 868.684863, "delta": 1.013981}}
{"target": -2.6349493242077635, "params": {"C": 25.331341895152978, "epsilon": 6.457795024520417, "gamma": 0.3433509539660477, "lamda": 0.6365594558320821}, "datetime": {"datetime": "2021-09-15 13:14:38", "elapsed": 869.675682, "delta": 0.990819}}
{"target": -2.6831866925390826, "params": {"C": 7.998741675338522, "epsilon": 1.0701268658464709, "gamma": 0.025898662637928484, "lamda": 0.20032291237379732}, "datetime": {"datetime": "2021-09-15 13:14:39", "elapsed": 870.561215, "delta": 0.885533}}
{"target": -2.725325496929114, "params": {"C": 6.09329121226852, "epsilon": 0.004339471582877374, "gamma": 0.032725800417201543, "lamda": 0.6846231454690578}, "datetime": {"datetime": "2021-09-15 13:14:40", "elapsed": 871.626836, "delta": 1.065621}}
{"target": -2.3568202199572266, "params": {"C": 24.728665633599167, "epsilon": 3.547748052763417, "gamma": 0.1938848206732938, "lamda": 0.21776295575682442}, "datetime": {"datetime": "2021-09-15 13:14:41", "elapsed": 872.595425, "delta": 0.968589}}
{"target": -3.231594986075835, "params": {"C": 7.975047827504656, "epsilon": 7.2447929437469645, "gamma": 0.3153269579277056, "lamda": 0.6884286949874656}, "datetime": {"datetime": "2021-09-15 13:14:42", "elapsed": 873.483206, "delta": 0.887781}}
{"target": -2.40464572548235, "params": {"C": 23.15696811531344, "epsilon": 5.289980581485615, "gamma": 0.21055528796304748, "lamda": 0.5925935748132795}, "datetime": {"datetime": "2021-09-15 13:14:42", "elapsed": 874.443752, "delta": 0.960546}}
