{"target": -11.511993101542151, "params": {"C": 22.733968863591024, "epsilon": 1.7900741687404784, "gamma": 0.006076977070736324, "lamda": 4.914386837716047}, "datetime": {"datetime": "2021-09-16 11:20:38", "elapsed": 1674.012755, "delta": 18.793811}}
{"target": -3.865628053147111, "params": {"C": 7.497482924985005, "epsilon": 4.101821999724071, "gamma": 0.0018194008433974037, "lamda": 0.8558521061277702}, "datetime": {"datetime": "2021-09-16 11:20:40", "elapsed": 1676.644553, "delta": 2.631798}}
{"target": -7.371998224700187, "params": {"C": 0.13153445636786096, "epsilon": 0.12523677691504842, "gamma": 0.9814715289435796, "lamda": 2.077406889079582}, "datetime": {"datetime": "2021-09-16 11:20:43", "elapsed": 1679.782353, "delta": 3.1378}}
{"target": -5.3113104001486375, "params": {"C": 20.68132692257298, "epsilon": 10.120794922223972, "gamma": 0.0001, "lamda": 0.0001}, "datetime": {"datetime": "2021-09-16 11:20:46", "elapsed": 1682.15794, "delta": 2.375587}}
{"target": -7.505337581173972, "params": {"C": 0.1, "epsilon": 13.552469609251222, "gamma": 0.0001, "lamda": 0.0001}, "datetime": {"datetime": "2021-09-16 11:20:48", "elapsed": 1684.371341, "delta": 2.213401}}
{"target": -7.507949205872883, "params": {"C": 30.0, "epsilon": 4.874108822460042, "gamma": 0.0001, "lamda": 2.5011839199320502}, "datetime": {"datetime": "2021-09-16 11:21:05", "elapsed": 1701.578679, "delta": 17.207338}}
{"target": -4.662330007649466, "params": {"C": 22.418268407325577, "epsilon": 4.024912460442777, "gamma": 1.0, "lamda": 5.0}, "datetime": {"datetime": "2021-09-16 11:21:08", "elapsed": 1704.370455, "delta": 2.791776}}
{"target": -4.715977573110644, "params": {"C": 18.29545137151352, "epsilon": 2.3900046581892846, "gamma": 1.0, "lamda": 0.0001}, "datetime": {"datetime": "2021-09-16 11:21:10", "elapsed": 1706.606887, "delta": 2.236432}}
{"target": -5.633741723399127, "params": {"C": 3.693672348227761, "epsilon": 1.4739278755090761, "gamma": 1.0, "lamda": 1.778065957152003}, "datetime": {"datetime": "2021-09-16 11:21:13", "elapsed": 1708.887772, "delta": 2.280885}}
{"target": -6.686525316690691, "params": {"C": 3.593072358766736, "epsilon": 1.6239345529092633, "gamma": 0.0001, "lamda": 2.987556593347497}, "datetime": {"datetime": "2021-09-16 11:21:15", "elapsed": 1711.343043, "delta": 2.455271}}
{"target": -5.225204866956823, "params": {"C": 22.26962566213273, "epsilon": 9.313529605490007, "gamma": 0.0001, "lamda": 0.0001}, "datetime": {"datetime": "2021-09-16 11:21:17", "elapsed": 1713.795657, "delta": 2.452614}}
{"target": -5.268259801058915, "params": {"C": 6.549326281542192, "epsilon": 3.4886331305008627, "gamma": 1.0, "lamda": 2.0477784886981305}, "datetime": {"datetime": "2021-09-16 11:21:20", "elapsed": 1716.427893, "delta": 2.632236}}
{"target": -10.47851149459506, "params": {"C": 21.556003081323137, "epsilon": 7.661664894119357, "gamma": 1.0, "lamda": 5.0}, "datetime": {"datetime": "2021-09-16 11:21:42", "elapsed": 1738.176883, "delta": 21.74899}}
{"target": -5.04387256423389, "params": {"C": 10.062062680053481, "epsilon": 5.877307294541534, "gamma": 1.0, "lamda": 0.9972275216135386}, "datetime": {"datetime": "2021-09-16 11:21:45", "elapsed": 1740.905324, "delta": 2.728441}}
{"target": -4.832781679624413, "params": {"C": 11.483164927432872, "epsilon": 2.8252792456967395, "gamma": 0.930327464046319, "lamda": 1.150803172124509}, "datetime": {"datetime": "2021-09-16 11:21:48", "elapsed": 1743.901453, "delta": 2.996129}}
{"target": -5.600761178369302, "params": {"C": 4.226984912629297, "epsilon": 12.993691490352171, "gamma": 1.0, "lamda": 0.0001}, "datetime": {"datetime": "2021-09-16 11:21:50", "elapsed": 1746.311529, "delta": 2.410076}}
{"target": -3.60808823419729, "params": {"C": 1.9768868827679966, "epsilon": 8.474242682403355, "gamma": 0.008817984644386894, "lamda": 1.5579470942440778}, "datetime": {"datetime": "2021-09-16 11:21:53", "elapsed": 1749.174617, "delta": 2.863088}}
{"target": -7.2500989690478095, "params": {"C": 1.001295135137641, "epsilon": 8.06727632291518, "gamma": 0.0001, "lamda": 3.350704107662966}, "datetime": {"datetime": "2021-09-16 11:21:55", "elapsed": 1751.612843, "delta": 2.438226}}
{"target": -5.253522115573922, "params": {"C": 6.475576971109621, "epsilon": 0.1, "gamma": 1.0, "lamda": 0.0001}, "datetime": {"datetime": "2021-09-16 11:21:58", "elapsed": 1754.671897, "delta": 3.059054}}
{"target": -6.044022663863704, "params": {"C": 2.0715341417439097, "epsilon": 6.9699344317320255, "gamma": 0.946954230861753, "lamda": 1.69951372645879}, "datetime": {"datetime": "2021-09-16 11:22:01", "elapsed": 1757.609961, "delta": 2.938064}}
{"target": -4.642419227025394, "params": {"C": 29.035591361283906, "epsilon": 6.122434152440725, "gamma": 1.0, "lamda": 0.0001}, "datetime": {"datetime": "2021-09-16 11:22:04", "elapsed": 1760.022358, "delta": 2.412397}}
{"target": -4.667813295629223, "params": {"C": 23.739963043172548, "epsilon": 5.053466839627862, "gamma": 1.0, "lamda": 0.0001}, "datetime": {"datetime": "2021-09-16 11:22:06", "elapsed": 1762.447763, "delta": 2.425405}}
{"target": -16.796847255971258, "params": {"C": 8.2854123612688, "epsilon": 5.651592747322147, "gamma": 0.01965876028328114, "lamda": 2.244049573239416}, "datetime": {"datetime": "2021-09-16 11:22:21", "elapsed": 1777.732784, "delta": 15.285021}}
{"target": -16.972786405337573, "params": {"C": 15.085904431180628, "epsilon": 15.588699253053859, "gamma": 0.0001, "lamda": 5.0}, "datetime": {"datetime": "2021-09-16 11:22:37", "elapsed": 1792.982123, "delta": 15.249339}}
{"target": -4.93697185032586, "params": {"C": 23.600119439475733, "epsilon": 10.601524412811663, "gamma": 1.0, "lamda": 0.0001}, "datetime": {"datetime": "2021-09-16 11:22:39", "elapsed": 1795.402933, "delta": 2.42081}}
{"target": -10.832319496463489, "params": {"C": 10.885113475197398, "epsilon": 8.151416828998261, "gamma": 1.0, "lamda": 5.0}, "datetime": {"datetime": "2021-09-16 11:23:00", "elapsed": 1816.140224, "delta": 20.737291}}
{"target": -5.359267868602661, "params": {"C": 17.30353773556473, "epsilon": 18.168802327686702, "gamma": 1.0, "lamda": 0.0001}, "datetime": {"datetime": "2021-09-16 11:23:02", "elapsed": 1818.817657, "delta": 2.677433}}
{"target": -4.613539668687893, "params": {"C": 19.530975768956143, "epsilon": 1.4248088840722717, "gamma": 0.9693206641832577, "lamda": 0.17487553781615783}, "datetime": {"datetime": "2021-09-16 11:23:05", "elapsed": 1821.313095, "delta": 2.495438}}
{"target": -18.329757415895582, "params": {"C": 14.259594126969498, "epsilon": 14.434457419498944, "gamma": 0.010004574992693796, "lamda": 0.9076953853228875}, "datetime": {"datetime": "2021-09-16 11:51:10", "elapsed": 0.0, "delta": 0.0}}
{"target": -2.6791247608237376, "params": {"C": 6.962409052062052, "epsilon": 1.9375380358990761, "gamma": 0.017450408455106835, "lamda": 1.0373366204021002}, "datetime": {"datetime": "2021-09-16 11:51:11", "elapsed": 0.56505, "delta": 0.56505}}
{"target": -19.210135892908546, "params": {"C": 13.712721804228089, "epsilon": 10.822453006666802, "gamma": 0.026767780576131793, "lamda": 2.0559732816898815}, "datetime": {"datetime": "2021-09-16 11:51:23", "elapsed": 12.510352, "delta": 11.945302}}
{"target": -21.29440285760321, "params": {"C": 8.52021074275097, "epsilon": 17.574536984179815, "gamma": 0.011095503727917047, "lamda": 2.011732063025028}, "datetime": {"datetime": "2021-09-16 11:51:34", "elapsed": 23.665029, "delta": 11.154677}}
{"target": -17.973479087748967, "params": {"C": 14.267229663912428, "epsilon": 11.217927586070457, "gamma": 0.01561547754380935, "lamda": 0.5951063657655515}, "datetime": {"datetime": "2021-09-16 11:51:45", "elapsed": 35.101001, "delta": 11.435972}}
{"target": -23.945598469795137, "params": {"C": 24.62010335423949, "epsilon": 19.368405356816012, "gamma": 0.022536967126369715, "lamda": 2.077275524392273}, "datetime": {"datetime": "2021-09-16 11:52:03", "elapsed": 52.694898, "delta": 17.593897}}
{"target": -16.448552740951214, "params": {"C": 26.662507111993033, "epsilon": 17.90267260372656, "gamma": 0.013401768454791116, "lamda": 0.11812529491541421}, "datetime": {"datetime": "2021-09-16 11:52:17", "elapsed": 67.272383, "delta": 14.577485}}
{"target": -21.96107243054078, "params": {"C": 7.585421328243361, "epsilon": 17.575035818245322, "gamma": 0.013933873353322003, "lamda": 1.2639017673901514}, "datetime": {"datetime": "2021-09-16 11:52:28", "elapsed": 78.37505, "delta": 11.102667}}
{"target": -17.900686658780142, "params": {"C": 28.86301731406355, "epsilon": 10.70998917096304, "gamma": 0.037675084558018934, "lamda": 0.9472313773871828}, "datetime": {"datetime": "2021-09-16 11:52:46", "elapsed": 96.042433, "delta": 17.667383}}
{"target": -20.27078507966113, "params": {"C": 21.535525047402757, "epsilon": 16.70905087075772, "gamma": 0.010731531093767673, "lamda": 2.2506828005199573}, "datetime": {"datetime": "2021-09-16 11:52:57", "elapsed": 107.18736, "delta": 11.144927}}
{"target": -3.040511012523135, "params": {"C": 4.5941111345321435, "epsilon": 0.1, "gamma": 0.01, "lamda": 0.001}, "datetime": {"datetime": "2021-09-16 11:52:58", "elapsed": 107.850305, "delta": 0.662945}}
{"target": -15.634062220888364, "params": {"C": 3.0, "epsilon": 3.3610349769353096, "gamma": 0.05, "lamda": 3.0}, "datetime": {"datetime": "2021-09-16 11:53:16", "elapsed": 125.778802, "delta": 17.928497}}
{"target": -2.7058489243399824, "params": {"C": 9.541798238837117, "epsilon": 0.1, "gamma": 0.01, "lamda": 0.001}, "datetime": {"datetime": "2021-09-16 11:53:17", "elapsed": 126.491455, "delta": 0.712653}}
{"target": -2.76820188968103, "params": {"C": 8.044709991249585, "epsilon": 0.1, "gamma": 0.01, "lamda": 3.0}, "datetime": {"datetime": "2021-09-16 11:53:17", "elapsed": 127.203092, "delta": 0.711637}}
{"target": -14.040856310843996, "params": {"C": 17.44761176741192, "epsilon": 0.1, "gamma": 0.01, "lamda": 3.0}, "datetime": {"datetime": "2021-09-16 11:53:35", "elapsed": 144.602958, "delta": 17.399866}}
{"target": -2.435856212933033, "params": {"C": 30.0, "epsilon": 0.1, "gamma": 0.01, "lamda": 0.001}, "datetime": {"datetime": "2021-09-16 11:53:35", "elapsed": 145.212596, "delta": 0.609638}}
{"target": -2.171743939456157, "params": {"C": 25.415248382127707, "epsilon": 0.1, "gamma": 0.05, "lamda": 0.001}, "datetime": {"datetime": "2021-09-16 11:53:36", "elapsed": 145.864731, "delta": 0.652135}}
{"target": -16.153610710947227, "params": {"C": 27.813144474695957, "epsilon": 0.1, "gamma": 0.05, "lamda": 3.0}, "datetime": {"datetime": "2021-09-16 11:53:54", "elapsed": 163.659129, "delta": 17.794398}}
{"target": -2.4872002205428254, "params": {"C": 23.488430086673556, "epsilon": 3.961590533396676, "gamma": 0.01, "lamda": 0.001}, "datetime": {"datetime": "2021-09-16 11:53:54", "elapsed": 164.333362, "delta": 0.674233}}
{"target": -2.447785980081841, "params": {"C": 27.960286798139364, "epsilon": 3.591808987208596, "gamma": 0.01, "lamda": 0.001}, "datetime": {"datetime": "2021-09-16 11:53:55", "elapsed": 165.073431, "delta": 0.740069}}
{"target": -2.4346751017463375, "params": {"C": 11.036771932012808, "epsilon": 3.877283768514248, "gamma": 0.05, "lamda": 0.001}, "datetime": {"datetime": "2021-09-16 11:53:56", "elapsed": 165.781063, "delta": 0.707632}}
{"target": -2.247408001267202, "params": {"C": 18.21183921471933, "epsilon": 4.873836188826539, "gamma": 0.05, "lamda": 0.001}, "datetime": {"datetime": "2021-09-16 11:53:57", "elapsed": 166.495686, "delta": 0.714623}}
{"target": -2.465116832495758, "params": {"C": 21.023554257512295, "epsilon": 8.603906496224417, "gamma": 0.01121043640768057, "lamda": 0.053428499693588}, "datetime": {"datetime": "2021-09-16 11:53:57", "elapsed": 167.260313, "delta": 0.764627}}
{"target": -15.811245191229144, "params": {"C": 20.46611886789484, "epsilon": 6.683959082386173, "gamma": 0.05, "lamda": 3.0}, "datetime": {"datetime": "2021-09-16 11:54:15", "elapsed": 185.366319, "delta": 18.106006}}
{"target": -2.5924142649813255, "params": {"C": 14.392151381745508, "epsilon": 2.275011899264578, "gamma": 0.01, "lamda": 0.001}, "datetime": {"datetime": "2021-09-16 11:54:16", "elapsed": 186.030333, "delta": 0.664014}}
{"target": -2.2428857258690615, "params": {"C": 20.81587864344423, "epsilon": 0.8275984026769319, "gamma": 0.039879613168089495, "lamda": 0.026338002587166485}, "datetime": {"datetime": "2021-09-16 11:54:17", "elapsed": 186.795203, "delta": 0.76487}}
{"target": -13.50392226013762, "params": {"C": 10.740720926387343, "epsilon": 2.611347637365542, "gamma": 0.01, "lamda": 3.0}, "datetime": {"datetime": "2021-09-16 11:54:36", "elapsed": 206.267276, "delta": 19.472073}}
{"target": -2.580738890097146, "params": {"C": 7.518479948755461, "epsilon": 6.701376290406765, "gamma": 0.05, "lamda": 0.001}, "datetime": {"datetime": "2021-09-16 11:54:37", "elapsed": 206.928343, "delta": 0.661067}}
{"target": -3.211627432014212, "params": {"C": 3.0, "epsilon": 10.143667497873187, "gamma": 0.01, "lamda": 0.001}, "datetime": {"datetime": "2021-09-16 11:54:38", "elapsed": 207.671622, "delta": 0.743279}}
{"target": -18.48427271171369, "params": {"C": 3.0, "epsilon": 12.096832371888848, "gamma": 0.05, "lamda": 3.0}, "datetime": {"datetime": "2021-09-16 11:54:56", "elapsed": 225.819892, "delta": 18.14827}}
{"target": -3.214203686912344, "params": {"C": 3.0, "epsilon": 6.993141951920557, "gamma": 0.01, "lamda": 0.001}, "datetime": {"datetime": "2021-09-16 11:54:57", "elapsed": 226.560531, "delta": 0.740639}}
{"target": -2.327214301088605, "params": {"C": 14.517166618704977, "epsilon": 5.406037550702548, "gamma": 0.05, "lamda": 0.001}, "datetime": {"datetime": "2021-09-16 11:54:57", "elapsed": 227.329942, "delta": 0.769411}}
{"target": -2.474725866306148, "params": {"C": 24.14906339510482, "epsilon": 7.61224667750372, "gamma": 0.01, "lamda": 0.001}, "datetime": {"datetime": "2021-09-16 11:54:58", "elapsed": 228.080194, "delta": 0.750252}}
{"target": -2.737132776257011, "params": {"C": 5.310122889882468, "epsilon": 8.969516817078128, "gamma": 0.040957332306766576, "lamda": 0.011388074851564699}, "datetime": {"datetime": "2021-09-16 11:54:59", "elapsed": 228.779273, "delta": 0.699079}}
{"target": -2.19198662305989, "params": {"C": 22.813860384883455, "epsilon": 10.917524865142187, "gamma": 0.05, "lamda": 0.001}, "datetime": {"datetime": "2021-09-16 11:55:00", "elapsed": 229.602302, "delta": 0.823029}}
{"target": -2.632523030249955, "params": {"C": 7.038383853080854, "epsilon": 0.1, "gamma": 0.05, "lamda": 0.001}, "datetime": {"datetime": "2021-09-16 11:55:00", "elapsed": 230.447055, "delta": 0.844753}}
{"target": -2.153355032133292, "params": {"C": 30.0, "epsilon": 3.2568607879518536, "gamma": 0.05, "lamda": 0.001}, "datetime": {"datetime": "2021-09-16 11:55:01", "elapsed": 231.27133, "delta": 0.824275}}
{"target": -2.6756336399964664, "params": {"C": 6.069271306067347, "epsilon": 4.311310891586708, "gamma": 0.05, "lamda": 0.001}, "datetime": {"datetime": "2021-09-16 11:55:02", "elapsed": 231.968334, "delta": 0.697004}}
{"target": -2.289429201358423, "params": {"C": 18.08716449878143, "epsilon": 2.0138852750407388, "gamma": 0.03797633868449203, "lamda": 0.050207001306636044}, "datetime": {"datetime": "2021-09-16 11:55:03", "elapsed": 232.764332, "delta": 0.795998}}
{"target": -2.511798063896816, "params": {"C": 20.61352420102447, "epsilon": 3.498780238014438, "gamma": 0.01, "lamda": 0.001}, "datetime": {"datetime": "2021-09-16 11:55:04", "elapsed": 233.46957, "delta": 0.705238}}
{"target": -2.940642383157087, "params": {"C": 5.634112990429037, "epsilon": 0.1, "gamma": 0.01, "lamda": 3.0}, "datetime": {"datetime": "2021-09-16 11:55:04", "elapsed": 234.283566, "delta": 0.813996}}
{"target": -2.7372529088770072, "params": {"C": 8.453231368982054, "epsilon": 3.322704480465301, "gamma": 0.01, "lamda": 0.001}, "datetime": {"datetime": "2021-09-16 11:55:05", "elapsed": 235.083118, "delta": 0.799552}}
{"target": -2.298873103319895, "params": {"C": 15.990835310220271, "epsilon": 0.1, "gamma": 0.05, "lamda": 0.001}, "datetime": {"datetime": "2021-09-16 11:55:06", "elapsed": 235.854696, "delta": 0.771578}}
{"target": -2.363252045687087, "params": {"C": 12.771442641262174, "epsilon": 0.1, "gamma": 0.05, "lamda": 0.001}, "datetime": {"datetime": "2021-09-16 11:55:07", "elapsed": 236.70571, "delta": 0.851014}}
{"target": -2.1879856651216314, "params": {"C": 23.104261563857243, "epsilon": 0.1, "gamma": 0.05, "lamda": 0.001}, "datetime": {"datetime": "2021-09-16 11:55:08", "elapsed": 237.453337, "delta": 0.747627}}
{"target": -2.463275045790877, "params": {"C": 25.411400950271364, "epsilon": 2.1091748346737464, "gamma": 0.01, "lamda": 0.001}, "datetime": {"datetime": "2021-09-16 11:55:08", "elapsed": 238.235709, "delta": 0.782372}}
{"target": -2.6798363315572638, "params": {"C": 11.01099204375663, "epsilon": 6.354295132005155, "gamma": 0.01, "lamda": 0.001}, "datetime": {"datetime": "2021-09-16 11:55:09", "elapsed": 238.975678, "delta": 0.739969}}
{"target": -2.1957515318050222, "params": {"C": 22.031394683682787, "epsilon": 6.522230070625646, "gamma": 0.05, "lamda": 0.001}, "datetime": {"datetime": "2021-09-16 11:55:10", "elapsed": 239.725522, "delta": 0.749844}}
{"target": -2.1923596706576354, "params": {"C": 22.787204206231365, "epsilon": 9.099886093656563, "gamma": 0.05, "lamda": 0.001}, "datetime": {"datetime": "2021-09-16 11:55:11", "elapsed": 240.622888, "delta": 0.897366}}
{"target": -2.185995548085923, "params": {"C": 20.793529538686002, "epsilon": 11.421961045421014, "gamma": 0.05, "lamda": 0.001}, "datetime": {"datetime": "2021-09-16 11:55:11", "elapsed": 241.407032, "delta": 0.784144}}
{"target": -2.157118190703207, "params": {"C": 28.519464634459602, "epsilon": 1.51540574269312, "gamma": 0.05, "lamda": 0.001}, "datetime": {"datetime": "2021-09-16 11:55:12", "elapsed": 242.197656, "delta": 0.790624}}
{"target": -2.5661126913108334, "params": {"C": 16.265312853129693, "epsilon": 3.8473767188183867, "gamma": 0.01, "lamda": 0.001}, "datetime": {"datetime": "2021-09-16 11:55:13", "elapsed": 242.984805, "delta": 0.787149}}
{"target": -2.1785943743598244, "params": {"C": 25.478536624889564, "epsilon": 5.304238439014272, "gamma": 0.05, "lamda": 0.001}, "datetime": {"datetime": "2021-09-16 11:55:14", "elapsed": 243.75783, "delta": 0.773025}}
{"target": -2.6842595701008296, "params": {"C": 6.608862512786087, "epsilon": 0.14444217353466512, "gamma": 0.019251228870350502, "lamda": 1.6255195389555857}, "datetime": {"datetime": "2021-09-16 11:55:15", "elapsed": 244.573943, "delta": 0.816113}}
{"target": -2.253083099996735, "params": {"C": 18.793861915164534, "epsilon": 0.1, "gamma": 0.05, "lamda": 0.001}, "datetime": {"datetime": "2021-09-16 11:55:16", "elapsed": 245.457449, "delta": 0.883506}}
{"target": -2.9867022182329546, "params": {"C": 5.055495505294571, "epsilon": 7.206282439341778, "gamma": 0.01, "lamda": 0.001}, "datetime": {"datetime": "2021-09-16 11:55:16", "elapsed": 246.284864, "delta": 0.827415}}
{"target": -2.6963393235017286, "params": {"C": 5.831568892721017, "epsilon": 1.9950131110958849, "gamma": 0.05, "lamda": 0.001}, "datetime": {"datetime": "2021-09-16 11:55:17", "elapsed": 246.986898, "delta": 0.702034}}
{"target": -2.1989056315699744, "params": {"C": 21.550811452565373, "epsilon": 10.350348959053772, "gamma": 0.05, "lamda": 0.001}, "datetime": {"datetime": "2021-09-16 11:55:18", "elapsed": 247.799231, "delta": 0.812333}}
{"target": -2.2383134752656986, "params": {"C": 18.303726548257067, "epsilon": 7.3476419073482715, "gamma": 0.05, "lamda": 0.001}, "datetime": {"datetime": "2021-09-16 11:55:19", "elapsed": 248.533045, "delta": 0.733814}}
{"target": -2.633258347174801, "params": {"C": 12.785022392997508, "epsilon": 4.68716395363501, "gamma": 0.01, "lamda": 0.001}, "datetime": {"datetime": "2021-09-16 11:55:19", "elapsed": 249.408739, "delta": 0.875694}}
{"target": -2.4962394639015533, "params": {"C": 21.98661826378827, "epsilon": 12.691958531126378, "gamma": 0.01, "lamda": 0.001}, "datetime": {"datetime": "2021-09-16 11:55:20", "elapsed": 250.29231, "delta": 0.883571}}
{"target": -3.0910538176182736, "params": {"C": 3.0, "epsilon": 8.641314318437532, "gamma": 0.05, "lamda": 0.001}, "datetime": {"datetime": "2021-09-16 11:55:21", "elapsed": 251.144913, "delta": 0.852603}}
{"target": -2.5312209864530386, "params": {"C": 8.629676608020281, "epsilon": 8.686170158222689, "gamma": 0.03297239916508158, "lamda": 0.02489835265771709}, "datetime": {"datetime": "2021-09-16 11:55:22", "elapsed": 251.983731, "delta": 0.838818}}
{"target": -2.2222761195168315, "params": {"C": 19.796460806709383, "epsilon": 6.42545180872091, "gamma": 0.05, "lamda": 0.001}, "datetime": {"datetime": "2021-09-16 11:55:23", "elapsed": 252.749196, "delta": 0.765465}}
{"target": -2.8762509541976256, "params": {"C": 7.02295951946537, "epsilon": 10.512497064617662, "gamma": 0.01, "lamda": 0.001}, "datetime": {"datetime": "2021-09-16 11:55:24", "elapsed": 253.636686, "delta": 0.88749}}
{"target": -2.435856206280442, "params": {"C": 30.0, "epsilon": 1.7657841066494402, "gamma": 0.01, "lamda": 0.001}, "datetime": {"datetime": "2021-09-16 11:55:25", "elapsed": 254.56724, "delta": 0.930554}}
{"target": -2.192492043764504, "params": {"C": 22.777229758857285, "epsilon": 1.782065954310742, "gamma": 0.05, "lamda": 0.001}, "datetime": {"datetime": "2021-09-16 11:55:26", "elapsed": 255.593665, "delta": 1.026425}}
{"target": -2.159157998269419, "params": {"C": 30.0, "epsilon": 5.471280873570224, "gamma": 0.05, "lamda": 0.001}, "datetime": {"datetime": "2021-09-16 11:55:27", "elapsed": 256.503808, "delta": 0.910143}}
{"target": -16.514841634833537, "params": {"C": 27.592167507670627, "epsilon": 6.412310750798465, "gamma": 0.04630839512148315, "lamda": 0.06093752124516206}, "datetime": {"datetime": "2021-09-16 11:55:38", "elapsed": 267.772037, "delta": 11.268229}}
