{"target": -21.580852745416678, "params": {"C": 12.220149169658482, "epsilon": 16.3561386304644, "gamma": 0.03148887711468004, "lamda": 0.3300912773969535}, "datetime": {"datetime": "2021-09-16 12:24:44", "elapsed": 2014.035671, "delta": 12.057358}}
{"target": -16.036750358231142, "params": {"C": 20.397190327134563, "epsilon": 1.6447976501398496, "gamma": 0.04321398142368871, "lamda": 1.9959501634191081}, "datetime": {"datetime": "2021-09-16 12:24:56", "elapsed": 2026.436705, "delta": 12.401034}}
{"target": -17.289158417836006, "params": {"C": 9.862156802176019, "epsilon": 3.799244850947557, "gamma": 0.039786617334202884, "lamda": 2.089277558100966}, "datetime": {"datetime": "2021-09-16 12:25:09", "elapsed": 2038.695605, "delta": 12.2589}}
{"target": -19.545433833259683, "params": {"C": 5.340343820879587, "epsilon": 15.417707745835402, "gamma": 0.013752618276538878, "lamda": 1.3709379752223725}, "datetime": {"datetime": "2021-09-16 12:25:21", "elapsed": 2050.632846, "delta": 11.937241}}
{"target": -2.4391118160052625, "params": {"C": 11.952943323525894, "epsilon": 10.879276199346076, "gamma": 0.02899235045034019, "lamda": 0.00851359037355037}, "datetime": {"datetime": "2021-09-16 12:25:22", "elapsed": 2051.994058, "delta": 1.361212}}
{"target": -16.7054618992958, "params": {"C": 22.930642059549246, "epsilon": 1.7891667053413738, "gamma": 0.015769438982474432, "lamda": 1.1349626690093597}, "datetime": {"datetime": "2021-09-16 12:25:39", "elapsed": 2068.818475, "delta": 16.824417}}
{"target": -17.476547520028145, "params": {"C": 14.415046956096125, "epsilon": 0.663264794462232, "gamma": 0.019618168125793832, "lamda": 1.959167628533926}, "datetime": {"datetime": "2021-09-16 12:25:57", "elapsed": 2087.09018, "delta": 18.271705}}
{"target": -17.47273019772263, "params": {"C": 22.601431671593364, "epsilon": 6.997323165118017, "gamma": 0.02203230912086504, "lamda": 2.3906423804807053}, "datetime": {"datetime": "2021-09-16 12:26:09", "elapsed": 2099.1318, "delta": 12.04162}}
{"target": -14.628159599397183, "params": {"C": 20.272071472814183, "epsilon": 5.707032738483831, "gamma": 0.024792125907399577, "lamda": 2.239052583051321}, "datetime": {"datetime": "2021-09-16 12:26:21", "elapsed": 2110.881277, "delta": 11.749477}}
{"target": -17.306444002895066, "params": {"C": 8.543205301473744, "epsilon": 9.222002488898925, "gamma": 0.04953840746713898, "lamda": 2.8125150118012794}, "datetime": {"datetime": "2021-09-16 12:26:39", "elapsed": 2129.31086, "delta": 18.429583}}
{"target": -23.75010026191575, "params": {"C": 6.96617670706078, "epsilon": 19.647939819660255, "gamma": 0.04566494372139443, "lamda": 1.1056796457372218}, "datetime": {"datetime": "2021-09-16 12:26:58", "elapsed": 2148.096281, "delta": 18.785421}}
{"target": -21.402542278295336, "params": {"C": 14.118841014624035, "epsilon": 16.065965626992366, "gamma": 0.044687979820403734, "lamda": 0.5744109971279086}, "datetime": {"datetime": "2021-09-16 12:27:17", "elapsed": 2166.558436, "delta": 18.462155}}
{"target": -22.570661330879076, "params": {"C": 18.052773122577058, "epsilon": 16.163670899635086, "gamma": 0.04081940545573592, "lamda": 1.6330522260852656}, "datetime": {"datetime": "2021-09-16 12:27:35", "elapsed": 2185.396938, "delta": 18.838502}}
{"target": -20.569086987296004, "params": {"C": 12.690088266646137, "epsilon": 14.537053042283203, "gamma": 0.03625088453185228, "lamda": 0.11182611963770726}, "datetime": {"datetime": "2021-09-16 12:27:47", "elapsed": 2196.947313, "delta": 11.550375}}
{"target": -19.104646254476062, "params": {"C": 11.478609478500022, "epsilon": 11.098917516080009, "gamma": 0.031313691361924384, "lamda": 1.7181174556670815}, "datetime": {"datetime": "2021-09-16 12:28:06", "elapsed": 2215.648494, "delta": 18.701181}}
{"target": -19.629749327773208, "params": {"C": 15.932489782200287, "epsilon": 15.310764756732258, "gamma": 0.015288484295732143, "lamda": 0.6057352737596492}, "datetime": {"datetime": "2021-09-16 12:28:17", "elapsed": 2226.964129, "delta": 11.315635}}
{"target": -2.758310200268775, "params": {"C": 5.0779139458178335, "epsilon": 5.001309730026886, "gamma": 0.03959581845434278, "lamda": 0.007973198895149976}, "datetime": {"datetime": "2021-09-16 12:28:18", "elapsed": 2228.381193, "delta": 1.417064}}
{"target": -17.808701096027193, "params": {"C": 11.161500651208408, "epsilon": 9.295998887357586, "gamma": 0.021752300817463203, "lamda": 2.2665691461336723}, "datetime": {"datetime": "2021-09-16 12:28:30", "elapsed": 2240.11182, "delta": 11.730627}}
{"target": -16.929904878203406, "params": {"C": 21.31585715976658, "epsilon": 9.423363637947922, "gamma": 0.02538570050329604, "lamda": 0.07801983956430958}, "datetime": {"datetime": "2021-09-16 12:28:48", "elapsed": 2257.722508, "delta": 17.610688}}
{"target": -19.23500099026737, "params": {"C": 28.251393693635947, "epsilon": 11.951776085460091, "gamma": 0.046220646804080744, "lamda": 0.20218834423229062}, "datetime": {"datetime": "2021-09-16 12:29:06", "elapsed": 2276.215559, "delta": 18.493051}}
{"target": -15.925572072123254, "params": {"C": 10.52627816321726, "epsilon": 2.485230803711307, "gamma": 0.035873779633997044, "lamda": 0.7331176885465277}, "datetime": {"datetime": "2021-09-16 12:29:21", "elapsed": 2290.803612, "delta": 14.588053}}
{"target": -20.83470295424087, "params": {"C": 28.883740959603973, "epsilon": 14.897320069613665, "gamma": 0.020893722807881283, "lamda": 2.196062371407772}, "datetime": {"datetime": "2021-09-16 12:29:40", "elapsed": 2309.748625, "delta": 18.945013}}
{"target": -19.18308845648591, "params": {"C": 24.005074481533068, "epsilon": 10.829291845602809, "gamma": 0.017763821211014663, "lamda": 1.7543763300831987}, "datetime": {"datetime": "2021-09-16 12:29:52", "elapsed": 2321.968066, "delta": 12.219441}}
{"target": -23.72092087658447, "params": {"C": 3.86480406778352, "epsilon": 19.624338439753647, "gamma": 0.048381930467297087, "lamda": 0.38056893627571076}, "datetime": {"datetime": "2021-09-16 12:30:11", "elapsed": 2340.545595, "delta": 18.577529}}
{"target": -17.030759420243314, "params": {"C": 16.645243165239474, "epsilon": 9.383969207347143, "gamma": 0.016207513931945645, "lamda": 1.801343689537887}, "datetime": {"datetime": "2021-09-16 12:30:23", "elapsed": 2352.473824, "delta": 11.928229}}
{"target": -18.70443684771426, "params": {"C": 5.542294278097015, "epsilon": 11.102608699544167, "gamma": 0.03882088996411838, "lamda": 2.4986818091448173}, "datetime": {"datetime": "2021-09-16 12:30:42", "elapsed": 2371.514886, "delta": 19.041062}}
{"target": -16.155266989763803, "params": {"C": 26.880340506780882, "epsilon": 2.77102709694668, "gamma": 0.045063999180057, "lamda": 2.5060560632020294}, "datetime": {"datetime": "2021-09-16 12:31:00", "elapsed": 2389.532262, "delta": 18.017376}}
{"target": -2.306624252006345, "params": {"C": 23.51351104169702, "epsilon": 0.6610028904487137, "gamma": 0.019004802149027018, "lamda": 0.08938776995349541}, "datetime": {"datetime": "2021-09-16 12:31:01", "elapsed": 2391.059109, "delta": 1.526847}}
{"target": -19.581745117139167, "params": {"C": 7.334127835360442, "epsilon": 12.395809130672662, "gamma": 0.029124898869781868, "lamda": 1.7224440939766679}, "datetime": {"datetime": "2021-09-16 12:31:20", "elapsed": 2409.642299, "delta": 18.58319}}
{"target": -21.875475764407827, "params": {"C": 7.40710974269234, "epsilon": 15.607292177021149, "gamma": 0.01977304096745591, "lamda": 1.39758114518054}, "datetime": {"datetime": "2021-09-16 12:31:32", "elapsed": 2421.472633, "delta": 11.830334}}
{"target": -24.101242902426723, "params": {"C": 11.538757975519408, "epsilon": 18.74722998121412, "gamma": 0.029072315747517043, "lamda": 1.9754918187118065}, "datetime": {"datetime": "2021-09-16 12:31:50", "elapsed": 2440.405142, "delta": 18.932509}}
{"target": -16.561233344024487, "params": {"C": 9.784876064039409, "epsilon": 4.472827526921698, "gamma": 0.024309582930530187, "lamda": 0.6943362730746461}, "datetime": {"datetime": "2021-09-16 12:32:02", "elapsed": 2452.108859, "delta": 11.703717}}
{"target": -22.098491371307613, "params": {"C": 3.5653885632646314, "epsilon": 17.431801053450044, "gamma": 0.02848445661842667, "lamda": 0.3791900374349054}, "datetime": {"datetime": "2021-09-16 12:32:14", "elapsed": 2463.947972, "delta": 11.839113}}
{"target": -19.338888155993487, "params": {"C": 11.334037940263402, "epsilon": 12.65057996339717, "gamma": 0.017864827471066283, "lamda": 2.858156092381266}, "datetime": {"datetime": "2021-09-16 12:32:33", "elapsed": 2483.22186, "delta": 19.273888}}
{"target": -22.98807828989551, "params": {"C": 22.5465124656437, "epsilon": 16.867841207005537, "gamma": 0.026405521592847425, "lamda": 1.062899834121091}, "datetime": {"datetime": "2021-09-16 12:32:46", "elapsed": 2495.456431, "delta": 12.234571}}
{"target": -17.78458718227845, "params": {"C": 16.788151983130078, "epsilon": 7.910917535083354, "gamma": 0.027831844023543745, "lamda": 2.3657290047000554}, "datetime": {"datetime": "2021-09-16 12:32:58", "elapsed": 2507.890913, "delta": 12.434482}}
{"target": -20.820198958507216, "params": {"C": 5.18223367729029, "epsilon": 12.914327716993013, "gamma": 0.025821701936321398, "lamda": 1.4188251987101643}, "datetime": {"datetime": "2021-09-16 12:33:10", "elapsed": 2520.441335, "delta": 12.550422}}
{"target": -22.303441362272995, "params": {"C": 26.52494037360994, "epsilon": 17.48143254715346, "gamma": 0.04617689762801992, "lamda": 0.3773318128250778}, "datetime": {"datetime": "2021-09-16 12:33:29", "elapsed": 2539.269214, "delta": 18.827879}}
{"target": -2.5223484943339725, "params": {"C": 9.617870499698405, "epsilon": 0.6240782141447071, "gamma": 0.022607220134369825, "lamda": 0.14491466319703777}, "datetime": {"datetime": "2021-09-16 12:33:31", "elapsed": 2540.647176, "delta": 1.377962}}
{"target": -15.737313675585137, "params": {"C": 26.124576652200847, "epsilon": 5.401025427859127, "gamma": 0.049908235109075924, "lamda": 2.376140401601603}, "datetime": {"datetime": "2021-09-16 12:33:49", "elapsed": 2559.21358, "delta": 18.566404}}
{"target": -2.3159296796431903, "params": {"C": 14.638227818228582, "epsilon": 5.347078677336924, "gamma": 0.047697269334746814, "lamda": 0.01458547649684443}, "datetime": {"datetime": "2021-09-16 12:33:51", "elapsed": 2560.51397, "delta": 1.30039}}
{"target": -18.190892472117604, "params": {"C": 18.24030433703265, "epsilon": 7.932285383996709, "gamma": 0.01953457621483993, "lamda": 1.9862916128327102}, "datetime": {"datetime": "2021-09-16 12:34:02", "elapsed": 2572.224341, "delta": 11.710371}}
{"target": -2.3154799233162113, "params": {"C": 18.068625983229435, "epsilon": 9.172132786960702, "gamma": 0.019162450156241767, "lamda": 1.0031357311870275}, "datetime": {"datetime": "2021-09-16 12:34:04", "elapsed": 2573.907981, "delta": 1.68364}}
{"target": -16.310298266373568, "params": {"C": 17.416042876794315, "epsilon": 2.4682358050854902, "gamma": 0.02907593251209214, "lamda": 0.9545580688013909}, "datetime": {"datetime": "2021-09-16 12:34:21", "elapsed": 2590.813128, "delta": 16.905147}}
{"target": -15.91883000937005, "params": {"C": 27.850603011368538, "epsilon": 2.6219562268564314, "gamma": 0.02368422259047949, "lamda": 2.455078034820223}, "datetime": {"datetime": "2021-09-16 12:34:33", "elapsed": 2603.17125, "delta": 12.358122}}
{"target": -22.02391096683949, "params": {"C": 19.80255647555517, "epsilon": 16.494557817147506, "gamma": 0.023581053526080257, "lamda": 0.9533029721709396}, "datetime": {"datetime": "2021-09-16 12:34:45", "elapsed": 2615.287578, "delta": 12.116328}}
{"target": -22.550111013937872, "params": {"C": 25.938003845223992, "epsilon": 19.489416583886012, "gamma": 0.01289579304526734, "lamda": 0.6137819246390822}, "datetime": {"datetime": "2021-09-16 12:34:57", "elapsed": 2626.985594, "delta": 11.698016}}
{"target": -2.6198268420698696, "params": {"C": 6.816694997416775, "epsilon": 3.2976066657807377, "gamma": 0.030963059931440814, "lamda": 1.698748343640244}, "datetime": {"datetime": "2021-09-16 12:34:58", "elapsed": 2628.298494, "delta": 1.3129}}
{"target": -15.49369354066837, "params": {"C": 22.563367565809045, "epsilon": 2.6061105635446844, "gamma": 0.04471385183669948, "lamda": 0.7177579322279838}, "datetime": {"datetime": "2021-09-16 12:35:17", "elapsed": 2646.541598, "delta": 18.243104}}
{"target": -15.822755769368266, "params": {"C": 27.24012876455926, "epsilon": 10.703740946610932, "gamma": 0.01273451742388477, "lamda": 0.644053075888863}, "datetime": {"datetime": "2021-09-16 12:35:35", "elapsed": 2665.117028, "delta": 18.57543}}
{"target": -21.07684836774779, "params": {"C": 26.46378084600146, "epsilon": 15.736654106087578, "gamma": 0.01716224853043498, "lamda": 1.1929667157908652}, "datetime": {"datetime": "2021-09-16 12:35:47", "elapsed": 2677.164657, "delta": 12.047629}}
{"target": -16.18709603528871, "params": {"C": 25.711032531478153, "epsilon": 0.6581571864701494, "gamma": 0.0428918944106766, "lamda": 0.15101944304931073}, "datetime": {"datetime": "2021-09-16 12:35:59", "elapsed": 2689.364192, "delta": 12.199535}}
{"target": -15.421831612433593, "params": {"C": 25.160836469749434, "epsilon": 2.6478498056739963, "gamma": 0.044419744937804484, "lamda": 0.47396934014182274}, "datetime": {"datetime": "2021-09-16 12:36:17", "elapsed": 2707.398113, "delta": 18.033921}}
{"target": -17.527784408852984, "params": {"C": 20.055120763176987, "epsilon": 11.012487498874515, "gamma": 0.012360529315514169, "lamda": 2.779245631239481}, "datetime": {"datetime": "2021-09-16 12:36:30", "elapsed": 2719.567063, "delta": 12.16895}}
{"target": -18.11021421063598, "params": {"C": 15.030902442425095, "epsilon": 7.495140789977937, "gamma": 0.03041512464144333, "lamda": 2.0159357059537504}, "datetime": {"datetime": "2021-09-16 12:36:42", "elapsed": 2731.807163, "delta": 12.2401}}
{"target": -17.512092086635175, "params": {"C": 27.17697666908805, "epsilon": 0.1738072334286691, "gamma": 0.03594646106892207, "lamda": 0.4021393208515575}, "datetime": {"datetime": "2021-09-16 12:36:54", "elapsed": 2744.351003, "delta": 12.54384}}
{"target": -19.34006480680577, "params": {"C": 21.646204116523418, "epsilon": 13.33284871842312, "gamma": 0.04887542802662893, "lamda": 0.5719515168208507}, "datetime": {"datetime": "2021-09-16 12:37:13", "elapsed": 2762.90699, "delta": 18.555987}}
{"target": -16.68470963599474, "params": {"C": 20.9672293738279, "epsilon": 2.751206301728688, "gamma": 0.03450242816266739, "lamda": 1.7560270758013536}, "datetime": {"datetime": "2021-09-16 12:37:25", "elapsed": 2774.667953, "delta": 11.760963}}
{"target": -23.118090351031213, "params": {"C": 12.444890780176603, "epsilon": 18.617394681011582, "gamma": 0.021360650713142512, "lamda": 0.6693297732131361}, "datetime": {"datetime": "2021-09-16 12:37:36", "elapsed": 2786.19591, "delta": 11.527957}}
{"target": -23.06164907039206, "params": {"C": 20.747696081923976, "epsilon": 17.84329386913062, "gamma": 0.033120790020861476, "lamda": 0.845825362276163}, "datetime": {"datetime": "2021-09-16 12:37:55", "elapsed": 2805.080663, "delta": 18.884753}}
{"target": -22.3905262757341, "params": {"C": 21.39072214950169, "epsilon": 16.13482170612564, "gamma": 0.03333541728782537, "lamda": 2.734234675025803}, "datetime": {"datetime": "2021-09-16 12:38:14", "elapsed": 2824.03772, "delta": 18.957057}}
{"target": -18.360002795556497, "params": {"C": 16.41614905216686, "epsilon": 9.77227226817096, "gamma": 0.04072522625764518, "lamda": 1.977721591092135}, "datetime": {"datetime": "2021-09-16 12:38:33", "elapsed": 2842.844651, "delta": 18.806931}}
{"target": -20.923081453742586, "params": {"C": 23.463339315165562, "epsilon": 16.02304067409474, "gamma": 0.04814060076728842, "lamda": 0.4351847478376864}, "datetime": {"datetime": "2021-09-16 12:38:52", "elapsed": 2861.510413, "delta": 18.665762}}
{"target": -21.485522390633594, "params": {"C": 11.85925608344892, "epsilon": 13.78420836550235, "gamma": 0.03877667647895668, "lamda": 2.5033306388720544}, "datetime": {"datetime": "2021-09-16 12:39:11", "elapsed": 2880.682504, "delta": 19.172091}}
{"target": -19.663396533395073, "params": {"C": 6.947557032712984, "epsilon": 13.735439805485878, "gamma": 0.037628846651933716, "lamda": 1.621795473343404}, "datetime": {"datetime": "2021-09-16 12:39:29", "elapsed": 2899.194064, "delta": 18.51156}}
{"target": -20.766771543418916, "params": {"C": 6.56267428520266, "epsilon": 12.376882660895351, "gamma": 0.02356386794649481, "lamda": 2.970019670751776}, "datetime": {"datetime": "2021-09-16 12:39:48", "elapsed": 2918.003176, "delta": 18.809112}}
{"target": -24.277895395947148, "params": {"C": 20.50388898275404, "epsilon": 19.467507283275932, "gamma": 0.022683474128366667, "lamda": 1.1550121830094287}, "datetime": {"datetime": "2021-09-16 12:40:00", "elapsed": 2930.220746, "delta": 12.21757}}
{"target": -20.32279823410711, "params": {"C": 15.250041328586823, "epsilon": 13.34323630144177, "gamma": 0.020472526288585327, "lamda": 0.6517116335757548}, "datetime": {"datetime": "2021-09-16 12:40:12", "elapsed": 2941.719332, "delta": 11.498586}}
{"target": -16.31483501146848, "params": {"C": 10.118669536869227, "epsilon": 6.9455824837080415, "gamma": 0.014112969144908193, "lamda": 1.0242459214728026}, "datetime": {"datetime": "2021-09-16 12:40:24", "elapsed": 2953.797373, "delta": 12.078041}}
{"target": -25.24471277024661, "params": {"C": 14.75412083284261, "epsilon": 19.766565753129445, "gamma": 0.02364694535869582, "lamda": 1.4990216229697797}, "datetime": {"datetime": "2021-09-16 12:40:44", "elapsed": 2973.486187, "delta": 19.688814}}
{"target": -19.774961852250733, "params": {"C": 25.21049359568798, "epsilon": 13.851297045077311, "gamma": 0.015758183615445183, "lamda": 2.876350842581972}, "datetime": {"datetime": "2021-09-16 12:40:56", "elapsed": 2986.320869, "delta": 12.834682}}
{"target": -21.162522850233085, "params": {"C": 22.01441359497234, "epsilon": 15.191995504527343, "gamma": 0.036034608783210034, "lamda": 1.4626852362028888}, "datetime": {"datetime": "2021-09-16 12:41:15", "elapsed": 3004.886272, "delta": 18.565403}}
{"target": -17.15490477476907, "params": {"C": 13.930663548678494, "epsilon": 7.667997702510092, "gamma": 0.04514021009233297, "lamda": 1.4543004033675908}, "datetime": {"datetime": "2021-09-16 12:41:34", "elapsed": 3024.032656, "delta": 19.146384}}
{"target": -18.320546819036934, "params": {"C": 23.19461785461926, "epsilon": 11.005193193730173, "gamma": 0.03548935355781548, "lamda": 1.1379887415321719}, "datetime": {"datetime": "2021-09-16 12:41:53", "elapsed": 3043.077387, "delta": 19.044731}}
{"target": -22.283938369124346, "params": {"C": 5.055878878527185, "epsilon": 17.387258986527012, "gamma": 0.04961614629809284, "lamda": 0.30883058107038164}, "datetime": {"datetime": "2021-09-16 12:42:12", "elapsed": 3061.890897, "delta": 18.81351}}
{"target": -22.228265342024272, "params": {"C": 25.20754308693997, "epsilon": 16.06142432863639, "gamma": 0.023667167793893093, "lamda": 2.87744848100139}, "datetime": {"datetime": "2021-09-16 12:42:31", "elapsed": 3081.332792, "delta": 19.441895}}
{"target": -17.819075568359864, "params": {"C": 28.875528958411685, "epsilon": 6.903179210321222, "gamma": 0.02806337174359974, "lamda": 1.7804826979589317}, "datetime": {"datetime": "2021-09-16 12:42:43", "elapsed": 3093.083012, "delta": 11.75022}}
{"target": -23.846447641692663, "params": {"C": 15.893564600721144, "epsilon": 19.681946997717997, "gamma": 0.04106804737900795, "lamda": 2.0349349673238026}, "datetime": {"datetime": "2021-09-16 12:43:03", "elapsed": 3112.468977, "delta": 19.385965}}
{"target": -17.980180606604897, "params": {"C": 6.7639610167342905, "epsilon": 8.888217965752965, "gamma": 0.03555766356035165, "lamda": 1.1977657887794042}, "datetime": {"datetime": "2021-09-16 12:43:21", "elapsed": 3131.390987, "delta": 18.92201}}
{"target": -17.362556624891315, "params": {"C": 27.962555608824978, "epsilon": 3.4757989419418927, "gamma": 0.024776921923297942, "lamda": 1.5346582626916452}, "datetime": {"datetime": "2021-09-16 12:43:32", "elapsed": 3142.170685, "delta": 10.779698}}
{"target": -23.044812161975468, "params": {"C": 7.973094808273247, "epsilon": 18.938003034463573, "gamma": 0.019883511711805267, "lamda": 1.892652788785503}, "datetime": {"datetime": "2021-09-16 12:43:52", "elapsed": 3161.721148, "delta": 19.550463}}
{"target": -22.767304795555134, "params": {"C": 27.08910534438793, "epsilon": 16.220096115600406, "gamma": 0.022840324742785093, "lamda": 1.1326759251626868}, "datetime": {"datetime": "2021-09-16 12:44:04", "elapsed": 3174.265927, "delta": 12.544779}}
{"target": -24.38225534437553, "params": {"C": 19.680965428026617, "epsilon": 18.379279261668046, "gamma": 0.03472722833603069, "lamda": 2.050085017640788}, "datetime": {"datetime": "2021-09-16 12:44:23", "elapsed": 3192.974927, "delta": 18.709}}
{"target": -18.93786545518506, "params": {"C": 23.78385581639588, "epsilon": 9.189580064268897, "gamma": 0.03563092434005499, "lamda": 2.3094614123485973}, "datetime": {"datetime": "2021-09-16 12:44:42", "elapsed": 3212.143673, "delta": 19.168746}}
{"target": -22.08586690183894, "params": {"C": 18.883486686730542, "epsilon": 17.549589644802648, "gamma": 0.01618378566703311, "lamda": 2.0762773514088226}, "datetime": {"datetime": "2021-09-16 12:44:55", "elapsed": 3225.131384, "delta": 12.987711}}
{"target": -19.540707362769545, "params": {"C": 3.9540043465769994, "epsilon": 11.145457963259998, "gamma": 0.03052687590366914, "lamda": 1.8104289090981278}, "datetime": {"datetime": "2021-09-16 12:45:15", "elapsed": 3244.884044, "delta": 19.75266}}
{"target": -21.865052904910804, "params": {"C": 21.284472253754608, "epsilon": 14.656419590857451, "gamma": 0.03229402628975376, "lamda": 2.0145492312824897}, "datetime": {"datetime": "2021-09-16 12:45:33", "elapsed": 3263.439943, "delta": 18.555899}}
