{"target": 0.8523223412350504, "params": {"C": 65.44039603016574, "epsilon": 0.8934134728434331, "gamma": 0.2, "lamda": 0.6504384124582919}, "datetime": {"datetime": "2021-09-23 11:39:07", "elapsed": 75.541683, "delta": 0.673246}}
{"target": 0.8521865189738352, "params": {"C": 65.99689119659145, "epsilon": 0.168647462231206, "gamma": 0.2, "lamda": 0.964695381320188}, "datetime": {"datetime": "2021-09-23 11:39:07", "elapsed": 76.253678, "delta": 0.711995}}
{"target": 0.8521923964506142, "params": {"C": 66.50709626023412, "epsilon": 0.828660555467884, "gamma": 0.2, "lamda": 0.38524397594169235}, "datetime": {"datetime": "2021-09-23 11:39:08", "elapsed": 77.002441, "delta": 0.748763}}
{"target": 0.864324072860118, "params": {"C": 66.9541292511097, "epsilon": 0.001, "gamma": 0.01, "lamda": 0.4445818565894094}, "datetime": {"datetime": "2021-09-23 11:39:09", "elapsed": 77.708115, "delta": 0.705674}}
{"target": -0.6520882416789537, "params": {"C": 67.42673460734186, "epsilon": 0.826023590217727, "gamma": 0.15420990370977938, "lamda": 0.9380341074752239}, "datetime": {"datetime": "2021-09-23 11:39:19", "elapsed": 88.383064, "delta": 10.674949}}
{"target": 0.8811274614244259, "params": {"C": 51.91835256707005, "epsilon": 0.48994678727192886, "gamma": 0.1315856388317042, "lamda": 0.4889479554790393}, "datetime": {"datetime": "2021-09-23 11:39:20", "elapsed": 89.020779, "delta": 0.637715}}
{"target": -2.4798936645031997, "params": {"C": 52.5114954105907, "epsilon": 1.0, "gamma": 0.01, "lamda": 1.0}, "datetime": {"datetime": "2021-09-23 11:39:30", "elapsed": 98.483825, "delta": 9.463046}}
{"target": -2.1058975754580596, "params": {"C": 78.39608696836532, "epsilon": 0.16216428386749, "gamma": 0.05460368952881986, "lamda": 0.24729593913971307}, "datetime": {"datetime": "2021-09-23 11:39:38", "elapsed": 107.342984, "delta": 8.859159}}
{"target": 0.8532580334754274, "params": {"C": 52.35990915824495, "epsilon": 0.001, "gamma": 0.2, "lamda": 0.03634177714829348}, "datetime": {"datetime": "2021-09-23 11:39:39", "elapsed": 107.90627, "delta": 0.563286}}
{"target": 0.8531714219459721, "params": {"C": 51.360561355560286, "epsilon": 0.001, "gamma": 0.2, "lamda": 0.12389740012263176}, "datetime": {"datetime": "2021-09-23 11:39:40", "elapsed": 108.536477, "delta": 0.630207}}
{"target": 0.8936358900386266, "params": {"C": 53.53826720048184, "epsilon": 0.08153654803808193, "gamma": 0.10028882146820935, "lamda": 0.05764645905232488}, "datetime": {"datetime": "2021-09-23 11:39:40", "elapsed": 109.120399, "delta": 0.583922}}
{"target": 0.8705150528166168, "params": {"C": 51.10036272265101, "epsilon": 0.9506326141560002, "gamma": 0.1571228153223626, "lamda": 0.07996511647710304}, "datetime": {"datetime": "2021-09-23 11:39:41", "elapsed": 109.792967, "delta": 0.672568}}
{"target": 0.8628679064267586, "params": {"C": 50.7873611356728, "epsilon": 0.4089395524859434, "gamma": 0.17693380789525817, "lamda": 0.8277188548233361}, "datetime": {"datetime": "2021-09-23 11:39:42", "elapsed": 110.587349, "delta": 0.794382}}
{"target": 0.8614712413700558, "params": {"C": 50.21983081517325, "epsilon": 0.3332349022256606, "gamma": 0.01, "lamda": 0.001}, "datetime": {"datetime": "2021-09-23 11:39:42", "elapsed": 111.258587, "delta": 0.671238}}
{"target": -4.03473659295981, "params": {"C": 50.02606249423573, "epsilon": 0.9734531926784349, "gamma": 0.028302317604698937, "lamda": 0.6064328616395026}, "datetime": {"datetime": "2021-09-23 11:39:52", "elapsed": 120.687609, "delta": 9.429022}}
{"target": 0.8534867663101532, "params": {"C": 72.47375926109693, "epsilon": 0.011364898386478101, "gamma": 0.19621149450849842, "lamda": 0.24345097542728386}, "datetime": {"datetime": "2021-09-23 11:39:52", "elapsed": 121.212586, "delta": 0.524977}}
{"target": 0.8616742233780732, "params": {"C": 51.42916859966642, "epsilon": 0.001, "gamma": 0.01, "lamda": 1.0}, "datetime": {"datetime": "2021-09-23 11:39:53", "elapsed": 121.796622, "delta": 0.584036}}
{"target": 0.8775129567762192, "params": {"C": 53.9185666328488, "epsilon": 0.011098676903417232, "gamma": 0.14147717726915368, "lamda": 0.9064349554439773}, "datetime": {"datetime": "2021-09-23 11:39:54", "elapsed": 122.464624, "delta": 0.668002}}
{"target": 0.8533952597849994, "params": {"C": 54.318253691713345, "epsilon": 0.7407516873182542, "gamma": 0.2, "lamda": 0.26852903720588206}, "datetime": {"datetime": "2021-09-23 11:39:54", "elapsed": 123.047956, "delta": 0.583332}}
{"target": 0.906780910030157, "params": {"C": 54.56304950501199, "epsilon": 0.013508794626593379, "gamma": 0.060756704210373574, "lamda": 0.14071524409782132}, "datetime": {"datetime": "2021-09-23 11:39:55", "elapsed": 123.637512, "delta": 0.589556}}
{"target": -3.1754958418858577, "params": {"C": 54.81169677514245, "epsilon": 0.4827538231588671, "gamma": 0.04236683676252656, "lamda": 0.9599747856933305}, "datetime": {"datetime": "2021-09-23 11:40:10", "elapsed": 138.756535, "delta": 15.119023}}
{"target": 0.8621044043420978, "params": {"C": 53.62508696753118, "epsilon": 1.0, "gamma": 0.01, "lamda": 0.001}, "datetime": {"datetime": "2021-09-23 11:40:10", "elapsed": 139.384533, "delta": 0.627998}}
{"target": 0.8521229900834477, "params": {"C": 66.34244010048717, "epsilon": 0.001, "gamma": 0.2, "lamda": 0.001}, "datetime": {"datetime": "2021-09-23 11:40:11", "elapsed": 140.041493, "delta": 0.65696}}
{"target": 0.9011425567150625, "params": {"C": 99.98863366802237, "epsilon": 0.1793161078726516, "gamma": 0.08953506668943668, "lamda": 0.08046135782421064}, "datetime": {"datetime": "2021-09-23 11:40:12", "elapsed": 140.616493, "delta": 0.575}}
{"target": 0.8945524855177072, "params": {"C": 99.04611716217121, "epsilon": 0.17505215208574718, "gamma": 0.10929695317980766, "lamda": 0.43306930420700634}, "datetime": {"datetime": "2021-09-23 11:40:12", "elapsed": 141.389496, "delta": 0.773003}}
{"target": -3.423732782140826, "params": {"C": 99.72506841744801, "epsilon": 0.8354130736882617, "gamma": 0.040457680607519086, "lamda": 0.8146482479782281}, "datetime": {"datetime": "2021-09-23 11:40:23", "elapsed": 151.456685, "delta": 10.067189}}
{"target": 0.8471272924928327, "params": {"C": 98.36544975033142, "epsilon": 0.001, "gamma": 0.2, "lamda": 0.001}, "datetime": {"datetime": "2021-09-23 11:40:23", "elapsed": 152.188726, "delta": 0.732041}}
{"target": -2.2433292089494365, "params": {"C": 98.20715987924359, "epsilon": 0.001, "gamma": 0.01, "lamda": 0.9050191374951126}, "datetime": {"datetime": "2021-09-23 11:40:33", "elapsed": 161.692726, "delta": 9.504}}
{"target": 0.9034962220256847, "params": {"C": 90.90322909412205, "epsilon": 0.16663203563647297, "gamma": 0.08389758162745332, "lamda": 0.3340522872528428}, "datetime": {"datetime": "2021-09-23 11:40:33", "elapsed": 162.313686, "delta": 0.62096}}
{"target": 0.9024450445409451, "params": {"C": 91.66942816276998, "epsilon": 0.001, "gamma": 0.08604255836132113, "lamda": 0.011509179772985274}, "datetime": {"datetime": "2021-09-23 11:40:34", "elapsed": 163.11118, "delta": 0.797494}}
{"target": 0.889338428359194, "params": {"C": 91.58034548774503, "epsilon": 0.001, "gamma": 0.1218549448386167, "lamda": 0.8872286329367818}, "datetime": {"datetime": "2021-09-23 11:40:35", "elapsed": 163.900178, "delta": 0.788998}}
{"target": 0.8905929004691914, "params": {"C": 91.60945602495516, "epsilon": 0.7786386955138181, "gamma": 0.11844730473224208, "lamda": 0.5056796718295681}, "datetime": {"datetime": "2021-09-23 11:40:36", "elapsed": 164.511735, "delta": 0.611557}}
{"target": 0.8480572741807959, "params": {"C": 92.44838669320035, "epsilon": 0.29442656720597066, "gamma": 0.2, "lamda": 0.5342728781071813}, "datetime": {"datetime": "2021-09-23 11:40:36", "elapsed": 165.307014, "delta": 0.795279}}
{"target": 0.8961268018069615, "params": {"C": 84.78543636995947, "epsilon": 0.6009762194077778, "gamma": 0.10009445242444381, "lamda": 0.15764788537429314}, "datetime": {"datetime": "2021-09-23 11:40:37", "elapsed": 165.887968, "delta": 0.580954}}
{"target": 0.8680936783533058, "params": {"C": 92.3830997902013, "epsilon": 0.8695027477131844, "gamma": 0.010276904535985783, "lamda": 0.027800937339069555}, "datetime": {"datetime": "2021-09-23 11:40:38", "elapsed": 166.598495, "delta": 0.710527}}
{"target": 0.875133629817122, "params": {"C": 52.86872857342898, "epsilon": 0.260669085442419, "gamma": 0.14684855349999346, "lamda": 0.5945837727847765}, "datetime": {"datetime": "2021-09-23 11:40:38", "elapsed": 167.130453, "delta": 0.531958}}
{"target": 0.8889033984335772, "params": {"C": 83.93277679405072, "epsilon": 0.16770802845312516, "gamma": 0.1211624147024685, "lamda": 0.5009627605422468}, "datetime": {"datetime": "2021-09-23 11:40:39", "elapsed": 168.09745, "delta": 0.966997}}
{"target": 0.8937244063232211, "params": {"C": 84.8205756610455, "epsilon": 0.015050287982613493, "gamma": 0.10781721318972082, "lamda": 0.9992452916098634}, "datetime": {"datetime": "2021-09-23 11:40:40", "elapsed": 168.849453, "delta": 0.752003}}
{"target": -1.162990469946437, "params": {"C": 84.49625516697452, "epsilon": 0.9573553774360992, "gamma": 0.1089725629061194, "lamda": 0.9968704716968917}, "datetime": {"datetime": "2021-09-23 11:40:49", "elapsed": 178.068506, "delta": 9.219053}}
{"target": 0.8491263024550488, "params": {"C": 85.42749724628221, "epsilon": 0.001, "gamma": 0.2, "lamda": 0.20552250175723882}, "datetime": {"datetime": "2021-09-23 11:40:50", "elapsed": 178.750558, "delta": 0.682052}}
{"target": -2.543818550189137, "params": {"C": 92.47394175833611, "epsilon": 1.0, "gamma": 0.01, "lamda": 1.0}, "datetime": {"datetime": "2021-09-23 11:40:59", "elapsed": 187.870923, "delta": 9.120365}}
{"target": 0.8571295054545234, "params": {"C": 92.84081988770777, "epsilon": 0.05682454558744587, "gamma": 0.1852861986673202, "lamda": 0.015310192271622437}, "datetime": {"datetime": "2021-09-23 11:41:00", "elapsed": 188.664799, "delta": 0.793876}}
{"target": 0.8680031449273427, "params": {"C": 99.28839152502665, "epsilon": 0.001, "gamma": 0.01, "lamda": 0.001}, "datetime": {"datetime": "2021-09-23 11:41:01", "elapsed": 189.526798, "delta": 0.861999}}
{"target": 0.8668448332031812, "params": {"C": 91.06936112899687, "epsilon": 1.0, "gamma": 0.01, "lamda": 0.001}, "datetime": {"datetime": "2021-09-23 11:41:01", "elapsed": 190.307245, "delta": 0.780447}}
{"target": 0.8663130624287837, "params": {"C": 85.9046007451282, "epsilon": 0.001, "gamma": 0.01, "lamda": 1.0}, "datetime": {"datetime": "2021-09-23 11:41:02", "elapsed": 191.18165, "delta": 0.874405}}
{"target": -2.1173101763672664, "params": {"C": 85.95232081800964, "epsilon": 0.8185019745155434, "gamma": 0.01, "lamda": 0.2673995426612276}, "datetime": {"datetime": "2021-09-23 11:41:12", "elapsed": 200.811909, "delta": 9.630259}}
{"target": 0.8492531556872465, "params": {"C": 84.53339376537322, "epsilon": 0.001, "gamma": 0.2, "lamda": 0.001}, "datetime": {"datetime": "2021-09-23 11:41:13", "elapsed": 201.615912, "delta": 0.804003}}
{"target": 0.8844566773377492, "params": {"C": 83.1044828870755, "epsilon": 0.001, "gamma": 0.1322133086346256, "lamda": 0.001}, "datetime": {"datetime": "2021-09-23 11:41:13", "elapsed": 202.408235, "delta": 0.792323}}
{"target": -1.4112764785969798, "params": {"C": 82.99302292518584, "epsilon": 0.020952728072612812, "gamma": 0.09029059131606235, "lamda": 0.9522109376997648}, "datetime": {"datetime": "2021-09-23 11:41:24", "elapsed": 213.239318, "delta": 10.831083}}
{"target": -1.1951409361652003, "params": {"C": 60.546604279277474, "epsilon": 0.21783762352430494, "gamma": 0.11311488406249014, "lamda": 0.5396470895607841}, "datetime": {"datetime": "2021-09-23 11:41:35", "elapsed": 223.676405, "delta": 10.437087}}
{"target": 0.8921725440654766, "params": {"C": 83.92843714598504, "epsilon": 0.7578366292766172, "gamma": 0.11195216559736534, "lamda": 0.007106086725259171}, "datetime": {"datetime": "2021-09-23 11:41:36", "elapsed": 224.720409, "delta": 1.044004}}
{"target": 0.8495281768503196, "params": {"C": 82.94842976304946, "epsilon": 1.0, "gamma": 0.2, "lamda": 0.001}, "datetime": {"datetime": "2021-09-23 11:41:37", "elapsed": 225.577642, "delta": 0.857233}}
{"target": 0.8635289517286628, "params": {"C": 50.65256108432574, "epsilon": 0.011147187366311675, "gamma": 0.1753117097765082, "lamda": 0.16066858140519977}, "datetime": {"datetime": "2021-09-23 11:41:38", "elapsed": 226.490867, "delta": 0.913225}}
{"target": 0.89968598641793, "params": {"C": 81.81216223302712, "epsilon": 0.9532425028233871, "gamma": 0.09016174501270226, "lamda": 0.0968478335010131}, "datetime": {"datetime": "2021-09-23 11:41:38", "elapsed": 227.346566, "delta": 0.855699}}
{"target": 0.8497698971477905, "params": {"C": 80.83045502147131, "epsilon": 1.0, "gamma": 0.2, "lamda": 0.001}, "datetime": {"datetime": "2021-09-23 11:41:39", "elapsed": 228.070918, "delta": 0.724352}}
{"target": 0.8497018861995536, "params": {"C": 81.31201653892658, "epsilon": 0.10534216498305772, "gamma": 0.2, "lamda": 0.001}, "datetime": {"datetime": "2021-09-23 11:41:40", "elapsed": 228.86192, "delta": 0.791002}}
{"target": -2.268885502493066, "params": {"C": 81.13720491082036, "epsilon": 0.6597006286326621, "gamma": 0.01, "lamda": 0.8408229792337598}, "datetime": {"datetime": "2021-09-23 11:41:49", "elapsed": 237.853864, "delta": 8.991944}}
{"target": -1.926813409729728, "params": {"C": 74.75098690403291, "epsilon": 0.6162574794018646, "gamma": 0.07523556911942719, "lamda": 0.7909729386236388}, "datetime": {"datetime": "2021-09-23 11:41:59", "elapsed": 247.569801, "delta": 9.715937}}
{"target": 0.8809618479720913, "params": {"C": 82.07437631655657, "epsilon": 0.17174454298815978, "gamma": 0.1413593872498964, "lamda": 0.024070015858985182}, "datetime": {"datetime": "2021-09-23 11:41:59", "elapsed": 248.413546, "delta": 0.843745}}
{"target": 0.8808829576166541, "params": {"C": 93.96027420111719, "epsilon": 0.24277552048593956, "gamma": 0.1435821199838087, "lamda": 0.10612868601387723}, "datetime": {"datetime": "2021-09-23 11:42:00", "elapsed": 249.190685, "delta": 0.777139}}
{"target": 0.8476691809998564, "params": {"C": 94.92323980959691, "epsilon": 0.001, "gamma": 0.2, "lamda": 0.001}, "datetime": {"datetime": "2021-09-23 11:42:01", "elapsed": 250.160806, "delta": 0.970121}}
{"target": 0.8657162411939492, "params": {"C": 94.7197063399371, "epsilon": 0.9419746106725283, "gamma": 0.17167185734268559, "lamda": 0.05764835927560399}, "datetime": {"datetime": "2021-09-23 11:42:02", "elapsed": 250.942449, "delta": 0.781643}}
{"target": 0.8477043804530118, "params": {"C": 94.63820985040904, "epsilon": 0.35815317436423305, "gamma": 0.2, "lamda": 0.8790038378291493}, "datetime": {"datetime": "2021-09-23 11:42:03", "elapsed": 251.847276, "delta": 0.904827}}
{"target": -2.2871458427405598, "params": {"C": 95.56416738407687, "epsilon": 0.6206193945303515, "gamma": 0.01, "lamda": 0.5286667810385647}, "datetime": {"datetime": "2021-09-23 11:42:14", "elapsed": 262.843954, "delta": 10.996678}}
{"target": -0.8560693960492851, "params": {"C": 93.89379071488108, "epsilon": 0.04946314250713536, "gamma": 0.14369832926585965, "lamda": 0.9962612172161123}, "datetime": {"datetime": "2021-09-23 11:42:24", "elapsed": 272.998809, "delta": 10.154855}}
{"target": 0.8672266626021529, "params": {"C": 93.88629826132157, "epsilon": 1.0, "gamma": 0.01, "lamda": 0.001}, "datetime": {"datetime": "2021-09-23 11:42:25", "elapsed": 273.797814, "delta": 0.799005}}
{"target": 0.8519078944232331, "params": {"C": 67.79880850309938, "epsilon": 0.001, "gamma": 0.2, "lamda": 0.001}, "datetime": {"datetime": "2021-09-23 11:42:26", "elapsed": 274.552808, "delta": 0.754994}}
{"target": 0.9035003459402008, "params": {"C": 68.71706505948953, "epsilon": 0.0512818062870471, "gamma": 0.07974287992691034, "lamda": 0.09049881002227253}, "datetime": {"datetime": "2021-09-23 11:42:26", "elapsed": 275.364815, "delta": 0.812007}}
{"target": 0.8518638979187919, "params": {"C": 68.54136199370073, "epsilon": 0.922848490386159, "gamma": 0.2, "lamda": 0.001}, "datetime": {"datetime": "2021-09-23 11:42:27", "elapsed": 276.155813, "delta": 0.790998}}
{"target": 0.8517787796927827, "params": {"C": 68.92314242109755, "epsilon": 0.5724065046935621, "gamma": 0.2, "lamda": 0.8268442064300151}, "datetime": {"datetime": "2021-09-23 11:42:28", "elapsed": 276.958807, "delta": 0.802994}}
{"target": 0.8629912752001587, "params": {"C": 69.43607058716293, "epsilon": 0.6950695120311555, "gamma": 0.18039866724770762, "lamda": 0.09676613189773835}, "datetime": {"datetime": "2021-09-23 11:42:29", "elapsed": 277.868807, "delta": 0.91}}
{"target": 0.8717101164110954, "params": {"C": 53.1587405895109, "epsilon": 0.06266225521797725, "gamma": 0.15514062161199924, "lamda": 0.025137513881293597}, "datetime": {"datetime": "2021-09-23 11:42:29", "elapsed": 278.444808, "delta": 0.576001}}
{"target": 0.887486634978656, "params": {"C": 68.28418458358627, "epsilon": 0.008462391873554118, "gamma": 0.12060311870999435, "lamda": 0.8703624400923964}, "datetime": {"datetime": "2021-09-23 11:42:30", "elapsed": 279.219807, "delta": 0.774999}}
{"target": -1.9842790164574509, "params": {"C": 87.49977011724746, "epsilon": 0.021378086339770126, "gamma": 0.07159330222943529, "lamda": 0.9576308288622226}, "datetime": {"datetime": "2021-09-23 11:42:40", "elapsed": 289.093358, "delta": 9.873551}}
{"target": 0.8640511899043183, "params": {"C": 65.01481541168444, "epsilon": 1.0, "gamma": 0.01, "lamda": 0.001}, "datetime": {"datetime": "2021-09-23 11:42:41", "elapsed": 289.958358, "delta": 0.865}}
{"target": 0.8470770412352905, "params": {"C": 98.5128192058809, "epsilon": 0.8739985869950817, "gamma": 0.2, "lamda": 0.001}, "datetime": {"datetime": "2021-09-23 11:42:42", "elapsed": 290.794364, "delta": 0.836006}}
{"target": 0.8531419100352513, "params": {"C": 58.83597229553377, "epsilon": 1.0, "gamma": 0.2, "lamda": 0.001}, "datetime": {"datetime": "2021-09-23 11:42:43", "elapsed": 291.688364, "delta": 0.894}}
{"target": 0.8685604004048207, "params": {"C": 58.94513893112112, "epsilon": 0.9413797637068196, "gamma": 0.16577882535751243, "lamda": 0.9865272218069748}, "datetime": {"datetime": "2021-09-23 11:42:44", "elapsed": 292.519906, "delta": 0.831542}}
{"target": 0.884477081503513, "params": {"C": 83.9363787361819, "epsilon": 0.18601448220471403, "gamma": 0.1322948325633882, "lamda": 0.5051283174515107}, "datetime": {"datetime": "2021-09-23 11:42:44", "elapsed": 293.146905, "delta": 0.626999}}
{"target": 0.8531858894502446, "params": {"C": 58.769246122263844, "epsilon": 0.027879044823575182, "gamma": 0.2, "lamda": 0.4106573558492943}, "datetime": {"datetime": "2021-09-23 11:42:45", "elapsed": 294.003913, "delta": 0.857008}}
{"target": -2.3742561382258387, "params": {"C": 58.23739177615448, "epsilon": 1.0, "gamma": 0.01, "lamda": 0.552378225781384}, "datetime": {"datetime": "2021-09-23 11:42:55", "elapsed": 303.741748, "delta": 9.737835}}
{"target": 0.8681182769409109, "params": {"C": 59.542047510432816, "epsilon": 0.9597246457159166, "gamma": 0.16727936223638495, "lamda": 0.30685153624650935}, "datetime": {"datetime": "2021-09-23 11:42:56", "elapsed": 304.549766, "delta": 0.808018}}
{"target": -1.9027819992219306, "params": {"C": 59.320007821297764, "epsilon": 0.1887962563428543, "gamma": 0.01, "lamda": 1.0}, "datetime": {"datetime": "2021-09-23 11:43:04", "elapsed": 313.191231, "delta": 8.641465}}
{"target": 0.8499045615212103, "params": {"C": 79.91430680255691, "epsilon": 1.0, "gamma": 0.2, "lamda": 0.001}, "datetime": {"datetime": "2021-09-23 11:43:05", "elapsed": 313.915739, "delta": 0.724508}}
{"target": 0.8549025813655133, "params": {"C": 80.11899922984863, "epsilon": 0.05431571025899635, "gamma": 0.19194974246782964, "lamda": 0.010114904600379955}, "datetime": {"datetime": "2021-09-23 11:43:06", "elapsed": 314.765614, "delta": 0.849875}}
{"target": 0.8646289613569282, "params": {"C": 69.33112689922098, "epsilon": 0.001, "gamma": 0.01, "lamda": 1.0}, "datetime": {"datetime": "2021-09-23 11:43:07", "elapsed": 315.621497, "delta": 0.855883}}
{"target": 0.8472058553234738, "params": {"C": 97.53926103452818, "epsilon": 1.0, "gamma": 0.2, "lamda": 0.001}, "datetime": {"datetime": "2021-09-23 11:43:08", "elapsed": 316.487657, "delta": 0.86616}}
{"target": 0.8594250470764809, "params": {"C": 62.25717125721902, "epsilon": 0.9307505069501859, "gamma": 0.1877568773877567, "lamda": 0.0780095820393504}, "datetime": {"datetime": "2021-09-23 11:43:09", "elapsed": 317.600657, "delta": 1.113}}
{"target": 0.8721487757302544, "params": {"C": 62.09444737041047, "epsilon": 0.8535936589058517, "gamma": 0.15763486166290977, "lamda": 0.9637073900744404}, "datetime": {"datetime": "2021-09-23 11:43:10", "elapsed": 318.619656, "delta": 1.018999}}
{"target": 0.8636397436743224, "params": {"C": 62.16713680079722, "epsilon": 0.061514754205607064, "gamma": 0.01, "lamda": 0.38125011647494794}, "datetime": {"datetime": "2021-09-23 11:43:11", "elapsed": 319.867687, "delta": 1.248031}}
{"target": -2.1836401020397176, "params": {"C": 62.840800113882295, "epsilon": 1.0, "gamma": 0.01, "lamda": 0.6438560680761082}, "datetime": {"datetime": "2021-09-23 11:43:21", "elapsed": 329.916657, "delta": 10.04897}}
{"target": 0.8891002345581136, "params": {"C": 61.61606824909896, "epsilon": 0.8963412177615824, "gamma": 0.11423446077679658, "lamda": 0.3196604310274325}, "datetime": {"datetime": "2021-09-23 11:43:22", "elapsed": 330.821657, "delta": 0.905}}
{"target": -3.459207962111141, "params": {"C": 69.0293418516803, "epsilon": 0.1986705314530039, "gamma": 0.03806638418635131, "lamda": 0.9986335633747493}, "datetime": {"datetime": "2021-09-23 11:43:38", "elapsed": 347.337747, "delta": 16.51609}}
{"target": 0.8568108833007941, "params": {"C": 68.84447610044482, "epsilon": 0.6768315085856282, "gamma": 0.19163566425042425, "lamda": 0.47843433924629936}, "datetime": {"datetime": "2021-09-23 11:43:39", "elapsed": 348.370424, "delta": 1.032677}}
