{"target": 0.6852774721391477, "params": {"C": 71.7997451071002, "epsilon": 0.02690030559606344, "gamma": 0.5501128154008305, "lamda": 0.4358870702256586}, "datetime": {"datetime": "2021-09-23 11:06:31", "elapsed": 0.0, "delta": 0.0}}
{"target": 0.8480755243587558, "params": {"C": 71.01839010437445, "epsilon": 0.33100448618287026, "gamma": 0.20544398540380465, "lamda": 0.6196516953843131}, "datetime": {"datetime": "2021-09-23 11:06:31", "elapsed": 0.491002, "delta": 0.491002}}
{"target": 0.6574351463585425, "params": {"C": 64.98273368372615, "epsilon": 0.2675604478277638, "gamma": 0.6215126989365256, "lamda": 0.529612952182762}, "datetime": {"datetime": "2021-09-23 11:06:32", "elapsed": 0.872226, "delta": 0.381224}}
{"target": 0.8602423713164651, "params": {"C": 56.728997267246676, "epsilon": 0.5140645431444807, "gamma": 0.18525542578126836, "lamda": 0.7855498126688568}, "datetime": {"datetime": "2021-09-23 11:06:32", "elapsed": 1.333227, "delta": 0.461001}}
{"target": 0.7612298599792603, "params": {"C": 89.82706905191353, "epsilon": 0.5128172979098047, "gamma": 0.37364021913997636, "lamda": 0.7871963927129769}, "datetime": {"datetime": "2021-09-23 11:06:33", "elapsed": 1.822226, "delta": 0.488999}}
{"target": 0.6995841661334303, "params": {"C": 50.76374621222187, "epsilon": 0.45065704162312437, "gamma": 0.5191267988360582, "lamda": 0.05884936954631199}, "datetime": {"datetime": "2021-09-23 11:06:33", "elapsed": 2.217229, "delta": 0.395003}}
{"target": 0.741687876388584, "params": {"C": 59.96218179378406, "epsilon": 0.5431678354684244, "gamma": 0.42107398063947843, "lamda": 0.20122780472316765}, "datetime": {"datetime": "2021-09-23 11:06:33", "elapsed": 2.617411, "delta": 0.400182}}
{"target": 0.8269805843480974, "params": {"C": 70.98444353170446, "epsilon": 0.3851380065686165, "gamma": 0.24104673740229318, "lamda": 0.5961211005113992}, "datetime": {"datetime": "2021-09-23 11:06:34", "elapsed": 3.121024, "delta": 0.503613}}
{"target": 0.7645462014602893, "params": {"C": 64.49441020781049, "epsilon": 0.333457169707144, "gamma": 0.36960005822419034, "lamda": 0.7214228516398732}, "datetime": {"datetime": "2021-09-23 11:06:34", "elapsed": 3.563022, "delta": 0.441998}}
{"target": 0.6327606756147859, "params": {"C": 52.865468760041104, "epsilon": 0.2534768613194108, "gamma": 0.6904237804170554, "lamda": 0.6177089927576852}, "datetime": {"datetime": "2021-09-23 11:06:35", "elapsed": 4.01986, "delta": 0.456838}}
{"target": 0.8054530187792059, "params": {"C": 56.91529731297708, "epsilon": 0.7157261247613577, "gamma": 0.2854096066793136, "lamda": 0.7158831110877862}, "datetime": {"datetime": "2021-09-23 11:06:36", "elapsed": 4.769318, "delta": 0.749458}}
{"target": -2.210255439779258, "params": {"C": 70.93410615278488, "epsilon": 0.0480926459139392, "gamma": 0.06659362905157072, "lamda": 0.760232318417815}, "datetime": {"datetime": "2021-09-23 11:06:43", "elapsed": 11.897102, "delta": 7.127784}}
{"target": 0.811892723397544, "params": {"C": 85.96009539864696, "epsilon": 0.4647230876607479, "gamma": 0.26584445412110863, "lamda": 0.7240517642627505}, "datetime": {"datetime": "2021-09-23 11:06:43", "elapsed": 12.3541, "delta": 0.456998}}
{"target": 0.6973680939377174, "params": {"C": 71.82754253100019, "epsilon": 0.025187725716861054, "gamma": 0.5211847470909866, "lamda": 0.3354051530769478}, "datetime": {"datetime": "2021-09-23 11:06:44", "elapsed": 12.832336, "delta": 0.478236}}
{"target": 0.8713599232614788, "params": {"C": 89.17654514752547, "epsilon": 0.009913043803986589, "gamma": 0.1630966539623858, "lamda": 0.08347679564703678}, "datetime": {"datetime": "2021-09-23 11:06:44", "elapsed": 13.299604, "delta": 0.467268}}
{"target": 0.8659258590740447, "params": {"C": 71.25997476783321, "epsilon": 0.3549600687787613, "gamma": 0.17474766737116232, "lamda": 0.501120332011416}, "datetime": {"datetime": "2021-09-23 11:06:45", "elapsed": 13.882025, "delta": 0.582421}}
{"target": 0.8203278071634885, "params": {"C": 87.54225581897484, "epsilon": 0.24139148920313674, "gamma": 0.2482929488269021, "lamda": 0.2048308218136178}, "datetime": {"datetime": "2021-09-23 11:06:45", "elapsed": 14.318023, "delta": 0.435998}}
{"target": -3.2052349992755644, "params": {"C": 71.21804285435113, "epsilon": 0.6222689059802514, "gamma": 0.04305785460007848, "lamda": 0.6875475129883547}, "datetime": {"datetime": "2021-09-23 11:07:05", "elapsed": 33.675694, "delta": 19.357671}}
{"target": 0.7373477554010497, "params": {"C": 71.09054979875323, "epsilon": 0.31590614646697124, "gamma": 0.4290157685464472, "lamda": 0.4359280420244704}, "datetime": {"datetime": "2021-09-23 11:07:05", "elapsed": 34.631779, "delta": 0.956085}}
{"target": 0.8288794721334456, "params": {"C": 78.39608696836532, "epsilon": 0.16216428386749, "gamma": 0.23552150441732125, "lamda": 0.24729593913971307}, "datetime": {"datetime": "2021-09-23 11:07:06", "elapsed": 35.365928, "delta": 0.734149}}
{"target": 0.7006713284744099, "params": {"C": 56.85881249966831, "epsilon": 0.5635779377963652, "gamma": 0.516058315737152, "lamda": 0.9068687794795324}, "datetime": {"datetime": "2021-09-23 11:07:08", "elapsed": 36.705992, "delta": 1.340064}}
{"target": 0.7013193384247257, "params": {"C": 67.41005525927501, "epsilon": 0.5950428523977109, "gamma": 0.5130330084463625, "lamda": 0.47770942458445353}, "datetime": {"datetime": "2021-09-23 11:07:08", "elapsed": 37.284385, "delta": 0.578393}}
{"target": 0.8673393749042637, "params": {"C": 56.95367715596467, "epsilon": 0.5870169476293693, "gamma": 0.16833086922479687, "lamda": 1.0}, "datetime": {"datetime": "2021-09-23 11:07:09", "elapsed": 38.091411, "delta": 0.807026}}
{"target": 0.7709373144215549, "params": {"C": 52.71418585422572, "epsilon": 0.3351480381107682, "gamma": 0.35689587605907025, "lamda": 0.22708835845246436}, "datetime": {"datetime": "2021-09-23 11:07:09", "elapsed": 38.563386, "delta": 0.471975}}
{"target": 0.8061302907966251, "params": {"C": 71.37317766282298, "epsilon": 0.17874922942148577, "gamma": 0.27993930281218266, "lamda": 0.3465255005156055}, "datetime": {"datetime": "2021-09-23 11:07:10", "elapsed": 39.221233, "delta": 0.657847}}
{"target": -3.0842489033976266, "params": {"C": 56.99009726119089, "epsilon": 0.46598437247419927, "gamma": 0.019634731353747617, "lamda": 0.642706553997934}, "datetime": {"datetime": "2021-09-23 11:07:19", "elapsed": 48.661927, "delta": 9.440694}}
{"target": 0.8106975381327188, "params": {"C": 56.72699577117676, "epsilon": 0.7088670221115546, "gamma": 0.2756556486709256, "lamda": 0.938084007442381}, "datetime": {"datetime": "2021-09-23 11:07:20", "elapsed": 49.548602, "delta": 0.886675}}
{"target": 0.831994487994957, "params": {"C": 71.2556511432641, "epsilon": 0.36119242206540403, "gamma": 0.2324290205318258, "lamda": 0.5226129607464934}, "datetime": {"datetime": "2021-09-23 11:07:21", "elapsed": 50.095607, "delta": 0.547005}}
{"target": 0.5854072527691094, "params": {"C": 69.62709135202, "epsilon": 0.8901506477853665, "gamma": 0.8332502454840875, "lamda": 0.8782169015350619}, "datetime": {"datetime": "2021-09-23 11:07:21", "elapsed": 50.604601, "delta": 0.508994}}
{"target": 0.8744043848689504, "params": {"C": 71.08184028634746, "epsilon": 0.2750017083617659, "gamma": 0.15501786338663623, "lamda": 0.2625382683489317}, "datetime": {"datetime": "2021-09-23 11:07:22", "elapsed": 51.412767, "delta": 0.808166}}
{"target": 0.8747677025796385, "params": {"C": 91.29973785926865, "epsilon": 0.7512692153588179, "gamma": 0.1566214883985884, "lamda": 0.19151628846049487}, "datetime": {"datetime": "2021-09-23 11:07:23", "elapsed": 51.959767, "delta": 0.547}}
{"target": 0.8179983360530766, "params": {"C": 87.48613825637078, "epsilon": 0.20072792724048275, "gamma": 0.2531728681426901, "lamda": 0.14800282454042865}, "datetime": {"datetime": "2021-09-23 11:07:23", "elapsed": 52.556765, "delta": 0.596998}}
{"target": 0.7493793446845358, "params": {"C": 56.55262960479392, "epsilon": 0.6099810289285272, "gamma": 0.40439057198326706, "lamda": 0.667079447114079}, "datetime": {"datetime": "2021-09-23 11:07:24", "elapsed": 53.497968, "delta": 0.941203}}
{"target": 0.7284568899474027, "params": {"C": 84.6497841066854, "epsilon": 0.5123494902716215, "gamma": 0.4473333168108874, "lamda": 0.2995023800047798}, "datetime": {"datetime": "2021-09-23 11:07:25", "elapsed": 54.048573, "delta": 0.550605}}
{"target": 0.6245254012417305, "params": {"C": 55.87804942160056, "epsilon": 0.11550097589583139, "gamma": 0.7128071640536581, "lamda": 0.8975581965435752}, "datetime": {"datetime": "2021-09-23 11:07:25", "elapsed": 54.557573, "delta": 0.509}}
{"target": -0.5561896332556477, "params": {"C": 97.4883529665473, "epsilon": 0.8728944821954062, "gamma": 0.1677807164268468, "lamda": 0.777705965778011}, "datetime": {"datetime": "2021-09-23 11:07:38", "elapsed": 66.889187, "delta": 12.331614}}
{"target": 0.7900066032601644, "params": {"C": 57.04238756737159, "epsilon": 0.9091009753020662, "gamma": 0.3159671151738418, "lamda": 0.9019191084725741}, "datetime": {"datetime": "2021-09-23 11:07:39", "elapsed": 68.423758, "delta": 1.534571}}
{"target": 0.6641014579148425, "params": {"C": 57.000616773028526, "epsilon": 0.8484251841027346, "gamma": 0.6071006485882932, "lamda": 0.5889248027823905}, "datetime": {"datetime": "2021-09-23 11:07:40", "elapsed": 69.380159, "delta": 0.956401}}
{"target": 0.7677587506783295, "params": {"C": 56.72712686506769, "epsilon": 0.9893361774504014, "gamma": 0.36278573810844655, "lamda": 0.6750586557642749}, "datetime": {"datetime": "2021-09-23 11:07:41", "elapsed": 70.655158, "delta": 1.274999}}
{"target": -0.7861637090077742, "params": {"C": 79.23987239543891, "epsilon": 0.13322094592817618, "gamma": 0.13345597575039905, "lamda": 0.799057683324915}, "datetime": {"datetime": "2021-09-23 11:07:55", "elapsed": 83.705348, "delta": 13.05019}}
{"target": 0.7537831871972799, "params": {"C": 90.90322909412205, "epsilon": 0.16663203563647297, "gamma": 0.3895457055043467, "lamda": 0.3340522872528428}, "datetime": {"datetime": "2021-09-23 11:07:55", "elapsed": 84.329156, "delta": 0.623808}}
{"target": 0.7926971062859561, "params": {"C": 56.445357056542136, "epsilon": 0.2815837508396072, "gamma": 0.31055680080130676, "lamda": 0.8871032456933152}, "datetime": {"datetime": "2021-09-23 11:07:56", "elapsed": 85.401734, "delta": 1.072578}}
{"target": 0.8113006248214222, "params": {"C": 91.11312025591884, "epsilon": 0.4764690152057116, "gamma": 0.2661142890939436, "lamda": 0.2585869403554317}, "datetime": {"datetime": "2021-09-23 11:07:57", "elapsed": 86.226362, "delta": 0.824628}}
{"target": 0.7376047642797747, "params": {"C": 63.29197202098903, "epsilon": 0.32453605908678446, "gamma": 0.4297563932300541, "lamda": 0.3077656518350376}, "datetime": {"datetime": "2021-09-23 11:07:58", "elapsed": 86.758363, "delta": 0.532001}}
{"target": -1.2344386271268992, "params": {"C": 56.39501176329809, "epsilon": 0.488456467428718, "gamma": 0.09871438041895814, "lamda": 0.7469760779722477}, "datetime": {"datetime": "2021-09-23 11:08:10", "elapsed": 98.910358, "delta": 12.151995}}
{"target": 0.7165494900897729, "params": {"C": 84.78543636995947, "epsilon": 0.6009762194077778, "gamma": 0.4747071472211546, "lamda": 0.15764788537429314}, "datetime": {"datetime": "2021-09-23 11:08:10", "elapsed": 99.417599, "delta": 0.507241}}
{"target": 0.6697756610557961, "params": {"C": 56.545889275771955, "epsilon": 0.26413636098557625, "gamma": 0.5916926041347372, "lamda": 0.7112296318186813}, "datetime": {"datetime": "2021-09-23 11:08:11", "elapsed": 100.417602, "delta": 1.000003}}
{"target": 0.7257039262099949, "params": {"C": 84.65847976887018, "epsilon": 0.4853892660245783, "gamma": 0.4536146012575777, "lamda": 0.3155965436729715}, "datetime": {"datetime": "2021-09-23 11:08:12", "elapsed": 100.999601, "delta": 0.581999}}
{"target": 0.7846064504138335, "params": {"C": 56.724914939207075, "epsilon": 0.34859224510184517, "gamma": 0.32733749236562865, "lamda": 1.0}, "datetime": {"datetime": "2021-09-23 11:08:13", "elapsed": 102.263605, "delta": 1.264004}}
{"target": 0.7159054195308021, "params": {"C": 56.442798463014746, "epsilon": 0.01953079363318436, "gamma": 0.479782682488199, "lamda": 1.0}, "datetime": {"datetime": "2021-09-23 11:08:14", "elapsed": 103.366603, "delta": 1.102998}}
{"target": 0.8844922649353538, "params": {"C": 90.9987218109122, "epsilon": 0.7235184932351396, "gamma": 0.13402851656913053, "lamda": 0.024732234894821528}, "datetime": {"datetime": "2021-09-23 11:08:15", "elapsed": 104.100599, "delta": 0.733996}}
{"target": 0.9077162720866215, "params": {"C": 76.27219592938874, "epsilon": 0.39112585633111396, "gamma": 0.067397724623434, "lamda": 0.1212712390698283}, "datetime": {"datetime": "2021-09-23 11:08:16", "elapsed": 104.795608, "delta": 0.695009}}
{"target": 0.689360710828711, "params": {"C": 91.15744153464156, "epsilon": 0.6502424054972845, "gamma": 0.5378758400495564, "lamda": 0.05106842291776246}, "datetime": {"datetime": "2021-09-23 11:08:17", "elapsed": 105.868033, "delta": 1.072425}}
{"target": 0.8374332068675798, "params": {"C": 90.94386668642679, "epsilon": 0.8623493370231263, "gamma": 0.2174206640399264, "lamda": 0.29901037128418073}, "datetime": {"datetime": "2021-09-23 11:08:18", "elapsed": 107.237842, "delta": 1.369809}}
{"target": 0.7731930571137029, "params": {"C": 90.77041398039515, "epsilon": 0.5676191676022982, "gamma": 0.34717986020596636, "lamda": 0.1671510329032122}, "datetime": {"datetime": "2021-09-23 11:08:19", "elapsed": 108.192841, "delta": 0.954999}}
{"target": -0.08129272859441317, "params": {"C": 90.8977735651405, "epsilon": 0.5765777343528399, "gamma": 0.001, "lamda": 0.3159134633000724}, "datetime": {"datetime": "2021-09-23 11:08:30", "elapsed": 119.222432, "delta": 11.029591}}
{"target": 0.7307674030289488, "params": {"C": 91.27898474433057, "epsilon": 0.8082274039325635, "gamma": 0.44125029151107964, "lamda": 0.3867686766308621}, "datetime": {"datetime": "2021-09-23 11:08:31", "elapsed": 120.208078, "delta": 0.985646}}
{"target": 0.6493033426521548, "params": {"C": 90.92751451837415, "epsilon": 0.42425744836529883, "gamma": 0.639669319473838, "lamda": 0.2499145323539988}, "datetime": {"datetime": "2021-09-23 11:08:32", "elapsed": 120.959852, "delta": 0.751774}}
{"target": 0.7907722979031582, "params": {"C": 91.12839472423194, "epsilon": 0.9892771162075238, "gamma": 0.3078996822482657, "lamda": 0.050543206871561705}, "datetime": {"datetime": "2021-09-23 11:08:33", "elapsed": 122.27836, "delta": 1.318508}}
{"target": 0.5837391625033685, "params": {"C": 97.52526133954103, "epsilon": 0.3839772990547149, "gamma": 0.8362659459339143, "lamda": 0.4362594235639686}, "datetime": {"datetime": "2021-09-23 11:08:34", "elapsed": 122.862357, "delta": 0.583997}}
{"target": 0.7568818870334869, "params": {"C": 90.80610070385032, "epsilon": 0.8361195156763163, "gamma": 0.38300700778172064, "lamda": 0.037115517746235525}, "datetime": {"datetime": "2021-09-23 11:08:35", "elapsed": 123.931343, "delta": 1.068986}}
{"target": 0.6358504997992678, "params": {"C": 55.86444168243217, "epsilon": 0.13015554986546687, "gamma": 0.6809608097319905, "lamda": 0.8910245183529986}, "datetime": {"datetime": "2021-09-23 11:08:35", "elapsed": 124.515342, "delta": 0.583999}}
{"target": 0.8517234876970323, "params": {"C": 79.18648392975305, "epsilon": 0.08104446553909957, "gamma": 0.19725647760279147, "lamda": 0.923465554364581}, "datetime": {"datetime": "2021-09-23 11:08:36", "elapsed": 125.138935, "delta": 0.623593}}
{"target": 0.5943456988586628, "params": {"C": 75.25202541554609, "epsilon": 0.5681355177916213, "gamma": 0.8020178084782992, "lamda": 0.5642570558584241}, "datetime": {"datetime": "2021-09-23 11:08:37", "elapsed": 125.881768, "delta": 0.742833}}
{"target": 0.7026523774001239, "params": {"C": 90.92526026827412, "epsilon": 0.9379155071215243, "gamma": 0.5060839635735448, "lamda": 0.27414497989856157}, "datetime": {"datetime": "2021-09-23 11:08:38", "elapsed": 127.012768, "delta": 1.131}}
{"target": 0.8426562055705666, "params": {"C": 90.36970971751626, "epsilon": 0.8625857644608238, "gamma": 0.2090793284490468, "lamda": 0.13644437611150143}, "datetime": {"datetime": "2021-09-23 11:08:39", "elapsed": 127.790659, "delta": 0.777891}}
{"target": 0.8927524376797764, "params": {"C": 91.28409974209416, "epsilon": 0.7352409524809184, "gamma": 0.11254121257499508, "lamda": 0.15708664698086736}, "datetime": {"datetime": "2021-09-23 11:08:39", "elapsed": 128.415642, "delta": 0.624983}}
{"target": 0.6811816275139377, "params": {"C": 79.18320788228398, "epsilon": 0.049316294451410385, "gamma": 0.5586471021003134, "lamda": 0.9608600655804554}, "datetime": {"datetime": "2021-09-23 11:08:40", "elapsed": 129.542665, "delta": 1.127023}}
{"target": 0.8066499366096795, "params": {"C": 78.99821638888834, "epsilon": 0.001, "gamma": 0.2775852852229124, "lamda": 1.0}, "datetime": {"datetime": "2021-09-23 11:08:42", "elapsed": 130.732264, "delta": 1.189599}}
{"target": 0.775552161750111, "params": {"C": 74.75098690403291, "epsilon": 0.6162574794018646, "gamma": 0.3440017555279356, "lamda": 0.7909729386236388}, "datetime": {"datetime": "2021-09-23 11:08:42", "elapsed": 131.375872, "delta": 0.643608}}
{"target": 0.7593724394141753, "params": {"C": 58.35167324828589, "epsilon": 0.509315107311032, "gamma": 0.38199660205984365, "lamda": 0.041342107389971086}, "datetime": {"datetime": "2021-09-23 11:08:43", "elapsed": 132.014195, "delta": 0.638323}}
{"target": 0.8634011630393612, "params": {"C": 64.2581532153315, "epsilon": 0.9650985299906029, "gamma": 0.1794738748447053, "lamda": 0.5384337551488335}, "datetime": {"datetime": "2021-09-23 11:08:43", "elapsed": 132.655208, "delta": 0.641013}}
{"target": 0.8075919720592439, "params": {"C": 64.44611171026808, "epsilon": 0.6957177365839499, "gamma": 0.2787348696332536, "lamda": 0.6482087089966614}, "datetime": {"datetime": "2021-09-23 11:08:45", "elapsed": 133.69488, "delta": 1.039672}}
{"target": 0.8328675831406445, "params": {"C": 60.54782049981942, "epsilon": 0.7638231800679529, "gamma": 0.23431490096531635, "lamda": 0.2437610325712887}, "datetime": {"datetime": "2021-09-23 11:08:45", "elapsed": 134.342174, "delta": 0.647294}}
{"target": 0.8113226545731591, "params": {"C": 71.31183251382708, "epsilon": 0.4309607479421289, "gamma": 0.26956203534369766, "lamda": 0.15478097155936807}, "datetime": {"datetime": "2021-09-23 11:08:46", "elapsed": 135.399747, "delta": 1.057573}}
{"target": 0.561269729030922, "params": {"C": 77.70801053461571, "epsilon": 0.4939629615930457, "gamma": 0.9168734772480613, "lamda": 0.6877213560088736}, "datetime": {"datetime": "2021-09-23 11:08:47", "elapsed": 136.043526, "delta": 0.643779}}
{"target": 0.7530684766522091, "params": {"C": 71.3596842653614, "epsilon": 0.23994422028938114, "gamma": 0.001, "lamda": 0.19829017442911828}, "datetime": {"datetime": "2021-09-23 11:08:48", "elapsed": 137.41148, "delta": 1.367954}}
{"target": -2.915937875132919, "params": {"C": 64.47311071712711, "epsilon": 0.7326303576788035, "gamma": 0.04817935347220507, "lamda": 0.36590028549582077}, "datetime": {"datetime": "2021-09-23 11:09:02", "elapsed": 151.052899, "delta": 13.641419}}
{"target": 0.7609401072810575, "params": {"C": 64.29697624082598, "epsilon": 0.6562206244243489, "gamma": 0.37760535841091003, "lamda": 0.8852071525305176}, "datetime": {"datetime": "2021-09-23 11:09:03", "elapsed": 152.580952, "delta": 1.528053}}
{"target": 0.7540658026760253, "params": {"C": 64.29481388471008, "epsilon": 0.9672520855883867, "gamma": 0.39270532829698096, "lamda": 0.7273341656990444}, "datetime": {"datetime": "2021-09-23 11:09:05", "elapsed": 154.115845, "delta": 1.534893}}
{"target": 0.6952514419456247, "params": {"C": 64.58037695369451, "epsilon": 0.6681480533500221, "gamma": 0.5280713270310406, "lamda": 0.7599180046246244}, "datetime": {"datetime": "2021-09-23 11:09:07", "elapsed": 155.824877, "delta": 1.709032}}
{"target": -0.5930918546126729, "params": {"C": 63.995095120051616, "epsilon": 0.8867833952483548, "gamma": 0.15083693138897789, "lamda": 0.6505768369545746}, "datetime": {"datetime": "2021-09-23 11:09:20", "elapsed": 169.309965, "delta": 13.485088}}
{"target": 0.76425983373717, "params": {"C": 90.58156431978723, "epsilon": 0.8624505453723414, "gamma": 0.3669606972121228, "lamda": 0.3416476036731742}, "datetime": {"datetime": "2021-09-23 11:09:21", "elapsed": 170.635836, "delta": 1.325871}}
{"target": 0.6072246748397687, "params": {"C": 53.1587405895109, "epsilon": 0.06266225521797725, "gamma": 0.7641341104757222, "lamda": 0.025137513881293597}, "datetime": {"datetime": "2021-09-23 11:09:22", "elapsed": 171.289558, "delta": 0.653722}}
{"target": 0.7460018251419718, "params": {"C": 60.31965882041497, "epsilon": 0.5987877399410778, "gamma": 0.41126061103782874, "lamda": 0.29051274542073324}, "datetime": {"datetime": "2021-09-23 11:09:24", "elapsed": 172.914847, "delta": 1.625289}}
{"target": -1.9157612086551876, "params": {"C": 90.78271612994537, "epsilon": 0.9484839710650976, "gamma": 0.052121264831983774, "lamda": 0.08651775385555037}, "datetime": {"datetime": "2021-09-23 11:09:38", "elapsed": 187.585549, "delta": 14.670702}}
{"target": 0.6620782186958432, "params": {"C": 56.947608066886254, "epsilon": 0.8333895166847184, "gamma": 0.6121965288890865, "lamda": 0.5726640456575016}, "datetime": {"datetime": "2021-09-23 11:09:39", "elapsed": 188.448809, "delta": 0.86326}}
{"target": 0.7215960679533033, "params": {"C": 63.30233947995363, "epsilon": 0.3620154864983278, "gamma": 0.46571671645675317, "lamda": 0.28452433984613035}, "datetime": {"datetime": "2021-09-23 11:09:40", "elapsed": 189.380531, "delta": 0.931722}}
{"target": 0.744984565413932, "params": {"C": 90.95816363011055, "epsilon": 0.6771764657740679, "gamma": 0.4091099978117448, "lamda": 0.43964240251626024}, "datetime": {"datetime": "2021-09-23 11:09:42", "elapsed": 191.299439, "delta": 1.918908}}
