{"target": 0.8605496787197309, "params": {"C": 98.35249411590495, "epsilon": 0.10625031002631061, "gamma": 0.17869903356248584, "lamda": 0.1610977373719284}, "datetime": {"datetime": "2021-09-23 11:56:35", "elapsed": 1124.27539, "delta": 5.132525}}
{"target": -3.0203714318681056, "params": {"C": 61.81225337667939, "epsilon": 0.8888634043412699, "gamma": 0.031295249230169374, "lamda": 0.12109013166340052}, "datetime": {"datetime": "2021-09-23 11:56:47", "elapsed": 1135.9432, "delta": 11.66781}}
{"target": -1.1222087775442167, "params": {"C": 99.51894753939803, "epsilon": 0.9073606546182439, "gamma": 0.08782983886880548, "lamda": 0.23156425085197116}, "datetime": {"datetime": "2021-09-23 11:56:58", "elapsed": 1146.855236, "delta": 10.912036}}
{"target": 0.8986397832421908, "params": {"C": 98.34656206325576, "epsilon": 0.6813276918025699, "gamma": 0.09534570968126828, "lamda": 0.033592139558395274}, "datetime": {"datetime": "2021-09-23 11:57:03", "elapsed": 1152.156438, "delta": 5.301202}}
{"target": 0.8948427219098696, "params": {"C": 61.93883710604461, "epsilon": 0.8833907305398497, "gamma": 0.09907734163229474, "lamda": 0.21939265472109773}, "datetime": {"datetime": "2021-09-23 11:57:06", "elapsed": 1155.435598, "delta": 3.27916}}
{"target": 0.8924996941802814, "params": {"C": 61.99987465121783, "epsilon": 0.8014936964559886, "gamma": 0.1047703537264444, "lamda": 0.30424351702831487}, "datetime": {"datetime": "2021-09-23 11:57:09", "elapsed": 1158.298839, "delta": 2.863241}}
{"target": 0.8938619979540298, "params": {"C": 98.43973334173548, "epsilon": 0.001, "gamma": 0.11113375250729349, "lamda": 0.4684460947611655}, "datetime": {"datetime": "2021-09-23 11:57:13", "elapsed": 1161.481151, "delta": 3.182312}}
{"target": 0.8847861597139701, "params": {"C": 61.92701518954549, "epsilon": 0.6695174445611127, "gamma": 0.12596610114767107, "lamda": 0.3681955755949839}, "datetime": {"datetime": "2021-09-23 11:57:15", "elapsed": 1163.91654, "delta": 2.435389}}
{"target": 0.8805855763518597, "params": {"C": 52.732829659061736, "epsilon": 0.7540061679985295, "gamma": 0.13354474615149342, "lamda": 0.8887956157991952}, "datetime": {"datetime": "2021-09-23 11:57:16", "elapsed": 1165.187517, "delta": 1.270977}}
{"target": 0.8570114826814978, "params": {"C": 62.04413204026925, "epsilon": 0.8347019474821902, "gamma": 0.19234317579826246, "lamda": 0.20969542403060393}, "datetime": {"datetime": "2021-09-23 11:57:19", "elapsed": 1168.442413, "delta": 3.254896}}
{"target": 0.8582579273953269, "params": {"C": 51.7743066759408, "epsilon": 0.5127968986460529, "gamma": 0.1886575973157267, "lamda": 0.6903091676114822}, "datetime": {"datetime": "2021-09-23 11:57:21", "elapsed": 1169.717932, "delta": 1.275519}}
{"target": 0.8969172218691264, "params": {"C": 62.045163590423655, "epsilon": 0.6795262499197093, "gamma": 0.09445979054519761, "lamda": 0.22909732209063746}, "datetime": {"datetime": "2021-09-23 11:57:24", "elapsed": 1172.803693, "delta": 3.085761}}
{"target": 0.8597236227141509, "params": {"C": 95.74375415419013, "epsilon": 0.8053927304202613, "gamma": 0.18061708170642027, "lamda": 0.1512610939776982}, "datetime": {"datetime": "2021-09-23 11:57:25", "elapsed": 1174.107779, "delta": 1.304086}}
{"target": 0.8761008544391227, "params": {"C": 62.149041922235895, "epsilon": 0.8650343840788134, "gamma": 0.14714717816234993, "lamda": 0.1151332539368832}, "datetime": {"datetime": "2021-09-23 11:57:28", "elapsed": 1177.31909, "delta": 3.211311}}
{"target": 0.8728131501054431, "params": {"C": 53.790908026271815, "epsilon": 0.1641613017839569, "gamma": 0.15268531407147864, "lamda": 0.5448319233434535}, "datetime": {"datetime": "2021-09-23 11:57:30", "elapsed": 1178.86119, "delta": 1.5421}}
{"target": -4.154563699886948, "params": {"C": 58.338864846580606, "epsilon": 0.6764267614872762, "gamma": 0.02878874486185222, "lamda": 0.6734711544495499}, "datetime": {"datetime": "2021-09-23 11:57:41", "elapsed": 1189.937292, "delta": 11.076102}}
{"target": -3.357314443337782, "params": {"C": 62.04920304197216, "epsilon": 0.6470929391815844, "gamma": 0.02690392724386627, "lamda": 0.382070454091616}, "datetime": {"datetime": "2021-09-23 11:57:54", "elapsed": 1203.360543, "delta": 13.423251}}
{"target": 0.8689399588312782, "params": {"C": 51.86486156346632, "epsilon": 0.4646561474492009, "gamma": 0.16189729093744248, "lamda": 0.6055241262981983}, "datetime": {"datetime": "2021-09-23 11:57:59", "elapsed": 1207.75877, "delta": 4.398227}}
{"target": -1.8691563052551001, "params": {"C": 92.92371158690253, "epsilon": 0.9728395764941067, "gamma": 0.06264480949484554, "lamda": 0.40295352457972017}, "datetime": {"datetime": "2021-09-23 11:58:10", "elapsed": 1218.917463, "delta": 11.158693}}
{"target": 0.8659378773011664, "params": {"C": 61.94128146221159, "epsilon": 0.6854841534914347, "gamma": 0.17305916182029546, "lamda": 0.18858810045155786}, "datetime": {"datetime": "2021-09-23 11:58:15", "elapsed": 1223.836841, "delta": 4.919378}}
{"target": 0.8686229226292406, "params": {"C": 51.82389490062488, "epsilon": 0.5787490345833878, "gamma": 0.16275443926749952, "lamda": 0.5617251503144627}, "datetime": {"datetime": "2021-09-23 11:58:20", "elapsed": 1229.172691, "delta": 5.33585}}
{"target": 0.8953636269345889, "params": {"C": 62.08300608473014, "epsilon": 0.7646283538585288, "gamma": 0.09789639061073234, "lamda": 0.03385141474419141}, "datetime": {"datetime": "2021-09-23 11:58:23", "elapsed": 1232.236554, "delta": 3.063863}}
{"target": 0.8886982696981981, "params": {"C": 62.11632216393094, "epsilon": 0.6701482813845043, "gamma": 0.1155875345611151, "lamda": 0.14165655945234878}, "datetime": {"datetime": "2021-09-23 11:58:26", "elapsed": 1235.323206, "delta": 3.086652}}
{"target": 0.8471094761529155, "params": {"C": 98.47893376363281, "epsilon": 0.0663234814263839, "gamma": 0.2, "lamda": 0.5370749228271792}, "datetime": {"datetime": "2021-09-23 11:58:30", "elapsed": 1239.263696, "delta": 3.94049}}
{"target": -1.9672240139964647, "params": {"C": 92.62694114754649, "epsilon": 0.17384314268479922, "gamma": 0.06748074854897398, "lamda": 0.527843342188964}, "datetime": {"datetime": "2021-09-23 11:58:45", "elapsed": 1253.646064, "delta": 14.382368}}
{"target": -2.8824600509865466, "params": {"C": 98.53109444547732, "epsilon": 0.7531357831121201, "gamma": 0.03745507255696795, "lamda": 0.7331989535904274}, "datetime": {"datetime": "2021-09-23 11:58:55", "elapsed": 1264.376381, "delta": 10.730317}}
{"target": 0.8906403131923935, "params": {"C": 62.26067191444343, "epsilon": 0.8151307955103627, "gamma": 0.11011379041885579, "lamda": 0.06593729478712836}, "datetime": {"datetime": "2021-09-23 11:58:58", "elapsed": 1267.435005, "delta": 3.058624}}
{"target": 0.8844994189240228, "params": {"C": 62.01977558402609, "epsilon": 0.6768787166445654, "gamma": 0.12664188123058107, "lamda": 0.10360282777442884}, "datetime": {"datetime": "2021-09-23 11:59:02", "elapsed": 1271.308484, "delta": 3.873479}}
{"target": 0.8532676699864443, "params": {"C": 59.494069893146786, "epsilon": 0.6843222516906231, "gamma": 0.1997408643572505, "lamda": 0.23201252012447296}, "datetime": {"datetime": "2021-09-23 11:59:07", "elapsed": 1275.542752, "delta": 4.234268}}
{"target": 0.8529294163306003, "params": {"C": 61.630779368278446, "epsilon": 0.8307569429362363, "gamma": 0.2, "lamda": 0.2559818645692383}, "datetime": {"datetime": "2021-09-23 11:59:10", "elapsed": 1279.277359, "delta": 3.734607}}
{"target": 0.8559530744002966, "params": {"C": 62.00048002869795, "epsilon": 0.696184946301654, "gamma": 0.1944212537214484, "lamda": 0.3243970089017637}, "datetime": {"datetime": "2021-09-23 11:59:14", "elapsed": 1282.627944, "delta": 3.350585}}
{"target": -1.2541396670750964, "params": {"C": 72.9576545887204, "epsilon": 0.47841399562921433, "gamma": 0.09844095011142372, "lamda": 0.6363153628265641}, "datetime": {"datetime": "2021-09-23 11:59:24", "elapsed": 1293.285403, "delta": 10.657459}}
{"target": 0.8685880667186371, "params": {"C": 62.28923469376211, "epsilon": 0.8617766507128404, "gamma": 0.16674607812329245, "lamda": 0.19816777190035628}, "datetime": {"datetime": "2021-09-23 11:59:28", "elapsed": 1296.601597, "delta": 3.316194}}
{"target": -2.0438918938385506, "params": {"C": 62.15113487911643, "epsilon": 0.753956229318992, "gamma": 0.051786457420084406, "lamda": 0.10948549885482878}, "datetime": {"datetime": "2021-09-23 11:59:41", "elapsed": 1309.461987, "delta": 12.86039}}
{"target": 0.8642558601571588, "params": {"C": 62.0417425728121, "epsilon": 0.5964259165506571, "gamma": 0.177134274502167, "lamda": 0.16549856096882704}, "datetime": {"datetime": "2021-09-23 11:59:43", "elapsed": 1312.425947, "delta": 2.96396}}
{"target": 0.8528310209564893, "params": {"C": 62.03945686798691, "epsilon": 0.793402328880149, "gamma": 0.2, "lamda": 0.06696451230217117}, "datetime": {"datetime": "2021-09-23 11:59:47", "elapsed": 1315.74768, "delta": 3.321733}}
{"target": 0.9075629808286718, "params": {"C": 62.338473133266675, "epsilon": 0.9041482134510876, "gamma": 0.0541221898079646, "lamda": 0.08255828352475406}, "datetime": {"datetime": "2021-09-23 11:59:51", "elapsed": 1319.517121, "delta": 3.769441}}
{"target": 0.8717087833313897, "params": {"C": 62.36329782198171, "epsilon": 0.854069393975113, "gamma": 0.15890050151314908, "lamda": 0.05692303743635974}, "datetime": {"datetime": "2021-09-23 11:59:54", "elapsed": 1323.313561, "delta": 3.79644}}
{"target": 0.8579374864335649, "params": {"C": 61.90377839185828, "epsilon": 0.7776141647235719, "gamma": 0.19058998598725985, "lamda": 0.42843239142034933}, "datetime": {"datetime": "2021-09-23 11:59:57", "elapsed": 1326.165575, "delta": 2.852014}}
{"target": 0.8477835166388379, "params": {"C": 95.66524063561324, "epsilon": 0.7987160596941232, "gamma": 0.19958226820808922, "lamda": 0.03741027405684818}, "datetime": {"datetime": "2021-09-23 12:00:02", "elapsed": 1330.936481, "delta": 4.770906}}
{"target": 0.8702849719963724, "params": {"C": 51.987341489662434, "epsilon": 0.5531037599655091, "gamma": 0.1581359607070872, "lamda": 0.6125825426826711}, "datetime": {"datetime": "2021-09-23 12:00:06", "elapsed": 1335.442408, "delta": 4.505927}}
{"target": -3.4085784548302396, "params": {"C": 51.92344100035331, "epsilon": 0.5494465458009886, "gamma": 0.04133028349406276, "lamda": 0.5507695382563119}, "datetime": {"datetime": "2021-09-23 12:00:26", "elapsed": 1354.706382, "delta": 19.263974}}
{"target": 0.8622623659260459, "params": {"C": 51.917565648248484, "epsilon": 0.4170402735956115, "gamma": 0.17897082407163473, "lamda": 0.4768446573265346}, "datetime": {"datetime": "2021-09-23 12:00:29", "elapsed": 1358.140385, "delta": 3.434003}}
{"target": 0.8732940868707382, "params": {"C": 61.502131746896566, "epsilon": 0.8376290174633069, "gamma": 0.15435238301205045, "lamda": 0.2714821542499645}, "datetime": {"datetime": "2021-09-23 12:00:33", "elapsed": 1361.648242, "delta": 3.507857}}
{"target": -3.1840533477373203, "params": {"C": 52.34143649054048, "epsilon": 0.09823812929761261, "gamma": 0.04800105821660792, "lamda": 0.05919089169734626}, "datetime": {"datetime": "2021-09-23 12:00:49", "elapsed": 1377.891294, "delta": 16.243052}}
{"target": 0.8814021273251466, "params": {"C": 62.03865624016941, "epsilon": 0.9153516791983506, "gamma": 0.13435654054592153, "lamda": 0.03449671265084589}, "datetime": {"datetime": "2021-09-23 12:00:53", "elapsed": 1382.340686, "delta": 4.449392}}
{"target": 0.893676016520774, "params": {"C": 95.65841704563867, "epsilon": 0.7052404140186952, "gamma": 0.11095865823835983, "lamda": 0.05910535460695284}, "datetime": {"datetime": "2021-09-23 12:00:58", "elapsed": 1387.286269, "delta": 4.945583}}
{"target": 0.8487794004351528, "params": {"C": 99.0868209810842, "epsilon": 0.7102332511280307, "gamma": 0.19714202406036785, "lamda": 0.07037838311297191}, "datetime": {"datetime": "2021-09-23 12:01:00", "elapsed": 1388.683919, "delta": 1.39765}}
{"target": 0.8589982515205976, "params": {"C": 62.182840378770734, "epsilon": 0.9753074328041483, "gamma": 0.18858312628728408, "lamda": 0.17256296485684225}, "datetime": {"datetime": "2021-09-23 12:01:04", "elapsed": 1393.207522, "delta": 4.523603}}
{"target": 0.8475232451653238, "params": {"C": 95.64846038129299, "epsilon": 0.7112124258113498, "gamma": 0.2, "lamda": 0.15823412188888003}, "datetime": {"datetime": "2021-09-23 12:01:10", "elapsed": 1398.571841, "delta": 5.364319}}
{"target": 0.8951197174489366, "params": {"C": 62.06576158985279, "epsilon": 0.9887249691035856, "gamma": 0.09872013047322337, "lamda": 0.15810958855853563}, "datetime": {"datetime": "2021-09-23 12:01:13", "elapsed": 1401.767284, "delta": 3.195443}}
{"target": 0.853226198851204, "params": {"C": 52.00459257076098, "epsilon": 0.4640442478203207, "gamma": 0.2, "lamda": 0.5519741902407671}, "datetime": {"datetime": "2021-09-23 12:01:17", "elapsed": 1405.898938, "delta": 4.131654}}
{"target": 0.8481755853379452, "params": {"C": 97.10060718456039, "epsilon": 0.7815335066266509, "gamma": 0.19859413867504563, "lamda": 0.31762238022015077}, "datetime": {"datetime": "2021-09-23 12:01:18", "elapsed": 1407.302472, "delta": 1.403534}}
{"target": -2.279636197020666, "params": {"C": 98.1655758730085, "epsilon": 0.5789844369018461, "gamma": 0.06107618558601861, "lamda": 0.26460293151732134}, "datetime": {"datetime": "2021-09-23 12:01:29", "elapsed": 1417.903972, "delta": 10.6015}}
{"target": 0.8850475022765073, "params": {"C": 62.10314916232177, "epsilon": 0.9521587535572875, "gamma": 0.12542835203954367, "lamda": 0.3341900157288977}, "datetime": {"datetime": "2021-09-23 12:01:33", "elapsed": 1422.109968, "delta": 4.205996}}
{"target": 0.8502394767997385, "params": {"C": 80.9444144150288, "epsilon": 0.8466540470674878, "gamma": 0.1991972412940079, "lamda": 0.483011723881516}, "datetime": {"datetime": "2021-09-23 12:01:35", "elapsed": 1423.709965, "delta": 1.599997}}
{"target": 0.8532085541250714, "params": {"C": 51.81384267444298, "epsilon": 0.49119275553977376, "gamma": 0.2, "lamda": 0.4843097728934218}, "datetime": {"datetime": "2021-09-23 12:01:38", "elapsed": 1426.903967, "delta": 3.194002}}
{"target": 0.894363021001332, "params": {"C": 98.2767622945033, "epsilon": 0.001, "gamma": 0.10971170928919284, "lamda": 0.1192743657379851}, "datetime": {"datetime": "2021-09-23 12:01:43", "elapsed": 1431.558953, "delta": 4.654986}}
{"target": 0.8598208282237233, "params": {"C": 62.10657619026043, "epsilon": 0.6143102389771492, "gamma": 0.1870273953422052, "lamda": 0.019616563834815734}, "datetime": {"datetime": "2021-09-23 12:01:47", "elapsed": 1435.95376, "delta": 4.394807}}
{"target": 0.8657467331914621, "params": {"C": 62.171951239974284, "epsilon": 0.8629123090843567, "gamma": 0.17353651364444372, "lamda": 0.3211332947183272}, "datetime": {"datetime": "2021-09-23 12:01:52", "elapsed": 1441.021175, "delta": 5.067415}}
{"target": 0.8960948709269818, "params": {"C": 95.62624795861393, "epsilon": 0.8174681043017406, "gamma": 0.10362928679504282, "lamda": 0.13828779447753684}, "datetime": {"datetime": "2021-09-23 12:01:57", "elapsed": 1445.702888, "delta": 4.681713}}
{"target": 0.8641403532439893, "params": {"C": 59.37540700903744, "epsilon": 0.9823896643211345, "gamma": 0.17662798710040883, "lamda": 0.08506191719057796}, "datetime": {"datetime": "2021-09-23 12:02:01", "elapsed": 1449.564234, "delta": 3.861346}}
{"target": -3.2464498958479258, "params": {"C": 62.172719382215156, "epsilon": 0.9457818164479496, "gamma": 0.035320362943032514, "lamda": 0.18062226028628975}, "datetime": {"datetime": "2021-09-23 12:02:16", "elapsed": 1464.983854, "delta": 15.41962}}
{"target": 0.8890564439688996, "params": {"C": 61.335867455692096, "epsilon": 0.02690030559606344, "gamma": 0.11443587079695473, "lamda": 0.21822587391652015}, "datetime": {"datetime": "2021-09-23 12:11:41", "elapsed": 0.0, "delta": 0.0}}
{"target": -2.47745628488059, "params": {"C": 60.929562854274714, "epsilon": 0.33100448618287026, "gamma": 0.04888324046719008, "lamda": 0.3100162122089812}, "datetime": {"datetime": "2021-09-23 12:11:52", "elapsed": 10.487112, "delta": 10.487112}}
{"target": 0.883385890905763, "params": {"C": 57.7910215155376, "epsilon": 0.2675604478277638, "gamma": 0.12801542822616604, "lamda": 0.2650419050442425}, "datetime": {"datetime": "2021-09-23 12:11:52", "elapsed": 10.87277, "delta": 0.385658}}
{"target": -1.5253510415395968, "params": {"C": 70.71007590699503, "epsilon": 0.5128172979098047, "gamma": 0.08087251415074626, "lamda": 0.39370470466844393}, "datetime": {"datetime": "2021-09-23 12:12:02", "elapsed": 21.434811, "delta": 10.562041}}
{"target": 0.889822058521914, "params": {"C": 50.39714803035537, "epsilon": 0.45065704162312437, "gamma": 0.10854263441326432, "lamda": 0.029895731134744426}, "datetime": {"datetime": "2021-09-23 12:12:03", "elapsed": 21.8866, "delta": 0.451789}}
{"target": 0.8984365104499812, "params": {"C": 55.180334532767716, "epsilon": 0.5431678354684244, "gamma": 0.08989395027177267, "lamda": 0.10101368824510576}, "datetime": {"datetime": "2021-09-23 12:12:03", "elapsed": 22.427601, "delta": 0.541001}}
{"target": 0.8869825697234821, "params": {"C": 62.34083376129615, "epsilon": 0.3604654518218325, "gamma": 0.11963817575816894, "lamda": 0.2988329558919919}, "datetime": {"datetime": "2021-09-23 12:12:04", "elapsed": 23.003604, "delta": 0.576003}}
{"target": 0.9021973899962894, "params": {"C": 57.53709330806145, "epsilon": 0.333457169707144, "gamma": 0.08010411517777392, "lamda": 0.36085085382211884}, "datetime": {"datetime": "2021-09-23 12:12:05", "elapsed": 23.523601, "delta": 0.519997}}
{"target": 0.8773224525678202, "params": {"C": 51.49004375522138, "epsilon": 0.2534768613194108, "gamma": 0.1411216399191597, "lamda": 0.30904583321930423}, "datetime": {"datetime": "2021-09-23 12:12:05", "elapsed": 24.031465, "delta": 0.507864}}
{"target": 0.8584575945234085, "params": {"C": 57.58969318374262, "epsilon": 0.45779363749460145, "gamma": 0.18942384741775561, "lamda": 0.06831979884590225}, "datetime": {"datetime": "2021-09-23 12:12:06", "elapsed": 25.016466, "delta": 0.985001}}
{"target": -1.945845630769862, "params": {"C": 61.80741526709605, "epsilon": 0.08952245728337699, "gamma": 0.06595175372220612, "lamda": 0.29691777556619586}, "datetime": {"datetime": "2021-09-23 12:12:16", "elapsed": 35.457061, "delta": 10.440595}}
{"target": -2.544674035007731, "params": {"C": 68.69924960729642, "epsilon": 0.4647230876607479, "gamma": 0.06037081710011075, "lamda": 0.36216399436147395}, "datetime": {"datetime": "2021-09-23 12:12:26", "elapsed": 44.930721, "delta": 9.47366}}
{"target": 0.8568657762265437, "params": {"C": 57.53906244577591, "epsilon": 0.15365333490831648, "gamma": 0.19303169203206358, "lamda": 0.13583733185094263}, "datetime": {"datetime": "2021-09-23 12:12:27", "elapsed": 45.59972, "delta": 0.668999}}
{"target": 0.901275774743709, "params": {"C": 70.37180347671325, "epsilon": 0.009913043803986589, "gamma": 0.0408291934462996, "lamda": 0.04219711814601737}, "datetime": {"datetime": "2021-09-23 12:12:27", "elapsed": 46.031721, "delta": 0.432001}}
{"target": 0.8770865201246651, "params": {"C": 57.655782068973814, "epsilon": 0.01192810135421131, "gamma": 0.14364336181578222, "lamda": 0.4767110039256597}, "datetime": {"datetime": "2021-09-23 12:12:28", "elapsed": 46.57472, "delta": 0.542999}}
{"target": 0.909257500470162, "params": {"C": 69.52197302586691, "epsilon": 0.24139148920313674, "gamma": 0.05703269297008148, "lamda": 0.10281339347847376}, "datetime": {"datetime": "2021-09-23 12:12:28", "elapsed": 47.009723, "delta": 0.435003}}
{"target": -2.4799061784969783, "params": {"C": 69.9337474023282, "epsilon": 0.09300945052046986, "gamma": 0.046397566883536835, "lamda": 0.04984989617706945}, "datetime": {"datetime": "2021-09-23 12:12:38", "elapsed": 56.911246, "delta": 9.901523}}
{"target": 0.8685542657227523, "params": {"C": 57.405299793136734, "epsilon": 0.12697662747412006, "gamma": 0.16538453254135188, "lamda": 0.40370835321025667}, "datetime": {"datetime": "2021-09-23 12:12:39", "elapsed": 57.545246, "delta": 0.634}}
{"target": 0.9083604253311603, "params": {"C": 64.76596522354997, "epsilon": 0.16216428386749, "gamma": 0.05460368952881986, "lamda": 0.12402469832904588}, "datetime": {"datetime": "2021-09-23 12:12:39", "elapsed": 58.066247, "delta": 0.521001}}
{"target": 0.8532703118080206, "params": {"C": 57.26612541676413, "epsilon": 0.3799710376146188, "gamma": 0.2, "lamda": 0.17790719662377455}, "datetime": {"datetime": "2021-09-23 12:12:40", "elapsed": 58.852247, "delta": 0.786}}
{"target": 0.8912786821570902, "params": {"C": 59.05322873482301, "epsilon": 0.5950428523977109, "gamma": 0.10738365526006893, "lamda": 0.23911611898662896}, "datetime": {"datetime": "2021-09-23 12:12:40", "elapsed": 59.275246, "delta": 0.422999}}
{"target": 0.8885265676516496, "params": {"C": 55.162528411447525, "epsilon": 0.5265903092318495, "gamma": 0.11394743051679866, "lamda": 0.10502070274743067}, "datetime": {"datetime": "2021-09-23 12:12:41", "elapsed": 59.690247, "delta": 0.415001}}
{"target": 0.9024234695388149, "params": {"C": 51.411376644197375, "epsilon": 0.3351480381107682, "gamma": 0.07768790435557892, "lamda": 0.11393102188966939}, "datetime": {"datetime": "2021-09-23 12:12:41", "elapsed": 60.112246, "delta": 0.421999}}
{"target": 0.8819943624098354, "params": {"C": 50.87896750692587, "epsilon": 0.3720578027366345, "gamma": 0.12957092042170162, "lamda": 0.20540547029329873}, "datetime": {"datetime": "2021-09-23 12:12:42", "elapsed": 60.805247, "delta": 0.693001}}
{"target": -2.7090251784782367, "params": {"C": 51.275705150619416, "epsilon": 0.5826687184170867, "gamma": 0.05375253857013329, "lamda": 0.48141982798316485}, "datetime": {"datetime": "2021-09-23 12:12:52", "elapsed": 70.555247, "delta": 9.75}}
