{"target": 0.9130992250841778, "params": {"C": 451.5989025167412, "epsilon": 0.06017036134321427, "gamma": 0.05983865041860388, "lamda": 0.11233850962188335}, "datetime": {"datetime": "2021-09-23 16:17:26", "elapsed": 2726.561778, "delta": 1.092001}}
{"target": -3.1410802353499383, "params": {"C": 390.37520762418933, "epsilon": 0.9882744331008403, "gamma": 0.03767492892137135, "lamda": 0.0827757716302086}, "datetime": {"datetime": "2021-09-23 16:17:35", "elapsed": 2736.478389, "delta": 9.916611}}
{"target": -2.2661230513977166, "params": {"C": 463.88124035804685, "epsilon": 0.5757482258719241, "gamma": 0.05661589077494221, "lamda": 0.05731674286814313}, "datetime": {"datetime": "2021-09-23 16:17:45", "elapsed": 2746.379696, "delta": 9.901307}}
{"target": -3.700249039506385, "params": {"C": 476.0429751006567, "epsilon": 0.4804655573238883, "gamma": 0.04048299421645339, "lamda": 0.005699460154225321}, "datetime": {"datetime": "2021-09-23 16:17:55", "elapsed": 2755.973674, "delta": 9.593978}}
{"target": -2.1275697533475237, "params": {"C": 395.09924094412577, "epsilon": 0.2776729508944635, "gamma": 0.06182027593538672, "lamda": 0.0799752352360775}, "datetime": {"datetime": "2021-09-23 16:18:05", "elapsed": 2765.788576, "delta": 9.814902}}
{"target": -3.5108313240160447, "params": {"C": 479.08505432204527, "epsilon": 0.88659838119528, "gamma": 0.03108225335942282, "lamda": 0.05901481043656078}, "datetime": {"datetime": "2021-09-23 16:18:15", "elapsed": 2775.988645, "delta": 10.200069}}
{"target": -2.599979206387665, "params": {"C": 471.15828795221466, "epsilon": 0.5749784020323088, "gamma": 0.05299652195824743, "lamda": 0.05970156420989537}, "datetime": {"datetime": "2021-09-23 16:18:25", "elapsed": 2785.711353, "delta": 9.722708}}
{"target": -3.3525555443539155, "params": {"C": 461.680278785428, "epsilon": 0.3821508220867077, "gamma": 0.02813642873948633, "lamda": 0.01359443667630208}, "datetime": {"datetime": "2021-09-23 16:18:34", "elapsed": 2795.189702, "delta": 9.478349}}
{"target": -3.4984344350604752, "params": {"C": 452.56431202462693, "epsilon": 0.38438961905170355, "gamma": 0.02378257157350182, "lamda": 0.04687935925567837}, "datetime": {"datetime": "2021-09-23 16:18:44", "elapsed": 2804.999353, "delta": 9.809651}}
{"target": 0.9144972278019909, "params": {"C": 414.135663449949, "epsilon": 0.6382872550399802, "gamma": 0.05675015356089773, "lamda": 0.00328581867588752}, "datetime": {"datetime": "2021-09-23 16:18:45", "elapsed": 2806.046409, "delta": 1.047056}}
{"target": -3.881137015072369, "params": {"C": 341.9907837995613, "epsilon": 0.9085803847921757, "gamma": 0.025417916119280008, "lamda": 0.11201508326825467}, "datetime": {"datetime": "2021-09-23 16:18:55", "elapsed": 2816.400065, "delta": 10.353656}}
{"target": -3.0847565286201606, "params": {"C": 466.4325490232182, "epsilon": 0.9453907014232207, "gamma": 0.028633094617617885, "lamda": 0.001563765706026649}, "datetime": {"datetime": "2021-09-23 16:19:01", "elapsed": 2822.326787, "delta": 5.926722}}
{"target": -3.2017881151148924, "params": {"C": 441.82479568091617, "epsilon": 0.4937805951381763, "gamma": 0.0397002467623212, "lamda": 0.035469765194972414}, "datetime": {"datetime": "2021-09-23 16:19:11", "elapsed": 2832.226054, "delta": 9.899267}}
{"target": -3.6997726788284186, "params": {"C": 479.64023161807233, "epsilon": 0.738222559307161, "gamma": 0.02303583038656855, "lamda": 0.11582576381520351}, "datetime": {"datetime": "2021-09-23 16:19:21", "elapsed": 2842.359378, "delta": 10.133324}}
{"target": -1.9848620450091508, "params": {"C": 346.247465698873, "epsilon": 0.3333205114466113, "gamma": 0.05718353386881292, "lamda": 0.04752706776054833}, "datetime": {"datetime": "2021-09-23 16:19:31", "elapsed": 2851.699931, "delta": 9.340553}}
{"target": -3.7514443482142195, "params": {"C": 460.1551367955737, "epsilon": 0.8722841825462101, "gamma": 0.025146248881437315, "lamda": 0.008270080140630512}, "datetime": {"datetime": "2021-09-23 16:19:40", "elapsed": 2861.279897, "delta": 9.579966}}
{"target": -3.1830893640664106, "params": {"C": 377.77679604034245, "epsilon": 0.06266578521487269, "gamma": 0.04559587740806914, "lamda": 0.12784459987549382}, "datetime": {"datetime": "2021-09-23 16:19:50", "elapsed": 2871.147595, "delta": 9.867698}}
{"target": -3.332270334901211, "params": {"C": 431.9747769730981, "epsilon": 0.542433184956681, "gamma": 0.05086332632632854, "lamda": 0.06433428262894277}, "datetime": {"datetime": "2021-09-23 16:20:00", "elapsed": 2881.017133, "delta": 9.869538}}
{"target": -2.370304880957316, "params": {"C": 376.38771413937087, "epsilon": 0.6584908745308948, "gamma": 0.0576913679987304, "lamda": 0.04377262438491973}, "datetime": {"datetime": "2021-09-23 16:20:10", "elapsed": 2890.608252, "delta": 9.591119}}
{"target": -3.1779267501678925, "params": {"C": 357.88508559790887, "epsilon": 0.7399068056005289, "gamma": 0.020119443605735258, "lamda": 0.0430663429676808}, "datetime": {"datetime": "2021-09-23 16:20:19", "elapsed": 2900.016642, "delta": 9.40839}}
{"target": -2.151580625506761, "params": {"C": 384.5586832497613, "epsilon": 0.9410975390999586, "gamma": 0.061020582436786736, "lamda": 0.10529872587959863}, "datetime": {"datetime": "2021-09-23 16:20:29", "elapsed": 2909.598369, "delta": 9.581727}}
{"target": -2.618574442473323, "params": {"C": 409.9021264030864, "epsilon": 0.7382950894140361, "gamma": 0.05262656018962794, "lamda": 0.15033031004609285}, "datetime": {"datetime": "2021-09-23 16:20:38", "elapsed": 2919.413824, "delta": 9.815455}}
{"target": -3.070279972517292, "params": {"C": 458.8675628030986, "epsilon": 0.5219036271555444, "gamma": 0.03840376058492589, "lamda": 0.0014368582687683932}, "datetime": {"datetime": "2021-09-23 16:20:44", "elapsed": 2925.446521, "delta": 6.032697}}
{"target": 0.912172933784414, "params": {"C": 336.9877127685026, "epsilon": 0.37937861031038944, "gamma": 0.06689429926020808, "lamda": 0.007823375901340707}, "datetime": {"datetime": "2021-09-23 16:20:46", "elapsed": 2926.790544, "delta": 1.344023}}
{"target": -3.4127899398508594, "params": {"C": 437.724608172616, "epsilon": 0.057184999632763134, "gamma": 0.035596186507170405, "lamda": 0.019215809662244177}, "datetime": {"datetime": "2021-09-23 16:20:55", "elapsed": 2936.25863, "delta": 9.468086}}
{"target": -2.146758047349976, "params": {"C": 404.6926797149962, "epsilon": 0.4819921257465861, "gamma": 0.06222790741408875, "lamda": 0.1218231392807452}, "datetime": {"datetime": "2021-09-23 16:21:05", "elapsed": 2945.637978, "delta": 9.379348}}
{"target": -3.257297731847057, "params": {"C": 403.0735244666705, "epsilon": 0.995833441242407, "gamma": 0.04008641920674268, "lamda": 0.027636302871440286}, "datetime": {"datetime": "2021-09-23 16:21:14", "elapsed": 2955.420227, "delta": 9.782249}}
{"target": -3.6525835433139324, "params": {"C": 344.13777007991797, "epsilon": 0.9306451327002889, "gamma": 0.04165669043241702, "lamda": 0.011893079907719541}, "datetime": {"datetime": "2021-09-23 16:21:24", "elapsed": 2965.228776, "delta": 9.808549}}
{"target": 0.9122096376024036, "params": {"C": 343.18502077317845, "epsilon": 0.12381625507154714, "gamma": 0.06730509096773794, "lamda": 0.0810010702937243}, "datetime": {"datetime": "2021-09-23 16:21:25", "elapsed": 2966.455048, "delta": 1.226272}}
{"target": -1.7536893766841488, "params": {"C": 397.66931841797054, "epsilon": 0.7060524029467204, "gamma": 0.06792691790146924, "lamda": 0.09543657381300232}, "datetime": {"datetime": "2021-09-23 16:21:35", "elapsed": 2976.320609, "delta": 9.865561}}
{"target": -3.771966190798132, "params": {"C": 371.4005107235157, "epsilon": 0.49839066511595065, "gamma": 0.022521725808751114, "lamda": 0.12320925636853226}, "datetime": {"datetime": "2021-09-23 16:21:44", "elapsed": 2985.45106, "delta": 9.130451}}
{"target": -3.4714601573422073, "params": {"C": 340.6456560743492, "epsilon": 0.41141667078889543, "gamma": 0.04984072148275445, "lamda": 0.11109340130443632}, "datetime": {"datetime": "2021-09-23 16:21:54", "elapsed": 2995.478859, "delta": 10.027799}}
{"target": -3.195333040417405, "params": {"C": 373.68507515016427, "epsilon": 0.606737982089809, "gamma": 0.039285905498306656, "lamda": 0.13101879175536224}, "datetime": {"datetime": "2021-09-23 16:22:05", "elapsed": 3005.702334, "delta": 10.223475}}
{"target": -2.2353852944039105, "params": {"C": 420.8578764236516, "epsilon": 0.838882617066377, "gamma": 0.0654652822966562, "lamda": 0.057170315857811654}, "datetime": {"datetime": "2021-09-23 16:22:14", "elapsed": 3015.200694, "delta": 9.49836}}
{"target": -4.129124531055036, "params": {"C": 405.7098967640853, "epsilon": 0.5134988612769814, "gamma": 0.027917213276181227, "lamda": 0.12445767096539626}, "datetime": {"datetime": "2021-09-23 16:22:24", "elapsed": 3024.49351, "delta": 9.292816}}
{"target": -2.0358463268852742, "params": {"C": 420.8688763773957, "epsilon": 0.6856926885868362, "gamma": 0.06544994985097728, "lamda": 0.12676503109181353}, "datetime": {"datetime": "2021-09-23 16:22:33", "elapsed": 3034.359253, "delta": 9.865743}}
{"target": -1.8624959951257063, "params": {"C": 412.2187239150145, "epsilon": 0.9829401637835142, "gamma": 0.06910999424279853, "lamda": 0.15913653638220432}, "datetime": {"datetime": "2021-09-23 16:22:43", "elapsed": 3044.285436, "delta": 9.926183}}
{"target": -3.4926285955264307, "params": {"C": 467.7691974527298, "epsilon": 0.23408914623977356, "gamma": 0.024005806051189526, "lamda": 0.06629056481772336}, "datetime": {"datetime": "2021-09-23 16:22:53", "elapsed": 3054.214434, "delta": 9.928998}}
{"target": -3.529358794938842, "params": {"C": 376.5051730862802, "epsilon": 0.23274122064933123, "gamma": 0.035679799977740935, "lamda": 0.08927143570633442}, "datetime": {"datetime": "2021-09-23 16:23:03", "elapsed": 3063.899146, "delta": 9.684712}}
{"target": 0.9119507774868796, "params": {"C": 353.49383729422635, "epsilon": 0.6763806052613592, "gamma": 0.0667155270304395, "lamda": 0.031037493051180743}, "datetime": {"datetime": "2021-09-23 16:23:04", "elapsed": 3065.105187, "delta": 1.206041}}
{"target": 0.9121239803097564, "params": {"C": 401.7039360139731, "epsilon": 0.8661625647974056, "gamma": 0.06440590849962823, "lamda": 0.014204493804294253}, "datetime": {"datetime": "2021-09-23 16:23:05", "elapsed": 3066.352187, "delta": 1.247}}
{"target": -1.6443994849551355, "params": {"C": 430.98309874577325, "epsilon": 0.674753828597798, "gamma": 0.06975392797195389, "lamda": 0.04191959955834588}, "datetime": {"datetime": "2021-09-23 16:23:15", "elapsed": 3075.857548, "delta": 9.505361}}
{"target": -2.3759750194835854, "params": {"C": 473.9820676409706, "epsilon": 0.2036203187694942, "gamma": 0.058185613918787515, "lamda": 0.11453722342564306}, "datetime": {"datetime": "2021-09-23 16:23:24", "elapsed": 3085.172781, "delta": 9.315233}}
{"target": -3.9115867875991244, "params": {"C": 432.82573060975506, "epsilon": 0.3981709717255506, "gamma": 0.03621626226271977, "lamda": 0.08702275035229863}, "datetime": {"datetime": "2021-09-23 16:23:34", "elapsed": 3094.559384, "delta": 9.386603}}
{"target": -2.4313720988039975, "params": {"C": 390.341840423838, "epsilon": 0.9187767442367726, "gamma": 0.06039606917672018, "lamda": 0.04959894037099406}, "datetime": {"datetime": "2021-09-23 16:23:43", "elapsed": 3104.418743, "delta": 9.859359}}
{"target": 0.9115391680553679, "params": {"C": 324.4959928550454, "epsilon": 0.7925666639400056, "gamma": 0.06888691463189163, "lamda": 0.005529901930908429}, "datetime": {"datetime": "2021-09-23 16:23:45", "elapsed": 3105.727749, "delta": 1.309006}}
{"target": -1.926831437474072, "params": {"C": 408.61097564254817, "epsilon": 0.9481458875147022, "gamma": 0.06901744226164305, "lamda": 0.14799564834612294}, "datetime": {"datetime": "2021-09-23 16:23:55", "elapsed": 3116.112205, "delta": 10.384456}}
{"target": -2.1060501078319698, "params": {"C": 381.36101003795784, "epsilon": 0.3604142400874941, "gamma": 0.06294880997425346, "lamda": 0.09607851529119579}, "datetime": {"datetime": "2021-09-23 16:24:05", "elapsed": 3125.51438, "delta": 9.402175}}
{"target": -3.4129196798510275, "params": {"C": 369.54277391008134, "epsilon": 0.5700994029485001, "gamma": 0.03831987910419325, "lamda": 0.12376207443579747}, "datetime": {"datetime": "2021-09-23 16:24:15", "elapsed": 3135.555007, "delta": 10.040627}}
{"target": -3.496009676108228, "params": {"C": 407.94103104240617, "epsilon": 0.9970922747296184, "gamma": 0.03765469241184251, "lamda": 0.0853357013022566}, "datetime": {"datetime": "2021-09-23 16:24:25", "elapsed": 3145.639959, "delta": 10.084952}}
{"target": -3.594509912152991, "params": {"C": 355.1312345426392, "epsilon": 0.3482504927293689, "gamma": 0.024442741346494417, "lamda": 0.048735799043800154}, "datetime": {"datetime": "2021-09-23 16:24:34", "elapsed": 3155.26201, "delta": 9.622051}}
{"target": -3.632953656053627, "params": {"C": 432.24607095790213, "epsilon": 0.9098406581040192, "gamma": 0.02689529236642834, "lamda": 0.12445356740207718}, "datetime": {"datetime": "2021-09-23 16:24:44", "elapsed": 3165.008286, "delta": 9.746276}}
