{"target": 0.8871167265327007, "params": {"C": 75.15619357722989, "epsilon": 0.044644772663449565, "gamma": 0.12360250527869691, "lamda": 0.29429566037581906}, "datetime": {"datetime": "2021-09-23 12:20:19", "elapsed": 518.135532, "delta": 0.918909}}
{"target": 0.8921611777876642, "params": {"C": 68.01554196189544, "epsilon": 0.5100861290687531, "gamma": 0.10790305318516413, "lamda": 0.15012410336248666}, "datetime": {"datetime": "2021-09-23 12:20:20", "elapsed": 519.216531, "delta": 1.080999}}
{"target": 0.9092533047333553, "params": {"C": 70.07209388259474, "epsilon": 0.7057180340746648, "gamma": 0.05677572479226955, "lamda": 0.10595664770327233}, "datetime": {"datetime": "2021-09-23 12:20:21", "elapsed": 520.265056, "delta": 1.048525}}
{"target": 0.8919245690992157, "params": {"C": 55.13136519983365, "epsilon": 0.49174082963364396, "gamma": 0.10453606191074383, "lamda": 0.03724818674326606}, "datetime": {"datetime": "2021-09-23 12:20:23", "elapsed": 522.062089, "delta": 1.797033}}
{"target": -3.1108879463613635, "params": {"C": 71.28046793478447, "epsilon": 0.13088220237069695, "gamma": 0.0404483203294193, "lamda": 0.22497680857740845}, "datetime": {"datetime": "2021-09-23 12:20:36", "elapsed": 534.60569, "delta": 12.543601}}
{"target": 0.8885868503003304, "params": {"C": 71.26107306649342, "epsilon": 0.19516713856424464, "gamma": 0.11858004059655183, "lamda": 0.12136887844599162}, "datetime": {"datetime": "2021-09-23 12:20:38", "elapsed": 536.686752, "delta": 2.081062}}
{"target": 0.8822750978930656, "params": {"C": 71.27270625964485, "epsilon": 0.2176097992958493, "gamma": 0.1348623031984504, "lamda": 0.18603664810096862}, "datetime": {"datetime": "2021-09-23 12:20:39", "elapsed": 538.187284, "delta": 1.500532}}
{"target": 0.9035146449673157, "params": {"C": 54.812985300002154, "epsilon": 0.5977324646076634, "gamma": 0.0751863513444588, "lamda": 0.10227604124755488}, "datetime": {"datetime": "2021-09-23 12:20:41", "elapsed": 539.718623, "delta": 1.531339}}
{"target": 0.8933196475844073, "params": {"C": 54.86699952247537, "epsilon": 0.6282738513617145, "gamma": 0.0387560909010954, "lamda": 0.05331831340175964}, "datetime": {"datetime": "2021-09-23 12:20:43", "elapsed": 541.96057, "delta": 2.241947}}
{"target": 0.9055237923223179, "params": {"C": 64.54236463159447, "epsilon": 0.5940638629416669, "gamma": 0.07157379001863359, "lamda": 0.1175303317884331}, "datetime": {"datetime": "2021-09-23 12:20:45", "elapsed": 543.73372, "delta": 1.77315}}
{"target": 0.8831746581636664, "params": {"C": 51.629615757066745, "epsilon": 0.012181277278288799, "gamma": 0.12688139072649585, "lamda": 0.06246854343502087}, "datetime": {"datetime": "2021-09-23 12:20:46", "elapsed": 545.287762, "delta": 1.554042}}
{"target": 0.905878695127445, "params": {"C": 51.492538213671246, "epsilon": 0.21728235858027187, "gamma": 0.057097011559232067, "lamda": 0.21886798666128612}, "datetime": {"datetime": "2021-09-23 12:20:47", "elapsed": 546.221341, "delta": 0.933579}}
{"target": 0.8693893353838392, "params": {"C": 73.68593328809465, "epsilon": 0.7393108473324965, "gamma": 0.1674593865702503, "lamda": 0.038473399524224926}, "datetime": {"datetime": "2021-09-23 12:20:48", "elapsed": 547.19456, "delta": 0.973219}}
{"target": 0.8930059240973177, "params": {"C": 72.50679295796162, "epsilon": 0.5513844684586527, "gamma": 0.10632195256124236, "lamda": 0.010452613700939601}, "datetime": {"datetime": "2021-09-23 12:20:49", "elapsed": 548.233386, "delta": 1.038826}}
{"target": 0.877765448769044, "params": {"C": 71.23780226473653, "epsilon": 0.14360393209883254, "gamma": 0.14635506408507257, "lamda": 0.14487198716058022}, "datetime": {"datetime": "2021-09-23 12:20:52", "elapsed": 551.124605, "delta": 2.891219}}
{"target": -2.4720217122550734, "params": {"C": 50.22331974715591, "epsilon": 0.18829283972449753, "gamma": 0.048761273992023235, "lamda": 0.1671712497493582}, "datetime": {"datetime": "2021-09-23 12:21:02", "elapsed": 561.245926, "delta": 10.121321}}
{"target": 0.8935480330863306, "params": {"C": 71.20105801269811, "epsilon": 0.2012632589138311, "gamma": 0.10491463564249007, "lamda": 0.16443554047256084}, "datetime": {"datetime": "2021-09-23 12:21:05", "elapsed": 563.670911, "delta": 2.424985}}
{"target": 0.9054991930517576, "params": {"C": 68.0982231212557, "epsilon": 0.6639226206067967, "gamma": 0.07248566833841909, "lamda": 0.12645580824033364}, "datetime": {"datetime": "2021-09-23 12:21:07", "elapsed": 565.524239, "delta": 1.853328}}
{"target": 0.8896956563824621, "params": {"C": 68.00453973955294, "epsilon": 0.6293896986748273, "gamma": 0.1138216682652562, "lamda": 0.08130133778552219}, "datetime": {"datetime": "2021-09-23 12:21:09", "elapsed": 567.984989, "delta": 2.46075}}
{"target": 0.8568284449048511, "params": {"C": 68.04069097096263, "epsilon": 0.571065625832217, "gamma": 0.19179752900930253, "lamda": 0.07503977818710338}, "datetime": {"datetime": "2021-09-23 12:21:11", "elapsed": 570.043683, "delta": 2.058694}}
{"target": 0.8579690245402614, "params": {"C": 71.21188465160802, "epsilon": 0.21471642640806038, "gamma": 0.18913865233704255, "lamda": 0.15521524885093219}, "datetime": {"datetime": "2021-09-23 12:21:13", "elapsed": 571.972528, "delta": 1.928845}}
{"target": 0.8885490507887126, "params": {"C": 68.01994444173549, "epsilon": 0.6030758099077717, "gamma": 0.11740691753559178, "lamda": 0.19881763704714256}, "datetime": {"datetime": "2021-09-23 12:21:15", "elapsed": 574.265483, "delta": 2.292955}}
{"target": 0.8770263285243955, "params": {"C": 68.09121256770555, "epsilon": 0.6222502267829434, "gamma": 0.1470035932058934, "lamda": 0.16773367074032608}, "datetime": {"datetime": "2021-09-23 12:21:18", "elapsed": 576.540252, "delta": 2.274769}}
{"target": 0.8787994942413734, "params": {"C": 70.01382434308954, "epsilon": 0.7189940246216939, "gamma": 0.1429316985657721, "lamda": 0.049862070232660885}, "datetime": {"datetime": "2021-09-23 12:21:19", "elapsed": 577.482218, "delta": 0.941966}}
{"target": 0.8945937616571125, "params": {"C": 68.15137937010269, "epsilon": 0.6010538784331172, "gamma": 0.1009286182915713, "lamda": 0.1404948674096991}, "datetime": {"datetime": "2021-09-23 12:21:20", "elapsed": 579.307296, "delta": 1.825078}}
{"target": 0.889016913161533, "params": {"C": 66.65407813647487, "epsilon": 0.3248056779777505, "gamma": 0.11524471569304628, "lamda": 0.1645084614314468}, "datetime": {"datetime": "2021-09-23 12:21:21", "elapsed": 580.309685, "delta": 1.002389}}
{"target": 0.8961482142132791, "params": {"C": 54.80534950083907, "epsilon": 0.5832454107832592, "gamma": 0.09506341007944424, "lamda": 0.023486838513770713}, "datetime": {"datetime": "2021-09-23 12:21:24", "elapsed": 582.911652, "delta": 2.601967}}
{"target": 0.8748398279851043, "params": {"C": 56.62261477959919, "epsilon": 0.5997715054745351, "gamma": 0.14857631447766947, "lamda": 0.3238883463481495}, "datetime": {"datetime": "2021-09-23 12:21:25", "elapsed": 583.888386, "delta": 0.976734}}
{"target": 0.8787336049126134, "params": {"C": 68.1138378468521, "epsilon": 0.5173710999931622, "gamma": 0.1426461001242865, "lamda": 0.21968127961484904}, "datetime": {"datetime": "2021-09-23 12:21:27", "elapsed": 586.460476, "delta": 2.57209}}
{"target": 0.8806958225642887, "params": {"C": 70.7875069348742, "epsilon": 0.7134893573265729, "gamma": 0.021310492901817066, "lamda": 0.100086070614411}, "datetime": {"datetime": "2021-09-23 12:21:29", "elapsed": 587.510476, "delta": 1.05}}
{"target": 0.8725622942728455, "params": {"C": 56.442280229484226, "epsilon": 0.14810121781796123, "gamma": 0.1540852214044822, "lamda": 0.41805204279439234}, "datetime": {"datetime": "2021-09-23 12:21:30", "elapsed": 588.535382, "delta": 1.024906}}
{"target": 0.9019748469135834, "params": {"C": 68.02957789299401, "epsilon": 0.6447217602484958, "gamma": 0.08374176339960727, "lamda": 0.14757483635214488}, "datetime": {"datetime": "2021-09-23 12:21:32", "elapsed": 590.936562, "delta": 2.40118}}
{"target": 0.8652135463631374, "params": {"C": 56.06903777146714, "epsilon": 0.9744237710848178, "gamma": 0.17305064936315714, "lamda": 0.2045626209287004}, "datetime": {"datetime": "2021-09-23 12:21:33", "elapsed": 591.980215, "delta": 1.043653}}
{"target": 0.8996594243419346, "params": {"C": 51.441751934358784, "epsilon": 0.2665245753208872, "gamma": 0.08589065648955037, "lamda": 0.2576813070183403}, "datetime": {"datetime": "2021-09-23 12:21:35", "elapsed": 594.404178, "delta": 2.423963}}
{"target": 0.9009527787683397, "params": {"C": 50.84195350648716, "epsilon": 0.7523932367414649, "gamma": 0.08137014009103101, "lamda": 0.19087352390581536}, "datetime": {"datetime": "2021-09-23 12:21:36", "elapsed": 595.465177, "delta": 1.060999}}
{"target": -3.752383953689252, "params": {"C": 71.68224683960366, "epsilon": 0.7848187237964455, "gamma": 0.0312919723928659, "lamda": 0.20622047723189876}, "datetime": {"datetime": "2021-09-23 12:21:47", "elapsed": 606.116467, "delta": 10.65129}}
{"target": -2.6056834085029315, "params": {"C": 70.00389832828508, "epsilon": 0.7349023635521575, "gamma": 0.056363203841977946, "lamda": 0.059604317203495884}, "datetime": {"datetime": "2021-09-23 12:22:00", "elapsed": 619.07777, "delta": 12.961303}}
{"target": 0.8690683976350311, "params": {"C": 69.73069523408527, "epsilon": 0.8859725770114489, "gamma": 0.1674451304433059, "lamda": 0.2560621286984542}, "datetime": {"datetime": "2021-09-23 12:22:02", "elapsed": 620.644299, "delta": 1.566529}}
{"target": 0.8688510294207165, "params": {"C": 58.10598034101227, "epsilon": 0.9543566806927951, "gamma": 0.16460322011127354, "lamda": 0.3039948138864207}, "datetime": {"datetime": "2021-09-23 12:22:03", "elapsed": 621.961427, "delta": 1.317128}}
{"target": 0.8798046335224532, "params": {"C": 68.93478753268458, "epsilon": 0.12564889060252346, "gamma": 0.14027544657138588, "lamda": 0.22179733001224236}, "datetime": {"datetime": "2021-09-23 12:22:04", "elapsed": 623.244784, "delta": 1.283357}}
{"target": -1.9771522369464027, "params": {"C": 56.8490257562727, "epsilon": 0.38613280558728824, "gamma": 0.06483074136993303, "lamda": 0.48866631020232937}, "datetime": {"datetime": "2021-09-23 12:22:15", "elapsed": 634.037586, "delta": 10.792802}}
{"target": 0.9045636389243653, "params": {"C": 68.07080288483597, "epsilon": 0.5909709871047379, "gamma": 0.07581609373559495, "lamda": 0.2510742446617016}, "datetime": {"datetime": "2021-09-23 12:22:18", "elapsed": 636.562335, "delta": 2.524749}}
{"target": 0.8691084458196746, "params": {"C": 68.13662571543048, "epsilon": 0.6070719620572823, "gamma": 0.16704592514474836, "lamda": 0.06890524433522129}, "datetime": {"datetime": "2021-09-23 12:22:20", "elapsed": 639.097028, "delta": 2.534693}}
{"target": 0.8794959998087989, "params": {"C": 71.39572157341517, "epsilon": 0.2666820817525063, "gamma": 0.01999990935329296, "lamda": 0.12366260316958606}, "datetime": {"datetime": "2021-09-23 12:22:21", "elapsed": 640.41803, "delta": 1.321002}}
{"target": 0.8680938785363165, "params": {"C": 63.762027917805916, "epsilon": 0.6075731371828913, "gamma": 0.16838297502889046, "lamda": 0.3774713565550635}, "datetime": {"datetime": "2021-09-23 12:22:23", "elapsed": 641.58203, "delta": 1.164}}
{"target": 0.8987055626953848, "params": {"C": 60.05451580662762, "epsilon": 0.23103158553363684, "gamma": 0.09028451255443641, "lamda": 0.051889804173557055}, "datetime": {"datetime": "2021-09-23 12:22:24", "elapsed": 642.811032, "delta": 1.229002}}
{"target": 0.8973961533568505, "params": {"C": 68.0919754167079, "epsilon": 0.658974047331405, "gamma": 0.09424824239402686, "lamda": 0.23952546323839688}, "datetime": {"datetime": "2021-09-23 12:22:27", "elapsed": 645.652027, "delta": 2.840995}}
{"target": 0.8667874073562246, "params": {"C": 51.70659166033269, "epsilon": 0.04140161584139874, "gamma": 0.1675422998428928, "lamda": 0.07356992868980701}, "datetime": {"datetime": "2021-09-23 12:22:30", "elapsed": 648.655034, "delta": 3.003007}}
{"target": 0.8787890468371009, "params": {"C": 68.03827420463662, "epsilon": 0.5814536432746712, "gamma": 0.14233000689923145, "lamda": 0.13458310296778034}, "datetime": {"datetime": "2021-09-23 12:22:34", "elapsed": 652.904612, "delta": 4.249578}}
{"target": 0.8788454469753546, "params": {"C": 51.49370394109684, "epsilon": 0.2617461113515219, "gamma": 0.13746455376622482, "lamda": 0.17737811150994418}, "datetime": {"datetime": "2021-09-23 12:22:37", "elapsed": 655.873236, "delta": 2.968624}}
{"target": 0.8862802183406145, "params": {"C": 50.61116256811473, "epsilon": 0.023388950575514517, "gamma": 0.11868185101299011, "lamda": 0.12091855849855043}, "datetime": {"datetime": "2021-09-23 12:22:38", "elapsed": 657.117953, "delta": 1.244717}}
{"target": 0.8804411623915519, "params": {"C": 70.09143349613406, "epsilon": 0.6864049352905547, "gamma": 0.13876484657116145, "lamda": 0.10349443355618301}, "datetime": {"datetime": "2021-09-23 12:22:41", "elapsed": 660.063078, "delta": 2.945125}}
{"target": 0.8531123549589144, "params": {"C": 69.99979171666797, "epsilon": 0.6759869764166886, "gamma": 0.19757342246190004, "lamda": 0.03709141256039772}, "datetime": {"datetime": "2021-09-23 12:22:44", "elapsed": 663.137235, "delta": 3.074157}}
{"target": 0.8682016610979174, "params": {"C": 53.66083069320312, "epsilon": 0.2851076528089276, "gamma": 0.16465105687031387, "lamda": 0.2996672397003248}, "datetime": {"datetime": "2021-09-23 12:22:45", "elapsed": 664.22094, "delta": 1.083705}}
{"target": -2.827757113932276, "params": {"C": 51.486982191506655, "epsilon": 0.264203399271958, "gamma": 0.04197865035948191, "lamda": 0.11806834541187008}, "datetime": {"datetime": "2021-09-23 12:23:06", "elapsed": 684.961792, "delta": 20.740852}}
{"target": 0.8732014241729831, "params": {"C": 68.11425792237951, "epsilon": 0.538384812815203, "gamma": 0.1570792392774981, "lamda": 0.1277855991372585}, "datetime": {"datetime": "2021-09-23 12:23:10", "elapsed": 688.862026, "delta": 3.900234}}
{"target": 0.8515848047791633, "params": {"C": 70.06606533512823, "epsilon": 0.7332972082538636, "gamma": 0.2, "lamda": 0.05490212462832503}, "datetime": {"datetime": "2021-09-23 12:23:13", "elapsed": 691.712357, "delta": 2.850331}}
{"target": 0.8801490943718654, "params": {"C": 51.474514722977965, "epsilon": 0.1972851544840376, "gamma": 0.134006848177254, "lamda": 0.239726958006097}, "datetime": {"datetime": "2021-09-23 12:23:17", "elapsed": 696.431972, "delta": 4.719615}}
{"target": -2.9903490378737994, "params": {"C": 60.58862515131699, "epsilon": 0.19752115934239692, "gamma": 0.04918461741182898, "lamda": 0.375922025719943}, "datetime": {"datetime": "2021-09-23 12:23:29", "elapsed": 707.799186, "delta": 11.367214}}
{"target": 0.8719375608374568, "params": {"C": 68.06984315329639, "epsilon": 0.6746300488801134, "gamma": 0.16026698739977835, "lamda": 0.0864095213042494}, "datetime": {"datetime": "2021-09-23 12:23:32", "elapsed": 711.054843, "delta": 3.255657}}
{"target": -2.138400832899628, "params": {"C": 51.42843983987317, "epsilon": 0.1946622240012426, "gamma": 0.05495801770951287, "lamda": 0.3016129079015999}, "datetime": {"datetime": "2021-09-23 12:23:46", "elapsed": 724.831151, "delta": 13.776308}}
{"target": 0.85565835938986, "params": {"C": 70.02575344106648, "epsilon": 0.6851101299747816, "gamma": 0.1932879992926573, "lamda": 0.114194967105855}, "datetime": {"datetime": "2021-09-23 12:23:50", "elapsed": 728.536622, "delta": 3.705471}}
{"target": 0.869343543079244, "params": {"C": 51.40982543924732, "epsilon": 0.31290561935975336, "gamma": 0.16051690306404484, "lamda": 0.1426822937644803}, "datetime": {"datetime": "2021-09-23 12:23:53", "elapsed": 732.371283, "delta": 3.834661}}
{"target": -1.479458495585956, "params": {"C": 61.68156440866065, "epsilon": 0.6470096220400919, "gamma": 0.07225987759124734, "lamda": 0.37423610085805753}, "datetime": {"datetime": "2021-09-23 12:24:05", "elapsed": 743.498432, "delta": 11.127149}}
{"target": 0.8703194832998533, "params": {"C": 68.09391574811164, "epsilon": 0.606604779610677, "gamma": 0.1641925641688798, "lamda": 0.26602143982130433}, "datetime": {"datetime": "2021-09-23 12:24:08", "elapsed": 747.026798, "delta": 3.528366}}
{"target": 0.8575271592605538, "params": {"C": 51.42418628055157, "epsilon": 0.28763085078790646, "gamma": 0.19027170821447173, "lamda": 0.21798519940409397}, "datetime": {"datetime": "2021-09-23 12:24:12", "elapsed": 750.641562, "delta": 3.614764}}
{"target": 0.8661012684620243, "params": {"C": 74.34473846282789, "epsilon": 0.17871574285983416, "gamma": 0.17426226273495193, "lamda": 0.39796662439311326}, "datetime": {"datetime": "2021-09-23 12:24:13", "elapsed": 752.089802, "delta": 1.44824}}
{"target": 0.9056531950942982, "params": {"C": 51.510434719958276, "epsilon": 0.3039956436127882, "gamma": 0.06650079381339301, "lamda": 0.2754562520338601}, "datetime": {"datetime": "2021-09-23 12:24:17", "elapsed": 755.968897, "delta": 3.879095}}
{"target": 0.884882920608622, "params": {"C": 61.13916536707242, "epsilon": 0.8095177807280008, "gamma": 0.12547641661337552, "lamda": 0.1784095523518937}, "datetime": {"datetime": "2021-09-23 12:24:18", "elapsed": 757.386134, "delta": 1.417237}}
{"target": 0.879740947435278, "params": {"C": 62.13576690960349, "epsilon": 0.6750786537615038, "gamma": 0.13860879139775642, "lamda": 0.44291672840830654}, "datetime": {"datetime": "2021-09-23 12:24:20", "elapsed": 758.745132, "delta": 1.358998}}
{"target": -2.7382959655002654, "params": {"C": 54.777682396542694, "epsilon": 0.6578959767488235, "gamma": 0.04589031158492549, "lamda": 0.04664036733132855}, "datetime": {"datetime": "2021-09-23 12:24:33", "elapsed": 772.001358, "delta": 13.256226}}
{"target": 0.8845951968513895, "params": {"C": 51.49477125651462, "epsilon": 0.323690989780042, "gamma": 0.12338804991857251, "lamda": 0.21850622960914548}, "datetime": {"datetime": "2021-09-23 12:24:36", "elapsed": 775.011475, "delta": 3.010117}}
{"target": 0.8875521886131897, "params": {"C": 51.358704742941896, "epsilon": 0.2883859086333204, "gamma": 0.11539029606328383, "lamda": 0.1891170921266965}, "datetime": {"datetime": "2021-09-23 12:24:40", "elapsed": 778.571549, "delta": 3.560074}}
{"target": 0.8915739251113732, "params": {"C": 74.16785317885947, "epsilon": 0.5530863573098919, "gamma": 0.11025778461988535, "lamda": 0.14131875768143737}, "datetime": {"datetime": "2021-09-23 12:24:41", "elapsed": 779.815251, "delta": 1.243702}}
{"target": 0.8835155205769181, "params": {"C": 51.37145479344168, "epsilon": 0.40174171368744555, "gamma": 0.1260993805434891, "lamda": 0.12893781083739306}, "datetime": {"datetime": "2021-09-23 12:24:44", "elapsed": 783.276947, "delta": 3.461696}}
{"target": -2.4685123767570434, "params": {"C": 58.166446639503675, "epsilon": 0.9834082871638468, "gamma": 0.013771551552869398, "lamda": 0.35908439686233556}, "datetime": {"datetime": "2021-09-23 12:24:56", "elapsed": 795.282289, "delta": 12.005342}}
{"target": 0.8934357498889954, "params": {"C": 54.90421139094539, "epsilon": 0.5523777307172538, "gamma": 0.10110988491260521, "lamda": 0.08962766182651732}, "datetime": {"datetime": "2021-09-23 12:25:01", "elapsed": 800.214529, "delta": 4.93224}}
{"target": 0.8961213137994696, "params": {"C": 54.91509233196374, "epsilon": 0.5926858011384541, "gamma": 0.0951729408306407, "lamda": 0.007234982935286694}, "datetime": {"datetime": "2021-09-23 12:25:06", "elapsed": 804.801007, "delta": 4.586478}}
{"target": -3.103449786638058, "params": {"C": 70.1310467611186, "epsilon": 0.6753465102785876, "gamma": 0.02229935610245823, "lamda": 0.13186158231098696}, "datetime": {"datetime": "2021-09-23 12:25:20", "elapsed": 819.285475, "delta": 14.484468}}
{"target": 0.8727883483330289, "params": {"C": 54.83948568322562, "epsilon": 0.5507274959375883, "gamma": 0.15301019976925878, "lamda": 0.06976631340037451}, "datetime": {"datetime": "2021-09-23 12:25:24", "elapsed": 823.429789, "delta": 4.144314}}
{"target": 0.9024677611018471, "params": {"C": 54.343163553523375, "epsilon": 0.5133008519023177, "gamma": 0.07809712383551774, "lamda": 0.026679381380516558}, "datetime": {"datetime": "2021-09-23 12:25:26", "elapsed": 824.875789, "delta": 1.446}}
{"target": 0.9007048741696709, "params": {"C": 75.74985272048698, "epsilon": 0.9073606546182439, "gamma": 0.08782983886880548, "lamda": 0.11616672790303664}, "datetime": {"datetime": "2021-09-23 12:25:27", "elapsed": 826.107629, "delta": 1.23184}}
{"target": 0.8892859391567629, "params": {"C": 51.54686243295704, "epsilon": 0.24033021229802373, "gamma": 0.11019902949240794, "lamda": 0.24309151895658945}, "datetime": {"datetime": "2021-09-23 12:25:30", "elapsed": 829.162941, "delta": 3.055312}}
{"target": 0.8814090353130192, "params": {"C": 54.94863309528003, "epsilon": 0.6052041709923163, "gamma": 0.023129895327390487, "lamda": 0.12006777329696201}, "datetime": {"datetime": "2021-09-23 12:25:35", "elapsed": 833.548859, "delta": 4.385918}}
{"target": 0.8782165832050086, "params": {"C": 65.96898131028763, "epsilon": 0.842475990292986, "gamma": 0.14321949181717422, "lamda": 0.010486344330390345}, "datetime": {"datetime": "2021-09-23 12:25:36", "elapsed": 834.819858, "delta": 1.270999}}
{"target": 0.9055422433806823, "params": {"C": 55.002776080891664, "epsilon": 0.6259128286256439, "gamma": 0.06862124763634624, "lamda": 0.051100870530699644}, "datetime": {"datetime": "2021-09-23 12:25:40", "elapsed": 838.529891, "delta": 3.710033}}
{"target": 0.8737535777234994, "params": {"C": 56.984742098693665, "epsilon": 0.6440956588438712, "gamma": 0.15124294038012887, "lamda": 0.02427149494373793}, "datetime": {"datetime": "2021-09-23 12:25:41", "elapsed": 839.845173, "delta": 1.315282}}
{"target": 0.8803360303848192, "params": {"C": 51.4210714227121, "epsilon": 0.7540061679985295, "gamma": 0.13354474615149342, "lamda": 0.4444534657495479}, "datetime": {"datetime": "2021-09-23 12:25:42", "elapsed": 841.279724, "delta": 1.434551}}
