{"target": -19.11358704271231, "params": {"C": 45.91010550165282, "epsilon": 14.244971804307006, "gamma": 0.06614741337445855, "lamda": 0.6983248805899067}, "datetime": {"datetime": "2021-09-16 16:43:10", "elapsed": 3035.382275, "delta": 19.163639}}
{"target": -1.9858746906945104, "params": {"C": 57.22833900355061, "epsilon": 8.725717870305026, "gamma": 0.06112879279401021, "lamda": 0.03578486397756501}, "datetime": {"datetime": "2021-09-16 16:43:12", "elapsed": 3037.051984, "delta": 1.669709}}
{"target": -2.0564266728402347, "params": {"C": 59.672528739630124, "epsilon": 9.396087310242073, "gamma": 0.06903722661448751, "lamda": 0.08071851835274133}, "datetime": {"datetime": "2021-09-16 16:43:13", "elapsed": 3038.546308, "delta": 1.494324}}
{"target": -15.004695567631709, "params": {"C": 54.63105876565757, "epsilon": 8.651491272972276, "gamma": 0.05573718371063673, "lamda": 0.07971619331851204}, "datetime": {"datetime": "2021-09-16 16:43:25", "elapsed": 3050.567007, "delta": 12.020699}}
{"target": -13.675487872964666, "params": {"C": 43.584548463329064, "epsilon": 4.039264965576445, "gamma": 0.06718733966898272, "lamda": 0.03803081504434277}, "datetime": {"datetime": "2021-09-16 16:43:41", "elapsed": 3066.68774, "delta": 16.120733}}
{"target": -1.991144082120348, "params": {"C": 54.642888643738274, "epsilon": 8.589023225785507, "gamma": 0.06568275231350489, "lamda": 0.030970481426627568}, "datetime": {"datetime": "2021-09-16 16:43:43", "elapsed": 3068.303833, "delta": 1.616093}}
{"target": -15.088595370296275, "params": {"C": 55.07872746959391, "epsilon": 10.165976137469453, "gamma": 0.060883378226623354, "lamda": 0.09472862508576853}, "datetime": {"datetime": "2021-09-16 16:43:58", "elapsed": 3082.859183, "delta": 14.55535}}
{"target": -15.611450310003844, "params": {"C": 55.80827506515133, "epsilon": 10.098451957680204, "gamma": 0.06640203460031639, "lamda": 0.09727586476974127}, "datetime": {"datetime": "2021-09-16 16:44:13", "elapsed": 3098.699948, "delta": 15.840765}}
{"target": -2.01231903968977, "params": {"C": 42.26273278106164, "epsilon": 10.009855495174694, "gamma": 0.06521868069107241, "lamda": 0.07226696692081905}, "datetime": {"datetime": "2021-09-16 16:44:15", "elapsed": 3100.502613, "delta": 1.802665}}
{"target": -17.092650560083666, "params": {"C": 46.07037043885242, "epsilon": 9.171405280708278, "gamma": 0.05369414090333024, "lamda": 0.11741317771002684}, "datetime": {"datetime": "2021-09-16 16:44:34", "elapsed": 3118.862924, "delta": 18.360311}}
{"target": -1.9949799921133482, "params": {"C": 46.10250032824563, "epsilon": 9.126079454053839, "gamma": 0.07, "lamda": 0.07545339608395397}, "datetime": {"datetime": "2021-09-16 16:44:36", "elapsed": 3120.85339, "delta": 1.990466}}
{"target": -20.14080881841362, "params": {"C": 45.84800203744234, "epsilon": 14.588778666952221, "gamma": 0.06061644752324501, "lamda": 0.7216692495320747}, "datetime": {"datetime": "2021-09-16 16:44:55", "elapsed": 3139.813125, "delta": 18.959735}}
{"target": -15.598086875491049, "params": {"C": 54.63182869736217, "epsilon": 8.75986332201291, "gamma": 0.058838312098125053, "lamda": 0.0805073785327903}, "datetime": {"datetime": "2021-09-16 16:45:06", "elapsed": 3151.613518, "delta": 11.800393}}
{"target": -13.246877539351727, "params": {"C": 58.26323262205335, "epsilon": 5.0091642940612084, "gamma": 0.06660699071184437, "lamda": 0.6655399177244712}, "datetime": {"datetime": "2021-09-16 16:45:18", "elapsed": 3163.41105, "delta": 11.797532}}
{"target": -15.701089961984334, "params": {"C": 45.38708053599291, "epsilon": 6.4165921136843345, "gamma": 0.06489330866710144, "lamda": 0.6966283029486046}, "datetime": {"datetime": "2021-09-16 16:45:37", "elapsed": 3182.332654, "delta": 18.921604}}
{"target": -19.59719573508148, "params": {"C": 39.8604202255195, "epsilon": 14.00654274853569, "gamma": 0.05187630913826944, "lamda": 0.45734145956890637}, "datetime": {"datetime": "2021-09-16 16:45:56", "elapsed": 3201.358506, "delta": 19.025852}}
{"target": -15.08554536223595, "params": {"C": 44.712369973305755, "epsilon": 4.0597416018933075, "gamma": 0.05361232011404548, "lamda": 0.03880989133675567}, "datetime": {"datetime": "2021-09-16 16:46:09", "elapsed": 3214.103571, "delta": 12.745065}}
{"target": -2.054767983822016, "params": {"C": 56.32140740357965, "epsilon": 8.41850273889609, "gamma": 0.07, "lamda": 0.001}, "datetime": {"datetime": "2021-09-16 16:46:11", "elapsed": 3215.871043, "delta": 1.767472}}
{"target": -14.540956473521018, "params": {"C": 44.109618912986285, "epsilon": 4.8717100625642535, "gamma": 0.054629236264336765, "lamda": 0.06612639207183889}, "datetime": {"datetime": "2021-09-16 16:46:23", "elapsed": 3228.672589, "delta": 12.801546}}
{"target": -14.548723042512123, "params": {"C": 59.79274425032991, "epsilon": 9.562301847253382, "gamma": 0.0633289325203991, "lamda": 0.02705731804172606}, "datetime": {"datetime": "2021-09-16 16:46:42", "elapsed": 3246.923027, "delta": 18.250438}}
{"target": -16.079103568449625, "params": {"C": 58.110309577884, "epsilon": 7.662885708557277, "gamma": 0.05739606295369979, "lamda": 0.746520016828366}, "datetime": {"datetime": "2021-09-16 16:47:01", "elapsed": 3266.086718, "delta": 19.163691}}
{"target": -16.293557522208925, "params": {"C": 43.77502870180124, "epsilon": 9.959097103300806, "gamma": 0.0697692037335695, "lamda": 0.9375466811568783}, "datetime": {"datetime": "2021-09-16 16:47:20", "elapsed": 3285.371242, "delta": 19.284524}}
{"target": -18.15592559640596, "params": {"C": 51.33442245173566, "epsilon": 10.45991621442218, "gamma": 0.05096058402555306, "lamda": 0.014147799123226494}, "datetime": {"datetime": "2021-09-16 16:47:33", "elapsed": 3297.832844, "delta": 12.461602}}
{"target": -1.9993755202723706, "params": {"C": 51.284711090030825, "epsilon": 10.46484349420144, "gamma": 0.06497805068014734, "lamda": 0.03891722244442975}, "datetime": {"datetime": "2021-09-16 16:47:34", "elapsed": 3299.526276, "delta": 1.693432}}
{"target": -17.992817316826816, "params": {"C": 51.35075188738086, "epsilon": 10.500428148016184, "gamma": 0.052230682362735634, "lamda": 0.08689767562292332}, "datetime": {"datetime": "2021-09-16 16:47:53", "elapsed": 3318.205349, "delta": 18.679073}}
{"target": -1.9909734381518116, "params": {"C": 48.84344121478972, "epsilon": 13.431240680888525, "gamma": 0.06312544226592615, "lamda": 0.037917403640570044}, "datetime": {"datetime": "2021-09-16 16:47:54", "elapsed": 3319.500243, "delta": 1.294894}}
{"target": -17.34137595627867, "params": {"C": 47.3627449181667, "epsilon": 11.185222497941716, "gamma": 0.0606568456809622, "lamda": 0.5729907763292479}, "datetime": {"datetime": "2021-09-16 16:48:13", "elapsed": 3338.140177, "delta": 18.639934}}
{"target": -19.4079233531608, "params": {"C": 52.806376400467016, "epsilon": 13.936680494347707, "gamma": 0.052644242147866074, "lamda": 0.2024439941600165}, "datetime": {"datetime": "2021-09-16 16:48:32", "elapsed": 3356.872683, "delta": 18.732506}}
{"target": -2.0620278022980507, "params": {"C": 55.42569047432433, "epsilon": 6.594309622126639, "gamma": 0.053513295270224, "lamda": 0.007720857459244985}, "datetime": {"datetime": "2021-09-16 16:48:33", "elapsed": 3358.658866, "delta": 1.786183}}
{"target": -16.932574490639457, "params": {"C": 46.975167462588054, "epsilon": 10.00743645907782, "gamma": 0.055876150408731604, "lamda": 0.7556860876917435}, "datetime": {"datetime": "2021-09-16 16:48:52", "elapsed": 3377.688035, "delta": 19.029169}}
{"target": -2.0001583380851695, "params": {"C": 59.386047639714704, "epsilon": 10.090639562478543, "gamma": 0.057692850251648026, "lamda": 0.026656158627791016}, "datetime": {"datetime": "2021-09-16 16:48:54", "elapsed": 3378.97232, "delta": 1.284285}}
{"target": -2.051528601131233, "params": {"C": 67.86281451444393, "epsilon": 11.74236628698398, "gamma": 0.06811032340204037, "lamda": 0.06801805798201344}, "datetime": {"datetime": "2021-09-16 16:48:55", "elapsed": 3380.189969, "delta": 1.217649}}
{"target": -14.058803804252785, "params": {"C": 46.19878442170999, "epsilon": 5.558190977298844, "gamma": 0.06293688981699852, "lamda": 0.24487648244680932}, "datetime": {"datetime": "2021-09-16 16:49:13", "elapsed": 3398.166507, "delta": 17.976538}}
{"target": -19.489102859325193, "params": {"C": 68.63568339507152, "epsilon": 13.666591000250135, "gamma": 0.055446861403940645, "lamda": 0.7321995028464036}, "datetime": {"datetime": "2021-09-16 16:49:32", "elapsed": 3417.076605, "delta": 18.910098}}
{"target": -1.9901050997979395, "params": {"C": 48.86748399767429, "epsilon": 13.447143424112468, "gamma": 0.06731698192303648, "lamda": 0.0068001450759442635}, "datetime": {"datetime": "2021-09-16 16:49:34", "elapsed": 3418.958849, "delta": 1.882244}}
{"target": -20.88705451270817, "params": {"C": 38.05698274951319, "epsilon": 16.754592950592833, "gamma": 0.06919096523364855, "lamda": 0.12743860198047183}, "datetime": {"datetime": "2021-09-16 16:49:52", "elapsed": 3437.734171, "delta": 18.775322}}
{"target": -16.629097357594333, "params": {"C": 59.35593235224508, "epsilon": 10.049629942559882, "gamma": 0.051204190419393815, "lamda": 0.02501866615196877}, "datetime": {"datetime": "2021-09-16 16:50:05", "elapsed": 3450.639514, "delta": 12.905343}}
{"target": -1.9810141326375679, "params": {"C": 59.595843197077144, "epsilon": 6.263218995613736, "gamma": 0.06134829701338559, "lamda": 0.005227283745647017}, "datetime": {"datetime": "2021-09-16 16:50:07", "elapsed": 3452.332252, "delta": 1.692738}}
{"target": -14.318809469592653, "params": {"C": 54.73512790749959, "epsilon": 6.659269872514411, "gamma": 0.06328529632230037, "lamda": 0.04268587388745345}, "datetime": {"datetime": "2021-09-16 16:50:26", "elapsed": 3470.974493, "delta": 18.642241}}
{"target": -14.495038427541742, "params": {"C": 45.829554483507465, "epsilon": 5.297108000158518, "gamma": 0.0664388913957677, "lamda": 0.07744072496434133}, "datetime": {"datetime": "2021-09-16 16:50:38", "elapsed": 3482.83791, "delta": 11.863417}}
{"target": -17.854885888830697, "params": {"C": 42.29726735432943, "epsilon": 12.032438125565056, "gamma": 0.05956244943489094, "lamda": 0.5744320273033315}, "datetime": {"datetime": "2021-09-16 16:50:57", "elapsed": 3502.116566, "delta": 19.278656}}
{"target": -19.503075670276914, "params": {"C": 42.386467463290636, "epsilon": 14.130391874435928, "gamma": 0.054886520483727955, "lamda": 0.4662165935429675}, "datetime": {"datetime": "2021-09-16 16:51:16", "elapsed": 3521.772202, "delta": 19.655636}}
{"target": -2.0306616033277667, "params": {"C": 48.88522297967653, "epsilon": 13.462878909278254, "gamma": 0.06000475257639247, "lamda": 0.060918077873276036}, "datetime": {"datetime": "2021-09-16 16:51:18", "elapsed": 3523.527043, "delta": 1.754841}}
{"target": -14.052804735865308, "params": {"C": 55.42861310046379, "epsilon": 6.586210784641801, "gamma": 0.05792520322950712, "lamda": 0.04708630148769911}, "datetime": {"datetime": "2021-09-16 16:51:31", "elapsed": 3535.795309, "delta": 12.268266}}
{"target": -19.832583413560805, "params": {"C": 37.691030466212325, "epsilon": 15.322282095218622, "gamma": 0.059242228309213336, "lamda": 0.12697927555767607}, "datetime": {"datetime": "2021-09-16 16:51:43", "elapsed": 3548.753126, "delta": 12.957817}}
{"target": -18.505073012345264, "params": {"C": 47.18604637143305, "epsilon": 12.198871332872525, "gamma": 0.05393241373553315, "lamda": 0.9527502288392413}, "datetime": {"datetime": "2021-09-16 16:52:04", "elapsed": 3568.832463, "delta": 20.079337}}
{"target": -20.628062550086163, "params": {"C": 60.89018190245341, "epsilon": 14.953866115129244, "gamma": 0.05820276079642372, "lamda": 0.3547305549473057}, "datetime": {"datetime": "2021-09-16 16:52:23", "elapsed": 3588.410451, "delta": 19.577988}}
{"target": -16.53243647030148, "params": {"C": 53.852185757158985, "epsilon": 9.102609445029326, "gamma": 0.05891592201177188, "lamda": 0.788717331008788}, "datetime": {"datetime": "2021-09-16 16:52:42", "elapsed": 3607.571941, "delta": 19.16149}}
{"target": -16.13481902064269, "params": {"C": 48.851029178374645, "epsilon": 13.366351880093928, "gamma": 0.057203168859870895, "lamda": 0.027827875546330514}, "datetime": {"datetime": "2021-09-16 16:52:54", "elapsed": 3619.499523, "delta": 11.927582}}
{"target": -1.9927406016856604, "params": {"C": 53.75307131160808, "epsilon": 5.601295594785309, "gamma": 0.06484608617238866, "lamda": 0.004658283885833238}, "datetime": {"datetime": "2021-09-16 16:52:56", "elapsed": 3621.398359, "delta": 1.898836}}
{"target": -15.21705024569151, "params": {"C": 47.41275362476221, "epsilon": 7.490737947470684, "gamma": 0.056045875965280496, "lamda": 0.07655119120107556}, "datetime": {"datetime": "2021-09-16 16:53:08", "elapsed": 3633.617349, "delta": 12.21899}}
{"target": -15.11609037178731, "params": {"C": 65.26337146380104, "epsilon": 7.462981435284858, "gamma": 0.06995411755453797, "lamda": 0.7921854822274096}, "datetime": {"datetime": "2021-09-16 16:53:27", "elapsed": 3652.604382, "delta": 18.987033}}
{"target": -2.016246223828402, "params": {"C": 51.22450066672382, "epsilon": 7.427739839466333, "gamma": 0.06884863466737341, "lamda": 0.005525472164170585}, "datetime": {"datetime": "2021-09-16 16:53:29", "elapsed": 3653.990921, "delta": 1.386539}}
{"target": -16.25204985644999, "params": {"C": 55.62703863415102, "epsilon": 9.116568341304383, "gamma": 0.054767288107419966, "lamda": 0.6623225479226}, "datetime": {"datetime": "2021-09-16 16:53:48", "elapsed": 3673.341153, "delta": 19.350232}}
{"target": -2.0002543109198196, "params": {"C": 51.26820698000655, "epsilon": 7.3919219523462285, "gamma": 0.06300253844337503, "lamda": 0.05174973573294189}, "datetime": {"datetime": "2021-09-16 16:53:50", "elapsed": 3675.263189, "delta": 1.922036}}
{"target": -2.077369393448109, "params": {"C": 58.389362069015505, "epsilon": 8.353780582988335, "gamma": 0.05175426581890748, "lamda": 0.01168476596316884}, "datetime": {"datetime": "2021-09-16 16:53:52", "elapsed": 3677.142398, "delta": 1.879209}}
{"target": -16.106701932189804, "params": {"C": 67.37295923611711, "epsilon": 5.647509092921287, "gamma": 0.05684211129523975, "lamda": 0.8184804790881637}, "datetime": {"datetime": "2021-09-16 16:54:11", "elapsed": 3696.435227, "delta": 19.292829}}
{"target": -2.034376711487703, "params": {"C": 57.21455866056874, "epsilon": 8.757947073465635, "gamma": 0.06745831590229401, "lamda": 0.058836309731459625}, "datetime": {"datetime": "2021-09-16 16:54:13", "elapsed": 3698.484992, "delta": 2.049765}}
{"target": -21.754458481112668, "params": {"C": 65.03533803305154, "epsilon": 16.666453044749655, "gamma": 0.05144789652263367, "lamda": 0.20512442237894069}, "datetime": {"datetime": "2021-09-16 16:54:33", "elapsed": 3717.82465, "delta": 19.339658}}
{"target": -16.04498347347178, "params": {"C": 41.66484944128717, "epsilon": 6.088888776640683, "gamma": 0.06048152996572041, "lamda": 0.5665387113359799}, "datetime": {"datetime": "2021-09-16 16:54:52", "elapsed": 3736.844991, "delta": 19.020341}}
{"target": -1.993422985370993, "params": {"C": 54.63612242949478, "epsilon": 8.551103479328972, "gamma": 0.05982384486187106, "lamda": 0.09693868126868994}, "datetime": {"datetime": "2021-09-16 16:54:54", "elapsed": 3739.363978, "delta": 2.518987}}
{"target": -17.810958711124574, "params": {"C": 66.62682404557242, "epsilon": 10.927066950047344, "gamma": 0.051367258711942386, "lamda": 0.21520807696331248}, "datetime": {"datetime": "2021-09-16 16:55:14", "elapsed": 3758.867333, "delta": 19.503355}}
{"target": -16.679551782646637, "params": {"C": 54.63394118176929, "epsilon": 8.341707362478125, "gamma": 0.054934800845345286, "lamda": 0.01899087868642255}, "datetime": {"datetime": "2021-09-16 16:55:27", "elapsed": 3772.278231, "delta": 13.410898}}
{"target": -13.46816326605029, "params": {"C": 64.75792864958441, "epsilon": 4.364625297694068, "gamma": 0.06644594720533831, "lamda": 0.050973132246169194}, "datetime": {"datetime": "2021-09-16 16:55:45", "elapsed": 3790.735956, "delta": 18.457725}}
{"target": -14.436579835239286, "params": {"C": 64.08546679636042, "epsilon": 5.664424496168943, "gamma": 0.06720987246890225, "lamda": 0.15855130736968354}, "datetime": {"datetime": "2021-09-16 16:56:04", "elapsed": 3809.514044, "delta": 18.778088}}
{"target": -1.9867280642620166, "params": {"C": 57.62529759004926, "epsilon": 9.71638730224372, "gamma": 0.05958356623658477, "lamda": 0.031504816581891124}, "datetime": {"datetime": "2021-09-16 16:56:06", "elapsed": 3811.49614, "delta": 1.982096}}
{"target": -15.428272443664701, "params": {"C": 51.70443631851956, "epsilon": 8.830996495965486, "gamma": 0.06020756232072167, "lamda": 0.6721973225234401}, "datetime": {"datetime": "2021-09-16 16:56:26", "elapsed": 3830.997957, "delta": 19.501817}}
{"target": -14.993299828683806, "params": {"C": 51.31018465406473, "epsilon": 10.528678924356967, "gamma": 0.06154523908071413, "lamda": 0.019842740553097867}, "datetime": {"datetime": "2021-09-16 16:56:44", "elapsed": 3849.246991, "delta": 18.249034}}
{"target": -18.100868273596113, "params": {"C": 59.7898050313064, "epsilon": 12.644574539673396, "gamma": 0.06943771401331447, "lamda": 0.1911902518519606}, "datetime": {"datetime": "2021-09-16 16:56:56", "elapsed": 3861.615419, "delta": 12.368428}}
{"target": -13.487819796008878, "params": {"C": 58.959947012456325, "epsilon": 5.731943815199646, "gamma": 0.062251214081333696, "lamda": 0.5856188892049191}, "datetime": {"datetime": "2021-09-16 16:57:09", "elapsed": 3873.803297, "delta": 12.187878}}
{"target": -2.056238722913554, "params": {"C": 41.269636999843755, "epsilon": 13.077845485582285, "gamma": 0.058751419278340045, "lamda": 0.0014235683442269755}, "datetime": {"datetime": "2021-09-16 16:57:10", "elapsed": 3875.143658, "delta": 1.340361}}
{"target": -20.41912230002484, "params": {"C": 58.69162854457375, "epsilon": 15.591096497422013, "gamma": 0.06156039501043074, "lamda": 0.28242065252213633}, "datetime": {"datetime": "2021-09-16 16:57:29", "elapsed": 3894.632839, "delta": 19.489181}}
{"target": -17.254429620494903, "params": {"C": 42.254871863927704, "epsilon": 9.999996233774464, "gamma": 0.05205048859065595, "lamda": 0.15463634102209767}, "datetime": {"datetime": "2021-09-16 16:57:50", "elapsed": 3914.810872, "delta": 20.178033}}
{"target": -15.431144594203003, "params": {"C": 42.21928070957627, "epsilon": 9.95035894905708, "gamma": 0.05396690426607262, "lamda": 0.029134556498029533}, "datetime": {"datetime": "2021-09-16 16:58:03", "elapsed": 3928.376141, "delta": 13.565269}}
{"target": -15.295730752091178, "params": {"C": 62.010748051869015, "epsilon": 14.40198637001164, "gamma": 0.06907030038364421, "lamda": 0.14563173160715195}, "datetime": {"datetime": "2021-09-16 16:58:21", "elapsed": 3946.676659, "delta": 18.300518}}
{"target": -1.981821649640184, "params": {"C": 59.41304633627841, "epsilon": 10.210234099050961, "gamma": 0.060792694867790924, "lamda": 0.026386887682100083}, "datetime": {"datetime": "2021-09-16 16:58:24", "elapsed": 3948.935664, "delta": 2.259005}}
{"target": -17.26527023535766, "params": {"C": 42.323779107216446, "epsilon": 10.035032974145421, "gamma": 0.05413947309125624, "lamda": 0.11695301925787144}, "datetime": {"datetime": "2021-09-16 16:58:44", "elapsed": 3969.582129, "delta": 20.646465}}
{"target": -18.903317740164187, "params": {"C": 41.35437968191436, "epsilon": 12.020074100082391, "gamma": 0.056781933973247406, "lamda": 0.9900132214341528}, "datetime": {"datetime": "2021-09-16 16:59:05", "elapsed": 3989.979018, "delta": 20.396889}}
{"target": -15.008369914304263, "params": {"C": 44.62236725298613, "epsilon": 4.046235414583191, "gamma": 0.05005324155559385, "lamda": 0.04639177388251538}, "datetime": {"datetime": "2021-09-16 16:59:18", "elapsed": 4003.480337, "delta": 13.501319}}
{"target": -1.989491940980947, "params": {"C": 67.83895130694097, "epsilon": 11.691446153325849, "gamma": 0.05621252463809511, "lamda": 0.030461699315377674}, "datetime": {"datetime": "2021-09-16 16:59:20", "elapsed": 4005.613949, "delta": 2.133612}}
{"target": -14.607510678825005, "params": {"C": 58.3602565035183, "epsilon": 8.296130646654902, "gamma": 0.06464801515027763, "lamda": 0.024742338310846906}, "datetime": {"datetime": "2021-09-16 16:59:39", "elapsed": 4023.823928, "delta": 18.209979}}
{"target": -21.593499328618947, "params": {"C": 51.366147684585414, "epsilon": 16.847505265863457, "gamma": 0.05682347267934791, "lamda": 0.500007536294368}, "datetime": {"datetime": "2021-09-16 16:59:58", "elapsed": 4043.28736, "delta": 19.463432}}
{"target": -19.447077541984353, "params": {"C": 64.1461588391742, "epsilon": 12.98325937618116, "gamma": 0.05287909180772259, "lamda": 0.958811100946779}, "datetime": {"datetime": "2021-09-16 17:00:18", "elapsed": 4063.55105, "delta": 20.26369}}
{"target": -18.888245717112067, "params": {"C": 60.23983883829952, "epsilon": 13.859092540646005, "gamma": 0.06301730439160502, "lamda": 0.48790348481716767}, "datetime": {"datetime": "2021-09-16 17:00:37", "elapsed": 4082.050661, "delta": 18.499611}}
{"target": -15.564573161765392, "params": {"C": 50.35969989282927, "epsilon": 8.943918097117145, "gamma": 0.06757010504616649, "lamda": 0.4851104044562265}, "datetime": {"datetime": "2021-09-16 17:00:57", "elapsed": 4101.874633, "delta": 19.823972}}
{"target": -2.0286341612152783, "params": {"C": 51.18614221369328, "epsilon": 7.465322143199597, "gamma": 0.05793417967885214, "lamda": 0.0019844545728287793}, "datetime": {"datetime": "2021-09-16 17:00:59", "elapsed": 4103.951112, "delta": 2.076479}}
{"target": -2.0427105762563245, "params": {"C": 39.51274085153322, "epsilon": 15.293184262555334, "gamma": 0.06980807314904643, "lamda": 0.10354176408446523}, "datetime": {"datetime": "2021-09-16 17:01:00", "elapsed": 4105.44281, "delta": 1.491698}}
