{"target": 0.8709151831194568, "params": {"C": 79.3792283321875, "epsilon": 0.2851076528089276, "gamma": 0.16465105687031387, "lamda": 0.2996672397003248}, "datetime": {"datetime": "2021-09-23 12:44:16", "elapsed": 902.218048, "delta": 1.171352}}
{"target": 0.8562661012249938, "params": {"C": 80.51824256617859, "epsilon": 0.355434634737957, "gamma": 0.1897004028258056, "lamda": 0.11908863998778847}, "datetime": {"datetime": "2021-09-23 12:44:18", "elapsed": 904.732878, "delta": 2.51483}}
{"target": 0.8794830891861697, "params": {"C": 80.39813211614027, "epsilon": 0.35384691172857846, "gamma": 0.14461907390708206, "lamda": 0.08300181061705474}, "datetime": {"datetime": "2021-09-23 12:44:21", "elapsed": 908.005742, "delta": 3.272864}}
{"target": 0.8658000825113208, "params": {"C": 80.35582316531227, "epsilon": 0.46705332773562025, "gamma": 0.01, "lamda": 0.03717154807735705}, "datetime": {"datetime": "2021-09-23 12:44:24", "elapsed": 910.946289, "delta": 2.940547}}
{"target": 0.848556317856868, "params": {"C": 89.2096219353738, "epsilon": 0.5440522023356129, "gamma": 0.2, "lamda": 0.3286984043173898}, "datetime": {"datetime": "2021-09-23 12:44:27", "elapsed": 913.652369, "delta": 2.70608}}
{"target": -2.964141430987559, "params": {"C": 85.77411552429261, "epsilon": 0.19752115934239692, "gamma": 0.04918461741182898, "lamda": 0.375922025719943}, "datetime": {"datetime": "2021-09-23 12:44:38", "elapsed": 924.533798, "delta": 10.881429}}
{"target": 0.8696625332955549, "params": {"C": 80.288046939188, "epsilon": 0.3283278417722809, "gamma": 0.16710738980238043, "lamda": 0.23876942123824002}, "datetime": {"datetime": "2021-09-23 12:44:40", "elapsed": 926.988764, "delta": 2.454966}}
{"target": 0.8722253619538619, "params": {"C": 80.22535370837387, "epsilon": 0.4003579253734199, "gamma": 0.16191508587316308, "lamda": 0.2025716433970572}, "datetime": {"datetime": "2021-09-23 12:44:44", "elapsed": 930.092021, "delta": 3.103257}}
{"target": -2.6876171384617464, "params": {"C": 80.30297106989536, "epsilon": 0.32775738311423713, "gamma": 0.053091691720314124, "lamda": 0.26230500270802243}, "datetime": {"datetime": "2021-09-23 12:44:53", "elapsed": 939.481652, "delta": 9.389631}}
{"target": 0.9018439812221227, "params": {"C": 80.32362845264201, "epsilon": 0.36853521884975265, "gamma": 0.08618356519928447, "lamda": 0.03274091960724879}, "datetime": {"datetime": "2021-09-23 12:44:56", "elapsed": 942.269771, "delta": 2.788119}}
{"target": -1.7929425827861203, "params": {"C": 86.78298253107137, "epsilon": 0.6470096220400919, "gamma": 0.07225987759124734, "lamda": 0.37423610085805753}, "datetime": {"datetime": "2021-09-23 12:45:07", "elapsed": 953.44045, "delta": 11.170679}}
{"target": 0.8615828711295112, "params": {"C": 80.59623331035033, "epsilon": 0.39767066487643266, "gamma": 0.1811485814897435, "lamda": 0.1349301691843005}, "datetime": {"datetime": "2021-09-23 12:45:09", "elapsed": 955.878419, "delta": 2.437969}}
{"target": 0.9049499705042383, "params": {"C": 80.23042987513792, "epsilon": 0.3658004221434239, "gamma": 0.07904770637377961, "lamda": 0.06435440072333949}, "datetime": {"datetime": "2021-09-23 12:45:11", "elapsed": 957.937608, "delta": 2.059189}}
{"target": 0.8938344737460416, "params": {"C": 80.19446272674676, "epsilon": 0.46173257577862087, "gamma": 0.10535956654139492, "lamda": 0.013782524849267886}, "datetime": {"datetime": "2021-09-23 12:45:15", "elapsed": 961.549524, "delta": 3.611916}}
{"target": -2.5429515283303257, "params": {"C": 80.08533035806269, "epsilon": 0.4608777369187174, "gamma": 0.04691054115221536, "lamda": 0.07767021896869652}, "datetime": {"datetime": "2021-09-23 12:45:29", "elapsed": 975.27209, "delta": 13.722566}}
{"target": 0.8872765052408389, "params": {"C": 86.28230649268224, "epsilon": 0.8095177807280008, "gamma": 0.12547641661337552, "lamda": 0.1784095523518937}, "datetime": {"datetime": "2021-09-23 12:45:30", "elapsed": 976.591899, "delta": 1.319809}}
{"target": 0.8824173434916796, "params": {"C": 87.20224637809554, "epsilon": 0.6750786537615038, "gamma": 0.13860879139775642, "lamda": 0.44291672840830654}, "datetime": {"datetime": "2021-09-23 12:45:31", "elapsed": 977.841903, "delta": 1.250004}}
{"target": 0.8969394041216288, "params": {"C": 93.55259133985693, "epsilon": 0.15505489928079205, "gamma": 0.099534367959851, "lamda": 0.14623906996700217}, "datetime": {"datetime": "2021-09-23 12:45:35", "elapsed": 981.190017, "delta": 3.348114}}
{"target": 0.8899453308518768, "params": {"C": 93.5573134943412, "epsilon": 0.22777255490734638, "gamma": 0.12051299919336911, "lamda": 0.23151841039792978}, "datetime": {"datetime": "2021-09-23 12:45:38", "elapsed": 984.240025, "delta": 3.050008}}
{"target": -2.6094756902101257, "params": {"C": 95.708902713864, "epsilon": 0.21922240253617994, "gamma": 0.052037179065985255, "lamda": 0.2003354942741016}, "datetime": {"datetime": "2021-09-23 12:45:52", "elapsed": 998.153229, "delta": 13.913204}}
{"target": 0.8941731880209285, "params": {"C": 98.30878754971644, "epsilon": 0.5530863573098919, "gamma": 0.11025778461988535, "lamda": 0.14131875768143737}, "datetime": {"datetime": "2021-09-23 12:45:53", "elapsed": 999.576997, "delta": 1.423768}}
{"target": 0.8632830690291439, "params": {"C": 80.53849612575577, "epsilon": 0.3369193371138697, "gamma": 0.17844824771529313, "lamda": 0.0091829384792795}, "datetime": {"datetime": "2021-09-23 12:45:57", "elapsed": 1003.38638, "delta": 3.809383}}
{"target": -2.675768421931431, "params": {"C": 83.53825843646493, "epsilon": 0.9834082871638468, "gamma": 0.013771551552869398, "lamda": 0.35908439686233556}, "datetime": {"datetime": "2021-09-23 12:46:09", "elapsed": 1015.323251, "delta": 11.936871}}
{"target": 0.8555793701883144, "params": {"C": 80.19310283805603, "epsilon": 0.5177421815542846, "gamma": 0.19088551350661803, "lamda": 0.05901429099058697}, "datetime": {"datetime": "2021-09-23 12:46:12", "elapsed": 1018.5947, "delta": 3.271449}}
{"target": 0.8917923288172229, "params": {"C": 93.49808288153586, "epsilon": 0.22393776966516749, "gamma": 0.028242581642833324, "lamda": 0.16327749901482624}, "datetime": {"datetime": "2021-09-23 12:46:16", "elapsed": 1022.092175, "delta": 3.497475}}
{"target": 0.8534120135641567, "params": {"C": 92.75722037403011, "epsilon": 0.3947396104605226, "gamma": 0.19133365742410138, "lamda": 0.13559400557597623}, "datetime": {"datetime": "2021-09-23 12:46:18", "elapsed": 1024.678155, "delta": 2.58598}}
{"target": -3.1397523459608356, "params": {"C": 93.52050209794952, "epsilon": 0.16804804839372012, "gamma": 0.04460068928781644, "lamda": 0.25451051712165}, "datetime": {"datetime": "2021-09-23 12:46:31", "elapsed": 1037.931942, "delta": 13.253787}}
{"target": 0.9052260221564531, "params": {"C": 80.0090740494062, "epsilon": 0.5133008519023177, "gamma": 0.07809712383551774, "lamda": 0.026679381380516558}, "datetime": {"datetime": "2021-09-23 12:46:33", "elapsed": 1039.218259, "delta": 1.286317}}
{"target": 0.9019819013677146, "params": {"C": 99.76909481891106, "epsilon": 0.9073606546182439, "gamma": 0.08782983886880548, "lamda": 0.11616672790303664}, "datetime": {"datetime": "2021-09-23 12:46:34", "elapsed": 1040.577397, "delta": 1.359138}}
{"target": 0.9068506219792192, "params": {"C": 93.53113236907528, "epsilon": 0.25162994271348665, "gamma": 0.07707404043772202, "lamda": 0.0667696197940374}, "datetime": {"datetime": "2021-09-23 12:46:37", "elapsed": 1043.954661, "delta": 3.377264}}
{"target": 0.8751910951795809, "params": {"C": 80.50770570708869, "epsilon": 0.37368245967961694, "gamma": 0.15510109816320097, "lamda": 0.21736616402944678}, "datetime": {"datetime": "2021-09-23 12:46:40", "elapsed": 1046.445038, "delta": 2.490377}}
{"target": 0.8807270738275437, "params": {"C": 90.7405981325732, "epsilon": 0.842475990292986, "gamma": 0.14321949181717422, "lamda": 0.010486344330390345}, "datetime": {"datetime": "2021-09-23 12:46:41", "elapsed": 1047.827582, "delta": 1.382544}}
{"target": 0.896043172683654, "params": {"C": 93.53803264415217, "epsilon": 0.2565615183588541, "gamma": 0.1032884288739786, "lamda": 0.15526952594740778}, "datetime": {"datetime": "2021-09-23 12:46:45", "elapsed": 1051.4453, "delta": 3.617718}}
{"target": 0.8769606642249217, "params": {"C": 82.44745424494799, "epsilon": 0.6440956588438712, "gamma": 0.15124294038012887, "lamda": 0.02427149494373793}, "datetime": {"datetime": "2021-09-23 12:46:46", "elapsed": 1052.822389, "delta": 1.377089}}
{"target": 0.8833110369536812, "params": {"C": 77.31175823634963, "epsilon": 0.7540061679985295, "gamma": 0.13354474615149342, "lamda": 0.4444534657495479}, "datetime": {"datetime": "2021-09-23 12:46:48", "elapsed": 1054.319343, "delta": 1.496954}}
{"target": 0.8647641635563117, "params": {"C": 80.24386585755279, "epsilon": 0.3256347424164985, "gamma": 0.17610710621903727, "lamda": 0.13161035767833978}, "datetime": {"datetime": "2021-09-23 12:46:51", "elapsed": 1057.096316, "delta": 2.776973}}
{"target": 0.8574587053099553, "params": {"C": 76.85166720445159, "epsilon": 0.5127968986460529, "gamma": 0.1886575973157267, "lamda": 0.345309584222352}, "datetime": {"datetime": "2021-09-23 12:46:52", "elapsed": 1058.346066, "delta": 1.24975}}
{"target": 0.8779577974131711, "params": {"C": 93.53655952522269, "epsilon": 0.18062211425816505, "gamma": 0.019599468598991143, "lamda": 0.08499777169099451}, "datetime": {"datetime": "2021-09-23 12:46:56", "elapsed": 1062.05908, "delta": 3.713014}}
{"target": 0.8594190766750661, "params": {"C": 97.95700199401126, "epsilon": 0.8053927304202613, "gamma": 0.18061708170642027, "lamda": 0.07605534123610751}, "datetime": {"datetime": "2021-09-23 12:46:57", "elapsed": 1063.480015, "delta": 1.420935}}
{"target": 0.8539392614569392, "params": {"C": 93.52965542785688, "epsilon": 0.18971503274304177, "gamma": 0.1903114545028243, "lamda": 0.17731690947024106}, "datetime": {"datetime": "2021-09-23 12:47:00", "elapsed": 1066.579943, "delta": 3.099928}}
{"target": 0.8760105078413957, "params": {"C": 77.81963585261047, "epsilon": 0.1641613017839569, "gamma": 0.15268531407147864, "lamda": 0.2726437735219052}, "datetime": {"datetime": "2021-09-23 12:47:02", "elapsed": 1068.036731, "delta": 1.456788}}
{"target": -3.6014382930184867, "params": {"C": 80.00265512635869, "epsilon": 0.6764267614872762, "gamma": 0.02878874486185222, "lamda": 0.33689900507540077}, "datetime": {"datetime": "2021-09-23 12:47:12", "elapsed": 1078.748325, "delta": 10.711594}}
{"target": 0.8897832824753151, "params": {"C": 92.67145359256637, "epsilon": 0.4099992684529936, "gamma": 0.12063295099577137, "lamda": 0.18463136897194432}, "datetime": {"datetime": "2021-09-23 12:47:15", "elapsed": 1081.190683, "delta": 2.442358}}
{"target": 0.8689263897538889, "params": {"C": 93.6591504201474, "epsilon": 0.2172049853855825, "gamma": 0.16678244029845474, "lamda": 0.21814382751865724}, "datetime": {"datetime": "2021-09-23 12:47:19", "elapsed": 1085.367938, "delta": 4.177255}}
{"target": -2.1368591323183415, "params": {"C": 96.60338156171322, "epsilon": 0.9728395764941067, "gamma": 0.06264480949484554, "lamda": 0.20177558434963}, "datetime": {"datetime": "2021-09-23 12:47:30", "elapsed": 1096.518672, "delta": 11.150734}}
{"target": 0.857111572718189, "params": {"C": 93.5850635900446, "epsilon": 0.28806018498174946, "gamma": 0.18518050383339388, "lamda": 0.2099853412331974}, "datetime": {"datetime": "2021-09-23 12:47:34", "elapsed": 1100.124771, "delta": 3.606099}}
{"target": 0.8536319012668416, "params": {"C": 93.65221262495544, "epsilon": 0.26084868336514433, "gamma": 0.19078190708103798, "lamda": 0.12325122455743062}, "datetime": {"datetime": "2021-09-23 12:47:37", "elapsed": 1103.528741, "delta": 3.40397}}
{"target": 0.8838481072405666, "params": {"C": 177.1320643266746, "epsilon": 0.06971435189143142, "gamma": 0.13039316463599232, "lamda": 0.15001197262518376}, "datetime": {"datetime": "2021-09-23 12:58:36", "elapsed": 0.0, "delta": 0.0}}
{"target": -2.5140716203401525, "params": {"C": 149.85070123025903, "epsilon": 0.26355681325430524, "gamma": 0.04763194430432856, "lamda": 0.15234561172759278}, "datetime": {"datetime": "2021-09-23 12:58:47", "elapsed": 11.164644, "delta": 11.164644}}
{"target": 0.8824550557436576, "params": {"C": 116.91108365625354, "epsilon": 0.13392282346530976, "gamma": 0.14021836548988148, "lamda": 0.1907252758927924}, "datetime": {"datetime": "2021-09-23 12:58:48", "elapsed": 11.621649, "delta": 0.457005}}
{"target": 0.9013486283987291, "params": {"C": 178.67533928065023, "epsilon": 0.20365473867238745, "gamma": 0.09891146181480295, "lamda": 0.15654756666828767}, "datetime": {"datetime": "2021-09-23 12:58:48", "elapsed": 12.31414, "delta": 0.692491}}
{"target": 0.846867350107601, "params": {"C": 100.0, "epsilon": 1.0, "gamma": 0.2, "lamda": 0.001}, "datetime": {"datetime": "2021-09-23 12:58:49", "elapsed": 12.979143, "delta": 0.665003}}
{"target": 0.8377461665904247, "params": {"C": 200.0, "epsilon": 0.05, "gamma": 0.2, "lamda": 0.0010000000000000009}, "datetime": {"datetime": "2021-09-23 12:58:50", "elapsed": 13.67714, "delta": 0.697997}}
{"target": 0.8687998779347132, "params": {"C": 108.59146653236985, "epsilon": 0.05, "gamma": 0.01, "lamda": 0.2}, "datetime": {"datetime": "2021-09-23 12:58:50", "elapsed": 14.328199, "delta": 0.651059}}
{"target": -2.269527522938273, "params": {"C": 190.90503139861505, "epsilon": 1.0, "gamma": 0.01, "lamda": 0.2}, "datetime": {"datetime": "2021-09-23 12:59:02", "elapsed": 26.384547, "delta": 12.056348}}
{"target": 0.869604887426298, "params": {"C": 126.54507382895028, "epsilon": 1.0, "gamma": 0.01, "lamda": 0.001}, "datetime": {"datetime": "2021-09-23 12:59:03", "elapsed": 27.048545, "delta": 0.663998}}
{"target": 0.8703331041030028, "params": {"C": 166.80034487173964, "epsilon": 1.0, "gamma": 0.01, "lamda": 0.001}, "datetime": {"datetime": "2021-09-23 12:59:04", "elapsed": 27.831548, "delta": 0.783003}}
{"target": 0.842169430772608, "params": {"C": 134.47985018490974, "epsilon": 0.05, "gamma": 0.2, "lamda": 0.2}, "datetime": {"datetime": "2021-09-23 12:59:04", "elapsed": 28.433678, "delta": 0.60213}}
{"target": 0.8402103751910733, "params": {"C": 161.02794584845256, "epsilon": 0.05, "gamma": 0.2, "lamda": 0.2}, "datetime": {"datetime": "2021-09-23 12:59:05", "elapsed": 29.196676, "delta": 0.762998}}
{"target": 0.8984686215730486, "params": {"C": 121.75334959969231, "epsilon": 0.085521960177492, "gamma": 0.10224764426090922, "lamda": 0.004981900502215044}, "datetime": {"datetime": "2021-09-23 12:59:06", "elapsed": 29.905335, "delta": 0.708659}}
{"target": 0.8684502369635855, "params": {"C": 104.34058282133776, "epsilon": 1.0, "gamma": 0.01, "lamda": 0.001}, "datetime": {"datetime": "2021-09-23 12:59:07", "elapsed": 30.729861, "delta": 0.824526}}
{"target": 0.8394207817271954, "params": {"C": 171.6930415355458, "epsilon": 1.0, "gamma": 0.2, "lamda": 0.2}, "datetime": {"datetime": "2021-09-23 12:59:07", "elapsed": 31.469148, "delta": 0.739287}}
{"target": 0.9025698157388135, "params": {"C": 130.53419262094943, "epsilon": 0.05161289942861369, "gamma": 0.08991125706153069, "lamda": 0.08068457832790407}, "datetime": {"datetime": "2021-09-23 12:59:08", "elapsed": 32.395994, "delta": 0.926846}}
{"target": 0.8986417672492519, "params": {"C": 112.52555516084749, "epsilon": 0.9901548371346184, "gamma": 0.09928141620305754, "lamda": 0.1797468801814216}, "datetime": {"datetime": "2021-09-23 12:59:09", "elapsed": 33.325992, "delta": 0.929998}}
{"target": 0.8400119014376191, "params": {"C": 163.98521405434872, "epsilon": 0.05, "gamma": 0.2, "lamda": 0.2}, "datetime": {"datetime": "2021-09-23 12:59:10", "elapsed": 34.012743, "delta": 0.686751}}
{"target": 0.8695283733257166, "params": {"C": 138.6462461029207, "epsilon": 1.0, "gamma": 0.01, "lamda": 0.001}, "datetime": {"datetime": "2021-09-23 12:59:11", "elapsed": 34.982781, "delta": 0.970038}}
{"target": 0.8986777949521934, "params": {"C": 119.31980333904956, "epsilon": 0.9958719872183077, "gamma": 0.1003913728555382, "lamda": 0.07750743636268775}, "datetime": {"datetime": "2021-09-23 12:59:12", "elapsed": 35.856981, "delta": 0.8742}}
{"target": 0.9035236122159106, "params": {"C": 169.02774563588937, "epsilon": 0.06154795809376229, "gamma": 0.09301336352893787, "lamda": 0.054202410394502465}, "datetime": {"datetime": "2021-09-23 12:59:13", "elapsed": 36.982636, "delta": 1.125655}}
{"target": -3.0853645277570436, "params": {"C": 102.08648252740957, "epsilon": 0.05184464122295541, "gamma": 0.04367484144619313, "lamda": 0.09048169192486662}, "datetime": {"datetime": "2021-09-23 12:59:25", "elapsed": 49.524223, "delta": 12.541587}}
{"target": 0.8458754999958413, "params": {"C": 177.82654753958556, "epsilon": 0.8639700648424441, "gamma": 0.18727300678180633, "lamda": 0.07473258220349939}, "datetime": {"datetime": "2021-09-23 12:59:26", "elapsed": 50.339223, "delta": 0.815}}
{"target": 0.8686265908123414, "params": {"C": 106.23311145585697, "epsilon": 0.8412098269882454, "gamma": 0.01, "lamda": 0.05421444386692494}, "datetime": {"datetime": "2021-09-23 12:59:27", "elapsed": 51.29422, "delta": 0.954997}}
{"target": -3.1048416838889477, "params": {"C": 128.43949063497612, "epsilon": 0.10342308586553885, "gamma": 0.04076530122926652, "lamda": 0.13830152571363216}, "datetime": {"datetime": "2021-09-23 12:59:38", "elapsed": 61.876637, "delta": 10.582417}}
{"target": 0.9136347796804795, "params": {"C": 120.45486531313004, "epsilon": 0.3424242826651442, "gamma": 0.06013581137616823, "lamda": 0.08536529007032935}, "datetime": {"datetime": "2021-09-23 12:59:39", "elapsed": 62.875198, "delta": 0.998561}}
{"target": 0.8869569854387436, "params": {"C": 132.0614834873641, "epsilon": 0.05, "gamma": 0.13080296271375638, "lamda": 0.10668710045887017}, "datetime": {"datetime": "2021-09-23 12:59:40", "elapsed": 63.640193, "delta": 0.764995}}
{"target": 0.8695570842494478, "params": {"C": 124.93781226753318, "epsilon": 1.0, "gamma": 0.01, "lamda": 0.001}, "datetime": {"datetime": "2021-09-23 12:59:40", "elapsed": 64.396432, "delta": 0.756239}}
{"target": -2.2601546866101665, "params": {"C": 110.59169474989119, "epsilon": 0.5621295654409812, "gamma": 0.05675105006507716, "lamda": 0.18574378567953978}, "datetime": {"datetime": "2021-09-23 12:59:53", "elapsed": 76.598234, "delta": 12.201802}}
{"target": 0.9017355275747704, "params": {"C": 170.18460657150453, "epsilon": 0.9637101657063567, "gamma": 0.09795171773570484, "lamda": 0.17469269788550418}, "datetime": {"datetime": "2021-09-23 12:59:54", "elapsed": 77.870235, "delta": 1.272001}}
{"target": 0.8908594675646883, "params": {"C": 114.05391520952034, "epsilon": 0.9566785754627455, "gamma": 0.12106665168156237, "lamda": 0.17965245296551424}, "datetime": {"datetime": "2021-09-23 12:59:55", "elapsed": 79.215487, "delta": 1.345252}}
{"target": 0.9156454795625429, "params": {"C": 162.45518830783018, "epsilon": 0.9263173247916326, "gamma": 0.06148695750823226, "lamda": 0.02352956458488229}, "datetime": {"datetime": "2021-09-23 12:59:56", "elapsed": 80.331725, "delta": 1.116238}}
{"target": 0.902419913754293, "params": {"C": 136.65195362131504, "epsilon": 0.5085992105340318, "gamma": 0.09113337839657128, "lamda": 0.14737940430928018}, "datetime": {"datetime": "2021-09-23 12:59:57", "elapsed": 81.424363, "delta": 1.092638}}
{"target": 0.8812980554238651, "params": {"C": 198.2424501547448, "epsilon": 0.9190492199671012, "gamma": 0.13075598287824938, "lamda": 0.1150903848683641}, "datetime": {"datetime": "2021-09-23 12:59:58", "elapsed": 82.40705, "delta": 0.982687}}
{"target": 0.837951971997901, "params": {"C": 196.50264334524167, "epsilon": 0.05, "gamma": 0.2, "lamda": 0.001}, "datetime": {"datetime": "2021-09-23 12:59:59", "elapsed": 83.136187, "delta": 0.729137}}
{"target": 0.8556307136517876, "params": {"C": 175.13531505459378, "epsilon": 0.8866823095837475, "gamma": 0.17192931935796466, "lamda": 0.139947926200941}, "datetime": {"datetime": "2021-09-23 13:00:00", "elapsed": 84.147189, "delta": 1.011002}}
{"target": -2.007914592584248, "params": {"C": 173.42262042022207, "epsilon": 0.05, "gamma": 0.01, "lamda": 0.2}, "datetime": {"datetime": "2021-09-23 13:00:12", "elapsed": 96.373632, "delta": 12.226443}}
{"target": 0.8599484260419243, "params": {"C": 115.31639052008009, "epsilon": 0.052299065440270125, "gamma": 0.1762779878080331, "lamda": 0.01634957820155121}, "datetime": {"datetime": "2021-09-23 13:00:13", "elapsed": 97.56553, "delta": 1.191898}}
{"target": 0.8435105883157104, "params": {"C": 123.49337448477581, "epsilon": 0.05, "gamma": 0.2, "lamda": 0.2}, "datetime": {"datetime": "2021-09-23 13:00:14", "elapsed": 98.412336, "delta": 0.846806}}
{"target": 0.8415528177858808, "params": {"C": 140.24142086667445, "epsilon": 0.05, "gamma": 0.2, "lamda": 0.2}, "datetime": {"datetime": "2021-09-23 13:00:15", "elapsed": 99.205157, "delta": 0.792821}}
{"target": 0.870325772526544, "params": {"C": 165.18542840194698, "epsilon": 1.0, "gamma": 0.01, "lamda": 0.001}, "datetime": {"datetime": "2021-09-23 13:00:16", "elapsed": 100.509461, "delta": 1.304304}}
{"target": -3.7418251056073286, "params": {"C": 180.53306659091265, "epsilon": 0.9664331987531097, "gamma": 0.025211854371755507, "lamda": 0.06766751226821861}, "datetime": {"datetime": "2021-09-23 13:00:28", "elapsed": 112.266779, "delta": 11.757318}}
{"target": 0.9036210225083078, "params": {"C": 141.91433254819938, "epsilon": 0.9456137801929421, "gamma": 0.08680290783150502, "lamda": 0.10755393319689596}, "datetime": {"datetime": "2021-09-23 13:00:29", "elapsed": 113.026013, "delta": 0.759234}}
{"target": 0.903420029614729, "params": {"C": 143.56493403363336, "epsilon": 0.06297803342882785, "gamma": 0.08941520807827509, "lamda": 0.019471848579919397}, "datetime": {"datetime": "2021-09-23 13:00:30", "elapsed": 113.843015, "delta": 0.817002}}
