{"target": -5.076071358391811, "params": {"C": 27.50422410778384, "epsilon": 4.764458093458873, "gamma": 0.0001, "lamda": 0.0001}, "datetime": {"datetime": "2021-09-16 11:13:17", "elapsed": 1233.40724, "delta": 1.906756}}
{"target": -4.50835004361213, "params": {"C": 23.628027665503765, "epsilon": 0.13317711698281473, "gamma": 0.9828557174279319, "lamda": 1.5337170390594046}, "datetime": {"datetime": "2021-09-16 11:13:19", "elapsed": 1235.091099, "delta": 1.683859}}
{"target": -5.253047718081057, "params": {"C": 16.41510067390055, "epsilon": 16.310488894531915, "gamma": 1.0, "lamda": 0.0001}, "datetime": {"datetime": "2021-09-16 11:13:20", "elapsed": 1236.69245, "delta": 1.601351}}
{"target": -7.413505113767104, "params": {"C": 0.1, "epsilon": 20.0, "gamma": 1.0, "lamda": 2.322667115348979}, "datetime": {"datetime": "2021-09-16 11:13:23", "elapsed": 1238.894369, "delta": 2.201919}}
{"target": -7.505337581186913, "params": {"C": 0.1, "epsilon": 7.591614264848077, "gamma": 0.0001, "lamda": 0.0001}, "datetime": {"datetime": "2021-09-16 11:13:25", "elapsed": 1240.944164, "delta": 2.049795}}
{"target": -5.357145081294887, "params": {"C": 6.6650331296841046, "epsilon": 14.784722853604283, "gamma": 1.0, "lamda": 0.0001}, "datetime": {"datetime": "2021-09-16 11:13:27", "elapsed": 1243.125529, "delta": 2.181365}}
{"target": -5.6094667979218205, "params": {"C": 15.267140373540288, "epsilon": 3.5555129554892657, "gamma": 0.0001, "lamda": 0.0001}, "datetime": {"datetime": "2021-09-16 11:13:29", "elapsed": 1244.84409, "delta": 1.718561}}
{"target": -4.550863541645961, "params": {"C": 18.73343665819944, "epsilon": 0.19056994577578146, "gamma": 0.9261811896416271, "lamda": 0.2329941136098792}, "datetime": {"datetime": "2021-09-16 11:13:30", "elapsed": 1246.488483, "delta": 1.644393}}
{"target": -5.842379609297425, "params": {"C": 11.939975020056462, "epsilon": 1.9223520915759464, "gamma": 0.0001, "lamda": 0.0001}, "datetime": {"datetime": "2021-09-16 11:13:32", "elapsed": 1248.573305, "delta": 2.084822}}
{"target": -2.534134358217984, "params": {"C": 9.177705930754856, "epsilon": 1.698833218751915, "gamma": 0.05826366334869908, "lamda": 0.5329073629987549}, "datetime": {"datetime": "2021-09-16 11:13:34", "elapsed": 1250.411862, "delta": 1.838557}}
{"target": -5.375782142650732, "params": {"C": 5.4732813391862924, "epsilon": 1.1450974878390434, "gamma": 1.0, "lamda": 1.5038252629749942}, "datetime": {"datetime": "2021-09-16 11:13:36", "elapsed": 1252.476352, "delta": 2.06449}}
{"target": -5.57779229792517, "params": {"C": 15.646482397905453, "epsilon": 8.940885402743055, "gamma": 0.0001, "lamda": 0.0001}, "datetime": {"datetime": "2021-09-16 11:13:38", "elapsed": 1254.20774, "delta": 1.731388}}
{"target": -4.5197345075871675, "params": {"C": 28.733749107588306, "epsilon": 2.9800719850645914, "gamma": 1.0, "lamda": 0.0001}, "datetime": {"datetime": "2021-09-16 11:13:40", "elapsed": 1256.098692, "delta": 1.890952}}
{"target": -11.700252770331309, "params": {"C": 6.841598486801549, "epsilon": 10.224142745771394, "gamma": 0.0001, "lamda": 3.1019868194311924}, "datetime": {"datetime": "2021-09-16 11:13:53", "elapsed": 1269.277733, "delta": 13.179041}}
{"target": -15.519897399267572, "params": {"C": 7.333682153979759, "epsilon": 13.565186208118947, "gamma": 0.6088015113434887, "lamda": 1.764363061832311}, "datetime": {"datetime": "2021-09-16 11:14:13", "elapsed": 1289.610645, "delta": 20.332912}}
{"target": -4.534821327567261, "params": {"C": 24.39136542343019, "epsilon": 1.440761525401544, "gamma": 1.0, "lamda": 0.0001}, "datetime": {"datetime": "2021-09-16 11:14:15", "elapsed": 1291.24663, "delta": 1.635985}}
{"target": -4.954074576846508, "params": {"C": 11.453895277311155, "epsilon": 4.8638898982247785, "gamma": 1.0, "lamda": 1.6026662512058127}, "datetime": {"datetime": "2021-09-16 11:14:17", "elapsed": 1293.203441, "delta": 1.956811}}
{"target": -5.307483128576006, "params": {"C": 20.750995050362462, "epsilon": 18.540305811703853, "gamma": 0.0001, "lamda": 0.0001}, "datetime": {"datetime": "2021-09-16 11:14:18", "elapsed": 1294.790401, "delta": 1.58696}}
{"target": -4.817655599736114, "params": {"C": 9.579537283931701, "epsilon": 11.700252155656258, "gamma": 0.8233847226398049, "lamda": 0.249166349195156}, "datetime": {"datetime": "2021-09-16 11:14:20", "elapsed": 1296.595972, "delta": 1.805571}}
{"target": -5.265082036165245, "params": {"C": 7.4579464843189305, "epsilon": 9.992603054848097, "gamma": 1.0, "lamda": 0.0001}, "datetime": {"datetime": "2021-09-16 11:14:22", "elapsed": 1298.510021, "delta": 1.914049}}
{"target": -13.626138230691714, "params": {"C": 28.339391769136483, "epsilon": 11.658480239464284, "gamma": 1.0, "lamda": 2.153330922960157}, "datetime": {"datetime": "2021-09-16 11:14:42", "elapsed": 1318.160697, "delta": 19.650676}}
{"target": -19.487070283604954, "params": {"C": 22.391731920365206, "epsilon": 12.453705906684071, "gamma": 0.02203717453115724, "lamda": 1.262361862022102}, "datetime": {"datetime": "2021-09-16 11:14:54", "elapsed": 1330.582373, "delta": 12.421676}}
{"target": -5.342719002606784, "params": {"C": 22.316299296531803, "epsilon": 16.492059833306126, "gamma": 1.0, "lamda": 0.0001}, "datetime": {"datetime": "2021-09-16 11:14:56", "elapsed": 1332.209305, "delta": 1.626932}}
{"target": -20.120408243310923, "params": {"C": 29.991648481258967, "epsilon": 18.280774956915067, "gamma": 0.963323110831209, "lamda": 1.0858077227363705}, "datetime": {"datetime": "2021-09-16 11:15:16", "elapsed": 1352.393574, "delta": 20.184269}}
{"target": -5.917024004038407, "params": {"C": 2.5443561825012617, "epsilon": 0.1, "gamma": 1.0, "lamda": 5.0}, "datetime": {"datetime": "2021-09-16 11:15:18", "elapsed": 1354.409255, "delta": 2.015681}}
{"target": -5.1966075015641655, "params": {"C": 24.013728395437145, "epsilon": 14.976239968853145, "gamma": 1.0, "lamda": 0.0001}, "datetime": {"datetime": "2021-09-16 11:15:20", "elapsed": 1356.206916, "delta": 1.797661}}
{"target": -5.713524254273016, "params": {"C": 13.779529695188328, "epsilon": 17.883648517397436, "gamma": 0.0001, "lamda": 0.0001}, "datetime": {"datetime": "2021-09-16 11:15:22", "elapsed": 1358.485042, "delta": 2.278126}}
{"target": -6.438740151133499, "params": {"C": 1.293194288027405, "epsilon": 15.466481666974634, "gamma": 1.0, "lamda": 2.6861154104890983}, "datetime": {"datetime": "2021-09-16 11:15:24", "elapsed": 1360.465847, "delta": 1.980805}}
{"target": -5.989479148660721, "params": {"C": 2.7086734312516696, "epsilon": 14.772220835192455, "gamma": 1.0, "lamda": 5.0}, "datetime": {"datetime": "2021-09-16 11:15:26", "elapsed": 1362.254293, "delta": 1.788446}}
{"target": -13.170536616931855, "params": {"C": 14.906399857708209, "epsilon": 8.65148781373274, "gamma": 0.14152484605084006, "lamda": 4.917343000330079}, "datetime": {"datetime": "2021-09-16 11:15:39", "elapsed": 1375.636314, "delta": 13.382021}}
{"target": -5.223111412977872, "params": {"C": 7.541440722462455, "epsilon": 7.210016824029236, "gamma": 1.0, "lamda": 0.0001}, "datetime": {"datetime": "2021-09-16 11:15:41", "elapsed": 1377.721941, "delta": 2.085627}}
{"target": -5.25791401561684, "params": {"C": 6.705676614178569, "epsilon": 3.7457767726672873, "gamma": 1.0, "lamda": 3.816913639512536}, "datetime": {"datetime": "2021-09-16 11:15:43", "elapsed": 1379.589569, "delta": 1.867628}}
{"target": -6.029130623085565, "params": {"C": 2.348956306810405, "epsilon": 8.957574042337477, "gamma": 1.0, "lamda": 2.936759093604906}, "datetime": {"datetime": "2021-09-16 11:15:45", "elapsed": 1381.659856, "delta": 2.070287}}
{"target": -4.762636512374449, "params": {"C": 23.82649999075407, "epsilon": 7.334510915927233, "gamma": 1.0, "lamda": 0.0001}, "datetime": {"datetime": "2021-09-16 11:15:47", "elapsed": 1383.589341, "delta": 1.929485}}
{"target": -5.240164529670761, "params": {"C": 20.07025204408657, "epsilon": 15.28506568475758, "gamma": 1.0, "lamda": 0.0001}, "datetime": {"datetime": "2021-09-16 11:15:49", "elapsed": 1385.710698, "delta": 2.121357}}
{"target": -13.488719131762865, "params": {"C": 29.88187122119296, "epsilon": 11.408856097877177, "gamma": 0.9360014303465545, "lamda": 0.993334778748539}, "datetime": {"datetime": "2021-09-16 11:16:09", "elapsed": 1404.882302, "delta": 19.171604}}
{"target": -4.6637587546144, "params": {"C": 25.67196156270611, "epsilon": 6.399959173804992, "gamma": 1.0, "lamda": 0.0001}, "datetime": {"datetime": "2021-09-16 11:16:10", "elapsed": 1406.709304, "delta": 1.827002}}
{"target": -17.354070232500206, "params": {"C": 26.48551168456516, "epsilon": 15.476203899199417, "gamma": 1.0, "lamda": 5.0}, "datetime": {"datetime": "2021-09-16 11:16:30", "elapsed": 1426.313269, "delta": 19.603965}}
{"target": -7.5053375816440635, "params": {"C": 0.1, "epsilon": 12.446741934440047, "gamma": 0.0001, "lamda": 5.0}, "datetime": {"datetime": "2021-09-16 11:16:32", "elapsed": 1428.134352, "delta": 1.821083}}
{"target": -4.779834974382984, "params": {"C": 12.707340511212498, "epsilon": 0.3596155514791807, "gamma": 0.9507363681129383, "lamda": 1.5138911402717767}, "datetime": {"datetime": "2021-09-16 11:16:34", "elapsed": 1430.07554, "delta": 1.941188}}
{"target": -8.235842879744597, "params": {"C": 23.787977014385522, "epsilon": 8.525898799623366, "gamma": 0.0001, "lamda": 1.1672916970588951}, "datetime": {"datetime": "2021-09-16 11:16:47", "elapsed": 1442.917215, "delta": 12.841675}}
{"target": -4.595925826144675, "params": {"C": 14.739171342839866, "epsilon": 1.6478382189992853, "gamma": 0.8603626309707343, "lamda": 0.028420127307077943}, "datetime": {"datetime": "2021-09-16 11:16:48", "elapsed": 1444.815443, "delta": 1.898228}}
{"target": -18.041981396882868, "params": {"C": 12.269123799255773, "epsilon": 16.180812652357222, "gamma": 1.0, "lamda": 1.138601865671322}, "datetime": {"datetime": "2021-09-16 11:17:08", "elapsed": 1464.696235, "delta": 19.880792}}
{"target": -3.2452565062812986, "params": {"C": 11.304502295272027, "epsilon": 13.48355276734039, "gamma": 0.25448651391345417, "lamda": 0.08682184361267957}, "datetime": {"datetime": "2021-09-16 11:17:11", "elapsed": 1466.996977, "delta": 2.300742}}
{"target": -4.835725448184627, "params": {"C": 17.209547230034563, "epsilon": 5.921938632806001, "gamma": 1.0, "lamda": 0.0001}, "datetime": {"datetime": "2021-09-16 11:17:13", "elapsed": 1469.316498, "delta": 2.319521}}
{"target": -5.9613270430425525, "params": {"C": 9.908288025924419, "epsilon": 13.322738658142432, "gamma": 0.0001, "lamda": 0.0001}, "datetime": {"datetime": "2021-09-16 11:17:15", "elapsed": 1471.483593, "delta": 2.167095}}
{"target": -16.584810957462675, "params": {"C": 30.0, "epsilon": 14.649425309794836, "gamma": 1.0, "lamda": 1.6436268985607734}, "datetime": {"datetime": "2021-09-16 11:17:34", "elapsed": 1490.351622, "delta": 18.868029}}
{"target": -4.608730973281276, "params": {"C": 22.30100445799224, "epsilon": 2.244740725041156, "gamma": 1.0, "lamda": 3.9894917865914317}, "datetime": {"datetime": "2021-09-16 11:17:36", "elapsed": 1492.619545, "delta": 2.267923}}
{"target": -5.03410668192085, "params": {"C": 29.01346530691378, "epsilon": 10.17821717529381, "gamma": 0.0001, "lamda": 0.0001}, "datetime": {"datetime": "2021-09-16 11:17:39", "elapsed": 1495.029038, "delta": 2.409493}}
{"target": -2.545840792956136, "params": {"C": 13.103372817035565, "epsilon": 13.389866474483284, "gamma": 0.11843222404476553, "lamda": 0.053396068938520724}, "datetime": {"datetime": "2021-09-16 11:17:41", "elapsed": 1497.444075, "delta": 2.415037}}
{"target": -3.6138023528634555, "params": {"C": 14.220183697570276, "epsilon": 14.070878714467366, "gamma": 0.44427317383508547, "lamda": 0.012749392978261144}, "datetime": {"datetime": "2021-09-16 11:17:43", "elapsed": 1499.446404, "delta": 2.002329}}
{"target": -5.19073548520585, "params": {"C": 23.541769923958217, "epsilon": 1.6397214215949045, "gamma": 0.0001, "lamda": 0.0001}, "datetime": {"datetime": "2021-09-16 11:17:45", "elapsed": 1501.707242, "delta": 2.260838}}
{"target": -5.651192391290685, "params": {"C": 14.608803527850819, "epsilon": 12.698777304764686, "gamma": 0.0001, "lamda": 0.0001}, "datetime": {"datetime": "2021-09-16 11:17:48", "elapsed": 1503.873746, "delta": 2.166504}}
{"target": -5.973869638635292, "params": {"C": 9.74528303771062, "epsilon": 16.48693431931189, "gamma": 0.0001, "lamda": 0.0001}, "datetime": {"datetime": "2021-09-16 11:17:50", "elapsed": 1506.339701, "delta": 2.465955}}
{"target": -5.153523534543979, "params": {"C": 7.317256476437992, "epsilon": 5.195204918940125, "gamma": 0.9509319631557198, "lamda": 1.279517107300706}, "datetime": {"datetime": "2021-09-16 11:17:52", "elapsed": 1508.670075, "delta": 2.330374}}
{"target": -2.169803991893954, "params": {"C": 21.265680152480442, "epsilon": 9.2606485763032, "gamma": 0.06581152006618195, "lamda": 0.11210423450597494}, "datetime": {"datetime": "2021-09-16 11:17:55", "elapsed": 1511.220915, "delta": 2.55084}}
{"target": -4.456932942929779, "params": {"C": 21.457487485035546, "epsilon": 10.03939975880167, "gamma": 0.8082267504528237, "lamda": 0.49035886047166044}, "datetime": {"datetime": "2021-09-16 11:17:57", "elapsed": 1513.353607, "delta": 2.132692}}
{"target": -4.526193836548759, "params": {"C": 21.76945949067569, "epsilon": 1.5002989934629196, "gamma": 0.9457026727053119, "lamda": 1.4428181086839869}, "datetime": {"datetime": "2021-09-16 11:18:00", "elapsed": 1515.897277, "delta": 2.54367}}
{"target": -4.99117846950928, "params": {"C": 12.66991254142581, "epsilon": 13.527403428024039, "gamma": 0.9139609920693696, "lamda": 0.11719857626932347}, "datetime": {"datetime": "2021-09-16 11:18:02", "elapsed": 1518.279713, "delta": 2.382436}}
{"target": -4.373951118780511, "params": {"C": 1.3060450421184466, "epsilon": 10.345197719174042, "gamma": 0.1090054485595391, "lamda": 2.303357722613196}, "datetime": {"datetime": "2021-09-16 11:18:04", "elapsed": 1520.431482, "delta": 2.151769}}
{"target": -5.51378286349988, "params": {"C": 16.345378573475365, "epsilon": 6.851436770319309, "gamma": 0.0001, "lamda": 0.0001}, "datetime": {"datetime": "2021-09-16 11:18:06", "elapsed": 1522.639974, "delta": 2.208492}}
{"target": -6.126399368249462, "params": {"C": 8.000247108756684, "epsilon": 2.345859575322095, "gamma": 0.0001, "lamda": 0.9673466481295493}, "datetime": {"datetime": "2021-09-16 11:18:09", "elapsed": 1525.058019, "delta": 2.418045}}
{"target": -4.456136494638885, "params": {"C": 30.0, "epsilon": 0.1, "gamma": 1.0, "lamda": 3.8578102180946936}, "datetime": {"datetime": "2021-09-16 11:18:11", "elapsed": 1527.177888, "delta": 2.119869}}
{"target": -12.236824117545346, "params": {"C": 17.142467580952346, "epsilon": 9.993863588701082, "gamma": 1.0, "lamda": 1.6614444746280115}, "datetime": {"datetime": "2021-09-16 11:18:30", "elapsed": 1546.3086, "delta": 19.130712}}
{"target": -5.842338610518878, "params": {"C": 12.10645023514406, "epsilon": 14.085097898448897, "gamma": 0.0001, "lamda": 0.0001}, "datetime": {"datetime": "2021-09-16 11:18:32", "elapsed": 1548.473643, "delta": 2.165043}}
{"target": -5.048276663033673, "params": {"C": 7.849982331651594, "epsilon": 16.522582910133686, "gamma": 0.8826728585605936, "lamda": 0.003184736681044603}, "datetime": {"datetime": "2021-09-16 11:18:34", "elapsed": 1550.473305, "delta": 1.999662}}
{"target": -4.886494890886168, "params": {"C": 21.40941033892448, "epsilon": 8.768088738968805, "gamma": 1.0, "lamda": 0.0001}, "datetime": {"datetime": "2021-09-16 11:18:37", "elapsed": 1553.110728, "delta": 2.637423}}
{"target": -14.742781497562982, "params": {"C": 6.471559992060863, "epsilon": 12.7913745763283, "gamma": 1.0, "lamda": 5.0}, "datetime": {"datetime": "2021-09-16 11:18:57", "elapsed": 1573.289575, "delta": 20.178847}}
{"target": -5.423267988955395, "params": {"C": 18.258840133731, "epsilon": 16.757542070810924, "gamma": 0.0001, "lamda": 0.0001}, "datetime": {"datetime": "2021-09-16 11:18:59", "elapsed": 1575.575404, "delta": 2.285829}}
{"target": -5.04317456926788, "params": {"C": 9.975878385547496, "epsilon": 5.508968823971004, "gamma": 1.0, "lamda": 2.6588510143211708}, "datetime": {"datetime": "2021-09-16 11:19:01", "elapsed": 1577.709229, "delta": 2.133825}}
{"target": -15.28277594384091, "params": {"C": 27.073675495682885, "epsilon": 0.1510689177308699, "gamma": 0.010576288449261315, "lamda": 1.9148237646784818}, "datetime": {"datetime": "2021-09-16 11:19:14", "elapsed": 1590.290605, "delta": 12.581376}}
{"target": -5.149052931061532, "params": {"C": 8.899587618224254, "epsilon": 10.60026508099187, "gamma": 1.0, "lamda": 5.0}, "datetime": {"datetime": "2021-09-16 11:19:16", "elapsed": 1592.538077, "delta": 2.247472}}
{"target": -5.140693161658049, "params": {"C": 8.606338463084656, "epsilon": 10.965356672529674, "gamma": 0.9697347176217416, "lamda": 2.1851563715652293}, "datetime": {"datetime": "2021-09-16 11:19:19", "elapsed": 1594.908298, "delta": 2.370221}}
{"target": -4.354172320393023, "params": {"C": 1.729761433582677, "epsilon": 1.5549574208101522, "gamma": 0.14110904828412799, "lamda": 1.7387478305750392}, "datetime": {"datetime": "2021-09-16 11:19:21", "elapsed": 1597.488034, "delta": 2.579736}}
{"target": -4.527056247197521, "params": {"C": 26.535640352220227, "epsilon": 3.132114981716086, "gamma": 1.0, "lamda": 3.430844002180113}, "datetime": {"datetime": "2021-09-16 11:19:23", "elapsed": 1599.826153, "delta": 2.338119}}
{"target": -7.075542094053228, "params": {"C": 1.7264708723522835, "epsilon": 3.974005667563677, "gamma": 0.0001, "lamda": 0.0001}, "datetime": {"datetime": "2021-09-16 11:19:26", "elapsed": 1601.988543, "delta": 2.16239}}
{"target": -5.129514334808049, "params": {"C": 10.846278963357081, "epsilon": 12.76725156519481, "gamma": 1.0, "lamda": 0.0001}, "datetime": {"datetime": "2021-09-16 11:19:28", "elapsed": 1604.003058, "delta": 2.014515}}
{"target": -2.330827259029, "params": {"C": 14.74382908058298, "epsilon": 15.327892740397402, "gamma": 0.08238567398893896, "lamda": 0.035830661699537934}, "datetime": {"datetime": "2021-09-16 11:19:30", "elapsed": 1606.620405, "delta": 2.617347}}
{"target": -5.0231478566476735, "params": {"C": 9.170933382501243, "epsilon": 0.1, "gamma": 1.0, "lamda": 2.0351982063706897}, "datetime": {"datetime": "2021-09-16 11:19:32", "elapsed": 1608.780255, "delta": 2.15985}}
{"target": -5.390016079431876, "params": {"C": 7.492951529399961, "epsilon": 18.664464197845543, "gamma": 1.0, "lamda": 0.0001}, "datetime": {"datetime": "2021-09-16 11:19:35", "elapsed": 1611.091147, "delta": 2.310892}}
{"target": -4.435494377150479, "params": {"C": 24.500357202748344, "epsilon": 0.24540216505308393, "gamma": 0.945945592360918, "lamda": 2.9820457140946393}, "datetime": {"datetime": "2021-09-16 11:19:37", "elapsed": 1613.18887, "delta": 2.097723}}
{"target": -6.510447398806036, "params": {"C": 4.92418626223709, "epsilon": 2.3342141510039167, "gamma": 0.0001, "lamda": 0.0001}, "datetime": {"datetime": "2021-09-16 11:19:39", "elapsed": 1615.314423, "delta": 2.125553}}
{"target": -5.552131364730786, "params": {"C": 15.919304709805399, "epsilon": 0.9293400626140623, "gamma": 0.0001, "lamda": 0.0001}, "datetime": {"datetime": "2021-09-16 11:19:41", "elapsed": 1617.823653, "delta": 2.50923}}
{"target": -5.617297146289788, "params": {"C": 15.173131434486578, "epsilon": 16.492290443791752, "gamma": 0.0001, "lamda": 0.0001}, "datetime": {"datetime": "2021-09-16 11:19:44", "elapsed": 1620.309335, "delta": 2.485682}}
{"target": -6.245334944778224, "params": {"C": 1.6845426764920195, "epsilon": 11.224537234260902, "gamma": 1.0, "lamda": 1.6172127328102701}, "datetime": {"datetime": "2021-09-16 11:19:47", "elapsed": 1622.859471, "delta": 2.550136}}
{"target": -5.8681599534590045, "params": {"C": 11.546351910790309, "epsilon": 1.0516496299210265, "gamma": 0.0001, "lamda": 1.7951609882807182}, "datetime": {"datetime": "2021-09-16 11:19:49", "elapsed": 1625.371743, "delta": 2.512272}}
{"target": -4.94208194097574, "params": {"C": 10.956046905341607, "epsilon": 3.472778503242216, "gamma": 1.0, "lamda": 2.958506084822911}, "datetime": {"datetime": "2021-09-16 11:19:52", "elapsed": 1627.97988, "delta": 2.608137}}
{"target": -8.366649111406563, "params": {"C": 20.51948587479408, "epsilon": 8.730479113418847, "gamma": 0.0001, "lamda": 1.1177369276555775}, "datetime": {"datetime": "2021-09-16 11:20:05", "elapsed": 1641.088214, "delta": 13.108334}}
{"target": -5.325051732379642, "params": {"C": 6.699451767131839, "epsilon": 10.992154501793634, "gamma": 1.0, "lamda": 1.2151207061849114}, "datetime": {"datetime": "2021-09-16 11:20:07", "elapsed": 1643.437431, "delta": 2.349217}}
{"target": -4.576065600824742, "params": {"C": 28.29747007057832, "epsilon": 4.53038885424074, "gamma": 1.0, "lamda": 1.5799837634070035}, "datetime": {"datetime": "2021-09-16 11:20:10", "elapsed": 1645.962068, "delta": 2.524637}}
{"target": -4.795463728917126, "params": {"C": 16.762519255290414, "epsilon": 4.15154190983947, "gamma": 1.0, "lamda": 0.0001}, "datetime": {"datetime": "2021-09-16 11:20:12", "elapsed": 1648.015328, "delta": 2.05326}}
{"target": -6.020820363228648, "params": {"C": 9.351791775385896, "epsilon": 3.0852966395722805, "gamma": 0.0001, "lamda": 0.0001}, "datetime": {"datetime": "2021-09-16 11:20:14", "elapsed": 1650.617973, "delta": 2.602645}}
{"target": -3.5436200505435687, "params": {"C": 9.747326446453224, "epsilon": 1.167859928908667, "gamma": 0.32611108499116565, "lamda": 0.20924645962742114}, "datetime": {"datetime": "2021-09-16 11:20:17", "elapsed": 1653.015291, "delta": 2.397318}}
{"target": -4.443024531537645, "params": {"C": 1.482491759943884, "epsilon": 9.550108170197461, "gamma": 0.13257536402339912, "lamda": 0.05811896394617692}, "datetime": {"datetime": "2021-09-16 11:20:19", "elapsed": 1655.218944, "delta": 2.203653}}
