{"target": 0.7407986332215968, "params": {"C": 90.12303830506613, "epsilon": 0.9038749298112937, "gamma": 0.41871600271752757, "lamda": 0.17573820032607948}, "datetime": {"datetime": "2021-09-23 11:09:44", "elapsed": 193.363721, "delta": 2.064282}}
{"target": 0.5797588826098838, "params": {"C": 69.6216218918886, "epsilon": 0.898653030609342, "gamma": 0.8521862687435144, "lamda": 0.8688575776332296}, "datetime": {"datetime": "2021-09-23 11:09:45", "elapsed": 194.172811, "delta": 0.80909}}
{"target": 0.5545535687644613, "params": {"C": 90.52132599961726, "epsilon": 0.8003086809974951, "gamma": 0.9439855905841644, "lamda": 0.8841234714940185}, "datetime": {"datetime": "2021-09-23 11:09:46", "elapsed": 195.132811, "delta": 0.96}}
{"target": 0.698730394513683, "params": {"C": 90.44526959467366, "epsilon": 0.7185746265759745, "gamma": 0.5151963832277167, "lamda": 0.09219567694360366}, "datetime": {"datetime": "2021-09-23 11:09:48", "elapsed": 197.079994, "delta": 1.947183}}
{"target": 0.825854629718977, "params": {"C": 64.4394968385986, "epsilon": 0.6658962398958118, "gamma": 0.2452717329428457, "lamda": 0.646876882150275}, "datetime": {"datetime": "2021-09-23 11:09:49", "elapsed": 198.274891, "delta": 1.194897}}
{"target": -0.6700611724067307, "params": {"C": 64.6338222604117, "epsilon": 0.5050796727070253, "gamma": 0.14719525763825264, "lamda": 0.9146097872288643}, "datetime": {"datetime": "2021-09-23 11:10:03", "elapsed": 212.596088, "delta": 14.321197}}
{"target": 0.7062056084858774, "params": {"C": 64.28357231555314, "epsilon": 0.5040639218471109, "gamma": 0.5018864615032897, "lamda": 0.6210216539425536}, "datetime": {"datetime": "2021-09-23 11:10:06", "elapsed": 214.849159, "delta": 2.253071}}
{"target": 0.6903465984512085, "params": {"C": 64.57734655029066, "epsilon": 0.6156761131430505, "gamma": 0.5397845272199465, "lamda": 0.7793734622367536}, "datetime": {"datetime": "2021-09-23 11:10:07", "elapsed": 215.680663, "delta": 0.831504}}
{"target": 0.5760011734785543, "params": {"C": 69.639446513748, "epsilon": 0.9155572170934263, "gamma": 0.8648939377740208, "lamda": 0.8653719283029976}, "datetime": {"datetime": "2021-09-23 11:10:07", "elapsed": 216.534465, "delta": 0.853802}}
{"target": 0.8282278253651765, "params": {"C": 91.18022931929164, "epsilon": 0.5548550559977651, "gamma": 0.23295074736090648, "lamda": 0.001}, "datetime": {"datetime": "2021-09-23 11:10:09", "elapsed": 218.625317, "delta": 2.090852}}
{"target": 0.8723669032652281, "params": {"C": 60.20729049406769, "epsilon": 0.7772105647290986, "gamma": 0.15619015603661265, "lamda": 0.10555995007155854}, "datetime": {"datetime": "2021-09-23 11:10:11", "elapsed": 220.531487, "delta": 1.90617}}
{"target": 0.6935924205242061, "params": {"C": 77.07911678041839, "epsilon": 0.5021024395302154, "gamma": 0.5296860413217082, "lamda": 0.43611559815575784}, "datetime": {"datetime": "2021-09-23 11:10:12", "elapsed": 221.586666, "delta": 1.055179}}
{"target": 0.8197494755647198, "params": {"C": 90.18692442701195, "epsilon": 0.6671421938117014, "gamma": 0.24912518614214996, "lamda": 0.45775808033292303}, "datetime": {"datetime": "2021-09-23 11:10:16", "elapsed": 224.714791, "delta": 3.128125}}
{"target": 0.8622425503732212, "params": {"C": 60.41368381119786, "epsilon": 0.5230158552083466, "gamma": 0.1814761482724503, "lamda": 0.0010352805999249836}, "datetime": {"datetime": "2021-09-23 11:10:18", "elapsed": 227.035096, "delta": 2.320305}}
{"target": 0.8397304403374877, "params": {"C": 90.1695963576202, "epsilon": 0.5877424693651297, "gamma": 0.21395930073158767, "lamda": 0.10550269096256049}, "datetime": {"datetime": "2021-09-23 11:10:22", "elapsed": 230.799471, "delta": 3.764375}}
{"target": -0.6614074312146747, "params": {"C": 69.0293418516803, "epsilon": 0.1986705314530039, "gamma": 0.14857009369560506, "lamda": 0.9986335633747493}, "datetime": {"datetime": "2021-09-23 11:10:39", "elapsed": 248.400968, "delta": 17.601497}}
{"target": -1.1727889057980074, "params": {"C": 90.06581493738565, "epsilon": 0.8714109339911226, "gamma": 0.09333578848313187, "lamda": 0.21468251105527966}, "datetime": {"datetime": "2021-09-23 11:11:01", "elapsed": 269.741824, "delta": 21.340856}}
{"target": 0.6724556967725601, "params": {"C": 90.20757496677321, "epsilon": 0.5478784559924355, "gamma": 0.5797463053496913, "lamda": 0.36712526438492216}, "datetime": {"datetime": "2021-09-23 11:11:03", "elapsed": 272.115701, "delta": 2.373877}}
{"target": 0.8013825393804322, "params": {"C": 90.40442829219778, "epsilon": 0.5225816404016649, "gamma": 0.2853518811265611, "lamda": 0.2781184667212941}, "datetime": {"datetime": "2021-09-23 11:11:05", "elapsed": 274.600766, "delta": 2.485065}}
{"target": -3.329823358078028, "params": {"C": 60.33007266027068, "epsilon": 0.560227816460348, "gamma": 0.034844285181373176, "lamda": 0.29683127335776127}, "datetime": {"datetime": "2021-09-23 11:11:23", "elapsed": 292.466113, "delta": 17.865347}}
{"target": -2.2017864448559767, "params": {"C": 81.19101878043045, "epsilon": 0.8159780580469286, "gamma": 0.061809464963214863, "lamda": 0.4426131121586037}, "datetime": {"datetime": "2021-09-23 11:11:40", "elapsed": 309.240188, "delta": 16.774075}}
{"target": 0.6455147139345607, "params": {"C": 62.678849027717796, "epsilon": 0.20511994448179954, "gamma": 0.6533660459929259, "lamda": 0.5531914616024157}, "datetime": {"datetime": "2021-09-23 11:11:41", "elapsed": 310.282565, "delta": 1.042377}}
{"target": 0.7628319041215167, "params": {"C": 60.37704614594872, "epsilon": 0.7639854433170734, "gamma": 0.3740249385102937, "lamda": 0.001}, "datetime": {"datetime": "2021-09-23 11:11:44", "elapsed": 313.486196, "delta": 3.203631}}
{"target": 0.7836854251115187, "params": {"C": 60.75860902344877, "epsilon": 0.8971251766996204, "gamma": 0.32818316521096186, "lamda": 0.11520270168632628}, "datetime": {"datetime": "2021-09-23 11:11:47", "elapsed": 315.812139, "delta": 2.325943}}
{"target": 0.7520756581563734, "params": {"C": 59.997560987792546, "epsilon": 0.9456742279417585, "gamma": 0.39784647513909177, "lamda": 0.05508375278255205}, "datetime": {"datetime": "2021-09-23 11:11:49", "elapsed": 318.33543, "delta": 2.523291}}
{"target": 0.7052074160045834, "params": {"C": 60.48618127810898, "epsilon": 0.9162546553742239, "gamma": 0.5050196573425879, "lamda": 0.20834064225416365}, "datetime": {"datetime": "2021-09-23 11:11:51", "elapsed": 320.271195, "delta": 1.935765}}
{"target": 0.7608423035748229, "params": {"C": 60.642723475804175, "epsilon": 0.5513583283574357, "gamma": 0.37839426372036594, "lamda": 0.008915581031589109}, "datetime": {"datetime": "2021-09-23 11:11:53", "elapsed": 322.6562, "delta": 2.385005}}
{"target": 0.7082331246732412, "params": {"C": 60.68482600889974, "epsilon": 0.6684795657918438, "gamma": 0.49759827343319135, "lamda": 0.34355840146102373}, "datetime": {"datetime": "2021-09-23 11:11:56", "elapsed": 325.172367, "delta": 2.516167}}
{"target": 0.6757788782621867, "params": {"C": 98.36718719762374, "epsilon": 0.05100699212543013, "gamma": 0.5701872316359393, "lamda": 0.5730108915816855}, "datetime": {"datetime": "2021-09-23 11:11:57", "elapsed": 326.216983, "delta": 1.044616}}
{"target": 0.6265118178007076, "params": {"C": 60.29205292664054, "epsilon": 0.5162153913899061, "gamma": 0.7070570921210496, "lamda": 0.09464589247107376}, "datetime": {"datetime": "2021-09-23 11:12:00", "elapsed": 329.151447, "delta": 2.934464}}
{"target": 0.6778125595636573, "params": {"C": 60.13102248706188, "epsilon": 0.8071322648573362, "gamma": 0.5714235533183735, "lamda": 0.3085192996199586}, "datetime": {"datetime": "2021-09-23 11:12:03", "elapsed": 332.149474, "delta": 2.998027}}
{"target": 0.8071683844396689, "params": {"C": 90.09266091383991, "epsilon": 0.34372197201478516, "gamma": 0.2744701101199405, "lamda": 0.3531797176388972}, "datetime": {"datetime": "2021-09-23 11:12:05", "elapsed": 334.500753, "delta": 2.351279}}
{"target": 0.75579199860217, "params": {"C": 90.21400865270516, "epsilon": 0.6753163604359324, "gamma": 0.3854344684450414, "lamda": 0.7565323073672956}, "datetime": {"datetime": "2021-09-23 11:12:08", "elapsed": 336.970432, "delta": 2.469679}}
{"target": -3.1682407641428316, "params": {"C": 87.47637305597537, "epsilon": 0.6634494066996538, "gamma": 0.02424415222070339, "lamda": 0.12250974239354528}, "datetime": {"datetime": "2021-09-23 11:12:27", "elapsed": 356.383156, "delta": 19.412724}}
{"target": 0.7581661152820947, "params": {"C": 59.18074166958928, "epsilon": 0.5150994872668108, "gamma": 0.3845335928098271, "lamda": 0.16902231293007322}, "datetime": {"datetime": "2021-09-23 11:12:28", "elapsed": 357.454655, "delta": 1.071499}}
{"target": 0.8559371435920966, "params": {"C": 90.18060540487872, "epsilon": 0.3681052260274135, "gamma": 0.18779409313702566, "lamda": 0.7023220626750051}, "datetime": {"datetime": "2021-09-23 11:12:31", "elapsed": 360.102935, "delta": 2.64828}}
{"target": 0.6940693716503857, "params": {"C": 90.0998650645096, "epsilon": 0.299001952506819, "gamma": 0.5261093692095241, "lamda": 0.6881184487016214}, "datetime": {"datetime": "2021-09-23 11:12:34", "elapsed": 363.419829, "delta": 3.316894}}
{"target": 0.7132509750496595, "params": {"C": 90.52101130497903, "epsilon": 0.3566805489353361, "gamma": 0.4811056654215177, "lamda": 0.5825142628137852}, "datetime": {"datetime": "2021-09-23 11:12:37", "elapsed": 365.7332, "delta": 2.313371}}
{"target": -3.014900683961886, "params": {"C": 77.62238802229403, "epsilon": 0.41369709955159245, "gamma": 0.04873792595160479, "lamda": 0.46127890748140554}, "datetime": {"datetime": "2021-09-23 11:12:48", "elapsed": 376.961515, "delta": 11.228315}}
{"target": 0.7110921659238688, "params": {"C": 87.52600213616381, "epsilon": 0.06764261502711391, "gamma": 0.4863628803970776, "lamda": 0.43930813497906657}, "datetime": {"datetime": "2021-09-23 11:12:49", "elapsed": 378.400516, "delta": 1.439001}}
{"target": 0.6798503055395883, "params": {"C": 87.64494132816344, "epsilon": 0.0876091052611979, "gamma": 0.5609150886266827, "lamda": 0.07845608223547546}, "datetime": {"datetime": "2021-09-23 11:12:50", "elapsed": 379.664517, "delta": 1.264001}}
{"target": 0.646622005967723, "params": {"C": 90.30896668524522, "epsilon": 0.9757101650634377, "gamma": 0.6477599646403077, "lamda": 0.29384417863592366}, "datetime": {"datetime": "2021-09-23 11:12:52", "elapsed": 381.121515, "delta": 1.456998}}
{"target": 0.8424393638313061, "params": {"C": 87.77447859759646, "epsilon": 0.001, "gamma": 0.2102573022600643, "lamda": 0.24508998413625702}, "datetime": {"datetime": "2021-09-23 11:12:53", "elapsed": 382.485515, "delta": 1.364}}
{"target": 0.5923546630735117, "params": {"C": 82.58684381556971, "epsilon": 0.2776871440514147, "gamma": 0.8069166100605792, "lamda": 0.20482573648558627}, "datetime": {"datetime": "2021-09-23 11:12:54", "elapsed": 383.233513, "delta": 0.747998}}
{"target": 0.9118787901541338, "params": {"C": 98.38116536370867, "epsilon": 0.7673358335560438, "gamma": 0.051428551679940426, "lamda": 0.03305951131433452}, "datetime": {"datetime": "2021-09-23 11:12:55", "elapsed": 384.222517, "delta": 0.989004}}
{"target": 0.8727913653845671, "params": {"C": 57.86447003201764, "epsilon": 0.6118215865980625, "gamma": 0.15417828348054732, "lamda": 0.005669799787156121}, "datetime": {"datetime": "2021-09-23 11:12:56", "elapsed": 385.119513, "delta": 0.896996}}
{"target": 0.5629026663180234, "params": {"C": 92.39135923403177, "epsilon": 0.09598816439955357, "gamma": 0.9080261267067384, "lamda": 0.38022182753312006}, "datetime": {"datetime": "2021-09-23 11:12:57", "elapsed": 385.959521, "delta": 0.840008}}
{"target": 0.8956774547169342, "params": {"C": 87.4568603758708, "epsilon": 0.001, "gamma": 0.10186371683635707, "lamda": 0.4167398286442263}, "datetime": {"datetime": "2021-09-23 11:12:59", "elapsed": 387.729515, "delta": 1.769994}}
{"target": 0.8000393436627669, "params": {"C": 68.83922636156885, "epsilon": 0.09512356121267772, "gamma": 0.2928374539831723, "lamda": 0.6934929091619714}, "datetime": {"datetime": "2021-09-23 11:12:59", "elapsed": 388.520514, "delta": 0.790999}}
{"target": 0.8586335095461681, "params": {"C": 58.18720953966867, "epsilon": 0.816234538560383, "gamma": 0.18907613944838483, "lamda": 0.06607895405517822}, "datetime": {"datetime": "2021-09-23 11:13:01", "elapsed": 389.997914, "delta": 1.4774}}
{"target": 0.8662251032442958, "params": {"C": 60.09305261862786, "epsilon": 0.9760447799966154, "gamma": 0.011177333426134892, "lamda": 0.010315567790576165}, "datetime": {"datetime": "2021-09-23 11:13:03", "elapsed": 391.773775, "delta": 1.775861}}
{"target": 0.6345610417974779, "params": {"C": 77.33994669345233, "epsilon": 0.7148314512769383, "gamma": 0.6819512438548293, "lamda": 0.9679822068917162}, "datetime": {"datetime": "2021-09-23 11:13:03", "elapsed": 392.557769, "delta": 0.783994}}
{"target": -2.5146425530428465, "params": {"C": 55.64449621747764, "epsilon": 0.9226663161598764, "gamma": 0.04738713912786324, "lamda": 0.39957762842634753}, "datetime": {"datetime": "2021-09-23 11:13:15", "elapsed": 404.577714, "delta": 12.019945}}
{"target": 0.6852334858320948, "params": {"C": 55.82121459992733, "epsilon": 0.44730759703475526, "gamma": 0.5534035619082359, "lamda": 0.7548461310265218}, "datetime": {"datetime": "2021-09-23 11:13:16", "elapsed": 405.627666, "delta": 1.049952}}
{"target": 0.7233159093989248, "params": {"C": 57.90699109857854, "epsilon": 0.7243997492779088, "gamma": 0.46283984111837767, "lamda": 0.1596112575345356}, "datetime": {"datetime": "2021-09-23 11:13:18", "elapsed": 407.268946, "delta": 1.64128}}
{"target": 0.868252738454716, "params": {"C": 58.066257440839934, "epsilon": 0.4139798901975527, "gamma": 0.16638261606711244, "lamda": 0.25097193690843783}, "datetime": {"datetime": "2021-09-23 11:13:21", "elapsed": 409.724163, "delta": 2.455217}}
{"target": 0.7601472851325587, "params": {"C": 58.2337271351969, "epsilon": 0.6508600180721813, "gamma": 0.3803162611810705, "lamda": 0.3939390314569806}, "datetime": {"datetime": "2021-09-23 11:13:23", "elapsed": 412.182404, "delta": 2.458241}}
{"target": 0.7188142016928725, "params": {"C": 68.3241497820019, "epsilon": 0.5826305514062131, "gamma": 0.4717520030581234, "lamda": 0.8648054772859267}, "datetime": {"datetime": "2021-09-23 11:13:24", "elapsed": 413.1032, "delta": 0.920796}}
{"target": 0.8857060246517092, "params": {"C": 60.43857985001219, "epsilon": 1.0, "gamma": 0.12299479671657357, "lamda": 0.001}, "datetime": {"datetime": "2021-09-23 11:13:27", "elapsed": 415.778581, "delta": 2.675381}}
{"target": 0.7460522701952379, "params": {"C": 58.383213368950635, "epsilon": 0.5760633029644618, "gamma": 0.001, "lamda": 0.2265695828324203}, "datetime": {"datetime": "2021-09-23 11:13:29", "elapsed": 418.428785, "delta": 2.650204}}
{"target": 0.6554592432513948, "params": {"C": 57.584312422239876, "epsilon": 0.45936605481940357, "gamma": 0.6286181797851969, "lamda": 0.9362171509104132}, "datetime": {"datetime": "2021-09-23 11:13:30", "elapsed": 419.484805, "delta": 1.05602}}
{"target": 0.5546428024093933, "params": {"C": 68.55742039298057, "epsilon": 0.4980006362624043, "gamma": 0.9412395776426384, "lamda": 0.8164982444395064}, "datetime": {"datetime": "2021-09-23 11:13:31", "elapsed": 420.494805, "delta": 1.01}}
{"target": -3.274060668690736, "params": {"C": 57.970097727717466, "epsilon": 0.7546931624187927, "gamma": 0.04216794199040143, "lamda": 0.34390447732890883}, "datetime": {"datetime": "2021-09-23 11:13:46", "elapsed": 434.700662, "delta": 14.205857}}
{"target": 0.7259651701579903, "params": {"C": 58.22182583726787, "epsilon": 0.3079935174784959, "gamma": 0.45670089443135076, "lamda": 0.3572134361355114}, "datetime": {"datetime": "2021-09-23 11:13:48", "elapsed": 437.426527, "delta": 2.725865}}
{"target": 0.7738384409961611, "params": {"C": 57.984533303787714, "epsilon": 0.38365416374516603, "gamma": 0.34923658275555436, "lamda": 0.001}, "datetime": {"datetime": "2021-09-23 11:13:51", "elapsed": 439.75453, "delta": 2.328003}}
{"target": 0.9066759853784865, "params": {"C": 58.2334981610262, "epsilon": 0.16806272361422767, "gamma": 0.05391697560332016, "lamda": 0.1419896327252823}, "datetime": {"datetime": "2021-09-23 11:13:53", "elapsed": 442.336585, "delta": 2.582055}}
{"target": 0.6957213663711501, "params": {"C": 58.29730712475683, "epsilon": 0.9147845313039693, "gamma": 0.5280103610591572, "lamda": 0.03635452043098322}, "datetime": {"datetime": "2021-09-23 11:13:55", "elapsed": 444.416589, "delta": 2.080004}}
{"target": 0.8644196450449437, "params": {"C": 58.51669934556527, "epsilon": 0.8108309327448183, "gamma": 0.17574865025871092, "lamda": 0.001}, "datetime": {"datetime": "2021-09-23 11:13:58", "elapsed": 447.165641, "delta": 2.749052}}
{"target": 0.7933397866000582, "params": {"C": 58.619714026691184, "epsilon": 0.5945229864319638, "gamma": 0.30871174549625235, "lamda": 0.32592009593271515}, "datetime": {"datetime": "2021-09-23 11:14:01", "elapsed": 449.911171, "delta": 2.74553}}
{"target": 0.7503674033442578, "params": {"C": 58.383069876582425, "epsilon": 0.5393625395834544, "gamma": 0.4018607836696471, "lamda": 0.06426077664477423}, "datetime": {"datetime": "2021-09-23 11:14:02", "elapsed": 450.795168, "delta": 0.883997}}
{"target": 0.751765181887946, "params": {"C": 97.70583403549719, "epsilon": 0.37869507180151, "gamma": 0.3930655926112086, "lamda": 0.719166950416091}, "datetime": {"datetime": "2021-09-23 11:14:03", "elapsed": 451.862171, "delta": 1.067003}}
{"target": 0.9037225353098648, "params": {"C": 58.67932473332955, "epsilon": 0.27945271338760264, "gamma": 0.0758484676381455, "lamda": 0.17261458961106432}, "datetime": {"datetime": "2021-09-23 11:14:05", "elapsed": 454.38417, "delta": 2.521999}}
{"target": 0.767797883577653, "params": {"C": 58.57949209916825, "epsilon": 0.18633410861035798, "gamma": 0.3622734266864077, "lamda": 0.5101858869860489}, "datetime": {"datetime": "2021-09-23 11:14:08", "elapsed": 456.915604, "delta": 2.531434}}
{"target": 0.8343046677546487, "params": {"C": 67.02020468205356, "epsilon": 0.21931641829105641, "gamma": 0.22987472322602168, "lamda": 0.44473797985751645}, "datetime": {"datetime": "2021-09-23 11:14:09", "elapsed": 458.016009, "delta": 1.100405}}
{"target": 0.8539940674222589, "params": {"C": 58.391606721288895, "epsilon": 0.039697767316785176, "gamma": 0.006154338974252507, "lamda": 0.47836139545772555}, "datetime": {"datetime": "2021-09-23 11:14:12", "elapsed": 460.757074, "delta": 2.741065}}
{"target": 0.7426180077225975, "params": {"C": 58.84730769192557, "epsilon": 0.13085930250425784, "gamma": 0.41898953922079896, "lamda": 0.1760187169633269}, "datetime": {"datetime": "2021-09-23 11:14:14", "elapsed": 463.439918, "delta": 2.682844}}
{"target": 0.8765763137361272, "params": {"C": 57.80053648475894, "epsilon": 0.16635459495879534, "gamma": 0.1449033874863937, "lamda": 0.21342344367607793}, "datetime": {"datetime": "2021-09-23 11:14:16", "elapsed": 465.517584, "delta": 2.077666}}
{"target": 0.7447022982460756, "params": {"C": 86.67918261888124, "epsilon": 0.2455064517651762, "gamma": 0.4102418652755457, "lamda": 0.23455341545448866}, "datetime": {"datetime": "2021-09-23 11:14:18", "elapsed": 466.697165, "delta": 1.179581}}
{"target": -3.148118727011963, "params": {"C": 58.92305305781945, "epsilon": 0.5933086968608565, "gamma": 0.04401492272659375, "lamda": 0.15724761149466118}, "datetime": {"datetime": "2021-09-23 11:14:32", "elapsed": 481.278086, "delta": 14.580921}}
{"target": -1.674914412918112, "params": {"C": 58.4654622904422, "epsilon": 0.32187425216117216, "gamma": 0.06651838215459366, "lamda": 0.3636290708036585}, "datetime": {"datetime": "2021-09-23 11:14:44", "elapsed": 492.901089, "delta": 11.623003}}
{"target": 0.7759653402251911, "params": {"C": 58.059188476226886, "epsilon": 0.09198071992525114, "gamma": 0.34477525662802083, "lamda": 0.1349691624572563}, "datetime": {"datetime": "2021-09-23 11:14:46", "elapsed": 495.139087, "delta": 2.237998}}
{"target": 0.8061770141112238, "params": {"C": 97.89972420626245, "epsilon": 0.4257029408312759, "gamma": 0.27453926248707106, "lamda": 0.9969628784836893}, "datetime": {"datetime": "2021-09-23 11:14:47", "elapsed": 496.048088, "delta": 0.909001}}
{"target": 0.8625272760088994, "params": {"C": 58.57583574784621, "epsilon": 0.09238351142956375, "gamma": 0.18048403912915853, "lamda": 0.03785240506801649}, "datetime": {"datetime": "2021-09-23 11:14:49", "elapsed": 498.216086, "delta": 2.167998}}
{"target": 0.8784885545917055, "params": {"C": 58.846611876899956, "epsilon": 0.004019148428657434, "gamma": 0.14060311978451945, "lamda": 0.07673435900425732}, "datetime": {"datetime": "2021-09-23 11:14:50", "elapsed": 499.64585, "delta": 1.429764}}
{"target": 0.7321997791824078, "params": {"C": 57.856387556055616, "epsilon": 0.3137528307794332, "gamma": 0.44274906169149225, "lamda": 0.31895656881657664}, "datetime": {"datetime": "2021-09-23 11:14:53", "elapsed": 502.044047, "delta": 2.398197}}
{"target": 0.6666196126755242, "params": {"C": 58.5163626582752, "epsilon": 0.5903982968575755, "gamma": 0.5998698189847229, "lamda": 0.4162340878913238}, "datetime": {"datetime": "2021-09-23 11:14:54", "elapsed": 503.564349, "delta": 1.520302}}
{"target": 0.8604908334121755, "params": {"C": 57.9906712866433, "epsilon": 0.2376158078448468, "gamma": 0.008967505522518668, "lamda": 0.005258458403363956}, "datetime": {"datetime": "2021-09-23 11:14:56", "elapsed": 505.602614, "delta": 2.038265}}
{"target": 0.8913129763022627, "params": {"C": 57.99769894890615, "epsilon": 0.1340010772896635, "gamma": 0.1070780300476549, "lamda": 0.4978885124724278}, "datetime": {"datetime": "2021-09-23 11:14:59", "elapsed": 508.097729, "delta": 2.495115}}
{"target": 0.5567481328938264, "params": {"C": 89.62793342130257, "epsilon": 0.913410401200555, "gamma": 0.936549605986314, "lamda": 0.34321202026273867}, "datetime": {"datetime": "2021-09-23 11:15:00", "elapsed": 508.974733, "delta": 0.877004}}
