{"target": -14.055109452869173, "params": {"C": 37.09739039407675, "epsilon": 1.557291141451083, "gamma": 0.061925765628710536, "lamda": 0.5408000092985591}, "datetime": {"datetime": "2021-09-16 15:08:36", "elapsed": 1202.090196, "delta": 11.731742}}
{"target": -18.22227108885767, "params": {"C": 49.842172176408425, "epsilon": 6.198755386363013, "gamma": 0.02054009087348242, "lamda": 0.05038466693872532}, "datetime": {"datetime": "2021-09-16 15:08:51", "elapsed": 1216.712972, "delta": 14.622776}}
{"target": -17.8142702685844, "params": {"C": 48.600537332484976, "epsilon": 13.25896437591011, "gamma": 0.06998593621167398, "lamda": 0.3370347665719348}, "datetime": {"datetime": "2021-09-16 15:09:10", "elapsed": 1235.743481, "delta": 19.030509}}
{"target": -16.459939624454957, "params": {"C": 21.380213531651485, "epsilon": 4.885826697562429, "gamma": 0.037254220489364304, "lamda": 0.08724239679189924}, "datetime": {"datetime": "2021-09-16 15:09:29", "elapsed": 1255.503147, "delta": 19.759666}}
{"target": -2.134140439519975, "params": {"C": 26.04715218077236, "epsilon": 4.528749100249968, "gamma": 0.0607209762533993, "lamda": 0.7431467574744065}, "datetime": {"datetime": "2021-09-16 15:09:30", "elapsed": 1256.216308, "delta": 0.713161}}
{"target": -18.89229831678016, "params": {"C": 35.81898908975174, "epsilon": 13.929140854116078, "gamma": 0.059499981551835654, "lamda": 0.6435764856989024}, "datetime": {"datetime": "2021-09-16 15:09:49", "elapsed": 1275.517404, "delta": 19.301096}}
{"target": -19.046443169054868, "params": {"C": 47.405495473830015, "epsilon": 12.495379281459885, "gamma": 0.046606888445006836, "lamda": 0.46230344747682833}, "datetime": {"datetime": "2021-09-16 15:10:09", "elapsed": 1295.447518, "delta": 19.930114}}
{"target": -20.53316306747359, "params": {"C": 22.074490856253117, "epsilon": 16.607513607306252, "gamma": 0.06686707528384374, "lamda": 0.27853712803344155}, "datetime": {"datetime": "2021-09-16 15:10:30", "elapsed": 1315.843317, "delta": 20.395799}}
{"target": -15.619958326301404, "params": {"C": 45.81860424865171, "epsilon": 5.9918735547147435, "gamma": 0.05389600093565729, "lamda": 0.8936145358653718}, "datetime": {"datetime": "2021-09-16 15:10:49", "elapsed": 1335.181104, "delta": 19.337787}}
{"target": -20.798197637963753, "params": {"C": 26.0698635135988, "epsilon": 13.825907186859931, "gamma": 0.041789048643192606, "lamda": 0.31635078368365843}, "datetime": {"datetime": "2021-09-16 15:11:10", "elapsed": 1355.93414, "delta": 20.753036}}
{"target": -18.71524139924305, "params": {"C": 38.123599471291186, "epsilon": 12.04100546341837, "gamma": 0.05261122962832751, "lamda": 0.4156789249387692}, "datetime": {"datetime": "2021-09-16 15:11:30", "elapsed": 1375.722779, "delta": 19.788639}}
{"target": -16.515588603915532, "params": {"C": 25.637089940127716, "epsilon": 2.563117564079846, "gamma": 0.04887529050388021, "lamda": 0.9015426410625386}, "datetime": {"datetime": "2021-09-16 15:11:49", "elapsed": 1395.565657, "delta": 19.842878}}
{"target": -16.58045420691534, "params": {"C": 28.26992745613704, "epsilon": 7.28696958706397, "gamma": 0.04840853000618088, "lamda": 0.12051637790885966}, "datetime": {"datetime": "2021-09-16 15:12:09", "elapsed": 1415.248615, "delta": 19.682958}}
{"target": -15.354158213029445, "params": {"C": 30.063346174784503, "epsilon": 7.068064366615362, "gamma": 0.03019096819646134, "lamda": 0.6092070535363074}, "datetime": {"datetime": "2021-09-16 15:12:21", "elapsed": 1427.504866, "delta": 12.256251}}
{"target": -19.79654565873374, "params": {"C": 42.88223336838422, "epsilon": 11.533166049902881, "gamma": 0.03494905331563115, "lamda": 0.6866103003405581}, "datetime": {"datetime": "2021-09-16 15:12:33", "elapsed": 1439.258534, "delta": 11.753668}}
{"target": -16.358958665027195, "params": {"C": 42.35550975613944, "epsilon": 2.8880033350401444, "gamma": 0.020539423019175374, "lamda": 0.5901272832350885}, "datetime": {"datetime": "2021-09-16 15:12:46", "elapsed": 1452.0735, "delta": 12.814966}}
{"target": -17.915287761022274, "params": {"C": 48.65587187788644, "epsilon": 11.133964009825823, "gamma": 0.04291145045201095, "lamda": 0.8155451274583922}, "datetime": {"datetime": "2021-09-16 15:13:06", "elapsed": 1471.726987, "delta": 19.653487}}
{"target": -21.6018466449434, "params": {"C": 31.327510708024928, "epsilon": 15.380682785313168, "gamma": 0.039640266338134694, "lamda": 0.7497823535834706}, "datetime": {"datetime": "2021-09-16 15:13:26", "elapsed": 1491.826217, "delta": 20.09923}}
{"target": -20.720414082635816, "params": {"C": 27.151886229840038, "epsilon": 16.25101887264588, "gamma": 0.06851337945886533, "lamda": 0.5394175193131082}, "datetime": {"datetime": "2021-09-16 15:13:46", "elapsed": 1512.282169, "delta": 20.455952}}
{"target": -18.8110859703043, "params": {"C": 36.26726752935096, "epsilon": 11.031677547691508, "gamma": 0.04490009859699551, "lamda": 0.1834999852659318}, "datetime": {"datetime": "2021-09-16 15:13:58", "elapsed": 1524.614716, "delta": 12.332547}}
{"target": -16.181971846737916, "params": {"C": 23.304380436498505, "epsilon": 8.794609468933407, "gamma": 0.06537317333061139, "lamda": 0.2897052594723903}, "datetime": {"datetime": "2021-09-16 15:14:18", "elapsed": 1544.194739, "delta": 19.580023}}
{"target": -21.377850237785747, "params": {"C": 41.63235977019645, "epsilon": 15.672046857300467, "gamma": 0.05208742806458112, "lamda": 0.22760172515467833}, "datetime": {"datetime": "2021-09-16 15:14:37", "elapsed": 1563.6025, "delta": 19.407761}}
{"target": -16.873521223948632, "params": {"C": 41.150320863416255, "epsilon": 8.826017748122705, "gamma": 0.044636844696097945, "lamda": 0.19866050401793708}, "datetime": {"datetime": "2021-09-16 15:14:57", "elapsed": 1583.306947, "delta": 19.704447}}
{"target": -17.94590719904251, "params": {"C": 32.67220838632523, "epsilon": 12.521858414236107, "gamma": 0.06198989815237814, "lamda": 0.416626520140419}, "datetime": {"datetime": "2021-09-16 15:15:16", "elapsed": 1602.435388, "delta": 19.128441}}
{"target": -19.18399115526046, "params": {"C": 47.767604553294035, "epsilon": 12.527951605303691, "gamma": 0.028253949734147393, "lamda": 0.6630285857892244}, "datetime": {"datetime": "2021-09-16 15:15:28", "elapsed": 1614.175751, "delta": 11.740363}}
{"target": -17.887506481203797, "params": {"C": 34.815532193972864, "epsilon": 9.156590465357208, "gamma": 0.029537768683187037, "lamda": 0.6682418749273132}, "datetime": {"datetime": "2021-09-16 15:15:40", "elapsed": 1626.196805, "delta": 12.021054}}
{"target": -17.181568728020345, "params": {"C": 25.84159304784103, "epsilon": 14.999194436783732, "gamma": 0.02026338359757992, "lamda": 0.12090547015271393}, "datetime": {"datetime": "2021-09-16 15:15:54", "elapsed": 1639.969775, "delta": 13.77297}}
{"target": -15.677897961710164, "params": {"C": 34.93289215610655, "epsilon": 5.055506916619768, "gamma": 0.05112719896358604, "lamda": 0.8258980563640577}, "datetime": {"datetime": "2021-09-16 15:16:13", "elapsed": 1658.905372, "delta": 18.935597}}
{"target": -16.76150846129778, "params": {"C": 27.16384399722487, "epsilon": 5.898258358384899, "gamma": 0.04397875771546801, "lamda": 0.12956812241181775}, "datetime": {"datetime": "2021-09-16 15:16:24", "elapsed": 1670.638679, "delta": 11.733307}}
{"target": -16.20966433090303, "params": {"C": 30.649970223049152, "epsilon": 2.6970100621757407, "gamma": 0.03785804520421025, "lamda": 0.9190766913376437}, "datetime": {"datetime": "2021-09-16 15:16:36", "elapsed": 1681.834861, "delta": 11.196182}}
{"target": -2.1142277872242015, "params": {"C": 27.379649441787627, "epsilon": 4.243205740529751, "gamma": 0.05992521818121069, "lamda": 0.8568074117628486}, "datetime": {"datetime": "2021-09-16 15:16:36", "elapsed": 1682.58694, "delta": 0.752079}}
{"target": -16.500812477954053, "params": {"C": 24.7305766878492, "epsilon": 8.360802519751703, "gamma": 0.04218702349326364, "lamda": 0.05676563377850797}, "datetime": {"datetime": "2021-09-16 15:16:48", "elapsed": 1694.357878, "delta": 11.770938}}
{"target": -21.62933259895137, "params": {"C": 39.30362747055996, "epsilon": 13.784841513826713, "gamma": 0.03444982178939409, "lamda": 0.43462563317057484}, "datetime": {"datetime": "2021-09-16 15:17:00", "elapsed": 1705.978357, "delta": 11.620479}}
{"target": -2.1325908766588064, "params": {"C": 32.58202514704095, "epsilon": 6.109282343483983, "gamma": 0.05314025770755028, "lamda": 0.5642789570414575}, "datetime": {"datetime": "2021-09-16 15:17:01", "elapsed": 1706.801352, "delta": 0.822995}}
{"target": -21.84933174341592, "params": {"C": 32.50757713601059, "epsilon": 15.061341756005577, "gamma": 0.03402069490534847, "lamda": 0.6488843568660309}, "datetime": {"datetime": "2021-09-16 15:17:13", "elapsed": 1718.718315, "delta": 11.916963}}
{"target": -19.944253095244576, "params": {"C": 39.41452729318644, "epsilon": 14.933513705642225, "gamma": 0.04758321935722901, "lamda": 0.7905736873628474}, "datetime": {"datetime": "2021-09-16 15:17:32", "elapsed": 1738.298125, "delta": 19.57981}}
{"target": -16.619234446822812, "params": {"C": 25.466798196587657, "epsilon": 8.433276025416266, "gamma": 0.04415852424230471, "lamda": 0.25696875239393935}, "datetime": {"datetime": "2021-09-16 15:17:52", "elapsed": 1758.092278, "delta": 19.794153}}
{"target": -18.02930610494132, "params": {"C": 25.34089035332476, "epsilon": 10.568225421459667, "gamma": 0.04173917863166247, "lamda": 0.5732586433672597}, "datetime": {"datetime": "2021-09-16 15:18:11", "elapsed": 1777.183515, "delta": 19.091237}}
{"target": -16.956698834280438, "params": {"C": 22.86373531423137, "epsilon": 2.5351270872672202, "gamma": 0.035694225962297876, "lamda": 0.9211168926078511}, "datetime": {"datetime": "2021-09-16 15:18:25", "elapsed": 1791.498541, "delta": 14.315026}}
{"target": -21.05909702661314, "params": {"C": 46.5228627721632, "epsilon": 15.768064503527686, "gamma": 0.04646118409541318, "lamda": 0.9074075645003521}, "datetime": {"datetime": "2021-09-16 15:18:45", "elapsed": 1811.519941, "delta": 20.0214}}
{"target": -21.941236817438547, "params": {"C": 37.187847505073776, "epsilon": 15.173878636160376, "gamma": 0.042583624462902155, "lamda": 0.4639409875436852}, "datetime": {"datetime": "2021-09-16 15:19:05", "elapsed": 1830.728527, "delta": 19.208586}}
{"target": -17.795139721532834, "params": {"C": 23.911526190547686, "epsilon": 12.123866464649003, "gamma": 0.03560924192088076, "lamda": 0.01828526575881203}, "datetime": {"datetime": "2021-09-16 15:19:23", "elapsed": 1849.613565, "delta": 18.885038}}
{"target": -17.564513411049692, "params": {"C": 43.14750144973449, "epsilon": 9.228543796883057, "gamma": 0.048926920278742195, "lamda": 0.366449452944928}, "datetime": {"datetime": "2021-09-16 15:19:42", "elapsed": 1868.633684, "delta": 19.020119}}
{"target": -13.569983945876778, "params": {"C": 24.808202868910083, "epsilon": 2.307036699004792, "gamma": 0.06663621066970087, "lamda": 0.36067260285242386}, "datetime": {"datetime": "2021-09-16 15:20:00", "elapsed": 1886.354296, "delta": 17.720612}}
{"target": -2.1608105907809034, "params": {"C": 22.178490548772494, "epsilon": 4.613673708580956, "gamma": 0.06690890145341079, "lamda": 0.5942442357177236}, "datetime": {"datetime": "2021-09-16 15:20:01", "elapsed": 1887.130642, "delta": 0.776346}}
{"target": -19.513176701955366, "params": {"C": 37.48271643801576, "epsilon": 13.973593463942102, "gamma": 0.05192912075686133, "lamda": 0.8365410900697157}, "datetime": {"datetime": "2021-09-16 15:20:19", "elapsed": 1905.272068, "delta": 18.141426}}
{"target": -18.932806695301746, "params": {"C": 37.13607378285731, "epsilon": 13.662869847832535, "gamma": 0.05410292436731029, "lamda": 0.6248550486394717}, "datetime": {"datetime": "2021-09-16 15:20:38", "elapsed": 1924.479509, "delta": 19.207441}}
{"target": -17.798548650125326, "params": {"C": 27.52024703256319, "epsilon": 13.0363782408491, "gamma": 0.061320717136609346, "lamda": 0.6218853355033441}, "datetime": {"datetime": "2021-09-16 15:20:57", "elapsed": 1943.59394, "delta": 19.114431}}
{"target": -16.455285040082995, "params": {"C": 21.547289686117402, "epsilon": 5.598908373042118, "gamma": 0.038850663528210524, "lamda": 0.5568684945474095}, "datetime": {"datetime": "2021-09-16 15:21:09", "elapsed": 1955.316682, "delta": 11.722742}}
{"target": -18.9386943299865, "params": {"C": 30.06400607410629, "epsilon": 12.38375770455355, "gamma": 0.03181147569650557, "lamda": 0.8622898696640807}, "datetime": {"datetime": "2021-09-16 15:21:28", "elapsed": 1974.25944, "delta": 18.942758}}
{"target": -17.780500909118125, "params": {"C": 37.18110224651378, "epsilon": 10.756989431821376, "gamma": 0.05453626251372684, "lamda": 0.7199954869223335}, "datetime": {"datetime": "2021-09-16 15:21:48", "elapsed": 1993.778934, "delta": 19.519494}}
{"target": -15.938078938558954, "params": {"C": 49.13846866703126, "epsilon": 8.488846069181628, "gamma": 0.06846447070301957, "lamda": 0.769725776316615}, "datetime": {"datetime": "2021-09-16 15:22:07", "elapsed": 2012.958897, "delta": 19.179963}}
{"target": -17.16878258423201, "params": {"C": 41.88536079327157, "epsilon": 11.043359024515514, "gamma": 0.06194020474358722, "lamda": 0.7584770637688212}, "datetime": {"datetime": "2021-09-16 15:22:26", "elapsed": 2032.090548, "delta": 19.131651}}
{"target": -15.023866870995427, "params": {"C": 41.913731748495934, "epsilon": 4.965981384750151, "gamma": 0.057149084801802946, "lamda": 0.044397988326600545}, "datetime": {"datetime": "2021-09-16 15:22:38", "elapsed": 2044.333178, "delta": 12.24263}}
{"target": -16.036576567062195, "params": {"C": 47.170885775819926, "epsilon": 5.60943763414477, "gamma": 0.022758690645690204, "lamda": 0.9346171704834151}, "datetime": {"datetime": "2021-09-16 15:22:58", "elapsed": 2063.734634, "delta": 19.401456}}
{"target": -15.986602462506324, "params": {"C": 43.437897230219114, "epsilon": 6.281407502313449, "gamma": 0.03017679497525465, "lamda": 0.9443468830293986}, "datetime": {"datetime": "2021-09-16 15:23:10", "elapsed": 2075.822303, "delta": 12.087669}}
{"target": -17.562063964842785, "params": {"C": 42.46032051655365, "epsilon": 11.044080696182753, "gamma": 0.05510794560379326, "lamda": 0.9252702693313416}, "datetime": {"datetime": "2021-09-16 15:23:30", "elapsed": 2095.738953, "delta": 19.91665}}
{"target": -17.267525142586898, "params": {"C": 31.526937656338312, "epsilon": 1.5866501358830707, "gamma": 0.023212376080159126, "lamda": 0.2163924716271495}, "datetime": {"datetime": "2021-09-16 15:23:46", "elapsed": 2112.369664, "delta": 16.630711}}
{"target": -16.647620588643548, "params": {"C": 44.14629104366392, "epsilon": 6.007323314026284, "gamma": 0.038800679329112894, "lamda": 0.26093042489706236}, "datetime": {"datetime": "2021-09-16 15:23:59", "elapsed": 2124.829313, "delta": 12.459649}}
{"target": -18.89616581503013, "params": {"C": 25.14619153288925, "epsilon": 13.088286291551592, "gamma": 0.0591914561667682, "lamda": 0.5246168176848163}, "datetime": {"datetime": "2021-09-16 15:24:18", "elapsed": 2144.178878, "delta": 19.349565}}
{"target": -17.700400643493225, "params": {"C": 33.07622049008205, "epsilon": 7.6415421814453115, "gamma": 0.04772725432820504, "lamda": 0.19278353705134962}, "datetime": {"datetime": "2021-09-16 15:24:37", "elapsed": 2163.44659, "delta": 19.267712}}
{"target": -16.652247777351068, "params": {"C": 39.48953401786548, "epsilon": 2.525709307226645, "gamma": 0.023476941658430967, "lamda": 0.9510486055666023}, "datetime": {"datetime": "2021-09-16 15:24:53", "elapsed": 2179.230101, "delta": 15.783511}}
{"target": -16.782434932111215, "params": {"C": 35.74789860134452, "epsilon": 2.374291982715272, "gamma": 0.023693635056921757, "lamda": 0.5320497206332722}, "datetime": {"datetime": "2021-09-16 15:25:12", "elapsed": 2198.652856, "delta": 19.422755}}
{"target": -16.085719208990746, "params": {"C": 33.033684793344705, "epsilon": 8.93007777288935, "gamma": 0.053387057336552454, "lamda": 0.030289449498189288}, "datetime": {"datetime": "2021-09-16 15:25:25", "elapsed": 2211.62598, "delta": 12.973124}}
{"target": -19.53017061099379, "params": {"C": 33.877699613303385, "epsilon": 12.626558167625515, "gamma": 0.034933875211406305, "lamda": 0.36261305261147225}, "datetime": {"datetime": "2021-09-16 15:25:37", "elapsed": 2223.629616, "delta": 12.003636}}
{"target": -16.57400696717998, "params": {"C": 31.609270536055632, "epsilon": 10.616301266150696, "gamma": 0.05810740427853256, "lamda": 0.3747911395880892}, "datetime": {"datetime": "2021-09-16 15:25:57", "elapsed": 2242.844402, "delta": 19.214786}}
{"target": -16.424549488906248, "params": {"C": 32.372559433083616, "epsilon": 3.8249024760861925, "gamma": 0.04509089940180895, "lamda": 0.9287422152268715}, "datetime": {"datetime": "2021-09-16 15:26:17", "elapsed": 2263.087401, "delta": 20.242999}}
{"target": -2.0607309788928294, "params": {"C": 36.02709566052894, "epsilon": 6.740343546940563, "gamma": 0.06915269663462979, "lamda": 0.030165375551154745}, "datetime": {"datetime": "2021-09-16 15:26:18", "elapsed": 2263.999351, "delta": 0.91195}}
{"target": -15.538543491737752, "params": {"C": 36.75063504391231, "epsilon": 3.8966087869177635, "gamma": 0.050919049804133504, "lamda": 0.08244180592286447}, "datetime": {"datetime": "2021-09-16 15:26:30", "elapsed": 2276.181852, "delta": 12.182501}}
{"target": -16.85377677185256, "params": {"C": 31.450822017026553, "epsilon": 4.173889227359975, "gamma": 0.034725698373510264, "lamda": 0.7767186548318603}, "datetime": {"datetime": "2021-09-16 15:26:42", "elapsed": 2288.393425, "delta": 12.211573}}
{"target": -17.499447760611798, "params": {"C": 30.00385832215495, "epsilon": 6.985323911122093, "gamma": 0.035483857278105865, "lamda": 0.5500038149255472}, "datetime": {"datetime": "2021-09-16 15:26:55", "elapsed": 2301.113289, "delta": 12.719864}}
{"target": -19.938972378158518, "params": {"C": 20.10616996056162, "epsilon": 14.775849649203524, "gamma": 0.0627340452954507, "lamda": 0.24977719644059743}, "datetime": {"datetime": "2021-09-16 15:27:15", "elapsed": 2320.918187, "delta": 19.804898}}
{"target": -18.220073460670605, "params": {"C": 22.93673190328533, "epsilon": 11.178657487754661, "gamma": 0.02303219150484282, "lamda": 0.9702842422959069}, "datetime": {"datetime": "2021-09-16 15:27:27", "elapsed": 2332.853401, "delta": 11.935214}}
{"target": -2.3108765520228727, "params": {"C": 20.31048875739138, "epsilon": 6.027198490733358, "gamma": 0.028326812433955725, "lamda": 0.03094694456311481}, "datetime": {"datetime": "2021-09-16 15:27:27", "elapsed": 2333.710917, "delta": 0.857516}}
{"target": -16.645137528653166, "params": {"C": 49.40960714268736, "epsilon": 4.225582658182718, "gamma": 0.03175788547540574, "lamda": 0.6582685521176609}, "datetime": {"datetime": "2021-09-16 15:27:38", "elapsed": 2344.702875, "delta": 10.991958}}
{"target": -16.566669109720227, "params": {"C": 26.29365694507723, "epsilon": 3.4507373143857123, "gamma": 0.05255603363699109, "lamda": 0.3638636210514096}, "datetime": {"datetime": "2021-09-16 15:27:56", "elapsed": 2362.679241, "delta": 17.976366}}
{"target": -18.70190321867447, "params": {"C": 46.00217229157295, "epsilon": 10.393324194480806, "gamma": 0.054488753023343134, "lamda": 0.5291534874714852}, "datetime": {"datetime": "2021-09-16 15:28:15", "elapsed": 2381.116461, "delta": 18.43722}}
{"target": -18.716845668174678, "params": {"C": 38.227680099385296, "epsilon": 11.995497103528614, "gamma": 0.04556781060383914, "lamda": 0.4578645052677612}, "datetime": {"datetime": "2021-09-16 15:28:34", "elapsed": 2400.209133, "delta": 19.092672}}
{"target": -15.637604853063587, "params": {"C": 40.052571594909736, "epsilon": 7.424191317690372, "gamma": 0.023618129886568674, "lamda": 0.9279994270069818}, "datetime": {"datetime": "2021-09-16 15:28:45", "elapsed": 2411.571117, "delta": 11.361984}}
{"target": -17.59045318241268, "params": {"C": 44.70050643718313, "epsilon": 7.4452507433749595, "gamma": 0.03043334438902943, "lamda": 0.8473613299364662}, "datetime": {"datetime": "2021-09-16 15:28:57", "elapsed": 2422.734632, "delta": 11.163515}}
{"target": -16.531969812659415, "params": {"C": 49.86315182547593, "epsilon": 2.944692238948816, "gamma": 0.03971458717833102, "lamda": 0.5105542917911162}, "datetime": {"datetime": "2021-09-16 15:29:07", "elapsed": 2433.053046, "delta": 10.318414}}
{"target": -20.236591880397715, "params": {"C": 33.73276168744306, "epsilon": 13.569902068233972, "gamma": 0.03603093979991216, "lamda": 0.9415788540018041}, "datetime": {"datetime": "2021-09-16 15:29:28", "elapsed": 2453.846371, "delta": 20.793325}}
{"target": -16.033556765656332, "params": {"C": 42.51752933352374, "epsilon": 7.617228056802089, "gamma": 0.04643428548491053, "lamda": 0.7304198803055091}, "datetime": {"datetime": "2021-09-16 15:29:47", "elapsed": 2473.62581, "delta": 19.779439}}
{"target": -16.410696954702967, "params": {"C": 28.361276602534115, "epsilon": 6.365785193109549, "gamma": 0.04106956630689171, "lamda": 0.05847011366985378}, "datetime": {"datetime": "2021-09-16 15:30:04", "elapsed": 2490.271512, "delta": 16.645702}}
{"target": -18.79896775076755, "params": {"C": 26.708134550698887, "epsilon": 11.005621142839466, "gamma": 0.03374355232655076, "lamda": 0.6808740792163356}, "datetime": {"datetime": "2021-09-16 15:30:16", "elapsed": 2502.310639, "delta": 12.039127}}
{"target": -18.37272564028454, "params": {"C": 42.99426558974562, "epsilon": 9.279748165562514, "gamma": 0.023260075356567173, "lamda": 0.963579931978039}, "datetime": {"datetime": "2021-09-16 15:30:28", "elapsed": 2514.261936, "delta": 11.951297}}
{"target": -18.23913621505916, "params": {"C": 35.79387797633302, "epsilon": 12.22950739009797, "gamma": 0.058078972889285554, "lamda": 0.8007194786246838}, "datetime": {"datetime": "2021-09-16 15:30:47", "elapsed": 2533.093729, "delta": 18.831793}}
