{"target": -1.1136782176842908, "params": {"C": 91.43695787497285, "epsilon": 0.27022485648755423, "gamma": 0.09956585183047621, "lamda": 0.415640943715646}, "datetime": {"datetime": "2021-09-23 11:43:51", "elapsed": 359.516057, "delta": 11.145633}}
{"target": -2.80783024460553, "params": {"C": 69.682332642547, "epsilon": 0.041852119968732615, "gamma": 0.014367063823681536, "lamda": 0.8392171600002575}, "datetime": {"datetime": "2021-09-23 11:44:01", "elapsed": 369.62861, "delta": 10.112553}}
{"target": 0.8635264897592854, "params": {"C": 65.31089955423316, "epsilon": 0.5115903296029104, "gamma": 0.17946426351687514, "lamda": 0.41174646653356767}, "datetime": {"datetime": "2021-09-23 11:44:02", "elapsed": 370.977639, "delta": 1.349029}}
{"target": -3.383651930187499, "params": {"C": 81.19101878043045, "epsilon": 0.8159780580469286, "gamma": 0.021565363706717543, "lamda": 0.4426131121586037}, "datetime": {"datetime": "2021-09-23 11:44:12", "elapsed": 381.225597, "delta": 10.247958}}
{"target": 0.8815967997499384, "params": {"C": 62.678849027717796, "epsilon": 0.20511994448179954, "gamma": 0.13407362236101694, "lamda": 0.5531914616024157}, "datetime": {"datetime": "2021-09-23 11:44:13", "elapsed": 382.010597, "delta": 0.785}}
{"target": 0.8835079616587717, "params": {"C": 84.32962948374909, "epsilon": 0.4552127555829104, "gamma": 0.13475475024624478, "lamda": 0.016618505650388846}, "datetime": {"datetime": "2021-09-23 11:44:14", "elapsed": 383.357967, "delta": 1.34737}}
{"target": 0.8750650148872806, "params": {"C": 62.0122074782839, "epsilon": 0.7133792871792464, "gamma": 0.14981965651694126, "lamda": 0.4560703169755044}, "datetime": {"datetime": "2021-09-23 11:44:16", "elapsed": 384.57297, "delta": 1.215003}}
{"target": -2.713882781673987, "params": {"C": 84.44869980351342, "epsilon": 0.21019216910856733, "gamma": 0.04885622616349429, "lamda": 0.36500649616769426}, "datetime": {"datetime": "2021-09-23 11:44:26", "elapsed": 395.233965, "delta": 10.660995}}
{"target": 0.8512358694190625, "params": {"C": 72.06125856765145, "epsilon": 0.001, "gamma": 0.2, "lamda": 0.14683623315944305}, "datetime": {"datetime": "2021-09-23 11:44:28", "elapsed": 396.509968, "delta": 1.276003}}
{"target": -1.8794173069653595, "params": {"C": 62.36934105751967, "epsilon": 0.414832450345329, "gamma": 0.06311504434850904, "lamda": 0.29852248853370583}, "datetime": {"datetime": "2021-09-23 11:44:40", "elapsed": 408.579966, "delta": 12.069998}}
{"target": -1.3455248384861984, "params": {"C": 61.88001800665525, "epsilon": 0.9348195278794273, "gamma": 0.09114478605699089, "lamda": 0.6603741584895417}, "datetime": {"datetime": "2021-09-23 11:44:50", "elapsed": 419.296968, "delta": 10.717002}}
{"target": 0.8912077067615486, "params": {"C": 98.36718719762374, "epsilon": 0.05100699212543013, "gamma": 0.11825382783866714, "lamda": 0.5730108915816855}, "datetime": {"datetime": "2021-09-23 11:44:51", "elapsed": 420.039966, "delta": 0.742998}}
{"target": 0.9016061216434554, "params": {"C": 98.4603922283425, "epsilon": 0.12723522905237675, "gamma": 0.08844242754566378, "lamda": 0.26772397969231276}, "datetime": {"datetime": "2021-09-23 11:44:52", "elapsed": 421.348955, "delta": 1.308989}}
{"target": 0.8492617075025833, "params": {"C": 98.69401269162684, "epsilon": 0.04868547324682994, "gamma": 0.1965293401388877, "lamda": 0.47593059057953746}, "datetime": {"datetime": "2021-09-23 11:44:54", "elapsed": 422.915455, "delta": 1.5665}}
{"target": 0.8528543570028706, "params": {"C": 61.898011179835905, "epsilon": 0.8084531420111184, "gamma": 0.2, "lamda": 0.13850354250922722}, "datetime": {"datetime": "2021-09-23 11:44:55", "elapsed": 424.243454, "delta": 1.327999}}
{"target": 0.9013599159448132, "params": {"C": 98.87253352495868, "epsilon": 0.04606870688301736, "gamma": 0.08900640646499161, "lamda": 0.12326774034515392}, "datetime": {"datetime": "2021-09-23 11:44:57", "elapsed": 425.586176, "delta": 1.342722}}
{"target": -2.77771316914216, "params": {"C": 87.47637305597537, "epsilon": 0.6634494066996538, "gamma": 0.01442080973166531, "lamda": 0.12250974239354528}, "datetime": {"datetime": "2021-09-23 11:45:07", "elapsed": 435.792782, "delta": 10.206606}}
{"target": 0.9014311618525083, "params": {"C": 59.18074166958928, "epsilon": 0.5150994872668108, "gamma": 0.08294432696082797, "lamda": 0.16902231293007322}, "datetime": {"datetime": "2021-09-23 11:45:08", "elapsed": 436.585307, "delta": 0.792525}}
{"target": 0.8844770223461923, "params": {"C": 59.24564532657146, "epsilon": 0.9056433371389472, "gamma": 0.1258309925611596, "lamda": 0.10422418249529675}, "datetime": {"datetime": "2021-09-23 11:45:09", "elapsed": 437.929358, "delta": 1.344051}}
{"target": 0.8745284807820871, "params": {"C": 59.09485171451991, "epsilon": 0.8735573131504806, "gamma": 0.14996078932398735, "lamda": 0.4915493111021059}, "datetime": {"datetime": "2021-09-23 11:45:10", "elapsed": 439.107467, "delta": 1.178109}}
{"target": 0.847059934339003, "params": {"C": 98.75201092602168, "epsilon": 0.4167191087681431, "gamma": 0.2, "lamda": 0.21948270332737058}, "datetime": {"datetime": "2021-09-23 11:45:12", "elapsed": 440.80593, "delta": 1.698463}}
{"target": -2.941541153949009, "params": {"C": 77.62238802229403, "epsilon": 0.41369709955159245, "gamma": 0.01907928521602093, "lamda": 0.46127890748140554}, "datetime": {"datetime": "2021-09-23 11:45:19", "elapsed": 448.259382, "delta": 7.453452}}
{"target": -3.4816437383895114, "params": {"C": 65.11239789733501, "epsilon": 0.8393024217120792, "gamma": 0.026209123396871557, "lamda": 0.3912909796089143}, "datetime": {"datetime": "2021-09-23 11:45:30", "elapsed": 458.990188, "delta": 10.730806}}
{"target": 0.8531372518331536, "params": {"C": 59.35938608717032, "epsilon": 0.681428700722756, "gamma": 0.2, "lamda": 0.3687290894328264}, "datetime": {"datetime": "2021-09-23 11:45:31", "elapsed": 460.32318, "delta": 1.332992}}
{"target": 0.8993026029536674, "params": {"C": 65.30771032283907, "epsilon": 0.1952369923406149, "gamma": 0.08990557070984641, "lamda": 0.37208334189394077}, "datetime": {"datetime": "2021-09-23 11:45:32", "elapsed": 461.440916, "delta": 1.117736}}
{"target": 0.8522599697841361, "params": {"C": 65.61020893556325, "epsilon": 0.39307667729358386, "gamma": 0.2, "lamda": 0.5201825042018348}, "datetime": {"datetime": "2021-09-23 11:45:34", "elapsed": 462.577619, "delta": 1.136703}}
{"target": 0.8715832740005609, "params": {"C": 82.58684381556971, "epsilon": 0.2776871440514147, "gamma": 0.16327743334485492, "lamda": 0.20482573648558627}, "datetime": {"datetime": "2021-09-23 11:45:34", "elapsed": 463.363193, "delta": 0.785574}}
{"target": 0.8772562248175787, "params": {"C": 98.38116536370867, "epsilon": 0.7673358335560438, "gamma": 0.019591015835023706, "lamda": 0.03305951131433452}, "datetime": {"datetime": "2021-09-23 11:45:35", "elapsed": 464.172195, "delta": 0.809002}}
{"target": 0.8950959030343328, "params": {"C": 57.86447003201764, "epsilon": 0.6118215865980625, "gamma": 0.039133006868172164, "lamda": 0.005669799787156121}, "datetime": {"datetime": "2021-09-23 11:45:36", "elapsed": 464.971015, "delta": 0.79882}}
{"target": 0.8589815403571425, "params": {"C": 92.39135923403177, "epsilon": 0.09598816439955357, "gamma": 0.18250747154582614, "lamda": 0.38022182753312006}, "datetime": {"datetime": "2021-09-23 11:45:37", "elapsed": 465.686695, "delta": 0.71568}}
{"target": 0.8531517424747325, "params": {"C": 58.88108763873011, "epsilon": 0.6726496274252407, "gamma": 0.2, "lamda": 0.21880699876304044}, "datetime": {"datetime": "2021-09-23 11:45:38", "elapsed": 466.894862, "delta": 1.208167}}
{"target": -1.6054598024777023, "params": {"C": 68.83922636156885, "epsilon": 0.09512356121267772, "gamma": 0.06550462087768041, "lamda": 0.6934929091619714}, "datetime": {"datetime": "2021-09-23 11:45:48", "elapsed": 476.996275, "delta": 10.101413}}
{"target": 0.8893250042038562, "params": {"C": 92.53833631907658, "epsilon": 0.40924956695816705, "gamma": 0.1217720126393248, "lamda": 0.12205248114653564}, "datetime": {"datetime": "2021-09-23 11:45:49", "elapsed": 478.207637, "delta": 1.211362}}
{"target": 0.8674805557146242, "params": {"C": 84.41969125977107, "epsilon": 0.8255348790809314, "gamma": 0.1708330553848698, "lamda": 0.001}, "datetime": {"datetime": "2021-09-23 11:45:50", "elapsed": 479.396122, "delta": 1.188485}}
{"target": -2.234237655046827, "params": {"C": 59.17266418632722, "epsilon": 0.534850600635944, "gamma": 0.05344270975928818, "lamda": 0.15401129519196424}, "datetime": {"datetime": "2021-09-23 11:46:01", "elapsed": 489.65327, "delta": 10.257148}}
{"target": -3.4935610315816668, "params": {"C": 55.64449621747764, "epsilon": 0.9226663161598764, "gamma": 0.018822378813107124, "lamda": 0.39957762842634753}, "datetime": {"datetime": "2021-09-23 11:46:10", "elapsed": 499.295773, "delta": 9.642503}}
{"target": 0.8882118147431092, "params": {"C": 55.82121459992733, "epsilon": 0.44730759703475526, "gamma": 0.1150617385010659, "lamda": 0.7548461310265218}, "datetime": {"datetime": "2021-09-23 11:46:11", "elapsed": 500.11078, "delta": 0.815007}}
{"target": -1.0777051604894972, "params": {"C": 53.85858153604005, "epsilon": 0.641238088565757, "gamma": 0.12310944739596522, "lamda": 0.981414745971565}, "datetime": {"datetime": "2021-09-23 11:46:22", "elapsed": 510.659813, "delta": 10.549033}}
{"target": -1.1875361278982068, "params": {"C": 70.30409366021364, "epsilon": 0.6436903714204504, "gamma": 0.09108348337835437, "lamda": 0.8275030524388615}, "datetime": {"datetime": "2021-09-23 11:46:32", "elapsed": 521.142813, "delta": 10.483}}
{"target": 0.8526006644188164, "params": {"C": 94.88422083038598, "epsilon": 0.03793633937722685, "gamma": 0.19217087024938137, "lamda": 0.004195635526306479}, "datetime": {"datetime": "2021-09-23 11:46:33", "elapsed": 521.930813, "delta": 0.788}}
{"target": -1.2651072766840947, "params": {"C": 68.3241497820019, "epsilon": 0.5826305514062131, "gamma": 0.09953241299403748, "lamda": 0.8648054772859267}, "datetime": {"datetime": "2021-09-23 11:46:43", "elapsed": 532.009217, "delta": 10.078404}}
{"target": 0.8750526269495278, "params": {"C": 65.00232559033667, "epsilon": 0.31760359760083035, "gamma": 0.1512419912033976, "lamda": 0.4675435613752549}, "datetime": {"datetime": "2021-09-23 11:46:44", "elapsed": 532.916829, "delta": 0.907612}}
{"target": 0.8953599953629151, "params": {"C": 98.46379246661755, "epsilon": 0.0940739524278436, "gamma": 0.1067641993941401, "lamda": 0.32953480130895824}, "datetime": {"datetime": "2021-09-23 11:46:45", "elapsed": 534.051813, "delta": 1.134984}}
{"target": 0.8828724855375976, "params": {"C": 57.584312422239876, "epsilon": 0.45936605481940357, "gamma": 0.12936682098016758, "lamda": 0.9362171509104132}, "datetime": {"datetime": "2021-09-23 11:46:46", "elapsed": 534.814479, "delta": 0.762666}}
{"target": 0.8585750623455188, "params": {"C": 68.55742039298057, "epsilon": 0.4980006362624043, "gamma": 0.1888243440961975, "lamda": 0.8164982444395064}, "datetime": {"datetime": "2021-09-23 11:46:47", "elapsed": 535.600441, "delta": 0.785962}}
{"target": 0.9073405864228878, "params": {"C": 65.50482011573283, "epsilon": 0.3471355148801249, "gamma": 0.06582710604966692, "lamda": 0.1386959016011563}, "datetime": {"datetime": "2021-09-23 11:46:48", "elapsed": 536.572439, "delta": 0.971998}}
{"target": -0.6761719761418619, "params": {"C": 87.3424666405235, "epsilon": 0.7400555243880738, "gamma": 0.16044590969261127, "lamda": 0.8617897389855228}, "datetime": {"datetime": "2021-09-23 11:46:58", "elapsed": 547.013679, "delta": 10.44124}}
{"target": 0.8551871544123819, "params": {"C": 98.50990491360704, "epsilon": 0.8655175897544503, "gamma": 0.187263321155328, "lamda": 0.026287298300092892}, "datetime": {"datetime": "2021-09-23 11:46:59", "elapsed": 547.922809, "delta": 0.90913}}
{"target": 0.873854242342738, "params": {"C": 98.51521061981359, "epsilon": 0.1128409043245345, "gamma": 0.15762885090078343, "lamda": 0.3136345716990423}, "datetime": {"datetime": "2021-09-23 11:47:00", "elapsed": 549.140892, "delta": 1.218083}}
{"target": -1.5043664183463665, "params": {"C": 70.02260870829632, "epsilon": 0.5755927434260253, "gamma": 0.08186709922298767, "lamda": 0.6630447085159829}, "datetime": {"datetime": "2021-09-23 11:47:11", "elapsed": 560.026947, "delta": 10.886055}}
{"target": -3.845273635348617, "params": {"C": 83.01059105375123, "epsilon": 0.49217060737039287, "gamma": 0.02856357404498199, "lamda": 0.8267891927627318}, "datetime": {"datetime": "2021-09-23 11:47:22", "elapsed": 570.907183, "delta": 10.880236}}
{"target": 0.8684742929580012, "params": {"C": 59.18987271122997, "epsilon": 0.5003000161170663, "gamma": 0.16627354564863786, "lamda": 0.1310659082644542}, "datetime": {"datetime": "2021-09-23 11:47:23", "elapsed": 572.391316, "delta": 1.484133}}
{"target": 0.8839805123397354, "params": {"C": 59.30849971036916, "epsilon": 0.47149802741469315, "gamma": 0.12711945621347906, "lamda": 0.23976189418475685}, "datetime": {"datetime": "2021-09-23 11:47:25", "elapsed": 573.671087, "delta": 1.279771}}
{"target": -1.519349535798535, "params": {"C": 97.70583403549719, "epsilon": 0.37869507180151, "gamma": 0.08456702962575538, "lamda": 0.719166950416091}, "datetime": {"datetime": "2021-09-23 11:47:35", "elapsed": 583.933319, "delta": 10.262232}}
{"target": 0.888800381208779, "params": {"C": 59.25762257322917, "epsilon": 0.38785806644121135, "gamma": 0.11457949058185232, "lamda": 0.2094995759906457}, "datetime": {"datetime": "2021-09-23 11:47:36", "elapsed": 585.393088, "delta": 1.459769}}
{"target": 0.8535563258374659, "params": {"C": 92.41972609200764, "epsilon": 0.1946538455454997, "gamma": 0.19118575943160182, "lamda": 0.45671390772140547}, "datetime": {"datetime": "2021-09-23 11:47:38", "elapsed": 586.46168, "delta": 1.068592}}
{"target": -2.6262597729200454, "params": {"C": 67.02020468205356, "epsilon": 0.21931641829105641, "gamma": 0.05352972714008421, "lamda": 0.44473797985751645}, "datetime": {"datetime": "2021-09-23 11:47:48", "elapsed": 596.680482, "delta": 10.218802}}
{"target": 0.8817981018930882, "params": {"C": 59.17189831469774, "epsilon": 0.49356639654690343, "gamma": 0.13248276541096324, "lamda": 0.18066559432039972}, "datetime": {"datetime": "2021-09-23 11:47:49", "elapsed": 598.335536, "delta": 1.655054}}
{"target": 0.8852871715118272, "params": {"C": 59.322028034690014, "epsilon": 0.4419283256474761, "gamma": 0.12336654246361635, "lamda": 0.12929649954010275}, "datetime": {"datetime": "2021-09-23 11:47:51", "elapsed": 600.318111, "delta": 1.982575}}
{"target": 0.8808064661182307, "params": {"C": 59.259877558903334, "epsilon": 0.4490075557684839, "gamma": 0.13495738099451332, "lamda": 0.1828194733477684}, "datetime": {"datetime": "2021-09-23 11:47:53", "elapsed": 601.782109, "delta": 1.463998}}
{"target": 0.9012367214435172, "params": {"C": 86.67918261888124, "epsilon": 0.2455064517651762, "gamma": 0.08783378819054422, "lamda": 0.23455341545448866}, "datetime": {"datetime": "2021-09-23 11:47:54", "elapsed": 602.676111, "delta": 0.894002}}
{"target": -1.644664212606357, "params": {"C": 64.9890483210846, "epsilon": 0.24784209350384662, "gamma": 0.0733818865925416, "lamda": 0.43723853947946384}, "datetime": {"datetime": "2021-09-23 11:48:05", "elapsed": 613.572013, "delta": 10.895902}}
{"target": -2.8421375078343414, "params": {"C": 90.93895332204528, "epsilon": 0.6871796565962828, "gamma": 0.045960905797941175, "lamda": 0.5444012200148807}, "datetime": {"datetime": "2021-09-23 11:48:15", "elapsed": 624.130876, "delta": 10.558863}}
{"target": 0.8687625555571491, "params": {"C": 64.9844879673601, "epsilon": 0.3736636685075053, "gamma": 0.1671497131956776, "lamda": 0.5528980585988569}, "datetime": {"datetime": "2021-09-23 11:48:17", "elapsed": 625.484875, "delta": 1.353999}}
{"target": -2.029113449853503, "params": {"C": 97.89972420626245, "epsilon": 0.4257029408312759, "gamma": 0.0620244843569004, "lamda": 0.9969628784836893}, "datetime": {"datetime": "2021-09-23 11:48:27", "elapsed": 635.889876, "delta": 10.405001}}
{"target": 0.8861409698559795, "params": {"C": 59.300263835127936, "epsilon": 0.6344866488729278, "gamma": 0.1215049899700605, "lamda": 0.35223460166054527}, "datetime": {"datetime": "2021-09-23 11:48:28", "elapsed": 637.353877, "delta": 1.464001}}
{"target": 0.894531896124713, "params": {"C": 93.32534227674157, "epsilon": 0.5545836867637219, "gamma": 0.10773965907126827, "lamda": 0.02778674165067869}, "datetime": {"datetime": "2021-09-23 11:48:29", "elapsed": 638.237876, "delta": 0.883999}}
{"target": 0.8911865960462907, "params": {"C": 59.36840765024752, "epsilon": 0.6330751778240644, "gamma": 0.10778815023146811, "lamda": 0.2644632510931935}, "datetime": {"datetime": "2021-09-23 11:48:31", "elapsed": 639.80794, "delta": 1.570064}}
{"target": -3.512973071331733, "params": {"C": 59.38206871530832, "epsilon": 0.468988411006157, "gamma": 0.04051669906137296, "lamda": 0.18563989070578274}, "datetime": {"datetime": "2021-09-23 11:48:42", "elapsed": 651.217997, "delta": 11.410057}}
{"target": 0.8625168141203089, "params": {"C": 65.0674030777922, "epsilon": 0.27879502348225343, "gamma": 0.1816688349223722, "lamda": 0.5491502520684063}, "datetime": {"datetime": "2021-09-23 11:48:44", "elapsed": 652.494996, "delta": 1.276999}}
{"target": 0.8576149664875875, "params": {"C": 59.29260837481696, "epsilon": 0.6600544385664772, "gamma": 0.19145942656683104, "lamda": 0.28082514316004265}, "datetime": {"datetime": "2021-09-23 11:48:45", "elapsed": 654.010542, "delta": 1.515546}}
{"target": 0.855948546872408, "params": {"C": 89.62793342130257, "epsilon": 0.913410401200555, "gamma": 0.18793235749489456, "lamda": 0.34321202026273867}, "datetime": {"datetime": "2021-09-23 11:48:46", "elapsed": 654.935548, "delta": 0.925006}}
{"target": -2.1676009496125466, "params": {"C": 58.8737148452731, "epsilon": 0.6248320980876969, "gamma": 0.05840551943729457, "lamda": 0.442733906319347}, "datetime": {"datetime": "2021-09-23 11:48:56", "elapsed": 665.230583, "delta": 10.295035}}
{"target": 0.8993355112779556, "params": {"C": 65.50627120333655, "epsilon": 0.30350436747623505, "gamma": 0.04010542368511986, "lamda": 0.041926972231521226}, "datetime": {"datetime": "2021-09-23 11:48:58", "elapsed": 666.523541, "delta": 1.292958}}
{"target": -2.3879904928363094, "params": {"C": 98.55314581977535, "epsilon": 0.11928234198940424, "gamma": 0.057151825705517405, "lamda": 0.3112955631120144}, "datetime": {"datetime": "2021-09-23 11:49:09", "elapsed": 677.529489, "delta": 11.005948}}
{"target": 0.8762743113669584, "params": {"C": 59.36401088470819, "epsilon": 0.746361359460121, "gamma": 0.14603530746095345, "lamda": 0.23045276702848627}, "datetime": {"datetime": "2021-09-23 11:49:10", "elapsed": 679.109098, "delta": 1.579609}}
{"target": 0.8543828351598823, "params": {"C": 98.3821528075285, "epsilon": 0.12751956767113126, "gamma": 0.18854324192975055, "lamda": 0.3009577690104103}, "datetime": {"datetime": "2021-09-23 11:49:12", "elapsed": 680.56582, "delta": 1.456722}}
{"target": -2.991300322127271, "params": {"C": 65.58959888074213, "epsilon": 0.25259423928911956, "gamma": 0.04461626576123234, "lamda": 0.05304899802879878}, "datetime": {"datetime": "2021-09-23 11:49:22", "elapsed": 691.306149, "delta": 10.740329}}
{"target": -1.2113659501972665, "params": {"C": 88.14055801225884, "epsilon": 0.06210937207948398, "gamma": 0.0975289838280749, "lamda": 0.7607345061770585}, "datetime": {"datetime": "2021-09-23 11:49:33", "elapsed": 701.74574, "delta": 10.439591}}
{"target": 0.8806609997448013, "params": {"C": 59.108401450589, "epsilon": 0.8759088722092174, "gamma": 0.13540656119674704, "lamda": 0.49356867926891845}, "datetime": {"datetime": "2021-09-23 11:49:34", "elapsed": 702.687738, "delta": 0.941998}}
{"target": 0.8869263353436885, "params": {"C": 75.01973312439775, "epsilon": 0.9638766794351867, "gamma": 0.12390838467633175, "lamda": 0.5164359819139215}, "datetime": {"datetime": "2021-09-23 11:49:35", "elapsed": 703.633518, "delta": 0.94578}}
{"target": 0.8697267046065578, "params": {"C": 58.50994879526667, "epsilon": 0.9754369842589586, "gamma": 0.16242028341925124, "lamda": 0.24538417897530196}, "datetime": {"datetime": "2021-09-23 11:49:36", "elapsed": 704.557756, "delta": 0.924238}}
{"target": 0.8802151683916716, "params": {"C": 93.95591815267531, "epsilon": 0.2457099292131536, "gamma": 0.14506972405166826, "lamda": 0.10588101230380698}, "datetime": {"datetime": "2021-09-23 11:49:37", "elapsed": 705.496352, "delta": 0.938596}}
{"target": 0.8697467316566433, "params": {"C": 98.44734122796767, "epsilon": 0.07142101348532577, "gamma": 0.16455226365555764, "lamda": 0.259897965844405}, "datetime": {"datetime": "2021-09-23 11:49:38", "elapsed": 706.803294, "delta": 1.306942}}
{"target": -3.4079295884266685, "params": {"C": 59.35625695575709, "epsilon": 0.728779722114695, "gamma": 0.04448558586102555, "lamda": 0.35652817926341196}, "datetime": {"datetime": "2021-09-23 11:49:48", "elapsed": 717.223219, "delta": 10.419925}}
{"target": 0.9058790745810549, "params": {"C": 59.16408040896299, "epsilon": 0.4416604616731182, "gamma": 0.06899815000485726, "lamda": 0.21175811149437795}, "datetime": {"datetime": "2021-09-23 11:49:50", "elapsed": 718.902665, "delta": 1.679446}}
{"target": 0.8775001781207469, "params": {"C": 59.33313645755581, "epsilon": 0.6221800155577307, "gamma": 0.1430519372549749, "lamda": 0.21144582412383664}, "datetime": {"datetime": "2021-09-23 11:49:51", "elapsed": 720.421413, "delta": 1.518748}}
{"target": 0.8592712759850948, "params": {"C": 92.45893291319845, "epsilon": 0.29127019583193847, "gamma": 0.1820577575223944, "lamda": 0.4279862006802668}, "datetime": {"datetime": "2021-09-23 11:49:53", "elapsed": 721.997392, "delta": 1.575979}}
