{"target": -23.982668131757094, "params": {"C": 35.922650949737616, "epsilon": 13.557839466299024, "gamma": 0.057162954111922286, "lamda": 1.020680493128069}, "datetime": {"datetime": "2021-09-15 15:13:32", "elapsed": 3188.187328, "delta": 11.830485}}
{"target": -18.226855953228682, "params": {"C": 21.54316066888503, "epsilon": 6.089380166016462, "gamma": 0.05537709598769937, "lamda": 2.5310825050332335}, "datetime": {"datetime": "2021-09-15 15:13:43", "elapsed": 3199.467771, "delta": 11.280443}}
{"target": -15.107028102660294, "params": {"C": 28.491818451977935, "epsilon": 6.805360340645135, "gamma": 0.19577443866754782, "lamda": 1.5279035533070815}, "datetime": {"datetime": "2021-09-15 15:14:01", "elapsed": 3217.358284, "delta": 17.890513}}
{"target": -14.63554004362941, "params": {"C": 19.23408611183718, "epsilon": 1.6841984475428262, "gamma": 0.1329243367124219, "lamda": 0.7133759728813585}, "datetime": {"datetime": "2021-09-15 15:14:22", "elapsed": 3238.037947, "delta": 20.679663}}
{"target": -16.0713831081651, "params": {"C": 16.96152307791141, "epsilon": 7.442828797165747, "gamma": 0.17023257908643702, "lamda": 3.1077351114932164}, "datetime": {"datetime": "2021-09-15 15:14:40", "elapsed": 3256.238949, "delta": 18.201002}}
{"target": -18.6872511874253, "params": {"C": 32.02165671886715, "epsilon": 7.171760529719093, "gamma": 0.021487481499884727, "lamda": 4.4395467205934445}, "datetime": {"datetime": "2021-09-15 15:14:52", "elapsed": 3267.751878, "delta": 11.512929}}
{"target": -19.9488364397704, "params": {"C": 37.84939031219758, "epsilon": 13.486942747699379, "gamma": 0.14449927201919824, "lamda": 2.5042794677293054}, "datetime": {"datetime": "2021-09-15 15:15:10", "elapsed": 3285.714585, "delta": 17.962707}}
{"target": -17.239333024533313, "params": {"C": 18.701431069647505, "epsilon": 12.126517378498706, "gamma": 0.18197874021169344, "lamda": 0.5350106740517804}, "datetime": {"datetime": "2021-09-15 15:15:27", "elapsed": 3303.432162, "delta": 17.717577}}
{"target": -11.574337208602563, "params": {"C": 22.909344817909282, "epsilon": 1.3811705683834694, "gamma": 0.23827515299755522, "lamda": 1.527528497325589}, "datetime": {"datetime": "2021-09-15 15:15:39", "elapsed": 3315.202048, "delta": 11.769886}}
{"target": -15.416390594228023, "params": {"C": 25.38616705688046, "epsilon": 7.833347389242806, "gamma": 0.18847380182611723, "lamda": 2.422883603695762}, "datetime": {"datetime": "2021-09-15 15:15:57", "elapsed": 3333.067319, "delta": 17.865271}}
{"target": -22.062492210933637, "params": {"C": 46.80251789344797, "epsilon": 11.714921754366515, "gamma": 0.07793886250253299, "lamda": 1.3894437827736958}, "datetime": {"datetime": "2021-09-15 15:16:16", "elapsed": 3351.695991, "delta": 18.628672}}
{"target": -11.313535753429006, "params": {"C": 47.63127314463898, "epsilon": 4.259047972062632, "gamma": 0.21358570702704177, "lamda": 4.441365882446762}, "datetime": {"datetime": "2021-09-15 15:16:27", "elapsed": 3363.120311, "delta": 11.42432}}
{"target": -15.59494034675147, "params": {"C": 36.19522998060173, "epsilon": 8.993960276326357, "gamma": 0.19558616734566472, "lamda": 4.938501686667771}, "datetime": {"datetime": "2021-09-15 15:16:46", "elapsed": 3381.50862, "delta": 18.388309}}
{"target": -13.398428726593309, "params": {"C": 17.222666567139854, "epsilon": 0.2122010054686978, "gamma": 0.18780642059916722, "lamda": 2.860160391190645}, "datetime": {"datetime": "2021-09-15 15:16:57", "elapsed": 3392.923572, "delta": 11.414952}}
{"target": -15.613603051936746, "params": {"C": 40.17826173675583, "epsilon": 4.077440663739883, "gamma": 0.09674023865071796, "lamda": 4.466857565989384}, "datetime": {"datetime": "2021-09-15 15:17:08", "elapsed": 3404.269279, "delta": 11.345707}}
{"target": -19.55413342896521, "params": {"C": 17.69945218419777, "epsilon": 2.3787670319031164, "gamma": 0.04658725829258827, "lamda": 2.158349570322519}, "datetime": {"datetime": "2021-09-15 15:17:24", "elapsed": 3420.284588, "delta": 16.015309}}
{"target": -9.845834286200635, "params": {"C": 44.48064309750403, "epsilon": 0.4777640910883503, "gamma": 0.0046813819238531226, "lamda": 4.846770676900187}, "datetime": {"datetime": "2021-09-15 15:17:36", "elapsed": 3431.846683, "delta": 11.562095}}
{"target": -13.473169284034247, "params": {"C": 43.290351957668534, "epsilon": 4.5460671275388185, "gamma": 0.2020006352211328, "lamda": 4.759905629935628}, "datetime": {"datetime": "2021-09-15 15:17:54", "elapsed": 3449.795099, "delta": 17.948416}}
{"target": -20.038440153887468, "params": {"C": 23.170521076437545, "epsilon": 0.8032468735153565, "gamma": 0.06839507661084354, "lamda": 1.019692241996094}, "datetime": {"datetime": "2021-09-15 15:18:11", "elapsed": 3467.44539, "delta": 17.650291}}
{"target": -17.186215701321103, "params": {"C": 41.792630366611014, "epsilon": 8.651327024268573, "gamma": 0.14529445243155717, "lamda": 0.987535709227116}, "datetime": {"datetime": "2021-09-15 15:18:29", "elapsed": 3485.470187, "delta": 18.024797}}
{"target": -22.330114916978236, "params": {"C": 26.95679077235821, "epsilon": 9.920688714638771, "gamma": 0.05590671343822476, "lamda": 1.0942694965034807}, "datetime": {"datetime": "2021-09-15 15:18:41", "elapsed": 3497.194523, "delta": 11.724336}}
{"target": -12.722669648906031, "params": {"C": 38.60188342325297, "epsilon": 3.5194573821776136, "gamma": 0.18429472293324803, "lamda": 2.425614629502855}, "datetime": {"datetime": "2021-09-15 15:18:52", "elapsed": 3508.412211, "delta": 11.217688}}
{"target": -16.832592623835836, "params": {"C": 24.981372950177718, "epsilon": 6.787438526527588, "gamma": 0.13180843841064152, "lamda": 4.772418816090433}, "datetime": {"datetime": "2021-09-15 15:19:11", "elapsed": 3526.665991, "delta": 18.25378}}
{"target": -11.47373167879403, "params": {"C": 47.3637201854254, "epsilon": 2.0808026641903776, "gamma": 0.24822234227695245, "lamda": 3.6845711725931434}, "datetime": {"datetime": "2021-09-15 15:19:26", "elapsed": 3541.770552, "delta": 15.104561}}
{"target": -20.151191043711876, "params": {"C": 25.335517366088844, "epsilon": 12.915380860280578, "gamma": 0.12985738874622507, "lamda": 2.5296819991745028}, "datetime": {"datetime": "2021-09-15 15:19:45", "elapsed": 3560.595691, "delta": 18.825139}}
{"target": -15.728509474280408, "params": {"C": 37.801399078740616, "epsilon": 2.434272934770133, "gamma": 0.015009962420901881, "lamda": 2.7364803027371165}, "datetime": {"datetime": "2021-09-15 15:20:02", "elapsed": 3577.737354, "delta": 17.141663}}
{"target": -15.127377911178167, "params": {"C": 16.139098025434805, "epsilon": 5.511996922636261, "gamma": 0.16345100393721096, "lamda": 4.092115587697608}, "datetime": {"datetime": "2021-09-15 15:20:20", "elapsed": 3595.993125, "delta": 18.255771}}
{"target": -15.407896576947905, "params": {"C": 15.237306401251319, "epsilon": 8.642457058599339, "gamma": 0.2052568090726893, "lamda": 4.523875918452892}, "datetime": {"datetime": "2021-09-15 15:20:39", "elapsed": 3614.706077, "delta": 18.712952}}
{"target": -17.162356460205544, "params": {"C": 24.450111895692388, "epsilon": 11.821333237907753, "gamma": 0.20186193011385956, "lamda": 3.6411030657203005}, "datetime": {"datetime": "2021-09-15 15:20:57", "elapsed": 3633.044923, "delta": 18.338846}}
{"target": -13.193141779970382, "params": {"C": 16.65871085592625, "epsilon": 5.37531162841718, "gamma": 0.21613705435478164, "lamda": 1.6688458221354172}, "datetime": {"datetime": "2021-09-15 15:21:15", "elapsed": 3651.122422, "delta": 18.077499}}
{"target": -17.376355444748445, "params": {"C": 30.776586566482454, "epsilon": 12.581560072927514, "gamma": 0.21442209959863764, "lamda": 1.2295282542062296}, "datetime": {"datetime": "2021-09-15 15:21:33", "elapsed": 3668.889446, "delta": 17.767024}}
{"target": -16.7432233112316, "params": {"C": 48.1339689660805, "epsilon": 4.862525348966391, "gamma": 0.09707099397426396, "lamda": 0.9202287027363367}, "datetime": {"datetime": "2021-09-15 15:21:44", "elapsed": 3680.343566, "delta": 11.45412}}
{"target": -20.366832390126362, "params": {"C": 32.25538594529236, "epsilon": 8.48646747710618, "gamma": 0.08344100128934878, "lamda": 0.6540894026886555}, "datetime": {"datetime": "2021-09-15 15:22:03", "elapsed": 3699.177533, "delta": 18.833967}}
{"target": -16.409177812274297, "params": {"C": 41.54270339510697, "epsilon": 11.604431126187677, "gamma": 0.2200150502838097, "lamda": 1.2478282800421234}, "datetime": {"datetime": "2021-09-15 15:22:21", "elapsed": 3717.233164, "delta": 18.055631}}
{"target": -17.857769967296075, "params": {"C": 34.17440792229657, "epsilon": 7.115113545069565, "gamma": 0.13608781094165873, "lamda": 0.9222010138998582}, "datetime": {"datetime": "2021-09-15 15:22:39", "elapsed": 3735.076285, "delta": 17.843121}}
{"target": -19.037242369158278, "params": {"C": 21.726603668575507, "epsilon": 7.58551585991643, "gamma": 0.10271123100516172, "lamda": 1.0960294318129264}, "datetime": {"datetime": "2021-09-15 15:22:58", "elapsed": 3754.129364, "delta": 19.053079}}
{"target": -24.488509092973242, "params": {"C": 32.29300620747142, "epsilon": 14.635188724045776, "gamma": 0.04287276016918735, "lamda": 2.0560056062519334}, "datetime": {"datetime": "2021-09-15 15:23:17", "elapsed": 3773.412273, "delta": 19.282909}}
{"target": -22.192870554186033, "params": {"C": 21.17281957367899, "epsilon": 10.3054533875838, "gamma": 0.05405118836647492, "lamda": 3.888429313693993}, "datetime": {"datetime": "2021-09-15 15:23:36", "elapsed": 3792.42278, "delta": 19.010507}}
{"target": -22.90228580851143, "params": {"C": 43.012940978516, "epsilon": 13.185991720506314, "gamma": 0.07861583618407417, "lamda": 1.8949023017035778}, "datetime": {"datetime": "2021-09-15 15:23:55", "elapsed": 3811.277249, "delta": 18.854469}}
{"target": -19.71456592136636, "params": {"C": 24.38424458516612, "epsilon": 12.218007017355104, "gamma": 0.13275251180294625, "lamda": 3.7462578807751115}, "datetime": {"datetime": "2021-09-15 15:24:14", "elapsed": 3829.803664, "delta": 18.526415}}
{"target": -19.164372427762043, "params": {"C": 26.952045219927662, "epsilon": 12.25355393559475, "gamma": 0.13435175977396355, "lamda": 0.9938015166009639}, "datetime": {"datetime": "2021-09-15 15:24:32", "elapsed": 3848.234413, "delta": 18.430749}}
{"target": -12.796542112928696, "params": {"C": 37.55191338702629, "epsilon": 1.165342711278774, "gamma": 0.20760434894449517, "lamda": 3.493423052812933}, "datetime": {"datetime": "2021-09-15 15:24:44", "elapsed": 3859.522162, "delta": 11.287749}}
{"target": -13.89108703321221, "params": {"C": 23.895388447265212, "epsilon": 2.7891896240885634, "gamma": 0.1861918917954325, "lamda": 3.6334608240928135}, "datetime": {"datetime": "2021-09-15 15:25:02", "elapsed": 3877.921819, "delta": 18.399657}}
{"target": -19.502142280589183, "params": {"C": 18.03377902706613, "epsilon": 11.546241129637448, "gamma": 0.023544482682676636, "lamda": 2.555592160220299}, "datetime": {"datetime": "2021-09-15 15:25:13", "elapsed": 3889.486467, "delta": 11.564648}}
{"target": -18.175274622706564, "params": {"C": 26.60566727123727, "epsilon": 8.125540890150342, "gamma": 0.11875470943850033, "lamda": 0.5112741436081949}, "datetime": {"datetime": "2021-09-15 15:25:32", "elapsed": 3907.603223, "delta": 18.116756}}
{"target": -20.00261681058346, "params": {"C": 40.83601748460087, "epsilon": 1.2741563524329278, "gamma": 0.036144570043009014, "lamda": 2.2015111739053412}, "datetime": {"datetime": "2021-09-15 15:25:43", "elapsed": 3919.246565, "delta": 11.643342}}
{"target": -20.502404738448558, "params": {"C": 29.79728309123572, "epsilon": 0.4255431483486944, "gamma": 0.06018950536589696, "lamda": 3.438230853085251}, "datetime": {"datetime": "2021-09-15 15:26:02", "elapsed": 3937.532545, "delta": 18.28598}}
{"target": -19.17012241639147, "params": {"C": 40.4092632779914, "epsilon": 5.19964071123644, "gamma": 0.07527185123260435, "lamda": 4.085658790317831}, "datetime": {"datetime": "2021-09-15 15:26:19", "elapsed": 3955.273353, "delta": 17.740808}}
{"target": -15.20059369021019, "params": {"C": 37.389722279573945, "epsilon": 4.227124826357739, "gamma": 0.09251380660647887, "lamda": 3.8581982740016487}, "datetime": {"datetime": "2021-09-15 15:26:31", "elapsed": 3967.160557, "delta": 11.887204}}
{"target": -13.272710828481108, "params": {"C": 22.18563650191041, "epsilon": 6.8764228809545225, "gamma": 0.24711620065095075, "lamda": 4.718678743949902}, "datetime": {"datetime": "2021-09-15 15:26:49", "elapsed": 3985.315045, "delta": 18.154488}}
{"target": -18.11826433671506, "params": {"C": 20.14134017581953, "epsilon": 14.734645696235386, "gamma": 0.2229167358994117, "lamda": 2.157571992603367}, "datetime": {"datetime": "2021-09-15 15:27:08", "elapsed": 4003.745298, "delta": 18.430253}}
{"target": -17.263557307072933, "params": {"C": 29.41331242636449, "epsilon": 12.03484514770143, "gamma": 0.2168131539279723, "lamda": 1.360403296790793}, "datetime": {"datetime": "2021-09-15 15:27:26", "elapsed": 4022.476081, "delta": 18.730783}}
{"target": -18.230823600458404, "params": {"C": 34.51285404778507, "epsilon": 12.108487428322947, "gamma": 0.19264423558471014, "lamda": 2.948894637340345}, "datetime": {"datetime": "2021-09-15 15:27:45", "elapsed": 4040.810544, "delta": 18.334463}}
{"target": -17.836913099180432, "params": {"C": 27.561225530837586, "epsilon": 10.88247530558823, "gamma": 0.1641024011127471, "lamda": 0.6662946109935588}, "datetime": {"datetime": "2021-09-15 15:28:03", "elapsed": 4059.230425, "delta": 18.419881}}
{"target": -17.84683474108103, "params": {"C": 25.99079006472225, "epsilon": 8.291088634355983, "gamma": 0.13325728678362259, "lamda": 3.0765350285101256}, "datetime": {"datetime": "2021-09-15 15:28:21", "elapsed": 4076.74482, "delta": 17.514395}}
{"target": -22.30236342617829, "params": {"C": 31.764338606555928, "epsilon": 11.465636210363174, "gamma": 0.03313980563758657, "lamda": 1.4074053790991734}, "datetime": {"datetime": "2021-09-15 15:28:32", "elapsed": 4088.2953, "delta": 11.55048}}
{"target": -2.495762151972082, "params": {"C": 17.69359215198608, "epsilon": 3.695208273400667, "gamma": 0.1849998757935065, "lamda": 0.5104632861047599}, "datetime": {"datetime": "2021-09-15 15:28:34", "elapsed": 4089.83571, "delta": 1.54041}}
{"target": -21.041870431661312, "params": {"C": 25.57972306638127, "epsilon": 6.932195342285248, "gamma": 0.07352249935710137, "lamda": 3.8994868814943398}, "datetime": {"datetime": "2021-09-15 15:28:52", "elapsed": 4107.908618, "delta": 18.072908}}
{"target": -19.02419856469475, "params": {"C": 38.74277779969742, "epsilon": 7.028192522893514, "gamma": 0.09622216389434202, "lamda": 0.6155682821071667}, "datetime": {"datetime": "2021-09-15 15:29:05", "elapsed": 4120.495629, "delta": 12.587011}}
{"target": -14.594518592518781, "params": {"C": 47.73328812137993, "epsilon": 8.933903995267132, "gamma": 0.22638849090849444, "lamda": 0.8018831440631236}, "datetime": {"datetime": "2021-09-15 15:29:23", "elapsed": 4138.588187, "delta": 18.092558}}
{"target": -14.026590776959509, "params": {"C": 24.756286507874226, "epsilon": 1.7987928052696427, "gamma": 0.16174643826339652, "lamda": 1.5985427137243662}, "datetime": {"datetime": "2021-09-15 15:29:40", "elapsed": 4156.13477, "delta": 17.546583}}
{"target": -22.197950777031163, "params": {"C": 48.55299754022737, "epsilon": 11.154015262519366, "gamma": 0.06815853324223832, "lamda": 3.7936914542630786}, "datetime": {"datetime": "2021-09-15 15:29:59", "elapsed": 4174.727061, "delta": 18.592291}}
{"target": -22.199578381549287, "params": {"C": 42.22880025383917, "epsilon": 8.08786675337671, "gamma": 0.0486044730158141, "lamda": 3.1309414756166705}, "datetime": {"datetime": "2021-09-15 15:30:12", "elapsed": 4187.632385, "delta": 12.905324}}
{"target": -18.273948356964627, "params": {"C": 16.12104231008975, "epsilon": 14.716856897380147, "gamma": 0.23989111059443852, "lamda": 1.0695432521642876}, "datetime": {"datetime": "2021-09-15 15:30:30", "elapsed": 4205.829687, "delta": 18.197302}}
{"target": -21.10824322003053, "params": {"C": 32.68827817716228, "epsilon": 6.998500208090443, "gamma": 0.03888144328983041, "lamda": 3.2014160063089334}, "datetime": {"datetime": "2021-09-15 15:30:42", "elapsed": 4217.902276, "delta": 12.072589}}
{"target": -15.010008374433543, "params": {"C": 18.295566656792428, "epsilon": 8.293870747962963, "gamma": 0.18015851005082956, "lamda": 4.2477719710409065}, "datetime": {"datetime": "2021-09-15 15:31:00", "elapsed": 4236.483817, "delta": 18.581541}}
{"target": -12.92234371498183, "params": {"C": 45.955996953234475, "epsilon": 2.0142027852815705, "gamma": 0.21916233487740608, "lamda": 4.258837040483206}, "datetime": {"datetime": "2021-09-15 15:31:20", "elapsed": 4255.807495, "delta": 19.323678}}
{"target": -20.774930422046683, "params": {"C": 41.59158838738502, "epsilon": 0.4238383092382039, "gamma": 0.0563575014260463, "lamda": 0.6326258635514269}, "datetime": {"datetime": "2021-09-15 15:31:32", "elapsed": 4267.624962, "delta": 11.817467}}
{"target": -19.69994147635445, "params": {"C": 20.618313860652425, "epsilon": 9.268579957334637, "gamma": 0.11958280568896222, "lamda": 3.083027150015007}, "datetime": {"datetime": "2021-09-15 15:31:50", "elapsed": 4286.38785, "delta": 18.762888}}
{"target": -22.511489543574417, "params": {"C": 20.712920036823405, "epsilon": 11.689134440358806, "gamma": 0.061157073444180796, "lamda": 2.5955702411845385}, "datetime": {"datetime": "2021-09-15 15:32:09", "elapsed": 4304.991668, "delta": 18.603818}}
{"target": -21.240912795217383, "params": {"C": 26.068760338636267, "epsilon": 14.05576394413219, "gamma": 0.11925429263261274, "lamda": 3.462725303168766}, "datetime": {"datetime": "2021-09-15 15:32:28", "elapsed": 4323.700055, "delta": 18.708387}}
{"target": -20.04900202934713, "params": {"C": 23.795209712643675, "epsilon": 3.2968814108692746, "gamma": 0.08949911935848735, "lamda": 1.5403511933430833}, "datetime": {"datetime": "2021-09-15 15:32:46", "elapsed": 4342.133462, "delta": 18.433407}}
{"target": -20.891386601137427, "params": {"C": 15.732911100528225, "epsilon": 13.064300703552624, "gamma": 0.11558164272362062, "lamda": 1.067474214223766}, "datetime": {"datetime": "2021-09-15 15:33:05", "elapsed": 4360.726329, "delta": 18.592867}}
{"target": -22.50969678144885, "params": {"C": 25.80338251515626, "epsilon": 9.46060547090423, "gamma": 0.04923550962548659, "lamda": 4.7871631929695555}, "datetime": {"datetime": "2021-09-15 15:33:24", "elapsed": 4379.666068, "delta": 18.939739}}
{"target": -22.103506324767533, "params": {"C": 40.33807171472331, "epsilon": 12.63923368160181, "gamma": 0.10259349615131429, "lamda": 2.0933808781410166}, "datetime": {"datetime": "2021-09-15 15:33:42", "elapsed": 4398.156167, "delta": 18.490099}}
{"target": -17.920050283144548, "params": {"C": 32.87353034850196, "epsilon": 5.8882337743073, "gamma": 0.11150444553708956, "lamda": 4.0482762658053515}, "datetime": {"datetime": "2021-09-15 15:34:01", "elapsed": 4416.580336, "delta": 18.424169}}
{"target": -20.520109377984557, "params": {"C": 17.82882143352445, "epsilon": 9.65939705664212, "gamma": 0.09894608284716794, "lamda": 2.627446947047596}, "datetime": {"datetime": "2021-09-15 15:34:20", "elapsed": 4435.543136, "delta": 18.9628}}
{"target": -16.950190965471435, "params": {"C": 45.495293076901774, "epsilon": 13.101708883153504, "gamma": 0.22611516793105446, "lamda": 1.0646859478869124}, "datetime": {"datetime": "2021-09-15 15:34:37", "elapsed": 4453.447564, "delta": 17.904428}}
{"target": -19.669171979054656, "params": {"C": 23.578721018127563, "epsilon": 0.3960074941686665, "gamma": 0.07886360778947549, "lamda": 0.7159439761209303}, "datetime": {"datetime": "2021-09-15 15:34:56", "elapsed": 4471.793826, "delta": 18.346262}}
{"target": -12.314347744269034, "params": {"C": 44.976303067667764, "epsilon": 3.996481426756737, "gamma": 0.2494266988439518, "lamda": 4.063898568591934}, "datetime": {"datetime": "2021-09-15 15:35:14", "elapsed": 4490.106999, "delta": 18.313173}}
{"target": -2.43677770622311, "params": {"C": 30.086591616222236, "epsilon": 3.9558207578581173, "gamma": 0.23561369016883071, "lamda": 0.5203850097485161}, "datetime": {"datetime": "2021-09-15 15:35:15", "elapsed": 4491.487778, "delta": 1.380779}}
{"target": -21.365298480106787, "params": {"C": 34.75595006652381, "epsilon": 5.904339119324958, "gamma": 0.05966726490221246, "lamda": 3.4789303960477476}, "datetime": {"datetime": "2021-09-15 15:35:35", "elapsed": 4510.822256, "delta": 19.334478}}
{"target": -19.27269421076263, "params": {"C": 34.53340405233445, "epsilon": 6.838835159378071, "gamma": 0.057342407351120436, "lamda": 2.0037048317244492}, "datetime": {"datetime": "2021-09-15 15:35:46", "elapsed": 4522.388473, "delta": 11.566217}}
{"target": -16.964275981282988, "params": {"C": 33.687462988437076, "epsilon": 1.785983358817953, "gamma": 0.11927688836929563, "lamda": 1.930814041215825}, "datetime": {"datetime": "2021-09-15 15:36:06", "elapsed": 4542.252624, "delta": 19.864151}}
{"target": -19.686720991384302, "params": {"C": 47.21374464436663, "epsilon": 1.9018452988251064, "gamma": 0.0855921806340206, "lamda": 4.182344500397134}, "datetime": {"datetime": "2021-09-15 15:36:18", "elapsed": 4553.844706, "delta": 11.592082}}
{"target": -22.725890753499566, "params": {"C": 36.78109172757152, "epsilon": 12.357883050220876, "gamma": 0.0849476319041864, "lamda": 1.9289307685125803}, "datetime": {"datetime": "2021-09-15 15:36:36", "elapsed": 4572.081061, "delta": 18.236355}}
{"target": -16.89266235247905, "params": {"C": 44.73444942899407, "epsilon": 14.61516378601539, "gamma": 0.0181914670503077, "lamda": 1.4194793800853185}, "datetime": {"datetime": "2021-09-15 15:36:47", "elapsed": 4583.279383, "delta": 11.198322}}
{"target": -16.465270583489403, "params": {"C": 19.947567589243967, "epsilon": 2.4110955969872006, "gamma": 0.13106671692167648, "lamda": 3.047471672684594}, "datetime": {"datetime": "2021-09-15 15:37:06", "elapsed": 4602.314735, "delta": 19.035352}}
