{"target": -18.27564568679254, "params": {"C": 54.180705652076796, "epsilon": 12.145588112903269, "gamma": 0.05280773877190468, "lamda": 0.2021109816394544}, "datetime": {"datetime": "2021-09-17 07:49:20", "elapsed": 93.236854, "delta": 21.491693}}
{"target": -21.896387899692424, "params": {"C": 62.6163805108618, "epsilon": 16.650877332913375, "gamma": 0.05626848356318486, "lamda": 0.6938610025909675}, "datetime": {"datetime": "2021-09-17 07:49:43", "elapsed": 116.029236, "delta": 22.792382}}
{"target": -16.848262603096018, "params": {"C": 64.28056135051284, "epsilon": 15.84067329854232, "gamma": 0.05170088422739556, "lamda": 0.04385950931671795}, "datetime": {"datetime": "2021-09-17 07:50:01", "elapsed": 133.870481, "delta": 17.841245}}
{"target": -20.592326616972358, "params": {"C": 48.73626923042052, "epsilon": 15.659567537723545, "gamma": 0.051966936676661, "lamda": 0.4240020868800269}, "datetime": {"datetime": "2021-09-17 07:50:30", "elapsed": 162.970961, "delta": 29.10048}}
{"target": -17.78290912404715, "params": {"C": 66.07356966331105, "epsilon": 11.864818134703189, "gamma": 0.06383754227900948, "lamda": 0.31893805285103266}, "datetime": {"datetime": "2021-09-17 07:50:48", "elapsed": 180.806742, "delta": 17.835781}}
{"target": -20.50789023071775, "params": {"C": 60.10302040899484, "epsilon": 15.180882390871101, "gamma": 0.05036576554688384, "lamda": 0.7513935933702426}, "datetime": {"datetime": "2021-09-17 07:51:14", "elapsed": 207.440824, "delta": 26.634082}}
{"target": -2.0695958889220494, "params": {"C": 65.18957819792064, "epsilon": 15.020714023178163, "gamma": 0.05131485457995019, "lamda": 0.005}, "datetime": {"datetime": "2021-09-17 07:51:15", "elapsed": 208.653167, "delta": 1.212343}}
{"target": -2.04182812017191, "params": {"C": 65.59481734590842, "epsilon": 14.685840684931781, "gamma": 0.05101766838028165, "lamda": 0.005}, "datetime": {"datetime": "2021-09-17 07:51:16", "elapsed": 209.654862, "delta": 1.001695}}
{"target": -2.0452732550333437, "params": {"C": 66.13561667576607, "epsilon": 15.580048432485716, "gamma": 0.050712590455850824, "lamda": 0.005}, "datetime": {"datetime": "2021-09-17 07:51:17", "elapsed": 210.710283, "delta": 1.055421}}
{"target": -19.232918399656, "params": {"C": 65.85767459509078, "epsilon": 15.030292256804865, "gamma": 0.06156610681168561, "lamda": 0.8858814963632873}, "datetime": {"datetime": "2021-09-17 07:51:48", "elapsed": 241.163889, "delta": 30.453606}}
{"target": -2.0298356887092637, "params": {"C": 65.54314184006304, "epsilon": 15.658894915105641, "gamma": 0.05, "lamda": 0.005}, "datetime": {"datetime": "2021-09-17 07:51:49", "elapsed": 242.018158, "delta": 0.854269}}
{"target": -16.493432944919217, "params": {"C": 66.30902912366659, "epsilon": 16.95979671447283, "gamma": 0.051518150738173264, "lamda": 0.034607524364627676}, "datetime": {"datetime": "2021-09-17 07:52:07", "elapsed": 260.570377, "delta": 18.552219}}
{"target": -2.0294798274721235, "params": {"C": 64.84572958829335, "epsilon": 13.997852397348852, "gamma": 0.05, "lamda": 0.005}, "datetime": {"datetime": "2021-09-17 07:52:08", "elapsed": 261.651273, "delta": 1.080896}}
{"target": -1.9975626092397702, "params": {"C": 63.99311235528046, "epsilon": 13.161840327297103, "gamma": 0.05670260594577747, "lamda": 0.017209261313173085}, "datetime": {"datetime": "2021-09-17 07:52:09", "elapsed": 262.714591, "delta": 1.063318}}
{"target": -2.089869352943535, "params": {"C": 62.790705273222166, "epsilon": 12.319721228156212, "gamma": 0.05, "lamda": 0.005}, "datetime": {"datetime": "2021-09-17 07:52:11", "elapsed": 263.957888, "delta": 1.243297}}
{"target": -17.374862948551396, "params": {"C": 63.4561740036366, "epsilon": 11.845082046775556, "gamma": 0.07, "lamda": 1.0}, "datetime": {"datetime": "2021-09-17 07:52:39", "elapsed": 291.798126, "delta": 27.840238}}
{"target": -2.0988555060197074, "params": {"C": 62.73277342488407, "epsilon": 13.500459174676633, "gamma": 0.05, "lamda": 0.005}, "datetime": {"datetime": "2021-09-17 07:52:40", "elapsed": 292.897684, "delta": 1.099558}}
{"target": -2.116879235734699, "params": {"C": 61.403241243138645, "epsilon": 12.471459913437899, "gamma": 0.05, "lamda": 0.005}, "datetime": {"datetime": "2021-09-17 07:52:41", "elapsed": 294.080894, "delta": 1.18321}}
{"target": -2.102553945403937, "params": {"C": 60.95908633688415, "epsilon": 10.818110938139586, "gamma": 0.05, "lamda": 0.005}, "datetime": {"datetime": "2021-09-17 07:52:42", "elapsed": 295.274452, "delta": 1.193558}}
{"target": -2.074458204494145, "params": {"C": 59.396472731806085, "epsilon": 11.426885806732196, "gamma": 0.07, "lamda": 0.005}, "datetime": {"datetime": "2021-09-17 07:52:43", "elapsed": 296.359827, "delta": 1.085375}}
{"target": -2.0951911508689456, "params": {"C": 59.38039623885733, "epsilon": 9.541380501778994, "gamma": 0.05, "lamda": 0.005}, "datetime": {"datetime": "2021-09-17 07:52:45", "elapsed": 297.840292, "delta": 1.480465}}
{"target": -16.12284409341903, "params": {"C": 58.01122930341546, "epsilon": 10.292024835541472, "gamma": 0.07, "lamda": 1.0}, "datetime": {"datetime": "2021-09-17 07:53:14", "elapsed": 326.915561, "delta": 29.075269}}
{"target": -2.0838633012363488, "params": {"C": 60.881765859041245, "epsilon": 8.637608153073266, "gamma": 0.05, "lamda": 0.005}, "datetime": {"datetime": "2021-09-17 07:53:15", "elapsed": 327.945642, "delta": 1.030081}}
{"target": -2.076792113257119, "params": {"C": 59.463348958615704, "epsilon": 7.348532871750591, "gamma": 0.05, "lamda": 0.005}, "datetime": {"datetime": "2021-09-17 07:53:16", "elapsed": 329.152315, "delta": 1.206673}}
{"target": -15.463662267867264, "params": {"C": 61.34817811552287, "epsilon": 6.51253724623315, "gamma": 0.06609756581907716, "lamda": 0.533529866457133}, "datetime": {"datetime": "2021-09-17 07:53:33", "elapsed": 346.770662, "delta": 17.618347}}
{"target": -2.0869275451777693, "params": {"C": 57.61477687845075, "epsilon": 6.752407598670919, "gamma": 0.05, "lamda": 0.005}, "datetime": {"datetime": "2021-09-17 07:53:34", "elapsed": 347.596005, "delta": 0.825343}}
{"target": -15.141568934697219, "params": {"C": 55.637828470892664, "epsilon": 6.0, "gamma": 0.05, "lamda": 0.005}, "datetime": {"datetime": "2021-09-17 07:53:53", "elapsed": 366.068448, "delta": 18.472443}}
{"target": -13.42254521756469, "params": {"C": 58.5267694705113, "epsilon": 6.062056844874457, "gamma": 0.06303110164148412, "lamda": 0.9435482978074126}, "datetime": {"datetime": "2021-09-17 07:54:10", "elapsed": 383.299704, "delta": 17.231256}}
{"target": -1.9952607703778262, "params": {"C": 58.34966906654012, "epsilon": 8.06946098181744, "gamma": 0.0626753675524931, "lamda": 0.10046158751945056}, "datetime": {"datetime": "2021-09-17 07:54:11", "elapsed": 384.247328, "delta": 0.947624}}
{"target": -16.60134445176047, "params": {"C": 60.63644420541851, "epsilon": 9.500074576225138, "gamma": 0.06334358185643431, "lamda": 0.9667613322361304}, "datetime": {"datetime": "2021-09-17 07:54:38", "elapsed": 411.262928, "delta": 27.0156}}
{"target": -2.084834732490531, "params": {"C": 59.670529510358435, "epsilon": 8.409154203372156, "gamma": 0.05, "lamda": 0.005}, "datetime": {"datetime": "2021-09-17 07:54:39", "elapsed": 412.393542, "delta": 1.130614}}
{"target": -15.032943082721719, "params": {"C": 56.83588506002194, "epsilon": 8.2480838136794, "gamma": 0.06715034264387269, "lamda": 0.032839282808774954}, "datetime": {"datetime": "2021-09-17 07:55:02", "elapsed": 434.993818, "delta": 22.600276}}
{"target": -17.41660521399071, "params": {"C": 60.26030592626234, "epsilon": 12.000355851157025, "gamma": 0.06517479858158232, "lamda": 0.8335843637125078}, "datetime": {"datetime": "2021-09-17 07:55:30", "elapsed": 462.931141, "delta": 27.937323}}
{"target": -2.0247151049459275, "params": {"C": 62.57323775539318, "epsilon": 8.780758009845108, "gamma": 0.05551649663509133, "lamda": 0.02697143835676616}, "datetime": {"datetime": "2021-09-17 07:55:31", "elapsed": 463.921726, "delta": 0.990585}}
{"target": -2.0242198719491316, "params": {"C": 64.04359526117382, "epsilon": 8.128674796733051, "gamma": 0.05, "lamda": 0.005}, "datetime": {"datetime": "2021-09-17 07:55:32", "elapsed": 464.9356, "delta": 1.013874}}
{"target": -15.705347636333224, "params": {"C": 65.22280457832325, "epsilon": 7.288664773557887, "gamma": 0.06645908274726098, "lamda": 0.8784961947536368}, "datetime": {"datetime": "2021-09-17 07:56:01", "elapsed": 494.234929, "delta": 29.299329}}
{"target": -2.0386152909664355, "params": {"C": 63.82409410890987, "epsilon": 9.397541307802756, "gamma": 0.05, "lamda": 0.005}, "datetime": {"datetime": "2021-09-17 07:56:02", "elapsed": 495.331023, "delta": 1.096094}}
{"target": -2.0783925141370703, "params": {"C": 62.05997608375431, "epsilon": 10.43318844394884, "gamma": 0.054177246577839254, "lamda": 0.04682509465925428}, "datetime": {"datetime": "2021-09-17 07:56:03", "elapsed": 496.649096, "delta": 1.318073}}
{"target": -18.896044299130256, "params": {"C": 45.0, "epsilon": 11.474317244275003, "gamma": 0.05, "lamda": 1.0}, "datetime": {"datetime": "2021-09-17 07:56:31", "elapsed": 524.019865, "delta": 27.370769}}
{"target": -20.806918142106014, "params": {"C": 45.0, "epsilon": 17.0, "gamma": 0.07, "lamda": 1.0}, "datetime": {"datetime": "2021-09-17 07:56:58", "elapsed": 551.48018, "delta": 27.460315}}
{"target": -2.0275757777209606, "params": {"C": 49.80417026532271, "epsilon": 10.76917549907011, "gamma": 0.07, "lamda": 0.005}, "datetime": {"datetime": "2021-09-17 07:56:59", "elapsed": 552.567543, "delta": 1.087363}}
{"target": -17.84034320666341, "params": {"C": 50.90146097242257, "epsilon": 9.512612100828523, "gamma": 0.051341990628655874, "lamda": 0.11716261587033555}, "datetime": {"datetime": "2021-09-17 07:57:15", "elapsed": 568.48753, "delta": 15.919987}}
{"target": -2.0311773631866212, "params": {"C": 48.7784694551276, "epsilon": 11.707751057068265, "gamma": 0.07, "lamda": 0.005}, "datetime": {"datetime": "2021-09-17 07:57:16", "elapsed": 569.535164, "delta": 1.047634}}
{"target": -17.752789039031185, "params": {"C": 49.87835938291627, "epsilon": 11.885178242483397, "gamma": 0.07, "lamda": 1.0}, "datetime": {"datetime": "2021-09-17 07:57:40", "elapsed": 593.29002, "delta": 23.754856}}
{"target": -2.0296061070181763, "params": {"C": 48.47258547336477, "epsilon": 10.419111167783349, "gamma": 0.07, "lamda": 0.005}, "datetime": {"datetime": "2021-09-17 07:57:41", "elapsed": 594.333448, "delta": 1.043428}}
{"target": -17.139526200839185, "params": {"C": 63.46297674982948, "epsilon": 8.699372788686434, "gamma": 0.05, "lamda": 1.0}, "datetime": {"datetime": "2021-09-17 07:58:06", "elapsed": 618.968115, "delta": 24.634667}}
{"target": -1.9854988962802387, "params": {"C": 47.511096467191265, "epsilon": 11.466556126700075, "gamma": 0.07, "lamda": 0.005}, "datetime": {"datetime": "2021-09-17 07:58:07", "elapsed": 620.13728, "delta": 1.169165}}
{"target": -1.9826019057660875, "params": {"C": 47.56963573168283, "epsilon": 12.868566385399482, "gamma": 0.07, "lamda": 0.005}, "datetime": {"datetime": "2021-09-17 07:58:08", "elapsed": 621.165682, "delta": 1.028402}}
{"target": -17.878584864402026, "params": {"C": 47.73012603776894, "epsilon": 12.240309465146705, "gamma": 0.05880517143540377, "lamda": 0.9048537111459847}, "datetime": {"datetime": "2021-09-17 07:58:32", "elapsed": 645.013193, "delta": 23.847511}}
{"target": -2.086416282147846, "params": {"C": 61.89950957708776, "epsilon": 11.539082407152815, "gamma": 0.05, "lamda": 0.005}, "datetime": {"datetime": "2021-09-17 07:58:33", "elapsed": 646.112808, "delta": 1.099615}}
{"target": -2.019728824574158, "params": {"C": 46.24596543000152, "epsilon": 13.737402734073987, "gamma": 0.06010260642519204, "lamda": 0.03002129910572242}, "datetime": {"datetime": "2021-09-17 07:58:34", "elapsed": 647.09839, "delta": 0.985582}}
{"target": -16.126523405194337, "params": {"C": 47.32653133176993, "epsilon": 14.088432414575504, "gamma": 0.0522530955532569, "lamda": 0.02350880247141673}, "datetime": {"datetime": "2021-09-17 07:58:50", "elapsed": 663.596945, "delta": 16.498555}}
{"target": -1.9868567230378045, "params": {"C": 46.43483092139406, "epsilon": 12.643699225419834, "gamma": 0.07, "lamda": 0.005}, "datetime": {"datetime": "2021-09-17 07:58:51", "elapsed": 664.615762, "delta": 1.018817}}
{"target": -1.9887850554718058, "params": {"C": 45.08431413354793, "epsilon": 13.727571963100758, "gamma": 0.06930890594208129, "lamda": 0.07037234671860962}, "datetime": {"datetime": "2021-09-17 07:58:52", "elapsed": 665.695199, "delta": 1.079437}}
{"target": -1.9904536692443435, "params": {"C": 47.09765294255965, "epsilon": 9.693334144317475, "gamma": 0.06997526059795928, "lamda": 0.03472147771370459}, "datetime": {"datetime": "2021-09-17 07:58:54", "elapsed": 666.840047, "delta": 1.144848}}
{"target": -2.0228184144284094, "params": {"C": 65.12112801610911, "epsilon": 9.136843841291176, "gamma": 0.05, "lamda": 0.005}, "datetime": {"datetime": "2021-09-17 07:58:55", "elapsed": 668.001758, "delta": 1.161711}}
{"target": -15.38571628363669, "params": {"C": 45.77579645327086, "epsilon": 8.817581407736533, "gamma": 0.06790488670644806, "lamda": 0.19034805365653498}, "datetime": {"datetime": "2021-09-17 07:59:12", "elapsed": 685.120035, "delta": 17.118277}}
{"target": -15.919079458497537, "params": {"C": 47.90376641589939, "epsilon": 9.575863666235389, "gamma": 0.07, "lamda": 1.0}, "datetime": {"datetime": "2021-09-17 07:59:39", "elapsed": 712.232862, "delta": 27.112827}}
{"target": -1.988930265768798, "params": {"C": 46.70711838257124, "epsilon": 10.517632920828156, "gamma": 0.06863394236712089, "lamda": 0.017867179849835376}, "datetime": {"datetime": "2021-09-17 07:59:40", "elapsed": 713.276438, "delta": 1.043576}}
{"target": -2.0179531824178554, "params": {"C": 66.95508441718279, "epsilon": 9.018764479660142, "gamma": 0.05, "lamda": 0.005}, "datetime": {"datetime": "2021-09-17 07:59:41", "elapsed": 714.500611, "delta": 1.224173}}
{"target": -17.323040475500235, "params": {"C": 66.38701280765764, "epsilon": 9.454274088590932, "gamma": 0.05090887939814932, "lamda": 0.9906712965302167}, "datetime": {"datetime": "2021-09-17 08:00:05", "elapsed": 738.258819, "delta": 23.758208}}
{"target": -2.016429528022464, "params": {"C": 67.0, "epsilon": 7.840193607652518, "gamma": 0.05, "lamda": 0.005}, "datetime": {"datetime": "2021-09-17 08:00:06", "elapsed": 739.30579, "delta": 1.046971}}
{"target": -2.0142604477877275, "params": {"C": 67.0, "epsilon": 6.0, "gamma": 0.05, "lamda": 0.0050000000000000044}, "datetime": {"datetime": "2021-09-17 08:00:07", "elapsed": 740.304031, "delta": 0.998241}}
{"target": -19.205515728465336, "params": {"C": 58.13825254716226, "epsilon": 12.381838680577559, "gamma": 0.05, "lamda": 0.005}, "datetime": {"datetime": "2021-09-17 08:00:20", "elapsed": 753.335584, "delta": 13.031553}}
{"target": -18.340768433471897, "params": {"C": 45.52686638855975, "epsilon": 14.068684699427498, "gamma": 0.07, "lamda": 1.0}, "datetime": {"datetime": "2021-09-17 08:00:44", "elapsed": 776.862053, "delta": 23.526469}}
{"target": -16.16426939086249, "params": {"C": 59.085701962651264, "epsilon": 8.036047386912752, "gamma": 0.06225132187560774, "lamda": 0.9045219157774099}, "datetime": {"datetime": "2021-09-17 08:01:04", "elapsed": 797.504449, "delta": 20.642396}}
{"target": -14.91439131761316, "params": {"C": 59.77074210804769, "epsilon": 10.548309864566189, "gamma": 0.06365492066296419, "lamda": 0.07965553293821175}, "datetime": {"datetime": "2021-09-17 08:01:20", "elapsed": 813.457859, "delta": 15.95341}}
{"target": -18.449104886722896, "params": {"C": 47.514048880065374, "epsilon": 10.633780907154021, "gamma": 0.05018223320556134, "lamda": 0.08426491760852398}, "datetime": {"datetime": "2021-09-17 08:01:38", "elapsed": 831.317302, "delta": 17.859443}}
{"target": -1.9949950189583363, "params": {"C": 48.44474638843401, "epsilon": 10.419174048584082, "gamma": 0.06755657241774009, "lamda": 0.04545577917696469}, "datetime": {"datetime": "2021-09-17 08:01:39", "elapsed": 832.010903, "delta": 0.693601}}
{"target": -17.981575967812216, "params": {"C": 49.05898921143069, "epsilon": 10.956546729903469, "gamma": 0.05011331155086931, "lamda": 0.19501925723112237}, "datetime": {"datetime": "2021-09-17 08:01:52", "elapsed": 844.995957, "delta": 12.985054}}
{"target": -2.0203763083072763, "params": {"C": 62.773302508162416, "epsilon": 12.26143146800959, "gamma": 0.05584781596886286, "lamda": 0.031134395584712985}, "datetime": {"datetime": "2021-09-17 08:01:52", "elapsed": 845.750957, "delta": 0.755}}
{"target": -2.091002283897253, "params": {"C": 62.06083587394123, "epsilon": 12.24954015853533, "gamma": 0.05, "lamda": 0.005}, "datetime": {"datetime": "2021-09-17 08:01:53", "elapsed": 846.733959, "delta": 0.983002}}
{"target": -2.0242440994587296, "params": {"C": 64.38639403371964, "epsilon": 8.877802675929496, "gamma": 0.05, "lamda": 0.005}, "datetime": {"datetime": "2021-09-17 08:01:54", "elapsed": 847.775009, "delta": 1.04105}}
{"target": -15.122627403656278, "params": {"C": 57.53808628898962, "epsilon": 6.38313765974762, "gamma": 0.06677030625148422, "lamda": 0.5426386478999663}, "datetime": {"datetime": "2021-09-17 08:02:06", "elapsed": 859.34689, "delta": 11.571881}}
{"target": -16.78881190333917, "params": {"C": 61.58479971578342, "epsilon": 10.837417138561616, "gamma": 0.06696528734054709, "lamda": 0.3429825056751815}, "datetime": {"datetime": "2021-09-17 08:02:25", "elapsed": 878.168977, "delta": 18.822087}}
{"target": -19.051160709409512, "params": {"C": 65.97372737715565, "epsilon": 14.4280380084382, "gamma": 0.0699943744846696, "lamda": 0.3396892820210962}, "datetime": {"datetime": "2021-09-17 08:02:43", "elapsed": 896.311502, "delta": 18.142525}}
{"target": -1.9845842739407835, "params": {"C": 46.96384515877178, "epsilon": 12.883210867682509, "gamma": 0.07, "lamda": 0.005}, "datetime": {"datetime": "2021-09-17 08:02:44", "elapsed": 897.278136, "delta": 0.966634}}
{"target": -15.001736721693101, "params": {"C": 64.50456032707902, "epsilon": 9.465650038531361, "gamma": 0.053625120418131764, "lamda": 0.10494437986540679}, "datetime": {"datetime": "2021-09-17 08:03:02", "elapsed": 915.246595, "delta": 17.968459}}
{"target": -19.638747561217986, "params": {"C": 56.60059199915128, "epsilon": 14.888784337204804, "gamma": 0.06579999262073427, "lamda": 0.6450036068772851}, "datetime": {"datetime": "2021-09-17 08:03:21", "elapsed": 934.672407, "delta": 19.425812}}
{"target": -15.27568269841638, "params": {"C": 63.76487821914867, "epsilon": 8.59194512475695, "gamma": 0.05142905332344826, "lamda": 0.05987305110128016}, "datetime": {"datetime": "2021-09-17 08:03:34", "elapsed": 947.2339, "delta": 12.561493}}
{"target": -15.081599837211433, "params": {"C": 61.72397627468217, "epsilon": 12.048305686116121, "gamma": 0.05507812994627873, "lamda": 0.09651969882770578}, "datetime": {"datetime": "2021-09-17 08:03:53", "elapsed": 966.783764, "delta": 19.549864}}
{"target": -2.0733148390334777, "params": {"C": 62.47675145934775, "epsilon": 12.48071020475106, "gamma": 0.06662748534716925, "lamda": 0.03690208027166919}, "datetime": {"datetime": "2021-09-17 08:03:55", "elapsed": 967.873348, "delta": 1.089584}}
{"target": -20.57808571561029, "params": {"C": 65.64594558321807, "epsilon": 15.270883278851628, "gamma": 0.056885118116829426, "lamda": 0.05751105625385813}, "datetime": {"datetime": "2021-09-17 08:04:06", "elapsed": 979.398529, "delta": 11.525181}}
{"target": -18.654250153140545, "params": {"C": 58.2906396122802, "epsilon": 13.59069125610013, "gamma": 0.06304449185133101, "lamda": 0.41801854886293827}, "datetime": {"datetime": "2021-09-17 08:04:23", "elapsed": 995.991909, "delta": 16.59338}}
{"target": -1.9836165196206477, "params": {"C": 47.26867230175713, "epsilon": 12.844446751023414, "gamma": 0.07, "lamda": 0.005}, "datetime": {"datetime": "2021-09-17 08:04:24", "elapsed": 997.026602, "delta": 1.034693}}
{"target": -13.916851776820282, "params": {"C": 51.06461346783383, "epsilon": 10.32229159110648, "gamma": 0.061363412002472355, "lamda": 0.12403783385316854}, "datetime": {"datetime": "2021-09-17 08:04:34", "elapsed": 1007.382333, "delta": 10.355731}}
{"target": -18.642033715592003, "params": {"C": 62.44063094456257, "epsilon": 12.279203437327734, "gamma": 0.05474754783925018, "lamda": 0.3014892612657122}, "datetime": {"datetime": "2021-09-17 08:04:52", "elapsed": 1024.892179, "delta": 17.509846}}
{"target": -1.9730779963465934, "params": {"C": 46.754766679690086, "epsilon": 12.714435122196885, "gamma": 0.06885445239459047, "lamda": 0.07559238996945168}, "datetime": {"datetime": "2021-09-17 08:04:53", "elapsed": 1026.261875, "delta": 1.369696}}
{"target": -16.974939785265008, "params": {"C": 61.39404048783558, "epsilon": 7.298002292840099, "gamma": 0.05021576920767015, "lamda": 0.5917684152341471}, "datetime": {"datetime": "2021-09-17 08:05:11", "elapsed": 1044.557981, "delta": 18.296106}}
{"target": -2.0788074128221514, "params": {"C": 65.62601132659132, "epsilon": 15.930754368720347, "gamma": 0.06922322845862264, "lamda": 0.07332499912885057}, "datetime": {"datetime": "2021-09-17 08:05:13", "elapsed": 1046.021511, "delta": 1.46353}}
{"target": -2.1760769659979284, "params": {"C": 65.83124333829929, "epsilon": 15.74758174671058, "gamma": 0.06752732961318883, "lamda": 0.09069359994322329}, "datetime": {"datetime": "2021-09-17 08:05:14", "elapsed": 1047.701951, "delta": 1.68044}}
{"target": -19.10011616573011, "params": {"C": 65.33917053304815, "epsilon": 14.538334700292921, "gamma": 0.06217370052103156, "lamda": 0.1357255188991086}, "datetime": {"datetime": "2021-09-17 08:05:27", "elapsed": 1060.184746, "delta": 12.482795}}
{"target": -18.695373748608905, "params": {"C": 56.92932952152404, "epsilon": 12.896778314037912, "gamma": 0.059960039438798206, "lamda": 0.18676925459419635}, "datetime": {"datetime": "2021-09-17 08:05:46", "elapsed": 1079.776498, "delta": 19.591752}}
