{"target": -1.9845433700288064, "params": {"C": 57.72890642621169, "epsilon": 10.464579751588516, "gamma": 0.06144951145453828, "lamda": 0.041281124886856556}, "datetime": {"datetime": "2021-09-17 08:36:08", "elapsed": 333.654773, "delta": 0.8932}}
{"target": -1.982664766115277, "params": {"C": 58.82162195211574, "epsilon": 10.487911036523355, "gamma": 0.06113710970519163, "lamda": 0.0446860876870145}, "datetime": {"datetime": "2021-09-17 08:36:09", "elapsed": 334.790122, "delta": 1.135349}}
{"target": -1.9857153150736435, "params": {"C": 57.38183137523085, "epsilon": 10.095945442954202, "gamma": 0.06094165355773787, "lamda": 0.044605189652691946}, "datetime": {"datetime": "2021-09-17 08:36:10", "elapsed": 335.63371, "delta": 0.843588}}
{"target": -1.998332814354098, "params": {"C": 58.86564183521857, "epsilon": 10.371608604585711, "gamma": 0.061995424388110884, "lamda": 0.041504374725075406}, "datetime": {"datetime": "2021-09-17 08:36:11", "elapsed": 336.626707, "delta": 0.992997}}
{"target": -1.9986905908366366, "params": {"C": 58.73528675117857, "epsilon": 10.448318317296602, "gamma": 0.06257532264951345, "lamda": 0.04045587672465666}, "datetime": {"datetime": "2021-09-17 08:36:13", "elapsed": 338.014504, "delta": 1.387797}}
{"target": -1.9830828033294883, "params": {"C": 58.66556474643565, "epsilon": 10.510546299089256, "gamma": 0.06098438957320109, "lamda": 0.042609407959552995}, "datetime": {"datetime": "2021-09-17 08:36:13", "elapsed": 338.935136, "delta": 0.920632}}
{"target": -1.983260444711395, "params": {"C": 58.699470261127495, "epsilon": 10.480585880913146, "gamma": 0.06066281476133115, "lamda": 0.04154440818874031}, "datetime": {"datetime": "2021-09-17 08:36:14", "elapsed": 339.789958, "delta": 0.854822}}
{"target": -1.9985112040888162, "params": {"C": 58.866596802210545, "epsilon": 10.464480670164164, "gamma": 0.06219491928551004, "lamda": 0.04133895821638259}, "datetime": {"datetime": "2021-09-17 08:36:15", "elapsed": 340.786788, "delta": 0.99683}}
{"target": -1.9843627739466159, "params": {"C": 57.290465406502996, "epsilon": 10.22585460678631, "gamma": 0.06281453408720465, "lamda": 0.04296919036895758}, "datetime": {"datetime": "2021-09-17 08:36:16", "elapsed": 341.595046, "delta": 0.808258}}
{"target": -16.22456597255009, "params": {"C": 58.86674852843969, "epsilon": 10.510201436765916, "gamma": 0.0605850177145688, "lamda": 0.04048953571001043}, "datetime": {"datetime": "2021-09-17 08:36:29", "elapsed": 354.087595, "delta": 12.492549}}
{"target": -1.9833236245076522, "params": {"C": 58.843273953472185, "epsilon": 10.427841149475826, "gamma": 0.06019808657935242, "lamda": 0.04074911226316347}, "datetime": {"datetime": "2021-09-17 08:36:30", "elapsed": 355.100603, "delta": 1.013008}}
{"target": -1.9988189515028103, "params": {"C": 58.84725074941682, "epsilon": 10.630223091808594, "gamma": 0.0624847965685072, "lamda": 0.041752609608571245}, "datetime": {"datetime": "2021-09-17 08:36:30", "elapsed": 355.851159, "delta": 0.750556}}
{"target": -1.9673592878534871, "params": {"C": 59.58833752494083, "epsilon": 10.03475092381863, "gamma": 0.06115046897920478, "lamda": 0.04098896931399906}, "datetime": {"datetime": "2021-09-17 08:36:31", "elapsed": 356.771282, "delta": 0.920123}}
{"target": -1.96827498559377, "params": {"C": 58.50697276552732, "epsilon": 10.682652347436921, "gamma": 0.06152170262210079, "lamda": 0.044076163761155446}, "datetime": {"datetime": "2021-09-17 08:36:32", "elapsed": 357.749888, "delta": 0.978606}}
{"target": -1.9984161476940585, "params": {"C": 58.90591705797179, "epsilon": 10.446325415464825, "gamma": 0.062150678941509246, "lamda": 0.04487993496434894}, "datetime": {"datetime": "2021-09-17 08:36:33", "elapsed": 358.87205, "delta": 1.122162}}
{"target": -1.999579078433845, "params": {"C": 58.487793696867925, "epsilon": 10.727073918934003, "gamma": 0.06253835658387683, "lamda": 0.040822913303179026}, "datetime": {"datetime": "2021-09-17 08:36:34", "elapsed": 359.911148, "delta": 1.039098}}
{"target": -1.9835602979069271, "params": {"C": 58.537946126856404, "epsilon": 10.741112205315135, "gamma": 0.06067534622348462, "lamda": 0.0444942900394201}, "datetime": {"datetime": "2021-09-17 08:36:36", "elapsed": 361.125631, "delta": 1.214483}}
{"target": -1.9826219529971063, "params": {"C": 58.49543823192723, "epsilon": 10.771947133393592, "gamma": 0.062009849965568256, "lamda": 0.044940980979050776}, "datetime": {"datetime": "2021-09-17 08:36:37", "elapsed": 362.300138, "delta": 1.174507}}
{"target": -1.9827358912608861, "params": {"C": 58.914209871882846, "epsilon": 10.379652214717373, "gamma": 0.060812316003100504, "lamda": 0.04343412948247992}, "datetime": {"datetime": "2021-09-17 08:36:38", "elapsed": 363.396704, "delta": 1.096566}}
{"target": -1.9995545829702734, "params": {"C": 58.45415666232009, "epsilon": 10.691380494755947, "gamma": 0.06237691357806854, "lamda": 0.04157170927076064}, "datetime": {"datetime": "2021-09-17 08:36:39", "elapsed": 364.743525, "delta": 1.346821}}
{"target": -1.998295685591786, "params": {"C": 58.93986958736033, "epsilon": 10.415922533080565, "gamma": 0.06257228589787305, "lamda": 0.04499925241954096}, "datetime": {"datetime": "2021-09-17 08:36:40", "elapsed": 365.858358, "delta": 1.114833}}
{"target": -1.9834153408865076, "params": {"C": 58.470967094963775, "epsilon": 10.645374921920883, "gamma": 0.061040194910443636, "lamda": 0.04495950439666756}, "datetime": {"datetime": "2021-09-17 08:36:41", "elapsed": 366.926669, "delta": 1.068311}}
{"target": -1.9961365955952646, "params": {"C": 60.21950547248852, "epsilon": 10.312957707126643, "gamma": 0.061128040759746774, "lamda": 0.041300953077562874}, "datetime": {"datetime": "2021-09-17 08:36:42", "elapsed": 367.786659, "delta": 0.85999}}
{"target": -1.9995367634864838, "params": {"C": 58.4550641080577, "epsilon": 10.692522446696026, "gamma": 0.06230579024000411, "lamda": 0.0420758234663618}, "datetime": {"datetime": "2021-09-17 08:36:43", "elapsed": 368.639135, "delta": 0.852476}}
{"target": -1.9819399707776033, "params": {"C": 58.980664503629995, "epsilon": 10.390707868365931, "gamma": 0.061676529408846964, "lamda": 0.04422568310746425}, "datetime": {"datetime": "2021-09-17 08:36:44", "elapsed": 369.648387, "delta": 1.009252}}
{"target": -1.982334592752058, "params": {"C": 58.99362360813666, "epsilon": 10.441119644256128, "gamma": 0.06113639928451319, "lamda": 0.04288208816429349}, "datetime": {"datetime": "2021-09-17 08:36:45", "elapsed": 370.720992, "delta": 1.072605}}
{"target": -1.9981600586880177, "params": {"C": 58.95357843403053, "epsilon": 10.352398039192009, "gamma": 0.0626711108006027, "lamda": 0.04172911815801455}, "datetime": {"datetime": "2021-09-17 08:36:46", "elapsed": 371.896492, "delta": 1.1755}}
{"target": -1.9980398219499909, "params": {"C": 59.01948512744367, "epsilon": 10.344744123773442, "gamma": 0.06261814793901681, "lamda": 0.04102767976871034}, "datetime": {"datetime": "2021-09-17 08:36:48", "elapsed": 373.06121, "delta": 1.164718}}
{"target": -1.9827946447957672, "params": {"C": 58.85035994844045, "epsilon": 10.726659885476595, "gamma": 0.06089603251268438, "lamda": 0.041809875138195556}, "datetime": {"datetime": "2021-09-17 08:36:48", "elapsed": 373.901451, "delta": 0.840241}}
{"target": -1.9829054211206363, "params": {"C": 58.49004191357158, "epsilon": 10.837076566963516, "gamma": 0.061658736042629676, "lamda": 0.04092639544267909}, "datetime": {"datetime": "2021-09-17 08:36:49", "elapsed": 374.775319, "delta": 0.873868}}
{"target": -1.968596231422104, "params": {"C": 58.64967459107781, "epsilon": 10.176556404755386, "gamma": 0.06150545396410854, "lamda": 0.04464335443056492}, "datetime": {"datetime": "2021-09-17 08:36:50", "elapsed": 375.632136, "delta": 0.856817}}
{"target": -1.9826532595302764, "params": {"C": 58.80224874514719, "epsilon": 10.713738219468508, "gamma": 0.061200751452066784, "lamda": 0.04}, "datetime": {"datetime": "2021-09-17 08:36:52", "elapsed": 377.054103, "delta": 1.421967}}
{"target": -2.016309682183998, "params": {"C": 58.90394470036091, "epsilon": 10.33118606651819, "gamma": 0.063, "lamda": 0.04}, "datetime": {"datetime": "2021-09-17 08:36:53", "elapsed": 378.040302, "delta": 0.986199}}
{"target": -1.9818957425394954, "params": {"C": 58.96148073673326, "epsilon": 10.296620278768257, "gamma": 0.06177968311043865, "lamda": 0.04440954613819371}, "datetime": {"datetime": "2021-09-17 08:36:54", "elapsed": 379.643784, "delta": 1.603482}}
{"target": -1.983762918284776, "params": {"C": 58.33384777628733, "epsilon": 10.374082744445131, "gamma": 0.06092903143668635, "lamda": 0.042747766841469206}, "datetime": {"datetime": "2021-09-17 08:36:55", "elapsed": 380.507791, "delta": 0.864007}}
{"target": -1.9851005507438877, "params": {"C": 57.01415599474155, "epsilon": 10.860990603075221, "gamma": 0.06256404271772704, "lamda": 0.041245131113316305}, "datetime": {"datetime": "2021-09-17 08:36:56", "elapsed": 381.458046, "delta": 0.950255}}
{"target": -1.9831508010852936, "params": {"C": 58.916238537851534, "epsilon": 10.284212999439145, "gamma": 0.06025452544444849, "lamda": 0.042554503536330716}, "datetime": {"datetime": "2021-09-17 08:36:57", "elapsed": 382.482455, "delta": 1.024409}}
{"target": -1.9827509372253649, "params": {"C": 58.866459063613874, "epsilon": 10.679556831679438, "gamma": 0.06091271780532012, "lamda": 0.04217076099891476}, "datetime": {"datetime": "2021-09-17 08:36:58", "elapsed": 383.869025, "delta": 1.38657}}
{"target": -1.9832758621855107, "params": {"C": 58.75195515485917, "epsilon": 10.721614217969881, "gamma": 0.06050773589063304, "lamda": 0.04431379034859014}, "datetime": {"datetime": "2021-09-17 08:37:00", "elapsed": 385.027499, "delta": 1.158474}}
{"target": -1.999114678466725, "params": {"C": 58.81177805601611, "epsilon": 10.767726639213988, "gamma": 0.06242569136919298, "lamda": 0.04176910234585729}, "datetime": {"datetime": "2021-09-17 08:37:01", "elapsed": 386.191716, "delta": 1.164217}}
{"target": -1.9982993570642504, "params": {"C": 59.0184662317425, "epsilon": 10.485493166816516, "gamma": 0.06205633792012717, "lamda": 0.04387515425422315}, "datetime": {"datetime": "2021-09-17 08:37:02", "elapsed": 387.179157, "delta": 0.987441}}
{"target": -1.9831206076528745, "params": {"C": 58.59876230296808, "epsilon": 10.704930252099219, "gamma": 0.06110370786993886, "lamda": 0.0423707509651066}, "datetime": {"datetime": "2021-09-17 08:37:03", "elapsed": 388.075355, "delta": 0.896198}}
{"target": -1.9827970228972873, "params": {"C": 59.04531278610496, "epsilon": 10.438433872908547, "gamma": 0.06039995428864285, "lamda": 0.04122727769764287}, "datetime": {"datetime": "2021-09-17 08:37:04", "elapsed": 389.386539, "delta": 1.311184}}
{"target": -1.980461802031392, "params": {"C": 60.293400858291086, "epsilon": 10.402828171460936, "gamma": 0.06062600066334176, "lamda": 0.0442360426923747}, "datetime": {"datetime": "2021-09-17 08:37:05", "elapsed": 390.2653, "delta": 0.878761}}
{"target": -15.615491922399585, "params": {"C": 59.06919745385646, "epsilon": 10.483006772170802, "gamma": 0.061600994881165036, "lamda": 0.04236227670587703}, "datetime": {"datetime": "2021-09-17 08:37:13", "elapsed": 398.591478, "delta": 8.326178}}
{"target": -1.9983525934138682, "params": {"C": 58.98554915819052, "epsilon": 10.493420312389436, "gamma": 0.06256661098136906, "lamda": 0.043789060069810946}, "datetime": {"datetime": "2021-09-17 08:37:14", "elapsed": 399.698809, "delta": 1.107331}}
{"target": -1.9980865727771298, "params": {"C": 59.17853874837536, "epsilon": 10.527022778298754, "gamma": 0.06263165596739911, "lamda": 0.04068924355711091}, "datetime": {"datetime": "2021-09-17 08:37:15", "elapsed": 400.793808, "delta": 1.094999}}
{"target": -1.9826109934595495, "params": {"C": 59.1798267741522, "epsilon": 10.473092655839178, "gamma": 0.06033468621838296, "lamda": 0.0430634008063463}, "datetime": {"datetime": "2021-09-17 08:37:17", "elapsed": 402.405198, "delta": 1.61139}}
{"target": -1.9846655191975486, "params": {"C": 57.06528594783985, "epsilon": 10.859300943407183, "gamma": 0.063, "lamda": 0.045}, "datetime": {"datetime": "2021-09-17 08:37:19", "elapsed": 404.174189, "delta": 1.768991}}
{"target": -1.9865349973525905, "params": {"C": 57.02304385602991, "epsilon": 10.810328866951393, "gamma": 0.06086024350241666, "lamda": 0.04223941546179076}, "datetime": {"datetime": "2021-09-17 08:37:20", "elapsed": 405.444896, "delta": 1.270707}}
{"target": -1.9985198086873333, "params": {"C": 59.1058503968444, "epsilon": 10.701844211881124, "gamma": 0.062284738373357136, "lamda": 0.04400259999311654}, "datetime": {"datetime": "2021-09-17 08:37:21", "elapsed": 406.355896, "delta": 0.911}}
{"target": -1.9965887519786332, "params": {"C": 59.944513037890005, "epsilon": 10.397606388208574, "gamma": 0.06268353185541088, "lamda": 0.043717754420332836}, "datetime": {"datetime": "2021-09-17 08:37:22", "elapsed": 407.241981, "delta": 0.886085}}
{"target": -1.9984038236971748, "params": {"C": 59.15078617758424, "epsilon": 10.675388899155674, "gamma": 0.06216231740822538, "lamda": 0.04231898755734633}, "datetime": {"datetime": "2021-09-17 08:37:23", "elapsed": 408.589204, "delta": 1.347223}}
{"target": -15.381338794047863, "params": {"C": 60.353214339754096, "epsilon": 10.749481922152976, "gamma": 0.060800408638419554, "lamda": 0.04487592252147454}, "datetime": {"datetime": "2021-09-17 08:37:41", "elapsed": 426.04055, "delta": 17.451346}}
{"target": -1.9964926136315426, "params": {"C": 60.450806573827236, "epsilon": 10.79326677826633, "gamma": 0.06144281187833409, "lamda": 0.044812570241239365}, "datetime": {"datetime": "2021-09-17 08:37:42", "elapsed": 427.494082, "delta": 1.453532}}
{"target": -16.03884948273112, "params": {"C": 60.40688146497912, "epsilon": 10.832941596236367, "gamma": 0.060295488468482, "lamda": 0.04470807900148801}, "datetime": {"datetime": "2021-09-17 08:37:55", "elapsed": 440.138148, "delta": 12.644066}}
{"target": -2.015227436488353, "params": {"C": 60.44168533579473, "epsilon": 10.743073806819629, "gamma": 0.0628035491443019, "lamda": 0.04260228846548469}, "datetime": {"datetime": "2021-09-17 08:37:56", "elapsed": 441.445081, "delta": 1.306933}}
{"target": -1.9963512901033094, "params": {"C": 60.50655483914294, "epsilon": 10.761796711439905, "gamma": 0.06129641226783783, "lamda": 0.0435931890691764}, "datetime": {"datetime": "2021-09-17 08:37:57", "elapsed": 442.77727, "delta": 1.332189}}
{"target": -1.966775850903581, "params": {"C": 59.59197258318172, "epsilon": 10.685657608350633, "gamma": 0.061036802683217664, "lamda": 0.04430943195283193}, "datetime": {"datetime": "2021-09-17 08:37:58", "elapsed": 443.708649, "delta": 0.931379}}
{"target": -1.9983997098240363, "params": {"C": 59.11294429232662, "epsilon": 10.639213431062043, "gamma": 0.06232569965190477, "lamda": 0.04251259382669023}, "datetime": {"datetime": "2021-09-17 08:38:00", "elapsed": 445.619253, "delta": 1.910604}}
{"target": -1.996285248457669, "params": {"C": 60.48379433048243, "epsilon": 10.704279042602774, "gamma": 0.06149707035787776, "lamda": 0.040745142980273305}, "datetime": {"datetime": "2021-09-17 08:38:01", "elapsed": 446.873252, "delta": 1.253999}}
{"target": -1.9841989391852726, "params": {"C": 58.40690010022326, "epsilon": 10.411817202260458, "gamma": 0.060122445213019814, "lamda": 0.04110987002463968}, "datetime": {"datetime": "2021-09-17 08:38:02", "elapsed": 447.798704, "delta": 0.925452}}
{"target": -1.9815710530255664, "params": {"C": 59.1459332356327, "epsilon": 10.574382640103817, "gamma": 0.06174119511877745, "lamda": 0.04155425568036821}, "datetime": {"datetime": "2021-09-17 08:38:04", "elapsed": 449.1364, "delta": 1.337696}}
{"target": -1.9839124501924044, "params": {"C": 58.390591036549125, "epsilon": 10.361121355722894, "gamma": 0.06060698887240782, "lamda": 0.04465120744812255}, "datetime": {"datetime": "2021-09-17 08:38:05", "elapsed": 450.428719, "delta": 1.292319}}
{"target": -1.9843036367807614, "params": {"C": 58.363851705050664, "epsilon": 10.31689833517852, "gamma": 0.06010457571390215, "lamda": 0.044635317586214675}, "datetime": {"datetime": "2021-09-17 08:38:07", "elapsed": 452.019158, "delta": 1.590439}}
{"target": -1.9981310984029692, "params": {"C": 59.20842859404359, "epsilon": 10.576722108452515, "gamma": 0.06242885970223339, "lamda": 0.04194075872461779}, "datetime": {"datetime": "2021-09-17 08:38:08", "elapsed": 453.078479, "delta": 1.059321}}
{"target": -1.980172428096037, "params": {"C": 60.56269371912639, "epsilon": 10.796048196605565, "gamma": 0.060434745458573455, "lamda": 0.04083305778169784}, "datetime": {"datetime": "2021-09-17 08:38:09", "elapsed": 454.588648, "delta": 1.510169}}
