{"target": -16.407163973928395, "params": {"C": 11.490847933009428, "epsilon": 5.189671147218199, "gamma": 0.05, "lamda": 0.5986177135977858}, "datetime": {"datetime": "2021-09-16 12:06:10", "elapsed": 900.070435, "delta": 18.545383}}
{"target": -2.4747955339750383, "params": {"C": 10.056661184990027, "epsilon": 2.892007541881143, "gamma": 0.02961549543986574, "lamda": 0.3513778686077508}, "datetime": {"datetime": "2021-09-16 12:06:11", "elapsed": 901.136568, "delta": 1.066133}}
{"target": -14.179731193354943, "params": {"C": 28.91626636043058, "epsilon": 2.5488640302779, "gamma": 0.010113368890759308, "lamda": 1.0300889669241675}, "datetime": {"datetime": "2021-09-16 12:06:28", "elapsed": 918.254215, "delta": 17.117647}}
{"target": -2.456260305101474, "params": {"C": 26.403339428985568, "epsilon": 0.9359400608439916, "gamma": 0.01, "lamda": 0.001}, "datetime": {"datetime": "2021-09-16 12:06:30", "elapsed": 919.478, "delta": 1.223785}}
{"target": -2.248664489183554, "params": {"C": 22.003561263137588, "epsilon": 0.2742821330540226, "gamma": 0.03486505951055762, "lamda": 0.005241902572063593}, "datetime": {"datetime": "2021-09-16 12:06:31", "elapsed": 920.595651, "delta": 1.117651}}
{"target": -15.417861689686854, "params": {"C": 5.7491310346594835, "epsilon": 0.64872283793948, "gamma": 0.049214116213155294, "lamda": 0.2872285707489107}, "datetime": {"datetime": "2021-09-16 12:06:42", "elapsed": 932.19166, "delta": 11.596009}}
{"target": -16.60998673072774, "params": {"C": 7.990178014848244, "epsilon": 0.5260447561222169, "gamma": 0.04356263815232522, "lamda": 0.6725551504211986}, "datetime": {"datetime": "2021-09-16 12:07:01", "elapsed": 950.61993, "delta": 18.42827}}
{"target": -2.5879669026891112, "params": {"C": 7.278139807276371, "epsilon": 2.559177835610882, "gamma": 0.03122115500302307, "lamda": 0.20481498175323837}, "datetime": {"datetime": "2021-09-16 12:07:02", "elapsed": 951.902437, "delta": 1.282507}}
{"target": -2.4580574652463723, "params": {"C": 10.061989272914477, "epsilon": 0.15040644264601705, "gamma": 0.030943899198911183, "lamda": 1.2384551307769534}, "datetime": {"datetime": "2021-09-16 12:07:03", "elapsed": 953.10342, "delta": 1.200983}}
{"target": -22.573609766761344, "params": {"C": 13.202748551314906, "epsilon": 18.19872145276387, "gamma": 0.046957741549494066, "lamda": 0.35478613279217336}, "datetime": {"datetime": "2021-09-16 12:07:22", "elapsed": 971.482747, "delta": 18.379327}}
{"target": -2.5468361125119428, "params": {"C": 8.64786761454999, "epsilon": 8.807902997898438, "gamma": 0.02496255811316272, "lamda": 0.041462570696966454}, "datetime": {"datetime": "2021-09-16 12:07:22", "elapsed": 972.42595, "delta": 0.943203}}
{"target": -16.79682141662208, "params": {"C": 10.394937338696877, "epsilon": 0.8589674229876805, "gamma": 0.04367029473346467, "lamda": 0.0800604442141514}, "datetime": {"datetime": "2021-09-16 12:07:41", "elapsed": 990.506935, "delta": 18.080985}}
{"target": -20.08048868347137, "params": {"C": 25.79806764122572, "epsilon": 12.950307129508577, "gamma": 0.03746556943117005, "lamda": 1.909932801320546}, "datetime": {"datetime": "2021-09-16 12:07:59", "elapsed": 1008.747771, "delta": 18.240836}}
{"target": -18.1387012079529, "params": {"C": 8.75950769982219, "epsilon": 10.983625331690293, "gamma": 0.04516086067165766, "lamda": 0.010827500876243058}, "datetime": {"datetime": "2021-09-16 12:08:10", "elapsed": 1020.200414, "delta": 11.452643}}
{"target": -2.6802031649946945, "params": {"C": 8.48324486587053, "epsilon": 0.1066462130712331, "gamma": 0.012610586150606245, "lamda": 2.0540902222839326}, "datetime": {"datetime": "2021-09-16 12:08:11", "elapsed": 1021.114014, "delta": 0.9136}}
{"target": -18.552667116357117, "params": {"C": 25.255640924936746, "epsilon": 7.158734498449045, "gamma": 0.02550588683122975, "lamda": 0.6538364879635128}, "datetime": {"datetime": "2021-09-16 12:08:22", "elapsed": 1032.440048, "delta": 11.326034}}
{"target": -20.843768195650284, "params": {"C": 10.17688227416333, "epsilon": 14.516589617018159, "gamma": 0.035223201274471344, "lamda": 2.065504206688078}, "datetime": {"datetime": "2021-09-16 12:08:41", "elapsed": 1050.60839, "delta": 18.168342}}
{"target": -19.534873553358192, "params": {"C": 23.841066005982295, "epsilon": 10.626123969553328, "gamma": 0.02683979099524285, "lamda": 1.778065937458771}, "datetime": {"datetime": "2021-09-16 12:08:53", "elapsed": 1062.501872, "delta": 11.893482}}
{"target": -2.5005465561242457, "params": {"C": 18.209269347226495, "epsilon": 17.349899048739136, "gamma": 0.011395790711965588, "lamda": 0.23791525049835824}, "datetime": {"datetime": "2021-09-16 12:08:54", "elapsed": 1063.620849, "delta": 1.118977}}
{"target": -15.872665936332155, "params": {"C": 26.570401282932487, "epsilon": 1.9092252686287763, "gamma": 0.014942514173519035, "lamda": 2.101494163598147}, "datetime": {"datetime": "2021-09-16 12:09:10", "elapsed": 1079.935373, "delta": 16.314524}}
{"target": -18.367087658325353, "params": {"C": 18.833351283670122, "epsilon": 9.381939029270598, "gamma": 0.015318429745414792, "lamda": 2.7076769625177057}, "datetime": {"datetime": "2021-09-16 12:09:22", "elapsed": 1091.456843, "delta": 11.52147}}
{"target": -19.482760377687477, "params": {"C": 13.436328671868498, "epsilon": 13.260220072298438, "gamma": 0.018316389495193153, "lamda": 2.293967255274955}, "datetime": {"datetime": "2021-09-16 12:09:34", "elapsed": 1103.726345, "delta": 12.269502}}
{"target": -14.463700100257999, "params": {"C": 29.46485071996481, "epsilon": 8.476882786311354, "gamma": 0.010824120375091503, "lamda": 0.445102161738459}, "datetime": {"datetime": "2021-09-16 12:09:50", "elapsed": 1119.8864, "delta": 16.160055}}
{"target": -21.563556896423666, "params": {"C": 16.794513639980764, "epsilon": 13.760199785263849, "gamma": 0.03632224863988237, "lamda": 2.5477998414913845}, "datetime": {"datetime": "2021-09-16 12:10:08", "elapsed": 1138.176723, "delta": 18.290323}}
{"target": -16.62938327503354, "params": {"C": 20.455640056490083, "epsilon": 1.2000792524004444, "gamma": 0.014873678533926698, "lamda": 2.6201767945698395}, "datetime": {"datetime": "2021-09-16 12:10:19", "elapsed": 1149.450876, "delta": 11.274153}}
{"target": -15.206897932766914, "params": {"C": 11.619980601235175, "epsilon": 1.8447822968345222, "gamma": 0.048057524192951714, "lamda": 2.7642684453160213}, "datetime": {"datetime": "2021-09-16 12:10:31", "elapsed": 1160.857997, "delta": 11.407121}}
{"target": -18.506726312161476, "params": {"C": 5.053089675631667, "epsilon": 11.972586118073739, "gamma": 0.015023094526535895, "lamda": 0.8143330927450386}, "datetime": {"datetime": "2021-09-16 12:10:42", "elapsed": 1172.171402, "delta": 11.313405}}
{"target": -18.567316384057307, "params": {"C": 8.949968854561169, "epsilon": 11.477188069838798, "gamma": 0.043916482227318615, "lamda": 0.7892632151112858}, "datetime": {"datetime": "2021-09-16 12:11:01", "elapsed": 1190.843613, "delta": 18.672211}}
{"target": -2.4448914097784975, "params": {"C": 10.609244042325109, "epsilon": 1.9925987006781738, "gamma": 0.034921389330159716, "lamda": 0.1822393879450842}, "datetime": {"datetime": "2021-09-16 12:11:02", "elapsed": 1191.818826, "delta": 0.975213}}
{"target": -2.579134744900391, "params": {"C": 10.010842657546123, "epsilon": 4.687954320305022, "gamma": 0.015118295259729147, "lamda": 0.1469695142277173}, "datetime": {"datetime": "2021-09-16 12:11:03", "elapsed": 1192.78904, "delta": 0.970214}}
{"target": -18.49112488746433, "params": {"C": 18.52685490576516, "epsilon": 7.843913681003792, "gamma": 0.03456407463217666, "lamda": 1.486528824491294}, "datetime": {"datetime": "2021-09-16 12:11:15", "elapsed": 1204.795382, "delta": 12.006342}}
{"target": -16.083345507634256, "params": {"C": 23.8937397452104, "epsilon": 2.0415416701511035, "gamma": 0.03326205176951286, "lamda": 0.4599796283250055}, "datetime": {"datetime": "2021-09-16 12:11:25", "elapsed": 1215.213928, "delta": 10.418546}}
{"target": -21.168130677879844, "params": {"C": 25.744144213326578, "epsilon": 16.252654272202605, "gamma": 0.04928245460062337, "lamda": 1.1682400260986416}, "datetime": {"datetime": "2021-09-16 12:11:44", "elapsed": 1233.845548, "delta": 18.63162}}
{"target": -16.658611467006676, "params": {"C": 27.71566094076317, "epsilon": 4.6539398618881025, "gamma": 0.048412661443467536, "lamda": 1.1366772203348208}, "datetime": {"datetime": "2021-09-16 12:12:02", "elapsed": 1252.04756, "delta": 18.202012}}
{"target": -14.39355701343346, "params": {"C": 11.650292206372233, "epsilon": 13.334013738523971, "gamma": 0.010265280667318155, "lamda": 0.2352689918918364}, "datetime": {"datetime": "2021-09-16 12:12:10", "elapsed": 1259.752461, "delta": 7.704901}}
{"target": -20.314260643970247, "params": {"C": 15.85525775025516, "epsilon": 14.741526453896617, "gamma": 0.04111334236432779, "lamda": 1.649334053743383}, "datetime": {"datetime": "2021-09-16 12:12:28", "elapsed": 1278.147444, "delta": 18.394983}}
{"target": -16.683210624863566, "params": {"C": 13.817422429919429, "epsilon": 2.2920157209303516, "gamma": 0.0495654041150531, "lamda": 1.5704131498181382}, "datetime": {"datetime": "2021-09-16 12:12:39", "elapsed": 1289.436495, "delta": 11.289051}}
{"target": -16.058176078990257, "params": {"C": 23.26164528735745, "epsilon": 2.0833426071363244, "gamma": 0.044579676801990376, "lamda": 1.59826199697804}, "datetime": {"datetime": "2021-09-16 12:12:51", "elapsed": 1300.661308, "delta": 11.224813}}
{"target": -19.287252224257266, "params": {"C": 8.049016308032948, "epsilon": 9.676313732706268, "gamma": 0.031076910147597225, "lamda": 2.1656686059941035}, "datetime": {"datetime": "2021-09-16 12:13:09", "elapsed": 1319.335958, "delta": 18.67465}}
{"target": -17.072053824249547, "params": {"C": 14.581235716559314, "epsilon": 2.303156569826173, "gamma": 0.04925498846197841, "lamda": 2.878118694064755}, "datetime": {"datetime": "2021-09-16 12:13:27", "elapsed": 1337.148632, "delta": 17.812674}}
{"target": -2.91464094910749, "params": {"C": 4.323998975808679, "epsilon": 13.970206144124145, "gamma": 0.030012854217899038, "lamda": 0.22007852151350485}, "datetime": {"datetime": "2021-09-16 12:13:28", "elapsed": 1338.399934, "delta": 1.251302}}
{"target": -22.320480378800852, "params": {"C": 13.776941127937953, "epsilon": 19.7765161308774, "gamma": 0.011213238600017376, "lamda": 0.8244309183486868}, "datetime": {"datetime": "2021-09-16 12:13:40", "elapsed": 1350.300177, "delta": 11.900243}}
{"target": -17.370558466192485, "params": {"C": 24.353808631324142, "epsilon": 0.30048454246540984, "gamma": 0.03863329186306271, "lamda": 2.0391536449181045}, "datetime": {"datetime": "2021-09-16 12:13:59", "elapsed": 1368.689666, "delta": 18.389489}}
{"target": -19.284805785801478, "params": {"C": 12.137869816395686, "epsilon": 10.451001501610229, "gamma": 0.021249389646459935, "lamda": 2.205438858503261}, "datetime": {"datetime": "2021-09-16 12:14:10", "elapsed": 1380.369451, "delta": 11.679785}}
{"target": -17.237840996076276, "params": {"C": 9.396041983012122, "epsilon": 6.1454948744139895, "gamma": 0.04305399433876487, "lamda": 2.1270154767277085}, "datetime": {"datetime": "2021-09-16 12:14:29", "elapsed": 1398.691586, "delta": 18.322135}}
{"target": -15.66775179146738, "params": {"C": 12.76398503857331, "epsilon": 2.4412428938566215, "gamma": 0.049648937740684664, "lamda": 0.10863351876438576}, "datetime": {"datetime": "2021-09-16 12:14:40", "elapsed": 1410.137359, "delta": 11.445773}}
{"target": -16.540691676440087, "params": {"C": 18.75385706478846, "epsilon": 3.413025638821024, "gamma": 0.018379543695930894, "lamda": 2.582139854669652}, "datetime": {"datetime": "2021-09-16 12:14:52", "elapsed": 1421.48831, "delta": 11.350951}}
{"target": -22.202145834456022, "params": {"C": 10.589500766568046, "epsilon": 17.413851223874133, "gamma": 0.0498574885077939, "lamda": 1.7962355205912506}, "datetime": {"datetime": "2021-09-16 12:15:10", "elapsed": 1439.769371, "delta": 18.281061}}
{"target": -21.810916456904682, "params": {"C": 19.14033073265473, "epsilon": 18.08660613236553, "gamma": 0.019133726148366913, "lamda": 0.34800462197579546}, "datetime": {"datetime": "2021-09-16 12:15:22", "elapsed": 1451.553994, "delta": 11.784623}}
{"target": -17.55915648339585, "params": {"C": 8.047581087425595, "epsilon": 8.177789539551142, "gamma": 0.01884787450783503, "lamda": 1.3546036516877038}, "datetime": {"datetime": "2021-09-16 12:15:33", "elapsed": 1463.054448, "delta": 11.500454}}
{"target": -17.958356046909945, "params": {"C": 13.407974234382978, "epsilon": 9.12771989991587, "gamma": 0.04132043836215252, "lamda": 0.6860406125262083}, "datetime": {"datetime": "2021-09-16 12:15:52", "elapsed": 1481.815739, "delta": 18.761291}}
{"target": -2.6533206354849916, "params": {"C": 6.26629500056011, "epsilon": 2.3331921532170306, "gamma": 0.031260398033200784, "lamda": 0.14320323170470978}, "datetime": {"datetime": "2021-09-16 12:15:53", "elapsed": 1482.855233, "delta": 1.039494}}
{"target": -18.233881055715372, "params": {"C": 4.513174945817372, "epsilon": 9.973484436535658, "gamma": 0.03723210549602834, "lamda": 1.7389105776373677}, "datetime": {"datetime": "2021-09-16 12:16:12", "elapsed": 1501.453775, "delta": 18.598542}}
{"target": -17.593042083875726, "params": {"C": 16.13099232598323, "epsilon": 9.613843225642372, "gamma": 0.01342336638653617, "lamda": 2.626489025568831}, "datetime": {"datetime": "2021-09-16 12:16:23", "elapsed": 1512.999751, "delta": 11.545976}}
{"target": -23.068635463713715, "params": {"C": 20.62667252655242, "epsilon": 17.99254354818439, "gamma": 0.03311312877458155, "lamda": 1.3367409163822637}, "datetime": {"datetime": "2021-09-16 12:16:41", "elapsed": 1531.415904, "delta": 18.416153}}
{"target": -2.70730686946548, "params": {"C": 5.855389682299505, "epsilon": 16.187592228290168, "gamma": 0.03911224333120343, "lamda": 0.02433266921806434}, "datetime": {"datetime": "2021-09-16 12:16:43", "elapsed": 1532.517974, "delta": 1.10207}}
{"target": -15.982345767383466, "params": {"C": 9.101494573815732, "epsilon": 1.9311483639463325, "gamma": 0.04812327378912449, "lamda": 0.6857906585509871}, "datetime": {"datetime": "2021-09-16 12:16:54", "elapsed": 1544.090894, "delta": 11.57292}}
{"target": -18.096808495653274, "params": {"C": 11.012186015307783, "epsilon": 10.491606976860577, "gamma": 0.040151869039794674, "lamda": 1.2824950949963534}, "datetime": {"datetime": "2021-09-16 12:17:13", "elapsed": 1562.69437, "delta": 18.603476}}
{"target": -21.78976969618328, "params": {"C": 27.53337094637415, "epsilon": 15.641505627834762, "gamma": 0.022459201681077706, "lamda": 0.5937648676751809}, "datetime": {"datetime": "2021-09-16 12:17:24", "elapsed": 1574.040055, "delta": 11.345685}}
{"target": -15.496799124511837, "params": {"C": 28.17269642586436, "epsilon": 5.749386935398784, "gamma": 0.04417138167699749, "lamda": 2.62770139587952}, "datetime": {"datetime": "2021-09-16 12:17:43", "elapsed": 1592.642968, "delta": 18.602913}}
{"target": -19.180281873612206, "params": {"C": 19.35060598503562, "epsilon": 12.031456063663878, "gamma": 0.041290302896464945, "lamda": 2.959014790737032}, "datetime": {"datetime": "2021-09-16 12:18:02", "elapsed": 1611.526032, "delta": 18.883064}}
{"target": -16.73253008905582, "params": {"C": 4.7146284946507455, "epsilon": 0.3802120147227872, "gamma": 0.040045045313992354, "lamda": 1.5739157807068318}, "datetime": {"datetime": "2021-09-16 12:18:20", "elapsed": 1629.7813, "delta": 18.255268}}
{"target": -15.13401451980294, "params": {"C": 22.423230482640207, "epsilon": 5.508438509795563, "gamma": 0.025468625634368622, "lamda": 2.6446901867560366}, "datetime": {"datetime": "2021-09-16 12:18:31", "elapsed": 1641.180389, "delta": 11.399089}}
{"target": -2.8313814480168333, "params": {"C": 5.082434542095424, "epsilon": 3.25471457662991, "gamma": 0.01744093770189488, "lamda": 1.106197858088274}, "datetime": {"datetime": "2021-09-16 12:18:32", "elapsed": 1642.235305, "delta": 1.054916}}
{"target": -14.510972649449005, "params": {"C": 25.742210389503107, "epsilon": 0.7325491974570417, "gamma": 0.010733314433589936, "lamda": 2.8978811688941466}, "datetime": {"datetime": "2021-09-16 12:18:43", "elapsed": 1652.471759, "delta": 10.236454}}
{"target": -16.587902216592582, "params": {"C": 24.823985795915725, "epsilon": 6.130191068606072, "gamma": 0.042317028446759955, "lamda": 2.8399904409282106}, "datetime": {"datetime": "2021-09-16 12:19:01", "elapsed": 1670.995083, "delta": 18.523324}}
{"target": -2.5460292677230973, "params": {"C": 9.302973401823248, "epsilon": 1.164385144540009, "gamma": 0.02093158489169164, "lamda": 0.3473460074991747}, "datetime": {"datetime": "2021-09-16 12:19:02", "elapsed": 1672.078235, "delta": 1.083152}}
{"target": -19.205964857876342, "params": {"C": 23.668600568528497, "epsilon": 11.57686564323919, "gamma": 0.03324040855247014, "lamda": 0.3259154648826936}, "datetime": {"datetime": "2021-09-16 12:19:14", "elapsed": 1683.714307, "delta": 11.636072}}
{"target": -19.317651517914584, "params": {"C": 12.223810024390621, "epsilon": 13.26099776127152, "gamma": 0.01893264720899956, "lamda": 0.397047604447542}, "datetime": {"datetime": "2021-09-16 12:19:26", "elapsed": 1695.455569, "delta": 11.741262}}
{"target": -15.983047812728186, "params": {"C": 21.207167212223723, "epsilon": 4.768131335778018, "gamma": 0.03948294884885923, "lamda": 1.284315171973125}, "datetime": {"datetime": "2021-09-16 12:19:44", "elapsed": 1714.212586, "delta": 18.757017}}
{"target": -18.096112928793627, "params": {"C": 10.699916275851383, "epsilon": 9.103942041329352, "gamma": 0.031081782858846184, "lamda": 2.8483297843233792}, "datetime": {"datetime": "2021-09-16 12:20:03", "elapsed": 1732.613912, "delta": 18.401326}}
{"target": -16.360615877853004, "params": {"C": 27.966298428756737, "epsilon": 2.8593888270810397, "gamma": 0.04971546094869187, "lamda": 2.1233397659126307}, "datetime": {"datetime": "2021-09-16 12:20:21", "elapsed": 1750.638022, "delta": 18.02411}}
{"target": -22.42416657308908, "params": {"C": 10.973113396697109, "epsilon": 17.23422088936486, "gamma": 0.030769489995394167, "lamda": 1.353670292338741}, "datetime": {"datetime": "2021-09-16 12:20:40", "elapsed": 1769.752402, "delta": 19.11438}}
{"target": -14.84272708310053, "params": {"C": 20.58965071788562, "epsilon": 3.3283573172828613, "gamma": 0.012386548606787015, "lamda": 1.4914898728685806}, "datetime": {"datetime": "2021-09-16 12:20:58", "elapsed": 1788.075841, "delta": 18.323439}}
{"target": -17.39514499297516, "params": {"C": 3.8787327624782786, "epsilon": 7.4117433669218995, "gamma": 0.03614661927766482, "lamda": 2.3949454772233607}, "datetime": {"datetime": "2021-09-16 12:21:17", "elapsed": 1806.815883, "delta": 18.740042}}
{"target": -18.268635287366326, "params": {"C": 3.183064938108161, "epsilon": 11.56509737089985, "gamma": 0.042838224741526904, "lamda": 2.682689750986716}, "datetime": {"datetime": "2021-09-16 12:21:35", "elapsed": 1825.236947, "delta": 18.421064}}
{"target": -21.191433339971574, "params": {"C": 10.290086319534126, "epsilon": 15.782687608131495, "gamma": 0.042294826748917096, "lamda": 2.0943706875767067}, "datetime": {"datetime": "2021-09-16 12:21:54", "elapsed": 1843.68913, "delta": 18.452183}}
{"target": -16.64106558632378, "params": {"C": 4.279576946000249, "epsilon": 7.230395453397017, "gamma": 0.04457976060100547, "lamda": 0.7799708045742481}, "datetime": {"datetime": "2021-09-16 12:22:13", "elapsed": 1862.464371, "delta": 18.775241}}
{"target": -21.832877046096883, "params": {"C": 15.17050963700075, "epsilon": 16.79132245158061, "gamma": 0.044305258038997625, "lamda": 0.48719005208099614}, "datetime": {"datetime": "2021-09-16 12:22:31", "elapsed": 1881.158565, "delta": 18.694194}}
{"target": -16.27219992929309, "params": {"C": 28.560490345262103, "epsilon": 6.55005363320429, "gamma": 0.02552156766294741, "lamda": 0.28105908433472754}, "datetime": {"datetime": "2021-09-16 12:22:43", "elapsed": 1893.089377, "delta": 11.930812}}
{"target": -16.699831352916785, "params": {"C": 16.311297729225533, "epsilon": 11.358137395453895, "gamma": 0.02333989616476171, "lamda": 0.10369202636961723}, "datetime": {"datetime": "2021-09-16 12:22:54", "elapsed": 1904.079831, "delta": 10.990454}}
{"target": -22.328597254882737, "params": {"C": 23.475799761939662, "epsilon": 15.494911621517085, "gamma": 0.045200488240705834, "lamda": 0.4993860026325174}, "datetime": {"datetime": "2021-09-16 12:23:13", "elapsed": 1923.116199, "delta": 19.036368}}
{"target": -17.271920112460077, "params": {"C": 17.791686111485923, "epsilon": 9.538686548895548, "gamma": 0.0317667564532467, "lamda": 0.28237352015237216}, "datetime": {"datetime": "2021-09-16 12:23:24", "elapsed": 1934.332529, "delta": 11.21633}}
{"target": -17.80418694711762, "params": {"C": 8.189094258615391, "epsilon": 10.162795227170939, "gamma": 0.026424366707508876, "lamda": 0.39822050355710364}, "datetime": {"datetime": "2021-09-16 12:23:36", "elapsed": 1946.302895, "delta": 11.970366}}
{"target": -23.46232760530782, "params": {"C": 16.3403190743351, "epsilon": 19.515984772885588, "gamma": 0.016846380179141633, "lamda": 1.0379912918110108}, "datetime": {"datetime": "2021-09-16 12:23:49", "elapsed": 1958.474717, "delta": 12.171822}}
{"target": -19.80274435759098, "params": {"C": 7.761889385409505, "epsilon": 13.77148625994517, "gamma": 0.018635644396394542, "lamda": 2.259199891504063}, "datetime": {"datetime": "2021-09-16 12:24:01", "elapsed": 1970.979764, "delta": 12.505047}}
{"target": -22.885997032224275, "params": {"C": 24.609983040569485, "epsilon": 17.593255232887238, "gamma": 0.02256756081377738, "lamda": 0.9306248895131178}, "datetime": {"datetime": "2021-09-16 12:24:13", "elapsed": 1983.043262, "delta": 12.063498}}
{"target": -22.566654133253422, "params": {"C": 10.239274394271007, "epsilon": 16.30897657479609, "gamma": 0.031232895046489996, "lamda": 2.164450529876569}, "datetime": {"datetime": "2021-09-16 12:24:32", "elapsed": 2001.978313, "delta": 18.935051}}
