{"target": 0.869629515025463, "params": {"C": 115.59172621242287, "epsilon": 0.1810595396899019, "gamma": 0.16141734821314144, "lamda": 0.292726768090994}, "datetime": {"datetime": "2021-09-23 13:20:18", "elapsed": 77.792161, "delta": 0.647997}}
{"target": -3.260154732010391, "params": {"C": 118.16662226313336, "epsilon": 0.952712219096799, "gamma": 0.020827190241656107, "lamda": 0.04216283947615232}, "datetime": {"datetime": "2021-09-23 13:20:30", "elapsed": 88.96369, "delta": 11.171529}}
{"target": -3.241549541317527, "params": {"C": 177.21046241784887, "epsilon": 0.09510194002760737, "gamma": 0.04322313032774531, "lamda": 0.34881653697984016}, "datetime": {"datetime": "2021-09-23 13:20:41", "elapsed": 99.886288, "delta": 10.922598}}
{"target": 0.8859056322479804, "params": {"C": 147.89290681507993, "epsilon": 0.455345685327185, "gamma": 0.13146366387895772, "lamda": 0.3834994201874965}, "datetime": {"datetime": "2021-09-23 13:20:41", "elapsed": 100.586288, "delta": 0.7}}
{"target": -3.0766392855802867, "params": {"C": 127.89828291322064, "epsilon": 0.49368484341471836, "gamma": 0.03756385012692779, "lamda": 0.24313934202388912}, "datetime": {"datetime": "2021-09-23 13:20:54", "elapsed": 113.023473, "delta": 12.437185}}
{"target": 0.8986945273223664, "params": {"C": 162.7349716670028, "epsilon": 0.8437574732935135, "gamma": 0.10503399183875484, "lamda": 0.24808830747766603}, "datetime": {"datetime": "2021-09-23 13:20:54", "elapsed": 113.625498, "delta": 0.602025}}
{"target": -3.166520430980876, "params": {"C": 164.00497728128772, "epsilon": 0.3007071628881178, "gamma": 0.039635096320996564, "lamda": 0.08081553588796424}, "datetime": {"datetime": "2021-09-23 13:21:06", "elapsed": 124.929641, "delta": 11.304143}}
{"target": 0.8473957687215913, "params": {"C": 106.38042134493975, "epsilon": 0.41708638845174595, "gamma": 0.19771014641200815, "lamda": 0.10270862427091}, "datetime": {"datetime": "2021-09-23 13:21:06", "elapsed": 125.450643, "delta": 0.521002}}
{"target": 0.9019500224838252, "params": {"C": 146.94114838663606, "epsilon": 0.9689368953430691, "gamma": 0.09494900046745826, "lamda": 0.08070882233808661}, "datetime": {"datetime": "2021-09-23 13:21:07", "elapsed": 126.111645, "delta": 0.661002}}
{"target": 0.8465573226167434, "params": {"C": 153.13582666571665, "epsilon": 0.23694620318286308, "gamma": 0.1894433086665719, "lamda": 0.09537227304338161}, "datetime": {"datetime": "2021-09-23 13:21:07", "elapsed": 126.749642, "delta": 0.637997}}
{"target": 0.8429613163076527, "params": {"C": 131.05311200736557, "epsilon": 0.368570332275799, "gamma": 0.19939407552766042, "lamda": 0.19017133179721338}, "datetime": {"datetime": "2021-09-23 13:21:08", "elapsed": 127.27064, "delta": 0.520998}}
{"target": -3.9218615640722225, "params": {"C": 109.06569337012621, "epsilon": 0.29911805066667924, "gamma": 0.022087221339838294, "lamda": 0.24307199315064976}, "datetime": {"datetime": "2021-09-23 13:21:19", "elapsed": 138.305715, "delta": 11.035075}}
{"target": 0.8508053862789335, "params": {"C": 166.8015725535853, "epsilon": 0.946765985453123, "gamma": 0.1805992082905038, "lamda": 0.30487830666496274}, "datetime": {"datetime": "2021-09-23 13:21:20", "elapsed": 138.942702, "delta": 0.636987}}
{"target": 0.8837008984436288, "params": {"C": 170.97115093516246, "epsilon": 0.24775924691265938, "gamma": 0.13160047851744264, "lamda": 0.2683890097328219}, "datetime": {"datetime": "2021-09-23 13:21:20", "elapsed": 139.53571, "delta": 0.593008}}
{"target": 0.8596107894268799, "params": {"C": 159.20859533230794, "epsilon": 0.7892625696438724, "gamma": 0.1689845387681544, "lamda": 0.2612373093535428}, "datetime": {"datetime": "2021-09-23 13:21:21", "elapsed": 140.174707, "delta": 0.638997}}
{"target": 0.8717367898053076, "params": {"C": 128.6253528746555, "epsilon": 0.5021901069003263, "gamma": 0.011127582183462388, "lamda": 0.024677839304077482}, "datetime": {"datetime": "2021-09-23 13:21:21", "elapsed": 140.794707, "delta": 0.62}}
{"target": -2.425269562339221, "params": {"C": 105.21453945333421, "epsilon": 0.6383958021177903, "gamma": 0.011123101857633632, "lamda": 0.24058777177692933}, "datetime": {"datetime": "2021-09-23 13:21:32", "elapsed": 151.453696, "delta": 10.658989}}
{"target": 0.9082888459655888, "params": {"C": 116.2256026659674, "epsilon": 0.26798919666107673, "gamma": 0.07577950932364023, "lamda": 0.02754045534489817}, "datetime": {"datetime": "2021-09-23 13:21:33", "elapsed": 151.981967, "delta": 0.528271}}
{"target": 0.8619337113701102, "params": {"C": 167.81098545442657, "epsilon": 0.6686724713956128, "gamma": 0.16412416633490345, "lamda": 0.11636493850434326}, "datetime": {"datetime": "2021-09-23 13:21:33", "elapsed": 152.592971, "delta": 0.611004}}
{"target": -1.915932009168289, "params": {"C": 139.09251296156145, "epsilon": 0.8465254245094729, "gamma": 0.07200393026200098, "lamda": 0.38637901789874246}, "datetime": {"datetime": "2021-09-23 13:21:45", "elapsed": 164.471059, "delta": 11.878088}}
{"target": -1.6462296206489437, "params": {"C": 101.94620438098843, "epsilon": 0.6864122259010831, "gamma": 0.06765138711203673, "lamda": 0.38772974339068733}, "datetime": {"datetime": "2021-09-23 13:21:55", "elapsed": 174.775234, "delta": 10.304175}}
{"target": 0.8944590375171093, "params": {"C": 166.36412154617176, "epsilon": 0.07642054875495302, "gamma": 0.1147881752623686, "lamda": 0.3268392780813916}, "datetime": {"datetime": "2021-09-23 13:21:56", "elapsed": 175.425894, "delta": 0.65066}}
{"target": 0.8881879312393924, "params": {"C": 100.31206316528271, "epsilon": 0.5293494227221266, "gamma": 0.12595214160084284, "lamda": 0.11392603087764779}, "datetime": {"datetime": "2021-09-23 13:21:57", "elapsed": 176.175453, "delta": 0.749559}}
{"target": 0.8619189079093283, "params": {"C": 164.07153488440548, "epsilon": 0.11303776685667377, "gamma": 0.16459014553494483, "lamda": 0.36132735300668106}, "datetime": {"datetime": "2021-09-23 13:21:57", "elapsed": 176.648454, "delta": 0.473001}}
{"target": 0.8832093569989221, "params": {"C": 119.78011758866229, "epsilon": 0.9088505441390115, "gamma": 0.13885951157319604, "lamda": 0.05616284499308068}, "datetime": {"datetime": "2021-09-23 13:21:58", "elapsed": 177.194455, "delta": 0.546001}}
{"target": 0.8536349596552941, "params": {"C": 115.36805156602553, "epsilon": 0.8035269783031415, "gamma": 0.18601907377640559, "lamda": 0.10817674648513878}, "datetime": {"datetime": "2021-09-23 13:21:58", "elapsed": 177.667122, "delta": 0.472667}}
{"target": 0.88584696448688, "params": {"C": 144.7487919355292, "epsilon": 0.34549255788011857, "gamma": 0.13186614139145478, "lamda": 0.10440066004274189}, "datetime": {"datetime": "2021-09-23 13:21:59", "elapsed": 178.250727, "delta": 0.583605}}
{"target": 0.874442418988485, "params": {"C": 153.12940257944985, "epsilon": 0.12236405259779431, "gamma": 0.14752431667368815, "lamda": 0.15118185487410274}, "datetime": {"datetime": "2021-09-23 13:22:00", "elapsed": 178.812729, "delta": 0.562002}}
{"target": 0.8693642008604922, "params": {"C": 159.3408481587801, "epsilon": 0.562310333330254, "gamma": 0.15445300487249114, "lamda": 0.1476248381805589}, "datetime": {"datetime": "2021-09-23 13:22:00", "elapsed": 179.427316, "delta": 0.614587}}
{"target": 0.8667353112938495, "params": {"C": 184.46723038081055, "epsilon": 0.72910725461013, "gamma": 0.15438234697755449, "lamda": 0.1280555828709936}, "datetime": {"datetime": "2021-09-23 13:22:01", "elapsed": 179.960885, "delta": 0.533569}}
{"target": 0.9127705568879031, "params": {"C": 138.91941604072107, "epsilon": 0.8185637919684453, "gamma": 0.06700664422786959, "lamda": 0.07881047890359376}, "datetime": {"datetime": "2021-09-23 13:22:01", "elapsed": 180.664888, "delta": 0.704003}}
{"target": 0.893634205805013, "params": {"C": 110.78399559363264, "epsilon": 0.25985711980506143, "gamma": 0.11373044771572641, "lamda": 0.21907033418895575}, "datetime": {"datetime": "2021-09-23 13:22:02", "elapsed": 181.275051, "delta": 0.610163}}
{"target": 0.8691996613917984, "params": {"C": 117.04508668466543, "epsilon": 0.6520732628379593, "gamma": 0.1619308248021989, "lamda": 0.2317255713215508}, "datetime": {"datetime": "2021-09-23 13:22:03", "elapsed": 181.837464, "delta": 0.562413}}
{"target": 0.8822932377823649, "params": {"C": 170.0743336357928, "epsilon": 0.09478175755372825, "gamma": 0.13365340663712302, "lamda": 0.16788431329704792}, "datetime": {"datetime": "2021-09-23 13:22:03", "elapsed": 182.396465, "delta": 0.559001}}
{"target": 0.849295109800994, "params": {"C": 163.81602854675083, "epsilon": 0.08630571357813954, "gamma": 0.18326943334258158, "lamda": 0.2335171723908527}, "datetime": {"datetime": "2021-09-23 13:22:04", "elapsed": 182.938462, "delta": 0.541997}}
{"target": 0.8846915545852305, "params": {"C": 108.9944276286522, "epsilon": 0.9839312096331483, "gamma": 0.13594157107417573, "lamda": 0.3503352922441044}, "datetime": {"datetime": "2021-09-23 13:22:04", "elapsed": 183.701358, "delta": 0.762896}}
{"target": 0.8885317120102728, "params": {"C": 125.61843249184177, "epsilon": 0.8008376476156702, "gamma": 0.12806704905774377, "lamda": 0.08975380444137289}, "datetime": {"datetime": "2021-09-23 13:22:05", "elapsed": 184.399363, "delta": 0.698005}}
{"target": -3.0117574316533178, "params": {"C": 118.48159685250386, "epsilon": 0.6162441648230794, "gamma": 0.04416818397494692, "lamda": 0.2383191933785027}, "datetime": {"datetime": "2021-09-23 13:22:17", "elapsed": 196.674306, "delta": 12.274943}}
{"target": -3.0488216020706025, "params": {"C": 165.32981390649496, "epsilon": 0.8891634344136385, "gamma": 0.04496979632162905, "lamda": 0.19784274376360472}, "datetime": {"datetime": "2021-09-23 13:22:33", "elapsed": 212.724535, "delta": 16.050229}}
{"target": -2.162019723955596, "params": {"C": 196.40944341709834, "epsilon": 0.7186955592230126, "gamma": 0.06254314514702923, "lamda": 0.2710992623112597}, "datetime": {"datetime": "2021-09-23 13:22:44", "elapsed": 223.32915, "delta": 10.604615}}
{"target": -1.980973333727321, "params": {"C": 178.02635888532296, "epsilon": 0.9872310521732096, "gamma": 0.06390472595361173, "lamda": 0.26709320042320284}, "datetime": {"datetime": "2021-09-23 13:22:55", "elapsed": 234.118339, "delta": 10.789189}}
{"target": 0.903514747186933, "params": {"C": 148.4183664898626, "epsilon": 0.3611065426967762, "gamma": 0.08956863392358848, "lamda": 0.15342741409330696}, "datetime": {"datetime": "2021-09-23 13:22:55", "elapsed": 234.707337, "delta": 0.588998}}
{"target": 0.89677582269391, "params": {"C": 107.61265045526312, "epsilon": 0.5462013464856758, "gamma": 0.10433035621363902, "lamda": 0.2027291976237545}, "datetime": {"datetime": "2021-09-23 13:22:56", "elapsed": 235.39134, "delta": 0.684003}}
{"target": 0.8614155817448743, "params": {"C": 135.899008290658, "epsilon": 0.05564294744763315, "gamma": 0.17022241683273823, "lamda": 0.19298436425986476}, "datetime": {"datetime": "2021-09-23 13:22:57", "elapsed": 236.010953, "delta": 0.619613}}
{"target": -3.322968352163958, "params": {"C": 123.2918837265283, "epsilon": 0.7452483546677982, "gamma": 0.043492257604762496, "lamda": 0.2803821921014696}, "datetime": {"datetime": "2021-09-23 13:23:07", "elapsed": 246.531474, "delta": 10.520521}}
{"target": 0.8824114103019551, "params": {"C": 193.32586949338872, "epsilon": 0.1127727452894245, "gamma": 0.12988936850406838, "lamda": 0.22117482190915708}, "datetime": {"datetime": "2021-09-23 13:23:08", "elapsed": 247.14847, "delta": 0.616996}}
{"target": 0.8679742849381558, "params": {"C": 176.68476642817234, "epsilon": 0.7532135434449068, "gamma": 0.1538075861370893, "lamda": 0.04293951133760361}, "datetime": {"datetime": "2021-09-23 13:23:08", "elapsed": 247.737071, "delta": 0.588601}}
{"target": 0.8504808439534266, "params": {"C": 110.00643596871312, "epsilon": 0.2502016845228523, "gamma": 0.19210659998801913, "lamda": 0.20665692086478876}, "datetime": {"datetime": "2021-09-23 13:23:09", "elapsed": 248.339479, "delta": 0.602408}}
{"target": -1.7381040356520896, "params": {"C": 176.92138468956517, "epsilon": 0.2284004817364726, "gamma": 0.06524640771954003, "lamda": 0.2911229882839923}, "datetime": {"datetime": "2021-09-23 13:23:24", "elapsed": 263.485632, "delta": 15.146153}}
{"target": 0.8609063612974948, "params": {"C": 176.35776511266408, "epsilon": 0.42806506363451086, "gamma": 0.16406599135294314, "lamda": 0.10818390511387467}, "datetime": {"datetime": "2021-09-23 13:23:25", "elapsed": 264.405532, "delta": 0.9199}}
{"target": 0.846102110709368, "params": {"C": 184.5878607111982, "epsilon": 0.27131864432769165, "gamma": 0.18604094630604434, "lamda": 0.36295462906256454}, "datetime": {"datetime": "2021-09-23 13:23:26", "elapsed": 265.197533, "delta": 0.792001}}
{"target": -2.821550848937413, "params": {"C": 110.8608087552951, "epsilon": 0.871263194396573, "gamma": 0.05547116893858657, "lamda": 0.3708848423506442}, "datetime": {"datetime": "2021-09-23 13:23:40", "elapsed": 279.526621, "delta": 14.329088}}
{"target": 0.8610919976141723, "params": {"C": 142.15792260093224, "epsilon": 0.7743328502467272, "gamma": 0.16976041630648175, "lamda": 0.2234554155423484}, "datetime": {"datetime": "2021-09-23 13:23:41", "elapsed": 280.319317, "delta": 0.792696}}
{"target": 0.8645394678787787, "params": {"C": 159.27495667491243, "epsilon": 0.6753871056539209, "gamma": 0.16169256794103898, "lamda": 0.20422817289364764}, "datetime": {"datetime": "2021-09-23 13:23:43", "elapsed": 281.869493, "delta": 1.550176}}
{"target": 0.8953215610244685, "params": {"C": 116.7725843358535, "epsilon": 0.9545424446145999, "gamma": 0.11018699594546554, "lamda": 0.16036654028645314}, "datetime": {"datetime": "2021-09-23 13:23:43", "elapsed": 282.476708, "delta": 0.607215}}
{"target": 0.8533364397043205, "params": {"C": 100.00433875094568, "epsilon": 0.8971272040172904, "gamma": 0.18978852785140715, "lamda": 0.13530512950840978}, "datetime": {"datetime": "2021-09-23 13:23:44", "elapsed": 283.168703, "delta": 0.691995}}
{"target": 0.8452546149331768, "params": {"C": 119.67163800652372, "epsilon": 0.878766296843032, "gamma": 0.19793432681990383, "lamda": 0.14315048807373365}, "datetime": {"datetime": "2021-09-23 13:23:45", "elapsed": 284.498802, "delta": 1.330099}}
{"target": 0.8764876816532021, "params": {"C": 116.81083857338567, "epsilon": 0.784200182437188, "gamma": 0.15106647308943372, "lamda": 0.18056652847430799}, "datetime": {"datetime": "2021-09-23 13:23:46", "elapsed": 285.726802, "delta": 1.228}}
{"target": -3.5202935466720158, "params": {"C": 139.19505304132366, "epsilon": 0.057849008309401165, "gamma": 0.018625727910422916, "lamda": 0.2546706135312675}, "datetime": {"datetime": "2021-09-23 13:24:00", "elapsed": 298.827231, "delta": 13.100429}}
{"target": 0.9000628484215125, "params": {"C": 117.00314250919317, "epsilon": 0.9088784261679617, "gamma": 0.09580333067989688, "lamda": 0.1054968475330587}, "datetime": {"datetime": "2021-09-23 13:24:01", "elapsed": 300.084877, "delta": 1.257646}}
{"target": -3.5307616154187373, "params": {"C": 136.37774185467777, "epsilon": 0.7296018370039657, "gamma": 0.03073490695922714, "lamda": 0.3681765176363408}, "datetime": {"datetime": "2021-09-23 13:24:11", "elapsed": 310.025701, "delta": 9.940824}}
{"target": -3.273987796840891, "params": {"C": 117.03137101189704, "epsilon": 0.8705905905783051, "gamma": 0.044088003957468605, "lamda": 0.33033774816914413}, "datetime": {"datetime": "2021-09-23 13:24:22", "elapsed": 320.802363, "delta": 10.776662}}
{"target": 0.8489232026097048, "params": {"C": 142.0394860357562, "epsilon": 0.18049196990329397, "gamma": 0.18776337302561616, "lamda": 0.3812831330026144}, "datetime": {"datetime": "2021-09-23 13:24:22", "elapsed": 321.454053, "delta": 0.65169}}
{"target": -3.8695497849695757, "params": {"C": 192.69783015038652, "epsilon": 0.9545973929262257, "gamma": 0.02642970656906267, "lamda": 0.05857010939183181}, "datetime": {"datetime": "2021-09-23 13:24:32", "elapsed": 331.353506, "delta": 9.899453}}
{"target": -1.7214263385425754, "params": {"C": 143.12865332461774, "epsilon": 0.457895656610391, "gamma": 0.06945608979050098, "lamda": 0.2987027635053492}, "datetime": {"datetime": "2021-09-23 13:24:42", "elapsed": 341.66719, "delta": 10.313684}}
{"target": -3.3250965888259136, "params": {"C": 103.11372027214077, "epsilon": 0.6015715116001653, "gamma": 0.026991627415162173, "lamda": 0.10211013657045966}, "datetime": {"datetime": "2021-09-23 13:24:53", "elapsed": 351.922146, "delta": 10.254956}}
{"target": -2.4068108879500887, "params": {"C": 119.6268813977423, "epsilon": 0.9421031728457888, "gamma": 0.0507519631122527, "lamda": 0.06763027111102583}, "datetime": {"datetime": "2021-09-23 13:25:03", "elapsed": 362.355483, "delta": 10.433337}}
{"target": -3.4474305730919017, "params": {"C": 120.1607290191385, "epsilon": 0.4611783209522921, "gamma": 0.03395389934433077, "lamda": 0.33161655699433523}, "datetime": {"datetime": "2021-09-23 13:25:13", "elapsed": 371.828708, "delta": 9.473225}}
{"target": 0.8406708914018881, "params": {"C": 189.6581307695502, "epsilon": 0.5810300102238392, "gamma": 0.19521833182848197, "lamda": 0.3504396989679044}, "datetime": {"datetime": "2021-09-23 13:25:13", "elapsed": 372.402221, "delta": 0.573513}}
{"target": -1.1951766405760242, "params": {"C": 126.38804405281368, "epsilon": 0.7436534970939901, "gamma": 0.09636132528966815, "lamda": 0.35540787339501734}, "datetime": {"datetime": "2021-09-23 13:25:23", "elapsed": 382.673248, "delta": 10.271027}}
{"target": 0.8965712705986824, "params": {"C": 116.86332837778015, "epsilon": 0.8734354609096062, "gamma": 0.1069274567489049, "lamda": 0.08350017738873874}, "datetime": {"datetime": "2021-09-23 13:25:24", "elapsed": 383.727455, "delta": 1.054207}}
{"target": 0.8426702861631026, "params": {"C": 166.14663156974814, "epsilon": 0.1597989330925227, "gamma": 0.19473514425358282, "lamda": 0.34869405245364415}, "datetime": {"datetime": "2021-09-23 13:25:25", "elapsed": 384.298456, "delta": 0.571001}}
{"target": 0.8638349307536468, "params": {"C": 119.15862854426753, "epsilon": 0.3000822529778729, "gamma": 0.16960406573059983, "lamda": 0.20912277914391078}, "datetime": {"datetime": "2021-09-23 13:25:26", "elapsed": 384.874686, "delta": 0.57623}}
{"target": 0.8992108367258823, "params": {"C": 116.92405118998391, "epsilon": 0.6665795921109328, "gamma": 0.0985368176543434, "lamda": 0.11930333621237317}, "datetime": {"datetime": "2021-09-23 13:25:26", "elapsed": 385.641686, "delta": 0.767}}
{"target": 0.8599490953171868, "params": {"C": 103.794722850508, "epsilon": 0.9505039573351692, "gamma": 0.1787045075969457, "lamda": 0.030682248174174}, "datetime": {"datetime": "2021-09-23 13:25:27", "elapsed": 386.248328, "delta": 0.606642}}
{"target": -1.6437127335203319, "params": {"C": 166.21837822746696, "epsilon": 0.11904567814272744, "gamma": 0.06875422724364244, "lamda": 0.2536015353938769}, "datetime": {"datetime": "2021-09-23 13:25:40", "elapsed": 398.956882, "delta": 12.708554}}
{"target": -1.9171221794232949, "params": {"C": 189.59932726469276, "epsilon": 0.6552379192212231, "gamma": 0.07966342790532212, "lamda": 0.32505054580391085}, "datetime": {"datetime": "2021-09-23 13:25:50", "elapsed": 409.512099, "delta": 10.555217}}
{"target": 0.8970266594762262, "params": {"C": 198.39244681198227, "epsilon": 0.4212224579342212, "gamma": 0.10786210448196376, "lamda": 0.18820075927929283}, "datetime": {"datetime": "2021-09-23 13:25:51", "elapsed": 410.097448, "delta": 0.585349}}
{"target": -3.1591931991610513, "params": {"C": 175.87604803730662, "epsilon": 0.5337048775715479, "gamma": 0.0419591411395866, "lamda": 0.1466127452487359}, "datetime": {"datetime": "2021-09-23 13:26:02", "elapsed": 421.284948, "delta": 11.1875}}
{"target": 0.8919239497434744, "params": {"C": 116.80844357466796, "epsilon": 0.7354998147243963, "gamma": 0.11839153715560087, "lamda": 0.0873642368847187}, "datetime": {"datetime": "2021-09-23 13:26:03", "elapsed": 422.410948, "delta": 1.126}}
{"target": 0.8404406118634205, "params": {"C": 159.67805399839804, "epsilon": 0.37150022896440243, "gamma": 0.1996906778243612, "lamda": 0.24164683686128854}, "datetime": {"datetime": "2021-09-23 13:26:04", "elapsed": 423.066763, "delta": 0.655815}}
{"target": 0.8443501552828472, "params": {"C": 116.88670791631215, "epsilon": 0.636916238521817, "gamma": 0.2, "lamda": 0.21366212202440787}, "datetime": {"datetime": "2021-09-23 13:26:05", "elapsed": 424.2674, "delta": 1.200637}}
{"target": 0.8556097713403003, "params": {"C": 186.84217657549877, "epsilon": 0.8001368636136533, "gamma": 0.1699032000671473, "lamda": 0.2652930191170317}, "datetime": {"datetime": "2021-09-23 13:26:06", "elapsed": 424.93893, "delta": 0.67153}}
{"target": 0.8480297044104528, "params": {"C": 155.92411922485235, "epsilon": 0.2849076563793094, "gamma": 0.18664493652331007, "lamda": 0.3625843914115416}, "datetime": {"datetime": "2021-09-23 13:26:06", "elapsed": 425.619941, "delta": 0.681011}}
{"target": 0.8832935482299094, "params": {"C": 159.40530252129545, "epsilon": 0.6092217504526369, "gamma": 0.13407185385140796, "lamda": 0.3037445581135711}, "datetime": {"datetime": "2021-09-23 13:26:08", "elapsed": 426.862198, "delta": 1.242257}}
{"target": 0.8400171154022344, "params": {"C": 163.90875927815037, "epsilon": 0.05, "gamma": 0.2, "lamda": 0.38256226160313855}, "datetime": {"datetime": "2021-09-23 13:26:09", "elapsed": 428.626144, "delta": 1.763946}}
{"target": 0.8567355381335914, "params": {"C": 107.53292523514699, "epsilon": 0.5507443452182548, "gamma": 0.1828605100646234, "lamda": 0.1264038590222591}, "datetime": {"datetime": "2021-09-23 13:26:10", "elapsed": 429.35511, "delta": 0.728966}}
{"target": 0.8906358808366719, "params": {"C": 159.56146604942586, "epsilon": 0.49240792710167475, "gamma": 0.12220890329941583, "lamda": 0.1929559287918035}, "datetime": {"datetime": "2021-09-23 13:26:11", "elapsed": 430.798739, "delta": 1.443629}}
