{"target": 0.8400779469288712, "params": {"C": 162.53490717250386, "epsilon": 0.563221854117329, "gamma": 0.2, "lamda": 0.001}, "datetime": {"datetime": "2021-09-23 13:09:20", "elapsed": 644.463096, "delta": 1.844739}}
{"target": 0.913201619901666, "params": {"C": 165.86533887396837, "epsilon": 0.9295151677271241, "gamma": 0.06639877094671424, "lamda": 0.0012353653278177447}, "datetime": {"datetime": "2021-09-23 13:09:23", "elapsed": 647.305222, "delta": 2.842126}}
{"target": 0.8996695214555893, "params": {"C": 131.9789092450164, "epsilon": 0.44120505639707447, "gamma": 0.10041792011614066, "lamda": 0.15873463680573827}, "datetime": {"datetime": "2021-09-23 13:09:25", "elapsed": 649.390227, "delta": 2.085005}}
{"target": -2.1189896838926963, "params": {"C": 130.88886152895236, "epsilon": 0.10634403454564872, "gamma": 0.01, "lamda": 0.2}, "datetime": {"datetime": "2021-09-23 13:09:34", "elapsed": 658.063257, "delta": 8.67303}}
{"target": 0.9038504506051711, "params": {"C": 131.6385736243634, "epsilon": 0.10898567142631421, "gamma": 0.0843870766691547, "lamda": 0.0027477530300969383}, "datetime": {"datetime": "2021-09-23 13:09:37", "elapsed": 660.625681, "delta": 2.562424}}
{"target": 0.91391201808694, "params": {"C": 130.82367389612529, "epsilon": 0.8586922250505373, "gamma": 0.0468023719027437, "lamda": 0.004685448119646746}, "datetime": {"datetime": "2021-09-23 13:09:39", "elapsed": 663.311754, "delta": 2.686073}}
{"target": 0.8710031017618535, "params": {"C": 131.2150616425259, "epsilon": 0.6750269994440715, "gamma": 0.15658906350937668, "lamda": 0.0751819820797693}, "datetime": {"datetime": "2021-09-23 13:09:41", "elapsed": 665.453481, "delta": 2.141727}}
{"target": 0.8399058827444746, "params": {"C": 183.09885037424553, "epsilon": 0.4614654910828682, "gamma": 0.1976373095657416, "lamda": 0.17068483445810315}, "datetime": {"datetime": "2021-09-23 13:09:43", "elapsed": 666.794697, "delta": 1.341216}}
{"target": 0.8426469787641109, "params": {"C": 130.5131367411762, "epsilon": 0.5551469922977322, "gamma": 0.2, "lamda": 0.001}, "datetime": {"datetime": "2021-09-23 13:09:45", "elapsed": 669.14474, "delta": 2.350043}}
{"target": 0.8604479883202251, "params": {"C": 130.24749511139575, "epsilon": 0.14533395937626925, "gamma": 0.17273934158320736, "lamda": 0.07718991765977627}, "datetime": {"datetime": "2021-09-23 13:09:47", "elapsed": 671.410317, "delta": 2.265577}}
{"target": 0.8405061509431668, "params": {"C": 155.5859910580089, "epsilon": 0.8884016418161221, "gamma": 0.2, "lamda": 0.2}, "datetime": {"datetime": "2021-09-23 13:09:49", "elapsed": 673.523354, "delta": 2.113037}}
{"target": 0.839809855509664, "params": {"C": 165.53477934629834, "epsilon": 1.0, "gamma": 0.2, "lamda": 0.17589598620103977}, "datetime": {"datetime": "2021-09-23 13:09:52", "elapsed": 675.615832, "delta": 2.092478}}
{"target": 0.8946328099597307, "params": {"C": 170.5334392040532, "epsilon": 0.09724868414002699, "gamma": 0.11417776228839188, "lamda": 0.030473197970956743}, "datetime": {"datetime": "2021-09-23 13:09:54", "elapsed": 677.824054, "delta": 2.208222}}
{"target": 0.8646855651939689, "params": {"C": 105.57326539924415, "epsilon": 0.5346387600321976, "gamma": 0.1709424042471094, "lamda": 0.05260084534847043}, "datetime": {"datetime": "2021-09-23 13:09:55", "elapsed": 678.910054, "delta": 1.086}}
{"target": 0.8707785351759926, "params": {"C": 185.92368275980834, "epsilon": 0.6833818384638141, "gamma": 0.01, "lamda": 0.001}, "datetime": {"datetime": "2021-09-23 13:09:57", "elapsed": 681.108406, "delta": 2.198352}}
{"target": 0.9021449694711834, "params": {"C": 147.08562012332706, "epsilon": 0.711868276102771, "gamma": 0.0937021706005891, "lamda": 0.19334846186786742}, "datetime": {"datetime": "2021-09-23 13:09:59", "elapsed": 683.101084, "delta": 1.992678}}
{"target": 0.9044320224066735, "params": {"C": 138.18684686276373, "epsilon": 0.27011365284640876, "gamma": 0.03245903972501729, "lamda": 0.03936296630564472}, "datetime": {"datetime": "2021-09-23 13:10:02", "elapsed": 685.587426, "delta": 2.486342}}
{"target": 0.8854599965745825, "params": {"C": 137.80945575932412, "epsilon": 0.5135435090971416, "gamma": 0.13329300825102458, "lamda": 0.11906976593119874}, "datetime": {"datetime": "2021-09-23 13:10:04", "elapsed": 688.027729, "delta": 2.440303}}
{"target": 0.9122985038004118, "params": {"C": 114.38809826913011, "epsilon": 0.05762177671270327, "gamma": 0.06535695797726698, "lamda": 0.04121970279059168}, "datetime": {"datetime": "2021-09-23 13:10:05", "elapsed": 689.303265, "delta": 1.275536}}
{"target": -3.6500596263629763, "params": {"C": 150.46676214431176, "epsilon": 0.22617725028453306, "gamma": 0.018530736562470847, "lamda": 0.11315353760092542}, "datetime": {"datetime": "2021-09-23 13:10:17", "elapsed": 700.659807, "delta": 11.356542}}
{"target": 0.8831952160274249, "params": {"C": 105.6870091561992, "epsilon": 0.09474549970151312, "gamma": 0.139418567067796, "lamda": 0.16587820025861366}, "datetime": {"datetime": "2021-09-23 13:10:20", "elapsed": 704.099198, "delta": 3.439391}}
{"target": 0.9094826998853957, "params": {"C": 192.0240450527195, "epsilon": 0.5823089174650606, "gamma": 0.07248654461647994, "lamda": 0.06020951747090594}, "datetime": {"datetime": "2021-09-23 13:10:21", "elapsed": 705.379681, "delta": 1.280483}}
{"target": 0.8688632818330649, "params": {"C": 109.4037094597653, "epsilon": 0.17814932061638108, "gamma": 0.01, "lamda": 0.001}, "datetime": {"datetime": "2021-09-23 13:10:24", "elapsed": 707.603181, "delta": 2.2235}}
{"target": -3.2949869326344983, "params": {"C": 146.94999661936723, "epsilon": 0.20123311445674164, "gamma": 0.03792459714501379, "lamda": 0.10808805556518987}, "datetime": {"datetime": "2021-09-23 13:10:35", "elapsed": 719.363181, "delta": 11.76}}
{"target": 0.886136895020596, "params": {"C": 168.06159849811507, "epsilon": 0.05884223136458348, "gamma": 0.128510949725989, "lamda": 0.03865740611228695}, "datetime": {"datetime": "2021-09-23 13:10:38", "elapsed": 721.699796, "delta": 2.336615}}
{"target": 0.8459898413305187, "params": {"C": 106.12656502267207, "epsilon": 0.41281205570051954, "gamma": 0.2, "lamda": 0.2}, "datetime": {"datetime": "2021-09-23 13:10:39", "elapsed": 723.485019, "delta": 1.785223}}
{"target": 0.9070937071316609, "params": {"C": 143.98450476511832, "epsilon": 0.9882744331008403, "gamma": 0.07716472990121111, "lamda": 0.10389229865172928}, "datetime": {"datetime": "2021-09-23 13:10:41", "elapsed": 724.873069, "delta": 1.38805}}
{"target": -3.2505111854158812, "params": {"C": 144.0037328421528, "epsilon": 0.49963266921510097, "gamma": 0.020344329094376806, "lamda": 0.11331233445897668}, "datetime": {"datetime": "2021-09-23 13:10:53", "elapsed": 736.676916, "delta": 11.803847}}
{"target": 0.8816066283339224, "params": {"C": 143.57388097873906, "epsilon": 0.9663798053062846, "gamma": 0.1390886406018045, "lamda": 0.094525147322005}, "datetime": {"datetime": "2021-09-23 13:10:54", "elapsed": 738.435637, "delta": 1.758721}}
{"target": -3.301953237773363, "params": {"C": 143.14336064584222, "epsilon": 0.6942845596826472, "gamma": 0.0315113829220066, "lamda": 0.10401801333940563}, "datetime": {"datetime": "2021-09-23 13:11:06", "elapsed": 750.234798, "delta": 11.799161}}
{"target": 0.867677462848892, "params": {"C": 143.1919189353316, "epsilon": 0.13456697637232656, "gamma": 0.15932044607658075, "lamda": 0.0019375541168218683}, "datetime": {"datetime": "2021-09-23 13:11:09", "elapsed": 753.089096, "delta": 2.854298}}
{"target": 0.8443013085310287, "params": {"C": 146.37964397184732, "epsilon": 0.6142441204490537, "gamma": 0.19420571600823322, "lamda": 0.15066936912020482}, "datetime": {"datetime": "2021-09-23 13:11:11", "elapsed": 755.218768, "delta": 2.129672}}
{"target": 0.8414017023258513, "params": {"C": 142.8484538983378, "epsilon": 0.11416207650611859, "gamma": 0.2, "lamda": 0.2}, "datetime": {"datetime": "2021-09-23 13:11:14", "elapsed": 757.971631, "delta": 2.752863}}
{"target": -2.98526473149613, "params": {"C": 171.16718395510946, "epsilon": 0.9635836520133423, "gamma": 0.027562132667535447, "lamda": 0.011499250957293348}, "datetime": {"datetime": "2021-09-23 13:11:25", "elapsed": 769.260435, "delta": 11.288804}}
{"target": 0.8725258883206053, "params": {"C": 158.8347896562181, "epsilon": 0.6382872550399802, "gamma": 0.1496505835314114, "lamda": 0.004964840003137063}, "datetime": {"datetime": "2021-09-23 13:11:27", "elapsed": 770.760285, "delta": 1.49985}}
{"target": 0.9055041119266912, "params": {"C": 171.2434371250588, "epsilon": 0.21124199297300827, "gamma": 0.08606364405977578, "lamda": 0.12772434803903954}, "datetime": {"datetime": "2021-09-23 13:11:29", "elapsed": 772.885779, "delta": 2.125494}}
{"target": 0.9069969912503861, "params": {"C": 171.63980289834015, "epsilon": 0.4836666715819785, "gamma": 0.07935961503279192, "lamda": 0.07460014428851325}, "datetime": {"datetime": "2021-09-23 13:11:31", "elapsed": 775.425413, "delta": 2.539634}}
{"target": 0.8719910908961951, "params": {"C": 177.30384778131676, "epsilon": 0.2825242772982102, "gamma": 0.012900251470654638, "lamda": 0.023092487359222157}, "datetime": {"datetime": "2021-09-23 13:11:34", "elapsed": 777.770658, "delta": 2.345245}}
{"target": 0.8426936067171045, "params": {"C": 170.97539313163583, "epsilon": 0.45203267671089625, "gamma": 0.19406336058597476, "lamda": 0.1918635596292151}, "datetime": {"datetime": "2021-09-23 13:11:36", "elapsed": 780.104738, "delta": 2.33408}}
{"target": 0.869521588622012, "params": {"C": 125.15610440724137, "epsilon": 0.4092621926968293, "gamma": 0.01, "lamda": 0.001}, "datetime": {"datetime": "2021-09-23 13:11:38", "elapsed": 782.232507, "delta": 2.127769}}
{"target": 0.8977858033491805, "params": {"C": 146.0586569323502, "epsilon": 0.057976170386505904, "gamma": 0.10655153022038898, "lamda": 0.19037653599406373}, "datetime": {"datetime": "2021-09-23 13:11:41", "elapsed": 784.852796, "delta": 2.620289}}
{"target": 0.8972438473894274, "params": {"C": 136.11049752521404, "epsilon": 0.06266578521487269, "gamma": 0.10726433415066272, "lamda": 0.15998170966368525}, "datetime": {"datetime": "2021-09-23 13:11:42", "elapsed": 786.050892, "delta": 1.198096}}
{"target": 0.8868713931803182, "params": {"C": 169.98423560818628, "epsilon": 0.542433184956681, "gamma": 0.12728064004004844, "lamda": 0.08094135236497567}, "datetime": {"datetime": "2021-09-23 13:11:43", "elapsed": 787.439526, "delta": 1.388634}}
{"target": 0.9062007662510734, "params": {"C": 170.2049013645153, "epsilon": 0.6520619146818691, "gamma": 0.08237224741337539, "lamda": 0.03625532563013079}, "datetime": {"datetime": "2021-09-23 13:11:47", "elapsed": 790.959213, "delta": 3.519687}}
{"target": 0.846527695000598, "params": {"C": 169.90215152437105, "epsilon": 0.8479380990318718, "gamma": 0.18709229152165238, "lamda": 0.009900664766123682}, "datetime": {"datetime": "2021-09-23 13:11:50", "elapsed": 793.847567, "delta": 2.888354}}
{"target": 0.8990030239204562, "params": {"C": 166.4932544830176, "epsilon": 0.7825039093858597, "gamma": 0.10469563583008566, "lamda": 0.054598237210164054}, "datetime": {"datetime": "2021-09-23 13:11:53", "elapsed": 797.291476, "delta": 3.443909}}
{"target": 0.9082194977048352, "params": {"C": 119.51239850037858, "epsilon": 0.3316523609817822, "gamma": 0.03863256174956688, "lamda": 0.0036944931680799437}, "datetime": {"datetime": "2021-09-23 13:11:56", "elapsed": 800.280386, "delta": 2.98891}}
{"target": 0.8913796050755964, "params": {"C": 113.13189095132559, "epsilon": 0.32942824962722095, "gamma": 0.11963087779810865, "lamda": 0.18261607054174855}, "datetime": {"datetime": "2021-09-23 13:11:59", "elapsed": 802.863842, "delta": 2.583456}}
{"target": 0.8688752718657906, "params": {"C": 109.1249861047386, "epsilon": 0.6915506532134925, "gamma": 0.01, "lamda": 0.001}, "datetime": {"datetime": "2021-09-23 13:12:01", "elapsed": 804.826513, "delta": 1.962671}}
{"target": 0.8564988124323821, "params": {"C": 145.67570124167236, "epsilon": 0.31899168839328457, "gamma": 0.17588041260142562, "lamda": 0.10300053193274936}, "datetime": {"datetime": "2021-09-23 13:12:04", "elapsed": 807.76115, "delta": 2.934637}}
{"target": 0.8593084578192618, "params": {"C": 152.9329248218726, "epsilon": 0.4819921257465861, "gamma": 0.17046604817353722, "lamda": 0.1524878343769124}, "datetime": {"datetime": "2021-09-23 13:12:05", "elapsed": 809.07106, "delta": 1.30991}}
{"target": 0.8791540897986918, "params": {"C": 159.18743194466748, "epsilon": 0.6080152361162584, "gamma": 0.13993601943954512, "lamda": 0.01538046178231563}, "datetime": {"datetime": "2021-09-23 13:12:07", "elapsed": 811.556429, "delta": 2.485369}}
{"target": 0.845425524127798, "params": {"C": 136.2796930325597, "epsilon": 0.3897390139816568, "gamma": 0.19442041489403689, "lamda": 0.13543647885734134}, "datetime": {"datetime": "2021-09-23 13:12:10", "elapsed": 814.296304, "delta": 2.739875}}
{"target": -3.048644691702572, "params": {"C": 136.58264726541375, "epsilon": 0.11833831531482131, "gamma": 0.04364116497808532, "lamda": 0.06639116273802785}, "datetime": {"datetime": "2021-09-23 13:12:24", "elapsed": 827.756177, "delta": 13.459873}}
{"target": 0.9050672055728347, "params": {"C": 136.51232784081427, "epsilon": 0.8365387129580667, "gamma": 0.08127056274520465, "lamda": 0.17138830572033711}, "datetime": {"datetime": "2021-09-23 13:12:27", "elapsed": 830.871833, "delta": 3.115656}}
{"target": -2.9179265812944837, "params": {"C": 135.86448205082607, "epsilon": 0.3560489845300825, "gamma": 0.03970205265738437, "lamda": 0.12110842287181997}, "datetime": {"datetime": "2021-09-23 13:12:40", "elapsed": 844.277862, "delta": 13.406029}}
{"target": 0.8900566575230318, "params": {"C": 112.90353504646822, "epsilon": 0.41141667078889543, "gamma": 0.12339474163446688, "lamda": 0.13913437685792887}, "datetime": {"datetime": "2021-09-23 13:12:42", "elapsed": 845.957383, "delta": 1.679521}}
{"target": 0.8758670814571933, "params": {"C": 136.88094891447096, "epsilon": 0.7913223170884162, "gamma": 0.148463945149158, "lamda": 0.0416952664345296}, "datetime": {"datetime": "2021-09-23 13:12:44", "elapsed": 848.389384, "delta": 2.432001}}
{"target": 0.8699266802898442, "params": {"C": 177.08546908824172, "epsilon": 0.6855849337876928, "gamma": 0.013933560617846607, "lamda": 0.0010058301370090006}, "datetime": {"datetime": "2021-09-23 13:12:47", "elapsed": 851.207377, "delta": 2.817993}}
{"target": 0.8481935619524981, "params": {"C": 176.6118252418206, "epsilon": 0.835812687279072, "gamma": 0.1832276740486246, "lamda": 0.19815869025044083}, "datetime": {"datetime": "2021-09-23 13:12:51", "elapsed": 854.669645, "delta": 3.462268}}
{"target": 0.9093592227834304, "params": {"C": 109.01746945570916, "epsilon": 0.055453794742070406, "gamma": 0.07359718788701056, "lamda": 0.03225707137318698}, "datetime": {"datetime": "2021-09-23 13:12:53", "elapsed": 857.416095, "delta": 2.74645}}
{"target": -3.133106065920324, "params": {"C": 107.64113343954574, "epsilon": 0.25488189637801656, "gamma": 0.019886814686785874, "lamda": 0.17557030712845625}, "datetime": {"datetime": "2021-09-23 13:13:08", "elapsed": 871.710339, "delta": 14.294244}}
{"target": 0.8794443540113271, "params": {"C": 108.33116673135952, "epsilon": 0.2268879998610589, "gamma": 0.14650307946889835, "lamda": 0.07069153899744676}, "datetime": {"datetime": "2021-09-23 13:13:10", "elapsed": 874.305563, "delta": 2.595224}}
{"target": 0.8435745087764183, "params": {"C": 165.9739324968221, "epsilon": 0.6853078836407874, "gamma": 0.19301094143035671, "lamda": 0.16751326999645771}, "datetime": {"datetime": "2021-09-23 13:13:14", "elapsed": 877.820689, "delta": 3.515126}}
{"target": 0.8519024952987229, "params": {"C": 120.93364830889149, "epsilon": 0.6763806052613592, "gamma": 0.1875190027156701, "lamda": 0.039502571089336885}, "datetime": {"datetime": "2021-09-23 13:13:15", "elapsed": 879.126783, "delta": 1.306094}}
{"target": 0.8688284731311056, "params": {"C": 108.72711238974398, "epsilon": 0.3668542784993622, "gamma": 0.01, "lamda": 0.001}, "datetime": {"datetime": "2021-09-23 13:13:18", "elapsed": 881.940797, "delta": 2.814014}}
{"target": 0.8503826040895968, "params": {"C": 120.54444643110311, "epsilon": 0.7265672835575029, "gamma": 0.1898648045693762, "lamda": 0.1990748713882066}, "datetime": {"datetime": "2021-09-23 13:13:21", "elapsed": 885.011404, "delta": 3.070607}}
{"target": 0.9170074456358079, "params": {"C": 155.7302495948984, "epsilon": 0.6692215993753011, "gamma": 0.053128183699548776, "lamda": 0.021981813912168822}, "datetime": {"datetime": "2021-09-23 13:13:24", "elapsed": 888.322542, "delta": 3.311138}}
{"target": 0.8527834824603342, "params": {"C": 107.08203430639375, "epsilon": 0.159077381203099, "gamma": 0.18904270444654722, "lamda": 0.02476197576920678}, "datetime": {"datetime": "2021-09-23 13:13:27", "elapsed": 891.099165, "delta": 2.776623}}
{"target": -2.672606010043029, "params": {"C": 187.07016787109154, "epsilon": 0.8417014946554608, "gamma": 0.01, "lamda": 0.2}, "datetime": {"datetime": "2021-09-23 13:13:40", "elapsed": 903.769252, "delta": 12.670087}}
{"target": 0.8513871253599247, "params": {"C": 186.81939566597885, "epsilon": 0.23543564259255884, "gamma": 0.1760622719420749, "lamda": 0.04615107240060678}, "datetime": {"datetime": "2021-09-23 13:13:42", "elapsed": 906.213161, "delta": 2.443909}}
{"target": 0.8754118498882716, "params": {"C": 186.4147949271407, "epsilon": 0.8655763899931568, "gamma": 0.14147089719569791, "lamda": 0.1939511020193106}, "datetime": {"datetime": "2021-09-23 13:13:46", "elapsed": 910.073849, "delta": 3.860688}}
{"target": 0.8936799256231664, "params": {"C": 119.09769353674005, "epsilon": 0.7158048260457354, "gamma": 0.026983435306246924, "lamda": 0.01873209078935223}, "datetime": {"datetime": "2021-09-23 13:13:49", "elapsed": 912.781979, "delta": 2.70813}}
{"target": 0.8871775019951805, "params": {"C": 187.72056957007126, "epsilon": 0.9646353289724957, "gamma": 0.12461918563550319, "lamda": 0.0070916596585378884}, "datetime": {"datetime": "2021-09-23 13:13:52", "elapsed": 915.775369, "delta": 2.99339}}
{"target": 0.8769326259667034, "params": {"C": 187.23338720522628, "epsilon": 0.2450534889794166, "gamma": 0.13870927493773572, "lamda": 0.010004140414431872}, "datetime": {"datetime": "2021-09-23 13:13:54", "elapsed": 918.467191, "delta": 2.691822}}
{"target": -2.466315189514045, "params": {"C": 123.17253577149538, "epsilon": 0.23063351309328411, "gamma": 0.01, "lamda": 0.2}, "datetime": {"datetime": "2021-09-23 13:14:08", "elapsed": 932.488716, "delta": 14.021525}}
{"target": 0.8474643340492335, "params": {"C": 177.07348091219984, "epsilon": 0.8976608140144646, "gamma": 0.1844715000191059, "lamda": 0.19831438367806262}, "datetime": {"datetime": "2021-09-23 13:14:12", "elapsed": 936.22827, "delta": 3.739554}}
{"target": 0.8838481072405482, "params": {"C": 177.1320643266746, "epsilon": 0.06971435189143142, "gamma": 0.13039316463599232, "lamda": 0.3045454753646725}, "datetime": {"datetime": "2021-09-23 13:19:01", "elapsed": 0.0, "delta": 0.0}}
{"target": -2.5750247740661356, "params": {"C": 149.85070123025903, "epsilon": 0.26355681325430524, "gamma": 0.04763194430432856, "lamda": 0.30900167063560435}, "datetime": {"datetime": "2021-09-23 13:19:11", "elapsed": 10.421026, "delta": 10.421026}}
{"target": 0.8824550557436569, "params": {"C": 116.91108365625354, "epsilon": 0.13392282346530976, "gamma": 0.14021836548988148, "lamda": 0.3822894715540759}, "datetime": {"datetime": "2021-09-23 13:19:12", "elapsed": 10.843676, "delta": 0.42265}}
{"target": -1.1804542985025965, "params": {"C": 178.67530759744577, "epsilon": 0.20371604322928027, "gamma": 0.09897060671932596, "lamda": 0.3168652176694958}, "datetime": {"datetime": "2021-09-23 13:19:22", "elapsed": 21.12445, "delta": 10.280774}}
{"target": -3.2721488070516873, "params": {"C": 126.08205775580313, "epsilon": 0.23745938839096065, "gamma": 0.026826183241056255, "lamda": 0.3013760902188502}, "datetime": {"datetime": "2021-09-23 13:19:34", "elapsed": 32.804429, "delta": 11.679979}}
{"target": -3.202065791115392, "params": {"C": 134.66572872603703, "epsilon": 0.23486159053503963, "gamma": 0.03957221540697578, "lamda": 0.12516532448097617}, "datetime": {"datetime": "2021-09-23 13:19:44", "elapsed": 43.379198, "delta": 10.574769}}
{"target": 0.8840629143144715, "params": {"C": 176.08550509718526, "epsilon": 0.28008456744276944, "gamma": 0.1303341096110095, "lamda": 0.31851612878252195}, "datetime": {"datetime": "2021-09-23 13:19:45", "elapsed": 43.890204, "delta": 0.511006}}
{"target": 0.859617428833477, "params": {"C": 114.27833187363919, "epsilon": 0.1951245414118068, "gamma": 0.1770073495330102, "lamda": 0.22749782056395895}, "datetime": {"datetime": "2021-09-23 13:19:45", "elapsed": 44.571199, "delta": 0.680995}}
{"target": -2.704883916201415, "params": {"C": 110.84801841587783, "epsilon": 1.0, "gamma": 0.01, "lamda": 0.4}, "datetime": {"datetime": "2021-09-23 13:19:56", "elapsed": 55.043531, "delta": 10.472332}}
{"target": 0.8439222394722228, "params": {"C": 119.55260366782613, "epsilon": 1.0, "gamma": 0.2, "lamda": 0.02}, "datetime": {"datetime": "2021-09-23 13:19:56", "elapsed": 55.740568, "delta": 0.697037}}
{"target": 0.8394658878095174, "params": {"C": 171.9630856354237, "epsilon": 0.05, "gamma": 0.2, "lamda": 0.02}, "datetime": {"datetime": "2021-09-23 13:19:57", "elapsed": 56.479263, "delta": 0.738695}}
{"target": -2.3627479358057975, "params": {"C": 169.00505757705992, "epsilon": 1.0, "gamma": 0.01, "lamda": 0.4}, "datetime": {"datetime": "2021-09-23 13:20:07", "elapsed": 66.569832, "delta": 10.090569}}
{"target": -3.1687825817132884, "params": {"C": 173.5863732512628, "epsilon": 0.9430972147856042, "gamma": 0.03834383307656559, "lamda": 0.059067070964867976}, "datetime": {"datetime": "2021-09-23 13:20:18", "elapsed": 77.144164, "delta": 10.574332}}
