{"target": -2.7697297063869506, "params": {"C": 128.62719647490613, "epsilon": 0.25985711980506143, "gamma": 0.05183798899278451, "lamda": 0.41957157109730436}, "datetime": {"datetime": "2021-09-23 14:23:15", "elapsed": 330.859464, "delta": 10.65396}}
{"target": -2.617196959981763, "params": {"C": 198.33529358809096, "epsilon": 0.3319319556410082, "gamma": 0.04834359521584865, "lamda": 0.08081681543361803}, "datetime": {"datetime": "2021-09-23 14:23:26", "elapsed": 341.209269, "delta": 10.349805}}
{"target": -2.6423636997140862, "params": {"C": 142.8686383581443, "epsilon": 0.5624034269850734, "gamma": 0.05172442028259512, "lamda": 0.06355937166456734}, "datetime": {"datetime": "2021-09-23 14:23:35", "elapsed": 350.790595, "delta": 9.581326}}
{"target": -3.233470084224141, "params": {"C": 198.57286258530388, "epsilon": 0.4190434975885462, "gamma": 0.050753751026672685, "lamda": 0.081236178426978}, "datetime": {"datetime": "2021-09-23 14:23:45", "elapsed": 360.28638, "delta": 9.495785}}
{"target": -2.2991228820134793, "params": {"C": 198.4753730531064, "epsilon": 0.33537601128763544, "gamma": 0.052654837877150945, "lamda": 0.054810610754715265}, "datetime": {"datetime": "2021-09-23 14:23:54", "elapsed": 369.575662, "delta": 9.289282}}
{"target": -2.7445520724429735, "params": {"C": 198.6351803745971, "epsilon": 0.05372511849548633, "gamma": 0.05094083126065995, "lamda": 0.12022292150197408}, "datetime": {"datetime": "2021-09-23 14:24:04", "elapsed": 379.086068, "delta": 9.510406}}
{"target": 0.9103164610485774, "params": {"C": 198.36406828404108, "epsilon": 0.169075186874619, "gamma": 0.07, "lamda": 0.001}, "datetime": {"datetime": "2021-09-23 14:24:04", "elapsed": 379.700033, "delta": 0.613965}}
{"target": 0.9148763858099759, "params": {"C": 142.85153866801056, "epsilon": 0.48036878344924067, "gamma": 0.062044726422058216, "lamda": 0.1214588238724354}, "datetime": {"datetime": "2021-09-23 14:24:05", "elapsed": 380.266051, "delta": 0.566018}}
{"target": -3.472847835736429, "params": {"C": 199.56428557097712, "epsilon": 0.08274696162656, "gamma": 0.04585972007246639, "lamda": 0.03544393964091051}, "datetime": {"datetime": "2021-09-23 14:24:15", "elapsed": 390.465665, "delta": 10.199614}}
{"target": 0.9138051553619151, "params": {"C": 120.07061768726464, "epsilon": 0.6993852521625743, "gamma": 0.05735610109477683, "lamda": 0.07019105639547688}, "datetime": {"datetime": "2021-09-23 14:24:16", "elapsed": 391.069669, "delta": 0.604004}}
{"target": 0.9117532897779914, "params": {"C": 120.01037841841023, "epsilon": 0.6853391248027672, "gamma": 0.06852135113417643, "lamda": 0.0719076079729602}, "datetime": {"datetime": "2021-09-23 14:24:16", "elapsed": 391.702841, "delta": 0.633172}}
{"target": -2.1923617314745507, "params": {"C": 142.81029052698318, "epsilon": 0.4823460511224688, "gamma": 0.050077176556063065, "lamda": 0.07746367767787356}, "datetime": {"datetime": "2021-09-23 14:24:27", "elapsed": 402.053563, "delta": 10.350722}}
{"target": 0.9138256280524344, "params": {"C": 120.08611052311561, "epsilon": 0.724368680226181, "gamma": 0.05388855897825762, "lamda": 0.02695615868246392}, "datetime": {"datetime": "2021-09-23 14:24:27", "elapsed": 402.665563, "delta": 0.612}}
{"target": -3.6435051404387515, "params": {"C": 138.63350698122264, "epsilon": 0.7452483546677982, "gamma": 0.03705100160100263, "lamda": 0.54848781970809}, "datetime": {"datetime": "2021-09-23 14:24:38", "elapsed": 413.308664, "delta": 10.643101}}
{"target": -2.5012481920008423, "params": {"C": 198.79486640601965, "epsilon": 0.3130785999316755, "gamma": 0.057073658295065964, "lamda": 0.12814124134356894}, "datetime": {"datetime": "2021-09-23 14:24:48", "elapsed": 423.561663, "delta": 10.252999}}
{"target": 0.9133539045287159, "params": {"C": 198.882522357201, "epsilon": 0.40254943824547357, "gamma": 0.06474683717820218, "lamda": 0.04070248336644605}, "datetime": {"datetime": "2021-09-23 14:24:49", "elapsed": 424.209663, "delta": 0.648}}
{"target": 0.9102951522166114, "params": {"C": 198.46088702783004, "epsilon": 0.4425856228460941, "gamma": 0.07, "lamda": 0.022303571131151313}, "datetime": {"datetime": "2021-09-23 14:24:50", "elapsed": 424.903663, "delta": 0.694}}
{"target": -3.0821155647712954, "params": {"C": 181.53710775165214, "epsilon": 0.2284004817364726, "gamma": 0.0416308226777979, "lamda": 0.5710717569444995}, "datetime": {"datetime": "2021-09-23 14:25:00", "elapsed": 435.580717, "delta": 10.677054}}
{"target": -1.976583289188183, "params": {"C": 181.08621209013126, "epsilon": 0.42806506363451086, "gamma": 0.062434945547988036, "lamda": 0.18641826364733122}, "datetime": {"datetime": "2021-09-23 14:25:10", "elapsed": 445.61708, "delta": 10.036363}}
{"target": -2.1445808274432943, "params": {"C": 187.67028856895857, "epsilon": 0.27131864432769165, "gamma": 0.06706125185390407, "lamda": 0.7221072332131291}, "datetime": {"datetime": "2021-09-23 14:25:20", "elapsed": 455.798909, "delta": 10.181829}}
{"target": -2.5335382958004296, "params": {"C": 198.95804038680836, "epsilon": 0.47223900039501326, "gamma": 0.04521058354941797, "lamda": 0.014527640625191657}, "datetime": {"datetime": "2021-09-23 14:25:31", "elapsed": 465.9904, "delta": 10.191491}}
{"target": -2.1704030346259393, "params": {"C": 153.7263380807458, "epsilon": 0.7743328502467272, "gamma": 0.06363377185399616, "lamda": 0.428791781627201}, "datetime": {"datetime": "2021-09-23 14:25:40", "elapsed": 475.465905, "delta": 9.475505}}
{"target": -1.6541620313636982, "params": {"C": 142.89873131302863, "epsilon": 0.47028483032864005, "gamma": 0.07, "lamda": 0.15194799251468624}, "datetime": {"datetime": "2021-09-23 14:25:50", "elapsed": 485.282189, "delta": 9.816284}}
{"target": -2.5031784912707233, "params": {"C": 133.4180674686828, "epsilon": 0.9545424446145999, "gamma": 0.0510919991464138, "lamda": 0.2961391202338844}, "datetime": {"datetime": "2021-09-23 14:26:00", "elapsed": 495.122502, "delta": 9.840313}}
{"target": 0.9110596703962027, "params": {"C": 120.06521542664481, "epsilon": 0.7545152914498315, "gamma": 0.07, "lamda": 0.07236135978637631}, "datetime": {"datetime": "2021-09-23 14:26:00", "elapsed": 495.814284, "delta": 0.691782}}
{"target": -3.3287643193921657, "params": {"C": 120.0751017954682, "epsilon": 0.7208620698203302, "gamma": 0.03192631737156787, "lamda": 0.057659277633887465}, "datetime": {"datetime": "2021-09-23 14:26:11", "elapsed": 505.91561, "delta": 10.101326}}
{"target": 0.9185208733529443, "params": {"C": 198.25092657847057, "epsilon": 0.23909643337649478, "gamma": 0.04929337762697561, "lamda": 0.015252639967126277}, "datetime": {"datetime": "2021-09-23 14:26:11", "elapsed": 506.586571, "delta": 0.670961}}
{"target": -3.211995017516311, "params": {"C": 151.35604243305895, "epsilon": 0.057849008309401165, "gamma": 0.03181594271798377, "lamda": 0.49442584266179673}, "datetime": {"datetime": "2021-09-23 14:26:22", "elapsed": 517.458285, "delta": 10.871714}}
{"target": -3.123111155185515, "params": {"C": 198.2382192341749, "epsilon": 0.20113386878118772, "gamma": 0.03596827577292795, "lamda": 0.037790362792705826}, "datetime": {"datetime": "2021-09-23 14:26:32", "elapsed": 527.65911, "delta": 10.200825}}
{"target": -3.563462232290691, "params": {"C": 149.1021934837422, "epsilon": 0.7296018370039657, "gamma": 0.03436524357036361, "lamda": 0.7330869410300954}, "datetime": {"datetime": "2021-09-23 14:26:42", "elapsed": 537.853958, "delta": 10.194848}}
{"target": 0.9105951752329514, "params": {"C": 198.34643942500924, "epsilon": 0.25427887484101275, "gamma": 0.0692661833422738, "lamda": 0.0030201179664652413}, "datetime": {"datetime": "2021-09-23 14:26:43", "elapsed": 538.473995, "delta": 0.620037}}
{"target": -2.558478887193443, "params": {"C": 198.40952158130347, "epsilon": 0.44893523016992326, "gamma": 0.050086703293226564, "lamda": 0.07077064955481042}, "datetime": {"datetime": "2021-09-23 14:26:53", "elapsed": 548.24176, "delta": 9.767765}}
{"target": -3.2358830359611552, "params": {"C": 194.15826412030924, "epsilon": 0.9545973929262257, "gamma": 0.03345888559348688, "lamda": 0.08209873001072006}, "datetime": {"datetime": "2021-09-23 14:27:03", "elapsed": 558.340154, "delta": 10.098394}}
{"target": -3.056386600299536, "params": {"C": 154.5029226596942, "epsilon": 0.457895656610391, "gamma": 0.04251707153484231, "lamda": 0.5870092316862473}, "datetime": {"datetime": "2021-09-23 14:27:18", "elapsed": 573.237291, "delta": 14.897137}}
{"target": -3.3443234714419896, "params": {"C": 122.49097621771261, "epsilon": 0.6015715116001653, "gamma": 0.03357718471898151, "lamda": 0.17364736610472964}, "datetime": {"datetime": "2021-09-23 14:27:27", "elapsed": 582.651434, "delta": 9.414143}}
{"target": 0.9137443623827848, "params": {"C": 142.91830107939649, "epsilon": 0.4993272026727918, "gamma": 0.06533510549321389, "lamda": 0.07003089322139894}, "datetime": {"datetime": "2021-09-23 14:27:28", "elapsed": 583.310435, "delta": 0.659001}}
{"target": 0.8990835779527343, "params": {"C": 120.1169404501506, "epsilon": 0.7373898203940535, "gamma": 0.030457369006230126, "lamda": 0.012806143655440742}, "datetime": {"datetime": "2021-09-23 14:27:29", "elapsed": 583.952256, "delta": 0.641821}}
{"target": -3.020832271208273, "params": {"C": 198.84629580650852, "epsilon": 0.3795704766194039, "gamma": 0.03929838593791088, "lamda": 0.15248309893852557}, "datetime": {"datetime": "2021-09-23 14:27:39", "elapsed": 593.926496, "delta": 9.97424}}
{"target": -2.8123267980040083, "params": {"C": 141.11043524225093, "epsilon": 0.7436534970939901, "gamma": 0.048181331639930144, "lamda": 0.7062391864279444}, "datetime": {"datetime": "2021-09-23 14:27:48", "elapsed": 603.241671, "delta": 9.315175}}
{"target": 0.9157442933380657, "params": {"C": 198.8504794478269, "epsilon": 0.5507048488869557, "gamma": 0.060604185658550115, "lamda": 0.0308384047816051}, "datetime": {"datetime": "2021-09-23 14:27:48", "elapsed": 603.851373, "delta": 0.609702}}
{"target": -2.214659053129801, "params": {"C": 172.9173052557985, "epsilon": 0.1597989330925227, "gamma": 0.06889160931654376, "lamda": 0.6921224945012149}, "datetime": {"datetime": "2021-09-23 14:27:58", "elapsed": 613.482563, "delta": 9.63119}}
{"target": 0.9116362076320333, "params": {"C": 120.15637082900406, "epsilon": 0.7237257041357625, "gamma": 0.06879673755495377, "lamda": 0.010344135180024853}, "datetime": {"datetime": "2021-09-23 14:27:59", "elapsed": 614.182195, "delta": 0.699632}}
{"target": 0.912842359254269, "params": {"C": 142.92500109861373, "epsilon": 0.47704943375774556, "gamma": 0.06707355473553742, "lamda": 0.005074105028787754}, "datetime": {"datetime": "2021-09-23 14:28:00", "elapsed": 614.984187, "delta": 0.801992}}
{"target": -2.8361376041238753, "params": {"C": 199.6607544450818, "epsilon": 0.06995791221861528, "gamma": 0.04196982352607311, "lamda": 0.0043150061770080754}, "datetime": {"datetime": "2021-09-23 14:28:10", "elapsed": 624.991011, "delta": 10.006824}}
{"target": 0.9179315481248097, "params": {"C": 198.9278347515217, "epsilon": 0.3233451711659909, "gamma": 0.05534621226595236, "lamda": 0.02575137952763412}, "datetime": {"datetime": "2021-09-23 14:28:10", "elapsed": 625.689644, "delta": 0.698633}}
{"target": -2.8534585955448013, "params": {"C": 120.054048821449, "epsilon": 0.6812634007384973, "gamma": 0.05379207018686451, "lamda": 0.15446744547408794}, "datetime": {"datetime": "2021-09-23 14:28:21", "elapsed": 636.721155, "delta": 11.031511}}
{"target": 0.9130560544006816, "params": {"C": 198.6945614874515, "epsilon": 0.0576951754131787, "gamma": 0.06508197948578769, "lamda": 0.06125782266287585}, "datetime": {"datetime": "2021-09-23 14:28:22", "elapsed": 637.511108, "delta": 0.789953}}
{"target": -3.604541971248124, "params": {"C": 180.7008384298453, "epsilon": 0.5337048775715479, "gamma": 0.03672824023991297, "lamda": 0.26721995645721053}, "datetime": {"datetime": "2021-09-23 14:28:33", "elapsed": 648.308428, "delta": 10.79732}}
{"target": 0.914134290829368, "params": {"C": 198.88184480568316, "epsilon": 0.588083763783926, "gamma": 0.06350750347452197, "lamda": 0.034595599774934496}, "datetime": {"datetime": "2021-09-23 14:28:34", "elapsed": 649.03043, "delta": 0.722002}}
{"target": 0.9137241864731449, "params": {"C": 120.09350406138537, "epsilon": 0.7683378297066148, "gamma": 0.05808802031885606, "lamda": 0.03880923609789271}, "datetime": {"datetime": "2021-09-23 14:28:34", "elapsed": 649.79543, "delta": 0.765}}
{"target": -2.733220162920563, "params": {"C": 198.3025669227343, "epsilon": 0.25262289035973884, "gamma": 0.04138410726990011, "lamda": 0.03348949622198492}, "datetime": {"datetime": "2021-09-23 14:28:45", "elapsed": 660.31843, "delta": 10.523}}
{"target": -2.1367008152196973, "params": {"C": 189.473741260399, "epsilon": 0.8001368636136533, "gamma": 0.06366383159308364, "lamda": 0.5167608480908114}, "datetime": {"datetime": "2021-09-23 14:28:55", "elapsed": 670.193428, "delta": 9.874998}}
{"target": -2.692551043148935, "params": {"C": 198.87117528492158, "epsilon": 0.2819995532861378, "gamma": 0.04860757334452337, "lamda": 0.07149323704260688}, "datetime": {"datetime": "2021-09-23 14:29:05", "elapsed": 680.284044, "delta": 10.090616}}
{"target": -2.382047183665123, "params": {"C": 198.44344498195406, "epsilon": 0.43885558528411894, "gamma": 0.048523266691885836, "lamda": 0.11238073422378504}, "datetime": {"datetime": "2021-09-23 14:29:16", "elapsed": 691.613896, "delta": 11.329852}}
{"target": 0.9107397336092212, "params": {"C": 198.84714251635216, "epsilon": 0.5891502706313061, "gamma": 0.06887438923829238, "lamda": 0.027836866438214997}, "datetime": {"datetime": "2021-09-23 14:29:17", "elapsed": 692.366593, "delta": 0.752697}}
{"target": -1.9582698055570162, "params": {"C": 126.02634018811759, "epsilon": 0.5507443452182548, "gamma": 0.0663916863293944, "lamda": 0.22472811410206583}, "datetime": {"datetime": "2021-09-23 14:29:27", "elapsed": 702.280346, "delta": 9.913753}}
{"target": -2.943111393743739, "params": {"C": 198.8523917537143, "epsilon": 0.6271323898315955, "gamma": 0.04056402085866869, "lamda": 0.06178927523245398}, "datetime": {"datetime": "2021-09-23 14:29:37", "elapsed": 712.277177, "delta": 9.996831}}
{"target": 0.9182815824797461, "params": {"C": 198.55014732101895, "epsilon": 0.4408070056896465, "gamma": 0.05297942935956461, "lamda": 0.01590449123751555}, "datetime": {"datetime": "2021-09-23 14:29:38", "elapsed": 713.051178, "delta": 0.774001}}
{"target": -3.6579510527309145, "params": {"C": 127.59494392013022, "epsilon": 0.6237555412978093, "gamma": 0.04261948860288284, "lamda": 0.46205261648166956}, "datetime": {"datetime": "2021-09-23 14:29:48", "elapsed": 723.149788, "delta": 10.09861}}
{"target": 0.9185437630064803, "params": {"C": 198.62035512686518, "epsilon": 0.10987315035554569, "gamma": 0.04926049162577511, "lamda": 0.0028116792405986097}, "datetime": {"datetime": "2021-09-23 14:29:49", "elapsed": 723.88779, "delta": 0.738002}}
{"target": 0.9180790060199617, "params": {"C": 198.58887026357405, "epsilon": 0.48127407821915485, "gamma": 0.05462140491263795, "lamda": 0.012201233803154968}, "datetime": {"datetime": "2021-09-23 14:29:49", "elapsed": 724.725656, "delta": 0.837866}}
{"target": 0.9157902185905097, "params": {"C": 142.94078559485806, "epsilon": 0.46727572163075537, "gamma": 0.058167306873689456, "lamda": 0.06763567819374432}, "datetime": {"datetime": "2021-09-23 14:29:50", "elapsed": 725.511657, "delta": 0.786001}}
{"target": 0.9160096855605062, "params": {"C": 198.38819210939448, "epsilon": 0.0923827904678648, "gamma": 0.060109329140553044, "lamda": 0.032333167680933084}, "datetime": {"datetime": "2021-09-23 14:29:51", "elapsed": 726.303469, "delta": 0.791812}}
{"target": 0.9119696223800725, "params": {"C": 138.64556327945417, "epsilon": 0.478685222210234, "gamma": 0.06868573151892063, "lamda": 0.09517168770031588}, "datetime": {"datetime": "2021-09-23 14:29:52", "elapsed": 727.044758, "delta": 0.741289}}
{"target": 0.9151348097151141, "params": {"C": 198.40963504127376, "epsilon": 0.10740542759590856, "gamma": 0.06181494075146515, "lamda": 0.04099157131581712}, "datetime": {"datetime": "2021-09-23 14:29:52", "elapsed": 727.801754, "delta": 0.756996}}
{"target": -2.945765065065341, "params": {"C": 138.62098452440338, "epsilon": 0.4493062532672334, "gamma": 0.04929494603029931, "lamda": 0.09521871198311045}, "datetime": {"datetime": "2021-09-23 14:30:02", "elapsed": 737.846001, "delta": 10.044247}}
{"target": -1.8940038320337322, "params": {"C": 159.85774471392293, "epsilon": 0.67473350064987, "gamma": 0.06539678277932091, "lamda": 0.13923365608659966}, "datetime": {"datetime": "2021-09-23 14:30:14", "elapsed": 749.215051, "delta": 11.36905}}
{"target": -2.364155065784642, "params": {"C": 188.62280116217244, "epsilon": 0.28723422786039055, "gamma": 0.05457391217294932, "lamda": 0.33440470903577224}, "datetime": {"datetime": "2021-09-23 14:30:24", "elapsed": 759.180912, "delta": 9.965861}}
{"target": -3.567823406701762, "params": {"C": 137.12293490032857, "epsilon": 0.3534554020873857, "gamma": 0.03294367722815599, "lamda": 0.36010103622705997}, "datetime": {"datetime": "2021-09-23 14:30:34", "elapsed": 768.945494, "delta": 9.764582}}
{"target": 0.9146570500711911, "params": {"C": 142.90113069938835, "epsilon": 0.41084031677827754, "gamma": 0.0628230314559759, "lamda": 0.10324759033716674}, "datetime": {"datetime": "2021-09-23 14:30:34", "elapsed": 769.785497, "delta": 0.840003}}
{"target": 0.9137782244141159, "params": {"C": 120.06326034278872, "epsilon": 0.6581527760356309, "gamma": 0.05604629331960249, "lamda": 0.02857732590158522}, "datetime": {"datetime": "2021-09-23 14:30:35", "elapsed": 770.630049, "delta": 0.844552}}
{"target": 0.9127926603297177, "params": {"C": 198.9442737985325, "epsilon": 0.35691000772102865, "gamma": 0.06547321445845303, "lamda": 0.06809814561188027}, "datetime": {"datetime": "2021-09-23 14:30:36", "elapsed": 771.43605, "delta": 0.806001}}
{"target": 0.9112748349321299, "params": {"C": 198.89641621879298, "epsilon": 0.3574278988922106, "gamma": 0.06759528948396783, "lamda": 0.051688698796110974}, "datetime": {"datetime": "2021-09-23 14:30:37", "elapsed": 772.376282, "delta": 0.940232}}
{"target": -2.1572791275663117, "params": {"C": 147.21015423330593, "epsilon": 0.9469388078131454, "gamma": 0.06295538369563779, "lamda": 0.18369588092047826}, "datetime": {"datetime": "2021-09-23 14:30:50", "elapsed": 785.381387, "delta": 13.005105}}
{"target": -3.2610351291655935, "params": {"C": 198.8938102684599, "epsilon": 0.3523906949055269, "gamma": 0.04661901878680351, "lamda": 0.08496800027217753}, "datetime": {"datetime": "2021-09-23 14:31:02", "elapsed": 797.521018, "delta": 12.139631}}
{"target": 0.9139805655194421, "params": {"C": 142.8647137951149, "epsilon": 0.4541429088915875, "gamma": 0.06476262317521164, "lamda": 0.08275247988050521}, "datetime": {"datetime": "2021-09-23 14:31:03", "elapsed": 798.337394, "delta": 0.816376}}
{"target": 0.9133552709838053, "params": {"C": 120.09793426920407, "epsilon": 0.6374853119895509, "gamma": 0.06149306166073783, "lamda": 0.08075935674499801}, "datetime": {"datetime": "2021-09-23 14:31:04", "elapsed": 799.492869, "delta": 1.155475}}
{"target": 0.9170467483563586, "params": {"C": 198.9638090610929, "epsilon": 0.393725008373482, "gamma": 0.05816512235211711, "lamda": 0.052260496702206186}, "datetime": {"datetime": "2021-09-23 14:31:05", "elapsed": 800.514771, "delta": 1.021902}}
{"target": -2.8397688617669212, "params": {"C": 142.11645636492966, "epsilon": 0.8298701029032715, "gamma": 0.05118234679174094, "lamda": 0.04672294371346152}, "datetime": {"datetime": "2021-09-23 14:31:19", "elapsed": 813.892714, "delta": 13.377943}}
{"target": -2.2718938230077095, "params": {"C": 155.7326865671041, "epsilon": 0.9968799081163998, "gamma": 0.056696350287934356, "lamda": 0.0824249329794082}, "datetime": {"datetime": "2021-09-23 14:31:30", "elapsed": 825.856503, "delta": 11.963789}}
{"target": 0.9124470869555357, "params": {"C": 138.69923406458773, "epsilon": 0.49199463180451347, "gamma": 0.06786162995903318, "lamda": 0.07148136167552677}, "datetime": {"datetime": "2021-09-23 14:31:31", "elapsed": 826.760407, "delta": 0.903904}}
{"target": -3.429309892193108, "params": {"C": 159.02478725505873, "epsilon": 0.9341716185120165, "gamma": 0.032985919301385586, "lamda": 0.658097148173569}, "datetime": {"datetime": "2021-09-23 14:31:43", "elapsed": 838.191947, "delta": 11.43154}}
{"target": 0.9184692927026052, "params": {"C": 198.37183983257313, "epsilon": 0.4009711531018545, "gamma": 0.05044461492676621, "lamda": 0.008956023081235043}, "datetime": {"datetime": "2021-09-23 14:31:44", "elapsed": 839.116707, "delta": 0.92476}}
{"target": -2.749588347875697, "params": {"C": 198.74462343327502, "epsilon": 0.09672700449428029, "gamma": 0.048345244031876115, "lamda": 0.022505359787725783}, "datetime": {"datetime": "2021-09-23 14:31:55", "elapsed": 850.51999, "delta": 11.403283}}
{"target": 0.9134638641881115, "params": {"C": 120.2099076153968, "epsilon": 0.677705095612381, "gamma": 0.050005471346597774, "lamda": 0.036952300218083795}, "datetime": {"datetime": "2021-09-23 14:31:56", "elapsed": 851.454227, "delta": 0.934237}}
{"target": -3.2458096879871787, "params": {"C": 198.88915325721672, "epsilon": 0.3936783737516774, "gamma": 0.04888813894226027, "lamda": 0.026457185717600393}, "datetime": {"datetime": "2021-09-23 14:32:07", "elapsed": 862.394614, "delta": 10.940387}}
{"target": 0.9114844263871832, "params": {"C": 198.61453269478972, "epsilon": 0.4463783550483505, "gamma": 0.067320531339577, "lamda": 0.003264277450703688}, "datetime": {"datetime": "2021-09-23 14:32:09", "elapsed": 863.943838, "delta": 1.549224}}
{"target": -2.7876392835620054, "params": {"C": 159.74437350753976, "epsilon": 0.27603697875146904, "gamma": 0.05247671846187185, "lamda": 0.5141773833938499}, "datetime": {"datetime": "2021-09-23 14:32:20", "elapsed": 875.098049, "delta": 11.154211}}
