{"target": 0.34036514139984786, "params": {"C": 8.649800394626784, "epsilon": 9.548978752418346, "gamma": 0.7295747709690231, "lamda": 0.7106849155244598}, "datetime": {"datetime": "2021-07-03 17:18:22", "elapsed": 507.484028, "delta": 2.267939}}
{"target": 0.2999108396171801, "params": {"C": 9.149415899316091, "epsilon": 10.0, "gamma": 0.9, "lamda": 0.1}, "datetime": {"datetime": "2021-07-03 17:18:23", "elapsed": 508.577107, "delta": 1.093079}}
{"target": 0.825665344837293, "params": {"C": 9.433552909858367, "epsilon": 3.552526696340065, "gamma": 0.062359948394955574, "lamda": 0.9042586398548824}, "datetime": {"datetime": "2021-07-03 17:18:24", "elapsed": 509.65722, "delta": 1.080113}}
{"target": 0.5149721088060877, "params": {"C": 7.257901859655534, "epsilon": 7.292648333834214, "gamma": 0.2893045941176542, "lamda": 0.8603459736424681}, "datetime": {"datetime": "2021-07-03 17:18:25", "elapsed": 510.809143, "delta": 1.151923}}
{"target": 0.6486238875044692, "params": {"C": 3.718065794478843, "epsilon": 6.149576313294081, "gamma": 0.10475705056029652, "lamda": 0.264632394693309}, "datetime": {"datetime": "2021-07-03 17:18:28", "elapsed": 513.511921, "delta": 2.702778}}
{"target": 0.46691908937137383, "params": {"C": 3.351118492796706, "epsilon": 6.534503670702325, "gamma": 0.22772361735115076, "lamda": 0.9232811957764173}, "datetime": {"datetime": "2021-07-03 17:18:31", "elapsed": 516.112969, "delta": 2.601048}}
{"target": 0.711370669790595, "params": {"C": 2.250820532357088, "epsilon": 8.124950554839197, "gamma": 0.05, "lamda": 0.1}, "datetime": {"datetime": "2021-07-03 17:18:32", "elapsed": 517.157181, "delta": 1.044212}}
{"target": 0.29506116289898265, "params": {"C": 6.478969786616006, "epsilon": 1.6986522035808365, "gamma": 0.755797105253385, "lamda": 0.6986846105625866}, "datetime": {"datetime": "2021-07-03 17:18:33", "elapsed": 517.882242, "delta": 0.725061}}
{"target": 0.2217973289112014, "params": {"C": 2.616124160797874, "epsilon": 2.6730253094737697, "gamma": 0.6829656183518112, "lamda": 0.7266921648185627}, "datetime": {"datetime": "2021-07-03 17:18:33", "elapsed": 518.763887, "delta": 0.881645}}
{"target": 0.39697925756998653, "params": {"C": 0.9581260676558486, "epsilon": 7.927606518217017, "gamma": 0.12974313837645113, "lamda": 0.5111184320440598}, "datetime": {"datetime": "2021-07-03 17:18:34", "elapsed": 519.806103, "delta": 1.042216}}
{"target": 0.16159939108408983, "params": {"C": 2.1891217496680135, "epsilon": 3.208914164559819, "gamma": 0.9, "lamda": 0.20397554383732597}, "datetime": {"datetime": "2021-07-03 17:18:36", "elapsed": 521.681093, "delta": 1.87499}}
{"target": 0.297173025308633, "params": {"C": 1.7461748659985696, "epsilon": 7.340368592998214, "gamma": 0.3376021193561164, "lamda": 0.27982202782829546}, "datetime": {"datetime": "2021-07-03 17:18:38", "elapsed": 523.448373, "delta": 1.76728}}
{"target": 0.26071795111498997, "params": {"C": 6.436157287478469, "epsilon": 2.7356677578514175, "gamma": 0.9, "lamda": 0.7690767841200846}, "datetime": {"datetime": "2021-07-03 17:18:40", "elapsed": 525.227615, "delta": 1.779242}}
{"target": 0.30099110685054875, "params": {"C": 10.0, "epsilon": 3.6347000534820264, "gamma": 0.9, "lamda": 0.1}, "datetime": {"datetime": "2021-07-03 17:18:41", "elapsed": 526.718633, "delta": 1.491018}}
{"target": -6.619155219828536, "params": {"C": 6.227569302599083, "epsilon": 2.92075998973807, "gamma": 0.05, "lamda": 0.6000339525575098}, "datetime": {"datetime": "2021-07-03 17:18:48", "elapsed": 533.188355, "delta": 6.469722}}
{"target": 0.43583313117965305, "params": {"C": 5.396485822355963, "epsilon": 2.264861811832583, "gamma": 0.34701587356563335, "lamda": 0.9336334833009656}, "datetime": {"datetime": "2021-07-03 17:18:49", "elapsed": 534.319321, "delta": 1.130966}}
{"target": 0.62715508070254, "params": {"C": 5.349647813639192, "epsilon": 3.2634541891018816, "gamma": 0.14401043344556036, "lamda": 0.11902429102707078}, "datetime": {"datetime": "2021-07-03 17:18:50", "elapsed": 535.428357, "delta": 1.109036}}
{"target": 0.3798793458906138, "params": {"C": 6.881486377117927, "epsilon": 2.86853235887898, "gamma": 0.5105621878830747, "lamda": 0.1509311260740786}, "datetime": {"datetime": "2021-07-03 17:18:51", "elapsed": 536.694972, "delta": 1.266615}}
{"target": 0.3056517761860681, "params": {"C": 5.6341930517147665, "epsilon": 3.7767057339630337, "gamma": 0.6724204435941905, "lamda": 1.0}, "datetime": {"datetime": "2021-07-03 17:18:53", "elapsed": 537.985525, "delta": 1.290553}}
{"target": 0.33159835931421344, "params": {"C": 5.875153380492967, "epsilon": 1.9526745516497623, "gamma": 0.5987229679514828, "lamda": 0.7592207035932531}, "datetime": {"datetime": "2021-07-03 17:18:54", "elapsed": 539.112512, "delta": 1.126987}}
{"target": 0.46217908680542186, "params": {"C": 8.66662639407947, "epsilon": 9.422703609092574, "gamma": 0.4047028625099375, "lamda": 0.1}, "datetime": {"datetime": "2021-07-03 17:18:55", "elapsed": 540.290366, "delta": 1.177854}}
{"target": 0.27193388749444536, "params": {"C": 6.53025857705263, "epsilon": 7.980683353701525, "gamma": 0.8797248583819242, "lamda": 0.1}, "datetime": {"datetime": "2021-07-03 17:18:56", "elapsed": 541.441289, "delta": 1.150923}}
{"target": 0.2769985447511585, "params": {"C": 3.7679897856614435, "epsilon": 4.604632255014665, "gamma": 0.6222292708596872, "lamda": 0.36484833494239194}, "datetime": {"datetime": "2021-07-03 17:18:57", "elapsed": 542.737825, "delta": 1.296536}}
{"target": 0.41890496462073934, "params": {"C": 6.262692629759104, "epsilon": 1.425811655117343, "gamma": 0.4095051433492556, "lamda": 0.10752021749332097}, "datetime": {"datetime": "2021-07-03 17:18:59", "elapsed": 543.97752, "delta": 1.239695}}
{"target": 0.447761250705602, "params": {"C": 6.815814291914412, "epsilon": 5.216596620177453, "gamma": 0.3769461356950408, "lamda": 0.12311365642143335}, "datetime": {"datetime": "2021-07-03 17:19:00", "elapsed": 545.026709, "delta": 1.049189}}
{"target": 0.8132019392361134, "params": {"C": 7.742782891539291, "epsilon": 3.451903690242836, "gamma": 0.061399180961180626, "lamda": 0.612159626196043}, "datetime": {"datetime": "2021-07-03 17:19:01", "elapsed": 546.221517, "delta": 1.194808}}
{"target": 0.28551884172774256, "params": {"C": 7.510567082752215, "epsilon": 9.82561224409633, "gamma": 0.9, "lamda": 0.2444016372085908}, "datetime": {"datetime": "2021-07-03 17:19:02", "elapsed": 547.394383, "delta": 1.172866}}
{"target": 0.5555194809675383, "params": {"C": 9.590705018521456, "epsilon": 7.692255307865477, "gamma": 0.28149160966747727, "lamda": 0.7587382908526158}, "datetime": {"datetime": "2021-07-03 17:19:03", "elapsed": 548.219178, "delta": 0.824795}}
{"target": -4.20396660872071, "params": {"C": 9.220483376879535, "epsilon": 7.137866288250567, "gamma": 0.09690843475931038, "lamda": 0.41819529251944293}, "datetime": {"datetime": "2021-07-03 17:19:11", "elapsed": 556.553908, "delta": 8.33473}}
{"target": 0.7494796603034131, "params": {"C": 3.2604591012873283, "epsilon": 1.4551052026194784, "gamma": 0.05, "lamda": 0.23997927375799133}, "datetime": {"datetime": "2021-07-03 17:19:12", "elapsed": 557.777638, "delta": 1.22373}}
{"target": 0.3652765885688444, "params": {"C": 9.935100318569177, "epsilon": 7.242873082290533, "gamma": 0.6863015410533032, "lamda": 0.9849865890742792}, "datetime": {"datetime": "2021-07-03 17:19:14", "elapsed": 559.4761, "delta": 1.698462}}
{"target": 0.6376485845276769, "params": {"C": 4.280192858278857, "epsilon": 9.480357334334702, "gamma": 0.11854865491977581, "lamda": 0.26471652518179367}, "datetime": {"datetime": "2021-07-03 17:19:16", "elapsed": 561.501688, "delta": 2.025588}}
{"target": 0.6421748872924589, "params": {"C": 1.2406246693991287, "epsilon": 1.043300509119325, "gamma": 0.05, "lamda": 0.6955902242699173}, "datetime": {"datetime": "2021-07-03 17:19:19", "elapsed": 564.754993, "delta": 3.253305}}
{"target": 0.2981566778516743, "params": {"C": 1.8908568410987783, "epsilon": 3.0773881056048964, "gamma": 0.3517557140175485, "lamda": 0.7251519866068552}, "datetime": {"datetime": "2021-07-03 17:19:21", "elapsed": 565.89395, "delta": 1.138957}}
{"target": 0.2963582832160284, "params": {"C": 9.190633599771875, "epsilon": 6.266262665536963, "gamma": 0.9, "lamda": 1.0}, "datetime": {"datetime": "2021-07-03 17:19:22", "elapsed": 567.011963, "delta": 1.118013}}
{"target": 0.3445844339255839, "params": {"C": 1.7159402389871914, "epsilon": 8.013348220763334, "gamma": 0.25767712055843806, "lamda": 0.5191140482369077}, "datetime": {"datetime": "2021-07-03 17:19:22", "elapsed": 567.844737, "delta": 0.832774}}
{"target": 0.2106231766682295, "params": {"C": 3.4208487506382577, "epsilon": 7.082651111584199, "gamma": 0.8456069977252798, "lamda": 0.9336060167438406}, "datetime": {"datetime": "2021-07-03 17:19:24", "elapsed": 569.164213, "delta": 1.319476}}
{"target": 0.8429757397363464, "params": {"C": 9.019282740821192, "epsilon": 1.051506543914486, "gamma": 0.05, "lamda": 0.1}, "datetime": {"datetime": "2021-07-03 17:19:25", "elapsed": 570.3291, "delta": 1.164887}}
{"target": 0.24910319510753887, "params": {"C": 4.526747869198634, "epsilon": 9.546268860233823, "gamma": 0.8246904384066189, "lamda": 0.915797283858033}, "datetime": {"datetime": "2021-07-03 17:19:26", "elapsed": 571.451101, "delta": 1.122001}}
{"target": 0.7708891287314142, "params": {"C": 8.686916696511718, "epsilon": 1.2445301278588607, "gamma": 0.08944778291944785, "lamda": 0.7681410129834415}, "datetime": {"datetime": "2021-07-03 17:19:27", "elapsed": 572.697773, "delta": 1.246672}}
{"target": 0.6924129422894587, "params": {"C": 1.7896467188449117, "epsilon": 1.0, "gamma": 0.05, "lamda": 0.1}, "datetime": {"datetime": "2021-07-03 17:19:29", "elapsed": 574.172829, "delta": 1.475056}}
{"target": 0.384073852348918, "params": {"C": 5.155655727147695, "epsilon": 4.532575769635688, "gamma": 0.4289266855003046, "lamda": 0.8096552531610703}, "datetime": {"datetime": "2021-07-03 17:19:30", "elapsed": 575.103342, "delta": 0.930513}}
{"target": 0.4772251869144317, "params": {"C": 5.89943866449083, "epsilon": 4.498175999877179, "gamma": 0.30141745897835254, "lamda": 1.0}, "datetime": {"datetime": "2021-07-03 17:19:31", "elapsed": 576.389904, "delta": 1.286562}}
{"target": 0.3608104342905937, "params": {"C": 2.6950053989430653, "epsilon": 8.557196186358505, "gamma": 0.31361745458869983, "lamda": 0.10510531861477194}, "datetime": {"datetime": "2021-07-03 17:19:33", "elapsed": 578.627923, "delta": 2.238019}}
{"target": 0.3335737796100683, "params": {"C": 5.073700967039978, "epsilon": 3.2947200625129582, "gamma": 0.5505738531758424, "lamda": 0.825888083834173}, "datetime": {"datetime": "2021-07-03 17:19:35", "elapsed": 580.289484, "delta": 1.661561}}
{"target": -8.311836239847224, "params": {"C": 4.569879921836219, "epsilon": 9.233178760118799, "gamma": 0.05, "lamda": 1.0}, "datetime": {"datetime": "2021-07-03 17:19:54", "elapsed": 599.612948, "delta": 19.323464}}
{"target": 0.5538437636349058, "params": {"C": 3.5002801361338065, "epsilon": 8.9759057654539, "gamma": 0.15890416710356794, "lamda": 0.21386966994675666}, "datetime": {"datetime": "2021-07-03 17:19:56", "elapsed": 601.036144, "delta": 1.423196}}
{"target": 0.5981977588718939, "params": {"C": 3.5631475597488342, "epsilon": 9.975121531420436, "gamma": 0.13081081088727464, "lamda": 0.9312058083245235}, "datetime": {"datetime": "2021-07-03 17:19:57", "elapsed": 602.405484, "delta": 1.36934}}
{"target": 0.3275208050180426, "params": {"C": 3.801950128374096, "epsilon": 9.55029134913053, "gamma": 0.4688728717114707, "lamda": 0.496387744834335}, "datetime": {"datetime": "2021-07-03 17:19:59", "elapsed": 604.503878, "delta": 2.098394}}
{"target": 0.7406651562466618, "params": {"C": 4.099000349634727, "epsilon": 9.984482228905364, "gamma": 0.06637434460188726, "lamda": 0.32940723591604937}, "datetime": {"datetime": "2021-07-03 17:20:04", "elapsed": 609.337847, "delta": 4.833969}}
{"target": 0.5064580799579421, "params": {"C": 9.211887770835132, "epsilon": 2.1405832181762756, "gamma": 0.3407897300476891, "lamda": 0.8364689000794266}, "datetime": {"datetime": "2021-07-03 17:20:05", "elapsed": 610.488772, "delta": 1.150925}}
{"target": 0.7191128670413882, "params": {"C": 2.458455206337359, "epsilon": 4.479455484790256, "gamma": 0.05, "lamda": 0.1}, "datetime": {"datetime": "2021-07-03 17:20:07", "elapsed": 612.350797, "delta": 1.862025}}
{"target": 0.30290470780240075, "params": {"C": 6.099878544644475, "epsilon": 3.0159231314774546, "gamma": 0.7056767124104693, "lamda": 0.1473421870664927}, "datetime": {"datetime": "2021-07-03 17:20:08", "elapsed": 613.676057, "delta": 1.32526}}
{"target": 0.6786235613405549, "params": {"C": 2.6863193552123454, "epsilon": 7.417615253092196, "gamma": 0.07091953954456025, "lamda": 0.1}, "datetime": {"datetime": "2021-07-03 17:20:10", "elapsed": 615.352577, "delta": 1.67652}}
{"target": 0.24456999750741237, "params": {"C": 4.728562658278432, "epsilon": 4.271149814891235, "gamma": 0.8453982561684285, "lamda": 0.9889276862518978}, "datetime": {"datetime": "2021-07-03 17:20:13", "elapsed": 618.196977, "delta": 2.8444}}
{"target": 0.7417735897097526, "params": {"C": 8.988047213671727, "epsilon": 5.795661734648161, "gamma": 0.10810849525755137, "lamda": 0.2929802495164977}, "datetime": {"datetime": "2021-07-03 17:20:15", "elapsed": 620.421034, "delta": 2.224057}}
{"target": 0.39497573447671064, "params": {"C": 8.70206758848311, "epsilon": 5.874493048896305, "gamma": 0.5490187870281161, "lamda": 0.7515056828250397}, "datetime": {"datetime": "2021-07-03 17:20:20", "elapsed": 625.489994, "delta": 5.06896}}
{"target": -6.108568714725695, "params": {"C": 3.7687692718231474, "epsilon": 1.350586712493095, "gamma": 0.05, "lamda": 1.0}, "datetime": {"datetime": "2021-07-03 17:20:33", "elapsed": 637.888852, "delta": 12.398858}}
{"target": 0.311746034247095, "params": {"C": 8.225640038908127, "epsilon": 2.152293881963114, "gamma": 0.7814195799283452, "lamda": 0.24193811474746266}, "datetime": {"datetime": "2021-07-03 17:20:34", "elapsed": 639.559188, "delta": 1.670336}}
{"target": 0.3077988583888377, "params": {"C": 2.935014059150791, "epsilon": 1.17809518083319, "gamma": 0.4453141369577447, "lamda": 0.4964591173991352}, "datetime": {"datetime": "2021-07-03 17:20:36", "elapsed": 640.996348, "delta": 1.43716}}
{"target": 0.34366608789309483, "params": {"C": 4.511330895555868, "epsilon": 4.344536035668414, "gamma": 0.4838213986306707, "lamda": 0.7046822725436397}, "datetime": {"datetime": "2021-07-03 17:20:37", "elapsed": 642.084438, "delta": 1.08809}}
{"target": 0.5357518313654832, "params": {"C": 8.729211726866536, "epsilon": 2.627765487192858, "gamma": 0.28989690975340243, "lamda": 0.7302453077148227}, "datetime": {"datetime": "2021-07-03 17:20:38", "elapsed": 643.637289, "delta": 1.552851}}
{"target": 0.2799164979570671, "params": {"C": 6.93694150939192, "epsilon": 6.98470545054312, "gamma": 0.8761028455658647, "lamda": 0.27134256923600053}, "datetime": {"datetime": "2021-07-03 17:20:39", "elapsed": 644.593733, "delta": 0.956444}}
{"target": 0.35604173851517573, "params": {"C": 6.687984103736897, "epsilon": 2.199038025907447, "gamma": 0.570676598456682, "lamda": 0.6266836839683956}, "datetime": {"datetime": "2021-07-03 17:20:40", "elapsed": 645.622983, "delta": 1.02925}}
{"target": 0.4175315739982013, "params": {"C": 3.5631266193980884, "epsilon": 9.374701112015288, "gamma": 0.29141382765427837, "lamda": 0.30056578722634963}, "datetime": {"datetime": "2021-07-03 17:20:41", "elapsed": 646.630292, "delta": 1.007309}}
{"target": 0.8479617073429943, "params": {"C": 10.0, "epsilon": 3.051863034577963, "gamma": 0.05, "lamda": 0.1}, "datetime": {"datetime": "2021-07-03 17:20:43", "elapsed": 647.974699, "delta": 1.344407}}
{"target": -8.276609255217522, "params": {"C": 9.732578070700685, "epsilon": 10.0, "gamma": 0.05161165898976804, "lamda": 0.1}, "datetime": {"datetime": "2021-07-03 17:20:51", "elapsed": 656.659494, "delta": 8.684795}}
{"target": 0.5897312705243702, "params": {"C": 8.699865730466543, "epsilon": 9.971887251718284, "gamma": 0.22887944657656234, "lamda": 0.8227568234375693}, "datetime": {"datetime": "2021-07-03 17:20:54", "elapsed": 659.364265, "delta": 2.704771}}
{"target": 0.2915836132231362, "params": {"C": 9.315248269308583, "epsilon": 1.745030538649289, "gamma": 0.9, "lamda": 0.7163224085357933}, "datetime": {"datetime": "2021-07-03 17:20:56", "elapsed": 661.18141, "delta": 1.817145}}
{"target": 0.3040792903078363, "params": {"C": 9.795302261129285, "epsilon": 7.798597939817531, "gamma": 0.9, "lamda": 0.3870386306908983}, "datetime": {"datetime": "2021-07-03 17:20:58", "elapsed": 663.406464, "delta": 2.225054}}
{"target": 0.18401867061193344, "params": {"C": 2.650381162636887, "epsilon": 5.180361549199513, "gamma": 0.8856001091573189, "lamda": 0.4436502826835529}, "datetime": {"datetime": "2021-07-03 17:20:59", "elapsed": 664.448189, "delta": 1.041725}}
{"target": -8.075323316391707, "params": {"C": 2.1408119447142235, "epsilon": 7.150040164213326, "gamma": 0.05, "lamda": 0.9980171803353722}, "datetime": {"datetime": "2021-07-03 17:21:11", "elapsed": 675.991368, "delta": 11.543179}}
{"target": 0.1317740394807575, "params": {"C": 1.4317571414734518, "epsilon": 6.426842826334548, "gamma": 0.867684117885352, "lamda": 0.698171681006883}, "datetime": {"datetime": "2021-07-03 17:21:12", "elapsed": 677.600052, "delta": 1.608684}}
{"target": 0.1937641922373683, "params": {"C": 3.225919630514925, "epsilon": 7.9237426102598025, "gamma": 0.9, "lamda": 0.34803648704469736}, "datetime": {"datetime": "2021-07-03 17:21:14", "elapsed": 679.68348, "delta": 2.083428}}
{"target": 0.12604518174604828, "params": {"C": 1.208893304212266, "epsilon": 7.467494134237539, "gamma": 0.8002362769801087, "lamda": 0.2174736453645626}, "datetime": {"datetime": "2021-07-03 17:21:16", "elapsed": 681.388922, "delta": 1.705442}}
{"target": 0.166212249899099, "params": {"C": 2.0107822033191867, "epsilon": 6.738823781396678, "gamma": 0.848343676902803, "lamda": 0.17547381850029528}, "datetime": {"datetime": "2021-07-03 17:21:17", "elapsed": 682.705404, "delta": 1.316482}}
{"target": 0.04877023140189474, "params": {"C": 0.3900238105482127, "epsilon": 2.9145765967480552, "gamma": 0.782827655302223, "lamda": 0.1}, "datetime": {"datetime": "2021-07-03 17:21:19", "elapsed": 684.328068, "delta": 1.622664}}
{"target": 0.3542714047111589, "params": {"C": 7.071951651489857, "epsilon": 7.8255256050626185, "gamma": 0.6032354366432132, "lamda": 0.5386517881235745}, "datetime": {"datetime": "2021-07-03 17:21:21", "elapsed": 685.996611, "delta": 1.668543}}
{"target": 0.16043283623060556, "params": {"C": 2.1354510221559377, "epsilon": 6.030462851601079, "gamma": 0.9, "lamda": 1.0}, "datetime": {"datetime": "2021-07-03 17:21:24", "elapsed": 688.930771, "delta": 2.93416}}
{"target": 0.25111391138812145, "params": {"C": 5.496105458150836, "epsilon": 5.957098357881568, "gamma": 0.9, "lamda": 0.1}, "datetime": {"datetime": "2021-07-03 17:21:26", "elapsed": 691.093991, "delta": 2.16322}}
{"target": 0.07438348211592938, "params": {"C": 0.6417166853243367, "epsilon": 1.7345086664309126, "gamma": 0.8162492951023584, "lamda": 0.17940289140774782}, "datetime": {"datetime": "2021-07-03 17:21:27", "elapsed": 692.483282, "delta": 1.389291}}
{"target": 0.2838627869476996, "params": {"C": 7.988844756385193, "epsilon": 5.169047703965615, "gamma": 0.9, "lamda": 0.1}, "datetime": {"datetime": "2021-07-03 17:21:30", "elapsed": 695.509194, "delta": 3.025912}}
{"target": 0.2403610722135342, "params": {"C": 4.548045477017121, "epsilon": 1.2458739633537022, "gamma": 0.839754540329126, "lamda": 0.7329180692212097}, "datetime": {"datetime": "2021-07-03 17:21:32", "elapsed": 697.615563, "delta": 2.106369}}
{"target": 0.2405419870671467, "params": {"C": 4.757571490880567, "epsilon": 10.0, "gamma": 0.9, "lamda": 0.41775405350240663}, "datetime": {"datetime": "2021-07-03 17:21:34", "elapsed": 699.062697, "delta": 1.447134}}
{"target": 0.18612339072445194, "params": {"C": 1.4801190394692398, "epsilon": 4.974570939285261, "gamma": 0.5931003506574726, "lamda": 0.459149453118194}, "datetime": {"datetime": "2021-07-03 17:21:35", "elapsed": 700.197664, "delta": 1.134967}}
{"target": 0.49220827909203946, "params": {"C": 9.25293705656916, "epsilon": 2.526743240074223, "gamma": 0.3640095908700812, "lamda": 0.5602508957727512}, "datetime": {"datetime": "2021-07-03 17:21:36", "elapsed": 701.333627, "delta": 1.135963}}
{"target": 0.5111467869882302, "params": {"C": 0.5276366624653692, "epsilon": 2.876242483854352, "gamma": 0.05, "lamda": 1.0}, "datetime": {"datetime": "2021-07-03 17:21:38", "elapsed": 703.075973, "delta": 1.742346}}
{"target": 0.06536870711292841, "params": {"C": 0.6615166791966951, "epsilon": 8.218250674120341, "gamma": 0.9, "lamda": 0.9118617629758228}, "datetime": {"datetime": "2021-07-03 17:21:40", "elapsed": 705.375829, "delta": 2.299856}}
{"target": 0.3513568300702805, "params": {"C": 3.789102344668208, "epsilon": 9.070669292350784, "gamma": 0.4010787218417338, "lamda": 0.7718867729102724}, "datetime": {"datetime": "2021-07-03 17:21:41", "elapsed": 706.480875, "delta": 1.105046}}
{"target": 0.22820016245635866, "params": {"C": 4.308138836979303, "epsilon": 9.04924082999758, "gamma": 0.9, "lamda": 0.1}, "datetime": {"datetime": "2021-07-03 17:21:43", "elapsed": 707.974883, "delta": 1.494008}}
{"target": 0.2787974311105399, "params": {"C": 7.704741117065458, "epsilon": 3.480475324572366, "gamma": 0.9, "lamda": 0.6329859497427309}, "datetime": {"datetime": "2021-07-03 17:21:45", "elapsed": 710.017424, "delta": 2.042541}}
{"target": 0.2904807493621232, "params": {"C": 8.344655515138294, "epsilon": 7.431639789321689, "gamma": 0.9, "lamda": 0.7415912842677875}, "datetime": {"datetime": "2021-07-03 17:21:46", "elapsed": 711.724864, "delta": 1.70744}}
