{"target": 0.7169100084940299, "params": {"C": 2.402320759507708, "epsilon": 5.121736571997945, "gamma": 0.05, "lamda": 0.1}, "datetime": {"datetime": "2021-07-03 17:12:52", "elapsed": 177.550851, "delta": 0.626544}}
{"target": 0.3794217733175601, "params": {"C": 1.1586152651076636, "epsilon": 9.218716632418078, "gamma": 0.15674675250588443, "lamda": 0.14043402135459582}, "datetime": {"datetime": "2021-07-03 17:12:53", "elapsed": 178.078241, "delta": 0.52739}}
{"target": 0.6245803413860629, "params": {"C": 8.365545441303077, "epsilon": 1.1421135475198616, "gamma": 0.1881763583681369, "lamda": 0.1451720332937772}, "datetime": {"datetime": "2021-07-03 17:12:53", "elapsed": 178.631245, "delta": 0.553004}}
{"target": 0.1690386845651234, "params": {"C": 2.3322124675990223, "epsilon": 4.495994745821633, "gamma": 0.9, "lamda": 0.1}, "datetime": {"datetime": "2021-07-03 17:12:54", "elapsed": 179.163244, "delta": 0.531999}}
{"target": 0.2257186163049827, "params": {"C": 4.455262188317216, "epsilon": 1.0, "gamma": 0.9, "lamda": 0.1}, "datetime": {"datetime": "2021-07-03 17:12:54", "elapsed": 179.704285, "delta": 0.541041}}
{"target": 0.6013688801302739, "params": {"C": 2.5623750731577717, "epsilon": 9.924026731320625, "gamma": 0.10822979415649679, "lamda": 0.20501840276649902}, "datetime": {"datetime": "2021-07-03 17:12:55", "elapsed": 180.217257, "delta": 0.512972}}
{"target": 0.5299023926364637, "params": {"C": 0.6137561594862602, "epsilon": 10.0, "gamma": 0.05, "lamda": 1.0}, "datetime": {"datetime": "2021-07-03 17:12:55", "elapsed": 180.715264, "delta": 0.498007}}
{"target": 0.2682421119130749, "params": {"C": 7.182482816092066, "epsilon": 1.0, "gamma": 0.9, "lamda": 0.1}, "datetime": {"datetime": "2021-07-03 17:12:56", "elapsed": 181.284292, "delta": 0.569028}}
{"target": 0.29841973094773255, "params": {"C": 9.720797599253268, "epsilon": 3.8007584167148005, "gamma": 0.9, "lamda": 1.0}, "datetime": {"datetime": "2021-07-03 17:12:57", "elapsed": 181.960269, "delta": 0.675977}}
{"target": 0.180392456984393, "params": {"C": 2.6166037972023948, "epsilon": 5.986234269229387, "gamma": 0.9, "lamda": 0.1}, "datetime": {"datetime": "2021-07-03 17:12:57", "elapsed": 182.499294, "delta": 0.539025}}
{"target": 0.16903275594592815, "params": {"C": 2.3998932126409502, "epsilon": 1.0, "gamma": 0.9, "lamda": 0.1}, "datetime": {"datetime": "2021-07-03 17:12:58", "elapsed": 183.043251, "delta": 0.543957}}
{"target": 0.8479617073429944, "params": {"C": 10.0, "epsilon": 2.4659473679414576, "gamma": 0.05, "lamda": 0.1}, "datetime": {"datetime": "2021-07-03 17:12:58", "elapsed": 183.793255, "delta": 0.750004}}
{"target": 0.11334492513191241, "params": {"C": 1.2278267563138086, "epsilon": 2.6191910000981453, "gamma": 0.9, "lamda": 0.1}, "datetime": {"datetime": "2021-07-03 17:12:59", "elapsed": 184.808539, "delta": 1.015284}}
{"target": 0.7651751954406746, "params": {"C": 3.7013137709750685, "epsilon": 5.062196122957665, "gamma": 0.05, "lamda": 0.1}, "datetime": {"datetime": "2021-07-03 17:13:00", "elapsed": 185.569272, "delta": 0.760733}}
{"target": 0.2907713943325848, "params": {"C": 8.299647733466681, "epsilon": 8.071347521908159, "gamma": 0.9, "lamda": 0.1}, "datetime": {"datetime": "2021-07-03 17:13:01", "elapsed": 186.214278, "delta": 0.645006}}
{"target": 0.19923801887289316, "params": {"C": 3.50254750205999, "epsilon": 10.0, "gamma": 0.9, "lamda": 1.0}, "datetime": {"datetime": "2021-07-03 17:13:01", "elapsed": 186.7783, "delta": 0.564022}}
{"target": 0.16835124144833857, "params": {"C": 2.251142081519596, "epsilon": 8.948087848837744, "gamma": 0.896067632513463, "lamda": 0.130114109374505}, "datetime": {"datetime": "2021-07-03 17:13:02", "elapsed": 187.555746, "delta": 0.777446}}
{"target": 0.24183501894417603, "params": {"C": 5.00958348571054, "epsilon": 5.198760326725513, "gamma": 0.9, "lamda": 0.1}, "datetime": {"datetime": "2021-07-03 17:13:03", "elapsed": 188.311276, "delta": 0.75553}}
{"target": 0.23857299688730393, "params": {"C": 5.102454051864219, "epsilon": 1.0, "gamma": 0.9, "lamda": 1.0}, "datetime": {"datetime": "2021-07-03 17:13:04", "elapsed": 189.227293, "delta": 0.916017}}
{"target": 0.2500363487662365, "params": {"C": 5.80156704257141, "epsilon": 1.0, "gamma": 0.9, "lamda": 0.1}, "datetime": {"datetime": "2021-07-03 17:13:05", "elapsed": 189.906303, "delta": 0.67901}}
{"target": -7.188992672967942, "params": {"C": 1.6102030608882076, "epsilon": 4.654315700037914, "gamma": 0.05, "lamda": 1.0}, "datetime": {"datetime": "2021-07-03 17:13:12", "elapsed": 197.826299, "delta": 7.919996}}
{"target": -0.0016826751383289817, "params": {"C": 0.1, "epsilon": 3.788703414983336, "gamma": 0.9, "lamda": 0.1}, "datetime": {"datetime": "2021-07-03 17:13:13", "elapsed": 198.649304, "delta": 0.823005}}
{"target": -8.785631710579331, "params": {"C": 2.0954544650290927, "epsilon": 9.006159903982173, "gamma": 0.05, "lamda": 1.0}, "datetime": {"datetime": "2021-07-03 17:13:23", "elapsed": 208.283804, "delta": 9.6345}}
{"target": 0.1843243033265961, "params": {"C": 2.715278762385729, "epsilon": 10.0, "gamma": 0.9, "lamda": 0.1}, "datetime": {"datetime": "2021-07-03 17:13:23", "elapsed": 208.817298, "delta": 0.533494}}
{"target": 0.19605581028594987, "params": {"C": 1.5642452694950582, "epsilon": 9.92740315287876, "gamma": 0.5734550491689867, "lamda": 0.15587066409396105}, "datetime": {"datetime": "2021-07-03 17:13:24", "elapsed": 209.400296, "delta": 0.582998}}
{"target": 0.6743583051710326, "params": {"C": 9.263041617785454, "epsilon": 2.903505966786472, "gamma": 0.15386713324751852, "lamda": 0.9389839520707218}, "datetime": {"datetime": "2021-07-03 17:13:25", "elapsed": 210.102317, "delta": 0.702021}}
{"target": 0.03401939728736669, "params": {"C": 0.3472197737645357, "epsilon": 8.724571452858402, "gamma": 0.9, "lamda": 0.1}, "datetime": {"datetime": "2021-07-03 17:13:25", "elapsed": 210.754304, "delta": 0.651987}}
{"target": 0.30889870915205087, "params": {"C": 10.0, "epsilon": 10.0, "gamma": 0.9, "lamda": 0.1}, "datetime": {"datetime": "2021-07-03 17:13:26", "elapsed": 211.307311, "delta": 0.553007}}
{"target": 0.2954704059542096, "params": {"C": 9.559574620128505, "epsilon": 2.796308187550146, "gamma": 0.9, "lamda": 0.1}, "datetime": {"datetime": "2021-07-03 17:13:26", "elapsed": 211.774335, "delta": 0.467024}}
{"target": 0.20554165205847374, "params": {"C": 3.5966018968038482, "epsilon": 5.277101690637475, "gamma": 0.9, "lamda": 0.1}, "datetime": {"datetime": "2021-07-03 17:13:27", "elapsed": 212.357342, "delta": 0.583007}}
{"target": 0.26028785494388795, "params": {"C": 6.204480915167842, "epsilon": 4.198892770171145, "gamma": 0.9, "lamda": 0.1}, "datetime": {"datetime": "2021-07-03 17:13:28", "elapsed": 212.928309, "delta": 0.570967}}
{"target": -7.975899463139276, "params": {"C": 0.1, "epsilon": 9.397723419371593, "gamma": 0.05, "lamda": 0.1}, "datetime": {"datetime": "2021-07-03 17:13:35", "elapsed": 220.720329, "delta": 7.79202}}
{"target": -6.129773859180181, "params": {"C": 6.773864059823652, "epsilon": 3.8986084312718483, "gamma": 0.05, "lamda": 0.19067733069497483}, "datetime": {"datetime": "2021-07-03 17:13:50", "elapsed": 235.007399, "delta": 14.28707}}
{"target": -5.377668159695915, "params": {"C": 7.477318219526014, "epsilon": 2.0620018759600813, "gamma": 0.059170191325981336, "lamda": 0.6307453002117914}, "datetime": {"datetime": "2021-07-03 17:13:58", "elapsed": 242.987418, "delta": 7.980019}}
{"target": 0.45643618992778756, "params": {"C": 9.556437719702526, "epsilon": 6.700354755527025, "gamma": 0.43949465768418616, "lamda": 0.8338244391517048}, "datetime": {"datetime": "2021-07-03 17:13:59", "elapsed": 244.007366, "delta": 1.019948}}
{"target": 0.36350463805198285, "params": {"C": 3.8380785336482264, "epsilon": 9.089134066738657, "gamma": 0.3838845277482897, "lamda": 0.7745786969220455}, "datetime": {"datetime": "2021-07-03 17:13:59", "elapsed": 244.616385, "delta": 0.609019}}
{"target": 0.5741657206438019, "params": {"C": 8.861378723524373, "epsilon": 3.276003817395178, "gamma": 0.2462701005787795, "lamda": 0.325030439421168}, "datetime": {"datetime": "2021-07-03 17:14:01", "elapsed": 246.146378, "delta": 1.529993}}
{"target": 0.3692466004892023, "params": {"C": 5.468198284685817, "epsilon": 6.642818620576474, "gamma": 0.4733016761489236, "lamda": 0.2644144011404791}, "datetime": {"datetime": "2021-07-03 17:14:01", "elapsed": 246.599404, "delta": 0.453026}}
{"target": 0.5220777137483195, "params": {"C": 9.088243239813139, "epsilon": 2.411885318909365, "gamma": 0.31602346706182055, "lamda": 0.1970907469625195}, "datetime": {"datetime": "2021-07-03 17:14:02", "elapsed": 247.706386, "delta": 1.106982}}
{"target": 0.3581722866863275, "params": {"C": 7.238678724164829, "epsilon": 9.253026357231512, "gamma": 0.5954862770978792, "lamda": 0.30414569833754806}, "datetime": {"datetime": "2021-07-03 17:14:03", "elapsed": 248.476393, "delta": 0.770007}}
{"target": 0.4030236543064135, "params": {"C": 7.079605884927365, "epsilon": 5.402134983319022, "gamma": 0.468826359833665, "lamda": 0.27807252614228567}, "datetime": {"datetime": "2021-07-03 17:14:04", "elapsed": 249.070418, "delta": 0.594025}}
{"target": 0.25200937997994455, "params": {"C": 4.281828767487325, "epsilon": 7.48104535800781, "gamma": 0.7638282685904284, "lamda": 0.47443830643280993}, "datetime": {"datetime": "2021-07-03 17:14:04", "elapsed": 249.615468, "delta": 0.54505}}
{"target": 0.5246345396242431, "params": {"C": 8.764232956629357, "epsilon": 3.3520511172396317, "gamma": 0.3064859444098677, "lamda": 0.3647778677944533}, "datetime": {"datetime": "2021-07-03 17:14:05", "elapsed": 250.232379, "delta": 0.616911}}
{"target": 0.4590726936702769, "params": {"C": 9.883280426742814, "epsilon": 3.1316963119820365, "gamma": 0.43807011957652614, "lamda": 0.6334105964867397}, "datetime": {"datetime": "2021-07-03 17:14:07", "elapsed": 252.06541, "delta": 1.833031}}
{"target": 0.6916025004249989, "params": {"C": 2.0277257057875393, "epsilon": 8.87454687069085, "gamma": 0.05447752115885863, "lamda": 0.20802294608352606}, "datetime": {"datetime": "2021-07-03 17:14:08", "elapsed": 252.907459, "delta": 0.842049}}
{"target": 0.32348130572592637, "params": {"C": 5.027854411515161, "epsilon": 3.2812226405986196, "gamma": 0.5791623823809627, "lamda": 0.8431514021297817}, "datetime": {"datetime": "2021-07-03 17:14:08", "elapsed": 253.805378, "delta": 0.897919}}
{"target": 0.44879874146881504, "params": {"C": 8.154028173736613, "epsilon": 3.8125522701135095, "gamma": 0.4138728525043125, "lamda": 0.6823595281272508}, "datetime": {"datetime": "2021-07-03 17:14:10", "elapsed": 255.058398, "delta": 1.25302}}
{"target": 0.44906369115621914, "params": {"C": 9.863708238107149, "epsilon": 3.1726916716052456, "gamma": 0.4572093577377593, "lamda": 0.6494229723207513}, "datetime": {"datetime": "2021-07-03 17:14:10", "elapsed": 255.527388, "delta": 0.46899}}
{"target": 0.3225401981290441, "params": {"C": 7.428383743785514, "epsilon": 5.005227750573526, "gamma": 0.7154923322637246, "lamda": 0.5116996955810332}, "datetime": {"datetime": "2021-07-03 17:14:11", "elapsed": 256.544788, "delta": 1.0174}}
{"target": 0.45466319590120097, "params": {"C": 3.0795241658629795, "epsilon": 5.471106261447346, "gamma": 0.22673565557546063, "lamda": 0.3299131039623007}, "datetime": {"datetime": "2021-07-03 17:14:13", "elapsed": 258.25444, "delta": 1.709652}}
{"target": 0.30312266703577306, "params": {"C": 8.906169449603969, "epsilon": 3.248637474356421, "gamma": 0.8544418638544481, "lamda": 1.0}, "datetime": {"datetime": "2021-07-03 17:14:15", "elapsed": 260.113396, "delta": 1.858956}}
{"target": 0.2943478420433062, "params": {"C": 4.252068298523516, "epsilon": 3.8739713182097404, "gamma": 0.6133843810283548, "lamda": 0.6074585198571689}, "datetime": {"datetime": "2021-07-03 17:14:15", "elapsed": 260.797402, "delta": 0.684006}}
{"target": 0.39900332118409343, "params": {"C": 3.8214513554145064, "epsilon": 9.100347066935704, "gamma": 0.3291984524608644, "lamda": 0.7762239773580855}, "datetime": {"datetime": "2021-07-03 17:14:16", "elapsed": 261.390376, "delta": 0.592974}}
{"target": 0.24574125079400577, "params": {"C": 5.283572361022096, "epsilon": 4.122104051820133, "gamma": 0.9, "lamda": 0.4810391436837148}, "datetime": {"datetime": "2021-07-03 17:14:17", "elapsed": 262.642411, "delta": 1.252035}}
{"target": 0.25397908122120205, "params": {"C": 1.9040434048739268, "epsilon": 5.181217764296649, "gamma": 0.46069491211918, "lamda": 0.3306024796341796}, "datetime": {"datetime": "2021-07-03 17:14:18", "elapsed": 263.217427, "delta": 0.575016}}
{"target": 0.26553581297406836, "params": {"C": 1.8624938165971705, "epsilon": 6.382126799571063, "gamma": 0.41956603673826187, "lamda": 0.6155483273578917}, "datetime": {"datetime": "2021-07-03 17:14:18", "elapsed": 263.810441, "delta": 0.593014}}
{"target": 0.24164400813959697, "params": {"C": 1.0450326536963526, "epsilon": 1.8635089865878114, "gamma": 0.31680184135906386, "lamda": 0.9289341374845506}, "datetime": {"datetime": "2021-07-03 17:14:19", "elapsed": 264.539403, "delta": 0.728962}}
{"target": 0.7587902335237084, "params": {"C": 8.341829817871611, "epsilon": 8.88586717686155, "gamma": 0.09397198964318967, "lamda": 0.2062534008826432}, "datetime": {"datetime": "2021-07-03 17:14:20", "elapsed": 265.027438, "delta": 0.488035}}
{"target": -6.622716501533628, "params": {"C": 8.670217111281609, "epsilon": 4.314471629847318, "gamma": 0.05, "lamda": 0.24055485166349283}, "datetime": {"datetime": "2021-07-03 17:14:28", "elapsed": 273.152646, "delta": 8.125208}}
{"target": 0.29887896921412205, "params": {"C": 8.018136813399954, "epsilon": 9.10885010991523, "gamma": 0.8595555896756248, "lamda": 0.1648318290816349}, "datetime": {"datetime": "2021-07-03 17:14:29", "elapsed": 274.589432, "delta": 1.436786}}
{"target": 0.38187631946841105, "params": {"C": 7.738675478412383, "epsilon": 5.62855588574672, "gamma": 0.5417576447386172, "lamda": 0.429233741391827}, "datetime": {"datetime": "2021-07-03 17:14:30", "elapsed": 275.102406, "delta": 0.512974}}
{"target": 0.3373358042493947, "params": {"C": 8.142056194301956, "epsilon": 3.249308899811623, "gamma": 0.6915860184795135, "lamda": 0.11245117296411017}, "datetime": {"datetime": "2021-07-03 17:14:31", "elapsed": 276.185463, "delta": 1.083057}}
{"target": 0.302306143953881, "params": {"C": 6.1300357180925165, "epsilon": 3.0073505803871594, "gamma": 0.7104404630404653, "lamda": 0.13252432230475125}, "datetime": {"datetime": "2021-07-03 17:14:32", "elapsed": 277.009417, "delta": 0.823954}}
{"target": 0.8083663614775356, "params": {"C": 5.711194646608217, "epsilon": 2.796200507458359, "gamma": 0.05, "lamda": 0.1}, "datetime": {"datetime": "2021-07-03 17:14:33", "elapsed": 278.16842, "delta": 1.159003}}
{"target": 0.2900837055449489, "params": {"C": 5.3836400523656325, "epsilon": 1.858994578329947, "gamma": 0.7070945180860144, "lamda": 0.3593742769177976}, "datetime": {"datetime": "2021-07-03 17:14:34", "elapsed": 279.12543, "delta": 0.95701}}
{"target": 0.7940651584034748, "params": {"C": 8.421443076444975, "epsilon": 3.053148093712016, "gamma": 0.07511953382764655, "lamda": 0.9532145463140952}, "datetime": {"datetime": "2021-07-03 17:14:35", "elapsed": 280.007457, "delta": 0.882027}}
{"target": 0.15879117655654418, "params": {"C": 0.6106055964187431, "epsilon": 3.5868859598361915, "gamma": 0.37046127997957895, "lamda": 0.6007824275201887}, "datetime": {"datetime": "2021-07-03 17:14:35", "elapsed": 280.521468, "delta": 0.514011}}
{"target": 0.2120381109566687, "params": {"C": 1.4738171703122456, "epsilon": 8.475525366715583, "gamma": 0.5064458980859878, "lamda": 0.1}, "datetime": {"datetime": "2021-07-03 17:14:36", "elapsed": 281.589419, "delta": 1.067951}}
{"target": 0.4238627401120424, "params": {"C": 7.571699365244938, "epsilon": 8.38612771254149, "gamma": 0.43904003515916595, "lamda": 0.590508832258608}, "datetime": {"datetime": "2021-07-03 17:14:37", "elapsed": 282.394453, "delta": 0.805034}}
{"target": 0.5647381596695831, "params": {"C": 8.048568742913712, "epsilon": 9.655120154167847, "gamma": 0.24335884658103119, "lamda": 0.8302063964768075}, "datetime": {"datetime": "2021-07-03 17:14:38", "elapsed": 283.23241, "delta": 0.837957}}
{"target": 0.3103770331938873, "params": {"C": 7.32216906177962, "epsilon": 6.649389451289976, "gamma": 0.7629834806409828, "lamda": 0.7824117691611002}, "datetime": {"datetime": "2021-07-03 17:14:39", "elapsed": 283.961464, "delta": 0.729054}}
{"target": 0.2960019065420739, "params": {"C": 8.319627076194932, "epsilon": 6.518328542696295, "gamma": 0.8750249214565785, "lamda": 0.8967608765080511}, "datetime": {"datetime": "2021-07-03 17:14:39", "elapsed": 284.861431, "delta": 0.899967}}
{"target": 0.7407215454955813, "params": {"C": 8.598064957672893, "epsilon": 3.65678832904716, "gamma": 0.10616272777304678, "lamda": 0.9279802358901692}, "datetime": {"datetime": "2021-07-03 17:14:40", "elapsed": 285.400436, "delta": 0.539005}}
{"target": -6.336255334107913, "params": {"C": 4.891406777126325, "epsilon": 4.5330216988247845, "gamma": 0.05479705682370999, "lamda": 0.13548319726891794}, "datetime": {"datetime": "2021-07-03 17:14:55", "elapsed": 300.406629, "delta": 15.006193}}
{"target": 0.23451640823746955, "params": {"C": 4.620446584162846, "epsilon": 5.42758167742815, "gamma": 0.9, "lamda": 1.0}, "datetime": {"datetime": "2021-07-03 17:14:56", "elapsed": 301.683257, "delta": 1.276628}}
{"target": 0.654395399177566, "params": {"C": 3.9038894265916437, "epsilon": 1.3299907014342272, "gamma": 0.10461039336270511, "lamda": 0.29404727173617073}, "datetime": {"datetime": "2021-07-03 17:14:57", "elapsed": 302.245773, "delta": 0.562516}}
{"target": 0.37023520301963375, "params": {"C": 3.120917737770859, "epsilon": 4.551960010851025, "gamma": 0.3310949806891105, "lamda": 0.1}, "datetime": {"datetime": "2021-07-03 17:14:58", "elapsed": 303.467606, "delta": 1.221833}}
{"target": 0.5233926701394164, "params": {"C": 4.713537843823083, "epsilon": 1.4744766740150435, "gamma": 0.2179482881388632, "lamda": 0.8173424651297085}, "datetime": {"datetime": "2021-07-03 17:15:04", "elapsed": 309.727518, "delta": 6.259912}}
{"target": -5.136434933054084, "params": {"C": 4.72213550827675, "epsilon": 1.9485070379269094, "gamma": 0.05, "lamda": 0.1}, "datetime": {"datetime": "2021-07-03 17:15:11", "elapsed": 316.57277, "delta": 6.845252}}
{"target": 0.2849728755354418, "params": {"C": 0.34590151690439164, "epsilon": 1.1251506421664397, "gamma": 0.10591620211700539, "lamda": 0.23400957964124275}, "datetime": {"datetime": "2021-07-03 17:15:12", "elapsed": 317.158749, "delta": 0.585979}}
{"target": 0.680228486709398, "params": {"C": 5.296806538443691, "epsilon": 1.7730392402773405, "gamma": 0.11279179596766986, "lamda": 0.5784231717416867}, "datetime": {"datetime": "2021-07-03 17:15:12", "elapsed": 317.753698, "delta": 0.594949}}
{"target": 0.5441907013780908, "params": {"C": 8.01336706846296, "epsilon": 9.63442738036047, "gamma": 0.26644085862016326, "lamda": 0.8031736131032435}, "datetime": {"datetime": "2021-07-03 17:15:13", "elapsed": 318.358618, "delta": 0.60492}}
{"target": -6.07400291963869, "params": {"C": 5.507837620481332, "epsilon": 1.09745594635204, "gamma": 0.05371967712860605, "lamda": 0.9335238183044979}, "datetime": {"datetime": "2021-07-03 17:15:27", "elapsed": 331.977524, "delta": 13.618906}}
{"target": 0.2939360053863639, "params": {"C": 4.108173207144561, "epsilon": 1.042784136298079, "gamma": 0.5928390602802748, "lamda": 0.9003273158925921}, "datetime": {"datetime": "2021-07-03 17:15:27", "elapsed": 332.78852, "delta": 0.810996}}
{"target": 0.4617542727533631, "params": {"C": 5.708832122077021, "epsilon": 3.309850469794574, "gamma": 0.3176516930128298, "lamda": 0.7070758375248799}, "datetime": {"datetime": "2021-07-03 17:15:29", "elapsed": 333.879531, "delta": 1.091011}}
{"target": 0.25066400329762983, "params": {"C": 5.388941567974549, "epsilon": 4.228943245154067, "gamma": 0.8855958427887064, "lamda": 0.12627511310914843}, "datetime": {"datetime": "2021-07-03 17:15:29", "elapsed": 334.622499, "delta": 0.742968}}
{"target": 0.33554578160968396, "params": {"C": 5.627709564491062, "epsilon": 2.629342442641242, "gamma": 0.5756238466702694, "lamda": 0.17337099632690495}, "datetime": {"datetime": "2021-07-03 17:15:30", "elapsed": 335.191511, "delta": 0.569012}}
{"target": 0.3452004347581633, "params": {"C": 8.870183011794037, "epsilon": 2.2190230380478715, "gamma": 0.6911212321946087, "lamda": 0.9751098078163245}, "datetime": {"datetime": "2021-07-03 17:15:31", "elapsed": 336.109524, "delta": 0.918013}}
{"target": 0.3315974219349327, "params": {"C": 9.832022238834403, "epsilon": 2.0435698243585327, "gamma": 0.7700284311947893, "lamda": 0.10805375596458333}, "datetime": {"datetime": "2021-07-03 17:15:32", "elapsed": 337.095563, "delta": 0.986039}}
{"target": 0.2624580819635377, "params": {"C": 3.4016967253037236, "epsilon": 1.0, "gamma": 0.6299184202220013, "lamda": 0.1}, "datetime": {"datetime": "2021-07-03 17:15:33", "elapsed": 337.959546, "delta": 0.863983}}
{"target": 0.37997585894834585, "params": {"C": 0.6413502371643093, "epsilon": 2.1982850533754084, "gamma": 0.10858909935225083, "lamda": 0.13558388431625912}, "datetime": {"datetime": "2021-07-03 17:15:34", "elapsed": 338.989556, "delta": 1.03001}}
{"target": 0.5414897876296628, "params": {"C": 1.2878285696290699, "epsilon": 2.7227342254842966, "gamma": 0.08246144003100085, "lamda": 0.7209039973628365}, "datetime": {"datetime": "2021-07-03 17:15:34", "elapsed": 339.859532, "delta": 0.869976}}
{"target": 0.23582642912162155, "params": {"C": 4.597969297380474, "epsilon": 5.420800642221988, "gamma": 0.8899033040625043, "lamda": 0.9611570969951252}, "datetime": {"datetime": "2021-07-03 17:15:35", "elapsed": 340.42654, "delta": 0.567008}}
