{"target": 0.4356319193809517, "params": {"C": 16.654529397714036, "epsilon": 2.199038025907447, "gamma": 0.570676598456682, "lamda": 0.6266836839683956}, "datetime": {"datetime": "2021-07-03 18:31:05", "elapsed": 655.587083, "delta": 0.857995}}
{"target": 0.8252349104015482, "params": {"C": 15.803556733240598, "epsilon": 4.275674189136987, "gamma": 0.08572103518068683, "lamda": 0.28616884191678993}, "datetime": {"datetime": "2021-07-03 18:31:06", "elapsed": 656.479047, "delta": 0.891964}}
{"target": 0.32950095564344173, "params": {"C": 13.190069076019768, "epsilon": 7.390617091793364, "gamma": 0.9, "lamda": 1.0}, "datetime": {"datetime": "2021-07-03 18:31:07", "elapsed": 657.633082, "delta": 1.154035}}
{"target": 0.3323988591648931, "params": {"C": 16.706538935003273, "epsilon": 2.668807821296164, "gamma": 0.8966731563117117, "lamda": 0.13102014776948334}, "datetime": {"datetime": "2021-07-03 18:31:09", "elapsed": 658.926083, "delta": 1.293001}}
{"target": 0.33013792500733485, "params": {"C": 16.79008001301123, "epsilon": 1.9791015945639696, "gamma": 0.9, "lamda": 0.1}, "datetime": {"datetime": "2021-07-03 18:31:10", "elapsed": 660.404081, "delta": 1.477998}}
{"target": 0.34080014801563685, "params": {"C": 16.8199324723075, "epsilon": 3.509671544201596, "gamma": 0.8747767272082657, "lamda": 0.3807022145792581}, "datetime": {"datetime": "2021-07-03 18:31:11", "elapsed": 661.697162, "delta": 1.293081}}
{"target": 0.3288497773876615, "params": {"C": 12.929035091864147, "epsilon": 8.048232816294703, "gamma": 0.9, "lamda": 0.33936922685222554}, "datetime": {"datetime": "2021-07-03 18:31:13", "elapsed": 663.009118, "delta": 1.311956}}
{"target": 0.587403028698211, "params": {"C": 14.729175540096787, "epsilon": 2.8764428880254655, "gamma": 0.29010324850292457, "lamda": 0.1579101001903509}, "datetime": {"datetime": "2021-07-03 18:31:14", "elapsed": 664.042113, "delta": 1.032995}}
{"target": 0.3395357109331829, "params": {"C": 19.047662417974234, "epsilon": 3.508428005898733, "gamma": 0.9, "lamda": 0.1}, "datetime": {"datetime": "2021-07-03 18:31:15", "elapsed": 665.429244, "delta": 1.387131}}
{"target": 0.3381014617397342, "params": {"C": 15.443203932637338, "epsilon": 8.400896279461008, "gamma": 0.9, "lamda": 0.1}, "datetime": {"datetime": "2021-07-03 18:31:17", "elapsed": 666.927111, "delta": 1.497867}}
{"target": 0.5816914258570258, "params": {"C": 13.17841225701081, "epsilon": 4.408689018161924, "gamma": 0.2839684401940753, "lamda": 1.0}, "datetime": {"datetime": "2021-07-03 18:31:20", "elapsed": 669.767095, "delta": 2.839984}}
{"target": 0.5735504994059077, "params": {"C": 12.230816226789008, "epsilon": 4.038559464965729, "gamma": 0.28676315146632203, "lamda": 0.6513675042234673}, "datetime": {"datetime": "2021-07-03 18:31:22", "elapsed": 671.892252, "delta": 2.125157}}
{"target": 0.8650634123678521, "params": {"C": 17.76506819933805, "epsilon": 3.334801629519852, "gamma": 0.05, "lamda": 0.1}, "datetime": {"datetime": "2021-07-03 18:31:23", "elapsed": 673.542224, "delta": 1.649972}}
{"target": 0.3794105958190154, "params": {"C": 12.09139269607052, "epsilon": 3.4509778147904218, "gamma": 0.6798942777917809, "lamda": 0.1}, "datetime": {"datetime": "2021-07-03 18:31:25", "elapsed": 675.213127, "delta": 1.670903}}
{"target": 0.4310374199963859, "params": {"C": 17.04237540554531, "epsilon": 7.8255256050626185, "gamma": 0.6032354366432132, "lamda": 0.5386517881235745}, "datetime": {"datetime": "2021-07-03 18:31:26", "elapsed": 676.217653, "delta": 1.004526}}
{"target": 0.32713279330770817, "params": {"C": 12.373622149185778, "epsilon": 9.37672743435914, "gamma": 0.9, "lamda": 0.1}, "datetime": {"datetime": "2021-07-03 18:31:27", "elapsed": 677.546103, "delta": 1.32845}}
{"target": 0.33368717038387186, "params": {"C": 17.58906599563517, "epsilon": 2.810139180033681, "gamma": 0.9, "lamda": 0.1}, "datetime": {"datetime": "2021-07-03 18:31:29", "elapsed": 679.022524, "delta": 1.476421}}
{"target": 0.7979872859390573, "params": {"C": 12.003317473199086, "epsilon": 4.429647363067751, "gamma": 0.08990720355114806, "lamda": 0.1}, "datetime": {"datetime": "2021-07-03 18:31:31", "elapsed": 680.941641, "delta": 1.919117}}
{"target": 0.8582149952309668, "params": {"C": 13.018803420575198, "epsilon": 6.154832233570713, "gamma": 0.05, "lamda": 0.1}, "datetime": {"datetime": "2021-07-03 18:31:32", "elapsed": 682.687657, "delta": 1.746016}}
{"target": 0.34179601882865485, "params": {"C": 17.037149634019976, "epsilon": 8.269522175767074, "gamma": 0.9, "lamda": 0.1}, "datetime": {"datetime": "2021-07-03 18:31:35", "elapsed": 684.742369, "delta": 2.054712}}
{"target": 0.33171774915487207, "params": {"C": 14.347269472770689, "epsilon": 6.292442825584263, "gamma": 0.9, "lamda": 1.0}, "datetime": {"datetime": "2021-07-03 18:31:36", "elapsed": 686.105467, "delta": 1.363098}}
{"target": 0.40846697831627565, "params": {"C": 11.394059635827515, "epsilon": 4.974570939285261, "gamma": 0.5931003506574726, "lamda": 0.459149453118194}, "datetime": {"datetime": "2021-07-03 18:31:37", "elapsed": 687.172004, "delta": 1.066537}}
{"target": 0.33435841356707596, "params": {"C": 14.93061378638244, "epsilon": 6.466604410285902, "gamma": 0.9, "lamda": 0.1}, "datetime": {"datetime": "2021-07-03 18:31:39", "elapsed": 689.206656, "delta": 2.034652}}
{"target": 0.3364981878008888, "params": {"C": 15.310516276064591, "epsilon": 7.134584802095705, "gamma": 0.8993895670034079, "lamda": 0.691938471202359}, "datetime": {"datetime": "2021-07-03 18:31:40", "elapsed": 690.673961, "delta": 1.467305}}
{"target": 0.3629356109452587, "params": {"C": 13.285653512573505, "epsilon": 9.370953404120439, "gamma": 0.7726681730193521, "lamda": 0.1568028031900684}, "datetime": {"datetime": "2021-07-03 18:31:42", "elapsed": 692.458753, "delta": 1.784792}}
{"target": 0.44833651799155405, "params": {"C": 10.20163125431031, "epsilon": 7.9841441473988395, "gamma": 0.47123062507531377, "lamda": 0.19394505694429065}, "datetime": {"datetime": "2021-07-03 18:31:43", "elapsed": 693.41763, "delta": 0.958877}}
{"target": 0.38719433750633236, "params": {"C": 12.824278641464785, "epsilon": 9.682993121173235, "gamma": 0.6870175966932157, "lamda": 0.8673208420249303}, "datetime": {"datetime": "2021-07-03 18:31:44", "elapsed": 694.645616, "delta": 1.227986}}
{"target": 0.8052296754165702, "params": {"C": 12.90435705964897, "epsilon": 9.542926166839981, "gamma": 0.0892017178804671, "lamda": 0.23983315091049412}, "datetime": {"datetime": "2021-07-03 18:31:46", "elapsed": 696.228794, "delta": 1.583178}}
{"target": -3.0278827055735418, "params": {"C": 13.38117326673813, "epsilon": 9.948022627864828, "gamma": 0.16665929574108174, "lamda": 0.4965399783254846}, "datetime": {"datetime": "2021-07-03 18:31:59", "elapsed": 708.884497, "delta": 12.655703}}
{"target": 0.5966643289414724, "params": {"C": 12.82400381633282, "epsilon": 8.935107256444644, "gamma": 0.26642656898254036, "lamda": 0.1}, "datetime": {"datetime": "2021-07-03 18:32:00", "elapsed": 710.676637, "delta": 1.79214}}
{"target": 0.3829238829445427, "params": {"C": 13.86186331573162, "epsilon": 1.2544094335597293, "gamma": 0.6788087255813812, "lamda": 0.4743986288967089}, "datetime": {"datetime": "2021-07-03 18:32:01", "elapsed": 711.683536, "delta": 1.006899}}
{"target": 0.5983365845022968, "params": {"C": 12.358219420410132, "epsilon": 9.48139948398785, "gamma": 0.259274394362462, "lamda": 0.4674111890734307}, "datetime": {"datetime": "2021-07-03 18:32:03", "elapsed": 713.0606, "delta": 1.377064}}
{"target": -1.8224482479505242, "params": {"C": 12.798848131697516, "epsilon": 9.015772665050598, "gamma": 0.2796793989532773, "lamda": 0.9422203732118736}, "datetime": {"datetime": "2021-07-03 18:32:17", "elapsed": 727.002697, "delta": 13.942097}}
{"target": 0.32683502112908125, "params": {"C": 12.464436749004818, "epsilon": 8.557486395598497, "gamma": 0.9, "lamda": 0.1}, "datetime": {"datetime": "2021-07-03 18:32:18", "elapsed": 728.675237, "delta": 1.67254}}
{"target": 0.32615406220354204, "params": {"C": 12.198748488964569, "epsilon": 10.0, "gamma": 0.9, "lamda": 0.6206230822025707}, "datetime": {"datetime": "2021-07-03 18:32:20", "elapsed": 730.54291, "delta": 1.867673}}
{"target": 0.55976426793098, "params": {"C": 18.557584476967765, "epsilon": 2.2257173811415893, "gamma": 0.3560926811255169, "lamda": 0.2368619406736348}, "datetime": {"datetime": "2021-07-03 18:32:21", "elapsed": 731.664912, "delta": 1.122002}}
{"target": 0.42075283955232046, "params": {"C": 11.459640775945587, "epsilon": 8.13001246525052, "gamma": 0.5710448576496125, "lamda": 0.9790083886269448}, "datetime": {"datetime": "2021-07-03 18:32:23", "elapsed": 733.385644, "delta": 1.720732}}
{"target": 0.6763640433347841, "params": {"C": 12.141479441845883, "epsilon": 9.995695219097888, "gamma": 0.17196498525279033, "lamda": 0.1070258703226798}, "datetime": {"datetime": "2021-07-03 18:32:26", "elapsed": 735.785781, "delta": 2.400137}}
{"target": 0.32209493565006486, "params": {"C": 11.623933470017011, "epsilon": 9.800164704863207, "gamma": 0.9, "lamda": 0.1}, "datetime": {"datetime": "2021-07-03 18:32:27", "elapsed": 737.197532, "delta": 1.411751}}
{"target": 0.31996558787234697, "params": {"C": 13.019195868388607, "epsilon": 1.8695809664401564, "gamma": 0.8960211789880926, "lamda": 0.9822469625531426}, "datetime": {"datetime": "2021-07-03 18:32:29", "elapsed": 738.924968, "delta": 1.727436}}
{"target": 0.5321431500540676, "params": {"C": 18.96615957315359, "epsilon": 9.482289807752666, "gamma": 0.40613017025675885, "lamda": 0.10803732900537634}, "datetime": {"datetime": "2021-07-03 18:32:30", "elapsed": 740.235232, "delta": 1.310264}}
{"target": 0.8551841516606041, "params": {"C": 12.048300677168204, "epsilon": 2.3042187267538816, "gamma": 0.05, "lamda": 0.1}, "datetime": {"datetime": "2021-07-03 18:32:35", "elapsed": 745.037718, "delta": 4.802486}}
{"target": 0.3079946203006978, "params": {"C": 10.0, "epsilon": 9.09518614768445, "gamma": 0.9, "lamda": 0.9221134433963187}, "datetime": {"datetime": "2021-07-03 18:32:36", "elapsed": 746.660775, "delta": 1.623057}}
{"target": -7.244231802641373, "params": {"C": 17.691674622302823, "epsilon": 4.588035085025203, "gamma": 0.05, "lamda": 1.0}, "datetime": {"datetime": "2021-07-03 18:32:51", "elapsed": 761.266723, "delta": 14.605948}}
{"target": 0.45289568691167637, "params": {"C": 11.577336481447375, "epsilon": 5.337280446266387, "gamma": 0.48595987265621987, "lamda": 0.20564319136264078}, "datetime": {"datetime": "2021-07-03 18:32:53", "elapsed": 762.973907, "delta": 1.707184}}
{"target": -5.020505139044221, "params": {"C": 17.80353016994706, "epsilon": 3.298941929520881, "gamma": 0.06434283520184632, "lamda": 0.8405523429247446}, "datetime": {"datetime": "2021-07-03 18:33:12", "elapsed": 782.432314, "delta": 19.458407}}
{"target": 0.5161845469700026, "params": {"C": 11.401021284505042, "epsilon": 1.7322279822552316, "gamma": 0.35845178397541655, "lamda": 0.413834414016496}, "datetime": {"datetime": "2021-07-03 18:33:14", "elapsed": 784.370816, "delta": 1.938502}}
{"target": -0.8828870723546529, "params": {"C": 14.269066284456343, "epsilon": 5.976730856408655, "gamma": 0.49907255186059846, "lamda": 0.9483442888722357}, "datetime": {"datetime": "2021-07-03 18:33:25", "elapsed": 794.897322, "delta": 10.526506}}
{"target": 0.33194316461098194, "params": {"C": 13.445703427835038, "epsilon": 8.648594361212266, "gamma": 0.9, "lamda": 0.1}, "datetime": {"datetime": "2021-07-03 18:33:26", "elapsed": 796.170328, "delta": 1.273006}}
{"target": 0.4112703238933544, "params": {"C": 17.85292649715324, "epsilon": 3.1510179005321883, "gamma": 0.6459699713663121, "lamda": 0.2534120453700831}, "datetime": {"datetime": "2021-07-03 18:33:27", "elapsed": 797.255312, "delta": 1.084984}}
{"target": 0.5619157799431032, "params": {"C": 18.73570709825995, "epsilon": 4.507985285506657, "gamma": 0.3557821174563192, "lamda": 0.8750508688735597}, "datetime": {"datetime": "2021-07-03 18:33:28", "elapsed": 798.377299, "delta": 1.121987}}
{"target": 0.5338369473900277, "params": {"C": 15.962273713702784, "epsilon": 8.703047572349547, "gamma": 0.38056491396296305, "lamda": 0.19948386499288998}, "datetime": {"datetime": "2021-07-03 18:33:29", "elapsed": 799.472813, "delta": 1.095514}}
{"target": 0.6039424613059102, "params": {"C": 15.893919882105422, "epsilon": 9.492923289684434, "gamma": 0.2809287582379084, "lamda": 0.12378274183087556}, "datetime": {"datetime": "2021-07-03 18:33:31", "elapsed": 801.11235, "delta": 1.639537}}
{"target": 0.5581440124764534, "params": {"C": 14.829244531864095, "epsilon": 6.573613925238819, "gamma": 0.3301435159295604, "lamda": 0.2230473519618611}, "datetime": {"datetime": "2021-07-03 18:33:32", "elapsed": 802.23232, "delta": 1.11997}}
{"target": -5.769575597547003, "params": {"C": 15.216292718138659, "epsilon": 9.150600283843112, "gamma": 0.07988463440628632, "lamda": 0.4421254461021594}, "datetime": {"datetime": "2021-07-03 18:33:41", "elapsed": 810.893505, "delta": 8.661185}}
{"target": 0.34795872884478507, "params": {"C": 19.213195882583012, "epsilon": 8.5777252767216, "gamma": 0.9, "lamda": 0.1}, "datetime": {"datetime": "2021-07-03 18:33:43", "elapsed": 812.997349, "delta": 2.103844}}
{"target": -5.739096542567036, "params": {"C": 11.881710338676301, "epsilon": 3.013237175928463, "gamma": 0.05, "lamda": 0.1}, "datetime": {"datetime": "2021-07-03 18:33:52", "elapsed": 822.548354, "delta": 9.551005}}
{"target": 0.3714042873847302, "params": {"C": 14.676017076844857, "epsilon": 6.142090794225783, "gamma": 0.7487696400450932, "lamda": 0.1831709896819368}, "datetime": {"datetime": "2021-07-03 18:33:54", "elapsed": 823.946386, "delta": 1.398032}}
{"target": 0.5285889936020383, "params": {"C": 17.238963676736166, "epsilon": 3.5102227460404705, "gamma": 0.3945289866482244, "lamda": 0.1}, "datetime": {"datetime": "2021-07-03 18:33:56", "elapsed": 826.01339, "delta": 2.067004}}
{"target": 0.33737453717883403, "params": {"C": 18.34996044888154, "epsilon": 3.313524792296175, "gamma": 0.9, "lamda": 0.1}, "datetime": {"datetime": "2021-07-03 18:33:58", "elapsed": 828.049376, "delta": 2.035986}}
{"target": 0.8563356753897049, "params": {"C": 12.444666706979257, "epsilon": 1.9689352165760126, "gamma": 0.05, "lamda": 0.1}, "datetime": {"datetime": "2021-07-03 18:34:00", "elapsed": 830.55039, "delta": 2.501014}}
{"target": 0.3370621384029153, "params": {"C": 18.92692717253705, "epsilon": 2.0452336835431955, "gamma": 0.8948973157942199, "lamda": 0.38729301493228074}, "datetime": {"datetime": "2021-07-03 18:34:03", "elapsed": 832.893405, "delta": 2.343015}}
{"target": 0.6004424905404444, "params": {"C": 16.511968898863127, "epsilon": 9.193889952916042, "gamma": 0.2891631574200438, "lamda": 0.1}, "datetime": {"datetime": "2021-07-03 18:34:05", "elapsed": 835.011395, "delta": 2.11799}}
{"target": 0.324365474406335, "params": {"C": 12.583196212363033, "epsilon": 3.852023453286576, "gamma": 0.884835282864721, "lamda": 0.37383665316768266}, "datetime": {"datetime": "2021-07-03 18:34:07", "elapsed": 836.795372, "delta": 1.783977}}
{"target": 0.595300453932102, "params": {"C": 19.284688101666706, "epsilon": 2.4568825537420387, "gamma": 0.3129360898068282, "lamda": 0.1}, "datetime": {"datetime": "2021-07-03 18:34:09", "elapsed": 838.73638, "delta": 1.941008}}
{"target": 0.7606251825858317, "params": {"C": 12.951154569681389, "epsilon": 7.920776968619695, "gamma": 0.11711682916065991, "lamda": 0.2717862793668194}, "datetime": {"datetime": "2021-07-03 18:34:10", "elapsed": 840.312405, "delta": 1.576025}}
{"target": 0.40099070769351386, "params": {"C": 12.637747769055782, "epsilon": 9.978668285731104, "gamma": 0.6422228071319246, "lamda": 0.1}, "datetime": {"datetime": "2021-07-03 18:34:12", "elapsed": 842.406399, "delta": 2.093994}}
{"target": 0.5645311769379064, "params": {"C": 12.207609679515912, "epsilon": 4.026776400177409, "gamma": 0.297379909016207, "lamda": 0.6268890332149616}, "datetime": {"datetime": "2021-07-03 18:34:13", "elapsed": 843.673415, "delta": 1.267016}}
{"target": 0.653679564034022, "params": {"C": 17.37065287831345, "epsilon": 7.506379604945061, "gamma": 0.2352331170124325, "lamda": 0.1}, "datetime": {"datetime": "2021-07-03 18:34:15", "elapsed": 845.547386, "delta": 1.873971}}
{"target": 0.34751590630121254, "params": {"C": 20.0, "epsilon": 6.279021936143548, "gamma": 0.9, "lamda": 0.1}, "datetime": {"datetime": "2021-07-03 18:34:17", "elapsed": 847.069399, "delta": 1.522013}}
{"target": 0.5921172872242078, "params": {"C": 11.586515085685287, "epsilon": 8.030098126589177, "gamma": 0.25825516105638313, "lamda": 0.5404525989905794}, "datetime": {"datetime": "2021-07-03 18:34:18", "elapsed": 848.441766, "delta": 1.372367}}
{"target": 0.3085814797451232, "params": {"C": 10.655161780583109, "epsilon": 2.918837818804074, "gamma": 0.8876894935104613, "lamda": 0.6179704300142401}, "datetime": {"datetime": "2021-07-03 18:34:20", "elapsed": 850.554431, "delta": 2.112665}}
{"target": 0.7475844369830538, "params": {"C": 10.877711752297602, "epsilon": 4.039456890728176, "gamma": 0.11501098194372292, "lamda": 0.6475125295768253}, "datetime": {"datetime": "2021-07-03 18:34:22", "elapsed": 851.815429, "delta": 1.260998}}
{"target": 0.7097742417135828, "params": {"C": 11.00276908558543, "epsilon": 3.9361102805936796, "gamma": 0.13954530990819974, "lamda": 0.21343194496347107}, "datetime": {"datetime": "2021-07-03 18:34:23", "elapsed": 853.409409, "delta": 1.59398}}
{"target": 0.46062991196107783, "params": {"C": 11.204831611975802, "epsilon": 3.910635285636608, "gamma": 0.46187289615858373, "lamda": 0.6374402429070455}, "datetime": {"datetime": "2021-07-03 18:34:25", "elapsed": 855.110929, "delta": 1.70152}}
{"target": 0.5455754759249178, "params": {"C": 13.098339065404701, "epsilon": 8.416591361108974, "gamma": 0.3314513483709221, "lamda": 0.4373300099317128}, "datetime": {"datetime": "2021-07-03 18:34:26", "elapsed": 856.352405, "delta": 1.241476}}
{"target": 0.31760378145548596, "params": {"C": 12.996925051822867, "epsilon": 1.3229899001799292, "gamma": 0.9, "lamda": 0.5276674871907719}, "datetime": {"datetime": "2021-07-03 18:34:28", "elapsed": 858.114413, "delta": 1.762008}}
{"target": 0.6697021787929673, "params": {"C": 14.39682377648608, "epsilon": 3.721870811239964, "gamma": 0.19603791956021793, "lamda": 0.39754163368124795}, "datetime": {"datetime": "2021-07-03 18:34:29", "elapsed": 859.318438, "delta": 1.204025}}
{"target": 0.459381422008901, "params": {"C": 14.21181506447773, "epsilon": 3.6286014221444196, "gamma": 0.497854374474639, "lamda": 1.0}, "datetime": {"datetime": "2021-07-03 18:34:31", "elapsed": 861.196425, "delta": 1.877987}}
{"target": 0.7640595886204467, "params": {"C": 17.398140734767043, "epsilon": 8.277564791453914, "gamma": 0.134591597624926, "lamda": 0.1}, "datetime": {"datetime": "2021-07-03 18:34:33", "elapsed": 863.033446, "delta": 1.837021}}
{"target": 0.5725686230996321, "params": {"C": 17.690245748210888, "epsilon": 1.0, "gamma": 0.33125428819595254, "lamda": 0.1}, "datetime": {"datetime": "2021-07-03 18:34:35", "elapsed": 865.637447, "delta": 2.604001}}
{"target": 0.3125680733789482, "params": {"C": 10.67015291388628, "epsilon": 2.9299181202814237, "gamma": 0.8729393728924901, "lamda": 0.5943246191813276}, "datetime": {"datetime": "2021-07-03 18:34:37", "elapsed": 867.015451, "delta": 1.378004}}
{"target": 0.6972021878667392, "params": {"C": 18.692337200773146, "epsilon": 4.603891167446131, "gamma": 0.19913246249892597, "lamda": 0.6061341498706103}, "datetime": {"datetime": "2021-07-03 18:34:38", "elapsed": 868.249447, "delta": 1.233996}}
{"target": 0.5893909279254194, "params": {"C": 13.16058790039046, "epsilon": 4.445831876463995, "gamma": 0.2755522366825705, "lamda": 0.99434875181887}, "datetime": {"datetime": "2021-07-03 18:34:39", "elapsed": 869.592449, "delta": 1.343002}}
{"target": 0.39492316919003034, "params": {"C": 17.724068639094256, "epsilon": 7.954573690855704, "gamma": 0.7046689698221921, "lamda": 0.143083264263223}, "datetime": {"datetime": "2021-07-03 18:34:41", "elapsed": 871.615465, "delta": 2.023016}}
{"target": 0.4970833735168022, "params": {"C": 18.44307044989964, "epsilon": 4.259323905083015, "gamma": 0.4610434169909919, "lamda": 0.377876834954601}, "datetime": {"datetime": "2021-07-03 18:34:44", "elapsed": 873.715457, "delta": 2.099992}}
{"target": 0.3302409354967992, "params": {"C": 17.898004345303537, "epsilon": 1.0, "gamma": 0.9, "lamda": 0.8247682542270764}, "datetime": {"datetime": "2021-07-03 18:34:46", "elapsed": 875.866436, "delta": 2.150979}}
{"target": -7.309921299967963, "params": {"C": 13.89102938983439, "epsilon": 4.434102700083492, "gamma": 0.05, "lamda": 1.0}, "datetime": {"datetime": "2021-07-03 18:34:52", "elapsed": 882.192469, "delta": 6.326033}}
{"target": 0.45934094574349327, "params": {"C": 17.751035084094347, "epsilon": 1.9121025438953545, "gamma": 0.5261573703901284, "lamda": 0.23303901669411917}, "datetime": {"datetime": "2021-07-03 18:34:53", "elapsed": 883.637452, "delta": 1.444983}}
{"target": 0.8212860344266888, "params": {"C": 19.34963421735238, "epsilon": 5.476314760179495, "gamma": 0.09848255079806958, "lamda": 0.38389722846947116}, "datetime": {"datetime": "2021-07-03 18:34:55", "elapsed": 885.270444, "delta": 1.632992}}
{"target": 0.49061175226147125, "params": {"C": 15.42796304141541, "epsilon": 5.94657777916707, "gamma": 0.4506960539538541, "lamda": 0.7733384476323547}, "datetime": {"datetime": "2021-07-03 18:34:56", "elapsed": 886.541507, "delta": 1.271063}}
{"target": 0.7884642072145598, "params": {"C": 19.62503822706369, "epsilon": 5.555605372698515, "gamma": 0.12344557761896931, "lamda": 0.12723143578562474}, "datetime": {"datetime": "2021-07-03 18:34:59", "elapsed": 889.040471, "delta": 2.498964}}
