{"target": 0.18939775541740045, "params": {"C": 3.0151932694207297, "epsilon": 4.174848262594851, "gamma": 0.9, "lamda": 0.77485910604226}, "datetime": {"datetime": "2021-07-03 17:21:48", "elapsed": 713.55298, "delta": 1.828116}}
{"target": 0.26423391555168774, "params": {"C": 3.9232446825743037, "epsilon": 1.2544094335597293, "gamma": 0.6788087255813812, "lamda": 0.4743986288967089}, "datetime": {"datetime": "2021-07-03 17:21:49", "elapsed": 714.673982, "delta": 1.121002}}
{"target": 0.3049460118360463, "params": {"C": 10.0, "epsilon": 6.459820840514753, "gamma": 0.9, "lamda": 1.0}, "datetime": {"datetime": "2021-07-03 17:21:51", "elapsed": 716.187936, "delta": 1.513954}}
{"target": 0.1201758064816355, "params": {"C": 1.2189003325995482, "epsilon": 5.6915634917704185, "gamma": 0.8541323065732797, "lamda": 0.1530057292571631}, "datetime": {"datetime": "2021-07-03 17:21:54", "elapsed": 719.73047, "delta": 3.542534}}
{"target": 0.014518667410133745, "params": {"C": 0.20415145567161344, "epsilon": 1.3941777486011866, "gamma": 0.9, "lamda": 1.0}, "datetime": {"datetime": "2021-07-03 17:21:56", "elapsed": 721.384051, "delta": 1.653581}}
{"target": 0.2943404755204143, "params": {"C": 9.008771605605748, "epsilon": 6.292610300039743, "gamma": 0.9, "lamda": 0.1280756603072285}, "datetime": {"datetime": "2021-07-03 17:21:58", "elapsed": 723.260042, "delta": 1.875991}}
{"target": 0.48838759644888285, "params": {"C": 8.572008632198086, "epsilon": 2.2257173811415893, "gamma": 0.3560926811255169, "lamda": 0.2368619406736348}, "datetime": {"datetime": "2021-07-03 17:21:59", "elapsed": 724.518675, "delta": 1.258633}}
{"target": 0.1942449940437343, "params": {"C": 3.2666893336923115, "epsilon": 7.913290421448852, "gamma": 0.8963984020193655, "lamda": 0.3339406270209584}, "datetime": {"datetime": "2021-07-03 17:22:01", "elapsed": 726.362748, "delta": 1.844073}}
{"target": 0.2626577286137528, "params": {"C": 6.13379041698211, "epsilon": 6.682195776041333, "gamma": 0.9, "lamda": 0.1}, "datetime": {"datetime": "2021-07-03 17:22:05", "elapsed": 730.240387, "delta": 3.877639}}
{"target": 0.18264152251293697, "params": {"C": 0.21230959844396263, "epsilon": 1.6678918783526075, "gamma": 0.12754365959625474, "lamda": 0.9141722961772961}, "datetime": {"datetime": "2021-07-03 17:22:07", "elapsed": 732.677874, "delta": 2.437487}}
{"target": 0.8206445299862873, "params": {"C": 6.619134660711029, "epsilon": 2.069256435099304, "gamma": 0.05, "lamda": 0.1}, "datetime": {"datetime": "2021-07-03 17:22:09", "elapsed": 734.580788, "delta": 1.902914}}
{"target": 0.46549008666371516, "params": {"C": 8.976497977422056, "epsilon": 9.482289807752666, "gamma": 0.40613017025675885, "lamda": 0.10803732900537634}, "datetime": {"datetime": "2021-07-03 17:22:10", "elapsed": 735.851393, "delta": 1.270605}}
{"target": -0.0016826736555062283, "params": {"C": 0.1, "epsilon": 4.355366169724149, "gamma": 0.9, "lamda": 1.0}, "datetime": {"datetime": "2021-07-03 17:22:13", "elapsed": 738.287883, "delta": 2.43649}}
{"target": -6.361038259250281, "params": {"C": 0.1, "epsilon": 4.3333348830338, "gamma": 0.05, "lamda": 0.1}, "datetime": {"datetime": "2021-07-03 17:22:26", "elapsed": 751.788807, "delta": 13.500924}}
{"target": 0.0060935611255528155, "params": {"C": 0.1386342904503123, "epsilon": 3.302005728547967, "gamma": 0.8550497422172205, "lamda": 0.8063853783031688}, "datetime": {"datetime": "2021-07-03 17:22:30", "elapsed": 754.991251, "delta": 3.202444}}
{"target": -8.093888089402066, "params": {"C": 2.4490196871693857, "epsilon": 8.673659235024726, "gamma": 0.05027615003485704, "lamda": 0.5408543334074399}, "datetime": {"datetime": "2021-07-03 17:22:52", "elapsed": 777.855156, "delta": 22.863905}}
{"target": 0.34719394696174055, "params": {"C": 1.8345424159946346, "epsilon": 9.20831994850426, "gamma": 0.2634892167755481, "lamda": 0.10773531105948819}, "datetime": {"datetime": "2021-07-03 17:22:55", "elapsed": 779.879746, "delta": 2.02459}}
{"target": 0.5310676038144393, "params": {"C": 7.245031697560611, "epsilon": 7.340018513947081, "gamma": 0.2677304135797761, "lamda": 0.8508540718082973}, "datetime": {"datetime": "2021-07-03 17:22:56", "elapsed": 781.349819, "delta": 1.470073}}
{"target": 0.3335968461536565, "params": {"C": 4.32637562161178, "epsilon": 5.976730856408655, "gamma": 0.49907255186059846, "lamda": 0.9483442888722357}, "datetime": {"datetime": "2021-07-03 17:22:57", "elapsed": 782.605462, "delta": 1.255643}}
{"target": 0.19703739293389022, "params": {"C": 3.3410097149193927, "epsilon": 3.6508723893602184, "gamma": 0.9, "lamda": 0.1}, "datetime": {"datetime": "2021-07-03 17:22:59", "elapsed": 784.842485, "delta": 2.237023}}
{"target": 0.34784583703442085, "params": {"C": 7.874397232181708, "epsilon": 3.1510179005321883, "gamma": 0.6459699713663121, "lamda": 0.2534120453700831}, "datetime": {"datetime": "2021-07-03 17:23:02", "elapsed": 787.404638, "delta": 2.562153}}
{"target": 0.4905901579683417, "params": {"C": 8.74835002727735, "epsilon": 4.507985285506657, "gamma": 0.3557821174563192, "lamda": 0.8750508688735597}, "datetime": {"datetime": "2021-07-03 17:23:03", "elapsed": 788.820855, "delta": 1.416217}}
{"target": 0.42943499259793294, "params": {"C": 6.002650976565755, "epsilon": 8.703047572349547, "gamma": 0.38056491396296305, "lamda": 0.19948386499288998}, "datetime": {"datetime": "2021-07-03 17:23:05", "elapsed": 790.263, "delta": 1.442145}}
{"target": 0.2883782092622351, "params": {"C": 8.598225274865785, "epsilon": 4.1528570009091155, "gamma": 0.9, "lamda": 1.0}, "datetime": {"datetime": "2021-07-03 17:23:07", "elapsed": 792.245703, "delta": 1.982703}}
{"target": 0.4335796188248229, "params": {"C": 4.880952086545453, "epsilon": 6.573613925238819, "gamma": 0.3301435159295604, "lamda": 0.2230473519618611}, "datetime": {"datetime": "2021-07-03 17:23:08", "elapsed": 793.45148, "delta": 1.205777}}
{"target": 0.34287545945393094, "params": {"C": 9.381058518156761, "epsilon": 4.593286220901672, "gamma": 0.7316099500898355, "lamda": 1.0}, "datetime": {"datetime": "2021-07-03 17:23:10", "elapsed": 794.986379, "delta": 1.534899}}
{"target": 0.7234959581238727, "params": {"C": 9.911854259471085, "epsilon": 4.069525958722556, "gamma": 0.1250555861454669, "lamda": 0.9854728401674444}, "datetime": {"datetime": "2021-07-03 17:23:12", "elapsed": 797.236366, "delta": 2.249987}}
{"target": 0.25339052349755686, "params": {"C": 5.4744678266958395, "epsilon": 8.574907215187542, "gamma": 0.9, "lamda": 0.1}, "datetime": {"datetime": "2021-07-03 17:23:14", "elapsed": 799.596062, "delta": 2.359696}}
{"target": 0.2709824993149639, "params": {"C": 4.72925690607641, "epsilon": 6.142090794225783, "gamma": 0.7487696400450932, "lamda": 0.1831709896819368}, "datetime": {"datetime": "2021-07-03 17:23:16", "elapsed": 801.09007, "delta": 1.494008}}
{"target": 0.8228565252957933, "params": {"C": 6.804650803656497, "epsilon": 1.0, "gamma": 0.05, "lamda": 0.1}, "datetime": {"datetime": "2021-07-03 17:23:17", "elapsed": 802.785539, "delta": 1.695469}}
{"target": -6.8307772397942825, "params": {"C": 7.778515055884816, "epsilon": 4.058852851410318, "gamma": 0.05, "lamda": 1.0}, "datetime": {"datetime": "2021-07-03 17:23:29", "elapsed": 814.192059, "delta": 11.40652}}
{"target": 0.5228586824056751, "params": {"C": 7.758020901638654, "epsilon": 3.5968459035378046, "gamma": 0.28939508240971074, "lamda": 0.12542998630985153}, "datetime": {"datetime": "2021-07-03 17:23:32", "elapsed": 816.986593, "delta": 2.794534}}
{"target": 0.6328879269076333, "params": {"C": 9.040786076954191, "epsilon": 5.241561387658515, "gamma": 0.18678328997075255, "lamda": 1.0}, "datetime": {"datetime": "2021-07-03 17:23:34", "elapsed": 819.1548, "delta": 2.168207}}
{"target": 0.22630243321880772, "params": {"C": 4.1935818824059705, "epsilon": 10.0, "gamma": 0.9, "lamda": 1.0}, "datetime": {"datetime": "2021-07-03 17:23:36", "elapsed": 821.12653, "delta": 1.97173}}
{"target": 0.6687523035475078, "params": {"C": 1.498802048248451, "epsilon": 7.881469353536947, "gamma": 0.05, "lamda": 0.1}, "datetime": {"datetime": "2021-07-03 17:23:37", "elapsed": 822.744207, "delta": 1.617677}}
{"target": 0.5283896919794926, "params": {"C": 1.9578179286504958, "epsilon": 1.8791886223809695, "gamma": 0.11746156962697601, "lamda": 0.9752244256549573}, "datetime": {"datetime": "2021-07-03 17:23:39", "elapsed": 824.474583, "delta": 1.730376}}
{"target": 0.6070278962610719, "params": {"C": 3.0216430239845744, "epsilon": 7.920776968619695, "gamma": 0.11711682916065991, "lamda": 0.2717862793668194}, "datetime": {"datetime": "2021-07-03 17:23:40", "elapsed": 825.716265, "delta": 1.241682}}
{"target": 0.009712121722667222, "params": {"C": 0.1744467180738949, "epsilon": 7.84348349898934, "gamma": 0.9, "lamda": 0.1}, "datetime": {"datetime": "2021-07-03 17:23:42", "elapsed": 827.629154, "delta": 1.912889}}
{"target": 0.08579211850579838, "params": {"C": 0.27467247862013117, "epsilon": 5.6526020262906025, "gamma": 0.38282595970344824, "lamda": 0.8485037334495419}, "datetime": {"datetime": "2021-07-03 17:23:43", "elapsed": 828.86984, "delta": 1.240686}}
{"target": 0.3200179601367935, "params": {"C": 2.5383557243030164, "epsilon": 3.7704171045425525, "gamma": 0.37957543882999606, "lamda": 0.16269477212152805}, "datetime": {"datetime": "2021-07-03 17:23:46", "elapsed": 830.984191, "delta": 2.114351}}
{"target": 0.13810529670817107, "params": {"C": 1.657404410230716, "epsilon": 1.8882746553068492, "gamma": 0.9, "lamda": 1.0}, "datetime": {"datetime": "2021-07-03 17:23:48", "elapsed": 833.250835, "delta": 2.266644}}
{"target": 0.2853910951192957, "params": {"C": 7.545834274955244, "epsilon": 9.343098929195719, "gamma": 0.9, "lamda": 0.7898423839813187}, "datetime": {"datetime": "2021-07-03 17:23:50", "elapsed": 835.575621, "delta": 2.324786}}
{"target": 0.29309261420332733, "params": {"C": 8.986696567644792, "epsilon": 5.403416413652942, "gamma": 0.9, "lamda": 0.32477202879176625}, "datetime": {"datetime": "2021-07-03 17:23:52", "elapsed": 837.644094, "delta": 2.068473}}
{"target": 0.4248759727284289, "params": {"C": 0.9689346347746259, "epsilon": 4.039456890728176, "gamma": 0.11501098194372292, "lamda": 0.6475125295768253}, "datetime": {"datetime": "2021-07-03 17:23:54", "elapsed": 839.410375, "delta": 1.766281}}
{"target": 0.4024670126141916, "params": {"C": 1.2455943219435432, "epsilon": 3.353787053572389, "gamma": 0.15037302525781493, "lamda": 0.4384232631269853}, "datetime": {"datetime": "2021-07-03 17:23:56", "elapsed": 841.072933, "delta": 1.662558}}
{"target": 0.2716114768693989, "params": {"C": 6.879305227365405, "epsilon": 4.038552031129047, "gamma": 0.8884567836934745, "lamda": 0.9882311440877516}, "datetime": {"datetime": "2021-07-03 17:23:57", "elapsed": 842.758428, "delta": 1.685495}}
{"target": 0.3720075069814145, "params": {"C": 3.1673556747506537, "epsilon": 8.416591361108974, "gamma": 0.3314513483709221, "lamda": 0.4373300099317128}, "datetime": {"datetime": "2021-07-03 17:23:59", "elapsed": 844.099844, "delta": 1.341416}}
{"target": -6.412274306761924, "params": {"C": 8.150242327587831, "epsilon": 3.1872491591264076, "gamma": 0.05, "lamda": 0.33620181788717185}, "datetime": {"datetime": "2021-07-03 17:24:06", "elapsed": 850.996415, "delta": 6.896571}}
{"target": 0.5411140739684563, "params": {"C": 4.452855538721218, "epsilon": 3.721870811239964, "gamma": 0.19603791956021793, "lamda": 0.39754163368124795}, "datetime": {"datetime": "2021-07-03 17:24:07", "elapsed": 852.225132, "delta": 1.228717}}
{"target": 0.47781004963282114, "params": {"C": 8.883592537473925, "epsilon": 3.3055779882818044, "gamma": 0.3791086569540968, "lamda": 0.9894783021295541}, "datetime": {"datetime": "2021-07-03 17:24:09", "elapsed": 854.296597, "delta": 2.071465}}
{"target": 0.6782027290829945, "params": {"C": 1.611284136635557, "epsilon": 8.705828777859915, "gamma": 0.05, "lamda": 0.1}, "datetime": {"datetime": "2021-07-03 17:24:11", "elapsed": 856.371054, "delta": 2.074457}}
{"target": 0.6449629943878323, "params": {"C": 3.6657349371762327, "epsilon": 3.964888497924547, "gamma": 0.10636751646858777, "lamda": 0.4013417601890631}, "datetime": {"datetime": "2021-07-03 17:24:14", "elapsed": 859.010003, "delta": 2.638949}}
{"target": 0.17392584996955118, "params": {"C": 2.246740046269604, "epsilon": 1.3550944908449871, "gamma": 0.8418537352037421, "lamda": 0.9548244413072366}, "datetime": {"datetime": "2021-07-03 17:24:15", "elapsed": 860.425222, "delta": 1.415219}}
{"target": 0.6170348060145864, "params": {"C": 8.705413828765412, "epsilon": 4.603891167446131, "gamma": 0.19913246249892597, "lamda": 0.6061341498706103}, "datetime": {"datetime": "2021-07-03 17:24:16", "elapsed": 861.805534, "delta": 1.380312}}
{"target": 0.6171280868464081, "params": {"C": 8.050485494987603, "epsilon": 9.680821507513947, "gamma": 0.19272864148169455, "lamda": 0.8123477723012157}, "datetime": {"datetime": "2021-07-03 17:24:18", "elapsed": 863.12401, "delta": 1.318476}}
{"target": 0.49174660382098323, "params": {"C": 8.618164347353646, "epsilon": 5.134831190031408, "gamma": 0.35159864025719106, "lamda": 0.5604792531395326}, "datetime": {"datetime": "2021-07-03 17:24:20", "elapsed": 865.401924, "delta": 2.277914}}
{"target": 0.3359057344790791, "params": {"C": 9.09513994208091, "epsilon": 3.032185858159056, "gamma": 0.7353232580323023, "lamda": 0.3648104359506297}, "datetime": {"datetime": "2021-07-03 17:24:22", "elapsed": 867.489346, "delta": 2.087422}}
{"target": -7.602898680341358, "params": {"C": 3.9824926654587647, "epsilon": 4.076398248202165, "gamma": 0.05, "lamda": 1.0}, "datetime": {"datetime": "2021-07-03 17:24:31", "elapsed": 876.842352, "delta": 9.353006}}
{"target": 0.2880483953145614, "params": {"C": 4.551598036671422, "epsilon": 3.3367595998504744, "gamma": 0.6589112055750151, "lamda": 0.2800601514055532}, "datetime": {"datetime": "2021-07-03 17:24:33", "elapsed": 878.599657, "delta": 1.757305}}
{"target": 0.3887012979772524, "params": {"C": 7.773524733253402, "epsilon": 1.9121025438953545, "gamma": 0.5261573703901284, "lamda": 0.23303901669411917}, "datetime": {"datetime": "2021-07-03 17:24:35", "elapsed": 879.998918, "delta": 1.399261}}
{"target": 0.7618481677124422, "params": {"C": 9.356137875178856, "epsilon": 5.476314760179495, "gamma": 0.09848255079806958, "lamda": 0.38389722846947116}, "datetime": {"datetime": "2021-07-03 17:24:36", "elapsed": 881.336345, "delta": 1.337427}}
{"target": 0.37933928653733984, "params": {"C": 5.473683411001255, "epsilon": 5.94657777916707, "gamma": 0.4506960539538541, "lamda": 0.7733384476323547}, "datetime": {"datetime": "2021-07-03 17:24:37", "elapsed": 882.688731, "delta": 1.352386}}
{"target": 0.7069709696229824, "params": {"C": 2.9956097662248258, "epsilon": 4.7794632527155985, "gamma": 0.06156264752653214, "lamda": 0.5337463734808877}, "datetime": {"datetime": "2021-07-03 17:24:39", "elapsed": 884.556739, "delta": 1.868008}}
{"target": 0.7069638586331826, "params": {"C": 9.468302437674549, "epsilon": 4.816886980345238, "gamma": 0.13319301392131655, "lamda": 0.8705860839040456}, "datetime": {"datetime": "2021-07-03 17:24:41", "elapsed": 886.720956, "delta": 2.164217}}
{"target": 0.32541383228119436, "params": {"C": 5.734122298345632, "epsilon": 5.262880147138081, "gamma": 0.6143739689713591, "lamda": 0.40820867985934334}, "datetime": {"datetime": "2021-07-03 17:24:43", "elapsed": 888.590965, "delta": 1.870009}}
{"target": 0.2955012049196878, "params": {"C": 8.341602489597557, "epsilon": 3.6303065594202844, "gamma": 0.8614356031834022, "lamda": 0.6696765371669064}, "datetime": {"datetime": "2021-07-03 17:24:46", "elapsed": 891.122195, "delta": 2.53123}}
{"target": 0.40282788076431275, "params": {"C": 1.527107042648792, "epsilon": 1.8416255605758438, "gamma": 0.17449920344229586, "lamda": 0.3913793890243308}, "datetime": {"datetime": "2021-07-03 17:24:47", "elapsed": 892.720924, "delta": 1.598729}}
{"target": 0.7064176371999179, "params": {"C": 3.086487886388842, "epsilon": 3.855999149706042, "gamma": 0.06350181929866801, "lamda": 0.12397171390450748}, "datetime": {"datetime": "2021-07-03 17:24:50", "elapsed": 895.575296, "delta": 2.854372}}
{"target": 0.44851646244447607, "params": {"C": 9.834793261039511, "epsilon": 3.152540369797107, "gamma": 0.45768495388338826, "lamda": 0.6712500686272062}, "datetime": {"datetime": "2021-07-03 17:24:52", "elapsed": 896.941645, "delta": 1.366349}}
{"target": 0.38101294065731206, "params": {"C": 3.8749308171905703, "epsilon": 3.6034433891495596, "gamma": 0.36233898175245083, "lamda": 0.1}, "datetime": {"datetime": "2021-07-03 17:24:54", "elapsed": 899.870818, "delta": 2.929173}}
{"target": 0.33647425276721665, "params": {"C": 9.478769004448996, "epsilon": 5.5720135503806025, "gamma": 0.7570723022048853, "lamda": 0.9770900668142999}, "datetime": {"datetime": "2021-07-03 17:24:57", "elapsed": 902.319277, "delta": 2.448459}}
{"target": -7.398055032028081, "params": {"C": 9.24103901802513, "epsilon": 5.949049910075229, "gamma": 0.05, "lamda": 1.0}, "datetime": {"datetime": "2021-07-03 17:25:13", "elapsed": 917.890667, "delta": 15.57139}}
{"target": 0.4686169515973596, "params": {"C": 9.136524128969164, "epsilon": 5.138529454028937, "gamma": 0.4030759806219458, "lamda": 0.44948658397983154}, "datetime": {"datetime": "2021-07-03 17:25:14", "elapsed": 919.856415, "delta": 1.965748}}
{"target": -7.73822825038199, "params": {"C": 14.17022004702574, "epsilon": 7.482920440979423, "gamma": 0.050097218594743156, "lamda": 0.3720993153686558}, "datetime": {"datetime": "2021-07-03 18:20:10", "elapsed": 0.0, "delta": 0.0}}
{"target": 0.6332910408438894, "params": {"C": 11.46755890817113, "epsilon": 1.8310473529191802, "gamma": 0.20832117967102026, "lamda": 0.411004654338743}, "datetime": {"datetime": "2021-07-03 18:20:10", "elapsed": 0.219959, "delta": 0.219959}}
{"target": 0.5066792267889004, "params": {"C": 13.967674742306698, "epsilon": 5.849350606030212, "gamma": 0.40631533724280056, "lamda": 0.7166975503570835}, "datetime": {"datetime": "2021-07-03 18:20:10", "elapsed": 0.433971, "delta": 0.214012}}
{"target": 0.37077594641024714, "params": {"C": 10.07719855984121, "epsilon": 2.456748407914266, "gamma": 0.6529636790444987, "lamda": 0.7882631730924409}, "datetime": {"datetime": "2021-07-03 18:20:11", "elapsed": 0.765984, "delta": 0.332013}}
{"target": 0.4539320316657405, "params": {"C": 14.425573174554623, "epsilon": 4.721236371406603, "gamma": 0.5156342039178201, "lamda": 0.7697814234177126}, "datetime": {"datetime": "2021-07-03 18:20:11", "elapsed": 1.059995, "delta": 0.294011}}
{"target": 0.38232033239524144, "params": {"C": 13.297277878321214, "epsilon": 5.016178238168884, "gamma": 0.6921447929465652, "lamda": 1.0}, "datetime": {"datetime": "2021-07-03 18:20:12", "elapsed": 1.716973, "delta": 0.656978}}
{"target": 0.5946882626669132, "params": {"C": 11.557793855104244, "epsilon": 3.6129852592401757, "gamma": 0.2531760640913679, "lamda": 0.3138315362004081}, "datetime": {"datetime": "2021-07-03 18:20:12", "elapsed": 2.241064, "delta": 0.524091}}
{"target": 0.32022136114279387, "params": {"C": 12.948350917958958, "epsilon": 2.6319285292244596, "gamma": 0.9, "lamda": 1.0}, "datetime": {"datetime": "2021-07-03 18:20:13", "elapsed": 2.837005, "delta": 0.595941}}
{"target": 0.3032716320073582, "params": {"C": 10.100389362118356, "epsilon": 4.6406862735617995, "gamma": 0.9, "lamda": 1.0}, "datetime": {"datetime": "2021-07-03 18:20:13", "elapsed": 3.52697, "delta": 0.689965}}
{"target": 0.8585104890196992, "params": {"C": 13.267001786368109, "epsilon": 1.0, "gamma": 0.05, "lamda": 0.1}, "datetime": {"datetime": "2021-07-03 18:20:14", "elapsed": 4.16322, "delta": 0.63625}}
{"target": 0.8617982481794042, "params": {"C": 14.643680610657537, "epsilon": 2.217115254580538, "gamma": 0.05, "lamda": 0.1}, "datetime": {"datetime": "2021-07-03 18:20:15", "elapsed": 4.739267, "delta": 0.576047}}
{"target": 0.3226831424353762, "params": {"C": 14.675600790440056, "epsilon": 1.0, "gamma": 0.9, "lamda": 1.0}, "datetime": {"datetime": "2021-07-03 18:20:15", "elapsed": 5.318164, "delta": 0.578897}}
{"target": -6.662280496872542, "params": {"C": 16.302102164561063, "epsilon": 2.655585072109004, "gamma": 0.05, "lamda": 1.0}, "datetime": {"datetime": "2021-07-03 18:20:22", "elapsed": 12.012481, "delta": 6.694317}}
{"target": -5.754189648504389, "params": {"C": 13.423967671781236, "epsilon": 3.3287770211904415, "gamma": 0.05, "lamda": 0.1}, "datetime": {"datetime": "2021-07-03 18:20:28", "elapsed": 18.47991, "delta": 6.467429}}
{"target": 0.5135983542530455, "params": {"C": 11.41682355641445, "epsilon": 1.7366801708135164, "gamma": 0.36293840037048025, "lamda": 0.38800109979925057}, "datetime": {"datetime": "2021-07-03 18:20:29", "elapsed": 18.806655, "delta": 0.326745}}
{"target": 0.8613794021661746, "params": {"C": 14.503368273695518, "epsilon": 1.0326280440324556, "gamma": 0.05, "lamda": 0.1}, "datetime": {"datetime": "2021-07-03 18:20:29", "elapsed": 19.424454, "delta": 0.617799}}
{"target": 0.40633213192718287, "params": {"C": 12.70710110971568, "epsilon": 1.306216568932094, "gamma": 0.6039011239954482, "lamda": 0.9511764407791659}, "datetime": {"datetime": "2021-07-03 18:20:30", "elapsed": 20.160176, "delta": 0.735722}}
{"target": 0.3107533721307322, "params": {"C": 11.412935908232932, "epsilon": 2.8491559009424146, "gamma": 0.9, "lamda": 1.0}, "datetime": {"datetime": "2021-07-03 18:20:31", "elapsed": 20.809703, "delta": 0.649527}}
{"target": 0.3147565145054845, "params": {"C": 11.397993842500355, "epsilon": 5.295087872370772, "gamma": 0.9, "lamda": 0.1}, "datetime": {"datetime": "2021-07-03 18:20:31", "elapsed": 21.340237, "delta": 0.530534}}
{"target": 0.7407731733134861, "params": {"C": 10.218224555749888, "epsilon": 3.7043978366260313, "gamma": 0.11576500257497728, "lamda": 0.18543564396839446}, "datetime": {"datetime": "2021-07-03 18:20:32", "elapsed": 22.074746, "delta": 0.734509}}
