{"target": -7.478431742201879, "params": {"C": 24.958029068313245, "epsilon": 6.416655279796562, "gamma": 0.051650261416887715, "lamda": 0.5984497691099375}, "datetime": {"datetime": "2021-07-04 10:35:04", "elapsed": 426.985294, "delta": 13.478664}}
{"target": 0.8656054369780766, "params": {"C": 24.696997099994604, "epsilon": 5.904438897614996, "gamma": 0.04798429729395808, "lamda": 0.4246112836976358}, "datetime": {"datetime": "2021-07-04 10:35:05", "elapsed": 427.413974, "delta": 0.42868}}
{"target": 0.8650936869834267, "params": {"C": 24.105103243524166, "epsilon": 5.76847166165099, "gamma": 0.045367307014034665, "lamda": 0.4956733514832903}, "datetime": {"datetime": "2021-07-04 10:35:05", "elapsed": 427.78075, "delta": 0.366776}}
{"target": -7.210156953627733, "params": {"C": 24.982714852727483, "epsilon": 5.5116832876344635, "gamma": 0.05237257663492555, "lamda": 0.4479350843273495}, "datetime": {"datetime": "2021-07-04 10:35:13", "elapsed": 435.645869, "delta": 7.865119}}
{"target": 0.8632364760388875, "params": {"C": 24.55305973385464, "epsilon": 6.565912332116947, "gamma": 0.058043806862703884, "lamda": 0.33735593492349253}, "datetime": {"datetime": "2021-07-04 10:35:14", "elapsed": 436.020948, "delta": 0.375079}}
{"target": 0.8650108269482643, "params": {"C": 23.183870609718852, "epsilon": 6.297272956787628, "gamma": 0.043136880007914644, "lamda": 0.4669368279014433}, "datetime": {"datetime": "2021-07-04 10:35:14", "elapsed": 436.463863, "delta": 0.442915}}
{"target": 0.86273431582413, "params": {"C": 23.61779357970678, "epsilon": 5.7841454784466375, "gamma": 0.058744957874813285, "lamda": 0.46866099950233775}, "datetime": {"datetime": "2021-07-04 10:35:14", "elapsed": 436.844258, "delta": 0.380395}}
{"target": -6.947296294399234, "params": {"C": 23.465497086555047, "epsilon": 5.128389681446416, "gamma": 0.04659273467761083, "lamda": 0.5560723296259065}, "datetime": {"datetime": "2021-07-04 10:35:23", "elapsed": 445.123614, "delta": 8.279356}}
{"target": -7.310996037216233, "params": {"C": 23.216608415630255, "epsilon": 5.027938478600625, "gamma": 0.04816301253522416, "lamda": 0.6151481847215767}, "datetime": {"datetime": "2021-07-04 10:35:32", "elapsed": 454.287551, "delta": 9.163937}}
{"target": 0.8646685068522996, "params": {"C": 23.965189955069103, "epsilon": 5.435501396289707, "gamma": 0.05405310306028255, "lamda": 0.6627990723375982}, "datetime": {"datetime": "2021-07-04 10:35:33", "elapsed": 455.068482, "delta": 0.780931}}
{"target": 0.8630341155620274, "params": {"C": 22.90412541297016, "epsilon": 6.264565450569825, "gamma": 0.0578576690312848, "lamda": 0.5016478635801658}, "datetime": {"datetime": "2021-07-04 10:35:33", "elapsed": 455.617249, "delta": 0.548767}}
{"target": 0.8651978347246694, "params": {"C": 24.220535019081495, "epsilon": 6.967775887964322, "gamma": 0.043208033657726595, "lamda": 0.5964489456170585}, "datetime": {"datetime": "2021-07-04 10:35:34", "elapsed": 456.039989, "delta": 0.42274}}
{"target": -6.972586966467868, "params": {"C": 23.078993397118957, "epsilon": 6.01388580542954, "gamma": 0.054496725274226006, "lamda": 0.5083722791170611}, "datetime": {"datetime": "2021-07-04 10:35:47", "elapsed": 469.446685, "delta": 13.406696}}
{"target": -7.235886963876915, "params": {"C": 23.456955208253362, "epsilon": 6.376741428199357, "gamma": 0.05295254766707863, "lamda": 0.6204136512091142}, "datetime": {"datetime": "2021-07-04 10:36:00", "elapsed": 482.497354, "delta": 13.050669}}
{"target": 0.8644930480375923, "params": {"C": 24.792106543061372, "epsilon": 6.8249808218831856, "gamma": 0.055098854696128706, "lamda": 0.5757395222678559}, "datetime": {"datetime": "2021-07-04 10:36:01", "elapsed": 483.051367, "delta": 0.554013}}
{"target": -6.836920020185973, "params": {"C": 23.180053941821797, "epsilon": 6.888930332848481, "gamma": 0.055298787923334994, "lamda": 0.6144936324380996}, "datetime": {"datetime": "2021-07-04 10:36:16", "elapsed": 498.097094, "delta": 15.045727}}
{"target": -7.492781163122077, "params": {"C": 23.050457277708272, "epsilon": 6.88583701832029, "gamma": 0.047586945274382425, "lamda": 0.41575570973016707}, "datetime": {"datetime": "2021-07-04 10:36:24", "elapsed": 506.227391, "delta": 8.130297}}
{"target": -6.67076151566214, "params": {"C": 23.295549050388917, "epsilon": 6.3576770579373285, "gamma": 0.05863330981945206, "lamda": 0.5702413093314521}, "datetime": {"datetime": "2021-07-04 10:36:38", "elapsed": 520.87438, "delta": 14.646989}}
{"target": -7.2746089903139435, "params": {"C": 23.934851945823908, "epsilon": 5.250441537891767, "gamma": 0.05358877517764095, "lamda": 0.40273740030628097}, "datetime": {"datetime": "2021-07-04 10:36:54", "elapsed": 536.162875, "delta": 15.288495}}
{"target": -6.984817211109277, "params": {"C": 23.264235777918906, "epsilon": 5.836110389960423, "gamma": 0.056498651309784, "lamda": 0.4431822583575607}, "datetime": {"datetime": "2021-07-04 10:37:12", "elapsed": 554.320519, "delta": 18.157644}}
{"target": -7.720142070567405, "params": {"C": 24.884400797698916, "epsilon": 6.363946230470994, "gamma": 0.05189580520317045, "lamda": 0.5776084459538038}, "datetime": {"datetime": "2021-07-04 10:37:20", "elapsed": 562.807214, "delta": 8.486695}}
{"target": 0.8655299243896089, "params": {"C": 24.97095036909531, "epsilon": 6.288079519988268, "gamma": 0.041756203717796564, "lamda": 0.3282475218552793}, "datetime": {"datetime": "2021-07-04 10:37:21", "elapsed": 563.212586, "delta": 0.405372}}
{"target": -7.821088748657987, "params": {"C": 23.2858425308321, "epsilon": 5.35086168596113, "gamma": 0.048338621008045216, "lamda": 0.6405365323035297}, "datetime": {"datetime": "2021-07-04 10:37:29", "elapsed": 571.134239, "delta": 7.921653}}
{"target": -7.043344551354105, "params": {"C": 24.067294206258314, "epsilon": 5.235693816707758, "gamma": 0.050870343189256914, "lamda": 0.5797828694265944}, "datetime": {"datetime": "2021-07-04 10:37:40", "elapsed": 582.526206, "delta": 11.391967}}
{"target": 0.8655430191878686, "params": {"C": 23.140488539770843, "epsilon": 6.696791664666676, "gamma": 0.04821875943676712, "lamda": 0.44913518931644986}, "datetime": {"datetime": "2021-07-04 10:37:40", "elapsed": 582.915565, "delta": 0.389359}}
{"target": 0.8656409738967696, "params": {"C": 24.33836915358166, "epsilon": 6.806089760338803, "gamma": 0.05024822200604962, "lamda": 0.4180932085381825}, "datetime": {"datetime": "2021-07-04 10:37:41", "elapsed": 583.344841, "delta": 0.429276}}
{"target": 0.8654981880518874, "params": {"C": 23.990568866343793, "epsilon": 5.915665940153419, "gamma": 0.04776921981295664, "lamda": 0.3324329481023583}, "datetime": {"datetime": "2021-07-04 10:37:42", "elapsed": 584.031989, "delta": 0.687148}}
{"target": -7.395983266008734, "params": {"C": 24.76634525282875, "epsilon": 5.611081969771582, "gamma": 0.05081101265266744, "lamda": 0.34638989509384377}, "datetime": {"datetime": "2021-07-04 10:37:49", "elapsed": 591.563771, "delta": 7.531782}}
{"target": 0.8631695676576085, "params": {"C": 22.859696038368547, "epsilon": 5.207734222133386, "gamma": 0.05707132813669215, "lamda": 0.3564610187717221}, "datetime": {"datetime": "2021-07-04 10:37:49", "elapsed": 591.981524, "delta": 0.417753}}
{"target": 0.8653234623432758, "params": {"C": 24.159409227601436, "epsilon": 5.574074853730844, "gamma": 0.04491990748679972, "lamda": 0.37028591044613884}, "datetime": {"datetime": "2021-07-04 10:37:50", "elapsed": 592.390212, "delta": 0.408688}}
{"target": -8.896031274554229, "params": {"C": 24.817567674710645, "epsilon": 6.943783199025331, "gamma": 0.044963586496884055, "lamda": 0.35538310001459883}, "datetime": {"datetime": "2021-07-04 10:37:57", "elapsed": 599.726438, "delta": 7.336226}}
{"target": -7.23235822253935, "params": {"C": 23.681866724478343, "epsilon": 6.631727152441751, "gamma": 0.054144435220495946, "lamda": 0.3639162702142865}, "datetime": {"datetime": "2021-07-04 10:38:11", "elapsed": 613.875719, "delta": 14.149281}}
{"target": -7.4861704651230525, "params": {"C": 23.429935389821384, "epsilon": 6.630901932393837, "gamma": 0.0525976291613243, "lamda": 0.6645690943803049}, "datetime": {"datetime": "2021-07-04 10:38:25", "elapsed": 627.251209, "delta": 13.37549}}
{"target": -7.918217406005258, "params": {"C": 24.160456243246625, "epsilon": 6.14546189873792, "gamma": 0.05317728963379548, "lamda": 0.6965409200351835}, "datetime": {"datetime": "2021-07-04 10:38:33", "elapsed": 635.705356, "delta": 8.454147}}
{"target": -7.246713831722836, "params": {"C": 22.477056887429505, "epsilon": 5.956872901378213, "gamma": 0.05013382815630708, "lamda": 0.3484553587317818}, "datetime": {"datetime": "2021-07-04 10:38:41", "elapsed": 643.670472, "delta": 7.965116}}
{"target": -6.153596195912663, "params": {"C": 24.93010675335238, "epsilon": 6.0777683557383915, "gamma": 0.05968849848798067, "lamda": 0.6167560105215558}, "datetime": {"datetime": "2021-07-04 10:38:57", "elapsed": 659.188412, "delta": 15.51794}}
{"target": 0.8638568418302073, "params": {"C": 23.676595603124067, "epsilon": 5.399605343827147, "gamma": 0.05606526933344101, "lamda": 0.33253403383014507}, "datetime": {"datetime": "2021-07-04 10:38:57", "elapsed": 659.655042, "delta": 0.46663}}
{"target": 0.865151776444081, "params": {"C": 24.39257449534388, "epsilon": 5.366364629405745, "gamma": 0.044338034114742145, "lamda": 0.6785098767293692}, "datetime": {"datetime": "2021-07-04 10:38:58", "elapsed": 660.125995, "delta": 0.470953}}
{"target": -7.049042766317211, "params": {"C": 22.54525462840498, "epsilon": 6.788186367019325, "gamma": 0.050090857371522045, "lamda": 0.694500592447254}, "datetime": {"datetime": "2021-07-04 10:39:09", "elapsed": 671.974125, "delta": 11.84813}}
{"target": -7.40344825652082, "params": {"C": 24.03748124523298, "epsilon": 6.657882185883849, "gamma": 0.04655473524703847, "lamda": 0.4518692259520245}, "datetime": {"datetime": "2021-07-04 10:39:19", "elapsed": 681.677539, "delta": 9.703414}}
{"target": 0.8647027822310072, "params": {"C": 24.3979459761797, "epsilon": 5.54404492985485, "gamma": 0.05397278559859392, "lamda": 0.47756130543339326}, "datetime": {"datetime": "2021-07-04 10:39:20", "elapsed": 682.181461, "delta": 0.503922}}
{"target": -6.937610521155064, "params": {"C": 23.210166745655684, "epsilon": 6.974280636538593, "gamma": 0.05362584536186821, "lamda": 0.663378513229973}, "datetime": {"datetime": "2021-07-04 10:39:32", "elapsed": 694.372207, "delta": 12.190746}}
{"target": 0.8635300570878396, "params": {"C": 23.930173566848296, "epsilon": 6.221853060997855, "gamma": 0.05728610335326546, "lamda": 0.3828480831101907}, "datetime": {"datetime": "2021-07-04 10:39:32", "elapsed": 694.987895, "delta": 0.615688}}
{"target": 0.8636473672194028, "params": {"C": 23.619783536220975, "epsilon": 5.642523363862887, "gamma": 0.05674392777197628, "lamda": 0.695836699299779}, "datetime": {"datetime": "2021-07-04 10:39:33", "elapsed": 695.688113, "delta": 0.700218}}
{"target": 0.8641159720017009, "params": {"C": 24.399052529552243, "epsilon": 5.767246642712479, "gamma": 0.055672055145557155, "lamda": 0.5856524494435256}, "datetime": {"datetime": "2021-07-04 10:39:34", "elapsed": 696.364109, "delta": 0.675996}}
{"target": -7.8908237894545685, "params": {"C": 24.997080915985382, "epsilon": 6.169601408902382, "gamma": 0.0495034865312399, "lamda": 0.654203683740965}, "datetime": {"datetime": "2021-07-04 10:39:43", "elapsed": 705.994378, "delta": 9.630269}}
{"target": 0.8652337826850494, "params": {"C": 24.97904273125165, "epsilon": 5.532927401311185, "gamma": 0.04088156200999373, "lamda": 0.5186767349207775}, "datetime": {"datetime": "2021-07-04 10:39:47", "elapsed": 709.947556, "delta": 3.953178}}
{"target": 0.8636107288175111, "params": {"C": 23.709739039407676, "epsilon": 5.069661392681385, "gamma": 0.056770306251484215, "lamda": 0.5161361398592829}, "datetime": {"datetime": "2021-07-04 10:39:48", "elapsed": 710.711809, "delta": 0.764253}}
{"target": -4.038550832415871, "params": {"C": 22.38412959477524, "epsilon": 5.303424208732087, "gamma": 0.05286725139947151, "lamda": 0.37622757777085364}, "datetime": {"datetime": "2021-07-04 10:39:57", "elapsed": 719.209263, "delta": 8.497454}}
{"target": 0.8622179541562364, "params": {"C": 24.8600537332485, "epsilon": 6.532370546988764, "gamma": 0.059994374484669585, "lamda": 0.43454845508385775}, "datetime": {"datetime": "2021-07-04 10:39:57", "elapsed": 719.774425, "delta": 0.565162}}
{"target": 0.8649191058335448, "params": {"C": 22.138021353165147, "epsilon": 5.485728337195304, "gamma": 0.04690168819574572, "lamda": 0.33453149020696665}, "datetime": {"datetime": "2021-07-04 10:39:58", "elapsed": 720.332133, "delta": 0.557708}}
{"target": 0.8634744308568922, "params": {"C": 22.604715218077235, "epsilon": 5.441093637531246, "gamma": 0.05628839050135972, "lamda": 0.5971558588486112}, "datetime": {"datetime": "2021-07-04 10:39:58", "elapsed": 720.912559, "delta": 0.580426}}
{"target": -6.722263039504029, "params": {"C": 23.581898908975173, "epsilon": 6.61614260676451, "gamma": 0.05579999262073426, "lamda": 0.5572878821617226}, "datetime": {"datetime": "2021-07-04 10:40:12", "elapsed": 734.56448, "delta": 13.651921}}
{"target": -7.408122277231595, "params": {"C": 24.740549547383, "epsilon": 6.436922410182485, "gamma": 0.05064275537800273, "lamda": 0.48470608507580715}, "datetime": {"datetime": "2021-07-04 10:40:29", "elapsed": 751.304555, "delta": 16.740075}}
{"target": -6.9436531543412165, "params": {"C": 22.207449085625314, "epsilon": 6.9509392009132815, "gamma": 0.0587468301135375, "lamda": 0.41112597719056715}, "datetime": {"datetime": "2021-07-04 10:40:46", "elapsed": 768.216897, "delta": 16.912342}}
{"target": -7.519045510906897, "params": {"C": 24.58186042486517, "epsilon": 5.623984194339343, "gamma": 0.05355840037426292, "lamda": 0.6574032175637123}, "datetime": {"datetime": "2021-07-04 10:40:55", "elapsed": 777.811957, "delta": 9.59506}}
{"target": -7.7774438720883445, "params": {"C": 22.60698635135988, "epsilon": 6.603238398357491, "gamma": 0.04871561945727704, "lamda": 0.42626658005351686}, "datetime": {"datetime": "2021-07-04 10:41:01", "elapsed": 783.931663, "delta": 6.119706}}
{"target": -6.745818327512264, "params": {"C": 23.812359947129117, "epsilon": 6.3801256829272965, "gamma": 0.053044491851331005, "lamda": 0.46603760758309076}, "datetime": {"datetime": "2021-07-04 10:41:10", "elapsed": 792.436464, "delta": 8.504801}}
{"target": 0.8649637140701838, "params": {"C": 22.56370899401277, "epsilon": 5.195389695509981, "gamma": 0.05155011620155208, "lamda": 0.6605776340590744}, "datetime": {"datetime": "2021-07-04 10:41:10", "elapsed": 792.893677, "delta": 0.457213}}
{"target": 0.8651277959811002, "params": {"C": 22.826992745613705, "epsilon": 5.7858711983829965, "gamma": 0.05136341200247235, "lamda": 0.34785440556911296}, "datetime": {"datetime": "2021-07-04 10:41:11", "elapsed": 793.354453, "delta": 0.460776}}
{"target": 0.8647328506296471, "params": {"C": 23.00633461747845, "epsilon": 5.75850804582692, "gamma": 0.04407638727858453, "lamda": 0.5435263477622853}, "datetime": {"datetime": "2021-07-04 10:41:12", "elapsed": 794.031777, "delta": 0.677324}}
{"target": 0.8653231462479217, "params": {"C": 24.28822333683842, "epsilon": 6.31664575623786, "gamma": 0.045979621326252454, "lamda": 0.5745186387749983}, "datetime": {"datetime": "2021-07-04 10:41:12", "elapsed": 794.684416, "delta": 0.652639}}
{"target": -4.512169252300769, "params": {"C": 24.235550975613943, "epsilon": 5.236000416880018, "gamma": 0.04021576920767015, "lamda": 0.5358868000941295}, "datetime": {"datetime": "2021-07-04 10:41:20", "elapsed": 802.443609, "delta": 7.759193}}
{"target": -6.707128918692675, "params": {"C": 24.865587187788645, "epsilon": 6.266745501228228, "gamma": 0.04916458018080438, "lamda": 0.6261441951785354}, "datetime": {"datetime": "2021-07-04 10:41:29", "elapsed": 811.869322, "delta": 9.425713}}
{"target": 0.8655921905555665, "params": {"C": 23.13275107080249, "epsilon": 6.797585348164146, "gamma": 0.04785610653525388, "lamda": 0.5998127541875757}, "datetime": {"datetime": "2021-07-04 10:41:30", "elapsed": 812.412942, "delta": 0.54362}}
{"target": -6.531842338264899, "params": {"C": 22.715188622984005, "epsilon": 6.906377359080735, "gamma": 0.05940535178354613, "lamda": 0.5155825903155589}, "datetime": {"datetime": "2021-07-04 10:41:45", "elapsed": 827.544276, "delta": 15.131334}}
{"target": -7.475376481778035, "params": {"C": 23.626726752935095, "epsilon": 6.2539596934614385, "gamma": 0.049960039438798204, "lamda": 0.37307306717354627}, "datetime": {"datetime": "2021-07-04 10:41:54", "elapsed": 836.365846, "delta": 8.82157}}
{"target": 0.8627674124682757, "params": {"C": 22.33043804364985, "epsilon": 5.974326183616676, "gamma": 0.058149269332244555, "lamda": 0.41559770149044656}, "datetime": {"datetime": "2021-07-04 10:41:54", "elapsed": 836.983366, "delta": 0.61752}}
{"target": -7.639279372556903, "params": {"C": 24.163235977019646, "epsilon": 6.834005857162558, "gamma": 0.05283497122583245, "lamda": 0.39073142148335466}, "datetime": {"datetime": "2021-07-04 10:42:09", "elapsed": 851.095868, "delta": 14.112502}}
{"target": -6.707263932086411, "params": {"C": 24.115032086341625, "epsilon": 5.978252218515339, "gamma": 0.04985473787843918, "lamda": 0.3791433449521269}, "datetime": {"datetime": "2021-07-04 10:42:33", "elapsed": 875.807782, "delta": 24.711914}}
{"target": 0.8635472515344835, "params": {"C": 23.26722083863252, "epsilon": 6.440232301779513, "gamma": 0.056795959260951254, "lamda": 0.4664170250812488}, "datetime": {"datetime": "2021-07-04 10:42:34", "elapsed": 876.353424, "delta": 0.545642}}
{"target": 0.865260586311401, "params": {"C": 24.776760455329402, "epsilon": 6.440993950662961, "gamma": 0.04330157989365896, "lamda": 0.5650765108265163}, "datetime": {"datetime": "2021-07-04 10:42:34", "elapsed": 876.981739, "delta": 0.628315}}
{"target": 0.8650526681321262, "params": {"C": 23.481553219397284, "epsilon": 6.0195738081696515, "gamma": 0.043815107473274814, "lamda": 0.5671639138848101}, "datetime": {"datetime": "2021-07-04 10:42:35", "elapsed": 877.624999, "delta": 0.64326}}
{"target": 0.8653933125713618, "params": {"C": 22.5841593047841, "epsilon": 6.7498993045979665, "gamma": 0.04010535343903197, "lamda": 0.34801019825934487}, "datetime": {"datetime": "2021-07-04 10:42:36", "elapsed": 878.346562, "delta": 0.721563}}
{"target": 0.8651126822963728, "params": {"C": 23.493289215610655, "epsilon": 5.506938364577471, "gamma": 0.052450879585434415, "lamda": 0.6302895120576808}, "datetime": {"datetime": "2021-07-04 10:42:37", "elapsed": 879.023746, "delta": 0.677184}}
{"target": 0.8651855933699818, "params": {"C": 22.716384399722486, "epsilon": 5.612282294798113, "gamma": 0.049591503086187205, "lamda": 0.3514787276924195}, "datetime": {"datetime": "2021-07-04 10:42:37", "elapsed": 879.62218, "delta": 0.598434}}
{"target": -7.764493624683633, "params": {"C": 23.064997022304915, "epsilon": 5.212126257771968, "gamma": 0.0471432180816841, "lamda": 0.6675982748098673}, "datetime": {"datetime": "2021-07-04 10:42:46", "elapsed": 888.210615, "delta": 8.588435}}
{"target": 0.8636243694428036, "params": {"C": 22.737964944178763, "epsilon": 5.405400717566219, "gamma": 0.05597008727248427, "lamda": 0.6426656303354749}, "datetime": {"datetime": "2021-07-04 10:42:46", "elapsed": 888.765265, "delta": 0.55465}}
{"target": 0.8653954527119745, "params": {"C": 22.47305766878492, "epsilon": 5.920100314968963, "gamma": 0.04887480939730546, "lamda": 0.3223285820934967}, "datetime": {"datetime": "2021-07-04 10:42:47", "elapsed": 889.389998, "delta": 0.624733}}
{"target": -7.578117172447566, "params": {"C": 23.930362747055995, "epsilon": 6.598105189228339, "gamma": 0.04577992871575764, "lamda": 0.47362387714537524}, "datetime": {"datetime": "2021-07-04 10:42:55", "elapsed": 897.938592, "delta": 8.548594}}
{"target": -7.011197345696278, "params": {"C": 23.258202514704095, "epsilon": 5.638660292935498, "gamma": 0.05325610308302011, "lamda": 0.5255371199365195}, "datetime": {"datetime": "2021-07-04 10:43:08", "elapsed": 910.583042, "delta": 12.64445}}
{"target": -8.111339903645437, "params": {"C": 23.250757713601057, "epsilon": 6.757667719500697, "gamma": 0.045608277962139385, "lamda": 0.5594131559023146}, "datetime": {"datetime": "2021-07-04 10:43:15", "elapsed": 917.104428, "delta": 6.521386}}
{"target": -6.96964354352662, "params": {"C": 23.941452729318645, "epsilon": 6.741689213205278, "gamma": 0.051033287742891606, "lamda": 0.6161456205657047}, "datetime": {"datetime": "2021-07-04 10:43:28", "elapsed": 930.048948, "delta": 12.94452}}
{"target": -7.11005641575281, "params": {"C": 22.546679819658767, "epsilon": 5.929159503177033, "gamma": 0.04966340969692188, "lamda": 0.4024899909485242}, "datetime": {"datetime": "2021-07-04 10:43:44", "elapsed": 946.997758, "delta": 16.94881}}
{"target": -7.623850441566978, "params": {"C": 22.534089035332475, "epsilon": 6.196028177682458, "gamma": 0.048695671452664985, "lamda": 0.5291325899368406}, "datetime": {"datetime": "2021-07-04 10:43:51", "elapsed": 953.99599, "delta": 6.998232}}
{"target": 0.8649672410206228, "params": {"C": 22.286373531423138, "epsilon": 5.1918908859084025, "gamma": 0.04627769038491915, "lamda": 0.6684151722153557}, "datetime": {"datetime": "2021-07-04 10:43:52", "elapsed": 954.597438, "delta": 0.601448}}
{"target": -7.2895135488678555, "params": {"C": 24.65228627721632, "epsilon": 6.84600806294096, "gamma": 0.05058447363816527, "lamda": 0.6629259517518927}, "datetime": {"datetime": "2021-07-04 10:44:04", "elapsed": 966.325399, "delta": 11.727961}}
{"target": -7.174839050363461, "params": {"C": 23.71878475050738, "epsilon": 6.771734829520047, "gamma": 0.04903344978516086, "lamda": 0.4853617567742483}, "datetime": {"datetime": "2021-07-04 10:44:32", "elapsed": 994.241941, "delta": 27.916542}}
