{"target": 0.36448348966867694, "params": {"C": 26.1739819122543, "epsilon": 8.01337684530597, "gamma": 0.9, "lamda": 1.0}, "datetime": {"datetime": "2021-07-03 19:06:52", "elapsed": 162.882721, "delta": 0.85244}}
{"target": -5.367056916067394, "params": {"C": 27.451836585379812, "epsilon": 2.0620018759600813, "gamma": 0.059170191325981336, "lamda": 0.6307453002117914}, "datetime": {"datetime": "2021-07-03 19:06:59", "elapsed": 169.971732, "delta": 7.089011}}
{"target": 0.3629740889891693, "params": {"C": 25.921929239258795, "epsilon": 3.095703468860547, "gamma": 0.8718107950989538, "lamda": 0.24217334105866506}, "datetime": {"datetime": "2021-07-03 19:06:59", "elapsed": 170.391702, "delta": 0.41997}}
{"target": 0.3646333974579884, "params": {"C": 26.06692148814387, "epsilon": 8.592180734525492, "gamma": 0.9, "lamda": 0.1}, "datetime": {"datetime": "2021-07-03 19:07:00", "elapsed": 171.159986, "delta": 0.768284}}
{"target": 0.3641753369687173, "params": {"C": 25.6870796441735, "epsilon": 9.205120919451096, "gamma": 0.9, "lamda": 1.0}, "datetime": {"datetime": "2021-07-03 19:07:02", "elapsed": 172.610064, "delta": 1.450078}}
{"target": -6.039055135830172, "params": {"C": 26.101036440813623, "epsilon": 8.694354974352414, "gamma": 0.07178018608684313, "lamda": 0.596038914212914}, "datetime": {"datetime": "2021-07-03 19:07:14", "elapsed": 184.85216, "delta": 12.242096}}
{"target": 0.8048574196627698, "params": {"C": 29.939713489120184, "epsilon": 4.931775849008284, "gamma": 0.12083030603555815, "lamda": 0.8103425675474208}, "datetime": {"datetime": "2021-07-03 19:07:15", "elapsed": 185.607643, "delta": 0.755483}}
{"target": 0.3746029667477304, "params": {"C": 29.985380252499176, "epsilon": 5.276295236617252, "gamma": 0.8481432777100311, "lamda": 0.28562645156760624}, "datetime": {"datetime": "2021-07-03 19:07:15", "elapsed": 186.261934, "delta": 0.654291}}
{"target": 0.7945015367986797, "params": {"C": 29.64222385841206, "epsilon": 5.8453930968776096, "gamma": 0.1300864080300066, "lamda": 0.8454493153554425}, "datetime": {"datetime": "2021-07-03 19:07:16", "elapsed": 186.975507, "delta": 0.713573}}
{"target": 0.40455026874816336, "params": {"C": 29.90254092257165, "epsilon": 6.623462467563912, "gamma": 0.7552166921334694, "lamda": 0.444752266713382}, "datetime": {"datetime": "2021-07-03 19:07:17", "elapsed": 187.718815, "delta": 0.743308}}
{"target": 0.38798394092025645, "params": {"C": 29.047333645547866, "epsilon": 5.873466439980344, "gamma": 0.8055899992478649, "lamda": 0.228223632159184}, "datetime": {"datetime": "2021-07-03 19:07:17", "elapsed": 188.443536, "delta": 0.724721}}
{"target": 0.36390988054876305, "params": {"C": 24.793378726302908, "epsilon": 9.387104658710324, "gamma": 0.8945075156770819, "lamda": 0.29246414542211524}, "datetime": {"datetime": "2021-07-03 19:07:18", "elapsed": 189.377482, "delta": 0.933946}}
{"target": 0.3634655181617237, "params": {"C": 25.424084632495756, "epsilon": 2.5219898965149654, "gamma": 0.8591784100412089, "lamda": 0.9960458000759658}, "datetime": {"datetime": "2021-07-03 19:07:19", "elapsed": 189.860834, "delta": 0.483352}}
{"target": 0.8594821561126404, "params": {"C": 29.89166781287529, "epsilon": 5.634025869231378, "gamma": 0.06574228828086516, "lamda": 0.11119529712862891}, "datetime": {"datetime": "2021-07-03 19:07:20", "elapsed": 190.632989, "delta": 0.772155}}
{"target": 0.7542873633644743, "params": {"C": 29.860214687180004, "epsilon": 7.308601860405633, "gamma": 0.16608067998660359, "lamda": 0.9726382357894414}, "datetime": {"datetime": "2021-07-03 19:07:20", "elapsed": 191.456894, "delta": 0.823905}}
{"target": 0.858967415902312, "params": {"C": 29.42333219029785, "epsilon": 7.353391917198562, "gamma": 0.06660015469373681, "lamda": 0.17098514763045708}, "datetime": {"datetime": "2021-07-03 19:07:21", "elapsed": 192.306481, "delta": 0.849587}}
{"target": 0.3639322942698544, "params": {"C": 28.881545453117255, "epsilon": 7.051548054673428, "gamma": 0.9, "lamda": 0.1}, "datetime": {"datetime": "2021-07-03 19:07:22", "elapsed": 193.074072, "delta": 0.767591}}
{"target": 0.499150741254607, "params": {"C": 29.116964944924526, "epsilon": 6.851694726333398, "gamma": 0.509363914021461, "lamda": 1.0}, "datetime": {"datetime": "2021-07-03 19:07:23", "elapsed": 193.876206, "delta": 0.802134}}
{"target": 0.8521874294948008, "params": {"C": 29.970046144579854, "epsilon": 8.35740969585698, "gamma": 0.0762720072658773, "lamda": 0.14378332929949414}, "datetime": {"datetime": "2021-07-03 19:07:24", "elapsed": 194.735844, "delta": 0.859638}}
{"target": 0.3562019656558649, "params": {"C": 30.0, "epsilon": 3.0781817812261867, "gamma": 0.9, "lamda": 0.1}, "datetime": {"datetime": "2021-07-03 19:07:24", "elapsed": 195.446461, "delta": 0.710617}}
{"target": -1.4575528184118927, "params": {"C": 24.12867080666694, "epsilon": 10.0, "gamma": 0.9, "lamda": 1.0}, "datetime": {"datetime": "2021-07-03 19:07:39", "elapsed": 210.54792, "delta": 15.101459}}
{"target": -6.7799598332827555, "params": {"C": 29.28109771230562, "epsilon": 6.422322704334277, "gamma": 0.05, "lamda": 0.1}, "datetime": {"datetime": "2021-07-03 19:07:48", "elapsed": 219.145058, "delta": 8.597138}}
{"target": 0.5106580475537135, "params": {"C": 21.82226606552922, "epsilon": 5.181217764296649, "gamma": 0.46069491211918, "lamda": 0.3306024796341796}, "datetime": {"datetime": "2021-07-03 19:07:49", "elapsed": 219.705172, "delta": 0.560114}}
{"target": 0.5333564102228334, "params": {"C": 21.780296784441585, "epsilon": 6.382126799571063, "gamma": 0.41956603673826187, "lamda": 0.6155483273578917}, "datetime": {"datetime": "2021-07-03 19:07:49", "elapsed": 220.277869, "delta": 0.572697}}
{"target": -0.5874980164064378, "params": {"C": 20.954578438077125, "epsilon": 1.8635089865878114, "gamma": 0.31680184135906386, "lamda": 0.9289341374845506}, "datetime": {"datetime": "2021-07-03 19:07:58", "elapsed": 229.261708, "delta": 8.983839}}
{"target": 0.7014595717431908, "params": {"C": 25.538476866484427, "epsilon": 3.3216708745860184, "gamma": 0.21590766034550762, "lamda": 0.9710797759018615}, "datetime": {"datetime": "2021-07-03 19:07:59", "elapsed": 229.785044, "delta": 0.523336}}
{"target": 0.7104125117044692, "params": {"C": 29.087243250314557, "epsilon": 7.698239904782266, "gamma": 0.20735924126697802, "lamda": 0.818721693186822}, "datetime": {"datetime": "2021-07-03 19:08:00", "elapsed": 230.870862, "delta": 1.085818}}
{"target": 0.36634024213096505, "params": {"C": 29.266837071090624, "epsilon": 5.865594634681222, "gamma": 0.8846963092456124, "lamda": 0.9919333486531374}, "datetime": {"datetime": "2021-07-03 19:08:01", "elapsed": 231.696816, "delta": 0.825954}}
{"target": 0.48393183337787216, "params": {"C": 27.715833816578165, "epsilon": 5.62855588574672, "gamma": 0.5417576447386172, "lamda": 0.429233741391827}, "datetime": {"datetime": "2021-07-03 19:08:03", "elapsed": 233.58924, "delta": 1.892424}}
{"target": 0.3667997992492136, "params": {"C": 27.873346744314233, "epsilon": 5.12023425825273, "gamma": 0.8783197910683707, "lamda": 0.2064392555075174}, "datetime": {"datetime": "2021-07-03 19:08:04", "elapsed": 234.609354, "delta": 1.020114}}
{"target": -1.7860576990554273, "params": {"C": 29.985319263257864, "epsilon": 8.247345297510014, "gamma": 0.2611232365816062, "lamda": 0.9325139249392145}, "datetime": {"datetime": "2021-07-03 19:08:16", "elapsed": 247.286124, "delta": 12.67677}}
{"target": -7.874060306555544, "params": {"C": 29.152678254160367, "epsilon": 8.056007418146626, "gamma": 0.05, "lamda": 0.1}, "datetime": {"datetime": "2021-07-03 19:08:25", "elapsed": 255.899038, "delta": 8.612914}}
{"target": 0.4019811980798875, "params": {"C": 29.493253786407028, "epsilon": 7.323811259366379, "gamma": 0.767616660742697, "lamda": 0.7704849559127291}, "datetime": {"datetime": "2021-07-03 19:08:28", "elapsed": 259.423694, "delta": 3.524656}}
{"target": 0.6876012776917588, "params": {"C": 29.279560603929983, "epsilon": 5.26858975211166, "gamma": 0.22973521728400553, "lamda": 0.9615144446508452}, "datetime": {"datetime": "2021-07-03 19:08:30", "elapsed": 260.683715, "delta": 1.260021}}
{"target": 0.5597546621365526, "params": {"C": 20.5157632287058, "epsilon": 3.5868859598361915, "gamma": 0.37046127997957895, "lamda": 0.6007824275201887}, "datetime": {"datetime": "2021-07-03 19:08:30", "elapsed": 261.250411, "delta": 0.566696}}
{"target": 0.35785377445484057, "params": {"C": 20.812359526686087, "epsilon": 3.4652645495107643, "gamma": 0.8516183458225124, "lamda": 0.7955634873615519}, "datetime": {"datetime": "2021-07-03 19:08:31", "elapsed": 262.098127, "delta": 0.847716}}
{"target": -2.6109673965424594, "params": {"C": 29.726399837020676, "epsilon": 5.057125155688329, "gamma": 0.10489050329386065, "lamda": 0.18360993446918422}, "datetime": {"datetime": "2021-07-03 19:08:45", "elapsed": 275.728032, "delta": 13.629905}}
{"target": 0.47977712654800586, "params": {"C": 29.918931368991597, "epsilon": 5.436187098022407, "gamma": 0.5502975820798379, "lamda": 0.9913919499472439}, "datetime": {"datetime": "2021-07-03 19:08:46", "elapsed": 276.896198, "delta": 1.168166}}
{"target": 0.4022675649159332, "params": {"C": 27.295120264423858, "epsilon": 6.649389451289976, "gamma": 0.7629834806409828, "lamda": 0.7824117691611002}, "datetime": {"datetime": "2021-07-03 19:08:46", "elapsed": 277.447975, "delta": 0.551777}}
{"target": 0.41337060595354, "params": {"C": 21.845303717257416, "epsilon": 5.770381624833979, "gamma": 0.6909290319953268, "lamda": 0.6725180190961974}, "datetime": {"datetime": "2021-07-03 19:08:48", "elapsed": 278.572094, "delta": 1.124119}}
{"target": 0.37761227457439706, "params": {"C": 29.96780088221999, "epsilon": 5.248806902745465, "gamma": 0.8374104319007402, "lamda": 0.24737037659536504}, "datetime": {"datetime": "2021-07-03 19:08:48", "elapsed": 279.075182, "delta": 0.503088}}
{"target": 0.45944978638891676, "params": {"C": 24.682822834676497, "epsilon": 5.500516564632389, "gamma": 0.5908157528569679, "lamda": 0.7716507368684635}, "datetime": {"datetime": "2021-07-03 19:08:49", "elapsed": 280.251972, "delta": 1.17679}}
{"target": 0.4065539596086182, "params": {"C": 20.331136285613624, "epsilon": 3.933841761879673, "gamma": 0.6877257414150055, "lamda": 0.985765247409619}, "datetime": {"datetime": "2021-07-03 19:08:51", "elapsed": 281.614293, "delta": 1.362321}}
{"target": 0.8212661725731911, "params": {"C": 23.842312552112773, "epsilon": 1.3299907014342272, "gamma": 0.10461039336270511, "lamda": 0.29404727173617073}, "datetime": {"datetime": "2021-07-03 19:08:51", "elapsed": 282.231803, "delta": 0.61751}}
{"target": 0.361240283709627, "params": {"C": 22.64606172446052, "epsilon": 5.105600663232697, "gamma": 0.86848726692156, "lamda": 0.40845207752188434}, "datetime": {"datetime": "2021-07-03 19:08:52", "elapsed": 283.030777, "delta": 0.798974}}
{"target": 0.5434006505608938, "params": {"C": 29.936888114265514, "epsilon": 7.395441869257873, "gamma": 0.42215299770442694, "lamda": 0.36829378951300706}, "datetime": {"datetime": "2021-07-03 19:08:53", "elapsed": 283.902236, "delta": 0.871459}}
{"target": 0.4114897522990494, "params": {"C": 28.70319677720501, "epsilon": 5.280125821296809, "gamma": 0.7256408080111526, "lamda": 0.6366251372377691}, "datetime": {"datetime": "2021-07-03 19:08:54", "elapsed": 284.878543, "delta": 0.976307}}
{"target": 0.3459624222642488, "params": {"C": 21.621441550798885, "epsilon": 1.36592006240536, "gamma": 0.8814162663108406, "lamda": 0.29154353337574435}, "datetime": {"datetime": "2021-07-03 19:08:54", "elapsed": 285.444654, "delta": 0.566111}}
{"target": -2.3581803043241525, "params": {"C": 25.249299533781507, "epsilon": 1.7730392402773405, "gamma": 0.11279179596766986, "lamda": 0.5784231717416867}, "datetime": {"datetime": "2021-07-03 19:09:05", "elapsed": 296.106907, "delta": 10.662253}}
{"target": 0.36279698045276965, "params": {"C": 21.63698004841043, "epsilon": 3.769841945926457, "gamma": 0.8427166253978229, "lamda": 0.10288739028037655}, "datetime": {"datetime": "2021-07-03 19:09:06", "elapsed": 296.673809, "delta": 0.566902}}
{"target": 0.44167785647031166, "params": {"C": 23.978304396484102, "epsilon": 1.75124174301859, "gamma": 0.61192097451243, "lamda": 0.4035108580332022}, "datetime": {"datetime": "2021-07-03 19:09:07", "elapsed": 297.652878, "delta": 0.979069}}
{"target": 0.47033176468383686, "params": {"C": 25.578452335025965, "epsilon": 3.764450906967519, "gamma": 0.5644295980439891, "lamda": 0.4978669176204274}, "datetime": {"datetime": "2021-07-03 19:09:07", "elapsed": 298.50488, "delta": 0.852002}}
{"target": 0.6936664529337091, "params": {"C": 28.263001982400997, "epsilon": 4.5077347365199785, "gamma": 0.2232316808938627, "lamda": 0.1}, "datetime": {"datetime": "2021-07-03 19:09:09", "elapsed": 299.959968, "delta": 1.455088}}
{"target": 0.36127518181248996, "params": {"C": 25.342365220176312, "epsilon": 4.228943245154067, "gamma": 0.8855958427887064, "lamda": 0.12627511310914843}, "datetime": {"datetime": "2021-07-03 19:09:09", "elapsed": 300.516571, "delta": 0.556603}}
{"target": 0.46355108034655035, "params": {"C": 25.583545014637437, "epsilon": 2.629342442641242, "gamma": 0.5756238466702694, "lamda": 0.17337099632690495}, "datetime": {"datetime": "2021-07-03 19:09:10", "elapsed": 301.11228, "delta": 0.595709}}
{"target": 0.851062632906586, "params": {"C": 22.26917274847139, "epsilon": 5.82700038745914, "gamma": 0.07542938782822595, "lamda": 0.6161526995860482}, "datetime": {"datetime": "2021-07-03 19:09:11", "elapsed": 302.354959, "delta": 1.242679}}
{"target": 0.36445389619215474, "params": {"C": 26.863094072700438, "epsilon": 7.258369126788089, "gamma": 0.9, "lamda": 0.6200547092339606}, "datetime": {"datetime": "2021-07-03 19:09:12", "elapsed": 303.174983, "delta": 0.820024}}
{"target": 0.3967528082939846, "params": {"C": 28.61906215253181, "epsilon": 7.328967354744733, "gamma": 0.784728177298382, "lamda": 0.9594352974874214}, "datetime": {"datetime": "2021-07-03 19:09:13", "elapsed": 304.064023, "delta": 0.88904}}
{"target": 0.8064853899381262, "params": {"C": 23.121104990160102, "epsilon": 5.565607923998428, "gamma": 0.11697931586843954, "lamda": 0.9138260609757157}, "datetime": {"datetime": "2021-07-03 19:09:14", "elapsed": 305.04656, "delta": 0.982537}}
{"target": 0.4173770052155762, "params": {"C": 30.0, "epsilon": 4.462043596389347, "gamma": 0.705369917300993, "lamda": 1.0}, "datetime": {"datetime": "2021-07-03 19:09:15", "elapsed": 306.020455, "delta": 0.973895}}
{"target": 0.8118403322977538, "params": {"C": 23.14534582294336, "epsilon": 5.563146096112373, "gamma": 0.11231151948970383, "lamda": 0.955865713329102}, "datetime": {"datetime": "2021-07-03 19:09:16", "elapsed": 306.670172, "delta": 0.649717}}
{"target": 0.4410895471099493, "params": {"C": 22.097885648359078, "epsilon": 2.378539739341963, "gamma": 0.6034525718288485, "lamda": 0.42690416310937807}, "datetime": {"datetime": "2021-07-03 19:09:16", "elapsed": 307.340803, "delta": 0.670631}}
{"target": -6.7847963248413485, "params": {"C": 22.29293540747909, "epsilon": 6.421248529856702, "gamma": 0.052683328533092724, "lamda": 0.1}, "datetime": {"datetime": "2021-07-03 19:09:28", "elapsed": 319.395825, "delta": 12.055022}}
{"target": 0.5102462113242205, "params": {"C": 26.075893366461766, "epsilon": 7.184967120734845, "gamma": 0.4846527802652653, "lamda": 0.5115896443853705}, "datetime": {"datetime": "2021-07-03 19:09:29", "elapsed": 319.985544, "delta": 0.589719}}
{"target": -6.7674023893316635, "params": {"C": 24.033538928808976, "epsilon": 5.229111098946596, "gamma": 0.05, "lamda": 1.0}, "datetime": {"datetime": "2021-07-03 19:09:40", "elapsed": 330.715052, "delta": 10.729508}}
{"target": 0.4193938993554679, "params": {"C": 23.389006911736956, "epsilon": 5.930888738635291, "gamma": 0.6875922405880234, "lamda": 0.9996766285563156}, "datetime": {"datetime": "2021-07-03 19:09:41", "elapsed": 331.669904, "delta": 0.954852}}
{"target": 0.6994445892404588, "params": {"C": 22.498733933130644, "epsilon": 5.369615636234327, "gamma": 0.21262487627088916, "lamda": 1.0}, "datetime": {"datetime": "2021-07-03 19:09:42", "elapsed": 332.690951, "delta": 1.021047}}
{"target": 0.3576711576086329, "params": {"C": 23.97402611417891, "epsilon": 5.963944001887225, "gamma": 0.8996139873173516, "lamda": 0.18590233544926}, "datetime": {"datetime": "2021-07-03 19:09:43", "elapsed": 333.78026, "delta": 1.089309}}
{"target": 0.5013882313613399, "params": {"C": 27.50584311117458, "epsilon": 4.722190781951175, "gamma": 0.4993828532434789, "lamda": 0.7571350273022605}, "datetime": {"datetime": "2021-07-03 19:09:43", "elapsed": 334.419031, "delta": 0.638771}}
{"target": -3.9662565391064337, "params": {"C": 28.343321433715666, "epsilon": 4.759153828639762, "gamma": 0.05275077982353516, "lamda": 0.776753078334515}, "datetime": {"datetime": "2021-07-03 19:09:49", "elapsed": 340.043556, "delta": 5.624525}}
{"target": 0.518803796956449, "params": {"C": 24.779016019262937, "epsilon": 4.148823106325348, "gamma": 0.45901593328945745, "lamda": 0.47379803831242207}, "datetime": {"datetime": "2021-07-03 19:09:50", "elapsed": 340.826989, "delta": 0.783433}}
{"target": 0.8212867459764814, "params": {"C": 27.664755196581876, "epsilon": 5.657358343128914, "gamma": 0.10542128106164192, "lamda": 0.9671891279081433}, "datetime": {"datetime": "2021-07-03 19:09:50", "elapsed": 341.481715, "delta": 0.654726}}
{"target": 0.4089699408536107, "params": {"C": 27.837606823238872, "epsilon": 4.349285303219691, "gamma": 0.728359912466382, "lamda": 0.1679775191928485}, "datetime": {"datetime": "2021-07-03 19:09:51", "elapsed": 342.271063, "delta": 0.789348}}
{"target": 0.4061090170190752, "params": {"C": 27.9391492185089, "epsilon": 5.452347118689836, "gamma": 0.7439558722755618, "lamda": 1.0}, "datetime": {"datetime": "2021-07-03 19:09:52", "elapsed": 342.982511, "delta": 0.711448}}
{"target": 0.6727372807916883, "params": {"C": 29.365675617055167, "epsilon": 9.716927850059784, "gamma": 0.24661408055129863, "lamda": 0.19197100819356905}, "datetime": {"datetime": "2021-07-03 19:09:53", "elapsed": 343.605131, "delta": 0.62262}}
{"target": -4.539329571741012, "params": {"C": 30.0, "epsilon": 9.104587793549017, "gamma": 0.05, "lamda": 0.1}, "datetime": {"datetime": "2021-07-03 19:09:59", "elapsed": 349.865763, "delta": 6.260632}}
{"target": -0.7567701262206799, "params": {"C": 25.493446595697566, "epsilon": 5.381317825315881, "gamma": 0.5315566544401301, "lamda": 1.0}, "datetime": {"datetime": "2021-07-03 19:10:07", "elapsed": 358.106692, "delta": 8.240929}}
{"target": 0.4120548355347, "params": {"C": 24.574070707154725, "epsilon": 6.234675272906209, "gamma": 0.7191123006775035, "lamda": 0.7874623623595576}, "datetime": {"datetime": "2021-07-03 19:10:08", "elapsed": 359.139089, "delta": 1.032397}}
{"target": 0.41669272608067376, "params": {"C": 20.934612874428982, "epsilon": 4.034349915397834, "gamma": 0.6651207179894869, "lamda": 0.5627783384202744}, "datetime": {"datetime": "2021-07-03 19:10:09", "elapsed": 360.22426, "delta": 1.085171}}
{"target": 0.6732723875596154, "params": {"C": 20.87541216621458, "epsilon": 3.6316328267596445, "gamma": 0.23262668829021826, "lamda": 0.9944049558709821}, "datetime": {"datetime": "2021-07-03 19:10:10", "elapsed": 361.08272, "delta": 0.85846}}
{"target": 0.5949887608332396, "params": {"C": 26.479931457954297, "epsilon": 7.170918475155689, "gamma": 0.3437607602450052, "lamda": 0.8756977515097473}, "datetime": {"datetime": "2021-07-03 19:10:11", "elapsed": 361.703517, "delta": 0.620797}}
{"target": 0.433722234679771, "params": {"C": 25.835749504777432, "epsilon": 6.624803540382532, "gamma": 0.6652590541056085, "lamda": 1.0}, "datetime": {"datetime": "2021-07-03 19:10:12", "elapsed": 362.718171, "delta": 1.014654}}
{"target": 0.8399398472537696, "params": {"C": 25.178017288495752, "epsilon": 6.223029547049794, "gamma": 0.0879378072226354, "lamda": 0.9017389375024643}, "datetime": {"datetime": "2021-07-03 19:10:13", "elapsed": 363.735353, "delta": 1.017182}}
{"target": 0.3760024488315813, "params": {"C": 28.703270681593978, "epsilon": 4.676253970084229, "gamma": 0.8393915205769571, "lamda": 0.10585251565079144}, "datetime": {"datetime": "2021-07-03 19:10:14", "elapsed": 364.913694, "delta": 1.178341}}
{"target": 0.4465941139075099, "params": {"C": 28.443728756009527, "epsilon": 6.8116966917375485, "gamma": 0.6336433504123635, "lamda": 0.6728707973286068}, "datetime": {"datetime": "2021-07-03 19:10:15", "elapsed": 365.580717, "delta": 0.667023}}
{"target": 0.8166406293661351, "params": {"C": 22.49374037749205, "epsilon": 5.217574301291437, "gamma": 0.10786561416710795, "lamda": 0.24212760149737497}, "datetime": {"datetime": "2021-07-03 19:10:16", "elapsed": 366.60718, "delta": 1.026463}}
{"target": -2.287629467871421, "params": {"C": 22.0308314318039, "epsilon": 1.0030058250070903, "gamma": 0.1054749557003827, "lamda": 0.7161324441665686}, "datetime": {"datetime": "2021-07-03 19:10:21", "elapsed": 372.117115, "delta": 5.509935}}
{"target": 0.3640080995019481, "params": {"C": 27.749981831043453, "epsilon": 7.097909863021296, "gamma": 0.9, "lamda": 0.38299167389871575}, "datetime": {"datetime": "2021-07-03 19:10:22", "elapsed": 373.012287, "delta": 0.895172}}
{"target": 0.4576876262353883, "params": {"C": 22.65810454598642, "epsilon": 7.520065655937861, "gamma": 0.5859930270825161, "lamda": 0.7195577812668457}, "datetime": {"datetime": "2021-07-03 19:10:23", "elapsed": 373.627381, "delta": 0.615094}}
{"target": -7.971934123548637, "params": {"C": 28.741897637108153, "epsilon": 7.246459960925356, "gamma": 0.05, "lamda": 1.0}, "datetime": {"datetime": "2021-07-03 19:10:32", "elapsed": 383.136284, "delta": 9.508903}}
{"target": 0.5852857268078577, "params": {"C": 24.9586295878926, "epsilon": 5.9625962218745885, "gamma": 0.35499972940145835, "lamda": 0.37035079572868734}, "datetime": {"datetime": "2021-07-03 19:10:33", "elapsed": 384.292215, "delta": 1.155931}}
