{"target": -6.299541251157787, "params": {"C": 15.854149702342179, "epsilon": 3.6195796561031575, "gamma": 0.05, "lamda": 0.1}, "datetime": {"datetime": "2021-07-03 18:27:34", "elapsed": 444.673437, "delta": 12.766734}}
{"target": 0.6393396816848853, "params": {"C": 14.718027364140994, "epsilon": 2.8692893971143283, "gamma": 0.2300513364313282, "lamda": 0.13444908582370121}, "datetime": {"datetime": "2021-07-03 18:27:36", "elapsed": 445.957006, "delta": 1.283569}}
{"target": 0.3819666352776194, "params": {"C": 11.057551734185001, "epsilon": 8.275795480131233, "gamma": 0.668635170788073, "lamda": 0.10700213481035609}, "datetime": {"datetime": "2021-07-03 18:27:37", "elapsed": 446.90473, "delta": 0.947724}}
{"target": 0.43319790963139604, "params": {"C": 15.23851977078895, "epsilon": 4.0481896368604176, "gamma": 0.5712790464233325, "lamda": 0.9206660188349022}, "datetime": {"datetime": "2021-07-03 18:27:39", "elapsed": 448.724761, "delta": 1.820031}}
{"target": 0.6391174965198231, "params": {"C": 14.741715856492235, "epsilon": 3.2087710866642563, "gamma": 0.23060037791097437, "lamda": 0.8617484908307655}, "datetime": {"datetime": "2021-07-03 18:27:40", "elapsed": 450.645745, "delta": 1.920984}}
{"target": 0.31573914485651255, "params": {"C": 12.15967519019891, "epsilon": 2.802192878102826, "gamma": 0.9, "lamda": 0.7074470924960009}, "datetime": {"datetime": "2021-07-03 18:27:42", "elapsed": 451.790758, "delta": 1.145013}}
{"target": 0.3747370577453164, "params": {"C": 19.32322089846828, "epsilon": 3.554999116512013, "gamma": 0.7761418606361965, "lamda": 0.8882731764893524}, "datetime": {"datetime": "2021-07-03 18:27:42", "elapsed": 452.67016, "delta": 0.879402}}
{"target": 0.34041754895984233, "params": {"C": 18.825876353633348, "epsilon": 4.184322126924099, "gamma": 0.9, "lamda": 0.8393132634396984}, "datetime": {"datetime": "2021-07-03 18:27:44", "elapsed": 454.658717, "delta": 1.988557}}
{"target": 0.8351833653805251, "params": {"C": 15.367936710113788, "epsilon": 1.003282429346958, "gamma": 0.076576171927007, "lamda": 0.13935143642834907}, "datetime": {"datetime": "2021-07-03 18:27:45", "elapsed": 455.52976, "delta": 0.871043}}
{"target": 0.5390176501441182, "params": {"C": 17.193789067644524, "epsilon": 3.446027466741712, "gamma": 0.3787082947303332, "lamda": 0.8933715131978769}, "datetime": {"datetime": "2021-07-03 18:27:46", "elapsed": 456.558712, "delta": 1.028952}}
{"target": 0.5323861367191219, "params": {"C": 13.902481878592118, "epsilon": 1.0, "gamma": 0.3575864182695593, "lamda": 0.1}, "datetime": {"datetime": "2021-07-03 18:27:50", "elapsed": 460.024768, "delta": 3.466056}}
{"target": 0.691821711343271, "params": {"C": 17.80173664533144, "epsilon": 3.861241974005783, "gamma": 0.19908716050465916, "lamda": 1.0}, "datetime": {"datetime": "2021-07-03 18:27:51", "elapsed": 461.697748, "delta": 1.67298}}
{"target": 0.3375192933068478, "params": {"C": 18.114011744075455, "epsilon": 3.8027220044736203, "gamma": 0.9, "lamda": 1.0}, "datetime": {"datetime": "2021-07-03 18:27:53", "elapsed": 463.468741, "delta": 1.770993}}
{"target": 0.5768010807442226, "params": {"C": 12.33443459326787, "epsilon": 1.4813802161236223, "gamma": 0.2822961789484474, "lamda": 0.20393844839921882}, "datetime": {"datetime": "2021-07-03 18:27:54", "elapsed": 464.45873, "delta": 0.989989}}
{"target": 0.3274401343510146, "params": {"C": 12.119531181142797, "epsilon": 1.437861693357672, "gamma": 0.8427473717249564, "lamda": 0.4528522795082235}, "datetime": {"datetime": "2021-07-03 18:27:56", "elapsed": 466.15874, "delta": 1.70001}}
{"target": 0.6223680915468963, "params": {"C": 13.416225934959488, "epsilon": 6.952210042786115, "gamma": 0.23981875319124063, "lamda": 0.21885389930069615}, "datetime": {"datetime": "2021-07-03 18:27:57", "elapsed": 467.035774, "delta": 0.877034}}
{"target": 0.4199958562221904, "params": {"C": 15.629429006429957, "epsilon": 2.6263686112532305, "gamma": 0.6011532395715975, "lamda": 0.18611572604475562}, "datetime": {"datetime": "2021-07-03 18:27:58", "elapsed": 468.307767, "delta": 1.271993}}
{"target": 0.4546977765202451, "params": {"C": 12.85182084290792, "epsilon": 5.072134591555989, "gamma": 0.49798788575048136, "lamda": 0.9544837632180865}, "datetime": {"datetime": "2021-07-03 18:27:59", "elapsed": 469.513777, "delta": 1.20601}}
{"target": 0.3264466544566398, "params": {"C": 12.60312036894531, "epsilon": 4.503545530680357, "gamma": 0.8816927595970238, "lamda": 0.8805937502569555}, "datetime": {"datetime": "2021-07-03 18:28:01", "elapsed": 471.514768, "delta": 2.000991}}
{"target": 0.490754963710912, "params": {"C": 13.248081383080148, "epsilon": 6.669543692075051, "gamma": 0.4300667679450709, "lamda": 0.8778953721137827}, "datetime": {"datetime": "2021-07-03 18:28:04", "elapsed": 474.323782, "delta": 2.809014}}
{"target": -2.48161301097732, "params": {"C": 16.514685451068747, "epsilon": 2.460061098268631, "gamma": 0.10071415789422408, "lamda": 0.5472960605474234}, "datetime": {"datetime": "2021-07-03 18:28:23", "elapsed": 493.465815, "delta": 19.142033}}
{"target": 0.631206865080572, "params": {"C": 12.393372354016272, "epsilon": 2.025460765855731, "gamma": 0.21916845093022363, "lamda": 0.6175829497331885}, "datetime": {"datetime": "2021-07-03 18:28:24", "elapsed": 494.622797, "delta": 1.156982}}
{"target": 0.32842940294195366, "params": {"C": 13.14767833330257, "epsilon": 6.747204320681531, "gamma": 0.9, "lamda": 0.2975576645391168}, "datetime": {"datetime": "2021-07-03 18:28:25", "elapsed": 495.583804, "delta": 0.961007}}
{"target": 0.7195001328348078, "params": {"C": 18.020029455256438, "epsilon": 3.977909379356422, "gamma": 0.174828832955087, "lamda": 0.16170279107540744}, "datetime": {"datetime": "2021-07-03 18:28:27", "elapsed": 496.784806, "delta": 1.201002}}
{"target": 0.6568865309077185, "params": {"C": 17.37687633373286, "epsilon": 3.9821026636095955, "gamma": 0.23100031410119767, "lamda": 0.4586953588859523}, "datetime": {"datetime": "2021-07-03 18:28:28", "elapsed": 498.02383, "delta": 1.239024}}
{"target": 0.3392117477790778, "params": {"C": 19.616080660586196, "epsilon": 2.678388265237541, "gamma": 0.9, "lamda": 0.4670985201308583}, "datetime": {"datetime": "2021-07-03 18:28:29", "elapsed": 499.415808, "delta": 1.391978}}
{"target": 0.4344087260407402, "params": {"C": 20.0, "epsilon": 8.15196696274346, "gamma": 0.6221398091568356, "lamda": 0.1}, "datetime": {"datetime": "2021-07-03 18:28:30", "elapsed": 500.423828, "delta": 1.00802}}
{"target": 0.6425499313376233, "params": {"C": 18.695493700651724, "epsilon": 3.75243550042098, "gamma": 0.2544152606701578, "lamda": 0.5249340791524056}, "datetime": {"datetime": "2021-07-03 18:28:32", "elapsed": 502.428143, "delta": 2.004315}}
{"target": 0.4178122808547977, "params": {"C": 18.02331650980431, "epsilon": 3.442717187990093, "gamma": 0.6326335847051509, "lamda": 0.5196443403322938}, "datetime": {"datetime": "2021-07-03 18:28:33", "elapsed": 503.400072, "delta": 0.971929}}
{"target": 0.3359766758234485, "params": {"C": 16.32095309780639, "epsilon": 5.340383564513617, "gamma": 0.9, "lamda": 0.8502293982472902}, "datetime": {"datetime": "2021-07-03 18:28:35", "elapsed": 504.751838, "delta": 1.351766}}
{"target": 0.3389045105148667, "params": {"C": 17.939166391054254, "epsilon": 4.880223495927933, "gamma": 0.9, "lamda": 0.1}, "datetime": {"datetime": "2021-07-03 18:28:36", "elapsed": 506.041826, "delta": 1.289988}}
{"target": 0.32616439648779794, "params": {"C": 12.423166776805648, "epsilon": 8.15179697830715, "gamma": 0.9, "lamda": 1.0}, "datetime": {"datetime": "2021-07-03 18:28:37", "elapsed": 507.555838, "delta": 1.514012}}
{"target": 0.5435526772351422, "params": {"C": 13.893038707991465, "epsilon": 1.0251126456965525, "gamma": 0.3411778945578177, "lamda": 0.1493844642533}, "datetime": {"datetime": "2021-07-03 18:28:38", "elapsed": 508.345848, "delta": 0.79001}}
{"target": 0.31540410461629775, "params": {"C": 10.671753079954101, "epsilon": 1.9268512728469736, "gamma": 0.8546928141152325, "lamda": 0.7764104054751827}, "datetime": {"datetime": "2021-07-03 18:28:39", "elapsed": 509.690856, "delta": 1.345008}}
{"target": 0.3156408866772905, "params": {"C": 10.828746023311876, "epsilon": 9.08861785469814, "gamma": 0.9, "lamda": 0.1}, "datetime": {"datetime": "2021-07-03 18:28:41", "elapsed": 511.390378, "delta": 1.699522}}
{"target": 0.3225747836657722, "params": {"C": 11.836763048907267, "epsilon": 8.6738471057811, "gamma": 0.9, "lamda": 0.3870271436791623}, "datetime": {"datetime": "2021-07-03 18:28:42", "elapsed": 512.559829, "delta": 1.169451}}
{"target": 0.3675269152853504, "params": {"C": 16.443403824864653, "epsilon": 1.6986522035808365, "gamma": 0.755797105253385, "lamda": 0.6986846105625866}, "datetime": {"datetime": "2021-07-03 18:28:43", "elapsed": 513.547823, "delta": 0.987994}}
{"target": 0.3792750658496944, "params": {"C": 12.541539556361489, "epsilon": 2.6730253094737697, "gamma": 0.6829656183518112, "lamda": 0.7266921648185627}, "datetime": {"datetime": "2021-07-03 18:28:45", "elapsed": 514.824875, "delta": 1.277052}}
{"target": 0.7240343720148138, "params": {"C": 10.86679400773318, "epsilon": 7.927606518217017, "gamma": 0.12974313837645113, "lamda": 0.5111184320440598}, "datetime": {"datetime": "2021-07-03 18:28:46", "elapsed": 516.02684, "delta": 1.201965}}
{"target": 0.42102628962484523, "params": {"C": 11.470527173359907, "epsilon": 8.118033247962451, "gamma": 0.57055564368451, "lamda": 0.9627002775561262}, "datetime": {"datetime": "2021-07-03 18:28:48", "elapsed": 517.987848, "delta": 1.961008}}
{"target": 0.3548340334583794, "params": {"C": 10.622240430649505, "epsilon": 8.226781092431041, "gamma": 0.7426425679586499, "lamda": 0.8164108110160327}, "datetime": {"datetime": "2021-07-03 18:28:50", "elapsed": 519.84485, "delta": 1.857002}}
{"target": 0.32457714347834354, "params": {"C": 11.084953625314466, "epsilon": 7.5565917440468295, "gamma": 0.8652574030400452, "lamda": 0.768071352784234}, "datetime": {"datetime": "2021-07-03 18:28:51", "elapsed": 521.508841, "delta": 1.663991}}
{"target": 0.4477666866585711, "params": {"C": 10.236744928035332, "epsilon": 7.966261585387383, "gamma": 0.4723831740729315, "lamda": 0.16190407155697323}, "datetime": {"datetime": "2021-07-03 18:28:53", "elapsed": 523.074847, "delta": 1.566006}}
{"target": 0.327127498491954, "params": {"C": 13.884533307623594, "epsilon": 4.342518107825348, "gamma": 0.9, "lamda": 1.0}, "datetime": {"datetime": "2021-07-03 18:28:54", "elapsed": 524.528841, "delta": 1.453994}}
{"target": -1.630601299330551, "params": {"C": 10.367184954384722, "epsilon": 7.624843356227034, "gamma": 0.24983772872704893, "lamda": 1.0}, "datetime": {"datetime": "2021-07-03 18:29:08", "elapsed": 537.970912, "delta": 13.442071}}
{"target": 0.30833146361161146, "params": {"C": 10.10769504744256, "epsilon": 8.623632019528129, "gamma": 0.9, "lamda": 0.17932405595222087}, "datetime": {"datetime": "2021-07-03 18:29:09", "elapsed": 539.159876, "delta": 1.188964}}
{"target": 0.6179825310372971, "params": {"C": 10.529929305398339, "epsilon": 8.610240276124697, "gamma": 0.21666902801396437, "lamda": 0.3163471410435826}, "datetime": {"datetime": "2021-07-03 18:29:10", "elapsed": 540.477887, "delta": 1.318011}}
{"target": -8.201236845610728, "params": {"C": 11.359393577170339, "epsilon": 8.490914047962729, "gamma": 0.05478374415612797, "lamda": 0.49520166480718397}, "datetime": {"datetime": "2021-07-03 18:29:21", "elapsed": 551.694908, "delta": 11.217021}}
{"target": 0.31374657926848104, "params": {"C": 10.776616724452234, "epsilon": 7.72359003593404, "gamma": 0.9, "lamda": 0.1}, "datetime": {"datetime": "2021-07-03 18:29:23", "elapsed": 552.796915, "delta": 1.102007}}
{"target": 0.3217346887602015, "params": {"C": 11.689134436740252, "epsilon": 7.489321071428148, "gamma": 0.8917948851129676, "lamda": 0.9372887261070034}, "datetime": {"datetime": "2021-07-03 18:29:24", "elapsed": 554.039896, "delta": 1.242981}}
{"target": 0.7314430239502334, "params": {"C": 10.0, "epsilon": 8.84817703921556, "gamma": 0.12060438051288638, "lamda": 0.1}, "datetime": {"datetime": "2021-07-03 18:29:25", "elapsed": 555.301902, "delta": 1.262006}}
{"target": 0.7670664995316043, "params": {"C": 18.51088045282603, "epsilon": 3.1897004521993737, "gamma": 0.13647810461840218, "lamda": 0.1}, "datetime": {"datetime": "2021-07-03 18:29:26", "elapsed": 556.632905, "delta": 1.331003}}
{"target": 0.5900082551564272, "params": {"C": 19.196476646537523, "epsilon": 3.2682153983620728, "gamma": 0.3194735113278729, "lamda": 0.11341526344356323}, "datetime": {"datetime": "2021-07-03 18:29:28", "elapsed": 557.8119, "delta": 1.178995}}
{"target": 0.5387600360408361, "params": {"C": 16.78365079991355, "epsilon": 5.216596620177453, "gamma": 0.3769461356950408, "lamda": 0.12311365642143335}, "datetime": {"datetime": "2021-07-03 18:29:29", "elapsed": 558.748894, "delta": 0.936994}}
{"target": 0.3574105585921732, "params": {"C": 16.447955340404743, "epsilon": 5.1016771966601215, "gamma": 0.81674693390411, "lamda": 0.2895419104932987}, "datetime": {"datetime": "2021-07-03 18:29:30", "elapsed": 560.00191, "delta": 1.253016}}
{"target": 0.4116913074111084, "params": {"C": 17.11984543260851, "epsilon": 4.749089075206799, "gamma": 0.6453397879299796, "lamda": 0.22307222158841522}, "datetime": {"datetime": "2021-07-03 18:29:31", "elapsed": 561.257901, "delta": 1.255991}}
{"target": -1.4964220116821814, "params": {"C": 19.586570725779247, "epsilon": 7.692255307865477, "gamma": 0.28149160966747727, "lamda": 0.7587382908526158}, "datetime": {"datetime": "2021-07-03 18:29:42", "elapsed": 572.697015, "delta": 11.439114}}
{"target": 0.7774437636489929, "params": {"C": 16.09293989444065, "epsilon": 5.006711905085804, "gamma": 0.12004070427808788, "lamda": 0.11666064103182355}, "datetime": {"datetime": "2021-07-03 18:29:44", "elapsed": 574.219932, "delta": 1.522917}}
{"target": 0.7890124906021526, "params": {"C": 16.09807819368857, "epsilon": 1.0, "gamma": 0.11207831550178635, "lamda": 0.1}, "datetime": {"datetime": "2021-07-03 18:29:45", "elapsed": 575.398938, "delta": 1.179006}}
{"target": 0.32648348768086755, "params": {"C": 16.31631749306968, "epsilon": 1.0, "gamma": 0.9, "lamda": 1.0}, "datetime": {"datetime": "2021-07-03 18:29:47", "elapsed": 576.967928, "delta": 1.56899}}
{"target": 0.3383720496618752, "params": {"C": 17.292445260028543, "epsilon": 5.64910040048723, "gamma": 0.9, "lamda": 0.9398903454655627}, "datetime": {"datetime": "2021-07-03 18:29:49", "elapsed": 579.294935, "delta": 2.327007}}
{"target": 0.32962829574309926, "params": {"C": 17.199320415796787, "epsilon": 1.384919562705788, "gamma": 0.9, "lamda": 0.1}, "datetime": {"datetime": "2021-07-03 18:29:51", "elapsed": 580.957948, "delta": 1.663013}}
{"target": 0.7500618512092909, "params": {"C": 16.385211244636295, "epsilon": 1.0117533849750873, "gamma": 0.14102966572430642, "lamda": 0.7412071355580163}, "datetime": {"datetime": "2021-07-03 18:29:52", "elapsed": 582.499966, "delta": 1.542018}}
{"target": 0.6265674467018207, "params": {"C": 19.254632075569223, "epsilon": 4.066030958023471, "gamma": 0.27540255256311885, "lamda": 0.1092947955576411}, "datetime": {"datetime": "2021-07-03 18:29:54", "elapsed": 584.005962, "delta": 1.505996}}
{"target": 0.592954131545324, "params": {"C": 11.63226286766383, "epsilon": 8.013348220763334, "gamma": 0.25767712055843806, "lamda": 0.5191140482369077}, "datetime": {"datetime": "2021-07-03 18:29:55", "elapsed": 584.956952, "delta": 0.95099}}
{"target": 0.3896574160310122, "params": {"C": 11.898706066718812, "epsilon": 7.927905939952199, "gamma": 0.6615403099647659, "lamda": 0.4344305129698931}, "datetime": {"datetime": "2021-07-03 18:29:56", "elapsed": 586.548983, "delta": 1.592031}}
{"target": -2.003654820308099, "params": {"C": 11.273664559774295, "epsilon": 7.502607195469294, "gamma": 0.19817452719483314, "lamda": 0.6685608415699831}, "datetime": {"datetime": "2021-07-03 18:30:10", "elapsed": 600.467905, "delta": 13.918922}}
{"target": 0.5303073737471398, "params": {"C": 10.0, "epsilon": 8.576830140326964, "gamma": 0.3243124745059343, "lamda": 0.6939157097661061}, "datetime": {"datetime": "2021-07-03 18:30:12", "elapsed": 601.80477, "delta": 1.336865}}
{"target": 0.60079919123254, "params": {"C": 16.797623576528196, "epsilon": 1.0, "gamma": 0.2887269985296736, "lamda": 0.14544813062853743}, "datetime": {"datetime": "2021-07-03 18:30:13", "elapsed": 603.150162, "delta": 1.345392}}
{"target": -1.2353465851940895, "params": {"C": 17.83975050810292, "epsilon": 6.921687423998435, "gamma": 0.3187745092802583, "lamda": 1.0}, "datetime": {"datetime": "2021-07-03 18:30:23", "elapsed": 613.002867, "delta": 9.852705}}
{"target": 0.49929688183850074, "params": {"C": 15.106722956714844, "epsilon": 4.532575769635688, "gamma": 0.4289266855003046, "lamda": 0.8096552531610703}, "datetime": {"datetime": "2021-07-03 18:30:24", "elapsed": 613.93621, "delta": 0.933343}}
{"target": 0.31552401798982144, "params": {"C": 11.37999751199315, "epsilon": 6.143530746026642, "gamma": 0.9, "lamda": 0.27374274959375}, "datetime": {"datetime": "2021-07-03 18:30:25", "elapsed": 615.180871, "delta": 1.244661}}
{"target": -1.9136772002861862, "params": {"C": 18.80188833260015, "epsilon": 2.997456373255092, "gamma": 0.13194900381843452, "lamda": 0.7398570229767426}, "datetime": {"datetime": "2021-07-03 18:30:34", "elapsed": 624.500469, "delta": 9.319598}}
{"target": 0.651239870863777, "params": {"C": 17.360791693076024, "epsilon": 4.0374454440076795, "gamma": 0.23674698218666823, "lamda": 0.43487415947800645}, "datetime": {"datetime": "2021-07-03 18:30:35", "elapsed": 625.339836, "delta": 0.839367}}
{"target": 0.32091593903631166, "params": {"C": 12.05579594216234, "epsilon": 6.16552392173193, "gamma": 0.9, "lamda": 0.8515686718822968}, "datetime": {"datetime": "2021-07-03 18:30:36", "elapsed": 626.455267, "delta": 1.115431}}
{"target": 0.45034695155100224, "params": {"C": 16.0648446538841, "epsilon": 4.634741533627872, "gamma": 0.5409320165845003, "lamda": 0.11092141906144276}, "datetime": {"datetime": "2021-07-03 18:30:37", "elapsed": 627.505619, "delta": 1.050352}}
{"target": 0.4827500328409243, "params": {"C": 20.0, "epsilon": 4.507910512362491, "gamma": 0.5020716035358118, "lamda": 0.1}, "datetime": {"datetime": "2021-07-03 18:30:38", "elapsed": 628.615078, "delta": 1.109459}}
{"target": 0.32625331622266873, "params": {"C": 14.445307646656051, "epsilon": 2.875306915701529, "gamma": 0.9, "lamda": 0.798853960899218}, "datetime": {"datetime": "2021-07-03 18:30:40", "elapsed": 629.885152, "delta": 1.270074}}
{"target": -1.490836424852911, "params": {"C": 12.146908791520566, "epsilon": 8.047531932300148, "gamma": 0.322316709345375, "lamda": 0.977943996276042}, "datetime": {"datetime": "2021-07-03 18:30:49", "elapsed": 639.25471, "delta": 9.369558}}
{"target": 0.5738424481782967, "params": {"C": 19.203927041247606, "epsilon": 2.1405832181762756, "gamma": 0.3407897300476891, "lamda": 0.8364689000794266}, "datetime": {"datetime": "2021-07-03 18:30:50", "elapsed": 640.394166, "delta": 1.139456}}
{"target": 0.3730637980613454, "params": {"C": 17.011158466849206, "epsilon": 1.0, "gamma": 0.7381049749111578, "lamda": 0.746259075906821}, "datetime": {"datetime": "2021-07-03 18:30:51", "elapsed": 641.625809, "delta": 1.231643}}
{"target": 0.3249942238227125, "params": {"C": 13.99608318418481, "epsilon": 1.8334024035912502, "gamma": 0.8895229809995079, "lamda": 0.28235488018991883}, "datetime": {"datetime": "2021-07-03 18:30:52", "elapsed": 642.450494, "delta": 0.824685}}
{"target": 0.3321986609352773, "params": {"C": 14.024140118294186, "epsilon": 6.15983696979557, "gamma": 0.8930299190942271, "lamda": 0.2086046868161594}, "datetime": {"datetime": "2021-07-03 18:30:54", "elapsed": 644.135614, "delta": 1.68512}}
{"target": 0.3278627530378472, "params": {"C": 16.052442730808067, "epsilon": 1.7854184918609872, "gamma": 0.9, "lamda": 0.1}, "datetime": {"datetime": "2021-07-03 18:30:56", "elapsed": 646.054103, "delta": 1.918489}}
{"target": 0.8069656080188544, "params": {"C": 18.97782546835528, "epsilon": 5.795661734648161, "gamma": 0.10810849525755137, "lamda": 0.2929802495164977}, "datetime": {"datetime": "2021-07-03 18:30:57", "elapsed": 646.955234, "delta": 0.901131}}
{"target": 0.6326359344875934, "params": {"C": 18.669392870211418, "epsilon": 6.140472432622671, "gamma": 0.26532664395225736, "lamda": 0.1883941001076467}, "datetime": {"datetime": "2021-07-03 18:30:58", "elapsed": 648.236392, "delta": 1.281158}}
{"target": 0.43059131032728004, "params": {"C": 19.27515895618499, "epsilon": 6.105761333491611, "gamma": 0.6217652892568996, "lamda": 0.47483060006596534}, "datetime": {"datetime": "2021-07-03 18:30:59", "elapsed": 649.390389, "delta": 1.153997}}
{"target": 0.36639081684466224, "params": {"C": 18.20771721101831, "epsilon": 2.152293881963114, "gamma": 0.7814195799283452, "lamda": 0.24193811474746266}, "datetime": {"datetime": "2021-07-03 18:31:00", "elapsed": 650.255049, "delta": 0.86466}}
{"target": 0.6087249178730082, "params": {"C": 18.757816452422375, "epsilon": 6.086221563995763, "gamma": 0.294419649513285, "lamda": 0.7380129913897757}, "datetime": {"datetime": "2021-07-03 18:31:01", "elapsed": 651.406063, "delta": 1.151014}}
{"target": 0.4683376994416196, "params": {"C": 14.455889793490776, "epsilon": 4.344536035668414, "gamma": 0.4838213986306707, "lamda": 0.7046822725436397}, "datetime": {"datetime": "2021-07-03 18:31:02", "elapsed": 652.286059, "delta": 0.879996}}
{"target": 0.615723109217299, "params": {"C": 16.39296920784701, "epsilon": 1.567830868432323, "gamma": 0.2681565967253447, "lamda": 0.1415922374293282}, "datetime": {"datetime": "2021-07-03 18:31:04", "elapsed": 653.860067, "delta": 1.574008}}
{"target": 0.34677683880352894, "params": {"C": 16.906001524638302, "epsilon": 6.98470545054312, "gamma": 0.8761028455658647, "lamda": 0.27134256923600053}, "datetime": {"datetime": "2021-07-03 18:31:05", "elapsed": 654.729088, "delta": 0.869021}}
