{"target": 0.3634771722427502, "params": {"C": 32.25826447692444, "epsilon": 6.7352670197616025, "gamma": 0.9, "lamda": 0.1}, "datetime": {"datetime": "2021-07-04 09:53:24", "elapsed": 265.752505, "delta": 0.456779}}
{"target": 0.3654324804646022, "params": {"C": 39.67209614271599, "epsilon": 10.0, "gamma": 0.9, "lamda": 0.1}, "datetime": {"datetime": "2021-07-04 09:53:24", "elapsed": 266.324975, "delta": 0.57247}}
{"target": 0.36476452565311235, "params": {"C": 40.0, "epsilon": 8.816047240661558, "gamma": 0.9, "lamda": 0.1}, "datetime": {"datetime": "2021-07-04 09:53:25", "elapsed": 266.849574, "delta": 0.524599}}
{"target": 0.36346664707024545, "params": {"C": 40.0, "epsilon": 7.473939469501368, "gamma": 0.9, "lamda": 0.1}, "datetime": {"datetime": "2021-07-04 09:53:25", "elapsed": 267.370182, "delta": 0.520608}}
{"target": 0.613602185905464, "params": {"C": 39.952339697021976, "epsilon": 6.381747291947793, "gamma": 0.3108033720352545, "lamda": 0.28768232057201115}, "datetime": {"datetime": "2021-07-04 09:53:26", "elapsed": 268.038398, "delta": 0.668216}}
{"target": 0.36240441916737054, "params": {"C": 38.98221531735447, "epsilon": 6.6437622359257835, "gamma": 0.9, "lamda": 0.1}, "datetime": {"datetime": "2021-07-04 09:53:26", "elapsed": 268.66273, "delta": 0.624332}}
{"target": 0.36116044992191254, "params": {"C": 39.43652981365784, "epsilon": 5.8638129874505305, "gamma": 0.9, "lamda": 1.0}, "datetime": {"datetime": "2021-07-04 09:53:27", "elapsed": 269.213258, "delta": 0.550528}}
{"target": 0.3629091438395845, "params": {"C": 39.617523786154855, "epsilon": 7.0211830908857165, "gamma": 0.9, "lamda": 1.0}, "datetime": {"datetime": "2021-07-04 09:53:28", "elapsed": 269.840582, "delta": 0.627324}}
{"target": -9.090250702718906, "params": {"C": 38.98325200997954, "epsilon": 5.592674273984297, "gamma": 0.01, "lamda": 0.12470298443058697}, "datetime": {"datetime": "2021-07-04 09:53:35", "elapsed": 277.50122, "delta": 7.660638}}
{"target": -6.57827315283021, "params": {"C": 39.84323021232976, "epsilon": 7.250762010279581, "gamma": 0.03562415344315686, "lamda": 0.8819472988140813}, "datetime": {"datetime": "2021-07-04 09:53:43", "elapsed": 284.800715, "delta": 7.299495}}
{"target": 0.3641004688679067, "params": {"C": 32.36146511879398, "epsilon": 7.2508336371710085, "gamma": 0.9, "lamda": 1.0}, "datetime": {"datetime": "2021-07-04 09:53:43", "elapsed": 285.385162, "delta": 0.584447}}
{"target": 0.3652076634319317, "params": {"C": 40.0, "epsilon": 9.511014342870968, "gamma": 0.9, "lamda": 1.0}, "datetime": {"datetime": "2021-07-04 09:53:44", "elapsed": 286.206958, "delta": 0.821796}}
{"target": 0.3637695691161107, "params": {"C": 38.928986633727575, "epsilon": 7.712339218211298, "gamma": 0.9, "lamda": 0.1}, "datetime": {"datetime": "2021-07-04 09:53:45", "elapsed": 287.005823, "delta": 0.798865}}
{"target": -10.345251412163474, "params": {"C": 40.0, "epsilon": 9.559256084187275, "gamma": 0.01, "lamda": 0.1}, "datetime": {"datetime": "2021-07-04 09:53:55", "elapsed": 297.294333, "delta": 10.28851}}
{"target": 0.36225697026295056, "params": {"C": 40.0, "epsilon": 6.56511426914158, "gamma": 0.9, "lamda": 0.1}, "datetime": {"datetime": "2021-07-04 09:53:56", "elapsed": 297.969527, "delta": 0.675194}}
{"target": 0.36321941922640655, "params": {"C": 31.256080265612592, "epsilon": 6.5289767691652445, "gamma": 0.9, "lamda": 0.24595655280400322}, "datetime": {"datetime": "2021-07-04 09:53:56", "elapsed": 298.607822, "delta": 0.638295}}
{"target": 0.37478342512427465, "params": {"C": 38.089647286150736, "epsilon": 7.192852010728073, "gamma": 0.8541455059260233, "lamda": 0.7782414636721631}, "datetime": {"datetime": "2021-07-04 09:53:57", "elapsed": 299.389732, "delta": 0.78191}}
{"target": 0.36544423258562253, "params": {"C": 39.07531043846671, "epsilon": 10.0, "gamma": 0.9, "lamda": 0.9167357284801895}, "datetime": {"datetime": "2021-07-04 09:53:58", "elapsed": 299.972176, "delta": 0.582444}}
{"target": 0.3636485910780438, "params": {"C": 37.24178743418399, "epsilon": 7.564988713390611, "gamma": 0.9, "lamda": 0.1}, "datetime": {"datetime": "2021-07-04 09:53:58", "elapsed": 300.563596, "delta": 0.59142}}
{"target": 0.3627642169470028, "params": {"C": 36.91595967119, "epsilon": 6.855645894441361, "gamma": 0.9, "lamda": 1.0}, "datetime": {"datetime": "2021-07-04 09:53:59", "elapsed": 301.34052, "delta": 0.776924}}
{"target": 0.36237608861587056, "params": {"C": 36.27705662241631, "epsilon": 6.569407176869077, "gamma": 0.9, "lamda": 0.1}, "datetime": {"datetime": "2021-07-04 09:54:00", "elapsed": 302.034665, "delta": 0.694145}}
{"target": 0.817960649234846, "params": {"C": 37.21653666306064, "epsilon": 6.8126124778202275, "gamma": 0.11085099632428971, "lamda": 0.33386298607195897}, "datetime": {"datetime": "2021-07-04 09:54:01", "elapsed": 302.724821, "delta": 0.690156}}
{"target": 0.7537102366842743, "params": {"C": 36.407094447938995, "epsilon": 7.407481416825181, "gamma": 0.16681381253566122, "lamda": 0.46432886135752055}, "datetime": {"datetime": "2021-07-04 09:54:01", "elapsed": 303.397024, "delta": 0.672203}}
{"target": 0.3625277849216424, "params": {"C": 35.68805656973605, "epsilon": 6.663004781174299, "gamma": 0.9, "lamda": 1.0}, "datetime": {"datetime": "2021-07-04 09:54:02", "elapsed": 304.033324, "delta": 0.6363}}
{"target": -2.2319944674794185, "params": {"C": 36.230361538934325, "epsilon": 6.587907172656891, "gamma": 0.09742373181899616, "lamda": 0.969203560094522}, "datetime": {"datetime": "2021-07-04 09:54:09", "elapsed": 310.955826, "delta": 6.922502}}
{"target": 0.36420214302279963, "params": {"C": 36.226271186133346, "epsilon": 8.062749171567114, "gamma": 0.9, "lamda": 0.1}, "datetime": {"datetime": "2021-07-04 09:54:09", "elapsed": 311.510345, "delta": 0.554519}}
{"target": 0.3621382570381947, "params": {"C": 37.49088897678511, "epsilon": 6.433227957536434, "gamma": 0.9, "lamda": 0.1}, "datetime": {"datetime": "2021-07-04 09:54:10", "elapsed": 312.077828, "delta": 0.567483}}
{"target": 0.3640773483227817, "params": {"C": 36.72830865824406, "epsilon": 7.9495768081955935, "gamma": 0.9, "lamda": 1.0}, "datetime": {"datetime": "2021-07-04 09:54:10", "elapsed": 312.694182, "delta": 0.616354}}
{"target": 0.3657231697965505, "params": {"C": 32.05988016005185, "epsilon": 10.0, "gamma": 0.9, "lamda": 0.1}, "datetime": {"datetime": "2021-07-04 09:54:11", "elapsed": 313.262663, "delta": 0.568481}}
{"target": 0.34902365162727367, "params": {"C": 40.0, "epsilon": 1.0, "gamma": 0.9, "lamda": 1.0}, "datetime": {"datetime": "2021-07-04 09:54:12", "elapsed": 313.804214, "delta": 0.541551}}
{"target": 0.34907057441071476, "params": {"C": 39.090167441419055, "epsilon": 1.0, "gamma": 0.9, "lamda": 0.1}, "datetime": {"datetime": "2021-07-04 09:54:12", "elapsed": 314.460462, "delta": 0.656248}}
{"target": 0.3518543580489367, "params": {"C": 39.99878082871788, "epsilon": 1.9038825074789718, "gamma": 0.9, "lamda": 0.1}, "datetime": {"datetime": "2021-07-04 09:54:13", "elapsed": 315.106735, "delta": 0.646273}}
{"target": 0.3519168777077132, "params": {"C": 39.08565396757311, "epsilon": 1.9100325569992345, "gamma": 0.9, "lamda": 1.0}, "datetime": {"datetime": "2021-07-04 09:54:14", "elapsed": 315.876678, "delta": 0.769943}}
{"target": 0.8479348026895656, "params": {"C": 39.85196936648762, "epsilon": 1.2552814872815916, "gamma": 0.011274536159666367, "lamda": 0.2587758940258033}, "datetime": {"datetime": "2021-07-04 09:54:14", "elapsed": 316.600743, "delta": 0.724065}}
{"target": -7.47396796756027, "params": {"C": 38.96244388220888, "epsilon": 1.0, "gamma": 0.01, "lamda": 1.0}, "datetime": {"datetime": "2021-07-04 09:54:23", "elapsed": 324.835738, "delta": 8.234995}}
{"target": -9.916806301421232, "params": {"C": 37.45183658537981, "epsilon": 2.0620018759600813, "gamma": 0.019601729741321627, "lamda": 0.6307453002117914}, "datetime": {"datetime": "2021-07-04 09:54:33", "elapsed": 335.092331, "delta": 10.256593}}
{"target": 0.35447439122771807, "params": {"C": 40.0, "epsilon": 2.82771872295946, "gamma": 0.9, "lamda": 1.0}, "datetime": {"datetime": "2021-07-04 09:54:33", "elapsed": 335.65383, "delta": 0.561499}}
{"target": 0.34964125725696504, "params": {"C": 32.99139208448895, "epsilon": 1.0, "gamma": 0.9, "lamda": 1.0}, "datetime": {"datetime": "2021-07-04 09:54:34", "elapsed": 336.427763, "delta": 0.773933}}
{"target": -8.475593021218117, "params": {"C": 40.0, "epsilon": 2.6601604674941557, "gamma": 0.01, "lamda": 0.1}, "datetime": {"datetime": "2021-07-04 09:54:43", "elapsed": 345.397795, "delta": 8.970032}}
{"target": 0.349457539861875, "params": {"C": 33.969031513600676, "epsilon": 1.0, "gamma": 0.9, "lamda": 0.12376878135906152}, "datetime": {"datetime": "2021-07-04 09:54:44", "elapsed": 346.10291, "delta": 0.705115}}
{"target": -7.0833170554142555, "params": {"C": 33.947103761058436, "epsilon": 1.0, "gamma": 0.01, "lamda": 1.0}, "datetime": {"datetime": "2021-07-04 09:54:50", "elapsed": 352.482863, "delta": 6.379953}}
{"target": 0.3535456064554402, "params": {"C": 32.36624556259954, "epsilon": 1.0152964567569953, "gamma": 0.8859470052490521, "lamda": 0.1950535420164864}, "datetime": {"datetime": "2021-07-04 09:54:51", "elapsed": 353.189972, "delta": 0.707109}}
{"target": 0.3530244412650766, "params": {"C": 32.38385320533788, "epsilon": 2.0144059387466835, "gamma": 0.9, "lamda": 1.0}, "datetime": {"datetime": "2021-07-04 09:54:52", "elapsed": 353.736512, "delta": 0.54654}}
{"target": 0.3524585321742524, "params": {"C": 33.144098860281375, "epsilon": 1.844286310915082, "gamma": 0.9, "lamda": 0.1}, "datetime": {"datetime": "2021-07-04 09:54:52", "elapsed": 354.274076, "delta": 0.537564}}
{"target": 0.34970045311132814, "params": {"C": 31.60232820270856, "epsilon": 1.0, "gamma": 0.9, "lamda": 1.0}, "datetime": {"datetime": "2021-07-04 09:54:53", "elapsed": 354.851533, "delta": 0.577457}}
{"target": 0.34902365162727367, "params": {"C": 40.0, "epsilon": 1.0, "gamma": 0.9, "lamda": 0.1}, "datetime": {"datetime": "2021-07-04 09:54:53", "elapsed": 355.465891, "delta": 0.614358}}
{"target": 0.3654796093456789, "params": {"C": 37.12881192409878, "epsilon": 10.0, "gamma": 0.9, "lamda": 1.0}, "datetime": {"datetime": "2021-07-04 09:54:54", "elapsed": 355.998468, "delta": 0.532577}}
{"target": 0.3641437469697548, "params": {"C": 30.0, "epsilon": 7.252877648136937, "gamma": 0.9, "lamda": 1.0}, "datetime": {"datetime": "2021-07-04 09:54:54", "elapsed": 356.616815, "delta": 0.618347}}
{"target": 0.34925099771596546, "params": {"C": 35.3948378942061, "epsilon": 1.0, "gamma": 0.9, "lamda": 0.1}, "datetime": {"datetime": "2021-07-04 09:54:55", "elapsed": 357.337889, "delta": 0.721074}}
{"target": 0.35282908442675875, "params": {"C": 34.73402762760836, "epsilon": 2.1545803375109567, "gamma": 0.9, "lamda": 0.1}, "datetime": {"datetime": "2021-07-04 09:54:56", "elapsed": 357.98117, "delta": 0.643281}}
{"target": 0.3552973703353953, "params": {"C": 34.42509535587414, "epsilon": 3.0507680004833064, "gamma": 0.9, "lamda": 1.0}, "datetime": {"datetime": "2021-07-04 09:54:56", "elapsed": 358.561619, "delta": 0.580449}}
{"target": 0.3562228136273289, "params": {"C": 34.921391089351744, "epsilon": 3.4231619740887664, "gamma": 0.9, "lamda": 0.1}, "datetime": {"datetime": "2021-07-04 09:54:57", "elapsed": 359.177972, "delta": 0.616353}}
{"target": 0.35344124546894484, "params": {"C": 35.423109558805756, "epsilon": 2.379418165223948, "gamma": 0.9, "lamda": 1.0}, "datetime": {"datetime": "2021-07-04 09:54:58", "elapsed": 359.916997, "delta": 0.739025}}
{"target": 0.3657338788259744, "params": {"C": 30.527320107969793, "epsilon": 10.0, "gamma": 0.9, "lamda": 0.1}, "datetime": {"datetime": "2021-07-04 09:54:58", "elapsed": 360.587206, "delta": 0.670209}}
{"target": -8.413681151481898, "params": {"C": 35.184143493797265, "epsilon": 2.6367032034862454, "gamma": 0.01, "lamda": 0.1}, "datetime": {"datetime": "2021-07-04 09:55:13", "elapsed": 374.83713, "delta": 14.249924}}
{"target": 0.35820598041885965, "params": {"C": 40.0, "epsilon": 4.357471136036911, "gamma": 0.9, "lamda": 1.0}, "datetime": {"datetime": "2021-07-04 09:55:13", "elapsed": 375.459469, "delta": 0.622339}}
{"target": 0.356427097302366, "params": {"C": 38.99519969495511, "epsilon": 3.571978199206454, "gamma": 0.9, "lamda": 1.0}, "datetime": {"datetime": "2021-07-04 09:55:14", "elapsed": 376.183533, "delta": 0.724064}}
{"target": 0.36190349115242915, "params": {"C": 35.20698595151271, "epsilon": 6.237729661400011, "gamma": 0.9, "lamda": 0.1}, "datetime": {"datetime": "2021-07-04 09:55:15", "elapsed": 377.034259, "delta": 0.850726}}
{"target": 0.36551190579530213, "params": {"C": 32.0863303803071, "epsilon": 9.101156105922861, "gamma": 0.9, "lamda": 1.0}, "datetime": {"datetime": "2021-07-04 09:55:15", "elapsed": 377.649614, "delta": 0.615355}}
{"target": -7.938035310686731, "params": {"C": 30.067704803709816, "epsilon": 9.903062976919214, "gamma": 0.05747499445504199, "lamda": 0.8562165690513018}, "datetime": {"datetime": "2021-07-04 09:55:27", "elapsed": 389.484989, "delta": 11.835375}}
{"target": 0.3617038498979862, "params": {"C": 37.904933328948815, "epsilon": 6.162283787886178, "gamma": 0.9, "lamda": 1.0}, "datetime": {"datetime": "2021-07-04 09:55:28", "elapsed": 390.15919, "delta": 0.674201}}
{"target": -7.035515955443001, "params": {"C": 36.88305197893382, "epsilon": 8.243411626264717, "gamma": 0.03771128086901605, "lamda": 0.1263214805112035}, "datetime": {"datetime": "2021-07-04 09:55:35", "elapsed": 396.89818, "delta": 6.73899}}
{"target": 0.49113726684947523, "params": {"C": 37.71583381657817, "epsilon": 5.62855588574672, "gamma": 0.524899180961611, "lamda": 0.429233741391827}, "datetime": {"datetime": "2021-07-04 09:55:35", "elapsed": 397.432751, "delta": 0.534571}}
{"target": 0.36844444905521234, "params": {"C": 31.602734289636693, "epsilon": 1.7352081431901953, "gamma": 0.8401245499206754, "lamda": 0.4240293719391206}, "datetime": {"datetime": "2021-07-04 09:55:36", "elapsed": 397.906486, "delta": 0.473735}}
{"target": 0.37853842839174223, "params": {"C": 36.14808961182796, "epsilon": 7.374029772770057, "gamma": 0.8432491790182455, "lamda": 0.6913806452124964}, "datetime": {"datetime": "2021-07-04 09:55:36", "elapsed": 398.475964, "delta": 0.569478}}
{"target": 0.35893592048164535, "params": {"C": 37.928514922620224, "epsilon": 4.661386219406559, "gamma": 0.9, "lamda": 1.0}, "datetime": {"datetime": "2021-07-04 09:55:37", "elapsed": 399.143182, "delta": 0.667218}}
{"target": 0.36055200780370467, "params": {"C": 36.86128133800872, "epsilon": 5.469573314651775, "gamma": 0.9, "lamda": 0.1}, "datetime": {"datetime": "2021-07-04 09:55:38", "elapsed": 399.850293, "delta": 0.707111}}
{"target": 0.35851944676568226, "params": {"C": 37.49235194424158, "epsilon": 4.457222624223594, "gamma": 0.9, "lamda": 0.1}, "datetime": {"datetime": "2021-07-04 09:55:38", "elapsed": 400.433734, "delta": 0.583441}}
{"target": 0.366506124344515, "params": {"C": 36.23905398190714, "epsilon": 6.576306331884174, "gamma": 0.8845573671135613, "lamda": 0.13095406874366203}, "datetime": {"datetime": "2021-07-04 09:55:39", "elapsed": 400.959329, "delta": 0.525595}}
{"target": 0.36546447213231315, "params": {"C": 37.992399086330344, "epsilon": 10.0, "gamma": 0.9, "lamda": 0.1}, "datetime": {"datetime": "2021-07-04 09:55:39", "elapsed": 401.663447, "delta": 0.704118}}
{"target": 0.3517686080979848, "params": {"C": 40.0, "epsilon": 1.875224741802082, "gamma": 0.9, "lamda": 1.0}, "datetime": {"datetime": "2021-07-04 09:55:40", "elapsed": 402.369561, "delta": 0.706114}}
{"target": 0.36552149468096207, "params": {"C": 33.0222552946722, "epsilon": 9.15301825495664, "gamma": 0.9, "lamda": 0.1}, "datetime": {"datetime": "2021-07-04 09:55:41", "elapsed": 402.999875, "delta": 0.630314}}
{"target": 0.3677448444210637, "params": {"C": 34.51945712286222, "epsilon": 8.850356491552724, "gamma": 0.8892253928579104, "lamda": 0.13621643452800725}, "datetime": {"datetime": "2021-07-04 09:55:42", "elapsed": 403.776801, "delta": 0.776926}}
{"target": 0.3540252948840933, "params": {"C": 33.58145860576183, "epsilon": 2.357573517333795, "gamma": 0.9, "lamda": 1.0}, "datetime": {"datetime": "2021-07-04 09:55:42", "elapsed": 404.448007, "delta": 0.671206}}
{"target": 0.3492273787324969, "params": {"C": 35.89822867585507, "epsilon": 1.0, "gamma": 0.9, "lamda": 1.0}, "datetime": {"datetime": "2021-07-04 09:55:43", "elapsed": 405.052392, "delta": 0.604385}}
{"target": 0.3649966277985751, "params": {"C": 35.52981792064545, "epsilon": 9.006572709664756, "gamma": 0.9, "lamda": 0.1}, "datetime": {"datetime": "2021-07-04 09:55:43", "elapsed": 405.693679, "delta": 0.641287}}
{"target": 0.3660903921364226, "params": {"C": 39.85414923005383, "epsilon": 8.31958934613829, "gamma": 0.8934233948014481, "lamda": 0.9715188541483009}, "datetime": {"datetime": "2021-07-04 09:55:44", "elapsed": 406.541412, "delta": 0.847733}}
{"target": 0.3551772302936169, "params": {"C": 33.891400932980766, "epsilon": 2.757067752782693, "gamma": 0.9, "lamda": 0.1}, "datetime": {"datetime": "2021-07-04 09:55:45", "elapsed": 407.215611, "delta": 0.674199}}
{"target": 0.36050298376832135, "params": {"C": 37.14910085002856, "epsilon": 5.4478945848347315, "gamma": 0.9, "lamda": 1.0}, "datetime": {"datetime": "2021-07-04 09:55:46", "elapsed": 407.885824, "delta": 0.670213}}
{"target": 0.36512221912972975, "params": {"C": 33.00298474900486, "epsilon": 8.403935284844447, "gamma": 0.9, "lamda": 1.0}, "datetime": {"datetime": "2021-07-04 09:55:46", "elapsed": 408.567, "delta": 0.681176}}
{"target": 0.35822394263975743, "params": {"C": 34.4768402930098, "epsilon": 4.272208642332216, "gamma": 0.9, "lamda": 0.1}, "datetime": {"datetime": "2021-07-04 09:55:47", "elapsed": 409.350905, "delta": 0.783905}}
{"target": 0.3505844790058953, "params": {"C": 34.992808951435514, "epsilon": 1.3375745472453555, "gamma": 0.8991376843268344, "lamda": 0.9759586872454168}, "datetime": {"datetime": "2021-07-04 09:55:48", "elapsed": 410.08993, "delta": 0.739025}}
{"target": 0.3526337595521758, "params": {"C": 30.0, "epsilon": 1.8613671603460262, "gamma": 0.9, "lamda": 1.0}, "datetime": {"datetime": "2021-07-04 09:55:49", "elapsed": 410.720246, "delta": 0.630316}}
{"target": 0.36441866629931285, "params": {"C": 35.28564284080206, "epsilon": 8.270109175064821, "gamma": 0.9, "lamda": 1.0}, "datetime": {"datetime": "2021-07-04 09:55:49", "elapsed": 411.416387, "delta": 0.696141}}
{"target": 0.3567934977054207, "params": {"C": 38.34635598495398, "epsilon": 3.712408743115846, "gamma": 0.9, "lamda": 0.1}, "datetime": {"datetime": "2021-07-04 09:55:50", "elapsed": 412.098565, "delta": 0.682178}}
{"target": 0.36396851731485913, "params": {"C": 30.0, "epsilon": 7.09839442356437, "gamma": 0.9, "lamda": 0.1}, "datetime": {"datetime": "2021-07-04 09:55:51", "elapsed": 412.761791, "delta": 0.663226}}
{"target": -9.4837724549401, "params": {"C": 34.84578070117748, "epsilon": 5.582881619626144, "gamma": 0.01, "lamda": 0.1}, "datetime": {"datetime": "2021-07-04 09:56:01", "elapsed": 422.835872, "delta": 10.074081}}
{"target": 0.3635718897484934, "params": {"C": 35.398124310119556, "epsilon": 7.459331805433058, "gamma": 0.9, "lamda": 0.1}, "datetime": {"datetime": "2021-07-04 09:56:01", "elapsed": 423.567915, "delta": 0.732043}}
{"target": 0.37724263408850567, "params": {"C": 34.04000776934659, "epsilon": 3.9004053762462285, "gamma": 0.8288640886118598, "lamda": 0.9184115383683942}, "datetime": {"datetime": "2021-07-04 09:56:02", "elapsed": 424.417645, "delta": 0.84973}}
{"target": 0.36269744082918465, "params": {"C": 34.07180069673626, "epsilon": 6.3814234005166535, "gamma": 0.8994949775757415, "lamda": 0.2298589882379279}, "datetime": {"datetime": "2021-07-04 09:56:03", "elapsed": 425.261391, "delta": 0.843746}}
{"target": 0.3566250950507951, "params": {"C": 37.739967566937835, "epsilon": 3.6322623744847222, "gamma": 0.9, "lamda": 1.0}, "datetime": {"datetime": "2021-07-04 09:56:04", "elapsed": 425.96551, "delta": 0.704119}}
{"target": 0.3578643897149528, "params": {"C": 34.860902854082255, "epsilon": 4.1166344626520806, "gamma": 0.9, "lamda": 1.0}, "datetime": {"datetime": "2021-07-04 09:56:05", "elapsed": 426.809254, "delta": 0.843744}}
{"target": 0.36510754727472783, "params": {"C": 34.53276979684904, "epsilon": 9.150510323267504, "gamma": 0.9, "lamda": 1.0}, "datetime": {"datetime": "2021-07-04 09:56:05", "elapsed": 427.647016, "delta": 0.837762}}
{"target": 0.3629145069364408, "params": {"C": 30.0, "epsilon": 6.2979250442214925, "gamma": 0.9, "lamda": 1.0}, "datetime": {"datetime": "2021-07-04 09:56:06", "elapsed": 428.314233, "delta": 0.667217}}
{"target": 0.3603838383071466, "params": {"C": 40.0, "epsilon": 5.437005103951634, "gamma": 0.9, "lamda": 0.4543846448172355}, "datetime": {"datetime": "2021-07-04 09:56:07", "elapsed": 429.103125, "delta": 0.788892}}
{"target": -8.618287461638522, "params": {"C": 32.38234957314393, "epsilon": 1.059721451520909, "gamma": 0.034344751939406636, "lamda": 0.9553273107200291}, "datetime": {"datetime": "2021-07-04 09:56:13", "elapsed": 434.754026, "delta": 5.650901}}
{"target": -8.181829562792574, "params": {"C": 37.477633310826846, "epsilon": 6.151352712643262, "gamma": 0.01, "lamda": 1.0}, "datetime": {"datetime": "2021-07-04 09:56:21", "elapsed": 442.754647, "delta": 8.000621}}
{"target": 0.3545183710264208, "params": {"C": 32.34746284173349, "epsilon": 2.5084524905257037, "gamma": 0.9, "lamda": 0.1}, "datetime": {"datetime": "2021-07-04 09:56:21", "elapsed": 443.519604, "delta": 0.764957}}
{"target": 0.36478751882028226, "params": {"C": 32.69919218514707, "epsilon": 7.957861818108838, "gamma": 0.9, "lamda": 0.1}, "datetime": {"datetime": "2021-07-04 09:56:22", "elapsed": 444.408229, "delta": 0.888625}}
{"target": -8.1159038452623, "params": {"C": 38.32603360924674, "epsilon": 3.9339107765627204, "gamma": 0.01, "lamda": 1.0}, "datetime": {"datetime": "2021-07-04 09:56:36", "elapsed": 458.157489, "delta": 13.74926}}
