{"target": 0.35364342618766875, "params": {"C": 38.81285474309351, "epsilon": 2.5043499712760786, "gamma": 0.9, "lamda": 0.1}, "datetime": {"datetime": "2021-07-04 09:56:37", "elapsed": 458.941575, "delta": 0.784086}}
{"target": 0.3617538131381187, "params": {"C": 40.0, "epsilon": 6.2364971628204104, "gamma": 0.9, "lamda": 1.0}, "datetime": {"datetime": "2021-07-04 09:56:38", "elapsed": 459.759388, "delta": 0.817813}}
{"target": 0.36021190763297917, "params": {"C": 37.837345315353836, "epsilon": 5.303403540841594, "gamma": 0.9, "lamda": 0.1}, "datetime": {"datetime": "2021-07-04 09:56:38", "elapsed": 460.476472, "delta": 0.717084}}
{"target": 0.3491972204978727, "params": {"C": 36.531827396877695, "epsilon": 1.0, "gamma": 0.9, "lamda": 0.1}, "datetime": {"datetime": "2021-07-04 09:56:39", "elapsed": 461.151668, "delta": 0.675196}}
{"target": 0.3654589074227771, "params": {"C": 30.0, "epsilon": 8.929318230075902, "gamma": 0.9, "lamda": 0.1}, "datetime": {"datetime": "2021-07-04 09:56:40", "elapsed": 461.881717, "delta": 0.730049}}
{"target": 0.35633410371502716, "params": {"C": 36.959691404111176, "epsilon": 3.5001588890641386, "gamma": 0.9, "lamda": 0.1}, "datetime": {"datetime": "2021-07-04 09:56:40", "elapsed": 462.599799, "delta": 0.718082}}
{"target": 0.36229987072580583, "params": {"C": 34.660862297256976, "epsilon": 6.487812651661517, "gamma": 0.9, "lamda": 1.0}, "datetime": {"datetime": "2021-07-04 09:56:43", "elapsed": 465.217804, "delta": 2.618005}}
{"target": 0.3579613658449805, "params": {"C": 36.99651614005828, "epsilon": 4.1942902981665355, "gamma": 0.9, "lamda": 1.0}, "datetime": {"datetime": "2021-07-04 09:56:44", "elapsed": 466.085485, "delta": 0.867681}}
{"target": 0.3559923895182603, "params": {"C": 32.80002403414569, "epsilon": 3.0356957807473584, "gamma": 0.9, "lamda": 1.0}, "datetime": {"datetime": "2021-07-04 09:56:45", "elapsed": 467.012009, "delta": 0.926524}}
{"target": 0.3577435896023222, "params": {"C": 40.0, "epsilon": 4.149708149860901, "gamma": 0.9, "lamda": 0.1}, "datetime": {"datetime": "2021-07-04 09:56:46", "elapsed": 467.821846, "delta": 0.809837}}
{"target": 0.3554918020383847, "params": {"C": 36.36512869760101, "epsilon": 3.1555609768784656, "gamma": 0.9, "lamda": 1.0}, "datetime": {"datetime": "2021-07-04 09:56:47", "elapsed": 468.785271, "delta": 0.963425}}
{"target": -9.582333304740322, "params": {"C": 36.55178111539295, "epsilon": 6.83191072094102, "gamma": 0.01, "lamda": 0.1}, "datetime": {"datetime": "2021-07-04 09:56:58", "elapsed": 480.621644, "delta": 11.836373}}
{"target": 0.5435155784663311, "params": {"C": 37.68527519948596, "epsilon": 7.064127625329678, "gamma": 0.4198409625352674, "lamda": 0.24187836484342942}, "datetime": {"datetime": "2021-07-04 09:57:00", "elapsed": 482.073763, "delta": 1.452119}}
{"target": 0.5122709153643963, "params": {"C": 37.105459291758805, "epsilon": 7.460833247533026, "gamma": 0.4808989552383775, "lamda": 0.8088211414897499}, "datetime": {"datetime": "2021-07-04 09:57:01", "elapsed": 483.075086, "delta": 1.001323}}
{"target": 0.6098955314788149, "params": {"C": 36.479931457954294, "epsilon": 7.170918475155689, "gamma": 0.3175847960212408, "lamda": 0.8756977515097473}, "datetime": {"datetime": "2021-07-04 09:57:02", "elapsed": 483.70241, "delta": 0.627324}}
{"target": -2.2983463351230364, "params": {"C": 35.96494026264735, "epsilon": 7.751214931871758, "gamma": 0.18446843070519472, "lamda": 0.9297090114475139}, "datetime": {"datetime": "2021-07-04 09:57:11", "elapsed": 493.027492, "delta": 9.325082}}
{"target": 0.40146731023275495, "params": {"C": 31.85989919697786, "epsilon": 2.6346079510564224, "gamma": 0.7388519541517631, "lamda": 0.907664922274688}, "datetime": {"datetime": "2021-07-04 09:57:12", "elapsed": 493.887195, "delta": 0.859703}}
{"target": 0.363485897860804, "params": {"C": 30.621668140754526, "epsilon": 6.717353988756999, "gamma": 0.9, "lamda": 0.748036324495459}, "datetime": {"datetime": "2021-07-04 09:57:12", "elapsed": 494.686061, "delta": 0.798866}}
{"target": 0.45039501110396174, "params": {"C": 38.44372875600953, "epsilon": 6.8116966917375485, "gamma": 0.6211089198435337, "lamda": 0.6728707973286068}, "datetime": {"datetime": "2021-07-04 09:57:13", "elapsed": 495.271496, "delta": 0.585435}}
{"target": 0.37839209965549747, "params": {"C": 36.82835725215648, "epsilon": 5.473050767333085, "gamma": 0.8339504199834389, "lamda": 0.11390493890148792}, "datetime": {"datetime": "2021-07-04 09:57:17", "elapsed": 499.195014, "delta": 3.923518}}
{"target": -4.432801666762943, "params": {"C": 32.030831431803904, "epsilon": 1.0030058250070903, "gamma": 0.06808554185098893, "lamda": 0.7161324441665686}, "datetime": {"datetime": "2021-07-04 09:57:25", "elapsed": 507.303347, "delta": 8.108333}}
{"target": 0.3542863633830291, "params": {"C": 39.07832247368246, "epsilon": 2.742584829459274, "gamma": 0.9, "lamda": 1.0}, "datetime": {"datetime": "2021-07-04 09:57:26", "elapsed": 508.181999, "delta": 0.878652}}
{"target": 0.4722558321667434, "params": {"C": 32.65810454598642, "epsilon": 7.520065655937861, "gamma": 0.5712162283569874, "lamda": 0.7195577812668457}, "datetime": {"datetime": "2021-07-04 09:57:27", "elapsed": 508.779402, "delta": 0.597403}}
{"target": -11.164480827165155, "params": {"C": 35.049300414039735, "epsilon": 9.023242244057915, "gamma": 0.013495614535382418, "lamda": 0.1397380629739415}, "datetime": {"datetime": "2021-07-04 09:57:37", "elapsed": 519.672295, "delta": 10.892893}}
{"target": 0.3667755819752143, "params": {"C": 33.74260906357878, "epsilon": 5.300642773589203, "gamma": 0.8790819073820322, "lamda": 0.154901369644591}, "datetime": {"datetime": "2021-07-04 09:57:38", "elapsed": 520.508062, "delta": 0.835767}}
{"target": 0.3522701364433223, "params": {"C": 34.02510402010068, "epsilon": 1.8714776040962195, "gamma": 0.9, "lamda": 0.32527387972432475}, "datetime": {"datetime": "2021-07-04 09:57:39", "elapsed": 521.364772, "delta": 0.85671}}
{"target": 0.7975540269252949, "params": {"C": 35.86420417913708, "epsilon": 5.197861872534442, "gamma": 0.12833506183547913, "lamda": 0.9122738467042131}, "datetime": {"datetime": "2021-07-04 09:57:40", "elapsed": 521.978134, "delta": 0.613362}}
{"target": 0.38691884311120495, "params": {"C": 36.24131294371271, "epsilon": 5.373222364894976, "gamma": 0.804384212869665, "lamda": 0.8832885323795187}, "datetime": {"datetime": "2021-07-04 09:57:41", "elapsed": 522.892691, "delta": 0.914557}}
{"target": 0.37894315212155216, "params": {"C": 33.04113455119301, "epsilon": 6.660848335306198, "gamma": 0.8402569932621005, "lamda": 0.35867362351768073}, "datetime": {"datetime": "2021-07-04 09:57:42", "elapsed": 523.70851, "delta": 0.815819}}
{"target": 0.35133929571524536, "params": {"C": 35.7814136522363, "epsilon": 1.6676399421209855, "gamma": 0.9, "lamda": 0.506580281826429}, "datetime": {"datetime": "2021-07-04 09:57:42", "elapsed": 524.486433, "delta": 0.777923}}
{"target": 0.3642918244406753, "params": {"C": 39.52224330225024, "epsilon": 8.24044434348566, "gamma": 0.9, "lamda": 0.1}, "datetime": {"datetime": "2021-07-04 09:57:43", "elapsed": 525.320203, "delta": 0.83377}}
{"target": 0.35127604211645147, "params": {"C": 30.86552575573138, "epsilon": 1.4530117467481691, "gamma": 0.9, "lamda": 1.0}, "datetime": {"datetime": "2021-07-04 09:57:44", "elapsed": 526.246732, "delta": 0.926529}}
{"target": 0.3615254731394325, "params": {"C": 35.88292323029747, "epsilon": 5.591681357756119, "gamma": 0.8972809710826029, "lamda": 0.2423489446182613}, "datetime": {"datetime": "2021-07-04 09:57:45", "elapsed": 527.154303, "delta": 0.907571}}
{"target": 0.36536550523642464, "params": {"C": 33.75425198703731, "epsilon": 8.83046282131016, "gamma": 0.9, "lamda": 0.49782868595144575}, "datetime": {"datetime": "2021-07-04 09:57:46", "elapsed": 528.162609, "delta": 1.008306}}
{"target": 0.4672347601039689, "params": {"C": 32.818238534194485, "epsilon": 1.855949161110732, "gamma": 0.5645009125960537, "lamda": 0.15438994636564715}, "datetime": {"datetime": "2021-07-04 09:57:47", "elapsed": 528.784946, "delta": 0.622337}}
{"target": 0.8022112060445796, "params": {"C": 32.59660839168375, "epsilon": 3.0749542152133267, "gamma": 0.1238820695289735, "lamda": 0.14380545608701087}, "datetime": {"datetime": "2021-07-04 09:57:47", "elapsed": 529.476099, "delta": 0.691153}}
{"target": -0.7964340934149954, "params": {"C": 33.07101493797097, "epsilon": 2.625814714943376, "gamma": 0.23564797870593593, "lamda": 0.7205034692339966}, "datetime": {"datetime": "2021-07-04 09:57:57", "elapsed": 539.675844, "delta": 10.199745}}
{"target": 0.48407048221342674, "params": {"C": 37.738422127855706, "epsilon": 1.8780841724301474, "gamma": 0.527580651871661, "lamda": 0.23773980176475656}, "datetime": {"datetime": "2021-07-04 09:57:58", "elapsed": 540.278234, "delta": 0.60239}}
{"target": 0.36807248024433903, "params": {"C": 38.43405972117888, "epsilon": 1.8721222500597654, "gamma": 0.8402257209165134, "lamda": 0.18254360962567112}, "datetime": {"datetime": "2021-07-04 09:57:59", "elapsed": 541.345383, "delta": 1.067149}}
{"target": 0.4857172894163728, "params": {"C": 37.64369000664785, "epsilon": 5.655330734676771, "gamma": 0.5365875983048051, "lamda": 0.4575562133032768}, "datetime": {"datetime": "2021-07-04 09:58:00", "elapsed": 542.075432, "delta": 0.730049}}
{"target": 0.3501909421715952, "params": {"C": 37.73354217402327, "epsilon": 1.327091984657312, "gamma": 0.9, "lamda": 0.1}, "datetime": {"datetime": "2021-07-04 09:58:01", "elapsed": 542.955081, "delta": 0.879649}}
{"target": -2.1161932195239728, "params": {"C": 32.024997804418874, "epsilon": 2.7593808539683042, "gamma": 0.1237345167780232, "lamda": 0.22316315570092427}, "datetime": {"datetime": "2021-07-04 09:58:09", "elapsed": 551.437421, "delta": 8.48234}}
{"target": 0.3555021712892754, "params": {"C": 34.00645275182201, "epsilon": 1.9913638938880989, "gamma": 0.8903302415599315, "lamda": 0.5709809385916387}, "datetime": {"datetime": "2021-07-04 09:58:10", "elapsed": 552.097653, "delta": 0.660232}}
{"target": 0.5586719759074921, "params": {"C": 31.942947825356335, "epsilon": 9.990676546550262, "gamma": 0.3965616582930524, "lamda": 0.9932023328457628}, "datetime": {"datetime": "2021-07-04 09:58:11", "elapsed": 552.991265, "delta": 0.893612}}
{"target": 0.7548229544155559, "params": {"C": 36.77411839183415, "epsilon": 10.0, "gamma": 0.16576513132865175, "lamda": 0.5673485839151601}, "datetime": {"datetime": "2021-07-04 09:58:12", "elapsed": 554.012535, "delta": 1.02127}}
{"target": 0.35392481214978855, "params": {"C": 37.91781363597249, "epsilon": 2.5914386348624703, "gamma": 0.9, "lamda": 0.1}, "datetime": {"datetime": "2021-07-04 09:58:13", "elapsed": 554.943049, "delta": 0.930514}}
{"target": 0.36549454127791614, "params": {"C": 36.22230392764265, "epsilon": 10.0, "gamma": 0.9, "lamda": 0.8450374598436636}, "datetime": {"datetime": "2021-07-04 09:58:14", "elapsed": 555.81073, "delta": 0.867681}}
{"target": 0.35645270195888246, "params": {"C": 39.81648774301445, "epsilon": 3.5967143515239335, "gamma": 0.9, "lamda": 1.0}, "datetime": {"datetime": "2021-07-04 09:58:15", "elapsed": 557.135192, "delta": 1.324462}}
{"target": 0.36360029106755176, "params": {"C": 38.87862201339534, "epsilon": 7.560988910655137, "gamma": 0.9, "lamda": 1.0}, "datetime": {"datetime": "2021-07-04 09:58:16", "elapsed": 558.00387, "delta": 0.868678}}
{"target": 0.3607109115643792, "params": {"C": 38.75517138172465, "epsilon": 2.54991214415828, "gamma": 0.874581964370814, "lamda": 0.10354035395273174}, "datetime": {"datetime": "2021-07-04 09:58:16", "elapsed": 558.630196, "delta": 0.626326}}
{"target": 0.3654921460370376, "params": {"C": 30.09016122626017, "epsilon": 8.162942230018437, "gamma": 0.8980816970089617, "lamda": 0.9975666402383035}, "datetime": {"datetime": "2021-07-04 09:58:17", "elapsed": 559.539767, "delta": 0.909571}}
{"target": 0.3587334672976181, "params": {"C": 36.55932481809025, "epsilon": 4.541601090272769, "gamma": 0.9, "lamda": 0.1}, "datetime": {"datetime": "2021-07-04 09:58:18", "elapsed": 560.384509, "delta": 0.844742}}
{"target": -0.9364987974969448, "params": {"C": 35.834761875847576, "epsilon": 2.4983533039894077, "gamma": 0.1964448472344624, "lamda": 0.8746001564530467}, "datetime": {"datetime": "2021-07-04 09:58:30", "elapsed": 572.189963, "delta": 11.805454}}
{"target": 0.36620742259182804, "params": {"C": 32.81092620984002, "epsilon": 8.830384975621467, "gamma": 0.8968291192984144, "lamda": 0.6387502395905721}, "datetime": {"datetime": "2021-07-04 09:58:31", "elapsed": 572.829254, "delta": 0.639291}}
{"target": -2.5675839798785707, "params": {"C": 35.885473400607474, "epsilon": 1.0, "gamma": 0.08390800477226862, "lamda": 0.4191021654668924}, "datetime": {"datetime": "2021-07-04 09:58:37", "elapsed": 579.155351, "delta": 6.326097}}
{"target": 0.8275476510674352, "params": {"C": 30.27402690472705, "epsilon": 7.084461977124844, "gamma": 0.10030509377873222, "lamda": 0.9708671407605179}, "datetime": {"datetime": "2021-07-04 09:58:38", "elapsed": 580.054947, "delta": 0.899596}}
{"target": -6.915817994220361, "params": {"C": 30.0, "epsilon": 7.832873069304198, "gamma": 0.01, "lamda": 1.0}, "datetime": {"datetime": "2021-07-04 09:58:45", "elapsed": 586.920602, "delta": 6.865655}}
{"target": 0.37825403823356163, "params": {"C": 32.09370724885053, "epsilon": 9.06352804979512, "gamma": 0.8510840935545222, "lamda": 0.9600532781568583}, "datetime": {"datetime": "2021-07-04 09:58:45", "elapsed": 587.638683, "delta": 0.718081}}
{"target": 0.36491045966389024, "params": {"C": 39.28340611615153, "epsilon": 8.99502788926642, "gamma": 0.9, "lamda": 1.0}, "datetime": {"datetime": "2021-07-04 09:58:46", "elapsed": 588.5303, "delta": 0.891617}}
{"target": 0.3565490552910553, "params": {"C": 39.23361394448507, "epsilon": 3.6261866475232973, "gamma": 0.9, "lamda": 0.1}, "datetime": {"datetime": "2021-07-04 09:58:47", "elapsed": 589.345123, "delta": 0.814823}}
{"target": 0.7793333417394918, "params": {"C": 34.99281125898848, "epsilon": 9.897449615131238, "gamma": 0.14253329293751307, "lamda": 0.2523444569162237}, "datetime": {"datetime": "2021-07-04 09:58:48", "elapsed": 590.057219, "delta": 0.712096}}
{"target": 0.4386363160413608, "params": {"C": 31.057551734185, "epsilon": 8.275795480131233, "gamma": 0.6577474141192764, "lamda": 0.10700213481035609}, "datetime": {"datetime": "2021-07-04 09:58:49", "elapsed": 590.769317, "delta": 0.712098}}
{"target": 0.3683311942279839, "params": {"C": 30.58656740454402, "epsilon": 7.529021874479314, "gamma": 0.8852375780499565, "lamda": 0.23850762501938477}, "datetime": {"datetime": "2021-07-04 09:58:50", "elapsed": 591.699831, "delta": 0.930514}}
{"target": 0.3645841113231686, "params": {"C": 31.595914605642907, "epsilon": 7.709418033849816, "gamma": 0.9, "lamda": 0.2067732710722156}, "datetime": {"datetime": "2021-07-04 09:58:50", "elapsed": 592.570504, "delta": 0.870673}}
{"target": 0.3672389365485921, "params": {"C": 31.2288939437587, "epsilon": 9.243163568178193, "gamma": 0.8936320718619382, "lamda": 0.14978407408134628}, "datetime": {"datetime": "2021-07-04 09:58:51", "elapsed": 593.667573, "delta": 1.097069}}
{"target": 0.39371866340228756, "params": {"C": 39.32322089846828, "epsilon": 3.554999116512013, "gamma": 0.770313242313194, "lamda": 0.8882731764893524}, "datetime": {"datetime": "2021-07-04 09:58:52", "elapsed": 594.352742, "delta": 0.685169}}
{"target": 0.3687207598491552, "params": {"C": 31.52965538969019, "epsilon": 8.26867519749024, "gamma": 0.8860727752991376, "lamda": 0.8703020419469928}, "datetime": {"datetime": "2021-07-04 09:58:53", "elapsed": 595.333122, "delta": 0.98038}}
{"target": 0.4191921255788825, "params": {"C": 30.635047590611386, "epsilon": 1.1267290518846775, "gamma": 0.6785022582363298, "lamda": 0.572032078238129}, "datetime": {"datetime": "2021-07-04 09:58:54", "elapsed": 595.978399, "delta": 0.645277}}
{"target": 0.5817398312934432, "params": {"C": 37.19378906764452, "epsilon": 3.446027466741712, "gamma": 0.35417692036470183, "lamda": 0.8933715131978769}, "datetime": {"datetime": "2021-07-04 09:58:55", "elapsed": 596.697477, "delta": 0.719078}}
{"target": 0.7260498287912072, "params": {"C": 30.671656671449412, "epsilon": 6.699599318288254, "gamma": 0.19209929534575224, "lamda": 0.3640845207600605}, "datetime": {"datetime": "2021-07-04 09:58:55", "elapsed": 597.592086, "delta": 0.894609}}
{"target": 0.3651031123129084, "params": {"C": 30.485430974963652, "epsilon": 8.3255756028363, "gamma": 0.9, "lamda": 0.1}, "datetime": {"datetime": "2021-07-04 09:58:56", "elapsed": 598.418876, "delta": 0.82679}}
{"target": 0.3700947700745528, "params": {"C": 32.11758977071465, "epsilon": 9.056471596706949, "gamma": 0.8825224324248061, "lamda": 0.15255604844469256}, "datetime": {"datetime": "2021-07-04 09:58:57", "elapsed": 599.295535, "delta": 0.876659}}
{"target": 0.6641385202471621, "params": {"C": 32.33443459326787, "epsilon": 1.4813802161236223, "gamma": 0.253227763840139, "lamda": 0.20393844839921882}, "datetime": {"datetime": "2021-07-04 09:58:58", "elapsed": 599.999654, "delta": 0.704119}}
{"target": 0.36781334054933545, "params": {"C": 31.386621034261914, "epsilon": 1.1577757738701573, "gamma": 0.8363219794826756, "lamda": 0.14298391095211138}, "datetime": {"datetime": "2021-07-04 09:58:59", "elapsed": 600.872321, "delta": 0.872667}}
{"target": 0.7080800012129075, "params": {"C": 33.41622593495949, "epsilon": 6.952210042786115, "gamma": 0.20875140040024023, "lamda": 0.21885389930069615}, "datetime": {"datetime": "2021-07-04 09:59:00", "elapsed": 601.796851, "delta": 0.92453}}
{"target": 0.3679408843762725, "params": {"C": 38.85901001783998, "epsilon": 7.557674180912799, "gamma": 0.8836680492235098, "lamda": 0.9744889530093857}, "datetime": {"datetime": "2021-07-04 09:59:00", "elapsed": 602.542858, "delta": 0.746007}}
{"target": 0.5118042750968117, "params": {"C": 32.85182084290792, "epsilon": 5.072134591555989, "gamma": 0.4790696686093276, "lamda": 0.9544837632180865}, "datetime": {"datetime": "2021-07-04 09:59:01", "elapsed": 603.257946, "delta": 0.715088}}
{"target": -8.314216283360143, "params": {"C": 32.7004008708001, "epsilon": 6.788248484716152, "gamma": 0.03737830849342909, "lamda": 0.2736921559249993}, "datetime": {"datetime": "2021-07-04 09:59:07", "elapsed": 609.669813, "delta": 6.411867}}
{"target": 0.3742647725439433, "params": {"C": 33.268715866561024, "epsilon": 7.430869800391081, "gamma": 0.8603769726534202, "lamda": 0.8246808869384931}, "datetime": {"datetime": "2021-07-04 09:59:09", "elapsed": 610.726989, "delta": 1.057176}}
{"target": -5.400048843422527, "params": {"C": 36.51468545106875, "epsilon": 2.460061098268631, "gamma": 0.0631007065010111, "lamda": 0.5472960605474234}, "datetime": {"datetime": "2021-07-04 09:59:14", "elapsed": 616.029819, "delta": 5.30283}}
{"target": 0.6668414243682048, "params": {"C": 30.081697280972612, "epsilon": 6.484056716944486, "gamma": 0.25275856571161737, "lamda": 0.9375046643707288}, "datetime": {"datetime": "2021-07-04 09:59:15", "elapsed": 617.078018, "delta": 1.048199}}
{"target": 0.36072243560907225, "params": {"C": 32.32951312933033, "epsilon": 5.049758648442682, "gamma": 0.9, "lamda": 0.1}, "datetime": {"datetime": "2021-07-04 09:59:16", "elapsed": 618.068372, "delta": 0.990354}}
{"target": 0.35881206153710143, "params": {"C": 32.257085919639636, "epsilon": 4.150681963800451, "gamma": 0.9, "lamda": 1.0}, "datetime": {"datetime": "2021-07-04 09:59:17", "elapsed": 618.995894, "delta": 0.927522}}
{"target": 0.3684601244727007, "params": {"C": 33.275177008260755, "epsilon": 7.386825092717565, "gamma": 0.8840459458555313, "lamda": 0.11444854727180341}, "datetime": {"datetime": "2021-07-04 09:59:18", "elapsed": 620.163773, "delta": 1.167879}}
{"target": 0.3584066263080464, "params": {"C": 30.33770113517579, "epsilon": 3.952422781761264, "gamma": 0.9, "lamda": 0.1}, "datetime": {"datetime": "2021-07-04 09:59:19", "elapsed": 621.292756, "delta": 1.128983}}
{"target": 0.36546251831795273, "params": {"C": 38.10029668364786, "epsilon": 10.0, "gamma": 0.9, "lamda": 1.0}, "datetime": {"datetime": "2021-07-04 09:59:20", "elapsed": 622.243218, "delta": 0.950462}}
{"target": 0.3558833339155323, "params": {"C": 35.390168118313966, "epsilon": 3.2943939514658673, "gamma": 0.9, "lamda": 1.0}, "datetime": {"datetime": "2021-07-04 09:59:21", "elapsed": 623.415086, "delta": 1.171868}}
{"target": 0.5608980325667248, "params": {"C": 33.91834117237614, "epsilon": 5.829434377198156, "gamma": 0.3905327567865163, "lamda": 0.7138877146842249}, "datetime": {"datetime": "2021-07-04 09:59:22", "elapsed": 624.264814, "delta": 0.849728}}
{"target": -9.075146389980116, "params": {"C": 31.835368215384403, "epsilon": 10.0, "gamma": 0.01, "lamda": 0.1}, "datetime": {"datetime": "2021-07-04 09:59:35", "elapsed": 637.004773, "delta": 12.739959}}
{"target": 0.36503289705922615, "params": {"C": 36.82146843658423, "epsilon": 9.09912219690903, "gamma": 0.9, "lamda": 1.0}, "datetime": {"datetime": "2021-07-04 09:59:36", "elapsed": 638.054965, "delta": 1.050192}}
{"target": 0.773902487953696, "params": {"C": 37.09859690823861, "epsilon": 4.06286117962344, "gamma": 0.1493314287646453, "lamda": 0.1}, "datetime": {"datetime": "2021-07-04 09:59:37", "elapsed": 639.135079, "delta": 1.080114}}
{"target": 0.37215535077232387, "params": {"C": 38.92009827908696, "epsilon": 7.520858879170095, "gamma": 0.8679622323405838, "lamda": 0.978502237122615}, "datetime": {"datetime": "2021-07-04 09:59:38", "elapsed": 639.927961, "delta": 0.792882}}
{"target": 0.6744088634727876, "params": {"C": 37.25814779676173, "epsilon": 4.983541624078751, "gamma": 0.24200497441605193, "lamda": 0.1919563158574688}, "datetime": {"datetime": "2021-07-04 09:59:39", "elapsed": 641.00608, "delta": 1.078119}}
