{"target": 0.5236214003213471, "params": {"C": 23.268268794972617, "epsilon": 2.3783217986723457, "gamma": 0.439279601639522, "lamda": 0.5193092983003923}, "datetime": {"datetime": "2021-07-03 19:18:03", "elapsed": 833.838618, "delta": 1.676109}}
{"target": -1.1118695579409064, "params": {"C": 26.389368825874783, "epsilon": 5.083024473696896, "gamma": 0.2841709827047954, "lamda": 0.9740555216992812}, "datetime": {"datetime": "2021-07-03 19:18:12", "elapsed": 842.900072, "delta": 9.061454}}
{"target": 0.5466098248721623, "params": {"C": 28.305345215950908, "epsilon": 4.001683997429574, "gamma": 0.4127105147610863, "lamda": 0.3006706127100765}, "datetime": {"datetime": "2021-07-03 19:18:14", "elapsed": 845.084579, "delta": 2.184507}}
{"target": 0.38512175907325996, "params": {"C": 29.191545170307297, "epsilon": 9.79445716267346, "gamma": 0.8279110988037124, "lamda": 0.1}, "datetime": {"datetime": "2021-07-03 19:18:16", "elapsed": 847.154836, "delta": 2.070257}}
{"target": 0.47303948275500696, "params": {"C": 25.610346466626815, "epsilon": 8.311731795999915, "gamma": 0.5676049480564361, "lamda": 0.1}, "datetime": {"datetime": "2021-07-03 19:18:18", "elapsed": 848.994689, "delta": 1.839853}}
{"target": 0.5465373762761893, "params": {"C": 28.994929485631808, "epsilon": 4.4537078209558185, "gamma": 0.4135051691409575, "lamda": 0.3716491025978893}, "datetime": {"datetime": "2021-07-03 19:18:19", "elapsed": 850.259869, "delta": 1.26518}}
{"target": -6.514979201672914, "params": {"C": 29.39245028184551, "epsilon": 2.248936157501411, "gamma": 0.05, "lamda": 0.1}, "datetime": {"datetime": "2021-07-03 19:18:32", "elapsed": 862.627854, "delta": 12.367985}}
{"target": 0.8061155553741808, "params": {"C": 22.95115456968139, "epsilon": 7.920776968619695, "gamma": 0.11711682916065991, "lamda": 0.2717862793668194}, "datetime": {"datetime": "2021-07-03 19:18:33", "elapsed": 863.950386, "delta": 1.322532}}
{"target": 0.6908615856407647, "params": {"C": 29.773263043874064, "epsilon": 3.1355496734214974, "gamma": 0.22597346035426086, "lamda": 0.4522100772415165}, "datetime": {"datetime": "2021-07-03 19:18:35", "elapsed": 866.132823, "delta": 2.182437}}
{"target": 0.5503851057736449, "params": {"C": 20.17643684709104, "epsilon": 5.6526020262906025, "gamma": 0.38282595970344824, "lamda": 0.8485037334495419}, "datetime": {"datetime": "2021-07-03 19:18:36", "elapsed": 867.455653, "delta": 1.32283}}
{"target": 0.5014181268639358, "params": {"C": 26.45193378036835, "epsilon": 7.624381182234001, "gamma": 0.5057027996318963, "lamda": 0.6333370246610333}, "datetime": {"datetime": "2021-07-03 19:18:39", "elapsed": 869.891963, "delta": 2.43631}}
{"target": -7.531786495462976, "params": {"C": 23.01477631220874, "epsilon": 6.09072822777496, "gamma": 0.050476515481615386, "lamda": 0.7379593924588298}, "datetime": {"datetime": "2021-07-03 19:18:49", "elapsed": 879.684284, "delta": 9.792321}}
{"target": 0.7180520577169016, "params": {"C": 28.84205552581819, "epsilon": 3.90392085367129, "gamma": 0.1993908279331818, "lamda": 0.11233948552445455}, "datetime": {"datetime": "2021-07-03 19:18:50", "elapsed": 881.04607, "delta": 1.361786}}
{"target": 0.36133798509342685, "params": {"C": 22.842837657162324, "epsilon": 5.575045373545313, "gamma": 0.8728326129489665, "lamda": 1.0}, "datetime": {"datetime": "2021-07-03 19:18:52", "elapsed": 883.070098, "delta": 2.024028}}
{"target": 0.8039777179119241, "params": {"C": 20.877711752297603, "epsilon": 4.039456890728176, "gamma": 0.11501098194372292, "lamda": 0.6475125295768253}, "datetime": {"datetime": "2021-07-03 19:18:53", "elapsed": 884.551188, "delta": 1.48109}}
{"target": -1.86388244951284, "params": {"C": 23.15531166156638, "epsilon": 6.978986991788695, "gamma": 0.20433448509751412, "lamda": 0.9352440265420465}, "datetime": {"datetime": "2021-07-03 19:19:07", "elapsed": 898.227592, "delta": 13.676404}}
{"target": 0.8169474372076673, "params": {"C": 24.01650207553185, "epsilon": 6.356841583058773, "gamma": 0.1083564422825801, "lamda": 0.9474211116671872}, "datetime": {"datetime": "2021-07-03 19:19:09", "elapsed": 899.934248, "delta": 1.706656}}
{"target": 0.5980090547729877, "params": {"C": 23.0983390654047, "epsilon": 8.416591361108974, "gamma": 0.3314513483709221, "lamda": 0.4373300099317128}, "datetime": {"datetime": "2021-07-03 19:19:10", "elapsed": 901.290812, "delta": 1.356564}}
{"target": -6.89799176734921, "params": {"C": 25.133901260683594, "epsilon": 4.929458925990343, "gamma": 0.05, "lamda": 1.0}, "datetime": {"datetime": "2021-07-03 19:38:05", "elapsed": 2036.328681, "delta": 1135.037869}}
{"target": 0.7211736361283232, "params": {"C": 24.39682377648608, "epsilon": 3.721870811239964, "gamma": 0.19603791956021793, "lamda": 0.39754163368124795}, "datetime": {"datetime": "2021-07-03 19:38:10", "elapsed": 2041.133841, "delta": 4.80516}}
{"target": 0.44918114634633544, "params": {"C": 23.84007228296564, "epsilon": 6.578001586530918, "gamma": 0.6120798054523691, "lamda": 0.18816964782699983}, "datetime": {"datetime": "2021-07-03 19:38:13", "elapsed": 2044.007165, "delta": 2.873324}}
{"target": 0.44903301550996666, "params": {"C": 25.252788931056646, "epsilon": 4.2017722977577865, "gamma": 0.6129482122640177, "lamda": 0.729320338360955}, "datetime": {"datetime": "2021-07-03 19:38:24", "elapsed": 2055.358017, "delta": 11.350852}}
{"target": 0.6001986040483294, "params": {"C": 22.472317856067416, "epsilon": 8.088403702235475, "gamma": 0.3258789966797183, "lamda": 0.12178004483781826}, "datetime": {"datetime": "2021-07-03 19:38:29", "elapsed": 2060.271887, "delta": 4.91387}}
{"target": 0.3671891156988518, "params": {"C": 25.42482165895708, "epsilon": 2.482811854822735, "gamma": 0.8457372542131949, "lamda": 0.9836953187655472}, "datetime": {"datetime": "2021-07-03 19:38:31", "elapsed": 2062.347341, "delta": 2.075454}}
{"target": 0.7184141254257812, "params": {"C": 28.692337200773146, "epsilon": 4.603891167446131, "gamma": 0.19913246249892597, "lamda": 0.6061341498706103}, "datetime": {"datetime": "2021-07-03 19:38:34", "elapsed": 2064.966344, "delta": 2.619003}}
{"target": 0.45249943176114293, "params": {"C": 24.64688434009186, "epsilon": 5.526111645908451, "gamma": 0.6055757296268987, "lamda": 0.7682482894664455}, "datetime": {"datetime": "2021-07-03 19:38:37", "elapsed": 2067.684082, "delta": 2.717738}}
{"target": -7.0681250236190785, "params": {"C": 22.88343981106205, "epsilon": 5.144307617195236, "gamma": 0.05, "lamda": 0.6820089789741635}, "datetime": {"datetime": "2021-07-03 19:39:00", "elapsed": 2091.084554, "delta": 23.400472}}
{"target": 0.8641543855322095, "params": {"C": 22.079865358470045, "epsilon": 5.389699252775864, "gamma": 0.05441597843621987, "lamda": 0.23545002320192457}, "datetime": {"datetime": "2021-07-03 19:39:07", "elapsed": 2097.927268, "delta": 6.842714}}
{"target": 0.45681320875651255, "params": {"C": 30.0, "epsilon": 2.7189040136326956, "gamma": 0.5931148072732589, "lamda": 0.30710572595274815}, "datetime": {"datetime": "2021-07-03 19:39:12", "elapsed": 2102.713479, "delta": 4.786211}}
{"target": 0.5221857365260687, "params": {"C": 21.11013681756466, "epsilon": 3.5440245035321545, "gamma": 0.4311384622860709, "lamda": 0.564682585012195}, "datetime": {"datetime": "2021-07-03 19:39:14", "elapsed": 2105.253692, "delta": 2.540213}}
{"target": 0.35291572260046145, "params": {"C": 21.67504702066348, "epsilon": 3.769903130072685, "gamma": 0.8807011180972157, "lamda": 0.10590762798146806}, "datetime": {"datetime": "2021-07-03 19:39:16", "elapsed": 2107.334138, "delta": 2.080446}}
{"target": 0.829249575656867, "params": {"C": 29.34963421735238, "epsilon": 5.476314760179495, "gamma": 0.09848255079806958, "lamda": 0.38389722846947116}, "datetime": {"datetime": "2021-07-03 19:39:18", "elapsed": 2109.43452, "delta": 2.100382}}
{"target": 0.5262656168614293, "params": {"C": 25.42796304141541, "epsilon": 5.94657777916707, "gamma": 0.4506960539538541, "lamda": 0.7733384476323547}, "datetime": {"datetime": "2021-07-03 19:39:20", "elapsed": 2110.948475, "delta": 1.513955}}
{"target": 0.48328776706617393, "params": {"C": 25.068431624997878, "epsilon": 6.005745836818835, "gamma": 0.5388546649879256, "lamda": 0.7539515452075521}, "datetime": {"datetime": "2021-07-03 19:39:23", "elapsed": 2113.629312, "delta": 2.680837}}
{"target": 0.48271719460475926, "params": {"C": 29.558866099600994, "epsilon": 3.2066348191002794, "gamma": 0.5366270964290432, "lamda": 0.1}, "datetime": {"datetime": "2021-07-03 19:39:25", "elapsed": 2116.336084, "delta": 2.706772}}
{"target": 0.8196353559265052, "params": {"C": 23.72019821229025, "epsilon": 6.71334482374052, "gamma": 0.10600475733647684, "lamda": 0.6377003550186205}, "datetime": {"datetime": "2021-07-03 19:39:27", "elapsed": 2118.473368, "delta": 2.137284}}
{"target": 0.8508487908543161, "params": {"C": 23.68730994087482, "epsilon": 6.7225135814217944, "gamma": 0.07619620554000031, "lamda": 0.6233276674742354}, "datetime": {"datetime": "2021-07-03 19:39:29", "elapsed": 2120.211723, "delta": 1.738355}}
{"target": 0.7356687913912011, "params": {"C": 21.44152226530181, "epsilon": 1.8416255605758438, "gamma": 0.17449920344229586, "lamda": 0.3913793890243308}, "datetime": {"datetime": "2021-07-03 19:39:31", "elapsed": 2121.717698, "delta": 1.505975}}
{"target": 0.45476053932836, "params": {"C": 27.686130836110767, "epsilon": 3.922236377887317, "gamma": 0.6042852992211551, "lamda": 0.5702287637608557}, "datetime": {"datetime": "2021-07-03 19:39:35", "elapsed": 2125.659166, "delta": 3.941468}}
{"target": 0.4151486397415185, "params": {"C": 23.831148623171376, "epsilon": 1.271302882882976, "gamma": 0.6768940559040402, "lamda": 0.4378999876226387}, "datetime": {"datetime": "2021-07-03 19:39:36", "elapsed": 2127.132231, "delta": 1.473065}}
{"target": 0.46354649308333973, "params": {"C": 25.078768944103693, "epsilon": 3.723385924337413, "gamma": 0.577807639116522, "lamda": 0.1}, "datetime": {"datetime": "2021-07-03 19:39:40", "elapsed": 2130.614924, "delta": 3.482693}}
{"target": 0.3811655421947874, "params": {"C": 27.018427178006412, "epsilon": 4.979282381554299, "gamma": 0.8235593944366844, "lamda": 0.9423994486847511}, "datetime": {"datetime": "2021-07-03 19:39:44", "elapsed": 2134.579331, "delta": 3.964407}}
{"target": 0.5533727636325417, "params": {"C": 28.983704458354833, "epsilon": 5.4391010413582, "gamma": 0.4022744249249267, "lamda": 0.1}, "datetime": {"datetime": "2021-07-03 19:39:47", "elapsed": 2138.166745, "delta": 3.587414}}
{"target": 0.6472641164987403, "params": {"C": 30.0, "epsilon": 6.920885893376637, "gamma": 0.2746061268175332, "lamda": 0.7071721892464452}, "datetime": {"datetime": "2021-07-03 19:39:49", "elapsed": 2140.515469, "delta": 2.348724}}
{"target": -7.854171583825336, "params": {"C": 34.17022004702574, "epsilon": 7.482920440979423, "gamma": 0.01010179358743695, "lamda": 0.3720993153686558}, "datetime": {"datetime": "2021-07-04 09:48:58", "elapsed": 0.0, "delta": 0.0}}
{"target": -1.332606080120537, "params": {"C": 31.46755890817113, "epsilon": 1.8310473529191802, "gamma": 0.17577158812612712, "lamda": 0.411004654338743}, "datetime": {"datetime": "2021-07-04 09:49:20", "elapsed": 22.469057, "delta": 22.469057}}
{"target": 0.5655748335904621, "params": {"C": 33.9676747423067, "epsilon": 5.849350606030212, "gamma": 0.3830831178189324, "lamda": 0.7166975503570835}, "datetime": {"datetime": "2021-07-04 09:49:21", "elapsed": 22.76028, "delta": 0.291223}}
{"target": 0.43706374171169327, "params": {"C": 30.07719855984121, "epsilon": 2.456748407914266, "gamma": 0.6413384404112986, "lamda": 0.7882631730924409}, "datetime": {"datetime": "2021-07-04 09:49:21", "elapsed": 23.278895, "delta": 0.518615}}
{"target": 0.5028308147435794, "params": {"C": 34.42557317455462, "epsilon": 4.721236371406603, "gamma": 0.49754640174924697, "lamda": 0.7697814234177126}, "datetime": {"datetime": "2021-07-04 09:49:22", "elapsed": 23.725714, "delta": 0.446819}}
{"target": 0.44727160863694815, "params": {"C": 33.57552301148824, "epsilon": 5.090794270911782, "gamma": 0.6268215594293425, "lamda": 0.9678392049635741}, "datetime": {"datetime": "2021-07-04 09:49:22", "elapsed": 24.498634, "delta": 0.77292}}
{"target": 0.358800116692757, "params": {"C": 30.0, "epsilon": 4.116814937030861, "gamma": 0.9, "lamda": 1.0}, "datetime": {"datetime": "2021-07-04 09:49:23", "elapsed": 25.089056, "delta": 0.590422}}
{"target": 0.5391033008202043, "params": {"C": 31.520826072499, "epsilon": 4.491019948538497, "gamma": 0.42681165283856676, "lamda": 0.1}, "datetime": {"datetime": "2021-07-04 09:49:24", "elapsed": 25.916845, "delta": 0.827789}}
{"target": 0.3621322710254852, "params": {"C": 30.960803685107052, "epsilon": 5.810915444887494, "gamma": 0.9, "lamda": 1.0}, "datetime": {"datetime": "2021-07-04 09:49:24", "elapsed": 26.616973, "delta": 0.700128}}
{"target": -9.099814755526294, "params": {"C": 30.0, "epsilon": 5.3543874472029405, "gamma": 0.01, "lamda": 0.1}, "datetime": {"datetime": "2021-07-04 09:49:38", "elapsed": 40.580662, "delta": 13.963689}}
{"target": 0.40413466267823606, "params": {"C": 30.7940409615353, "epsilon": 3.4526635417798275, "gamma": 0.7368777957369805, "lamda": 0.64982788078431}, "datetime": {"datetime": "2021-07-04 09:49:39", "elapsed": 41.328662, "delta": 0.748}}
{"target": 0.3605603476647721, "params": {"C": 32.0127130289661, "epsilon": 4.963179819355508, "gamma": 0.9, "lamda": 1.0}, "datetime": {"datetime": "2021-07-04 09:49:40", "elapsed": 42.029788, "delta": 0.701126}}
{"target": -9.646046071627751, "params": {"C": 32.92000741628389, "epsilon": 4.053227112801207, "gamma": 0.01, "lamda": 0.1}, "datetime": {"datetime": "2021-07-04 09:49:57", "elapsed": 59.62278, "delta": 17.592992}}
{"target": 0.5538727743702563, "params": {"C": 31.635782392571734, "epsilon": 4.428259157627495, "gamma": 0.4003484658706942, "lamda": 0.2088132303672441}, "datetime": {"datetime": "2021-07-04 09:49:58", "elapsed": 60.040663, "delta": 0.417883}}
{"target": 0.36280256630026275, "params": {"C": 32.27012072680879, "epsilon": 6.2546348692070834, "gamma": 0.9, "lamda": 1.0}, "datetime": {"datetime": "2021-07-04 09:49:59", "elapsed": 60.781682, "delta": 0.741019}}
{"target": 0.36071874733246767, "params": {"C": 35.219144752969825, "epsilon": 5.533140547337783, "gamma": 0.9, "lamda": 1.0}, "datetime": {"datetime": "2021-07-04 09:49:59", "elapsed": 61.424965, "delta": 0.643283}}
{"target": -7.646258993973026, "params": {"C": 35.911698287122995, "epsilon": 4.49822111078731, "gamma": 0.01, "lamda": 1.0}, "datetime": {"datetime": "2021-07-04 09:50:18", "elapsed": 79.915555, "delta": 18.49059}}
{"target": 0.3641008761275445, "params": {"C": 31.231697384184002, "epsilon": 7.232833067121816, "gamma": 0.9, "lamda": 1.0}, "datetime": {"datetime": "2021-07-04 09:50:19", "elapsed": 81.646928, "delta": 1.731373}}
{"target": 0.3605541219398608, "params": {"C": 34.49560291332593, "epsilon": 5.430130521469353, "gamma": 0.9, "lamda": 0.1}, "datetime": {"datetime": "2021-07-04 09:50:24", "elapsed": 85.823335, "delta": 4.176407}}
{"target": 0.3497658768558325, "params": {"C": 30.0, "epsilon": 1.0, "gamma": 0.9, "lamda": 1.0}, "datetime": {"datetime": "2021-07-04 09:50:35", "elapsed": 97.554304, "delta": 11.730969}}
{"target": 0.36536518839421317, "params": {"C": 30.591816178764805, "epsilon": 8.753605203504353, "gamma": 0.9, "lamda": 1.0}, "datetime": {"datetime": "2021-07-04 09:50:36", "elapsed": 98.356161, "delta": 0.801857}}
{"target": -9.404817940607494, "params": {"C": 31.140381286569323, "epsilon": 8.380674723852092, "gamma": 0.01, "lamda": 0.1}, "datetime": {"datetime": "2021-07-04 09:50:56", "elapsed": 118.15027, "delta": 19.794109}}
{"target": 0.3657341171839307, "params": {"C": 30.0, "epsilon": 9.955946321641543, "gamma": 0.9, "lamda": 1.0}, "datetime": {"datetime": "2021-07-04 09:50:57", "elapsed": 118.93218, "delta": 0.78191}}
{"target": -7.316197582882156, "params": {"C": 30.13494009020755, "epsilon": 1.2115311625723861, "gamma": 0.034467174863853985, "lamda": 0.19812902309979236}, "datetime": {"datetime": "2021-07-04 09:51:22", "elapsed": 143.926392, "delta": 24.994212}}
{"target": 0.41965154193038057, "params": {"C": 31.225834415861343, "epsilon": 4.397292804022735, "gamma": 0.6962507534202222, "lamda": 0.9450762167984963}, "datetime": {"datetime": "2021-07-04 09:51:22", "elapsed": 144.587626, "delta": 0.661234}}
{"target": -8.494308419184842, "params": {"C": 30.0, "epsilon": 3.3377681615490626, "gamma": 0.01, "lamda": 1.0}, "datetime": {"datetime": "2021-07-04 09:51:40", "elapsed": 162.285335, "delta": 17.697709}}
{"target": 0.3766290461976448, "params": {"C": 31.657201101998524, "epsilon": 5.471285000154406, "gamma": 0.8420401155440901, "lamda": 0.24718147812318944}, "datetime": {"datetime": "2021-07-04 09:51:41", "elapsed": 163.087192, "delta": 0.801857}}
{"target": 0.36100820432978, "params": {"C": 34.33247397979528, "epsilon": 5.445128796163445, "gamma": 0.9, "lamda": 1.0}, "datetime": {"datetime": "2021-07-04 09:51:41", "elapsed": 163.638723, "delta": 0.551531}}
{"target": 0.35417675215283106, "params": {"C": 30.98870130009309, "epsilon": 2.375878331197317, "gamma": 0.9, "lamda": 1.0}, "datetime": {"datetime": "2021-07-04 09:51:42", "elapsed": 164.455536, "delta": 0.816813}}
{"target": -8.243785748623516, "params": {"C": 31.835764509768303, "epsilon": 5.742803276367566, "gamma": 0.01, "lamda": 1.0}, "datetime": {"datetime": "2021-07-04 09:52:05", "elapsed": 187.005282, "delta": 22.549746}}
{"target": 0.37444888460293, "params": {"C": 33.0606302970708, "epsilon": 5.741319994694473, "gamma": 0.8512545740520479, "lamda": 0.1550579467178688}, "datetime": {"datetime": "2021-07-04 09:52:06", "elapsed": 187.709401, "delta": 0.704119}}
{"target": 0.3570949385383039, "params": {"C": 31.66769914024057, "epsilon": 3.4375419878295204, "gamma": 0.9, "lamda": 1.0}, "datetime": {"datetime": "2021-07-04 09:52:06", "elapsed": 188.414516, "delta": 0.705115}}
{"target": 0.3626008170362037, "params": {"C": 33.27823551355553, "epsilon": 6.137304890493, "gamma": 0.9, "lamda": 1.0}, "datetime": {"datetime": "2021-07-04 09:52:07", "elapsed": 189.571424, "delta": 1.156908}}
{"target": 0.3556998703132158, "params": {"C": 31.347665825509278, "epsilon": 2.910853403414499, "gamma": 0.9, "lamda": 0.1}, "datetime": {"datetime": "2021-07-04 09:52:08", "elapsed": 190.37029, "delta": 0.798866}}
{"target": 0.36572940750300853, "params": {"C": 31.21685364132404, "epsilon": 10.0, "gamma": 0.9, "lamda": 1.0}, "datetime": {"datetime": "2021-07-04 09:52:13", "elapsed": 194.903177, "delta": 4.532887}}
{"target": 0.36571823135132686, "params": {"C": 32.6578190981603, "epsilon": 10.0, "gamma": 0.9, "lamda": 1.0}, "datetime": {"datetime": "2021-07-04 09:52:14", "elapsed": 196.482956, "delta": 1.579779}}
{"target": 0.37731722725692607, "params": {"C": 33.942054443168104, "epsilon": 9.92410971539539, "gamma": 0.8558186957067963, "lamda": 0.5329412824951857}, "datetime": {"datetime": "2021-07-04 09:52:15", "elapsed": 197.270853, "delta": 0.787897}}
{"target": 0.3655104753871733, "params": {"C": 35.18152623556542, "epsilon": 10.0, "gamma": 0.9, "lamda": 1.0}, "datetime": {"datetime": "2021-07-04 09:52:16", "elapsed": 197.888202, "delta": 0.617349}}
{"target": 0.8430590401100635, "params": {"C": 34.947834914395905, "epsilon": 9.919169142637777, "gamma": 0.08674809779153302, "lamda": 0.2581803034776889}, "datetime": {"datetime": "2021-07-04 09:52:16", "elapsed": 198.677093, "delta": 0.788891}}
{"target": 0.4943615147711591, "params": {"C": 36.10815911966351, "epsilon": 10.0, "gamma": 0.5200465355866943, "lamda": 0.1}, "datetime": {"datetime": "2021-07-04 09:52:17", "elapsed": 199.315388, "delta": 0.638295}}
{"target": -1.9311098921391605, "params": {"C": 35.913014362572596, "epsilon": 9.187597432877412, "gamma": 0.2769891070341213, "lamda": 0.9686685469896139}, "datetime": {"datetime": "2021-07-04 09:52:39", "elapsed": 221.441394, "delta": 22.126006}}
{"target": -8.564829845744558, "params": {"C": 33.584765572165274, "epsilon": 9.929786240638853, "gamma": 0.011336677920798306, "lamda": 0.884808326853992}, "datetime": {"datetime": "2021-07-04 09:53:07", "elapsed": 248.940428, "delta": 27.499034}}
{"target": 0.3969019063067556, "params": {"C": 34.92980635069493, "epsilon": 9.918421043619988, "gamma": 0.7876291507039773, "lamda": 0.13759018272354037}, "datetime": {"datetime": "2021-07-04 09:53:07", "elapsed": 249.488964, "delta": 0.548536}}
{"target": 0.35495076853033203, "params": {"C": 30.42612728655596, "epsilon": 2.6340688965391488, "gamma": 0.9, "lamda": 0.1}, "datetime": {"datetime": "2021-07-04 09:53:08", "elapsed": 250.023534, "delta": 0.53457}}
{"target": 0.35825496447441285, "params": {"C": 31.27902655476817, "epsilon": 3.900400324320699, "gamma": 0.9, "lamda": 0.1}, "datetime": {"datetime": "2021-07-04 09:53:08", "elapsed": 250.542148, "delta": 0.518614}}
{"target": 0.5623689335939519, "params": {"C": 37.528744637175706, "epsilon": 9.875073987326035, "gamma": 0.38956724399178905, "lamda": 0.18953893452496529}, "datetime": {"datetime": "2021-07-04 09:53:09", "elapsed": 251.135563, "delta": 0.593415}}
{"target": 0.3648123866407227, "params": {"C": 37.46151847901923, "epsilon": 8.801577011868881, "gamma": 0.9, "lamda": 0.1}, "datetime": {"datetime": "2021-07-04 09:53:10", "elapsed": 251.809761, "delta": 0.674198}}
{"target": 0.36519664727312695, "params": {"C": 38.57837998683302, "epsilon": 9.43347135702358, "gamma": 0.9, "lamda": 0.1}, "datetime": {"datetime": "2021-07-04 09:53:10", "elapsed": 252.542802, "delta": 0.733041}}
{"target": -7.525107847966845, "params": {"C": 38.14696563895243, "epsilon": 8.972397144242883, "gamma": 0.01, "lamda": 0.738907344859708}, "datetime": {"datetime": "2021-07-04 09:53:23", "elapsed": 264.726247, "delta": 12.183445}}
{"target": 0.3653045090803162, "params": {"C": 36.8709989920237, "epsilon": 9.577240062674992, "gamma": 0.9, "lamda": 0.1}, "datetime": {"datetime": "2021-07-04 09:53:23", "elapsed": 265.295726, "delta": 0.569479}}
