{"target": 0.7627042622537491, "params": {"C": 32.61020200304818, "epsilon": 3.0528715129041744, "gamma": 0.15875441582762545, "lamda": 0.13552297042959188}, "datetime": {"datetime": "2021-07-04 10:03:17", "elapsed": 859.628899, "delta": 1.274594}}
{"target": 0.3657711265204905, "params": {"C": 31.414905677227143, "epsilon": 9.231181451125853, "gamma": 0.899222542231341, "lamda": 0.9612792217639061}, "datetime": {"datetime": "2021-07-04 10:03:19", "elapsed": 861.234609, "delta": 1.60571}}
{"target": 0.5494987432343001, "params": {"C": 33.62143846343825, "epsilon": 6.377872425379427, "gamma": 0.409535055675405, "lamda": 0.1}, "datetime": {"datetime": "2021-07-04 10:03:21", "elapsed": 862.750558, "delta": 1.515949}}
{"target": 0.3518584584017065, "params": {"C": 33.25219086242735, "epsilon": 1.6592408832646992, "gamma": 0.9, "lamda": 0.87034130080798}, "datetime": {"datetime": "2021-07-04 10:03:22", "elapsed": 864.123888, "delta": 1.37333}}
{"target": 0.5662532784249901, "params": {"C": 38.96615957315359, "epsilon": 9.482289807752666, "gamma": 0.38288923709237105, "lamda": 0.10803732900537634}, "datetime": {"datetime": "2021-07-04 10:03:23", "elapsed": 865.280797, "delta": 1.156909}}
{"target": 0.3884406851498825, "params": {"C": 39.30630458965595, "epsilon": 9.138467618401172, "gamma": 0.8130939060475869, "lamda": 0.26078330759784474}, "datetime": {"datetime": "2021-07-04 10:03:25", "elapsed": 866.750871, "delta": 1.470074}}
{"target": 0.36229983926345, "params": {"C": 32.25580038019866, "epsilon": 5.931460175464117, "gamma": 0.9, "lamda": 0.1}, "datetime": {"datetime": "2021-07-04 10:03:26", "elapsed": 868.438359, "delta": 1.687488}}
{"target": -8.29305841889315, "params": {"C": 31.062621837053737, "epsilon": 8.012650320264987, "gamma": 0.01, "lamda": 1.0}, "datetime": {"datetime": "2021-07-04 10:03:35", "elapsed": 877.527074, "delta": 9.088715}}
{"target": -7.541931226373306, "params": {"C": 32.37274715875695, "epsilon": 8.673659235024726, "gamma": 0.010289145330615016, "lamda": 0.5408543334074399}, "datetime": {"datetime": "2021-07-04 10:03:47", "elapsed": 888.751669, "delta": 11.224595}}
{"target": 0.5017454730723501, "params": {"C": 31.555167025041115, "epsilon": 7.295410891356859, "gamma": 0.5041961303701654, "lamda": 0.5863741961296847}, "datetime": {"datetime": "2021-07-04 10:03:48", "elapsed": 890.218749, "delta": 1.46708}}
{"target": 0.3655539906382619, "params": {"C": 33.33424477277108, "epsilon": 9.250616330848121, "gamma": 0.9, "lamda": 1.0}, "datetime": {"datetime": "2021-07-04 10:03:50", "elapsed": 891.743675, "delta": 1.524926}}
{"target": 0.5120710642164648, "params": {"C": 34.26906628445634, "epsilon": 5.976730856408655, "gamma": 0.480205377830509, "lamda": 0.9483442888722357}, "datetime": {"datetime": "2021-07-04 10:03:51", "elapsed": 892.937485, "delta": 1.19381}}
{"target": 0.3491371709600958, "params": {"C": 37.764570469749714, "epsilon": 1.0, "gamma": 0.9, "lamda": 1.0}, "datetime": {"datetime": "2021-07-04 10:03:52", "elapsed": 894.348724, "delta": 1.411239}}
{"target": 0.44054628084199143, "params": {"C": 37.85292649715324, "epsilon": 3.1510179005321883, "gamma": 0.6340156170776678, "lamda": 0.2534120453700831}, "datetime": {"datetime": "2021-07-04 10:03:53", "elapsed": 895.555488, "delta": 1.206764}}
{"target": 0.5989821477351794, "params": {"C": 38.73570709825995, "epsilon": 4.507985285506657, "gamma": 0.33017186416014604, "lamda": 0.8750508688735597}, "datetime": {"datetime": "2021-07-04 10:03:55", "elapsed": 896.808141, "delta": 1.252653}}
{"target": 0.5832075758272137, "params": {"C": 35.962273713702785, "epsilon": 8.703047572349547, "gamma": 0.35612090991416134, "lamda": 0.19948386499288998}, "datetime": {"datetime": "2021-07-04 10:03:56", "elapsed": 898.05481, "delta": 1.246669}}
{"target": 0.3692450760170589, "params": {"C": 38.454768447323005, "epsilon": 4.59233129310709, "gamma": 0.8585743378036466, "lamda": 0.37868264903032245}, "datetime": {"datetime": "2021-07-04 10:03:58", "elapsed": 900.003616, "delta": 1.948806}}
{"target": 0.622445863424486, "params": {"C": 34.82924453186409, "epsilon": 6.573613925238819, "gamma": 0.3033267402085986, "lamda": 0.2230473519618611}, "datetime": {"datetime": "2021-07-04 10:03:59", "elapsed": 901.212374, "delta": 1.208758}}
{"target": 0.36631993355230497, "params": {"C": 35.43389672866212, "epsilon": 8.337814075794228, "gamma": 0.8930028277990937, "lamda": 0.10946150742192512}, "datetime": {"datetime": "2021-07-04 10:04:01", "elapsed": 902.772206, "delta": 1.559832}}
{"target": 0.3808265916101261, "params": {"C": 39.01100021609669, "epsilon": 5.017809757724472, "gamma": 0.8212253615499163, "lamda": 0.9867687661255402}, "datetime": {"datetime": "2021-07-04 10:04:02", "elapsed": 904.303114, "delta": 1.530908}}
{"target": 0.38732506931588107, "params": {"C": 34.775993403427144, "epsilon": 6.767977975351303, "gamma": 0.8128567628062096, "lamda": 0.1183657399649759}, "datetime": {"datetime": "2021-07-04 10:04:04", "elapsed": 906.380563, "delta": 2.077449}}
{"target": 0.4069056349924731, "params": {"C": 34.67601707684486, "epsilon": 6.142090794225783, "gamma": 0.7416529172236859, "lamda": 0.1831709896819368}, "datetime": {"datetime": "2021-07-04 10:04:06", "elapsed": 907.959345, "delta": 1.578782}}
{"target": 0.5817939661608162, "params": {"C": 38.85863916182066, "epsilon": 5.865675588261035, "gamma": 0.35596821949469964, "lamda": 1.0}, "datetime": {"datetime": "2021-07-04 10:04:07", "elapsed": 909.577021, "delta": 1.617676}}
{"target": 0.36495500415139404, "params": {"C": 30.888475447600364, "epsilon": 8.131133885772156, "gamma": 0.9, "lamda": 0.5134305568123139}, "datetime": {"datetime": "2021-07-04 10:04:09", "elapsed": 911.270499, "delta": 1.693478}}
{"target": -2.1637442460269307, "params": {"C": 31.538222350329637, "epsilon": 7.648022006001417, "gamma": 0.08869122262073982, "lamda": 0.8814463796803491}, "datetime": {"datetime": "2021-07-04 10:04:17", "elapsed": 918.703635, "delta": 7.433136}}
{"target": 0.782220452101978, "params": {"C": 31.3564290692574, "epsilon": 7.485571069927443, "gamma": 0.14088733277198212, "lamda": 0.9401840209548109}, "datetime": {"datetime": "2021-07-04 10:04:19", "elapsed": 921.0374, "delta": 2.333765}}
{"target": -1.7027315560407472, "params": {"C": 31.625449296896477, "epsilon": 7.473146841448338, "gamma": 0.22777781809367934, "lamda": 0.9741950040944048}, "datetime": {"datetime": "2021-07-04 10:04:30", "elapsed": 931.772713, "delta": 10.735313}}
{"target": 0.5593387704919099, "params": {"C": 38.99492948563181, "epsilon": 4.4537078209558185, "gamma": 0.3906112947475908, "lamda": 0.3716491025978893}, "datetime": {"datetime": "2021-07-04 10:04:31", "elapsed": 933.087202, "delta": 1.314489}}
{"target": 0.7404536223509155, "params": {"C": 30.735665360698327, "epsilon": 6.7040977899942265, "gamma": 0.17864408861284495, "lamda": 0.6891220514948976}, "datetime": {"datetime": "2021-07-04 10:04:33", "elapsed": 935.283332, "delta": 2.19613}}
{"target": -2.7649825008068056, "params": {"C": 32.951154569681385, "epsilon": 7.920776968619695, "gamma": 0.08027526817998508, "lamda": 0.2717862793668194}, "datetime": {"datetime": "2021-07-04 10:04:40", "elapsed": 942.618731, "delta": 7.335399}}
{"target": -1.6911214862238868, "params": {"C": 31.454731261859404, "epsilon": 7.886884635645718, "gamma": 0.23885920892992002, "lamda": 0.9403339100080995}, "datetime": {"datetime": "2021-07-04 10:04:48", "elapsed": 950.501667, "delta": 7.882936}}
{"target": 0.5820246954181799, "params": {"C": 30.17643684709104, "epsilon": 5.6526020262906025, "gamma": 0.35848835780713995, "lamda": 0.8485037334495419}, "datetime": {"datetime": "2021-07-04 10:04:50", "elapsed": 951.828124, "delta": 1.326457}}
{"target": -2.3719190290163383, "params": {"C": 39.6344091089508, "epsilon": 7.992349544853001, "gamma": 0.17261030601366112, "lamda": 0.7987327332706359}, "datetime": {"datetime": "2021-07-04 10:05:00", "elapsed": 962.647213, "delta": 10.819089}}
{"target": 0.7409208259844524, "params": {"C": 30.515641429600585, "epsilon": 6.686153264297131, "gamma": 0.1782090425094724, "lamda": 0.9875028565420846}, "datetime": {"datetime": "2021-07-04 10:05:03", "elapsed": 964.816417, "delta": 2.169204}}
{"target": 0.6891236117063062, "params": {"C": 31.586515085685285, "epsilon": 8.030098126589177, "gamma": 0.22805540392962467, "lamda": 0.5404525989905794}, "datetime": {"datetime": "2021-07-04 10:05:04", "elapsed": 966.172793, "delta": 1.356376}}
{"target": 0.36742159014675857, "params": {"C": 30.037347210884104, "epsilon": 7.2266870692393885, "gamma": 0.8874978423876345, "lamda": 0.9665381849597744}, "datetime": {"datetime": "2021-07-04 10:05:05", "elapsed": 967.480298, "delta": 1.307505}}
{"target": 0.850800544962186, "params": {"C": 30.877711752297603, "epsilon": 4.039456890728176, "gamma": 0.07807032227048634, "lamda": 0.6475125295768253}, "datetime": {"datetime": "2021-07-04 10:05:07", "elapsed": 968.865598, "delta": 1.3853}}
{"target": -8.507938544872472, "params": {"C": 30.500314136873993, "epsilon": 6.859787549984558, "gamma": 0.044170437495109016, "lamda": 0.8269446368956102}, "datetime": {"datetime": "2021-07-04 10:05:14", "elapsed": 976.416421, "delta": 7.550823}}
{"target": -3.8584095474718536, "params": {"C": 31.081761656369732, "epsilon": 7.183832201077107, "gamma": 0.06722905552429785, "lamda": 0.6513090766617243}, "datetime": {"datetime": "2021-07-04 10:05:21", "elapsed": 983.148432, "delta": 6.732011}}
{"target": 0.6225749120699158, "params": {"C": 33.0983390654047, "epsilon": 8.416591361108974, "gamma": 0.30469611770602434, "lamda": 0.4373300099317128}, "datetime": {"datetime": "2021-07-04 10:05:22", "elapsed": 984.461922, "delta": 1.31349}}
{"target": 0.6635982197374477, "params": {"C": 31.02517300606664, "epsilon": 7.242197679678858, "gamma": 0.25618277519655475, "lamda": 0.6060818408939317}, "datetime": {"datetime": "2021-07-04 10:05:25", "elapsed": 986.784715, "delta": 2.322793}}
{"target": -1.3752133551292465, "params": {"C": 34.39682377648608, "epsilon": 3.721870811239964, "gamma": 0.16291029224540468, "lamda": 0.39754163368124795}, "datetime": {"datetime": "2021-07-04 10:05:37", "elapsed": 999.165632, "delta": 12.380917}}
{"target": -1.7429820883014404, "params": {"C": 31.210877928332366, "epsilon": 7.328614683698973, "gamma": 0.2338468600123351, "lamda": 0.773080377784521}, "datetime": {"datetime": "2021-07-04 10:05:48", "elapsed": 1009.98572, "delta": 10.820088}}
{"target": 0.6700621708943147, "params": {"C": 36.84736682173193, "epsilon": 9.990946313109204, "gamma": 0.24749753943827058, "lamda": 0.38981604635579203}, "datetime": {"datetime": "2021-07-04 10:05:50", "elapsed": 1012.613699, "delta": 2.627979}}
{"target": -2.178118456999967, "params": {"C": 31.389065849724208, "epsilon": 7.585123950141863, "gamma": 0.18634976015779375, "lamda": 0.9153279227835134}, "datetime": {"datetime": "2021-07-04 10:06:02", "elapsed": 1024.17281, "delta": 11.559111}}
{"target": 0.8153036265877531, "params": {"C": 39.68994805661958, "epsilon": 9.725206790334497, "gamma": 0.11347813290546317, "lamda": 0.4093366820473471}, "datetime": {"datetime": "2021-07-04 10:06:03", "elapsed": 1025.470344, "delta": 1.297534}}
{"target": 0.7541244477971931, "params": {"C": 38.692337200773146, "epsilon": 4.603891167446131, "gamma": 0.16615046073416953, "lamda": 0.6061341498706103}, "datetime": {"datetime": "2021-07-04 10:06:05", "elapsed": 1026.84168, "delta": 1.371336}}
{"target": -3.2207138697742117, "params": {"C": 38.90471537111453, "epsilon": 6.390185532188663, "gamma": 0.07918948542365845, "lamda": 0.5824182243461291}, "datetime": {"datetime": "2021-07-04 10:06:12", "elapsed": 1033.937718, "delta": 7.096038}}
{"target": 0.6800080597412617, "params": {"C": 30.981599737618346, "epsilon": 7.201122510423215, "gamma": 0.2377469951879021, "lamda": 0.7485197238555161}, "datetime": {"datetime": "2021-07-04 10:06:14", "elapsed": 1036.463969, "delta": 2.526251}}
{"target": 0.6914155384270062, "params": {"C": 38.89891505652483, "epsilon": 6.312332891542041, "gamma": 0.2236440767825813, "lamda": 0.5008142678124912}, "datetime": {"datetime": "2021-07-04 10:06:17", "elapsed": 1038.872532, "delta": 2.408563}}
{"target": 0.36315222236999123, "params": {"C": 33.961702174388556, "epsilon": 1.981556938768787, "gamma": 0.8608245839234822, "lamda": 0.5909767654281497}, "datetime": {"datetime": "2021-07-04 10:06:18", "elapsed": 1040.353574, "delta": 1.481042}}
{"target": 0.5203706585515296, "params": {"C": 31.95709155927381, "epsilon": 6.7515774303212375, "gamma": 0.46447751725744046, "lamda": 0.5144235568451646}, "datetime": {"datetime": "2021-07-04 10:06:20", "elapsed": 1041.715934, "delta": 1.36236}}
{"target": 0.49346257863698184, "params": {"C": 37.75103508409435, "epsilon": 1.9121025438953545, "gamma": 0.5085647760555462, "lamda": 0.23303901669411917}, "datetime": {"datetime": "2021-07-04 10:06:21", "elapsed": 1043.086273, "delta": 1.370339}}
{"target": -4.149983524011719, "params": {"C": 39.34963421735238, "epsilon": 5.476314760179495, "gamma": 0.06076408260033168, "lamda": 0.38389722846947116}, "datetime": {"datetime": "2021-07-04 10:06:28", "elapsed": 1049.9619, "delta": 6.875627}}
{"target": 0.5377804448509698, "params": {"C": 35.42796304141541, "epsilon": 5.94657777916707, "gamma": 0.4295523388458002, "lamda": 0.7733384476323547}, "datetime": {"datetime": "2021-07-04 10:06:30", "elapsed": 1052.59287, "delta": 2.63097}}
{"target": 0.7222398633335303, "params": {"C": 38.96774573423582, "epsilon": 6.2160979874328595, "gamma": 0.19413456797761852, "lamda": 0.6530279196324543}, "datetime": {"datetime": "2021-07-04 10:06:33", "elapsed": 1055.402362, "delta": 2.809492}}
{"target": 0.3743629774812136, "params": {"C": 39.34134410154566, "epsilon": 1.0244913395786746, "gamma": 0.810868086557554, "lamda": 0.42743504782329367}, "datetime": {"datetime": "2021-07-04 10:06:37", "elapsed": 1058.722569, "delta": 3.320207}}
{"target": 0.4211206702267306, "params": {"C": 34.48004277233351, "epsilon": 8.116633475228031, "gamma": 0.7058219230260453, "lamda": 0.4238206411574015}, "datetime": {"datetime": "2021-07-04 10:06:38", "elapsed": 1060.294368, "delta": 1.571799}}
{"target": 0.35754068274965445, "params": {"C": 33.20642922891532, "epsilon": 1.6443104075671224, "gamma": 0.8789844457165324, "lamda": 0.8264397554967812}, "datetime": {"datetime": "2021-07-04 10:06:40", "elapsed": 1061.929998, "delta": 1.63563}}
{"target": 0.5069023741454588, "params": {"C": 36.79314616340442, "epsilon": 4.38986204712757, "gamma": 0.48689908424792994, "lamda": 0.7347623486986153}, "datetime": {"datetime": "2021-07-04 10:06:41", "elapsed": 1063.372143, "delta": 1.442145}}
{"target": 0.6305326889586389, "params": {"C": 38.774681146357175, "epsilon": 4.527404572639289, "gamma": 0.2908261328827147, "lamda": 0.6875012382394032}, "datetime": {"datetime": "2021-07-04 10:06:47", "elapsed": 1069.159679, "delta": 5.787536}}
{"target": 0.7141554589024837, "params": {"C": 31.559493112649836, "epsilon": 8.002139712637504, "gamma": 0.20328920031663025, "lamda": 0.5447838991773819}, "datetime": {"datetime": "2021-07-04 10:06:48", "elapsed": 1070.670641, "delta": 1.510962}}
{"target": 0.8038296007520531, "params": {"C": 30.84291658039002, "epsilon": 6.664102878578364, "gamma": 0.1219959556796752, "lamda": 0.7889123364353876}, "datetime": {"datetime": "2021-07-04 10:06:54", "elapsed": 1076.200864, "delta": 5.530223}}
{"target": 0.7177559714454924, "params": {"C": 30.671801224201374, "epsilon": 6.553432516504483, "gamma": 0.19990439391718795, "lamda": 0.8728494492979498}, "datetime": {"datetime": "2021-07-04 10:06:57", "elapsed": 1079.237749, "delta": 3.036885}}
{"target": 0.7473642038429831, "params": {"C": 38.81354878291633, "epsilon": 6.245643087308475, "gamma": 0.17183047279191038, "lamda": 0.6123380362827401}, "datetime": {"datetime": "2021-07-04 10:07:00", "elapsed": 1082.369381, "delta": 3.131632}}
{"target": 0.65255117283531, "params": {"C": 38.83378245802074, "epsilon": 4.537132553393944, "gamma": 0.26504124141178637, "lamda": 0.48234321378120326}, "datetime": {"datetime": "2021-07-04 10:07:03", "elapsed": 1085.014315, "delta": 2.644934}}
{"target": -9.050420134217681, "params": {"C": 23.25106601410772, "epsilon": 6.440648986884316, "gamma": 0.0400022874963469, "lamda": 0.4209330290527359}, "datetime": {"datetime": "2021-07-04 10:27:57", "elapsed": 0.0, "delta": 0.0}}
{"target": -7.763121013060829, "params": {"C": 22.440267672451338, "epsilon": 5.184677189537595, "gamma": 0.04372520422755342, "lamda": 0.4382242908172191}, "datetime": {"datetime": "2021-07-04 10:28:30", "elapsed": 32.120137, "delta": 32.120137}}
{"target": -7.8663016420501215, "params": {"C": 23.19030242269201, "epsilon": 6.077633468006714, "gamma": 0.048383890288065896, "lamda": 0.5740878001587038}, "datetime": {"datetime": "2021-07-04 10:29:00", "elapsed": 62.697617, "delta": 30.57748}}
{"target": -7.24461554635225, "params": {"C": 22.023159567952362, "epsilon": 5.323721868425393, "gamma": 0.05418738068339997, "lamda": 0.6058947435966404}, "datetime": {"datetime": "2021-07-04 10:29:47", "elapsed": 109.723256, "delta": 47.025639}}
{"target": -7.08061837633168, "params": {"C": 23.327671952366387, "epsilon": 5.826941415868134, "gamma": 0.05095609891571341, "lamda": 0.5976806326300945}, "datetime": {"datetime": "2021-07-04 10:30:14", "elapsed": 136.488285, "delta": 26.765029}}
{"target": 0.8625469806519663, "params": {"C": 23.870157058835762, "epsilon": 5.44644907320275, "gamma": 0.059181892940463644, "lamda": 0.6218740059880001}, "datetime": {"datetime": "2021-07-04 10:30:15", "elapsed": 137.664193, "delta": 1.175908}}
{"target": -5.839307062255105, "params": {"C": 22.063618820957885, "epsilon": 6.615762479253442, "gamma": 0.059297110822063764, "lamda": 0.5808292108974382}, "datetime": {"datetime": "2021-07-04 10:30:39", "elapsed": 161.14129, "delta": 23.477097}}
{"target": -7.609992636716095, "params": {"C": 23.861763367878115, "epsilon": 5.440387209064126, "gamma": 0.051536973750255614, "lamda": 0.6151172474654554}, "datetime": {"datetime": "2021-07-04 10:31:03", "elapsed": 185.758271, "delta": 24.616981}}
{"target": 0.8640179983645686, "params": {"C": 24.98590062390559, "epsilon": 5.650345011765422, "gamma": 0.05633731965978836, "lamda": 0.3178535828884071}, "datetime": {"datetime": "2021-07-04 10:31:04", "elapsed": 186.482413, "delta": 0.724142}}
{"target": 0.8640693585479271, "params": {"C": 24.943693881935694, "epsilon": 5.5408346569621445, "gamma": 0.05617570036139536, "lamda": 0.47862373285153137}, "datetime": {"datetime": "2021-07-04 10:31:05", "elapsed": 187.048804, "delta": 0.566391}}
{"target": -7.197243632171446, "params": {"C": 22.974627284197037, "epsilon": 6.271562832371588, "gamma": 0.04801010218721835, "lamda": 0.6006219199658418}, "datetime": {"datetime": "2021-07-04 10:31:29", "elapsed": 211.495494, "delta": 24.44669}}
{"target": -7.099735774442932, "params": {"C": 22.917733662011333, "epsilon": 6.353306608026053, "gamma": 0.05102763456549961, "lamda": 0.4263430671417132}, "datetime": {"datetime": "2021-07-04 10:32:04", "elapsed": 246.061545, "delta": 34.566051}}
{"target": -8.063713760209275, "params": {"C": 23.191553592461858, "epsilon": 5.388355792838386, "gamma": 0.04105711953930885, "lamda": 0.437980812473176}, "datetime": {"datetime": "2021-07-04 10:32:15", "elapsed": 257.12237, "delta": 11.060825}}
{"target": 0.8645595642820433, "params": {"C": 22.028390956475857, "epsilon": 6.100408466915476, "gamma": 0.043239765526134476, "lamda": 0.4911196796689782}, "datetime": {"datetime": "2021-07-04 10:32:15", "elapsed": 257.876639, "delta": 0.754269}}
{"target": -7.781997385462832, "params": {"C": 22.99705799578907, "epsilon": 5.969585013027256, "gamma": 0.04833652617376658, "lamda": 0.6283321116632674}, "datetime": {"datetime": "2021-07-04 10:32:35", "elapsed": 277.722438, "delta": 19.845799}}
{"target": -4.3004943380206315, "params": {"C": 22.70217122260321, "epsilon": 5.894003711357454, "gamma": 0.05100219426090833, "lamda": 0.6796730749704042}, "datetime": {"datetime": "2021-07-04 10:32:47", "elapsed": 289.769332, "delta": 12.046894}}
{"target": -7.418785068345473, "params": {"C": 22.353613189549215, "epsilon": 6.101062191553357, "gamma": 0.04982930280918507, "lamda": 0.35838422433152434}, "datetime": {"datetime": "2021-07-04 10:33:34", "elapsed": 336.299218, "delta": 46.529886}}
{"target": -8.072609068637334, "params": {"C": 22.788160626049027, "epsilon": 5.043667710623067, "gamma": 0.043349396058224784, "lamda": 0.5566511881685914}, "datetime": {"datetime": "2021-07-04 10:34:04", "elapsed": 366.925845, "delta": 30.626627}}
{"target": 0.8651997013283763, "params": {"C": 22.58824389928983, "epsilon": 5.800738226382676, "gamma": 0.050306568527133555, "lamda": 0.32803445579952323}, "datetime": {"datetime": "2021-07-04 10:34:05", "elapsed": 367.383923, "delta": 0.458078}}
{"target": 0.8635581517531581, "params": {"C": 22.542365559033147, "epsilon": 5.543542588989159, "gamma": 0.056070812353039, "lamda": 0.559215417437352}, "datetime": {"datetime": "2021-07-04 10:34:05", "elapsed": 367.923297, "delta": 0.539374}}
{"target": -6.823789832039385, "params": {"C": 22.401138933236332, "epsilon": 6.01569721719754, "gamma": 0.057782066442136626, "lamda": 0.5268656371953613}, "datetime": {"datetime": "2021-07-04 10:34:30", "elapsed": 392.416087, "delta": 24.49279}}
{"target": -8.097450368116837, "params": {"C": 22.45491041625875, "epsilon": 5.408528241819844, "gamma": 0.053449512819917167, "lamda": 0.6499247443391489}, "datetime": {"datetime": "2021-07-04 10:34:42", "elapsed": 404.625295, "delta": 12.209208}}
{"target": -8.15105965593941, "params": {"C": 24.454125847035012, "epsilon": 5.327053424153904, "gamma": 0.04030066434997907, "lamda": 0.3643954834376179}, "datetime": {"datetime": "2021-07-04 10:34:51", "elapsed": 413.50663, "delta": 8.881335}}
