{"target": -7.417029566067264, "params": {"C": 23.01531886848841, "epsilon": 6.04030165845329, "gamma": 0.045624694823229964, "lamda": 0.5940231888633892}, "datetime": {"datetime": "2021-07-04 10:55:39", "elapsed": 1661.465607, "delta": 12.288549}}
{"target": 0.8634142139790052, "params": {"C": 22.71067133144579, "epsilon": 5.60758742456422, "gamma": 0.056526997169382434, "lamda": 0.5835632513141324}, "datetime": {"datetime": "2021-07-04 10:55:40", "elapsed": 1662.241293, "delta": 0.775686}}
{"target": 0.8619953616848501, "params": {"C": 23.084887226508144, "epsilon": 5.235300793352424, "gamma": 0.05982446887034233, "lamda": 0.3143559211422989}, "datetime": {"datetime": "2021-07-04 10:55:41", "elapsed": 1663.107641, "delta": 0.866348}}
{"target": 0.8648407633515481, "params": {"C": 23.750428562754273, "epsilon": 5.332967400886535, "gamma": 0.04418977184796545, "lamda": 0.644266736201354}, "datetime": {"datetime": "2021-07-04 10:55:41", "elapsed": 1663.998035, "delta": 0.890394}}
{"target": -6.563030692106852, "params": {"C": 22.843277862952004, "epsilon": 6.740085550138104, "gamma": 0.05992874425389695, "lamda": 0.5394445509291431}, "datetime": {"datetime": "2021-07-04 10:56:03", "elapsed": 1685.631765, "delta": 21.63373}}
{"target": 0.864841372634128, "params": {"C": 23.79337008140608, "epsilon": 6.807699108780455, "gamma": 0.044566863074183456, "lamda": 0.3462827105002728}, "datetime": {"datetime": "2021-07-04 10:56:04", "elapsed": 1686.625224, "delta": 0.993459}}
{"target": -7.27299311421833, "params": {"C": 22.560842343047288, "epsilon": 5.811838144678507, "gamma": 0.044423937253917516, "lamda": 0.4805406671140652}, "datetime": {"datetime": "2021-07-04 10:56:19", "elapsed": 1701.199125, "delta": 14.573901}}
{"target": 0.8638771085239801, "params": {"C": 23.15644158159811, "epsilon": 5.907308532654861, "gamma": 0.055660219181076255, "lamda": 0.3913692047384072}, "datetime": {"datetime": "2021-07-04 10:56:20", "elapsed": 1702.137784, "delta": 0.938659}}
{"target": -7.1445174518044645, "params": {"C": 22.3629216667289, "epsilon": 5.224441422433872, "gamma": 0.05063019901660039, "lamda": 0.3189667531450096}, "datetime": {"datetime": "2021-07-04 10:56:35", "elapsed": 1717.924859, "delta": 15.787075}}
{"target": -6.734797550523406, "params": {"C": 22.168130549535263, "epsilon": 5.992309993621674, "gamma": 0.05361605274801416, "lamda": 0.5317986765771747}, "datetime": {"datetime": "2021-07-04 10:57:18", "elapsed": 1760.265548, "delta": 42.340689}}
{"target": 0.8650261626040777, "params": {"C": 23.45899914733147, "epsilon": 5.956165148305766, "gamma": 0.04171168319326809, "lamda": 0.6501819307194172}, "datetime": {"datetime": "2021-07-04 10:57:19", "elapsed": 1761.816959, "delta": 1.551411}}
{"target": -7.519463959036914, "params": {"C": 23.958519169616935, "epsilon": 6.7982455827321, "gamma": 0.051556564387290775, "lamda": 0.4781581749092716}, "datetime": {"datetime": "2021-07-04 10:57:45", "elapsed": 1787.495453, "delta": 25.678494}}
{"target": -7.25767901119918, "params": {"C": 22.3172655202555, "epsilon": 6.616843440029163, "gamma": 0.05455612166560171, "lamda": 0.3031120599157138}, "datetime": {"datetime": "2021-07-04 10:58:01", "elapsed": 1803.588726, "delta": 16.093273}}
{"target": 0.8622874206355299, "params": {"C": 22.677943841535082, "epsilon": 5.1840350114518925, "gamma": 0.059061636894562244, "lamda": 0.39133586642894125}, "datetime": {"datetime": "2021-07-04 10:58:02", "elapsed": 1804.626522, "delta": 1.037796}}
{"target": 0.8640634322493148, "params": {"C": 22.890242890589754, "epsilon": 6.044382610739756, "gamma": 0.05507593451989734, "lamda": 0.4709229869951788}, "datetime": {"datetime": "2021-07-04 10:58:03", "elapsed": 1805.96891, "delta": 1.342388}}
{"target": -8.375822744626829, "params": {"C": 24.725930105152685, "epsilon": 6.561960364606509, "gamma": 0.046229600840538856, "lamda": 0.3790616695798841}, "datetime": {"datetime": "2021-07-04 10:58:22", "elapsed": 1824.235496, "delta": 18.266586}}
{"target": 0.8636522111359752, "params": {"C": 24.796966269540484, "epsilon": 5.567777581447114, "gamma": 0.05708569083849874, "lamda": 0.6503436339952677}, "datetime": {"datetime": "2021-07-04 10:58:24", "elapsed": 1826.077002, "delta": 1.841506}}
{"target": 0.8641159296796381, "params": {"C": 23.81673399833729, "epsilon": 6.199141312931043, "gamma": 0.05564515144823247, "lamda": 0.6945334832593574}, "datetime": {"datetime": "2021-07-04 10:58:26", "elapsed": 1828.041805, "delta": 1.964803}}
{"target": 0.8638407148847119, "params": {"C": 22.190514277183418, "epsilon": 5.028162011529928, "gamma": 0.05502252265699617, "lamda": 0.5097920347725017}, "datetime": {"datetime": "2021-07-04 10:58:28", "elapsed": 1830.567091, "delta": 2.525286}}
{"target": -7.138768359794296, "params": {"C": 24.158136720293356, "epsilon": 5.543561659275936, "gamma": 0.04773431281718431, "lamda": 0.6526095614212786}, "datetime": {"datetime": "2021-07-04 10:58:40", "elapsed": 1842.311099, "delta": 11.744008}}
{"target": 0.8646053497645957, "params": {"C": 22.23138161578838, "epsilon": 5.31705674136984, "gamma": 0.04372046885094744, "lamda": 0.447408850695335}, "datetime": {"datetime": "2021-07-04 10:58:41", "elapsed": 1843.805995, "delta": 1.494896}}
{"target": -8.77944641471185, "params": {"C": 24.526912265500346, "epsilon": 5.063572783664024, "gamma": 0.04036665721679497, "lamda": 0.686379615724461}, "datetime": {"datetime": "2021-07-04 10:58:56", "elapsed": 1858.636581, "delta": 14.830586}}
{"target": 0.8639899182606615, "params": {"C": 24.424887310657304, "epsilon": 5.606049353628751, "gamma": 0.056158514223379974, "lamda": 0.6786582782165003}, "datetime": {"datetime": "2021-07-04 10:58:57", "elapsed": 1859.66936, "delta": 1.032779}}
{"target": 0.8646617653737448, "params": {"C": 22.70033037798036, "epsilon": 5.106973381360805, "gamma": 0.04546579244584582, "lamda": 0.3461948659552083}, "datetime": {"datetime": "2021-07-04 10:58:59", "elapsed": 1861.966776, "delta": 2.297416}}
{"target": -7.471020810074071, "params": {"C": 24.296511174280944, "epsilon": 6.153453833491376, "gamma": 0.051620204276235065, "lamda": 0.34333650748685474}, "datetime": {"datetime": "2021-07-04 10:59:19", "elapsed": 1881.360792, "delta": 19.394016}}
{"target": 0.8647340542423714, "params": {"C": 23.024867780487845, "epsilon": 6.322713342841359, "gamma": 0.04446632360449978, "lamda": 0.35282395524475385}, "datetime": {"datetime": "2021-07-04 10:59:20", "elapsed": 1882.563025, "delta": 1.202233}}
{"target": -4.121048324785758, "params": {"C": 24.023018579135968, "epsilon": 5.469158928218897, "gamma": 0.054741474424429615, "lamda": 0.4711657448446982}, "datetime": {"datetime": "2021-07-04 10:59:39", "elapsed": 1901.809761, "delta": 19.246736}}
{"target": -6.876621602324765, "params": {"C": 22.855546252872376, "epsilon": 5.904918798123553, "gamma": 0.05054089142942309, "lamda": 0.6797705614302606}, "datetime": {"datetime": "2021-07-04 11:00:05", "elapsed": 1927.512767, "delta": 25.703006}}
{"target": -3.8070683415764712, "params": {"C": 24.774033158750747, "epsilon": 5.277325510259401, "gamma": 0.059857730474345935, "lamda": 0.5830729931193905}, "datetime": {"datetime": "2021-07-04 11:00:22", "elapsed": 1944.124745, "delta": 16.611978}}
{"target": -7.603358610184644, "params": {"C": 22.885901488521903, "epsilon": 6.722032250187423, "gamma": 0.05038474499769709, "lamda": 0.48041617770440026}, "datetime": {"datetime": "2021-07-04 11:00:38", "elapsed": 1960.432254, "delta": 16.307509}}
{"target": 0.8650619978647244, "params": {"C": 23.954405635320626, "epsilon": 5.324458021837474, "gamma": 0.04119327430339351, "lamda": 0.4987982491321881}, "datetime": {"datetime": "2021-07-04 11:00:39", "elapsed": 1961.566854, "delta": 1.1346}}
{"target": -6.418843964947333, "params": {"C": 22.097636973608697, "epsilon": 5.734848579590141, "gamma": 0.05307330963883241, "lamda": 0.6192991633508984}, "datetime": {"datetime": "2021-07-04 11:03:22", "elapsed": 2124.745274, "delta": 163.17842}}
{"target": 0.8633666663971146, "params": {"C": 22.020340548678686, "epsilon": 6.152271092552748, "gamma": 0.05641911237076345, "lamda": 0.6576778594180348}, "datetime": {"datetime": "2021-07-04 11:03:24", "elapsed": 2126.283631, "delta": 1.538357}}
{"target": -6.933154923333169, "params": {"C": 22.810009591059348, "epsilon": 6.576149508354924, "gamma": 0.05614741337445855, "lamda": 0.57920916139736}, "datetime": {"datetime": "2021-07-04 11:04:08", "elapsed": 2170.429109, "delta": 44.145478}}
{"target": 0.8629867679576262, "params": {"C": 22.14217521622225, "epsilon": 5.716622658632867, "gamma": 0.057289880300502735, "lamda": 0.4038974064120371}, "datetime": {"datetime": "2021-07-04 11:04:11", "elapsed": 2173.951859, "delta": 3.52275}}
{"target": -6.107738640049084, "params": {"C": 23.35227884855564, "epsilon": 6.677519844379961, "gamma": 0.05715262901949881, "lamda": 0.3648469559294426}, "datetime": {"datetime": "2021-07-04 11:04:57", "elapsed": 2219.066854, "delta": 45.114995}}
{"target": 0.8656913321810117, "params": {"C": 24.8400544828069, "epsilon": 5.648246596301939, "gamma": 0.047760783831473703, "lamda": 0.3373536624654521}, "datetime": {"datetime": "2021-07-04 11:04:58", "elapsed": 2220.586817, "delta": 1.519963}}
{"target": 0.8653536718231961, "params": {"C": 23.479033081025058, "epsilon": 6.131471095020492, "gamma": 0.046669948082380855, "lamda": 0.31369683579454716}, "datetime": {"datetime": "2021-07-04 11:05:01", "elapsed": 2223.129364, "delta": 2.542547}}
{"target": 0.863393710114443, "params": {"C": 24.27508886243774, "epsilon": 6.547227298644933, "gamma": 0.05760024412035292, "lamda": 0.3664736248926332}, "datetime": {"datetime": "2021-07-04 11:05:04", "elapsed": 2226.450643, "delta": 3.321279}}
{"target": -6.676158189234161, "params": {"C": 23.643520679053992, "epsilon": 5.948611713456839, "gamma": 0.050883378226623345, "lamda": 0.3375289790133207}, "datetime": {"datetime": "2021-07-04 11:05:21", "elapsed": 2243.29317, "delta": 16.842527}}
{"target": 0.8653814406950295, "params": {"C": 22.576566028735044, "epsilon": 6.011336203735773, "gamma": 0.048212183353754434, "lamda": 0.3529803939389268}, "datetime": {"datetime": "2021-07-04 11:05:22", "elapsed": 2244.344681, "delta": 1.051511}}
{"target": 0.8650859566797273, "params": {"C": 23.48225767492612, "epsilon": 6.951355253556341, "gamma": 0.043423190089570816, "lamda": 0.4383116094446163}, "datetime": {"datetime": "2021-07-04 11:05:23", "elapsed": 2245.706838, "delta": 1.362157}}
{"target": 0.8646586138885526, "params": {"C": 22.529098820601057, "epsilon": 6.374018719592479, "gamma": 0.04431782219819727, "lamda": 0.6011937167727994}, "datetime": {"datetime": "2021-07-04 11:05:25", "elapsed": 2247.312312, "delta": 1.605474}}
{"target": 0.8653565677813357, "params": {"C": 24.401109226729943, "epsilon": 6.758116103807763, "gamma": 0.046283780406888686, "lamda": 0.4239913157069847}, "datetime": {"datetime": "2021-07-04 11:05:27", "elapsed": 2249.417181, "delta": 2.104869}}
{"target": -8.109401525017446, "params": {"C": 22.804363821585667, "epsilon": 6.629042871838803, "gamma": 0.050616447523245, "lamda": 0.5885562560688988}, "datetime": {"datetime": "2021-07-04 11:05:47", "elapsed": 2269.56205, "delta": 20.144869}}
{"target": -7.489197296529948, "params": {"C": 23.024461018850943, "epsilon": 6.6337827769310955, "gamma": 0.05074443855734002, "lamda": 0.34389346814230787}, "datetime": {"datetime": "2021-07-04 11:05:58", "elapsed": 2280.264072, "delta": 10.702022}}
{"target": 0.863734897773855, "params": {"C": 23.933021147459396, "epsilon": 5.155256045240186, "gamma": 0.05660699071184435, "lamda": 0.5660820491389273}, "datetime": {"datetime": "2021-07-04 11:05:59", "elapsed": 2281.531335, "delta": 1.267263}}
{"target": -6.265911633750766, "params": {"C": 22.762461866908446, "epsilon": 5.371783402105282, "gamma": 0.05489330866710144, "lamda": 0.5785298510304723}, "datetime": {"datetime": "2021-07-04 11:06:25", "elapsed": 2307.718286, "delta": 26.186951}}
{"target": 0.8645564840522962, "params": {"C": 22.260038202319954, "epsilon": 6.5394681151593375, "gamma": 0.04187630913826944, "lamda": 0.4827193031306932}, "datetime": {"datetime": "2021-07-04 11:06:26", "elapsed": 2308.956758, "delta": 1.238472}}
{"target": 0.8654238926004567, "params": {"C": 22.994771480391766, "epsilon": 6.083344341642822, "gamma": 0.049496175225170094, "lamda": 0.30100214609850623}, "datetime": {"datetime": "2021-07-04 11:06:32", "elapsed": 2314.846981, "delta": 5.890223}}
{"target": -7.480307596964668, "params": {"C": 24.21451578439436, "epsilon": 5.169765498024258, "gamma": 0.04288471949123722, "lamda": 0.45124543768047476}, "datetime": {"datetime": "2021-07-04 11:07:19", "elapsed": 2361.468848, "delta": 46.621867}}
{"target": 0.8647637455324773, "params": {"C": 23.26833855067735, "epsilon": 5.056609527081632, "gamma": 0.044809084062896916, "lamda": 0.5611760758298001}, "datetime": {"datetime": "2021-07-04 11:07:21", "elapsed": 2363.119473, "delta": 1.650625}}
{"target": 0.8652646736904467, "params": {"C": 24.177936852399263, "epsilon": 5.693198308052062, "gamma": 0.04601615456043252, "lamda": 0.6187252258060294}, "datetime": {"datetime": "2021-07-04 11:07:25", "elapsed": 2367.413935, "delta": 4.294462}}
{"target": -7.854171479559177, "params": {"C": 23.91911905253491, "epsilon": 5.563520878239581, "gamma": 0.04739606295369979, "lamda": 0.598506513244591}, "datetime": {"datetime": "2021-07-04 11:08:09", "elapsed": 2411.486264, "delta": 44.072329}}
{"target": -6.293470877004095, "params": {"C": 22.61591170016375, "epsilon": 5.916784169738586, "gamma": 0.05976920373356949, "lamda": 0.6749936661288802}, "datetime": {"datetime": "2021-07-04 11:08:35", "elapsed": 2437.247059, "delta": 25.760795}}
{"target": -7.355877774764057, "params": {"C": 22.44068630078453, "epsilon": 6.964617067302538, "gamma": 0.05783247186069721, "lamda": 0.4473397326758548}, "datetime": {"datetime": "2021-07-04 11:08:59", "elapsed": 2461.406133, "delta": 24.159074}}
{"target": -7.001310555521817, "params": {"C": 23.23542677940267, "epsilon": 6.604619661004258, "gamma": 0.05734398991020186, "lamda": 0.37648029304807046}, "datetime": {"datetime": "2021-07-04 11:09:29", "elapsed": 2491.159919, "delta": 29.753786}}
{"target": -6.607695837986865, "params": {"C": 23.672530346953007, "epsilon": 6.614439286395486, "gamma": 0.05540970272786796, "lamda": 0.5176795233191418}, "datetime": {"datetime": "2021-07-04 11:09:46", "elapsed": 2508.898208, "delta": 17.738289}}
{"target": -6.523089866497642, "params": {"C": 23.076676474071792, "epsilon": 6.450960104752081, "gamma": 0.05312544226592614, "lamda": 0.3147817431994274}, "datetime": {"datetime": "2021-07-04 11:10:16", "elapsed": 2538.79626, "delta": 29.898052}}
{"target": -7.090420459164848, "params": {"C": 22.942067719833336, "epsilon": 6.105418845837187, "gamma": 0.050656845680962195, "lamda": 0.5290253358675667}, "datetime": {"datetime": "2021-07-04 11:10:37", "elapsed": 2559.921273, "delta": 21.125013}}
{"target": -8.711958733629544, "params": {"C": 23.436943309133365, "epsilon": 6.528720076053493, "gamma": 0.04264424214786607, "lamda": 0.3806582559199265}, "datetime": {"datetime": "2021-07-04 11:10:47", "elapsed": 2569.231271, "delta": 9.309998}}
{"target": -6.9750963563507415, "params": {"C": 22.230879327313094, "epsilon": 5.49259394271627, "gamma": 0.054797909227171385, "lamda": 0.30093006987597865}, "datetime": {"datetime": "2021-07-04 11:11:11", "elapsed": 2593.843362, "delta": 24.612091}}
{"target": 0.8649127409867431, "params": {"C": 22.906833405689824, "epsilon": 5.92422099370428, "gamma": 0.0458761504087316, "lamda": 0.6021766116883858}, "datetime": {"datetime": "2021-07-04 11:11:12", "elapsed": 2594.859313, "delta": 1.015951}}
{"target": 0.8655142947074881, "params": {"C": 24.035095239974066, "epsilon": 5.937021471150545, "gamma": 0.04769285025164802, "lamda": 0.3102727361873037}, "datetime": {"datetime": "2021-07-04 11:11:14", "elapsed": 2596.085198, "delta": 1.225885}}
{"target": -6.4244947777797785, "params": {"C": 24.805710410403993, "epsilon": 6.191133274920612, "gamma": 0.058110323402040365, "lamda": 0.32683405725005543}, "datetime": {"datetime": "2021-07-04 11:11:28", "elapsed": 2610.559389, "delta": 14.474191}}
{"target": 0.8647144983627604, "params": {"C": 22.836253129246362, "epsilon": 5.239721688815207, "gamma": 0.05293688981699852, "lamda": 0.39764824121994363}, "datetime": {"datetime": "2021-07-04 11:11:30", "elapsed": 2612.647772, "delta": 2.088383}}
{"target": -4.655803425901225, "params": {"C": 24.875971217733774, "epsilon": 6.487167846192328, "gamma": 0.04544686140394064, "lamda": 0.5927725737122737}, "datetime": {"datetime": "2021-07-04 11:11:39", "elapsed": 2621.774464, "delta": 9.126692}}
{"target": 0.8651728365589012, "params": {"C": 24.333897164614786, "epsilon": 6.078320788502795, "gamma": 0.04388191060550733, "lamda": 0.5338614644992595}, "datetime": {"datetime": "2021-07-04 11:11:41", "elapsed": 2623.673508, "delta": 1.899044}}
{"target": -6.4982753773878885, "params": {"C": 22.096089340864836, "epsilon": 6.962245069321974, "gamma": 0.05919096523364854, "lamda": 0.35062606685904774}, "datetime": {"datetime": "2021-07-04 11:11:59", "elapsed": 2641.115469, "delta": 17.441961}}
{"target": -7.2254642581576345, "params": {"C": 23.516138129471052, "epsilon": 5.933062231894185, "gamma": 0.04310375696597282, "lamda": 0.5401258672274607}, "datetime": {"datetime": "2021-07-04 11:12:13", "elapsed": 2655.066469, "delta": 13.951}}
{"target": 0.8642627963628455, "params": {"C": 22.28247714201078, "epsilon": 6.105789819049665, "gamma": 0.054410444982059186, "lamda": 0.6331352863147472}, "datetime": {"datetime": "2021-07-04 11:12:14", "elapsed": 2656.340886, "delta": 1.274417}}
{"target": -6.164004531902259, "params": {"C": 24.653371167420097, "epsilon": 5.2684449343665, "gamma": 0.0575319995900285, "lamda": 0.6341188480429516}, "datetime": {"datetime": "2021-07-04 11:12:32", "elapsed": 2674.386461, "delta": 18.045575}}
{"target": 0.8651210201071615, "params": {"C": 24.279279004633004, "epsilon": 5.056382200045097, "gamma": 0.04450240107451351, "lamda": 0.3117889656490157}, "datetime": {"datetime": "2021-07-04 11:12:34", "elapsed": 2676.042469, "delta": 1.656008}}
{"target": -7.761019494152372, "params": {"C": 22.481569759484493, "epsilon": 6.235759711625393, "gamma": 0.04956244943489094, "lamda": 0.5296024133346673}, "datetime": {"datetime": "2021-07-04 11:12:46", "elapsed": 2688.243004, "delta": 12.200535}}
{"target": 0.8646466749001012, "params": {"C": 22.48967886029915, "epsilon": 6.558521826836296, "gamma": 0.04488652048372795, "lamda": 0.4862729103275145}, "datetime": {"datetime": "2021-07-04 11:12:47", "elapsed": 2689.448493, "delta": 1.205489}}
{"target": -7.04833858036767, "params": {"C": 22.948750886168824, "epsilon": 6.874093465448655, "gamma": 0.04953615787375852, "lamda": 0.563353360281668}, "datetime": {"datetime": "2021-07-04 11:13:03", "elapsed": 2705.386185, "delta": 15.937692}}
{"target": 0.8651494294831371, "params": {"C": 22.753875118226603, "epsilon": 5.439480153459467, "gamma": 0.04715479146526509, "lamda": 0.3924756616304963}, "datetime": {"datetime": "2021-07-04 11:13:04", "elapsed": 2706.60656, "delta": 1.220375}}
{"target": -7.470185758106698, "params": {"C": 22.06282095147385, "epsilon": 6.741889553110557, "gamma": 0.049242228309213334, "lamda": 0.35044215237544585}, "datetime": {"datetime": "2021-07-04 11:13:16", "elapsed": 2718.807519, "delta": 12.200959}}
{"target": -7.682349193450571, "params": {"C": 22.926004215584822, "epsilon": 6.261364820441926, "gamma": 0.04393241373553314, "lamda": 0.6810811727084048}, "datetime": {"datetime": "2021-07-04 11:13:28", "elapsed": 2730.022545, "delta": 11.215026}}
{"target": -7.303164395294424, "params": {"C": 24.171834718404856, "epsilon": 6.685210171558346, "gamma": 0.04820276079642371, "lamda": 0.441633855834757}, "datetime": {"datetime": "2021-07-04 11:13:37", "elapsed": 2739.552615, "delta": 9.53007}}
{"target": -7.40598817371156, "params": {"C": 23.532016887014453, "epsilon": 5.785016837696819, "gamma": 0.048915922011771876, "lamda": 0.6154023347382535}, "datetime": {"datetime": "2021-07-04 11:13:51", "elapsed": 2753.371587, "delta": 13.818972}}
{"target": -7.3794872608720645, "params": {"C": 22.24247040858781, "epsilon": 6.287872132361107, "gamma": 0.047910850968160695, "lamda": 0.4891063952931196}, "datetime": {"datetime": "2021-07-04 11:14:03", "elapsed": 2765.066641, "delta": 11.695054}}
{"target": 0.8632342865469256, "params": {"C": 24.61388226373444, "epsilon": 6.746877642929996, "gamma": 0.05808844881400996, "lamda": 0.35019430647883665}, "datetime": {"datetime": "2021-07-04 11:14:04", "elapsed": 2766.51666, "delta": 1.450019}}
{"target": -7.333450940494815, "params": {"C": 22.735318944410935, "epsilon": 5.052671177300976, "gamma": 0.04630361006718491, "lamda": 0.31919502009963824}, "datetime": {"datetime": "2021-07-04 11:14:16", "elapsed": 2778.604692, "delta": 12.088032}}
{"target": 0.8621403326776721, "params": {"C": 24.569397405800096, "epsilon": 5.532766374659209, "gamma": 0.05995411755453796, "lamda": 0.6167909838748387}, "datetime": {"datetime": "2021-07-04 11:14:19", "elapsed": 2781.500685, "delta": 2.895993}}
{"target": 0.8625993579461634, "params": {"C": 23.29313642424762, "epsilon": 5.527344590687128, "gamma": 0.0588486346673734, "lamda": 0.30181200086653476}, "datetime": {"datetime": "2021-07-04 11:14:21", "elapsed": 2783.108686, "delta": 1.608001}}
{"target": 0.8648233523267159, "params": {"C": 23.693367148559183, "epsilon": 5.787164360200674, "gamma": 0.044767288107419964, "lamda": 0.564793812982022}, "datetime": {"datetime": "2021-07-04 11:14:22", "elapsed": 2784.345677, "delta": 1.236991}}
{"target": -8.372444276141659, "params": {"C": 23.67429177591438, "epsilon": 5.911772139393036, "gamma": 0.04458122507812089, "lamda": 0.43366265170883994}, "datetime": {"datetime": "2021-07-04 11:14:31", "elapsed": 2793.578659, "delta": 9.232982}}
