{"target": 0.8225610248211768, "params": {"C": 19.60122262573727, "epsilon": 5.8985382013000045, "gamma": 0.09810291247530722, "lamda": 0.6401450395216288}, "datetime": {"datetime": "2021-07-03 18:35:01", "elapsed": 891.196599, "delta": 2.156128}}
{"target": 0.33899306171600174, "params": {"C": 15.27766051644536, "epsilon": 6.010925158498074, "gamma": 0.8823084138804462, "lamda": 0.7158811570064176}, "datetime": {"datetime": "2021-07-03 18:35:05", "elapsed": 895.099557, "delta": 3.902958}}
{"target": 0.5532837661969324, "params": {"C": 19.319302615760797, "epsilon": 5.687119660400592, "gamma": 0.3741695735032678, "lamda": 0.14300578317462972}, "datetime": {"datetime": "2021-07-03 18:35:08", "elapsed": 897.918484, "delta": 2.818927}}
{"target": 0.668439684823765, "params": {"C": 11.44152226530181, "epsilon": 1.8416255605758438, "gamma": 0.17449920344229586, "lamda": 0.3913793890243308}, "datetime": {"datetime": "2021-07-03 18:35:09", "elapsed": 899.302437, "delta": 1.383953}}
{"target": 0.446252756216593, "params": {"C": 15.386101695234773, "epsilon": 5.9211516164231135, "gamma": 0.5483648091037919, "lamda": 0.2157850843508353}, "datetime": {"datetime": "2021-07-03 18:35:13", "elapsed": 903.4125, "delta": 4.110063}}
{"target": 0.6125671815946971, "params": {"C": 11.559493112649836, "epsilon": 8.002139712637504, "gamma": 0.23460204524621991, "lamda": 0.5447838991773819}, "datetime": {"datetime": "2021-07-03 18:35:15", "elapsed": 904.938489, "delta": 1.525989}}
{"target": 0.8393752875356731, "params": {"C": 19.277096376790045, "epsilon": 6.177451907956838, "gamma": 0.08440668174308967, "lamda": 0.1983016556546314}, "datetime": {"datetime": "2021-07-03 18:35:18", "elapsed": 907.812528, "delta": 2.874039}}
{"target": 0.6387888631416865, "params": {"C": 19.992904098251742, "epsilon": 5.405250396906144, "gamma": 0.265813323998827, "lamda": 0.6632122500928184}, "datetime": {"datetime": "2021-07-03 18:35:20", "elapsed": 910.583521, "delta": 2.770993}}
{"target": -6.3631670713344075, "params": {"C": 11.034853514490312, "epsilon": 3.656304550962245, "gamma": 0.06005693686012785, "lamda": 0.6795153716409715}, "datetime": {"datetime": "2021-07-03 18:35:31", "elapsed": 921.088519, "delta": 10.504998}}
{"target": 0.43584979977800875, "params": {"C": 11.499265279697324, "epsilon": 4.061272014060427, "gamma": 0.524491142215148, "lamda": 0.23163478789449332}, "datetime": {"datetime": "2021-07-03 18:35:33", "elapsed": 923.211051, "delta": 2.122532}}
{"target": -7.472681472768679, "params": {"C": 24.17022004702574, "epsilon": 7.482920440979423, "gamma": 0.050097218594743156, "lamda": 0.3720993153686558}, "datetime": {"datetime": "2021-07-03 19:04:09", "elapsed": 0.0, "delta": 0.0}}
{"target": 0.6991803425280557, "params": {"C": 21.46755890817113, "epsilon": 1.8310473529191802, "gamma": 0.20832117967102026, "lamda": 0.411004654338743}, "datetime": {"datetime": "2021-07-03 19:04:09", "elapsed": 0.27988, "delta": 0.27988}}
{"target": 0.547478150712076, "params": {"C": 23.9676747423067, "epsilon": 5.849350606030212, "gamma": 0.40631533724280056, "lamda": 0.7166975503570835}, "datetime": {"datetime": "2021-07-03 19:04:10", "elapsed": 0.624127, "delta": 0.344247}}
{"target": 0.4149731824094668, "params": {"C": 20.07719855984121, "epsilon": 2.456748407914266, "gamma": 0.6529636790444987, "lamda": 0.7882631730924409}, "datetime": {"datetime": "2021-07-03 19:04:10", "elapsed": 1.102355, "delta": 0.478228}}
{"target": 0.49046721739827404, "params": {"C": 24.42557317455462, "epsilon": 4.721236371406603, "gamma": 0.5156342039178201, "lamda": 0.7697814234177126}, "datetime": {"datetime": "2021-07-03 19:04:10", "elapsed": 1.437701, "delta": 0.335346}}
{"target": 0.41648074625565423, "params": {"C": 23.293174263685206, "epsilon": 5.01645845858322, "gamma": 0.6923730150460001, "lamda": 1.0}, "datetime": {"datetime": "2021-07-03 19:04:12", "elapsed": 2.600052, "delta": 1.162351}}
{"target": 0.6591146616124337, "params": {"C": 21.563615894590026, "epsilon": 3.598117609729337, "gamma": 0.24958220889105312, "lamda": 0.3115992339358673}, "datetime": {"datetime": "2021-07-03 19:04:12", "elapsed": 3.280373, "delta": 0.680321}}
{"target": 0.34804196042869395, "params": {"C": 22.97734721825978, "epsilon": 2.601861412096938, "gamma": 0.9, "lamda": 0.9351601521782872}, "datetime": {"datetime": "2021-07-03 19:04:13", "elapsed": 3.890584, "delta": 0.610211}}
{"target": 0.3449937030137641, "params": {"C": 20.137686935910075, "epsilon": 4.642264808546495, "gamma": 0.9, "lamda": 1.0}, "datetime": {"datetime": "2021-07-03 19:04:13", "elapsed": 4.550634, "delta": 0.66005}}
{"target": -5.962256833076941, "params": {"C": 23.24585954807058, "epsilon": 1.0, "gamma": 0.05, "lamda": 0.1}, "datetime": {"datetime": "2021-07-03 19:04:20", "elapsed": 10.628942, "delta": 6.078308}}
{"target": -6.211719277397234, "params": {"C": 23.177362549536582, "epsilon": 3.9211691479127153, "gamma": 0.05, "lamda": 0.1}, "datetime": {"datetime": "2021-07-03 19:04:27", "elapsed": 18.391211, "delta": 7.762269}}
{"target": 0.35658745512418166, "params": {"C": 24.04983363068013, "epsilon": 5.293036345642626, "gamma": 0.9, "lamda": 1.0}, "datetime": {"datetime": "2021-07-03 19:04:28", "elapsed": 19.124546, "delta": 0.733335}}
{"target": 0.36937995884941244, "params": {"C": 21.38458921144039, "epsilon": 2.7549484115972844, "gamma": 0.8100461575093659, "lamda": 0.9148142316685376}, "datetime": {"datetime": "2021-07-03 19:04:29", "elapsed": 19.866753, "delta": 0.742207}}
{"target": -6.561307266563948, "params": {"C": 20.34359391832388, "epsilon": 3.5632246518795885, "gamma": 0.05, "lamda": 0.29700072392869853}, "datetime": {"datetime": "2021-07-03 19:04:35", "elapsed": 25.729176, "delta": 5.862423}}
{"target": 0.36225050154112937, "params": {"C": 24.02119896208759, "epsilon": 5.325879568653173, "gamma": 0.8801003751243975, "lamda": 0.9665237463925415}, "datetime": {"datetime": "2021-07-03 19:04:35", "elapsed": 25.993105, "delta": 0.263929}}
{"target": 0.34092000463428396, "params": {"C": 20.777999057191018, "epsilon": 1.6716043602704593, "gamma": 0.8959775115537633, "lamda": 0.9310809581408006}, "datetime": {"datetime": "2021-07-03 19:04:35", "elapsed": 26.516831, "delta": 0.523726}}
{"target": 0.34858083975737564, "params": {"C": 21.71169666908336, "epsilon": 4.119968460628196, "gamma": 0.9, "lamda": 1.0}, "datetime": {"datetime": "2021-07-03 19:04:36", "elapsed": 27.378233, "delta": 0.861402}}
{"target": 0.34573447707816074, "params": {"C": 21.984806995752713, "epsilon": 2.6664826300015827, "gamma": 0.9, "lamda": 0.1}, "datetime": {"datetime": "2021-07-03 19:04:37", "elapsed": 28.052628, "delta": 0.674395}}
{"target": 0.35008456222371964, "params": {"C": 21.181113951508998, "epsilon": 5.484111218305969, "gamma": 0.9, "lamda": 1.0}, "datetime": {"datetime": "2021-07-03 19:04:38", "elapsed": 28.650117, "delta": 0.597489}}
{"target": -6.3791142457529535, "params": {"C": 20.032945995789518, "epsilon": 1.2814487219314161, "gamma": 0.05, "lamda": 0.4099021117608045}, "datetime": {"datetime": "2021-07-03 19:04:46", "elapsed": 37.343308, "delta": 8.693191}}
{"target": 0.3887459519534773, "params": {"C": 22.020619499340516, "epsilon": 1.8899391038315214, "gamma": 0.7437576175166513, "lamda": 0.9459325263196746}, "datetime": {"datetime": "2021-07-03 19:04:47", "elapsed": 37.869804, "delta": 0.526496}}
{"target": -6.76525433352413, "params": {"C": 22.061218953466035, "epsilon": 2.7830062236748483, "gamma": 0.05, "lamda": 1.0}, "datetime": {"datetime": "2021-07-03 19:04:52", "elapsed": 43.266581, "delta": 5.396777}}
{"target": 0.37591693394884407, "params": {"C": 21.107150928415198, "epsilon": 2.2048068905071743, "gamma": 0.7797655120711796, "lamda": 0.33426881619874266}, "datetime": {"datetime": "2021-07-03 19:04:53", "elapsed": 43.82482, "delta": 0.558239}}
{"target": 0.3411589432356218, "params": {"C": 21.65643456086094, "epsilon": 1.3994786574263278, "gamma": 0.9, "lamda": 0.28464507022848345}, "datetime": {"datetime": "2021-07-03 19:04:54", "elapsed": 44.578277, "delta": 0.753457}}
{"target": 0.3531266612867078, "params": {"C": 21.44280729899988, "epsilon": 4.825005902753413, "gamma": 0.8858540024261312, "lamda": 0.11398018908304869}, "datetime": {"datetime": "2021-07-03 19:04:54", "elapsed": 45.163519, "delta": 0.585242}}
{"target": 0.3633311329314519, "params": {"C": 22.14709502581573, "epsilon": 5.1962511035114, "gamma": 0.858513119669819, "lamda": 0.968327628159027}, "datetime": {"datetime": "2021-07-03 19:04:55", "elapsed": 45.805046, "delta": 0.641527}}
{"target": 0.34759948219876746, "params": {"C": 21.65302013020445, "epsilon": 3.748232746556445, "gamma": 0.9, "lamda": 0.1}, "datetime": {"datetime": "2021-07-03 19:04:55", "elapsed": 46.426685, "delta": 0.621639}}
{"target": 0.8657019963417202, "params": {"C": 25.03654248465276, "epsilon": 5.442672905450776, "gamma": 0.05, "lamda": 1.0}, "datetime": {"datetime": "2021-07-03 19:04:56", "elapsed": 47.116658, "delta": 0.689973}}
{"target": 0.35946125204770907, "params": {"C": 25.213561616525066, "epsilon": 5.364572928969349, "gamma": 0.9, "lamda": 0.3305337464421803}, "datetime": {"datetime": "2021-07-03 19:04:57", "elapsed": 48.020242, "delta": 0.903584}}
{"target": 0.535959803736624, "params": {"C": 25.660957489465034, "epsilon": 4.5417349004033625, "gamma": 0.43193147401857584, "lamda": 1.0}, "datetime": {"datetime": "2021-07-03 19:04:58", "elapsed": 48.733893, "delta": 0.713651}}
{"target": 0.5772501580861791, "params": {"C": 26.22807414159866, "epsilon": 5.638956669800798, "gamma": 0.36734637922238306, "lamda": 1.0}, "datetime": {"datetime": "2021-07-03 19:04:58", "elapsed": 49.458008, "delta": 0.724115}}
{"target": -6.756356584112388, "params": {"C": 25.9570092660055, "epsilon": 5.050114468988167, "gamma": 0.05, "lamda": 0.1}, "datetime": {"datetime": "2021-07-03 19:05:02", "elapsed": 53.407772, "delta": 3.949764}}
{"target": 0.36065263779294143, "params": {"C": 25.323305937649405, "epsilon": 5.953387743776397, "gamma": 0.9, "lamda": 1.0}, "datetime": {"datetime": "2021-07-03 19:05:03", "elapsed": 54.077573, "delta": 0.669801}}
{"target": 0.35606930182972507, "params": {"C": 25.065467159682893, "epsilon": 3.881482712470927, "gamma": 0.9, "lamda": 1.0}, "datetime": {"datetime": "2021-07-03 19:05:04", "elapsed": 54.903392, "delta": 0.825819}}
{"target": 0.36351151789732505, "params": {"C": 26.617768784566405, "epsilon": 6.467976745619368, "gamma": 0.9, "lamda": 1.0}, "datetime": {"datetime": "2021-07-03 19:05:05", "elapsed": 55.589479, "delta": 0.686087}}
{"target": 0.3467697386308818, "params": {"C": 20.058576229031054, "epsilon": 5.722928916858456, "gamma": 0.9, "lamda": 0.49992811572047}, "datetime": {"datetime": "2021-07-03 19:05:05", "elapsed": 56.28244, "delta": 0.692961}}
{"target": 0.35158277601047316, "params": {"C": 21.325770097605698, "epsilon": 6.198596423324375, "gamma": 0.9, "lamda": 0.1}, "datetime": {"datetime": "2021-07-03 19:05:06", "elapsed": 56.982398, "delta": 0.699958}}
{"target": 0.8650560714282565, "params": {"C": 21.635882363242352, "epsilon": 5.607695791234674, "gamma": 0.05, "lamda": 0.39488876912415855}, "datetime": {"datetime": "2021-07-03 19:05:07", "elapsed": 57.948763, "delta": 0.966365}}
{"target": -7.932340901658813, "params": {"C": 20.772626510432687, "epsilon": 6.294328042790453, "gamma": 0.05, "lamda": 0.8031583572113098}, "datetime": {"datetime": "2021-07-03 19:05:14", "elapsed": 64.580147, "delta": 6.631384}}
{"target": 0.4198307701180547, "params": {"C": 22.22640534559712, "epsilon": 5.727573431233831, "gamma": 0.6744609277721313, "lamda": 0.1}, "datetime": {"datetime": "2021-07-03 19:05:14", "elapsed": 65.130344, "delta": 0.550197}}
{"target": -3.398054331114907, "params": {"C": 21.625427791148233, "epsilon": 4.692874611284211, "gamma": 0.06777995027850958, "lamda": 0.8173382854022111}, "datetime": {"datetime": "2021-07-03 19:05:21", "elapsed": 72.357156, "delta": 7.226812}}
{"target": 0.3653275813087016, "params": {"C": 25.18571755634517, "epsilon": 4.772007136261458, "gamma": 0.8724933313727566, "lamda": 0.9162896088655283}, "datetime": {"datetime": "2021-07-03 19:05:22", "elapsed": 73.059241, "delta": 0.702085}}
{"target": 0.39889890938968153, "params": {"C": 24.214119259729692, "epsilon": 4.762496754821902, "gamma": 0.7511926806658201, "lamda": 0.42216008130451166}, "datetime": {"datetime": "2021-07-03 19:05:22", "elapsed": 73.368536, "delta": 0.309295}}
{"target": 0.4632074057322966, "params": {"C": 22.652987815882746, "epsilon": 6.02125851872062, "gamma": 0.5699963440005751, "lamda": 0.9341925198111433}, "datetime": {"datetime": "2021-07-03 19:05:23", "elapsed": 74.340141, "delta": 0.971605}}
{"target": 0.362119843631171, "params": {"C": 27.224138375504474, "epsilon": 5.544181752231148, "gamma": 0.9, "lamda": 1.0}, "datetime": {"datetime": "2021-07-03 19:05:24", "elapsed": 75.2436, "delta": 0.903459}}
{"target": -8.1919774530758, "params": {"C": 27.269226622710974, "epsilon": 6.276678033003717, "gamma": 0.05, "lamda": 1.0}, "datetime": {"datetime": "2021-07-03 19:05:36", "elapsed": 87.457693, "delta": 12.214093}}
{"target": 0.36098797171493235, "params": {"C": 26.442887311655017, "epsilon": 5.01370741143832, "gamma": 0.9, "lamda": 1.0}, "datetime": {"datetime": "2021-07-03 19:05:37", "elapsed": 88.061419, "delta": 0.603726}}
{"target": 0.3575362286932088, "params": {"C": 26.17296637050107, "epsilon": 3.666989091381439, "gamma": 0.9, "lamda": 1.0}, "datetime": {"datetime": "2021-07-03 19:05:38", "elapsed": 88.615623, "delta": 0.554204}}
{"target": 0.3599061421789337, "params": {"C": 27.458888100319577, "epsilon": 4.411442916176741, "gamma": 0.9, "lamda": 1.0}, "datetime": {"datetime": "2021-07-03 19:05:38", "elapsed": 89.298238, "delta": 0.682615}}
{"target": 0.7116408694227843, "params": {"C": 25.527796405657437, "epsilon": 3.3621339996914403, "gamma": 0.2058378036678935, "lamda": 0.9927459960975306}, "datetime": {"datetime": "2021-07-03 19:05:39", "elapsed": 90.184548, "delta": 0.88631}}
{"target": 0.353434163865021, "params": {"C": 25.481062127509606, "epsilon": 2.6006777937397763, "gamma": 0.9, "lamda": 1.0}, "datetime": {"datetime": "2021-07-03 19:05:40", "elapsed": 90.815755, "delta": 0.631207}}
{"target": 0.38130350722177253, "params": {"C": 22.865653461228497, "epsilon": 1.934803999600234, "gamma": 0.7755314458094162, "lamda": 0.22703729223637473}, "datetime": {"datetime": "2021-07-03 19:05:40", "elapsed": 91.154597, "delta": 0.338842}}
{"target": -0.9776894878115134, "params": {"C": 26.436459889001352, "epsilon": 2.7062329582420044, "gamma": 0.19896950092964805, "lamda": 1.0}, "datetime": {"datetime": "2021-07-03 19:05:48", "elapsed": 99.211898, "delta": 8.057301}}
{"target": 0.6602647335267702, "params": {"C": 29.391892249035486, "epsilon": 9.747024395613991, "gamma": 0.2609524261175723, "lamda": 0.22461197503284747}, "datetime": {"datetime": "2021-07-03 19:05:49", "elapsed": 99.616721, "delta": 0.404823}}
{"target": 0.46533666310801025, "params": {"C": 25.158442566431347, "epsilon": 3.1135084890694373, "gamma": 0.5712163856731296, "lamda": 0.1626670634771461}, "datetime": {"datetime": "2021-07-03 19:05:49", "elapsed": 100.508175, "delta": 0.891454}}
{"target": 0.35917899236336104, "params": {"C": 24.354970171881597, "epsilon": 2.6274096099240225, "gamma": 0.869383483225471, "lamda": 0.7579301294343942}, "datetime": {"datetime": "2021-07-03 19:05:50", "elapsed": 101.489331, "delta": 0.981156}}
{"target": -6.625619061622736, "params": {"C": 24.893317326152587, "epsilon": 2.544126057163523, "gamma": 0.05, "lamda": 1.0}, "datetime": {"datetime": "2021-07-03 19:06:00", "elapsed": 110.857571, "delta": 9.36824}}
{"target": 0.49988725765981656, "params": {"C": 21.590189624765014, "epsilon": 5.305928056201958, "gamma": 0.4806876966430507, "lamda": 0.20902455714650914}, "datetime": {"datetime": "2021-07-03 19:06:00", "elapsed": 111.210099, "delta": 0.352528}}
{"target": 0.35572028235294106, "params": {"C": 25.970403302431393, "epsilon": 3.105412740422491, "gamma": 0.9, "lamda": 0.20883273355425186}, "datetime": {"datetime": "2021-07-03 19:06:01", "elapsed": 111.889153, "delta": 0.679054}}
{"target": 0.3492602271458508, "params": {"C": 23.68995829014654, "epsilon": 2.5065298652582855, "gamma": 0.9, "lamda": 0.1}, "datetime": {"datetime": "2021-07-03 19:06:01", "elapsed": 112.560521, "delta": 0.671368}}
{"target": 0.36574412424600433, "params": {"C": 28.624341559789443, "epsilon": 10.0, "gamma": 0.9, "lamda": 0.1}, "datetime": {"datetime": "2021-07-03 19:06:02", "elapsed": 113.278843, "delta": 0.718322}}
{"target": 0.3656864497640121, "params": {"C": 29.172875933047706, "epsilon": 9.584512315086497, "gamma": 0.9, "lamda": 1.0}, "datetime": {"datetime": "2021-07-03 19:06:03", "elapsed": 113.958704, "delta": 0.679861}}
{"target": -8.690488374812688, "params": {"C": 28.491091817966705, "epsilon": 9.552860925423342, "gamma": 0.05, "lamda": 0.6862171570663987}, "datetime": {"datetime": "2021-07-03 19:06:15", "elapsed": 125.783138, "delta": 11.824434}}
{"target": 0.43812721867689175, "params": {"C": 27.993153253932334, "epsilon": 3.448202184346826, "gamma": 0.6438433879402418, "lamda": 0.4995129372251349}, "datetime": {"datetime": "2021-07-03 19:06:15", "elapsed": 126.188356, "delta": 0.405218}}
{"target": 0.36573839657708895, "params": {"C": 29.71925323189806, "epsilon": 10.0, "gamma": 0.9, "lamda": 0.25200197454160816}, "datetime": {"datetime": "2021-07-03 19:06:16", "elapsed": 126.984117, "delta": 0.795761}}
{"target": 0.44874137456674035, "params": {"C": 29.994636302118778, "epsilon": 9.151375905195314, "gamma": 0.6320704759706206, "lamda": 0.49785093026877675}, "datetime": {"datetime": "2021-07-03 19:06:17", "elapsed": 127.782926, "delta": 0.798809}}
{"target": 0.36691299004126365, "params": {"C": 22.938525367198988, "epsilon": 1.9316448573836524, "gamma": 0.8228596147884503, "lamda": 0.20850708165770862}, "datetime": {"datetime": "2021-07-03 19:06:17", "elapsed": 128.174563, "delta": 0.391637}}
{"target": 0.41354516295523736, "params": {"C": 27.996841765174146, "epsilon": 4.452609892206157, "gamma": 0.7160623436861793, "lamda": 0.7427180112479325}, "datetime": {"datetime": "2021-07-03 19:06:18", "elapsed": 128.599823, "delta": 0.42526}}
{"target": -2.0339427803261327, "params": {"C": 30.0, "epsilon": 10.0, "gamma": 0.2855198630052516, "lamda": 1.0}, "datetime": {"datetime": "2021-07-03 19:06:34", "elapsed": 145.270307, "delta": 16.670484}}
{"target": 0.36556928556684865, "params": {"C": 29.320096852735393, "epsilon": 9.181249889278215, "gamma": 0.9, "lamda": 0.1}, "datetime": {"datetime": "2021-07-03 19:06:35", "elapsed": 146.173929, "delta": 0.903622}}
{"target": 0.35798215560010127, "params": {"C": 28.915874590969715, "epsilon": 3.7583965316862966, "gamma": 0.9, "lamda": 1.0}, "datetime": {"datetime": "2021-07-03 19:06:36", "elapsed": 146.887679, "delta": 0.71375}}
{"target": 0.717239644378859, "params": {"C": 28.841645804870943, "epsilon": 3.9491928540624524, "gamma": 0.20017764734183913, "lamda": 0.1}, "datetime": {"datetime": "2021-07-03 19:06:37", "elapsed": 147.638439, "delta": 0.75076}}
{"target": 0.36484372976428725, "params": {"C": 29.53351244416166, "epsilon": 7.895667461449437, "gamma": 0.8997609155984577, "lamda": 0.40273402393867996}, "datetime": {"datetime": "2021-07-03 19:06:37", "elapsed": 148.048989, "delta": 0.41055}}
{"target": 0.40354119132993793, "params": {"C": 29.024947278014594, "epsilon": 3.0399635039301955, "gamma": 0.7366157485260848, "lamda": 0.1}, "datetime": {"datetime": "2021-07-03 19:06:38", "elapsed": 148.899258, "delta": 0.850269}}
{"target": -6.767220298460479, "params": {"C": 28.785645038126464, "epsilon": 3.1603778342264612, "gamma": 0.05, "lamda": 0.8973230981851761}, "datetime": {"datetime": "2021-07-03 19:06:45", "elapsed": 156.044434, "delta": 7.145176}}
{"target": 0.414401422809764, "params": {"C": 25.27299636325058, "epsilon": 8.272641730440293, "gamma": 0.7214996863812062, "lamda": 0.678897734863876}, "datetime": {"datetime": "2021-07-03 19:06:45", "elapsed": 156.451706, "delta": 0.407272}}
{"target": 0.35853443242826066, "params": {"C": 28.55253188495199, "epsilon": 3.9839282841940116, "gamma": 0.9, "lamda": 0.1}, "datetime": {"datetime": "2021-07-03 19:06:46", "elapsed": 157.482062, "delta": 1.030356}}
{"target": 0.3693158185025681, "params": {"C": 29.629653380929312, "epsilon": 4.2215477044815986, "gamma": 0.8595544353784607, "lamda": 0.22853489019162876}, "datetime": {"datetime": "2021-07-03 19:06:47", "elapsed": 158.249625, "delta": 0.767563}}
{"target": 0.5678099785768922, "params": {"C": 28.964295869139708, "epsilon": 4.850951331101064, "gamma": 0.3795304947373902, "lamda": 0.2779342876671986}, "datetime": {"datetime": "2021-07-03 19:06:48", "elapsed": 159.047946, "delta": 0.798321}}
{"target": 0.3583295632800084, "params": {"C": 27.24785815729489, "epsilon": 3.738431098005741, "gamma": 0.9, "lamda": 0.1}, "datetime": {"datetime": "2021-07-03 19:06:49", "elapsed": 159.747376, "delta": 0.69943}}
{"target": 0.4581682618237233, "params": {"C": 26.041199823763726, "epsilon": 7.2105655731728335, "gamma": 0.6043909036815678, "lamda": 0.4735846170619542}, "datetime": {"datetime": "2021-07-03 19:06:49", "elapsed": 160.20279, "delta": 0.455414}}
{"target": 0.3601111082921379, "params": {"C": 29.092798543270284, "epsilon": 4.704820620151157, "gamma": 0.9, "lamda": 1.0}, "datetime": {"datetime": "2021-07-03 19:06:50", "elapsed": 160.877877, "delta": 0.675087}}
{"target": 0.478254713930114, "params": {"C": 22.75664248537901, "epsilon": 4.536420392723484, "gamma": 0.5329450101050749, "lamda": 0.20767241253050422}, "datetime": {"datetime": "2021-07-03 19:06:50", "elapsed": 161.346474, "delta": 0.468597}}
{"target": 0.5056144850659134, "params": {"C": 23.130365454176154, "epsilon": 5.438409373889071, "gamma": 0.47811976620740104, "lamda": 0.18629033061687622}, "datetime": {"datetime": "2021-07-03 19:06:51", "elapsed": 162.030281, "delta": 0.683807}}
