{"target": 0.3622508177297903, "params": {"C": 38.94788981988417, "epsilon": 6.538254231787079, "gamma": 0.9, "lamda": 1.0}, "datetime": {"datetime": "2021-07-04 09:59:40", "elapsed": 641.951554, "delta": 0.945474}}
{"target": 0.3580886801865636, "params": {"C": 35.4503005609748, "epsilon": 4.226259220737407, "gamma": 0.9, "lamda": 0.1}, "datetime": {"datetime": "2021-07-04 09:59:41", "elapsed": 643.440575, "delta": 1.489021}}
{"target": 0.39586745480026764, "params": {"C": 36.44340382486465, "epsilon": 1.6986522035808365, "gamma": 0.7490110866770736, "lamda": 0.6986846105625866}, "datetime": {"datetime": "2021-07-04 09:59:42", "elapsed": 644.247419, "delta": 0.806844}}
{"target": 0.4243250342576753, "params": {"C": 32.541539556361485, "epsilon": 2.6730253094737697, "gamma": 0.6727522356860142, "lamda": 0.7266921648185627}, "datetime": {"datetime": "2021-07-04 09:59:43", "elapsed": 645.042295, "delta": 0.794876}}
{"target": 0.8351920853969259, "params": {"C": 30.86679400773318, "epsilon": 7.927606518217017, "gamma": 0.09349575665299001, "lamda": 0.5111184320440598}, "datetime": {"datetime": "2021-07-04 09:59:44", "elapsed": 645.884046, "delta": 0.841751}}
{"target": 0.8135654272351552, "params": {"C": 31.080383493987952, "epsilon": 7.221099948066591, "gamma": 0.11321609474088203, "lamda": 0.6473190432868734}, "datetime": {"datetime": "2021-07-04 09:59:45", "elapsed": 647.044945, "delta": 1.160899}}
{"target": 0.4810094103244823, "params": {"C": 30.980610719895964, "epsilon": 7.743171482013164, "gamma": 0.5511885487476348, "lamda": 0.7422057886375806}, "datetime": {"datetime": "2021-07-04 09:59:46", "elapsed": 647.978449, "delta": 0.933504}}
{"target": 0.36342595104404096, "params": {"C": 33.80467643021854, "epsilon": 6.721708231996647, "gamma": 0.9, "lamda": 1.0}, "datetime": {"datetime": "2021-07-04 09:59:47", "elapsed": 648.983764, "delta": 1.005315}}
{"target": 0.36488154019398567, "params": {"C": 32.30123128594414, "epsilon": 8.064134139544427, "gamma": 0.9, "lamda": 1.0}, "datetime": {"datetime": "2021-07-04 09:59:48", "elapsed": 650.236415, "delta": 1.252651}}
{"target": -8.340158331404204, "params": {"C": 32.671005923509156, "epsilon": 8.292163036278062, "gamma": 0.01, "lamda": 1.0}, "datetime": {"datetime": "2021-07-04 09:59:57", "elapsed": 658.862367, "delta": 8.625952}}
{"target": 0.3603967845460886, "params": {"C": 31.017064068092925, "epsilon": 4.868276374611842, "gamma": 0.9, "lamda": 0.3766558208798629}, "datetime": {"datetime": "2021-07-04 09:59:58", "elapsed": 659.899594, "delta": 1.037227}}
{"target": -8.876198440742156, "params": {"C": 30.525169298246198, "epsilon": 7.323956124894472, "gamma": 0.01, "lamda": 0.1}, "datetime": {"datetime": "2021-07-04 10:00:10", "elapsed": 671.922469, "delta": 12.022875}}
{"target": 0.7591496156355644, "params": {"C": 30.803151460272257, "epsilon": 6.673600109757442, "gamma": 0.16167454131210085, "lamda": 1.0}, "datetime": {"datetime": "2021-07-04 10:00:11", "elapsed": 673.458366, "delta": 1.535897}}
{"target": 0.3635148565819285, "params": {"C": 33.056774643742074, "epsilon": 2.735795034649598, "gamma": 0.8693442387793135, "lamda": 0.15357492278841983}, "datetime": {"datetime": "2021-07-04 10:00:12", "elapsed": 674.493598, "delta": 1.035232}}
{"target": 0.35942693422355665, "params": {"C": 37.22390353246793, "epsilon": 4.888731964086959, "gamma": 0.9, "lamda": 0.6104734862027432}, "datetime": {"datetime": "2021-07-04 10:00:13", "elapsed": 675.587676, "delta": 1.094078}}
{"target": 0.358206692443663, "params": {"C": 36.081448388910076, "epsilon": 3.5426269602777376, "gamma": 0.8935417575933631, "lamda": 0.12013236816562389}, "datetime": {"datetime": "2021-07-04 10:00:19", "elapsed": 681.659458, "delta": 6.071782}}
{"target": 0.3491805714141397, "params": {"C": 36.877368396510064, "epsilon": 1.0, "gamma": 0.9, "lamda": 1.0}, "datetime": {"datetime": "2021-07-04 10:00:21", "elapsed": 682.81636, "delta": 1.156902}}
{"target": 0.3603597451341394, "params": {"C": 30.43648492424219, "epsilon": 4.84251590086498, "gamma": 0.9, "lamda": 1.0}, "datetime": {"datetime": "2021-07-04 10:00:22", "elapsed": 684.053056, "delta": 1.236696}}
{"target": 0.5072950063691508, "params": {"C": 35.787765825888165, "epsilon": 5.8472332424791285, "gamma": 0.48966405284178366, "lamda": 0.9629575286749454}, "datetime": {"datetime": "2021-07-04 10:00:23", "elapsed": 685.211957, "delta": 1.158901}}
{"target": 0.5841832456199607, "params": {"C": 36.783650799913545, "epsilon": 5.216596620177453, "gamma": 0.3523318361983369, "lamda": 0.12311365642143335}, "datetime": {"datetime": "2021-07-04 10:00:24", "elapsed": 686.087619, "delta": 0.875662}}
{"target": 0.35533717158711176, "params": {"C": 37.194349271034625, "epsilon": 3.108673972652358, "gamma": 0.9, "lamda": 1.0}, "datetime": {"datetime": "2021-07-04 10:00:25", "elapsed": 687.202639, "delta": 1.11502}}
{"target": 0.3569216576895152, "params": {"C": 32.199800967135, "epsilon": 3.3772154690318685, "gamma": 0.9, "lamda": 0.24479942729764592}, "datetime": {"datetime": "2021-07-04 10:00:28", "elapsed": 689.774766, "delta": 2.572127}}
{"target": 0.6644768340824336, "params": {"C": 39.58657072577925, "epsilon": 7.692255307865477, "gamma": 0.25238533247535855, "lamda": 0.7587382908526158}, "datetime": {"datetime": "2021-07-04 10:00:29", "elapsed": 690.865851, "delta": 1.091085}}
{"target": 0.7542663193465325, "params": {"C": 39.16441118663178, "epsilon": 8.119783692229504, "gamma": 0.16610394782617993, "lamda": 0.3656222076817315}, "datetime": {"datetime": "2021-07-04 10:00:31", "elapsed": 692.772756, "delta": 1.906905}}
{"target": 0.41159348145911345, "params": {"C": 39.211275358275955, "epsilon": 8.085558311991548, "gamma": 0.7346268693471837, "lamda": 0.6880403816765295}, "datetime": {"datetime": "2021-07-04 10:00:32", "elapsed": 693.870821, "delta": 1.098065}}
{"target": 0.7389183315736693, "params": {"C": 39.865318423160154, "epsilon": 8.139452222207769, "gamma": 0.17911036002517378, "lamda": 0.13205803203596608}, "datetime": {"datetime": "2021-07-04 10:00:33", "elapsed": 695.300999, "delta": 1.430178}}
{"target": 0.7245140370891396, "params": {"C": 38.729192333283905, "epsilon": 7.353325221288624, "gamma": 0.19223686935362175, "lamda": 0.12260759994330286}, "datetime": {"datetime": "2021-07-04 10:00:34", "elapsed": 696.463891, "delta": 1.162892}}
{"target": 0.47916771398598434, "params": {"C": 39.43122321449987, "epsilon": 7.492466982771395, "gamma": 0.5538875583667598, "lamda": 0.14778508061594953}, "datetime": {"datetime": "2021-07-04 10:00:36", "elapsed": 697.714551, "delta": 1.25066}}
{"target": 0.8488257164302293, "params": {"C": 39.70837258231663, "epsilon": 8.25125029320605, "gamma": 0.08149159275193323, "lamda": 0.8714509186907102}, "datetime": {"datetime": "2021-07-04 10:00:37", "elapsed": 698.780701, "delta": 1.06615}}
{"target": 0.35839449671535806, "params": {"C": 39.265351911745256, "epsilon": 4.430595437938656, "gamma": 0.9, "lamda": 0.5244884288185597}, "datetime": {"datetime": "2021-07-04 10:00:38", "elapsed": 699.802969, "delta": 1.022268}}
{"target": 0.6898091919799891, "params": {"C": 31.63226286766383, "epsilon": 8.013348220763334, "gamma": 0.22745016152589398, "lamda": 0.5191140482369077}, "datetime": {"datetime": "2021-07-04 10:00:39", "elapsed": 700.770385, "delta": 0.967416}}
{"target": 0.3629051093106891, "params": {"C": 30.456013052203343, "epsilon": 6.297698901026937, "gamma": 0.9, "lamda": 0.1}, "datetime": {"datetime": "2021-07-04 10:00:40", "elapsed": 701.923303, "delta": 1.152918}}
{"target": 0.8285464601887175, "params": {"C": 31.527248812820183, "epsilon": 7.643783954611457, "gamma": 0.09969135681772813, "lamda": 0.9122280803827644}, "datetime": {"datetime": "2021-07-04 10:00:41", "elapsed": 703.095173, "delta": 1.17187}}
{"target": 0.3496339058623603, "params": {"C": 33.160213570001154, "epsilon": 1.0, "gamma": 0.9, "lamda": 0.1}, "datetime": {"datetime": "2021-07-04 10:00:42", "elapsed": 704.236123, "delta": 1.14095}}
{"target": 0.3604212418251277, "params": {"C": 38.28213032664821, "epsilon": 5.424205370986698, "gamma": 0.9, "lamda": 1.0}, "datetime": {"datetime": "2021-07-04 10:00:43", "elapsed": 705.355134, "delta": 1.119011}}
{"target": 0.3654756466508491, "params": {"C": 34.073461107936794, "epsilon": 9.4522873740953, "gamma": 0.9, "lamda": 0.1}, "datetime": {"datetime": "2021-07-04 10:00:44", "elapsed": 706.506058, "delta": 1.150924}}
{"target": 0.5496140737143986, "params": {"C": 35.10672295671485, "epsilon": 4.532575769635688, "gamma": 0.40675852952384833, "lamda": 0.8096552531610703}, "datetime": {"datetime": "2021-07-04 10:00:45", "elapsed": 707.510375, "delta": 1.004317}}
{"target": 0.3599005637281595, "params": {"C": 35.2729978784945, "epsilon": 4.888922954827848, "gamma": 0.8984713140490106, "lamda": 0.4243833437759519}, "datetime": {"datetime": "2021-07-04 10:00:47", "elapsed": 708.82586, "delta": 1.315485}}
{"target": -7.253075511835936, "params": {"C": 34.4640550486773, "epsilon": 3.935235205192956, "gamma": 0.03865001730020997, "lamda": 1.0}, "datetime": {"datetime": "2021-07-04 10:00:54", "elapsed": 716.145301, "delta": 7.319441}}
{"target": 0.374693205426031, "params": {"C": 36.718311991870024, "epsilon": 7.967225299209394, "gamma": 0.8579057248383865, "lamda": 0.9766546122424706}, "datetime": {"datetime": "2021-07-04 10:00:55", "elapsed": 717.014977, "delta": 0.869676}}
{"target": 0.3593668074495998, "params": {"C": 34.86146277282823, "epsilon": 4.819315876794533, "gamma": 0.9, "lamda": 1.0}, "datetime": {"datetime": "2021-07-04 10:00:56", "elapsed": 718.201806, "delta": 1.186829}}
{"target": -9.198206687824234, "params": {"C": 40.0, "epsilon": 4.59883347859417, "gamma": 0.01, "lamda": 1.0}, "datetime": {"datetime": "2021-07-04 10:01:07", "elapsed": 728.880272, "delta": 10.678466}}
{"target": 0.36404053553787497, "params": {"C": 38.08306912955911, "epsilon": 7.946120082049515, "gamma": 0.9, "lamda": 0.1}, "datetime": {"datetime": "2021-07-04 10:01:08", "elapsed": 730.042169, "delta": 1.161897}}
{"target": 0.35932213501361854, "params": {"C": 33.239042458305924, "epsilon": 4.390234599684633, "gamma": 0.9, "lamda": 1.0}, "datetime": {"datetime": "2021-07-04 10:01:09", "elapsed": 731.507252, "delta": 1.465083}}
{"target": 0.36476648765928843, "params": {"C": 34.31455007325268, "epsilon": 8.298190634381157, "gamma": 0.9, "lamda": 1.0}, "datetime": {"datetime": "2021-07-04 10:01:10", "elapsed": 732.577392, "delta": 1.07014}}
{"target": -0.5303007721297683, "params": {"C": 39.20392704124761, "epsilon": 2.1405832181762756, "gamma": 0.3144739526381686, "lamda": 0.8364689000794266}, "datetime": {"datetime": "2021-07-04 10:01:20", "elapsed": 742.631528, "delta": 10.054136}}
{"target": -8.472930641361524, "params": {"C": 31.61190479521071, "epsilon": 3.7999771547875536, "gamma": 0.01, "lamda": 1.0}, "datetime": {"datetime": "2021-07-04 10:01:33", "elapsed": 755.152072, "delta": 12.520544}}
{"target": -3.33011688139099, "params": {"C": 38.49555697971259, "epsilon": 9.769082877134377, "gamma": 0.07443139525719827, "lamda": 0.2838958760170637}, "datetime": {"datetime": "2021-07-04 10:01:40", "elapsed": 761.821252, "delta": 6.66918}}
{"target": 0.3510328210133734, "params": {"C": 39.41663178214267, "epsilon": 1.623303133674964, "gamma": 0.9, "lamda": 0.318364949133846}, "datetime": {"datetime": "2021-07-04 10:01:41", "elapsed": 763.013066, "delta": 1.191814}}
{"target": 0.35169538026332925, "params": {"C": 37.115554343467686, "epsilon": 1.8052286958493318, "gamma": 0.9, "lamda": 0.1}, "datetime": {"datetime": "2021-07-04 10:01:43", "elapsed": 765.035661, "delta": 2.022595}}
{"target": -3.1459148143982887, "params": {"C": 38.97782546835528, "epsilon": 5.795661734648161, "gamma": 0.07084301268143614, "lamda": 0.2929802495164977}, "datetime": {"datetime": "2021-07-04 10:01:49", "elapsed": 771.645997, "delta": 6.610336}}
{"target": 0.8017137325432901, "params": {"C": 38.91006068297419, "epsilon": 6.3467028396044896, "gamma": 0.12503497335613076, "lamda": 0.5781426033700267}, "datetime": {"datetime": "2021-07-04 10:01:51", "elapsed": 773.048251, "delta": 1.402254}}
{"target": 0.36151193937587334, "params": {"C": 38.480990631117905, "epsilon": 6.055141644702292, "gamma": 0.9, "lamda": 0.4349352459219253}, "datetime": {"datetime": "2021-07-04 10:01:52", "elapsed": 774.578163, "delta": 1.529912}}
{"target": 0.38859186443543503, "params": {"C": 38.207717211018306, "epsilon": 2.152293881963114, "gamma": 0.7758393248661497, "lamda": 0.24193811474746266}, "datetime": {"datetime": "2021-07-04 10:01:53", "elapsed": 775.551562, "delta": 0.973399}}
{"target": 0.35656639093330655, "params": {"C": 33.60072888525574, "epsilon": 3.2600092659403948, "gamma": 0.9, "lamda": 1.0}, "datetime": {"datetime": "2021-07-04 10:01:55", "elapsed": 777.029612, "delta": 1.47805}}
{"target": 0.5183523717186707, "params": {"C": 34.455889793490776, "epsilon": 4.344536035668414, "gamma": 0.46423652327211407, "lamda": 0.7046822725436397}, "datetime": {"datetime": "2021-07-04 10:01:56", "elapsed": 777.966109, "delta": 0.936497}}
{"target": 0.3650243778491371, "params": {"C": 36.26442622585301, "epsilon": 9.069324289472462, "gamma": 0.9, "lamda": 0.1}, "datetime": {"datetime": "2021-07-04 10:01:57", "elapsed": 779.160917, "delta": 1.194808}}
{"target": 0.36964104370183615, "params": {"C": 36.906001524638306, "epsilon": 6.98470545054312, "gamma": 0.8749782735924936, "lamda": 0.27134256923600053}, "datetime": {"datetime": "2021-07-04 10:01:58", "elapsed": 780.105394, "delta": 0.944477}}
{"target": 0.47205674389035235, "params": {"C": 36.654529397714036, "epsilon": 2.199038025907447, "gamma": 0.5551790266193494, "lamda": 0.6266836839683956}, "datetime": {"datetime": "2021-07-04 10:01:59", "elapsed": 781.118687, "delta": 1.013293}}
{"target": 0.6574271920713088, "params": {"C": 33.49810769636171, "epsilon": 9.374701112015288, "gamma": 0.2627744783674209, "lamda": 0.30056578722634963}, "datetime": {"datetime": "2021-07-04 10:02:00", "elapsed": 782.347402, "delta": 1.228715}}
{"target": 0.35043737408087017, "params": {"C": 34.71478428652055, "epsilon": 1.360823655416904, "gamma": 0.9, "lamda": 0.1}, "datetime": {"datetime": "2021-07-04 10:02:01", "elapsed": 783.536227, "delta": 1.188825}}
{"target": 0.35324571252461723, "params": {"C": 36.328164576658565, "epsilon": 2.3238214218013673, "gamma": 0.9, "lamda": 1.0}, "datetime": {"datetime": "2021-07-04 10:02:03", "elapsed": 784.972388, "delta": 1.436161}}
{"target": 0.36571425410292857, "params": {"C": 33.105547259323245, "epsilon": 10.0, "gamma": 0.9, "lamda": 0.1}, "datetime": {"datetime": "2021-07-04 10:02:04", "elapsed": 786.469388, "delta": 1.497}}
{"target": 0.35978555944983637, "params": {"C": 31.754920416469506, "epsilon": 4.583498264832219, "gamma": 0.9, "lamda": 0.4116944358653781}, "datetime": {"datetime": "2021-07-04 10:02:06", "elapsed": 787.853691, "delta": 1.384303}}
{"target": 0.3520413476054013, "params": {"C": 32.23373112128291, "epsilon": 1.7028864109535864, "gamma": 0.9, "lamda": 0.1}, "datetime": {"datetime": "2021-07-04 10:02:07", "elapsed": 789.200092, "delta": 1.346401}}
{"target": 0.3629503821293125, "params": {"C": 36.29107778437108, "epsilon": 6.541968574908605, "gamma": 0.897676702081402, "lamda": 0.11169698320696443}, "datetime": {"datetime": "2021-07-04 10:02:08", "elapsed": 790.176484, "delta": 0.976392}}
{"target": 0.35565075678173486, "params": {"C": 36.73096242088152, "epsilon": 2.4147079953228023, "gamma": 0.8919793818562591, "lamda": 0.12051307132964459}, "datetime": {"datetime": "2021-07-04 10:02:10", "elapsed": 791.726342, "delta": 1.549858}}
{"target": -9.009989020748272, "params": {"C": 35.480843184380035, "epsilon": 9.970765955841015, "gamma": 0.03959244259325007, "lamda": 0.9340638175072115}, "datetime": {"datetime": "2021-07-04 10:02:21", "elapsed": 803.236584, "delta": 11.510242}}
{"target": 0.43459566711651565, "params": {"C": 37.6227779079507, "epsilon": 3.4533341715513073, "gamma": 0.6505428481821791, "lamda": 0.13388316882574375}, "datetime": {"datetime": "2021-07-04 10:02:23", "elapsed": 805.379857, "delta": 2.143273}}
{"target": 0.3592853263866689, "params": {"C": 33.95916050444672, "epsilon": 4.566416847645225, "gamma": 0.9, "lamda": 0.5679257438817339}, "datetime": {"datetime": "2021-07-04 10:02:25", "elapsed": 806.996538, "delta": 1.616681}}
{"target": 0.5752098997965577, "params": {"C": 34.407251810111774, "epsilon": 10.0, "gamma": 0.3694522390498328, "lamda": 0.1}, "datetime": {"datetime": "2021-07-04 10:02:27", "elapsed": 808.698988, "delta": 1.70245}}
{"target": 0.352768493892884, "params": {"C": 30.768547320228272, "epsilon": 1.913045989433574, "gamma": 0.9, "lamda": 0.24209581131695393}, "datetime": {"datetime": "2021-07-04 10:02:28", "elapsed": 810.30769, "delta": 1.608702}}
{"target": 0.4641878986266875, "params": {"C": 37.04237540554531, "epsilon": 7.8255256050626185, "gamma": 0.5892700454264233, "lamda": 0.5386517881235745}, "datetime": {"datetime": "2021-07-04 10:02:31", "elapsed": 813.400426, "delta": 3.092736}}
{"target": -9.022163677667587, "params": {"C": 38.50996592194682, "epsilon": 7.508291742321226, "gamma": 0.01, "lamda": 1.0}, "datetime": {"datetime": "2021-07-04 10:02:41", "elapsed": 823.301969, "delta": 9.901543}}
{"target": 0.38626993124432674, "params": {"C": 38.215036714264414, "epsilon": 7.167397691950677, "gamma": 0.8166434074200917, "lamda": 0.10719714378117616}, "datetime": {"datetime": "2021-07-04 10:02:43", "elapsed": 824.770045, "delta": 1.468076}}
{"target": 0.3948182393305598, "params": {"C": 39.44186822197149, "epsilon": 6.091536017882527, "gamma": 0.7832070239466282, "lamda": 0.3269189328844283}, "datetime": {"datetime": "2021-07-04 10:02:44", "elapsed": 826.195237, "delta": 1.425192}}
{"target": 0.36476499190369915, "params": {"C": 36.0420952774752, "epsilon": 8.70002833413792, "gamma": 0.9, "lamda": 1.0}, "datetime": {"datetime": "2021-07-04 10:02:46", "elapsed": 827.895693, "delta": 1.700456}}
{"target": 0.3615661447724967, "params": {"C": 32.80122590206411, "epsilon": 5.507915837629576, "gamma": 0.9, "lamda": 1.0}, "datetime": {"datetime": "2021-07-04 10:02:47", "elapsed": 829.212176, "delta": 1.316483}}
{"target": 0.3657240266627588, "params": {"C": 31.95054543272671, "epsilon": 10.0, "gamma": 0.9, "lamda": 1.0}, "datetime": {"datetime": "2021-07-04 10:02:48", "elapsed": 830.608445, "delta": 1.396269}}
{"target": 0.4671508474385776, "params": {"C": 31.394059635827514, "epsilon": 4.974570939285261, "gamma": 0.5786580142178241, "lamda": 0.459149453118194}, "datetime": {"datetime": "2021-07-04 10:02:49", "elapsed": 831.657641, "delta": 1.049196}}
{"target": 0.3634479926482991, "params": {"C": 35.03870298411847, "epsilon": 7.348003910093921, "gamma": 0.9, "lamda": 1.0}, "datetime": {"datetime": "2021-07-04 10:02:51", "elapsed": 832.946198, "delta": 1.288557}}
{"target": 0.3588709293560417, "params": {"C": 30.695473912948025, "epsilon": 4.156210838810348, "gamma": 0.9, "lamda": 0.7161935608531789}, "datetime": {"datetime": "2021-07-04 10:02:52", "elapsed": 834.507027, "delta": 1.560829}}
{"target": -9.1472862149123, "params": {"C": 37.343080148775066, "epsilon": 10.0, "gamma": 0.01, "lamda": 1.0}, "datetime": {"datetime": "2021-07-04 10:03:00", "elapsed": 841.858383, "delta": 7.351356}}
{"target": 0.3800157377403247, "params": {"C": 31.379266257339292, "epsilon": 1.17884144518393, "gamma": 0.7959648566050318, "lamda": 0.17699156411243178}, "datetime": {"datetime": "2021-07-04 10:03:01", "elapsed": 842.928524, "delta": 1.070141}}
{"target": 0.3651107272134986, "params": {"C": 31.869763033781744, "epsilon": 8.362938529734345, "gamma": 0.9, "lamda": 0.1}, "datetime": {"datetime": "2021-07-04 10:03:02", "elapsed": 844.372667, "delta": 1.444143}}
{"target": 0.35694512788063737, "params": {"C": 34.03078468151079, "epsilon": 3.5527132610784204, "gamma": 0.9, "lamda": 0.1}, "datetime": {"datetime": "2021-07-04 10:03:04", "elapsed": 845.858694, "delta": 1.486027}}
{"target": 0.5758705598884163, "params": {"C": 36.95633132846196, "epsilon": 9.977575321178866, "gamma": 0.3677630170802605, "lamda": 0.12655546841778087}, "datetime": {"datetime": "2021-07-04 10:03:05", "elapsed": 847.236015, "delta": 1.377321}}
{"target": 0.35290172008969345, "params": {"C": 34.64191486182221, "epsilon": 2.1784529121084373, "gamma": 0.9, "lamda": 1.0}, "datetime": {"datetime": "2021-07-04 10:03:07", "elapsed": 848.996311, "delta": 1.760296}}
{"target": 0.42278953535810204, "params": {"C": 33.86186331573162, "epsilon": 1.2544094335597293, "gamma": 0.6683997244322697, "lamda": 0.4743986288967089}, "datetime": {"datetime": "2021-07-04 10:03:08", "elapsed": 850.080414, "delta": 1.084103}}
{"target": 0.36548640126237075, "params": {"C": 36.723837758348616, "epsilon": 10.0, "gamma": 0.9, "lamda": 0.4848512716455132}, "datetime": {"datetime": "2021-07-04 10:03:09", "elapsed": 851.516575, "delta": 1.436161}}
{"target": 0.7067037140544301, "params": {"C": 38.32634854341528, "epsilon": 6.5524835463639945, "gamma": 0.20892112896226167, "lamda": 0.1}, "datetime": {"datetime": "2021-07-04 10:03:12", "elapsed": 853.699743, "delta": 2.183168}}
{"target": 0.354422825283195, "params": {"C": 38.201969650202315, "epsilon": 2.7787004323140763, "gamma": 0.9, "lamda": 1.0}, "datetime": {"datetime": "2021-07-04 10:03:13", "elapsed": 855.367286, "delta": 1.667543}}
{"target": 0.36426151498939097, "params": {"C": 37.54141141564139, "epsilon": 8.155878260113878, "gamma": 0.9, "lamda": 1.0}, "datetime": {"datetime": "2021-07-04 10:03:15", "elapsed": 857.131572, "delta": 1.764286}}
{"target": 0.5974871660344092, "params": {"C": 38.55758447696776, "epsilon": 2.2257173811415893, "gamma": 0.33049704259024715, "lamda": 0.2368619406736348}, "datetime": {"datetime": "2021-07-04 10:03:16", "elapsed": 858.354305, "delta": 1.222733}}
