{"target": -1.5498477661459118, "params": {"C": 28.729778252937958, "epsilon": 1.8182425838019591, "gamma": 0.1550284261872795, "lamda": 0.7303583685356225}, "datetime": {"datetime": "2021-07-03 19:10:44", "elapsed": 395.147244, "delta": 10.855029}}
{"target": 0.7569528197576723, "params": {"C": 25.864204179137083, "epsilon": 5.197861872534442, "gamma": 0.16301663209006434, "lamda": 0.9122738467042131}, "datetime": {"datetime": "2021-07-03 19:10:45", "elapsed": 395.836191, "delta": 0.688947}}
{"target": 0.367331119536901, "params": {"C": 28.96626001877565, "epsilon": 6.6022334737660495, "gamma": 0.8850734685656105, "lamda": 0.7666677841942118}, "datetime": {"datetime": "2021-07-03 19:10:46", "elapsed": 396.85714, "delta": 1.020949}}
{"target": 0.4867704060227068, "params": {"C": 29.975337030721633, "epsilon": 6.461510821643174, "gamma": 0.5369200762446797, "lamda": 0.9881267333505495}, "datetime": {"datetime": "2021-07-03 19:10:47", "elapsed": 397.898891, "delta": 1.041751}}
{"target": 0.3819154009719574, "params": {"C": 28.18879528843807, "epsilon": 6.119573510230746, "gamma": 0.8276061603268213, "lamda": 0.5711335718986755}, "datetime": {"datetime": "2021-07-03 19:10:48", "elapsed": 398.917434, "delta": 1.018543}}
{"target": 0.3654959724264175, "params": {"C": 28.915090946358653, "epsilon": 7.901450575310036, "gamma": 0.8973261457636208, "lamda": 0.8467658528237468}, "datetime": {"datetime": "2021-07-03 19:10:49", "elapsed": 399.895841, "delta": 0.978407}}
{"target": 0.43209525536180204, "params": {"C": 25.386090097853547, "epsilon": 6.467886284209361, "gamma": 0.6660513950020875, "lamda": 0.43438406560703346}, "datetime": {"datetime": "2021-07-03 19:10:50", "elapsed": 400.838175, "delta": 0.942334}}
{"target": 0.35746434830187146, "params": {"C": 24.8235946746016, "epsilon": 4.729503266005161, "gamma": 0.9, "lamda": 0.3211203927453882}, "datetime": {"datetime": "2021-07-03 19:10:51", "elapsed": 401.936733, "delta": 1.098558}}
{"target": 0.4043194346475717, "params": {"C": 20.30360184425818, "epsilon": 3.1024790145083885, "gamma": 0.6895377810525123, "lamda": 0.9524727685989235}, "datetime": {"datetime": "2021-07-03 19:10:52", "elapsed": 402.798243, "delta": 0.86151}}
{"target": 0.45274587650058895, "params": {"C": 22.818238534194485, "epsilon": 1.855949161110732, "gamma": 0.579579523265894, "lamda": 0.15438994636564715}, "datetime": {"datetime": "2021-07-03 19:10:52", "elapsed": 403.432611, "delta": 0.634368}}
{"target": 0.4917179684382008, "params": {"C": 23.10815028066034, "epsilon": 5.459180080343187, "gamma": 0.5085389745615672, "lamda": 0.1571101856681479}, "datetime": {"datetime": "2021-07-03 19:10:53", "elapsed": 404.066723, "delta": 0.634112}}
{"target": 0.36113035082727307, "params": {"C": 29.34145572876727, "epsilon": 5.2235440865543445, "gamma": 0.9, "lamda": 0.5369965622509325}, "datetime": {"datetime": "2021-07-03 19:10:54", "elapsed": 405.2235, "delta": 1.156777}}
{"target": 0.47675421283690167, "params": {"C": 27.738422127855706, "epsilon": 1.8780841724301474, "gamma": 0.5443186001021482, "lamda": 0.23773980176475656}, "datetime": {"datetime": "2021-07-03 19:10:55", "elapsed": 405.902424, "delta": 0.678924}}
{"target": 0.3843797462936719, "params": {"C": 21.246142302086312, "epsilon": 3.112372564274762, "gamma": 0.7612879434235361, "lamda": 0.2096086913453765}, "datetime": {"datetime": "2021-07-03 19:10:56", "elapsed": 406.969316, "delta": 1.066892}}
{"target": 0.35064885819261815, "params": {"C": 22.166957985602256, "epsilon": 4.525691173255547, "gamma": 0.9, "lamda": 0.1}, "datetime": {"datetime": "2021-07-03 19:10:57", "elapsed": 408.31903, "delta": 1.349714}}
{"target": 0.3512734315026711, "params": {"C": 27.974009783220474, "epsilon": 1.4163527859105642, "gamma": 0.9, "lamda": 0.1}, "datetime": {"datetime": "2021-07-03 19:10:58", "elapsed": 409.2581, "delta": 0.93907}}
{"target": 0.3537322118046893, "params": {"C": 21.98239738699476, "epsilon": 6.5362084849066635, "gamma": 0.9, "lamda": 1.0}, "datetime": {"datetime": "2021-07-03 19:10:59", "elapsed": 410.369509, "delta": 1.111409}}
{"target": 0.35085136614537027, "params": {"C": 24.00645275182201, "epsilon": 1.9913638938880989, "gamma": 0.8907648374448783, "lamda": 0.5709809385916387}, "datetime": {"datetime": "2021-07-03 19:11:00", "elapsed": 411.085348, "delta": 0.715839}}
{"target": 0.7528828785201378, "params": {"C": 27.869428791426003, "epsilon": 3.8620686345449364, "gamma": 0.1668456565658768, "lamda": 0.1}, "datetime": {"datetime": "2021-07-03 19:11:01", "elapsed": 412.320376, "delta": 1.235028}}
{"target": 0.6668212103656861, "params": {"C": 27.2364330898535, "epsilon": 3.8848382483633266, "gamma": 0.25246032351830855, "lamda": 0.5740822963953041}, "datetime": {"datetime": "2021-07-03 19:11:02", "elapsed": 413.331617, "delta": 1.011241}}
{"target": 0.5929203746794611, "params": {"C": 26.596887795994157, "epsilon": 4.160180532878538, "gamma": 0.3445831650140179, "lamda": 0.9698336353323641}, "datetime": {"datetime": "2021-07-03 19:11:03", "elapsed": 414.345242, "delta": 1.013625}}
{"target": 0.37769785810675327, "params": {"C": 27.28421851749431, "epsilon": 3.6540608207352987, "gamma": 0.8260738177425219, "lamda": 0.8609679771019829}, "datetime": {"datetime": "2021-07-03 19:11:04", "elapsed": 415.410206, "delta": 1.064964}}
{"target": 0.355013384183969, "params": {"C": 24.341806241538666, "epsilon": 4.222657244157204, "gamma": 0.9, "lamda": 0.966322647050894}, "datetime": {"datetime": "2021-07-03 19:11:05", "elapsed": 416.477065, "delta": 1.066859}}
{"target": 0.36208766902357015, "params": {"C": 26.796212156311913, "epsilon": 4.286191752317586, "gamma": 0.8901470890582723, "lamda": 0.6235317798903146}, "datetime": {"datetime": "2021-07-03 19:11:06", "elapsed": 417.541695, "delta": 1.06463}}
{"target": 0.536564084589857, "params": {"C": 25.673669716840216, "epsilon": 4.575094147497902, "gamma": 0.43100662859771605, "lamda": 0.975202329329697}, "datetime": {"datetime": "2021-07-03 19:11:07", "elapsed": 418.257052, "delta": 0.715357}}
{"target": 0.5580463887168468, "params": {"C": 26.413318262745747, "epsilon": 3.6554077962204774, "gamma": 0.39400811046350814, "lamda": 0.3292721782328578}, "datetime": {"datetime": "2021-07-03 19:11:08", "elapsed": 419.131294, "delta": 0.874242}}
{"target": -6.581715452233074, "params": {"C": 26.121638629322245, "epsilon": 3.6771556672528085, "gamma": 0.05, "lamda": 0.9766292371475861}, "datetime": {"datetime": "2021-07-03 19:11:19", "elapsed": 429.781551, "delta": 10.650257}}
{"target": 0.6889932699495471, "params": {"C": 25.834761875847576, "epsilon": 2.4983533039894077, "gamma": 0.2280653035385315, "lamda": 0.8746001564530467}, "datetime": {"datetime": "2021-07-03 19:11:20", "elapsed": 430.794355, "delta": 1.012804}}
{"target": 0.3588194413622722, "params": {"C": 22.810926209840016, "epsilon": 8.830384975621467, "gamma": 0.8969716307906205, "lamda": 0.6387502395905721}, "datetime": {"datetime": "2021-07-03 19:11:20", "elapsed": 431.523569, "delta": 0.729214}}
{"target": 0.6304376760535036, "params": {"C": 26.845169668893725, "epsilon": 4.7808820826963, "gamma": 0.2957894673580981, "lamda": 1.0}, "datetime": {"datetime": "2021-07-03 19:11:22", "elapsed": 432.724872, "delta": 1.201303}}
{"target": 0.35756729888062044, "params": {"C": 26.676306916592598, "epsilon": 3.4427226568971743, "gamma": 0.9, "lamda": 0.42526460189621923}, "datetime": {"datetime": "2021-07-03 19:11:23", "elapsed": 433.789421, "delta": 1.064549}}
{"target": 0.35513660710071915, "params": {"C": 25.334222522313368, "epsilon": 3.3104347282496613, "gamma": 0.9, "lamda": 0.7771676804466886}, "datetime": {"datetime": "2021-07-03 19:11:24", "elapsed": 435.245875, "delta": 1.456454}}
{"target": 0.7836738993801164, "params": {"C": 22.487517644279656, "epsilon": 5.253347136190325, "gamma": 0.13592970642578428, "lamda": 0.2505982001904151}, "datetime": {"datetime": "2021-07-03 19:11:25", "elapsed": 436.0412, "delta": 0.795325}}
{"target": 0.6128385244912197, "params": {"C": 24.266612082193795, "epsilon": 1.0887919797583043, "gamma": 0.3126654855295775, "lamda": 0.43477333684261743}, "datetime": {"datetime": "2021-07-03 19:11:26", "elapsed": 437.193121, "delta": 1.151921}}
{"target": 0.3629758593226886, "params": {"C": 25.558488637926764, "epsilon": 7.474954820127977, "gamma": 0.9, "lamda": 1.0}, "datetime": {"datetime": "2021-07-03 19:11:27", "elapsed": 438.492399, "delta": 1.299278}}
{"target": -6.469315590061203, "params": {"C": 23.959777196895267, "epsilon": 1.4635005370962926, "gamma": 0.05, "lamda": 0.895765922950749}, "datetime": {"datetime": "2021-07-03 19:11:37", "elapsed": 448.306282, "delta": 9.813883}}
{"target": 0.42108429131151526, "params": {"C": 21.057551734185, "epsilon": 8.275795480131233, "gamma": 0.668635170788073, "lamda": 0.10700213481035609}, "datetime": {"datetime": "2021-07-03 19:11:38", "elapsed": 449.024252, "delta": 0.71797}}
{"target": 0.3727574747451282, "params": {"C": 24.019928330217496, "epsilon": 1.148394785723799, "gamma": 0.8038787275921745, "lamda": 0.2730000909476963}, "datetime": {"datetime": "2021-07-03 19:11:41", "elapsed": 452.402034, "delta": 3.377782}}
{"target": 0.3657133029955797, "params": {"C": 26.140660651089622, "epsilon": 3.972336235095189, "gamma": 0.8711450247389272, "lamda": 0.1989123430651225}, "datetime": {"datetime": "2021-07-03 19:11:43", "elapsed": 453.820309, "delta": 1.418275}}
{"target": 0.3576724417278666, "params": {"C": 29.29158517822507, "epsilon": 3.6372250875867453, "gamma": 0.9, "lamda": 0.1}, "datetime": {"datetime": "2021-07-03 19:11:44", "elapsed": 455.042059, "delta": 1.22175}}
{"target": 0.3932572573541764, "params": {"C": 29.32322089846828, "epsilon": 3.554999116512013, "gamma": 0.7761418606361965, "lamda": 0.8882731764893524}, "datetime": {"datetime": "2021-07-03 19:11:45", "elapsed": 455.704489, "delta": 0.66243}}
{"target": 0.6032733412340605, "params": {"C": 24.387073995123103, "epsilon": 1.5300139679472198, "gamma": 0.3256278964758355, "lamda": 0.10779749238688958}, "datetime": {"datetime": "2021-07-03 19:11:46", "elapsed": 457.098068, "delta": 1.393579}}
{"target": 0.4364555212973127, "params": {"C": 29.97215747667687, "epsilon": 9.126873394909754, "gamma": 0.6650698326145471, "lamda": 0.4735875447264001}, "datetime": {"datetime": "2021-07-03 19:11:48", "elapsed": 458.607308, "delta": 1.50924}}
{"target": 0.5679502892495925, "params": {"C": 27.193789067644524, "epsilon": 3.446027466741712, "gamma": 0.3787082947303332, "lamda": 0.8933715131978769}, "datetime": {"datetime": "2021-07-03 19:11:49", "elapsed": 459.731229, "delta": 1.123921}}
{"target": 0.3636972056520543, "params": {"C": 26.51810419883396, "epsilon": 6.616977792563133, "gamma": 0.9, "lamda": 0.22832177922653468}, "datetime": {"datetime": "2021-07-03 19:11:50", "elapsed": 461.406307, "delta": 1.675078}}
{"target": -3.110843883416173, "params": {"C": 27.35988960391733, "epsilon": 4.457948641897534, "gamma": 0.09223125978914173, "lamda": 0.1}, "datetime": {"datetime": "2021-07-03 19:12:00", "elapsed": 470.9611, "delta": 9.554793}}
{"target": 0.35795649576760724, "params": {"C": 24.53177604595119, "epsilon": 5.503712740702911, "gamma": 0.9, "lamda": 0.1}, "datetime": {"datetime": "2021-07-03 19:12:01", "elapsed": 471.960803, "delta": 0.999703}}
{"target": 0.6321646028340108, "params": {"C": 22.334434593267872, "epsilon": 1.4813802161236223, "gamma": 0.2822961789484474, "lamda": 0.20393844839921882}, "datetime": {"datetime": "2021-07-03 19:12:02", "elapsed": 472.752582, "delta": 0.791779}}
{"target": 0.3577693792376926, "params": {"C": 30.0, "epsilon": 3.68475290011922, "gamma": 0.9, "lamda": 0.6897954659239497}, "datetime": {"datetime": "2021-07-03 19:12:03", "elapsed": 473.858437, "delta": 1.105855}}
{"target": 0.6751990797971288, "params": {"C": 23.41622593495949, "epsilon": 6.952210042786115, "gamma": 0.23981875319124063, "lamda": 0.21885389930069615}, "datetime": {"datetime": "2021-07-03 19:12:04", "elapsed": 474.618222, "delta": 0.759785}}
{"target": 0.403670746664071, "params": {"C": 21.818709993268122, "epsilon": 5.799441030426472, "gamma": 0.7218955277300155, "lamda": 0.6675349885565433}, "datetime": {"datetime": "2021-07-03 19:12:04", "elapsed": 475.421123, "delta": 0.802901}}
{"target": 0.495169595596734, "params": {"C": 22.85182084290792, "epsilon": 5.072134591555989, "gamma": 0.49798788575048136, "lamda": 0.9544837632180865}, "datetime": {"datetime": "2021-07-03 19:12:05", "elapsed": 476.244605, "delta": 0.823482}}
{"target": 0.660136543371765, "params": {"C": 23.60080887139183, "epsilon": 6.2565255067418875, "gamma": 0.25668682458663583, "lamda": 0.2848172911641986}, "datetime": {"datetime": "2021-07-03 19:12:06", "elapsed": 477.310128, "delta": 1.065523}}
{"target": 0.39869138381417835, "params": {"C": 23.237650390215613, "epsilon": 6.661918801662851, "gamma": 0.7526568428417828, "lamda": 0.6668762025232746}, "datetime": {"datetime": "2021-07-03 19:12:07", "elapsed": 478.38674, "delta": 1.076612}}
{"target": -2.534615573843151, "params": {"C": 26.514685451068747, "epsilon": 2.460061098268631, "gamma": 0.10071415789422408, "lamda": 0.5472960605474234}, "datetime": {"datetime": "2021-07-03 19:12:16", "elapsed": 487.23746, "delta": 8.85072}}
{"target": 0.3960235477888602, "params": {"C": 21.78707529625342, "epsilon": 1.972065217010459, "gamma": 0.7205603992716477, "lamda": 0.12984456339962344}, "datetime": {"datetime": "2021-07-03 19:12:17", "elapsed": 488.4138, "delta": 1.17634}}
{"target": 0.35252025575925305, "params": {"C": 20.587876741362457, "epsilon": 5.0680575117710625, "gamma": 0.8814213884034384, "lamda": 0.3113573529638953}, "datetime": {"datetime": "2021-07-03 19:12:18", "elapsed": 489.484742, "delta": 1.070942}}
{"target": 0.3538360011890145, "params": {"C": 28.16627249519367, "epsilon": 2.2269559098394094, "gamma": 0.9, "lamda": 0.1}, "datetime": {"datetime": "2021-07-03 19:12:20", "elapsed": 490.659888, "delta": 1.175146}}
{"target": 0.3931592764409222, "params": {"C": 22.12133317934022, "epsilon": 8.208119384353495, "gamma": 0.7653966922927954, "lamda": 0.5209065758329321}, "datetime": {"datetime": "2021-07-03 19:12:21", "elapsed": 491.899856, "delta": 1.239968}}
{"target": -1.5474732948005676, "params": {"C": 22.625549404311542, "epsilon": 8.294207472861567, "gamma": 0.32242916251194825, "lamda": 1.0}, "datetime": {"datetime": "2021-07-03 19:12:30", "elapsed": 501.49224, "delta": 9.592384}}
{"target": 0.8208062032210667, "params": {"C": 23.358217386377888, "epsilon": 6.539192887129663, "gamma": 0.10490591214159806, "lamda": 0.9195602115123955}, "datetime": {"datetime": "2021-07-03 19:12:32", "elapsed": 502.662137, "delta": 1.169897}}
{"target": 0.35389495504508006, "params": {"C": 24.575110837740507, "epsilon": 3.5488757955688097, "gamma": 0.9, "lamda": 0.260596755825441}, "datetime": {"datetime": "2021-07-03 19:12:33", "elapsed": 504.114193, "delta": 1.452056}}
{"target": 0.39013930634475935, "params": {"C": 21.785361111709225, "epsilon": 1.9786120852945084, "gamma": 0.738698002315094, "lamda": 0.10879222435724413}, "datetime": {"datetime": "2021-07-03 19:12:34", "elapsed": 504.916231, "delta": 0.802038}}
{"target": 0.4423636746236216, "params": {"C": 23.878134145836007, "epsilon": 6.46844352793778, "gamma": 0.6295126038581922, "lamda": 0.9052653536799892}, "datetime": {"datetime": "2021-07-03 19:12:35", "elapsed": 505.946112, "delta": 1.029881}}
{"target": 0.36346435202022653, "params": {"C": 27.433985641559282, "epsilon": 6.407005135172845, "gamma": 0.9, "lamda": 0.1}, "datetime": {"datetime": "2021-07-03 19:12:36", "elapsed": 507.009928, "delta": 1.063816}}
{"target": 0.3693477229211206, "params": {"C": 21.768525462659678, "epsilon": 7.421244669390352, "gamma": 0.8427701033291377, "lamda": 0.7049689249260486}, "datetime": {"datetime": "2021-07-03 19:12:37", "elapsed": 508.11243, "delta": 1.102502}}
{"target": 0.4238872157145904, "params": {"C": 28.6950836978426, "epsilon": 5.270507119719316, "gamma": 0.68919402414479, "lamda": 0.603388465201934}, "datetime": {"datetime": "2021-07-03 19:12:38", "elapsed": 508.925959, "delta": 0.813529}}
{"target": 0.35536988140739867, "params": {"C": 21.75145691357132, "epsilon": 8.838500608162187, "gamma": 0.9, "lamda": 0.1}, "datetime": {"datetime": "2021-07-03 19:12:39", "elapsed": 510.142535, "delta": 1.216576}}
{"target": -1.1028249031440476, "params": {"C": 21.354849707055486, "epsilon": 8.33471537712756, "gamma": 0.9, "lamda": 0.8507165029505303}, "datetime": {"datetime": "2021-07-03 19:12:51", "elapsed": 521.744615, "delta": 11.60208}}
{"target": 0.35055742073568397, "params": {"C": 24.52996147076231, "epsilon": 2.357464893038223, "gamma": 0.9, "lamda": 0.1}, "datetime": {"datetime": "2021-07-03 19:12:52", "elapsed": 522.843651, "delta": 1.099036}}
{"target": 0.3941906472165896, "params": {"C": 26.443403824864653, "epsilon": 1.6986522035808365, "gamma": 0.755797105253385, "lamda": 0.6986846105625866}, "datetime": {"datetime": "2021-07-03 19:12:53", "elapsed": 523.623909, "delta": 0.780258}}
{"target": 0.41263679964760147, "params": {"C": 22.54153955636149, "epsilon": 2.6730253094737697, "gamma": 0.6829656183518112, "lamda": 0.7266921648185627}, "datetime": {"datetime": "2021-07-03 19:12:53", "elapsed": 524.497163, "delta": 0.873254}}
{"target": 0.7855012786619463, "params": {"C": 20.86679400773318, "epsilon": 7.927606518217017, "gamma": 0.12974313837645113, "lamda": 0.5111184320440598}, "datetime": {"datetime": "2021-07-03 19:12:54", "elapsed": 525.430192, "delta": 0.933029}}
{"target": -7.544537400536589, "params": {"C": 20.48278053302359, "epsilon": 8.408000487514594, "gamma": 0.05, "lamda": 0.1}, "datetime": {"datetime": "2021-07-03 19:13:04", "elapsed": 535.226613, "delta": 9.796421}}
{"target": 0.5109306931729772, "params": {"C": 21.453593252361294, "epsilon": 7.824705930309871, "gamma": 0.461826171123209, "lamda": 0.13185831089023733}, "datetime": {"datetime": "2021-07-03 19:13:05", "elapsed": 536.252404, "delta": 1.025791}}
{"target": -7.611057418325558, "params": {"C": 21.33928773336962, "epsilon": 7.732970585556042, "gamma": 0.05, "lamda": 0.8255522075788922}, "datetime": {"datetime": "2021-07-03 19:13:14", "elapsed": 545.470379, "delta": 9.217975}}
{"target": 0.38462879520666127, "params": {"C": 21.005021122104726, "epsilon": 7.524616379529213, "gamma": 0.7810542598084996, "lamda": 0.1017803955969225}, "datetime": {"datetime": "2021-07-03 19:13:16", "elapsed": 546.702927, "delta": 1.232548}}
{"target": 0.35529289048668267, "params": {"C": 22.083629746085002, "epsilon": 7.6544422886072825, "gamma": 0.9, "lamda": 0.1}, "datetime": {"datetime": "2021-07-03 19:13:17", "elapsed": 548.006502, "delta": 1.303575}}
{"target": -7.417431812629442, "params": {"C": 25.562030196584022, "epsilon": 6.849512981455521, "gamma": 0.050330984228766765, "lamda": 0.7863983317280652}, "datetime": {"datetime": "2021-07-03 19:13:26", "elapsed": 556.808507, "delta": 8.802005}}
{"target": 0.4874283951597488, "params": {"C": 29.261615140222652, "epsilon": 4.243556498251191, "gamma": 0.5299175748145935, "lamda": 0.6265782637043418}, "datetime": {"datetime": "2021-07-03 19:13:27", "elapsed": 558.001493, "delta": 1.192986}}
{"target": 0.3591460260207422, "params": {"C": 26.134979877004522, "epsilon": 4.380265717771656, "gamma": 0.9, "lamda": 1.0}, "datetime": {"datetime": "2021-07-03 19:13:28", "elapsed": 559.381038, "delta": 1.379545}}
{"target": 0.36835820870162095, "params": {"C": 25.967462055472332, "epsilon": 6.03906329560102, "gamma": 0.8747764300113442, "lamda": 0.4538279520875699}, "datetime": {"datetime": "2021-07-03 19:13:29", "elapsed": 560.426581, "delta": 1.045543}}
{"target": 0.583492635893714, "params": {"C": 27.29834260934247, "epsilon": 3.315240983881185, "gamma": 0.35626727232980215, "lamda": 0.1753156561433299}, "datetime": {"datetime": "2021-07-03 19:13:31", "elapsed": 561.594704, "delta": 1.168123}}
{"target": 0.3477410987767352, "params": {"C": 22.798958768428076, "epsilon": 2.6719454445017563, "gamma": 0.9, "lamda": 0.1}, "datetime": {"datetime": "2021-07-03 19:13:32", "elapsed": 562.792112, "delta": 1.197408}}
{"target": 0.8531066892239737, "params": {"C": 24.707513191676327, "epsilon": 6.051528278713969, "gamma": 0.07353661220574415, "lamda": 1.0}, "datetime": {"datetime": "2021-07-03 19:13:33", "elapsed": 564.037418, "delta": 1.245306}}
{"target": 0.34183471784811326, "params": {"C": 20.724624623398945, "epsilon": 2.4833885734664074, "gamma": 0.9, "lamda": 1.0}, "datetime": {"datetime": "2021-07-03 19:13:34", "elapsed": 565.341187, "delta": 1.303769}}
{"target": 0.35743401153936405, "params": {"C": 22.757789561854672, "epsilon": 8.174113984581112, "gamma": 0.9, "lamda": 0.1}, "datetime": {"datetime": "2021-07-03 19:13:35", "elapsed": 566.540342, "delta": 1.199155}}
{"target": 0.5704343608912963, "params": {"C": 26.78365079991355, "epsilon": 5.216596620177453, "gamma": 0.3769461356950408, "lamda": 0.12311365642143335}, "datetime": {"datetime": "2021-07-03 19:13:36", "elapsed": 567.412505, "delta": 0.872163}}
{"target": 0.36672580013695777, "params": {"C": 26.996992715802236, "epsilon": 5.178386589210936, "gamma": 0.8789251532579667, "lamda": 0.3236762703177396}, "datetime": {"datetime": "2021-07-03 19:13:38", "elapsed": 568.577403, "delta": 1.164898}}
{"target": 0.6109860569317078, "params": {"C": 26.65811669772623, "epsilon": 7.240552298650413, "gamma": 0.3220897389873168, "lamda": 0.100559350869038}, "datetime": {"datetime": "2021-07-03 19:13:39", "elapsed": 569.899943, "delta": 1.32254}}
{"target": -1.540867152296829, "params": {"C": 29.586570725779247, "epsilon": 7.692255307865477, "gamma": 0.28149160966747727, "lamda": 0.7587382908526158}, "datetime": {"datetime": "2021-07-03 19:13:51", "elapsed": 582.359418, "delta": 12.459475}}
{"target": 0.6247173921803582, "params": {"C": 27.37225357686059, "epsilon": 5.2312684925472634, "gamma": 0.30272386269450247, "lamda": 1.0}, "datetime": {"datetime": "2021-07-03 19:13:53", "elapsed": 583.908695, "delta": 1.549277}}
