{"target": 0.22228886150507787, "params": {"C": 2.1769067918754863, "epsilon": 2.378539739341963, "gamma": 0.6034525718288485, "lamda": 0.42690416310937807}, "datetime": {"datetime": "2021-07-03 17:15:36", "elapsed": 340.929539, "delta": 0.502999}}
{"target": 0.6075637736087023, "params": {"C": 3.450808915064143, "epsilon": 9.765091506856736, "gamma": 0.12385540268053818, "lamda": 0.2105538721394647}, "datetime": {"datetime": "2021-07-03 17:15:36", "elapsed": 341.835559, "delta": 0.90602}}
{"target": 0.3757174693708456, "params": {"C": 6.115134432797148, "epsilon": 7.184967120734845, "gamma": 0.4846527802652653, "lamda": 0.5115896443853705}, "datetime": {"datetime": "2021-07-03 17:15:37", "elapsed": 342.437531, "delta": 0.601972}}
{"target": 0.6504642823586133, "params": {"C": 8.981199440704945, "epsilon": 9.92676104633574, "gamma": 0.17160744161356484, "lamda": 0.3834893792635665}, "datetime": {"datetime": "2021-07-03 17:15:38", "elapsed": 343.58566, "delta": 1.148129}}
{"target": 0.4639619455555981, "params": {"C": 8.64874594790479, "epsilon": 7.37277869043736, "gamma": 0.4006781390777974, "lamda": 0.7599097890054669}, "datetime": {"datetime": "2021-07-03 17:15:39", "elapsed": 344.423416, "delta": 0.837756}}
{"target": 0.24555185180235872, "params": {"C": 5.117347219201455, "epsilon": 7.1991852145181925, "gamma": 0.9, "lamda": 0.8950618730971127}, "datetime": {"datetime": "2021-07-03 17:15:40", "elapsed": 345.340964, "delta": 0.917548}}
{"target": 0.31567671468798175, "params": {"C": 9.096047730056865, "epsilon": 9.195940382671369, "gamma": 0.8437445763570665, "lamda": 0.21410462161407412}, "datetime": {"datetime": "2021-07-03 17:15:41", "elapsed": 346.129853, "delta": 0.788889}}
{"target": 0.39555404901962177, "params": {"C": 7.530784680062836, "epsilon": 4.722190781951175, "gamma": 0.4993828532434789, "lamda": 0.7571350273022605}, "datetime": {"datetime": "2021-07-03 17:15:41", "elapsed": 346.704319, "delta": 0.574466}}
{"target": 0.26872092689689075, "params": {"C": 6.626843019406353, "epsilon": 7.937840155568115, "gamma": 0.9, "lamda": 0.8528141578797351}, "datetime": {"datetime": "2021-07-03 17:15:42", "elapsed": 347.515154, "delta": 0.810835}}
{"target": 0.25552864628174254, "params": {"C": 5.509226983391405, "epsilon": 5.857836921569166, "gamma": 0.8758623963813517, "lamda": 0.7796371486138984}, "datetime": {"datetime": "2021-07-03 17:15:43", "elapsed": 348.424722, "delta": 0.909568}}
{"target": -3.2838569180500325, "params": {"C": 7.688107644616057, "epsilon": 5.657358343128914, "gamma": 0.10542128106164192, "lamda": 0.9671891279081433}, "datetime": {"datetime": "2021-07-03 17:15:52", "elapsed": 356.881125, "delta": 8.456403}}
{"target": 0.2633261811681148, "params": {"C": 6.426817277481005, "epsilon": 5.164726613021578, "gamma": 0.9, "lamda": 0.1}, "datetime": {"datetime": "2021-07-03 17:15:52", "elapsed": 357.570283, "delta": 0.689158}}
{"target": 0.236130275651934, "params": {"C": 4.703367168572213, "epsilon": 6.1833601698860985, "gamma": 0.9, "lamda": 0.1}, "datetime": {"datetime": "2021-07-03 17:15:53", "elapsed": 358.421011, "delta": 0.850728}}
{"target": 0.5288909326377463, "params": {"C": 8.049709853963073, "epsilon": 9.704561318940641, "gamma": 0.2882500092430061, "lamda": 0.8582553660728096}, "datetime": {"datetime": "2021-07-03 17:15:54", "elapsed": 358.996472, "delta": 0.575461}}
{"target": 0.0797142579581801, "params": {"C": 0.8490563444957915, "epsilon": 10.0, "gamma": 0.9, "lamda": 1.0}, "datetime": {"datetime": "2021-07-03 17:15:54", "elapsed": 359.827254, "delta": 0.830782}}
{"target": 0.2877178952989463, "params": {"C": 8.090825355320233, "epsilon": 7.05506846614161, "gamma": 0.9, "lamda": 0.1}, "datetime": {"datetime": "2021-07-03 17:15:56", "elapsed": 360.915345, "delta": 1.088091}}
{"target": 0.29743589140605275, "params": {"C": 9.190337918733286, "epsilon": 7.215056604803648, "gamma": 0.9, "lamda": 0.18040666597126592}, "datetime": {"datetime": "2021-07-03 17:15:56", "elapsed": 361.794995, "delta": 0.87965}}
{"target": -6.698898364865308, "params": {"C": 2.2161378276927075, "epsilon": 5.93474215162762, "gamma": 0.05, "lamda": 0.1}, "datetime": {"datetime": "2021-07-03 17:16:03", "elapsed": 368.363443, "delta": 6.568448}}
{"target": 0.2776215792492325, "params": {"C": 7.201968494047637, "epsilon": 7.64618408646111, "gamma": 0.9, "lamda": 0.1}, "datetime": {"datetime": "2021-07-03 17:16:04", "elapsed": 369.268026, "delta": 0.904583}}
{"target": 0.46145597587731113, "params": {"C": 6.515132143374754, "epsilon": 7.170918475155689, "gamma": 0.3437607602450052, "lamda": 0.8756977515097473}, "datetime": {"datetime": "2021-07-03 17:16:05", "elapsed": 369.890365, "delta": 0.622339}}
{"target": 0.1694069046579747, "params": {"C": 2.135601044254778, "epsilon": 6.833916341842167, "gamma": 0.8651429839082968, "lamda": 0.8774437150232175}, "datetime": {"datetime": "2021-07-03 17:16:05", "elapsed": 370.790956, "delta": 0.900591}}
{"target": 0.18107766875169973, "params": {"C": 2.667876149012443, "epsilon": 5.181258164135032, "gamma": 0.9, "lamda": 0.41921118973694604}, "datetime": {"datetime": "2021-07-03 17:16:06", "elapsed": 371.692548, "delta": 0.901592}}
{"target": 0.19392987544132867, "params": {"C": 3.2211479777589345, "epsilon": 6.085497529637101, "gamma": 0.9, "lamda": 0.9030766388539514}, "datetime": {"datetime": "2021-07-03 17:16:07", "elapsed": 372.555244, "delta": 0.862696}}
{"target": 0.36099618481081475, "params": {"C": 8.45929146844943, "epsilon": 6.8116966917375485, "gamma": 0.6336433504123635, "lamda": 0.6728707973286068}, "datetime": {"datetime": "2021-07-03 17:16:08", "elapsed": 373.164614, "delta": 0.60937}}
{"target": -7.764087936731402, "params": {"C": 8.379735602630689, "epsilon": 8.358028802286103, "gamma": 0.05702961156977347, "lamda": 0.8577585811190622}, "datetime": {"datetime": "2021-07-03 17:16:22", "elapsed": 387.719722, "delta": 14.555108}}
{"target": 0.5689829874338626, "params": {"C": 2.110523117485861, "epsilon": 1.0030058250070903, "gamma": 0.1054749557003827, "lamda": 0.7161324441665686}, "datetime": {"datetime": "2021-07-03 17:16:23", "elapsed": 388.374971, "delta": 0.655249}}
{"target": 0.6673145604596642, "params": {"C": 6.830364034501837, "epsilon": 8.072867944298434, "gamma": 0.14091000156509853, "lamda": 0.3297679439437727}, "datetime": {"datetime": "2021-07-03 17:16:24", "elapsed": 389.362333, "delta": 0.987362}}
{"target": 0.25460070900452403, "params": {"C": 2.731523500526554, "epsilon": 7.520065655937861, "gamma": 0.5859930270825161, "lamda": 0.7195577812668457}, "datetime": {"datetime": "2021-07-03 17:16:25", "elapsed": 390.090388, "delta": 0.728055}}
{"target": 0.2777871190319797, "params": {"C": 7.148679422792175, "epsilon": 8.804632024749475, "gamma": 0.9, "lamda": 1.0}, "datetime": {"datetime": "2021-07-03 17:16:26", "elapsed": 391.23134, "delta": 1.140952}}
{"target": 0.753688799385259, "params": {"C": 8.272540364556669, "epsilon": 9.764699041752921, "gamma": 0.09605035794065947, "lamda": 0.1405216165386708}, "datetime": {"datetime": "2021-07-03 17:16:28", "elapsed": 393.057183, "delta": 1.825843}}
{"target": 0.6678004413333951, "params": {"C": 8.742480470408578, "epsilon": 1.8182425838019591, "gamma": 0.1550284261872795, "lamda": 0.7303583685356225}, "datetime": {"datetime": "2021-07-03 17:16:29", "elapsed": 394.471536, "delta": 1.414353}}
{"target": 0.6125929246750571, "params": {"C": 5.9055621373457114, "epsilon": 5.197861872534442, "gamma": 0.16301663209006434, "lamda": 0.9122738467042131}, "datetime": {"datetime": "2021-07-03 17:16:30", "elapsed": 395.209116, "delta": 0.73758}}
{"target": 0.21506851450085984, "params": {"C": 3.957700801129356, "epsilon": 4.414962099271679, "gamma": 0.9, "lamda": 1.0}, "datetime": {"datetime": "2021-07-03 17:16:31", "elapsed": 396.455381, "delta": 1.246265}}
{"target": 0.16597861470476605, "params": {"C": 1.3360423424641656, "epsilon": 1.1832805088076386, "gamma": 0.6350043424200441, "lamda": 0.11180023627126033}, "datetime": {"datetime": "2021-07-03 17:16:32", "elapsed": 397.418385, "delta": 0.963004}}
{"target": 0.11576394545798985, "params": {"C": 1.262461458006991, "epsilon": 3.5896006438583283, "gamma": 0.9, "lamda": 0.1}, "datetime": {"datetime": "2021-07-03 17:16:33", "elapsed": 398.36741, "delta": 0.949025}}
{"target": 0.12773154623356142, "params": {"C": 1.4574822934510623, "epsilon": 2.743775090371102, "gamma": 0.9, "lamda": 1.0}, "datetime": {"datetime": "2021-07-03 17:16:34", "elapsed": 399.444616, "delta": 1.077206}}
{"target": 0.7455305750731669, "params": {"C": 3.1589031158125143, "epsilon": 1.0, "gamma": 0.05, "lamda": 0.7575037599400033}, "datetime": {"datetime": "2021-07-03 17:16:35", "elapsed": 400.516331, "delta": 1.071715}}
{"target": 0.25125262494641465, "params": {"C": 5.586023675401422, "epsilon": 4.876843626434435, "gamma": 0.9, "lamda": 1.0}, "datetime": {"datetime": "2021-07-03 17:16:36", "elapsed": 401.798527, "delta": 1.282196}}
{"target": 0.17691653767250126, "params": {"C": 2.2814249532092488, "epsilon": 1.3328781680914736, "gamma": 0.8334585346089199, "lamda": 0.9427878859654998}, "datetime": {"datetime": "2021-07-03 17:16:38", "elapsed": 402.884194, "delta": 1.085667}}
{"target": 0.25985755772984565, "params": {"C": 2.89005614885254, "epsilon": 1.855949161110732, "gamma": 0.579579523265894, "lamda": 0.15438994636564715}, "datetime": {"datetime": "2021-07-03 17:16:38", "elapsed": 403.580387, "delta": 0.696193}}
{"target": 0.6148093138728075, "params": {"C": 3.4744921499811627, "epsilon": 9.7702691231607, "gamma": 0.11985117051335642, "lamda": 0.19703934334017892}, "datetime": {"datetime": "2021-07-03 17:16:39", "elapsed": 404.369327, "delta": 0.78894}}
{"target": 0.5563609401014127, "params": {"C": 4.1504350887311245, "epsilon": 9.889276460729961, "gamma": 0.1763476952603118, "lamda": 0.9287327015342988}, "datetime": {"datetime": "2021-07-03 17:16:40", "elapsed": 405.407646, "delta": 1.038319}}
{"target": 0.38141076579627464, "params": {"C": 7.761037906577147, "epsilon": 1.8780841724301474, "gamma": 0.5443186001021482, "lamda": 0.23773980176475656}, "datetime": {"datetime": "2021-07-03 17:16:41", "elapsed": 406.135241, "delta": 0.727595}}
{"target": 0.2210274727237994, "params": {"C": 4.0484584138861495, "epsilon": 9.864338267204053, "gamma": 0.9, "lamda": 0.138155340181276}, "datetime": {"datetime": "2021-07-03 17:16:42", "elapsed": 407.291242, "delta": 1.156001}}
{"target": 0.7257249596034969, "params": {"C": 2.669368946099453, "epsilon": 1.1811564565725257, "gamma": 0.05, "lamda": 0.1}, "datetime": {"datetime": "2021-07-03 17:16:43", "elapsed": 408.43769, "delta": 1.146448}}
{"target": 0.28008724301009646, "params": {"C": 7.7592152709218745, "epsilon": 4.115526350006411, "gamma": 0.9, "lamda": 0.1}, "datetime": {"datetime": "2021-07-03 17:16:44", "elapsed": 409.476914, "delta": 1.039224}}
{"target": 0.28238454348844366, "params": {"C": 7.899086178868034, "epsilon": 1.127638683022259, "gamma": 0.8760932712539288, "lamda": 0.22488938659690294}, "datetime": {"datetime": "2021-07-03 17:16:45", "elapsed": 410.56301, "delta": 1.086096}}
{"target": 0.21927654222865034, "params": {"C": 4.0663882243037905, "epsilon": 1.9913638938880989, "gamma": 0.8907648374448783, "lamda": 0.5709809385916387}, "datetime": {"datetime": "2021-07-03 17:16:46", "elapsed": 411.304032, "delta": 0.741022}}
{"target": 0.28820307270519196, "params": {"C": 8.316410296142875, "epsilon": 5.8616771462614965, "gamma": 0.9, "lamda": 0.1}, "datetime": {"datetime": "2021-07-03 17:16:47", "elapsed": 412.665393, "delta": 1.361361}}
{"target": 0.23411930295574712, "params": {"C": 4.8209025548680735, "epsilon": 1.8466655668250838, "gamma": 0.9, "lamda": 1.0}, "datetime": {"datetime": "2021-07-03 17:16:48", "elapsed": 413.732542, "delta": 1.067149}}
{"target": 0.26252182872455454, "params": {"C": 6.131762669260226, "epsilon": 6.592087773511056, "gamma": 0.9, "lamda": 1.0}, "datetime": {"datetime": "2021-07-03 17:16:49", "elapsed": 414.858533, "delta": 1.125991}}
{"target": 0.19464968129968507, "params": {"C": 3.3203044937555073, "epsilon": 9.09293861352333, "gamma": 0.9, "lamda": 0.1}, "datetime": {"datetime": "2021-07-03 17:16:50", "elapsed": 415.798021, "delta": 0.939488}}
{"target": -9.021893600202882, "params": {"C": 6.136890416194117, "epsilon": 8.021800797706288, "gamma": 0.05, "lamda": 1.0}, "datetime": {"datetime": "2021-07-03 17:17:02", "elapsed": 427.413983, "delta": 11.615962}}
{"target": 0.22591106388261806, "params": {"C": 4.276922911522788, "epsilon": 6.689487320907346, "gamma": 0.9, "lamda": 1.0}, "datetime": {"datetime": "2021-07-03 17:17:03", "elapsed": 428.383391, "delta": 0.969408}}
{"target": 0.2912712379370731, "params": {"C": 8.054114153235409, "epsilon": 9.166029887683818, "gamma": 0.8936811491002222, "lamda": 0.16856223563324524}, "datetime": {"datetime": "2021-07-03 17:17:04", "elapsed": 429.131393, "delta": 0.748002}}
{"target": 0.7015447309987903, "params": {"C": 7.3043305108473024, "epsilon": 7.616625126254948, "gamma": 0.12098724805435424, "lamda": 0.24934429759288732}, "datetime": {"datetime": "2021-07-03 17:17:05", "elapsed": 429.999075, "delta": 0.867682}}
{"target": 0.27746823916618435, "params": {"C": 6.76814278488556, "epsilon": 7.214793136642818, "gamma": 0.8767372103336879, "lamda": 0.5997034100801238}, "datetime": {"datetime": "2021-07-03 17:17:05", "elapsed": 430.863765, "delta": 0.86469}}
{"target": 0.5403644427002073, "params": {"C": 5.876414257089102, "epsilon": 2.4983533039894077, "gamma": 0.2280653035385315, "lamda": 0.8746001564530467}, "datetime": {"datetime": "2021-07-03 17:17:06", "elapsed": 431.646673, "delta": 0.782908}}
{"target": 0.18778596151359594, "params": {"C": 2.882816947741617, "epsilon": 8.830384975621467, "gamma": 0.8969716307906205, "lamda": 0.6387502395905721}, "datetime": {"datetime": "2021-07-03 17:17:07", "elapsed": 432.40365, "delta": 0.756977}}
{"target": 0.1721650319644863, "params": {"C": 2.3580647422985384, "epsilon": 7.934991266939316, "gamma": 0.9, "lamda": 0.1}, "datetime": {"datetime": "2021-07-03 17:17:08", "elapsed": 433.293272, "delta": 0.889622}}
{"target": -7.684187688010962, "params": {"C": 7.315485855067688, "epsilon": 8.589576191602921, "gamma": 0.05, "lamda": 0.1}, "datetime": {"datetime": "2021-07-03 17:17:19", "elapsed": 443.895941, "delta": 10.602669}}
{"target": 0.30586461848131863, "params": {"C": 7.397718857814611, "epsilon": 8.000776312893354, "gamma": 0.7920280744849523, "lamda": 0.6099053900703644}, "datetime": {"datetime": "2021-07-03 17:17:20", "elapsed": 445.043875, "delta": 1.147934}}
{"target": 0.30086383142448625, "params": {"C": 8.60468011265395, "epsilon": 2.684242059521652, "gamma": 0.8447946425994727, "lamda": 0.32004056707359346}, "datetime": {"datetime": "2021-07-03 17:17:21", "elapsed": 446.169867, "delta": 1.125992}}
{"target": 0.22059767797922591, "params": {"C": 3.281296604889941, "epsilon": 1.1952264691850396, "gamma": 0.7853751346054351, "lamda": 0.9733730447683301}, "datetime": {"datetime": "2021-07-03 17:17:22", "elapsed": 447.309819, "delta": 1.139952}}
{"target": 0.5856401991665285, "params": {"C": 6.596456111886439, "epsilon": 7.570801680627222, "gamma": 0.1973429948248897, "lamda": 0.10625582105196762}, "datetime": {"datetime": "2021-07-03 17:17:23", "elapsed": 448.406888, "delta": 1.097069}}
{"target": 0.29634167156476465, "params": {"C": 9.120011138934304, "epsilon": 7.131752872662182, "gamma": 0.9, "lamda": 1.0}, "datetime": {"datetime": "2021-07-03 17:17:24", "elapsed": 449.576777, "delta": 1.169889}}
{"target": 0.14947967937078743, "params": {"C": 1.1469762168431517, "epsilon": 8.275795480131233, "gamma": 0.668635170788073, "lamda": 0.10700213481035609}, "datetime": {"datetime": "2021-07-03 17:17:25", "elapsed": 450.348699, "delta": 0.771922}}
{"target": 0.6313962567996911, "params": {"C": 5.043717571967545, "epsilon": 5.879949440861894, "gamma": 0.135653398733304, "lamda": 0.95080378753525}, "datetime": {"datetime": "2021-07-03 17:17:26", "elapsed": 451.331075, "delta": 0.982376}}
{"target": 0.697544298674396, "params": {"C": 3.521472728692541, "epsilon": 4.709131495463139, "gamma": 0.07604353584390304, "lamda": 0.7929200278693628}, "datetime": {"datetime": "2021-07-03 17:17:28", "elapsed": 453.056464, "delta": 1.725389}}
{"target": 0.6842932945217248, "params": {"C": 1.6924431606621422, "epsilon": 2.81624277135172, "gamma": 0.05, "lamda": 0.1}, "datetime": {"datetime": "2021-07-03 17:17:29", "elapsed": 454.811773, "delta": 1.755309}}
{"target": 0.3277856670568523, "params": {"C": 9.329988689483597, "epsilon": 3.554999116512013, "gamma": 0.7761418606361965, "lamda": 0.8882731764893524}, "datetime": {"datetime": "2021-07-03 17:17:30", "elapsed": 455.515892, "delta": 0.704119}}
{"target": -7.354673062346803, "params": {"C": 5.775056717324767, "epsilon": 6.273818018476547, "gamma": 0.05, "lamda": 1.0}, "datetime": {"datetime": "2021-07-03 17:17:43", "elapsed": 467.917752, "delta": 12.40186}}
{"target": 0.3375776767460126, "params": {"C": 8.86768152148967, "epsilon": 2.25646724377302, "gamma": 0.7154664542934265, "lamda": 0.9894660677821681}, "datetime": {"datetime": "2021-07-03 17:17:43", "elapsed": 468.817352, "delta": 0.8996}}
{"target": 0.4545566485599416, "params": {"C": 7.221851176968077, "epsilon": 3.446027466741712, "gamma": 0.3787082947303332, "lamda": 0.8933715131978769}, "datetime": {"datetime": "2021-07-03 17:17:44", "elapsed": 469.742876, "delta": 0.925524}}
{"target": 0.24769740867222767, "params": {"C": 5.517109108465072, "epsilon": 2.604941404682214, "gamma": 0.9, "lamda": 1.0}, "datetime": {"datetime": "2021-07-03 17:17:46", "elapsed": 471.014478, "delta": 1.271602}}
{"target": 0.7211440398941831, "params": {"C": 5.917867926066291, "epsilon": 2.074950409686754, "gamma": 0.09801412029550863, "lamda": 0.1267237054469201}, "datetime": {"datetime": "2021-07-03 17:17:47", "elapsed": 472.077636, "delta": 1.063158}}
{"target": -6.8445763633121075, "params": {"C": 4.49303003795543, "epsilon": 5.4363690098631, "gamma": 0.05, "lamda": 1.0}, "datetime": {"datetime": "2021-07-03 17:17:57", "elapsed": 482.321264, "delta": 10.243628}}
{"target": 0.36954907383636626, "params": {"C": 2.4110902473351916, "epsilon": 1.4813802161236223, "gamma": 0.2822961789484474, "lamda": 0.20393844839921882}, "datetime": {"datetime": "2021-07-03 17:17:58", "elapsed": 483.106167, "delta": 0.784903}}
{"target": 0.21122203724629895, "params": {"C": 3.8120568984935823, "epsilon": 6.133114195703477, "gamma": 0.9, "lamda": 0.28781421407366015}, "datetime": {"datetime": "2021-07-03 17:17:59", "elapsed": 484.552304, "delta": 1.446137}}
{"target": 0.46284723829436425, "params": {"C": 3.4820636756098944, "epsilon": 6.952210042786115, "gamma": 0.23981875319124063, "lamda": 0.21885389930069615}, "datetime": {"datetime": "2021-07-03 17:18:00", "elapsed": 485.317259, "delta": 0.764955}}
{"target": 0.40195138585317836, "params": {"C": 7.524186374423041, "epsilon": 4.681210183737173, "gamma": 0.4864910520009907, "lamda": 0.7273675400302}, "datetime": {"datetime": "2021-07-03 17:18:01", "elapsed": 486.085216, "delta": 0.767957}}
{"target": 0.29109813378855787, "params": {"C": 2.9233026344788406, "epsilon": 5.072134591555989, "gamma": 0.49798788575048136, "lamda": 0.9544837632180865}, "datetime": {"datetime": "2021-07-03 17:18:01", "elapsed": 486.792317, "delta": 0.707101}}
{"target": 0.1915686052686516, "params": {"C": 3.122420825015312, "epsilon": 6.8970486542908995, "gamma": 0.9, "lamda": 0.23876241088215144}, "datetime": {"datetime": "2021-07-03 17:18:02", "elapsed": 487.793641, "delta": 1.001324}}
{"target": 0.2973680007541416, "params": {"C": 4.863712995058753, "epsilon": 6.196789833701604, "gamma": 0.6615115083584171, "lamda": 0.8630286680056594}, "datetime": {"datetime": "2021-07-03 17:18:04", "elapsed": 488.92462, "delta": 1.130979}}
{"target": 0.7244841102187807, "params": {"C": 6.54953859655806, "epsilon": 2.460061098268631, "gamma": 0.10071415789422408, "lamda": 0.5472960605474234}, "datetime": {"datetime": "2021-07-03 17:18:04", "elapsed": 489.677607, "delta": 0.752987}}
{"target": 0.5074142150045007, "params": {"C": 6.348935872334837, "epsilon": 2.506411228208134, "gamma": 0.2759396963693683, "lamda": 0.1}, "datetime": {"datetime": "2021-07-03 17:18:05", "elapsed": 490.605128, "delta": 0.927521}}
{"target": -5.911914823422765, "params": {"C": 9.594800701686275, "epsilon": 2.2741281400562126, "gamma": 0.05, "lamda": 0.7058046980546081}, "datetime": {"datetime": "2021-07-03 17:18:11", "elapsed": 496.30091, "delta": 5.695782}}
{"target": 0.6018512270220417, "params": {"C": 8.50118635518413, "epsilon": 1.98063865880051, "gamma": 0.21220898749927936, "lamda": 0.19352791653823312}, "datetime": {"datetime": "2021-07-03 17:18:12", "elapsed": 497.145652, "delta": 0.844742}}
{"target": 0.3377872568464908, "params": {"C": 8.907283874455393, "epsilon": 1.0738231927700803, "gamma": 0.7114031147732052, "lamda": 0.45538015755442374}, "datetime": {"datetime": "2021-07-03 17:18:14", "elapsed": 499.78859, "delta": 2.642938}}
{"target": 0.2821375658561581, "params": {"C": 8.319352230503377, "epsilon": 1.7856769492312352, "gamma": 0.9, "lamda": 0.6487612421982257}, "datetime": {"datetime": "2021-07-03 17:18:16", "elapsed": 501.70447, "delta": 1.91588}}
{"target": 0.2533721759272535, "params": {"C": 5.5655036271818314, "epsilon": 7.190388288628229, "gamma": 0.9, "lamda": 0.1}, "datetime": {"datetime": "2021-07-03 17:18:17", "elapsed": 502.622019, "delta": 0.917549}}
{"target": 0.2625324210082871, "params": {"C": 5.594694817089419, "epsilon": 3.5570768843089455, "gamma": 0.8399882723348695, "lamda": 0.1}, "datetime": {"datetime": "2021-07-03 17:18:19", "elapsed": 504.086107, "delta": 1.464088}}
{"target": 0.519953632859116, "params": {"C": 7.238659588214796, "epsilon": 7.324934272977421, "gamma": 0.28334400845869295, "lamda": 0.8473125155228932}, "datetime": {"datetime": "2021-07-03 17:18:20", "elapsed": 505.216089, "delta": 1.129982}}
