{"target": 0.3966253767887975, "params": {"C": 55.6171149862074, "epsilon": 9.79237156590092, "gamma": 0.7841624669635391, "lamda": 0.2207758697409671}, "datetime": {"datetime": "2021-07-03 16:47:59", "elapsed": 1487.221453, "delta": 4.013718}}
{"target": 0.656998224236284, "params": {"C": 55.81682388415698, "epsilon": 10.0, "gamma": 0.2550264669719048, "lamda": 0.1}, "datetime": {"datetime": "2021-07-03 16:48:03", "elapsed": 1490.797296, "delta": 3.575843}}
{"target": 0.7421888569046033, "params": {"C": 44.718909904834504, "epsilon": 7.259774169841687, "gamma": 0.17569522804356885, "lamda": 0.21420138198124478}, "datetime": {"datetime": "2021-07-03 16:48:08", "elapsed": 1495.986449, "delta": 5.189153}}
{"target": 0.5445055862543748, "params": {"C": 56.984788456895416, "epsilon": 4.4537078209558185, "gamma": 0.4135051691409575, "lamda": 0.3716491025978893}, "datetime": {"datetime": "2021-07-03 16:48:10", "elapsed": 1497.527999, "delta": 1.54155}}
{"target": 0.6043675247143995, "params": {"C": 44.19529582119044, "epsilon": 7.3168134571953445, "gamma": 0.32290540069597, "lamda": 0.28881508832579134}, "datetime": {"datetime": "2021-07-03 16:48:13", "elapsed": 1500.808218, "delta": 3.280219}}
{"target": 0.8109508564444987, "params": {"C": 38.85346370904416, "epsilon": 7.920776968619695, "gamma": 0.11711682916065991, "lamda": 0.2717862793668194}, "datetime": {"datetime": "2021-07-03 16:48:15", "elapsed": 1502.995687, "delta": 2.187469}}
{"target": 0.4950018586694602, "params": {"C": 44.64104608930001, "epsilon": 7.605864245533696, "gamma": 0.5189980030386631, "lamda": 0.5038499826899513}, "datetime": {"datetime": "2021-07-03 16:48:18", "elapsed": 1506.10533, "delta": 3.109643}}
{"target": 0.5656806680373196, "params": {"C": 30.529310541273126, "epsilon": 5.6526020262906025, "gamma": 0.38282595970344824, "lamda": 0.8485037334495419}, "datetime": {"datetime": "2021-07-03 16:48:21", "elapsed": 1509.360804, "delta": 3.255474}}
{"target": 0.40904998964953887, "params": {"C": 30.36527577437392, "epsilon": 5.5778650668704035, "gamma": 0.7342626652456019, "lamda": 0.6874161988106094}, "datetime": {"datetime": "2021-07-03 16:48:27", "elapsed": 1515.402424, "delta": 6.04162}}
{"target": 0.8061592716308414, "params": {"C": 38.48916115107964, "epsilon": 7.586654889944158, "gamma": 0.12099343867016996, "lamda": 0.1993314161241308}, "datetime": {"datetime": "2021-07-03 16:48:31", "elapsed": 1519.038302, "delta": 3.635878}}
{"target": 0.48878914694103837, "params": {"C": 58.478505408144486, "epsilon": 7.376929033692532, "gamma": 0.530070781377026, "lamda": 0.44535094097247807}, "datetime": {"datetime": "2021-07-03 16:48:36", "elapsed": 1523.800619, "delta": 4.762317}}
{"target": 0.5055120915846458, "params": {"C": 38.505631797051144, "epsilon": 7.871801022999881, "gamma": 0.49640328762219216, "lamda": 0.47975952661032867}, "datetime": {"datetime": "2021-07-03 16:48:39", "elapsed": 1526.460032, "delta": 2.659413}}
{"target": 0.8120872297840203, "params": {"C": 32.63313525689281, "epsilon": 4.039456890728176, "gamma": 0.11501098194372292, "lamda": 0.6475125295768253}, "datetime": {"datetime": "2021-07-03 16:48:41", "elapsed": 1528.48701, "delta": 2.026978}}
{"target": 0.5073586257505938, "params": {"C": 38.87413182742483, "epsilon": 7.554893889827602, "gamma": 0.4915721275014884, "lamda": 0.1}, "datetime": {"datetime": "2021-07-03 16:48:44", "elapsed": 1531.91563, "delta": 3.42862}}
{"target": 0.8240393782814277, "params": {"C": 38.37854610186411, "epsilon": 8.107863300171834, "gamma": 0.10538733038696547, "lamda": 0.1}, "datetime": {"datetime": "2021-07-03 16:48:47", "elapsed": 1535.330453, "delta": 3.414823}}
{"target": 0.5995022851044359, "params": {"C": 39.295017196214104, "epsilon": 8.416591361108974, "gamma": 0.3314513483709221, "lamda": 0.4373300099317128}, "datetime": {"datetime": "2021-07-03 16:48:49", "elapsed": 1537.097662, "delta": 1.767209}}
{"target": 0.5381675682920006, "params": {"C": 32.68488243660845, "epsilon": 3.6197515307025, "gamma": 0.4259513055739944, "lamda": 0.9279218431568144}, "datetime": {"datetime": "2021-07-03 16:48:52", "elapsed": 1540.293012, "delta": 3.19535}}
{"target": -1.2815650559746237, "params": {"C": 43.19047132945824, "epsilon": 3.721870811239964, "gamma": 0.19603791956021793, "lamda": 0.39754163368124795}, "datetime": {"datetime": "2021-07-03 16:49:12", "elapsed": 1559.444946, "delta": 19.151934}}
{"target": 0.6214987505475555, "params": {"C": 44.54266696018183, "epsilon": 7.000702809440631, "gamma": 0.30016695491378304, "lamda": 0.6659059612007954}, "datetime": {"datetime": "2021-07-03 16:49:15", "elapsed": 1562.819902, "delta": 3.374956}}
{"target": 0.4246579616550943, "params": {"C": 44.58781359430297, "epsilon": 7.042958962276236, "gamma": 0.6899592571872778, "lamda": 0.21416935051034644}, "datetime": {"datetime": "2021-07-03 16:49:18", "elapsed": 1565.898689, "delta": 3.078787}}
{"target": 0.49624366060996106, "params": {"C": 38.76372701151394, "epsilon": 8.5086657188012, "gamma": 0.5171799510652235, "lamda": 0.18319767054267116}, "datetime": {"datetime": "2021-07-03 16:49:22", "elapsed": 1569.930795, "delta": 4.032106}}
{"target": 0.773139256760763, "params": {"C": 59.069844169858726, "epsilon": 9.725206790334497, "gamma": 0.14882743030297044, "lamda": 0.4093366820473471}, "datetime": {"datetime": "2021-07-03 16:49:24", "elapsed": 1571.581233, "delta": 1.650438}}
{"target": -1.1872593942629068, "params": {"C": 56.07701160231943, "epsilon": 4.603891167446131, "gamma": 0.19913246249892597, "lamda": 0.6061341498706103}, "datetime": {"datetime": "2021-07-03 16:49:35", "elapsed": 1582.713215, "delta": 11.131982}}
{"target": 0.6650239367565955, "params": {"C": 36.62641027563192, "epsilon": 6.223522192727286, "gamma": 0.2527454628142827, "lamda": 0.5249912582563736}, "datetime": {"datetime": "2021-07-03 16:49:37", "elapsed": 1584.416318, "delta": 1.703103}}
{"target": 0.6795659473344275, "params": {"C": 32.25648990074085, "epsilon": 4.0258075278992855, "gamma": 0.23726366329320014, "lamda": 1.0}, "datetime": {"datetime": "2021-07-03 16:49:40", "elapsed": 1587.794718, "delta": 3.3784}}
{"target": 0.43859504158150786, "params": {"C": 56.34428128884657, "epsilon": 9.257407771109694, "gamma": 0.6555013591164612, "lamda": 0.1}, "datetime": {"datetime": "2021-07-03 16:49:43", "elapsed": 1591.173356, "delta": 3.378638}}
{"target": -3.076334800282341, "params": {"C": 38.674824856735526, "epsilon": 8.360177771355975, "gamma": 0.07108843646083236, "lamda": 0.5684468101296881}, "datetime": {"datetime": "2021-07-03 16:49:58", "elapsed": 1606.124303, "delta": 14.950947}}
{"target": 0.3817382775301591, "params": {"C": 39.02972168627739, "epsilon": 7.998387532118112, "gamma": 0.832806612033604, "lamda": 0.22096219130011724}, "datetime": {"datetime": "2021-07-03 16:50:01", "elapsed": 1608.85072, "delta": 2.726417}}
{"target": 0.5409171367629315, "params": {"C": 58.994769366452175, "epsilon": 8.169323273187903, "gamma": 0.4234299478160344, "lamda": 0.5010442107558619}, "datetime": {"datetime": "2021-07-03 16:50:04", "elapsed": 1611.745071, "delta": 2.894351}}
{"target": -2.3134096589322044, "params": {"C": 58.04890265205714, "epsilon": 5.476314760179495, "gamma": 0.09848255079806958, "lamda": 0.38389722846947116}, "datetime": {"datetime": "2021-07-03 16:50:16", "elapsed": 1623.742905, "delta": 11.997834}}
{"target": 0.5246882924807169, "params": {"C": 46.28388912424623, "epsilon": 5.94657777916707, "gamma": 0.4506960539538541, "lamda": 0.7733384476323547}, "datetime": {"datetime": "2021-07-03 16:50:18", "elapsed": 1625.547676, "delta": 1.804771}}
{"target": 0.4816389094305549, "params": {"C": 58.792536989002045, "epsilon": 9.913374481790289, "gamma": 0.5489960009574777, "lamda": 0.2700915749500187}, "datetime": {"datetime": "2021-07-03 16:50:20", "elapsed": 1628.304395, "delta": 2.756719}}
{"target": 0.5344813089532141, "params": {"C": 32.79748871571528, "epsilon": 4.284686864672312, "gamma": 0.4339557675932995, "lamda": 0.9397391728653718}, "datetime": {"datetime": "2021-07-03 16:50:23", "elapsed": 1631.308714, "delta": 3.004319}}
{"target": 0.4179750536774629, "params": {"C": 43.440128317000536, "epsilon": 8.116633475228031, "gamma": 0.7145490276091444, "lamda": 0.4238206411574015}, "datetime": {"datetime": "2021-07-03 16:50:25", "elapsed": 1632.979477, "delta": 1.670763}}
{"target": 0.6404832647047298, "params": {"C": 39.342346577765994, "epsilon": 7.947316257837828, "gamma": 0.2797576353372125, "lamda": 0.1}, "datetime": {"datetime": "2021-07-03 16:50:29", "elapsed": 1636.564296, "delta": 3.584819}}
{"target": 0.5009128699233922, "params": {"C": 34.80291320544487, "epsilon": 7.1216319749749415, "gamma": 0.5064936191657251, "lamda": 0.5039646889834191}, "datetime": {"datetime": "2021-07-03 16:50:30", "elapsed": 1638.211192, "delta": 1.646896}}
{"target": 0.4697655522989933, "params": {"C": 56.67438497361403, "epsilon": 4.360344170142212, "gamma": 0.5640133750088807, "lamda": 0.981375698887417}, "datetime": {"datetime": "2021-07-03 16:50:34", "elapsed": 1642.223156, "delta": 4.011964}}
{"target": 0.49449345259878874, "params": {"C": 38.746063771430705, "epsilon": 8.519224259493837, "gamma": 0.5209309106392341, "lamda": 0.14760456438785519}, "datetime": {"datetime": "2021-07-03 16:50:36", "elapsed": 1643.941689, "delta": 1.718533}}
{"target": 0.4476102513551504, "params": {"C": 44.06257289779701, "epsilon": 7.834182770943816, "gamma": 0.6309542989525307, "lamda": 0.1406497947083045}, "datetime": {"datetime": "2021-07-03 16:50:40", "elapsed": 1647.488958, "delta": 3.547269}}
{"target": 0.40974768394583694, "params": {"C": 39.326833656648176, "epsilon": 8.571162777937605, "gamma": 0.741015714576356, "lamda": 0.1}, "datetime": {"datetime": "2021-07-03 16:50:43", "elapsed": 1650.959962, "delta": 3.471004}}
{"target": 0.7750478393010123, "params": {"C": 39.00907041234531, "epsilon": 7.44744235073882, "gamma": 0.14820713946421224, "lamda": 0.5889196827381504}, "datetime": {"datetime": "2021-07-03 16:50:46", "elapsed": 1654.121318, "delta": 3.161356}}
{"target": 0.5155623930672003, "params": {"C": 39.3492971521304, "epsilon": 7.776290524149695, "gamma": 0.47416147627167304, "lamda": 0.6167304227975998}, "datetime": {"datetime": "2021-07-03 16:50:49", "elapsed": 1656.82004, "delta": 2.698722}}
{"target": -7.9665060834930905, "params": {"C": 4.228517846555483, "epsilon": 7.482920440979423, "gamma": 0.050097218594743156, "lamda": 0.3720993153686558}, "datetime": {"datetime": "2021-07-03 17:09:55", "elapsed": 0.0, "delta": 0.0}}
{"target": 0.369818612531263, "params": {"C": 1.5528833190894193, "epsilon": 1.8310473529191802, "gamma": 0.20832117967102026, "lamda": 0.411004654338743}, "datetime": {"datetime": "2021-07-03 17:09:55", "elapsed": 0.294959, "delta": 0.294959}}
{"target": 0.36211123025493475, "params": {"C": 4.027997994883632, "epsilon": 5.849350606030212, "gamma": 0.40631533724280056, "lamda": 0.7166975503570835}, "datetime": {"datetime": "2021-07-03 17:09:55", "elapsed": 0.557958, "delta": 0.262999}}
{"target": 0.023325315886501996, "params": {"C": 0.1764265742427985, "epsilon": 2.456748407914266, "gamma": 0.6529636790444987, "lamda": 0.7882631730924409}, "datetime": {"datetime": "2021-07-03 17:09:56", "elapsed": 0.904006, "delta": 0.346048}}
{"target": 0.3317995230674071, "params": {"C": 4.481317442809077, "epsilon": 4.721236371406603, "gamma": 0.5156342039178201, "lamda": 0.7697814234177126}, "datetime": {"datetime": "2021-07-03 17:09:56", "elapsed": 1.303973, "delta": 0.399967}}
{"target": 0.24784670084175675, "params": {"C": 3.398512753243892, "epsilon": 5.025279414941804, "gamma": 0.6875641406090699, "lamda": 1.0}, "datetime": {"datetime": "2021-07-03 17:09:57", "elapsed": 1.933993, "delta": 0.63002}}
{"target": 0.40268429233198255, "params": {"C": 1.7829415376524098, "epsilon": 3.631372696203155, "gamma": 0.19666382602418933, "lamda": 0.2328305697105425}, "datetime": {"datetime": "2021-07-03 17:09:57", "elapsed": 2.685964, "delta": 0.751971}}
{"target": -6.8059272383858005, "params": {"C": 3.2584831425962357, "epsilon": 2.7010646781035166, "gamma": 0.05, "lamda": 1.0}, "datetime": {"datetime": "2021-07-03 17:10:09", "elapsed": 14.465007, "delta": 11.779043}}
{"target": 0.5165875039994887, "params": {"C": 0.6622936420963861, "epsilon": 3.1843517272749358, "gamma": 0.056283652870871476, "lamda": 0.2101522832593288}, "datetime": {"datetime": "2021-07-03 17:10:10", "elapsed": 15.312965, "delta": 0.847958}}
{"target": 0.08643444985627025, "params": {"C": 0.8990190498373866, "epsilon": 4.768431657131207, "gamma": 0.9, "lamda": 0.1}, "datetime": {"datetime": "2021-07-03 17:10:11", "elapsed": 16.382992, "delta": 1.070027}}
{"target": 0.1980200929436654, "params": {"C": 0.31472626170839957, "epsilon": 1.112108845488161, "gamma": 0.15800654889791815, "lamda": 0.27106632627667937}, "datetime": {"datetime": "2021-07-03 17:10:12", "elapsed": 17.629991, "delta": 1.246999}}
{"target": 0.2645097742319932, "params": {"C": 6.537838062717105, "epsilon": 4.944809492686825, "gamma": 0.9, "lamda": 1.0}, "datetime": {"datetime": "2021-07-03 17:10:14", "elapsed": 19.112022, "delta": 1.482031}}
{"target": 0.8338260201334224, "params": {"C": 7.892646910045112, "epsilon": 4.062188970829734, "gamma": 0.05, "lamda": 0.1}, "datetime": {"datetime": "2021-07-03 17:10:14", "elapsed": 19.863002, "delta": 0.75098}}
{"target": 0.29022352424566655, "params": {"C": 8.66158467541541, "epsilon": 5.021337281993926, "gamma": 0.9, "lamda": 1.0}, "datetime": {"datetime": "2021-07-03 17:10:15", "elapsed": 20.730964, "delta": 0.867962}}
{"target": 0.280235299829379, "params": {"C": 7.9338233341205235, "epsilon": 2.9406626802655316, "gamma": 0.9, "lamda": 1.0}, "datetime": {"datetime": "2021-07-03 17:10:16", "elapsed": 21.393015, "delta": 0.662051}}
{"target": 0.6867680072706919, "params": {"C": 9.63392870432463, "epsilon": 3.4998465559673795, "gamma": 0.14757133273156772, "lamda": 0.1}, "datetime": {"datetime": "2021-07-03 17:10:17", "elapsed": 22.395038, "delta": 1.002023}}
{"target": 0.7374663991405002, "params": {"C": 9.2017609570952, "epsilon": 1.5847791489884469, "gamma": 0.11203918604909346, "lamda": 0.36527585090754444}, "datetime": {"datetime": "2021-07-03 17:10:18", "elapsed": 23.498979, "delta": 1.103941}}
{"target": 0.8289349589329857, "params": {"C": 7.364447204327246, "epsilon": 1.3322321180931098, "gamma": 0.05, "lamda": 0.1}, "datetime": {"datetime": "2021-07-03 17:10:19", "elapsed": 24.205016, "delta": 0.706037}}
{"target": -6.979168962121425, "params": {"C": 10.0, "epsilon": 5.654073663853735, "gamma": 0.05, "lamda": 0.1}, "datetime": {"datetime": "2021-07-03 17:10:28", "elapsed": 33.830015, "delta": 9.624999}}
{"target": 0.29928849630189347, "params": {"C": 10.0, "epsilon": 2.5528825077817627, "gamma": 0.9, "lamda": 1.0}, "datetime": {"datetime": "2021-07-03 17:10:29", "elapsed": 34.370028, "delta": 0.540013}}
{"target": 0.8196424537814103, "params": {"C": 6.53548824675062, "epsilon": 3.001362636010108, "gamma": 0.05, "lamda": 0.1}, "datetime": {"datetime": "2021-07-03 17:10:30", "elapsed": 34.975051, "delta": 0.605023}}
{"target": 0.2571389871047117, "params": {"C": 6.298435032165733, "epsilon": 1.0, "gamma": 0.9, "lamda": 1.0}, "datetime": {"datetime": "2021-07-03 17:10:30", "elapsed": 35.561031, "delta": 0.58598}}
{"target": -7.925464315732496, "params": {"C": 0.1, "epsilon": 6.647082817947271, "gamma": 0.05, "lamda": 1.0}, "datetime": {"datetime": "2021-07-03 17:11:03", "elapsed": 67.884103, "delta": 32.323072}}
{"target": 0.3015314985618428, "params": {"C": 9.329566318218536, "epsilon": 10.0, "gamma": 0.9, "lamda": 1.0}, "datetime": {"datetime": "2021-07-03 17:11:03", "elapsed": 68.570064, "delta": 0.685961}}
{"target": 0.28116957163031253, "params": {"C": 7.246068921956364, "epsilon": 10.0, "gamma": 0.9, "lamda": 1.0}, "datetime": {"datetime": "2021-07-03 17:11:04", "elapsed": 69.358079, "delta": 0.788015}}
{"target": 0.754408597669588, "params": {"C": 8.314170563766444, "epsilon": 8.852930350642648, "gamma": 0.09595990410148866, "lamda": 0.19012613531708067}, "datetime": {"datetime": "2021-07-03 17:11:05", "elapsed": 69.978076, "delta": 0.619997}}
{"target": 0.2842185740547959, "params": {"C": 7.6335804563463485, "epsilon": 7.54066298284796, "gamma": 0.9, "lamda": 1.0}, "datetime": {"datetime": "2021-07-03 17:11:05", "elapsed": 70.542071, "delta": 0.563995}}
{"target": -0.0016826751383289817, "params": {"C": 0.1, "epsilon": 10.0, "gamma": 0.9, "lamda": 0.1}, "datetime": {"datetime": "2021-07-03 17:11:06", "elapsed": 71.304115, "delta": 0.762044}}
{"target": 0.32300268886129424, "params": {"C": 8.093255564308944, "epsilon": 1.102801248277884, "gamma": 0.7304441059718009, "lamda": 0.9574278530325535}, "datetime": {"datetime": "2021-07-03 17:11:07", "elapsed": 71.880099, "delta": 0.575984}}
{"target": -3.19887084199945, "params": {"C": 9.93283669018742, "epsilon": 8.640343647771434, "gamma": 0.13735983006556723, "lamda": 0.9620264856668185}, "datetime": {"datetime": "2021-07-03 17:11:26", "elapsed": 90.882088, "delta": 19.001989}}
{"target": 0.29266271608599836, "params": {"C": 8.282349996159159, "epsilon": 10.0, "gamma": 0.9, "lamda": 0.1}, "datetime": {"datetime": "2021-07-03 17:11:26", "elapsed": 91.478856, "delta": 0.596768}}
{"target": 0.15543684527984647, "params": {"C": 1.9507075924501833, "epsilon": 10.0, "gamma": 0.9, "lamda": 1.0}, "datetime": {"datetime": "2021-07-03 17:11:27", "elapsed": 92.078249, "delta": 0.599393}}
{"target": -6.788778702726882, "params": {"C": 7.036938841617355, "epsilon": 5.942604938793092, "gamma": 0.05, "lamda": 0.1}, "datetime": {"datetime": "2021-07-03 17:11:46", "elapsed": 111.602177, "delta": 19.523928}}
{"target": 0.6922641801504519, "params": {"C": 8.453062811008255, "epsilon": 2.623430822646263, "gamma": 0.13586178152321376, "lamda": 0.1388537522789567}, "datetime": {"datetime": "2021-07-03 17:11:53", "elapsed": 117.941204, "delta": 6.339027}}
{"target": 0.27752672398642386, "params": {"C": 7.080992104138646, "epsilon": 8.785565274663984, "gamma": 0.9, "lamda": 0.1}, "datetime": {"datetime": "2021-07-03 17:12:02", "elapsed": 127.397414, "delta": 9.45621}}
{"target": 0.2872707697530399, "params": {"C": 6.348147201114594, "epsilon": 3.5405845055308585, "gamma": 0.7885604267108726, "lamda": 0.9030101971180953}, "datetime": {"datetime": "2021-07-03 17:12:06", "elapsed": 131.039204, "delta": 3.64179}}
{"target": 0.2966623562560151, "params": {"C": 10.0, "epsilon": 1.0, "gamma": 0.9, "lamda": 0.1}, "datetime": {"datetime": "2021-07-03 17:12:11", "elapsed": 136.554455, "delta": 5.515251}}
{"target": -8.404401086650612, "params": {"C": 6.203219026579755, "epsilon": 10.0, "gamma": 0.05, "lamda": 0.1}, "datetime": {"datetime": "2021-07-03 17:12:25", "elapsed": 150.33376, "delta": 13.779305}}
{"target": 0.28945345031281167, "params": {"C": 8.045311629332854, "epsilon": 8.912699191145864, "gamma": 0.9, "lamda": 1.0}, "datetime": {"datetime": "2021-07-03 17:12:26", "elapsed": 150.92022, "delta": 0.58646}}
{"target": 0.1139853864626782, "params": {"C": 1.2417729017807952, "epsilon": 1.0, "gamma": 0.9, "lamda": 1.0}, "datetime": {"datetime": "2021-07-03 17:12:26", "elapsed": 151.476217, "delta": 0.555997}}
{"target": 0.7905654484891693, "params": {"C": 8.633008768053582, "epsilon": 3.6878119330114454, "gamma": 0.07821748161416082, "lamda": 0.9721851849189158}, "datetime": {"datetime": "2021-07-03 17:12:27", "elapsed": 152.344399, "delta": 0.868182}}
{"target": 0.6419439484865028, "params": {"C": 5.3700931178809785, "epsilon": 1.2396348119839105, "gamma": 0.13521712351879275, "lamda": 0.12048786206449402}, "datetime": {"datetime": "2021-07-03 17:12:29", "elapsed": 154.204018, "delta": 1.859619}}
{"target": 0.25973605048085757, "params": {"C": 6.424979676680979, "epsilon": 2.027139904651587, "gamma": 0.9, "lamda": 0.1}, "datetime": {"datetime": "2021-07-03 17:12:29", "elapsed": 154.718251, "delta": 0.514233}}
{"target": 0.2880102529943509, "params": {"C": 8.619119992950116, "epsilon": 3.7445676905564733, "gamma": 0.9, "lamda": 0.1}, "datetime": {"datetime": "2021-07-03 17:12:30", "elapsed": 155.324261, "delta": 0.60601}}
{"target": -6.645643511111596, "params": {"C": 10.0, "epsilon": 1.0, "gamma": 0.05, "lamda": 1.0}, "datetime": {"datetime": "2021-07-03 17:12:42", "elapsed": 167.530225, "delta": 12.205964}}
{"target": 0.2874818723851993, "params": {"C": 8.871026029115795, "epsilon": 1.7932642219684825, "gamma": 0.9, "lamda": 0.1}, "datetime": {"datetime": "2021-07-03 17:12:43", "elapsed": 168.099253, "delta": 0.569028}}
{"target": -6.073877008488904, "params": {"C": 6.893599422253492, "epsilon": 2.123626008404838, "gamma": 0.05, "lamda": 1.0}, "datetime": {"datetime": "2021-07-03 17:12:49", "elapsed": 174.099275, "delta": 6.000022}}
{"target": 0.3252213230484021, "params": {"C": 7.445207566037048, "epsilon": 4.0136238308437715, "gamma": 0.7047874257333201, "lamda": 0.9282429027409631}, "datetime": {"datetime": "2021-07-03 17:12:49", "elapsed": 174.596559, "delta": 0.497284}}
{"target": 0.2717874012027188, "params": {"C": 7.176681473772656, "epsilon": 3.3709409178053784, "gamma": 0.9, "lamda": 0.1}, "datetime": {"datetime": "2021-07-03 17:12:50", "elapsed": 175.200316, "delta": 0.603757}}
{"target": 0.5816762703563767, "params": {"C": 5.555240048621053, "epsilon": 3.880739352738403, "gamma": 0.18320127911096512, "lamda": 0.20398133855423678}, "datetime": {"datetime": "2021-07-03 17:12:50", "elapsed": 175.769272, "delta": 0.568956}}
{"target": 0.2459984591465676, "params": {"C": 5.389061169829476, "epsilon": 2.8153203331891694, "gamma": 0.9, "lamda": 0.1}, "datetime": {"datetime": "2021-07-03 17:12:51", "elapsed": 176.336262, "delta": 0.56699}}
{"target": 0.09209509643359004, "params": {"C": 0.9800556535182721, "epsilon": 3.7116554285348093, "gamma": 0.9, "lamda": 1.0}, "datetime": {"datetime": "2021-07-03 17:12:52", "elapsed": 176.924307, "delta": 0.588045}}
