{"target": -7.368214679178029, "params": {"C": 30.0, "epsilon": 4.230933239221986, "gamma": 0.05, "lamda": 1.0}, "datetime": {"datetime": "2021-07-03 19:13:59", "elapsed": 590.417142, "delta": 6.508447}}
{"target": 0.3684174583229304, "params": {"C": 29.88974322715298, "epsilon": 4.88629543281934, "gamma": 0.870545430076094, "lamda": 0.8082185814352539}, "datetime": {"datetime": "2021-07-03 19:14:01", "elapsed": 591.77958, "delta": 1.362438}}
{"target": 0.36472512336445095, "params": {"C": 26.418822973157102, "epsilon": 7.770695314451066, "gamma": 0.9, "lamda": 0.10399031524302305}, "datetime": {"datetime": "2021-07-03 19:14:02", "elapsed": 593.04078, "delta": 1.2612}}
{"target": 0.3626796471766922, "params": {"C": 24.94410865014949, "epsilon": 8.899180489361179, "gamma": 0.9, "lamda": 0.958357464109918}, "datetime": {"datetime": "2021-07-03 19:14:03", "elapsed": 594.517742, "delta": 1.476962}}
{"target": 0.3573520831620888, "params": {"C": 23.027559409280805, "epsilon": 7.317381981586533, "gamma": 0.9, "lamda": 0.15496137238676702}, "datetime": {"datetime": "2021-07-03 19:14:05", "elapsed": 595.629264, "delta": 1.111522}}
{"target": 0.7669995881223357, "params": {"C": 24.87252956293124, "epsilon": 3.832640841128008, "gamma": 0.15353133503555594, "lamda": 0.9391959702035209}, "datetime": {"datetime": "2021-07-03 19:14:06", "elapsed": 596.803058, "delta": 1.173794}}
{"target": -1.732077087880025, "params": {"C": 21.63226286766383, "epsilon": 8.013348220763334, "gamma": 0.25767712055843806, "lamda": 0.5191140482369077}, "datetime": {"datetime": "2021-07-03 19:14:14", "elapsed": 605.250986, "delta": 8.447928}}
{"target": 0.8607896681709613, "params": {"C": 25.079436325062865, "epsilon": 3.628452389485248, "gamma": 0.061857107681472526, "lamda": 0.2953699206470428}, "datetime": {"datetime": "2021-07-03 19:14:15", "elapsed": 606.494338, "delta": 1.243352}}
{"target": 0.37688948878056105, "params": {"C": 26.306254139198955, "epsilon": 7.135361800747854, "gamma": 0.8488637981849009, "lamda": 0.9476601392841904}, "datetime": {"datetime": "2021-07-03 19:14:17", "elapsed": 607.682399, "delta": 1.188061}}
{"target": 0.3626093370970198, "params": {"C": 26.808124182469264, "epsilon": 5.848320403537844, "gamma": 0.9, "lamda": 0.1}, "datetime": {"datetime": "2021-07-03 19:14:18", "elapsed": 608.804623, "delta": 1.122224}}
{"target": 0.36314404906192677, "params": {"C": 25.206626949757727, "epsilon": 8.746814102604965, "gamma": 0.9, "lamda": 0.1}, "datetime": {"datetime": "2021-07-03 19:14:19", "elapsed": 610.047427, "delta": 1.242804}}
{"target": 0.35130705182551036, "params": {"C": 22.565084158669116, "epsilon": 4.4139003309628535, "gamma": 0.9, "lamda": 0.8683516035030815}, "datetime": {"datetime": "2021-07-03 19:14:20", "elapsed": 611.415194, "delta": 1.367767}}
{"target": 0.5364435442400306, "params": {"C": 25.106722956714844, "epsilon": 4.532575769635688, "gamma": 0.4289266855003046, "lamda": 0.8096552531610703}, "datetime": {"datetime": "2021-07-03 19:14:21", "elapsed": 612.453285, "delta": 1.038091}}
{"target": 0.3655553274684049, "params": {"C": 29.753032367884117, "epsilon": 9.153093840604933, "gamma": 0.9, "lamda": 1.0}, "datetime": {"datetime": "2021-07-03 19:14:23", "elapsed": 614.190342, "delta": 1.737057}}
{"target": 0.35602531027164586, "params": {"C": 27.697105141369352, "epsilon": 2.9827678737038505, "gamma": 0.9, "lamda": 0.1}, "datetime": {"datetime": "2021-07-03 19:14:25", "elapsed": 615.983742, "delta": 1.7934}}
{"target": 0.43304210983321956, "params": {"C": 21.824587766648794, "epsilon": 5.759825824062456, "gamma": 0.6353975274416455, "lamda": 0.6688800520693526}, "datetime": {"datetime": "2021-07-03 19:14:26", "elapsed": 616.951709, "delta": 0.967967}}
{"target": 0.35465361612081014, "params": {"C": 23.429882709771068, "epsilon": 4.956597618458051, "gamma": 0.9, "lamda": 0.20624804904987487}, "datetime": {"datetime": "2021-07-03 19:14:27", "elapsed": 618.322876, "delta": 1.371167}}
{"target": 0.35732049324348314, "params": {"C": 22.47038268074124, "epsilon": 9.277348163086979, "gamma": 0.9, "lamda": 0.1}, "datetime": {"datetime": "2021-07-03 19:14:28", "elapsed": 619.544424, "delta": 1.221548}}
{"target": 0.6719906972267781, "params": {"C": 23.651392764955062, "epsilon": 2.131887971876395, "gamma": 0.24318631157018594, "lamda": 0.1}, "datetime": {"datetime": "2021-07-03 19:14:30", "elapsed": 620.847333, "delta": 1.302909}}
{"target": 0.351590678195671, "params": {"C": 27.175862688595615, "epsilon": 1.45068136783728, "gamma": 0.9, "lamda": 0.1}, "datetime": {"datetime": "2021-07-03 19:14:31", "elapsed": 622.403919, "delta": 1.556586}}
{"target": 0.36027917024058653, "params": {"C": 24.943358191122204, "epsilon": 6.197917007405487, "gamma": 0.9, "lamda": 0.1}, "datetime": {"datetime": "2021-07-03 19:14:33", "elapsed": 623.655142, "delta": 1.251223}}
{"target": -0.5898160375325185, "params": {"C": 29.203927041247606, "epsilon": 2.1405832181762756, "gamma": 0.3407897300476891, "lamda": 0.8364689000794266}, "datetime": {"datetime": "2021-07-03 19:14:38", "elapsed": 629.2728, "delta": 5.617658}}
{"target": 0.3608864163351647, "params": {"C": 26.067147353083072, "epsilon": 2.216085863394638, "gamma": 0.8713623058079419, "lamda": 0.8711861397008165}, "datetime": {"datetime": "2021-07-03 19:14:40", "elapsed": 630.847716, "delta": 1.574916}}
{"target": 0.4107395675237411, "params": {"C": 20.298173102667143, "epsilon": 3.921101700010912, "gamma": 0.6757903231798691, "lamda": 0.9772954934109132}, "datetime": {"datetime": "2021-07-03 19:14:41", "elapsed": 631.79535, "delta": 0.947634}}
{"target": 0.3635548887780353, "params": {"C": 29.562262330421156, "epsilon": 6.755652097503493, "gamma": 0.9, "lamda": 1.0}, "datetime": {"datetime": "2021-07-03 19:14:42", "elapsed": 633.297418, "delta": 1.502068}}
{"target": -3.406001073823548, "params": {"C": 29.997577168441467, "epsilon": 5.615392691299387, "gamma": 0.07105249205725825, "lamda": 0.6439031665517363}, "datetime": {"datetime": "2021-07-03 19:14:51", "elapsed": 642.17333, "delta": 8.875912}}
{"target": 0.8187472941635799, "params": {"C": 28.97782546835528, "epsilon": 5.795661734648161, "gamma": 0.10810849525755137, "lamda": 0.2929802495164977}, "datetime": {"datetime": "2021-07-03 19:14:52", "elapsed": 643.243367, "delta": 1.070037}}
{"target": 0.7889984824908253, "params": {"C": 29.095954790034046, "epsilon": 5.907525059644227, "gamma": 0.13478834430761794, "lamda": 0.9676158429427001}, "datetime": {"datetime": "2021-07-03 19:14:54", "elapsed": 645.005639, "delta": 1.762272}}
{"target": 0.5842613150786631, "params": {"C": 28.447651278261585, "epsilon": 5.62412323360101, "gamma": 0.3560210282119142, "lamda": 0.1}, "datetime": {"datetime": "2021-07-03 19:14:55", "elapsed": 646.542293, "delta": 1.536654}}
{"target": 0.3879856312241119, "params": {"C": 28.20771721101831, "epsilon": 2.152293881963114, "gamma": 0.7814195799283452, "lamda": 0.24193811474746266}, "datetime": {"datetime": "2021-07-03 19:14:57", "elapsed": 647.584981, "delta": 1.042688}}
{"target": -4.088107834601127, "params": {"C": 28.407574893855667, "epsilon": 5.707165178369302, "gamma": 0.05890763123308439, "lamda": 0.7227053177258835}, "datetime": {"datetime": "2021-07-03 19:15:03", "elapsed": 654.568943, "delta": 6.983962}}
{"target": 0.5048950733643504, "params": {"C": 24.455889793490776, "epsilon": 4.344536035668414, "gamma": 0.4838213986306707, "lamda": 0.7046822725436397}, "datetime": {"datetime": "2021-07-03 19:15:05", "elapsed": 655.684963, "delta": 1.11602}}
{"target": 0.5801619367016846, "params": {"C": 29.25660808941978, "epsilon": 5.6422526124859855, "gamma": 0.3611077143047777, "lamda": 0.5860188388889204}, "datetime": {"datetime": "2021-07-03 19:15:06", "elapsed": 657.286273, "delta": 1.60131}}
{"target": 0.3702154564179485, "params": {"C": 26.906001524638302, "epsilon": 6.98470545054312, "gamma": 0.8761028455658647, "lamda": 0.27134256923600053}, "datetime": {"datetime": "2021-07-03 19:15:07", "elapsed": 658.236697, "delta": 0.950424}}
{"target": 0.46593522368863616, "params": {"C": 26.654529397714036, "epsilon": 2.199038025907447, "gamma": 0.570676598456682, "lamda": 0.6266836839683956}, "datetime": {"datetime": "2021-07-03 19:15:08", "elapsed": 659.345497, "delta": 1.1088}}
{"target": 0.6306144207056624, "params": {"C": 23.498107696361707, "epsilon": 9.374701112015288, "gamma": 0.29141382765427837, "lamda": 0.30056578722634963}, "datetime": {"datetime": "2021-07-03 19:15:09", "elapsed": 660.385985, "delta": 1.040488}}
{"target": 0.6919366246010188, "params": {"C": 22.875056185588, "epsilon": 9.017842733789058, "gamma": 0.22182775151560152, "lamda": 0.12750014033097154}, "datetime": {"datetime": "2021-07-03 19:15:11", "elapsed": 661.873476, "delta": 1.487491}}
{"target": 0.3755687464303026, "params": {"C": 23.28750525444625, "epsilon": 8.998279407398009, "gamma": 0.8371338343142042, "lamda": 0.1}, "datetime": {"datetime": "2021-07-03 19:15:13", "elapsed": 663.81821, "delta": 1.944734}}
{"target": 0.353602492577597, "params": {"C": 26.423114614975077, "epsilon": 2.117876464521599, "gamma": 0.9, "lamda": 0.1}, "datetime": {"datetime": "2021-07-03 19:15:15", "elapsed": 666.242321, "delta": 2.424111}}
{"target": 0.5146610860771875, "params": {"C": 22.866486248852826, "epsilon": 9.56498450990609, "gamma": 0.46357643576671753, "lamda": 0.5459172404277212}, "datetime": {"datetime": "2021-07-03 19:15:17", "elapsed": 667.922286, "delta": 1.679965}}
{"target": 0.3633964816598956, "params": {"C": 28.237355360179546, "epsilon": 6.615331108839107, "gamma": 0.9, "lamda": 0.1}, "datetime": {"datetime": "2021-07-03 19:15:20", "elapsed": 671.076498, "delta": 3.154212}}
{"target": 0.47590295288141904, "params": {"C": 29.11212181083534, "epsilon": 6.89327430027485, "gamma": 0.5628296898565788, "lamda": 0.9901132059210934}, "datetime": {"datetime": "2021-07-03 19:15:21", "elapsed": 672.275412, "delta": 1.198914}}
{"target": 0.5510041949988835, "params": {"C": 29.446388028973765, "epsilon": 6.2234382274407265, "gamma": 0.4072871999777896, "lamda": 1.0}, "datetime": {"datetime": "2021-07-03 19:15:23", "elapsed": 673.614348, "delta": 1.338936}}
{"target": 0.7337847766665813, "params": {"C": 29.311705266815117, "epsilon": 5.266480114750759, "gamma": 0.18467885693663977, "lamda": 0.9487587597159461}, "datetime": {"datetime": "2021-07-03 19:15:24", "elapsed": 674.868475, "delta": 1.254127}}
{"target": 0.7825872502423119, "params": {"C": 22.183884157421023, "epsilon": 9.430965399496943, "gamma": 0.13614383286711312, "lamda": 0.12833822140222065}, "datetime": {"datetime": "2021-07-03 19:15:26", "elapsed": 677.068754, "delta": 2.200279}}
{"target": 0.5851333436379864, "params": {"C": 22.211428983060742, "epsilon": 8.698664932360192, "gamma": 0.3462479261740198, "lamda": 0.16310202926817352}, "datetime": {"datetime": "2021-07-03 19:15:28", "elapsed": 678.831035, "delta": 1.762281}}
{"target": 0.49128266857464076, "params": {"C": 21.901539261500528, "epsilon": 9.51561550468261, "gamma": 0.505808652026749, "lamda": 0.720951104209018}, "datetime": {"datetime": "2021-07-03 19:15:29", "elapsed": 680.293845, "delta": 1.46281}}
{"target": 0.8130689101847692, "params": {"C": 22.953172757333082, "epsilon": 9.983614037480002, "gamma": 0.11113615597532597, "lamda": 0.1444072246564688}, "datetime": {"datetime": "2021-07-03 19:15:31", "elapsed": 681.738953, "delta": 1.445108}}
{"target": 0.4592787436094916, "params": {"C": 27.04237540554531, "epsilon": 7.8255256050626185, "gamma": 0.6032354366432132, "lamda": 0.5386517881235745}, "datetime": {"datetime": "2021-07-03 19:15:32", "elapsed": 682.835714, "delta": 1.096761}}
{"target": 0.39134295916602146, "params": {"C": 22.14145646654723, "epsilon": 9.921334163323603, "gamma": 0.7741438945471815, "lamda": 0.2079064508962985}, "datetime": {"datetime": "2021-07-03 19:15:33", "elapsed": 684.431855, "delta": 1.596141}}
{"target": -3.4392482536099136, "params": {"C": 22.36714990298687, "epsilon": 9.883189439671892, "gamma": 0.13308613529144186, "lamda": 0.5918437523280802}, "datetime": {"datetime": "2021-07-03 19:15:44", "elapsed": 695.277487, "delta": 10.845632}}
{"target": 0.49603142000487965, "params": {"C": 21.61855863698106, "epsilon": 9.433667618917047, "gamma": 0.4938208920205426, "lamda": 0.1}, "datetime": {"datetime": "2021-07-03 19:15:46", "elapsed": 696.77638, "delta": 1.498893}}
{"target": -8.104592122813163, "params": {"C": 23.589495186697185, "epsilon": 10.0, "gamma": 0.05, "lamda": 0.1}, "datetime": {"datetime": "2021-07-03 19:15:56", "elapsed": 707.513663, "delta": 10.737283}}
{"target": -1.792389885964106, "params": {"C": 23.224165134328764, "epsilon": 8.969750106758763, "gamma": 0.29087637918269554, "lamda": 0.6181894134585747}, "datetime": {"datetime": "2021-07-03 19:16:06", "elapsed": 717.479744, "delta": 9.966081}}
{"target": -1.2468866462429076, "params": {"C": 22.1112347811936, "epsilon": 9.05905270568236, "gamma": 0.9, "lamda": 0.7040249222401677}, "datetime": {"datetime": "2021-07-03 19:16:21", "elapsed": 731.954623, "delta": 14.474879}}
{"target": 0.4476752263927921, "params": {"C": 21.394059635827514, "epsilon": 4.974570939285261, "gamma": 0.5931003506574726, "lamda": 0.459149453118194}, "datetime": {"datetime": "2021-07-03 19:16:22", "elapsed": 733.491756, "delta": 1.537133}}
{"target": 0.576412370370314, "params": {"C": 29.245390966231476, "epsilon": 2.526743240074223, "gamma": 0.3640095908700812, "lamda": 0.5602508957727512}, "datetime": {"datetime": "2021-07-03 19:16:25", "elapsed": 735.9585, "delta": 2.466744}}
{"target": 0.4178618324099592, "params": {"C": 29.64043966074578, "epsilon": 2.2544815544643493, "gamma": 0.6908139179290893, "lamda": 0.1939469461775254}, "datetime": {"datetime": "2021-07-03 19:16:27", "elapsed": 738.328863, "delta": 2.370363}}
{"target": 0.3634541882230128, "params": {"C": 22.877586052804443, "epsilon": 9.91609452143908, "gamma": 0.8805053351476971, "lamda": 0.1660561491775484}, "datetime": {"datetime": "2021-07-03 19:16:31", "elapsed": 741.918621, "delta": 3.589758}}
{"target": 0.36676085822955085, "params": {"C": 25.563414309836585, "epsilon": 7.512080262183301, "gamma": 0.8858427157400184, "lamda": 0.9879846937539816}, "datetime": {"datetime": "2021-07-03 19:16:32", "elapsed": 743.22954, "delta": 1.310919}}
{"target": 0.35545644820950206, "params": {"C": 29.58384512639928, "epsilon": 2.8023953054751085, "gamma": 0.9, "lamda": 0.6377161564211232}, "datetime": {"datetime": "2021-07-03 19:16:34", "elapsed": 744.968549, "delta": 1.739009}}
{"target": 0.6670161714978031, "params": {"C": 29.69150854174543, "epsilon": 2.7884699432210716, "gamma": 0.25139570623176993, "lamda": 0.1}, "datetime": {"datetime": "2021-07-03 19:16:36", "elapsed": 746.675184, "delta": 1.706635}}
{"target": 0.6237855503712181, "params": {"C": 30.0, "epsilon": 2.50457202989432, "gamma": 0.301759688178824, "lamda": 0.6456863729096615}, "datetime": {"datetime": "2021-07-03 19:16:37", "elapsed": 748.223958, "delta": 1.548774}}
{"target": 0.3652948189564281, "params": {"C": 21.359587989762943, "epsilon": 9.86176708241643, "gamma": 0.8599691365690266, "lamda": 0.7709574018302253}, "datetime": {"datetime": "2021-07-03 19:16:39", "elapsed": 750.120059, "delta": 1.896101}}
{"target": 0.4144760956330439, "params": {"C": 23.86186331573162, "epsilon": 1.2544094335597293, "gamma": 0.6788087255813812, "lamda": 0.4743986288967089}, "datetime": {"datetime": "2021-07-03 19:16:40", "elapsed": 751.380265, "delta": 1.260206}}
{"target": 0.361598177053694, "params": {"C": 28.532557620442006, "epsilon": 5.46777781472486, "gamma": 0.9, "lamda": 0.1}, "datetime": {"datetime": "2021-07-03 19:16:42", "elapsed": 752.861963, "delta": 1.481698}}
{"target": 0.3603359673180385, "params": {"C": 23.29507797684142, "epsilon": 5.834121869395528, "gamma": 0.882681290168608, "lamda": 0.4177466676000525}, "datetime": {"datetime": "2021-07-03 19:16:44", "elapsed": 755.09397, "delta": 2.232007}}
{"target": 0.4092931309296022, "params": {"C": 24.092447404079344, "epsilon": 8.998978714436111, "gamma": 0.7310406304890307, "lamda": 0.12943153294924115}, "datetime": {"datetime": "2021-07-03 19:16:46", "elapsed": 756.732069, "delta": 1.638099}}
{"target": 0.3644669281714603, "params": {"C": 29.657316119062745, "epsilon": 7.124252809842179, "gamma": 0.898239962049005, "lamda": 0.13130899332238202}, "datetime": {"datetime": "2021-07-03 19:16:47", "elapsed": 758.441874, "delta": 1.709805}}
{"target": 0.5823465638596536, "params": {"C": 28.557584476967765, "epsilon": 2.2257173811415893, "gamma": 0.3560926811255169, "lamda": 0.2368619406736348}, "datetime": {"datetime": "2021-07-03 19:16:49", "elapsed": 759.711715, "delta": 1.269841}}
{"target": 0.36418399000222046, "params": {"C": 25.231300763511495, "epsilon": 4.761191594529402, "gamma": 0.8782823882258164, "lamda": 0.9406041290662509}, "datetime": {"datetime": "2021-07-03 19:16:52", "elapsed": 762.980692, "delta": 3.268977}}
{"target": 0.3610323057069599, "params": {"C": 29.10203177323925, "epsilon": 2.369222272965509, "gamma": 0.8750149144771362, "lamda": 0.13075569761993047}, "datetime": {"datetime": "2021-07-03 19:16:54", "elapsed": 764.950367, "delta": 1.969675}}
{"target": 0.4501480132489116, "params": {"C": 28.695857798246642, "epsilon": 8.541993017275418, "gamma": 0.6272490387638362, "lamda": 0.3539459358782112}, "datetime": {"datetime": "2021-07-03 19:16:55", "elapsed": 766.352427, "delta": 1.40206}}
{"target": 0.3649560329317706, "params": {"C": 28.14870141797745, "epsilon": 8.085400990721055, "gamma": 0.9, "lamda": 0.54472429247159}, "datetime": {"datetime": "2021-07-03 19:16:57", "elapsed": 768.207313, "delta": 1.854886}}
{"target": 0.5533275693605633, "params": {"C": 28.96615957315359, "epsilon": 9.482289807752666, "gamma": 0.40613017025675885, "lamda": 0.10803732900537634}, "datetime": {"datetime": "2021-07-03 19:16:59", "elapsed": 769.643404, "delta": 1.436091}}
{"target": -7.898550840445386, "params": {"C": 21.93913772286383, "epsilon": 5.797985343626913, "gamma": 0.05, "lamda": 1.0}, "datetime": {"datetime": "2021-07-03 19:17:07", "elapsed": 778.46946, "delta": 8.826056}}
{"target": 0.505377606677561, "params": {"C": 22.435361495832645, "epsilon": 5.690744219679897, "gamma": 0.474757810729835, "lamda": 0.5031097364451061}, "datetime": {"datetime": "2021-07-03 19:17:10", "elapsed": 780.778061, "delta": 2.308601}}
{"target": -6.366914791930035, "params": {"C": 25.498619702946687, "epsilon": 5.801079610722431, "gamma": 0.05, "lamda": 1.0}, "datetime": {"datetime": "2021-07-03 19:17:24", "elapsed": 795.215484, "delta": 14.437423}}
{"target": 0.49706105062464223, "params": {"C": 21.577336481447375, "epsilon": 5.337280446266387, "gamma": 0.48595987265621987, "lamda": 0.20564319136264078}, "datetime": {"datetime": "2021-07-03 19:17:25", "elapsed": 796.56881, "delta": 1.353326}}
{"target": 0.6548347553249839, "params": {"C": 24.314363928825294, "epsilon": 6.120423125713996, "gamma": 0.2650980999301978, "lamda": 0.28139345113978154}, "datetime": {"datetime": "2021-07-03 19:17:27", "elapsed": 798.279222, "delta": 1.710412}}
{"target": -2.1532130194255297, "params": {"C": 26.90666712453197, "epsilon": 9.632515109635543, "gamma": 0.23541408701969585, "lamda": 0.8524690793969253}, "datetime": {"datetime": "2021-07-03 19:17:40", "elapsed": 811.1541, "delta": 12.874878}}
{"target": 0.4989389437124315, "params": {"C": 24.269066284456343, "epsilon": 5.976730856408655, "gamma": 0.49907255186059846, "lamda": 0.9483442888722357}, "datetime": {"datetime": "2021-07-03 19:17:42", "elapsed": 812.627149, "delta": 1.473049}}
{"target": 0.4994021847255389, "params": {"C": 26.68214624532507, "epsilon": 5.463460279979477, "gamma": 0.5066847105781406, "lamda": 0.7718708564183995}, "datetime": {"datetime": "2021-07-03 19:17:43", "elapsed": 814.512529, "delta": 1.88538}}
{"target": 0.4367100966903007, "params": {"C": 27.85292649715324, "epsilon": 3.1510179005321883, "gamma": 0.6459699713663121, "lamda": 0.2534120453700831}, "datetime": {"datetime": "2021-07-03 19:17:45", "elapsed": 815.888439, "delta": 1.37591}}
{"target": 0.5840172977925988, "params": {"C": 28.73570709825995, "epsilon": 4.507985285506657, "gamma": 0.3557821174563192, "lamda": 0.8750508688735597}, "datetime": {"datetime": "2021-07-03 19:17:46", "elapsed": 817.284735, "delta": 1.396296}}
{"target": 0.5703455696194969, "params": {"C": 25.962273713702785, "epsilon": 8.703047572349547, "gamma": 0.38056491396296305, "lamda": 0.19948386499288998}, "datetime": {"datetime": "2021-07-03 19:17:48", "elapsed": 818.738923, "delta": 1.454188}}
{"target": 0.4353282517262771, "params": {"C": 25.71210607736694, "epsilon": 9.107007036515341, "gamma": 0.6650396773635447, "lamda": 0.1}, "datetime": {"datetime": "2021-07-03 19:17:50", "elapsed": 820.924741, "delta": 2.185818}}
{"target": 0.6041766328661651, "params": {"C": 24.829244531864095, "epsilon": 6.573613925238819, "gamma": 0.3301435159295604, "lamda": 0.2230473519618611}, "datetime": {"datetime": "2021-07-03 19:17:51", "elapsed": 822.16299, "delta": 1.238249}}
{"target": 0.3796330467201099, "params": {"C": 28.69804791343926, "epsilon": 4.2876919451163165, "gamma": 0.8241490702156359, "lamda": 0.6493054698942122}, "datetime": {"datetime": "2021-07-03 19:17:55", "elapsed": 825.820641, "delta": 3.657651}}
{"target": 0.5279142802856704, "params": {"C": 25.114973902040635, "epsilon": 3.4696129610264568, "gamma": 0.4421052365971183, "lamda": 0.702874783496145}, "datetime": {"datetime": "2021-07-03 19:17:57", "elapsed": 828.201422, "delta": 2.380781}}
{"target": 0.8657311248232381, "params": {"C": 24.782789316190236, "epsilon": 6.327466465079024, "gamma": 0.05, "lamda": 0.6321351618360438}, "datetime": {"datetime": "2021-07-03 19:18:00", "elapsed": 830.794512, "delta": 2.59309}}
{"target": 0.4021791600626171, "params": {"C": 24.676017076844857, "epsilon": 6.142090794225783, "gamma": 0.7487696400450932, "lamda": 0.1831709896819368}, "datetime": {"datetime": "2021-07-03 19:18:01", "elapsed": 832.162509, "delta": 1.367997}}
