{"target": 0.3424577191355105, "params": {"C": 18.285739227603486, "epsilon": 6.0667965910368995, "gamma": 0.9, "lamda": 0.2884757776117298}, "datetime": {"datetime": "2021-07-03 18:23:22", "elapsed": 192.45711, "delta": 0.813976}}
{"target": 0.3295094955466218, "params": {"C": 14.710629382059478, "epsilon": 4.046274423090539, "gamma": 0.9, "lamda": 1.0}, "datetime": {"datetime": "2021-07-03 18:23:24", "elapsed": 194.062009, "delta": 1.604899}}
{"target": -6.969951628192483, "params": {"C": 15.573122451871441, "epsilon": 6.06851274538116, "gamma": 0.05, "lamda": 1.0}, "datetime": {"datetime": "2021-07-03 18:23:31", "elapsed": 201.487408, "delta": 7.425399}}
{"target": 0.5022351785129298, "params": {"C": 10.5157632287058, "epsilon": 3.5868859598361915, "gamma": 0.37046127997957895, "lamda": 0.6007824275201887}, "datetime": {"datetime": "2021-07-03 18:23:32", "elapsed": 201.973921, "delta": 0.486513}}
{"target": 0.41250828343394796, "params": {"C": 15.047773423160304, "epsilon": 4.819973748531982, "gamma": 0.6254433953121931, "lamda": 0.9990793464964778}, "datetime": {"datetime": "2021-07-03 18:23:33", "elapsed": 202.863767, "delta": 0.889846}}
{"target": 0.30314998424593054, "params": {"C": 10.559304368348464, "epsilon": 2.0873107766350736, "gamma": 0.9, "lamda": 0.1}, "datetime": {"datetime": "2021-07-03 18:23:33", "elapsed": 203.62469, "delta": 0.760923}}
{"target": 0.34304525726462365, "params": {"C": 15.334225749300966, "epsilon": 7.566340769586665, "gamma": 0.8767834192420154, "lamda": 0.13006811710388283}, "datetime": {"datetime": "2021-07-03 18:23:34", "elapsed": 204.343213, "delta": 0.718523}}
{"target": 0.3761086153124449, "params": {"C": 17.295120264423858, "epsilon": 6.649389451289976, "gamma": 0.7629834806409828, "lamda": 0.7824117691611002}, "datetime": {"datetime": "2021-07-03 18:23:35", "elapsed": 205.032699, "delta": 0.689486}}
{"target": 0.34693788611840615, "params": {"C": 20.0, "epsilon": 5.912005248853677, "gamma": 0.9, "lamda": 1.0}, "datetime": {"datetime": "2021-07-03 18:23:36", "elapsed": 205.945089, "delta": 0.91239}}
{"target": 0.45662272458634034, "params": {"C": 16.063214326349886, "epsilon": 7.193055459506931, "gamma": 0.5327369424391859, "lamda": 0.42895937631356307}, "datetime": {"datetime": "2021-07-03 18:23:36", "elapsed": 206.484129, "delta": 0.53904}}
{"target": 0.5355787667703493, "params": {"C": 11.461882001300701, "epsilon": 1.6988359095833765, "gamma": 0.328780897296752, "lamda": 0.3584520614055319}, "datetime": {"datetime": "2021-07-03 18:23:37", "elapsed": 206.962347, "delta": 0.478218}}
{"target": 0.3267473576005082, "params": {"C": 14.830644538520168, "epsilon": 2.573749641082106, "gamma": 0.9, "lamda": 0.1}, "datetime": {"datetime": "2021-07-03 18:23:38", "elapsed": 207.757046, "delta": 0.794699}}
{"target": 0.7876447864173963, "params": {"C": 13.842312552112771, "epsilon": 1.3299907014342272, "gamma": 0.10461039336270511, "lamda": 0.29404727173617073}, "datetime": {"datetime": "2021-07-03 18:23:38", "elapsed": 208.551249, "delta": 0.794203}}
{"target": 0.3379865871503971, "params": {"C": 15.928044272042547, "epsilon": 6.5192863109248735, "gamma": 0.8953669352134285, "lamda": 0.17767664729406885}, "datetime": {"datetime": "2021-07-03 18:23:40", "elapsed": 210.284617, "delta": 1.733368}}
{"target": -6.822806566162002, "params": {"C": 12.384742824903023, "epsilon": 5.445792539674186, "gamma": 0.05, "lamda": 1.0}, "datetime": {"datetime": "2021-07-03 18:23:55", "elapsed": 225.089438, "delta": 14.804821}}
{"target": -7.1852564978245645, "params": {"C": 12.117345252204148, "epsilon": 7.0214279554744525, "gamma": 0.05, "lamda": 0.1}, "datetime": {"datetime": "2021-07-03 18:24:01", "elapsed": 231.003386, "delta": 5.913948}}
{"target": 0.41441993155685153, "params": {"C": 19.801872495494738, "epsilon": 5.400585749280521, "gamma": 0.6664955612917248, "lamda": 0.11338731010889294}, "datetime": {"datetime": "2021-07-03 18:24:01", "elapsed": 231.451391, "delta": 0.448005}}
{"target": -2.4957245762605043, "params": {"C": 15.249299533781507, "epsilon": 1.7730392402773405, "gamma": 0.11279179596766986, "lamda": 0.5784231717416867}, "datetime": {"datetime": "2021-07-03 18:24:12", "elapsed": 241.962457, "delta": 10.511066}}
{"target": 0.35217153521377076, "params": {"C": 18.186385612230282, "epsilon": 5.294599265289762, "gamma": 0.8578339253447802, "lamda": 0.9514335403867449}, "datetime": {"datetime": "2021-07-03 18:24:12", "elapsed": 242.542394, "delta": 0.579937}}
{"target": 0.320717194329856, "params": {"C": 12.086806789680644, "epsilon": 5.910321485025464, "gamma": 0.9, "lamda": 0.1}, "datetime": {"datetime": "2021-07-03 18:24:14", "elapsed": 244.219279, "delta": 1.676885}}
{"target": 0.31546721162198743, "params": {"C": 11.33481146919794, "epsilon": 6.329625787480783, "gamma": 0.9, "lamda": 1.0}, "datetime": {"datetime": "2021-07-03 18:24:15", "elapsed": 245.606387, "delta": 1.387108}}
{"target": -1.4438696901795982, "params": {"C": 19.47071272779467, "epsilon": 10.0, "gamma": 0.9, "lamda": 0.9810615788581596}, "datetime": {"datetime": "2021-07-03 18:24:26", "elapsed": 255.990412, "delta": 10.384025}}
{"target": 0.33565934784283413, "params": {"C": 15.342365220176312, "epsilon": 4.228943245154067, "gamma": 0.8855958427887064, "lamda": 0.12627511310914843}, "datetime": {"datetime": "2021-07-03 18:24:26", "elapsed": 256.577381, "delta": 0.586969}}
{"target": 0.43090836283659495, "params": {"C": 15.583545014637437, "epsilon": 2.629342442641242, "gamma": 0.5756238466702694, "lamda": 0.17337099632690495}, "datetime": {"datetime": "2021-07-03 18:24:27", "elapsed": 257.136437, "delta": 0.559056}}
{"target": 0.6008902725882685, "params": {"C": 15.116131946113493, "epsilon": 3.3510236084229432, "gamma": 0.2769000904112399, "lamda": 0.1}, "datetime": {"datetime": "2021-07-03 18:24:28", "elapsed": 257.996417, "delta": 0.85998}}
{"target": -1.9081339139664633, "params": {"C": 16.566909787516394, "epsilon": 9.951957842705822, "gamma": 0.3462834969720405, "lamda": 0.9687169202398639}, "datetime": {"datetime": "2021-07-03 18:24:36", "elapsed": 266.149405, "delta": 8.152988}}
{"target": 0.3426110998775259, "params": {"C": 17.048907974792282, "epsilon": 9.07551474399442, "gamma": 0.9, "lamda": 0.1}, "datetime": {"datetime": "2021-07-03 18:24:37", "elapsed": 267.35144, "delta": 1.202035}}
{"target": -8.256635483769868, "params": {"C": 18.0329623366786, "epsilon": 10.0, "gamma": 0.05799568026620141, "lamda": 0.1}, "datetime": {"datetime": "2021-07-03 18:24:51", "elapsed": 281.353465, "delta": 14.002025}}
{"target": 0.3215164246983392, "params": {"C": 14.325669668451338, "epsilon": 1.0, "gamma": 0.9, "lamda": 0.1}, "datetime": {"datetime": "2021-07-03 18:24:52", "elapsed": 282.007204, "delta": 0.653739}}
{"target": 0.32662016006457395, "params": {"C": 11.790466847202483, "epsilon": 4.364724193726303, "gamma": 0.8608159866619641, "lamda": 0.18347756446792163}, "datetime": {"datetime": "2021-07-03 18:24:53", "elapsed": 282.715355, "delta": 0.708151}}
{"target": 0.32641614162454125, "params": {"C": 16.28864346977535, "epsilon": 1.0, "gamma": 0.9, "lamda": 0.1}, "datetime": {"datetime": "2021-07-03 18:24:53", "elapsed": 283.58701, "delta": 0.871655}}
{"target": 0.865417728471404, "params": {"C": 20.0, "epsilon": 7.725466474712386, "gamma": 0.05, "lamda": 0.1}, "datetime": {"datetime": "2021-07-03 18:24:55", "elapsed": 284.823908, "delta": 1.236898}}
{"target": -7.383222033765941, "params": {"C": 19.102155167364852, "epsilon": 7.3863295269765015, "gamma": 0.05, "lamda": 0.1}, "datetime": {"datetime": "2021-07-03 18:25:01", "elapsed": 291.134481, "delta": 6.310573}}
{"target": -1.1046253131016868, "params": {"C": 19.93691745443119, "epsilon": 8.372192987419684, "gamma": 0.8723311802058216, "lamda": 0.9525162896501217}, "datetime": {"datetime": "2021-07-03 18:25:11", "elapsed": 301.645495, "delta": 10.511014}}
{"target": 0.30613510610860206, "params": {"C": 11.08971456490931, "epsilon": 1.4895821457497904, "gamma": 0.9, "lamda": 1.0}, "datetime": {"datetime": "2021-07-03 18:25:12", "elapsed": 302.4115, "delta": 0.766005}}
{"target": 0.34022474896093935, "params": {"C": 16.863440136465574, "epsilon": 7.292485576251017, "gamma": 0.9, "lamda": 0.1}, "datetime": {"datetime": "2021-07-03 18:25:14", "elapsed": 304.107076, "delta": 1.695576}}
{"target": 0.3369715160646144, "params": {"C": 19.00217767264091, "epsilon": 2.45516775133671, "gamma": 0.9, "lamda": 1.0}, "datetime": {"datetime": "2021-07-03 18:25:15", "elapsed": 305.504037, "delta": 1.396961}}
{"target": 0.3356975628664608, "params": {"C": 17.39051227393194, "epsilon": 4.015311771701185, "gamma": 0.9, "lamda": 0.1}, "datetime": {"datetime": "2021-07-03 18:25:16", "elapsed": 306.341539, "delta": 0.837502}}
{"target": 0.33459646329875425, "params": {"C": 16.337912166054267, "epsilon": 4.547409706337286, "gamma": 0.9, "lamda": 1.0}, "datetime": {"datetime": "2021-07-03 18:25:17", "elapsed": 307.452855, "delta": 1.111316}}
{"target": 0.3316848156259624, "params": {"C": 15.978172177768988, "epsilon": 3.529837342790446, "gamma": 0.9, "lamda": 0.1}, "datetime": {"datetime": "2021-07-03 18:25:19", "elapsed": 308.756503, "delta": 1.303648}}
{"target": 0.30889870915205164, "params": {"C": 10.0, "epsilon": 10.0, "gamma": 0.9, "lamda": 1.0}, "datetime": {"datetime": "2021-07-03 18:25:20", "elapsed": 309.791532, "delta": 1.035029}}
{"target": 0.3233877152043172, "params": {"C": 10.88512552470404, "epsilon": 9.979592861673506, "gamma": 0.8747884057085877, "lamda": 0.27262443729876373}, "datetime": {"datetime": "2021-07-03 18:25:20", "elapsed": 310.667504, "delta": 0.875972}}
{"target": -8.514021411544055, "params": {"C": 10.753166554599366, "epsilon": 10.0, "gamma": 0.05, "lamda": 1.0}, "datetime": {"datetime": "2021-07-03 18:25:31", "elapsed": 320.743208, "delta": 10.075704}}
{"target": 0.30839591019143275, "params": {"C": 10.0, "epsilon": 9.48783766893938, "gamma": 0.9, "lamda": 0.1}, "datetime": {"datetime": "2021-07-03 18:25:32", "elapsed": 321.711747, "delta": 0.968539}}
{"target": -8.056941451882858, "params": {"C": 20.0, "epsilon": 9.404188407764785, "gamma": 0.05, "lamda": 0.1}, "datetime": {"datetime": "2021-07-03 18:25:47", "elapsed": 336.788851, "delta": 15.077104}}
{"target": 0.3494802216189834, "params": {"C": 19.260803763761352, "epsilon": 9.666688685853776, "gamma": 0.8979908215981537, "lamda": 0.2578839062802796}, "datetime": {"datetime": "2021-07-03 18:25:48", "elapsed": 337.764245, "delta": 0.975394}}
{"target": 0.8495077398510704, "params": {"C": 15.821073047451417, "epsilon": 4.276373436905095, "gamma": 0.06632665847882599, "lamda": 0.24802259817206548}, "datetime": {"datetime": "2021-07-03 18:25:49", "elapsed": 338.883457, "delta": 1.119212}}
{"target": 0.3296557400228519, "params": {"C": 15.231864159204546, "epsilon": 3.336788300865431, "gamma": 0.9, "lamda": 0.6773375306233352}, "datetime": {"datetime": "2021-07-03 18:25:50", "elapsed": 339.814944, "delta": 0.931487}}
{"target": 0.34645849123218464, "params": {"C": 17.29897874147167, "epsilon": 3.97636684903543, "gamma": 0.8614182265901363, "lamda": 0.977761075161743}, "datetime": {"datetime": "2021-07-03 18:25:50", "elapsed": 340.477272, "delta": 0.662328}}
{"target": -1.257505719987957, "params": {"C": 16.479931457954297, "epsilon": 7.170918475155689, "gamma": 0.3437607602450052, "lamda": 0.8756977515097473}, "datetime": {"datetime": "2021-07-03 18:25:59", "elapsed": 349.37467, "delta": 8.897398}}
{"target": -7.182121032486, "params": {"C": 15.974475917852287, "epsilon": 4.711934230254899, "gamma": 0.05, "lamda": 1.0}, "datetime": {"datetime": "2021-07-03 18:26:07", "elapsed": 357.33575, "delta": 7.96108}}
{"target": 0.7333840608737372, "params": {"C": 14.991616140519536, "epsilon": 4.123834357237659, "gamma": 0.14583509495865193, "lamda": 0.3683019536311112}, "datetime": {"datetime": "2021-07-03 18:26:08", "elapsed": 358.125198, "delta": 0.789448}}
{"target": 0.3355338463932811, "params": {"C": 16.470129019534966, "epsilon": 4.212610228032245, "gamma": 0.8949113955757052, "lamda": 0.11272631127957566}, "datetime": {"datetime": "2021-07-03 18:26:09", "elapsed": 358.945152, "delta": 0.819954}}
{"target": 0.424082147519417, "params": {"C": 18.443728756009527, "epsilon": 6.8116966917375485, "gamma": 0.6336433504123635, "lamda": 0.6728707973286068}, "datetime": {"datetime": "2021-07-03 18:26:09", "elapsed": 359.608906, "delta": 0.663754}}
{"target": 0.8105824996112934, "params": {"C": 15.027164251369165, "epsilon": 3.809150651587315, "gamma": 0.09391947374237257, "lamda": 0.9956777174975858}, "datetime": {"datetime": "2021-07-03 18:26:10", "elapsed": 360.579925, "delta": 0.971019}}
{"target": 0.7724200599173175, "params": {"C": 12.0308314318039, "epsilon": 1.0030058250070903, "gamma": 0.1054749557003827, "lamda": 0.7161324441665686}, "datetime": {"datetime": "2021-07-03 18:26:11", "elapsed": 361.225521, "delta": 0.645596}}
{"target": 0.3755776063513818, "params": {"C": 11.993189126217896, "epsilon": 1.1277134817589405, "gamma": 0.6792431122030312, "lamda": 0.8793747361778185}, "datetime": {"datetime": "2021-07-03 18:26:12", "elapsed": 362.29674, "delta": 1.071219}}
{"target": 0.4207405465371262, "params": {"C": 12.658104545986419, "epsilon": 7.520065655937861, "gamma": 0.5859930270825161, "lamda": 0.7195577812668457}, "datetime": {"datetime": "2021-07-03 18:26:13", "elapsed": 362.900461, "delta": 0.603721}}
{"target": 0.3412795907716125, "params": {"C": 17.75164145682715, "epsilon": 6.842534562821056, "gamma": 0.9, "lamda": 0.1}, "datetime": {"datetime": "2021-07-03 18:26:14", "elapsed": 363.917778, "delta": 1.017317}}
{"target": -7.028073703516204, "params": {"C": 11.491194889097965, "epsilon": 1.1124362382963913, "gamma": 0.05, "lamda": 1.0}, "datetime": {"datetime": "2021-07-03 18:26:24", "elapsed": 374.663614, "delta": 10.745836}}
{"target": -1.5340616437515862, "params": {"C": 18.729778252937958, "epsilon": 1.8182425838019591, "gamma": 0.1550284261872795, "lamda": 0.7303583685356225}, "datetime": {"datetime": "2021-07-03 18:26:35", "elapsed": 385.411814, "delta": 10.7482}}
{"target": 0.7183972764551783, "params": {"C": 15.864204179137083, "epsilon": 5.197861872534442, "gamma": 0.16301663209006434, "lamda": 0.9122738467042131}, "datetime": {"datetime": "2021-07-03 18:26:36", "elapsed": 386.060396, "delta": 0.648582}}
{"target": 0.5089267027556572, "params": {"C": 15.5076309100377, "epsilon": 3.83140379310427, "gamma": 0.41453366863936075, "lamda": 0.49973353473970644}, "datetime": {"datetime": "2021-07-03 18:26:37", "elapsed": 386.975671, "delta": 0.915275}}
{"target": 0.3984229452805296, "params": {"C": 15.756611865132403, "epsilon": 5.363113922851566, "gamma": 0.667778145531581, "lamda": 0.28279820753151697}, "datetime": {"datetime": "2021-07-03 18:26:38", "elapsed": 387.870936, "delta": 0.895265}}
{"target": 0.3818503118871164, "params": {"C": 13.055312393335274, "epsilon": 5.023828209382866, "gamma": 0.6904654856093828, "lamda": 0.1646916162440768}, "datetime": {"datetime": "2021-07-03 18:26:39", "elapsed": 388.97727, "delta": 1.106334}}
{"target": -2.8446711519850307, "params": {"C": 12.52034397961436, "epsilon": 1.0444906922268755, "gamma": 0.10705839880869167, "lamda": 0.9307347828546487}, "datetime": {"datetime": "2021-07-03 18:26:46", "elapsed": 396.535871, "delta": 7.558601}}
{"target": 0.7500660699837158, "params": {"C": 14.646849817157587, "epsilon": 4.252188921900271, "gamma": 0.1318048500732239, "lamda": 0.8929143911754216}, "datetime": {"datetime": "2021-07-03 18:26:48", "elapsed": 397.823729, "delta": 1.287858}}
{"target": 0.4623618198402413, "params": {"C": 13.385540961172799, "epsilon": 6.101676044118611, "gamma": 0.48929495035099935, "lamda": 0.4055671095708542}, "datetime": {"datetime": "2021-07-03 18:26:49", "elapsed": 399.118467, "delta": 1.294738}}
{"target": 0.3856517541849356, "params": {"C": 14.717859641477911, "epsilon": 3.753597199802772, "gamma": 0.6904350021302939, "lamda": 0.35397760529929995}, "datetime": {"datetime": "2021-07-03 18:26:50", "elapsed": 400.177774, "delta": 1.059307}}
{"target": 0.41692781716583904, "params": {"C": 12.818238534194485, "epsilon": 1.855949161110732, "gamma": 0.579579523265894, "lamda": 0.15438994636564715}, "datetime": {"datetime": "2021-07-03 18:26:51", "elapsed": 400.794924, "delta": 0.61715}}
{"target": 0.366637368774126, "params": {"C": 10.698719895514813, "epsilon": 3.6656837922984877, "gamma": 0.6870398478779308, "lamda": 0.7222074410999991}, "datetime": {"datetime": "2021-07-03 18:26:51", "elapsed": 401.413382, "delta": 0.618458}}
{"target": 0.3400370418775188, "params": {"C": 16.036223747997838, "epsilon": 9.007388272267335, "gamma": 0.9, "lamda": 0.1}, "datetime": {"datetime": "2021-07-03 18:26:52", "elapsed": 402.55369, "delta": 1.140308}}
{"target": 0.45061673558461135, "params": {"C": 17.738422127855706, "epsilon": 1.8780841724301474, "gamma": 0.5443186001021482, "lamda": 0.23773980176475656}, "datetime": {"datetime": "2021-07-03 18:26:53", "elapsed": 403.199706, "delta": 0.646016}}
{"target": 0.3512284055404602, "params": {"C": 18.256298528470996, "epsilon": 2.2188578406351054, "gamma": 0.8391266104570975, "lamda": 0.12865321669709054}, "datetime": {"datetime": "2021-07-03 18:26:54", "elapsed": 404.45987, "delta": 1.260164}}
{"target": 0.5158573879828863, "params": {"C": 13.450899453040467, "epsilon": 1.5414396247206426, "gamma": 0.37969195083597085, "lamda": 0.1}, "datetime": {"datetime": "2021-07-03 18:26:55", "elapsed": 405.545466, "delta": 1.085596}}
{"target": 0.331850327575103, "params": {"C": 18.053865103415053, "epsilon": 1.4301618136991492, "gamma": 0.9, "lamda": 0.1}, "datetime": {"datetime": "2021-07-03 18:26:56", "elapsed": 406.477684, "delta": 0.932218}}
{"target": 0.5881222605035503, "params": {"C": 18.089679523472995, "epsilon": 6.301013109234076, "gamma": 0.31607521499151386, "lamda": 0.6819309280769205}, "datetime": {"datetime": "2021-07-03 18:26:57", "elapsed": 407.535554, "delta": 1.05787}}
{"target": 0.3250704351575907, "params": {"C": 14.00645275182201, "epsilon": 1.9913638938880989, "gamma": 0.8907648374448783, "lamda": 0.5709809385916387}, "datetime": {"datetime": "2021-07-03 18:26:58", "elapsed": 408.193386, "delta": 0.657832}}
{"target": 0.5874704003969153, "params": {"C": 15.472067512659423, "epsilon": 4.742485779293985, "gamma": 0.29608419861197555, "lamda": 0.1}, "datetime": {"datetime": "2021-07-03 18:26:59", "elapsed": 409.120114, "delta": 0.926728}}
{"target": 0.32569250437143227, "params": {"C": 12.65954825594762, "epsilon": 6.720565113988592, "gamma": 0.9, "lamda": 1.0}, "datetime": {"datetime": "2021-07-03 18:27:00", "elapsed": 410.127611, "delta": 1.007497}}
{"target": 0.5420052300790064, "params": {"C": 14.338157462562783, "epsilon": 1.6448835372814825, "gamma": 0.34720742298751567, "lamda": 0.1}, "datetime": {"datetime": "2021-07-03 18:27:01", "elapsed": 411.154265, "delta": 1.026654}}
{"target": -6.25114916573408, "params": {"C": 10.007493728312165, "epsilon": 3.0013882534310405, "gamma": 0.05766591250120857, "lamda": 0.15709607644169873}, "datetime": {"datetime": "2021-07-03 18:27:09", "elapsed": 419.285491, "delta": 8.131226}}
{"target": 0.4489055250722054, "params": {"C": 12.58517247577475, "epsilon": 5.565446894585606, "gamma": 0.5096406548350432, "lamda": 0.1}, "datetime": {"datetime": "2021-07-03 18:27:10", "elapsed": 420.606572, "delta": 1.321081}}
{"target": 0.3432599291120304, "params": {"C": 18.495448293964607, "epsilon": 6.245038598272708, "gamma": 0.9, "lamda": 1.0}, "datetime": {"datetime": "2021-07-03 18:27:12", "elapsed": 421.734329, "delta": 1.127757}}
{"target": 0.3369361285637492, "params": {"C": 13.106314911035867, "epsilon": 5.827674806356559, "gamma": 0.8632597938481856, "lamda": 0.13926119066846043}, "datetime": {"datetime": "2021-07-03 18:27:12", "elapsed": 422.47808, "delta": 0.743751}}
{"target": 0.40383673666792286, "params": {"C": 10.641876636701715, "epsilon": 3.6715708586395683, "gamma": 0.5822809020768077, "lamda": 0.12534227187357472}, "datetime": {"datetime": "2021-07-03 18:27:13", "elapsed": 423.592085, "delta": 1.114005}}
{"target": 0.337155080135055, "params": {"C": 17.329648497625765, "epsilon": 4.878617322023147, "gamma": 0.9, "lamda": 1.0}, "datetime": {"datetime": "2021-07-03 18:27:14", "elapsed": 424.497524, "delta": 0.905439}}
{"target": 0.6489463511980991, "params": {"C": 15.834761875847576, "epsilon": 2.4983533039894077, "gamma": 0.2280653035385315, "lamda": 0.8746001564530467}, "datetime": {"datetime": "2021-07-03 18:27:15", "elapsed": 425.214529, "delta": 0.717005}}
{"target": 0.3297700018370836, "params": {"C": 12.810926209840016, "epsilon": 8.830384975621467, "gamma": 0.8969716307906205, "lamda": 0.6387502395905721}, "datetime": {"datetime": "2021-07-03 18:27:16", "elapsed": 426.00663, "delta": 0.792101}}
{"target": 0.4922283087575098, "params": {"C": 15.291781454823436, "epsilon": 2.6865823621982132, "gamma": 0.4402319436199202, "lamda": 0.7594822437301008}, "datetime": {"datetime": "2021-07-03 18:27:17", "elapsed": 427.276811, "delta": 1.270181}}
{"target": 0.3511263637891545, "params": {"C": 15.763646479136284, "epsilon": 2.3278808220508815, "gamma": 0.8136523722301375, "lamda": 0.6451373237689422}, "datetime": {"datetime": "2021-07-03 18:27:19", "elapsed": 428.701006, "delta": 1.424195}}
{"target": 0.3593097891784297, "params": {"C": 15.4065130008205, "epsilon": 1.0, "gamma": 0.7676521509017156, "lamda": 0.1}, "datetime": {"datetime": "2021-07-03 18:27:20", "elapsed": 429.863015, "delta": 1.162009}}
{"target": 0.8365043461950279, "params": {"C": 15.253746863720039, "epsilon": 5.231022263588518, "gamma": 0.07517688521821439, "lamda": 0.8028371597468064}, "datetime": {"datetime": "2021-07-03 18:27:20", "elapsed": 430.67695, "delta": 0.813935}}
{"target": 0.338380366615197, "params": {"C": 18.728094270598465, "epsilon": 3.3435552767558088, "gamma": 0.9, "lamda": 0.6816429929474135}, "datetime": {"datetime": "2021-07-03 18:27:22", "elapsed": 431.906703, "delta": 1.229753}}
