{"target": 0.8650691058253706, "params": {"C": 22.39115261905477, "epsilon": 6.390483308081126, "gamma": 0.0462436967683523, "lamda": 0.30692102733085563}, "datetime": {"datetime": "2021-07-04 10:44:34", "elapsed": 996.063633, "delta": 1.821692}}
{"target": 0.865376560756731, "params": {"C": 24.31475014497345, "epsilon": 6.028567974610382, "gamma": 0.05157076811149688, "lamda": 0.44632610728525646}, "datetime": {"datetime": "2021-07-04 10:44:35", "elapsed": 997.161548, "delta": 1.097915}}
{"target": 0.8624434613229497, "params": {"C": 22.48082028689101, "epsilon": 5.163379587375599, "gamma": 0.05865448426788035, "lamda": 0.4440130541951647}, "datetime": {"datetime": "2021-07-04 10:44:35", "elapsed": 997.848882, "delta": 0.687334}}
{"target": 0.8623603427856976, "params": {"C": 22.21784905487725, "epsilon": 5.451709213572619, "gamma": 0.05876356058136431, "lamda": 0.537535229516606}, "datetime": {"datetime": "2021-07-04 10:44:36", "elapsed": 998.552392, "delta": 0.70351}}
{"target": -7.537311823102346, "params": {"C": 23.748271643801576, "epsilon": 6.621699182992763, "gamma": 0.052771648302744535, "lamda": 0.6345509870149011}, "datetime": {"datetime": "2021-07-04 10:44:52", "elapsed": 1014.869293, "delta": 16.316901}}
{"target": -6.624594213159017, "params": {"C": 23.71360737828573, "epsilon": 6.582858730979067, "gamma": 0.053641169746924115, "lamda": 0.5497918112670557}, "datetime": {"datetime": "2021-07-04 10:45:06", "elapsed": 1028.431104, "delta": 13.561811}}
{"target": -7.135078597339454, "params": {"C": 22.752024703256318, "epsilon": 6.504547280106138, "gamma": 0.05652828685464374, "lamda": 0.5486027369382759}, "datetime": {"datetime": "2021-07-04 10:45:17", "elapsed": 1039.02514, "delta": 10.594036}}
{"target": -7.00949989015027, "params": {"C": 22.15472896861174, "epsilon": 5.574863546630265, "gamma": 0.04754026541128421, "lamda": 0.5225699677867505}, "datetime": {"datetime": "2021-07-04 10:45:23", "elapsed": 1045.577533, "delta": 6.552393}}
{"target": -8.437694636504382, "params": {"C": 23.00640060741063, "epsilon": 6.422969713069194, "gamma": 0.044724590278602226, "lamda": 0.6448608086743065}, "datetime": {"datetime": "2021-07-04 10:45:35", "elapsed": 1057.90233, "delta": 12.324797}}
{"target": -7.0304350967010105, "params": {"C": 23.71811022465138, "epsilon": 6.219623678977672, "gamma": 0.05381450500549073, "lamda": 0.5878860808497832}, "datetime": {"datetime": "2021-07-04 10:45:48", "elapsed": 1070.061048, "delta": 12.158718}}
{"target": 0.862590623955394, "params": {"C": 24.913846866703125, "epsilon": 5.936105758647703, "gamma": 0.05938578828120782, "lamda": 0.6077981086352813}, "datetime": {"datetime": "2021-07-04 10:45:48", "elapsed": 1070.675963, "delta": 0.614915}}
{"target": 0.8637364162828673, "params": {"C": 24.188536079327157, "epsilon": 6.255419878064439, "gamma": 0.05677608189743488, "lamda": 0.6032941196271556}, "datetime": {"datetime": "2021-07-04 10:45:49", "elapsed": 1071.526968, "delta": 0.851005}}
{"target": 0.8643487512305977, "params": {"C": 24.191373174849595, "epsilon": 5.495747673093769, "gamma": 0.05485963392072118, "lamda": 0.31737657190254276}, "datetime": {"datetime": "2021-07-04 10:45:50", "elapsed": 1072.575906, "delta": 1.048938}}
{"target": 0.8654137033313728, "params": {"C": 24.717088577581993, "epsilon": 5.576179704268096, "gamma": 0.04110347625827608, "lamda": 0.6738206888822482}, "datetime": {"datetime": "2021-07-04 10:45:51", "elapsed": 1073.353638, "delta": 0.777732}}
{"target": 0.8651579776234531, "params": {"C": 24.34378972302191, "epsilon": 5.660175937789181, "gamma": 0.04407071799010186, "lamda": 0.6777164696814408}, "datetime": {"datetime": "2021-07-04 10:45:52", "elapsed": 1074.102578, "delta": 0.74894}}
{"target": -6.818947894753854, "params": {"C": 24.246032051655366, "epsilon": 6.255510087022844, "gamma": 0.0540431782415173, "lamda": 0.670078185918455}, "datetime": {"datetime": "2021-07-04 10:46:02", "elapsed": 1084.806436, "delta": 10.703858}}
{"target": -7.561703441564854, "params": {"C": 23.15269376563383, "epsilon": 5.073331266985384, "gamma": 0.04128495043206365, "lamda": 0.3862432318827425}, "datetime": {"datetime": "2021-07-04 10:46:08", "elapsed": 1090.711074, "delta": 5.904638}}
{"target": -7.2104420931764395, "params": {"C": 24.41462910436639, "epsilon": 5.625915414253285, "gamma": 0.04752027173164516, "lamda": 0.40407624620502997}, "datetime": {"datetime": "2021-07-04 10:46:17", "elapsed": 1099.791834, "delta": 9.08076}}
{"target": -7.739146238689305, "params": {"C": 22.514619153288926, "epsilon": 6.511035786443949, "gamma": 0.05567658246670727, "lamda": 0.5096563834573838}, "datetime": {"datetime": "2021-07-04 10:47:09", "elapsed": 1151.135744, "delta": 51.34391}}
{"target": -7.120972112247305, "params": {"C": 23.307622049008206, "epsilon": 5.830192772680664, "gamma": 0.051090901731282015, "lamda": 0.3767902050255654}, "datetime": {"datetime": "2021-07-04 10:47:21", "elapsed": 1163.806917, "delta": 12.671173}}
{"target": 0.8652712167430789, "params": {"C": 23.948953401786547, "epsilon": 5.190713663403331, "gamma": 0.04139077666337239, "lamda": 0.6803998420687096}, "datetime": {"datetime": "2021-07-04 10:47:22", "elapsed": 1164.579214, "delta": 0.772297}}
{"target": -8.045757481461258, "params": {"C": 23.57478986013445, "epsilon": 5.171786497839409, "gamma": 0.0414774540227687, "lamda": 0.512632520774083}, "datetime": {"datetime": "2021-07-04 10:47:37", "elapsed": 1179.692001, "delta": 15.112787}}
{"target": -7.250158651042337, "params": {"C": 23.30336847933447, "epsilon": 5.9912597216111685, "gamma": 0.05335482293462098, "lamda": 0.3117275073065823}, "datetime": {"datetime": "2021-07-04 10:47:54", "elapsed": 1196.523486, "delta": 16.831485}}
{"target": -7.507308862502953, "params": {"C": 23.38776996133034, "epsilon": 6.45331977095319, "gamma": 0.045973550084562526, "lamda": 0.44479001105564453}, "datetime": {"datetime": "2021-07-04 10:48:08", "elapsed": 1210.833015, "delta": 14.309529}}
{"target": -7.111722940002682, "params": {"C": 23.160927053605562, "epsilon": 6.2020376582688375, "gamma": 0.05524296171141302, "lamda": 0.44966612195719285}, "datetime": {"datetime": "2021-07-04 10:48:23", "elapsed": 1225.964083, "delta": 15.131068}}
{"target": -7.415846316712024, "params": {"C": 23.237255943308362, "epsilon": 5.353112809510774, "gamma": 0.05003635976072358, "lamda": 0.6714683544451938}, "datetime": {"datetime": "2021-07-04 10:48:31", "elapsed": 1233.660193, "delta": 7.69611}}
{"target": 0.8622720981119224, "params": {"C": 23.602709566052894, "epsilon": 5.717542943367571, "gamma": 0.05966107865385191, "lamda": 0.3116778280485104}, "datetime": {"datetime": "2021-07-04 10:48:32", "elapsed": 1234.257804, "delta": 0.597611}}
{"target": 0.8650664086459197, "params": {"C": 23.675063504391233, "epsilon": 5.362076098364721, "gamma": 0.0523676199216534, "lamda": 0.3326093317008466}, "datetime": {"datetime": "2021-07-04 10:48:32", "elapsed": 1234.917035, "delta": 0.659231}}
{"target": -7.194218284049159, "params": {"C": 23.145082201702657, "epsilon": 5.396736153419997, "gamma": 0.04589027934940411, "lamda": 0.6105980599927368}, "datetime": {"datetime": "2021-07-04 10:48:42", "elapsed": 1244.267441, "delta": 9.350406}}
{"target": 0.8651100123693101, "params": {"C": 23.000385832215496, "epsilon": 5.748165488890262, "gamma": 0.04619354291124234, "lamda": 0.5198213473175364}, "datetime": {"datetime": "2021-07-04 10:48:43", "elapsed": 1245.429897, "delta": 1.162456}}
{"target": -6.700974359795714, "params": {"C": 22.01061699605616, "epsilon": 6.72198120615044, "gamma": 0.05709361811818028, "lamda": 0.3996104890653043}, "datetime": {"datetime": "2021-07-04 10:48:57", "elapsed": 1259.359067, "delta": 13.92917}}
{"target": 0.8648190977531912, "params": {"C": 22.293673190328533, "epsilon": 6.272332185969333, "gamma": 0.04121287660193713, "lamda": 0.6881017987170798}, "datetime": {"datetime": "2021-07-04 10:48:58", "elapsed": 1260.111648, "delta": 0.752581}}
{"target": 0.8647992069274446, "params": {"C": 22.03104887573914, "epsilon": 5.628399811341669, "gamma": 0.04333072497358229, "lamda": 0.31199076859383973}, "datetime": {"datetime": "2021-07-04 10:48:58", "elapsed": 1260.842623, "delta": 0.730975}}
{"target": 0.8652215259662305, "params": {"C": 24.940960714268737, "epsilon": 5.40319783227284, "gamma": 0.0447031541901623, "lamda": 0.5631705914385028}, "datetime": {"datetime": "2021-07-04 10:48:59", "elapsed": 1261.595002, "delta": 0.752379}}
{"target": 0.8646543206517215, "params": {"C": 22.629365694507722, "epsilon": 5.306342164298214, "gamma": 0.053022413454796434, "lamda": 0.44529073915972356}, "datetime": {"datetime": "2021-07-04 10:49:00", "elapsed": 1262.25456, "delta": 0.659558}}
{"target": -6.754948967461133, "params": {"C": 24.600217229157295, "epsilon": 6.174165524310101, "gamma": 0.05379550120933725, "lamda": 0.5114728678564504}, "datetime": {"datetime": "2021-07-04 10:49:13", "elapsed": 1275.189552, "delta": 12.934992}}
{"target": -7.402184529165652, "params": {"C": 23.822768009938528, "epsilon": 6.374437137941077, "gamma": 0.05022712424153565, "lamda": 0.4829287308379424}, "datetime": {"datetime": "2021-07-04 10:49:27", "elapsed": 1289.325822, "delta": 14.13627}}
{"target": 0.8653294221922395, "params": {"C": 24.005257159490974, "epsilon": 5.8030239147112965, "gamma": 0.04144725195462747, "lamda": 0.6711709417445372}, "datetime": {"datetime": "2021-07-04 10:49:28", "elapsed": 1290.296281, "delta": 0.970459}}
{"target": 0.86528968739946, "params": {"C": 24.470050643718313, "epsilon": 5.8056563429218695, "gamma": 0.044173337755611775, "lamda": 0.6388834153899764}, "datetime": {"datetime": "2021-07-04 10:49:29", "elapsed": 1291.070771, "delta": 0.77449}}
{"target": 0.8655946364740332, "params": {"C": 24.986315182547592, "epsilon": 5.243086529868602, "gamma": 0.047885834871332404, "lamda": 0.5040257424589054}, "datetime": {"datetime": "2021-07-04 10:49:29", "elapsed": 1291.894862, "delta": 0.824091}}
{"target": 0.8651966173262411, "params": {"C": 23.373276168744304, "epsilon": 6.5712377585292465, "gamma": 0.04641237591996486, "lamda": 0.6766081497504721}, "datetime": {"datetime": "2021-07-04 10:49:30", "elapsed": 1292.582618, "delta": 0.687756}}
{"target": -7.024495006793215, "params": {"C": 24.251752933352375, "epsilon": 5.827153507100261, "gamma": 0.05057371419396421, "lamda": 0.592060012134338}, "datetime": {"datetime": "2021-07-04 10:49:50", "elapsed": 1312.788225, "delta": 20.205607}}
{"target": -7.953112101128745, "params": {"C": 22.83612766025341, "epsilon": 5.670723149138693, "gamma": 0.04842782652275668, "lamda": 0.323011056524466}, "datetime": {"datetime": "2021-07-04 10:50:05", "elapsed": 1327.216391, "delta": 14.428166}}
{"target": 0.8649110157511201, "params": {"C": 22.67081345506989, "epsilon": 6.250702642854933, "gamma": 0.04549742093062031, "lamda": 0.5722218535400743}, "datetime": {"datetime": "2021-07-04 10:50:06", "elapsed": 1328.274351, "delta": 1.05796}}
{"target": -8.91071519450309, "params": {"C": 24.299426558974563, "epsilon": 6.0349685206953145, "gamma": 0.04130403014262687, "lamda": 0.6854173901813969}, "datetime": {"datetime": "2021-07-04 10:50:19", "elapsed": 1341.210523, "delta": 12.936172}}
{"target": -6.856173206386674, "params": {"C": 23.579387797633302, "epsilon": 6.4036884237622465, "gamma": 0.05523158915571422, "lamda": 0.6202079994493228}, "datetime": {"datetime": "2021-07-04 10:50:36", "elapsed": 1358.628262, "delta": 17.417739}}
{"target": 0.8631987489893131, "params": {"C": 24.208384778417503, "epsilon": 5.795212776417149, "gamma": 0.057890212369405905, "lamda": 0.5974203536266267}, "datetime": {"datetime": "2021-07-04 10:50:37", "elapsed": 1359.45222, "delta": 0.823958}}
{"target": -6.390980537488757, "params": {"C": 23.266125499064064, "epsilon": 5.4621294752959235, "gamma": 0.05470341130666206, "lamda": 0.673578088756164}, "datetime": {"datetime": "2021-07-04 10:50:57", "elapsed": 1379.768647, "delta": 20.316427}}
{"target": 0.8651737701687494, "params": {"C": 24.514910754815574, "epsilon": 6.498963844305952, "gamma": 0.0453360575894637, "lamda": 0.6900738017179634}, "datetime": {"datetime": "2021-07-04 10:50:58", "elapsed": 1380.627011, "delta": 0.858364}}
{"target": -6.831151126272905, "params": {"C": 24.360819137353754, "epsilon": 6.3821153597944305, "gamma": 0.05112416927470666, "lamda": 0.376707077692099}, "datetime": {"datetime": "2021-07-04 10:51:10", "elapsed": 1392.20197, "delta": 11.574959}}
{"target": 0.8650576961902577, "params": {"C": 22.016073402698204, "epsilon": 6.741877036375524, "gamma": 0.04591597827542516, "lamda": 0.5888719579112823}, "datetime": {"datetime": "2021-07-04 10:51:11", "elapsed": 1393.037116, "delta": 0.835146}}
{"target": 0.8642769866740456, "params": {"C": 23.333652593572687, "epsilon": 5.297283472127011, "gamma": 0.05453477974562269, "lamda": 0.4854904690349467}, "datetime": {"datetime": "2021-07-04 10:51:11", "elapsed": 1393.695486, "delta": 0.65837}}
{"target": -7.169207028964594, "params": {"C": 24.88336237591644, "epsilon": 6.573602751653734, "gamma": 0.04997253032671231, "lamda": 0.6994563895391994}, "datetime": {"datetime": "2021-07-04 10:51:23", "elapsed": 1405.248155, "delta": 11.552669}}
{"target": -7.479466328871979, "params": {"C": 23.94397943738629, "epsilon": 6.371315216701264, "gamma": 0.04691201788811777, "lamda": 0.6447545562265543}, "datetime": {"datetime": "2021-07-04 10:51:30", "elapsed": 1412.521507, "delta": 7.273352}}
{"target": -4.276213348233281, "params": {"C": 22.600525093583013, "epsilon": 5.775693895610793, "gamma": 0.0500423485178428, "lamda": 0.5934401487456051}, "datetime": {"datetime": "2021-07-04 10:51:36", "elapsed": 1418.428748, "delta": 5.907241}}
{"target": -7.397897249105064, "params": {"C": 24.978755848023784, "epsilon": 5.038309591829977, "gamma": 0.0500013375418108, "lamda": 0.6113411911930535}, "datetime": {"datetime": "2021-07-04 10:51:42", "elapsed": 1424.89362, "delta": 6.464872}}
{"target": 0.8651271689270408, "params": {"C": 23.055175075167444, "epsilon": 5.823634404520916, "gamma": 0.040816301420132116, "lamda": 0.3887896019711741}, "datetime": {"datetime": "2021-07-04 10:51:43", "elapsed": 1425.656431, "delta": 0.762811}}
{"target": -7.468004595554817, "params": {"C": 24.533118626802857, "epsilon": 6.291488153719455, "gamma": 0.05373278471558503, "lamda": 0.5546092432571585}, "datetime": {"datetime": "2021-07-04 10:51:56", "elapsed": 1438.731693, "delta": 13.075262}}
{"target": -7.8961895439553835, "params": {"C": 22.799800827561437, "epsilon": 5.2138467578450785, "gamma": 0.04103215293610436, "lamda": 0.3800971746669856}, "datetime": {"datetime": "2021-07-04 10:52:03", "elapsed": 1445.474757, "delta": 6.743064}}
{"target": -7.795557183111583, "params": {"C": 22.60924942954117, "epsilon": 5.000667961112686, "gamma": 0.041305293075303125, "lamda": 0.5738366418518083}, "datetime": {"datetime": "2021-07-04 10:52:09", "elapsed": 1451.696572, "delta": 6.221815}}
{"target": 0.8655626158620708, "params": {"C": 24.47284899165964, "epsilon": 5.709420552607944, "gamma": 0.047752943415614875, "lamda": 0.3870738896916989}, "datetime": {"datetime": "2021-07-04 10:52:10", "elapsed": 1452.537784, "delta": 0.841212}}
{"target": -6.998338168178674, "params": {"C": 22.797431363795926, "epsilon": 6.448903479097303, "gamma": 0.05261160063723567, "lamda": 0.5753590138963758}, "datetime": {"datetime": "2021-07-04 10:52:20", "elapsed": 1462.500515, "delta": 9.962731}}
{"target": -7.436272393378603, "params": {"C": 24.3156740006647, "epsilon": 6.057901906487771, "gamma": 0.04841989549762142, "lamda": 0.5370211320385156}, "datetime": {"datetime": "2021-07-04 10:52:28", "elapsed": 1470.561744, "delta": 8.061229}}
{"target": 0.8650430503853623, "params": {"C": 23.6899188163585, "epsilon": 6.733658195853179, "gamma": 0.0406978953559828, "lamda": 0.33159923314416245}, "datetime": {"datetime": "2021-07-04 10:52:29", "elapsed": 1471.473111, "delta": 0.911367}}
{"target": -7.701324232187444, "params": {"C": 24.618933475881388, "epsilon": 5.181831685289325, "gamma": 0.042471257086759515, "lamda": 0.5801592749047211}, "datetime": {"datetime": "2021-07-04 10:52:37", "elapsed": 1479.769847, "delta": 8.296736}}
{"target": 0.8650891977506845, "params": {"C": 23.759261253741126, "epsilon": 5.932858193896543, "gamma": 0.04265921487270739, "lamda": 0.6610105985352057}, "datetime": {"datetime": "2021-07-04 10:52:38", "elapsed": 1480.899092, "delta": 1.129245}}
{"target": 0.8647559591020573, "params": {"C": 23.159592074652053, "epsilon": 6.322635183145572, "gamma": 0.04415819474759657, "lamda": 0.6058309110069964}, "datetime": {"datetime": "2021-07-04 10:52:39", "elapsed": 1481.69437, "delta": 0.795278}}
{"target": -8.449752534245727, "params": {"C": 24.94053896888498, "epsilon": 5.8418977674684776, "gamma": 0.04041206018754575, "lamda": 0.359233366020468}, "datetime": {"datetime": "2021-07-04 10:52:55", "elapsed": 1497.197343, "delta": 15.502973}}
{"target": -7.908878214125304, "params": {"C": 23.53272373777564, "epsilon": 6.37288440052903, "gamma": 0.05316112431994119, "lamda": 0.6396865410458665}, "datetime": {"datetime": "2021-07-04 10:53:08", "elapsed": 1510.910507, "delta": 13.713164}}
{"target": -7.894701417642024, "params": {"C": 23.93951556183223, "epsilon": 5.110560728884467, "gamma": 0.04243683926696335, "lamda": 0.649340019282406}, "datetime": {"datetime": "2021-07-04 10:53:28", "elapsed": 1530.770582, "delta": 19.860075}}
{"target": -6.309471466840517, "params": {"C": 22.957775622359463, "epsilon": 5.175355004706987, "gamma": 0.059028762096475854, "lamda": 0.6685586455906664}, "datetime": {"datetime": "2021-07-04 10:53:44", "elapsed": 1546.851989, "delta": 16.081407}}
{"target": 0.8645746498278466, "params": {"C": 22.228121075070185, "epsilon": 6.193224735484798, "gamma": 0.042511547263267946, "lamda": 0.40848057255685744}, "datetime": {"datetime": "2021-07-04 10:53:45", "elapsed": 1547.978382, "delta": 1.126393}}
{"target": 0.8632671312146672, "params": {"C": 22.661107650506796, "epsilon": 6.1434359869184725, "gamma": 0.056958241113659304, "lamda": 0.4051368076173772}, "datetime": {"datetime": "2021-07-04 10:53:46", "elapsed": 1548.992964, "delta": 1.014582}}
{"target": -7.235781442924635, "params": {"C": 22.845471560258346, "epsilon": 5.190210924691273, "gamma": 0.052460694665079854, "lamda": 0.32417330949584316}, "datetime": {"datetime": "2021-07-04 10:53:56", "elapsed": 1558.800953, "delta": 9.807989}}
{"target": -7.224668923615866, "params": {"C": 22.778982517505124, "epsilon": 5.461100936714073, "gamma": 0.042559147629864576, "lamda": 0.31946909159422704}, "datetime": {"datetime": "2021-07-04 10:54:06", "elapsed": 1568.367758, "delta": 9.566805}}
{"target": -6.663179057441729, "params": {"C": 23.725206100640573, "epsilon": 5.778282782010431, "gamma": 0.052282037316088326, "lamda": 0.49813655545065605}, "datetime": {"datetime": "2021-07-04 10:54:25", "elapsed": 1587.930889, "delta": 19.563131}}
{"target": -7.5182096249677794, "params": {"C": 24.321526638356712, "epsilon": 5.195129816095588, "gamma": 0.051631025884756425, "lamda": 0.3612176896732251}, "datetime": {"datetime": "2021-07-04 10:54:37", "elapsed": 1599.954259, "delta": 12.02337}}
{"target": -7.0192091440632005, "params": {"C": 24.527127134814066, "epsilon": 6.623382338914835, "gamma": 0.05964122730031168, "lamda": 0.4556838981125231}, "datetime": {"datetime": "2021-07-04 10:54:55", "elapsed": 1617.255012, "delta": 17.300753}}
{"target": 0.8626237633503869, "params": {"C": 24.746184548973684, "epsilon": 5.457682398179709, "gamma": 0.059206330721733764, "lamda": 0.45147412075155996}, "datetime": {"datetime": "2021-07-04 10:54:56", "elapsed": 1618.198635, "delta": 0.943623}}
{"target": 0.8651689975877412, "params": {"C": 22.961143578485803, "epsilon": 6.330051632012459, "gamma": 0.04013264033365908, "lamda": 0.33124628101258236}, "datetime": {"datetime": "2021-07-04 10:54:57", "elapsed": 1619.11107, "delta": 0.912435}}
{"target": -7.020250615093783, "params": {"C": 23.428361972250574, "epsilon": 6.471510196371519, "gamma": 0.05555667118216389, "lamda": 0.5198511575516349}, "datetime": {"datetime": "2021-07-04 10:55:06", "elapsed": 1628.791687, "delta": 9.680617}}
{"target": 0.8620407435299211, "params": {"C": 23.201935825546602, "epsilon": 5.220303087530689, "gamma": 0.059782702057526546, "lamda": 0.5093248615962838}, "datetime": {"datetime": "2021-07-04 10:55:07", "elapsed": 1629.563128, "delta": 0.771441}}
{"target": 0.863434032747191, "params": {"C": 24.251293920817496, "epsilon": 5.199330915290083, "gamma": 0.05728983840099519, "lamda": 0.5130392793568576}, "datetime": {"datetime": "2021-07-04 10:55:08", "elapsed": 1630.478706, "delta": 0.915578}}
{"target": -6.706863515584473, "params": {"C": 22.56100181200366, "epsilon": 5.96244359122676, "gamma": 0.05053845507379861, "lamda": 0.5887187203726714}, "datetime": {"datetime": "2021-07-04 10:55:20", "elapsed": 1642.950805, "delta": 12.472099}}
{"target": 0.8621930458015563, "params": {"C": 23.28680396850659, "epsilon": 5.221422770836801, "gamma": 0.0596274942309892, "lamda": 0.6837437404554525}, "datetime": {"datetime": "2021-07-04 10:55:21", "elapsed": 1643.871231, "delta": 0.920426}}
{"target": 0.8653916594147542, "params": {"C": 22.147110997312076, "epsilon": 6.393990567248657, "gamma": 0.050006427108949515, "lamda": 0.3292202096050023}, "datetime": {"datetime": "2021-07-04 10:55:22", "elapsed": 1644.990959, "delta": 1.119728}}
{"target": 0.865235162397653, "params": {"C": 23.197437903104216, "epsilon": 6.97753930963592, "gamma": 0.04060661930000869, "lamda": 0.40982739824590686}, "datetime": {"datetime": "2021-07-04 10:55:24", "elapsed": 1646.488556, "delta": 1.497597}}
{"target": 0.8645231125606344, "params": {"C": 24.372645403480462, "epsilon": 5.02014920024778, "gamma": 0.054316645931531356, "lamda": 0.5718444341337918}, "datetime": {"datetime": "2021-07-04 10:55:27", "elapsed": 1649.177058, "delta": 2.688502}}
