{"target": 0.3591827410586078, "params": {"C": 36.205359080666945, "epsilon": 4.751061980670219, "gamma": 0.9, "lamda": 0.1}, "datetime": {"datetime": "2021-07-03 16:34:35", "elapsed": 682.914589, "delta": 1.57341}}
{"target": 0.3928058472367344, "params": {"C": 34.39301581055392, "epsilon": 5.117313942915916, "gamma": 0.7869534093292905, "lamda": 0.5925568531287948}, "datetime": {"datetime": "2021-07-03 16:34:36", "elapsed": 684.384596, "delta": 1.470007}}
{"target": 0.4602803135191966, "params": {"C": 38.454715602583455, "epsilon": 1.855949161110732, "gamma": 0.579579523265894, "lamda": 0.15438994636564715}, "datetime": {"datetime": "2021-07-03 16:34:37", "elapsed": 685.216707, "delta": 0.832111}}
{"target": 0.7628841103922304, "params": {"C": 37.78982517505125, "epsilon": 3.0749542152133267, "gamma": 0.15876377426924437, "lamda": 0.14380545608701087}, "datetime": {"datetime": "2021-07-03 16:34:38", "elapsed": 686.111683, "delta": 0.894976}}
{"target": 0.3953955221976565, "params": {"C": 42.99223920149636, "epsilon": 5.14996182147813, "gamma": 0.7720118983987939, "lamda": 0.8604836396320695}, "datetime": {"datetime": "2021-07-03 16:34:40", "elapsed": 687.504689, "delta": 1.393006}}
{"target": 0.47486574225179023, "params": {"C": 53.21526638356711, "epsilon": 1.8780841724301474, "gamma": 0.5443186001021482, "lamda": 0.23773980176475656}, "datetime": {"datetime": "2021-07-03 16:34:41", "elapsed": 688.601985, "delta": 1.097296}}
{"target": 0.6743797900954203, "params": {"C": 36.510794241646025, "epsilon": 4.282476491452461, "gamma": 0.24193872256456267, "lamda": 1.0}, "datetime": {"datetime": "2021-07-03 16:34:45", "elapsed": 692.48344, "delta": 3.881455}}
{"target": 0.5160777270877732, "params": {"C": 31.36364344684917, "epsilon": 4.182887236353177, "gamma": 0.46863764470482355, "lamda": 0.6466825602687186}, "datetime": {"datetime": "2021-07-03 16:34:47", "elapsed": 694.441456, "delta": 1.958016}}
{"target": 0.4074443867293166, "params": {"C": 36.226189699567726, "epsilon": 4.402487453097212, "gamma": 0.7312760163687939, "lamda": 0.9722585804233996}, "datetime": {"datetime": "2021-07-03 16:34:48", "elapsed": 696.131822, "delta": 1.690366}}
{"target": 0.35938489503890947, "params": {"C": 35.35944156530243, "epsilon": 4.836335719194969, "gamma": 0.9, "lamda": 0.4052705236269128}, "datetime": {"datetime": "2021-07-03 16:34:50", "elapsed": 697.864982, "delta": 1.73316}}
{"target": 0.354527443711091, "params": {"C": 42.01935825546603, "epsilon": 1.9913638938880989, "gamma": 0.8907648374448783, "lamda": 0.5709809385916387}, "datetime": {"datetime": "2021-07-03 16:34:51", "elapsed": 698.841211, "delta": 0.976229}}
{"target": 0.3613883889070566, "params": {"C": 35.78392865680227, "epsilon": 5.185036352562876, "gamma": 0.8950017703737304, "lamda": 0.2906343895932343}, "datetime": {"datetime": "2021-07-03 16:34:53", "elapsed": 701.120479, "delta": 2.279268}}
{"target": 0.4288988670414421, "params": {"C": 30.87319100476899, "epsilon": 3.966430972956181, "gamma": 0.6695752591352951, "lamda": 0.27325972848955904}, "datetime": {"datetime": "2021-07-03 16:34:57", "elapsed": 704.968754, "delta": 3.848275}}
{"target": 0.35630790338461316, "params": {"C": 42.86803968506591, "epsilon": 1.9964024687656057, "gamma": 0.8841685048170413, "lamda": 0.9634234160247681}, "datetime": {"datetime": "2021-07-03 16:34:58", "elapsed": 705.887672, "delta": 0.918918}}
{"target": 0.3946670782256325, "params": {"C": 38.37786122000474, "epsilon": 5.139220821106808, "gamma": 0.7774571936390643, "lamda": 0.3292282315251104}, "datetime": {"datetime": "2021-07-03 16:35:00", "elapsed": 707.586731, "delta": 1.699059}}
{"target": 0.5715435867492907, "params": {"C": 59.35699636527092, "epsilon": 7.145767823430915, "gamma": 0.3710570910049749, "lamda": 0.23954202297940058}, "datetime": {"datetime": "2021-07-03 16:35:02", "elapsed": 709.967502, "delta": 2.380771}}
{"target": -2.238770291593758, "params": {"C": 59.466353581763755, "epsilon": 6.8498552812477005, "gamma": 0.11106618204789659, "lamda": 0.6643603967310965}, "datetime": {"datetime": "2021-07-03 16:35:13", "elapsed": 720.659164, "delta": 10.691662}}
{"target": 0.4859098504093593, "params": {"C": 31.52100420775409, "epsilon": 3.315690005183653, "gamma": 0.5306095108956179, "lamda": 0.6962576621994028}, "datetime": {"datetime": "2021-07-03 16:35:14", "elapsed": 721.666216, "delta": 1.007052}}
{"target": 0.3991656804991195, "params": {"C": 37.10671331445791, "epsilon": 3.7341434105389903, "gamma": 0.7523973796987533, "lamda": 0.738017315456798}, "datetime": {"datetime": "2021-07-03 16:35:15", "elapsed": 722.592837, "delta": 0.926621}}
{"target": 0.4833592081977033, "params": {"C": 59.85471532761305, "epsilon": 7.106817798602497, "gamma": 0.540961614612382, "lamda": 0.10991439114881554}, "datetime": {"datetime": "2021-07-03 16:35:16", "elapsed": 724.199813, "delta": 1.606976}}
{"target": -0.8161961474382482, "params": {"C": 47.50428562754273, "epsilon": 2.4983533039894077, "gamma": 0.2280653035385315, "lamda": 0.8746001564530467}, "datetime": {"datetime": "2021-07-03 16:35:31", "elapsed": 738.99245, "delta": 14.792637}}
{"target": 0.3656072448323575, "params": {"C": 38.43277862952005, "epsilon": 8.830384975621467, "gamma": 0.8969716307906205, "lamda": 0.6387502395905721}, "datetime": {"datetime": "2021-07-03 16:35:32", "elapsed": 739.887159, "delta": 0.894709}}
{"target": -6.8532001440656245, "params": {"C": 41.17831506667091, "epsilon": 1.0, "gamma": 0.05, "lamda": 0.5575426716703699}, "datetime": {"datetime": "2021-07-03 16:35:51", "elapsed": 758.830155, "delta": 18.942996}}
{"target": -5.501467939672675, "params": {"C": 42.055032005882396, "epsilon": 1.2524492358484332, "gamma": 0.05055399639001888, "lamda": 0.12408564151082797}, "datetime": {"datetime": "2021-07-03 16:36:03", "elapsed": 770.883448, "delta": 12.053293}}
{"target": 0.5300081852718237, "params": {"C": 37.560286966252434, "epsilon": 4.4471439165531805, "gamma": 0.44021632508383374, "lamda": 0.49431082625374434}, "datetime": {"datetime": "2021-07-03 16:36:05", "elapsed": 773.014379, "delta": 2.130931}}
{"target": 0.42019056926730003, "params": {"C": 42.708022906358856, "epsilon": 4.4468179740894715, "gamma": 0.6915814322630169, "lamda": 1.0}, "datetime": {"datetime": "2021-07-03 16:36:07", "elapsed": 774.877964, "delta": 1.863585}}
{"target": 0.36217933400263236, "params": {"C": 31.54343772675005, "epsilon": 3.98543165277029, "gamma": 0.8861107582162525, "lamda": 0.2545328623252043}, "datetime": {"datetime": "2021-07-03 16:36:08", "elapsed": 776.375808, "delta": 1.497844}}
{"target": -2.857205638818737, "params": {"C": 36.25851588194038, "epsilon": 4.457688381011866, "gamma": 0.08031014237760195, "lamda": 0.5521337021158527}, "datetime": {"datetime": "2021-07-03 16:36:20", "elapsed": 787.715891, "delta": 11.340083}}
{"target": 0.36912561224005436, "params": {"C": 37.01625841277022, "epsilon": 6.320490119012749, "gamma": 0.8734208114727974, "lamda": 0.1}, "datetime": {"datetime": "2021-07-03 16:36:22", "elapsed": 790.19284, "delta": 2.476949}}
{"target": 0.43384408961471044, "params": {"C": 33.172655202555006, "epsilon": 8.275795480131233, "gamma": 0.668635170788073, "lamda": 0.10700213481035609}, "datetime": {"datetime": "2021-07-03 16:36:23", "elapsed": 791.125106, "delta": 0.932266}}
{"target": 0.37528276787558446, "params": {"C": 38.09882419150192, "epsilon": 4.826333327196053, "gamma": 0.838981212542112, "lamda": 0.9817298226852229}, "datetime": {"datetime": "2021-07-03 16:36:26", "elapsed": 794.301092, "delta": 3.175986}}
{"target": 0.5501178178530715, "params": {"C": 37.88279575655476, "epsilon": 5.946721136212578, "gamma": 0.4073886476307148, "lamda": 0.40312036326748674}, "datetime": {"datetime": "2021-07-03 16:36:29", "elapsed": 796.414896, "delta": 2.113804}}
{"target": -2.0430350975497933, "params": {"C": 41.34122800880346, "epsilon": 1.8795193339188931, "gamma": 0.12782030528635596, "lamda": 0.2803495400122175}, "datetime": {"datetime": "2021-07-03 16:36:43", "elapsed": 811.334212, "delta": 14.919316}}
{"target": 0.7876501119425516, "params": {"C": 37.78251959155554, "epsilon": 4.247011167441313, "gamma": 0.13741614914213707, "lamda": 0.5502988630542075}, "datetime": {"datetime": "2021-07-03 16:36:45", "elapsed": 812.540337, "delta": 1.206125}}
{"target": 0.7232424111120538, "params": {"C": 37.52238981879061, "epsilon": 6.395344793452828, "gamma": 0.19356419593146934, "lamda": 0.25455252628604375}, "datetime": {"datetime": "2021-07-03 16:36:47", "elapsed": 814.97441, "delta": 2.434073}}
{"target": 0.38243114546402135, "params": {"C": 34.87696994663665, "epsilon": 5.7508751148247, "gamma": 0.8232573138098533, "lamda": 0.7496511520603437}, "datetime": {"datetime": "2021-07-03 16:36:48", "elapsed": 815.928932, "delta": 0.954522}}
{"target": 0.5646612894131123, "params": {"C": 51.58136720293356, "epsilon": 3.446027466741712, "gamma": 0.3787082947303332, "lamda": 0.8933715131978769}, "datetime": {"datetime": "2021-07-03 16:36:49", "elapsed": 817.210965, "delta": 1.282033}}
{"target": 0.5200990478211518, "params": {"C": 37.57910739093818, "epsilon": 6.160664526944063, "gamma": 0.46364627206346537, "lamda": 0.7779949089796666}, "datetime": {"datetime": "2021-07-03 16:36:51", "elapsed": 818.994506, "delta": 1.783541}}
{"target": 0.5087470461709247, "params": {"C": 37.840000534561426, "epsilon": 6.759681615936726, "gamma": 0.4864575792550682, "lamda": 0.49255058171599464}, "datetime": {"datetime": "2021-07-03 16:36:53", "elapsed": 821.037404, "delta": 2.042898}}
{"target": 0.40314786632792843, "params": {"C": 54.24887310657303, "epsilon": 3.7272220913293794, "gamma": 0.736736854493649, "lamda": 0.9519811259871256}, "datetime": {"datetime": "2021-07-03 16:36:54", "elapsed": 822.006541, "delta": 0.969137}}
{"target": 0.6367848322669718, "params": {"C": 37.00330377980361, "epsilon": 1.4813802161236223, "gamma": 0.2822961789484474, "lamda": 0.20393844839921882}, "datetime": {"datetime": "2021-07-03 16:36:55", "elapsed": 823.001013, "delta": 0.994472}}
{"target": 0.7903724334406494, "params": {"C": 37.13849218194354, "epsilon": 6.699541670685526, "gamma": 0.1343608736641636, "lamda": 0.6820167157765508}, "datetime": {"datetime": "2021-07-03 16:36:57", "elapsed": 825.346813, "delta": 2.3458}}
{"target": 0.6759759090547658, "params": {"C": 40.24867780487847, "epsilon": 6.952210042786115, "gamma": 0.23981875319124063, "lamda": 0.21885389930069615}, "datetime": {"datetime": "2021-07-03 16:36:58", "elapsed": 826.335259, "delta": 0.988446}}
{"target": 0.5306254606504226, "params": {"C": 37.16308340840383, "epsilon": 7.06750178221964, "gamma": 0.442489716279811, "lamda": 0.489744935832065}, "datetime": {"datetime": "2021-07-03 16:37:01", "elapsed": 829.065083, "delta": 2.729824}}
{"target": 0.5030224988920233, "params": {"C": 38.55546252872376, "epsilon": 5.072134591555989, "gamma": 0.49798788575048136, "lamda": 0.9544837632180865}, "datetime": {"datetime": "2021-07-03 16:37:02", "elapsed": 830.066385, "delta": 1.001302}}
{"target": 0.47521193126317585, "params": {"C": 37.477704392493784, "epsilon": 6.874596085617796, "gamma": 0.5623652267870102, "lamda": 0.9619780445205193}, "datetime": {"datetime": "2021-07-03 16:37:04", "elapsed": 831.925829, "delta": 1.859444}}
{"target": 0.4369899309764528, "params": {"C": 37.42354992854387, "epsilon": 6.641611085415918, "gamma": 0.6562265249365952, "lamda": 0.16392241999398938}, "datetime": {"datetime": "2021-07-03 16:37:06", "elapsed": 833.639212, "delta": 1.713383}}
{"target": -2.7847704405310982, "params": {"C": 49.544056353206244, "epsilon": 2.460061098268631, "gamma": 0.10071415789422408, "lamda": 0.5472960605474234}, "datetime": {"datetime": "2021-07-03 16:37:18", "elapsed": 846.322147, "delta": 12.682935}}
{"target": 0.7804931377929469, "params": {"C": 37.47320388226414, "epsilon": 6.9777600258550265, "gamma": 0.1428506598625699, "lamda": 0.23126852575986032}, "datetime": {"datetime": "2021-07-03 16:37:20", "elapsed": 847.94041, "delta": 1.618263}}
{"target": -6.337031726710616, "params": {"C": 37.744879983228, "epsilon": 6.8097197183687745, "gamma": 0.06705167468669157, "lamda": 0.8133368374551313}, "datetime": {"datetime": "2021-07-03 16:37:36", "elapsed": 864.321093, "delta": 16.380683}}
{"target": 0.38645858190213345, "params": {"C": 38.010606122979134, "epsilon": 6.4913013190556565, "gamma": 0.8130603485927331, "lamda": 0.3034869738911191}, "datetime": {"datetime": "2021-07-03 16:37:38", "elapsed": 866.035132, "delta": 1.714039}}
{"target": 0.36489504996293753, "params": {"C": 37.68917094783168, "epsilon": 7.111179032093908, "gamma": 0.8931606043098975, "lamda": 0.551979058177465}, "datetime": {"datetime": "2021-07-03 16:37:41", "elapsed": 869.069269, "delta": 3.034137}}
{"target": 0.4866635011790763, "params": {"C": 37.82172867523508, "epsilon": 7.071847181039424, "gamma": 0.5371175823905016, "lamda": 0.1}, "datetime": {"datetime": "2021-07-03 16:37:44", "elapsed": 871.405653, "delta": 2.336384}}
{"target": -1.8881567457587982, "params": {"C": 36.78539090646694, "epsilon": 6.754313458184239, "gamma": 0.19115683746966217, "lamda": 0.9836670923222066}, "datetime": {"datetime": "2021-07-03 16:37:59", "elapsed": 886.600105, "delta": 15.194452}}
{"target": -4.990080566587217, "params": {"C": 37.01302023196778, "epsilon": 6.896454531329373, "gamma": 0.05, "lamda": 0.2504630429744129}, "datetime": {"datetime": "2021-07-03 16:38:09", "elapsed": 896.52522, "delta": 9.925115}}
{"target": 0.5284152271503534, "params": {"C": 36.39999141177333, "epsilon": 5.911589833395228, "gamma": 0.44508316362706524, "lamda": 0.5550964912769853}, "datetime": {"datetime": "2021-07-03 16:38:11", "elapsed": 899.118044, "delta": 2.592824}}
{"target": 0.6034101340232048, "params": {"C": 37.22322006317553, "epsilon": 6.152013331280409, "gamma": 0.32542049353094354, "lamda": 0.5771473484817528}, "datetime": {"datetime": "2021-07-03 16:38:13", "elapsed": 901.330839, "delta": 2.212795}}
{"target": 0.39055020170406163, "params": {"C": 37.17071194090249, "epsilon": 7.181367705821072, "gamma": 0.800992871944315, "lamda": 0.9597534425607108}, "datetime": {"datetime": "2021-07-03 16:38:15", "elapsed": 903.245455, "delta": 1.914616}}
{"target": 0.49202436223298884, "params": {"C": 37.411401391097506, "epsilon": 7.488580953695012, "gamma": 0.5258758151992312, "lamda": 0.3751454564335557}, "datetime": {"datetime": "2021-07-03 16:38:17", "elapsed": 905.219037, "delta": 1.973582}}
{"target": 0.4506806228267456, "params": {"C": 51.68254752290433, "epsilon": 9.275149249418297, "gamma": 0.6249989167067348, "lamda": 0.3154148636242285}, "datetime": {"datetime": "2021-07-03 16:38:18", "elapsed": 906.288599, "delta": 1.069562}}
{"target": 0.5507922017433834, "params": {"C": 36.76428208548216, "epsilon": 6.157639669724399, "gamma": 0.4066760782898669, "lamda": 0.1}, "datetime": {"datetime": "2021-07-03 16:38:20", "elapsed": 908.144272, "delta": 1.855673}}
{"target": 0.5270803121568528, "params": {"C": 36.69335183543565, "epsilon": 5.051892636060612, "gamma": 0.4462721561681206, "lamda": 0.10437301478428837}, "datetime": {"datetime": "2021-07-03 16:38:22", "elapsed": 910.103328, "delta": 1.959056}}
{"target": 0.5213057525721424, "params": {"C": 35.04557824510054, "epsilon": 5.125558132392479, "gamma": 0.45902086867656056, "lamda": 0.6923576056774239}, "datetime": {"datetime": "2021-07-03 16:38:24", "elapsed": 911.760416, "delta": 1.657088}}
{"target": -0.2174395591744953, "params": {"C": 49.33021147459396, "epsilon": 1.6986522035808365, "gamma": 0.755797105253385, "lamda": 0.6986846105625866}, "datetime": {"datetime": "2021-07-03 16:38:43", "elapsed": 931.052554, "delta": 19.292138}}
{"target": 0.420304071273118, "params": {"C": 37.62461866908446, "epsilon": 2.6730253094737697, "gamma": 0.6829656183518112, "lamda": 0.7266921648185627}, "datetime": {"datetime": "2021-07-03 16:38:44", "elapsed": 932.119908, "delta": 1.067354}}
{"target": 0.7953175087617845, "params": {"C": 32.60038202319954, "epsilon": 7.927606518217017, "gamma": 0.12974313837645113, "lamda": 0.5111184320440598}, "datetime": {"datetime": "2021-07-03 16:38:45", "elapsed": 933.354232, "delta": 1.234324}}
{"target": 0.3678398910425017, "params": {"C": 37.48444066682158, "epsilon": 6.5261881411498575, "gamma": 0.8792228337136153, "lamda": 0.8177777804685084}, "datetime": {"datetime": "2021-07-03 16:38:48", "elapsed": 935.714784, "delta": 2.360552}}
{"target": 0.5891577672822179, "params": {"C": 37.89215341107577, "epsilon": 6.5829084500262445, "gamma": 0.3457412619001895, "lamda": 0.1}, "datetime": {"datetime": "2021-07-03 16:38:50", "elapsed": 937.785523, "delta": 2.070739}}
{"target": 0.361286327403755, "params": {"C": 37.07311418150426, "epsilon": 5.89226843980762, "gamma": 0.9, "lamda": 0.5205665868236695}, "datetime": {"datetime": "2021-07-03 16:38:52", "elapsed": 939.887428, "delta": 2.101905}}
{"target": 0.5490656253076616, "params": {"C": 37.943221553427485, "epsilon": 2.653371858007274, "gamma": 0.4046295514537818, "lamda": 0.27171653087409076}, "datetime": {"datetime": "2021-07-03 16:38:54", "elapsed": 942.100962, "delta": 2.213534}}
{"target": 0.5597953789630241, "params": {"C": 38.39467026993825, "epsilon": 5.59560612697374, "gamma": 0.3912915269217472, "lamda": 0.5236365700738721}, "datetime": {"datetime": "2021-07-03 16:38:57", "elapsed": 944.893665, "delta": 2.792703}}
{"target": 0.3625524363293593, "params": {"C": 36.15911700163749, "epsilon": 5.125528763823635, "gamma": 0.8901911586767032, "lamda": 0.9437357487899806}, "datetime": {"datetime": "2021-07-03 16:38:58", "elapsed": 946.006102, "delta": 1.112437}}
{"target": 0.52834445347766, "params": {"C": 32.63215801181915, "epsilon": 8.286418566353872, "gamma": 0.45014618346400165, "lamda": 0.3114327336463777}, "datetime": {"datetime": "2021-07-03 16:39:00", "elapsed": 948.167483, "delta": 2.161381}}
{"target": 0.46100537988462464, "params": {"C": 37.80956996325494, "epsilon": 3.2269841704808298, "gamma": 0.584447700413625, "lamda": 0.43520145282443856}, "datetime": {"datetime": "2021-07-03 16:39:02", "elapsed": 950.140085, "delta": 1.972602}}
{"target": -2.2734669782317867, "params": {"C": 32.188657660893014, "epsilon": 8.275010480070044, "gamma": 0.1849548929674435, "lamda": 0.6443677698557566}, "datetime": {"datetime": "2021-07-03 16:39:22", "elapsed": 969.764526, "delta": 19.624441}}
{"target": 0.5677066408940972, "params": {"C": 37.4239871662853, "epsilon": 2.8855146071965807, "gamma": 0.3753270269878503, "lamda": 0.30290745694789445}, "datetime": {"datetime": "2021-07-03 16:39:24", "elapsed": 972.167914, "delta": 2.403388}}
{"target": 0.5783233795696123, "params": {"C": 32.88984985550545, "epsilon": 7.77650722182547, "gamma": 0.3640885168644654, "lamda": 0.6153974315055113}, "datetime": {"datetime": "2021-07-03 16:39:27", "elapsed": 974.507841, "delta": 2.339927}}
{"target": 0.758046944585314, "params": {"C": 44.369433091333654, "epsilon": 7.8792403422407205, "gamma": 0.16238029128430803, "lamda": 0.2814810758198347}, "datetime": {"datetime": "2021-07-03 16:39:28", "elapsed": 975.768304, "delta": 1.260463}}
{"target": 0.41107056984352086, "params": {"C": 38.12964078329725, "epsilon": 5.681271654062114, "gamma": 0.726642261789342, "lamda": 0.1}, "datetime": {"datetime": "2021-07-03 16:39:39", "elapsed": 987.273595, "delta": 11.505291}}
{"target": 0.7597754168918364, "params": {"C": 32.83660473775423, "epsilon": 7.936371474125173, "gamma": 0.16133604988603228, "lamda": 0.16668030998164046}, "datetime": {"datetime": "2021-07-03 16:39:42", "elapsed": 989.730496, "delta": 2.456901}}
{"target": 0.5668837408011524, "params": {"C": 50.35095239974064, "epsilon": 5.216596620177453, "gamma": 0.3769461356950408, "lamda": 0.12311365642143335}, "datetime": {"datetime": "2021-07-03 16:39:43", "elapsed": 990.818011, "delta": 1.087515}}
{"target": 0.38272335657837664, "params": {"C": 58.05710410403994, "epsilon": 6.360099737142756, "gamma": 0.8196887445867158, "lamda": 0.16037662881262474}, "datetime": {"datetime": "2021-07-03 16:39:46", "elapsed": 993.808027, "delta": 2.990016}}
{"target": 0.38944961033942527, "params": {"C": 32.921143813479105, "epsilon": 7.8604658648980115, "gamma": 0.8096209994838163, "lamda": 0.20304582667524818}, "datetime": {"datetime": "2021-07-03 16:39:48", "elapsed": 995.797736, "delta": 1.989709}}
{"target": 0.6344121793815368, "params": {"C": 58.75971217733775, "epsilon": 7.692255307865477, "gamma": 0.28149160966747727, "lamda": 0.7587382908526158}, "datetime": {"datetime": "2021-07-03 16:39:49", "elapsed": 997.037803, "delta": 1.240067}}
{"target": 0.599566100263252, "params": {"C": 34.246349623507115, "epsilon": 6.1227422294203, "gamma": 0.33242282418565533, "lamda": 0.1}, "datetime": {"datetime": "2021-07-03 16:39:51", "elapsed": 998.873783, "delta": 1.83598}}
{"target": 0.791138476729241, "params": {"C": 32.600773917889356, "epsilon": 7.517144086106155, "gamma": 0.1333231085285645, "lamda": 0.23181763174477216}, "datetime": {"datetime": "2021-07-03 16:39:55", "elapsed": 1002.920262, "delta": 4.046479}}
{"target": -3.326960200775673, "params": {"C": 37.758765209837996, "epsilon": 2.7041700509866593, "gamma": 0.08946653245332789, "lamda": 0.7461652521602535}, "datetime": {"datetime": "2021-07-03 16:40:11", "elapsed": 1019.003411, "delta": 16.083149}}
{"target": 0.3930365924075705, "params": {"C": 37.69473729315149, "epsilon": 2.84618566487191, "gamma": 0.7669964347880507, "lamda": 0.1}, "datetime": {"datetime": "2021-07-03 16:40:14", "elapsed": 1021.492908, "delta": 2.489497}}
{"target": -7.735608162884057, "params": {"C": 32.64063269458707, "epsilon": 7.42841523218293, "gamma": 0.05, "lamda": 0.7260317690887006}, "datetime": {"datetime": "2021-07-03 16:40:39", "elapsed": 1046.867609, "delta": 25.374701}}
{"target": 0.48297767867097385, "params": {"C": 32.997023761913745, "epsilon": 8.061789255233375, "gamma": 0.5469167536591177, "lamda": 0.5436275132544401}, "datetime": {"datetime": "2021-07-03 16:40:43", "elapsed": 1050.453779, "delta": 3.58617}}
