{"target": 0.3812528709027331, "params": {"C": 32.364010813885365, "epsilon": 3.9181826222653977, "gamma": 0.8167933065389185, "lamda": 0.503466486003745}, "datetime": {"datetime": "2021-07-03 16:30:12", "elapsed": 419.636373, "delta": 1.460262}}
{"target": 0.4601134911175938, "params": {"C": 42.38568073710923, "epsilon": 5.365853369407802, "gamma": 0.5915923583189264, "lamda": 0.6026328203842772}, "datetime": {"datetime": "2021-07-03 16:30:13", "elapsed": 421.171798, "delta": 1.535425}}
{"target": 0.7865328476015314, "params": {"C": 34.466615070158014, "epsilon": 5.659080396227981, "gamma": 0.13738772925538315, "lamda": 0.1}, "datetime": {"datetime": "2021-07-03 16:30:15", "elapsed": 423.018662, "delta": 1.846864}}
{"target": 0.5216406439662303, "params": {"C": 33.92842308366166, "epsilon": 5.715341897068154, "gamma": 0.45936220107783066, "lamda": 0.2936494777773697}, "datetime": {"datetime": "2021-07-03 16:30:17", "elapsed": 424.941418, "delta": 1.922756}}
{"target": 0.4278461000212146, "params": {"C": 35.49023230739347, "epsilon": 5.498730740183304, "gamma": 0.6755420176550001, "lamda": 0.663693537838125}, "datetime": {"datetime": "2021-07-03 16:30:18", "elapsed": 425.561265, "delta": 0.619847}}
{"target": 0.46276293142557323, "params": {"C": 44.93289215610655, "epsilon": 3.2812226405986196, "gamma": 0.5791623823809627, "lamda": 0.8431514021297817}, "datetime": {"datetime": "2021-07-03 16:30:18", "elapsed": 426.249446, "delta": 0.688181}}
{"target": 0.35764754871654336, "params": {"C": 31.258587749471634, "epsilon": 3.6510246532321617, "gamma": 0.9, "lamda": 0.6952062695875382}, "datetime": {"datetime": "2021-07-03 16:30:20", "elapsed": 427.737369, "delta": 1.487923}}
{"target": 0.4403329719391724, "params": {"C": 41.73593346287112, "epsilon": 5.213103973000645, "gamma": 0.6422968772402405, "lamda": 0.7931453345578664}, "datetime": {"datetime": "2021-07-03 16:30:22", "elapsed": 429.743402, "delta": 2.006033}}
{"target": 0.39279291567303953, "params": {"C": 34.199978289752245, "epsilon": 5.642250233919924, "gamma": 0.788684451825655, "lamda": 0.8801841971305003}, "datetime": {"datetime": "2021-07-03 16:30:23", "elapsed": 431.170361, "delta": 1.426959}}
{"target": -2.192475347892786, "params": {"C": 41.969470975589495, "epsilon": 5.185082084505094, "gamma": 0.1262053213984874, "lamda": 0.2649888317667576}, "datetime": {"datetime": "2021-07-03 16:30:42", "elapsed": 450.244463, "delta": 19.074102}}
{"target": 0.36102430579623324, "params": {"C": 36.04508765290241, "epsilon": 5.720474686806318, "gamma": 0.9, "lamda": 1.0}, "datetime": {"datetime": "2021-07-03 16:30:44", "elapsed": 452.00173, "delta": 1.757267}}
{"target": 0.44923927581280976, "params": {"C": 42.58202514704095, "epsilon": 3.8739713182097404, "gamma": 0.6133843810283548, "lamda": 0.6074585198571689}, "datetime": {"datetime": "2021-07-03 16:30:45", "elapsed": 452.666428, "delta": 0.664698}}
{"target": 0.38336769581338137, "params": {"C": 42.1976754981453, "epsilon": 4.392536412115599, "gamma": 0.8066657190386832, "lamda": 0.652977508188554}, "datetime": {"datetime": "2021-07-03 16:30:46", "elapsed": 453.944325, "delta": 1.277897}}
{"target": 0.3577418134271777, "params": {"C": 42.54305532266352, "epsilon": 4.182423740950855, "gamma": 0.9, "lamda": 0.1}, "datetime": {"datetime": "2021-07-03 16:30:48", "elapsed": 455.705859, "delta": 1.761534}}
{"target": 0.520484806629645, "params": {"C": 35.46679819658766, "epsilon": 5.181217764296649, "gamma": 0.46069491211918, "lamda": 0.3306024796341796}, "datetime": {"datetime": "2021-07-03 16:30:49", "elapsed": 456.515689, "delta": 0.80983}}
{"target": 0.543510817187751, "params": {"C": 35.34089035332476, "epsilon": 6.382126799571063, "gamma": 0.41956603673826187, "lamda": 0.6155483273578917}, "datetime": {"datetime": "2021-07-03 16:30:49", "elapsed": 457.257395, "delta": 0.741706}}
{"target": -0.5273836058667976, "params": {"C": 32.86373531423137, "epsilon": 1.8635089865878114, "gamma": 0.31680184135906386, "lamda": 0.9289341374845506}, "datetime": {"datetime": "2021-07-03 16:31:06", "elapsed": 474.172547, "delta": 16.915152}}
{"target": 0.3578469247617452, "params": {"C": 43.071161125416374, "epsilon": 4.235677139976576, "gamma": 0.9, "lamda": 0.5562968245208156}, "datetime": {"datetime": "2021-07-03 16:31:09", "elapsed": 476.989061, "delta": 2.816514}}
{"target": 0.5878705005589806, "params": {"C": 36.07378386782994, "epsilon": 6.156396886806704, "gamma": 0.34798688293310126, "lamda": 0.7044115824909095}, "datetime": {"datetime": "2021-07-03 16:31:13", "elapsed": 480.440342, "delta": 3.451281}}
{"target": 0.36274759587084093, "params": {"C": 36.41603410248907, "epsilon": 6.2982429529151185, "gamma": 0.8970410941884774, "lamda": 0.7416615694676962}, "datetime": {"datetime": "2021-07-03 16:31:15", "elapsed": 482.468628, "delta": 2.028286}}
{"target": 0.4817571315093232, "params": {"C": 53.14750144973449, "epsilon": 5.62855588574672, "gamma": 0.5417576447386172, "lamda": 0.429233741391827}, "datetime": {"datetime": "2021-07-03 16:31:16", "elapsed": 484.350415, "delta": 1.881787}}
{"target": 0.3607127063585487, "params": {"C": 42.0946369014939, "epsilon": 5.648342094624306, "gamma": 0.9, "lamda": 0.9917942236485014}, "datetime": {"datetime": "2021-07-03 16:31:22", "elapsed": 489.56666, "delta": 5.216245}}
{"target": 0.5606321477378258, "params": {"C": 36.246875641249325, "epsilon": 5.498238308945041, "gamma": 0.39019999152001783, "lamda": 0.7754929920544859}, "datetime": {"datetime": "2021-07-03 16:31:24", "elapsed": 491.90566, "delta": 2.339}}
{"target": 0.5070188843693817, "params": {"C": 36.141042022899136, "epsilon": 5.093308313187922, "gamma": 0.4887536336050899, "lamda": 0.24338948745659952}, "datetime": {"datetime": "2021-07-03 16:31:26", "elapsed": 493.950046, "delta": 2.044386}}
{"target": -2.432253930359463, "params": {"C": 35.90009922213799, "epsilon": 5.404798238498958, "gamma": 0.10811446826692907, "lamda": 0.19076732653510758}, "datetime": {"datetime": "2021-07-03 16:31:49", "elapsed": 516.702614, "delta": 22.752568}}
{"target": 0.36635486241930504, "params": {"C": 36.618894238736495, "epsilon": 5.02955109791424, "gamma": 0.8754459416595401, "lamda": 0.5740297832498871}, "datetime": {"datetime": "2021-07-03 16:31:50", "elapsed": 517.82978, "delta": 1.127166}}
{"target": 0.5722444023565076, "params": {"C": 31.547289686117402, "epsilon": 3.5868859598361915, "gamma": 0.37046127997957895, "lamda": 0.6007824275201887}, "datetime": {"datetime": "2021-07-03 16:31:51", "elapsed": 518.499567, "delta": 0.669787}}
{"target": 0.47105198015790206, "params": {"C": 35.91072232785898, "epsilon": 4.669426174823593, "gamma": 0.5673695706819687, "lamda": 0.5273375080384815}, "datetime": {"datetime": "2021-07-03 16:31:52", "elapsed": 519.832984, "delta": 1.333417}}
{"target": 0.4763951871312794, "params": {"C": 36.942180815709584, "epsilon": 5.792191991901233, "gamma": 0.55821828429966, "lamda": 0.8682256844033287}, "datetime": {"datetime": "2021-07-03 16:31:53", "elapsed": 521.183523, "delta": 1.350539}}
{"target": 0.5778274235372458, "params": {"C": 36.512446164475875, "epsilon": 4.848355858576049, "gamma": 0.36173769711595954, "lamda": 0.8547815211114814}, "datetime": {"datetime": "2021-07-03 16:31:55", "elapsed": 522.60257, "delta": 1.419047}}
{"target": 0.3998133563056514, "params": {"C": 51.88536079327157, "epsilon": 6.649389451289976, "gamma": 0.7629834806409828, "lamda": 0.7824117691611002}, "datetime": {"datetime": "2021-07-03 16:31:55", "elapsed": 523.390622, "delta": 0.788052}}
{"target": 0.5732039726235081, "params": {"C": 36.81784418841282, "epsilon": 5.340945255340479, "gamma": 0.3696910972590252, "lamda": 0.43920373721033906}, "datetime": {"datetime": "2021-07-03 16:31:57", "elapsed": 525.13659, "delta": 1.745968}}
{"target": 0.35942650841178725, "params": {"C": 42.31690744611923, "epsilon": 4.971016568177734, "gamma": 0.9, "lamda": 1.0}, "datetime": {"datetime": "2021-07-03 16:31:59", "elapsed": 526.443994, "delta": 1.307404}}
{"target": 0.36877953178050704, "params": {"C": 36.57068876650021, "epsilon": 5.621686516076527, "gamma": 0.8705792788052458, "lamda": 0.6835329411788345}, "datetime": {"datetime": "2021-07-03 16:32:00", "elapsed": 527.88951, "delta": 1.445516}}
{"target": 0.5056127326649018, "params": {"C": 37.07079078171102, "epsilon": 5.144060048205312, "gamma": 0.49178574647783935, "lamda": 1.0}, "datetime": {"datetime": "2021-07-03 16:32:02", "elapsed": 529.565889, "delta": 1.676379}}
{"target": 0.8256755332790329, "params": {"C": 41.52693765633831, "epsilon": 1.3299907014342272, "gamma": 0.10461039336270511, "lamda": 0.29404727173617073}, "datetime": {"datetime": "2021-07-03 16:32:02", "elapsed": 530.299532, "delta": 0.733643}}
{"target": 0.5355043337551049, "params": {"C": 36.59904315899302, "epsilon": 4.638057219031508, "gamma": 0.4314613088798578, "lamda": 0.2254752965874018}, "datetime": {"datetime": "2021-07-03 16:32:04", "elapsed": 531.880477, "delta": 1.580945}}
{"target": 0.4166964704374764, "params": {"C": 35.146191532889254, "epsilon": 7.799661038997771, "gamma": 0.7162547548350594, "lamda": 0.5717268627791138}, "datetime": {"datetime": "2021-07-03 16:32:05", "elapsed": 532.700871, "delta": 0.820394}}
{"target": 0.6630701281087013, "params": {"C": 34.17547027009004, "epsilon": 5.2127318309320785, "gamma": 0.25531299887182807, "lamda": 0.41154347747200165}, "datetime": {"datetime": "2021-07-03 16:32:08", "elapsed": 535.649241, "delta": 2.94837}}
{"target": 0.6925854793258901, "params": {"C": 36.6700832176741, "epsilon": 6.208814332988519, "gamma": 0.2233906489609801, "lamda": 0.48236564980544694}, "datetime": {"datetime": "2021-07-03 16:32:09", "elapsed": 537.232306, "delta": 1.583065}}
{"target": -2.4536197624583203, "params": {"C": 45.74789860134452, "epsilon": 1.7730392402773405, "gamma": 0.11279179596766986, "lamda": 0.5784231717416867}, "datetime": {"datetime": "2021-07-03 16:32:21", "elapsed": 549.393282, "delta": 12.160976}}
{"target": 0.6065900606903821, "params": {"C": 37.17950246336842, "epsilon": 4.730650050774655, "gamma": 0.32016279206908804, "lamda": 0.48399304701218604}, "datetime": {"datetime": "2021-07-03 16:32:23", "elapsed": 550.858576, "delta": 1.465294}}
{"target": 0.5335523302706173, "params": {"C": 37.55827197917535, "epsilon": 5.396118326269198, "gamma": 0.43605286312068786, "lamda": 0.48363862326376117}, "datetime": {"datetime": "2021-07-03 16:32:25", "elapsed": 552.590627, "delta": 1.732051}}
{"target": 0.39249499819595446, "params": {"C": 37.648751090306995, "epsilon": 4.745023711460814, "gamma": 0.7835005021928073, "lamda": 0.6985886948289628}, "datetime": {"datetime": "2021-07-03 16:32:27", "elapsed": 554.631435, "delta": 2.040808}}
{"target": 0.38663142721889987, "params": {"C": 37.031349820420076, "epsilon": 5.297659991575291, "gamma": 0.8048346205669538, "lamda": 0.11349901212377829}, "datetime": {"datetime": "2021-07-03 16:32:29", "elapsed": 556.543733, "delta": 1.912298}}
{"target": 0.36160900298977094, "params": {"C": 46.02709566052894, "epsilon": 4.228943245154067, "gamma": 0.8855958427887064, "lamda": 0.12627511310914843}, "datetime": {"datetime": "2021-07-03 16:32:29", "elapsed": 557.18903, "delta": 0.645297}}
{"target": 0.4627525325060001, "params": {"C": 46.75063504391231, "epsilon": 2.629342442641242, "gamma": 0.5756238466702694, "lamda": 0.17337099632690495}, "datetime": {"datetime": "2021-07-03 16:32:30", "elapsed": 557.903905, "delta": 0.714875}}
{"target": 0.36089333641914356, "params": {"C": 41.61667429633344, "epsilon": 5.744476524903539, "gamma": 0.9, "lamda": 0.4562093498291693}, "datetime": {"datetime": "2021-07-03 16:32:32", "elapsed": 559.841983, "delta": 1.938078}}
{"target": 0.532853266449671, "params": {"C": 37.18199798093956, "epsilon": 5.9438699009283384, "gamma": 0.43811750666822613, "lamda": 0.23544491043226537}, "datetime": {"datetime": "2021-07-03 16:32:33", "elapsed": 560.954576, "delta": 1.112593}}
{"target": 0.4099773325505627, "params": {"C": 36.939263000338194, "epsilon": 4.423077157646709, "gamma": 0.72269958523392, "lamda": 0.823878472734149}, "datetime": {"datetime": "2021-07-03 16:32:34", "elapsed": 562.322629, "delta": 1.368053}}
{"target": 0.37175602780017536, "params": {"C": 37.2630779028918, "epsilon": 4.585581808898266, "gamma": 0.8497788749414239, "lamda": 0.11196939376799589}, "datetime": {"datetime": "2021-07-03 16:32:36", "elapsed": 564.129741, "delta": 1.807112}}
{"target": 0.6180936486155248, "params": {"C": 30.994089986760592, "epsilon": 3.8167933549790405, "gamma": 0.30906678705793555, "lamda": 0.8558919097710898}, "datetime": {"datetime": "2021-07-03 16:32:38", "elapsed": 565.708907, "delta": 1.579166}}
{"target": 0.42910742048245, "params": {"C": 37.06593109035503, "epsilon": 6.480000462114862, "gamma": 0.675536009688644, "lamda": 0.5834938574495939}, "datetime": {"datetime": "2021-07-03 16:32:40", "elapsed": 567.420695, "delta": 1.711788}}
{"target": 0.4508910719531912, "params": {"C": 36.29365694507723, "epsilon": 2.378539739341963, "gamma": 0.6034525718288485, "lamda": 0.42690416310937807}, "datetime": {"datetime": "2021-07-03 16:32:40", "elapsed": 568.296195, "delta": 0.8755}}
{"target": 0.40158526825101293, "params": {"C": 35.12453065550085, "epsilon": 8.47528185333794, "gamma": 0.7705224559937315, "lamda": 0.5248036842427761}, "datetime": {"datetime": "2021-07-03 16:32:42", "elapsed": 569.812235, "delta": 1.51604}}
{"target": 0.5087798640982504, "params": {"C": 48.227680099385296, "epsilon": 7.184967120734845, "gamma": 0.4846527802652653, "lamda": 0.5115896443853705}, "datetime": {"datetime": "2021-07-03 16:32:43", "elapsed": 570.568343, "delta": 0.756108}}
{"target": 0.7276548462412391, "params": {"C": 37.83650046462765, "epsilon": 4.855521041158348, "gamma": 0.1894053271531756, "lamda": 0.28007716349738254}, "datetime": {"datetime": "2021-07-03 16:32:44", "elapsed": 572.063714, "delta": 1.495371}}
{"target": 0.39448088817245397, "params": {"C": 37.86361110741342, "epsilon": 5.059523006318753, "gamma": 0.7776446220210408, "lamda": 0.1}, "datetime": {"datetime": "2021-07-03 16:32:46", "elapsed": 573.955886, "delta": 1.892172}}
{"target": 0.7603053442944985, "params": {"C": 37.778805622507335, "epsilon": 4.2562567190184915, "gamma": 0.1609800097337421, "lamda": 0.5330622854242951}, "datetime": {"datetime": "2021-07-03 16:32:47", "elapsed": 575.154291, "delta": 1.198405}}
{"target": 0.7429095464375441, "params": {"C": 37.86761446380075, "epsilon": 4.672239824722107, "gamma": 0.17570890250911336, "lamda": 0.9717634580342431}, "datetime": {"datetime": "2021-07-03 16:32:49", "elapsed": 576.919585, "delta": 1.765294}}
{"target": 0.5001539040520575, "params": {"C": 52.51752933352374, "epsilon": 4.722190781951175, "gamma": 0.4993828532434789, "lamda": 0.7571350273022605}, "datetime": {"datetime": "2021-07-03 16:32:50", "elapsed": 577.67031, "delta": 0.750725}}
{"target": 0.5636606578965662, "params": {"C": 38.20214856997195, "epsilon": 5.12127370304534, "gamma": 0.3845642731210775, "lamda": 0.7743778421065113}, "datetime": {"datetime": "2021-07-03 16:32:52", "elapsed": 579.497359, "delta": 1.827049}}
{"target": 0.4949184105557437, "params": {"C": 38.32632416714091, "epsilon": 4.3784847840561945, "gamma": 0.5143283798891811, "lamda": 0.8881459950402812}, "datetime": {"datetime": "2021-07-03 16:32:53", "elapsed": 581.182675, "delta": 1.685316}}
{"target": -2.2261140166608198, "params": {"C": 52.99426558974562, "epsilon": 5.657358343128914, "gamma": 0.10542128106164192, "lamda": 0.9671891279081433}, "datetime": {"datetime": "2021-07-03 16:33:03", "elapsed": 590.56083, "delta": 9.378155}}
{"target": 0.4008964371485304, "params": {"C": 37.784547592307796, "epsilon": 4.029817181005019, "gamma": 0.7495010137501423, "lamda": 0.5435242250040284}, "datetime": {"datetime": "2021-07-03 16:33:04", "elapsed": 592.211503, "delta": 1.650673}}
{"target": 0.791070321411442, "params": {"C": 37.09475401996393, "epsilon": 4.438670604509539, "gamma": 0.13414979875503197, "lamda": 0.9978591385428148}, "datetime": {"datetime": "2021-07-03 16:33:06", "elapsed": 594.107901, "delta": 1.896398}}
{"target": -2.042706336491426, "params": {"C": 37.27056545878135, "epsilon": 3.9437981667842448, "gamma": 0.12787137603865756, "lamda": 0.4499076631568646}, "datetime": {"datetime": "2021-07-03 16:33:21", "elapsed": 608.737757, "delta": 14.629856}}
{"target": -6.435899926978306, "params": {"C": 38.23833083557596, "epsilon": 4.429424057771378, "gamma": 0.061284063720203646, "lamda": 0.6762543357984221}, "datetime": {"datetime": "2021-07-03 16:33:36", "elapsed": 623.826534, "delta": 15.088777}}
{"target": 0.5975721415635632, "params": {"C": 37.501572969468164, "epsilon": 4.548187110917338, "gamma": 0.332850194623896, "lamda": 0.99878503413962}, "datetime": {"datetime": "2021-07-03 16:33:38", "elapsed": 625.554978, "delta": 1.728444}}
{"target": 0.5507164393707694, "params": {"C": 37.61534316678849, "epsilon": 4.967292527097553, "gamma": 0.40546913624577796, "lamda": 0.691352244610118}, "datetime": {"datetime": "2021-07-03 16:33:39", "elapsed": 627.091756, "delta": 1.536778}}
{"target": 0.6267066320050214, "params": {"C": 37.271573539495726, "epsilon": 5.137550993497601, "gamma": 0.2964634145855109, "lamda": 0.14064158546066013}, "datetime": {"datetime": "2021-07-03 16:33:42", "elapsed": 629.596283, "delta": 2.504527}}
{"target": 0.5249832930886233, "params": {"C": 37.59894599408401, "epsilon": 4.699198830852433, "gamma": 0.45019333037254206, "lamda": 0.10096685813765788}, "datetime": {"datetime": "2021-07-03 16:33:43", "elapsed": 631.224915, "delta": 1.628632}}
{"target": 0.5895956265932902, "params": {"C": 49.439794373862895, "epsilon": 7.170918475155689, "gamma": 0.3437607602450052, "lamda": 0.8756977515097473}, "datetime": {"datetime": "2021-07-03 16:33:44", "elapsed": 632.012705, "delta": 0.78779}}
{"target": -3.9800671729649384, "params": {"C": 37.33802502195902, "epsilon": 5.256665262549715, "gamma": 0.05886991207160272, "lamda": 0.7895554200828332}, "datetime": {"datetime": "2021-07-03 16:33:57", "elapsed": 645.136341, "delta": 13.123636}}
{"target": 0.39052945516756443, "params": {"C": 38.07673435559397, "epsilon": 4.223557545281134, "gamma": 0.7859190989013075, "lamda": 0.9418808882811959}, "datetime": {"datetime": "2021-07-03 16:34:00", "elapsed": 647.785832, "delta": 2.649491}}
{"target": 0.36877769121705595, "params": {"C": 38.454868568658206, "epsilon": 4.549164154843539, "gamma": 0.8599309829534526, "lamda": 0.7405022142071951}, "datetime": {"datetime": "2021-07-03 16:34:02", "elapsed": 649.864037, "delta": 2.078205}}
{"target": 0.44536406856758215, "params": {"C": 55.331186268028574, "epsilon": 6.8116966917375485, "gamma": 0.6336433504123635, "lamda": 0.6728707973286068}, "datetime": {"datetime": "2021-07-03 16:34:03", "elapsed": 650.701364, "delta": 0.837327}}
{"target": 0.37674974540830986, "params": {"C": 37.20321610053858, "epsilon": 5.338743610332658, "gamma": 0.8388034377480709, "lamda": 0.7997402588252548}, "datetime": {"datetime": "2021-07-03 16:34:05", "elapsed": 653.387991, "delta": 2.686627}}
{"target": -2.3380849418759517, "params": {"C": 36.0924942954117, "epsilon": 1.0030058250070903, "gamma": 0.1054749557003827, "lamda": 0.7161324441665686}, "datetime": {"datetime": "2021-07-03 16:34:17", "elapsed": 664.513517, "delta": 11.125526}}
{"target": 0.4175887948680601, "params": {"C": 37.403304302347664, "epsilon": 5.044549885613587, "gamma": 0.7046098312825244, "lamda": 0.3480923659083715}, "datetime": {"datetime": "2021-07-03 16:34:19", "elapsed": 666.522327, "delta": 2.00881}}
{"target": 0.46585161743917747, "params": {"C": 37.974313637959256, "epsilon": 7.520065655937861, "gamma": 0.5859930270825161, "lamda": 0.7195577812668457}, "datetime": {"datetime": "2021-07-03 16:34:19", "elapsed": 667.228714, "delta": 0.706387}}
{"target": 0.47870714945461257, "params": {"C": 36.365293792909526, "epsilon": 6.39297358192287, "gamma": 0.5536364390895324, "lamda": 0.3302664771262612}, "datetime": {"datetime": "2021-07-03 16:34:21", "elapsed": 668.964497, "delta": 1.735783}}
{"target": 0.6419488947929244, "params": {"C": 37.93533845786654, "epsilon": 5.4150638284985835, "gamma": 0.27780262280820767, "lamda": 0.19738487778830632}, "datetime": {"datetime": "2021-07-03 16:34:23", "elapsed": 671.053719, "delta": 2.089222}}
{"target": 0.783587388283072, "params": {"C": 41.52943690313094, "epsilon": 1.343648485863343, "gamma": 0.14121477210664457, "lamda": 0.30463104957193066}, "datetime": {"datetime": "2021-07-03 16:34:24", "elapsed": 671.897537, "delta": 0.843818}}
{"target": 0.7568421733717612, "params": {"C": 47.59261253741125, "epsilon": 5.197861872534442, "gamma": 0.16301663209006434, "lamda": 0.9122738467042131}, "datetime": {"datetime": "2021-07-03 16:34:25", "elapsed": 672.869815, "delta": 0.972278}}
{"target": 0.3789399329875949, "params": {"C": 38.01038383519474, "epsilon": 5.498888031725535, "gamma": 0.8305596015072957, "lamda": 0.6575334070656147}, "datetime": {"datetime": "2021-07-03 16:34:27", "elapsed": 674.825807, "delta": 1.955992}}
{"target": 0.36439785982498274, "params": {"C": 37.56349547749757, "epsilon": 5.943347440390049, "gamma": 0.888603055079411, "lamda": 0.25387131428916915}, "datetime": {"datetime": "2021-07-03 16:34:28", "elapsed": 676.30895, "delta": 1.483143}}
{"target": 0.623929579238093, "params": {"C": 35.17852272220463, "epsilon": 6.822901341457901, "gamma": 0.30140141008226057, "lamda": 0.1}, "datetime": {"datetime": "2021-07-03 16:34:30", "elapsed": 678.08383, "delta": 1.77488}}
{"target": 0.3583359144328655, "params": {"C": 37.94189879783804, "epsilon": 4.380176723635749, "gamma": 0.9, "lamda": 0.1}, "datetime": {"datetime": "2021-07-03 16:34:31", "elapsed": 679.268964, "delta": 1.185134}}
{"target": 0.6193456567631186, "params": {"C": 36.961917804677725, "epsilon": 6.528722025977745, "gamma": 0.305706888677989, "lamda": 0.1}, "datetime": {"datetime": "2021-07-03 16:34:33", "elapsed": 681.341179, "delta": 2.072215}}
