{"target": -7.6386703739690756, "params": {"C": 23.601782541866037, "epsilon": 5.238013648752311, "gamma": 0.04953796625604607, "lamda": 0.4271834703302955}, "datetime": {"datetime": "2021-07-04 11:14:40", "elapsed": 2802.815731, "delta": 9.237072}}
{"target": 0.8650908712021315, "params": {"C": 24.76117811237428, "epsilon": 5.253462937372506, "gamma": 0.04684211129523974, "lamda": 0.6273195111464118}, "datetime": {"datetime": "2021-07-04 11:14:41", "elapsed": 2803.901697, "delta": 1.085966}}
{"target": -7.567003654176462, "params": {"C": 23.86695071950613, "epsilon": 6.647694252979649, "gamma": 0.04679052676304013, "lamda": 0.4270160683122293}, "datetime": {"datetime": "2021-07-04 11:14:53", "elapsed": 2815.413779, "delta": 11.512082}}
{"target": 0.8654970669020428, "params": {"C": 24.548667093913778, "epsilon": 6.948685083807639, "gamma": 0.04144789652263367, "lamda": 0.3817315004520283}, "datetime": {"datetime": "2021-07-04 11:14:55", "elapsed": 2817.538702, "delta": 2.124923}}
{"target": -7.137841167377667, "params": {"C": 22.424077221935196, "epsilon": 5.321367504098567, "gamma": 0.050481529965720404, "lamda": 0.5264419264608527}, "datetime": {"datetime": "2021-07-04 11:15:11", "elapsed": 2833.225107, "delta": 15.686405}}
{"target": -3.8664150262780854, "params": {"C": 24.173707507312116, "epsilon": 5.251870408396451, "gamma": 0.05735692591834973, "lamda": 0.39559959082734025}, "datetime": {"datetime": "2021-07-04 11:15:23", "elapsed": 2845.114758, "delta": 11.889651}}
{"target": -8.029454214645437, "params": {"C": 24.693347640506584, "epsilon": 6.065702607699591, "gamma": 0.041367258711942384, "lamda": 0.3857689997851101}, "datetime": {"datetime": "2021-07-04 11:15:32", "elapsed": 2854.287804, "delta": 9.173046}}
{"target": 0.8652322242353331, "params": {"C": 24.607086760666828, "epsilon": 6.571523025737445, "gamma": 0.04358112426521749, "lamda": 0.458981889401916}, "datetime": {"datetime": "2021-07-04 11:15:33", "elapsed": 2855.543819, "delta": 1.256015}}
{"target": 0.8638356855925111, "params": {"C": 24.523448059053127, "epsilon": 5.056096199645241, "gamma": 0.0564459472053383, "lamda": 0.3200092621606283}, "datetime": {"datetime": "2021-07-04 11:15:35", "elapsed": 2857.600777, "delta": 2.056958}}
{"target": 0.8635109406768238, "params": {"C": 24.462315163305494, "epsilon": 5.256065307102914, "gamma": 0.05720987246890224, "lamda": 0.36308360655442784}, "datetime": {"datetime": "2021-07-04 11:15:36", "elapsed": 2858.78683, "delta": 1.186053}}
{"target": 0.8650827620673183, "params": {"C": 23.895013418130777, "epsilon": 6.096732411947188, "gamma": 0.041180264657757086, "lamda": 0.6705562695884603}, "datetime": {"datetime": "2021-07-04 11:15:38", "elapsed": 2860.151782, "delta": 1.364952}}
{"target": -7.520318933310239, "params": {"C": 23.336766938047234, "epsilon": 5.743230230148536, "gamma": 0.05020756232072166, "lamda": 0.5687476766860621}, "datetime": {"datetime": "2021-07-04 11:15:48", "elapsed": 2870.223847, "delta": 10.072065}}
{"target": -7.133634067819052, "params": {"C": 24.686330741009783, "epsilon": 5.007417812404891, "gamma": 0.052973230534461034, "lamda": 0.35350307713925405}, "datetime": {"datetime": "2021-07-04 11:15:57", "elapsed": 2879.295882, "delta": 9.072035}}
{"target": 0.8624544657825661, "params": {"C": 24.07180045739149, "epsilon": 6.329934544565138, "gamma": 0.05943771401331446, "lamda": 0.37615225299377797}, "datetime": {"datetime": "2021-07-04 11:15:58", "elapsed": 2880.649138, "delta": 1.353256}}
{"target": -7.269586968915515, "params": {"C": 23.99635881931421, "epsilon": 5.2664528946461, "gamma": 0.052251214081333694, "lamda": 0.5340816373192869}, "datetime": {"datetime": "2021-07-04 11:16:10", "elapsed": 2892.31583, "delta": 11.666692}}
{"target": 0.8649791931474508, "params": {"C": 23.04943230890851, "epsilon": 6.861044691558953, "gamma": 0.04568032535657125, "lamda": 0.3891403498783776}, "datetime": {"datetime": "2021-07-04 11:16:12", "elapsed": 2894.503861, "delta": 2.188031}}
{"target": -7.289612282208651, "params": {"C": 23.971966231324885, "epsilon": 6.783245614988002, "gamma": 0.051560395010430735, "lamda": 0.4126809419508053}, "datetime": {"datetime": "2021-07-04 11:16:36", "elapsed": 2918.380368, "delta": 23.876507}}
{"target": -7.117264739265783, "params": {"C": 24.043413572166855, "epsilon": 6.6115398699623755, "gamma": 0.05166770864391268, "lamda": 0.6645528076059757}, "datetime": {"datetime": "2021-07-04 11:17:01", "elapsed": 2943.789986, "delta": 25.409618}}
{"target": 0.8641402943015319, "params": {"C": 23.49068322801854, "epsilon": 5.97208766514281, "gamma": 0.05536261312882259, "lamda": 0.5636507623997513}, "datetime": {"datetime": "2021-07-04 11:17:03", "elapsed": 2945.517968, "delta": 1.727982}}
{"target": -7.85638170270464, "params": {"C": 24.27370436835173, "epsilon": 6.600305595386406, "gamma": 0.059070300383644206, "lamda": 0.35791060324610685}, "datetime": {"datetime": "2021-07-04 11:17:25", "elapsed": 2967.39698, "delta": 21.879012}}
{"target": -7.336438009807594, "params": {"C": 22.98436178704988, "epsilon": 6.375297323166065, "gamma": 0.054388338239478334, "lamda": 0.6337553369619279}, "datetime": {"datetime": "2021-07-04 11:17:43", "elapsed": 2985.988996, "delta": 18.592016}}
{"target": -7.0944623563512454, "params": {"C": 22.43861744807922, "epsilon": 6.37039596035034, "gamma": 0.05381442332596685, "lamda": 0.516178122486616}, "datetime": {"datetime": "2021-07-04 11:18:00", "elapsed": 3002.715042, "delta": 16.726046}}
{"target": -7.292608433657485, "params": {"C": 22.395852698355853, "epsilon": 6.2338575538588294, "gamma": 0.046781933973247404, "lamda": 0.6960012898635246}, "datetime": {"datetime": "2021-07-04 11:18:15", "elapsed": 3017.409013, "delta": 14.693971}}
{"target": 0.8652961166845632, "params": {"C": 23.94487655363934, "epsilon": 6.946483144047832, "gamma": 0.04634173706418333, "lamda": 0.4539195976004573}, "datetime": {"datetime": "2021-07-04 11:18:17", "elapsed": 3019.275026, "delta": 1.866013}}
{"target": 0.8647636154021231, "params": {"C": 23.361115703176313, "epsilon": 6.330978522757967, "gamma": 0.04523626314429266, "lamda": 0.38679048130386856}, "datetime": {"datetime": "2021-07-04 11:18:18", "elapsed": 3020.895045, "delta": 1.620019}}
{"target": 0.8646659441692548, "params": {"C": 22.790963281874358, "epsilon": 5.687998239568648, "gamma": 0.042056484572454096, "lamda": 0.4364782822904705}, "datetime": {"datetime": "2021-07-04 11:18:20", "elapsed": 3022.016063, "delta": 1.121018}}
{"target": -8.077133790793283, "params": {"C": 23.306013425871402, "epsilon": 6.976539271671301, "gamma": 0.04682347267934791, "lamda": 0.49980281733508225}, "datetime": {"datetime": "2021-07-04 11:18:29", "elapsed": 3031.591048, "delta": 9.574985}}
{"target": 0.8652132447830279, "params": {"C": 24.46783262174311, "epsilon": 6.38203990402787, "gamma": 0.04287909180772259, "lamda": 0.6835079483270385}, "datetime": {"datetime": "2021-07-04 11:18:30", "elapsed": 3032.842074, "delta": 1.251026}}
{"target": -6.328619763817312, "params": {"C": 24.112712621663594, "epsilon": 6.516783467791693, "gamma": 0.053017304391605014, "lamda": 0.4949563502771442}, "datetime": {"datetime": "2021-07-04 11:18:46", "elapsed": 3048.049086, "delta": 15.207012}}
{"target": -6.39847507082862, "params": {"C": 23.214518172075387, "epsilon": 5.760602784171868, "gamma": 0.057570105046166484, "lamda": 0.49383799978227283}, "datetime": {"datetime": "2021-07-04 11:19:01", "elapsed": 3063.466128, "delta": 15.417042}}
{"target": 0.8650179282209801, "params": {"C": 24.24384642829103, "epsilon": 6.095999315952781, "gamma": 0.05274467677890774, "lamda": 0.4516490485538075}, "datetime": {"datetime": "2021-07-04 11:19:04", "elapsed": 3066.083497, "delta": 2.617369}}
{"target": -6.945686432336121, "params": {"C": 22.22843098650302, "epsilon": 6.737412963470051, "gamma": 0.05980807314904642, "lamda": 0.34105776339718324}, "datetime": {"datetime": "2021-07-04 11:19:21", "elapsed": 3083.358156, "delta": 17.274659}}
{"target": -7.866479949099759, "params": {"C": 24.467504787437775, "epsilon": 6.6041632491091855, "gamma": 0.04683358389694654, "lamda": 0.6836543489164908}, "datetime": {"datetime": "2021-07-04 11:19:35", "elapsed": 3097.289196, "delta": 13.93104}}
{"target": -7.323160083763835, "params": {"C": 24.875058773156855, "epsilon": 5.683736604052385, "gamma": 0.049031685871799874, "lamda": 0.537343474219264}, "datetime": {"datetime": "2021-07-04 11:19:44", "elapsed": 3106.559235, "delta": 9.270039}}
{"target": -6.758736604774942, "params": {"C": 23.432618288969017, "epsilon": 6.968034874142512, "gamma": 0.05553402368950397, "lamda": 0.5712817562285832}, "datetime": {"datetime": "2021-07-04 11:19:58", "elapsed": 3120.241221, "delta": 13.681986}}
{"target": 0.8647514328862917, "params": {"C": 22.418217890748256, "epsilon": 5.883237986507836, "gamma": 0.052778831780175825, "lamda": 0.4596219791636418}, "datetime": {"datetime": "2021-07-04 11:19:59", "elapsed": 3121.469248, "delta": 1.228027}}
{"target": 0.8654407034484226, "params": {"C": 24.773617289869442, "epsilon": 5.3392762755720495, "gamma": 0.04738846096164897, "lamda": 0.5045559536767783}, "datetime": {"datetime": "2021-07-04 11:20:00", "elapsed": 3122.758232, "delta": 1.288984}}
{"target": -7.988830726136479, "params": {"C": 22.55256608980814, "epsilon": 6.893266636629505, "gamma": 0.04494175585590263, "lamda": 0.5523044733291768}, "datetime": {"datetime": "2021-07-04 11:20:10", "elapsed": 3132.042397, "delta": 9.284165}}
{"target": 0.8651436547551485, "params": {"C": 24.67656726048755, "epsilon": 6.6201101623719, "gamma": 0.04642016237139254, "lamda": 0.45094043683396956}, "datetime": {"datetime": "2021-07-04 11:20:11", "elapsed": 3133.936183, "delta": 1.893786}}
{"target": -7.478317695816868, "params": {"C": 23.85344060311407, "epsilon": 6.8371134936349796, "gamma": 0.05236361416801534, "lamda": 0.5733024364976043}, "datetime": {"datetime": "2021-07-04 11:20:27", "elapsed": 3149.318107, "delta": 15.381924}}
{"target": 0.8650981870427146, "params": {"C": 24.309317312932876, "epsilon": 5.913525634599889, "gamma": 0.05281546217002749, "lamda": 0.6078974874756382}, "datetime": {"datetime": "2021-07-04 11:20:29", "elapsed": 3151.05368, "delta": 1.735573}}
{"target": -7.790169687650529, "params": {"C": 23.764831854081173, "epsilon": 6.753727602492728, "gamma": 0.043091892833516554, "lamda": 0.5767959121585625}, "datetime": {"datetime": "2021-07-04 11:20:43", "elapsed": 3165.883378, "delta": 14.829698}}
{"target": -6.988776357268868, "params": {"C": 22.106000482953, "epsilon": 6.110096277714573, "gamma": 0.05026343795183457, "lamda": 0.5413376337576695}, "datetime": {"datetime": "2021-07-04 11:20:59", "elapsed": 3181.291744, "delta": 15.408366}}
{"target": -7.497888715268392, "params": {"C": 24.031608028194956, "epsilon": 6.462956742799744, "gamma": 0.05114701314487688, "lamda": 0.568562751754917}, "datetime": {"datetime": "2021-07-04 11:21:09", "elapsed": 3191.486335, "delta": 10.194591}}
{"target": -6.706628461620313, "params": {"C": 23.158558994719485, "epsilon": 5.05653542967994, "gamma": 0.05479549942544426, "lamda": 0.4663993906207595}, "datetime": {"datetime": "2021-07-04 11:21:16", "elapsed": 3198.13717, "delta": 6.650835}}
{"target": 0.8623897025857492, "params": {"C": 23.63723687909154, "epsilon": 6.803415170963083, "gamma": 0.05951182703626978, "lamda": 0.6069305030372939}, "datetime": {"datetime": "2021-07-04 11:21:16", "elapsed": 3199.003853, "delta": 0.866683}}
{"target": -6.529261842125276, "params": {"C": 23.058337531944247, "epsilon": 6.645950021958039, "gamma": 0.05190140779633111, "lamda": 0.6014375593422661}, "datetime": {"datetime": "2021-07-04 11:21:24", "elapsed": 3206.71824, "delta": 7.714387}}
{"target": 0.865131158412626, "params": {"C": 24.071887236205296, "epsilon": 5.777566875070518, "gamma": 0.04261007359460249, "lamda": 0.5118005670328707}, "datetime": {"datetime": "2021-07-04 11:21:25", "elapsed": 3207.794364, "delta": 1.076124}}
{"target": -8.312300043074421, "params": {"C": 22.682508494151783, "epsilon": 6.972676434944531, "gamma": 0.04875494519784247, "lamda": 0.68883153379934}, "datetime": {"datetime": "2021-07-04 11:21:31", "elapsed": 3213.393403, "delta": 5.599039}}
{"target": -7.25668502726889, "params": {"C": 24.56727534309033, "epsilon": 5.272381640253687, "gamma": 0.0472021807323651, "lamda": 0.3608275291882821}, "datetime": {"datetime": "2021-07-04 11:21:37", "elapsed": 3219.268704, "delta": 5.875301}}
{"target": -7.556105777087941, "params": {"C": 24.627829443047784, "epsilon": 6.55252121985143, "gamma": 0.04542234683465935, "lamda": 0.600600528110862}, "datetime": {"datetime": "2021-07-04 11:21:42", "elapsed": 3224.407972, "delta": 5.139268}}
{"target": -7.884339263689492, "params": {"C": 23.5423907748268, "epsilon": 6.405400134460454, "gamma": 0.044840023455244744, "lamda": 0.5847054089909653}, "datetime": {"datetime": "2021-07-04 11:21:47", "elapsed": 3229.07949, "delta": 4.671518}}
{"target": -6.5856458182079045, "params": {"C": 24.608757339473993, "epsilon": 6.675998448283426, "gamma": 0.05358233032385497, "lamda": 0.41286486039031606}, "datetime": {"datetime": "2021-07-04 11:21:54", "elapsed": 3236.617346, "delta": 7.537856}}
{"target": 0.8641089020050703, "params": {"C": 24.651444190807275, "epsilon": 6.034422575886048, "gamma": 0.056049558420251125, "lamda": 0.47333381428139776}, "datetime": {"datetime": "2021-07-04 11:21:55", "elapsed": 3237.556835, "delta": 0.939489}}
{"target": 0.8659445327889861, "params": {"C": 24.68984787194608, "epsilon": 6.884953290611704, "gamma": 0.04837953341780609, "lamda": 0.3035721462246117}, "datetime": {"datetime": "2021-07-04 11:21:56", "elapsed": 3238.505302, "delta": 0.948467}}
{"target": -7.564749872312467, "params": {"C": 22.827660286634615, "epsilon": 5.32182954899593, "gamma": 0.04183396539028913, "lamda": 0.6492880025931498}, "datetime": {"datetime": "2021-07-04 11:22:01", "elapsed": 3243.122965, "delta": 4.617663}}
{"target": -7.554567647406904, "params": {"C": 22.119348006954173, "epsilon": 6.8898191172455405, "gamma": 0.04830629063007113, "lamda": 0.37862950785582544}, "datetime": {"datetime": "2021-07-04 11:22:05", "elapsed": 3248.00791, "delta": 4.884945}}
{"target": -5.903230016907515, "params": {"C": 24.785419918704825, "epsilon": 6.520754350691699, "gamma": 0.05605794505194188, "lamda": 0.6974123696627444}, "datetime": {"datetime": "2021-07-04 11:22:12", "elapsed": 3254.554419, "delta": 6.546509}}
{"target": 0.8651672616270836, "params": {"C": 22.711824147627087, "epsilon": 6.705257607783272, "gamma": 0.04000649764787899, "lamda": 0.4959352592921955}, "datetime": {"datetime": "2021-07-04 11:22:13", "elapsed": 3255.498894, "delta": 0.944475}}
{"target": 0.8625893692717839, "params": {"C": 22.491954945329823, "epsilon": 5.1880633860422165, "gamma": 0.05835614086564889, "lamda": 0.4382623367522851}, "datetime": {"datetime": "2021-07-04 11:22:14", "elapsed": 3256.410457, "delta": 0.911563}}
{"target": 0.8648823664197035, "params": {"C": 24.07200013735959, "epsilon": 6.91833669103012, "gamma": 0.04436268440046343, "lamda": 0.6344307019541889}, "datetime": {"datetime": "2021-07-04 11:22:15", "elapsed": 3257.728934, "delta": 1.318477}}
{"target": -7.9423171354274515, "params": {"C": 23.280719885336904, "epsilon": 6.105940190313034, "gamma": 0.05056641298495526, "lamda": 0.677041906165438}, "datetime": {"datetime": "2021-07-04 11:22:20", "elapsed": 3262.388483, "delta": 4.659549}}
{"target": -7.817634551826055, "params": {"C": 24.38809959913197, "epsilon": 5.283353504706296, "gamma": 0.056239325892775506, "lamda": 0.6206379102991217}, "datetime": {"datetime": "2021-07-04 11:22:25", "elapsed": 3267.041051, "delta": 4.652568}}
{"target": 0.864670546427312, "params": {"C": 24.35587794914597, "epsilon": 5.478003977896042, "gamma": 0.05402282285567793, "lamda": 0.3681831312755925}, "datetime": {"datetime": "2021-07-04 11:22:25", "elapsed": 3267.967575, "delta": 0.926524}}
{"target": 0.8656336273655219, "params": {"C": 24.620712129477987, "epsilon": 5.779552285668146, "gamma": 0.04719487335191339, "lamda": 0.6444670528326931}, "datetime": {"datetime": "2021-07-04 11:22:26", "elapsed": 3268.962915, "delta": 0.99534}}
{"target": -7.1557642475217555, "params": {"C": 23.788682114110834, "epsilon": 6.711788349411011, "gamma": 0.04777799797559913, "lamda": 0.3442150511079511}, "datetime": {"datetime": "2021-07-04 11:22:33", "elapsed": 3275.924314, "delta": 6.961399}}
{"target": -6.543552564416465, "params": {"C": 22.25118291893175, "epsilon": 6.59862937442384, "gamma": 0.05222199572052437, "lamda": 0.5163625177801277}, "datetime": {"datetime": "2021-07-04 11:22:43", "elapsed": 3285.304251, "delta": 9.379937}}
{"target": 0.8653687134255412, "params": {"C": 23.44877335955923, "epsilon": 6.238580872275293, "gamma": 0.04659161213951907, "lamda": 0.3546877119830494}, "datetime": {"datetime": "2021-07-04 11:22:44", "elapsed": 3286.446199, "delta": 1.141948}}
{"target": 0.865217308816172, "params": {"C": 24.69977320620195, "epsilon": 6.3315072489910325, "gamma": 0.04477699260587342, "lamda": 0.6679692619757661}, "datetime": {"datetime": "2021-07-04 11:22:45", "elapsed": 3287.399651, "delta": 0.953452}}
{"target": -8.630517874498675, "params": {"C": 22.116808557519782, "epsilon": 5.577696316169037, "gamma": 0.04204409328805884, "lamda": 0.5002124607829914}, "datetime": {"datetime": "2021-07-04 11:22:51", "elapsed": 3293.281934, "delta": 5.882283}}
{"target": -6.697048464915112, "params": {"C": 22.636224119109208, "epsilon": 6.0366174630085805, "gamma": 0.05716095267817671, "lamda": 0.39097253525109044}, "datetime": {"datetime": "2021-07-04 11:22:58", "elapsed": 3300.054836, "delta": 6.772902}}
{"target": -6.630296192092796, "params": {"C": 23.402805123053458, "epsilon": 6.142686843161285, "gamma": 0.05644163858929631, "lamda": 0.336964884303083}, "datetime": {"datetime": "2021-07-04 11:23:04", "elapsed": 3306.744958, "delta": 6.690122}}
{"target": -7.694342388922301, "params": {"C": 22.83962673051758, "epsilon": 6.963913890531326, "gamma": 0.05308294528705283, "lamda": 0.5256396627561875}, "datetime": {"datetime": "2021-07-04 11:23:11", "elapsed": 3313.631557, "delta": 6.886599}}
{"target": 0.8655387132151856, "params": {"C": 23.436706505384933, "epsilon": 6.142451467821111, "gamma": 0.048161625308207424, "lamda": 0.4165227008923031}, "datetime": {"datetime": "2021-07-04 11:23:12", "elapsed": 3314.599969, "delta": 0.968412}}
{"target": 0.8636696894697259, "params": {"C": 23.677336719530746, "epsilon": 5.023540540068364, "gamma": 0.056442082397987994, "lamda": 0.6230512343410934}, "datetime": {"datetime": "2021-07-04 11:23:14", "elapsed": 3316.82602, "delta": 2.226051}}
{"target": -7.231399467495189, "params": {"C": 22.97317004854075, "epsilon": 5.8414602670259494, "gamma": 0.0523058362793491, "lamda": 0.3792293381076811}, "datetime": {"datetime": "2021-07-04 11:23:22", "elapsed": 3324.692004, "delta": 7.865984}}
{"target": -8.305815438218534, "params": {"C": 22.78275555828631, "epsilon": 6.581965209461517, "gamma": 0.04954003879726047, "lamda": 0.6267850322075699}, "datetime": {"datetime": "2021-07-04 11:23:27", "elapsed": 3329.589914, "delta": 4.89791}}
{"target": -8.081931525573577, "params": {"C": 24.698478845689543, "epsilon": 5.767490626879071, "gamma": 0.04855306280331664, "lamda": 0.4207329344879508}, "datetime": {"datetime": "2021-07-04 11:23:32", "elapsed": 3334.225527, "delta": 4.635613}}
{"target": -8.721662473154746, "params": {"C": 22.279976046529082, "epsilon": 6.496820290989819, "gamma": 0.04722246321056623, "lamda": 0.6353281557951078}, "datetime": {"datetime": "2021-07-04 11:23:37", "elapsed": 3339.164331, "delta": 4.938804}}
{"target": 0.8649398177202169, "params": {"C": 22.885346370904415, "epsilon": 6.537950437471043, "gamma": 0.041579219509662584, "lamda": 0.37634945749636417}, "datetime": {"datetime": "2021-07-04 11:23:38", "elapsed": 3340.330216, "delta": 1.165885}}
{"target": -6.802477014740188, "params": {"C": 22.85703820034039, "epsilon": 6.862985020131335, "gamma": 0.056196754530679655, "lamda": 0.6017234468508073}, "datetime": {"datetime": "2021-07-04 11:23:47", "elapsed": 3349.883745, "delta": 9.553529}}
{"target": -6.803297113045732, "params": {"C": 22.052931054127313, "epsilon": 6.033911561397912, "gamma": 0.04783119905184584, "lamda": 0.6326683259775742}, "datetime": {"datetime": "2021-07-04 11:23:59", "elapsed": 3361.47319, "delta": 11.589445}}
{"target": 0.8649131048323138, "params": {"C": 22.095974251224597, "epsilon": 5.70418556588461, "gamma": 0.04534557097756591, "lamda": 0.3765650329146555}, "datetime": {"datetime": "2021-07-04 11:24:01", "elapsed": 3363.338356, "delta": 1.865166}}
{"target": 0.8649805697637543, "params": {"C": 23.097599376973303, "epsilon": 5.737780347369029, "gamma": 0.04348991818090221, "lamda": 0.6243082275493856}, "datetime": {"datetime": "2021-07-04 11:24:02", "elapsed": 3364.744457, "delta": 1.406101}}
{"target": 0.863232190279962, "params": {"C": 24.28247977085828, "epsilon": 6.337434347276519, "gamma": 0.05792281134021769, "lamda": 0.6349928579619849}, "datetime": {"datetime": "2021-07-04 11:24:04", "elapsed": 3366.693247, "delta": 1.94879}}
{"target": -6.128774455898996, "params": {"C": 22.797774458031142, "epsilon": 6.633725059549602, "gamma": 0.05692470067960698, "lamda": 0.5911094485198604}, "datetime": {"datetime": "2021-07-04 11:24:18", "elapsed": 3380.110489, "delta": 13.417242}}
{"target": -4.518092168314134, "params": {"C": 22.26331352568928, "epsilon": 5.675434864606261, "gamma": 0.041529670163381716, "lamda": 0.5433389020341445}, "datetime": {"datetime": "2021-07-04 11:24:26", "elapsed": 3388.069025, "delta": 7.958536}}
{"target": -6.91563641614231, "params": {"C": 23.29341500210469, "epsilon": 6.85102659588858, "gamma": 0.05253983172240373, "lamda": 0.34070624525299653}, "datetime": {"datetime": "2021-07-04 11:25:05", "elapsed": 3427.159856, "delta": 39.090831}}
