{"target": 0.523542369170769, "params": {"C": 34.815697594844934, "epsilon": 6.56091870231427, "gamma": 0.45640410098286466, "lamda": 0.6166054300030014}, "datetime": {"datetime": "2021-07-03 16:40:44", "elapsed": 1051.809655, "delta": 1.355876}}
{"target": 0.6613873594666235, "params": {"C": 34.89678860299149, "epsilon": 8.013348220763334, "gamma": 0.25767712055843806, "lamda": 0.5191140482369077}, "datetime": {"datetime": "2021-07-03 16:40:45", "elapsed": 1053.098234, "delta": 1.288579}}
{"target": 0.4551891594609876, "params": {"C": 32.61764569174874, "epsilon": 7.665920088020956, "gamma": 0.6129222518421584, "lamda": 0.15581855337009853}, "datetime": {"datetime": "2021-07-03 16:40:48", "elapsed": 1056.356087, "delta": 3.257853}}
{"target": 0.39678074313165246, "params": {"C": 34.674854657518786, "epsilon": 6.8734710468860545, "gamma": 0.7827267706750816, "lamda": 0.9544871017678198}, "datetime": {"datetime": "2021-07-03 16:40:52", "elapsed": 1059.434336, "delta": 3.078249}}
{"target": 0.4317788529521648, "params": {"C": 35.24444088237244, "epsilon": 6.8811733299323805, "gamma": 0.6702540320648893, "lamda": 0.5286323018500253}, "datetime": {"datetime": "2021-07-03 16:40:56", "elapsed": 1064.231164, "delta": 4.796828}}
{"target": 0.36297836729825395, "params": {"C": 37.15878503768417, "epsilon": 7.019607938183568, "gamma": 0.9, "lamda": 0.439276926649545}, "datetime": {"datetime": "2021-07-03 16:40:59", "elapsed": 1067.339862, "delta": 3.108698}}
{"target": 0.555531574159702, "params": {"C": 51.718347184048554, "epsilon": 8.583445772012555, "gamma": 0.39861733384800774, "lamda": 0.41867617562820336}, "datetime": {"datetime": "2021-07-03 16:41:02", "elapsed": 1069.539432, "delta": 2.19957}}
{"target": 0.5361768046329718, "params": {"C": 45.320168870144535, "epsilon": 4.532575769635688, "gamma": 0.4289266855003046, "lamda": 0.8096552531610703}, "datetime": {"datetime": "2021-07-03 16:41:03", "elapsed": 1071.204296, "delta": 1.664864}}
{"target": 0.49724116507761495, "params": {"C": 34.76073834505276, "epsilon": 7.099777835751544, "gamma": 0.5145998781224131, "lamda": 0.5403900431337361}, "datetime": {"datetime": "2021-07-03 16:41:07", "elapsed": 1075.089094, "delta": 3.884798}}
{"target": 0.49680393419247304, "params": {"C": 58.99596426988375, "epsilon": 7.586757327111886, "gamma": 0.5107195768692367, "lamda": 0.3177720041571236}, "datetime": {"datetime": "2021-07-03 16:41:13", "elapsed": 1080.53469, "delta": 5.445596}}
{"target": 0.5499350043382132, "params": {"C": 35.10706119002472, "epsilon": 8.24399521490866, "gamma": 0.4101998384432579, "lamda": 0.8966412683355122}, "datetime": {"datetime": "2021-07-03 16:41:17", "elapsed": 1084.720206, "delta": 4.185516}}
{"target": 0.4201254579507744, "params": {"C": 36.82428994312416, "epsilon": 4.855994392551934, "gamma": 0.694125597747285, "lamda": 0.998255654036469}, "datetime": {"datetime": "2021-07-03 16:41:21", "elapsed": 1089.178635, "delta": 4.458429}}
{"target": 0.6222022955774917, "params": {"C": 34.230891418478755, "epsilon": 5.653827964905513, "gamma": 0.3037985416964271, "lamda": 0.7240343962343054}, "datetime": {"datetime": "2021-07-03 16:41:29", "elapsed": 1096.565456, "delta": 7.386821}}
{"target": 0.5414275862761764, "params": {"C": 30.985126516434033, "epsilon": 3.509182407603796, "gamma": 0.42065442299421435, "lamda": 0.4504204412329859}, "datetime": {"datetime": "2021-07-03 16:41:33", "elapsed": 1100.515886, "delta": 3.95043}}
{"target": 0.5095381420956198, "params": {"C": 38.209320913029444, "epsilon": 3.06713181965227, "gamma": 0.47774455673814203, "lamda": 0.1}, "datetime": {"datetime": "2021-07-03 16:41:37", "elapsed": 1104.49952, "delta": 3.983634}}
{"target": 0.37325266203694385, "params": {"C": 38.050023350156806, "epsilon": 2.3564811282321605, "gamma": 0.8269536282359561, "lamda": 0.13813318988800025}, "datetime": {"datetime": "2021-07-03 16:41:44", "elapsed": 1111.941505, "delta": 7.441985}}
{"target": 0.5879407776922101, "params": {"C": 57.61178112374282, "epsilon": 2.1405832181762756, "gamma": 0.3407897300476891, "lamda": 0.8364689000794266}, "datetime": {"datetime": "2021-07-03 16:41:46", "elapsed": 1114.300207, "delta": 2.358702}}
{"target": 0.3638756758294146, "params": {"C": 37.29188741889853, "epsilon": 3.074043758484607, "gamma": 0.868414326967915, "lamda": 0.5341393226469251}, "datetime": {"datetime": "2021-07-03 16:41:59", "elapsed": 1127.088237, "delta": 12.78803}}
{"target": 0.8186347430117953, "params": {"C": 55.48667093913777, "epsilon": 9.769082877134377, "gamma": 0.11153560221193096, "lamda": 0.2838958760170637}, "datetime": {"datetime": "2021-07-03 16:42:01", "elapsed": 1128.909601, "delta": 1.821364}}
{"target": 0.5722582520175563, "params": {"C": 42.86322522606476, "epsilon": 4.308224832339894, "gamma": 0.36906374607826903, "lamda": 0.44143120101724165}, "datetime": {"datetime": "2021-07-03 16:42:03", "elapsed": 1131.088369, "delta": 2.178768}}
{"target": 0.7233474379746279, "params": {"C": 32.40081770537848, "epsilon": 7.724586805765551, "gamma": 0.19436059124788602, "lamda": 0.11155731287476807}, "datetime": {"datetime": "2021-07-03 16:42:09", "elapsed": 1137.028829, "delta": 5.94046}}
{"target": -2.9261652868807557, "params": {"C": 56.933476405065846, "epsilon": 5.795661734648161, "gamma": 0.10810849525755137, "lamda": 0.2929802495164977}, "datetime": {"datetime": "2021-07-03 16:42:23", "elapsed": 1150.560366, "delta": 13.531537}}
{"target": 0.8148223463943527, "params": {"C": 37.70777545790334, "epsilon": 7.3586465728771895, "gamma": 0.11365562312860204, "lamda": 0.1}, "datetime": {"datetime": "2021-07-03 16:42:25", "elapsed": 1152.796701, "delta": 2.236335}}
{"target": 0.38877862377025996, "params": {"C": 37.290882331405754, "epsilon": 2.442402533743598, "gamma": 0.7777415512490659, "lamda": 0.32137512755771547}, "datetime": {"datetime": "2021-07-03 16:42:29", "elapsed": 1156.538414, "delta": 3.741713}}
{"target": 0.3856026376120695, "params": {"C": 54.62315163305493, "epsilon": 2.152293881963114, "gamma": 0.7814195799283452, "lamda": 0.24193811474746266}, "datetime": {"datetime": "2021-07-03 16:42:31", "elapsed": 1158.528411, "delta": 1.989997}}
{"target": 0.3658889840565738, "params": {"C": 35.31643435580634, "epsilon": 6.488271616915782, "gamma": 0.8864666301342119, "lamda": 0.9497706583702907}, "datetime": {"datetime": "2021-07-03 16:42:36", "elapsed": 1163.679224, "delta": 5.150813}}
{"target": 0.5071004242742689, "params": {"C": 43.36766938047233, "epsilon": 4.344536035668414, "gamma": 0.4838213986306707, "lamda": 0.7046822725436397}, "datetime": {"datetime": "2021-07-03 16:42:37", "elapsed": 1165.132336, "delta": 1.453112}}
{"target": 0.4926797076058913, "params": {"C": 58.453511170537745, "epsilon": 7.407570761613992, "gamma": 0.5213779243305087, "lamda": 0.4813559026500023}, "datetime": {"datetime": "2021-07-03 16:42:40", "elapsed": 1168.015747, "delta": 2.883411}}
{"target": 0.3686031970848186, "params": {"C": 50.71800457391491, "epsilon": 6.98470545054312, "gamma": 0.8761028455658647, "lamda": 0.27134256923600053}, "datetime": {"datetime": "2021-07-03 16:42:42", "elapsed": 1170.124671, "delta": 2.108924}}
{"target": 0.46378677386334743, "params": {"C": 49.963588193142115, "epsilon": 2.199038025907447, "gamma": 0.570676598456682, "lamda": 0.6266836839683956}, "datetime": {"datetime": "2021-07-03 16:42:44", "elapsed": 1171.838577, "delta": 1.713906}}
{"target": 0.5446357074057943, "params": {"C": 37.98801927361505, "epsilon": 2.623156513944446, "gamma": 0.4115943657837214, "lamda": 0.27273434366295235}, "datetime": {"datetime": "2021-07-03 16:42:45", "elapsed": 1173.317913, "delta": 1.479336}}
{"target": -2.392225203564624, "params": {"C": 34.9813938271163, "epsilon": 8.617187894080097, "gamma": 0.17493308950563802, "lamda": 0.5731133544914344}, "datetime": {"datetime": "2021-07-03 16:43:12", "elapsed": 1200.16998, "delta": 26.852067}}
{"target": 0.4547198529251607, "params": {"C": 35.06731474908345, "epsilon": 8.045980284412002, "gamma": 0.6140471455383626, "lamda": 0.13612825932192532}, "datetime": {"datetime": "2021-07-03 16:43:15", "elapsed": 1202.64343, "delta": 2.47345}}
{"target": 0.8446670402704298, "params": {"C": 34.73037123438163, "epsilon": 5.210301838677071, "gamma": 0.08481510658698604, "lamda": 0.41154773863823224}, "datetime": {"datetime": "2021-07-03 16:43:18", "elapsed": 1205.878104, "delta": 3.234674}}
{"target": 0.6793639793123565, "params": {"C": 58.56082215159688, "epsilon": 7.949323188462576, "gamma": 0.23042390272570945, "lamda": 0.3090454505598708}, "datetime": {"datetime": "2021-07-03 16:43:21", "elapsed": 1209.270693, "delta": 3.392589}}
{"target": 0.49532206300154424, "params": {"C": 58.41788389818421, "epsilon": 8.015067769557717, "gamma": 0.5156944296018332, "lamda": 0.7093274201626556}, "datetime": {"datetime": "2021-07-03 16:43:25", "elapsed": 1212.889495, "delta": 3.618802}}
{"target": 0.5400068030678977, "params": {"C": 37.586274346416026, "epsilon": 6.141342048926195, "gamma": 0.42496209754845665, "lamda": 0.7961354161354057}, "datetime": {"datetime": "2021-07-03 16:43:27", "elapsed": 1214.680723, "delta": 1.791228}}
{"target": 0.535241376752967, "params": {"C": 58.976351631717385, "epsilon": 8.158488844821782, "gamma": 0.43360206310522154, "lamda": 0.5442951591326051}, "datetime": {"datetime": "2021-07-03 16:43:30", "elapsed": 1218.201223, "delta": 3.5205}}
{"target": 0.5263525411296961, "params": {"C": 37.95661699488791, "epsilon": 7.740918448610272, "gamma": 0.4519362514884439, "lamda": 0.1639180125518606}, "datetime": {"datetime": "2021-07-03 16:43:33", "elapsed": 1221.154345, "delta": 2.953122}}
{"target": 0.46629921910478855, "params": {"C": 33.78150505669164, "epsilon": 5.285877571080363, "gamma": 0.5805176316295031, "lamda": 0.6792538255490552}, "datetime": {"datetime": "2021-07-03 16:43:36", "elapsed": 1223.960756, "delta": 2.806411}}
{"target": 0.507152026821226, "params": {"C": 36.807269570452625, "epsilon": 2.003003591084824, "gamma": 0.47936347280901087, "lamda": 0.24428853153501157}, "datetime": {"datetime": "2021-07-03 16:43:38", "elapsed": 1226.011805, "delta": 2.051049}}
{"target": 0.4621689071219859, "params": {"C": 36.589432632559394, "epsilon": 3.9286258110676924, "gamma": 0.584724404036041, "lamda": 0.9995780836822182}, "datetime": {"datetime": "2021-07-03 16:43:40", "elapsed": 1228.011073, "delta": 1.999268}}
{"target": -2.3885493873961785, "params": {"C": 54.67832621743109, "epsilon": 7.219179568125417, "gamma": 0.17236140182821014, "lamda": 0.9628928837358369}, "datetime": {"datetime": "2021-07-03 16:44:03", "elapsed": 1250.466253, "delta": 22.45518}}
{"target": 0.4579494277114595, "params": {"C": 51.12712621663593, "epsilon": 7.8255256050626185, "gamma": 0.6032354366432132, "lamda": 0.5386517881235745}, "datetime": {"datetime": "2021-07-03 16:44:05", "elapsed": 1252.495899, "delta": 2.029646}}
{"target": -5.129122153006817, "params": {"C": 58.23209835001012, "epsilon": 7.671596668481356, "gamma": 0.05, "lamda": 0.6386785166150052}, "datetime": {"datetime": "2021-07-03 16:44:25", "elapsed": 1273.241664, "delta": 20.745765}}
{"target": 0.4200235068251069, "params": {"C": 58.77455752457756, "epsilon": 7.773347027102603, "gamma": 0.7051850700419561, "lamda": 0.9054745299395671}, "datetime": {"datetime": "2021-07-03 16:44:29", "elapsed": 1276.564031, "delta": 3.322367}}
{"target": 0.4884071365171345, "params": {"C": 58.691414372487216, "epsilon": 8.028288119155306, "gamma": 0.5321232804593249, "lamda": 0.1159913354940476}, "datetime": {"datetime": "2021-07-03 16:44:31", "elapsed": 1278.722826, "delta": 2.158795}}
{"target": 0.45491147134583365, "params": {"C": 58.48334986644022, "epsilon": 8.51342676089265, "gamma": 0.6118882289528732, "lamda": 0.36257378765037984}, "datetime": {"datetime": "2021-07-03 16:44:33", "elapsed": 1280.881984, "delta": 2.159158}}
{"target": 0.44797534330855615, "params": {"C": 37.43024821074037, "epsilon": 1.8574124898843622, "gamma": 0.6077699543633953, "lamda": 0.17459896983715578}, "datetime": {"datetime": "2021-07-03 16:44:35", "elapsed": 1282.884154, "delta": 2.00217}}
{"target": 0.4362078062226975, "params": {"C": 34.71771600997619, "epsilon": 7.931673107521603, "gamma": 0.6616403116249796, "lamda": 0.9364631134605578}, "datetime": {"datetime": "2021-07-03 16:44:37", "elapsed": 1284.765247, "delta": 1.881093}}
{"target": 0.46031620992091093, "params": {"C": 34.182178907482545, "epsilon": 4.974570939285261, "gamma": 0.5931003506574726, "lamda": 0.459149453118194}, "datetime": {"datetime": "2021-07-03 16:44:38", "elapsed": 1286.060183, "delta": 1.294936}}
{"target": 0.5728512673563746, "params": {"C": 57.73617289869442, "epsilon": 2.526743240074223, "gamma": 0.3640095908700812, "lamda": 0.5602508957727512}, "datetime": {"datetime": "2021-07-03 16:44:39", "elapsed": 1287.344831, "delta": 1.284648}}
{"target": 0.38639466399595723, "params": {"C": 58.7609410823606, "epsilon": 6.994252029228662, "gamma": 0.809315096383579, "lamda": 0.33645404373316024}, "datetime": {"datetime": "2021-07-03 16:44:43", "elapsed": 1290.72153, "delta": 3.376699}}
{"target": 0.45837955126379903, "params": {"C": 43.23245360926413, "epsilon": 4.635154959523928, "gamma": 0.5932262204857439, "lamda": 0.17643611793574426}, "datetime": {"datetime": "2021-07-03 16:44:47", "elapsed": 1294.89737, "delta": 4.17584}}
{"target": 0.36974367847239165, "params": {"C": 35.35172477028907, "epsilon": 4.837631927742644, "gamma": 0.8621652375761152, "lamda": 0.4413796403263932}, "datetime": {"datetime": "2021-07-03 16:44:48", "elapsed": 1296.396074, "delta": 1.498704}}
{"target": 0.4505048842705479, "params": {"C": 36.837251568217205, "epsilon": 2.6793826498357927, "gamma": 0.6057431256272043, "lamda": 0.10596557114353489}, "datetime": {"datetime": "2021-07-03 16:44:51", "elapsed": 1299.191275, "delta": 2.795201}}
{"target": 0.48142631366270106, "params": {"C": 43.13572530915528, "epsilon": 3.942023925380653, "gamma": 0.5402471387548824, "lamda": 0.11215225589817528}, "datetime": {"datetime": "2021-07-03 16:44:54", "elapsed": 1301.618813, "delta": 2.427538}}
{"target": -7.36561351405234, "params": {"C": 59.7713394947726, "epsilon": 7.340906166000915, "gamma": 0.05, "lamda": 0.1}, "datetime": {"datetime": "2021-07-03 16:45:07", "elapsed": 1314.419988, "delta": 12.801175}}
{"target": 0.46033770631672866, "params": {"C": 59.60697373423719, "epsilon": 6.54510169796706, "gamma": 0.5928956347845433, "lamda": 0.168177034086272}, "datetime": {"datetime": "2021-07-03 16:45:09", "elapsed": 1316.797408, "delta": 2.37742}}
{"target": 0.4184293982794475, "params": {"C": 41.58558994719486, "epsilon": 1.2544094335597293, "gamma": 0.6788087255813812, "lamda": 0.4743986288967089}, "datetime": {"datetime": "2021-07-03 16:45:10", "elapsed": 1318.252462, "delta": 1.455054}}
{"target": 0.375928184824907, "params": {"C": 59.968038227627446, "epsilon": 6.9356350721419595, "gamma": 0.8455994806333392, "lamda": 0.2502560247290223}, "datetime": {"datetime": "2021-07-03 16:45:13", "elapsed": 1320.87328, "delta": 2.620818}}
{"target": 0.7129486404200307, "params": {"C": 59.957517734136566, "epsilon": 6.45672546739935, "gamma": 0.1982702129982235, "lamda": 0.1}, "datetime": {"datetime": "2021-07-03 16:45:16", "elapsed": 1323.818414, "delta": 2.945134}}
{"target": -1.743014198502605, "params": {"C": 50.71887236205294, "epsilon": 4.499050937817327, "gamma": 0.16092812777060597, "lamda": 0.576551275823959}, "datetime": {"datetime": "2021-07-03 16:45:29", "elapsed": 1337.304969, "delta": 13.486555}}
{"target": 0.38953260034461545, "params": {"C": 59.382624710091655, "epsilon": 7.04128350108581, "gamma": 0.7955054058165475, "lamda": 0.1}, "datetime": {"datetime": "2021-07-03 16:45:32", "elapsed": 1340.029746, "delta": 2.724777}}
{"target": 0.5778883013452616, "params": {"C": 55.67275343090329, "epsilon": 2.2257173811415893, "gamma": 0.3560926811255169, "lamda": 0.2368619406736348}, "datetime": {"datetime": "2021-07-03 16:45:34", "elapsed": 1341.751823, "delta": 1.722077}}
{"target": 0.7322169422642766, "params": {"C": 34.4978778226111, "epsilon": 5.205609993049634, "gamma": 0.18571913919520677, "lamda": 0.8760508792131556}, "datetime": {"datetime": "2021-07-03 16:45:38", "elapsed": 1345.560577, "delta": 3.808754}}
{"target": 0.36960951749528437, "params": {"C": 37.0426015390655, "epsilon": 1.6163730120425317, "gamma": 0.8334844299364773, "lamda": 0.3994401205450805}, "datetime": {"datetime": "2021-07-03 16:45:40", "elapsed": 1348.344879, "delta": 2.784302}}
{"target": 0.4493263218842639, "params": {"C": 56.087573394739934, "epsilon": 8.541993017275418, "gamma": 0.6272490387638362, "lamda": 0.3539459358782112}, "datetime": {"datetime": "2021-07-03 16:45:42", "elapsed": 1350.323753, "delta": 1.978874}}
{"target": -3.275454083980712, "params": {"C": 43.36429378115233, "epsilon": 4.308591749130348, "gamma": 0.08765965076846904, "lamda": 0.23895539496732862}, "datetime": {"datetime": "2021-07-03 16:46:00", "elapsed": 1367.75666, "delta": 17.432907}}
{"target": 0.5516752316675406, "params": {"C": 56.898478719460776, "epsilon": 9.482289807752666, "gamma": 0.40613017025675885, "lamda": 0.10803732900537634}, "datetime": {"datetime": "2021-07-03 16:46:02", "elapsed": 1369.736802, "delta": 1.980142}}
{"target": 0.5802203619819666, "params": {"C": 42.34563634792096, "epsilon": 4.138673031090175, "gamma": 0.356825157240538, "lamda": 0.23475405923073456}, "datetime": {"datetime": "2021-07-03 16:46:05", "elapsed": 1372.965739, "delta": 3.228937}}
{"target": -2.5982800011834706, "params": {"C": 58.74215529589488, "epsilon": 8.398240978916702, "gamma": 0.09262900324006501, "lamda": 0.19769739265061792}, "datetime": {"datetime": "2021-07-03 16:46:19", "elapsed": 1386.752916, "delta": 13.787177}}
{"target": 0.3863468233843175, "params": {"C": 58.694954024465915, "epsilon": 8.368343997675954, "gamma": 0.8159828677312879, "lamda": 0.8167202995813372}, "datetime": {"datetime": "2021-07-03 16:46:22", "elapsed": 1389.738028, "delta": 2.985112}}
{"target": -8.871816956709306, "params": {"C": 37.11824147627087, "epsilon": 8.673659235024726, "gamma": 0.05027615003485704, "lamda": 0.5408543334074399}, "datetime": {"datetime": "2021-07-03 16:46:33", "elapsed": 1401.303964, "delta": 11.565936}}
{"target": 0.635154136955653, "params": {"C": 56.01593629634372, "epsilon": 9.494261478759713, "gamma": 0.28105483269338655, "lamda": 0.23997013010166532}, "datetime": {"datetime": "2021-07-03 16:46:36", "elapsed": 1404.28704, "delta": 2.983076}}
{"target": -2.266110583989406, "params": {"C": 50.720001373595906, "epsilon": 9.632515109635543, "gamma": 0.23541408701969585, "lamda": 0.8524690793969253}, "datetime": {"datetime": "2021-07-03 16:46:55", "elapsed": 1422.701664, "delta": 18.414624}}
{"target": 0.5022195538047493, "params": {"C": 42.80719885336903, "epsilon": 5.976730856408655, "gamma": 0.49907255186059846, "lamda": 0.9483442888722357}, "datetime": {"datetime": "2021-07-03 16:46:56", "elapsed": 1424.391995, "delta": 1.690331}}
{"target": 0.5698490931899447, "params": {"C": 55.89317646881317, "epsilon": 9.930687804587336, "gamma": 0.3755893203897602, "lamda": 0.6767139754342274}, "datetime": {"datetime": "2021-07-03 16:46:59", "elapsed": 1427.172709, "delta": 2.780714}}
{"target": 0.43482816569944716, "params": {"C": 53.55877949145972, "epsilon": 3.1510179005321883, "gamma": 0.6459699713663121, "lamda": 0.2534120453700831}, "datetime": {"datetime": "2021-07-03 16:47:01", "elapsed": 1428.80075, "delta": 1.628041}}
{"target": 0.5797437670863017, "params": {"C": 56.20712129477985, "epsilon": 4.507985285506657, "gamma": 0.3557821174563192, "lamda": 0.8750508688735597}, "datetime": {"datetime": "2021-07-03 16:47:03", "elapsed": 1430.685586, "delta": 1.884836}}
{"target": 0.5667412293748331, "params": {"C": 47.88682114110835, "epsilon": 8.703047572349547, "gamma": 0.38056491396296305, "lamda": 0.19948386499288998}, "datetime": {"datetime": "2021-07-03 16:47:05", "elapsed": 1432.538411, "delta": 1.852825}}
{"target": -7.005059802658554, "params": {"C": 59.43987579369885, "epsilon": 6.396228213528814, "gamma": 0.05, "lamda": 0.1}, "datetime": {"datetime": "2021-07-03 16:47:24", "elapsed": 1452.373827, "delta": 19.835416}}
{"target": 0.598801979349493, "params": {"C": 44.48773359559228, "epsilon": 6.573613925238819, "gamma": 0.3301435159295604, "lamda": 0.2230473519618611}, "datetime": {"datetime": "2021-07-03 16:47:26", "elapsed": 1453.977003, "delta": 1.603176}}
{"target": 0.47736643884581664, "params": {"C": 55.35337489575711, "epsilon": 9.459189822828355, "gamma": 0.5582907413711149, "lamda": 0.3099574531299444}, "datetime": {"datetime": "2021-07-03 16:47:29", "elapsed": 1457.060322, "delta": 3.083319}}
{"target": 0.5363342674413218, "params": {"C": 59.90483902182028, "epsilon": 6.758351371083136, "gamma": 0.430089931309915, "lamda": 0.3050399098313265}, "datetime": {"datetime": "2021-07-03 16:47:32", "elapsed": 1460.075761, "delta": 3.015439}}
{"target": -4.717600632051624, "params": {"C": 55.57497493657581, "epsilon": 9.388105825538556, "gamma": 0.1034582174837725, "lamda": 0.6654273531355972}, "datetime": {"datetime": "2021-07-03 16:47:48", "elapsed": 1475.783182, "delta": 15.707421}}
{"target": 0.4038920318864001, "params": {"C": 44.02805123053457, "epsilon": 6.142090794225783, "gamma": 0.7487696400450932, "lamda": 0.1831709896819368}, "datetime": {"datetime": "2021-07-03 16:47:49", "elapsed": 1477.300257, "delta": 1.517075}}
{"target": 0.4999053640373192, "params": {"C": 55.24598375318214, "epsilon": 9.971831524896492, "gamma": 0.5079536296415713, "lamda": 0.34544429817445466}, "datetime": {"datetime": "2021-07-03 16:47:52", "elapsed": 1480.312387, "delta": 3.01213}}
{"target": 0.5125311343270171, "params": {"C": 56.27885114508152, "epsilon": 9.827403636315513, "gamma": 0.480015659558207, "lamda": 0.38699466964296425}, "datetime": {"datetime": "2021-07-03 16:47:55", "elapsed": 1483.207735, "delta": 2.895348}}
