{"target": 0.865199771393161, "params": {"C": 23.483332591368246, "epsilon": 6.010333368160588, "gamma": 0.04607268150716323, "lamda": 0.5664775786139268}, "datetime": {"datetime": "2021-07-04 11:25:09", "elapsed": 3431.438285, "delta": 4.278429}}
{"target": 0.8651260472658752, "params": {"C": 22.92950171962141, "epsilon": 6.6481314135797716, "gamma": 0.04662238466755111, "lamda": 0.449924448858539}, "datetime": {"datetime": "2021-07-04 11:25:11", "elapsed": 3433.249054, "delta": 1.810769}}
{"target": 0.8649625838388633, "params": {"C": 23.052422599062684, "epsilon": 6.856138280346888, "gamma": 0.04041013398572017, "lamda": 0.3934305482877807}, "datetime": {"datetime": "2021-07-04 11:25:12", "elapsed": 3434.974389, "delta": 1.725335}}
{"target": -7.775844527933009, "params": {"C": 22.187941707967607, "epsilon": 5.030661919142155, "gamma": 0.04755783187484956, "lamda": 0.5149889384272589}, "datetime": {"datetime": "2021-07-04 11:25:23", "elapsed": 3445.120105, "delta": 10.145716}}
{"target": 0.8651531420075119, "params": {"C": 24.127902961442487, "epsilon": 6.144485982314351, "gamma": 0.04236530797143437, "lamda": 0.44026561953257504}, "datetime": {"datetime": "2021-07-04 11:25:24", "elapsed": 3446.959737, "delta": 1.839632}}
{"target": -7.475847261370811, "params": {"C": 24.162706293423362, "epsilon": 5.571848608572067, "gamma": 0.05284455112830508, "lamda": 0.3692666848313714}, "datetime": {"datetime": "2021-07-04 11:25:39", "elapsed": 3461.626565, "delta": 14.666828}}
{"target": -7.774264401125304, "params": {"C": 22.024587871462355, "epsilon": 6.277306981471318, "gamma": 0.047615041023355606, "lamda": 0.49146269775959067}, "datetime": {"datetime": "2021-07-04 11:25:51", "elapsed": 3473.520387, "delta": 11.893822}}
{"target": -7.427058315246748, "params": {"C": 24.240213326046213, "epsilon": 6.0966152809216405, "gamma": 0.05026466450746908, "lamda": 0.45275807256900075}, "datetime": {"datetime": "2021-07-04 11:26:08", "elapsed": 3490.37618, "delta": 16.855793}}
{"target": 0.8652028415074262, "params": {"C": 24.607701160231944, "epsilon": 5.800864703876918, "gamma": 0.04350899911762179, "lamda": 0.5249485110536045}, "datetime": {"datetime": "2021-07-04 11:26:10", "elapsed": 3492.976338, "delta": 2.600158}}
{"target": -7.400835922742608, "params": {"C": 22.25713574442838, "epsilon": 5.403429502448803, "gamma": 0.044806804680401074, "lamda": 0.4021898560219672}, "datetime": {"datetime": "2021-07-04 11:26:26", "elapsed": 3508.237187, "delta": 15.260849}}
{"target": 0.8647135124876946, "params": {"C": 23.092872086033093, "epsilon": 5.219293805460989, "gamma": 0.045557847467587294, "lamda": 0.5414728970115699}, "datetime": {"datetime": "2021-07-04 11:26:28", "elapsed": 3510.364756, "delta": 2.127569}}
{"target": 0.8645487627580744, "params": {"C": 22.165149142048723, "epsilon": 6.880283410044296, "gamma": 0.042131611944037986, "lamda": 0.44480586651527027}, "datetime": {"datetime": "2021-07-04 11:26:31", "elapsed": 3513.131228, "delta": 2.766472}}
{"target": -7.61543105271641, "params": {"C": 24.871982136841286, "epsilon": 6.199994945797953, "gamma": 0.04497502559568583, "lamda": 0.634963645325847}, "datetime": {"datetime": "2021-07-04 11:26:45", "elapsed": 3527.89557, "delta": 14.764342}}
{"target": -7.300302589204852, "params": {"C": 22.587127467782143, "epsilon": 6.278128317849164, "gamma": 0.05021297791589754, "lamda": 0.48418824748673983}, "datetime": {"datetime": "2021-07-04 11:27:38", "elapsed": 3580.262558, "delta": 52.366988}}
{"target": 0.865426153988722, "params": {"C": 23.598132875464696, "epsilon": 6.824468693085826, "gamma": 0.05042503514792089, "lamda": 0.40305078852917564}, "datetime": {"datetime": "2021-07-04 11:27:43", "elapsed": 3585.14402, "delta": 4.881462}}
{"target": 0.8654628102264523, "params": {"C": 24.804890265205714, "epsilon": 5.994736613373221, "gamma": 0.04114076590113105, "lamda": 0.4261765459864316}, "datetime": {"datetime": "2021-07-04 11:27:48", "elapsed": 3590.425666, "delta": 5.281646}}
{"target": -7.2663569964534, "params": {"C": 23.628388912424622, "epsilon": 6.099239506481571, "gamma": 0.04942814244597304, "lamda": 0.5992615322810465}, "datetime": {"datetime": "2021-07-04 11:28:34", "elapsed": 3636.659616, "delta": 46.23395}}
{"target": 0.8637459822155711, "params": {"C": 24.736257442893553, "epsilon": 5.286974471497281, "gamma": 0.05693263105378117, "lamda": 0.5298314913257447}, "datetime": {"datetime": "2021-07-04 11:28:38", "elapsed": 3640.073223, "delta": 3.413607}}
{"target": 0.86321782436299, "params": {"C": 24.802403230463696, "epsilon": 5.005442519906373, "gamma": 0.05799703565297874, "lamda": 0.4455266879214638}, "datetime": {"datetime": "2021-07-04 11:28:40", "elapsed": 3642.558941, "delta": 2.485718}}
{"target": -7.464777346070186, "params": {"C": 23.344012831700052, "epsilon": 6.58147410560623, "gamma": 0.05563644770845046, "lamda": 0.44392028495884506}, "datetime": {"datetime": "2021-07-04 11:29:26", "elapsed": 3688.656867, "delta": 46.097926}}
{"target": -7.355967498776231, "params": {"C": 23.604260907205006, "epsilon": 6.120556359252875, "gamma": 0.0474828175643616, "lamda": 0.41175020895532}, "datetime": {"datetime": "2021-07-04 11:29:48", "elapsed": 3710.369683, "delta": 21.712816}}
{"target": -6.593608330281426, "params": {"C": 24.037943849021328, "epsilon": 5.75330267713946, "gamma": 0.05071683335388606, "lamda": 0.5821165994216069}, "datetime": {"datetime": "2021-07-04 11:29:59", "elapsed": 3721.96571, "delta": 11.596027}}
{"target": 0.8651019916157611, "params": {"C": 22.141645591591384, "epsilon": 6.924164057496819, "gamma": 0.045665542281236926, "lamda": 0.34362939905648515}, "datetime": {"datetime": "2021-07-04 11:30:02", "elapsed": 3724.309688, "delta": 2.343978}}
{"target": 0.8652134765754496, "params": {"C": 24.524868625500016, "epsilon": 6.352228204243435, "gamma": 0.04343617689666936, "lamda": 0.45760338520100957}, "datetime": {"datetime": "2021-07-04 11:30:05", "elapsed": 3727.249951, "delta": 2.940263}}
{"target": -7.152422933865882, "params": {"C": 22.899541013245006, "epsilon": 5.1734568056307175, "gamma": 0.04423313105620699, "lamda": 0.30045846203929366}, "datetime": {"datetime": "2021-07-04 11:30:13", "elapsed": 3735.20592, "delta": 7.955969}}
{"target": -7.611616833615383, "params": {"C": 22.82909680394835, "epsilon": 5.5657815848905035, "gamma": 0.053728235522659706, "lamda": 0.576105360549718}, "datetime": {"datetime": "2021-07-04 11:30:20", "elapsed": 3742.87488, "delta": 7.66896}}
{"target": -7.570999466429596, "params": {"C": 24.085897090520785, "epsilon": 5.0620684350182525, "gamma": 0.045342797994043095, "lamda": 0.5327357204972989}, "datetime": {"datetime": "2021-07-04 11:30:27", "elapsed": 3749.374519, "delta": 6.499639}}
{"target": -7.3616351528109, "params": {"C": 23.243346014906134, "epsilon": 6.1116898394342485, "gamma": 0.04882871937892526, "lamda": 0.44909216847491407}, "datetime": {"datetime": "2021-07-04 11:30:32", "elapsed": 3754.61052, "delta": 5.236001}}
{"target": 0.8648936545139254, "params": {"C": 22.61335674919455, "epsilon": 6.75623487278189, "gamma": 0.04054775186395852, "lamda": 0.5681870040713608}, "datetime": {"datetime": "2021-07-04 11:32:13", "elapsed": 3855.126293, "delta": 100.515773}}
{"target": 0.8650160654036254, "params": {"C": 23.25191440710138, "epsilon": 6.1173796568915035, "gamma": 0.04280773877190468, "lamda": 0.3792405956339515}, "datetime": {"datetime": "2021-07-04 11:32:13", "elapsed": 3855.333742, "delta": 0.207449}}
