{"target": -6.984217570834433, "params": {"C": 10.0, "epsilon": 6.130446005702735, "gamma": 0.05, "lamda": 0.1}, "datetime": {"datetime": "2021-07-03 18:20:37", "elapsed": 27.407597, "delta": 5.332851}}
{"target": -6.248278976701037, "params": {"C": 10.0, "epsilon": 1.0, "gamma": 0.05, "lamda": 1.0}, "datetime": {"datetime": "2021-07-03 18:20:45", "elapsed": 34.91191, "delta": 7.504313}}
{"target": 0.32280224150633763, "params": {"C": 13.949345640799713, "epsilon": 1.8312051773152072, "gamma": 0.8978670137895972, "lamda": 0.2831282964306977}, "datetime": {"datetime": "2021-07-03 18:20:45", "elapsed": 35.299951, "delta": 0.388041}}
{"target": 0.33467804270808554, "params": {"C": 15.634221789841488, "epsilon": 5.542747610056062, "gamma": 0.9, "lamda": 1.0}, "datetime": {"datetime": "2021-07-03 18:20:45", "elapsed": 35.696995, "delta": 0.397044}}
{"target": 0.34043052007301666, "params": {"C": 17.73668702933904, "epsilon": 6.2790651925114425, "gamma": 0.9, "lamda": 1.0}, "datetime": {"datetime": "2021-07-03 18:20:46", "elapsed": 36.262366, "delta": 0.565371}}
{"target": -0.8527594041531681, "params": {"C": 19.416705972527588, "epsilon": 7.039609509117789, "gamma": 0.9, "lamda": 1.0}, "datetime": {"datetime": "2021-07-03 18:20:54", "elapsed": 43.714288, "delta": 7.451922}}
{"target": 0.34186959327706834, "params": {"C": 18.70460998830236, "epsilon": 5.097396306338431, "gamma": 0.9, "lamda": 0.1}, "datetime": {"datetime": "2021-07-03 18:20:54", "elapsed": 44.189422, "delta": 0.475134}}
{"target": -6.7884655611843465, "params": {"C": 17.160934506941597, "epsilon": 5.555650925866757, "gamma": 0.05, "lamda": 0.1}, "datetime": {"datetime": "2021-07-03 18:20:58", "elapsed": 48.624064, "delta": 4.434642}}
{"target": 0.34481508220482837, "params": {"C": 19.831876882510283, "epsilon": 4.937770930928007, "gamma": 0.9, "lamda": 1.0}, "datetime": {"datetime": "2021-07-03 18:20:59", "elapsed": 49.066059, "delta": 0.441995}}
{"target": 0.31406216553764144, "params": {"C": 11.49977178902699, "epsilon": 4.411913000116741, "gamma": 0.9, "lamda": 1.0}, "datetime": {"datetime": "2021-07-03 18:20:59", "elapsed": 49.559024, "delta": 0.492965}}
{"target": 0.3418025769617854, "params": {"C": 19.689718019383438, "epsilon": 3.6442936512967825, "gamma": 0.9, "lamda": 0.1}, "datetime": {"datetime": "2021-07-03 18:21:00", "elapsed": 50.044058, "delta": 0.485034}}
{"target": 0.33887005493042044, "params": {"C": 20.0, "epsilon": 2.131447074904389, "gamma": 0.9, "lamda": 1.0}, "datetime": {"datetime": "2021-07-03 18:21:00", "elapsed": 50.472043, "delta": 0.427985}}
{"target": -1.01871500164403, "params": {"C": 17.606850008721526, "epsilon": 7.952874388640029, "gamma": 0.9, "lamda": 1.0}, "datetime": {"datetime": "2021-07-03 18:21:06", "elapsed": 55.820083, "delta": 5.34804}}
{"target": -6.35554265714086, "params": {"C": 13.933659296696742, "epsilon": 1.5322661189602793, "gamma": 0.05, "lamda": 1.0}, "datetime": {"datetime": "2021-07-03 18:21:13", "elapsed": 62.845067, "delta": 7.024984}}
{"target": 0.37044947766979686, "params": {"C": 10.73133332704774, "epsilon": 3.6406239178873485, "gamma": 0.6775865780658646, "lamda": 0.727292357580359}, "datetime": {"datetime": "2021-07-03 18:21:14", "elapsed": 63.712083, "delta": 0.867016}}
{"target": 0.35052132686818605, "params": {"C": 14.927354795273837, "epsilon": 1.4927932807883189, "gamma": 0.7990462281134904, "lamda": 0.1}, "datetime": {"datetime": "2021-07-03 18:21:14", "elapsed": 64.387059, "delta": 0.674976}}
{"target": 0.5582992141490177, "params": {"C": 10.862128632929704, "epsilon": 2.7704803756508247, "gamma": 0.2928816668573914, "lamda": 0.1}, "datetime": {"datetime": "2021-07-03 18:21:15", "elapsed": 65.047053, "delta": 0.659994}}
{"target": 0.3145366819955616, "params": {"C": 12.586710738180821, "epsilon": 1.0, "gamma": 0.9, "lamda": 0.1}, "datetime": {"datetime": "2021-07-03 18:21:15", "elapsed": 65.536078, "delta": 0.489025}}
{"target": 0.37673404176390324, "params": {"C": 12.175484142108644, "epsilon": 2.152671685056312, "gamma": 0.6836245210913984, "lamda": 0.31198876508449896}, "datetime": {"datetime": "2021-07-03 18:21:16", "elapsed": 66.057088, "delta": 0.52101}}
{"target": 0.8630041248112144, "params": {"C": 19.69660078233977, "epsilon": 4.7068264023783595, "gamma": 0.05650874864834074, "lamda": 0.14799553070410096}, "datetime": {"datetime": "2021-07-03 18:21:16", "elapsed": 66.543059, "delta": 0.485971}}
{"target": -7.487125664859322, "params": {"C": 20.0, "epsilon": 3.731297031280106, "gamma": 0.05, "lamda": 1.0}, "datetime": {"datetime": "2021-07-03 18:21:21", "elapsed": 71.163091, "delta": 4.620032}}
{"target": 0.4045904381353218, "params": {"C": 19.77264904778374, "epsilon": 5.45648943706163, "gamma": 0.6937928915239983, "lamda": 0.1}, "datetime": {"datetime": "2021-07-03 18:21:21", "elapsed": 71.645085, "delta": 0.481994}}
{"target": 0.33194297524628447, "params": {"C": 14.697324648591845, "epsilon": 5.433590469623595, "gamma": 0.9, "lamda": 0.10305375794248908}, "datetime": {"datetime": "2021-07-03 18:21:22", "elapsed": 72.141097, "delta": 0.496012}}
{"target": 0.3946275923349636, "params": {"C": 18.991189842793432, "epsilon": 5.805438086369767, "gamma": 0.718858259056239, "lamda": 0.996630804016684}, "datetime": {"datetime": "2021-07-03 18:21:23", "elapsed": 72.833136, "delta": 0.692039}}
{"target": -6.477585579438525, "params": {"C": 12.149913988515989, "epsilon": 1.0, "gamma": 0.05, "lamda": 0.1}, "datetime": {"datetime": "2021-07-03 18:21:32", "elapsed": 82.663872, "delta": 9.830736}}
{"target": 0.557895113705239, "params": {"C": 11.51423254180974, "epsilon": 3.5496549846174923, "gamma": 0.29942772949278473, "lamda": 0.3557027004701675}, "datetime": {"datetime": "2021-07-03 18:21:33", "elapsed": 83.113748, "delta": 0.449876}}
{"target": 0.4204495946504665, "params": {"C": 10.934656900744896, "epsilon": 4.376673092959539, "gamma": 0.5492321188248707, "lamda": 0.1}, "datetime": {"datetime": "2021-07-03 18:21:34", "elapsed": 83.936901, "delta": 0.823153}}
{"target": -6.766633291990934, "params": {"C": 11.045210979937625, "epsilon": 2.5629530836391887, "gamma": 0.05, "lamda": 1.0}, "datetime": {"datetime": "2021-07-03 18:21:39", "elapsed": 89.184798, "delta": 5.247897}}
{"target": 0.5582691920047643, "params": {"C": 11.480410182334055, "epsilon": 1.7226359971366672, "gamma": 0.29817075496864126, "lamda": 0.4001382942433853}, "datetime": {"datetime": "2021-07-03 18:21:39", "elapsed": 89.481546, "delta": 0.296748}}
{"target": 0.33195961206780666, "params": {"C": 10.307483686712168, "epsilon": 3.1594848851727866, "gamma": 0.7902716486855312, "lamda": 0.11313780426140702}, "datetime": {"datetime": "2021-07-03 18:21:40", "elapsed": 90.221623, "delta": 0.740077}}
{"target": 0.34312289663596984, "params": {"C": 19.48776600604927, "epsilon": 4.5938625447804515, "gamma": 0.9, "lamda": 0.1}, "datetime": {"datetime": "2021-07-03 18:21:41", "elapsed": 90.950551, "delta": 0.728928}}
{"target": 0.3511208163849048, "params": {"C": 12.865653461228495, "epsilon": 1.934803999600234, "gamma": 0.7755314458094162, "lamda": 0.22703729223637473}, "datetime": {"datetime": "2021-07-03 18:21:41", "elapsed": 91.329583, "delta": 0.379032}}
{"target": -6.674823048308989, "params": {"C": 19.172932485396455, "epsilon": 5.321884809453682, "gamma": 0.05, "lamda": 0.4799241209005953}, "datetime": {"datetime": "2021-07-03 18:21:51", "elapsed": 101.627664, "delta": 10.298081}}
{"target": 0.6407543533541538, "params": {"C": 19.391892249035486, "epsilon": 9.747024395613991, "gamma": 0.2609524261175723, "lamda": 0.22461197503284747}, "datetime": {"datetime": "2021-07-03 18:21:52", "elapsed": 102.093497, "delta": 0.465833}}
{"target": 0.36393440185313874, "params": {"C": 14.643200910875455, "epsilon": 5.486553573616567, "gamma": 0.7673924561247909, "lamda": 0.9775930171354272}, "datetime": {"datetime": "2021-07-03 18:21:53", "elapsed": 103.09505, "delta": 1.001553}}
{"target": 0.3318368200183708, "params": {"C": 13.451522504769747, "epsilon": 1.0366892703639206, "gamma": 0.8493513925345669, "lamda": 0.1}, "datetime": {"datetime": "2021-07-03 18:21:54", "elapsed": 103.827015, "delta": 0.731965}}
{"target": 0.32864774020357357, "params": {"C": 13.891408862079484, "epsilon": 5.219529951759905, "gamma": 0.9, "lamda": 0.42182932217875385}, "datetime": {"datetime": "2021-07-03 18:21:55", "elapsed": 104.701076, "delta": 0.874061}}
{"target": 0.45491082379790526, "params": {"C": 11.590189624765014, "epsilon": 5.305928056201958, "gamma": 0.4806876966430507, "lamda": 0.20902455714650914}, "datetime": {"datetime": "2021-07-03 18:21:55", "elapsed": 105.036926, "delta": 0.33585}}
{"target": 0.3214245127212152, "params": {"C": 11.835600666907197, "epsilon": 4.336173699464824, "gamma": 0.8772192227182194, "lamda": 0.1036378978702584}, "datetime": {"datetime": "2021-07-03 18:21:55", "elapsed": 105.659908, "delta": 0.622982}}
{"target": 0.3136435409011159, "params": {"C": 11.278823077079327, "epsilon": 2.946349556234218, "gamma": 0.8844417056185266, "lamda": 0.142340808403062}, "datetime": {"datetime": "2021-07-03 18:21:56", "elapsed": 106.280608, "delta": 0.6207}}
{"target": -5.861751859820071, "params": {"C": 10.764875156713122, "epsilon": 4.446861541377992, "gamma": 0.06001146611058548, "lamda": 0.8091324500374583}, "datetime": {"datetime": "2021-07-03 18:22:04", "elapsed": 114.071935, "delta": 7.791327}}
{"target": 0.31599668614198395, "params": {"C": 11.947231099801852, "epsilon": 3.576287317084309, "gamma": 0.9, "lamda": 0.7972308819350757}, "datetime": {"datetime": "2021-07-03 18:22:04", "elapsed": 114.634558, "delta": 0.562623}}
{"target": 0.3146109377498636, "params": {"C": 12.259467095096047, "epsilon": 1.9623321343217992, "gamma": 0.9, "lamda": 1.0}, "datetime": {"datetime": "2021-07-03 18:22:05", "elapsed": 115.232919, "delta": 0.598361}}
{"target": 0.4133507364484038, "params": {"C": 17.993153253932334, "epsilon": 3.448202184346826, "gamma": 0.6438433879402418, "lamda": 0.4995129372251349}, "datetime": {"datetime": "2021-07-03 18:22:05", "elapsed": 115.572871, "delta": 0.339952}}
{"target": 0.33056556445409335, "params": {"C": 12.32466903407536, "epsilon": 5.155935654442204, "gamma": 0.8637872124056944, "lamda": 0.521457005240485}, "datetime": {"datetime": "2021-07-03 18:22:06", "elapsed": 116.205449, "delta": 0.632578}}
{"target": 0.3225555912634541, "params": {"C": 11.2217606281226, "epsilon": 3.735810026479391, "gamma": 0.8533683800995366, "lamda": 0.133204913361909}, "datetime": {"datetime": "2021-07-03 18:22:07", "elapsed": 116.923232, "delta": 0.717783}}
{"target": 0.5471400415202265, "params": {"C": 11.48851228111251, "epsilon": 1.7028000520083515, "gamma": 0.31267402457084653, "lamda": 0.3259484766798544}, "datetime": {"datetime": "2021-07-03 18:22:07", "elapsed": 117.321812, "delta": 0.39858}}
{"target": 0.3900586240316205, "params": {"C": 17.996841765174146, "epsilon": 4.452609892206157, "gamma": 0.7160623436861793, "lamda": 0.7427180112479325}, "datetime": {"datetime": "2021-07-03 18:22:07", "elapsed": 117.684699, "delta": 0.362887}}
{"target": 0.339538385308104, "params": {"C": 18.61998826219342, "epsilon": 4.0050538380265195, "gamma": 0.9, "lamda": 0.1}, "datetime": {"datetime": "2021-07-03 18:22:08", "elapsed": 118.427024, "delta": 0.742325}}
{"target": 0.30171786620965657, "params": {"C": 10.0, "epsilon": 4.117863101970816, "gamma": 0.9, "lamda": 0.1}, "datetime": {"datetime": "2021-07-03 18:22:09", "elapsed": 119.079885, "delta": 0.652861}}
{"target": 0.36229147263386774, "params": {"C": 15.699130131358917, "epsilon": 1.313476267066234, "gamma": 0.7627380156880791, "lamda": 0.5863063146833866}, "datetime": {"datetime": "2021-07-03 18:22:09", "elapsed": 119.442169, "delta": 0.362284}}
{"target": 0.3006496018622966, "params": {"C": 10.0, "epsilon": 3.412305450110201, "gamma": 0.9, "lamda": 1.0}, "datetime": {"datetime": "2021-07-03 18:22:10", "elapsed": 120.024385, "delta": 0.582216}}
{"target": 0.3483535746492702, "params": {"C": 19.53351244416166, "epsilon": 7.895667461449437, "gamma": 0.8997609155984577, "lamda": 0.40273402393867996}, "datetime": {"datetime": "2021-07-03 18:22:10", "elapsed": 120.362127, "delta": 0.337742}}
{"target": 0.41331420054299295, "params": {"C": 19.71484746419984, "epsilon": 8.901315116868844, "gamma": 0.6803347860785178, "lamda": 0.1}, "datetime": {"datetime": "2021-07-03 18:22:11", "elapsed": 121.031627, "delta": 0.6695}}
{"target": -2.410279169221517, "params": {"C": 19.091814550253552, "epsilon": 8.871150170235156, "gamma": 0.1953548391813577, "lamda": 0.7546335059541837}, "datetime": {"datetime": "2021-07-03 18:22:20", "elapsed": 129.966298, "delta": 8.934671}}
{"target": 0.38267755843832607, "params": {"C": 15.27299636325058, "epsilon": 8.272641730440293, "gamma": 0.7214996863812062, "lamda": 0.678897734863876}, "datetime": {"datetime": "2021-07-03 18:22:20", "elapsed": 130.336949, "delta": 0.370651}}
{"target": 0.8628987108280934, "params": {"C": 15.371192980192664, "epsilon": 1.0, "gamma": 0.05, "lamda": 0.1}, "datetime": {"datetime": "2021-07-03 18:22:21", "elapsed": 131.011753, "delta": 0.674804}}
{"target": 0.3512709125731803, "params": {"C": 20.0, "epsilon": 9.89804463342564, "gamma": 0.9, "lamda": 0.1}, "datetime": {"datetime": "2021-07-03 18:22:22", "elapsed": 131.719684, "delta": 0.707931}}
{"target": 0.8065224126281426, "params": {"C": 13.034860335490874, "epsilon": 5.512301947035912, "gamma": 0.08914259340573655, "lamda": 0.31917433132869527}, "datetime": {"datetime": "2021-07-03 18:22:22", "elapsed": 132.369996, "delta": 0.650312}}
{"target": 0.39129659523405047, "params": {"C": 12.73756391815527, "epsilon": 5.989483746685418, "gamma": 0.6607364112983986, "lamda": 0.910532592281784}, "datetime": {"datetime": "2021-07-03 18:22:23", "elapsed": 133.039354, "delta": 0.669358}}
{"target": 0.42682508561696453, "params": {"C": 16.041199823763726, "epsilon": 7.2105655731728335, "gamma": 0.6043909036815678, "lamda": 0.4735846170619542}, "datetime": {"datetime": "2021-07-03 18:22:23", "elapsed": 133.580908, "delta": 0.541554}}
{"target": 0.32688489506389995, "params": {"C": 13.105931421408624, "epsilon": 5.835611402321793, "gamma": 0.9, "lamda": 0.1}, "datetime": {"datetime": "2021-07-03 18:22:24", "elapsed": 134.156675, "delta": 0.575767}}
{"target": 0.4385914566363023, "params": {"C": 12.756642485379013, "epsilon": 4.536420392723484, "gamma": 0.5329450101050749, "lamda": 0.20767241253050422}, "datetime": {"datetime": "2021-07-03 18:22:24", "elapsed": 134.52439, "delta": 0.367715}}
{"target": 0.6493591464809529, "params": {"C": 12.260140990778224, "epsilon": 6.0574000272357145, "gamma": 0.19894357988628403, "lamda": 0.1}, "datetime": {"datetime": "2021-07-03 18:22:25", "elapsed": 135.156615, "delta": 0.632225}}
{"target": 0.33958251783745586, "params": {"C": 16.163046702194265, "epsilon": 8.221932408592691, "gamma": 0.9, "lamda": 0.20620000622872045}, "datetime": {"datetime": "2021-07-03 18:22:26", "elapsed": 135.865187, "delta": 0.708572}}
{"target": -5.41414370508041, "params": {"C": 17.451836585379812, "epsilon": 2.0620018759600813, "gamma": 0.059170191325981336, "lamda": 0.6307453002117914}, "datetime": {"datetime": "2021-07-03 18:22:34", "elapsed": 144.417231, "delta": 8.552044}}
{"target": 0.3761055533394081, "params": {"C": 10.070586930053985, "epsilon": 2.525646191964579, "gamma": 0.639330854093958, "lamda": 0.7670154553169861}, "datetime": {"datetime": "2021-07-03 18:22:35", "elapsed": 144.796147, "delta": 0.378916}}
{"target": 0.3397238097641634, "params": {"C": 15.870839426384181, "epsilon": 9.121543280601472, "gamma": 0.9, "lamda": 1.0}, "datetime": {"datetime": "2021-07-03 18:22:35", "elapsed": 145.522873, "delta": 0.726726}}
{"target": -5.018196565072059, "params": {"C": 16.205264905536485, "epsilon": 8.208702065967648, "gamma": 0.08400799031107602, "lamda": 0.8890796844092557}, "datetime": {"datetime": "2021-07-03 18:22:44", "elapsed": 154.141424, "delta": 8.618551}}
{"target": 0.4799161972413478, "params": {"C": 15.422422509783654, "epsilon": 6.642818620576474, "gamma": 0.4733016761489236, "lamda": 0.2644144011404791}, "datetime": {"datetime": "2021-07-03 18:22:44", "elapsed": 154.494645, "delta": 0.353221}}
{"target": 0.3494242952678661, "params": {"C": 15.222502870152994, "epsilon": 9.107531927459478, "gamma": 0.8560099202348741, "lamda": 0.1993302122509291}, "datetime": {"datetime": "2021-07-03 18:22:45", "elapsed": 155.028601, "delta": 0.533956}}
{"target": 0.34111404866530404, "params": {"C": 16.216941809541673, "epsilon": 9.77981453308127, "gamma": 0.9, "lamda": 0.1}, "datetime": {"datetime": "2021-07-03 18:22:45", "elapsed": 155.584117, "delta": 0.555516}}
{"target": 0.3858970534995996, "params": {"C": 13.25935510410057, "epsilon": 5.035245721848493, "gamma": 0.680209931402717, "lamda": 0.9819017501272163}, "datetime": {"datetime": "2021-07-03 18:22:46", "elapsed": 155.957119, "delta": 0.373002}}
{"target": 0.3364480167289279, "params": {"C": 15.719146389508431, "epsilon": 6.571524748624492, "gamma": 0.9, "lamda": 1.0}, "datetime": {"datetime": "2021-07-03 18:22:46", "elapsed": 156.476225, "delta": 0.519106}}
{"target": -1.456463355326166, "params": {"C": 14.773181042325945, "epsilon": 9.829372942258981, "gamma": 0.8028986083415782, "lamda": 0.9660409544646658}, "datetime": {"datetime": "2021-07-03 18:22:54", "elapsed": 164.41822, "delta": 7.941995}}
{"target": 0.3477064908003765, "params": {"C": 18.669450062318425, "epsilon": 10.0, "gamma": 0.9, "lamda": 0.1}, "datetime": {"datetime": "2021-07-03 18:22:55", "elapsed": 164.967237, "delta": 0.549017}}
{"target": 0.33570630514097444, "params": {"C": 20.0, "epsilon": 1.0, "gamma": 0.9, "lamda": 0.7219486985701319}, "datetime": {"datetime": "2021-07-03 18:22:55", "elapsed": 165.450288, "delta": 0.483051}}
{"target": 0.33677259138705007, "params": {"C": 19.481662506976924, "epsilon": 1.853767558006274, "gamma": 0.9, "lamda": 0.1}, "datetime": {"datetime": "2021-07-03 18:22:56", "elapsed": 166.033245, "delta": 0.582957}}
{"target": 0.3527077336428821, "params": {"C": 17.303178675783496, "epsilon": 9.9576919530332, "gamma": 0.8669932677929973, "lamda": 0.48731937931351466}, "datetime": {"datetime": "2021-07-03 18:22:56", "elapsed": 166.619226, "delta": 0.585981}}
{"target": -6.097234399570289, "params": {"C": 20.0, "epsilon": 1.3414027136118165, "gamma": 0.05, "lamda": 0.1}, "datetime": {"datetime": "2021-07-03 18:23:05", "elapsed": 175.59791, "delta": 8.978684}}
{"target": 0.8587312303200538, "params": {"C": 15.246206851106164, "epsilon": 5.2025000674377955, "gamma": 0.05590827001437115, "lamda": 0.8426884671227827}, "datetime": {"datetime": "2021-07-03 18:23:06", "elapsed": 176.185517, "delta": 0.587607}}
{"target": 0.33466302174199736, "params": {"C": 19.0912365332541, "epsilon": 1.4746035840338654, "gamma": 0.9, "lamda": 1.0}, "datetime": {"datetime": "2021-07-03 18:23:07", "elapsed": 176.837252, "delta": 0.651735}}
{"target": 0.3324203122380356, "params": {"C": 15.39221702597846, "epsilon": 4.5481547978109, "gamma": 0.9, "lamda": 0.4568540138990171}, "datetime": {"datetime": "2021-07-03 18:23:07", "elapsed": 177.504693, "delta": 0.667441}}
{"target": 0.33759647784026403, "params": {"C": 18.931998372869415, "epsilon": 2.7853226308540693, "gamma": 0.9, "lamda": 0.1}, "datetime": {"datetime": "2021-07-03 18:23:08", "elapsed": 178.061623, "delta": 0.55693}}
{"target": 0.321009420569188, "params": {"C": 11.929334045663847, "epsilon": 6.745655047778402, "gamma": 0.9, "lamda": 0.5086431101685723}, "datetime": {"datetime": "2021-07-03 18:23:08", "elapsed": 178.629841, "delta": 0.568218}}
{"target": -6.6071858800156, "params": {"C": 14.412429249240938, "epsilon": 5.267113255703623, "gamma": 0.05, "lamda": 0.1}, "datetime": {"datetime": "2021-07-03 18:23:16", "elapsed": 186.235454, "delta": 7.605613}}
{"target": 0.46597436606367704, "params": {"C": 11.822266065529218, "epsilon": 5.181217764296649, "gamma": 0.46069491211918, "lamda": 0.3306024796341796}, "datetime": {"datetime": "2021-07-03 18:23:17", "elapsed": 186.802793, "delta": 0.567339}}
{"target": 0.48500498342438947, "params": {"C": 11.780296784441585, "epsilon": 6.382126799571063, "gamma": 0.41956603673826187, "lamda": 0.6155483273578917}, "datetime": {"datetime": "2021-07-03 18:23:17", "elapsed": 187.38286, "delta": 0.580067}}
{"target": 0.5406162631695894, "params": {"C": 10.954578438077125, "epsilon": 1.8635089865878114, "gamma": 0.31680184135906386, "lamda": 0.9289341374845506}, "datetime": {"datetime": "2021-07-03 18:23:18", "elapsed": 188.106277, "delta": 0.723417}}
{"target": 0.34913865437739033, "params": {"C": 12.945715394290957, "epsilon": 1.9454164128875364, "gamma": 0.7835309489051779, "lamda": 0.23305421144833782}, "datetime": {"datetime": "2021-07-03 18:23:18", "elapsed": 188.639689, "delta": 0.533412}}
{"target": 0.7022285381622724, "params": {"C": 15.295427591686591, "epsilon": 4.389078948628478, "gamma": 0.17265827106549134, "lamda": 1.0}, "datetime": {"datetime": "2021-07-03 18:23:19", "elapsed": 189.314494, "delta": 0.674805}}
{"target": 0.32900978754327725, "params": {"C": 13.610073184948837, "epsilon": 5.970643899332576, "gamma": 0.9, "lamda": 1.0}, "datetime": {"datetime": "2021-07-03 18:23:20", "elapsed": 190.139161, "delta": 0.824667}}
{"target": 0.4574878812308677, "params": {"C": 17.715833816578165, "epsilon": 5.62855588574672, "gamma": 0.5417576447386172, "lamda": 0.429233741391827}, "datetime": {"datetime": "2021-07-03 18:23:20", "elapsed": 190.604817, "delta": 0.465656}}
{"target": 0.3388592117976005, "params": {"C": 14.668293309500239, "epsilon": 5.392711979835737, "gamma": 0.8748883914804177, "lamda": 0.13287396840456578}, "datetime": {"datetime": "2021-07-03 18:23:21", "elapsed": 191.049757, "delta": 0.44494}}
{"target": 0.34696733769336585, "params": {"C": 18.194672921525076, "epsilon": 5.232650420488473, "gamma": 0.8775550897254973, "lamda": 0.9195107063538406}, "datetime": {"datetime": "2021-07-03 18:23:21", "elapsed": 191.643134, "delta": 0.593377}}
