{"target": -7.930449535529473, "params": {"C": 42.510660141077224, "epsilon": 7.482920440979423, "gamma": 0.050097218594743156, "lamda": 0.3720993153686558}, "datetime": {"datetime": "2021-07-03 16:23:12", "elapsed": 0.0, "delta": 0.0}}
{"target": -0.9693304368182953, "params": {"C": 34.40267672451339, "epsilon": 1.8310473529191802, "gamma": 0.20832117967102026, "lamda": 0.411004654338743}, "datetime": {"datetime": "2021-07-03 16:23:42", "elapsed": 30.223631, "delta": 30.223631}}
{"target": 0.5503274373375981, "params": {"C": 41.903024226920095, "epsilon": 5.849350606030212, "gamma": 0.40631533724280056, "lamda": 0.7166975503570835}, "datetime": {"datetime": "2021-07-03 16:23:43", "elapsed": 30.963692, "delta": 0.740061}}
{"target": 0.43248274563394495, "params": {"C": 30.231595679523632, "epsilon": 2.456748407914266, "gamma": 0.6529636790444987, "lamda": 0.7882631730924409}, "datetime": {"datetime": "2021-07-03 16:23:44", "elapsed": 31.624949, "delta": 0.661257}}
{"target": 0.49398327015843924, "params": {"C": 43.27671952366387, "epsilon": 4.721236371406603, "gamma": 0.5156342039178201, "lamda": 0.7697814234177126}, "datetime": {"datetime": "2021-07-03 16:23:44", "elapsed": 32.084469, "delta": 0.45952}}
{"target": 0.48733347355650636, "params": {"C": 43.357273246141084, "epsilon": 4.776536911895265, "gamma": 0.5299531987916603, "lamda": 0.7553099146348322}, "datetime": {"datetime": "2021-07-03 16:23:45", "elapsed": 32.428966, "delta": 0.344497}}
{"target": 0.35877051059277265, "params": {"C": 41.13025109447071, "epsilon": 4.636669511116513, "gamma": 0.9, "lamda": 1.0}, "datetime": {"datetime": "2021-07-03 16:23:45", "elapsed": 33.228478, "delta": 0.799512}}
{"target": -6.253484289078948, "params": {"C": 39.90291793222352, "epsilon": 5.385610020012671, "gamma": 0.05, "lamda": 0.1}, "datetime": {"datetime": "2021-07-03 16:23:58", "elapsed": 45.749808, "delta": 12.52133}}
{"target": 0.3565610424568161, "params": {"C": 42.07931330498467, "epsilon": 3.6718363144944814, "gamma": 0.9, "lamda": 0.1}, "datetime": {"datetime": "2021-07-03 16:23:59", "elapsed": 46.466397, "delta": 0.716589}}
{"target": 0.3553208066813909, "params": {"C": 44.142470209180296, "epsilon": 3.200581110121816, "gamma": 0.9, "lamda": 0.1}, "datetime": {"datetime": "2021-07-03 16:23:59", "elapsed": 47.104594, "delta": 0.638197}}
{"target": -6.279687867865131, "params": {"C": 42.86158744127603, "epsilon": 2.3333259276317015, "gamma": 0.05, "lamda": 1.0}, "datetime": {"datetime": "2021-07-03 16:24:10", "elapsed": 57.908904, "delta": 10.80431}}
{"target": 0.3619940371349445, "params": {"C": 41.894169544020926, "epsilon": 5.093993764904693, "gamma": 0.8913065560386222, "lamda": 0.16442011305947674}, "datetime": {"datetime": "2021-07-03 16:24:11", "elapsed": 59.155833, "delta": 1.246929}}
{"target": 0.3580701423223125, "params": {"C": 45.343665302784316, "epsilon": 4.36443277350165, "gamma": 0.9, "lamda": 0.1}, "datetime": {"datetime": "2021-07-03 16:24:12", "elapsed": 60.234511, "delta": 1.078678}}
{"target": 0.35368968879247575, "params": {"C": 46.071696651758025, "epsilon": 2.614463634015468, "gamma": 0.9, "lamda": 0.1}, "datetime": {"datetime": "2021-07-03 16:24:14", "elapsed": 61.414648, "delta": 1.180137}}
{"target": -6.637956645635753, "params": {"C": 46.99245886680265, "epsilon": 3.9058170740279845, "gamma": 0.05, "lamda": 1.0}, "datetime": {"datetime": "2021-07-03 16:24:35", "elapsed": 83.229509, "delta": 21.814861}}
{"target": 0.47781686340172147, "params": {"C": 31.854584745056503, "epsilon": 1.8786319641911495, "gamma": 0.5419394834840711, "lamda": 0.5949825190430565}, "datetime": {"datetime": "2021-07-03 16:24:36", "elapsed": 84.017948, "delta": 0.788439}}
{"target": 0.667499580929706, "params": {"C": 31.596259956796647, "epsilon": 3.6241807581006205, "gamma": 0.25069319444131266, "lamda": 0.8565345032028925}, "datetime": {"datetime": "2021-07-03 16:24:37", "elapsed": 84.948537, "delta": 0.930589}}
{"target": 0.35917779627941515, "params": {"C": 30.19004859532956, "epsilon": 4.285424939200166, "gamma": 0.9, "lamda": 0.1}, "datetime": {"datetime": "2021-07-03 16:24:38", "elapsed": 86.048949, "delta": 1.100412}}
{"target": 0.3610727016470371, "params": {"C": 32.092443685237484, "epsilon": 5.2288158489033165, "gamma": 0.9, "lamda": 0.1}, "datetime": {"datetime": "2021-07-03 16:24:39", "elapsed": 87.000146, "delta": 0.951197}}
{"target": -4.517786302016834, "params": {"C": 30.68497881446996, "epsilon": 5.7204342097447, "gamma": 0.05, "lamda": 1.0}, "datetime": {"datetime": "2021-07-03 16:25:07", "elapsed": 114.828912, "delta": 27.828766}}
{"target": 0.3572921295379037, "params": {"C": 32.74511265890229, "epsilon": 3.5286875681803163, "gamma": 0.9, "lamda": 0.1}, "datetime": {"datetime": "2021-07-03 16:25:08", "elapsed": 116.018301, "delta": 1.189389}}
{"target": 0.3605643604663784, "params": {"C": 33.958244261013355, "epsilon": 5.200888586019169, "gamma": 0.9, "lamda": 0.1}, "datetime": {"datetime": "2021-07-03 16:25:12", "elapsed": 119.997064, "delta": 3.978763}}
{"target": 0.36390333029169575, "params": {"C": 33.59261404610697, "epsilon": 7.100052657409833, "gamma": 0.9, "lamda": 0.1}, "datetime": {"datetime": "2021-07-03 16:25:14", "elapsed": 121.455017, "delta": 1.457953}}
{"target": 0.8453572372356188, "params": {"C": 35.319536265247805, "epsilon": 6.4822658555118045, "gamma": 0.08421836289452894, "lamda": 0.3126215345869943}, "datetime": {"datetime": "2021-07-03 16:25:15", "elapsed": 122.55933, "delta": 1.104313}}
{"target": 0.694012604602584, "params": {"C": 35.26323161612826, "epsilon": 8.20423969320861, "gamma": 0.22248554468551468, "lamda": 0.4186843282133703}, "datetime": {"datetime": "2021-07-03 16:25:16", "elapsed": 123.649374, "delta": 1.090044}}
{"target": 0.3633507830406024, "params": {"C": 36.49666240715079, "epsilon": 7.297891669405439, "gamma": 0.9, "lamda": 1.0}, "datetime": {"datetime": "2021-07-03 16:25:18", "elapsed": 126.348158, "delta": 2.698784}}
{"target": 0.35973600951839013, "params": {"C": 35.86692509879976, "epsilon": 5.021037539352003, "gamma": 0.9, "lamda": 1.0}, "datetime": {"datetime": "2021-07-03 16:25:20", "elapsed": 127.489674, "delta": 1.141516}}
{"target": 0.4976566332353919, "params": {"C": 33.52074456239552, "epsilon": 9.190694069106366, "gamma": 0.5135157756094572, "lamda": 0.8973121942496486}, "datetime": {"datetime": "2021-07-03 16:25:20", "elapsed": 128.404365, "delta": 0.914691}}
{"target": 0.36550625205912124, "params": {"C": 35.46576620779329, "epsilon": 10.0, "gamma": 0.9, "lamda": 1.0}, "datetime": {"datetime": "2021-07-03 16:25:22", "elapsed": 129.556404, "delta": 1.152039}}
{"target": -7.818116592054823, "params": {"C": 37.06271096632075, "epsilon": 9.25185013548609, "gamma": 0.05, "lamda": 0.1}, "datetime": {"datetime": "2021-07-03 16:25:44", "elapsed": 151.583122, "delta": 22.026718}}
{"target": 0.3966866577575322, "params": {"C": 34.97503547448831, "epsilon": 7.367220995919395, "gamma": 0.7846672723514987, "lamda": 0.9647344433478993}, "datetime": {"datetime": "2021-07-03 16:25:44", "elapsed": 152.23335, "delta": 0.650228}}
{"target": 0.365725581367239, "params": {"C": 31.74732952307454, "epsilon": 10.0, "gamma": 0.9, "lamda": 0.1}, "datetime": {"datetime": "2021-07-03 16:25:45", "elapsed": 153.214058, "delta": 0.980708}}
{"target": 0.36573691532469477, "params": {"C": 30.0, "epsilon": 10.0, "gamma": 0.9, "lamda": 1.0}, "datetime": {"datetime": "2021-07-03 16:25:46", "elapsed": 154.057758, "delta": 0.8437}}
{"target": -7.0710024365136785, "params": {"C": 34.29110242843409, "epsilon": 4.069834737033601, "gamma": 0.05, "lamda": 1.0}, "datetime": {"datetime": "2021-07-03 16:26:07", "elapsed": 175.070948, "delta": 21.01319}}
{"target": 0.3784128002649265, "params": {"C": 36.55802842021992, "epsilon": 5.942257056516392, "gamma": 0.8366339813168924, "lamda": 0.17033575767681852}, "datetime": {"datetime": "2021-07-03 16:26:08", "elapsed": 175.640409, "delta": 0.569461}}
{"target": 0.4311115755668541, "params": {"C": 31.94093229674468, "epsilon": 8.465142130486534, "gamma": 0.6773362913689184, "lamda": 0.9051764112584734}, "datetime": {"datetime": "2021-07-03 16:26:08", "elapsed": 176.261109, "delta": 0.6207}}
{"target": 0.37202727619956244, "params": {"C": 31.105259763768014, "epsilon": 3.2530248818133143, "gamma": 0.8419618195992774, "lamda": 0.13668459639873082}, "datetime": {"datetime": "2021-07-03 16:26:09", "elapsed": 176.866274, "delta": 0.605165}}
{"target": -4.378677210766449, "params": {"C": 30.45414000787255, "epsilon": 8.939764061022734, "gamma": 0.05, "lamda": 0.1}, "datetime": {"datetime": "2021-07-03 16:26:20", "elapsed": 187.95548, "delta": 11.089206}}
{"target": 0.3656441982553599, "params": {"C": 34.22425644563025, "epsilon": 10.0, "gamma": 0.9, "lamda": 0.1}, "datetime": {"datetime": "2021-07-03 16:26:21", "elapsed": 188.536752, "delta": 0.581272}}
{"target": -8.025445740171916, "params": {"C": 33.875111773280274, "epsilon": 8.22329160762209, "gamma": 0.05, "lamda": 0.1}, "datetime": {"datetime": "2021-07-03 16:26:33", "elapsed": 201.328031, "delta": 12.791279}}
{"target": 0.37179042475769186, "params": {"C": 35.672962756269236, "epsilon": 6.242777409626328, "gamma": 0.8642600224811595, "lamda": 0.5997588463677083}, "datetime": {"datetime": "2021-07-03 16:26:34", "elapsed": 202.404252, "delta": 1.076221}}
{"target": -7.58496138483601, "params": {"C": 35.82737762603934, "epsilon": 7.338237781214747, "gamma": 0.05, "lamda": 0.7132879931743954}, "datetime": {"datetime": "2021-07-03 16:27:06", "elapsed": 233.869892, "delta": 31.46564}}
{"target": 0.40136341513389173, "params": {"C": 42.64235777918907, "epsilon": 4.762496754821902, "gamma": 0.7511926806658201, "lamda": 0.42216008130451166}, "datetime": {"datetime": "2021-07-03 16:27:07", "elapsed": 234.531025, "delta": 0.661133}}
{"target": 0.536885273337667, "params": {"C": 35.47112372241793, "epsilon": 5.7959687380960485, "gamma": 0.4309304386288601, "lamda": 0.2168688050139957}, "datetime": {"datetime": "2021-07-03 16:27:07", "elapsed": 235.159953, "delta": 0.628928}}
{"target": 0.8038930231989567, "params": {"C": 59.7095036909531, "epsilon": 6.796357839947208, "gamma": 0.12463865800635392, "lamda": 0.16355692417437845}, "datetime": {"datetime": "2021-07-03 16:27:08", "elapsed": 235.845787, "delta": 0.685834}}
{"target": 0.4549235158984294, "params": {"C": 31.889208605948557, "epsilon": 2.9374722462120304, "gamma": 0.5979820262380121, "lamda": 0.4953737305338925}, "datetime": {"datetime": "2021-07-03 16:27:09", "elapsed": 236.836985, "delta": 0.991198}}
{"target": 0.4299889821015864, "params": {"C": 34.57283694327131, "epsilon": 6.6513414542661735, "gamma": 0.6745162111624954, "lamda": 0.30972727184219634}, "datetime": {"datetime": "2021-07-03 16:27:10", "elapsed": 238.244754, "delta": 1.407769}}
{"target": -0.5736818969568331, "params": {"C": 31.105287207166892, "epsilon": 2.729599312819715, "gamma": 0.2857513961434699, "lamda": 0.8512916632360071}, "datetime": {"datetime": "2021-07-03 16:27:28", "elapsed": 256.240609, "delta": 17.995855}}
{"target": -0.3565389063424307, "params": {"C": 31.84483886579427, "epsilon": 1.8829070529915874, "gamma": 0.5169495912495465, "lamda": 0.5686720599922125}, "datetime": {"datetime": "2021-07-03 16:27:49", "elapsed": 277.054682, "delta": 20.814073}}
{"target": -0.27151816109351024, "params": {"C": 31.873570484831426, "epsilon": 1.8215393458981897, "gamma": 0.7108781797658986, "lamda": 0.8922885628760104}, "datetime": {"datetime": "2021-07-03 16:28:07", "elapsed": 295.189949, "delta": 18.135267}}
{"target": 0.3854420942172837, "params": {"C": 31.953718163196996, "epsilon": 1.636557214900058, "gamma": 0.7841325851960426, "lamda": 0.5755862261055934}, "datetime": {"datetime": "2021-07-03 16:28:08", "elapsed": 296.167302, "delta": 0.977353}}
{"target": 0.38809291252109634, "params": {"C": 38.596960383685484, "epsilon": 1.934803999600234, "gamma": 0.7755314458094162, "lamda": 0.22703729223637473}, "datetime": {"datetime": "2021-07-03 16:28:09", "elapsed": 296.727383, "delta": 0.560081}}
{"target": 0.5461052504515878, "params": {"C": 35.44809704261646, "epsilon": 6.232694054201522, "gamma": 0.41490835068548726, "lamda": 0.3700060954327809}, "datetime": {"datetime": "2021-07-03 16:28:10", "elapsed": 297.734787, "delta": 1.007404}}
{"target": 0.6516176007247996, "params": {"C": 58.17567674710645, "epsilon": 9.747024395613991, "gamma": 0.2609524261175723, "lamda": 0.22461197503284747}, "datetime": {"datetime": "2021-07-03 16:28:11", "elapsed": 298.608519, "delta": 0.873732}}
{"target": 0.38963357794006814, "params": {"C": 32.07511453478746, "epsilon": 2.0431725501048814, "gamma": 0.7746896777723743, "lamda": 0.6164730896172341}, "datetime": {"datetime": "2021-07-03 16:28:12", "elapsed": 299.5912, "delta": 0.982681}}
{"target": 0.5463250598868195, "params": {"C": 34.99985646394408, "epsilon": 6.446718746085831, "gamma": 0.4148532966706933, "lamda": 0.30096002120519155}, "datetime": {"datetime": "2021-07-03 16:28:12", "elapsed": 300.38963, "delta": 0.79843}}
{"target": 0.5097705274695261, "params": {"C": 31.56174382389267, "epsilon": 3.3217264111846854, "gamma": 0.4789688435500511, "lamda": 0.651887095860882}, "datetime": {"datetime": "2021-07-03 16:28:14", "elapsed": 301.712205, "delta": 1.322575}}
{"target": 0.5112362839833651, "params": {"C": 34.77056887429504, "epsilon": 5.305928056201958, "gamma": 0.4806876966430507, "lamda": 0.20902455714650914}, "datetime": {"datetime": "2021-07-03 16:28:14", "elapsed": 302.258183, "delta": 0.545978}}
{"target": 0.3905432195312778, "params": {"C": 35.17734411488166, "epsilon": 5.908590999888512, "gamma": 0.7966908616964856, "lamda": 0.22658322704247147}, "datetime": {"datetime": "2021-07-03 16:28:16", "elapsed": 303.784871, "delta": 1.526688}}
{"target": 0.3634875336625386, "params": {"C": 35.06650378634685, "epsilon": 6.520954843352156, "gamma": 0.8956618044481252, "lamda": 0.4156602524778219}, "datetime": {"datetime": "2021-07-03 16:28:18", "elapsed": 306.040104, "delta": 2.255233}}
{"target": 0.49969218542134497, "params": {"C": 35.129116010614354, "epsilon": 5.935482520122229, "gamma": 0.507821238473634, "lamda": 0.6958254489935729}, "datetime": {"datetime": "2021-07-03 16:28:19", "elapsed": 307.110814, "delta": 1.07071}}
{"target": 0.7222101724308317, "params": {"C": 35.009089982005165, "epsilon": 5.935024524898813, "gamma": 0.19487141351689677, "lamda": 0.24410617171664747}, "datetime": {"datetime": "2021-07-03 16:28:21", "elapsed": 308.887358, "delta": 1.776544}}
{"target": 0.4342193881772819, "params": {"C": 35.50351104857492, "epsilon": 5.5024497006162925, "gamma": 0.6593478222830655, "lamda": 0.655749928727114}, "datetime": {"datetime": "2021-07-03 16:28:22", "elapsed": 310.016057, "delta": 1.128699}}
{"target": 0.4362126803128695, "params": {"C": 53.979459761797, "epsilon": 3.448202184346826, "gamma": 0.6438433879402418, "lamda": 0.4995129372251349}, "datetime": {"datetime": "2021-07-03 16:28:23", "elapsed": 311.144517, "delta": 1.12846}}
{"target": 0.4830615248291351, "params": {"C": 34.607499193862296, "epsilon": 6.16830182699387, "gamma": 0.5438949833283537, "lamda": 0.5861952164159664}, "datetime": {"datetime": "2021-07-03 16:28:24", "elapsed": 311.965623, "delta": 0.821106}}
{"target": 0.39343316056300115, "params": {"C": 35.97717777174322, "epsilon": 5.759522662358141, "gamma": 0.7870640518786393, "lamda": 0.375569668259579}, "datetime": {"datetime": "2021-07-03 16:28:26", "elapsed": 313.642241, "delta": 1.676618}}
{"target": 0.41103957138890956, "params": {"C": 34.51455044129961, "epsilon": 5.719586698057743, "gamma": 0.7259640120624491, "lamda": 0.27165159803540984}, "datetime": {"datetime": "2021-07-03 16:28:27", "elapsed": 315.227538, "delta": 1.585297}}
{"target": 0.4110766789263154, "params": {"C": 53.99052529552244, "epsilon": 4.452609892206157, "gamma": 0.7160623436861793, "lamda": 0.7427180112479325}, "datetime": {"datetime": "2021-07-03 16:28:28", "elapsed": 316.296672, "delta": 1.069134}}
{"target": 0.5705381791861495, "params": {"C": 34.69332648384378, "epsilon": 5.5739012405611845, "gamma": 0.37430935453370523, "lamda": 0.6472465663083129}, "datetime": {"datetime": "2021-07-03 16:28:29", "elapsed": 317.37847, "delta": 1.081798}}
{"target": 0.554388135903654, "params": {"C": 32.16765667426095, "epsilon": 3.5171644861207945, "gamma": 0.39813485983962305, "lamda": 0.6876317794130006}, "datetime": {"datetime": "2021-07-03 16:28:31", "elapsed": 318.674133, "delta": 1.295663}}
{"target": 0.3895857117281609, "params": {"C": 47.09739039407675, "epsilon": 1.313476267066234, "gamma": 0.7627380156880791, "lamda": 0.5863063146833866}, "datetime": {"datetime": "2021-07-03 16:28:31", "elapsed": 319.239063, "delta": 0.56493}}
{"target": 0.40390216812743196, "params": {"C": 31.925133502431258, "epsilon": 3.4960789591432158, "gamma": 0.7371162010503451, "lamda": 0.2425124142217838}, "datetime": {"datetime": "2021-07-03 16:28:33", "elapsed": 320.404771, "delta": 1.165708}}
{"target": 0.36385411632168285, "params": {"C": 58.600537332484976, "epsilon": 7.895667461449437, "gamma": 0.8997609155984577, "lamda": 0.40273402393867996}, "datetime": {"datetime": "2021-07-03 16:28:33", "elapsed": 320.942895, "delta": 0.538124}}
{"target": -2.5730086103496017, "params": {"C": 31.828674223653945, "epsilon": 3.423240119878833, "gamma": 0.10217442420087133, "lamda": 0.3200935640672626}, "datetime": {"datetime": "2021-07-03 16:28:53", "elapsed": 341.08052, "delta": 20.137625}}
{"target": 0.43568513496075045, "params": {"C": 31.838329452899863, "epsilon": 3.8416518541240725, "gamma": 0.6521093707362489, "lamda": 0.8790131387988728}, "datetime": {"datetime": "2021-07-03 16:28:55", "elapsed": 342.954694, "delta": 1.874174}}
{"target": 0.4153568256417185, "params": {"C": 45.81898908975174, "epsilon": 8.272641730440293, "gamma": 0.7214996863812062, "lamda": 0.678897734863876}, "datetime": {"datetime": "2021-07-03 16:28:56", "elapsed": 343.537373, "delta": 0.582679}}
{"target": 0.38226672260019945, "params": {"C": 31.94050466909186, "epsilon": 3.3638507070468933, "gamma": 0.8086078010783431, "lamda": 0.9631475159275291}, "datetime": {"datetime": "2021-07-03 16:28:57", "elapsed": 345.156438, "delta": 1.619065}}
{"target": -7.7934341162434, "params": {"C": 34.9791474170123, "epsilon": 6.268895228652755, "gamma": 0.05, "lamda": 0.7072065735240559}, "datetime": {"datetime": "2021-07-03 16:29:20", "elapsed": 367.510603, "delta": 22.354165}}
{"target": 0.3834233697386884, "params": {"C": 34.879562780393535, "epsilon": 5.707249876931306, "gamma": 0.8203931947995258, "lamda": 0.7081290328675662}, "datetime": {"datetime": "2021-07-03 16:29:20", "elapsed": 368.149676, "delta": 0.639073}}
{"target": 0.47114064715463355, "params": {"C": 34.79083280064749, "epsilon": 6.103305250386116, "gamma": 0.5709355379731932, "lamda": 0.11151461732464392}, "datetime": {"datetime": "2021-07-03 16:29:22", "elapsed": 370.043353, "delta": 1.893677}}
{"target": 0.45703769383785087, "params": {"C": 48.123599471291186, "epsilon": 7.2105655731728335, "gamma": 0.6043909036815678, "lamda": 0.4735846170619542}, "datetime": {"datetime": "2021-07-03 16:29:23", "elapsed": 371.303696, "delta": 1.260343}}
{"target": 0.3617494491190878, "params": {"C": 34.78079444550285, "epsilon": 6.132923941812258, "gamma": 0.9, "lamda": 0.46571472719531226}, "datetime": {"datetime": "2021-07-03 16:29:29", "elapsed": 377.049236, "delta": 5.74554}}
{"target": 0.48603849378393404, "params": {"C": 38.26992745613704, "epsilon": 4.536420392723484, "gamma": 0.5329450101050749, "lamda": 0.20767241253050422}, "datetime": {"datetime": "2021-07-03 16:29:30", "elapsed": 378.020159, "delta": 0.970923}}
{"target": 0.6221640520516446, "params": {"C": 35.07521169717614, "epsilon": 5.51652913110908, "gamma": 0.3030936391083961, "lamda": 0.13617095551646702}, "datetime": {"datetime": "2021-07-03 16:29:32", "elapsed": 379.744675, "delta": 1.724516}}
{"target": 0.3703112342672904, "params": {"C": 32.3348853657198, "epsilon": 3.295769765106103, "gamma": 0.8481717245414325, "lamda": 0.5287451976044372}, "datetime": {"datetime": "2021-07-03 16:29:33", "elapsed": 380.641478, "delta": 0.896803}}
{"target": -5.349405073829129, "params": {"C": 52.35550975613944, "epsilon": 2.0620018759600813, "gamma": 0.059170191325981336, "lamda": 0.6307453002117914}, "datetime": {"datetime": "2021-07-03 16:30:01", "elapsed": 408.553503, "delta": 27.912025}}
{"target": 0.4379987088880515, "params": {"C": 30.211760790161957, "epsilon": 2.525646191964579, "gamma": 0.639330854093958, "lamda": 0.7670154553169861}, "datetime": {"datetime": "2021-07-03 16:30:01", "elapsed": 409.209819, "delta": 0.656316}}
{"target": 0.4852865527616703, "params": {"C": 35.61117684016064, "epsilon": 6.637504280848153, "gamma": 0.5395250201998761, "lamda": 0.1701629486866142}, "datetime": {"datetime": "2021-07-03 16:30:03", "elapsed": 411.222344, "delta": 2.012525}}
{"target": 0.8374783947594053, "params": {"C": 35.68769487369247, "epsilon": 6.236279923840471, "gamma": 0.09200248990745635, "lamda": 0.12229756958430221}, "datetime": {"datetime": "2021-07-03 16:30:05", "elapsed": 412.746315, "delta": 1.523971}}
{"target": 0.5141752444701191, "params": {"C": 46.26726752935096, "epsilon": 6.642818620576474, "gamma": 0.4733016761489236, "lamda": 0.2644144011404791}, "datetime": {"datetime": "2021-07-03 16:30:07", "elapsed": 415.194755, "delta": 2.44844}}
{"target": 0.39818755539698225, "params": {"C": 34.084806182926286, "epsilon": 6.22360956131704, "gamma": 0.7751410443277619, "lamda": 0.42884330547599614}, "datetime": {"datetime": "2021-07-03 16:30:09", "elapsed": 417.18277, "delta": 1.988015}}
{"target": 0.4619958587214994, "params": {"C": 51.63235977019645, "epsilon": 9.253026357231512, "gamma": 0.5954862770978792, "lamda": 0.30414569833754806}, "datetime": {"datetime": "2021-07-03 16:30:10", "elapsed": 418.176111, "delta": 0.993341}}
