{"target": -3.019847846017628, "params": {"C": 20.39739404105456, "epsilon": 3.1449851738191636, "gamma": 0.14814409041733567, "lamda": 1.171443178311825}, "datetime": {"datetime": "2021-09-19 13:00:40", "elapsed": 786.606391, "delta": 13.641132}}
{"target": -3.8928591116356843, "params": {"C": 45.34441677265046, "epsilon": 10.361509961566837, "gamma": 0.17596969445713445, "lamda": 0.6241222397984129}, "datetime": {"datetime": "2021-09-19 13:00:54", "elapsed": 800.198373, "delta": 13.591982}}
{"target": -6.5172981497189735, "params": {"C": 75.53520910658807, "epsilon": 10.366460679309249, "gamma": 0.07476184920244218, "lamda": 0.9940706464717295}, "datetime": {"datetime": "2021-09-19 13:01:08", "elapsed": 814.606352, "delta": 14.407979}}
{"target": -5.783460532575706, "params": {"C": 49.63106438794573, "epsilon": 7.627229753102732, "gamma": 0.07861330604956111, "lamda": 1.0018978860895666}, "datetime": {"datetime": "2021-09-19 13:01:23", "elapsed": 829.182389, "delta": 14.576037}}
{"target": -6.135788413548461, "params": {"C": 31.683186095682057, "epsilon": 12.374345479886783, "gamma": 0.05079015079273976, "lamda": 0.1801262409229786}, "datetime": {"datetime": "2021-09-19 13:01:28", "elapsed": 835.010855, "delta": 5.828466}}
{"target": -2.0753401354453698, "params": {"C": 49.865784312213094, "epsilon": 4.2950993697535615, "gamma": 0.14338159689075813, "lamda": 1.2386030978382885}, "datetime": {"datetime": "2021-09-19 13:01:37", "elapsed": 843.554138, "delta": 8.543283}}
{"target": -2.874372526219833, "params": {"C": 34.32768799444974, "epsilon": 4.97983491618773, "gamma": 0.12193627314640404, "lamda": 0.1931323591646501}, "datetime": {"datetime": "2021-09-19 13:01:45", "elapsed": 851.539558, "delta": 7.98542}}
{"target": -3.4549892678311105, "params": {"C": 41.299940446098304, "epsilon": 2.3788206755177894, "gamma": 0.10357413561263076, "lamda": 1.3785016309683}, "datetime": {"datetime": "2021-09-19 13:01:59", "elapsed": 865.178128, "delta": 13.63857}}
{"target": 0.8752982805209087, "params": {"C": 34.759298883575255, "epsilon": 3.6351046641804228, "gamma": 0.16977565454363208, "lamda": 1.2850104473504471}, "datetime": {"datetime": "2021-09-19 13:01:59", "elapsed": 865.756213, "delta": 0.578085}}
{"target": 0.8857060397122855, "params": {"C": 29.461153375698398, "epsilon": 6.980652047298259, "gamma": 0.11656107047979092, "lamda": 0.0838266007050892}, "datetime": {"datetime": "2021-09-19 13:02:00", "elapsed": 866.521839, "delta": 0.765626}}
{"target": -5.99259892578256, "params": {"C": 58.60725494111991, "epsilon": 11.387683729984204, "gamma": 0.09334946536818228, "lamda": 0.651146133325871}, "datetime": {"datetime": "2021-09-19 13:02:13", "elapsed": 879.916166, "delta": 13.394327}}
{"target": -1.8766577572968477, "params": {"C": 45.16405029408191, "epsilon": 5.151291904080736, "gamma": 0.14942077312265084, "lamda": 0.845807815481964}, "datetime": {"datetime": "2021-09-19 13:02:22", "elapsed": 888.448612, "delta": 8.532446}}
{"target": -6.227131505420834, "params": {"C": 45.01515427202118, "epsilon": 12.42484017675453, "gamma": 0.0920620847160454, "lamda": 0.9728344813447043}, "datetime": {"datetime": "2021-09-19 13:02:36", "elapsed": 902.58747, "delta": 14.138858}}
{"target": -5.286241726156383, "params": {"C": 58.82905458637287, "epsilon": 12.320979885834308, "gamma": 0.13274965807168704, "lamda": 1.185567040716251}, "datetime": {"datetime": "2021-09-19 13:02:50", "elapsed": 916.23683, "delta": 13.64936}}
{"target": 0.8838925571106862, "params": {"C": 30.933596393175314, "epsilon": 7.039536770650716, "gamma": 0.12247557272691413, "lamda": 0.38441184355922886}, "datetime": {"datetime": "2021-09-19 13:02:50", "elapsed": 916.861834, "delta": 0.625004}}
{"target": -4.554843530270162, "params": {"C": 30.68178070664952, "epsilon": 8.77418315493598, "gamma": 0.1152175358949874, "lamda": 0.8592899291156686}, "datetime": {"datetime": "2021-09-19 13:03:04", "elapsed": 930.794752, "delta": 13.932918}}
{"target": -3.5033448461085728, "params": {"C": 25.727470628462743, "epsilon": 2.2472907584046165, "gamma": 0.09708267788689363, "lamda": 1.3815647920145304}, "datetime": {"datetime": "2021-09-19 13:03:13", "elapsed": 939.95738, "delta": 9.162628}}
{"target": -5.62789032055257, "params": {"C": 73.0457255443264, "epsilon": 12.999052409116246, "gamma": 0.12938355228623954, "lamda": 1.3609815875816598}, "datetime": {"datetime": "2021-09-19 13:03:27", "elapsed": 953.417187, "delta": 13.459807}}
{"target": -5.834799273708419, "params": {"C": 54.37569501014756, "epsilon": 12.516276391880305, "gamma": 0.11775087338870648, "lamda": 0.6951602474642375}, "datetime": {"datetime": "2021-09-19 13:03:41", "elapsed": 967.308105, "delta": 13.890918}}
{"target": 0.8662878530898362, "params": {"C": 63.253882211468934, "epsilon": 13.903395388397692, "gamma": 0.18981274447131619, "lamda": 0.006647936802312783}, "datetime": {"datetime": "2021-09-19 13:03:41", "elapsed": 967.967063, "delta": 0.658958}}
{"target": -4.665915939217786, "params": {"C": 66.29500289946898, "epsilon": 7.685691834967484, "gamma": 0.1367807608362266, "lamda": 0.5487863207928904}, "datetime": {"datetime": "2021-09-19 13:03:55", "elapsed": 981.685443, "delta": 13.71838}}
{"target": -1.9317714156655672, "params": {"C": 29.616405737820166, "epsilon": 2.0619673179413933, "gamma": 0.18990863200910263, "lamda": 0.5401129499683188}, "datetime": {"datetime": "2021-09-19 13:04:08", "elapsed": 995.01061, "delta": 13.325167}}
{"target": -4.943193854435481, "params": {"C": 29.607457229276722, "epsilon": 7.152573138705513, "gamma": 0.0776076081526699, "lamda": 0.03787523351674532}, "datetime": {"datetime": "2021-09-19 13:04:18", "elapsed": 1004.31284, "delta": 9.30223}}
{"target": -4.6325920142192984, "params": {"C": 54.96543287603151, "epsilon": 11.541044689452958, "gamma": 0.14578736227058403, "lamda": 1.2545825635591257}, "datetime": {"datetime": "2021-09-19 13:04:32", "elapsed": 1018.274165, "delta": 13.961325}}
{"target": -4.452994205714822, "params": {"C": 54.27214756571461, "epsilon": 11.288581751363935, "gamma": 0.1523087731019309, "lamda": 0.9367568442986424}, "datetime": {"datetime": "2021-09-19 13:04:46", "elapsed": 1032.2812, "delta": 14.007035}}
{"target": -4.015300480495551, "params": {"C": 35.04049406512638, "epsilon": 10.779557320689893, "gamma": 0.17396215140982807, "lamda": 0.9322981128343002}, "datetime": {"datetime": "2021-09-19 13:05:00", "elapsed": 1046.08729, "delta": 13.80609}}
{"target": 0.8828881556929392, "params": {"C": 23.094579372234808, "epsilon": 4.736613053096721, "gamma": 0.10655199058463159, "lamda": 0.8346817367083678}, "datetime": {"datetime": "2021-09-19 13:05:00", "elapsed": 1046.811289, "delta": 0.723999}}
{"target": -5.903350771510793, "params": {"C": 40.12801214821258, "epsilon": 10.24930313494976, "gamma": 0.0854344270895167, "lamda": 1.293241817326481}, "datetime": {"datetime": "2021-09-19 13:05:15", "elapsed": 1061.177117, "delta": 14.365828}}
{"target": -3.3904165400493573, "params": {"C": 54.36220449302756, "epsilon": 8.927553913354867, "gamma": 0.1536087875411805, "lamda": 1.0796008316664745}, "datetime": {"datetime": "2021-09-19 13:05:28", "elapsed": 1074.743546, "delta": 13.566429}}
{"target": -1.2745871745748336, "params": {"C": 78.27693733406252, "epsilon": 7.084687431210073, "gamma": 0.1953934121090587, "lamda": 1.154265957855146}, "datetime": {"datetime": "2021-09-19 13:05:37", "elapsed": 1083.414509, "delta": 8.670963}}
{"target": -3.4000521251364226, "params": {"C": 63.770721586543154, "epsilon": 9.160229207418855, "gamma": 0.17582061423076167, "lamda": 1.137377125071927}, "datetime": {"datetime": "2021-09-19 13:05:50", "elapsed": 1096.756547, "delta": 13.342038}}
{"target": -2.074433080605913, "params": {"C": 63.82746349699187, "epsilon": 4.222359875109498, "gamma": 0.16144725440540886, "lamda": 0.06525780049155971}, "datetime": {"datetime": "2021-09-19 13:06:04", "elapsed": 1110.184552, "delta": 13.428005}}
{"target": -5.047391771522632, "params": {"C": 74.34177155163985, "epsilon": 4.745168077742626, "gamma": 0.058276071937070614, "lamda": 1.4018341281362103}, "datetime": {"datetime": "2021-09-19 13:06:12", "elapsed": 1118.882642, "delta": 8.69809}}
{"target": -3.3987503494851827, "params": {"C": 66.87579446043823, "epsilon": 5.291143595629677, "gamma": 0.08053038492576395, "lamda": 1.4164423321879829}, "datetime": {"datetime": "2021-09-19 13:06:21", "elapsed": 1127.603829, "delta": 8.721187}}
{"target": -3.789845540576053, "params": {"C": 64.9206410331073, "epsilon": 9.160815565648488, "gamma": 0.1553238368113798, "lamda": 1.387800677647727}, "datetime": {"datetime": "2021-09-19 13:06:36", "elapsed": 1142.438771, "delta": 14.834942}}
{"target": -4.895607451768244, "params": {"C": 43.053875312676624, "epsilon": 1.4766532354049948, "gamma": 0.05963712824047737, "lamda": 0.32349055875231386}, "datetime": {"datetime": "2021-09-19 13:06:45", "elapsed": 1151.443735, "delta": 9.004964}}
{"target": -2.932868411868186, "params": {"C": 68.29258208732784, "epsilon": 5.068450192646355, "gamma": 0.1064020379873387, "lamda": 0.39035990420731115}, "datetime": {"datetime": "2021-09-19 13:06:54", "elapsed": 1160.612777, "delta": 9.169042}}
{"target": -4.10910891190766, "params": {"C": 30.292383065778502, "epsilon": 10.821732611885668, "gamma": 0.1675743685003046, "lamda": 0.7862590238693253}, "datetime": {"datetime": "2021-09-19 13:07:09", "elapsed": 1175.611544, "delta": 14.998767}}
{"target": 0.8831226350878615, "params": {"C": 46.15244098016411, "epsilon": 6.3962530224243155, "gamma": 0.13318176298461515, "lamda": 0.2880440712946139}, "datetime": {"datetime": "2021-09-19 13:07:10", "elapsed": 1176.336543, "delta": 0.724999}}
{"target": -6.19677983108368, "params": {"C": 58.979068035730954, "epsilon": 2.2396388121216493, "gamma": 0.060430824975292896, "lamda": 1.426504307797144}, "datetime": {"datetime": "2021-09-19 13:07:25", "elapsed": 1191.26846, "delta": 14.931917}}
{"target": -5.34011088998707, "params": {"C": 51.49579720268903, "epsilon": 2.1166122359561585, "gamma": 0.061080905170765275, "lamda": 0.7974187947726176}, "datetime": {"datetime": "2021-09-19 13:07:33", "elapsed": 1199.640462, "delta": 8.372002}}
{"target": 0.8780294252572352, "params": {"C": 46.06736958668941, "epsilon": 7.443188190472597, "gamma": 0.1501611720096574, "lamda": 0.04407522052285697}, "datetime": {"datetime": "2021-09-19 13:07:34", "elapsed": 1200.41345, "delta": 0.772988}}
{"target": -5.620149576458813, "params": {"C": 47.75539922660677, "epsilon": 10.44657851119573, "gamma": 0.09480162563421893, "lamda": 0.5430263439559031}, "datetime": {"datetime": "2021-09-19 13:07:48", "elapsed": 1215.006451, "delta": 14.593001}}
{"target": -3.6001837399306265, "params": {"C": 43.218541072111265, "epsilon": 8.81324477874744, "gamma": 0.1643222128355977, "lamda": 0.5613105408089839}, "datetime": {"datetime": "2021-09-19 13:08:03", "elapsed": 1229.124451, "delta": 14.118}}
{"target": -2.414781531488646, "params": {"C": 44.74511886616723, "epsilon": 3.2952332618200315, "gamma": 0.12527269820542686, "lamda": 1.3930134620808654}, "datetime": {"datetime": "2021-09-19 13:08:12", "elapsed": 1238.081733, "delta": 8.957282}}
{"target": 0.8729758431961869, "params": {"C": 52.05419132105788, "epsilon": 5.664029131889207, "gamma": 0.1974580899038894, "lamda": 0.043888935724901906}, "datetime": {"datetime": "2021-09-19 13:08:12", "elapsed": 1238.841936, "delta": 0.760203}}
{"target": -2.4343877917273207, "params": {"C": 53.50127008782462, "epsilon": 3.353494639370683, "gamma": 0.1427571494124005, "lamda": 0.12237684154524966}, "datetime": {"datetime": "2021-09-19 13:08:26", "elapsed": 1252.085545, "delta": 13.243609}}
{"target": -2.7691423538883093, "params": {"C": 42.901644034053106, "epsilon": 3.57878499722998, "gamma": 0.0941770951205308, "lamda": 1.164765075457765}, "datetime": {"datetime": "2021-09-19 13:08:35", "elapsed": 1261.285432, "delta": 9.199887}}
{"target": -3.1004170801788895, "params": {"C": 40.0077166443099, "epsilon": 5.8630756777867, "gamma": 0.0964515718343176, "lamda": 0.8243750971039322}, "datetime": {"datetime": "2021-09-19 13:08:44", "elapsed": 1270.334196, "delta": 9.048764}}
{"target": -4.301341216746997, "params": {"C": 20.212339921123238, "epsilon": 12.192877839977863, "gamma": 0.1782021358863521, "lamda": 0.3736144313726247}, "datetime": {"datetime": "2021-09-19 13:08:58", "elapsed": 1284.607379, "delta": 14.273183}}
{"target": -6.520066236785203, "params": {"C": 25.873463806570662, "epsilon": 9.270159208800662, "gamma": 0.05909657451452846, "lamda": 1.4553847197393701}, "datetime": {"datetime": "2021-09-19 13:09:13", "elapsed": 1299.767617, "delta": 15.160238}}
{"target": -4.396043798551501, "params": {"C": 20.62097751478276, "epsilon": 5.084598773720853, "gamma": 0.07498043730186718, "lamda": 0.04506238453475065}, "datetime": {"datetime": "2021-09-19 13:09:28", "elapsed": 1314.059023, "delta": 14.291406}}
{"target": -5.157202350706498, "params": {"C": 78.81921428537473, "epsilon": 3.6207859097734585, "gamma": 0.08527365642621723, "lamda": 0.9869239252465262}, "datetime": {"datetime": "2021-09-19 13:09:37", "elapsed": 1323.204538, "delta": 9.145515}}
{"target": -2.6365517398328437, "params": {"C": 32.58731389015446, "epsilon": 2.9912240679383912, "gamma": 0.14766810091097327, "lamda": 0.5449039491641734}, "datetime": {"datetime": "2021-09-19 13:09:45", "elapsed": 1331.69464, "delta": 8.490102}}
{"target": -4.7059806362826775, "params": {"C": 34.75994132630028, "epsilon": 3.6174697359213552, "gamma": 0.08647745367917804, "lamda": 1.197134116324034}, "datetime": {"datetime": "2021-09-19 13:09:55", "elapsed": 1341.678716, "delta": 9.984076}}
{"target": -4.680166093503296, "params": {"C": 56.45536019877059, "epsilon": 9.933841396616998, "gamma": 0.12670343181151744, "lamda": 0.6860370084595745}, "datetime": {"datetime": "2021-09-19 13:10:09", "elapsed": 1355.535321, "delta": 13.856605}}
{"target": -4.538236466535055, "params": {"C": 60.10514318981947, "epsilon": 6.219655445623427, "gamma": 0.06085438965970602, "lamda": 1.3918982388065786}, "datetime": {"datetime": "2021-09-19 13:10:18", "elapsed": 1364.292749, "delta": 8.757428}}
{"target": -5.66105130127022, "params": {"C": 69.40101287436626, "epsilon": 6.236766228992154, "gamma": 0.08130003316708831, "lamda": 1.2708280868585642}, "datetime": {"datetime": "2021-09-19 13:10:32", "elapsed": 1379.024973, "delta": 14.732224}}
{"target": -3.44472602472272, "params": {"C": 79.72630365095186, "epsilon": 2.5800624441459132, "gamma": 0.10914376153499306, "lamda": 0.7651455277852806}, "datetime": {"datetime": "2021-09-19 13:10:42", "elapsed": 1388.3392, "delta": 9.314227}}
{"target": -6.125510465315291, "params": {"C": 47.46552337488612, "epsilon": 11.213045430440102, "gamma": 0.09809281939973649, "lamda": 1.4122864095268328}, "datetime": {"datetime": "2021-09-19 13:10:56", "elapsed": 1402.740583, "delta": 14.401383}}
{"target": -2.5068290467365157, "params": {"C": 65.03505866704748, "epsilon": 6.376497796151697, "gamma": 0.1293028564547316, "lamda": 1.0952520305007338}, "datetime": {"datetime": "2021-09-19 13:11:06", "elapsed": 1412.090377, "delta": 9.349794}}
{"target": -3.7299153140264476, "params": {"C": 36.72255320506823, "epsilon": 5.359700469401508, "gamma": 0.11320869892067512, "lamda": 0.0863857092026163}, "datetime": {"datetime": "2021-09-19 13:11:14", "elapsed": 1420.314472, "delta": 8.224095}}
{"target": -6.122466425794878, "params": {"C": 33.41626910139777, "epsilon": 9.129567178557066, "gamma": 0.0912306569796523, "lamda": 1.0208638953118936}, "datetime": {"datetime": "2021-09-19 13:11:29", "elapsed": 1435.277982, "delta": 14.96351}}
{"target": -5.808779101429916, "params": {"C": 65.98853117949125, "epsilon": 7.727295384519543, "gamma": 0.059780226069701514, "lamda": 1.4453188588326935}, "datetime": {"datetime": "2021-09-19 13:11:43", "elapsed": 1449.818292, "delta": 14.54031}}
{"target": -3.691977387988361, "params": {"C": 51.587755952666036, "epsilon": 10.1239747544546, "gamma": 0.16423691866785667, "lamda": 1.2007999459350984}, "datetime": {"datetime": "2021-09-19 13:11:57", "elapsed": 1463.542755, "delta": 13.724463}}
{"target": 0.8790237543224357, "params": {"C": 31.03756368198667, "epsilon": 7.078088344922806, "gamma": 0.14923064146278595, "lamda": 0.37677188616680923}, "datetime": {"datetime": "2021-09-19 13:11:58", "elapsed": 1464.464672, "delta": 0.921917}}
{"target": -1.5760160565489318, "params": {"C": 45.3225099812813, "epsilon": 4.0038415894235015, "gamma": 0.16027558479996545, "lamda": 1.4009244383134258}, "datetime": {"datetime": "2021-09-19 13:12:07", "elapsed": 1473.177258, "delta": 8.712586}}
{"target": -6.02639294508711, "params": {"C": 70.2982150963115, "epsilon": 10.743264987988686, "gamma": 0.09002043192097775, "lamda": 1.4627792379919335}, "datetime": {"datetime": "2021-09-19 13:12:20", "elapsed": 1486.953696, "delta": 13.776438}}
{"target": -5.301656432566758, "params": {"C": 30.926255114115207, "epsilon": 6.966760105922476, "gamma": 0.08389791210536385, "lamda": 0.5276362864677098}, "datetime": {"datetime": "2021-09-19 13:12:34", "elapsed": 1500.921405, "delta": 13.967709}}
{"target": 0.8813723847502387, "params": {"C": 29.49831606477526, "epsilon": 7.1668885898409105, "gamma": 0.13915896872986522, "lamda": 0.19640381812068258}, "datetime": {"datetime": "2021-09-19 13:12:35", "elapsed": 1501.940866, "delta": 1.019461}}
{"target": 0.8799491502711688, "params": {"C": 31.08356443691476, "epsilon": 6.994517954417179, "gamma": 0.14698705300475495, "lamda": 0.30340175415483056}, "datetime": {"datetime": "2021-09-19 13:12:36", "elapsed": 1502.862741, "delta": 0.921875}}
{"target": 0.8826745482489862, "params": {"C": 23.073286096337064, "epsilon": 4.681803618920213, "gamma": 0.10216469576177754, "lamda": 0.9255243951346875}, "datetime": {"datetime": "2021-09-19 13:12:37", "elapsed": 1503.707212, "delta": 0.844471}}
{"target": -5.390846529738401, "params": {"C": 58.87958874772578, "epsilon": 9.913548908558218, "gamma": 0.10184013416088328, "lamda": 1.292843397210522}, "datetime": {"datetime": "2021-09-19 13:12:51", "elapsed": 1517.566664, "delta": 13.859452}}
{"target": -4.788634914423185, "params": {"C": 52.37962792691492, "epsilon": 1.5581286024494008, "gamma": 0.08046528122266, "lamda": 0.142925187213272}, "datetime": {"datetime": "2021-09-19 13:13:00", "elapsed": 1526.527716, "delta": 8.961052}}
{"target": 0.8814290466441911, "params": {"C": 63.23365832520799, "epsilon": 13.918606213499341, "gamma": 0.11185193645388791, "lamda": 0.005085739493947868}, "datetime": {"datetime": "2021-09-19 13:13:01", "elapsed": 1527.529568, "delta": 1.001852}}
{"target": -5.140806095699233, "params": {"C": 41.10350150334891, "epsilon": 6.353623629385953, "gamma": 0.05612226065099088, "lamda": 0.3330388099914103}, "datetime": {"datetime": "2021-09-19 13:13:16", "elapsed": 1542.899234, "delta": 15.369666}}
{"target": -4.119265056393567, "params": {"C": 70.66237253605715, "epsilon": 9.394672999176459, "gamma": 0.15299588536688769, "lamda": 0.9548210099035302}, "datetime": {"datetime": "2021-09-19 13:13:31", "elapsed": 1557.043708, "delta": 14.144474}}
{"target": -3.4745467317414205, "params": {"C": 78.24140327181726, "epsilon": 7.1284916823502895, "gamma": 0.14387522961380672, "lamda": 1.1581079077929615}, "datetime": {"datetime": "2021-09-19 13:13:44", "elapsed": 1570.953979, "delta": 13.910271}}
{"target": -5.471802985870513, "params": {"C": 32.1849885908234, "epsilon": 1.0043417472324638, "gamma": 0.059789698064773425, "lamda": 1.026918947783818}, "datetime": {"datetime": "2021-09-19 13:13:53", "elapsed": 1579.610723, "delta": 8.656744}}
{"target": 0.8736470999930143, "params": {"C": 20.09832065350998, "epsilon": 3.0221783696485067, "gamma": 0.1497757453117422, "lamda": 1.2065911727410386}, "datetime": {"datetime": "2021-09-19 13:13:54", "elapsed": 1580.766974, "delta": 1.156251}}
{"target": -4.361663254144273, "params": {"C": 35.94862727591851, "epsilon": 10.417872614132467, "gamma": 0.14458700477926756, "lamda": 1.0326274623579355}, "datetime": {"datetime": "2021-09-19 13:14:08", "elapsed": 1594.963638, "delta": 14.196664}}
{"target": 0.887876870802897, "params": {"C": 29.58047671840014, "epsilon": 6.918516825103491, "gamma": 0.10893568616401895, "lamda": 0.17298495130621844}, "datetime": {"datetime": "2021-09-19 13:14:10", "elapsed": 1596.14028, "delta": 1.176642}}
{"target": -4.099322967197026, "params": {"C": 20.00197030487721, "epsilon": 5.953749249005134, "gamma": 0.1117048293227264, "lamda": 1.435560053106429}, "datetime": {"datetime": "2021-09-19 13:14:24", "elapsed": 1610.133407, "delta": 13.993127}}
{"target": -4.466315104254872, "params": {"C": 72.37866951762774, "epsilon": 2.181905954380608, "gamma": 0.06853442815069638, "lamda": 1.050627241073978}, "datetime": {"datetime": "2021-09-19 13:14:38", "elapsed": 1624.964301, "delta": 14.830894}}
{"target": -5.686599749736829, "params": {"C": 55.1852250748225, "epsilon": 7.063578260327526, "gamma": 0.06994411154530547, "lamda": 1.353799491857388}, "datetime": {"datetime": "2021-09-19 13:14:53", "elapsed": 1639.566404, "delta": 14.602103}}
{"target": 0.8732493614963621, "params": {"C": 52.13884777352756, "epsilon": 5.7039188021205565, "gamma": 0.19872207053332303, "lamda": 0.00010000040061465689}, "datetime": {"datetime": "2021-09-19 13:14:54", "elapsed": 1640.53998, "delta": 0.973576}}
{"target": 0.8814941114559132, "params": {"C": 30.98632792609864, "epsilon": 6.990880566738242, "gamma": 0.136147216308403, "lamda": 0.3468728755990277}, "datetime": {"datetime": "2021-09-19 13:14:55", "elapsed": 1641.632938, "delta": 1.092958}}
{"target": -4.201722151431432, "params": {"C": 50.65447475551281, "epsilon": 9.923748603438696, "gamma": 0.14870843239955892, "lamda": 1.273839607286738}, "datetime": {"datetime": "2021-09-19 13:15:09", "elapsed": 1655.709762, "delta": 14.076824}}
