{"target": 0.9077666243593169, "params": {"C": 71.91053128253627, "epsilon": 13.199051916367166, "gamma": 0.05660526308426334, "lamda": 0.024869755700599985}, "datetime": {"datetime": "2021-09-20 11:25:32", "elapsed": 2473.444038, "delta": 1.118025}}
{"target": 0.9043388341071513, "params": {"C": 68.11496528028992, "epsilon": 10.692882694178277, "gamma": 0.04754912685862564, "lamda": 0.00036756353008182956}, "datetime": {"datetime": "2021-09-20 11:25:33", "elapsed": 2474.348034, "delta": 0.903996}}
{"target": -2.7905563796958504, "params": {"C": 98.94377511740689, "epsilon": 10.568084274804871, "gamma": 0.059288258633044946, "lamda": 0.120647358447819}, "datetime": {"datetime": "2021-09-20 11:25:52", "elapsed": 2493.238954, "delta": 18.89092}}
{"target": -4.616477764425351, "params": {"C": 91.935579448336, "epsilon": 10.734046511465273, "gamma": 0.049213577245060515, "lamda": 0.15209923974064618}, "datetime": {"datetime": "2021-09-20 11:26:08", "elapsed": 2509.01413, "delta": 15.775176}}
{"target": -4.35657644037814, "params": {"C": 69.26907200430283, "epsilon": 11.061571214814212, "gamma": 0.046934981545408073, "lamda": 0.04924856870364739}, "datetime": {"datetime": "2021-09-20 11:26:18", "elapsed": 2518.950843, "delta": 9.936713}}
{"target": -8.581878881716165, "params": {"C": 83.01341852459046, "epsilon": 21.566086239461704, "gamma": 0.051990356281719136, "lamda": 0.10319087081762002}, "datetime": {"datetime": "2021-09-20 11:26:33", "elapsed": 2533.959488, "delta": 15.008645}}
{"target": -4.453440794398117, "params": {"C": 71.78676518078134, "epsilon": 21.70494875986737, "gamma": 0.056044240359921185, "lamda": 0.04892651692780923}, "datetime": {"datetime": "2021-09-20 11:26:43", "elapsed": 2544.360534, "delta": 10.401046}}
{"target": -3.108997185510927, "params": {"C": 92.88518323927633, "epsilon": 11.135918829987187, "gamma": 0.05753644582125555, "lamda": 0.17819049632032183}, "datetime": {"datetime": "2021-09-20 11:26:58", "elapsed": 2559.402699, "delta": 15.042165}}
{"target": -4.929242792652264, "params": {"C": 89.22016847490843, "epsilon": 19.678744310171357, "gamma": 0.043643117597099435, "lamda": 0.03218542951826864}, "datetime": {"datetime": "2021-09-20 11:27:15", "elapsed": 2576.515117, "delta": 17.112418}}
{"target": -6.651535892649084, "params": {"C": 96.86818911014763, "epsilon": 15.971203681199512, "gamma": 0.04425051885590281, "lamda": 0.0645496438275972}, "datetime": {"datetime": "2021-09-20 11:27:26", "elapsed": 2586.818132, "delta": 10.303015}}
{"target": -4.798566280034292, "params": {"C": 92.86881664029463, "epsilon": 11.084394715700707, "gamma": 0.050517335500020584, "lamda": 0.1591292231920877}, "datetime": {"datetime": "2021-09-20 11:27:41", "elapsed": 2602.547374, "delta": 15.729242}}
{"target": 0.9071964597142501, "params": {"C": 69.26219612115143, "epsilon": 11.067875997497959, "gamma": 0.058207745197134494, "lamda": 0.05828882267385439}, "datetime": {"datetime": "2021-09-20 11:27:42", "elapsed": 2603.41105, "delta": 0.863676}}
{"target": -5.264665946035553, "params": {"C": 92.95400669188237, "epsilon": 11.09668963430113, "gamma": 0.04339270856781175, "lamda": 0.1755511523146062}, "datetime": {"datetime": "2021-09-20 11:27:53", "elapsed": 2614.190009, "delta": 10.778959}}
{"target": -2.0438397730621896, "params": {"C": 94.86471677090165, "epsilon": 11.134945994849367, "gamma": 0.05791151884305068, "lamda": 0.04132549524559456}, "datetime": {"datetime": "2021-09-20 11:28:05", "elapsed": 2625.587764, "delta": 11.397755}}
{"target": -5.777000799608719, "params": {"C": 89.98554284782362, "epsilon": 14.238081368273642, "gamma": 0.04753878437885523, "lamda": 0.08273084788040669}, "datetime": {"datetime": "2021-09-20 11:28:20", "elapsed": 2641.248898, "delta": 15.661134}}
{"target": -7.375170006577385, "params": {"C": 73.34543215721774, "epsilon": 16.859062981522342, "gamma": 0.04501872526773015, "lamda": 0.16456979578231457}, "datetime": {"datetime": "2021-09-20 11:28:31", "elapsed": 2651.962067, "delta": 10.713169}}
{"target": -6.181396354231305, "params": {"C": 88.88085987561281, "epsilon": 14.607855006805563, "gamma": 0.04500888800681134, "lamda": 0.06517390789409691}, "datetime": {"datetime": "2021-09-20 11:28:42", "elapsed": 2662.689563, "delta": 10.727496}}
{"target": -7.013426654793658, "params": {"C": 83.165642839099, "epsilon": 16.846547118808324, "gamma": 0.04048681040882415, "lamda": 0.16693537557984198}, "datetime": {"datetime": "2021-09-20 11:28:52", "elapsed": 2673.517997, "delta": 10.828434}}
{"target": -5.278426517223245, "params": {"C": 92.86299149013989, "epsilon": 11.142104244401857, "gamma": 0.04501572931656982, "lamda": 0.18910866502881626}, "datetime": {"datetime": "2021-09-20 11:29:03", "elapsed": 2684.309436, "delta": 10.791439}}
{"target": -5.451859737497934, "params": {"C": 84.63748755402645, "epsilon": 15.4852625596204, "gamma": 0.05814881835738302, "lamda": 0.13864349781065596}, "datetime": {"datetime": "2021-09-20 11:29:13", "elapsed": 2694.421913, "delta": 10.112477}}
{"target": -3.070333098955466, "params": {"C": 69.26157564109872, "epsilon": 11.072595284122144, "gamma": 0.06, "lamda": 0.06741179878377555}, "datetime": {"datetime": "2021-09-20 11:29:30", "elapsed": 2710.82879, "delta": 16.406877}}
{"target": -4.524307084865304, "params": {"C": 72.77144565426833, "epsilon": 10.672485716694126, "gamma": 0.04696202435578097, "lamda": 0.08923855031640576}, "datetime": {"datetime": "2021-09-20 11:29:46", "elapsed": 2726.92897, "delta": 16.10018}}
{"target": -5.832658842911885, "params": {"C": 71.79321743615223, "epsilon": 14.485639315748696, "gamma": 0.05101686675418291, "lamda": 0.15148147868073353}, "datetime": {"datetime": "2021-09-20 11:30:02", "elapsed": 2742.776011, "delta": 15.847041}}
{"target": -4.638005338041828, "params": {"C": 67.33739628631146, "epsilon": 10.84798418849928, "gamma": 0.05295646222238227, "lamda": 0.14348990991224353}, "datetime": {"datetime": "2021-09-20 11:30:16", "elapsed": 2757.04268, "delta": 14.266669}}
{"target": -2.975870015228208, "params": {"C": 96.8728214500677, "epsilon": 14.717181768454072, "gamma": 0.05933913459275196, "lamda": 0.14531910712325838}, "datetime": {"datetime": "2021-09-20 11:30:32", "elapsed": 2773.485459, "delta": 16.442779}}
{"target": -7.579389670082676, "params": {"C": 92.24812276954697, "epsilon": 18.465081490386364, "gamma": 0.04492376050444943, "lamda": 0.042067582332678884}, "datetime": {"datetime": "2021-09-20 11:30:43", "elapsed": 2783.717005, "delta": 10.231546}}
{"target": -4.346821304611385, "params": {"C": 78.14375803947027, "epsilon": 13.274573138118837, "gamma": 0.04975249281920718, "lamda": 0.018430837132622488}, "datetime": {"datetime": "2021-09-20 11:30:54", "elapsed": 2794.687743, "delta": 10.970738}}
{"target": -2.0188571917106364, "params": {"C": 94.86291616730095, "epsilon": 11.114374791051999, "gamma": 0.05394912601809469, "lamda": 0.042688528342646734}, "datetime": {"datetime": "2021-09-20 11:31:04", "elapsed": 2804.629617, "delta": 9.941874}}
{"target": -6.028824900575884, "params": {"C": 98.28589939360958, "epsilon": 14.57530413298673, "gamma": 0.04243702963985399, "lamda": 0.08162970093684105}, "datetime": {"datetime": "2021-09-20 11:31:14", "elapsed": 2815.526064, "delta": 10.896447}}
{"target": -5.622357408301113, "params": {"C": 86.874785436006, "epsilon": 20.074360390665085, "gamma": 0.04921324779667631, "lamda": 0.012431198601277262}, "datetime": {"datetime": "2021-09-20 11:31:26", "elapsed": 2827.000924, "delta": 11.47486}}
{"target": 0.906581946670155, "params": {"C": 69.87796272977151, "epsilon": 11.886756292254166, "gamma": 0.05860682265270575, "lamda": 0.06512337972773284}, "datetime": {"datetime": "2021-09-20 11:31:27", "elapsed": 2828.054827, "delta": 1.053903}}
{"target": -3.256904594445226, "params": {"C": 75.7569570743874, "epsilon": 12.813364989928155, "gamma": 0.05570932711738792, "lamda": 0.04804058253940037}, "datetime": {"datetime": "2021-09-20 11:31:44", "elapsed": 2844.610397, "delta": 16.55557}}
{"target": -4.864736050559224, "params": {"C": 94.90110151413761, "epsilon": 11.115278939226663, "gamma": 0.0436374955969555, "lamda": 0.022107064783414853}, "datetime": {"datetime": "2021-09-20 11:31:54", "elapsed": 2855.23968, "delta": 10.629283}}
{"target": -5.286431139552719, "params": {"C": 75.69051205795759, "epsilon": 13.374633561720119, "gamma": 0.044831495231031845, "lamda": 0.008224380146325134}, "datetime": {"datetime": "2021-09-20 11:32:05", "elapsed": 2865.738873, "delta": 10.499193}}
{"target": -5.782065372452225, "params": {"C": 67.9517807409547, "epsilon": 12.597986289252514, "gamma": 0.04495758016412969, "lamda": 0.08732240173200514}, "datetime": {"datetime": "2021-09-20 11:32:15", "elapsed": 2876.006509, "delta": 10.267636}}
{"target": -2.301002310793282, "params": {"C": 96.97391276135453, "epsilon": 18.868598766756715, "gamma": 0.056574672270552656, "lamda": 0.015020323509910742}, "datetime": {"datetime": "2021-09-20 11:32:25", "elapsed": 2886.519428, "delta": 10.512919}}
{"target": -4.027261601460627, "params": {"C": 80.86343816377935, "epsilon": 10.269328176673499, "gamma": 0.044405663621467834, "lamda": 0.03451622565935506}, "datetime": {"datetime": "2021-09-20 11:32:36", "elapsed": 2897.115391, "delta": 10.595963}}
{"target": -5.631622581616008, "params": {"C": 84.84650296804045, "epsilon": 15.946093296363221, "gamma": 0.05633895212235811, "lamda": 0.1684888387814274}, "datetime": {"datetime": "2021-09-20 11:32:46", "elapsed": 2907.481191, "delta": 10.3658}}
{"target": -5.354921773080669, "params": {"C": 66.29203351551158, "epsilon": 12.249763840534506, "gamma": 0.0440801341044235, "lamda": 0.06660237029783947}, "datetime": {"datetime": "2021-09-20 11:32:56", "elapsed": 2917.476187, "delta": 9.994996}}
{"target": -3.1539305618107214, "params": {"C": 98.84136587555916, "epsilon": 10.579071131689407, "gamma": 0.05183596467788908, "lamda": 0.11564735804917914}, "datetime": {"datetime": "2021-09-20 11:33:11", "elapsed": 2932.199607, "delta": 14.72342}}
{"target": -5.253869027449641, "params": {"C": 75.74731290393903, "epsilon": 12.813454287336931, "gamma": 0.04882985289919409, "lamda": 0.10542904101208282}, "datetime": {"datetime": "2021-09-20 11:33:26", "elapsed": 2946.967328, "delta": 14.767721}}
{"target": -3.9458333645837147, "params": {"C": 98.32033591735876, "epsilon": 14.570375065896723, "gamma": 0.053949476055428915, "lamda": 0.04242882238085927}, "datetime": {"datetime": "2021-09-20 11:33:35", "elapsed": 2956.44488, "delta": 9.477552}}
{"target": -6.9801446451692275, "params": {"C": 99.36918248208895, "epsilon": 17.20350811154149, "gamma": 0.04263219225147507, "lamda": 0.08465636920471868}, "datetime": {"datetime": "2021-09-20 11:33:46", "elapsed": 2966.969241, "delta": 10.524361}}
{"target": -5.007406684073424, "params": {"C": 98.8397804345797, "epsilon": 10.545122869732614, "gamma": 0.043284503748798886, "lamda": 0.12207424113110885}, "datetime": {"datetime": "2021-09-20 11:33:56", "elapsed": 2977.502256, "delta": 10.533015}}
{"target": -5.958664795444913, "params": {"C": 84.76754763415255, "epsilon": 14.95681031352969, "gamma": 0.045076380637950726, "lamda": 0.08212654288900349}, "datetime": {"datetime": "2021-09-20 11:34:12", "elapsed": 2993.173135, "delta": 15.670879}}
{"target": -3.038782434083977, "params": {"C": 94.81102429821463, "epsilon": 11.11658245285813, "gamma": 0.04957170116078265, "lamda": 0.08786564134933196}, "datetime": {"datetime": "2021-09-20 11:34:27", "elapsed": 3007.961198, "delta": 14.788063}}
{"target": -4.574546417447487, "params": {"C": 94.84952473447652, "epsilon": 11.145697475586383, "gamma": 0.05347196103514492, "lamda": 0.00823586817133696}, "datetime": {"datetime": "2021-09-20 11:34:36", "elapsed": 3017.517804, "delta": 9.556606}}
{"target": -4.704619526423969, "params": {"C": 98.92151995809519, "epsilon": 10.549845908376463, "gamma": 0.0407370655193882, "lamda": 0.10460539567045195}, "datetime": {"datetime": "2021-09-20 11:34:47", "elapsed": 3027.98178, "delta": 10.463976}}
{"target": -3.5164536004621354, "params": {"C": 87.77840987077482, "epsilon": 13.889557693426433, "gamma": 0.05107839112558382, "lamda": 0.0655351258072704}, "datetime": {"datetime": "2021-09-20 11:35:02", "elapsed": 3042.674668, "delta": 14.692888}}
{"target": -3.9672249925079672, "params": {"C": 96.96545877354524, "epsilon": 18.88643553874637, "gamma": 0.05853032438705873, "lamda": 0.015372995336395686}, "datetime": {"datetime": "2021-09-20 11:35:11", "elapsed": 3052.032421, "delta": 9.357753}}
{"target": -6.851242688121336, "params": {"C": 74.66034240409124, "epsilon": 17.19245051621063, "gamma": 0.054586980471333625, "lamda": 0.12941451980217147}, "datetime": {"datetime": "2021-09-20 11:35:26", "elapsed": 3067.282576, "delta": 15.250155}}
{"target": -7.20233964930285, "params": {"C": 95.10907509997784, "epsilon": 19.406218843377445, "gamma": 0.041608429567756657, "lamda": 0.0042934507590669715}, "datetime": {"datetime": "2021-09-20 11:35:36", "elapsed": 3076.600577, "delta": 9.318001}}
{"target": -4.890776371550134, "params": {"C": 93.1836629148355, "epsilon": 18.558430718637513, "gamma": 0.04119057820019127, "lamda": 0.03971465738839997}, "datetime": {"datetime": "2021-09-20 11:35:45", "elapsed": 3086.496576, "delta": 9.895999}}
{"target": -4.947601983559257, "params": {"C": 74.42452030009476, "epsilon": 11.766981595410947, "gamma": 0.05516686541099812, "lamda": 0.16715529159686507}, "datetime": {"datetime": "2021-09-20 11:35:57", "elapsed": 3097.572184, "delta": 11.075608}}
{"target": -6.563781079691144, "params": {"C": 83.16838210878265, "epsilon": 16.82097892951556, "gamma": 0.04583283917230564, "lamda": 0.11445127602715656}, "datetime": {"datetime": "2021-09-20 11:36:12", "elapsed": 3112.778222, "delta": 15.206038}}
{"target": -8.40883515799001, "params": {"C": 73.93643400884163, "epsilon": 21.69277803104886, "gamma": 0.05716322624875338, "lamda": 0.0815888168799983}, "datetime": {"datetime": "2021-09-20 11:36:22", "elapsed": 3122.573227, "delta": 9.795005}}
{"target": -3.5509271056827005, "params": {"C": 75.79651286798017, "epsilon": 12.802562067914783, "gamma": 0.05174071230275088, "lamda": 0.03828126330695415}, "datetime": {"datetime": "2021-09-20 11:36:31", "elapsed": 3132.372443, "delta": 9.799216}}
{"target": -7.5328877764455395, "params": {"C": 67.10101612386782, "epsilon": 19.02574458548306, "gamma": 0.04751264632537169, "lamda": 0.07610223227983802}, "datetime": {"datetime": "2021-09-20 11:36:47", "elapsed": 3147.836709, "delta": 15.464266}}
{"target": -8.24193780905688, "params": {"C": 94.35370740563556, "epsilon": 19.41523992548283, "gamma": 0.04224126025188062, "lamda": 0.08225328502184874}, "datetime": {"datetime": "2021-09-20 11:36:57", "elapsed": 3158.038171, "delta": 10.201462}}
{"target": -2.9765355240411764, "params": {"C": 69.4261780458288, "epsilon": 10.936854078484512, "gamma": 0.056235253686400935, "lamda": 0.1148525506739321}, "datetime": {"datetime": "2021-09-20 11:37:13", "elapsed": 3173.699272, "delta": 15.661101}}
{"target": -8.16002937527789, "params": {"C": 91.80167838303458, "epsilon": 20.63030122536275, "gamma": 0.056573171625611145, "lamda": 0.10222979895303033}, "datetime": {"datetime": "2021-09-20 11:37:23", "elapsed": 3184.051333, "delta": 10.352061}}
{"target": -6.604303602109753, "params": {"C": 85.12316527074643, "epsilon": 17.287045998096033, "gamma": 0.051915672363577865, "lamda": 0.10708352950816874}, "datetime": {"datetime": "2021-09-20 11:37:38", "elapsed": 3199.285772, "delta": 15.234439}}
{"target": -3.0443310271345982, "params": {"C": 90.76087600427984, "epsilon": 11.497283971201483, "gamma": 0.05371320490225114, "lamda": 0.08849648137298288}, "datetime": {"datetime": "2021-09-20 11:37:49", "elapsed": 3209.924397, "delta": 10.638625}}
{"target": -5.94056200979319, "params": {"C": 74.9564182966643, "epsilon": 14.626219886934393, "gamma": 0.04577165698630874, "lamda": 0.19545746167165465}, "datetime": {"datetime": "2021-09-20 11:38:05", "elapsed": 3225.971399, "delta": 16.047002}}
{"target": 0.9045470756590948, "params": {"C": 75.76687592488409, "epsilon": 12.767643450344373, "gamma": 0.05866160425995624, "lamda": 0.0022438001000760497}, "datetime": {"datetime": "2021-09-20 11:38:06", "elapsed": 3227.185398, "delta": 1.213999}}
{"target": -9.235483932210238, "params": {"C": 99.53397352458933, "epsilon": 20.87186992379738, "gamma": 0.0427717381470472, "lamda": 0.19496551781837837}, "datetime": {"datetime": "2021-09-20 11:38:17", "elapsed": 3237.739355, "delta": 10.553957}}
{"target": -3.7949511334426864, "params": {"C": 93.97902051908139, "epsilon": 13.191376357387464, "gamma": 0.041052622037188735, "lamda": 0.0491641221870021}, "datetime": {"datetime": "2021-09-20 11:38:28", "elapsed": 3249.383397, "delta": 11.644042}}
{"target": -6.7289814003749395, "params": {"C": 83.99649804636158, "epsilon": 17.2861638100047, "gamma": 0.056671892108304256, "lamda": 0.15089056881694618}, "datetime": {"datetime": "2021-09-20 11:38:44", "elapsed": 3265.415391, "delta": 16.031994}}
{"target": -5.479234432060068, "params": {"C": 79.14821297789766, "epsilon": 12.763142168572214, "gamma": 0.048451001321519624, "lamda": 0.02039761311604657}, "datetime": {"datetime": "2021-09-20 11:38:55", "elapsed": 3276.118393, "delta": 10.703002}}
{"target": -5.156091076533115, "params": {"C": 71.3625311184139, "epsilon": 15.780957952733, "gamma": 0.0481390115528281, "lamda": 0.015788352765256412}, "datetime": {"datetime": "2021-09-20 11:39:06", "elapsed": 3287.001159, "delta": 10.882766}}
{"target": -2.8762004009802884, "params": {"C": 71.3287806296582, "epsilon": 17.324952127464574, "gamma": 0.04351394757147172, "lamda": 0.0003720524178244623}, "datetime": {"datetime": "2021-09-20 11:39:13", "elapsed": 3294.490164, "delta": 7.489005}}
{"target": -1.7288189165119405, "params": {"C": 75.79635816844652, "epsilon": 12.777645386303021, "gamma": 0.05931531184527458, "lamda": 0.042782555829894035}, "datetime": {"datetime": "2021-09-20 11:39:24", "elapsed": 3304.992055, "delta": 10.501891}}
{"target": -5.650850868681613, "params": {"C": 75.63892981066128, "epsilon": 13.373102115346365, "gamma": 0.04790117773688728, "lamda": 0.02258852767457794}, "datetime": {"datetime": "2021-09-20 11:39:34", "elapsed": 3315.398051, "delta": 10.405996}}
{"target": -3.0082821728287854, "params": {"C": 80.8576622144554, "epsilon": 10.279865267537751, "gamma": 0.05834701702437016, "lamda": 0.03187147195583074}, "datetime": {"datetime": "2021-09-20 11:39:51", "elapsed": 3332.067862, "delta": 16.669811}}
{"target": -4.710299340279455, "params": {"C": 80.82059406218627, "epsilon": 10.29852920023534, "gamma": 0.04319174412372727, "lamda": 0.1107519615651242}, "datetime": {"datetime": "2021-09-20 11:40:02", "elapsed": 3343.366099, "delta": 11.298237}}
{"target": -8.942453224110883, "params": {"C": 88.23158251697332, "epsilon": 21.937611756713626, "gamma": 0.050834261046443924, "lamda": 0.04480495327008656}, "datetime": {"datetime": "2021-09-20 11:40:13", "elapsed": 3354.054096, "delta": 10.687997}}
{"target": -5.295081916109742, "params": {"C": 70.78724013726561, "epsilon": 13.412704538245375, "gamma": 0.05627905861792777, "lamda": 0.11970670996558168}, "datetime": {"datetime": "2021-09-20 11:40:23", "elapsed": 3364.548008, "delta": 10.493912}}
{"target": -4.895984857539867, "params": {"C": 69.42121999766164, "epsilon": 10.942500630689398, "gamma": 0.04392343529913986, "lamda": 0.09952219369222741}, "datetime": {"datetime": "2021-09-20 11:40:34", "elapsed": 3375.179166, "delta": 10.631158}}
{"target": -4.233242728382042, "params": {"C": 75.78576903872836, "epsilon": 12.789477719288207, "gamma": 0.05017597247425838, "lamda": 0.011407176873937296}, "datetime": {"datetime": "2021-09-20 11:40:45", "elapsed": 3385.93655, "delta": 10.757384}}
{"target": -3.875265826997717, "params": {"C": 92.2380714941419, "epsilon": 19.237197824727694, "gamma": 0.05917158307601146, "lamda": 0.013053453483572666}, "datetime": {"datetime": "2021-09-20 11:41:00", "elapsed": 3401.532447, "delta": 15.595897}}
{"target": -5.339690732258458, "params": {"C": 92.89858221095892, "epsilon": 11.138406436421052, "gamma": 0.04361285088346587, "lamda": 0.16325414091784315}, "datetime": {"datetime": "2021-09-20 11:41:11", "elapsed": 3412.458307, "delta": 10.92586}}
{"target": -5.221496680448455, "params": {"C": 79.84666365941453, "epsilon": 12.360614526635398, "gamma": 0.04412469656966621, "lamda": 0.1502695976392042}, "datetime": {"datetime": "2021-09-20 11:41:28", "elapsed": 3429.504136, "delta": 17.045829}}
{"target": -8.201505138707473, "params": {"C": 95.4885269402616, "epsilon": 21.24291121236012, "gamma": 0.057745569926761886, "lamda": 0.11308500909630108}, "datetime": {"datetime": "2021-09-20 11:41:39", "elapsed": 3439.590903, "delta": 10.086767}}
{"target": -5.814012857371093, "params": {"C": 66.03505451589584, "epsilon": 17.052223606793348, "gamma": 0.04088635051516358, "lamda": 0.009833621773211907}, "datetime": {"datetime": "2021-09-20 11:41:56", "elapsed": 3456.811258, "delta": 17.220355}}
{"target": -5.7835710155890325, "params": {"C": 82.95993765647817, "epsilon": 14.351316484717206, "gamma": 0.053466061646947, "lamda": 0.11321784430965126}, "datetime": {"datetime": "2021-09-20 11:42:06", "elapsed": 3466.781255, "delta": 9.969997}}
{"target": -3.355309475286674, "params": {"C": 68.29889444902516, "epsilon": 17.58207060803979, "gamma": 0.052706127589452374, "lamda": 0.07010808699366385}, "datetime": {"datetime": "2021-09-20 11:42:15", "elapsed": 3476.152258, "delta": 9.371003}}
{"target": -7.227364426617772, "params": {"C": 81.27589191901777, "epsilon": 17.759875339820923, "gamma": 0.04655367132539446, "lamda": 0.14959387963028187}, "datetime": {"datetime": "2021-09-20 11:42:32", "elapsed": 3492.802258, "delta": 16.65}}
