{"target": -8.519228748575074, "params": {"C": 46.54371229901037, "epsilon": 13.309853965298482, "gamma": 0.07057329578223187, "lamda": 0.3009719560410156}, "datetime": {"datetime": "2021-09-19 14:57:33", "elapsed": 1346.516861, "delta": 9.027316}}
{"target": -4.631200643418537, "params": {"C": 63.91103791014202, "epsilon": 3.4061968525948236, "gamma": 0.08274465261072773, "lamda": 0.2910667196433066}, "datetime": {"datetime": "2021-09-19 14:57:42", "elapsed": 1355.491064, "delta": 8.974203}}
{"target": -2.863931539778372, "params": {"C": 61.926455945913474, "epsilon": 6.9423677729221005, "gamma": 0.18611613768037266, "lamda": 1.0398546111040698}, "datetime": {"datetime": "2021-09-19 14:57:56", "elapsed": 1369.280363, "delta": 13.789299}}
{"target": -5.5744094441447105, "params": {"C": 48.69797895746187, "epsilon": 13.41001910432502, "gamma": 0.13724780751994464, "lamda": 0.21396704835117336}, "datetime": {"datetime": "2021-09-19 14:58:10", "elapsed": 1383.684474, "delta": 14.404111}}
{"target": -1.6386760314899336, "params": {"C": 65.93016655063943, "epsilon": 2.956416262720512, "gamma": 0.18605902765266719, "lamda": 0.2950312976308639}, "datetime": {"datetime": "2021-09-19 14:58:19", "elapsed": 1392.054627, "delta": 8.370153}}
{"target": -1.949668855624548, "params": {"C": 46.81554992488499, "epsilon": 5.859442592061087, "gamma": 0.13262650065637185, "lamda": 1.1361335300338111}, "datetime": {"datetime": "2021-09-19 14:58:28", "elapsed": 1401.451708, "delta": 9.397081}}
{"target": -2.287922437707322, "params": {"C": 109.7591843427206, "epsilon": 0.3727079832721998, "gamma": 0.13244937168180637, "lamda": 0.6530400566881535}, "datetime": {"datetime": "2021-09-19 15:58:06", "elapsed": 0.0, "delta": 0.0}}
{"target": -5.441685200998827, "params": {"C": 107.25884833399824, "epsilon": 4.631384145844199, "gamma": 0.08069729510567639, "lamda": 0.9289445224293604}, "datetime": {"datetime": "2021-09-19 15:58:16", "elapsed": 9.791506, "delta": 9.791506}}
{"target": -2.5370570586444336, "params": {"C": 87.9447477879237, "epsilon": 3.742913578689104, "gamma": 0.14317007491539424, "lamda": 0.7937602272061309}, "datetime": {"datetime": "2021-09-19 15:58:32", "elapsed": 25.451258, "delta": 15.659752}}
{"target": -5.89850073630768, "params": {"C": 61.532791255189366, "epsilon": 7.194957916507792, "gamma": 0.0776659798470373, "lamda": 1.1780241882102285}, "datetime": {"datetime": "2021-09-19 15:58:47", "elapsed": 40.275911, "delta": 14.824653}}
{"target": -1.9488760028553647, "params": {"C": 176.6360468223182, "epsilon": 6.92437335497317, "gamma": 0.1769842228036202, "lamda": 0.11956025096589058}, "datetime": {"datetime": "2021-09-19 15:58:56", "elapsed": 49.068862, "delta": 8.792951}}
{"target": -2.7240290334228656, "params": {"C": 120.83937441947263, "epsilon": 0.9233581963724248, "gamma": 0.11421834913960843, "lamda": 0.14488672039935277}, "datetime": {"datetime": "2021-09-19 15:59:05", "elapsed": 58.266203, "delta": 9.197341}}
{"target": -5.64458732474307, "params": {"C": 60.345595472204394, "epsilon": 8.358466872610554, "gamma": 0.08390180009063539, "lamda": 0.16050783189654344}, "datetime": {"datetime": "2021-09-19 15:59:21", "elapsed": 74.398, "delta": 16.131797}}
{"target": -3.3231791732069658, "params": {"C": 75.24899313128955, "epsilon": 4.904069727196156, "gamma": 0.12016812268734504, "lamda": 0.30269466507482146}, "datetime": {"datetime": "2021-09-19 15:59:30", "elapsed": 83.767885, "delta": 9.369885}}
{"target": -3.4893462803481814, "params": {"C": 142.46507603438636, "epsilon": 6.768146999369005, "gamma": 0.12578550800278238, "lamda": 0.5804002874127271}, "datetime": {"datetime": "2021-09-19 15:59:39", "elapsed": 92.747063, "delta": 8.979178}}
{"target": -4.449940367615948, "params": {"C": 166.98199271065232, "epsilon": 8.124258462500515, "gamma": 0.07434478977534709, "lamda": 1.0511584446760736}, "datetime": {"datetime": "2021-09-19 15:59:48", "elapsed": 101.783349, "delta": 9.036286}}
{"target": 0.8681631296439786, "params": {"C": 179.78070400544166, "epsilon": 6.532877156887409, "gamma": 0.2, "lamda": 0.0001}, "datetime": {"datetime": "2021-09-19 15:59:49", "elapsed": 102.616117, "delta": 0.832768}}
{"target": 0.868037875687043, "params": {"C": 181.76715881250652, "epsilon": 7.97837831874765, "gamma": 0.19878602156616385, "lamda": 0.0001}, "datetime": {"datetime": "2021-09-19 15:59:50", "elapsed": 103.63174, "delta": 1.015623}}
{"target": 0.8686653357095393, "params": {"C": 183.11014577288168, "epsilon": 3.7114308577322817, "gamma": 0.2, "lamda": 0.0001}, "datetime": {"datetime": "2021-09-19 15:59:51", "elapsed": 104.209002, "delta": 0.577262}}
{"target": -1.4434393681835629, "params": {"C": 189.39329158654704, "epsilon": 6.806850818783271, "gamma": 0.2, "lamda": 1.5}, "datetime": {"datetime": "2021-09-19 16:00:00", "elapsed": 113.898098, "delta": 9.689096}}
{"target": -5.007386507879563, "params": {"C": 179.62088925178847, "epsilon": 0.01, "gamma": 0.05, "lamda": 1.5}, "datetime": {"datetime": "2021-09-19 16:00:09", "elapsed": 122.992806, "delta": 9.094708}}
{"target": -3.8645245020961703, "params": {"C": 184.1258233164163, "epsilon": 6.1107593857549976, "gamma": 0.09007094647784719, "lamda": 1.351217856314629}, "datetime": {"datetime": "2021-09-19 16:00:19", "elapsed": 132.381852, "delta": 9.389046}}
{"target": -3.862907469235032, "params": {"C": 181.11524534087587, "epsilon": 5.343603237339871, "gamma": 0.08733522542250652, "lamda": 0.00499432306512632}, "datetime": {"datetime": "2021-09-19 16:00:28", "elapsed": 141.64308, "delta": 9.261228}}
{"target": 0.8678752295880913, "params": {"C": 180.58651699527704, "epsilon": 7.49361383010815, "gamma": 0.2, "lamda": 0.0001}, "datetime": {"datetime": "2021-09-19 16:00:29", "elapsed": 142.613693, "delta": 0.970613}}
{"target": -4.317155445027141, "params": {"C": 178.96780111608467, "epsilon": 7.164349801790106, "gamma": 0.07298780040377725, "lamda": 0.7108550722093675}, "datetime": {"datetime": "2021-09-19 16:00:39", "elapsed": 152.37567, "delta": 9.761977}}
{"target": -6.446133937431419, "params": {"C": 181.18607270812637, "epsilon": 7.593903887640072, "gamma": 0.06804005185601486, "lamda": 0.6526538886385053}, "datetime": {"datetime": "2021-09-19 16:00:48", "elapsed": 161.917532, "delta": 9.541862}}
{"target": -4.46175442259462, "params": {"C": 165.36494447208156, "epsilon": 0.1348183011188913, "gamma": 0.07433883693128916, "lamda": 0.12393077656755802}, "datetime": {"datetime": "2021-09-19 16:00:57", "elapsed": 170.866284, "delta": 8.948752}}
{"target": -5.382921076133598, "params": {"C": 70.35340612796782, "epsilon": 12.018631376357567, "gamma": 0.11324203523412499, "lamda": 0.572301890180128}, "datetime": {"datetime": "2021-09-19 16:01:12", "elapsed": 185.346514, "delta": 14.48023}}
{"target": -4.662944855603973, "params": {"C": 160.1352186207195, "epsilon": 3.3764433773292124, "gamma": 0.08713107339743276, "lamda": 0.3061318815197651}, "datetime": {"datetime": "2021-09-19 16:01:26", "elapsed": 199.550841, "delta": 14.204327}}
{"target": -3.5336063120956833, "params": {"C": 167.99061176385618, "epsilon": 3.8751882508466675, "gamma": 0.08810953025201387, "lamda": 0.5526962669627258}, "datetime": {"datetime": "2021-09-19 16:01:35", "elapsed": 208.859826, "delta": 9.308985}}
{"target": -3.627646587615507, "params": {"C": 71.44641571519224, "epsilon": 11.695818395777748, "gamma": 0.1899952184618951, "lamda": 1.3299271924087606}, "datetime": {"datetime": "2021-09-19 16:01:45", "elapsed": 218.721115, "delta": 9.861289}}
{"target": -4.455035274676552, "params": {"C": 130.86747829876902, "epsilon": 2.2669452765827676, "gamma": 0.0852134391016999, "lamda": 0.3698890681838395}, "datetime": {"datetime": "2021-09-19 16:01:54", "elapsed": 227.770068, "delta": 9.048953}}
{"target": -1.7543560775631297, "params": {"C": 55.46081417043702, "epsilon": 1.1861295405428887, "gamma": 0.16138225199704928, "lamda": 0.545725474160018}, "datetime": {"datetime": "2021-09-19 16:02:04", "elapsed": 237.083993, "delta": 9.313925}}
{"target": -2.7969566571212976, "params": {"C": 95.71217682968005, "epsilon": 8.328978483527504, "gamma": 0.12688183310005444, "lamda": 0.7158321981323542}, "datetime": {"datetime": "2021-09-19 16:02:13", "elapsed": 246.197692, "delta": 9.113699}}
{"target": -4.433571170963974, "params": {"C": 92.0122663782276, "epsilon": 11.836991363851773, "gamma": 0.15680193396056158, "lamda": 1.1126248886930594}, "datetime": {"datetime": "2021-09-19 16:02:27", "elapsed": 260.686678, "delta": 14.488986}}
{"target": -3.0902491555274167, "params": {"C": 48.68539473352229, "epsilon": 4.689410463633281, "gamma": 0.10343781922808863, "lamda": 0.33954937822107234}, "datetime": {"datetime": "2021-09-19 16:02:36", "elapsed": 269.619076, "delta": 8.932398}}
{"target": -5.633934984270218, "params": {"C": 122.43126651435738, "epsilon": 8.975886626104145, "gamma": 0.053391226856812704, "lamda": 0.4126137364785564}, "datetime": {"datetime": "2021-09-19 16:02:44", "elapsed": 277.566481, "delta": 7.947405}}
{"target": -2.1331256681654054, "params": {"C": 100.7429396564383, "epsilon": 2.0708312756302782, "gamma": 0.17200525920269796, "lamda": 0.7348579751738065}, "datetime": {"datetime": "2021-09-19 16:02:59", "elapsed": 292.39869, "delta": 14.832209}}
{"target": -2.219525603826381, "params": {"C": 166.66674490817962, "epsilon": 1.3219652438429779, "gamma": 0.15722511417454754, "lamda": 1.122469441559682}, "datetime": {"datetime": "2021-09-19 16:03:08", "elapsed": 301.361328, "delta": 8.962638}}
{"target": -1.8174578658733322, "params": {"C": 140.36120254073313, "epsilon": 11.472949897019072, "gamma": 0.1859221660291872, "lamda": 0.9805649536170458}, "datetime": {"datetime": "2021-09-19 16:03:17", "elapsed": 310.226729, "delta": 8.865401}}
{"target": -4.0943296530350874, "params": {"C": 102.806692326464, "epsilon": 12.461669231749026, "gamma": 0.17496249932193508, "lamda": 1.3171546852977372}, "datetime": {"datetime": "2021-09-19 16:03:31", "elapsed": 324.71489, "delta": 14.488161}}
{"target": 0.8863781861103996, "params": {"C": 42.88657849742805, "epsilon": 7.08318128876603, "gamma": 0.12059535548273399, "lamda": 0.30011698312905594}, "datetime": {"datetime": "2021-09-19 16:03:32", "elapsed": 325.18364, "delta": 0.46875}}
{"target": -4.455388560155906, "params": {"C": 172.1591611496597, "epsilon": 10.516773095965826, "gamma": 0.0733665898496379, "lamda": 0.2861414224843806}, "datetime": {"datetime": "2021-09-19 16:03:41", "elapsed": 334.43, "delta": 9.24636}}
{"target": -2.40864885635357, "params": {"C": 191.51689608918812, "epsilon": 3.704091390175388, "gamma": 0.17946944009985027, "lamda": 1.041774013817937}, "datetime": {"datetime": "2021-09-19 16:03:50", "elapsed": 343.059585, "delta": 8.629585}}
{"target": -4.848169251770067, "params": {"C": 88.25565625349597, "epsilon": 9.703046289743781, "gamma": 0.07194684224699034, "lamda": 0.08956648995976398}, "datetime": {"datetime": "2021-09-19 16:03:58", "elapsed": 351.525117, "delta": 8.465532}}
{"target": -2.951015992228836, "params": {"C": 150.8793091413933, "epsilon": 7.170940309209194, "gamma": 0.11701701453616929, "lamda": 0.44827189166083004}, "datetime": {"datetime": "2021-09-19 16:04:08", "elapsed": 361.182128, "delta": 9.657011}}
{"target": -2.2174913959188998, "params": {"C": 58.80975814912178, "epsilon": 1.6134721249075887, "gamma": 0.15687795256060932, "lamda": 1.3461937327284368}, "datetime": {"datetime": "2021-09-19 16:04:24", "elapsed": 377.360002, "delta": 16.177874}}
{"target": -4.40289486402645, "params": {"C": 191.96272949295133, "epsilon": 12.220013819733467, "gamma": 0.07504214961364067, "lamda": 1.1662474254959345}, "datetime": {"datetime": "2021-09-19 16:04:33", "elapsed": 386.374056, "delta": 9.014054}}
{"target": -1.791805020360357, "params": {"C": 141.74000289780605, "epsilon": 9.623745668505107, "gamma": 0.17970349703576743, "lamda": 0.5360536861298153}, "datetime": {"datetime": "2021-09-19 16:04:42", "elapsed": 395.389214, "delta": 9.015158}}
{"target": -1.8666559799582543, "params": {"C": 170.84031970858848, "epsilon": 13.334442255434787, "gamma": 0.1978956881745743, "lamda": 1.1280016683559353}, "datetime": {"datetime": "2021-09-19 16:04:51", "elapsed": 404.430874, "delta": 9.04166}}
{"target": -3.4414903100890424, "params": {"C": 147.6583470577031, "epsilon": 10.533948756653409, "gamma": 0.11130926436859426, "lamda": 1.1868158384165992}, "datetime": {"datetime": "2021-09-19 16:05:00", "elapsed": 413.58341, "delta": 9.152536}}
{"target": -5.28816510563212, "params": {"C": 133.5675916654045, "epsilon": 1.861622656191376, "gamma": 0.06988828464720707, "lamda": 1.1983049241431831}, "datetime": {"datetime": "2021-09-19 16:05:09", "elapsed": 422.847007, "delta": 9.263597}}
{"target": -3.4729848523861415, "params": {"C": 170.89033310119055, "epsilon": 2.329511690244501, "gamma": 0.10834019602167369, "lamda": 0.5001451708213603}, "datetime": {"datetime": "2021-09-19 16:05:18", "elapsed": 431.492292, "delta": 8.645285}}
{"target": -5.009844527581062, "params": {"C": 162.81173641257928, "epsilon": 2.94553000130386, "gamma": 0.06249431763750537, "lamda": 0.0947719394851815}, "datetime": {"datetime": "2021-09-19 16:05:33", "elapsed": 446.370245, "delta": 14.877953}}
{"target": -3.8890560220990444, "params": {"C": 159.81689462320293, "epsilon": 9.797606139377484, "gamma": 0.09821747479756762, "lamda": 1.130939467881545}, "datetime": {"datetime": "2021-09-19 16:05:42", "elapsed": 455.945219, "delta": 9.574974}}
{"target": -3.0619492555737606, "params": {"C": 82.53431046716489, "epsilon": 4.540800266891005, "gamma": 0.11437783682132946, "lamda": 0.46067837956693986}, "datetime": {"datetime": "2021-09-19 16:05:52", "elapsed": 465.245739, "delta": 9.30052}}
{"target": -2.22861800079152, "params": {"C": 59.641609904896754, "epsilon": 1.6874810801921671, "gamma": 0.16420659647693495, "lamda": 1.2259296516160454}, "datetime": {"datetime": "2021-09-19 16:06:08", "elapsed": 481.285444, "delta": 16.039705}}
{"target": -3.488997491476159, "params": {"C": 151.31339638387033, "epsilon": 8.412069378893705, "gamma": 0.12112719928245566, "lamda": 0.2352913546275298}, "datetime": {"datetime": "2021-09-19 16:06:16", "elapsed": 489.805559, "delta": 8.520115}}
{"target": -3.716544930819955, "params": {"C": 67.67907606010864, "epsilon": 4.753257281922274, "gamma": 0.09162295276242219, "lamda": 0.39253005788055023}, "datetime": {"datetime": "2021-09-19 16:06:25", "elapsed": 498.94294, "delta": 9.137381}}
{"target": -2.285075379450268, "params": {"C": 67.48139255802826, "epsilon": 5.164456739687212, "gamma": 0.12872221656003843, "lamda": 0.9346634131761187}, "datetime": {"datetime": "2021-09-19 16:06:35", "elapsed": 508.060382, "delta": 9.117442}}
{"target": -1.8642477395005792, "params": {"C": 168.65933831079676, "epsilon": 4.252708391480801, "gamma": 0.19614122225476477, "lamda": 1.0494290061012372}, "datetime": {"datetime": "2021-09-19 16:06:48", "elapsed": 521.440339, "delta": 13.379957}}
{"target": -5.604437369103713, "params": {"C": 184.6611617490732, "epsilon": 5.992764837562834, "gamma": 0.07999136686006364, "lamda": 0.719596482751496}, "datetime": {"datetime": "2021-09-19 16:07:03", "elapsed": 536.511339, "delta": 15.071}}
{"target": -3.880562225234619, "params": {"C": 185.451637155199, "epsilon": 2.398891094275361, "gamma": 0.1032239710378247, "lamda": 1.2256606247770443}, "datetime": {"datetime": "2021-09-19 16:07:18", "elapsed": 551.237422, "delta": 14.726083}}
{"target": -5.6993780157364435, "params": {"C": 124.07102697404396, "epsilon": 5.473324054126411, "gamma": 0.05996962832183694, "lamda": 0.18067540688772318}, "datetime": {"datetime": "2021-09-19 16:07:30", "elapsed": 563.735817, "delta": 12.498395}}
{"target": -1.62542324721054, "params": {"C": 71.75073537080691, "epsilon": 0.7484231138544578, "gamma": 0.16824625014793979, "lamda": 0.7524007920770116}, "datetime": {"datetime": "2021-09-19 16:07:40", "elapsed": 573.106946, "delta": 9.371129}}
{"target": -1.963093778242842, "params": {"C": 138.82072369484854, "epsilon": 4.5726196461419315, "gamma": 0.18585804204210116, "lamda": 1.1427880470604561}, "datetime": {"datetime": "2021-09-19 16:07:54", "elapsed": 587.741386, "delta": 14.63444}}
{"target": -3.847169941582102, "params": {"C": 197.17575772105354, "epsilon": 11.016778984849044, "gamma": 0.1068783156090049, "lamda": 0.2309758397100635}, "datetime": {"datetime": "2021-09-19 16:08:03", "elapsed": 596.894213, "delta": 9.152827}}
{"target": -1.6570750349793997, "params": {"C": 58.74644260636671, "epsilon": 5.78148223751816, "gamma": 0.1749184147028761, "lamda": 1.2545023241434425}, "datetime": {"datetime": "2021-09-19 16:08:13", "elapsed": 606.171892, "delta": 9.277679}}
{"target": -2.318637815382551, "params": {"C": 165.02329241002758, "epsilon": 1.997040400586589, "gamma": 0.17655183294539767, "lamda": 1.0743904839988667}, "datetime": {"datetime": "2021-09-19 16:08:24", "elapsed": 617.248071, "delta": 11.076179}}
{"target": -3.6089201776564748, "params": {"C": 102.0071033991139, "epsilon": 8.125115381231948, "gamma": 0.08547497890077978, "lamda": 0.3509228967393894}, "datetime": {"datetime": "2021-09-19 16:08:33", "elapsed": 626.602324, "delta": 9.354253}}
{"target": -4.341820929063886, "params": {"C": 152.21805622262738, "epsilon": 2.8301254050555715, "gamma": 0.09495593652111009, "lamda": 0.612277678030129}, "datetime": {"datetime": "2021-09-19 16:08:41", "elapsed": 634.831646, "delta": 8.229322}}
{"target": -2.1698617356350165, "params": {"C": 192.08083628653128, "epsilon": 5.373215629404866, "gamma": 0.17541530719728443, "lamda": 0.6535991085121086}, "datetime": {"datetime": "2021-09-19 16:08:54", "elapsed": 647.863473, "delta": 13.031827}}
{"target": -2.5070973584376404, "params": {"C": 112.58026452184735, "epsilon": 8.1525800757344, "gamma": 0.16777602047301404, "lamda": 0.4994435758455356}, "datetime": {"datetime": "2021-09-19 16:09:10", "elapsed": 663.376052, "delta": 15.512579}}
{"target": -2.8634650400894763, "params": {"C": 73.74913369368791, "epsilon": 3.046594948053079, "gamma": 0.1314064874177554, "lamda": 0.8088254951273474}, "datetime": {"datetime": "2021-09-19 16:09:26", "elapsed": 679.239231, "delta": 15.863179}}
{"target": -4.806309537618139, "params": {"C": 133.39674857520976, "epsilon": 1.1309430159079108, "gamma": 0.07946793957999873, "lamda": 1.3850910760675026}, "datetime": {"datetime": "2021-09-19 16:09:35", "elapsed": 688.328069, "delta": 9.088838}}
{"target": -4.5451232371280605, "params": {"C": 58.69142382928145, "epsilon": 5.8050121327791, "gamma": 0.08432238710161027, "lamda": 1.4156615715698562}, "datetime": {"datetime": "2021-09-19 16:09:50", "elapsed": 703.147419, "delta": 14.81935}}
{"target": -2.3565938902611383, "params": {"C": 83.99742977608156, "epsilon": 0.7605406995642233, "gamma": 0.1479132173916065, "lamda": 1.3992065068726771}, "datetime": {"datetime": "2021-09-19 16:09:59", "elapsed": 712.601422, "delta": 9.454003}}
{"target": -4.543750947826961, "params": {"C": 169.18307109605203, "epsilon": 12.075650495302227, "gamma": 0.0812431424097668, "lamda": 0.20345637610574674}, "datetime": {"datetime": "2021-09-19 16:10:08", "elapsed": 721.67008, "delta": 9.068658}}
{"target": -2.717158509542931, "params": {"C": 158.5025578046645, "epsilon": 13.246260250726587, "gamma": 0.14399156982839445, "lamda": 0.6141526687026531}, "datetime": {"datetime": "2021-09-19 16:10:18", "elapsed": 731.176585, "delta": 9.506505}}
{"target": -2.192330566979059, "params": {"C": 88.72180317235686, "epsilon": 0.036078245985640696, "gamma": 0.1334865416734592, "lamda": 0.528356210306435}, "datetime": {"datetime": "2021-09-19 16:10:27", "elapsed": 740.427639, "delta": 9.251054}}
{"target": -3.63818213541313, "params": {"C": 183.9533899189731, "epsilon": 2.5083383505152765, "gamma": 0.11284627606568765, "lamda": 1.2220430664169615}, "datetime": {"datetime": "2021-09-19 16:10:36", "elapsed": 749.496044, "delta": 9.068405}}
{"target": -3.606725768437536, "params": {"C": 119.20315809290534, "epsilon": 8.626068205037122, "gamma": 0.10150176509428463, "lamda": 1.1861664771187146}, "datetime": {"datetime": "2021-09-19 16:10:45", "elapsed": 758.728417, "delta": 9.232373}}
{"target": -3.633148804906215, "params": {"C": 66.72535439451487, "epsilon": 7.128446798079418, "gamma": 0.10720669700598254, "lamda": 0.06066969657078842}, "datetime": {"datetime": "2021-09-19 16:11:00", "elapsed": 773.715182, "delta": 14.986765}}
{"target": -7.936384280952467, "params": {"C": 85.6260902890608, "epsilon": 13.511239674242777, "gamma": 0.07679787910581161, "lamda": 0.8070037931408763}, "datetime": {"datetime": "2021-09-19 16:11:16", "elapsed": 789.353841, "delta": 15.638659}}
{"target": -3.4530807158667054, "params": {"C": 161.85825975885137, "epsilon": 12.106857519465574, "gamma": 0.09442036687627614, "lamda": 0.8608925238075927}, "datetime": {"datetime": "2021-09-19 16:11:25", "elapsed": 798.835504, "delta": 9.481663}}
{"target": -6.070162613128443, "params": {"C": 73.75302559942214, "epsilon": 10.692578868018678, "gamma": 0.08503226741220968, "lamda": 0.3645817545081841}, "datetime": {"datetime": "2021-09-19 16:11:40", "elapsed": 813.932933, "delta": 15.097429}}
{"target": -5.71504284837334, "params": {"C": 109.91706748027211, "epsilon": 7.870630043223208, "gamma": 0.09535129306209264, "lamda": 1.2226450494289296}, "datetime": {"datetime": "2021-09-19 16:11:55", "elapsed": 828.496815, "delta": 14.563882}}
{"target": -1.565700070973287, "params": {"C": 128.6656337107703, "epsilon": 6.913455287974684, "gamma": 0.18751854012733654, "lamda": 1.0311444062839936}, "datetime": {"datetime": "2021-09-19 16:12:04", "elapsed": 837.476939, "delta": 8.980124}}
{"target": -5.218353702598751, "params": {"C": 68.0342886701365, "epsilon": 3.732134347691278, "gamma": 0.051832588672191475, "lamda": 0.28036012858402526}, "datetime": {"datetime": "2021-09-19 16:12:16", "elapsed": 849.748102, "delta": 12.271163}}
