{"target": -4.67528941503786, "params": {"C": 98.9541698973596, "epsilon": 10.587189618154031, "gamma": 0.047773080956553214, "lamda": 0.14646410999184858}, "datetime": {"datetime": "2021-09-20 11:42:48", "elapsed": 3508.887331, "delta": 16.085073}}
{"target": -7.51332932866686, "params": {"C": 66.74129673634187, "epsilon": 18.224769670170403, "gamma": 0.048336633905313606, "lamda": 0.04079558694223769}, "datetime": {"datetime": "2021-09-20 11:43:03", "elapsed": 3524.236705, "delta": 15.349374}}
{"target": -2.3374275698806763, "params": {"C": 97.83542722062109, "epsilon": 12.134723637955966, "gamma": 0.05729076449841599, "lamda": 0.15910506395190033}, "datetime": {"datetime": "2021-09-20 11:43:13", "elapsed": 3534.060714, "delta": 9.824009}}
{"target": -4.7460961041269725, "params": {"C": 94.81787503636015, "epsilon": 11.090904942040977, "gamma": 0.05115982121311, "lamda": 0.062407418043454}, "datetime": {"datetime": "2021-09-20 11:43:20", "elapsed": 3541.372868, "delta": 7.312154}}
{"target": -7.641006773580726, "params": {"C": 80.56660086463317, "epsilon": 19.71192529403004, "gamma": 0.05215541227509216, "lamda": 0.071106677476606}, "datetime": {"datetime": "2021-09-20 11:43:31", "elapsed": 3552.054868, "delta": 10.682}}
{"target": -7.334616540145577, "params": {"C": 81.86984903563534, "epsilon": 18.097040886024068, "gamma": 0.0535377675155533, "lamda": 0.17712104762511605}, "datetime": {"datetime": "2021-09-20 11:43:47", "elapsed": 3567.872811, "delta": 15.817943}}
{"target": -8.443682514902518, "params": {"C": 90.22722189150377, "epsilon": 20.902110521196445, "gamma": 0.0464377995421066, "lamda": 0.12119911593206453}, "datetime": {"datetime": "2021-09-20 11:44:02", "elapsed": 3583.071775, "delta": 15.198964}}
{"target": -8.50183270909772, "params": {"C": 76.93726436653874, "epsilon": 20.44694140277893, "gamma": 0.048762190229399066, "lamda": 0.18838451612460871}, "datetime": {"datetime": "2021-09-20 11:44:18", "elapsed": 3598.961321, "delta": 15.889546}}
{"target": 0.9042112857132151, "params": {"C": 75.67808717954915, "epsilon": 13.416113718007878, "gamma": 0.05860442757504271, "lamda": 0.002111917742426675}, "datetime": {"datetime": "2021-09-20 11:44:19", "elapsed": 3600.259171, "delta": 1.29785}}
{"target": -6.606505019298129, "params": {"C": 97.60411569543162, "epsilon": 16.631667955674377, "gamma": 0.05055345101261951, "lamda": 0.05624070183873706}, "datetime": {"datetime": "2021-09-20 11:44:30", "elapsed": 3610.814559, "delta": 10.555388}}
{"target": -8.60796850933309, "params": {"C": 94.00977774454518, "epsilon": 21.247900461530016, "gamma": 0.04581115282404377, "lamda": 0.12478936490612393}, "datetime": {"datetime": "2021-09-20 11:44:45", "elapsed": 3625.988069, "delta": 15.17351}}
{"target": -9.291758470129523, "params": {"C": 76.67919945165865, "epsilon": 21.800700146112273, "gamma": 0.04039700542661783, "lamda": 0.14352108274162376}, "datetime": {"datetime": "2021-09-20 11:44:55", "elapsed": 3636.052825, "delta": 10.064756}}
{"target": -2.9818184813871973, "params": {"C": 92.91571822153152, "epsilon": 11.065205029830839, "gamma": 0.05348602873556374, "lamda": 0.176400206037679}, "datetime": {"datetime": "2021-09-20 11:45:05", "elapsed": 3646.131875, "delta": 10.07905}}
{"target": -3.3560745150562097, "params": {"C": 98.35649587817053, "epsilon": 14.515951513180989, "gamma": 0.05966596745745626, "lamda": 0.08162953527871963}, "datetime": {"datetime": "2021-09-20 11:45:15", "elapsed": 3656.377202, "delta": 10.245327}}
{"target": 0.9037062290200422, "params": {"C": 68.14486603315916, "epsilon": 10.698044124568113, "gamma": 0.04657751822235303, "lamda": 0.007364747572281398}, "datetime": {"datetime": "2021-09-20 11:45:17", "elapsed": 3657.886121, "delta": 1.508919}}
{"target": -2.9718477046080487, "params": {"C": 90.76446325288904, "epsilon": 11.491910781473564, "gamma": 0.05545370588129085, "lamda": 0.10549197295045437}, "datetime": {"datetime": "2021-09-20 11:45:29", "elapsed": 3669.666036, "delta": 11.779915}}
{"target": -3.334649011763098, "params": {"C": 98.31548181523695, "epsilon": 14.583941324611116, "gamma": 0.05771484936785809, "lamda": 0.0897761932168458}, "datetime": {"datetime": "2021-09-20 11:45:40", "elapsed": 3680.577597, "delta": 10.911561}}
{"target": -8.184382215893597, "params": {"C": 99.67288432679067, "epsilon": 20.887215070489418, "gamma": 0.048192614617769, "lamda": 0.046159778384527915}, "datetime": {"datetime": "2021-09-20 11:45:50", "elapsed": 3691.041371, "delta": 10.463774}}
{"target": -5.843038811632379, "params": {"C": 75.77593374927973, "epsilon": 12.79726713835446, "gamma": 0.04762712139055611, "lamda": 0.05666359850745301}, "datetime": {"datetime": "2021-09-20 11:46:01", "elapsed": 3701.845357, "delta": 10.803986}}
{"target": -7.134138202700807, "params": {"C": 95.38645349417749, "epsilon": 17.018455323793994, "gamma": 0.043170349310337114, "lamda": 0.18592699537934199}, "datetime": {"datetime": "2021-09-20 11:46:17", "elapsed": 3717.855729, "delta": 16.010372}}
{"target": -3.6687179602942983, "params": {"C": 80.87504149269353, "epsilon": 10.265934730213326, "gamma": 0.05311764000594993, "lamda": 0.03869338922160447}, "datetime": {"datetime": "2021-09-20 11:46:27", "elapsed": 3728.448719, "delta": 10.59299}}
{"target": -3.1335664445464744, "params": {"C": 74.87825392008052, "epsilon": 10.732495631872533, "gamma": 0.05601602870735614, "lamda": 0.04917401266777071}, "datetime": {"datetime": "2021-09-20 11:46:44", "elapsed": 3744.841132, "delta": 16.392413}}
{"target": -5.177842898468366, "params": {"C": 75.13389351367633, "epsilon": 17.72487277890536, "gamma": 0.054867677934750406, "lamda": 0.009328205846197679}, "datetime": {"datetime": "2021-09-20 11:46:54", "elapsed": 3755.095142, "delta": 10.25401}}
{"target": -7.214688096515035, "params": {"C": 67.85832416816199, "epsilon": 19.04511913511747, "gamma": 0.05300471012120983, "lamda": 0.1777369713355588}, "datetime": {"datetime": "2021-09-20 11:47:09", "elapsed": 3770.129019, "delta": 15.033877}}
{"target": 0.9077875234647836, "params": {"C": 71.91690845402731, "epsilon": 13.196780582523957, "gamma": 0.056263175918264255, "lamda": 0.03288164594121337}, "datetime": {"datetime": "2021-09-20 11:47:11", "elapsed": 3771.583462, "delta": 1.454443}}
{"target": -5.972693491664532, "params": {"C": 67.20652853963975, "epsilon": 16.147710494246883, "gamma": 0.05880606287533965, "lamda": 0.13800014335648533}, "datetime": {"datetime": "2021-09-20 11:47:22", "elapsed": 3783.491998, "delta": 11.908536}}
{"target": -1.9795944013771565, "params": {"C": 94.85127122677488, "epsilon": 11.131385508973612, "gamma": 0.058907642804738584, "lamda": 0.06814251117544261}, "datetime": {"datetime": "2021-09-20 11:47:34", "elapsed": 3794.901767, "delta": 11.409769}}
{"target": -1.8790821412172254, "params": {"C": 97.10575282484929, "epsilon": 19.662375140183318, "gamma": 0.057959692811202126, "lamda": 0.030083150685130795}, "datetime": {"datetime": "2021-09-20 11:47:44", "elapsed": 3805.3059, "delta": 10.404133}}
{"target": -5.201955363168951, "params": {"C": 92.92805160810089, "epsilon": 11.036633524352933, "gamma": 0.04014350151982419, "lamda": 0.19855165616615647}, "datetime": {"datetime": "2021-09-20 11:47:55", "elapsed": 3816.297942, "delta": 10.992042}}
{"target": -2.6607627924693604, "params": {"C": 68.57781745786484, "epsilon": 11.959895516924407, "gamma": 0.055019506744366176, "lamda": 0.10887571555231969}, "datetime": {"datetime": "2021-09-20 11:48:11", "elapsed": 3832.268901, "delta": 15.970959}}
{"target": -7.375226867912897, "params": {"C": 71.67042809567481, "epsilon": 18.113234372219534, "gamma": 0.041977762617037076, "lamda": 0.13462918660536088}, "datetime": {"datetime": "2021-09-20 11:48:29", "elapsed": 3849.824897, "delta": 17.555996}}
{"target": -7.965272747021983, "params": {"C": 78.33355631374958, "epsilon": 19.932319786160917, "gamma": 0.04491658797613142, "lamda": 0.15297708191819195}, "datetime": {"datetime": "2021-09-20 11:48:45", "elapsed": 3866.475863, "delta": 16.650966}}
{"target": -3.691931187746234, "params": {"C": 68.16958019523638, "epsilon": 10.741394718121834, "gamma": 0.05369679626517439, "lamda": 0.010911294430782294}, "datetime": {"datetime": "2021-09-20 11:48:57", "elapsed": 3877.976695, "delta": 11.500832}}
{"target": -9.008446922272167, "params": {"C": 95.18812387909372, "epsilon": 21.673748666595877, "gamma": 0.04554155889419427, "lamda": 0.08047177373615562}, "datetime": {"datetime": "2021-09-20 11:49:14", "elapsed": 3895.150308, "delta": 17.173613}}
{"target": -3.0291217215857875, "params": {"C": 68.59689474774501, "epsilon": 11.97372499111193, "gamma": 0.05908308525345557, "lamda": 0.09991689218468028}, "datetime": {"datetime": "2021-09-20 11:49:30", "elapsed": 3911.371786, "delta": 16.221478}}
{"target": -4.738467604920417, "params": {"C": 68.11273888005957, "epsilon": 10.712823167132733, "gamma": 0.04541851976136089, "lamda": 0.01338633010012328}, "datetime": {"datetime": "2021-09-20 11:49:41", "elapsed": 3922.450443, "delta": 11.078657}}
{"target": -4.776937128760001, "params": {"C": 98.33409964589598, "epsilon": 14.599888567793965, "gamma": 0.04352636093989483, "lamda": 0.0643988327052266}, "datetime": {"datetime": "2021-09-20 11:49:53", "elapsed": 3933.978411, "delta": 11.527968}}
{"target": -4.868064618051274, "params": {"C": 90.76326586615423, "epsilon": 11.463131922835505, "gamma": 0.04377181783588994, "lamda": 0.1004935427437864}, "datetime": {"datetime": "2021-09-20 11:50:09", "elapsed": 3950.25141, "delta": 16.272999}}
{"target": -9.09376131032153, "params": {"C": 82.95806176421273, "epsilon": 21.35917448054088, "gamma": 0.04620958981063969, "lamda": 0.08377383870680857}, "datetime": {"datetime": "2021-09-20 11:50:21", "elapsed": 3962.309404, "delta": 12.057994}}
{"target": -4.580657082632151, "params": {"C": 98.88852134287109, "epsilon": 10.623589956096374, "gamma": 0.05371430356900664, "lamda": 0.13865150454181813}, "datetime": {"datetime": "2021-09-20 11:50:34", "elapsed": 3975.021448, "delta": 12.712044}}
{"target": -7.96540235680653, "params": {"C": 99.00114422292458, "epsilon": 19.03466406140685, "gamma": 0.042890007637575576, "lamda": 0.1465866441632952}, "datetime": {"datetime": "2021-09-20 11:50:44", "elapsed": 3985.277443, "delta": 10.255995}}
{"target": -7.631242878586521, "params": {"C": 90.93164200042028, "epsilon": 20.872985740863918, "gamma": 0.057658579377624, "lamda": 0.15908713210170644}, "datetime": {"datetime": "2021-09-20 11:50:55", "elapsed": 3996.115125, "delta": 10.837682}}
{"target": -2.9539505583836094, "params": {"C": 97.8007337601588, "epsilon": 12.1342975948513, "gamma": 0.05818283098535718, "lamda": 0.1611015505823638}, "datetime": {"datetime": "2021-09-20 11:51:09", "elapsed": 4010.038418, "delta": 13.923293}}
{"target": 0.9052256598415828, "params": {"C": 71.93232904975066, "epsilon": 13.217102848902867, "gamma": 0.05289519667339486, "lamda": 0.005655992959725463}, "datetime": {"datetime": "2021-09-20 11:51:11", "elapsed": 4011.829418, "delta": 1.791}}
{"target": -7.940818953386923, "params": {"C": 97.08397757268355, "epsilon": 19.652756980015425, "gamma": 0.042629590736745056, "lamda": 0.061002721258174616}, "datetime": {"datetime": "2021-09-20 11:51:22", "elapsed": 4023.515324, "delta": 11.685906}}
{"target": -3.7087444594775123, "params": {"C": 71.91851521585345, "epsilon": 13.229585045491024, "gamma": 0.05400500080639309, "lamda": 0.0539969361647832}, "datetime": {"datetime": "2021-09-20 11:51:32", "elapsed": 4033.171677, "delta": 9.656353}}
{"target": -5.874094951625636, "params": {"C": 81.61120512032987, "epsilon": 15.734702650200774, "gamma": 0.049309573695939336, "lamda": 0.12719062687682683}, "datetime": {"datetime": "2021-09-20 11:51:48", "elapsed": 4048.944116, "delta": 15.772439}}
{"target": -4.024007574442698, "params": {"C": 98.42621821709383, "epsilon": 18.01007445193254, "gamma": 0.056097386577152665, "lamda": 0.0904467019112913}, "datetime": {"datetime": "2021-09-20 11:51:57", "elapsed": 4058.403615, "delta": 9.459499}}
{"target": -6.425353796104341, "params": {"C": 95.26853790588288, "epsilon": 14.51236111886795, "gamma": 0.041772866633280385, "lamda": 0.12402111246724719}, "datetime": {"datetime": "2021-09-20 11:52:08", "elapsed": 4069.175623, "delta": 10.772008}}
{"target": -4.828850358680132, "params": {"C": 69.30406885592139, "epsilon": 10.971975486465388, "gamma": 0.04808515269493854, "lamda": 0.09085843538268933}, "datetime": {"datetime": "2021-09-20 11:52:24", "elapsed": 4084.965704, "delta": 15.790081}}
{"target": -6.262733754733614, "params": {"C": 87.19891248644467, "epsilon": 15.691694819618958, "gamma": 0.05176917439892318, "lamda": 0.17663986497176465}, "datetime": {"datetime": "2021-09-20 11:52:39", "elapsed": 4100.215757, "delta": 15.250053}}
{"target": -2.8623503707448137, "params": {"C": 69.29863854746056, "epsilon": 11.092243246472291, "gamma": 0.058664634349483734, "lamda": 0.06785433706215618}, "datetime": {"datetime": "2021-09-20 11:52:49", "elapsed": 4109.997591, "delta": 9.781834}}
{"target": -2.925024218577289, "params": {"C": 69.29026162331944, "epsilon": 11.110343500704227, "gamma": 0.056070952392884815, "lamda": 0.049863995821599214}, "datetime": {"datetime": "2021-09-20 11:52:59", "elapsed": 4120.396649, "delta": 10.399058}}
{"target": -2.2501599422928136, "params": {"C": 92.88104052170864, "epsilon": 11.106986521398415, "gamma": 0.056499575220068946, "lamda": 0.16770805982765236}, "datetime": {"datetime": "2021-09-20 11:53:11", "elapsed": 4131.693829, "delta": 11.29718}}
{"target": -4.719493720718399, "params": {"C": 66.00977743003885, "epsilon": 17.047890334477657, "gamma": 0.05083048003517759, "lamda": 0.01874627557527019}, "datetime": {"datetime": "2021-09-20 11:53:22", "elapsed": 4143.476915, "delta": 11.783086}}
{"target": -5.807793386681291, "params": {"C": 76.6102316078416, "epsilon": 15.245133984733494, "gamma": 0.0518526890615596, "lamda": 0.080334434479644}, "datetime": {"datetime": "2021-09-20 11:53:34", "elapsed": 4154.877891, "delta": 11.400976}}
{"target": 0.9058834082238021, "params": {"C": 68.10528791122077, "epsilon": 10.662562148883113, "gamma": 0.051496846970645424, "lamda": 0.0014716997773698585}, "datetime": {"datetime": "2021-09-20 11:53:36", "elapsed": 4157.095436, "delta": 2.217545}}
{"target": -4.639060116219586, "params": {"C": 72.73306769792998, "epsilon": 10.652395522658562, "gamma": 0.04336289140327617, "lamda": 0.10476076683427643}, "datetime": {"datetime": "2021-09-20 11:53:55", "elapsed": 4175.83338, "delta": 18.737944}}
{"target": -4.159775505653291, "params": {"C": 81.78504188840797, "epsilon": 11.636691614028189, "gamma": 0.04390950280163287, "lamda": 0.02228931244028774}, "datetime": {"datetime": "2021-09-20 11:54:05", "elapsed": 4185.647301, "delta": 9.813921}}
{"target": -4.739086760774883, "params": {"C": 67.59217681356753, "epsilon": 11.1680255771485, "gamma": 0.04400011139122188, "lamda": 0.01165076991849605}, "datetime": {"datetime": "2021-09-20 11:54:16", "elapsed": 4196.649929, "delta": 11.002628}}
{"target": -4.349098167047793, "params": {"C": 89.22588305966822, "epsilon": 19.57675575221024, "gamma": 0.05979704353371603, "lamda": 0.04526784937574723}, "datetime": {"datetime": "2021-09-20 11:54:27", "elapsed": 4207.92069, "delta": 11.270761}}
{"target": -5.1179240779231, "params": {"C": 69.30295289478258, "epsilon": 11.031796510229768, "gamma": 0.044392203511646806, "lamda": 0.053806186557095945}, "datetime": {"datetime": "2021-09-20 11:54:38", "elapsed": 4218.698292, "delta": 10.777602}}
{"target": -4.211721073807282, "params": {"C": 99.37903826713726, "epsilon": 18.519318331868238, "gamma": 0.05969916042740714, "lamda": 0.01389049674095222}, "datetime": {"datetime": "2021-09-20 11:54:54", "elapsed": 4235.535821, "delta": 16.837529}}
{"target": -4.824376367517038, "params": {"C": 68.5944827334227, "epsilon": 11.922264510742757, "gamma": 0.050165098939625244, "lamda": 0.12049201285865141}, "datetime": {"datetime": "2021-09-20 11:55:10", "elapsed": 4251.31657, "delta": 15.780749}}
{"target": -2.6722002794627264, "params": {"C": 69.41034438035926, "epsilon": 10.954213037844344, "gamma": 0.06, "lamda": 0.11910875027234574}, "datetime": {"datetime": "2021-09-20 11:55:23", "elapsed": 4264.227566, "delta": 12.910996}}
{"target": -4.208141350700565, "params": {"C": 71.87403421043933, "epsilon": 13.20024042517613, "gamma": 0.04977764359073177, "lamda": 0.018263046469076456}, "datetime": {"datetime": "2021-09-20 11:55:34", "elapsed": 4274.633297, "delta": 10.405731}}
{"target": 0.9055638970591534, "params": {"C": 75.7337166430367, "epsilon": 12.75231151156172, "gamma": 0.05989323077140512, "lamda": 0.003204878330288302}, "datetime": {"datetime": "2021-09-20 11:55:35", "elapsed": 4276.430616, "delta": 1.797319}}
{"target": -3.966452022897931, "params": {"C": 98.02841288550107, "epsilon": 19.375777857377187, "gamma": 0.059852014597373215, "lamda": 0.06338854696861855}, "datetime": {"datetime": "2021-09-20 11:55:46", "elapsed": 4287.291616, "delta": 10.861}}
{"target": -5.356805339587398, "params": {"C": 98.75259159364577, "epsilon": 16.942755998820974, "gamma": 0.04537644058800196, "lamda": 0.052774095796329086}, "datetime": {"datetime": "2021-09-20 11:55:57", "elapsed": 4298.153318, "delta": 10.861702}}
{"target": -4.806805281010335, "params": {"C": 92.9342968007197, "epsilon": 11.039511900594448, "gamma": 0.05181370480382115, "lamda": 0.15236799884888227}, "datetime": {"datetime": "2021-09-20 11:56:14", "elapsed": 4314.697563, "delta": 16.544245}}
{"target": -7.5389428355387835, "params": {"C": 87.04220180221958, "epsilon": 20.158006571381236, "gamma": 0.05991549908357978, "lamda": 0.09649936112570502}, "datetime": {"datetime": "2021-09-20 11:56:24", "elapsed": 4325.068172, "delta": 10.370609}}
{"target": -4.8314179673768445, "params": {"C": 69.30128440539049, "epsilon": 11.048123407811875, "gamma": 0.048549976613717516, "lamda": 0.10102914632665144}, "datetime": {"datetime": "2021-09-20 11:56:39", "elapsed": 4340.431018, "delta": 15.362846}}
{"target": -3.1104908400622504, "params": {"C": 76.42717312681522, "epsilon": 12.880672328991897, "gamma": 0.05272522787164779, "lamda": 0.05424383204437023}, "datetime": {"datetime": "2021-09-20 11:56:53", "elapsed": 4354.292026, "delta": 13.861008}}
{"target": -4.1098382758275305, "params": {"C": 89.23598216630675, "epsilon": 19.612172168043653, "gamma": 0.05721551267769638, "lamda": 0.01503538035075154}, "datetime": {"datetime": "2021-09-20 11:57:03", "elapsed": 4364.254022, "delta": 9.961996}}
{"target": 0.9038979743878072, "params": {"C": 86.90245492344457, "epsilon": 20.123502026672845, "gamma": 0.05683241006802606, "lamda": 0.00025699991380442666}, "datetime": {"datetime": "2021-09-20 11:57:06", "elapsed": 4366.677757, "delta": 2.423735}}
{"target": 0.9057972741995389, "params": {"C": 75.76926627061263, "epsilon": 12.756415140041877, "gamma": 0.051884411050447964, "lamda": 0.006154098847399283}, "datetime": {"datetime": "2021-09-20 11:57:07", "elapsed": 4368.540718, "delta": 1.862961}}
{"target": -2.867627716036835, "params": {"C": 76.1963889640213, "epsilon": 13.213926038709802, "gamma": 0.04991091238807602, "lamda": 0.07674485520756169}, "datetime": {"datetime": "2021-09-20 11:57:19", "elapsed": 4380.547907, "delta": 12.007189}}
{"target": -3.262649111809292, "params": {"C": 94.80646063752728, "epsilon": 11.14270462050543, "gamma": 0.057017541717708, "lamda": 0.07121829646518271}, "datetime": {"datetime": "2021-09-20 11:57:34", "elapsed": 4395.364588, "delta": 14.816681}}
{"target": 0.9063448862045878, "params": {"C": 71.8910930145853, "epsilon": 13.202857172147974, "gamma": 0.05958409729458461, "lamda": 0.04989924592720363}, "datetime": {"datetime": "2021-09-20 11:57:36", "elapsed": 4397.262983, "delta": 1.898395}}
{"target": -4.389886678818579, "params": {"C": 67.99087877457285, "epsilon": 10.052724913771799, "gamma": 0.0550870107485444, "lamda": 0.10135909821627133}, "datetime": {"datetime": "2021-09-20 11:57:44", "elapsed": 4405.132225, "delta": 7.869242}}
{"target": 0.9074196869410176, "params": {"C": 68.16861231479844, "epsilon": 10.725725932870372, "gamma": 0.05390951273595783, "lamda": 0.03420442116957703}, "datetime": {"datetime": "2021-09-20 11:57:46", "elapsed": 4406.968465, "delta": 1.83624}}
{"target": -5.804312956619844, "params": {"C": 77.4101630300307, "epsilon": 15.046778638223593, "gamma": 0.04255390877158903, "lamda": 0.06958475835286976}, "datetime": {"datetime": "2021-09-20 11:58:02", "elapsed": 4423.136382, "delta": 16.167917}}
{"target": -6.895790759778235, "params": {"C": 83.16273343572708, "epsilon": 16.805972995009203, "gamma": 0.05158153050136599, "lamda": 0.11050157030931598}, "datetime": {"datetime": "2021-09-20 11:58:18", "elapsed": 4438.691064, "delta": 15.554682}}
{"target": -5.055672697419174, "params": {"C": 69.85504818312016, "epsilon": 11.911345275531, "gamma": 0.04470115190636692, "lamda": 0.10204793943025048}, "datetime": {"datetime": "2021-09-20 11:58:30", "elapsed": 4450.568161, "delta": 11.877097}}
{"target": -9.12237521032093, "params": {"C": 79.34696965723958, "epsilon": 21.444856848588906, "gamma": 0.04028660728471433, "lamda": 0.12417726461778474}, "datetime": {"datetime": "2021-09-20 11:58:40", "elapsed": 4461.148558, "delta": 10.580397}}
{"target": -7.303386572279026, "params": {"C": 95.8631015871837, "epsilon": 18.315436350382875, "gamma": 0.054687224830085944, "lamda": 0.13365940694312672}, "datetime": {"datetime": "2021-09-20 11:58:55", "elapsed": 4476.512282, "delta": 15.363724}}
{"target": -5.874870281134217, "params": {"C": 86.99927169376288, "epsilon": 13.952408274588235, "gamma": 0.041781505127705273, "lamda": 0.14550365217702144}, "datetime": {"datetime": "2021-09-20 11:59:12", "elapsed": 4492.971241, "delta": 16.458959}}
