{"target": -6.22446067375559, "params": {"C": 110.56697054937487, "epsilon": 6.205479563937827, "gamma": 0.05004722621222191, "lamda": 0.031403097778368284}, "datetime": {"datetime": "2021-09-19 19:54:15", "elapsed": 487.607223, "delta": 10.830998}}
{"target": -5.146398188786926, "params": {"C": 104.54279641221746, "epsilon": 0.8980811195394077, "gamma": 0.041242935234606946, "lamda": 0.04170856049729004}, "datetime": {"datetime": "2021-09-19 19:54:25", "elapsed": 497.247223, "delta": 9.64}}
{"target": -6.056282376043298, "params": {"C": 107.1027906792458, "epsilon": 1.7990130296813827, "gamma": 0.05157286582262326, "lamda": 0.1589945913722727}, "datetime": {"datetime": "2021-09-19 19:54:33", "elapsed": 505.859221, "delta": 8.611998}}
{"target": 0.8557748835061667, "params": {"C": 113.33404055489407, "epsilon": 0.6421006312233044, "gamma": 0.028061935148287042, "lamda": 0.03362094330615632}, "datetime": {"datetime": "2021-09-19 19:54:34", "elapsed": 506.599224, "delta": 0.740003}}
{"target": 0.8957749233381291, "params": {"C": 104.63481168823093, "epsilon": 0.9432946579312813, "gamma": 0.09234698681707103, "lamda": 0.010060114846666215}, "datetime": {"datetime": "2021-09-19 19:54:35", "elapsed": 507.127222, "delta": 0.527998}}
{"target": -1.5500868327038315, "params": {"C": 104.61998096950362, "epsilon": 1.233374057618909, "gamma": 0.00869875721833362, "lamda": 0.08290528248204547}, "datetime": {"datetime": "2021-09-19 19:54:43", "elapsed": 515.534223, "delta": 8.407001}}
{"target": -2.7872723211448296, "params": {"C": 105.28876147622101, "epsilon": 4.209905540686269, "gamma": 0.011314097937163394, "lamda": 0.02412230655857074}, "datetime": {"datetime": "2021-09-19 19:54:59", "elapsed": 531.327223, "delta": 15.793}}
{"target": 0.8450278896670879, "params": {"C": 104.57404022308833, "epsilon": 1.204411268555048, "gamma": 0.008711511699874783, "lamda": 0.04655451377570339}, "datetime": {"datetime": "2021-09-19 19:54:59", "elapsed": 531.923226, "delta": 0.596003}}
{"target": -3.465279029880179, "params": {"C": 104.85550169153862, "epsilon": 1.2265917758077072, "gamma": 0.09001878666914045, "lamda": 0.05896631674518561}, "datetime": {"datetime": "2021-09-19 19:55:09", "elapsed": 541.174224, "delta": 9.250998}}
{"target": -4.811127482330599, "params": {"C": 104.69724351674095, "epsilon": 0.9410293035301667, "gamma": 0.07378844453297206, "lamda": 0.05724423318430291}, "datetime": {"datetime": "2021-09-19 19:55:18", "elapsed": 550.639222, "delta": 9.464998}}
{"target": -4.555014062097299, "params": {"C": 113.3345053627179, "epsilon": 0.5753746826536553, "gamma": 0.06377349147774922, "lamda": 0.065519483102596}, "datetime": {"datetime": "2021-09-19 19:55:27", "elapsed": 560.085224, "delta": 9.446002}}
{"target": -4.310649574062873, "params": {"C": 104.64784513229381, "epsilon": 1.0563041841100975, "gamma": 0.029962194020310317, "lamda": 0.15013818409920227}, "datetime": {"datetime": "2021-09-19 19:55:37", "elapsed": 569.449224, "delta": 9.364}}
{"target": -5.946479394320057, "params": {"C": 101.01387628357833, "epsilon": 6.01062159554707, "gamma": 0.02746748663716052, "lamda": 0.0468178099893599}, "datetime": {"datetime": "2021-09-19 19:55:52", "elapsed": 584.653222, "delta": 15.203998}}
{"target": -5.296759551954334, "params": {"C": 113.28405553284043, "epsilon": 0.7364761178686636, "gamma": 0.038105290915888254, "lamda": 0.07104324911036367}, "datetime": {"datetime": "2021-09-19 19:56:01", "elapsed": 593.699223, "delta": 9.046001}}
{"target": -4.815973994183878, "params": {"C": 118.46566203051543, "epsilon": 4.141926267287079, "gamma": 0.08442969455828014, "lamda": 0.08716723898059611}, "datetime": {"datetime": "2021-09-19 19:56:10", "elapsed": 602.664223, "delta": 8.965}}
{"target": -5.624338310533727, "params": {"C": 103.06242625110792, "epsilon": 6.029271674015497, "gamma": 0.0795914796329089, "lamda": 0.06661693645597364}, "datetime": {"datetime": "2021-09-19 19:56:18", "elapsed": 611.097222, "delta": 8.432999}}
{"target": -4.765711999819869, "params": {"C": 95.53889465315203, "epsilon": 2.562019442923821, "gamma": 0.05655744203124507, "lamda": 0.10786029585353231}, "datetime": {"datetime": "2021-09-19 19:56:33", "elapsed": 625.124222, "delta": 14.027}}
{"target": -4.301170513815001, "params": {"C": 107.09562003644689, "epsilon": 1.2611836062276736, "gamma": 0.023663028400665857, "lamda": 0.1846816192144124}, "datetime": {"datetime": "2021-09-19 19:56:46", "elapsed": 638.266222, "delta": 13.142}}
{"target": -4.827861130843661, "params": {"C": 104.65625575763858, "epsilon": 5.893180599620022, "gamma": 0.08117286467010854, "lamda": 0.1127859843031951}, "datetime": {"datetime": "2021-09-19 19:56:56", "elapsed": 648.202227, "delta": 9.936005}}
{"target": 0.8583771088182752, "params": {"C": 104.50275656701112, "epsilon": 1.1194828303833586, "gamma": 0.02099685409562766, "lamda": 0.02888364768844533}, "datetime": {"datetime": "2021-09-19 19:56:56", "elapsed": 648.909231, "delta": 0.707004}}
{"target": -5.7364055394124716, "params": {"C": 114.02922002486008, "epsilon": 8.693258020398224, "gamma": 0.024787323526185633, "lamda": 0.027159212215710427}, "datetime": {"datetime": "2021-09-19 19:57:12", "elapsed": 664.48226, "delta": 15.573029}}
{"target": 0.8594085477708902, "params": {"C": 104.50773620906521, "epsilon": 1.065798121049497, "gamma": 0.031423725372594864, "lamda": 0.03608757346884571}, "datetime": {"datetime": "2021-09-19 19:57:13", "elapsed": 665.130222, "delta": 0.647962}}
{"target": -3.7348274941249384, "params": {"C": 104.71548319375682, "epsilon": 1.1991408373506123, "gamma": 0.07803766308019243, "lamda": 0.002816405863312064}, "datetime": {"datetime": "2021-09-19 19:57:18", "elapsed": 670.69023, "delta": 5.560008}}
{"target": 0.8502678366420588, "params": {"C": 104.67599590262697, "epsilon": 1.2186421007071522, "gamma": 0.01429723997715298, "lamda": 0.02155720427362879}, "datetime": {"datetime": "2021-09-19 19:57:19", "elapsed": 671.270223, "delta": 0.579993}}
{"target": -6.469971493495505, "params": {"C": 104.34561188050041, "epsilon": 6.350796851168882, "gamma": 0.037617784559713596, "lamda": 0.1581632022800767}, "datetime": {"datetime": "2021-09-19 19:57:33", "elapsed": 685.439222, "delta": 14.168999}}
{"target": 0.8733086939462712, "params": {"C": 94.17803741393726, "epsilon": 5.333827346801606, "gamma": 0.04123090810378893, "lamda": 0.008124478851476194}, "datetime": {"datetime": "2021-09-19 19:57:34", "elapsed": 686.118224, "delta": 0.679002}}
{"target": -5.290595663155183, "params": {"C": 97.84005499350553, "epsilon": 9.668104139049778, "gamma": 0.021971990100347352, "lamda": 0.10761744678879807}, "datetime": {"datetime": "2021-09-19 19:57:42", "elapsed": 694.796226, "delta": 8.678002}}
{"target": -5.887863282849885, "params": {"C": 112.61003782827746, "epsilon": 8.714449352031663, "gamma": 0.03313289902164155, "lamda": 0.1148012935097861}, "datetime": {"datetime": "2021-09-19 19:57:57", "elapsed": 709.269598, "delta": 14.473372}}
{"target": -5.995550025373597, "params": {"C": 95.53964870988804, "epsilon": 7.754074284930483, "gamma": 0.027187102694399452, "lamda": 0.04863865711974893}, "datetime": {"datetime": "2021-09-19 19:58:10", "elapsed": 722.535719, "delta": 13.266121}}
{"target": 0.8493915253008244, "params": {"C": 94.10573506784364, "epsilon": 5.3543102160474065, "gamma": 0.01306133139522303, "lamda": 0.006975841578742033}, "datetime": {"datetime": "2021-09-19 19:58:11", "elapsed": 723.243719, "delta": 0.708}}
{"target": -3.996068440922085, "params": {"C": 106.17896653146175, "epsilon": 5.18783597110504, "gamma": 0.09209507541397981, "lamda": 0.1374973825164908}, "datetime": {"datetime": "2021-09-19 19:58:22", "elapsed": 734.45572, "delta": 11.212001}}
{"target": 0.8404516666904014, "params": {"C": 104.6163032718091, "epsilon": 1.1750895158721049, "gamma": 0.006904120928030173, "lamda": 0.041449957233340565}, "datetime": {"datetime": "2021-09-19 19:58:23", "elapsed": 735.259719, "delta": 0.803999}}
{"target": -2.2582410320162887, "params": {"C": 89.57317226018033, "epsilon": 3.85342652077595, "gamma": 0.0095161064254695, "lamda": 0.10503662542665139}, "datetime": {"datetime": "2021-09-19 19:58:38", "elapsed": 750.572717, "delta": 15.312998}}
{"target": -4.235359897467929, "params": {"C": 104.51239877033376, "epsilon": 0.9912008652073293, "gamma": 0.08323320042336126, "lamda": 0.0041053057518692145}, "datetime": {"datetime": "2021-09-19 19:58:44", "elapsed": 756.208723, "delta": 5.636006}}
{"target": 0.888512877997248, "params": {"C": 104.4828372598771, "epsilon": 1.1007542975239346, "gamma": 0.05188383759134868, "lamda": 0.0046047659816605396}, "datetime": {"datetime": "2021-09-19 19:58:44", "elapsed": 756.898718, "delta": 0.689995}}
{"target": 0.8429743273819684, "params": {"C": 104.55893398007811, "epsilon": 1.1771699169941847, "gamma": 0.007539421815038654, "lamda": 0.0581789687185184}, "datetime": {"datetime": "2021-09-19 19:58:45", "elapsed": 757.565722, "delta": 0.667004}}
{"target": -5.993520024144518, "params": {"C": 94.15133836330195, "epsilon": 5.413910326255719, "gamma": 0.06012302826796856, "lamda": 0.039867417136917264}, "datetime": {"datetime": "2021-09-19 19:59:00", "elapsed": 772.874426, "delta": 15.308704}}
{"target": -4.828970183521243, "params": {"C": 104.63084544175317, "epsilon": 0.9717539744790037, "gamma": 0.06663798261541501, "lamda": 0.04770584336131157}, "datetime": {"datetime": "2021-09-19 19:59:10", "elapsed": 782.303026, "delta": 9.4286}}
{"target": 0.8959076930615979, "params": {"C": 90.95841916549676, "epsilon": 1.086377802373157, "gamma": 0.07757031080599962, "lamda": 0.004881127027592247}, "datetime": {"datetime": "2021-09-19 19:59:10", "elapsed": 782.977657, "delta": 0.674631}}
{"target": 0.8961610201950123, "params": {"C": 113.30533417639234, "epsilon": 0.591647468240549, "gamma": 0.06856615973433013, "lamda": 0.019249959052181357}, "datetime": {"datetime": "2021-09-19 19:59:11", "elapsed": 783.634468, "delta": 0.656811}}
{"target": -3.635527647015576, "params": {"C": 94.10674224874901, "epsilon": 5.189029474938117, "gamma": 0.08216502581984163, "lamda": 0.01922785804918497}, "datetime": {"datetime": "2021-09-19 19:59:21", "elapsed": 793.201784, "delta": 9.567316}}
{"target": 0.8459099573618128, "params": {"C": 113.32195818387967, "epsilon": 0.6371194418541839, "gamma": 0.009096159201376311, "lamda": 0.057617174378521534}, "datetime": {"datetime": "2021-09-19 19:59:21", "elapsed": 793.865679, "delta": 0.663895}}
{"target": 0.8533962488046711, "params": {"C": 104.77261521192267, "epsilon": 1.242737522262481, "gamma": 0.01617650179413382, "lamda": 0.02674893829861135}, "datetime": {"datetime": "2021-09-19 19:59:22", "elapsed": 794.604097, "delta": 0.738418}}
{"target": -5.26642150228499, "params": {"C": 104.65137883721486, "epsilon": 1.1625819823312573, "gamma": 0.04203289707554173, "lamda": 0.05760346680981994}, "datetime": {"datetime": "2021-09-19 19:59:34", "elapsed": 806.472069, "delta": 11.867972}}
{"target": -3.99329285208864, "params": {"C": 104.71105900469912, "epsilon": 1.226589380325291, "gamma": 0.02609642632548761, "lamda": 0.04281870429760002}, "datetime": {"datetime": "2021-09-19 19:59:43", "elapsed": 815.135386, "delta": 8.663317}}
{"target": 0.847739109954574, "params": {"C": 90.18176736773825, "epsilon": 1.7119036021935743, "gamma": 0.01062804418267009, "lamda": 0.04651454276759931}, "datetime": {"datetime": "2021-09-19 19:59:43", "elapsed": 815.842338, "delta": 0.706952}}
{"target": -3.4528602596797944, "params": {"C": 114.1232221197627, "epsilon": 8.101033502979183, "gamma": 0.09467330440990553, "lamda": 0.17680729542064966}, "datetime": {"datetime": "2021-09-19 19:59:52", "elapsed": 825.08591, "delta": 9.243572}}
{"target": -4.549378255931567, "params": {"C": 90.94621804338713, "epsilon": 1.0011489078125, "gamma": 0.07448708381187306, "lamda": 0.06784383538466064}, "datetime": {"datetime": "2021-09-19 20:00:02", "elapsed": 834.492788, "delta": 9.406878}}
{"target": -5.145050831767707, "params": {"C": 118.78794992267402, "epsilon": 7.332582235664591, "gamma": 0.075786128723626, "lamda": 0.03251020451810197}, "datetime": {"datetime": "2021-09-19 20:00:16", "elapsed": 848.610744, "delta": 14.117956}}
{"target": 0.8534910687665561, "params": {"C": 113.27671571479001, "epsilon": 0.5958446982390604, "gamma": 0.015761013880651396, "lamda": 0.06409406801102194}, "datetime": {"datetime": "2021-09-19 20:00:17", "elapsed": 849.500743, "delta": 0.889999}}
{"target": 0.8872700550956375, "params": {"C": 104.77559665105234, "epsilon": 1.285471013125036, "gamma": 0.05051400709161608, "lamda": 0.0132801180507474}, "datetime": {"datetime": "2021-09-19 20:00:18", "elapsed": 850.139741, "delta": 0.638998}}
{"target": -3.7112627418938366, "params": {"C": 113.33118232880302, "epsilon": 0.6140180172728433, "gamma": 0.021849766986844467, "lamda": 0.0850352898461043}, "datetime": {"datetime": "2021-09-19 20:00:27", "elapsed": 859.557743, "delta": 9.418002}}
{"target": 0.8500287853310396, "params": {"C": 94.06327657325791, "epsilon": 5.398875271530329, "gamma": 0.014745368972899828, "lamda": 0.0051070828586855755}, "datetime": {"datetime": "2021-09-19 20:00:28", "elapsed": 860.193742, "delta": 0.635999}}
{"target": -4.04618140278421, "params": {"C": 104.85514147330055, "epsilon": 1.3682389250913074, "gamma": 0.05160448153376248, "lamda": 0.021402723186608453}, "datetime": {"datetime": "2021-09-19 20:00:37", "elapsed": 869.259744, "delta": 9.066002}}
{"target": 0.8244050519054237, "params": {"C": 90.16718199115142, "epsilon": 1.6737643657214833, "gamma": 0.005, "lamda": 0.0378741461167356}, "datetime": {"datetime": "2021-09-19 20:00:37", "elapsed": 870.041031, "delta": 0.781287}}
{"target": -6.104827942808641, "params": {"C": 105.7890524038594, "epsilon": 5.265238413950997, "gamma": 0.05527544937493722, "lamda": 0.08713845230354733}, "datetime": {"datetime": "2021-09-19 20:00:50", "elapsed": 882.94742, "delta": 12.906389}}
{"target": 0.8944112872190726, "params": {"C": 90.97325164187242, "epsilon": 1.0244396512805918, "gamma": 0.09974075309985886, "lamda": 0.0023487271421715208}, "datetime": {"datetime": "2021-09-19 20:00:51", "elapsed": 883.725561, "delta": 0.778141}}
{"target": -3.2952074156479743, "params": {"C": 104.5357535722656, "epsilon": 1.1694512737394367, "gamma": 0.0924193613734288, "lamda": 0.061980425093636105}, "datetime": {"datetime": "2021-09-19 20:01:00", "elapsed": 893.023329, "delta": 9.297768}}
{"target": 0.8475945284572735, "params": {"C": 94.10565473847831, "epsilon": 5.321635516842006, "gamma": 0.010585096526275893, "lamda": 0.0008097245082913321}, "datetime": {"datetime": "2021-09-19 20:01:01", "elapsed": 893.817111, "delta": 0.793782}}
{"target": -4.0112370214155995, "params": {"C": 100.79819194804179, "epsilon": 2.3797497986021394, "gamma": 0.019033192093175656, "lamda": 0.19972650750428542}, "datetime": {"datetime": "2021-09-19 20:01:15", "elapsed": 907.880625, "delta": 14.063514}}
{"target": -3.0997563193847, "params": {"C": 118.17272428098411, "epsilon": 1.9134526217709644, "gamma": 0.013874192380411605, "lamda": 0.15988635550349276}, "datetime": {"datetime": "2021-09-19 20:01:29", "elapsed": 921.352764, "delta": 13.472139}}
{"target": 0.8691972441166105, "params": {"C": 104.75707846969074, "epsilon": 1.0232033101996654, "gamma": 0.0377786785606092, "lamda": 0.012621283165400971}, "datetime": {"datetime": "2021-09-19 20:01:30", "elapsed": 922.129771, "delta": 0.777007}}
{"target": 0.876036669060618, "params": {"C": 104.67204498576655, "epsilon": 1.2442903012518238, "gamma": 0.04166272180611935, "lamda": 0.012030302191650305}, "datetime": {"datetime": "2021-09-19 20:01:30", "elapsed": 922.902419, "delta": 0.772648}}
{"target": -4.664109577799441, "params": {"C": 89.48208654365686, "epsilon": 7.082594087001064, "gamma": 0.018160074311769477, "lamda": 0.08781012199588946}, "datetime": {"datetime": "2021-09-19 20:01:46", "elapsed": 938.704313, "delta": 15.801894}}
{"target": -3.2750642521934195, "params": {"C": 108.33843164386688, "epsilon": 8.25004159303886, "gamma": 0.010782681853358771, "lamda": 0.08843893070681963}, "datetime": {"datetime": "2021-09-19 20:01:55", "elapsed": 947.150454, "delta": 8.446141}}
{"target": -4.846042999018008, "params": {"C": 96.86088639718504, "epsilon": 2.441080553130226, "gamma": 0.06703681118050847, "lamda": 0.11057120395135438}, "datetime": {"datetime": "2021-09-19 20:02:03", "elapsed": 955.944348, "delta": 8.793894}}
{"target": 0.8959302595709214, "params": {"C": 104.644929905661, "epsilon": 1.0046946768366478, "gamma": 0.09922354062547434, "lamda": 0.01405804634951741}, "datetime": {"datetime": "2021-09-19 20:02:04", "elapsed": 956.684537, "delta": 0.740189}}
{"target": 0.8879040198192529, "params": {"C": 90.08517259196203, "epsilon": 1.677490431108269, "gamma": 0.053513634200592165, "lamda": 0.0031069091076098582}, "datetime": {"datetime": "2021-09-19 20:02:05", "elapsed": 957.513535, "delta": 0.828998}}
{"target": -5.885793224062267, "params": {"C": 98.53443314487637, "epsilon": 2.76847975007666, "gamma": 0.07792189933280831, "lamda": 0.06881854623715995}, "datetime": {"datetime": "2021-09-19 20:02:20", "elapsed": 972.111318, "delta": 14.597783}}
{"target": 0.8576440878630545, "params": {"C": 104.54804084980591, "epsilon": 1.1455933522858563, "gamma": 0.029510205663099726, "lamda": 0.0258454065294305}, "datetime": {"datetime": "2021-09-19 20:02:20", "elapsed": 972.973321, "delta": 0.862003}}
{"target": 0.8953607039940422, "params": {"C": 90.97366751233533, "epsilon": 1.015206690025197, "gamma": 0.08878943357346471, "lamda": 0.009987900139656197}, "datetime": {"datetime": "2021-09-19 20:02:21", "elapsed": 973.743319, "delta": 0.769998}}
{"target": 0.8588327844364512, "params": {"C": 104.62089716113708, "epsilon": 1.095477682851434, "gamma": 0.02555899723103015, "lamda": 0.018298702844756688}, "datetime": {"datetime": "2021-09-19 20:02:22", "elapsed": 974.549318, "delta": 0.805999}}
{"target": -4.868943817033424, "params": {"C": 118.98765606252671, "epsilon": 0.9755419671587451, "gamma": 0.05912691391933357, "lamda": 0.11453806583759561}, "datetime": {"datetime": "2021-09-19 20:02:31", "elapsed": 983.631316, "delta": 9.081998}}
{"target": 0.8504603860433757, "params": {"C": 90.0779271488753, "epsilon": 1.7186321592470677, "gamma": 0.01542456712790925, "lamda": 0.042249682507416016}, "datetime": {"datetime": "2021-09-19 20:02:32", "elapsed": 984.44532, "delta": 0.814004}}
{"target": 0.86025901270834, "params": {"C": 104.56962914674767, "epsilon": 1.2042313126359412, "gamma": 0.03226218801419034, "lamda": 0.0029326684635563563}, "datetime": {"datetime": "2021-09-19 20:02:33", "elapsed": 985.254338, "delta": 0.809018}}
{"target": -4.468786269337361, "params": {"C": 91.7285489408476, "epsilon": 2.1195811083100127, "gamma": 0.022382391580598012, "lamda": 0.1363081802263805}, "datetime": {"datetime": "2021-09-19 20:02:47", "elapsed": 999.390641, "delta": 14.136303}}
{"target": 0.8479449437899476, "params": {"C": 104.78053273192324, "epsilon": 1.3092631552698897, "gamma": 0.012625140183206932, "lamda": 0.02292484731639814}, "datetime": {"datetime": "2021-09-19 20:02:48", "elapsed": 1000.162862, "delta": 0.772221}}
{"target": -2.022954691041511, "params": {"C": 112.23535129470474, "epsilon": 6.799568932579291, "gamma": 0.007210404865832655, "lamda": 0.024370193184774156}, "datetime": {"datetime": "2021-09-19 20:03:05", "elapsed": 1017.982318, "delta": 17.819456}}
{"target": -5.4373561917186555, "params": {"C": 94.69205983514536, "epsilon": 5.3888339629977, "gamma": 0.041472163480413986, "lamda": 0.033679691161529676}, "datetime": {"datetime": "2021-09-19 20:03:21", "elapsed": 1033.327507, "delta": 15.345189}}
{"target": 0.8550019424135622, "params": {"C": 104.53180760304349, "epsilon": 1.0918579497345577, "gamma": 0.017466397416444537, "lamda": 0.0056302910897310906}, "datetime": {"datetime": "2021-09-19 20:03:22", "elapsed": 1034.122507, "delta": 0.795}}
{"target": 0.8740894206856621, "params": {"C": 104.40238317067035, "epsilon": 1.06727507555833, "gamma": 0.04054975410955162, "lamda": 0.020365311119931603}, "datetime": {"datetime": "2021-09-19 20:03:22", "elapsed": 1034.921555, "delta": 0.799048}}
{"target": 0.8929271612977451, "params": {"C": 91.00850464778202, "epsilon": 1.0529767686522948, "gamma": 0.061452990449791085, "lamda": 5e-05}, "datetime": {"datetime": "2021-09-19 20:03:23", "elapsed": 1035.904559, "delta": 0.983004}}
{"target": -2.328567621572025, "params": {"C": 106.1258805738223, "epsilon": 4.424546992732861, "gamma": 0.009539642608010466, "lamda": 0.09217489244335039}, "datetime": {"datetime": "2021-09-19 20:03:39", "elapsed": 1051.633969, "delta": 15.72941}}
{"target": -6.4531481194101845, "params": {"C": 94.02135708248544, "epsilon": 5.33199761791003, "gamma": 0.058866194825060704, "lamda": 0.028923173953510493}, "datetime": {"datetime": "2021-09-19 20:03:54", "elapsed": 1066.564154, "delta": 14.930185}}
{"target": -5.102612750028233, "params": {"C": 90.19257845044315, "epsilon": 1.6570817296541827, "gamma": 0.06430193909043999, "lamda": 0.13802833857935706}, "datetime": {"datetime": "2021-09-19 20:04:11", "elapsed": 1083.368749, "delta": 16.804595}}
{"target": -4.236328302309472, "params": {"C": 112.75626440427381, "epsilon": 9.3422056961955, "gamma": 0.07720859718876466, "lamda": 0.186201166810537}, "datetime": {"datetime": "2021-09-19 20:04:21", "elapsed": 1093.174126, "delta": 9.805377}}
{"target": -4.8628184593535435, "params": {"C": 100.23682332643244, "epsilon": 1.3090963737696808, "gamma": 0.046402446386089154, "lamda": 0.03499387220639542}, "datetime": {"datetime": "2021-09-19 20:04:29", "elapsed": 1101.96378, "delta": 8.789654}}
{"target": -4.936093145848142, "params": {"C": 109.20384316565321, "epsilon": 3.1311590275159555, "gamma": 0.08163871667242746, "lamda": 0.04084575176205504}, "datetime": {"datetime": "2021-09-19 20:04:38", "elapsed": 1110.784437, "delta": 8.820657}}
