{"target": -2.9325582828122343, "params": {"C": 81.91274933774862, "epsilon": 13.73509386422781, "gamma": 0.06656718336252808, "lamda": 0.10930490961102897}, "datetime": {"datetime": "2021-09-20 09:44:06", "elapsed": 3267.753072, "delta": 16.087761}}
{"target": -2.109687416034787, "params": {"C": 91.6569701330705, "epsilon": 14.218199684719622, "gamma": 0.059273379834000536, "lamda": 0.028223343885176687}, "datetime": {"datetime": "2021-09-20 09:44:16", "elapsed": 3277.758799, "delta": 10.005727}}
{"target": 0.897751890153863, "params": {"C": 99.37903826713726, "epsilon": 15.679545554578825, "gamma": 0.09909748128222143, "lamda": 0.01389049674095222}, "datetime": {"datetime": "2021-09-20 09:44:18", "elapsed": 3279.147811, "delta": 1.389012}}
{"target": 0.9007753585250365, "params": {"C": 69.06009459260113, "epsilon": 15.365740891473717, "gamma": 0.07599496083831783, "lamda": 0.036573918969397747}, "datetime": {"datetime": "2021-09-20 09:44:19", "elapsed": 3280.605808, "delta": 1.457997}}
{"target": -5.941332083958454, "params": {"C": 97.10469358508136, "epsilon": 15.639352170854146, "gamma": 0.0442023224151619, "lamda": 0.012155976637540169}, "datetime": {"datetime": "2021-09-20 09:44:29", "elapsed": 3290.491747, "delta": 9.885939}}
{"target": -4.91407050217111, "params": {"C": 73.89073083405974, "epsilon": 11.803590583486777, "gamma": 0.04751605614375005, "lamda": 0.11353999183389928}, "datetime": {"datetime": "2021-09-20 09:44:40", "elapsed": 3301.258291, "delta": 10.766544}}
{"target": -2.2890569038266904, "params": {"C": 86.94729895847611, "epsilon": 13.484576575403166, "gamma": 0.09352820428731615, "lamda": 0.034054062748938185}, "datetime": {"datetime": "2021-09-20 09:44:50", "elapsed": 3311.270527, "delta": 10.012236}}
{"target": -1.054842887590055, "params": {"C": 98.02841288550107, "epsilon": 16.25051857158479, "gamma": 0.09955604379211967, "lamda": 0.06338854696861855}, "datetime": {"datetime": "2021-09-20 09:45:03", "elapsed": 3324.720781, "delta": 13.450254}}
{"target": -3.6264881214892455, "params": {"C": 98.75259159364577, "epsilon": 14.628503999213983, "gamma": 0.05612932176400588, "lamda": 0.052774095796329086}, "datetime": {"datetime": "2021-09-20 09:45:13", "elapsed": 3334.408782, "delta": 9.688001}}
{"target": -3.398338789663244, "params": {"C": 89.96218163908028, "epsilon": 16.28161680219074, "gamma": 0.05527471237625768, "lamda": 0.1045761927599392}, "datetime": {"datetime": "2021-09-20 09:45:30", "elapsed": 3351.825787, "delta": 17.417005}}
{"target": -1.1846112206652593, "params": {"C": 87.04220180221958, "epsilon": 16.772004380920823, "gamma": 0.09974649725073934, "lamda": 0.09649936112570502}, "datetime": {"datetime": "2021-09-20 09:45:40", "elapsed": 3361.703781, "delta": 9.877994}}
{"target": -2.2985307982785548, "params": {"C": 77.97513967219383, "epsilon": 10.471934054867052, "gamma": 0.09397033969254806, "lamda": 0.15415503403875538}, "datetime": {"datetime": "2021-09-20 09:45:53", "elapsed": 3374.633782, "delta": 12.930001}}
{"target": -1.2668370715238257, "params": {"C": 83.04551699129621, "epsilon": 13.549066546804596, "gamma": 0.08764840049988142, "lamda": 0.11695808056857138}, "datetime": {"datetime": "2021-09-20 09:46:03", "elapsed": 3384.866785, "delta": 10.233003}}
{"target": 0.8961608183737075, "params": {"C": 83.31835559648985, "epsilon": 17.52845672871057, "gamma": 0.09676376304886303, "lamda": 0.006160843281159046}, "datetime": {"datetime": "2021-09-20 09:46:05", "elapsed": 3386.935786, "delta": 2.069001}}
{"target": -1.1621921196913805, "params": {"C": 96.52213024253223, "epsilon": 12.291228727050385, "gamma": 0.09675347149527005, "lamda": 0.0602569005407059}, "datetime": {"datetime": "2021-09-20 09:46:16", "elapsed": 3397.441787, "delta": 10.506001}}
{"target": -3.56031647339677, "params": {"C": 91.69387037151532, "epsilon": 15.876737218785154, "gamma": 0.06240807424735493, "lamda": 0.17241083548888664}, "datetime": {"datetime": "2021-09-20 09:46:26", "elapsed": 3407.618779, "delta": 10.176992}}
{"target": -1.340953495687057, "params": {"C": 91.91909012560838, "epsilon": 10.306177644390733, "gamma": 0.09710509471313145, "lamda": 0.084850361062525}, "datetime": {"datetime": "2021-09-20 09:46:36", "elapsed": 3417.532786, "delta": 9.914007}}
{"target": -6.820855427898585, "params": {"C": 97.81525710711723, "epsilon": 16.860216909481867, "gamma": 0.05102305055809588, "lamda": 0.0739171941006327}, "datetime": {"datetime": "2021-09-20 09:46:46", "elapsed": 3428.058784, "delta": 10.525998}}
{"target": -2.5107068071180136, "params": {"C": 84.72451445176446, "epsilon": 13.615026202577042, "gamma": 0.08788391235851278, "lamda": 0.13764555025756772}, "datetime": {"datetime": "2021-09-20 09:47:02", "elapsed": 3443.577787, "delta": 15.519003}}
{"target": 0.8999186294445145, "params": {"C": 67.99087877457285, "epsilon": 10.035149942514533, "gamma": 0.08526103224563322, "lamda": 0.10135909821627133}, "datetime": {"datetime": "2021-09-20 09:47:04", "elapsed": 3445.127781, "delta": 1.549994}}
{"target": -5.802722954332867, "params": {"C": 74.96750592752853, "epsilon": 14.857030880904054, "gamma": 0.0508809756803592, "lamda": 0.06185314357960664}, "datetime": {"datetime": "2021-09-20 09:47:14", "elapsed": 3455.39378, "delta": 10.265999}}
{"target": -4.779764197972993, "params": {"C": 77.4101630300307, "epsilon": 13.364519092149063, "gamma": 0.04766172631476708, "lamda": 0.06958475835286976}, "datetime": {"datetime": "2021-09-20 09:47:24", "elapsed": 3465.731789, "delta": 10.338009}}
{"target": -3.9815373267178327, "params": {"C": 90.74382844922744, "epsilon": 12.467424720854721, "gamma": 0.05270538729956069, "lamda": 0.023600756247480228}, "datetime": {"datetime": "2021-09-20 09:47:35", "elapsed": 3476.290782, "delta": 10.558993}}
{"target": -4.878320941773848, "params": {"C": 68.62495169706149, "epsilon": 12.60062433781746, "gamma": 0.05528456150521031, "lamda": 0.16578199739903687}, "datetime": {"datetime": "2021-09-20 09:47:50", "elapsed": 3491.758782, "delta": 15.468}}
{"target": -7.092202466978048, "params": {"C": 79.34696965723958, "epsilon": 17.629904565725937, "gamma": 0.04085982185414299, "lamda": 0.12417726461778474}, "datetime": {"datetime": "2021-09-20 09:48:07", "elapsed": 3508.228786, "delta": 16.470004}}
{"target": -2.834687731427153, "params": {"C": 95.8631015871837, "epsilon": 15.543624233588584, "gamma": 0.08406167449025784, "lamda": 0.13365940694312672}, "datetime": {"datetime": "2021-09-20 09:48:19", "elapsed": 3520.465787, "delta": 12.237001}}
{"target": 0.8972848762228829, "params": {"C": 72.06356946644162, "epsilon": 10.086006481342652, "gamma": 0.0931853166653329, "lamda": 0.06937905002985713}, "datetime": {"datetime": "2021-09-20 09:48:21", "elapsed": 3522.594785, "delta": 2.128998}}
{"target": -2.4840220318461954, "params": {"C": 89.1584091468526, "epsilon": 13.405930083237712, "gamma": 0.0768489516438185, "lamda": 0.1664903829339774}, "datetime": {"datetime": "2021-09-20 09:48:36", "elapsed": 3537.707782, "delta": 15.112997}}
{"target": -2.0105826634482398, "params": {"C": 86.44736550965423, "epsilon": 13.905912884688302, "gamma": 0.05678375520674052, "lamda": 0.026576791018357318}, "datetime": {"datetime": "2021-09-20 09:48:46", "elapsed": 3548.062778, "delta": 10.354996}}
{"target": -2.5709595949480284, "params": {"C": 99.46468392162022, "epsilon": 14.069376299691456, "gamma": 0.08278069623143024, "lamda": 0.13297444851749377}, "datetime": {"datetime": "2021-09-20 09:49:01", "elapsed": 3562.751782, "delta": 14.689004}}
{"target": -1.4787824477834826, "params": {"C": 91.71708996543808, "epsilon": 13.527318950331289, "gamma": 0.07483785456523512, "lamda": 0.08209664686807569}, "datetime": {"datetime": "2021-09-20 09:49:12", "elapsed": 3573.084782, "delta": 10.333}}
{"target": -5.102433744618469, "params": {"C": 99.35044979848078, "epsilon": 11.82204291114597, "gamma": 0.043680727672572174, "lamda": 0.058563008892754904}, "datetime": {"datetime": "2021-09-20 09:49:23", "elapsed": 3584.509783, "delta": 11.425001}}
{"target": -1.8018049703971317, "params": {"C": 71.74085324812954, "epsilon": 14.689127233194693, "gamma": 0.06215239509444964, "lamda": 0.051166911875460346}, "datetime": {"datetime": "2021-09-20 09:49:33", "elapsed": 3594.529782, "delta": 10.019999}}
{"target": -1.452194728924221, "params": {"C": 97.99663013989294, "epsilon": 17.786338158321293, "gamma": 0.09040430745390574, "lamda": 0.1870913343044227}, "datetime": {"datetime": "2021-09-20 09:49:43", "elapsed": 3604.508782, "delta": 9.979}}
{"target": -3.1663796511389135, "params": {"C": 91.5810063466664, "epsilon": 17.461594767042214, "gamma": 0.06787454479611954, "lamda": 0.16063419859534306}, "datetime": {"datetime": "2021-09-20 09:49:52", "elapsed": 3613.845781, "delta": 9.336999}}
{"target": -1.4572336395448353, "params": {"C": 98.72045197141165, "epsilon": 12.570723736463858, "gamma": 0.09135590800696766, "lamda": 0.06347112473756128}, "datetime": {"datetime": "2021-09-20 09:50:03", "elapsed": 3624.098786, "delta": 10.253005}}
{"target": -6.058459430157242, "params": {"C": 75.89678989549193, "epsilon": 15.838046624479475, "gamma": 0.05266068291809712, "lamda": 0.16073558294338783}, "datetime": {"datetime": "2021-09-20 09:50:19", "elapsed": 3641.005785, "delta": 16.906999}}
{"target": 0.895836113892725, "params": {"C": 74.61145258621936, "epsilon": 16.821751888908068, "gamma": 0.09944604527598867, "lamda": 0.03948957644904748}, "datetime": {"datetime": "2021-09-20 09:50:21", "elapsed": 3642.869781, "delta": 1.863996}}
{"target": -3.204021314951021, "params": {"C": 74.95267988772264, "epsilon": 14.264215066876602, "gamma": 0.06677325746345997, "lamda": 0.17590287921783473}, "datetime": {"datetime": "2021-09-20 09:50:37", "elapsed": 3658.95078, "delta": 16.080999}}
{"target": 0.9079175640679291, "params": {"C": 94.2823879585952, "epsilon": 10.266918573008425, "gamma": 0.06881501153672513, "lamda": 0.005924913614989313}, "datetime": {"datetime": "2021-09-20 09:50:39", "elapsed": 3660.474782, "delta": 1.524002}}
{"target": -2.891192652036974, "params": {"C": 86.59267694018992, "epsilon": 15.378345740807989, "gamma": 0.06218381954217282, "lamda": 0.11362601183569554}, "datetime": {"datetime": "2021-09-20 09:50:54", "elapsed": 3675.677785, "delta": 15.203003}}
{"target": -2.9451436667923825, "params": {"C": 92.0890032495455, "epsilon": 13.868472803253237, "gamma": 0.07127336483239424, "lamda": 0.16082516958136847}, "datetime": {"datetime": "2021-09-20 09:51:09", "elapsed": 3690.712264, "delta": 15.034479}}
{"target": -2.591010243655861, "params": {"C": 75.68097769614783, "epsilon": 16.56110603788192, "gamma": 0.09230630704369616, "lamda": 0.15110880191513884}, "datetime": {"datetime": "2021-09-20 09:51:24", "elapsed": 3705.803203, "delta": 15.090939}}
{"target": -3.076882805472625, "params": {"C": 86.7948104932397, "epsilon": 13.789978205739851, "gamma": 0.07094869473444125, "lamda": 0.1884345567311139}, "datetime": {"datetime": "2021-09-20 09:51:41", "elapsed": 3722.898952, "delta": 17.095749}}
{"target": 0.8978756100521703, "params": {"C": 67.38111467154826, "epsilon": 12.476829704317318, "gamma": 0.09309089207715104, "lamda": 0.00802217764658432}, "datetime": {"datetime": "2021-09-20 09:51:43", "elapsed": 3724.472514, "delta": 1.573562}}
{"target": 0.8980407633231586, "params": {"C": 70.21800590195, "epsilon": 12.424574029998197, "gamma": 0.09304700546437727, "lamda": 0.1254850805675294}, "datetime": {"datetime": "2021-09-20 09:51:45", "elapsed": 3726.167292, "delta": 1.694778}}
{"target": -3.1915326918219398, "params": {"C": 96.98534697451842, "epsilon": 15.122790083396232, "gamma": 0.05357753898414455, "lamda": 0.12828153895594982}, "datetime": {"datetime": "2021-09-20 09:51:58", "elapsed": 3739.845779, "delta": 13.678487}}
{"target": -1.9550320857589978, "params": {"C": 71.47143547618484, "epsilon": 12.99602479610268, "gamma": 0.06305006480168773, "lamda": 0.14771358385318564}, "datetime": {"datetime": "2021-09-20 09:52:09", "elapsed": 3750.363286, "delta": 10.517507}}
{"target": -4.534374450367961, "params": {"C": 88.01403350734522, "epsilon": 10.225387065752518, "gamma": 0.051751959931155514, "lamda": 0.05880266795099309}, "datetime": {"datetime": "2021-09-20 09:52:16", "elapsed": 3757.305407, "delta": 6.942121}}
{"target": -5.171135171557204, "params": {"C": 70.61158961975677, "epsilon": 12.766884588381181, "gamma": 0.05295123063084191, "lamda": 0.1617529718377143}, "datetime": {"datetime": "2021-09-20 09:52:32", "elapsed": 3774.040728, "delta": 16.735321}}
{"target": -3.114275864349131, "params": {"C": 91.48612472343318, "epsilon": 12.024143274961496, "gamma": 0.06447909273905697, "lamda": 0.10203140640172785}, "datetime": {"datetime": "2021-09-20 09:52:48", "elapsed": 3789.782062, "delta": 15.741334}}
{"target": -7.016430109582819, "params": {"C": 96.81729215655058, "epsilon": 16.83148453746673, "gamma": 0.050364394546313467, "lamda": 0.11215833501313707}, "datetime": {"datetime": "2021-09-20 09:53:05", "elapsed": 3806.285909, "delta": 16.503847}}
{"target": -1.0583955475166658, "params": {"C": 82.14008965782381, "epsilon": 15.284864630498578, "gamma": 0.09280461091058499, "lamda": 0.07997298903243852}, "datetime": {"datetime": "2021-09-20 09:53:15", "elapsed": 3816.287118, "delta": 10.001209}}
{"target": -1.295475781563423, "params": {"C": 96.87513458128029, "epsilon": 14.917683948075206, "gamma": 0.084271866118064, "lamda": 0.05579546509694179}, "datetime": {"datetime": "2021-09-20 09:53:25", "elapsed": 3826.773065, "delta": 10.485947}}
{"target": -2.9459921851069053, "params": {"C": 79.26963822810075, "epsilon": 13.051664486116874, "gamma": 0.058323109021885734, "lamda": 0.09543448113637969}, "datetime": {"datetime": "2021-09-20 09:53:35", "elapsed": 3836.737706, "delta": 9.964641}}
{"target": 0.9000411940174319, "params": {"C": 70.81591624482081, "epsilon": 11.066422019651366, "gamma": 0.08515104783484313, "lamda": 0.02241002247171568}, "datetime": {"datetime": "2021-09-20 09:53:37", "elapsed": 3838.384602, "delta": 1.646896}}
{"target": -5.684351646675263, "params": {"C": 95.521921222838, "epsilon": 13.790393524237597, "gamma": 0.04106064546272028, "lamda": 0.1875028176641689}, "datetime": {"datetime": "2021-09-20 09:53:53", "elapsed": 3855.048846, "delta": 16.664244}}
{"target": -2.693779392274732, "params": {"C": 95.52164642950959, "epsilon": 14.096956811713428, "gamma": 0.07772706506935818, "lamda": 0.16366374233575326}, "datetime": {"datetime": "2021-09-20 09:54:08", "elapsed": 3869.458539, "delta": 14.409693}}
{"target": 0.8980138628030709, "params": {"C": 72.63580816176679, "epsilon": 10.690722829324269, "gamma": 0.08796000178124588, "lamda": 0.1333975381368853}, "datetime": {"datetime": "2021-09-20 09:54:10", "elapsed": 3871.126436, "delta": 1.667897}}
{"target": -4.582641537705827, "params": {"C": 82.37907501965286, "epsilon": 12.013047126073872, "gamma": 0.05772587556061984, "lamda": 0.17860953402636628}, "datetime": {"datetime": "2021-09-20 09:54:20", "elapsed": 3881.334848, "delta": 10.208412}}
{"target": -2.2431191578626515, "params": {"C": 93.30726031451272, "epsilon": 10.79497767909487, "gamma": 0.07930375504213324, "lamda": 0.14485730629890417}, "datetime": {"datetime": "2021-09-20 09:54:35", "elapsed": 3896.19294, "delta": 14.858092}}
{"target": -5.888434185797735, "params": {"C": 78.06993031785018, "epsilon": 14.166747622324188, "gamma": 0.04664413089353497, "lamda": 0.1369289806370928}, "datetime": {"datetime": "2021-09-20 09:54:51", "elapsed": 3912.180951, "delta": 15.988011}}
{"target": -2.6666502299531185, "params": {"C": 88.64148961101158, "epsilon": 12.190145240710095, "gamma": 0.07148500859667375, "lamda": 0.02988031999613311}, "datetime": {"datetime": "2021-09-20 09:55:06", "elapsed": 3927.963938, "delta": 15.782987}}
{"target": -2.580911720275397, "params": {"C": 88.18157753668741, "epsilon": 11.727737795174612, "gamma": 0.07505414899853989, "lamda": 0.17488725170975836}, "datetime": {"datetime": "2021-09-20 09:55:22", "elapsed": 3943.416979, "delta": 15.453041}}
{"target": 0.905067143940259, "params": {"C": 77.05429685632494, "epsilon": 15.301075287065192, "gamma": 0.06401310166986167, "lamda": 0.027714629518352137}, "datetime": {"datetime": "2021-09-20 09:55:24", "elapsed": 3945.659938, "delta": 2.242959}}
{"target": -6.013656271421153, "params": {"C": 73.92041846016315, "epsilon": 16.553624346960902, "gamma": 0.06294856762933598, "lamda": 0.12814744755525614}, "datetime": {"datetime": "2021-09-20 09:55:35", "elapsed": 3956.292247, "delta": 10.632309}}
{"target": 0.9014662002734977, "params": {"C": 94.15064081409845, "epsilon": 13.532621000196055, "gamma": 0.08843941444385486, "lamda": 0.007771784978681803}, "datetime": {"datetime": "2021-09-20 09:55:37", "elapsed": 3958.679247, "delta": 2.387}}
{"target": 0.9077785160373419, "params": {"C": 98.53825790288201, "epsilon": 13.99594356057083, "gamma": 0.07269453537696395, "lamda": 0.012295432458159172}, "datetime": {"datetime": "2021-09-20 09:55:39", "elapsed": 3960.305283, "delta": 1.626036}}
{"target": -2.5894784799637875, "params": {"C": 68.57167031958699, "epsilon": 11.587748176304135, "gamma": 0.07148172010630305, "lamda": 0.16682349821737216}, "datetime": {"datetime": "2021-09-20 09:55:48", "elapsed": 3969.647247, "delta": 9.341964}}
{"target": -3.1494123555488986, "params": {"C": 95.08080246533979, "epsilon": 13.832904001154654, "gamma": 0.05761776933855415, "lamda": 0.06623060784887443}, "datetime": {"datetime": "2021-09-20 09:55:54", "elapsed": 3975.494018, "delta": 5.846771}}
{"target": -2.454655764210046, "params": {"C": 93.40697363013928, "epsilon": 11.285760405848851, "gamma": 0.08694050827073069, "lamda": 0.16061080983353546}, "datetime": {"datetime": "2021-09-20 09:55:59", "elapsed": 3981.011282, "delta": 5.517264}}
{"target": -3.4379941586986664, "params": {"C": 77.56829016648946, "epsilon": 17.71270166903125, "gamma": 0.06439368868133798, "lamda": 0.1503097416915968}, "datetime": {"datetime": "2021-09-20 09:56:08", "elapsed": 3990.052421, "delta": 9.041139}}
{"target": -2.5353526525289007, "params": {"C": 86.8958618487567, "epsilon": 12.77080654607198, "gamma": 0.08920599799124737, "lamda": 0.15960147919605103}, "datetime": {"datetime": "2021-09-20 09:56:18", "elapsed": 3999.476421, "delta": 9.424}}
{"target": -6.185107108085828, "params": {"C": 76.53176527813984, "epsilon": 16.545778931670966, "gamma": 0.048023856097234176, "lamda": 0.0067456046328895425}, "datetime": {"datetime": "2021-09-20 09:56:28", "elapsed": 4009.226598, "delta": 9.750177}}
{"target": -2.9612740398177704, "params": {"C": 99.8290153736481, "epsilon": 10.908255005197857, "gamma": 0.0656805451719994, "lamda": 0.01383802404647393}, "datetime": {"datetime": "2021-09-20 09:56:39", "elapsed": 4020.916594, "delta": 11.689996}}
{"target": -1.7927805101376402, "params": {"C": 87.84189340747143, "epsilon": 17.452428405752066, "gamma": 0.06576943500707833, "lamda": 0.051931731572797526}, "datetime": {"datetime": "2021-09-20 09:56:47", "elapsed": 4029.057557, "delta": 8.140963}}
{"target": -4.176825302204184, "params": {"C": 80.82382667282813, "epsilon": 10.311114781934696, "gamma": 0.050993249557574186, "lamda": 0.08706504320126277}, "datetime": {"datetime": "2021-09-20 10:44:19", "elapsed": 0.0, "delta": 0.0}}
{"target": -5.826777315143876, "params": {"C": 80.29250527097463, "epsilon": 13.964017852046489, "gamma": 0.04409297268075685, "lamda": 0.1238545739991664}, "datetime": {"datetime": "2021-09-20 10:44:37", "elapsed": 17.605397, "delta": 17.605397}}
{"target": -2.73932366022971, "params": {"C": 76.18825890493379, "epsilon": 13.201927301234399, "gamma": 0.0524226766553859, "lamda": 0.10582888971331354}, "datetime": {"datetime": "2021-09-20 10:44:53", "elapsed": 34.352208, "delta": 16.746811}}
{"target": -6.79474222688267, "params": {"C": 70.57571814172775, "epsilon": 16.162937455188956, "gamma": 0.04368879731293831, "lamda": 0.15706724422818688}, "datetime": {"datetime": "2021-09-20 10:45:04", "elapsed": 45.128206, "delta": 10.775998}}
{"target": -4.414748111638714, "params": {"C": 95.03515994974262, "epsilon": 15.930842048583134, "gamma": 0.05693122970714936, "lamda": 0.01593001575633519}, "datetime": {"datetime": "2021-09-20 10:45:15", "elapsed": 55.839072, "delta": 10.710866}}
{"target": -4.722918538053348, "params": {"C": 83.17836706413793, "epsilon": 10.783438052642538, "gamma": 0.04856244655194779, "lamda": 0.019307086601206853}, "datetime": {"datetime": "2021-09-20 10:45:25", "elapsed": 66.113084, "delta": 10.274012}}
{"target": -6.727596831129777, "params": {"C": 70.32343903784343, "epsilon": 17.16094370774315, "gamma": 0.04452024001208472, "lamda": 0.021390029916312284}, "datetime": {"datetime": "2021-09-20 10:45:46", "elapsed": 87.317602, "delta": 21.204518}}
{"target": -5.556265115862911, "params": {"C": 73.49041104039902, "epsilon": 14.19791542003959, "gamma": 0.049355749691646, "lamda": 0.040349443509766804}, "datetime": {"datetime": "2021-09-20 10:45:58", "elapsed": 98.762783, "delta": 11.445181}}
{"target": -6.3027185067862685, "params": {"C": 87.7738286573071, "epsilon": 15.79683802662102, "gamma": 0.050104734400370984, "lamda": 0.07737914333106075}, "datetime": {"datetime": "2021-09-20 10:46:15", "elapsed": 115.708305, "delta": 16.945522}}
{"target": -6.934605228402747, "params": {"C": 92.98367345101362, "epsilon": 16.960050146533682, "gamma": 0.04324597197004628, "lamda": 0.14015076856908465}, "datetime": {"datetime": "2021-09-20 10:46:33", "elapsed": 134.289031, "delta": 18.580726}}
{"target": -4.881585256554065, "params": {"C": 76.70827073056853, "epsilon": 12.068230907608994, "gamma": 0.05487267065812042, "lamda": 0.10547516703146932}, "datetime": {"datetime": "2021-09-20 10:46:47", "elapsed": 147.622903, "delta": 13.333872}}
