{"target": -1.9477878265996642, "params": {"C": 63.59949021420037, "epsilon": 6.362967245590479, "gamma": 0.07748312389393547, "lamda": 0.2176894301895075}, "datetime": {"datetime": "2021-09-19 17:04:50", "elapsed": 0.0, "delta": 0.0}}
{"target": -4.209399656327956, "params": {"C": 62.0367802087489, "epsilon": 10.624687494054237, "gamma": 0.06023243170189213, "lamda": 0.3096545196270143}, "datetime": {"datetime": "2021-09-19 17:05:05", "elapsed": 15.017019, "delta": 15.017019}}
{"target": -1.229866427827754, "params": {"C": 49.96546736745231, "epsilon": 9.735581851440132, "gamma": 0.08105669163846475, "lamda": 0.2645945900338057}, "datetime": {"datetime": "2021-09-19 17:05:15", "elapsed": 25.153781, "delta": 10.136762}}
{"target": -5.040140468812527, "params": {"C": 33.45799453449335, "epsilon": 13.19009369772045, "gamma": 0.059221993282345765, "lamda": 0.39267830715094587}, "datetime": {"datetime": "2021-09-19 17:05:31", "elapsed": 41.347377, "delta": 16.193596}}
{"target": -1.242662442158109, "params": {"C": 105.39752926394888, "epsilon": 12.91931572334699, "gamma": 0.0923280742678734, "lamda": 0.03986875623068004}, "datetime": {"datetime": "2021-09-19 17:05:40", "elapsed": 50.528605, "delta": 9.181228}}
{"target": -2.1051464350906706, "params": {"C": 70.5246090121704, "epsilon": 6.914011061416294, "gamma": 0.07140611637986947, "lamda": 0.04831063128452325}, "datetime": {"datetime": "2021-09-19 17:05:50", "elapsed": 60.461616, "delta": 9.933011}}
{"target": 0.8986282167907621, "params": {"C": 32.71599717012775, "epsilon": 14.35443432570034, "gamma": 0.061300600030211795, "lamda": 0.053517494870775985}, "datetime": {"datetime": "2021-09-19 17:05:51", "elapsed": 60.887616, "delta": 0.426}}
{"target": 0.9038096975925565, "params": {"C": 42.030620707055974, "epsilon": 10.89756799004619, "gamma": 0.07338937422911501, "lamda": 0.10091152597116941}, "datetime": {"datetime": "2021-09-19 17:05:51", "elapsed": 61.35062, "delta": 0.463004}}
{"target": -2.484968035730821, "params": {"C": 84.04067252149149, "epsilon": 12.762977697724523, "gamma": 0.07526183600092747, "lamda": 0.19347698092672372}, "datetime": {"datetime": "2021-09-19 17:06:09", "elapsed": 79.314406, "delta": 17.963786}}
{"target": -5.669720238135751, "params": {"C": 99.3637454441577, "epsilon": 14.120058504289293, "gamma": 0.058114929925115695, "lamda": 0.35039113568624775}, "datetime": {"datetime": "2021-09-19 17:06:26", "elapsed": 95.789622, "delta": 16.475216}}
{"target": -1.8163710942418154, "params": {"C": 99.65413810382704, "epsilon": 13.17261478552279, "gamma": 0.06865066161861744, "lamda": 0.39350233887572855}, "datetime": {"datetime": "2021-09-19 17:06:36", "elapsed": 105.833238, "delta": 10.043616}}
{"target": -1.4847754008037315, "params": {"C": 63.58428153238073, "epsilon": 6.407504632460858, "gamma": 0.09764153809294872, "lamda": 0.24443307630786895}, "datetime": {"datetime": "2021-09-19 17:06:52", "elapsed": 121.641223, "delta": 15.807985}}
{"target": 0.9032861296556755, "params": {"C": 39.92436358756812, "epsilon": 13.597947644202144, "gamma": 0.07102472375572966, "lamda": 0.10025409506641407}, "datetime": {"datetime": "2021-09-19 17:06:52", "elapsed": 122.158939, "delta": 0.517716}}
{"target": 0.8986849730720325, "params": {"C": 32.53253045538579, "epsilon": 14.642221555043067, "gamma": 0.06180934999898458, "lamda": 5e-05}, "datetime": {"datetime": "2021-09-19 17:06:53", "elapsed": 122.765936, "delta": 0.606997}}
{"target": -4.177084007253633, "params": {"C": 48.98882041562098, "epsilon": 10.659059435335351, "gamma": 0.06844845136257209, "lamda": 0.36058594061797256}, "datetime": {"datetime": "2021-09-19 17:07:09", "elapsed": 139.457984, "delta": 16.692048}}
{"target": -3.217520983362773, "params": {"C": 25.730937520082215, "epsilon": 9.538214272744495, "gamma": 0.08450569471556835, "lamda": 0.30868229322242713}, "datetime": {"datetime": "2021-09-19 17:07:25", "elapsed": 154.802548, "delta": 15.344564}}
{"target": -4.83220287150709, "params": {"C": 32.68373686706916, "epsilon": 14.551287730108323, "gamma": 0.07275866876036546, "lamda": 0.4739788131609722}, "datetime": {"datetime": "2021-09-19 17:07:41", "elapsed": 170.963438, "delta": 16.16089}}
{"target": 0.8965346549180658, "params": {"C": 41.929536088313995, "epsilon": 11.175885828536963, "gamma": 0.09748533791248845, "lamda": 0.26436875876435945}, "datetime": {"datetime": "2021-09-19 17:07:42", "elapsed": 171.587481, "delta": 0.624043}}
{"target": -4.860838996519377, "params": {"C": 91.92019079729391, "epsilon": 12.498621849099571, "gamma": 0.06325547818423968, "lamda": 0.3619015811242864}, "datetime": {"datetime": "2021-09-19 17:07:58", "elapsed": 187.78546, "delta": 16.197979}}
{"target": -4.329367116356885, "params": {"C": 41.634617673287266, "epsilon": 11.01690312131513, "gamma": 0.05765356575000529, "lamda": 0.20034005575600491}, "datetime": {"datetime": "2021-09-19 17:08:13", "elapsed": 203.376385, "delta": 15.590925}}
{"target": -3.0437722138407217, "params": {"C": 98.35309029505096, "epsilon": 6.124907520776588, "gamma": 0.058112945643763056, "lamda": 0.04132554953326931}, "datetime": {"datetime": "2021-09-19 17:08:23", "elapsed": 212.977649, "delta": 9.601264}}
{"target": 0.9045380832780477, "params": {"C": 42.261697669275414, "epsilon": 11.063770801961288, "gamma": 0.06195501070041983, "lamda": 0.06355229284552256}, "datetime": {"datetime": "2021-09-19 17:08:24", "elapsed": 213.679652, "delta": 0.702003}}
{"target": 0.8974337239529888, "params": {"C": 32.40310726638704, "epsilon": 14.24668250496231, "gamma": 0.09156329491745921, "lamda": 0.04022782547989222}, "datetime": {"datetime": "2021-09-19 17:08:24", "elapsed": 214.138033, "delta": 0.458381}}
{"target": -1.1269173132828358, "params": {"C": 42.437738674063034, "epsilon": 10.810371820317947, "gamma": 0.08037451076203132, "lamda": 0.1691484551015499}, "datetime": {"datetime": "2021-09-19 17:08:34", "elapsed": 223.729949, "delta": 9.591916}}
{"target": -4.736048539969793, "params": {"C": 42.05697306016738, "epsilon": 11.284159200673132, "gamma": 0.06610203999407693, "lamda": 0.4195894002461028}, "datetime": {"datetime": "2021-09-19 17:08:49", "elapsed": 238.906298, "delta": 15.176349}}
{"target": -2.336426050117971, "params": {"C": 76.79217393673065, "epsilon": 8.258558532677537, "gamma": 0.06173781303389997, "lamda": 0.12330891368658613}, "datetime": {"datetime": "2021-09-19 17:09:04", "elapsed": 254.24252, "delta": 15.336222}}
{"target": -5.068925093750529, "params": {"C": 32.608981237731165, "epsilon": 14.123451554437224, "gamma": 0.06526270700612608, "lamda": 0.13863950703005418}, "datetime": {"datetime": "2021-09-19 17:09:21", "elapsed": 270.849855, "delta": 16.607335}}
{"target": -2.413053099841195, "params": {"C": 41.977040095141255, "epsilon": 10.879404997165011, "gamma": 0.06026132993260739, "lamda": 0.09984358023838406}, "datetime": {"datetime": "2021-09-19 17:09:36", "elapsed": 285.842841, "delta": 14.992986}}
{"target": -5.774365066902589, "params": {"C": 52.50766648639225, "epsilon": 17.83544525331843, "gamma": 0.08560064465352052, "lamda": 0.37087926735255355}, "datetime": {"datetime": "2021-09-19 17:09:51", "elapsed": 301.071252, "delta": 15.228411}}
{"target": 0.8975410809231316, "params": {"C": 25.42837170845143, "epsilon": 10.682755288839594, "gamma": 0.06781260640936287, "lamda": 0.1131960208291387}, "datetime": {"datetime": "2021-09-19 17:09:52", "elapsed": 301.618773, "delta": 0.547521}}
{"target": -6.3926709591171935, "params": {"C": 71.51954157147335, "epsilon": 14.972295408538816, "gamma": 0.0511304089522709, "lamda": 0.1375499950346385}, "datetime": {"datetime": "2021-09-19 17:10:02", "elapsed": 312.448011, "delta": 10.829238}}
{"target": -4.926051998114615, "params": {"C": 42.376538908913936, "epsilon": 10.909619316867342, "gamma": 0.05645893687342621, "lamda": 0.09781212560694136}, "datetime": {"datetime": "2021-09-19 17:10:18", "elapsed": 327.913329, "delta": 15.465318}}
{"target": -2.073213484149981, "params": {"C": 99.16671556761226, "epsilon": 7.3129030317227794, "gamma": 0.08574170472484918, "lamda": 0.3741606755835476}, "datetime": {"datetime": "2021-09-19 17:10:32", "elapsed": 342.075648, "delta": 14.162319}}
{"target": -3.950775446764763, "params": {"C": 41.87381889392093, "epsilon": 11.194090318599448, "gamma": 0.07827891850763471, "lamda": 0.37071603491150645}, "datetime": {"datetime": "2021-09-19 17:10:47", "elapsed": 356.924698, "delta": 14.84905}}
{"target": -6.081555884776012, "params": {"C": 59.25418270404, "epsilon": 18.460569638633764, "gamma": 0.09165416644064503, "lamda": 0.4390535935159702}, "datetime": {"datetime": "2021-09-19 17:11:04", "elapsed": 373.636573, "delta": 16.711875}}
{"target": 0.8986834289483371, "params": {"C": 32.65770902688983, "epsilon": 14.311787232366775, "gamma": 0.0894908855682546, "lamda": 0.0725054876393656}, "datetime": {"datetime": "2021-09-19 17:11:04", "elapsed": 374.223292, "delta": 0.586719}}
{"target": -3.8566809882337463, "params": {"C": 102.5994757185373, "epsilon": 16.51428329832177, "gamma": 0.05778886328321264, "lamda": 0.0953939623782026}, "datetime": {"datetime": "2021-09-19 17:11:20", "elapsed": 390.555653, "delta": 16.332361}}
{"target": -5.801604553394346, "params": {"C": 32.64340507438787, "epsilon": 14.77680615842512, "gamma": 0.05720623404394898, "lamda": 0.0511840309832185}, "datetime": {"datetime": "2021-09-19 17:11:37", "elapsed": 406.620272, "delta": 16.064619}}
{"target": 0.8989227141461998, "params": {"C": 42.12111475121446, "epsilon": 11.052336741814779, "gamma": 0.07773882604537977, "lamda": 0.056804045738149476}, "datetime": {"datetime": "2021-09-19 17:11:37", "elapsed": 407.167039, "delta": 0.546767}}
{"target": -2.9436499491242993, "params": {"C": 89.2995682133708, "epsilon": 13.166058922725426, "gamma": 0.07233900484538977, "lamda": 0.14943565053392358}, "datetime": {"datetime": "2021-09-19 17:11:47", "elapsed": 416.763629, "delta": 9.59659}}
{"target": -3.2765028134478884, "params": {"C": 31.756098843201112, "epsilon": 7.604618280822462, "gamma": 0.08562598418686979, "lamda": 0.4487329533152757}, "datetime": {"datetime": "2021-09-19 17:12:03", "elapsed": 433.100795, "delta": 16.337166}}
{"target": -6.6784848293555275, "params": {"C": 114.97670593309458, "epsilon": 18.218741492227913, "gamma": 0.05834738320454689, "lamda": 0.38875285044115776}, "datetime": {"datetime": "2021-09-19 17:12:19", "elapsed": 448.874884, "delta": 15.774089}}
{"target": -4.7527321421273205, "params": {"C": 25.370417228004463, "epsilon": 10.748671045697286, "gamma": 0.05553412395091506, "lamda": 0.11168869846877105}, "datetime": {"datetime": "2021-09-19 17:12:36", "elapsed": 465.721909, "delta": 16.847025}}
{"target": 0.8976262616756251, "params": {"C": 42.36643705968241, "epsilon": 10.78684796073592, "gamma": 0.09574969265649189, "lamda": 0.19376592911380638}, "datetime": {"datetime": "2021-09-19 17:12:36", "elapsed": 466.321219, "delta": 0.59931}}
{"target": -5.086388968655948, "params": {"C": 40.01464726240317, "epsilon": 13.551571329696838, "gamma": 0.062151424712564, "lamda": 0.29437283121854685}, "datetime": {"datetime": "2021-09-19 17:12:53", "elapsed": 482.866698, "delta": 16.545479}}
{"target": -1.9291778179730348, "params": {"C": 78.47974479087782, "epsilon": 7.85294618918365, "gamma": 0.05662942821573569, "lamda": 0.3994383271053967}, "datetime": {"datetime": "2021-09-19 17:13:03", "elapsed": 493.362937, "delta": 10.496239}}
{"target": -2.1458396651950746, "params": {"C": 101.8064581882441, "epsilon": 8.321169668579202, "gamma": 0.06944673200722457, "lamda": 0.166726167179238}, "datetime": {"datetime": "2021-09-19 17:13:19", "elapsed": 509.432041, "delta": 16.069104}}
{"target": 0.8991971572435007, "params": {"C": 32.51113600383029, "epsilon": 14.515252112384495, "gamma": 0.07697817244821423, "lamda": 0.07847741841475953}, "datetime": {"datetime": "2021-09-19 17:13:20", "elapsed": 510.057969, "delta": 0.625928}}
{"target": -4.968306707063128, "params": {"C": 94.88555913950182, "epsilon": 15.79460228386596, "gamma": 0.06607249159918921, "lamda": 0.37698392357315713}, "datetime": {"datetime": "2021-09-19 17:13:30", "elapsed": 520.328472, "delta": 10.270503}}
{"target": -2.2228377515734277, "params": {"C": 46.58394404197806, "epsilon": 10.534038866081064, "gamma": 0.07145927894044315, "lamda": 0.15357100864357062}, "datetime": {"datetime": "2021-09-19 17:13:46", "elapsed": 535.936635, "delta": 15.608163}}
{"target": 0.8986438295771223, "params": {"C": 32.27600619056047, "epsilon": 7.678680137433191, "gamma": 0.08806886549231165, "lamda": 0.4086462626344702}, "datetime": {"datetime": "2021-09-19 17:13:46", "elapsed": 536.482567, "delta": 0.545932}}
{"target": -1.7880414784119214, "params": {"C": 89.57087273991894, "epsilon": 14.408075146855744, "gamma": 0.07370906642748522, "lamda": 0.07844450479767552}, "datetime": {"datetime": "2021-09-19 17:13:57", "elapsed": 546.992388, "delta": 10.509821}}
{"target": 0.9014790827789774, "params": {"C": 37.2994225375679, "epsilon": 10.746647744596984, "gamma": 0.06387431758747407, "lamda": 0.13085565866883198}, "datetime": {"datetime": "2021-09-19 17:13:58", "elapsed": 547.58553, "delta": 0.593142}}
{"target": -4.027418285191781, "params": {"C": 37.17587034876766, "epsilon": 11.15814112620593, "gamma": 0.07624073885334615, "lamda": 0.31156075299513336}, "datetime": {"datetime": "2021-09-19 17:14:14", "elapsed": 564.093001, "delta": 16.507471}}
{"target": -3.828282804166598, "params": {"C": 42.41365817335563, "epsilon": 10.61052360798009, "gamma": 0.06624799879406516, "lamda": 0.14545850010321548}, "datetime": {"datetime": "2021-09-19 17:14:25", "elapsed": 574.683117, "delta": 10.590116}}
{"target": -2.8358961683696786, "params": {"C": 42.21688719516385, "epsilon": 11.058104987280153, "gamma": 0.05624549254175132, "lamda": 0.09111160073317098}, "datetime": {"datetime": "2021-09-19 17:14:33", "elapsed": 583.501982, "delta": 8.818865}}
{"target": -2.4701209537403046, "params": {"C": 110.90727322199938, "epsilon": 8.390598664750183, "gamma": 0.0677413236792749, "lamda": 0.40855659001085626}, "datetime": {"datetime": "2021-09-19 17:14:46", "elapsed": 596.54292, "delta": 13.040938}}
{"target": -2.9155217099218227, "params": {"C": 72.54439185877747, "epsilon": 11.467229217853449, "gamma": 0.053323209440612314, "lamda": 0.06023979576872939}, "datetime": {"datetime": "2021-09-19 17:15:02", "elapsed": 612.380472, "delta": 15.837552}}
{"target": 0.8981106602940507, "params": {"C": 39.84420960675432, "epsilon": 6.738950935951566, "gamma": 0.08941541671597993, "lamda": 0.25080857123735045}, "datetime": {"datetime": "2021-09-19 17:15:03", "elapsed": 613.138324, "delta": 0.757852}}
{"target": -2.0353473671121503, "params": {"C": 81.76295230928034, "epsilon": 10.565880989706006, "gamma": 0.09528601401403372, "lamda": 0.3809333183064705}, "datetime": {"datetime": "2021-09-19 17:15:19", "elapsed": 629.158123, "delta": 16.019799}}
{"target": -1.4235556660731739, "params": {"C": 49.95052262688168, "epsilon": 9.738671475467513, "gamma": 0.07796611670164251, "lamda": 0.3342592421361459}, "datetime": {"datetime": "2021-09-19 17:15:29", "elapsed": 638.924948, "delta": 9.766825}}
{"target": -3.6636207925428, "params": {"C": 31.716526628979196, "epsilon": 11.775607671569281, "gamma": 0.09163947156762536, "lamda": 0.4181701693149637}, "datetime": {"datetime": "2021-09-19 17:15:45", "elapsed": 654.694115, "delta": 15.769167}}
{"target": -1.6624684505757124, "params": {"C": 98.13955775626724, "epsilon": 7.9884607296792165, "gamma": 0.09218394431513255, "lamda": 0.35813489064286513}, "datetime": {"datetime": "2021-09-19 17:16:00", "elapsed": 670.454579, "delta": 15.760464}}
{"target": -2.7081009631862147, "params": {"C": 58.75443962444619, "epsilon": 14.12091603554305, "gamma": 0.06182499296692659, "lamda": 0.11698706728772433}, "datetime": {"datetime": "2021-09-19 17:16:15", "elapsed": 685.492949, "delta": 15.03837}}
{"target": -2.494488952937155, "params": {"C": 90.13628513914212, "epsilon": 8.822141220212867, "gamma": 0.06498531217370337, "lamda": 0.20410242358234748}, "datetime": {"datetime": "2021-09-19 17:16:30", "elapsed": 700.418506, "delta": 14.925557}}
{"target": -2.1313029846025024, "params": {"C": 115.05052267908205, "epsilon": 11.36704923600201, "gamma": 0.09180510239909481, "lamda": 0.21787577458539148}, "datetime": {"datetime": "2021-09-19 17:16:42", "elapsed": 712.088144, "delta": 11.669638}}
{"target": -2.4523951773481456, "params": {"C": 65.3626653261546, "epsilon": 14.148400361707049, "gamma": 0.08925867349100469, "lamda": 0.1664923099833159}, "datetime": {"datetime": "2021-09-19 17:16:56", "elapsed": 726.167183, "delta": 14.079039}}
{"target": -3.4143341974627512, "params": {"C": 41.09320855855494, "epsilon": 9.038765494835104, "gamma": 0.07713549580591847, "lamda": 0.26961617860451853}, "datetime": {"datetime": "2021-09-19 17:17:12", "elapsed": 742.029631, "delta": 15.862448}}
{"target": -2.0261929213203005, "params": {"C": 78.3729678595061, "epsilon": 7.121744261809203, "gamma": 0.059822646526666245, "lamda": 0.46169830220677904}, "datetime": {"datetime": "2021-09-19 17:17:22", "elapsed": 752.199529, "delta": 10.169898}}
{"target": -2.468564805428789, "params": {"C": 70.50405083109217, "epsilon": 13.947845094176875, "gamma": 0.09009098140532029, "lamda": 0.28193224732374284}, "datetime": {"datetime": "2021-09-19 17:17:39", "elapsed": 769.485086, "delta": 17.285557}}
{"target": 0.9042361828388432, "params": {"C": 42.44844256225398, "epsilon": 10.786482311459306, "gamma": 0.07164941930619698, "lamda": 0.21990572186365537}, "datetime": {"datetime": "2021-09-19 17:17:40", "elapsed": 770.14338, "delta": 0.658294}}
{"target": -3.7722796134729553, "params": {"C": 100.73941943503252, "epsilon": 18.074274977428963, "gamma": 0.0604143808032556, "lamda": 0.06783319903598112}, "datetime": {"datetime": "2021-09-19 17:17:55", "elapsed": 785.457625, "delta": 15.314245}}
{"target": -3.201632007536932, "params": {"C": 94.0640986279153, "epsilon": 19.245721480355414, "gamma": 0.08133052327613148, "lamda": 0.20472739963857015}, "datetime": {"datetime": "2021-09-19 17:18:04", "elapsed": 793.725403, "delta": 8.267778}}
{"target": 0.9010189955486256, "params": {"C": 50.45112698272303, "epsilon": 6.02609688661894, "gamma": 0.0778288472244864, "lamda": 0.1761295335307035}, "datetime": {"datetime": "2021-09-19 17:18:04", "elapsed": 794.292592, "delta": 0.567189}}
{"target": -4.679582501036598, "params": {"C": 37.40905187663083, "epsilon": 10.763279046307135, "gamma": 0.05492480912578775, "lamda": 0.1431766449812231}, "datetime": {"datetime": "2021-09-19 17:18:19", "elapsed": 808.650209, "delta": 14.357617}}
{"target": -5.3325178334293, "params": {"C": 69.50197380806583, "epsilon": 14.622226938564669, "gamma": 0.06716725503142822, "lamda": 0.3953923129778661}, "datetime": {"datetime": "2021-09-19 17:18:33", "elapsed": 823.293003, "delta": 14.642794}}
{"target": 0.9017725852649449, "params": {"C": 36.70334649657179, "epsilon": 13.12353503739184, "gamma": 0.06906889900199419, "lamda": 0.020239225815431475}, "datetime": {"datetime": "2021-09-19 17:18:34", "elapsed": 823.886755, "delta": 0.593752}}
{"target": -7.391972902006778, "params": {"C": 48.51630643066299, "epsilon": 19.510890310178617, "gamma": 0.05893262636860387, "lamda": 0.2690089648515108}, "datetime": {"datetime": "2021-09-19 17:18:49", "elapsed": 838.684008, "delta": 14.797253}}
{"target": -6.459066946058384, "params": {"C": 96.16141234928212, "epsilon": 18.10550430825719, "gamma": 0.06480678895875872, "lamda": 0.28697127627015534}, "datetime": {"datetime": "2021-09-19 17:19:03", "elapsed": 853.544996, "delta": 14.860988}}
{"target": -6.120065420625524, "params": {"C": 41.095640999638846, "epsilon": 16.69021473568703, "gamma": 0.061677422470736556, "lamda": 0.1215398681021179}, "datetime": {"datetime": "2021-09-19 17:19:18", "elapsed": 868.423771, "delta": 14.878775}}
{"target": 0.9002556980962445, "params": {"C": 32.20660234902218, "epsilon": 7.635752484244853, "gamma": 0.07542121060667778, "lamda": 0.3791209143063988}, "datetime": {"datetime": "2021-09-19 17:19:19", "elapsed": 869.001896, "delta": 0.578125}}
{"target": -2.215777244067794, "params": {"C": 75.41602106923143, "epsilon": 12.908389852154794, "gamma": 0.09583951337577885, "lamda": 0.343720011948585}, "datetime": {"datetime": "2021-09-19 17:19:34", "elapsed": 883.744044, "delta": 14.742148}}
{"target": -4.4982700430873965, "params": {"C": 37.521430418835315, "epsilon": 9.724794915488054, "gamma": 0.050610862890730496, "lamda": 0.0934669286522991}, "datetime": {"datetime": "2021-09-19 17:19:48", "elapsed": 898.247387, "delta": 14.503343}}
{"target": -4.566544441869084, "params": {"C": 21.848942774775242, "epsilon": 10.941891714827715, "gamma": 0.052376898118668164, "lamda": 0.2625559433961208}, "datetime": {"datetime": "2021-09-19 17:20:03", "elapsed": 912.948314, "delta": 14.700927}}
{"target": -4.332121184419255, "params": {"C": 25.4514038472162, "epsilon": 10.632722761179268, "gamma": 0.05712575520602217, "lamda": 0.1682345619922094}, "datetime": {"datetime": "2021-09-19 17:20:17", "elapsed": 927.337046, "delta": 14.388732}}
{"target": -3.541863652877094, "params": {"C": 87.04358002475522, "epsilon": 16.9454804615049, "gamma": 0.06800779856273494, "lamda": 0.0544241331430743}, "datetime": {"datetime": "2021-09-19 17:20:32", "elapsed": 942.473923, "delta": 15.136877}}
{"target": -5.233746086901706, "params": {"C": 32.45910383954111, "epsilon": 14.472379082208283, "gamma": 0.055998784773396496, "lamda": 0.16662061786920276}, "datetime": {"datetime": "2021-09-19 17:20:47", "elapsed": 957.49263, "delta": 15.018707}}
{"target": -2.818983717609073, "params": {"C": 50.300560024186, "epsilon": 6.023841160696291, "gamma": 0.06083249221561593, "lamda": 0.20520747911556686}, "datetime": {"datetime": "2021-09-19 17:21:01", "elapsed": 970.884911, "delta": 13.392281}}
