{"target": -5.848152246031008, "params": {"C": 24.137550783997142, "epsilon": 3.343774137354392, "gamma": 0.05, "lamda": 0.1}, "datetime": {"datetime": "2021-07-03 15:13:35", "elapsed": 151.277255, "delta": 11.506533}}
{"target": 0.6689134756285409, "params": {"C": 24.946756228449935, "epsilon": 4.663629549963501, "gamma": 0.9, "lamda": 0.2902129715306746}, "datetime": {"datetime": "2021-07-03 15:13:36", "elapsed": 152.267232, "delta": 0.989977}}
{"target": 0.6635772418910242, "params": {"C": 23.949601470920303, "epsilon": 2.3509216506552213, "gamma": 0.9, "lamda": 0.1}, "datetime": {"datetime": "2021-07-03 15:13:37", "elapsed": 153.036276, "delta": 0.769044}}
{"target": 0.6510380476069785, "params": {"C": 21.298180753503406, "epsilon": 4.027234854398785, "gamma": 0.8935168081139123, "lamda": 0.17516856800909392}, "datetime": {"datetime": "2021-07-03 15:13:38", "elapsed": 153.853264, "delta": 0.816988}}
{"target": 0.7523204584204708, "params": {"C": 23.654334819854395, "epsilon": 5.0878322258214554, "gamma": 0.6240306030537078, "lamda": 0.9950433576504923}, "datetime": {"datetime": "2021-07-03 15:13:38", "elapsed": 154.257264, "delta": 0.404}}
{"target": 0.65600757995543, "params": {"C": 22.495607016041827, "epsilon": 3.5149636609829127, "gamma": 0.9, "lamda": 1.0}, "datetime": {"datetime": "2021-07-03 15:13:39", "elapsed": 155.496237, "delta": 1.238973}}
{"target": 0.6573629007480493, "params": {"C": 22.78185187821959, "epsilon": 2.5414690759904044, "gamma": 0.9, "lamda": 0.1}, "datetime": {"datetime": "2021-07-03 15:13:40", "elapsed": 156.067236, "delta": 0.570999}}
{"target": 0.6401359089019998, "params": {"C": 20.0, "epsilon": 1.871896362719231, "gamma": 0.9, "lamda": 0.1}, "datetime": {"datetime": "2021-07-03 15:13:41", "elapsed": 157.430737, "delta": 1.363501}}
{"target": 0.6399443202238598, "params": {"C": 20.0, "epsilon": 1.4393074091776514, "gamma": 0.9, "lamda": 1.0}, "datetime": {"datetime": "2021-07-03 15:13:42", "elapsed": 157.963244, "delta": 0.532507}}
{"target": 0.6685509517865276, "params": {"C": 25.000743716067124, "epsilon": 1.820133829966399, "gamma": 0.9, "lamda": 0.1}, "datetime": {"datetime": "2021-07-03 15:13:42", "elapsed": 158.55426, "delta": 0.591016}}
{"target": 0.6762606830333395, "params": {"C": 26.880250854504087, "epsilon": 7.571254561524445, "gamma": 0.9, "lamda": 1.0}, "datetime": {"datetime": "2021-07-03 15:13:43", "elapsed": 159.265246, "delta": 0.710986}}
{"target": 0.6766291095710375, "params": {"C": 27.473308215632454, "epsilon": 6.693412796376652, "gamma": 0.9, "lamda": 1.0}, "datetime": {"datetime": "2021-07-03 15:13:44", "elapsed": 159.947238, "delta": 0.681992}}
{"target": 0.7192960800165837, "params": {"C": 26.520745918616736, "epsilon": 8.997541263285799, "gamma": 0.7483769405113404, "lamda": 0.9283623380396928}, "datetime": {"datetime": "2021-07-03 15:13:44", "elapsed": 160.570253, "delta": 0.623015}}
{"target": 0.6740042752310795, "params": {"C": 26.363564005518953, "epsilon": 10.0, "gamma": 0.9, "lamda": 0.1880022715558606}, "datetime": {"datetime": "2021-07-03 15:13:45", "elapsed": 161.149294, "delta": 0.579041}}
{"target": 0.6757066964518517, "params": {"C": 27.294192032759987, "epsilon": 10.0, "gamma": 0.9, "lamda": 1.0}, "datetime": {"datetime": "2021-07-03 15:13:46", "elapsed": 161.769265, "delta": 0.619971}}
{"target": -5.522900670380253, "params": {"C": 26.524561827604558, "epsilon": 9.874225788391895, "gamma": 0.10497627809807362, "lamda": 0.8903792572343868}, "datetime": {"datetime": "2021-07-03 15:14:00", "elapsed": 175.7353, "delta": 13.966035}}
{"target": 0.6751786831139597, "params": {"C": 26.539239896059712, "epsilon": 8.389354509855373, "gamma": 0.9, "lamda": 0.20469160320617732}, "datetime": {"datetime": "2021-07-03 15:14:00", "elapsed": 176.398305, "delta": 0.663005}}
{"target": 0.6660810759534537, "params": {"C": 24.33582920577632, "epsilon": 5.4320450610867, "gamma": 0.9, "lamda": 0.1}, "datetime": {"datetime": "2021-07-03 15:14:01", "elapsed": 176.964299, "delta": 0.565994}}
{"target": 0.6759818632621499, "params": {"C": 27.27445202130979, "epsilon": 9.289458766589714, "gamma": 0.9, "lamda": 0.1}, "datetime": {"datetime": "2021-07-03 15:14:01", "elapsed": 177.595288, "delta": 0.630989}}
{"target": 0.6754060121698604, "params": {"C": 28.2437667567378, "epsilon": 10.0, "gamma": 0.9, "lamda": 0.5499547094260614}, "datetime": {"datetime": "2021-07-03 15:14:02", "elapsed": 178.279291, "delta": 0.684003}}
{"target": 0.6813146857346339, "params": {"C": 27.386587519238983, "epsilon": 8.511365194658882, "gamma": 0.8800337699359396, "lamda": 0.8736125910316779}, "datetime": {"datetime": "2021-07-03 15:14:03", "elapsed": 178.836321, "delta": 0.55703}}
{"target": 0.6479607065994522, "params": {"C": 21.09951830992806, "epsilon": 4.654907687387229, "gamma": 0.9, "lamda": 1.0}, "datetime": {"datetime": "2021-07-03 15:14:03", "elapsed": 179.562406, "delta": 0.726085}}
{"target": 0.6727170092712993, "params": {"C": 25.889515023042858, "epsilon": 8.175164836299047, "gamma": 0.9, "lamda": 1.0}, "datetime": {"datetime": "2021-07-03 15:14:04", "elapsed": 180.194296, "delta": 0.63189}}
{"target": 0.6758352053935686, "params": {"C": 29.540817968914286, "epsilon": 10.0, "gamma": 0.9, "lamda": 1.0}, "datetime": {"datetime": "2021-07-03 15:14:05", "elapsed": 180.812324, "delta": 0.618028}}
{"target": -3.6723015250047073, "params": {"C": 30.0, "epsilon": 6.579093476849778, "gamma": 0.13614950244283516, "lamda": 1.0}, "datetime": {"datetime": "2021-07-03 15:14:16", "elapsed": 192.627335, "delta": 11.815011}}
{"target": 0.8588158095566394, "params": {"C": 29.960978771496798, "epsilon": 9.90441053175868, "gamma": 0.23768645938854888, "lamda": 0.10778794071216813}, "datetime": {"datetime": "2021-07-03 15:14:17", "elapsed": 193.193338, "delta": 0.566003}}
{"target": -6.2057300057567195, "params": {"C": 29.04143688409099, "epsilon": 9.922555582155034, "gamma": 0.07972493958885296, "lamda": 0.8117453442971038}, "datetime": {"datetime": "2021-07-03 15:14:27", "elapsed": 202.901325, "delta": 9.707987}}
{"target": 0.6929683087061775, "params": {"C": 29.873662487499658, "epsilon": 5.042058537757098, "gamma": 0.841546937397363, "lamda": 0.6807909958021249}, "datetime": {"datetime": "2021-07-03 15:14:27", "elapsed": 203.629309, "delta": 0.727984}}
{"target": 0.6760555885887859, "params": {"C": 30.0, "epsilon": 9.445935839358238, "gamma": 0.9, "lamda": 0.21482548744099023}, "datetime": {"datetime": "2021-07-03 15:14:28", "elapsed": 204.274342, "delta": 0.645033}}
{"target": 0.6718138114185889, "params": {"C": 25.730969305879814, "epsilon": 9.08604641273083, "gamma": 0.9, "lamda": 0.1}, "datetime": {"datetime": "2021-07-03 15:14:29", "elapsed": 204.942337, "delta": 0.667995}}
{"target": -5.994297932538858, "params": {"C": 26.57428719212254, "epsilon": 7.956643406600421, "gamma": 0.08129218463477161, "lamda": 0.9660904589634823}, "datetime": {"datetime": "2021-07-03 15:14:38", "elapsed": 214.006327, "delta": 9.06399}}
{"target": 0.6678496392196853, "params": {"C": 23.615278885915068, "epsilon": 4.042682952751029, "gamma": 0.8812152484212402, "lamda": 0.9581846669042603}, "datetime": {"datetime": "2021-07-03 15:14:38", "elapsed": 214.610849, "delta": 0.604522}}
{"target": 0.6764002137205538, "params": {"C": 30.0, "epsilon": 2.344701615821779, "gamma": 0.9, "lamda": 1.0}, "datetime": {"datetime": "2021-07-03 15:14:39", "elapsed": 215.291388, "delta": 0.680539}}
{"target": 0.6766790454672231, "params": {"C": 27.697826292984427, "epsilon": 6.391307337860151, "gamma": 0.9, "lamda": 0.1}, "datetime": {"datetime": "2021-07-03 15:14:40", "elapsed": 215.957349, "delta": 0.665961}}
{"target": 0.6766896174004543, "params": {"C": 29.230866402928044, "epsilon": 3.740910183931347, "gamma": 0.9, "lamda": 0.2157892138318691}, "datetime": {"datetime": "2021-07-03 15:14:40", "elapsed": 216.566363, "delta": 0.609014}}
{"target": -1.9493504623857678, "params": {"C": 29.892702788696887, "epsilon": 3.834820653304161, "gamma": 0.16972482788279059, "lamda": 0.23130692315260967}, "datetime": {"datetime": "2021-07-03 15:14:52", "elapsed": 228.190384, "delta": 11.624021}}
{"target": -5.4812954188922465, "params": {"C": 20.0, "epsilon": 1.4951241595756106, "gamma": 0.05, "lamda": 0.5087693610920504}, "datetime": {"datetime": "2021-07-03 15:14:59", "elapsed": 235.576335, "delta": 7.385951}}
{"target": 0.6848367592565551, "params": {"C": 27.69915071523813, "epsilon": 9.325919653277168, "gamma": 0.8633177235113587, "lamda": 0.8895266338302003}, "datetime": {"datetime": "2021-07-03 15:15:00", "elapsed": 236.51039, "delta": 0.934055}}
{"target": 0.6704958234922299, "params": {"C": 25.407057146723915, "epsilon": 8.963343284033495, "gamma": 0.9, "lamda": 1.0}, "datetime": {"datetime": "2021-07-03 15:15:01", "elapsed": 237.150389, "delta": 0.639999}}
{"target": 0.640468135455758, "params": {"C": 20.0, "epsilon": 2.693095882573924, "gamma": 0.9, "lamda": 0.1}, "datetime": {"datetime": "2021-07-03 15:15:02", "elapsed": 237.762417, "delta": 0.612028}}
{"target": 0.676517300699145, "params": {"C": 27.121838714937955, "epsilon": 7.256713615450698, "gamma": 0.9, "lamda": 0.1}, "datetime": {"datetime": "2021-07-03 15:15:02", "elapsed": 238.414361, "delta": 0.651944}}
{"target": 0.6901691694340943, "params": {"C": 24.9144878619064, "epsilon": 9.848169603468339, "gamma": 0.8239144574605652, "lamda": 0.127038135987557}, "datetime": {"datetime": "2021-07-03 15:15:03", "elapsed": 239.012385, "delta": 0.598024}}
{"target": 0.6645861069716141, "params": {"C": 24.164596274740344, "epsilon": 9.951207329592217, "gamma": 0.9, "lamda": 1.0}, "datetime": {"datetime": "2021-07-03 15:15:04", "elapsed": 239.728382, "delta": 0.715997}}
{"target": 0.8312817103639896, "params": {"C": 23.778750668442292, "epsilon": 10.0, "gamma": 0.35729967531521417, "lamda": 0.1}, "datetime": {"datetime": "2021-07-03 15:15:05", "elapsed": 240.796417, "delta": 1.068035}}
{"target": 0.6590292549590162, "params": {"C": 22.986347481974562, "epsilon": 10.0, "gamma": 0.9, "lamda": 0.6860502959570417}, "datetime": {"datetime": "2021-07-03 15:15:05", "elapsed": 241.375393, "delta": 0.578976}}
{"target": -5.4108871762910065, "params": {"C": 23.379885463434505, "epsilon": 9.9352274067564, "gamma": 0.09924286292426326, "lamda": 0.9867270141438917}, "datetime": {"datetime": "2021-07-03 15:15:15", "elapsed": 250.960887, "delta": 9.585494}}
{"target": 0.6656544084609088, "params": {"C": 24.057784529310645, "epsilon": 9.792545059791752, "gamma": 0.8935833787696614, "lamda": 0.11098849245597585}, "datetime": {"datetime": "2021-07-03 15:15:16", "elapsed": 251.689438, "delta": 0.728551}}
{"target": 0.6556318993436198, "params": {"C": 22.336307673455053, "epsilon": 10.0, "gamma": 0.9, "lamda": 0.1}, "datetime": {"datetime": "2021-07-03 15:15:16", "elapsed": 252.407448, "delta": 0.71801}}
{"target": 0.6531890945039789, "params": {"C": 21.983036762719266, "epsilon": 4.2760518299626655, "gamma": 0.9, "lamda": 1.0}, "datetime": {"datetime": "2021-07-03 15:15:17", "elapsed": 253.171414, "delta": 0.763966}}
{"target": -2.460925101779128, "params": {"C": 22.47171399306726, "epsilon": 3.0542953897576113, "gamma": 0.13465405714290216, "lamda": 0.4706784746297853}, "datetime": {"datetime": "2021-07-03 15:15:23", "elapsed": 259.166391, "delta": 5.994977}}
{"target": 0.6842628352536686, "params": {"C": 23.037828716522696, "epsilon": 9.31525835899613, "gamma": 0.8174534587133898, "lamda": 0.13250039721139947}, "datetime": {"datetime": "2021-07-03 15:15:24", "elapsed": 259.86844, "delta": 0.702049}}
{"target": 0.6539597706928477, "params": {"C": 22.03505036598104, "epsilon": 9.125450204617735, "gamma": 0.9, "lamda": 0.6125302197630135}, "datetime": {"datetime": "2021-07-03 15:15:25", "elapsed": 260.664407, "delta": 0.795967}}
{"target": 0.6490342682345538, "params": {"C": 21.184701687884615, "epsilon": 9.604515484656027, "gamma": 0.9, "lamda": 0.1}, "datetime": {"datetime": "2021-07-03 15:15:25", "elapsed": 261.30941, "delta": 0.645003}}
{"target": -1.5382290984482863, "params": {"C": 21.61525373600964, "epsilon": 10.0, "gamma": 0.9, "lamda": 1.0}, "datetime": {"datetime": "2021-07-03 15:15:34", "elapsed": 270.211461, "delta": 8.902051}}
{"target": 0.6500071987823254, "params": {"C": 21.350269697453193, "epsilon": 8.56992295438782, "gamma": 0.9, "lamda": 0.1}, "datetime": {"datetime": "2021-07-03 15:15:35", "elapsed": 270.910402, "delta": 0.698941}}
{"target": 0.6558771481872251, "params": {"C": 22.36717783012476, "epsilon": 8.365612801724629, "gamma": 0.9, "lamda": 0.1}, "datetime": {"datetime": "2021-07-03 15:15:36", "elapsed": 271.738442, "delta": 0.82804}}
{"target": 0.8792052099979144, "params": {"C": 21.829564847258467, "epsilon": 8.63718058481375, "gamma": 0.06338758636377166, "lamda": 0.3579331759466211}, "datetime": {"datetime": "2021-07-03 15:15:37", "elapsed": 272.740439, "delta": 1.001997}}
{"target": -5.630470288085186, "params": {"C": 20.857530120898872, "epsilon": 9.03378270171596, "gamma": 0.05, "lamda": 0.1}, "datetime": {"datetime": "2021-07-03 15:15:45", "elapsed": 280.736447, "delta": 7.996008}}
{"target": -1.2799203536976038, "params": {"C": 21.876318928388528, "epsilon": 8.171926538166263, "gamma": 0.6413868420968167, "lamda": 0.8033624675812404}, "datetime": {"datetime": "2021-07-03 15:15:56", "elapsed": 291.824499, "delta": 11.088052}}
{"target": 0.7578093269264488, "params": {"C": 24.194008382346986, "epsilon": 3.8739713182097404, "gamma": 0.6133843810283548, "lamda": 0.6074585198571689}, "datetime": {"datetime": "2021-07-03 15:15:56", "elapsed": 292.354483, "delta": 0.529984}}
{"target": 0.6857983663301045, "params": {"C": 29.800438610563447, "epsilon": 5.082834314114769, "gamma": 0.8673878406765263, "lamda": 0.6781790446316347}, "datetime": {"datetime": "2021-07-03 15:15:57", "elapsed": 292.806486, "delta": 0.452003}}
{"target": 0.8597660306432047, "params": {"C": 22.472898548141824, "epsilon": 8.868400309575811, "gamma": 0.23023163474786984, "lamda": 0.1152023144562727}, "datetime": {"datetime": "2021-07-03 15:15:57", "elapsed": 293.625535, "delta": 0.819049}}
{"target": 0.6757297630649367, "params": {"C": 27.572916358329262, "epsilon": 10.0, "gamma": 0.9, "lamda": 0.1}, "datetime": {"datetime": "2021-07-03 15:15:58", "elapsed": 294.229468, "delta": 0.603933}}
{"target": -4.65336960567398, "params": {"C": 24.633107570782418, "epsilon": 9.472027774549215, "gamma": 0.05, "lamda": 0.1}, "datetime": {"datetime": "2021-07-03 15:16:04", "elapsed": 299.771498, "delta": 5.54203}}
{"target": 0.6757796423423632, "params": {"C": 26.59599660699667, "epsilon": 4.425578727712379, "gamma": 0.9, "lamda": 1.0}, "datetime": {"datetime": "2021-07-03 15:16:04", "elapsed": 300.369499, "delta": 0.598001}}
{"target": 0.667712231660994, "params": {"C": 24.715935211038328, "epsilon": 3.6352014559059187, "gamma": 0.9, "lamda": 1.0}, "datetime": {"datetime": "2021-07-03 15:16:05", "elapsed": 301.273502, "delta": 0.904003}}
{"target": 0.6834191908668918, "params": {"C": 27.09177669020321, "epsilon": 3.9573541256649136, "gamma": 0.8759332336538141, "lamda": 0.15727833066794297}, "datetime": {"datetime": "2021-07-03 15:16:07", "elapsed": 303.153521, "delta": 1.880019}}
{"target": 0.6609552539310457, "params": {"C": 23.307596599975422, "epsilon": 6.042183763814036, "gamma": 0.9, "lamda": 1.0}, "datetime": {"datetime": "2021-07-03 15:16:08", "elapsed": 303.961527, "delta": 0.808006}}
{"target": 0.6860645737184478, "params": {"C": 28.185769345457544, "epsilon": 3.793216583863727, "gamma": 0.8667295212676357, "lamda": 0.14166590030275034}, "datetime": {"datetime": "2021-07-03 15:16:08", "elapsed": 304.561495, "delta": 0.599968}}
{"target": 0.6519830601860297, "params": {"C": 21.72601462791986, "epsilon": 5.73340080316568, "gamma": 0.9, "lamda": 1.0}, "datetime": {"datetime": "2021-07-03 15:16:10", "elapsed": 305.711544, "delta": 1.150049}}
{"target": 0.6766554995922558, "params": {"C": 28.76279507544918, "epsilon": 3.3629309775778786, "gamma": 0.9, "lamda": 1.0}, "datetime": {"datetime": "2021-07-03 15:16:10", "elapsed": 306.506496, "delta": 0.794952}}
{"target": 0.671901074439641, "params": {"C": 25.827889295135996, "epsilon": 1.0, "gamma": 0.9, "lamda": 0.1}, "datetime": {"datetime": "2021-07-03 15:16:11", "elapsed": 307.327474, "delta": 0.820978}}
{"target": 0.6697037682533451, "params": {"C": 25.326055389894478, "epsilon": 1.0, "gamma": 0.9, "lamda": 1.0}, "datetime": {"datetime": "2021-07-03 15:16:12", "elapsed": 308.153528, "delta": 0.826054}}
{"target": 0.837064735753359, "params": {"C": 25.043165642448507, "epsilon": 1.0987476260993154, "gamma": 0.35388805310317145, "lamda": 0.1188951302683454}, "datetime": {"datetime": "2021-07-03 15:16:13", "elapsed": 308.905483, "delta": 0.751955}}
{"target": -2.024699206458783, "params": {"C": 26.15086691104585, "epsilon": 1.0291439136590008, "gamma": 0.15019006597700363, "lamda": 0.9730091995643503}, "datetime": {"datetime": "2021-07-03 15:16:23", "elapsed": 319.54552, "delta": 10.640037}}
{"target": 0.6663848309031934, "params": {"C": 24.50244501738907, "epsilon": 2.3981504555438518, "gamma": 0.9, "lamda": 1.0}, "datetime": {"datetime": "2021-07-03 15:16:25", "elapsed": 321.121554, "delta": 1.576034}}
{"target": 0.6766024644512892, "params": {"C": 27.6744226215213, "epsilon": 3.4971591080877946, "gamma": 0.9, "lamda": 1.0}, "datetime": {"datetime": "2021-07-03 15:16:26", "elapsed": 322.330531, "delta": 1.208977}}
{"target": 0.6685744308051607, "params": {"C": 25.12138005910114, "epsilon": 10.0, "gamma": 0.9, "lamda": 1.0}, "datetime": {"datetime": "2021-07-03 15:16:27", "elapsed": 323.405509, "delta": 1.074978}}
{"target": 0.8742189404575488, "params": {"C": 24.511472982237205, "epsilon": 1.8798843733363932, "gamma": 0.05, "lamda": 0.1}, "datetime": {"datetime": "2021-07-03 15:16:28", "elapsed": 324.382563, "delta": 0.977054}}
{"target": 0.6590246570332579, "params": {"C": 21.51369294667887, "epsilon": 6.753140300749683, "gamma": 0.8730136103890567, "lamda": 0.15977780073937775}, "datetime": {"datetime": "2021-07-03 15:16:29", "elapsed": 325.557542, "delta": 1.174979}}
{"target": -3.7439365966382754, "params": {"C": 21.768262940755534, "epsilon": 6.66695614280241, "gamma": 0.13075702401084222, "lamda": 0.9231207412640209}, "datetime": {"datetime": "2021-07-03 15:16:43", "elapsed": 338.779573, "delta": 13.222031}}
{"target": 0.6764931748374914, "params": {"C": 27.55030479660116, "epsilon": 2.9215883534990605, "gamma": 0.9, "lamda": 0.1}, "datetime": {"datetime": "2021-07-03 15:16:43", "elapsed": 339.571588, "delta": 0.792015}}
{"target": 0.6762388563719999, "params": {"C": 30.0, "epsilon": 8.902419413663754, "gamma": 0.9, "lamda": 1.0}, "datetime": {"datetime": "2021-07-03 15:16:44", "elapsed": 340.413547, "delta": 0.841959}}
{"target": 0.6513821375189162, "params": {"C": 20.61315998028385, "epsilon": 7.210152414181853, "gamma": 0.8806790099064545, "lamda": 0.10563852430515935}, "datetime": {"datetime": "2021-07-03 15:16:45", "elapsed": 341.160537, "delta": 0.74699}}
{"target": 0.6450671811949666, "params": {"C": 20.755777004367093, "epsilon": 2.142826435817624, "gamma": 0.9, "lamda": 1.0}, "datetime": {"datetime": "2021-07-03 15:16:46", "elapsed": 342.176572, "delta": 1.016035}}
{"target": 0.646926101936508, "params": {"C": 21.02800023702163, "epsilon": 2.5909331859966933, "gamma": 0.9, "lamda": 0.1}, "datetime": {"datetime": "2021-07-03 15:16:47", "elapsed": 342.916598, "delta": 0.740026}}
{"target": 0.6759789263134494, "params": {"C": 29.295417123623924, "epsilon": 1.0, "gamma": 0.9, "lamda": 1.0}, "datetime": {"datetime": "2021-07-03 15:16:47", "elapsed": 343.654554, "delta": 0.737956}}
{"target": 0.6759872506143592, "params": {"C": 27.935575728148923, "epsilon": 1.0, "gamma": 0.9, "lamda": 1.0}, "datetime": {"datetime": "2021-07-03 15:16:48", "elapsed": 344.486574, "delta": 0.83202}}
{"target": -0.9992226733202247, "params": {"C": 20.0, "epsilon": 7.467957823239961, "gamma": 0.9, "lamda": 1.0}, "datetime": {"datetime": "2021-07-03 15:17:03", "elapsed": 359.393589, "delta": 14.907015}}
{"target": 0.6759276752785817, "params": {"C": 27.28275874201139, "epsilon": 1.0, "gamma": 0.9, "lamda": 0.1}, "datetime": {"datetime": "2021-07-03 15:17:04", "elapsed": 360.191083, "delta": 0.797494}}
{"target": 0.6783296472957081, "params": {"C": 27.98842846694886, "epsilon": 2.326520678519289, "gamma": 0.8933105706246292, "lamda": 0.9125780007270009}, "datetime": {"datetime": "2021-07-03 15:17:05", "elapsed": 360.941104, "delta": 0.750021}}
{"target": 0.671671748695126, "params": {"C": 25.575665405873828, "epsilon": 6.561045917720858, "gamma": 0.9, "lamda": 1.0}, "datetime": {"datetime": "2021-07-03 15:17:06", "elapsed": 361.761627, "delta": 0.820523}}
{"target": 0.7212522687794172, "params": {"C": 27.180129272072435, "epsilon": 1.9798701088064083, "gamma": 0.7448180418951947, "lamda": 0.23353900126415103}, "datetime": {"datetime": "2021-07-03 15:17:06", "elapsed": 362.603611, "delta": 0.841984}}
{"target": 0.660261879360943, "params": {"C": 23.317115886575117, "epsilon": 10.0, "gamma": 0.9, "lamda": 0.1}, "datetime": {"datetime": "2021-07-03 15:17:07", "elapsed": 363.389605, "delta": 0.785994}}
{"target": 0.6759655465572973, "params": {"C": 30.0, "epsilon": 1.0, "gamma": 0.9, "lamda": 0.1}, "datetime": {"datetime": "2021-07-03 15:17:08", "elapsed": 364.079569, "delta": 0.689964}}
{"target": -5.272116641091403, "params": {"C": 27.631429551997343, "epsilon": 3.5015097503614983, "gamma": 0.05, "lamda": 0.1}, "datetime": {"datetime": "2021-07-03 15:17:19", "elapsed": 375.441641, "delta": 11.362072}}
{"target": 0.6762558598181571, "params": {"C": 25.961371975342033, "epsilon": 7.310391165510929, "gamma": 0.8881586066222324, "lamda": 0.20554378375943824}, "datetime": {"datetime": "2021-07-03 15:17:20", "elapsed": 376.281125, "delta": 0.839484}}
