{"target": 0.7127502743579543, "params": {"C": 57.36257442893552, "epsilon": 2.2913851217377665, "gamma": 0.7696368197857001, "lamda": 0.6171208554829256}, "datetime": {"datetime": "2021-07-03 15:59:04", "elapsed": 1121.346872, "delta": 1.947013}}
{"target": 0.6990395189674022, "params": {"C": 58.024032304636975, "epsilon": 1.0244913395786746, "gamma": 0.8148740152515965, "lamda": 0.42743504782329367}, "datetime": {"datetime": "2021-07-03 15:59:05", "elapsed": 1122.769865, "delta": 1.422993}}
{"target": 0.7288288381052539, "params": {"C": 43.440128317000536, "epsilon": 8.116633475228031, "gamma": 0.7145490276091444, "lamda": 0.4238206411574015}, "datetime": {"datetime": "2021-07-03 15:59:07", "elapsed": 1124.206876, "delta": 1.437011}}
{"target": 0.8290649385616484, "params": {"C": 46.04260907205005, "epsilon": 6.042503616637936, "gamma": 0.36801974648536806, "lamda": 0.35143797014947}, "datetime": {"datetime": "2021-07-03 15:59:08", "elapsed": 1125.754878, "delta": 1.548002}}
{"target": 0.7919421861813108, "params": {"C": 50.379438490213275, "epsilon": 4.38986204712757, "gamma": 0.5054654175401578, "lamda": 0.7347623486986153}, "datetime": {"datetime": "2021-07-03 15:59:10", "elapsed": 1127.305911, "delta": 1.551033}}
{"target": 0.8588291065876128, "params": {"C": 38.274139466316726, "epsilon": 1.0960834898644893, "gamma": 0.26564563397975405, "lamda": 0.48213879554322525}, "datetime": {"datetime": "2021-07-03 15:59:12", "elapsed": 1129.764898, "delta": 2.458987}}
{"target": -1.803315632685421, "params": {"C": 55.248686255000166, "epsilon": 7.085026919095455, "gamma": 0.19603751810844766, "lamda": 0.4546076167022717}, "datetime": {"datetime": "2021-07-03 15:59:28", "elapsed": 1145.973922, "delta": 16.209024}}
{"target": 0.8660896547212338, "params": {"C": 38.99541013245005, "epsilon": 1.7805556253382289, "gamma": 0.2299080698887973, "lamda": 0.10103153958841082}, "datetime": {"datetime": "2021-07-03 15:59:31", "elapsed": 1148.628921, "delta": 2.654999}}
{"target": 0.7583426360942274, "params": {"C": 53.96757478876356, "epsilon": 3.3415416692732913, "gamma": 0.6183226645532464, "lamda": 0.42326506367925026}, "datetime": {"datetime": "2021-07-03 15:59:35", "elapsed": 1152.244905, "delta": 3.615984}}
{"target": 0.8856387010230767, "params": {"C": 32.517664330806554, "epsilon": 4.00163101305332, "gamma": 0.11804435710079003, "lamda": 0.6749647236304471}, "datetime": {"datetime": "2021-07-03 15:59:38", "elapsed": 1155.695944, "delta": 3.451039}}
{"target": 0.8146240737467666, "params": {"C": 42.433460149061325, "epsilon": 6.00260427745412, "gamma": 0.4252205736043235, "lamda": 0.43545737906855675}, "datetime": {"datetime": "2021-07-03 15:59:40", "elapsed": 1157.217961, "delta": 1.522017}}
{"target": -6.080060604647775, "params": {"C": 61.7022004702574, "epsilon": 10.643893921305898, "gamma": 0.09002401871164242, "lamda": 0.45419652637512786}, "datetime": {"datetime": "2021-09-19 10:45:15", "elapsed": 0.0, "delta": 0.0}}
{"target": -2.8353864916337645, "params": {"C": 34.67558908171131, "epsilon": 3.1080631372255736, "gamma": 0.1291146443893109, "lamda": 0.5189955298375286}, "datetime": {"datetime": "2021-09-19 10:45:27", "elapsed": 11.930711, "delta": 11.930711}}
{"target": -3.0848909962736455, "params": {"C": 59.67674742306699, "epsilon": 8.465800808040283, "gamma": 0.1780308480246919, "lamda": 1.0281440310947425}, "datetime": {"datetime": "2021-09-19 10:45:40", "elapsed": 25.729145, "delta": 13.798434}}
{"target": -6.496421417401241, "params": {"C": 40.44522497315174, "epsilon": 12.537409236691346, "gamma": 0.0957513945715645, "lamda": 1.006030797757425}, "datetime": {"datetime": "2021-09-19 10:45:54", "elapsed": 39.401139, "delta": 13.671994}}
{"target": -2.7050713434158205, "params": {"C": 61.730480236712694, "epsilon": 8.70427794134902, "gamma": 0.11948125710499909, "lamda": 0.29795413213823335}, "datetime": {"datetime": "2021-09-19 10:46:02", "elapsed": 47.594139, "delta": 8.193}}
{"target": 0.8560647418645402, "params": {"C": 20.771985598412105, "epsilon": 3.9423312105523545, "gamma": 0.23896749717569965, "lamda": 1.1473405516284099}, "datetime": {"datetime": "2021-09-19 10:46:03", "elapsed": 48.105101, "delta": 0.510962}}
{"target": -2.413707136949421, "params": {"C": 64.25573174554623, "epsilon": 6.961648495208803, "gamma": 0.20503903861499084, "lamda": 1.116558170781279}, "datetime": {"datetime": "2021-09-19 10:46:16", "elapsed": 61.59724, "delta": 13.492139}}
{"target": -1.7707742782974827, "params": {"C": 34.599536002058144, "epsilon": 3.1325810729885024, "gamma": 0.18567052631907227, "lamda": 0.5726654562548195}, "datetime": {"datetime": "2021-09-19 10:46:30", "elapsed": 75.547197, "delta": 13.949957}}
{"target": -2.9287218402542123, "params": {"C": 22.120627365262884, "epsilon": 11.694574875520654, "gamma": 0.29261966363166947, "lamda": 1.0534074678381498}, "datetime": {"datetime": "2021-09-19 10:46:44", "elapsed": 89.01433, "delta": 13.467133}}
{"target": 0.8787298377664183, "params": {"C": 20.76856234468863, "epsilon": 3.835014883004023, "gamma": 0.13112100719426797, "lamda": 1.099673949870618}, "datetime": {"datetime": "2021-09-19 10:46:44", "elapsed": 89.370337, "delta": 0.356007}}
{"target": 0.8592126604665985, "params": {"C": 20.76202444788718, "epsilon": 3.495306167572101, "gamma": 0.22189334183018614, "lamda": 1.4471278018094356}, "datetime": {"datetime": "2021-09-19 10:46:45", "elapsed": 89.814357, "delta": 0.44402}}
{"target": 0.8771068514196765, "params": {"C": 20.223172403485716, "epsilon": 3.548096961559852, "gamma": 0.13610476198701923, "lamda": 1.1411105884635213}, "datetime": {"datetime": "2021-09-19 10:46:45", "elapsed": 90.243513, "delta": 0.429156}}
{"target": 0.8490694478034722, "params": {"C": 33.900371472030976, "epsilon": 3.3579787212144945, "gamma": 0.3, "lamda": 1.0660590851516145}, "datetime": {"datetime": "2021-09-19 10:46:45", "elapsed": 90.751514, "delta": 0.508001}}
{"target": 0.8591783303230284, "params": {"C": 34.25104740723325, "epsilon": 4.255516883618582, "gamma": 0.24881198578583638, "lamda": 1.1865795308529496}, "datetime": {"datetime": "2021-09-19 10:46:46", "elapsed": 91.198513, "delta": 0.446999}}
{"target": 0.8481388023166414, "params": {"C": 33.53200214993563, "epsilon": 4.394950578621036, "gamma": 0.29819079503142565, "lamda": 0.12069342951877075}, "datetime": {"datetime": "2021-09-19 10:46:46", "elapsed": 91.724512, "delta": 0.525999}}
{"target": 0.8478635302945016, "params": {"C": 33.12428990045419, "epsilon": 4.424304615095133, "gamma": 0.3, "lamda": 1.1321405641706868}, "datetime": {"datetime": "2021-09-19 10:46:47", "elapsed": 92.379507, "delta": 0.654995}}
{"target": 0.8475320511312266, "params": {"C": 33.76569216987329, "epsilon": 5.384231638380166, "gamma": 0.3, "lamda": 0.7782216158979647}, "datetime": {"datetime": "2021-09-19 10:46:48", "elapsed": 92.821482, "delta": 0.441975}}
{"target": 0.882378107218407, "params": {"C": 32.49218565003751, "epsilon": 5.557922677190122, "gamma": 0.1337813343601459, "lamda": 0.7229115423910691}, "datetime": {"datetime": "2021-09-19 10:46:48", "elapsed": 93.373478, "delta": 0.551996}}
{"target": 0.8477886212351147, "params": {"C": 32.14199655218458, "epsilon": 4.496064410993857, "gamma": 0.3, "lamda": 0.05125698059589071}, "datetime": {"datetime": "2021-09-19 10:46:49", "elapsed": 93.973478, "delta": 0.6}}
{"target": -3.4183359501136525, "params": {"C": 32.38614830279662, "epsilon": 3.248425017817929, "gamma": 0.11935529065527149, "lamda": 0.5036128981515668}, "datetime": {"datetime": "2021-09-19 10:47:01", "elapsed": 105.836471, "delta": 11.862993}}
{"target": 0.854776499078793, "params": {"C": 31.264132130420034, "epsilon": 5.584171069220286, "gamma": 0.2653248851525356, "lamda": 0.23790858119084898}, "datetime": {"datetime": "2021-09-19 10:47:01", "elapsed": 106.407469, "delta": 0.570998}}
{"target": 0.8471252162295939, "params": {"C": 31.529749454866856, "epsilon": 5.0027910419116886, "gamma": 0.3, "lamda": 1.3209630324474109}, "datetime": {"datetime": "2021-09-19 10:47:02", "elapsed": 107.220473, "delta": 0.813004}}
{"target": -1.8347827487655968, "params": {"C": 31.89990187828296, "epsilon": 6.507704660082594, "gamma": 0.25978466711467485, "lamda": 1.4792672175478232}, "datetime": {"datetime": "2021-09-19 10:47:16", "elapsed": 121.1079, "delta": 13.887427}}
{"target": -2.4716700781150163, "params": {"C": 30.419523984133416, "epsilon": 4.822574274526603, "gamma": 0.11358599595263076, "lamda": 0.5473082800219282}, "datetime": {"datetime": "2021-09-19 10:47:24", "elapsed": 129.573899, "delta": 8.465999}}
{"target": -2.6852437862112097, "params": {"C": 33.09577258101733, "epsilon": 5.386925497828107, "gamma": 0.14322537919173972, "lamda": 0.1474050141478374}, "datetime": {"datetime": "2021-09-19 10:47:32", "elapsed": 137.589864, "delta": 8.015965}}
{"target": 0.8721514127822572, "params": {"C": 34.415916302577045, "epsilon": 4.654310295145592, "gamma": 0.1892678334607996, "lamda": 0.5654026306599022}, "datetime": {"datetime": "2021-09-19 10:47:33", "elapsed": 138.080861, "delta": 0.490997}}
{"target": 0.8470847417606988, "params": {"C": 32.5137628300159, "epsilon": 5.125142425755501, "gamma": 0.3, "lamda": 1.5}, "datetime": {"datetime": "2021-09-19 10:47:33", "elapsed": 138.696862, "delta": 0.616001}}
{"target": 0.8771089844068003, "params": {"C": 34.16414255367757, "epsilon": 5.409351389668644, "gamma": 0.15975731606297383, "lamda": 1.4531713656651726}, "datetime": {"datetime": "2021-09-19 10:47:34", "elapsed": 139.230258, "delta": 0.533396}}
{"target": 0.8472617148058544, "params": {"C": 31.91763302047281, "epsilon": 5.046883170266887, "gamma": 0.3, "lamda": 0.6318225922709229}, "datetime": {"datetime": "2021-09-19 10:47:35", "elapsed": 139.858219, "delta": 0.627961}}
{"target": 0.8746456034689578, "params": {"C": 35.04193173920332, "epsilon": 5.811465795544922, "gamma": 0.1688307227825356, "lamda": 0.7556527135745075}, "datetime": {"datetime": "2021-09-19 10:47:35", "elapsed": 140.277221, "delta": 0.419002}}
{"target": -1.692287350976048, "params": {"C": 34.27334061592725, "epsilon": 6.544691100361537, "gamma": 0.3, "lamda": 1.176444717975556}, "datetime": {"datetime": "2021-09-19 10:47:49", "elapsed": 154.137102, "delta": 13.859881}}
{"target": 0.8480157687733418, "params": {"C": 35.27176866261115, "epsilon": 5.020532522227265, "gamma": 0.3, "lamda": 1.389244847452698}, "datetime": {"datetime": "2021-09-19 10:47:50", "elapsed": 154.9071, "delta": 0.769998}}
{"target": -2.416953057328461, "params": {"C": 35.96039575963371, "epsilon": 5.20712862362295, "gamma": 0.15889645775795042, "lamda": 0.1284387308152838}, "datetime": {"datetime": "2021-09-19 10:48:04", "elapsed": 168.993262, "delta": 14.086162}}
{"target": -2.8330231124406495, "params": {"C": 20.381557762158003, "epsilon": 2.5407217201016676, "gamma": 0.11372774149537866, "lamda": 0.7709708358470868}, "datetime": {"datetime": "2021-09-19 10:48:12", "elapsed": 176.928149, "delta": 7.934887}}
{"target": 0.8795958975972396, "params": {"C": 20.01648851828825, "epsilon": 4.405631230814456, "gamma": 0.11901894263069787, "lamda": 0.7050697696862147}, "datetime": {"datetime": "2021-09-19 10:48:12", "elapsed": 177.516524, "delta": 0.588375}}
{"target": 0.8737652331721338, "params": {"C": 20.088342383425488, "epsilon": 4.250379926797494, "gamma": 0.14980430357494853, "lamda": 1.4926496953904675}, "datetime": {"datetime": "2021-09-19 10:48:13", "elapsed": 178.032147, "delta": 0.515623}}
{"target": -4.573394105934108, "params": {"C": 20.582439602937622, "epsilon": 5.361069445965648, "gamma": 0.09, "lamda": 1.0999537070568555}, "datetime": {"datetime": "2021-09-19 10:48:27", "elapsed": 192.102862, "delta": 14.070715}}
{"target": 0.8682722156178695, "params": {"C": 22.157684941985416, "epsilon": 3.664057669365297, "gamma": 0.18338746421067978, "lamda": 1.1758827671951884}, "datetime": {"datetime": "2021-09-19 10:48:27", "elapsed": 192.665324, "delta": 0.562462}}
{"target": -4.536215000642694, "params": {"C": 23.009589728530194, "epsilon": 3.3535434927625762, "gamma": 0.09165422797141512, "lamda": 0.5050292948128632}, "datetime": {"datetime": "2021-09-19 10:48:39", "elapsed": 204.028324, "delta": 11.363}}
{"target": 0.8681284552160873, "params": {"C": 33.66566605092572, "epsilon": 4.938567616867109, "gamma": 0.20831655498393092, "lamda": 1.4885012519571144}, "datetime": {"datetime": "2021-09-19 10:48:39", "elapsed": 204.59815, "delta": 0.569826}}
{"target": 0.8492726305278455, "params": {"C": 20.049189946371662, "epsilon": 3.8284592876953623, "gamma": 0.26125145615390066, "lamda": 0.03576423122039562}, "datetime": {"datetime": "2021-09-19 10:48:40", "elapsed": 205.137145, "delta": 0.538995}}
{"target": 0.882067110634411, "params": {"C": 30.961795144159225, "epsilon": 6.774150763076377, "gamma": 0.1335790810016561, "lamda": 0.03552217224701841}, "datetime": {"datetime": "2021-09-19 10:48:40", "elapsed": 205.665768, "delta": 0.528623}}
{"target": 0.8875326472233079, "params": {"C": 31.824776509173372, "epsilon": 6.328834332576909, "gamma": 0.09, "lamda": 0.001}, "datetime": {"datetime": "2021-09-19 10:48:41", "elapsed": 206.513511, "delta": 0.847743}}
{"target": 0.8540843964565348, "params": {"C": 31.64943958785949, "epsilon": 7.967953311367843, "gamma": 0.2568379455560851, "lamda": 0.047501991772544265}, "datetime": {"datetime": "2021-09-19 10:48:42", "elapsed": 207.077513, "delta": 0.564002}}
{"target": 0.8576892920908006, "params": {"C": 30.331490362610353, "epsilon": 7.802118329028954, "gamma": 0.24350646594291028, "lamda": 0.34267899350027625}, "datetime": {"datetime": "2021-09-19 10:48:42", "elapsed": 207.617512, "delta": 0.539999}}
{"target": 0.8869161107030881, "params": {"C": 30.82641778348398, "epsilon": 8.816685412192754, "gamma": 0.09, "lamda": 0.001}, "datetime": {"datetime": "2021-09-19 10:48:43", "elapsed": 208.332738, "delta": 0.715226}}
{"target": -2.0628342839212674, "params": {"C": 31.068490608899292, "epsilon": 8.494560207347464, "gamma": 0.3, "lamda": 1.0372260681776917}, "datetime": {"datetime": "2021-09-19 10:48:57", "elapsed": 222.187033, "delta": 13.854295}}
{"target": 0.8540219722500992, "params": {"C": 29.670847686328067, "epsilon": 6.851975005282398, "gamma": 0.2646465180487225, "lamda": 0.05545688040886983}, "datetime": {"datetime": "2021-09-19 10:48:58", "elapsed": 222.780766, "delta": 0.593733}}
{"target": 0.8672843396386374, "params": {"C": 28.98983674619247, "epsilon": 7.866850702803184, "gamma": 0.20157441196656395, "lamda": 0.16724819359862175}, "datetime": {"datetime": "2021-09-19 10:48:58", "elapsed": 223.410504, "delta": 0.629738}}
{"target": -2.064039983675747, "params": {"C": 29.409973879287158, "epsilon": 7.353691236837964, "gamma": 0.2684068549532016, "lamda": 1.294640225220354}, "datetime": {"datetime": "2021-09-19 10:49:12", "elapsed": 237.719822, "delta": 14.309318}}
{"target": 0.885883739627679, "params": {"C": 29.694096985328084, "epsilon": 8.684591777646869, "gamma": 0.09, "lamda": 0.001}, "datetime": {"datetime": "2021-09-19 10:49:13", "elapsed": 238.407322, "delta": 0.6875}}
{"target": 0.8414363776726044, "params": {"C": 28.445148404099125, "epsilon": 8.92896002384069, "gamma": 0.3, "lamda": 0.001}, "datetime": {"datetime": "2021-09-19 10:49:14", "elapsed": 239.04795, "delta": 0.640628}}
{"target": 0.8580689285702658, "params": {"C": 29.329280869124155, "epsilon": 10.103327798807008, "gamma": 0.24059952934126952, "lamda": 0.3642557706613368}, "datetime": {"datetime": "2021-09-19 10:49:14", "elapsed": 239.646556, "delta": 0.598606}}
{"target": -5.64416764025238, "params": {"C": 28.82239463033981, "epsilon": 9.306746578035863, "gamma": 0.09, "lamda": 1.0021894738863373}, "datetime": {"datetime": "2021-09-19 10:49:29", "elapsed": 254.364069, "delta": 14.717513}}
{"target": 0.8386134322014698, "params": {"C": 30.19957177240373, "epsilon": 9.931395806297715, "gamma": 0.3, "lamda": 0.001}, "datetime": {"datetime": "2021-09-19 10:49:30", "elapsed": 254.925744, "delta": 0.561675}}
{"target": 0.8640306594118574, "params": {"C": 29.79684488165077, "epsilon": 10.807101578795745, "gamma": 0.20805320981671904, "lamda": 0.02030781931322183}, "datetime": {"datetime": "2021-09-19 10:49:30", "elapsed": 255.383544, "delta": 0.4578}}
{"target": 0.8444685671669285, "params": {"C": 27.852030570919133, "epsilon": 8.009807670258947, "gamma": 0.3, "lamda": 0.001}, "datetime": {"datetime": "2021-09-19 10:49:31", "elapsed": 256.117919, "delta": 0.734375}}
{"target": 0.8432460233685294, "params": {"C": 27.186934760744553, "epsilon": 8.960348083295694, "gamma": 0.3, "lamda": 0.001}, "datetime": {"datetime": "2021-09-19 10:49:32", "elapsed": 256.784624, "delta": 0.666705}}
{"target": 0.8624682146561472, "params": {"C": 28.584331674466394, "epsilon": 11.13541824949284, "gamma": 0.20721916920581268, "lamda": 0.19412254147593389}, "datetime": {"datetime": "2021-09-19 10:49:32", "elapsed": 257.414227, "delta": 0.629603}}
{"target": -3.0727692174734607, "params": {"C": 29.410590378037398, "epsilon": 11.240063929495118, "gamma": 0.2521457835864289, "lamda": 0.9373433770594843}, "datetime": {"datetime": "2021-09-19 10:49:46", "elapsed": 271.173332, "delta": 13.759105}}
{"target": 0.8415958465770167, "params": {"C": 27.899571014646583, "epsilon": 10.379372035083898, "gamma": 0.3, "lamda": 0.001}, "datetime": {"datetime": "2021-09-19 10:49:47", "elapsed": 271.93842, "delta": 0.765088}}
{"target": 0.8476686293584857, "params": {"C": 28.249141605109642, "epsilon": 6.948865584950651, "gamma": 0.289589604133081, "lamda": 0.06283748033291364}, "datetime": {"datetime": "2021-09-19 10:49:47", "elapsed": 272.563381, "delta": 0.624961}}
{"target": -4.0858714620376055, "params": {"C": 26.651649415170763, "epsilon": 7.682079954858089, "gamma": 0.09000034810678653, "lamda": 0.001}, "datetime": {"datetime": "2021-09-19 10:49:55", "elapsed": 280.470488, "delta": 7.907107}}
{"target": -3.1511449827466764, "params": {"C": 27.587209865058487, "epsilon": 11.713043893796868, "gamma": 0.27395148299799554, "lamda": 0.31495240670090063}, "datetime": {"datetime": "2021-09-19 10:50:09", "elapsed": 294.125283, "delta": 13.654795}}
{"target": -3.899325210182, "params": {"C": 28.808357901714203, "epsilon": 10.213846600431893, "gamma": 0.11920732991736599, "lamda": 0.040014724666554376}, "datetime": {"datetime": "2021-09-19 10:50:15", "elapsed": 300.074739, "delta": 5.949456}}
{"target": -1.2254540621176657, "params": {"C": 99.93153253932334, "epsilon": 5.264269579129101, "gamma": 0.2367142487852362, "lamda": 0.6664109921116413}, "datetime": {"datetime": "2021-09-19 10:50:25", "elapsed": 310.574723, "delta": 10.499984}}
{"target": 0.8852915310033465, "params": {"C": 33.8469578766958, "epsilon": 3.912894173144794, "gamma": 0.11969055461308525, "lamda": 0.7510891851047921}, "datetime": {"datetime": "2021-09-19 10:50:26", "elapsed": 311.215351, "delta": 0.640628}}
{"target": 0.8845169044518307, "params": {"C": 34.48770791105747, "epsilon": 5.397041564384894, "gamma": 0.12254282074757983, "lamda": 0.736749898394375}, "datetime": {"datetime": "2021-09-19 10:50:27", "elapsed": 311.870803, "delta": 0.655452}}
{"target": 0.8715238185087346, "params": {"C": 34.9370909228923, "epsilon": 5.894632992412365, "gamma": 0.19074726749319362, "lamda": 0.7684735451782837}, "datetime": {"datetime": "2021-09-19 10:50:27", "elapsed": 312.37081, "delta": 0.500007}}
{"target": -1.552674446174271, "params": {"C": 99.96841765174146, "epsilon": 6.603479856274876, "gamma": 0.25455657902835016, "lamda": 1.0714825542896118}, "datetime": {"datetime": "2021-09-19 10:50:40", "elapsed": 325.618981, "delta": 13.248171}}
{"target": -2.891502855496351, "params": {"C": 30.09264725223078, "epsilon": 10.268102777061634, "gamma": 0.24279531592947023, "lamda": 0.5780852004746134}, "datetime": {"datetime": "2021-09-19 10:50:54", "elapsed": 339.107011, "delta": 13.48803}}
{"target": 0.8773384389386627, "params": {"C": 31.923779449415882, "epsilon": 5.494096774031153, "gamma": 0.15475292274832997, "lamda": 0.99973207057524}, "datetime": {"datetime": "2021-09-19 10:50:54", "elapsed": 339.63269, "delta": 0.525679}}
{"target": -1.2141405503972273, "params": {"C": 76.99130131358916, "epsilon": 2.4179683560883123, "gamma": 0.2660882156405842, "lamda": 0.8109701841226629}, "datetime": {"datetime": "2021-09-19 10:51:06", "elapsed": 351.74571, "delta": 12.11302}}
{"target": 0.845382971089402, "params": {"C": 31.27385191551742, "epsilon": 6.270491390443813, "gamma": 0.3, "lamda": 0.4760153010253978}, "datetime": {"datetime": "2021-09-19 10:51:07", "elapsed": 352.459072, "delta": 0.713362}}
{"target": 0.840983078547842, "params": {"C": 115.33512444161659, "epsilon": 11.194223281932583, "gamma": 0.2999409320890307, "lamda": 0.505220335426757}, "datetime": {"datetime": "2021-09-19 10:51:08", "elapsed": 352.943445, "delta": 0.484373}}
{"target": 0.8854970802638369, "params": {"C": 28.957191390735428, "epsilon": 7.119180063413478, "gamma": 0.09, "lamda": 0.001}, "datetime": {"datetime": "2021-09-19 10:51:08", "elapsed": 353.734865, "delta": 0.79142}}
{"target": 0.864827936293058, "params": {"C": 33.84622817954322, "epsilon": 4.620303043842023, "gamma": 0.22010927324248497, "lamda": 0.9259943442553016}, "datetime": {"datetime": "2021-09-19 10:51:09", "elapsed": 354.426124, "delta": 0.691259}}
{"target": -3.0939260879494714, "params": {"C": 72.72996363250581, "epsilon": 11.696855640587058, "gamma": 0.25589992251770977, "lamda": 0.9651863384010557}, "datetime": {"datetime": "2021-09-19 10:51:23", "elapsed": 368.116306, "delta": 13.690182}}
{"target": 0.8467916778369442, "params": {"C": 29.658543342651647, "epsilon": 6.884537531746103, "gamma": 0.2884123018964817, "lamda": 0.12501647749826705}, "datetime": {"datetime": "2021-09-19 10:51:23", "elapsed": 368.631935, "delta": 0.515629}}
