{"target": -2.6682476766445196, "params": {"C": 75.20229500738597, "epsilon": 11.490842919831037, "gamma": 0.16823556140363072, "lamda": 0.03347495492328704}, "datetime": {"datetime": "2021-09-19 14:37:36", "elapsed": 149.775258, "delta": 13.531674}}
{"target": -1.4053132534522264, "params": {"C": 74.76712876914772, "epsilon": 5.134751746208681, "gamma": 0.2, "lamda": 1.5}, "datetime": {"datetime": "2021-09-19 14:37:45", "elapsed": 158.490634, "delta": 8.715376}}
{"target": 0.8752269539386553, "params": {"C": 75.8603463313154, "epsilon": 1.0, "gamma": 0.2, "lamda": 0.0001}, "datetime": {"datetime": "2021-09-19 14:37:46", "elapsed": 159.013636, "delta": 0.523002}}
{"target": 0.8703585382466099, "params": {"C": 55.60700522192791, "epsilon": 14.0, "gamma": 0.2, "lamda": 0.0001}, "datetime": {"datetime": "2021-09-19 14:37:46", "elapsed": 159.615674, "delta": 0.602038}}
{"target": -8.675291276144721, "params": {"C": 58.153796738625196, "epsilon": 14.0, "gamma": 0.05, "lamda": 1.5}, "datetime": {"datetime": "2021-09-19 14:37:56", "elapsed": 169.752541, "delta": 10.136867}}
{"target": 0.8739114902415348, "params": {"C": 53.617673941788055, "epsilon": 13.607560273611812, "gamma": 0.1554419245806667, "lamda": 0.03489160978401441}, "datetime": {"datetime": "2021-09-19 14:37:57", "elapsed": 170.401533, "delta": 0.648992}}
{"target": 0.8701798045360281, "params": {"C": 54.61131860921463, "epsilon": 11.377037747587975, "gamma": 0.2, "lamda": 0.0001}, "datetime": {"datetime": "2021-09-19 14:37:58", "elapsed": 171.051577, "delta": 0.650044}}
{"target": -3.6298654298199517, "params": {"C": 52.120659754197256, "epsilon": 10.941477978862778, "gamma": 0.2, "lamda": 1.5}, "datetime": {"datetime": "2021-09-19 14:38:12", "elapsed": 185.6895, "delta": 14.637923}}
{"target": 0.8732703887143513, "params": {"C": 40.26505164566956, "epsilon": 1.0129648220574694, "gamma": 0.19503234443463674, "lamda": 0.06397775456265914}, "datetime": {"datetime": "2021-09-19 14:38:13", "elapsed": 186.382071, "delta": 0.692571}}
{"target": -5.765145794942277, "params": {"C": 42.57296802560842, "epsilon": 1.0, "gamma": 0.05, "lamda": 1.5}, "datetime": {"datetime": "2021-09-19 14:38:23", "elapsed": 196.522518, "delta": 10.140447}}
{"target": -5.7338783105103985, "params": {"C": 40.09456437523517, "epsilon": 3.8502956269960453, "gamma": 0.05107525127601148, "lamda": 0.07844665115295167}, "datetime": {"datetime": "2021-09-19 14:38:39", "elapsed": 212.22827, "delta": 15.705752}}
{"target": -4.308734378683687, "params": {"C": 54.39307486868119, "epsilon": 13.068716098013908, "gamma": 0.19453630639666103, "lamda": 1.2707253556550389}, "datetime": {"datetime": "2021-09-19 14:38:53", "elapsed": 226.310137, "delta": 14.081867}}
{"target": 0.8824727083655999, "params": {"C": 76.53541788066273, "epsilon": 2.8803572540834073, "gamma": 0.05, "lamda": 0.0001}, "datetime": {"datetime": "2021-09-19 14:38:54", "elapsed": 226.989868, "delta": 0.679731}}
{"target": 0.8720210112593775, "params": {"C": 55.612882878833425, "epsilon": 9.80501533182761, "gamma": 0.2, "lamda": 0.0001}, "datetime": {"datetime": "2021-09-19 14:38:54", "elapsed": 227.741065, "delta": 0.751197}}
{"target": -6.722442925943198, "params": {"C": 54.14639369759927, "epsilon": 8.514683577351605, "gamma": 0.05153488905922385, "lamda": 0.025193293732433925}, "datetime": {"datetime": "2021-09-19 14:39:08", "elapsed": 241.081697, "delta": 13.340632}}
{"target": 0.870447353442678, "params": {"C": 56.27097043849227, "epsilon": 11.139687858340787, "gamma": 0.2, "lamda": 0.0001}, "datetime": {"datetime": "2021-09-19 14:39:08", "elapsed": 241.783542, "delta": 0.701845}}
{"target": 0.8781462326935362, "params": {"C": 57.53407641009259, "epsilon": 9.61227305267385, "gamma": 0.14591357719477055, "lamda": 0.07565195414765674}, "datetime": {"datetime": "2021-09-19 14:39:09", "elapsed": 242.632076, "delta": 0.848534}}
{"target": 0.8764195603826366, "params": {"C": 51.64436761399492, "epsilon": 14.0, "gamma": 0.05, "lamda": 0.0001}, "datetime": {"datetime": "2021-09-19 14:39:10", "elapsed": 243.46958, "delta": 0.837504}}
{"target": 0.8679119770229196, "params": {"C": 49.30306577766684, "epsilon": 14.0, "gamma": 0.2, "lamda": 0.0001}, "datetime": {"datetime": "2021-09-19 14:39:11", "elapsed": 244.105669, "delta": 0.636089}}
{"target": -8.891420898003817, "params": {"C": 47.61244409160722, "epsilon": 14.0, "gamma": 0.05, "lamda": 1.5}, "datetime": {"datetime": "2021-09-19 14:39:20", "elapsed": 253.739569, "delta": 9.6339}}
{"target": 0.8701369733298192, "params": {"C": 50.34650242816751, "epsilon": 12.711028851014998, "gamma": 0.2, "lamda": 0.0001}, "datetime": {"datetime": "2021-09-19 14:39:21", "elapsed": 254.487061, "delta": 0.747492}}
{"target": -6.037998047081206, "params": {"C": 56.33813189355568, "epsilon": 10.031984790496239, "gamma": 0.09692026368951731, "lamda": 1.4525592997024677}, "datetime": {"datetime": "2021-09-19 14:39:36", "elapsed": 269.062945, "delta": 14.575884}}
{"target": -6.480612089565455, "params": {"C": 50.74188881313901, "epsilon": 13.695268606723431, "gamma": 0.11185323102998332, "lamda": 1.1983356073467055}, "datetime": {"datetime": "2021-09-19 14:39:50", "elapsed": 283.832611, "delta": 14.769666}}
{"target": 0.8795009807058854, "params": {"C": 75.21819993601179, "epsilon": 4.390113140634094, "gamma": 0.16831046640729624, "lamda": 0.057615476027201025}, "datetime": {"datetime": "2021-09-19 14:39:51", "elapsed": 284.714606, "delta": 0.881995}}
{"target": 0.8715820503604886, "params": {"C": 52.7097161191521, "epsilon": 12.856946203300923, "gamma": 0.19335875116630857, "lamda": 0.02457403247993021}, "datetime": {"datetime": "2021-09-19 14:39:52", "elapsed": 285.577712, "delta": 0.863106}}
{"target": 0.8687768443707448, "params": {"C": 59.16233356799354, "epsilon": 9.243563958778395, "gamma": 0.2, "lamda": 0.0001}, "datetime": {"datetime": "2021-09-19 14:39:53", "elapsed": 286.32771, "delta": 0.749998}}
{"target": 0.8706544119037928, "params": {"C": 58.171793485724166, "epsilon": 7.9807345688311, "gamma": 0.2, "lamda": 0.0001}, "datetime": {"datetime": "2021-09-19 14:39:54", "elapsed": 287.221195, "delta": 0.893485}}
{"target": 0.8704460987406976, "params": {"C": 60.12333808399826, "epsilon": 7.49443873194144, "gamma": 0.2, "lamda": 0.0001}, "datetime": {"datetime": "2021-09-19 14:39:54", "elapsed": 287.872787, "delta": 0.651592}}
{"target": -4.440469595981236, "params": {"C": 60.52297356176395, "epsilon": 8.535694363542504, "gamma": 0.13066003695119088, "lamda": 1.3839975429821145}, "datetime": {"datetime": "2021-09-19 14:40:09", "elapsed": 302.170266, "delta": 14.297479}}
{"target": 0.8714992496888871, "params": {"C": 59.37308940136589, "epsilon": 6.126504702947699, "gamma": 0.2, "lamda": 0.0001}, "datetime": {"datetime": "2021-09-19 14:40:09", "elapsed": 302.891515, "delta": 0.721249}}
{"target": 0.8788816802150368, "params": {"C": 61.178691162572505, "epsilon": 5.570334354382436, "gamma": 0.17458752240527878, "lamda": 0.012553021100191523}, "datetime": {"datetime": "2021-09-19 14:40:10", "elapsed": 303.671345, "delta": 0.77983}}
{"target": -1.5223575205241704, "params": {"C": 60.123269564782035, "epsilon": 4.775861493363343, "gamma": 0.1728142995130958, "lamda": 1.2425570857206027}, "datetime": {"datetime": "2021-09-19 14:40:19", "elapsed": 312.875227, "delta": 9.203882}}
{"target": 0.869436342226209, "params": {"C": 49.24339189753196, "epsilon": 11.145220680210013, "gamma": 0.2, "lamda": 0.0001}, "datetime": {"datetime": "2021-09-19 14:40:20", "elapsed": 313.591726, "delta": 0.716499}}
{"target": 0.8720829637665961, "params": {"C": 63.03668741520615, "epsilon": 4.291318827094631, "gamma": 0.2, "lamda": 0.0001}, "datetime": {"datetime": "2021-09-19 14:40:21", "elapsed": 314.354184, "delta": 0.762458}}
{"target": 0.8739719619391589, "params": {"C": 64.49960995652792, "epsilon": 2.612108549636445, "gamma": 0.2, "lamda": 0.0001}, "datetime": {"datetime": "2021-09-19 14:40:22", "elapsed": 315.082273, "delta": 0.728089}}
{"target": -5.47340068380065, "params": {"C": 63.439490732413695, "epsilon": 2.9811334272397256, "gamma": 0.05, "lamda": 1.5}, "datetime": {"datetime": "2021-09-19 14:40:32", "elapsed": 325.739387, "delta": 10.657114}}
{"target": 0.8701121010483531, "params": {"C": 62.81619801221817, "epsilon": 5.963696630216449, "gamma": 0.2, "lamda": 0.0001}, "datetime": {"datetime": "2021-09-19 14:40:33", "elapsed": 326.606027, "delta": 0.86664}}
{"target": -2.395636425530168, "params": {"C": 66.24191413538188, "epsilon": 2.301157137346307, "gamma": 0.14281769278917322, "lamda": 0.15751498272492084}, "datetime": {"datetime": "2021-09-19 14:40:49", "elapsed": 342.046097, "delta": 15.44007}}
{"target": 0.8930114026159157, "params": {"C": 64.44752666395276, "epsilon": 4.293695477991758, "gamma": 0.07339122944857202, "lamda": 0.0029020977844805445}, "datetime": {"datetime": "2021-09-19 14:40:49", "elapsed": 342.767067, "delta": 0.72097}}
{"target": 0.8764293092117035, "params": {"C": 49.51512577263928, "epsilon": 9.23539866001951, "gamma": 0.05, "lamda": 0.0001}, "datetime": {"datetime": "2021-09-19 14:40:50", "elapsed": 343.532694, "delta": 0.765627}}
{"target": -6.765306718590711, "params": {"C": 48.869885810207805, "epsilon": 9.731188380996095, "gamma": 0.05, "lamda": 1.5}, "datetime": {"datetime": "2021-09-19 14:40:59", "elapsed": 352.856734, "delta": 9.32404}}
{"target": -4.1239218328259435, "params": {"C": 50.60534278433122, "epsilon": 10.353983332696677, "gamma": 0.09985731003830353, "lamda": 0.08245513834592783}, "datetime": {"datetime": "2021-09-19 14:41:08", "elapsed": 361.100334, "delta": 8.2436}}
{"target": 0.8747397162370695, "params": {"C": 61.87820950707797, "epsilon": 6.839708660780076, "gamma": 0.1851989527275848, "lamda": 0.03147381854503435}, "datetime": {"datetime": "2021-09-19 14:41:08", "elapsed": 361.844877, "delta": 0.744543}}
{"target": -2.5302847123405114, "params": {"C": 62.11486268827207, "epsilon": 5.870747270206875, "gamma": 0.2, "lamda": 1.3167745226403051}, "datetime": {"datetime": "2021-09-19 14:41:22", "elapsed": 375.897521, "delta": 14.052644}}
{"target": 0.8747547781728728, "params": {"C": 49.124710670593004, "epsilon": 12.26842920472693, "gamma": 0.15047179135757724, "lamda": 0.05611708460590774}, "datetime": {"datetime": "2021-09-19 14:41:23", "elapsed": 376.648867, "delta": 0.751346}}
{"target": 0.8762385896424641, "params": {"C": 49.840665480289836, "epsilon": 7.804731746639512, "gamma": 0.05, "lamda": 0.0001}, "datetime": {"datetime": "2021-09-19 14:41:24", "elapsed": 377.431022, "delta": 0.782155}}
{"target": 0.8671823059114847, "params": {"C": 58.643928157558705, "epsilon": 10.850270272772736, "gamma": 0.2, "lamda": 0.0001}, "datetime": {"datetime": "2021-09-19 14:41:25", "elapsed": 378.292289, "delta": 0.861267}}
{"target": 0.8725055545522875, "params": {"C": 78.12121842058487, "epsilon": 4.035218739517519, "gamma": 0.2, "lamda": 0.0001}, "datetime": {"datetime": "2021-09-19 14:41:25", "elapsed": 378.949228, "delta": 0.656939}}
{"target": 0.8830756276623587, "params": {"C": 79.48159873950047, "epsilon": 5.488452864246114, "gamma": 0.05, "lamda": 0.0001}, "datetime": {"datetime": "2021-09-19 14:41:26", "elapsed": 379.652383, "delta": 0.703155}}
{"target": -1.8439466577927206, "params": {"C": 78.51037501921667, "epsilon": 5.271641090986096, "gamma": 0.1646857138586833, "lamda": 1.405325653890961}, "datetime": {"datetime": "2021-09-19 14:41:35", "elapsed": 388.538745, "delta": 8.886362}}
{"target": 0.8632661075084695, "params": {"C": 40.0, "epsilon": 14.0, "gamma": 0.2, "lamda": 0.0001}, "datetime": {"datetime": "2021-09-19 14:41:36", "elapsed": 389.19641, "delta": 0.657665}}
{"target": -7.998095646390917, "params": {"C": 40.0, "epsilon": 12.894118899930048, "gamma": 0.05, "lamda": 1.5}, "datetime": {"datetime": "2021-09-19 14:41:45", "elapsed": 398.840885, "delta": 9.644475}}
{"target": -2.124493752271232, "params": {"C": 79.93601196851313, "epsilon": 6.89709807230266, "gamma": 0.1717917858979669, "lamda": 0.06049664344694949}, "datetime": {"datetime": "2021-09-19 14:41:57", "elapsed": 410.393245, "delta": 11.55236}}
{"target": 0.8730183229784185, "params": {"C": 79.97938970154492, "epsilon": 4.107378503581443, "gamma": 0.1976868711065103, "lamda": 0.015748447230435423}, "datetime": {"datetime": "2021-09-19 14:41:58", "elapsed": 411.205743, "delta": 0.812498}}
{"target": 0.8671218922775914, "params": {"C": 60.45081160244096, "epsilon": 11.104014829208031, "gamma": 0.2, "lamda": 0.0001}, "datetime": {"datetime": "2021-09-19 14:41:58", "elapsed": 411.941668, "delta": 0.735925}}
{"target": 0.8613932627251926, "params": {"C": 62.148802379341824, "epsilon": 11.944714580788505, "gamma": 0.2, "lamda": 0.0001}, "datetime": {"datetime": "2021-09-19 14:41:59", "elapsed": 412.680751, "delta": 0.739083}}
{"target": -6.476298692069427, "params": {"C": 61.867938786766686, "epsilon": 11.751944920352823, "gamma": 0.0731196682067076, "lamda": 1.469762560351845}, "datetime": {"datetime": "2021-09-19 14:42:13", "elapsed": 426.856361, "delta": 14.17561}}
{"target": -5.826803706345586, "params": {"C": 74.76195130412282, "epsilon": 8.126882371718214, "gamma": 0.05, "lamda": 1.2480979732964539}, "datetime": {"datetime": "2021-09-19 14:42:22", "elapsed": 435.870916, "delta": 9.014555}}
{"target": -4.0081202633052495, "params": {"C": 73.47688313176263, "epsilon": 6.396133857869896, "gamma": 0.11381764957744166, "lamda": 0.11316689419398983}, "datetime": {"datetime": "2021-09-19 14:42:31", "elapsed": 444.224456, "delta": 8.35354}}
{"target": 0.8713454975127278, "params": {"C": 60.55620226102638, "epsilon": 6.483570637354793, "gamma": 0.2, "lamda": 0.0001}, "datetime": {"datetime": "2021-09-19 14:42:32", "elapsed": 445.02618, "delta": 0.801724}}
{"target": 0.8703912433715806, "params": {"C": 75.31124252136043, "epsilon": 5.6446025551827175, "gamma": 0.2, "lamda": 0.0001}, "datetime": {"datetime": "2021-09-19 14:42:32", "elapsed": 445.776137, "delta": 0.749957}}
{"target": 0.8717997133854103, "params": {"C": 73.9472178445316, "epsilon": 4.112704956139466, "gamma": 0.2, "lamda": 0.0001}, "datetime": {"datetime": "2021-09-19 14:42:33", "elapsed": 446.640264, "delta": 0.864127}}
{"target": -4.6984638431187875, "params": {"C": 58.90903273311764, "epsilon": 6.942644382289901, "gamma": 0.12077252058551785, "lamda": 0.9688434991482576}, "datetime": {"datetime": "2021-09-19 14:42:47", "elapsed": 460.75428, "delta": 14.114016}}
{"target": -3.721170346711017, "params": {"C": 77.82659144992485, "epsilon": 2.831869359432573, "gamma": 0.10226902298328974, "lamda": 0.6211524270011416}, "datetime": {"datetime": "2021-09-19 14:42:56", "elapsed": 469.356068, "delta": 8.601788}}
{"target": 0.8822508931235505, "params": {"C": 75.79395771207949, "epsilon": 2.073878573765738, "gamma": 0.05, "lamda": 0.0001}, "datetime": {"datetime": "2021-09-19 14:42:57", "elapsed": 470.246658, "delta": 0.89059}}
{"target": 0.8710332678670796, "params": {"C": 55.71960675244721, "epsilon": 12.372717797367175, "gamma": 0.2, "lamda": 0.0001}, "datetime": {"datetime": "2021-09-19 14:42:58", "elapsed": 471.157652, "delta": 0.910994}}
{"target": -4.966611836685906, "params": {"C": 77.30901482756545, "epsilon": 5.373308589042628, "gamma": 0.08093763153081512, "lamda": 0.009089165485220641}, "datetime": {"datetime": "2021-09-19 14:43:09", "elapsed": 482.66126, "delta": 11.503608}}
{"target": -6.575913337730756, "params": {"C": 58.723662470248236, "epsilon": 10.098369547478487, "gamma": 0.07427844590542762, "lamda": 0.7355925295700801}, "datetime": {"datetime": "2021-09-19 14:43:24", "elapsed": 497.468453, "delta": 14.807193}}
{"target": -6.260642146760411, "params": {"C": 52.64407605405332, "epsilon": 13.91205245416616, "gamma": 0.07154882103520026, "lamda": 0.07131031932792162}, "datetime": {"datetime": "2021-09-19 14:43:33", "elapsed": 506.789092, "delta": 9.320639}}
{"target": 0.8784854201184988, "params": {"C": 42.52699247160872, "epsilon": 1.8024117295632676, "gamma": 0.16458470127263097, "lamda": 0.03634009716771999}, "datetime": {"datetime": "2021-09-19 14:43:34", "elapsed": 507.398462, "delta": 0.60937}}
{"target": 0.8776025862218134, "params": {"C": 55.50720383133596, "epsilon": 9.8256806979755, "gamma": 0.16165527494747475, "lamda": 0.052204515634552896}, "datetime": {"datetime": "2021-09-19 14:43:35", "elapsed": 508.050998, "delta": 0.652536}}
{"target": 0.8735565878708581, "params": {"C": 74.42847123140152, "epsilon": 4.830489593433304, "gamma": 0.19017551696445306, "lamda": 0.060068523031667515}, "datetime": {"datetime": "2021-09-19 14:43:35", "elapsed": 508.822812, "delta": 0.771814}}
{"target": -5.773529453319562, "params": {"C": 54.532147248885416, "epsilon": 6.630939921607763, "gamma": 0.06486580366320086, "lamda": 0.04767255254872571}, "datetime": {"datetime": "2021-09-19 14:43:50", "elapsed": 523.478184, "delta": 14.655372}}
{"target": -2.9786995361423267, "params": {"C": 78.7129787061422, "epsilon": 3.826452756113145, "gamma": 0.13339291738452602, "lamda": 0.2636265018117239}, "datetime": {"datetime": "2021-09-19 14:44:04", "elapsed": 537.70124, "delta": 14.223056}}
{"target": 0.8819853617171407, "params": {"C": 76.57641838857971, "epsilon": 1.7790336854075879, "gamma": 0.16954481554946613, "lamda": 0.0001}, "datetime": {"datetime": "2021-09-19 14:44:05", "elapsed": 538.659046, "delta": 0.957806}}
{"target": 0.8890176067606302, "params": {"C": 75.79120186995087, "epsilon": 3.676023078119474, "gamma": 0.1258476517623407, "lamda": 0.0026106197865634144}, "datetime": {"datetime": "2021-09-19 14:44:06", "elapsed": 539.374974, "delta": 0.715928}}
{"target": -5.989244750080424, "params": {"C": 41.524861119662255, "epsilon": 2.6583944030017332, "gamma": 0.05888638555158436, "lamda": 0.34864797547948084}, "datetime": {"datetime": "2021-09-19 14:44:14", "elapsed": 547.90344, "delta": 8.528466}}
{"target": -3.8414022020535947, "params": {"C": 72.41706079969381, "epsilon": 11.40141426723467, "gamma": 0.19158942801564033, "lamda": 1.3260228177115898}, "datetime": {"datetime": "2021-09-19 14:44:28", "elapsed": 561.716834, "delta": 13.813394}}
{"target": -6.5305019218664375, "params": {"C": 55.425553205909225, "epsilon": 11.322264267765544, "gamma": 0.051046232592892524, "lamda": 0.051738922748351436}, "datetime": {"datetime": "2021-09-19 14:44:43", "elapsed": 576.622804, "delta": 14.90597}}
{"target": 0.8748725902379888, "params": {"C": 61.31025841922375, "epsilon": 6.3095438707847356, "gamma": 0.18610148419269626, "lamda": 0.0001}, "datetime": {"datetime": "2021-09-19 14:44:44", "elapsed": 577.596547, "delta": 0.973743}}
{"target": 0.8900114239312451, "params": {"C": 75.69990662589402, "epsilon": 2.8825142618624184, "gamma": 0.12154079517999286, "lamda": 0.020563517126226092}, "datetime": {"datetime": "2021-09-19 14:44:45", "elapsed": 578.665139, "delta": 1.068592}}
{"target": 0.876488795151995, "params": {"C": 62.03131014771493, "epsilon": 6.011094079559815, "gamma": 0.17958876320825157, "lamda": 0.0001}, "datetime": {"datetime": "2021-09-19 14:44:46", "elapsed": 579.620458, "delta": 0.955319}}
{"target": -4.065264307784353, "params": {"C": 78.15264159193987, "epsilon": 4.624888626895795, "gamma": 0.093262050586132, "lamda": 0.09975663586750001}, "datetime": {"datetime": "2021-09-19 14:44:55", "elapsed": 588.256664, "delta": 8.636206}}
{"target": 0.883919689131833, "params": {"C": 63.21943678854823, "epsilon": 5.7527216291902565, "gamma": 0.13654934490975967, "lamda": 0.06744243981892266}, "datetime": {"datetime": "2021-09-19 14:44:55", "elapsed": 588.89981, "delta": 0.643146}}
{"target": 0.882852191082138, "params": {"C": 64.50078701329599, "epsilon": 2.627225167664506, "gamma": 0.1618930991448309, "lamda": 0.06373583292677583}, "datetime": {"datetime": "2021-09-19 14:44:56", "elapsed": 589.618564, "delta": 0.718754}}
{"target": 0.868463988817722, "params": {"C": 49.532172060612154, "epsilon": 13.077864129165958, "gamma": 0.2, "lamda": 0.0001}, "datetime": {"datetime": "2021-09-19 14:44:57", "elapsed": 590.66544, "delta": 1.046876}}
{"target": -5.221096521065711, "params": {"C": 63.790519164481424, "epsilon": 4.768371332452182, "gamma": 0.060095683873541354, "lamda": 0.24517580979196177}, "datetime": {"datetime": "2021-09-19 14:45:07", "elapsed": 600.02604, "delta": 9.3606}}
{"target": -1.904997643852341, "params": {"C": 74.71320205458716, "epsilon": 3.91555633202791, "gamma": 0.18312064504393216, "lamda": 0.3294217144219864}, "datetime": {"datetime": "2021-09-19 14:45:21", "elapsed": 614.189038, "delta": 14.162998}}
{"target": 0.8886133529044137, "params": {"C": 75.72783436669177, "epsilon": 4.963366556065923, "gamma": 0.11991225466197686, "lamda": 0.0056601343865967674}, "datetime": {"datetime": "2021-09-19 14:45:22", "elapsed": 615.068349, "delta": 0.879311}}
{"target": 0.8691582048886028, "params": {"C": 58.470636968099925, "epsilon": 8.743195078892505, "gamma": 0.2, "lamda": 0.0001}, "datetime": {"datetime": "2021-09-19 14:45:23", "elapsed": 616.084022, "delta": 1.015673}}
{"target": -5.2224398977209505, "params": {"C": 55.22347348134424, "epsilon": 3.572289198087138, "gamma": 0.07215767172606682, "lamda": 1.4979484301359223}, "datetime": {"datetime": "2021-09-19 14:45:31", "elapsed": 624.848992, "delta": 8.76497}}
{"target": -5.939063235943019, "params": {"C": 49.86909014450387, "epsilon": 12.067987198354423, "gamma": 0.07290971797327053, "lamda": 0.013042841613420984}, "datetime": {"datetime": "2021-09-19 14:45:44", "elapsed": 637.04966, "delta": 12.200668}}
{"target": 0.8710495050788006, "params": {"C": 59.87153530459278, "epsilon": 6.745809747187984, "gamma": 0.2, "lamda": 0.0001}, "datetime": {"datetime": "2021-09-19 14:45:44", "elapsed": 637.965195, "delta": 0.915535}}
{"target": -2.929108106338828, "params": {"C": 74.96614624052228, "epsilon": 5.146384638300053, "gamma": 0.13840040171876222, "lamda": 0.4508385865643585}, "datetime": {"datetime": "2021-09-19 14:45:56", "elapsed": 649.948753, "delta": 11.983558}}
