{"target": -6.05045102495721, "params": {"C": 126.95262705502019, "epsilon": 3.5691837356936524, "gamma": 0.06033443634025594, "lamda": 0.0779798123567252}, "datetime": {"datetime": "2021-09-19 19:20:15", "elapsed": 1677.090076, "delta": 9.574}}
{"target": -5.935975380095992, "params": {"C": 132.86926224213275, "epsilon": 8.193060069594143, "gamma": 0.03581287935248279, "lamda": 0.14934969289507688}, "datetime": {"datetime": "2021-09-19 19:20:27", "elapsed": 1689.738078, "delta": 12.648002}}
{"target": -6.966045081698078, "params": {"C": 136.36451010895453, "epsilon": 9.961888899249933, "gamma": 0.04092431357605682, "lamda": 0.05656149233376049}, "datetime": {"datetime": "2021-09-19 19:20:43", "elapsed": 1705.120076, "delta": 15.381998}}
{"target": -5.365219079185931, "params": {"C": 134.6716730475525, "epsilon": 2.8251364281973714, "gamma": 0.04391689409527211, "lamda": 0.04679575117129631}, "datetime": {"datetime": "2021-09-19 19:20:59", "elapsed": 1720.970082, "delta": 15.850006}}
{"target": -5.739876385144681, "params": {"C": 139.1294385396828, "epsilon": 6.23300355311488, "gamma": 0.029250621555320225, "lamda": 0.07219647444703572}, "datetime": {"datetime": "2021-09-19 19:21:12", "elapsed": 1734.576076, "delta": 13.605994}}
{"target": -5.373282560896405, "params": {"C": 136.3755813288181, "epsilon": 7.025231969634321, "gamma": 0.022980452898970587, "lamda": 0.10881183577775315}, "datetime": {"datetime": "2021-09-19 19:21:26", "elapsed": 1748.57308, "delta": 13.997004}}
{"target": -6.446804782117549, "params": {"C": 130.2582464327093, "epsilon": 6.640013499568782, "gamma": 0.05065364462839112, "lamda": 0.07402979071217433}, "datetime": {"datetime": "2021-09-19 19:21:39", "elapsed": 1761.798289, "delta": 13.225209}}
{"target": -6.0581277064056245, "params": {"C": 139.15988968250497, "epsilon": 4.538716654551672, "gamma": 0.0310122421784502, "lamda": 0.19939211967248616}, "datetime": {"datetime": "2021-09-19 19:21:54", "elapsed": 1776.277195, "delta": 14.478906}}
{"target": -5.371457654846185, "params": {"C": 131.19993760366654, "epsilon": 4.770234124497206, "gamma": 0.07623382888876996, "lamda": 0.07399885647399622}, "datetime": {"datetime": "2021-09-19 19:22:06", "elapsed": 1788.569475, "delta": 12.29228}}
{"target": -6.227830696600082, "params": {"C": 137.33013691069664, "epsilon": 5.7643093335889475, "gamma": 0.053869829535634135, "lamda": 0.005411370363416621}, "datetime": {"datetime": "2021-09-19 19:22:22", "elapsed": 1804.009474, "delta": 15.439999}}
{"target": -6.14232741551772, "params": {"C": 132.22669776487953, "epsilon": 6.466115193517912, "gamma": 0.047753210180303964, "lamda": 0.023401664137031413}, "datetime": {"datetime": "2021-09-19 19:22:36", "elapsed": 1818.285476, "delta": 14.276002}}
{"target": -6.458868529263099, "params": {"C": 132.17664985490825, "epsilon": 6.108555567352056, "gamma": 0.0630728314893468, "lamda": 0.033738948906794165}, "datetime": {"datetime": "2021-09-19 19:22:45", "elapsed": 1827.038479, "delta": 8.753003}}
{"target": 0.8424775237677411, "params": {"C": 132.89801947216017, "epsilon": 3.0163007399331914, "gamma": 0.00679189191081158, "lamda": 0.015617568841512549}, "datetime": {"datetime": "2021-09-19 19:22:46", "elapsed": 1828.021474, "delta": 0.982995}}
{"target": -4.499639939913467, "params": {"C": 124.82547649095513, "epsilon": 3.0227414786070494, "gamma": 0.08022271219479653, "lamda": 0.023021866282022737}, "datetime": {"datetime": "2021-09-19 19:22:54", "elapsed": 1836.716476, "delta": 8.695002}}
{"target": -4.170335188815226, "params": {"C": 135.85117336852102, "epsilon": 9.176575386792065, "gamma": 0.09396617874744728, "lamda": 0.06854378723877337}, "datetime": {"datetime": "2021-09-19 19:23:08", "elapsed": 1850.666475, "delta": 13.949999}}
{"target": -5.792663275525312, "params": {"C": 123.54948593810924, "epsilon": 6.432337269102224, "gamma": 0.029202759718647286, "lamda": 0.08846310767622967}, "datetime": {"datetime": "2021-09-19 19:23:21", "elapsed": 1863.748477, "delta": 13.082002}}
{"target": -3.6215270825946178, "params": {"C": 123.66960122542304, "epsilon": 8.28033697007241, "gamma": 0.012822754249357308, "lamda": 0.08524213157901207}, "datetime": {"datetime": "2021-09-19 19:23:30", "elapsed": 1872.748574, "delta": 9.000097}}
{"target": -5.605348429616598, "params": {"C": 137.56334154538203, "epsilon": 9.553437716000554, "gamma": 0.03902371527735407, "lamda": 0.1371132597715597}, "datetime": {"datetime": "2021-09-19 19:23:40", "elapsed": 1882.594475, "delta": 9.845901}}
{"target": -5.077770575837662, "params": {"C": 134.61050901612708, "epsilon": 5.473698597983241, "gamma": 0.06570104515816771, "lamda": 0.062066921222753854}, "datetime": {"datetime": "2021-09-19 19:23:53", "elapsed": 1895.677474, "delta": 13.082999}}
{"target": -4.712089466951939, "params": {"C": 127.08393888273851, "epsilon": 5.967100596784994, "gamma": 0.02103400585035739, "lamda": 0.10172380406039645}, "datetime": {"datetime": "2021-09-19 19:24:08", "elapsed": 1910.079753, "delta": 14.402279}}
{"target": -5.124042597296419, "params": {"C": 120.13659089954507, "epsilon": 7.3077014516251255, "gamma": 0.0746081742718523, "lamda": 0.002825546076563658}, "datetime": {"datetime": "2021-09-19 19:24:23", "elapsed": 1925.219754, "delta": 15.140001}}
{"target": -5.595725509666394, "params": {"C": 135.25622320490353, "epsilon": 1.0811201549100078, "gamma": 0.04876449191403745, "lamda": 0.15211097548558844}, "datetime": {"datetime": "2021-09-19 19:24:33", "elapsed": 1934.915756, "delta": 9.696002}}
{"target": -5.046593752216738, "params": {"C": 131.44823836617005, "epsilon": 3.292147121532993, "gamma": 0.07730299749446605, "lamda": 0.10153122651377201}, "datetime": {"datetime": "2021-09-19 19:24:45", "elapsed": 1947.582755, "delta": 12.666999}}
{"target": -5.516934954334969, "params": {"C": 130.0078932497591, "epsilon": 9.656484939573847, "gamma": 0.061954192338165875, "lamda": 0.10321458917286147}, "datetime": {"datetime": "2021-09-19 19:24:55", "elapsed": 1957.417751, "delta": 9.834996}}
{"target": -5.910196996523236, "params": {"C": 123.40397951810667, "epsilon": 9.766417768228337, "gamma": 0.08121014170962562, "lamda": 0.04896353011622786}, "datetime": {"datetime": "2021-09-19 19:25:05", "elapsed": 1967.429673, "delta": 10.011922}}
{"target": -6.241539737202699, "params": {"C": 128.50879343567019, "epsilon": 9.877645038446545, "gamma": 0.08654206531829516, "lamda": 0.1280474032546721}, "datetime": {"datetime": "2021-09-19 19:25:20", "elapsed": 1982.413205, "delta": 14.983532}}
{"target": -5.201454226669036, "params": {"C": 138.255249425775, "epsilon": 1.433668805761185, "gamma": 0.046592451785872485, "lamda": 0.05237218005565485}, "datetime": {"datetime": "2021-09-19 19:25:36", "elapsed": 1998.46933, "delta": 16.056125}}
{"target": -5.614214845427885, "params": {"C": 138.15775830008684, "epsilon": 5.227202914282947, "gamma": 0.025189964565538337, "lamda": 0.06458282933078695}, "datetime": {"datetime": "2021-09-19 19:25:51", "elapsed": 2013.179419, "delta": 14.710089}}
{"target": -3.336747566118917, "params": {"C": 139.56384272129557, "epsilon": 9.323622219526586, "gamma": 0.011767563109257674, "lamda": 0.18119382146949292}, "datetime": {"datetime": "2021-09-19 19:26:05", "elapsed": 2027.005299, "delta": 13.82588}}
{"target": -6.188381754062966, "params": {"C": 120.05142596046365, "epsilon": 9.960178939495119, "gamma": 0.03055458346798719, "lamda": 0.006365700727900699}, "datetime": {"datetime": "2021-09-19 19:26:19", "elapsed": 2041.668865, "delta": 14.663566}}
{"target": -4.674120531328592, "params": {"C": 129.6942884016463, "epsilon": 8.289585164143396, "gamma": 0.01835943711982905, "lamda": 0.1838195400998125}, "datetime": {"datetime": "2021-09-19 19:26:33", "elapsed": 2055.741555, "delta": 14.07269}}
{"target": -2.90377688779693, "params": {"C": 131.03509916256084, "epsilon": 8.88664569611283, "gamma": 0.008491860200310012, "lamda": 0.09622624362135765}, "datetime": {"datetime": "2021-09-19 19:26:46", "elapsed": 2068.690508, "delta": 12.948953}}
{"target": -6.070597072759711, "params": {"C": 134.10914285166095, "epsilon": 3.8551477498833004, "gamma": 0.04080922579956235, "lamda": 0.08275957896633142}, "datetime": {"datetime": "2021-09-19 19:26:56", "elapsed": 2077.911631, "delta": 9.221123}}
{"target": -5.786947622041367, "params": {"C": 124.3208424454222, "epsilon": 5.9300915270385195, "gamma": 0.02883894502171822, "lamda": 0.16457847622575011}, "datetime": {"datetime": "2021-09-19 19:27:08", "elapsed": 2090.874021, "delta": 12.96239}}
{"target": -4.927329211024256, "params": {"C": 133.45932933859578, "epsilon": 4.14788521372107, "gamma": 0.028792218032353857, "lamda": 0.06520694045182565}, "datetime": {"datetime": "2021-09-19 19:27:24", "elapsed": 2105.997946, "delta": 15.123925}}
{"target": -5.436175043415151, "params": {"C": 123.27185614950518, "epsilon": 9.495662513102737, "gamma": 0.01802975399541351, "lamda": 0.040158905667311874}, "datetime": {"datetime": "2021-09-19 19:27:37", "elapsed": 2119.793915, "delta": 13.795969}}
{"target": -4.525112756024292, "params": {"C": 131.955518955071, "epsilon": 2.2583746230500634, "gamma": 0.02573827998679423, "lamda": 0.03883844962509445}, "datetime": {"datetime": "2021-09-19 19:27:51", "elapsed": 2133.651341, "delta": 13.857426}}
{"target": -3.910769395220953, "params": {"C": 130.96322797295673, "epsilon": 4.842499526366151, "gamma": 0.09120688719756935, "lamda": 0.13865853022885444}, "datetime": {"datetime": "2021-09-19 19:28:00", "elapsed": 2142.744236, "delta": 9.092895}}
{"target": -5.518810537494021, "params": {"C": 139.21282082115118, "epsilon": 7.965727782983911, "gamma": 0.0511021129039411, "lamda": 0.09357109185385401}, "datetime": {"datetime": "2021-09-19 19:28:16", "elapsed": 2158.010244, "delta": 15.266008}}
{"target": -4.70056503037741, "params": {"C": 132.96508327531973, "epsilon": 1.9296888073726817, "gamma": 0.09117071751335588, "lamda": 0.039366963105067834}, "datetime": {"datetime": "2021-09-19 19:28:25", "elapsed": 2167.758238, "delta": 9.747994}}
{"target": -5.35859405647281, "params": {"C": 123.40777496244249, "epsilon": 4.051131124967718, "gamma": 0.057330117082368834, "lamda": 0.15149336577789224}, "datetime": {"datetime": "2021-09-19 19:28:35", "elapsed": 2177.453238, "delta": 9.695}}
{"target": -4.729363222179738, "params": {"C": 102.51584196640212, "epsilon": 0.7462992023649677, "gamma": 0.05721793539847737, "lamda": 0.08709271240402447}, "datetime": {"datetime": "2021-09-19 19:46:07", "elapsed": 0.0, "delta": 0.0}}
{"target": -4.441593532833308, "params": {"C": 102.03140186471217, "epsilon": 3.638180799536804, "gamma": 0.02444162023359504, "lamda": 0.1238732297218152}, "datetime": {"datetime": "2021-09-19 19:46:23", "elapsed": 15.735017, "delta": 15.735017}}
{"target": -5.243569128406276, "params": {"C": 98.28929488391022, "epsilon": 3.034859113477233, "gamma": 0.06400771411308302, "lamda": 0.10585196175069396}, "datetime": {"datetime": "2021-09-19 19:46:33", "elapsed": 25.54758, "delta": 9.812563}}
{"target": -5.37447596983954, "params": {"C": 93.17197830569295, "epsilon": 5.378992152024591, "gamma": 0.022521787236456953, "lamda": 0.15707776280594388}, "datetime": {"datetime": "2021-09-19 19:46:51", "elapsed": 44.005138, "delta": 18.457558}}
{"target": -4.921056595251923, "params": {"C": 115.47323407182415, "epsilon": 5.195249955128314, "gamma": 0.08542334110895947, "lamda": 0.015975113127961748}, "datetime": {"datetime": "2021-09-19 19:47:00", "elapsed": 52.781102, "delta": 8.775964}}
{"target": 0.8824945822585846, "params": {"C": 104.66262879377283, "epsilon": 1.120221791675342, "gamma": 0.04567162112175199, "lamda": 0.019351356586339484}, "datetime": {"datetime": "2021-09-19 19:47:01", "elapsed": 53.165154, "delta": 0.384052}}
{"target": -6.401407180029965, "params": {"C": 113.69278281218638, "epsilon": 5.367131461604749, "gamma": 0.04043625707537313, "lamda": 0.15740732604900876}, "datetime": {"datetime": "2021-09-19 19:47:15", "elapsed": 67.3701, "delta": 14.204946}}
{"target": -5.184407921997173, "params": {"C": 105.11094605551348, "epsilon": 1.2771125311075435, "gamma": 0.03915243278531369, "lamda": 0.11257540430743608}, "datetime": {"datetime": "2021-09-19 19:47:32", "elapsed": 84.322104, "delta": 16.952004}}
{"target": -6.093432620395646, "params": {"C": 95.17655271214612, "epsilon": 5.655750187137168, "gamma": 0.04494697513588634, "lamda": 0.040125625179576956}, "datetime": {"datetime": "2021-09-19 19:47:45", "elapsed": 97.796137, "delta": 13.474033}}
{"target": -4.701763988887924, "params": {"C": 103.71407102308387, "epsilon": 3.9183401324398486, "gamma": 0.05981908787908447, "lamda": 0.11939208322766287}, "datetime": {"datetime": "2021-09-19 19:48:01", "elapsed": 113.5601, "delta": 15.763963}}
{"target": -6.195589801093416, "params": {"C": 97.98653432884251, "epsilon": 3.6615046168347027, "gamma": 0.04005205758888696, "lamda": 0.14424274192731998}, "datetime": {"datetime": "2021-09-19 19:48:18", "elapsed": 130.438142, "delta": 16.878042}}
{"target": -5.539325242984932, "params": {"C": 90.77659063122549, "epsilon": 2.9009311136480505, "gamma": 0.07056081995957986, "lamda": 0.12348439749939856}, "datetime": {"datetime": "2021-09-19 19:48:32", "elapsed": 144.872103, "delta": 14.433961}}
{"target": -6.112768496986734, "params": {"C": 108.80393660625532, "epsilon": 4.7973062177617045, "gamma": 0.03382349365002216, "lamda": 0.017043722018141652}, "datetime": {"datetime": "2021-09-19 19:48:46", "elapsed": 158.320104, "delta": 13.448001}}
{"target": -4.280847127245786, "params": {"C": 105.99830246569556, "epsilon": 8.511064404698216, "gamma": 0.015184482777304359, "lamda": 0.1455273119936274}, "datetime": {"datetime": "2021-09-19 19:48:54", "elapsed": 166.507104, "delta": 8.187}}
{"target": -5.087042964699924, "params": {"C": 111.29525914716112, "epsilon": 4.9097791118889935, "gamma": 0.030185408550055377, "lamda": 0.1447689191835205}, "datetime": {"datetime": "2021-09-19 19:49:04", "elapsed": 176.221108, "delta": 9.714004}}
{"target": -5.085065039983415, "params": {"C": 104.76329665914766, "epsilon": 5.334468833807077, "gamma": 0.08843965129596203, "lamda": 0.12703451942440044}, "datetime": {"datetime": "2021-09-19 19:49:17", "elapsed": 190.045143, "delta": 13.824035}}
{"target": 0.8578159463187918, "params": {"C": 113.2894579914658, "epsilon": 0.5847586748126853, "gamma": 0.0204145967231498, "lamda": 0.016557743032657665}, "datetime": {"datetime": "2021-09-19 19:49:18", "elapsed": 190.467923, "delta": 0.42278}}
{"target": -6.789200626089745, "params": {"C": 94.88097243729376, "epsilon": 8.654538818827511, "gamma": 0.04505328898161248, "lamda": 0.07632959726749557}, "datetime": {"datetime": "2021-09-19 19:49:33", "elapsed": 206.025439, "delta": 15.557516}}
{"target": -4.537634135097953, "params": {"C": 112.2761986077644, "epsilon": 2.7860051525823817, "gamma": 0.02851634648504074, "lamda": 0.04084676959122411}, "datetime": {"datetime": "2021-09-19 19:49:42", "elapsed": 214.652349, "delta": 8.62691}}
{"target": -5.6460279583318345, "params": {"C": 113.79818102924713, "epsilon": 3.1246810852782945, "gamma": 0.029136035826275455, "lamda": 0.0737159934523615}, "datetime": {"datetime": "2021-09-19 19:49:51", "elapsed": 224.03251, "delta": 9.380161}}
{"target": -5.798046206162158, "params": {"C": 95.09274304481849, "epsilon": 8.435330576117842, "gamma": 0.09366363835920023, "lamda": 0.17732778326697227}, "datetime": {"datetime": "2021-09-19 19:50:07", "elapsed": 240.073263, "delta": 16.040753}}
{"target": -4.722294851039096, "params": {"C": 106.60557392038649, "epsilon": 2.032593290031186, "gamma": 0.02730184476440993, "lamda": 0.04934616920018582}, "datetime": {"datetime": "2021-09-19 19:50:24", "elapsed": 256.132295, "delta": 16.059032}}
{"target": -2.2163201967383133, "params": {"C": 113.35038192520497, "epsilon": 0.5892972909571382, "gamma": 0.012452528022819907, "lamda": 0.12101937075219547}, "datetime": {"datetime": "2021-09-19 19:50:33", "elapsed": 266.023264, "delta": 9.890969}}
{"target": -6.053282402434943, "params": {"C": 99.79423426075051, "epsilon": 6.149056153932186, "gamma": 0.05369182763003447, "lamda": 0.09546346290857007}, "datetime": {"datetime": "2021-09-19 19:50:43", "elapsed": 275.246302, "delta": 9.223038}}
{"target": 0.8958695215177872, "params": {"C": 104.60608325016341, "epsilon": 1.0570012666587425, "gamma": 0.06707341331079948, "lamda": 0.012533804438180815}, "datetime": {"datetime": "2021-09-19 19:50:43", "elapsed": 275.667305, "delta": 0.421003}}
{"target": -5.930917489178943, "params": {"C": 90.68279522961994, "epsilon": 3.6775839459982964, "gamma": 0.03884395217778946, "lamda": 0.04530161889146172}, "datetime": {"datetime": "2021-09-19 19:50:59", "elapsed": 291.626288, "delta": 15.958983}}
{"target": -3.5773875148174445, "params": {"C": 104.64514298589805, "epsilon": 1.067346324542257, "gamma": 0.09168945087110038, "lamda": 0.18985057375420578}, "datetime": {"datetime": "2021-09-19 19:51:09", "elapsed": 301.660263, "delta": 10.033975}}
{"target": 0.8431998100135393, "params": {"C": 104.6102182433124, "epsilon": 0.9556548634301987, "gamma": 0.00758055161268738, "lamda": 0.0594271444638279}, "datetime": {"datetime": "2021-09-19 19:51:10", "elapsed": 302.185216, "delta": 0.524953}}
{"target": 0.8285006223032243, "params": {"C": 104.71355277931453, "epsilon": 1.0046869899530506, "gamma": 0.005, "lamda": 5e-05}, "datetime": {"datetime": "2021-09-19 19:51:10", "elapsed": 302.903147, "delta": 0.717931}}
{"target": -5.203870094940755, "params": {"C": 113.39937310500353, "epsilon": 0.6254979213577996, "gamma": 0.03984350612426259, "lamda": 0.1343677310617976}, "datetime": {"datetime": "2021-09-19 19:51:20", "elapsed": 312.215139, "delta": 9.311992}}
{"target": -5.947581403588003, "params": {"C": 101.1687966382524, "epsilon": 8.955386540501483, "gamma": 0.08414291623722556, "lamda": 0.17562509455649214}, "datetime": {"datetime": "2021-09-19 19:51:36", "elapsed": 328.847111, "delta": 16.631972}}
{"target": -5.067372957857142, "params": {"C": 113.22688614359512, "epsilon": 0.5215359068110292, "gamma": 0.04557133544851886, "lamda": 0.10425552491032486}, "datetime": {"datetime": "2021-09-19 19:51:45", "elapsed": 337.970114, "delta": 9.123003}}
{"target": -5.048690695377243, "params": {"C": 114.60583747274657, "epsilon": 7.634692238146916, "gamma": 0.019798840238104003, "lamda": 0.03818186374141737}, "datetime": {"datetime": "2021-09-19 19:51:55", "elapsed": 347.146893, "delta": 9.176779}}
{"target": -4.6058218264598185, "params": {"C": 118.3563986172802, "epsilon": 3.0084966552298917, "gamma": 0.0869973120632385, "lamda": 0.13891440366884228}, "datetime": {"datetime": "2021-09-19 19:52:05", "elapsed": 357.171551, "delta": 10.024658}}
{"target": -4.935970971764782, "params": {"C": 104.69969230461193, "epsilon": 1.044151927903171, "gamma": 0.06268415896285509, "lamda": 0.0893428927856926}, "datetime": {"datetime": "2021-09-19 19:52:15", "elapsed": 367.930223, "delta": 10.758672}}
{"target": -6.085126974688574, "params": {"C": 110.48286614614494, "epsilon": 5.362682840420825, "gamma": 0.047444109206240544, "lamda": 0.05979529617813386}, "datetime": {"datetime": "2021-09-19 19:52:32", "elapsed": 384.214223, "delta": 16.284}}
{"target": -5.487206036823928, "params": {"C": 92.64439064139235, "epsilon": 1.5888481191295276, "gamma": 0.07268936995505258, "lamda": 0.17949625765654442}, "datetime": {"datetime": "2021-09-19 19:52:40", "elapsed": 393.105225, "delta": 8.891002}}
{"target": -4.854114927364279, "params": {"C": 118.44277883925932, "epsilon": 8.791288869726085, "gamma": 0.02086002808863909, "lamda": 0.1555078156729863}, "datetime": {"datetime": "2021-09-19 19:52:55", "elapsed": 407.981225, "delta": 14.876}}
{"target": 0.8948509975712415, "params": {"C": 104.67691862650923, "epsilon": 1.016184601888915, "gamma": 0.0632793800328762, "lamda": 0.007504282022930207}, "datetime": {"datetime": "2021-09-19 19:52:56", "elapsed": 408.544225, "delta": 0.563}}
{"target": 0.8781012214562158, "params": {"C": 104.70982443117374, "epsilon": 1.2307048878974265, "gamma": 0.042894023260726354, "lamda": 0.012147389917989845}, "datetime": {"datetime": "2021-09-19 19:52:57", "elapsed": 409.145224, "delta": 0.600999}}
{"target": 0.8915120120837957, "params": {"C": 104.54014350647942, "epsilon": 1.1757741556481058, "gamma": 0.05605249659092842, "lamda": 0.00986228649707945}, "datetime": {"datetime": "2021-09-19 19:52:57", "elapsed": 409.695224, "delta": 0.55}}
{"target": -3.9684151607002187, "params": {"C": 107.12872088517213, "epsilon": 1.757356342660334, "gamma": 0.01759591360989781, "lamda": 0.15978136514596272}, "datetime": {"datetime": "2021-09-19 19:53:12", "elapsed": 425.066225, "delta": 15.371001}}
{"target": -5.377654584289227, "params": {"C": 114.36000203835567, "epsilon": 2.075079417964458, "gamma": 0.04194879081372666, "lamda": 0.06671046530150743}, "datetime": {"datetime": "2021-09-19 19:53:21", "elapsed": 433.744224, "delta": 8.677999}}
{"target": -4.3810600020370645, "params": {"C": 104.6548211659273, "epsilon": 1.2919002627853096, "gamma": 0.08335116538572332, "lamda": 0.026776799320761352}, "datetime": {"datetime": "2021-09-19 19:53:30", "elapsed": 442.572222, "delta": 8.827998}}
{"target": -4.975124902178464, "params": {"C": 104.53246621211771, "epsilon": 1.069205519271514, "gamma": 0.049731770215044525, "lamda": 0.07702006786805125}, "datetime": {"datetime": "2021-09-19 19:53:39", "elapsed": 451.433222, "delta": 8.861}}
{"target": -6.16340117614924, "params": {"C": 97.2410226530132, "epsilon": 3.5766692305550074, "gamma": 0.045772629986841985, "lamda": 0.06144919127569147}, "datetime": {"datetime": "2021-09-19 19:53:54", "elapsed": 466.830223, "delta": 15.397001}}
{"target": -4.592340862123639, "params": {"C": 92.80556191907375, "epsilon": 1.6391043789725224, "gamma": 0.07733084443539212, "lamda": 0.16346398682620727}, "datetime": {"datetime": "2021-09-19 19:54:04", "elapsed": 476.776225, "delta": 9.946002}}
