{"target": 0.8586620755944523, "params": {"C": 111.05450840098868, "epsilon": 0.6640160282087129, "gamma": 0.021808094201163426, "lamda": 0.05314876445992894}, "datetime": {"datetime": "2021-09-19 18:21:11", "elapsed": 855.401048, "delta": 0.657956}}
{"target": 0.8958240925462453, "params": {"C": 99.93287388974866, "epsilon": 0.543712691320348, "gamma": 0.09987870802026723, "lamda": 0.023800366248747266}, "datetime": {"datetime": "2021-09-19 18:21:12", "elapsed": 856.110053, "delta": 0.709005}}
{"target": -4.264062061429139, "params": {"C": 94.60406031837785, "epsilon": 2.3797497986021394, "gamma": 0.019033192093175656, "lamda": 0.19972650750428542}, "datetime": {"datetime": "2021-09-19 18:21:27", "elapsed": 871.316059, "delta": 15.206006}}
{"target": -2.803446273389225, "params": {"C": 117.5832805006564, "epsilon": 1.9134526217709644, "gamma": 0.013874192380411605, "lamda": 0.15988635550349276}, "datetime": {"datetime": "2021-09-19 18:21:41", "elapsed": 884.973101, "delta": 13.657042}}
{"target": 0.8604335968208799, "params": {"C": 99.49116583611803, "epsilon": 0.5908154455799863, "gamma": 0.032379850750123236, "lamda": 0.05704805957727621}, "datetime": {"datetime": "2021-09-19 18:21:41", "elapsed": 885.7019, "delta": 0.728799}}
{"target": -4.2178238402381965, "params": {"C": 111.05869497979631, "epsilon": 0.6912636080016242, "gamma": 0.07446690641910969, "lamda": 0.049998290517876284}, "datetime": {"datetime": "2021-09-19 18:21:50", "elapsed": 894.631938, "delta": 8.930038}}
{"target": -4.550749548191744, "params": {"C": 79.63759833193328, "epsilon": 7.082594087001064, "gamma": 0.018160074311769477, "lamda": 0.08781012199588946}, "datetime": {"datetime": "2021-09-19 18:22:06", "elapsed": 910.09793, "delta": 15.465992}}
{"target": -3.3302011701381087, "params": {"C": 104.57663539995298, "epsilon": 8.25004159303886, "gamma": 0.010782681853358771, "lamda": 0.08843893070681963}, "datetime": {"datetime": "2021-09-19 18:22:18", "elapsed": 922.490929, "delta": 12.392999}}
{"target": -4.7906200194655355, "params": {"C": 89.3966562027286, "epsilon": 2.441080553130226, "gamma": 0.06703681118050847, "lamda": 0.11057120395135438}, "datetime": {"datetime": "2021-09-19 18:22:26", "elapsed": 930.602014, "delta": 8.111085}}
{"target": -4.357993628373519, "params": {"C": 99.61190152718254, "epsilon": 0.5785639801881501, "gamma": 0.04079474688017007, "lamda": 0.05469016403218155}, "datetime": {"datetime": "2021-09-19 18:22:35", "elapsed": 939.39667, "delta": 8.794656}}
{"target": 0.8858809207335134, "params": {"C": 99.86201543144307, "epsilon": 0.6301418364048238, "gamma": 0.0493555447882852, "lamda": 0.012584150936886997}, "datetime": {"datetime": "2021-09-19 18:22:36", "elapsed": 940.186628, "delta": 0.789958}}
{"target": -4.549825902989617, "params": {"C": 91.61005673999777, "epsilon": 2.76847975007666, "gamma": 0.07792189933280831, "lamda": 0.06881854623715995}, "datetime": {"datetime": "2021-09-19 18:22:44", "elapsed": 948.324681, "delta": 8.138053}}
{"target": -5.098281263663686, "params": {"C": 109.10511144009857, "epsilon": 8.952792711175514, "gamma": 0.07318111219286332, "lamda": 0.16545134403305564}, "datetime": {"datetime": "2021-09-19 18:22:53", "elapsed": 957.278712, "delta": 8.954031}}
{"target": -4.838369691457582, "params": {"C": 117.14116023314233, "epsilon": 8.356499675106342, "gamma": 0.0839989296617608, "lamda": 0.04666064427899397}, "datetime": {"datetime": "2021-09-19 18:23:08", "elapsed": 972.12672, "delta": 14.848008}}
{"target": 0.8598908370887914, "params": {"C": 99.65989624537485, "epsilon": 1.095477682851434, "gamma": 0.02555899723103015, "lamda": 0.018298702844756688}, "datetime": {"datetime": "2021-09-19 18:23:09", "elapsed": 972.875712, "delta": 0.748992}}
{"target": -5.032708299326844, "params": {"C": 118.66109350205147, "epsilon": 0.9755419671587451, "gamma": 0.05912691391933357, "lamda": 0.11453806583759561}, "datetime": {"datetime": "2021-09-19 18:23:17", "elapsed": 981.756712, "delta": 8.881}}
{"target": -4.601423775788737, "params": {"C": 99.64267955541867, "epsilon": 1.1575490707287774, "gamma": 0.05522364094153297, "lamda": 0.036036017104396016}, "datetime": {"datetime": "2021-09-19 18:23:26", "elapsed": 989.895857, "delta": 8.139145}}
{"target": -4.967792439608895, "params": {"C": 99.96599453975979, "epsilon": 0.5479592846592973, "gamma": 0.03912357227073926, "lamda": 0.10530021612820224}, "datetime": {"datetime": "2021-09-19 18:23:35", "elapsed": 998.876819, "delta": 8.980962}}
{"target": -4.42614574697068, "params": {"C": 82.60872601854038, "epsilon": 2.1195811083100127, "gamma": 0.022382391580598012, "lamda": 0.1363081802263805}, "datetime": {"datetime": "2021-09-19 18:23:50", "elapsed": 1014.172857, "delta": 15.296038}}
{"target": 0.8896817123329916, "params": {"C": 99.79777984006654, "epsilon": 0.5632789332276003, "gamma": 0.05414311810344362, "lamda": 0.009721292808923414}, "datetime": {"datetime": "2021-09-19 18:23:51", "elapsed": 1014.912857, "delta": 0.74}}
{"target": -2.138083424436525, "params": {"C": 109.73062590589981, "epsilon": 6.799568932579291, "gamma": 0.007210404865832655, "lamda": 0.024370193184774156}, "datetime": {"datetime": "2021-09-19 18:24:01", "elapsed": 1024.983968, "delta": 10.071111}}
{"target": -5.775976578947589, "params": {"C": 86.5282081690632, "epsilon": 5.3888339629977, "gamma": 0.041472163480413986, "lamda": 0.033679691161529676}, "datetime": {"datetime": "2021-09-19 18:24:13", "elapsed": 1036.964062, "delta": 11.980094}}
{"target": -3.9595498373354827, "params": {"C": 111.01427677294367, "epsilon": 0.5235932364123038, "gamma": 0.0704518441586925, "lamda": 0.0832840940508917}, "datetime": {"datetime": "2021-09-19 18:24:22", "elapsed": 1045.898054, "delta": 8.933992}}
{"target": -5.873885552174479, "params": {"C": 95.36721692378582, "epsilon": 7.925082854002085, "gamma": 0.09604299457526908, "lamda": 0.018931503756769778}, "datetime": {"datetime": "2021-09-19 18:24:31", "elapsed": 1054.863259, "delta": 8.965205}}
{"target": 0.8905749267068943, "params": {"C": 111.08824147649935, "epsilon": 0.5775822050704544, "gamma": 0.05378520111983428, "lamda": 0.045944724725045585}, "datetime": {"datetime": "2021-09-19 18:24:32", "elapsed": 1055.79126, "delta": 0.928001}}
{"target": -2.1318752077696748, "params": {"C": 101.65035817828111, "epsilon": 4.424546992732861, "gamma": 0.009539642608010466, "lamda": 0.09217489244335039}, "datetime": {"datetime": "2021-09-19 18:24:46", "elapsed": 1070.493572, "delta": 14.702312}}
{"target": -3.771026603787126, "params": {"C": 99.5857350696007, "epsilon": 0.9012071258286785, "gamma": 0.023436392880124734, "lamda": 0.07179746009810936}, "datetime": {"datetime": "2021-09-19 18:24:55", "elapsed": 1078.858572, "delta": 8.365}}
{"target": 0.870826485437866, "params": {"C": 99.87726564066516, "epsilon": 0.6072641858312493, "gamma": 0.039105560996066505, "lamda": 0.06076190704198963}, "datetime": {"datetime": "2021-09-19 18:24:55", "elapsed": 1079.681571, "delta": 0.822999}}
{"target": -5.977462535777802, "params": {"C": 110.41957550242664, "epsilon": 9.3422056961955, "gamma": 0.07720859718876466, "lamda": 0.186201166810537}, "datetime": {"datetime": "2021-09-19 18:25:05", "elapsed": 1088.896533, "delta": 9.214962}}
{"target": 0.8814563301571481, "params": {"C": 93.86160504463646, "epsilon": 1.3090963737696808, "gamma": 0.046402446386089154, "lamda": 0.03499387220639542}, "datetime": {"datetime": "2021-09-19 18:25:05", "elapsed": 1089.566567, "delta": 0.670034}}
{"target": -5.74436710966312, "params": {"C": 105.72121192876716, "epsilon": 3.1311590275159555, "gamma": 0.08163871667242746, "lamda": 0.04084575176205504}, "datetime": {"datetime": "2021-09-19 18:25:14", "elapsed": 1097.822571, "delta": 8.256004}}
{"target": 0.8467726521950689, "params": {"C": 118.6725555982411, "epsilon": 7.787477896679095, "gamma": 0.009795507917511853, "lamda": 0.006466716003304492}, "datetime": {"datetime": "2021-09-19 18:25:14", "elapsed": 1098.501533, "delta": 0.678962}}
{"target": 0.8560041855027765, "params": {"C": 85.44886542625446, "epsilon": 6.308613686367962, "gamma": 0.019566503434086082, "lamda": 0.0009846611285704368}, "datetime": {"datetime": "2021-09-19 18:25:15", "elapsed": 1099.205575, "delta": 0.704042}}
{"target": -3.7447247523735285, "params": {"C": 113.76091457190606, "epsilon": 1.4032908526484074, "gamma": 0.09125373577291307, "lamda": 0.07595130572096832}, "datetime": {"datetime": "2021-09-19 18:25:24", "elapsed": 1107.988552, "delta": 8.782977}}
{"target": -5.7089690642876505, "params": {"C": 107.5251747692325, "epsilon": 5.503217204925887, "gamma": 0.027503753901336532, "lamda": 0.17517783158673123}, "datetime": {"datetime": "2021-09-19 18:25:37", "elapsed": 1121.152551, "delta": 13.163999}}
{"target": -5.1114655407770755, "params": {"C": 94.44816561648645, "epsilon": 1.3950689004208592, "gamma": 0.03275231043884021, "lamda": 0.13865255974668286}, "datetime": {"datetime": "2021-09-19 18:25:50", "elapsed": 1133.78855, "delta": 12.635999}}
{"target": 0.866093486446609, "params": {"C": 99.48824057670453, "epsilon": 0.5509618505048374, "gamma": 0.036156529771806, "lamda": 0.04435418780019183}, "datetime": {"datetime": "2021-09-19 18:25:50", "elapsed": 1134.597267, "delta": 0.808717}}
{"target": 0.8910729515338272, "params": {"C": 99.66747755707065, "epsilon": 0.834536621503004, "gamma": 0.05624334061252979, "lamda": 0.024793028103822137}, "datetime": {"datetime": "2021-09-19 18:25:51", "elapsed": 1135.403313, "delta": 0.806046}}
{"target": -5.5015350609251525, "params": {"C": 101.41875628863092, "epsilon": 7.288186974105018, "gamma": 0.06975512328949829, "lamda": 0.19359163390190057}, "datetime": {"datetime": "2021-09-19 18:25:57", "elapsed": 1141.015295, "delta": 5.611982}}
{"target": -3.0901768060970864, "params": {"C": 83.62848689833166, "epsilon": 9.264594598116942, "gamma": 0.009411189406553562, "lamda": 0.07982537217602421}, "datetime": {"datetime": "2021-09-19 18:26:05", "elapsed": 1148.984306, "delta": 7.969011}}
{"target": -6.1492564066432305, "params": {"C": 83.7733959719404, "epsilon": 4.744166338168343, "gamma": 0.05753086925053295, "lamda": 0.1509324163150681}, "datetime": {"datetime": "2021-09-19 18:26:13", "elapsed": 1157.227056, "delta": 8.24275}}
{"target": -5.141044174451112, "params": {"C": 82.16403685955284, "epsilon": 6.588350191566258, "gamma": 0.06155472369798261, "lamda": 0.19628015861563006}, "datetime": {"datetime": "2021-09-19 18:26:22", "elapsed": 1166.035129, "delta": 8.808073}}
{"target": -5.620671984599989, "params": {"C": 95.64935680137518, "epsilon": 6.611670198692972, "gamma": 0.045541741689177184, "lamda": 0.16547471004519554}, "datetime": {"datetime": "2021-09-19 18:26:37", "elapsed": 1181.175755, "delta": 15.140626}}
{"target": 0.8817064251199989, "params": {"C": 99.69972054631674, "epsilon": 0.5953578104136412, "gamma": 0.04580093212966501, "lamda": 0.009122732955454932}, "datetime": {"datetime": "2021-09-19 18:26:38", "elapsed": 1182.06775, "delta": 0.891995}}
{"target": -5.4457153995053496, "params": {"C": 94.02580282124156, "epsilon": 6.031021259618643, "gamma": 0.04976620649701874, "lamda": 0.17294079597930037}, "datetime": {"datetime": "2021-09-19 18:26:52", "elapsed": 1195.931746, "delta": 13.863996}}
{"target": -3.7570390808069165, "params": {"C": 80.62533137634773, "epsilon": 1.6815029804014126, "gamma": 0.08393946414477585, "lamda": 0.07832233151232829}, "datetime": {"datetime": "2021-09-19 18:27:01", "elapsed": 1205.150745, "delta": 9.218999}}
{"target": -4.763412313652677, "params": {"C": 93.89105943007577, "epsilon": 1.2610150754077152, "gamma": 0.06689392691321601, "lamda": 0.054439190724298515}, "datetime": {"datetime": "2021-09-19 18:27:10", "elapsed": 1214.551073, "delta": 9.400328}}
{"target": -5.614145109156559, "params": {"C": 85.2191361862367, "epsilon": 4.858836357141476, "gamma": 0.06468341049008379, "lamda": 0.18723385317771485}, "datetime": {"datetime": "2021-09-19 18:27:23", "elapsed": 1226.8139, "delta": 12.262827}}
{"target": -3.8645797371686426, "params": {"C": 94.21708472224407, "epsilon": 5.22623227676961, "gamma": 0.09441217204809875, "lamda": 0.16327209607175105}, "datetime": {"datetime": "2021-09-19 18:27:32", "elapsed": 1235.78282, "delta": 8.96892}}
{"target": 0.8598807230546301, "params": {"C": 99.65073172978306, "epsilon": 1.0373097419236843, "gamma": 0.02260580813872004, "lamda": 0.01953009966478286}, "datetime": {"datetime": "2021-09-19 18:27:32", "elapsed": 1236.696785, "delta": 0.913965}}
{"target": -4.148885261533066, "params": {"C": 81.63660451981285, "epsilon": 1.105067370778819, "gamma": 0.07235992576383209, "lamda": 0.022905011979025464}, "datetime": {"datetime": "2021-09-19 18:27:42", "elapsed": 1246.038432, "delta": 9.341647}}
{"target": -4.031492329860008, "params": {"C": 112.03388601655982, "epsilon": 4.175637847039798, "gamma": 0.09632810025784408, "lamda": 0.051549333450243734}, "datetime": {"datetime": "2021-09-19 18:27:50", "elapsed": 1254.68839, "delta": 8.649958}}
{"target": -6.225251816602118, "params": {"C": 85.45275325796784, "epsilon": 6.317853004401744, "gamma": 0.04143854890182268, "lamda": 0.06839630737637543}, "datetime": {"datetime": "2021-09-19 18:27:58", "elapsed": 1262.23442, "delta": 7.54603}}
{"target": -5.180282283579942, "params": {"C": 95.41853914080298, "epsilon": 5.9640951577049455, "gamma": 0.040933549611493834, "lamda": 0.13255834781558637}, "datetime": {"datetime": "2021-09-19 18:28:08", "elapsed": 1272.531433, "delta": 10.297013}}
{"target": -3.7713956371470454, "params": {"C": 106.068684664076, "epsilon": 5.170791561580312, "gamma": 0.014281787022490996, "lamda": 0.16533183092383208}, "datetime": {"datetime": "2021-09-19 18:28:21", "elapsed": 1285.182307, "delta": 12.650874}}
{"target": -4.386056553124368, "params": {"C": 93.77860198433478, "epsilon": 1.30093513039734, "gamma": 0.030903458478113936, "lamda": 0.04083187708947337}, "datetime": {"datetime": "2021-09-19 18:28:29", "elapsed": 1293.341857, "delta": 8.15955}}
{"target": -5.026878087522039, "params": {"C": 98.8001979996195, "epsilon": 5.284161336268681, "gamma": 0.07728193559825673, "lamda": 0.1877216993748562}, "datetime": {"datetime": "2021-09-19 18:28:38", "elapsed": 1302.535854, "delta": 9.193997}}
{"target": -5.568894396755451, "params": {"C": 118.11878390910769, "epsilon": 4.091694876991337, "gamma": 0.04228351481287769, "lamda": 0.14379122295865607}, "datetime": {"datetime": "2021-09-19 18:28:52", "elapsed": 1315.968149, "delta": 13.432295}}
{"target": 0.8834023873176754, "params": {"C": 99.45570895202228, "epsilon": 0.5664502296649766, "gamma": 0.04697932040685117, "lamda": 0.009197239235086304}, "datetime": {"datetime": "2021-09-19 18:28:53", "elapsed": 1317.130074, "delta": 1.161925}}
{"target": 0.8362084949975335, "params": {"C": 99.58175665366517, "epsilon": 0.5236023358127373, "gamma": 0.0059978219092778635, "lamda": 0.013676896286004126}, "datetime": {"datetime": "2021-09-19 18:28:54", "elapsed": 1318.071075, "delta": 0.941001}}
{"target": -4.8796312191435645, "params": {"C": 92.9565678392839, "epsilon": 2.576082055820857, "gamma": 0.026764863570042104, "lamda": 0.08886422329580622}, "datetime": {"datetime": "2021-09-19 18:29:05", "elapsed": 1328.869115, "delta": 10.79804}}
{"target": 0.8618162678410327, "params": {"C": 99.45582822964461, "epsilon": 0.6278187041422552, "gamma": 0.033673683867501886, "lamda": 0.018283516292288363}, "datetime": {"datetime": "2021-09-19 18:29:06", "elapsed": 1329.817933, "delta": 0.948818}}
{"target": -4.332506723082085, "params": {"C": 99.79704679906857, "epsilon": 0.5992826852213784, "gamma": 0.06468517222515362, "lamda": 0.09393039372061672}, "datetime": {"datetime": "2021-09-19 18:29:14", "elapsed": 1338.64708, "delta": 8.829147}}
{"target": 0.8959333382724193, "params": {"C": 99.88499543471225, "epsilon": 0.5461161474770095, "gamma": 0.09266941470759943, "lamda": 0.023902560316471713}, "datetime": {"datetime": "2021-09-19 18:29:15", "elapsed": 1339.610079, "delta": 0.962999}}
{"target": -5.060853244444823, "params": {"C": 109.07692974748262, "epsilon": 2.8251364281973714, "gamma": 0.04391689409527211, "lamda": 0.04679575117129631}, "datetime": {"datetime": "2021-09-19 18:29:29", "elapsed": 1353.650041, "delta": 14.039962}}
{"target": 0.8570948081307765, "params": {"C": 111.0401805634806, "epsilon": 0.6343689572396107, "gamma": 0.018634593099629615, "lamda": 0.01815940809196278}, "datetime": {"datetime": "2021-09-19 18:29:30", "elapsed": 1354.644077, "delta": 0.994036}}
{"target": -5.671798054860807, "params": {"C": 112.56994172407713, "epsilon": 7.025231969634321, "gamma": 0.022980452898970587, "lamda": 0.10881183577775315}, "datetime": {"datetime": "2021-09-19 18:29:44", "elapsed": 1367.878827, "delta": 13.23475}}
{"target": 0.850764522386468, "params": {"C": 80.52432213356872, "epsilon": 1.6321301752733457, "gamma": 0.015882463157141966, "lamda": 0.025015309474144296}, "datetime": {"datetime": "2021-09-19 18:29:45", "elapsed": 1369.011832, "delta": 1.133005}}
{"target": -5.387587992970692, "params": {"C": 118.2777738491352, "epsilon": 4.538716654551672, "gamma": 0.0310122421784502, "lamda": 0.19939211967248616}, "datetime": {"datetime": "2021-09-19 18:29:59", "elapsed": 1382.888781, "delta": 13.876949}}
{"target": 0.896947148799649, "params": {"C": 111.05716451019485, "epsilon": 0.5588072508380659, "gamma": 0.07589134701188273, "lamda": 0.00373672976391808}, "datetime": {"datetime": "2021-09-19 18:30:00", "elapsed": 1383.972504, "delta": 1.083723}}
{"target": -6.047382028727898, "params": {"C": 114.52678066692809, "epsilon": 5.7643093335889475, "gamma": 0.053869829535634135, "lamda": 0.005411370363416621}, "datetime": {"datetime": "2021-09-19 18:30:15", "elapsed": 1398.780019, "delta": 14.807515}}
{"target": -4.171679128963002, "params": {"C": 80.46637676819603, "epsilon": 1.7007119186353712, "gamma": 0.022351448343089404, "lamda": 0.09177718629999386}, "datetime": {"datetime": "2021-09-19 18:30:25", "elapsed": 1409.184189, "delta": 10.40417}}
{"target": 0.8444549319250207, "params": {"C": 99.7205799473998, "epsilon": 1.0978348363672932, "gamma": 0.008238281518288842, "lamda": 0.030842890387541153}, "datetime": {"datetime": "2021-09-19 18:30:25", "elapsed": 1409.722216, "delta": 0.538027}}
{"target": 0.8597635679578066, "params": {"C": 99.48054138491035, "epsilon": 0.8463232592453882, "gamma": 0.02581115939783241, "lamda": 0.02025577826950392}, "datetime": {"datetime": "2021-09-19 18:30:26", "elapsed": 1410.269189, "delta": 0.546973}}
{"target": 0.8475175625218677, "params": {"C": 111.00275924750866, "epsilon": 0.6212791043039618, "gamma": 0.010491624394254679, "lamda": 0.053365725155772856}, "datetime": {"datetime": "2021-09-19 18:30:27", "elapsed": 1410.85523, "delta": 0.586041}}
{"target": -4.1074892572955, "params": {"C": 111.4949054054681, "epsilon": 9.176575386792065, "gamma": 0.09396617874744728, "lamda": 0.06854378723877337}, "datetime": {"datetime": "2021-09-19 18:30:31", "elapsed": 1414.897226, "delta": 4.041996}}
{"target": -5.814059765108515, "params": {"C": 86.27644617312394, "epsilon": 6.432337269102224, "gamma": 0.029202759718647286, "lamda": 0.08846310767622967}, "datetime": {"datetime": "2021-09-19 18:30:36", "elapsed": 1420.267233, "delta": 5.370007}}
{"target": 0.8480944594952476, "params": {"C": 99.79693215874593, "epsilon": 1.1733415643457241, "gamma": 0.013579403923704651, "lamda": 0.03253432116528743}, "datetime": {"datetime": "2021-09-19 18:30:37", "elapsed": 1421.453195, "delta": 1.185962}}
{"target": 0.8563086075518653, "params": {"C": 99.88817129733712, "epsilon": 0.6445242577007059, "gamma": 0.018729226406079973, "lamda": 0.030276546728914024}, "datetime": {"datetime": "2021-09-19 18:30:38", "elapsed": 1422.33099, "delta": 0.877795}}
{"target": 0.8489865402780181, "params": {"C": 99.73232324857443, "epsilon": 0.7425501799304393, "gamma": 0.012087310170140291, "lamda": 0.003936546298031517}, "datetime": {"datetime": "2021-09-19 18:30:39", "elapsed": 1423.709945, "delta": 1.378955}}
{"target": 0.8709942814904098, "params": {"C": 81.5503993085849, "epsilon": 1.0485321328911357, "gamma": 0.04085835257847179, "lamda": 0.00041647372156791696}, "datetime": {"datetime": "2021-09-19 18:30:41", "elapsed": 1424.81099, "delta": 1.101045}}
{"target": -2.2888391868709337, "params": {"C": 93.90757170662775, "epsilon": 1.3604055793226197, "gamma": 0.012983994477458252, "lamda": 0.07132680137864424}, "datetime": {"datetime": "2021-09-19 18:30:49", "elapsed": 1432.990722, "delta": 8.179732}}
{"target": -5.556442225935908, "params": {"C": 110.27525757005225, "epsilon": 1.0811201549100078, "gamma": 0.04876449191403745, "lamda": 0.15211097548558844}, "datetime": {"datetime": "2021-09-19 18:30:57", "elapsed": 1441.111462, "delta": 8.12074}}
{"target": -4.445623870742202, "params": {"C": 99.63248990731636, "epsilon": 0.9075891307180102, "gamma": 0.06158655530686592, "lamda": 0.039780759653710016}, "datetime": {"datetime": "2021-09-19 18:31:06", "elapsed": 1450.052086, "delta": 8.940624}}
{"target": -5.2731609018394225, "params": {"C": 99.51618116200615, "epsilon": 9.656484939573847, "gamma": 0.061954192338165875, "lamda": 0.10321458917286147}, "datetime": {"datetime": "2021-09-19 18:31:15", "elapsed": 1459.344801, "delta": 9.292715}}
{"target": -5.566795416428387, "params": {"C": 85.97815801211867, "epsilon": 9.766417768228337, "gamma": 0.08121014170962562, "lamda": 0.04896353011622786}, "datetime": {"datetime": "2021-09-19 18:31:24", "elapsed": 1468.695831, "delta": 9.35103}}
{"target": -4.469288932621198, "params": {"C": 99.5020223840945, "epsilon": 0.5956173239995979, "gamma": 0.07064223736229802, "lamda": 0.04913236859150506}, "datetime": {"datetime": "2021-09-19 18:31:33", "elapsed": 1477.735257, "delta": 9.039426}}
{"target": -4.47650636031024, "params": {"C": 80.5783202395284, "epsilon": 1.7113623975870622, "gamma": 0.07623909075382962, "lamda": 0.013898452177305407}, "datetime": {"datetime": "2021-09-19 18:31:41", "elapsed": 1485.771144, "delta": 8.035887}}
