{"target": -8.30790829402639, "params": {"C": 98.29208001725215, "epsilon": 20.473206993338213, "gamma": 0.04667790656363751, "lamda": 0.15549691236199842}, "datetime": {"datetime": "2021-09-20 15:25:30", "elapsed": 400.175308, "delta": 17.05023}}
{"target": -1.6602446715411796, "params": {"C": 87.61975061578379, "epsilon": 18.246243604150198, "gamma": 0.07458759920953797, "lamda": 0.07146589850808517}, "datetime": {"datetime": "2021-09-20 15:25:41", "elapsed": 410.860308, "delta": 10.685}}
{"target": -1.5205606399450224, "params": {"C": 93.80356793807505, "epsilon": 21.429114157628124, "gamma": 0.07943885017988647, "lamda": 0.1503971635905852}, "datetime": {"datetime": "2021-09-20 15:25:52", "elapsed": 421.798594, "delta": 10.938286}}
{"target": -7.113365481469884, "params": {"C": 88.87739874976191, "epsilon": 19.026975345235233, "gamma": 0.05634913716495847, "lamda": 0.15823953654742412}, "datetime": {"datetime": "2021-09-20 15:26:03", "elapsed": 433.362179, "delta": 11.563585}}
{"target": -5.369116245982175, "params": {"C": 85.88311322889845, "epsilon": 11.588239590728843, "gamma": 0.04530354257258855, "lamda": 0.1597715091164161}, "datetime": {"datetime": "2021-09-20 15:26:15", "elapsed": 444.989228, "delta": 11.627049}}
{"target": -3.3211750443299985, "params": {"C": 93.81419578400299, "epsilon": 11.989574001639316, "gamma": 0.05555738560577965, "lamda": 0.0666778011994808}, "datetime": {"datetime": "2021-09-20 15:26:26", "elapsed": 455.667395, "delta": 10.678167}}
{"target": -4.681462682789784, "params": {"C": 92.09749398767309, "epsilon": 12.517967120489372, "gamma": 0.0433318180366681, "lamda": 0.012624703730313231}, "datetime": {"datetime": "2021-09-20 15:26:45", "elapsed": 474.745316, "delta": 19.077921}}
{"target": -7.25946748950453, "params": {"C": 91.46109010743062, "epsilon": 18.395373386170824, "gamma": 0.05285799327935137, "lamda": 0.1507888943508508}, "datetime": {"datetime": "2021-09-20 15:27:02", "elapsed": 491.988668, "delta": 17.243352}}
{"target": -3.5922610848093157, "params": {"C": 75.03854097427254, "epsilon": 13.886319028069483, "gamma": 0.05716742315235452, "lamda": 0.06141523783919489}, "datetime": {"datetime": "2021-09-20 15:27:13", "elapsed": 503.041741, "delta": 11.053073}}
{"target": -2.7124440406788337, "params": {"C": 70.17384210479057, "epsilon": 11.43886868922845, "gamma": 0.07045509239384931, "lamda": 0.1634550332645893}, "datetime": {"datetime": "2021-09-20 15:27:32", "elapsed": 522.326881, "delta": 19.28514}}
{"target": -2.0072229030457667, "params": {"C": 89.65409673157244, "epsilon": 17.20692155444778, "gamma": 0.05896725314198817, "lamda": 0.031361781208181436}, "datetime": {"datetime": "2021-09-20 15:27:44", "elapsed": 534.405811, "delta": 12.07893}}
{"target": -5.331717611556939, "params": {"C": 71.88180366277308, "epsilon": 14.068555209654559, "gamma": 0.05109945406997925, "lamda": 0.05232823457967343}, "datetime": {"datetime": "2021-09-20 15:27:55", "elapsed": 544.758397, "delta": 10.352586}}
{"target": -3.223155731092045, "params": {"C": 71.839795918581, "epsilon": 14.421263822462226, "gamma": 0.06099259108267691, "lamda": 0.12461713979052641}, "datetime": {"datetime": "2021-09-20 15:28:04", "elapsed": 554.436723, "delta": 9.678326}}
{"target": -2.7627209203658203, "params": {"C": 93.34010939104431, "epsilon": 13.639206626002117, "gamma": 0.0789709926012706, "lamda": 0.13992016253833012}, "datetime": {"datetime": "2021-09-20 15:28:24", "elapsed": 574.323971, "delta": 19.887248}}
{"target": -6.166641193354114, "params": {"C": 96.74049687167805, "epsilon": 15.13174968196955, "gamma": 0.0479976978293503, "lamda": 0.0959397806212524}, "datetime": {"datetime": "2021-09-20 15:28:41", "elapsed": 591.011968, "delta": 16.687997}}
{"target": -4.677548578521693, "params": {"C": 96.90847289547979, "epsilon": 12.04908456978587, "gamma": 0.054193058943419914, "lamda": 0.1634191608072432}, "datetime": {"datetime": "2021-09-20 15:28:52", "elapsed": 602.016987, "delta": 11.005019}}
{"target": -6.000419802405788, "params": {"C": 83.86509323198433, "epsilon": 14.686196472445813, "gamma": 0.042658567552489854, "lamda": 0.024079205748475066}, "datetime": {"datetime": "2021-09-20 15:29:03", "elapsed": 613.238373, "delta": 11.221386}}
{"target": -1.5620228404051804, "params": {"C": 72.74703126629646, "epsilon": 10.633386516529914, "gamma": 0.07153233337278395, "lamda": 0.10031395827362508}, "datetime": {"datetime": "2021-09-20 15:29:15", "elapsed": 624.667608, "delta": 11.429235}}
{"target": -3.04273942273921, "params": {"C": 86.99940378515532, "epsilon": 13.913612276890863, "gamma": 0.07622881121122696, "lamda": 0.1523688023361852}, "datetime": {"datetime": "2021-09-20 15:29:31", "elapsed": 641.128465, "delta": 16.460857}}
{"target": 0.9049427390070567, "params": {"C": 99.99052086790884, "epsilon": 17.25675466052063, "gamma": 0.07581051826479022, "lamda": 0.006945464064349342}, "datetime": {"datetime": "2021-09-20 15:29:32", "elapsed": 641.897461, "delta": 0.768996}}
{"target": -3.3641827277413325, "params": {"C": 99.80591925535386, "epsilon": 16.235251781166973, "gamma": 0.06781332523282518, "lamda": 0.08751919448927442}, "datetime": {"datetime": "2021-09-20 15:29:48", "elapsed": 658.075303, "delta": 16.177842}}
{"target": -2.6539835629230857, "params": {"C": 93.0103176837173, "epsilon": 11.260252486261786, "gamma": 0.07920787733501329, "lamda": 0.02274802512111278}, "datetime": {"datetime": "2021-09-20 15:30:06", "elapsed": 675.88518, "delta": 17.809877}}
{"target": 0.9077448688046714, "params": {"C": 94.95343749773248, "epsilon": 11.391064189063247, "gamma": 0.06910500854640717, "lamda": 0.009201244455145372}, "datetime": {"datetime": "2021-09-20 15:30:06", "elapsed": 676.562182, "delta": 0.677002}}
{"target": -3.2115868117496884, "params": {"C": 94.16203013066011, "epsilon": 12.610096733192146, "gamma": 0.05905114427069583, "lamda": 0.058133415125234386}, "datetime": {"datetime": "2021-09-20 15:30:16", "elapsed": 686.481708, "delta": 9.919526}}
{"target": -1.562159042571484, "params": {"C": 98.3171777108879, "epsilon": 14.600327916573152, "gamma": 0.07344408191927584, "lamda": 0.08713958804141156}, "datetime": {"datetime": "2021-09-20 15:30:27", "elapsed": 697.211561, "delta": 10.729853}}
{"target": -1.5194609194104505, "params": {"C": 81.42330621089256, "epsilon": 16.98434316717747, "gamma": 0.07140693879280374, "lamda": 0.06658424943364977}, "datetime": {"datetime": "2021-09-20 15:30:37", "elapsed": 707.664257, "delta": 10.452696}}
{"target": -4.2935417677549275, "params": {"C": 70.15749761181048, "epsilon": 11.406966990081727, "gamma": 0.054362907361720135, "lamda": 0.16459872638549605}, "datetime": {"datetime": "2021-09-20 15:30:48", "elapsed": 718.438869, "delta": 10.774612}}
{"target": -4.776184740989863, "params": {"C": 85.84680907223208, "epsilon": 10.961495081550746, "gamma": 0.04785811722133299, "lamda": 0.1846778652726345}, "datetime": {"datetime": "2021-09-20 15:31:05", "elapsed": 735.606657, "delta": 17.167788}}
{"target": -3.1801943857085515, "params": {"C": 83.17137728257134, "epsilon": 16.812438652151606, "gamma": 0.07207278512425622, "lamda": 0.11276461152615512}, "datetime": {"datetime": "2021-09-20 15:31:15", "elapsed": 745.464501, "delta": 9.857844}}
{"target": 0.9023638023197997, "params": {"C": 73.60274125992642, "epsilon": 14.230469194839902, "gamma": 0.07310572759215334, "lamda": 0.05229169715408723}, "datetime": {"datetime": "2021-09-20 15:31:16", "elapsed": 746.350973, "delta": 0.886472}}
{"target": -8.112126665860892, "params": {"C": 93.45140260791106, "epsilon": 20.349378552081966, "gamma": 0.04833150464260448, "lamda": 0.027116855633557736}, "datetime": {"datetime": "2021-09-20 15:31:27", "elapsed": 757.568571, "delta": 11.217598}}
{"target": -5.759485975477212, "params": {"C": 73.57177042132889, "epsilon": 14.152191021465436, "gamma": 0.05349453121691485, "lamda": 0.12792859714336327}, "datetime": {"datetime": "2021-09-20 15:31:45", "elapsed": 774.896318, "delta": 17.327747}}
{"target": -5.3519412407449725, "params": {"C": 72.5572483288759, "epsilon": 13.834944521982969, "gamma": 0.04859810195283398, "lamda": 0.06232463911478247}, "datetime": {"datetime": "2021-09-20 15:31:56", "elapsed": 786.392483, "delta": 11.496165}}
{"target": -5.481308092884726, "params": {"C": 97.56398136346766, "epsilon": 13.303973257548813, "gamma": 0.0506645878991359, "lamda": 0.05739258323850864}, "datetime": {"datetime": "2021-09-20 15:32:09", "elapsed": 798.831979, "delta": 12.439496}}
{"target": -6.4876196850679895, "params": {"C": 82.83067109474239, "epsilon": 17.39048023305543, "gamma": 0.053733804025142565, "lamda": 0.15815294970149066}, "datetime": {"datetime": "2021-09-20 15:32:27", "elapsed": 817.62289, "delta": 18.790911}}
{"target": -5.06010600856798, "params": {"C": 71.67913780883441, "epsilon": 16.10588717490729, "gamma": 0.05525511920159534, "lamda": 0.008077457593480306}, "datetime": {"datetime": "2021-09-20 15:32:38", "elapsed": 828.244512, "delta": 10.621622}}
{"target": -9.07510551049079, "params": {"C": 75.69554418642542, "epsilon": 21.580763123010243, "gamma": 0.0471461010948831, "lamda": 0.10759480740341498}, "datetime": {"datetime": "2021-09-20 15:32:56", "elapsed": 846.143975, "delta": 17.899463}}
{"target": -7.640420137195555, "params": {"C": 91.89488019875591, "epsilon": 20.37614654993473, "gamma": 0.05184543116700697, "lamda": 0.11478041460697029}, "datetime": {"datetime": "2021-09-20 15:33:08", "elapsed": 858.622576, "delta": 12.478601}}
{"target": -7.338539419877874, "params": {"C": 73.17251793987721, "epsilon": 19.163041202017453, "gamma": 0.04934193797658924, "lamda": 0.048601564317542714}, "datetime": {"datetime": "2021-09-20 15:33:20", "elapsed": 869.966259, "delta": 11.343683}}
{"target": -4.985150871793491, "params": {"C": 94.94411301017936, "epsilon": 11.389799567531636, "gamma": 0.049812485479792945, "lamda": 0.05794642270886634}, "datetime": {"datetime": "2021-09-20 15:33:31", "elapsed": 881.466457, "delta": 11.500198}}
{"target": -2.8988603972019447, "params": {"C": 84.84144716353869, "epsilon": 15.92147701613268, "gamma": 0.07667161070062307, "lamda": 0.1374820655459647}, "datetime": {"datetime": "2021-09-20 15:33:42", "elapsed": 892.426726, "delta": 10.960269}}
{"target": -4.179422841850345, "params": {"C": 71.957286342404, "epsilon": 13.192681356132619, "gamma": 0.04048869031258439, "lamda": 0.03737132165922826}, "datetime": {"datetime": "2021-09-20 15:33:54", "elapsed": 904.045916, "delta": 11.61919}}
{"target": -5.866927325217521, "params": {"C": 66.62864054342359, "epsilon": 14.235907184138043, "gamma": 0.04190151849493453, "lamda": 0.10501335358191974}, "datetime": {"datetime": "2021-09-20 15:34:06", "elapsed": 915.872349, "delta": 11.826433}}
{"target": -2.7382437298727558, "params": {"C": 97.49381779674164, "epsilon": 13.358849525666422, "gamma": 0.07223636801538799, "lamda": 0.019025674057097056}, "datetime": {"datetime": "2021-09-20 15:34:24", "elapsed": 933.853331, "delta": 17.980982}}
{"target": -2.1751266042457, "params": {"C": 88.79481720841677, "epsilon": 19.381840395575626, "gamma": 0.054406238850187943, "lamda": 0.02175271968093153}, "datetime": {"datetime": "2021-09-20 15:34:36", "elapsed": 945.845663, "delta": 11.992332}}
{"target": 0.9062714647756585, "params": {"C": 94.95896725144114, "epsilon": 11.345964999618385, "gamma": 0.07663120797704275, "lamda": 1e-06}, "datetime": {"datetime": "2021-09-20 15:34:37", "elapsed": 946.811547, "delta": 0.965884}}
{"target": 0.9023392509837079, "params": {"C": 73.55931099901596, "epsilon": 14.161464901290723, "gamma": 0.07323396464950557, "lamda": 0.010501756526362269}, "datetime": {"datetime": "2021-09-20 15:34:38", "elapsed": 947.720548, "delta": 0.909001}}
{"target": 0.909493587179594, "params": {"C": 96.70709500034596, "epsilon": 11.469370829393307, "gamma": 0.07003564284674163, "lamda": 0.01015974228539592}, "datetime": {"datetime": "2021-09-20 15:34:38", "elapsed": 948.554591, "delta": 0.834043}}
{"target": 0.9027860114538648, "params": {"C": 68.1479436008674, "epsilon": 10.740687750366092, "gamma": 0.07055592033936825, "lamda": 0.0048333109496945335}, "datetime": {"datetime": "2021-09-20 15:34:39", "elapsed": 949.514563, "delta": 0.959972}}
{"target": 0.9011234306163077, "params": {"C": 73.4483685526131, "epsilon": 14.223992215012359, "gamma": 0.0777239207457881, "lamda": 0.041691896867017575}, "datetime": {"datetime": "2021-09-20 15:34:40", "elapsed": 950.465154, "delta": 0.950591}}
{"target": -2.779365828765872, "params": {"C": 73.41732463651057, "epsilon": 14.188597654180416, "gamma": 0.07942294565185243, "lamda": 0.13665638849807418}, "datetime": {"datetime": "2021-09-20 15:34:58", "elapsed": 968.471447, "delta": 18.006293}}
{"target": -2.324442165735131, "params": {"C": 73.4146805811399, "epsilon": 13.087102594232292, "gamma": 0.04338088146496446, "lamda": 0.002353709286322448}, "datetime": {"datetime": "2021-09-20 15:35:10", "elapsed": 980.263891, "delta": 11.792444}}
{"target": -1.6597560394766924, "params": {"C": 73.57299029029924, "epsilon": 14.239128077865686, "gamma": 0.061928605141210555, "lamda": 0.058213628611520456}, "datetime": {"datetime": "2021-09-20 15:35:22", "elapsed": 991.939728, "delta": 11.675837}}
{"target": -1.6785721223478394, "params": {"C": 98.46376339397628, "epsilon": 14.274354006886831, "gamma": 0.06346429910928261, "lamda": 0.036952995093669797}, "datetime": {"datetime": "2021-09-20 15:35:33", "elapsed": 1003.546493, "delta": 11.606765}}
{"target": 0.902648329323363, "params": {"C": 98.44669054917247, "epsilon": 14.18260779170447, "gamma": 0.0789710415078661, "lamda": 0.014715421789357294}, "datetime": {"datetime": "2021-09-20 15:35:34", "elapsed": 1004.627088, "delta": 1.080595}}
{"target": -5.739803498200043, "params": {"C": 97.51443785189281, "epsilon": 13.344107965318731, "gamma": 0.045484700564394104, "lamda": 0.008380563501212036}, "datetime": {"datetime": "2021-09-20 15:35:45", "elapsed": 1015.494339, "delta": 10.867251}}
{"target": -3.2637238928335295, "params": {"C": 93.55450167973974, "epsilon": 19.60130547744739, "gamma": 0.07775718080417074, "lamda": 0.17680161178711934}, "datetime": {"datetime": "2021-09-20 15:36:03", "elapsed": 1033.22214, "delta": 17.727801}}
{"target": -1.4762674510585017, "params": {"C": 73.45793536872232, "epsilon": 14.144542736185254, "gamma": 0.07589231312425865, "lamda": 0.058664821276057835}, "datetime": {"datetime": "2021-09-20 15:36:15", "elapsed": 1044.895156, "delta": 11.673016}}
{"target": 0.9016635320714843, "params": {"C": 70.18623951456928, "epsilon": 11.454287183915303, "gamma": 0.07706583454234409, "lamda": 0.12627670555458434}, "datetime": {"datetime": "2021-09-20 15:36:16", "elapsed": 1045.844331, "delta": 0.949175}}
{"target": 0.9079745006853878, "params": {"C": 96.0196757019076, "epsilon": 12.84319717369066, "gamma": 0.054077326015740605, "lamda": 0.003277910667898489}, "datetime": {"datetime": "2021-09-20 15:36:17", "elapsed": 1046.676332, "delta": 0.832001}}
{"target": -2.0822597448147437, "params": {"C": 73.40876838913724, "epsilon": 13.10657336170642, "gamma": 0.04929810890539579, "lamda": 0.007827361774110819}, "datetime": {"datetime": "2021-09-20 15:36:28", "elapsed": 1058.113328, "delta": 11.436996}}
{"target": 0.9015583680385526, "params": {"C": 73.60255944410147, "epsilon": 14.173293637919699, "gamma": 0.0763168021405394, "lamda": 0.05064960412075608}, "datetime": {"datetime": "2021-09-20 15:36:29", "elapsed": 1059.028332, "delta": 0.915004}}
{"target": -1.7086965557978577, "params": {"C": 81.38526742729628, "epsilon": 16.972361020431343, "gamma": 0.0628976902188968, "lamda": 0.07034404225716091}, "datetime": {"datetime": "2021-09-20 15:36:41", "elapsed": 1070.907843, "delta": 11.879511}}
{"target": -4.210877568280289, "params": {"C": 98.39267687289333, "epsilon": 14.147952560079254, "gamma": 0.05096095525058797, "lamda": 0.024438185067017355}, "datetime": {"datetime": "2021-09-20 15:36:53", "elapsed": 1083.19498, "delta": 12.287137}}
{"target": -5.017134264578845, "params": {"C": 96.06297112539482, "epsilon": 12.79332665977846, "gamma": 0.04481339840211755, "lamda": 0.015068648348767389}, "datetime": {"datetime": "2021-09-20 15:37:05", "elapsed": 1095.10238, "delta": 11.9074}}
{"target": -3.4903937369764693, "params": {"C": 84.4137994106845, "epsilon": 16.01924852288547, "gamma": 0.06116861026313146, "lamda": 0.08711079430986328}, "datetime": {"datetime": "2021-09-20 15:37:20", "elapsed": 1109.93828, "delta": 14.8359}}
{"target": 0.9025943463637128, "params": {"C": 68.16421147818266, "epsilon": 10.662450085828116, "gamma": 0.07989084341046689, "lamda": 0.0023002904711535983}, "datetime": {"datetime": "2021-09-20 15:37:21", "elapsed": 1110.728559, "delta": 0.790279}}
{"target": -3.354338708868947, "params": {"C": 95.95407282599245, "epsilon": 12.854953865788683, "gamma": 0.052311725127926, "lamda": 0.030907229853198423}, "datetime": {"datetime": "2021-09-20 15:37:31", "elapsed": 1121.647806, "delta": 10.919247}}
{"target": -4.916838770479716, "params": {"C": 70.17986478728618, "epsilon": 11.494944742033095, "gamma": 0.041389476285765336, "lamda": 0.09621299632911338}, "datetime": {"datetime": "2021-09-20 15:37:43", "elapsed": 1132.796943, "delta": 11.149137}}
{"target": -5.205446435602394, "params": {"C": 78.9399524591426, "epsilon": 12.374420798234281, "gamma": 0.04590871246028449, "lamda": 0.19972644048186836}, "datetime": {"datetime": "2021-09-20 15:37:59", "elapsed": 1149.501892, "delta": 16.704949}}
{"target": -5.509303840479577, "params": {"C": 97.9958911468858, "epsilon": 11.785413838026482, "gamma": 0.04373650205491015, "lamda": 0.15987652520301598}, "datetime": {"datetime": "2021-09-20 15:38:11", "elapsed": 1161.183231, "delta": 11.681339}}
{"target": -3.0665752952912966, "params": {"C": 96.69766784157164, "epsilon": 11.513526612130427, "gamma": 0.058331121973309946, "lamda": 0.08614002093364523}, "datetime": {"datetime": "2021-09-20 15:38:22", "elapsed": 1171.922268, "delta": 10.739037}}
{"target": 0.9083071214375648, "params": {"C": 98.34438135730679, "epsilon": 20.68091604955307, "gamma": 0.05836908313483597, "lamda": 0.0011974239262401425}, "datetime": {"datetime": "2021-09-20 15:38:23", "elapsed": 1172.877269, "delta": 0.955001}}
{"target": -7.14632752740266, "params": {"C": 66.52874008013978, "epsilon": 18.31485568884345, "gamma": 0.045541083920745046, "lamda": 0.0877826286024301}, "datetime": {"datetime": "2021-09-20 15:38:40", "elapsed": 1190.32271, "delta": 17.445441}}
{"target": -7.570631288995875, "params": {"C": 87.2098927706927, "epsilon": 19.78952622278593, "gamma": 0.04243481341194054, "lamda": 0.08841159141001861}, "datetime": {"datetime": "2021-09-20 15:38:57", "elapsed": 1206.912724, "delta": 16.590014}}
{"target": -2.938564175574427, "params": {"C": 74.6216173388481, "epsilon": 12.451891225006602, "gamma": 0.06612076260231936, "lamda": 0.11054928841743898}, "datetime": {"datetime": "2021-09-20 15:39:07", "elapsed": 1217.308155, "delta": 10.395431}}
{"target": -3.399859311623561, "params": {"C": 99.76126559104128, "epsilon": 16.246457370607168, "gamma": 0.06858262130178737, "lamda": 0.02238636593689226}, "datetime": {"datetime": "2021-09-20 15:39:18", "elapsed": 1228.345263, "delta": 11.037108}}
{"target": -5.191245977831559, "params": {"C": 73.62426961531443, "epsilon": 14.255993414019366, "gamma": 0.04278882025857951, "lamda": 0.011098491317459745}, "datetime": {"datetime": "2021-09-20 15:39:31", "elapsed": 1240.776028, "delta": 12.430765}}
{"target": 0.9011099633681704, "params": {"C": 76.45712022341279, "epsilon": 12.865448105359992, "gamma": 0.07070395761381403, "lamda": 0.0687863987441148}, "datetime": {"datetime": "2021-09-20 15:39:32", "elapsed": 1241.665025, "delta": 0.888997}}
{"target": -3.8432290408057233, "params": {"C": 95.00720501164514, "epsilon": 11.336498982020561, "gamma": 0.051809472618542574, "lamda": 0.04504551770710991}, "datetime": {"datetime": "2021-09-20 15:39:44", "elapsed": 1254.041828, "delta": 12.376803}}
{"target": 0.9022709248292535, "params": {"C": 68.16466759417423, "epsilon": 10.650787397926564, "gamma": 0.07527976150461671, "lamda": 0.009941335534039008}, "datetime": {"datetime": "2021-09-20 15:39:45", "elapsed": 1254.949836, "delta": 0.908008}}
{"target": -5.492040625728836, "params": {"C": 76.50214738051639, "epsilon": 12.95455460877991, "gamma": 0.04704580756879227, "lamda": 0.061243729208243995}, "datetime": {"datetime": "2021-09-20 15:40:04", "elapsed": 1273.925534, "delta": 18.975698}}
{"target": -2.8397863100317915, "params": {"C": 98.88968729438415, "epsilon": 10.600684590095257, "gamma": 0.06279027954498256, "lamda": 0.1145171224278734}, "datetime": {"datetime": "2021-09-20 15:40:15", "elapsed": 1284.762958, "delta": 10.837424}}
{"target": -3.145771422660923, "params": {"C": 73.38126614109902, "epsilon": 13.029186849791383, "gamma": 0.054776701501001286, "lamda": 0.05424596306082576}, "datetime": {"datetime": "2021-09-20 15:40:26", "elapsed": 1295.769505, "delta": 11.006547}}
{"target": 0.9030920578642291, "params": {"C": 73.61047951359134, "epsilon": 14.146671359212522, "gamma": 0.07549319329114917, "lamda": 0.012288568379491334}, "datetime": {"datetime": "2021-09-20 15:40:27", "elapsed": 1296.821466, "delta": 1.051961}}
{"target": -4.746588271777813, "params": {"C": 68.99260206415543, "epsilon": 12.045786663128437, "gamma": 0.04731890171814653, "lamda": 0.13629257182843646}, "datetime": {"datetime": "2021-09-20 15:40:45", "elapsed": 1315.49867, "delta": 18.677204}}
{"target": -3.900650229797347, "params": {"C": 76.47900333367704, "epsilon": 12.830697111196413, "gamma": 0.040303655531085864, "lamda": 0.04711968181875249}, "datetime": {"datetime": "2021-09-20 15:40:57", "elapsed": 1327.644539, "delta": 12.145869}}
{"target": -4.676215434543264, "params": {"C": 91.48393367806325, "epsilon": 17.957350230626474, "gamma": 0.04093069678561375, "lamda": 0.024327153122088753}, "datetime": {"datetime": "2021-09-20 15:41:10", "elapsed": 1339.704464, "delta": 12.059925}}
