{"target": 0.9021067048050198, "params": {"C": 72.61417802870425, "epsilon": 14.055041345175168, "gamma": 0.07630988684557395, "lamda": 0.008729287128245002}, "datetime": {"datetime": "2021-09-20 15:58:56", "elapsed": 2406.438091, "delta": 1.654615}}
{"target": 0.8989192542196628, "params": {"C": 73.62217068871475, "epsilon": 14.186754195392025, "gamma": 0.08, "lamda": 0.02538417440306754}, "datetime": {"datetime": "2021-09-20 15:58:59", "elapsed": 2408.697513, "delta": 2.259422}}
{"target": -1.5318072052345357, "params": {"C": 99.97282085273386, "epsilon": 19.469650190299504, "gamma": 0.0635313910903681, "lamda": 0.02356751069835741}, "datetime": {"datetime": "2021-09-20 15:59:11", "elapsed": 2421.386667, "delta": 12.689154}}
{"target": -5.450714840219762, "params": {"C": 73.36206485804524, "epsilon": 12.952897838447113, "gamma": 0.045042507246836706, "lamda": 0.029544280848210768}, "datetime": {"datetime": "2021-09-20 15:59:23", "elapsed": 2433.264763, "delta": 11.878096}}
{"target": -5.198628443629197, "params": {"C": 67.9517807409547, "epsilon": 12.597986289252514, "gamma": 0.049915160328259385, "lamda": 0.08732240173200514}, "datetime": {"datetime": "2021-09-20 15:59:42", "elapsed": 2451.830355, "delta": 18.565592}}
{"target": -3.4814195809720934, "params": {"C": 96.97391276135453, "epsilon": 18.868598766756715, "gamma": 0.07314934454110533, "lamda": 0.015020323509910742}, "datetime": {"datetime": "2021-09-20 16:00:00", "elapsed": 2470.12717, "delta": 18.296815}}
{"target": -4.314770645969596, "params": {"C": 94.97524283114694, "epsilon": 11.376380299965245, "gamma": 0.056498468211647244, "lamda": 0.012227862474373867}, "datetime": {"datetime": "2021-09-20 16:00:14", "elapsed": 2484.584677, "delta": 14.457507}}
{"target": -5.5337276950552745, "params": {"C": 76.3318469521978, "epsilon": 12.753871582994105, "gamma": 0.04279498405261821, "lamda": 0.1118270584610705}, "datetime": {"datetime": "2021-09-20 16:00:30", "elapsed": 2499.667915, "delta": 15.083238}}
{"target": -5.240376891727655, "params": {"C": 66.29203351551158, "epsilon": 12.249763840534506, "gamma": 0.048160268208847, "lamda": 0.06660237029783947}, "datetime": {"datetime": "2021-09-20 16:00:51", "elapsed": 2520.771983, "delta": 21.104068}}
{"target": 0.9066014729282894, "params": {"C": 73.51337524138383, "epsilon": 14.171575056924512, "gamma": 0.05665869668968328, "lamda": 0.025374991072732913}, "datetime": {"datetime": "2021-09-20 16:00:53", "elapsed": 2523.360075, "delta": 2.588092}}
{"target": -1.6792304017696202, "params": {"C": 76.48729772971012, "epsilon": 12.855226767438847, "gamma": 0.06975038161903556, "lamda": 0.0554006449544591}, "datetime": {"datetime": "2021-09-20 16:01:07", "elapsed": 2537.358756, "delta": 13.998681}}
{"target": -2.345237768373803, "params": {"C": 99.93823078681734, "epsilon": 17.242905187885512, "gamma": 0.054554019212915826, "lamda": 0.018408543207114964}, "datetime": {"datetime": "2021-09-20 16:01:22", "elapsed": 2551.75039, "delta": 14.391634}}
{"target": -6.549604783299425, "params": {"C": 99.36918248208895, "epsilon": 17.20350811154149, "gamma": 0.04526438450295014, "lamda": 0.08465636920471868}, "datetime": {"datetime": "2021-09-20 16:01:41", "elapsed": 2571.611203, "delta": 19.860813}}
{"target": 0.9049629091175142, "params": {"C": 72.50910331623004, "epsilon": 14.014587517287755, "gamma": 0.05896100222776534, "lamda": 0.040489565854983346}, "datetime": {"datetime": "2021-09-20 16:01:43", "elapsed": 2573.393962, "delta": 1.782759}}
{"target": -3.095733370391951, "params": {"C": 72.57118924308594, "epsilon": 14.095874819141212, "gamma": 0.05335667491037558, "lamda": 0.06438698022064922}, "datetime": {"datetime": "2021-09-20 16:02:03", "elapsed": 2593.424763, "delta": 20.030801}}
{"target": -4.30511384545207, "params": {"C": 98.33845446212945, "epsilon": 20.61356626638059, "gamma": 0.05139612747164855, "lamda": 0.03437421501616842}, "datetime": {"datetime": "2021-09-20 16:02:15", "elapsed": 2605.351954, "delta": 11.927191}}
{"target": -5.261480922342937, "params": {"C": 68.10939208995997, "epsilon": 10.69808123618828, "gamma": 0.04753189758150016, "lamda": 0.08124860431476608}, "datetime": {"datetime": "2021-09-20 16:02:27", "elapsed": 2617.531616, "delta": 12.179662}}
{"target": 0.9026829234954244, "params": {"C": 68.16693357189779, "epsilon": 10.644052788927517, "gamma": 0.07398459046840065, "lamda": 0.07367258528647799}, "datetime": {"datetime": "2021-09-20 16:02:29", "elapsed": 2619.392663, "delta": 1.861047}}
{"target": -1.7829361090952807, "params": {"C": 87.77840987077482, "epsilon": 13.889557693426433, "gamma": 0.062156782251167636, "lamda": 0.0655351258072704}, "datetime": {"datetime": "2021-09-20 16:02:41", "elapsed": 2631.489155, "delta": 12.096492}}
{"target": -3.3198599466400367, "params": {"C": 95.45409725039323, "epsilon": 16.68919394885821, "gamma": 0.07960609759860199, "lamda": 0.029816453833184913}, "datetime": {"datetime": "2021-09-20 16:03:00", "elapsed": 2650.03081, "delta": 18.541655}}
{"target": -3.4385573949328405, "params": {"C": 74.66034240409124, "epsilon": 17.19245051621063, "gamma": 0.06917396094266726, "lamda": 0.12941451980217147}, "datetime": {"datetime": "2021-09-20 16:03:19", "elapsed": 2669.001283, "delta": 18.970473}}
{"target": -4.0101105298380055, "params": {"C": 93.0922423927527, "epsilon": 11.18312422902156, "gamma": 0.05169868646352558, "lamda": 0.015758683884713343}, "datetime": {"datetime": "2021-09-20 16:03:32", "elapsed": 2681.755113, "delta": 12.75383}}
{"target": -7.413650724236033, "params": {"C": 93.1836629148355, "epsilon": 18.558430718637513, "gamma": 0.04238115640038254, "lamda": 0.03971465738839997}, "datetime": {"datetime": "2021-09-20 16:03:40", "elapsed": 2690.479499, "delta": 8.724386}}
{"target": -2.612869233273313, "params": {"C": 74.42452030009476, "epsilon": 11.766981595410947, "gamma": 0.07033373082199626, "lamda": 0.16715529159686507}, "datetime": {"datetime": "2021-09-20 16:03:58", "elapsed": 2708.08967, "delta": 17.610171}}
{"target": 0.9026102865024576, "params": {"C": 72.51551232108622, "epsilon": 13.996019975896704, "gamma": 0.07685791924353576, "lamda": 0.061019369758991394}, "datetime": {"datetime": "2021-09-20 16:04:00", "elapsed": 2710.24179, "delta": 2.15212}}
{"target": -3.627129072242215, "params": {"C": 73.93643400884163, "epsilon": 21.69277803104886, "gamma": 0.07432645249750677, "lamda": 0.0815888168799983}, "datetime": {"datetime": "2021-09-20 16:04:18", "elapsed": 2728.209772, "delta": 17.967982}}
{"target": -2.7207281489738477, "params": {"C": 73.6712288113372, "epsilon": 14.199619831109985, "gamma": 0.07507056824182871, "lamda": 0.02141684879126113}, "datetime": {"datetime": "2021-09-20 16:04:37", "elapsed": 2747.00777, "delta": 18.797998}}
{"target": -7.768158620376852, "params": {"C": 67.10101612386782, "epsilon": 19.02574458548306, "gamma": 0.05502529265074337, "lamda": 0.07610223227983802}, "datetime": {"datetime": "2021-09-20 16:04:58", "elapsed": 2768.056838, "delta": 21.049068}}
{"target": -7.750474617109948, "params": {"C": 94.35370740563556, "epsilon": 19.41523992548283, "gamma": 0.044482520503761246, "lamda": 0.08225328502184874}, "datetime": {"datetime": "2021-09-20 16:05:22", "elapsed": 2791.859874, "delta": 23.803036}}
{"target": 0.9019224486382961, "params": {"C": 76.37399774795816, "epsilon": 12.910420883006372, "gamma": 0.07267942988527243, "lamda": 0.05320241254131704}, "datetime": {"datetime": "2021-09-20 16:05:24", "elapsed": 2793.680626, "delta": 1.820752}}
{"target": -3.7682215478602963, "params": {"C": 91.80167838303458, "epsilon": 20.63030122536275, "gamma": 0.0731463432512223, "lamda": 0.10222979895303033}, "datetime": {"datetime": "2021-09-20 16:05:44", "elapsed": 2814.555439, "delta": 20.874813}}
{"target": -3.004320438862309, "params": {"C": 85.12316527074643, "epsilon": 17.287045998096033, "gamma": 0.06383134472715574, "lamda": 0.10708352950816874}, "datetime": {"datetime": "2021-09-20 16:05:58", "elapsed": 2827.679237, "delta": 13.123798}}
{"target": -1.6164974767843625, "params": {"C": 90.76087600427984, "epsilon": 11.497283971201483, "gamma": 0.06742640980450229, "lamda": 0.08849648137298288}, "datetime": {"datetime": "2021-09-20 16:06:09", "elapsed": 2838.921703, "delta": 11.242466}}
{"target": -5.382790441779035, "params": {"C": 74.9564182966643, "epsilon": 14.626219886934393, "gamma": 0.05154331397261748, "lamda": 0.19545746167165465}, "datetime": {"datetime": "2021-09-20 16:06:27", "elapsed": 2857.54957, "delta": 18.627867}}
{"target": -3.839397081729169, "params": {"C": 96.06515087051736, "epsilon": 12.856654608607343, "gamma": 0.05199108846856274, "lamda": 0.02519296018149237}, "datetime": {"datetime": "2021-09-20 16:06:41", "elapsed": 2871.659737, "delta": 14.110167}}
{"target": -8.633932184912144, "params": {"C": 99.53397352458933, "epsilon": 20.87186992379738, "gamma": 0.045543476294094394, "lamda": 0.19496551781837837}, "datetime": {"datetime": "2021-09-20 16:07:02", "elapsed": 2892.214263, "delta": 20.554526}}
{"target": -4.4443602548817704, "params": {"C": 93.97902051908139, "epsilon": 13.191376357387464, "gamma": 0.04210524407437747, "lamda": 0.0491641221870021}, "datetime": {"datetime": "2021-09-20 16:07:13", "elapsed": 2903.561004, "delta": 11.346741}}
{"target": -3.4609026672840937, "params": {"C": 83.99649804636158, "epsilon": 17.2861638100047, "gamma": 0.07334378421660852, "lamda": 0.15089056881694618}, "datetime": {"datetime": "2021-09-20 16:07:31", "elapsed": 2921.037636, "delta": 17.476632}}
{"target": -3.559007191150944, "params": {"C": 79.14821297789766, "epsilon": 12.763142168572214, "gamma": 0.05690200264303925, "lamda": 0.02039761311604657}, "datetime": {"datetime": "2021-09-20 16:07:41", "elapsed": 2930.932636, "delta": 9.895}}
{"target": 0.905938117329516, "params": {"C": 71.3625311184139, "epsilon": 15.780957952733, "gamma": 0.056278023105656196, "lamda": 0.015788352765256412}, "datetime": {"datetime": "2021-09-20 16:07:42", "elapsed": 2932.622636, "delta": 1.69}}
{"target": -2.8385930403216193, "params": {"C": 98.42048723563012, "epsilon": 14.204054845346477, "gamma": 0.08, "lamda": 0.02588431789028817}, "datetime": {"datetime": "2021-09-20 16:07:54", "elapsed": 2944.246644, "delta": 11.624008}}
{"target": -1.993123876061659, "params": {"C": 72.46759106711829, "epsilon": 13.955346633757122, "gamma": 0.05753207144109375, "lamda": 0.11792353963635001}, "datetime": {"datetime": "2021-09-20 16:08:06", "elapsed": 2956.277246, "delta": 12.030602}}
{"target": -2.5995888988704596, "params": {"C": 96.71122069032465, "epsilon": 11.404920491771346, "gamma": 0.07506421192667913, "lamda": 0.020915171531796686}, "datetime": {"datetime": "2021-09-20 16:08:18", "elapsed": 2967.668618, "delta": 11.391372}}
{"target": -6.290300572147696, "params": {"C": 81.39741001953205, "epsilon": 16.967284977567097, "gamma": 0.05184798340937667, "lamda": 0.08482873277398296}, "datetime": {"datetime": "2021-09-20 16:08:29", "elapsed": 2978.721962, "delta": 11.053344}}
{"target": 0.9017888070029545, "params": {"C": 72.55423170916927, "epsilon": 14.027575378344068, "gamma": 0.07502018005629049, "lamda": 0.06469656112703763}, "datetime": {"datetime": "2021-09-20 16:08:30", "elapsed": 2980.415962, "delta": 1.694}}
{"target": -1.8237761353273898, "params": {"C": 88.23158251697332, "epsilon": 21.937611756713626, "gamma": 0.061668522092887854, "lamda": 0.04480495327008656}, "datetime": {"datetime": "2021-09-20 16:08:41", "elapsed": 2991.39596, "delta": 10.979998}}
{"target": -1.4313528875849153, "params": {"C": 70.78724013726561, "epsilon": 13.412704538245375, "gamma": 0.07255811723585555, "lamda": 0.11970670996558168}, "datetime": {"datetime": "2021-09-20 16:08:54", "elapsed": 3003.957877, "delta": 12.561917}}
{"target": -3.5642327461179386, "params": {"C": 93.80800703666559, "epsilon": 21.419786943703397, "gamma": 0.07669695117486766, "lamda": 0.1447486148307587}, "datetime": {"datetime": "2021-09-20 16:09:11", "elapsed": 3021.011033, "delta": 17.053156}}
{"target": -2.417062473020402, "params": {"C": 72.6427992964767, "epsilon": 14.096827726250037, "gamma": 0.07301528180251024, "lamda": 0.022592617843321953}, "datetime": {"datetime": "2021-09-20 16:09:25", "elapsed": 3035.238082, "delta": 14.227049}}
{"target": 0.9002335885725234, "params": {"C": 76.25622313379762, "epsilon": 12.774313813154462, "gamma": 0.07872646880241743, "lamda": 0.07299636877754338}, "datetime": {"datetime": "2021-09-20 16:09:27", "elapsed": 3037.130665, "delta": 1.892583}}
{"target": 0.9053343145452979, "params": {"C": 95.43824885394439, "epsilon": 16.631146507682164, "gamma": 0.0688020856879715, "lamda": 0.003950701109478005}, "datetime": {"datetime": "2021-09-20 16:09:29", "elapsed": 3039.247368, "delta": 2.116703}}
{"target": -5.131369516921152, "params": {"C": 79.84666365941453, "epsilon": 12.360614526635398, "gamma": 0.04824939313933242, "lamda": 0.1502695976392042}, "datetime": {"datetime": "2021-09-20 16:09:48", "elapsed": 3058.513431, "delta": 19.266063}}
{"target": 0.9031342571018772, "params": {"C": 73.60061418870318, "epsilon": 14.232629255611922, "gamma": 0.0752602793130388, "lamda": 0.11756513739786792}, "datetime": {"datetime": "2021-09-20 16:09:51", "elapsed": 3060.714206, "delta": 2.200775}}
{"target": 0.9070530252322865, "params": {"C": 68.15172458682939, "epsilon": 10.661282923934632, "gamma": 0.06201753078863114, "lamda": 0.0009035149903705762}, "datetime": {"datetime": "2021-09-20 16:09:52", "elapsed": 3062.239788, "delta": 1.525582}}
{"target": -8.179099854413352, "params": {"C": 98.33366154602575, "epsilon": 20.66843101787833, "gamma": 0.044560905792514816, "lamda": 0.055962835598014044}, "datetime": {"datetime": "2021-09-20 16:10:13", "elapsed": 3082.674121, "delta": 20.434333}}
{"target": 0.901903973713935, "params": {"C": 76.45538558193036, "epsilon": 12.89206227259336, "gamma": 0.07284951278735105, "lamda": 0.033694617881303304}, "datetime": {"datetime": "2021-09-20 16:10:15", "elapsed": 3084.727061, "delta": 2.05294}}
{"target": -6.7960103301552675, "params": {"C": 81.27589191901777, "epsilon": 17.759875339820923, "gamma": 0.05310734265078891, "lamda": 0.14959387963028187}, "datetime": {"datetime": "2021-09-20 16:10:34", "elapsed": 3103.993254, "delta": 19.266193}}
{"target": 0.9029250470760504, "params": {"C": 68.15986836659614, "epsilon": 10.669393839722197, "gamma": 0.07020298789997381, "lamda": 0.010136667924919372}, "datetime": {"datetime": "2021-09-20 16:10:35", "elapsed": 3105.621475, "delta": 1.628221}}
{"target": 0.9089155773580331, "params": {"C": 66.74129673634187, "epsilon": 18.224769670170403, "gamma": 0.05667326781062722, "lamda": 0.04079558694223769}, "datetime": {"datetime": "2021-09-20 16:10:37", "elapsed": 3107.455571, "delta": 1.834096}}
{"target": -2.788003577332907, "params": {"C": 97.83542722062109, "epsilon": 12.134723637955966, "gamma": 0.07458152899683199, "lamda": 0.15910506395190033}, "datetime": {"datetime": "2021-09-20 16:10:49", "elapsed": 3119.246949, "delta": 11.791378}}
{"target": -1.6459476260100279, "params": {"C": 72.52799537202822, "epsilon": 13.981654495734123, "gamma": 0.07109579044342143, "lamda": 0.08497689219811388}, "datetime": {"datetime": "2021-09-20 16:11:02", "elapsed": 3132.357782, "delta": 13.110833}}
{"target": -3.685650211984867, "params": {"C": 80.56660086463317, "epsilon": 19.71192529403004, "gamma": 0.06431082455018433, "lamda": 0.071106677476606}, "datetime": {"datetime": "2021-09-20 16:11:24", "elapsed": 3154.383703, "delta": 22.025921}}
{"target": -6.548840694630033, "params": {"C": 81.86984903563534, "epsilon": 18.097040886024068, "gamma": 0.06707553503110661, "lamda": 0.17712104762511605}, "datetime": {"datetime": "2021-09-20 16:11:37", "elapsed": 3166.771104, "delta": 12.387401}}
{"target": -8.167487095026436, "params": {"C": 90.22722189150377, "epsilon": 20.902110521196445, "gamma": 0.05287559908421319, "lamda": 0.12119911593206453}, "datetime": {"datetime": "2021-09-20 16:11:56", "elapsed": 3186.000733, "delta": 19.229629}}
{"target": -5.846728317298893, "params": {"C": 72.63319323885507, "epsilon": 14.033963461420335, "gamma": 0.04519451089839838, "lamda": 0.025861424314693383}, "datetime": {"datetime": "2021-09-20 16:12:09", "elapsed": 3198.927005, "delta": 12.926272}}
{"target": -2.8573154776188647, "params": {"C": 70.23148783035435, "epsilon": 11.396471552632054, "gamma": 0.05459735907364026, "lamda": 0.10510585227613631}, "datetime": {"datetime": "2021-09-20 16:12:29", "elapsed": 3219.366775, "delta": 20.43977}}
{"target": -3.5262562908750574, "params": {"C": 97.60411569543162, "epsilon": 16.631667955674377, "gamma": 0.061106902025239024, "lamda": 0.05624070183873706}, "datetime": {"datetime": "2021-09-20 16:12:43", "elapsed": 3232.676514, "delta": 13.309739}}
{"target": 0.9040884850456716, "params": {"C": 71.35381418794894, "epsilon": 15.74776538305049, "gamma": 0.05930241682299273, "lamda": 0.042655177091889075}, "datetime": {"datetime": "2021-09-20 16:12:45", "elapsed": 3235.42705, "delta": 2.750536}}
{"target": -8.883357846538555, "params": {"C": 76.67919945165865, "epsilon": 21.800700146112273, "gamma": 0.04079401085323566, "lamda": 0.14352108274162376}, "datetime": {"datetime": "2021-09-20 16:13:05", "elapsed": 3255.387139, "delta": 19.960089}}
{"target": 0.9037948386612993, "params": {"C": 68.1752905163785, "epsilon": 10.68021319243118, "gamma": 0.06709512811369434, "lamda": 0.1022191616740749}, "datetime": {"datetime": "2021-09-20 16:13:07", "elapsed": 3257.597777, "delta": 2.210638}}
{"target": -6.516555341085949, "params": {"C": 71.42270118747948, "epsilon": 15.737042592619588, "gamma": 0.04414679962911369, "lamda": 0.04308057868067906}, "datetime": {"datetime": "2021-09-20 16:13:22", "elapsed": 3272.428925, "delta": 14.831148}}
{"target": 0.905552461174804, "params": {"C": 68.14486603315916, "epsilon": 10.698044124568113, "gamma": 0.053155036444706066, "lamda": 0.007364747572281398}, "datetime": {"datetime": "2021-09-20 16:13:25", "elapsed": 3274.780306, "delta": 2.351381}}
{"target": -1.605438271719533, "params": {"C": 94.14979923776065, "epsilon": 12.46995202341862, "gamma": 0.07795466047800269, "lamda": 0.05516823804189116}, "datetime": {"datetime": "2021-09-20 16:13:38", "elapsed": 3287.688011, "delta": 12.907705}}
{"target": 0.9027476552303713, "params": {"C": 80.01203770828913, "epsilon": 12.891529707387129, "gamma": 0.07615754884488105, "lamda": 0.005745582958462843}, "datetime": {"datetime": "2021-09-20 16:13:39", "elapsed": 3288.92943, "delta": 1.241419}}
{"target": -4.192896136068444, "params": {"C": 99.67288432679067, "epsilon": 20.887215070489418, "gamma": 0.056385229235538, "lamda": 0.046159778384527915}, "datetime": {"datetime": "2021-09-20 16:13:50", "elapsed": 3300.059623, "delta": 11.130193}}
{"target": -5.891297641536303, "params": {"C": 72.49938360554685, "epsilon": 13.945043948189209, "gamma": 0.044735428051609655, "lamda": 0.06234821348933184}, "datetime": {"datetime": "2021-09-20 16:14:03", "elapsed": 3313.199285, "delta": 13.139662}}
{"target": -3.0094129086231147, "params": {"C": 73.59329514026211, "epsilon": 14.193396851463792, "gamma": 0.05909851753591801, "lamda": 0.06796614552229922}, "datetime": {"datetime": "2021-09-20 16:14:23", "elapsed": 3333.099947, "delta": 19.900662}}
{"target": -1.518393827525475, "params": {"C": 87.92111887291173, "epsilon": 11.336043287506378, "gamma": 0.07628120215119671, "lamda": 0.0747406919800497}, "datetime": {"datetime": "2021-09-20 16:14:36", "elapsed": 3345.771053, "delta": 12.671106}}
{"target": -2.7008670397918433, "params": {"C": 72.58339878121444, "epsilon": 14.005988796269252, "gamma": 0.06646174084567591, "lamda": 0.01430062181303931}, "datetime": {"datetime": "2021-09-20 16:14:51", "elapsed": 3360.750018, "delta": 14.978965}}
{"target": 0.9006391414798695, "params": {"C": 75.13389351367633, "epsilon": 17.72487277890536, "gamma": 0.0697353558695008, "lamda": 0.009328205846197679}, "datetime": {"datetime": "2021-09-20 16:14:52", "elapsed": 3362.617521, "delta": 1.867503}}
{"target": -6.988609547417831, "params": {"C": 67.85832416816199, "epsilon": 19.04511913511747, "gamma": 0.06600942024241967, "lamda": 0.1777369713355588}, "datetime": {"datetime": "2021-09-20 16:15:10", "elapsed": 3380.214072, "delta": 17.596551}}
{"target": -5.790457530963845, "params": {"C": 73.61186270384003, "epsilon": 14.258104375791843, "gamma": 0.05075615909834711, "lamda": 0.06845872529343568}, "datetime": {"datetime": "2021-09-20 16:15:30", "elapsed": 3399.674074, "delta": 19.460002}}
{"target": -3.352802872017281, "params": {"C": 67.20652853963975, "epsilon": 16.147710494246883, "gamma": 0.0776121257506793, "lamda": 0.13800014335648533}, "datetime": {"datetime": "2021-09-20 16:15:42", "elapsed": 3411.701072, "delta": 12.026998}}
{"target": 0.9019686977318333, "params": {"C": 68.19497470891271, "epsilon": 10.739858348433922, "gamma": 0.07906165780662025, "lamda": 0.008312225834812156}, "datetime": {"datetime": "2021-09-20 16:15:44", "elapsed": 3413.694002, "delta": 1.99293}}
{"target": -1.5392919787656725, "params": {"C": 97.10575282484929, "epsilon": 19.662375140183318, "gamma": 0.07591938562240427, "lamda": 0.030083150685130795}, "datetime": {"datetime": "2021-09-20 16:15:56", "elapsed": 3425.771003, "delta": 12.077001}}
{"target": -3.5476732633096555, "params": {"C": 91.5784345542522, "epsilon": 20.597087027264866, "gamma": 0.07464384253081548, "lamda": 0.08097520754475976}, "datetime": {"datetime": "2021-09-20 16:16:11", "elapsed": 3441.438653, "delta": 15.66765}}
{"target": -2.8216850701546505, "params": {"C": 68.57781745786484, "epsilon": 11.959895516924407, "gamma": 0.07003901348873234, "lamda": 0.10887571555231969}, "datetime": {"datetime": "2021-09-20 16:16:29", "elapsed": 3459.543911, "delta": 18.105258}}
