{"target": -3.9565438037591383, "params": {"C": 93.45140260791106, "epsilon": 16.899585701387977, "gamma": 0.05249725696390672, "lamda": 0.027116855633557736}, "datetime": {"datetime": "2021-09-20 09:00:27", "elapsed": 648.789336, "delta": 8.707999}}
{"target": -1.4750154128949342, "params": {"C": 91.1817935334912, "epsilon": 17.568983703060237, "gamma": 0.07759662793135777, "lamda": 0.08187973837446624}, "datetime": {"datetime": "2021-09-20 09:00:36", "elapsed": 657.737333, "delta": 8.947997}}
{"target": 0.9029003950477139, "params": {"C": 76.35338317412584, "epsilon": 10.014912506639394, "gamma": 0.07339461666938367, "lamda": 0.07043950510372472}, "datetime": {"datetime": "2021-09-20 09:00:37", "elapsed": 658.360337, "delta": 0.623004}}
{"target": -2.7170538440110197, "params": {"C": 96.59009535778179, "epsilon": 11.428642373418313, "gamma": 0.06513851042627505, "lamda": 0.16293678994621366}, "datetime": {"datetime": "2021-09-20 09:00:52", "elapsed": 673.538334, "delta": 15.177997}}
{"target": -3.597438366736262, "params": {"C": 82.83067109474239, "epsilon": 14.926986822036953, "gamma": 0.06060070603771385, "lamda": 0.15815294970149066}, "datetime": {"datetime": "2021-09-20 09:01:07", "elapsed": 688.418338, "delta": 14.880004}}
{"target": 0.902493315024613, "params": {"C": 71.67913780883441, "epsilon": 14.070591449938195, "gamma": 0.06288267880239301, "lamda": 0.008077457593480306}, "datetime": {"datetime": "2021-09-20 09:01:08", "elapsed": 689.09233, "delta": 0.673992}}
{"target": -7.284041503036356, "params": {"C": 75.69554418642542, "epsilon": 17.720508748673495, "gamma": 0.05071915164232464, "lamda": 0.10759480740341498}, "datetime": {"datetime": "2021-09-20 09:01:22", "elapsed": 703.887333, "delta": 14.795003}}
{"target": -6.1072500675492485, "params": {"C": 91.89488019875591, "epsilon": 16.917431033289823, "gamma": 0.05776814675051045, "lamda": 0.11478041460697029}, "datetime": {"datetime": "2021-09-20 09:01:32", "elapsed": 713.322333, "delta": 9.435}}
{"target": -3.3225991328398345, "params": {"C": 73.17251793987721, "epsilon": 16.108694134678302, "gamma": 0.05401290696488387, "lamda": 0.048601564317542714}, "datetime": {"datetime": "2021-09-20 09:01:40", "elapsed": 721.694334, "delta": 8.372001}}
{"target": -5.541651598123608, "params": {"C": 80.85737683955782, "epsilon": 14.494999309920349, "gamma": 0.058140517224837054, "lamda": 0.16301705929777752}, "datetime": {"datetime": "2021-09-20 09:01:49", "elapsed": 731.050331, "delta": 9.355997}}
{"target": -1.022794895403191, "params": {"C": 84.84144716353869, "epsilon": 13.947651344088454, "gamma": 0.09500741605093463, "lamda": 0.1374820655459647}, "datetime": {"datetime": "2021-09-20 09:01:59", "elapsed": 740.262336, "delta": 9.212005}}
{"target": -4.621908699041452, "params": {"C": 71.957286342404, "epsilon": 12.128454237421746, "gamma": 0.04073303546887659, "lamda": 0.03737132165922826}, "datetime": {"datetime": "2021-09-20 09:02:12", "elapsed": 753.836332, "delta": 13.573996}}
{"target": -5.760250167093719, "params": {"C": 66.62864054342359, "epsilon": 12.823938122758694, "gamma": 0.042852277742401794, "lamda": 0.10501335358191974}, "datetime": {"datetime": "2021-09-20 09:02:22", "elapsed": 763.146337, "delta": 9.310005}}
{"target": -2.4026530896961544, "params": {"C": 77.91465606141907, "epsilon": 11.800396613652023, "gamma": 0.07711982995975508, "lamda": 0.1997899567105028}, "datetime": {"datetime": "2021-09-20 09:02:37", "elapsed": 778.127333, "delta": 14.980996}}
{"target": -2.1118290488084432, "params": {"C": 88.79481720841677, "epsilon": 16.254560263717085, "gamma": 0.06160935827528191, "lamda": 0.02175271968093153}, "datetime": {"datetime": "2021-09-20 09:02:45", "elapsed": 787.030334, "delta": 8.903001}}
{"target": -1.9014344851735032, "params": {"C": 92.1216565229486, "epsilon": 12.520111644489534, "gamma": 0.06609456243578757, "lamda": 0.06399034862716386}, "datetime": {"datetime": "2021-09-20 09:02:55", "elapsed": 796.715332, "delta": 9.684998}}
{"target": -3.4575104065870725, "params": {"C": 84.86873453835257, "epsilon": 14.948011168863164, "gamma": 0.06117952984152878, "lamda": 0.11881353805023166}, "datetime": {"datetime": "2021-09-20 09:03:04", "elapsed": 805.303676, "delta": 8.588344}}
{"target": -2.43420398813952, "params": {"C": 77.65117286816665, "epsilon": 13.08733910166043, "gamma": 0.07960866373813466, "lamda": 0.16463406717256676}, "datetime": {"datetime": "2021-09-20 09:03:18", "elapsed": 819.268889, "delta": 13.965213}}
{"target": 0.8996273022024787, "params": {"C": 68.1479436008674, "epsilon": 10.493791833577395, "gamma": 0.08583388050905238, "lamda": 0.0048333109496945335}, "datetime": {"datetime": "2021-09-20 09:03:18", "elapsed": 819.897885, "delta": 0.628996}}
{"target": -2.3458193171549304, "params": {"C": 96.8061219375477, "epsilon": 13.54262225207822, "gamma": 0.09992083286946332, "lamda": 0.03318202776119659}, "datetime": {"datetime": "2021-09-20 09:03:27", "elapsed": 828.603551, "delta": 8.705666}}
{"target": 0.8975924976540365, "params": {"C": 66.00034512828742, "epsilon": 14.703630630536114, "gamma": 0.09120771511661352, "lamda": 0.024416552240279114}, "datetime": {"datetime": "2021-09-20 09:03:28", "elapsed": 829.239544, "delta": 0.635993}}
{"target": -5.557068820064699, "params": {"C": 78.3523251615526, "epsilon": 13.46519379791247, "gamma": 0.04594632146528034, "lamda": 0.006344398184674041}, "datetime": {"datetime": "2021-09-20 09:03:37", "elapsed": 838.832544, "delta": 9.593}}
{"target": -2.553521854638271, "params": {"C": 98.90603190022087, "epsilon": 11.739355542223475, "gamma": 0.07335716695381041, "lamda": 0.03514003382615039}, "datetime": {"datetime": "2021-09-20 09:03:53", "elapsed": 854.508554, "delta": 15.67601}}
{"target": -4.233223433348517, "params": {"C": 85.10005646565727, "epsilon": 11.168699434796205, "gamma": 0.042679965730932086, "lamda": 0.04332309388201372}, "datetime": {"datetime": "2021-09-20 09:04:02", "elapsed": 863.941548, "delta": 9.432994}}
{"target": -4.05612784123496, "params": {"C": 88.9937817655118, "epsilon": 16.85925744643692, "gamma": 0.05113434187126514, "lamda": 0.03416639295020871}, "datetime": {"datetime": "2021-09-20 09:04:14", "elapsed": 875.145443, "delta": 11.203895}}
{"target": -4.985517668484959, "params": {"C": 67.29613195171292, "epsilon": 11.02055040184722, "gamma": 0.04355455422063374, "lamda": 0.04647692942724228}, "datetime": {"datetime": "2021-09-20 09:04:23", "elapsed": 884.41216, "delta": 9.266717}}
{"target": -2.4321988433223414, "params": {"C": 93.55450167973974, "epsilon": 16.40087031829826, "gamma": 0.09663577120625613, "lamda": 0.17680161178711934}, "datetime": {"datetime": "2021-09-20 09:04:37", "elapsed": 898.148164, "delta": 13.736004}}
{"target": 0.9040607717255154, "params": {"C": 89.22797943222929, "epsilon": 16.382744275788404, "gamma": 0.07629345068125323, "lamda": 0.009355001218913944}, "datetime": {"datetime": "2021-09-20 09:04:37", "elapsed": 898.883168, "delta": 0.735004}}
{"target": -1.4224498753652655, "params": {"C": 98.67065475390054, "epsilon": 15.753753461612288, "gamma": 0.08470702866755327, "lamda": 0.0324691592568936}, "datetime": {"datetime": "2021-09-20 09:04:46", "elapsed": 907.908163, "delta": 9.024995}}
{"target": -3.4277435994258925, "params": {"C": 81.30403140878644, "epsilon": 16.95111065306484, "gamma": 0.0675890787151012, "lamda": 0.09386867090635449}, "datetime": {"datetime": "2021-09-20 09:05:02", "elapsed": 923.552168, "delta": 15.644005}}
{"target": -1.2233780653453055, "params": {"C": 82.16266307719845, "epsilon": 15.633762859857327, "gamma": 0.0893623311252909, "lamda": 0.04029657122335314}, "datetime": {"datetime": "2021-09-20 09:05:11", "elapsed": 933.006167, "delta": 9.453999}}
{"target": -3.103884095311897, "params": {"C": 98.42974535314889, "epsilon": 12.230700693474336, "gamma": 0.0573048202344528, "lamda": 0.013289370902636266}, "datetime": {"datetime": "2021-09-20 09:05:20", "elapsed": 941.688164, "delta": 8.681997}}
{"target": 0.9038020607710949, "params": {"C": 85.736521270266, "epsilon": 12.924751771809389, "gamma": 0.07461973796390386, "lamda": 0.008980545717277627}, "datetime": {"datetime": "2021-09-20 09:05:21", "elapsed": 942.357889, "delta": 0.669725}}
{"target": -7.341719373911301, "params": {"C": 96.51611668632577, "epsilon": 17.338983539322022, "gamma": 0.04485473203652963, "lamda": 0.07001471249168473}, "datetime": {"datetime": "2021-09-20 09:05:31", "elapsed": 952.120152, "delta": 9.762263}}
{"target": -1.7841781053004593, "params": {"C": 77.74692755821799, "epsilon": 12.214109031888356, "gamma": 0.05667915419699423, "lamda": 0.05982424505529384}, "datetime": {"datetime": "2021-09-20 09:05:40", "elapsed": 962.060725, "delta": 9.940573}}
{"target": -1.50487169172992, "params": {"C": 84.4137994106845, "epsilon": 14.012832348590313, "gamma": 0.07175291539469719, "lamda": 0.08711079430986328}, "datetime": {"datetime": "2021-09-20 09:05:50", "elapsed": 971.253485, "delta": 9.19276}}
{"target": -2.629081745133888, "params": {"C": 80.66286490904116, "epsilon": 15.008728255174624, "gamma": 0.07758995580440968, "lamda": 0.15532915028840164}, "datetime": {"datetime": "2021-09-20 09:06:04", "elapsed": 985.65554, "delta": 14.402055}}
{"target": -3.4352170025931272, "params": {"C": 67.73022530030813, "epsilon": 15.486680279945752, "gamma": 0.07236017546096593, "lamda": 0.08286703034018597}, "datetime": {"datetime": "2021-09-20 09:06:19", "elapsed": 1000.511936, "delta": 14.856396}}
{"target": -3.362837935242167, "params": {"C": 83.59789971632391, "epsilon": 12.48002898797173, "gamma": 0.05081580697505922, "lamda": 0.04478358500073924}, "datetime": {"datetime": "2021-09-20 09:06:33", "elapsed": 1014.139649, "delta": 13.627713}}
{"target": -4.6765350715306075, "params": {"C": 78.9399524591426, "epsilon": 11.582947198822854, "gamma": 0.04886306869042673, "lamda": 0.19972644048186836}, "datetime": {"datetime": "2021-09-20 09:06:46", "elapsed": 1027.25865, "delta": 13.119001}}
{"target": -2.3009942941549815, "params": {"C": 97.9958911468858, "epsilon": 11.190275892017654, "gamma": 0.045604753082365224, "lamda": 0.15987652520301598}, "datetime": {"datetime": "2021-09-20 09:06:55", "elapsed": 1036.691728, "delta": 9.433078}}
{"target": -1.6134743115829897, "params": {"C": 82.62890240846014, "epsilon": 13.483829043868154, "gamma": 0.06998411331925536, "lamda": 0.05606789318392303}, "datetime": {"datetime": "2021-09-20 09:07:04", "elapsed": 1045.721755, "delta": 9.030027}}
{"target": 0.8961512547972582, "params": {"C": 74.0621631707181, "epsilon": 14.894853692030846, "gamma": 0.08619677511701883, "lamda": 0.12764611561002887}, "datetime": {"datetime": "2021-09-20 09:07:05", "elapsed": 1046.460746, "delta": 0.738991}}
{"target": -5.855787253056481, "params": {"C": 66.52874008013978, "epsilon": 15.543237125895633, "gamma": 0.048311625881117565, "lamda": 0.0877826286024301}, "datetime": {"datetime": "2021-09-20 09:07:20", "elapsed": 1061.53552, "delta": 15.074774}}
{"target": -6.823434583859217, "params": {"C": 87.2098927706927, "epsilon": 16.526350815190618, "gamma": 0.043652220117910805, "lamda": 0.08841159141001861}, "datetime": {"datetime": "2021-09-20 09:07:30", "elapsed": 1071.14639, "delta": 9.61087}}
{"target": 0.9003775041028541, "params": {"C": 74.6216173388481, "epsilon": 11.6345941500044, "gamma": 0.07918114390347904, "lamda": 0.11054928841743898}, "datetime": {"datetime": "2021-09-20 09:07:30", "elapsed": 1071.808835, "delta": 0.662445}}
{"target": -1.0742307680551835, "params": {"C": 83.86580763967629, "epsilon": 12.389717971462549, "gamma": 0.09755884344460845, "lamda": 0.0965553404134719}, "datetime": {"datetime": "2021-09-20 09:07:40", "elapsed": 1081.151363, "delta": 9.342528}}
{"target": -2.9781178272606113, "params": {"C": 79.56556650878014, "epsilon": 15.136068226927769, "gamma": 0.0647912121627154, "lamda": 0.12716901107841444}, "datetime": {"datetime": "2021-09-20 09:07:48", "elapsed": 1089.659138, "delta": 8.507775}}
{"target": -1.1411637621650712, "params": {"C": 76.45712022341279, "epsilon": 11.910298736906661, "gamma": 0.08605593642072104, "lamda": 0.0687863987441148}, "datetime": {"datetime": "2021-09-20 09:07:57", "elapsed": 1098.732043, "delta": 9.072905}}
{"target": -2.947920930046626, "params": {"C": 90.96521436495979, "epsilon": 17.11814123046359, "gamma": 0.08306175506917683, "lamda": 0.1654428774957094}, "datetime": {"datetime": "2021-09-20 09:08:10", "elapsed": 1112.006259, "delta": 13.274216}}
{"target": -1.3090619559755519, "params": {"C": 97.62925482748388, "epsilon": 16.61599972640534, "gamma": 0.08989406083900683, "lamda": 0.04662306674245818}, "datetime": {"datetime": "2021-09-20 09:08:20", "elapsed": 1121.279913, "delta": 9.273654}}
{"target": -5.4567210627654275, "params": {"C": 81.11084970765525, "epsilon": 15.124502763875713, "gamma": 0.0553328767008858, "lamda": 0.14056809197186235}, "datetime": {"datetime": "2021-09-20 09:08:29", "elapsed": 1130.767939, "delta": 9.488026}}
{"target": -1.4742978421940682, "params": {"C": 98.88968729438415, "epsilon": 10.400456393396837, "gamma": 0.07418541931747384, "lamda": 0.1145171224278734}, "datetime": {"datetime": "2021-09-20 09:08:39", "elapsed": 1140.165937, "delta": 9.397998}}
{"target": -2.891061743929744, "params": {"C": 88.6409735793773, "epsilon": 11.318363230530522, "gamma": 0.06094811008347145, "lamda": 0.14063897634907382}, "datetime": {"datetime": "2021-09-20 09:08:48", "elapsed": 1149.368936, "delta": 9.202999}}
{"target": -7.136392833686783, "params": {"C": 98.11105542904545, "epsilon": 17.439702779535587, "gamma": 0.04415665291497642, "lamda": 0.057795938771815936}, "datetime": {"datetime": "2021-09-20 09:08:57", "elapsed": 1158.891934, "delta": 9.522998}}
{"target": -4.4905430176022785, "params": {"C": 68.99260206415543, "epsilon": 11.363857775418957, "gamma": 0.0509783525772198, "lamda": 0.13629257182843646}, "datetime": {"datetime": "2021-09-20 09:09:07", "elapsed": 1168.242936, "delta": 9.351002}}
{"target": 0.8954951031717883, "params": {"C": 78.1371588228096, "epsilon": 12.196177033816785, "gamma": 0.09265991497836977, "lamda": 0.006293177613666734}, "datetime": {"datetime": "2021-09-20 09:09:07", "elapsed": 1169.026941, "delta": 0.784005}}
{"target": -4.035883147536693, "params": {"C": 91.48393367806325, "epsilon": 15.304900153750982, "gamma": 0.041396045178420625, "lamda": 0.024327153122088753}, "datetime": {"datetime": "2021-09-20 09:09:17", "elapsed": 1178.707936, "delta": 9.680995}}
{"target": -1.4954478215323506, "params": {"C": 72.24290433532072, "epsilon": 14.116912810945433, "gamma": 0.06303505061920883, "lamda": 0.03363893249619791}, "datetime": {"datetime": "2021-09-20 09:09:26", "elapsed": 1187.841932, "delta": 9.133996}}
{"target": -4.84852774446455, "params": {"C": 70.38917094550318, "epsilon": 11.315585095263728, "gamma": 0.048295607719328615, "lamda": 0.13607246350917776}, "datetime": {"datetime": "2021-09-20 09:09:41", "elapsed": 1202.83594, "delta": 14.994008}}
{"target": 0.8969713209717677, "params": {"C": 79.57281403435897, "epsilon": 16.252701350738597, "gamma": 0.09750083867911732, "lamda": 0.018887130881971484}, "datetime": {"datetime": "2021-09-20 09:09:42", "elapsed": 1203.653933, "delta": 0.817993}}
{"target": -1.1754923790379186, "params": {"C": 71.57556603158288, "epsilon": 14.061535123493254, "gamma": 0.08983087956121782, "lamda": 0.10625448739042603}, "datetime": {"datetime": "2021-09-20 09:09:52", "elapsed": 1213.21794, "delta": 9.564007}}
{"target": -5.593597683200577, "params": {"C": 84.78322385515995, "epsilon": 13.30488167809083, "gamma": 0.042867142699796086, "lamda": 0.09214846868605969}, "datetime": {"datetime": "2021-09-20 09:10:02", "elapsed": 1223.100936, "delta": 9.882996}}
{"target": -2.240931764745551, "params": {"C": 72.51601224708489, "epsilon": 10.072822143390304, "gamma": 0.07651405542447962, "lamda": 0.18524821148194612}, "datetime": {"datetime": "2021-09-20 09:10:15", "elapsed": 1237.050937, "delta": 13.950001}}
{"target": -2.444610574892456, "params": {"C": 95.075584174471, "epsilon": 11.721620723960516, "gamma": 0.06895304263402727, "lamda": 0.030656855072818238}, "datetime": {"datetime": "2021-09-20 09:10:29", "elapsed": 1250.916936, "delta": 13.865999}}
{"target": -2.892799940392144, "params": {"C": 92.05525773371966, "epsilon": 17.446067954690946, "gamma": 0.0856054298034303, "lamda": 0.1861977852510157}, "datetime": {"datetime": "2021-09-20 09:10:44", "elapsed": 1265.11594, "delta": 14.199004}}
{"target": 0.9048771036577624, "params": {"C": 78.32425784189365, "epsilon": 10.681344314753416, "gamma": 0.06614891350700368, "lamda": 0.03495343559593337}, "datetime": {"datetime": "2021-09-20 09:10:44", "elapsed": 1265.905937, "delta": 0.789997}}
{"target": -2.3696755755560215, "params": {"C": 88.15905379458741, "epsilon": 12.215712865276593, "gamma": 0.08840340000363839, "lamda": 0.040806749220601374}, "datetime": {"datetime": "2021-09-20 09:10:53", "elapsed": 1274.827939, "delta": 8.922002}}
{"target": -5.9072360620367785, "params": {"C": 98.8991924473219, "epsilon": 16.13682349194029, "gamma": 0.043028741842639065, "lamda": 0.006419288491847437}, "datetime": {"datetime": "2021-09-20 09:11:03", "elapsed": 1284.372936, "delta": 9.544997}}
{"target": 0.9044180389884192, "params": {"C": 71.347839621772, "epsilon": 14.891464156941442, "gamma": 0.04919989690573858, "lamda": 0.0009358901778092463}, "datetime": {"datetime": "2021-09-20 09:11:04", "elapsed": 1285.127937, "delta": 0.755001}}
{"target": -1.1474023095134012, "params": {"C": 94.82612427914161, "epsilon": 10.760665981177606, "gamma": 0.09447604364605036, "lamda": 0.07592090619098747}, "datetime": {"datetime": "2021-09-20 09:11:13", "elapsed": 1294.363936, "delta": 9.235999}}
{"target": -5.607870477378817, "params": {"C": 89.65502297936354, "epsilon": 14.21323554099022, "gamma": 0.05421289720084413, "lamda": 0.17517174863473195}, "datetime": {"datetime": "2021-09-20 09:11:28", "elapsed": 1309.189935, "delta": 14.825999}}
{"target": -2.9180195435928606, "params": {"C": 78.81067392586681, "epsilon": 10.753742231933355, "gamma": 0.05752777501400434, "lamda": 0.13863752586535047}, "datetime": {"datetime": "2021-09-20 09:11:36", "elapsed": 1317.919932, "delta": 8.729997}}
{"target": -1.1499276884064424, "params": {"C": 95.28287674735768, "epsilon": 13.000708180936943, "gamma": 0.0966548204394188, "lamda": 0.12641115330693428}, "datetime": {"datetime": "2021-09-20 09:11:46", "elapsed": 1327.340936, "delta": 9.421004}}
{"target": -3.0286818263798843, "params": {"C": 93.66563557801365, "epsilon": 11.802719378340358, "gamma": 0.06499042877196289, "lamda": 0.11629285759351826}, "datetime": {"datetime": "2021-09-20 09:11:58", "elapsed": 1339.149941, "delta": 11.809005}}
{"target": -2.8398440994158904, "params": {"C": 84.59116375154758, "epsilon": 15.716367978193698, "gamma": 0.08089797260389366, "lamda": 0.19359006345959595}, "datetime": {"datetime": "2021-09-20 09:12:12", "elapsed": 1353.925922, "delta": 14.775981}}
{"target": -7.5191549905785315, "params": {"C": 69.8382574278848, "epsilon": 17.38071124051953, "gamma": 0.04278601436203383, "lamda": 0.07979592202967076}, "datetime": {"datetime": "2021-09-20 09:12:22", "elapsed": 1363.425283, "delta": 9.499361}}
{"target": -2.647640304721702, "params": {"C": 69.95842592795059, "epsilon": 13.574034811089131, "gamma": 0.07317739110559976, "lamda": 0.15092039175092425}, "datetime": {"datetime": "2021-09-20 09:12:38", "elapsed": 1379.135285, "delta": 15.710002}}
{"target": -2.5937012784904088, "params": {"C": 68.62383544450724, "epsilon": 15.127031740266322, "gamma": 0.07571877286188375, "lamda": 0.19627924702659363}, "datetime": {"datetime": "2021-09-20 09:12:53", "elapsed": 1394.104283, "delta": 14.968998}}
{"target": -3.1408337536050936, "params": {"C": 79.80678368894527, "epsilon": 15.146669641004607, "gamma": 0.06560531054053297, "lamda": 0.1654662492339538}, "datetime": {"datetime": "2021-09-20 09:13:04", "elapsed": 1405.95428, "delta": 11.849997}}
{"target": -4.490293189438236, "params": {"C": 73.3362809282862, "epsilon": 10.54148694820277, "gamma": 0.047203276191803624, "lamda": 0.19754281688191505}, "datetime": {"datetime": "2021-09-20 09:13:19", "elapsed": 1420.973285, "delta": 15.019005}}
{"target": -2.814886051700785, "params": {"C": 78.46042185176128, "epsilon": 14.657702113363069, "gamma": 0.06827339357706447, "lamda": 0.1729341648165246}, "datetime": {"datetime": "2021-09-20 09:13:34", "elapsed": 1435.501282, "delta": 14.527997}}
{"target": 0.9022648239841664, "params": {"C": 85.05995060058413, "epsilon": 14.1452282018681, "gamma": 0.06672117355136993, "lamda": 0.004018977667999644}, "datetime": {"datetime": "2021-09-20 09:13:35", "elapsed": 1436.414281, "delta": 0.912999}}
{"target": 0.8968470924462055, "params": {"C": 66.39127236447347, "epsilon": 16.228401398272364, "gamma": 0.08959236019740621, "lamda": 0.05075206866382138}, "datetime": {"datetime": "2021-09-20 09:13:36", "elapsed": 1437.322279, "delta": 0.907998}}
{"target": -2.3135081714067063, "params": {"C": 71.15733244712311, "epsilon": 13.670599037592822, "gamma": 0.0776947855726845, "lamda": 0.18723072468962138}, "datetime": {"datetime": "2021-09-20 09:13:48", "elapsed": 1449.834281, "delta": 12.512002}}
{"target": -2.4387129319137175, "params": {"C": 78.61904586722679, "epsilon": 13.979985075174408, "gamma": 0.09647084550406237, "lamda": 0.163263095485142}, "datetime": {"datetime": "2021-09-20 09:14:01", "elapsed": 1462.572282, "delta": 12.738001}}
{"target": 0.9006729730616303, "params": {"C": 86.89938613560352, "epsilon": 16.73197966178851, "gamma": 0.08020878699374423, "lamda": 0.0019338802836461877}, "datetime": {"datetime": "2021-09-20 09:14:02", "elapsed": 1463.381281, "delta": 0.808999}}
{"target": -2.7664020713782334, "params": {"C": 91.39287731555598, "epsilon": 15.918362557662252, "gamma": 0.08750923463977198, "lamda": 0.17233041642378938}, "datetime": {"datetime": "2021-09-20 09:14:12", "elapsed": 1473.736282, "delta": 10.355001}}
