{"target": -1.0723303823225017, "params": {"C": 93.39395425763497, "epsilon": 13.095273976454568, "gamma": 0.0976809054260068, "lamda": 0.051512953942062}, "datetime": {"datetime": "2021-09-20 09:14:21", "elapsed": 1482.922284, "delta": 9.186002}}
{"target": 0.9001908878054451, "params": {"C": 72.8502736526399, "epsilon": 12.976760992603275, "gamma": 0.07260740729739842, "lamda": 0.007063822406960966}, "datetime": {"datetime": "2021-09-20 09:14:22", "elapsed": 1484.017281, "delta": 1.094997}}
{"target": -3.155456573407161, "params": {"C": 79.61537392164149, "epsilon": 14.601343290698901, "gamma": 0.06269487343883821, "lamda": 0.132541820478967}, "datetime": {"datetime": "2021-09-20 09:14:32", "elapsed": 1493.192281, "delta": 9.175}}
{"target": -5.621872800795858, "params": {"C": 88.44720191655082, "epsilon": 13.933298157120262, "gamma": 0.04586218127736274, "lamda": 0.16532333509845207}, "datetime": {"datetime": "2021-09-20 09:14:46", "elapsed": 1508.034281, "delta": 14.842}}
{"target": -3.7190860739315283, "params": {"C": 93.30875676676851, "epsilon": 17.38502550919056, "gamma": 0.06735968930192505, "lamda": 0.17572759822696746}, "datetime": {"datetime": "2021-09-20 09:15:00", "elapsed": 1521.362281, "delta": 13.328}}
{"target": -2.219501246016443, "params": {"C": 82.41967638992836, "epsilon": 14.028767441068362, "gamma": 0.085651748798899, "lamda": 0.18771869043896905}, "datetime": {"datetime": "2021-09-20 09:15:13", "elapsed": 1534.773272, "delta": 13.410991}}
{"target": -3.085391457447308, "params": {"C": 98.43996714413808, "epsilon": 13.024585159571652, "gamma": 0.06354748303971222, "lamda": 0.14377744836463244}, "datetime": {"datetime": "2021-09-20 09:15:22", "elapsed": 1543.770644, "delta": 8.997372}}
{"target": 0.8973812987991233, "params": {"C": 74.88503195655656, "epsilon": 10.495112164941565, "gamma": 0.09142838551568126, "lamda": 0.06383223316529998}, "datetime": {"datetime": "2021-09-20 09:15:23", "elapsed": 1544.71664, "delta": 0.945996}}
{"target": -2.6622874211345087, "params": {"C": 84.28025311399404, "epsilon": 15.60353408728201, "gamma": 0.07981033194013805, "lamda": 0.11210743424173827}, "datetime": {"datetime": "2021-09-20 09:15:39", "elapsed": 1560.155778, "delta": 15.439138}}
{"target": -4.958957089151334, "params": {"C": 77.57373918379642, "epsilon": 11.748279625954407, "gamma": 0.05374622962318448, "lamda": 0.08883698822174518}, "datetime": {"datetime": "2021-09-20 09:15:48", "elapsed": 1569.597044, "delta": 9.441266}}
{"target": 0.9040591505661436, "params": {"C": 77.81946599353432, "epsilon": 12.584575777426235, "gamma": 0.07494806505700376, "lamda": 0.07794990993514721}, "datetime": {"datetime": "2021-09-20 09:15:49", "elapsed": 1570.587365, "delta": 0.990321}}
{"target": -6.0410863779172095, "params": {"C": 87.87774581162569, "epsilon": 16.478366374395065, "gamma": 0.05946076590683124, "lamda": 0.1493372804667291}, "datetime": {"datetime": "2021-09-20 09:15:59", "elapsed": 1580.585461, "delta": 9.998096}}
{"target": -1.8849568529890317, "params": {"C": 93.81966718522271, "epsilon": 17.96790644147363, "gamma": 0.06268904015329904, "lamda": 0.056526341111576714}, "datetime": {"datetime": "2021-09-20 09:16:09", "elapsed": 1590.393636, "delta": 9.808175}}
{"target": -1.6581982479974386, "params": {"C": 90.94184418083924, "epsilon": 11.958009623745156, "gamma": 0.06457909100754028, "lamda": 0.04675820674422651}, "datetime": {"datetime": "2021-09-20 09:16:19", "elapsed": 1600.16374, "delta": 9.770104}}
{"target": -3.595015855334448, "params": {"C": 98.52004551746077, "epsilon": 14.827792465780952, "gamma": 0.05531618203493909, "lamda": 0.07216515475335183}, "datetime": {"datetime": "2021-09-20 09:16:28", "elapsed": 1609.621307, "delta": 9.457567}}
{"target": -5.958026124973727, "params": {"C": 93.8384882589908, "epsilon": 15.494932184955218, "gamma": 0.05135607551513932, "lamda": 0.10878948909084697}, "datetime": {"datetime": "2021-09-20 09:16:38", "elapsed": 1619.2433, "delta": 9.621993}}
{"target": -1.4624984121588378, "params": {"C": 83.43901893560584, "epsilon": 15.170537683847396, "gamma": 0.06883388081793124, "lamda": 0.0739989202932941}, "datetime": {"datetime": "2021-09-20 09:16:47", "elapsed": 1628.950307, "delta": 9.707007}}
{"target": -2.1555290579174993, "params": {"C": 98.57181246025846, "epsilon": 13.40102455120141, "gamma": 0.05642878453375802, "lamda": 0.19939197070456394}, "datetime": {"datetime": "2021-09-20 09:16:57", "elapsed": 1638.551299, "delta": 9.600992}}
{"target": -1.3089939404099815, "params": {"C": 85.03989392623313, "epsilon": 13.595986631155542, "gamma": 0.08498978666659154, "lamda": 0.07396797847433244}, "datetime": {"datetime": "2021-09-20 09:17:07", "elapsed": 1648.609298, "delta": 10.057999}}
{"target": 0.9091475749834638, "params": {"C": 95.46123274818427, "epsilon": 14.433102596706483, "gamma": 0.07086515549618999, "lamda": 0.005363684227621709}, "datetime": {"datetime": "2021-09-20 09:17:08", "elapsed": 1649.4723, "delta": 0.863002}}
{"target": -3.09573668564905, "params": {"C": 86.78538620029519, "epsilon": 15.024097005067716, "gamma": 0.06700202748229725, "lamda": 0.023358386725392075}, "datetime": {"datetime": "2021-09-20 09:17:23", "elapsed": 1664.081297, "delta": 14.608997}}
{"target": 0.9040173223922044, "params": {"C": 86.70030475334403, "epsilon": 14.72299416198068, "gamma": 0.07667757778274535, "lamda": 0.03369820476324044}, "datetime": {"datetime": "2021-09-20 09:17:23", "elapsed": 1664.955305, "delta": 0.874008}}
{"target": -5.2049997558296885, "params": {"C": 87.9266331026723, "epsilon": 12.118990096785845, "gamma": 0.04113172120682837, "lamda": 0.015572383849630748}, "datetime": {"datetime": "2021-09-20 09:17:32", "elapsed": 1673.630301, "delta": 8.674996}}
{"target": 0.8979150063451904, "params": {"C": 74.20331003462371, "epsilon": 12.124413876721725, "gamma": 0.08750908138618729, "lamda": 0.022978495796640484}, "datetime": {"datetime": "2021-09-20 09:17:33", "elapsed": 1674.496305, "delta": 0.866004}}
{"target": -1.3659586269859467, "params": {"C": 92.94699472648576, "epsilon": 17.306589799403845, "gamma": 0.09618916552470355, "lamda": 0.06851157241294041}, "datetime": {"datetime": "2021-09-20 09:17:43", "elapsed": 1684.280299, "delta": 9.783994}}
{"target": -5.898349225242582, "params": {"C": 72.0341260947857, "epsilon": 14.995652437138714, "gamma": 0.05528595350651408, "lamda": 0.08843577430426736}, "datetime": {"datetime": "2021-09-20 09:17:52", "elapsed": 1693.849301, "delta": 9.569002}}
{"target": -6.636748749859961, "params": {"C": 72.23832208321916, "epsilon": 16.551862711639924, "gamma": 0.04494068689433093, "lamda": 0.08521400887057183}, "datetime": {"datetime": "2021-09-20 09:18:08", "elapsed": 1709.247304, "delta": 15.398003}}
{"target": -3.7978887327206783, "params": {"C": 95.85768062714943, "epsilon": 17.623947550316256, "gamma": 0.061488662280434155, "lamda": 0.1370978486674277}, "datetime": {"datetime": "2021-09-20 09:18:24", "elapsed": 1725.178299, "delta": 15.930995}}
{"target": -1.6336542781814676, "params": {"C": 90.83786532741603, "epsilon": 14.18837776672273, "gamma": 0.07833750220515856, "lamda": 0.06203311916793972}, "datetime": {"datetime": "2021-09-20 09:18:33", "elapsed": 1734.739303, "delta": 9.561004}}
{"target": -5.746254652359236, "params": {"C": 78.04269610065546, "epsilon": 14.603874186766312, "gamma": 0.050126740537067824, "lamda": 0.10169972037146903}, "datetime": {"datetime": "2021-09-20 09:18:48", "elapsed": 1749.144306, "delta": 14.405003}}
{"target": 0.897736549743459, "params": {"C": 66.2322045292266, "epsilon": 15.732801222421159, "gamma": 0.08396305743485408, "lamda": 0.0027772262553971247}, "datetime": {"datetime": "2021-09-20 09:18:49", "elapsed": 1750.241299, "delta": 1.096993}}
{"target": -2.993142073503981, "params": {"C": 91.935579448336, "epsilon": 10.489364340976849, "gamma": 0.06764073173518155, "lamda": 0.15209923974064618}, "datetime": {"datetime": "2021-09-20 09:18:58", "elapsed": 1759.356299, "delta": 9.115}}
{"target": -1.3558482154481055, "params": {"C": 85.46200522248905, "epsilon": 12.3512817865541, "gamma": 0.08566505104913645, "lamda": 0.10150709563154733}, "datetime": {"datetime": "2021-09-20 09:19:07", "elapsed": 1768.803304, "delta": 9.447005}}
{"target": -3.192635671298352, "params": {"C": 83.01341852459046, "epsilon": 17.710724159641135, "gamma": 0.07597106884515739, "lamda": 0.10319087081762002}, "datetime": {"datetime": "2021-09-20 09:19:20", "elapsed": 1781.7863, "delta": 12.982996}}
{"target": 0.8957697894308277, "params": {"C": 71.78676518078134, "epsilon": 17.803299173244916, "gamma": 0.08813272107976355, "lamda": 0.04892651692780923}, "datetime": {"datetime": "2021-09-20 09:19:21", "elapsed": 1782.749304, "delta": 0.963004}}
{"target": -2.546428172752569, "params": {"C": 80.4649488406393, "epsilon": 17.896964242902353, "gamma": 0.0915002517799759, "lamda": 0.1280297704602709}, "datetime": {"datetime": "2021-09-20 09:19:36", "elapsed": 1797.848304, "delta": 15.099}}
{"target": -1.9101502245762423, "params": {"C": 97.03392402381748, "epsilon": 10.78624741537784, "gamma": 0.06626891691739314, "lamda": 0.0523360021953034}, "datetime": {"datetime": "2021-09-20 09:19:46", "elapsed": 1807.309303, "delta": 9.460999}}
{"target": -3.324457493478385, "params": {"C": 96.86818911014763, "epsilon": 13.98080245413301, "gamma": 0.05275155656770843, "lamda": 0.0645496438275972}, "datetime": {"datetime": "2021-09-20 09:19:55", "elapsed": 1816.916299, "delta": 9.606996}}
{"target": -7.1638864053469025, "params": {"C": 99.25853262620248, "epsilon": 17.430418711180284, "gamma": 0.04427425038479432, "lamda": 0.18118921280358646}, "datetime": {"datetime": "2021-09-20 09:20:11", "elapsed": 1832.285303, "delta": 15.369004}}
{"target": -5.708302282660666, "params": {"C": 66.08742413278819, "epsilon": 17.96646647536431, "gamma": 0.05613973692714981, "lamda": 0.006318248461512438}, "datetime": {"datetime": "2021-09-20 09:20:21", "elapsed": 1842.5383, "delta": 10.252997}}
{"target": -6.338812884039039, "params": {"C": 82.48029028279869, "epsilon": 16.559650664541806, "gamma": 0.04843753923357624, "lamda": 0.18381557489583594}, "datetime": {"datetime": "2021-09-20 09:20:37", "elapsed": 1858.222305, "delta": 15.684005}}
{"target": -7.018889546599466, "params": {"C": 84.75966857635345, "epsilon": 17.062438480937118, "gamma": 0.04220538538966948, "lamda": 0.09620081269331286}, "datetime": {"datetime": "2021-09-20 09:20:46", "elapsed": 1867.995304, "delta": 9.772999}}
{"target": -2.8057097969943494, "params": {"C": 89.98554284782362, "epsilon": 12.825387578849096, "gamma": 0.0626163531365657, "lamda": 0.08273084788040669}, "datetime": {"datetime": "2021-09-20 09:20:55", "elapsed": 1876.8503, "delta": 8.854996}}
{"target": -5.539353384521265, "params": {"C": 73.34543215721774, "epsilon": 14.572708654348226, "gamma": 0.05505617580319046, "lamda": 0.16456979578231457}, "datetime": {"datetime": "2021-09-20 09:21:10", "elapsed": 1892.005299, "delta": 15.154999}}
{"target": -3.4963100080258647, "params": {"C": 88.88085987561281, "epsilon": 13.071903337870374, "gamma": 0.05502666402043402, "lamda": 0.06517390789409691}, "datetime": {"datetime": "2021-09-20 09:21:20", "elapsed": 1901.253297, "delta": 9.247998}}
{"target": -7.318399223095003, "params": {"C": 71.56215545415881, "epsilon": 17.575294747875986, "gamma": 0.04822931831289275, "lamda": 0.040119734806485154}, "datetime": {"datetime": "2021-09-20 09:21:35", "elapsed": 1916.4923, "delta": 15.239003}}
{"target": -2.0076866931676993, "params": {"C": 86.32438222362072, "epsilon": 11.480736524673738, "gamma": 0.053097861044291095, "lamda": 0.038798955171639234}, "datetime": {"datetime": "2021-09-20 09:21:44", "elapsed": 1926.058511, "delta": 9.566211}}
{"target": -2.229762768395849, "params": {"C": 84.63748755402645, "epsilon": 13.656841706413601, "gamma": 0.09444645507214908, "lamda": 0.13864349781065596}, "datetime": {"datetime": "2021-09-20 09:21:58", "elapsed": 1939.454417, "delta": 13.395906}}
{"target": -3.5386723394096213, "params": {"C": 98.661795395957, "epsilon": 16.28692865935487, "gamma": 0.06911712393933123, "lamda": 0.09354501025095749}, "datetime": {"datetime": "2021-09-20 09:22:07", "elapsed": 1948.362724, "delta": 8.908307}}
{"target": -1.0558530689618566, "params": {"C": 88.04064156804351, "epsilon": 11.20394846936647, "gamma": 0.09442361106106688, "lamda": 0.03932759816979475}, "datetime": {"datetime": "2021-09-20 09:22:16", "elapsed": 1957.899757, "delta": 9.537033}}
{"target": -2.5222272537951254, "params": {"C": 71.79321743615223, "epsilon": 12.99042621049913, "gamma": 0.07305060026254874, "lamda": 0.15148147868073353}, "datetime": {"datetime": "2021-09-20 09:22:26", "elapsed": 1967.313948, "delta": 9.414191}}
{"target": -2.3267589131736592, "params": {"C": 67.33739628631146, "epsilon": 10.565322792332854, "gamma": 0.07886938666714681, "lamda": 0.14348990991224353}, "datetime": {"datetime": "2021-09-20 09:22:35", "elapsed": 1976.265543, "delta": 8.951595}}
{"target": -1.1002187391536586, "params": {"C": 96.8728214500677, "epsilon": 13.14478784563605, "gamma": 0.09801740377825588, "lamda": 0.14531910712325838}, "datetime": {"datetime": "2021-09-20 09:22:44", "elapsed": 1985.889837, "delta": 9.624294}}
{"target": -3.2482664064335225, "params": {"C": 92.24812276954697, "epsilon": 15.643387660257577, "gamma": 0.05477128151334828, "lamda": 0.042067582332678884}, "datetime": {"datetime": "2021-09-20 09:22:53", "elapsed": 1994.444791, "delta": 8.554954}}
{"target": -6.315685758181997, "params": {"C": 86.09469353781162, "epsilon": 17.369242391682835, "gamma": 0.06127143298993361, "lamda": 0.17356179061172403}, "datetime": {"datetime": "2021-09-20 09:23:03", "elapsed": 2004.440837, "delta": 9.996046}}
{"target": -2.357193209618312, "params": {"C": 74.86334480797765, "epsilon": 12.001652583424068, "gamma": 0.06457837142297053, "lamda": 0.1670702227174969}, "datetime": {"datetime": "2021-09-20 09:23:19", "elapsed": 2020.108478, "delta": 15.667641}}
{"target": -1.9141743710775208, "params": {"C": 89.6052011954869, "epsilon": 14.025684191309129, "gamma": 0.061041518765321295, "lamda": 0.025875743425597682}, "datetime": {"datetime": "2021-09-20 09:23:28", "elapsed": 2029.872866, "delta": 9.764388}}
{"target": 0.9055285971166513, "params": {"C": 87.61660486065978, "epsilon": 13.412984364703684, "gamma": 0.06222114529079708, "lamda": 0.001792177254625908}, "datetime": {"datetime": "2021-09-20 09:23:29", "elapsed": 2031.012865, "delta": 1.139999}}
{"target": 0.8974058882834235, "params": {"C": 69.87796272977151, "epsilon": 11.257837528169444, "gamma": 0.09582046795811727, "lamda": 0.06512337972773284}, "datetime": {"datetime": "2021-09-20 09:23:30", "elapsed": 2032.063359, "delta": 1.050494}}
{"target": 0.8994042128295194, "params": {"C": 75.29750485481883, "epsilon": 17.717971528503025, "gamma": 0.08013731353667587, "lamda": 0.082858823974059}, "datetime": {"datetime": "2021-09-20 09:23:32", "elapsed": 2033.136359, "delta": 1.073}}
{"target": -5.844599988336397, "params": {"C": 84.8290136870612, "epsilon": 15.736886695984964, "gamma": 0.05734040965656949, "lamda": 0.16819168993800618}, "datetime": {"datetime": "2021-09-20 09:23:41", "elapsed": 2043.010964, "delta": 9.874605}}
{"target": -5.577661044185804, "params": {"C": 91.62994982734983, "epsilon": 13.477347770313054, "gamma": 0.04241365301814353, "lamda": 0.19816612810452433}, "datetime": {"datetime": "2021-09-20 09:23:57", "elapsed": 2058.957021, "delta": 15.946057}}
{"target": -5.051380405017162, "params": {"C": 67.9517807409547, "epsilon": 11.731990859501677, "gamma": 0.05487274049238908, "lamda": 0.08732240173200514}, "datetime": {"datetime": "2021-09-20 09:24:07", "elapsed": 2068.581217, "delta": 9.624196}}
{"target": 0.9009724302164627, "params": {"C": 96.97391276135453, "epsilon": 15.912399177837809, "gamma": 0.08972401681165798, "lamda": 0.015020323509910742}, "datetime": {"datetime": "2021-09-20 09:24:08", "elapsed": 2069.637428, "delta": 1.056211}}
{"target": -4.9958828369094, "params": {"C": 69.35175543655434, "epsilon": 11.721639575063792, "gamma": 0.04804352606397905, "lamda": 0.0992998892513835}, "datetime": {"datetime": "2021-09-20 09:24:23", "elapsed": 2084.880817, "delta": 15.243389}}
{"target": 0.8995798733692992, "params": {"C": 71.66887542791184, "epsilon": 14.846199656853923, "gamma": 0.08482401813405216, "lamda": 0.08481742218984066}, "datetime": {"datetime": "2021-09-20 09:24:25", "elapsed": 2086.097824, "delta": 1.217007}}
{"target": -3.6256628642885556, "params": {"C": 66.29203351551158, "epsilon": 11.499842560356337, "gamma": 0.0522404023132705, "lamda": 0.06660237029783947}, "datetime": {"datetime": "2021-09-20 09:24:34", "elapsed": 2095.996824, "delta": 9.899}}
{"target": -1.1553587989511964, "params": {"C": 93.98399659641936, "epsilon": 12.763631959828047, "gamma": 0.09348418539295913, "lamda": 0.14734782107653768}, "datetime": {"datetime": "2021-09-20 09:24:44", "elapsed": 2106.010607, "delta": 10.013783}}
{"target": -2.601245290836713, "params": {"C": 76.54862327079735, "epsilon": 10.344826673671752, "gamma": 0.060351764379447385, "lamda": 0.1283462013380206}, "datetime": {"datetime": "2021-09-20 09:24:59", "elapsed": 2120.28633, "delta": 14.275723}}
{"target": -1.7221178311980085, "params": {"C": 77.70798973994928, "epsilon": 13.120992382459109, "gamma": 0.059559042112549546, "lamda": 0.03133527419779872}, "datetime": {"datetime": "2021-09-20 09:25:09", "elapsed": 2130.126927, "delta": 9.840597}}
{"target": -5.692125186475513, "params": {"C": 99.36918248208895, "epsilon": 14.802338741027658, "gamma": 0.04789657675442521, "lamda": 0.08465636920471868}, "datetime": {"datetime": "2021-09-20 09:25:18", "elapsed": 2139.785078, "delta": 9.658151}}
{"target": -3.781398407380153, "params": {"C": 95.77897894508922, "epsilon": 16.424434915107526, "gamma": 0.056707624276668936, "lamda": 0.06089163314465741}, "datetime": {"datetime": "2021-09-20 09:25:32", "elapsed": 2153.283916, "delta": 13.498838}}
{"target": -7.052178889326353, "params": {"C": 78.51940206359941, "epsilon": 17.71729971061077, "gamma": 0.050847879891301864, "lamda": 0.1497125279132358}, "datetime": {"datetime": "2021-09-20 09:25:47", "elapsed": 2168.907347, "delta": 15.623431}}
{"target": -3.08825620156055, "params": {"C": 68.29362283686164, "epsilon": 15.921440036839279, "gamma": 0.06127560248011105, "lamda": 0.1550243905939723}, "datetime": {"datetime": "2021-09-20 09:26:02", "elapsed": 2183.522702, "delta": 14.615355}}
{"target": 0.8987072012273825, "params": {"C": 92.17192414096324, "epsilon": 15.749701898872424, "gamma": 0.08197843112603329, "lamda": 0.019584898165254397}, "datetime": {"datetime": "2021-09-20 09:26:03", "elapsed": 2184.539335, "delta": 1.016633}}
{"target": -3.486808801017747, "params": {"C": 80.42500264390463, "epsilon": 16.79397688447462, "gamma": 0.06978494372667642, "lamda": 0.17121438667960948}, "datetime": {"datetime": "2021-09-20 09:26:20", "elapsed": 2201.160839, "delta": 16.621504}}
{"target": -1.7307152154520362, "params": {"C": 87.77840987077482, "epsilon": 12.593038462284287, "gamma": 0.07323517337675146, "lamda": 0.0655351258072704}, "datetime": {"datetime": "2021-09-20 09:26:29", "elapsed": 2210.727335, "delta": 9.566496}}
{"target": -1.4259592353420762, "params": {"C": 96.70387427663317, "epsilon": 12.850445624925431, "gamma": 0.09527679712763887, "lamda": 0.11830776571473146}, "datetime": {"datetime": "2021-09-20 09:26:39", "elapsed": 2220.865339, "delta": 10.138004}}
{"target": -2.723821300248508, "params": {"C": 74.66034240409124, "epsilon": 14.794967010807088, "gamma": 0.0837609414140009, "lamda": 0.12941451980217147}, "datetime": {"datetime": "2021-09-20 09:26:56", "elapsed": 2237.092338, "delta": 16.226999}}
{"target": -4.0922242829679085, "params": {"C": 95.10907509997784, "epsilon": 16.270812562251628, "gamma": 0.04482528870326996, "lamda": 0.0042934507590669715}, "datetime": {"datetime": "2021-09-20 09:27:06", "elapsed": 2247.163336, "delta": 10.070998}}
{"target": -4.393715481536822, "params": {"C": 93.1836629148355, "epsilon": 15.705620479091674, "gamma": 0.043571734600573814, "lamda": 0.03971465738839997}, "datetime": {"datetime": "2021-09-20 09:27:20", "elapsed": 2261.927336, "delta": 14.764}}
{"target": -1.9700103883273208, "params": {"C": 74.42452030009476, "epsilon": 11.177987730273964, "gamma": 0.08550059623299439, "lamda": 0.16715529159686507}, "datetime": {"datetime": "2021-09-20 09:27:35", "elapsed": 2276.113333, "delta": 14.185997}}
{"target": -2.3724901005073997, "params": {"C": 77.3080114650625, "epsilon": 14.949946748013222, "gamma": 0.09678056494820625, "lamda": 0.17613337462109474}, "datetime": {"datetime": "2021-09-20 09:27:49", "elapsed": 2290.264339, "delta": 14.151006}}
{"target": 0.8959931709306631, "params": {"C": 73.93643400884163, "epsilon": 17.795185354032576, "gamma": 0.09148967874626016, "lamda": 0.0815888168799983}, "datetime": {"datetime": "2021-09-20 09:27:50", "elapsed": 2291.467333, "delta": 1.202994}}
{"target": -2.280144993918778, "params": {"C": 67.57176695388088, "epsilon": 11.565715728170723, "gamma": 0.07782464715056818, "lamda": 0.18286000762763938}, "datetime": {"datetime": "2021-09-20 09:28:00", "elapsed": 2301.098339, "delta": 9.631006}}
{"target": -3.330060073924738, "params": {"C": 67.10101612386782, "epsilon": 16.017163056988707, "gamma": 0.06253793897611507, "lamda": 0.07610223227983802}, "datetime": {"datetime": "2021-09-20 09:28:14", "elapsed": 2315.43834, "delta": 14.340001}}
{"target": -6.589905524848824, "params": {"C": 94.35370740563556, "epsilon": 16.27682661698855, "gamma": 0.04672378075564187, "lamda": 0.08225328502184874}, "datetime": {"datetime": "2021-09-20 09:28:29", "elapsed": 2330.671333, "delta": 15.232993}}
{"target": -5.073045891998206, "params": {"C": 95.97310565195585, "epsilon": 10.712189204214539, "gamma": 0.047208004366959565, "lamda": 0.08483234563670058}, "datetime": {"datetime": "2021-09-20 09:28:39", "elapsed": 2340.976335, "delta": 10.305002}}
