{"target": 0.38784329347240953, "params": {"C": 9.046319135904726, "epsilon": 1.6194474811927493, "gamma": 1.4216443779982968, "lamda": 0.7882631730924409}, "datetime": {"datetime": "2021-07-03 13:21:55", "elapsed": 1.209769, "delta": 0.471742}}
{"target": 0.568962928428594, "params": {"C": 9.8948249513623, "epsilon": 1.576163838942673, "gamma": 0.7876525272791295, "lamda": 0.7208527508971204}, "datetime": {"datetime": "2021-07-03 13:21:57", "elapsed": 3.319134, "delta": 2.109365}}
{"target": 0.38598745037527016, "params": {"C": 11.62996057521672, "epsilon": 3.6908936061562803, "gamma": 1.6724646845481714, "lamda": 0.8854155911569762}, "datetime": {"datetime": "2021-07-03 13:21:58", "elapsed": 4.227703, "delta": 0.908569}}
{"target": 0.43137727397922665, "params": {"C": 11.396225678877103, "epsilon": 0.001, "gamma": 1.3754529242146605, "lamda": 0.1}, "datetime": {"datetime": "2021-07-03 13:21:59", "elapsed": 4.949773, "delta": 0.72207}}
{"target": -1.8944941560730433, "params": {"C": 10.013223327429335, "epsilon": 4.013983523391762, "gamma": 0.01, "lamda": 1.0}, "datetime": {"datetime": "2021-07-03 13:22:12", "elapsed": 17.825369, "delta": 12.875596}}
{"target": 0.3996864661184426, "params": {"C": 9.980496316473454, "epsilon": 0.20656076776438007, "gamma": 1.4326784414521916, "lamda": 1.0}, "datetime": {"datetime": "2021-07-03 13:22:13", "elapsed": 18.490591, "delta": 0.665222}}
{"target": 0.3496521845276137, "params": {"C": 12.389204524320682, "epsilon": 5.192592917699408, "gamma": 2.0, "lamda": 0.8686190665031828}, "datetime": {"datetime": "2021-07-03 13:22:13", "elapsed": 19.057077, "delta": 0.566486}}
{"target": 0.7928021253699512, "params": {"C": 11.37526716132573, "epsilon": 0.7122492305707506, "gamma": 0.01, "lamda": 1.0}, "datetime": {"datetime": "2021-07-03 13:22:14", "elapsed": 19.706343, "delta": 0.649266}}
{"target": 0.5066532678704465, "params": {"C": 12.60076813748477, "epsilon": 1.5297064252277088, "gamma": 1.1181193126991866, "lamda": 1.0}, "datetime": {"datetime": "2021-07-03 13:22:14", "elapsed": 20.270835, "delta": 0.564492}}
{"target": 0.8303778716700561, "params": {"C": 13.137164498163155, "epsilon": 0.008081659216865988, "gamma": 0.20682614187945816, "lamda": 0.7512234597212919}, "datetime": {"datetime": "2021-07-03 13:22:15", "elapsed": 20.780472, "delta": 0.509637}}
{"target": 0.8007632886185052, "params": {"C": 14.467052754192046, "epsilon": 1.1464530070968153, "gamma": 0.01, "lamda": 0.1}, "datetime": {"datetime": "2021-07-03 13:22:15", "elapsed": 21.373887, "delta": 0.593415}}
{"target": 0.4386516672392726, "params": {"C": 14.7077383753663, "epsilon": 0.05280567554865108, "gamma": 1.5227296569539042, "lamda": 0.31740913999853293}, "datetime": {"datetime": "2021-07-03 13:22:16", "elapsed": 21.746891, "delta": 0.373004}}
{"target": -4.189137678210305, "params": {"C": 14.36461178764553, "epsilon": 3.0530382917151924, "gamma": 0.11407393357947869, "lamda": 0.7689249386735845}, "datetime": {"datetime": "2021-07-03 13:22:23", "elapsed": 29.274774, "delta": 7.527883}}
{"target": -4.369374864690359, "params": {"C": 14.999180762333669, "epsilon": 0.01433659011641851, "gamma": 0.09089255659972885, "lamda": 0.31445971154720015}, "datetime": {"datetime": "2021-07-03 13:22:38", "elapsed": 44.464264, "delta": 15.18949}}
{"target": 0.5024436165786053, "params": {"C": 9.744906949032325, "epsilon": 0.8947344525294486, "gamma": 0.9870471835413439, "lamda": 0.7147002178394734}, "datetime": {"datetime": "2021-07-03 13:22:39", "elapsed": 45.22224, "delta": 0.757976}}
{"target": 0.7658892621947477, "params": {"C": 9.86117713761353, "epsilon": 1.0511172335821548, "gamma": 0.2939514417759494, "lamda": 0.4493009061159918}, "datetime": {"datetime": "2021-07-03 13:22:40", "elapsed": 45.59225, "delta": 0.37001}}
{"target": 0.8155431173233588, "params": {"C": 13.208768189128488, "epsilon": 1.048662201180343, "gamma": 0.2557723635790657, "lamda": 0.1}, "datetime": {"datetime": "2021-07-03 13:22:40", "elapsed": 46.27596, "delta": 0.68371}}
{"target": 0.43371449742981383, "params": {"C": 13.162330841849357, "epsilon": 0.3609894509833908, "gamma": 1.469418827006418, "lamda": 0.36652079225826756}, "datetime": {"datetime": "2021-07-03 13:22:41", "elapsed": 46.925225, "delta": 0.649265}}
{"target": 0.6522043427703057, "params": {"C": 11.44936956193491, "epsilon": 1.3802626162578067, "gamma": 0.6334797925009156, "lamda": 0.1}, "datetime": {"datetime": "2021-07-03 13:22:42", "elapsed": 47.577483, "delta": 0.652258}}
{"target": 0.8277008523925802, "params": {"C": 12.31731582355666, "epsilon": 0.2755119611433561, "gamma": 0.1965548377043821, "lamda": 0.17054521645513065}, "datetime": {"datetime": "2021-07-03 13:22:42", "elapsed": 48.158928, "delta": 0.581445}}
{"target": 0.3308808442935903, "params": {"C": 11.190936454300777, "epsilon": 1.4055869303793491, "gamma": 1.9960802489771228, "lamda": 1.0}, "datetime": {"datetime": "2021-07-03 13:22:43", "elapsed": 48.712449, "delta": 0.553521}}
{"target": 0.3722919693342783, "params": {"C": 14.472464845290396, "epsilon": 1.3478727745667343, "gamma": 1.9396284764917224, "lamda": 0.31960355907882987}, "datetime": {"datetime": "2021-07-03 13:22:43", "elapsed": 49.17222, "delta": 0.459771}}
{"target": 0.33135495636714385, "params": {"C": 10.884875579761202, "epsilon": 5.107834646184901, "gamma": 2.0, "lamda": 0.1}, "datetime": {"datetime": "2021-07-03 13:22:44", "elapsed": 49.656926, "delta": 0.484706}}
{"target": 0.34351958975982055, "params": {"C": 12.189513682155455, "epsilon": 2.338391662965367, "gamma": 2.0, "lamda": 0.1}, "datetime": {"datetime": "2021-07-03 13:22:44", "elapsed": 50.089769, "delta": 0.432843}}
{"target": 0.3272441894909818, "params": {"C": 10.207039814236918, "epsilon": 2.608893719340609, "gamma": 1.9334307290084252, "lamda": 0.2321640568098023}, "datetime": {"datetime": "2021-07-03 13:22:45", "elapsed": 50.571482, "delta": 0.481713}}
{"target": -1.8701860979672378, "params": {"C": 11.613312484884371, "epsilon": 2.058626627655841, "gamma": 0.01, "lamda": 1.0}, "datetime": {"datetime": "2021-07-03 13:22:54", "elapsed": 60.137433, "delta": 9.565951}}
{"target": 0.5736614208361754, "params": {"C": 12.087740108693056, "epsilon": 0.1922792986047199, "gamma": 0.8680918334903689, "lamda": 1.0}, "datetime": {"datetime": "2021-07-03 13:22:55", "elapsed": 60.696937, "delta": 0.559504}}
{"target": 0.7898166575259953, "params": {"C": 10.93067789146712, "epsilon": 0.001, "gamma": 0.01, "lamda": 0.1}, "datetime": {"datetime": "2021-07-03 13:22:55", "elapsed": 61.246468, "delta": 0.549531}}
{"target": 0.7853918672992135, "params": {"C": 10.180499059373203, "epsilon": 0.001, "gamma": 0.01, "lamda": 1.0}, "datetime": {"datetime": "2021-07-03 13:22:56", "elapsed": 61.84088, "delta": 0.594412}}
{"target": 0.3773945118979729, "params": {"C": 15.0, "epsilon": 10.0, "gamma": 2.0, "lamda": 1.0}, "datetime": {"datetime": "2021-07-03 13:22:56", "elapsed": 62.309628, "delta": 0.468748}}
{"target": 0.37700661810355196, "params": {"C": 15.0, "epsilon": 8.31217618554474, "gamma": 2.0, "lamda": 0.1}, "datetime": {"datetime": "2021-07-03 13:22:58", "elapsed": 64.416, "delta": 2.106372}}
{"target": 0.7675702112130647, "params": {"C": 15.0, "epsilon": 9.437669556518427, "gamma": 0.44755122312780865, "lamda": 0.1}, "datetime": {"datetime": "2021-07-03 13:22:59", "elapsed": 65.150038, "delta": 0.734038}}
{"target": 0.5165871396950358, "params": {"C": 13.745988868023543, "epsilon": 9.677643054422063, "gamma": 1.1486922050103496, "lamda": 0.1}, "datetime": {"datetime": "2021-07-03 13:23:00", "elapsed": 65.769383, "delta": 0.619345}}
{"target": -1.3780142604359247, "params": {"C": 14.459527435858568, "epsilon": 8.522014413995675, "gamma": 0.566039921429357, "lamda": 1.0}, "datetime": {"datetime": "2021-07-03 13:23:08", "elapsed": 74.271179, "delta": 8.501796}}
{"target": 0.363746554536968, "params": {"C": 12.411813105707605, "epsilon": 9.986531905415335, "gamma": 1.928597407718836, "lamda": 0.4176113840565958}, "datetime": {"datetime": "2021-07-03 13:23:09", "elapsed": 74.832679, "delta": 0.5615}}
{"target": 0.3321480100592106, "params": {"C": 10.615286049886192, "epsilon": 10.0, "gamma": 2.0, "lamda": 1.0}, "datetime": {"datetime": "2021-07-03 13:23:09", "elapsed": 75.387198, "delta": 0.554519}}
{"target": 0.7842550133095185, "params": {"C": 9.055658259585947, "epsilon": 0.38843929732032473, "gamma": 0.010893707222013731, "lamda": 0.8680912199763616}, "datetime": {"datetime": "2021-07-03 13:23:10", "elapsed": 76.028485, "delta": 0.641287}}
{"target": 0.7974501641417748, "params": {"C": 12.647895303007955, "epsilon": 10.0, "gamma": 0.01, "lamda": 0.1}, "datetime": {"datetime": "2021-07-03 13:23:11", "elapsed": 76.640849, "delta": 0.612364}}
{"target": -2.3684948036359508, "params": {"C": 11.220449013030864, "epsilon": 9.993883567161024, "gamma": 0.29442196602699855, "lamda": 0.5573569077406999}, "datetime": {"datetime": "2021-07-03 13:23:22", "elapsed": 87.517784, "delta": 10.876935}}
{"target": -6.710765009250576, "params": {"C": 13.870564184183207, "epsilon": 9.983419702508767, "gamma": 0.04111439161819576, "lamda": 0.6571210379957185}, "datetime": {"datetime": "2021-07-03 13:23:29", "elapsed": 95.044671, "delta": 7.526887}}
{"target": 0.610216695509072, "params": {"C": 10.893182709847412, "epsilon": 0.5393003126946625, "gamma": 0.7189025083015471, "lamda": 0.6433897367801992}, "datetime": {"datetime": "2021-07-03 13:23:30", "elapsed": 95.799199, "delta": 0.754528}}
{"target": 0.8476398610751856, "params": {"C": 14.94190073819062, "epsilon": 6.440753560181348, "gamma": 0.184742269920758, "lamda": 0.16355692417437845}, "datetime": {"datetime": "2021-07-03 13:23:30", "elapsed": 96.214089, "delta": 0.41489}}
{"target": 0.75766916278932, "params": {"C": 9.891831625051587, "epsilon": 1.0565295675455006, "gamma": 0.3168444443433789, "lamda": 0.5130769682732855}, "datetime": {"datetime": "2021-07-03 13:23:31", "elapsed": 96.627984, "delta": 0.413895}}
{"target": 0.4818422531374359, "params": {"C": 12.246506482030082, "epsilon": 0.9580501523608631, "gamma": 1.1977811295504626, "lamda": 0.1}, "datetime": {"datetime": "2021-07-03 13:23:31", "elapsed": 97.290215, "delta": 0.662231}}
{"target": 0.37107168019286707, "params": {"C": 14.185681718731004, "epsilon": 9.43657930462411, "gamma": 2.0, "lamda": 0.1}, "datetime": {"datetime": "2021-07-03 13:23:32", "elapsed": 97.910557, "delta": 0.620342}}
{"target": 0.6201091434720701, "params": {"C": 13.81172739379975, "epsilon": 1.0274213103098533, "gamma": 0.7975282384722264, "lamda": 0.862850876334698}, "datetime": {"datetime": "2021-07-03 13:23:33", "elapsed": 98.572787, "delta": 0.66223}}
{"target": 0.4070962781241253, "params": {"C": 13.014455309542102, "epsilon": 8.920924230418409, "gamma": 1.664868566148368, "lamda": 0.1}, "datetime": {"datetime": "2021-07-03 13:23:33", "elapsed": 99.193131, "delta": 0.620344}}
{"target": 0.47919009291956804, "params": {"C": 15.0, "epsilon": 6.464685374695447, "gamma": 1.3694956757852816, "lamda": 0.1}, "datetime": {"datetime": "2021-07-03 13:23:36", "elapsed": 101.627625, "delta": 2.434494}}
{"target": 0.6965060375556189, "params": {"C": 13.941064440413468, "epsilon": 5.971086028076863, "gamma": 0.6045108710827057, "lamda": 0.1}, "datetime": {"datetime": "2021-07-03 13:23:36", "elapsed": 102.407541, "delta": 0.779916}}
{"target": -0.8433633406257375, "params": {"C": 14.81101107221329, "epsilon": 5.803551088678561, "gamma": 0.6166762419137937, "lamda": 1.0}, "datetime": {"datetime": "2021-07-03 13:23:48", "elapsed": 114.153675, "delta": 11.746134}}
{"target": 0.7100069588174076, "params": {"C": 14.116948222617129, "epsilon": 7.053455743756245, "gamma": 0.5761344461101179, "lamda": 0.1}, "datetime": {"datetime": "2021-07-03 13:23:49", "elapsed": 114.772023, "delta": 0.618348}}
{"target": 0.4057031602840232, "params": {"C": 13.564784872635975, "epsilon": 6.577639108776688, "gamma": 1.7010881839100096, "lamda": 0.1}, "datetime": {"datetime": "2021-07-03 13:23:49", "elapsed": 115.343496, "delta": 0.571473}}
{"target": 0.5754319114012734, "params": {"C": 9.003013926779763, "epsilon": 0.05083761446691652, "gamma": 0.7196277709450996, "lamda": 0.16810924638024896}, "datetime": {"datetime": "2021-07-03 13:23:50", "elapsed": 115.973813, "delta": 0.630317}}
{"target": 0.7976782275896834, "params": {"C": 12.743830591060231, "epsilon": 0.8103099202170411, "gamma": 0.01, "lamda": 1.0}, "datetime": {"datetime": "2021-07-03 13:23:51", "elapsed": 116.589167, "delta": 0.615354}}
{"target": 0.6061040130893933, "params": {"C": 12.650508929999049, "epsilon": 5.299894182646213, "gamma": 0.8003889132310229, "lamda": 0.1}, "datetime": {"datetime": "2021-07-03 13:23:51", "elapsed": 117.277329, "delta": 0.688162}}
{"target": 0.8025698865472702, "params": {"C": 9.002040297110012, "epsilon": 1.9170451349519977, "gamma": 0.015032061310129144, "lamda": 0.29780720565722196}, "datetime": {"datetime": "2021-07-03 13:23:52", "elapsed": 117.973467, "delta": 0.696138}}
{"target": 0.3580405621580178, "params": {"C": 14.002824981669717, "epsilon": 0.001, "gamma": 2.0, "lamda": 1.0}, "datetime": {"datetime": "2021-07-03 13:23:53", "elapsed": 118.531975, "delta": 0.558508}}
{"target": 0.3636284070208894, "params": {"C": 13.67320865124604, "epsilon": 5.096856682790966, "gamma": 2.0, "lamda": 0.1}, "datetime": {"datetime": "2021-07-03 13:23:53", "elapsed": 119.092477, "delta": 0.560502}}
{"target": 0.31761390767926423, "params": {"C": 10.255743569928464, "epsilon": 1.0875261077773068, "gamma": 2.0, "lamda": 0.1}, "datetime": {"datetime": "2021-07-03 13:23:54", "elapsed": 119.667941, "delta": 0.575464}}
{"target": 0.34517309698112575, "params": {"C": 11.960969125097462, "epsilon": 6.2753660627202414, "gamma": 2.0, "lamda": 0.1}, "datetime": {"datetime": "2021-07-03 13:23:54", "elapsed": 120.439878, "delta": 0.771937}}
{"target": 0.3294197690441101, "params": {"C": 10.297374795059449, "epsilon": 6.388963010364608, "gamma": 1.9592912374680822, "lamda": 0.9392924843332606}, "datetime": {"datetime": "2021-07-03 13:23:55", "elapsed": 121.089144, "delta": 0.649266}}
{"target": 0.5531140094380597, "params": {"C": 12.897049068210844, "epsilon": 6.106371094522936, "gamma": 0.9727040505208939, "lamda": 1.0}, "datetime": {"datetime": "2021-07-03 13:23:56", "elapsed": 121.780802, "delta": 0.691658}}
{"target": 0.35197222623723645, "params": {"C": 12.655892561769866, "epsilon": 3.9579919226363933, "gamma": 2.0, "lamda": 0.1}, "datetime": {"datetime": "2021-07-03 13:23:57", "elapsed": 122.508861, "delta": 0.728059}}
{"target": -1.8480732950940317, "params": {"C": 12.430511444341898, "epsilon": 5.105463366517214, "gamma": 0.01, "lamda": 1.0}, "datetime": {"datetime": "2021-07-03 13:24:08", "elapsed": 133.584325, "delta": 11.075464}}
{"target": 0.31245919833789226, "params": {"C": 9.271052938407546, "epsilon": 8.507061863277293, "gamma": 1.9915887187031096, "lamda": 0.7694928577893184}, "datetime": {"datetime": "2021-07-03 13:24:08", "elapsed": 134.188709, "delta": 0.604384}}
{"target": 0.3553524736843344, "params": {"C": 13.342685240869708, "epsilon": 1.4572509710279538, "gamma": 2.0, "lamda": 1.0}, "datetime": {"datetime": "2021-07-03 13:24:09", "elapsed": 134.870887, "delta": 0.682178}}
{"target": 0.3059957972998323, "params": {"C": 9.0, "epsilon": 6.94598375719793, "gamma": 2.0, "lamda": 0.1}, "datetime": {"datetime": "2021-07-03 13:24:10", "elapsed": 135.559048, "delta": 0.688161}}
{"target": 0.30608263323796936, "params": {"C": 9.083570355803518, "epsilon": 5.333808154166404, "gamma": 2.0, "lamda": 0.1}, "datetime": {"datetime": "2021-07-03 13:24:10", "elapsed": 136.184377, "delta": 0.625329}}
{"target": 0.537248341946424, "params": {"C": 9.0, "epsilon": 6.511912397379718, "gamma": 0.8354028833598525, "lamda": 1.0}, "datetime": {"datetime": "2021-07-03 13:24:11", "elapsed": 136.8496, "delta": 0.665223}}
{"target": 0.6305356113455235, "params": {"C": 9.0, "epsilon": 7.774771441593736, "gamma": 0.5805539679925574, "lamda": 0.47005295353762794}, "datetime": {"datetime": "2021-07-03 13:24:12", "elapsed": 137.722267, "delta": 0.872667}}
{"target": 0.49394521861598584, "params": {"C": 9.0, "epsilon": 2.6110304765606993, "gamma": 0.9737343892060439, "lamda": 0.1}, "datetime": {"datetime": "2021-07-03 13:24:12", "elapsed": 138.45132, "delta": 0.729053}}
{"target": 0.8023241982094929, "params": {"C": 15.0, "epsilon": 7.432520474322575, "gamma": 0.01, "lamda": 0.1}, "datetime": {"datetime": "2021-07-03 13:24:13", "elapsed": 139.178376, "delta": 0.727056}}
{"target": 0.7794094229559838, "params": {"C": 9.0, "epsilon": 6.672280205632315, "gamma": 0.01, "lamda": 0.1}, "datetime": {"datetime": "2021-07-03 13:24:14", "elapsed": 139.848586, "delta": 0.67021}}
{"target": 0.6031399585410884, "params": {"C": 9.942458948164745, "epsilon": 5.947581729989733, "gamma": 0.6995418108175104, "lamda": 0.12460796526951795}, "datetime": {"datetime": "2021-07-03 13:24:15", "elapsed": 140.564673, "delta": 0.716087}}
{"target": 0.3086768465047891, "params": {"C": 9.0, "epsilon": 10.0, "gamma": 2.0, "lamda": 0.1}, "datetime": {"datetime": "2021-07-03 13:24:15", "elapsed": 141.320652, "delta": 0.755979}}
{"target": 0.48445922447514544, "params": {"C": 15.0, "epsilon": 9.521712385051396, "gamma": 1.3480439096627923, "lamda": 0.1}, "datetime": {"datetime": "2021-07-03 13:24:16", "elapsed": 142.112537, "delta": 0.791885}}
{"target": 0.5163522461307095, "params": {"C": 9.7648098945445, "epsilon": 7.110782068759934, "gamma": 0.9528152175502087, "lamda": 0.1}, "datetime": {"datetime": "2021-07-03 13:24:17", "elapsed": 143.027092, "delta": 0.914555}}
{"target": 0.3560816349719901, "params": {"C": 12.7008921789331, "epsilon": 7.291526518963725, "gamma": 2.0, "lamda": 1.0}, "datetime": {"datetime": "2021-07-03 13:24:18", "elapsed": 143.952625, "delta": 0.925533}}
{"target": 0.7819578736846042, "params": {"C": 9.56966717133927, "epsilon": 7.114078294102477, "gamma": 0.01, "lamda": 1.0}, "datetime": {"datetime": "2021-07-03 13:24:19", "elapsed": 144.868172, "delta": 0.915547}}
{"target": 0.7833646557111771, "params": {"C": 9.022524227930004, "epsilon": 8.862497774120671, "gamma": 0.01080139403610165, "lamda": 0.1106267010101479}, "datetime": {"datetime": "2021-07-03 13:24:20", "elapsed": 145.62914, "delta": 0.760968}}
{"target": -2.8768156290191254, "params": {"C": 9.524081774754785, "epsilon": 8.436713493200031, "gamma": 0.01, "lamda": 1.0}, "datetime": {"datetime": "2021-07-03 13:24:26", "elapsed": 152.100846, "delta": 6.471706}}
{"target": -5.334644307362977, "params": {"C": 9.546751382297721, "epsilon": 6.1740120818997015, "gamma": 0.07722867606592587, "lamda": 0.7219135189265845}, "datetime": {"datetime": "2021-07-03 13:24:40", "elapsed": 166.012701, "delta": 13.911855}}
{"target": 0.852794085159489, "params": {"C": 13.471101951227887, "epsilon": 1.1808840841916501, "gamma": 0.03146903616317982, "lamda": 0.6307453002117914}, "datetime": {"datetime": "2021-07-03 13:24:41", "elapsed": 166.504388, "delta": 0.491687}}
{"target": 0.37104833120657066, "params": {"C": 14.158058608534757, "epsilon": 9.470021814967541, "gamma": 1.9985400540724956, "lamda": 0.12700094606125875}, "datetime": {"datetime": "2021-07-03 13:24:41", "elapsed": 166.937231, "delta": 0.432843}}
{"target": 0.6672930901440355, "params": {"C": 12.88337351137985, "epsilon": 0.653942796280234, "gamma": 0.6435796807143311, "lamda": 0.6097140339177256}, "datetime": {"datetime": "2021-07-03 13:24:42", "elapsed": 168.008369, "delta": 1.071138}}
{"target": 0.7774331945691184, "params": {"C": 11.507197192829171, "epsilon": 0.3527956366163013, "gamma": 0.32626067989388025, "lamda": 0.3295602100950971}, "datetime": {"datetime": "2021-07-03 13:24:43", "elapsed": 168.925916, "delta": 0.917547}}
{"target": 0.5375936777120207, "params": {"C": 12.253453505870192, "epsilon": 6.270171487460463, "gamma": 1.001023924160421, "lamda": 0.2644144011404791}, "datetime": {"datetime": "2021-07-03 13:24:43", "elapsed": 169.363748, "delta": 0.437832}}
{"target": 0.711622029019547, "params": {"C": 9.0, "epsilon": 1.1573295669326138, "gamma": 0.39141024164076177, "lamda": 0.5824965674948133}, "datetime": {"datetime": "2021-07-03 13:24:44", "elapsed": 170.119727, "delta": 0.755979}}
{"target": 0.8446789045301807, "params": {"C": 12.1161841778207, "epsilon": 0.10085975818170577, "gamma": 0.026390568221325475, "lamda": 0.9313652781734583}, "datetime": {"datetime": "2021-07-03 13:24:45", "elapsed": 171.050241, "delta": 0.930514}}
{"target": 0.4425755981710102, "params": {"C": 9.0, "epsilon": 7.246172899956373, "gamma": 1.1900634202947435, "lamda": 0.9143907884220648}, "datetime": {"datetime": "2021-07-03 13:24:46", "elapsed": 172.057548, "delta": 1.007307}}
{"target": 0.4401672404369843, "params": {"C": 10.461429955330152, "epsilon": 5.890349833731693, "gamma": 1.2968872410651313, "lamda": 0.1}, "datetime": {"datetime": "2021-07-03 13:24:47", "elapsed": 172.792594, "delta": 0.735046}}
{"target": 0.8423892418471314, "params": {"C": 9.59061407359981, "epsilon": 0.02375173184968562, "gamma": 0.09588845024713911, "lamda": 0.37799497978873886}, "datetime": {"datetime": "2021-07-03 13:24:47", "elapsed": 173.469775, "delta": 0.677181}}
{"target": 0.7910868329726193, "params": {"C": 11.106589584708457, "epsilon": 0.001, "gamma": 0.01, "lamda": 1.0}, "datetime": {"datetime": "2021-07-03 13:24:48", "elapsed": 174.293574, "delta": 0.823799}}
{"target": 0.36902427351447176, "params": {"C": 14.526936107575118, "epsilon": 1.3738449026746107, "gamma": 1.968057259330801, "lamda": 0.23908342272379857}, "datetime": {"datetime": "2021-07-03 13:24:49", "elapsed": 174.724424, "delta": 0.43085}}
{"target": 0.4680638704753358, "params": {"C": 11.98657843122131, "epsilon": 2.535438353705066, "gamma": 1.2488625187507245, "lamda": 0.8431514021297817}, "datetime": {"datetime": "2021-07-03 13:24:49", "elapsed": 175.163252, "delta": 0.438828}}
