{"target": 0.8752962422940147, "params": {"C": 27.62896439530025, "epsilon": 1.0, "gamma": 0.05, "lamda": 0.1}, "datetime": {"datetime": "2021-07-03 15:17:22", "elapsed": 377.686623, "delta": 1.405498}}
{"target": 0.6795286246769041, "params": {"C": 28.224904980088738, "epsilon": 1.0959698816457988, "gamma": 0.8877767756472293, "lamda": 0.14317654250898323}, "datetime": {"datetime": "2021-07-03 15:17:22", "elapsed": 378.566633, "delta": 0.88001}}
{"target": 0.6538689659121295, "params": {"C": 22.282155744563855, "epsilon": 1.0, "gamma": 0.9, "lamda": 0.1}, "datetime": {"datetime": "2021-07-03 15:17:23", "elapsed": 379.390615, "delta": 0.823982}}
{"target": 0.649953724267905, "params": {"C": 21.072061702056022, "epsilon": 1.055293247820679, "gamma": 0.8892828838806718, "lamda": 0.912481814040462}, "datetime": {"datetime": "2021-07-03 15:17:24", "elapsed": 380.263681, "delta": 0.873066}}
{"target": 0.6524030030329911, "params": {"C": 22.029221746770574, "epsilon": 1.0, "gamma": 0.9, "lamda": 1.0}, "datetime": {"datetime": "2021-07-03 15:17:25", "elapsed": 381.044652, "delta": 0.780971}}
{"target": 0.6533356892139965, "params": {"C": 22.11413976969869, "epsilon": 2.1841719038918894, "gamma": 0.9, "lamda": 1.0}, "datetime": {"datetime": "2021-07-03 15:17:26", "elapsed": 381.989593, "delta": 0.944941}}
{"target": -1.5151970611234735, "params": {"C": 20.0, "epsilon": 10.0, "gamma": 0.9, "lamda": 1.0}, "datetime": {"datetime": "2021-07-03 15:17:38", "elapsed": 393.953655, "delta": 11.964062}}
{"target": 0.6664853015354414, "params": {"C": 24.635693378185472, "epsilon": 1.0, "gamma": 0.9, "lamda": 0.1}, "datetime": {"datetime": "2021-07-03 15:17:39", "elapsed": 394.809635, "delta": 0.85598}}
{"target": 0.6703702671192008, "params": {"C": 25.074395923931718, "epsilon": 6.350275357078978, "gamma": 0.8966847906290053, "lamda": 0.1508338978384437}, "datetime": {"datetime": "2021-07-03 15:17:40", "elapsed": 395.774747, "delta": 0.965112}}
{"target": -4.767208056350047, "params": {"C": 28.235641292490342, "epsilon": 1.0, "gamma": 0.05, "lamda": 1.0}, "datetime": {"datetime": "2021-07-03 15:17:48", "elapsed": 404.076668, "delta": 8.301921}}
{"target": 0.6761295315827252, "params": {"C": 27.253080467928676, "epsilon": 1.5881671266946873, "gamma": 0.9, "lamda": 1.0}, "datetime": {"datetime": "2021-07-03 15:17:49", "elapsed": 405.067665, "delta": 0.990997}}
{"target": -3.7646422265290678, "params": {"C": 24.73827273538733, "epsilon": 5.49555026494992, "gamma": 0.05, "lamda": 1.0}, "datetime": {"datetime": "2021-07-03 15:17:59", "elapsed": 415.605712, "delta": 10.538047}}
{"target": 0.6633589085481046, "params": {"C": 23.77940202558687, "epsilon": 6.195531999842191, "gamma": 0.9, "lamda": 0.11668603257671058}, "datetime": {"datetime": "2021-07-03 15:18:00", "elapsed": 416.515684, "delta": 0.909972}}
{"target": 0.6579428169416044, "params": {"C": 22.943134934241716, "epsilon": 1.6841837937902482, "gamma": 0.9, "lamda": 0.1}, "datetime": {"datetime": "2021-07-03 15:18:01", "elapsed": 417.322674, "delta": 0.80699}}
{"target": 0.6763765894682334, "params": {"C": 27.898743131625736, "epsilon": 7.533033309209178, "gamma": 0.9, "lamda": 1.0}, "datetime": {"datetime": "2021-07-03 15:18:02", "elapsed": 418.169668, "delta": 0.846994}}
{"target": 0.6719666980098951, "params": {"C": 24.257107560267947, "epsilon": 4.418365155966422, "gamma": 0.8782005107822879, "lamda": 0.9714759755845018}, "datetime": {"datetime": "2021-07-03 15:18:03", "elapsed": 419.118684, "delta": 0.949016}}
{"target": 0.6767272398259607, "params": {"C": 27.759761670979586, "epsilon": 4.6794447634677745, "gamma": 0.9, "lamda": 0.1}, "datetime": {"datetime": "2021-07-03 15:18:04", "elapsed": 420.615701, "delta": 1.497017}}
{"target": 0.6653619785934737, "params": {"C": 24.18714408887793, "epsilon": 6.322667106217661, "gamma": 0.9, "lamda": 1.0}, "datetime": {"datetime": "2021-07-03 15:18:06", "elapsed": 422.098706, "delta": 1.483005}}
{"target": 0.650607455629191, "params": {"C": 21.498842225607135, "epsilon": 5.840059463278192, "gamma": 0.9, "lamda": 0.1}, "datetime": {"datetime": "2021-07-03 15:18:07", "elapsed": 423.384699, "delta": 1.285993}}
{"target": 0.6764292054047789, "params": {"C": 30.0, "epsilon": 8.231547760606519, "gamma": 0.9, "lamda": 0.1}, "datetime": {"datetime": "2021-07-03 15:18:09", "elapsed": 424.916714, "delta": 1.532015}}
{"target": 0.676510231042871, "params": {"C": 30.0, "epsilon": 7.89295194493663, "gamma": 0.9, "lamda": 1.0}, "datetime": {"datetime": "2021-07-03 15:18:11", "elapsed": 427.088693, "delta": 2.171979}}
{"target": 0.6767461330518902, "params": {"C": 29.266851963978578, "epsilon": 4.226279494643074, "gamma": 0.9, "lamda": 1.0}, "datetime": {"datetime": "2021-07-03 15:18:12", "elapsed": 428.116756, "delta": 1.028063}}
{"target": 0.6759655465701191, "params": {"C": 30.0, "epsilon": 1.0, "gamma": 0.9, "lamda": 1.0}, "datetime": {"datetime": "2021-07-03 15:18:13", "elapsed": 429.064722, "delta": 0.947966}}
{"target": 0.6479760762920949, "params": {"C": 21.296050994193433, "epsilon": 1.0, "gamma": 0.9, "lamda": 0.1}, "datetime": {"datetime": "2021-07-03 15:18:14", "elapsed": 429.963713, "delta": 0.898991}}
{"target": 0.6758419954531092, "params": {"C": 30.0, "epsilon": 10.0, "gamma": 0.9, "lamda": 1.0}, "datetime": {"datetime": "2021-07-03 15:18:15", "elapsed": 430.831216, "delta": 0.867503}}
{"target": -5.531730824977931, "params": {"C": 30.0, "epsilon": 1.0, "gamma": 0.05, "lamda": 1.0}, "datetime": {"datetime": "2021-07-03 15:18:22", "elapsed": 438.34373, "delta": 7.512514}}
{"target": 0.6762235155188028, "params": {"C": 30.0, "epsilon": 1.7370730735153175, "gamma": 0.9, "lamda": 0.4262271183538069}, "datetime": {"datetime": "2021-07-03 15:18:23", "elapsed": 439.313726, "delta": 0.969996}}
{"target": 0.6767961023746362, "params": {"C": 30.0, "epsilon": 5.393340804692897, "gamma": 0.9, "lamda": 0.1}, "datetime": {"datetime": "2021-07-03 15:18:24", "elapsed": 440.317729, "delta": 1.004003}}
{"target": 0.6709765567347097, "params": {"C": 25.60652634583599, "epsilon": 10.0, "gamma": 0.9, "lamda": 0.1}, "datetime": {"datetime": "2021-07-03 15:18:26", "elapsed": 442.006759, "delta": 1.68903}}
{"target": -5.782154242766838, "params": {"C": 30.0, "epsilon": 8.935366272203892, "gamma": 0.05, "lamda": 0.1}, "datetime": {"datetime": "2021-07-03 15:18:41", "elapsed": 457.017756, "delta": 15.010997}}
{"target": 0.6763569376135239, "params": {"C": 26.8143354656497, "epsilon": 4.719596260257568, "gamma": 0.9, "lamda": 0.1}, "datetime": {"datetime": "2021-07-03 15:18:42", "elapsed": 457.962801, "delta": 0.945045}}
{"target": 0.6571576099985755, "params": {"C": 22.6047977330666, "epsilon": 6.609586605865532, "gamma": 0.9, "lamda": 0.1}, "datetime": {"datetime": "2021-07-03 15:18:43", "elapsed": 458.968776, "delta": 1.005975}}
{"target": 0.65943328617703, "params": {"C": 23.156666785890266, "epsilon": 2.3725204921197727, "gamma": 0.9, "lamda": 1.0}, "datetime": {"datetime": "2021-07-03 15:18:44", "elapsed": 460.103777, "delta": 1.135001}}
{"target": 0.6735921873310764, "params": {"C": 26.145656932993173, "epsilon": 1.9910695945586026, "gamma": 0.9, "lamda": 0.1}, "datetime": {"datetime": "2021-07-03 15:18:45", "elapsed": 461.042781, "delta": 0.939004}}
{"target": 0.6985949785267589, "params": {"C": 29.975156418415295, "epsilon": 9.993935202368935, "gamma": 0.813424478030111, "lamda": 0.2934878933123908}, "datetime": {"datetime": "2021-07-03 15:18:46", "elapsed": 461.964183, "delta": 0.921402}}
{"target": 0.6704733672499916, "params": {"C": 25.32122465124544, "epsilon": 3.6965845523967786, "gamma": 0.9, "lamda": 0.1}, "datetime": {"datetime": "2021-07-03 15:18:47", "elapsed": 462.806767, "delta": 0.842584}}
{"target": 0.6762149650390791, "params": {"C": 29.529340564712886, "epsilon": 1.685721177821845, "gamma": 0.9, "lamda": 1.0}, "datetime": {"datetime": "2021-07-03 15:18:47", "elapsed": 463.628764, "delta": 0.821997}}
{"target": 0.6762433332176103, "params": {"C": 27.86228835760248, "epsilon": 1.8635196003201657, "gamma": 0.9, "lamda": 0.1}, "datetime": {"datetime": "2021-07-03 15:18:48", "elapsed": 464.649772, "delta": 1.021008}}
{"target": 0.6506077956821132, "params": {"C": 21.460995431578393, "epsilon": 7.632802606390935, "gamma": 0.9, "lamda": 0.1}, "datetime": {"datetime": "2021-07-03 15:18:49", "elapsed": 465.407789, "delta": 0.758017}}
{"target": 0.6767248604398508, "params": {"C": 28.42976454753572, "epsilon": 5.914301903269813, "gamma": 0.9, "lamda": 0.1}, "datetime": {"datetime": "2021-07-03 15:18:50", "elapsed": 466.277782, "delta": 0.869993}}
{"target": 0.6524946193000195, "params": {"C": 21.987423929519707, "epsilon": 1.8983086368463669, "gamma": 0.9, "lamda": 0.1}, "datetime": {"datetime": "2021-07-03 15:18:52", "elapsed": 468.303789, "delta": 2.026007}}
{"target": 0.676786354022933, "params": {"C": 28.75796117038311, "epsilon": 4.398730499704366, "gamma": 0.9, "lamda": 0.1}, "datetime": {"datetime": "2021-07-03 15:18:54", "elapsed": 469.728768, "delta": 1.424979}}
{"target": 0.8750911163729655, "params": {"C": 26.81895242519874, "epsilon": 1.0, "gamma": 0.05, "lamda": 0.1}, "datetime": {"datetime": "2021-07-03 15:18:56", "elapsed": 471.844794, "delta": 2.116026}}
{"target": 0.6642723479362189, "params": {"C": 23.9660228018022, "epsilon": 5.581486024415504, "gamma": 0.9, "lamda": 0.8961129526724959}, "datetime": {"datetime": "2021-07-03 15:18:59", "elapsed": 474.787784, "delta": 2.94299}}
{"target": -0.7493084700498494, "params": {"C": 20.742590019221456, "epsilon": 5.896407895939847, "gamma": 0.9, "lamda": 1.0}, "datetime": {"datetime": "2021-07-03 15:19:08", "elapsed": 484.124805, "delta": 9.337021}}
{"target": 0.662518206555279, "params": {"C": 22.830441955926997, "epsilon": 5.2036041783263505, "gamma": 0.8855916664469525, "lamda": 0.9743138581330716}, "datetime": {"datetime": "2021-07-03 15:19:09", "elapsed": 485.146827, "delta": 1.022022}}
{"target": 0.6718283971781022, "params": {"C": 25.677579958040127, "epsilon": 2.823723808220389, "gamma": 0.9, "lamda": 0.1}, "datetime": {"datetime": "2021-07-03 15:19:10", "elapsed": 486.010807, "delta": 0.86398}}
{"target": -5.193899896437783, "params": {"C": 22.205431961327825, "epsilon": 7.997032730790415, "gamma": 0.05, "lamda": 0.1}, "datetime": {"datetime": "2021-07-03 15:19:18", "elapsed": 493.865823, "delta": 7.855016}}
{"target": 0.8722557008701828, "params": {"C": 22.156385732117492, "epsilon": 9.40009121869786, "gamma": 0.16948630972959206, "lamda": 0.21649947959789492}, "datetime": {"datetime": "2021-07-03 15:19:19", "elapsed": 495.417814, "delta": 1.551991}}
{"target": 0.671166301004116, "params": {"C": 25.514956932266173, "epsilon": 8.143142346230873, "gamma": 0.9, "lamda": 0.1}, "datetime": {"datetime": "2021-07-03 15:19:20", "elapsed": 496.48881, "delta": 1.070996}}
{"target": 0.7382924009266152, "params": {"C": 22.12298848378929, "epsilon": 8.904298078380315, "gamma": 0.6467621213057109, "lamda": 0.10749811471535888}, "datetime": {"datetime": "2021-07-03 15:19:22", "elapsed": 497.930809, "delta": 1.441999}}
{"target": 0.6700998142990897, "params": {"C": 25.26314083092205, "epsilon": 7.4710100145389715, "gamma": 0.9, "lamda": 1.0}, "datetime": {"datetime": "2021-07-03 15:19:23", "elapsed": 498.864845, "delta": 0.934036}}
{"target": 0.6747733247138099, "params": {"C": 26.49372339864653, "epsilon": 9.190976401706983, "gamma": 0.9, "lamda": 0.1}, "datetime": {"datetime": "2021-07-03 15:19:24", "elapsed": 499.865827, "delta": 1.000982}}
{"target": -4.136719962767686, "params": {"C": 22.231689946055575, "epsilon": 8.992943636391374, "gamma": 0.14472451795372968, "lamda": 0.8850506966452073}, "datetime": {"datetime": "2021-07-03 15:19:41", "elapsed": 517.310874, "delta": 17.445047}}
{"target": 0.6824529619374877, "params": {"C": 26.8859888777929, "epsilon": 5.878489427149944, "gamma": 0.8782634671578297, "lamda": 0.9580043994707385}, "datetime": {"datetime": "2021-07-03 15:19:42", "elapsed": 518.454854, "delta": 1.14398}}
{"target": 0.6409390771773051, "params": {"C": 20.0, "epsilon": 4.091773695808553, "gamma": 0.9, "lamda": 0.1}, "datetime": {"datetime": "2021-07-03 15:19:43", "elapsed": 519.413889, "delta": 0.959035}}
{"target": -5.630188419575106, "params": {"C": 21.515442755758368, "epsilon": 4.634059834246684, "gamma": 0.05, "lamda": 1.0}, "datetime": {"datetime": "2021-07-03 15:19:49", "elapsed": 525.590866, "delta": 6.176977}}
{"target": -5.369517314950222, "params": {"C": 30.0, "epsilon": 5.097012614924086, "gamma": 0.05, "lamda": 0.1}, "datetime": {"datetime": "2021-07-03 15:20:01", "elapsed": 537.537923, "delta": 11.947057}}
{"target": 0.6699160723927116, "params": {"C": 25.29237599790258, "epsilon": 1.8968890776452598, "gamma": 0.9, "lamda": 1.0}, "datetime": {"datetime": "2021-07-03 15:20:02", "elapsed": 538.475931, "delta": 0.938008}}
{"target": 0.6767518663927681, "params": {"C": 30.0, "epsilon": 4.340384123790203, "gamma": 0.9, "lamda": 1.0}, "datetime": {"datetime": "2021-07-03 15:20:03", "elapsed": 539.414897, "delta": 0.938966}}
{"target": 0.6556178944104024, "params": {"C": 22.353122683339386, "epsilon": 5.843554814102252, "gamma": 0.9, "lamda": 0.1}, "datetime": {"datetime": "2021-07-03 15:20:04", "elapsed": 540.387925, "delta": 0.973028}}
{"target": 0.6767042144582887, "params": {"C": 27.215716804828794, "epsilon": 4.952660645751606, "gamma": 0.9, "lamda": 1.0}, "datetime": {"datetime": "2021-07-03 15:20:05", "elapsed": 541.3929, "delta": 1.004975}}
{"target": 0.6757414622621859, "params": {"C": 26.641162408654303, "epsilon": 2.9701647561571725, "gamma": 0.9, "lamda": 0.1}, "datetime": {"datetime": "2021-07-03 15:20:06", "elapsed": 542.368889, "delta": 0.975989}}
{"target": 0.6767722303918644, "params": {"C": 30.0, "epsilon": 6.0821367613776856, "gamma": 0.9, "lamda": 0.1}, "datetime": {"datetime": "2021-07-03 15:20:07", "elapsed": 543.302899, "delta": 0.93401}}
{"target": 0.6758160099520156, "params": {"C": 28.221665281604444, "epsilon": 9.155090933285484, "gamma": 0.9, "lamda": 0.1}, "datetime": {"datetime": "2021-07-03 15:20:08", "elapsed": 544.276875, "delta": 0.973976}}
{"target": 0.6781233973835629, "params": {"C": 28.687926175720992, "epsilon": 8.339993038827245, "gamma": 0.8923580665923411, "lamda": 0.9906412297827498}, "datetime": {"datetime": "2021-07-03 15:20:10", "elapsed": 546.093921, "delta": 1.817046}}
{"target": 0.6763300321304122, "params": {"C": 27.588936765306997, "epsilon": 8.251566764851555, "gamma": 0.9, "lamda": 0.1}, "datetime": {"datetime": "2021-07-03 15:20:12", "elapsed": 547.724942, "delta": 1.631021}}
{"target": 0.6721612256594417, "params": {"C": 24.509285823008987, "epsilon": 1.3809375609513705, "gamma": 0.8791685482781978, "lamda": 0.8997290737648826}, "datetime": {"datetime": "2021-07-03 15:20:13", "elapsed": 548.8479, "delta": 1.122958}}
{"target": 0.6739590348498607, "params": {"C": 26.14461169770911, "epsilon": 7.116034441882176, "gamma": 0.9, "lamda": 1.0}, "datetime": {"datetime": "2021-07-03 15:20:14", "elapsed": 550.258905, "delta": 1.411005}}
{"target": 0.6764120602813178, "params": {"C": 27.220337799556724, "epsilon": 2.625859728162778, "gamma": 0.9, "lamda": 1.0}, "datetime": {"datetime": "2021-07-03 15:20:15", "elapsed": 551.169926, "delta": 0.911021}}
{"target": -4.675355933041923, "params": {"C": 20.0, "epsilon": 7.339761254405148, "gamma": 0.05, "lamda": 0.1}, "datetime": {"datetime": "2021-07-03 15:20:25", "elapsed": 560.705942, "delta": 9.536016}}
{"target": 0.6504229806515542, "params": {"C": 21.59039327677621, "epsilon": 2.8358777120247107, "gamma": 0.9, "lamda": 1.0}, "datetime": {"datetime": "2021-07-03 15:20:26", "elapsed": 561.827242, "delta": 1.1213}}
{"target": 0.6563231217822523, "params": {"C": 22.47089788357231, "epsilon": 6.12597431474668, "gamma": 0.9, "lamda": 1.0}, "datetime": {"datetime": "2021-07-03 15:20:27", "elapsed": 562.757927, "delta": 0.930685}}
{"target": 0.6758287389072127, "params": {"C": 29.137394385128488, "epsilon": 10.0, "gamma": 0.9, "lamda": 0.1}, "datetime": {"datetime": "2021-07-03 15:20:28", "elapsed": 563.86096, "delta": 1.103033}}
{"target": 0.6580754505288884, "params": {"C": 22.823654529788808, "epsilon": 4.330092953005821, "gamma": 0.9, "lamda": 1.0}, "datetime": {"datetime": "2021-07-03 15:20:29", "elapsed": 564.851426, "delta": 0.990466}}
{"target": -2.990931295052437, "params": {"C": 23.11787232643794, "epsilon": 2.1115047975367833, "gamma": 0.132821561484441, "lamda": 0.13810100496862773}, "datetime": {"datetime": "2021-07-03 15:20:38", "elapsed": 574.34894, "delta": 9.497514}}
{"target": 0.6759809296256447, "params": {"C": 29.182956532771573, "epsilon": 1.0, "gamma": 0.9, "lamda": 0.1}, "datetime": {"datetime": "2021-07-03 15:20:39", "elapsed": 575.242946, "delta": 0.894006}}
{"target": 0.6766024202882224, "params": {"C": 28.584929915541533, "epsilon": 6.783114538623472, "gamma": 0.9, "lamda": 0.1}, "datetime": {"datetime": "2021-07-03 15:20:40", "elapsed": 576.359946, "delta": 1.117}}
{"target": 0.6765851665270799, "params": {"C": 30.0, "epsilon": 7.533687812408238, "gamma": 0.9, "lamda": 0.1}, "datetime": {"datetime": "2021-07-03 15:20:41", "elapsed": 577.343966, "delta": 0.98402}}
{"target": -1.0945918071434972, "params": {"C": 20.934097845314668, "epsilon": 8.032812437085706, "gamma": 0.9, "lamda": 1.0}, "datetime": {"datetime": "2021-07-03 15:20:50", "elapsed": 586.195988, "delta": 8.852022}}
{"target": 0.6767424091693908, "params": {"C": 28.257583105227113, "epsilon": 4.115458261122985, "gamma": 0.9, "lamda": 1.0}, "datetime": {"datetime": "2021-07-03 15:20:51", "elapsed": 587.478983, "delta": 1.282995}}
{"target": 0.874800399348925, "params": {"C": 25.598017189458147, "epsilon": 1.6913563036714478, "gamma": 0.05, "lamda": 0.1}, "datetime": {"datetime": "2021-07-03 15:20:52", "elapsed": 588.572985, "delta": 1.094002}}
{"target": 0.6411389041321336, "params": {"C": 20.0, "epsilon": 4.82792819264293, "gamma": 0.9, "lamda": 1.0}, "datetime": {"datetime": "2021-07-03 15:20:54", "elapsed": 589.69997, "delta": 1.126985}}
{"target": -5.034196900651016, "params": {"C": 27.15099577318414, "epsilon": 1.641021590903316, "gamma": 0.05, "lamda": 0.1}, "datetime": {"datetime": "2021-07-03 15:21:09", "elapsed": 605.553022, "delta": 15.853052}}
{"target": 0.6642006716344762, "params": {"C": 24.02504616817257, "epsilon": 3.1812238613666985, "gamma": 0.9, "lamda": 1.0}, "datetime": {"datetime": "2021-07-03 15:21:11", "elapsed": 606.895024, "delta": 1.342002}}
{"target": 0.6639726569195148, "params": {"C": 23.922257284118988, "epsilon": 4.654380359235795, "gamma": 0.9, "lamda": 0.2898139783175677}, "datetime": {"datetime": "2021-07-03 15:21:12", "elapsed": 607.925025, "delta": 1.030001}}
{"target": -4.62860194327474, "params": {"C": 30.0, "epsilon": 2.8736009915685368, "gamma": 0.05, "lamda": 1.0}, "datetime": {"datetime": "2021-07-03 15:21:21", "elapsed": 616.772072, "delta": 8.847047}}
{"target": 0.6773231829052795, "params": {"C": 29.155073704946503, "epsilon": 7.383660109967824, "gamma": 0.8973955704342728, "lamda": 0.9633799673466286}, "datetime": {"datetime": "2021-07-03 15:21:22", "elapsed": 618.348029, "delta": 1.575957}}
{"target": 0.6761928396027288, "params": {"C": 29.160129406435296, "epsilon": 9.016375281714803, "gamma": 0.9, "lamda": 1.0}, "datetime": {"datetime": "2021-07-03 15:21:23", "elapsed": 619.34802, "delta": 0.999991}}
{"target": 0.644659625535442, "params": {"C": 20.58314134239217, "epsilon": 4.324260721546723, "gamma": 0.9, "lamda": 0.5512187742948823}, "datetime": {"datetime": "2021-07-03 15:21:24", "elapsed": 620.619012, "delta": 1.270992}}
{"target": 0.6454412749271569, "params": {"C": 20.838338486523096, "epsilon": 1.756620205595765, "gamma": 0.9, "lamda": 0.1}, "datetime": {"datetime": "2021-07-03 15:21:25", "elapsed": 621.611037, "delta": 0.992025}}
{"target": -5.78513522576401, "params": {"C": 24.981688536020418, "epsilon": 1.6550210895405149, "gamma": 0.05, "lamda": 0.8912650870012695}, "datetime": {"datetime": "2021-07-03 15:21:31", "elapsed": 627.268048, "delta": 5.657011}}
{"target": 0.6596142371163495, "params": {"C": 23.290758865738535, "epsilon": 1.0, "gamma": 0.9, "lamda": 0.1}, "datetime": {"datetime": "2021-07-03 15:21:33", "elapsed": 628.822102, "delta": 1.554054}}
{"target": 0.6766521673462607, "params": {"C": 30.0, "epsilon": 3.5351076598917524, "gamma": 0.9, "lamda": 0.1}, "datetime": {"datetime": "2021-07-03 15:21:34", "elapsed": 630.234081, "delta": 1.411979}}
{"target": 0.6752798823635161, "params": {"C": 26.671374690128694, "epsilon": 1.0, "gamma": 0.9, "lamda": 0.6850521465591901}, "datetime": {"datetime": "2021-07-03 15:21:35", "elapsed": 631.458209, "delta": 1.224128}}
{"target": 0.8792462290349828, "params": {"C": 25.717061515200033, "epsilon": 1.0364710700770132, "gamma": 0.14149241055960993, "lamda": 0.11826535363101742}, "datetime": {"datetime": "2021-07-03 15:21:37", "elapsed": 633.578079, "delta": 2.11987}}
{"target": 0.6659384113106525, "params": {"C": 24.428302861295386, "epsilon": 8.862837659011324, "gamma": 0.9, "lamda": 1.0}, "datetime": {"datetime": "2021-07-03 15:21:38", "elapsed": 634.644073, "delta": 1.065994}}
{"target": 0.6600100655798362, "params": {"C": 23.126810062058816, "epsilon": 6.983821473829128, "gamma": 0.9, "lamda": 1.0}, "datetime": {"datetime": "2021-07-03 15:21:40", "elapsed": 635.874106, "delta": 1.230033}}
{"target": 0.6564808409879423, "params": {"C": 22.693745945259902, "epsilon": 1.475168722633451, "gamma": 0.9, "lamda": 1.0}, "datetime": {"datetime": "2021-07-03 15:21:41", "elapsed": 637.138072, "delta": 1.263966}}
{"target": 0.6678758402729894, "params": {"C": 23.267260439195518, "epsilon": 8.499138690712073, "gamma": 0.8746587137457925, "lamda": 0.6093051174786126}, "datetime": {"datetime": "2021-07-03 15:21:42", "elapsed": 638.321302, "delta": 1.18323}}
