{"target": -2.814638799310248, "params": {"C": 168.96463354345275, "epsilon": 3.9136743613313754, "gamma": 0.012685244875966634, "lamda": 0.04831244190975547}, "datetime": {"datetime": "2021-09-20 09:43:15", "elapsed": 3907.586931, "delta": 14.490037}}
{"target": -3.3207941811906583, "params": {"C": 281.8599602037698, "epsilon": 4.870242418097838, "gamma": 0.1230572915067744, "lamda": 0.19524767667381313}, "datetime": {"datetime": "2021-09-20 09:43:28", "elapsed": 3920.688081, "delta": 13.10115}}
{"target": -4.802612977331503, "params": {"C": 156.5177312572465, "epsilon": 4.748006565042437, "gamma": 0.06570273607895259, "lamda": 0.15979476909947823}, "datetime": {"datetime": "2021-09-20 09:43:37", "elapsed": 3929.425193, "delta": 8.737112}}
{"target": -4.460775061388135, "params": {"C": 271.5943655170352, "epsilon": 4.31399309874369, "gamma": 0.09441740812598771, "lamda": 0.1861289477886975}, "datetime": {"datetime": "2021-09-20 09:43:45", "elapsed": 3937.865324, "delta": 8.440131}}
{"target": -3.523690519776209, "params": {"C": 188.68394766405598, "epsilon": 4.678782913394965, "gamma": 0.1257283284840738, "lamda": 0.19708899754405118}, "datetime": {"datetime": "2021-09-20 09:43:54", "elapsed": 3946.645134, "delta": 8.77981}}
{"target": -3.648955330473272, "params": {"C": 154.89657989438885, "epsilon": 3.653316628280271, "gamma": 0.11528307589917432, "lamda": 0.09848531705561653}, "datetime": {"datetime": "2021-09-20 09:44:02", "elapsed": 3954.851072, "delta": 8.205938}}
{"target": -5.315755515048113, "params": {"C": 188.88271884761053, "epsilon": 1.7014703558452382, "gamma": 0.05364513030677061, "lamda": 0.04385436279710183}, "datetime": {"datetime": "2021-09-20 09:44:17", "elapsed": 3969.463553, "delta": 14.612481}}
{"target": -4.81189409759683, "params": {"C": 269.9491256287258, "epsilon": 2.5617355289014663, "gamma": 0.021222028295914557, "lamda": 0.15539706142128404}, "datetime": {"datetime": "2021-09-20 09:44:26", "elapsed": 3978.566905, "delta": 9.103352}}
{"target": -3.736407077658333, "params": {"C": 230.04736141255964, "epsilon": 3.723000157997272, "gamma": 0.10550177016290867, "lamda": 0.07998978485110236}, "datetime": {"datetime": "2021-09-20 09:44:40", "elapsed": 3992.574018, "delta": 14.007113}}
{"target": 0.8677858033921955, "params": {"C": 297.93701736544426, "epsilon": 0.23838883879827213, "gamma": 0.18688896205314737, "lamda": 0.18617106269702585}, "datetime": {"datetime": "2021-09-20 09:44:40", "elapsed": 3992.939605, "delta": 0.365587}}
{"target": 0.8916731563584742, "params": {"C": 208.6378067252187, "epsilon": 1.1508778685532672, "gamma": 0.1257465930969816, "lamda": 0.03559528912169842}, "datetime": {"datetime": "2021-09-20 09:44:41", "elapsed": 3993.299701, "delta": 0.360096}}
{"target": -4.715787898109959, "params": {"C": 270.4812291492012, "epsilon": 1.3442758938009027, "gamma": 0.061707200231372196, "lamda": 0.1831832420862014}, "datetime": {"datetime": "2021-09-20 09:44:50", "elapsed": 4002.69025, "delta": 9.390549}}
{"target": -2.08617884322163, "params": {"C": 285.4375250211614, "epsilon": 2.7233663694795567, "gamma": 0.17325360121283007, "lamda": 0.07050716122844355}, "datetime": {"datetime": "2021-09-20 09:45:01", "elapsed": 4014.083505, "delta": 11.393255}}
{"target": -4.885608867474489, "params": {"C": 299.68264173373535, "epsilon": 2.2250797230843875, "gamma": 0.062488342300706594, "lamda": 0.008315805215599503}, "datetime": {"datetime": "2021-09-20 09:45:14", "elapsed": 4027.031539, "delta": 12.948034}}
{"target": -2.8066209661389245, "params": {"C": 298.45604306801124, "epsilon": 2.37794939146793, "gamma": 0.1482440777398223, "lamda": 0.1281618840015509}, "datetime": {"datetime": "2021-09-20 09:45:28", "elapsed": 4040.806513, "delta": 13.774974}}
{"target": 0.8697623273648365, "params": {"C": 258.4640099499014, "epsilon": 0.35044342874796974, "gamma": 0.18440885405489418, "lamda": 0.1853683167392304}, "datetime": {"datetime": "2021-09-20 09:45:28", "elapsed": 4041.161511, "delta": 0.354998}}
{"target": -5.875901415755947, "params": {"C": 232.7992540731296, "epsilon": 4.8231878545543, "gamma": 0.05978632971312165, "lamda": 0.12042972328068191}, "datetime": {"datetime": "2021-09-20 09:45:37", "elapsed": 4049.899506, "delta": 8.737995}}
{"target": -5.893420423054764, "params": {"C": 209.4694035078936, "epsilon": 3.1773138356006188, "gamma": 0.06362329626213088, "lamda": 0.16387185757281938}, "datetime": {"datetime": "2021-09-20 09:45:53", "elapsed": 4066.08451, "delta": 16.185004}}
{"target": 0.8539899162729463, "params": {"C": 160.4678967756313, "epsilon": 0.3052000944699818, "gamma": 0.01463229500349629, "lamda": 0.030091855218504323}, "datetime": {"datetime": "2021-09-20 09:45:54", "elapsed": 4066.475546, "delta": 0.391036}}
{"target": -4.978498396690451, "params": {"C": 209.30257106920357, "epsilon": 4.781410947360156, "gamma": 0.026605110740711455, "lamda": 0.12951094961029963}, "datetime": {"datetime": "2021-09-20 09:46:07", "elapsed": 4080.063503, "delta": 13.587957}}
{"target": -5.266471819711054, "params": {"C": 229.1432262684524, "epsilon": 1.8308877893169893, "gamma": 0.04364884971743741, "lamda": 0.04411959577538531}, "datetime": {"datetime": "2021-09-20 09:46:17", "elapsed": 4089.65454, "delta": 9.591037}}
{"target": -2.7359760771795063, "params": {"C": 156.57322645907203, "epsilon": 3.5945034684830914, "gamma": 0.1324988388432697, "lamda": 0.08875451477515175}, "datetime": {"datetime": "2021-09-20 09:46:30", "elapsed": 4102.67151, "delta": 13.01697}}
{"target": 0.8683834695198129, "params": {"C": 257.8409232134766, "epsilon": 0.6388822649820701, "gamma": 0.18805023880694158, "lamda": 0.16952549422116828}, "datetime": {"datetime": "2021-09-20 09:46:30", "elapsed": 4103.070511, "delta": 0.399001}}
{"target": -4.112566101854222, "params": {"C": 248.8553489498825, "epsilon": 1.9562727264424862, "gamma": 0.08623051215787576, "lamda": 0.09643130227757134}, "datetime": {"datetime": "2021-09-20 09:46:44", "elapsed": 4116.26051, "delta": 13.189999}}
{"target": -4.526876121362718, "params": {"C": 290.29256550102014, "epsilon": 4.331605479098703, "gamma": 0.0981951505972291, "lamda": 0.11090414513713513}, "datetime": {"datetime": "2021-09-20 09:46:53", "elapsed": 4125.254507, "delta": 8.993997}}
{"target": -3.1656675304152104, "params": {"C": 281.31057934189823, "epsilon": 4.751395725484222, "gamma": 0.12964102739430797, "lamda": 0.14970431549763066}, "datetime": {"datetime": "2021-09-20 09:47:08", "elapsed": 4140.467506, "delta": 15.212999}}
{"target": -2.3711324356473367, "params": {"C": 202.74373595406638, "epsilon": 4.598338763522282, "gamma": 0.16816664972149709, "lamda": 0.11041162418907134}, "datetime": {"datetime": "2021-09-20 09:47:20", "elapsed": 4152.762508, "delta": 12.295002}}
{"target": 0.8734411139023912, "params": {"C": 280.14408144227605, "epsilon": 4.264372219057629, "gamma": 0.16264021453819766, "lamda": 0.026139434186653217}, "datetime": {"datetime": "2021-09-20 09:47:20", "elapsed": 4153.12151, "delta": 0.359002}}
{"target": -2.5880962078888947, "params": {"C": 230.40038622327182, "epsilon": 4.5138372620638885, "gamma": 0.1553122069579969, "lamda": 0.08414321909183933}, "datetime": {"datetime": "2021-09-20 09:47:29", "elapsed": 4161.788506, "delta": 8.666996}}
{"target": -4.73718122850765, "params": {"C": 296.6820590039949, "epsilon": 1.3287884676977113, "gamma": 0.07005399462534007, "lamda": 0.19084014728541038}, "datetime": {"datetime": "2021-09-20 09:47:39", "elapsed": 4171.449511, "delta": 9.661005}}
{"target": -1.7833222870524774, "params": {"C": 271.30730222779346, "epsilon": 4.5116660221022435, "gamma": 0.007259969934929561, "lamda": 0.07595350684236592}, "datetime": {"datetime": "2021-09-20 09:47:53", "elapsed": 4185.234509, "delta": 13.784998}}
{"target": 0.8828586747083832, "params": {"C": 185.3282934914804, "epsilon": 1.5500817542483156, "gamma": 0.148909121798749, "lamda": 0.14481724488796996}, "datetime": {"datetime": "2021-09-20 09:47:53", "elapsed": 4185.602505, "delta": 0.367996}}
{"target": -3.414634074276223, "params": {"C": 219.2699115298592, "epsilon": 1.8898448599147595, "gamma": 0.11901486453588253, "lamda": 0.10674201721910064}, "datetime": {"datetime": "2021-09-20 09:48:01", "elapsed": 4193.752505, "delta": 8.15}}
{"target": -4.4982848178138495, "params": {"C": 232.5869338511793, "epsilon": 3.1158376484618233, "gamma": 0.08215141309217203, "lamda": 0.15434392476460926}, "datetime": {"datetime": "2021-09-20 09:48:10", "elapsed": 4202.897502, "delta": 9.144997}}
{"target": 0.8712625022575606, "params": {"C": 187.680477502408, "epsilon": 3.313227762726494, "gamma": 0.19227744390290355, "lamda": 0.0007119485381247443}, "datetime": {"datetime": "2021-09-20 09:48:11", "elapsed": 4203.253505, "delta": 0.356003}}
{"target": -2.962101948953574, "params": {"C": 258.5041566591459, "epsilon": 0.6340756662552542, "gamma": 0.11103856087444593, "lamda": 0.12538357642005024}, "datetime": {"datetime": "2021-09-20 09:48:19", "elapsed": 4212.088544, "delta": 8.835039}}
{"target": -3.3279012623520083, "params": {"C": 186.44206886562017, "epsilon": 4.57783498870838, "gamma": 0.12635094309486547, "lamda": 0.046339706584280584}, "datetime": {"datetime": "2021-09-20 09:48:33", "elapsed": 4225.686511, "delta": 13.597967}}
{"target": 0.8937459304846416, "params": {"C": 265.51982813997114, "epsilon": 0.6169846919869404, "gamma": 0.11326893711361219, "lamda": 0.018992119004428498}, "datetime": {"datetime": "2021-09-20 09:48:33", "elapsed": 4226.045509, "delta": 0.358998}}
{"target": -2.2862534443743883, "params": {"C": 237.14761090125293, "epsilon": 1.3396025523289232, "gamma": 0.13164602755117555, "lamda": 0.14316567474468314}, "datetime": {"datetime": "2021-09-20 09:48:42", "elapsed": 4234.886502, "delta": 8.840993}}
{"target": -2.2598739763574893, "params": {"C": 228.6278421852992, "epsilon": 3.3218548977452396, "gamma": 0.16359229983838586, "lamda": 0.16150264681633478}, "datetime": {"datetime": "2021-09-20 09:48:51", "elapsed": 4243.622505, "delta": 8.736003}}
{"target": -4.874813830485899, "params": {"C": 242.95229880807943, "epsilon": 2.310402064391797, "gamma": 0.08455024786423666, "lamda": 0.1749496492332528}, "datetime": {"datetime": "2021-09-20 09:48:59", "elapsed": 4251.928503, "delta": 8.305998}}
{"target": -3.122174457075272, "params": {"C": 255.4397598171557, "epsilon": 1.006181609629668, "gamma": 0.11531776859270636, "lamda": 0.18176169765197908}, "datetime": {"datetime": "2021-09-20 09:49:09", "elapsed": 4261.242502, "delta": 9.313999}}
{"target": -2.405967846086452, "params": {"C": 172.60349883724066, "epsilon": 4.243036610100462, "gamma": 0.16493948093149324, "lamda": 0.0998687209184656}, "datetime": {"datetime": "2021-09-20 09:49:19", "elapsed": 4272.070504, "delta": 10.828002}}
{"target": 0.8747406643318059, "params": {"C": 155.63757772285547, "epsilon": 0.8227622764449837, "gamma": 0.1849145454642909, "lamda": 0.00883191505157646}, "datetime": {"datetime": "2021-09-20 09:49:20", "elapsed": 4272.429516, "delta": 0.359012}}
{"target": -5.887561881555025, "params": {"C": 205.87481496080392, "epsilon": 3.1332942101548076, "gamma": 0.043404867588233254, "lamda": 0.19621597036830224}, "datetime": {"datetime": "2021-09-20 09:49:36", "elapsed": 4288.508501, "delta": 16.078985}}
{"target": 0.8919441412462948, "params": {"C": 173.39628495651337, "epsilon": 2.7444280562902446, "gamma": 0.1255122082475957, "lamda": 0.04619875874399212}, "datetime": {"datetime": "2021-09-20 09:49:36", "elapsed": 4288.875509, "delta": 0.367008}}
{"target": -2.6262039777228967, "params": {"C": 219.9463483814012, "epsilon": 2.5059417927513534, "gamma": 0.15453816338367568, "lamda": 0.12685651627402192}, "datetime": {"datetime": "2021-09-20 09:49:49", "elapsed": 4302.06251, "delta": 13.187001}}
{"target": -4.259962834181844, "params": {"C": 220.13250795980093, "epsilon": 3.3680184616504785, "gamma": 0.09340859817182869, "lamda": 0.1051427925566906}, "datetime": {"datetime": "2021-09-20 09:49:59", "elapsed": 4311.533506, "delta": 9.470996}}
{"target": 0.8776027627574395, "params": {"C": 248.78520623375428, "epsilon": 0.9878573715739221, "gamma": 0.1586696624785999, "lamda": 0.12057346464234193}, "datetime": {"datetime": "2021-09-20 09:49:59", "elapsed": 4311.891509, "delta": 0.358003}}
{"target": -3.537491178170387, "params": {"C": 297.0499327705992, "epsilon": 1.1896776483027613, "gamma": 0.09592196246248184, "lamda": 0.17912846487808673}, "datetime": {"datetime": "2021-09-20 09:50:08", "elapsed": 4321.150506, "delta": 9.258997}}
{"target": -5.103649575461695, "params": {"C": 240.2150114548182, "epsilon": 3.657198344659194, "gamma": 0.08566568201926526, "lamda": 0.13686224005664213}, "datetime": {"datetime": "2021-09-20 09:50:17", "elapsed": 4329.408513, "delta": 8.258007}}
{"target": -2.2264279291165376, "params": {"C": 291.9082544771345, "epsilon": 1.0809117221226783, "gamma": 0.1624362264560775, "lamda": 0.1939076328819672}, "datetime": {"datetime": "2021-09-20 09:50:26", "elapsed": 4338.298509, "delta": 8.889996}}
{"target": -4.327778287970932, "params": {"C": 152.18530976449975, "epsilon": 1.1545269743126954, "gamma": 0.0278884994610603, "lamda": 0.1534849361247729}, "datetime": {"datetime": "2021-09-20 09:50:37", "elapsed": 4349.624507, "delta": 11.325998}}
{"target": -4.931727899843014, "params": {"C": 162.18248789141, "epsilon": 4.992226437095447, "gamma": 0.08097434309646451, "lamda": 0.18104064798384215}, "datetime": {"datetime": "2021-09-20 09:50:46", "elapsed": 4358.959509, "delta": 9.335002}}
{"target": -2.1898139252949393, "params": {"C": 178.2866405249202, "epsilon": 2.2602737791292253, "gamma": 0.16973830470620968, "lamda": 0.11905436086487058}, "datetime": {"datetime": "2021-09-20 09:50:59", "elapsed": 4371.579511, "delta": 12.620002}}
{"target": -3.65708578330917, "params": {"C": 219.32371450370357, "epsilon": 2.6119837591098767, "gamma": 0.11690767774400775, "lamda": 0.08806440119791105}, "datetime": {"datetime": "2021-09-20 09:51:12", "elapsed": 4384.959684, "delta": 13.380173}}
{"target": 0.8722650179916706, "params": {"C": 179.03384365857158, "epsilon": 0.6584322311500131, "gamma": 0.03448944583717886, "lamda": 0.010499140279662927}, "datetime": {"datetime": "2021-09-20 09:51:13", "elapsed": 4385.337686, "delta": 0.378002}}
{"target": -5.497602883991452, "params": {"C": 233.8014616595447, "epsilon": 4.253832968776452, "gamma": 0.0750282710902016, "lamda": 0.015063099216290928}, "datetime": {"datetime": "2021-09-20 09:51:28", "elapsed": 4400.930629, "delta": 15.592943}}
{"target": -4.336964724995669, "params": {"C": 213.85866179776744, "epsilon": 3.049838408512807, "gamma": 0.08795367578724933, "lamda": 0.1621444360002404}, "datetime": {"datetime": "2021-09-20 09:51:37", "elapsed": 4409.777534, "delta": 8.846905}}
{"target": -2.5187011657092078, "params": {"C": 291.2829369280058, "epsilon": 4.3625627890149365, "gamma": 0.14227990216457825, "lamda": 0.09406031465751027}, "datetime": {"datetime": "2021-09-20 09:51:51", "elapsed": 4423.482152, "delta": 13.704618}}
{"target": 0.8669166551964766, "params": {"C": 252.4047064354877, "epsilon": 0.16574972172699473, "gamma": 0.19658323310789858, "lamda": 0.03441629428844736}, "datetime": {"datetime": "2021-09-20 09:51:51", "elapsed": 4423.846146, "delta": 0.363994}}
{"target": -1.7716778097611283, "params": {"C": 285.93905939425224, "epsilon": 4.05483851816392, "gamma": 0.1610272384554626, "lamda": 0.0537879426209552}, "datetime": {"datetime": "2021-09-20 09:52:00", "elapsed": 4432.941016, "delta": 9.09487}}
{"target": -2.0128880819464436, "params": {"C": 182.8730708635887, "epsilon": 2.201123395279035, "gamma": 0.1706273646424777, "lamda": 0.09007647811470158}, "datetime": {"datetime": "2021-09-20 09:52:16", "elapsed": 4448.52213, "delta": 15.581114}}
{"target": -3.0346541855126823, "params": {"C": 290.31301710105924, "epsilon": 1.8281287035335165, "gamma": 0.12578147231086814, "lamda": 0.19613982657211967}, "datetime": {"datetime": "2021-09-20 09:52:30", "elapsed": 4462.994459, "delta": 14.472329}}
{"target": -3.3489166663679573, "params": {"C": 246.51937833612072, "epsilon": 0.3229412585989585, "gamma": 0.09539363273558381, "lamda": 0.06695093399138904}, "datetime": {"datetime": "2021-09-20 09:52:40", "elapsed": 4472.225451, "delta": 9.230992}}
{"target": -5.158645847060149, "params": {"C": 229.8272322782512, "epsilon": 1.4952564222043438, "gamma": 0.028840939894850547, "lamda": 0.13365812946117162}, "datetime": {"datetime": "2021-09-20 09:52:48", "elapsed": 4480.781787, "delta": 8.556336}}
{"target": -5.840998114016356, "params": {"C": 252.20396323369596, "epsilon": 4.348982569995534, "gamma": 0.0308143912447338, "lamda": 0.15972426303529794}, "datetime": {"datetime": "2021-09-20 09:52:56", "elapsed": 4488.572476, "delta": 7.790689}}
{"target": -5.54552043879315, "params": {"C": 274.01531076076935, "epsilon": 3.2680946851806447, "gamma": 0.044959818427223595, "lamda": 0.05228488146045318}, "datetime": {"datetime": "2021-09-20 09:53:06", "elapsed": 4498.875649, "delta": 10.303173}}
{"target": -4.2120523720146785, "params": {"C": 212.77452263087633, "epsilon": 2.7548154566353835, "gamma": 0.09810040134048233, "lamda": 0.09349251094918185}, "datetime": {"datetime": "2021-09-20 09:53:16", "elapsed": 4508.448026, "delta": 9.572377}}
{"target": -2.2309141221552977, "params": {"C": 275.9761065296501, "epsilon": 4.363501590007082, "gamma": 0.16426702305346952, "lamda": 0.1755604059255213}, "datetime": {"datetime": "2021-09-20 09:53:29", "elapsed": 4521.682928, "delta": 13.234902}}
{"target": -3.8471039240243483, "params": {"C": 235.65131429056095, "epsilon": 4.823777053361501, "gamma": 0.1232761479088412, "lamda": 0.12078994426819521}, "datetime": {"datetime": "2021-09-20 09:53:42", "elapsed": 4535.164349, "delta": 13.481421}}
{"target": -3.324304322410076, "params": {"C": 197.89466056119284, "epsilon": 3.4379005021733935, "gamma": 0.015133309258545391, "lamda": 0.02691014965596744}, "datetime": {"datetime": "2021-09-20 09:53:51", "elapsed": 4543.46538, "delta": 8.301031}}
{"target": -6.256332841259334, "params": {"C": 169.53632513591475, "epsilon": 3.3104863074012054, "gamma": 0.03918985539541097, "lamda": 0.0682300235034862}, "datetime": {"datetime": "2021-09-20 09:54:05", "elapsed": 4557.25409, "delta": 13.78871}}
{"target": 0.8724521173811068, "params": {"C": 156.64674837496568, "epsilon": 1.2452983645709021, "gamma": 0.19302374334561237, "lamda": 0.10182837136387103}, "datetime": {"datetime": "2021-09-20 09:54:05", "elapsed": 4557.612728, "delta": 0.358638}}
{"target": -1.7646168598266962, "params": {"C": 172.6611777707148, "epsilon": 2.662741805498875, "gamma": 0.18898432986266075, "lamda": 0.1731373371152528}, "datetime": {"datetime": "2021-09-20 09:54:18", "elapsed": 4570.415652, "delta": 12.802924}}
{"target": 0.8802590511130883, "params": {"C": 208.80988033955802, "epsilon": 1.4909508282696733, "gamma": 0.15353732322508465, "lamda": 0.04809762447629276}, "datetime": {"datetime": "2021-09-20 09:54:18", "elapsed": 4570.842652, "delta": 0.427}}
{"target": 0.8766053127786028, "params": {"C": 188.13485319860285, "epsilon": 0.5120231354816546, "gamma": 0.17350809847898524, "lamda": 0.08958033522514035}, "datetime": {"datetime": "2021-09-20 09:54:18", "elapsed": 4571.182657, "delta": 0.340005}}
{"target": -2.3102838465868802, "params": {"C": 234.26793909149603, "epsilon": 3.7098836926982477, "gamma": 0.16031532909058316, "lamda": 0.08950218028992378}, "datetime": {"datetime": "2021-09-20 09:54:30", "elapsed": 4583.161661, "delta": 11.979004}}
{"target": -2.443977167730813, "params": {"C": 177.61913342636976, "epsilon": 4.1607909724886785, "gamma": 0.011044602166509885, "lamda": 0.1893457071933209}, "datetime": {"datetime": "2021-09-20 09:54:39", "elapsed": 4591.596662, "delta": 8.435001}}
{"target": -3.320251113829297, "params": {"C": 236.54667697162523, "epsilon": 4.389404818408366, "gamma": 0.12367026020984395, "lamda": 0.05033266517088059}, "datetime": {"datetime": "2021-09-20 09:54:48", "elapsed": 4600.398665, "delta": 8.802003}}
{"target": 0.8706796935857257, "params": {"C": 194.41948852438566, "epsilon": 2.7113205392551007, "gamma": 0.19260525150518323, "lamda": 0.03689993640243104}, "datetime": {"datetime": "2021-09-20 09:54:48", "elapsed": 4600.763672, "delta": 0.365007}}
{"target": -6.048581171376904, "params": {"C": 170.8511002351287, "epsilon": 2.9092655244244168, "gamma": 0.05001143748173449, "lamda": 0.012558314315795994}, "datetime": {"datetime": "2021-09-20 10:26:53", "elapsed": 0.0, "delta": 0.0}}
{"target": -4.392408287112613, "params": {"C": 157.33779454085564, "epsilon": 0.46012051959831146, "gamma": 0.06862602113776708, "lamda": 0.013639018176076195}, "datetime": {"datetime": "2021-09-20 10:27:04", "elapsed": 11.58866, "delta": 11.58866}}
{"target": -3.6402381671232886, "params": {"C": 169.8383737115335, "epsilon": 2.2013852626130923, "gamma": 0.09191945144032948, "lamda": 0.022130487509918986}, "datetime": {"datetime": "2021-09-20 10:27:15", "elapsed": 22.490093, "delta": 10.901433}}
{"target": -6.425492051594502, "params": {"C": 160.22261248657588, "epsilon": 3.524658001924687, "gamma": 0.05273875931979262, "lamda": 0.021761687754460055}, "datetime": {"datetime": "2021-09-20 10:27:32", "elapsed": 39.563131, "delta": 17.073038}}
{"target": -4.406856713458239, "params": {"C": 170.86524011835635, "epsilon": 2.2788903309384314, "gamma": 0.06403869385952338, "lamda": 0.00995253722712197}, "datetime": {"datetime": "2021-09-20 10:27:42", "elapsed": 49.772093, "delta": 10.208962}}
{"target": -4.9945461801659095, "params": {"C": 190.03722843377682, "epsilon": 3.87622014530565, "gamma": 0.08134241781592429, "lamda": 0.022308065391732853}, "datetime": {"datetime": "2021-09-20 10:28:02", "elapsed": 69.283721, "delta": 19.511628}}
