{"target": 0.8578869080672281, "params": {"C": 111.12476702097089, "epsilon": 0.5847586748126853, "gamma": 0.0204145967231498, "lamda": 0.016557743032657665}, "datetime": {"datetime": "2021-09-19 18:09:50", "elapsed": 174.392677, "delta": 0.509965}}
{"target": -4.1149772180343955, "params": {"C": 111.23354698088936, "epsilon": 0.5671128177843453, "gamma": 0.09431737449274459, "lamda": 0.056174553245233}, "datetime": {"datetime": "2021-09-19 18:09:59", "elapsed": 183.299679, "delta": 8.907002}}
{"target": -5.741349623910813, "params": {"C": 109.78464977155937, "epsilon": 2.7860051525823817, "gamma": 0.02851634648504074, "lamda": 0.04084676959122411}, "datetime": {"datetime": "2021-09-19 18:10:14", "elapsed": 198.273622, "delta": 14.973943}}
{"target": 0.858638006454729, "params": {"C": 111.11117455814896, "epsilon": 0.5450425371734993, "gamma": 0.022062707994822232, "lamda": 0.013682098113186705}, "datetime": {"datetime": "2021-09-19 18:10:14", "elapsed": 198.708621, "delta": 0.434999}}
{"target": -3.4630405960188453, "params": {"C": 111.10118983336773, "epsilon": 0.5614410164406082, "gamma": 0.021245083400012087, "lamda": 0.11104373363980093}, "datetime": {"datetime": "2021-09-19 18:10:23", "elapsed": 207.380813, "delta": 8.672192}}
{"target": -4.431868248788779, "params": {"C": 102.28479131405956, "epsilon": 2.032593290031186, "gamma": 0.02730184476440993, "lamda": 0.04934616920018582}, "datetime": {"datetime": "2021-09-19 18:10:38", "elapsed": 222.470286, "delta": 15.089473}}
{"target": -4.617185343777608, "params": {"C": 82.96183363117449, "epsilon": 1.2986583727775156, "gamma": 0.07554209293146454, "lamda": 0.07278672482051844}, "datetime": {"datetime": "2021-09-19 18:10:47", "elapsed": 231.617482, "delta": 9.147196}}
{"target": -6.785292798130635, "params": {"C": 93.27624531260551, "epsilon": 6.149056153932186, "gamma": 0.05369182763003447, "lamda": 0.09546346290857007}, "datetime": {"datetime": "2021-09-19 18:11:04", "elapsed": 247.82027, "delta": 16.202788}}
{"target": 0.8955353954613979, "params": {"C": 99.64030365344193, "epsilon": 1.0570012666587425, "gamma": 0.06707341331079948, "lamda": 0.012533804438180815}, "datetime": {"datetime": "2021-09-19 18:11:04", "elapsed": 248.31227, "delta": 0.492}}
{"target": -6.536964974553795, "params": {"C": 81.22563240046509, "epsilon": 3.6775839459982964, "gamma": 0.03884395217778946, "lamda": 0.04530161889146172}, "datetime": {"datetime": "2021-09-19 18:11:19", "elapsed": 263.761017, "delta": 15.448747}}
{"target": -3.2785074455610506, "params": {"C": 99.79019015353713, "epsilon": 1.1408320001446324, "gamma": 0.09532153110648395, "lamda": 0.05667219998321764}, "datetime": {"datetime": "2021-09-19 18:11:29", "elapsed": 273.586861, "delta": 9.825844}}
{"target": 0.8423841241490058, "params": {"C": 99.64577251534865, "epsilon": 0.9556548634301987, "gamma": 0.00758055161268738, "lamda": 0.0594271444638279}, "datetime": {"datetime": "2021-09-19 18:11:30", "elapsed": 274.092861, "delta": 0.506}}
{"target": 0.8273599223979686, "params": {"C": 99.6949978151967, "epsilon": 1.0331010620207361, "gamma": 0.005, "lamda": 5e-05}, "datetime": {"datetime": "2021-09-19 18:11:30", "elapsed": 274.658554, "delta": 0.565693}}
{"target": 0.8763777867039968, "params": {"C": 111.02279427575527, "epsilon": 0.5866742082352578, "gamma": 0.04120447024684363, "lamda": 0.025453321020340283}, "datetime": {"datetime": "2021-09-19 18:11:31", "elapsed": 275.194916, "delta": 0.536362}}
{"target": -5.932264064862066, "params": {"C": 95.0942149086564, "epsilon": 8.955386540501483, "gamma": 0.08414291623722556, "lamda": 0.17562509455649214}, "datetime": {"datetime": "2021-09-19 18:11:41", "elapsed": 285.052839, "delta": 9.857923}}
{"target": 0.8730888096788157, "params": {"C": 99.53928610019173, "epsilon": 0.9005558319288285, "gamma": 0.040415704650654444, "lamda": 0.005819745193229998}, "datetime": {"datetime": "2021-09-19 18:11:41", "elapsed": 285.611589, "delta": 0.55875}}
{"target": -5.146135219875411, "params": {"C": 112.8657850446003, "epsilon": 7.634692238146916, "gamma": 0.019798840238104003, "lamda": 0.03818186374141737}, "datetime": {"datetime": "2021-09-19 18:11:55", "elapsed": 299.342377, "delta": 13.730788}}
{"target": 0.846225026842784, "params": {"C": 99.57044830283004, "epsilon": 0.8317149694729544, "gamma": 0.009451401673177696, "lamda": 0.03364317505721901}, "datetime": {"datetime": "2021-09-19 18:11:56", "elapsed": 299.881968, "delta": 0.539591}}
{"target": -4.500724807658883, "params": {"C": 99.5321885255171, "epsilon": 0.9842527974140312, "gamma": 0.05543768160960951, "lamda": 0.07615905365728076}, "datetime": {"datetime": "2021-09-19 18:12:05", "elapsed": 309.297635, "delta": 9.415667}}
{"target": -6.143858746140892, "params": {"C": 107.41282296748203, "epsilon": 5.362682840420825, "gamma": 0.047444109206240544, "lamda": 0.05979529617813386}, "datetime": {"datetime": "2021-09-19 18:12:19", "elapsed": 322.887634, "delta": 13.589999}}
{"target": -4.870315939075015, "params": {"C": 83.82000052571246, "epsilon": 1.5888481191295276, "gamma": 0.07268936995505258, "lamda": 0.17949625765654442}, "datetime": {"datetime": "2021-09-19 18:12:28", "elapsed": 332.207635, "delta": 9.320001}}
{"target": -4.5573719646149895, "params": {"C": 117.94044943256878, "epsilon": 8.791288869726085, "gamma": 0.02086002808863909, "lamda": 0.1555078156729863}, "datetime": {"datetime": "2021-09-19 18:12:41", "elapsed": 345.746637, "delta": 13.539002}}
{"target": 0.8944559147477692, "params": {"C": 99.73398915118963, "epsilon": 1.016184601888915, "gamma": 0.0632793800328762, "lamda": 0.007504282022930207}, "datetime": {"datetime": "2021-09-19 18:12:42", "elapsed": 346.237635, "delta": 0.490998}}
{"target": -4.953577408980128, "params": {"C": 110.9275340857285, "epsilon": 0.6355939892853141, "gamma": 0.048553801008158495, "lamda": 0.08015596355455144}, "datetime": {"datetime": "2021-09-19 18:12:51", "elapsed": 355.531634, "delta": 9.293999}}
{"target": 0.8577708824585482, "params": {"C": 99.47857942921841, "epsilon": 0.6375124158825631, "gamma": 0.020008483208473253, "lamda": 0.030300414489583902}, "datetime": {"datetime": "2021-09-19 18:12:52", "elapsed": 356.038635, "delta": 0.507001}}
{"target": -3.8009098568206987, "params": {"C": 102.9766953642599, "epsilon": 1.757356342660334, "gamma": 0.01759591360989781, "lamda": 0.15978136514596272}, "datetime": {"datetime": "2021-09-19 18:13:07", "elapsed": 371.302636, "delta": 15.264001}}
{"target": -5.142725307641374, "params": {"C": 112.54064785718008, "epsilon": 2.075079417964458, "gamma": 0.04194879081372666, "lamda": 0.06671046530150743}, "datetime": {"datetime": "2021-09-19 18:13:22", "elapsed": 386.622635, "delta": 15.319999}}
{"target": -3.122291612058449, "params": {"C": 99.54509210435447, "epsilon": 0.6990136661503136, "gamma": 0.09453561958270136, "lamda": 0.14115749488377735}, "datetime": {"datetime": "2021-09-19 18:13:32", "elapsed": 395.876645, "delta": 9.25401}}
{"target": 0.8963227530825459, "params": {"C": 99.61128556858199, "epsilon": 0.5968357509696958, "gamma": 0.08502646367935257, "lamda": 0.00814242843500304}, "datetime": {"datetime": "2021-09-19 18:13:32", "elapsed": 396.380635, "delta": 0.50399}}
{"target": -5.327763000554552, "params": {"C": 89.899417057211, "epsilon": 3.5766692305550074, "gamma": 0.045772629986841985, "lamda": 0.06144919127569147}, "datetime": {"datetime": "2021-09-19 18:13:47", "elapsed": 411.727636, "delta": 15.347001}}
{"target": 0.8273158732650576, "params": {"C": 99.54821103407716, "epsilon": 0.5521490822160762, "gamma": 0.005, "lamda": 5e-05}, "datetime": {"datetime": "2021-09-19 18:13:48", "elapsed": 412.457634, "delta": 0.729998}}
{"target": -6.254257771033532, "params": {"C": 107.52405782336677, "epsilon": 6.205479563937827, "gamma": 0.05004722621222191, "lamda": 0.031403097778368284}, "datetime": {"datetime": "2021-09-19 18:14:03", "elapsed": 427.095636, "delta": 14.638002}}
{"target": 0.8826546121574644, "params": {"C": 99.37620019029194, "epsilon": 0.7961157640238101, "gamma": 0.04643840578031212, "lamda": 0.034560387977648974}, "datetime": {"datetime": "2021-09-19 18:14:04", "elapsed": 427.805636, "delta": 0.71}}
{"target": -4.1739953649430435, "params": {"C": 99.54916588942783, "epsilon": 0.8094990789487257, "gamma": 0.02933424727966582, "lamda": 0.09900633881332972}, "datetime": {"datetime": "2021-09-19 18:14:12", "elapsed": 436.750634, "delta": 8.944998}}
{"target": 0.8784244201721982, "params": {"C": 99.6472291110577, "epsilon": 0.8975421727460251, "gamma": 0.04366522963394691, "lamda": 0.024873897633666153}, "datetime": {"datetime": "2021-09-19 18:14:13", "elapsed": 437.339635, "delta": 0.589001}}
{"target": 0.8778399059418267, "params": {"C": 99.55519825207821, "epsilon": 0.6752087689263474, "gamma": 0.04333409408260854, "lamda": 0.014183738313583426}, "datetime": {"datetime": "2021-09-19 18:14:14", "elapsed": 437.920634, "delta": 0.580999}}
{"target": -4.787361372199873, "params": {"C": 99.41564449848902, "epsilon": 0.5038453698159238, "gamma": 0.04303649582958994, "lamda": 0.15247986443363606}, "datetime": {"datetime": "2021-09-19 18:14:23", "elapsed": 446.946635, "delta": 9.026001}}
{"target": -2.5362295663786534, "params": {"C": 100.54320066209877, "epsilon": 4.209905540686269, "gamma": 0.011314097937163394, "lamda": 0.02412230655857074}, "datetime": {"datetime": "2021-09-19 18:14:41", "elapsed": 465.092635, "delta": 18.146}}
{"target": -4.405622984298113, "params": {"C": 99.28073068990943, "epsilon": 0.7916376585301286, "gamma": 0.05391846633317539, "lamda": 0.07507769231171654}, "datetime": {"datetime": "2021-09-19 18:14:50", "elapsed": 473.906634, "delta": 8.813999}}
{"target": 0.8575608173589351, "params": {"C": 99.87798099185673, "epsilon": 0.6592197820103085, "gamma": 0.019726817788452786, "lamda": 0.046548928931766646}, "datetime": {"datetime": "2021-09-19 18:14:50", "elapsed": 474.569636, "delta": 0.663002}}
{"target": -3.9229697765850746, "params": {"C": 99.74337820053867, "epsilon": 0.6831933666010523, "gamma": 0.028026020621715768, "lamda": 0.12431544349316832}, "datetime": {"datetime": "2021-09-19 18:14:59", "elapsed": 483.701795, "delta": 9.132159}}
{"target": 0.8567146198272981, "params": {"C": 99.64242438494567, "epsilon": 0.5218565482275705, "gamma": 0.018995270365794525, "lamda": 0.0522315632096639}, "datetime": {"datetime": "2021-09-19 18:15:00", "elapsed": 484.373057, "delta": 0.671262}}
{"target": 0.8625876350259477, "params": {"C": 99.9139898126119, "epsilon": 0.5226118667642596, "gamma": 0.0341499215627317, "lamda": 0.04177667692312007}, "datetime": {"datetime": "2021-09-19 18:15:01", "elapsed": 485.052696, "delta": 0.679639}}
{"target": -4.202813514593383, "params": {"C": 99.92526356227937, "epsilon": 0.6624302698676472, "gamma": 0.07012704279373047, "lamda": 0.028810283122036155}, "datetime": {"datetime": "2021-09-19 18:15:10", "elapsed": 494.207157, "delta": 9.154461}}
{"target": 0.891164355212552, "params": {"C": 99.69750680482642, "epsilon": 0.7583104550085797, "gamma": 0.05637915735353955, "lamda": 0.023048250816523553}, "datetime": {"datetime": "2021-09-19 18:15:11", "elapsed": 494.804823, "delta": 0.597666}}
{"target": -4.859424080108405, "params": {"C": 117.97071429842364, "epsilon": 4.141926267287079, "gamma": 0.08442969455828014, "lamda": 0.08716723898059611}, "datetime": {"datetime": "2021-09-19 18:15:19", "elapsed": 503.538564, "delta": 8.733741}}
{"target": -5.033507132884889, "params": {"C": 97.59869278372338, "epsilon": 6.029271674015497, "gamma": 0.0795914796329089, "lamda": 0.06661693645597364}, "datetime": {"datetime": "2021-09-19 18:15:33", "elapsed": 516.815094, "delta": 13.27653}}
{"target": -5.0911172343266795, "params": {"C": 99.65340750194096, "epsilon": 0.510031293782682, "gamma": 0.04422467438355975, "lamda": 0.07213233623179832}, "datetime": {"datetime": "2021-09-19 18:15:42", "elapsed": 526.307894, "delta": 9.4928}}
{"target": -4.411292645541119, "params": {"C": 102.9329168223975, "epsilon": 1.2611836062276736, "gamma": 0.023663028400665857, "lamda": 0.1846816192144124}, "datetime": {"datetime": "2021-09-19 18:15:57", "elapsed": 541.281012, "delta": 14.973118}}
{"target": -4.8211522904635515, "params": {"C": 99.70666084074779, "epsilon": 5.893180599620022, "gamma": 0.08117286467010854, "lamda": 0.1127859843031951}, "datetime": {"datetime": "2021-09-19 18:16:12", "elapsed": 556.091961, "delta": 14.810949}}
{"target": -3.414694322708682, "params": {"C": 99.75110707015807, "epsilon": 0.7966270359814477, "gamma": 0.09962604989515794, "lamda": 0.03575222765980902}, "datetime": {"datetime": "2021-09-19 18:16:21", "elapsed": 565.296275, "delta": 9.204314}}
{"target": -6.006280845755236, "params": {"C": 112.10316196836334, "epsilon": 8.693258020398224, "gamma": 0.024787323526185633, "lamda": 0.027159212215710427}, "datetime": {"datetime": "2021-09-19 18:16:36", "elapsed": 580.057533, "delta": 14.761258}}
{"target": -6.827886963118892, "params": {"C": 109.36628043744527, "epsilon": 9.48816814738403, "gamma": 0.0645279942246498, "lamda": 0.08190867798326254}, "datetime": {"datetime": "2021-09-19 18:16:50", "elapsed": 594.294629, "delta": 14.237096}}
{"target": -4.690702391044434, "params": {"C": 99.82863957267361, "epsilon": 0.6860588801320416, "gamma": 0.051909364887548375, "lamda": 0.07095590017186765}, "datetime": {"datetime": "2021-09-19 18:16:59", "elapsed": 603.449134, "delta": 9.154505}}
{"target": -3.4176315576696705, "params": {"C": 99.66837593318374, "epsilon": 1.0223002421552865, "gamma": 0.02033473214654948, "lamda": 0.10166124114603609}, "datetime": {"datetime": "2021-09-19 18:17:09", "elapsed": 613.055426, "delta": 9.606292}}
{"target": -5.8498401932043995, "params": {"C": 99.295809261307, "epsilon": 6.350796851168882, "gamma": 0.037617784559713596, "lamda": 0.1581632022800767}, "datetime": {"datetime": "2021-09-19 18:17:22", "elapsed": 626.068534, "delta": 13.013108}}
{"target": 0.8721338902006788, "params": {"C": 85.84837206359444, "epsilon": 5.333827346801606, "gamma": 0.04123090810378893, "lamda": 0.008124478851476194}, "datetime": {"datetime": "2021-09-19 18:17:22", "elapsed": 626.687507, "delta": 0.618973}}
{"target": -5.1595515111311645, "params": {"C": 90.69168563657183, "epsilon": 9.668104139049778, "gamma": 0.021971990100347352, "lamda": 0.10761744678879807}, "datetime": {"datetime": "2021-09-19 18:17:36", "elapsed": 640.474223, "delta": 13.786716}}
{"target": -5.418485205508138, "params": {"C": 110.22617906320568, "epsilon": 8.714449352031663, "gamma": 0.03313289902164155, "lamda": 0.1148012935097861}, "datetime": {"datetime": "2021-09-19 18:17:50", "elapsed": 654.234926, "delta": 13.760703}}
{"target": -5.793614328182349, "params": {"C": 87.64921280985193, "epsilon": 7.754074284930483, "gamma": 0.027187102694399452, "lamda": 0.04863865711974893}, "datetime": {"datetime": "2021-09-19 18:18:07", "elapsed": 670.834281, "delta": 16.599355}}
{"target": 0.8955565517594644, "params": {"C": 99.64579640885944, "epsilon": 0.6820402878670688, "gamma": 0.09425095181676389, "lamda": 0.015450218667547816}, "datetime": {"datetime": "2021-09-19 18:18:07", "elapsed": 671.448882, "delta": 0.614601}}
{"target": -3.6994349892397027, "params": {"C": 101.72056863838489, "epsilon": 5.18783597110504, "gamma": 0.09209507541397981, "lamda": 0.1374973825164908}, "datetime": {"datetime": "2021-09-19 18:18:16", "elapsed": 680.088132, "delta": 8.63925}}
{"target": 0.8500884518581366, "params": {"C": 99.85009428418972, "epsilon": 0.5316168516286884, "gamma": 0.014505947120996093, "lamda": 0.013864712325983353}, "datetime": {"datetime": "2021-09-19 18:18:16", "elapsed": 680.710958, "delta": 0.622826}}
{"target": -2.1386061548236057, "params": {"C": 79.75806653765785, "epsilon": 3.85342652077595, "gamma": 0.0095161064254695, "lamda": 0.10503662542665139}, "datetime": {"datetime": "2021-09-19 18:18:29", "elapsed": 693.248361, "delta": 12.537403}}
{"target": -4.063482411258694, "params": {"C": 85.87942123012924, "epsilon": 5.304379960704056, "gamma": 0.09680430691893607, "lamda": 0.13569505732945286}, "datetime": {"datetime": "2021-09-19 18:18:41", "elapsed": 705.194872, "delta": 11.946511}}
{"target": 0.850906329597285, "params": {"C": 99.83776756133665, "epsilon": 0.5756235739397585, "gamma": 0.01525352847682044, "lamda": 0.033728280507549474}, "datetime": {"datetime": "2021-09-19 18:18:42", "elapsed": 705.871874, "delta": 0.677002}}
{"target": -5.640872028819498, "params": {"C": 85.92047870497683, "epsilon": 5.396517841875746, "gamma": 0.07674345636882608, "lamda": 0.025679544118836644}, "datetime": {"datetime": "2021-09-19 18:18:50", "elapsed": 714.746322, "delta": 8.874448}}
{"target": 0.8582633274621736, "params": {"C": 99.39913433613984, "epsilon": 0.7527621676009915, "gamma": 0.02081680621440873, "lamda": 0.06601257793634875}, "datetime": {"datetime": "2021-09-19 18:18:51", "elapsed": 715.401497, "delta": 0.655175}}
{"target": -4.527521990148091, "params": {"C": 99.67305364877032, "epsilon": 0.9717539744790037, "gamma": 0.06663798261541501, "lamda": 0.04770584336131157}, "datetime": {"datetime": "2021-09-19 18:19:00", "elapsed": 724.699721, "delta": 9.298224}}
{"target": 0.89564190004058, "params": {"C": 81.59016728339894, "epsilon": 1.086377802373157, "gamma": 0.07757031080599962, "lamda": 0.004881127027592247}, "datetime": {"datetime": "2021-09-19 18:19:01", "elapsed": 725.359067, "delta": 0.659346}}
{"target": -4.444209184540572, "params": {"C": 116.14855880704282, "epsilon": 4.706863924342885, "gamma": 0.09987465204331693, "lamda": 0.03322289836874814}, "datetime": {"datetime": "2021-09-19 18:19:11", "elapsed": 734.85127, "delta": 9.492203}}
{"target": 0.8589659870616367, "params": {"C": 99.61056421360583, "epsilon": 0.7055440661091263, "gamma": 0.027404491576860097, "lamda": 0.024366358109567544}, "datetime": {"datetime": "2021-09-19 18:19:11", "elapsed": 735.488437, "delta": 0.637167}}
{"target": 0.8491791265552943, "params": {"C": 93.89545093010756, "epsilon": 4.614917635021058, "gamma": 0.014415008986693872, "lamda": 0.006391844044348094}, "datetime": {"datetime": "2021-09-19 18:19:12", "elapsed": 736.174096, "delta": 0.685659}}
{"target": -5.49456419990591, "params": {"C": 118.68080317379575, "epsilon": 2.565484706390375, "gamma": 0.057815514343533145, "lamda": 0.03518042471981746}, "datetime": {"datetime": "2021-09-19 18:19:21", "elapsed": 744.948744, "delta": 8.774648}}
{"target": -4.282067209032509, "params": {"C": 99.57642597379349, "epsilon": 0.6597071708735688, "gamma": 0.06677972800416695, "lamda": 0.04513112266385886}, "datetime": {"datetime": "2021-09-19 18:19:30", "elapsed": 754.297228, "delta": 9.348484}}
{"target": 0.8489714617587956, "params": {"C": 99.6915926986731, "epsilon": 0.8462197406814075, "gamma": 0.012214734221695767, "lamda": 0.01572421080114777}, "datetime": {"datetime": "2021-09-19 18:19:31", "elapsed": 754.987149, "delta": 0.689921}}
{"target": 0.8475891092541659, "params": {"C": 80.56298264765381, "epsilon": 1.7119036021935743, "gamma": 0.01062804418267009, "lamda": 0.04651454276759931}, "datetime": {"datetime": "2021-09-19 18:19:31", "elapsed": 755.67694, "delta": 0.689791}}
{"target": -5.326958769159119, "params": {"C": 112.22748731968616, "epsilon": 8.101033502979183, "gamma": 0.09467330440990553, "lamda": 0.17680729542064966}, "datetime": {"datetime": "2021-09-19 18:19:41", "elapsed": 765.220165, "delta": 9.543225}}
{"target": -4.234635191034289, "params": {"C": 99.68447084588391, "epsilon": 0.7471663546144862, "gamma": 0.03119179400104756, "lamda": 0.05961472650835008}, "datetime": {"datetime": "2021-09-19 18:19:50", "elapsed": 773.976793, "delta": 8.756628}}
{"target": -5.029521831065672, "params": {"C": 118.39696602676241, "epsilon": 7.332582235664591, "gamma": 0.075786128723626, "lamda": 0.03251020451810197}, "datetime": {"datetime": "2021-09-19 18:19:59", "elapsed": 782.799051, "delta": 8.822258}}
{"target": -4.6807401673322255, "params": {"C": 99.43090109352707, "epsilon": 0.7475595505586998, "gamma": 0.0592266966183056, "lamda": 0.06708563460453167}, "datetime": {"datetime": "2021-09-19 18:20:08", "elapsed": 791.917089, "delta": 9.118038}}
{"target": -5.728028173871806, "params": {"C": 98.49027018132755, "epsilon": 7.190093396080577, "gamma": 0.08315702428171061, "lamda": 0.0403356987590411}, "datetime": {"datetime": "2021-09-19 18:20:23", "elapsed": 807.01405, "delta": 15.096961}}
{"target": -4.219857560401037, "params": {"C": 118.10645763173835, "epsilon": 3.1489570735007733, "gamma": 0.032399298704550265, "lamda": 0.013335115235486784}, "datetime": {"datetime": "2021-09-19 18:20:31", "elapsed": 815.765053, "delta": 8.751003}}
{"target": -5.863895738145546, "params": {"C": 102.79992270826193, "epsilon": 3.9731427290236487, "gamma": 0.059814585109514457, "lamda": 0.009027345717576896}, "datetime": {"datetime": "2021-09-19 18:20:42", "elapsed": 826.333091, "delta": 10.568038}}
{"target": 0.858359085193822, "params": {"C": 111.05128826307308, "epsilon": 0.5182429473225117, "gamma": 0.023351199276940987, "lamda": 0.04331553511900838}, "datetime": {"datetime": "2021-09-19 18:20:43", "elapsed": 827.003053, "delta": 0.669962}}
{"target": 0.8601073790833276, "params": {"C": 99.37689962190487, "epsilon": 0.7531262835765098, "gamma": 0.02449314878753996, "lamda": 0.019668827268943152}, "datetime": {"datetime": "2021-09-19 18:20:43", "elapsed": 827.741095, "delta": 0.738042}}
{"target": -5.899179522394638, "params": {"C": 101.20487575994308, "epsilon": 5.265238413950997, "gamma": 0.05527544937493722, "lamda": 0.08713845230354733}, "datetime": {"datetime": "2021-09-19 18:20:57", "elapsed": 840.864056, "delta": 13.122961}}
{"target": -5.499884422837905, "params": {"C": 96.68169003737317, "epsilon": 6.447864803019865, "gamma": 0.06451743002364865, "lamda": 0.15534009470130306}, "datetime": {"datetime": "2021-09-19 18:21:10", "elapsed": 854.743092, "delta": 13.879036}}
