{"target": 0.3351724623153226, "params": {"C": 11.403871651093207, "epsilon": 1.1024052861096776, "gamma": 1.9783788547238916, "lamda": 0.5709809385916387}, "datetime": {"datetime": "2021-07-03 13:27:29", "elapsed": 334.664429, "delta": 0.697604}}
{"target": 0.39364498701524464, "params": {"C": 13.50258784163499, "epsilon": 0.9975549109927693, "gamma": 1.7303389208990212, "lamda": 0.5793383785529297}, "datetime": {"datetime": "2021-07-03 13:27:29", "elapsed": 335.455346, "delta": 0.790917}}
{"target": 0.4925940633311072, "params": {"C": 10.122003624007322, "epsilon": 4.81273673433819, "gamma": 1.0585762798429619, "lamda": 0.7496171208385106}, "datetime": {"datetime": "2021-07-03 13:27:30", "elapsed": 336.276346, "delta": 0.821}}
{"target": 0.3392577283472027, "params": {"C": 11.57360793701318, "epsilon": 1.108003142798588, "gamma": 1.962935675983426, "lamda": 0.9634234160247681}, "datetime": {"datetime": "2021-07-03 13:27:31", "elapsed": 336.943348, "delta": 0.667002}}
{"target": -3.341185913829708, "params": {"C": 13.519722891486357, "epsilon": 1.2792834238723, "gamma": 0.10263859673324027, "lamda": 0.5844484856420952}, "datetime": {"datetime": "2021-07-03 13:27:39", "elapsed": 345.367968, "delta": 8.42462}}
{"target": -6.2845937129591, "params": {"C": 11.394875806208434, "epsilon": 9.887707778524781, "gamma": 0.07035862035086449, "lamda": 0.3471116460532905}, "datetime": {"datetime": "2021-07-03 13:27:52", "elapsed": 357.476436, "delta": 12.108468}}
{"target": 0.446116406684101, "params": {"C": 13.74529080696092, "epsilon": 0.10173592663877555, "gamma": 1.4345062701873699, "lamda": 0.7116499768010317}, "datetime": {"datetime": "2021-07-03 13:27:54", "elapsed": 360.138376, "delta": 2.66194}}
{"target": 0.6278261169207551, "params": {"C": 10.943470175919806, "epsilon": 0.5407448580663301, "gamma": 0.6753536055828047, "lamda": 0.6352548612016512}, "datetime": {"datetime": "2021-07-03 13:27:55", "elapsed": 360.933357, "delta": 0.794981}}
{"target": 0.37118364187362474, "params": {"C": 10.421342662891583, "epsilon": 3.0386333291088183, "gamma": 1.654436218353552, "lamda": 0.738017315456798}, "datetime": {"datetime": "2021-07-03 13:28:01", "elapsed": 367.017386, "delta": 6.084029}}
{"target": 0.3318496078306288, "params": {"C": 11.169774453016291, "epsilon": 1.177386316365445, "gamma": 1.982534652599062, "lamda": 0.13230082257017245}, "datetime": {"datetime": "2021-07-03 13:28:03", "elapsed": 368.475534, "delta": 1.458148}}
{"target": 0.7513072186140336, "params": {"C": 12.500857125508546, "epsilon": 1.6656705207322322, "gamma": 0.42688229887256196, "lamda": 0.8746001564530467}, "datetime": {"datetime": "2021-07-03 13:28:04", "elapsed": 370.065604, "delta": 1.59007}}
{"target": 0.33267233795541873, "params": {"C": 10.686555725904011, "epsilon": 8.70055770791545, "gamma": 1.9929100532627466, "lamda": 0.6387502395905721}, "datetime": {"datetime": "2021-07-03 13:28:06", "elapsed": 371.778588, "delta": 1.712984}}
{"target": 0.7962909431626828, "params": {"C": 9.78347155520141, "epsilon": 1.1326467502862734, "gamma": 0.2152853783861209, "lamda": 0.48913976480083987}, "datetime": {"datetime": "2021-07-03 13:28:08", "elapsed": 373.712216, "delta": 1.933628}}
{"target": 0.750545790257812, "params": {"C": 9.680799654735289, "epsilon": 1.1396511334448978, "gamma": 0.326580804594196, "lamda": 0.5099752024611848}, "datetime": {"datetime": "2021-07-03 13:28:10", "elapsed": 375.522386, "delta": 1.81017}}
{"target": 0.8330690533697293, "params": {"C": 9.899666116163905, "epsilon": 1.1176606177023016, "gamma": 0.1327507796285332, "lamda": 0.39076491313573336}, "datetime": {"datetime": "2021-07-03 13:28:12", "elapsed": 377.513456, "delta": 1.99107}}
{"target": 0.4449889974196297, "params": {"C": 13.760201571344133, "epsilon": 0.13905169030694406, "gamma": 1.441360406399565, "lamda": 0.7086608224835642}, "datetime": {"datetime": "2021-07-03 13:28:13", "elapsed": 379.342614, "delta": 1.829158}}
{"target": 0.8314201517603044, "params": {"C": 9.837693436617863, "epsilon": 0.9350727172596828, "gamma": 0.13565553613828987, "lamda": 0.4888509230946271}, "datetime": {"datetime": "2021-07-03 13:28:16", "elapsed": 382.379533, "delta": 3.036919}}
{"target": 0.7765777038950465, "params": {"C": 9.747723723436868, "epsilon": 0.9779196359477588, "gamma": 0.2629246297076591, "lamda": 0.5267511432419659}, "datetime": {"datetime": "2021-07-03 13:28:20", "elapsed": 385.725537, "delta": 3.346004}}
{"target": 0.33921706786594996, "params": {"C": 10.754519437114368, "epsilon": 8.70915908402396, "gamma": 1.9451637439584986, "lamda": 0.6347458936537805}, "datetime": {"datetime": "2021-07-03 13:28:21", "elapsed": 387.291696, "delta": 1.566159}}
{"target": 0.3950778986921303, "params": {"C": 9.634531040511002, "epsilon": 8.084408778425798, "gamma": 1.4583341057273707, "lamda": 0.10700213481035609}, "datetime": {"datetime": "2021-07-03 13:28:23", "elapsed": 388.939482, "delta": 1.647786}}
{"target": 0.831670550046568, "params": {"C": 9.795753645883048, "epsilon": 0.8666011899762442, "gamma": 0.13403603145947296, "lamda": 0.3485070943166647}, "datetime": {"datetime": "2021-07-03 13:28:26", "elapsed": 391.653919, "delta": 2.714437}}
{"target": -4.937732378067002, "params": {"C": 9.74479453330257, "epsilon": 1.0221027294862084, "gamma": 0.07966087162726403, "lamda": 0.39245747019244603}, "datetime": {"datetime": "2021-07-03 13:28:56", "elapsed": 421.846648, "delta": 30.192729}}
{"target": 0.6922005909226413, "params": {"C": 14.451860210305366, "epsilon": 7.810020842850243, "gamma": 0.6298452836336159, "lamda": 0.2778887565547392}, "datetime": {"datetime": "2021-07-03 13:29:02", "elapsed": 428.196774, "delta": 6.350126}}
{"target": 0.4094458086613676, "params": {"C": 14.593932539080969, "epsilon": 2.8396040184448466, "gamma": 1.7100262384306248, "lamda": 0.8882731764893524}, "datetime": {"datetime": "2021-07-03 13:29:05", "elapsed": 430.70762, "delta": 2.510846}}
{"target": 0.8199996921527057, "params": {"C": 12.583281952819982, "epsilon": 4.694961629099146, "gamma": 0.22760050717875907, "lamda": 0.9823033306654845}, "datetime": {"datetime": "2021-07-03 13:29:06", "elapsed": 432.408643, "delta": 1.701023}}
{"target": 0.32818526182130003, "params": {"C": 10.930176438828529, "epsilon": 0.15602380186353745, "gamma": 1.975495922723673, "lamda": 0.9317086922221521}, "datetime": {"datetime": "2021-07-03 13:29:09", "elapsed": 434.692872, "delta": 2.284229}}
{"target": 0.6213759329890469, "params": {"C": 13.316273440586713, "epsilon": 2.718536515550042, "gamma": 0.7795641253098389, "lamda": 0.8933715131978769}, "datetime": {"datetime": "2021-07-03 13:29:16", "elapsed": 442.408141, "delta": 7.715269}}
{"target": 0.7249719865140011, "params": {"C": 9.46276323157676, "epsilon": 1.586125178478516, "gamma": 0.3801866506692703, "lamda": 0.4316699140645037}, "datetime": {"datetime": "2021-07-03 13:29:19", "elapsed": 444.626367, "delta": 2.218226}}
{"target": 0.857431577566904, "params": {"C": 14.05382453100069, "epsilon": 0.3188321319282895, "gamma": 0.0464823930710993, "lamda": 0.9693541353800373}, "datetime": {"datetime": "2021-07-03 13:29:21", "elapsed": 447.265398, "delta": 2.639031}}
{"target": 0.418027764050413, "params": {"C": 13.849774621314605, "epsilon": 3.0309437434669406, "gamma": 1.6177721652263077, "lamda": 0.9519811259871256}, "datetime": {"datetime": "2021-07-03 13:29:25", "elapsed": 450.617655, "delta": 3.352257}}
{"target": 0.6678418449382073, "params": {"C": 10.400660755960722, "epsilon": 0.5358134201133442, "gamma": 0.5538463483616591, "lamda": 0.20393844839921882}, "datetime": {"datetime": "2021-07-03 13:29:26", "elapsed": 452.424176, "delta": 1.806521}}
{"target": 0.8067264245144964, "params": {"C": 9.95971001451494, "epsilon": 0.9604122492241702, "gamma": 0.1948320696605096, "lamda": 0.44244547947846435}, "datetime": {"datetime": "2021-07-03 13:29:29", "elapsed": 455.287734, "delta": 2.863558}}
{"target": 0.7203454446985211, "params": {"C": 11.049735560975694, "epsilon": 6.613905357535375, "gamma": 0.4543991986477281, "lamda": 0.21885389930069615}, "datetime": {"datetime": "2021-07-03 13:29:31", "elapsed": 456.814787, "delta": 1.527053}}
{"target": 0.7446161649593876, "params": {"C": 11.320229920041164, "epsilon": 6.615356145387026, "gamma": 0.4059385467106803, "lamda": 0.738146810784927}, "datetime": {"datetime": "2021-07-03 13:29:33", "elapsed": 458.966068, "delta": 2.151281}}
{"target": 0.5012155326016134, "params": {"C": 10.711092505744752, "epsilon": 4.525141531218704, "gamma": 1.0588186972275977, "lamda": 0.9544837632180865}, "datetime": {"datetime": "2021-07-03 13:29:35", "elapsed": 460.618457, "delta": 1.652389}}
{"target": 0.8037657218461335, "params": {"C": 9.943071721515409, "epsilon": 0.8039088212642598, "gamma": 0.20166807945824225, "lamda": 0.4199805002077427}, "datetime": {"datetime": "2021-07-03 13:29:37", "elapsed": 462.481669, "delta": 1.863212}}
{"target": 0.822112764132153, "params": {"C": 10.049802488328758, "epsilon": 1.2022842886187048, "gamma": 0.1627792473510041, "lamda": 0.3240181388429485}, "datetime": {"datetime": "2021-07-03 13:29:38", "elapsed": 464.064565, "delta": 1.582896}}
{"target": -2.7328336179123607, "params": {"C": 12.908811270641248, "epsilon": 1.6231278801764488, "gamma": 0.12873079318765404, "lamda": 0.5472960605474234}, "datetime": {"datetime": "2021-07-03 13:30:16", "elapsed": 501.565943, "delta": 37.501378}}
{"target": 0.41590092372627063, "params": {"C": 9.195273947217395, "epsilon": 3.6748754736609084, "gamma": 1.310794309063825, "lamda": 0.8184231175395215}, "datetime": {"datetime": "2021-07-03 13:30:17", "elapsed": 503.093654, "delta": 1.527711}}
{"target": 0.3527042804790701, "params": {"C": 9.04068109735737, "epsilon": 5.761779327217469, "gamma": 1.6437016808909635, "lamda": 0.9047751836905783}, "datetime": {"datetime": "2021-07-03 13:30:19", "elapsed": 504.551613, "delta": 1.457959}}
{"target": 0.8536700250511051, "params": {"C": 13.470776201564577, "epsilon": 1.0163794724342148, "gamma": 0.03641285339496541, "lamda": 0.6832953359212898}, "datetime": {"datetime": "2021-07-03 13:30:21", "elapsed": 506.632838, "delta": 2.081225}}
{"target": 0.8292884866484748, "params": {"C": 12.619558876285714, "epsilon": 4.722573322328939, "gamma": 0.19869826423169012, "lamda": 0.8560195439392975}, "datetime": {"datetime": "2021-07-03 13:30:23", "elapsed": 509.233068, "delta": 2.60023}}
{"target": 0.852659923947541, "params": {"C": 14.278346903336642, "epsilon": 0.9896090182690314, "gamma": 0.15804760426139802, "lamda": 0.7806255170246078}, "datetime": {"datetime": "2021-07-03 13:30:26", "elapsed": 511.669627, "delta": 2.436559}}
{"target": 0.8273880117108159, "params": {"C": 9.794036221925955, "epsilon": 0.7990196651926997, "gamma": 0.14437079262388552, "lamda": 0.5303832078950295}, "datetime": {"datetime": "2021-07-03 13:30:28", "elapsed": 514.432767, "delta": 2.76314}}
{"target": 0.8456399612959671, "params": {"C": 9.965181814858934, "epsilon": 0.8817507402641213, "gamma": 0.04328325955814349, "lamda": 0.5162315161529061}, "datetime": {"datetime": "2021-07-03 13:30:31", "elapsed": 517.192992, "delta": 2.760225}}
{"target": 0.5674243134436658, "params": {"C": 11.351004703425684, "epsilon": 5.366501593067151, "gamma": 0.8608541415788397, "lamda": 0.7138877146842249}, "datetime": {"datetime": "2021-07-03 13:30:33", "elapsed": 518.876619, "delta": 1.683627}}
{"target": 0.38746729346348285, "params": {"C": 11.666771083738677, "epsilon": 3.724080111985589, "gamma": 1.6662325431177298, "lamda": 0.9056306105141422}, "datetime": {"datetime": "2021-07-03 13:30:35", "elapsed": 520.705216, "delta": 1.828597}}
{"target": 0.8443316986276015, "params": {"C": 14.389753890087363, "epsilon": 0.9080939153181079, "gamma": 0.18491574893684531, "lamda": 0.7493290190891769}, "datetime": {"datetime": "2021-07-03 13:30:38", "elapsed": 524.373148, "delta": 3.667932}}
{"target": 0.8066444466537601, "params": {"C": 9.871085378560053, "epsilon": 1.2183649882300351, "gamma": 0.192549213379705, "lamda": 0.35787624949571084}, "datetime": {"datetime": "2021-07-03 13:30:42", "elapsed": 527.846888, "delta": 3.47374}}
{"target": 0.7101964355858523, "params": {"C": 10.058197641202112, "epsilon": 6.870406588602602, "gamma": 0.43962330872062855, "lamda": 0.7776858627387986}, "datetime": {"datetime": "2021-07-03 13:30:44", "elapsed": 529.663973, "delta": 1.817085}}
{"target": 0.8257159560638432, "params": {"C": 9.94838985209997, "epsilon": 1.0729411421966226, "gamma": 0.15194181051023856, "lamda": 0.5929455081977993}, "datetime": {"datetime": "2021-07-03 13:30:46", "elapsed": 531.855463, "delta": 2.19149}}
{"target": 0.4999104294150307, "params": {"C": 10.608727643171335, "epsilon": 8.145399837758097, "gamma": 1.0663365285628774, "lamda": 0.7492515761550222}, "datetime": {"datetime": "2021-07-03 13:30:47", "elapsed": 533.442729, "delta": 1.587266}}
{"target": 0.8384329444551686, "params": {"C": 12.903918400698766, "epsilon": 0.7282648331267854, "gamma": 0.17726985435844952, "lamda": 0.8880580331721549}, "datetime": {"datetime": "2021-07-03 13:30:50", "elapsed": 535.510628, "delta": 2.067899}}
{"target": 0.39770996922139745, "params": {"C": 12.866042294918792, "epsilon": 0.7772025981783094, "gamma": 1.662395575828513, "lamda": 0.6986846105625866}, "datetime": {"datetime": "2021-07-03 13:30:51", "elapsed": 537.052559, "delta": 1.541931}}
{"target": 0.3985561151396928, "params": {"C": 10.524923733816893, "epsilon": 1.8597311188253582, "gamma": 1.4918842123765934, "lamda": 0.7266921648185627}, "datetime": {"datetime": "2021-07-03 13:30:53", "elapsed": 538.776834, "delta": 1.724275}}
{"target": -2.7804400209902447, "params": {"C": 9.520076404639909, "epsilon": 7.697570841739106, "gamma": 0.19669275925780916, "lamda": 0.5111184320440598}, "datetime": {"datetime": "2021-07-03 13:32:16", "elapsed": 622.427526, "delta": 83.650692}}
{"target": 0.7518218734962578, "params": {"C": 9.795120143343402, "epsilon": 1.220380250289076, "gamma": 0.3280911954844767, "lamda": 0.4168694990004578}, "datetime": {"datetime": "2021-07-03 13:32:23", "elapsed": 628.75939, "delta": 6.331864}}
{"target": 0.7988759065138935, "params": {"C": 13.363657145613344, "epsilon": 1.125944878730131, "gamma": 0.01, "lamda": 0.6811961066548378}, "datetime": {"datetime": "2021-07-03 13:32:26", "elapsed": 631.506686, "delta": 2.747296}}
{"target": 0.7667042764242745, "params": {"C": 9.80963098066581, "epsilon": 0.7321070162679669, "gamma": 0.2898287307410042, "lamda": 0.28450049066964767}, "datetime": {"datetime": "2021-07-03 13:32:29", "elapsed": 635.288989, "delta": 3.782303}}
{"target": 0.8458265748547746, "params": {"C": 10.031656024343063, "epsilon": 0.9696237306036776, "gamma": 0.04172306519511373, "lamda": 0.6761445116729846}, "datetime": {"datetime": "2021-07-03 13:32:32", "elapsed": 638.092588, "delta": 2.803599}}
{"target": 0.8372548257851907, "params": {"C": 9.822863338570317, "epsilon": 0.7268949385847634, "gamma": 0.11906932945077552, "lamda": 0.35475146344099207}, "datetime": {"datetime": "2021-07-03 13:32:36", "elapsed": 641.822866, "delta": 3.730278}}
{"target": 0.3244117209238149, "params": {"C": 10.2318234003275, "epsilon": 4.584462456608058, "gamma": 1.9770357714901639, "lamda": 0.9437357487899806}, "datetime": {"datetime": "2021-07-03 13:32:46", "elapsed": 652.087481, "delta": 10.264615}}
{"target": 0.7398378778615973, "params": {"C": 9.918957498499632, "epsilon": 0.7363596523940948, "gamma": 0.363410979800759, "lamda": 0.5137590813946273}, "datetime": {"datetime": "2021-07-03 13:32:57", "elapsed": 662.643593, "delta": 10.556112}}
{"target": 0.8296905660872235, "params": {"C": 9.986553904028938, "epsilon": 0.830370082680393, "gamma": 0.1432595681079725, "lamda": 0.6436333702985125}, "datetime": {"datetime": "2021-07-03 13:33:18", "elapsed": 683.590293, "delta": 20.9467}}
{"target": -2.9624750672399496, "params": {"C": 14.261455840320995, "epsilon": 0.8147942013551007, "gamma": 0.12680539280878753, "lamda": 0.8226999920061008}, "datetime": {"datetime": "2021-07-03 13:33:39", "elapsed": 704.566434, "delta": 20.976141}}
{"target": -3.2375321902647576, "params": {"C": 10.16077368303677, "epsilon": 1.0916453858003523, "gamma": 0.10614720230751502, "lamda": 0.5226003292677163}, "datetime": {"datetime": "2021-07-03 13:33:56", "elapsed": 721.762119, "delta": 17.195685}}
{"target": 0.5013446970673052, "params": {"C": 10.884135439666672, "epsilon": 5.527541519763017, "gamma": 1.0703561452557382, "lamda": 0.6153070057020251}, "datetime": {"datetime": "2021-07-03 13:33:59", "elapsed": 724.724155, "delta": 2.962036}}
{"target": 0.798815863064253, "params": {"C": 11.87388661826673, "epsilon": 7.643836020229441, "gamma": 0.27310209371267413, "lamda": 0.2814810758198347}, "datetime": {"datetime": "2021-07-03 13:34:01", "elapsed": 726.953931, "delta": 2.229776}}
{"target": 0.716476017349893, "params": {"C": 9.762993975169852, "epsilon": 0.9893158693202531, "gamma": 0.412267474679648, "lamda": 0.5819684278583706}, "datetime": {"datetime": "2021-07-03 13:34:03", "elapsed": 729.127029, "delta": 2.173098}}
{"target": 0.658598875337955, "params": {"C": 10.813666811379646, "epsilon": 4.621642858024549, "gamma": 0.5946769656687944, "lamda": 0.779897376298868}, "datetime": {"datetime": "2021-07-03 13:34:05", "elapsed": 730.8744, "delta": 1.747371}}
{"target": 0.6205220344075254, "params": {"C": 13.070190479948128, "epsilon": 4.685638845017151, "gamma": 0.775438600038978, "lamda": 0.12311365642143335}, "datetime": {"datetime": "2021-07-03 13:34:07", "elapsed": 732.726169, "delta": 1.851769}}
{"target": 0.397552788712793, "params": {"C": 14.611420820807988, "epsilon": 5.9560708079656015, "gamma": 1.811977178503017, "lamda": 0.16037662881262474}, "datetime": {"datetime": "2021-07-03 13:34:09", "elapsed": 734.573149, "delta": 1.84698}}
{"target": 0.7777186264386532, "params": {"C": 9.876193706909415, "epsilon": 0.8135578818418341, "gamma": 0.2645230192743841, "lamda": 0.6520439832826627}, "datetime": {"datetime": "2021-07-03 13:34:11", "elapsed": 737.236188, "delta": 2.663039}}
{"target": -1.2136096451545444, "params": {"C": 14.75194243546755, "epsilon": 7.436095647038546, "gamma": 0.5519627096920938, "lamda": 0.7587382908526158}, "datetime": {"datetime": "2021-07-03 13:34:44", "elapsed": 770.214527, "delta": 32.978339}}
{"target": 0.829631697397829, "params": {"C": 9.934954667371443, "epsilon": 0.9253757397989746, "gamma": 0.14215290094206057, "lamda": 0.6997441357853093}, "datetime": {"datetime": "2021-07-03 13:34:48", "elapsed": 774.026298, "delta": 3.811771}}
{"target": 0.32124876965977167, "params": {"C": 9.192178681729672, "epsilon": 9.81124422407521, "gamma": 1.9195010407480297, "lamda": 0.2139086504328575}, "datetime": {"datetime": "2021-07-03 13:34:50", "elapsed": 775.728287, "delta": 1.701989}}
{"target": 0.7873174030079647, "params": {"C": 9.872847473401572, "epsilon": 0.9330389038661308, "gamma": 0.24047200523487644, "lamda": 0.6118469127839176}, "datetime": {"datetime": "2021-07-03 13:34:53", "elapsed": 778.682572, "delta": 2.954285}}
{"target": 0.8073868352813396, "params": {"C": 9.739959940923097, "epsilon": 0.017718781160681086, "gamma": 0.18730882054861284, "lamda": 0.3544458875451332}, "datetime": {"datetime": "2021-07-03 13:34:55", "elapsed": 780.654129, "delta": 1.971557}}
{"target": 0.8202856333112647, "params": {"C": 9.898596681889996, "epsilon": 0.8269715690944431, "gamma": 0.1631551575262389, "lamda": 0.23683252557896528}, "datetime": {"datetime": "2021-07-03 13:34:57", "elapsed": 783.256335, "delta": 2.602206}}
{"target": 0.7990297968210891, "params": {"C": 9.992806448215884, "epsilon": 1.103149131124494, "gamma": 0.21513674961693025, "lamda": 0.18313659127622967}, "datetime": {"datetime": "2021-07-03 13:35:01", "elapsed": 787.056035, "delta": 3.7997}}
{"target": 0.517196202923419, "params": {"C": 9.963139518968987, "epsilon": 6.1791806782711545, "gamma": 0.9614637187716479, "lamda": 0.6166054300030014}, "datetime": {"datetime": "2021-07-03 13:35:03", "elapsed": 788.804506, "delta": 1.748471}}
{"target": 0.6840292172897428, "params": {"C": 9.979357720598298, "epsilon": 7.792829873268065, "gamma": 0.49620878813093144, "lamda": 0.5191140482369077}, "datetime": {"datetime": "2021-07-03 13:35:05", "elapsed": 790.9058, "delta": 2.101294}}
{"target": 0.7184646672633683, "params": {"C": 9.784564870510895, "epsilon": 0.7762152057597118, "gamma": 0.40846619522012956, "lamda": 0.4447529206689753}, "datetime": {"datetime": "2021-07-03 13:35:07", "elapsed": 793.218068, "delta": 2.312268}}
{"target": 0.8059147824922682, "params": {"C": 12.677211077921202, "epsilon": 4.573784209117684, "gamma": 0.2733061422394098, "lamda": 0.8960849753278607}, "datetime": {"datetime": "2021-07-03 13:35:11", "elapsed": 797.065553, "delta": 3.847485}}
{"target": -3.9999136728016556, "params": {"C": 12.801297427721272, "epsilon": 0.5890923896452457, "gamma": 0.10974607024390837, "lamda": 0.7872476418353451}, "datetime": {"datetime": "2021-07-03 13:35:36", "elapsed": 822.346502, "delta": 25.280949}}
{"target": 0.7617453818522861, "params": {"C": 9.816332673886366, "epsilon": 1.2353582809770305, "gamma": 0.30278397576150967, "lamda": 0.6356946252517838}, "datetime": {"datetime": "2021-07-03 13:35:40", "elapsed": 826.127605, "delta": 3.781103}}
{"target": 0.6063318534042496, "params": {"C": 13.343669436809712, "epsilon": 8.426208252705948, "gamma": 0.8261746992441593, "lamda": 0.41867617562820336}, "datetime": {"datetime": "2021-07-03 13:35:42", "elapsed": 827.930335, "delta": 1.80273}}
{"target": 0.565308601034052, "params": {"C": 12.064033774028907, "epsilon": 3.92569168006525, "gamma": 0.8971342401713014, "lamda": 0.8096552531610703}, "datetime": {"datetime": "2021-07-03 13:35:44", "elapsed": 829.876464, "delta": 1.946129}}
{"target": -3.019513741748251, "params": {"C": 12.57119128720428, "epsilon": 4.575241581692888, "gamma": 0.1325724633899181, "lamda": 0.8983305788938344}, "datetime": {"datetime": "2021-07-03 13:36:39", "elapsed": 884.904598, "delta": 55.028134}}
