{"target": -4.183814349942342, "params": {"C": 156.20866575599555, "epsilon": 1.174400021723667, "gamma": 0.08343037085833152, "lamda": 0.09711159609036908}, "datetime": {"datetime": "2021-09-20 15:11:54", "elapsed": 519.598471, "delta": 22.442999}}
{"target": 0.8992645632862555, "params": {"C": 178.0515109627855, "epsilon": 0.15309737434193665, "gamma": 0.09202530690722466, "lamda": 0.027132556014896943}, "datetime": {"datetime": "2021-09-20 15:11:54", "elapsed": 520.495776, "delta": 0.897305}}
{"target": -3.417185710447896, "params": {"C": 190.35525978093895, "epsilon": 1.6004137247315533, "gamma": 0.09454167418237716, "lamda": 0.07597655606003255}, "datetime": {"datetime": "2021-09-20 15:12:19", "elapsed": 545.333674, "delta": 24.837898}}
{"target": -4.623119401425558, "params": {"C": 177.81201169952095, "epsilon": 0.6149044845898852, "gamma": 0.062396707580488465, "lamda": 0.016527628295370047}, "datetime": {"datetime": "2021-09-20 15:12:44", "elapsed": 569.839155, "delta": 24.505481}}
{"target": -5.3217530179266195, "params": {"C": 152.22759392723808, "epsilon": 0.5013769860958842, "gamma": 0.06902837354431418, "lamda": 0.07273395313635429}, "datetime": {"datetime": "2021-09-20 15:13:06", "elapsed": 592.032869, "delta": 22.193714}}
{"target": -5.000156755396445, "params": {"C": 177.9858491027071, "epsilon": 0.12921944222373416, "gamma": 0.06287897118757947, "lamda": 0.09689125135002585}, "datetime": {"datetime": "2021-09-20 15:13:30", "elapsed": 616.309189, "delta": 24.27632}}
{"target": -4.556703772225317, "params": {"C": 178.4050230959971, "epsilon": 0.8769094798710826, "gamma": 0.07009302978281294, "lamda": 0.07566345613713384}, "datetime": {"datetime": "2021-09-20 15:13:52", "elapsed": 638.351177, "delta": 22.041988}}
{"target": -3.951147696121974, "params": {"C": 159.77147405546594, "epsilon": 2.3589269949111706, "gamma": 0.0988007995635325, "lamda": 0.08544873614155335}, "datetime": {"datetime": "2021-09-20 15:14:14", "elapsed": 659.883886, "delta": 21.532709}}
{"target": -4.987142029590143, "params": {"C": 161.99238795737932, "epsilon": 2.0155772799334213, "gamma": 0.0847982287352552, "lamda": 0.08375318545726698}, "datetime": {"datetime": "2021-09-20 15:14:42", "elapsed": 687.780274, "delta": 27.896388}}
{"target": -4.419518146992265, "params": {"C": 157.83956973230423, "epsilon": 0.15281871253544532, "gamma": 0.0628008857487689, "lamda": 0.05120278553901802}, "datetime": {"datetime": "2021-09-20 15:15:04", "elapsed": 710.445022, "delta": 22.664748}}
{"target": -5.246656839137001, "params": {"C": 180.3164730826665, "epsilon": 2.309897633379007, "gamma": 0.07269449637288643, "lamda": 0.09891853466918264}, "datetime": {"datetime": "2021-09-20 15:15:32", "elapsed": 738.009133, "delta": 27.564111}}
{"target": -4.4482584250257355, "params": {"C": 178.98726096228984, "epsilon": 1.5701533966843175, "gamma": 0.08203792876471587, "lamda": 0.0758067709361177}, "datetime": {"datetime": "2021-09-20 15:15:50", "elapsed": 755.625707, "delta": 17.616574}}
{"target": -4.808505220537121, "params": {"C": 183.46164467265925, "epsilon": 1.1184846660382128, "gamma": 0.06265339337713766, "lamda": 0.040157998801840095}, "datetime": {"datetime": "2021-09-20 15:16:06", "elapsed": 772.118023, "delta": 16.492316}}
{"target": -3.5220932233889215, "params": {"C": 181.48587535107822, "epsilon": 0.9038821188661711, "gamma": 0.09011022214955255, "lamda": 0.01132096572864092}, "datetime": {"datetime": "2021-09-20 15:16:23", "elapsed": 789.288684, "delta": 17.170661}}
{"target": -4.849109201931703, "params": {"C": 163.01575492892704, "epsilon": 3.234637889873914, "gamma": 0.06773737130493311, "lamda": 0.06574878368359431}, "datetime": {"datetime": "2021-09-20 15:16:44", "elapsed": 809.691489, "delta": 20.402805}}
{"target": -6.028683727166813, "params": {"C": 176.2335154561867, "epsilon": 3.705247243965455, "gamma": 0.07053187081948444, "lamda": 0.01126630361498226}, "datetime": {"datetime": "2021-09-20 15:17:10", "elapsed": 835.750637, "delta": 26.059148}}
{"target": -4.561987280032958, "params": {"C": 186.7532981644335, "epsilon": 3.1069378758095274, "gamma": 0.09631263410014096, "lamda": 0.09353734657369955}, "datetime": {"datetime": "2021-09-20 15:17:28", "elapsed": 854.052971, "delta": 18.302334}}
{"target": -3.621567131563312, "params": {"C": 150.69757864877985, "epsilon": 0.9986993775959684, "gamma": 0.08467113428006631, "lamda": 0.09515655046532356}, "datetime": {"datetime": "2021-09-20 15:17:44", "elapsed": 870.429539, "delta": 16.376568}}
{"target": -3.5371135988471583, "params": {"C": 197.508805962354, "epsilon": 2.2620804977250133, "gamma": 0.09662425399065099, "lamda": 0.06594878984990207}, "datetime": {"datetime": "2021-09-20 15:18:14", "elapsed": 900.13885, "delta": 29.709311}}
{"target": -4.914287310622962, "params": {"C": 169.50038570706232, "epsilon": 1.9850834150198862, "gamma": 0.08417241931679893, "lamda": 0.057207052543313444}, "datetime": {"datetime": "2021-09-20 15:18:33", "elapsed": 918.839975, "delta": 18.701125}}
{"target": -5.073923679642975, "params": {"C": 196.3090713353227, "epsilon": 3.681435067683736, "gamma": 0.0757950245169422, "lamda": 0.09650994020186762}, "datetime": {"datetime": "2021-09-20 15:18:46", "elapsed": 931.643006, "delta": 12.803031}}
{"target": -4.853914863601823, "params": {"C": 158.69778333402323, "epsilon": 0.5752117162033783, "gamma": 0.06540316632186925, "lamda": 0.05303790573930518}, "datetime": {"datetime": "2021-09-20 15:18:59", "elapsed": 944.83351, "delta": 13.190504}}
{"target": -3.5942220176923065, "params": {"C": 151.0762402637099, "epsilon": 3.7960432279733096, "gamma": 0.09308461884682931, "lamda": 0.006426803170501626}, "datetime": {"datetime": "2021-09-20 15:19:14", "elapsed": 959.751263, "delta": 14.917753}}
{"target": -5.113860268022617, "params": {"C": 158.80981277875276, "epsilon": 1.381689211518001, "gamma": 0.06523987379243668, "lamda": 0.0819016157520253}, "datetime": {"datetime": "2021-09-20 15:19:35", "elapsed": 980.516262, "delta": 20.764999}}
{"target": -4.7395476493874344, "params": {"C": 167.23683263416467, "epsilon": 3.765221330746799, "gamma": 0.08328056719788321, "lamda": 0.0884890385191252}, "datetime": {"datetime": "2021-09-20 15:19:45", "elapsed": 991.151334, "delta": 10.635072}}
{"target": -5.101792371119138, "params": {"C": 192.2367222696111, "epsilon": 3.629137889337905, "gamma": 0.07839521063267228, "lamda": 0.056902947521935456}, "datetime": {"datetime": "2021-09-20 15:19:58", "elapsed": 1003.793598, "delta": 12.642264}}
{"target": -4.720755389486497, "params": {"C": 189.93017955760197, "epsilon": 1.2000178987978585, "gamma": 0.07961014090479711, "lamda": 0.06191547922635844}, "datetime": {"datetime": "2021-09-20 15:20:11", "elapsed": 1016.690047, "delta": 12.896449}}
{"target": -4.337252568582417, "params": {"C": 150.77666377754178, "epsilon": 2.4064471201308177, "gamma": 0.07734705395957833, "lamda": 0.08169925024405994}, "datetime": {"datetime": "2021-09-20 15:20:29", "elapsed": 1035.335991, "delta": 18.645944}}
{"target": -5.220270410362333, "params": {"C": 165.76224015476865, "epsilon": 3.5801237374185932, "gamma": 0.08311428861138143, "lamda": 0.022480969154609183}, "datetime": {"datetime": "2021-09-20 15:20:39", "elapsed": 1045.096031, "delta": 9.76004}}
{"target": -4.697896821971499, "params": {"C": 189.39646169127522, "epsilon": 2.479162214016141, "gamma": 0.06215637088295012, "lamda": 0.04491839960010756}, "datetime": {"datetime": "2021-09-20 15:20:52", "elapsed": 1057.628332, "delta": 12.532301}}
{"target": -6.339677542292548, "params": {"C": 183.95344182827148, "epsilon": 3.680918969671901, "gamma": 0.060016080995654295, "lamda": 0.09779211915795068}, "datetime": {"datetime": "2021-09-20 15:21:08", "elapsed": 1074.195765, "delta": 16.567433}}
{"target": -4.819917410393542, "params": {"C": 168.82901573728873, "epsilon": 3.8972314703646243, "gamma": 0.08418864403896212, "lamda": 0.08374035175816584}, "datetime": {"datetime": "2021-09-20 15:21:20", "elapsed": 1085.855623, "delta": 11.659858}}
{"target": -5.688723080966653, "params": {"C": 178.73557523540512, "epsilon": 2.5420586973648134, "gamma": 0.07142305126782776, "lamda": 0.060749167362327876}, "datetime": {"datetime": "2021-09-20 15:21:37", "elapsed": 1103.224895, "delta": 17.369272}}
{"target": -4.156007642496033, "params": {"C": 187.501088185133, "epsilon": 3.444590238801846, "gamma": 0.09020328753870721, "lamda": 0.07131543860249379}, "datetime": {"datetime": "2021-09-20 15:21:51", "elapsed": 1117.457647, "delta": 14.232752}}
{"target": -4.838227859527758, "params": {"C": 193.22397150273, "epsilon": 1.3449095076000461, "gamma": 0.0868315516315035, "lamda": 0.04783302395926817}, "datetime": {"datetime": "2021-09-20 15:22:02", "elapsed": 1128.175659, "delta": 10.718012}}
{"target": -3.890235936051405, "params": {"C": 169.10513760157585, "epsilon": 1.6903804916949676, "gamma": 0.07605918333878162, "lamda": 0.03515147486603631}, "datetime": {"datetime": "2021-09-20 15:22:12", "elapsed": 1138.339545, "delta": 10.163886}}
{"target": -3.449115060567779, "params": {"C": 181.09596839601508, "epsilon": 1.7665693016193562, "gamma": 0.0989520831170901, "lamda": 0.06939108468625955}, "datetime": {"datetime": "2021-09-20 15:22:23", "elapsed": 1149.007905, "delta": 10.66836}}
{"target": -5.254263326536792, "params": {"C": 159.92849442135554, "epsilon": 1.7526679566442886, "gamma": 0.07373384959097692, "lamda": 0.08077568637606383}, "datetime": {"datetime": "2021-09-20 15:22:37", "elapsed": 1162.742909, "delta": 13.735004}}
{"target": -3.992926776269795, "params": {"C": 193.9999144281716, "epsilon": 3.623060466839378, "gamma": 0.08650879249501049, "lamda": 0.03066978489282699}, "datetime": {"datetime": "2021-09-20 15:22:48", "elapsed": 1174.228007, "delta": 11.485098}}
{"target": -4.26392129260887, "params": {"C": 162.61833507522948, "epsilon": 3.4311999353738174, "gamma": 0.08110858585234987, "lamda": 0.08120530298043682}, "datetime": {"datetime": "2021-09-20 15:22:59", "elapsed": 1184.990835, "delta": 10.762828}}
{"target": -4.851918668135286, "params": {"C": 178.62442585958033, "epsilon": 2.9539186991270436, "gamma": 0.08076046509856223, "lamda": 0.07823397149767937}, "datetime": {"datetime": "2021-09-20 15:23:09", "elapsed": 1194.898244, "delta": 9.907409}}
{"target": -5.427711762783173, "params": {"C": 178.44289953523577, "epsilon": 1.9055827240805652, "gamma": 0.07370755631813128, "lamda": 0.011479888099586891}, "datetime": {"datetime": "2021-09-20 15:23:19", "elapsed": 1204.878893, "delta": 9.980649}}
{"target": 0.8983926070310496, "params": {"C": 168.896208966405, "epsilon": 0.39213422457714925, "gamma": 0.09931268454921781, "lamda": 0.02225322087642256}, "datetime": {"datetime": "2021-09-20 15:23:19", "elapsed": 1205.310895, "delta": 0.432002}}
{"target": -4.743249504483327, "params": {"C": 190.592934886027, "epsilon": 3.509849648227121, "gamma": 0.08753653009543774, "lamda": 0.05910196921081069}, "datetime": {"datetime": "2021-09-20 15:23:29", "elapsed": 1215.324901, "delta": 10.014006}}
{"target": -5.014199218486319, "params": {"C": 158.04857184078043, "epsilon": 1.9101696892321607, "gamma": 0.0738068820462086, "lamda": 0.026378795992338038}, "datetime": {"datetime": "2021-09-20 15:23:39", "elapsed": 1225.373453, "delta": 10.048552}}
{"target": -4.024862528117936, "params": {"C": 179.62559343828983, "epsilon": 1.3040977637915145, "gamma": 0.09665222213873403, "lamda": 0.09141537487039793}, "datetime": {"datetime": "2021-09-20 15:23:50", "elapsed": 1236.038717, "delta": 10.665264}}
{"target": -4.97809103391194, "params": {"C": 162.8559146891098, "epsilon": 0.5146938989165945, "gamma": 0.06771850928076452, "lamda": 0.052460496214494175}, "datetime": {"datetime": "2021-09-20 15:24:00", "elapsed": 1245.907824, "delta": 9.869107}}
{"target": -4.790204961292865, "params": {"C": 186.4292833987298, "epsilon": 0.8961221985624626, "gamma": 0.06992134233508923, "lamda": 0.08590882811895487}, "datetime": {"datetime": "2021-09-20 15:24:10", "elapsed": 1256.265243, "delta": 10.357419}}
{"target": -4.799441063702412, "params": {"C": 170.79243591337638, "epsilon": 2.497405463248526, "gamma": 0.06934664556957, "lamda": 0.014686889645450757}, "datetime": {"datetime": "2021-09-20 15:24:20", "elapsed": 1265.834957, "delta": 9.569714}}
{"target": -5.158063315291725, "params": {"C": 175.7928508484265, "epsilon": 1.950392669235147, "gamma": 0.06610686576372653, "lamda": 0.06407159201533948}, "datetime": {"datetime": "2021-09-20 15:24:32", "elapsed": 1277.602667, "delta": 11.76771}}
{"target": -6.0141999672718915, "params": {"C": 177.2005059406969, "epsilon": 2.6442184001253177, "gamma": 0.06578182160498638, "lamda": 0.07639514262784818}, "datetime": {"datetime": "2021-09-20 15:24:42", "elapsed": 1288.080298, "delta": 10.477631}}
{"target": -3.207306392826289, "params": {"C": 161.10245698999614, "epsilon": 2.1158591515148495, "gamma": 0.09141184112886476, "lamda": 0.007121390659221587}, "datetime": {"datetime": "2021-09-20 15:24:52", "elapsed": 1298.321966, "delta": 10.241668}}
{"target": -3.7922290150183553, "params": {"C": 166.2181229863093, "epsilon": 3.5018557154884355, "gamma": 0.09378838430408279, "lamda": 0.05615185629648165}, "datetime": {"datetime": "2021-09-20 15:25:03", "elapsed": 1309.329526, "delta": 11.00756}}
{"target": -4.231370224551253, "params": {"C": 193.33041370832564, "epsilon": 3.803239486106216, "gamma": 0.09305627990517365, "lamda": 0.08614096716447119}, "datetime": {"datetime": "2021-09-20 15:25:14", "elapsed": 1320.247966, "delta": 10.91844}}
{"target": -3.9055538466651827, "params": {"C": 154.9371700910174, "epsilon": 2.633112982776685, "gamma": 0.08814067952610612, "lamda": 0.06297287720142981}, "datetime": {"datetime": "2021-09-20 15:25:25", "elapsed": 1331.04854, "delta": 10.800574}}
{"target": -4.1962503765010375, "params": {"C": 189.9807630868014, "epsilon": 0.21551918189680624, "gamma": 0.0908095493821992, "lamda": 0.07451421707025506}, "datetime": {"datetime": "2021-09-20 15:25:36", "elapsed": 1341.572539, "delta": 10.523999}}
{"target": -4.779707127963536, "params": {"C": 162.98491966491764, "epsilon": 1.0877116513828151, "gamma": 0.08529213269720512, "lamda": 0.037803258851152745}, "datetime": {"datetime": "2021-09-20 15:25:46", "elapsed": 1352.38142, "delta": 10.808881}}
{"target": -3.8319985018035796, "params": {"C": 189.8294339003644, "epsilon": 1.8288932294535525, "gamma": 0.09130997659136689, "lamda": 0.09909481944426488}, "datetime": {"datetime": "2021-09-20 15:25:57", "elapsed": 1363.332234, "delta": 10.950814}}
{"target": -3.515877603314628, "params": {"C": 165.012416976695, "epsilon": 0.6405828467717495, "gamma": 0.09605233745397096, "lamda": 0.056448140994300455}, "datetime": {"datetime": "2021-09-20 15:26:08", "elapsed": 1374.409213, "delta": 11.076979}}
{"target": -3.443819124246458, "params": {"C": 198.73701854275413, "epsilon": 2.575489248007437, "gamma": 0.09975652098441917, "lamda": 0.0568767263935804}, "datetime": {"datetime": "2021-09-20 15:26:20", "elapsed": 1385.609085, "delta": 11.199872}}
{"target": -4.485929618179394, "params": {"C": 176.32129669527606, "epsilon": 0.6108773800429059, "gamma": 0.07422820683935524, "lamda": 0.007490763893155462}, "datetime": {"datetime": "2021-09-20 15:26:37", "elapsed": 1402.828112, "delta": 17.219027}}
{"target": -5.223879772914915, "params": {"C": 158.01975897598246, "epsilon": 3.0028977954133844, "gamma": 0.06121598759715155, "lamda": 0.03982159423815571}, "datetime": {"datetime": "2021-09-20 15:26:50", "elapsed": 1416.322974, "delta": 13.494862}}
{"target": -3.5037012219482033, "params": {"C": 193.1173126419022, "epsilon": 2.7952966526288288, "gamma": 0.08763768568264674, "lamda": 0.022920496090754534}, "datetime": {"datetime": "2021-09-20 15:27:01", "elapsed": 1426.954906, "delta": 10.631932}}
{"target": -2.9725528839099873, "params": {"C": 172.09521403742116, "epsilon": 2.3597834367896215, "gamma": 0.09959006830654821, "lamda": 0.024371091397146577}, "datetime": {"datetime": "2021-09-20 15:27:13", "elapsed": 1438.533971, "delta": 11.579065}}
{"target": -4.178966556556605, "params": {"C": 162.38664508811775, "epsilon": 1.1077184883898148, "gamma": 0.09000689653191972, "lamda": 0.04841265610639081}, "datetime": {"datetime": "2021-09-20 15:27:23", "elapsed": 1449.240971, "delta": 10.707}}
{"target": -5.158181777042108, "params": {"C": 152.84647192055476, "epsilon": 2.073383663192139, "gamma": 0.06847840658574704, "lamda": 0.08086740325221997}, "datetime": {"datetime": "2021-09-20 15:27:34", "elapsed": 1459.660376, "delta": 10.419405}}
{"target": -4.1779693564754865, "params": {"C": 164.8665690753636, "epsilon": 0.18821556686165422, "gamma": 0.08373729797858484, "lamda": 0.08516484074846295}, "datetime": {"datetime": "2021-09-20 15:27:45", "elapsed": 1471.438859, "delta": 11.778483}}
{"target": -5.146100136051381, "params": {"C": 169.0508062031107, "epsilon": 3.0194445780464823, "gamma": 0.08044565913188513, "lamda": 0.056390421471407916}, "datetime": {"datetime": "2021-09-20 15:27:54", "elapsed": 1480.233989, "delta": 8.79513}}
{"target": -5.753119796277967, "params": {"C": 197.97171605308762, "epsilon": 3.2315266946746957, "gamma": 0.061292922664942955, "lamda": 0.07239178886697303}, "datetime": {"datetime": "2021-09-20 15:28:10", "elapsed": 1495.824522, "delta": 15.590533}}
{"target": -4.74148472199789, "params": {"C": 173.25007407817532, "epsilon": 3.7943918502687914, "gamma": 0.06885730937293953, "lamda": 0.03037184187001475}, "datetime": {"datetime": "2021-09-20 15:28:19", "elapsed": 1504.957204, "delta": 9.132682}}
{"target": -5.028233114656306, "params": {"C": 154.0736982438631, "epsilon": 1.7601858083620432, "gamma": 0.06436075056076274, "lamda": 0.0652097422581322}, "datetime": {"datetime": "2021-09-20 15:28:28", "elapsed": 1514.033204, "delta": 9.076}}
{"target": -5.143073053352101, "params": {"C": 190.14816186868688, "epsilon": 2.8114579447910995, "gamma": 0.09064845524303082, "lamda": 0.03753314138513438}, "datetime": {"datetime": "2021-09-20 15:28:38", "elapsed": 1523.705203, "delta": 9.671999}}
{"target": -3.318760778061846, "params": {"C": 192.2925741513839, "epsilon": 1.7607735979978147, "gamma": 0.09296039481649276, "lamda": 0.06451713506930791}, "datetime": {"datetime": "2021-09-20 15:28:49", "elapsed": 1534.541042, "delta": 10.835839}}
{"target": 0.8958947547171876, "params": {"C": 157.17115243351225, "epsilon": 0.387276647431396, "gamma": 0.06073330571652029, "lamda": 0.011338874775738864}, "datetime": {"datetime": "2021-09-20 15:28:49", "elapsed": 1534.892507, "delta": 0.351465}}
{"target": -4.773478159290406, "params": {"C": 172.9291906854216, "epsilon": 0.5243003372489546, "gamma": 0.06111133395394679, "lamda": 0.0767118407320944}, "datetime": {"datetime": "2021-09-20 15:28:59", "elapsed": 1545.481443, "delta": 10.588936}}
{"target": -4.7912583332711804, "params": {"C": 169.74252402303196, "epsilon": 3.0079989027814986, "gamma": 0.07809619306985806, "lamda": 0.04775824096507231}, "datetime": {"datetime": "2021-09-20 15:29:11", "elapsed": 1557.313288, "delta": 11.831845}}
{"target": -3.8646214667718057, "params": {"C": 173.90362533589155, "epsilon": 1.9380953921238007, "gamma": 0.09212653368456679, "lamda": 0.0432272893864849}, "datetime": {"datetime": "2021-09-20 15:29:22", "elapsed": 1568.289479, "delta": 10.976191}}
{"target": 0.8991097609017071, "params": {"C": 195.23430801718115, "epsilon": 0.2252793079798206, "gamma": 0.09095497370881675, "lamda": 0.01693593120808519}, "datetime": {"datetime": "2021-09-20 15:29:23", "elapsed": 1568.664144, "delta": 0.374665}}
{"target": -3.9870076823185743, "params": {"C": 180.92567834560427, "epsilon": 0.1206279044341092, "gamma": 0.08154509130305387, "lamda": 0.0052867058788616545}, "datetime": {"datetime": "2021-09-20 15:29:32", "elapsed": 1577.855694, "delta": 9.19155}}
{"target": -4.313433217804706, "params": {"C": 197.55968927451022, "epsilon": 3.62917597211489, "gamma": 0.09183867767769077, "lamda": 0.09195106039190482}, "datetime": {"datetime": "2021-09-20 15:29:43", "elapsed": 1589.037957, "delta": 11.182263}}
{"target": -4.467318761574158, "params": {"C": 157.27791155791985, "epsilon": 0.6983018738924904, "gamma": 0.06750526691609736, "lamda": 0.06413711071849251}, "datetime": {"datetime": "2021-09-20 15:29:54", "elapsed": 1600.021659, "delta": 10.983702}}
{"target": -4.529662845479118, "params": {"C": 195.2904748004151, "epsilon": 3.9606242991675686, "gamma": 0.08844489835063264, "lamda": 0.07452103886851806}, "datetime": {"datetime": "2021-09-20 15:30:05", "elapsed": 1611.478413, "delta": 11.456754}}
{"target": -5.144748144362436, "params": {"C": 195.46466022721273, "epsilon": 1.651425030894794, "gamma": 0.06999402720900147, "lamda": 0.021475866224776673}, "datetime": {"datetime": "2021-09-20 15:30:15", "elapsed": 1620.699855, "delta": 9.221442}}
{"target": -5.372165372413183, "params": {"C": 155.97285251668646, "epsilon": 3.2654335050886885, "gamma": 0.06587169493668972, "lamda": 0.030108260859055564}, "datetime": {"datetime": "2021-09-20 15:30:32", "elapsed": 1638.450181, "delta": 17.750326}}
{"target": -3.2843398405018496, "params": {"C": 190.95445893167653, "epsilon": 1.297502027033303, "gamma": 0.09929669797171772, "lamda": 0.030330676704405347}, "datetime": {"datetime": "2021-09-20 15:30:43", "elapsed": 1649.239534, "delta": 10.789353}}
{"target": -3.6220685058890405, "params": {"C": 176.68266724856056, "epsilon": 1.3127106838485305, "gamma": 0.0964309132469535, "lamda": 0.03982288116586727}, "datetime": {"datetime": "2021-09-20 15:30:54", "elapsed": 1659.735626, "delta": 10.496092}}
{"target": 0.8962775491154366, "params": {"C": 171.67961636365823, "epsilon": 2.088187353731177, "gamma": 0.09755545909478854, "lamda": 0.007940155595759318}, "datetime": {"datetime": "2021-09-20 15:30:54", "elapsed": 1660.275625, "delta": 0.539999}}
