{"target": -4.596659324165995, "params": {"C": 43.8060484538402, "epsilon": 8.00461754204364, "gamma": 0.11287917716049423, "lamda": 1.0278607286450996}, "datetime": {"datetime": "2021-09-19 12:48:00", "elapsed": 26.494003, "delta": 13.418001}}
{"target": -8.155170319721597, "params": {"C": 32.26713498389105, "epsilon": 12.41552667308229, "gamma": 0.05410813897968893, "lamda": 1.0057342185165854}, "datetime": {"datetime": "2021-09-19 12:48:09", "elapsed": 35.185425, "delta": 8.691422}}
{"target": -5.709869418484588, "params": {"C": 45.03828814202762, "epsilon": 8.262967769794772, "gamma": 0.07105804078928507, "lamda": 0.29723242347840967}, "datetime": {"datetime": "2021-09-19 12:48:17", "elapsed": 43.622275, "delta": 8.43685}}
{"target": 0.8725914263425597, "params": {"C": 20.463191359047265, "epsilon": 3.104192144765051, "gamma": 0.1564053551254998, "lamda": 1.1471288148015022}, "datetime": {"datetime": "2021-09-19 12:48:18", "elapsed": 44.108261, "delta": 0.485986}}
{"target": 0.8615159722625244, "params": {"C": 20.0, "epsilon": 6.0206261243041865, "gamma": 0.2, "lamda": 1.5}, "datetime": {"datetime": "2021-09-19 12:48:18", "elapsed": 44.742274, "delta": 0.634013}}
{"target": -3.9607684442076785, "params": {"C": 20.09393617849954, "epsilon": 11.302923132327987, "gamma": 0.184539153057253, "lamda": 0.5144038894733607}, "datetime": {"datetime": "2021-09-19 12:48:32", "elapsed": 58.522924, "delta": 13.78065}}
{"target": -2.7673936118647995, "params": {"C": 22.894199493724415, "epsilon": 5.5753685929829055, "gamma": 0.0747399580023543, "lamda": 0.2540176780232106}, "datetime": {"datetime": "2021-09-19 12:48:40", "elapsed": 66.918579, "delta": 8.395655}}
{"target": -6.062835075193155, "params": {"C": 79.71197813459422, "epsilon": 13.830049387971307, "gamma": 0.1429481573079204, "lamda": 1.4619791418691888}, "datetime": {"datetime": "2021-09-19 12:48:54", "elapsed": 80.416269, "delta": 13.49769}}
{"target": -4.61940923967589, "params": {"C": 20.218140073425733, "epsilon": 1.0621079871398327, "gamma": 0.08041723754826227, "lamda": 1.462480789508004}, "datetime": {"datetime": "2021-09-19 12:49:08", "elapsed": 94.439655, "delta": 14.023386}}
{"target": 0.8615871813432135, "params": {"C": 20.0, "epsilon": 4.556952433967395, "gamma": 0.2, "lamda": 0.07072906563944072}, "datetime": {"datetime": "2021-09-19 12:49:09", "elapsed": 95.104654, "delta": 0.664999}}
{"target": 0.8682474698268585, "params": {"C": 20.626259122557144, "epsilon": 4.603690337010784, "gamma": 0.17614172981644455, "lamda": 1.4509642889901524}, "datetime": {"datetime": "2021-09-19 12:49:09", "elapsed": 95.708657, "delta": 0.604003}}
{"target": -3.961080652277496, "params": {"C": 64.24382591852657, "epsilon": 1.028612400787961, "gamma": 0.0981315294183438, "lamda": 1.4504012508484}, "datetime": {"datetime": "2021-09-19 12:49:18", "elapsed": 104.370656, "delta": 8.661999}}
{"target": 0.8768715815192765, "params": {"C": 60.45029602372984, "epsilon": 14.0, "gamma": 0.05, "lamda": 0.0001}, "datetime": {"datetime": "2021-09-19 12:49:18", "elapsed": 104.977616, "delta": 0.60696}}
{"target": 0.8766740265491308, "params": {"C": 63.34645450465234, "epsilon": 14.0, "gamma": 0.05, "lamda": 0.0001}, "datetime": {"datetime": "2021-09-19 12:49:19", "elapsed": 105.814619, "delta": 0.837003}}
{"target": -3.3540171076478957, "params": {"C": 61.89379740462075, "epsilon": 11.423677433703965, "gamma": 0.2, "lamda": 1.5}, "datetime": {"datetime": "2021-09-19 12:49:33", "elapsed": 119.689615, "delta": 13.874996}}
{"target": 0.8759378118452755, "params": {"C": 57.17330941508545, "epsilon": 14.0, "gamma": 0.05, "lamda": 0.0001}, "datetime": {"datetime": "2021-09-19 12:49:34", "elapsed": 120.264614, "delta": 0.574999}}
{"target": 0.8793875194565403, "params": {"C": 66.87201155385812, "epsilon": 14.0, "gamma": 0.05, "lamda": 0.0001}, "datetime": {"datetime": "2021-09-19 12:49:34", "elapsed": 120.918654, "delta": 0.65404}}
{"target": 0.875637174401076, "params": {"C": 53.36481827316079, "epsilon": 14.0, "gamma": 0.05, "lamda": 0.0001}, "datetime": {"datetime": "2021-09-19 12:49:35", "elapsed": 121.557726, "delta": 0.639072}}
{"target": 0.8762656331444334, "params": {"C": 54.84237190153674, "epsilon": 10.680003381175291, "gamma": 0.05, "lamda": 0.0001}, "datetime": {"datetime": "2021-09-19 12:49:36", "elapsed": 122.138469, "delta": 0.580743}}
{"target": -5.987339013310417, "params": {"C": 51.97796768527204, "epsilon": 11.317743263272602, "gamma": 0.10033138402407796, "lamda": 1.4797345020699426}, "datetime": {"datetime": "2021-09-19 12:49:50", "elapsed": 136.06747, "delta": 13.929001}}
{"target": 0.8695791575638998, "params": {"C": 57.49917027177085, "epsilon": 10.846506546305353, "gamma": 0.2, "lamda": 0.0001}, "datetime": {"datetime": "2021-09-19 12:49:50", "elapsed": 136.893426, "delta": 0.825956}}
{"target": 0.8768767296716111, "params": {"C": 56.37645957039232, "epsilon": 7.2888096265964775, "gamma": 0.05, "lamda": 0.0001}, "datetime": {"datetime": "2021-09-19 12:49:51", "elapsed": 137.461475, "delta": 0.568049}}
{"target": -3.28481274922203, "params": {"C": 69.85080686376091, "epsilon": 11.605988879422057, "gamma": 0.1430140498244662, "lamda": 0.14201158768448097}, "datetime": {"datetime": "2021-09-19 12:50:04", "elapsed": 150.508938, "delta": 13.047463}}
{"target": 0.8767916026372929, "params": {"C": 55.42020568852199, "epsilon": 3.4990169187285263, "gamma": 0.05, "lamda": 0.0001}, "datetime": {"datetime": "2021-09-19 12:50:05", "elapsed": 151.113945, "delta": 0.605007}}
{"target": -2.3320770948707783, "params": {"C": 58.565841350859365, "epsilon": 4.218415900059327, "gamma": 0.15454528251571292, "lamda": 0.3112857186871021}, "datetime": {"datetime": "2021-09-19 12:50:18", "elapsed": 164.553199, "delta": 13.439254}}
{"target": 0.8728461091164996, "params": {"C": 53.12040114859291, "epsilon": 5.37862122699511, "gamma": 0.2, "lamda": 0.0001}, "datetime": {"datetime": "2021-09-19 12:50:19", "elapsed": 165.100075, "delta": 0.546876}}
{"target": 0.8760336878476038, "params": {"C": 52.310938805930974, "epsilon": 1.5106213550509353, "gamma": 0.05, "lamda": 0.0001}, "datetime": {"datetime": "2021-09-19 12:50:19", "elapsed": 165.760972, "delta": 0.660897}}
{"target": -1.4011882374833031, "params": {"C": 48.70071685487704, "epsilon": 1.0, "gamma": 0.2, "lamda": 1.5}, "datetime": {"datetime": "2021-09-19 12:50:28", "elapsed": 174.509105, "delta": 8.748133}}
{"target": -1.3537050515579407, "params": {"C": 54.820147696576804, "epsilon": 1.0, "gamma": 0.2, "lamda": 1.5}, "datetime": {"datetime": "2021-09-19 12:50:37", "elapsed": 183.318189, "delta": 8.809084}}
{"target": 0.8832055575704154, "params": {"C": 80.0, "epsilon": 1.0, "gamma": 0.05, "lamda": 0.0001}, "datetime": {"datetime": "2021-09-19 12:50:37", "elapsed": 183.994889, "delta": 0.6767}}
{"target": -5.264630063919486, "params": {"C": 76.60430603611701, "epsilon": 1.0, "gamma": 0.05, "lamda": 1.5}, "datetime": {"datetime": "2021-09-19 12:50:46", "elapsed": 192.5692, "delta": 8.574311}}
{"target": 0.8718709207180416, "params": {"C": 80.0, "epsilon": 4.463320503782233, "gamma": 0.2, "lamda": 0.0001}, "datetime": {"datetime": "2021-09-19 12:50:47", "elapsed": 193.188681, "delta": 0.619481}}
{"target": 0.8721030631703911, "params": {"C": 38.829454788915776, "epsilon": 1.0, "gamma": 0.2, "lamda": 0.0001}, "datetime": {"datetime": "2021-09-19 12:50:47", "elapsed": 193.802964, "delta": 0.614283}}
{"target": -4.749954634564214, "params": {"C": 42.1015473908722, "epsilon": 1.0324698517070061, "gamma": 0.0882090516042377, "lamda": 1.2682506064947836}, "datetime": {"datetime": "2021-09-19 12:51:01", "elapsed": 207.688361, "delta": 13.885397}}
{"target": 0.8717026756955657, "params": {"C": 35.93699752470199, "epsilon": 1.0, "gamma": 0.2, "lamda": 0.0001}, "datetime": {"datetime": "2021-09-19 12:51:02", "elapsed": 208.345393, "delta": 0.657032}}
{"target": 0.8704729732024914, "params": {"C": 37.26304369069189, "epsilon": 3.931187337339397, "gamma": 0.2, "lamda": 0.0001}, "datetime": {"datetime": "2021-09-19 12:51:02", "elapsed": 208.970958, "delta": 0.625565}}
{"target": -1.3645722985010384, "params": {"C": 34.67235024250716, "epsilon": 3.9004980360646777, "gamma": 0.2, "lamda": 1.5}, "datetime": {"datetime": "2021-09-19 12:51:11", "elapsed": 217.522752, "delta": 8.551794}}
{"target": -2.6875860188603125, "params": {"C": 80.0, "epsilon": 7.260735328969581, "gamma": 0.2, "lamda": 1.5}, "datetime": {"datetime": "2021-09-19 12:51:25", "elapsed": 231.286948, "delta": 13.764196}}
{"target": -2.057640438637903, "params": {"C": 51.54516012376776, "epsilon": 3.583839658365638, "gamma": 0.12854523524756634, "lamda": 1.3948347420511344}, "datetime": {"datetime": "2021-09-19 12:51:34", "elapsed": 240.268399, "delta": 8.981451}}
{"target": -5.326434214004645, "params": {"C": 37.481054593524895, "epsilon": 1.9449277157948628, "gamma": 0.05, "lamda": 1.5}, "datetime": {"datetime": "2021-09-19 12:51:43", "elapsed": 249.042404, "delta": 8.774005}}
{"target": -7.216457877325006, "params": {"C": 55.82557793506666, "epsilon": 12.473890614265006, "gamma": 0.08834745527445642, "lamda": 0.035677191303315973}, "datetime": {"datetime": "2021-09-19 12:51:57", "elapsed": 263.09849, "delta": 14.056086}}
{"target": -5.361021251452311, "params": {"C": 20.389436489085682, "epsilon": 5.420188444032511, "gamma": 0.05, "lamda": 0.6554650390009534}, "datetime": {"datetime": "2021-09-19 12:52:06", "elapsed": 272.440031, "delta": 9.341541}}
{"target": -1.5124708444745032, "params": {"C": 45.28471555837814, "epsilon": 6.434717534742748, "gamma": 0.17373988482338004, "lamda": 0.5369976732762634}, "datetime": {"datetime": "2021-09-19 12:52:14", "elapsed": 280.835128, "delta": 8.395097}}
{"target": -4.320944285607885, "params": {"C": 77.68801595397832, "epsilon": 9.865650498061463, "gamma": 0.1392185390237784, "lamda": 1.0410622702152756}, "datetime": {"datetime": "2021-09-19 12:52:28", "elapsed": 294.383454, "delta": 13.548326}}
{"target": -5.308732637541581, "params": {"C": 79.4190073819062, "epsilon": 9.372516879923745, "gamma": 0.06317152788347423, "lamda": 0.10602114507683356}, "datetime": {"datetime": "2021-09-19 12:52:37", "elapsed": 303.048663, "delta": 8.665209}}
{"target": -3.164564266153026, "params": {"C": 45.71685061664202, "epsilon": 3.2806009587473435, "gamma": 0.11253965756033914, "lamda": 1.2770268620051608}, "datetime": {"datetime": "2021-09-19 12:52:51", "elapsed": 317.675001, "delta": 14.626338}}
{"target": -3.1040882567745527, "params": {"C": 61.345884125166265, "epsilon": 2.5320098086004243, "gamma": 0.13152757391942688, "lamda": 1.0492158146323725}, "datetime": {"datetime": "2021-09-19 12:53:04", "elapsed": 330.798189, "delta": 13.123188}}
{"target": -5.699740451036339, "params": {"C": 42.809770795416874, "epsilon": 12.029145820333392, "gamma": 0.11164069577575347, "lamda": 0.5593196761393578}, "datetime": {"datetime": "2021-09-19 12:53:18", "elapsed": 344.605429, "delta": 13.80724}}
{"target": -5.3971051417780025, "params": {"C": 66.76738307163322, "epsilon": 12.739583442202216, "gamma": 0.12686166504537216, "lamda": 0.44292000871604986}, "datetime": {"datetime": "2021-09-19 12:53:31", "elapsed": 357.620464, "delta": 13.015035}}
{"target": -3.1569089935165744, "params": {"C": 59.81137732687587, "epsilon": 6.9518286109972225, "gamma": 0.10826914859717482, "lamda": 0.12171544714681815}, "datetime": {"datetime": "2021-09-19 12:53:45", "elapsed": 371.067782, "delta": 13.447318}}
{"target": -3.011597632531325, "params": {"C": 75.32690505657499, "epsilon": 4.972032803515281, "gamma": 0.1310825948950058, "lamda": 0.17405050912814066}, "datetime": {"datetime": "2021-09-19 12:53:53", "elapsed": 379.214763, "delta": 8.146981}}
{"target": -1.6440210958097685, "params": {"C": 37.19392076737097, "epsilon": 2.350272443867005, "gamma": 0.17803496102519112, "lamda": 0.2118147051392649}, "datetime": {"datetime": "2021-09-19 12:54:08", "elapsed": 394.383218, "delta": 15.168455}}
{"target": -3.710516223242484, "params": {"C": 63.18818455202873, "epsilon": 4.7314865492504845, "gamma": 0.08689930615099792, "lamda": 0.26365459269540914}, "datetime": {"datetime": "2021-09-19 12:54:16", "elapsed": 402.828172, "delta": 8.444954}}
{"target": -7.050938323379361, "params": {"C": 76.3513534942129, "epsilon": 13.634590793664653, "gamma": 0.08722689872663042, "lamda": 0.2077727792797421}, "datetime": {"datetime": "2021-09-19 12:54:30", "elapsed": 416.646504, "delta": 13.818332}}
{"target": -4.19953879113771, "params": {"C": 53.63733448956686, "epsilon": 11.606226490871382, "gamma": 0.15608326415371965, "lamda": 0.23977003423602095}, "datetime": {"datetime": "2021-09-19 12:54:38", "elapsed": 425.029506, "delta": 8.383002}}
{"target": -4.912756678344039, "params": {"C": 48.59870779642772, "epsilon": 11.600862560559941, "gamma": 0.14448221870993228, "lamda": 1.3671429616525481}, "datetime": {"datetime": "2021-09-19 12:54:52", "elapsed": 438.567542, "delta": 13.538036}}
{"target": -3.712201935051424, "params": {"C": 63.2091248649325, "epsilon": 8.445502341796477, "gamma": 0.1488296722534661, "lamda": 1.4870293149019296}, "datetime": {"datetime": "2021-09-19 12:55:06", "elapsed": 452.088576, "delta": 13.521034}}
{"target": 0.8832640280482984, "params": {"C": 29.541137748590074, "epsilon": 7.219673858958384, "gamma": 0.12600371117230308, "lamda": 0.18179548140449894}, "datetime": {"datetime": "2021-09-19 12:55:06", "elapsed": 452.583548, "delta": 0.494972}}
{"target": -2.716491871257958, "params": {"C": 78.60213506704761, "epsilon": 8.005494312299545, "gamma": 0.1976637386598551, "lamda": 1.187855850453204}, "datetime": {"datetime": "2021-09-19 12:55:15", "elapsed": 461.15159, "delta": 8.568042}}
{"target": -2.2750529202523193, "params": {"C": 53.53191206248136, "epsilon": 3.5974347348764555, "gamma": 0.1704895200008076, "lamda": 0.12209449335458661}, "datetime": {"datetime": "2021-09-19 12:55:27", "elapsed": 473.878534, "delta": 12.726944}}
{"target": -5.231417515153796, "params": {"C": 67.85148990687756, "epsilon": 3.381370091137345, "gamma": 0.0825352558605661, "lamda": 1.4194174102659525}, "datetime": {"datetime": "2021-09-19 12:55:36", "elapsed": 482.405112, "delta": 8.526578}}
{"target": -5.317489112341075, "params": {"C": 30.90509256809959, "epsilon": 12.623211385625607, "gamma": 0.12568143028641535, "lamda": 1.479378596529091}, "datetime": {"datetime": "2021-09-19 12:55:50", "elapsed": 496.288731, "delta": 13.883619}}
{"target": -6.250518651679368, "params": {"C": 60.749624904659576, "epsilon": 11.776234208245015, "gamma": 0.09916051435278857, "lamda": 0.569571630013604}, "datetime": {"datetime": "2021-09-19 12:56:04", "elapsed": 510.111662, "delta": 13.822931}}
{"target": -2.534580940039602, "params": {"C": 67.958919523594, "epsilon": 4.536292044056527, "gamma": 0.15479589198945445, "lamda": 0.6659105050488664}, "datetime": {"datetime": "2021-09-19 12:56:17", "elapsed": 523.259447, "delta": 13.147785}}
{"target": -5.43477387040987, "params": {"C": 44.203334913113665, "epsilon": 13.832824137500854, "gamma": 0.15219384021401158, "lamda": 1.3626785799840913}, "datetime": {"datetime": "2021-09-19 12:56:31", "elapsed": 537.183298, "delta": 13.923851}}
{"target": 0.8748975677421638, "params": {"C": 58.60347133696592, "epsilon": 8.942044896486058, "gamma": 0.17964577514949098, "lamda": 0.31075959964243766}, "datetime": {"datetime": "2021-09-19 12:56:31", "elapsed": 537.761425, "delta": 0.578127}}
{"target": -2.6496441497573033, "params": {"C": 52.39567072441949, "epsilon": 5.176401865108769, "gamma": 0.17557945828982213, "lamda": 1.4843886631993464}, "datetime": {"datetime": "2021-09-19 12:56:45", "elapsed": 551.590419, "delta": 13.828994}}
{"target": -2.7532931681064166, "params": {"C": 67.98105059104488, "epsilon": 5.987103177631115, "gamma": 0.1675404135916787, "lamda": 1.0712252723008597}, "datetime": {"datetime": "2021-09-19 12:56:53", "elapsed": 559.944092, "delta": 8.353673}}
{"target": -5.063335013052333, "params": {"C": 79.94161831970766, "epsilon": 8.602409157865484, "gamma": 0.12127614898429923, "lamda": 1.328275263107684}, "datetime": {"datetime": "2021-09-19 12:57:07", "elapsed": 573.687688, "delta": 13.743596}}
{"target": -5.0599941656210135, "params": {"C": 79.58085462503297, "epsilon": 4.464028108522703, "gamma": 0.05661171507495297, "lamda": 0.8200830867691857}, "datetime": {"datetime": "2021-09-19 12:57:15", "elapsed": 581.664627, "delta": 7.976939}}
{"target": -2.155238209052806, "params": {"C": 54.194780788153494, "epsilon": 1.4527990524290049, "gamma": 0.17577729688613164, "lamda": 0.8105564904373461}, "datetime": {"datetime": "2021-09-19 12:57:28", "elapsed": 594.448525, "delta": 12.783898}}
{"target": -2.428203345804748, "params": {"C": 27.682591895504736, "epsilon": 2.972257356758565, "gamma": 0.14650438549603634, "lamda": 0.28593435974625847}, "datetime": {"datetime": "2021-09-19 12:57:42", "elapsed": 608.289171, "delta": 13.840646}}
{"target": -3.4057018387956477, "params": {"C": 77.20107466496995, "epsilon": 10.960408555426966, "gamma": 0.199957808635022, "lamda": 0.5046230694506957}, "datetime": {"datetime": "2021-09-19 12:57:50", "elapsed": 616.799997, "delta": 8.510826}}
{"target": -4.530493686139989, "params": {"C": 22.76042706330297, "epsilon": 4.157234191769474, "gamma": 0.10176266146809292, "lamda": 0.12958445540357325}, "datetime": {"datetime": "2021-09-19 12:57:59", "elapsed": 625.325179, "delta": 8.525182}}
{"target": 0.8736973018008762, "params": {"C": 32.09430436154472, "epsilon": 3.867108643953099, "gamma": 0.17216292876019793, "lamda": 1.11436018171758}, "datetime": {"datetime": "2021-09-19 12:57:59", "elapsed": 625.856385, "delta": 0.531206}}
{"target": -4.537862830140124, "params": {"C": 51.637978179503484, "epsilon": 11.504926943969313, "gamma": 0.168499944655507, "lamda": 0.9648652361359195}, "datetime": {"datetime": "2021-09-19 12:58:13", "elapsed": 639.616178, "delta": 13.759793}}
{"target": -5.31011711307311, "params": {"C": 74.81099094766003, "epsilon": 10.339995666186157, "gamma": 0.1298206653350205, "lamda": 0.6927016425130078}, "datetime": {"datetime": "2021-09-19 12:58:27", "elapsed": 653.302465, "delta": 13.686287}}
{"target": 0.88249238407557, "params": {"C": 29.62682563035562, "epsilon": 6.96059366049114, "gamma": 0.13234214440406317, "lamda": 0.0001}, "datetime": {"datetime": "2021-09-19 12:58:27", "elapsed": 654.005548, "delta": 0.703083}}
{"target": 0.8811477538147531, "params": {"C": 52.433549311179235, "epsilon": 1.4636854169887834, "gamma": 0.1646199578689157, "lamda": 0.11500161946163552}, "datetime": {"datetime": "2021-09-19 12:58:28", "elapsed": 654.683489, "delta": 0.677941}}
{"target": 0.879486804839398, "params": {"C": 20.418663199940358, "epsilon": 3.7195425073555652, "gamma": 0.12354498391427184, "lamda": 0.6782133671896039}, "datetime": {"datetime": "2021-09-19 12:58:29", "elapsed": 655.824113, "delta": 1.140624}}
{"target": -4.15185845331267, "params": {"C": 20.973273456686428, "epsilon": 4.052035026830771, "gamma": 0.09503472376415217, "lamda": 1.2812114793080356}, "datetime": {"datetime": "2021-09-19 12:58:44", "elapsed": 670.136691, "delta": 14.312578}}
{"target": -4.456805388808409, "params": {"C": 20.24653440405848, "epsilon": 3.977322721041477, "gamma": 0.08192694265599232, "lamda": 0.19821578861675246}, "datetime": {"datetime": "2021-09-19 12:58:58", "elapsed": 684.041374, "delta": 13.904683}}
{"target": -2.582029688089078, "params": {"C": 36.53985491227408, "epsilon": 6.108162789489476, "gamma": 0.13522559001854265, "lamda": 0.1795420572827814}, "datetime": {"datetime": "2021-09-19 12:59:10", "elapsed": 696.190182, "delta": 12.148808}}
{"target": 0.869529954017294, "params": {"C": 20.351159309608377, "epsilon": 3.404445775723612, "gamma": 0.1697427727218398, "lamda": 0.8942620768720516}, "datetime": {"datetime": "2021-09-19 12:59:11", "elapsed": 697.066646, "delta": 0.876464}}
{"target": -2.6845507618338575, "params": {"C": 20.779442085010615, "epsilon": 3.182565119489504, "gamma": 0.13620331744476727, "lamda": 0.668299226725058}, "datetime": {"datetime": "2021-09-19 12:59:25", "elapsed": 711.241892, "delta": 14.175246}}
{"target": -5.010623090208502, "params": {"C": 64.71101951227888, "epsilon": 2.5340027097201174, "gamma": 0.05161826905752612, "lamda": 0.8846165286529621}, "datetime": {"datetime": "2021-09-19 12:59:37", "elapsed": 723.997993, "delta": 12.756101}}
{"target": -4.991609143295181, "params": {"C": 77.31174375577288, "epsilon": 9.233845757983481, "gamma": 0.11873435135603287, "lamda": 1.2230591958707133}, "datetime": {"datetime": "2021-09-19 12:59:51", "elapsed": 737.589937, "delta": 13.591944}}
{"target": -2.370280714377603, "params": {"C": 48.63070787597427, "epsilon": 1.0261863416829087, "gamma": 0.14247868397784527, "lamda": 1.4852980307248835}, "datetime": {"datetime": "2021-09-19 13:00:00", "elapsed": 746.058821, "delta": 8.468884}}
{"target": -3.0295158759872294, "params": {"C": 29.992578531692338, "epsilon": 7.257395348682529, "gamma": 0.0701112057278007, "lamda": 0.16238615416220611}, "datetime": {"datetime": "2021-09-19 13:00:08", "elapsed": 754.526408, "delta": 8.467587}}
{"target": -2.0162830973355184, "params": {"C": 52.53453505870193, "epsilon": 9.150738007499351, "gamma": 0.12470029579098653, "lamda": 0.2741057336340051}, "datetime": {"datetime": "2021-09-19 13:00:16", "elapsed": 762.996312, "delta": 8.469904}}
{"target": 0.8764998684772457, "params": {"C": 20.052663955645265, "epsilon": 3.1488147105696043, "gamma": 0.1373415175074852, "lamda": 1.2095886343197577}, "datetime": {"datetime": "2021-09-19 13:00:18", "elapsed": 764.183878, "delta": 1.187566}}
{"target": -5.024669501245062, "params": {"C": 63.2647195403929, "epsilon": 12.92103807155663, "gamma": 0.14626228419374337, "lamda": 0.34032014770720925}, "datetime": {"datetime": "2021-09-19 13:00:26", "elapsed": 772.965259, "delta": 8.781381}}
