{"target": 0.4020292888807705, "params": {"C": 19.065472040049883, "epsilon": 3.5605129517003453, "gamma": 2.0, "lamda": 1.0}, "datetime": {"datetime": "2021-07-03 14:51:17", "elapsed": 101.232243, "delta": 0.65126}}
{"target": 0.38850093674302555, "params": {"C": 17.202198138875733, "epsilon": 3.0021351565129177, "gamma": 2.0, "lamda": 0.1}, "datetime": {"datetime": "2021-07-03 14:51:17", "elapsed": 101.712958, "delta": 0.480715}}
{"target": 0.5021247297615217, "params": {"C": 20.0, "epsilon": 1.0, "gamma": 1.4420607355206565, "lamda": 1.0}, "datetime": {"datetime": "2021-07-03 14:51:18", "elapsed": 102.374193, "delta": 0.661235}}
{"target": 0.3960198020938356, "params": {"C": 17.780591094809, "epsilon": 5.941624938992549, "gamma": 2.0, "lamda": 1.0}, "datetime": {"datetime": "2021-07-03 14:51:18", "elapsed": 102.974589, "delta": 0.600396}}
{"target": 0.3993229799006931, "params": {"C": 18.454739985782496, "epsilon": 4.748665954150539, "gamma": 2.0, "lamda": 0.1}, "datetime": {"datetime": "2021-07-03 14:51:19", "elapsed": 104.017345, "delta": 1.042756}}
{"target": 0.40635619655209854, "params": {"C": 19.40729659294426, "epsilon": 5.332848503733673, "gamma": 2.0, "lamda": 1.0}, "datetime": {"datetime": "2021-07-03 14:51:20", "elapsed": 104.634694, "delta": 0.617349}}
{"target": 0.4037461416375453, "params": {"C": 18.894822603966684, "epsilon": 6.350687253966817, "gamma": 2.0, "lamda": 0.1}, "datetime": {"datetime": "2021-07-03 14:51:21", "elapsed": 105.181234, "delta": 0.54654}}
{"target": 0.6414833533005562, "params": {"C": 18.930848547332786, "epsilon": 6.2247622574314265, "gamma": 0.8768176701212532, "lamda": 1.0}, "datetime": {"datetime": "2021-07-03 14:51:21", "elapsed": 105.739742, "delta": 0.558508}}
{"target": 0.633399573964263, "params": {"C": 19.87917937096878, "epsilon": 5.668569943505107, "gamma": 0.9229580354307693, "lamda": 0.14692494030501102}, "datetime": {"datetime": "2021-07-03 14:51:22", "elapsed": 106.330164, "delta": 0.590422}}
{"target": -0.7749716163715092, "params": {"C": 20.0, "epsilon": 6.68877822813619, "gamma": 1.4916407954985471, "lamda": 0.900323150454532}, "datetime": {"datetime": "2021-07-03 14:51:31", "elapsed": 115.191487, "delta": 8.861323}}
{"target": 0.6287282466974824, "params": {"C": 18.622835362413664, "epsilon": 5.544518999517023, "gamma": 0.9088770222218657, "lamda": 0.1}, "datetime": {"datetime": "2021-07-03 14:51:31", "elapsed": 115.838758, "delta": 0.647271}}
{"target": 0.7061029373643561, "params": {"C": 19.376360867378175, "epsilon": 4.921182898085228, "gamma": 0.6960286897100406, "lamda": 1.0}, "datetime": {"datetime": "2021-07-03 14:51:32", "elapsed": 116.452117, "delta": 0.613359}}
{"target": 0.4298081622269163, "params": {"C": 19.780283289149533, "epsilon": 4.525087377210155, "gamma": 1.8516955227610512, "lamda": 0.1607563970092909}, "datetime": {"datetime": "2021-07-03 14:51:32", "elapsed": 116.963751, "delta": 0.511634}}
{"target": 0.863775002306049, "params": {"C": 18.951157164444872, "epsilon": 6.718814672309246, "gamma": 0.17946864104527727, "lamda": 0.17383011248103225}, "datetime": {"datetime": "2021-07-03 14:51:33", "elapsed": 117.578108, "delta": 0.614357}}
{"target": 0.5987165454776258, "params": {"C": 18.019002204286206, "epsilon": 6.852412138166799, "gamma": 0.9948728182305816, "lamda": 0.1}, "datetime": {"datetime": "2021-07-03 14:51:34", "elapsed": 118.338079, "delta": 0.759971}}
{"target": -3.847395671398604, "params": {"C": 18.436936246398897, "epsilon": 7.507277185140047, "gamma": 0.1371390205114935, "lamda": 1.0}, "datetime": {"datetime": "2021-07-03 14:51:42", "elapsed": 126.172147, "delta": 7.834068}}
{"target": -3.8249401925754833, "params": {"C": 19.783807170675075, "epsilon": 5.762033750550082, "gamma": 0.12222582054324035, "lamda": 0.8502157713371611}, "datetime": {"datetime": "2021-07-03 14:51:54", "elapsed": 138.88518, "delta": 12.713033}}
{"target": 0.4487510204363082, "params": {"C": 16.218397090600465, "epsilon": 8.272641730440293, "gamma": 1.5904992805215905, "lamda": 0.678897734863876}, "datetime": {"datetime": "2021-07-03 14:51:55", "elapsed": 139.333975, "delta": 0.448795}}
{"target": 0.39293322409091647, "params": {"C": 12.847114978666772, "epsilon": 1.6036061523196001, "gamma": 1.7023118999736595, "lamda": 0.8992105560324568}, "datetime": {"datetime": "2021-07-03 14:51:55", "elapsed": 139.759837, "delta": 0.425862}}
{"target": 0.526099698399456, "params": {"C": 18.537814063600315, "epsilon": 5.058977771682775, "gamma": 1.2975015908129246, "lamda": 0.991986348678927}, "datetime": {"datetime": "2021-07-03 14:51:56", "elapsed": 140.505844, "delta": 0.746007}}
{"target": 0.6207705969060128, "params": {"C": 19.140494008587183, "epsilon": 4.402376687243072, "gamma": 0.9464995298365342, "lamda": 0.15929674383683637}, "datetime": {"datetime": "2021-07-03 14:51:57", "elapsed": 141.064354, "delta": 0.55851}}
{"target": 0.4894825722921068, "params": {"C": 17.280005491088303, "epsilon": 5.9126813345508955, "gamma": 1.419068278926429, "lamda": 0.1}, "datetime": {"datetime": "2021-07-03 14:51:57", "elapsed": 141.691676, "delta": 0.627322}}
{"target": 0.5603190073448823, "params": {"C": 19.895671188438545, "epsilon": 4.1241718238668295, "gamma": 1.1983630450770626, "lamda": 1.0}, "datetime": {"datetime": "2021-07-03 14:51:58", "elapsed": 142.401778, "delta": 0.710102}}
{"target": 0.39267719857706096, "params": {"C": 17.171180724658157, "epsilon": 7.155443833941284, "gamma": 2.0, "lamda": 0.21074168137705523}, "datetime": {"datetime": "2021-07-03 14:51:59", "elapsed": 143.046061, "delta": 0.644283}}
{"target": 0.37156176039810496, "params": {"C": 14.965255019782319, "epsilon": 3.093607909145734, "gamma": 2.0, "lamda": 1.0}, "datetime": {"datetime": "2021-07-03 14:51:59", "elapsed": 143.697315, "delta": 0.651254}}
{"target": 0.3967784923504465, "params": {"C": 17.019177728401168, "epsilon": 9.156599912019717, "gamma": 1.966387043588984, "lamda": 0.7697967896497928}, "datetime": {"datetime": "2021-07-03 14:52:00", "elapsed": 144.249839, "delta": 0.552524}}
{"target": 0.39161144949596094, "params": {"C": 18.17287517411074, "epsilon": 1.0, "gamma": 2.0, "lamda": 1.0}, "datetime": {"datetime": "2021-07-03 14:52:00", "elapsed": 144.880154, "delta": 0.630315}}
{"target": 0.3824874975628938, "params": {"C": 15.680527843437057, "epsilon": 9.444210993452478, "gamma": 2.0, "lamda": 1.0}, "datetime": {"datetime": "2021-07-03 14:52:01", "elapsed": 145.603225, "delta": 0.723071}}
{"target": 0.3717914164911431, "params": {"C": 14.46225045404265, "epsilon": 6.526405415375777, "gamma": 2.0, "lamda": 1.0}, "datetime": {"datetime": "2021-07-03 14:52:02", "elapsed": 146.193645, "delta": 0.59042}}
{"target": 0.5421336068114723, "params": {"C": 16.42211371532877, "epsilon": 9.900413029341035, "gamma": 1.1539889829865262, "lamda": 0.31784403101765685}, "datetime": {"datetime": "2021-07-03 14:52:02", "elapsed": 146.755146, "delta": 0.561501}}
{"target": 0.5491100822258355, "params": {"C": 17.734203322519605, "epsilon": 9.984273951952193, "gamma": 1.1736093786171684, "lamda": 0.20641909762640298}, "datetime": {"datetime": "2021-07-03 14:52:03", "elapsed": 147.363519, "delta": 0.608373}}
{"target": -3.4209296522397263, "params": {"C": 17.099304095708906, "epsilon": 9.862195373090463, "gamma": 0.18554675595120962, "lamda": 0.80019950224758}, "datetime": {"datetime": "2021-07-03 14:52:22", "elapsed": 166.27814, "delta": 18.914621}}
{"target": 0.3917148108459888, "params": {"C": 16.95208700668714, "epsilon": 10.0, "gamma": 2.0, "lamda": 0.1}, "datetime": {"datetime": "2021-07-03 14:52:23", "elapsed": 167.158788, "delta": 0.880648}}
{"target": 0.4022860269411078, "params": {"C": 18.539453282083212, "epsilon": 9.874406957751047, "gamma": 2.0, "lamda": 0.1}, "datetime": {"datetime": "2021-07-03 14:52:24", "elapsed": 168.427401, "delta": 1.268613}}
{"target": 0.45616823394726425, "params": {"C": 15.27822579825079, "epsilon": 10.0, "gamma": 1.505886916391924, "lamda": 0.1}, "datetime": {"datetime": "2021-07-03 14:52:25", "elapsed": 169.364892, "delta": 0.937491}}
{"target": 0.4087111963295226, "params": {"C": 19.981603080679726, "epsilon": 2.7217143401275217, "gamma": 1.9878984658317114, "lamda": 0.9994712376834447}, "datetime": {"datetime": "2021-07-03 14:52:26", "elapsed": 170.32732, "delta": 0.962428}}
{"target": 0.39857361353439913, "params": {"C": 17.96946866764244, "epsilon": 8.510467039165665, "gamma": 2.0, "lamda": 0.1}, "datetime": {"datetime": "2021-07-03 14:52:27", "elapsed": 171.197994, "delta": 0.870674}}
{"target": 0.5085215304786186, "params": {"C": 12.0, "epsilon": 1.0, "gamma": 1.0819692245171664, "lamda": 1.0}, "datetime": {"datetime": "2021-07-03 14:52:28", "elapsed": 172.249701, "delta": 1.051707}}
{"target": 0.3710274115493384, "params": {"C": 14.16759629273375, "epsilon": 10.0, "gamma": 2.0, "lamda": 1.0}, "datetime": {"datetime": "2021-07-03 14:52:28", "elapsed": 172.957804, "delta": 0.708103}}
{"target": -2.822385007632808, "params": {"C": 12.794090358064793, "epsilon": 1.0925958665142834, "gamma": 0.13279119337827244, "lamda": 0.9453364793342691}, "datetime": {"datetime": "2021-07-03 14:52:39", "elapsed": 183.837751, "delta": 10.879947}}
{"target": 0.47916496619236626, "params": {"C": 18.481682456725974, "epsilon": 3.2966769138464187, "gamma": 1.5126607902495206, "lamda": 0.1}, "datetime": {"datetime": "2021-07-03 14:52:40", "elapsed": 184.486019, "delta": 0.648268}}
{"target": 0.5817038442284872, "params": {"C": 19.112037478400005, "epsilon": 6.5141734236800755, "gamma": 1.0914881351583545, "lamda": 0.14040595582428683}, "datetime": {"datetime": "2021-07-03 14:52:41", "elapsed": 185.217068, "delta": 0.731049}}
{"target": 0.5450715459768191, "params": {"C": 15.77037056933874, "epsilon": 2.0069769295316218, "gamma": 1.1032398597757815, "lamda": 0.1}, "datetime": {"datetime": "2021-07-03 14:52:41", "elapsed": 185.863338, "delta": 0.64627}}
{"target": 0.3735786052890623, "params": {"C": 14.518093236954243, "epsilon": 8.97067347726004, "gamma": 2.0, "lamda": 0.1}, "datetime": {"datetime": "2021-07-03 14:52:42", "elapsed": 186.776897, "delta": 0.913559}}
{"target": 0.5490711545896468, "params": {"C": 13.782813819772532, "epsilon": 10.0, "gamma": 1.0258504743906889, "lamda": 0.1}, "datetime": {"datetime": "2021-07-03 14:52:43", "elapsed": 187.491986, "delta": 0.715089}}
{"target": 0.36202636097028584, "params": {"C": 13.092790826018541, "epsilon": 9.46460772173952, "gamma": 2.0, "lamda": 0.1}, "datetime": {"datetime": "2021-07-03 14:52:44", "elapsed": 188.216052, "delta": 0.724066}}
{"target": 0.5266602129627966, "params": {"C": 12.835219232620144, "epsilon": 10.0, "gamma": 1.0690895102094395, "lamda": 1.0}, "datetime": {"datetime": "2021-07-03 14:52:44", "elapsed": 188.871301, "delta": 0.655249}}
{"target": 0.6550357697814226, "params": {"C": 12.625217685252998, "epsilon": 9.225235176730928, "gamma": 0.6701670086092407, "lamda": 0.1451641247154637}, "datetime": {"datetime": "2021-07-03 14:52:45", "elapsed": 189.776906, "delta": 0.905605}}
{"target": 0.4799756736465758, "params": {"C": 13.263990386929162, "epsilon": 8.69269798076761, "gamma": 1.2832229719190176, "lamda": 0.9896768213040074}, "datetime": {"datetime": "2021-07-03 14:52:46", "elapsed": 190.43515, "delta": 0.658244}}
{"target": 0.4216060122332477, "params": {"C": 12.0, "epsilon": 9.056933058860897, "gamma": 1.5152179054355182, "lamda": 0.8631536067605381}, "datetime": {"datetime": "2021-07-03 14:52:47", "elapsed": 191.126301, "delta": 0.691151}}
{"target": -7.5343834999503425, "params": {"C": 13.40662604398916, "epsilon": 9.52422511369101, "gamma": 0.05, "lamda": 0.9030839105456104}, "datetime": {"datetime": "2021-07-03 14:52:54", "elapsed": 198.774863, "delta": 7.648562}}
{"target": 0.4809945902052989, "params": {"C": 12.144933365438897, "epsilon": 9.864653141809598, "gamma": 1.223156634509625, "lamda": 0.26097615064556823}, "datetime": {"datetime": "2021-07-03 14:52:55", "elapsed": 199.445072, "delta": 0.670209}}
{"target": 0.45162030608527726, "params": {"C": 12.598207525078715, "epsilon": 8.390713416160576, "gamma": 1.38175463432777, "lamda": 0.1}, "datetime": {"datetime": "2021-07-03 14:52:56", "elapsed": 200.23596, "delta": 0.790888}}
{"target": 0.3633144548391165, "params": {"C": 13.356967268188681, "epsilon": 7.771208856528174, "gamma": 2.0, "lamda": 1.0}, "datetime": {"datetime": "2021-07-03 14:52:56", "elapsed": 200.966009, "delta": 0.730049}}
{"target": -4.56898686147749, "params": {"C": 18.04588784479703, "epsilon": 6.08670279319562, "gamma": 0.11032301366615714, "lamda": 0.1}, "datetime": {"datetime": "2021-07-03 14:53:04", "elapsed": 208.025183, "delta": 7.059174}}
{"target": 0.47744209484263267, "params": {"C": 18.498631268122793, "epsilon": 3.249308899811623, "gamma": 1.5218738071000604, "lamda": 0.11245117296411017}, "datetime": {"datetime": "2021-07-03 14:53:05", "elapsed": 209.194059, "delta": 1.168876}}
{"target": 0.4805668210990327, "params": {"C": 19.406521493395154, "epsilon": 5.248497768315174, "gamma": 1.552115119069674, "lamda": 0.25160128953635785}, "datetime": {"datetime": "2021-07-03 14:53:05", "elapsed": 209.93659, "delta": 0.742531}}
{"target": 0.3853989337691538, "params": {"C": 16.077761631138102, "epsilon": 9.089045544942477, "gamma": 2.0, "lamda": 0.1}, "datetime": {"datetime": "2021-07-03 14:53:06", "elapsed": 210.680112, "delta": 0.743522}}
{"target": 0.4162544983810168, "params": {"C": 18.148124156139225, "epsilon": 7.037679135760803, "gamma": 1.8781881631786166, "lamda": 0.8419685550849111}, "datetime": {"datetime": "2021-07-03 14:53:07", "elapsed": 211.446577, "delta": 0.766465}}
{"target": 0.45069221832408934, "params": {"C": 12.429261173865852, "epsilon": 4.591173783310118, "gamma": 1.3641922537737872, "lamda": 1.0}, "datetime": {"datetime": "2021-07-03 14:53:08", "elapsed": 212.113793, "delta": 0.667216}}
{"target": 0.38296594864749534, "params": {"C": 16.045926267208007, "epsilon": 5.290967435128686, "gamma": 2.0, "lamda": 0.1}, "datetime": {"datetime": "2021-07-03 14:53:08", "elapsed": 212.801956, "delta": 0.688163}}
{"target": 0.37832894768441905, "params": {"C": 12.44326635739841, "epsilon": 9.857525951967116, "gamma": 1.8264355193178405, "lamda": 0.9861391679680628}, "datetime": {"datetime": "2021-07-03 14:53:09", "elapsed": 213.473161, "delta": 0.671205}}
{"target": 0.6443246069819741, "params": {"C": 19.2847009178239, "epsilon": 10.0, "gamma": 0.875866371289824, "lamda": 0.1}, "datetime": {"datetime": "2021-07-03 14:53:10", "elapsed": 214.280007, "delta": 0.806846}}
{"target": 0.4477554053110979, "params": {"C": 19.869231617905562, "epsilon": 9.569754070222253, "gamma": 1.7586832470706264, "lamda": 0.49300761352554456}, "datetime": {"datetime": "2021-07-03 14:53:10", "elapsed": 214.896358, "delta": 0.616351}}
{"target": -1.8428985272672707, "params": {"C": 20.0, "epsilon": 10.0, "gamma": 0.5180152622388636, "lamda": 1.0}, "datetime": {"datetime": "2021-07-03 14:53:19", "elapsed": 223.137877, "delta": 8.241519}}
{"target": 0.5449149197340966, "params": {"C": 19.012470246575667, "epsilon": 9.117193072260168, "gamma": 1.236242675962676, "lamda": 0.13409451912845438}, "datetime": {"datetime": "2021-07-03 14:53:20", "elapsed": 224.242925, "delta": 1.105048}}
{"target": 0.5055554531547303, "params": {"C": 12.0, "epsilon": 1.5064144904107626, "gamma": 1.094773378041851, "lamda": 0.1}, "datetime": {"datetime": "2021-07-03 14:53:20", "elapsed": 224.963005, "delta": 0.72008}}
{"target": 0.4089762950871906, "params": {"C": 19.552550180077937, "epsilon": 8.284754187389462, "gamma": 2.0, "lamda": 0.1}, "datetime": {"datetime": "2021-07-03 14:53:21", "elapsed": 225.680085, "delta": 0.71708}}
{"target": 0.3469370886080353, "params": {"C": 12.0, "epsilon": 7.753546336865235, "gamma": 2.0, "lamda": 1.0}, "datetime": {"datetime": "2021-07-03 14:53:22", "elapsed": 226.432075, "delta": 0.75199}}
{"target": 0.40394958308043405, "params": {"C": 18.77997142327732, "epsilon": 9.02214475157618, "gamma": 2.0, "lamda": 1.0}, "datetime": {"datetime": "2021-07-03 14:53:23", "elapsed": 227.379543, "delta": 0.947468}}
{"target": 0.3819244289394219, "params": {"C": 16.213701528954054, "epsilon": 3.4688322077030214, "gamma": 2.0, "lamda": 1.0}, "datetime": {"datetime": "2021-07-03 14:53:24", "elapsed": 228.639071, "delta": 1.259528}}
{"target": 0.8398657215536481, "params": {"C": 19.74199820765344, "epsilon": 7.324698979992553, "gamma": 0.2870869200274371, "lamda": 0.1}, "datetime": {"datetime": "2021-07-03 14:53:25", "elapsed": 229.521714, "delta": 0.882643}}
{"target": 0.3907343514715429, "params": {"C": 17.238968928867905, "epsilon": 4.419330751628762, "gamma": 2.0, "lamda": 0.1}, "datetime": {"datetime": "2021-07-03 14:53:26", "elapsed": 230.217853, "delta": 0.696139}}
{"target": 0.3756147195581031, "params": {"C": 14.82602287808547, "epsilon": 8.140766661642616, "gamma": 2.0, "lamda": 1.0}, "datetime": {"datetime": "2021-07-03 14:53:26", "elapsed": 230.93693, "delta": 0.719077}}
{"target": 0.6719512690004019, "params": {"C": 20.0, "epsilon": 8.374223350174862, "gamma": 0.805977129223854, "lamda": 0.1}, "datetime": {"datetime": "2021-07-03 14:53:27", "elapsed": 231.623097, "delta": 0.686167}}
{"target": 0.5985483834531045, "params": {"C": 19.028114282597297, "epsilon": 1.0, "gamma": 1.0152615879008784, "lamda": 0.1}, "datetime": {"datetime": "2021-07-03 14:53:28", "elapsed": 232.347163, "delta": 0.724066}}
{"target": 0.3588706512849308, "params": {"C": 12.952291828717929, "epsilon": 6.908134239786335, "gamma": 2.0, "lamda": 0.1}, "datetime": {"datetime": "2021-07-03 14:53:29", "elapsed": 233.199886, "delta": 0.852723}}
{"target": 0.36363811977103144, "params": {"C": 13.883069125093796, "epsilon": 3.6447703250545933, "gamma": 2.0, "lamda": 1.0}, "datetime": {"datetime": "2021-07-03 14:53:29", "elapsed": 233.935917, "delta": 0.736031}}
{"target": 0.36985558375951044, "params": {"C": 14.138456338187517, "epsilon": 7.506641599696154, "gamma": 2.0, "lamda": 0.1}, "datetime": {"datetime": "2021-07-03 14:53:30", "elapsed": 234.734785, "delta": 0.798868}}
{"target": 0.5017455474527606, "params": {"C": 18.63724468028238, "epsilon": 7.548581879815918, "gamma": 1.4182487700944526, "lamda": 0.105804951484675}, "datetime": {"datetime": "2021-07-03 14:53:31", "elapsed": 235.462838, "delta": 0.728053}}
{"target": 0.38111525426576953, "params": {"C": 15.623520061055764, "epsilon": 6.816847812137813, "gamma": 2.0, "lamda": 0.1}, "datetime": {"datetime": "2021-07-03 14:53:32", "elapsed": 236.107116, "delta": 0.644278}}
{"target": 0.39358883933015054, "params": {"C": 17.793732234563297, "epsilon": 3.6625700165896258, "gamma": 2.0, "lamda": 1.0}, "datetime": {"datetime": "2021-07-03 14:53:33", "elapsed": 237.042616, "delta": 0.9355}}
{"target": 0.3933566346713939, "params": {"C": 17.215284629380577, "epsilon": 7.983156864067007, "gamma": 2.0, "lamda": 1.0}, "datetime": {"datetime": "2021-07-03 14:53:33", "elapsed": 237.787625, "delta": 0.745009}}
{"target": 0.7786259168045252, "params": {"C": 12.045212785976833, "epsilon": 8.593637105474341, "gamma": 0.33885682189399546, "lamda": 0.1648667560304885}, "datetime": {"datetime": "2021-07-03 14:53:34", "elapsed": 238.720134, "delta": 0.932509}}
{"target": 0.39814010912518694, "params": {"C": 17.90030881706164, "epsilon": 10.0, "gamma": 2.0, "lamda": 1.0}, "datetime": {"datetime": "2021-07-03 14:53:35", "elapsed": 239.624716, "delta": 0.904582}}
{"target": 0.3640196936508783, "params": {"C": 14.340300448626458, "epsilon": 1.5680284378601252, "gamma": 2.0, "lamda": 1.0}, "datetime": {"datetime": "2021-07-03 14:53:36", "elapsed": 240.425576, "delta": 0.80086}}
{"target": -1.0682200097771268, "params": {"C": 20.0, "epsilon": 8.512360304058863, "gamma": 2.0, "lamda": 1.0}, "datetime": {"datetime": "2021-07-03 14:53:44", "elapsed": 248.291558, "delta": 7.865982}}
{"target": 0.5643659363909881, "params": {"C": 12.13058799053806, "epsilon": 7.953941314732588, "gamma": 0.9076648901118622, "lamda": 0.997882035722589}, "datetime": {"datetime": "2021-07-03 14:53:44", "elapsed": 248.925863, "delta": 0.634305}}
{"target": 0.661216975716256, "params": {"C": 18.927829235030654, "epsilon": 3.8987678616242154, "gamma": 0.8153350770730018, "lamda": 1.0}, "datetime": {"datetime": "2021-07-03 14:53:45", "elapsed": 249.837427, "delta": 0.911564}}
{"target": 0.3448723317168345, "params": {"C": 12.0, "epsilon": 5.522080216581495, "gamma": 2.0, "lamda": 0.1}, "datetime": {"datetime": "2021-07-03 14:53:46", "elapsed": 250.551518, "delta": 0.714091}}
{"target": 0.4859769801377265, "params": {"C": 13.567250143114785, "epsilon": 6.627481403616457, "gamma": 1.2656038287612654, "lamda": 1.0}, "datetime": {"datetime": "2021-07-03 14:53:47", "elapsed": 251.29953, "delta": 0.748012}}
{"target": 0.3774403933516358, "params": {"C": 15.470334440301823, "epsilon": 4.2858441727158025, "gamma": 2.0, "lamda": 1.0}, "datetime": {"datetime": "2021-07-03 14:53:48", "elapsed": 252.063479, "delta": 0.763949}}
{"target": 0.39713439630912983, "params": {"C": 17.902207389558292, "epsilon": 6.337142782374336, "gamma": 2.0, "lamda": 0.1}, "datetime": {"datetime": "2021-07-03 14:53:48", "elapsed": 252.836414, "delta": 0.772935}}
{"target": 0.573633711604763, "params": {"C": 13.217248028536973, "epsilon": 7.529474223561966, "gamma": 0.919873700368, "lamda": 0.1}, "datetime": {"datetime": "2021-07-03 14:53:49", "elapsed": 253.84073, "delta": 1.004316}}
{"target": 0.3393437704677268, "params": {"C": 12.0, "epsilon": 1.0, "gamma": 2.0, "lamda": 0.9999999999999998}, "datetime": {"datetime": "2021-07-03 14:53:50", "elapsed": 254.690459, "delta": 0.849729}}
{"target": 0.35741171500951496, "params": {"C": 12.089862360717408, "epsilon": 6.573529978088081, "gamma": 1.9273423809055834, "lamda": 0.9033700427882053}, "datetime": {"datetime": "2021-07-03 14:53:51", "elapsed": 255.42749, "delta": 0.737031}}
