{"target": 0.38481900073305153, "params": {"C": 16.07677814560979, "epsilon": 7.339243325582913, "gamma": 2.0, "lamda": 1.0}, "datetime": {"datetime": "2021-07-03 14:53:52", "elapsed": 256.203416, "delta": 0.775926}}
{"target": 0.4057828645598005, "params": {"C": 20.0, "epsilon": 1.9259395675708721, "gamma": 2.0, "lamda": 0.1}, "datetime": {"datetime": "2021-07-03 14:53:52", "elapsed": 256.961391, "delta": 0.757975}}
{"target": -5.423065419357144, "params": {"C": 19.45045768788125, "epsilon": 8.890994109627004, "gamma": 0.05, "lamda": 0.1}, "datetime": {"datetime": "2021-07-03 14:54:02", "elapsed": 266.152832, "delta": 9.191441}}
{"target": 0.3676886689899428, "params": {"C": 13.802102324572392, "epsilon": 8.92418645812281, "gamma": 2.0, "lamda": 1.0}, "datetime": {"datetime": "2021-07-03 14:54:02", "elapsed": 266.86593, "delta": 0.713098}}
{"target": 0.5595609705411844, "params": {"C": 20.0, "epsilon": 7.618647154880638, "gamma": 1.2089444918009664, "lamda": 0.1}, "datetime": {"datetime": "2021-07-03 14:54:03", "elapsed": 267.715657, "delta": 0.849727}}
{"target": 0.4277202430610131, "params": {"C": 13.880450368846928, "epsilon": 4.950903381239003, "gamma": 1.576304279637002, "lamda": 1.0}, "datetime": {"datetime": "2021-07-03 14:54:04", "elapsed": 268.637193, "delta": 0.921536}}
{"target": 0.38451504001635795, "params": {"C": 14.030228043375136, "epsilon": 9.979458694686812, "gamma": 1.8870692211398281, "lamda": 0.1267824354000547}, "datetime": {"datetime": "2021-07-03 14:54:05", "elapsed": 269.702346, "delta": 1.065153}}
{"target": -1.4044651411910474, "params": {"C": 18.81504176185897, "epsilon": 9.928948571535411, "gamma": 1.4314895236592682, "lamda": 0.7929618888902046}, "datetime": {"datetime": "2021-07-03 14:54:13", "elapsed": 277.296055, "delta": 7.593709}}
{"target": 0.4967306653188397, "params": {"C": 16.324485292999636, "epsilon": 2.469531819436142, "gamma": 1.329759435677501, "lamda": 1.0}, "datetime": {"datetime": "2021-07-03 14:54:14", "elapsed": 278.336275, "delta": 1.04022}}
{"target": 0.3526239616085244, "params": {"C": 12.839463163750162, "epsilon": 2.8236837046778738, "gamma": 2.0, "lamda": 1.0}, "datetime": {"datetime": "2021-07-03 14:54:15", "elapsed": 279.125166, "delta": 0.788891}}
{"target": 0.49273625350544603, "params": {"C": 17.017830673239832, "epsilon": 6.678120471949599, "gamma": 1.395050742592372, "lamda": 1.0}, "datetime": {"datetime": "2021-07-03 14:54:15", "elapsed": 279.989856, "delta": 0.86469}}
{"target": 0.5800114335005078, "params": {"C": 14.026797569242957, "epsilon": 6.223205518442875, "gamma": 0.9294725853451864, "lamda": 0.1}, "datetime": {"datetime": "2021-07-03 14:54:16", "elapsed": 280.892454, "delta": 0.902598}}
{"target": 0.374813137659721, "params": {"C": 15.859758197345345, "epsilon": 1.0, "gamma": 2.0, "lamda": 0.1}, "datetime": {"datetime": "2021-07-03 14:54:17", "elapsed": 281.729261, "delta": 0.836807}}
{"target": 0.43951583538638916, "params": {"C": 12.011022893295795, "epsilon": 7.519141859086732, "gamma": 1.4113039969552048, "lamda": 0.1280914773791321}, "datetime": {"datetime": "2021-07-03 14:54:18", "elapsed": 282.640824, "delta": 0.911563}}
{"target": 0.4563270080619921, "params": {"C": 18.705434124310838, "epsilon": 6.064912635345182, "gamma": 1.6558439619985752, "lamda": 1.0}, "datetime": {"datetime": "2021-07-03 14:54:19", "elapsed": 283.496539, "delta": 0.855715}}
{"target": 0.6105520941070335, "params": {"C": 16.908319582141008, "epsilon": 1.0, "gamma": 0.9171764280164072, "lamda": 0.1}, "datetime": {"datetime": "2021-07-03 14:54:20", "elapsed": 284.771132, "delta": 1.274593}}
{"target": 0.38858809633181446, "params": {"C": 16.51515622866987, "epsilon": 10.0, "gamma": 2.0, "lamda": 1.0}, "datetime": {"datetime": "2021-07-03 14:54:21", "elapsed": 285.626846, "delta": 0.855714}}
{"target": 0.48017857598167235, "params": {"C": 16.757182986261256, "epsilon": 1.0107297802293627, "gamma": 1.4169944230525973, "lamda": 0.9834646291529107}, "datetime": {"datetime": "2021-07-03 14:54:22", "elapsed": 286.448651, "delta": 0.821805}}
{"target": 0.52092942357604, "params": {"C": 17.168797348014955, "epsilon": 8.141892472439803, "gamma": 1.2717317389532075, "lamda": 0.1}, "datetime": {"datetime": "2021-07-03 14:54:23", "elapsed": 287.483883, "delta": 1.035232}}
{"target": 0.4107459305908203, "params": {"C": 20.0, "epsilon": 5.870499211184337, "gamma": 2.0, "lamda": 0.1}, "datetime": {"datetime": "2021-07-03 14:54:24", "elapsed": 288.506151, "delta": 1.022268}}
{"target": 0.3867572420823403, "params": {"C": 17.03891775352432, "epsilon": 2.6507871298265884, "gamma": 2.0, "lamda": 1.0}, "datetime": {"datetime": "2021-07-03 14:54:25", "elapsed": 289.451625, "delta": 0.945474}}
{"target": -1.4906834607252901, "params": {"C": 15.400491280327753, "epsilon": 10.0, "gamma": 1.0190360418201159, "lamda": 1.0}, "datetime": {"datetime": "2021-07-03 14:54:33", "elapsed": 297.345532, "delta": 7.893907}}
{"target": 0.4406963957215999, "params": {"C": 13.66185783395545, "epsilon": 8.459861187405059, "gamma": 1.5064786118256448, "lamda": 0.1}, "datetime": {"datetime": "2021-07-03 14:54:34", "elapsed": 298.272056, "delta": 0.926524}}
{"target": 0.38270500169225796, "params": {"C": 16.215707668263647, "epsilon": 4.0088491611833135, "gamma": 2.0, "lamda": 0.1}, "datetime": {"datetime": "2021-07-03 14:54:35", "elapsed": 299.62145, "delta": 1.349394}}
{"target": 0.3717641998717486, "params": {"C": 14.682375444389182, "epsilon": 4.818096591947839, "gamma": 2.0, "lamda": 0.1}, "datetime": {"datetime": "2021-07-03 14:54:36", "elapsed": 300.487138, "delta": 0.865688}}
{"target": 0.40706523221919577, "params": {"C": 19.249468938089873, "epsilon": 9.18579485225249, "gamma": 2.0, "lamda": 0.1}, "datetime": {"datetime": "2021-07-03 14:54:37", "elapsed": 301.37676, "delta": 0.889622}}
{"target": 0.38075549087717087, "params": {"C": 15.488929322832377, "epsilon": 8.025577377616168, "gamma": 2.0, "lamda": 0.1}, "datetime": {"datetime": "2021-07-03 14:54:38", "elapsed": 302.307274, "delta": 0.930514}}
{"target": 0.6806651585655366, "params": {"C": 20.0, "epsilon": 4.6034794626082105, "gamma": 0.7786471148063737, "lamda": 0.1}, "datetime": {"datetime": "2021-07-03 14:54:39", "elapsed": 303.236303, "delta": 0.929029}}
{"target": 0.5674210191457025, "params": {"C": 13.270571582069623, "epsilon": 2.361794400517169, "gamma": 0.9365798563876525, "lamda": 0.1}, "datetime": {"datetime": "2021-07-03 14:54:40", "elapsed": 304.29348, "delta": 1.057177}}
{"target": 0.4560837538367307, "params": {"C": 13.097519222202646, "epsilon": 5.144230572236063, "gamma": 1.3759086194087335, "lamda": 0.1}, "datetime": {"datetime": "2021-07-03 14:54:41", "elapsed": 305.140217, "delta": 0.846737}}
{"target": 0.3893692850076851, "params": {"C": 16.651424851313067, "epsilon": 8.099604308135238, "gamma": 2.0, "lamda": 0.1}, "datetime": {"datetime": "2021-07-03 14:54:41", "elapsed": 305.909161, "delta": 0.768944}}
{"target": 0.570799316121336, "params": {"C": 16.16927399092536, "epsilon": 5.827427347105312, "gamma": 1.0322855773990804, "lamda": 1.0}, "datetime": {"datetime": "2021-07-03 14:54:42", "elapsed": 306.717002, "delta": 0.807841}}
{"target": 0.8436852871447269, "params": {"C": 12.0, "epsilon": 10.0, "gamma": 0.14646624976272685, "lamda": 0.1}, "datetime": {"datetime": "2021-07-03 14:54:43", "elapsed": 307.724311, "delta": 1.007309}}
{"target": 0.4983869334279548, "params": {"C": 19.041744617531805, "epsilon": 1.9276091185070934, "gamma": 1.4300825773940324, "lamda": 0.1}, "datetime": {"datetime": "2021-07-03 14:54:44", "elapsed": 308.6269, "delta": 0.902589}}
{"target": 0.46961972745583946, "params": {"C": 13.003400678313097, "epsilon": 10.0, "gamma": 1.319980059760264, "lamda": 0.1}, "datetime": {"datetime": "2021-07-03 14:54:45", "elapsed": 309.687068, "delta": 1.060168}}
{"target": 0.4118648941838724, "params": {"C": 20.0, "epsilon": 10.0, "gamma": 2.0, "lamda": 0.1}, "datetime": {"datetime": "2021-07-03 14:54:46", "elapsed": 310.533804, "delta": 0.846736}}
{"target": 0.5827358152739324, "params": {"C": 12.0, "epsilon": 4.132938329790014, "gamma": 0.8417390371203815, "lamda": 0.1}, "datetime": {"datetime": "2021-07-03 14:54:47", "elapsed": 311.405474, "delta": 0.87167}}
{"target": 0.8561562082242784, "params": {"C": 12.906101715948715, "epsilon": 4.1839209163334345, "gamma": 0.05, "lamda": 0.1}, "datetime": {"datetime": "2021-07-03 14:54:48", "elapsed": 312.322026, "delta": 0.916552}}
{"target": 0.4083137106329636, "params": {"C": 20.0, "epsilon": 3.569869711205967, "gamma": 2.0, "lamda": 0.1}, "datetime": {"datetime": "2021-07-03 14:54:49", "elapsed": 313.387181, "delta": 1.065155}}
{"target": 0.4836337935110301, "params": {"C": 17.625869213964698, "epsilon": 9.206924470415856, "gamma": 1.4670085205698729, "lamda": 0.1}, "datetime": {"datetime": "2021-07-03 14:54:50", "elapsed": 314.751535, "delta": 1.364354}}
{"target": 0.5629613090686952, "params": {"C": 12.0, "epsilon": 9.092340060409397, "gamma": 0.9070726830340176, "lamda": 0.1}, "datetime": {"datetime": "2021-07-03 14:54:51", "elapsed": 315.726927, "delta": 0.975392}}
{"target": 0.35768634341467687, "params": {"C": 12.753446362753813, "epsilon": 8.707343981121616, "gamma": 2.0, "lamda": 1.0}, "datetime": {"datetime": "2021-07-03 14:54:52", "elapsed": 316.615554, "delta": 0.888627}}
{"target": -1.5832047327112773, "params": {"C": 12.0, "epsilon": 10.0, "gamma": 0.7683059389218746, "lamda": 1.0}, "datetime": {"datetime": "2021-07-03 14:55:02", "elapsed": 326.631789, "delta": 10.016235}}
{"target": 0.3956097753797223, "params": {"C": 13.29456097575894, "epsilon": 10.0, "gamma": 1.7641915824210184, "lamda": 1.0}, "datetime": {"datetime": "2021-07-03 14:55:03", "elapsed": 327.719882, "delta": 1.088093}}
{"target": 0.3840357830476464, "params": {"C": 16.815569177066074, "epsilon": 2.0299810744456996, "gamma": 2.0, "lamda": 0.1}, "datetime": {"datetime": "2021-07-03 14:55:04", "elapsed": 328.836898, "delta": 1.117016}}
{"target": 0.3480232001328456, "params": {"C": 12.0, "epsilon": 9.174166284143137, "gamma": 2.0, "lamda": 0.1}, "datetime": {"datetime": "2021-07-03 14:55:05", "elapsed": 329.776386, "delta": 0.939488}}
{"target": -5.248320255668922, "params": {"C": 19.64437880941611, "epsilon": 4.042130466653426, "gamma": 0.05, "lamda": 1.0}, "datetime": {"datetime": "2021-07-03 14:55:11", "elapsed": 335.359467, "delta": 5.583081}}
{"target": 0.5057024427479062, "params": {"C": 19.161867297803173, "epsilon": 4.444251973529986, "gamma": 1.413538087495727, "lamda": 1.0}, "datetime": {"datetime": "2021-07-03 14:55:12", "elapsed": 336.142378, "delta": 0.782911}}
{"target": 0.40936456161865487, "params": {"C": 20.0, "epsilon": 4.421166955019968, "gamma": 2.0, "lamda": 1.0}, "datetime": {"datetime": "2021-07-03 14:55:13", "elapsed": 337.123753, "delta": 0.981375}}
{"target": 0.3951387551048311, "params": {"C": 18.240257445001582, "epsilon": 2.6967901236513545, "gamma": 2.0, "lamda": 1.0}, "datetime": {"datetime": "2021-07-03 14:55:14", "elapsed": 338.195889, "delta": 1.072136}}
{"target": 0.3881291869373953, "params": {"C": 16.628687771935795, "epsilon": 6.2095904203167995, "gamma": 2.0, "lamda": 0.1}, "datetime": {"datetime": "2021-07-03 14:55:15", "elapsed": 339.227675, "delta": 1.031786}}
{"target": 0.6879469011663071, "params": {"C": 13.853252223930033, "epsilon": 1.0, "gamma": 0.621060249049315, "lamda": 0.1}, "datetime": {"datetime": "2021-07-03 14:55:16", "elapsed": 340.167164, "delta": 0.939489}}
{"target": 0.5540457942335199, "params": {"C": 19.97212558647587, "epsilon": 5.084176651795634, "gamma": 1.2287353017867104, "lamda": 0.9550282574964452}, "datetime": {"datetime": "2021-07-03 14:55:17", "elapsed": 341.219352, "delta": 1.052188}}
{"target": 0.5491798801332204, "params": {"C": 18.91948731256199, "epsilon": 3.047003935267586, "gamma": 1.2070650777035503, "lamda": 1.0}, "datetime": {"datetime": "2021-07-03 14:55:18", "elapsed": 342.03218, "delta": 0.812828}}
{"target": 0.4014820651851061, "params": {"C": 18.433686865736536, "epsilon": 8.097755315861018, "gamma": 2.0, "lamda": 1.0}, "datetime": {"datetime": "2021-07-03 14:55:19", "elapsed": 343.059436, "delta": 1.027256}}
{"target": -4.4859057858616955, "params": {"C": 12.458326628688697, "epsilon": 7.7898231769662925, "gamma": 0.05, "lamda": 0.1}, "datetime": {"datetime": "2021-07-03 14:55:27", "elapsed": 351.247079, "delta": 8.187643}}
{"target": 0.3421276274380952, "params": {"C": 12.0, "epsilon": 3.0939908315568867, "gamma": 2.0, "lamda": 0.1}, "datetime": {"datetime": "2021-07-03 14:55:28", "elapsed": 352.089819, "delta": 0.84274}}
{"target": 0.4666358476335616, "params": {"C": 12.864507772217406, "epsilon": 7.47138595610723, "gamma": 1.321790054718493, "lamda": 1.0}, "datetime": {"datetime": "2021-07-03 14:55:29", "elapsed": 353.057234, "delta": 0.967415}}
{"target": 0.3939848541783334, "params": {"C": 17.56007208122162, "epsilon": 5.326466443952554, "gamma": 2.0, "lamda": 0.1}, "datetime": {"datetime": "2021-07-03 14:55:30", "elapsed": 354.063546, "delta": 1.006312}}
{"target": 0.46806416388537386, "params": {"C": 13.687490352577909, "epsilon": 7.018089957460528, "gamma": 1.3560845448482548, "lamda": 0.1}, "datetime": {"datetime": "2021-07-03 14:55:30", "elapsed": 355.018991, "delta": 0.955445}}
{"target": 0.5360247959157899, "params": {"C": 19.036234688975476, "epsilon": 1.0, "gamma": 1.25680234245701, "lamda": 1.0}, "datetime": {"datetime": "2021-07-03 14:55:31", "elapsed": 355.882684, "delta": 0.863693}}
{"target": 0.3739743833967396, "params": {"C": 14.781087737397344, "epsilon": 6.21139242767032, "gamma": 2.0, "lamda": 0.1}, "datetime": {"datetime": "2021-07-03 14:55:32", "elapsed": 356.689528, "delta": 0.806844}}
{"target": 0.4059333629074394, "params": {"C": 19.82485295444206, "epsilon": 1.753887378195874, "gamma": 1.988696345841841, "lamda": 0.9407804899786621}, "datetime": {"datetime": "2021-07-03 14:55:33", "elapsed": 357.827489, "delta": 1.137961}}
{"target": 0.47724700010455934, "params": {"C": 15.29585739935803, "epsilon": 6.409594999685798, "gamma": 1.393211995579086, "lamda": 1.0}, "datetime": {"datetime": "2021-07-03 14:55:34", "elapsed": 358.971431, "delta": 1.143942}}
{"target": 0.5272465343565952, "params": {"C": 14.278904907749276, "epsilon": 6.010747239818138, "gamma": 1.1245150597742348, "lamda": 1.0}, "datetime": {"datetime": "2021-07-03 14:55:35", "elapsed": 359.881997, "delta": 0.910566}}
{"target": 0.5794708437486822, "params": {"C": 12.969886070296022, "epsilon": 1.6034899872864978, "gamma": 0.8864558600227315, "lamda": 0.1}, "datetime": {"datetime": "2021-07-03 14:55:36", "elapsed": 360.832458, "delta": 0.950461}}
{"target": 0.473482942498342, "params": {"C": 19.9904778347407, "epsilon": 8.925565588365568, "gamma": 1.6165948369878476, "lamda": 0.10282758907672813}, "datetime": {"datetime": "2021-07-03 14:55:37", "elapsed": 361.74502, "delta": 0.912562}}
{"target": 0.36016751559667304, "params": {"C": 12.992875091855579, "epsilon": 7.855269648684511, "gamma": 2.0, "lamda": 0.1}, "datetime": {"datetime": "2021-07-03 14:55:38", "elapsed": 362.716424, "delta": 0.971404}}
{"target": 0.34444995000994605, "params": {"C": 12.0, "epsilon": 5.116478475931399, "gamma": 2.0, "lamda": 1.0}, "datetime": {"datetime": "2021-07-03 14:55:39", "elapsed": 363.660902, "delta": 0.944478}}
{"target": 0.391725342596155, "params": {"C": 18.189775678730907, "epsilon": 1.0, "gamma": 2.0, "lamda": 0.1}, "datetime": {"datetime": "2021-07-03 14:55:40", "elapsed": 364.827782, "delta": 1.16688}}
{"target": 0.7105187342105437, "params": {"C": 12.954118868471117, "epsilon": 4.477218495654119, "gamma": 0.5415327518256873, "lamda": 1.0}, "datetime": {"datetime": "2021-07-03 14:55:41", "elapsed": 365.73037, "delta": 0.902588}}
{"target": 0.3843316869593011, "params": {"C": 15.932834219940942, "epsilon": 10.0, "gamma": 2.0, "lamda": 0.1}, "datetime": {"datetime": "2021-07-03 14:55:42", "elapsed": 366.589075, "delta": 0.858705}}
{"target": 0.8533807705264072, "params": {"C": 12.0, "epsilon": 9.224063467761612, "gamma": 0.05, "lamda": 0.1}, "datetime": {"datetime": "2021-07-03 14:55:43", "elapsed": 367.678166, "delta": 1.089091}}
{"target": 0.5248080979472374, "params": {"C": 14.658869508049825, "epsilon": 1.41904977986545, "gamma": 1.136727260504418, "lamda": 0.1}, "datetime": {"datetime": "2021-07-03 14:55:44", "elapsed": 368.691458, "delta": 1.013292}}
{"target": 0.40406641854586345, "params": {"C": 20.0, "epsilon": 1.0, "gamma": 2.0, "lamda": 0.1}, "datetime": {"datetime": "2021-07-03 14:55:45", "elapsed": 369.901226, "delta": 1.209768}}
{"target": 0.5563491602817625, "params": {"C": 16.445495129889714, "epsilon": 2.826754523935542, "gamma": 1.0873268182189426, "lamda": 0.1}, "datetime": {"datetime": "2021-07-03 14:55:46", "elapsed": 370.84271, "delta": 0.941484}}
{"target": 0.5578201782586516, "params": {"C": 17.840651568353724, "epsilon": 2.440741450362635, "gamma": 1.132252842221893, "lamda": 0.1}, "datetime": {"datetime": "2021-07-03 14:55:47", "elapsed": 371.805138, "delta": 0.962428}}
{"target": 0.5519043358554188, "params": {"C": 14.951078359665345, "epsilon": 3.8585421587568267, "gamma": 1.0527769939406524, "lamda": 0.1}, "datetime": {"datetime": "2021-07-03 14:55:48", "elapsed": 372.771556, "delta": 0.966418}}
{"target": 0.3576080453523457, "params": {"C": 13.707719606991201, "epsilon": 1.0, "gamma": 2.0, "lamda": 1.0}, "datetime": {"datetime": "2021-07-03 14:55:49", "elapsed": 373.85023, "delta": 1.078674}}
{"target": 0.5344841750980843, "params": {"C": 18.349712759843356, "epsilon": 3.8636827287158453, "gamma": 1.2512074481587863, "lamda": 1.0}, "datetime": {"datetime": "2021-07-03 14:55:51", "elapsed": 375.444972, "delta": 1.594742}}
{"target": 0.36080717253556716, "params": {"C": 13.175735675385287, "epsilon": 6.5174434736922855, "gamma": 2.0, "lamda": 1.0}, "datetime": {"datetime": "2021-07-03 14:55:52", "elapsed": 376.400415, "delta": 0.955443}}
{"target": 0.35693892972096297, "params": {"C": 13.02463299093389, "epsilon": 4.283536788743654, "gamma": 2.0, "lamda": 1.0}, "datetime": {"datetime": "2021-07-03 14:55:53", "elapsed": 377.399745, "delta": 0.99933}}
{"target": 0.8626422168544308, "params": {"C": 15.518520083784402, "epsilon": 3.1707565408154137, "gamma": 0.05, "lamda": 0.1}, "datetime": {"datetime": "2021-07-03 14:55:54", "elapsed": 378.842889, "delta": 1.443144}}
{"target": 0.4782502211217585, "params": {"C": 17.774805664993895, "epsilon": 7.445818208813924, "gamma": 1.5007652458015275, "lamda": 0.1}, "datetime": {"datetime": "2021-07-03 14:55:56", "elapsed": 380.050664, "delta": 1.207775}}
{"target": 0.40679510668563035, "params": {"C": 19.27072392994549, "epsilon": 7.296162511002439, "gamma": 2.0, "lamda": 0.1}, "datetime": {"datetime": "2021-07-03 14:55:57", "elapsed": 381.371134, "delta": 1.32047}}
{"target": 0.39527632951997627, "params": {"C": 15.13340341642934, "epsilon": 1.0474118644657606, "gamma": 1.8125003486617062, "lamda": 0.93693050142054}, "datetime": {"datetime": "2021-07-03 14:56:00", "elapsed": 384.138738, "delta": 2.767604}}
{"target": 0.3829480876488306, "params": {"C": 15.762101396556066, "epsilon": 8.50215892723659, "gamma": 2.0, "lamda": 1.0}, "datetime": {"datetime": "2021-07-03 14:56:01", "elapsed": 385.349504, "delta": 1.210766}}
{"target": 0.39469034921254575, "params": {"C": 17.75186323778922, "epsilon": 4.769873000476317, "gamma": 2.0, "lamda": 1.0}, "datetime": {"datetime": "2021-07-03 14:56:02", "elapsed": 386.280017, "delta": 0.930513}}
{"target": -5.492931928996033, "params": {"C": 20.0, "epsilon": 1.0, "gamma": 0.05, "lamda": 1.0}, "datetime": {"datetime": "2021-07-03 14:56:08", "elapsed": 392.556246, "delta": 6.276229}}
{"target": 0.6295931330589728, "params": {"C": 19.44178782018739, "epsilon": 1.627063096524393, "gamma": 0.9206322710030114, "lamda": 0.6806235068841461}, "datetime": {"datetime": "2021-07-03 14:56:09", "elapsed": 393.821864, "delta": 1.265618}}
{"target": 0.8486117172761902, "params": {"C": 19.120777342094186, "epsilon": 1.0203027363602715, "gamma": 0.25406545922454277, "lamda": 0.14165679926869726}, "datetime": {"datetime": "2021-07-03 14:56:11", "elapsed": 395.351824, "delta": 1.52996}}
{"target": 0.7525720068118611, "params": {"C": 18.908950804026418, "epsilon": 1.0, "gamma": 0.5619630448954529, "lamda": 0.7326598793972209}, "datetime": {"datetime": "2021-07-03 14:56:12", "elapsed": 396.493773, "delta": 1.141949}}
{"target": 0.4746372531546025, "params": {"C": 17.034589610303428, "epsilon": 5.623034967734038, "gamma": 1.4821607548387887, "lamda": 1.0}, "datetime": {"datetime": "2021-07-03 14:56:13", "elapsed": 397.855134, "delta": 1.361361}}
{"target": 0.3461204283593785, "params": {"C": 12.0, "epsilon": 6.8131910727356235, "gamma": 2.0, "lamda": 0.1}, "datetime": {"datetime": "2021-07-03 14:56:15", "elapsed": 399.169621, "delta": 1.314487}}
{"target": 0.3981282008775805, "params": {"C": 17.891904475245266, "epsilon": 8.943028816828237, "gamma": 2.0, "lamda": 1.0}, "datetime": {"datetime": "2021-07-03 14:56:16", "elapsed": 400.617752, "delta": 1.448131}}
{"target": 0.4902837941581759, "params": {"C": 13.906883654326636, "epsilon": 7.657096650221969, "gamma": 1.2651128037068218, "lamda": 1.0}, "datetime": {"datetime": "2021-07-03 14:56:17", "elapsed": 402.016017, "delta": 1.398265}}
{"target": 0.5861364341298083, "params": {"C": 19.102394649205905, "epsilon": 5.453290308774592, "gamma": 1.0728407206270172, "lamda": 0.7762887084696349}, "datetime": {"datetime": "2021-07-03 14:56:19", "elapsed": 403.393336, "delta": 1.377319}}
{"target": 0.5562610902753766, "params": {"C": 18.149523768995845, "epsilon": 4.604692216966251, "gamma": 1.1548112840788973, "lamda": 0.1}, "datetime": {"datetime": "2021-07-03 14:56:21", "elapsed": 405.227947, "delta": 1.834611}}
{"target": 0.3852322506652347, "params": {"C": 17.25170588043431, "epsilon": 1.0, "gamma": 2.0, "lamda": 1.0}, "datetime": {"datetime": "2021-07-03 14:56:22", "elapsed": 406.64117, "delta": 1.413223}}
