{"target": 0.6500190147426271, "params": {"C": 9.191948502449197, "epsilon": 3.5215757366401084, "gamma": 0.5418843122678085, "lamda": 0.27227132405797483}, "datetime": {"datetime": "2021-07-03 13:42:50", "elapsed": 1256.127889, "delta": 2.051978}}
{"target": 0.7617926709669638, "params": {"C": 11.195198753946604, "epsilon": 3.689532846671464, "gamma": 0.3572468589997703, "lamda": 0.8296935119861178}, "datetime": {"datetime": "2021-07-03 13:42:52", "elapsed": 1257.592936, "delta": 1.465047}}
{"target": 0.39189383196190697, "params": {"C": 13.56495954171656, "epsilon": 6.687503019208957, "gamma": 1.7933197283516606, "lamda": 0.8537339304144661}, "datetime": {"datetime": "2021-07-03 13:42:53", "elapsed": 1259.085926, "delta": 1.49299}}
{"target": 0.3717211540926645, "params": {"C": 10.595548916062288, "epsilon": 8.168808435218233, "gamma": 1.6940077176208939, "lamda": 0.7549962591696858}, "datetime": {"datetime": "2021-07-03 13:42:55", "elapsed": 1260.92813, "delta": 1.842204}}
{"target": 0.8166535926788717, "params": {"C": 9.526627051378561, "epsilon": 3.3778366055990037, "gamma": 0.1622021812564807, "lamda": 0.6475125295768253}, "datetime": {"datetime": "2021-07-03 13:42:56", "elapsed": 1262.341882, "delta": 1.413752}}
{"target": 0.46602098604049125, "params": {"C": 11.586830004209379, "epsilon": 9.255207466144958, "gamma": 1.2577132563791709, "lamda": 0.19158905181924218}, "datetime": {"datetime": "2021-07-03 13:42:58", "elapsed": 1263.90491, "delta": 1.563028}}
{"target": 0.38841216190332406, "params": {"C": 10.860444854762976, "epsilon": 8.889449494893158, "gamma": 1.6230450288452836, "lamda": 0.726421043038024}, "datetime": {"datetime": "2021-07-03 13:42:59", "elapsed": 1265.409911, "delta": 1.505001}}
{"target": 0.630969584307516, "params": {"C": 10.85900343924282, "epsilon": 8.240833002192069, "gamma": 0.6689272744213354, "lamda": 0.4373300099317128}, "datetime": {"datetime": "2021-07-03 13:43:01", "elapsed": 1266.941969, "delta": 1.532058}}
{"target": 0.617847341734343, "params": {"C": 13.07585821270643, "epsilon": 0.5629758245379292, "gamma": 0.7795284207171262, "lamda": 0.5639738221607564}, "datetime": {"datetime": "2021-07-03 13:43:03", "elapsed": 1268.548904, "delta": 1.606935}}
{"target": 0.7694614734084354, "params": {"C": 11.638094265891649, "epsilon": 3.0249984712876, "gamma": 0.3519005410880397, "lamda": 0.39754163368124795}, "datetime": {"datetime": "2021-07-03 13:43:04", "elapsed": 1270.02294, "delta": 1.474036}}
{"target": 0.8190672096498735, "params": {"C": 13.255805922884976, "epsilon": 5.722857668580598, "gamma": 0.24534814315771933, "lamda": 0.4155976439482939}, "datetime": {"datetime": "2021-07-03 13:43:06", "elapsed": 1271.594228, "delta": 1.571288}}
{"target": 0.6257992820215647, "params": {"C": 12.372457733737159, "epsilon": 8.530758635798046, "gamma": 0.7375751393864667, "lamda": 0.1466923569547527}, "datetime": {"datetime": "2021-07-03 13:43:08", "elapsed": 1273.517965, "delta": 1.923737}}
{"target": 0.5628384847865908, "params": {"C": 9.049175742924708, "epsilon": 6.386896253865853, "gamma": 0.7676965818238831, "lamda": 0.5307910699590791}, "datetime": {"datetime": "2021-07-03 13:43:10", "elapsed": 1275.791934, "delta": 2.273969}}
{"target": -2.968597406109865, "params": {"C": 14.813968833971746, "epsilon": 9.694704744061626, "gamma": 0.24137245447401315, "lamda": 0.4093366820473471}, "datetime": {"datetime": "2021-07-03 13:43:23", "elapsed": 1288.59494, "delta": 12.803006}}
{"target": 0.7922532440160294, "params": {"C": 14.215402320463886, "epsilon": 4.004923087032651, "gamma": 0.3591454122033678, "lamda": 0.6061341498706103}, "datetime": {"datetime": "2021-07-03 13:43:24", "elapsed": 1290.197984, "delta": 1.603044}}
{"target": 0.6786850775350685, "params": {"C": 9.514271488856759, "epsilon": 2.017945797492789, "gamma": 0.4882770656999068, "lamda": 0.32992717604942634}, "datetime": {"datetime": "2021-07-03 13:43:26", "elapsed": 1291.715989, "delta": 1.518005}}
{"target": 0.677285111481952, "params": {"C": 11.185744172066185, "epsilon": 1.0973593804022133, "gamma": 0.5630058230249355, "lamda": 0.6433140182760323}, "datetime": {"datetime": "2021-07-03 13:43:27", "elapsed": 1293.344008, "delta": 1.628019}}
{"target": 0.7877289243572492, "params": {"C": 9.330298284097449, "epsilon": 9.401476908516454, "gamma": 0.22209538843177956, "lamda": 0.42581319965935815}, "datetime": {"datetime": "2021-07-03 13:43:30", "elapsed": 1295.618983, "delta": 2.274975}}
{"target": 0.7446238423110951, "params": {"C": 14.743964273682572, "epsilon": 6.000374731516867, "gamma": 0.5050150467707397, "lamda": 0.8536682019831558}, "datetime": {"datetime": "2021-07-03 13:43:31", "elapsed": 1297.429983, "delta": 1.811}}
{"target": 0.5036108882050276, "params": {"C": 10.174254935564285, "epsilon": 6.391002525086895, "gamma": 1.026191302631805, "lamda": 0.5144235568451646}, "datetime": {"datetime": "2021-07-03 13:43:34", "elapsed": 1299.546957, "delta": 2.116974}}
{"target": 0.5251424670188805, "params": {"C": 12.196265750929394, "epsilon": 9.122431231082585, "gamma": 1.0472909972181288, "lamda": 0.3318642741906453}, "datetime": {"datetime": "2021-07-03 13:43:35", "elapsed": 1301.123984, "delta": 1.577027}}
{"target": 0.8635760208571012, "params": {"C": 14.609780530411427, "epsilon": 4.9741856985594195, "gamma": 0.12350620716253936, "lamda": 0.38389722846947116}, "datetime": {"datetime": "2021-07-03 13:43:37", "elapsed": 1302.746982, "delta": 1.622998}}
{"target": 0.553168114021659, "params": {"C": 12.256777824849244, "epsilon": 5.496647912654616, "gamma": 0.9481001733743173, "lamda": 0.7733384476323547}, "datetime": {"datetime": "2021-07-03 13:43:38", "elapsed": 1304.276996, "delta": 1.530014}}
{"target": 0.4088504565048372, "params": {"C": 14.472514885787103, "epsilon": 1.4357288702506588, "gamma": 1.694796789851227, "lamda": 0.6171208554829256}, "datetime": {"datetime": "2021-07-03 13:43:40", "elapsed": 1306.467009, "delta": 2.190013}}
{"target": 0.3910255518544904, "params": {"C": 14.604806460927396, "epsilon": 0.02820987827190743, "gamma": 1.8007050474713848, "lamda": 0.42743504782329367}, "datetime": {"datetime": "2021-07-03 13:43:44", "elapsed": 1310.337005, "delta": 3.869996}}
{"target": 0.40870147291857306, "params": {"C": 11.688025663400108, "epsilon": 7.907579790978344, "gamma": 1.5658265469908204, "lamda": 0.4238206411574015}, "datetime": {"datetime": "2021-07-03 13:43:47", "elapsed": 1313.356009, "delta": 3.019004}}
{"target": 0.6167272750668228, "params": {"C": 12.208521814410009, "epsilon": 5.603221518084747, "gamma": 0.7545403476539794, "lamda": 0.35143797014947}, "datetime": {"datetime": "2021-07-03 13:43:49", "elapsed": 1315.092004, "delta": 1.735995}}
{"target": 0.5245692245795449, "params": {"C": 13.075887698042655, "epsilon": 3.76713673435873, "gamma": 1.0763249187116635, "lamda": 0.7347623486986153}, "datetime": {"datetime": "2021-07-03 13:43:51", "elapsed": 1316.710015, "delta": 1.618011}}
{"target": 0.6392241185141189, "params": {"C": 9.283291183182765, "epsilon": 9.620858205455347, "gamma": 0.5737214569830742, "lamda": 0.1981661478770917}, "datetime": {"datetime": "2021-07-03 13:43:52", "elapsed": 1318.363026, "delta": 1.653011}}
{"target": 0.7927736079241336, "params": {"C": 14.049737251000034, "epsilon": 6.761464907115051, "gamma": 0.351899601218601, "lamda": 0.4546076167022717}, "datetime": {"datetime": "2021-07-03 13:43:54", "elapsed": 1319.875036, "delta": 1.51201}}
{"target": 0.7262428251601205, "params": {"C": 10.799082026490009, "epsilon": 0.8681972997507723, "gamma": 0.43119654009259606, "lamda": 0.10103153958841082}, "datetime": {"datetime": "2021-07-03 13:43:57", "elapsed": 1322.757034, "delta": 2.881998}}
{"target": 0.4239238579293201, "params": {"C": 10.658193607896695, "epsilon": 2.829625033660073, "gamma": 1.3759594345046406, "lamda": 0.7212370612368653}, "datetime": {"datetime": "2021-07-03 13:43:58", "elapsed": 1324.374032, "delta": 1.616998}}
{"target": 0.7124107519451237, "params": {"C": 13.171794181041571, "epsilon": 0.31131114087375583, "gamma": 0.5416084004072879, "lamda": 0.6236553711189226}, "datetime": {"datetime": "2021-07-03 13:44:00", "elapsed": 1326.058014, "delta": 1.683982}}
{"target": 0.5609670673128352, "params": {"C": 11.486692029812264, "epsilon": 5.558893352251528, "gamma": 0.8884575782030634, "lamda": 0.43545737906855675}, "datetime": {"datetime": "2021-07-03 13:44:02", "elapsed": 1327.638042, "delta": 1.580028}}
{"target": -6.549659553797974, "params": {"C": 15.336176037620593, "epsilon": 7.482920440979423, "gamma": 0.05022303089382253, "lamda": 0.3720993153686558}, "datetime": {"datetime": "2021-07-03 14:49:35", "elapsed": 0.0, "delta": 0.0}}
{"target": 0.7643732275987989, "params": {"C": 13.174047126536905, "epsilon": 1.8310473529191802, "gamma": 0.41320741218645823, "lamda": 0.411004654338743}, "datetime": {"datetime": "2021-07-03 14:49:36", "elapsed": 0.270276, "delta": 0.270276}}
{"target": 0.6117493327900752, "params": {"C": 15.17413979384536, "epsilon": 5.849350606030212, "gamma": 0.8674293030864249, "lamda": 0.7166975503570835}, "datetime": {"datetime": "2021-07-03 14:49:36", "elapsed": 0.497669, "delta": 0.227393}}
{"target": 0.431325829897392, "params": {"C": 12.06175884787297, "epsilon": 2.456748407914266, "gamma": 1.4332696166314969, "lamda": 0.7882631730924409}, "datetime": {"datetime": "2021-07-03 14:49:36", "elapsed": 0.886634, "delta": 0.388965}}
{"target": 0.6407068485137297, "params": {"C": 12.849384748116657, "epsilon": 2.013695675802106, "gamma": 0.7109493210731824, "lamda": 0.5211126718402435}, "datetime": {"datetime": "2021-07-03 14:49:37", "elapsed": 1.424192, "delta": 0.537558}}
{"target": 0.48837374885283913, "params": {"C": 14.633627540288332, "epsilon": 3.9749441082763908, "gamma": 1.2979361176980289, "lamda": 0.873339812589671}, "datetime": {"datetime": "2021-07-03 14:49:37", "elapsed": 1.961755, "delta": 0.537563}}
{"target": 0.3869669727089178, "params": {"C": 16.65198102859397, "epsilon": 4.832756555313014, "gamma": 2.0, "lamda": 1.0}, "datetime": {"datetime": "2021-07-03 14:49:38", "elapsed": 2.440477, "delta": 0.478722}}
{"target": 0.3586554424342956, "params": {"C": 13.05469570365704, "epsilon": 5.448568110280123, "gamma": 2.0, "lamda": 1.0}, "datetime": {"datetime": "2021-07-03 14:49:38", "elapsed": 2.974052, "delta": 0.533575}}
{"target": 0.365937487187301, "params": {"C": 14.727185798339997, "epsilon": 1.0, "gamma": 2.0, "lamda": 0.1}, "datetime": {"datetime": "2021-07-03 14:49:39", "elapsed": 3.540537, "delta": 0.566485}}
{"target": 0.8636219974322945, "params": {"C": 15.96656270747756, "epsilon": 2.3738513286362664, "gamma": 0.05, "lamda": 0.1}, "datetime": {"datetime": "2021-07-03 14:49:40", "elapsed": 4.263604, "delta": 0.723067}}
{"target": 0.45462395565563063, "params": {"C": 17.343095745724455, "epsilon": 1.85100422388247, "gamma": 1.5784354578017517, "lamda": 1.0}, "datetime": {"datetime": "2021-07-03 14:49:40", "elapsed": 4.967724, "delta": 0.70412}}
{"target": -5.2202864810502305, "params": {"C": 16.952774837921098, "epsilon": 3.9455969269234163, "gamma": 0.0554137439248241, "lamda": 0.9201539629176918}, "datetime": {"datetime": "2021-07-03 14:49:50", "elapsed": 14.581035, "delta": 9.613311}}
{"target": 0.6173723452802715, "params": {"C": 14.666254315665018, "epsilon": 2.314870118358626, "gamma": 0.8321550242131234, "lamda": 0.1}, "datetime": {"datetime": "2021-07-03 14:49:51", "elapsed": 15.169463, "delta": 0.588428}}
{"target": -2.6843939806853054, "params": {"C": 15.487074608201763, "epsilon": 1.045079177143112, "gamma": 0.1267001749995541, "lamda": 0.7810510141862}, "datetime": {"datetime": "2021-07-03 14:49:59", "elapsed": 23.168648, "delta": 7.999185}}
{"target": 0.3743916008526811, "params": {"C": 14.959955557236414, "epsilon": 5.2503771330897, "gamma": 2.0, "lamda": 0.9512900865402032}, "datetime": {"datetime": "2021-07-03 14:49:59", "elapsed": 23.840849, "delta": 0.672201}}
{"target": 0.3621102306761028, "params": {"C": 13.702849370753304, "epsilon": 2.625895287664695, "gamma": 1.9857164815945993, "lamda": 0.3991258105133033}, "datetime": {"datetime": "2021-07-03 14:50:00", "elapsed": 24.37642, "delta": 0.535571}}
{"target": 0.7868510245375478, "params": {"C": 13.473952241390988, "epsilon": 3.43687190148941, "gamma": 0.3572767795500083, "lamda": 0.1}, "datetime": {"datetime": "2021-07-03 14:50:00", "elapsed": 25.022691, "delta": 0.646271}}
{"target": 0.630660645018235, "params": {"C": 13.850280149429183, "epsilon": 5.045544383586277, "gamma": 0.772844656825454, "lamda": 0.1}, "datetime": {"datetime": "2021-07-03 14:50:01", "elapsed": 25.583198, "delta": 0.560507}}
{"target": 0.3782573868203081, "params": {"C": 15.915232013139306, "epsilon": 2.586798919517337, "gamma": 2.0, "lamda": 0.1}, "datetime": {"datetime": "2021-07-03 14:50:02", "elapsed": 26.144694, "delta": 0.561496}}
{"target": 0.7376334030120291, "params": {"C": 12.126259824510445, "epsilon": 4.31787194565272, "gamma": 0.4497446546083294, "lamda": 1.0}, "datetime": {"datetime": "2021-07-03 14:50:02", "elapsed": 26.671285, "delta": 0.526591}}
{"target": 0.37735834105945687, "params": {"C": 12.315761305578809, "epsilon": 4.202967411614006, "gamma": 1.7918277733623347, "lamda": 0.15908448618973856}, "datetime": {"datetime": "2021-07-03 14:50:03", "elapsed": 27.210845, "delta": 0.53956}}
{"target": 0.404749894068119, "params": {"C": 19.34712379426058, "epsilon": 1.2672290990760007, "gamma": 1.9676518283151574, "lamda": 0.29612878881298416}, "datetime": {"datetime": "2021-07-03 14:50:03", "elapsed": 27.690562, "delta": 0.479717}}
{"target": -6.038646952036649, "params": {"C": 12.00701568938895, "epsilon": 5.8553967569279575, "gamma": 0.07463047138037043, "lamda": 0.5398585269908827}, "datetime": {"datetime": "2021-07-03 14:50:12", "elapsed": 36.89098, "delta": 9.200418}}
{"target": 0.49780096294227727, "params": {"C": 13.090397314257581, "epsilon": 3.7617777434155615, "gamma": 1.1834183569499723, "lamda": 1.0}, "datetime": {"datetime": "2021-07-03 14:50:13", "elapsed": 37.393634, "delta": 0.502654}}
{"target": 0.34786009894098147, "params": {"C": 12.695534697829522, "epsilon": 1.0, "gamma": 2.0, "lamda": 0.1}, "datetime": {"datetime": "2021-07-03 14:50:14", "elapsed": 38.0429, "delta": 0.649266}}
{"target": -4.704043547349333, "params": {"C": 12.0, "epsilon": 3.0416390161912696, "gamma": 0.05, "lamda": 1.0}, "datetime": {"datetime": "2021-07-03 14:50:21", "elapsed": 45.033221, "delta": 6.990321}}
{"target": 0.5818533359962104, "params": {"C": 15.18908222258738, "epsilon": 5.845460533418252, "gamma": 0.9632776646542754, "lamda": 0.6492519524448077}, "datetime": {"datetime": "2021-07-03 14:50:21", "elapsed": 45.332422, "delta": 0.299201}}
{"target": 0.38407453547033377, "params": {"C": 13.74494486614153, "epsilon": 4.294225427340667, "gamma": 1.8416695420886322, "lamda": 0.21954515345071693}, "datetime": {"datetime": "2021-07-03 14:50:22", "elapsed": 46.220049, "delta": 0.887627}}
{"target": 0.860876365567871, "params": {"C": 14.744498396731833, "epsilon": 3.4491147047181157, "gamma": 0.05, "lamda": 0.1}, "datetime": {"datetime": "2021-07-03 14:50:22", "elapsed": 46.960583, "delta": 0.740534}}
{"target": -5.8871386449153045, "params": {"C": 14.72347099417933, "epsilon": 4.729355879551756, "gamma": 0.05418301795208753, "lamda": 0.7671726853419767}, "datetime": {"datetime": "2021-07-03 14:50:30", "elapsed": 54.375769, "delta": 7.415186}}
{"target": 0.5347533485401454, "params": {"C": 14.217738730916874, "epsilon": 3.29258197976304, "gamma": 1.0867802177747772, "lamda": 0.1}, "datetime": {"datetime": "2021-07-03 14:50:31", "elapsed": 55.312817, "delta": 0.937048}}
{"target": 0.46620736358558257, "params": {"C": 13.634360861727735, "epsilon": 1.6019147394384574, "gamma": 1.3394119401658613, "lamda": 0.1}, "datetime": {"datetime": "2021-07-03 14:50:32", "elapsed": 56.219395, "delta": 0.906578}}
{"target": -4.564302304701558, "params": {"C": 14.238465397015219, "epsilon": 2.719158204773822, "gamma": 0.07593489984213098, "lamda": 0.6733892069680489}, "datetime": {"datetime": "2021-07-03 14:50:40", "elapsed": 64.888798, "delta": 8.669403}}
{"target": 0.5659280962147135, "params": {"C": 13.302276455593617, "epsilon": 4.137090033065747, "gamma": 0.9452505812938546, "lamda": 0.10289079989544113}, "datetime": {"datetime": "2021-07-03 14:50:41", "elapsed": 65.518139, "delta": 0.629341}}
{"target": 0.6259520341834095, "params": {"C": 15.397160963137418, "epsilon": 3.013779416415093, "gamma": 0.8305490627987262, "lamda": 0.1}, "datetime": {"datetime": "2021-07-03 14:50:42", "elapsed": 66.131501, "delta": 0.613362}}
{"target": 0.4586763579829458, "params": {"C": 14.877315725650554, "epsilon": 5.5624861244329304, "gamma": 1.4634307142370355, "lamda": 0.5688376280133877}, "datetime": {"datetime": "2021-07-03 14:50:42", "elapsed": 66.466605, "delta": 0.335104}}
{"target": 0.38865148332659016, "params": {"C": 14.805405154031776, "epsilon": 2.285081504440279, "gamma": 1.8534622926077695, "lamda": 0.1}, "datetime": {"datetime": "2021-07-03 14:50:43", "elapsed": 67.214606, "delta": 0.748001}}
{"target": 0.37359355430263363, "params": {"C": 15.096089981860095, "epsilon": 3.776715762209342, "gamma": 2.0, "lamda": 0.1}, "datetime": {"datetime": "2021-07-03 14:50:44", "elapsed": 68.295232, "delta": 1.080626}}
{"target": 0.6495197340754313, "params": {"C": 12.645964331714804, "epsilon": 1.0, "gamma": 0.681221606461112, "lamda": 0.1}, "datetime": {"datetime": "2021-07-03 14:50:45", "elapsed": 69.213778, "delta": 0.918546}}
{"target": 0.43998440495218094, "params": {"C": 12.810268797434407, "epsilon": 3.144866027221316, "gamma": 1.4349051737305498, "lamda": 0.10137183357719776}, "datetime": {"datetime": "2021-07-03 14:50:45", "elapsed": 69.918894, "delta": 0.705116}}
{"target": 0.39530188165514335, "params": {"C": 12.917105596111977, "epsilon": 1.535641485294779, "gamma": 1.6907226345699633, "lamda": 0.9202629852068801}, "datetime": {"datetime": "2021-07-03 14:50:46", "elapsed": 70.579129, "delta": 0.660235}}
{"target": 0.3889148944175358, "params": {"C": 13.797736949702202, "epsilon": 5.7379989197736805, "gamma": 1.822082172574557, "lamda": 0.1}, "datetime": {"datetime": "2021-07-03 14:50:47", "elapsed": 71.29821, "delta": 0.719081}}
{"target": 0.39409762341917476, "params": {"C": 18.224759337278332, "epsilon": 2.136246522728498, "gamma": 2.0, "lamda": 0.1}, "datetime": {"datetime": "2021-07-03 14:50:49", "elapsed": 73.701786, "delta": 2.403576}}
{"target": 0.550487856461281, "params": {"C": 18.153735806111587, "epsilon": 1.0, "gamma": 1.1657555135391366, "lamda": 0.2621988561485451}, "datetime": {"datetime": "2021-07-03 14:50:50", "elapsed": 74.693137, "delta": 0.991351}}
{"target": 0.3835741389210775, "params": {"C": 16.997628866071683, "epsilon": 1.092668431384153, "gamma": 2.0, "lamda": 0.1}, "datetime": {"datetime": "2021-07-03 14:50:51", "elapsed": 75.483026, "delta": 0.789889}}
{"target": 0.6197771672740868, "params": {"C": 16.8670291373981, "epsilon": 1.961301668430513, "gamma": 0.8896332856951334, "lamda": 0.1}, "datetime": {"datetime": "2021-07-03 14:50:52", "elapsed": 76.068462, "delta": 0.585436}}
{"target": 0.7050269174915316, "params": {"C": 19.031292269832175, "epsilon": 1.9806805515485013, "gamma": 0.692482696699189, "lamda": 0.1}, "datetime": {"datetime": "2021-07-03 14:50:52", "elapsed": 76.857356, "delta": 0.788894}}
{"target": 0.7892189395042457, "params": {"C": 19.435488862349153, "epsilon": 1.0425706573026203, "gamma": 0.4660150008771173, "lamda": 0.8263753452944876}, "datetime": {"datetime": "2021-07-03 14:50:53", "elapsed": 77.575435, "delta": 0.718079}}
{"target": 0.579038410472792, "params": {"C": 19.91572064560802, "epsilon": 2.100049768616198, "gamma": 1.116352107582087, "lamda": 1.0}, "datetime": {"datetime": "2021-07-03 14:50:54", "elapsed": 78.532877, "delta": 0.957442}}
{"target": -2.833227497981285, "params": {"C": 18.110905973827514, "epsilon": 1.7482179990634952, "gamma": 0.12509217523045646, "lamda": 0.890519703500523}, "datetime": {"datetime": "2021-07-03 14:51:06", "elapsed": 90.746241, "delta": 12.213364}}
{"target": 0.645790794670654, "params": {"C": 19.84206512594678, "epsilon": 1.1910404028476937, "gamma": 0.878074218599572, "lamda": 0.13569516561104952}, "datetime": {"datetime": "2021-07-03 14:51:07", "elapsed": 91.310732, "delta": 0.564491}}
{"target": 0.45870398971575277, "params": {"C": 19.59258583993506, "epsilon": 2.7873155069056548, "gamma": 1.663620127540748, "lamda": 0.1}, "datetime": {"datetime": "2021-07-03 14:51:07", "elapsed": 91.831342, "delta": 0.52061}}
{"target": -4.137248347057627, "params": {"C": 20.0, "epsilon": 2.3992650966866567, "gamma": 0.09300345143466641, "lamda": 0.1}, "datetime": {"datetime": "2021-07-03 14:51:12", "elapsed": 96.892331, "delta": 5.060989}}
{"target": 0.46187082900209486, "params": {"C": 18.942178195861494, "epsilon": 1.9939530425164222, "gamma": 1.611165859785949, "lamda": 1.0}, "datetime": {"datetime": "2021-07-03 14:51:13", "elapsed": 97.677234, "delta": 0.784903}}
{"target": 0.38476363275016134, "params": {"C": 16.18445337788091, "epsilon": 6.0997186130001015, "gamma": 2.0, "lamda": 1.0}, "datetime": {"datetime": "2021-07-03 14:51:14", "elapsed": 98.747373, "delta": 1.070139}}
{"target": 0.3426872089889841, "params": {"C": 12.0, "epsilon": 3.5537806804637477, "gamma": 2.0, "lamda": 1.0}, "datetime": {"datetime": "2021-07-03 14:51:15", "elapsed": 99.439525, "delta": 0.692152}}
{"target": 0.3773632020863231, "params": {"C": 16.030200438849562, "epsilon": 1.616815732613436, "gamma": 2.0, "lamda": 1.0}, "datetime": {"datetime": "2021-07-03 14:51:15", "elapsed": 100.017489, "delta": 0.577964}}
{"target": 0.340701681995232, "params": {"C": 12.0, "epsilon": 1.9852392423092262, "gamma": 2.0, "lamda": 0.1}, "datetime": {"datetime": "2021-07-03 14:51:16", "elapsed": 100.580983, "delta": 0.563494}}
