{"target": 0.8799967703305579, "params": {"C": 57.37824639112627, "epsilon": 7.443188190472597, "gamma": 0.1501611720096574, "lamda": 0.04407522052285697}, "datetime": {"datetime": "2021-09-19 14:10:59", "elapsed": 857.30706, "delta": 0.764324}}
{"target": -1.9392979665371173, "params": {"C": 72.24282767802335, "epsilon": 6.954105890658357, "gamma": 0.18950589193895584, "lamda": 0.06085095866843603}, "datetime": {"datetime": "2021-09-19 14:11:08", "elapsed": 866.171444, "delta": 8.864384}}
{"target": -1.9608593426562626, "params": {"C": 73.14328859898717, "epsilon": 7.68008113890428, "gamma": 0.19229283896911836, "lamda": 0.051790707401771996}, "datetime": {"datetime": "2021-09-19 14:11:22", "elapsed": 880.615961, "delta": 14.444517}}
{"target": -3.3331059982968974, "params": {"C": 56.49674591077815, "epsilon": 3.2952332618200315, "gamma": 0.12527269820542686, "lamda": 1.3930134620808654}, "datetime": {"datetime": "2021-09-19 14:11:37", "elapsed": 895.604906, "delta": 14.988945}}
{"target": 0.8714025176876365, "params": {"C": 61.36946088070525, "epsilon": 5.664029131889207, "gamma": 0.1974580899038894, "lamda": 0.043888935724901906}, "datetime": {"datetime": "2021-09-19 14:11:38", "elapsed": 896.397089, "delta": 0.792183}}
{"target": -2.6408366828807606, "params": {"C": 62.33418005854975, "epsilon": 3.353494639370683, "gamma": 0.1427571494124005, "lamda": 0.12237684154524966}, "datetime": {"datetime": "2021-09-19 14:11:50", "elapsed": 908.210339, "delta": 11.81325}}
{"target": -4.716662060786669, "params": {"C": 55.26776268936874, "epsilon": 3.57878499722998, "gamma": 0.0941770951205308, "lamda": 1.164765075457765}, "datetime": {"datetime": "2021-09-19 14:12:04", "elapsed": 922.403491, "delta": 14.193152}}
{"target": -2.7257354851593574, "params": {"C": 53.33847776287327, "epsilon": 5.8630756777867, "gamma": 0.0964515718343176, "lamda": 0.8243750971039322}, "datetime": {"datetime": "2021-09-19 14:12:13", "elapsed": 931.400086, "delta": 8.996595}}
{"target": 0.8705857387466065, "params": {"C": 74.66431405302602, "epsilon": 7.7145286225268155, "gamma": 0.19280050730332537, "lamda": 0.0001}, "datetime": {"datetime": "2021-09-19 14:12:14", "elapsed": 932.517211, "delta": 1.117125}}
{"target": -3.1779685538932894, "params": {"C": 65.90280591106722, "epsilon": 4.10399245313751, "gamma": 0.10569942024953227, "lamda": 0.47373514060525124}, "datetime": {"datetime": "2021-09-19 14:12:24", "elapsed": 941.881589, "delta": 9.364378}}
{"target": -4.703569216434676, "params": {"C": 40.41398500985517, "epsilon": 5.084598773720853, "gamma": 0.07498043730186718, "lamda": 0.04506238453475065}, "datetime": {"datetime": "2021-09-19 14:12:37", "elapsed": 955.354167, "delta": 13.472578}}
{"target": -4.808634719882791, "params": {"C": 79.21280952358315, "epsilon": 3.6207859097734585, "gamma": 0.08527365642621723, "lamda": 0.9869239252465262}, "datetime": {"datetime": "2021-09-19 14:12:52", "elapsed": 969.775186, "delta": 14.421019}}
{"target": -2.4168804470281664, "params": {"C": 48.391542593436306, "epsilon": 2.9912240679383912, "gamma": 0.14766810091097327, "lamda": 0.5449039491641734}, "datetime": {"datetime": "2021-09-19 14:13:05", "elapsed": 982.931237, "delta": 13.156051}}
{"target": -4.01743179534144, "params": {"C": 74.66956305543059, "epsilon": 8.632075908015654, "gamma": 0.15346625907002942, "lamda": 0.7930703862447253}, "datetime": {"datetime": "2021-09-19 14:13:19", "elapsed": 997.030583, "delta": 14.099346}}
{"target": -4.616443690370582, "params": {"C": 64.30357346584707, "epsilon": 9.933841396616998, "gamma": 0.12670343181151744, "lamda": 0.6860370084595745}, "datetime": {"datetime": "2021-09-19 14:13:33", "elapsed": 1011.429367, "delta": 14.398784}}
{"target": -3.355378109737905, "params": {"C": 43.38116130749985, "epsilon": 10.709810016661223, "gamma": 0.19967234531607975, "lamda": 0.3386324731628173}, "datetime": {"datetime": "2021-09-19 14:13:44", "elapsed": 1022.090949, "delta": 10.661582}}
{"target": -5.458155417719171, "params": {"C": 72.93400858291085, "epsilon": 6.236766228992154, "gamma": 0.08130003316708831, "lamda": 1.2708280868585642}, "datetime": {"datetime": "2021-09-19 14:14:08", "elapsed": 1046.722052, "delta": 24.631103}}
{"target": -3.7423994619650145, "params": {"C": 79.81753576730124, "epsilon": 2.5800624441459132, "gamma": 0.10914376153499306, "lamda": 0.7651455277852806}, "datetime": {"datetime": "2021-09-19 14:14:21", "elapsed": 1059.079703, "delta": 12.357651}}
{"target": -5.646100715554216, "params": {"C": 58.31034891659075, "epsilon": 11.213045430440102, "gamma": 0.09809281939973649, "lamda": 1.4122864095268328}, "datetime": {"datetime": "2021-09-19 14:14:37", "elapsed": 1075.736351, "delta": 16.656648}}
{"target": -4.06541467638456, "params": {"C": 70.02337244469832, "epsilon": 6.376497796151697, "gamma": 0.1293028564547316, "lamda": 1.0952520305007338}, "datetime": {"datetime": "2021-09-19 14:14:56", "elapsed": 1094.041185, "delta": 18.304834}}
{"target": -3.0734907625548367, "params": {"C": 51.14836880337882, "epsilon": 5.359700469401508, "gamma": 0.11320869892067512, "lamda": 0.0863857092026163}, "datetime": {"datetime": "2021-09-19 14:15:06", "elapsed": 1104.542891, "delta": 10.501706}}
{"target": -5.442329403832435, "params": {"C": 48.944179400931844, "epsilon": 9.129567178557066, "gamma": 0.0912306569796523, "lamda": 1.0208638953118936}, "datetime": {"datetime": "2021-09-19 14:15:23", "elapsed": 1120.864292, "delta": 16.321401}}
{"target": -6.686902937796254, "params": {"C": 70.6590207863275, "epsilon": 7.727295384519543, "gamma": 0.059780226069701514, "lamda": 1.4453188588326935}, "datetime": {"datetime": "2021-09-19 14:15:33", "elapsed": 1131.026198, "delta": 10.161906}}
{"target": -3.8190459426681116, "params": {"C": 61.05850396844403, "epsilon": 10.1239747544546, "gamma": 0.16423691866785667, "lamda": 1.2007999459350984}, "datetime": {"datetime": "2021-09-19 14:15:49", "elapsed": 1147.161558, "delta": 16.13536}}
{"target": -2.576745508099293, "params": {"C": 69.44513037890005, "epsilon": 6.168883046711463, "gamma": 0.18417659277054432, "lamda": 1.1153519710114432}, "datetime": {"datetime": "2021-09-19 14:15:59", "elapsed": 1157.547333, "delta": 10.385775}}
{"target": -1.870645384920007, "params": {"C": 56.881673320854205, "epsilon": 4.0038415894235015, "gamma": 0.16027558479996545, "lamda": 1.4009244383134258}, "datetime": {"datetime": "2021-09-19 14:16:10", "elapsed": 1167.754855, "delta": 10.207522}}
{"target": -5.034072732771112, "params": {"C": 74.06744687364252, "epsilon": 7.056291417662862, "gamma": 0.07693141254770647, "lamda": 0.29048554693180856}, "datetime": {"datetime": "2021-09-19 14:16:27", "elapsed": 1185.421737, "delta": 17.666882}}
{"target": -3.2511177180707183, "params": {"C": 71.47758849805007, "epsilon": 9.983749838663798, "gamma": 0.1334312695603, "lamda": 0.28773236457594825}, "datetime": {"datetime": "2021-09-19 14:16:44", "elapsed": 1202.36688, "delta": 16.945143}}
{"target": -6.871114144938988, "params": {"C": 40.21431203597604, "epsilon": 12.322200736440905, "gamma": 0.09436983706568867, "lamda": 1.083297624177831}, "datetime": {"datetime": "2021-09-19 14:17:01", "elapsed": 1218.795618, "delta": 16.428738}}
{"target": 0.8832692645352613, "params": {"C": 75.29974943447782, "epsilon": 7.255706183553036, "gamma": 0.15076630852076167, "lamda": 0.07964961185524516}, "datetime": {"datetime": "2021-09-19 14:17:02", "elapsed": 1220.065267, "delta": 1.269649}}
{"target": -4.806111768016152, "params": {"C": 78.44483167888589, "epsilon": 11.228417885749273, "gamma": 0.12479397745034237, "lamda": 1.4979615966746134}, "datetime": {"datetime": "2021-09-19 14:17:18", "elapsed": 1235.91479, "delta": 15.849523}}
{"target": -5.80844462628972, "params": {"C": 65.91972583181719, "epsilon": 9.913548908558218, "gamma": 0.10184013416088328, "lamda": 1.292843397210522}, "datetime": {"datetime": "2021-09-19 14:17:33", "elapsed": 1251.515641, "delta": 15.600851}}
{"target": -3.831043017851938, "params": {"C": 48.00700124777349, "epsilon": 6.042010321470157, "gamma": 0.12531761388382098, "lamda": 1.1004271977588327}, "datetime": {"datetime": "2021-09-19 14:17:48", "elapsed": 1265.986671, "delta": 14.47103}}
{"target": -3.179708362778573, "params": {"C": 79.7167446403171, "epsilon": 1.2490123468948502, "gamma": 0.125010031563581, "lamda": 1.1675516316761523}, "datetime": {"datetime": "2021-09-19 14:17:57", "elapsed": 1275.195455, "delta": 9.208784}}
{"target": 0.8713226731318157, "params": {"C": 72.92101569745208, "epsilon": 4.522679115860234, "gamma": 0.2, "lamda": 0.0001}, "datetime": {"datetime": "2021-09-19 14:17:58", "elapsed": 1276.542453, "delta": 1.346998}}
{"target": -3.779699884579861, "params": {"C": 73.77491502403811, "epsilon": 9.394672999176459, "gamma": 0.15299588536688769, "lamda": 0.9548210099035302}, "datetime": {"datetime": "2021-09-19 14:18:13", "elapsed": 1291.182538, "delta": 14.640085}}
{"target": -4.873420318618874, "params": {"C": 50.6640110341525, "epsilon": 2.3900039259930113, "gamma": 0.05774114702078271, "lamda": 0.3004443807075293}, "datetime": {"datetime": "2021-09-19 14:18:27", "elapsed": 1305.311403, "delta": 14.128865}}
{"target": -5.062947389785897, "params": {"C": 48.1233257272156, "epsilon": 1.0043417472324638, "gamma": 0.059789698064773425, "lamda": 1.026918947783818}, "datetime": {"datetime": "2021-09-19 14:18:36", "elapsed": 1314.524438, "delta": 9.213035}}
{"target": -3.234405697845819, "params": {"C": 72.97131988879518, "epsilon": 5.611233591951637, "gamma": 0.10814707561711157, "lamda": 0.3266053178714481}, "datetime": {"datetime": "2021-09-19 14:18:45", "elapsed": 1323.697109, "delta": 9.172671}}
{"target": -4.4051171594145675, "params": {"C": 50.632418183945674, "epsilon": 10.417872614132467, "gamma": 0.14458700477926756, "lamda": 1.0326274623579355}, "datetime": {"datetime": "2021-09-19 14:18:55", "elapsed": 1333.480127, "delta": 9.783018}}
{"target": -4.812484704404187, "params": {"C": 70.87565334219599, "epsilon": 7.876362392170516, "gamma": 0.11314921623216069, "lamda": 0.8888699898614241}, "datetime": {"datetime": "2021-09-19 14:19:10", "elapsed": 1347.928736, "delta": 14.448609}}
{"target": 0.8836026655586162, "params": {"C": 43.31540466182279, "epsilon": 9.483672111193307, "gamma": 0.126641991881647, "lamda": 0.028022268575115774}, "datetime": {"datetime": "2021-09-19 14:19:11", "elapsed": 1349.008729, "delta": 1.079993}}
{"target": -5.210222161162691, "params": {"C": 74.91911301175183, "epsilon": 2.181905954380608, "gamma": 0.06853442815069638, "lamda": 1.050627241073978}, "datetime": {"datetime": "2021-09-19 14:19:24", "elapsed": 1362.539352, "delta": 13.530623}}
{"target": -5.4308941914757165, "params": {"C": 63.45681671654833, "epsilon": 7.063578260327526, "gamma": 0.06994411154530547, "lamda": 1.353799491857388}, "datetime": {"datetime": "2021-09-19 14:19:39", "elapsed": 1377.534149, "delta": 14.994797}}
{"target": -5.816923016083245, "params": {"C": 55.461227662027405, "epsilon": 9.597128690446217, "gamma": 0.08118646060697432, "lamda": 1.1468894585484846}, "datetime": {"datetime": "2021-09-19 14:19:54", "elapsed": 1392.394155, "delta": 14.860006}}
{"target": -4.809277389387792, "params": {"C": 79.20718625179973, "epsilon": 6.472335488545106, "gamma": 0.05309045140659313, "lamda": 0.22221031423524998}, "datetime": {"datetime": "2021-09-19 14:20:04", "elapsed": 1402.14815, "delta": 9.753995}}
{"target": -3.0193105998743173, "params": {"C": 69.93823887370105, "epsilon": 5.235305897064036, "gamma": 0.11921538002159428, "lamda": 0.13924011918235255}, "datetime": {"datetime": "2021-09-19 14:20:20", "elapsed": 1417.749153, "delta": 15.601003}}
{"target": 0.8692389296302627, "params": {"C": 75.34215818697469, "epsilon": 6.5643332284223765, "gamma": 0.2, "lamda": 0.0001}, "datetime": {"datetime": "2021-09-19 14:20:21", "elapsed": 1419.035147, "delta": 1.285994}}
{"target": 0.874315525439961, "params": {"C": 51.13360006055633, "epsilon": 1.0, "gamma": 0.2, "lamda": 0.0001}, "datetime": {"datetime": "2021-09-19 14:20:22", "elapsed": 1420.183911, "delta": 1.148764}}
{"target": 0.8694170158706427, "params": {"C": 71.5195543312967, "epsilon": 5.986902661795143, "gamma": 0.2, "lamda": 0.0001}, "datetime": {"datetime": "2021-09-19 14:20:23", "elapsed": 1421.467747, "delta": 1.283836}}
{"target": 0.8793011533554281, "params": {"C": 65.24371566301406, "epsilon": 5.189224672669451, "gamma": 0.16895963826875707, "lamda": 0.0001}, "datetime": {"datetime": "2021-09-19 14:20:24", "elapsed": 1422.657786, "delta": 1.190039}}
{"target": -2.5494171158854764, "params": {"C": 51.27295413677794, "epsilon": 2.2363710104932792, "gamma": 0.14345520998809896, "lamda": 0.09074386728203795}, "datetime": {"datetime": "2021-09-19 14:20:33", "elapsed": 1431.264746, "delta": 8.60696}}
{"target": -5.430822985619536, "params": {"C": 50.38643356673499, "epsilon": 3.997156088641472, "gamma": 0.06919360722398431, "lamda": 0.07310422620545289}, "datetime": {"datetime": "2021-09-19 14:20:47", "elapsed": 1445.692214, "delta": 14.427468}}
{"target": 0.8726152460627206, "params": {"C": 48.701686091112045, "epsilon": 4.050060988839988, "gamma": 0.2, "lamda": 0.0001}, "datetime": {"datetime": "2021-09-19 14:20:49", "elapsed": 1447.072214, "delta": 1.38}}
{"target": -2.7621638744957133, "params": {"C": 70.95368851142283, "epsilon": 2.268343804621324, "gamma": 0.13723269413567324, "lamda": 0.22965103185217595}, "datetime": {"datetime": "2021-09-19 14:21:03", "elapsed": 1460.877996, "delta": 13.805782}}
{"target": 0.873495409457972, "params": {"C": 52.265770895715605, "epsilon": 4.351858308080768, "gamma": 0.2, "lamda": 0.0001}, "datetime": {"datetime": "2021-09-19 14:21:04", "elapsed": 1462.091995, "delta": 1.213999}}
{"target": -1.8385918455160453, "params": {"C": 76.6157939863158, "epsilon": 3.974935588168108, "gamma": 0.1940474804130033, "lamda": 0.568090084288162}, "datetime": {"datetime": "2021-09-19 14:21:18", "elapsed": 1476.536452, "delta": 14.444457}}
{"target": -6.625955633471834, "params": {"C": 61.449203936161275, "epsilon": 6.3253425705165895, "gamma": 0.05864925683319018, "lamda": 0.02076965474099867}, "datetime": {"datetime": "2021-09-19 14:21:32", "elapsed": 1490.594607, "delta": 14.058155}}
{"target": 0.883240099625036, "params": {"C": 61.00052853391574, "epsilon": 3.541526435173016, "gamma": 0.14966086508107312, "lamda": 0.09230618574455081}, "datetime": {"datetime": "2021-09-19 14:21:34", "elapsed": 1491.819646, "delta": 1.225039}}
{"target": -1.797601048145375, "params": {"C": 56.02581100728804, "epsilon": 2.431970068949476, "gamma": 0.19837026543144914, "lamda": 0.7850158997706653}, "datetime": {"datetime": "2021-09-19 14:21:46", "elapsed": 1504.494448, "delta": 12.674802}}
{"target": 0.8798585506933736, "params": {"C": 42.53214007708432, "epsilon": 9.609762985392297, "gamma": 0.15199456419538587, "lamda": 0.016066911554664064}, "datetime": {"datetime": "2021-09-19 14:21:48", "elapsed": 1505.817449, "delta": 1.323001}}
{"target": 0.8720798897003873, "params": {"C": 61.47399668427422, "epsilon": 5.067025486280854, "gamma": 0.2, "lamda": 0.0001}, "datetime": {"datetime": "2021-09-19 14:21:49", "elapsed": 1507.080584, "delta": 1.263135}}
{"target": -6.486495654619575, "params": {"C": 79.40037210626679, "epsilon": 9.653582625660816, "gamma": 0.07232490984613793, "lamda": 0.017675756894523803}, "datetime": {"datetime": "2021-09-19 14:22:06", "elapsed": 1523.986485, "delta": 16.905901}}
{"target": 0.8702426165076765, "params": {"C": 41.870320391749985, "epsilon": 9.900377492443406, "gamma": 0.17724103176082945, "lamda": 0.03337001821697507}, "datetime": {"datetime": "2021-09-19 14:22:07", "elapsed": 1525.14339, "delta": 1.156905}}
{"target": 0.8780847980419121, "params": {"C": 51.96012032333397, "epsilon": 3.3789094995183904, "gamma": 0.17818779127513512, "lamda": 0.04830019201145145}, "datetime": {"datetime": "2021-09-19 14:22:08", "elapsed": 1526.463553, "delta": 1.320163}}
{"target": 0.8722998049842774, "params": {"C": 60.88616274274855, "epsilon": 5.336475776026967, "gamma": 0.2, "lamda": 0.0001}, "datetime": {"datetime": "2021-09-19 14:22:10", "elapsed": 1527.942935, "delta": 1.479382}}
{"target": -5.504244117328822, "params": {"C": 53.53758491317879, "epsilon": 7.761960779946381, "gamma": 0.09218521117422476, "lamda": 1.1026134524404938}, "datetime": {"datetime": "2021-09-19 14:22:25", "elapsed": 1543.148542, "delta": 15.205607}}
{"target": 0.8688599507332477, "params": {"C": 72.97757320853617, "epsilon": 6.345847197367745, "gamma": 0.2, "lamda": 0.0001}, "datetime": {"datetime": "2021-09-19 14:22:26", "elapsed": 1544.44787, "delta": 1.299328}}
{"target": 0.874450581087324, "params": {"C": 79.11412739063469, "epsilon": 1.771666900215739, "gamma": 0.2, "lamda": 0.0001}, "datetime": {"datetime": "2021-09-19 14:22:28", "elapsed": 1545.821994, "delta": 1.374124}}
{"target": -4.206792058523577, "params": {"C": 63.339047503390304, "epsilon": 3.164288105762478, "gamma": 0.08142328885974086, "lamda": 1.2910141940710274}, "datetime": {"datetime": "2021-09-19 14:22:43", "elapsed": 1560.794721, "delta": 14.972727}}
{"target": -2.5098025083094546, "params": {"C": 57.43979608568015, "epsilon": 1.3370410137625872, "gamma": 0.13244937168180637, "lamda": 0.6530400566881535}, "datetime": {"datetime": "2021-09-19 14:35:07", "elapsed": 0.0, "delta": 0.0}}
{"target": -3.3335305724293267, "params": {"C": 56.81471208349956, "epsilon": 5.294352673050364, "gamma": 0.08069729510567639, "lamda": 0.9289445224293604}, "datetime": {"datetime": "2021-09-19 14:35:16", "elapsed": 9.089999, "delta": 9.089999}}
{"target": -2.1865859163106323, "params": {"C": 51.98618694698092, "epsilon": 4.4687545763372665, "gamma": 0.14317007491539424, "lamda": 0.7937602272061309}, "datetime": {"datetime": "2021-09-19 14:35:25", "elapsed": 18.09886, "delta": 9.008861}}
{"target": -5.794647958626719, "params": {"C": 45.383197813797345, "epsilon": 7.676515576454704, "gamma": 0.0776659798470373, "lamda": 1.1780241882102285}, "datetime": {"datetime": "2021-09-19 14:35:39", "elapsed": 32.765615, "delta": 14.666755}}
{"target": 0.8745098334432498, "params": {"C": 74.15901170557956, "epsilon": 7.425078885965061, "gamma": 0.1769842228036202, "lamda": 0.11956025096589058}, "datetime": {"datetime": "2021-09-19 14:35:40", "elapsed": 33.086786, "delta": 0.321171}}
{"target": -3.288473062317122, "params": {"C": 60.209843604868155, "epsilon": 1.8487245570294153, "gamma": 0.11421834913960843, "lamda": 0.14488672039935277}, "datetime": {"datetime": "2021-09-19 14:35:54", "elapsed": 47.88081, "delta": 14.794024}}
{"target": -6.004071572848699, "params": {"C": 45.0863988680511, "epsilon": 8.757689016721745, "gamma": 0.08390180009063539, "lamda": 0.16050783189654344}, "datetime": {"datetime": "2021-09-19 14:36:03", "elapsed": 56.92458, "delta": 9.04377}}
{"target": -2.3010533495093064, "params": {"C": 48.81224828282239, "epsilon": 5.54774170504289, "gamma": 0.12016812268734504, "lamda": 0.30269466507482146}, "datetime": {"datetime": "2021-09-19 14:36:12", "elapsed": 65.651569, "delta": 8.726989}}
{"target": -4.445361147311806, "params": {"C": 65.61626900859659, "epsilon": 7.279907862172771, "gamma": 0.12578550800278238, "lamda": 0.5804002874127271}, "datetime": {"datetime": "2021-09-19 14:36:26", "elapsed": 79.446184, "delta": 13.794615}}
{"target": -5.797591351074452, "params": {"C": 71.74549817766308, "epsilon": 8.540054325411486, "gamma": 0.07434478977534709, "lamda": 1.0511584446760736}, "datetime": {"datetime": "2021-09-19 14:36:40", "elapsed": 93.814571, "delta": 14.368387}}
{"target": 0.8677673126172354, "params": {"C": 74.98405412539243, "epsilon": 7.043952898975388, "gamma": 0.2, "lamda": 0.0001}, "datetime": {"datetime": "2021-09-19 14:36:41", "elapsed": 94.6466, "delta": 0.832029}}
{"target": 0.8662375041117837, "params": {"C": 75.41735070477915, "epsilon": 8.758128895984953, "gamma": 0.2, "lamda": 0.0001}, "datetime": {"datetime": "2021-09-19 14:36:42", "elapsed": 95.257566, "delta": 0.610966}}
{"target": -4.726585239193074, "params": {"C": 77.32909799912898, "epsilon": 8.105530453743405, "gamma": 0.05, "lamda": 1.5}, "datetime": {"datetime": "2021-09-19 14:36:51", "elapsed": 104.031429, "delta": 8.773863}}
{"target": 0.8702610611858617, "params": {"C": 73.93984565622283, "epsilon": 5.308914427491803, "gamma": 0.2, "lamda": 0.0001}, "datetime": {"datetime": "2021-09-19 14:36:51", "elapsed": 104.770424, "delta": 0.738995}}
{"target": 0.8729958030431552, "params": {"C": 75.02057338659904, "epsilon": 3.0755769641823796, "gamma": 0.2, "lamda": 0.0001}, "datetime": {"datetime": "2021-09-19 14:36:52", "elapsed": 105.386556, "delta": 0.616132}}
{"target": -4.207257917848002, "params": {"C": 72.30911086065782, "epsilon": 2.5163132961864445, "gamma": 0.06728869911565054, "lamda": 0.013068363332020019}, "datetime": {"datetime": "2021-09-19 14:36:58", "elapsed": 111.027932, "delta": 5.641376}}
{"target": 0.8717756376926997, "params": {"C": 76.27479381846588, "epsilon": 4.429802122770852, "gamma": 0.2, "lamda": 0.0001}, "datetime": {"datetime": "2021-09-19 14:36:58", "elapsed": 111.604524, "delta": 0.576592}}
{"target": 0.8744872898158926, "params": {"C": 77.46038256580195, "epsilon": 1.7395057513469427, "gamma": 0.2, "lamda": 0.0001}, "datetime": {"datetime": "2021-09-19 14:36:59", "elapsed": 112.242157, "delta": 0.637633}}
{"target": -3.8299040449939348, "params": {"C": 79.95272412489038, "epsilon": 2.2619001887241343, "gamma": 0.09629546062862204, "lamda": 1.4325720119988206}, "datetime": {"datetime": "2021-09-19 14:37:13", "elapsed": 125.988993, "delta": 13.746836}}
{"target": -1.6921149960589923, "params": {"C": 76.12689809658266, "epsilon": 2.342783779952322, "gamma": 0.2, "lamda": 1.5}, "datetime": {"datetime": "2021-09-19 14:37:23", "elapsed": 136.243584, "delta": 10.254591}}
