{"target": 0.6753470030696446, "params": {"C": 50.927431368207344, "epsilon": 2.8933013773761065, "gamma": 0.9, "lamda": 0.12697102514335762}, "datetime": {"datetime": "2021-07-03 15:44:47", "elapsed": 264.186413, "delta": 0.728026}}
{"target": 0.8765109815133795, "params": {"C": 46.80657288929747, "epsilon": 1.0, "gamma": 0.05, "lamda": 0.1}, "datetime": {"datetime": "2021-07-03 15:44:47", "elapsed": 265.111432, "delta": 0.925019}}
{"target": 0.6765217519866424, "params": {"C": 38.07318086040447, "epsilon": 7.667054564663262, "gamma": 0.9, "lamda": 0.1}, "datetime": {"datetime": "2021-07-03 15:44:49", "elapsed": 266.205444, "delta": 1.094012}}
{"target": 0.6757623933442887, "params": {"C": 48.14566189694912, "epsilon": 8.218167432945185, "gamma": 0.9, "lamda": 0.1}, "datetime": {"datetime": "2021-07-03 15:44:49", "elapsed": 267.09444, "delta": 0.888996}}
{"target": 0.6765677554795468, "params": {"C": 38.18322280424279, "epsilon": 7.1514804043366915, "gamma": 0.9, "lamda": 1.0}, "datetime": {"datetime": "2021-07-03 15:44:50", "elapsed": 267.849416, "delta": 0.754976}}
{"target": -5.268769321444035, "params": {"C": 53.33589362170044, "epsilon": 7.034936983017798, "gamma": 0.08095647478848772, "lamda": 0.1}, "datetime": {"datetime": "2021-07-03 15:44:59", "elapsed": 276.915426, "delta": 9.06601}}
{"target": 0.6850585675720433, "params": {"C": 54.69908762980043, "epsilon": 7.993896736929871, "gamma": 0.8642533142650535, "lamda": 0.8329770631347768}, "datetime": {"datetime": "2021-07-03 15:45:01", "elapsed": 278.225443, "delta": 1.310017}}
{"target": -5.163282124664169, "params": {"C": 46.06130667441831, "epsilon": 1.863780007077396, "gamma": 0.05, "lamda": 0.1}, "datetime": {"datetime": "2021-07-03 15:45:10", "elapsed": 287.625495, "delta": 9.400052}}
{"target": 0.6978424368182562, "params": {"C": 37.4090296257444, "epsilon": 6.7361208747344605, "gamma": 0.8223654885187917, "lamda": 0.44058709835449583}, "datetime": {"datetime": "2021-07-03 15:45:10", "elapsed": 288.126456, "delta": 0.500961}}
{"target": 0.6755834544170249, "params": {"C": 52.30017105006069, "epsilon": 5.497394295591817, "gamma": 0.9, "lamda": 0.1}, "datetime": {"datetime": "2021-07-03 15:45:11", "elapsed": 289.06145, "delta": 0.934994}}
{"target": 0.6752507070594611, "params": {"C": 55.14889220338939, "epsilon": 7.286836454928743, "gamma": 0.9, "lamda": 0.1}, "datetime": {"datetime": "2021-07-03 15:45:12", "elapsed": 289.852506, "delta": 0.791056}}
{"target": 0.6755483291557829, "params": {"C": 54.15959985907096, "epsilon": 8.456665399077089, "gamma": 0.8984087412182001, "lamda": 0.10800179050493708}, "datetime": {"datetime": "2021-07-03 15:45:13", "elapsed": 290.633463, "delta": 0.780957}}
{"target": 0.6750038742115094, "params": {"C": 55.38245036482413, "epsilon": 8.483799718939983, "gamma": 0.9, "lamda": 0.1}, "datetime": {"datetime": "2021-07-03 15:45:14", "elapsed": 291.723484, "delta": 1.090021}}
{"target": 0.880160846800023, "params": {"C": 51.305393404816584, "epsilon": 5.661455072221122, "gamma": 0.1516001417761591, "lamda": 0.15615002220769275}, "datetime": {"datetime": "2021-07-03 15:45:15", "elapsed": 292.783475, "delta": 1.059991}}
{"target": 0.6748417138404541, "params": {"C": 54.773838080662, "epsilon": 9.244235032604864, "gamma": 0.9, "lamda": 0.8320083383775216}, "datetime": {"datetime": "2021-07-03 15:45:16", "elapsed": 293.73847, "delta": 0.954995}}
{"target": -5.005084753136679, "params": {"C": 55.30010411968191, "epsilon": 8.661007898825416, "gamma": 0.05, "lamda": 0.8378519409477039}, "datetime": {"datetime": "2021-07-03 15:45:22", "elapsed": 299.585491, "delta": 5.847021}}
{"target": -5.6954353489822696, "params": {"C": 50.70334947305189, "epsilon": 6.192378467032419, "gamma": 0.05548006974328956, "lamda": 0.6606153216340462}, "datetime": {"datetime": "2021-07-03 15:45:28", "elapsed": 305.726483, "delta": 6.140992}}
{"target": 0.7606262394629761, "params": {"C": 51.557254863516526, "epsilon": 5.004800833967728, "gamma": 0.6100927196771767, "lamda": 0.1992705386987081}, "datetime": {"datetime": "2021-07-03 15:45:29", "elapsed": 306.696486, "delta": 0.970003}}
{"target": 0.6756533525906152, "params": {"C": 50.033337142898695, "epsilon": 7.287642038286656, "gamma": 0.9, "lamda": 0.1}, "datetime": {"datetime": "2021-07-03 15:45:30", "elapsed": 307.573487, "delta": 0.877001}}
{"target": 0.724538139644461, "params": {"C": 51.88237829491854, "epsilon": 6.002826966203325, "gamma": 0.7287658390835211, "lamda": 0.9060415432549883}, "datetime": {"datetime": "2021-07-03 15:45:31", "elapsed": 308.520504, "delta": 0.947017}}
{"target": 0.6800364446244365, "params": {"C": 46.02709566052894, "epsilon": 4.228943245154067, "gamma": 0.8855958427887064, "lamda": 0.12627511310914843}, "datetime": {"datetime": "2021-07-03 15:45:31", "elapsed": 309.033495, "delta": 0.512991}}
{"target": 0.7709061495100986, "params": {"C": 46.75063504391231, "epsilon": 2.629342442641242, "gamma": 0.5756238466702694, "lamda": 0.17337099632690495}, "datetime": {"datetime": "2021-07-03 15:45:32", "elapsed": 309.606487, "delta": 0.572992}}
{"target": 0.6757511317436826, "params": {"C": 46.15816706595394, "epsilon": 3.2768805380768904, "gamma": 0.9, "lamda": 0.1}, "datetime": {"datetime": "2021-07-03 15:45:33", "elapsed": 310.451513, "delta": 0.845026}}
{"target": -5.423591654899943, "params": {"C": 52.06296821954865, "epsilon": 5.638192775033052, "gamma": 0.05, "lamda": 0.1}, "datetime": {"datetime": "2021-07-03 15:45:42", "elapsed": 319.60252, "delta": 9.151007}}
{"target": 0.6757528584790722, "params": {"C": 49.69512248746811, "epsilon": 4.753568880668127, "gamma": 0.9, "lamda": 0.1}, "datetime": {"datetime": "2021-07-03 15:45:43", "elapsed": 320.430002, "delta": 0.827482}}
{"target": 0.6755204396228035, "params": {"C": 51.91526154671096, "epsilon": 7.174448864176063, "gamma": 0.9, "lamda": 0.4512360213759459}, "datetime": {"datetime": "2021-07-03 15:45:44", "elapsed": 321.450017, "delta": 1.020015}}
{"target": 0.6933494992612974, "params": {"C": 51.14786917267122, "epsilon": 5.472778916299829, "gamma": 0.8368109918741845, "lamda": 0.23896665923071594}, "datetime": {"datetime": "2021-07-03 15:45:45", "elapsed": 322.499484, "delta": 1.049467}}
{"target": 0.6925013426453216, "params": {"C": 38.11033521131609, "epsilon": 7.686115941130184, "gamma": 0.8397648584666431, "lamda": 0.13418222498498147}, "datetime": {"datetime": "2021-07-03 15:45:46", "elapsed": 323.208548, "delta": 0.709064}}
{"target": 0.7641629685737148, "params": {"C": 36.29365694507723, "epsilon": 2.378539739341963, "gamma": 0.6034525718288485, "lamda": 0.42690416310937807}, "datetime": {"datetime": "2021-07-03 15:45:46", "elapsed": 323.786558, "delta": 0.57801}}
{"target": 0.8655436969625995, "params": {"C": 49.98314874420956, "epsilon": 7.8984606205969845, "gamma": 0.21771278931207272, "lamda": 0.39856480601503935}, "datetime": {"datetime": "2021-07-03 15:45:47", "elapsed": 324.844537, "delta": 1.057979}}
{"target": 0.7977663099406114, "params": {"C": 48.227680099385296, "epsilon": 7.184967120734845, "gamma": 0.4846527802652653, "lamda": 0.5115896443853705}, "datetime": {"datetime": "2021-07-03 15:45:48", "elapsed": 325.42457, "delta": 0.580033}}
{"target": 0.6867759148105327, "params": {"C": 47.54477105361768, "epsilon": 7.747207351672776, "gamma": 0.8600205386289261, "lamda": 0.7940105242891241}, "datetime": {"datetime": "2021-07-03 15:45:49", "elapsed": 326.525542, "delta": 1.100972}}
{"target": -1.8792573675402826, "params": {"C": 47.61276520171232, "epsilon": 8.115907201421596, "gamma": 0.14823155209874483, "lamda": 0.4785280013747244}, "datetime": {"datetime": "2021-07-03 15:45:58", "elapsed": 336.017518, "delta": 9.491976}}
{"target": 0.6758488558961323, "params": {"C": 46.45058493010528, "epsilon": 8.48054982485782, "gamma": 0.9, "lamda": 0.6519707026970969}, "datetime": {"datetime": "2021-07-03 15:45:59", "elapsed": 337.099511, "delta": 1.081993}}
{"target": 0.8235648524098382, "params": {"C": 31.992803915382495, "epsilon": 1.2569895889143194, "gamma": 0.4054349001817072, "lamda": 0.9613684086037825}, "datetime": {"datetime": "2021-07-03 15:46:01", "elapsed": 338.33653, "delta": 1.237019}}
{"target": 0.7935348927813495, "params": {"C": 52.51752933352374, "epsilon": 4.722190781951175, "gamma": 0.4993828532434789, "lamda": 0.7571350273022605}, "datetime": {"datetime": "2021-07-03 15:46:01", "elapsed": 338.892553, "delta": 0.556023}}
{"target": 0.7324093639146343, "params": {"C": 54.02939052607087, "epsilon": 4.457450427063192, "gamma": 0.7035194374678052, "lamda": 0.7679748490022692}, "datetime": {"datetime": "2021-07-03 15:46:02", "elapsed": 339.515545, "delta": 0.622992}}
{"target": 0.6816942400583403, "params": {"C": 38.10684649366553, "epsilon": 7.680563132580049, "gamma": 0.8811393311766073, "lamda": 0.11083880556324688}, "datetime": {"datetime": "2021-07-03 15:46:02", "elapsed": 340.058533, "delta": 0.542988}}
{"target": 0.6761048319802421, "params": {"C": 44.2804939873216, "epsilon": 4.531678920388924, "gamma": 0.9, "lamda": 0.1}, "datetime": {"datetime": "2021-07-03 15:46:03", "elapsed": 340.990547, "delta": 0.932014}}
{"target": 0.6751316155156197, "params": {"C": 53.76433146456193, "epsilon": 8.485309090872656, "gamma": 0.9, "lamda": 1.0}, "datetime": {"datetime": "2021-07-03 15:46:04", "elapsed": 341.805547, "delta": 0.815}}
{"target": 0.6753284634665577, "params": {"C": 54.521509673006655, "epsilon": 7.072127165080251, "gamma": 0.9, "lamda": 0.9897069020769976}, "datetime": {"datetime": "2021-07-03 15:46:05", "elapsed": 342.887549, "delta": 1.082002}}
{"target": 0.7494151674113372, "params": {"C": 54.055827642624564, "epsilon": 3.378354688184598, "gamma": 0.6480424488112098, "lamda": 0.5125874950840897}, "datetime": {"datetime": "2021-07-03 15:46:06", "elapsed": 343.477542, "delta": 0.589993}}
{"target": 0.6772920163918922, "params": {"C": 47.531706463185074, "epsilon": 6.902112099806722, "gamma": 0.8951716538016136, "lamda": 0.48261805905404986}, "datetime": {"datetime": "2021-07-03 15:46:07", "elapsed": 344.51954, "delta": 1.041998}}
{"target": -6.076775824602317, "params": {"C": 49.17230171826495, "epsilon": 4.185754253655586, "gamma": 0.05, "lamda": 0.1}, "datetime": {"datetime": "2021-07-03 15:46:18", "elapsed": 355.30259, "delta": 10.78305}}
{"target": 0.749870935258611, "params": {"C": 48.46197851073137, "epsilon": 5.511822538261334, "gamma": 0.6463333580644006, "lamda": 0.18724090103043733}, "datetime": {"datetime": "2021-07-03 15:46:19", "elapsed": 356.840605, "delta": 1.538015}}
{"target": 0.675390530071426, "params": {"C": 49.89224073874497, "epsilon": 2.734505713438636, "gamma": 0.9, "lamda": 0.1}, "datetime": {"datetime": "2021-07-03 15:46:21", "elapsed": 358.227569, "delta": 1.386964}}
{"target": 0.6865123078222419, "params": {"C": 51.896936224415015, "epsilon": 3.97636684903543, "gamma": 0.8614182265901363, "lamda": 0.977761075161743}, "datetime": {"datetime": "2021-07-03 15:46:22", "elapsed": 359.301593, "delta": 1.074024}}
{"target": -1.532147707286971, "params": {"C": 49.439794373862895, "epsilon": 7.170918475155689, "gamma": 0.3437607602450052, "lamda": 0.8756977515097473}, "datetime": {"datetime": "2021-07-03 15:46:31", "elapsed": 368.487623, "delta": 9.18603}}
{"target": -4.767758067375301, "params": {"C": 54.88768201148748, "epsilon": 3.7044274704405504, "gamma": 0.05, "lamda": 0.3811551387646249}, "datetime": {"datetime": "2021-07-03 15:46:43", "elapsed": 380.460662, "delta": 11.973039}}
{"target": 0.6905210714105743, "params": {"C": 53.868246379697624, "epsilon": 9.613186313565038, "gamma": 0.8348012616940994, "lamda": 0.8983588422681795}, "datetime": {"datetime": "2021-07-03 15:46:44", "elapsed": 381.638638, "delta": 1.177976}}
{"target": 0.6815403929761852, "params": {"C": 45.3825124201499, "epsilon": 3.057422080777087, "gamma": 0.8798162827350088, "lamda": 0.7742390123980932}, "datetime": {"datetime": "2021-07-03 15:46:45", "elapsed": 382.764619, "delta": 1.125981}}
{"target": 0.6747090130844146, "params": {"C": 54.428897667542174, "epsilon": 9.726216453571723, "gamma": 0.9, "lamda": 0.1}, "datetime": {"datetime": "2021-07-03 15:46:46", "elapsed": 383.660629, "delta": 0.89601}}
{"target": 0.8763216013263938, "params": {"C": 47.68635264809994, "epsilon": 1.0, "gamma": 0.05, "lamda": 0.1}, "datetime": {"datetime": "2021-07-03 15:46:47", "elapsed": 384.939605, "delta": 1.278976}}
{"target": 0.6756115349951157, "params": {"C": 50.93892097502749, "epsilon": 7.059449922018626, "gamma": 0.9, "lamda": 1.0}, "datetime": {"datetime": "2021-07-03 15:46:49", "elapsed": 386.212644, "delta": 1.273039}}
{"target": 0.676422087548392, "params": {"C": 41.28146750600313, "epsilon": 6.151626670856481, "gamma": 0.9, "lamda": 1.0}, "datetime": {"datetime": "2021-07-03 15:46:50", "elapsed": 387.140674, "delta": 0.92803}}
{"target": 0.8175687674345586, "params": {"C": 30.059074102244914, "epsilon": 3.472217323272864, "gamma": 0.42573589157007635, "lamda": 0.9621591968974469}, "datetime": {"datetime": "2021-07-03 15:46:51", "elapsed": 388.445648, "delta": 1.304974}}
{"target": 0.6765778067940598, "params": {"C": 32.71444578703047, "epsilon": 3.373744224056597, "gamma": 0.9, "lamda": 0.1}, "datetime": {"datetime": "2021-07-03 15:46:52", "elapsed": 389.687613, "delta": 1.241965}}
{"target": 0.8457330617471851, "params": {"C": 33.84870803451218, "epsilon": 4.140222943621441, "gamma": 0.3141280987772627, "lamda": 0.13727043593363697}, "datetime": {"datetime": "2021-07-03 15:46:54", "elapsed": 391.647613, "delta": 1.96}}
{"target": 0.6907352676176319, "params": {"C": 33.5148740921189, "epsilon": 3.763856651170744, "gamma": 0.8500862590373427, "lamda": 0.9964287049229904}, "datetime": {"datetime": "2021-07-03 15:46:56", "elapsed": 393.397738, "delta": 1.750125}}
{"target": 0.7052170028147093, "params": {"C": 34.524345484695786, "epsilon": 3.6012352325166668, "gamma": 0.7994790500317819, "lamda": 0.16714994318860826}, "datetime": {"datetime": "2021-07-03 15:46:59", "elapsed": 396.336658, "delta": 2.93892}}
{"target": -4.563227282336481, "params": {"C": 34.035264181259116, "epsilon": 3.424690005868145, "gamma": 0.09648797371105461, "lamda": 0.7743994553724046}, "datetime": {"datetime": "2021-07-03 15:47:10", "elapsed": 408.093679, "delta": 11.757021}}
{"target": 0.6766872241218567, "params": {"C": 33.26026182608405, "epsilon": 4.238111370916164, "gamma": 0.9, "lamda": 0.1}, "datetime": {"datetime": "2021-07-03 15:47:11", "elapsed": 409.02167, "delta": 0.927991}}
{"target": 0.6766279768793557, "params": {"C": 32.497512734983225, "epsilon": 3.63637645717175, "gamma": 0.9, "lamda": 1.0}, "datetime": {"datetime": "2021-07-03 15:47:12", "elapsed": 410.010702, "delta": 0.989032}}
{"target": 0.6760391080569699, "params": {"C": 37.25455185404189, "epsilon": 2.05148723389141, "gamma": 0.9, "lamda": 0.3742989686049096}, "datetime": {"datetime": "2021-07-03 15:47:14", "elapsed": 411.17867, "delta": 1.167968}}
{"target": 0.7362242389520889, "params": {"C": 33.49950566821584, "epsilon": 4.712046129081547, "gamma": 0.6926183477898175, "lamda": 0.9650834586130478}, "datetime": {"datetime": "2021-07-03 15:47:15", "elapsed": 412.279654, "delta": 1.100984}}
{"target": -5.127750979279844, "params": {"C": 36.990861466560794, "epsilon": 2.2035302635011536, "gamma": 0.05, "lamda": 1.0}, "datetime": {"datetime": "2021-07-03 15:47:27", "elapsed": 424.364713, "delta": 12.085059}}
{"target": 0.6759381153531281, "params": {"C": 36.299494969056006, "epsilon": 1.598824518741448, "gamma": 0.9, "lamda": 0.1}, "datetime": {"datetime": "2021-07-03 15:47:28", "elapsed": 425.351727, "delta": 0.987014}}
{"target": 0.7714207514540913, "params": {"C": 38.454715602583455, "epsilon": 1.855949161110732, "gamma": 0.579579523265894, "lamda": 0.15438994636564715}, "datetime": {"datetime": "2021-07-03 15:47:29", "elapsed": 426.197685, "delta": 0.845958}}
{"target": 0.6809990630275904, "params": {"C": 54.74422284180814, "epsilon": 9.286600775954701, "gamma": 0.8766789224784893, "lamda": 0.8499109680722602}, "datetime": {"datetime": "2021-07-03 15:47:29", "elapsed": 427.009225, "delta": 0.81154}}
{"target": 0.6763347457253559, "params": {"C": 35.693471280037365, "epsilon": 2.935090534502209, "gamma": 0.9, "lamda": 0.1}, "datetime": {"datetime": "2021-07-03 15:47:30", "elapsed": 428.11077, "delta": 1.101545}}
{"target": 0.6754182650875283, "params": {"C": 50.44490462242904, "epsilon": 3.0263978197048047, "gamma": 0.9, "lamda": 1.0}, "datetime": {"datetime": "2021-07-03 15:47:32", "elapsed": 429.200748, "delta": 1.089978}}
{"target": 0.6763155902621335, "params": {"C": 36.76369731032838, "epsilon": 3.032067722857084, "gamma": 0.9, "lamda": 0.1}, "datetime": {"datetime": "2021-07-03 15:47:33", "elapsed": 430.371728, "delta": 1.17098}}
{"target": 0.6757048953006751, "params": {"C": 37.732156404759365, "epsilon": 1.113857031079788, "gamma": 0.9, "lamda": 0.1}, "datetime": {"datetime": "2021-07-03 15:47:34", "elapsed": 431.687704, "delta": 1.315976}}
{"target": 0.6836743971445924, "params": {"C": 38.86101344521949, "epsilon": 1.3427256617812888, "gamma": 0.8724918394910733, "lamda": 0.9116436503027182}, "datetime": {"datetime": "2021-07-03 15:47:35", "elapsed": 432.740742, "delta": 1.053038}}
{"target": 0.8685511653163656, "params": {"C": 39.196157206769676, "epsilon": 1.2857975939288395, "gamma": 0.21781286063891492, "lamda": 0.10185505886539513}, "datetime": {"datetime": "2021-07-03 15:47:37", "elapsed": 434.203716, "delta": 1.462974}}
{"target": 0.7010060477876388, "params": {"C": 39.65086867828525, "epsilon": 1.9589697036490286, "gamma": 0.8132305753616456, "lamda": 0.15684143744625312}, "datetime": {"datetime": "2021-07-03 15:47:38", "elapsed": 436.048725, "delta": 1.845009}}
{"target": -2.318365909409239, "params": {"C": 39.884861307500955, "epsilon": 1.6128549782485055, "gamma": 0.16639057582930783, "lamda": 0.8611699053491929}, "datetime": {"datetime": "2021-07-03 15:47:53", "elapsed": 450.229726, "delta": 14.181001}}
{"target": 0.6761581018084836, "params": {"C": 38.95243132237691, "epsilon": 2.768822901043529, "gamma": 0.9, "lamda": 0.1}, "datetime": {"datetime": "2021-07-03 15:47:54", "elapsed": 451.691751, "delta": 1.462025}}
{"target": 0.8806845246497195, "params": {"C": 38.31234446401275, "epsilon": 1.0792877375088143, "gamma": 0.14873304194296386, "lamda": 0.35204650708604446}, "datetime": {"datetime": "2021-07-03 15:47:55", "elapsed": 452.988765, "delta": 1.297014}}
{"target": 0.6762412126630318, "params": {"C": 37.905890978165196, "epsilon": 2.9140686520285906, "gamma": 0.9, "lamda": 0.1}, "datetime": {"datetime": "2021-07-03 15:47:57", "elapsed": 454.228788, "delta": 1.240023}}
{"target": 0.676204174177329, "params": {"C": 44.2024496237833, "epsilon": 5.75343100128207, "gamma": 0.9, "lamda": 0.1}, "datetime": {"datetime": "2021-07-03 15:47:58", "elapsed": 455.496741, "delta": 1.267953}}
{"target": 0.6761686694043746, "params": {"C": 44.574529617139866, "epsilon": 6.809304421376879, "gamma": 0.9, "lamda": 0.1}, "datetime": {"datetime": "2021-07-03 15:48:01", "elapsed": 458.537754, "delta": 3.041013}}
{"target": 0.675917063367862, "params": {"C": 47.511040519017236, "epsilon": 5.097914844177187, "gamma": 0.9, "lamda": 0.1}, "datetime": {"datetime": "2021-07-03 15:48:02", "elapsed": 459.798775, "delta": 1.261021}}
{"target": 0.6938067539039883, "params": {"C": 38.71386022198984, "epsilon": 1.0323366548861121, "gamma": 0.8372364702330662, "lamda": 0.12603463846387566}, "datetime": {"datetime": "2021-07-03 15:48:04", "elapsed": 461.217754, "delta": 1.418979}}
{"target": 0.6758610914133212, "params": {"C": 48.177596823029994, "epsilon": 5.047397595734122, "gamma": 0.9, "lamda": 1.0}, "datetime": {"datetime": "2021-07-03 15:48:05", "elapsed": 462.525773, "delta": 1.308019}}
{"target": 0.6758053536400802, "params": {"C": 47.10782611390454, "epsilon": 3.94455198386092, "gamma": 0.9, "lamda": 0.1}, "datetime": {"datetime": "2021-07-03 15:48:06", "elapsed": 463.750808, "delta": 1.225035}}
{"target": 0.6763286249818017, "params": {"C": 35.29165838699963, "epsilon": 9.17816428142785, "gamma": 0.9, "lamda": 0.1}, "datetime": {"datetime": "2021-07-03 15:48:07", "elapsed": 465.104755, "delta": 1.353947}}
{"target": 0.6764355656111644, "params": {"C": 38.95674426994342, "epsilon": 8.102021256681168, "gamma": 0.9, "lamda": 1.0}, "datetime": {"datetime": "2021-07-03 15:48:09", "elapsed": 466.746807, "delta": 1.642052}}
{"target": -4.272267823374429, "params": {"C": 38.93565215453711, "epsilon": 7.43824871681159, "gamma": 0.05, "lamda": 0.7939401934527635}, "datetime": {"datetime": "2021-07-03 15:48:20", "elapsed": 477.632782, "delta": 10.885975}}
{"target": 0.6763167047479616, "params": {"C": 38.50512327518198, "epsilon": 8.872641432665429, "gamma": 0.9, "lamda": 0.45399131182388586}, "datetime": {"datetime": "2021-07-03 15:48:21", "elapsed": 478.741808, "delta": 1.109026}}
{"target": -5.466647220670268, "params": {"C": 43.84571422900613, "epsilon": 5.260177287119761, "gamma": 0.05, "lamda": 0.1}, "datetime": {"datetime": "2021-07-03 15:48:31", "elapsed": 488.82183, "delta": 10.080022}}
{"target": 0.6762143847690382, "params": {"C": 44.13068912137779, "epsilon": 6.392928532384558, "gamma": 0.9, "lamda": 0.993503889031264}, "datetime": {"datetime": "2021-07-03 15:48:32", "elapsed": 490.010807, "delta": 1.188977}}
{"target": 0.7178841108592691, "params": {"C": 39.467553657051155, "epsilon": 9.319343214546326, "gamma": 0.74816863542948, "lamda": 0.8751232311739185}, "datetime": {"datetime": "2021-07-03 15:48:34", "elapsed": 491.295826, "delta": 1.285019}}
{"target": 0.7372614191919202, "params": {"C": 38.96355402288006, "epsilon": 9.880367902016678, "gamma": 0.684253537035127, "lamda": 0.11538827889591347}, "datetime": {"datetime": "2021-07-03 15:48:35", "elapsed": 492.313801, "delta": 1.017975}}
