{"target": -4.532440095564124, "params": {"C": 11.514685451068747, "epsilon": 2.5172122626891777, "gamma": 0.07847044086628188, "lamda": 0.5472960605474234}, "datetime": {"datetime": "2021-07-03 11:21:56", "elapsed": 614.289728, "delta": 5.235012}}
{"target": 0.5022219341550588, "params": {"C": 5.3254565786956585, "epsilon": 5.574621917946548, "gamma": 0.6605921723027881, "lamda": 0.8184231175395215}, "datetime": {"datetime": "2021-07-03 11:21:57", "elapsed": 615.042717, "delta": 0.752989}}
{"target": 0.4410634400986351, "params": {"C": 5.067801828928948, "epsilon": 8.684419639517978, "gamma": 0.8245365061674091, "lamda": 0.9047751836905783}, "datetime": {"datetime": "2021-07-03 11:21:57", "elapsed": 615.77476, "delta": 0.732043}}
{"target": 0.5217003149026433, "params": {"C": 7.700031970197825, "epsilon": 11.842313837244186, "gamma": 0.8112232553484688, "lamda": 0.7282206131440601}, "datetime": {"datetime": "2021-07-03 11:21:58", "elapsed": 616.472894, "delta": 0.698134}}
{"target": 0.4404772116407243, "params": {"C": 5.4739173874075, "epsilon": 5.438838806814853, "gamma": 0.867204134724634, "lamda": 0.3337691644270835}, "datetime": {"datetime": "2021-07-03 11:21:59", "elapsed": 617.190976, "delta": 0.718082}}
{"target": 0.5405187821982382, "params": {"C": 9.50759616185213, "epsilon": 12.597522840630706, "gamma": 0.8604788219554417, "lamda": 0.24590565084124594}, "datetime": {"datetime": "2021-07-03 11:22:00", "elapsed": 618.192301, "delta": 1.001325}}
{"target": 0.7809707465174723, "params": {"C": 14.466848276023, "epsilon": 4.929437142449444, "gamma": 0.4002784077422116, "lamda": 0.18404574054726736}, "datetime": {"datetime": "2021-07-03 11:22:01", "elapsed": 619.045022, "delta": 0.852721}}
{"target": 0.7468982401412287, "params": {"C": 9.930110270083532, "epsilon": 8.529459657902665, "gamma": 0.3468274560366619, "lamda": 0.13081788053773108}, "datetime": {"datetime": "2021-07-03 11:22:01", "elapsed": 619.844884, "delta": 0.799862}}
{"target": 0.5783376560032194, "params": {"C": 12.583629541459134, "epsilon": 11.626843374904754, "gamma": 0.882411961897293, "lamda": 0.2495656560084247}, "datetime": {"datetime": "2021-07-03 11:22:02", "elapsed": 620.818283, "delta": 0.973399}}
{"target": 0.6700058503235685, "params": {"C": 10.478402263513306, "epsilon": 7.167157265253451, "gamma": 0.5532855331045441, "lamda": 0.18444020277997164}, "datetime": {"datetime": "2021-07-03 11:22:03", "elapsed": 621.597203, "delta": 0.77892}}
{"target": 0.652255510175058, "params": {"C": 6.921886762450145, "epsilon": 7.634454717831508, "gamma": 0.4223969843339675, "lamda": 0.2192058863625853}, "datetime": {"datetime": "2021-07-03 11:22:04", "elapsed": 622.57459, "delta": 0.977387}}
{"target": -4.801042090183778, "params": {"C": 9.940858916420407, "epsilon": 14.637596638994737, "gamma": 0.18773631438896995, "lamda": 0.41120112125038677}, "datetime": {"datetime": "2021-07-03 11:22:13", "elapsed": 631.715167, "delta": 9.140577}}
{"target": -3.079319369460081, "params": {"C": 6.763662735336854, "epsilon": 10.336439460963973, "gamma": 0.23157328771166633, "lamda": 0.7776858627387986}, "datetime": {"datetime": "2021-07-03 11:22:21", "elapsed": 639.221108, "delta": 7.505941}}
{"target": -3.099254082998299, "params": {"C": 13.003697422433142, "epsilon": 13.19796497336783, "gamma": 0.3279052399375457, "lamda": 0.37898046034071553}, "datetime": {"datetime": "2021-07-03 11:22:27", "elapsed": 645.634972, "delta": 6.413864}}
{"target": 0.6153802552504428, "params": {"C": 7.681212738618891, "epsilon": 12.236369395199084, "gamma": 0.540205928639005, "lamda": 0.7492515761550222}, "datetime": {"datetime": "2021-07-03 11:22:29", "elapsed": 647.552847, "delta": 1.917875}}
{"target": 0.6314562025980627, "params": {"C": 8.414870062836474, "epsilon": 12.271681688136661, "gamma": 0.546477489309661, "lamda": 0.1987603033201928}, "datetime": {"datetime": "2021-07-03 11:22:31", "elapsed": 649.146588, "delta": 1.593741}}
{"target": 0.5769139485004806, "params": {"C": 11.443403824864653, "epsilon": 1.2566575370393849, "gamma": 0.8337425448803732, "lamda": 0.6986846105625866}, "datetime": {"datetime": "2021-07-03 11:22:32", "elapsed": 650.143923, "delta": 0.997335}}
{"target": 0.535235285514392, "params": {"C": 7.541539556361489, "epsilon": 2.869786345684352, "gamma": 0.7497721246879706, "lamda": 0.7266921648185627}, "datetime": {"datetime": "2021-07-03 11:22:33", "elapsed": 650.898905, "delta": 0.754982}}
{"target": 0.7936184970879091, "params": {"C": 5.86679400773318, "epsilon": 11.56903745793706, "gamma": 0.11193914777520249, "lamda": 0.5111184320440598}, "datetime": {"datetime": "2021-07-03 11:22:33", "elapsed": 651.735669, "delta": 0.836764}}
{"target": 0.6541777831067255, "params": {"C": 8.31590493463922, "epsilon": 8.170915345239022, "gamma": 0.4853125860333346, "lamda": 0.10225482872163899}, "datetime": {"datetime": "2021-07-03 11:22:34", "elapsed": 652.496635, "delta": 0.760966}}
{"target": 0.8408858750530209, "params": {"C": 12.381719281314536, "epsilon": 1.3647529602807271, "gamma": 0.16135125507062353, "lamda": 0.4403022347810682}, "datetime": {"datetime": "2021-07-03 11:22:35", "elapsed": 653.274558, "delta": 0.777923}}
{"target": 0.7722450774266154, "params": {"C": 9.22779516892449, "epsilon": 0.5217409767581537, "gamma": 0.25564511908194887, "lamda": 0.6876461706170501}, "datetime": {"datetime": "2021-07-03 11:22:36", "elapsed": 654.308793, "delta": 1.034235}}
{"target": 0.7899324470288829, "params": {"C": 12.259789507997542, "epsilon": 5.264327394987862, "gamma": 0.3147915734611935, "lamda": 0.8171317580635662}, "datetime": {"datetime": "2021-07-03 11:22:37", "elapsed": 655.610316, "delta": 1.301523}}
{"target": 0.7548297809164723, "params": {"C": 11.397063508449698, "epsilon": 4.298230542884879, "gamma": 0.38240708473128965, "lamda": 0.7716396548003297}, "datetime": {"datetime": "2021-07-03 11:22:38", "elapsed": 656.436109, "delta": 0.825793}}
{"target": 0.45255965207564797, "params": {"C": 7.053039000545831, "epsilon": 6.930042064552461, "gamma": 0.9886909829449049, "lamda": 0.9437357487899806}, "datetime": {"datetime": "2021-07-03 11:22:39", "elapsed": 657.437434, "delta": 1.001325}}
{"target": 0.46706819183428827, "params": {"C": 6.468954335948437, "epsilon": 14.73639715140391, "gamma": 0.8937911211741635, "lamda": 0.4315143985206734}, "datetime": {"datetime": "2021-07-03 11:22:40", "elapsed": 658.585367, "delta": 1.147933}}
{"target": 0.530116358718803, "params": {"C": 9.118089264675568, "epsilon": 12.054416474481721, "gamma": 0.8698555055998913, "lamda": 0.2720806593581586}, "datetime": {"datetime": "2021-07-03 11:22:43", "elapsed": 661.301109, "delta": 2.715742}}
{"target": 0.5881952933180581, "params": {"C": 10.575101156510021, "epsilon": 12.12757268364637, "gamma": 0.7750754336655299, "lamda": 0.589778927468069}, "datetime": {"datetime": "2021-07-03 11:22:44", "elapsed": 662.258552, "delta": 0.957443}}
{"target": 0.5915021588630656, "params": {"C": 8.58892158023931, "epsilon": 10.909652780403002, "gamma": 0.6631466710303808, "lamda": 0.13325892219871177}, "datetime": {"datetime": "2021-07-03 11:22:45", "elapsed": 663.258879, "delta": 1.000327}}
{"target": 0.6265186103496221, "params": {"C": 8.140225732777786, "epsilon": 8.335370401487042, "gamma": 0.5421854383671474, "lamda": 0.6153070057020251}, "datetime": {"datetime": "2021-07-03 11:22:46", "elapsed": 664.402821, "delta": 1.143942}}
{"target": 0.8250942973768269, "params": {"C": 9.78981103044455, "epsilon": 11.488964566598526, "gamma": 0.1495678652454375, "lamda": 0.2814810758198347}, "datetime": {"datetime": "2021-07-03 11:22:47", "elapsed": 665.422099, "delta": 1.019278}}
{"target": 0.48764061013454896, "params": {"C": 5.769597757710309, "epsilon": 3.7698248732362116, "gamma": 0.745097552131398, "lamda": 0.10209265722095198}, "datetime": {"datetime": "2021-07-03 11:22:48", "elapsed": 666.445366, "delta": 1.023267}}
{"target": 0.7291445696309579, "params": {"C": 8.022778018966077, "epsilon": 6.985446403096886, "gamma": 0.3079313700278485, "lamda": 0.779897376298868}, "datetime": {"datetime": "2021-07-03 11:22:49", "elapsed": 667.52847, "delta": 1.083104}}
{"target": 0.7540114184894358, "params": {"C": 11.783650799913548, "epsilon": 7.080809960071561, "gamma": 0.396949662330753, "lamda": 0.12311365642143335}, "datetime": {"datetime": "2021-07-03 11:22:50", "elapsed": 668.676402, "delta": 1.147932}}
{"target": 0.5907819108819732, "params": {"C": 14.35236803467998, "epsilon": 8.973942898158562, "gamma": 0.9074058466999781, "lamda": 0.16037662881262474}, "datetime": {"datetime": "2021-07-03 11:22:52", "elapsed": 669.878193, "delta": 1.201791}}
{"target": 0.5747155444612704, "params": {"C": 7.787510430821207, "epsilon": 1.8859265816732902, "gamma": 0.6539076010329274, "lamda": 0.31970854274487326}, "datetime": {"datetime": "2021-07-03 11:22:53", "elapsed": 670.884502, "delta": 1.006309}}
{"target": -2.6670538009841307, "params": {"C": 14.586570725779248, "epsilon": 11.179400454132846, "gamma": 0.28689620879309147, "lamda": 0.7587382908526158}, "datetime": {"datetime": "2021-07-03 11:23:07", "elapsed": 685.488478, "delta": 14.603976}}
{"target": -2.6070863741531456, "params": {"C": 12.779657215382619, "epsilon": 8.133489874345823, "gamma": 0.2102136196698592, "lamda": 0.6261882951233341}, "datetime": {"datetime": "2021-07-03 11:23:17", "elapsed": 695.317216, "delta": 9.828738}}
{"target": 0.4155530155238819, "params": {"C": 5.320297802882785, "epsilon": 14.71872576644871, "gamma": 0.9603572964487784, "lamda": 0.2139086504328575}, "datetime": {"datetime": "2021-07-03 11:23:18", "elapsed": 696.100123, "delta": 0.782907}}
{"target": -2.996269224131333, "params": {"C": 10.05379376490351, "epsilon": 7.0513136276116795, "gamma": 0.17208409133266825, "lamda": 0.6402832012617866}, "datetime": {"datetime": "2021-07-03 11:23:28", "elapsed": 705.920881, "delta": 9.820758}}
{"target": 0.5002096641165872, "params": {"C": 5.941590473369265, "epsilon": 8.338134151920006, "gamma": 0.7261118041209003, "lamda": 0.8495543942081812}, "datetime": {"datetime": "2021-07-03 11:23:32", "elapsed": 710.489673, "delta": 4.568792}}
{"target": 0.5925460534043084, "params": {"C": 13.844570558066993, "epsilon": 2.099914761030429, "gamma": 0.8790679799113964, "lamda": 0.8517674080966411}, "datetime": {"datetime": "2021-07-03 11:23:34", "elapsed": 711.886939, "delta": 1.397266}}
{"target": 0.8157280876078727, "params": {"C": 12.597596682110007, "epsilon": 0.5200473903359717, "gamma": 0.24061765265116192, "lamda": 0.12652517271028538}, "datetime": {"datetime": "2021-07-03 11:23:35", "elapsed": 712.876295, "delta": 0.989356}}
{"target": 0.6125991174496463, "params": {"C": 6.605232531614979, "epsilon": 9.30640985160918, "gamma": 0.4885600223096558, "lamda": 0.6166054300030014}, "datetime": {"datetime": "2021-07-03 11:23:35", "elapsed": 713.758938, "delta": 0.882643}}
{"target": 0.7268193345753664, "params": {"C": 6.6322628676638296, "epsilon": 11.71098760993041, "gamma": 0.25943950370266977, "lamda": 0.5191140482369077}, "datetime": {"datetime": "2021-07-03 11:23:36", "elapsed": 714.853014, "delta": 1.094076}}
{"target": 0.6453772056539253, "params": {"C": 8.162502953896077, "epsilon": 14.061996317592481, "gamma": 0.48727173581416755, "lamda": 0.6925450606337532}, "datetime": {"datetime": "2021-07-03 11:23:38", "elapsed": 716.406861, "delta": 1.553847}}
{"target": 0.6905429759267621, "params": {"C": 7.512917060755337, "epsilon": 3.374127143273031, "gamma": 0.3705847817979896, "lamda": 0.3080702386686167}, "datetime": {"datetime": "2021-07-03 11:23:40", "elapsed": 718.415494, "delta": 2.008633}}
{"target": 0.5757290107967691, "params": {"C": 5.209403171579493, "epsilon": 13.07707717067365, "gamma": 0.4728691871514534, "lamda": 0.21349484284475323}, "datetime": {"datetime": "2021-07-03 11:23:41", "elapsed": 719.822734, "delta": 1.40724}}
{"target": -3.0097730028216416, "params": {"C": 8.086680718616075, "epsilon": 9.497167912292355, "gamma": 0.21268827304112387, "lamda": 0.957432638593911}, "datetime": {"datetime": "2021-07-03 11:23:58", "elapsed": 736.688666, "delta": 16.865932}}
{"target": -2.7025294529630197, "params": {"C": 12.239449061349518, "epsilon": 12.654815778109674, "gamma": 0.42193527902476186, "lamda": 0.41867617562820336}, "datetime": {"datetime": "2021-07-03 11:24:11", "elapsed": 749.483478, "delta": 12.794812}}
{"target": 0.7034412826426382, "params": {"C": 10.106722956714844, "epsilon": 5.948375440841306, "gamma": 0.4568801785768218, "lamda": 0.8096552531610703}, "datetime": {"datetime": "2021-07-03 11:24:12", "elapsed": 750.400029, "delta": 0.916551}}
{"target": 0.6296548315620867, "params": {"C": 5.8082346952927, "epsilon": 9.694647386090246, "gamma": 0.40763169743987426, "lamda": 0.5254893894095192}, "datetime": {"datetime": "2021-07-03 11:24:14", "elapsed": 752.168305, "delta": 1.768276}}
{"target": 0.58505078739979, "params": {"C": 13.712940879114793, "epsilon": 13.114238439828469, "gamma": 0.9063339918864881, "lamda": 0.21293718957738245}, "datetime": {"datetime": "2021-07-03 11:24:15", "elapsed": 753.331195, "delta": 1.16289}}
{"target": 0.7087738986095249, "params": {"C": 7.451063148036447, "epsilon": 0.4924002708922681, "gamma": 0.3288768932920607, "lamda": 0.14318879522418607}, "datetime": {"datetime": "2021-07-03 11:24:16", "elapsed": 754.658651, "delta": 1.327456}}
{"target": 0.5532102912771946, "params": {"C": 13.564658019333647, "epsilon": 4.069109491211106, "gamma": 0.99775176017236, "lamda": 0.812779713718387}, "datetime": {"datetime": "2021-07-03 11:24:17", "elapsed": 755.571211, "delta": 0.91256}}
{"target": 0.5097603087797062, "params": {"C": 9.310454747492066, "epsilon": 4.028717200619105, "gamma": 0.943583098701297, "lamda": 0.10407700194970324}, "datetime": {"datetime": "2021-07-03 11:24:18", "elapsed": 756.526659, "delta": 0.955448}}
{"target": -1.900687821861391, "params": {"C": 10.644557161863943, "epsilon": 5.964374483495024, "gamma": 0.25359711726357825, "lamda": 0.6957860792095496}, "datetime": {"datetime": "2021-07-03 11:24:26", "elapsed": 764.591109, "delta": 8.06445}}
{"target": 0.7950804915199337, "params": {"C": 10.580972586381272, "epsilon": 6.892702438478115, "gamma": 0.24448002882792325, "lamda": 0.40074096634488987}, "datetime": {"datetime": "2021-07-03 11:24:27", "elapsed": 765.438843, "delta": 0.847734}}
{"target": 0.6946449684940468, "params": {"C": 10.33927513955345, "epsilon": 1.8732016832047138, "gamma": 0.4873603465462574, "lamda": 0.38616280824316507}, "datetime": {"datetime": "2021-07-03 11:24:28", "elapsed": 766.5778, "delta": 1.138957}}
{"target": 0.79340914416694, "params": {"C": 14.203927041247606, "epsilon": 1.9882988834251676, "gamma": 0.3552634534667474, "lamda": 0.8364689000794266}, "datetime": {"datetime": "2021-07-03 11:24:29", "elapsed": 767.45346, "delta": 0.87566}}
{"target": -2.8089143924613516, "params": {"C": 11.223169065020434, "epsilon": 12.375322184698383, "gamma": 0.35273581138896626, "lamda": 0.3857861537025161}, "datetime": {"datetime": "2021-07-03 11:24:39", "elapsed": 777.079738, "delta": 9.626278}}
{"target": -7.545705809231087, "params": {"C": 13.495556979712589, "epsilon": 14.617703874366912, "gamma": 0.09094692960904979, "lamda": 0.2838958760170637}, "datetime": {"datetime": "2021-07-03 11:24:47", "elapsed": 785.114268, "delta": 8.03453}}
{"target": 0.58918140404204, "params": {"C": 6.413590739783991, "epsilon": 2.4941879055343215, "gamma": 0.5335949683203, "lamda": 0.6094943345369188}, "datetime": {"datetime": "2021-07-03 11:24:48", "elapsed": 785.968984, "delta": 0.854716}}
{"target": 0.5752880843733497, "params": {"C": 12.245691691040387, "epsilon": 1.9764345425535579, "gamma": 0.8704893699991372, "lamda": 0.31509907936151565}, "datetime": {"datetime": "2021-07-03 11:24:49", "elapsed": 786.939392, "delta": 0.970408}}
{"target": -6.214246106836518, "params": {"C": 13.977825468355281, "epsilon": 8.039484427361955, "gamma": 0.08699567688517687, "lamda": 0.2929802495164977}, "datetime": {"datetime": "2021-07-03 11:24:55", "elapsed": 793.831974, "delta": 6.892582}}
{"target": -4.098983622064706, "params": {"C": 13.690289202222763, "epsilon": 11.807846541743965, "gamma": 0.195475088995657, "lamda": 0.45770925115431105}, "datetime": {"datetime": "2021-07-03 11:25:03", "elapsed": 801.32297, "delta": 7.490996}}
{"target": 0.6052854714991953, "params": {"C": 13.411493530177093, "epsilon": 0.5179166873570465, "gamma": 0.8258514130615766, "lamda": 0.1450208398614137}, "datetime": {"datetime": "2021-07-03 11:25:04", "elapsed": 802.21657, "delta": 0.8936}}
{"target": 0.5903053002135277, "params": {"C": 13.20771721101831, "epsilon": 2.007686537916711, "gamma": 0.8632837509762098, "lamda": 0.24193811474746266}, "datetime": {"datetime": "2021-07-03 11:25:05", "elapsed": 803.102203, "delta": 0.885633}}
{"target": -6.368688889332187, "params": {"C": 11.316711393769253, "epsilon": 8.270656469006546, "gamma": 0.07783296823009712, "lamda": 0.9337516065740358}, "datetime": {"datetime": "2021-07-03 11:25:14", "elapsed": 811.925627, "delta": 8.823424}}
{"target": 0.6637610595968623, "params": {"C": 9.455889793490776, "epsilon": 5.637065214606597, "gamma": 0.5201705537153616, "lamda": 0.7046822725436397}, "datetime": {"datetime": "2021-07-03 11:25:14", "elapsed": 812.788322, "delta": 0.862695}}
{"target": 0.6751197926978381, "params": {"C": 13.954435803365945, "epsilon": 0.1552627024164407, "gamma": 0.6556882961885907, "lamda": 0.2203819235633217}, "datetime": {"datetime": "2021-07-03 11:25:16", "elapsed": 814.145695, "delta": 1.357373}}
{"target": 0.5430014992158007, "params": {"C": 11.906001524638302, "epsilon": 10.008012357010276, "gamma": 0.9724479866524086, "lamda": 0.27134256923600053}, "datetime": {"datetime": "2021-07-03 11:25:17", "elapsed": 814.94057, "delta": 0.794875}}
{"target": 0.6605821476644211, "params": {"C": 11.654529397714038, "epsilon": 2.08507406511344, "gamma": 0.620309489985351, "lamda": 0.6266836839683956}, "datetime": {"datetime": "2021-07-03 11:25:17", "elapsed": 815.841163, "delta": 0.900593}}
{"target": 0.7412068824025679, "params": {"C": 8.498107696361705, "epsilon": 13.964782952114199, "gamma": 0.2983359424719916, "lamda": 0.30056578722634963}, "datetime": {"datetime": "2021-07-03 11:25:18", "elapsed": 816.828524, "delta": 0.987361}}
{"target": 0.6744034261795468, "params": {"C": 11.573220771082955, "epsilon": 13.385179831660615, "gamma": 0.5864593555111063, "lamda": 0.35353211938931206}, "datetime": {"datetime": "2021-07-03 11:25:19", "elapsed": 817.733108, "delta": 0.904584}}
{"target": -2.2443141886764666, "params": {"C": 11.811378573889515, "epsilon": 12.105972031219698, "gamma": 0.5917177235517215, "lamda": 0.9202438171134454}, "datetime": {"datetime": "2021-07-03 11:25:27", "elapsed": 825.690845, "delta": 7.957737}}
{"target": 0.5783693439369739, "params": {"C": 9.968944093395132, "epsilon": 7.342053105313935, "gamma": 0.772768043312307, "lamda": 0.6932142153994404}, "datetime": {"datetime": "2021-07-03 11:25:28", "elapsed": 826.674217, "delta": 0.983372}}
{"target": 0.5571490989193832, "params": {"C": 12.57901456117243, "epsilon": 12.022276685628725, "gamma": 0.9544447187985662, "lamda": 0.2302988573037405}, "datetime": {"datetime": "2021-07-03 11:25:29", "elapsed": 827.622682, "delta": 0.948465}}
{"target": 0.5631608267859229, "params": {"C": 8.281205956832933, "epsilon": 10.345965057587188, "gamma": 0.7250285737344386, "lamda": 0.8509495081643378}, "datetime": {"datetime": "2021-07-03 11:25:30", "elapsed": 828.547211, "delta": 0.924529}}
{"target": 0.5268664161389345, "params": {"C": 6.462058160264068, "epsilon": 10.30944990461003, "gamma": 0.696906742972376, "lamda": 0.5864007755948862}, "datetime": {"datetime": "2021-07-03 11:25:31", "elapsed": 829.456781, "delta": 0.90957}}
{"target": 0.6704597496202415, "params": {"C": 6.319508994519504, "epsilon": 9.29223877624828, "gamma": 0.35231476468912276, "lamda": 0.9910029021929304}, "datetime": {"datetime": "2021-07-03 11:25:32", "elapsed": 830.401259, "delta": 0.944478}}
{"target": -3.707469869715344, "params": {"C": 11.48292184546446, "epsilon": 14.601299423156352, "gamma": 0.3307451161449833, "lamda": 0.4463190946010289}, "datetime": {"datetime": "2021-07-03 11:25:43", "elapsed": 841.74645, "delta": 11.345191}}
{"target": 0.7675600027504186, "params": {"C": 9.537052343921046, "epsilon": 10.015789994546854, "gamma": 0.27657689407034053, "lamda": 0.29527858293370435}, "datetime": {"datetime": "2021-07-03 11:25:44", "elapsed": 842.717854, "delta": 0.971404}}
{"target": -4.64356560516082, "params": {"C": 7.636544272914528, "epsilon": 5.2255868847864235, "gamma": 0.1207677440502507, "lamda": 0.40707613515355867}, "datetime": {"datetime": "2021-07-03 11:25:50", "elapsed": 848.585176, "delta": 5.867322}}
{"target": -3.5000487166039544, "params": {"C": 9.353378086238003, "epsilon": 14.825217573951193, "gamma": 0.3543501612880475, "lamda": 0.5495563390039352}, "datetime": {"datetime": "2021-07-03 11:26:04", "elapsed": 862.056182, "delta": 13.471006}}
{"target": -3.7841791858747253, "params": {"C": 13.226108739143696, "epsilon": 10.396197285007636, "gamma": 0.16107549857840697, "lamda": 0.9628928837358369}, "datetime": {"datetime": "2021-07-03 11:26:14", "elapsed": 872.263909, "delta": 10.207727}}
{"target": -2.0024537181205293, "params": {"C": 12.042375405545311, "epsilon": 11.400036835048112, "gamma": 0.6578479151886458, "lamda": 0.5386517881235745}, "datetime": {"datetime": "2021-07-03 11:26:27", "elapsed": 885.545416, "delta": 13.281507}}
{"target": 0.52355271099096, "params": {"C": 9.048393906917962, "epsilon": 5.76649074208042, "gamma": 0.8809351472621576, "lamda": 0.536135499510114}, "datetime": {"datetime": "2021-07-03 11:26:28", "elapsed": 886.824997, "delta": 1.279581}}
{"target": 0.6633298965628412, "params": {"C": 12.479488094303429, "epsilon": 8.265194903848222, "gamma": 0.6444891621664792, "lamda": 0.4412103592460669}, "datetime": {"datetime": "2021-07-03 11:26:30", "elapsed": 888.456637, "delta": 1.63164}}
