{"target": 0.7285326154461077, "params": {"C": 8.334619440718317, "epsilon": 5.673832892232449, "gamma": 0.3234836026508749, "lamda": 0.594598031464457}, "datetime": {"datetime": "2021-07-03 11:17:57", "elapsed": 375.732176, "delta": 0.550528}}
{"target": 0.43341934392997916, "params": {"C": 5.035389986853874, "epsilon": 12.928759985820781, "gamma": 0.8575872877908336, "lamda": 0.32412360039693466}, "datetime": {"datetime": "2021-07-03 11:17:58", "elapsed": 376.293676, "delta": 0.5615}}
{"target": -6.563097526667269, "params": {"C": 5.978910634428444, "epsilon": 9.578874785471529, "gamma": 0.07943095349491924, "lamda": 0.9732290471134296}, "datetime": {"datetime": "2021-07-03 11:18:06", "elapsed": 384.319232, "delta": 8.025556}}
{"target": 0.7382789896666011, "params": {"C": 5.103496252463793, "epsilon": 4.781578594495439, "gamma": 0.18320552370553222, "lamda": 0.12697922933613948}, "datetime": {"datetime": "2021-07-03 11:18:07", "elapsed": 384.912646, "delta": 0.593414}}
{"target": 0.8279310454739607, "params": {"C": 14.803202380895787, "epsilon": 3.1038238504326565, "gamma": 0.2504545553179526, "lamda": 0.6921338307366315}, "datetime": {"datetime": "2021-07-03 11:18:07", "elapsed": 385.459185, "delta": 0.546539}}
{"target": 0.5564480821605451, "params": {"C": 7.097885648359076, "epsilon": 2.3822491240216945, "gamma": 0.6580982592850252, "lamda": 0.42690416310937807}, "datetime": {"datetime": "2021-07-03 11:18:08", "elapsed": 386.002732, "delta": 0.543547}}
{"target": 0.6573900968581117, "params": {"C": 13.667390763857647, "epsilon": 8.84753315611025, "gamma": 0.6959795592575253, "lamda": 0.5758139526770136}, "datetime": {"datetime": "2021-07-03 11:18:08", "elapsed": 386.676932, "delta": 0.6742}}
{"target": 0.6936744377488941, "params": {"C": 11.075893366461766, "epsilon": 10.33955667766102, "gamma": 0.521129087835247, "lamda": 0.5115896443853705}, "datetime": {"datetime": "2021-07-03 11:18:09", "elapsed": 387.43391, "delta": 0.756978}}
{"target": -5.502024058683207, "params": {"C": 11.68419053163658, "epsilon": 6.082528164599159, "gamma": 0.09091534577674597, "lamda": 0.9351346189252088}, "datetime": {"datetime": "2021-07-03 11:18:17", "elapsed": 395.59211, "delta": 8.1582}}
{"target": -1.9799351861820869, "params": {"C": 13.23350214572771, "epsilon": 6.102139754767931, "gamma": 0.22449355002497684, "lamda": 0.8624876846274471}, "datetime": {"datetime": "2021-07-03 11:18:27", "elapsed": 405.021913, "delta": 9.429803}}
{"target": 0.7827529447416751, "params": {"C": 14.95438394182531, "epsilon": 1.9109946475210853, "gamma": 0.4064059086952879, "lamda": 0.5590579205325372}, "datetime": {"datetime": "2021-07-03 11:18:27", "elapsed": 405.638265, "delta": 0.616352}}
{"target": -2.7485140293283306, "params": {"C": 9.577587229147687, "epsilon": 11.805721301042887, "gamma": 0.33420642007827833, "lamda": 0.9473683369385623}, "datetime": {"datetime": "2021-07-03 11:18:39", "elapsed": 417.213337, "delta": 11.575072}}
{"target": 0.7063174509061159, "params": {"C": 12.505843111174581, "epsilon": 6.262293627896946, "gamma": 0.5381119955042463, "lamda": 0.7571350273022605}, "datetime": {"datetime": "2021-07-03 11:18:39", "elapsed": 417.784808, "delta": 0.571471}}
{"target": 0.6679762455011695, "params": {"C": 7.787092200844706, "epsilon": 5.096887461083267, "gamma": 0.43296349961507735, "lamda": 0.15177487718004845}, "datetime": {"datetime": "2021-07-03 11:18:40", "elapsed": 418.337334, "delta": 0.552526}}
{"target": 0.7233170751562366, "params": {"C": 7.236044850232962, "epsilon": 9.417734689269253, "gamma": 0.2893736256003949, "lamda": 0.7124991704651672}, "datetime": {"datetime": "2021-07-03 11:18:41", "elapsed": 418.894841, "delta": 0.557507}}
{"target": -5.528526784617951, "params": {"C": 12.664755196581876, "epsilon": 7.810515479180092, "gamma": 0.08389747698871657, "lamda": 0.9671891279081433}, "datetime": {"datetime": "2021-07-03 11:18:49", "elapsed": 427.14779, "delta": 8.252949}}
{"target": 0.5862296715703585, "params": {"C": 10.264625992111007, "epsilon": 10.557478757028735, "gamma": 0.7663478686299969, "lamda": 0.8204679987609764}, "datetime": {"datetime": "2021-07-03 11:18:49", "elapsed": 427.721258, "delta": 0.573468}}
{"target": 0.5695693395749526, "params": {"C": 12.36128259472501, "epsilon": 6.024335184307754, "gamma": 0.8966204061008894, "lamda": 0.76919579565991}, "datetime": {"datetime": "2021-07-03 11:18:50", "elapsed": 428.250844, "delta": 0.529586}}
{"target": 0.5742830281371474, "params": {"C": 9.220418330213551, "epsilon": 3.5428645909546286, "gamma": 0.7404671540264409, "lamda": 0.940550699701369}, "datetime": {"datetime": "2021-07-03 11:18:50", "elapsed": 428.82431, "delta": 0.573466}}
{"target": -2.939034651040821, "params": {"C": 13.383035849385248, "epsilon": 11.267280640079342, "gamma": 0.28146682188372124, "lamda": 0.9776660538654178}, "datetime": {"datetime": "2021-07-03 11:18:56", "elapsed": 434.013445, "delta": 5.189135}}
{"target": 0.7001016592600219, "params": {"C": 12.869397124512519, "epsilon": 10.396759430468506, "gamma": 0.5650842944606264, "lamda": 0.2725909248072228}, "datetime": {"datetime": "2021-07-03 11:18:56", "elapsed": 434.677669, "delta": 0.664224}}
{"target": 0.6637164687259014, "params": {"C": 5.053578008994011, "epsilon": 13.076983920997652, "gamma": 0.3098829354958326, "lamda": 0.7499619053003853}, "datetime": {"datetime": "2021-07-03 11:18:57", "elapsed": 435.314966, "delta": 0.637297}}
{"target": 0.5807449099171296, "params": {"C": 9.445508645242288, "epsilon": 2.314761867346227, "gamma": 0.7322042075355117, "lamda": 0.5173535553286301}, "datetime": {"datetime": "2021-07-03 11:18:58", "elapsed": 435.974205, "delta": 0.659239}}
{"target": -2.2790373170540517, "params": {"C": 14.611207919721473, "epsilon": 11.82334049982032, "gamma": 0.5086539860089034, "lamda": 0.9987768764631989}, "datetime": {"datetime": "2021-07-03 11:19:05", "elapsed": 443.753419, "delta": 7.779214}}
{"target": -2.177070916450789, "params": {"C": 11.479931457954297, "epsilon": 10.31629836442442, "gamma": 0.3586888765177707, "lamda": 0.8756977515097473}, "datetime": {"datetime": "2021-07-03 11:19:13", "elapsed": 451.633361, "delta": 7.879942}}
{"target": 0.6126407004998915, "params": {"C": 7.001750311943371, "epsilon": 5.87891952230041, "gamma": 0.512075077374297, "lamda": 0.7602403346776114}, "datetime": {"datetime": "2021-07-03 11:19:14", "elapsed": 452.413277, "delta": 0.779916}}
{"target": 0.7439862155533404, "params": {"C": 14.929186160079276, "epsilon": 0.38540645913332827, "gamma": 0.5100655395487291, "lamda": 0.8005176801843703}, "datetime": {"datetime": "2021-07-03 11:19:15", "elapsed": 452.969792, "delta": 0.556515}}
{"target": -5.656288298321657, "params": {"C": 8.517250250558153, "epsilon": 6.236076313680823, "gamma": 0.05999876958647375, "lamda": 0.29977660443514187}, "datetime": {"datetime": "2021-07-03 11:19:21", "elapsed": 459.710779, "delta": 6.740987}}
{"target": -1.5007977307126121, "params": {"C": 13.443728756009527, "epsilon": 9.72158674520994, "gamma": 0.6929064510636662, "lamda": 0.6728707973286068}, "datetime": {"datetime": "2021-07-03 11:19:29", "elapsed": 467.818115, "delta": 8.107336}}
{"target": -4.843700315587173, "params": {"C": 7.666002758538125, "epsilon": 1.6931583459458361, "gamma": 0.07057549386911365, "lamda": 0.28021864300071764}, "datetime": {"datetime": "2021-07-03 11:19:37", "elapsed": 475.183434, "delta": 7.365319}}
{"target": -4.292602066670245, "params": {"C": 7.0308314318039, "epsilon": 0.10497631028951625, "gamma": 0.08395936068985299, "lamda": 0.7161324441665686}, "datetime": {"datetime": "2021-07-03 11:19:46", "elapsed": 483.955992, "delta": 8.772558}}
{"target": 0.7700461454235734, "params": {"C": 13.242829972198795, "epsilon": 5.385183116929184, "gamma": 0.39989422736512886, "lamda": 0.29591625180632264}, "datetime": {"datetime": "2021-07-03 11:19:46", "elapsed": 484.520484, "delta": 0.564492}}
{"target": 0.5791004731312674, "params": {"C": 7.6581045459864185, "epsilon": 10.894330919274903, "gamma": 0.6379684312245479, "lamda": 0.7195577812668457}, "datetime": {"datetime": "2021-07-03 11:19:47", "elapsed": 485.144815, "delta": 0.624331}}
{"target": 0.7516150221367524, "params": {"C": 12.718913335548997, "epsilon": 7.981369203333899, "gamma": 0.43257487938344974, "lamda": 0.6332975470866602}, "datetime": {"datetime": "2021-07-03 11:19:47", "elapsed": 485.731248, "delta": 0.586433}}
{"target": -7.5855615487872114, "params": {"C": 10.633062721195, "epsilon": 13.015753559106187, "gamma": 0.05419687244315689, "lamda": 0.1710982745743656}, "datetime": {"datetime": "2021-07-03 11:19:53", "elapsed": 491.039065, "delta": 5.307817}}
{"target": 0.8550300416133985, "params": {"C": 13.729778252937958, "epsilon": 1.4546460554054659, "gamma": 0.14109159725121634, "lamda": 0.7303583685356225}, "datetime": {"datetime": "2021-07-03 11:19:53", "elapsed": 491.731219, "delta": 0.692154}}
{"target": -3.344334300727719, "params": {"C": 10.864204179137083, "epsilon": 7.049793544529242, "gamma": 0.1503015287626624, "lamda": 0.9122738467042131}, "datetime": {"datetime": "2021-07-03 11:20:01", "elapsed": 499.365817, "delta": 7.634598}}
{"target": -2.898922019503839, "params": {"C": 8.865306915506851, "epsilon": 9.95363211443451, "gamma": 0.22375154263223218, "lamda": 0.7881195497657417}, "datetime": {"datetime": "2021-07-03 11:20:11", "elapsed": 509.756053, "delta": 10.390236}}
{"target": -4.838142918072715, "params": {"C": 14.80179656294993, "epsilon": 6.372138367640159, "gamma": 0.04019094918974179, "lamda": 0.23327507354605306}, "datetime": {"datetime": "2021-07-03 11:20:26", "elapsed": 524.68516, "delta": 14.929107}}
{"target": 0.6203077676475814, "params": {"C": 10.109079125918802, "epsilon": 10.327988783941274, "gamma": 0.6648950916771181, "lamda": 0.8642947173531997}, "datetime": {"datetime": "2021-07-03 11:20:28", "elapsed": 526.043531, "delta": 1.358371}}
{"target": -2.867957239403998, "params": {"C": 11.465051872774104, "epsilon": 0.9236774301892775, "gamma": 0.1394051240812041, "lamda": 0.8860150433854136}, "datetime": {"datetime": "2021-07-03 11:20:37", "elapsed": 534.966688, "delta": 8.923157}}
{"target": 0.48354545723188047, "params": {"C": 8.192585407864879, "epsilon": 1.4063947850670546, "gamma": 0.9524093427273169, "lamda": 0.9292569525789993}, "datetime": {"datetime": "2021-07-03 11:20:38", "elapsed": 535.87127, "delta": 0.904582}}
{"target": 0.7761703642217556, "params": {"C": 5.7604035835672835, "epsilon": 8.989524279361746, "gamma": 0.14306581590012946, "lamda": 0.3440812882529293}, "datetime": {"datetime": "2021-07-03 11:20:39", "elapsed": 537.219667, "delta": 1.348397}}
{"target": 0.49664756318067993, "params": {"C": 7.203692168355989, "epsilon": 8.618598102542618, "gamma": 0.850953814569306, "lamda": 0.33655781713909877}, "datetime": {"datetime": "2021-07-03 11:20:40", "elapsed": 537.956698, "delta": 0.737031}}
{"target": 0.5842879906419158, "params": {"C": 7.818238534194485, "epsilon": 1.5170713889499896, "gamma": 0.6305740385889131, "lamda": 0.15438994636564715}, "datetime": {"datetime": "2021-07-03 11:20:40", "elapsed": 538.691734, "delta": 0.735036}}
{"target": 0.8020440463954117, "params": {"C": 7.596608391683749, "epsilon": 3.535201978519841, "gamma": 0.14539823386336406, "lamda": 0.14380545608701087}, "datetime": {"datetime": "2021-07-03 11:20:41", "elapsed": 539.461677, "delta": 0.769943}}
{"target": 0.646264421511303, "params": {"C": 10.750687002135244, "epsilon": 5.8982067259777144, "gamma": 0.6218198284883282, "lamda": 0.5458072497639762}, "datetime": {"datetime": "2021-07-03 11:20:42", "elapsed": 540.356286, "delta": 0.894609}}
{"target": 0.6874956668043299, "params": {"C": 12.738422127855705, "epsilon": 1.553717129912133, "gamma": 0.589920268353065, "lamda": 0.23773980176475656}, "datetime": {"datetime": "2021-07-03 11:20:43", "elapsed": 541.142186, "delta": 0.7859}}
{"target": 0.5586060954248323, "params": {"C": 13.42375711604688, "epsilon": 12.194198424915518, "gamma": 0.9824201377152725, "lamda": 0.45028877075317697}, "datetime": {"datetime": "2021-07-03 11:20:44", "elapsed": 542.338987, "delta": 1.196801}}
{"target": 0.5705397577649094, "params": {"C": 14.15394849657895, "epsilon": 3.5097338664388316, "gamma": 0.9611102053649545, "lamda": 0.44081677169100997}, "datetime": {"datetime": "2021-07-03 11:20:45", "elapsed": 542.988252, "delta": 0.649265}}
{"target": 0.8218691128976452, "params": {"C": 8.203811928286012, "epsilon": 10.008884658492823, "gamma": 0.0264993763492948, "lamda": 0.17030413227831037}, "datetime": {"datetime": "2021-07-03 11:20:45", "elapsed": 543.687385, "delta": 0.699133}}
{"target": 0.5722548879263385, "params": {"C": 9.761206574168577, "epsilon": 11.062750962967819, "gamma": 0.7822768879260308, "lamda": 0.5946651044911787}, "datetime": {"datetime": "2021-07-03 11:20:46", "elapsed": 544.280799, "delta": 0.593414}}
{"target": 0.4891278407383076, "params": {"C": 9.00645275182201, "epsilon": 1.7412580021036304, "gamma": 0.9893524008188009, "lamda": 0.5709809385916387}, "datetime": {"datetime": "2021-07-03 11:20:47", "elapsed": 544.887178, "delta": 0.606379}}
{"target": 0.5796669133746419, "params": {"C": 12.504313069391648, "epsilon": 1.5850153189111174, "gamma": 0.8672020816487642, "lamda": 0.5793383785529297}, "datetime": {"datetime": "2021-07-03 11:20:47", "elapsed": 545.495554, "delta": 0.608376}}
{"target": 0.5979616371474736, "params": {"C": 6.870006040012203, "epsilon": 7.270204754639367, "gamma": 0.536384298616132, "lamda": 0.7496171208385106}, "datetime": {"datetime": "2021-07-03 11:20:48", "elapsed": 546.223607, "delta": 0.728053}}
{"target": 0.49650315719463156, "params": {"C": 9.289346561688635, "epsilon": 1.7495996427341698, "gamma": 0.9817472173184711, "lamda": 0.9634234160247681}, "datetime": {"datetime": "2021-07-03 11:20:49", "elapsed": 546.871874, "delta": 0.648267}}
{"target": 0.56687325834415, "params": {"C": 5.490369991040252, "epsilon": 10.485229726002501, "gamma": 0.5103149283385264, "lamda": 0.1657454716112552}, "datetime": {"datetime": "2021-07-03 11:20:49", "elapsed": 547.71961, "delta": 0.847736}}
{"target": -8.21422070921529, "params": {"C": 8.991459677014056, "epsilon": 14.832667856787602, "gamma": 0.049724345700425734, "lamda": 0.3471116460532905}, "datetime": {"datetime": "2021-07-03 11:20:54", "elapsed": 552.814995, "delta": 5.095385}}
{"target": 0.6370830297143328, "params": {"C": 12.908818011601534, "epsilon": 0.2501115418459602, "gamma": 0.7215156506450364, "lamda": 0.7116499768010317}, "datetime": {"datetime": "2021-07-03 11:20:55", "elapsed": 553.65475, "delta": 0.839755}}
{"target": -2.050496572537066, "params": {"C": 8.384396228294698, "epsilon": 7.850247355477006, "gamma": 0.29561004633826843, "lamda": 0.7615521749426258}, "datetime": {"datetime": "2021-07-03 11:21:03", "elapsed": 561.461889, "delta": 7.807139}}
{"target": 0.5038755757015572, "params": {"C": 7.368904438152638, "epsilon": 4.626526313003439, "gamma": 0.8298228612997391, "lamda": 0.738017315456798}, "datetime": {"datetime": "2021-07-03 11:21:04", "elapsed": 562.12013, "delta": 0.658241}}
{"target": 0.4815301140616849, "params": {"C": 8.616290755027151, "epsilon": 1.8529909104755609, "gamma": 0.9913989746467742, "lamda": 0.13230082257017245}, "datetime": {"datetime": "2021-07-03 11:21:04", "elapsed": 562.757427, "delta": 0.637297}}
{"target": 0.8053215177776384, "params": {"C": 10.834761875847576, "epsilon": 2.5806071366046868, "gamma": 0.22529882055030687, "lamda": 0.8746001564530467}, "datetime": {"datetime": "2021-07-03 11:21:05", "elapsed": 563.442596, "delta": 0.685169}}
{"target": 0.46985941050853286, "params": {"C": 7.810926209840017, "epsilon": 13.063637348528873, "gamma": 0.9965084684409505, "lamda": 0.6387502395905721}, "datetime": {"datetime": "2021-07-03 11:21:06", "elapsed": 564.350172, "delta": 0.907576}}
{"target": 0.8001393939780715, "params": {"C": 10.977900271353604, "epsilon": 13.567358360414392, "gamma": 0.24377629063498932, "lamda": 0.20413609862561383}, "datetime": {"datetime": "2021-07-03 11:21:07", "elapsed": 565.309608, "delta": 0.959436}}
{"target": 0.7429092350411015, "params": {"C": 6.869474476824294, "epsilon": 6.148194177854875, "gamma": 0.23677292544195827, "lamda": 0.5062165010066467}, "datetime": {"datetime": "2021-07-03 11:21:08", "elapsed": 566.192249, "delta": 0.882641}}
{"target": 0.5527124211573866, "params": {"C": 8.854805271993696, "epsilon": 6.859448568278719, "gamma": 0.7873507398727365, "lamda": 0.3055807106614163}, "datetime": {"datetime": "2021-07-03 11:21:09", "elapsed": 567.385062, "delta": 1.192813}}
{"target": 0.5804538848209766, "params": {"C": 6.209738889096337, "epsilon": 1.77208859713235, "gamma": 0.5408797518134192, "lamda": 0.1426751945762717}, "datetime": {"datetime": "2021-07-03 11:21:10", "elapsed": 568.103144, "delta": 0.718082}}
{"target": 0.5013726733045546, "params": {"C": 5.560435165117545, "epsilon": 7.492709452481474, "gamma": 0.6871865846526942, "lamda": 0.6215470222986432}, "datetime": {"datetime": "2021-07-03 11:21:10", "elapsed": 568.743432, "delta": 0.640288}}
{"target": -5.226068169912301, "params": {"C": 9.8633304911049, "epsilon": 7.223430354877957, "gamma": 0.10387247647013619, "lamda": 0.8879093441186888}, "datetime": {"datetime": "2021-07-03 11:21:18", "elapsed": 576.287274, "delta": 7.543842}}
{"target": 0.673841383407759, "params": {"C": 11.52839723205645, "epsilon": 13.49692959135414, "gamma": 0.586271654977248, "lamda": 0.5008558935458611}, "datetime": {"datetime": "2021-07-03 11:21:19", "elapsed": 576.995384, "delta": 0.70811}}
{"target": 0.5016344225085462, "params": {"C": 6.057551734185002, "epsilon": 12.145483628217262, "gamma": 0.7332499616144841, "lamda": 0.10700213481035609}, "datetime": {"datetime": "2021-07-03 11:21:19", "elapsed": 577.661615, "delta": 0.666231}}
{"target": 0.4615420931718841, "params": {"C": 7.259812805116938, "epsilon": 1.4710608353166008, "gamma": 0.9540202078335499, "lamda": 0.30550569946511785}, "datetime": {"datetime": "2021-07-03 11:21:20", "elapsed": 578.638991, "delta": 0.977376}}
{"target": 0.544817625166167, "params": {"C": 7.967476301965846, "epsilon": 7.880650450011188, "gamma": 0.7587207914749696, "lamda": 0.4845767207391525}, "datetime": {"datetime": "2021-07-03 11:21:21", "elapsed": 579.556539, "delta": 0.917548}}
{"target": -2.8472297696770266, "params": {"C": 14.086433683842277, "epsilon": 11.736604716318492, "gamma": 0.32525044118640384, "lamda": 0.2778887565547392}, "datetime": {"datetime": "2021-07-03 11:21:32", "elapsed": 590.751624, "delta": 11.195085}}
{"target": 0.6054894416218999, "params": {"C": 14.32322089846828, "epsilon": 4.329942981780999, "gamma": 0.8571988510864383, "lamda": 0.8882731764893524}, "datetime": {"datetime": "2021-07-03 11:21:33", "elapsed": 591.42682, "delta": 0.675196}}
{"target": 0.5911131661440643, "params": {"C": 11.055779994457637, "epsilon": 9.03360278133627, "gamma": 0.786612420963391, "lamda": 0.9877003373335541}, "datetime": {"datetime": "2021-07-03 11:21:34", "elapsed": 592.388251, "delta": 0.961431}}
{"target": 0.47763318150223066, "params": {"C": 5.6350475906113875, "epsilon": 0.30980698589796635, "gamma": 0.7561036101928126, "lamda": 0.572032078238129}, "datetime": {"datetime": "2021-07-03 11:21:35", "elapsed": 593.080401, "delta": 0.69215}}
{"target": 0.7583298225315422, "params": {"C": 12.193789067644522, "epsilon": 4.149534361605723, "gamma": 0.3989813280420312, "lamda": 0.8933715131978769}, "datetime": {"datetime": "2021-07-03 11:21:35", "elapsed": 593.787512, "delta": 0.707111}}
{"target": 0.7413589054991124, "params": {"C": 5.771272052627935, "epsilon": 2.4620727232053095, "gamma": 0.20230297369642455, "lamda": 0.4316699140645037}, "datetime": {"datetime": "2021-07-03 11:21:36", "elapsed": 594.489644, "delta": 0.702132}}
{"target": -5.340303136116454, "params": {"C": 13.42304088500115, "epsilon": 0.5736172382969811, "gamma": 0.03796620362295342, "lamda": 0.9693541353800373}, "datetime": {"datetime": "2021-07-03 11:21:45", "elapsed": 602.910135, "delta": 8.420491}}
{"target": 0.6073428612477328, "params": {"C": 13.08295770219101, "epsilon": 4.6150676845341945, "gamma": 0.8117671969456188, "lamda": 0.9519811259871256}, "datetime": {"datetime": "2021-07-03 11:21:45", "elapsed": 603.600291, "delta": 0.690156}}
{"target": 0.7260631239734092, "params": {"C": 7.33443459326787, "epsilon": 0.8969516911379967, "gamma": 0.2878238298464452, "lamda": 0.20393844839921882}, "datetime": {"datetime": "2021-07-03 11:21:46", "elapsed": 604.256537, "delta": 0.656246}}
{"target": 0.6875944420948382, "params": {"C": 12.655037247603147, "epsilon": 8.693231059510751, "gamma": 0.5893900095355183, "lamda": 0.19750714184542323}, "datetime": {"datetime": "2021-07-03 11:21:47", "elapsed": 605.125216, "delta": 0.868679}}
{"target": 0.7673961684918158, "params": {"C": 8.416225934959488, "epsilon": 9.954214404168123, "gamma": 0.23884985662048921, "lamda": 0.21885389930069615}, "datetime": {"datetime": "2021-07-03 11:21:47", "elapsed": 605.819361, "delta": 0.694145}}
{"target": 0.6144680282189021, "params": {"C": 11.743395263786564, "epsilon": 3.595234015230778, "gamma": 0.7423322467970511, "lamda": 0.48512292590057104}, "datetime": {"datetime": "2021-07-03 11:21:48", "elapsed": 606.567363, "delta": 0.748002}}
{"target": 0.622181804505497, "params": {"C": 7.8518208429079195, "epsilon": 6.841645046020471, "gamma": 0.5365036800417315, "lamda": 0.9544837632180865}, "datetime": {"datetime": "2021-07-03 11:21:49", "elapsed": 607.285444, "delta": 0.718081}}
{"target": 0.5614406156167755, "params": {"C": 14.246777195835827, "epsilon": 2.1660750514325375, "gamma": 0.9930287932429508, "lamda": 0.7369142345186287}, "datetime": {"datetime": "2021-07-03 11:21:50", "elapsed": 608.200998, "delta": 0.915554}}
{"target": 0.6252428086324457, "params": {"C": 7.95300496173967, "epsilon": 12.9291402638963, "gamma": 0.5288525048871571, "lamda": 0.5059363998349006}, "datetime": {"datetime": "2021-07-03 11:21:51", "elapsed": 609.054716, "delta": 0.853718}}
