{"target": 0.8880136837404803, "params": {"C": 56.68009329463857, "epsilon": 9.164157633235037, "gamma": 0.11750506870574312, "lamda": 0.17526959759506583}, "datetime": {"datetime": "2021-09-19 16:18:25", "elapsed": 1484.944451, "delta": 1.003202}}
{"target": 0.8777455352479079, "params": {"C": 56.529949564724745, "epsilon": 8.674865513218602, "gamma": 0.1416939444568634, "lamda": 0.2528134506891751}, "datetime": {"datetime": "2021-09-19 16:18:26", "elapsed": 1485.803821, "delta": 0.85937}}
{"target": -2.6482989999423276, "params": {"C": 58.69405841648054, "epsilon": 4.443358907276998, "gamma": 0.05282930301707092, "lamda": 0.11687817707119115}, "datetime": {"datetime": "2021-09-19 16:18:35", "elapsed": 1494.91721, "delta": 9.113389}}
{"target": 0.8629837340161666, "params": {"C": 34.476429472865384, "epsilon": 4.452172549672804, "gamma": 0.16877270346546822, "lamda": 0.17242059132986193}, "datetime": {"datetime": "2021-09-19 16:18:36", "elapsed": 1495.745333, "delta": 0.828123}}
{"target": 0.8585804390616676, "params": {"C": 67.55352010556308, "epsilon": 12.873208424031247, "gamma": 0.1904729138117589, "lamda": 0.5138976067988806}, "datetime": {"datetime": "2021-09-19 16:18:37", "elapsed": 1496.685422, "delta": 0.940089}}
{"target": -3.159630454321693, "params": {"C": 30.648457814327713, "epsilon": 9.11793521035041, "gamma": 0.0882148837662852, "lamda": 0.663319905994383}, "datetime": {"datetime": "2021-09-19 16:18:52", "elapsed": 1511.407013, "delta": 14.721591}}
{"target": -4.278171934717543, "params": {"C": 31.008803676269107, "epsilon": 11.646776906414878, "gamma": 0.06235171723582733, "lamda": 0.6391581553156299}, "datetime": {"datetime": "2021-09-19 16:19:07", "elapsed": 1526.578966, "delta": 15.171953}}
{"target": -3.665540509408948, "params": {"C": 72.69002463614606, "epsilon": 13.388914769263916, "gamma": 0.1037216557010854, "lamda": 1.028262957396161}, "datetime": {"datetime": "2021-09-19 16:19:22", "elapsed": 1541.599382, "delta": 15.020416}}
{"target": -1.1416777610015583, "params": {"C": 63.83152704838122, "epsilon": 7.8061138709244355, "gamma": 0.1458437555128964, "lamda": 0.4653122037609827}, "datetime": {"datetime": "2021-09-19 16:19:36", "elapsed": 1555.480357, "delta": 13.880975}}
{"target": -3.198866079209437, "params": {"C": 41.25181664821553, "epsilon": 8.481295553495254, "gamma": 0.07531685134266956, "lamda": 0.7627933668926664}, "datetime": {"datetime": "2021-09-19 16:19:51", "elapsed": 1570.298434, "delta": 14.818077}}
{"target": 0.8555993300166366, "params": {"C": 20.40977269863519, "epsilon": 10.315801986434382, "gamma": 0.15990764358713522, "lamda": 0.020920412904415257}, "datetime": {"datetime": "2021-09-19 16:19:52", "elapsed": 1571.191027, "delta": 0.892593}}
{"target": -1.3324562316019688, "params": {"C": 65.7686696147106, "epsilon": 1.795217054087379, "gamma": 0.11910182933795388, "lamda": 1.1407664522672374}, "datetime": {"datetime": "2021-09-19 16:20:06", "elapsed": 1585.177065, "delta": 13.986038}}
{"target": 0.8676983531206026, "params": {"C": 54.3447150985101, "epsilon": 4.820832903150412, "gamma": 0.16416262762284112, "lamda": 0.7613487704326413}, "datetime": {"datetime": "2021-09-19 16:20:07", "elapsed": 1586.06769, "delta": 0.890625}}
{"target": -3.3038394284546184, "params": {"C": 50.02367974927729, "epsilon": 13.529926759416844, "gamma": 0.1399276721128935, "lamda": 0.7739763055782691}, "datetime": {"datetime": "2021-09-19 16:20:22", "elapsed": 1601.064596, "delta": 14.996906}}
{"target": -3.414976150297292, "params": {"C": 30.21193855432001, "epsilon": 13.680361156522986, "gamma": 0.1703318026994089, "lamda": 0.36701874879384927}, "datetime": {"datetime": "2021-09-19 16:20:37", "elapsed": 1616.030246, "delta": 14.96565}}
{"target": -3.298023804558529, "params": {"C": 45.52638030701053, "epsilon": 13.832566894716326, "gamma": 0.17875062944993975, "lamda": 0.9602565648496256}, "datetime": {"datetime": "2021-09-19 16:20:51", "elapsed": 1630.892699, "delta": 14.862453}}
{"target": -1.3383936165628252, "params": {"C": 74.76574827732497, "epsilon": 2.27765204998899, "gamma": 0.11567229229348289, "lamda": 0.3925883114052348}, "datetime": {"datetime": "2021-09-19 16:21:08", "elapsed": 1647.544599, "delta": 16.6519}}
{"target": -1.5940320734593465, "params": {"C": 74.47327490026052, "epsilon": 7.4688039879661385, "gamma": 0.08187889141927107, "lamda": 0.4841849748099392}, "datetime": {"datetime": "2021-09-19 16:21:17", "elapsed": 1656.973503, "delta": 9.428904}}
{"target": -4.63329550512581, "params": {"C": 78.69152816388673, "epsilon": 13.07443040566796, "gamma": 0.060685625961985804, "lamda": 1.358927796059477}, "datetime": {"datetime": "2021-09-19 16:21:33", "elapsed": 1672.162866, "delta": 15.189363}}
{"target": 0.8889894225120248, "params": {"C": 20.15427788139093, "epsilon": 13.945508022467006, "gamma": 0.09034934231787452, "lamda": 0.047476441719321125}, "datetime": {"datetime": "2021-09-19 16:21:34", "elapsed": 1673.086563, "delta": 0.923697}}
{"target": -4.216258314355009, "params": {"C": 49.08286520493888, "epsilon": 11.659432329880437, "gamma": 0.0710938480839406, "lamda": 1.3786242970528069}, "datetime": {"datetime": "2021-09-19 16:21:49", "elapsed": 1688.383205, "delta": 15.296642}}
{"target": -4.713237135617235, "params": {"C": 53.105297487682556, "epsilon": 12.476462531522818, "gamma": 0.055513463474173706, "lamda": 0.7215541025640126}, "datetime": {"datetime": "2021-09-19 16:22:04", "elapsed": 1703.292629, "delta": 14.909424}}
{"target": -1.4668649796441122, "params": {"C": 62.327428554982866, "epsilon": 5.591254815629779, "gamma": 0.10654088284141425, "lamda": 0.6205355963570918}, "datetime": {"datetime": "2021-09-19 16:22:19", "elapsed": 1718.978005, "delta": 15.685376}}
{"target": -2.8589639439292465, "params": {"C": 32.962527336266604, "epsilon": 8.43065156331587, "gamma": 0.08764043950797615, "lamda": 1.2342898549187427}, "datetime": {"datetime": "2021-09-19 16:22:35", "elapsed": 1734.436916, "delta": 15.458911}}
{"target": -1.8667401979386935, "params": {"C": 60.37798801578732, "epsilon": 5.99184292403936, "gamma": 0.08756666005108504, "lamda": 0.48886666658511274}, "datetime": {"datetime": "2021-09-19 16:22:49", "elapsed": 1748.048596, "delta": 13.61168}}
{"target": -5.02940964152088, "params": {"C": 29.815568448515563, "epsilon": 13.309853965298482, "gamma": 0.07057329578223187, "lamda": 0.3009719560410156}, "datetime": {"datetime": "2021-09-19 16:23:04", "elapsed": 1763.427485, "delta": 15.378889}}
{"target": -1.896630303934903, "params": {"C": 55.86655686521303, "epsilon": 3.4061968525948236, "gamma": 0.08274465261072773, "lamda": 0.2910667196433066}, "datetime": {"datetime": "2021-09-19 16:23:13", "elapsed": 1772.119941, "delta": 8.692456}}
{"target": -1.482006268179374, "params": {"C": 52.889683918870205, "epsilon": 6.9423677729221005, "gamma": 0.18611613768037266, "lamda": 1.0398546111040698}, "datetime": {"datetime": "2021-09-19 16:23:22", "elapsed": 1781.319839, "delta": 9.199898}}
{"target": -2.920038887004226, "params": {"C": 77.63846246345354, "epsilon": 11.216259071451669, "gamma": 0.12279280984832806, "lamda": 0.7016368125611184}, "datetime": {"datetime": "2021-09-19 16:23:32", "elapsed": 1791.112585, "delta": 9.792746}}
{"target": -0.7325259812639797, "params": {"C": 58.89524982595914, "epsilon": 2.956416262720512, "gamma": 0.18605902765266719, "lamda": 0.2950312976308639}, "datetime": {"datetime": "2021-09-19 16:23:48", "elapsed": 1807.478965, "delta": 16.36638}}
{"target": 0.8761520973913505, "params": {"C": 30.22332488732748, "epsilon": 5.859442592061087, "gamma": 0.13262650065637185, "lamda": 1.1361335300338111}, "datetime": {"datetime": "2021-09-19 16:23:49", "elapsed": 1808.963375, "delta": 1.48441}}
{"target": -2.5622058631551017, "params": {"C": 54.8795921713603, "epsilon": 10.103704927311565, "gamma": 0.13244937168180637, "lamda": 0.6530400566881535}, "datetime": {"datetime": "2021-09-19 16:55:00", "elapsed": 0.0, "delta": 0.0}}
{"target": -3.473669127220025, "params": {"C": 53.62942416699912, "epsilon": 11.321339284015497, "gamma": 0.08069729510567639, "lamda": 0.9289445224293604}, "datetime": {"datetime": "2021-09-19 16:55:11", "elapsed": 10.436945, "delta": 10.436945}}
{"target": -2.760942662189105, "params": {"C": 43.97237389396185, "epsilon": 11.067309100411467, "gamma": 0.14317007491539424, "lamda": 0.7937602272061309}, "datetime": {"datetime": "2021-09-19 16:55:27", "elapsed": 26.509795, "delta": 16.07285}}
{"target": -3.9157643348181725, "params": {"C": 30.766395627594683, "epsilon": 12.054312485062987, "gamma": 0.0776659798470373, "lamda": 1.1780241882102285}, "datetime": {"datetime": "2021-09-19 16:55:43", "elapsed": 42.734024, "delta": 16.224229}}
{"target": 0.8636218784688034, "params": {"C": 88.3180234111591, "epsilon": 11.97694734952771, "gamma": 0.1769842228036202, "lamda": 0.11956025096589058}, "datetime": {"datetime": "2021-09-19 16:55:44", "elapsed": 43.209025, "delta": 0.475001}}
{"target": 0.8890577839188195, "params": {"C": 60.41968720973632, "epsilon": 10.261146017547512, "gamma": 0.11421834913960843, "lamda": 0.14488672039935277}, "datetime": {"datetime": "2021-09-19 16:55:44", "elapsed": 43.647021, "delta": 0.437996}}
{"target": 0.8982429717871725, "params": {"C": 30.172797736102197, "epsilon": 12.386981235914384, "gamma": 0.08390180009063539, "lamda": 0.16050783189654344}, "datetime": {"datetime": "2021-09-19 16:55:44", "elapsed": 44.023028, "delta": 0.376007}}
{"target": 0.8843293299205698, "params": {"C": 37.624496565644776, "epsilon": 11.399305140013198, "gamma": 0.12016812268734504, "lamda": 0.30269466507482146}, "datetime": {"datetime": "2021-09-19 16:55:45", "elapsed": 44.479024, "delta": 0.455996}}
{"target": -3.1198939781202677, "params": {"C": 71.23253801719318, "epsilon": 11.932279342207007, "gamma": 0.12578550800278238, "lamda": 0.5804002874127271}, "datetime": {"datetime": "2021-09-19 16:55:54", "elapsed": 54.158244, "delta": 9.67922}}
{"target": -4.331554403595346, "params": {"C": 83.49099635532616, "epsilon": 12.320016715511226, "gamma": 0.07434478977534709, "lamda": 1.0511584446760736}, "datetime": {"datetime": "2021-09-19 16:56:10", "elapsed": 69.638184, "delta": 15.47994}}
{"target": -3.6268612286700197, "params": {"C": 83.72331048306164, "epsilon": 12.049318510149368, "gamma": 0.10595198485585232, "lamda": 1.1804963657959902}, "datetime": {"datetime": "2021-09-19 16:56:25", "elapsed": 85.18548, "delta": 15.547296}}
{"target": 0.8980935442358697, "params": {"C": 29.59985112615323, "epsilon": 12.70807184827828, "gamma": 0.08992215717864038, "lamda": 0.0001}, "datetime": {"datetime": "2021-09-19 16:56:26", "elapsed": 85.799787, "delta": 0.614307}}
{"target": 0.8890030273442348, "params": {"C": 61.558194850750596, "epsilon": 10.408727713688465, "gamma": 0.11268865006032976, "lamda": 0.11280191506567397}, "datetime": {"datetime": "2021-09-19 16:56:27", "elapsed": 86.95211, "delta": 1.152323}}
{"target": -3.1142676124023785, "params": {"C": 60.83751200276811, "epsilon": 11.578939865474286, "gamma": 0.1218397934226888, "lamda": 0.46616327986371103}, "datetime": {"datetime": "2021-09-19 16:56:34", "elapsed": 94.084596, "delta": 7.132486}}
{"target": -2.35233617439052, "params": {"C": 61.04732270068961, "epsilon": 10.151606446334144, "gamma": 0.17217936827596958, "lamda": 0.9524619583876855}, "datetime": {"datetime": "2021-09-19 16:56:52", "elapsed": 111.365586, "delta": 17.28099}}
{"target": 0.8980708973929408, "params": {"C": 29.55091237871059, "epsilon": 11.91282516443956, "gamma": 0.08806472089347277, "lamda": 0.0001}, "datetime": {"datetime": "2021-09-19 16:56:52", "elapsed": 111.934974, "delta": 0.569388}}
{"target": 0.8795917558205255, "params": {"C": 38.36077750955427, "epsilon": 10.812808607239637, "gamma": 0.12907362825807756, "lamda": 0.0001}, "datetime": {"datetime": "2021-09-19 16:56:53", "elapsed": 113.11649, "delta": 1.181516}}
{"target": 0.8572748784542842, "params": {"C": 38.59752290785955, "epsilon": 11.947668014870604, "gamma": 0.18200607624427226, "lamda": 0.0001}, "datetime": {"datetime": "2021-09-19 16:56:54", "elapsed": 113.938082, "delta": 0.821592}}
{"target": -3.7530209466326987, "params": {"C": 38.596253845118255, "epsilon": 11.34967724293748, "gamma": 0.08735750069232327, "lamda": 1.1563666051112034}, "datetime": {"datetime": "2021-09-19 16:57:09", "elapsed": 128.78544, "delta": 14.847358}}
{"target": 0.8519984477578872, "params": {"C": 37.38719583197607, "epsilon": 10.523702391758889, "gamma": 0.2, "lamda": 0.0001}, "datetime": {"datetime": "2021-09-19 16:57:10", "elapsed": 129.582313, "delta": 0.796873}}
{"target": 0.8521395423319968, "params": {"C": 37.57944916659014, "epsilon": 12.495417470928867, "gamma": 0.2, "lamda": 0.0001}, "datetime": {"datetime": "2021-09-19 16:57:11", "elapsed": 130.245389, "delta": 0.663076}}
{"target": 0.8518845912942349, "params": {"C": 36.467374841176536, "epsilon": 11.636007705463832, "gamma": 0.2, "lamda": 0.0001}, "datetime": {"datetime": "2021-09-19 16:57:11", "elapsed": 131.083483, "delta": 0.838094}}
{"target": 0.9030723395216226, "params": {"C": 62.77432894201266, "epsilon": 10.0, "gamma": 0.05, "lamda": 0.0001}, "datetime": {"datetime": "2021-09-19 16:57:12", "elapsed": 131.835776, "delta": 0.752293}}
{"target": 0.9013309435053444, "params": {"C": 59.10714089245841, "epsilon": 10.0, "gamma": 0.05, "lamda": 0.0001}, "datetime": {"datetime": "2021-09-19 16:57:13", "elapsed": 132.726968, "delta": 0.891192}}
{"target": 0.8480314091672672, "params": {"C": 89.81121492965232, "epsilon": 11.769775624146797, "gamma": 0.2, "lamda": 0.0001}, "datetime": {"datetime": "2021-09-19 16:57:14", "elapsed": 133.527553, "delta": 0.800585}}
{"target": 0.9082572879624963, "params": {"C": 88.86474186383879, "epsilon": 10.501419874911504, "gamma": 0.059822078048465295, "lamda": 0.0059077526780665895}, "datetime": {"datetime": "2021-09-19 16:57:15", "elapsed": 134.293601, "delta": 0.766048}}
{"target": 0.8481588169928749, "params": {"C": 89.08387313825904, "epsilon": 11.28640294309005, "gamma": 0.2, "lamda": 1.4076218378138068}, "datetime": {"datetime": "2021-09-19 16:57:15", "elapsed": 134.961424, "delta": 0.667823}}
{"target": -2.781472294099314, "params": {"C": 90.35985091038009, "epsilon": 10.051635529080063, "gamma": 0.11977074807710207, "lamda": 0.918359487961061}, "datetime": {"datetime": "2021-09-19 16:57:24", "elapsed": 143.749929, "delta": 8.788505}}
{"target": -0.5647674657623578, "params": {"C": 87.54018486868716, "epsilon": 10.73086417048369, "gamma": 0.18559812309978413, "lamda": 0.7120480168315395}, "datetime": {"datetime": "2021-09-19 16:57:33", "elapsed": 152.63386, "delta": 8.883931}}
{"target": -5.400849016698811, "params": {"C": 89.24814534723751, "epsilon": 12.764598904096543, "gamma": 0.05, "lamda": 1.0903256817274802}, "datetime": {"datetime": "2021-09-19 16:57:47", "elapsed": 167.054061, "delta": 14.420201}}
{"target": 0.8481747934365573, "params": {"C": 88.95882549862027, "epsilon": 11.342710507007963, "gamma": 0.2, "lamda": 0.0001}, "datetime": {"datetime": "2021-09-19 16:57:48", "elapsed": 167.82735, "delta": 0.773289}}
{"target": 0.853358370687411, "params": {"C": 62.86862692356578, "epsilon": 11.157453503799816, "gamma": 0.2, "lamda": 0.0001}, "datetime": {"datetime": "2021-09-19 16:57:49", "elapsed": 168.580844, "delta": 0.753494}}
{"target": 0.8546220369389732, "params": {"C": 64.10757080580538, "epsilon": 10.434368285059128, "gamma": 0.19754717966076257, "lamda": 0.5248399175048847}, "datetime": {"datetime": "2021-09-19 16:57:50", "elapsed": 169.459332, "delta": 0.878488}}
{"target": 0.905608499865387, "params": {"C": 64.24832219654658, "epsilon": 11.66861292876185, "gamma": 0.05, "lamda": 0.0001}, "datetime": {"datetime": "2021-09-19 16:57:51", "elapsed": 170.286921, "delta": 0.827589}}
{"target": -4.2313138994657455, "params": {"C": 63.81598288175954, "epsilon": 11.540112426865434, "gamma": 0.06704838213850897, "lamda": 1.1830649391578192}, "datetime": {"datetime": "2021-09-19 16:58:07", "elapsed": 187.074772, "delta": 16.787851}}
{"target": 0.8709509635800946, "params": {"C": 65.03469753911678, "epsilon": 10.723107301214627, "gamma": 0.15670163127926967, "lamda": 0.0001}, "datetime": {"datetime": "2021-09-19 16:58:08", "elapsed": 187.714297, "delta": 0.639525}}
{"target": 0.8529976172669886, "params": {"C": 65.49579399481621, "epsilon": 12.005762633610507, "gamma": 0.2, "lamda": 0.0001}, "datetime": {"datetime": "2021-09-19 16:58:09", "elapsed": 188.616073, "delta": 0.901776}}
{"target": 0.9062239796965537, "params": {"C": 66.50519273090516, "epsilon": 11.087921413496234, "gamma": 0.05, "lamda": 0.0001}, "datetime": {"datetime": "2021-09-19 16:58:10", "elapsed": 189.515529, "delta": 0.899456}}
{"target": 0.8528170693810723, "params": {"C": 66.03246094601641, "epsilon": 10.0, "gamma": 0.2, "lamda": 0.7724216209915749}, "datetime": {"datetime": "2021-09-19 16:58:11", "elapsed": 190.442149, "delta": 0.92662}}
{"target": 0.8530714201165337, "params": {"C": 66.37416871235851, "epsilon": 11.287584974857692, "gamma": 0.2, "lamda": 1.2396896337489511}, "datetime": {"datetime": "2021-09-19 16:58:12", "elapsed": 191.410864, "delta": 0.968715}}
{"target": -2.5006404291462765, "params": {"C": 67.49783379214246, "epsilon": 10.242047252789956, "gamma": 0.14920562539907456, "lamda": 0.8504390150309771}, "datetime": {"datetime": "2021-09-19 16:58:28", "elapsed": 207.510957, "delta": 16.100093}}
{"target": -5.274494691261511, "params": {"C": 66.68797849555642, "epsilon": 12.36588710422301, "gamma": 0.05, "lamda": 0.4976949647066248}, "datetime": {"datetime": "2021-09-19 16:58:43", "elapsed": 223.146989, "delta": 15.636032}}
{"target": -2.6095868437670364, "params": {"C": 65.52100817023856, "epsilon": 11.017293569696605, "gamma": 0.14885508690289484, "lamda": 0.8018247451846159}, "datetime": {"datetime": "2021-09-19 16:58:52", "elapsed": 232.161312, "delta": 9.014323}}
{"target": -3.6661546788102317, "params": {"C": 88.5140242686447, "epsilon": 11.18225555183759, "gamma": 0.0852300239756254, "lamda": 0.7310017420979679}, "datetime": {"datetime": "2021-09-19 16:59:08", "elapsed": 247.428102, "delta": 15.26679}}
{"target": 0.8769255956062116, "params": {"C": 89.01459598249265, "epsilon": 11.244706903401932, "gamma": 0.15292292098638732, "lamda": 0.0012616562363546014}, "datetime": {"datetime": "2021-09-19 16:59:08", "elapsed": 248.035094, "delta": 0.606992}}
{"target": -3.8701449974131252, "params": {"C": 66.78379583270225, "epsilon": 10.529413196909614, "gamma": 0.06988828464720707, "lamda": 1.1983049241431831}, "datetime": {"datetime": "2021-09-19 16:59:23", "elapsed": 262.943248, "delta": 14.908154}}
{"target": -1.7481478073599286, "params": {"C": 85.44516655059527, "epsilon": 10.663191333879771, "gamma": 0.10834019602167369, "lamda": 0.5001451708213603}, "datetime": {"datetime": "2021-09-19 16:59:39", "elapsed": 278.484264, "delta": 15.541016}}
{"target": 0.8519714105121162, "params": {"C": 37.04222580434392, "epsilon": 11.191561321768056, "gamma": 0.2, "lamda": 0.0001}, "datetime": {"datetime": "2021-09-19 16:59:40", "elapsed": 279.495333, "delta": 1.011069}}
{"target": 0.8947678868348199, "params": {"C": 37.15503230188132, "epsilon": 11.925199752225039, "gamma": 0.05, "lamda": 0.0001}, "datetime": {"datetime": "2021-09-19 16:59:41", "elapsed": 280.464861, "delta": 0.969528}}
{"target": 0.8608596023975789, "params": {"C": 63.28683980387466, "epsilon": 10.468572454663095, "gamma": 0.18270572462032758, "lamda": 0.2601098482500994}, "datetime": {"datetime": "2021-09-19 16:59:42", "elapsed": 281.2689, "delta": 0.804039}}
{"target": -2.6599465329885117, "params": {"C": 62.44765206612543, "epsilon": 10.635578473483221, "gamma": 0.1370025091542113, "lamda": 0.531067916846329}, "datetime": {"datetime": "2021-09-19 16:59:52", "elapsed": 291.653217, "delta": 10.384317}}
{"target": -1.8286550818858403, "params": {"C": 75.65669819193516, "epsilon": 12.402307184815927, "gamma": 0.12112719928245566, "lamda": 0.2352913546275298}, "datetime": {"datetime": "2021-09-19 17:00:09", "elapsed": 309.070013, "delta": 17.416796}}
{"target": -3.690121354615772, "params": {"C": 63.51776662802092, "epsilon": 11.019133758130131, "gamma": 0.05193793584637491, "lamda": 0.0157524164357137}, "datetime": {"datetime": "2021-09-19 17:00:20", "elapsed": 319.815627, "delta": 10.745614}}
{"target": -2.811176975285946, "params": {"C": 33.74069627901413, "epsilon": 11.47375460748741, "gamma": 0.12872221656003843, "lamda": 0.9346634131761187}, "datetime": {"datetime": "2021-09-19 17:00:35", "elapsed": 335.014881, "delta": 15.199254}}
{"target": 0.851860100617071, "params": {"C": 38.14822504369654, "epsilon": 11.463271603594842, "gamma": 0.2, "lamda": 0.0001}, "datetime": {"datetime": "2021-09-19 17:00:36", "elapsed": 335.913572, "delta": 0.898691}}
{"target": 0.8947382963179412, "params": {"C": 37.86710696757618, "epsilon": 11.988039479891897, "gamma": 0.05, "lamda": 0.0001}, "datetime": {"datetime": "2021-09-19 17:00:37", "elapsed": 336.794145, "delta": 0.880573}}
{"target": 0.9028363179042407, "params": {"C": 61.55531213713053, "epsilon": 10.388266054175627, "gamma": 0.06896740801545898, "lamda": 0.01618792389687414}, "datetime": {"datetime": "2021-09-19 17:00:38", "elapsed": 337.340713, "delta": 0.546568}}
{"target": 0.8751221396999377, "params": {"C": 64.93038885231627, "epsilon": 12.010746011673994, "gamma": 0.14661633101557014, "lamda": 0.017866026679915003}, "datetime": {"datetime": "2021-09-19 17:00:38", "elapsed": 338.182032, "delta": 0.841319}}
{"target": 0.8569821799955287, "params": {"C": 63.7464843132642, "epsilon": 10.042715927875502, "gamma": 0.19410582202732551, "lamda": 0.49143213895883625}, "datetime": {"datetime": "2021-09-19 17:00:39", "elapsed": 339.162347, "delta": 0.980315}}
{"target": 0.853462970512545, "params": {"C": 59.79605790521928, "epsilon": 10.0, "gamma": 0.2, "lamda": 0.0001}, "datetime": {"datetime": "2021-09-19 17:00:40", "elapsed": 340.066239, "delta": 0.903892}}
