{"target": 0.8865213467027412, "params": {"C": 160.16904164120254, "epsilon": 3.3222873884203263, "gamma": 0.13817706230828072, "lamda": 0.017168768620458453}, "datetime": {"datetime": "2021-09-20 10:54:09", "elapsed": 1636.745387, "delta": 0.441}}
{"target": 0.8956099081449084, "params": {"C": 179.92323465523182, "epsilon": 2.156343080293126, "gamma": 0.1124821294185499, "lamda": 0.026376043033683787}, "datetime": {"datetime": "2021-09-20 10:54:10", "elapsed": 1637.193884, "delta": 0.448497}}
{"target": 0.8927835467847665, "params": {"C": 164.10697242024304, "epsilon": 3.5466464819043435, "gamma": 0.10676903301191493, "lamda": 0.007877576024172585}, "datetime": {"datetime": "2021-09-20 10:54:10", "elapsed": 1637.656418, "delta": 0.462534}}
{"target": -4.709479750241793, "params": {"C": 161.3500582607329, "epsilon": 2.4243313038907535, "gamma": 0.07394462369046803, "lamda": 0.008285391513436513}, "datetime": {"datetime": "2021-09-20 10:54:20", "elapsed": 1647.775417, "delta": 10.118999}}
{"target": -4.113933263598404, "params": {"C": 158.09238570619175, "epsilon": 3.395002821119382, "gamma": 0.11021836538927107, "lamda": 0.029089177179708547}, "datetime": {"datetime": "2021-09-20 10:54:30", "elapsed": 1657.029416, "delta": 9.253999}}
{"target": 0.895078890778147, "params": {"C": 167.28396066480127, "epsilon": 2.4229378827263037, "gamma": 0.10989852889734197, "lamda": 0.020392607180098717}, "datetime": {"datetime": "2021-09-20 10:54:30", "elapsed": 1657.411419, "delta": 0.382003}}
{"target": 0.885065689490384, "params": {"C": 152.95886035928612, "epsilon": 3.026237019841275, "gamma": 0.14482094981876253, "lamda": 0.018366976429489718}, "datetime": {"datetime": "2021-09-20 10:54:30", "elapsed": 1657.811419, "delta": 0.4}}
{"target": -5.793696789095568, "params": {"C": 159.62780104775342, "epsilon": 3.0364110684217747, "gamma": 0.05073189693278638, "lamda": 0.013206402591269522}, "datetime": {"datetime": "2021-09-20 10:54:41", "elapsed": 1668.030942, "delta": 10.219523}}
{"target": 0.8861163004294833, "params": {"C": 195.88031738221966, "epsilon": 2.3946325982861194, "gamma": 0.13551902839041352, "lamda": 0.02011680130872969}, "datetime": {"datetime": "2021-09-20 10:54:41", "elapsed": 1668.494944, "delta": 0.464002}}
{"target": -4.760654707363086, "params": {"C": 191.12890762619355, "epsilon": 3.529985741374336, "gamma": 0.08209863745244532, "lamda": 0.008073869288804462}, "datetime": {"datetime": "2021-09-20 10:54:52", "elapsed": 1679.268092, "delta": 10.773148}}
{"target": -5.350863310935878, "params": {"C": 186.06516720932854, "epsilon": 1.8173536386418292, "gamma": 0.06267357091420087, "lamda": 0.01974559120274723}, "datetime": {"datetime": "2021-09-20 10:55:05", "elapsed": 1692.757799, "delta": 13.489707}}
{"target": 0.8942571886421261, "params": {"C": 151.803415728493, "epsilon": 0.880710254002849, "gamma": 0.12883011896679689, "lamda": 0.005302419000383946}, "datetime": {"datetime": "2021-09-20 10:55:06", "elapsed": 1693.2668, "delta": 0.509001}}
{"target": 0.8859280957941884, "params": {"C": 165.16728358542846, "epsilon": 0.1833662482434758, "gamma": 0.14974849927283296, "lamda": 0.019550749408586542}, "datetime": {"datetime": "2021-09-20 10:55:06", "elapsed": 1693.719957, "delta": 0.453157}}
{"target": -2.9324347807486943, "params": {"C": 164.66881392430284, "epsilon": 3.722902901383151, "gamma": 0.10071194235482045, "lamda": 0.01636730568881017}, "datetime": {"datetime": "2021-09-20 10:55:18", "elapsed": 1705.090706, "delta": 11.370749}}
{"target": -4.446314074560983, "params": {"C": 179.3935753148093, "epsilon": 1.1301368124212217, "gamma": 0.08052882993474333, "lamda": 0.014291364418104562}, "datetime": {"datetime": "2021-09-20 10:55:31", "elapsed": 1718.009837, "delta": 12.919131}}
{"target": 0.8948356771459591, "params": {"C": 162.22239996858053, "epsilon": 2.379734337854856, "gamma": 0.11958461339323263, "lamda": 0.006798680504100028}, "datetime": {"datetime": "2021-09-20 10:55:31", "elapsed": 1718.630839, "delta": 0.621002}}
{"target": 0.8865822666942379, "params": {"C": 198.55416598127317, "epsilon": 3.036975557890874, "gamma": 0.13061631629534082, "lamda": 0.023791010102032262}, "datetime": {"datetime": "2021-09-20 10:55:32", "elapsed": 1719.166512, "delta": 0.535673}}
{"target": -3.8821043978257723, "params": {"C": 154.00304886356088, "epsilon": 1.9786155037825905, "gamma": 0.09456729564016561, "lamda": 0.021811816263123247}, "datetime": {"datetime": "2021-09-20 10:55:46", "elapsed": 1733.142517, "delta": 13.976005}}
{"target": 0.8945276338441557, "params": {"C": 172.4368629412161, "epsilon": 2.8468222536972476, "gamma": 0.11816453376026229, "lamda": 0.022428713218818907}, "datetime": {"datetime": "2021-09-20 10:55:46", "elapsed": 1733.811885, "delta": 0.669368}}
{"target": 0.8945604677377347, "params": {"C": 180.93003712807683, "epsilon": 0.6888248597906185, "gamma": 0.1260802456305756, "lamda": 0.024526145554848926}, "datetime": {"datetime": "2021-09-20 10:55:47", "elapsed": 1734.364392, "delta": 0.552507}}
{"target": -4.155369173978926, "params": {"C": 195.20514929569026, "epsilon": 1.0116979011560132, "gamma": 0.06766788930723414, "lamda": 0.014777478077669059}, "datetime": {"datetime": "2021-09-20 10:56:00", "elapsed": 1747.213918, "delta": 12.849526}}
{"target": 0.8937434217348947, "params": {"C": 166.028232699758, "epsilon": 3.280360023121942, "gamma": 0.11135258996684316, "lamda": 0.02400004380874372}, "datetime": {"datetime": "2021-09-20 10:56:00", "elapsed": 1747.72092, "delta": 0.507002}}
{"target": -4.206555321671604, "params": {"C": 171.3832549848482, "epsilon": 0.48781819537079796, "gamma": 0.061503501205024624, "lamda": 0.014335178293429882}, "datetime": {"datetime": "2021-09-20 10:56:12", "elapsed": 1759.179789, "delta": 11.458869}}
{"target": -3.010011956837153, "params": {"C": 159.69238837547536, "epsilon": 3.3009113446294593, "gamma": 0.10996360084237167, "lamda": 0.022221131475466626}, "datetime": {"datetime": "2021-09-20 10:56:23", "elapsed": 1770.311482, "delta": 11.131693}}
{"target": -4.229477913013312, "params": {"C": 174.5554980652148, "epsilon": 0.44387735684450613, "gamma": 0.07350776366861703, "lamda": 0.01654005202229055}, "datetime": {"datetime": "2021-09-20 10:56:34", "elapsed": 1781.317458, "delta": 11.005976}}
{"target": 0.8963659998140026, "params": {"C": 159.92957515269632, "epsilon": 0.19935731953739916, "gamma": 0.12293976982561526, "lamda": 0.02312291868047798}, "datetime": {"datetime": "2021-09-20 10:56:34", "elapsed": 1781.810459, "delta": 0.493001}}
{"target": -3.869600779256621, "params": {"C": 166.51958731808514, "epsilon": 3.3896270916482565, "gamma": 0.09284424759510734, "lamda": 0.026617153619088358}, "datetime": {"datetime": "2021-09-20 10:56:44", "elapsed": 1791.262458, "delta": 9.451999}}
{"target": -4.476220097068343, "params": {"C": 182.85327123114448, "epsilon": 2.3660390639305517, "gamma": 0.0700727488035091, "lamda": 0.01823866526195987}, "datetime": {"datetime": "2021-09-20 10:56:54", "elapsed": 1801.363461, "delta": 10.101003}}
{"target": 0.8874306140333252, "params": {"C": 194.72162092137862, "epsilon": 1.2894765057573425, "gamma": 0.13709456091610533, "lamda": 0.027718631821459703}, "datetime": {"datetime": "2021-09-20 10:56:54", "elapsed": 1801.826459, "delta": 0.462998}}
{"target": 0.8860700119185764, "params": {"C": 166.49222813409412, "epsilon": 2.7639900287126, "gamma": 0.13992209495659685, "lamda": 0.006892422043957584}, "datetime": {"datetime": "2021-09-20 10:56:55", "elapsed": 1802.206494, "delta": 0.380035}}
{"target": 0.8889413590673708, "params": {"C": 193.92939316023853, "epsilon": 0.8442735167470743, "gamma": 0.13497689100179305, "lamda": 0.021677969717480098}, "datetime": {"datetime": "2021-09-20 10:56:55", "elapsed": 1802.608304, "delta": 0.40181}}
{"target": 0.8971148929549975, "params": {"C": 167.2169597725027, "epsilon": 0.6903647229719161, "gamma": 0.11353709614884534, "lamda": 0.02619470109286854}, "datetime": {"datetime": "2021-09-20 10:56:56", "elapsed": 1802.990309, "delta": 0.382005}}
{"target": 0.8831529334318028, "params": {"C": 191.09246873820052, "epsilon": 2.5501344288095655, "gamma": 0.1456301509755232, "lamda": 0.019748078176894245}, "datetime": {"datetime": "2021-09-20 10:56:56", "elapsed": 1803.357311, "delta": 0.367002}}
{"target": -4.267201111133587, "params": {"C": 159.89163923239596, "epsilon": 1.77438981820432, "gamma": 0.08367459987011673, "lamda": 0.029798625297682024}, "datetime": {"datetime": "2021-09-20 10:57:07", "elapsed": 1814.584014, "delta": 11.226703}}
{"target": -3.1258846589280367, "params": {"C": 169.01182480586323, "epsilon": 3.97153340729279, "gamma": 0.10188042507334141, "lamda": 0.009306992536928137}, "datetime": {"datetime": "2021-09-20 10:57:18", "elapsed": 1824.979184, "delta": 10.39517}}
{"target": -5.6642675306282655, "params": {"C": 153.728703562574, "epsilon": 1.544192205718162, "gamma": 0.06234188598147299, "lamda": 0.02086296790729604}, "datetime": {"datetime": "2021-09-20 10:57:31", "elapsed": 1838.741546, "delta": 13.762362}}
{"target": 0.883547444310667, "params": {"C": 170.69599228647044, "epsilon": 3.9645709668492555, "gamma": 0.14299556236533179, "lamda": 0.00873090080774375}, "datetime": {"datetime": "2021-09-20 10:57:32", "elapsed": 1839.169541, "delta": 0.427995}}
{"target": 0.8951927166189791, "params": {"C": 169.74411312684003, "epsilon": 1.900160872753306, "gamma": 0.10609487551219451, "lamda": 0.024509088082231713}, "datetime": {"datetime": "2021-09-20 10:57:32", "elapsed": 1839.615541, "delta": 0.446}}
{"target": -4.231896795637483, "params": {"C": 174.35969545367118, "epsilon": 1.7379748528399392, "gamma": 0.07619997047193357, "lamda": 0.02777015347716896}, "datetime": {"datetime": "2021-09-20 10:57:44", "elapsed": 1851.879371, "delta": 12.26383}}
{"target": -4.919645394970026, "params": {"C": 151.11357557664022, "epsilon": 3.3023754030539623, "gamma": 0.06884683996664184, "lamda": 0.02214392247931368}, "datetime": {"datetime": "2021-09-20 10:57:54", "elapsed": 1861.711916, "delta": 9.832545}}
{"target": -5.574811631411603, "params": {"C": 167.7604694669822, "epsilon": 3.8994292487908564, "gamma": 0.062277212944942, "lamda": 0.009689247315430988}, "datetime": {"datetime": "2021-09-20 10:58:05", "elapsed": 1872.21454, "delta": 10.502624}}
{"target": -4.280251322563686, "params": {"C": 194.47212377322393, "epsilon": 2.3752846269720886, "gamma": 0.08092463846587797, "lamda": 0.005019109636954701}, "datetime": {"datetime": "2021-09-20 10:58:15", "elapsed": 1882.141738, "delta": 9.927198}}
{"target": -4.631081084200769, "params": {"C": 161.37988691611264, "epsilon": 0.6670741732678191, "gamma": 0.07034338243700906, "lamda": 0.027408063920100114}, "datetime": {"datetime": "2021-09-20 10:58:24", "elapsed": 1891.576588, "delta": 9.43485}}
{"target": -3.7049635118077164, "params": {"C": 193.65471891348204, "epsilon": 2.831128806770454, "gamma": 0.09704976761522091, "lamda": 0.025678400058307207}, "datetime": {"datetime": "2021-09-20 10:58:33", "elapsed": 1900.876418, "delta": 9.29983}}
{"target": -4.355893765778415, "params": {"C": 174.79131985426062, "epsilon": 1.5176058648111306, "gamma": 0.07756031027608587, "lamda": 0.02811852033845929}, "datetime": {"datetime": "2021-09-20 10:58:44", "elapsed": 1911.118959, "delta": 10.242541}}
{"target": -5.449637086822178, "params": {"C": 169.34946171281462, "epsilon": 2.022235406382149, "gamma": 0.07544381023144221, "lamda": 0.027124162970951583}, "datetime": {"datetime": "2021-09-20 10:58:53", "elapsed": 1920.474735, "delta": 9.355776}}
{"target": 0.8954876445968193, "params": {"C": 169.16317284026434, "epsilon": 1.2605413897241136, "gamma": 0.12175949621947543, "lamda": 0.009771748579307685}, "datetime": {"datetime": "2021-09-20 10:58:54", "elapsed": 1920.997789, "delta": 0.523054}}
{"target": 0.8929213369205218, "params": {"C": 155.90963146735191, "epsilon": 3.3642913506326977, "gamma": 0.12441359213695352, "lamda": 0.019763013691177927}, "datetime": {"datetime": "2021-09-20 10:58:54", "elapsed": 1921.453787, "delta": 0.455998}}
{"target": 0.8948125225223994, "params": {"C": 162.14457874824353, "epsilon": 2.5306638662315777, "gamma": 0.1138355320741173, "lamda": 0.013189236102808127}, "datetime": {"datetime": "2021-09-20 10:58:55", "elapsed": 1921.97479, "delta": 0.521003}}
{"target": -3.913988542208833, "params": {"C": 153.3744671533771, "epsilon": 3.5341005305008744, "gamma": 0.09599567310742584, "lamda": 0.024096817951660746}, "datetime": {"datetime": "2021-09-20 10:59:05", "elapsed": 1932.227212, "delta": 10.252422}}
{"target": -3.3637126628464236, "params": {"C": 162.694431047137, "epsilon": 2.4064100108433157, "gamma": 0.09287951603487976, "lamda": 0.01455251606372849}, "datetime": {"datetime": "2021-09-20 10:59:15", "elapsed": 1941.953298, "delta": 9.726086}}
{"target": -4.392977168861528, "params": {"C": 156.33566919234613, "epsilon": 1.0526399865150058, "gamma": 0.0579341582958319, "lamda": 0.012571457617939465}, "datetime": {"datetime": "2021-09-20 10:59:25", "elapsed": 1952.857243, "delta": 10.903945}}
{"target": 0.8942690967941659, "params": {"C": 187.08524001157775, "epsilon": 2.4985613273870904, "gamma": 0.11724110989339258, "lamda": 0.00520957698812579}, "datetime": {"datetime": "2021-09-20 10:59:26", "elapsed": 1953.25024, "delta": 0.392997}}
{"target": -4.899890381464302, "params": {"C": 183.918848612566, "epsilon": 2.0624046931172595, "gamma": 0.07309084504841792, "lamda": 0.009372412724548055}, "datetime": {"datetime": "2021-09-20 10:59:37", "elapsed": 1964.139877, "delta": 10.889637}}
{"target": 0.8836414985606663, "params": {"C": 159.24914827754148, "epsilon": 3.3926140197928842, "gamma": 0.14825897893050854, "lamda": 0.02784349062104079}, "datetime": {"datetime": "2021-09-20 10:59:37", "elapsed": 1964.614052, "delta": 0.474175}}
{"target": -2.8898592415792246, "params": {"C": 167.36847101864063, "epsilon": 3.1428758607963183, "gamma": 0.10464545907014305, "lamda": 0.02541105993889844}, "datetime": {"datetime": "2021-09-20 10:59:48", "elapsed": 1975.83785, "delta": 11.223798}}
{"target": 0.8915194679065717, "params": {"C": 174.1863475594453, "epsilon": 2.4008100633676746, "gamma": 0.12872634475242614, "lamda": 0.007505866077578308}, "datetime": {"datetime": "2021-09-20 10:59:49", "elapsed": 1976.233852, "delta": 0.396002}}
{"target": 0.8962157506990308, "params": {"C": 176.85035584202703, "epsilon": 1.5273350520116518, "gamma": 0.11043068436688722, "lamda": 0.028970062890925012}, "datetime": {"datetime": "2021-09-20 10:59:49", "elapsed": 1976.678089, "delta": 0.444237}}
{"target": 0.8928629739083486, "params": {"C": 169.64114724984813, "epsilon": 1.6325946919723042, "gamma": 0.1290636993589599, "lamda": 0.02112695997713566}, "datetime": {"datetime": "2021-09-20 10:59:50", "elapsed": 1977.200728, "delta": 0.522639}}
{"target": -3.712861465818035, "params": {"C": 169.69420039276883, "epsilon": 2.7869246880979808, "gamma": 0.0904001609054379, "lamda": 0.008402828856203052}, "datetime": {"datetime": "2021-09-20 11:00:00", "elapsed": 1987.02066, "delta": 9.819932}}
{"target": -4.8827089480872665, "params": {"C": 172.5321634336067, "epsilon": 1.4042356315193631, "gamma": 0.07179689300611679, "lamda": 0.028144370040910995}, "datetime": {"datetime": "2021-09-20 11:00:10", "elapsed": 1997.249515, "delta": 10.228855}}
{"target": 0.8920517413067992, "params": {"C": 184.48196995397788, "epsilon": 2.4354014734313454, "gamma": 0.1246657472123005, "lamda": 0.018549276544286036}, "datetime": {"datetime": "2021-09-20 11:00:10", "elapsed": 1997.646515, "delta": 0.397}}
{"target": 0.8846419272109135, "params": {"C": 185.02665363097515, "epsilon": 3.729183295074396, "gamma": 0.1362616694505222, "lamda": 0.009186046437663032}, "datetime": {"datetime": "2021-09-20 11:00:11", "elapsed": 1998.099514, "delta": 0.452999}}
{"target": 0.8868241725548206, "params": {"C": 163.15695119619372, "epsilon": 0.37928008982303774, "gamma": 0.1478672805158347, "lamda": 0.01090960246650939}, "datetime": {"datetime": "2021-09-20 11:00:11", "elapsed": 1998.481513, "delta": 0.381999}}
{"target": -4.5009529932543355, "params": {"C": 183.02991779642994, "epsilon": 0.4495597258171018, "gamma": 0.07107709420870187, "lamda": 0.017570609587960112}, "datetime": {"datetime": "2021-09-20 11:00:21", "elapsed": 2007.919514, "delta": 9.438001}}
{"target": 0.8962984973267442, "params": {"C": 155.24768341649641, "epsilon": 1.616606270509425, "gamma": 0.10379877201396809, "lamda": 0.013480104622127499}, "datetime": {"datetime": "2021-09-20 11:00:21", "elapsed": 2008.312514, "delta": 0.393}}
{"target": -3.643277912345839, "params": {"C": 177.79501055632878, "epsilon": 2.19339645557561, "gamma": 0.08906104987369058, "lamda": 0.022406752077527573}, "datetime": {"datetime": "2021-09-20 11:00:31", "elapsed": 2018.013513, "delta": 9.700999}}
{"target": 0.8940250204648171, "params": {"C": 183.9241226998962, "epsilon": 2.7804822825601203, "gamma": 0.10614912587993741, "lamda": 0.013951997850323396}, "datetime": {"datetime": "2021-09-20 11:00:31", "elapsed": 2018.408513, "delta": 0.395}}
{"target": -4.135069143037312, "params": {"C": 180.65561676835063, "epsilon": 3.749371439771979, "gamma": 0.10968885249459731, "lamda": 0.02948975435898563}, "datetime": {"datetime": "2021-09-20 11:00:42", "elapsed": 2028.89483, "delta": 10.486317}}
{"target": -5.635611892104495, "params": {"C": 172.05033102044356, "epsilon": 2.984486653779432, "gamma": 0.05376038786496001, "lamda": 0.02411816597501215}, "datetime": {"datetime": "2021-09-20 11:00:54", "elapsed": 2040.902602, "delta": 12.007772}}
{"target": -4.310256479896839, "params": {"C": 175.91407901634062, "epsilon": 0.12073447854830263, "gamma": 0.07772001047825985, "lamda": 0.018370805812995286}, "datetime": {"datetime": "2021-09-20 11:01:05", "elapsed": 2051.88874, "delta": 10.986138}}
{"target": 0.8981240420940747, "params": {"C": 188.39814391406557, "epsilon": 0.30706112226484783, "gamma": 0.10490534438505197, "lamda": 0.0250248638949589}, "datetime": {"datetime": "2021-09-20 11:01:05", "elapsed": 2052.312739, "delta": 0.423999}}
{"target": -5.837201665452895, "params": {"C": 182.47915274392395, "epsilon": 3.7326433584723517, "gamma": 0.057473144501476114, "lamda": 0.011920161565014666}, "datetime": {"datetime": "2021-09-20 11:01:23", "elapsed": 2070.152309, "delta": 17.83957}}
{"target": -2.861035266280202, "params": {"C": 195.96187521280862, "epsilon": 3.083520078362757, "gamma": 0.10997403444720986, "lamda": 0.02582420359592676}, "datetime": {"datetime": "2021-09-20 11:01:33", "elapsed": 2080.332129, "delta": 10.17982}}
{"target": 0.8801862689942035, "params": {"C": 194.8021745787501, "epsilon": 3.893609376126017, "gamma": 0.14985205070898058, "lamda": 0.008491233342102587}, "datetime": {"datetime": "2021-09-20 11:01:33", "elapsed": 2080.72013, "delta": 0.388001}}
{"target": -4.485416809280922, "params": {"C": 153.52710223718495, "epsilon": 0.38651995200448097, "gamma": 0.05147437908999469, "lamda": 0.02929550182444815}, "datetime": {"datetime": "2021-09-20 11:01:44", "elapsed": 2091.648678, "delta": 10.928548}}
{"target": 0.8934716137704468, "params": {"C": 154.73834582286145, "epsilon": 3.3827736221248137, "gamma": 0.11851729969076996, "lamda": 0.017188929187072953}, "datetime": {"datetime": "2021-09-20 11:01:45", "elapsed": 2092.193687, "delta": 0.545009}}
{"target": -4.769042796597615, "params": {"C": 167.3347440679289, "epsilon": 1.4792263695613197, "gamma": 0.07538388823471873, "lamda": 0.02777544934246566}, "datetime": {"datetime": "2021-09-20 11:01:54", "elapsed": 2101.857661, "delta": 9.663974}}
{"target": 0.8987543740813502, "params": {"C": 186.28212727474346, "epsilon": 0.20111059185865252, "gamma": 0.09615212532471146, "lamda": 0.012032531813420283}, "datetime": {"datetime": "2021-09-20 11:01:55", "elapsed": 2102.27866, "delta": 0.420999}}
{"target": 0.8913707842046461, "params": {"C": 151.44830930889492, "epsilon": 3.5502593878062485, "gamma": 0.1271005357954682, "lamda": 0.013243376981106524}, "datetime": {"datetime": "2021-09-20 11:01:55", "elapsed": 2102.712559, "delta": 0.433899}}
{"target": -3.781152906175204, "params": {"C": 189.82792937683556, "epsilon": 1.3660894565916868, "gamma": 0.08078824438176467, "lamda": 0.028202726962518153}, "datetime": {"datetime": "2021-09-20 11:02:05", "elapsed": 2112.870886, "delta": 10.158327}}
{"target": 0.8825801298087308, "params": {"C": 198.84580809729252, "epsilon": 2.141865688395882, "gamma": 0.14519351675679248, "lamda": 0.027199912348161614}, "datetime": {"datetime": "2021-09-20 11:02:06", "elapsed": 2113.272594, "delta": 0.401708}}
{"target": 0.8946067558057788, "params": {"C": 175.90162807972044, "epsilon": 1.553720328180194, "gamma": 0.12103545783196093, "lamda": 0.01639108561605135}, "datetime": {"datetime": "2021-09-20 11:02:06", "elapsed": 2113.670724, "delta": 0.39813}}
{"target": 0.8884828156207388, "params": {"C": 180.26064475616064, "epsilon": 3.962584167870792, "gamma": 0.12739162499564682, "lamda": 0.013356910124845658}, "datetime": {"datetime": "2021-09-20 11:02:07", "elapsed": 2114.077724, "delta": 0.407}}
{"target": 0.8976350241197503, "params": {"C": 154.4499110411189, "epsilon": 0.8211318020857926, "gamma": 0.10268518758918344, "lamda": 0.015427560452671449}, "datetime": {"datetime": "2021-09-20 11:02:07", "elapsed": 2114.565049, "delta": 0.487325}}
{"target": -6.318951084753598, "params": {"C": 190.032982906462, "epsilon": 3.739489118928059, "gamma": 0.06778647479513486, "lamda": 0.026501669271905403}, "datetime": {"datetime": "2021-09-20 11:02:18", "elapsed": 2125.325941, "delta": 10.760892}}
{"target": -5.272982598143976, "params": {"C": 197.86974631633345, "epsilon": 3.8419353667141505, "gamma": 0.05378625877204305, "lamda": 0.006439587640204343}, "datetime": {"datetime": "2021-09-20 11:02:28", "elapsed": 2135.039933, "delta": 9.713992}}
