{"target": 0.8973273570834251, "params": {"C": 97.57500732739173, "epsilon": 15.221542294484669, "gamma": 0.1, "lamda": 5e-05}, "datetime": {"datetime": "2021-09-19 19:54:38", "elapsed": 131.259999, "delta": 0.616}}
{"target": 0.8975173399075141, "params": {"C": 92.49660538467505, "epsilon": 11.585638411736879, "gamma": 0.1, "lamda": 5e-05}, "datetime": {"datetime": "2021-09-19 19:54:38", "elapsed": 131.904999, "delta": 0.645}}
{"target": -4.330358921863721, "params": {"C": 97.14356931975713, "epsilon": 10.0, "gamma": 0.05, "lamda": 1.5}, "datetime": {"datetime": "2021-09-19 19:54:53", "elapsed": 146.806999, "delta": 14.902}}
{"target": -2.8813335832019416, "params": {"C": 88.81028530099589, "epsilon": 10.0, "gamma": 0.1, "lamda": 1.5}, "datetime": {"datetime": "2021-09-19 19:55:08", "elapsed": 161.615002, "delta": 14.808003}}
{"target": 0.8978778537040184, "params": {"C": 93.60069514463713, "epsilon": 15.200276724148871, "gamma": 0.1, "lamda": 5e-05}, "datetime": {"datetime": "2021-09-19 19:55:09", "elapsed": 162.290003, "delta": 0.675001}}
{"target": -3.0005932736051655, "params": {"C": 66.0, "epsilon": 10.0, "gamma": 0.1, "lamda": 1.5}, "datetime": {"datetime": "2021-09-19 19:55:24", "elapsed": 177.150999, "delta": 14.860996}}
{"target": -12.19527173897714, "params": {"C": 99.89940937956933, "epsilon": 29.64691405172054, "gamma": 0.07412129635539824, "lamda": 0.7232859106460916}, "datetime": {"datetime": "2021-09-19 19:55:39", "elapsed": 192.223999, "delta": 15.073}}
{"target": 0.8870220728792496, "params": {"C": 79.18680019400225, "epsilon": 30.0, "gamma": 0.1, "lamda": 5e-05}, "datetime": {"datetime": "2021-09-19 19:55:39", "elapsed": 192.896002, "delta": 0.672003}}
{"target": -11.819839311309995, "params": {"C": 74.50680089885913, "epsilon": 30.0, "gamma": 0.1, "lamda": 1.5}, "datetime": {"datetime": "2021-09-19 19:55:54", "elapsed": 207.723, "delta": 14.826998}}
{"target": 0.8907405999016246, "params": {"C": 83.45261837438585, "epsilon": 30.0, "gamma": 0.1, "lamda": 5e-05}, "datetime": {"datetime": "2021-09-19 19:55:55", "elapsed": 208.521001, "delta": 0.798001}}
{"target": 0.9033728853333225, "params": {"C": 81.26193213317859, "epsilon": 26.479580169251367, "gamma": 0.05, "lamda": 5e-05}, "datetime": {"datetime": "2021-09-19 19:55:56", "elapsed": 209.139, "delta": 0.617999}}
{"target": -13.666475708979249, "params": {"C": 81.33302218135195, "epsilon": 29.434704701963422, "gamma": 0.05, "lamda": 1.5}, "datetime": {"datetime": "2021-09-19 19:56:10", "elapsed": 224.116001, "delta": 14.977001}}
{"target": -1.2338286923688182, "params": {"C": 97.0884242339644, "epsilon": 19.923689263597627, "gamma": 0.09721612491365886, "lamda": 0.13161912676041218}, "datetime": {"datetime": "2021-09-19 19:56:20", "elapsed": 234.054, "delta": 9.937999}}
{"target": 0.8973176372323037, "params": {"C": 97.49682914034746, "epsilon": 18.132759404905453, "gamma": 0.1, "lamda": 5e-05}, "datetime": {"datetime": "2021-09-19 19:56:21", "elapsed": 235.059999, "delta": 1.005999}}
{"target": 0.8970948036213723, "params": {"C": 95.73012063737096, "epsilon": 16.544619471176063, "gamma": 0.1, "lamda": 5e-05}, "datetime": {"datetime": "2021-09-19 19:56:22", "elapsed": 235.941999, "delta": 0.882}}
{"target": 0.8970546509164358, "params": {"C": 95.41681537518303, "epsilon": 14.018967738216881, "gamma": 0.1, "lamda": 5e-05}, "datetime": {"datetime": "2021-09-19 19:56:23", "elapsed": 236.934, "delta": 0.992001}}
{"target": -4.081415575132155, "params": {"C": 93.6144723131132, "epsilon": 13.38958331868644, "gamma": 0.09810377169353249, "lamda": 1.1604107436990636}, "datetime": {"datetime": "2021-09-19 19:56:39", "elapsed": 252.160999, "delta": 15.226999}}
{"target": -6.252245256676678, "params": {"C": 96.27081510523023, "epsilon": 15.38519674294892, "gamma": 0.05, "lamda": 1.5}, "datetime": {"datetime": "2021-09-19 19:56:54", "elapsed": 267.782001, "delta": 15.621002}}
{"target": 0.8968929864986531, "params": {"C": 94.17009968621089, "epsilon": 17.380566512661773, "gamma": 0.1, "lamda": 5e-05}, "datetime": {"datetime": "2021-09-19 19:56:55", "elapsed": 268.777002, "delta": 0.995001}}
{"target": 0.8907548022362614, "params": {"C": 85.22682844777982, "epsilon": 30.0, "gamma": 0.1, "lamda": 5e-05}, "datetime": {"datetime": "2021-09-19 19:56:56", "elapsed": 269.636001, "delta": 0.858999}}
{"target": -6.489557982699219, "params": {"C": 99.36926921562046, "epsilon": 16.97688445096281, "gamma": 0.056549797196351656, "lamda": 0.27604595611457866}, "datetime": {"datetime": "2021-09-19 19:57:11", "elapsed": 284.411999, "delta": 14.775998}}
{"target": 0.8911093985388748, "params": {"C": 84.42246280452764, "epsilon": 28.341452817568953, "gamma": 0.1, "lamda": 5e-05}, "datetime": {"datetime": "2021-09-19 19:57:12", "elapsed": 285.333001, "delta": 0.921002}}
{"target": 0.8977702824347121, "params": {"C": 83.19934711875759, "epsilon": 25.910680366915184, "gamma": 0.0960745848691342, "lamda": 5e-05}, "datetime": {"datetime": "2021-09-19 19:57:13", "elapsed": 286.346002, "delta": 1.013001}}
{"target": 0.9001015687320837, "params": {"C": 81.50832358325437, "epsilon": 24.45785484803498, "gamma": 0.08088634572932055, "lamda": 5e-05}, "datetime": {"datetime": "2021-09-19 19:57:14", "elapsed": 287.189001, "delta": 0.842999}}
{"target": 0.8887745496353331, "params": {"C": 79.25325373669361, "epsilon": 25.276516221437053, "gamma": 0.1, "lamda": 5e-05}, "datetime": {"datetime": "2021-09-19 19:57:14", "elapsed": 288.121002, "delta": 0.932001}}
{"target": 0.893725880204973, "params": {"C": 78.27369784161577, "epsilon": 27.700720942960338, "gamma": 0.1, "lamda": 5e-05}, "datetime": {"datetime": "2021-09-19 19:57:15", "elapsed": 288.986001, "delta": 0.864999}}
{"target": 0.8973626682213469, "params": {"C": 97.85983124944242, "epsilon": 13.064410863081049, "gamma": 0.1, "lamda": 5e-05}, "datetime": {"datetime": "2021-09-19 19:57:16", "elapsed": 289.749001, "delta": 0.763}}
{"target": 0.9041414105387683, "params": {"C": 86.2743008158328, "epsilon": 26.184397541427888, "gamma": 0.05, "lamda": 5e-05}, "datetime": {"datetime": "2021-09-19 19:57:17", "elapsed": 290.534998, "delta": 0.785997}}
{"target": 0.893973305330248, "params": {"C": 87.90375715370762, "epsilon": 28.3084026383271, "gamma": 0.1, "lamda": 5e-05}, "datetime": {"datetime": "2021-09-19 19:57:18", "elapsed": 291.349999, "delta": 0.815001}}
{"target": -11.6167769919285, "params": {"C": 86.33519333889656, "epsilon": 28.17024168389893, "gamma": 0.08033314836303593, "lamda": 1.4863613603054444}, "datetime": {"datetime": "2021-09-19 19:57:33", "elapsed": 306.602999, "delta": 15.253}}
{"target": 0.8882635884560278, "params": {"C": 88.59820579194889, "epsilon": 26.435648955527764, "gamma": 0.08402065591563723, "lamda": 5e-05}, "datetime": {"datetime": "2021-09-19 19:57:34", "elapsed": 307.431035, "delta": 0.828036}}
{"target": 0.8941098322667139, "params": {"C": 89.8448034945364, "epsilon": 28.293582404483587, "gamma": 0.1, "lamda": 5e-05}, "datetime": {"datetime": "2021-09-19 19:57:35", "elapsed": 308.285022, "delta": 0.853987}}
{"target": 0.9069690338743427, "params": {"C": 85.08030722791982, "epsilon": 24.318645495939652, "gamma": 0.05, "lamda": 5e-05}, "datetime": {"datetime": "2021-09-19 19:57:36", "elapsed": 309.154999, "delta": 0.869977}}
{"target": -9.7042500116159, "params": {"C": 87.51440064290358, "epsilon": 24.461058797114617, "gamma": 0.05980380253199809, "lamda": 0.1865930671434158}, "datetime": {"datetime": "2021-09-19 19:57:50", "elapsed": 324.082274, "delta": 14.927275}}
{"target": -9.732836691047098, "params": {"C": 83.40665238826803, "epsilon": 24.14305885617656, "gamma": 0.05, "lamda": 0.9220711124573898}, "datetime": {"datetime": "2021-09-19 19:58:06", "elapsed": 339.276913, "delta": 15.194639}}
{"target": 0.9042127316374721, "params": {"C": 84.82063620264188, "epsilon": 26.031821773791815, "gamma": 0.07654619044712592, "lamda": 5e-05}, "datetime": {"datetime": "2021-09-19 19:58:06", "elapsed": 340.090724, "delta": 0.813811}}
{"target": -9.195828464320291, "params": {"C": 80.79301247236974, "epsilon": 25.41512380383608, "gamma": 0.0992391036306774, "lamda": 0.9762024477305661}, "datetime": {"datetime": "2021-09-19 19:58:22", "elapsed": 355.263495, "delta": 15.172771}}
{"target": -1.2806340625578496, "params": {"C": 94.65486228518982, "epsilon": 16.061285426971153, "gamma": 0.0980625237137667, "lamda": 0.05090166016399803}, "datetime": {"datetime": "2021-09-19 19:58:31", "elapsed": 364.938494, "delta": 9.674999}}
{"target": 0.8970741748000637, "params": {"C": 95.5689705309893, "epsilon": 17.81590153869648, "gamma": 0.1, "lamda": 5e-05}, "datetime": {"datetime": "2021-09-19 19:58:32", "elapsed": 366.007497, "delta": 1.069003}}
{"target": 0.9039760221216225, "params": {"C": 88.86902535534547, "epsilon": 27.588091255321327, "gamma": 0.05, "lamda": 5e-05}, "datetime": {"datetime": "2021-09-19 19:58:33", "elapsed": 367.028498, "delta": 1.021001}}
{"target": -4.75488238406938, "params": {"C": 82.79059219524136, "epsilon": 27.28131575464177, "gamma": 0.07761984926926747, "lamda": 0.10932968021976099}, "datetime": {"datetime": "2021-09-19 19:58:43", "elapsed": 376.138496, "delta": 9.109998}}
{"target": -1.3738520166175223, "params": {"C": 96.61195841004294, "epsilon": 13.470329677771842, "gamma": 0.08065034540706793, "lamda": 0.06804157199045466}, "datetime": {"datetime": "2021-09-19 19:58:52", "elapsed": 385.530495, "delta": 9.391999}}
{"target": 0.9046597723619776, "params": {"C": 97.03736930759116, "epsilon": 16.840418395612662, "gamma": 0.053478516939686443, "lamda": 0.0038066768159552653}, "datetime": {"datetime": "2021-09-19 19:58:53", "elapsed": 386.403495, "delta": 0.873}}
{"target": -6.885197190055783, "params": {"C": 96.52493289262102, "epsilon": 18.166148752546075, "gamma": 0.05, "lamda": 0.9674942526417378}, "datetime": {"datetime": "2021-09-19 19:59:08", "elapsed": 401.650899, "delta": 15.247404}}
{"target": -12.433113781673782, "params": {"C": 84.327912209094, "epsilon": 29.447164746147667, "gamma": 0.07364069684251698, "lamda": 0.34569240953048824}, "datetime": {"datetime": "2021-09-19 19:59:24", "elapsed": 417.150343, "delta": 15.499444}}
{"target": -6.744272240901276, "params": {"C": 83.86509323198433, "epsilon": 17.810327454076358, "gamma": 0.053323209440612314, "lamda": 0.1806314264692582}, "datetime": {"datetime": "2021-09-19 19:59:38", "elapsed": 431.594617, "delta": 14.444274}}
{"target": -3.5665371195163873, "params": {"C": 72.74703126629646, "epsilon": 11.055644194216523, "gamma": 0.08941541671597993, "lamda": 0.7523758704419719}, "datetime": {"datetime": "2021-09-19 19:59:53", "elapsed": 446.535541, "delta": 14.940924}}
{"target": -4.987393479965033, "params": {"C": 86.99940378515532, "epsilon": 16.52268712815144, "gamma": 0.09528601401403372, "lamda": 1.142776139201501}, "datetime": {"datetime": "2021-09-19 20:00:08", "elapsed": 461.238523, "delta": 14.702982}}
{"target": -10.458291386811306, "params": {"C": 99.39984851572387, "epsilon": 25.73520941365124, "gamma": 0.06895943853633497, "lamda": 0.23093353608447878}, "datetime": {"datetime": "2021-09-19 20:00:22", "elapsed": 475.96152, "delta": 14.722997}}
{"target": -5.906130004033076, "params": {"C": 69.98361905385292, "epsilon": 18.25086810224183, "gamma": 0.09163947156762536, "lamda": 1.2544941403419938}, "datetime": {"datetime": "2021-09-19 20:00:37", "elapsed": 490.932813, "delta": 14.971293}}
{"target": -3.9252890349957177, "params": {"C": 92.56744963713086, "epsilon": 12.840658185256025, "gamma": 0.09218394431513255, "lamda": 1.074376296069138}, "datetime": {"datetime": "2021-09-19 20:00:52", "elapsed": 505.396339, "delta": 14.463526}}
{"target": -8.232371680223629, "params": {"C": 79.17650947231171, "epsilon": 21.601308622204357, "gamma": 0.06182499296692659, "lamda": 0.35088459161560576}, "datetime": {"datetime": "2021-09-19 20:01:07", "elapsed": 520.401235, "delta": 15.004896}}
{"target": -4.9630554844306465, "params": {"C": 89.84633694730832, "epsilon": 14.031630314589808, "gamma": 0.06498531217370337, "lamda": 0.6122480853132155}, "datetime": {"datetime": "2021-09-19 20:01:22", "elapsed": 535.21816, "delta": 14.816925}}
{"target": -5.639093596195347, "params": {"C": 98.3171777108879, "epsilon": 17.667213194288585, "gamma": 0.09180510239909481, "lamda": 0.6535708932680426}, "datetime": {"datetime": "2021-09-19 20:01:32", "elapsed": 545.368994, "delta": 10.150834}}
{"target": -7.201044935445761, "params": {"C": 81.42330621089256, "epsilon": 21.640571945295783, "gamma": 0.08925867349100469, "lamda": 0.4994102217411235}, "datetime": {"datetime": "2021-09-19 20:01:47", "elapsed": 560.233092, "delta": 14.864098}}
{"target": -4.93703157217295, "params": {"C": 73.17169090990868, "epsilon": 14.34109356405015, "gamma": 0.07713549580591847, "lamda": 0.8088024544411392}, "datetime": {"datetime": "2021-09-19 20:02:01", "elapsed": 574.929548, "delta": 14.696456}}
{"target": -4.441989692494529, "params": {"C": 85.84680907223208, "epsilon": 11.602491802584575, "gamma": 0.059822646526666245, "lamda": 1.3850872455146679}, "datetime": {"datetime": "2021-09-19 20:02:16", "elapsed": 589.851098, "delta": 14.92155}}
{"target": -7.298553647341405, "params": {"C": 83.17137728257134, "epsilon": 21.354064420252676, "gamma": 0.09009098140532029, "lamda": 0.845753124058902}, "datetime": {"datetime": "2021-09-19 20:02:31", "elapsed": 604.972099, "delta": 15.121001}}
{"target": -3.8499092764034915, "params": {"C": 75.34945382741734, "epsilon": 11.07296740466651, "gamma": 0.08263773913053551, "lamda": 1.3992031468655723}, "datetime": {"datetime": "2021-09-19 20:02:46", "elapsed": 619.970416, "delta": 14.998317}}
{"target": -10.806949084281754, "params": {"C": 93.45140260791106, "epsilon": 27.248964253469946, "gamma": 0.0604143808032556, "lamda": 0.20341315510355013}, "datetime": {"datetime": "2021-09-19 20:03:01", "elapsed": 634.816335, "delta": 14.845919}}
{"target": -11.806805790815284, "params": {"C": 91.1817935334912, "epsilon": 28.92245925765059, "gamma": 0.08133052327613148, "lamda": 0.6141231384895955}, "datetime": {"datetime": "2021-09-19 20:03:16", "elapsed": 649.63092, "delta": 14.814585}}
{"target": -3.2450980119708985, "params": {"C": 76.35338317412584, "epsilon": 10.037281266598486, "gamma": 0.0778288472244864, "lamda": 0.5283238200207595}, "datetime": {"datetime": "2021-09-19 20:03:26", "elapsed": 659.191686, "delta": 9.560766}}
{"target": -4.910230600454399, "params": {"C": 96.59009535778179, "epsilon": 13.571605933545785, "gamma": 0.07094875868856255, "lamda": 1.2220338005681188}, "datetime": {"datetime": "2021-09-19 20:03:40", "elapsed": 673.913065, "delta": 14.721379}}
{"target": -8.593383481827654, "params": {"C": 82.83067109474239, "epsilon": 22.317467055092383, "gamma": 0.06716725503142822, "lamda": 1.1861560153038309}, "datetime": {"datetime": "2021-09-19 20:03:55", "elapsed": 688.748606, "delta": 14.835541}}
{"target": 0.8969891011387192, "params": {"C": 71.67913780883441, "epsilon": 20.176478624845487, "gamma": 0.06906889900199419, "lamda": 0.06062171569528241}, "datetime": {"datetime": "2021-09-19 20:03:56", "elapsed": 689.357301, "delta": 0.608695}}
{"target": -12.656865718813721, "params": {"C": 75.69554418642542, "epsilon": 29.301271871683742, "gamma": 0.05893262636860387, "lamda": 0.8069806917272201}, "datetime": {"datetime": "2021-09-19 20:04:11", "elapsed": 704.874525, "delta": 15.517224}}
{"target": -11.044980106950419, "params": {"C": 91.89488019875591, "epsilon": 27.293577583224554, "gamma": 0.06480678895875872, "lamda": 0.8608712188047194}, "datetime": {"datetime": "2021-09-19 20:04:26", "elapsed": 719.983441, "delta": 15.108916}}
{"target": 0.8859851235226887, "params": {"C": 85.47387563295808, "epsilon": 25.35710017800467, "gamma": 0.052520211754615034, "lamda": 5e-05}, "datetime": {"datetime": "2021-09-19 20:04:27", "elapsed": 721.04766, "delta": 1.064219}}
{"target": -7.804503259889955, "params": {"C": 80.85737683955782, "epsilon": 21.23749827480087, "gamma": 0.06511709768736422, "lamda": 1.222635803647525}, "datetime": {"datetime": "2021-09-19 20:04:42", "elapsed": 735.744343, "delta": 14.696683}}
{"target": -6.668048237851129, "params": {"C": 84.84144716353869, "epsilon": 19.869128360221136, "gamma": 0.09583951337577885, "lamda": 1.0311287767222324}, "datetime": {"datetime": "2021-09-19 20:04:57", "elapsed": 750.6396, "delta": 14.895257}}
{"target": 0.8939957332093893, "params": {"C": 88.89948831983776, "epsilon": 28.592386748486856, "gamma": 0.1, "lamda": 5e-05}, "datetime": {"datetime": "2021-09-19 20:04:58", "elapsed": 751.645853, "delta": 1.006253}}
{"target": -10.05978175593822, "params": {"C": 84.74665496459552, "epsilon": 27.179648352859864, "gamma": 0.09457596443247676, "lamda": 0.2287916348787494}, "datetime": {"datetime": "2021-09-19 20:05:08", "elapsed": 761.426556, "delta": 9.780703}}
{"target": 0.8994710789593284, "params": {"C": 84.5887041864719, "epsilon": 25.223749410344126, "gamma": 0.07540595702975039, "lamda": 5e-05}, "datetime": {"datetime": "2021-09-19 20:05:09", "elapsed": 763.002422, "delta": 1.575866}}
{"target": -6.138244301952505, "params": {"C": 95.21738327893544, "epsilon": 17.130412796057044, "gamma": 0.057901778593175385, "lamda": 0.2115806274960527}, "datetime": {"datetime": "2021-09-19 20:05:19", "elapsed": 772.60976, "delta": 9.607338}}
{"target": -6.060080441169658, "params": {"C": 92.1216565229486, "epsilon": 16.300279111223833, "gamma": 0.07174546869648964, "lamda": 0.47995651689915664}, "datetime": {"datetime": "2021-09-19 20:05:34", "elapsed": 787.619169, "delta": 15.009409}}
{"target": -8.639857047224085, "params": {"C": 84.86873453835257, "epsilon": 22.37002792215791, "gamma": 0.06764960820127398, "lamda": 0.8911187875861628}, "datetime": {"datetime": "2021-09-19 20:05:49", "elapsed": 802.611409, "delta": 14.99224}}
{"target": -11.180712517036492, "params": {"C": 89.35523399961042, "epsilon": 28.060313194476652, "gamma": 0.08167010048855017, "lamda": 0.37119428244985414}, "datetime": {"datetime": "2021-09-19 20:06:04", "elapsed": 817.600328, "delta": 14.988919}}
{"target": 0.898503345408872, "params": {"C": 68.1479436008674, "epsilon": 11.23447958394349, "gamma": 0.08819490042421033, "lamda": 0.036291305251497825}, "datetime": {"datetime": "2021-09-19 20:06:05", "elapsed": 818.231507, "delta": 0.631179}}
{"target": -1.2417155074753436, "params": {"C": 96.8061219375477, "epsilon": 18.856555630195547, "gamma": 0.09993402739121944, "lamda": 0.2489006572053201}, "datetime": {"datetime": "2021-09-19 20:06:14", "elapsed": 827.276605, "delta": 9.045098}}
{"target": -6.79351040250641, "params": {"C": 66.00034512828742, "epsilon": 21.759076576340284, "gamma": 0.09267309593051126, "lamda": 0.1831614534713006}, "datetime": {"datetime": "2021-09-19 20:06:23", "elapsed": 836.441605, "delta": 9.165}}
{"target": -3.824056843187572, "params": {"C": 78.3523251615526, "epsilon": 18.662984494781174, "gamma": 0.05495526788773362, "lamda": 0.047624138406201166}, "datetime": {"datetime": "2021-09-19 20:06:37", "elapsed": 850.858607, "delta": 14.417002}}
{"target": -2.7808812050490412, "params": {"C": 98.90603190022087, "epsilon": 14.348388855558685, "gamma": 0.07779763912817535, "lamda": 0.2635852866141044}, "datetime": {"datetime": "2021-09-19 20:06:46", "elapsed": 859.786607, "delta": 8.928}}
{"target": -5.207871416144902, "params": {"C": 85.10005646565727, "epsilon": 12.92174858699051, "gamma": 0.05223330477577674, "lamda": 0.32495649812412297}, "datetime": {"datetime": "2021-09-19 20:07:01", "elapsed": 874.511607, "delta": 14.725}}
{"target": -10.953583704394921, "params": {"C": 88.9937817655118, "epsilon": 27.148143616092298, "gamma": 0.05927861822605429, "lamda": 0.25628318694426244}, "datetime": {"datetime": "2021-09-19 20:07:16", "elapsed": 889.422677, "delta": 14.91107}}
{"target": -5.007630864084492, "params": {"C": 67.29613195171292, "epsilon": 12.551376004618051, "gamma": 0.052962128517194784, "lamda": 0.34860959451993284}, "datetime": {"datetime": "2021-09-19 20:07:29", "elapsed": 902.925574, "delta": 13.502897}}
{"target": -9.483258756951823, "params": {"C": 93.55450167973974, "epsilon": 26.002175795745647, "gamma": 0.09719647600521344, "lamda": 1.3260170180855386}, "datetime": {"datetime": "2021-09-19 20:07:43", "elapsed": 916.866054, "delta": 13.94048}}
{"target": -4.153283762666378, "params": {"C": 89.22797943222929, "epsilon": 25.956860689471007, "gamma": 0.0802445422343777, "lamda": 0.07020302140665688}, "datetime": {"datetime": "2021-09-19 20:07:57", "elapsed": 930.401303, "delta": 13.535249}}
{"target": -8.918279202981994, "params": {"C": 98.67065475390054, "epsilon": 24.38438365403072, "gamma": 0.08725585722296106, "lamda": 0.2435542949083623}, "datetime": {"datetime": "2021-09-19 20:08:05", "elapsed": 938.963737, "delta": 8.562434}}
{"target": -11.042130419733434, "params": {"C": 81.30403140878644, "epsilon": 27.377776632662105, "gamma": 0.07299089892925101, "lamda": 0.704037584817856}, "datetime": {"datetime": "2021-09-19 20:08:19", "elapsed": 952.710931, "delta": 13.747194}}
{"target": -8.89033449379892, "params": {"C": 82.16266307719845, "epsilon": 24.08440714964332, "gamma": 0.09113527593774243, "lamda": 0.30225822132344926}, "datetime": {"datetime": "2021-09-19 20:08:33", "elapsed": 966.622428, "delta": 13.911497}}
{"target": -2.8839851461746657, "params": {"C": 98.42974535314889, "epsilon": 15.576751733685839, "gamma": 0.06442068352871066, "lamda": 0.09970995797683621}, "datetime": {"datetime": "2021-09-19 20:08:47", "elapsed": 980.952371, "delta": 14.329943}}
{"target": -1.5820378606053418, "params": {"C": 85.736521270266, "epsilon": 17.311879429523472, "gamma": 0.07884978163658657, "lamda": 0.06739468471657646}, "datetime": {"datetime": "2021-09-19 20:08:56", "elapsed": 989.498374, "delta": 8.546003}}
