{"target": -4.95826591573997, "params": {"C": 81.361071560916, "epsilon": 10.703227139239209, "gamma": 0.04471085156401856, "lamda": 0.1583547052688934}, "datetime": {"datetime": "2021-09-20 17:26:39", "elapsed": 7669.521505, "delta": 22.189037}}
{"target": 0.8993913231731958, "params": {"C": 66.72875508477348, "epsilon": 18.275927424361623, "gamma": 0.07698920471930275, "lamda": 0.00025004754424759863}, "datetime": {"datetime": "2021-09-20 17:26:46", "elapsed": 7675.890277, "delta": 6.368772}}
{"target": -5.528828068084192, "params": {"C": 75.50831858996352, "epsilon": 13.645889595378263, "gamma": 0.047870666506853385, "lamda": 0.008193561795135801}, "datetime": {"datetime": "2021-09-20 17:27:02", "elapsed": 7692.11193, "delta": 16.221653}}
{"target": -8.68715844536923, "params": {"C": 67.37867391472383, "epsilon": 20.955138177870374, "gamma": 0.04327869637643554, "lamda": 0.1772844522284441}, "datetime": {"datetime": "2021-09-20 17:27:25", "elapsed": 7714.869799, "delta": 22.757869}}
{"target": -2.65950017711729, "params": {"C": 73.6222389016556, "epsilon": 14.143400548913544, "gamma": 0.07317400569640296, "lamda": 0.02440874315028119}, "datetime": {"datetime": "2021-09-20 17:27:48", "elapsed": 7738.203353, "delta": 23.333554}}
{"target": -3.803334402719626, "params": {"C": 92.45107308727108, "epsilon": 10.59575685831532, "gamma": 0.04032847250236843, "lamda": 0.05499783719993937}, "datetime": {"datetime": "2021-09-20 17:28:03", "elapsed": 7753.418237, "delta": 15.214884}}
{"target": -3.298744580037587, "params": {"C": 70.75059276114955, "epsilon": 15.576272516444341, "gamma": 0.06250721492320793, "lamda": 0.1284180443812641}, "datetime": {"datetime": "2021-09-20 17:28:23", "elapsed": 7773.577882, "delta": 20.159645}}
{"target": 0.9031504930545711, "params": {"C": 67.38228927493736, "epsilon": 13.704099659218405, "gamma": 0.06517968687554127, "lamda": 0.008292295095901554}, "datetime": {"datetime": "2021-09-20 17:28:30", "elapsed": 7780.133352, "delta": 6.55547}}
{"target": -6.2567651193837515, "params": {"C": 91.8922097130617, "epsilon": 17.522059535779682, "gamma": 0.053358885063426384, "lamda": 0.1463877451005206}, "datetime": {"datetime": "2021-09-20 17:28:45", "elapsed": 7795.348113, "delta": 15.214761}}
{"target": 0.9082110292884515, "params": {"C": 80.04700712875548, "epsilon": 12.938905601707, "gamma": 0.05932513558365374, "lamda": 0.007083728635047541}, "datetime": {"datetime": "2021-09-20 17:28:52", "elapsed": 7802.385986, "delta": 7.037873}}
{"target": 0.9022046920215809, "params": {"C": 72.55811237778086, "epsilon": 13.887194189687648, "gamma": 0.07369149484719066, "lamda": 0.001390010635917853}, "datetime": {"datetime": "2021-09-20 17:29:00", "elapsed": 7809.672152, "delta": 7.286166}}
{"target": -1.9844485656577642, "params": {"C": 78.44868495883495, "epsilon": 10.002412955174819, "gamma": 0.05938563371612422, "lamda": 0.03381700211447441}, "datetime": {"datetime": "2021-09-20 17:29:14", "elapsed": 7824.486478, "delta": 14.814326}}
{"target": -6.6164163643640475, "params": {"C": 97.09008010158529, "epsilon": 15.537654061933749, "gamma": 0.04874216464378212, "lamda": 0.1721035356124795}, "datetime": {"datetime": "2021-09-20 17:29:37", "elapsed": 7847.099326, "delta": 22.612848}}
{"target": -5.123945716305732, "params": {"C": 79.96812790802976, "epsilon": 12.93442485157665, "gamma": 0.04905970296383334, "lamda": 0.006457852584934013}, "datetime": {"datetime": "2021-09-20 17:29:55", "elapsed": 7864.976264, "delta": 17.876938}}
{"target": -3.2989797783688113, "params": {"C": 73.69273966311144, "epsilon": 14.198297551616378, "gamma": 0.05944467135976825, "lamda": 0.07098268022468202}, "datetime": {"datetime": "2021-09-20 17:30:14", "elapsed": 7883.893004, "delta": 18.91674}}
{"target": 0.9029919581262229, "params": {"C": 68.18783800179871, "epsilon": 10.686343755946513, "gamma": 0.07589440836462476, "lamda": 0.04998183066495137}, "datetime": {"datetime": "2021-09-20 17:30:21", "elapsed": 7890.743675, "delta": 6.850671}}
{"target": -5.029801201474971, "params": {"C": 96.63111418400888, "epsilon": 10.665420258924211, "gamma": 0.04586333972019285, "lamda": 0.11271766090658737}, "datetime": {"datetime": "2021-09-20 17:30:44", "elapsed": 7913.695936, "delta": 22.952261}}
{"target": -1.823096921312179, "params": {"C": 97.10805593317005, "epsilon": 19.665225680116954, "gamma": 0.06471904938904996, "lamda": 0.032506336692841954}, "datetime": {"datetime": "2021-09-20 17:30:58", "elapsed": 7928.155363, "delta": 14.459427}}
{"target": -2.8252088903325228, "params": {"C": 88.38122405536258, "epsilon": 13.238796354252479, "gamma": 0.06036818740912739, "lamda": 0.18714903265518043}, "datetime": {"datetime": "2021-09-20 17:31:13", "elapsed": 7942.903987, "delta": 14.748624}}
{"target": -1.5350982369233472, "params": {"C": 69.19513717123533, "epsilon": 19.01691807051902, "gamma": 0.07144712978327528, "lamda": 0.04490932870581828}, "datetime": {"datetime": "2021-09-20 17:31:28", "elapsed": 7957.853148, "delta": 14.949161}}
{"target": -3.29306874654836, "params": {"C": 72.56806092459608, "epsilon": 17.975462273629244, "gamma": 0.06768070415702435, "lamda": 0.09236023205296445}, "datetime": {"datetime": "2021-09-20 17:31:48", "elapsed": 7977.696771, "delta": 19.843623}}
{"target": -5.017585099102374, "params": {"C": 68.20213017092622, "epsilon": 10.708022012313783, "gamma": 0.044908103820702795, "lamda": 0.11620256030515469}, "datetime": {"datetime": "2021-09-20 17:32:06", "elapsed": 7995.688836, "delta": 17.992065}}
{"target": -1.6229201665787252, "params": {"C": 91.02007808740983, "epsilon": 18.147805413472234, "gamma": 0.07266795468888285, "lamda": 0.028472051301753374}, "datetime": {"datetime": "2021-09-20 17:32:21", "elapsed": 8011.323404, "delta": 15.634568}}
{"target": -8.009707034793083, "params": {"C": 96.79806781969077, "epsilon": 19.22646655644426, "gamma": 0.04522069495790018, "lamda": 0.11331595352853294}, "datetime": {"datetime": "2021-09-20 17:32:43", "elapsed": 8033.577145, "delta": 22.253741}}
{"target": 0.9008659174329919, "params": {"C": 79.91800079532788, "epsilon": 14.77205054465939, "gamma": 0.06882785287036212, "lamda": 0.005725414970524304}, "datetime": {"datetime": "2021-09-20 17:32:47", "elapsed": 8037.468647, "delta": 3.891502}}
{"target": -3.0391533417482757, "params": {"C": 88.59692227381373, "epsilon": 17.36589603360449, "gamma": 0.06596807306984578, "lamda": 0.01283710847282608}, "datetime": {"datetime": "2021-09-20 17:33:10", "elapsed": 8060.22531, "delta": 22.756663}}
{"target": -4.034618259880832, "params": {"C": 82.84718347331082, "epsilon": 21.661927339414245, "gamma": 0.06482657190229643, "lamda": 0.0688377248721819}, "datetime": {"datetime": "2021-09-20 17:33:31", "elapsed": 8080.734478, "delta": 20.509168}}
{"target": -2.5855485934471316, "params": {"C": 78.40616654512063, "epsilon": 12.408245521341435, "gamma": 0.0761886553886408, "lamda": 0.19691473960898861}, "datetime": {"datetime": "2021-09-20 17:33:49", "elapsed": 8099.342406, "delta": 18.607928}}
{"target": -3.758660063377592, "params": {"C": 74.82894127167519, "epsilon": 11.411272443205704, "gamma": 0.05096582499717543, "lamda": 0.039018760658969594}, "datetime": {"datetime": "2021-09-20 17:34:05", "elapsed": 8115.49117, "delta": 16.148764}}
{"target": -4.497144261760433, "params": {"C": 78.6187348488124, "epsilon": 13.162509653345818, "gamma": 0.04023505518885545, "lamda": 0.08939764422223383}, "datetime": {"datetime": "2021-09-20 17:34:21", "elapsed": 8131.209855, "delta": 15.718685}}
{"target": -4.672924713475357, "params": {"C": 76.9854915173175, "epsilon": 10.36252702137223, "gamma": 0.05331498483397143, "lamda": 0.1840628673632303}, "datetime": {"datetime": "2021-09-20 17:34:43", "elapsed": 8153.524182, "delta": 22.314327}}
{"target": -2.519419911049212, "params": {"C": 89.22549976478841, "epsilon": 11.280109532434404, "gamma": 0.07368418429470386, "lamda": 0.19638184688207289}, "datetime": {"datetime": "2021-09-20 17:34:58", "elapsed": 8167.814533, "delta": 14.290351}}
{"target": -3.4527994377163242, "params": {"C": 97.42381879106397, "epsilon": 15.452452208711247, "gamma": 0.05793077063935577, "lamda": 0.11774620319442629}, "datetime": {"datetime": "2021-09-20 17:35:19", "elapsed": 8189.628885, "delta": 21.814352}}
{"target": -3.486206137038888, "params": {"C": 83.58677123443304, "epsilon": 16.737637400004946, "gamma": 0.06456944266781807, "lamda": 0.019839473022865015}, "datetime": {"datetime": "2021-09-20 17:35:42", "elapsed": 8212.478323, "delta": 22.849438}}
{"target": 0.9024862497170156, "params": {"C": 68.12061568465052, "epsilon": 10.659238449442583, "gamma": 0.07455645181522962, "lamda": 0.05312475404771974}, "datetime": {"datetime": "2021-09-20 17:35:49", "elapsed": 8218.757558, "delta": 6.279235}}
{"target": -8.067560706800752, "params": {"C": 82.94866620453674, "epsilon": 21.301346284776162, "gamma": 0.06477573132786694, "lamda": 0.17515402434659402}, "datetime": {"datetime": "2021-09-20 17:36:12", "elapsed": 8241.722348, "delta": 22.96479}}
{"target": 0.9030125455558895, "params": {"C": 69.67451522319624, "epsilon": 10.489302774219677, "gamma": 0.07345700029284709, "lamda": 0.01309401782406029}, "datetime": {"datetime": "2021-09-20 17:36:16", "elapsed": 8245.792246, "delta": 4.069898}}
{"target": -3.1730302414059413, "params": {"C": 76.4239355135289, "epsilon": 12.816879338218662, "gamma": 0.057332838193696826, "lamda": 0.01478893735869795}, "datetime": {"datetime": "2021-09-20 17:36:40", "elapsed": 8269.911067, "delta": 24.118821}}
{"target": -7.764760037213989, "params": {"C": 92.52932800651624, "epsilon": 19.446463009334828, "gamma": 0.048912368176287135, "lamda": 0.19894532672997214}, "datetime": {"datetime": "2021-09-20 17:37:02", "elapsed": 8292.254024, "delta": 22.342957}}
{"target": -5.893403551974148, "params": {"C": 97.54591557930137, "epsilon": 14.634251184664599, "gamma": 0.04811476188596663, "lamda": 0.17411328918139685}, "datetime": {"datetime": "2021-09-20 17:37:25", "elapsed": 8314.892544, "delta": 22.63852}}
{"target": 0.9096122382190472, "params": {"C": 98.43074098368865, "epsilon": 14.175097566688107, "gamma": 0.05760021241483529, "lamda": 0.005180052179861422}, "datetime": {"datetime": "2021-09-20 17:37:31", "elapsed": 8320.727673, "delta": 5.835129}}
{"target": 0.9035475890579718, "params": {"C": 72.5588344931709, "epsilon": 14.02201402476729, "gamma": 0.07771328373881162, "lamda": 0.06881591254756846}, "datetime": {"datetime": "2021-09-20 17:37:35", "elapsed": 8324.997827, "delta": 4.270154}}
{"target": -2.489795562091686, "params": {"C": 98.42975067467196, "epsilon": 14.20500990885365, "gamma": 0.05187128193433835, "lamda": 0.004877517948491859}, "datetime": {"datetime": "2021-09-20 17:37:57", "elapsed": 8346.690358, "delta": 21.692531}}
{"target": 0.902683697076512, "params": {"C": 79.7026033636758, "epsilon": 17.532715497620345, "gamma": 0.06436752923008118, "lamda": 0.04902590005611725}, "datetime": {"datetime": "2021-09-20 17:38:01", "elapsed": 8351.033331, "delta": 4.342973}}
{"target": 0.9090460398825868, "params": {"C": 92.1222597822119, "epsilon": 10.01201580123938, "gamma": 0.06141679538179554, "lamda": 0.005899735853164207}, "datetime": {"datetime": "2021-09-20 17:38:08", "elapsed": 8358.098981, "delta": 7.06565}}
{"target": -3.326788384950825, "params": {"C": 58.74397960856801, "epsilon": 10.025926231827892, "gamma": 0.4549662477878709, "lamda": 0.4435322392618277}, "datetime": {"datetime": "2021-09-20 17:47:06", "elapsed": 0.0, "delta": 0.0}}
{"target": -3.257896148252531, "params": {"C": 58.681471208349954, "epsilon": 10.330334821003873, "gamma": 0.42046486340378425, "lamda": 0.46192709663506637}, "datetime": {"datetime": "2021-09-20 17:47:06", "elapsed": 0.399998, "delta": 0.399998}}
{"target": -3.357526551926612, "params": {"C": 58.19861869469809, "epsilon": 10.266827275102866, "gamma": 0.4621133832769295, "lamda": 0.45291420942770394}, "datetime": {"datetime": "2021-09-20 17:47:07", "elapsed": 0.766375, "delta": 0.366377}}
{"target": -3.2416935320214337, "params": {"C": 57.538319781379734, "epsilon": 10.513578121265747, "gamma": 0.41844398656469156, "lamda": 0.47853351478166734}, "datetime": {"datetime": "2021-09-20 17:47:07", "elapsed": 1.151586, "delta": 0.385211}}
{"target": -3.477489172280259, "params": {"C": 60.41590117055796, "epsilon": 10.494236837381928, "gamma": 0.4846561485357468, "lamda": 0.4079645477009061}, "datetime": {"datetime": "2021-09-20 17:47:07", "elapsed": 1.50036, "delta": 0.348774}}
{"target": -3.3279851390990887, "params": {"C": 59.020984360486814, "epsilon": 10.065286504386878, "gamma": 0.44281223275973897, "lamda": 0.4096530915660613}, "datetime": {"datetime": "2021-09-20 17:47:08", "elapsed": 1.86936, "delta": 0.369}}
{"target": -3.259408769601257, "params": {"C": 57.50863988680511, "epsilon": 10.596745308978596, "gamma": 0.4226012000604236, "lamda": 0.41069456843099833}, "datetime": {"datetime": "2021-09-20 17:47:08", "elapsed": 2.234365, "delta": 0.365005}}
{"target": -3.324463244949822, "params": {"C": 57.88122482828224, "epsilon": 10.3498262850033, "gamma": 0.44677874845823, "lamda": 0.42017432262649657}, "datetime": {"datetime": "2021-09-20 17:47:09", "elapsed": 2.656485, "delta": 0.42212}}
{"target": -3.322087363131332, "params": {"C": 59.56162690085966, "epsilon": 10.48306983555175, "gamma": 0.45052367200185495, "lamda": 0.43868926511185596}, "datetime": {"datetime": "2021-09-20 17:47:09", "elapsed": 3.199491, "delta": 0.543006}}
{"target": -3.2416290639998677, "params": {"C": 60.174549817766305, "epsilon": 10.580004178877807, "gamma": 0.4162298598502314, "lamda": 0.47007523466071566}, "datetime": {"datetime": "2021-09-20 17:47:10", "elapsed": 3.643492, "delta": 0.444001}}
{"target": -3.189410238912786, "params": {"C": 60.06401423191349, "epsilon": 10.619774517532463, "gamma": 0.4, "lamda": 0.4987910175809048}, "datetime": {"datetime": "2021-09-20 17:47:11", "elapsed": 5.10081, "delta": 1.457318}}
{"target": -3.3242291209659287, "params": {"C": 57.06109969697775, "epsilon": 10.450107148771897, "gamma": 0.45186454442803387, "lamda": 0.40579072768231356}, "datetime": {"datetime": "2021-09-20 17:47:12", "elapsed": 5.866813, "delta": 0.766003}}
{"target": -3.3226642849447523, "params": {"C": 57.79697454350273, "epsilon": 10.542710546014439, "gamma": 0.4420494475114593, "lamda": 0.4200428232956124}, "datetime": {"datetime": "2021-09-20 17:47:13", "elapsed": 6.628567, "delta": 0.761754}}
{"target": -3.336515047683393, "params": {"C": 58.89858980943018, "epsilon": 10.359825277098931, "gamma": 0.45770430303061527, "lamda": 0.4596859631046076}, "datetime": {"datetime": "2021-09-20 17:47:13", "elapsed": 7.399555, "delta": 0.770988}}
{"target": -3.294586252307311, "params": {"C": 58.15955281662484, "epsilon": 10.33278995966681, "gamma": 0.4368969027251442, "lamda": 0.4721143995635509}, "datetime": {"datetime": "2021-09-20 17:47:14", "elapsed": 8.135218, "delta": 0.735663}}
{"target": -3.382392930242835, "params": {"C": 57.229237500803286, "epsilon": 10.25272959091032, "gamma": 0.4690113894311367, "lamda": 0.4617326319076762}, "datetime": {"datetime": "2021-09-20 17:47:15", "elapsed": 8.776838, "delta": 0.64162}}
{"target": -3.1897552775707125, "params": {"C": 60.10621684022498, "epsilon": 10.714376238789969, "gamma": 0.4, "lamda": 0.49517600428126773}, "datetime": {"datetime": "2021-09-20 17:47:16", "elapsed": 10.589636, "delta": 1.812798}}
{"target": -3.390522001360839, "params": {"C": 60.0214431776161, "epsilon": 10.692356613767233, "gamma": 0.4681041057809292, "lamda": 0.4}, "datetime": {"datetime": "2021-09-20 17:47:18", "elapsed": 11.766385, "delta": 1.176749}}
{"target": -3.2757697020491547, "params": {"C": 59.87680763189176, "epsilon": 10.464187274935684, "gamma": 0.42651095636847935, "lamda": 0.4723775539802553}, "datetime": {"datetime": "2021-09-20 17:47:18", "elapsed": 12.282391, "delta": 0.516006}}
{"target": -3.485159950687608, "params": {"C": 59.033973762470666, "epsilon": 10.508891456190218, "gamma": 0.48783121189048634, "lamda": 0.4635081367463868}, "datetime": {"datetime": "2021-09-20 17:47:19", "elapsed": 12.848442, "delta": 0.566051}}
{"target": -3.238222120594506, "params": {"C": 60.13412361180204, "epsilon": 10.008921965769757, "gamma": 0.41622589128752613, "lamda": 0.4082559355002039}, "datetime": {"datetime": "2021-09-20 17:47:19", "elapsed": 13.466593, "delta": 0.618151}}
{"target": -3.338827296310851, "params": {"C": 60.16199865763893, "epsilon": 10.692142320577666, "gamma": 0.45650810136225867, "lamda": 0.4957512817777462}, "datetime": {"datetime": "2021-09-20 17:47:21", "elapsed": 14.755579, "delta": 1.288986}}
{"target": -3.269301538152106, "params": {"C": 60.003380465517985, "epsilon": 10.240632121324461, "gamma": 0.42475404893162183, "lamda": 0.42040348566702884}, "datetime": {"datetime": "2021-09-20 17:47:21", "elapsed": 15.422894, "delta": 0.667315}}
{"target": -3.2780157291692666, "params": {"C": 60.1997652940964, "epsilon": 10.276282219502978, "gamma": 0.4254063535013426, "lamda": 0.43684220727800027}, "datetime": {"datetime": "2021-09-20 17:47:22", "elapsed": 16.154894, "delta": 0.732}}
{"target": -3.1896143937928856, "params": {"C": 60.066673501949374, "epsilon": 10.676856889731782, "gamma": 0.4, "lamda": 0.5}, "datetime": {"datetime": "2021-09-20 17:47:24", "elapsed": 17.954638, "delta": 1.799744}}
{"target": -3.265264553780481, "params": {"C": 59.27168695746923, "epsilon": 10.161325609476966, "gamma": 0.4234756260677999, "lamda": 0.4246542481621335}, "datetime": {"datetime": "2021-09-20 17:47:25", "elapsed": 18.694684, "delta": 0.740046}}
{"target": -3.4298062617239453, "params": {"C": 57.386520354260924, "epsilon": 10.084069302397634, "gamma": 0.47425483466469953, "lamda": 0.43637745677445283}, "datetime": {"datetime": "2021-09-20 17:47:25", "elapsed": 19.246733, "delta": 0.552049}}
{"target": -3.311387580611287, "params": {"C": 59.87423299523081, "epsilon": 10.475029826264535, "gamma": 0.4438922889121304, "lamda": 0.46194159534924334}, "datetime": {"datetime": "2021-09-20 17:47:26", "elapsed": 19.72073, "delta": 0.473997}}
{"target": -3.189933070425284, "params": {"C": 60.060427574655655, "epsilon": 10.766476126710831, "gamma": 0.4, "lamda": 0.5}, "datetime": {"datetime": "2021-09-20 17:47:27", "elapsed": 20.892196, "delta": 1.171466}}
{"target": -3.2907748993878236, "params": {"C": 57.21713486833806, "epsilon": 10.334482520631399, "gamma": 0.4356252128187258, "lamda": 0.422631467312559}, "datetime": {"datetime": "2021-09-20 17:47:27", "elapsed": 21.489211, "delta": 0.597015}}
{"target": -3.292606287010443, "params": {"C": 60.111110664201156, "epsilon": 10.522960274990497, "gamma": 0.43579678227273627, "lamda": 0.49850750424426676}, "datetime": {"datetime": "2021-09-20 17:47:29", "elapsed": 22.80663, "delta": 1.317419}}
{"target": -3.19011717218524, "params": {"C": 60.12186276249408, "epsilon": 10.815020383316776, "gamma": 0.4, "lamda": 0.5}, "datetime": {"datetime": "2021-09-20 17:47:30", "elapsed": 24.368506, "delta": 1.561876}}
{"target": -3.1903390697044016, "params": {"C": 60.0523794159597, "epsilon": 10.880657016356887, "gamma": 0.4, "lamda": 0.5}, "datetime": {"datetime": "2021-09-20 17:47:32", "elapsed": 25.887782, "delta": 1.519276}}
{"target": -3.481423022364701, "params": {"C": 59.50903006351833, "epsilon": 10.819367397928454, "gamma": 0.49061477735279146, "lamda": 0.46536868815368}, "datetime": {"datetime": "2021-09-20 17:47:32", "elapsed": 26.517393, "delta": 0.629611}}
{"target": -3.4675540049096387, "params": {"C": 58.5701673081616, "epsilon": 10.89004068847384, "gamma": 0.48330833288129005, "lamda": 0.48780949965315934}, "datetime": {"datetime": "2021-09-20 17:47:33", "elapsed": 27.143962, "delta": 0.626569}}
{"target": -3.1906779023645213, "params": {"C": 60.15215896302694, "epsilon": 10.970660807455637, "gamma": 0.4, "lamda": 0.5}, "datetime": {"datetime": "2021-09-20 17:47:34", "elapsed": 28.12466, "delta": 0.980698}}
{"target": -3.2408823478564845, "params": {"C": 60.303979028741495, "epsilon": 10.751020235594412, "gamma": 0.4155777265664253, "lamda": 0.4190706995455951}, "datetime": {"datetime": "2021-09-20 17:47:35", "elapsed": 28.682789, "delta": 0.558129}}
{"target": -3.191282651181298, "params": {"C": 60.22520746538823, "epsilon": 10.927406868600677, "gamma": 0.4002877753968757, "lamda": 0.4182374032668141}, "datetime": {"datetime": "2021-09-20 17:47:36", "elapsed": 30.193236, "delta": 1.510447}}
{"target": -3.19532005990187, "params": {"C": 60.39771013075494, "epsilon": 10.936902817094976, "gamma": 0.401824753035127, "lamda": 0.4875233874322301}, "datetime": {"datetime": "2021-09-20 17:47:38", "elapsed": 31.682306, "delta": 1.48907}}
{"target": -3.3138804564490467, "params": {"C": 59.77198272853483, "epsilon": 10.511861351623244, "gamma": 0.44467800969077953, "lamda": 0.4298801181185966}, "datetime": {"datetime": "2021-09-20 17:47:38", "elapsed": 32.242303, "delta": 0.559997}}
{"target": -3.398981003678015, "params": {"C": 57.470243953728044, "epsilon": 10.114615591487318, "gamma": 0.47125196837373956, "lamda": 0.48974556521957713}, "datetime": {"datetime": "2021-09-20 17:47:39", "elapsed": 32.867205, "delta": 0.624902}}
{"target": -3.2446251403858115, "params": {"C": 60.79906823732378, "epsilon": 10.872767249444852, "gamma": 0.4166947664090938, "lamda": 0.47774834492272383}, "datetime": {"datetime": "2021-09-20 17:47:40", "elapsed": 33.630238, "delta": 0.763033}}
{"target": -3.517047285736109, "params": {"C": 60.29179006900978, "epsilon": 10.998502385264668, "gamma": 0.49345882662047014, "lamda": 0.46929186574952253}, "datetime": {"datetime": "2021-09-20 17:47:41", "elapsed": 34.802359, "delta": 1.172121}}
{"target": -3.1945835020581805, "params": {"C": 60.142305542272034, "epsilon": 10.89114598503934, "gamma": 0.40161998079231526, "lamda": 0.42393922475540713}, "datetime": {"datetime": "2021-09-20 17:47:42", "elapsed": 36.561958, "delta": 1.759599}}
