{"target": 0.21239346170679796, "params": {"C": 1.0239209535459675, "epsilon": 7.484353044803604, "gamma": 0.7286350894513397, "lamda": 0.8544883505389926}, "datetime": {"datetime": "2021-07-03 10:58:00", "elapsed": 614.493377, "delta": 2.229639}}
{"target": 0.6865856408495602, "params": {"C": 3.0216430239845744, "epsilon": 7.6899832121364815, "gamma": 0.1671323412114273, "lamda": 0.2717862793668194}, "datetime": {"datetime": "2021-07-03 10:58:02", "elapsed": 616.184858, "delta": 1.691481}}
{"target": 0.20767823412323072, "params": {"C": 2.9282260611232855, "epsilon": 9.314993608146612, "gamma": 1.621577075802626, "lamda": 0.7788777554143163}, "datetime": {"datetime": "2021-07-03 10:58:04", "elapsed": 618.732049, "delta": 2.547191}}
{"target": 0.0671926352689991, "params": {"C": 0.27467247862013117, "epsilon": 5.17004085120886, "gamma": 0.7892043056586612, "lamda": 0.8485037334495419}, "datetime": {"datetime": "2021-07-03 10:58:06", "elapsed": 620.787557, "delta": 2.055508}}
{"target": 0.14367464692893306, "params": {"C": 0.4167150290411742, "epsilon": 3.5215757366401084, "gamma": 0.5418843122678085, "lamda": 0.27227132405797483}, "datetime": {"datetime": "2021-07-03 10:58:08", "elapsed": 622.753305, "delta": 1.965748}}
{"target": 0.5819844057893204, "params": {"C": 3.722077944011897, "epsilon": 3.689532846671464, "gamma": 0.3572468589997703, "lamda": 0.8296935119861178}, "datetime": {"datetime": "2021-07-03 10:58:11", "elapsed": 625.581539, "delta": 2.828234}}
{"target": 0.3067610505512217, "params": {"C": 7.632183243832324, "epsilon": 6.687503019208957, "gamma": 1.7933197283516606, "lamda": 0.8537339304144661}, "datetime": {"datetime": "2021-07-03 10:58:13", "elapsed": 627.444549, "delta": 1.86301}}
{"target": 0.19090994103934822, "params": {"C": 2.7326557115027756, "epsilon": 8.168808435218233, "gamma": 1.6940077176208939, "lamda": 0.7549962591696858}, "datetime": {"datetime": "2021-07-03 10:58:15", "elapsed": 629.27358, "delta": 1.829031}}
{"target": 0.5105584018219183, "params": {"C": 0.9689346347746259, "epsilon": 3.3778366055990037, "gamma": 0.1622021812564807, "lamda": 0.6475125295768253}, "datetime": {"datetime": "2021-07-03 10:58:17", "elapsed": 631.553732, "delta": 2.280152}}
{"target": 0.3054550380528399, "params": {"C": 4.3682695069454756, "epsilon": 9.255207466144958, "gamma": 1.2577132563791709, "lamda": 0.19158905181924218}, "datetime": {"datetime": "2021-07-03 10:58:32", "elapsed": 646.698599, "delta": 15.144867}}
{"target": 0.21582407190570196, "params": {"C": 3.169734010358912, "epsilon": 8.889449494893158, "gamma": 1.6230450288452836, "lamda": 0.726421043038024}, "datetime": {"datetime": "2021-07-03 10:58:39", "elapsed": 653.381647, "delta": 6.683048}}
{"target": 0.40828595028329373, "params": {"C": 3.1673556747506537, "epsilon": 8.240833002192069, "gamma": 0.6689272744213354, "lamda": 0.4373300099317128}, "datetime": {"datetime": "2021-07-03 10:58:41", "elapsed": 655.316667, "delta": 1.93502}}
{"target": 0.5042889965109472, "params": {"C": 6.82516605096561, "epsilon": 0.5629758245379292, "gamma": 0.7795284207171262, "lamda": 0.5639738221607564}, "datetime": {"datetime": "2021-07-03 10:58:44", "elapsed": 658.906691, "delta": 3.590024}}
{"target": 0.6181995907062212, "params": {"C": 4.452855538721218, "epsilon": 3.0249984712876, "gamma": 0.3519005410880397, "lamda": 0.39754163368124795}, "datetime": {"datetime": "2021-07-03 10:58:50", "elapsed": 664.049008, "delta": 5.142317}}
{"target": 0.742899076940164, "params": {"C": 7.122079772760211, "epsilon": 5.722857668580598, "gamma": 0.24534814315771933, "lamda": 0.4155976439482939}, "datetime": {"datetime": "2021-07-03 10:58:52", "elapsed": 666.864651, "delta": 2.815643}}
{"target": 0.4891871263943751, "params": {"C": 5.664555260666312, "epsilon": 8.530758635798046, "gamma": 0.7375751393864667, "lamda": 0.1466923569547527}, "datetime": {"datetime": "2021-07-03 10:58:56", "elapsed": 669.979632, "delta": 3.114981}}
{"target": 0.0431293970720088, "params": {"C": 0.18113997582576846, "epsilon": 6.386896253865853, "gamma": 0.7676965818238831, "lamda": 0.5307910699590791}, "datetime": {"datetime": "2021-07-03 10:58:59", "elapsed": 673.078648, "delta": 3.099016}}
{"target": -2.733815896133299, "params": {"C": 9.69304857605338, "epsilon": 9.694704744061626, "gamma": 0.24137245447401315, "lamda": 0.4093366820473471}, "datetime": {"datetime": "2021-07-03 11:01:10", "elapsed": 804.732393, "delta": 131.653745}}
{"target": 0.7198720017579038, "params": {"C": 8.705413828765412, "epsilon": 4.004923087032651, "gamma": 0.3591454122033678, "lamda": 0.6061341498706103}, "datetime": {"datetime": "2021-07-03 11:01:16", "elapsed": 810.200618, "delta": 5.468225}}
{"target": 0.27811747139812715, "params": {"C": 0.9485479566136523, "epsilon": 2.017945797492789, "gamma": 0.4882770656999068, "lamda": 0.32992717604942634}, "datetime": {"datetime": "2021-07-03 11:01:26", "elapsed": 820.48313, "delta": 10.282512}}
{"target": 0.47359357675544245, "params": {"C": 3.7064778839092045, "epsilon": 1.0973593804022133, "gamma": 0.5630058230249355, "lamda": 0.6433140182760323}, "datetime": {"datetime": "2021-07-03 11:01:32", "elapsed": 826.761164, "delta": 6.278034}}
{"target": 0.3721571214022632, "params": {"C": 0.6449921687607896, "epsilon": 9.401476908516454, "gamma": 0.22209538843177956, "lamda": 0.42581319965935815}, "datetime": {"datetime": "2021-07-03 11:01:39", "elapsed": 833.361019, "delta": 6.599855}}
{"target": 0.6724993653151414, "params": {"C": 9.577541051576244, "epsilon": 6.000374731516867, "gamma": 0.5050150467707397, "lamda": 0.8536682019831558}, "datetime": {"datetime": "2021-07-03 11:01:43", "elapsed": 837.308194, "delta": 3.947175}}
{"target": 0.248666278473335, "params": {"C": 2.03752064368107, "epsilon": 6.391002525086895, "gamma": 1.026191302631805, "lamda": 0.5144235568451646}, "datetime": {"datetime": "2021-07-03 11:01:49", "elapsed": 843.032994, "delta": 5.7248}}
{"target": 0.3909568654527642, "params": {"C": 5.373838489033499, "epsilon": 9.122431231082585, "gamma": 1.0472909972181288, "lamda": 0.3318642741906453}, "datetime": {"datetime": "2021-07-03 11:01:56", "elapsed": 850.507255, "delta": 7.474261}}
{"target": -3.551071546727105, "params": {"C": 9.356137875178856, "epsilon": 4.9741856985594195, "gamma": 0.12350620716253936, "lamda": 0.38389722846947116}, "datetime": {"datetime": "2021-07-03 11:02:57", "elapsed": 911.066295, "delta": 60.55904}}
{"target": 0.4177662632060609, "params": {"C": 5.473683411001255, "epsilon": 5.496647912654616, "gamma": 0.9481001733743173, "lamda": 0.7733384476323547}, "datetime": {"datetime": "2021-07-03 11:03:00", "elapsed": 914.545209, "delta": 3.478914}}
{"target": 0.3429387725475227, "params": {"C": 9.12964956154872, "epsilon": 1.4357288702506588, "gamma": 1.694796789851227, "lamda": 0.6171208554829256}, "datetime": {"datetime": "2021-07-03 11:03:03", "elapsed": 917.913205, "delta": 3.367996}}
{"target": 0.32914840843591886, "params": {"C": 9.347930660530201, "epsilon": 0.02820987827190743, "gamma": 1.8007050474713848, "lamda": 0.42743504782329367}, "datetime": {"datetime": "2021-07-03 11:03:07", "elapsed": 921.030622, "delta": 3.117417}}
{"target": 0.26217294954653436, "params": {"C": 4.535242344610176, "epsilon": 7.907579790978344, "gamma": 1.5658265469908204, "lamda": 0.4238206411574015}, "datetime": {"datetime": "2021-07-03 11:03:10", "elapsed": 924.096679, "delta": 3.066057}}
{"target": 0.4735794799298304, "params": {"C": 5.394060993776515, "epsilon": 5.603221518084747, "gamma": 0.7545403476539794, "lamda": 0.35143797014947}, "datetime": {"datetime": "2021-07-03 11:03:14", "elapsed": 928.674789, "delta": 4.57811}}
{"target": 0.42029128134777727, "params": {"C": 6.82521470177038, "epsilon": 3.76713673435873, "gamma": 1.0763249187116635, "lamda": 0.7347623486986153}, "datetime": {"datetime": "2021-07-03 11:03:18", "elapsed": 932.122246, "delta": 3.447457}}
{"target": 0.17008123017294474, "params": {"C": 0.5674304522515636, "epsilon": 9.620858205455347, "gamma": 0.5737214569830742, "lamda": 0.1981661478770917}, "datetime": {"datetime": "2021-07-03 11:03:21", "elapsed": 935.016209, "delta": 2.893963}}
{"target": 0.7179187407153657, "params": {"C": 8.432066464150056, "epsilon": 6.761464907115051, "gamma": 0.351899601218601, "lamda": 0.4546076167022717}, "datetime": {"datetime": "2021-07-03 11:03:24", "elapsed": 938.556849, "delta": 3.54064}}
{"target": 0.5016424977071177, "params": {"C": 3.0684853437085158, "epsilon": 0.8681972997507723, "gamma": 0.43119654009259606, "lamda": 0.10103153958841082}, "datetime": {"datetime": "2021-07-03 11:03:30", "elapsed": 943.992258, "delta": 5.435409}}
{"target": 0.2301507652301551, "params": {"C": 2.8360194530295484, "epsilon": 2.829625033660073, "gamma": 1.3759594345046406, "lamda": 0.7212370612368653}, "datetime": {"datetime": "2021-07-03 11:03:35", "elapsed": 949.871992, "delta": 5.879734}}
{"target": 0.6007118995647875, "params": {"C": 6.983460398718593, "epsilon": 0.31131114087375583, "gamma": 0.5416084004072879, "lamda": 0.6236553711189226}, "datetime": {"datetime": "2021-07-03 11:03:39", "elapsed": 953.534677, "delta": 3.662685}}
{"target": 0.38688545352333015, "params": {"C": 4.203041849190237, "epsilon": 5.558893352251528, "gamma": 0.8884575782030634, "lamda": 0.43545737906855675}, "datetime": {"datetime": "2021-07-03 11:03:42", "elapsed": 956.730416, "delta": 3.195739}}
{"target": 0.8158592922753098, "params": {"C": 9.17022004702574, "epsilon": 10.832834952288156, "gamma": 0.02011208732099799, "lamda": 0.3720993153686558}, "datetime": {"datetime": "2021-07-03 11:11:42", "elapsed": 0.0, "delta": 0.0}}
{"target": 0.7543946966970625, "params": {"C": 6.467558908171131, "epsilon": 1.4758450620550874, "gamma": 0.20253500715011746, "lamda": 0.411004654338743}, "datetime": {"datetime": "2021-07-03 11:11:43", "elapsed": 1.039072, "delta": 1.039072}}
{"target": 0.694289760332057, "params": {"C": 8.967674742306698, "epsilon": 8.12836933665002, "gamma": 0.4308106241152289, "lamda": 0.7166975503570835}, "datetime": {"datetime": "2021-07-03 11:11:46", "elapsed": 4.05804, "delta": 3.018968}}
{"target": 0.7979145418704043, "params": {"C": 9.061242553221586, "epsilon": 10.818679192797758, "gamma": 0.19057778550278875, "lamda": 0.3402450957261811}, "datetime": {"datetime": "2021-07-03 11:11:47", "elapsed": 5.637153, "delta": 1.579113}}
{"target": -5.2127607795752455, "params": {"C": 9.917553524407209, "epsilon": 10.988331321839528, "gamma": 0.02, "lamda": 0.5818537055359477}, "datetime": {"datetime": "2021-07-03 11:12:01", "elapsed": 19.200608, "delta": 13.563455}}
{"target": -7.052569637275701, "params": {"C": 8.451334678470014, "epsilon": 11.332363471441521, "gamma": 0.05820862114187321, "lamda": 0.46938415216446383}, "datetime": {"datetime": "2021-07-03 11:12:13", "elapsed": 31.614317, "delta": 12.413709}}
{"target": 0.4093637180410872, "params": {"C": 5.212062736526288, "epsilon": 12.137430470438145, "gamma": 0.9655584302811244, "lamda": 0.731865724519236}, "datetime": {"datetime": "2021-07-03 11:12:14", "elapsed": 31.952414, "delta": 0.338097}}
{"target": 0.7197802988757955, "params": {"C": 6.4575267264057254, "epsilon": 1.5727815565472227, "gamma": 0.2656573220776649, "lamda": 0.5884240357452314}, "datetime": {"datetime": "2021-07-03 11:12:14", "elapsed": 32.296494, "delta": 0.34408}}
{"target": 0.6957745899632759, "params": {"C": 8.975492216112926, "epsilon": 10.129780572632283, "gamma": 0.4280661701098318, "lamda": 0.1723296086207777}, "datetime": {"datetime": "2021-07-03 11:12:14", "elapsed": 32.809125, "delta": 0.512631}}
{"target": -6.624098021361557, "params": {"C": 9.03137897494511, "epsilon": 9.94325435868366, "gamma": 0.032679885448490424, "lamda": 0.8170847263845753}, "datetime": {"datetime": "2021-07-03 11:12:21", "elapsed": 39.660816, "delta": 6.851691}}
{"target": 0.6874818625519027, "params": {"C": 8.248757613990119, "epsilon": 9.57314310116833, "gamma": 0.4124950071736994, "lamda": 0.776399319923144}, "datetime": {"datetime": "2021-07-03 11:12:22", "elapsed": 39.969997, "delta": 0.309181}}
{"target": 0.5822954778659449, "params": {"C": 8.400446034082327, "epsilon": 9.837871154055913, "gamma": 0.6764982344672168, "lamda": 0.2009681546889994}, "datetime": {"datetime": "2021-07-03 11:12:22", "elapsed": 40.320055, "delta": 0.350058}}
{"target": 0.6967370165912359, "params": {"C": 8.354999719974717, "epsilon": 9.593662552959163, "gamma": 0.39754540631207624, "lamda": 0.8916603377583286}, "datetime": {"datetime": "2021-07-03 11:12:22", "elapsed": 40.656156, "delta": 0.336101}}
{"target": 0.7404293269644894, "params": {"C": 5.09463652158619, "epsilon": 8.298043078520294, "gamma": 0.17874851078058915, "lamda": 0.530019279255201}, "datetime": {"datetime": "2021-07-03 11:12:23", "elapsed": 41.123907, "delta": 0.467751}}
{"target": 0.6820016950840946, "params": {"C": 8.323526652630237, "epsilon": 7.323408347053058, "gamma": 0.4284897825145626, "lamda": 0.8387472512423517}, "datetime": {"datetime": "2021-07-03 11:12:23", "elapsed": 41.515861, "delta": 0.391954}}
{"target": 0.6005987141722378, "params": {"C": 7.340570742010691, "epsilon": 6.760327649613038, "gamma": 0.5591075187845083, "lamda": 0.9542644186834096}, "datetime": {"datetime": "2021-07-03 11:12:24", "elapsed": 41.922772, "delta": 0.406911}}
{"target": -6.837513552584163, "params": {"C": 9.066438081083351, "epsilon": 10.830615110248692, "gamma": 0.07060248565909565, "lamda": 0.3884491897581295}, "datetime": {"datetime": "2021-07-03 11:12:31", "elapsed": 49.343942, "delta": 7.42117}}
{"target": 0.7825803008066885, "params": {"C": 7.62720208683009, "epsilon": 0.42532444414185056, "gamma": 0.18412040685301434, "lamda": 0.6774651733793307}, "datetime": {"datetime": "2021-07-03 11:12:31", "elapsed": 49.663089, "delta": 0.319147}}
{"target": 0.6056435530262594, "params": {"C": 6.9608129976327575, "epsilon": 6.0654997865509355, "gamma": 0.5250218578295442, "lamda": 0.16307752554892735}, "datetime": {"datetime": "2021-07-03 11:12:32", "elapsed": 50.027118, "delta": 0.364029}}
{"target": 0.49685753445186365, "params": {"C": 6.807885196777153, "epsilon": 4.1493922879692375, "gamma": 0.8074698052989111, "lamda": 0.6832346892340423}, "datetime": {"datetime": "2021-07-03 11:12:32", "elapsed": 50.38915, "delta": 0.362032}}
{"target": 0.46121202434778075, "params": {"C": 6.337129777454446, "epsilon": 7.666944268121676, "gamma": 0.8913212556646949, "lamda": 0.610447683689563}, "datetime": {"datetime": "2021-07-03 11:12:32", "elapsed": 50.709294, "delta": 0.320144}}
{"target": 0.5324371770722645, "params": {"C": 6.516368054195832, "epsilon": 3.143535401557836, "gamma": 0.6790261281759411, "lamda": 0.8873306747630852}, "datetime": {"datetime": "2021-07-03 11:12:33", "elapsed": 51.095262, "delta": 0.385968}}
{"target": 0.8529936525854037, "params": {"C": 13.180419490116705, "epsilon": 2.536548009946587, "gamma": 0.03473255314897451, "lamda": 0.24488983773464032}, "datetime": {"datetime": "2021-07-03 11:12:33", "elapsed": 51.488213, "delta": 0.392951}}
{"target": -1.856840534436858, "params": {"C": 14.860096894377481, "epsilon": 10.654081834484389, "gamma": 0.590862809427498, "lamda": 0.7715119804973596}, "datetime": {"datetime": "2021-07-03 11:12:44", "elapsed": 62.186626, "delta": 10.698413}}
{"target": 0.7729610390561718, "params": {"C": 13.989990333315351, "epsilon": 6.838069787231726, "gamma": 0.4112305674039459, "lamda": 0.38037538831968054}, "datetime": {"datetime": "2021-07-03 11:12:44", "elapsed": 62.517744, "delta": 0.331118}}
{"target": 0.7972088134535286, "params": {"C": 12.017010811747218, "epsilon": 5.8251138792998765, "gamma": 0.28299804368769865, "lamda": 0.5402650408374032}, "datetime": {"datetime": "2021-07-03 11:12:45", "elapsed": 62.913682, "delta": 0.395938}}
{"target": 0.698546454908331, "params": {"C": 14.942382842424944, "epsilon": 3.9120404928767547, "gamma": 0.6262562551113517, "lamda": 0.4328539397365365}, "datetime": {"datetime": "2021-07-03 11:12:45", "elapsed": 63.573918, "delta": 0.660236}}
{"target": 0.5832450735811381, "params": {"C": 13.510199112848795, "epsilon": 11.76604687427126, "gamma": 0.9041465362724904, "lamda": 0.18405085357785828}, "datetime": {"datetime": "2021-07-03 11:12:46", "elapsed": 63.968863, "delta": 0.394945}}
{"target": -3.707550344645016, "params": {"C": 8.946235365729502, "epsilon": 9.76468352806783, "gamma": 0.17370712038781744, "lamda": 0.4756078627782476}, "datetime": {"datetime": "2021-07-03 11:12:58", "elapsed": 76.649978, "delta": 12.681115}}
{"target": 0.5302124921439149, "params": {"C": 10.392645265689275, "epsilon": 5.941883814427449, "gamma": 0.938502935865851, "lamda": 0.47948724888026006}, "datetime": {"datetime": "2021-07-03 11:12:59", "elapsed": 77.044921, "delta": 0.394943}}
{"target": 0.7474577842527181, "params": {"C": 9.884990288516818, "epsilon": 1.0565031267758014, "gamma": 0.3430439992029309, "lamda": 0.6761627416582896}, "datetime": {"datetime": "2021-07-03 11:12:59", "elapsed": 77.389002, "delta": 0.344081}}
{"target": 0.7000053849328611, "params": {"C": 9.055361385434182, "epsilon": 0.30814166557465406, "gamma": 0.4199876142259838, "lamda": 0.8090834156235477}, "datetime": {"datetime": "2021-07-03 11:12:59", "elapsed": 77.707156, "delta": 0.318154}}
{"target": 0.6244583231192493, "params": {"C": 11.550633183563676, "epsilon": 3.34448540235832, "gamma": 0.708602049953845, "lamda": 0.916297912759596}, "datetime": {"datetime": "2021-07-03 11:13:00", "elapsed": 78.075168, "delta": 0.368012}}
{"target": 0.5022031001045906, "params": {"C": 8.013751376567205, "epsilon": 9.521012606745195, "gamma": 0.8950257825329554, "lamda": 0.5537076930553732}, "datetime": {"datetime": "2021-07-03 11:13:00", "elapsed": 78.512998, "delta": 0.43783}}
{"target": -4.974923067027925, "params": {"C": 12.401783396938317, "epsilon": 14.759930365334197, "gamma": 0.17719364922860312, "lamda": 0.7670101276383817}, "datetime": {"datetime": "2021-07-03 11:13:15", "elapsed": 93.695431, "delta": 15.182433}}
{"target": 0.5668651744199837, "params": {"C": 8.596644657063194, "epsilon": 7.653449250450073, "gamma": 0.7303395384370743, "lamda": 0.5688376280133877}, "datetime": {"datetime": "2021-07-03 11:13:16", "elapsed": 94.136252, "delta": 0.440821}}
{"target": 0.6195422478898039, "params": {"C": 9.856517360844542, "epsilon": 10.35672364008521, "gamma": 0.6546748356868528, "lamda": 0.820930715220507}, "datetime": {"datetime": "2021-07-03 11:13:16", "elapsed": 94.627939, "delta": 0.491687}}
{"target": -2.520994110132806, "params": {"C": 14.307021810204569, "epsilon": 13.696107123029734, "gamma": 0.7598438801103067, "lamda": 0.7204139251026758}, "datetime": {"datetime": "2021-07-03 11:13:26", "elapsed": 104.633205, "delta": 10.005266}}
{"target": 0.5618194894366229, "params": {"C": 8.933513139405989, "epsilon": 14.172530979721184, "gamma": 0.7696406082434147, "lamda": 0.8076106729857242}, "datetime": {"datetime": "2021-07-03 11:13:27", "elapsed": 104.938387, "delta": 0.305182}}
{"target": 0.7023446102784456, "params": {"C": 8.501524259027569, "epsilon": 14.149485786486155, "gamma": 0.3917603184447389, "lamda": 0.3604503468928759}, "datetime": {"datetime": "2021-07-03 11:13:27", "elapsed": 105.342309, "delta": 0.403922}}
{"target": 0.5164312833448327, "params": {"C": 9.318496834629723, "epsilon": 10.214694081633096, "gamma": 0.9330321811531511, "lamda": 0.7080429459957673}, "datetime": {"datetime": "2021-07-03 11:13:27", "elapsed": 105.768172, "delta": 0.425863}}
{"target": 0.6315966151862147, "params": {"C": 11.449506486079699, "epsilon": 1.9657894572936663, "gamma": 0.6858499837044064, "lamda": 0.33115915068913226}, "datetime": {"datetime": "2021-07-03 11:13:28", "elapsed": 106.137185, "delta": 0.369013}}
{"target": 0.5439247843102235, "params": {"C": 9.21411925972969, "epsilon": 6.32902240520515, "gamma": 0.8284339141794161, "lamda": 0.42216008130451166}, "datetime": {"datetime": "2021-07-03 11:13:28", "elapsed": 106.504204, "delta": 0.367019}}
{"target": -1.765357393328435, "params": {"C": 14.614669325663051, "epsilon": 10.261399417008906, "gamma": 0.6028944549553521, "lamda": 0.7246190033960586}, "datetime": {"datetime": "2021-07-03 11:13:36", "elapsed": 114.220585, "delta": 7.716381}}
{"target": -5.631174383011297, "params": {"C": 14.903167896984368, "epsilon": 9.6961924239126, "gamma": 0.10605398217203157, "lamda": 0.16355692417437845}, "datetime": {"datetime": "2021-07-03 11:13:45", "elapsed": 123.629443, "delta": 9.408858}}
{"target": 0.7008357138905872, "params": {"C": 9.286141769440336, "epsilon": 2.713919560410417, "gamma": 0.42859242939421566, "lamda": 0.866207197682942}, "datetime": {"datetime": "2021-07-03 11:13:46", "elapsed": 123.999454, "delta": 0.370011}}
{"target": 0.6919267275659531, "params": {"C": 11.89098068752771, "epsilon": 1.855918934472794, "gamma": 0.5526468162735887, "lamda": 0.7295114562098375}, "datetime": {"datetime": "2021-07-03 11:13:46", "elapsed": 124.325585, "delta": 0.326131}}
{"target": 0.6946641328781644, "params": {"C": 8.801628465902812, "epsilon": 12.741097901766734, "gamma": 0.4227192124015892, "lamda": 0.4355541759620122}, "datetime": {"datetime": "2021-07-03 11:13:46", "elapsed": 124.646724, "delta": 0.321139}}
{"target": 0.7167042517440623, "params": {"C": 12.794563845272204, "epsilon": 13.555368714524079, "gamma": 0.5221628782964315, "lamda": 0.36570971921091067}, "datetime": {"datetime": "2021-07-03 11:13:47", "elapsed": 125.076577, "delta": 0.429853}}
{"target": 0.7507289008896358, "params": {"C": 11.635229554479311, "epsilon": 6.92171125414297, "gamma": 0.4006917708348754, "lamda": 0.17297413323030625}, "datetime": {"datetime": "2021-07-03 11:13:47", "elapsed": 125.637079, "delta": 0.560502}}
{"target": 0.7217249513313808, "params": {"C": 14.221150842762496, "epsilon": 4.652560674798283, "gamma": 0.5497396199807043, "lamda": 0.20437726396114847}, "datetime": {"datetime": "2021-07-03 11:13:48", "elapsed": 126.180626, "delta": 0.543547}}
