{"target": -5.62412039347769, "params": {"C": 58.79031123664463, "epsilon": 1.7186447377490341, "gamma": 0.06827629450222512, "lamda": 1.310037737304202}, "datetime": {"datetime": "2021-09-19 13:15:18", "elapsed": 1664.522373, "delta": 8.812611}}
{"target": -2.8131726198980544, "params": {"C": 29.68349528582146, "epsilon": 6.83333983962759, "gamma": 0.1354579009089808, "lamda": 0.10717855550642391}, "datetime": {"datetime": "2021-09-19 13:15:27", "elapsed": 1673.373184, "delta": 8.850811}}
{"target": -3.708657326693184, "params": {"C": 20.13236025009879, "epsilon": 3.13418023986639, "gamma": 0.11224479281024378, "lamda": 1.1341515502483495}, "datetime": {"datetime": "2021-09-19 13:15:41", "elapsed": 1687.704094, "delta": 14.33091}}
{"target": 0.8725073486331024, "params": {"C": 33.222153010135926, "epsilon": 8.43233391497007, "gamma": 0.17718680835244482, "lamda": 0.39433674436326027}, "datetime": {"datetime": "2021-09-19 13:15:42", "elapsed": 1688.616094, "delta": 0.912}}
{"target": 0.8808016076668873, "params": {"C": 36.90943120516691, "epsilon": 2.2363710104932792, "gamma": 0.14345520998809896, "lamda": 0.09074386728203795}, "datetime": {"datetime": "2021-09-19 13:15:43", "elapsed": 1689.479092, "delta": 0.862998}}
{"target": -4.571618295432407, "params": {"C": 35.5796503501025, "epsilon": 3.997156088641472, "gamma": 0.06919360722398431, "lamda": 0.07310422620545289}, "datetime": {"datetime": "2021-09-19 13:15:56", "elapsed": 1702.528048, "delta": 13.048956}}
{"target": 0.8721810018547803, "params": {"C": 32.08953737705897, "epsilon": 3.9930063194659846, "gamma": 0.18578037497177474, "lamda": 1.16572105686133}, "datetime": {"datetime": "2021-09-19 13:15:57", "elapsed": 1703.718046, "delta": 1.189998}}
{"target": -2.463139336241611, "params": {"C": 66.43053276713422, "epsilon": 2.268343804621324, "gamma": 0.13723269413567324, "lamda": 0.22965103185217595}, "datetime": {"datetime": "2021-09-19 13:16:05", "elapsed": 1711.85352, "delta": 8.135474}}
{"target": 0.8899199675898983, "params": {"C": 52.454741614782805, "epsilon": 1.3542456715977296, "gamma": 0.10935570695829301, "lamda": 0.03376586597582348}, "datetime": {"datetime": "2021-09-19 13:16:06", "elapsed": 1712.983399, "delta": 1.129879}}
{"target": -1.466046901487592, "params": {"C": 54.17976693393084, "epsilon": 1.4555279653507402, "gamma": 0.19381054037108764, "lamda": 0.8844349158693781}, "datetime": {"datetime": "2021-09-19 13:16:19", "elapsed": 1726.009348, "delta": 13.025949}}
{"target": 0.8640589744672608, "params": {"C": 20.525570392343838, "epsilon": 4.5552216735518725, "gamma": 0.19339738404449008, "lamda": 1.3861462700487983}, "datetime": {"datetime": "2021-09-19 13:16:20", "elapsed": 1727.008313, "delta": 0.998965}}
{"target": -3.9500937049403504, "params": {"C": 48.56723944501147, "epsilon": 10.564816276414875, "gamma": 0.16667503386622923, "lamda": 0.8244868780292431}, "datetime": {"datetime": "2021-09-19 13:16:35", "elapsed": 1741.336921, "delta": 14.328608}}
{"target": -1.897393324510443, "params": {"C": 44.03871651093206, "epsilon": 2.431970068949476, "gamma": 0.19837026543144914, "lamda": 0.7850158997706653}, "datetime": {"datetime": "2021-09-19 13:16:47", "elapsed": 1753.291363, "delta": 11.954442}}
{"target": 0.8735434236368839, "params": {"C": 32.01053709352519, "epsilon": 3.899084037124886, "gamma": 0.17609819712453367, "lamda": 1.153643564969322}, "datetime": {"datetime": "2021-09-19 13:16:48", "elapsed": 1754.492227, "delta": 1.200864}}
{"target": -5.678467629099397, "params": {"C": 54.92109001644994, "epsilon": 10.697689767768338, "gamma": 0.10119678664036733, "lamda": 0.06159032113810456}, "datetime": {"datetime": "2021-09-19 13:16:57", "elapsed": 1763.452433, "delta": 8.960206}}
{"target": -1.7160007711729106, "params": {"C": 45.73607937013181, "epsilon": 2.4392480104392082, "gamma": 0.19720620673241906, "lamda": 1.439043090772833}, "datetime": {"datetime": "2021-09-19 13:17:11", "elapsed": 1777.070269, "delta": 13.617836}}
{"target": 0.8870529883380494, "params": {"C": 29.46342849284339, "epsilon": 7.057274338643923, "gamma": 0.10160695821757172, "lamda": 0.18146598254486396}, "datetime": {"datetime": "2021-09-19 13:17:12", "elapsed": 1778.19588, "delta": 1.125611}}
{"target": 0.8730890429440066, "params": {"C": 38.87539423436163, "epsilon": 1.050828838684669, "gamma": 0.19481410092807783, "lamda": 0.06524306433125729}, "datetime": {"datetime": "2021-09-19 13:17:13", "elapsed": 1779.479053, "delta": 1.283173}}
{"target": 0.8709273086601659, "params": {"C": 29.47217195088691, "epsilon": 6.828339683919245, "gamma": 0.18608736674231252, "lamda": 0.05862548647477914}, "datetime": {"datetime": "2021-09-19 13:17:14", "elapsed": 1780.449599, "delta": 0.970546}}
{"target": -5.429265794182649, "params": {"C": 40.306377369768185, "epsilon": 7.761960779946381, "gamma": 0.09218521117422476, "lamda": 1.1026134524404938}, "datetime": {"datetime": "2021-09-19 13:17:28", "elapsed": 1794.730268, "delta": 14.280669}}
{"target": 0.8736385724665012, "params": {"C": 34.213426628915826, "epsilon": 4.9493182596674306, "gamma": 0.17395247877036826, "lamda": 1.0633913016151684}, "datetime": {"datetime": "2021-09-19 13:17:29", "elapsed": 1795.587267, "delta": 0.856999}}
{"target": 0.8837652414790075, "params": {"C": 30.975238672682185, "epsilon": 7.083445217802786, "gamma": 0.12320298750788301, "lamda": 0.27252063935296245}, "datetime": {"datetime": "2021-09-19 13:17:30", "elapsed": 1796.737267, "delta": 1.15}}
{"target": -5.362019225068946, "params": {"C": 55.008571255085464, "epsilon": 3.164288105762478, "gamma": 0.08142328885974086, "lamda": 1.2910141940710274}, "datetime": {"datetime": "2021-09-19 13:17:39", "elapsed": 1805.40473, "delta": 8.667463}}
{"target": -4.2299362224643255, "params": {"C": 36.8655572590401, "epsilon": 12.310556075897676, "gamma": 0.19946558190422714, "lamda": 0.8979572048465545}, "datetime": {"datetime": "2021-09-19 13:17:53", "elapsed": 1819.285731, "delta": 13.881001}}
{"target": -1.9203068939302539, "params": {"C": 20.543043133236562, "epsilon": 2.9717075015176087, "gamma": 0.1778728062460429, "lamda": 1.1666853354621227}, "datetime": {"datetime": "2021-09-19 13:18:08", "elapsed": 1834.274698, "delta": 14.988967}}
{"target": -3.3788319500205244, "params": {"C": 63.28419883824564, "epsilon": 13.996910584006235, "gamma": 0.1400906976651112, "lamda": 0.11844688475822085}, "datetime": {"datetime": "2021-09-19 13:18:20", "elapsed": 1846.836844, "delta": 12.562146}}
{"target": -5.447416503546606, "params": {"C": 46.17951459614723, "epsilon": 6.330822364749761, "gamma": 0.08077723136311289, "lamda": 0.19376258553897635}, "datetime": {"datetime": "2021-09-19 13:18:30", "elapsed": 1856.077588, "delta": 9.240744}}
{"target": 0.8846451918718574, "params": {"C": 31.149247602348854, "epsilon": 6.909384746805926, "gamma": 0.12128516702390926, "lamda": 0.263643027996416}, "datetime": {"datetime": "2021-09-19 13:18:31", "elapsed": 1857.102655, "delta": 1.025067}}
{"target": 0.8763889860592703, "params": {"C": 57.423335760823704, "epsilon": 10.910508743371581, "gamma": 0.14975501308269362, "lamda": 0.002943719697813138}, "datetime": {"datetime": "2021-09-19 13:18:31", "elapsed": 1857.930815, "delta": 0.82816}}
{"target": 0.8752432322646785, "params": {"C": 52.50897014209165, "epsilon": 1.4449529276352235, "gamma": 0.194673553117983, "lamda": 0.016626728754336323}, "datetime": {"datetime": "2021-09-19 13:18:33", "elapsed": 1859.090966, "delta": 1.160151}}
{"target": 0.8746482316877066, "params": {"C": 53.15344100204245, "epsilon": 5.2630700209133074, "gamma": 0.19244613776629022, "lamda": 0.025140009166017083}, "datetime": {"datetime": "2021-09-19 13:18:33", "elapsed": 1859.965971, "delta": 0.875005}}
{"target": 0.875599146824631, "params": {"C": 26.34531040511001, "epsilon": 11.509482360189558, "gamma": 0.15917091249201287, "lamda": 0.011769446668947883}, "datetime": {"datetime": "2021-09-19 13:18:34", "elapsed": 1860.814426, "delta": 0.848455}}
{"target": -1.957382122106997, "params": {"C": 37.038145078212025, "epsilon": 2.2175293949040116, "gamma": 0.1791417480860797, "lamda": 0.1112205383305285}, "datetime": {"datetime": "2021-09-19 13:18:48", "elapsed": 1874.264424, "delta": 13.449998}}
{"target": -2.582623386784429, "params": {"C": 46.0810594724367, "epsilon": 7.367726306535413, "gamma": 0.13498865642111657, "lamda": 0.15840417341202034}, "datetime": {"datetime": "2021-09-19 13:19:01", "elapsed": 1887.327203, "delta": 13.062779}}
{"target": 0.8734101139746571, "params": {"C": 34.633523055717305, "epsilon": 3.6963524854783127, "gamma": 0.1841657985482953, "lamda": 1.3095708718027272}, "datetime": {"datetime": "2021-09-19 13:19:02", "elapsed": 1888.359023, "delta": 1.03182}}
{"target": -1.4168495326643558, "params": {"C": 75.93932539080969, "epsilon": 4.690554279406241, "gamma": 0.17814268128874056, "lamda": 1.313801041573755}, "datetime": {"datetime": "2021-09-19 13:19:10", "elapsed": 1896.988352, "delta": 8.629329}}
{"target": 0.8721003314063341, "params": {"C": 31.101996990368367, "epsilon": 7.027286108143785, "gamma": 0.17811982304085072, "lamda": 0.16431193091183832}, "datetime": {"datetime": "2021-09-19 13:19:12", "elapsed": 1898.254607, "delta": 1.266255}}
{"target": -2.0164750990281717, "params": {"C": 23.810285543668325, "epsilon": 1.1830530749445343, "gamma": 0.16266891992747134, "lamda": 0.7867676823881884}, "datetime": {"datetime": "2021-09-19 13:19:21", "elapsed": 1907.342929, "delta": 9.088322}}
{"target": -2.7736249952476433, "params": {"C": 63.16273440586713, "epsilon": 4.533150785293584, "gamma": 0.10800734612888234, "lamda": 1.3222977029394396}, "datetime": {"datetime": "2021-09-19 13:19:30", "elapsed": 1916.253125, "delta": 8.910196}}
{"target": -4.512896404271926, "params": {"C": 24.62763231576761, "epsilon": 3.0608688189039612, "gamma": 0.07790351638210581, "lamda": 0.5528463378948324}, "datetime": {"datetime": "2021-09-19 13:19:39", "elapsed": 1925.718125, "delta": 9.465}}
{"target": -5.207929324347742, "params": {"C": 53.194121808837366, "epsilon": 5.383047698123141, "gamma": 0.09000626351607194, "lamda": 0.09921181333499254}, "datetime": {"datetime": "2021-09-19 13:19:53", "elapsed": 1939.241927, "delta": 13.523802}}
{"target": -1.3863105882067654, "params": {"C": 68.49774621314606, "epsilon": 4.9393207985868814, "gamma": 0.17118885667534983, "lamda": 1.419973878742322}, "datetime": {"datetime": "2021-09-19 13:20:02", "elapsed": 1948.190888, "delta": 8.948961}}
{"target": -3.3901969358546316, "params": {"C": 34.00660755960722, "epsilon": 1.695326978845232, "gamma": 0.09099344334384366, "lamda": 0.17331919861554254}, "datetime": {"datetime": "2021-09-19 13:20:11", "elapsed": 1957.381167, "delta": 9.190279}}
{"target": -5.127243759088887, "params": {"C": 31.088155451950822, "epsilon": 6.937542261358189, "gamma": 0.06528863174294514, "lamda": 0.21083828688333137}, "datetime": {"datetime": "2021-09-19 13:20:20", "elapsed": 1966.829637, "delta": 9.44847}}
{"target": -5.854815759240673, "params": {"C": 40.49735560975694, "epsilon": 9.597636728468833, "gamma": 0.08349742703374835, "lamda": 0.19817662617901574}, "datetime": {"datetime": "2021-09-19 13:20:35", "elapsed": 1981.181941, "delta": 14.352304}}
{"target": -2.1124423137544803, "params": {"C": 60.46037158271939, "epsilon": 4.0495330334228266, "gamma": 0.16056105818322214, "lamda": 0.6419287517314072}, "datetime": {"datetime": "2021-09-19 13:20:44", "elapsed": 1990.458756, "delta": 9.276815}}
{"target": -3.6045951337230946, "params": {"C": 37.11092505744752, "epsilon": 6.881972187803095, "gamma": 0.1290566857206732, "lamda": 1.42414466272312}, "datetime": {"datetime": "2021-09-19 13:20:58", "elapsed": 2004.768855, "delta": 14.310099}}
{"target": 0.8893130293573224, "params": {"C": 52.273259078066886, "epsilon": 1.3566505838945626, "gamma": 0.11140685838480088, "lamda": 0.06413303718839246}, "datetime": {"datetime": "2021-09-19 13:21:00", "elapsed": 2006.054871, "delta": 1.286016}}
{"target": 0.8873532450901027, "params": {"C": 52.23690960569674, "epsilon": 1.4682532071176193, "gamma": 0.12432324038390109, "lamda": 0.014495340260949317}, "datetime": {"datetime": "2021-09-19 13:21:01", "elapsed": 2007.257884, "delta": 1.203013}}
{"target": -5.51034591422854, "params": {"C": 59.08811270641249, "epsilon": 3.108977141943578, "gamma": 0.058949557275451314, "lamda": 0.7455437346834225}, "datetime": {"datetime": "2021-09-19 13:21:09", "elapsed": 2015.729869, "delta": 8.471985}}
{"target": 0.8763079615574103, "params": {"C": 21.952739472173953, "epsilon": 5.776515767335915, "gamma": 0.14804982229124308, "lamda": 1.1973920377750313}, "datetime": {"datetime": "2021-09-19 13:21:10", "elapsed": 2016.66737, "delta": 0.937501}}
{"target": 0.8728722919277347, "params": {"C": 53.04519123022895, "epsilon": 5.290062100752711, "gamma": 0.2, "lamda": 0.0001}, "datetime": {"datetime": "2021-09-19 13:21:11", "elapsed": 2017.873945, "delta": 1.206575}}
{"target": 0.8710006698994348, "params": {"C": 20.328421117446105, "epsilon": 3.5346578309731513, "gamma": 0.16383919190140728, "lamda": 0.8682436495345145}, "datetime": {"datetime": "2021-09-19 13:21:13", "elapsed": 2019.173415, "delta": 1.29947}}
{"target": -4.306832581188323, "params": {"C": 20.32069322579354, "epsilon": 3.6749418127402946, "gamma": 0.10997627532299341, "lamda": 0.7744477004070169}, "datetime": {"datetime": "2021-09-19 13:21:27", "elapsed": 2033.83529, "delta": 14.661875}}
{"target": -6.172647016192384, "params": {"C": 52.50065667633996, "epsilon": 9.078366755664526, "gamma": 0.08801783443111066, "lamda": 0.3189721548248826}, "datetime": {"datetime": "2021-09-19 13:21:41", "elapsed": 2047.887326, "delta": 14.052036}}
{"target": 0.876893740347511, "params": {"C": 32.048791993597526, "epsilon": 3.9618278356781227, "gamma": 0.15710574335453245, "lamda": 1.063873345764856}, "datetime": {"datetime": "2021-09-19 13:21:43", "elapsed": 2049.449198, "delta": 1.561872}}
{"target": 0.8720108397232573, "params": {"C": 31.216636150572196, "epsilon": 6.909715162170553, "gamma": 0.17542870401513683, "lamda": 0.3662982354633524}, "datetime": {"datetime": "2021-09-19 13:21:45", "elapsed": 2051.282004, "delta": 1.832806}}
{"target": -5.07083050670611, "params": {"C": 52.473990739893935, "epsilon": 9.155535091232176, "gamma": 0.11084478465448783, "lamda": 0.3015095130233965}, "datetime": {"datetime": "2021-09-19 13:21:58", "elapsed": 2064.905168, "delta": 13.623164}}
{"target": -2.8264982688730957, "params": {"C": 52.87041358107983, "epsilon": 7.165976137469453, "gamma": 0.13162533669967513, "lamda": 0.1408242890551994}, "datetime": {"datetime": "2021-09-19 13:22:14", "elapsed": 2080.522415, "delta": 15.617247}}
{"target": 0.8685511390791534, "params": {"C": 31.193317264360484, "epsilon": 6.9738666256557975, "gamma": 0.2, "lamda": 0.25795050473512343}, "datetime": {"datetime": "2021-09-19 13:22:16", "elapsed": 2082.167889, "delta": 1.645474}}
{"target": 0.8681036242523202, "params": {"C": 29.5419730327711, "epsilon": 6.948622531813371, "gamma": 0.2, "lamda": 0.09575712994585121}, "datetime": {"datetime": "2021-09-19 13:22:17", "elapsed": 2083.667328, "delta": 1.499439}}
{"target": -6.292636927279614, "params": {"C": 30.581976412021124, "epsilon": 9.931121677351117, "gamma": 0.08238366648647955, "lamda": 1.1295011394688044}, "datetime": {"datetime": "2021-09-19 13:22:32", "elapsed": 2098.109123, "delta": 14.441795}}
{"target": 0.8764773199397212, "params": {"C": 46.260396636600206, "epsilon": 6.420668296428525, "gamma": 0.16265420005664, "lamda": 0.3399753917732346}, "datetime": {"datetime": "2021-09-19 13:22:33", "elapsed": 2099.517331, "delta": 1.408208}}
{"target": -3.7528135609117745, "params": {"C": 20.535920735994317, "epsilon": 3.1011251107828697, "gamma": 0.10387969534702911, "lamda": 1.0219246202988055}, "datetime": {"datetime": "2021-09-19 13:22:43", "elapsed": 2109.185527, "delta": 9.668196}}
{"target": -3.1596530310605084, "params": {"C": 52.0578703588403, "epsilon": 5.75986332201291, "gamma": 0.1162873407359379, "lamda": 0.11947248955088305}, "datetime": {"datetime": "2021-09-19 13:22:57", "elapsed": 2123.437242, "delta": 14.251715}}
{"target": -2.26150492138235, "params": {"C": 58.66042294918792, "epsilon": 2.0091642940612084, "gamma": 0.17455243033883266, "lamda": 0.997841163758693}, "datetime": {"datetime": "2021-09-19 13:23:07", "elapsed": 2133.337102, "delta": 9.89986}}
{"target": 0.8771090100611015, "params": {"C": 35.24923733816893, "epsilon": 3.416592113684334, "gamma": 0.16169981500326083, "lamda": 1.0445173089015134}, "datetime": {"datetime": "2021-09-19 13:23:08", "elapsed": 2134.48797, "delta": 1.150868}}
{"target": -6.9679758109626215, "params": {"C": 25.200764046399083, "epsilon": 11.00654274853569, "gamma": 0.06407231853702079, "lamda": 0.685251706914317}, "datetime": {"datetime": "2021-09-19 13:23:17", "elapsed": 2143.952575, "delta": 9.464605}}
{"target": 0.8708239120273326, "params": {"C": 34.73404455701801, "epsilon": 3.6824346970013924, "gamma": 0.2, "lamda": 1.3815050092140317}, "datetime": {"datetime": "2021-09-19 13:23:19", "elapsed": 2145.610759, "delta": 1.658184}}
{"target": -3.3136612023148357, "params": {"C": 29.46555803814816, "epsilon": 7.27141025874632, "gamma": 0.07505858714275836, "lamda": 0.24556191186942727}, "datetime": {"datetime": "2021-09-19 13:23:29", "elapsed": 2155.042357, "delta": 9.431598}}
{"target": -5.398585044296774, "params": {"C": 55.49853698272949, "epsilon": 3.4478911247652575, "gamma": 0.07163335227424132, "lamda": 0.06852500505072874}, "datetime": {"datetime": "2021-09-19 13:23:37", "elapsed": 2163.725353, "delta": 8.682996}}
{"target": 0.8703851240755647, "params": {"C": 34.155257927783005, "epsilon": 4.854752983230947, "gamma": 0.19824695948559845, "lamda": 1.0706786508745572}, "datetime": {"datetime": "2021-09-19 13:23:39", "elapsed": 2165.513694, "delta": 1.788341}}
{"target": -4.836267452877059, "params": {"C": 20.049331731766685, "epsilon": 4.636459022824147, "gamma": 0.07009295131285308, "lamda": 0.06057843516313541}, "datetime": {"datetime": "2021-09-19 13:23:52", "elapsed": 2178.089275, "delta": 12.575581}}
{"target": -2.6391643291109346, "params": {"C": 32.31823400327499, "epsilon": 6.959097103300805, "gamma": 0.19826902800177115, "lamda": 1.4062324995667685}, "datetime": {"datetime": "2021-09-19 13:24:05", "elapsed": 2192.030668, "delta": 13.941393}}
{"target": -6.7804113212116475, "params": {"C": 46.06258627588302, "epsilon": 7.45991621442218, "gamma": 0.05720438019164797, "lamda": 0.019840124028956373}, "datetime": {"datetime": "2021-09-19 13:24:20", "elapsed": 2206.307187, "delta": 14.276519}}
{"target": -4.684245384470858, "params": {"C": 35.25615876068968, "epsilon": 3.389693240994337, "gamma": 0.09078427457607774, "lamda": 0.9747412130449986}, "datetime": {"datetime": "2021-09-19 13:24:35", "elapsed": 2221.313524, "delta": 15.006337}}
{"target": 0.8697484169290348, "params": {"C": 31.33794309605464, "epsilon": 6.9650425673313725, "gamma": 0.19302420185804692, "lamda": 0.3024075652686336}, "datetime": {"datetime": "2021-09-19 13:24:36", "elapsed": 2222.772733, "delta": 1.459209}}
{"target": 0.8647455503467186, "params": {"C": 20.23955631189403, "epsilon": 3.4576946193550735, "gamma": 0.189069545290583, "lamda": 0.9992959245150556}, "datetime": {"datetime": "2021-09-19 13:24:38", "elapsed": 2224.20951, "delta": 1.436777}}
{"target": -4.1147638777853555, "params": {"C": 38.841354396666716, "epsilon": 8.185222497941716, "gamma": 0.12992634260721647, "lamda": 0.8588877531694084}, "datetime": {"datetime": "2021-09-19 13:24:52", "elapsed": 2238.300172, "delta": 14.090662}}
{"target": -7.061454727518791, "params": {"C": 48.73886618266731, "epsilon": 10.936680494347707, "gamma": 0.06983181610899554, "lamda": 0.3025482951357445}, "datetime": {"datetime": "2021-09-19 13:25:01", "elapsed": 2247.452837, "delta": 9.152665}}
{"target": 0.8786359824626193, "params": {"C": 35.27349827574443, "epsilon": 3.4187374616306454, "gamma": 0.15449475141686292, "lamda": 1.1506897710837514}, "datetime": {"datetime": "2021-09-19 13:25:03", "elapsed": 2249.294995, "delta": 1.842158}}
{"target": -5.359551721780331, "params": {"C": 38.13666811379646, "epsilon": 7.00743645907782, "gamma": 0.09407112806548702, "lamda": 1.1331867496785246}, "datetime": {"datetime": "2021-09-19 13:25:13", "elapsed": 2259.149145, "delta": 9.85415}}
{"target": -3.8170857500561635, "params": {"C": 60.701904799481284, "epsilon": 7.090639562478543, "gamma": 0.10769637688736017, "lamda": 0.03862019251834209}, "datetime": {"datetime": "2021-09-19 13:25:24", "elapsed": 2270.7522, "delta": 11.603055}}
{"target": 0.8687283542572604, "params": {"C": 76.11420820807987, "epsilon": 8.74236628698398, "gamma": 0.1858274255153028, "lamda": 0.10072100617339536}, "datetime": {"datetime": "2021-09-19 13:25:25", "elapsed": 2271.777942, "delta": 1.025742}}
{"target": -3.5009733655216495, "params": {"C": 36.866369251824146, "epsilon": 2.3223383126233377, "gamma": 0.10883167165144252, "lamda": 0.1227203224062921}, "datetime": {"datetime": "2021-09-19 13:25:40", "elapsed": 2286.140438, "delta": 14.362496}}
{"target": -6.2101342589144055, "params": {"C": 77.5194243546755, "epsilon": 10.666591000250135, "gamma": 0.09085146052955481, "lamda": 1.0979239582775981}, "datetime": {"datetime": "2021-09-19 13:25:54", "elapsed": 2300.533943, "delta": 14.393505}}
{"target": 0.8656041981468605, "params": {"C": 20.4160522162567, "epsilon": 3.4078990404731853, "gamma": 0.18655089726996055, "lamda": 0.9651191878785526}, "datetime": {"datetime": "2021-09-19 13:25:56", "elapsed": 2302.521857, "delta": 1.987914}}
{"target": -4.449912981240154, "params": {"C": 21.921786817296713, "epsilon": 13.754592950592833, "gamma": 0.19393223925236408, "lamda": 0.1899350942047144}, "datetime": {"datetime": "2021-09-19 13:26:10", "elapsed": 2316.231232, "delta": 13.709375}}
