{"target": -1.7784815413394668, "params": {"C": 90.99935744402039, "epsilon": 6.536483702333255, "gamma": 0.08263773913053551, "lamda": 1.3992031468655723}, "datetime": {"datetime": "2021-09-19 17:50:31", "elapsed": 582.457665, "delta": 8.466643}}
{"target": -3.459106029242996, "params": {"C": 112.295767774013, "epsilon": 14.624482126734973, "gamma": 0.0604143808032556, "lamda": 0.20341315510355013}, "datetime": {"datetime": "2021-09-19 17:50:43", "elapsed": 595.276079, "delta": 12.818414}}
{"target": -5.277369401736351, "params": {"C": 109.62563945116612, "epsilon": 15.461229628825295, "gamma": 0.08133052327613148, "lamda": 0.6141231384895955}, "datetime": {"datetime": "2021-09-19 17:50:57", "elapsed": 609.139324, "delta": 13.863245}}
{"target": -2.1238336021461874, "params": {"C": 92.18045079308921, "epsilon": 6.018640633299243, "gamma": 0.0778288472244864, "lamda": 0.5283238200207595}, "datetime": {"datetime": "2021-09-19 17:51:11", "elapsed": 622.463154, "delta": 13.32383}}
{"target": -2.049238516964702, "params": {"C": 115.98834747974328, "epsilon": 7.785802966772892, "gamma": 0.07094875868856255, "lamda": 1.2220338005681188}, "datetime": {"datetime": "2021-09-19 17:51:19", "elapsed": 631.188737, "delta": 8.725583}}
{"target": -4.339727026263024, "params": {"C": 99.80078952322634, "epsilon": 12.158733527546191, "gamma": 0.06716725503142822, "lamda": 1.1861560153038309}, "datetime": {"datetime": "2021-09-19 17:51:33", "elapsed": 644.742868, "delta": 13.554131}}
{"target": -1.5965976915095497, "params": {"C": 86.68133859862871, "epsilon": 11.088239312422743, "gamma": 0.06906889900199419, "lamda": 0.06062171569528241}, "datetime": {"datetime": "2021-09-19 17:51:41", "elapsed": 653.340649, "delta": 8.597781}}
{"target": -5.890631122461091, "params": {"C": 91.4065225722652, "epsilon": 15.650635935841871, "gamma": 0.05893262636860387, "lamda": 0.8069806917272201}, "datetime": {"datetime": "2021-09-19 17:51:55", "elapsed": 667.127768, "delta": 13.787119}}
{"target": -5.386756035017491, "params": {"C": 110.46456493971284, "epsilon": 14.646788791612277, "gamma": 0.06480678895875872, "lamda": 0.8608712188047194}, "datetime": {"datetime": "2021-09-19 17:52:09", "elapsed": 680.82617, "delta": 13.698402}}
{"target": -5.1958123640403935, "params": {"C": 88.43825639985553, "epsilon": 13.635867668347878, "gamma": 0.061677422470736556, "lamda": 0.36454390471001447}, "datetime": {"datetime": "2021-09-19 17:52:23", "elapsed": 694.443336, "delta": 13.617166}}
{"target": -4.966249667048909, "params": {"C": 97.47926687006803, "epsilon": 11.618749137400435, "gamma": 0.06511709768736422, "lamda": 1.222635803647525}, "datetime": {"datetime": "2021-09-19 17:52:37", "elapsed": 708.418836, "delta": 13.9755}}
{"target": -3.270874680144545, "params": {"C": 102.16640842769257, "epsilon": 10.934564180110568, "gamma": 0.09583951337577885, "lamda": 1.0311287767222324}, "datetime": {"datetime": "2021-09-19 17:52:45", "elapsed": 716.964955, "delta": 8.546119}}
{"target": -4.185506831516798, "params": {"C": 87.00857216753413, "epsilon": 8.660567796777183, "gamma": 0.050610862890730496, "lamda": 0.28031947121115314}, "datetime": {"datetime": "2021-09-19 17:52:59", "elapsed": 730.517692, "delta": 13.552737}}
{"target": -4.222749418739531, "params": {"C": 80.7395771099101, "epsilon": 9.529922653448368, "gamma": 0.052376898118668164, "lamda": 0.7876203366276856}, "datetime": {"datetime": "2021-09-19 17:53:12", "elapsed": 744.209581, "delta": 13.691889}}
{"target": -2.982143181423334, "params": {"C": 94.0172424251989, "epsilon": 8.25049576706503, "gamma": 0.08093319163312923, "lamda": 1.498424719963193}, "datetime": {"datetime": "2021-09-19 17:53:26", "elapsed": 758.069924, "delta": 13.860343}}
{"target": -3.1276323386522247, "params": {"C": 106.81743200990209, "epsilon": 13.818200329646356, "gamma": 0.06800779856273494, "lamda": 0.16318327534344293}, "datetime": {"datetime": "2021-09-19 17:53:34", "elapsed": 766.201611, "delta": 8.131687}}
{"target": -1.860219823598098, "params": {"C": 110.73136061523365, "epsilon": 9.150139555611917, "gamma": 0.07174546869648964, "lamda": 0.47995651689915664}, "datetime": {"datetime": "2021-09-19 17:53:43", "elapsed": 774.854219, "delta": 8.652608}}
{"target": -4.375971995158197, "params": {"C": 102.19851122159126, "epsilon": 12.185013961078955, "gamma": 0.06764960820127398, "lamda": 0.8911187875861628}, "datetime": {"datetime": "2021-09-19 17:53:57", "elapsed": 788.822036, "delta": 13.967817}}
{"target": -3.0961405267666633, "params": {"C": 93.70726219784312, "epsilon": 9.859173877075538, "gamma": 0.08300721978177888, "lamda": 1.2347630190925531}, "datetime": {"datetime": "2021-09-19 17:54:11", "elapsed": 802.661385, "delta": 13.839349}}
{"target": 0.8975652446396982, "params": {"C": 82.52699247160872, "epsilon": 6.617239791971745, "gamma": 0.08819490042421033, "lamda": 0.036291305251497825}, "datetime": {"datetime": "2021-09-19 17:54:11", "elapsed": 803.278697, "delta": 0.617312}}
{"target": -1.9136834492738686, "params": {"C": 116.24249639711495, "epsilon": 10.428277815097774, "gamma": 0.09993402739121944, "lamda": 0.2489006572053201}, "datetime": {"datetime": "2021-09-19 17:54:24", "elapsed": 815.719893, "delta": 12.441196}}
{"target": -2.2806232540180336, "params": {"C": 80.00040603327932, "epsilon": 11.879538288170142, "gamma": 0.09267309593051126, "lamda": 0.1831614534713006}, "datetime": {"datetime": "2021-09-19 17:54:35", "elapsed": 827.165193, "delta": 11.4453}}
{"target": -1.873559627140954, "params": {"C": 94.53214724888542, "epsilon": 10.331492247390587, "gamma": 0.05495526788773362, "lamda": 0.047624138406201166}, "datetime": {"datetime": "2021-09-19 17:54:44", "elapsed": 835.537739, "delta": 8.372546}}
{"target": -2.4297294593379037, "params": {"C": 118.7129787061422, "epsilon": 8.174194427779343, "gamma": 0.07779763912817535, "lamda": 0.2635852866141044}, "datetime": {"datetime": "2021-09-19 17:54:56", "elapsed": 848.251988, "delta": 12.714249}}
{"target": -2.3333006391856386, "params": {"C": 102.47065466547915, "epsilon": 7.460874293495255, "gamma": 0.05223330477577674, "lamda": 0.32495649812412297}, "datetime": {"datetime": "2021-09-19 17:55:05", "elapsed": 856.956523, "delta": 8.704535}}
{"target": -5.429966353860845, "params": {"C": 107.05150795942563, "epsilon": 14.574071808046149, "gamma": 0.05927861822605429, "lamda": 0.25628318694426244}, "datetime": {"datetime": "2021-09-19 17:55:14", "elapsed": 865.714623, "delta": 8.7581}}
{"target": -2.389179639300259, "params": {"C": 81.52486111966226, "epsilon": 7.275688002309026, "gamma": 0.052962128517194784, "lamda": 0.34860959451993284}, "datetime": {"datetime": "2021-09-19 17:55:22", "elapsed": 874.319591, "delta": 8.604968}}
{"target": -4.111509424428076, "params": {"C": 112.41706079969381, "epsilon": 14.001087897872823, "gamma": 0.09719647600521344, "lamda": 1.3260170180855386}, "datetime": {"datetime": "2021-09-19 17:55:37", "elapsed": 889.198872, "delta": 14.879281}}
{"target": -1.6005626802574215, "params": {"C": 107.32703462615211, "epsilon": 13.978430344735504, "gamma": 0.0802445422343777, "lamda": 0.07020302140665688}, "datetime": {"datetime": "2021-09-19 17:55:47", "elapsed": 898.378284, "delta": 9.179412}}
{"target": -1.5685139979769183, "params": {"C": 118.43606441635357, "epsilon": 13.19219182701536, "gamma": 0.08725585722296106, "lamda": 0.2435542949083623}, "datetime": {"datetime": "2021-09-19 17:55:56", "elapsed": 907.751202, "delta": 9.372918}}
{"target": -5.3893867417526735, "params": {"C": 98.00474283386642, "epsilon": 14.688888316331052, "gamma": 0.07299089892925101, "lamda": 0.704037584817856}, "datetime": {"datetime": "2021-09-19 17:56:12", "elapsed": 923.979112, "delta": 16.22791}}
{"target": -2.4806521283102176, "params": {"C": 99.01489773788053, "epsilon": 13.04220357482166, "gamma": 0.09113527593774243, "lamda": 0.30225822132344926}, "datetime": {"datetime": "2021-09-19 17:56:36", "elapsed": 947.523157, "delta": 23.544045}}
{"target": -2.864644879591605, "params": {"C": 118.15264159193987, "epsilon": 8.78837586684292, "gamma": 0.06442068352871066, "lamda": 0.09970995797683621}, "datetime": {"datetime": "2021-09-19 17:56:50", "elapsed": 961.993547, "delta": 14.47039}}
{"target": -1.4472394964432285, "params": {"C": 103.21943678854822, "epsilon": 9.655939714761736, "gamma": 0.07884978163658657, "lamda": 0.06739468471657646}, "datetime": {"datetime": "2021-09-19 17:57:01", "elapsed": 972.993938, "delta": 11.000391}}
{"target": -5.677010415322006, "params": {"C": 115.90131374861856, "epsilon": 15.17372942415253, "gamma": 0.05404561003044136, "lamda": 0.525137965699341}, "datetime": {"datetime": "2021-09-19 17:57:18", "elapsed": 990.108988, "delta": 17.11505}}
{"target": -1.6396432653227402, "params": {"C": 93.81991477437411, "epsilon": 8.767636289860445, "gamma": 0.06389929516416186, "lamda": 0.44871162541156695}, "datetime": {"datetime": "2021-09-19 17:57:32", "elapsed": 1003.417174, "delta": 13.308186}}
{"target": -3.7017541382863888, "params": {"C": 101.66329342433471, "epsilon": 11.016040435737892, "gamma": 0.07646076282891433, "lamda": 0.653354946400129}, "datetime": {"datetime": "2021-09-19 17:57:39", "elapsed": 1010.586899, "delta": 7.169725}}
{"target": -3.941957381686758, "params": {"C": 97.2504293047543, "epsilon": 12.260910318968278, "gamma": 0.08132496317034141, "lamda": 1.1649781197660392}, "datetime": {"datetime": "2021-09-19 17:57:55", "elapsed": 1027.26765, "delta": 16.680751}}
{"target": -4.586301904176109, "params": {"C": 82.0355591768331, "epsilon": 12.85835034993219, "gamma": 0.07696681288413827, "lamda": 0.6215276184319019}, "datetime": {"datetime": "2021-09-19 17:58:12", "elapsed": 1044.213641, "delta": 16.945991}}
{"target": -2.136457998730611, "params": {"C": 100.70341143096931, "epsilon": 9.100036234964662, "gamma": 0.05901317247921602, "lamda": 0.33590987115864984}, "datetime": {"datetime": "2021-09-19 17:58:24", "elapsed": 1056.329818, "delta": 12.116177}}
{"target": -3.5411969438110225, "params": {"C": 95.22347348134424, "epsilon": 7.978683998528568, "gamma": 0.05738589057535561, "lamda": 1.4979483617457008}, "datetime": {"datetime": "2021-09-19 17:58:42", "elapsed": 1073.571982, "delta": 17.242164}}
{"target": -3.8331829236514086, "params": {"C": 117.64222487868918, "epsilon": 7.487844865022067, "gamma": 0.05467062756863769, "lamda": 1.1990824653036456}, "datetime": {"datetime": "2021-09-19 17:59:00", "elapsed": 1091.959669, "delta": 18.387687}}
{"target": -1.8304943418173267, "params": {"C": 99.56341459818839, "epsilon": 10.354786304835192, "gamma": 0.07498676109937948, "lamda": 0.4205397846050497}, "datetime": {"datetime": "2021-09-19 17:59:12", "elapsed": 1103.418782, "delta": 11.459113}}
{"target": -3.846105340833361, "params": {"C": 89.48489784790365, "epsilon": 12.118567115038557, "gamma": 0.0884973125975157, "lamda": 0.9573612423525256}, "datetime": {"datetime": "2021-09-19 17:59:29", "elapsed": 1120.98419, "delta": 17.565408}}
{"target": -4.839643523095635, "params": {"C": 80.62204715310563, "epsilon": 12.92904640736954, "gamma": 0.05692635490093131, "lamda": 0.6583935608288791}, "datetime": {"datetime": "2021-09-19 17:59:46", "elapsed": 1138.013475, "delta": 17.029285}}
{"target": -5.788512596542545, "params": {"C": 104.95281502434437, "epsilon": 14.157938518988274, "gamma": 0.05304351676492567, "lamda": 0.6631106482305281}, "datetime": {"datetime": "2021-09-19 18:00:04", "elapsed": 1155.524202, "delta": 17.510727}}
{"target": -1.4348084242663255, "params": {"C": 90.14307922217424, "epsilon": 8.0432426875055, "gamma": 0.0826509532528992, "lamda": 0.8291386715020455}, "datetime": {"datetime": "2021-09-19 18:00:15", "elapsed": 1166.976201, "delta": 11.451999}}
{"target": -1.3461286598106197, "params": {"C": 101.01859722314859, "epsilon": 8.987147464328187, "gamma": 0.09796570287050704, "lamda": 0.7241870352011118}, "datetime": {"datetime": "2021-09-19 18:00:26", "elapsed": 1177.844206, "delta": 10.868005}}
{"target": -4.480854738411329, "params": {"C": 95.95949001032957, "epsilon": 12.420085283659713, "gamma": 0.07065934346892949, "lamda": 0.9537830597506374}, "datetime": {"datetime": "2021-09-19 18:00:43", "elapsed": 1195.117383, "delta": 17.273177}}
{"target": -1.9728815972677842, "params": {"C": 92.30249438048564, "epsilon": 8.387873421133326, "gamma": 0.08837994701726753, "lamda": 0.5159258736105429}, "datetime": {"datetime": "2021-09-19 18:01:01", "elapsed": 1213.237088, "delta": 18.119705}}
{"target": -4.690460946519852, "params": {"C": 109.37084042936445, "epsilon": 14.897676538079487, "gamma": 0.08588479589098069, "lamda": 1.2408289246430697}, "datetime": {"datetime": "2021-09-19 18:01:18", "elapsed": 1230.204395, "delta": 16.967307}}
{"target": -1.433480907409967, "params": {"C": 117.21088803233397, "epsilon": 14.269999658006675, "gamma": 0.09157838403250569, "lamda": 0.34970559332971735}, "datetime": {"datetime": "2021-09-19 18:01:29", "elapsed": 1241.075228, "delta": 10.870833}}
{"target": -4.40865277081933, "params": {"C": 97.77747024430029, "epsilon": 12.40562845484464, "gamma": 0.06277739725073817, "lamda": 1.0542733191325702}, "datetime": {"datetime": "2021-09-19 18:01:46", "elapsed": 1258.273012, "delta": 17.197784}}
{"target": -1.9504308759674318, "params": {"C": 118.69374975809899, "epsilon": 6.500570491746047, "gamma": 0.0784878494312282, "lamda": 0.8588965834113604}, "datetime": {"datetime": "2021-09-19 18:01:57", "elapsed": 1268.756067, "delta": 10.483055}}
{"target": -2.1495746331203405, "params": {"C": 106.63643950514977, "epsilon": 7.647954038163154, "gamma": 0.06745675840289288, "lamda": 1.054804936898651}, "datetime": {"datetime": "2021-09-19 18:02:08", "elapsed": 1279.410104, "delta": 10.654037}}
{"target": -5.844050579156641, "params": {"C": 117.77771226946524, "epsilon": 15.299628474419485, "gamma": 0.053463877429147016, "lamda": 0.433499759302723}, "datetime": {"datetime": "2021-09-19 18:02:24", "elapsed": 1295.591726, "delta": 16.181622}}
{"target": -3.833214007238861, "params": {"C": 83.5207083107711, "epsilon": 7.704822219273697, "gamma": 0.05914862714768317, "lamda": 1.0222078266094494}, "datetime": {"datetime": "2021-09-19 18:02:41", "elapsed": 1312.824406, "delta": 17.23268}}
{"target": -1.8813620190778, "params": {"C": 94.279010379776, "epsilon": 8.74522129227098, "gamma": 0.09388326248197482, "lamda": 0.047239995008072126}, "datetime": {"datetime": "2021-09-19 18:02:51", "elapsed": 1322.477757, "delta": 9.653351}}
{"target": -5.076468012741433, "params": {"C": 109.9810984447803, "epsilon": 12.631125192188726, "gamma": 0.05116337098201719, "lamda": 0.1824909790822805}, "datetime": {"datetime": "2021-09-19 18:03:00", "elapsed": 1331.986873, "delta": 9.509116}}
{"target": -2.699008481212498, "params": {"C": 87.34459333567142, "epsilon": 11.14614101368179, "gamma": 0.06919587551600737, "lamda": 0.2523273456250884}, "datetime": {"datetime": "2021-09-19 18:03:09", "elapsed": 1341.333794, "delta": 9.346921}}
{"target": -3.5269361422999834, "params": {"C": 85.16373052412139, "epsilon": 7.644481369079659, "gamma": 0.05691300643277385, "lamda": 1.0205570609882608}, "datetime": {"datetime": "2021-09-19 18:03:26", "elapsed": 1358.176741, "delta": 16.842947}}
{"target": -1.1559712165488119, "params": {"C": 95.96801651101056, "epsilon": 13.815876688423247, "gamma": 0.0979173655659311, "lamda": 0.14169196829190708}, "datetime": {"datetime": "2021-09-19 18:03:37", "elapsed": 1369.058026, "delta": 10.881285}}
{"target": -3.205216543018344, "params": {"C": 86.55948944892104, "epsilon": 11.076918904366568, "gamma": 0.09152573296768152, "lamda": 0.7969285764492298}, "datetime": {"datetime": "2021-09-19 18:03:48", "elapsed": 1379.695508, "delta": 10.637482}}
{"target": -4.080838254166887, "params": {"C": 102.09791041783522, "epsilon": 10.131102097613539, "gamma": 0.05238928558316341, "lamda": 0.6911364337104446}, "datetime": {"datetime": "2021-09-19 18:04:05", "elapsed": 1396.977377, "delta": 17.281869}}
{"target": -1.7530150808643272, "params": {"C": 87.66589676127633, "epsilon": 6.0910276792378815, "gamma": 0.08042837952039968, "lamda": 1.38936472088533}, "datetime": {"datetime": "2021-09-19 18:04:16", "elapsed": 1407.826379, "delta": 10.849002}}
{"target": -2.255405514715699, "params": {"C": 114.20656961702471, "epsilon": 8.152025904950644, "gamma": 0.07412753552835606, "lamda": 0.22996239864436174}, "datetime": {"datetime": "2021-09-19 18:04:32", "elapsed": 1423.800418, "delta": 15.974039}}
{"target": -4.837197861730761, "params": {"C": 110.65324439261136, "epsilon": 15.307584943363684, "gamma": 0.08800452483619192, "lamda": 1.3964863223679167}, "datetime": {"datetime": "2021-09-19 18:04:47", "elapsed": 1439.177518, "delta": 15.3771}}
{"target": -2.0077867566412912, "params": {"C": 94.49912687281605, "epsilon": 6.85168039344177, "gamma": 0.0717907612558364, "lamda": 0.2621858395397989}, "datetime": {"datetime": "2021-09-19 18:05:03", "elapsed": 1455.313613, "delta": 16.136095}}
{"target": -2.0796660470853654, "params": {"C": 106.06947505245577, "epsilon": 8.769641081595744, "gamma": 0.09033616666969867, "lamda": 0.30608444788944456}, "datetime": {"datetime": "2021-09-19 18:05:19", "elapsed": 1471.08559, "delta": 15.771977}}
{"target": -3.378832032766118, "params": {"C": 118.70493229096694, "epsilon": 13.671029364925364, "gamma": 0.052523951535532555, "lamda": 0.048185799795731794}, "datetime": {"datetime": "2021-09-19 18:05:30", "elapsed": 1482.04459, "delta": 10.959}}
{"target": 0.9069857355078386, "params": {"C": 86.2915760256141, "epsilon": 12.114330196176802, "gamma": 0.05766658075478215, "lamda": 0.007061477668413235}, "datetime": {"datetime": "2021-09-19 18:05:31", "elapsed": 1482.960623, "delta": 0.916033}}
{"target": -1.8577373694228516, "params": {"C": 113.91308738722543, "epsilon": 6.950832476472008, "gamma": 0.0953967030383753, "lamda": 0.569433163371675}, "datetime": {"datetime": "2021-09-19 18:05:42", "elapsed": 1493.74163, "delta": 10.781007}}
{"target": -4.437948435604852, "params": {"C": 107.82943879925122, "epsilon": 11.266544426237775, "gamma": 0.06184408100070344, "lamda": 1.313793390790285}, "datetime": {"datetime": "2021-09-19 18:05:59", "elapsed": 1511.045589, "delta": 17.303959}}
{"target": -3.4366385587069956, "params": {"C": 95.07138108925508, "epsilon": 6.942177789916694, "gamma": 0.06460647917833695, "lamda": 1.0397944835810802}, "datetime": {"datetime": "2021-09-19 18:06:16", "elapsed": 1528.305589, "delta": 17.26}}
{"target": -1.2850468833229867, "params": {"C": 114.4504432321855, "epsilon": 9.750885226171178, "gamma": 0.09721235036618234, "lamda": 0.9480992875101178}, "datetime": {"datetime": "2021-09-19 18:06:27", "elapsed": 1538.931611, "delta": 10.626022}}
{"target": -1.8575631195904383, "params": {"C": 112.54780656236899, "epsilon": 8.253399222925447, "gamma": 0.07082535730996908, "lamda": 0.8722142198080876}, "datetime": {"datetime": "2021-09-19 18:06:38", "elapsed": 1550.23359, "delta": 11.301979}}
{"target": -4.24254791085915, "params": {"C": 101.87195735476188, "epsilon": 13.145459972742124, "gamma": 0.08408164383657804, "lamda": 1.451926838065295}, "datetime": {"datetime": "2021-09-19 18:06:55", "elapsed": 1566.738588, "delta": 16.504998}}
{"target": -6.165206290984866, "params": {"C": 84.51559697398211, "epsilon": 15.225889050649412, "gamma": 0.05232167863502819, "lamda": 0.5984949587168167}, "datetime": {"datetime": "2021-09-19 18:07:11", "elapsed": 1582.792589, "delta": 16.054001}}
{"target": -3.7070652143511253, "params": {"C": 84.65697167994186, "epsilon": 10.467543513861415, "gamma": 0.07764782592133314, "lamda": 1.1319133676008322}, "datetime": {"datetime": "2021-09-19 18:07:27", "elapsed": 1598.94959, "delta": 16.157001}}
{"target": -4.465307221760626, "params": {"C": 83.08686522883204, "epsilon": 12.408789675332903, "gamma": 0.0797656440515698, "lamda": 1.4720951433634122}, "datetime": {"datetime": "2021-09-19 18:07:43", "elapsed": 1615.107588, "delta": 16.157998}}
{"target": -4.378521509598822, "params": {"C": 96.2432749281709, "epsilon": 12.433337051255759, "gamma": 0.07133775878377747, "lamda": 1.2410042077133836}, "datetime": {"datetime": "2021-09-19 18:07:59", "elapsed": 1631.241591, "delta": 16.134003}}
{"target": -3.464679935256445, "params": {"C": 88.63091873916024, "epsilon": 6.676858685253462, "gamma": 0.05600273015983635, "lamda": 1.4815716487683863}, "datetime": {"datetime": "2021-09-19 18:08:16", "elapsed": 1647.574588, "delta": 16.332997}}
{"target": -4.048738642541373, "params": {"C": 94.65931982560151, "epsilon": 11.822127641703835, "gamma": 0.0735611613142204, "lamda": 1.2970119876426685}, "datetime": {"datetime": "2021-09-19 18:08:32", "elapsed": 1663.687591, "delta": 16.113003}}
{"target": -2.624347284982149, "params": {"C": 102.42347129480487, "epsilon": 11.181535252335124, "gamma": 0.07226764462614162, "lamda": 0.030183978685473758}, "datetime": {"datetime": "2021-09-19 18:08:41", "elapsed": 1673.190591, "delta": 9.503}}
{"target": -3.9789149214362665, "params": {"C": 80.4603204287923, "epsilon": 13.785501747840454, "gamma": 0.09132696683117185, "lamda": 0.3806722303226459}, "datetime": {"datetime": "2021-09-19 18:08:51", "elapsed": 1682.769739, "delta": 9.579148}}
{"target": -3.472542746025021, "params": {"C": 86.0674499377919, "epsilon": 10.588248796991028, "gamma": 0.08141232131057041, "lamda": 1.404233148656731}, "datetime": {"datetime": "2021-09-19 18:09:06", "elapsed": 1697.388034, "delta": 14.618295}}
{"target": -3.190137066741504, "params": {"C": 94.84593631438446, "epsilon": 10.974981343968011, "gamma": 0.09705903792005198, "lamda": 1.2244810227698075}, "datetime": {"datetime": "2021-09-19 18:09:21", "elapsed": 1712.451691, "delta": 15.063657}}
{"target": 0.9040507375376584, "params": {"C": 104.58751310071003, "epsilon": 14.41497457723564, "gamma": 0.08350732249478685, "lamda": 0.014546191388232437}, "datetime": {"datetime": "2021-09-19 18:09:21", "elapsed": 1713.352306, "delta": 0.900615}}
