{"target": 0.8690239298194491, "params": {"C": 72.00271592033843, "epsilon": 10.963937229211608, "gamma": 0.17251612124029536, "lamda": 0.04977920459342608}, "datetime": {"datetime": "2021-09-19 13:45:46", "elapsed": 317.949478, "delta": 0.877025}}
{"target": -3.0863490205351907, "params": {"C": 73.43341939909484, "epsilon": 5.57735534336095, "gamma": 0.11054436961574755, "lamda": 0.03640642701767896}, "datetime": {"datetime": "2021-09-19 13:46:01", "elapsed": 333.196185, "delta": 15.246707}}
{"target": -2.013785364911537, "params": {"C": 76.23658639535446, "epsilon": 4.819507483880584, "gamma": 0.2, "lamda": 0.7711057643133367}, "datetime": {"datetime": "2021-09-19 13:46:15", "elapsed": 346.533993, "delta": 13.337808}}
{"target": 0.8795745215607789, "params": {"C": 65.30685849411982, "epsilon": 2.7391309472334253, "gamma": 0.05, "lamda": 0.0001}, "datetime": {"datetime": "2021-09-19 13:46:15", "elapsed": 347.15895, "delta": 0.624957}}
{"target": 0.8830017400206098, "params": {"C": 79.18854545153167, "epsilon": 5.02593065711828, "gamma": 0.05, "lamda": 0.0001}, "datetime": {"datetime": "2021-09-19 13:46:16", "elapsed": 347.848777, "delta": 0.689827}}
{"target": -4.586063916887814, "params": {"C": 74.74851091784102, "epsilon": 2.659273482655202, "gamma": 0.08761521690102328, "lamda": 0.011197442836632376}, "datetime": {"datetime": "2021-09-19 13:46:27", "elapsed": 358.540683, "delta": 10.691906}}
{"target": -3.6973329732475317, "params": {"C": 73.90445009463872, "epsilon": 10.301241115977005, "gamma": 0.1741421475622682, "lamda": 1.04023697493153}, "datetime": {"datetime": "2021-09-19 13:46:40", "elapsed": 372.190446, "delta": 13.649763}}
{"target": -2.059592411096736, "params": {"C": 60.471943927055364, "epsilon": 2.9322595169047334, "gamma": 0.16648560133933837, "lamda": 0.08867476926414618}, "datetime": {"datetime": "2021-09-19 13:46:53", "elapsed": 385.182012, "delta": 12.991566}}
{"target": -5.79382109934029, "params": {"C": 74.377674186973, "epsilon": 8.103730874041567, "gamma": 0.09137404704063279, "lamda": 0.11412604816970409}, "datetime": {"datetime": "2021-09-19 13:47:08", "elapsed": 399.769148, "delta": 14.587136}}
{"target": 0.8736320618975781, "params": {"C": 65.73564755797727, "epsilon": 8.942044896486058, "gamma": 0.17964577514949098, "lamda": 0.31075959964243766}, "datetime": {"datetime": "2021-09-19 13:47:09", "elapsed": 400.372482, "delta": 0.603334}}
{"target": -1.405692066537335, "params": {"C": 61.59711381627966, "epsilon": 5.176401865108769, "gamma": 0.17557945828982213, "lamda": 1.4843886631993464}, "datetime": {"datetime": "2021-09-19 13:47:17", "elapsed": 408.715375, "delta": 8.342893}}
{"target": -1.4026696438715103, "params": {"C": 71.98736706069658, "epsilon": 5.987103177631115, "gamma": 0.1675404135916787, "lamda": 1.0712252723008597}, "datetime": {"datetime": "2021-09-19 13:47:25", "elapsed": 417.094909, "delta": 8.379534}}
{"target": -4.590492286605115, "params": {"C": 79.9610788798051, "epsilon": 8.602409157865484, "gamma": 0.12127614898429923, "lamda": 1.328275263107684}, "datetime": {"datetime": "2021-09-19 13:47:39", "elapsed": 430.654278, "delta": 13.559369}}
{"target": -5.447508900371693, "params": {"C": 79.72056975002198, "epsilon": 4.464028108522703, "gamma": 0.05661171507495297, "lamda": 0.8200830867691857}, "datetime": {"datetime": "2021-09-19 13:47:47", "elapsed": 438.466564, "delta": 7.812286}}
{"target": -2.2671977093443, "params": {"C": 62.79652052543567, "epsilon": 1.4527990524290049, "gamma": 0.17577729688613164, "lamda": 0.8105564904373461}, "datetime": {"datetime": "2021-09-19 13:48:02", "elapsed": 453.769977, "delta": 15.303413}}
{"target": -2.419987914114338, "params": {"C": 45.12172793033649, "epsilon": 2.972257356758565, "gamma": 0.14650438549603634, "lamda": 0.28593435974625847}, "datetime": {"datetime": "2021-09-19 13:48:13", "elapsed": 465.284545, "delta": 11.514568}}
{"target": -2.477361067965421, "params": {"C": 78.13404977664663, "epsilon": 10.960408555426966, "gamma": 0.199957808635022, "lamda": 0.5046230694506957}, "datetime": {"datetime": "2021-09-19 13:48:27", "elapsed": 479.05949, "delta": 13.774945}}
{"target": -4.020310043086858, "params": {"C": 41.840284708868644, "epsilon": 4.157234191769474, "gamma": 0.10176266146809292, "lamda": 0.12958445540357325}, "datetime": {"datetime": "2021-09-19 13:48:36", "elapsed": 487.943727, "delta": 8.884237}}
{"target": -1.4984122319735218, "params": {"C": 48.06286957436315, "epsilon": 3.867108643953099, "gamma": 0.17216292876019793, "lamda": 1.11436018171758}, "datetime": {"datetime": "2021-09-19 13:48:44", "elapsed": 496.238085, "delta": 8.294358}}
{"target": -4.094049023749133, "params": {"C": 61.09198545300232, "epsilon": 11.504926943969313, "gamma": 0.168499944655507, "lamda": 0.9648652361359195}, "datetime": {"datetime": "2021-09-19 13:48:58", "elapsed": 509.950311, "delta": 13.712226}}
{"target": -4.739376645112064, "params": {"C": 76.54066063177335, "epsilon": 10.339995666186157, "gamma": 0.1298206653350205, "lamda": 0.6927016425130078}, "datetime": {"datetime": "2021-09-19 13:49:13", "elapsed": 524.590871, "delta": 14.64056}}
{"target": -4.553750471434762, "params": {"C": 42.76598780833749, "epsilon": 13.681104805936332, "gamma": 0.19060122585153122, "lamda": 0.41679463297032926}, "datetime": {"datetime": "2021-09-19 13:49:27", "elapsed": 538.715203, "delta": 14.124332}}
{"target": -2.2412787235921683, "params": {"C": 74.42480566486894, "epsilon": 5.055897263205729, "gamma": 0.15168800280697187, "lamda": 1.3402727150595306}, "datetime": {"datetime": "2021-09-19 13:49:36", "elapsed": 547.546998, "delta": 8.831795}}
{"target": -5.0770400703134095, "params": {"C": 48.09315135146507, "epsilon": 11.421049589323694, "gamma": 0.11536714592957782, "lamda": 0.473568108555675}, "datetime": {"datetime": "2021-09-19 13:49:50", "elapsed": 561.614846, "delta": 14.067848}}
{"target": -4.159407006334809, "params": {"C": 64.1647992950549, "epsilon": 9.970816939027426, "gamma": 0.14783368888498255, "lamda": 0.6226995190346946}, "datetime": {"datetime": "2021-09-19 13:50:04", "elapsed": 575.421537, "delta": 13.806691}}
{"target": -2.8985140589192526, "params": {"C": 47.51611992017028, "epsilon": 2.270033020814875, "gamma": 0.13662587151164063, "lamda": 1.3521759833130147}, "datetime": {"datetime": "2021-09-19 13:50:16", "elapsed": 587.929642, "delta": 12.508105}}
{"target": -2.5977071579562927, "params": {"C": 51.02656994151605, "epsilon": 6.108162789489476, "gamma": 0.13522559001854265, "lamda": 0.1795420572827814}, "datetime": {"datetime": "2021-09-19 13:50:27", "elapsed": 599.056894, "delta": 11.127252}}
{"target": -5.7983273298628335, "params": {"C": 53.41779489971267, "epsilon": 5.930302297874982, "gamma": 0.08057290458938401, "lamda": 0.9132629225216292}, "datetime": {"datetime": "2021-09-19 13:50:42", "elapsed": 614.132507, "delta": 15.075613}}
{"target": -5.961051183084854, "params": {"C": 70.50964449117896, "epsilon": 9.558197415546092, "gamma": 0.09484715994689344, "lamda": 1.0294762657465497}, "datetime": {"datetime": "2021-09-19 13:50:56", "elapsed": 628.064194, "delta": 13.931687}}
{"target": -5.3145851843745175, "params": {"C": 69.80734634151925, "epsilon": 2.5340027097201174, "gamma": 0.05161826905752612, "lamda": 0.8846165286529621}, "datetime": {"datetime": "2021-09-19 13:51:08", "elapsed": 640.259136, "delta": 12.194942}}
{"target": -4.751492214611541, "params": {"C": 78.20782917051525, "epsilon": 9.233845757983481, "gamma": 0.11873435135603287, "lamda": 1.2230591958707133}, "datetime": {"datetime": "2021-09-19 13:51:22", "elapsed": 653.541859, "delta": 13.282723}}
{"target": -6.31061871312018, "params": {"C": 55.103347610699906, "epsilon": 12.68430476306695, "gamma": 0.10892079901440407, "lamda": 1.1243228750148624}, "datetime": {"datetime": "2021-09-19 13:51:36", "elapsed": 667.346181, "delta": 13.804322}}
{"target": -4.389180869048726, "params": {"C": 49.53584830645339, "epsilon": 13.391452834024776, "gamma": 0.195540138376596, "lamda": 0.8084808180357669}, "datetime": {"datetime": "2021-09-19 13:51:49", "elapsed": 681.065139, "delta": 13.718958}}
{"target": -2.4289200526428636, "params": {"C": 61.68969003913462, "epsilon": 9.150738007499351, "gamma": 0.12470029579098653, "lamda": 0.2741057336340051}, "datetime": {"datetime": "2021-09-19 13:51:58", "elapsed": 689.713757, "delta": 8.648618}}
{"target": -2.114192951640524, "params": {"C": 44.40584058199801, "epsilon": 7.333120193508393, "gamma": 0.18611951999183418, "lamda": 0.433562481163802}, "datetime": {"datetime": "2021-09-19 13:52:11", "elapsed": 703.214975, "delta": 13.501218}}
{"target": -4.650161043377411, "params": {"C": 68.84314636026193, "epsilon": 12.92103807155663, "gamma": 0.14626228419374337, "lamda": 0.34032014770720925}, "datetime": {"datetime": "2021-09-19 13:52:20", "elapsed": 711.817633, "delta": 8.602658}}
{"target": -2.4648651548073444, "params": {"C": 68.20042781788834, "epsilon": 7.358639420349698, "gamma": 0.12391053408829385, "lamda": 0.29686775773423807}, "datetime": {"datetime": "2021-09-19 13:52:29", "elapsed": 720.514217, "delta": 8.696584}}
{"target": -3.547984688421515, "params": {"C": 56.89627784843364, "epsilon": 10.361509961566837, "gamma": 0.17596969445713445, "lamda": 0.6241222397984129}, "datetime": {"datetime": "2021-09-19 13:52:43", "elapsed": 734.434357, "delta": 13.92014}}
{"target": 0.8757998553437941, "params": {"C": 65.92680806897476, "epsilon": 8.979787414716064, "gamma": 0.16517038899172226, "lamda": 0.187607115855556}, "datetime": {"datetime": "2021-09-19 13:52:43", "elapsed": 735.255973, "delta": 0.821616}}
{"target": -3.2663085966904672, "params": {"C": 65.96963390194712, "epsilon": 9.20525414985934, "gamma": 0.19669698203127806, "lamda": 0.6177160447818346}, "datetime": {"datetime": "2021-09-19 13:52:53", "elapsed": 745.184479, "delta": 9.928506}}
{"target": -6.031983307673603, "params": {"C": 47.78879073045471, "epsilon": 12.374345479886783, "gamma": 0.05079015079273976, "lamda": 0.1801262409229786}, "datetime": {"datetime": "2021-09-19 13:53:01", "elapsed": 753.181717, "delta": 7.997238}}
{"target": -2.5164091930559227, "params": {"C": 59.910522874808734, "epsilon": 4.2950993697535615, "gamma": 0.14338159689075813, "lamda": 1.2386030978382885}, "datetime": {"datetime": "2021-09-19 13:53:10", "elapsed": 761.452871, "delta": 8.271154}}
{"target": -4.63809854910233, "params": {"C": 79.19658870955747, "epsilon": 5.478974191568741, "gamma": 0.05877420606390092, "lamda": 0.10429659360353978}, "datetime": {"datetime": "2021-09-19 13:53:22", "elapsed": 774.163214, "delta": 12.710343}}
{"target": -3.7647157014314114, "params": {"C": 54.19996029739887, "epsilon": 2.3788206755177894, "gamma": 0.10357413561263076, "lamda": 1.3785016309683}, "datetime": {"datetime": "2021-09-19 13:53:36", "elapsed": 787.900485, "delta": 13.737271}}
{"target": 0.8840788494283146, "params": {"C": 65.08220218397432, "epsilon": 2.5842108495657445, "gamma": 0.05439471180744094, "lamda": 0.0024022192621720863}, "datetime": {"datetime": "2021-09-19 13:53:37", "elapsed": 788.916493, "delta": 1.016008}}
{"target": 0.866587494441043, "params": {"C": 57.769769208349985, "epsilon": 12.458882763519863, "gamma": 0.19390944994858175, "lamda": 0.07039963601896937}, "datetime": {"datetime": "2021-09-19 13:53:38", "elapsed": 789.943454, "delta": 1.026961}}
{"target": -4.210965969593022, "params": {"C": 57.99948209309855, "epsilon": 12.537603348303483, "gamma": 0.18583030849246984, "lamda": 0.3388872860390187}, "datetime": {"datetime": "2021-09-19 13:53:48", "elapsed": 799.551618, "delta": 9.608164}}
{"target": -6.843323778531769, "params": {"C": 56.68088018810296, "epsilon": 10.364218414748056, "gamma": 0.050017156222601736, "lamda": 0.45356862569049644}, "datetime": {"datetime": "2021-09-19 13:56:42", "elapsed": 0.0, "delta": 0.0}}
{"target": -4.316883144117327, "params": {"C": 45.87023563268452, "epsilon": 2.200401731994371, "gamma": 0.07793903170665065, "lamda": 0.5184065344918674}, "datetime": {"datetime": "2021-09-19 13:56:50", "elapsed": 8.671663, "delta": 8.671663}}
{"target": -5.194534131818888, "params": {"C": 55.870698969226794, "epsilon": 8.00461754204364, "gamma": 0.11287917716049423, "lamda": 1.0278607286450996}, "datetime": {"datetime": "2021-09-19 13:57:04", "elapsed": 22.637227, "delta": 13.965564}}
{"target": -7.649230777873413, "params": {"C": 48.1780899892607, "epsilon": 12.41552667308229, "gamma": 0.05410813897968893, "lamda": 1.0057342185165854}, "datetime": {"datetime": "2021-09-19 13:57:13", "elapsed": 31.582438, "delta": 8.945211}}
{"target": -6.1922339307694525, "params": {"C": 56.69219209468508, "epsilon": 8.262967769794772, "gamma": 0.07105804078928507, "lamda": 0.29723242347840967}, "datetime": {"datetime": "2021-09-19 13:57:22", "elapsed": 39.935031, "delta": 8.352593}}
{"target": -7.18493334927186, "params": {"C": 72.02978274702147, "epsilon": 13.587400484352168, "gamma": 0.09701362672388644, "lamda": 1.0385146912424041}, "datetime": {"datetime": "2021-09-19 13:57:36", "elapsed": 53.99144, "delta": 14.056409}}
{"target": -6.302219123018115, "params": {"C": 75.05556609184154, "epsilon": 12.629886625550014, "gamma": 0.06275663170546669, "lamda": 0.058678269371000256}, "datetime": {"datetime": "2021-09-19 13:57:49", "elapsed": 66.786956, "delta": 12.795516}}
{"target": -7.489724386503383, "params": {"C": 46.79321678258275, "epsilon": 12.415852544582371, "gamma": 0.06475202507495752, "lamda": 0.6317193267450777}, "datetime": {"datetime": "2021-09-19 13:57:57", "elapsed": 75.54717, "delta": 8.760214}}
{"target": -1.7568565074721811, "params": {"C": 78.31558120602008, "epsilon": 7.931148704649222, "gamma": 0.15378156709257101, "lamda": 0.4733418949459938}, "datetime": {"datetime": "2021-09-19 13:58:05", "elapsed": 83.587392, "delta": 8.040222}}
{"target": -7.965316220482784, "params": {"C": 67.46003710726335, "epsilon": 11.850133734665848, "gamma": 0.05274324160162877, "lamda": 1.1252414579859567}, "datetime": {"datetime": "2021-09-19 13:58:14", "elapsed": 92.181999, "delta": 8.594607}}
{"target": -1.9203550513017493, "params": {"C": 80.0, "epsilon": 5.538491381200253, "gamma": 0.19823271103870393, "lamda": 0.5067045156406591}, "datetime": {"datetime": "2021-09-19 13:58:28", "elapsed": 105.90453, "delta": 13.722531}}
{"target": -5.603229911972969, "params": {"C": 75.89060706393343, "epsilon": 4.009415163810733, "gamma": 0.05, "lamda": 1.5}, "datetime": {"datetime": "2021-09-19 13:58:36", "elapsed": 114.259322, "delta": 8.354792}}
{"target": 0.8662089712086313, "params": {"C": 80.0, "epsilon": 9.373649311908855, "gamma": 0.2, "lamda": 0.0001}, "datetime": {"datetime": "2021-09-19 13:58:37", "elapsed": 114.82985, "delta": 0.570528}}
{"target": -4.399801691105128, "params": {"C": 79.88460100497883, "epsilon": 11.838611918560266, "gamma": 0.14967356305180174, "lamda": 1.3112330507688132}, "datetime": {"datetime": "2021-09-19 13:58:51", "elapsed": 128.843577, "delta": 14.013727}}
{"target": -3.2731277567743664, "params": {"C": 79.98998228924457, "epsilon": 8.077737957315835, "gamma": 0.16636861948531848, "lamda": 1.2349521464654565}, "datetime": {"datetime": "2021-09-19 13:59:06", "elapsed": 143.821482, "delta": 14.977905}}
{"target": 0.8656797020839713, "params": {"C": 78.72064031597279, "epsilon": 9.890464798299154, "gamma": 0.2, "lamda": 0.0001}, "datetime": {"datetime": "2021-09-19 13:59:06", "elapsed": 144.576498, "delta": 0.755016}}
{"target": 0.8741799874350574, "params": {"C": 80.0, "epsilon": 1.9719119154133873, "gamma": 0.2, "lamda": 0.0001}, "datetime": {"datetime": "2021-09-19 13:59:07", "elapsed": 145.239442, "delta": 0.662944}}
{"target": -5.629552241240169, "params": {"C": 80.0, "epsilon": 1.0, "gamma": 0.05, "lamda": 1.5}, "datetime": {"datetime": "2021-09-19 13:59:16", "elapsed": 154.346509, "delta": 9.107067}}
{"target": 0.8730024253613303, "params": {"C": 79.46107727981223, "epsilon": 3.3611586133580396, "gamma": 0.2, "lamda": 0.0001}, "datetime": {"datetime": "2021-09-19 13:59:17", "elapsed": 155.03741, "delta": 0.690901}}
{"target": -1.3829558665604784, "params": {"C": 53.88991377712505, "epsilon": 1.0, "gamma": 0.2, "lamda": 1.5}, "datetime": {"datetime": "2021-09-19 13:59:26", "elapsed": 164.297118, "delta": 9.259708}}
{"target": -1.4389121467333839, "params": {"C": 57.20754829840292, "epsilon": 1.0, "gamma": 0.2, "lamda": 1.5}, "datetime": {"datetime": "2021-09-19 13:59:35", "elapsed": 173.38207, "delta": 9.084952}}
{"target": -5.69507253490858, "params": {"C": 55.50452593908221, "epsilon": 3.298279201307828, "gamma": 0.060114579017802455, "lamda": 0.02155411246390748}, "datetime": {"datetime": "2021-09-19 13:59:50", "elapsed": 188.413267, "delta": 15.031197}}
{"target": -1.5211288912817618, "params": {"C": 60.55817888520961, "epsilon": 1.0, "gamma": 0.2, "lamda": 1.5}, "datetime": {"datetime": "2021-09-19 13:59:59", "elapsed": 197.289791, "delta": 8.876524}}
{"target": -1.5576003859478487, "params": {"C": 50.75333119126416, "epsilon": 1.0, "gamma": 0.2, "lamda": 1.5}, "datetime": {"datetime": "2021-09-19 14:00:08", "elapsed": 206.301668, "delta": 9.011877}}
{"target": -4.940094987772964, "params": {"C": 64.34412068382859, "epsilon": 1.0, "gamma": 0.05, "lamda": 1.5}, "datetime": {"datetime": "2021-09-19 14:00:17", "elapsed": 215.306979, "delta": 9.005311}}
{"target": 0.8743136112189929, "params": {"C": 78.30595312378344, "epsilon": 2.0375229657998988, "gamma": 0.2, "lamda": 0.0001}, "datetime": {"datetime": "2021-09-19 14:00:18", "elapsed": 216.002469, "delta": 0.69549}}
{"target": -2.6048584685432083, "params": {"C": 40.0, "epsilon": 6.527562113425986, "gamma": 0.2, "lamda": 1.5}, "datetime": {"datetime": "2021-09-19 14:00:32", "elapsed": 229.835977, "delta": 13.833508}}
{"target": -2.753755773989153, "params": {"C": 40.00478414572294, "epsilon": 1.6346062862080422, "gamma": 0.13493116382561748, "lamda": 1.2466344565891867}, "datetime": {"datetime": "2021-09-19 14:00:43", "elapsed": 241.346004, "delta": 11.510027}}
{"target": 0.8659254450010837, "params": {"C": 40.0, "epsilon": 10.83548494356814, "gamma": 0.2, "lamda": 0.0001}, "datetime": {"datetime": "2021-09-19 14:00:44", "elapsed": 241.953015, "delta": 0.607011}}
{"target": -8.227788302815043, "params": {"C": 40.0, "epsilon": 12.754482064457486, "gamma": 0.05, "lamda": 1.5}, "datetime": {"datetime": "2021-09-19 14:00:53", "elapsed": 251.080689, "delta": 9.127674}}
{"target": 0.8672033350406145, "params": {"C": 40.0, "epsilon": 9.1716541421281, "gamma": 0.2, "lamda": 0.0001}, "datetime": {"datetime": "2021-09-19 14:00:54", "elapsed": 251.791683, "delta": 0.710994}}
{"target": 0.8670059647371205, "params": {"C": 41.83056832948602, "epsilon": 9.830365266320674, "gamma": 0.2, "lamda": 0.0001}, "datetime": {"datetime": "2021-09-19 14:00:54", "elapsed": 252.428685, "delta": 0.637002}}
{"target": 0.8778798640884906, "params": {"C": 42.99686337114946, "epsilon": 7.544411615072934, "gamma": 0.05, "lamda": 0.0001}, "datetime": {"datetime": "2021-09-19 14:00:55", "elapsed": 253.207643, "delta": 0.778958}}
{"target": -2.9397382216602757, "params": {"C": 44.78690773327169, "epsilon": 7.311577937143587, "gamma": 0.2, "lamda": 1.5}, "datetime": {"datetime": "2021-09-19 14:01:09", "elapsed": 267.203609, "delta": 13.995966}}
{"target": -6.7022702099338245, "params": {"C": 41.896890606464524, "epsilon": 8.58592544122873, "gamma": 0.05, "lamda": 1.5}, "datetime": {"datetime": "2021-09-19 14:01:18", "elapsed": 275.993802, "delta": 8.790193}}
{"target": -5.384166602492142, "params": {"C": 42.69007966698422, "epsilon": 5.808875132747268, "gamma": 0.056249780025369484, "lamda": 0.14657613620922488}, "datetime": {"datetime": "2021-09-19 14:01:34", "elapsed": 292.404032, "delta": 16.41023}}
{"target": 0.868888075758676, "params": {"C": 43.71656270349575, "epsilon": 8.86507628426831, "gamma": 0.2, "lamda": 0.0001}, "datetime": {"datetime": "2021-09-19 14:01:35", "elapsed": 293.217274, "delta": 0.813242}}
{"target": 0.8679705515100097, "params": {"C": 42.741763134580914, "epsilon": 11.427919781811626, "gamma": 0.1742146233578927, "lamda": 0.04061966657583233}, "datetime": {"datetime": "2021-09-19 14:01:36", "elapsed": 293.972081, "delta": 0.754807}}
{"target": 0.8678723570539338, "params": {"C": 43.93474722723118, "epsilon": 10.543341031525237, "gamma": 0.2, "lamda": 0.0001}, "datetime": {"datetime": "2021-09-19 14:01:36", "elapsed": 294.676898, "delta": 0.704817}}
{"target": -1.1923723767824033, "params": {"C": 50.73287926277307, "epsilon": 4.040126586825303, "gamma": 0.2, "lamda": 1.5}, "datetime": {"datetime": "2021-09-19 14:01:45", "elapsed": 303.499804, "delta": 8.822906}}
{"target": 0.8718768942869718, "params": {"C": 49.61252072049682, "epsilon": 6.187435372026749, "gamma": 0.2, "lamda": 0.0001}, "datetime": {"datetime": "2021-09-19 14:01:46", "elapsed": 304.142193, "delta": 0.642389}}
{"target": -5.0090289306634785, "params": {"C": 50.57000877043684, "epsilon": 7.007218511496287, "gamma": 0.05, "lamda": 1.5}, "datetime": {"datetime": "2021-09-19 14:01:55", "elapsed": 313.263709, "delta": 9.121516}}
{"target": 0.8723562274992503, "params": {"C": 48.77716631836909, "epsilon": 4.708170985045079, "gamma": 0.2, "lamda": 0.0001}, "datetime": {"datetime": "2021-09-19 14:01:56", "elapsed": 313.93812, "delta": 0.674411}}
{"target": 0.8767324684183588, "params": {"C": 47.972436079290965, "epsilon": 6.475335395313071, "gamma": 0.16774238349357368, "lamda": 0.11399016790650805}, "datetime": {"datetime": "2021-09-19 14:01:56", "elapsed": 314.657924, "delta": 0.719804}}
{"target": -4.652422290781098, "params": {"C": 47.83555557283377, "epsilon": 5.053526092363402, "gamma": 0.1139058298943517, "lamda": 1.4762271657757484}, "datetime": {"datetime": "2021-09-19 14:02:10", "elapsed": 328.46474, "delta": 13.806816}}
