{"target": -2.8378012238358123, "params": {"C": 215.39923532130058, "epsilon": 0.7462992023649677, "gamma": 0.11218418318634829, "lamda": 0.08706730191169229}, "datetime": {"datetime": "2021-09-19 21:12:22", "elapsed": 0.0, "delta": 0.0}}
{"target": -6.104981861285013, "params": {"C": 213.05517031312337, "epsilon": 3.638180799536804, "gamma": 0.044906483637379285, "lamda": 0.123856096915301}, "datetime": {"datetime": "2021-09-19 21:12:38", "elapsed": 16.079998, "delta": 16.079998}}
{"target": -2.9901427524367574, "params": {"C": 194.94820105117847, "epsilon": 3.034859113477233, "gamma": 0.1261210973900125, "lamda": 0.10583077314493644}, "datetime": {"datetime": "2021-09-19 21:12:52", "elapsed": 29.993996, "delta": 13.913998}}
{"target": -6.334555427652012, "params": {"C": 170.18699180174002, "epsilon": 5.378992152024591, "gamma": 0.04096577380114848, "lamda": 0.15706810288759562}, "datetime": {"datetime": "2021-09-19 21:13:07", "elapsed": 44.582996, "delta": 14.589}}
{"target": 0.8715248866082471, "params": {"C": 278.0962938959233, "epsilon": 5.195249955128314, "gamma": 0.17007948964470626, "lamda": 0.015933697174427157}, "datetime": {"datetime": "2021-09-19 21:13:07", "elapsed": 44.981997, "delta": 0.399001}}
{"target": -3.852696184518603, "params": {"C": 225.78691351825557, "epsilon": 1.120221791675342, "gamma": 0.08848385388149095, "lamda": 0.019310700477544213}, "datetime": {"datetime": "2021-09-19 21:13:18", "elapsed": 55.118998, "delta": 10.137001}}
{"target": -4.649817401708867, "params": {"C": 269.48120715574055, "epsilon": 5.367131461604749, "gamma": 0.07773758031260801, "lamda": 0.15739774030093276}, "datetime": {"datetime": "2021-09-19 21:13:27", "elapsed": 64.686998, "delta": 9.568}}
{"target": -2.5858296343080003, "params": {"C": 152.2912386366656, "epsilon": 4.776017913333015, "gamma": 0.10613586163466603, "lamda": 0.011586165828242909}, "datetime": {"datetime": "2021-09-19 21:13:37", "elapsed": 74.239, "delta": 9.552002}}
{"target": -4.789074549728311, "params": {"C": 179.8865453813522, "epsilon": 5.655750187137168, "gamma": 0.08699642264734565, "lamda": 0.040089644450059976}, "datetime": {"datetime": "2021-09-19 21:13:46", "elapsed": 83.920001, "delta": 9.681001}}
{"target": -3.2959326411711762, "params": {"C": 221.19711785363165, "epsilon": 3.9183401324398486, "gamma": 0.11752339090969971, "lamda": 0.11937394191105995}, "datetime": {"datetime": "2021-09-19 21:14:00", "elapsed": 97.642997, "delta": 13.722996}}
{"target": -3.179206347956958, "params": {"C": 215.6141266013742, "epsilon": 0.7074558704051125, "gamma": 0.09802172166992747, "lamda": 0.11675731790935165}, "datetime": {"datetime": "2021-09-19 21:14:09", "elapsed": 106.661999, "delta": 9.019002}}
{"target": -2.7419245976563733, "params": {"C": 278.13432783061705, "epsilon": 4.272052715179731, "gamma": 0.15479093833670737, "lamda": 0.15319464035691815}, "datetime": {"datetime": "2021-09-19 21:14:19", "elapsed": 116.576998, "delta": 9.914999}}
{"target": -3.0447988806376696, "params": {"C": 277.9828560017354, "epsilon": 5.643772669841921, "gamma": 0.13546426572994583, "lamda": 0.07795095382748894}, "datetime": {"datetime": "2021-09-19 21:14:34", "elapsed": 132.063996, "delta": 15.486998}}
{"target": 0.8664259804411669, "params": {"C": 278.1557008205393, "epsilon": 4.9599451072464715, "gamma": 0.18821084599775673, "lamda": 5e-06}, "datetime": {"datetime": "2021-09-19 21:14:35", "elapsed": 132.565998, "delta": 0.502002}}
{"target": -5.787963093091827, "params": {"C": 257.88028619594087, "epsilon": 4.9097791118889935, "gamma": 0.05669636491853472, "lamda": 0.1447564890828116}, "datetime": {"datetime": "2021-09-19 21:14:48", "elapsed": 145.460997, "delta": 12.894999}}
{"target": -4.142916167740308, "params": {"C": 278.74952954134005, "epsilon": 5.429151712765048, "gamma": 0.11413404834152942, "lamda": 0.1418186523892521}, "datetime": {"datetime": "2021-09-19 21:14:58", "elapsed": 155.795997, "delta": 10.335}}
{"target": -5.207309107104032, "params": {"C": 267.5296354425765, "epsilon": 0.5847586748126853, "gamma": 0.0366404880106759, "lamda": 0.016516458203632754}, "datetime": {"datetime": "2021-09-19 21:15:07", "elapsed": 164.533997, "delta": 8.738}}
{"target": -2.2180448933715313, "params": {"C": 277.5573983764932, "epsilon": 4.858147128618674, "gamma": 0.18242303573625235, "lamda": 0.09055266366185458}, "datetime": {"datetime": "2021-09-19 21:15:15", "elapsed": 172.818997, "delta": 8.285}}
{"target": -2.9976701760389433, "params": {"C": 278.1053273518338, "epsilon": 5.080499048737801, "gamma": 0.139888247261688, "lamda": 0.11489898348952876}, "datetime": {"datetime": "2021-09-19 21:15:30", "elapsed": 187.965998, "delta": 15.147001}}
{"target": -2.312466231077791, "params": {"C": 278.169506281517, "epsilon": 4.8830912871494725, "gamma": 0.1782007408348265, "lamda": 0.12684069154772426}, "datetime": {"datetime": "2021-09-19 21:15:44", "elapsed": 202.017002, "delta": 14.051004}}
{"target": -2.9903309000214215, "params": {"C": 278.02451569832334, "epsilon": 5.256422821472228, "gamma": 0.11990378229094183, "lamda": 0.023349087061040136}, "datetime": {"datetime": "2021-09-19 21:15:53", "elapsed": 211.083997, "delta": 9.066995}}
{"target": -5.15356240955103, "params": {"C": 235.18826090509594, "epsilon": 2.032593290031186, "gamma": 0.050777470832209855, "lamda": 0.049312263611858774}, "datetime": {"datetime": "2021-09-19 21:16:10", "elapsed": 227.336, "delta": 16.252003}}
{"target": 0.8847115312015452, "params": {"C": 164.49451328478472, "epsilon": 1.2986583727775156, "gamma": 0.14979692759616406, "lamda": 0.07275809467606695}, "datetime": {"datetime": "2021-09-19 21:16:10", "elapsed": 227.855001, "delta": 0.519001}}
{"target": -3.9178458638149856, "params": {"C": 202.23016577782505, "epsilon": 6.149056153932186, "gamma": 0.10494638303007076, "lamda": 0.09543993630607386}, "datetime": {"datetime": "2021-09-19 21:16:19", "elapsed": 236.723997, "delta": 8.868996}}
{"target": -3.098269188175464, "params": {"C": 164.55491623754503, "epsilon": 1.4215100190035532, "gamma": 0.11681219206451894, "lamda": 0.1173157674879172}, "datetime": {"datetime": "2021-09-19 21:16:28", "elapsed": 245.903998, "delta": 9.180001}}
{"target": -5.4973195142370255, "params": {"C": 158.14255756267715, "epsilon": 3.6775839459982964, "gamma": 0.07446916499651522, "lamda": 0.04526680305175236}, "datetime": {"datetime": "2021-09-19 21:16:37", "elapsed": 254.521115, "delta": 8.617117}}
{"target": 0.8778181046982997, "params": {"C": 164.33924453782174, "epsilon": 1.3109175918426437, "gamma": 0.1705848836866917, "lamda": 0.10457976538009545}, "datetime": {"datetime": "2021-09-19 21:16:37", "elapsed": 254.998757, "delta": 0.477642}}
{"target": 0.8660935444880746, "params": {"C": 278.1562388561556, "epsilon": 4.9013290507884975, "gamma": 0.18475757930252001, "lamda": 0.0008558363166841847}, "datetime": {"datetime": "2021-09-19 21:16:38", "elapsed": 255.507014, "delta": 0.508257}}
{"target": -2.7686543053095245, "params": {"C": 164.5242100551565, "epsilon": 1.1036901522512195, "gamma": 0.11109833704668297, "lamda": 0.12801728881142463}, "datetime": {"datetime": "2021-09-19 21:16:47", "elapsed": 264.311055, "delta": 8.804041}}
{"target": -2.848392852348711, "params": {"C": 164.38942701031814, "epsilon": 1.3271759503100746, "gamma": 0.11981300751714076, "lamda": 0.09124255100455904}, "datetime": {"datetime": "2021-09-19 21:16:56", "elapsed": 273.375543, "delta": 9.064488}}
{"target": -2.0314576889603613, "params": {"C": 208.88127405606, "epsilon": 8.955386540501483, "gamma": 0.1674512491185156, "lamda": 0.17561960883133607}, "datetime": {"datetime": "2021-09-19 21:17:05", "elapsed": 282.780759, "delta": 9.405216}}
{"target": 0.881368262973977, "params": {"C": 164.47360592805606, "epsilon": 1.2153667054947048, "gamma": 0.15780561796496825, "lamda": 0.07924075766050148}, "datetime": {"datetime": "2021-09-19 21:17:06", "elapsed": 283.278537, "delta": 0.497778}}
{"target": -6.608474567389486, "params": {"C": 273.899213577806, "epsilon": 7.634692238146916, "gamma": 0.03537656680452927, "lamda": 0.03814544555621288}, "datetime": {"datetime": "2021-09-19 21:17:16", "elapsed": 293.165795, "delta": 9.887258}}
{"target": -2.191746001298179, "params": {"C": 277.51187898345745, "epsilon": 4.726467541545202, "gamma": 0.18108683297240638, "lamda": 0.14754305345024596}, "datetime": {"datetime": "2021-09-19 21:17:29", "elapsed": 306.978501, "delta": 13.812706}}
{"target": 0.8741506150788385, "params": {"C": 164.5106610176159, "epsilon": 1.345568075875746, "gamma": 0.1849798654365242, "lamda": 0.06563971998544205}, "datetime": {"datetime": "2021-09-19 21:17:30", "elapsed": 307.501539, "delta": 0.523038}}
{"target": -4.798667794258662, "params": {"C": 253.94935232005622, "epsilon": 5.362682840420825, "gamma": 0.09212211889702007, "lamda": 0.05976374223128723}, "datetime": {"datetime": "2021-09-19 21:17:39", "elapsed": 316.335759, "delta": 8.83422}}
{"target": -2.6235054380399774, "params": {"C": 167.63414826480167, "epsilon": 1.5888481191295276, "gamma": 0.14394133832879213, "lamda": 0.17949164316089322}, "datetime": {"datetime": "2021-09-19 21:17:52", "elapsed": 329.420608, "delta": 13.084849}}
{"target": -5.88049909230915, "params": {"C": 292.46505889964186, "epsilon": 8.791288869726085, "gamma": 0.03755479449773286, "lamda": 0.15549780242820152}, "datetime": {"datetime": "2021-09-19 21:18:01", "elapsed": 338.56259, "delta": 9.141982}}
{"target": -6.085310900504593, "params": {"C": 278.1106932046972, "epsilon": 5.189722951142673, "gamma": 0.045188421155886935, "lamda": 0.030962805482412824}, "datetime": {"datetime": "2021-09-19 21:18:16", "elapsed": 353.730278, "delta": 15.167688}}
{"target": 0.8798431207261365, "params": {"C": 164.1327364333241, "epsilon": 1.2121418647516922, "gamma": 0.1627807449281388, "lamda": 0.04992868026907192}, "datetime": {"datetime": "2021-09-19 21:18:17", "elapsed": 354.258276, "delta": 0.527998}}
{"target": 0.8749770071244346, "params": {"C": 164.70261832123788, "epsilon": 1.3558942733419175, "gamma": 0.1823310635085061, "lamda": 0.007579602649715609}, "datetime": {"datetime": "2021-09-19 21:18:17", "elapsed": 354.796277, "delta": 0.538001}}
{"target": -5.106600924092672, "params": {"C": 237.71961718631673, "epsilon": 1.757356342660334, "gamma": 0.03085477004136919, "lamda": 0.15977231369025663}, "datetime": {"datetime": "2021-09-19 21:18:32", "elapsed": 369.281274, "delta": 14.484997}}
{"target": -5.031673245924851, "params": {"C": 272.70968728236613, "epsilon": 2.075079417964458, "gamma": 0.0808422548281758, "lamda": 0.0666804676567891}, "datetime": {"datetime": "2021-09-19 21:18:40", "elapsed": 378.079276, "delta": 8.798002}}
{"target": 0.8778473564281821, "params": {"C": 164.14931089512274, "epsilon": 1.2698542703222755, "gamma": 0.1705462924934379, "lamda": 0.029329729428015174}, "datetime": {"datetime": "2021-09-19 21:18:41", "elapsed": 378.578277, "delta": 0.499001}}
{"target": 0.8697586568442539, "params": {"C": 278.27708969797675, "epsilon": 4.861974246463045, "gamma": 0.17504316576789578, "lamda": 0.02935888661955706}, "datetime": {"datetime": "2021-09-19 21:18:42", "elapsed": 379.146277, "delta": 0.568}}
{"target": -4.841992160526808, "params": {"C": 189.8759160629671, "epsilon": 3.5766692305550074, "gamma": 0.0886911878677283, "lamda": 0.06141800954829665}, "datetime": {"datetime": "2021-09-19 21:18:50", "elapsed": 387.906279, "delta": 8.760002}}
{"target": 0.8819994946721935, "params": {"C": 163.94635845400512, "epsilon": 1.236775722374935, "gamma": 0.15659227519124405, "lamda": 0.03529868531972422}, "datetime": {"datetime": "2021-09-19 21:18:51", "elapsed": 388.467279, "delta": 0.561}}
{"target": -3.849572504162796, "params": {"C": 254.3563091098784, "epsilon": 6.205479563937827, "gamma": 0.09746535906719235, "lamda": 0.03136515398942118}, "datetime": {"datetime": "2021-09-19 21:19:00", "elapsed": 397.26228, "delta": 8.795001}}
{"target": -4.294315006636784, "params": {"C": 164.03209152991573, "epsilon": 1.1425758263935846, "gamma": 0.08184421822063656, "lamda": 0.09747898971850559}, "datetime": {"datetime": "2021-09-19 21:19:09", "elapsed": 407.026276, "delta": 9.763996}}
{"target": -2.666659955367364, "params": {"C": 167.68092117086337, "epsilon": 1.6521060445201485, "gamma": 0.14298001626198775, "lamda": 0.16495522084528985}, "datetime": {"datetime": "2021-09-19 21:19:23", "elapsed": 420.946277, "delta": 13.920001}}
{"target": -4.802813816167739, "params": {"C": 164.08512650968845, "epsilon": 1.3492611633438982, "gamma": 0.07373804670481793, "lamda": 0.09518592915419762}, "datetime": {"datetime": "2021-09-19 21:19:33", "elapsed": 430.381279, "delta": 9.435002}}
{"target": -3.931551881128044, "params": {"C": 164.6833427202233, "epsilon": 1.391802416424208, "gamma": 0.09218900528511415, "lamda": 0.14606668620747107}, "datetime": {"datetime": "2021-09-19 21:19:42", "elapsed": 440.087276, "delta": 9.705997}}
{"target": 0.8731957539761637, "params": {"C": 164.29751093334798, "epsilon": 1.2383999446385299, "gamma": 0.1890247412119694, "lamda": 0.047659268724567584}, "datetime": {"datetime": "2021-09-19 21:19:43", "elapsed": 440.666278, "delta": 0.579002}}
{"target": -4.007757074395473, "params": {"C": 228.8165877881662, "epsilon": 4.209905540686269, "gamma": 0.01796051681838802, "lamda": 0.024082724181952266}, "datetime": {"datetime": "2021-09-19 21:19:58", "elapsed": 455.768038, "delta": 15.10176}}
{"target": 0.8648065150594011, "params": {"C": 278.2408942597784, "epsilon": 5.373750928465318, "gamma": 0.19557095432033683, "lamda": 0.0937750064100479}, "datetime": {"datetime": "2021-09-19 21:19:59", "elapsed": 456.328674, "delta": 0.560636}}
{"target": -5.270586148557242, "params": {"C": 278.3727213425526, "epsilon": 4.872958118458256, "gamma": 0.021488069875652892, "lamda": 0.12619818123363158}, "datetime": {"datetime": "2021-09-19 21:20:15", "elapsed": 472.397287, "delta": 16.068613}}
{"target": 0.8757752690155634, "params": {"C": 164.34890899412594, "epsilon": 1.1740064109638029, "gamma": 0.17993775130435238, "lamda": 0.14674144897575114}, "datetime": {"datetime": "2021-09-19 21:20:15", "elapsed": 473.000679, "delta": 0.603392}}
{"target": 0.8898400436453584, "params": {"C": 164.69471790455745, "epsilon": 1.2367253996642906, "gamma": 0.13791776997613467, "lamda": 0.1149672985691234}, "datetime": {"datetime": "2021-09-19 21:20:16", "elapsed": 473.601674, "delta": 0.600995}}
{"target": 0.890675500458468, "params": {"C": 164.8238558363174, "epsilon": 1.2025369512267063, "gamma": 0.13631396117116779, "lamda": 0.12762280448186172}, "datetime": {"datetime": "2021-09-19 21:20:17", "elapsed": 474.249678, "delta": 0.648004}}
{"target": -5.1780441555044225, "params": {"C": 164.8439990139431, "epsilon": 1.233139351043719, "gamma": 0.05068678097242467, "lamda": 0.19667151788477585}, "datetime": {"datetime": "2021-09-19 21:20:25", "elapsed": 482.987679, "delta": 8.738001}}
{"target": -4.7779125039157275, "params": {"C": 164.20590836947642, "epsilon": 1.1689420431867954, "gamma": 0.0781521769457643, "lamda": 0.05239156359215914}, "datetime": {"datetime": "2021-09-19 21:20:35", "elapsed": 492.449676, "delta": 9.461997}}
{"target": -2.3882820677738654, "params": {"C": 292.57578401862304, "epsilon": 4.141926267287079, "gamma": 0.1680398993564698, "lamda": 0.08714184526093684}, "datetime": {"datetime": "2021-09-19 21:20:44", "elapsed": 501.198677, "delta": 8.749001}}
{"target": -2.5405714100709087, "params": {"C": 218.0439979892319, "epsilon": 6.029271674015497, "gamma": 0.15810882661491826, "lamda": 0.06658691776200273}, "datetime": {"datetime": "2021-09-19 21:20:59", "elapsed": 516.806677, "delta": 15.608}}
{"target": -4.0032015860833186, "params": {"C": 181.6398128378324, "epsilon": 2.562019442923821, "gamma": 0.110828433643082, "lamda": 0.10783955923594497}, "datetime": {"datetime": "2021-09-19 21:21:08", "elapsed": 525.247677, "delta": 8.441}}
{"target": -5.391848694454256, "params": {"C": 237.55945178925916, "epsilon": 1.2611836062276736, "gamma": 0.043308321453998336, "lamda": 0.18467817171686124}, "datetime": {"datetime": "2021-09-19 21:21:24", "elapsed": 541.726676, "delta": 16.478999}}
{"target": -2.4763471868346754, "params": {"C": 225.75607624663826, "epsilon": 5.893180599620022, "gamma": 0.1613548274807491, "lamda": 0.11276635624264818}, "datetime": {"datetime": "2021-09-19 21:21:37", "elapsed": 554.141678, "delta": 12.415002}}
{"target": 0.8964348450797883, "params": {"C": 164.8376853941354, "epsilon": 1.2852542568465584, "gamma": 0.11457593084101443, "lamda": 0.029946302060043287}, "datetime": {"datetime": "2021-09-19 21:21:37", "elapsed": 554.761677, "delta": 0.619999}}
{"target": -7.115730619275855, "params": {"C": 271.1091291525488, "epsilon": 8.693258020398224, "gamma": 0.045616085132696826, "lamda": 0.027120313313733466}, "datetime": {"datetime": "2021-09-19 21:21:46", "elapsed": 563.231676, "delta": 8.469999}}
{"target": -2.921372784547791, "params": {"C": 164.8125327694656, "epsilon": 1.1324004727563088, "gamma": 0.1078745820639487, "lamda": 0.09706934864699988}, "datetime": {"datetime": "2021-09-19 21:21:55", "elapsed": 572.206677, "delta": 8.975001}}
{"target": 0.8714125886702336, "params": {"C": 164.05039222400177, "epsilon": 1.2096361588724378, "gamma": 0.19606379849982564, "lamda": 0.09296233277295973}, "datetime": {"datetime": "2021-09-19 21:21:55", "elapsed": 572.862676, "delta": 0.655999}}
{"target": 0.8757807649322012, "params": {"C": 164.7569591601291, "epsilon": 1.2002350301802278, "gamma": 0.17983652982945864, "lamda": 0.08971493559393838}, "datetime": {"datetime": "2021-09-19 21:21:56", "elapsed": 573.482678, "delta": 0.620002}}
{"target": -5.31670663742227, "params": {"C": 224.25296071209874, "epsilon": 6.350796851168882, "gamma": 0.07195229462257002, "lamda": 0.15815378664668134}, "datetime": {"datetime": "2021-09-19 21:22:05", "elapsed": 583.053678, "delta": 9.571}}
{"target": -4.962032791322202, "params": {"C": 175.0550197448577, "epsilon": 5.333827346801606, "gamma": 0.0793687061077773, "lamda": 0.008081296063520788}, "datetime": {"datetime": "2021-09-19 21:22:21", "elapsed": 598.626679, "delta": 15.573001}}
{"target": -7.056800226636602, "params": {"C": 192.7744596459945, "epsilon": 9.668104139049778, "gamma": 0.03983724283755509, "lamda": 0.10759665551650749}, "datetime": {"datetime": "2021-09-19 21:22:32", "elapsed": 609.753675, "delta": 11.126996}}
{"target": -5.645807788235898, "params": {"C": 264.2421185239232, "epsilon": 8.714449352031663, "gamma": 0.06274647693915897, "lamda": 0.11478211900720016}, "datetime": {"datetime": "2021-09-19 21:22:42", "elapsed": 619.197677, "delta": 9.444002}}
{"target": -7.122973039434484, "params": {"C": 181.64346149945825, "epsilon": 7.754074284930483, "gamma": 0.05054194763587256, "lamda": 0.04860459230139628}, "datetime": {"datetime": "2021-09-19 21:22:56", "elapsed": 633.894678, "delta": 14.697001}}
{"target": -2.463698836470609, "params": {"C": 278.32370035855257, "epsilon": 5.203316209628791, "gamma": 0.16867721334189306, "lamda": 0.14278526871275832}, "datetime": {"datetime": "2021-09-19 21:23:11", "elapsed": 648.970677, "delta": 15.075999}}
{"target": -2.262417370457108, "params": {"C": 233.12403160384716, "epsilon": 5.18783597110504, "gamma": 0.1837741021655375, "lamda": 0.1374833159109056}, "datetime": {"datetime": "2021-09-19 21:23:27", "elapsed": 664.687617, "delta": 15.71694}}
{"target": 0.8938123327524319, "params": {"C": 164.64624051392352, "epsilon": 1.2564971240188565, "gamma": 0.12778923471757186, "lamda": 0.060981072322257544}, "datetime": {"datetime": "2021-09-19 21:23:28", "elapsed": 665.337619, "delta": 0.650002}}
{"target": -5.2615364224571195, "params": {"C": 278.1924815662471, "epsilon": 5.379574823655365, "gamma": 0.03976884730093052, "lamda": 0.14096295851018012}, "datetime": {"datetime": "2021-09-19 21:23:41", "elapsed": 678.530447, "delta": 13.192828}}
{"target": -3.3936221173151218, "params": {"C": 278.3490021360575, "epsilon": 5.465527457170353, "gamma": 0.12499717208365588, "lamda": 0.1369129694802142}, "datetime": {"datetime": "2021-09-19 21:23:50", "elapsed": 687.512474, "delta": 8.982027}}
{"target": 0.8963168965281266, "params": {"C": 164.681177401622, "epsilon": 1.3839320376499964, "gamma": 0.11120215626086379, "lamda": 0.006651852215833109}, "datetime": {"datetime": "2021-09-19 21:23:51", "elapsed": 688.160321, "delta": 0.647847}}
{"target": 0.8725457781776905, "params": {"C": 164.03944813826013, "epsilon": 1.3393352217161762, "gamma": 0.1918179824981909, "lamda": 0.051473798477994756}, "datetime": {"datetime": "2021-09-19 21:23:51", "elapsed": 688.894077, "delta": 0.733756}}
{"target": 0.870344850916717, "params": {"C": 164.55042154453915, "epsilon": 1.2659015445957134, "gamma": 0.2, "lamda": 5e-06}, "datetime": {"datetime": "2021-09-19 21:23:52", "elapsed": 689.588077, "delta": 0.694}}
{"target": -5.325287179217647, "params": {"C": 163.81687656100402, "epsilon": 1.2152876124693062, "gamma": 0.06464214571721237, "lamda": 0.02237282012150476}, "datetime": {"datetime": "2021-09-19 21:23:58", "elapsed": 696.018665, "delta": 6.430588}}
{"target": 0.8835741421198139, "params": {"C": 159.4762217685327, "epsilon": 1.086377802373157, "gamma": 0.15396011165442025, "lamda": 0.004837214302992305}, "datetime": {"datetime": "2021-09-19 21:23:59", "elapsed": 696.674248, "delta": 0.655583}}
{"target": 0.8831339631312889, "params": {"C": 163.90492439298805, "epsilon": 1.3576276500278088, "gamma": 0.15312350220704224, "lamda": 0.08437370859173818}, "datetime": {"datetime": "2021-09-19 21:24:00", "elapsed": 697.327491, "delta": 0.653243}}
{"target": -5.086062583144747, "params": {"C": 159.72221412060745, "epsilon": 0.9334073969855756, "gamma": 0.052741739162583366, "lamda": 0.04564457653349801}, "datetime": {"datetime": "2021-09-19 21:24:09", "elapsed": 706.209512, "delta": 8.882021}}
