{"target": -5.840754365086172, "params": {"C": 82.37907501965286, "epsilon": 12.013047126073872, "gamma": 0.036588813340929754, "lamda": 1.339570810004127}, "datetime": {"datetime": "2021-09-19 23:13:05", "elapsed": 4295.452058, "delta": 16.176001}}
{"target": -4.753560832528375, "params": {"C": 67.43321346800411, "epsilon": 12.503349595324998, "gamma": 0.02670711944181251, "lamda": 0.04200120661510951}, "datetime": {"datetime": "2021-09-19 23:13:22", "elapsed": 4312.385057, "delta": 16.932999}}
{"target": -3.3988472732279478, "params": {"C": 78.06993031785018, "epsilon": 14.166747622324188, "gamma": 0.01996619634030245, "lamda": 1.0269653049598175}, "datetime": {"datetime": "2021-09-19 23:13:32", "elapsed": 4322.627058, "delta": 10.242001}}
{"target": -2.6438640584722233, "params": {"C": 79.95335130885971, "epsilon": 11.966932143124463, "gamma": 0.0765978304206075, "lamda": 0.025199370720697323}, "datetime": {"datetime": "2021-09-19 23:13:50", "elapsed": 4340.413753, "delta": 17.786695}}
{"target": -4.317565572981637, "params": {"C": 88.18157753668741, "epsilon": 11.727737795174612, "gamma": 0.06258122349780984, "lamda": 1.3116535716547875}, "datetime": {"datetime": "2021-09-19 23:14:06", "elapsed": 4356.257185, "delta": 15.843432}}
{"target": -3.2998306129399753, "params": {"C": 99.34054145102607, "epsilon": 15.621735084861102, "gamma": 0.06117800534792899, "lamda": 0.12436397546239866}, "datetime": {"datetime": "2021-09-19 23:14:23", "elapsed": 4373.384589, "delta": 17.127404}}
{"target": -4.542536888206835, "params": {"C": 80.15316655193129, "epsilon": 11.753738581178492, "gamma": 0.031063986221687614, "lamda": 0.025597885696309972}, "datetime": {"datetime": "2021-09-19 23:14:37", "elapsed": 4388.027622, "delta": 14.643033}}
{"target": 0.9081607551277308, "params": {"C": 67.29826817481971, "epsilon": 12.571755513616898, "gamma": 0.05699061558320824, "lamda": 0.05199242694463251}, "datetime": {"datetime": "2021-09-19 23:14:41", "elapsed": 4391.832622, "delta": 3.805}}
{"target": -2.1530104263320036, "params": {"C": 68.27188093832369, "epsilon": 10.485232105920822, "gamma": 0.07747212252055376, "lamda": 0.18742192121633106}, "datetime": {"datetime": "2021-09-19 23:14:55", "elapsed": 4405.355625, "delta": 13.523003}}
{"target": -4.808875644312412, "params": {"C": 68.57167031958699, "epsilon": 11.587748176304135, "gamma": 0.05722258015945458, "lamda": 1.2511751583885922}, "datetime": {"datetime": "2021-09-19 23:15:11", "elapsed": 4421.311624, "delta": 15.955999}}
{"target": -2.7509990353251874, "params": {"C": 95.47173085761115, "epsilon": 14.35319469919073, "gamma": 0.08154070655496325, "lamda": 0.1570741139576814}, "datetime": {"datetime": "2021-09-19 23:15:26", "elapsed": 4436.626106, "delta": 15.314482}}
{"target": 0.9018976872177631, "params": {"C": 68.59634261931048, "epsilon": 10.143041366291957, "gamma": 0.07691551574703223, "lamda": 0.04562768005703309}, "datetime": {"datetime": "2021-09-19 23:15:30", "elapsed": 4440.938567, "delta": 4.312461}}
{"target": -4.028573879067459, "params": {"C": 68.22941293448233, "epsilon": 10.232504500287991, "gamma": 0.05449055263085967, "lamda": 0.32756901286924045}, "datetime": {"datetime": "2021-09-19 23:15:43", "elapsed": 4453.284929, "delta": 12.346362}}
{"target": -4.309610083118935, "params": {"C": 86.8958618487567, "epsilon": 12.77080654607198, "gamma": 0.08380899698687105, "lamda": 1.1970097810118918}, "datetime": {"datetime": "2021-09-19 23:15:59", "elapsed": 4469.449639, "delta": 16.16471}}
{"target": -5.356692477710333, "params": {"C": 76.53176527813984, "epsilon": 16.545778931670966, "gamma": 0.022035784145851257, "lamda": 0.05058575394741814}, "datetime": {"datetime": "2021-09-19 23:16:14", "elapsed": 4484.834638, "delta": 15.384999}}
{"target": -5.032629242885917, "params": {"C": 99.8290153736481, "epsilon": 10.908255005197857, "gamma": 0.04852081775799909, "lamda": 0.10377913005408453}, "datetime": {"datetime": "2021-09-19 23:16:30", "elapsed": 4500.745639, "delta": 15.911001}}
{"target": 0.8994908086139325, "params": {"C": 67.47067815409464, "epsilon": 12.607276218027948, "gamma": 0.0851026782635779, "lamda": 0.006221719922483154}, "datetime": {"datetime": "2021-09-19 23:16:34", "elapsed": 4505.073639, "delta": 4.328}}
{"target": 0.9044606813160441, "params": {"C": 80.82382667282813, "epsilon": 10.20740985462313, "gamma": 0.07297974867272256, "lamda": 0.08706504320126277}, "datetime": {"datetime": "2021-09-20 08:49:38", "elapsed": 0.0, "delta": 0.0}}
{"target": -4.8707624822189395, "params": {"C": 80.29250527097463, "epsilon": 12.642678568030993, "gamma": 0.052278918042270556, "lamda": 0.1238545739991664}, "datetime": {"datetime": "2021-09-20 08:49:49", "elapsed": 10.288023, "delta": 10.288023}}
{"target": -2.5662535710837098, "params": {"C": 76.18825890493379, "epsilon": 12.134618200822933, "gamma": 0.0772680299661577, "lamda": 0.10582888971331354}, "datetime": {"datetime": "2021-09-20 08:49:57", "elapsed": 18.233213, "delta": 7.94519}}
{"target": -5.888360867706278, "params": {"C": 70.57571814172775, "epsilon": 14.108624970125971, "gamma": 0.05106639193881492, "lamda": 0.15706724422818688}, "datetime": {"datetime": "2021-09-20 08:50:11", "elapsed": 32.349998, "delta": 14.116785}}
{"target": 0.8993232982528876, "params": {"C": 95.03515994974262, "epsilon": 13.953894699055422, "gamma": 0.09079368912144808, "lamda": 0.01593001575633519}, "datetime": {"datetime": "2021-09-20 08:50:11", "elapsed": 32.627999, "delta": 0.278001}}
{"target": -2.456976098898254, "params": {"C": 83.17836706413793, "epsilon": 10.522292035095024, "gamma": 0.06568733965584336, "lamda": 0.019307086601206853}, "datetime": {"datetime": "2021-09-20 08:50:20", "elapsed": 41.536239, "delta": 8.90824}}
{"target": 0.9044923881810926, "params": {"C": 70.32343903784343, "epsilon": 14.773962471828767, "gamma": 0.05356072003625416, "lamda": 0.021390029916312284}, "datetime": {"datetime": "2021-09-20 08:50:20", "elapsed": 41.862363, "delta": 0.326124}}
{"target": 0.9018202340751132, "params": {"C": 73.49041104039902, "epsilon": 12.798610280026395, "gamma": 0.06806724907493802, "lamda": 0.040349443509766804}, "datetime": {"datetime": "2021-09-20 08:50:21", "elapsed": 42.236896, "delta": 0.374533}}
{"target": -1.697492230437292, "params": {"C": 87.7738286573071, "epsilon": 13.864558684414014, "gamma": 0.07031420320111295, "lamda": 0.07737914333106075}, "datetime": {"datetime": "2021-09-20 08:50:30", "elapsed": 51.256987, "delta": 9.020091}}
{"target": -5.737893582338054, "params": {"C": 92.98367345101362, "epsilon": 14.640033431022452, "gamma": 0.04973791591013883, "lamda": 0.14015076856908465}, "datetime": {"datetime": "2021-09-20 08:50:40", "elapsed": 61.944858, "delta": 10.687871}}
{"target": -3.2358914414348208, "params": {"C": 93.0824069553012, "epsilon": 14.098637020298735, "gamma": 0.06238079394234093, "lamda": 0.15739688823443712}, "datetime": {"datetime": "2021-09-20 08:50:50", "elapsed": 71.663944, "delta": 9.719086}}
{"target": -3.129289431814729, "params": {"C": 66.51934742431087, "epsilon": 13.60085719017517, "gamma": 0.07111872665682031, "lamda": 0.0115823974573502}, "datetime": {"datetime": "2021-09-20 08:51:06", "elapsed": 87.072335, "delta": 15.408391}}
{"target": -1.7113419953834135, "params": {"C": 72.77428361977316, "epsilon": 14.34168436811551, "gamma": 0.06522966850687559, "lamda": 0.040086446162991805}, "datetime": {"datetime": "2021-09-20 08:51:15", "elapsed": 96.390463, "delta": 9.318128}}
{"target": 0.9059307483239003, "params": {"C": 70.24259754437314, "epsilon": 14.987111984275977, "gamma": 0.05435840333479213, "lamda": 1e-06}, "datetime": {"datetime": "2021-09-20 08:51:15", "elapsed": 96.899279, "delta": 0.508816}}
{"target": -2.7918956060133957, "params": {"C": 75.85619894131113, "epsilon": 12.662319677334487, "gamma": 0.062138141635086505, "lamda": 0.1442290779831061}, "datetime": {"datetime": "2021-09-20 08:51:31", "elapsed": 112.507131, "delta": 15.607852}}
{"target": 0.8998999010151566, "params": {"C": 67.94851875682795, "epsilon": 12.021836727282569, "gamma": 0.08140683365868201, "lamda": 0.12346564648903331}, "datetime": {"datetime": "2021-09-20 08:51:31", "elapsed": 112.970129, "delta": 0.462998}}
{"target": 0.9047302250078817, "params": {"C": 80.32729828188882, "epsilon": 10.09549249152747, "gamma": 0.05396647907534541, "lamda": 0.03522181047873177}, "datetime": {"datetime": "2021-09-20 08:51:32", "elapsed": 113.579318, "delta": 0.609189}}
{"target": -1.503808851596188, "params": {"C": 80.41611132266888, "epsilon": 10.714466005114716, "gamma": 0.08163666863603453, "lamda": 0.1208158805077586}, "datetime": {"datetime": "2021-09-20 08:51:42", "elapsed": 123.123012, "delta": 9.543694}}
{"target": -3.3845188213246233, "params": {"C": 90.45286487107992, "epsilon": 13.713498199485468, "gamma": 0.05590657382108761, "lamda": 0.1447553841849708}, "datetime": {"datetime": "2021-09-20 08:51:55", "elapsed": 136.704653, "delta": 13.581641}}
{"target": 0.8977470707468501, "params": {"C": 95.55715199118919, "epsilon": 13.762130829987765, "gamma": 0.0991931391642225, "lamda": 0.002309152533243398}, "datetime": {"datetime": "2021-09-20 08:51:56", "elapsed": 137.595433, "delta": 0.89078}}
{"target": -3.8141702714504833, "params": {"C": 92.64005070031733, "epsilon": 10.07137572615805, "gamma": 0.04973553477251567, "lamda": 0.016512788441052764}, "datetime": {"datetime": "2021-09-20 08:52:05", "elapsed": 146.971851, "delta": 9.376418}}
{"target": 0.8970138846063866, "params": {"C": 95.10023528332944, "epsilon": 13.325112219019024, "gamma": 0.1, "lamda": 1e-06}, "datetime": {"datetime": "2021-09-20 08:52:06", "elapsed": 147.812051, "delta": 0.8402}}
{"target": -2.2561041947610807, "params": {"C": 68.2563413163415, "epsilon": 11.409327414311301, "gamma": 0.08663507609197431, "lamda": 0.1558123571545812}, "datetime": {"datetime": "2021-09-20 08:52:21", "elapsed": 162.309391, "delta": 14.49734}}
{"target": -5.642783422115273, "params": {"C": 68.02045638220444, "epsilon": 12.633769930374665, "gamma": 0.04153957557983199, "lamda": 0.13947774409138092}, "datetime": {"datetime": "2021-09-20 08:52:30", "elapsed": 171.752395, "delta": 9.443004}}
{"target": -5.074958325977692, "params": {"C": 94.78951483864415, "epsilon": 13.57191704645329, "gamma": 0.05499339644246773, "lamda": 0.18941370264943289}, "datetime": {"datetime": "2021-09-20 08:52:40", "elapsed": 181.169389, "delta": 9.416994}}
{"target": -3.2995027978854052, "params": {"C": 85.30933913848841, "epsilon": 11.290604875815735, "gamma": 0.05408537564067996, "lamda": 0.04930924978178526}, "datetime": {"datetime": "2021-09-20 08:52:48", "elapsed": 189.86839, "delta": 8.699001}}
{"target": 0.8970361590066507, "params": {"C": 95.27302171513745, "epsilon": 13.658945973941044, "gamma": 0.1, "lamda": 1e-06}, "datetime": {"datetime": "2021-09-20 08:52:49", "elapsed": 190.587395, "delta": 0.719005}}
{"target": -3.043919176435181, "params": {"C": 77.83883757630701, "epsilon": 14.757099919100789, "gamma": 0.07075273324002178, "lamda": 0.09543784505251865}, "datetime": {"datetime": "2021-09-20 08:53:03", "elapsed": 204.108394, "delta": 13.520999}}
{"target": -3.870078008611358, "params": {"C": 80.36075907172551, "epsilon": 10.105320805969935, "gamma": 0.040577970844744946, "lamda": 0.038966511423219365}, "datetime": {"datetime": "2021-09-20 08:53:11", "elapsed": 212.593389, "delta": 8.484995}}
{"target": 0.9068198838660565, "params": {"C": 67.84564638087349, "epsilon": 12.675860165051198, "gamma": 0.06137512769123545, "lamda": 0.04526370831044487}, "datetime": {"datetime": "2021-09-20 08:53:11", "elapsed": 213.052941, "delta": 0.459552}}
{"target": -6.0054783879105145, "params": {"C": 83.51664413430095, "epsilon": 15.127025947736467, "gamma": 0.04135649074272508, "lamda": 0.05500622353621896}, "datetime": {"datetime": "2021-09-20 08:53:21", "elapsed": 222.453938, "delta": 9.400997}}
{"target": 0.8954819443789515, "params": {"C": 78.90787467699313, "epsilon": 11.17845962866635, "gamma": 0.08880210368107919, "lamda": 0.09797477176930872}, "datetime": {"datetime": "2021-09-20 08:53:21", "elapsed": 223.039938, "delta": 0.586}}
{"target": -2.449731437847206, "params": {"C": 92.91668329298817, "epsilon": 10.750230303841589, "gamma": 0.08289004566981902, "lamda": 0.14965948786085395}, "datetime": {"datetime": "2021-09-20 08:53:31", "elapsed": 232.213942, "delta": 9.174004}}
{"target": -2.7919269407127163, "params": {"C": 87.32675553990579, "epsilon": 16.55493918342763, "gamma": 0.09436886641167488, "lamda": 0.1307377226204784}, "datetime": {"datetime": "2021-09-20 08:53:45", "elapsed": 246.662935, "delta": 14.448993}}
{"target": -2.667264462714089, "params": {"C": 79.3464221193736, "epsilon": 17.120325507790724, "gamma": 0.08998499972877402, "lamda": 0.17561912121132217}, "datetime": {"datetime": "2021-09-20 08:54:00", "elapsed": 261.710937, "delta": 15.048002}}
{"target": 0.9034144092792533, "params": {"C": 66.61339793070346, "epsilon": 14.044706955691797, "gamma": 0.0682381421930936, "lamda": 0.04000573138797791}, "datetime": {"datetime": "2021-09-20 08:54:01", "elapsed": 262.419936, "delta": 0.708999}}
{"target": -3.786903869498535, "params": {"C": 94.08382174430268, "epsilon": 16.008161884755296, "gamma": 0.04934663593985516, "lamda": 0.038142208384194715}, "datetime": {"datetime": "2021-09-20 08:54:10", "elapsed": 271.463949, "delta": 9.044013}}
{"target": -2.2005143506443727, "params": {"C": 98.19734041895248, "epsilon": 12.112418235983068, "gamma": 0.09178777603994012, "lamda": 0.13889943395531276}, "datetime": {"datetime": "2021-09-20 08:54:23", "elapsed": 284.428781, "delta": 12.964832}}
{"target": -6.211423045276712, "params": {"C": 76.25432695386789, "epsilon": 15.542842767544693, "gamma": 0.04877873689879614, "lamda": 0.01193060099037458}, "datetime": {"datetime": "2021-09-20 08:54:32", "elapsed": 293.797784, "delta": 9.369003}}
{"target": -1.8906376027503629, "params": {"C": 89.56185319254607, "epsilon": 14.094890812985959, "gamma": 0.06680680581446771, "lamda": 0.05976093743601197}, "datetime": {"datetime": "2021-09-20 08:54:42", "elapsed": 303.096789, "delta": 9.299005}}
{"target": -2.4612966752509013, "params": {"C": 69.99707360668837, "epsilon": 10.91692473189855, "gamma": 0.08275118102424373, "lamda": 0.179491232983502}, "datetime": {"datetime": "2021-09-20 08:54:56", "elapsed": 317.483785, "delta": 14.386996}}
{"target": -7.296359768639833, "params": {"C": 98.29208001725215, "epsilon": 16.98213799555881, "gamma": 0.050016859845456264, "lamda": 0.15549691236199842}, "datetime": {"datetime": "2021-09-20 08:55:11", "elapsed": 332.408482, "delta": 14.924697}}
{"target": -1.3576734063076645, "params": {"C": 87.61975061578379, "epsilon": 15.497495736100133, "gamma": 0.09188139881430697, "lamda": 0.07146589850808517}, "datetime": {"datetime": "2021-09-20 08:55:20", "elapsed": 341.566517, "delta": 9.158035}}
{"target": -1.1833472949289123, "params": {"C": 93.80356793807505, "epsilon": 17.61940943841875, "gamma": 0.09915827526982972, "lamda": 0.1503971635905852}, "datetime": {"datetime": "2021-09-20 08:55:30", "elapsed": 351.088054, "delta": 9.521537}}
{"target": -3.441631426234026, "params": {"C": 88.87739874976191, "epsilon": 16.017983563490155, "gamma": 0.06452370574743771, "lamda": 0.15823953654742412}, "datetime": {"datetime": "2021-09-20 08:55:40", "elapsed": 361.969131, "delta": 10.881077}}
{"target": -4.630211160735724, "params": {"C": 85.88311322889845, "epsilon": 11.058826393819228, "gamma": 0.047955313858882825, "lamda": 0.1597715091164161}, "datetime": {"datetime": "2021-09-20 08:55:55", "elapsed": 377.041131, "delta": 15.072}}
{"target": -3.2966219923805244, "params": {"C": 93.81419578400299, "epsilon": 11.326382667759542, "gamma": 0.06333607840866948, "lamda": 0.0666778011994808}, "datetime": {"datetime": "2021-09-20 08:56:10", "elapsed": 391.217136, "delta": 14.176005}}
{"target": -4.6043409436659894, "params": {"C": 92.09749398767309, "epsilon": 11.678644746992916, "gamma": 0.04499772705500215, "lamda": 0.012624703730313231}, "datetime": {"datetime": "2021-09-20 08:56:19", "elapsed": 400.630132, "delta": 9.412996}}
{"target": -3.2538446217020898, "params": {"C": 91.46109010743062, "epsilon": 15.596915590780547, "gamma": 0.05928698991902705, "lamda": 0.1507888943508508}, "datetime": {"datetime": "2021-09-20 08:56:29", "elapsed": 410.839136, "delta": 10.209004}}
{"target": 0.9052210015118026, "params": {"C": 75.03854097427254, "epsilon": 12.590879352046322, "gamma": 0.06575113472853178, "lamda": 0.06141523783919489}, "datetime": {"datetime": "2021-09-20 08:56:30", "elapsed": 411.436131, "delta": 0.596995}}
{"target": -1.965170683114779, "params": {"C": 70.17384210479057, "epsilon": 10.959245792818965, "gamma": 0.08568263859077398, "lamda": 0.1634550332645893}, "datetime": {"datetime": "2021-09-20 08:56:45", "elapsed": 426.861132, "delta": 15.425001}}
{"target": -3.2167790698824863, "params": {"C": 89.65409673157244, "epsilon": 14.804614369631853, "gamma": 0.06845087971298226, "lamda": 0.031361781208181436}, "datetime": {"datetime": "2021-09-20 08:56:54", "elapsed": 435.643129, "delta": 8.781997}}
{"target": -3.2409896960317397, "params": {"C": 71.88180366277308, "epsilon": 12.712370139769707, "gamma": 0.056649181104968874, "lamda": 0.05232823457967343}, "datetime": {"datetime": "2021-09-20 08:57:03", "elapsed": 444.275131, "delta": 8.632002}}
{"target": -3.1642222776089044, "params": {"C": 71.839795918581, "epsilon": 12.947509214974819, "gamma": 0.07148888662401537, "lamda": 0.12461713979052641}, "datetime": {"datetime": "2021-09-20 08:57:12", "elapsed": 453.215136, "delta": 8.940005}}
{"target": -1.0768180022651652, "params": {"C": 93.34010939104431, "epsilon": 12.426137750668078, "gamma": 0.0984564889019059, "lamda": 0.13992016253833012}, "datetime": {"datetime": "2021-09-20 08:57:21", "elapsed": 462.585134, "delta": 9.369998}}
{"target": -5.479574529649433, "params": {"C": 96.74049687167805, "epsilon": 13.421166454646368, "gamma": 0.05199654674402546, "lamda": 0.0959397806212524}, "datetime": {"datetime": "2021-09-20 08:57:31", "elapsed": 472.308941, "delta": 9.723807}}
{"target": -3.2658049366624082, "params": {"C": 96.90847289547979, "epsilon": 11.366056379857248, "gamma": 0.06128958841512988, "lamda": 0.1634191608072432}, "datetime": {"datetime": "2021-09-20 08:57:45", "elapsed": 486.873924, "delta": 14.564983}}
{"target": -5.523299524131107, "params": {"C": 83.86509323198433, "epsilon": 13.124130981630543, "gamma": 0.04398785132873478, "lamda": 0.024079205748475066}, "datetime": {"datetime": "2021-09-20 08:57:54", "elapsed": 496.041477, "delta": 9.167553}}
{"target": -2.543019164819506, "params": {"C": 72.74703126629646, "epsilon": 10.42225767768661, "gamma": 0.08729850005917592, "lamda": 0.10031395827362508}, "datetime": {"datetime": "2021-09-20 08:58:06", "elapsed": 507.343747, "delta": 11.30227}}
{"target": -1.1194783494677951, "params": {"C": 86.99940378515532, "epsilon": 12.609074851260576, "gamma": 0.09434321681684046, "lamda": 0.1523688023361852}, "datetime": {"datetime": "2021-09-20 08:58:15", "elapsed": 516.514333, "delta": 9.170586}}
{"target": -1.9607162120924801, "params": {"C": 99.39984851572387, "epsilon": 16.294083765460496, "gamma": 0.06275132624360197, "lamda": 0.030786343733697576}, "datetime": {"datetime": "2021-09-20 08:58:24", "elapsed": 525.939338, "delta": 9.425005}}
{"target": -2.1507094057840255, "params": {"C": 69.98361905385292, "epsilon": 13.300347240896732, "gamma": 0.08996736588115042, "lamda": 0.167264957881435}, "datetime": {"datetime": "2021-09-20 08:58:38", "elapsed": 539.072338, "delta": 13.133}}
{"target": -1.1855694331921174, "params": {"C": 92.56744963713086, "epsilon": 11.13626327410241, "gamma": 0.09062073317815905, "lamda": 0.14324856484384915}, "datetime": {"datetime": "2021-09-20 08:58:47", "elapsed": 548.192338, "delta": 9.12}}
{"target": -3.300290776626487, "params": {"C": 79.17650947231171, "epsilon": 14.640523448881744, "gamma": 0.05418999156031191, "lamda": 0.04678027096805197}, "datetime": {"datetime": "2021-09-20 08:58:55", "elapsed": 556.952343, "delta": 8.760005}}
{"target": -2.8331561275806414, "params": {"C": 89.84633694730832, "epsilon": 11.612652125835924, "gamma": 0.057982374608444034, "lamda": 0.08162972420051189}, "datetime": {"datetime": "2021-09-20 08:59:08", "elapsed": 569.494333, "delta": 12.54199}}
{"target": -1.4065668151769448, "params": {"C": 98.3171777108879, "epsilon": 13.066885277715436, "gamma": 0.09016612287891378, "lamda": 0.08713958804141156}, "datetime": {"datetime": "2021-09-20 08:59:17", "elapsed": 578.928329, "delta": 9.433996}}
{"target": -1.2598934641805668, "params": {"C": 81.42330621089256, "epsilon": 14.656228778118313, "gamma": 0.08711040818920562, "lamda": 0.06658424943364977}, "datetime": {"datetime": "2021-09-20 08:59:27", "elapsed": 588.239338, "delta": 9.311009}}
{"target": -2.5307500400809726, "params": {"C": 73.17169090990868, "epsilon": 11.73643742562006, "gamma": 0.07256259496710216, "lamda": 0.10783771598104831}, "datetime": {"datetime": "2021-09-20 08:59:40", "elapsed": 601.856336, "delta": 13.616998}}
{"target": -4.6895008163902165, "params": {"C": 85.84680907223208, "epsilon": 10.64099672103383, "gamma": 0.05178717583199949, "lamda": 0.1846778652726345}, "datetime": {"datetime": "2021-09-20 08:59:55", "elapsed": 616.550336, "delta": 14.694}}
{"target": -2.646791767296854, "params": {"C": 83.17137728257134, "epsilon": 14.54162576810107, "gamma": 0.08810917768638435, "lamda": 0.11276461152615512}, "datetime": {"datetime": "2021-09-20 09:00:03", "elapsed": 624.795335, "delta": 8.244999}}
{"target": -2.1606291421649684, "params": {"C": 75.34945382741734, "epsilon": 10.429186961866604, "gamma": 0.0791652869566426, "lamda": 0.18656003878127114}, "datetime": {"datetime": "2021-09-20 09:00:19", "elapsed": 640.081337, "delta": 15.286002}}
