{"target": -5.457712844297505, "params": {"C": 89.1584091468526, "epsilon": 15.108895124856566, "gamma": 0.05228298388127283, "lamda": 0.1664903829339774}, "datetime": {"datetime": "2021-09-20 11:59:22", "elapsed": 4502.895756, "delta": 9.924515}}
{"target": -3.1551107691037226, "params": {"C": 94.85098636821618, "epsilon": 11.163144858904692, "gamma": 0.05485295966323848, "lamda": 0.09149350544288326}, "datetime": {"datetime": "2021-09-20 11:59:36", "elapsed": 4517.548751, "delta": 14.652995}}
{"target": -2.148759877787494, "params": {"C": 99.46468392162022, "epsilon": 16.104064449537184, "gamma": 0.05426023207714341, "lamda": 0.13297444851749377}, "datetime": {"datetime": "2021-09-20 11:59:47", "elapsed": 4527.700821, "delta": 10.15207}}
{"target": -5.4482386565511245, "params": {"C": 76.41116387786391, "epsilon": 12.886872436061743, "gamma": 0.04125423419727497, "lamda": 0.07408491129376868}, "datetime": {"datetime": "2021-09-20 11:59:57", "elapsed": 4538.228753, "delta": 10.527932}}
{"target": -5.237275140572649, "params": {"C": 71.91488680839647, "epsilon": 13.189188937785845, "gamma": 0.044649385983547965, "lamda": 0.07303236442705249}, "datetime": {"datetime": "2021-09-20 12:00:12", "elapsed": 4553.506512, "delta": 15.277759}}
{"target": -6.309551748561015, "params": {"C": 71.74085324812954, "epsilon": 17.03369084979204, "gamma": 0.04738413169814988, "lamda": 0.051166911875460346}, "datetime": {"datetime": "2021-09-20 12:00:23", "elapsed": 4564.243071, "delta": 10.736559}}
{"target": -7.951525798055368, "params": {"C": 97.99663013989294, "epsilon": 21.679507237481943, "gamma": 0.05680143581796858, "lamda": 0.1870913343044227}, "datetime": {"datetime": "2021-09-20 12:00:34", "elapsed": 4575.56031, "delta": 11.317239}}
{"target": -8.447102505720746, "params": {"C": 91.5810063466664, "epsilon": 21.19239215056332, "gamma": 0.04929151493203984, "lamda": 0.16063419859534306}, "datetime": {"datetime": "2021-09-20 12:00:51", "elapsed": 4592.14106, "delta": 16.58075}}
{"target": -3.2390281362117133, "params": {"C": 98.72045197141165, "epsilon": 13.856085604695785, "gamma": 0.057118636002322545, "lamda": 0.06347112473756128}, "datetime": {"datetime": "2021-09-20 12:01:09", "elapsed": 4610.052278, "delta": 17.911218}}
{"target": -5.161601062621715, "params": {"C": 76.46312094302257, "epsilon": 12.851640865933273, "gamma": 0.04435462234526409, "lamda": 0.06545964471926063}, "datetime": {"datetime": "2021-09-20 12:01:25", "elapsed": 4626.464544, "delta": 16.412266}}
{"target": 0.9035392783459065, "params": {"C": 68.18627493867191, "epsilon": 10.673303180878676, "gamma": 0.04632287800236569, "lamda": 0.0019124768742819682}, "datetime": {"datetime": "2021-09-20 12:01:27", "elapsed": 4628.357578, "delta": 1.893034}}
{"target": 0.9077275708144131, "params": {"C": 69.85119894499275, "epsilon": 11.900649366996914, "gamma": 0.055410038110071336, "lamda": 0.06879568330562422}, "datetime": {"datetime": "2021-09-20 12:01:30", "elapsed": 4630.698892, "delta": 2.341314}}
{"target": -5.186845239767079, "params": {"C": 68.5894839319113, "epsilon": 11.980563851886474, "gamma": 0.05101666115706249, "lamda": 0.11745324088162289}, "datetime": {"datetime": "2021-09-20 12:01:47", "elapsed": 4647.718547, "delta": 17.019655}}
{"target": -7.100252480778684, "params": {"C": 86.59267694018992, "epsilon": 18.067518611211984, "gamma": 0.04739460651405761, "lamda": 0.11362601183569554}, "datetime": {"datetime": "2021-09-20 12:02:03", "elapsed": 4663.599916, "delta": 15.881369}}
{"target": -6.528185417935546, "params": {"C": 92.0890032495455, "epsilon": 15.802709204879855, "gamma": 0.05042445494413141, "lamda": 0.16082516958136847}, "datetime": {"datetime": "2021-09-20 12:02:19", "elapsed": 4679.604549, "delta": 16.004633}}
{"target": -7.583901179721773, "params": {"C": 75.68097769614783, "epsilon": 19.841659056822877, "gamma": 0.05743543568123205, "lamda": 0.15110880191513884}, "datetime": {"datetime": "2021-09-20 12:02:34", "elapsed": 4695.522131, "delta": 15.917582}}
{"target": -6.101598218084949, "params": {"C": 86.7948104932397, "epsilon": 15.684967308609778, "gamma": 0.05031623157814708, "lamda": 0.1884345567311139}, "datetime": {"datetime": "2021-09-20 12:02:50", "elapsed": 4711.253914, "delta": 15.731783}}
{"target": -4.364239757866483, "params": {"C": 67.38111467154826, "epsilon": 13.715244556475975, "gamma": 0.05769696402571701, "lamda": 0.00802217764658432}, "datetime": {"datetime": "2021-09-20 12:02:58", "elapsed": 4718.568911, "delta": 7.314997}}
{"target": -4.557477204287255, "params": {"C": 72.76735489222627, "epsilon": 10.625476728360034, "gamma": 0.04857340358485288, "lamda": 0.09355052251071971}, "datetime": {"datetime": "2021-09-20 12:03:13", "elapsed": 4733.607758, "delta": 15.038847}}
{"target": -7.68375892369818, "params": {"C": 96.98534697451842, "epsilon": 17.684185125094345, "gamma": 0.04452584632804818, "lamda": 0.12828153895594982}, "datetime": {"datetime": "2021-09-20 12:03:23", "elapsed": 4744.46647, "delta": 10.858712}}
{"target": -4.710083257042312, "params": {"C": 71.33415023836466, "epsilon": 17.372314034847143, "gamma": 0.05071932155351342, "lamda": 0.021207378096971898}, "datetime": {"datetime": "2021-09-20 12:03:34", "elapsed": 4755.540668, "delta": 11.074198}}
{"target": -4.597769987415206, "params": {"C": 88.01403350734522, "epsilon": 10.338080598628776, "gamma": 0.04391731997705184, "lamda": 0.05880266795099309}, "datetime": {"datetime": "2021-09-20 12:03:50", "elapsed": 4770.909612, "delta": 15.368944}}
{"target": -3.1283370540622624, "params": {"C": 95.27325411194752, "epsilon": 14.473258600356417, "gamma": 0.05688764346037349, "lamda": 0.13235344146402547}, "datetime": {"datetime": "2021-09-20 12:04:05", "elapsed": 4785.70048, "delta": 14.790868}}
{"target": -5.7956109669506155, "params": {"C": 91.48612472343318, "epsilon": 13.036214912442246, "gamma": 0.048159697579685655, "lamda": 0.10203140640172785}, "datetime": {"datetime": "2021-09-20 12:04:20", "elapsed": 4801.014435, "delta": 15.313955}}
{"target": -3.004058567957883, "params": {"C": 94.79401647561829, "epsilon": 11.134412141974536, "gamma": 0.059874595480549256, "lamda": 0.10825211185798525}, "datetime": {"datetime": "2021-09-20 12:04:30", "elapsed": 4811.398575, "delta": 10.38414}}
{"target": -4.229137156377906, "params": {"C": 75.8040756052083, "epsilon": 12.716545805162028, "gamma": 0.05421989632126586, "lamda": 0.011315207464944117}, "datetime": {"datetime": "2021-09-20 12:04:42", "elapsed": 4822.698536, "delta": 11.299961}}
{"target": -3.926253434542187, "params": {"C": 96.87513458128029, "epsilon": 17.37652592211281, "gamma": 0.05475728870602133, "lamda": 0.05579546509694179}, "datetime": {"datetime": "2021-09-20 12:04:58", "elapsed": 4839.159215, "delta": 16.460679}}
{"target": -5.887375763236172, "params": {"C": 79.26963822810075, "epsilon": 14.577496729175312, "gamma": 0.04610770300729525, "lamda": 0.09543448113637969}, "datetime": {"datetime": "2021-09-20 12:05:15", "elapsed": 4856.112027, "delta": 16.952812}}
{"target": -1.8094910050178918, "params": {"C": 94.85528710440006, "epsilon": 11.101309854606818, "gamma": 0.05765286932484263, "lamda": 0.046410983793603394}, "datetime": {"datetime": "2021-09-20 12:05:26", "elapsed": 4866.972975, "delta": 10.860948}}
{"target": -6.3544123900883465, "params": {"C": 95.521921222838, "epsilon": 15.685590286356394, "gamma": 0.04035354848757343, "lamda": 0.1875028176641689}, "datetime": {"datetime": "2021-09-20 12:05:38", "elapsed": 4878.922832, "delta": 11.949857}}
{"target": -4.718256788564625, "params": {"C": 75.7881072387175, "epsilon": 12.733041835309843, "gamma": 0.04798075512188223, "lamda": 0.016354106629938647}, "datetime": {"datetime": "2021-09-20 12:05:50", "elapsed": 4890.880747, "delta": 11.957915}}
{"target": -6.096630744307886, "params": {"C": 95.29198951895148, "epsilon": 14.477351377255093, "gamma": 0.04911616173935811, "lamda": 0.11907590367569487}, "datetime": {"datetime": "2021-09-20 12:06:08", "elapsed": 4908.856306, "delta": 17.975559}}
{"target": -4.709062052202627, "params": {"C": 92.94768174886431, "epsilon": 11.036770904094006, "gamma": 0.04742538518354521, "lamda": 0.17928927875685044}, "datetime": {"datetime": "2021-09-20 12:06:26", "elapsed": 4926.763235, "delta": 17.906929}}
{"target": -4.123365187748437, "params": {"C": 68.21636894455027, "epsilon": 10.68298014041513, "gamma": 0.04023103421374666, "lamda": 0.02509829725506457}, "datetime": {"datetime": "2021-09-20 12:06:42", "elapsed": 4943.416274, "delta": 16.653039}}
{"target": -5.785045650570237, "params": {"C": 99.3712144149643, "epsilon": 18.523261645895165, "gamma": 0.04247538782764763, "lamda": 0.016433014523234462}, "datetime": {"datetime": "2021-09-20 12:06:53", "elapsed": 4954.493365, "delta": 11.077091}}
{"target": -3.021089398825625, "params": {"C": 98.93284402711697, "epsilon": 10.591736379711527, "gamma": 0.05849044276681836, "lamda": 0.12103816343943277}, "datetime": {"datetime": "2021-09-20 12:07:10", "elapsed": 4970.778783, "delta": 16.285418}}
{"target": -5.379284768664779, "params": {"C": 88.18157753668741, "epsilon": 12.591606692761918, "gamma": 0.05168471633284663, "lamda": 0.17488725170975836}, "datetime": {"datetime": "2021-09-20 12:07:27", "elapsed": 4987.902996, "delta": 17.124213}}
{"target": -6.888660366539585, "params": {"C": 68.30542558318697, "epsilon": 17.618760769381844, "gamma": 0.04182549603211166, "lamda": 0.0625222940646769}, "datetime": {"datetime": "2021-09-20 12:07:39", "elapsed": 4999.880588, "delta": 11.977592}}
{"target": -4.514223134627141, "params": {"C": 69.26494592782349, "epsilon": 11.019739118158114, "gamma": 0.04959734012343166, "lamda": 0.05185126477048606}, "datetime": {"datetime": "2021-09-20 12:07:51", "elapsed": 5011.707092, "delta": 11.826504}}
{"target": -5.038256686943815, "params": {"C": 71.91602833309838, "epsilon": 13.164754698942678, "gamma": 0.047099700711842996, "lamda": 0.006486092679778739}, "datetime": {"datetime": "2021-09-20 12:08:05", "elapsed": 5025.868042, "delta": 14.16095}}
{"target": -4.58542972842074, "params": {"C": 90.80375521243494, "epsilon": 11.500862478963295, "gamma": 0.0503221526954678, "lamda": 0.11554185747696606}, "datetime": {"datetime": "2021-09-20 12:08:18", "elapsed": 5039.226596, "delta": 13.358554}}
{"target": -4.9791619420723885, "params": {"C": 68.57167031958699, "epsilon": 12.381622264456203, "gamma": 0.050493906702101014, "lamda": 0.16682349821737216}, "datetime": {"datetime": "2021-09-20 12:08:36", "elapsed": 5056.673596, "delta": 17.447}}
{"target": 0.9067237276641827, "params": {"C": 78.13387087654105, "epsilon": 13.304185822806277, "gamma": 0.06, "lamda": 0.000362665974710319}, "datetime": {"datetime": "2021-09-20 12:08:39", "elapsed": 5059.642638, "delta": 2.969042}}
{"target": -4.824816136044396, "params": {"C": 98.86530074632756, "epsilon": 10.59051225830866, "gamma": 0.04362852029490407, "lamda": 0.0980998400834354}, "datetime": {"datetime": "2021-09-20 12:08:53", "elapsed": 5073.733056, "delta": 14.090418}}
{"target": -4.350332355482878, "params": {"C": 94.79614637178531, "epsilon": 11.113521102077096, "gamma": 0.04146853645206392, "lamda": 0.09965431056035746}, "datetime": {"datetime": "2021-09-20 12:09:04", "elapsed": 5085.203102, "delta": 11.470046}}
{"target": -5.454860364258341, "params": {"C": 86.8958618487567, "epsilon": 14.15620981910797, "gamma": 0.056401999330415786, "lamda": 0.15960147919605103}, "datetime": {"datetime": "2021-09-20 12:09:15", "elapsed": 5096.330212, "delta": 11.12711}}
{"target": -8.468103435374745, "params": {"C": 76.53176527813984, "epsilon": 19.81866839750645, "gamma": 0.04267461869907806, "lamda": 0.0067456046328895425}, "datetime": {"datetime": "2021-09-20 12:09:25", "elapsed": 5105.610378, "delta": 9.280166}}
{"target": -3.592235072276239, "params": {"C": 99.8290153736481, "epsilon": 11.362382507796784, "gamma": 0.0485601817239998, "lamda": 0.01383802404647393}, "datetime": {"datetime": "2021-09-20 12:09:37", "elapsed": 5117.783399, "delta": 12.173021}}
{"target": -5.623858629393634, "params": {"C": 98.71900078749817, "epsilon": 13.849285713097998, "gamma": 0.04781412963171382, "lamda": 0.0882756778826201}, "datetime": {"datetime": "2021-09-20 12:09:57", "elapsed": 5138.503019, "delta": 20.71962}}
{"target": -1.6215129903337484, "params": {"C": 80.82382667282813, "epsilon": 10.311114781934696, "gamma": 0.061986499115148364, "lamda": 0.08706504320126277}, "datetime": {"datetime": "2021-09-20 15:18:50", "elapsed": 0.0, "delta": 0.0}}
{"target": -5.523616909322692, "params": {"C": 80.29250527097463, "epsilon": 13.964017852046489, "gamma": 0.0481859453615137, "lamda": 0.1238545739991664}, "datetime": {"datetime": "2021-09-20 15:19:13", "elapsed": 23.240245, "delta": 23.240245}}
{"target": -3.023455982977848, "params": {"C": 76.18825890493379, "epsilon": 13.201927301234399, "gamma": 0.06484535331077179, "lamda": 0.10582888971331354}, "datetime": {"datetime": "2021-09-20 15:19:32", "elapsed": 42.653453, "delta": 19.413208}}
{"target": -6.166216765721341, "params": {"C": 70.57571814172775, "epsilon": 16.162937455188956, "gamma": 0.04737759462587661, "lamda": 0.15706724422818688}, "datetime": {"datetime": "2021-09-20 15:19:50", "elapsed": 60.577632, "delta": 17.924179}}
{"target": -3.2237437750617097, "params": {"C": 95.03515994974262, "epsilon": 15.930842048583134, "gamma": 0.07386245941429873, "lamda": 0.01593001575633519}, "datetime": {"datetime": "2021-09-20 15:20:14", "elapsed": 84.596011, "delta": 24.018379}}
{"target": -3.4770743951401926, "params": {"C": 83.17836706413793, "epsilon": 10.783438052642538, "gamma": 0.05712489310389558, "lamda": 0.019307086601206853}, "datetime": {"datetime": "2021-09-20 15:20:28", "elapsed": 97.971126, "delta": 13.375115}}
{"target": -7.128617042999448, "params": {"C": 70.32343903784343, "epsilon": 17.16094370774315, "gamma": 0.049040480024169435, "lamda": 0.021390029916312284}, "datetime": {"datetime": "2021-09-20 15:20:43", "elapsed": 113.438511, "delta": 15.467385}}
{"target": 0.9063755672581963, "params": {"C": 73.49041104039902, "epsilon": 14.19791542003959, "gamma": 0.05871149938329201, "lamda": 0.040349443509766804}, "datetime": {"datetime": "2021-09-20 15:20:44", "elapsed": 113.86118, "delta": 0.422669}}
{"target": -3.2039282820427424, "params": {"C": 87.7738286573071, "epsilon": 15.79683802662102, "gamma": 0.06020946880074197, "lamda": 0.07737914333106075}, "datetime": {"datetime": "2021-09-20 15:20:59", "elapsed": 129.507239, "delta": 15.646059}}
{"target": -7.225970089749232, "params": {"C": 92.98367345101362, "epsilon": 16.960050146533682, "gamma": 0.04649194394009255, "lamda": 0.14015076856908465}, "datetime": {"datetime": "2021-09-20 15:21:18", "elapsed": 148.498025, "delta": 18.990786}}
{"target": 0.9060659000085467, "params": {"C": 73.40914477208965, "epsilon": 12.998228055017673, "gamma": 0.06168558539450416, "lamda": 1e-06}, "datetime": {"datetime": "2021-09-20 15:21:21", "elapsed": 151.066196, "delta": 2.568171}}
{"target": -2.0816920518564226, "params": {"C": 71.57412842205183, "epsilon": 12.613913779930314, "gamma": 0.08, "lamda": 0.2}, "datetime": {"datetime": "2021-09-20 15:21:41", "elapsed": 171.617095, "delta": 20.550899}}
{"target": -2.569124675874357, "params": {"C": 74.03031451361781, "epsilon": 10.305837102450017, "gamma": 0.06542578832247034, "lamda": 0.19123416615440186}, "datetime": {"datetime": "2021-09-20 15:22:03", "elapsed": 192.759436, "delta": 21.142341}}
{"target": -4.937613077435762, "params": {"C": 74.83863899193915, "epsilon": 15.898778446890129, "gamma": 0.050762280433664854, "lamda": 0.007646339997778363}, "datetime": {"datetime": "2021-09-20 15:22:14", "elapsed": 204.070673, "delta": 11.311237}}
{"target": 0.9003201613754941, "params": {"C": 72.55263864424566, "epsilon": 13.900301383379976, "gamma": 0.04, "lamda": 1e-06}, "datetime": {"datetime": "2021-09-20 15:22:15", "elapsed": 205.168673, "delta": 1.098}}
{"target": 0.9006347748352334, "params": {"C": 98.42059205224189, "epsilon": 14.23020902163508, "gamma": 0.08, "lamda": 1e-06}, "datetime": {"datetime": "2021-09-20 15:22:16", "elapsed": 205.919673, "delta": 0.751}}
{"target": 0.9006649418629696, "params": {"C": 99.7055715383835, "epsilon": 16.24128069527065, "gamma": 0.08, "lamda": 1e-06}, "datetime": {"datetime": "2021-09-20 15:22:17", "elapsed": 206.980675, "delta": 1.061002}}
{"target": -5.591339756576612, "params": {"C": 100.0, "epsilon": 12.161246821230696, "gamma": 0.04, "lamda": 0.2}, "datetime": {"datetime": "2021-09-20 15:22:28", "elapsed": 217.987675, "delta": 11.007}}
{"target": -7.039401486598443, "params": {"C": 97.85570006004136, "epsilon": 16.10542505100403, "gamma": 0.04, "lamda": 0.2}, "datetime": {"datetime": "2021-09-20 15:22:39", "elapsed": 229.386884, "delta": 11.399209}}
{"target": -1.3410784882611293, "params": {"C": 99.804425933296, "epsilon": 15.011952812976697, "gamma": 0.07976827511960438, "lamda": 0.09716128163463714}, "datetime": {"datetime": "2021-09-20 15:22:51", "elapsed": 241.14436, "delta": 11.757476}}
{"target": 0.9012419591395564, "params": {"C": 100.0, "epsilon": 17.281410035128403, "gamma": 0.08, "lamda": 1e-06}, "datetime": {"datetime": "2021-09-20 15:22:52", "elapsed": 242.351964, "delta": 1.207604}}
{"target": 0.9009812092989486, "params": {"C": 97.52654107079965, "epsilon": 13.34293952999743, "gamma": 0.08, "lamda": 1e-06}, "datetime": {"datetime": "2021-09-20 15:22:53", "elapsed": 243.255039, "delta": 0.903075}}
{"target": 0.9024383977874371, "params": {"C": 95.94981599522393, "epsilon": 12.81248153799208, "gamma": 0.08, "lamda": 1e-06}, "datetime": {"datetime": "2021-09-20 15:22:54", "elapsed": 244.228876, "delta": 0.973837}}
{"target": 0.9017126822885246, "params": {"C": 96.6733589483916, "epsilon": 11.506368438779045, "gamma": 0.08, "lamda": 1e-06}, "datetime": {"datetime": "2021-09-20 15:22:55", "elapsed": 245.189772, "delta": 0.960896}}
{"target": 0.9028291140303548, "params": {"C": 94.96284371744164, "epsilon": 11.292015503430143, "gamma": 0.08, "lamda": 1e-06}, "datetime": {"datetime": "2021-09-20 15:22:56", "elapsed": 246.088395, "delta": 0.898623}}
{"target": -4.696681711699123, "params": {"C": 95.91097586058471, "epsilon": 10.0, "gamma": 0.04, "lamda": 0.2}, "datetime": {"datetime": "2021-09-20 15:23:07", "elapsed": 257.218013, "delta": 11.129618}}
{"target": 0.9024384204117578, "params": {"C": 94.15569102385017, "epsilon": 12.503562264745602, "gamma": 0.08, "lamda": 1e-06}, "datetime": {"datetime": "2021-09-20 15:23:08", "elapsed": 258.157012, "delta": 0.938999}}
{"target": 0.9027608014841794, "params": {"C": 93.08738677670638, "epsilon": 11.18493333627444, "gamma": 0.08, "lamda": 1e-06}, "datetime": {"datetime": "2021-09-20 15:23:09", "elapsed": 259.10001, "delta": 0.942998}}
{"target": -4.372810282465609, "params": {"C": 91.85429177284384, "epsilon": 12.4564781559257, "gamma": 0.04185821134746083, "lamda": 0.09674543007280953}, "datetime": {"datetime": "2021-09-20 15:23:20", "elapsed": 270.212664, "delta": 11.112654}}
{"target": 0.905326421343, "params": {"C": 93.34975648199956, "epsilon": 10.0, "gamma": 0.04, "lamda": 1e-06}, "datetime": {"datetime": "2021-09-20 15:23:21", "elapsed": 271.039663, "delta": 0.826999}}
{"target": 0.900506263522766, "params": {"C": 100.0, "epsilon": 19.546723899393417, "gamma": 0.08, "lamda": 1e-06}, "datetime": {"datetime": "2021-09-20 15:23:22", "elapsed": 271.820662, "delta": 0.780999}}
{"target": 0.8998819211200387, "params": {"C": 100.0, "epsilon": 21.404288604590644, "gamma": 0.08, "lamda": 1e-06}, "datetime": {"datetime": "2021-09-20 15:23:22", "elapsed": 272.577658, "delta": 0.756996}}
{"target": 0.8976296721620464, "params": {"C": 98.35695115471869, "epsilon": 20.6441374659127, "gamma": 0.08, "lamda": 1e-06}, "datetime": {"datetime": "2021-09-20 15:23:23", "elapsed": 273.402668, "delta": 0.82501}}
{"target": -8.428689463371336, "params": {"C": 96.76943412536419, "epsilon": 21.985752807340873, "gamma": 0.054626855060788945, "lamda": 0.08223712807089767}, "datetime": {"datetime": "2021-09-20 15:23:34", "elapsed": 284.487784, "delta": 11.085116}}
{"target": -3.770551830053539, "params": {"C": 98.57440408047157, "epsilon": 19.389494024757735, "gamma": 0.07196886382456824, "lamda": 0.01841335133712059}, "datetime": {"datetime": "2021-09-20 15:23:52", "elapsed": 302.179559, "delta": 17.691775}}
{"target": -2.976575417753331, "params": {"C": 91.9551314770537, "epsilon": 10.035366214968759, "gamma": 0.05959380994699526, "lamda": 0.06963437843833861}, "datetime": {"datetime": "2021-09-20 15:24:01", "elapsed": 311.644948, "delta": 9.465389}}
{"target": -8.389281344188383, "params": {"C": 99.25937906129327, "epsilon": 20.811830709493325, "gamma": 0.043127520960823736, "lamda": 0.1957128185656973}, "datetime": {"datetime": "2021-09-20 15:24:18", "elapsed": 328.447443, "delta": 16.802495}}
{"target": -2.500144637113712, "params": {"C": 98.19734041895248, "epsilon": 13.1686273539746, "gamma": 0.07452518402662674, "lamda": 0.13889943395531276}, "datetime": {"datetime": "2021-09-20 15:24:34", "elapsed": 344.554435, "delta": 16.106992}}
{"target": -6.07772933658333, "params": {"C": 76.25432695386789, "epsilon": 18.31426415131704, "gamma": 0.04585249126586409, "lamda": 0.01193060099037458}, "datetime": {"datetime": "2021-09-20 15:24:44", "elapsed": 354.488888, "delta": 9.934453}}
{"target": -3.5546669412676035, "params": {"C": 89.56185319254607, "epsilon": 16.142336219478935, "gamma": 0.05787120387631181, "lamda": 0.05976093743601197}, "datetime": {"datetime": "2021-09-20 15:25:02", "elapsed": 372.410711, "delta": 17.921823}}
{"target": -1.6352061747042579, "params": {"C": 69.99707360668837, "epsilon": 11.375387097847824, "gamma": 0.06850078734949583, "lamda": 0.179491232983502}, "datetime": {"datetime": "2021-09-20 15:25:13", "elapsed": 383.125078, "delta": 10.714367}}
