{"target": -1.655131974106646, "params": {"C": 281.11889033970425, "epsilon": 4.7605645302515915, "gamma": 0.163438924314061, "lamda": 0.05676108318753991}, "datetime": {"datetime": "2021-09-20 09:17:36", "elapsed": 2368.244029, "delta": 8.894005}}
{"target": -3.8533556217853153, "params": {"C": 229.17701941769394, "epsilon": 1.7631419476862866, "gamma": 0.11316012560359502, "lamda": 0.19488071937913162}, "datetime": {"datetime": "2021-09-20 09:17:51", "elapsed": 2383.698023, "delta": 15.453994}}
{"target": -4.993431561772677, "params": {"C": 196.7554376578472, "epsilon": 3.3771033690220618, "gamma": 0.06856360542525225, "lamda": 0.1548956787257499}, "datetime": {"datetime": "2021-09-20 09:17:59", "elapsed": 2391.927024, "delta": 8.229001}}
{"target": -2.523692412238925, "params": {"C": 198.87149499198074, "epsilon": 4.460153973092138, "gamma": 0.15158300557925705, "lamda": 0.1525266564569267}, "datetime": {"datetime": "2021-09-20 09:18:11", "elapsed": 2403.297032, "delta": 11.370008}}
{"target": -2.425737558937717, "params": {"C": 220.42185428398886, "epsilon": 1.1327460620966565, "gamma": 0.01308764051741728, "lamda": 0.06436643816524894}, "datetime": {"datetime": "2021-09-20 09:18:19", "elapsed": 2411.929023, "delta": 8.631991}}
{"target": -2.9744250511899395, "params": {"C": 155.56689967409918, "epsilon": 3.499891515732109, "gamma": 0.13571825622755285, "lamda": 0.08609492607721225}, "datetime": {"datetime": "2021-09-20 09:18:32", "elapsed": 2424.702027, "delta": 12.773004}}
{"target": -2.584874358647354, "params": {"C": 265.16834664872596, "epsilon": 2.7264416242238623, "gamma": 0.012772685693913252, "lamda": 0.026959488799017852}, "datetime": {"datetime": "2021-09-20 09:18:47", "elapsed": 2439.528028, "delta": 14.826001}}
{"target": -3.4938795322467655, "params": {"C": 179.01245985223775, "epsilon": 1.744752625706784, "gamma": 0.015201024555307967, "lamda": 0.12102375098329275}, "datetime": {"datetime": "2021-09-20 09:19:04", "elapsed": 2456.469024, "delta": 16.940996}}
{"target": -4.402513355231539, "params": {"C": 226.8091541285878, "epsilon": 3.1255589588840653, "gamma": 0.0893093409790471, "lamda": 0.16954024594701933}, "datetime": {"datetime": "2021-09-20 09:19:13", "elapsed": 2465.795022, "delta": 9.325998}}
{"target": 0.8748270597536394, "params": {"C": 218.1088584088727, "epsilon": 0.1754772469804124, "gamma": 0.17524828894718442, "lamda": 0.13124065334727203}, "datetime": {"datetime": "2021-09-20 09:19:13", "elapsed": 2466.139026, "delta": 0.344004}}
{"target": -3.645194346287803, "params": {"C": 273.45045609727066, "epsilon": 4.763700895865873, "gamma": 0.014927914785793004, "lamda": 0.04701513774633882}, "datetime": {"datetime": "2021-09-20 09:19:24", "elapsed": 2476.240021, "delta": 10.100995}}
{"target": 0.8771953697052348, "params": {"C": 159.50151651845096, "epsilon": 2.1661236415590097, "gamma": 0.17344668337278313, "lamda": 0.016325714919030905}, "datetime": {"datetime": "2021-09-20 09:19:24", "elapsed": 2476.626019, "delta": 0.385998}}
{"target": 0.8792739947853077, "params": {"C": 220.9667929328818, "epsilon": 0.7151612380627458, "gamma": 0.15571269242258798, "lamda": 0.1682845899370119}, "datetime": {"datetime": "2021-09-20 09:19:24", "elapsed": 2476.984027, "delta": 0.358008}}
{"target": -5.547334479078524, "params": {"C": 156.49364072792378, "epsilon": 2.4835596415349346, "gamma": 0.051685153606862405, "lamda": 0.19049480386487017}, "datetime": {"datetime": "2021-09-20 09:19:32", "elapsed": 2484.885025, "delta": 7.900998}}
{"target": -2.0374196176185437, "params": {"C": 291.5838941675694, "epsilon": 3.1082766116850347, "gamma": 0.1948300424784133, "lamda": 0.06897292388190648}, "datetime": {"datetime": "2021-09-20 09:19:47", "elapsed": 2499.265024, "delta": 14.379999}}
{"target": -5.808272747754736, "params": {"C": 284.67760765015225, "epsilon": 2.229515369701697, "gamma": 0.05098385424376518, "lamda": 0.18816565181231668}, "datetime": {"datetime": "2021-09-20 09:19:56", "elapsed": 2508.427021, "delta": 9.161997}}
{"target": 0.8731235627536518, "params": {"C": 252.63270764748412, "epsilon": 0.4180667681617337, "gamma": 0.1747328470804979, "lamda": 0.14027635754637463}, "datetime": {"datetime": "2021-09-20 09:19:56", "elapsed": 2508.805024, "delta": 0.378003}}
{"target": -5.756702706966861, "params": {"C": 240.73903094614224, "epsilon": 3.6886370059787197, "gamma": 0.05442061328745725, "lamda": 0.12009819056595361}, "datetime": {"datetime": "2021-09-20 09:20:05", "elapsed": 2517.280027, "delta": 8.475003}}
{"target": -4.949745903977427, "params": {"C": 272.1928771892483, "epsilon": 0.36515693558759954, "gamma": 0.030449580911156866, "lamda": 0.16848931954547278}, "datetime": {"datetime": "2021-09-20 09:20:14", "elapsed": 2526.38402, "delta": 9.103993}}
{"target": -6.53871852786046, "params": {"C": 242.75188039918282, "epsilon": 2.7033102713571844, "gamma": 0.053416692154434224, "lamda": 0.05901641997132393}, "datetime": {"datetime": "2021-09-20 09:20:27", "elapsed": 2539.720023, "delta": 13.336003}}
{"target": -3.475125880936277, "params": {"C": 280.9029247379193, "epsilon": 2.1661630807635754, "gamma": 0.017563899838023325, "lamda": 0.179397116916447}, "datetime": {"datetime": "2021-09-20 09:20:42", "elapsed": 2555.106024, "delta": 15.386001}}
{"target": -2.0612680281492644, "params": {"C": 180.50712492360765, "epsilon": 4.1485149239127175, "gamma": 0.17694527150114744, "lamda": 0.09735066221292281}, "datetime": {"datetime": "2021-09-20 09:20:56", "elapsed": 2568.308057, "delta": 13.202033}}
{"target": -3.3175695021261173, "params": {"C": 239.76970396569544, "epsilon": 2.683610536778543, "gamma": 0.12684015236617233, "lamda": 0.17100848922774894}, "datetime": {"datetime": "2021-09-20 09:21:10", "elapsed": 2582.711028, "delta": 14.402971}}
{"target": -2.89791299841924, "params": {"C": 192.3209172607291, "epsilon": 4.4304019900849445, "gamma": 0.11569961437323412, "lamda": 0.023021493090339712}, "datetime": {"datetime": "2021-09-20 09:21:19", "elapsed": 2591.728031, "delta": 9.017003}}
{"target": -5.674610805013058, "params": {"C": 184.0501747821987, "epsilon": 3.0203136895037677, "gamma": 0.05169201619641267, "lamda": 0.026284000691831576}, "datetime": {"datetime": "2021-09-20 09:21:31", "elapsed": 2604.015023, "delta": 12.286992}}
{"target": -2.894413394502468, "params": {"C": 174.27715711857527, "epsilon": 4.239875339355121, "gamma": 0.12242581250907861, "lamda": 0.1927134538705812}, "datetime": {"datetime": "2021-09-20 09:21:40", "elapsed": 2612.64803, "delta": 8.633007}}
{"target": -3.6380541864244256, "params": {"C": 201.8518819944038, "epsilon": 3.0185629808612537, "gamma": 0.12180213134981686, "lamda": 0.12314124173650255}, "datetime": {"datetime": "2021-09-20 09:21:49", "elapsed": 2621.328086, "delta": 8.680056}}
{"target": -2.0150625566327465, "params": {"C": 158.87658107785836, "epsilon": 3.776554204415961, "gamma": 0.18990085214658692, "lamda": 0.10693627675686057}, "datetime": {"datetime": "2021-09-20 09:22:01", "elapsed": 2634.020701, "delta": 12.692615}}
{"target": -1.4585143715617055, "params": {"C": 178.88340314326027, "epsilon": 3.789336983401717, "gamma": 0.006427199018933441, "lamda": 0.06565189247405252}, "datetime": {"datetime": "2021-09-20 09:22:10", "elapsed": 2642.517754, "delta": 8.497053}}
{"target": -2.118350443720893, "params": {"C": 287.64095214665895, "epsilon": 2.9829999311799966, "gamma": 0.1717621053613064, "lamda": 0.1209348057977852}, "datetime": {"datetime": "2021-09-20 09:22:26", "elapsed": 2658.312878, "delta": 15.795124}}
{"target": -4.836192848458702, "params": {"C": 273.38672287858066, "epsilon": 4.409469264803652, "gamma": 0.06759234303226838, "lamda": 0.02459183135566415}, "datetime": {"datetime": "2021-09-20 09:22:34", "elapsed": 2666.904267, "delta": 8.591389}}
{"target": -5.163240199417068, "params": {"C": 258.1955016279856, "epsilon": 2.2577007254730677, "gamma": 0.029713463282691678, "lamda": 0.11796513979832973}, "datetime": {"datetime": "2021-09-20 09:22:43", "elapsed": 2675.284641, "delta": 8.380374}}
{"target": 0.8820060350971991, "params": {"C": 155.410247185479, "epsilon": 1.080892370413836, "gamma": 0.15871873198525394, "lamda": 0.002420339906311558}, "datetime": {"datetime": "2021-09-20 09:22:43", "elapsed": 2675.626637, "delta": 0.341996}}
{"target": 0.8688659944128199, "params": {"C": 195.50185075628536, "epsilon": 0.20474220933154652, "gamma": 0.19950957358202426, "lamda": 0.11640641323871602}, "datetime": {"datetime": "2021-09-20 09:22:43", "elapsed": 2675.969642, "delta": 0.343005}}
{"target": -3.930415100533253, "params": {"C": 194.0064417729085, "epsilon": 4.651852363276267, "gamma": 0.10388828759189989, "lamda": 0.09093899081825384}, "datetime": {"datetime": "2021-09-20 09:22:57", "elapsed": 2689.614956, "delta": 13.645314}}
{"target": -4.543628451685921, "params": {"C": 238.18072594442796, "epsilon": 1.3942744566317913, "gamma": 0.0645312183727495, "lamda": 0.07433154369025977}, "datetime": {"datetime": "2021-09-20 09:23:05", "elapsed": 2697.871014, "delta": 8.256058}}
{"target": 0.8843552754754288, "params": {"C": 186.66719990574163, "epsilon": 2.9642816039714863, "gamma": 0.14068999611680366, "lamda": 0.01439037208558006}, "datetime": {"datetime": "2021-09-20 09:23:06", "elapsed": 2698.235006, "delta": 0.363992}}
{"target": -2.473830318606346, "params": {"C": 295.6624979438196, "epsilon": 3.7900462137603292, "gamma": 0.16220181677591464, "lamda": 0.15032832917585404}, "datetime": {"datetime": "2021-09-20 09:23:14", "elapsed": 2706.349109, "delta": 8.114103}}
{"target": -4.532822409535387, "params": {"C": 162.0091465906826, "epsilon": 2.460311786803768, "gamma": 0.09190622649832293, "lamda": 0.13449485763233546}, "datetime": {"datetime": "2021-09-20 09:23:23", "elapsed": 2715.567984, "delta": 9.218875}}
{"target": -2.972192747437353, "params": {"C": 217.3105888236483, "epsilon": 3.5511356520811574, "gamma": 0.13792084083251147, "lamda": 0.1394300086020225}, "datetime": {"datetime": "2021-09-20 09:23:32", "elapsed": 2724.321087, "delta": 8.753103}}
{"target": 0.87913793277744, "params": {"C": 242.79011138423044, "epsilon": 0.8398055930702644, "gamma": 0.15335647897962243, "lamda": 0.15620938339296922}, "datetime": {"datetime": "2021-09-20 09:23:32", "elapsed": 2724.676083, "delta": 0.354996}}
{"target": -5.762973980862299, "params": {"C": 285.61544788707073, "epsilon": 1.2454665937601193, "gamma": 0.039452384149106574, "lamda": 0.07822043352222938}, "datetime": {"datetime": "2021-09-20 09:23:46", "elapsed": 2739.095242, "delta": 14.419159}}
{"target": -3.1265852286865297, "params": {"C": 198.08469809927402, "epsilon": 4.095836952127568, "gamma": 0.12463755043534418, "lamda": 0.15200059046819744}, "datetime": {"datetime": "2021-09-20 09:23:58", "elapsed": 2750.542739, "delta": 11.447497}}
{"target": -4.4665521550407385, "params": {"C": 214.14976495454465, "epsilon": 0.5872587582863873, "gamma": 0.02743182734979802, "lamda": 0.07468205294030733}, "datetime": {"datetime": "2021-09-20 09:24:07", "elapsed": 2759.491944, "delta": 8.949205}}
{"target": -3.3474129717309467, "params": {"C": 179.07716512642608, "epsilon": 4.121657843252398, "gamma": 0.12192902164262479, "lamda": 0.137769362958474}, "datetime": {"datetime": "2021-09-20 09:24:20", "elapsed": 2772.237316, "delta": 12.745372}}
{"target": -5.227389906318832, "params": {"C": 223.66649419564442, "epsilon": 0.5320510380866872, "gamma": 0.05084013915380321, "lamda": 0.09232095457624352}, "datetime": {"datetime": "2021-09-20 09:24:29", "elapsed": 2781.407545, "delta": 9.170229}}
{"target": 0.8854365172323945, "params": {"C": 179.78872545808895, "epsilon": 0.22483355531621949, "gamma": 0.14723255115994976, "lamda": 0.1449836245270766}, "datetime": {"datetime": "2021-09-20 09:24:29", "elapsed": 2781.768544, "delta": 0.360999}}
{"target": -4.680754204215544, "params": {"C": 199.55876195425543, "epsilon": 4.233121217711912, "gamma": 0.08854628281045933, "lamda": 0.17293736426656212}, "datetime": {"datetime": "2021-09-20 09:24:38", "elapsed": 2790.928544, "delta": 9.16}}
{"target": -5.811624848099436, "params": {"C": 248.55981369343343, "epsilon": 2.947074721348642, "gamma": 0.044141860166842746, "lamda": 0.10590979254906852}, "datetime": {"datetime": "2021-09-20 09:24:47", "elapsed": 2799.271768, "delta": 8.343224}}
{"target": -2.221006542386974, "params": {"C": 284.1648627641358, "epsilon": 1.5944704815925588, "gamma": 0.17483439378640542, "lamda": 0.18174914582640478}, "datetime": {"datetime": "2021-09-20 09:25:01", "elapsed": 2813.229872, "delta": 13.958104}}
{"target": 0.874016468988873, "params": {"C": 199.47668440228236, "epsilon": 3.4470643950491646, "gamma": 0.1803480851653639, "lamda": 0.015140300654778914}, "datetime": {"datetime": "2021-09-20 09:25:01", "elapsed": 2813.585041, "delta": 0.355169}}
{"target": -1.6804373597207194, "params": {"C": 281.7881794807156, "epsilon": 1.0351128800155551, "gamma": 0.1707049374534965, "lamda": 0.1334240906210521}, "datetime": {"datetime": "2021-09-20 09:25:09", "elapsed": 2822.148182, "delta": 8.563141}}
{"target": -2.769935542816887, "params": {"C": 201.65087931750807, "epsilon": 0.8417402929647151, "gamma": 0.12889733749024843, "lamda": 0.1695577609549046}, "datetime": {"datetime": "2021-09-20 09:25:18", "elapsed": 2830.820802, "delta": 8.67262}}
{"target": 0.8665248652818645, "params": {"C": 273.27740621460157, "epsilon": 3.1783740259402236, "gamma": 0.19147879440227028, "lamda": 0.11798503549202688}, "datetime": {"datetime": "2021-09-20 09:25:18", "elapsed": 2831.187828, "delta": 0.367026}}
{"target": -4.786551271422128, "params": {"C": 179.6749176971879, "epsilon": 2.2037205408208127, "gamma": 0.07066546974672763, "lamda": 0.1983890104364443}, "datetime": {"datetime": "2021-09-20 09:25:33", "elapsed": 2846.204302, "delta": 15.016474}}
{"target": -4.0150045125366605, "params": {"C": 207.0354744175897, "epsilon": 4.964234280957608, "gamma": 0.10616682889301578, "lamda": 0.034456768015723616}, "datetime": {"datetime": "2021-09-20 09:25:44", "elapsed": 2856.44006, "delta": 10.235758}}
{"target": -5.173452399551593, "params": {"C": 161.18611068772196, "epsilon": 1.9144978994920498, "gamma": 0.02906667766387233, "lamda": 0.12690410873965205}, "datetime": {"datetime": "2021-09-20 09:25:52", "elapsed": 2864.978976, "delta": 8.538916}}
{"target": 0.8712318302115852, "params": {"C": 212.08797685941133, "epsilon": 4.955486599374706, "gamma": 0.18634134661239699, "lamda": 0.0298480572259177}, "datetime": {"datetime": "2021-09-20 09:25:53", "elapsed": 2865.335183, "delta": 0.356207}}
{"target": -4.161774613913731, "params": {"C": 209.23233938052007, "epsilon": 2.3617405837156924, "gamma": 0.11438500724877933, "lamda": 0.15607292429433042}, "datetime": {"datetime": "2021-09-20 09:26:07", "elapsed": 2879.726991, "delta": 14.391808}}
{"target": -5.599552773129039, "params": {"C": 223.07908636101357, "epsilon": 2.1579684048501804, "gamma": 0.05608994242027045, "lamda": 0.1821613170112126}, "datetime": {"datetime": "2021-09-20 09:26:16", "elapsed": 2889.108113, "delta": 9.381122}}
{"target": -6.570485560114746, "params": {"C": 153.34072672992062, "epsilon": 4.123497301272927, "gamma": 0.0417513379349516, "lamda": 0.13715169407761027}, "datetime": {"datetime": "2021-09-20 09:26:31", "elapsed": 2903.570062, "delta": 14.461949}}
{"target": -5.471168855145115, "params": {"C": 203.28140840094656, "epsilon": 4.873641876685948, "gamma": 0.02894056524263689, "lamda": 0.037514790953555296}, "datetime": {"datetime": "2021-09-20 09:26:47", "elapsed": 2919.874063, "delta": 16.304001}}
{"target": 0.8927063226699886, "params": {"C": 283.41637131967184, "epsilon": 2.958690941580317, "gamma": 0.06530304500846203, "lamda": 0.00015387633125212648}, "datetime": {"datetime": "2021-09-20 09:26:48", "elapsed": 2920.236058, "delta": 0.361995}}
{"target": -5.708667448992991, "params": {"C": 184.13966074833797, "epsilon": 0.812477807439055, "gamma": 0.04466959575216767, "lamda": 0.17926461503824415}, "datetime": {"datetime": "2021-09-20 09:26:56", "elapsed": 2929.010089, "delta": 8.774031}}
{"target": -4.092087159812014, "params": {"C": 280.9641567404461, "epsilon": 3.531418244403904, "gamma": 0.09674704684968077, "lamda": 0.16542737333045535}, "datetime": {"datetime": "2021-09-20 09:27:05", "elapsed": 2937.900058, "delta": 8.889969}}
{"target": -5.126223246164828, "params": {"C": 224.37395956278186, "epsilon": 1.881094548096036, "gamma": 0.05874260503836746, "lamda": 0.1849482379668608}, "datetime": {"datetime": "2021-09-20 09:27:20", "elapsed": 2952.891059, "delta": 14.991001}}
{"target": -5.554802044870173, "params": {"C": 208.04838513844382, "epsilon": 2.5151162798134696, "gamma": 0.05461542995131231, "lamda": 0.17699341880109384}, "datetime": {"datetime": "2021-09-20 09:27:34", "elapsed": 2966.466059, "delta": 13.575}}
{"target": 0.8824438086770201, "params": {"C": 207.489518520793, "epsilon": 1.5581161050379888, "gamma": 0.1449310176279771, "lamda": 0.03817479776451832}, "datetime": {"datetime": "2021-09-20 09:27:34", "elapsed": 2966.826065, "delta": 0.360006}}
{"target": -2.5160645821386596, "params": {"C": 167.72889440205577, "epsilon": 4.20128913284621, "gamma": 0.15010650466705938, "lamda": 0.1181045190088758}, "datetime": {"datetime": "2021-09-20 09:27:48", "elapsed": 2981.184058, "delta": 14.357993}}
{"target": -2.9435576819156615, "params": {"C": 186.4337362447306, "epsilon": 3.1539110114191624, "gamma": 0.12947928754452873, "lamda": 0.06551456125302092}, "datetime": {"datetime": "2021-09-20 09:28:06", "elapsed": 2998.776063, "delta": 17.592005}}
{"target": -4.055064510581852, "params": {"C": 160.12340146013133, "epsilon": 4.414639128065201, "gamma": 0.0946915625594804, "lamda": 0.1527747797405679}, "datetime": {"datetime": "2021-09-20 09:28:14", "elapsed": 3007.106097, "delta": 8.330034}}
{"target": -4.550161269648293, "params": {"C": 188.08329314141093, "epsilon": 2.997797193110833, "gamma": 0.08861505626801557, "lamda": 0.07642074640918536}, "datetime": {"datetime": "2021-09-20 09:28:24", "elapsed": 3016.406059, "delta": 9.299962}}
{"target": -3.514625329712115, "params": {"C": 169.00700757703842, "epsilon": 1.2969066497239818, "gamma": 0.020471608676872196, "lamda": 0.060572358085211005}, "datetime": {"datetime": "2021-09-20 09:28:33", "elapsed": 3025.570063, "delta": 9.164004}}
{"target": 0.8823405770848926, "params": {"C": 261.2557200347333, "epsilon": 3.1135770523581394, "gamma": 0.13612016429211554, "lamda": 0.0016776075219267928}, "datetime": {"datetime": "2021-09-20 09:28:33", "elapsed": 3025.920059, "delta": 0.349996}}
{"target": -5.170532931789987, "params": {"C": 251.75654583769798, "epsilon": 2.5655853836601468, "gamma": 0.05002714784441494, "lamda": 0.034980126899875466}, "datetime": {"datetime": "2021-09-20 09:28:42", "elapsed": 3034.321059, "delta": 8.401}}
{"target": -1.8971286498718927, "params": {"C": 177.74744483262447, "epsilon": 4.236874024867983, "gamma": 0.19660500891449165, "lamda": 0.1827480112287015}, "datetime": {"datetime": "2021-09-20 09:28:53", "elapsed": 3045.580062, "delta": 11.259003}}
{"target": -3.190751724008619, "params": {"C": 202.10541305592193, "epsilon": 3.9231004404876826, "gamma": 0.11155864518677898, "lamda": 0.16328866306879}, "datetime": {"datetime": "2021-09-20 09:29:05", "elapsed": 3057.505065, "delta": 11.925003}}
{"target": 0.877653009031077, "params": {"C": 222.55904267833586, "epsilon": 2.9907613616670785, "gamma": 0.158516372267231, "lamda": 0.020047828385983367}, "datetime": {"datetime": "2021-09-20 09:29:05", "elapsed": 3057.923058, "delta": 0.417993}}
{"target": -2.958836091754676, "params": {"C": 230.5510675260811, "epsilon": 1.893318398681306, "gamma": 0.1228398345154301, "lamda": 0.19176054432488446}, "datetime": {"datetime": "2021-09-20 09:29:18", "elapsed": 3071.059059, "delta": 13.136001}}
{"target": -2.3584726877696642, "params": {"C": 208.92344174954437, "epsilon": 2.0255676899139208, "gamma": 0.1591742137499718, "lamda": 0.1290160347386862}, "datetime": {"datetime": "2021-09-20 09:29:31", "elapsed": 3083.792062, "delta": 12.733003}}
{"target": -3.3964740593956515, "params": {"C": 209.08260117830648, "epsilon": 3.4758797363282325, "gamma": 0.08378031376560391, "lamda": 0.027223494736470174}, "datetime": {"datetime": "2021-09-20 09:29:40", "elapsed": 3092.703059, "delta": 8.910997}}
{"target": -5.575192550289074, "params": {"C": 217.59649030082016, "epsilon": 1.738655024216636, "gamma": 0.04750394136192774, "lamda": 0.18515503455248636}, "datetime": {"datetime": "2021-09-20 09:29:55", "elapsed": 3107.904058, "delta": 15.200999}}
{"target": -2.777457797126179, "params": {"C": 253.44590986193367, "epsilon": 3.034222364054768, "gamma": 0.150598207063986, "lamda": 0.10839467038322653}, "datetime": {"datetime": "2021-09-20 09:30:07", "elapsed": 3119.618059, "delta": 11.714001}}
{"target": 0.8710986927417725, "params": {"C": 255.07996089292538, "epsilon": 4.659743114324241, "gamma": 0.17321025542851828, "lamda": 0.033489204059446755}, "datetime": {"datetime": "2021-09-20 09:30:07", "elapsed": 3119.993058, "delta": 0.374999}}
{"target": 0.8703348962148483, "params": {"C": 189.47085358858112, "epsilon": 0.4508903692648423, "gamma": 0.19584119700587768, "lamda": 0.04727758334797646}, "datetime": {"datetime": "2021-09-20 09:30:08", "elapsed": 3120.335062, "delta": 0.342004}}
{"target": -5.2553158236516655, "params": {"C": 249.0897533892898, "epsilon": 0.5391904247445639, "gamma": 0.04610033370696865, "lamda": 0.1005653738792974}, "datetime": {"datetime": "2021-09-20 09:30:16", "elapsed": 3129.134062, "delta": 8.799}}
{"target": -3.1894378045966185, "params": {"C": 165.74305024948922, "epsilon": 2.0054796732041495, "gamma": 0.10990760542723778, "lamda": 0.06784149777283512}, "datetime": {"datetime": "2021-09-20 09:30:30", "elapsed": 3142.46443, "delta": 13.330368}}
