{"target": 0.8423590696762804, "params": {"C": 81.09368267616156, "epsilon": 9.939970923274622, "gamma": 0.3, "lamda": 0.23848168075582551}, "datetime": {"datetime": "2021-09-19 11:12:46", "elapsed": 1650.917623, "delta": 2.362144}}
{"target": -6.647193099503846, "params": {"C": 43.72747158756955, "epsilon": 12.231545646699637, "gamma": 0.09006822530272938, "lamda": 0.7352673841975027}, "datetime": {"datetime": "2021-09-19 11:13:00", "elapsed": 1665.687356, "delta": 14.769733}}
{"target": 0.8769251623109535, "params": {"C": 33.832040358592465, "epsilon": 3.576662604360535, "gamma": 0.16154483051409707, "lamda": 1.4433052168583447}, "datetime": {"datetime": "2021-09-19 11:13:03", "elapsed": 1667.873608, "delta": 2.186252}}
{"target": -5.215296685826681, "params": {"C": 89.06667124531968, "epsilon": 13.510020146180725, "gamma": 0.13580818620486604, "lamda": 1.2542790555733232}, "datetime": {"datetime": "2021-09-19 11:13:17", "elapsed": 1682.242576, "delta": 14.368968}}
{"target": -2.964357937271886, "params": {"C": 62.69066284456344, "epsilon": 8.635641141878207, "gamma": 0.20094733634203021, "lamda": 1.4139645433549792}, "datetime": {"datetime": "2021-09-19 11:13:27", "elapsed": 1692.209541, "delta": 9.966965}}
{"target": -4.765382822216041, "params": {"C": 39.40375619675532, "epsilon": 6.689788624621414, "gamma": 0.09788234290160819, "lamda": 0.4542117212162778}, "datetime": {"datetime": "2021-09-19 11:13:42", "elapsed": 1707.002506, "delta": 14.792965}}
{"target": 0.8626782423754926, "params": {"C": 98.5292649715324, "epsilon": 4.868023867376252, "gamma": 0.23723963998461825, "lamda": 0.2565162844552829}, "datetime": {"datetime": "2021-09-19 11:13:43", "elapsed": 1708.408026, "delta": 1.40552}}
{"target": -1.8183066278730378, "params": {"C": 107.35707098259951, "epsilon": 6.677313714008877, "gamma": 0.16554617019509063, "lamda": 1.2918902804905177}, "datetime": {"datetime": "2021-09-19 11:13:53", "elapsed": 1717.807964, "delta": 9.399938}}
{"target": -1.6916846279368167, "params": {"C": 79.62273713702784, "epsilon": 12.27073009646606, "gamma": 0.1716689787437909, "lamda": 0.16669590402704676}, "datetime": {"datetime": "2021-09-19 11:14:02", "elapsed": 1726.806648, "delta": 8.998684}}
{"target": 0.8481820317718393, "params": {"C": 27.680964186562534, "epsilon": 8.41957927463324, "gamma": 0.2823423613149654, "lamda": 0.40896570120411185}, "datetime": {"datetime": "2021-09-19 11:14:04", "elapsed": 1728.857405, "delta": 2.050757}}
{"target": 0.8790830411016978, "params": {"C": 68.29244531864094, "epsilon": 9.43148523365176, "gamma": 0.15921192746495022, "lamda": 0.20594220065647756}, "datetime": {"datetime": "2021-09-19 11:14:05", "elapsed": 1730.258247, "delta": 1.400842}}
{"target": 0.8503508823402115, "params": {"C": 36.85672572271911, "epsilon": 7.510484747503622, "gamma": 0.2646759202762363, "lamda": 0.0011772571863071716}, "datetime": {"datetime": "2021-09-19 11:14:07", "elapsed": 1732.61562, "delta": 2.357373}}
{"target": 0.8860306059065036, "params": {"C": 29.77650838002623, "epsilon": 9.041670021903984, "gamma": 0.11591329226213078, "lamda": 0.3507544325466243}, "datetime": {"datetime": "2021-09-19 11:14:09", "elapsed": 1734.671945, "delta": 2.056325}}
{"target": 0.8661250255526083, "params": {"C": 30.018395649221866, "epsilon": 8.537985016174781, "gamma": 0.2121571468388827, "lamda": 0.5123723893819767}, "datetime": {"datetime": "2021-09-19 11:14:12", "elapsed": 1737.241729, "delta": 2.569784}}
{"target": 0.8539040003478684, "params": {"C": 66.76017076844857, "epsilon": 8.85612105896771, "gamma": 0.26263720518761124, "lamda": 0.13952590392580363}, "datetime": {"datetime": "2021-09-19 11:14:13", "elapsed": 1738.698805, "delta": 1.457076}}
{"target": 0.8657730672704339, "params": {"C": 32.47868555669002, "epsilon": 5.211369586481061, "gamma": 0.22065921873393965, "lamda": 0.5308771864833096}, "datetime": {"datetime": "2021-09-19 11:14:16", "elapsed": 1741.22389, "delta": 2.525085}}
{"target": -4.371100557460435, "params": {"C": 30.29883061833136, "epsilon": 9.15833061765267, "gamma": 0.1385624937111714, "lamda": 0.3987067419570409}, "datetime": {"datetime": "2021-09-19 11:14:31", "elapsed": 1756.276421, "delta": 15.052531}}
{"target": 0.8731064060349513, "params": {"C": 21.642319231028722, "epsilon": 4.120761474874394, "gamma": 0.16082287640916498, "lamda": 1.2257354260527613}, "datetime": {"datetime": "2021-09-19 11:14:32", "elapsed": 1757.732938, "delta": 1.456517}}
{"target": 0.8484394945413587, "params": {"C": 29.546613645222777, "epsilon": 8.714537618439298, "gamma": 0.2810393320510831, "lamda": 0.31380657489821934}, "datetime": {"datetime": "2021-09-19 11:14:35", "elapsed": 1759.992769, "delta": 2.259831}}
{"target": 0.8561273834570643, "params": {"C": 37.154652299271746, "epsilon": 7.502095255342946, "gamma": 0.2442748777733546, "lamda": 0.5897406341361799}, "datetime": {"datetime": "2021-09-19 11:14:37", "elapsed": 1762.41879, "delta": 2.426021}}
{"target": -2.3491048371604415, "params": {"C": 109.94929485631805, "epsilon": 6.6049437612744235, "gamma": 0.17980715943482478, "lamda": 0.45344667199359573}, "datetime": {"datetime": "2021-09-19 11:14:51", "elapsed": 1776.361923, "delta": 13.943133}}
{"target": 0.8872944522463586, "params": {"C": 34.63480960646246, "epsilon": 5.703011111223657, "gamma": 0.11131592406144933, "lamda": 0.03627961975209884}, "datetime": {"datetime": "2021-09-19 11:14:53", "elapsed": 1778.557611, "delta": 2.195688}}
{"target": -5.655683766293984, "params": {"C": 49.51154569681388, "epsilon": 11.22770262482626, "gamma": 0.10658180485145716, "lamda": 0.28711959196762477}, "datetime": {"datetime": "2021-09-19 11:15:08", "elapsed": 1792.823169, "delta": 14.265558}}
{"target": -4.0192826193857085, "params": {"C": 34.48190176779156, "epsilon": 3.510403028120552, "gamma": 0.09861947270625003, "lamda": 1.0994627380002358}, "datetime": {"datetime": "2021-09-19 11:15:23", "elapsed": 1808.264636, "delta": 15.441467}}
{"target": -3.1569902985905065, "params": {"C": 21.764368470910416, "epsilon": 8.20346936838747, "gamma": 0.17222759004438132, "lamda": 1.2476745516009593}, "datetime": {"datetime": "2021-09-19 11:15:38", "elapsed": 1823.067953, "delta": 14.803317}}
{"target": 0.8699168168204751, "params": {"C": 34.52199304007963, "epsilon": 5.917086450546082, "gamma": 0.19735819148941586, "lamda": 0.3660994896830086}, "datetime": {"datetime": "2021-09-19 11:15:40", "elapsed": 1825.546352, "delta": 2.478399}}
{"target": -2.0644643097346225, "params": {"C": 28.850468307337135, "epsilon": 7.908365170968901, "gamma": 0.28571081595349035, "lamda": 0.5944767617448606}, "datetime": {"datetime": "2021-09-19 11:15:55", "elapsed": 1840.498796, "delta": 14.952444}}
{"target": -2.7105497197010764, "params": {"C": 96.08265902860933, "epsilon": 10.024606083659114, "gamma": 0.2781895190722858, "lamda": 1.2563857352125385}, "datetime": {"datetime": "2021-09-19 11:16:05", "elapsed": 1850.023255, "delta": 9.524459}}
{"target": 0.8469000224892627, "params": {"C": 31.24165410623463, "epsilon": 5.037087462069833, "gamma": 0.3, "lamda": 0.001}, "datetime": {"datetime": "2021-09-19 11:16:07", "elapsed": 1852.33466, "delta": 2.311405}}
{"target": 0.8868573599657191, "params": {"C": 28.77711752297602, "epsilon": 6.052609187637568, "gamma": 0.10606153671550801, "lamda": 0.9129125353729568}, "datetime": {"datetime": "2021-09-19 11:16:09", "elapsed": 1853.807778, "delta": 1.473118}}
{"target": 0.8658226292911063, "params": {"C": 28.07382240112816, "epsilon": 7.190938149363872, "gamma": 0.20679820060761042, "lamda": 0.5825158118638858}, "datetime": {"datetime": "2021-09-19 11:16:11", "elapsed": 1855.87215, "delta": 2.064372}}
{"target": 0.8517706002591492, "params": {"C": 33.56834996927331, "epsilon": 3.3512310315123495, "gamma": 0.2857867914999478, "lamda": 1.3373012695381168}, "datetime": {"datetime": "2021-09-19 11:16:12", "elapsed": 1857.777193, "delta": 1.905043}}
{"target": -4.498735402631028, "params": {"C": 50.98339065404701, "epsilon": 11.888788481478631, "gamma": 0.15953503900928662, "lamda": 0.5628418720973749}, "datetime": {"datetime": "2021-09-19 11:16:27", "elapsed": 1872.19957, "delta": 14.422377}}
{"target": 0.8619353213308252, "params": {"C": 30.186934217830064, "epsilon": 11.263326123360535, "gamma": 0.22249243092637044, "lamda": 0.001}, "datetime": {"datetime": "2021-09-19 11:16:29", "elapsed": 1874.610037, "delta": 2.410467}}
{"target": -3.5213695446779116, "params": {"C": 63.968237764860795, "epsilon": 5.629161081653285, "gamma": 0.1260799565972303, "lamda": 0.4965721209868785}, "datetime": {"datetime": "2021-09-19 11:16:39", "elapsed": 1883.946933, "delta": 9.336896}}
{"target": 0.8493346056371736, "params": {"C": 33.53312981916447, "epsilon": 4.25149173983829, "gamma": 0.2928422685775316, "lamda": 0.8845665699674984}, "datetime": {"datetime": "2021-09-19 11:16:41", "elapsed": 1886.353516, "delta": 2.406583}}
{"target": 0.8624841630773363, "params": {"C": 30.127400863524095, "epsilon": 6.107384203142454, "gamma": 0.23140551936786283, "lamda": 0.025505790997072193}, "datetime": {"datetime": "2021-09-19 11:16:44", "elapsed": 1888.806043, "delta": 2.452527}}
{"target": 0.8503223576500014, "params": {"C": 22.080465870555425, "epsilon": 3.20959606485248, "gamma": 0.2741997350981281, "lamda": 1.404872204950879}, "datetime": {"datetime": "2021-09-19 11:16:46", "elapsed": 1891.249388, "delta": 2.443345}}
{"target": 0.8455856370154001, "params": {"C": 23.226089761626326, "epsilon": 13.80695386740926, "gamma": 0.28316608993223347, "lamda": 0.19699241504647738}, "datetime": {"datetime": "2021-09-19 11:16:47", "elapsed": 1892.687585, "delta": 1.438197}}
{"target": -2.702736949676389, "params": {"C": 106.92337200773143, "epsilon": 6.805188223261507, "gamma": 0.12684449073502876, "lamda": 0.8439945451733833}, "datetime": {"datetime": "2021-09-19 11:16:57", "elapsed": 1902.219156, "delta": 9.531571}}
{"target": 0.8806842574244614, "params": {"C": 28.571191480945984, "epsilon": 4.420577014692816, "gamma": 0.14047144914421128, "lamda": 0.38395648544232236}, "datetime": {"datetime": "2021-09-19 11:16:58", "elapsed": 1903.690935, "delta": 1.471779}}
{"target": -3.519787614850501, "params": {"C": 21.74107444730045, "epsilon": 3.0971676402556776, "gamma": 0.11768904773544485, "lamda": 1.1947255354544077}, "datetime": {"datetime": "2021-09-19 11:17:14", "elapsed": 1919.254747, "delta": 15.563812}}
{"target": 0.8615051667668192, "params": {"C": 29.56865169932101, "epsilon": 9.043464056882044, "gamma": 0.22946837130568315, "lamda": 0.07049561342975662}, "datetime": {"datetime": "2021-09-19 11:17:17", "elapsed": 1922.119651, "delta": 2.864904}}
{"target": 0.8533375351084622, "params": {"C": 21.566994036091817, "epsilon": 3.8425370112541883, "gamma": 0.25597633703365175, "lamda": 0.9336171628589521}, "datetime": {"datetime": "2021-09-19 11:17:18", "elapsed": 1923.673579, "delta": 1.553928}}
{"target": 0.8500720928210254, "params": {"C": 34.4602433086436, "epsilon": 6.230542262232046, "gamma": 0.2754900266530236, "lamda": 0.04421342301608756}, "datetime": {"datetime": "2021-09-19 11:17:21", "elapsed": 1926.027064, "delta": 2.353485}}
{"target": 0.8682877832509006, "params": {"C": 32.75526906395219, "epsilon": 5.1962793415128345, "gamma": 0.21024045115817597, "lamda": 1.0042600695886967}, "datetime": {"datetime": "2021-09-19 11:17:22", "elapsed": 1927.577956, "delta": 1.550892}}
{"target": -3.2328709759725065, "params": {"C": 113.4963421735238, "epsilon": 7.968419680239327, "gamma": 0.10197804196187601, "lamda": 0.47384660608415263}, "datetime": {"datetime": "2021-09-19 11:17:31", "elapsed": 1936.718476, "delta": 9.14052}}
{"target": -3.1553183013724384, "params": {"C": 74.2796304141541, "epsilon": 8.595437038889427, "gamma": 0.1889954956827169, "lamda": 1.1224825922232218}, "datetime": {"datetime": "2021-09-19 11:17:46", "elapsed": 1951.727476, "delta": 15.009}}
{"target": 0.8476095419339913, "params": {"C": 35.21025377905298, "epsilon": 6.161197042483755, "gamma": 0.2919165203447498, "lamda": 0.48425266494036473}, "datetime": {"datetime": "2021-09-19 11:17:49", "elapsed": 1953.978476, "delta": 2.251}}
{"target": 0.8609456856550495, "params": {"C": 27.65121295791502, "epsilon": 7.772597164788158, "gamma": 0.23338872150799578, "lamda": 0.5908677024736422}, "datetime": {"datetime": "2021-09-19 11:17:52", "elapsed": 1956.91097, "delta": 2.932494}}
{"target": 0.8541725502195934, "params": {"C": 64.8004277233351, "epsilon": 11.488844633637376, "gamma": 0.25418270093872974, "lamda": 0.5403412678832721}, "datetime": {"datetime": "2021-09-19 11:17:53", "elapsed": 1958.499962, "delta": 1.588992}}
{"target": 0.8736599729285512, "params": {"C": 37.722900380738416, "epsilon": 7.31407576065374, "gamma": 0.17309357155100824, "lamda": 0.1602877463695053}, "datetime": {"datetime": "2021-09-19 11:17:55", "elapsed": 1960.232041, "delta": 1.732079}}
{"target": -1.7299314008472804, "params": {"C": 87.93146163404424, "epsilon": 6.51981606283676, "gamma": 0.20252675021580369, "lamda": 1.0582319563324716}, "datetime": {"datetime": "2021-09-19 11:18:12", "elapsed": 1977.320645, "delta": 17.088604}}
{"target": -0.8489646161267794, "params": {"C": 33.79965030679623, "epsilon": 3.432285040306872, "gamma": 0.28796517070216415, "lamda": 0.5574322928170131}, "datetime": {"datetime": "2021-09-19 11:18:28", "elapsed": 1993.277712, "delta": 15.957067}}
{"target": -4.938646334351069, "params": {"C": 104.16228751666723, "epsilon": 10.113369225460605, "gamma": 0.12607985741502825, "lamda": 0.5916186860407835}, "datetime": {"datetime": "2021-09-19 11:18:37", "elapsed": 2002.651468, "delta": 9.373756}}
{"target": 0.8611981607973062, "params": {"C": 21.40272022772968, "epsilon": 3.7928448049270016, "gamma": 0.219428657416211, "lamda": 0.21711787579546787}, "datetime": {"datetime": "2021-09-19 11:18:40", "elapsed": 2005.618229, "delta": 2.966761}}
{"target": -3.133361591811047, "params": {"C": 30.361800702875236, "epsilon": 7.322607560869523, "gamma": 0.1715537886041472, "lamda": 0.6198138509456509}, "datetime": {"datetime": "2021-09-19 11:18:57", "elapsed": 2022.392926, "delta": 16.774697}}
{"target": 0.8521962946208371, "params": {"C": 21.172810076843454, "epsilon": 3.3243610602081577, "gamma": 0.25869828531622646, "lamda": 0.17846639390466504}, "datetime": {"datetime": "2021-09-19 11:18:59", "elapsed": 2024.693653, "delta": 2.300727}}
{"target": 0.8801987158911341, "params": {"C": 20.534427157918525, "epsilon": 4.471814198879033, "gamma": 0.11893245663778165, "lamda": 0.7121597209189925}, "datetime": {"datetime": "2021-09-19 11:19:02", "elapsed": 2027.150856, "delta": 2.457203}}
{"target": 0.861177728310041, "params": {"C": 22.419239038672526, "epsilon": 3.6895602781778396, "gamma": 0.2235086880910492, "lamda": 1.4739245928511013}, "datetime": {"datetime": "2021-09-19 11:19:04", "elapsed": 2029.71114, "delta": 2.560284}}
{"target": -4.105909629974337, "params": {"C": 44.3714340685905, "epsilon": 9.57302288729999, "gamma": 0.13340172651882465, "lamda": 0.737423332436251}, "datetime": {"datetime": "2021-09-19 11:19:19", "elapsed": 2044.270369, "delta": 14.559229}}
{"target": 0.8609088515535854, "params": {"C": 27.70357773545618, "epsilon": 6.92759441978612, "gamma": 0.2353088532429859, "lamda": 0.22595893032280856}, "datetime": {"datetime": "2021-09-19 11:19:22", "elapsed": 2047.669521, "delta": 3.399152}}
{"target": 0.8457005218934255, "params": {"C": 64.50413928943394, "epsilon": 7.106783305496767, "gamma": 0.2985065869138168, "lamda": 0.3880780690702462}, "datetime": {"datetime": "2021-09-19 11:19:24", "elapsed": 2049.184454, "delta": 1.514933}}
{"target": 0.8744597374340072, "params": {"C": 30.705494297601238, "epsilon": 11.18741350867056, "gamma": 0.163906033333874, "lamda": 0.13784560728945047}, "datetime": {"datetime": "2021-09-19 11:19:27", "elapsed": 2052.000413, "delta": 2.815959}}
{"target": -5.895911683658616, "params": {"C": 30.41274248987887, "epsilon": 11.486282624574415, "gamma": 0.09, "lamda": 0.41040838173418603}, "datetime": {"datetime": "2021-09-19 11:19:43", "elapsed": 2068.520179, "delta": 16.519766}}
{"target": 0.8536622616955731, "params": {"C": 30.605155310143143, "epsilon": 7.588273708119593, "gamma": 0.2601472362067172, "lamda": 0.4116161454907648}, "datetime": {"datetime": "2021-09-19 11:19:45", "elapsed": 2070.182797, "delta": 1.662618}}
{"target": -5.505471722251271, "params": {"C": 42.451590622133565, "epsilon": 9.962053471130895, "gamma": 0.10279244524415544, "lamda": 0.7747069132016553}, "datetime": {"datetime": "2021-09-19 11:20:00", "elapsed": 2085.157032, "delta": 14.974235}}
{"target": -2.9431722323148906, "params": {"C": 87.01357508882009, "epsilon": 11.531380232267693, "gamma": 0.2840649448286404, "lamda": 1.236330807938352}, "datetime": {"datetime": "2021-09-19 11:20:14", "elapsed": 2099.630055, "delta": 14.473023}}
{"target": 0.8447544796617127, "params": {"C": 31.12318465328148, "epsilon": 11.27738220867172, "gamma": 0.2709068596431702, "lamda": 0.12870462532355267}, "datetime": {"datetime": "2021-09-19 11:20:17", "elapsed": 2102.247036, "delta": 2.616981}}
{"target": -3.3580054491659626, "params": {"C": 40.7496060228191, "epsilon": 7.296601329148006, "gamma": 0.17085718020917032, "lamda": 0.9108642434783164}, "datetime": {"datetime": "2021-09-19 11:20:31", "elapsed": 2116.688392, "delta": 14.441356}}
{"target": -2.9717484828587533, "params": {"C": 68.58396861002966, "epsilon": 8.790416911484769, "gamma": 0.1965828537882771, "lamda": 0.729680493960635}, "datetime": {"datetime": "2021-09-19 11:20:41", "elapsed": 2126.35768, "delta": 9.669288}}
{"target": 0.8349772919005963, "params": {"C": 31.023098483622412, "epsilon": 11.761190843390445, "gamma": 0.3, "lamda": 0.001}, "datetime": {"datetime": "2021-09-19 11:20:45", "elapsed": 2130.507688, "delta": 4.150008}}
{"target": 0.8473928455985227, "params": {"C": 30.7958446296191, "epsilon": 10.685407411714003, "gamma": 0.2690471411501001, "lamda": 0.047969964522696494}, "datetime": {"datetime": "2021-09-19 11:20:48", "elapsed": 2133.092772, "delta": 2.585084}}
{"target": 0.8349112321960834, "params": {"C": 30.70427290533748, "epsilon": 12.18368404898853, "gamma": 0.3, "lamda": 0.001}, "datetime": {"datetime": "2021-09-19 11:20:52", "elapsed": 2136.866822, "delta": 3.77405}}
{"target": 0.8674593369563143, "params": {"C": 34.77937277823421, "epsilon": 6.3768759867582725, "gamma": 0.20686215399543095, "lamda": 0.531247256901055}, "datetime": {"datetime": "2021-09-19 11:20:54", "elapsed": 2139.569254, "delta": 2.702432}}
{"target": 0.8718509824365396, "params": {"C": 22.586105417060804, "epsilon": 3.1666567329346855, "gamma": 0.1704548108376049, "lamda": 1.4051444916110936}, "datetime": {"datetime": "2021-09-19 11:20:57", "elapsed": 2142.614429, "delta": 3.045175}}
{"target": -3.2897163993254894, "params": {"C": 72.61372080467905, "epsilon": 4.917473244897094, "gamma": 0.09736383862524933, "lamda": 1.395699318012081}, "datetime": {"datetime": "2021-09-19 11:21:07", "elapsed": 2152.700756, "delta": 10.086327}}
{"target": 0.8592877542934543, "params": {"C": 21.67939293728242, "epsilon": 3.3796948199757524, "gamma": 0.23176907501577246, "lamda": 0.34142966657866436}, "datetime": {"datetime": "2021-09-19 11:21:11", "elapsed": 2156.714509, "delta": 4.013753}}
{"target": -0.8833284721800445, "params": {"C": 103.52319294581928, "epsilon": 10.666957507869633, "gamma": 0.2665377668013775, "lamda": 0.8042492889577713}, "datetime": {"datetime": "2021-09-19 11:21:21", "elapsed": 2165.968349, "delta": 9.25384}}
{"target": 0.8885045597279979, "params": {"C": 30.596521867662112, "epsilon": 7.853702001076387, "gamma": 0.10797009885093026, "lamda": 0.02622106951342663}, "datetime": {"datetime": "2021-09-19 11:21:24", "elapsed": 2168.963346, "delta": 2.994997}}
{"target": -1.3915206519627654, "params": {"C": 112.42479237308541, "epsilon": 9.267416162785327, "gamma": 0.20124219598042364, "lamda": 1.1202246387555843}, "datetime": {"datetime": "2021-09-19 11:21:33", "elapsed": 2178.441554, "delta": 9.478208}}
{"target": 0.8540201860782043, "params": {"C": 20.59689125947716, "epsilon": 3.1327875163531016, "gamma": 0.24804416538943883, "lamda": 1.3119552382559694}, "datetime": {"datetime": "2021-09-19 11:21:36", "elapsed": 2180.944139, "delta": 2.502585}}
{"target": 0.8451263943609715, "params": {"C": 27.650229586242776, "epsilon": 7.386959434800327, "gamma": 0.3, "lamda": 0.3302244172681142}, "datetime": {"datetime": "2021-09-19 11:21:38", "elapsed": 2183.710311, "delta": 2.766172}}
{"target": 0.840611428915019, "params": {"C": 31.031349574414286, "epsilon": 9.787778269381274, "gamma": 0.29167885105067437, "lamda": 0.1415472286568701}, "datetime": {"datetime": "2021-09-19 11:21:40", "elapsed": 2185.414307, "delta": 1.703996}}
{"target": 0.87288403833884, "params": {"C": 31.77336766321978, "epsilon": 4.455700552345369, "gamma": 0.17990882840001052, "lamda": 1.2462852948529173}, "datetime": {"datetime": "2021-09-19 11:21:44", "elapsed": 2188.94464, "delta": 3.530333}}
{"target": 0.8521779533699183, "params": {"C": 31.263358833401547, "epsilon": 10.332307907053435, "gamma": 0.25900415504380064, "lamda": 0.17298765558046902}, "datetime": {"datetime": "2021-09-19 11:21:47", "elapsed": 2192.065259, "delta": 3.120619}}
{"target": 0.8392061408132884, "params": {"C": 117.39873636060021, "epsilon": 12.393618467499497, "gamma": 0.2914377586492278, "lamda": 0.09936576283258415}, "datetime": {"datetime": "2021-09-19 11:21:49", "elapsed": 2193.787153, "delta": 1.721894}}
{"target": 0.8624516408527616, "params": {"C": 27.599958375831417, "epsilon": 6.9892339742756375, "gamma": 0.2303606045899626, "lamda": 0.6839612129969349}, "datetime": {"datetime": "2021-09-19 11:21:51", "elapsed": 2196.095304, "delta": 2.308151}}
{"target": -3.377416830343141, "params": {"C": 46.15480927584312, "epsilon": 8.599995558268303, "gamma": 0.16574002770535318, "lamda": 1.3489868684397952}, "datetime": {"datetime": "2021-09-19 11:22:06", "elapsed": 2211.261125, "delta": 15.165821}}
