{"target": 0.4169978119378448, "params": {"C": 7.761037906577147, "epsilon": 0.976551515569894, "gamma": 1.1672870755332645, "lamda": 0.23773980176475656}, "datetime": {"datetime": "2021-07-03 10:53:01", "elapsed": 315.163609, "delta": 0.839023}}
{"target": 0.3017322609876477, "params": {"C": 8.439519544886412, "epsilon": 8.117100003404715, "gamma": 1.9643021163810126, "lamda": 0.45028877075317697}, "datetime": {"datetime": "2021-07-03 10:53:02", "elapsed": 316.189567, "delta": 1.025958}}
{"target": 0.3129522821696117, "params": {"C": 9.16240901161316, "epsilon": 2.2891831496994546, "gamma": 1.9210299068125098, "lamda": 0.44081677169100997}, "datetime": {"datetime": "2021-07-03 10:53:04", "elapsed": 318.093592, "delta": 1.904025}}
{"target": 0.7630116832169047, "params": {"C": 3.2717738090031525, "epsilon": 6.650593134246292, "gamma": 0.023197713199078217, "lamda": 0.17030413227831037}, "datetime": {"datetime": "2021-07-03 10:53:05", "elapsed": 319.343615, "delta": 1.250023}}
{"target": 0.27165861508133127, "params": {"C": 4.813594508426891, "epsilon": 7.357815226759412, "gamma": 1.5578887826253074, "lamda": 0.5946651044911787}, "datetime": {"datetime": "2021-07-03 10:53:06", "elapsed": 320.156587, "delta": 0.812972}}
{"target": 0.20311876899534753, "params": {"C": 4.0663882243037905, "epsilon": 1.1024052861096776, "gamma": 1.9783788547238916, "lamda": 0.5709809385916387}, "datetime": {"datetime": "2021-07-03 10:53:07", "elapsed": 320.993586, "delta": 0.836999}}
{"target": 0.3085101142497939, "params": {"C": 7.529269938697731, "epsilon": 0.9975549109927693, "gamma": 1.7303389208990212, "lamda": 0.5793383785529297}, "datetime": {"datetime": "2021-07-03 10:53:07", "elapsed": 321.769605, "delta": 0.776019}}
{"target": 0.2349199836897572, "params": {"C": 1.9513059796120813, "epsilon": 4.81273673433819, "gamma": 1.0585762798429619, "lamda": 0.7496171208385106}, "datetime": {"datetime": "2021-07-03 10:53:08", "elapsed": 322.831567, "delta": 1.061962}}
{"target": 0.2116645579676758, "params": {"C": 4.346453096071748, "epsilon": 1.108003142798588, "gamma": 1.962935675983426, "lamda": 0.9634234160247681}, "datetime": {"datetime": "2021-07-03 10:53:09", "elapsed": 323.740607, "delta": 0.90904}}
{"target": 0.1016317573542822, "params": {"C": 0.5854662911298489, "epsilon": 6.970255840959666, "gamma": 1.005639497340477, "lamda": 0.1657454716112552}, "datetime": {"datetime": "2021-07-03 10:53:10", "elapsed": 324.586616, "delta": 0.846009}}
{"target": -6.38489898352135, "params": {"C": 4.0515450802439155, "epsilon": 9.887707778524781, "gamma": 0.07035862035086449, "lamda": 0.3471116460532905}, "datetime": {"datetime": "2021-07-03 10:53:20", "elapsed": 334.00666, "delta": 9.420044}}
{"target": 0.36393152773854065, "params": {"C": 7.929729831485519, "epsilon": 0.10173592663877555, "gamma": 1.4345062701873699, "lamda": 0.7116499768010317}, "datetime": {"datetime": "2021-07-03 10:53:20", "elapsed": 334.941609, "delta": 0.934949}}
{"target": 0.45639388901953004, "params": {"C": 3.4505522660117514, "epsilon": 5.201988141437221, "gamma": 0.5696571349113818, "lamda": 0.7615521749426258}, "datetime": {"datetime": "2021-07-03 10:53:21", "elapsed": 335.894662, "delta": 0.953053}}
{"target": 0.17914943018342033, "params": {"C": 2.445215393771112, "epsilon": 3.0386333291088183, "gamma": 1.654436218353552, "lamda": 0.738017315456798}, "datetime": {"datetime": "2021-07-03 10:53:22", "elapsed": 336.670621, "delta": 0.775959}}
{"target": 0.19209031112421782, "params": {"C": 3.6801278474768804, "epsilon": 1.177386316365445, "gamma": 1.982534652599062, "lamda": 0.13230082257017245}, "datetime": {"datetime": "2021-07-03 10:53:23", "elapsed": 337.463656, "delta": 0.793035}}
{"target": 0.6245235517195351, "params": {"C": 5.876414257089102, "epsilon": 1.6656705207322322, "gamma": 0.42688229887256196, "lamda": 0.8746001564530467}, "datetime": {"datetime": "2021-07-03 10:53:24", "elapsed": 338.36763, "delta": 0.903974}}
{"target": 0.1676066398586299, "params": {"C": 2.882816947741617, "epsilon": 8.70055770791545, "gamma": 1.9929100532627466, "lamda": 0.6387502395905721}, "datetime": {"datetime": "2021-07-03 10:53:25", "elapsed": 339.201642, "delta": 0.834012}}
{"target": 0.6067541931201832, "params": {"C": 6.018121268640067, "epsilon": 9.038591694347886, "gamma": 0.4644028758812539, "lamda": 0.20413609862561383}, "datetime": {"datetime": "2021-07-03 10:53:26", "elapsed": 340.304613, "delta": 1.102971}}
{"target": 0.41120240285635257, "params": {"C": 1.9507797320560516, "epsilon": 4.059784804320195, "gamma": 0.45018175676479283, "lamda": 0.5062165010066467}, "datetime": {"datetime": "2021-07-03 10:53:27", "elapsed": 341.568839, "delta": 1.264226}}
{"target": 0.24486974566802222, "params": {"C": 3.9162572192737586, "epsilon": 4.537089009007981, "gamma": 1.5681918085170874, "lamda": 0.3055807106614163}, "datetime": {"datetime": "2021-07-03 10:53:30", "elapsed": 344.175648, "delta": 2.606809}}
{"target": 0.17669667863412364, "params": {"C": 1.2976415002053736, "epsilon": 1.1230948914581451, "gamma": 1.067704802151739, "lamda": 0.1426751945762717}, "datetime": {"datetime": "2021-07-03 10:53:31", "elapsed": 345.065629, "delta": 0.889981}}
{"target": 0.07584468822477941, "params": {"C": 0.65483081346637, "epsilon": 4.962053813111561, "gamma": 1.3647972484274096, "lamda": 0.6215470222986432}, "datetime": {"datetime": "2021-07-03 10:53:32", "elapsed": 346.480638, "delta": 1.415009}}
{"target": 0.7358274254637398, "params": {"C": 4.91469718619385, "epsilon": 4.781347658954678, "gamma": 0.1803124777301745, "lamda": 0.8879093441186888}, "datetime": {"datetime": "2021-07-03 10:53:33", "elapsed": 347.435728, "delta": 0.95509}}
{"target": 0.39499977905092754, "params": {"C": 6.5631132597358866, "epsilon": 8.991328790869131, "gamma": 1.1598781565354321, "lamda": 0.5008558935458611}, "datetime": {"datetime": "2021-07-03 10:53:34", "elapsed": 348.318629, "delta": 0.882901}}
{"target": 0.11708240289382044, "params": {"C": 1.1469762168431517, "epsilon": 8.084408778425798, "gamma": 1.4583341057273707, "lamda": 0.10700213481035609}, "datetime": {"datetime": "2021-07-03 10:53:35", "elapsed": 349.270631, "delta": 0.952002}}
{"target": 0.15044988766759648, "params": {"C": 2.3372146770657682, "epsilon": 0.9210830397537377, "gamma": 1.9066328710089433, "lamda": 0.30550569946511785}, "datetime": {"datetime": "2021-07-03 10:53:36", "elapsed": 350.391099, "delta": 1.120468}}
{"target": 0.22129648516573208, "params": {"C": 3.037801538946187, "epsilon": 5.222390862393414, "gamma": 1.5100554847297851, "lamda": 0.4845767207391525}, "datetime": {"datetime": "2021-07-03 10:53:37", "elapsed": 351.4032, "delta": 1.012101}}
{"target": 0.6134227617694876, "params": {"C": 9.095569347003854, "epsilon": 7.810020842850243, "gamma": 0.6298452836336159, "lamda": 0.2778887565547392}, "datetime": {"datetime": "2021-07-03 10:53:38", "elapsed": 352.343687, "delta": 0.940487}}
{"target": 0.34577386653191367, "params": {"C": 9.329988689483597, "epsilon": 2.8396040184448466, "gamma": 1.7100262384306248, "lamda": 0.8882731764893524}, "datetime": {"datetime": "2021-07-03 10:53:39", "elapsed": 353.179655, "delta": 0.835968}}
{"target": 0.3046622159039739, "params": {"C": 6.0952221945130605, "epsilon": 5.996106993998751, "gamma": 1.566692569099131, "lamda": 0.9877003373335541}, "datetime": {"datetime": "2021-07-03 10:53:42", "elapsed": 355.985648, "delta": 2.805993}}
{"target": 0.07536796900149634, "params": {"C": 0.7286971147052734, "epsilon": 0.1417959766438769, "gamma": 1.5047410043711196, "lamda": 0.572032078238129}, "datetime": {"datetime": "2021-07-03 10:53:42", "elapsed": 356.874673, "delta": 0.889025}}
{"target": 0.5163468473601012, "params": {"C": 7.221851176968077, "epsilon": 2.718536515550042, "gamma": 0.7795641253098389, "lamda": 0.8933715131978769}, "datetime": {"datetime": "2021-07-03 10:53:44", "elapsed": 358.036646, "delta": 1.161973}}
{"target": 0.3136280110512709, "params": {"C": 0.8635593321016555, "epsilon": 1.586125178478516, "gamma": 0.3801866506692703, "lamda": 0.4316699140645037}, "datetime": {"datetime": "2021-07-03 10:53:45", "elapsed": 359.034672, "delta": 0.998026}}
{"target": 0.8384891069367034, "params": {"C": 8.438810476151138, "epsilon": 0.3188321319282895, "gamma": 0.0464823930710993, "lamda": 0.9693541353800373}, "datetime": {"datetime": "2021-07-03 10:53:46", "elapsed": 360.197655, "delta": 1.162983}}
{"target": 0.3377084808564861, "params": {"C": 8.102128125169099, "epsilon": 3.0309437434669406, "gamma": 1.6177721652263077, "lamda": 0.9519811259871256}, "datetime": {"datetime": "2021-07-03 10:53:47", "elapsed": 361.079681, "delta": 0.882026}}
{"target": 0.3995608993119467, "params": {"C": 2.4110902473351916, "epsilon": 0.5358134201133442, "gamma": 0.5538463483616591, "lamda": 0.20393844839921882}, "datetime": {"datetime": "2021-07-03 10:53:48", "elapsed": 361.972758, "delta": 0.893077}}
{"target": 0.42036143064309284, "params": {"C": 7.678486875127115, "epsilon": 5.767692440540135, "gamma": 1.1662103254853893, "lamda": 0.19750714184542323}, "datetime": {"datetime": "2021-07-03 10:53:48", "elapsed": 362.865695, "delta": 0.892937}}
{"target": 0.511276511730349, "params": {"C": 3.4820636756098944, "epsilon": 6.613905357535375, "gamma": 0.4543991986477281, "lamda": 0.21885389930069615}, "datetime": {"datetime": "2021-07-03 10:53:49", "elapsed": 363.792706, "delta": 0.927011}}
{"target": 0.33250284669024466, "params": {"C": 6.7759613111486985, "epsilon": 2.3465600616303726, "gamma": 1.4767767052307468, "lamda": 0.48512292590057104}, "datetime": {"datetime": "2021-07-03 10:53:50", "elapsed": 364.70969, "delta": 0.916984}}
{"target": 0.28772315258872283, "params": {"C": 2.9233026344788406, "epsilon": 4.525141531218704, "gamma": 1.0588186972275977, "lamda": 0.9544837632180865}, "datetime": {"datetime": "2021-07-03 10:53:52", "elapsed": 366.385718, "delta": 1.676028}}
{"target": 0.30521293870389976, "params": {"C": 9.25430942387747, "epsilon": 1.3874888885418752, "gamma": 1.9858441821974204, "lamda": 0.7369142345186287}, "datetime": {"datetime": "2021-07-03 10:53:53", "elapsed": 367.51273, "delta": 1.127012}}
{"target": 0.29725368241479355, "params": {"C": 3.023474912122274, "epsilon": 8.610300234812021, "gamma": 1.04328212727086, "lamda": 0.5059363998349006}, "datetime": {"datetime": "2021-07-03 10:53:55", "elapsed": 369.46268, "delta": 1.94995}}
{"target": 0.7963409098696912, "params": {"C": 6.54953859655806, "epsilon": 1.6231278801764488, "gamma": 0.12873079318765404, "lamda": 0.5472960605474234}, "datetime": {"datetime": "2021-07-03 10:53:56", "elapsed": 370.614839, "delta": 1.152159}}
{"target": 0.05123920558021744, "params": {"C": 0.4222020129087021, "epsilon": 3.6748754736609084, "gamma": 1.310794309063825, "lamda": 0.8184231175395215}, "datetime": {"datetime": "2021-07-03 10:53:58", "elapsed": 372.037748, "delta": 1.422909}}
{"target": 0.005137277934859852, "params": {"C": 0.1671238106396589, "epsilon": 5.761779327217469, "gamma": 1.6437016808909635, "lamda": 0.9047751836905783}, "datetime": {"datetime": "2021-07-03 10:54:00", "elapsed": 374.357708, "delta": 2.31996}}
{"target": 0.20043363120726143, "params": {"C": 2.7730316504958465, "epsilon": 7.880959467020444, "gamma": 1.6166676307586256, "lamda": 0.7282206131440601}, "datetime": {"datetime": "2021-07-03 10:54:01", "elapsed": 375.24769, "delta": 0.889982}}
{"target": 0.047761086569090394, "params": {"C": 0.5691782135334248, "epsilon": 3.583754981835014, "gamma": 1.730343089900022, "lamda": 0.3337691644270835}, "datetime": {"datetime": "2021-07-03 10:54:02", "elapsed": 376.451681, "delta": 1.203991}}
{"target": 0.24886446805268647, "params": {"C": 4.5625202002336085, "epsilon": 8.387760461977614, "gamma": 1.7166865874401316, "lamda": 0.24590565084124594}, "datetime": {"datetime": "2021-07-03 10:54:03", "elapsed": 377.335683, "delta": 0.884002}}
{"target": 0.5641599801119026, "params": {"C": 9.472179793262772, "epsilon": 3.241908858211543, "gamma": 0.7821979912316337, "lamda": 0.18404574054726736}, "datetime": {"datetime": "2021-07-03 10:54:04", "elapsed": 378.469671, "delta": 1.133988}}
{"target": 0.4843630625819255, "params": {"C": 4.980809167382695, "epsilon": 5.657789739554951, "gamma": 0.673659834196895, "lamda": 0.13081788053773108}, "datetime": {"datetime": "2021-07-03 10:54:07", "elapsed": 381.3897, "delta": 2.920029}}
{"target": 0.3123515736100687, "params": {"C": 7.607793246044542, "epsilon": 7.736362879575345, "gamma": 1.7612242899751152, "lamda": 0.2495656560084247}, "datetime": {"datetime": "2021-07-03 10:54:08", "elapsed": 382.312707, "delta": 0.923007}}
{"target": 0.38110456794277314, "params": {"C": 5.523618240878172, "epsilon": 4.7435842614274675, "gamma": 1.092896133549023, "lamda": 0.18444020277997164}, "datetime": {"datetime": "2021-07-03 10:54:09", "elapsed": 383.296682, "delta": 0.983975}}
{"target": 0.286336877224067, "params": {"C": 2.002667894825643, "epsilon": 5.057175350576998, "gamma": 0.8271122436985666, "lamda": 0.2192058863625853}, "datetime": {"datetime": "2021-07-03 10:54:10", "elapsed": 384.48476, "delta": 1.188078}}
{"target": 0.6390160058951929, "params": {"C": 4.991450327256203, "epsilon": 9.756800590154924, "gamma": 0.35060741391229616, "lamda": 0.41120112125038677}, "datetime": {"datetime": "2021-07-03 10:54:12", "elapsed": 386.826027, "delta": 2.341267}}
{"target": 0.4083477351573057, "params": {"C": 1.8460261079834854, "epsilon": 6.870406588602602, "gamma": 0.43962330872062855, "lamda": 0.7776858627387986}, "datetime": {"datetime": "2021-07-03 10:54:15", "elapsed": 389.273771, "delta": 2.447744}}
{"target": 0.5875252229349386, "params": {"C": 8.023660448208812, "epsilon": 8.790701460986908, "gamma": 0.6352361504854245, "lamda": 0.37898046034071553}, "datetime": {"datetime": "2021-07-03 10:54:17", "elapsed": 391.518922, "delta": 2.245151}}
{"target": 0.28034237215763547, "params": {"C": 2.754400611232702, "epsilon": 8.145399837758097, "gamma": 1.0663365285628774, "lamda": 0.7492515761550222}, "datetime": {"datetime": "2021-07-03 10:54:19", "elapsed": 393.221939, "delta": 1.703017}}
{"target": 0.3093292055503247, "params": {"C": 3.48072136220811, "epsilon": 8.169096993267011, "gamma": 1.0790716364553319, "lamda": 0.1987603033201928}, "datetime": {"datetime": "2021-07-03 10:54:20", "elapsed": 394.756957, "delta": 1.535018}}
{"target": 0.29672828687438313, "params": {"C": 6.478969786616006, "epsilon": 0.7772025981783094, "gamma": 1.662395575828513, "lamda": 0.6986846105625866}, "datetime": {"datetime": "2021-07-03 10:54:22", "elapsed": 396.290925, "delta": 1.533968}}
{"target": 0.2049263274906601, "params": {"C": 2.616124160797874, "epsilon": 1.8597311188253582, "gamma": 1.4918842123765934, "lamda": 0.7266921648185627}, "datetime": {"datetime": "2021-07-03 10:54:23", "elapsed": 397.700856, "delta": 1.409931}}
{"target": 0.46944295185921825, "params": {"C": 0.9581260676558486, "epsilon": 7.697570841739106, "gamma": 0.19669275925780916, "lamda": 0.5111184320440598}, "datetime": {"datetime": "2021-07-03 10:54:25", "elapsed": 399.137848, "delta": 1.436992}}
{"target": 0.33012179683992393, "params": {"C": 3.382745885292828, "epsilon": 5.4171800360432885, "gamma": 0.9548694349044243, "lamda": 0.10225482872163899}, "datetime": {"datetime": "2021-07-03 10:54:26", "elapsed": 400.805945, "delta": 1.668097}}
{"target": 0.7228170752061027, "params": {"C": 7.40790208850139, "epsilon": 0.8497426073722812, "gamma": 0.2970295893781029, "lamda": 0.4403022347810682}, "datetime": {"datetime": "2021-07-03 10:54:27", "elapsed": 401.786326, "delta": 0.980381}}
{"target": 0.5345458970593095, "params": {"C": 4.285517217235245, "epsilon": 0.284019330644616, "gamma": 0.4885038642582431, "lamda": 0.6876461706170501}, "datetime": {"datetime": "2021-07-03 10:54:30", "elapsed": 404.086292, "delta": 2.299966}}
{"target": 0.5809420099974241, "params": {"C": 7.2871916129175665, "epsilon": 3.4666449411062845, "gamma": 0.6086073787630358, "lamda": 0.8171317580635662}, "datetime": {"datetime": "2021-07-03 10:54:33", "elapsed": 407.16805, "delta": 3.081758}}
{"target": 0.5058219889565707, "params": {"C": 6.4330928733652, "epsilon": 2.818322630758786, "gamma": 0.745908263893129, "lamda": 0.7716396548003297}, "datetime": {"datetime": "2021-07-03 10:54:34", "elapsed": 408.433673, "delta": 1.265623}}
{"target": 0.13592941678108428, "params": {"C": 2.132508610540373, "epsilon": 4.584462456608058, "gamma": 1.9770357714901639, "lamda": 0.9437357487899806}, "datetime": {"datetime": "2021-07-03 10:54:39", "elapsed": 413.103943, "delta": 4.67027}}
{"target": 0.12269584779348974, "params": {"C": 1.5542647925889528, "epsilon": 9.82310302797904, "gamma": 1.784330950139373, "lamda": 0.4315143985206734}, "datetime": {"datetime": "2021-07-03 10:54:40", "elapsed": 414.702187, "delta": 1.598244}}
{"target": 0.23470179202238817, "params": {"C": 4.176908372028812, "epsilon": 8.023295995190786, "gamma": 1.7357269960650856, "lamda": 0.2720806593581586}, "datetime": {"datetime": "2021-07-03 10:54:46", "elapsed": 420.633336, "delta": 5.931149}}
{"target": 0.29496435230742024, "params": {"C": 5.61935014494492, "epsilon": 8.072389212334231, "gamma": 1.5432654214228618, "lamda": 0.589778927468069}, "datetime": {"datetime": "2021-07-03 10:54:47", "elapsed": 421.677546, "delta": 1.04421}}
{"target": 0.27242473963072666, "params": {"C": 3.6530323644369176, "epsilon": 7.255075043708029, "gamma": 1.3159815054596509, "lamda": 0.13325892219871177}, "datetime": {"datetime": "2021-07-03 10:54:48", "elapsed": 422.929203, "delta": 1.251657}}
{"target": 0.2984118659188698, "params": {"C": 3.2088234754500085, "epsilon": 5.527541519763017, "gamma": 1.0703561452557382, "lamda": 0.6153070057020251}, "datetime": {"datetime": "2021-07-03 10:54:50", "elapsed": 424.152932, "delta": 1.223729}}
{"target": 0.6781717094090738, "params": {"C": 4.841912920140105, "epsilon": 7.643836020229441, "gamma": 0.27310209371267413, "lamda": 0.2814810758198347}, "datetime": {"datetime": "2021-07-03 10:54:51", "elapsed": 425.686835, "delta": 1.533903}}
{"target": 0.0882305509194391, "params": {"C": 0.8619017801332055, "epsilon": 2.4637234166099917, "gamma": 1.4823919681035531, "lamda": 0.10209265722095198}, "datetime": {"datetime": "2021-07-03 10:54:53", "elapsed": 427.385296, "delta": 1.698461}}
{"target": 0.4263922180428207, "params": {"C": 3.092550238776416, "epsilon": 4.621642858024549, "gamma": 0.5946769656687944, "lamda": 0.779897376298868}, "datetime": {"datetime": "2021-07-03 10:54:54", "elapsed": 428.593068, "delta": 1.207772}}
{"target": 0.5082088512996277, "params": {"C": 6.815814291914412, "epsilon": 4.685638845017151, "gamma": 0.775438600038978, "lamda": 0.12311365642143335}, "datetime": {"datetime": "2021-07-03 10:54:55", "elapsed": 429.635283, "delta": 1.042215}}
{"target": 0.3359996860252956, "params": {"C": 9.35884435433318, "epsilon": 5.9560708079656015, "gamma": 1.811977178503017, "lamda": 0.16037662881262474}, "datetime": {"datetime": "2021-07-03 10:54:56", "elapsed": 430.667524, "delta": 1.032241}}
{"target": 0.24166408052084787, "params": {"C": 2.8596353265129952, "epsilon": 1.199488583231626, "gamma": 1.2972205367913527, "lamda": 0.31970854274487326}, "datetime": {"datetime": "2021-07-03 10:54:57", "elapsed": 431.669846, "delta": 1.002322}}
{"target": 0.6544497025404308, "params": {"C": 9.590705018521456, "epsilon": 7.436095647038546, "gamma": 0.5519627096920938, "lamda": 0.7587382908526158}, "datetime": {"datetime": "2021-07-03 10:54:58", "elapsed": 432.676157, "delta": 1.006311}}
{"target": 0.6853282508068932, "params": {"C": 7.801860643228792, "epsilon": 5.392064782119724, "gamma": 0.3962501052479794, "lamda": 0.6261882951233341}, "datetime": {"datetime": "2021-07-03 10:55:00", "elapsed": 434.327744, "delta": 1.651587}}
{"target": 0.025546186026503603, "params": {"C": 0.4170948248539573, "epsilon": 9.81124422407521, "gamma": 1.9195010407480297, "lamda": 0.2139086504328575}, "datetime": {"datetime": "2021-07-03 10:55:01", "elapsed": 435.508589, "delta": 1.180845}}
{"target": 0.6589615452913458, "params": {"C": 5.103255827254474, "epsilon": 4.6658446283549795, "gamma": 0.3188238181142957, "lamda": 0.6402832012617866}, "datetime": {"datetime": "2021-07-03 10:55:02", "elapsed": 436.666495, "delta": 1.157906}}
{"target": 0.10816509759051351, "params": {"C": 1.0321745686355723, "epsilon": 5.529396200338802, "gamma": 1.4438392757148895, "lamda": 0.8495543942081812}, "datetime": {"datetime": "2021-07-03 10:55:04", "elapsed": 438.014892, "delta": 1.348397}}
{"target": 0.32977258736431037, "params": {"C": 8.856124852486323, "epsilon": 1.3430904493653193, "gamma": 1.7544339592078355, "lamda": 0.8517674080966411}, "datetime": {"datetime": "2021-07-03 10:55:05", "elapsed": 439.380244, "delta": 1.365352}}
{"target": 0.6530931626059322, "params": {"C": 7.621620715288907, "epsilon": 0.28288280912546176, "gamma": 0.45798890691409416, "lamda": 0.12652517271028538}, "datetime": {"datetime": "2021-07-03 10:55:06", "elapsed": 440.416474, "delta": 1.03623}}
{"target": 0.23612218687096875, "params": {"C": 1.6891802062988288, "epsilon": 6.1791806782711545, "gamma": 0.9614637187716479, "lamda": 0.6166054300030014}, "datetime": {"datetime": "2021-07-03 10:55:07", "elapsed": 441.756892, "delta": 1.340418}}
{"target": 0.37015167151776873, "params": {"C": 1.7159402389871914, "epsilon": 7.792829873268065, "gamma": 0.49620878813093144, "lamda": 0.5191140482369077}, "datetime": {"datetime": "2021-07-03 10:55:09", "elapsed": 442.993127, "delta": 1.236235}}
{"target": 0.32627189404985835, "params": {"C": 3.230877924357116, "epsilon": 9.370530280510552, "gamma": 0.9588477084389729, "lamda": 0.6925450606337532}, "datetime": {"datetime": "2021-07-03 10:55:10", "elapsed": 444.590858, "delta": 1.597731}}
{"target": 0.35264925772033207, "params": {"C": 2.587787890147783, "epsilon": 2.1981810272206066, "gamma": 0.7219017507938768, "lamda": 0.3080702386686167}, "datetime": {"datetime": "2021-07-03 10:55:11", "elapsed": 445.913324, "delta": 1.322466}}
