{"target": -5.225948621582311, "params": {"C": 46.272020868300906, "epsilon": 2.262006263738403, "gamma": 0.05669879211644957, "lamda": 0.9628003276617965}, "datetime": {"datetime": "2021-09-19 11:57:35", "elapsed": 186.740548, "delta": 13.319959}}
{"target": -4.907223783998348, "params": {"C": 39.608129976327575, "epsilon": 6.804429358296055, "gamma": 0.07061313705426711, "lamda": 0.10605912310871343}, "datetime": {"datetime": "2021-09-19 11:57:47", "elapsed": 198.824127, "delta": 12.083579}}
{"target": -5.465627354736076, "params": {"C": 38.07885196777154, "epsilon": 5.261255533934957, "gamma": 0.082141624706078, "lamda": 0.9724097768464771}, "datetime": {"datetime": "2021-09-19 11:58:01", "elapsed": 212.677124, "delta": 13.852997}}
{"target": -5.876561573079623, "params": {"C": 33.37129777454446, "epsilon": 8.094183303185243, "gamma": 0.08556413288427325, "lamda": 0.8511789753896168}, "datetime": {"datetime": "2021-09-19 11:58:15", "elapsed": 226.710585, "delta": 14.033461}}
{"target": -4.961651320669569, "params": {"C": 20.628751600136745, "epsilon": 4.063013505152478, "gamma": 0.06766287240153121, "lamda": 1.0312801315340232}, "datetime": {"datetime": "2021-09-19 11:58:23", "elapsed": 235.243112, "delta": 8.532527}}
{"target": -6.032197154238702, "params": {"C": 101.80419490116705, "epsilon": 3.9623205449234256, "gamma": 0.05060132869995815, "lamda": 0.24232207418247317}, "datetime": {"datetime": "2021-09-19 11:58:36", "elapsed": 247.813125, "delta": 12.570013}}
{"target": -5.747378770335301, "params": {"C": 118.6009689437748, "epsilon": 10.499931678779374, "gamma": 0.07330052283377543, "lamda": 1.1194405097394913}, "datetime": {"datetime": "2021-09-19 11:58:49", "elapsed": 261.403662, "delta": 13.590537}}
{"target": -5.832905830993446, "params": {"C": 109.89990333315352, "epsilon": 7.426633385689981, "gamma": 0.06596859458791617, "lamda": 0.4679807856568902}, "datetime": {"datetime": "2021-09-19 11:58:58", "elapsed": 269.747485, "delta": 8.343823}}
{"target": -5.229737762017126, "params": {"C": 20.548300374622446, "epsilon": 4.120837652897324, "gamma": 0.06918813609387416, "lamda": 0.8979680128904534}, "datetime": {"datetime": "2021-09-19 11:59:06", "elapsed": 278.181542, "delta": 8.434057}}
{"target": -5.6118085000174265, "params": {"C": 20.85480824772989, "epsilon": 4.250304676095283, "gamma": 0.0699886339891561, "lamda": 0.8594258550545115}, "datetime": {"datetime": "2021-09-19 11:59:14", "elapsed": 286.534058, "delta": 8.352516}}
{"target": -6.47386147597757, "params": {"C": 105.10199112848795, "epsilon": 11.395473992701685, "gamma": 0.08608761372540777, "lamda": 0.1409913661257884}, "datetime": {"datetime": "2021-09-19 11:59:28", "elapsed": 300.069814, "delta": 13.535756}}
{"target": -4.664567839606058, "params": {"C": 34.41502026048678, "epsilon": 3.2739083955085926, "gamma": 0.06954282528583362, "lamda": 0.650568399989993}, "datetime": {"datetime": "2021-09-19 11:59:37", "elapsed": 308.695702, "delta": 8.625888}}
{"target": -5.79550053483417, "params": {"C": 73.92645265689274, "epsilon": 6.704872870679825, "gamma": 0.08748991574962657, "lamda": 0.633057095635011}, "datetime": {"datetime": "2021-09-19 11:59:51", "elapsed": 322.761373, "delta": 14.065671}}
{"target": -4.934237303202836, "params": {"C": 68.84990288516818, "epsilon": 2.7703380886784976, "gamma": 0.06318546935522167, "lamda": 0.9606310552730847}, "datetime": {"datetime": "2021-09-19 11:59:59", "elapsed": 330.732025, "delta": 7.970652}}
{"target": -5.196532284108178, "params": {"C": 20.810408327717525, "epsilon": 3.9096790312926823, "gamma": 0.07623958143104126, "lamda": 1.0319587863674307}, "datetime": {"datetime": "2021-09-19 12:00:07", "elapsed": 339.400074, "delta": 8.668049}}
{"target": -5.701332418653914, "params": {"C": 85.50633183563676, "epsilon": 4.613008377738245, "gamma": 0.0781062061205651, "lamda": 1.3605895235851493}, "datetime": {"datetime": "2021-09-19 12:00:16", "elapsed": 348.081991, "delta": 8.681917}}
{"target": -5.04787745770211, "params": {"C": 34.13427607220797, "epsilon": 2.833680708308194, "gamma": 0.07063520402320814, "lamda": 0.06473363205254089}, "datetime": {"datetime": "2021-09-19 12:00:24", "elapsed": 356.200971, "delta": 8.11898}}
{"target": -4.710592848959857, "params": {"C": 68.7591722531289, "epsilon": 2.8855527782814776, "gamma": 0.05421977960683433, "lamda": 0.8353477055809231}, "datetime": {"datetime": "2021-09-19 12:00:32", "elapsed": 364.29053, "delta": 8.089559}}
{"target": -5.102950392503124, "params": {"C": 55.96644657063194, "epsilon": 8.08331483257724, "gamma": 0.07899345054845201, "lamda": 0.7818751159911868}, "datetime": {"datetime": "2021-09-19 12:00:46", "elapsed": 378.502313, "delta": 14.211783}}
{"target": -6.1469025525299905, "params": {"C": 56.103326354824496, "epsilon": 8.157331910103112, "gamma": 0.06596290823406814, "lamda": 0.7618880733580283}, "datetime": {"datetime": "2021-09-19 12:00:55", "elapsed": 387.24526, "delta": 8.742947}}
{"target": -7.572289582946963, "params": {"C": 113.07021810204569, "epsilon": 12.949884931299115, "gamma": 0.08019770939225741, "lamda": 1.0343338596987899}, "datetime": {"datetime": "2021-09-19 12:01:10", "elapsed": 401.828838, "delta": 14.583578}}
{"target": -7.860472979222637, "params": {"C": 59.33513139405987, "epsilon": 13.333581997090885, "gamma": 0.08059757584666999, "lamda": 1.1795648875617784}, "datetime": {"datetime": "2021-09-19 12:01:24", "elapsed": 415.916799, "delta": 14.087961}}
{"target": -7.991083237861291, "params": {"C": 55.01524259027568, "epsilon": 13.315022109921735, "gamma": 0.06517389054876485, "lamda": 0.4347945222138012}, "datetime": {"datetime": "2021-09-19 12:01:32", "elapsed": 424.401223, "delta": 8.484424}}
{"target": -4.628862770363985, "params": {"C": 68.77699543989772, "epsilon": 3.012638500574854, "gamma": 0.08907833499216114, "lamda": 0.7590192290047596}, "datetime": {"datetime": "2021-09-19 12:01:46", "elapsed": 437.59327, "delta": 13.192047}}
{"target": -4.6847436406205025, "params": {"C": 84.49506486079699, "epsilon": 3.5026492273506036, "gamma": 0.0771775503552819, "lamda": 0.3860084076477881}, "datetime": {"datetime": "2021-09-19 12:01:54", "elapsed": 445.620006, "delta": 8.026736}}
{"target": -5.807090344159929, "params": {"C": 62.14119259729691, "epsilon": 7.0166623397625365, "gamma": 0.082997302619568, "lamda": 0.5375755131949589}, "datetime": {"datetime": "2021-09-19 12:02:07", "elapsed": 459.554699, "delta": 13.934693}}
{"target": -7.08277088506911, "params": {"C": 116.14669325663053, "epsilon": 10.183677382825966, "gamma": 0.0737916104063409, "lamda": 1.0413376512118797}, "datetime": {"datetime": "2021-09-19 12:02:21", "elapsed": 473.407868, "delta": 13.853169}}
{"target": -6.60246853651701, "params": {"C": 119.03167896984367, "epsilon": 9.728477119929611, "gamma": 0.05351240743559313, "lamda": 0.1068575881526592}, "datetime": {"datetime": "2021-09-19 12:02:38", "elapsed": 489.754505, "delta": 16.346637}}
{"target": -4.502367307042837, "params": {"C": 20.617096454404443, "epsilon": 3.898899671795056, "gamma": 0.08403415857207944, "lamda": 1.0608408418583533}, "datetime": {"datetime": "2021-09-19 12:02:52", "elapsed": 503.769185, "delta": 14.01468}}
{"target": -5.585853003453482, "params": {"C": 39.73263489170007, "epsilon": 6.78131043980623, "gamma": 0.054346273114202814, "lamda": 0.19077335995888908}, "datetime": {"datetime": "2021-09-19 12:03:04", "elapsed": 516.173503, "delta": 12.404318}}
{"target": -7.076454813628816, "params": {"C": 58.01628465902812, "epsilon": 12.180749988000054, "gamma": 0.06643751887353425, "lamda": 0.5598841219633959}, "datetime": {"datetime": "2021-09-19 12:03:13", "elapsed": 525.117004, "delta": 8.943501}}
{"target": -4.4571013892177485, "params": {"C": 34.38695646861282, "epsilon": 2.8389014145292446, "gamma": 0.07957635682673728, "lamda": 0.060329876085178445}, "datetime": {"datetime": "2021-09-19 12:03:28", "elapsed": 539.758722, "delta": 14.641718}}
{"target": -5.206993385560936, "params": {"C": 68.78545065510166, "epsilon": 3.0790132513166037, "gamma": 0.05821370223683686, "lamda": 0.615752791134293}, "datetime": {"datetime": "2021-09-19 12:03:42", "elapsed": 554.137386, "delta": 14.378664}}
{"target": -4.562856138056438, "params": {"C": 34.17915460480529, "epsilon": 3.02385418754709, "gamma": 0.08538871156987113, "lamda": 0.2114109470012717}, "datetime": {"datetime": "2021-09-19 12:03:51", "elapsed": 562.877363, "delta": 8.739977}}
{"target": -4.809682317724918, "params": {"C": 48.65653461228496, "epsilon": 3.246405332800312, "gamma": 0.0841426562733843, "lamda": 0.21258766784702857}, "datetime": {"datetime": "2021-09-19 12:04:01", "elapsed": 572.747895, "delta": 9.870532}}
{"target": -5.1904525305152935, "params": {"C": 91.98030758671456, "epsilon": 5.444449122385063, "gamma": 0.05983981497359944, "lamda": 0.2643964493969054}, "datetime": {"datetime": "2021-09-19 12:04:09", "elapsed": 581.269155, "delta": 8.52126}}
{"target": -5.936111208341171, "params": {"C": 113.91892249035484, "epsilon": 13.662699194151987, "gamma": 0.05992717299376811, "lamda": 0.2085481673047093}, "datetime": {"datetime": "2021-09-19 12:04:22", "elapsed": 594.236778, "delta": 12.967623}}
{"target": 0.8788419658820686, "params": {"C": 34.427135195649385, "epsilon": 2.8977012467273644, "gamma": 0.05328275287874121, "lamda": 0.016611182663718412}, "datetime": {"datetime": "2021-09-19 12:04:23", "elapsed": 594.745906, "delta": 0.509128}}
{"target": -6.919957616273035, "params": {"C": 67.66451299404619, "epsilon": 11.785411594363023, "gamma": 0.0751952583226486, "lamda": 1.3672226811901924}, "datetime": {"datetime": "2021-09-19 12:04:36", "elapsed": 608.469003, "delta": 13.723097}}
{"target": -4.971892168322617, "params": {"C": 34.328831207206676, "epsilon": 3.1516933552212545, "gamma": 0.06879461731740581, "lamda": 0.0786357235837594}, "datetime": {"datetime": "2021-09-19 12:04:48", "elapsed": 620.176934, "delta": 11.707931}}
{"target": -3.4770538136851936, "params": {"C": 35.90189624765013, "epsilon": 7.741237408269278, "gamma": 0.07026765631261415, "lamda": 0.18258645684735245}, "datetime": {"datetime": "2021-09-19 12:04:56", "elapsed": 628.560561, "delta": 8.383627}}
{"target": -4.781985639811611, "params": {"C": 34.62457302715492, "epsilon": 3.2196138976636948, "gamma": 0.08589750010206976, "lamda": 0.42752162733934623}, "datetime": {"datetime": "2021-09-19 12:05:05", "elapsed": 637.47762, "delta": 8.917059}}
{"target": -3.2092423205413736, "params": {"C": 84.54423572525093, "epsilon": 3.4133408013092743, "gamma": 0.08359657472185658, "lamda": 0.35080645595657484}, "datetime": {"datetime": "2021-09-19 12:05:14", "elapsed": 645.874587, "delta": 8.396967}}
{"target": -4.9814084585229015, "params": {"C": 36.061696806598505, "epsilon": 7.717059424939123, "gamma": 0.05964559026669204, "lamda": 0.15705833599173613}, "datetime": {"datetime": "2021-09-19 12:05:22", "elapsed": 653.856078, "delta": 7.981491}}
{"target": -4.74793942637062, "params": {"C": 68.60042067725445, "epsilon": 3.0736978544491733, "gamma": 0.07632667864720308, "lamda": 0.7007047572595339}, "datetime": {"datetime": "2021-09-19 12:05:32", "elapsed": 663.961701, "delta": 10.105623}}
{"target": -7.36302079274054, "params": {"C": 87.91604150776595, "epsilon": 11.94729311530309, "gamma": 0.06310947049407695, "lamda": 0.570129924255212}, "datetime": {"datetime": "2021-09-19 12:05:41", "elapsed": 672.751743, "delta": 8.790042}}
{"target": -5.322996981987197, "params": {"C": 99.93153253932334, "epsilon": 5.264269579129101, "gamma": 0.07794557119718784, "lamda": 0.6664109921116413}, "datetime": {"datetime": "2021-09-19 12:05:49", "elapsed": 681.400702, "delta": 8.648959}}
{"target": -4.491888316847749, "params": {"C": 20.434283578250128, "epsilon": 3.9151622137069717, "gamma": 0.08874689867892152, "lamda": 0.9874447637936907}, "datetime": {"datetime": "2021-09-19 12:06:03", "elapsed": 695.236742, "delta": 13.83604}}
{"target": -5.00201082183986, "params": {"C": 35.99690343168538, "epsilon": 7.822825646570049, "gamma": 0.0572976912113295, "lamda": 0.24641215279054338}, "datetime": {"datetime": "2021-09-19 12:06:12", "elapsed": 703.943726, "delta": 8.706984}}
{"target": -5.070422463603017, "params": {"C": 73.99278454069915, "epsilon": 5.855140183177325, "gamma": 0.08348785554395256, "lamda": 1.484398030625922}, "datetime": {"datetime": "2021-09-19 12:06:25", "elapsed": 717.546486, "delta": 13.60276}}
{"target": -4.074202196465434, "params": {"C": 99.96841765174146, "epsilon": 6.603479856274876, "gamma": 0.08134411029111431, "lamda": 1.0714825542896118}, "datetime": {"datetime": "2021-09-19 12:06:34", "elapsed": 726.170081, "delta": 8.623595}}
{"target": -6.837941815834607, "params": {"C": 119.90269719951274, "epsilon": 9.017608453414294, "gamma": 0.0690069730624798, "lamda": 1.3283783048192668}, "datetime": {"datetime": "2021-09-19 12:06:48", "elapsed": 740.154059, "delta": 13.983978}}
{"target": -5.858988906129671, "params": {"C": 119.30142437505496, "epsilon": 5.197564407867111, "gamma": 0.05176312401998746, "lamda": 0.820491064115614}, "datetime": {"datetime": "2021-09-19 12:06:57", "elapsed": 748.631675, "delta": 8.477616}}
{"target": -4.861232764365881, "params": {"C": 76.99130131358916, "epsilon": 2.4179683560883123, "gamma": 0.08354061250296843, "lamda": 0.8109701841226629}, "datetime": {"datetime": "2021-09-19 12:07:07", "elapsed": 759.105347, "delta": 10.473672}}
{"target": -5.399291395851391, "params": {"C": 34.48862612607137, "epsilon": 3.0459423806107115, "gamma": 0.05105425085750594, "lamda": 0.07444580608430226}, "datetime": {"datetime": "2021-09-19 12:07:21", "elapsed": 772.848072, "delta": 13.742725}}
{"target": -6.359069472697368, "params": {"C": 115.33512444161659, "epsilon": 11.194223281932583, "gamma": 0.08998874896933917, "lamda": 0.505220335426757}, "datetime": {"datetime": "2021-09-19 12:07:34", "elapsed": 786.403204, "delta": 13.555132}}
{"target": -3.9812180494905824, "params": {"C": 34.28064056683182, "epsilon": 2.9584092280264005, "gamma": 0.07870347864394209, "lamda": 0.014831367932420195}, "datetime": {"datetime": "2021-09-19 12:07:43", "elapsed": 794.618331, "delta": 8.215127}}
{"target": -4.314094296016888, "params": {"C": 68.86983641907868, "epsilon": 2.787957587410173, "gamma": 0.0774677861147164, "lamda": 0.965021290176815}, "datetime": {"datetime": "2021-09-19 12:07:57", "elapsed": 809.105702, "delta": 14.487371}}
{"target": -6.5447253780353405, "params": {"C": 72.72996363250581, "epsilon": 11.696855640587058, "gamma": 0.08159998524146853, "lamda": 0.9651863384010557}, "datetime": {"datetime": "2021-09-19 12:08:11", "elapsed": 823.252477, "delta": 14.146775}}
{"target": -4.78252402924333, "params": {"C": 68.5349141565147, "epsilon": 2.959783057756747, "gamma": 0.07318852566539305, "lamda": 0.7387954423371375}, "datetime": {"datetime": "2021-09-19 12:08:20", "elapsed": 832.154205, "delta": 8.901728}}
{"target": -7.144571098748047, "params": {"C": 26.914969520843727, "epsilon": 13.705635205479691, "gamma": 0.087493660227075, "lamda": 0.41744459952165053}, "datetime": {"datetime": "2021-09-19 12:08:35", "elapsed": 846.702952, "delta": 14.548747}}
{"target": -5.973681642007195, "params": {"C": 106.06201416217236, "epsilon": 5.743905166036058, "gamma": 0.07711680074852584, "lamda": 1.3403685578200124}, "datetime": {"datetime": "2021-09-19 12:08:50", "elapsed": 861.90949, "delta": 15.206538}}
{"target": -4.486558008306745, "params": {"C": 34.239591482701584, "epsilon": 3.0440548700577437, "gamma": 0.08253944541635502, "lamda": 0.18854843133450463}, "datetime": {"datetime": "2021-09-19 12:08:58", "elapsed": 870.497281, "delta": 8.587791}}
{"target": -6.82924579094917, "params": {"C": 80.41199823763728, "epsilon": 10.280754097563777, "gamma": 0.07608898370266201, "lamda": 0.6232259344176326}, "datetime": {"datetime": "2021-09-19 12:09:12", "elapsed": 884.584969, "delta": 14.087688}}
{"target": -4.872317626392423, "params": {"C": 38.790299800425714, "epsilon": 3.1723381730598845, "gamma": 0.07310023240310416, "lamda": 1.3522646836363816}, "datetime": {"datetime": "2021-09-19 12:09:21", "elapsed": 893.327262, "delta": 8.742293}}
{"target": -5.445236677866616, "params": {"C": 47.566424853790124, "epsilon": 6.715227190297977, "gamma": 0.0727268240049447, "lamda": 0.1803343848702509}, "datetime": {"datetime": "2021-09-19 12:09:30", "elapsed": 902.004521, "delta": 8.677259}}
{"target": -5.542372993597274, "params": {"C": 20.61655128967615, "epsilon": 3.788891588630083, "gamma": 0.05253042564350992, "lamda": 1.0363404719145584}, "datetime": {"datetime": "2021-09-19 12:09:39", "elapsed": 910.763524, "delta": 8.759003}}
{"target": -6.985661429801318, "params": {"C": 96.27411122794742, "epsilon": 9.899874537427161, "gamma": 0.061959242652504916, "lamda": 1.0297585988093059}, "datetime": {"datetime": "2021-09-19 12:09:48", "elapsed": 919.754759, "delta": 8.991235}}
{"target": -5.924144486576632, "params": {"C": 94.51836585379812, "epsilon": 3.4160025012801083, "gamma": 0.0504315384153403, "lamda": 0.8849857833527505}, "datetime": {"datetime": "2021-09-19 12:10:01", "elapsed": 932.703762, "delta": 12.949003}}
{"target": -5.130645704562453, "params": {"C": 20.705869300539852, "epsilon": 4.034194922619438, "gamma": 0.07773321666324508, "lamda": 1.1119512972446246}, "datetime": {"datetime": "2021-09-19 12:10:09", "elapsed": 941.528926, "delta": 8.825164}}
{"target": -5.455436023667711, "params": {"C": 34.3530346672342, "epsilon": 3.1542585223179724, "gamma": 0.06324463693457143, "lamda": 0.13562242227563284}, "datetime": {"datetime": "2021-09-19 12:10:25", "elapsed": 956.770809, "delta": 15.241883}}
{"target": -6.863681926630573, "params": {"C": 43.839620766133464, "epsilon": 13.438264154484408, "gamma": 0.08881070356709227, "lamda": 0.8088957572075569}, "datetime": {"datetime": "2021-09-19 12:10:38", "elapsed": 970.569437, "delta": 13.798628}}
{"target": -5.905514447427902, "params": {"C": 74.22422509783655, "epsilon": 9.523758160768631, "gamma": 0.06992007887759641, "lamda": 0.27484131923286464}, "datetime": {"datetime": "2021-09-19 12:10:47", "elapsed": 979.281463, "delta": 8.712026}}
{"target": -4.62633091625742, "params": {"C": 31.01460145499502, "epsilon": 7.845957101700055, "gamma": 0.08629853866448911, "lamda": 0.43420238633544855}, "datetime": {"datetime": "2021-09-19 12:11:01", "elapsed": 993.169825, "delta": 13.888362}}
{"target": -5.6775272460970925, "params": {"C": 35.871716465894906, "epsilon": 7.735967638077447, "gamma": 0.0803842118175354, "lamda": 0.20141580845883333}, "datetime": {"datetime": "2021-09-19 12:11:10", "elapsed": 1002.195647, "delta": 9.025822}}
{"target": -6.481744653433697, "params": {"C": 55.94397917328599, "epsilon": 8.149045559544918, "gamma": 0.06358990985263097, "lamda": 0.7755410484824143}, "datetime": {"datetime": "2021-09-19 12:11:19", "elapsed": 1010.922371, "delta": 8.726724}}
{"target": -6.5361098339726444, "params": {"C": 62.240694621084096, "epsilon": 10.64139381067708, "gamma": 0.08359191852190251, "lamda": 0.6246478014919801}, "datetime": {"datetime": "2021-09-19 12:11:33", "elapsed": 1025.022558, "delta": 14.100187}}
{"target": -6.799949226147766, "params": {"C": 112.55868184431345, "epsilon": 10.645963703977769, "gamma": 0.05660315978731792, "lamda": 0.9943742243223699}, "datetime": {"datetime": "2021-09-19 12:11:42", "elapsed": 1034.20992, "delta": 9.187362}}
{"target": -5.139558658172963, "params": {"C": 38.783515134423055, "epsilon": 3.228338464356212, "gamma": 0.059311993476525646, "lamda": 1.3561506377362134}, "datetime": {"datetime": "2021-09-19 12:11:51", "elapsed": 1043.27346, "delta": 9.06354}}
{"target": -5.1361292544992585, "params": {"C": 20.37100812867631, "epsilon": 3.9957967482709447, "gamma": 0.06487074290042426, "lamda": 0.9358640061018803}, "datetime": {"datetime": "2021-09-19 12:12:00", "elapsed": 1052.10698, "delta": 8.83352}}
{"target": -3.6316784860207294, "params": {"C": 69.77630718702183, "epsilon": 5.0416301874648255, "gamma": 0.07490175917086883, "lamda": 1.2387599464361587}, "datetime": {"datetime": "2021-09-19 12:12:09", "elapsed": 1061.122828, "delta": 9.015848}}
{"target": -5.040551458545881, "params": {"C": 43.87947999074956, "epsilon": 5.673693768788674, "gamma": 0.06918300617237441, "lamda": 0.1939165320273422}, "datetime": {"datetime": "2021-09-19 12:12:19", "elapsed": 1070.754213, "delta": 9.631385}}
{"target": 0.8844178310890217, "params": {"C": 34.46082364383749, "epsilon": 2.840974786933362, "gamma": 0.06465526912804762, "lamda": 0.02010682302258034}, "datetime": {"datetime": "2021-09-19 12:12:19", "elapsed": 1071.363573, "delta": 0.60936}}
{"target": -4.9277203942492, "params": {"C": 44.59883147262543, "epsilon": 4.432404305397313, "gamma": 0.08194017454496855, "lamda": 1.2851394496821922}, "datetime": {"datetime": "2021-09-19 12:12:34", "elapsed": 1085.94332, "delta": 14.579747}}
{"target": -4.782812424031288, "params": {"C": 77.09638293631247, "epsilon": 2.3914787601089276, "gamma": 0.06318583794188287, "lamda": 0.6881907713132882}, "datetime": {"datetime": "2021-09-19 12:12:42", "elapsed": 1094.233336, "delta": 8.290016}}
{"target": -5.344831085125581, "params": {"C": 68.64387506493148, "epsilon": 3.1203678153717966, "gamma": 0.05926318455036304, "lamda": 0.7517127136894586}, "datetime": {"datetime": "2021-09-19 12:12:55", "elapsed": 1106.764476, "delta": 12.53114}}
{"target": -4.142932890235074, "params": {"C": 45.02132028215444, "epsilon": 10.364218414748056, "gamma": 0.050017156222601736, "lamda": 0.45356862569049644}, "datetime": {"datetime": "2021-09-19 12:47:33", "elapsed": 0.0, "delta": 0.0}}
{"target": -5.072328550107137, "params": {"C": 28.805353449026782, "epsilon": 2.200401731994371, "gamma": 0.07793903170665065, "lamda": 0.5184065344918674}, "datetime": {"datetime": "2021-09-19 12:47:47", "elapsed": 13.076002, "delta": 13.076002}}
