{"target": -6.649211168321515, "params": {"C": 46.59048245742397, "epsilon": 8.359854335297841, "gamma": 0.06128278166979315, "lamda": 0.026873929843798817}, "datetime": {"datetime": "2021-09-19 14:02:25", "elapsed": 343.196578, "delta": 14.731838}}
{"target": 0.8757169883500961, "params": {"C": 49.95246740745309, "epsilon": 3.1018079374434158, "gamma": 0.05, "lamda": 0.0001}, "datetime": {"datetime": "2021-09-19 14:02:26", "elapsed": 343.858539, "delta": 0.661961}}
{"target": 0.8730887291252797, "params": {"C": 50.50802135189229, "epsilon": 4.641844546609159, "gamma": 0.2, "lamda": 0.0001}, "datetime": {"datetime": "2021-09-19 14:02:26", "elapsed": 344.561642, "delta": 0.703103}}
{"target": 0.873931828254901, "params": {"C": 51.81115067609943, "epsilon": 2.706133983019552, "gamma": 0.2, "lamda": 0.0001}, "datetime": {"datetime": "2021-09-19 14:02:27", "elapsed": 345.281971, "delta": 0.720329}}
{"target": 0.8859838189192151, "params": {"C": 70.40755071645276, "epsilon": 1.0036401933942039, "gamma": 0.15546077869610106, "lamda": 0.3030487065813823}, "datetime": {"datetime": "2021-09-19 14:02:28", "elapsed": 345.959462, "delta": 0.677491}}
{"target": 0.8737984699395195, "params": {"C": 69.85212651328116, "epsilon": 3.021543909959977, "gamma": 0.2, "lamda": 0.0001}, "datetime": {"datetime": "2021-09-19 14:02:28", "elapsed": 346.60172, "delta": 0.642258}}
{"target": -4.686940390206709, "params": {"C": 71.18911775168593, "epsilon": 2.5251424597189085, "gamma": 0.05, "lamda": 1.5}, "datetime": {"datetime": "2021-09-19 14:02:41", "elapsed": 359.246317, "delta": 12.644597}}
{"target": 0.8751780144262031, "params": {"C": 68.58105475370893, "epsilon": 1.4956562702529395, "gamma": 0.2, "lamda": 0.0001}, "datetime": {"datetime": "2021-09-19 14:02:42", "elapsed": 359.917315, "delta": 0.670998}}
{"target": 0.873081134259455, "params": {"C": 67.92975559143771, "epsilon": 3.8887064259208213, "gamma": 0.2, "lamda": 0.0001}, "datetime": {"datetime": "2021-09-19 14:02:43", "elapsed": 360.763375, "delta": 0.84606}}
{"target": 0.8712515310037889, "params": {"C": 69.30375657133621, "epsilon": 5.627691272751836, "gamma": 0.2, "lamda": 0.0001}, "datetime": {"datetime": "2021-09-19 14:02:43", "elapsed": 361.591232, "delta": 0.827857}}
{"target": -2.33963155727994, "params": {"C": 67.55459712356497, "epsilon": 5.798264408282843, "gamma": 0.2, "lamda": 1.5}, "datetime": {"datetime": "2021-09-19 14:02:52", "elapsed": 370.585517, "delta": 8.994285}}
{"target": 0.8681153587161302, "params": {"C": 71.29252074261683, "epsilon": 6.896788781414324, "gamma": 0.2, "lamda": 0.0001}, "datetime": {"datetime": "2021-09-19 14:02:53", "elapsed": 371.317146, "delta": 0.731629}}
{"target": -5.399640291457031, "params": {"C": 69.80936851378353, "epsilon": 8.227166702549674, "gamma": 0.10281669572342732, "lamda": 0.22061370816546835}, "datetime": {"datetime": "2021-09-19 14:03:08", "elapsed": 386.471727, "delta": 15.154581}}
{"target": 0.8705404841765133, "params": {"C": 71.27862045750403, "epsilon": 5.167030298553828, "gamma": 0.2, "lamda": 0.0001}, "datetime": {"datetime": "2021-09-19 14:03:09", "elapsed": 387.317268, "delta": 0.845541}}
{"target": 0.8681177594980629, "params": {"C": 73.3053006785985, "epsilon": 6.848153798863259, "gamma": 0.2, "lamda": 0.0001}, "datetime": {"datetime": "2021-09-19 14:03:10", "elapsed": 388.104355, "delta": 0.787087}}
{"target": -2.3099788504619694, "params": {"C": 72.21404623746905, "epsilon": 6.485387757090041, "gamma": 0.2, "lamda": 1.5}, "datetime": {"datetime": "2021-09-19 14:03:19", "elapsed": 397.034096, "delta": 8.929741}}
{"target": 0.8656830916478673, "params": {"C": 75.08550772402812, "epsilon": 8.384566999255215, "gamma": 0.2, "lamda": 0.0001}, "datetime": {"datetime": "2021-09-19 14:03:20", "elapsed": 397.803071, "delta": 0.768975}}
{"target": 0.8819833854529511, "params": {"C": 73.18508879663275, "epsilon": 8.73099608814332, "gamma": 0.05, "lamda": 0.0001}, "datetime": {"datetime": "2021-09-19 14:03:20", "elapsed": 398.47832, "delta": 0.675249}}
{"target": 0.8698474546205548, "params": {"C": 62.70182569630327, "epsilon": 6.169121569840538, "gamma": 0.2, "lamda": 0.0001}, "datetime": {"datetime": "2021-09-19 14:03:21", "elapsed": 399.12029, "delta": 0.64197}}
{"target": -2.478391004812578, "params": {"C": 61.12592288822313, "epsilon": 5.045672437368722, "gamma": 0.17764086082821112, "lamda": 1.268513288872635}, "datetime": {"datetime": "2021-09-19 14:03:30", "elapsed": 408.180692, "delta": 9.060402}}
{"target": -4.324880805672803, "params": {"C": 63.133478272073305, "epsilon": 8.537826554904985, "gamma": 0.10345974618321004, "lamda": 0.0143122083109601}, "datetime": {"datetime": "2021-09-19 14:03:39", "elapsed": 417.526035, "delta": 9.345343}}
{"target": 0.8715124824576445, "params": {"C": 64.40627154730466, "epsilon": 4.908245127473795, "gamma": 0.2, "lamda": 0.0001}, "datetime": {"datetime": "2021-09-19 14:03:40", "elapsed": 418.148032, "delta": 0.621997}}
{"target": 0.8784445659288147, "params": {"C": 62.81556365922158, "epsilon": 4.024067867318003, "gamma": 0.05, "lamda": 0.0001}, "datetime": {"datetime": "2021-09-19 14:03:41", "elapsed": 418.844989, "delta": 0.696957}}
{"target": -6.40077020653351, "params": {"C": 63.683629438827886, "epsilon": 5.381181347700136, "gamma": 0.05, "lamda": 1.5}, "datetime": {"datetime": "2021-09-19 14:03:50", "elapsed": 428.034029, "delta": 9.18904}}
{"target": 0.8732721286563063, "params": {"C": 65.7696540971148, "epsilon": 3.4060670736514322, "gamma": 0.2, "lamda": 0.0001}, "datetime": {"datetime": "2021-09-19 14:03:50", "elapsed": 428.724997, "delta": 0.690968}}
{"target": -5.308329953949458, "params": {"C": 74.38886787113027, "epsilon": 8.669298830498917, "gamma": 0.05, "lamda": 1.5}, "datetime": {"datetime": "2021-09-19 14:04:00", "elapsed": 437.806991, "delta": 9.081994}}
{"target": -2.633025635849692, "params": {"C": 68.1453289810951, "epsilon": 2.8696925826106345, "gamma": 0.15154888871423206, "lamda": 1.4401385330924648}, "datetime": {"datetime": "2021-09-19 14:04:09", "elapsed": 447.464267, "delta": 9.657276}}
{"target": 0.8797178360361051, "params": {"C": 66.30527582822855, "epsilon": 5.038760194319248, "gamma": 0.05, "lamda": 0.0001}, "datetime": {"datetime": "2021-09-19 14:04:10", "elapsed": 448.223557, "delta": 0.75929}}
{"target": -8.886722171260626, "params": {"C": 61.15877455688424, "epsilon": 14.0, "gamma": 0.05, "lamda": 1.5}, "datetime": {"datetime": "2021-09-19 14:04:20", "elapsed": 457.860558, "delta": 9.637001}}
{"target": -5.338397953451399, "params": {"C": 53.58327528258715, "epsilon": 13.962974096812554, "gamma": 0.1781658062095256, "lamda": 0.9426092699105204}, "datetime": {"datetime": "2021-09-19 14:04:34", "elapsed": 472.103949, "delta": 14.243391}}
{"target": 0.8739461993986891, "params": {"C": 60.398349734422204, "epsilon": 3.00566866853304, "gamma": 0.2, "lamda": 0.0001}, "datetime": {"datetime": "2021-09-19 14:04:35", "elapsed": 472.869034, "delta": 0.765085}}
{"target": 0.8752304724345014, "params": {"C": 75.77144023327908, "epsilon": 1.0, "gamma": 0.2, "lamda": 0.0001}, "datetime": {"datetime": "2021-09-19 14:04:35", "elapsed": 473.526373, "delta": 0.657339}}
{"target": 0.8752296377078318, "params": {"C": 73.42001111137685, "epsilon": 1.0, "gamma": 0.2, "lamda": 0.0001}, "datetime": {"datetime": "2021-09-19 14:04:36", "elapsed": 474.246995, "delta": 0.720622}}
{"target": 0.8742938796282544, "params": {"C": 61.98100855319443, "epsilon": 2.092831162627875, "gamma": 0.2, "lamda": 0.0001}, "datetime": {"datetime": "2021-09-19 14:04:37", "elapsed": 475.030437, "delta": 0.783442}}
{"target": 0.8712363047364489, "params": {"C": 60.54633670094542, "epsilon": 6.614744856284848, "gamma": 0.2, "lamda": 0.0001}, "datetime": {"datetime": "2021-09-19 14:04:38", "elapsed": 475.845929, "delta": 0.815492}}
{"target": -5.197433380320961, "params": {"C": 58.80439107073263, "epsilon": 4.533093613240975, "gamma": 0.06251977057700434, "lamda": 0.1302167504342065}, "datetime": {"datetime": "2021-09-19 14:04:46", "elapsed": 484.335974, "delta": 8.490045}}
{"target": 0.8738133796183378, "params": {"C": 48.86406723318885, "epsilon": 1.0, "gamma": 0.2, "lamda": 0.0001}, "datetime": {"datetime": "2021-09-19 14:04:47", "elapsed": 485.066809, "delta": 0.730835}}
{"target": 0.8816349618170513, "params": {"C": 59.757726910003655, "epsilon": 1.1989044412514676, "gamma": 0.168580377984466, "lamda": 0.14612918783159984}, "datetime": {"datetime": "2021-09-19 14:04:48", "elapsed": 485.903404, "delta": 0.836595}}
{"target": 0.8650686034911687, "params": {"C": 76.7062681000299, "epsilon": 9.510190470768272, "gamma": 0.2, "lamda": 0.0001}, "datetime": {"datetime": "2021-09-19 14:04:48", "elapsed": 486.707923, "delta": 0.804519}}
{"target": 0.8744454785312379, "params": {"C": 51.860491856932505, "epsilon": 1.0, "gamma": 0.2, "lamda": 0.0001}, "datetime": {"datetime": "2021-09-19 14:04:49", "elapsed": 487.485741, "delta": 0.777818}}
{"target": -1.603784077078107, "params": {"C": 74.6565827495459, "epsilon": 1.0, "gamma": 0.2, "lamda": 1.5}, "datetime": {"datetime": "2021-09-19 14:04:58", "elapsed": 496.24638, "delta": 8.760639}}
{"target": -5.721322595767454, "params": {"C": 43.682660907874016, "epsilon": 13.909289786783404, "gamma": 0.0569130151511894, "lamda": 0.09851641780106138}, "datetime": {"datetime": "2021-09-19 14:05:08", "elapsed": 505.76766, "delta": 9.52128}}
{"target": 0.8687541701985573, "params": {"C": 76.05287438595475, "epsilon": 6.914327960788426, "gamma": 0.2, "lamda": 0.0001}, "datetime": {"datetime": "2021-09-19 14:05:08", "elapsed": 506.475625, "delta": 0.707965}}
{"target": 0.8731196442996146, "params": {"C": 73.62452599260716, "epsilon": 3.0070902088019333, "gamma": 0.2, "lamda": 0.0001}, "datetime": {"datetime": "2021-09-19 14:05:09", "elapsed": 507.173314, "delta": 0.697689}}
{"target": 0.8728945490295388, "params": {"C": 52.55527528908077, "epsilon": 5.053058452868094, "gamma": 0.2, "lamda": 0.0001}, "datetime": {"datetime": "2021-09-19 14:05:10", "elapsed": 507.923355, "delta": 0.750041}}
{"target": 0.8707880971038418, "params": {"C": 73.48483331965785, "epsilon": 4.921151502430958, "gamma": 0.2, "lamda": 0.0001}, "datetime": {"datetime": "2021-09-19 14:05:10", "elapsed": 508.724913, "delta": 0.801558}}
{"target": -2.7122802430317785, "params": {"C": 52.96437683804295, "epsilon": 4.33683468498335, "gamma": 0.11034563397090573, "lamda": 1.4933857470517644}, "datetime": {"datetime": "2021-09-19 14:05:19", "elapsed": 517.532892, "delta": 8.807979}}
{"target": 0.8800315268319774, "params": {"C": 66.76397924933936, "epsilon": 1.0, "gamma": 0.05, "lamda": 0.0001}, "datetime": {"datetime": "2021-09-19 14:05:20", "elapsed": 518.318769, "delta": 0.785877}}
{"target": 0.8720775564876794, "params": {"C": 52.878305010965875, "epsilon": 7.02743848015636, "gamma": 0.2, "lamda": 0.0001}, "datetime": {"datetime": "2021-09-19 14:05:21", "elapsed": 519.162516, "delta": 0.843747}}
{"target": 0.8769069780561176, "params": {"C": 51.931843791023205, "epsilon": 10.184837096455672, "gamma": 0.14357978704221575, "lamda": 0.03131800600890727}, "datetime": {"datetime": "2021-09-19 14:05:22", "elapsed": 519.859102, "delta": 0.696586}}
{"target": -5.213489015651006, "params": {"C": 52.40967587777794, "epsilon": 8.722249224410724, "gamma": 0.08818804831913224, "lamda": 0.03044004021125669}, "datetime": {"datetime": "2021-09-19 14:05:30", "elapsed": 528.469882, "delta": 8.61078}}
{"target": 0.8707702943018225, "params": {"C": 51.48620278420912, "epsilon": 11.630714253335057, "gamma": 0.2, "lamda": 0.0001}, "datetime": {"datetime": "2021-09-19 14:05:31", "elapsed": 529.224511, "delta": 0.754629}}
{"target": -6.684375865922191, "params": {"C": 51.60090075166768, "epsilon": 10.810727846492233, "gamma": 0.08053488004115143, "lamda": 1.420183013448864}, "datetime": {"datetime": "2021-09-19 14:05:45", "elapsed": 542.831542, "delta": 13.607031}}
{"target": -5.79115534176454, "params": {"C": 53.94922617375482, "epsilon": 6.396606808374142, "gamma": 0.06977395883881524, "lamda": 0.0572534152517557}, "datetime": {"datetime": "2021-09-19 14:05:56", "elapsed": 553.956305, "delta": 11.124763}}
{"target": -5.040922376349195, "params": {"C": 52.040518022910845, "epsilon": 5.998495373516393, "gamma": 0.08615115385192493, "lamda": 0.03332359590484827}, "datetime": {"datetime": "2021-09-19 14:06:05", "elapsed": 563.201021, "delta": 9.244716}}
{"target": 0.8796023391024824, "params": {"C": 51.61408470141383, "epsilon": 3.995711352158161, "gamma": 0.16767004015767956, "lamda": 0.1054067738723473}, "datetime": {"datetime": "2021-09-19 14:06:06", "elapsed": 564.09162, "delta": 0.890599}}
{"target": 0.8679543924312604, "params": {"C": 74.70249852923322, "epsilon": 6.925584667538012, "gamma": 0.2, "lamda": 0.0001}, "datetime": {"datetime": "2021-09-19 14:06:07", "elapsed": 565.043277, "delta": 0.951657}}
{"target": 0.880771182852387, "params": {"C": 69.5880558013847, "epsilon": 4.363723971746335, "gamma": 0.05, "lamda": 0.0001}, "datetime": {"datetime": "2021-09-19 14:06:08", "elapsed": 565.980733, "delta": 0.937456}}
{"target": 0.8919423075075503, "params": {"C": 50.53628197389999, "epsilon": 1.33575264196997, "gamma": 0.09695888441919104, "lamda": 0.04741902836421846}, "datetime": {"datetime": "2021-09-19 14:06:09", "elapsed": 566.901891, "delta": 0.921158}}
{"target": -3.5213484400500796, "params": {"C": 64.09420511675617, "epsilon": 3.3627468874147155, "gamma": 0.1081423373909127, "lamda": 0.055286238043180974}, "datetime": {"datetime": "2021-09-19 14:06:25", "elapsed": 583.040098, "delta": 16.138207}}
{"target": -2.1125416233207455, "params": {"C": 67.18713413364218, "epsilon": 2.4954868500373246, "gamma": 0.16939022438597312, "lamda": 0.08607597684566393}, "datetime": {"datetime": "2021-09-19 14:06:33", "elapsed": 591.285566, "delta": 8.245468}}
{"target": 0.8784146621233888, "params": {"C": 61.660840887929886, "epsilon": 3.391786674308569, "gamma": 0.05, "lamda": 0.0001}, "datetime": {"datetime": "2021-09-19 14:06:34", "elapsed": 592.051186, "delta": 0.76562}}
{"target": -2.892414374995988, "params": {"C": 76.33277379597011, "epsilon": 8.210418231192495, "gamma": 0.13352026705164893, "lamda": 0.12668510659616883}, "datetime": {"datetime": "2021-09-19 14:06:44", "elapsed": 601.957626, "delta": 9.90644}}
{"target": 0.8690601081267805, "params": {"C": 42.935129480016826, "epsilon": 10.103304130544027, "gamma": 0.2, "lamda": 0.0001}, "datetime": {"datetime": "2021-09-19 14:06:44", "elapsed": 602.680963, "delta": 0.723337}}
{"target": 0.8816814810856679, "params": {"C": 72.38225024673793, "epsilon": 5.841135167455359, "gamma": 0.05, "lamda": 0.0001}, "datetime": {"datetime": "2021-09-19 14:06:45", "elapsed": 603.462258, "delta": 0.781295}}
{"target": 0.8719417458423357, "params": {"C": 72.41666057313984, "epsilon": 4.041158407737102, "gamma": 0.2, "lamda": 0.0001}, "datetime": {"datetime": "2021-09-19 14:06:46", "elapsed": 604.259086, "delta": 0.796828}}
{"target": -2.673334345472645, "params": {"C": 60.737243407278754, "epsilon": 2.0127899118800094, "gamma": 0.14842339639380075, "lamda": 0.24558425559718866}, "datetime": {"datetime": "2021-09-19 14:07:02", "elapsed": 620.58042, "delta": 16.321334}}
{"target": 0.881754304034623, "params": {"C": 72.34075484239757, "epsilon": 7.7422011434707905, "gamma": 0.05, "lamda": 0.0001}, "datetime": {"datetime": "2021-09-19 14:07:03", "elapsed": 621.518669, "delta": 0.938249}}
{"target": -5.767867029850667, "params": {"C": 49.26827538888257, "epsilon": 2.073659559805157, "gamma": 0.05, "lamda": 0.6310723770466733}, "datetime": {"datetime": "2021-09-19 14:07:17", "elapsed": 635.592792, "delta": 14.074123}}
{"target": -5.594779941023263, "params": {"C": 41.5693120069962, "epsilon": 10.990737995286866, "gamma": 0.14198305226631092, "lamda": 0.26289801623859643}, "datetime": {"datetime": "2021-09-19 14:07:31", "elapsed": 649.114682, "delta": 13.52189}}
{"target": -4.695502835392093, "params": {"C": 50.856694259843984, "epsilon": 3.009651662547869, "gamma": 0.09010132618245678, "lamda": 0.11159880862797882}, "datetime": {"datetime": "2021-09-19 14:07:40", "elapsed": 658.637956, "delta": 9.523274}}
{"target": -5.465335111921308, "params": {"C": 75.36381702955093, "epsilon": 12.999052409116246, "gamma": 0.12938355228623954, "lamda": 1.3609815875816598}, "datetime": {"datetime": "2021-09-19 14:07:54", "elapsed": 672.6942, "delta": 14.056244}}
{"target": 0.8799265019624499, "params": {"C": 73.88692135495621, "epsilon": 7.807263810072802, "gamma": 0.16316588265201248, "lamda": 0.0001}, "datetime": {"datetime": "2021-09-19 14:07:55", "elapsed": 673.730163, "delta": 1.035963}}
{"target": -5.38464018641972, "params": {"C": 45.215368254063584, "epsilon": 10.038141502527315, "gamma": 0.09682772576264229, "lamda": 0.026052122233876037}, "datetime": {"datetime": "2021-09-19 14:08:04", "elapsed": 682.444393, "delta": 8.71423}}
{"target": -3.73919912929321, "params": {"C": 70.86333526631266, "epsilon": 7.685691834967484, "gamma": 0.1367807608362266, "lamda": 0.5487863207928904}, "datetime": {"datetime": "2021-09-19 14:08:13", "elapsed": 691.073877, "delta": 8.629484}}
{"target": -1.4917988831414117, "params": {"C": 46.41093715854678, "epsilon": 2.0619673179413933, "gamma": 0.18990863200910263, "lamda": 0.5401129499683188}, "datetime": {"datetime": "2021-09-19 14:08:27", "elapsed": 704.820401, "delta": 13.746524}}
{"target": -1.2459864096796656, "params": {"C": 42.90465406502999, "epsilon": 3.9361098882220267, "gamma": 0.19072670436023237, "lamda": 0.8907977268798934}, "datetime": {"datetime": "2021-09-19 14:08:35", "elapsed": 713.47035, "delta": 8.649949}}
{"target": 0.8918163121766958, "params": {"C": 49.370787933994634, "epsilon": 4.000922452610814, "gamma": 0.09257585630690458, "lamda": 0.007295876817108522}, "datetime": {"datetime": "2021-09-19 14:08:36", "elapsed": 714.485984, "delta": 1.015634}}
{"target": 0.8720769571848107, "params": {"C": 65.46620637580946, "epsilon": 4.482451443145061, "gamma": 0.2, "lamda": 0.0001}, "datetime": {"datetime": "2021-09-19 14:08:37", "elapsed": 715.456935, "delta": 0.970951}}
{"target": 0.8729486871962102, "params": {"C": 66.65777874309386, "epsilon": 4.077984218780753, "gamma": 0.2, "lamda": 0.0001}, "datetime": {"datetime": "2021-09-19 14:08:38", "elapsed": 716.472519, "delta": 1.015584}}
{"target": -4.725308242608933, "params": {"C": 49.45460033153689, "epsilon": 5.227061934866594, "gamma": 0.07428707351082066, "lamda": 0.05168301746384551}, "datetime": {"datetime": "2021-09-19 14:08:50", "elapsed": 728.032201, "delta": 11.559682}}
{"target": 0.8738572587057691, "params": {"C": 79.17814459628383, "epsilon": 2.454315039217036, "gamma": 0.2, "lamda": 0.0001}, "datetime": {"datetime": "2021-09-19 14:08:51", "elapsed": 728.983552, "delta": 0.951351}}
{"target": 0.8708034918278869, "params": {"C": 72.39955757736146, "epsilon": 4.940487881401887, "gamma": 0.2, "lamda": 0.0001}, "datetime": {"datetime": "2021-09-19 14:08:52", "elapsed": 729.96679, "delta": 0.983238}}
{"target": -2.681182505514953, "params": {"C": 78.85129155604169, "epsilon": 7.084687431210073, "gamma": 0.1953934121090587, "lamda": 1.154265957855146}, "datetime": {"datetime": "2021-09-19 14:09:01", "elapsed": 739.011875, "delta": 9.045085}}
{"target": -3.4699749881081026, "params": {"C": 69.18048105769543, "epsilon": 9.160229207418855, "gamma": 0.17582061423076167, "lamda": 1.137377125071927}, "datetime": {"datetime": "2021-09-19 14:09:15", "elapsed": 752.75731, "delta": 13.745435}}
{"target": -2.3248504557965144, "params": {"C": 69.21830899799458, "epsilon": 4.222359875109498, "gamma": 0.16144725440540886, "lamda": 0.06525780049155971}, "datetime": {"datetime": "2021-09-19 14:09:27", "elapsed": 765.289499, "delta": 12.532189}}
{"target": -5.531508922201155, "params": {"C": 76.22784770109322, "epsilon": 4.745168077742626, "gamma": 0.058276071937070614, "lamda": 1.4018341281362103}, "datetime": {"datetime": "2021-09-19 14:09:36", "elapsed": 774.079648, "delta": 8.790149}}
{"target": -5.770294986900268, "params": {"C": 71.25052964029216, "epsilon": 5.291143595629677, "gamma": 0.08053038492576395, "lamda": 1.4164423321879829}, "datetime": {"datetime": "2021-09-19 14:09:51", "elapsed": 789.148845, "delta": 15.069197}}
{"target": -4.252901513123964, "params": {"C": 70.37777143569355, "epsilon": 3.977540094473029, "gamma": 0.09887693430759453, "lamda": 0.1662636813822315}, "datetime": {"datetime": "2021-09-19 14:10:00", "elapsed": 798.404247, "delta": 9.255402}}
{"target": -4.830358105968495, "params": {"C": 55.369250208451085, "epsilon": 1.4766532354049948, "gamma": 0.05963712824047737, "lamda": 0.32349055875231386}, "datetime": {"datetime": "2021-09-19 14:10:09", "elapsed": 807.238718, "delta": 8.834471}}
{"target": -2.8533545159584803, "params": {"C": 72.19505472488522, "epsilon": 5.068450192646355, "gamma": 0.1064020379873387, "lamda": 0.39035990420731115}, "datetime": {"datetime": "2021-09-19 14:10:18", "elapsed": 816.250645, "delta": 9.011927}}
{"target": 0.8816574397734991, "params": {"C": 73.16613383450132, "epsilon": 5.795169997257332, "gamma": 0.1620024595470288, "lamda": 0.021321852979069446}, "datetime": {"datetime": "2021-09-19 14:10:19", "elapsed": 817.400483, "delta": 1.149838}}
{"target": -2.72048731087055, "params": {"C": 57.434960653442744, "epsilon": 6.3962530224243155, "gamma": 0.13318176298461515, "lamda": 0.2880440712946139}, "datetime": {"datetime": "2021-09-19 14:10:33", "elapsed": 831.722122, "delta": 14.321639}}
{"target": -5.115350409831807, "params": {"C": 65.98604535715397, "epsilon": 2.2396388121216493, "gamma": 0.060430824975292896, "lamda": 1.426504307797144}, "datetime": {"datetime": "2021-09-19 14:10:47", "elapsed": 845.140402, "delta": 13.41828}}
{"target": -5.48981679406147, "params": {"C": 60.99719813512603, "epsilon": 2.1166122359561585, "gamma": 0.061080905170765275, "lamda": 0.7974187947726176}, "datetime": {"datetime": "2021-09-19 14:10:58", "elapsed": 856.542736, "delta": 11.402334}}
