{"target": -3.8234769398277786, "params": {"C": 84.20700464292035, "epsilon": 1.6391043789725224, "gamma": 0.09255839063231677, "lamda": 1.22592051532868}, "datetime": {"datetime": "2021-09-19 17:23:45", "elapsed": 512.89761, "delta": 8.592617}}
{"target": -5.3308959365197035, "params": {"C": 127.1781545549392, "epsilon": 6.205479563937827, "gamma": 0.05953085278321599, "lamda": 0.235249194862033}, "datetime": {"datetime": "2021-09-19 17:23:53", "elapsed": 521.502625, "delta": 8.605015}}
{"target": -5.5030480382884095, "params": {"C": 87.97456690317593, "epsilon": 3.720939540976526, "gamma": 0.03691093045119034, "lamda": 0.39249313975460454}, "datetime": {"datetime": "2021-09-19 17:24:04", "elapsed": 532.009101, "delta": 10.506476}}
{"target": -4.888775699144399, "params": {"C": 87.88190276157574, "epsilon": 4.000167192782596, "gamma": 0.06535369936269612, "lamda": 0.9346445673668372}, "datetime": {"datetime": "2021-09-19 17:24:17", "elapsed": 545.070191, "delta": 13.06109}}
{"target": -3.466920334875229, "params": {"C": 135.30906483318597, "epsilon": 3.3810385789183424, "gamma": 0.11704160372865298, "lamda": 1.0494139860667717}, "datetime": {"datetime": "2021-09-19 17:24:30", "elapsed": 558.36034, "delta": 13.290149}}
{"target": -4.471890696610122, "params": {"C": 142.80991956987805, "epsilon": 4.562635164892561, "gamma": 0.027993381259382114, "lamda": 0.7195704675665754}, "datetime": {"datetime": "2021-09-19 17:24:40", "elapsed": 568.266374, "delta": 9.906034}}
{"target": -5.147464701961932, "params": {"C": 143.1804549164995, "epsilon": 2.122191951080481, "gamma": 0.04580504446233225, "lamda": 1.2256514795215199}, "datetime": {"datetime": "2021-09-19 17:24:53", "elapsed": 581.687347, "delta": 13.420973}}
{"target": -2.6729724407609385, "params": {"C": 114.4082938940831, "epsilon": 4.209905540686269, "gamma": 0.012643381713408317, "lamda": 0.1806314264692582}, "datetime": {"datetime": "2021-09-19 17:25:04", "elapsed": 592.837975, "delta": 11.150628}}
{"target": -3.652130630263236, "params": {"C": 89.88315720506574, "epsilon": 1.0014309922528484, "gamma": 0.09565545844675381, "lamda": 0.7523758704419719}, "datetime": {"datetime": "2021-09-19 17:25:13", "elapsed": 601.575354, "delta": 8.737379}}
{"target": -3.117392640954603, "params": {"C": 121.32221423196026, "epsilon": 3.5982763858719333, "gamma": 0.10915783223227753, "lamda": 1.142776139201501}, "datetime": {"datetime": "2021-09-19 17:25:22", "elapsed": 610.318787, "delta": 8.743433}}
{"target": -5.922326177090269, "params": {"C": 148.67613643174383, "epsilon": 7.974224471484339, "gamma": 0.04860670863357042, "lamda": 0.23093353608447878}, "datetime": {"datetime": "2021-09-19 17:25:31", "elapsed": 618.891262, "delta": 8.572475}}
{"target": -3.2026178274024453, "params": {"C": 83.7873949717344, "epsilon": 4.4191623485648694, "gamma": 0.10077078460553832, "lamda": 1.2544941403419938}, "datetime": {"datetime": "2021-09-19 17:25:39", "elapsed": 627.414801, "delta": 8.523539}}
{"target": -3.563174748828679, "params": {"C": 133.60466831720044, "epsilon": 1.8493126379966114, "gamma": 0.10202307192480485, "lamda": 1.074376296069138}, "datetime": {"datetime": "2021-09-19 17:25:51", "elapsed": 639.311104, "delta": 11.896303}}
{"target": -5.6856026184723465, "params": {"C": 104.06582971833464, "epsilon": 6.01062159554707, "gamma": 0.03219748382393115, "lamda": 0.35088459161560576}, "datetime": {"datetime": "2021-09-19 17:26:05", "elapsed": 653.077973, "delta": 13.766869}}
{"target": -4.979492656281977, "params": {"C": 127.60221385435659, "epsilon": 2.4150243994301595, "gamma": 0.03946621799951773, "lamda": 0.6122480853132155}, "datetime": {"datetime": "2021-09-19 17:26:13", "elapsed": 660.974508, "delta": 7.896535}}
{"target": -3.423477404981954, "params": {"C": 146.28789200931152, "epsilon": 4.141926267287079, "gamma": 0.10115173551791806, "lamda": 0.6535708932680426}, "datetime": {"datetime": "2021-09-19 17:26:22", "elapsed": 669.880414, "delta": 8.905906}}
{"target": -3.247425015221376, "params": {"C": 109.02199899461596, "epsilon": 6.029271674015497, "gamma": 0.09529494902931077, "lamda": 0.4994102217411235}, "datetime": {"datetime": "2021-09-19 17:26:30", "elapsed": 678.60026, "delta": 8.719846}}
{"target": -4.68342537282175, "params": {"C": 90.8199064189162, "epsilon": 2.562019442923821, "gamma": 0.06741164035361245, "lamda": 0.8088024544411392}, "datetime": {"datetime": "2021-09-19 17:26:38", "elapsed": 686.47165, "delta": 7.87139}}
{"target": -4.878240883881096, "params": {"C": 118.77972589462958, "epsilon": 1.2611836062276736, "gamma": 0.02759208701133235, "lamda": 1.3850872455146679}, "datetime": {"datetime": "2021-09-19 17:26:47", "elapsed": 694.919992, "delta": 8.448342}}
{"target": -3.439106550415228, "params": {"C": 112.87803812331913, "epsilon": 5.893180599620022, "gamma": 0.09720925723223664, "lamda": 0.845753124058902}, "datetime": {"datetime": "2021-09-19 17:26:55", "elapsed": 703.572574, "delta": 8.652582}}
{"target": -4.664817913522653, "params": {"C": 95.62379520753822, "epsilon": 1.0096595172165919, "gamma": 0.08006680000023166, "lamda": 1.3992031468655723}, "datetime": {"datetime": "2021-09-19 17:27:09", "elapsed": 717.393145, "delta": 13.820571}}
{"target": -5.449492167749247, "params": {"C": 135.5545645762744, "epsilon": 8.693258020398224, "gamma": 0.02895307584748787, "lamda": 0.20341315510355013}, "datetime": {"datetime": "2021-09-19 17:27:23", "elapsed": 731.018296, "delta": 13.625151}}
{"target": -6.723430845480808, "params": {"C": 130.54807397093646, "epsilon": 9.48816814738403, "gamma": 0.0770602035351024, "lamda": 0.6141231384895955}, "datetime": {"datetime": "2021-09-19 17:27:32", "elapsed": 740.059489, "delta": 9.041193}}
{"target": -5.557860235455948, "params": {"C": 97.83834523704228, "epsilon": 0.5177086016342807, "gamma": 0.06900634861631869, "lamda": 0.5283238200207595}, "datetime": {"datetime": "2021-09-19 17:27:40", "elapsed": 748.617315, "delta": 8.557826}}
{"target": -5.285053622329208, "params": {"C": 142.47815152451864, "epsilon": 2.1965128184342477, "gamma": 0.05318214498369385, "lamda": 1.2220338005681188}, "datetime": {"datetime": "2021-09-19 17:27:48", "elapsed": 756.062345, "delta": 7.44503}}
{"target": -5.539568851776978, "params": {"C": 112.12648035604937, "epsilon": 6.350796851168882, "gamma": 0.044484686572284875, "lamda": 1.1861560153038309}, "datetime": {"datetime": "2021-09-19 17:27:56", "elapsed": 764.194533, "delta": 8.132188}}
{"target": -6.0779237518870985, "params": {"C": 87.52750987242885, "epsilon": 5.333827346801606, "gamma": 0.0488584677045866, "lamda": 0.06062171569528241}, "datetime": {"datetime": "2021-09-19 17:28:06", "elapsed": 774.039333, "delta": 9.8448}}
{"target": -4.820273994439466, "params": {"C": 96.38722982299726, "epsilon": 9.668104139049778, "gamma": 0.025545040647788897, "lamda": 0.8069806917272201}, "datetime": {"datetime": "2021-09-19 17:28:16", "elapsed": 784.215939, "delta": 10.176606}}
{"target": -5.983882341306612, "params": {"C": 132.1210592619616, "epsilon": 8.714449352031663, "gamma": 0.03905561460514503, "lamda": 0.8608712188047194}, "datetime": {"datetime": "2021-09-19 17:28:31", "elapsed": 799.458533, "delta": 15.242594}}
{"target": -4.8194521915368975, "params": {"C": 90.82173074972913, "epsilon": 7.754074284930483, "gamma": 0.03185807168269407, "lamda": 0.36454390471001447}, "datetime": {"datetime": "2021-09-19 17:28:39", "elapsed": 807.492972, "delta": 8.034439}}
{"target": -4.732632673826119, "params": {"C": 141.93588171155668, "epsilon": 6.216621056822895, "gamma": 0.02066211840066639, "lamda": 1.4983438450030409}, "datetime": {"datetime": "2021-09-19 17:28:48", "elapsed": 816.406332, "delta": 8.91336}}
{"target": -2.9812548392786518, "params": {"C": 116.56201580192358, "epsilon": 5.18783597110504, "gamma": 0.11043088076429133, "lamda": 1.0311287767222324}, "datetime": {"datetime": "2021-09-19 17:28:57", "elapsed": 825.151652, "delta": 8.74532}}
{"target": -1.3200989132365564, "params": {"C": 88.14107281412649, "epsilon": 3.027539406938323, "gamma": 0.006404984648680128, "lamda": 0.28031947121115314}, "datetime": {"datetime": "2021-09-19 17:29:10", "elapsed": 838.123827, "delta": 12.972175}}
{"target": -2.112472383930089, "params": {"C": 76.38670708108143, "epsilon": 3.85342652077595, "gamma": 0.010466865672936764, "lamda": 0.7876203366276856}, "datetime": {"datetime": "2021-09-19 17:29:25", "elapsed": 853.42825, "delta": 15.304423}}
{"target": -5.13260990281611, "params": {"C": 101.28232954724794, "epsilon": 2.637970978711778, "gamma": 0.07614634075619724, "lamda": 1.498424719963193}, "datetime": {"datetime": "2021-09-19 17:29:34", "elapsed": 862.439316, "delta": 9.011066}}
{"target": -5.74754088134755, "params": {"C": 125.28268501856641, "epsilon": 7.927290313164038, "gamma": 0.04641793669429033, "lamda": 0.16318327534344293}, "datetime": {"datetime": "2021-09-19 17:29:43", "elapsed": 871.371531, "delta": 8.932215}}
{"target": -4.631154954864645, "params": {"C": 132.62130115356308, "epsilon": 3.4926325778313214, "gamma": 0.05501457800192615, "lamda": 0.47995651689915664}, "datetime": {"datetime": "2021-09-19 17:29:52", "elapsed": 880.523761, "delta": 9.15223}}
{"target": -5.372831764914117, "params": {"C": 116.6222085404836, "epsilon": 6.375763263025007, "gamma": 0.04559409886293015, "lamda": 0.8911187875861628}, "datetime": {"datetime": "2021-09-19 17:30:06", "elapsed": 894.394144, "delta": 13.870383}}
{"target": -5.419568992513754, "params": {"C": 100.70111662095586, "epsilon": 4.16621518322176, "gamma": 0.08091660549809142, "lamda": 1.2347630190925531}, "datetime": {"datetime": "2021-09-19 17:30:15", "elapsed": 903.317709, "delta": 8.923565}}
{"target": -3.284823878797492, "params": {"C": 79.73811088426635, "epsilon": 1.086377802373157, "gamma": 0.09284827097568374, "lamda": 0.036291305251497825}, "datetime": {"datetime": "2021-09-19 17:30:23", "elapsed": 911.584534, "delta": 8.266825}}
{"target": -3.3699426951050304, "params": {"C": 142.95468074459052, "epsilon": 4.706863924342885, "gamma": 0.1198482629998047, "lamda": 0.2489006572053201}, "datetime": {"datetime": "2021-09-19 17:30:37", "elapsed": 925.400814, "delta": 13.81628}}
{"target": -3.22188227848466, "params": {"C": 75.00076131239871, "epsilon": 6.085561373761636, "gamma": 0.10314812064017588, "lamda": 0.1831614534713006}, "datetime": {"datetime": "2021-09-19 17:30:50", "elapsed": 938.382084, "delta": 12.98127}}
{"target": -4.017974192745681, "params": {"C": 102.24777609166016, "epsilon": 4.614917635021058, "gamma": 0.016397116141787318, "lamda": 0.047624138406201166}, "datetime": {"datetime": "2021-09-19 17:31:03", "elapsed": 951.007094, "delta": 12.62501}}
{"target": -5.252821009227404, "params": {"C": 147.58683507401662, "epsilon": 2.565484706390375, "gamma": 0.06893456999480328, "lamda": 0.2635852866141044}, "datetime": {"datetime": "2021-09-19 17:31:16", "elapsed": 964.609585, "delta": 13.602491}}
{"target": -1.9653659438431972, "params": {"C": 117.13247749777338, "epsilon": 1.887830578820493, "gamma": 0.010136600984286502, "lamda": 0.32495649812412297}, "datetime": {"datetime": "2021-09-19 17:31:29", "elapsed": 977.843613, "delta": 13.234028}}
{"target": -5.0980623523491015, "params": {"C": 125.72157742392307, "epsilon": 8.645368217643842, "gamma": 0.026340821919924855, "lamda": 0.25628318694426244}, "datetime": {"datetime": "2021-09-19 17:31:38", "elapsed": 986.743353, "delta": 8.89974}}
{"target": -2.406516158379932, "params": {"C": 77.85911459936673, "epsilon": 1.7119036021935743, "gamma": 0.011812895589548005, "lamda": 0.34860959451993284}, "datetime": {"datetime": "2021-09-19 17:31:51", "elapsed": 999.696272, "delta": 12.952919}}
{"target": -3.2394305469313487, "params": {"C": 135.7819889994259, "epsilon": 8.101033502979183, "gamma": 0.11355189481199089, "lamda": 1.3260170180855386}, "datetime": {"datetime": "2021-09-19 17:32:00", "elapsed": 1008.077956, "delta": 8.381684}}
{"target": -4.55721715074015, "params": {"C": 126.23818992403521, "epsilon": 8.079508827498728, "gamma": 0.0745624471390687, "lamda": 0.07020302140665688}, "datetime": {"datetime": "2021-09-19 17:32:08", "elapsed": 1016.573366, "delta": 8.49541}}
{"target": -4.169375558549799, "params": {"C": 147.06762078066293, "epsilon": 7.332582235664591, "gamma": 0.09068847161281042, "lamda": 0.2435542949083623}, "datetime": {"datetime": "2021-09-19 17:32:17", "elapsed": 1025.043208, "delta": 8.469842}}
{"target": -4.61294465962125, "params": {"C": 108.75889281349953, "epsilon": 8.754443900514499, "gamma": 0.057879067537277284, "lamda": 0.704037584817856}, "datetime": {"datetime": "2021-09-19 17:32:25", "elapsed": 1033.668458, "delta": 8.62525}}
{"target": -3.552510063942753, "params": {"C": 110.65293325852599, "epsilon": 7.190093396080577, "gamma": 0.09961113465680757, "lamda": 0.30225822132344926}, "datetime": {"datetime": "2021-09-19 17:32:34", "elapsed": 1042.200551, "delta": 8.532093}}
{"target": -6.274173048521623, "params": {"C": 146.53620298488724, "epsilon": 3.1489570735007733, "gamma": 0.038167572116034526, "lamda": 0.09970995797683621}, "datetime": {"datetime": "2021-09-19 17:32:49", "elapsed": 1057.021381, "delta": 14.82083}}
{"target": -5.312943922290421, "params": {"C": 118.53644397852793, "epsilon": 3.9731427290236487, "gamma": 0.07135449776414908, "lamda": 0.06739468471657646}, "datetime": {"datetime": "2021-09-19 17:33:02", "elapsed": 1070.197047, "delta": 13.175666}}
{"target": -3.2319410375016746, "params": {"C": 142.3149632786598, "epsilon": 9.215042952944904, "gamma": 0.014304903070015116, "lamda": 0.525137965699341}, "datetime": {"datetime": "2021-09-19 17:33:10", "elapsed": 1078.84875, "delta": 8.651703}}
{"target": -6.2453172035048885, "params": {"C": 100.91234020195145, "epsilon": 3.129254475367423, "gamma": 0.03696837887757227, "lamda": 0.44871162541156695}, "datetime": {"datetime": "2021-09-19 17:33:24", "elapsed": 1092.559053, "delta": 13.710303}}
{"target": -5.285653348549257, "params": {"C": 115.61867517062758, "epsilon": 5.265238413950997, "gamma": 0.06585975450650294, "lamda": 0.653354946400129}, "datetime": {"datetime": "2021-09-19 17:33:32", "elapsed": 1100.070963, "delta": 7.51191}}
{"target": -4.685485940297671, "params": {"C": 107.34455494641433, "epsilon": 6.447864803019865, "gamma": 0.07704741529178522, "lamda": 1.1649781197660392}, "datetime": {"datetime": "2021-09-19 17:33:41", "elapsed": 1108.947297, "delta": 8.876334}}
{"target": -4.737553424249141, "params": {"C": 78.81667345656207, "epsilon": 7.015432832435581, "gamma": 0.06702366963351801, "lamda": 0.6215276184319019}, "datetime": {"datetime": "2021-09-19 17:33:50", "elapsed": 1118.083714, "delta": 9.136417}}
{"target": -5.5893085686658965, "params": {"C": 113.81889643306744, "epsilon": 3.4450344232164296, "gamma": 0.02573029670219683, "lamda": 0.33590987115864984}, "datetime": {"datetime": "2021-09-19 17:34:02", "elapsed": 1130.374062, "delta": 12.290348}}
{"target": -4.347650016414153, "params": {"C": 107.69961766065029, "epsilon": 0.7462992023649677, "gamma": 0.06821118495605155, "lamda": 0.2870644785236554}, "datetime": {"datetime": "2021-09-19 17:42:43", "elapsed": 0.0, "delta": 0.0}}
{"target": -4.776670095391687, "params": {"C": 106.52758515656168, "epsilon": 3.638180799536804, "gamma": 0.028534592914351887, "lamda": 0.32385419327013276}, "datetime": {"datetime": "2021-09-19 17:42:58", "elapsed": 15.871315, "delta": 15.871315}}
{"target": -4.8005565982853735, "params": {"C": 97.47410052558924, "epsilon": 3.034859113477233, "gamma": 0.07643039076846891, "lamda": 0.30582841885540785}, "datetime": {"datetime": "2021-09-19 17:43:09", "elapsed": 26.545957, "delta": 10.674642}}
{"target": -5.338925229793634, "params": {"C": 85.09349590087001, "epsilon": 5.378992152024591, "gamma": 0.026210584549395257, "lamda": 0.3570670295633347}, "datetime": {"datetime": "2021-09-19 17:43:25", "elapsed": 42.588224, "delta": 16.042267}}
{"target": -3.4340116672472547, "params": {"C": 139.04814694796164, "epsilon": 5.195249955128314, "gamma": 0.10235457081610881, "lamda": 0.2159290954018122}, "datetime": {"datetime": "2021-09-19 17:43:34", "elapsed": 51.714973, "delta": 9.126749}}
{"target": -3.5590553306651636, "params": {"C": 133.35031978215812, "epsilon": 2.7856202084727486, "gamma": 0.11825927202010694, "lamda": 0.21126543465570358}, "datetime": {"datetime": "2021-09-19 17:43:44", "elapsed": 61.281517, "delta": 9.566544}}
{"target": -0.7626514104394828, "params": {"C": 149.96156790343994, "epsilon": 0.5, "gamma": 0.005, "lamda": 0.4}, "datetime": {"datetime": "2021-09-19 17:43:53", "elapsed": 70.519098, "delta": 9.237581}}
{"target": -1.39716352025733, "params": {"C": 150.0, "epsilon": 8.624442122200024, "gamma": 0.005, "lamda": 0.4}, "datetime": {"datetime": "2021-09-19 17:44:10", "elapsed": 87.699439, "delta": 17.180341}}
{"target": -5.035543195720019, "params": {"C": 149.96776221309776, "epsilon": 4.043941604509422, "gamma": 0.08779611501595438, "lamda": 0.20617581875436808}, "datetime": {"datetime": "2021-09-19 17:44:20", "elapsed": 97.752169, "delta": 10.05273}}
{"target": -4.980719086242404, "params": {"C": 149.66784099356175, "epsilon": 0.8035140285519902, "gamma": 0.036228471385036584, "lamda": 0.36017951182361346}, "datetime": {"datetime": "2021-09-19 17:44:30", "elapsed": 107.022339, "delta": 9.27017}}
{"target": -4.01299369336798, "params": {"C": 79.29820314006166, "epsilon": 2.9009311136480505, "gamma": 0.08436309784580719, "lamda": 0.3234652638153524}, "datetime": {"datetime": "2021-09-19 17:44:39", "elapsed": 116.694184, "delta": 9.671845}}
{"target": -6.122233519973415, "params": {"C": 122.91274985384351, "epsilon": 4.7973062177617045, "gamma": 0.039891597576342606, "lamda": 0.2169979715110194}, "datetime": {"datetime": "2021-09-19 17:44:54", "elapsed": 131.252413, "delta": 14.558229}}
{"target": -3.3745844984877333, "params": {"C": 116.1249253202312, "epsilon": 8.511064404698216, "gamma": 0.017328584414631594, "lamda": 0.3455136904162315}, "datetime": {"datetime": "2021-09-19 17:45:03", "elapsed": 140.008543, "delta": 8.75613}}
{"target": -5.273216074611753, "params": {"C": 96.87579098782216, "epsilon": 0.7462992023649677, "gamma": 0.05721793539847737, "lamda": 0.08709271240402447}, "datetime": {"datetime": "2021-09-19 18:06:56", "elapsed": 0.0, "delta": 0.0}}
{"target": -5.068671671631663, "params": {"C": 96.23507988558706, "epsilon": 3.638180799536804, "gamma": 0.02444162023359504, "lamda": 0.1238732297218152}, "datetime": {"datetime": "2021-09-19 18:07:13", "elapsed": 17.712, "delta": 17.712}}
{"target": -5.45795935110123, "params": {"C": 91.28584162065545, "epsilon": 3.034859113477233, "gamma": 0.06400771411308302, "lamda": 0.10585196175069396}, "datetime": {"datetime": "2021-09-19 18:07:26", "elapsed": 30.522, "delta": 12.81}}
{"target": -5.422190084851906, "params": {"C": 84.51777775914228, "epsilon": 5.378992152024591, "gamma": 0.022521787236456953, "lamda": 0.15707776280594388}, "datetime": {"datetime": "2021-09-19 18:07:44", "elapsed": 47.876035, "delta": 17.354035}}
{"target": -5.1065517703101335, "params": {"C": 114.01298699821905, "epsilon": 5.195249955128314, "gamma": 0.08542334110895947, "lamda": 0.015975113127961748}, "datetime": {"datetime": "2021-09-19 18:07:53", "elapsed": 56.843999, "delta": 8.967964}}
{"target": 0.881542155631658, "params": {"C": 99.71508969498987, "epsilon": 1.120221791675342, "gamma": 0.04567162112175199, "lamda": 0.019351356586339484}, "datetime": {"datetime": "2021-09-19 18:07:53", "elapsed": 57.234998, "delta": 0.390999}}
{"target": -6.0781040197390315, "params": {"C": 111.65819662256908, "epsilon": 5.367131461604749, "gamma": 0.04043625707537313, "lamda": 0.15740732604900876}, "datetime": {"datetime": "2021-09-19 18:08:08", "elapsed": 72.553998, "delta": 15.319}}
{"target": -4.929781931667385, "params": {"C": 99.35940138933009, "epsilon": 1.303731494719759, "gamma": 0.05132379254560461, "lamda": 0.1451234619093481}, "datetime": {"datetime": "2021-09-19 18:08:17", "elapsed": 81.277999, "delta": 8.724001}}
{"target": -6.446494650511102, "params": {"C": 87.16898907090294, "epsilon": 5.655750187137168, "gamma": 0.04494697513588634, "lamda": 0.040125625179576956}, "datetime": {"datetime": "2021-09-19 18:08:26", "elapsed": 90.774999, "delta": 9.497}}
{"target": -6.110903076045606, "params": {"C": 98.46054554665932, "epsilon": 3.9183401324398486, "gamma": 0.05981908787908447, "lamda": 0.11939208322766287}, "datetime": {"datetime": "2021-09-19 18:08:41", "elapsed": 105.221, "delta": 14.446001}}
{"target": -5.652056709585591, "params": {"C": 90.8854163704046, "epsilon": 3.6615046168347027, "gamma": 0.04005205758888696, "lamda": 0.14424274192731998}, "datetime": {"datetime": "2021-09-19 18:08:56", "elapsed": 119.960734, "delta": 14.739734}}
{"target": -4.959322298846849, "params": {"C": 81.34968438323371, "epsilon": 2.9009311136480505, "gamma": 0.07056081995957986, "lamda": 0.12348439749939856}, "datetime": {"datetime": "2021-09-19 18:09:04", "elapsed": 128.321905, "delta": 8.361171}}
{"target": -1.3255439166597198, "params": {"C": 99.82620379825096, "epsilon": 1.2081855817974674, "gamma": 0.0076313121892762886, "lamda": 0.12700345370212246}, "datetime": {"datetime": "2021-09-19 18:09:13", "elapsed": 137.462998, "delta": 9.141093}}
{"target": -4.3577984741746185, "params": {"C": 99.81052725567596, "epsilon": 1.056019173384183, "gamma": 0.030952523418570913, "lamda": 0.14485054842234407}, "datetime": {"datetime": "2021-09-19 18:09:22", "elapsed": 145.899719, "delta": 8.436721}}
{"target": -5.557446522776333, "params": {"C": 108.48727822689051, "epsilon": 4.9097791118889935, "gamma": 0.030185408550055377, "lamda": 0.1447689191835205}, "datetime": {"datetime": "2021-09-19 18:09:36", "elapsed": 160.294675, "delta": 14.394956}}
{"target": -5.154985470631831, "params": {"C": 99.71809714482724, "epsilon": 1.2973246117263697, "gamma": 0.03930207513988421, "lamda": 0.10524597940306815}, "datetime": {"datetime": "2021-09-19 18:09:50", "elapsed": 173.882712, "delta": 13.588037}}
