{"target": -7.22628272290155, "params": {"C": 98.29208001725215, "epsilon": 16.98213799555881, "gamma": 0.025025289768184397, "lamda": 1.166225396357408}, "datetime": {"datetime": "2021-09-19 22:09:10", "elapsed": 460.71308, "delta": 15.762491}}
{"target": -5.232028024382068, "params": {"C": 87.61975061578379, "epsilon": 15.497495736100133, "gamma": 0.08782209822146045, "lamda": 0.5359900614314534}, "datetime": {"datetime": "2021-09-19 22:09:25", "elapsed": 475.482441, "delta": 14.769361}}
{"target": -5.404867141210526, "params": {"C": 93.80356793807505, "epsilon": 17.61940943841875, "gamma": 0.09873741290474457, "lamda": 1.127977114829145}, "datetime": {"datetime": "2021-09-19 22:09:40", "elapsed": 490.489457, "delta": 15.007016}}
{"target": -6.52479812830975, "params": {"C": 88.87739874976191, "epsilon": 16.017983563490155, "gamma": 0.046785558621156555, "lamda": 1.1867951668838324}, "datetime": {"datetime": "2021-09-19 22:09:54", "elapsed": 505.172223, "delta": 14.682766}}
{"target": -5.130988504707356, "params": {"C": 85.88311322889845, "epsilon": 11.058826393819228, "gamma": 0.021932970788324242, "lamda": 1.1982850109406298}, "datetime": {"datetime": "2021-09-19 22:10:04", "elapsed": 514.605303, "delta": 9.43308}}
{"target": -5.709483876156527, "params": {"C": 93.81419578400299, "epsilon": 11.326382667759542, "gamma": 0.04500411761300421, "lamda": 0.50007917600298}, "datetime": {"datetime": "2021-09-19 22:10:20", "elapsed": 530.222511, "delta": 15.617208}}
{"target": -4.390686471525159, "params": {"C": 92.09749398767309, "epsilon": 11.678644746992916, "gamma": 0.01749659058250322, "lamda": 0.09467918824977184}, "datetime": {"datetime": "2021-09-19 22:10:32", "elapsed": 542.367338, "delta": 12.144827}}
{"target": -6.5595986199074225, "params": {"C": 91.46109010743062, "epsilon": 15.596915590780547, "gamma": 0.03893048487854057, "lamda": 1.1309151082624505}, "datetime": {"datetime": "2021-09-19 22:10:47", "elapsed": 557.255339, "delta": 14.888001}}
{"target": -5.27330534138995, "params": {"C": 75.03854097427254, "epsilon": 12.590879352046322, "gamma": 0.04862670209279767, "lamda": 0.4606097797666713}, "datetime": {"datetime": "2021-09-19 22:11:02", "elapsed": 572.427339, "delta": 15.172}}
{"target": -3.625716629247518, "params": {"C": 70.17384210479057, "epsilon": 10.959245792818965, "gamma": 0.07852395788616096, "lamda": 1.225911561767062}, "datetime": {"datetime": "2021-09-19 22:11:17", "elapsed": 587.321338, "delta": 14.893999}}
{"target": -5.758073103200324, "params": {"C": 89.65409673157244, "epsilon": 14.804614369631853, "gamma": 0.05267631956947339, "lamda": 0.2352078782918462}, "datetime": {"datetime": "2021-09-19 22:11:31", "elapsed": 602.044346, "delta": 14.723008}}
{"target": -3.8973585031968607, "params": {"C": 70.09984925692457, "epsilon": 10.838458747260084, "gamma": 0.07527244124211954, "lamda": 1.2227824974228392}, "datetime": {"datetime": "2021-09-19 22:11:46", "elapsed": 617.134338, "delta": 15.089992}}
{"target": -5.00006594194333, "params": {"C": 71.839795918581, "epsilon": 12.947509214974819, "gamma": 0.05723332993602306, "lamda": 0.9346260984737416}, "datetime": {"datetime": "2021-09-19 22:12:01", "elapsed": 632.201339, "delta": 15.067001}}
{"target": -4.922977474074996, "params": {"C": 94.86069110276975, "epsilon": 13.857311093372694, "gamma": 0.0671596993808082, "lamda": 0.32297947531760535}, "datetime": {"datetime": "2021-09-19 22:12:11", "elapsed": 641.776293, "delta": 9.574954}}
{"target": -5.083929775567889, "params": {"C": 94.83088647396343, "epsilon": 14.024388457615416, "gamma": 0.048923362433537905, "lamda": 0.11278274883946958}, "datetime": {"datetime": "2021-09-19 22:12:21", "elapsed": 651.434348, "delta": 9.658055}}
{"target": -3.975013368912977, "params": {"C": 76.18737792316779, "epsilon": 15.492860628223138, "gamma": 0.0320604599052197, "lamda": 0.0886026092629386}, "datetime": {"datetime": "2021-09-19 22:12:29", "elapsed": 660.037349, "delta": 8.603001}}
{"target": -4.148695709297851, "params": {"C": 83.86509323198433, "epsilon": 13.124130981630543, "gamma": 0.015981776993102163, "lamda": 0.18058832565916255}, "datetime": {"datetime": "2021-09-19 22:12:39", "elapsed": 669.683348, "delta": 9.645999}}
{"target": -5.762457077556652, "params": {"C": 70.14638760503178, "epsilon": 10.813725689337279, "gamma": 0.034097852562162474, "lamda": 1.3499345439357608}, "datetime": {"datetime": "2021-09-19 22:12:55", "elapsed": 685.980347, "delta": 16.296999}}
{"target": -4.702526074429744, "params": {"C": 70.00105183231749, "epsilon": 10.812751015005645, "gamma": 0.042458355980561344, "lamda": 1.1868268576418244}, "datetime": {"datetime": "2021-09-19 22:13:11", "elapsed": 701.399347, "delta": 15.419}}
{"target": -1.3048908485385247, "params": {"C": 95.09007922558075, "epsilon": 13.84821740690997, "gamma": 0.08091976691726248, "lamda": 0.04605344616902258}, "datetime": {"datetime": "2021-09-19 22:13:20", "elapsed": 710.701355, "delta": 9.302008}}
{"target": -1.1760732597011434, "params": {"C": 95.14706047309498, "epsilon": 13.872860656598139, "gamma": 0.09819988935964807, "lamda": 0.07834354169168994}, "datetime": {"datetime": "2021-09-19 22:13:29", "elapsed": 720.062355, "delta": 9.361}}
{"target": -1.1282620638227123, "params": {"C": 95.02276846452796, "epsilon": 13.851549685077565, "gamma": 0.09339661782318447, "lamda": 0.05733255571007634}, "datetime": {"datetime": "2021-09-19 22:13:38", "elapsed": 729.112348, "delta": 9.049993}}
{"target": -2.337787190386998, "params": {"C": 95.08150906838847, "epsilon": 13.805156905055938, "gamma": 0.1, "lamda": 0.13172294714782257}, "datetime": {"datetime": "2021-09-19 22:13:52", "elapsed": 742.553138, "delta": 13.44079}}
{"target": -5.541184530286143, "params": {"C": 95.21799776272852, "epsilon": 13.9419687417193, "gamma": 0.0434278905071027, "lamda": 0.05833988439996276}, "datetime": {"datetime": "2021-09-19 22:14:07", "elapsed": 757.365022, "delta": 14.811884}}
{"target": -4.128934186761018, "params": {"C": 98.3171777108879, "epsilon": 13.066885277715436, "gamma": 0.08524918431837067, "lamda": 0.6535432423288582}, "datetime": {"datetime": "2021-09-19 22:14:16", "elapsed": 766.615441, "delta": 9.250419}}
{"target": -5.100666424529951, "params": {"C": 81.42330621089256, "epsilon": 14.656228778118313, "gamma": 0.08066561228380843, "lamda": 0.49937753471879964}, "datetime": {"datetime": "2021-09-19 22:14:31", "elapsed": 781.377444, "delta": 14.762003}}
{"target": -4.279778883072161, "params": {"C": 73.17169090990868, "epsilon": 11.73643742562006, "gamma": 0.05884389245065323, "lamda": 0.8087798745686553}, "datetime": {"datetime": "2021-09-19 22:14:45", "elapsed": 796.107493, "delta": 14.730049}}
{"target": -5.215751939932733, "params": {"C": 85.84680907223208, "epsilon": 10.64099672103383, "gamma": 0.027680763747999236, "lamda": 1.38508349157289}, "datetime": {"datetime": "2021-09-19 22:14:55", "elapsed": 805.691218, "delta": 9.583725}}
{"target": -5.072440137645459, "params": {"C": 83.17137728257134, "epsilon": 14.54162576810107, "gamma": 0.0821637665295765, "lamda": 0.8457317512818622}, "datetime": {"datetime": "2021-09-19 22:15:10", "elapsed": 820.614056, "delta": 14.922838}}
{"target": -1.6538735879985924, "params": {"C": 95.12651666607567, "epsilon": 13.804839155715955, "gamma": 0.08173084501179628, "lamda": 0.28920892121206254}, "datetime": {"datetime": "2021-09-19 22:15:19", "elapsed": 829.858826, "delta": 9.24477}}
{"target": -4.48444385311067, "params": {"C": 93.45140260791106, "epsilon": 16.899585701387977, "gamma": 0.028745885445860077, "lamda": 0.20337079852139744}, "datetime": {"datetime": "2021-09-19 22:15:28", "elapsed": 838.582882, "delta": 8.724056}}
{"target": -4.1364598584688155, "params": {"C": 98.1592584689711, "epsilon": 12.086919614250764, "gamma": 0.0774176979458801, "lamda": 1.0916367326040484}, "datetime": {"datetime": "2021-09-19 22:15:43", "elapsed": 853.270754, "delta": 14.687872}}
{"target": 0.9021659652567309, "params": {"C": 94.92969647764399, "epsilon": 13.916323985734941, "gamma": 0.08692339548126221, "lamda": 0.01154941821148143}, "datetime": {"datetime": "2021-09-19 22:15:43", "elapsed": 853.949139, "delta": 0.678385}}
{"target": -4.58930849045877, "params": {"C": 92.8699080853898, "epsilon": 10.812095647255182, "gamma": 0.05363902665295569, "lamda": 1.3075707687045057}, "datetime": {"datetime": "2021-09-19 22:15:58", "elapsed": 868.984146, "delta": 15.035007}}
{"target": -6.480144637501927, "params": {"C": 82.83067109474239, "epsilon": 14.926986822036953, "gamma": 0.04090105905657078, "lamda": 1.186145762725245}, "datetime": {"datetime": "2021-09-19 22:16:13", "elapsed": 883.794587, "delta": 14.810441}}
{"target": -5.819496231144153, "params": {"C": 71.67913780883441, "epsilon": 14.070591449938195, "gamma": 0.04432401820358953, "lamda": 0.060574694437286525}, "datetime": {"datetime": "2021-09-19 22:16:28", "elapsed": 898.895503, "delta": 15.100916}}
{"target": -8.056966549347559, "params": {"C": 75.69554418642542, "epsilon": 17.720508748673495, "gamma": 0.026078727463486967, "lamda": 0.8069580523418372}, "datetime": {"datetime": "2021-09-19 22:16:38", "elapsed": 908.239501, "delta": 9.343998}}
{"target": -7.469758841581013, "params": {"C": 91.89488019875591, "epsilon": 16.917431033289823, "gamma": 0.03665222012576568, "lamda": 0.8608503399019037}, "datetime": {"datetime": "2021-09-19 22:16:53", "elapsed": 923.644508, "delta": 15.405007}}
{"target": -7.1488811631374585, "params": {"C": 73.17251793987721, "epsilon": 16.108694134678302, "gamma": 0.031019360447325797, "lamda": 0.36450681190780826}, "datetime": {"datetime": "2021-09-19 22:17:02", "elapsed": 932.777504, "delta": 9.132996}}
{"target": -4.335650278124414, "params": {"C": 95.16093949995691, "epsilon": 13.61408326139101, "gamma": 0.01962328492359827, "lamda": 0.2296628580551355}, "datetime": {"datetime": "2021-09-19 22:17:12", "elapsed": 942.414506, "delta": 9.637002}}
{"target": -4.34496096660464, "params": {"C": 84.84144716353869, "epsilon": 13.947651344088454, "gamma": 0.09251112407640193, "lamda": 1.0311134597517062}, "datetime": {"datetime": "2021-09-19 22:17:27", "elapsed": 957.289502, "delta": 14.874996}}
{"target": -1.1899286166390435, "params": {"C": 95.23147224220364, "epsilon": 13.795630065752702, "gamma": 0.09746935297320604, "lamda": 0.42353620939998116}, "datetime": {"datetime": "2021-09-19 22:17:36", "elapsed": 967.013505, "delta": 9.724003}}
{"target": -3.607875350533986, "params": {"C": 95.08372335875723, "epsilon": 13.792859088346782, "gamma": 0.013686431138151078, "lamda": 0.3355704237346158}, "datetime": {"datetime": "2021-09-19 22:17:46", "elapsed": 977.042503, "delta": 10.028998}}
{"target": -1.2022658279131222, "params": {"C": 95.21566718537147, "epsilon": 13.719049200388419, "gamma": 0.09080498728022542, "lamda": 0.1148699159938085}, "datetime": {"datetime": "2021-09-19 22:17:56", "elapsed": 986.764505, "delta": 9.722002}}
{"target": -5.371753201009459, "params": {"C": 94.88986631347728, "epsilon": 13.82844617165594, "gamma": 0.048164008269633886, "lamda": 0.05909512476508868}, "datetime": {"datetime": "2021-09-19 22:18:06", "elapsed": 996.628504, "delta": 9.863999}}
{"target": -4.400980151690498, "params": {"C": 95.26364643977921, "epsilon": 13.746541805593246, "gamma": 0.02214304478786939, "lamda": 0.4166247536480985}, "datetime": {"datetime": "2021-09-19 22:18:15", "elapsed": 1005.401504, "delta": 8.773}}
{"target": -4.404593632841572, "params": {"C": 95.0743361408861, "epsilon": 13.819307395556693, "gamma": 0.022374299872881538, "lamda": 0.1438474789069759}, "datetime": {"datetime": "2021-09-19 22:18:24", "elapsed": 1014.860504, "delta": 9.459}}
{"target": -3.519607843725578, "params": {"C": 95.26605641595773, "epsilon": 13.872830924429856, "gamma": 0.0133708230468857, "lamda": 0.2675890957270182}, "datetime": {"datetime": "2021-09-19 22:18:33", "elapsed": 1023.961504, "delta": 9.101}}
{"target": 0.9020894452763443, "params": {"C": 68.1479436008674, "epsilon": 10.493791833577395, "gamma": 0.07875082076357857, "lamda": 0.03624348917360012}, "datetime": {"datetime": "2021-09-19 22:18:34", "elapsed": 1024.547504, "delta": 0.586}}
{"target": -2.412657575186469, "params": {"C": 95.13662235389265, "epsilon": 13.865893198328985, "gamma": 0.09493705903555971, "lamda": 0.32523264215245384}, "datetime": {"datetime": "2021-09-19 22:18:48", "elapsed": 1039.113505, "delta": 14.566001}}
{"target": -1.6298501739243356, "params": {"C": 95.08967814791008, "epsilon": 13.89276767566799, "gamma": 0.07955203224165323, "lamda": 0.43326156696562634}, "datetime": {"datetime": "2021-09-19 22:18:58", "elapsed": 1048.820504, "delta": 9.706999}}
{"target": -5.8423792116907025, "params": {"C": 83.82783422964857, "epsilon": 13.12521866212631, "gamma": 0.035449629101483984, "lamda": 0.2254241106949871}, "datetime": {"datetime": "2021-09-19 22:19:08", "elapsed": 1058.311505, "delta": 9.491001}}
{"target": -4.169335932786892, "params": {"C": 95.29370839839129, "epsilon": 13.745435265599829, "gamma": 0.018135635497702807, "lamda": 0.4782426997636358}, "datetime": {"datetime": "2021-09-19 22:19:22", "elapsed": 1072.648503, "delta": 14.336998}}
{"target": -4.726001520202443, "params": {"C": 68.05793967587486, "epsilon": 10.580357307966594, "gamma": 0.04117742900465619, "lamda": 0.02749022486337781}, "datetime": {"datetime": "2021-09-19 22:19:36", "elapsed": 1087.020503, "delta": 14.372}}
{"target": -5.532252989855539, "params": {"C": 95.16762327102361, "epsilon": 13.72960968154927, "gamma": 0.054787790222411085, "lamda": 0.2552683787766289}, "datetime": {"datetime": "2021-09-19 22:19:51", "elapsed": 1102.181503, "delta": 15.161}}
{"target": -3.8004596160320956, "params": {"C": 67.29613195171292, "epsilon": 11.02055040184722, "gamma": 0.015331831330950611, "lamda": 0.34857198117957583}, "datetime": {"datetime": "2021-09-19 22:20:01", "elapsed": 1111.334503, "delta": 9.153}}
{"target": -4.970246430219368, "params": {"C": 93.55450167973974, "epsilon": 16.40087031829826, "gamma": 0.09495365680938418, "lamda": 1.3260113344520081}, "datetime": {"datetime": "2021-09-19 22:20:16", "elapsed": 1126.216504, "delta": 14.882001}}
{"target": -1.8500003862229373, "params": {"C": 95.04150861550939, "epsilon": 14.035456751986054, "gamma": 0.05896931800659685, "lamda": 0.03733932192341803}, "datetime": {"datetime": "2021-09-19 22:20:25", "elapsed": 1135.498504, "delta": 9.282}}
{"target": -3.3508681413459414, "params": {"C": 98.67065475390054, "epsilon": 15.753753461612288, "gamma": 0.0770605430013299, "lamda": 0.24351324964715396}, "datetime": {"datetime": "2021-09-19 22:20:39", "elapsed": 1150.141503, "delta": 14.642999}}
{"target": 0.9033594375122782, "params": {"C": 68.08773861965987, "epsilon": 10.530330087903355, "gamma": 0.0653027724333161, "lamda": 0.05592248268559457}, "datetime": {"datetime": "2021-09-19 22:20:40", "elapsed": 1150.839615, "delta": 0.698112}}
{"target": -4.689903614048299, "params": {"C": 82.16266307719845, "epsilon": 15.633762859857327, "gamma": 0.08404349668793636, "lamda": 0.30221909378776135}, "datetime": {"datetime": "2021-09-19 22:20:50", "elapsed": 1160.441504, "delta": 9.601889}}
{"target": -4.1253902828560625, "params": {"C": 98.42974535314889, "epsilon": 12.230700693474336, "gamma": 0.0359572303516792, "lamda": 0.0996642136439857}, "datetime": {"datetime": "2021-09-19 22:20:59", "elapsed": 1169.944504, "delta": 9.503}}
{"target": -3.7854893220928645, "params": {"C": 85.736521270266, "epsilon": 12.924751771809389, "gamma": 0.061929606945855815, "lamda": 0.0673478847162772}, "datetime": {"datetime": "2021-09-19 22:21:08", "elapsed": 1178.631504, "delta": 8.687}}
{"target": -5.79960665484489, "params": {"C": 95.05506059717965, "epsilon": 13.746313969576045, "gamma": 0.052047864862886616, "lamda": 0.4059216913370386}, "datetime": {"datetime": "2021-09-19 22:21:23", "elapsed": 1193.783507, "delta": 15.152003}}
{"target": 0.899778140985984, "params": {"C": 68.10900032779881, "epsilon": 10.364548976574365, "gamma": 0.08311610084739633, "lamda": 0.07190810553645798}, "datetime": {"datetime": "2021-09-19 22:21:24", "elapsed": 1194.586505, "delta": 0.802998}}
{"target": -5.485237752907436, "params": {"C": 84.4137994106845, "epsilon": 14.012832348590313, "gamma": 0.05762937309204579, "lamda": 0.653327288406445}, "datetime": {"datetime": "2021-09-19 22:21:39", "elapsed": 1209.526504, "delta": 14.939999}}
{"target": 0.8950170837510798, "params": {"C": 68.16421147818266, "epsilon": 10.441633390552077, "gamma": 0.0997543976735505, "lamda": 0.017245753260965935}, "datetime": {"datetime": "2021-09-19 22:21:40", "elapsed": 1210.333505, "delta": 0.807001}}
{"target": -2.7030356159529187, "params": {"C": 68.16633003846253, "epsilon": 10.323075152639584, "gamma": 0.06585105100004922, "lamda": 0.10479677102930673}, "datetime": {"datetime": "2021-09-19 22:21:56", "elapsed": 1226.731504, "delta": 16.397999}}
{"target": -4.727489218702053, "params": {"C": 95.26150194597112, "epsilon": 13.741502499744966, "gamma": 0.016523625247586084, "lamda": 0.062022339526696474}, "datetime": {"datetime": "2021-09-19 22:22:08", "elapsed": 1238.517507, "delta": 11.786003}}
{"target": -5.743577264353025, "params": {"C": 78.9399524591426, "epsilon": 11.582947198822854, "gamma": 0.023294603035640096, "lamda": 1.4979482947232838}, "datetime": {"datetime": "2021-09-19 22:22:17", "elapsed": 1248.051507, "delta": 9.534}}
{"target": -6.298571841693642, "params": {"C": 95.06535125114071, "epsilon": 14.18051377833728, "gamma": 0.03564423380351549, "lamda": 0.18378620661299408}, "datetime": {"datetime": "2021-09-19 22:22:27", "elapsed": 1257.594506, "delta": 9.542999}}
{"target": -4.509708295131423, "params": {"C": 95.17805317784666, "epsilon": 13.794314866826973, "gamma": 0.08958327205074264, "lamda": 0.4553925619157736}, "datetime": {"datetime": "2021-09-19 22:22:36", "elapsed": 1267.101504, "delta": 9.506998}}
{"target": -4.153088642913318, "params": {"C": 95.13786854711736, "epsilon": 13.917993639204042, "gamma": 0.0128950518716098, "lamda": 0.24305682394445366}, "datetime": {"datetime": "2021-09-19 22:22:45", "elapsed": 1276.105505, "delta": 9.004001}}
{"target": -6.779557911367829, "params": {"C": 66.52874008013978, "epsilon": 15.543237125895633, "gamma": 0.022467438821676348, "lamda": 0.6583660674354198}, "datetime": {"datetime": "2021-09-19 22:22:55", "elapsed": 1285.520509, "delta": 9.415004}}
{"target": -3.0069215965867206, "params": {"C": 87.2098927706927, "epsilon": 16.526350815190618, "gamma": 0.015478330176866204, "lamda": 0.6630833089337272}, "datetime": {"datetime": "2021-09-19 22:23:05", "elapsed": 1295.406505, "delta": 9.885996}}
{"target": -4.617531448261078, "params": {"C": 74.6216173388481, "epsilon": 11.6345941500044, "gamma": 0.06877171585521856, "lamda": 0.8291167559681302}, "datetime": {"datetime": "2021-09-19 22:23:20", "elapsed": 1310.286503, "delta": 14.879998}}
{"target": -4.4152692283547355, "params": {"C": 68.12463388416066, "epsilon": 10.66288449633438, "gamma": 0.05443970649983251, "lamda": 0.1286847232807078}, "datetime": {"datetime": "2021-09-19 22:23:29", "elapsed": 1319.822503, "delta": 9.536}}
{"target": -1.586066927866927, "params": {"C": 94.97934445684098, "epsilon": 13.931629180240076, "gamma": 0.07321892559255917, "lamda": 0.08669476041448879}, "datetime": {"datetime": "2021-09-19 22:23:38", "elapsed": 1328.813506, "delta": 8.991003}}
{"target": -4.548606718786007, "params": {"C": 68.19249316576482, "epsilon": 10.413007507413866, "gamma": 0.021354933617924635, "lamda": 0.07690700159607658}, "datetime": {"datetime": "2021-09-19 22:23:52", "elapsed": 1343.032504, "delta": 14.218998}}
{"target": -3.988987092110494, "params": {"C": 68.04756260495925, "epsilon": 10.366675740581224, "gamma": 0.0326520257290867, "lamda": 0.15127322915316163}, "datetime": {"datetime": "2021-09-19 22:24:02", "elapsed": 1352.673503, "delta": 9.640999}}
{"target": -5.394565857340286, "params": {"C": 97.62925482748388, "epsilon": 16.61599972640534, "gamma": 0.08484109125851023, "lamda": 0.3496680157931816}, "datetime": {"datetime": "2021-09-19 22:24:12", "elapsed": 1362.54759, "delta": 9.874087}}
{"target": -4.285573629288631, "params": {"C": 95.01180154040826, "epsilon": 14.1607819544238, "gamma": 0.04387046693007241, "lamda": 0.03835026328311454}, "datetime": {"datetime": "2021-09-19 22:24:25", "elapsed": 1375.424572, "delta": 12.876982}}
{"target": -4.296229334335094, "params": {"C": 98.88968729438415, "epsilon": 10.400456393396837, "gamma": 0.06127812897621076, "lamda": 0.8588756400016384}, "datetime": {"datetime": "2021-09-19 22:24:40", "elapsed": 1390.573573, "delta": 15.149001}}
{"target": -6.046714635312575, "params": {"C": 95.3553597239623, "epsilon": 13.970767061773731, "gamma": 0.047909449771954764, "lamda": 0.467573456445116}, "datetime": {"datetime": "2021-09-19 22:24:55", "elapsed": 1405.957572, "delta": 15.383999}}
{"target": 0.9000528875854524, "params": {"C": 68.27038057942065, "epsilon": 10.476633358557054, "gamma": 0.0823238225917666, "lamda": 0.08505057840365678}, "datetime": {"datetime": "2021-09-19 22:24:56", "elapsed": 1406.768573, "delta": 0.811001}}
{"target": -5.540731206354185, "params": {"C": 68.99260206415543, "epsilon": 11.363857775418957, "gamma": 0.026467528865829697, "lamda": 1.0221922182115053}, "datetime": {"datetime": "2021-09-19 22:25:06", "elapsed": 1416.373575, "delta": 9.605002}}
{"target": -5.3829572302310105, "params": {"C": 95.16598659057394, "epsilon": 13.873202779010644, "gamma": 0.0499585591945014, "lamda": 0.35318188055359967}, "datetime": {"datetime": "2021-09-19 22:25:21", "elapsed": 1431.357571, "delta": 14.983996}}
{"target": -4.050839478219034, "params": {"C": 91.48393367806325, "epsilon": 15.304900153750982, "gamma": 0.012094067767630936, "lamda": 0.18244793901959513}, "datetime": {"datetime": "2021-09-19 22:25:30", "elapsed": 1440.604572, "delta": 9.247001}}
