{"target": -3.103145612589934, "params": {"C": 144.80026360254044, "epsilon": 2.829429237493667, "gamma": 0.13044904956269515, "lamda": 0.10866418426796329}, "datetime": {"datetime": "2021-09-19 22:12:48", "elapsed": 682.895102, "delta": 13.457002}}
{"target": 0.8925467648776191, "params": {"C": 292.2780394351346, "epsilon": 1.7152093247333096, "gamma": 0.1086753364293794, "lamda": 0.008954347643642923}, "datetime": {"datetime": "2021-09-19 22:12:49", "elapsed": 683.267102, "delta": 0.372}}
{"target": -4.617819716053488, "params": {"C": 209.27779399285822, "epsilon": 2.258646579052483, "gamma": 0.0768386298562424, "lamda": 0.13586552339023059}, "datetime": {"datetime": "2021-09-19 22:12:57", "elapsed": 691.486103, "delta": 8.219001}}
{"target": -2.7198795533038935, "params": {"C": 212.82156237679322, "epsilon": 0.7031275475107801, "gamma": 0.11162871500870723, "lamda": 0.09519827218711004}, "datetime": {"datetime": "2021-09-19 22:13:06", "elapsed": 700.3221, "delta": 8.835997}}
{"target": -3.3882445800661056, "params": {"C": 167.5439241412314, "epsilon": 2.0216420818411556, "gamma": 0.01692498487569948, "lamda": 0.07455491235241982}, "datetime": {"datetime": "2021-09-19 22:13:22", "elapsed": 716.678102, "delta": 16.356002}}
{"target": -3.1711259870927124, "params": {"C": 186.8218693770932, "epsilon": 2.9242161022258046, "gamma": 0.14114887414121885, "lamda": 0.12515809823726862}, "datetime": {"datetime": "2021-09-19 22:13:37", "elapsed": 731.821101, "delta": 15.142999}}
{"target": -4.856639274217058, "params": {"C": 131.18890249220289, "epsilon": 1.3617680365329285, "gamma": 0.07739084428440342, "lamda": 0.1880795696393725}, "datetime": {"datetime": "2021-09-19 22:13:47", "elapsed": 741.8191, "delta": 9.997999}}
{"target": -2.7149835404670988, "params": {"C": 190.56352623641538, "epsilon": 2.579789962075097, "gamma": 0.1324543110255362, "lamda": 0.17585751179647546}, "datetime": {"datetime": "2021-09-19 22:14:02", "elapsed": 756.322066, "delta": 14.502966}}
{"target": 0.8757341618286746, "params": {"C": 100.66708895981544, "epsilon": 2.781885885202482, "gamma": 0.19050228208456288, "lamda": 0.030987948403153717}, "datetime": {"datetime": "2021-09-19 22:14:02", "elapsed": 756.673064, "delta": 0.350998}}
{"target": -2.5939035118036404, "params": {"C": 113.14213521179634, "epsilon": 1.0201217367240372, "gamma": 0.11918331272612782, "lamda": 0.1048267448776317}, "datetime": {"datetime": "2021-09-19 22:14:11", "elapsed": 765.68985, "delta": 9.016786}}
{"target": -3.3914314076831698, "params": {"C": 187.02452374903442, "epsilon": 2.746763742291208, "gamma": 0.1161454471385473, "lamda": 0.18682741560210758}, "datetime": {"datetime": "2021-09-19 22:14:27", "elapsed": 781.453198, "delta": 15.763348}}
{"target": 0.8683628553769269, "params": {"C": 215.23087081121378, "epsilon": 0.6370225630336448, "gamma": 0.1965053482329042, "lamda": 0.19970065357896033}, "datetime": {"datetime": "2021-09-19 22:14:27", "elapsed": 781.837193, "delta": 0.383995}}
{"target": 0.8902169356929165, "params": {"C": 189.2936216667103, "epsilon": 2.3110486190778885, "gamma": 0.12912986654599343, "lamda": 0.037049609738644726}, "datetime": {"datetime": "2021-09-19 22:14:28", "elapsed": 782.203196, "delta": 0.366003}}
{"target": -3.856080512889455, "params": {"C": 215.8403920136472, "epsilon": 1.9973016104301424, "gamma": 0.12077937218814512, "lamda": 0.10829578632206112}, "datetime": {"datetime": "2021-09-19 22:14:39", "elapsed": 793.978172, "delta": 11.774976}}
{"target": 0.8784794141350708, "params": {"C": 218.37581370715674, "epsilon": 2.156074399651376, "gamma": 0.15534070486395568, "lamda": 0.017810950209354574}, "datetime": {"datetime": "2021-09-19 22:14:40", "elapsed": 794.344173, "delta": 0.366001}}
{"target": -2.0467172905868116, "params": {"C": 282.69909808265595, "epsilon": 1.403912514667462, "gamma": 0.14084111758318296, "lamda": 0.07752842219429472}, "datetime": {"datetime": "2021-09-19 22:14:48", "elapsed": 803.122158, "delta": 8.777985}}
{"target": -4.935265059469559, "params": {"C": 110.21142975095204, "epsilon": 2.0245596470958294, "gamma": 0.0763038100090288, "lamda": 0.1105564392463288}, "datetime": {"datetime": "2021-09-19 22:14:59", "elapsed": 813.236793, "delta": 10.114635}}
{"target": -5.007864284482414, "params": {"C": 153.31796811145557, "epsilon": 0.6912406339485273, "gamma": 0.06275996599344337, "lamda": 0.16837368465076732}, "datetime": {"datetime": "2021-09-19 22:15:08", "elapsed": 822.736945, "delta": 9.500152}}
{"target": -4.891059336066276, "params": {"C": 284.8030383347905, "epsilon": 2.9378924040408787, "gamma": 0.08579453473641342, "lamda": 0.15463754069947275}, "datetime": {"datetime": "2021-09-19 22:15:16", "elapsed": 831.135277, "delta": 8.398332}}
{"target": -4.187919168695962, "params": {"C": 133.61062411809706, "epsilon": 2.2583420843534983, "gamma": 0.08772023210089741, "lamda": 0.1688185737416862}, "datetime": {"datetime": "2021-09-19 22:15:26", "elapsed": 840.749842, "delta": 9.614565}}
{"target": -3.9669117884452847, "params": {"C": 139.40405181194558, "epsilon": 2.4748550700376373, "gamma": 0.01910343800713476, "lamda": 0.16922169624272237}, "datetime": {"datetime": "2021-09-19 22:15:41", "elapsed": 855.466555, "delta": 14.716713}}
{"target": -5.463411811303024, "params": {"C": 184.72978728765867, "epsilon": 0.5081499307093491, "gamma": 0.064653844424867, "lamda": 0.14187267733483133}, "datetime": {"datetime": "2021-09-19 22:15:47", "elapsed": 861.386142, "delta": 5.919587}}
{"target": -5.027847647051336, "params": {"C": 189.25699349076237, "epsilon": 0.7764666405853989, "gamma": 0.051559271547710984, "lamda": 0.13863495742734244}, "datetime": {"datetime": "2021-09-19 22:15:55", "elapsed": 870.059796, "delta": 8.673654}}
{"target": 0.8773722508660525, "params": {"C": 229.5538955788684, "epsilon": 0.2853827786319848, "gamma": 0.16344095138734224, "lamda": 0.028037696449294304}, "datetime": {"datetime": "2021-09-19 22:15:56", "elapsed": 870.413013, "delta": 0.353217}}
{"target": -2.937951306565647, "params": {"C": 148.11284888231253, "epsilon": 0.14032109303558368, "gamma": 0.1037196928911701, "lamda": 0.17018655883371223}, "datetime": {"datetime": "2021-09-19 22:16:05", "elapsed": 879.407511, "delta": 8.994498}}
{"target": -4.723684296447888, "params": {"C": 285.9474168278133, "epsilon": 1.4435983458851724, "gamma": 0.025036108719983484, "lamda": 0.09486154884583414}, "datetime": {"datetime": "2021-09-19 22:16:15", "elapsed": 889.197338, "delta": 9.789827}}
{"target": -5.209512294525695, "params": {"C": 158.09165421261335, "epsilon": 0.9972521135608892, "gamma": 0.05237702257026672, "lamda": 0.19073835609109818}, "datetime": {"datetime": "2021-09-19 22:16:24", "elapsed": 898.267256, "delta": 9.069918}}
{"target": -2.984033943820389, "params": {"C": 179.4820658548859, "epsilon": 0.11036295704870042, "gamma": 0.10157612167948109, "lamda": 0.14003984923180318}, "datetime": {"datetime": "2021-09-19 22:16:33", "elapsed": 907.321257, "delta": 9.054001}}
{"target": 0.8793663913724317, "params": {"C": 263.0540632469739, "epsilon": 2.284821805092041, "gamma": 0.14192164186020292, "lamda": 0.039619927534258616}, "datetime": {"datetime": "2021-09-19 22:16:33", "elapsed": 907.686256, "delta": 0.364999}}
{"target": -4.922500126279726, "params": {"C": 170.02107548521911, "epsilon": 1.432468981804708, "gamma": 0.031707657954917534, "lamda": 0.0854760665061215}, "datetime": {"datetime": "2021-09-19 22:16:48", "elapsed": 922.232257, "delta": 14.546001}}
{"target": 0.8829921793987363, "params": {"C": 120.29763130921427, "epsilon": 0.3530412840976984, "gamma": 0.1680562169010976, "lamda": 0.0337903427360294}, "datetime": {"datetime": "2021-09-19 22:16:48", "elapsed": 922.579259, "delta": 0.347002}}
{"target": 0.8720707653462096, "params": {"C": 194.5736824180451, "epsilon": 1.9122459546666832, "gamma": 0.18809893237424177, "lamda": 0.061265338777246506}, "datetime": {"datetime": "2021-09-19 22:16:48", "elapsed": 922.936256, "delta": 0.356997}}
{"target": -5.366526526735923, "params": {"C": 136.22428966311605, "epsilon": 2.638721895356116, "gamma": 0.06419923056106645, "lamda": 0.05553133686442541}, "datetime": {"datetime": "2021-09-19 22:17:01", "elapsed": 935.351255, "delta": 12.414999}}
{"target": -5.3861568556719925, "params": {"C": 130.0255792719793, "epsilon": 1.389577284502553, "gamma": 0.050137571549788464, "lamda": 0.0717729604873896}, "datetime": {"datetime": "2021-09-19 22:17:15", "elapsed": 949.446259, "delta": 14.095004}}
{"target": -4.053351880318232, "params": {"C": 166.7293153550384, "epsilon": 1.9121739523701775, "gamma": 0.09191192843192501, "lamda": 0.13558901075236823}, "datetime": {"datetime": "2021-09-19 22:17:23", "elapsed": 957.506257, "delta": 8.059998}}
{"target": 0.8706188558280274, "params": {"C": 160.1713738021524, "epsilon": 1.0349072085931992, "gamma": 0.19966450838349484, "lamda": 0.04765554328993467}, "datetime": {"datetime": "2021-09-19 22:17:23", "elapsed": 957.874256, "delta": 0.367999}}
{"target": 0.8837170291266172, "params": {"C": 252.5722957587006, "epsilon": 2.1288013808547532, "gamma": 0.13132892697485687, "lamda": 0.0243131982887383}, "datetime": {"datetime": "2021-09-19 22:17:24", "elapsed": 958.237257, "delta": 0.363001}}
{"target": -3.5431940931829535, "params": {"C": 101.11446345329315, "epsilon": 2.2621044491612117, "gamma": 0.0211905572840116, "lamda": 0.04854458134959542}, "datetime": {"datetime": "2021-09-19 22:17:38", "elapsed": 972.340256, "delta": 14.102999}}
{"target": -1.9062811673195794, "params": {"C": 297.8455263524549, "epsilon": 2.901731108619581, "gamma": 0.18465832621452818, "lamda": 0.11665331262243234}, "datetime": {"datetime": "2021-09-19 22:17:52", "elapsed": 986.763258, "delta": 14.423002}}
{"target": -4.627110507446624, "params": {"C": 191.246407340982, "epsilon": 1.4407790458339833, "gamma": 0.07124913390872538, "lamda": 0.19347069307970904}, "datetime": {"datetime": "2021-09-19 22:18:01", "elapsed": 995.989257, "delta": 9.225999}}
{"target": -5.242779612880304, "params": {"C": 263.1959097144974, "epsilon": 2.9765831884919356, "gamma": 0.06367193410968287, "lamda": 0.11597056522057117}, "datetime": {"datetime": "2021-09-19 22:18:09", "elapsed": 1004.147259, "delta": 8.158002}}
{"target": 0.8927120501344872, "params": {"C": 236.4135722311602, "epsilon": 1.2125245481752553, "gamma": 0.11891471002417352, "lamda": 0.039304247143935975}, "datetime": {"datetime": "2021-09-19 22:18:10", "elapsed": 1004.518258, "delta": 0.370999}}
{"target": 0.8943440993731908, "params": {"C": 162.7736408205149, "epsilon": 0.4913458130388305, "gamma": 0.13034184830803872, "lamda": 0.0668292618192516}, "datetime": {"datetime": "2021-09-19 22:18:10", "elapsed": 1004.885258, "delta": 0.367}}
{"target": -3.5039852593051606, "params": {"C": 184.96724713388545, "epsilon": 1.2036422089717955, "gamma": 0.015286217057465731, "lamda": 0.17917087430343168}, "datetime": {"datetime": "2021-09-19 22:18:24", "elapsed": 1018.581257, "delta": 13.695999}}
{"target": 0.8717188903694126, "params": {"C": 245.49493469199135, "epsilon": 1.0396962670594432, "gamma": 0.18024636728856488, "lamda": 0.13512496875937471}, "datetime": {"datetime": "2021-09-19 22:18:24", "elapsed": 1018.966256, "delta": 0.384999}}
{"target": -4.674263164256236, "params": {"C": 298.3342254498509, "epsilon": 1.4433175893320123, "gamma": 0.026373535517206965, "lamda": 0.024320580408182038}, "datetime": {"datetime": "2021-09-19 22:18:33", "elapsed": 1028.120256, "delta": 9.154}}
{"target": -6.056729191415879, "params": {"C": 249.29432142473775, "epsilon": 1.778368342964522, "gamma": 0.0472778504409866, "lamda": 0.10951963210354522}, "datetime": {"datetime": "2021-09-19 22:18:48", "elapsed": 1042.701257, "delta": 14.581001}}
{"target": -3.2356815287284366, "params": {"C": 205.96077574441398, "epsilon": 2.587551367355284, "gamma": 0.015349867640984918, "lamda": 0.02261115766654362}, "datetime": {"datetime": "2021-09-19 22:19:04", "elapsed": 1058.260261, "delta": 15.559004}}
{"target": 0.8697498464312058, "params": {"C": 188.52021918260493, "epsilon": 0.5043095704428663, "gamma": 0.19780477655603407, "lamda": 0.039651316697910444}, "datetime": {"datetime": "2021-09-19 22:19:04", "elapsed": 1058.612258, "delta": 0.351997}}
{"target": 0.8787339514468819, "params": {"C": 223.92659789078425, "epsilon": 1.386605253616986, "gamma": 0.15742649963501543, "lamda": 0.010526861070791833}, "datetime": {"datetime": "2021-09-19 22:19:04", "elapsed": 1058.960258, "delta": 0.348}}
{"target": -5.037357479185008, "params": {"C": 164.87901280335603, "epsilon": 1.4623405866177945, "gamma": 0.027158615315618896, "lamda": 0.12823582070875902}, "datetime": {"datetime": "2021-09-19 22:19:19", "elapsed": 1073.960258, "delta": 15.0}}
{"target": -4.635659341985933, "params": {"C": 206.84293133559603, "epsilon": 2.497744970013858, "gamma": 0.09124558581839139, "lamda": 0.05900486559761145}, "datetime": {"datetime": "2021-09-19 22:19:28", "elapsed": 1083.033256, "delta": 9.072998}}
{"target": 0.8739194952429579, "params": {"C": 163.17842893698173, "epsilon": 0.7833850873428355, "gamma": 0.18693212780208252, "lamda": 0.15974272604795034}, "datetime": {"datetime": "2021-09-19 22:19:29", "elapsed": 1083.427256, "delta": 0.394}}
{"target": -4.596201762802619, "params": {"C": 168.69165556083442, "epsilon": 1.4045182380437744, "gamma": 0.024716449683446755, "lamda": 0.11787633951306238}, "datetime": {"datetime": "2021-09-19 22:19:44", "elapsed": 1098.582258, "delta": 15.155002}}
{"target": -3.4087925115948066, "params": {"C": 245.78129502619618, "epsilon": 0.7610631053530376, "gamma": 0.0911929903543257, "lamda": 0.1349698453614801}, "datetime": {"datetime": "2021-09-19 22:19:53", "elapsed": 1107.790256, "delta": 9.207998}}
{"target": -5.4300947793863585, "params": {"C": 188.52870278560607, "epsilon": 1.6965817783629773, "gamma": 0.04299560501565696, "lamda": 0.15899984120778773}, "datetime": {"datetime": "2021-09-19 22:20:08", "elapsed": 1122.649257, "delta": 14.859001}}
{"target": -4.960752058112367, "params": {"C": 121.92253328551305, "epsilon": 1.4650726827098892, "gamma": 0.06176764309705894, "lamda": 0.021078867438904546}, "datetime": {"datetime": "2021-09-19 22:20:14", "elapsed": 1128.582257, "delta": 5.933}}
{"target": -3.9691884767856074, "params": {"C": 271.108595979431, "epsilon": 0.6805693969973026, "gamma": 0.096507217665938, "lamda": 0.1225521726077052}, "datetime": {"datetime": "2021-09-19 22:20:23", "elapsed": 1137.816256, "delta": 9.233999}}
{"target": -2.7851968829301876, "params": {"C": 153.92244120313825, "epsilon": 1.4910245498021033, "gamma": 0.10844142661366316, "lamda": 0.08896392951089863}, "datetime": {"datetime": "2021-09-19 22:20:32", "elapsed": 1146.896258, "delta": 9.080002}}
{"target": 0.8749354775581141, "params": {"C": 172.6317307159376, "epsilon": 0.8424621076969981, "gamma": 0.1817038087399065, "lamda": 0.1018965109714945}, "datetime": {"datetime": "2021-09-19 22:20:33", "elapsed": 1147.243258, "delta": 0.347}}
{"target": -4.888527711723302, "params": {"C": 240.26838843740046, "epsilon": 1.648642298080565, "gamma": 0.06078214490973438, "lamda": 0.0957294669366339}, "datetime": {"datetime": "2021-09-19 22:20:48", "elapsed": 1162.646258, "delta": 15.403}}
{"target": 0.8671680075918305, "params": {"C": 264.64277812819785, "epsilon": 2.6403795115958992, "gamma": 0.1884551052546906, "lamda": 0.043184022645725496}, "datetime": {"datetime": "2021-09-19 22:20:48", "elapsed": 1163.012257, "delta": 0.365999}}
{"target": 0.8708142668062355, "params": {"C": 169.043106472835, "epsilon": 0.44494902922187984, "gamma": 0.1977097721361917, "lamda": 0.12620265198696642}, "datetime": {"datetime": "2021-09-19 22:20:49", "elapsed": 1163.391259, "delta": 0.379002}}
{"target": -5.405126493064369, "params": {"C": 240.97497144111003, "epsilon": 1.3491400702590952, "gamma": 0.05249239396852627, "lamda": 0.07744643647193143}, "datetime": {"datetime": "2021-09-19 22:20:57", "elapsed": 1171.897257, "delta": 8.505998}}
{"target": -2.282943515085696, "params": {"C": 157.73767033280444, "epsilon": 1.6439716408584788, "gamma": 0.16416307955470943, "lamda": 0.1663568848093032}, "datetime": {"datetime": "2021-09-19 22:21:11", "elapsed": 1186.12626, "delta": 14.229003}}
{"target": 0.8878783379315294, "params": {"C": 157.24404167011215, "epsilon": 0.6149880144787887, "gamma": 0.14600954858732085, "lamda": 0.08340588724631182}, "datetime": {"datetime": "2021-09-19 22:21:12", "elapsed": 1186.477256, "delta": 0.350996}}
{"target": -4.150570647376396, "params": {"C": 136.3903155460835, "epsilon": 1.852606118157944, "gamma": 0.0269444163200096, "lamda": 0.019104425591719838}, "datetime": {"datetime": "2021-09-19 22:21:20", "elapsed": 1194.905258, "delta": 8.428002}}
{"target": 0.8959684649999284, "params": {"C": 102.4102395921712, "epsilon": 0.7005512899111862, "gamma": 0.09840660958817392, "lamda": 0.03246275769384058}, "datetime": {"datetime": "2021-09-19 22:21:21", "elapsed": 1195.251258, "delta": 0.346}}
{"target": 0.877908915482986, "params": {"C": 113.73751102067713, "epsilon": 1.5282833042729658, "gamma": 0.18111336301250425, "lamda": 0.0023011674390141152}, "datetime": {"datetime": "2021-09-19 22:21:21", "elapsed": 1195.595258, "delta": 0.344}}
{"target": -2.893359058052072, "params": {"C": 145.61563861098907, "epsilon": 2.7138283253988367, "gamma": 0.12867656128956398, "lamda": 0.1660947797652258}, "datetime": {"datetime": "2021-09-19 22:21:29", "elapsed": 1204.117256, "delta": 8.521998}}
{"target": 0.87865288948822, "params": {"C": 281.8618937092493, "epsilon": 0.7343657339134952, "gamma": 0.14920925192176362, "lamda": 0.052204024824285676}, "datetime": {"datetime": "2021-09-19 22:21:30", "elapsed": 1204.484256, "delta": 0.367}}
{"target": -5.623146313973365, "params": {"C": 287.68620527203063, "epsilon": 2.87573360994188, "gamma": 0.03624141767334716, "lamda": 0.16245100435401094}, "datetime": {"datetime": "2021-09-19 22:21:43", "elapsed": 1218.070257, "delta": 13.586001}}
{"target": -3.7573123465689573, "params": {"C": 109.42593544580708, "epsilon": 1.8382602259249619, "gamma": 0.09897613418200608, "lamda": 0.11991624276331235}, "datetime": {"datetime": "2021-09-19 22:21:52", "elapsed": 1226.391257, "delta": 8.321}}
{"target": -2.630771797819315, "params": {"C": 251.98371864968107, "epsilon": 2.623074752925312, "gamma": 0.1030891751341761, "lamda": 0.014733125764187274}, "datetime": {"datetime": "2021-09-19 22:22:00", "elapsed": 1235.101261, "delta": 8.710004}}
{"target": 0.875877696035548, "params": {"C": 282.75279727140133, "epsilon": 0.276267302663181, "gamma": 0.15992189891660238, "lamda": 0.02424863749998529}, "datetime": {"datetime": "2021-09-19 22:22:01", "elapsed": 1235.492256, "delta": 0.390995}}
{"target": -5.2843118670691105, "params": {"C": 280.5263840757971, "epsilon": 1.9398700453641953, "gamma": 0.065484115016003, "lamda": 0.173029032631124}, "datetime": {"datetime": "2021-09-19 22:22:09", "elapsed": 1243.698256, "delta": 8.206}}
{"target": -4.381689805303166, "params": {"C": 136.07811512505495, "epsilon": 0.7251478876403699, "gamma": 0.06854871570164672, "lamda": 0.08276759641539112}, "datetime": {"datetime": "2021-09-19 22:22:18", "elapsed": 1252.951257, "delta": 9.253001}}
{"target": -4.746435970377521, "params": {"C": 143.73435228061163, "epsilon": 2.767160123772724, "gamma": 0.09088038895696705, "lamda": 0.19036523778011782}, "datetime": {"datetime": "2021-09-19 22:22:27", "elapsed": 1262.002258, "delta": 9.051001}}
{"target": -2.1345569651010043, "params": {"C": 150.65018794891083, "epsilon": 1.45880273161666, "gamma": 0.16131234727240812, "lamda": 0.19786704757811688}, "datetime": {"datetime": "2021-09-19 22:22:43", "elapsed": 1278.012258, "delta": 16.01}}
{"target": 0.8722754853736578, "params": {"C": 189.94842799448787, "epsilon": 1.4630278085681576, "gamma": 0.1884304467836196, "lamda": 0.08644116485300014}, "datetime": {"datetime": "2021-09-19 22:22:44", "elapsed": 1278.380259, "delta": 0.368001}}
{"target": -3.01569850857227, "params": {"C": 188.08895739031146, "epsilon": 2.864130118650476, "gamma": 0.10189315953563888, "lamda": 0.025247403412825466}, "datetime": {"datetime": "2021-09-19 22:22:52", "elapsed": 1287.110256, "delta": 8.729997}}
{"target": -4.592481045835045, "params": {"C": 288.29129737262997, "epsilon": 1.5542797947121487, "gamma": 0.0753377272501548, "lamda": 0.18013969067697466}, "datetime": {"datetime": "2021-09-19 22:23:02", "elapsed": 1296.408257, "delta": 9.298001}}
{"target": 0.8594570375762298, "params": {"C": 103.42815243566181, "epsilon": 2.8481124063122967, "gamma": 0.022063756745622495, "lamda": 0.01510086665276005}, "datetime": {"datetime": "2021-09-19 22:23:02", "elapsed": 1296.797257, "delta": 0.389}}
{"target": -5.003058703645207, "params": {"C": 288.45185852829, "epsilon": 1.4861014321097687, "gamma": 0.04004261332697452, "lamda": 0.19645295061576268}, "datetime": {"datetime": "2021-09-19 22:23:18", "elapsed": 1312.563257, "delta": 15.766}}
{"target": -4.107873353250458, "params": {"C": 167.04321850104014, "epsilon": 2.829884103246157, "gamma": 0.09460078336261916, "lamda": 0.07358729486395106}, "datetime": {"datetime": "2021-09-19 22:23:27", "elapsed": 1322.029256, "delta": 9.465999}}
{"target": -2.0704519881754204, "params": {"C": 214.66715180755602, "epsilon": 2.7405134844923493, "gamma": 0.19611680571883885, "lamda": 0.1391456938125101}, "datetime": {"datetime": "2021-09-19 22:23:41", "elapsed": 1335.587258, "delta": 13.558002}}
{"target": -2.100262345489191, "params": {"C": 173.66115282387375, "epsilon": 2.604423123922766, "gamma": 0.18524229003973974, "lamda": 0.10858503874585987}, "datetime": {"datetime": "2021-09-19 22:23:57", "elapsed": 1351.228255, "delta": 15.640997}}
{"target": -3.0235475134442273, "params": {"C": 242.310160963106, "epsilon": 2.627346818495775, "gamma": 0.13847385937974543, "lamda": 0.13008681557371488}, "datetime": {"datetime": "2021-09-19 22:24:05", "elapsed": 1359.527257, "delta": 8.299002}}
