{"target": -3.7674073830804957, "params": {"C": 170.9160808716363, "epsilon": 13.943876389527007, "gamma": 0.10672260038324763, "lamda": 0.4240139152358457}, "datetime": {"datetime": "2021-09-19 16:27:48", "elapsed": 1781.818576, "delta": 9.127258}}
{"target": -3.4564429483280614, "params": {"C": 157.37338438042, "epsilon": 3.4340693295243394, "gamma": 0.11144772751885071, "lamda": 0.350757425265453}, "datetime": {"datetime": "2021-09-19 16:27:58", "elapsed": 1791.756443, "delta": 9.937867}}
{"target": -3.8873087115394194, "params": {"C": 193.03550831746242, "epsilon": 8.45260207453444, "gamma": 0.08829045508734773, "lamda": 0.5412977845616849}, "datetime": {"datetime": "2021-09-19 16:28:07", "elapsed": 1800.574777, "delta": 8.818334}}
{"target": -4.160356276053378, "params": {"C": 171.0046506305449, "epsilon": 9.619262658440437, "gamma": 0.0783901887878483, "lamda": 0.8159633532535732}, "datetime": {"datetime": "2021-09-19 16:28:16", "elapsed": 1809.585303, "delta": 9.010526}}
{"target": -2.781208073762009, "params": {"C": 122.06597146167454, "epsilon": 9.051977774628131, "gamma": 0.1220847020448281, "lamda": 0.555050177990449}, "datetime": {"datetime": "2021-09-19 16:28:25", "elapsed": 1818.388981, "delta": 8.803678}}
{"target": -3.533395901620648, "params": {"C": 193.27911746003983, "epsilon": 5.957541683913463, "gamma": 0.09107196133439506, "lamda": 1.4954400614991847}, "datetime": {"datetime": "2021-09-19 16:28:34", "elapsed": 1827.21794, "delta": 8.828959}}
{"target": -2.246926068166507, "params": {"C": 129.59950082933238, "epsilon": 6.298481621233254, "gamma": 0.1624744666664789, "lamda": 0.5548181286588993}, "datetime": {"datetime": "2021-09-19 16:28:42", "elapsed": 1835.322206, "delta": 8.104266}}
{"target": -3.170469594822669, "params": {"C": 178.64109528557304, "epsilon": 7.762388165990461, "gamma": 0.127162888740475, "lamda": 0.04031765145330628}, "datetime": {"datetime": "2021-09-19 16:28:50", "elapsed": 1843.61047, "delta": 8.288264}}
{"target": -3.806033591812443, "params": {"C": 137.81358211903617, "epsilon": 8.795889637612166, "gamma": 0.11750506870574312, "lamda": 0.17526959759506583}, "datetime": {"datetime": "2021-09-19 16:29:05", "elapsed": 1858.079048, "delta": 14.468578}}
{"target": -3.0742130019611613, "params": {"C": 137.413198839266, "epsilon": 8.269336040763712, "gamma": 0.1416939444568634, "lamda": 0.2528134506891751}, "datetime": {"datetime": "2021-09-19 16:29:21", "elapsed": 1874.282382, "delta": 16.203334}}
{"target": -6.117315046774424, "params": {"C": 143.18415577728143, "epsilon": 3.7155839317542467, "gamma": 0.05282930301707092, "lamda": 0.11687817707119115}, "datetime": {"datetime": "2021-09-19 16:29:32", "elapsed": 1885.151547, "delta": 10.869165}}
{"target": -2.2001765635816186, "params": {"C": 78.60381192764102, "epsilon": 3.725068766917118, "gamma": 0.16877270346546822, "lamda": 0.17242059132986193}, "datetime": {"datetime": "2021-09-19 16:29:43", "elapsed": 1896.821307, "delta": 11.66976}}
{"target": -1.6643748969450645, "params": {"C": 166.80938694816825, "epsilon": 12.787398911707472, "gamma": 0.1904729138117589, "lamda": 0.5138976067988806}, "datetime": {"datetime": "2021-09-19 16:29:52", "elapsed": 1905.579305, "delta": 8.757998}}
{"target": -5.521649233752234, "params": {"C": 68.39588750487391, "epsilon": 8.746147199446327, "gamma": 0.0882148837662852, "lamda": 0.663319905994383}, "datetime": {"datetime": "2021-09-19 16:30:06", "elapsed": 1919.749239, "delta": 14.169934}}
{"target": -6.577506430378429, "params": {"C": 69.3568098033843, "epsilon": 11.467569916980318, "gamma": 0.06235171723582733, "lamda": 0.6391581553156299}, "datetime": {"datetime": "2021-09-19 16:30:16", "elapsed": 1929.125314, "delta": 9.376075}}
{"target": -3.5573184926493777, "params": {"C": 180.5067323630562, "epsilon": 13.342378278615552, "gamma": 0.1037216557010854, "lamda": 1.028262957396161}, "datetime": {"datetime": "2021-09-19 16:30:24", "elapsed": 1938.028014, "delta": 8.9027}}
{"target": -2.7511243585224436, "params": {"C": 156.8840721290166, "epsilon": 7.334425619556374, "gamma": 0.1458437555128964, "lamda": 0.4653122037609827}, "datetime": {"datetime": "2021-09-19 16:30:38", "elapsed": 1951.635928, "delta": 13.607914}}
{"target": -6.303314546015414, "params": {"C": 96.67151106190808, "epsilon": 8.061024984107586, "gamma": 0.07531685134266956, "lamda": 0.7627933668926664}, "datetime": {"datetime": "2021-09-19 16:30:47", "elapsed": 1960.823314, "delta": 9.187386}}
{"target": 0.8746620286998288, "params": {"C": 41.092727196360514, "epsilon": 10.035236137709001, "gamma": 0.15990764358713522, "lamda": 0.020920412904415257}, "datetime": {"datetime": "2021-09-19 16:30:48", "elapsed": 1961.71394, "delta": 0.890626}}
{"target": -2.6477546561027, "params": {"C": 162.04978563922828, "epsilon": 0.8657758912832642, "gamma": 0.11910182933795388, "lamda": 1.1407664522672374}, "datetime": {"datetime": "2021-09-19 16:30:57", "elapsed": 1970.776742, "delta": 9.062802}}
{"target": -2.2950125825823577, "params": {"C": 131.58590692936028, "epsilon": 4.121804024236481, "gamma": 0.16416262762284112, "lamda": 0.7613487704326413}, "datetime": {"datetime": "2021-09-19 16:31:09", "elapsed": 1982.921933, "delta": 12.145191}}
{"target": -2.543439884045989, "params": {"C": 120.06314599807277, "epsilon": 13.494128874172434, "gamma": 0.1399276721128935, "lamda": 0.7739763055782691}, "datetime": {"datetime": "2021-09-19 16:31:18", "elapsed": 1991.896131, "delta": 8.974198}}
{"target": -4.775598145919633, "params": {"C": 67.23183614485336, "epsilon": 13.656019429212044, "gamma": 0.1703318026994089, "lamda": 0.36701874879384927}, "datetime": {"datetime": "2021-09-19 16:31:28", "elapsed": 2001.832555, "delta": 9.936424}}
{"target": -4.6225701933983485, "params": {"C": 108.07034748536141, "epsilon": 13.819816219775491, "gamma": 0.17875062944993975, "lamda": 0.9602565648496256}, "datetime": {"datetime": "2021-09-19 16:31:45", "elapsed": 2018.159178, "delta": 16.326623}}
{"target": -3.3354710574203903, "params": {"C": 186.0419954061999, "epsilon": 1.3849501676419977, "gamma": 0.11567229229348289, "lamda": 0.3925883114052348}, "datetime": {"datetime": "2021-09-19 16:31:57", "elapsed": 2030.846848, "delta": 12.68767}}
{"target": -3.8474064706915314, "params": {"C": 185.26206640069472, "epsilon": 6.971428291665098, "gamma": 0.08187889141927107, "lamda": 0.4841849748099392}, "datetime": {"datetime": "2021-09-19 16:32:08", "elapsed": 2041.892299, "delta": 11.045451}}
{"target": -5.554077643153073, "params": {"C": 196.5107417703646, "epsilon": 13.00394472117652, "gamma": 0.060685625961985804, "lamda": 1.358927796059477}, "datetime": {"datetime": "2021-09-19 16:32:20", "elapsed": 2053.386325, "delta": 11.494026}}
{"target": -6.9852646220358015, "params": {"C": 40.41140768370914, "epsilon": 13.941358248793339, "gamma": 0.09034934231787452, "lamda": 0.047476441719321125}, "datetime": {"datetime": "2021-09-19 16:32:36", "elapsed": 2069.584658, "delta": 16.198333}}
{"target": -7.443483732717915, "params": {"C": 117.55430721317033, "epsilon": 11.481189099617485, "gamma": 0.0710938480839406, "lamda": 1.3786242970528069}, "datetime": {"datetime": "2021-09-19 16:32:53", "elapsed": 2086.589227, "delta": 17.004569}}
{"target": -5.141999321086347, "params": {"C": 128.28079330048683, "epsilon": 12.360439293538786, "gamma": 0.055513463474173706, "lamda": 0.7215541025640126}, "datetime": {"datetime": "2021-09-19 16:33:03", "elapsed": 2096.736469, "delta": 10.147242}}
{"target": -3.4496672040000993, "params": {"C": 152.87314281328764, "epsilon": 4.950896528512355, "gamma": 0.10654088284141425, "lamda": 0.6205355963570918}, "datetime": {"datetime": "2021-09-19 16:33:14", "elapsed": 2107.205283, "delta": 10.468814}}
{"target": -5.997358378712393, "params": {"C": 74.56673956337761, "epsilon": 8.006524259291462, "gamma": 0.08764043950797615, "lamda": 1.2342898549187427}, "datetime": {"datetime": "2021-09-19 16:33:28", "elapsed": 2121.960017, "delta": 14.754734}}
{"target": -3.877362712822979, "params": {"C": 147.67463470876618, "epsilon": 5.381990962100819, "gamma": 0.08756666005108504, "lamda": 0.48886666658511274}, "datetime": {"datetime": "2021-09-19 16:33:38", "elapsed": 2131.733761, "delta": 9.773744}}
{"target": -8.185182744949499, "params": {"C": 66.1748491960415, "epsilon": 13.257296690348134, "gamma": 0.07057329578223187, "lamda": 0.3009719560410156}, "datetime": {"datetime": "2021-09-19 16:33:48", "elapsed": 2141.286909, "delta": 9.553148}}
{"target": -4.811759800909483, "params": {"C": 135.64415164056808, "epsilon": 2.5994379975231987, "gamma": 0.08274465261072773, "lamda": 0.2910667196433066}, "datetime": {"datetime": "2021-09-19 16:33:56", "elapsed": 2149.739543, "delta": 8.452634}}
{"target": -1.650268449775794, "params": {"C": 127.70582378365388, "epsilon": 6.404901934090784, "gamma": 0.18611613768037266, "lamda": 1.0398546111040698}, "datetime": {"datetime": "2021-09-19 16:34:06", "elapsed": 2159.519471, "delta": 9.779928}}
{"target": -2.898127354183663, "params": {"C": 193.7025665692094, "epsilon": 11.004266493046833, "gamma": 0.12279280984832806, "lamda": 0.7016368125611184}, "datetime": {"datetime": "2021-09-19 16:34:16", "elapsed": 2169.532024, "delta": 10.012553}}
{"target": -2.108452795427779, "params": {"C": 143.7206662025577, "epsilon": 2.115404885804612, "gamma": 0.18605902765266719, "lamda": 0.2950312976308639}, "datetime": {"datetime": "2021-09-19 16:34:31", "elapsed": 2184.166989, "delta": 14.634965}}
{"target": -2.3506012214239904, "params": {"C": 67.26219969953995, "epsilon": 5.239507835610354, "gamma": 0.13262650065637185, "lamda": 1.1361335300338111}, "datetime": {"datetime": "2021-09-19 16:34:40", "elapsed": 2193.668605, "delta": 9.501616}}
{"target": -4.377943813902659, "params": {"C": 107.69961766065029, "epsilon": 0.7462992023649677, "gamma": 0.06821118495605155, "lamda": 0.6530118228077844}, "datetime": {"datetime": "2021-09-19 17:15:12", "elapsed": 0.0, "delta": 0.0}}
{"target": -6.173704141855198, "params": {"C": 106.52758515656168, "epsilon": 3.638180799536804, "gamma": 0.028534592914351887, "lamda": 0.928925485977678}, "datetime": {"datetime": "2021-09-19 17:15:26", "elapsed": 14.126722, "delta": 14.126722}}
{"target": -5.452061582261128, "params": {"C": 97.47410052558924, "epsilon": 3.034859113477233, "gamma": 0.07643039076846891, "lamda": 0.7937366843108447}, "datetime": {"datetime": "2021-09-19 17:15:36", "elapsed": 24.060041, "delta": 9.933319}}
{"target": -4.787025102986003, "params": {"C": 85.09349590087001, "epsilon": 5.378992152024591, "gamma": 0.026210584549395257, "lamda": 1.1780134549676193}, "datetime": {"datetime": "2021-09-19 17:15:45", "elapsed": 33.640309, "delta": 9.580268}}
{"target": -4.2283843030997526, "params": {"C": 139.04814694796164, "epsilon": 5.195249955128314, "gamma": 0.10235457081610881, "lamda": 0.11951423323974103}, "datetime": {"datetime": "2021-09-19 17:15:54", "elapsed": 42.288249, "delta": 8.64794}}
{"target": -4.627860946044853, "params": {"C": 112.89345675912779, "epsilon": 1.120221791675342, "gamma": 0.05423406767369978, "lamda": 0.1448415469451358}, "datetime": {"datetime": "2021-09-19 17:16:04", "elapsed": 52.196042, "delta": 9.907793}}
{"target": -5.926233767526049, "params": {"C": 84.53699787759581, "epsilon": 6.16908043529666, "gamma": 0.030991380069487123, "lamda": 0.16046317918075895}, "datetime": {"datetime": "2021-09-19 17:16:19", "elapsed": 67.781204, "delta": 15.585162}}
{"target": -4.850138801347372, "params": {"C": 91.52296553029197, "epsilon": 3.823349707531343, "gamma": 0.05879556072696452, "lamda": 0.3026547522361347}, "datetime": {"datetime": "2021-09-19 17:16:30", "elapsed": 78.217341, "delta": 10.436137}}
{"target": -4.711699504168878, "params": {"C": 123.03050439111861, "epsilon": 5.08916343774164, "gamma": 0.06310222280213315, "lamda": 0.580369632045283}, "datetime": {"datetime": "2021-09-19 17:16:38", "elapsed": 86.555433, "delta": 8.338092}}
{"target": -4.966054316621218, "params": {"C": 134.5228090831183, "epsilon": 6.010039699339163, "gamma": 0.023664338827766095, "lamda": 1.051143482293404}, "datetime": {"datetime": "2021-09-19 17:16:48", "elapsed": 95.924574, "delta": 9.369141}}
{"target": -5.096891420545538, "params": {"C": 134.74060357787027, "epsilon": 5.367131461604749, "gamma": 0.0478965217228201, "lamda": 1.1804857149647945}, "datetime": {"datetime": "2021-09-19 17:16:58", "elapsed": 106.10803, "delta": 10.183456}}
{"target": -4.118688552824243, "params": {"C": 139.6519781275642, "epsilon": 4.794364498014166, "gamma": 0.01817753944134133, "lamda": 0.32177717614459855}, "datetime": {"datetime": "2021-09-19 17:17:12", "elapsed": 120.6111, "delta": 14.50307}}
{"target": -4.369283237888919, "params": {"C": 138.91932614998936, "epsilon": 4.383658245362022, "gamma": 0.021725800687046676, "lamda": 1.2010738081013566}, "datetime": {"datetime": "2021-09-19 17:17:22", "elapsed": 130.405995, "delta": 9.794895}}
{"target": -3.1594026673036337, "params": {"C": 140.03705453519677, "epsilon": 5.893855006576709, "gamma": 0.12, "lamda": 1.2318554488800184}, "datetime": {"datetime": "2021-09-19 17:17:33", "elapsed": 140.93478, "delta": 10.528785}}
{"target": -0.9924208757262045, "params": {"C": 141.0186203641734, "epsilon": 6.6073552509833045, "gamma": 0.005, "lamda": 1.1547269162626883}, "datetime": {"datetime": "2021-09-19 17:17:42", "elapsed": 150.806116, "delta": 9.871336}}
{"target": -2.1416923516916535, "params": {"C": 141.63991873578954, "epsilon": 7.525148760440087, "gamma": 0.009934182225293707, "lamda": 0.7766948423842427}, "datetime": {"datetime": "2021-09-19 17:17:51", "elapsed": 159.678476, "delta": 8.87236}}
{"target": -0.8344049768848256, "params": {"C": 141.94903475203537, "epsilon": 6.188684744576877, "gamma": 0.005, "lamda": 1.5}, "datetime": {"datetime": "2021-09-19 17:18:00", "elapsed": 168.81791, "delta": 9.139434}}
{"target": -1.401176702924824, "params": {"C": 142.0848921357543, "epsilon": 5.849501115848508, "gamma": 0.005, "lamda": 0.21393299074282257}, "datetime": {"datetime": "2021-09-19 17:18:09", "elapsed": 177.595695, "delta": 8.777785}}
{"target": -1.0212518995367033, "params": {"C": 143.6073774785851, "epsilon": 4.723028518832801, "gamma": 0.005, "lamda": 1.5}, "datetime": {"datetime": "2021-09-19 17:18:15", "elapsed": 183.535283, "delta": 5.939588}}
{"target": -0.8102973057428644, "params": {"C": 145.12841395660556, "epsilon": 6.1059039544284195, "gamma": 0.005, "lamda": 1.5}, "datetime": {"datetime": "2021-09-19 17:18:24", "elapsed": 192.551862, "delta": 9.016579}}
{"target": 0.8362585549268623, "params": {"C": 145.7837657108397, "epsilon": 4.5145486132981425, "gamma": 0.005, "lamda": 5e-05}, "datetime": {"datetime": "2021-09-19 17:18:25", "elapsed": 193.301868, "delta": 0.750006}}
{"target": -0.7828216215192956, "params": {"C": 147.09316997929218, "epsilon": 3.6812434944371124, "gamma": 0.005, "lamda": 1.2297616445035584}, "datetime": {"datetime": "2021-09-19 17:18:38", "elapsed": 206.361175, "delta": 13.059307}}
{"target": 0.8899040820084599, "params": {"C": 147.42735778261508, "epsilon": 5.891044699253195, "gamma": 0.12, "lamda": 5e-05}, "datetime": {"datetime": "2021-09-19 17:18:39", "elapsed": 207.066162, "delta": 0.704987}}
{"target": -4.145462363472937, "params": {"C": 149.8565420920553, "epsilon": 7.298062498385458, "gamma": 0.11043189267909215, "lamda": 0.01971687330398594}, "datetime": {"datetime": "2021-09-19 17:18:48", "elapsed": 216.467415, "delta": 9.401253}}
{"target": -5.0428917972574805, "params": {"C": 146.09109535834517, "epsilon": 6.248465614646259, "gamma": 0.08368172141244799, "lamda": 0.023180637718278774}, "datetime": {"datetime": "2021-09-19 17:18:57", "elapsed": 225.572262, "delta": 9.104847}}
{"target": 0.895527340195704, "params": {"C": 147.45244168027185, "epsilon": 4.726821800288699, "gamma": 0.08277370291255554, "lamda": 5e-05}, "datetime": {"datetime": "2021-09-19 17:18:58", "elapsed": 226.259768, "delta": 0.687506}}
{"target": -5.627002040052757, "params": {"C": 148.03715199828895, "epsilon": 5.564463474504654, "gamma": 0.04809353594724029, "lamda": 0.6343979013474647}, "datetime": {"datetime": "2021-09-19 17:19:07", "elapsed": 235.7914, "delta": 9.531632}}
{"target": -4.8648386436511215, "params": {"C": 146.50134366737103, "epsilon": 4.963103674280075, "gamma": 0.025751330733104566, "lamda": 0.09264683525442341}, "datetime": {"datetime": "2021-09-19 17:19:24", "elapsed": 252.37198, "delta": 16.58058}}
{"target": -5.781827596731131, "params": {"C": 99.38074986479418, "epsilon": 8.53119499332322, "gamma": 0.0868814827030972, "lamda": 1.1126119753284582}, "datetime": {"datetime": "2021-09-19 17:19:39", "elapsed": 267.067728, "delta": 14.695748}}
{"target": -5.536719463889571, "params": {"C": 79.07127878133858, "epsilon": 3.6775839459982964, "gamma": 0.045968994741534604, "lamda": 0.3395106939547286}, "datetime": {"datetime": "2021-09-19 17:19:53", "elapsed": 281.045118, "delta": 13.97739}}
{"target": -4.153328943863982, "params": {"C": 141.04643219206207, "epsilon": 6.749801623807247, "gamma": 0.08910331052569512, "lamda": 1.2099200279964375}, "datetime": {"datetime": "2021-09-19 17:20:02", "elapsed": 290.103313, "delta": 9.058195}}
{"target": -3.848343736784728, "params": {"C": 103.47325296395545, "epsilon": 1.8994208090412898, "gamma": 0.09853736538873509, "lamda": 0.7348324687392166}, "datetime": {"datetime": "2021-09-19 17:20:10", "elapsed": 298.833465, "delta": 8.730152}}
{"target": -4.327331686075199, "params": {"C": 134.3750366757092, "epsilon": 1.3908984858118862, "gamma": 0.0872059208671531, "lamda": 1.1224568563687214}, "datetime": {"datetime": "2021-09-19 17:20:20", "elapsed": 308.251321, "delta": 9.417856}}
{"target": -3.1830386265679413, "params": {"C": 122.04431369096865, "epsilon": 8.283990280320314, "gamma": 0.10920699395571018, "lamda": 0.9805476379611225}, "datetime": {"datetime": "2021-09-19 17:20:29", "elapsed": 317.208246, "delta": 8.956925}}
{"target": -3.107463048446782, "params": {"C": 104.44063702803, "epsilon": 8.955386540501483, "gamma": 0.10080458281348355, "lamda": 1.3171485900475637}, "datetime": {"datetime": "2021-09-19 17:20:38", "elapsed": 326.687346, "delta": 9.4791}}
{"target": -5.722054919704335, "params": {"C": 76.35308367066939, "epsilon": 5.30308950988401, "gamma": 0.059123105870096046, "lamda": 0.3000769843619091}, "datetime": {"datetime": "2021-09-19 17:20:54", "elapsed": 342.065333, "delta": 15.377987}}
{"target": -4.811150116305421, "params": {"C": 136.949606788903, "epsilon": 7.634692238146916, "gamma": 0.022914385551389055, "lamda": 0.2861009578341534}, "datetime": {"datetime": "2021-09-19 17:21:09", "elapsed": 357.115584, "delta": 15.050251}}
{"target": -3.880920414527843, "params": {"C": 146.02354504180693, "epsilon": 3.0084966552298917, "gamma": 0.10425990407655188, "lamda": 1.0417587386000497}, "datetime": {"datetime": "2021-09-19 17:21:24", "elapsed": 372.391257, "delta": 15.275673}}
{"target": -5.1116690611177225, "params": {"C": 97.61983886882624, "epsilon": 7.082125786459323, "gamma": 0.02182591238935926, "lamda": 0.08951947237492364}, "datetime": {"datetime": "2021-09-19 17:21:39", "elapsed": 387.79278, "delta": 15.401523}}
{"target": -6.058096693997692, "params": {"C": 126.97467616002811, "epsilon": 5.362682840420825, "gamma": 0.05637971114439644, "lamda": 0.4482368317198893}, "datetime": {"datetime": "2021-09-19 17:21:49", "elapsed": 397.148224, "delta": 9.355444}}
{"target": -4.437419224076897, "params": {"C": 83.81707413240083, "epsilon": 1.5888481191295276, "gamma": 0.08693976362980048, "lamda": 1.3461886055110466}, "datetime": {"datetime": "2021-09-19 17:21:58", "elapsed": 406.497828, "delta": 9.349604}}
{"target": -4.73154059165064, "params": {"C": 146.23252944982093, "epsilon": 8.791288869726085, "gamma": 0.02419898137045784, "lamda": 1.166236299668396}, "datetime": {"datetime": "2021-09-19 17:22:07", "elapsed": 415.717071, "delta": 9.219243}}
{"target": -3.1255589258265104, "params": {"C": 122.69062635834659, "epsilon": 7.028276186618908, "gamma": 0.10443934772742168, "lamda": 0.5360215524437739}, "datetime": {"datetime": "2021-09-19 17:22:16", "elapsed": 424.770522, "delta": 9.053451}}
{"target": -3.037418753074882, "params": {"C": 136.33139986340086, "epsilon": 9.548048708122264, "gamma": 0.1183866942671736, "lamda": 1.127989267584829}, "datetime": {"datetime": "2021-09-19 17:22:25", "elapsed": 433.849805, "delta": 9.079283}}
{"target": -6.778165080178258, "params": {"C": 125.46485018329832, "epsilon": 7.646355481644559, "gamma": 0.05200376934925559, "lamda": 1.1868053982485351}, "datetime": {"datetime": "2021-09-19 17:22:35", "elapsed": 443.111065, "delta": 9.26126}}
{"target": -4.279352277372375, "params": {"C": 118.85980859315836, "epsilon": 1.757356342660334, "gamma": 0.020247684896192084, "lamda": 1.1982948669701765}, "datetime": {"datetime": "2021-09-19 17:22:50", "elapsed": 458.202901, "delta": 15.091836}}
{"target": -5.420250816665442, "params": {"C": 136.35484364118307, "epsilon": 2.075079417964458, "gamma": 0.04972748361661648, "lamda": 0.5001118401050065}, "datetime": {"datetime": "2021-09-19 17:22:58", "elapsed": 466.714328, "delta": 8.511427}}
{"target": -3.3115320289753765, "params": {"C": 132.56800144339653, "epsilon": 2.4933906370540866, "gamma": 0.01457897685542078, "lamda": 0.09472509542689378}, "datetime": {"datetime": "2021-09-19 17:23:12", "elapsed": 480.617548, "delta": 13.90322}}
{"target": -6.0891067231442975, "params": {"C": 131.16416935462638, "epsilon": 7.146337264051901, "gamma": 0.04196673067813516, "lamda": 1.1309271650436186}, "datetime": {"datetime": "2021-09-19 17:23:25", "elapsed": 493.321888, "delta": 12.70434}}
{"target": -5.425777979166797, "params": {"C": 94.93795803148355, "epsilon": 3.5766692305550074, "gamma": 0.05435634156301924, "lamda": 0.4606437332031678}, "datetime": {"datetime": "2021-09-19 17:23:36", "elapsed": 504.304993, "delta": 10.983105}}
