{"target": 0.8800138591096541, "params": {"C": 225.94350140431288, "epsilon": 0.7095046287530348, "gamma": 0.1517873329790687, "lamda": 0.013308229734341634}, "datetime": {"datetime": "2021-09-19 22:55:05", "elapsed": 345.092199, "delta": 0.623993}}
{"target": -5.047523706089581, "params": {"C": 152.0630197157082, "epsilon": 2.433788234855702, "gamma": 0.04271968511154891, "lamda": 0.12789253671510714}, "datetime": {"datetime": "2021-09-19 22:55:19", "elapsed": 358.884197, "delta": 13.791998}}
{"target": -4.853742586354208, "params": {"C": 204.93406182474672, "epsilon": 2.7819431141581172, "gamma": 0.05634287024498664, "lamda": 0.013193152175714073}, "datetime": {"datetime": "2021-09-19 22:55:28", "elapsed": 367.551196, "delta": 8.666999}}
{"target": -1.8755083991966255, "params": {"C": 247.0131926577339, "epsilon": 2.3393162856754155, "gamma": 0.1820240912381872, "lamda": 0.18639448186729826}, "datetime": {"datetime": "2021-09-19 22:55:40", "elapsed": 380.030197, "delta": 12.479001}}
{"target": -2.1545386013016072, "params": {"C": 102.7903145951194, "epsilon": 0.7796500497521195, "gamma": 0.12527177961532324, "lamda": 0.1898033151212026}, "datetime": {"datetime": "2021-09-19 22:55:49", "elapsed": 389.047198, "delta": 9.017001}}
{"target": -2.2567673463131737, "params": {"C": 290.03522384941596, "epsilon": 1.7142942457659536, "gamma": 0.18354323820442353, "lamda": 0.12831360022305857}, "datetime": {"datetime": "2021-09-19 22:56:01", "elapsed": 400.215198, "delta": 11.168}}
{"target": -2.681498334954991, "params": {"C": 178.00154282824923, "epsilon": 1.5093729345810383, "gamma": 0.12284054416939479, "lamda": 0.10991003475379102}, "datetime": {"datetime": "2021-09-19 22:56:10", "elapsed": 409.351198, "delta": 9.136}}
{"target": -5.013529032558779, "params": {"C": 285.23628534129074, "epsilon": 2.764326963337458, "gamma": 0.0820007445200932, "lamda": 0.19265254242561394}, "datetime": {"datetime": "2021-09-19 22:56:23", "elapsed": 422.770199, "delta": 13.419001}}
{"target": -4.793284877245633, "params": {"C": 134.79113333609286, "epsilon": 0.4663556063749482, "gamma": 0.031340435819112604, "lamda": 0.10113292747321367}, "datetime": {"datetime": "2021-09-19 22:56:32", "elapsed": 431.829199, "delta": 9.059}}
{"target": 0.8819723961136288, "params": {"C": 104.3049610548396, "epsilon": 2.849113612531275, "gamma": 0.16628751687829285, "lamda": 0.0030047811294437337}, "datetime": {"datetime": "2021-09-19 22:56:33", "elapsed": 432.186199, "delta": 0.357}}
{"target": -4.849172319698838, "params": {"C": 135.23925111501106, "epsilon": 1.0629843656638271, "gamma": 0.030544384738128795, "lamda": 0.1618983289346243}, "datetime": {"datetime": "2021-09-19 22:56:42", "elapsed": 441.292939, "delta": 9.10674}}
{"target": -3.6136390924831234, "params": {"C": 168.94733053665868, "epsilon": 2.826311698766765, "gamma": 0.11849276508968062, "lamda": 0.1757665180503844}, "datetime": {"datetime": "2021-09-19 22:56:56", "elapsed": 455.92464, "delta": 14.631701}}
{"target": -4.55294371571169, "params": {"C": 268.94688907844437, "epsilon": 2.725637724255083, "gamma": 0.09467665183427737, "lamda": 0.10926981685725864}, "datetime": {"datetime": "2021-09-19 22:57:06", "elapsed": 465.301168, "delta": 9.376528}}
{"target": -4.173222359026512, "params": {"C": 259.7207182304079, "epsilon": 0.9285846700290279, "gamma": 0.10059943691088591, "lamda": 0.11982246241886803}, "datetime": {"datetime": "2021-09-19 22:57:15", "elapsed": 474.660144, "delta": 9.358976}}
{"target": -3.8509577975322333, "params": {"C": 103.10665511016714, "epsilon": 1.821096083770248, "gamma": 0.08956688805294437, "lamda": 0.16147229841643942}, "datetime": {"datetime": "2021-09-19 22:57:23", "elapsed": 482.813926, "delta": 8.153782}}
{"target": 0.8950707749671912, "params": {"C": 163.0489606190746, "epsilon": 2.689377254722939, "gamma": 0.11768215698048443, "lamda": 0.036802856315291385}, "datetime": {"datetime": "2021-09-19 22:57:24", "elapsed": 483.17619, "delta": 0.362264}}
{"target": -3.4409784922540263, "params": {"C": 257.5858467651009, "epsilon": 1.8748904134303084, "gamma": 0.015512308054381828, "lamda": 0.08403931580654644}, "datetime": {"datetime": "2021-09-19 22:57:37", "elapsed": 497.064805, "delta": 13.888615}}
{"target": -1.060829756553558, "params": {"C": 235.81376731308592, "epsilon": 2.763945156134825, "gamma": 0.0050783948538146995, "lamda": 0.1953518530470629}, "datetime": {"datetime": "2021-09-19 22:57:52", "elapsed": 511.333672, "delta": 14.268867}}
{"target": -3.490750439264974, "params": {"C": 175.3160629491549, "epsilon": 2.9239722612391352, "gamma": 0.12291963968994035, "lamda": 0.16576933275033062}, "datetime": {"datetime": "2021-09-19 22:58:04", "elapsed": 523.185808, "delta": 11.852136}}
{"target": -5.211091810066557, "params": {"C": 214.94230094162046, "epsilon": 1.9214209750913163, "gamma": 0.060687374930660315, "lamda": 0.11736708129787594}, "datetime": {"datetime": "2021-09-19 22:58:12", "elapsed": 531.951806, "delta": 8.765998}}
{"target": -2.5856829485073574, "params": {"C": 250.004352740532, "epsilon": 2.589110125644223, "gamma": 0.15224102675119763, "lamda": 0.13961175163221215}, "datetime": {"datetime": "2021-09-19 22:58:27", "elapsed": 546.35615, "delta": 14.404344}}
{"target": -2.2363582093290186, "params": {"C": 272.89588601092, "epsilon": 1.0357748908265647, "gamma": 0.1358038142035795, "lamda": 0.09017533640873343}, "datetime": {"datetime": "2021-09-19 22:58:36", "elapsed": 555.127143, "delta": 8.770993}}
{"target": -4.530904171035854, "params": {"C": 176.42055040630345, "epsilon": 1.2913529147743383, "gamma": 0.08328851877656042, "lamda": 0.06347747180770942}, "datetime": {"datetime": "2021-09-19 22:58:45", "elapsed": 564.550145, "delta": 9.423002}}
{"target": 0.867884511398497, "params": {"C": 224.3838735840603, "epsilon": 1.3477170853816667, "gamma": 0.19489140519581422, "lamda": 0.1355605004859708}, "datetime": {"datetime": "2021-09-19 22:58:45", "elapsed": 564.905145, "delta": 0.355}}
{"target": -5.3452672075562875, "params": {"C": 139.71397768542218, "epsilon": 1.337432927109295, "gamma": 0.0719525167560125, "lamda": 0.15952796315290937}, "datetime": {"datetime": "2021-09-19 22:58:55", "elapsed": 574.315527, "delta": 9.410382}}
{"target": -3.0220547575397125, "params": {"C": 275.99965771268637, "epsilon": 2.7211416718964787, "gamma": 0.13423036341317615, "lamda": 0.05404238219768953}, "datetime": {"datetime": "2021-09-19 22:59:04", "elapsed": 583.147543, "delta": 8.832016}}
{"target": -4.022368188693182, "params": {"C": 150.47334030091795, "epsilon": 2.579204033822467, "gamma": 0.10790435603020561, "lamda": 0.16043241463983562}, "datetime": {"datetime": "2021-09-19 22:59:13", "elapsed": 592.433677, "delta": 9.286134}}
{"target": -3.3625836127161604, "params": {"C": 214.49770343832125, "epsilon": 2.226113323333782, "gamma": 0.1062072673554909, "lamda": 0.1541770112164671}, "datetime": {"datetime": "2021-09-19 22:59:28", "elapsed": 607.228312, "delta": 14.794635}}
{"target": -4.29450990842047, "params": {"C": 213.77159814094313, "epsilon": 1.4505586479167445, "gamma": 0.07182433705088995, "lamda": 0.013642801473992407}, "datetime": {"datetime": "2021-09-19 22:59:37", "elapsed": 616.576167, "delta": 9.347855}}
{"target": 0.8708282799179996, "params": {"C": 175.58483586561997, "epsilon": 0.33091562532493185, "gamma": 0.1966493371774368, "lamda": 0.036323388653301425}, "datetime": {"datetime": "2021-09-19 22:59:37", "elapsed": 616.93917, "delta": 0.363003}}
{"target": -3.2120803732305854, "params": {"C": 262.371739544108, "epsilon": 2.6373887703721044, "gamma": 0.13924058421525895, "lamda": 0.1138993130546624}, "datetime": {"datetime": "2021-09-19 22:59:48", "elapsed": 627.484176, "delta": 10.545006}}
{"target": -4.353176584381704, "params": {"C": 132.19428736312176, "epsilon": 1.4539520660135883, "gamma": 0.07230854997526692, "lamda": 0.04500876652285911}, "datetime": {"datetime": "2021-09-19 22:59:57", "elapsed": 636.137767, "delta": 8.653591}}
{"target": 0.8722894942002055, "params": {"C": 218.50237375315936, "epsilon": 1.0055825293355591, "gamma": 0.1836795829263284, "lamda": 0.18192719535478646}, "datetime": {"datetime": "2021-09-19 22:59:57", "elapsed": 636.500766, "delta": 0.362999}}
{"target": -4.802815024796669, "params": {"C": 151.42365875643924, "epsilon": 0.42158477215768464, "gamma": 0.042627732743727005, "lamda": 0.09991733455160653}, "datetime": {"datetime": "2021-09-19 23:00:06", "elapsed": 645.649665, "delta": 9.148899}}
{"target": -5.473924984520614, "params": {"C": 245.71713359491923, "epsilon": 0.7037638713854952, "gamma": 0.05336654388355999, "lamda": 0.17033452331539847}, "datetime": {"datetime": "2021-09-19 23:00:15", "elapsed": 654.732469, "delta": 9.082804}}
{"target": -5.919136518091324, "params": {"C": 183.16974365350546, "epsilon": 1.888386694750185, "gamma": 0.050564897151653763, "lamda": 0.02039434991790006}, "datetime": {"datetime": "2021-09-19 23:00:26", "elapsed": 665.407675, "delta": 10.675206}}
{"target": -5.302778574242397, "params": {"C": 203.17140339370596, "epsilon": 1.4837088624443688, "gamma": 0.034770970598166834, "lamda": 0.12436162454185136}, "datetime": {"datetime": "2021-09-19 23:00:40", "elapsed": 679.411676, "delta": 14.004001}}
{"target": -4.843813886578431, "params": {"C": 208.80202376278763, "epsilon": 1.9969983062151586, "gamma": 0.033186380324308665, "lamda": 0.15030581189923164}, "datetime": {"datetime": "2021-09-19 23:00:52", "elapsed": 691.282406, "delta": 11.87073}}
{"target": 0.8830758640563774, "params": {"C": 144.40982795998454, "epsilon": 1.6061202906614958, "gamma": 0.1581327255032157, "lamda": 0.0044670632679332445}, "datetime": {"datetime": "2021-09-19 23:00:52", "elapsed": 691.624404, "delta": 0.341998}}
{"target": -1.9834898614175036, "params": {"C": 164.8724919452373, "epsilon": 2.631474891560322, "gamma": 0.16971837348240357, "lamda": 0.10768858007831615}, "datetime": {"datetime": "2021-09-19 23:01:06", "elapsed": 705.500966, "delta": 13.876562}}
{"target": -2.205668283192956, "params": {"C": 273.3216548333026, "epsilon": 2.8544373749255167, "gamma": 0.16614936453772158, "lamda": 0.17082323465186391}, "datetime": {"datetime": "2021-09-19 23:01:22", "elapsed": 721.273088, "delta": 15.772122}}
{"target": -3.04327547950511, "params": {"C": 119.74868036406967, "epsilon": 1.988782563788874, "gamma": 0.14218581268976735, "lamda": 0.12204855228851329}, "datetime": {"datetime": "2021-09-19 23:01:37", "elapsed": 736.140457, "delta": 14.867369}}
{"target": 0.8782510387019462, "params": {"C": 259.9230523472056, "epsilon": 0.20025653762773932, "gamma": 0.1551965532382211, "lamda": 0.14634598841930466}, "datetime": {"datetime": "2021-09-19 23:01:37", "elapsed": 736.502497, "delta": 0.36204}}
{"target": 0.8944326787942577, "params": {"C": 151.93967865967062, "epsilon": 0.8455009665842254, "gamma": 0.12829914689887492, "lamda": 0.06906014702075472}, "datetime": {"datetime": "2021-09-19 23:01:38", "elapsed": 737.248456, "delta": 0.745959}}
{"target": -2.2225491753930764, "params": {"C": 259.3177356014575, "epsilon": 1.3938240728100262, "gamma": 0.15763613588291353, "lamda": 0.19809436625298452}, "datetime": {"datetime": "2021-09-19 23:01:47", "elapsed": 746.423098, "delta": 9.174642}}
{"target": 0.8758420006260406, "params": {"C": 160.04966790678003, "epsilon": 0.5147169019484882, "gamma": 0.18075514508810842, "lamda": 0.10831233421809577}, "datetime": {"datetime": "2021-09-19 23:01:47", "elapsed": 746.7761, "delta": 0.353002}}
{"target": -1.8085379851562164, "params": {"C": 294.94807417101646, "epsilon": 1.946152760005502, "gamma": 0.1988130397990434, "lamda": 0.10921461475778618}, "datetime": {"datetime": "2021-09-19 23:02:01", "elapsed": 760.560508, "delta": 13.784408}}
{"target": -4.209306293904118, "params": {"C": 205.28518678110424, "epsilon": 0.4927409189092927, "gamma": 0.07436250834185683, "lamda": 0.005244687240707361}, "datetime": {"datetime": "2021-09-19 23:02:07", "elapsed": 766.147507, "delta": 5.586999}}
{"target": -2.731328316139589, "params": {"C": 132.07903590392982, "epsilon": 2.2623478588517387, "gamma": 0.010927939536113821, "lamda": 0.07330925290565163}, "datetime": {"datetime": "2021-09-19 23:02:19", "elapsed": 778.994507, "delta": 12.847}}
{"target": 0.8796989970600727, "params": {"C": 272.4692505676088, "epsilon": 2.1087653807713274, "gamma": 0.13973371770290288, "lamda": 0.037728171554261225}, "datetime": {"datetime": "2021-09-19 23:02:20", "elapsed": 779.363506, "delta": 0.368999}}
{"target": 0.8694118139040912, "params": {"C": 188.3808561496847, "epsilon": 1.7865744812984445, "gamma": 0.19800158299442253, "lamda": 0.04078204114039914}, "datetime": {"datetime": "2021-09-19 23:02:20", "elapsed": 779.710509, "delta": 0.347003}}
{"target": 0.8861352583423777, "params": {"C": 149.54658035247098, "epsilon": 0.8603019429414446, "gamma": 0.1512836205931086, "lamda": 0.09139560851181112}, "datetime": {"datetime": "2021-09-19 23:02:20", "elapsed": 780.055509, "delta": 0.345}}
{"target": -5.8231578780552375, "params": {"C": 111.38588768221899, "epsilon": 1.5746970977696948, "gamma": 0.04633223210551681, "lamda": 0.1597210503477973}, "datetime": {"datetime": "2021-09-19 23:02:29", "elapsed": 788.384507, "delta": 8.328998}}
{"target": 0.8967676377035086, "params": {"C": 159.46627630145446, "epsilon": 0.1800574346680605, "gamma": 0.12071932764560112, "lamda": 0.16876824194580883}, "datetime": {"datetime": "2021-09-19 23:02:29", "elapsed": 788.743507, "delta": 0.359}}
{"target": -3.481245798033272, "params": {"C": 176.20322481244284, "epsilon": 2.274589101105816, "gamma": 0.10467258826794, "lamda": 0.10819082004063277}, "datetime": {"datetime": "2021-09-19 23:02:45", "elapsed": 804.278357, "delta": 15.53485}}
{"target": -2.4487769426787054, "params": {"C": 291.8868642123505, "epsilon": 2.4314865853460756, "gamma": 0.011302997991596926, "lamda": 0.14187774085900778}, "datetime": {"datetime": "2021-09-19 23:02:57", "elapsed": 816.810891, "delta": 12.532534}}
{"target": -5.985781911721771, "params": {"C": 193.0002963127012, "epsilon": 2.8478919300457894, "gamma": 0.04817938319308022, "lamda": 0.053415136864853476}, "datetime": {"datetime": "2021-09-19 23:03:13", "elapsed": 832.604644, "delta": 15.793753}}
{"target": -5.252346754715934, "params": {"C": 116.2947929754524, "epsilon": 1.342994603124981, "gamma": 0.02625865898371832, "lamda": 0.12675771833562297}, "datetime": {"datetime": "2021-09-19 23:03:27", "elapsed": 846.179486, "delta": 13.574842}}
{"target": -2.5315069698497106, "params": {"C": 260.59264747474754, "epsilon": 2.1207214387485176, "gamma": 0.15441121930977525, "lamda": 0.06849148151458412}, "datetime": {"datetime": "2021-09-19 23:03:43", "elapsed": 862.666678, "delta": 16.487192}}
{"target": 0.8746038369874511, "params": {"C": 269.17029660553555, "epsilon": 1.3434294474983834, "gamma": 0.16568192473040216, "lamda": 0.12529960522870012}, "datetime": {"datetime": "2021-09-19 23:03:43", "elapsed": 863.061682, "delta": 0.395004}}
{"target": 0.8453058095065631, "params": {"C": 128.684609734049, "epsilon": 0.3273220095793491, "gamma": 0.008574865368036422, "lamda": 0.013345932802873654}, "datetime": {"datetime": "2021-09-19 23:03:44", "elapsed": 863.45468, "delta": 0.392998}}
{"target": -2.0611376117993494, "params": {"C": 191.71676274168635, "epsilon": 0.4286915760260124, "gamma": 0.010417753025490641, "lamda": 0.1509725414166121}, "datetime": {"datetime": "2021-09-19 23:03:54", "elapsed": 873.123834, "delta": 9.669154}}
{"target": -4.4769753992602315, "params": {"C": 178.9700960921279, "epsilon": 2.266121637261823, "gamma": 0.09321894121555806, "lamda": 0.09001789931340523}, "datetime": {"datetime": "2021-09-19 23:04:02", "elapsed": 881.465263, "delta": 8.341429}}
{"target": 0.8786214005826861, "params": {"C": 195.6145013435662, "epsilon": 1.4746113870303628, "gamma": 0.1616168517122631, "lamda": 0.08047910157902731}, "datetime": {"datetime": "2021-09-19 23:04:02", "elapsed": 881.857264, "delta": 0.392001}}
{"target": 0.8770533749854373, "params": {"C": 280.9372320687246, "epsilon": 0.207477039066704, "gamma": 0.15590549683048166, "lamda": 0.02512915058616663}, "datetime": {"datetime": "2021-09-19 23:04:03", "elapsed": 882.237266, "delta": 0.380002}}
{"target": 0.8976003142379394, "params": {"C": 223.7027133824171, "epsilon": 0.13005635787217262, "gamma": 0.11003232010238767, "lamda": 0.000604588305962653}, "datetime": {"datetime": "2021-09-19 23:04:03", "elapsed": 882.583607, "delta": 0.346341}}
{"target": -2.476933659823293, "params": {"C": 290.2387570980409, "epsilon": 2.7256658977380566, "gamma": 0.16021355367874254, "lamda": 0.1830549487086376}, "datetime": {"datetime": "2021-09-19 23:04:21", "elapsed": 900.235339, "delta": 17.651732}}
{"target": -5.646127295735855, "params": {"C": 129.1116462316794, "epsilon": 0.5574172026245465, "gamma": 0.041588176215974625, "lamda": 0.12449955796408194}, "datetime": {"datetime": "2021-09-19 23:04:30", "elapsed": 909.404117, "delta": 9.168778}}
{"target": -2.79122681206915, "params": {"C": 281.1618992016604, "epsilon": 2.9708700172413134, "gamma": 0.14366887945933413, "lamda": 0.14636035002804992}, "datetime": {"datetime": "2021-09-19 23:04:39", "elapsed": 919.08412, "delta": 9.680003}}
{"target": -5.518096036243092, "params": {"C": 281.85864090885093, "epsilon": 1.2625338238762507, "gamma": 0.05372088264388217, "lamda": 0.034686860727253785}, "datetime": {"datetime": "2021-09-19 23:04:51", "elapsed": 930.487117, "delta": 11.402997}}
{"target": -5.892535298226145, "params": {"C": 123.8914100667458, "epsilon": 2.4565707052952033, "gamma": 0.03362451281636242, "lamda": 0.05286023224789741}, "datetime": {"datetime": "2021-09-19 23:05:04", "elapsed": 943.415119, "delta": 12.928002}}
{"target": 0.866414596707313, "params": {"C": 263.81783572670616, "epsilon": 1.000703030203209, "gamma": 0.19657140261212386, "lamda": 0.05332847379162489}, "datetime": {"datetime": "2021-09-19 23:05:04", "elapsed": 943.774117, "delta": 0.358998}}
{"target": 0.8731756612733813, "params": {"C": 206.73066899424228, "epsilon": 1.011954332438964, "gamma": 0.1826007020788983, "lamda": 0.07331196221360305}, "datetime": {"datetime": "2021-09-19 23:05:05", "elapsed": 944.140118, "delta": 0.366001}}
{"target": 0.8725663422220505, "params": {"C": 186.7184654546329, "epsilon": 1.5856488076072481, "gamma": 0.1880828630870941, "lamda": 0.006190770305223872}, "datetime": {"datetime": "2021-09-19 23:05:05", "elapsed": 944.475117, "delta": 0.334999}}
{"target": -2.370462220551592, "params": {"C": 243.37573272633784, "epsilon": 2.6839549674477827, "gamma": 0.01032100858590642, "lamda": 0.1044107273992549}, "datetime": {"datetime": "2021-09-19 23:05:20", "elapsed": 959.561116, "delta": 15.085999}}
{"target": -3.4598821985618198, "params": {"C": 165.19796235400506, "epsilon": 2.592519030510199, "gamma": 0.11391072742989099, "lamda": 0.1380458834046814}, "datetime": {"datetime": "2021-09-19 23:05:28", "elapsed": 967.915117, "delta": 8.354001}}
{"target": 0.8955648332821995, "params": {"C": 190.5706999903075, "epsilon": 1.9220962088119358, "gamma": 0.061568886079048035, "lamda": 0.0018707062447251897}, "datetime": {"datetime": "2021-09-19 23:05:29", "elapsed": 968.322119, "delta": 0.407002}}
{"target": -3.0264052534720314, "params": {"C": 215.35118699741815, "epsilon": 1.003188220984142, "gamma": 0.10586718170772032, "lamda": 0.1832812542049265}, "datetime": {"datetime": "2021-09-19 23:05:38", "elapsed": 977.235117, "delta": 8.912998}}
{"target": -4.121321303936129, "params": {"C": 185.2949577002792, "epsilon": 0.8174485061469177, "gamma": 0.07740228344941562, "lamda": 0.1863722914661915}, "datetime": {"datetime": "2021-09-19 23:05:47", "elapsed": 986.440116, "delta": 9.204999}}
{"target": 0.8677186819621183, "params": {"C": 287.37367626181873, "epsilon": 2.5485568508405683, "gamma": 0.1844402702896038, "lamda": 0.04558083008997344}, "datetime": {"datetime": "2021-09-19 23:05:47", "elapsed": 986.802117, "delta": 0.362001}}
{"target": -4.827013119399122, "params": {"C": 117.49644191071818, "epsilon": 0.7591982352255974, "gamma": 0.06630344014223984, "lamda": 0.03495400050538596}, "datetime": {"datetime": "2021-09-19 23:05:54", "elapsed": 993.250119, "delta": 6.448002}}
{"target": 0.8774061680216904, "params": {"C": 221.41883239449209, "epsilon": 1.2994006035033678, "gamma": 0.16418854480630676, "lamda": 0.03702689452340786}, "datetime": {"datetime": "2021-09-19 23:05:54", "elapsed": 993.61412, "delta": 0.364001}}
{"target": -2.698487570978575, "params": {"C": 240.37530595126208, "epsilon": 0.7970313120625027, "gamma": 0.11697272232396765, "lamda": 0.06979817045656056}, "datetime": {"datetime": "2021-09-19 23:06:02", "elapsed": 1002.054159, "delta": 8.440039}}
{"target": 0.8927918387765745, "params": {"C": 111.39287989656654, "epsilon": 0.76355964578509, "gamma": 0.13449999829418474, "lamda": 0.0994505214220129}, "datetime": {"datetime": "2021-09-19 23:06:03", "elapsed": 1002.43412, "delta": 0.379961}}
{"target": -2.9851782617360305, "params": {"C": 203.80319681473577, "epsilon": 0.6066884353158752, "gamma": 0.11628959105152, "lamda": 0.1993506882882168}, "datetime": {"datetime": "2021-09-19 23:06:12", "elapsed": 1011.236117, "delta": 8.801997}}
{"target": -2.1357366805642806, "params": {"C": 263.36702175832437, "epsilon": 1.8236806091098356, "gamma": 0.19531786832452647, "lamda": 0.1803126153712796}, "datetime": {"datetime": "2021-09-19 23:06:25", "elapsed": 1024.912237, "delta": 13.67612}}
{"target": 0.8469346468174402, "params": {"C": 219.1215867205291, "epsilon": 0.1940363434119256, "gamma": 0.02324753368440875, "lamda": 0.013075277636730234}, "datetime": {"datetime": "2021-09-19 23:06:26", "elapsed": 1025.310238, "delta": 0.398001}}
{"target": 0.8703706386087291, "params": {"C": 190.34662973829506, "epsilon": 1.1887610161867874, "gamma": 0.1951932566827059, "lamda": 0.033597490656629786}, "datetime": {"datetime": "2021-09-19 23:06:26", "elapsed": 1025.666239, "delta": 0.356001}}
