{"target": 0.6753354688648775, "params": {"C": 48.882569516616385, "epsilon": 2.4561707279819416, "gamma": 0.9, "lamda": 0.1}, "datetime": {"datetime": "2021-07-03 15:41:27", "elapsed": 64.55234, "delta": 0.504244}}
{"target": -4.5885088377547385, "params": {"C": 50.017179952738765, "epsilon": 1.0, "gamma": 0.05, "lamda": 0.1}, "datetime": {"datetime": "2021-07-03 15:41:34", "elapsed": 71.702107, "delta": 7.149767}}
{"target": -5.425370264808488, "params": {"C": 47.796276043070094, "epsilon": 2.5296363063450147, "gamma": 0.05, "lamda": 1.0}, "datetime": {"datetime": "2021-07-03 15:41:42", "elapsed": 80.111141, "delta": 8.409034}}
{"target": 0.6749579228017047, "params": {"C": 47.57005459375854, "epsilon": 1.0, "gamma": 0.9, "lamda": 0.1}, "datetime": {"datetime": "2021-07-03 15:41:43", "elapsed": 80.556192, "delta": 0.445051}}
{"target": 0.6887441694155999, "params": {"C": 43.58394103370172, "epsilon": 3.5396986193043856, "gamma": 0.8556552934462118, "lamda": 0.5689230313223576}, "datetime": {"datetime": "2021-07-03 15:41:43", "elapsed": 81.041139, "delta": 0.484947}}
{"target": 0.7329267159114667, "params": {"C": 46.017767630280645, "epsilon": 1.1232514019779278, "gamma": 0.7039492396448076, "lamda": 0.3556194619884995}, "datetime": {"datetime": "2021-07-03 15:41:44", "elapsed": 81.499119, "delta": 0.45798}}
{"target": 0.6756026614047173, "params": {"C": 49.81899636105951, "epsilon": 3.675772816415078, "gamma": 0.9, "lamda": 0.1}, "datetime": {"datetime": "2021-07-03 15:41:44", "elapsed": 81.979117, "delta": 0.479998}}
{"target": 0.6757034374270481, "params": {"C": 50.58448041666415, "epsilon": 5.063211353453824, "gamma": 0.9, "lamda": 0.1}, "datetime": {"datetime": "2021-07-03 15:41:45", "elapsed": 82.578137, "delta": 0.59902}}
{"target": 0.6755017744874173, "params": {"C": 51.44883015973033, "epsilon": 3.85616509149957, "gamma": 0.9, "lamda": 0.1}, "datetime": {"datetime": "2021-07-03 15:41:46", "elapsed": 83.130155, "delta": 0.552018}}
{"target": 0.6755957321572413, "params": {"C": 51.96801330522414, "epsilon": 5.109751013160551, "gamma": 0.9, "lamda": 0.9035255891721212}, "datetime": {"datetime": "2021-07-03 15:41:46", "elapsed": 83.820164, "delta": 0.690009}}
{"target": -1.4360829281217744, "params": {"C": 50.65582068554858, "epsilon": 4.315797999208201, "gamma": 0.22297946999266455, "lamda": 0.8051982557209618}, "datetime": {"datetime": "2021-07-03 15:41:58", "elapsed": 95.245615, "delta": 11.425451}}
{"target": 0.6756300823280332, "params": {"C": 51.55399399705668, "epsilon": 6.257287887227884, "gamma": 0.9, "lamda": 0.1}, "datetime": {"datetime": "2021-07-03 15:41:58", "elapsed": 95.824158, "delta": 0.578543}}
{"target": 0.6754613364250983, "params": {"C": 52.968516297060816, "epsilon": 4.435243979617207, "gamma": 0.9, "lamda": 0.1}, "datetime": {"datetime": "2021-07-03 15:41:59", "elapsed": 96.506151, "delta": 0.681993}}
{"target": 0.6755151035927713, "params": {"C": 53.14009766564113, "epsilon": 6.0197518749651495, "gamma": 0.9, "lamda": 0.14861087559460057}, "datetime": {"datetime": "2021-07-03 15:42:00", "elapsed": 97.211133, "delta": 0.704982}}
{"target": -5.346351611795747, "params": {"C": 53.613645543170854, "epsilon": 5.170079334589054, "gamma": 0.05, "lamda": 1.0}, "datetime": {"datetime": "2021-07-03 15:42:08", "elapsed": 105.882183, "delta": 8.67105}}
{"target": 0.6819316327545033, "params": {"C": 52.73918001744214, "epsilon": 7.549473353779433, "gamma": 0.8763676248121043, "lamda": 0.12287005974053697}, "datetime": {"datetime": "2021-07-03 15:42:09", "elapsed": 106.649193, "delta": 0.76701}}
{"target": 0.6752435751546794, "params": {"C": 52.6766191415178, "epsilon": 3.0451170413288935, "gamma": 0.9, "lamda": 0.1}, "datetime": {"datetime": "2021-07-03 15:42:10", "elapsed": 107.288161, "delta": 0.638968}}
{"target": 0.6904553829376614, "params": {"C": 51.55401348264732, "epsilon": 7.730146772386805, "gamma": 0.8436876568755007, "lamda": 0.9899814112144311}, "datetime": {"datetime": "2021-07-03 15:42:10", "elapsed": 107.771185, "delta": 0.483024}}
{"target": 0.7850813985156712, "params": {"C": 50.297443313542416, "epsilon": 6.945287424490152, "gamma": 0.52235510758588, "lamda": 0.6140769268771742}, "datetime": {"datetime": "2021-07-03 15:42:11", "elapsed": 108.515164, "delta": 0.743979}}
{"target": 0.6758248076479851, "params": {"C": 49.27667696234278, "epsilon": 5.976524169907285, "gamma": 0.9, "lamda": 0.1}, "datetime": {"datetime": "2021-07-03 15:42:12", "elapsed": 109.314199, "delta": 0.799035}}
{"target": 0.6754241106604348, "params": {"C": 50.43257197865022, "epsilon": 8.34760048753046, "gamma": 0.9, "lamda": 0.1}, "datetime": {"datetime": "2021-07-03 15:42:12", "elapsed": 109.949204, "delta": 0.635005}}
{"target": -5.789483993465719, "params": {"C": 51.76087039533606, "epsilon": 8.678848845233228, "gamma": 0.05, "lamda": 0.1}, "datetime": {"datetime": "2021-07-03 15:42:20", "elapsed": 117.45129, "delta": 7.502086}}
{"target": 0.6757180723578553, "params": {"C": 49.19221506134261, "epsilon": 7.967120570086861, "gamma": 0.8997963057212116, "lamda": 0.2454671574940014}, "datetime": {"datetime": "2021-07-03 15:42:20", "elapsed": 117.938181, "delta": 0.486891}}
{"target": -2.427600536948615, "params": {"C": 48.902808349975416, "epsilon": 6.898892374282906, "gamma": 0.2218152434959015, "lamda": 1.0}, "datetime": {"datetime": "2021-07-03 15:42:31", "elapsed": 128.461234, "delta": 10.523053}}
{"target": 0.7011882026803229, "params": {"C": 52.43941759927324, "epsilon": 6.7145906314005765, "gamma": 0.8070514461458355, "lamda": 0.9562597341288118}, "datetime": {"datetime": "2021-07-03 15:42:31", "elapsed": 129.073234, "delta": 0.612}}
{"target": 0.6753621221143143, "params": {"C": 49.31030956048884, "epsilon": 9.285518311742607, "gamma": 0.9, "lamda": 0.1}, "datetime": {"datetime": "2021-07-03 15:42:32", "elapsed": 129.678213, "delta": 0.604979}}
{"target": 0.6754034648051626, "params": {"C": 49.85403460648073, "epsilon": 8.615658534285126, "gamma": 0.9, "lamda": 1.0}, "datetime": {"datetime": "2021-07-03 15:42:33", "elapsed": 130.252209, "delta": 0.573996}}
{"target": 0.6757713119880977, "params": {"C": 48.831031327029365, "epsilon": 4.6610440724718964, "gamma": 0.9, "lamda": 0.1}, "datetime": {"datetime": "2021-07-03 15:42:33", "elapsed": 130.865202, "delta": 0.612993}}
{"target": 0.6756251588042799, "params": {"C": 47.727358716794086, "epsilon": 9.140128978626727, "gamma": 0.9, "lamda": 0.1}, "datetime": {"datetime": "2021-07-03 15:42:34", "elapsed": 131.426194, "delta": 0.560992}}
{"target": -4.452742430849146, "params": {"C": 48.27412192462675, "epsilon": 9.973315112808596, "gamma": 0.13906721566911634, "lamda": 0.5649804319312167}, "datetime": {"datetime": "2021-07-03 15:42:43", "elapsed": 140.620218, "delta": 9.194024}}
{"target": 0.6758600222741811, "params": {"C": 46.986805817893234, "epsilon": 8.153105936929414, "gamma": 0.9, "lamda": 0.1}, "datetime": {"datetime": "2021-07-03 15:42:44", "elapsed": 141.230216, "delta": 0.609998}}
{"target": 0.6756906457206595, "params": {"C": 50.880219054416635, "epsilon": 6.096273614781501, "gamma": 0.9, "lamda": 1.0}, "datetime": {"datetime": "2021-07-03 15:42:44", "elapsed": 141.828225, "delta": 0.598009}}
{"target": 0.6757165152618831, "params": {"C": 46.127307319651656, "epsilon": 9.26825245500941, "gamma": 0.9, "lamda": 0.1}, "datetime": {"datetime": "2021-07-03 15:42:45", "elapsed": 142.451225, "delta": 0.623}}
{"target": 0.6753355976442887, "params": {"C": 54.06954436764342, "epsilon": 7.294827513085902, "gamma": 0.9, "lamda": 0.1}, "datetime": {"datetime": "2021-07-03 15:42:45", "elapsed": 143.030263, "delta": 0.579038}}
{"target": -5.664103244890144, "params": {"C": 42.05083486774604, "epsilon": 4.802113487886156, "gamma": 0.05, "lamda": 1.0}, "datetime": {"datetime": "2021-07-03 15:42:54", "elapsed": 152.043222, "delta": 9.012959}}
{"target": 0.8009590536716097, "params": {"C": 34.77056887429504, "epsilon": 5.305928056201958, "gamma": 0.4806876966430507, "lamda": 0.20902455714650914}, "datetime": {"datetime": "2021-07-03 15:42:55", "elapsed": 152.431253, "delta": 0.388031}}
{"target": 0.6877368112647095, "params": {"C": 31.030845797617587, "epsilon": 2.487476657545167, "gamma": 0.8603047708143473, "lamda": 0.18818714609794446}, "datetime": {"datetime": "2021-07-03 15:42:56", "elapsed": 153.211228, "delta": 0.779975}}
{"target": -5.777149727237009, "params": {"C": 31.24182190707797, "epsilon": 2.8826649588924522, "gamma": 0.05, "lamda": 0.43130670775244795}, "datetime": {"datetime": "2021-07-03 15:43:05", "elapsed": 162.556245, "delta": 9.345017}}
{"target": 0.6754293678979477, "params": {"C": 49.68605318498329, "epsilon": 8.565164422502058, "gamma": 0.9, "lamda": 0.28575189963586134}, "datetime": {"datetime": "2021-07-03 15:43:05", "elapsed": 163.06924, "delta": 0.512995}}
{"target": 0.6765578922316791, "params": {"C": 30.330593122063707, "epsilon": 3.036773752629683, "gamma": 0.9, "lamda": 0.3842904750237985}, "datetime": {"datetime": "2021-07-03 15:43:06", "elapsed": 163.906249, "delta": 0.837009}}
{"target": 0.6755322023623751, "params": {"C": 52.48121010447419, "epsilon": 6.64890935053414, "gamma": 0.9, "lamda": 0.13659640201682635}, "datetime": {"datetime": "2021-07-03 15:43:07", "elapsed": 164.617255, "delta": 0.711006}}
{"target": 0.7506763566847303, "params": {"C": 53.979459761797, "epsilon": 3.448202184346826, "gamma": 0.6438433879402418, "lamda": 0.4995129372251349}, "datetime": {"datetime": "2021-07-03 15:43:07", "elapsed": 165.090297, "delta": 0.473042}}
{"target": 0.7719229669644062, "params": {"C": 51.55804937180821, "epsilon": 6.667108824854347, "gamma": 0.5688463096990495, "lamda": 0.893977644712919}, "datetime": {"datetime": "2021-07-03 15:43:08", "elapsed": 165.883251, "delta": 0.792954}}
{"target": 0.6755480549460664, "params": {"C": 50.43871990509747, "epsilon": 7.746032833273184, "gamma": 0.9, "lamda": 0.8145196760287797}, "datetime": {"datetime": "2021-07-03 15:43:09", "elapsed": 166.72026, "delta": 0.837009}}
{"target": 0.696836624504932, "params": {"C": 51.43526149816853, "epsilon": 3.8521346513019945, "gamma": 0.825599997337551, "lamda": 0.12135970525682428}, "datetime": {"datetime": "2021-07-03 15:43:09", "elapsed": 167.076243, "delta": 0.355983}}
{"target": 0.7286567618083886, "params": {"C": 53.99052529552244, "epsilon": 4.452609892206157, "gamma": 0.7160623436861793, "lamda": 0.7427180112479325}, "datetime": {"datetime": "2021-07-03 15:43:10", "elapsed": 167.465239, "delta": 0.388996}}
{"target": 0.7002538975891817, "params": {"C": 51.071759344160824, "epsilon": 7.0419337097281645, "gamma": 0.8099393343320133, "lamda": 0.1446763739805977}, "datetime": {"datetime": "2021-07-03 15:43:10", "elapsed": 167.990255, "delta": 0.525016}}
{"target": 0.7223734652790388, "params": {"C": 50.32994132710472, "epsilon": 6.078305993246472, "gamma": 0.7364345720004324, "lamda": 0.127639338207009}, "datetime": {"datetime": "2021-07-03 15:43:11", "elapsed": 168.566244, "delta": 0.575989}}
{"target": 0.7153542766499621, "params": {"C": 47.09739039407675, "epsilon": 1.313476267066234, "gamma": 0.7627380156880791, "lamda": 0.5863063146833866}, "datetime": {"datetime": "2021-07-03 15:43:11", "elapsed": 168.939246, "delta": 0.373002}}
{"target": 0.6770706628175073, "params": {"C": 53.06385001902672, "epsilon": 3.6692763845197547, "gamma": 0.8938991214893861, "lamda": 0.8732199814874552}, "datetime": {"datetime": "2021-07-03 15:43:12", "elapsed": 169.781288, "delta": 0.842042}}
{"target": 0.6753006458042514, "params": {"C": 54.53942305654692, "epsilon": 4.1562319372195, "gamma": 0.9, "lamda": 0.1}, "datetime": {"datetime": "2021-07-03 15:43:13", "elapsed": 170.681266, "delta": 0.899978}}
{"target": 0.6762110630404939, "params": {"C": 31.408739874411857, "epsilon": 1.767240106243959, "gamma": 0.9, "lamda": 1.0}, "datetime": {"datetime": "2021-07-03 15:43:14", "elapsed": 171.775858, "delta": 1.094592}}
{"target": 0.8703673471824547, "params": {"C": 43.86227279325205, "epsilon": 4.1579834769944295, "gamma": 0.2058451936236271, "lamda": 0.1}, "datetime": {"datetime": "2021-07-03 15:43:15", "elapsed": 172.717373, "delta": 0.941515}}
{"target": 0.7151946282211175, "params": {"C": 32.18322061123503, "epsilon": 1.3121515722501957, "gamma": 0.7645856144356246, "lamda": 0.10419776653469774}, "datetime": {"datetime": "2021-07-03 15:43:16", "elapsed": 173.436805, "delta": 0.719432}}
{"target": -1.4570371151375028, "params": {"C": 44.20341349006556, "epsilon": 3.882436296719978, "gamma": 0.17290262554435937, "lamda": 1.0}, "datetime": {"datetime": "2021-07-03 15:43:22", "elapsed": 179.495267, "delta": 6.058462}}
{"target": 0.6762855413538948, "params": {"C": 43.022282883211744, "epsilon": 5.609967594579071, "gamma": 0.9, "lamda": 0.1}, "datetime": {"datetime": "2021-07-03 15:43:23", "elapsed": 180.687279, "delta": 1.192012}}
{"target": 0.7069799800699197, "params": {"C": 43.19018523194232, "epsilon": 4.5162154292049195, "gamma": 0.7924139182424714, "lamda": 0.13692268568327776}, "datetime": {"datetime": "2021-07-03 15:43:24", "elapsed": 181.536279, "delta": 0.849}}
{"target": 0.6763004048535874, "params": {"C": 32.462031129394944, "epsilon": 2.1573237425603313, "gamma": 0.9, "lamda": 0.7337349914136538}, "datetime": {"datetime": "2021-07-03 15:43:25", "elapsed": 182.502544, "delta": 0.966265}}
{"target": 0.6752279669969643, "params": {"C": 54.830198417279014, "epsilon": 3.8325069751155656, "gamma": 0.9, "lamda": 1.0}, "datetime": {"datetime": "2021-07-03 15:43:26", "elapsed": 183.26726, "delta": 0.764716}}
{"target": 0.7911064516582555, "params": {"C": 30.09610059102251, "epsilon": 3.9958882914817524, "gamma": 0.5194211292518457, "lamda": 0.11483076912388072}, "datetime": {"datetime": "2021-07-03 15:43:26", "elapsed": 183.859813, "delta": 0.592553}}
{"target": 0.6753571824224613, "params": {"C": 53.424827702937066, "epsilon": 7.492736123640647, "gamma": 0.9, "lamda": 1.0}, "datetime": {"datetime": "2021-07-03 15:43:27", "elapsed": 184.783557, "delta": 0.923744}}
{"target": 0.6764847234554904, "params": {"C": 41.68554565206079, "epsilon": 6.150515045825523, "gamma": 0.8996734609149735, "lamda": 0.15033309342889595}, "datetime": {"datetime": "2021-07-03 15:43:28", "elapsed": 185.683297, "delta": 0.89974}}
{"target": 0.832351764673816, "params": {"C": 46.064988216368334, "epsilon": 8.288886792396745, "gamma": 0.35227953085229435, "lamda": 0.7488009500425672}, "datetime": {"datetime": "2021-07-03 15:43:29", "elapsed": 186.489259, "delta": 0.805962}}
{"target": 0.7189958184955014, "params": {"C": 45.03622571290161, "epsilon": 8.580502483594659, "gamma": 0.7443056801907972, "lamda": 0.3129204743955102}, "datetime": {"datetime": "2021-07-03 15:43:29", "elapsed": 186.993291, "delta": 0.504032}}
{"target": 0.7307139325319388, "params": {"C": 45.95546864798291, "epsilon": 7.355568648798633, "gamma": 0.7089196586816643, "lamda": 0.14963399963869456}, "datetime": {"datetime": "2021-07-03 15:43:30", "elapsed": 187.83529, "delta": 0.841999}}
{"target": -6.558794223713856, "params": {"C": 45.57244682594914, "epsilon": 9.47407457389564, "gamma": 0.07396828224050765, "lamda": 0.8004091843738684}, "datetime": {"datetime": "2021-07-03 15:43:40", "elapsed": 197.713296, "delta": 9.878006}}
{"target": 0.6947786631620096, "params": {"C": 45.07053877056053, "epsilon": 7.520511090981474, "gamma": 0.8298707467087318, "lamda": 0.6329195908535398}, "datetime": {"datetime": "2021-07-03 15:43:41", "elapsed": 198.334306, "delta": 0.62101}}
{"target": 0.6759666679857759, "params": {"C": 46.44650806299184, "epsilon": 7.628012732939555, "gamma": 0.9, "lamda": 1.0}, "datetime": {"datetime": "2021-07-03 15:43:41", "elapsed": 199.018289, "delta": 0.683983}}
{"target": 0.6752986350074403, "params": {"C": 51.861815748591965, "epsilon": 3.004495067591712, "gamma": 0.9, "lamda": 1.0}, "datetime": {"datetime": "2021-07-03 15:43:42", "elapsed": 199.773342, "delta": 0.755053}}
{"target": -1.310599246952791, "params": {"C": 52.946394625001034, "epsilon": 2.465185896946666, "gamma": 0.2471203612727117, "lamda": 1.0}, "datetime": {"datetime": "2021-07-03 15:43:49", "elapsed": 206.773334, "delta": 6.999992}}
{"target": 0.6878993311240602, "params": {"C": 45.79290515031, "epsilon": 8.25441866170377, "gamma": 0.8553515567593946, "lamda": 0.12519079205402883}, "datetime": {"datetime": "2021-07-03 15:43:50", "elapsed": 207.652344, "delta": 0.87901}}
{"target": 0.6766901628012334, "params": {"C": 35.61866240409423, "epsilon": 6.052843122800425, "gamma": 0.9, "lamda": 0.1}, "datetime": {"datetime": "2021-07-03 15:43:53", "elapsed": 210.272317, "delta": 2.619973}}
{"target": -5.255748893569965, "params": {"C": 35.89575445715827, "epsilon": 5.149991916542545, "gamma": 0.05, "lamda": 0.21416979364776534}, "datetime": {"datetime": "2021-07-03 15:44:01", "elapsed": 218.204362, "delta": 7.932045}}
{"target": 0.6766992463922545, "params": {"C": 34.48524568841592, "epsilon": 6.19340236348074, "gamma": 0.9, "lamda": 0.1}, "datetime": {"datetime": "2021-07-03 15:44:01", "elapsed": 218.833348, "delta": 0.628986}}
{"target": 0.6972961426893399, "params": {"C": 33.73960089586845, "epsilon": 5.12953212314435, "gamma": 0.8263974767287433, "lamda": 0.1458433000582902}, "datetime": {"datetime": "2021-07-03 15:44:02", "elapsed": 219.509327, "delta": 0.675979}}
{"target": 0.6767243850647642, "params": {"C": 34.36295802405603, "epsilon": 5.5371151186966285, "gamma": 0.9, "lamda": 1.0}, "datetime": {"datetime": "2021-07-03 15:44:03", "elapsed": 220.18847, "delta": 0.679143}}
{"target": 0.6766674274173403, "params": {"C": 35.29155754885369, "epsilon": 6.943058721013881, "gamma": 0.9, "lamda": 0.7711204241002942}, "datetime": {"datetime": "2021-07-03 15:44:03", "elapsed": 221.103348, "delta": 0.914878}}
{"target": -6.502291402004815, "params": {"C": 34.30395472107967, "epsilon": 6.430879781549693, "gamma": 0.05, "lamda": 0.8861080340689007}, "datetime": {"datetime": "2021-07-03 15:44:10", "elapsed": 227.170363, "delta": 6.067015}}
{"target": 0.676626217895554, "params": {"C": 36.078880611947284, "epsilon": 7.206364202368425, "gamma": 0.9, "lamda": 0.1}, "datetime": {"datetime": "2021-07-03 15:44:10", "elapsed": 227.824356, "delta": 0.653993}}
{"target": 0.6766817347906402, "params": {"C": 34.394543600483075, "epsilon": 4.5052160913917145, "gamma": 0.9, "lamda": 0.7269469922954941}, "datetime": {"datetime": "2021-07-03 15:44:11", "elapsed": 228.634352, "delta": 0.809996}}
{"target": 0.6755813690618248, "params": {"C": 45.74917334746613, "epsilon": 2.457840775422021, "gamma": 0.9, "lamda": 0.1}, "datetime": {"datetime": "2021-07-03 15:44:12", "elapsed": 229.30715, "delta": 0.672798}}
{"target": -5.678755115132645, "params": {"C": 45.98928613033114, "epsilon": 7.168112061215573, "gamma": 0.0761332830947201, "lamda": 0.8282343524455325}, "datetime": {"datetime": "2021-07-03 15:44:23", "elapsed": 241.058371, "delta": 11.751221}}
{"target": 0.753937255440664, "params": {"C": 53.93916099788835, "epsilon": 3.4715973962050812, "gamma": 0.6329817567105595, "lamda": 0.42308494334369806}, "datetime": {"datetime": "2021-07-03 15:44:24", "elapsed": 241.538382, "delta": 0.480011}}
{"target": 0.7916063133334752, "params": {"C": 46.96664505898315, "epsilon": 8.528090529731646, "gamma": 0.4972428170454598, "lamda": 0.9909031737796539}, "datetime": {"datetime": "2021-07-03 15:44:25", "elapsed": 242.413369, "delta": 0.874987}}
{"target": 0.6760856266899679, "params": {"C": 44.36829058196516, "epsilon": 7.925985449122455, "gamma": 0.9, "lamda": 0.1}, "datetime": {"datetime": "2021-07-03 15:44:25", "elapsed": 243.118383, "delta": 0.705014}}
{"target": 0.8792349300503356, "params": {"C": 49.53543735463212, "epsilon": 5.187891469694012, "gamma": 0.15847920904711177, "lamda": 0.1}, "datetime": {"datetime": "2021-07-03 15:44:26", "elapsed": 243.937396, "delta": 0.819013}}
{"target": 0.6945541484969188, "params": {"C": 49.495304331401485, "epsilon": 5.176671305743331, "gamma": 0.833296990509037, "lamda": 0.7747559904475181}, "datetime": {"datetime": "2021-07-03 15:44:27", "elapsed": 244.800399, "delta": 0.863003}}
{"target": 0.6765432379786409, "params": {"C": 35.9148108497466, "epsilon": 7.966891042966911, "gamma": 0.9, "lamda": 1.0}, "datetime": {"datetime": "2021-07-03 15:44:28", "elapsed": 245.5699, "delta": 0.769501}}
{"target": 0.6766422786609552, "params": {"C": 36.4344249746356, "epsilon": 6.848180672792336, "gamma": 0.9, "lamda": 1.0}, "datetime": {"datetime": "2021-07-03 15:44:29", "elapsed": 246.652406, "delta": 1.082506}}
{"target": 0.676524042706362, "params": {"C": 37.1214597193847, "epsilon": 7.875431075042099, "gamma": 0.9, "lamda": 0.6471268505751573}, "datetime": {"datetime": "2021-07-03 15:44:30", "elapsed": 247.514397, "delta": 0.861991}}
{"target": 0.6764112178846438, "params": {"C": 36.35716458256448, "epsilon": 8.684420824953644, "gamma": 0.9, "lamda": 0.1}, "datetime": {"datetime": "2021-07-03 15:44:31", "elapsed": 248.347372, "delta": 0.832975}}
{"target": -6.1939622481628875, "params": {"C": 36.641071488140334, "epsilon": 8.522681888972395, "gamma": 0.05, "lamda": 0.9233790230765384}, "datetime": {"datetime": "2021-07-03 15:44:36", "elapsed": 253.726398, "delta": 5.379026}}
{"target": -1.7264630626644233, "params": {"C": 52.34300724884195, "epsilon": 3.788653514303111, "gamma": 0.18443863019262363, "lamda": 0.1}, "datetime": {"datetime": "2021-07-03 15:44:44", "elapsed": 261.893458, "delta": 8.16706}}
{"target": 0.6835024338644302, "params": {"C": 35.402963853224726, "epsilon": 8.00452481160217, "gamma": 0.8740028310322331, "lamda": 0.16660843919280605}, "datetime": {"datetime": "2021-07-03 15:44:45", "elapsed": 262.599421, "delta": 0.705963}}
{"target": 0.708730456624028, "params": {"C": 37.375520010968245, "epsilon": 6.798066514715093, "gamma": 0.7843636829799369, "lamda": 0.3825244008134905}, "datetime": {"datetime": "2021-07-03 15:44:46", "elapsed": 263.458387, "delta": 0.858966}}
