{"target": -1.9327430701486157, "params": {"C": 46.19812818864405, "epsilon": 6.414957123195556, "gamma": 0.17733668444516726, "lamda": 0.36261068427031484}, "datetime": {"datetime": "2021-09-19 13:26:24", "elapsed": 2330.385386, "delta": 14.154154}}
{"target": 0.8756370599749129, "params": {"C": 31.37530260108793, "epsilon": 6.83032708024339, "gamma": 0.15938331611924744, "lamda": 0.2889080880552942}, "datetime": {"datetime": "2021-09-19 13:26:25", "elapsed": 2331.760388, "delta": 1.375002}}
{"target": 0.8790206233245503, "params": {"C": 29.47622761376046, "epsilon": 7.114942773427069, "gamma": 0.1496399842769307, "lamda": 0.275116724331295}, "datetime": {"datetime": "2021-09-19 13:26:27", "elapsed": 2333.515244, "delta": 1.754856}}
{"target": -3.364379326500214, "params": {"C": 20.331354710152326, "epsilon": 3.487121585032422, "gamma": 0.14785317351541488, "lamda": 1.095448817876742}, "datetime": {"datetime": "2021-09-19 13:26:42", "elapsed": 2348.289355, "delta": 14.774111}}
{"target": -4.879421238697391, "params": {"C": 29.63139518968987, "epsilon": 9.032438125565056, "gamma": 0.12171837076168202, "lamda": 0.8610516494016687}, "datetime": {"datetime": "2021-09-19 13:26:56", "elapsed": 2362.5524, "delta": 14.263045}}
{"target": -6.321854311353388, "params": {"C": 29.793577205982977, "epsilon": 11.130391874435928, "gamma": 0.08664890362795966, "lamda": 0.6985768455005975}, "datetime": {"datetime": "2021-09-19 13:27:11", "elapsed": 2377.281621, "delta": 14.729221}}
{"target": 0.8709326775285469, "params": {"C": 31.314875323943415, "epsilon": 7.050817377248652, "gamma": 0.18261927297431296, "lamda": 0.22908873436402946}, "datetime": {"datetime": "2021-09-19 13:27:12", "elapsed": 2378.880905, "delta": 1.599284}}
{"target": 0.88720295792329, "params": {"C": 29.450778307890637, "epsilon": 6.97557040184627, "gamma": 0.11153114540353012, "lamda": 0.19045914495877012}, "datetime": {"datetime": "2021-09-19 13:27:14", "elapsed": 2380.598044, "delta": 1.717139}}
{"target": 0.8829540532648588, "params": {"C": 23.165534423124306, "epsilon": 4.6010840746226185, "gamma": 0.1066348802659839, "lamda": 0.8272402950144839}, "datetime": {"datetime": "2021-09-19 13:27:16", "elapsed": 2382.082378, "delta": 1.484334}}
{"target": 0.8858980145737545, "params": {"C": 52.366803429516544, "epsilon": 1.4939910886258208, "gamma": 0.1324197621883152, "lamda": 0.054744719609011804}, "datetime": {"datetime": "2021-09-19 13:27:17", "elapsed": 2383.65457, "delta": 1.572192}}
{"target": -5.836108639262341, "params": {"C": 63.436694368097115, "epsilon": 11.953866115129244, "gamma": 0.11152070597317784, "lamda": 0.5311915509163803}, "datetime": {"datetime": "2021-09-19 13:27:31", "elapsed": 2397.990704, "delta": 14.336134}}
{"target": -4.088353357655678, "params": {"C": 50.64033774028907, "epsilon": 6.102609445029327, "gamma": 0.11686941508828906, "lamda": 1.182779904684766}, "datetime": {"datetime": "2021-09-19 13:27:46", "elapsed": 2412.287707, "delta": 14.297003}}
{"target": 0.8748415858770927, "params": {"C": 20.63274388755312, "epsilon": 4.5072742615497425, "gamma": 0.14890171458776524, "lamda": 1.3145011227170302}, "datetime": {"datetime": "2021-09-19 13:27:48", "elapsed": 2414.303708, "delta": 2.016001}}
{"target": 0.8699903491597566, "params": {"C": 31.26016796221119, "epsilon": 6.810279075761379, "gamma": 0.19168674400480895, "lamda": 0.2083206485681171}, "datetime": {"datetime": "2021-09-19 13:27:49", "elapsed": 2415.850704, "delta": 1.546996}}
{"target": -1.521616708315427, "params": {"C": 23.827582964189894, "epsilon": 1.1844105551105653, "gamma": 0.19191274220618504, "lamda": 0.8159371842350727}, "datetime": {"datetime": "2021-09-19 13:27:58", "elapsed": 2424.854061, "delta": 9.003357}}
{"target": 0.8697857463681441, "params": {"C": 31.44527038723112, "epsilon": 7.055068695770346, "gamma": 0.1927486339097213, "lamda": 0.3064139570808398}, "datetime": {"datetime": "2021-09-19 13:28:00", "elapsed": 2426.537061, "delta": 1.683}}
{"target": 0.8738014542164061, "params": {"C": 45.862728484952406, "epsilon": 4.427739839466333, "gamma": 0.19136476000530056, "lamda": 0.0068945502492887495}, "datetime": {"datetime": "2021-09-19 13:28:01", "elapsed": 2427.763066, "delta": 1.226005}}
{"target": 0.8830999813767617, "params": {"C": 29.55171630632044, "epsilon": 7.102541794382486, "gamma": 0.1313037651940433, "lamda": 0.2807677305775864}, "datetime": {"datetime": "2021-09-19 13:28:03", "elapsed": 2429.568066, "delta": 1.805}}
{"target": 0.880928023842394, "params": {"C": 45.942194509102826, "epsilon": 4.3919219523462285, "gamma": 0.1475190383253127, "lamda": 0.07629572435018973}, "datetime": {"datetime": "2021-09-19 13:28:05", "elapsed": 2431.323066, "delta": 1.755}}
{"target": -6.019400687969542, "params": {"C": 56.41360449497608, "epsilon": 7.312263577259498, "gamma": 0.05925994435291918, "lamda": 0.10712981328669462}, "datetime": {"datetime": "2021-09-19 13:28:18", "elapsed": 2444.851473, "delta": 13.528407}}
{"target": -3.8431695612681995, "params": {"C": 75.22356224748565, "epsilon": 2.647509092921287, "gamma": 0.10131583471429809, "lamda": 1.227466336921258}, "datetime": {"datetime": "2021-09-19 13:28:26", "elapsed": 2452.821277, "delta": 7.969804}}
{"target": 0.8778180987031858, "params": {"C": 45.92978405506939, "epsilon": 4.504003786223558, "gamma": 0.16619270258174954, "lamda": 0.057148951431179915}, "datetime": {"datetime": "2021-09-19 13:28:28", "elapsed": 2454.559736, "delta": 1.738459}}
{"target": -7.683520860914939, "params": {"C": 70.97334187827553, "epsilon": 13.666453044749655, "gamma": 0.06085922391975253, "lamda": 0.30657269381999314}, "datetime": {"datetime": "2021-09-19 13:28:37", "elapsed": 2463.784309, "delta": 9.224573}}
{"target": -2.737693838112518, "params": {"C": 28.481544438703946, "epsilon": 3.088888776640683, "gamma": 0.12861147474290308, "lamda": 0.8492006137465828}, "datetime": {"datetime": "2021-09-19 13:28:50", "elapsed": 2476.167281, "delta": 12.382972}}
{"target": 0.8882045529180467, "params": {"C": 54.76772814943848, "epsilon": 10.604668618244146, "gamma": 0.10365724948357785, "lamda": 0.009166246895650152}, "datetime": {"datetime": "2021-09-19 13:28:51", "elapsed": 2477.936898, "delta": 1.769617}}
{"target": -5.658213355618694, "params": {"C": 73.86695281013169, "epsilon": 7.927066950047343, "gamma": 0.060254440339567894, "lamda": 0.3217123069442166}, "datetime": {"datetime": "2021-09-19 13:29:06", "elapsed": 2492.998639, "delta": 15.061741}}
{"target": 0.8714926545257646, "params": {"C": 23.169752035163032, "epsilon": 4.819543846367041, "gamma": 0.1743766793038934, "lamda": 0.8681992441563737}, "datetime": {"datetime": "2021-09-19 13:29:08", "elapsed": 2494.774155, "delta": 1.775516}}
{"target": 0.8816069668913747, "params": {"C": 23.167433865190166, "epsilon": 4.694139911078582, "gamma": 0.1268762878788214, "lamda": 0.8701501423040097}, "datetime": {"datetime": "2021-09-19 13:29:10", "elapsed": 2496.461701, "delta": 1.687546}}
{"target": -1.6970598747082244, "params": {"C": 69.24630326610986, "epsilon": 2.6644244961689423, "gamma": 0.1790740435167668, "lamda": 0.2366477536774658}, "datetime": {"datetime": "2021-09-19 13:29:19", "elapsed": 2505.040993, "delta": 8.579292}}
{"target": 0.8807929010708047, "params": {"C": 20.655230526533185, "epsilon": 4.412325282667834, "gamma": 0.10620184238594298, "lamda": 1.4008715176601179}, "datetime": {"datetime": "2021-09-19 13:29:20", "elapsed": 2506.61908, "delta": 1.578087}}
{"target": -2.292132221532554, "params": {"C": 46.73533876094466, "epsilon": 5.830996495965487, "gamma": 0.1265567174054125, "lamda": 1.0078366006535613}, "datetime": {"datetime": "2021-09-19 13:29:29", "elapsed": 2515.51968, "delta": 8.9006}}
{"target": 0.8796873310880577, "params": {"C": 31.0923225987816, "epsilon": 7.214155154232224, "gamma": 0.14825058818512502, "lamda": 0.15764351076594407}, "datetime": {"datetime": "2021-09-19 13:29:31", "elapsed": 2517.351458, "delta": 1.831778}}
{"target": 0.8682196864340126, "params": {"C": 61.43600914782982, "epsilon": 9.644574539673396, "gamma": 0.1957828550998585, "lamda": 0.2856519106634191}, "datetime": {"datetime": "2021-09-19 13:29:32", "elapsed": 2518.462419, "delta": 1.110961}}
{"target": -2.5489224932018697, "params": {"C": 59.92717638628422, "epsilon": 2.731943815199646, "gamma": 0.1418841056100027, "lamda": 0.8778476195379962}, "datetime": {"datetime": "2021-09-19 13:29:44", "elapsed": 2530.076421, "delta": 11.614002}}
{"target": -6.960541968586356, "params": {"C": 40.98864617817023, "epsilon": 13.096790495133193, "gamma": 0.09260244017428443, "lamda": 0.3343540269564464}, "datetime": {"datetime": "2021-09-19 13:29:58", "elapsed": 2544.234358, "delta": 14.157937}}
{"target": -4.32724666598142, "params": {"C": 56.68088018810296, "epsilon": 10.364218414748056, "gamma": 0.050017156222601736, "lamda": 0.45356862569049644}, "datetime": {"datetime": "2021-09-19 13:40:28", "elapsed": 0.0, "delta": 0.0}}
{"target": -5.277203805825398, "params": {"C": 45.87023563268452, "epsilon": 2.200401731994371, "gamma": 0.07793903170665065, "lamda": 0.5184065344918674}, "datetime": {"datetime": "2021-09-19 13:40:39", "elapsed": 10.644838, "delta": 10.644838}}
{"target": -4.901149500584718, "params": {"C": 55.870698969226794, "epsilon": 8.00461754204364, "gamma": 0.11287917716049423, "lamda": 1.0278607286450996}, "datetime": {"datetime": "2021-09-19 13:40:52", "elapsed": 23.743239, "delta": 13.098401}}
{"target": -7.575568246159225, "params": {"C": 48.1780899892607, "epsilon": 12.41552667308229, "gamma": 0.05410813897968893, "lamda": 1.0057342185165854}, "datetime": {"datetime": "2021-09-19 13:41:00", "elapsed": 32.302053, "delta": 8.558814}}
{"target": -5.67067113931367, "params": {"C": 56.69219209468508, "epsilon": 8.262967769794772, "gamma": 0.07105804078928507, "lamda": 0.29723242347840967}, "datetime": {"datetime": "2021-09-19 13:41:09", "elapsed": 40.663435, "delta": 8.361382}}
{"target": -5.212513544852985, "params": {"C": 55.54418167525576, "epsilon": 10.108268050199216, "gamma": 0.10705509986968931, "lamda": 1.4757184461089463}, "datetime": {"datetime": "2021-09-19 13:41:23", "elapsed": 54.858836, "delta": 14.195401}}
{"target": -1.556322874040308, "params": {"C": 57.294776984934906, "epsilon": 11.666228011307428, "gamma": 0.17779182792718196, "lamda": 0.2546484433254395}, "datetime": {"datetime": "2021-09-19 13:41:31", "elapsed": 63.101724, "delta": 8.242888}}
{"target": 0.8683265390344861, "params": {"C": 57.94867486490387, "epsilon": 12.767302662549561, "gamma": 0.2, "lamda": 0.0001}, "datetime": {"datetime": "2021-09-19 13:41:32", "elapsed": 63.643243, "delta": 0.541519}}
{"target": 0.864043895409836, "params": {"C": 60.32841374763236, "epsilon": 14.0, "gamma": 0.2, "lamda": 0.0001}, "datetime": {"datetime": "2021-09-19 13:41:32", "elapsed": 64.158866, "delta": 0.515623}}
{"target": -5.399110190845522, "params": {"C": 58.31407887048116, "epsilon": 13.958147622322304, "gamma": 0.15276276411361328, "lamda": 1.446546082173319}, "datetime": {"datetime": "2021-09-19 13:41:46", "elapsed": 77.753686, "delta": 13.59482}}
{"target": 0.8657996428852665, "params": {"C": 59.68715465716148, "epsilon": 12.313899944412286, "gamma": 0.2, "lamda": 0.0001}, "datetime": {"datetime": "2021-09-19 13:41:47", "elapsed": 78.482566, "delta": 0.72888}}
{"target": 0.8595997989798247, "params": {"C": 62.323618666071134, "epsilon": 13.003717494336183, "gamma": 0.2, "lamda": 0.0001}, "datetime": {"datetime": "2021-09-19 13:41:47", "elapsed": 78.977051, "delta": 0.494485}}
{"target": -7.129644003371336, "params": {"C": 65.20750355750721, "epsilon": 13.67699514086585, "gamma": 0.0891724546138799, "lamda": 0.3335917368371881}, "datetime": {"datetime": "2021-09-19 13:42:01", "elapsed": 92.910648, "delta": 13.933597}}
{"target": 0.8654480394334765, "params": {"C": 61.825820087817306, "epsilon": 10.778245920823975, "gamma": 0.2, "lamda": 0.0001}, "datetime": {"datetime": "2021-09-19 13:42:02", "elapsed": 93.555114, "delta": 0.644466}}
{"target": 0.8676877815707162, "params": {"C": 63.26287132109716, "epsilon": 7.863222514969209, "gamma": 0.2, "lamda": 0.0001}, "datetime": {"datetime": "2021-09-19 13:42:02", "elapsed": 94.195746, "delta": 0.640632}}
{"target": -2.5152289165770245, "params": {"C": 64.44682698976244, "epsilon": 5.503084644015493, "gamma": 0.2, "lamda": 1.5}, "datetime": {"datetime": "2021-09-19 13:42:11", "elapsed": 102.996608, "delta": 8.800862}}
{"target": -3.1778976559888363, "params": {"C": 61.661033363858486, "epsilon": 8.465488454608156, "gamma": 0.2, "lamda": 1.5}, "datetime": {"datetime": "2021-09-19 13:42:25", "elapsed": 116.788574, "delta": 13.791966}}
{"target": -5.105126199093849, "params": {"C": 65.29148657911483, "epsilon": 8.719216295167971, "gamma": 0.05421033547173493, "lamda": 0.21045073717813384}, "datetime": {"datetime": "2021-09-19 13:42:39", "elapsed": 131.199257, "delta": 14.410683}}
{"target": -4.860111536188722, "params": {"C": 61.31527607337359, "epsilon": 12.550763354772778, "gamma": 0.1587634363671483, "lamda": 1.376389091683838}, "datetime": {"datetime": "2021-09-19 13:42:53", "elapsed": 145.061513, "delta": 13.862256}}
{"target": 0.867621598459928, "params": {"C": 60.15909923646558, "epsilon": 10.568097649300219, "gamma": 0.2, "lamda": 0.0001}, "datetime": {"datetime": "2021-09-19 13:42:54", "elapsed": 145.696523, "delta": 0.63501}}
{"target": 0.8695633094382191, "params": {"C": 62.344336374960434, "epsilon": 6.368749655834383, "gamma": 0.2, "lamda": 0.0001}, "datetime": {"datetime": "2021-09-19 13:42:55", "elapsed": 146.332089, "delta": 0.635566}}
{"target": 0.8730765288924208, "params": {"C": 61.35260925940933, "epsilon": 3.89547740174147, "gamma": 0.2, "lamda": 0.0001}, "datetime": {"datetime": "2021-09-19 13:42:55", "elapsed": 146.945086, "delta": 0.612997}}
{"target": 0.8787952621067248, "params": {"C": 62.41752337954813, "epsilon": 1.606267544310747, "gamma": 0.05, "lamda": 0.0001}, "datetime": {"datetime": "2021-09-19 13:42:56", "elapsed": 147.678091, "delta": 0.733005}}
{"target": 0.874895982755405, "params": {"C": 59.7282221273807, "epsilon": 1.4240680001500006, "gamma": 0.2, "lamda": 0.0001}, "datetime": {"datetime": "2021-09-19 13:42:57", "elapsed": 148.441089, "delta": 0.762998}}
{"target": -5.425192717052431, "params": {"C": 56.90545295815945, "epsilon": 1.0, "gamma": 0.05, "lamda": 1.5}, "datetime": {"datetime": "2021-09-19 13:43:05", "elapsed": 156.72912, "delta": 8.288031}}
{"target": -1.9359692821529442, "params": {"C": 61.30876871391233, "epsilon": 1.3925445945233004, "gamma": 0.16217712108960664, "lamda": 1.3641049028857726}, "datetime": {"datetime": "2021-09-19 13:43:13", "elapsed": 165.252231, "delta": 8.523111}}
{"target": 0.8789603981065018, "params": {"C": 63.69449430701803, "epsilon": 3.239429625741106, "gamma": 0.05, "lamda": 0.0001}, "datetime": {"datetime": "2021-09-19 13:43:14", "elapsed": 165.808676, "delta": 0.556445}}
{"target": 0.8796828255428241, "params": {"C": 65.40169470991646, "epsilon": 1.0, "gamma": 0.05, "lamda": 0.0001}, "datetime": {"datetime": "2021-09-19 13:43:15", "elapsed": 166.433677, "delta": 0.625001}}
{"target": 0.8775220809823266, "params": {"C": 68.5747137581584, "epsilon": 1.6646321470995584, "gamma": 0.18968725504562917, "lamda": 0.13543558201470224}, "datetime": {"datetime": "2021-09-19 13:43:15", "elapsed": 167.011837, "delta": 0.57816}}
{"target": -4.925397232858324, "params": {"C": 71.35251145025073, "epsilon": 1.0, "gamma": 0.05, "lamda": 1.5}, "datetime": {"datetime": "2021-09-19 13:43:24", "elapsed": 175.696722, "delta": 8.684885}}
{"target": 0.8738242886899258, "params": {"C": 66.86354665625004, "epsilon": 3.141319435249427, "gamma": 0.2, "lamda": 0.0001}, "datetime": {"datetime": "2021-09-19 13:43:25", "elapsed": 176.352973, "delta": 0.656251}}
{"target": -2.437627305489105, "params": {"C": 66.60711195772413, "epsilon": 1.7216378511643216, "gamma": 0.16260285383124085, "lamda": 1.4421119072874928}, "datetime": {"datetime": "2021-09-19 13:43:39", "elapsed": 190.404091, "delta": 14.051118}}
{"target": -4.051049212269054, "params": {"C": 68.99430607012515, "epsilon": 4.223164588149842, "gamma": 0.10711533827064959, "lamda": 0.12785044866200945}, "datetime": {"datetime": "2021-09-19 13:43:51", "elapsed": 202.962129, "delta": 12.558038}}
{"target": 0.8778893199812834, "params": {"C": 59.19546641731684, "epsilon": 3.6683890570548803, "gamma": 0.05, "lamda": 0.0001}, "datetime": {"datetime": "2021-09-19 13:43:52", "elapsed": 203.609129, "delta": 0.647}}
{"target": -4.6100900624499905, "params": {"C": 80.0, "epsilon": 14.0, "gamma": 0.2, "lamda": 1.5}, "datetime": {"datetime": "2021-09-19 13:44:06", "elapsed": 217.446089, "delta": 13.83696}}
{"target": 0.8718642616434358, "params": {"C": 60.0144963639841, "epsilon": 5.762325407545172, "gamma": 0.2, "lamda": 0.0001}, "datetime": {"datetime": "2021-09-19 13:44:06", "elapsed": 218.133666, "delta": 0.687577}}
{"target": 0.8724876367741686, "params": {"C": 80.0, "epsilon": 3.8364538315730217, "gamma": 0.2, "lamda": 0.0001}, "datetime": {"datetime": "2021-09-19 13:44:07", "elapsed": 218.806236, "delta": 0.67257}}
{"target": -3.148122031849204, "params": {"C": 79.57084623046637, "epsilon": 1.2250290495885983, "gamma": 0.1255692536083, "lamda": 0.454957162243962}, "datetime": {"datetime": "2021-09-19 13:44:16", "elapsed": 227.406962, "delta": 8.600726}}
{"target": 0.8700650918271192, "params": {"C": 80.0, "epsilon": 6.17455437812786, "gamma": 0.2, "lamda": 0.0001}, "datetime": {"datetime": "2021-09-19 13:44:16", "elapsed": 228.065998, "delta": 0.659036}}
{"target": 0.8708574290506756, "params": {"C": 77.7028519521919, "epsilon": 5.162382770109245, "gamma": 0.2, "lamda": 0.0001}, "datetime": {"datetime": "2021-09-19 13:44:17", "elapsed": 228.722929, "delta": 0.656931}}
{"target": -5.041611884632159, "params": {"C": 77.84586877825213, "epsilon": 7.4422885092686, "gamma": 0.05, "lamda": 1.5}, "datetime": {"datetime": "2021-09-19 13:44:26", "elapsed": 237.634847, "delta": 8.911918}}
{"target": 0.8730345454214192, "params": {"C": 76.42570631177846, "epsilon": 3.263570981480151, "gamma": 0.2, "lamda": 0.0001}, "datetime": {"datetime": "2021-09-19 13:44:27", "elapsed": 238.416739, "delta": 0.781892}}
{"target": -2.9128352815779035, "params": {"C": 78.32507458663298, "epsilon": 3.692767244962016, "gamma": 0.11510447495561318, "lamda": 1.4589744582597752}, "datetime": {"datetime": "2021-09-19 13:44:36", "elapsed": 248.035955, "delta": 9.619216}}
{"target": 0.8707561575137353, "params": {"C": 75.06835517994023, "epsilon": 4.904257318280003, "gamma": 0.2, "lamda": 0.0001}, "datetime": {"datetime": "2021-09-19 13:44:37", "elapsed": 248.717949, "delta": 0.681994}}
{"target": 0.8674236936834384, "params": {"C": 73.38912302331575, "epsilon": 7.310276317899644, "gamma": 0.2, "lamda": 0.0001}, "datetime": {"datetime": "2021-09-19 13:44:38", "elapsed": 249.452326, "delta": 0.734377}}
{"target": 0.8634385673396937, "params": {"C": 72.70933414848953, "epsilon": 9.781322829207104, "gamma": 0.2, "lamda": 0.0001}, "datetime": {"datetime": "2021-09-19 13:44:38", "elapsed": 250.180461, "delta": 0.728135}}
{"target": -6.34710595325371, "params": {"C": 71.76171894475266, "epsilon": 8.389968625227787, "gamma": 0.05, "lamda": 1.5}, "datetime": {"datetime": "2021-09-19 13:44:48", "elapsed": 259.808697, "delta": 9.628236}}
{"target": 0.884639157071488, "params": {"C": 74.60544283877661, "epsilon": 9.27397759080884, "gamma": 0.12103476841244581, "lamda": 0.01169231305666284}, "datetime": {"datetime": "2021-09-19 13:44:49", "elapsed": 260.600068, "delta": 0.791371}}
{"target": 0.8601473214214477, "params": {"C": 73.84089014621529, "epsilon": 11.573914110890476, "gamma": 0.2, "lamda": 0.0001}, "datetime": {"datetime": "2021-09-19 13:44:50", "elapsed": 261.381326, "delta": 0.781258}}
{"target": 0.8585178513184182, "params": {"C": 71.64940392221155, "epsilon": 12.46117418086201, "gamma": 0.2, "lamda": 0.0001}, "datetime": {"datetime": "2021-09-19 13:44:50", "elapsed": 262.18757, "delta": 0.806244}}
{"target": -4.581602507141046, "params": {"C": 73.07244646467242, "epsilon": 14.0, "gamma": 0.2, "lamda": 1.463882437378694}, "datetime": {"datetime": "2021-09-19 13:45:05", "elapsed": 276.875101, "delta": 14.687531}}
{"target": 0.8787344214217827, "params": {"C": 74.96027568246879, "epsilon": 6.966306419630834, "gamma": 0.1645451120730385, "lamda": 0.17051108950386545}, "datetime": {"datetime": "2021-09-19 13:45:06", "elapsed": 277.686805, "delta": 0.811704}}
{"target": -3.329835145695135, "params": {"C": 40.04572727917451, "epsilon": 8.634639517556842, "gamma": 0.1488087780940201, "lamda": 1.337792622680423}, "datetime": {"datetime": "2021-09-19 13:45:20", "elapsed": 291.739651, "delta": 14.052846}}
{"target": -5.6442042047769965, "params": {"C": 60.30896201229912, "epsilon": 4.641458580592328, "gamma": 0.06238325964528082, "lamda": 1.4496498925086994}, "datetime": {"datetime": "2021-09-19 13:45:29", "elapsed": 300.517133, "delta": 8.777482}}
{"target": 0.8920820190298577, "params": {"C": 64.03553471626995, "epsilon": 1.6573111532424796, "gamma": 0.06851601111746403, "lamda": 0.01667746272118811}, "datetime": {"datetime": "2021-09-19 13:45:29", "elapsed": 301.289258, "delta": 0.772125}}
{"target": 0.8640857812250009, "params": {"C": 70.16226374297261, "epsilon": 11.347679148867895, "gamma": 0.2, "lamda": 0.0001}, "datetime": {"datetime": "2021-09-19 13:45:30", "elapsed": 302.01125, "delta": 0.721992}}
{"target": 0.8611079939272113, "params": {"C": 69.72339180475798, "epsilon": 13.377330433642133, "gamma": 0.2, "lamda": 0.0001}, "datetime": {"datetime": "2021-09-19 13:45:31", "elapsed": 302.770248, "delta": 0.758998}}
{"target": -6.678016270534264, "params": {"C": 70.26954755753707, "epsilon": 12.257774349754131, "gamma": 0.08594642741426478, "lamda": 1.4716984826601271}, "datetime": {"datetime": "2021-09-19 13:45:45", "elapsed": 317.072453, "delta": 14.302205}}
