{"target": 0.8471959701854865, "params": {"C": 20.00060904991897, "epsilon": 8.643399774621185, "gamma": 0.1780192877915338, "lamda": 0.18320534955272094}, "datetime": {"datetime": "2021-09-19 16:04:51", "elapsed": 670.976973, "delta": 0.704987}}
{"target": 0.9040338595650779, "params": {"C": 41.79822087332812, "epsilon": 6.630939921607763, "gamma": 0.06486580366320086, "lamda": 0.04767255254872571}, "datetime": {"datetime": "2021-09-19 16:04:52", "elapsed": 671.680102, "delta": 0.703129}}
{"target": 0.8828104795069813, "params": {"C": 78.0694680592133, "epsilon": 3.826452756113145, "gamma": 0.13339291738452602, "lamda": 0.2636265018117239}, "datetime": {"datetime": "2021-09-19 16:04:53", "elapsed": 672.305097, "delta": 0.624995}}
{"target": -2.755926993963526, "params": {"C": 53.705981998218704, "epsilon": 2.899136581543832, "gamma": 0.05669991432733022, "lamda": 0.3249956675464996}, "datetime": {"datetime": "2021-09-19 16:05:02", "elapsed": 681.239507, "delta": 8.93441}}
{"target": -1.3081942213621387, "params": {"C": 60.57726193913846, "epsilon": 12.146293350459995, "gamma": 0.07783585467816287, "lamda": 0.25632464555331796}, "datetime": {"datetime": "2021-09-19 16:05:11", "elapsed": 690.292735, "delta": 9.053228}}
{"target": -2.202876155906292, "params": {"C": 22.287291679493386, "epsilon": 2.6583944030017332, "gamma": 0.05888638555158436, "lamda": 0.34864797547948084}, "datetime": {"datetime": "2021-09-19 16:05:20", "elapsed": 699.304992, "delta": 9.012257}}
{"target": -2.606225712543947, "params": {"C": 68.62559119954071, "epsilon": 11.40141426723467, "gamma": 0.19158942801564033, "lamda": 1.3260228177115898}, "datetime": {"datetime": "2021-09-19 16:05:34", "elapsed": 713.526737, "delta": 14.221745}}
{"target": 0.8779529520113398, "params": {"C": 60.99055193922817, "epsilon": 11.371959448156156, "gamma": 0.1407336267031331, "lamda": 0.0702506828946596}, "datetime": {"datetime": "2021-09-19 16:05:35", "elapsed": 714.245478, "delta": 0.718741}}
{"target": 0.871511788511506, "params": {"C": 77.65409662453035, "epsilon": 10.349849375119968, "gamma": 0.16176757166888317, "lamda": 0.2435961778279627}, "datetime": {"datetime": "2021-09-19 16:05:35", "elapsed": 714.857494, "delta": 0.612016}}
{"target": -3.0720561373389152, "params": {"C": 47.00711425079962, "epsilon": 12.295554811230367, "gamma": 0.118972696787753, "lamda": 0.7040641177827943}, "datetime": {"datetime": "2021-09-19 16:05:50", "elapsed": 729.212784, "delta": 14.35529}}
{"target": 0.8634437387496375, "params": {"C": 48.52234660682079, "epsilon": 10.154864647268159, "gamma": 0.17340582781322728, "lamda": 0.3022981473802737}, "datetime": {"datetime": "2021-09-19 16:05:50", "elapsed": 729.801058, "delta": 0.588274}}
{"target": 0.8975513451766202, "params": {"C": 77.2289623879098, "epsilon": 4.624888626895795, "gamma": 0.093262050586132, "lamda": 0.09975663586750001}, "datetime": {"datetime": "2021-09-19 16:05:51", "elapsed": 730.488556, "delta": 0.687498}}
{"target": -1.1115011366667154, "params": {"C": 54.82915518282235, "epsilon": 5.7527216291902565, "gamma": 0.13654934490975967, "lamda": 0.06744243981892266}, "datetime": {"datetime": "2021-09-19 16:05:59", "elapsed": 738.883337, "delta": 8.394781}}
{"target": -4.625848980330888, "params": {"C": 73.85197062292784, "epsilon": 12.925848251398289, "gamma": 0.06213683009132407, "lamda": 0.5251704621837006}, "datetime": {"datetime": "2021-09-19 16:06:14", "elapsed": 753.675389, "delta": 14.792052}}
{"target": 0.8973280916878937, "params": {"C": 40.72987216156116, "epsilon": 4.59792717681858, "gamma": 0.09169788549248559, "lamda": 0.4487466695255237}, "datetime": {"datetime": "2021-09-19 16:06:15", "elapsed": 754.378515, "delta": 0.703126}}
{"target": 0.8825967916998056, "params": {"C": 52.494940136502066, "epsilon": 7.52085256645926, "gamma": 0.129382288486743, "lamda": 0.6533831688426638}, "datetime": {"datetime": "2021-09-19 16:06:16", "elapsed": 755.06858, "delta": 0.690065}}
{"target": -2.275403250029622, "params": {"C": 45.875643957131466, "epsilon": 9.139183414658763, "gamma": 0.14397488951102422, "lamda": 1.1649892875343058}, "datetime": {"datetime": "2021-09-19 16:06:30", "elapsed": 769.825275, "delta": 14.756695}}
{"target": -2.5812886288609787, "params": {"C": 23.053338765249656, "epsilon": 9.915855454911846, "gamma": 0.13090043865241482, "lamda": 0.6215569018207338}, "datetime": {"datetime": "2021-09-19 16:06:45", "elapsed": 784.693907, "delta": 14.868632}}
{"target": -2.0315587996680766, "params": {"C": 51.05511714645395, "epsilon": 5.030047105454061, "gamma": 0.07703951743764804, "lamda": 0.3359486754564212}, "datetime": {"datetime": "2021-09-19 16:06:54", "elapsed": 793.252243, "delta": 8.558336}}
{"target": -1.3082939432752263, "params": {"C": 42.83521022201636, "epsilon": 3.572289198087138, "gamma": 0.07215767172606682, "lamda": 1.4979484301359223}, "datetime": {"datetime": "2021-09-19 16:07:03", "elapsed": 802.352488, "delta": 9.100245}}
{"target": -2.079184395667649, "params": {"C": 76.46333731803375, "epsilon": 2.934198324528688, "gamma": 0.06401188270591307, "lamda": 1.1990924962224994}, "datetime": {"datetime": "2021-09-19 16:07:18", "elapsed": 817.000428, "delta": 14.64794}}
{"target": -1.279106601362204, "params": {"C": 49.34512189728259, "epsilon": 6.66122219628575, "gamma": 0.12496028329813842, "lamda": 0.4205757678116698}, "datetime": {"datetime": "2021-09-19 16:07:31", "elapsed": 830.85822, "delta": 13.857792}}
{"target": -1.9531977193887782, "params": {"C": 34.227346771855466, "epsilon": 8.954137249550124, "gamma": 0.16549193779254706, "lamda": 0.957379330914066}, "datetime": {"datetime": "2021-09-19 16:07:46", "elapsed": 845.56031, "delta": 14.70209}}
{"target": -3.505042196728353, "params": {"C": 20.933070729658446, "epsilon": 10.007760329580403, "gamma": 0.07077906470279391, "lamda": 0.6584216153120009}, "datetime": {"datetime": "2021-09-19 16:08:01", "elapsed": 860.355708, "delta": 14.795398}}
{"target": -4.951098049632829, "params": {"C": 57.42922253651655, "epsilon": 11.605320074684755, "gamma": 0.05913055029477701, "lamda": 0.6631385454721619}, "datetime": {"datetime": "2021-09-19 16:08:16", "elapsed": 875.267554, "delta": 14.911846}}
{"target": 0.8718238106478603, "params": {"C": 35.214618833261355, "epsilon": 3.656215493757151, "gamma": 0.1479528597586976, "lamda": 0.829161034291755}, "datetime": {"datetime": "2021-09-19 16:08:17", "elapsed": 876.001932, "delta": 0.734378}}
{"target": -0.7506899748948248, "params": {"C": 51.527895834722884, "epsilon": 4.883291703626643, "gamma": 0.19389710861152115, "lamda": 0.724212896495315}, "datetime": {"datetime": "2021-09-19 16:08:31", "elapsed": 890.847892, "delta": 14.84596}}
{"target": -2.783060581778186, "params": {"C": 43.93923501549436, "epsilon": 9.346110868757625, "gamma": 0.1119780304067885, "lamda": 0.953801267588907}, "datetime": {"datetime": "2021-09-19 16:08:46", "elapsed": 905.836053, "delta": 14.988161}}
{"target": 0.8651189876551009, "params": {"C": 38.453741570728454, "epsilon": 4.104235447473324, "gamma": 0.16513984105180263, "lamda": 0.5159586771748748}, "datetime": {"datetime": "2021-09-19 16:08:47", "elapsed": 906.507932, "delta": 0.671879}}
{"target": -2.9503839091616895, "params": {"C": 64.05626064404669, "epsilon": 12.566979499503335, "gamma": 0.1576543876729421, "lamda": 1.2408375639668925}, "datetime": {"datetime": "2021-09-19 16:09:02", "elapsed": 921.307713, "delta": 14.799781}}
{"target": 0.8651544743780101, "params": {"C": 75.81633204850095, "epsilon": 11.750999555408677, "gamma": 0.17473515209751705, "lamda": 0.3497439377547539}, "datetime": {"datetime": "2021-09-19 16:09:03", "elapsed": 922.010856, "delta": 0.703143}}
{"target": -3.390308687587024, "params": {"C": 46.666205366450434, "epsilon": 9.327316991298034, "gamma": 0.0883321917522145, "lamda": 1.0542881771838675}, "datetime": {"datetime": "2021-09-19 16:09:17", "elapsed": 936.913358, "delta": 14.902502}}
{"target": -1.0301803012765651, "params": {"C": 78.04062463714848, "epsilon": 1.6507416392698615, "gamma": 0.13546354829368462, "lamda": 0.8589179542376076}, "datetime": {"datetime": "2021-09-19 16:09:28", "elapsed": 947.269733, "delta": 10.356375}}
{"target": -1.4910559778366572, "params": {"C": 59.95465925772465, "epsilon": 3.1423402496121002, "gamma": 0.10237027520867864, "lamda": 1.0548197772287653}, "datetime": {"datetime": "2021-09-19 16:09:40", "elapsed": 959.973616, "delta": 12.703883}}
{"target": -5.212083036092651, "params": {"C": 76.66656840419787, "epsilon": 13.089517016745331, "gamma": 0.06039163228744106, "lamda": 0.43353531049578603}, "datetime": {"datetime": "2021-09-19 16:09:55", "elapsed": 974.78786, "delta": 14.814244}}
{"target": 0.8970551198245276, "params": {"C": 25.28106246615665, "epsilon": 3.2162688850558063, "gamma": 0.0774458814430495, "lamda": 1.022223753546127}, "datetime": {"datetime": "2021-09-19 16:09:56", "elapsed": 975.511293, "delta": 0.723433}}
{"target": 0.8594523000199981, "params": {"C": 41.418515569663995, "epsilon": 4.568787679952274, "gamma": 0.18164978744592442, "lamda": 0.047288421955803454}, "datetime": {"datetime": "2021-09-19 16:09:57", "elapsed": 976.323794, "delta": 0.812501}}
{"target": -4.21282428815897, "params": {"C": 64.97164766717046, "epsilon": 9.620462749845345, "gamma": 0.05349011294605156, "lamda": 0.18253489751359214}, "datetime": {"datetime": "2021-09-19 16:10:11", "elapsed": 990.431623, "delta": 14.107829}}
{"target": 0.8884315781806552, "params": {"C": 31.016890003507136, "epsilon": 7.689983317786327, "gamma": 0.10758762654802209, "lamda": 0.25236893609991673}, "datetime": {"datetime": "2021-09-19 16:10:12", "elapsed": 991.228497, "delta": 0.796874}}
{"target": 0.8991020114176234, "params": {"C": 27.745595786182083, "epsilon": 3.1378257798035567, "gamma": 0.07073901929832153, "lamda": 1.0205730429522932}, "datetime": {"datetime": "2021-09-19 16:10:13", "elapsed": 992.029992, "delta": 0.801495}}
{"target": 0.855871434110479, "params": {"C": 43.952024766515834, "epsilon": 11.16063969495022, "gamma": 0.1937520966977933, "lamda": 0.1417372467355788}, "datetime": {"datetime": "2021-09-19 16:10:13", "elapsed": 992.733114, "delta": 0.703122}}
{"target": 0.8604988051193483, "params": {"C": 29.839234173381556, "epsilon": 7.599994575676539, "gamma": 0.17457719890304457, "lamda": 0.7969520129445647}, "datetime": {"datetime": "2021-09-19 16:10:14", "elapsed": 993.549605, "delta": 0.816491}}
{"target": -3.3254817403276338, "params": {"C": 53.146865626752835, "epsilon": 6.3704327268976, "gamma": 0.05716785674949021, "lamda": 0.6911633967280882}, "datetime": {"datetime": "2021-09-19 16:10:29", "elapsed": 1008.481222, "delta": 14.931617}}
{"target": -0.7747726287917098, "params": {"C": 31.498845141914497, "epsilon": 1.118335983009246, "gamma": 0.14128513856119904, "lamda": 1.389368408850899}, "datetime": {"datetime": "2021-09-19 16:10:39", "elapsed": 1018.404632, "delta": 9.92341}}
{"target": 0.8863470922008979, "params": {"C": 71.30985442553707, "epsilon": 3.7976336764358387, "gamma": 0.12238260658506818, "lamda": 0.23000473464227356}, "datetime": {"datetime": "2021-09-19 16:10:40", "elapsed": 1019.232777, "delta": 0.828145}}
{"target": -3.067319853711309, "params": {"C": 65.97986658891705, "epsilon": 13.09986042637279, "gamma": 0.1640135745085758, "lamda": 1.3964897729388568}, "datetime": {"datetime": "2021-09-19 16:10:55", "elapsed": 1034.050164, "delta": 14.817387}}
{"target": -1.2521540149586712, "params": {"C": 41.74869030922409, "epsilon": 2.1071845114743004, "gamma": 0.11537228376750921, "lamda": 0.26222710138720917}, "datetime": {"datetime": "2021-09-19 16:11:05", "elapsed": 1044.530601, "delta": 10.480437}}
{"target": 0.8657786379247758, "params": {"C": 59.104212578683644, "epsilon": 4.600533406074465, "gamma": 0.171008500009096, "lamda": 0.30612424640113195}, "datetime": {"datetime": "2021-09-19 16:11:06", "elapsed": 1045.312472, "delta": 0.781871}}
{"target": -1.9536695535811894, "params": {"C": 78.0573984364504, "epsilon": 10.972338174402973, "gamma": 0.05757185460659767, "lamda": 0.04823419521558594}, "datetime": {"datetime": "2021-09-19 16:11:15", "elapsed": 1054.898084, "delta": 9.585612}}
{"target": 0.9004807013061173, "params": {"C": 29.437364038421165, "epsilon": 8.948629255029843, "gamma": 0.07299974226434645, "lamda": 0.007111243944700166}, "datetime": {"datetime": "2021-09-19 16:11:16", "elapsed": 1055.697351, "delta": 0.799267}}
{"target": -0.6685404645963273, "params": {"C": 70.86963108083813, "epsilon": 2.23608221941361, "gamma": 0.1861901091151259, "lamda": 0.569464183300227}, "datetime": {"datetime": "2021-09-19 16:11:31", "elapsed": 1070.933448, "delta": 15.236097}}
{"target": -2.678024974301208, "params": {"C": 61.74415819887684, "epsilon": 7.846507754109108, "gamma": 0.08553224300211032, "lamda": 1.3137995978841617}, "datetime": {"datetime": "2021-09-19 16:11:46", "elapsed": 1085.866584, "delta": 14.933136}}
{"target": -1.7807106267819535, "params": {"C": 42.60707163388261, "epsilon": 2.224831126891702, "gamma": 0.09381943753501086, "lamda": 1.0398098242763172}, "datetime": {"datetime": "2021-09-19 16:11:55", "elapsed": 1094.322339, "delta": 8.455755}}
{"target": -0.7884131425988679, "params": {"C": 71.67566484827825, "epsilon": 5.876150794022532, "gamma": 0.191637051098547, "lamda": 0.9481176848137777}, "datetime": {"datetime": "2021-09-19 16:12:07", "elapsed": 1106.884472, "delta": 12.562133}}
{"target": -1.3032534780381315, "params": {"C": 68.82170984355349, "epsilon": 3.9294189898030814, "gamma": 0.11247607192990723, "lamda": 0.8722351466983237}, "datetime": {"datetime": "2021-09-19 16:12:22", "elapsed": 1121.331098, "delta": 14.446626}}
{"target": -2.3576540392464853, "params": {"C": 52.807936032142806, "epsilon": 10.289097964564762, "gamma": 0.15224493150973414, "lamda": 1.4519284405574426}, "datetime": {"datetime": "2021-09-19 16:12:37", "elapsed": 1136.068417, "delta": 14.737319}}
{"target": -4.998216284431844, "params": {"C": 26.773395460973163, "epsilon": 12.993655765844236, "gamma": 0.056965035905084574, "lamda": 0.5985250098865652}, "datetime": {"datetime": "2021-09-19 16:12:51", "elapsed": 1150.975914, "delta": 14.907497}}
{"target": 0.8750735084911042, "params": {"C": 26.985457519912792, "epsilon": 6.8078065680198385, "gamma": 0.1329434777639994, "lamda": 1.1319256375642441}, "datetime": {"datetime": "2021-09-19 16:12:52", "elapsed": 1151.899561, "delta": 0.923647}}
{"target": -2.218303199353852, "params": {"C": 24.630297843248055, "epsilon": 9.331426577932774, "gamma": 0.1392969321547094, "lamda": 1.4720960735563067}, "datetime": {"datetime": "2021-09-19 16:13:07", "elapsed": 1166.55843, "delta": 14.658869}}
{"target": -2.519704798076982, "params": {"C": 44.36491239225636, "epsilon": 9.363338166632488, "gamma": 0.1140132763513324, "lamda": 1.2410128411942425}, "datetime": {"datetime": "2021-09-19 16:13:17", "elapsed": 1176.611771, "delta": 10.053341}}
{"target": -2.2934788119770144, "params": {"C": 32.94637810874035, "epsilon": 1.8799162908295006, "gamma": 0.06800819047950905, "lamda": 1.4815722630672372}, "datetime": {"datetime": "2021-09-19 16:13:33", "elapsed": 1192.153243, "delta": 15.541472}}
{"target": -2.337466289305263, "params": {"C": 41.98897973840228, "epsilon": 8.568765934214985, "gamma": 0.1206834839426612, "lamda": 1.2970187541352969}, "datetime": {"datetime": "2021-09-19 16:13:48", "elapsed": 1207.351638, "delta": 15.198395}}
{"target": 0.8868249416628837, "params": {"C": 53.6352069422073, "epsilon": 7.735995828035661, "gamma": 0.11680293387842484, "lamda": 0.03023297418603426}, "datetime": {"datetime": "2021-09-19 16:13:49", "elapsed": 1208.34071, "delta": 0.989072}}
{"target": -2.57057694869272, "params": {"C": 20.69048064318846, "epsilon": 11.12115227219259, "gamma": 0.17398090049351556, "lamda": 0.38070954249204086}, "datetime": {"datetime": "2021-09-19 16:14:04", "elapsed": 1223.222487, "delta": 14.881777}}
{"target": -1.9029963189069985, "params": {"C": 29.101174906687852, "epsilon": 6.9647234360883346, "gamma": 0.14423696393171126, "lamda": 1.4042363409915204}, "datetime": {"datetime": "2021-09-19 16:14:18", "elapsed": 1237.690171, "delta": 14.467684}}
{"target": -1.6332394120588143, "params": {"C": 42.26890447157669, "epsilon": 7.467475747158415, "gamma": 0.19117711376015595, "lamda": 1.2244902070418575}, "datetime": {"datetime": "2021-09-19 16:14:33", "elapsed": 1252.278422, "delta": 14.588251}}
{"target": 0.872560183122021, "params": {"C": 56.88126965106504, "epsilon": 11.939466950406333, "gamma": 0.15052196748436059, "lamda": 0.014595708165745415}, "datetime": {"datetime": "2021-09-19 16:14:34", "elapsed": 1253.215915, "delta": 0.937493}}
{"target": -2.44668170681464, "params": {"C": 64.8109599686282, "epsilon": 10.61733915620116, "gamma": 0.16877308659942997, "lamda": 1.2924909204248105}, "datetime": {"datetime": "2021-09-19 16:14:49", "elapsed": 1268.438435, "delta": 15.22252}}
{"target": 0.8557410869139248, "params": {"C": 68.34227221935583, "epsilon": 6.029820211738671, "gamma": 0.19420226356501696, "lamda": 0.38641583016764475}, "datetime": {"datetime": "2021-09-19 16:14:50", "elapsed": 1269.298444, "delta": 0.860009}}
{"target": 0.877788433222335, "params": {"C": 32.088718210541, "epsilon": 5.8372366129803215, "gamma": 0.13151851824349603, "lamda": 0.053067901480511166}, "datetime": {"datetime": "2021-09-19 16:14:51", "elapsed": 1270.488532, "delta": 1.190088}}
{"target": -2.7650708611982417, "params": {"C": 44.02713044995558, "epsilon": 8.477182847385714, "gamma": 0.10673718359709555, "lamda": 0.9940948531562789}, "datetime": {"datetime": "2021-09-19 16:15:06", "elapsed": 1285.726704, "delta": 15.238172}}
{"target": -3.4008306348831496, "params": {"C": 59.61270926450146, "epsilon": 7.391609505320428, "gamma": 0.06465545319340685, "lamda": 1.2399410512760976}, "datetime": {"datetime": "2021-09-19 16:15:22", "elapsed": 1301.866165, "delta": 16.139461}}
{"target": -3.6875223142064018, "params": {"C": 68.19192370606208, "epsilon": 13.00066645243466, "gamma": 0.11839922325481264, "lamda": 1.317968212744206}, "datetime": {"datetime": "2021-09-19 16:15:37", "elapsed": 1316.871023, "delta": 15.004858}}
{"target": -1.749354123778247, "params": {"C": 48.97589951163829, "epsilon": 7.546747091736089, "gamma": 0.16412937199724748, "lamda": 1.4078958584263406}, "datetime": {"datetime": "2021-09-19 16:15:52", "elapsed": 1331.591923, "delta": 14.7209}}
{"target": -0.9405850338167321, "params": {"C": 77.2470008425966, "epsilon": 5.914950884303934, "gamma": 0.10886870759928058, "lamda": 1.0783568657948899}, "datetime": {"datetime": "2021-09-19 16:16:02", "elapsed": 1341.166331, "delta": 9.574408}}
{"target": -0.7717120715217023, "params": {"C": 35.67946815862922, "epsilon": 1.8045572680300432, "gamma": 0.17857096378920317, "lamda": 0.4788047266468004}, "datetime": {"datetime": "2021-09-19 16:16:16", "elapsed": 1355.623208, "delta": 14.456877}}
{"target": -2.4722047686615936, "params": {"C": 52.25927020116596, "epsilon": 10.10574289183327, "gamma": 0.14952582985034513, "lamda": 0.8408464073279528}, "datetime": {"datetime": "2021-09-19 16:16:31", "elapsed": 1370.834249, "delta": 15.211041}}
{"target": -1.2806732968926546, "params": {"C": 40.42424561846426, "epsilon": 3.8409543921759095, "gamma": 0.08436557405796122, "lamda": 0.666328824813102}, "datetime": {"datetime": "2021-09-19 16:16:41", "elapsed": 1380.047343, "delta": 9.213094}}
{"target": 0.876980603773377, "params": {"C": 40.85788116506056, "epsilon": 5.19993563831763, "gamma": 0.1373701626425094, "lamda": 0.5846807729625012}, "datetime": {"datetime": "2021-09-19 16:16:41", "elapsed": 1380.955513, "delta": 0.90817}}
{"target": -3.464125364742098, "params": {"C": 58.607786726398274, "epsilon": 11.527345358391985, "gamma": 0.0986519147670781, "lamda": 1.1200530351254103}, "datetime": {"datetime": "2021-09-19 16:16:57", "elapsed": 1396.285863, "delta": 15.33035}}
{"target": -4.007560326805455, "params": {"C": 69.09353032686361, "epsilon": 13.947847967394646, "gamma": 0.10672260038324763, "lamda": 0.4240139152358457}, "datetime": {"datetime": "2021-09-19 16:17:06", "elapsed": 1405.892317, "delta": 9.606454}}
{"target": -1.3433216868714482, "params": {"C": 64.0150191426575, "epsilon": 4.181765638585876, "gamma": 0.11144772751885071, "lamda": 0.350757425265453}, "datetime": {"datetime": "2021-09-19 16:17:21", "elapsed": 1420.022272, "delta": 14.129955}}
{"target": -2.009066833709863, "params": {"C": 77.3883156190484, "epsilon": 8.845162756894048, "gamma": 0.08829045508734773, "lamda": 0.5412977845616849}, "datetime": {"datetime": "2021-09-19 16:17:34", "elapsed": 1433.94733, "delta": 13.925058}}
{"target": -3.23799617508769, "params": {"C": 69.12674398645433, "epsilon": 9.929264800552229, "gamma": 0.0783901887878483, "lamda": 0.8159633532535732}, "datetime": {"datetime": "2021-09-19 16:17:50", "elapsed": 1449.136368, "delta": 15.189038}}
{"target": -2.4118619351688677, "params": {"C": 50.774739298127955, "epsilon": 9.402123736252017, "gamma": 0.1220847020448281, "lamda": 0.555050177990449}, "datetime": {"datetime": "2021-09-19 16:17:59", "elapsed": 1458.700802, "delta": 9.564434}}
{"target": -1.3833791809277867, "params": {"C": 77.47966904751493, "epsilon": 6.526664895702289, "gamma": 0.09107196133439506, "lamda": 1.4954400614991847}, "datetime": {"datetime": "2021-09-19 16:18:09", "elapsed": 1468.207031, "delta": 9.506229}}
{"target": -0.9310251077785059, "params": {"C": 53.599812810999644, "epsilon": 6.8434782756277555, "gamma": 0.1624744666664789, "lamda": 0.5548181286588993}, "datetime": {"datetime": "2021-09-19 16:18:24", "elapsed": 1483.050623, "delta": 14.843592}}
{"target": 0.8854063855621787, "params": {"C": 71.99041073208988, "epsilon": 8.203791719648034, "gamma": 0.127162888740475, "lamda": 0.04031765145330628}, "datetime": {"datetime": "2021-09-19 16:18:24", "elapsed": 1483.941249, "delta": 0.890626}}
