{"target": -2.214393813219566, "params": {"C": 76.15751768827931, "epsilon": 2.3697121031985984, "gamma": 0.1687354050110342, "lamda": 0.24510954898272408}, "datetime": {"datetime": "2021-09-19 14:46:12", "elapsed": 665.413331, "delta": 15.464578}}
{"target": -7.7731300583880625, "params": {"C": 64.95281502434437, "epsilon": 11.605320074684755, "gamma": 0.05913055029477701, "lamda": 0.6631385454721619}, "datetime": {"datetime": "2021-09-19 14:46:21", "elapsed": 674.736426, "delta": 9.323095}}
{"target": -1.8355693482062767, "params": {"C": 50.14307922217424, "epsilon": 3.656215493757151, "gamma": 0.1479528597586976, "lamda": 0.829161034291755}, "datetime": {"datetime": "2021-09-19 14:46:30", "elapsed": 683.419218, "delta": 8.682792}}
{"target": -3.199749746810082, "params": {"C": 73.76441806257276, "epsilon": 4.6943514381392415, "gamma": 0.12559391102704776, "lamda": 0.20971671977446957}, "datetime": {"datetime": "2021-09-19 14:46:45", "elapsed": 698.685694, "delta": 15.266476}}
{"target": 0.8821417297732339, "params": {"C": 75.2186444363219, "epsilon": 2.437309031108173, "gamma": 0.05, "lamda": 0.0001}, "datetime": {"datetime": "2021-09-19 14:46:46", "elapsed": 699.750266, "delta": 1.064572}}
{"target": -3.547066637117571, "params": {"C": 75.67413698073972, "epsilon": 4.408188806145725, "gamma": 0.10325930163502596, "lamda": 0.2997549697203255}, "datetime": {"datetime": "2021-09-19 14:46:59", "elapsed": 712.513391, "delta": 12.763125}}
{"target": -4.997378336521634, "params": {"C": 61.766850683906064, "epsilon": 6.37740870597357, "gamma": 0.05, "lamda": 0.3613097284483772}, "datetime": {"datetime": "2021-09-19 14:47:08", "elapsed": 721.290631, "delta": 8.77724}}
{"target": -4.48665532106378, "params": {"C": 76.05655250800358, "epsilon": 1.3688900038039051, "gamma": 0.08533906196914856, "lamda": 0.20507956678104217}, "datetime": {"datetime": "2021-09-19 14:47:22", "elapsed": 735.159706, "delta": 13.869075}}
{"target": -4.078905199295388, "params": {"C": 75.32722941405821, "epsilon": 2.927304654956633, "gamma": 0.08965367814317171, "lamda": 0.22680440111002423}, "datetime": {"datetime": "2021-09-19 14:47:31", "elapsed": 744.546552, "delta": 9.386846}}
{"target": -2.746656734627584, "params": {"C": 78.69374975809899, "epsilon": 1.6507416392698615, "gamma": 0.13546354829368462, "lamda": 0.8589179542376076}, "datetime": {"datetime": "2021-09-19 14:47:43", "elapsed": 756.597326, "delta": 12.050774}}
{"target": 0.8816359112386039, "params": {"C": 62.38302055302408, "epsilon": 6.129877871637816, "gamma": 0.1579034728530314, "lamda": 0.0015361553395480023}, "datetime": {"datetime": "2021-09-19 14:47:44", "elapsed": 757.398962, "delta": 0.801636}}
{"target": 0.886513642130238, "params": {"C": 75.5711164032094, "epsilon": 2.3268153466602968, "gamma": 0.1524689263776759, "lamda": 0.07116259006840231}, "datetime": {"datetime": "2021-09-19 14:47:45", "elapsed": 758.820064, "delta": 1.421102}}
{"target": 0.8709754204126249, "params": {"C": 60.269243005283656, "epsilon": 6.901124349507229, "gamma": 0.1999503564898208, "lamda": 0.0001}, "datetime": {"datetime": "2021-09-19 14:47:46", "elapsed": 759.856091, "delta": 1.036027}}
{"target": 0.8717589853079154, "params": {"C": 60.97127479314412, "epsilon": 6.032614988906172, "gamma": 0.2, "lamda": 0.0001}, "datetime": {"datetime": "2021-09-19 14:47:47", "elapsed": 760.965464, "delta": 1.109373}}
{"target": -5.6009212387919005, "params": {"C": 69.9810984447803, "epsilon": 9.620462749845345, "gamma": 0.05349011294605156, "lamda": 0.18253489751359214}, "datetime": {"datetime": "2021-09-19 14:47:56", "elapsed": 769.76524, "delta": 8.799776}}
{"target": -2.37519893037065, "params": {"C": 47.344593335671426, "epsilon": 7.689983317786327, "gamma": 0.10758762654802209, "lamda": 0.25236893609991673}, "datetime": {"datetime": "2021-09-19 14:48:05", "elapsed": 778.461488, "delta": 8.696248}}
{"target": 0.8704004154263438, "params": {"C": 62.38389657660441, "epsilon": 5.691916485217236, "gamma": 0.2, "lamda": 0.0001}, "datetime": {"datetime": "2021-09-19 14:48:06", "elapsed": 779.557461, "delta": 1.095973}}
{"target": 0.880365820821031, "params": {"C": 62.40018885384246, "epsilon": 5.782044399331573, "gamma": 0.16255688681696756, "lamda": 0.037736867419977484}, "datetime": {"datetime": "2021-09-19 14:48:07", "elapsed": 780.213672, "delta": 0.656211}}
{"target": 0.8685415339184065, "params": {"C": 49.07723512500027, "epsilon": 12.779504284464151, "gamma": 0.2, "lamda": 0.04417081206028763}, "datetime": {"datetime": "2021-09-19 14:48:08", "elapsed": 781.40303, "delta": 1.189358}}
{"target": -3.183673907595514, "params": {"C": 76.01496831962335, "epsilon": 3.118151010419227, "gamma": 0.11870522360913985, "lamda": 0.06775226312555044}, "datetime": {"datetime": "2021-09-19 14:48:21", "elapsed": 794.618915, "delta": 13.215885}}
{"target": 0.8718609829709378, "params": {"C": 74.49291701004896, "epsilon": 7.020932962357254, "gamma": 0.18810574959299575, "lamda": 0.14296967712676456}, "datetime": {"datetime": "2021-09-19 14:48:22", "elapsed": 795.933066, "delta": 1.314151}}
{"target": 0.8714648269987253, "params": {"C": 60.0095878788686, "epsilon": 6.269286814414903, "gamma": 0.19995749784585354, "lamda": 0.0001}, "datetime": {"datetime": "2021-09-19 14:48:24", "elapsed": 797.136188, "delta": 1.203122}}
{"target": 0.8698699201864568, "params": {"C": 49.18411530562006, "epsilon": 13.460732331658113, "gamma": 0.19851445134121287, "lamda": 0.02052291857151418}, "datetime": {"datetime": "2021-09-19 14:48:25", "elapsed": 798.389128, "delta": 1.25294}}
{"target": -2.2693495296258144, "params": {"C": 60.25861967165885, "epsilon": 6.5728534182753, "gamma": 0.10584840741333627, "lamda": 0.43416051352266366}, "datetime": {"datetime": "2021-09-19 14:48:34", "elapsed": 807.509737, "delta": 9.120609}}
{"target": -2.225511776955527, "params": {"C": 66.06947505245577, "epsilon": 4.600533406074465, "gamma": 0.171008500009096, "lamda": 0.30612424640113195}, "datetime": {"datetime": "2021-09-19 14:48:47", "elapsed": 820.852083, "delta": 13.342346}}
{"target": 0.8671630691755204, "params": {"C": 74.66136724558376, "epsilon": 7.4523899096325055, "gamma": 0.2, "lamda": 0.0001}, "datetime": {"datetime": "2021-09-19 14:48:49", "elapsed": 822.134694, "delta": 1.282611}}
{"target": 0.8732361454677248, "params": {"C": 58.02335239580915, "epsilon": 8.476173276439486, "gamma": 0.18425363564190456, "lamda": 0.010292998761603011}, "datetime": {"datetime": "2021-09-19 14:48:50", "elapsed": 823.355945, "delta": 1.221251}}
{"target": -2.069856566710679, "params": {"C": 73.91308738722543, "epsilon": 2.23608221941361, "gamma": 0.1861901091151259, "lamda": 0.569464183300227}, "datetime": {"datetime": "2021-09-19 14:49:03", "elapsed": 836.306978, "delta": 12.951033}}
{"target": -1.8004396788086292, "params": {"C": 76.95269099343602, "epsilon": 1.967431731446474, "gamma": 0.18832667369572553, "lamda": 0.16511263003424143}, "datetime": {"datetime": "2021-09-19 14:49:15", "elapsed": 848.722921, "delta": 12.415943}}
{"target": -4.046148628541512, "params": {"C": 55.07138108925508, "epsilon": 2.224831126891702, "gamma": 0.09381943753501086, "lamda": 1.0398098242763172}, "datetime": {"datetime": "2021-09-19 14:49:24", "elapsed": 857.545882, "delta": 8.822961}}
{"target": 0.8711728551651574, "params": {"C": 61.01896758733233, "epsilon": 6.755137358237305, "gamma": 0.2, "lamda": 0.0001}, "datetime": {"datetime": "2021-09-19 14:49:25", "elapsed": 858.765791, "delta": 1.219909}}
{"target": -3.6558607478700456, "params": {"C": 60.703529797956485, "epsilon": 7.315390487202498, "gamma": 0.11628696310828456, "lamda": 0.03522717697679773}, "datetime": {"datetime": "2021-09-19 14:49:39", "elapsed": 872.637932, "delta": 13.872141}}
{"target": -4.000137994211954, "params": {"C": 61.871957354761875, "epsilon": 10.289097964564762, "gamma": 0.15224493150973414, "lamda": 1.4519284405574426}, "datetime": {"datetime": "2021-09-19 14:49:48", "elapsed": 881.967513, "delta": 9.329581}}
{"target": -4.048283246551379, "params": {"C": 58.69260036167148, "epsilon": 8.33361509905523, "gamma": 0.10467599981112215, "lamda": 0.06770570522666061}, "datetime": {"datetime": "2021-09-19 14:50:03", "elapsed": 896.204809, "delta": 14.237296}}
{"target": -3.7217688728323735, "params": {"C": 44.65697167994186, "epsilon": 6.8078065680198385, "gamma": 0.1329434777639994, "lamda": 1.1319256375642441}, "datetime": {"datetime": "2021-09-19 14:50:16", "elapsed": 909.932563, "delta": 13.727754}}
{"target": -2.243496798690901, "params": {"C": 58.10980197444691, "epsilon": 9.117559723793844, "gamma": 0.13150891323911576, "lamda": 0.1884276173526209}, "datetime": {"datetime": "2021-09-19 14:50:26", "elapsed": 919.081584, "delta": 9.149021}}
{"target": 0.8716073323969126, "params": {"C": 61.699998204192504, "epsilon": 5.616090405988704, "gamma": 0.2, "lamda": 0.0001}, "datetime": {"datetime": "2021-09-19 14:50:27", "elapsed": 920.286673, "delta": 1.205089}}
{"target": -7.890837654009264, "params": {"C": 49.53330425966753, "epsilon": 13.565944583225155, "gamma": 0.05745531343294508, "lamda": 0.31816189323139776}, "datetime": {"datetime": "2021-09-19 14:50:36", "elapsed": 929.436638, "delta": 9.149965}}
{"target": -4.390610167890406, "params": {"C": 54.659319825601514, "epsilon": 8.568765934214985, "gamma": 0.1206834839426612, "lamda": 1.2970187541352969}, "datetime": {"datetime": "2021-09-19 14:50:50", "elapsed": 943.436032, "delta": 13.999394}}
{"target": 0.8821463004531765, "params": {"C": 75.33535310431502, "epsilon": 2.0092774758662797, "gamma": 0.05, "lamda": 0.0001}, "datetime": {"datetime": "2021-09-19 14:50:52", "elapsed": 945.00105, "delta": 1.565018}}
{"target": 0.8781976955564161, "params": {"C": 62.8383203847304, "epsilon": 5.537091497117423, "gamma": 0.05, "lamda": 0.0001}, "datetime": {"datetime": "2021-09-19 14:50:53", "elapsed": 946.128057, "delta": 1.127007}}
{"target": -3.741915915061485, "params": {"C": 46.0674499377919, "epsilon": 6.9647234360883346, "gamma": 0.14423696393171126, "lamda": 1.4042363409915204}, "datetime": {"datetime": "2021-09-19 14:51:07", "elapsed": 960.033602, "delta": 13.905545}}
{"target": -2.7898872503772836, "params": {"C": 54.84593631438446, "epsilon": 7.467475747158415, "gamma": 0.19117711376015595, "lamda": 1.2244902070418575}, "datetime": {"datetime": "2021-09-19 14:51:21", "elapsed": 974.093491, "delta": 14.059889}}
{"target": 0.8679458299886427, "params": {"C": 48.890539451002795, "epsilon": 13.803667085761, "gamma": 0.2, "lamda": 0.0001}, "datetime": {"datetime": "2021-09-19 14:51:22", "elapsed": 975.437245, "delta": 1.343754}}
{"target": 0.8713528201638548, "params": {"C": 57.74265319984762, "epsilon": 8.08205114956941, "gamma": 0.2, "lamda": 0.0001}, "datetime": {"datetime": "2021-09-19 14:51:23", "elapsed": 976.501192, "delta": 1.063947}}
{"target": -2.721820488094244, "params": {"C": 74.85885595615377, "epsilon": 7.078005379226588, "gamma": 0.15408978674449056, "lamda": 0.4396564018274897}, "datetime": {"datetime": "2021-09-19 14:51:38", "elapsed": 991.621305, "delta": 15.120113}}
{"target": -2.478583211434617, "params": {"C": 59.886766262501304, "epsilon": 7.144234541816744, "gamma": 0.15673869800311538, "lamda": 0.037709013376942914}, "datetime": {"datetime": "2021-09-19 14:51:52", "elapsed": 1005.421773, "delta": 13.800468}}
{"target": 0.8706641015815222, "params": {"C": 75.69916951889844, "epsilon": 5.405741533359365, "gamma": 0.2, "lamda": 0.0001}, "datetime": {"datetime": "2021-09-19 14:51:53", "elapsed": 1006.427944, "delta": 1.006171}}
{"target": -2.458605321340001, "params": {"C": 62.87302532752045, "epsilon": 5.74928732058053, "gamma": 0.12229441586159627, "lamda": 0.30808443187224915}, "datetime": {"datetime": "2021-09-19 14:52:02", "elapsed": 1015.485782, "delta": 9.057838}}
{"target": 0.8713324696188768, "params": {"C": 57.96471022496046, "epsilon": 8.1643897223184, "gamma": 0.2, "lamda": 0.3511726122195458}, "datetime": {"datetime": "2021-09-19 14:52:03", "elapsed": 1016.693766, "delta": 1.207984}}
{"target": 0.8647839607576893, "params": {"C": 62.10116709691957, "epsilon": 11.959644138181021, "gamma": 0.19504844611582112, "lamda": 0.0591429614709764}, "datetime": {"datetime": "2021-09-19 14:52:04", "elapsed": 1017.490642, "delta": 0.796876}}
{"target": -3.139511857104867, "params": {"C": 78.16466722839775, "epsilon": 5.914950884303934, "gamma": 0.10886870759928058, "lamda": 1.0783568657948899}, "datetime": {"datetime": "2021-09-19 14:52:13", "elapsed": 1026.370468, "delta": 8.879826}}
{"target": 0.8712582416416508, "params": {"C": 74.78561639746246, "epsilon": 4.52260666457793, "gamma": 0.2, "lamda": 0.0001}, "datetime": {"datetime": "2021-09-19 14:52:14", "elapsed": 1027.401679, "delta": 1.031211}}
{"target": 0.8730857599740514, "params": {"C": 74.59599592064558, "epsilon": 3.0102450748582896, "gamma": 0.2, "lamda": 0.0001}, "datetime": {"datetime": "2021-09-19 14:52:15", "elapsed": 1028.814636, "delta": 1.412957}}
{"target": -4.816739670966379, "params": {"C": 53.616163745642844, "epsilon": 3.8409543921759095, "gamma": 0.08436557405796122, "lamda": 0.666328824813102}, "datetime": {"datetime": "2021-09-19 14:52:29", "elapsed": 1042.954169, "delta": 14.139533}}
{"target": 0.8716145220542062, "params": {"C": 57.887107924629746, "epsilon": 7.674531376894161, "gamma": 0.2, "lamda": 0.2395759959550263}, "datetime": {"datetime": "2021-09-19 14:52:31", "elapsed": 1044.300864, "delta": 1.346695}}
{"target": 0.871275269259374, "params": {"C": 59.59448036804766, "epsilon": 6.432782982214288, "gamma": 0.2, "lamda": 0.1915219680175451}, "datetime": {"datetime": "2021-09-19 14:52:32", "elapsed": 1045.691481, "delta": 1.390617}}
{"target": 0.8711381161277724, "params": {"C": 76.21296125749392, "epsilon": 4.987099090227141, "gamma": 0.2, "lamda": 0.0001}, "datetime": {"datetime": "2021-09-19 14:52:34", "elapsed": 1046.989931, "delta": 1.29845}}
{"target": -3.837809612166076, "params": {"C": 69.343346095105, "epsilon": 4.181765638585876, "gamma": 0.11144772751885071, "lamda": 0.350757425265453}, "datetime": {"datetime": "2021-09-19 14:52:42", "elapsed": 1055.468584, "delta": 8.478653}}
{"target": 0.8733919732949702, "params": {"C": 48.68384446864516, "epsilon": 13.38747788034226, "gamma": 0.16566397312126552, "lamda": 0.1429654085394339}, "datetime": {"datetime": "2021-09-19 14:52:43", "elapsed": 1056.61019, "delta": 1.141606}}
{"target": 0.8691215792137009, "params": {"C": 48.929746247358075, "epsilon": 11.638575829629868, "gamma": 0.2, "lamda": 0.033244547043847585}, "datetime": {"datetime": "2021-09-19 14:52:45", "elapsed": 1058.034018, "delta": 1.423828}}
{"target": -4.203451664756748, "params": {"C": 55.4965836113488, "epsilon": 9.841290271055882, "gamma": 0.10366637850297011, "lamda": 0.04448095361359751}, "datetime": {"datetime": "2021-09-19 14:52:52", "elapsed": 1065.509829, "delta": 7.475811}}
{"target": -4.706889014996459, "params": {"C": 78.31977936500996, "epsilon": 6.526664895702289, "gamma": 0.09107196133439506, "lamda": 1.4954400614991847}, "datetime": {"datetime": "2021-09-19 14:53:06", "elapsed": 1079.538738, "delta": 14.028909}}
{"target": -3.220908994416133, "params": {"C": 62.399875207333096, "epsilon": 6.8434782756277555, "gamma": 0.1624744666664789, "lamda": 0.5548181286588993}, "datetime": {"datetime": "2021-09-19 14:53:15", "elapsed": 1088.355782, "delta": 8.817044}}
{"target": 0.8858397383644743, "params": {"C": 74.66027382139326, "epsilon": 8.203791719648034, "gamma": 0.127162888740475, "lamda": 0.04031765145330628}, "datetime": {"datetime": "2021-09-19 14:53:16", "elapsed": 1089.295282, "delta": 0.9395}}
{"target": 0.8715718041925735, "params": {"C": 57.92065548479322, "epsilon": 7.754134846745959, "gamma": 0.2, "lamda": 0.19713123272481356}, "datetime": {"datetime": "2021-09-19 14:53:17", "elapsed": 1090.534902, "delta": 1.23962}}
{"target": -2.2251323074803486, "params": {"C": 64.3532997098165, "epsilon": 8.674865513218602, "gamma": 0.1416939444568634, "lamda": 0.2528134506891751}, "datetime": {"datetime": "2021-09-19 14:53:26", "elapsed": 1099.350063, "delta": 8.815161}}
{"target": -5.633398905381187, "params": {"C": 65.79603894432036, "epsilon": 4.443358907276998, "gamma": 0.05282930301707092, "lamda": 0.11687817707119115}, "datetime": {"datetime": "2021-09-19 14:53:40", "elapsed": 1113.747515, "delta": 14.397452}}
{"target": 0.8784976100209524, "params": {"C": 49.65095298191025, "epsilon": 4.452172549672804, "gamma": 0.16877270346546822, "lamda": 0.17242059132986193}, "datetime": {"datetime": "2021-09-19 14:53:41", "elapsed": 1114.689816, "delta": 0.942301}}
{"target": -3.8150441888849356, "params": {"C": 71.70234673704206, "epsilon": 12.873208424031247, "gamma": 0.1904729138117589, "lamda": 0.5138976067988806}, "datetime": {"datetime": "2021-09-19 14:53:50", "elapsed": 1123.598325, "delta": 8.908509}}
{"target": -4.558499833472438, "params": {"C": 75.32467143698925, "epsilon": 2.3972347439533324, "gamma": 0.08020366674009793, "lamda": 0.021006623568905165}, "datetime": {"datetime": "2021-09-19 14:53:58", "elapsed": 1131.881305, "delta": 8.28298}}
{"target": -7.4634321120992, "params": {"C": 47.339202450846074, "epsilon": 11.646776906414878, "gamma": 0.06235171723582733, "lamda": 0.6391581553156299}, "datetime": {"datetime": "2021-09-19 14:54:08", "elapsed": 1140.975224, "delta": 9.093919}}
{"target": -6.5980030797946965, "params": {"C": 75.12668309076405, "epsilon": 13.388914769263916, "gamma": 0.1037216557010854, "lamda": 1.028262957396161}, "datetime": {"datetime": "2021-09-19 14:54:21", "elapsed": 1154.863299, "delta": 13.888075}}
{"target": -1.8454003754081296, "params": {"C": 69.22101803225415, "epsilon": 7.8061138709244355, "gamma": 0.1458437555128964, "lamda": 0.4653122037609827}, "datetime": {"datetime": "2021-09-19 14:54:30", "elapsed": 1163.68773, "delta": 8.824431}}
{"target": -6.332697479474763, "params": {"C": 54.167877765477016, "epsilon": 8.481295553495254, "gamma": 0.07531685134266956, "lamda": 0.7627933668926664}, "datetime": {"datetime": "2021-09-19 14:54:45", "elapsed": 1178.49781, "delta": 14.81008}}
{"target": 0.8742751943608633, "params": {"C": 40.273181799090125, "epsilon": 10.315801986434382, "gamma": 0.15990764358713522, "lamda": 0.020920412904415257}, "datetime": {"datetime": "2021-09-19 14:54:46", "elapsed": 1179.299973, "delta": 0.802163}}
{"target": -3.7091385305584303, "params": {"C": 70.51244640980707, "epsilon": 1.795217054087379, "gamma": 0.11910182933795388, "lamda": 1.1407664522672374}, "datetime": {"datetime": "2021-09-19 14:55:01", "elapsed": 1194.442284, "delta": 15.142311}}
{"target": -2.1729606374621597, "params": {"C": 62.89647673234007, "epsilon": 4.820832903150412, "gamma": 0.16416262762284112, "lamda": 0.7613487704326413}, "datetime": {"datetime": "2021-09-19 14:55:15", "elapsed": 1208.891217, "delta": 14.448933}}
{"target": -5.449945503776793, "params": {"C": 60.01578649951819, "epsilon": 13.529926759416844, "gamma": 0.1399276721128935, "lamda": 0.7739763055782691}, "datetime": {"datetime": "2021-09-19 14:55:29", "elapsed": 1222.796285, "delta": 13.905068}}
{"target": -4.573186789294711, "params": {"C": 46.80795903621334, "epsilon": 13.680361156522986, "gamma": 0.1703318026994089, "lamda": 0.36701874879384927}, "datetime": {"datetime": "2021-09-19 14:55:43", "elapsed": 1236.655658, "delta": 13.859373}}
{"target": -4.852839168817354, "params": {"C": 57.017586871340356, "epsilon": 13.832566894716326, "gamma": 0.17875062944993975, "lamda": 0.9602565648496256}, "datetime": {"datetime": "2021-09-19 14:55:57", "elapsed": 1250.726454, "delta": 14.070796}}
{"target": -3.553188510584948, "params": {"C": 76.51049885154998, "epsilon": 2.27765204998899, "gamma": 0.11567229229348289, "lamda": 0.3925883114052348}, "datetime": {"datetime": "2021-09-19 14:56:08", "elapsed": 1261.618482, "delta": 10.892028}}
{"target": -6.084377151651894, "params": {"C": 76.31551660017368, "epsilon": 7.4688039879661385, "gamma": 0.08187889141927107, "lamda": 0.4841849748099392}, "datetime": {"datetime": "2021-09-19 14:56:23", "elapsed": 1276.30858, "delta": 14.690098}}
{"target": -3.346802780190921, "params": {"C": 64.53811797052916, "epsilon": 2.55030254962036, "gamma": 0.11993950889740697, "lamda": 0.06672004126825679}, "datetime": {"datetime": "2021-09-19 14:56:28", "elapsed": 1281.846314, "delta": 5.537734}}
{"target": -6.715789690859389, "params": {"C": 40.102851920927286, "epsilon": 13.945508022467006, "gamma": 0.09034934231787452, "lamda": 0.047476441719321125}, "datetime": {"datetime": "2021-09-19 14:56:42", "elapsed": 1295.199485, "delta": 13.353171}}
{"target": -6.766714978860334, "params": {"C": 59.38857680329258, "epsilon": 11.659432329880437, "gamma": 0.0710938480839406, "lamda": 1.3786242970528069}, "datetime": {"datetime": "2021-09-19 14:56:56", "elapsed": 1309.903406, "delta": 14.703921}}
{"target": -7.949158829055932, "params": {"C": 62.07019832512171, "epsilon": 12.476462531522818, "gamma": 0.055513463474173706, "lamda": 0.7215541025640126}, "datetime": {"datetime": "2021-09-19 14:57:06", "elapsed": 1319.0476, "delta": 9.144194}}
{"target": -2.9960889197575877, "params": {"C": 68.21828570332191, "epsilon": 5.591254815629779, "gamma": 0.10654088284141425, "lamda": 0.6205355963570918}, "datetime": {"datetime": "2021-09-19 14:57:14", "elapsed": 1327.962027, "delta": 8.914427}}
{"target": -2.814869788229751, "params": {"C": 49.701892589664936, "epsilon": 4.516747468203709, "gamma": 0.12458929463552751, "lamda": 0.1832927801869494}, "datetime": {"datetime": "2021-09-19 14:57:23", "elapsed": 1336.378036, "delta": 8.416009}}
{"target": 0.8829554422096837, "params": {"C": 75.90915000410932, "epsilon": 1.0583218845344273, "gamma": 0.16841770502468606, "lamda": 0.0859431737982061}, "datetime": {"datetime": "2021-09-19 14:57:24", "elapsed": 1337.489545, "delta": 1.111509}}
