{"target": -4.591233339417214, "params": {"C": 79.85877413740324, "epsilon": 11.90672158506092, "gamma": 0.0525190552165924, "lamda": 0.2108602198852329}, "datetime": {"datetime": "2021-09-19 22:57:12", "elapsed": 3343.104787, "delta": 14.768653}}
{"target": -2.941343134017192, "params": {"C": 68.14905836298995, "epsilon": 10.551572307087376, "gamma": 0.06410991881450323, "lamda": 0.11435623836270825}, "datetime": {"datetime": "2021-09-19 22:57:29", "elapsed": 3360.191252, "delta": 17.086465}}
{"target": -8.136306765875052, "params": {"C": 95.18812387909372, "epsilon": 17.782499111063917, "gamma": 0.0349370150238742, "lamda": 0.6035344183343901}, "datetime": {"datetime": "2021-09-19 22:57:40", "elapsed": 3370.450276, "delta": 10.259024}}
{"target": -4.053542134203994, "params": {"C": 95.05535550517827, "epsilon": 13.812327334791757, "gamma": 0.03260737115364455, "lamda": 0.041120279141483994}, "datetime": {"datetime": "2021-09-19 22:57:50", "elapsed": 3380.792748, "delta": 10.342472}}
{"target": -3.7886618516936723, "params": {"C": 68.34200495279197, "epsilon": 10.093962012656904, "gamma": 0.0690614054602053, "lamda": 0.3145952298985924}, "datetime": {"datetime": "2021-09-19 22:58:01", "elapsed": 3391.912904, "delta": 11.120156}}
{"target": 0.8999560372930255, "params": {"C": 68.21249299130885, "epsilon": 10.03614710523931, "gamma": 0.082897012725756, "lamda": 0.08234191724628157}, "datetime": {"datetime": "2021-09-19 22:58:04", "elapsed": 3394.537434, "delta": 2.62453}}
{"target": 0.8979024745442289, "params": {"C": 68.32248237562278, "epsilon": 10.320584084286445, "gamma": 0.09313654089293755, "lamda": 0.009844573454905619}, "datetime": {"datetime": "2021-09-19 22:58:06", "elapsed": 3396.740837, "delta": 2.203403}}
{"target": -2.334946848756642, "params": {"C": 68.26724863532577, "epsilon": 10.156066672460142, "gamma": 0.06830683185146529, "lamda": 0.03298850769454363}, "datetime": {"datetime": "2021-09-19 22:58:22", "elapsed": 3412.367773, "delta": 15.626936}}
{"target": -4.960482068535774, "params": {"C": 79.92766784995229, "epsilon": 11.90289316383214, "gamma": 0.04539417889931543, "lamda": 0.00922807660352668}, "datetime": {"datetime": "2021-09-19 22:58:32", "elapsed": 3423.119772, "delta": 10.751999}}
{"target": -7.303767222938832, "params": {"C": 99.00114422292458, "epsilon": 16.023109374271232, "gamma": 0.023005034369090082, "lamda": 1.0993980952819693}, "datetime": {"datetime": "2021-09-19 22:58:43", "elapsed": 3433.237775, "delta": 10.118003}}
{"target": 0.9002909835093812, "params": {"C": 68.64352807301213, "epsilon": 10.091244792605355, "gamma": 0.08205918653813399, "lamda": 0.09986408794148223}, "datetime": {"datetime": "2021-09-19 22:58:45", "elapsed": 3435.237774, "delta": 1.999999}}
{"target": 0.9067873483830352, "params": {"C": 95.03516048334234, "epsilon": 13.866150586979359, "gamma": 0.06526055610302961, "lamda": 0.00599267479955522}, "datetime": {"datetime": "2021-09-19 22:58:47", "elapsed": 3437.312482, "delta": 2.074708}}
{"target": -4.64483664441533, "params": {"C": 68.65787022288303, "epsilon": 10.060005886981216, "gamma": 0.04040952708702242, "lamda": 0.15156490481695065}, "datetime": {"datetime": "2021-09-19 22:58:58", "elapsed": 3448.871641, "delta": 11.559159}}
{"target": -1.5368424239739493, "params": {"C": 95.51428905931445, "epsilon": 14.43082021464704, "gamma": 0.08503673835875124, "lamda": 0.1109437503408432}, "datetime": {"datetime": "2021-09-19 22:59:08", "elapsed": 3459.191364, "delta": 10.319723}}
{"target": -1.223735385992871, "params": {"C": 95.25231199806757, "epsilon": 13.605888035093908, "gamma": 0.0821595852873514, "lamda": 0.03928886401330591}, "datetime": {"datetime": "2021-09-19 22:59:19", "elapsed": 3470.132728, "delta": 10.941364}}
{"target": -5.529120148729539, "params": {"C": 81.61120512032987, "epsilon": 13.823135100133848, "gamma": 0.05189308163172703, "lamda": 0.9539273352597432}, "datetime": {"datetime": "2021-09-19 22:59:35", "elapsed": 3485.59695, "delta": 15.464222}}
{"target": -3.626475279547539, "params": {"C": 68.45006205458009, "epsilon": 10.126790532909618, "gamma": 0.015524876272409432, "lamda": 0.136787928882909}, "datetime": {"datetime": "2021-09-19 22:59:50", "elapsed": 3501.055221, "delta": 15.458271}}
{"target": -4.088971588963501, "params": {"C": 75.5499457559228, "epsilon": 13.109441087685045, "gamma": 0.08854659952740926, "lamda": 0.4158575590844883}, "datetime": {"datetime": "2021-09-19 23:00:00", "elapsed": 3511.169452, "delta": 10.114231}}
{"target": -2.7283375522682274, "params": {"C": 68.25360688601089, "epsilon": 10.073885776700621, "gamma": 0.07463219054166417, "lamda": 0.10426508795195842}, "datetime": {"datetime": "2021-09-19 23:00:17", "elapsed": 3527.458596, "delta": 16.289144}}
{"target": 0.8976539233780946, "params": {"C": 68.2511487041009, "epsilon": 10.64490825517738, "gamma": 0.0957930754588716, "lamda": 0.0032389253176073264}, "datetime": {"datetime": "2021-09-19 23:00:19", "elapsed": 3529.602056, "delta": 2.14346}}
{"target": -3.345642356712271, "params": {"C": 85.65358610179922, "epsilon": 11.544707677652477, "gamma": 0.011930576698771862, "lamda": 0.15035940008069068}, "datetime": {"datetime": "2021-09-19 23:00:34", "elapsed": 3544.955304, "delta": 15.353248}}
{"target": -3.314895349002536, "params": {"C": 95.07847390485068, "epsilon": 15.6257806222222, "gamma": 0.01024295614005229, "lamda": 0.22602722239436968}, "datetime": {"datetime": "2021-09-19 23:00:44", "elapsed": 3555.046302, "delta": 10.090998}}
{"target": -3.886816980439832, "params": {"C": 95.30724528278427, "epsilon": 13.616790604789951, "gamma": 0.06132629456984712, "lamda": 0.01021750498027877}, "datetime": {"datetime": "2021-09-19 23:01:00", "elapsed": 3570.374803, "delta": 15.328501}}
{"target": 0.8956837796841848, "params": {"C": 68.25624662680971, "epsilon": 10.419320283831688, "gamma": 0.0976449211545798, "lamda": 0.10166258121583172}, "datetime": {"datetime": "2021-09-19 23:01:02", "elapsed": 3572.786999, "delta": 2.412196}}
{"target": -2.8042968630448075, "params": {"C": 95.57286940158372, "epsilon": 14.501952813200745, "gamma": 0.07591147781431475, "lamda": 0.16974626957492234}, "datetime": {"datetime": "2021-09-19 23:01:19", "elapsed": 3589.994356, "delta": 17.207357}}
{"target": -4.558046003047512, "params": {"C": 68.38713464670143, "epsilon": 10.039511313432842, "gamma": 0.046148153654746504, "lamda": 0.07521016281519241}, "datetime": {"datetime": "2021-09-19 23:01:36", "elapsed": 3606.407245, "delta": 16.412889}}
{"target": 0.9002675503131186, "params": {"C": 68.54763569184281, "epsilon": 10.398445300063615, "gamma": 0.08434440912473369, "lamda": 0.11021128695180835}, "datetime": {"datetime": "2021-09-19 23:01:38", "elapsed": 3608.826085, "delta": 2.41884}}
{"target": 0.9070146921765267, "params": {"C": 68.04042138063518, "epsilon": 10.229441762476867, "gamma": 0.06246190736371991, "lamda": 0.0345900503104283}, "datetime": {"datetime": "2021-09-19 23:01:40", "elapsed": 3611.074993, "delta": 2.248908}}
{"target": -3.658288100133568, "params": {"C": 67.59217681356753, "epsilon": 10.778683718099, "gamma": 0.028000501260498488, "lamda": 0.08737465300813584}, "datetime": {"datetime": "2021-09-19 23:01:51", "elapsed": 3621.58607, "delta": 10.511077}}
{"target": 0.9066888847663765, "params": {"C": 68.22087974065654, "epsilon": 10.00244090763033, "gamma": 0.05346362630287246, "lamda": 0.033592803230307604}, "datetime": {"datetime": "2021-09-19 23:01:53", "elapsed": 3623.945039, "delta": 2.358969}}
{"target": -4.690189838012097, "params": {"C": 93.49240091661622, "epsilon": 12.988220849563344, "gamma": 0.07936283377478538, "lamda": 0.4001062992991628}, "datetime": {"datetime": "2021-09-19 23:02:04", "elapsed": 3634.684133, "delta": 10.739094}}
{"target": -1.1385468328364876, "params": {"C": 99.37903826713726, "epsilon": 15.679545554578825, "gamma": 0.09864622192333214, "lamda": 0.10417267696804279}, "datetime": {"datetime": "2021-09-19 23:02:14", "elapsed": 3644.408134, "delta": 9.724001}}
{"target": -5.474081075171644, "params": {"C": 69.06009459260113, "epsilon": 15.365740891473717, "gamma": 0.06399244125747673, "lamda": 0.2742990808962927}, "datetime": {"datetime": "2021-09-19 23:02:30", "elapsed": 3660.372136, "delta": 15.964002}}
{"target": 0.895274313344669, "params": {"C": 68.62800494366337, "epsilon": 10.062761304843026, "gamma": 0.09909283145600625, "lamda": 0.07074918633062238}, "datetime": {"datetime": "2021-09-19 23:02:32", "elapsed": 3662.941134, "delta": 2.568998}}
{"target": -3.4171986843247835, "params": {"C": 93.61638143560268, "epsilon": 12.996385824823012, "gamma": 0.015129075902702053, "lamda": 0.27253025687578214}, "datetime": {"datetime": "2021-09-19 23:02:43", "elapsed": 3673.898133, "delta": 10.956999}}
{"target": 0.8978480310098236, "params": {"C": 68.61831038129664, "epsilon": 10.145811005148563, "gamma": 0.09400164152923635, "lamda": 0.13783602231923658}, "datetime": {"datetime": "2021-09-19 23:02:46", "elapsed": 3676.263421, "delta": 2.365288}}
{"target": -5.060419668297504, "params": {"C": 98.02841288550107, "epsilon": 16.25051857158479, "gamma": 0.0993340656881795, "lamda": 0.47540966237021615}, "datetime": {"datetime": "2021-09-19 23:02:56", "elapsed": 3686.28215, "delta": 10.018729}}
{"target": -6.341718631488283, "params": {"C": 98.75259159364577, "epsilon": 14.628503999213983, "gamma": 0.034193982646008814, "lamda": 0.39580093360665713}, "datetime": {"datetime": "2021-09-19 23:03:06", "elapsed": 3696.370861, "delta": 10.088711}}
{"target": -2.6919404563250566, "params": {"C": 68.39849749885965, "epsilon": 10.209762783871039, "gamma": 0.06253961559392186, "lamda": 0.11430814212879953}, "datetime": {"datetime": "2021-09-19 23:03:19", "elapsed": 3710.186778, "delta": 13.815917}}
{"target": -5.100740256453742, "params": {"C": 87.04220180221958, "epsilon": 16.772004380920823, "gamma": 0.099619745876109, "lamda": 0.7237418446552053}, "datetime": {"datetime": "2021-09-19 23:03:35", "elapsed": 3725.624291, "delta": 15.437513}}
{"target": -1.4822119652521066, "params": {"C": 99.28812442113188, "epsilon": 15.615365124220768, "gamma": 0.08710556609757532, "lamda": 0.05178161518920395}, "datetime": {"datetime": "2021-09-19 23:03:46", "elapsed": 3736.565449, "delta": 10.941158}}
{"target": -2.5597062824815957, "params": {"C": 68.63565773925275, "epsilon": 10.38879443180948, "gamma": 0.08109193523322485, "lamda": 0.10993076262701537}, "datetime": {"datetime": "2021-09-19 23:03:56", "elapsed": 3746.515128, "delta": 9.949679}}
{"target": -2.643572836383028, "params": {"C": 68.5752896161343, "epsilon": 10.235488974388081, "gamma": 0.06966763800484331, "lamda": 0.10665363402802164}, "datetime": {"datetime": "2021-09-19 23:04:12", "elapsed": 3762.704035, "delta": 16.188907}}
{"target": 0.9019339741913999, "params": {"C": 80.1100018486714, "epsilon": 11.813528537420908, "gamma": 0.08206440279046309, "lamda": 0.019641614389035843}, "datetime": {"datetime": "2021-09-19 23:04:14", "elapsed": 3765.111616, "delta": 2.407581}}
{"target": 0.8976958334825896, "params": {"C": 68.55018320618531, "epsilon": 10.151849871687395, "gamma": 0.09201611747770914, "lamda": 0.08331543018072454}, "datetime": {"datetime": "2021-09-19 23:04:17", "elapsed": 3767.814948, "delta": 2.703332}}
{"target": 0.9040857940107587, "params": {"C": 68.5860999123874, "epsilon": 10.127357412851076, "gamma": 0.06694573029211855, "lamda": 0.07181555899997895}, "datetime": {"datetime": "2021-09-19 23:04:20", "elapsed": 3770.364401, "delta": 2.549453}}
{"target": -6.3957890828670525, "params": {"C": 94.99488052260973, "epsilon": 13.929244765998227, "gamma": 0.03883555615755797, "lamda": 0.006555563594406765}, "datetime": {"datetime": "2021-09-19 23:04:30", "elapsed": 3781.088746, "delta": 10.724345}}
{"target": -1.2224495826223523, "params": {"C": 99.32490198993234, "epsilon": 15.698231544904754, "gamma": 0.09402902623153982, "lamda": 0.03292341120611503}, "datetime": {"datetime": "2021-09-19 23:04:41", "elapsed": 3791.924745, "delta": 10.835999}}
{"target": -3.7616143142331824, "params": {"C": 67.99087877457285, "epsilon": 10.035149942514533, "gamma": 0.07789154836844982, "lamda": 0.7601900307766978}, "datetime": {"datetime": "2021-09-19 23:04:57", "elapsed": 3807.573744, "delta": 15.648999}}
{"target": 0.8999491319497365, "params": {"C": 68.33699885452627, "epsilon": 10.408376968520887, "gamma": 0.08510567156266366, "lamda": 0.1009707123146171}, "datetime": {"datetime": "2021-09-19 23:04:59", "elapsed": 3810.062745, "delta": 2.489001}}
{"target": -3.198428608961134, "params": {"C": 77.4101630300307, "epsilon": 13.364519092149063, "gamma": 0.02149258947215062, "lamda": 0.5218814491299771}, "datetime": {"datetime": "2021-09-19 23:05:10", "elapsed": 3820.290744, "delta": 10.227999}}
{"target": -4.291153865484203, "params": {"C": 90.74382844922744, "epsilon": 12.467424720854721, "gamma": 0.029058080949341036, "lamda": 0.17699993885201473}, "datetime": {"datetime": "2021-09-19 23:05:22", "elapsed": 3832.397746, "delta": 12.107002}}
{"target": -5.68184181131661, "params": {"C": 68.62495169706149, "epsilon": 12.60062433781746, "gamma": 0.03292684225781546, "lamda": 1.2433638684021315}, "datetime": {"datetime": "2021-09-19 23:05:38", "elapsed": 3848.643744, "delta": 16.245998}}
{"target": -6.461575627709559, "params": {"C": 79.34696965723958, "epsilon": 17.629904565725937, "gamma": 0.01128973278121449, "lamda": 0.9313270203821644}, "datetime": {"datetime": "2021-09-19 23:05:48", "elapsed": 3859.195744, "delta": 10.552}}
{"target": 0.9038590708786636, "params": {"C": 94.93517188763938, "epsilon": 13.969589705132957, "gamma": 0.08546022009156161, "lamda": 0.017049491556129934}, "datetime": {"datetime": "2021-09-19 23:05:51", "elapsed": 3861.679743, "delta": 2.483999}}
{"target": -5.0078221350139, "params": {"C": 68.54165430650019, "epsilon": 10.494051050083165, "gamma": 0.038250260265163025, "lamda": 0.1642523898931933}, "datetime": {"datetime": "2021-09-19 23:06:02", "elapsed": 3872.780746, "delta": 11.101003}}
{"target": -4.9840708347247356, "params": {"C": 89.1584091468526, "epsilon": 13.405930083237712, "gamma": 0.06527342746572774, "lamda": 1.2486767829368304}, "datetime": {"datetime": "2021-09-19 23:06:18", "elapsed": 3888.584744, "delta": 15.803998}}
{"target": -5.723832561374178, "params": {"C": 86.44736550965423, "epsilon": 13.905912884688302, "gamma": 0.035175632810110775, "lamda": 0.19932029635520657}, "datetime": {"datetime": "2021-09-19 23:06:28", "elapsed": 3898.822866, "delta": 10.238122}}
{"target": -4.547135573431047, "params": {"C": 99.46468392162022, "epsilon": 14.069376299691456, "gamma": 0.07417104434714535, "lamda": 0.9973061855398883}, "datetime": {"datetime": "2021-09-19 23:06:44", "elapsed": 3914.479865, "delta": 15.656999}}
{"target": -5.1612520953945, "params": {"C": 68.26182576453675, "epsilon": 10.677239811074292, "gamma": 0.037784863815745744, "lamda": 0.024827455519597485}, "datetime": {"datetime": "2021-09-19 23:06:56", "elapsed": 3926.465864, "delta": 11.985999}}
{"target": -2.7451184260612482, "params": {"C": 68.54454335228003, "epsilon": 10.052782846624586, "gamma": 0.058060743488814064, "lamda": 0.10312921624820617}, "datetime": {"datetime": "2021-09-19 23:07:13", "elapsed": 3943.428152, "delta": 16.962288}}
{"target": -6.149183371358059, "params": {"C": 71.74085324812954, "epsilon": 14.689127233194693, "gamma": 0.04322859264167447, "lamda": 0.383747001966403}, "datetime": {"datetime": "2021-09-19 23:07:29", "elapsed": 3959.630064, "delta": 16.201912}}
{"target": -5.651143058307682, "params": {"C": 97.99663013989294, "epsilon": 17.786338158321293, "gamma": 0.0856064611808586, "lamda": 1.4031845877494376}, "datetime": {"datetime": "2021-09-19 23:07:44", "elapsed": 3975.00958, "delta": 15.379516}}
{"target": -6.701954628775889, "params": {"C": 91.5810063466664, "epsilon": 17.461594767042214, "gamma": 0.0518118171941793, "lamda": 1.2047552100701302}, "datetime": {"datetime": "2021-09-19 23:08:00", "elapsed": 3990.790573, "delta": 15.780993}}
{"target": -1.3279829160472505, "params": {"C": 98.72045197141165, "epsilon": 12.570723736463858, "gamma": 0.08703386201045148, "lamda": 0.47602899832107753}, "datetime": {"datetime": "2021-09-19 23:08:10", "elapsed": 4000.584576, "delta": 9.794003}}
{"target": -4.514400807565864, "params": {"C": 68.44993840748717, "epsilon": 10.456722828739476, "gamma": 0.04522518614244406, "lamda": 0.12394013842480565}, "datetime": {"datetime": "2021-09-19 23:08:27", "elapsed": 4017.987028, "delta": 17.402452}}
{"target": 0.9020271483665352, "params": {"C": 68.18918387665579, "epsilon": 10.495132471445313, "gamma": 0.07899643865420632, "lamda": 0.05218061236142452}, "datetime": {"datetime": "2021-09-19 23:08:30", "elapsed": 4020.447027, "delta": 2.459999}}
{"target": -4.917084551040814, "params": {"C": 98.74508158902192, "epsilon": 12.577252838200614, "gamma": 0.024301191498424732, "lamda": 0.434300889625327}, "datetime": {"datetime": "2021-09-19 23:08:42", "elapsed": 4032.801462, "delta": 12.354435}}
{"target": -2.009962819592777, "params": {"C": 94.2823879585952, "epsilon": 10.266918573008425, "gamma": 0.05322251730508771, "lamda": 0.04443054464057498}, "datetime": {"datetime": "2021-09-19 23:08:52", "elapsed": 4043.048767, "delta": 10.247305}}
{"target": -5.841901854766165, "params": {"C": 86.59267694018992, "epsilon": 15.378345740807989, "gamma": 0.04327572931325924, "lamda": 0.8521922815990653}, "datetime": {"datetime": "2021-09-19 23:09:08", "elapsed": 4058.75077, "delta": 15.702003}}
{"target": -5.578017397676857, "params": {"C": 99.24481337613591, "epsilon": 15.616620738118264, "gamma": 0.01706653961218093, "lamda": 0.03715263991444302}, "datetime": {"datetime": "2021-09-19 23:09:25", "elapsed": 4075.759731, "delta": 17.008961}}
{"target": -5.374069838921751, "params": {"C": 75.68097769614783, "epsilon": 16.56110603788192, "gamma": 0.08845946056554423, "lamda": 1.1333144253916587}, "datetime": {"datetime": "2021-09-19 23:09:41", "elapsed": 4091.371654, "delta": 15.611923}}
{"target": -5.359512284829535, "params": {"C": 86.7948104932397, "epsilon": 13.789978205739851, "gamma": 0.05642304210166189, "lamda": 1.4132587996045685}, "datetime": {"datetime": "2021-09-19 23:09:57", "elapsed": 4107.357301, "delta": 15.985647}}
{"target": 0.8975571734708823, "params": {"C": 67.38111467154826, "epsilon": 12.476829704317318, "gamma": 0.08963633811572655, "lamda": 0.060160093038959354}, "datetime": {"datetime": "2021-09-19 23:09:58", "elapsed": 4108.865299, "delta": 1.507998}}
{"target": -3.9121386096457043, "params": {"C": 70.21800590195, "epsilon": 12.424574029998197, "gamma": 0.0895705081965659, "lamda": 0.9411356825094803}, "datetime": {"datetime": "2021-09-19 23:10:14", "elapsed": 4124.548622, "delta": 15.683323}}
{"target": -6.4715225953766735, "params": {"C": 96.98534697451842, "epsilon": 15.122790083396232, "gamma": 0.030366308476216824, "lamda": 0.9621092113079853}, "datetime": {"datetime": "2021-09-19 23:10:30", "elapsed": 4140.844029, "delta": 16.295407}}
{"target": -1.2705714852149534, "params": {"C": 96.99974025554599, "epsilon": 15.873834312607883, "gamma": 0.1, "lamda": 0.05193975072811076}, "datetime": {"datetime": "2021-09-19 23:10:42", "elapsed": 4152.452964, "delta": 11.608935}}
{"target": -2.909515978770443, "params": {"C": 88.01403350734522, "epsilon": 10.225387065752518, "gamma": 0.027627939896733268, "lamda": 0.4410154206962119}, "datetime": {"datetime": "2021-09-19 23:10:52", "elapsed": 4162.69963, "delta": 10.246666}}
{"target": -2.916095037284928, "params": {"C": 94.32610937603783, "epsilon": 10.373438013689977, "gamma": 0.05369057921464282, "lamda": 0.05420786530974207}, "datetime": {"datetime": "2021-09-19 23:11:09", "elapsed": 4179.75263, "delta": 17.053}}
{"target": -5.104034928269635, "params": {"C": 91.48612472343318, "epsilon": 12.024143274961496, "gamma": 0.04671863910858546, "lamda": 0.765232364017747}, "datetime": {"datetime": "2021-09-19 23:11:25", "elapsed": 4195.544628, "delta": 15.791998}}
{"target": 0.8993276036121625, "params": {"C": 80.17024904285202, "epsilon": 11.820826954491288, "gamma": 0.08542534553588065, "lamda": 0.02308382248803779}, "datetime": {"datetime": "2021-09-19 23:11:27", "elapsed": 4198.055701, "delta": 2.511073}}
{"target": 0.8997935181754807, "params": {"C": 67.43617286394165, "epsilon": 12.45418429781904, "gamma": 0.08117863042544621, "lamda": 0.017030736618846864}, "datetime": {"datetime": "2021-09-19 23:11:30", "elapsed": 4200.896883, "delta": 2.841182}}
{"target": -2.810825229330032, "params": {"C": 67.41422351297697, "epsilon": 12.385009376817127, "gamma": 0.06624449438574022, "lamda": 0.10100546712919327}, "datetime": {"datetime": "2021-09-19 23:11:48", "elapsed": 4218.662059, "delta": 17.765176}}
{"target": -5.752930210422822, "params": {"C": 79.26963822810075, "epsilon": 13.051664486116874, "gamma": 0.0374846635328286, "lamda": 0.7157552101264926}, "datetime": {"datetime": "2021-09-19 23:12:04", "elapsed": 4234.911057, "delta": 16.248998}}
{"target": -2.057850269383895, "params": {"C": 70.81591624482081, "epsilon": 11.066422019651366, "gamma": 0.0777265717522647, "lamda": 0.1680693968347394}, "datetime": {"datetime": "2021-09-19 23:12:19", "elapsed": 4250.067055, "delta": 15.155998}}
{"target": -2.35618520355603, "params": {"C": 95.521921222838, "epsilon": 13.790393524237597, "gamma": 0.011590968194080413, "lamda": 1.40627072632081}, "datetime": {"datetime": "2021-09-19 23:12:30", "elapsed": 4260.306058, "delta": 10.239003}}
{"target": -4.947521351065061, "params": {"C": 95.52164642950959, "epsilon": 14.096956811713428, "gamma": 0.06659059760403728, "lamda": 1.2274768865838706}, "datetime": {"datetime": "2021-09-19 23:12:45", "elapsed": 4276.024058, "delta": 15.718}}
{"target": 0.9015559558315283, "params": {"C": 67.40838396716701, "epsilon": 12.576976100942009, "gamma": 0.07198350533118424, "lamda": 0.037598079374674596}, "datetime": {"datetime": "2021-09-19 23:12:49", "elapsed": 4279.276057, "delta": 3.251999}}
