{"target": -3.8072252419463313, "params": {"C": 235.87327757874095, "epsilon": 3.6923983739088047, "gamma": 0.1062072673554909, "lamda": 0.1541770112164671}, "datetime": {"datetime": "2021-09-20 08:54:33", "elapsed": 985.529504, "delta": 13.238988}}
{"target": -4.780043601647987, "params": {"C": 235.32869860570733, "epsilon": 2.3819784051007065, "gamma": 0.07182433705088995, "lamda": 0.013642801473992407}, "datetime": {"datetime": "2021-09-20 08:54:48", "elapsed": 1000.584509, "delta": 15.055005}}
{"target": 0.8689643452103875, "params": {"C": 206.68862689921497, "epsilon": 0.49016778072143663, "gamma": 0.1966493371774368, "lamda": 0.036323388653301425}, "datetime": {"datetime": "2021-09-20 08:54:48", "elapsed": 1000.968508, "delta": 0.383999}}
{"target": -2.4228933205636167, "params": {"C": 271.77880465808096, "epsilon": 4.387312060283901, "gamma": 0.13924058421525895, "lamda": 0.1138993130546624}, "datetime": {"datetime": "2021-09-20 08:54:57", "elapsed": 1009.230508, "delta": 8.262}}
{"target": -4.9622616631339875, "params": {"C": 174.1457155223413, "epsilon": 2.387712111540201, "gamma": 0.07230854997526692, "lamda": 0.04500876652285911}, "datetime": {"datetime": "2021-09-20 08:55:05", "elapsed": 1017.288131, "delta": 8.057623}}
{"target": -1.8556361379102455, "params": {"C": 238.8767803148695, "epsilon": 1.6301222047393933, "gamma": 0.1836795829263284, "lamda": 0.18192719535478646}, "datetime": {"datetime": "2021-09-20 08:55:21", "elapsed": 1033.550823, "delta": 16.262692}}
{"target": -5.587109703012526, "params": {"C": 188.56774406732944, "epsilon": 0.643367373645743, "gamma": 0.042627732743727005, "lamda": 0.09991733455160653}, "datetime": {"datetime": "2021-09-20 08:55:29", "elapsed": 1042.094719, "delta": 8.543896}}
{"target": -5.362817708006344, "params": {"C": 259.2878501961894, "epsilon": 1.1201527482030784, "gamma": 0.05336654388355999, "lamda": 0.17033452331539847}, "datetime": {"datetime": "2021-09-20 08:55:39", "elapsed": 1051.255853, "delta": 9.161134}}
{"target": -5.636004910442895, "params": {"C": 212.37730774012908, "epsilon": 3.1217568290606574, "gamma": 0.050564897151653763, "lamda": 0.02039434991790006}, "datetime": {"datetime": "2021-09-20 08:55:55", "elapsed": 1067.77186, "delta": 16.516007}}
{"target": -5.628763661336853, "params": {"C": 227.3785525452795, "epsilon": 2.437990836543934, "gamma": 0.034770970598166834, "lamda": 0.12436162454185136}, "datetime": {"datetime": "2021-09-20 08:56:11", "elapsed": 1083.639854, "delta": 15.867994}}
{"target": -5.495303437263061, "params": {"C": 231.60151782209073, "epsilon": 3.3052730001566477, "gamma": 0.033186380324308665, "lamda": 0.15030581189923164}, "datetime": {"datetime": "2021-09-20 08:56:26", "elapsed": 1098.283851, "delta": 14.643997}}
{"target": 0.8793774486942847, "params": {"C": 183.3073709699884, "epsilon": 2.6448239393935618, "gamma": 0.1581327255032157, "lamda": 0.0044670632679332445}, "datetime": {"datetime": "2021-09-20 08:56:26", "elapsed": 1098.680859, "delta": 0.397008}}
{"target": -2.111119529742068, "params": {"C": 198.654368958928, "epsilon": 4.377319644360544, "gamma": 0.16971837348240357, "lamda": 0.10768858007831615}, "datetime": {"datetime": "2021-09-20 08:56:39", "elapsed": 1111.679862, "delta": 12.999003}}
{"target": -2.533969611884787, "params": {"C": 279.9912411249769, "epsilon": 4.75404935763277, "gamma": 0.16614936453772158, "lamda": 0.17082323465186391}, "datetime": {"datetime": "2021-09-20 08:56:47", "elapsed": 1119.974859, "delta": 8.294997}}
{"target": -3.223259342780084, "params": {"C": 164.81151027305225, "epsilon": 3.2913912284708564, "gamma": 0.14218581268976735, "lamda": 0.12204855228851329}, "datetime": {"datetime": "2021-09-20 08:57:01", "elapsed": 1133.88386, "delta": 13.909001}}
{"target": 0.8777585101343557, "params": {"C": 269.9422892604042, "epsilon": 0.2693989773710078, "gamma": 0.1551965532382211, "lamda": 0.14634598841930466}, "datetime": {"datetime": "2021-09-20 08:57:02", "elapsed": 1134.24986, "delta": 0.366}}
{"target": 0.8921193489620092, "params": {"C": 188.95475899475298, "epsilon": 1.3596395642285188, "gamma": 0.12829914689887492, "lamda": 0.06906014702075472}, "datetime": {"datetime": "2021-09-20 08:57:02", "elapsed": 1134.609856, "delta": 0.359996}}
{"target": -2.8673894549257937, "params": {"C": 269.4883017010931, "epsilon": 2.286116536816941, "gamma": 0.15763613588291353, "lamda": 0.19809436625298452}, "datetime": {"datetime": "2021-09-20 08:57:17", "elapsed": 1150.140855, "delta": 15.530999}}
{"target": 0.8742523653850389, "params": {"C": 195.037250930085, "epsilon": 0.8007285584646869, "gamma": 0.18075514508810842, "lamda": 0.10831233421809577}, "datetime": {"datetime": "2021-09-20 08:57:18", "elapsed": 1150.505858, "delta": 0.365003}}
{"target": -1.474424133032851, "params": {"C": 296.21105562826233, "epsilon": 3.219361560009297, "gamma": 0.1988130397990434, "lamda": 0.10921461475778618}, "datetime": {"datetime": "2021-09-20 08:57:27", "elapsed": 1159.324278, "delta": 8.81842}}
{"target": -4.819107247087578, "params": {"C": 228.9638900858282, "epsilon": 0.7635967250536325, "gamma": 0.07436250834185683, "lamda": 0.005244687240707361}, "datetime": {"datetime": "2021-09-20 08:57:32", "elapsed": 1165.205604, "delta": 5.881326}}
{"target": -2.6361836632237488, "params": {"C": 174.05927692794737, "epsilon": 3.753622244266731, "gamma": 0.010927939536113821, "lamda": 0.07330925290565163}, "datetime": {"datetime": "2021-09-20 08:57:48", "elapsed": 1180.629813, "delta": 15.424209}}
{"target": -2.4109428449651964, "params": {"C": 279.3519379257066, "epsilon": 3.494120815786036, "gamma": 0.13973371770290288, "lamda": 0.037728171554261225}, "datetime": {"datetime": "2021-09-20 08:57:57", "elapsed": 1189.431898, "delta": 8.802085}}
{"target": 0.8668656046438385, "params": {"C": 216.2856421122635, "epsilon": 2.9497292959870274, "gamma": 0.19800158299442253, "lamda": 0.04078204114039914}, "datetime": {"datetime": "2021-09-20 08:57:57", "elapsed": 1189.800898, "delta": 0.369}}
{"target": 0.8821196999458161, "params": {"C": 187.15993526435324, "epsilon": 1.3846481104872685, "gamma": 0.1512836205931086, "lamda": 0.09139560851181112}, "datetime": {"datetime": "2021-09-20 08:57:57", "elapsed": 1190.159773, "delta": 0.358875}}
{"target": -5.016856466998981, "params": {"C": 158.53941576166426, "epsilon": 2.5917295789901744, "gamma": 0.04633223210551681, "lamda": 0.1597210503477973}, "datetime": {"datetime": "2021-09-20 08:58:11", "elapsed": 1203.253053, "delta": 13.09328}}
{"target": -2.8169877422944833, "params": {"C": 194.59970722609083, "epsilon": 0.2352694585770678, "gamma": 0.12071932764560112, "lamda": 0.16876824194580883}, "datetime": {"datetime": "2021-09-20 08:58:19", "elapsed": 1212.119061, "delta": 8.866008}}
{"target": -3.797094622378518, "params": {"C": 207.15241860933213, "epsilon": 3.774305722558103, "gamma": 0.10467258826794, "lamda": 0.10819082004063277}, "datetime": {"datetime": "2021-09-20 08:58:29", "elapsed": 1221.532058, "delta": 9.412997}}
{"target": -2.785381019358112, "params": {"C": 293.91514815926286, "epsilon": 4.03940836834337, "gamma": 0.011302997991596926, "lamda": 0.14187774085900778}, "datetime": {"datetime": "2021-09-20 08:58:37", "elapsed": 1230.089056, "delta": 8.556998}}
{"target": -6.088132042875727, "params": {"C": 219.7502222345259, "epsilon": 4.742989812835989, "gamma": 0.04817938319308022, "lamda": 0.053415136864853476}, "datetime": {"datetime": "2021-09-20 08:58:53", "elapsed": 1245.24806, "delta": 15.159004}}
{"target": -5.558431540535997, "params": {"C": 162.2210947315893, "epsilon": 2.2002322604525544, "gamma": 0.02625865898371832, "lamda": 0.12675771833562297}, "datetime": {"datetime": "2021-09-20 08:59:09", "elapsed": 1262.108054, "delta": 16.859994}}
{"target": -2.506589354519958, "params": {"C": 270.44448560606065, "epsilon": 3.5143224309888748, "gamma": 0.15441121930977525, "lamda": 0.06849148151458412}, "datetime": {"datetime": "2021-09-20 08:59:23", "elapsed": 1276.204062, "delta": 14.096008}}
{"target": -2.4449825808358603, "params": {"C": 276.87772245415164, "epsilon": 2.2009669974972685, "gamma": 0.16568192473040216, "lamda": 0.12529960522870012}, "datetime": {"datetime": "2021-09-20 08:59:32", "elapsed": 1284.692058, "delta": 8.487996}}
{"target": 0.8445833883739357, "params": {"C": 171.51345730053674, "epsilon": 0.484095809289245, "gamma": 0.008574865368036422, "lamda": 0.013345932802873654}, "datetime": {"datetime": "2021-09-20 08:59:32", "elapsed": 1285.072058, "delta": 0.38}}
{"target": -1.9943366477445577, "params": {"C": 218.78757205626476, "epsilon": 0.6553754215611933, "gamma": 0.010417753025490641, "lamda": 0.1509725414166121}, "datetime": {"datetime": "2021-09-20 08:59:41", "elapsed": 1294.046062, "delta": 8.974004}}
{"target": -4.6940437539962865, "params": {"C": 209.2275720690959, "epsilon": 3.7599986284768736, "gamma": 0.09321894121555806, "lamda": 0.09001789931340523}, "datetime": {"datetime": "2021-09-20 08:59:50", "elapsed": 1303.08206, "delta": 9.035998}}
{"target": -2.4519807067697377, "params": {"C": 221.71087600767464, "epsilon": 2.422619240154751, "gamma": 0.1616168517122631, "lamda": 0.08047910157902731}, "datetime": {"datetime": "2021-09-20 09:00:04", "elapsed": 1317.008061, "delta": 13.926001}}
{"target": 0.8768161524452862, "params": {"C": 285.70292405154345, "epsilon": 0.28159913497477573, "gamma": 0.15590549683048166, "lamda": 0.02512915058616663}, "datetime": {"datetime": "2021-09-20 09:00:05", "elapsed": 1317.359058, "delta": 0.350997}}
{"target": 0.8972471418739205, "params": {"C": 242.77703503681283, "epsilon": 0.1507848805426365, "gamma": 0.11003232010238767, "lamda": 0.000604588305962653}, "datetime": {"datetime": "2021-09-20 09:00:05", "elapsed": 1317.718061, "delta": 0.359003}}
{"target": -2.7540519238196577, "params": {"C": 292.67906782353066, "epsilon": 4.5364699651436124, "gamma": 0.16021355367874254, "lamda": 0.1830549487086376}, "datetime": {"datetime": "2021-09-20 09:00:19", "elapsed": 1332.218057, "delta": 14.499996}}
{"target": -5.006439036243798, "params": {"C": 171.83373467375955, "epsilon": 0.8728773423656131, "gamma": 0.041588176215974625, "lamda": 0.12449955796408194}, "datetime": {"datetime": "2021-09-20 09:00:28", "elapsed": 1340.870061, "delta": 8.652004}}
{"target": -2.6819185221008066, "params": {"C": 285.87142440124524, "epsilon": 4.950780373959461, "gamma": 0.14366887945933413, "lamda": 0.14636035002804992}, "datetime": {"datetime": "2021-09-20 09:00:40", "elapsed": 1352.884058, "delta": 12.013997}}
{"target": -6.1148166193539675, "params": {"C": 286.39398068163814, "epsilon": 2.0642812886184925, "gamma": 0.05372088264388217, "lamda": 0.034686860727253785}, "datetime": {"datetime": "2021-09-20 09:00:53", "elapsed": 1366.025061, "delta": 13.141003}}
{"target": -5.5250747023561, "params": {"C": 167.91855755005935, "epsilon": 4.081791881360861, "gamma": 0.03362451281636242, "lamda": 0.05286023224789741}, "datetime": {"datetime": "2021-09-20 09:01:07", "elapsed": 1380.093059, "delta": 14.067998}}
{"target": 0.8659873082949074, "params": {"C": 272.86337679502964, "epsilon": 1.6218775337916291, "gamma": 0.19657140261212386, "lamda": 0.05332847379162489}, "datetime": {"datetime": "2021-09-20 09:01:08", "elapsed": 1380.479058, "delta": 0.385999}}
{"target": 0.8717963024329716, "params": {"C": 230.04800174568172, "epsilon": 1.6408883548106634, "gamma": 0.1826007020788983, "lamda": 0.07331196221360305}, "datetime": {"datetime": "2021-09-20 09:01:08", "elapsed": 1380.855062, "delta": 0.376004}}
{"target": 0.8709390520419511, "params": {"C": 215.03884909097468, "epsilon": 2.610234192163971, "gamma": 0.1880828630870941, "lamda": 0.006190770305223872}, "datetime": {"datetime": "2021-09-20 09:01:08", "elapsed": 1381.194054, "delta": 0.338992}}
{"target": -2.658805243874246, "params": {"C": 257.53179954475337, "epsilon": 4.465992876032461, "gamma": 0.01032100858590642, "lamda": 0.1044107273992549}, "datetime": {"datetime": "2021-09-20 09:01:22", "elapsed": 1394.317054, "delta": 13.123}}
{"target": -3.5203978616630227, "params": {"C": 198.89847176550379, "epsilon": 4.31149767224137, "gamma": 0.11391072742989099, "lamda": 0.1380458834046814}, "datetime": {"datetime": "2021-09-20 09:01:34", "elapsed": 1406.438061, "delta": 12.121007}}
{"target": -4.825623396795016, "params": {"C": 217.92802499273063, "epsilon": 3.1787142838546503, "gamma": 0.061568886079048035, "lamda": 0.0018707062447251897}, "datetime": {"datetime": "2021-09-20 09:01:39", "elapsed": 1412.168062, "delta": 5.730001}}
{"target": -3.3868206102790435, "params": {"C": 236.51339024806362, "epsilon": 1.626076649249068, "gamma": 0.10586718170772032, "lamda": 0.1832812542049265}, "datetime": {"datetime": "2021-09-20 09:01:48", "elapsed": 1420.638056, "delta": 8.469994}}
{"target": -4.5634836998954444, "params": {"C": 213.9712182752094, "epsilon": 1.3122405793516887, "gamma": 0.07740228344941562, "lamda": 0.1863722914661915}, "datetime": {"datetime": "2021-09-20 09:01:57", "elapsed": 1429.774057, "delta": 9.136001}}
{"target": -1.6505475676071626, "params": {"C": 290.53025719636406, "epsilon": 4.237216747971995, "gamma": 0.1844402702896038, "lamda": 0.04558083008997344}, "datetime": {"datetime": "2021-09-20 09:02:06", "elapsed": 1438.385062, "delta": 8.611005}}
{"target": -4.731252784298022, "params": {"C": 163.12233143303862, "epsilon": 1.213817707794975, "gamma": 0.06630344014223984, "lamda": 0.03495400050538596}, "datetime": {"datetime": "2021-09-20 09:02:14", "elapsed": 1447.121057, "delta": 8.735995}}
{"target": 0.8757708605898251, "params": {"C": 241.06412429586908, "epsilon": 2.126573433505691, "gamma": 0.16418854480630676, "lamda": 0.03702689452340786}, "datetime": {"datetime": "2021-09-20 09:02:15", "elapsed": 1447.485064, "delta": 0.364007}}
{"target": -2.596781406757269, "params": {"C": 255.28147946344654, "epsilon": 1.2777425617607805, "gamma": 0.11697272232396765, "lamda": 0.06979817045656056}, "datetime": {"datetime": "2021-09-20 09:02:24", "elapsed": 1456.580056, "delta": 9.094992}}
{"target": 0.8921582623116788, "params": {"C": 158.5446599224249, "epsilon": 1.2211869877058419, "gamma": 0.13449999829418474, "lamda": 0.0994505214220129}, "datetime": {"datetime": "2021-09-20 09:02:24", "elapsed": 1456.939062, "delta": 0.359006}}
{"target": -2.851951081287339, "params": {"C": 227.8523976110518, "epsilon": 0.9561287355337202, "gamma": 0.11628959105152, "lamda": 0.1993506882882168}, "datetime": {"datetime": "2021-09-20 09:02:33", "elapsed": 1465.704057, "delta": 8.764995}}
{"target": -1.807250041333802, "params": {"C": 272.5252663187433, "epsilon": 3.012425856771791, "gamma": 0.19531786832452647, "lamda": 0.1803126153712796}, "datetime": {"datetime": "2021-09-20 09:02:47", "elapsed": 1480.151061, "delta": 14.447004}}
{"target": 0.847598032762317, "params": {"C": 239.34119004039684, "epsilon": 0.25888899404083987, "gamma": 0.02324753368440875, "lamda": 0.013075277636730234}, "datetime": {"datetime": "2021-09-20 09:02:48", "elapsed": 1480.600063, "delta": 0.449002}}
{"target": 0.8682449446137818, "params": {"C": 217.7599723037213, "epsilon": 1.9396306825225031, "gamma": 0.1951932566827059, "lamda": 0.033597490656629786}, "datetime": {"datetime": "2021-09-20 09:02:48", "elapsed": 1480.958058, "delta": 0.357995}}
{"target": -2.3374422894467033, "params": {"C": 295.9181387898983, "epsilon": 3.8606268574287643, "gamma": 0.1657263787267771, "lamda": 0.12652353073978267}, "datetime": {"datetime": "2021-09-20 09:02:58", "elapsed": 1490.947061, "delta": 9.989003}}
{"target": -1.8162014256781829, "params": {"C": 250.3099155310098, "epsilon": 2.4367234342538477, "gamma": 0.007561589599999088, "lamda": 0.07060186410227942}, "datetime": {"datetime": "2021-09-20 09:03:12", "elapsed": 1505.060075, "delta": 14.113014}}
{"target": -3.7487988435603343, "params": {"C": 223.81077022403377, "epsilon": 3.6774469343415115, "gamma": 0.0963825268354913, "lamda": 0.09148152581297025}, "datetime": {"datetime": "2021-09-20 09:03:22", "elapsed": 1514.553277, "delta": 9.493202}}
{"target": 0.8838481084252376, "params": {"C": 170.64941114184046, "epsilon": 0.15335479563704707, "gamma": 0.15286426079301427, "lamda": 0.0639912476626976}, "datetime": {"datetime": "2021-09-20 09:03:22", "elapsed": 1514.898274, "delta": 0.344997}}
{"target": -4.943661414741025, "params": {"C": 297.65751752902656, "epsilon": 1.1791477081798645, "gamma": 0.07104806496892754, "lamda": 0.10477970323709068}, "datetime": {"datetime": "2021-09-20 09:03:31", "elapsed": 1524.050274, "delta": 9.152}}
{"target": -5.185901669632342, "params": {"C": 263.2337185590799, "epsilon": 2.3729031411114487, "gamma": 0.029340395906776878, "lamda": 0.06250096319703141}, "datetime": {"datetime": "2021-09-20 09:03:40", "elapsed": 1532.631273, "delta": 8.580999}}
{"target": 0.877757170118502, "params": {"C": 225.6778754551492, "epsilon": 3.4018601392826517, "gamma": 0.155179241480858, "lamda": 0.026068025855089903}, "datetime": {"datetime": "2021-09-20 09:03:40", "elapsed": 1532.991275, "delta": 0.360002}}
{"target": 0.8791292412835353, "params": {"C": 153.43726969835726, "epsilon": 2.6435033788387488, "gamma": 0.1629477985791712, "lamda": 0.0025217408022082327}, "datetime": {"datetime": "2021-09-20 09:03:41", "elapsed": 1533.336275, "delta": 0.345}}
{"target": -4.3686891871114195, "params": {"C": 250.8704766980601, "epsilon": 3.46536031061926, "gamma": 0.09260311694939434, "lamda": 0.1829578225597001}, "datetime": {"datetime": "2021-09-20 09:03:51", "elapsed": 1543.771276, "delta": 10.435001}}
{"target": -4.035063771863662, "params": {"C": 246.65416271354894, "epsilon": 0.12567520449218267, "gamma": 0.09946354687530325, "lamda": 0.1718637019017139}, "datetime": {"datetime": "2021-09-20 09:04:00", "elapsed": 1552.45527, "delta": 8.683994}}
{"target": -3.2911664263377514, "params": {"C": 274.55993550560095, "epsilon": 3.2808555658511422, "gamma": 0.13637119266023318, "lamda": 0.11570033745826032}, "datetime": {"datetime": "2021-09-20 09:04:11", "elapsed": 1563.488543, "delta": 11.033273}}
{"target": -3.5006209689636707, "params": {"C": 191.1179662750278, "epsilon": 2.846596953626688, "gamma": 0.13598730803939696, "lamda": 0.07048657361365156}, "datetime": {"datetime": "2021-09-20 09:04:21", "elapsed": 1574.099887, "delta": 10.611344}}
{"target": 0.8782920053733686, "params": {"C": 278.37425508808917, "epsilon": 1.0556836814426658, "gamma": 0.15072755801472504, "lamda": 0.0579212596346293}, "datetime": {"datetime": "2021-09-20 09:04:22", "elapsed": 1574.465891, "delta": 0.366004}}
{"target": -2.0942938359168592, "params": {"C": 266.0698930866273, "epsilon": 2.1959129137467737, "gamma": 0.16250118977688086, "lamda": 0.07070761899873541}, "datetime": {"datetime": "2021-09-20 09:04:37", "elapsed": 1589.324887, "delta": 14.858996}}
{"target": -4.7825889796700345, "params": {"C": 182.05398564443718, "epsilon": 3.8596940912666566, "gamma": 0.06518517978797697, "lamda": 0.1466492803002178}, "datetime": {"datetime": "2021-09-20 09:04:48", "elapsed": 1601.190888, "delta": 11.866001}}
{"target": -5.327927268558754, "params": {"C": 261.6709729616598, "epsilon": 1.1848438344501855, "gamma": 0.04675186668002645, "lamda": 0.039790385737489914}, "datetime": {"datetime": "2021-09-20 09:05:02", "elapsed": 1614.933921, "delta": 13.743033}}
{"target": -1.8470797908290466, "params": {"C": 171.37775066487671, "epsilon": 1.9477047361159374, "gamma": 0.010192437514866187, "lamda": 0.022184962886479094}, "datetime": {"datetime": "2021-09-20 09:05:11", "elapsed": 1623.369887, "delta": 8.435966}}
{"target": -3.930971858129648, "params": {"C": 251.18460356451158, "epsilon": 4.0189050307971925, "gamma": 0.02070325779003525, "lamda": 0.04634123039484792}, "datetime": {"datetime": "2021-09-20 09:05:19", "elapsed": 1631.747888, "delta": 8.378001}}
{"target": -2.641585090864475, "params": {"C": 181.14384927057216, "epsilon": 4.59493445909999, "gamma": 0.14370633103661493, "lamda": 0.11077736832567181}, "datetime": {"datetime": "2021-09-20 09:05:35", "elapsed": 1647.424488, "delta": 15.6766}}
{"target": -4.416147964218928, "params": {"C": 195.67769818809302, "epsilon": 4.190784833395813, "gamma": 0.0898846617377564, "lamda": 0.18469131956753992}, "datetime": {"datetime": "2021-09-20 09:05:44", "elapsed": 1656.387323, "delta": 8.962835}}
{"target": -5.02661577983213, "params": {"C": 255.90777065038998, "epsilon": 2.442353409029889, "gamma": 0.02961097023112495, "lamda": 0.19520873404999906}, "datetime": {"datetime": "2021-09-20 09:05:59", "elapsed": 1671.614853, "delta": 15.22753}}
{"target": -4.011857874505334, "params": {"C": 173.975047551614, "epsilon": 1.0927504135763468, "gamma": 0.08908044225627235, "lamda": 0.08084097695312369}, "datetime": {"datetime": "2021-09-20 09:06:08", "elapsed": 1680.558116, "delta": 8.943263}}
{"target": -5.4766295972769665, "params": {"C": 172.0127221146441, "epsilon": 3.6736627048695047, "gamma": 0.04180528804105126, "lamda": 0.12877948496668826}, "datetime": {"datetime": "2021-09-20 09:06:21", "elapsed": 1694.112911, "delta": 13.554795}}
{"target": -2.8208376992435937, "params": {"C": 263.1458925864448, "epsilon": 1.1325887212082717, "gamma": 0.1221860783809898, "lamda": 0.14978592612079206}, "datetime": {"datetime": "2021-09-20 09:06:31", "elapsed": 1703.231373, "delta": 9.118462}}
{"target": -5.562489773247236, "params": {"C": 245.73280659305001, "epsilon": 3.025923784438581, "gamma": 0.06261904570282192, "lamda": 0.14632156264183052}, "datetime": {"datetime": "2021-09-20 09:06:39", "elapsed": 1711.508377, "delta": 8.277004}}
{"target": 0.8750823001169353, "params": {"C": 291.79626599999244, "epsilon": 2.18525081228158, "gamma": 0.15752545428212406, "lamda": 0.011229151791343399}, "datetime": {"datetime": "2021-09-20 09:06:39", "elapsed": 1711.867379, "delta": 0.359002}}
