{"target": -1.4863264500036912, "params": {"C": 83.70169813648339, "epsilon": 17.500548849774912, "gamma": 0.07649170827962783, "lamda": 0.04243887955474322}, "datetime": {"datetime": "2021-09-20 17:04:52", "elapsed": 6361.747579, "delta": 16.21551}}
{"target": -3.7854241111515154, "params": {"C": 68.37959471847523, "epsilon": 17.81011234843281, "gamma": 0.06382315951850297, "lamda": 0.014845186741297705}, "datetime": {"datetime": "2021-09-20 17:05:07", "elapsed": 6376.965679, "delta": 15.2181}}
{"target": -7.889507909975308, "params": {"C": 75.69510619541857, "epsilon": 19.878713398250117, "gamma": 0.051456024439845593, "lamda": 0.14251104013900506}, "datetime": {"datetime": "2021-09-20 17:05:34", "elapsed": 6404.027959, "delta": 27.06228}}
{"target": -5.445694737082354, "params": {"C": 70.6844155669008, "epsilon": 20.33668333088155, "gamma": 0.04225491564704868, "lamda": 0.016767743355007473}, "datetime": {"datetime": "2021-09-20 17:05:56", "elapsed": 6426.163603, "delta": 22.135644}}
{"target": -3.4994122851388854, "params": {"C": 91.94588642251057, "epsilon": 18.570360748703752, "gamma": 0.07488866351460861, "lamda": 0.1555247449668072}, "datetime": {"datetime": "2021-09-20 17:06:19", "elapsed": 6448.87044, "delta": 22.706837}}
{"target": -6.745106525260218, "params": {"C": 90.22353588415552, "epsilon": 20.813882164923257, "gamma": 0.044610638132442516, "lamda": 0.011844523045235585}, "datetime": {"datetime": "2021-09-20 17:06:34", "elapsed": 6464.190391, "delta": 15.319951}}
{"target": -3.5842973126075854, "params": {"C": 99.96332090002878, "epsilon": 19.517463128059916, "gamma": 0.0711119818184213, "lamda": 0.0165791054497491}, "datetime": {"datetime": "2021-09-20 17:06:54", "elapsed": 6483.804068, "delta": 19.613677}}
{"target": -2.062467439159512, "params": {"C": 97.96895541087855, "epsilon": 19.34470833492684, "gamma": 0.06250645922130048, "lamda": 0.035041024760815526}, "datetime": {"datetime": "2021-09-20 17:07:07", "elapsed": 6497.588875, "delta": 13.784807}}
{"target": -2.4745959137367, "params": {"C": 79.99476801454946, "epsilon": 12.879009640313612, "gamma": 0.07762998956278719, "lamda": 0.027447213440971844}, "datetime": {"datetime": "2021-09-20 17:07:20", "elapsed": 6510.207673, "delta": 12.618798}}
{"target": -5.33126982006761, "params": {"C": 83.5763869497269, "epsilon": 12.413658059727979, "gamma": 0.046566851980809086, "lamda": 0.1496564463773101}, "datetime": {"datetime": "2021-09-20 17:07:40", "elapsed": 6530.349777, "delta": 20.142104}}
{"target": -2.9810040756594707, "params": {"C": 78.28561731749359, "epsilon": 16.927519233161828, "gamma": 0.07822733915281908, "lamda": 0.1572293271370991}, "datetime": {"datetime": "2021-09-20 17:07:59", "elapsed": 6549.549478, "delta": 19.199701}}
{"target": -3.0928960375388117, "params": {"C": 71.3484596358974, "epsilon": 15.77199338155274, "gamma": 0.06626437602247878, "lamda": 0.10228100514807172}, "datetime": {"datetime": "2021-09-20 17:08:21", "elapsed": 6570.739478, "delta": 21.19}}
{"target": 0.9022963178549819, "params": {"C": 76.40032361341231, "epsilon": 12.853985417962527, "gamma": 0.06707020280071449, "lamda": 0.04369408060878606}, "datetime": {"datetime": "2021-09-20 17:08:25", "elapsed": 6575.56412, "delta": 4.824642}}
{"target": 0.9053735493128633, "params": {"C": 66.72791671858052, "epsilon": 18.22942785111341, "gamma": 0.06330090700743342, "lamda": 0.019763390009476845}, "datetime": {"datetime": "2021-09-20 17:08:30", "elapsed": 6579.797531, "delta": 4.233411}}
{"target": -4.556130408034156, "params": {"C": 70.16206965401895, "epsilon": 11.461059292059693, "gamma": 0.05898290618525686, "lamda": 0.14076422178962328}, "datetime": {"datetime": "2021-09-20 17:08:41", "elapsed": 6591.333768, "delta": 11.536237}}
{"target": -4.564819459044453, "params": {"C": 67.38694365307903, "epsilon": 13.746736317527404, "gamma": 0.050656509656640446, "lamda": 0.011418716575302907}, "datetime": {"datetime": "2021-09-20 17:08:58", "elapsed": 6608.505602, "delta": 17.171834}}
{"target": -5.215470847085994, "params": {"C": 84.51118256944032, "epsilon": 12.409680450745142, "gamma": 0.04660578395843031, "lamda": 0.10114251877052549}, "datetime": {"datetime": "2021-09-20 17:09:19", "elapsed": 6628.954248, "delta": 20.448646}}
{"target": -1.8385331768580895, "params": {"C": 84.55424107552865, "epsilon": 19.90354200926063, "gamma": 0.06935380541974057, "lamda": 0.04351226932873292}, "datetime": {"datetime": "2021-09-20 17:09:32", "elapsed": 6642.307395, "delta": 13.353147}}
{"target": -1.6066776849970825, "params": {"C": 85.00626684224737, "epsilon": 21.70755647268307, "gamma": 0.07519060199640232, "lamda": 0.07571944290517131}, "datetime": {"datetime": "2021-09-20 17:09:45", "elapsed": 6655.544658, "delta": 13.237263}}
{"target": 0.9016213296073112, "params": {"C": 69.99218722148272, "epsilon": 11.241712878649922, "gamma": 0.07392619454373289, "lamda": 0.0837581751996121}, "datetime": {"datetime": "2021-09-20 17:09:48", "elapsed": 6658.55724, "delta": 3.012582}}
{"target": -4.213454157175168, "params": {"C": 75.12654365713877, "epsilon": 21.98052035752848, "gamma": 0.06276753778063418, "lamda": 0.07536203772434853}, "datetime": {"datetime": "2021-09-20 17:10:03", "elapsed": 6673.247809, "delta": 14.690569}}
{"target": 0.9038277804872749, "params": {"C": 84.85041289992421, "epsilon": 15.625420586703195, "gamma": 0.07998892988277319, "lamda": 0.002137230389691184}, "datetime": {"datetime": "2021-09-20 17:10:06", "elapsed": 6676.263798, "delta": 3.015989}}
{"target": -3.345682433445691, "params": {"C": 68.15382899140906, "epsilon": 10.778842766120015, "gamma": 0.05500144573398917, "lamda": 0.021168690531262125}, "datetime": {"datetime": "2021-09-20 17:10:22", "elapsed": 6692.028775, "delta": 15.764977}}
{"target": -2.5071369032781368, "params": {"C": 68.17325698596402, "epsilon": 10.65924919862596, "gamma": 0.07320078968065469, "lamda": 0.0296286871383038}, "datetime": {"datetime": "2021-09-20 17:10:40", "elapsed": 6710.342321, "delta": 18.313546}}
{"target": -3.476693049295103, "params": {"C": 71.33528149496989, "epsilon": 15.757875464902261, "gamma": 0.05161368122011572, "lamda": 0.04968763618838537}, "datetime": {"datetime": "2021-09-20 17:11:02", "elapsed": 6731.896843, "delta": 21.554522}}
{"target": -1.7250818046230854, "params": {"C": 91.72963399134846, "epsilon": 21.753590777989224, "gamma": 0.05608026161173743, "lamda": 0.03101451463007101}, "datetime": {"datetime": "2021-09-20 17:11:16", "elapsed": 6745.898559, "delta": 14.001716}}
{"target": -3.0783072136708567, "params": {"C": 72.58082130124245, "epsilon": 13.998189744687792, "gamma": 0.06577943410258279, "lamda": 0.12509638262737557}, "datetime": {"datetime": "2021-09-20 17:11:35", "elapsed": 6765.382059, "delta": 19.4835}}
{"target": -2.9200448729190995, "params": {"C": 72.57855908391103, "epsilon": 14.040982872366895, "gamma": 0.06873802494014095, "lamda": 0.021052892867771913}, "datetime": {"datetime": "2021-09-20 17:11:51", "elapsed": 6781.383246, "delta": 16.001187}}
{"target": -2.892620740701349, "params": {"C": 97.29968516645707, "epsilon": 12.41693643858737, "gamma": 0.07288704268651544, "lamda": 0.1890523265589617}, "datetime": {"datetime": "2021-09-20 17:12:04", "elapsed": 6794.24991, "delta": 12.866664}}
{"target": -3.06585872697147, "params": {"C": 70.71470275551832, "epsilon": 14.4821994212457, "gamma": 0.06299300510584468, "lamda": 0.14980987097397488}, "datetime": {"datetime": "2021-09-20 17:12:23", "elapsed": 6813.418951, "delta": 19.169041}}
{"target": -5.128901088211573, "params": {"C": 80.76468245323782, "epsilon": 12.594367313134684, "gamma": 0.04170290034357475, "lamda": 0.0625391915848822}, "datetime": {"datetime": "2021-09-20 17:12:38", "elapsed": 6827.694769, "delta": 14.275818}}
{"target": -4.295361300182686, "params": {"C": 87.60625971431611, "epsilon": 18.25527377499386, "gamma": 0.05795754044542644, "lamda": 0.032250260042698015}, "datetime": {"datetime": "2021-09-20 17:12:53", "elapsed": 6843.446035, "delta": 15.751266}}
{"target": -2.7733988671215597, "params": {"C": 76.42967757074993, "epsilon": 12.882927301081057, "gamma": 0.06532540541204179, "lamda": 0.01789755915300964}, "datetime": {"datetime": "2021-09-20 17:13:11", "elapsed": 6861.633925, "delta": 18.18789}}
{"target": 0.9032617610724266, "params": {"C": 73.56639266520942, "epsilon": 14.193863615029626, "gamma": 0.07474564970764958, "lamda": 0.0391325566456483}, "datetime": {"datetime": "2021-09-20 17:13:14", "elapsed": 6864.557162, "delta": 2.923237}}
{"target": 0.8998609957126648, "params": {"C": 66.4015957581215, "epsilon": 18.10113038091402, "gamma": 0.07560845743082825, "lamda": 0.013757380119005323}, "datetime": {"datetime": "2021-09-20 17:13:18", "elapsed": 6867.905651, "delta": 3.348489}}
{"target": 0.9068238086162512, "params": {"C": 95.03715249292851, "epsilon": 11.239748673032793, "gamma": 0.06893459826715437, "lamda": 0.0070101548562995246}, "datetime": {"datetime": "2021-09-20 17:13:24", "elapsed": 6874.446132, "delta": 6.540481}}
{"target": 0.9080973134936665, "params": {"C": 67.36117350023962, "epsilon": 13.70950126397863, "gamma": 0.05670073353534337, "lamda": 0.04934678308679259}, "datetime": {"datetime": "2021-09-20 17:13:30", "elapsed": 6879.86365, "delta": 5.417518}}
{"target": -8.981191554466642, "params": {"C": 70.1190354241806, "epsilon": 21.068611807592415, "gamma": 0.04187143095217865, "lamda": 0.19581887358876027}, "datetime": {"datetime": "2021-09-20 17:13:44", "elapsed": 6894.408531, "delta": 14.544881}}
{"target": 0.9016809883905924, "params": {"C": 73.59430073244823, "epsilon": 14.185624237907021, "gamma": 0.07090539263617957, "lamda": 0.0053507489511057495}, "datetime": {"datetime": "2021-09-20 17:13:52", "elapsed": 6901.821289, "delta": 7.412758}}
{"target": -2.867164491800183, "params": {"C": 71.36484607128388, "epsilon": 15.743554129199591, "gamma": 0.07559757570083389, "lamda": 0.01823979809705467}, "datetime": {"datetime": "2021-09-20 17:14:15", "elapsed": 6925.236285, "delta": 23.414996}}
{"target": -2.9095440120188227, "params": {"C": 76.43512588912928, "epsilon": 12.929440788765454, "gamma": 0.07549443202123168, "lamda": 0.036673505856630616}, "datetime": {"datetime": "2021-09-20 17:14:29", "elapsed": 6939.357816, "delta": 14.121531}}
{"target": 0.9008252880532795, "params": {"C": 75.10921638681664, "epsilon": 17.773535713821936, "gamma": 0.06909421306675619, "lamda": 0.010200409423520988}, "datetime": {"datetime": "2021-09-20 17:14:35", "elapsed": 6945.251815, "delta": 5.893999}}
{"target": 0.9071135371203805, "params": {"C": 68.13173415858843, "epsilon": 10.685594673144335, "gamma": 0.061687124193238456, "lamda": 0.007996733675649662}, "datetime": {"datetime": "2021-09-20 17:14:38", "elapsed": 6948.198813, "delta": 2.946998}}
{"target": -5.10474635207451, "params": {"C": 70.02633889294134, "epsilon": 11.222859983917749, "gamma": 0.0454839867366533, "lamda": 0.03715438325105199}, "datetime": {"datetime": "2021-09-20 17:14:54", "elapsed": 6963.740109, "delta": 15.541296}}
{"target": -2.4828725443838757, "params": {"C": 96.71810297607422, "epsilon": 11.527454081075517, "gamma": 0.07556417026132621, "lamda": 0.0361602688845232}, "datetime": {"datetime": "2021-09-20 17:15:14", "elapsed": 6984.636123, "delta": 20.896014}}
{"target": -1.468849771407775, "params": {"C": 88.4722699661064, "epsilon": 14.464299422418218, "gamma": 0.0772132342394132, "lamda": 0.08626636955995223}, "datetime": {"datetime": "2021-09-20 17:15:29", "elapsed": 6998.793652, "delta": 14.157529}}
{"target": -5.309712986075197, "params": {"C": 76.35823786019648, "epsilon": 12.920274460916536, "gamma": 0.05405741336135174, "lamda": 0.06621850348583594}, "datetime": {"datetime": "2021-09-20 17:15:45", "elapsed": 7014.999884, "delta": 16.206232}}
{"target": -2.9271126350251544, "params": {"C": 79.02476430872458, "epsilon": 17.50260424286335, "gamma": 0.07764908814266946, "lamda": 0.17282251373073407}, "datetime": {"datetime": "2021-09-20 17:16:07", "elapsed": 7037.099607, "delta": 22.099723}}
{"target": -4.536042963373491, "params": {"C": 93.35535245609717, "epsilon": 10.874081686805248, "gamma": 0.050034032152616925, "lamda": 0.06161236398219631}, "datetime": {"datetime": "2021-09-20 17:16:21", "elapsed": 7051.150732, "delta": 14.051125}}
{"target": -3.457052845196233, "params": {"C": 82.4305287562932, "epsilon": 14.230492008162614, "gamma": 0.05696217034625816, "lamda": 0.046573006692560925}, "datetime": {"datetime": "2021-09-20 17:16:34", "elapsed": 7064.435494, "delta": 13.284762}}
{"target": -3.2687147533155576, "params": {"C": 73.32925515042584, "epsilon": 14.012123176696742, "gamma": 0.06696340176021144, "lamda": 0.14546160629112184}, "datetime": {"datetime": "2021-09-20 17:16:54", "elapsed": 7084.577865, "delta": 20.142371}}
{"target": -3.0327938268999475, "params": {"C": 99.82002436647977, "epsilon": 15.014594854945319, "gamma": 0.07196586916222192, "lamda": 0.11596644950101427}, "datetime": {"datetime": "2021-09-20 17:17:07", "elapsed": 7097.468262, "delta": 12.890397}}
{"target": -4.574885191145344, "params": {"C": 70.01338010368848, "epsilon": 11.256898688687633, "gamma": 0.052682051648971204, "lamda": 0.13728653013577446}, "datetime": {"datetime": "2021-09-20 17:17:31", "elapsed": 7121.132389, "delta": 23.664127}}
{"target": -7.758226185414898, "params": {"C": 83.54309126572264, "epsilon": 18.50818433499692, "gamma": 0.04915188318864579, "lamda": 0.03508291689927465}, "datetime": {"datetime": "2021-09-20 17:17:54", "elapsed": 7144.566688, "delta": 23.434299}}
{"target": -2.8753702554956613, "params": {"C": 69.96732307155345, "epsilon": 11.273442451103142, "gamma": 0.06482454291454154, "lamda": 0.08133423473400046}, "datetime": {"datetime": "2021-09-20 17:18:17", "elapsed": 7167.278392, "delta": 22.711704}}
{"target": -3.271486493238652, "params": {"C": 94.15800801629268, "epsilon": 12.478899646007836, "gamma": 0.0718309777447948, "lamda": 0.02398642324986966}, "datetime": {"datetime": "2021-09-20 17:18:32", "elapsed": 7182.544879, "delta": 15.266487}}
{"target": -3.3719583733164438, "params": {"C": 88.54337653753518, "epsilon": 19.640659582815495, "gamma": 0.07795023545299043, "lamda": 0.13536782208616013}, "datetime": {"datetime": "2021-09-20 17:18:51", "elapsed": 7201.620583, "delta": 19.075704}}
{"target": 0.9036763633601814, "params": {"C": 75.55088831582913, "epsilon": 13.610258230584414, "gamma": 0.07458835577366349, "lamda": 0.00341288848701385}, "datetime": {"datetime": "2021-09-20 17:18:55", "elapsed": 7204.991949, "delta": 3.371366}}
{"target": -5.955395862377091, "params": {"C": 85.00584605458201, "epsilon": 15.329418625397441, "gamma": 0.04066648253022225, "lamda": 0.16617775710243368}, "datetime": {"datetime": "2021-09-20 17:19:17", "elapsed": 7226.909794, "delta": 21.917845}}
{"target": -3.6502867397261474, "params": {"C": 79.6327541526771, "epsilon": 19.783686381570366, "gamma": 0.06829703329954351, "lamda": 0.11079654185698745}, "datetime": {"datetime": "2021-09-20 17:19:39", "elapsed": 7248.991199, "delta": 22.081405}}
{"target": -3.622338081290091, "params": {"C": 80.7702697380922, "epsilon": 19.92137994283595, "gamma": 0.07268150028758369, "lamda": 0.01922892978253729}, "datetime": {"datetime": "2021-09-20 17:20:00", "elapsed": 7270.103663, "delta": 21.112464}}
{"target": 0.9039361298199542, "params": {"C": 76.45258614586395, "epsilon": 12.889174555788086, "gamma": 0.07453212559839491, "lamda": 0.053362806769958734}, "datetime": {"datetime": "2021-09-20 17:20:05", "elapsed": 7275.615235, "delta": 5.511572}}
{"target": -3.2658589170666055, "params": {"C": 82.01972523377103, "epsilon": 14.509951303474248, "gamma": 0.0669443551018964, "lamda": 0.18031365343314448}, "datetime": {"datetime": "2021-09-20 17:20:28", "elapsed": 7297.8814, "delta": 22.266165}}
{"target": -1.9542984272241486, "params": {"C": 83.76610042091963, "epsilon": 18.48846569590677, "gamma": 0.06742308870289679, "lamda": 0.1681177824866133}, "datetime": {"datetime": "2021-09-20 17:20:42", "elapsed": 7311.84289, "delta": 13.96149}}
{"target": 0.9029807088366166, "params": {"C": 73.77271747134674, "epsilon": 12.04268171506832, "gamma": 0.07314424621240151, "lamda": 0.03311958195502753}, "datetime": {"datetime": "2021-09-20 17:20:45", "elapsed": 7315.638888, "delta": 3.795998}}
{"target": -2.1900325124983593, "params": {"C": 72.55088087655349, "epsilon": 14.016838319348969, "gamma": 0.05591214141049679, "lamda": 0.07476863881104272}, "datetime": {"datetime": "2021-09-20 17:21:03", "elapsed": 7333.227386, "delta": 17.588498}}
{"target": -4.152901407551558, "params": {"C": 89.7586799094813, "epsilon": 18.8836172024368, "gamma": 0.05734375441942689, "lamda": 0.04444502644956186}, "datetime": {"datetime": "2021-09-20 17:21:18", "elapsed": 7347.782439, "delta": 14.555053}}
{"target": -1.5308766188940588, "params": {"C": 92.55022308075186, "epsilon": 14.486939926973605, "gamma": 0.07198927243397582, "lamda": 0.09738437162659855}, "datetime": {"datetime": "2021-09-20 17:21:32", "elapsed": 7362.263197, "delta": 14.480758}}
{"target": -4.766986595438724, "params": {"C": 87.74722809726003, "epsilon": 10.913765772481277, "gamma": 0.048145627040706754, "lamda": 0.0961739678154382}, "datetime": {"datetime": "2021-09-20 17:21:53", "elapsed": 7383.588675, "delta": 21.325478}}
{"target": -8.558511401154346, "params": {"C": 86.0121700162632, "epsilon": 21.524956811356027, "gamma": 0.0527076928557782, "lamda": 0.12272323705742375}, "datetime": {"datetime": "2021-09-20 17:22:15", "elapsed": 7405.601438, "delta": 22.012763}}
{"target": -2.7256951862017123, "params": {"C": 95.9177398256364, "epsilon": 12.82167316554274, "gamma": 0.07612752569301645, "lamda": 0.03021698870770844}, "datetime": {"datetime": "2021-09-20 17:22:38", "elapsed": 7428.33432, "delta": 22.732882}}
{"target": -2.8926977662872755, "params": {"C": 72.5473919733643, "epsilon": 13.969808112879749, "gamma": 0.07203945571086717, "lamda": 0.018974941861239738}, "datetime": {"datetime": "2021-09-20 17:22:54", "elapsed": 7444.472029, "delta": 16.137709}}
{"target": -3.0647466355107564, "params": {"C": 67.40482447008937, "epsilon": 12.156371125074834, "gamma": 0.05777310441690705, "lamda": 0.11512297715140786}, "datetime": {"datetime": "2021-09-20 17:23:15", "elapsed": 7465.605706, "delta": 21.133677}}
{"target": -2.8151599697513294, "params": {"C": 92.36846699865806, "epsilon": 13.875009217449, "gamma": 0.07560755069284299, "lamda": 0.09591592468695921}, "datetime": {"datetime": "2021-09-20 17:23:37", "elapsed": 7487.129241, "delta": 21.523535}}
{"target": 0.9019727709567111, "params": {"C": 66.80131413398219, "epsilon": 18.214676477821506, "gamma": 0.07457381033650098, "lamda": 0.08759251524378511}, "datetime": {"datetime": "2021-09-20 17:23:46", "elapsed": 7496.513524, "delta": 9.384283}}
{"target": 0.9009647780350022, "params": {"C": 76.1859403427407, "epsilon": 13.205241367749995, "gamma": 0.07981728122312429, "lamda": 0.11027059980793034}, "datetime": {"datetime": "2021-09-20 17:23:50", "elapsed": 7500.13491, "delta": 3.621386}}
{"target": 0.9063308510238968, "params": {"C": 83.80547089192218, "epsilon": 10.948346414165517, "gamma": 0.05732651445686125, "lamda": 0.0005754106398613245}, "datetime": {"datetime": "2021-09-20 17:23:53", "elapsed": 7503.566511, "delta": 3.431601}}
{"target": -3.766800452779788, "params": {"C": 76.27768095439097, "epsilon": 12.75219920082903, "gamma": 0.05425074787101511, "lamda": 0.056270035777745704}, "datetime": {"datetime": "2021-09-20 17:24:09", "elapsed": 7519.44916, "delta": 15.882649}}
{"target": -3.196126403890184, "params": {"C": 81.10369135121078, "epsilon": 19.642826868393392, "gamma": 0.07211208380876599, "lamda": 0.14724576277696014}, "datetime": {"datetime": "2021-09-20 17:24:30", "elapsed": 7540.415884, "delta": 20.966724}}
{"target": -2.0691044187082723, "params": {"C": 98.42500074320351, "epsilon": 14.269190077505565, "gamma": 0.06464145314999899, "lamda": 0.03667148419786563}, "datetime": {"datetime": "2021-09-20 17:24:45", "elapsed": 7554.712903, "delta": 14.297019}}
{"target": 0.9083445956166516, "params": {"C": 99.3453937819521, "epsilon": 18.48936216169784, "gamma": 0.0611908389395303, "lamda": 0.0012968585205398492}, "datetime": {"datetime": "2021-09-20 17:24:51", "elapsed": 7560.984498, "delta": 6.271595}}
{"target": -5.168708576613573, "params": {"C": 83.81911082036126, "epsilon": 10.97980962497229, "gamma": 0.055424628344006646, "lamda": 0.021265262266319158}, "datetime": {"datetime": "2021-09-20 17:25:10", "elapsed": 7579.972864, "delta": 18.988366}}
{"target": -3.4486175031027626, "params": {"C": 97.98936068155042, "epsilon": 18.199102922236865, "gamma": 0.0758496030146903, "lamda": 0.15029101878173382}, "datetime": {"datetime": "2021-09-20 17:25:31", "elapsed": 7600.86243, "delta": 20.889566}}
{"target": -6.9116824929962615, "params": {"C": 82.99967386227121, "epsilon": 17.262999988507154, "gamma": 0.049733036703958886, "lamda": 0.08778629602827778}, "datetime": {"datetime": "2021-09-20 17:25:52", "elapsed": 7622.609095, "delta": 21.746665}}
{"target": 0.9030919019850217, "params": {"C": 67.39509958464724, "epsilon": 13.695042340573385, "gamma": 0.06536787797814929, "lamda": 0.007918353317264605}, "datetime": {"datetime": "2021-09-20 17:25:56", "elapsed": 7626.179202, "delta": 3.570107}}
{"target": 0.9080903608751238, "params": {"C": 92.14905564016797, "epsilon": 10.003242219132133, "gamma": 0.070750551729274, "lamda": 0.00955189680485035}, "datetime": {"datetime": "2021-09-20 17:25:59", "elapsed": 7629.624412, "delta": 3.44521}}
{"target": -4.690737462084766, "params": {"C": 68.15091098240279, "epsilon": 10.645849039323766, "gamma": 0.04114307485221961, "lamda": 0.016171501514511733}, "datetime": {"datetime": "2021-09-20 17:26:17", "elapsed": 7647.332468, "delta": 17.708056}}
