{"target": 0.28317678769786747, "params": {"C": 2.464068519084207, "epsilon": 3.0621053328431627, "gamma": 0.9643545570756267, "lamda": 0.21582713730794395}, "datetime": {"datetime": "2021-07-03 10:50:18", "elapsed": 152.58162, "delta": 0.613306}}
{"target": 0.7941935388339099, "params": {"C": 4.227436630349299, "epsilon": 7.286001748505817, "gamma": 0.038409435303194274, "lamda": 0.4114137519596631}, "datetime": {"datetime": "2021-07-03 10:50:19", "elapsed": 153.217341, "delta": 0.635721}}
{"target": 0.18911495438968917, "params": {"C": 2.535284315789917, "epsilon": 2.0278008874723112, "gamma": 1.5990236836121852, "lamda": 0.8709976682548186}, "datetime": {"datetime": "2021-07-03 10:50:19", "elapsed": 153.879315, "delta": 0.661974}}
{"target": -4.90975605437148, "params": {"C": 3.5062492342535814, "epsilon": 4.383411943256663, "gamma": 0.07341119239374831, "lamda": 0.994947964316608}, "datetime": {"datetime": "2021-07-03 10:50:29", "elapsed": 163.009365, "delta": 9.13005}}
{"target": -4.966062720732959, "params": {"C": 3.46922773622005, "epsilon": 4.375080793108777, "gamma": 0.061671906234897544, "lamda": 0.8856634666899313}, "datetime": {"datetime": "2021-07-03 10:50:40", "elapsed": 174.331358, "delta": 11.321993}}
{"target": 0.28824809075438473, "params": {"C": 4.252068298523516, "epsilon": 3.1939821345310215, "gamma": 1.3289822567605012, "lamda": 0.6074585198571689}, "datetime": {"datetime": "2021-07-03 10:50:40", "elapsed": 174.954384, "delta": 0.623026}}
{"target": 0.493663224845478, "params": {"C": 4.227500454883494, "epsilon": 8.788459763643734, "gamma": 0.5680236572328691, "lamda": 0.683679600780208}, "datetime": {"datetime": "2021-07-03 10:50:41", "elapsed": 175.617326, "delta": 0.662942}}
{"target": 0.40817107293183263, "params": {"C": 6.506794006751523, "epsilon": 8.708575221419787, "gamma": 1.1078121304177146, "lamda": 0.8113276462728355}, "datetime": {"datetime": "2021-07-03 10:50:42", "elapsed": 176.256372, "delta": 0.639046}}
{"target": 0.2488542326671358, "params": {"C": 1.9040434048739268, "epsilon": 4.646332936133578, "gamma": 0.9715092648437273, "lamda": 0.3306024796341796}, "datetime": {"datetime": "2021-07-03 10:50:42", "elapsed": 176.927352, "delta": 0.67098}}
{"target": 0.26523228114740527, "params": {"C": 1.8624938165971705, "epsilon": 5.980542874323452, "gamma": 0.8752193095401661, "lamda": 0.6155483273578917}, "datetime": {"datetime": "2021-07-03 10:50:43", "elapsed": 177.831353, "delta": 0.904001}}
{"target": 0.24074930036626707, "params": {"C": 1.0450326536963526, "epsilon": 0.9603584840990586, "gamma": 0.6346301932994555, "lamda": 0.9289341374845506}, "datetime": {"datetime": "2021-07-03 10:50:44", "elapsed": 178.622364, "delta": 0.791011}}
{"target": 0.47288026569795627, "params": {"C": 8.852544714813856, "epsilon": 9.230117310673334, "gamma": 1.0631551269974444, "lamda": 0.9165833914417587}, "datetime": {"datetime": "2021-07-03 10:50:45", "elapsed": 179.208377, "delta": 0.586013}}
{"target": 0.43941663425097954, "params": {"C": 5.771989676674347, "epsilon": 8.858788280185475, "gamma": 0.9088282536235056, "lamda": 0.5170639527420587}, "datetime": {"datetime": "2021-07-03 10:50:46", "elapsed": 180.096357, "delta": 0.88798}}
{"target": 0.29025598504881267, "params": {"C": 1.3908036428807367, "epsilon": 6.952721298751587, "gamma": 0.6312478284510541, "lamda": 0.11557231149442526}, "datetime": {"datetime": "2021-07-03 10:50:46", "elapsed": 180.82337, "delta": 0.727013}}
{"target": 0.42220791476589936, "params": {"C": 7.738675478412383, "epsilon": 5.143325589064607, "gamma": 1.1612914270939392, "lamda": 0.429233741391827}, "datetime": {"datetime": "2021-07-03 10:50:47", "elapsed": 181.422386, "delta": 0.599016}}
{"target": 0.12125862366767459, "params": {"C": 1.686706946740328, "epsilon": 0.8178162470843072, "gamma": 1.8661211846540946, "lamda": 0.4240293719391206}, "datetime": {"datetime": "2021-07-03 10:50:48", "elapsed": 181.991333, "delta": 0.568947}}
{"target": 0.061938653331967575, "params": {"C": 0.8189018810949226, "epsilon": 2.259320213256311, "gamma": 1.8769742778457492, "lamda": 0.6344542664123636}, "datetime": {"datetime": "2021-07-03 10:50:48", "elapsed": 182.560368, "delta": 0.569035}}
{"target": 0.34760663571798744, "params": {"C": 5.869296424545198, "epsilon": 8.108685065372317, "gamma": 1.280779006123081, "lamda": 0.8527397207835277}, "datetime": {"datetime": "2021-07-03 10:50:49", "elapsed": 183.329341, "delta": 0.768973}}
{"target": 0.33087499239853424, "params": {"C": 5.754904348342911, "epsilon": 7.914502225529846, "gamma": 1.3672963898189494, "lamda": 0.6620315753508754}, "datetime": {"datetime": "2021-07-03 10:50:50", "elapsed": 184.163404, "delta": 0.834063}}
{"target": 0.18828928175033044, "params": {"C": 2.5816815207458528, "epsilon": 7.522984126890635, "gamma": 1.654564542037052, "lamda": 0.6593561581111209}, "datetime": {"datetime": "2021-07-03 10:50:50", "elapsed": 184.928396, "delta": 0.764992}}
{"target": 0.13837821601581113, "params": {"C": 0.6106055964187431, "epsilon": 2.8750303013780085, "gamma": 0.760256408422779, "lamda": 0.6007824275201887}, "datetime": {"datetime": "2021-07-03 10:50:52", "elapsed": 186.019411, "delta": 1.091015}}
{"target": 0.4966691228932292, "params": {"C": 3.4211220044550754, "epsilon": 7.115137080489435, "gamma": 0.4800967327209216, "lamda": 0.8759368195171898}, "datetime": {"datetime": "2021-07-03 10:50:53", "elapsed": 187.094374, "delta": 1.074963}}
{"target": 0.3267299872597442, "params": {"C": 5.769763741349548, "epsilon": 6.098508583048872, "gamma": 1.384543248046328, "lamda": 0.7477436819120121}, "datetime": {"datetime": "2021-07-03 10:50:53", "elapsed": 187.823417, "delta": 0.729043}}
{"target": 0.32221185459489365, "params": {"C": 9.715694660120317, "epsilon": 4.681060740359194, "gamma": 1.9388859339801787, "lamda": 0.7925457444293829}, "datetime": {"datetime": "2021-07-03 10:50:54", "elapsed": 188.543375, "delta": 0.719958}}
{"target": 0.31584649206740745, "params": {"C": 7.32216906177962, "epsilon": 6.277471680383164, "gamma": 1.6792201487947713, "lamda": 0.7824117691611002}, "datetime": {"datetime": "2021-07-03 10:50:55", "elapsed": 189.131901, "delta": 0.588526}}
{"target": 0.34217330068881835, "params": {"C": 7.331531477003659, "epsilon": 2.4794904916322977, "gamma": 1.4885335751117574, "lamda": 0.13909728678072122}, "datetime": {"datetime": "2021-07-03 10:50:55", "elapsed": 189.737408, "delta": 0.605507}}
{"target": -4.137618167432802, "params": {"C": 9.066392306020575, "epsilon": 2.8816104314883475, "gamma": 0.1197958876984701, "lamda": 0.9410965499850585}, "datetime": {"datetime": "2021-07-03 10:51:10", "elapsed": 204.287379, "delta": 14.549971}}
{"target": 0.6775227938161964, "params": {"C": 7.834506085972308, "epsilon": 3.3015496009770113, "gamma": 0.41503644001513507, "lamda": 0.949862056783242}, "datetime": {"datetime": "2021-07-03 10:51:11", "elapsed": 205.013387, "delta": 0.726008}}
{"target": 0.36476581221021465, "params": {"C": 7.511905770462703, "epsilon": 6.27792268007071, "gamma": 1.4072962350309717, "lamda": 0.932675918316524}, "datetime": {"datetime": "2021-07-03 10:51:11", "elapsed": 205.864395, "delta": 0.851008}}
{"target": 0.7378848981733126, "params": {"C": 3.9038894265916437, "epsilon": 0.3676196692934265, "gamma": 0.13785256799033313, "lamda": 0.29404727173617073}, "datetime": {"datetime": "2021-07-03 10:51:12", "elapsed": 206.454416, "delta": 0.590021}}
{"target": 0.5444228425001814, "params": {"C": 8.068276044409094, "epsilon": 3.1302641135593006, "gamma": 0.7582670372986933, "lamda": 0.3341715539613175}, "datetime": {"datetime": "2021-07-03 10:51:13", "elapsed": 207.070414, "delta": 0.615998}}
{"target": 0.15270167877475305, "params": {"C": 1.7982432058534532, "epsilon": 7.5554234143265235, "gamma": 1.5698199554373742, "lamda": 0.5717268627791138}, "datetime": {"datetime": "2021-07-03 10:51:13", "elapsed": 207.935392, "delta": 0.864978}}
{"target": 0.3350196437977816, "params": {"C": 4.415152761727078, "epsilon": 4.15154876701698, "gamma": 1.1135447222625607, "lamda": 0.2727779613075222}, "datetime": {"datetime": "2021-07-03 10:51:14", "elapsed": 208.764415, "delta": 0.829023}}
{"target": 0.7854557751978847, "params": {"C": 6.531546225895607, "epsilon": 0.9544729601849515, "gamma": 0.14838227800555243, "lamda": 0.9558996446545966}, "datetime": {"datetime": "2021-07-03 10:51:15", "elapsed": 209.411373, "delta": 0.646958}}
{"target": 0.7584825238636468, "params": {"C": 5.296806538443691, "epsilon": 0.8598465959481255, "gamma": 0.15700667526548592, "lamda": 0.5784231717416867}, "datetime": {"datetime": "2021-07-03 10:51:16", "elapsed": 210.08244, "delta": 0.671067}}
{"target": 0.291698167672788, "params": {"C": 4.401115981803752, "epsilon": 4.9568029781950385, "gamma": 1.3388048819947878, "lamda": 0.12638689143981016}, "datetime": {"datetime": "2021-07-03 10:51:16", "elapsed": 210.811427, "delta": 0.728987}}
{"target": 0.5007407222971724, "params": {"C": 4.679640872390117, "epsilon": 7.266872194880471, "gamma": 0.604368233413971, "lamda": 0.42577752487520026}, "datetime": {"datetime": "2021-07-03 10:51:17", "elapsed": 211.442468, "delta": 0.631041}}
{"target": 0.25122409066418694, "params": {"C": 3.9310592768983588, "epsilon": 6.0105872725150515, "gamma": 1.5266746902855959, "lamda": 0.436748774403684}, "datetime": {"datetime": "2021-07-03 10:51:18", "elapsed": 212.036423, "delta": 0.593955}}
{"target": 0.3503573791474548, "params": {"C": 4.182944612917592, "epsilon": 1.7663874911491149, "gamma": 1.008617796191996, "lamda": 0.9358037975016861}, "datetime": {"datetime": "2021-07-03 10:51:18", "elapsed": 212.70345, "delta": 0.667027}}
{"target": 0.2384649958392534, "params": {"C": 5.388941567974549, "epsilon": 3.5883559453661684, "gamma": 1.9662773260582656, "lamda": 0.12627511310914843}, "datetime": {"datetime": "2021-07-03 10:51:19", "elapsed": 213.35197, "delta": 0.64852}}
{"target": 0.3473653192639131, "params": {"C": 5.627709564491062, "epsilon": 1.8111994537744198, "gamma": 1.2405781822045132, "lamda": 0.17337099632690495}, "datetime": {"datetime": "2021-07-03 10:51:20", "elapsed": 214.057415, "delta": 0.705445}}
{"target": 0.4684184369312073, "params": {"C": 3.8787712656187625, "epsilon": 1.9844823990232745, "gamma": 0.5960827952657086, "lamda": 0.7988456349836579}, "datetime": {"datetime": "2021-07-03 10:51:20", "elapsed": 214.798415, "delta": 0.741}}
{"target": 0.43111805708079964, "params": {"C": 3.4012732463111344, "epsilon": 3.741453361706863, "gamma": 0.6262575196686133, "lamda": 0.594598031464457}, "datetime": {"datetime": "2021-07-03 10:51:21", "elapsed": 215.525416, "delta": 0.727001}}
{"target": -6.814076744787734e-05, "params": {"C": 0.13503608698533445, "epsilon": 8.610045040149128, "gamma": 1.7108150027589377, "lamda": 0.32412360039693466}, "datetime": {"datetime": "2021-07-03 10:51:22", "elapsed": 216.207413, "delta": 0.681997}}
{"target": 0.5635243898202071, "params": {"C": 1.0691215280841593, "epsilon": 6.362024763753679, "gamma": 0.13068122189274417, "lamda": 0.9732290471134296}, "datetime": {"datetime": "2021-07-03 10:51:23", "elapsed": 217.057441, "delta": 0.850028}}
{"target": 0.1257236008479733, "params": {"C": 0.20246128993915485, "epsilon": 3.142684856802678, "gamma": 0.3414071348714379, "lamda": 0.12697922933613948}, "datetime": {"datetime": "2021-07-03 10:51:23", "elapsed": 217.708409, "delta": 0.650968}}
{"target": 0.6888343451807979, "params": {"C": 9.80517035708683, "epsilon": 2.0167875624480627, "gamma": 0.4779638419211486, "lamda": 0.6921338307366315}, "datetime": {"datetime": "2021-07-03 10:51:24", "elapsed": 218.408408, "delta": 0.699999}}
{"target": 0.20670839060101998, "params": {"C": 2.1769067918754863, "epsilon": 1.5325576504089211, "gamma": 1.305730138752245, "lamda": 0.42690416310937807}, "datetime": {"datetime": "2021-07-03 10:51:25", "elapsed": 219.106418, "delta": 0.69801}}
{"target": 0.39210995824092065, "params": {"C": 8.680716856219071, "epsilon": 5.871240538788349, "gamma": 1.3826523703290565, "lamda": 0.5758139526770136}, "datetime": {"datetime": "2021-07-03 10:51:25", "elapsed": 219.845454, "delta": 0.739036}}
{"target": 0.4182456738300142, "params": {"C": 6.115134432797148, "epsilon": 6.872498471136414, "gamma": 1.0275988620327976, "lamda": 0.5115896443853705}, "datetime": {"datetime": "2021-07-03 10:51:26", "elapsed": 220.522462, "delta": 0.677008}}
{"target": -2.884789055856016, "params": {"C": 6.717348626320213, "epsilon": 4.015718061599127, "gamma": 0.15400156948543314, "lamda": 0.9351346189252088}, "datetime": {"datetime": "2021-07-03 10:51:42", "elapsed": 236.419428, "delta": 15.896966}}
{"target": 0.6817079014507046, "params": {"C": 8.251167124270433, "epsilon": 4.028878886437889, "gamma": 0.42524710668337135, "lamda": 0.8624876846274471}, "datetime": {"datetime": "2021-07-03 10:51:43", "elapsed": 237.184475, "delta": 0.765047}}
{"target": 0.5673179848826173, "params": {"C": 9.954840102407056, "epsilon": 1.2163111060780758, "gamma": 0.7946405696975745, "lamda": 0.5590579205325372}, "datetime": {"datetime": "2021-07-03 10:51:44", "elapsed": 238.337468, "delta": 1.152993}}
{"target": 0.48256266143085325, "params": {"C": 4.63181135685621, "epsilon": 7.856403173766969, "gamma": 0.6480314040365039, "lamda": 0.9473683369385623}, "datetime": {"datetime": "2021-07-03 10:51:45", "elapsed": 239.141427, "delta": 0.803959}}
{"target": 0.44132946722046307, "params": {"C": 7.530784680062836, "epsilon": 4.1363539587477565, "gamma": 1.0620845622994388, "lamda": 0.7571350273022605}, "datetime": {"datetime": "2021-07-03 10:51:45", "elapsed": 239.833454, "delta": 0.692027}}
{"target": 0.3323067402200338, "params": {"C": 2.8592212788362583, "epsilon": 3.3542803841188986, "gamma": 0.8485687390142898, "lamda": 0.15177487718004845}, "datetime": {"datetime": "2021-07-03 10:51:46", "elapsed": 240.537493, "delta": 0.704039}}
{"target": 0.3925612315004636, "params": {"C": 2.3136844017306326, "epsilon": 6.253887862953239, "gamma": 0.5569933825967204, "lamda": 0.7124991704651672}, "datetime": {"datetime": "2021-07-03 10:51:47", "elapsed": 241.271427, "delta": 0.733934}}
{"target": -3.928575796589449, "params": {"C": 7.688107644616057, "epsilon": 5.175325119216224, "gamma": 0.13975099919137343, "lamda": 0.9671891279081433}, "datetime": {"datetime": "2021-07-03 10:52:02", "elapsed": 256.713488, "delta": 15.442061}}
{"target": 0.2894193213287851, "params": {"C": 5.311979732189896, "epsilon": 7.018740274599351, "gamma": 1.525543120993565, "lamda": 0.8204679987609764}, "datetime": {"datetime": "2021-07-03 10:52:03", "elapsed": 257.494492, "delta": 0.781004}}
{"target": 0.3005379063270296, "params": {"C": 7.3876697687777595, "epsilon": 3.976666275697532, "gamma": 1.7900761307558877, "lamda": 0.76919579565991}, "datetime": {"datetime": "2021-07-03 10:52:04", "elapsed": 258.188473, "delta": 0.693981}}
{"target": 0.26658290668048, "params": {"C": 4.278214146911415, "epsilon": 2.3114163117419686, "gamma": 1.472989425012875, "lamda": 0.940550699701369}, "datetime": {"datetime": "2021-07-03 10:52:04", "elapsed": 258.856493, "delta": 0.66802}}
{"target": 0.6328724063083435, "params": {"C": 8.399205490891395, "epsilon": 7.495069739607607, "gamma": 0.540937730151638, "lamda": 0.9776660538654178}, "datetime": {"datetime": "2021-07-03 10:52:05", "elapsed": 259.599488, "delta": 0.742995}}
{"target": 0.43717216928958635, "params": {"C": 7.890703153267393, "epsilon": 6.9108857412922555, "gamma": 1.1168548428333127, "lamda": 0.2725909248072228}, "datetime": {"datetime": "2021-07-03 10:52:06", "elapsed": 260.350541, "delta": 0.751053}}
{"target": 0.04896368712914423, "params": {"C": 0.15304222890407068, "epsilon": 8.70951424335943, "gamma": 0.598639838404803, "lamda": 0.7499619053003853}, "datetime": {"datetime": "2021-07-03 10:52:07", "elapsed": 261.184972, "delta": 0.834431}}
{"target": 0.27546380265158965, "params": {"C": 4.501053558789865, "epsilon": 1.4872687188989882, "gamma": 1.4562105846894575, "lamda": 0.5173535553286301}, "datetime": {"datetime": "2021-07-03 10:52:08", "elapsed": 261.992813, "delta": 0.807841}}
{"target": 0.5010572118464536, "params": {"C": 9.615095840524257, "epsilon": 7.868226956892846, "gamma": 1.0022667675078751, "lamda": 0.9987768764631989}, "datetime": {"datetime": "2021-07-03 10:52:08", "elapsed": 262.750788, "delta": 0.757975}}
{"target": 0.5273680636064559, "params": {"C": 6.515132143374754, "epsilon": 6.856890425897972, "gamma": 0.6977457798677181, "lamda": 0.8756977515097473}, "datetime": {"datetime": "2021-07-03 10:52:10", "elapsed": 263.997502, "delta": 1.246714}}
{"target": 0.25237860035415705, "params": {"C": 2.0817328088239373, "epsilon": 3.879081631106161, "gamma": 1.0092136775253582, "lamda": 0.7602403346776114}, "datetime": {"datetime": "2021-07-03 10:52:10", "elapsed": 264.929502, "delta": 0.932}}
{"target": 0.49972547311392956, "params": {"C": 9.929894298478484, "epsilon": 0.1925288043539698, "gamma": 1.0051330854101745, "lamda": 0.8005176801843703}, "datetime": {"datetime": "2021-07-03 10:52:11", "elapsed": 265.678566, "delta": 0.749064}}
{"target": -4.724442107410234, "params": {"C": 3.58207774805257, "epsilon": 4.118760205402319, "gamma": 0.09122199130314566, "lamda": 0.29977660443514187}, "datetime": {"datetime": "2021-07-03 10:52:27", "elapsed": 281.603566, "delta": 15.925}}
{"target": 0.3887394189416098, "params": {"C": 8.45929146844943, "epsilon": 6.457795024520417, "gamma": 1.37641207920071, "lamda": 0.6728707973286068}, "datetime": {"datetime": "2021-07-03 10:52:28", "elapsed": 282.312543, "delta": 0.708977}}
{"target": 0.7208431527231722, "params": {"C": 2.7393427309527443, "epsilon": 1.0701268658464709, "gamma": 0.11269921714238383, "lamda": 0.28021864300071764}, "datetime": {"datetime": "2021-07-03 10:52:29", "elapsed": 283.803534, "delta": 1.490991}}
{"target": 0.6646432066186794, "params": {"C": 2.110523117485861, "epsilon": 0.004339471582877374, "gamma": 0.13987666099266066, "lamda": 0.7161324441665686}, "datetime": {"datetime": "2021-07-03 10:52:30", "elapsed": 284.636531, "delta": 0.832997}}
{"target": 0.5410564334532677, "params": {"C": 8.260401672476807, "epsilon": 3.547748052763417, "gamma": 0.78141786985368, "lamda": 0.29591625180632264}, "datetime": {"datetime": "2021-07-03 10:52:31", "elapsed": 285.568526, "delta": 0.931995}}
{"target": 0.2457924420565354, "params": {"C": 2.731523500526554, "epsilon": 7.2447929437469645, "gamma": 1.2648542634049493, "lamda": 0.7195577812668457}, "datetime": {"datetime": "2021-07-03 10:52:32", "elapsed": 286.352052, "delta": 0.783526}}
{"target": 0.5078309755182235, "params": {"C": 7.741724202193508, "epsilon": 5.289980581485615, "gamma": 0.8477796020133317, "lamda": 0.6332975470866602}, "datetime": {"datetime": "2021-07-03 10:52:33", "elapsed": 287.303546, "delta": 0.951494}}
{"target": -5.7320267128450135, "params": {"C": 5.676732093983049, "epsilon": 8.668424150167972, "gamma": 0.07944058792028798, "lamda": 0.1710982745743656}, "datetime": {"datetime": "2021-07-03 10:52:49", "elapsed": 303.926568, "delta": 16.623022}}
{"target": 0.7648813349468836, "params": {"C": 8.742480470408578, "epsilon": 0.9100675106039766, "gamma": 0.255890080132572, "lamda": 0.7303583685356225}, "datetime": {"datetime": "2021-07-03 10:52:50", "elapsed": 304.711576, "delta": 0.785008}}
{"target": 0.703701532098604, "params": {"C": 5.9055621373457114, "epsilon": 4.664824540385765, "gamma": 0.27459187983438593, "lamda": 0.9122738467042131}, "datetime": {"datetime": "2021-07-03 10:52:51", "elapsed": 305.512592, "delta": 0.801016}}
{"target": 0.5491212304299069, "params": {"C": 3.926653846351783, "epsilon": 6.613514598136287, "gamma": 0.42374037738585923, "lamda": 0.7881195497657417}, "datetime": {"datetime": "2021-07-03 10:52:52", "elapsed": 306.470573, "delta": 0.957981}}
{"target": 0.8458767189478814, "params": {"C": 9.80377859732043, "epsilon": 4.2100678884586555, "gamma": 0.05099998866080221, "lamda": 0.23327507354605306}, "datetime": {"datetime": "2021-07-03 10:52:53", "elapsed": 307.457586, "delta": 0.987013}}
{"target": 0.3187119839810212, "params": {"C": 5.157988334659613, "epsilon": 6.864735560444887, "gamma": 1.319531869834148, "lamda": 0.8642947173531997}, "datetime": {"datetime": "2021-07-03 10:52:54", "elapsed": 308.261598, "delta": 0.804012}}
{"target": 0.7274303888475567, "params": {"C": 6.500401354046364, "epsilon": 0.5537483640578916, "gamma": 0.2524655070628532, "lamda": 0.8860150433854136}, "datetime": {"datetime": "2021-07-03 10:52:55", "elapsed": 309.100606, "delta": 0.839008}}
{"target": 0.18568025660762089, "params": {"C": 3.260659553786231, "epsilon": 0.8776873460325824, "gamma": 1.9033618285993477, "lamda": 0.9292569525789993}, "datetime": {"datetime": "2021-07-03 10:52:55", "elapsed": 309.865578, "delta": 0.764972}}
{"target": 0.3935973426088525, "params": {"C": 0.8527995477316112, "epsilon": 5.9665270650562485, "gamma": 0.25989895269516083, "lamda": 0.3440812882529293}, "datetime": {"datetime": "2021-07-03 10:52:56", "elapsed": 310.661633, "delta": 0.796055}}
{"target": 0.16783131640451543, "params": {"C": 2.281655246672429, "epsilon": 5.717608216598903, "gamma": 1.6973449908091007, "lamda": 0.33655781713909877}, "datetime": {"datetime": "2021-07-03 10:52:57", "elapsed": 311.431597, "delta": 0.769964}}
{"target": 0.25023634634736525, "params": {"C": 2.89005614885254, "epsilon": 0.9519595179940232, "gamma": 1.2498391191754459, "lamda": 0.15438994636564715}, "datetime": {"datetime": "2021-07-03 10:52:58", "elapsed": 312.208573, "delta": 0.776976}}
{"target": 0.5890874540458708, "params": {"C": 2.670642307766912, "epsilon": 2.306274133102006, "gamma": 0.26463518917152506, "lamda": 0.14380545608701087}, "datetime": {"datetime": "2021-07-03 10:52:59", "elapsed": 313.286591, "delta": 1.078018}}
{"target": 0.355141705810777, "params": {"C": 5.793180132113892, "epsilon": 3.892024768661152, "gamma": 1.2320627129507888, "lamda": 0.5458072497639762}, "datetime": {"datetime": "2021-07-03 10:53:00", "elapsed": 314.324586, "delta": 1.037995}}
