{"target": -3.165782304543961, "params": {"C": 86.30600168908431, "epsilon": 10.191911459353442, "gamma": 0.1, "lamda": 1.5}, "datetime": {"datetime": "2021-09-19 18:59:49", "elapsed": 282.700244, "delta": 15.10057}}
{"target": -3.1112812758467996, "params": {"C": 66.0, "epsilon": 10.0, "gamma": 0.1, "lamda": 1.5}, "datetime": {"datetime": "2021-09-19 19:00:05", "elapsed": 297.820951, "delta": 15.120707}}
{"target": 0.9089268646183403, "params": {"C": 85.24829868138171, "epsilon": 12.673332603271819, "gamma": 0.05, "lamda": 5e-05}, "datetime": {"datetime": "2021-09-19 19:00:05", "elapsed": 298.599945, "delta": 0.778994}}
{"target": -4.87261533392455, "params": {"C": 84.22478112824908, "epsilon": 13.79724694148182, "gamma": 0.06161903981068121, "lamda": 1.2801633692985546}, "datetime": {"datetime": "2021-09-19 19:00:20", "elapsed": 313.741948, "delta": 15.142003}}
{"target": -1.6039557550026058, "params": {"C": 86.76597959634219, "epsilon": 12.625132054927832, "gamma": 0.07482627977909603, "lamda": 0.06520573910408835}, "datetime": {"datetime": "2021-09-19 19:00:30", "elapsed": 323.112949, "delta": 9.371001}}
{"target": -1.7283688608887906, "params": {"C": 84.94084084388422, "epsilon": 11.296507128112104, "gamma": 0.07288106726815019, "lamda": 0.05849880488319873}, "datetime": {"datetime": "2021-09-19 19:00:39", "elapsed": 332.556654, "delta": 9.443705}}
{"target": 0.8974452451567202, "params": {"C": 92.84701390168696, "epsilon": 10.0, "gamma": 0.1, "lamda": 5e-05}, "datetime": {"datetime": "2021-09-19 19:00:40", "elapsed": 333.412656, "delta": 0.856002}}
{"target": 0.8954697570730931, "params": {"C": 90.35381260055664, "epsilon": 13.164547009027418, "gamma": 0.1, "lamda": 5e-05}, "datetime": {"datetime": "2021-09-19 19:00:41", "elapsed": 334.209653, "delta": 0.796997}}
{"target": 0.894371719364612, "params": {"C": 77.92906642666242, "epsilon": 20.0, "gamma": 0.1, "lamda": 5e-05}, "datetime": {"datetime": "2021-09-19 19:00:42", "elapsed": 334.947655, "delta": 0.738002}}
{"target": -6.648120087556988, "params": {"C": 76.97033100252789, "epsilon": 20.0, "gamma": 0.1, "lamda": 1.5}, "datetime": {"datetime": "2021-09-19 19:00:57", "elapsed": 350.061656, "delta": 15.114001}}
{"target": 0.8905924653324894, "params": {"C": 79.41099040796108, "epsilon": 20.0, "gamma": 0.1, "lamda": 5e-05}, "datetime": {"datetime": "2021-09-19 19:00:58", "elapsed": 350.868655, "delta": 0.806999}}
{"target": 0.8919672026115195, "params": {"C": 78.79341788187762, "epsilon": 18.526570103725952, "gamma": 0.1, "lamda": 5e-05}, "datetime": {"datetime": "2021-09-19 19:00:58", "elapsed": 351.800654, "delta": 0.931999}}
{"target": 0.9057258412289174, "params": {"C": 80.70141124408978, "epsilon": 18.475869957199087, "gamma": 0.05, "lamda": 5e-05}, "datetime": {"datetime": "2021-09-19 19:00:59", "elapsed": 352.589653, "delta": 0.788999}}
{"target": -6.066044497420335, "params": {"C": 80.25129353726292, "epsilon": 18.862992447443805, "gamma": 0.1, "lamda": 1.5}, "datetime": {"datetime": "2021-09-19 19:01:14", "elapsed": 367.679654, "delta": 15.090001}}
{"target": 0.90232870479521, "params": {"C": 80.48084370494591, "epsilon": 17.024609703140086, "gamma": 0.07348910734149092, "lamda": 0.03550647560199276}, "datetime": {"datetime": "2021-09-19 19:01:15", "elapsed": 368.442656, "delta": 0.763002}}
{"target": 0.9062020236372945, "params": {"C": 82.1175435349132, "epsilon": 17.51163554119882, "gamma": 0.05, "lamda": 5e-05}, "datetime": {"datetime": "2021-09-19 19:01:16", "elapsed": 369.265655, "delta": 0.822999}}
{"target": 0.9058124107350782, "params": {"C": 82.795727601919, "epsilon": 19.23566307831079, "gamma": 0.05, "lamda": 5e-05}, "datetime": {"datetime": "2021-09-19 19:01:17", "elapsed": 370.084653, "delta": 0.818998}}
{"target": 0.9079158802872067, "params": {"C": 84.17537460615463, "epsilon": 18.126488283010662, "gamma": 0.05, "lamda": 5e-05}, "datetime": {"datetime": "2021-09-19 19:01:18", "elapsed": 370.938655, "delta": 0.854002}}
{"target": 0.9076729591956423, "params": {"C": 84.67910430448102, "epsilon": 19.988970522734064, "gamma": 0.05, "lamda": 5e-05}, "datetime": {"datetime": "2021-09-19 19:01:18", "elapsed": 371.770654, "delta": 0.831999}}
{"target": -6.085441101454453, "params": {"C": 84.25708985887267, "epsilon": 19.154383387979664, "gamma": 0.1, "lamda": 1.5}, "datetime": {"datetime": "2021-09-19 19:01:34", "elapsed": 387.155655, "delta": 15.385001}}
{"target": 0.9078901149546272, "params": {"C": 86.42608093015812, "epsilon": 20.0, "gamma": 0.05, "lamda": 5e-05}, "datetime": {"datetime": "2021-09-19 19:01:35", "elapsed": 387.957654, "delta": 0.801999}}
{"target": 0.9012526117954666, "params": {"C": 86.15930410908518, "epsilon": 18.052311261070134, "gamma": 0.07135170510826574, "lamda": 0.004612087918537546}, "datetime": {"datetime": "2021-09-19 19:01:35", "elapsed": 388.779657, "delta": 0.822003}}
{"target": 0.9065577583938123, "params": {"C": 87.9019393076827, "epsilon": 18.894712789299422, "gamma": 0.05, "lamda": 5e-05}, "datetime": {"datetime": "2021-09-19 19:01:36", "elapsed": 389.640653, "delta": 0.860996}}
{"target": -6.7177969754472855, "params": {"C": 88.14129336099913, "epsilon": 20.0, "gamma": 0.1, "lamda": 1.4351423342044862}, "datetime": {"datetime": "2021-09-19 19:01:51", "elapsed": 404.605656, "delta": 14.965003}}
{"target": 0.9058778756780175, "params": {"C": 78.56941777022993, "epsilon": 16.699484738382054, "gamma": 0.05, "lamda": 5e-05}, "datetime": {"datetime": "2021-09-19 19:01:52", "elapsed": 405.410655, "delta": 0.804999}}
{"target": 0.8945285821255546, "params": {"C": 77.0045551165909, "epsilon": 17.29583049521907, "gamma": 0.1, "lamda": 5e-05}, "datetime": {"datetime": "2021-09-19 19:01:53", "elapsed": 406.208655, "delta": 0.798}}
{"target": -6.223192373887239, "params": {"C": 77.29377947389784, "epsilon": 16.151357908595944, "gamma": 0.05, "lamda": 1.310556689576793}, "datetime": {"datetime": "2021-09-19 19:02:08", "elapsed": 421.545654, "delta": 15.336999}}
{"target": -3.8092303993522654, "params": {"C": 84.69648144969744, "epsilon": 16.595497895501836, "gamma": 0.060910470866165356, "lamda": 0.01318005296911943}, "datetime": {"datetime": "2021-09-19 19:02:22", "elapsed": 435.632656, "delta": 14.087002}}
{"target": 0.8949128412183992, "params": {"C": 87.68799625866997, "epsilon": 17.60680086924982, "gamma": 0.1, "lamda": 5e-05}, "datetime": {"datetime": "2021-09-19 19:02:23", "elapsed": 436.358655, "delta": 0.725999}}
{"target": -2.8433933890871024, "params": {"C": 89.89863868855643, "epsilon": 18.000109156539793, "gamma": 0.08851357929922994, "lamda": 0.025113890731176456}, "datetime": {"datetime": "2021-09-19 19:02:32", "elapsed": 445.274656, "delta": 8.916001}}
{"target": 0.9079417123624495, "params": {"C": 85.56874255831885, "epsilon": 19.102752617346752, "gamma": 0.05, "lamda": 5e-05}, "datetime": {"datetime": "2021-09-19 19:02:33", "elapsed": 446.116656, "delta": 0.842}}
{"target": -6.451665542461229, "params": {"C": 66.0, "epsilon": 20.0, "gamma": 0.1, "lamda": 1.5}, "datetime": {"datetime": "2021-09-19 19:02:48", "elapsed": 461.078632, "delta": 14.961976}}
{"target": 0.8970010804527343, "params": {"C": 95.0011202297321, "epsilon": 20.0, "gamma": 0.1, "lamda": 5e-05}, "datetime": {"datetime": "2021-09-19 19:02:49", "elapsed": 461.816635, "delta": 0.738003}}
{"target": -7.93623164769725, "params": {"C": 94.0291089820963, "epsilon": 20.0, "gamma": 0.05, "lamda": 1.5}, "datetime": {"datetime": "2021-09-19 19:03:04", "elapsed": 476.863713, "delta": 15.047078}}
{"target": -1.1391727405486698, "params": {"C": 96.36711719883489, "epsilon": 19.546089569315537, "gamma": 0.08911255932051824, "lamda": 0.027626113467329322}, "datetime": {"datetime": "2021-09-19 19:03:13", "elapsed": 486.261809, "delta": 9.398096}}
{"target": 0.9051724612442364, "params": {"C": 77.42118532713623, "epsilon": 18.462716115974185, "gamma": 0.05, "lamda": 5e-05}, "datetime": {"datetime": "2021-09-19 19:03:14", "elapsed": 487.10222, "delta": 0.840411}}
{"target": -4.20771909696517, "params": {"C": 70.8488317915744, "epsilon": 10.0125212630054, "gamma": 0.05416912778613448, "lamda": 1.4766529894387082}, "datetime": {"datetime": "2021-09-19 19:03:29", "elapsed": 501.946159, "delta": 14.843939}}
{"target": -1.351740992911552, "params": {"C": 74.91316774334004, "epsilon": 17.79578643044488, "gamma": 0.07375429189888315, "lamda": 0.10218716065191495}, "datetime": {"datetime": "2021-09-19 19:03:38", "elapsed": 511.20185, "delta": 9.255691}}
{"target": 0.8966951957155259, "params": {"C": 72.03653800249936, "epsilon": 20.0, "gamma": 0.1, "lamda": 5e-05}, "datetime": {"datetime": "2021-09-19 19:03:39", "elapsed": 512.017852, "delta": 0.816002}}
{"target": -6.580739882088674, "params": {"C": 71.15688184764647, "epsilon": 20.0, "gamma": 0.1, "lamda": 1.5}, "datetime": {"datetime": "2021-09-19 19:03:54", "elapsed": 527.063194, "delta": 15.045342}}
{"target": 0.8939711667757189, "params": {"C": 73.49167946632576, "epsilon": 20.0, "gamma": 0.1, "lamda": 5e-05}, "datetime": {"datetime": "2021-09-19 19:03:55", "elapsed": 527.820192, "delta": 0.756998}}
{"target": -5.982363245467089, "params": {"C": 72.87114545656088, "epsilon": 18.286606315251063, "gamma": 0.09093136207149793, "lamda": 0.35730219065827545}, "datetime": {"datetime": "2021-09-19 19:04:09", "elapsed": 542.785691, "delta": 14.965499}}
{"target": -3.985735972138283, "params": {"C": 90.59151514492707, "epsilon": 13.113886308561264, "gamma": 0.1, "lamda": 1.5}, "datetime": {"datetime": "2021-09-19 19:04:25", "elapsed": 557.844691, "delta": 15.059}}
{"target": 0.9058889770193449, "params": {"C": 66.0, "epsilon": 14.161513831604214, "gamma": 0.05, "lamda": 5e-05}, "datetime": {"datetime": "2021-09-19 19:04:25", "elapsed": 558.75669, "delta": 0.911999}}
{"target": -5.530785751363501, "params": {"C": 66.0, "epsilon": 13.732279172419094, "gamma": 0.05, "lamda": 1.5}, "datetime": {"datetime": "2021-09-19 19:04:41", "elapsed": 574.048689, "delta": 15.291999}}
{"target": 0.9064678641477557, "params": {"C": 86.87801393789897, "epsilon": 18.790297139434525, "gamma": 0.05, "lamda": 5e-05}, "datetime": {"datetime": "2021-09-19 19:04:42", "elapsed": 574.984689, "delta": 0.936}}
{"target": 0.8981322697155147, "params": {"C": 66.25244292704156, "epsilon": 15.766142321538654, "gamma": 0.08681315927717803, "lamda": 0.07345171184990111}, "datetime": {"datetime": "2021-09-19 19:04:42", "elapsed": 575.796689, "delta": 0.812}}
{"target": 0.9053990144162415, "params": {"C": 81.44935058699515, "epsilon": 20.0, "gamma": 0.05, "lamda": 5e-05}, "datetime": {"datetime": "2021-09-19 19:04:43", "elapsed": 576.670689, "delta": 0.874}}
{"target": 0.8948367765434184, "params": {"C": 67.3813309533622, "epsilon": 14.773209136561592, "gamma": 0.1, "lamda": 5e-05}, "datetime": {"datetime": "2021-09-19 19:04:44", "elapsed": 577.594692, "delta": 0.924003}}
{"target": 0.9047973425140317, "params": {"C": 67.4303475429456, "epsilon": 16.8809081936537, "gamma": 0.05, "lamda": 5e-05}, "datetime": {"datetime": "2021-09-19 19:04:45", "elapsed": 578.389692, "delta": 0.795}}
{"target": -6.353321885080845, "params": {"C": 66.99107420555163, "epsilon": 16.87721075763968, "gamma": 0.06680559965728473, "lamda": 1.4007992964570382}, "datetime": {"datetime": "2021-09-19 19:05:00", "elapsed": 593.565694, "delta": 15.176002}}
{"target": 0.8949156115497384, "params": {"C": 67.95091399321421, "epsilon": 12.880490854417848, "gamma": 0.1, "lamda": 5e-05}, "datetime": {"datetime": "2021-09-19 19:05:01", "elapsed": 594.370688, "delta": 0.804994}}
{"target": 0.8951638534282047, "params": {"C": 68.30868867358839, "epsilon": 11.402627311385661, "gamma": 0.09932117259142492, "lamda": 0.057339190208390595}, "datetime": {"datetime": "2021-09-19 19:05:02", "elapsed": 595.198691, "delta": 0.828003}}
{"target": -1.158577956272088, "params": {"C": 69.59335286616016, "epsilon": 12.53260108877184, "gamma": 0.09730149446702055, "lamda": 0.35052603058828036}, "datetime": {"datetime": "2021-09-19 19:05:11", "elapsed": 604.69969, "delta": 9.500999}}
{"target": 0.8947536581863518, "params": {"C": 66.78880146390682, "epsilon": 11.837491948241038, "gamma": 0.1, "lamda": 5e-05}, "datetime": {"datetime": "2021-09-19 19:05:12", "elapsed": 605.554688, "delta": 0.854998}}
{"target": -4.745980410098319, "params": {"C": 68.19575766787862, "epsilon": 11.875829484776249, "gamma": 0.058879088895177276, "lamda": 1.496644035244876}, "datetime": {"datetime": "2021-09-19 19:05:28", "elapsed": 620.93269, "delta": 15.378002}}
{"target": 0.9059691921542142, "params": {"C": 74.58303602088256, "epsilon": 10.0, "gamma": 0.05, "lamda": 5e-05}, "datetime": {"datetime": "2021-09-19 19:05:28", "elapsed": 621.812691, "delta": 0.880001}}
{"target": 0.8950564810294929, "params": {"C": 76.24423038502216, "epsilon": 10.0, "gamma": 0.1, "lamda": 5e-05}, "datetime": {"datetime": "2021-09-19 19:05:29", "elapsed": 622.665691, "delta": 0.853}}
{"target": -3.2157581838706504, "params": {"C": 75.5571389866647, "epsilon": 10.343606413291623, "gamma": 0.0894168274722773, "lamda": 1.3748360602459726}, "datetime": {"datetime": "2021-09-19 19:05:44", "elapsed": 637.554691, "delta": 14.889}}
{"target": 0.9086224029574307, "params": {"C": 89.6866545411207, "epsilon": 11.94690312301684, "gamma": 0.05, "lamda": 5e-05}, "datetime": {"datetime": "2021-09-19 19:05:45", "elapsed": 638.408693, "delta": 0.854002}}
{"target": 0.9074571527449606, "params": {"C": 77.93935209705329, "epsilon": 10.0, "gamma": 0.05, "lamda": 5e-05}, "datetime": {"datetime": "2021-09-19 19:05:46", "elapsed": 639.370693, "delta": 0.962}}
{"target": 0.8948822149700741, "params": {"C": 67.70844515569608, "epsilon": 10.0, "gamma": 0.1, "lamda": 5e-05}, "datetime": {"datetime": "2021-09-19 19:05:47", "elapsed": 640.31869, "delta": 0.947997}}
{"target": 0.9065882422374837, "params": {"C": 81.5756162629919, "epsilon": 15.805956920893319, "gamma": 0.05, "lamda": 5e-05}, "datetime": {"datetime": "2021-09-19 19:05:48", "elapsed": 641.27869, "delta": 0.96}}
{"target": 0.905615517144313, "params": {"C": 73.01374675660206, "epsilon": 10.0, "gamma": 0.05, "lamda": 5e-05}, "datetime": {"datetime": "2021-09-19 19:05:49", "elapsed": 642.208689, "delta": 0.929999}}
{"target": -3.473238048349825, "params": {"C": 78.4590463060135, "epsilon": 10.060785902360955, "gamma": 0.08523395437431647, "lamda": 1.4924070849128206}, "datetime": {"datetime": "2021-09-19 19:06:04", "elapsed": 657.370689, "delta": 15.162}}
{"target": -4.931864505295463, "params": {"C": 81.6240182731799, "epsilon": 16.201099833306827, "gamma": 0.1, "lamda": 1.5}, "datetime": {"datetime": "2021-09-19 19:06:19", "elapsed": 672.36069, "delta": 14.990001}}
{"target": 0.8970298592787402, "params": {"C": 95.22411236492964, "epsilon": 17.950425874934425, "gamma": 0.1, "lamda": 5e-05}, "datetime": {"datetime": "2021-09-19 19:06:20", "elapsed": 673.272692, "delta": 0.912002}}
{"target": 0.8974922618318255, "params": {"C": 79.93295331087651, "epsilon": 15.293364358743247, "gamma": 0.09599783825562969, "lamda": 0.043659905429784505}, "datetime": {"datetime": "2021-09-19 19:06:21", "elapsed": 674.228692, "delta": 0.956}}
{"target": -3.6030526654703268, "params": {"C": 95.9684772573368, "epsilon": 16.248380980045336, "gamma": 0.05337231839123458, "lamda": 0.08039157886401398}, "datetime": {"datetime": "2021-09-19 19:06:29", "elapsed": 682.619691, "delta": 8.390999}}
{"target": -4.532856683074931, "params": {"C": 73.75420332490293, "epsilon": 11.074295710955827, "gamma": 0.05405408435029205, "lamda": 0.011794030354948064}, "datetime": {"datetime": "2021-09-19 19:06:39", "elapsed": 692.39369, "delta": 9.773999}}
{"target": -3.8734535979530555, "params": {"C": 81.87271884871977, "epsilon": 18.563841113796244, "gamma": 0.05284584277942206, "lamda": 0.056708190802482066}, "datetime": {"datetime": "2021-09-19 19:06:50", "elapsed": 703.410692, "delta": 11.017002}}
{"target": -7.007494752212841, "params": {"C": 79.49000803086913, "epsilon": 17.806683169459703, "gamma": 0.05103214651589108, "lamda": 0.03674241609314036}, "datetime": {"datetime": "2021-09-19 19:07:00", "elapsed": 713.01669, "delta": 9.605998}}
{"target": 0.9010457138212866, "params": {"C": 78.37190829917206, "epsilon": 19.170066556470296, "gamma": 0.08049509134343469, "lamda": 0.055498446013965}, "datetime": {"datetime": "2021-09-19 19:07:01", "elapsed": 714.220689, "delta": 1.203999}}
{"target": -1.016911930711494, "params": {"C": 85.57535660227373, "epsilon": 18.97265888874977, "gamma": 0.09536550505686538, "lamda": 0.09002096478377203}, "datetime": {"datetime": "2021-09-19 19:07:11", "elapsed": 723.877692, "delta": 9.657003}}
{"target": -1.7745803336030148, "params": {"C": 85.04372593048886, "epsilon": 19.452715287064674, "gamma": 0.05970284265298972, "lamda": 0.04887576485040776}, "datetime": {"datetime": "2021-09-19 19:07:20", "elapsed": 733.552691, "delta": 9.674999}}
{"target": 0.896135315012927, "params": {"C": 85.95353911813626, "epsilon": 19.4590749739614, "gamma": 0.08311691083514708, "lamda": 0.007472180810077095}, "datetime": {"datetime": "2021-09-19 19:07:21", "elapsed": 734.752691, "delta": 1.2}}
{"target": -7.155747058280902, "params": {"C": 87.2098927706927, "epsilon": 18.157938518988274, "gamma": 0.05304351676492567, "lamda": 0.6631106482305281}, "datetime": {"datetime": "2021-09-19 19:07:36", "elapsed": 749.456917, "delta": 14.704226}}
{"target": -3.7772560136809368, "params": {"C": 74.6216173388481, "epsilon": 12.0432426875055, "gamma": 0.0826509532528992, "lamda": 0.8291386715020455}, "datetime": {"datetime": "2021-09-19 19:07:51", "elapsed": 764.187462, "delta": 14.730545}}
{"target": 0.9013658679132984, "params": {"C": 78.17547925619122, "epsilon": 18.61827996254079, "gamma": 0.07986480449544789, "lamda": 0.004284851416489029}, "datetime": {"datetime": "2021-09-19 19:07:52", "elapsed": 765.718358, "delta": 1.530896}}
{"target": -3.052302393152126, "params": {"C": 96.1252203644907, "epsilon": 13.195220735340367, "gamma": 0.05838309973017658, "lamda": 0.1777584140078877}, "datetime": {"datetime": "2021-09-19 19:08:07", "elapsed": 780.620725, "delta": 14.902367}}
{"target": -1.317918133729397, "params": {"C": 96.28317895644938, "epsilon": 14.852352130065595, "gamma": 0.08835092010576967, "lamda": 0.08483760580689717}, "datetime": {"datetime": "2021-09-19 19:08:18", "elapsed": 791.067726, "delta": 10.447001}}
{"target": -5.821843269130863, "params": {"C": 78.67620516414777, "epsilon": 18.953972524720903, "gamma": 0.09352369594970518, "lamda": 0.3232811923049417}, "datetime": {"datetime": "2021-09-19 19:08:24", "elapsed": 797.479724, "delta": 6.411998}}
{"target": -7.2671234133690135, "params": {"C": 86.33064623951725, "epsilon": 19.960704564616442, "gamma": 0.06882483125255229, "lamda": 0.19316599938484344}, "datetime": {"datetime": "2021-09-19 19:08:34", "elapsed": 807.339725, "delta": 9.860001}}
{"target": -3.8495225078818525, "params": {"C": 82.82444122439064, "epsilon": 19.230951755084856, "gamma": 0.05150625070438786, "lamda": 0.027876885571887423}, "datetime": {"datetime": "2021-09-19 19:08:43", "elapsed": 816.153723, "delta": 8.813998}}
{"target": -3.6459333900508177, "params": {"C": 98.88968729438415, "epsilon": 10.500570491746048, "gamma": 0.0784878494312282, "lamda": 0.8588965834113604}, "datetime": {"datetime": "2021-09-19 19:08:58", "elapsed": 830.850422, "delta": 14.696699}}
{"target": -4.159561039654748, "params": {"C": 88.6409735793773, "epsilon": 11.647954038163155, "gamma": 0.06745675840289288, "lamda": 1.054804936898651}, "datetime": {"datetime": "2021-09-19 19:09:13", "elapsed": 845.817555, "delta": 14.967133}}
{"target": -7.958202902915911, "params": {"C": 98.11105542904545, "epsilon": 19.299628474419485, "gamma": 0.053463877429147016, "lamda": 0.433499759302723}, "datetime": {"datetime": "2021-09-19 19:09:27", "elapsed": 860.77775, "delta": 14.960195}}
{"target": -4.561622794544363, "params": {"C": 68.99260206415543, "epsilon": 11.704822219273698, "gamma": 0.05914862714768317, "lamda": 1.0222078266094494}, "datetime": {"datetime": "2021-09-19 19:09:42", "elapsed": 875.485814, "delta": 14.708064}}
{"target": -1.1876805465672007, "params": {"C": 78.1371588228096, "epsilon": 12.74522129227098, "gamma": 0.09388326248197482, "lamda": 0.047239995008072126}, "datetime": {"datetime": "2021-09-19 19:09:51", "elapsed": 884.552945, "delta": 9.067131}}
{"target": -6.161330117519497, "params": {"C": 91.48393367806325, "epsilon": 16.631125192188726, "gamma": 0.05116337098201719, "lamda": 0.1824909790822805}, "datetime": {"datetime": "2021-09-19 19:10:05", "elapsed": 898.616015, "delta": 14.06307}}
{"target": -5.047202497721998, "params": {"C": 72.24290433532072, "epsilon": 15.14614101368179, "gamma": 0.06919587551600737, "lamda": 0.2523273456250884}, "datetime": {"datetime": "2021-09-19 19:10:15", "elapsed": 908.079014, "delta": 9.462999}}
{"target": -4.729239804439286, "params": {"C": 70.38917094550318, "epsilon": 11.644481369079658, "gamma": 0.05691300643277385, "lamda": 1.0205570609882608}, "datetime": {"datetime": "2021-09-19 19:10:30", "elapsed": 923.157017, "delta": 15.078003}}
{"target": -2.891708469419591, "params": {"C": 79.57281403435897, "epsilon": 17.815876688423245, "gamma": 0.0979173655659311, "lamda": 0.14169196829190708}, "datetime": {"datetime": "2021-09-19 19:10:46", "elapsed": 938.864018, "delta": 15.707001}}
{"target": -4.965994981081159, "params": {"C": 71.57556603158288, "epsilon": 15.076918904366568, "gamma": 0.09152573296768152, "lamda": 0.7969285764492298}, "datetime": {"datetime": "2021-09-19 19:11:01", "elapsed": 953.841017, "delta": 14.976999}}
{"target": -5.652449538881892, "params": {"C": 84.78322385515995, "epsilon": 14.131102097613539, "gamma": 0.05238928558316341, "lamda": 0.6911364337104446}, "datetime": {"datetime": "2021-09-19 19:11:16", "elapsed": 969.089017, "delta": 15.248}}
