{"target": 0.8469035084580404, "params": {"C": 118.99632252549938, "epsilon": 7.787477896679095, "gamma": 0.009795507917511853, "lamda": 0.006466716003304492}, "datetime": {"datetime": "2021-09-19 20:04:39", "elapsed": 1111.548437, "delta": 0.764}}
{"target": 0.8573067208829281, "params": {"C": 93.87597141985094, "epsilon": 6.308613686367962, "gamma": 0.019566503434086082, "lamda": 0.0009846611285704368}, "datetime": {"datetime": "2021-09-19 20:04:40", "elapsed": 1112.316439, "delta": 0.768002}}
{"target": -3.464775145869562, "params": {"C": 115.2826427250997, "epsilon": 1.4032908526484074, "gamma": 0.09125373577291307, "lamda": 0.07595130572096832}, "datetime": {"datetime": "2021-09-19 20:04:49", "elapsed": 1121.900757, "delta": 9.584318}}
{"target": -4.967787529161824, "params": {"C": 110.5678150694197, "epsilon": 5.503217204925887, "gamma": 0.027503753901336532, "lamda": 0.17517783158673123}, "datetime": {"datetime": "2021-09-19 20:05:04", "elapsed": 1136.934784, "delta": 15.034027}}
{"target": -5.723875855534905, "params": {"C": 100.68032034417269, "epsilon": 1.3950689004208592, "gamma": 0.03275231043884021, "lamda": 0.13865255974668286}, "datetime": {"datetime": "2021-09-19 20:05:20", "elapsed": 1152.207981, "delta": 15.273197}}
{"target": -3.946817401906407, "params": {"C": 91.08632268475058, "epsilon": 0.9884710914947148, "gamma": 0.028212681839354395, "lamda": 0.051477045041452854}, "datetime": {"datetime": "2021-09-19 20:05:28", "elapsed": 1160.611659, "delta": 8.403678}}
{"target": -5.598989126021671, "params": {"C": 93.89352464773687, "epsilon": 6.344498483240091, "gamma": 0.054191830940330046, "lamda": 0.04410608741512174}, "datetime": {"datetime": "2021-09-19 20:05:37", "elapsed": 1169.487135, "delta": 8.875476}}
{"target": 0.8473035463940074, "params": {"C": 104.3852499719685, "epsilon": 1.1143645675982756, "gamma": 0.010162746603218293, "lamda": 0.01939776068324711}, "datetime": {"datetime": "2021-09-19 20:05:38", "elapsed": 1170.354753, "delta": 0.867618}}
{"target": -3.145903001201482, "params": {"C": 92.49958765483613, "epsilon": 9.264594598116942, "gamma": 0.009411189406553562, "lamda": 0.07982537217602421}, "datetime": {"datetime": "2021-09-19 20:05:52", "elapsed": 1184.380373, "delta": 14.02562}}
{"target": -5.969043084744432, "params": {"C": 92.60915305195495, "epsilon": 4.744166338168343, "gamma": 0.05753086925053295, "lamda": 0.1509324163150681}, "datetime": {"datetime": "2021-09-19 20:06:04", "elapsed": 1196.683549, "delta": 12.303176}}
{"target": -5.303397992466351, "params": {"C": 91.39232055234483, "epsilon": 6.588350191566258, "gamma": 0.06155472369798261, "lamda": 0.19628015861563006}, "datetime": {"datetime": "2021-09-19 20:06:13", "elapsed": 1206.057827, "delta": 9.374278}}
{"target": -6.237042982738412, "params": {"C": 101.58853806933246, "epsilon": 6.611670198692972, "gamma": 0.045541741689177184, "lamda": 0.16547471004519554}, "datetime": {"datetime": "2021-09-19 20:06:28", "elapsed": 1220.927826, "delta": 14.869999}}
{"target": -4.98467167313971, "params": {"C": 94.17174389238424, "epsilon": 5.30919150025913, "gamma": 0.019762094547080018, "lamda": 0.04407140589835921}, "datetime": {"datetime": "2021-09-19 20:06:42", "elapsed": 1234.40583, "delta": 13.478004}}
{"target": 0.8459433056026495, "params": {"C": 93.89581253617108, "epsilon": 6.294559865616289, "gamma": 0.009613989937248508, "lamda": 0.012209023197557057}, "datetime": {"datetime": "2021-09-19 20:06:43", "elapsed": 1235.18683, "delta": 0.781}}
{"target": 0.8284459243230358, "params": {"C": 104.45556574071576, "epsilon": 1.0785909541891074, "gamma": 0.005, "lamda": 0.015587510080077466}, "datetime": {"datetime": "2021-09-19 20:06:44", "elapsed": 1236.388842, "delta": 1.202012}}
{"target": 0.8587613249349142, "params": {"C": 104.48983453262318, "epsilon": 1.2226459294831593, "gamma": 0.021472277253140763, "lamda": 0.012426680040920459}, "datetime": {"datetime": "2021-09-19 20:06:45", "elapsed": 1237.34883, "delta": 0.959988}}
{"target": -5.157075181559799, "params": {"C": 93.70227370178873, "epsilon": 4.858836357141476, "gamma": 0.06468341049008379, "lamda": 0.18723385317771485}, "datetime": {"datetime": "2021-09-19 20:06:54", "elapsed": 1246.149828, "delta": 8.800998}}
{"target": -4.139597499334137, "params": {"C": 100.50560064364797, "epsilon": 5.22623227676961, "gamma": 0.09441217204809875, "lamda": 0.16327209607175105}, "datetime": {"datetime": "2021-09-19 20:07:03", "elapsed": 1255.158829, "delta": 9.009001}}
{"target": 0.8254838076895671, "params": {"C": 93.85563509970487, "epsilon": 6.261619132007257, "gamma": 0.005, "lamda": 5e-05}, "datetime": {"datetime": "2021-09-19 20:07:04", "elapsed": 1256.201827, "delta": 1.042998}}
{"target": 0.8731482962546301, "params": {"C": 90.95737910834195, "epsilon": 1.0454178843210558, "gamma": 0.041380763841306574, "lamda": 5e-05}, "datetime": {"datetime": "2021-09-19 20:07:05", "elapsed": 1257.141828, "delta": 0.940001}}
{"target": -4.479006796085159, "params": {"C": 104.66034552008816, "epsilon": 1.251454024178888, "gamma": 0.03550036983553913, "lamda": 0.04168213799579335}, "datetime": {"datetime": "2021-09-19 20:07:14", "elapsed": 1266.222828, "delta": 9.081}}
{"target": -4.825128118296706, "params": {"C": 215.39923532130058, "epsilon": 0.7462992023649677, "gamma": 0.05721793539847737, "lamda": 0.08709271240402447}, "datetime": {"datetime": "2021-09-19 20:14:16", "elapsed": 0.0, "delta": 0.0}}
{"target": -4.595063097245693, "params": {"C": 213.05517031312337, "epsilon": 3.638180799536804, "gamma": 0.02444162023359504, "lamda": 0.1238732297218152}, "datetime": {"datetime": "2021-09-19 20:14:32", "elapsed": 15.529541, "delta": 15.529541}}
{"target": -5.526914241510679, "params": {"C": 194.94820105117847, "epsilon": 3.034859113477233, "gamma": 0.06400771411308302, "lamda": 0.10585196175069396}, "datetime": {"datetime": "2021-09-19 20:14:40", "elapsed": 23.988542, "delta": 8.459001}}
{"target": -4.98753052148861, "params": {"C": 170.18699180174002, "epsilon": 5.378992152024591, "gamma": 0.022521787236456953, "lamda": 0.15707776280594388}, "datetime": {"datetime": "2021-09-19 20:14:54", "elapsed": 38.508542, "delta": 14.52}}
{"target": -4.874345387387284, "params": {"C": 278.0962938959233, "epsilon": 5.195249955128314, "gamma": 0.08542334110895947, "lamda": 0.015975113127961748}, "datetime": {"datetime": "2021-09-19 20:15:10", "elapsed": 53.939543, "delta": 15.431001}}
{"target": -5.279098104297856, "params": {"C": 225.78691351825557, "epsilon": 1.120221791675342, "gamma": 0.04567162112175199, "lamda": 0.019351356586339484}, "datetime": {"datetime": "2021-09-19 20:15:20", "elapsed": 63.565543, "delta": 9.626}}
{"target": -4.710645295744502, "params": {"C": 212.99862843126746, "epsilon": 8.999747021892459, "gamma": 0.017548333466742214, "lamda": 0.2}, "datetime": {"datetime": "2021-09-19 20:15:35", "elapsed": 79.432542, "delta": 15.866999}}
{"target": 0.8401538075922632, "params": {"C": 207.7172927134893, "epsilon": 4.1970859624676935, "gamma": 0.005, "lamda": 5e-05}, "datetime": {"datetime": "2021-09-19 20:15:36", "elapsed": 80.197544, "delta": 0.765002}}
{"target": 0.8401647253743003, "params": {"C": 206.79929294771554, "epsilon": 4.2008702686793535, "gamma": 0.005, "lamda": 5e-05}, "datetime": {"datetime": "2021-09-19 20:15:37", "elapsed": 81.145553, "delta": 0.948009}}
{"target": -5.078916295536291, "params": {"C": 206.93601026621104, "epsilon": 0.5099382633478631, "gamma": 0.049294237808886525, "lamda": 0.09642475916447639}, "datetime": {"datetime": "2021-09-19 20:15:46", "elapsed": 90.301541, "delta": 9.155988}}
{"target": -2.8999581728362442, "params": {"C": 207.074763112896, "epsilon": 6.22711203982694, "gamma": 0.01028942742134913, "lamda": 0.1453621101590973}, "datetime": {"datetime": "2021-09-19 20:15:59", "elapsed": 102.659542, "delta": 12.358001}}
{"target": 0.8938932350979353, "params": {"C": 207.29931281585706, "epsilon": 3.1601565085675634, "gamma": 0.1, "lamda": 5e-05}, "datetime": {"datetime": "2021-09-19 20:15:59", "elapsed": 103.248541, "delta": 0.588999}}
{"target": -4.671643666708656, "params": {"C": 204.2892618428436, "epsilon": 3.671224794175944, "gamma": 0.09243705602212456, "lamda": 0.15784451517549122}, "datetime": {"datetime": "2021-09-19 20:16:09", "elapsed": 112.807541, "delta": 9.559}}
{"target": -4.416755896747874, "params": {"C": 209.23179336781638, "epsilon": 2.8601917092249964, "gamma": 0.0724211599220822, "lamda": 0.06292695782724737}, "datetime": {"datetime": "2021-09-19 20:16:17", "elapsed": 121.274542, "delta": 8.467001}}
{"target": -4.625761008305294, "params": {"C": 206.186506458739, "epsilon": 2.7780092113844352, "gamma": 0.08696433739002739, "lamda": 0.1102696341078229}, "datetime": {"datetime": "2021-09-19 20:16:27", "elapsed": 130.711542, "delta": 9.437}}
{"target": -5.738765573185741, "params": {"C": 207.48346565286673, "epsilon": 3.478089590976791, "gamma": 0.03881916931675422, "lamda": 0.19303547771118834}, "datetime": {"datetime": "2021-09-19 20:16:35", "elapsed": 139.353546, "delta": 8.642004}}
{"target": -3.79643682477471, "params": {"C": 267.5296354425765, "epsilon": 0.5847586748126853, "gamma": 0.0204145967231498, "lamda": 0.016557743032657665}, "datetime": {"datetime": "2021-09-19 20:16:47", "elapsed": 151.10654, "delta": 11.752994}}
{"target": -6.304867302078457, "params": {"C": 178.45631824496982, "epsilon": 8.654538818827511, "gamma": 0.04505328898161248, "lamda": 0.07632959726749557}, "datetime": {"datetime": "2021-09-19 20:16:56", "elapsed": 160.028541, "delta": 8.922001}}
{"target": -5.270314989036312, "params": {"C": 262.62676745692454, "epsilon": 2.7860051525823817, "gamma": 0.02851634648504074, "lamda": 0.04084676959122411}, "datetime": {"datetime": "2021-09-19 20:17:10", "elapsed": 174.046307, "delta": 14.017766}}
{"target": -5.656390571782629, "params": {"C": 269.9911985286152, "epsilon": 3.1246810852782945, "gamma": 0.029136035826275455, "lamda": 0.0737159934523615}, "datetime": {"datetime": "2021-09-19 20:17:26", "elapsed": 189.694957, "delta": 15.64865}}
{"target": -4.133356167284869, "params": {"C": 179.48101473299272, "epsilon": 8.435330576117842, "gamma": 0.09366363835920023, "lamda": 0.17732778326697227}, "datetime": {"datetime": "2021-09-19 20:17:36", "elapsed": 199.544957, "delta": 9.85}}
{"target": -4.821337816822635, "params": {"C": 235.18826090509594, "epsilon": 2.032593290031186, "gamma": 0.02730184476440993, "lamda": 0.04934616920018582}, "datetime": {"datetime": "2021-09-19 20:17:50", "elapsed": 214.223957, "delta": 14.679}}
{"target": -4.508455737754391, "params": {"C": 164.49451328478472, "epsilon": 1.2986583727775156, "gamma": 0.07554209293146454, "lamda": 0.07278672482051844}, "datetime": {"datetime": "2021-09-19 20:18:00", "elapsed": 223.623958, "delta": 9.400001}}
{"target": -6.515180576347991, "params": {"C": 202.23016577782505, "epsilon": 6.149056153932186, "gamma": 0.05369182763003447, "lamda": 0.09546346290857007}, "datetime": {"datetime": "2021-09-19 20:18:13", "elapsed": 237.32796, "delta": 13.704002}}
{"target": -4.971091616952857, "params": {"C": 198.76149972958837, "epsilon": 8.53119499332322, "gamma": 0.072641224841689, "lamda": 0.14835945495978217}, "datetime": {"datetime": "2021-09-19 20:18:29", "elapsed": 252.773968, "delta": 15.446008}}
{"target": -5.627901621881299, "params": {"C": 158.14255756267715, "epsilon": 3.6775839459982964, "gamma": 0.03884395217778946, "lamda": 0.04530161889146172}, "datetime": {"datetime": "2021-09-19 20:18:43", "elapsed": 267.263456, "delta": 14.489488}}
{"target": -2.1129828192202265, "params": {"C": 227.27931235721005, "epsilon": 6.588343312937054, "gamma": 0.0071477770093147115, "lamda": 0.05504174718907085}, "datetime": {"datetime": "2021-09-19 20:18:58", "elapsed": 281.798731, "delta": 14.535275}}
{"target": -4.729648989729523, "params": {"C": 206.9465059279109, "epsilon": 1.8994208090412898, "gamma": 0.08226999749504203, "lamda": 0.09799976807520676}, "datetime": {"datetime": "2021-09-19 20:19:04", "elapsed": 288.43022, "delta": 6.631489}}
{"target": -4.577922271994585, "params": {"C": 268.7500733514184, "epsilon": 1.3908984858118862, "gamma": 0.07290923897721344, "lamda": 0.14967182134799548}, "datetime": {"datetime": "2021-09-19 20:19:14", "elapsed": 297.854998, "delta": 9.424778}}
{"target": -4.154715137551491, "params": {"C": 244.0886273819373, "epsilon": 8.283990280320314, "gamma": 0.0910840384851519, "lamda": 0.1307546919632831}, "datetime": {"datetime": "2021-09-19 20:19:23", "elapsed": 307.0281, "delta": 9.173102}}
{"target": -5.847643151348506, "params": {"C": 208.88127405606, "epsilon": 8.955386540501483, "gamma": 0.08414291623722556, "lamda": 0.17562509455649214}, "datetime": {"datetime": "2021-09-19 20:19:33", "elapsed": 316.655997, "delta": 9.627897}}
{"target": -5.956925701520319, "params": {"C": 152.70616734133878, "epsilon": 5.30308950988401, "gamma": 0.04971039180573152, "lamda": 0.040044930179781814}, "datetime": {"datetime": "2021-09-19 20:19:49", "elapsed": 332.855574, "delta": 16.199577}}
{"target": -4.827120748674063, "params": {"C": 273.899213577806, "epsilon": 7.634692238146916, "gamma": 0.019798840238104003, "lamda": 0.03818186374141737}, "datetime": {"datetime": "2021-09-19 20:20:03", "elapsed": 347.178213, "delta": 14.322639}}
{"target": -4.268641855881679, "params": {"C": 292.04709008361385, "epsilon": 3.0084966552298917, "gamma": 0.0869973120632385, "lamda": 0.13891440366884228}, "datetime": {"datetime": "2021-09-19 20:20:12", "elapsed": 356.420215, "delta": 9.242002}}
{"target": -4.724665252449051, "params": {"C": 195.23967773765247, "epsilon": 7.082125786459323, "gamma": 0.018899666756427215, "lamda": 0.011976678223518106}, "datetime": {"datetime": "2021-09-19 20:20:28", "elapsed": 371.797212, "delta": 15.376997}}
{"target": -6.392434182872872, "params": {"C": 253.94935232005622, "epsilon": 5.362682840420825, "gamma": 0.047444109206240544, "lamda": 0.05979529617813386}, "datetime": {"datetime": "2021-09-19 20:20:40", "elapsed": 384.087212, "delta": 12.29}}
{"target": -4.4798587810008055, "params": {"C": 167.63414826480167, "epsilon": 1.5888481191295276, "gamma": 0.07268936995505258, "lamda": 0.17949625765654442}, "datetime": {"datetime": "2021-09-19 20:20:49", "elapsed": 393.415213, "delta": 9.328001}}
{"target": -4.706392552416182, "params": {"C": 292.46505889964186, "epsilon": 8.791288869726085, "gamma": 0.02086002808863909, "lamda": 0.1555078156729863}, "datetime": {"datetime": "2021-09-19 20:21:04", "elapsed": 407.574215, "delta": 14.159002}}
{"target": -4.104655382935664, "params": {"C": 245.38125271669318, "epsilon": 7.028276186618908, "gamma": 0.0871455481226527, "lamda": 0.07149738952040575}, "datetime": {"datetime": "2021-09-19 20:21:13", "elapsed": 416.826211, "delta": 9.251996}}
{"target": -4.816723124647976, "params": {"C": 272.6627997268017, "epsilon": 9.548048708122264, "gamma": 0.09866726917723039, "lamda": 0.15040931634626928}, "datetime": {"datetime": "2021-09-19 20:21:21", "elapsed": 425.326217, "delta": 8.500006}}
{"target": -6.492057310500006, "params": {"C": 250.92970036659665, "epsilon": 7.646355481644559, "gamma": 0.043829200766776356, "lamda": 0.1582497679121268}, "datetime": {"datetime": "2021-09-19 20:21:30", "elapsed": 433.892214, "delta": 8.565997}}
{"target": -3.8792831870376077, "params": {"C": 237.71961718631673, "epsilon": 1.757356342660334, "gamma": 0.01759591360989781, "lamda": 0.15978136514596272}, "datetime": {"datetime": "2021-09-19 20:21:44", "elapsed": 448.228214, "delta": 14.336}}
{"target": -5.672594546046787, "params": {"C": 272.70968728236613, "epsilon": 2.075079417964458, "gamma": 0.04194879081372666, "lamda": 0.06671046530150743}, "datetime": {"datetime": "2021-09-19 20:21:58", "elapsed": 462.360213, "delta": 14.131999}}
{"target": -2.556512325400101, "params": {"C": 265.13600288679305, "epsilon": 2.4933906370540866, "gamma": 0.01291306783708673, "lamda": 0.012670610907435192}, "datetime": {"datetime": "2021-09-19 20:22:07", "elapsed": 471.196211, "delta": 8.835998}}
{"target": -6.168251122905497, "params": {"C": 262.32833870925276, "epsilon": 7.146337264051901, "gamma": 0.03553773403845949, "lamda": 0.15080095113201875}, "datetime": {"datetime": "2021-09-19 20:22:22", "elapsed": 485.815214, "delta": 14.619003}}
{"target": -5.88810386471125, "params": {"C": 189.8759160629671, "epsilon": 3.5766692305550074, "gamma": 0.045772629986841985, "lamda": 0.06144919127569147}, "datetime": {"datetime": "2021-09-19 20:22:37", "elapsed": 501.060215, "delta": 15.245001}}
{"target": -4.555215614379656, "params": {"C": 168.4140092858407, "epsilon": 1.6391043789725224, "gamma": 0.07733084443539212, "lamda": 0.16346398682620727}, "datetime": {"datetime": "2021-09-19 20:22:46", "elapsed": 510.436211, "delta": 9.375996}}
{"target": -6.752660214552964, "params": {"C": 254.3563091098784, "epsilon": 6.205479563937827, "gamma": 0.05004722621222191, "lamda": 0.031403097778368284}, "datetime": {"datetime": "2021-09-19 20:22:59", "elapsed": 522.897212, "delta": 12.461001}}
{"target": -5.410412765434679, "params": {"C": 175.94913380635185, "epsilon": 3.720939540976526, "gamma": 0.03136120341620072, "lamda": 0.05236441434310023}, "datetime": {"datetime": "2021-09-19 20:23:14", "elapsed": 538.156213, "delta": 15.259001}}
{"target": -5.284366925057511, "params": {"C": 175.7638055231515, "epsilon": 4.000167192782596, "gamma": 0.05485740382135767, "lamda": 0.1246356086836222}, "datetime": {"datetime": "2021-09-19 20:23:28", "elapsed": 551.966212, "delta": 13.809999}}
{"target": -5.141918018557009, "params": {"C": 206.8027573986704, "epsilon": 4.193085800943971, "gamma": 0.035523971659432184, "lamda": 0.10413182127711919}, "datetime": {"datetime": "2021-09-19 20:23:44", "elapsed": 567.877212, "delta": 15.911}}
{"target": -4.856818308431784, "params": {"C": 285.6198391397561, "epsilon": 4.562635164892561, "gamma": 0.023994532344706967, "lamda": 0.09596527550247459}, "datetime": {"datetime": "2021-09-19 20:23:53", "elapsed": 577.500214, "delta": 9.623002}}
{"target": -5.3393834606894135, "params": {"C": 286.360909832999, "epsilon": 2.122191951080481, "gamma": 0.0387085149906223, "lamda": 0.16342812315765717}, "datetime": {"datetime": "2021-09-19 20:24:02", "elapsed": 586.174212, "delta": 8.673998}}
{"target": -2.865802107062392, "params": {"C": 228.8165877881662, "epsilon": 4.209905540686269, "gamma": 0.011314097937163394, "lamda": 0.02412230655857074}, "datetime": {"datetime": "2021-09-19 20:24:16", "elapsed": 599.953725, "delta": 13.779513}}
{"target": -4.326686148888937, "params": {"C": 179.76631441013149, "epsilon": 1.0014309922528484, "gamma": 0.07988929176036186, "lamda": 0.10033838147596405}, "datetime": {"datetime": "2021-09-19 20:24:25", "elapsed": 609.475727, "delta": 9.522002}}
{"target": -4.195898512812554, "params": {"C": 242.64442846392052, "epsilon": 3.5982763858719333, "gamma": 0.09104342662666405, "lamda": 0.15238047203796135}, "datetime": {"datetime": "2021-09-19 20:24:32", "elapsed": 615.935727, "delta": 6.46}}
{"target": -6.10651747357993, "params": {"C": 297.35227286348766, "epsilon": 7.974224471484339, "gamma": 0.04102293321903643, "lamda": 0.030827801286770585}, "datetime": {"datetime": "2021-09-19 20:24:48", "elapsed": 631.851726, "delta": 15.915999}}
{"target": -4.779973135705645, "params": {"C": 167.5747899434688, "epsilon": 4.4191623485648694, "gamma": 0.08411499597848819, "lamda": 0.1672729780068547}, "datetime": {"datetime": "2021-09-19 20:25:02", "elapsed": 646.271725, "delta": 14.419999}}
{"target": -4.434748923492782, "params": {"C": 267.20933663440087, "epsilon": 1.8493126379966114, "gamma": 0.08514949419875184, "lamda": 0.14326246901498327}, "datetime": {"datetime": "2021-09-19 20:25:12", "elapsed": 655.804725, "delta": 9.533}}
{"target": -5.78809657872095, "params": {"C": 208.13165943666928, "epsilon": 6.01062159554707, "gamma": 0.02746748663716052, "lamda": 0.0468178099893599}, "datetime": {"datetime": "2021-09-19 20:25:27", "elapsed": 671.084726, "delta": 15.280001}}
{"target": -5.322835431869439, "params": {"C": 255.20442770871318, "epsilon": 2.4150243994301595, "gamma": 0.03347209313003639, "lamda": 0.08165872506308708}, "datetime": {"datetime": "2021-09-19 20:25:42", "elapsed": 685.849727, "delta": 14.765001}}
{"target": -4.741651977822187, "params": {"C": 292.57578401862304, "epsilon": 4.141926267287079, "gamma": 0.08442969455828014, "lamda": 0.08716723898059611}, "datetime": {"datetime": "2021-09-19 20:25:50", "elapsed": 694.474727, "delta": 8.625}}
{"target": -4.755605222180095, "params": {"C": 218.0439979892319, "epsilon": 6.029271674015497, "gamma": 0.0795914796329089, "lamda": 0.06661693645597364}, "datetime": {"datetime": "2021-09-19 20:25:59", "elapsed": 702.949727, "delta": 8.475}}
{"target": -4.930740304922987, "params": {"C": 181.6398128378324, "epsilon": 2.562019442923821, "gamma": 0.05655744203124507, "lamda": 0.10786029585353231}, "datetime": {"datetime": "2021-09-19 20:26:12", "elapsed": 715.712726, "delta": 12.762999}}
{"target": -4.346752981667027, "params": {"C": 237.55945178925916, "epsilon": 1.2611836062276736, "gamma": 0.023663028400665857, "lamda": 0.1846816192144124}, "datetime": {"datetime": "2021-09-19 20:26:25", "elapsed": 729.023417, "delta": 13.310691}}
{"target": -3.7841540111905454, "params": {"C": 225.75607624663826, "epsilon": 5.893180599620022, "gamma": 0.08117286467010854, "lamda": 0.1127859843031951}, "datetime": {"datetime": "2021-09-19 20:26:34", "elapsed": 738.488416, "delta": 9.464999}}
{"target": -5.283626388944938, "params": {"C": 191.24759041507644, "epsilon": 1.0096595172165919, "gamma": 0.06701170434801745, "lamda": 0.18656333158823377}, "datetime": {"datetime": "2021-09-19 20:26:44", "elapsed": 747.748417, "delta": 9.260001}}
{"target": -6.3485973988004645, "params": {"C": 271.1091291525488, "epsilon": 8.693258020398224, "gamma": 0.024787323526185633, "lamda": 0.027159212215710427}, "datetime": {"datetime": "2021-09-19 20:27:00", "elapsed": 763.935416, "delta": 16.186999}}
