{"target": -3.9393017441969977, "params": {"C": 164.4630247741455, "epsilon": 3.795235139118299, "gamma": 0.09399722140925676, "lamda": 0.04629220543680898}, "datetime": {"datetime": "2021-09-20 16:20:02", "elapsed": 4608.446136, "delta": 11.578986}}
{"target": -4.878957958184091, "params": {"C": 173.40247774332363, "epsilon": 2.5490238446070173, "gamma": 0.06632127339855251, "lamda": 0.006404298240498827}, "datetime": {"datetime": "2021-09-20 16:20:17", "elapsed": 4622.834848, "delta": 14.388712}}
{"target": -4.101866534901156, "params": {"C": 163.27560087361928, "epsilon": 0.14053903721562266, "gamma": 0.0869799537664903, "lamda": 0.057389539402213766}, "datetime": {"datetime": "2021-09-20 16:20:28", "elapsed": 4634.092735, "delta": 11.257887}}
{"target": -5.0403815578162146, "params": {"C": 166.08240728013888, "epsilon": 3.1383931615094536, "gamma": 0.06583141724859108, "lamda": 0.028263660682378944}, "datetime": {"datetime": "2021-09-20 16:20:37", "elapsed": 4643.283277, "delta": 9.190542}}
{"target": -4.775281015762518, "params": {"C": 164.6156881019642, "epsilon": 0.8480532302760492, "gamma": 0.06351754735082413, "lamda": 0.08764773712580272}, "datetime": {"datetime": "2021-09-20 16:20:48", "elapsed": 4653.952387, "delta": 10.66911}}
{"target": -4.912013037054127, "params": {"C": 154.4094322785755, "epsilon": 2.7601445164208203, "gamma": 0.06481603507430893, "lamda": 0.006016405298696545}, "datetime": {"datetime": "2021-09-20 16:20:59", "elapsed": 4665.054537, "delta": 11.10215}}
{"target": -4.175547680645987, "params": {"C": 177.86341150374568, "epsilon": 3.635867496463853, "gamma": 0.09441826669347542, "lamda": 0.037152881491233754}, "datetime": {"datetime": "2021-09-20 16:21:11", "elapsed": 4676.602072, "delta": 11.547535}}
{"target": -4.583920476847457, "params": {"C": 151.3579414662931, "epsilon": 3.21936867210973, "gamma": 0.09223939729158664, "lamda": 0.08750637104876335}, "datetime": {"datetime": "2021-09-20 16:21:21", "elapsed": 4687.068683, "delta": 10.466611}}
{"target": -4.2374337820590435, "params": {"C": 183.48232999377666, "epsilon": 3.2464931402750996, "gamma": 0.09589993129211281, "lamda": 0.04811384529655117}, "datetime": {"datetime": "2021-09-20 16:21:32", "elapsed": 4698.2408, "delta": 11.172117}}
{"target": -4.760849035373425, "params": {"C": 177.8912651857455, "epsilon": 2.06403402500668, "gamma": 0.08767935618096875, "lamda": 0.06987615242483812}, "datetime": {"datetime": "2021-09-20 16:21:48", "elapsed": 4714.374967, "delta": 16.134167}}
{"target": -5.22510160277926, "params": {"C": 176.0156817931658, "epsilon": 3.3275951404950477, "gamma": 0.08023117547159467, "lamda": 0.08336156342659704}, "datetime": {"datetime": "2021-09-20 16:21:58", "elapsed": 4724.196921, "delta": 9.821954}}
{"target": -4.179364331026418, "params": {"C": 164.09225440716216, "epsilon": 0.7796997452717539, "gamma": 0.09879482281378857, "lamda": 0.0754842549183273}, "datetime": {"datetime": "2021-09-20 16:22:08", "elapsed": 4734.429972, "delta": 10.233051}}
{"target": -3.3436504000985723, "params": {"C": 162.98958466522072, "epsilon": 2.3584425417813932, "gamma": 0.09821049014152748, "lamda": 0.012671621242147487}, "datetime": {"datetime": "2021-09-20 16:22:19", "elapsed": 4745.132776, "delta": 10.702804}}
{"target": -4.567343398831707, "params": {"C": 154.17671035308706, "epsilon": 2.507008539166036, "gamma": 0.0689797391534383, "lamda": 0.07769247588968328}, "datetime": {"datetime": "2021-09-20 16:22:32", "elapsed": 4758.457483, "delta": 13.324707}}
{"target": -5.251818593386733, "params": {"C": 178.40762714745526, "epsilon": 2.6914573136761013, "gamma": 0.0643125560317837, "lamda": 0.013006889886472896}, "datetime": {"datetime": "2021-09-20 16:22:48", "elapsed": 4774.479606, "delta": 16.022123}}
{"target": -5.0483606374502985, "params": {"C": 181.2560534152745, "epsilon": 1.6861465436453602, "gamma": 0.06349010095487927, "lamda": 0.040251074776537964}, "datetime": {"datetime": "2021-09-20 16:23:01", "elapsed": 4786.998698, "delta": 12.519092}}
{"target": -3.086484576988636, "params": {"C": 183.60722048284242, "epsilon": 0.8231826087510159, "gamma": 0.09582916434114816, "lamda": 0.0952354069436083}, "datetime": {"datetime": "2021-09-20 16:23:11", "elapsed": 4797.289708, "delta": 10.29101}}
{"target": -4.44925956830837, "params": {"C": 198.0786271217267, "epsilon": 2.9419236263418203, "gamma": 0.0762515371075326, "lamda": 0.07565617365336587}, "datetime": {"datetime": "2021-09-20 16:23:22", "elapsed": 4807.556399, "delta": 10.266691}}
{"target": -4.895350780623653, "params": {"C": 164.39934396373758, "epsilon": 1.312515511771725, "gamma": 0.08423585444871431, "lamda": 0.06151047767375217}, "datetime": {"datetime": "2021-09-20 16:23:32", "elapsed": 4817.998547, "delta": 10.442148}}
{"target": -4.631308976628176, "params": {"C": 193.93304881579056, "epsilon": 1.0780349621894616, "gamma": 0.09064753460811287, "lamda": 0.09439626034779564}, "datetime": {"datetime": "2021-09-20 16:23:43", "elapsed": 4828.943955, "delta": 10.945408}}
{"target": 0.897726836672303, "params": {"C": 177.82624845915524, "epsilon": 1.5515102567379706, "gamma": 0.09392988559029358, "lamda": 0.011628116943939525}, "datetime": {"datetime": "2021-09-20 16:23:49", "elapsed": 4834.866874, "delta": 5.922919}}
{"target": 0.8994311696216045, "params": {"C": 178.04016867078332, "epsilon": 0.16148525727894494, "gamma": 0.08653573594144376, "lamda": 0.009744563584594758}, "datetime": {"datetime": "2021-09-20 16:23:53", "elapsed": 4838.557748, "delta": 3.690874}}
{"target": 0.895598669531128, "params": {"C": 162.664791913296, "epsilon": 0.9593449494787519, "gamma": 0.06001933438833341, "lamda": 0.005081161622432314}, "datetime": {"datetime": "2021-09-20 16:23:57", "elapsed": 4843.3466, "delta": 4.788852}}
{"target": -4.224725276444636, "params": {"C": 163.89352132078199, "epsilon": 0.09733265253812809, "gamma": 0.07826383725280867, "lamda": 0.0928617967017523}, "datetime": {"datetime": "2021-09-20 16:24:13", "elapsed": 4859.130425, "delta": 15.783825}}
{"target": -2.8250929415157966, "params": {"C": 163.15701008403812, "epsilon": 0.38418048341473554, "gamma": 0.09557397932670408, "lamda": 0.05213318945134}, "datetime": {"datetime": "2021-09-20 16:24:28", "elapsed": 4873.750615, "delta": 14.62019}}
{"target": -4.369286844338977, "params": {"C": 179.7773278524294, "epsilon": 0.2198815884991283, "gamma": 0.07186688604063976, "lamda": 0.014172858581990286}, "datetime": {"datetime": "2021-09-20 16:24:38", "elapsed": 4884.1082, "delta": 10.357585}}
{"target": -4.316580031171756, "params": {"C": 195.20310219576007, "epsilon": 0.21790276549966825, "gamma": 0.0883637769721474, "lamda": 0.005696198547896272}, "datetime": {"datetime": "2021-09-20 16:24:52", "elapsed": 4898.126619, "delta": 14.018419}}
{"target": -4.80753163467591, "params": {"C": 166.2437880699506, "epsilon": 2.5722631514483125, "gamma": 0.07602020437443671, "lamda": 0.07639770599188743}, "datetime": {"datetime": "2021-09-20 16:25:04", "elapsed": 4909.854477, "delta": 11.727858}}
{"target": -5.218591216451429, "params": {"C": 175.24575954243176, "epsilon": 2.037383442784574, "gamma": 0.07131668199621743, "lamda": 0.04043531495672279}, "datetime": {"datetime": "2021-09-20 16:25:22", "elapsed": 4928.131239, "delta": 18.276762}}
{"target": -4.801165720347293, "params": {"C": 197.4519175614421, "epsilon": 2.539998473218276, "gamma": 0.0891196573583507, "lamda": 0.03160854070581085}, "datetime": {"datetime": "2021-09-20 16:25:39", "elapsed": 4945.163007, "delta": 17.031768}}
