{"target": 0.505481566887752, "params": {"C": 7.865653461228495, "epsilon": 1.6476199548937207, "gamma": 0.8564950786979151, "lamda": 0.22703729223637473}, "datetime": {"datetime": "2021-07-03 11:13:48", "elapsed": 126.568592, "delta": 0.387966}}
{"target": 0.8059076391980808, "params": {"C": 12.198030758671456, "epsilon": 4.376857660294786, "gamma": 0.2610754668531864, "lamda": 0.25814329850381246}, "datetime": {"datetime": "2021-07-03 11:13:49", "elapsed": 126.978495, "delta": 0.409903}}
{"target": -4.165123953389471, "params": {"C": 14.391892249035484, "epsilon": 14.581184832738717, "gamma": 0.26321573834731865, "lamda": 0.22461197503284747}, "datetime": {"datetime": "2021-07-03 11:13:56", "elapsed": 134.501393, "delta": 7.522898}}
{"target": 0.6108692510731732, "params": {"C": 10.60622241492781, "epsilon": 12.256367285691047, "gamma": 0.7130773258043016, "lamda": 0.24381160798214474}, "datetime": {"datetime": "2021-07-03 11:13:57", "elapsed": 134.867415, "delta": 0.366022}}
{"target": 0.624557182954725, "params": {"C": 9.766451299404618, "epsilon": 12.250219396334087, "gamma": 0.6372838289048908, "lamda": 0.920280462355686}, "datetime": {"datetime": "2021-07-03 11:13:57", "elapsed": 135.2105, "delta": 0.343085}}
{"target": -1.3660301051092825, "params": {"C": 12.201520810822082, "epsilon": 8.6336911455975, "gamma": 0.6656871920559785, "lamda": 0.992217070079163}, "datetime": {"datetime": "2021-07-03 11:14:05", "elapsed": 143.774614, "delta": 8.564114}}
{"target": 0.5988912132564108, "params": {"C": 6.590189624765013, "epsilon": 7.228703115267686, "gamma": 0.5165575796590467, "lamda": 0.20902455714650914}, "datetime": {"datetime": "2021-07-03 11:14:06", "elapsed": 144.137644, "delta": 0.36303}}
{"target": 0.5720560475706362, "params": {"C": 14.767022511174604, "epsilon": 8.129374250251017, "gamma": 0.9847364259110529, "lamda": 0.8127010236735006}, "datetime": {"datetime": "2021-07-03 11:14:06", "elapsed": 144.545555, "delta": 0.407911}}
{"target": 0.5744312697687557, "params": {"C": 10.588652010413561, "epsilon": 3.077059811512245, "gamma": 0.8071981973386096, "lamda": 0.1732015761178265}, "datetime": {"datetime": "2021-07-03 11:14:07", "elapsed": 144.928531, "delta": 0.382976}}
{"target": 0.8210885892872976, "params": {"C": 12.975248317812927, "epsilon": 2.8294164890728037, "gamma": 0.23256367162236516, "lamda": 0.9516472226410809}, "datetime": {"datetime": "2021-07-03 11:14:07", "elapsed": 145.385317, "delta": 0.456786}}
{"target": 0.6032816815434381, "params": {"C": 6.817515428016598, "epsilon": 13.421988434293967, "gamma": 0.5144520112045802, "lamda": 0.9876263330063216}, "datetime": {"datetime": "2021-07-03 11:14:08", "elapsed": 146.134309, "delta": 0.748992}}
{"target": -2.837914222456764, "params": {"C": 11.791604150776596, "epsilon": 12.451222284834671, "gamma": 0.34118202710488527, "lamda": 0.4417057583920553}, "datetime": {"datetime": "2021-07-03 11:14:18", "elapsed": 156.059786, "delta": 9.925477}}
{"target": 0.6452839952145559, "params": {"C": 12.993153253932334, "epsilon": 4.153134727418633, "gamma": 0.7046664943311023, "lamda": 0.4995129372251349}, "datetime": {"datetime": "2021-07-03 11:14:18", "elapsed": 156.450746, "delta": 0.39096}}
{"target": 0.5922011906432703, "params": {"C": 9.03388915218561, "epsilon": 14.808390742212516, "gamma": 0.6876664227315423, "lamda": 0.9176016547674393}, "datetime": {"datetime": "2021-07-03 11:14:19", "elapsed": 156.883586, "delta": 0.43284}}
{"target": 0.5679046360269587, "params": {"C": 11.433911889494318, "epsilon": 9.20280530443402, "gamma": 0.8670190643100076, "lamda": 0.28640818699792914}, "datetime": {"datetime": "2021-07-03 11:14:19", "elapsed": 157.350343, "delta": 0.466757}}
{"target": 0.5606888121433635, "params": {"C": 10.399278454069915, "epsilon": 4.886799060778512, "gamma": 0.8404524608268379, "lamda": 0.9906325734245027}, "datetime": {"datetime": "2021-07-03 11:14:19", "elapsed": 157.741293, "delta": 0.39095}}
{"target": 0.6149156398764457, "params": {"C": 12.996841765174146, "epsilon": 5.815987488207971, "gamma": 0.7879307021323008, "lamda": 0.7427180112479325}, "datetime": {"datetime": "2021-07-03 11:14:20", "elapsed": 158.135242, "delta": 0.393949}}
{"target": -1.5298878657792847, "params": {"C": 14.990269719951275, "epsilon": 8.813530496322748, "gamma": 0.4856708400307549, "lamda": 0.8969582884171715}, "datetime": {"datetime": "2021-07-03 11:14:28", "elapsed": 166.198694, "delta": 8.063452}}
{"target": -5.435627357275612, "params": {"C": 14.930142437505495, "epsilon": 4.070309139768329, "gamma": 0.06319653848969269, "lamda": 0.5920226535717495}, "datetime": {"datetime": "2021-07-03 11:14:32", "elapsed": 169.977596, "delta": 3.778902}}
{"target": 0.5630984303350104, "params": {"C": 10.699130131358917, "epsilon": 0.618977375476321, "gamma": 0.8417450063227264, "lamda": 0.5863063146833866}, "datetime": {"datetime": "2021-07-03 11:14:32", "elapsed": 170.39548, "delta": 0.417884}}
{"target": 0.536034027981215, "params": {"C": 6.280431982584123, "epsilon": 2.360510355054047, "gamma": 0.650495318574104, "lamda": 0.2715120499844207}, "datetime": {"datetime": "2021-07-03 11:14:32", "elapsed": 170.780453, "delta": 0.384973}}
{"target": 0.5656523209140873, "params": {"C": 14.533512444161659, "epsilon": 11.51616057506629, "gamma": 0.9997243497488101, "lamda": 0.40273402393867996}, "datetime": {"datetime": "2021-07-03 11:14:33", "elapsed": 171.159439, "delta": 0.378986}}
{"target": 0.6473011870073213, "params": {"C": 5.460071177217162, "epsilon": 3.7186761121050123, "gamma": 0.35818272159154035, "lamda": 0.177695852965675}, "datetime": {"datetime": "2021-07-03 11:14:33", "elapsed": 171.660102, "delta": 0.500663}}
{"target": 0.49795649358071137, "params": {"C": 7.015717393590787, "epsilon": 3.3861475996077828, "gamma": 0.8181311345666262, "lamda": 0.7686006824093753}, "datetime": {"datetime": "2021-07-03 11:14:34", "elapsed": 172.10591, "delta": 0.445808}}
{"target": 0.5768016157379932, "params": {"C": 10.27299636325058, "epsilon": 12.140262420395597, "gamma": 0.7941996384159788, "lamda": 0.678897734863876}, "datetime": {"datetime": "2021-07-03 11:14:34", "elapsed": 172.49487, "delta": 0.38896}}
{"target": -2.0040777309395716, "params": {"C": 14.135165157943337, "epsilon": 10.805071955859518, "gamma": 0.5414950135221339, "lamda": 0.5155886914205661}, "datetime": {"datetime": "2021-07-03 11:14:43", "elapsed": 181.288373, "delta": 8.793503}}
{"target": 0.4323742269817279, "params": {"C": 5.691496952084373, "epsilon": 14.634497046803949, "gamma": 0.9385946755633373, "lamda": 0.35003344867877617}, "datetime": {"datetime": "2021-07-03 11:14:43", "elapsed": 181.745153, "delta": 0.45678}}
{"target": 0.6605801580211688, "params": {"C": 13.606201416217235, "epsilon": 4.748682247828104, "gamma": 0.6843616183388829, "lamda": 0.9041572395183529}, "datetime": {"datetime": "2021-07-03 11:14:44", "elapsed": 182.218887, "delta": 0.473734}}
{"target": 0.6419487912282504, "params": {"C": 7.023287837866267, "epsilon": 12.04412606776331, "gamma": 0.44706535340657505, "lamda": 0.3840998051204131}, "datetime": {"datetime": "2021-07-03 11:14:44", "elapsed": 182.706134, "delta": 0.487247}}
{"target": 0.6377117100305857, "params": {"C": 11.041199823763728, "epsilon": 10.381936337808357, "gamma": 0.6591801007152193, "lamda": 0.4735846170619542}, "datetime": {"datetime": "2021-07-03 11:14:45", "elapsed": 183.160433, "delta": 0.454299}}
{"target": 0.5795180737801184, "params": {"C": 6.879029980042572, "epsilon": 1.5556532315493568, "gamma": 0.5859556938760521, "lamda": 0.9112996766329177}, "datetime": {"datetime": "2021-07-03 11:14:45", "elapsed": 183.646134, "delta": 0.485701}}
{"target": 0.6048497922140186, "params": {"C": 7.756642485379013, "epsilon": 5.954740427953322, "gamma": 0.5768071881211452, "lamda": 0.20767241253050422}, "datetime": {"datetime": "2021-07-03 11:14:46", "elapsed": 184.106903, "delta": 0.460769}}
{"target": -2.2217548728562937, "params": {"C": 8.354448724928167, "epsilon": 5.750884941410556, "gamma": 0.21974297665064219, "lamda": 0.6479342824651418}, "datetime": {"datetime": "2021-07-03 11:14:58", "elapsed": 196.48808, "delta": 12.381177}}
{"target": -2.4131319496694643, "params": {"C": 12.627411122794742, "epsilon": 9.909010883972059, "gamma": 0.31300144498637045, "lamda": 0.7176669372437461}, "datetime": {"datetime": "2021-07-03 11:15:05", "elapsed": 203.49638, "delta": 7.0083}}
{"target": -4.6113413621924595, "params": {"C": 12.451836585379812, "epsilon": 1.8582031057561346, "gamma": 0.0305726911758373, "lamda": 0.6307453002117914}, "datetime": {"datetime": "2021-07-03 11:15:20", "elapsed": 218.454136, "delta": 14.957756}}
{"target": -1.8302792792206595, "params": {"C": 14.551957292628813, "epsilon": 9.537253984150297, "gamma": 0.46906442885941463, "lamda": 0.8338244391517048}, "datetime": {"datetime": "2021-07-03 11:15:29", "elapsed": 227.45309, "delta": 8.998954}}
{"target": 0.7017890652769097, "params": {"C": 8.775836902674977, "epsilon": 13.492010843822888, "gamma": 0.4049492202274399, "lamda": 0.7745786969220455}, "datetime": {"datetime": "2021-07-03 11:15:30", "elapsed": 227.894911, "delta": 0.441821}}
{"target": 0.46804318954439117, "params": {"C": 7.383962076613346, "epsilon": 14.302511325151473, "gamma": 0.9708622373937605, "lamda": 0.5850608282100075}, "datetime": {"datetime": "2021-07-03 11:15:30", "elapsed": 228.361662, "delta": 0.466751}}
{"target": 0.6877731918877188, "params": {"C": 10.422422509783654, "epsilon": 9.441999716287716, "gamma": 0.508041932501112, "lamda": 0.2644144011404791}, "datetime": {"datetime": "2021-07-03 11:15:30", "elapsed": 228.821433, "delta": 0.459771}}
{"target": 0.44879423883631364, "params": {"C": 6.101460145499502, "epsilon": 7.358730067944236, "gamma": 0.9093141972799831, "lamda": 0.3600948283535048}, "datetime": {"datetime": "2021-07-03 11:15:31", "elapsed": 229.286193, "delta": 0.46476}}
{"target": 0.6586845623887461, "params": {"C": 12.210786590065483, "epsilon": 13.76334363586106, "gamma": 0.6489135900657901, "lamda": 0.30414569833754806}, "datetime": {"datetime": "2021-07-03 11:15:31", "elapsed": 229.710059, "delta": 0.423866}}
{"target": 0.7146970174808117, "params": {"C": 12.050106954472087, "epsilon": 7.387979027939269, "gamma": 0.5028821560435196, "lamda": 0.27807252614228567}, "datetime": {"datetime": "2021-07-03 11:15:32", "elapsed": 230.201746, "delta": 0.491687}}
{"target": 0.5406762574013635, "params": {"C": 9.22406946210841, "epsilon": 10.829730648257375, "gamma": 0.8430020037866116, "lamda": 0.47443830643280993}, "datetime": {"datetime": "2021-07-03 11:15:32", "elapsed": 230.710386, "delta": 0.50864}}
{"target": -3.8070490664342422, "params": {"C": 14.255868184431344, "epsilon": 10.835404932439063, "gamma": 0.18177741478928888, "lamda": 0.6964221493596616}, "datetime": {"datetime": "2021-07-03 11:15:42", "elapsed": 240.293293, "delta": 9.582907}}
{"target": -2.6547683504807758, "params": {"C": 9.938510731324287, "epsilon": 7.6958248708639, "gamma": 0.2069402661904659, "lamda": 0.7011188062408227}, "datetime": {"datetime": "2021-07-03 11:15:50", "elapsed": 248.050565, "delta": 7.757272}}
{"target": 0.8115855466144076, "params": {"C": 6.947197682613676, "epsilon": 13.13674981925485, "gamma": 0.025162318512566416, "lamda": 0.20802294608352606}, "datetime": {"datetime": "2021-07-03 11:15:50", "elapsed": 248.510337, "delta": 0.459772}}
{"target": 0.6294182456244746, "params": {"C": 9.977630718702184, "epsilon": 3.876690816102159, "gamma": 0.6300930996862865, "lamda": 0.8431514021297817}, "datetime": {"datetime": "2021-07-03 11:15:51", "elapsed": 248.983075, "delta": 0.472738}}
{"target": 0.6320762391589843, "params": {"C": 7.387947999074957, "epsilon": 4.661503096245937, "gamma": 0.48998365122317294, "lamda": 0.21582713730794395}, "datetime": {"datetime": "2021-07-03 11:15:52", "elapsed": 249.90247, "delta": 0.919395}}
{"target": 0.7122866607414733, "params": {"C": 8.549990074349717, "epsilon": 1.6803406204011586, "gamma": 0.3700176860025209, "lamda": 0.9270961183222015}, "datetime": {"datetime": "2021-07-03 11:15:52", "elapsed": 250.681325, "delta": 0.778855}}
{"target": 0.5146966848386413, "params": {"C": 7.459883147262543, "epsilon": 3.120235345868331, "gamma": 0.8025342763517294, "lamda": 0.8709976682548186}, "datetime": {"datetime": "2021-07-03 11:15:53", "elapsed": 251.550015, "delta": 0.86869}}
{"target": 0.6265008745719889, "params": {"C": 6.576858895949734, "epsilon": 6.954747346518773, "gamma": 0.4548656604679673, "lamda": 0.15023930971036756}, "datetime": {"datetime": "2021-07-03 11:15:56", "elapsed": 254.406372, "delta": 2.856357}}
{"target": -2.964193388518985, "params": {"C": 11.434542490186653, "epsilon": 12.005883659751126, "gamma": 0.30321650707212416, "lamda": 0.49065372357709447}, "datetime": {"datetime": "2021-07-03 11:16:12", "elapsed": 270.369715, "delta": 15.963343}}
{"target": 0.5997805218736026, "params": {"C": 9.194008382346986, "epsilon": 4.858019182369459, "gamma": 0.6695490510679855, "lamda": 0.6074585198571689}, "datetime": {"datetime": "2021-07-03 11:16:13", "elapsed": 271.01898, "delta": 0.649265}}
{"target": -3.292256997817871, "params": {"C": 9.169192378670196, "epsilon": 13.194624510280194, "gamma": 0.29480562014482997, "lamda": 0.683679600780208}, "datetime": {"datetime": "2021-07-03 11:16:27", "elapsed": 285.564115, "delta": 14.545135}}
{"target": 0.6836455094461735, "params": {"C": 11.471509097728811, "epsilon": 13.075584638379322, "gamma": 0.5606310994016886, "lamda": 0.8113276462728355}, "datetime": {"datetime": "2021-07-03 11:16:28", "elapsed": 286.108659, "delta": 0.544544}}
{"target": 0.6169694116433415, "params": {"C": 6.822266065529218, "epsilon": 7.022238298668897, "gamma": 0.4935070751491723, "lamda": 0.3306024796341796}, "datetime": {"datetime": "2021-07-03 11:16:28", "elapsed": 286.683125, "delta": 0.574466}}
{"target": 0.6356566032774837, "params": {"C": 6.780296784441586, "epsilon": 9.010409923734315, "gamma": 0.44608790118058433, "lamda": 0.6155483273578917}, "datetime": {"datetime": "2021-07-03 11:16:29", "elapsed": 287.526871, "delta": 0.843746}}
{"target": 0.6763791812191092, "params": {"C": 5.954578438077124, "epsilon": 1.529587100017599, "gamma": 0.32760682886103837, "lamda": 0.9289341374845506}, "datetime": {"datetime": "2021-07-03 11:16:30", "elapsed": 288.04349, "delta": 0.516619}}
{"target": -2.834555095598356, "params": {"C": 13.840954257387732, "epsilon": 13.852760068910158, "gamma": 0.5386392082700983, "lamda": 0.9165833914417587}, "datetime": {"datetime": "2021-07-03 11:16:42", "elapsed": 299.929729, "delta": 11.886239}}
{"target": 0.7113864839342414, "params": {"C": 10.729282501691259, "epsilon": 13.299424479924351, "gamma": 0.4626390394728822, "lamda": 0.5170639527420587}, "datetime": {"datetime": "2021-07-03 11:16:42", "elapsed": 300.487241, "delta": 0.557512}}
{"target": 0.6843410172399409, "params": {"C": 6.303842063515895, "epsilon": 10.459100645204384, "gamma": 0.32594114164926286, "lamda": 0.11557231149442526}, "datetime": {"datetime": "2021-07-03 11:16:43", "elapsed": 301.349934, "delta": 0.862693}}
{"target": 0.6892496448144165, "params": {"C": 12.715833816578165, "epsilon": 7.7628314108473475, "gamma": 0.5869676374633469, "lamda": 0.429233741391827}, "datetime": {"datetime": "2021-07-03 11:16:44", "elapsed": 301.86755, "delta": 0.517616}}
{"target": 0.45072485296719456, "params": {"C": 6.602734289636695, "epsilon": 1.3171779259482126, "gamma": 0.934069729126137, "lamda": 0.4240293719391206}, "datetime": {"datetime": "2021-07-03 11:16:44", "elapsed": 302.410101, "delta": 0.542551}}
{"target": 0.42639671188193795, "params": {"C": 5.726163516257498, "epsilon": 3.4652336411160154, "gamma": 0.9394144684868514, "lamda": 0.6344542664123636}, "datetime": {"datetime": "2021-07-03 11:16:45", "elapsed": 302.967611, "delta": 0.55751}}
{"target": -2.1730160478746514, "params": {"C": 10.82757214600525, "epsilon": 12.181658913296083, "gamma": 0.6458107668344821, "lamda": 0.8527397207835277}, "datetime": {"datetime": "2021-07-03 11:16:56", "elapsed": 314.526724, "delta": 11.559113}}
{"target": 0.6216159232252166, "params": {"C": 10.712024594285769, "epsilon": 11.89229754579405, "gamma": 0.6884173175992817, "lamda": 0.6620315753508754}, "datetime": {"datetime": "2021-07-03 11:16:57", "elapsed": 315.129115, "delta": 0.602391}}
{"target": 0.5105143631051212, "params": {"C": 7.506749010854397, "epsilon": 11.308877236790725, "gamma": 0.8298860558775432, "lamda": 0.6593561581111209}, "datetime": {"datetime": "2021-07-03 11:16:57", "elapsed": 315.631772, "delta": 0.502657}}
{"target": 0.6327493102141308, "params": {"C": 5.515763228705801, "epsilon": 4.382733422395472, "gamma": 0.3894730051529263, "lamda": 0.6007824275201887}, "datetime": {"datetime": "2021-07-03 11:16:58", "elapsed": 316.195265, "delta": 0.563493}}
{"target": -2.802038926706141, "params": {"C": 8.354668691368763, "epsilon": 10.701124362365494, "gamma": 0.25150492365150917, "lamda": 0.8759368195171898}, "datetime": {"datetime": "2021-07-03 11:17:09", "elapsed": 327.534966, "delta": 11.339701}}
{"target": 0.6182549830035606, "params": {"C": 10.727034082171262, "epsilon": 9.186196408383656, "gamma": 0.696910745269046, "lamda": 0.7477436819120121}, "datetime": {"datetime": "2021-07-03 11:17:10", "elapsed": 328.162288, "delta": 0.627322}}
{"target": 0.5754095484119236, "params": {"C": 14.712822889010422, "epsilon": 7.073987901925391, "gamma": 0.9699036257791834, "lamda": 0.7925457444293829}, "datetime": {"datetime": "2021-07-03 11:17:10", "elapsed": 328.613083, "delta": 0.450795}}
{"target": 0.5864310509363571, "params": {"C": 12.295120264423858, "epsilon": 9.452878091580072, "gamma": 0.8420280129743095, "lamda": 0.7824117691611002}, "datetime": {"datetime": "2021-07-03 11:17:11", "elapsed": 329.144663, "delta": 0.53158}}
{"target": 0.6201566325169388, "params": {"C": 12.304577249498646, "epsilon": 3.7933201645485783, "gamma": 0.7481220621153378, "lamda": 0.13909728678072122}, "datetime": {"datetime": "2021-07-03 11:17:11", "elapsed": 329.715139, "delta": 0.570476}}
{"target": -5.280504511053454, "params": {"C": 14.056961925273306, "epsilon": 4.392538796797317, "gamma": 0.074070336655528, "lamda": 0.9410965499850585}, "datetime": {"datetime": "2021-07-03 11:17:19", "elapsed": 337.486374, "delta": 7.771235}}
{"target": 0.8244110980508266, "params": {"C": 12.81263241007304, "epsilon": 5.0183107365294, "gamma": 0.21946518151499111, "lamda": 0.949862056783242}, "datetime": {"datetime": "2021-07-03 11:17:20", "elapsed": 338.038897, "delta": 0.552523}}
{"target": -1.4650173044058379, "params": {"C": 12.486773505517881, "epsilon": 9.45355014832019, "gamma": 0.7081157338343478, "lamda": 0.932675918316524}, "datetime": {"datetime": "2021-07-03 11:17:30", "elapsed": 347.892567, "delta": 9.85367}}
{"target": 0.8406520921950468, "params": {"C": 8.842312552112771, "epsilon": 0.6463179390411096, "gamma": 0.08296257117111883, "lamda": 0.29404727173617073}, "datetime": {"datetime": "2021-07-03 11:17:30", "elapsed": 348.485982, "delta": 0.593415}}
{"target": 0.7721111741702371, "params": {"C": 13.048763681221306, "epsilon": 4.763069836186976, "gamma": 0.3884933148506128, "lamda": 0.3341715539613175}, "datetime": {"datetime": "2021-07-03 11:17:31", "elapsed": 349.043492, "delta": 0.55751}}
{"target": 0.5044238567508992, "params": {"C": 6.71539717762975, "epsilon": 11.35721660900742, "gamma": 0.7881525408686566, "lamda": 0.5717268627791138}, "datetime": {"datetime": "2021-07-03 11:17:31", "elapsed": 349.561108, "delta": 0.517616}}
{"target": 0.6447569577288224, "params": {"C": 9.358740163360686, "epsilon": 6.2849361564709465, "gamma": 0.5634541848328188, "lamda": 0.2727779613075222}, "datetime": {"datetime": "2021-07-03 11:17:32", "elapsed": 350.14455, "delta": 0.583442}}
{"target": -4.725409528123352, "params": {"C": 11.496511339288492, "epsilon": 1.5208167923548133, "gamma": 0.08814805650524693, "lamda": 0.9558996446545966}, "datetime": {"datetime": "2021-07-03 11:17:42", "elapsed": 360.126876, "delta": 9.982326}}
{"target": -4.029399063220451, "params": {"C": 10.249299533781507, "epsilon": 1.3798094089035973, "gamma": 0.09239524711566643, "lamda": 0.5784231717416867}, "datetime": {"datetime": "2021-07-03 11:17:47", "elapsed": 364.882169, "delta": 4.755293}}
{"target": 0.601489778558449, "params": {"C": 9.344561597781567, "epsilon": 7.484884926003207, "gamma": 0.6743863237964282, "lamda": 0.12638689143981016}, "datetime": {"datetime": "2021-07-03 11:17:47", "elapsed": 365.357898, "delta": 0.475729}}
{"target": -2.6985566146545494, "params": {"C": 9.625899871101128, "epsilon": 10.92723229360126, "gamma": 0.3127039541435636, "lamda": 0.42577752487520026}, "datetime": {"datetime": "2021-07-03 11:17:54", "elapsed": 372.558658, "delta": 7.20076}}
{"target": 0.5606538613357204, "params": {"C": 8.869756845351876, "epsilon": 9.055180554102837, "gamma": 0.7669051238592381, "lamda": 0.436748774403684}, "datetime": {"datetime": "2021-07-03 11:17:55", "elapsed": 373.053335, "delta": 0.494677}}
{"target": 0.6609136235306501, "params": {"C": 9.124186477694538, "epsilon": 2.730690430855267, "gamma": 0.5117816282754554, "lamda": 0.9358037975016861}, "datetime": {"datetime": "2021-07-03 11:17:55", "elapsed": 373.593891, "delta": 0.540556}}
{"target": 0.5169545750553409, "params": {"C": 10.342365220176312, "epsilon": 5.4456949280883995, "gamma": 0.9833928540387439, "lamda": 0.12627511310914843}, "datetime": {"datetime": "2021-07-03 11:17:56", "elapsed": 374.089568, "delta": 0.495677}}
{"target": 0.6415659382686121, "params": {"C": 10.583545014637437, "epsilon": 2.7974669328171675, "gamma": 0.6260133761610166, "lamda": 0.17337099632690495}, "datetime": {"datetime": "2021-07-03 11:17:56", "elapsed": 374.588234, "delta": 0.498666}}
{"target": 0.7432566808033503, "params": {"C": 8.816940672342184, "epsilon": 3.055684342978977, "gamma": 0.3086236881208012, "lamda": 0.7988456349836579}, "datetime": {"datetime": "2021-07-03 11:17:57", "elapsed": 375.181648, "delta": 0.593414}}
