{"target": -5.114862332063077, "params": {"C": 104.45430230656083, "epsilon": 2.4812535048349975, "gamma": 0.0417513379349516, "lamda": 0.13715169407761027}, "datetime": {"datetime": "2021-09-19 23:26:19", "elapsed": 2218.293504, "delta": 9.228467}}
{"target": -5.7970273820652025, "params": {"C": 171.04187786792875, "epsilon": 2.925216620895765, "gamma": 0.02894056524263689, "lamda": 0.037514790953555296}, "datetime": {"datetime": "2021-09-19 23:26:31", "elapsed": 2230.169639, "delta": 11.876135}}
{"target": 0.8938039107483718, "params": {"C": 277.88849509289577, "epsilon": 1.7918783123638609, "gamma": 0.06530304500846203, "lamda": 0.00015387633125212648}, "datetime": {"datetime": "2021-09-19 23:26:31", "elapsed": 2230.545684, "delta": 0.376045}}
{"target": -5.4372955055707495, "params": {"C": 145.5195476644506, "epsilon": 0.5216705390965836, "gamma": 0.04466959575216767, "lamda": 0.17926461503824415}, "datetime": {"datetime": "2021-09-19 23:26:40", "elapsed": 2239.579887, "delta": 9.034203}}
{"target": -3.798298475922363, "params": {"C": 274.6188756539281, "epsilon": 2.1308393691370044, "gamma": 0.09674704684968077, "lamda": 0.16542737333045535}, "datetime": {"datetime": "2021-09-19 23:26:48", "elapsed": 2247.855683, "delta": 8.275796}}
{"target": -5.3929924432097, "params": {"C": 199.16527941704248, "epsilon": 1.1541171815262252, "gamma": 0.05874260503836746, "lamda": 0.1849482379668608}, "datetime": {"datetime": "2021-09-19 23:26:58", "elapsed": 2257.629829, "delta": 9.774146}}
{"target": -5.248971647130082, "params": {"C": 177.39784685125844, "epsilon": 1.5293545329508287, "gamma": 0.05461542995131231, "lamda": 0.17699341880109384}, "datetime": {"datetime": "2021-09-19 23:27:13", "elapsed": 2272.249539, "delta": 14.61971}}
{"target": 0.8860175886920211, "params": {"C": 176.65269136105735, "epsilon": 0.9629666744102382, "gamma": 0.1449310176279771, "lamda": 0.03817479776451832}, "datetime": {"datetime": "2021-09-19 23:27:13", "elapsed": 2272.611182, "delta": 0.361643}}
{"target": -2.9174508852614967, "params": {"C": 123.63852586940769, "epsilon": 2.5272935684191853, "gamma": 0.15010650466705938, "lamda": 0.1181045190088758}, "datetime": {"datetime": "2021-09-19 23:27:28", "elapsed": 2287.804428, "delta": 15.193246}}
{"target": 0.8928046993557194, "params": {"C": 148.57831499297413, "epsilon": 1.9074167210439938, "gamma": 0.12947928754452873, "lamda": 0.06551456125302092}, "datetime": {"datetime": "2021-09-19 23:27:29", "elapsed": 2288.197388, "delta": 0.39296}}
{"target": -3.7859042336207853, "params": {"C": 113.49786861350846, "epsilon": 2.6535619329365474, "gamma": 0.0946915625594804, "lamda": 0.1527747797405679}, "datetime": {"datetime": "2021-09-19 23:27:38", "elapsed": 2297.418429, "delta": 9.221041}}
{"target": -4.560659365429014, "params": {"C": 150.77772418854795, "epsilon": 1.815022828575799, "gamma": 0.08861505626801557, "lamda": 0.07642074640918536}, "datetime": {"datetime": "2021-09-19 23:27:48", "elapsed": 2307.895391, "delta": 10.476962}}
{"target": -3.4820762113725765, "params": {"C": 125.34267676938455, "epsilon": 0.8083733233060298, "gamma": 0.020471608676872196, "lamda": 0.060572358085211005}, "datetime": {"datetime": "2021-09-19 23:27:55", "elapsed": 2314.236387, "delta": 6.340996}}
{"target": 0.8832607626133421, "params": {"C": 248.34096004631107, "epsilon": 1.8835456024160417, "gamma": 0.13612016429211554, "lamda": 0.0016776075219267928}, "datetime": {"datetime": "2021-09-19 23:27:55", "elapsed": 2314.596425, "delta": 0.360038}}
{"target": -5.229369366464158, "params": {"C": 235.67539445026398, "epsilon": 1.5592240025743724, "gamma": 0.05002714784441494, "lamda": 0.034980126899875466}, "datetime": {"datetime": "2021-09-19 23:28:11", "elapsed": 2330.964393, "delta": 16.367968}}
{"target": -1.6952586516641368, "params": {"C": 136.99659311016597, "epsilon": 2.5483540147177854, "gamma": 0.19660500891449165, "lamda": 0.1827480112287015}, "datetime": {"datetime": "2021-09-19 23:28:28", "elapsed": 2347.589431, "delta": 16.625038}}
{"target": -3.5275236592068584, "params": {"C": 169.47388407456256, "epsilon": 2.362651281104955, "gamma": 0.11155864518677898, "lamda": 0.16328866306879}, "datetime": {"datetime": "2021-09-19 23:28:36", "elapsed": 2355.981858, "delta": 8.392427}}
{"target": 0.8793272284846516, "params": {"C": 196.74539023778118, "epsilon": 1.8108587650682708, "gamma": 0.158516372267231, "lamda": 0.020047828385983367}, "datetime": {"datetime": "2021-09-19 23:28:37", "elapsed": 2356.338694, "delta": 0.356836}}
{"target": -2.854485446168918, "params": {"C": 207.40142336810814, "epsilon": 1.1613517053419975, "gamma": 0.1228398345154301, "lamda": 0.19176054432488446}, "datetime": {"datetime": "2021-09-19 23:28:46", "elapsed": 2365.516136, "delta": 9.177442}}
{"target": 0.8801199715248822, "params": {"C": 178.5645889993925, "epsilon": 1.2396216940306877, "gamma": 0.1591742137499718, "lamda": 0.1290160347386862}, "datetime": {"datetime": "2021-09-19 23:28:46", "elapsed": 2365.892136, "delta": 0.376}}
{"target": -4.650979144921248, "params": {"C": 178.77680157107528, "epsilon": 2.097969639867729, "gamma": 0.08378031376560391, "lamda": 0.027223494736470174}, "datetime": {"datetime": "2021-09-19 23:28:55", "elapsed": 2374.500583, "delta": 8.608447}}
{"target": -5.33189610443345, "params": {"C": 190.1286537344269, "epsilon": 1.0698162388220906, "gamma": 0.04750394136192774, "lamda": 0.18515503455248636}, "datetime": {"datetime": "2021-09-19 23:29:04", "elapsed": 2383.672811, "delta": 9.172228}}
{"target": -2.479026029814982, "params": {"C": 237.92787981591155, "epsilon": 1.8365805828079236, "gamma": 0.150598207063986, "lamda": 0.10839467038322653}, "datetime": {"datetime": "2021-09-19 23:29:16", "elapsed": 2395.954853, "delta": 12.282042}}
{"target": 0.8736557934255725, "params": {"C": 240.10661452390053, "epsilon": 2.798623475824551, "gamma": 0.17321025542851828, "lamda": 0.033489204059446755}, "datetime": {"datetime": "2021-09-19 23:29:17", "elapsed": 2396.300839, "delta": 0.345986}}
{"target": 0.8721010634406987, "params": {"C": 152.62780478477484, "epsilon": 0.30766981038123314, "gamma": 0.19584119700587768, "lamda": 0.04727758334797646}, "datetime": {"datetime": "2021-09-19 23:29:17", "elapsed": 2396.685854, "delta": 0.385015}}
{"target": -5.326999679191858, "params": {"C": 232.11967118571974, "epsilon": 0.3599290268896398, "gamma": 0.04610033370696865, "lamda": 0.1005653738792974}, "datetime": {"datetime": "2021-09-19 23:29:25", "elapsed": 2405.050853, "delta": 8.364999}}
{"target": -2.965707464305975, "params": {"C": 120.9907336659856, "epsilon": 1.2277328678147008, "gamma": 0.10990760542723778, "lamda": 0.06784149777283512}, "datetime": {"datetime": "2021-09-19 23:29:34", "elapsed": 2413.446857, "delta": 8.396004}}
{"target": -5.230118632639989, "params": {"C": 211.1800422253151, "epsilon": 1.6566281336331459, "gamma": 0.08116904725369664, "lamda": 0.1392543203501375}, "datetime": {"datetime": "2021-09-19 23:29:43", "elapsed": 2422.207867, "delta": 8.76101}}
{"target": -3.7839328131013508, "params": {"C": 235.6964907995848, "epsilon": 2.0931791331857306, "gamma": 0.11449079546587798, "lamda": 0.07161662472267316}, "datetime": {"datetime": "2021-09-19 23:29:53", "elapsed": 2432.365855, "delta": 10.157988}}
{"target": -3.203897877605897, "params": {"C": 222.62246707340245, "epsilon": 2.8136351731637794, "gamma": 0.12139326236446477, "lamda": 0.1959180552817107}, "datetime": {"datetime": "2021-09-19 23:30:05", "elapsed": 2444.902854, "delta": 12.536999}}
{"target": -2.633164247551005, "params": {"C": 188.20132408177423, "epsilon": 2.2448746912718853, "gamma": 0.012332756336672026, "lamda": 0.15294556307345822}, "datetime": {"datetime": "2021-09-19 23:30:16", "elapsed": 2455.17181, "delta": 10.268956}}
{"target": -5.011696905044587, "params": {"C": 203.6563160653625, "epsilon": 0.1154179455871994, "gamma": 0.059054020432606706, "lamda": 0.10696691167172978}, "datetime": {"datetime": "2021-09-19 23:30:20", "elapsed": 2459.40981, "delta": 4.238}}
{"target": -3.2194419143417, "params": {"C": 253.5925756562623, "epsilon": 0.25396852681232274, "gamma": 0.11206542155085135, "lamda": 0.1601991101651154}, "datetime": {"datetime": "2021-09-19 23:30:26", "elapsed": 2465.481855, "delta": 6.072045}}
{"target": -4.349015446265291, "params": {"C": 229.9166109756958, "epsilon": 2.801196343479441, "gamma": 0.019572631777878425, "lamda": 0.055362015713654726}, "datetime": {"datetime": "2021-09-19 23:30:41", "elapsed": 2481.059826, "delta": 15.577971}}
{"target": -3.7674598995499657, "params": {"C": 283.8475008512345, "epsilon": 2.3185149300646146, "gamma": 0.12194936717205924, "lamda": 0.16659379579927025}, "datetime": {"datetime": "2021-09-19 23:30:49", "elapsed": 2488.734805, "delta": 7.674979}}
{"target": 0.865173627215737, "params": {"C": 279.2086983150004, "epsilon": 2.920889023273192, "gamma": 0.19971149888251216, "lamda": 0.027930727087487017}, "datetime": {"datetime": "2021-09-19 23:30:50", "elapsed": 2489.099778, "delta": 0.364973}}
{"target": -1.3329436054114048, "params": {"C": 114.10840894873984, "epsilon": 0.3130532976443577, "gamma": 0.007875039225489652, "lamda": 0.19436404277551225}, "datetime": {"datetime": "2021-09-19 23:30:55", "elapsed": 2494.294818, "delta": 5.19504}}
{"target": -2.934093247264884, "params": {"C": 118.95338329144582, "epsilon": 2.541036795938964, "gamma": 0.13860873439700144, "lamda": 0.09751194593941614}, "datetime": {"datetime": "2021-09-19 23:31:04", "elapsed": 2503.32382, "delta": 9.029002}}
{"target": -5.91611798485447, "params": {"C": 169.33897627171564, "epsilon": 1.1255785824943147, "gamma": 0.05449858205770151, "lamda": 0.1822036837217516}, "datetime": {"datetime": "2021-09-19 23:31:13", "elapsed": 2512.158819, "delta": 8.834999}}
{"target": -3.507580890180944, "params": {"C": 245.12850909897378, "epsilon": 0.17518479907438264, "gamma": 0.09499664438318735, "lamda": 0.05626097320608974}, "datetime": {"datetime": "2021-09-19 23:31:21", "elapsed": 2520.428822, "delta": 8.270003}}
{"target": 0.885276394163913, "params": {"C": 105.7932372355797, "epsilon": 2.665577493496954, "gamma": 0.15534604480116304, "lamda": 0.06594768611377294}, "datetime": {"datetime": "2021-09-19 23:31:21", "elapsed": 2520.766821, "delta": 0.337999}}
{"target": -4.775851088656515, "params": {"C": 259.3117175073422, "epsilon": 1.04145113438869, "gamma": 0.06503707654444112, "lamda": 0.18562188759106676}, "datetime": {"datetime": "2021-09-19 23:31:29", "elapsed": 2528.86182, "delta": 8.094999}}
{"target": -1.8640409088056287, "params": {"C": 295.3832323891701, "epsilon": 1.6183103836789892, "gamma": 0.19062735767574537, "lamda": 0.177599410788799}, "datetime": {"datetime": "2021-09-19 23:31:42", "elapsed": 2542.049824, "delta": 13.188004}}
{"target": 0.8838693142942127, "params": {"C": 203.60651231888176, "epsilon": 1.1809715260827083, "gamma": 0.14351914277232383, "lamda": 0.09112922928498617}, "datetime": {"datetime": "2021-09-19 23:31:43", "elapsed": 2542.392818, "delta": 0.342994}}
{"target": 0.8777179985590237, "params": {"C": 221.04257902464258, "epsilon": 2.9721779709808454, "gamma": 0.15591366874151136, "lamda": 0.06685594672236027}, "datetime": {"datetime": "2021-09-19 23:31:43", "elapsed": 2542.732823, "delta": 0.340005}}
{"target": 0.8968949302173228, "params": {"C": 117.7996441644756, "epsilon": 0.6362262118073843, "gamma": 0.10773611579890771, "lamda": 0.0834210665189535}, "datetime": {"datetime": "2021-09-19 23:31:44", "elapsed": 2543.096818, "delta": 0.363995}}
{"target": -6.0070517757087005, "params": {"C": 260.1319316258479, "epsilon": 2.806286780741377, "gamma": 0.039683625850512966, "lamda": 0.17201349410847236}, "datetime": {"datetime": "2021-09-19 23:31:59", "elapsed": 2558.241808, "delta": 15.14499}}
{"target": -2.632649204855992, "params": {"C": 291.4789852653338, "epsilon": 2.882464759864368, "gamma": 0.012383204605483946, "lamda": 0.011517643538129134}, "datetime": {"datetime": "2021-09-19 23:32:03", "elapsed": 2562.391774, "delta": 4.149966}}
{"target": -2.399237025197655, "params": {"C": 101.1594785835378, "epsilon": 1.0067753528508816, "gamma": 0.015861190478860403, "lamda": 0.05877320323162337}, "datetime": {"datetime": "2021-09-19 23:32:07", "elapsed": 2566.237775, "delta": 3.846001}}
{"target": -4.246591679105097, "params": {"C": 171.20329720623732, "epsilon": 2.8656633535743734, "gamma": 0.09800542988492171, "lamda": 0.05564841024582365}, "datetime": {"datetime": "2021-09-19 23:32:12", "elapsed": 2571.819779, "delta": 5.582004}}
{"target": -5.281023792580272, "params": {"C": 200.60103901019096, "epsilon": 1.9657379814824931, "gamma": 0.02669290615064983, "lamda": 0.15161257356496358}, "datetime": {"datetime": "2021-09-19 23:32:20", "elapsed": 2579.564818, "delta": 7.745039}}
{"target": -2.0095617335415317, "params": {"C": 270.3891542574591, "epsilon": 2.5483245927513423, "gamma": 0.17864883232035747, "lamda": 0.07636909750875548}, "datetime": {"datetime": "2021-09-19 23:32:33", "elapsed": 2592.510818, "delta": 12.946}}
{"target": -5.294906440173452, "params": {"C": 188.7610396733037, "epsilon": 0.39458628024388187, "gamma": 0.04903234987409085, "lamda": 0.19426412253417294}, "datetime": {"datetime": "2021-09-19 23:32:42", "elapsed": 2601.166798, "delta": 8.65598}}
{"target": -2.329723654782848, "params": {"C": 156.92479379374709, "epsilon": 2.731448812498892, "gamma": 0.17865769584377067, "lamda": 0.18450097694758144}, "datetime": {"datetime": "2021-09-19 23:32:49", "elapsed": 2608.696454, "delta": 7.529656}}
{"target": 0.8926917356209756, "params": {"C": 131.22991288815894, "epsilon": 2.6511942161540047, "gamma": 0.12823901534031173, "lamda": 0.04212642505558207}, "datetime": {"datetime": "2021-09-19 23:32:49", "elapsed": 2609.070456, "delta": 0.374002}}
{"target": 0.8990161214798885, "params": {"C": 169.02318295601623, "epsilon": 0.5637644869089213, "gamma": 0.09164789070199482, "lamda": 0.01675590699413826}, "datetime": {"datetime": "2021-09-19 23:32:50", "elapsed": 2609.424455, "delta": 0.353999}}
{"target": 0.8918777190618381, "params": {"C": 133.06369809604797, "epsilon": 0.6718694047533409, "gamma": 0.13975033160355732, "lamda": 0.11476100003020143}, "datetime": {"datetime": "2021-09-19 23:32:50", "elapsed": 2609.916415, "delta": 0.49196}}
{"target": 0.8850382309877217, "params": {"C": 274.6646268073464, "epsilon": 0.8094387905857034, "gamma": 0.12777355156018805, "lamda": 0.006887218630153817}, "datetime": {"datetime": "2021-09-19 23:32:51", "elapsed": 2610.298416, "delta": 0.382001}}
{"target": 0.8686752575525875, "params": {"C": 203.2396922154138, "epsilon": 2.6033567969701634, "gamma": 0.1969046760575588, "lamda": 0.0019755851988083437}, "datetime": {"datetime": "2021-09-19 23:32:51", "elapsed": 2610.648413, "delta": 0.349997}}
{"target": 0.8530487643323164, "params": {"C": 150.56829641536302, "epsilon": 0.7491640439498235, "gamma": 0.014269830874413296, "lamda": 0.002035481079898869}, "datetime": {"datetime": "2021-09-19 23:32:51", "elapsed": 2611.047457, "delta": 0.399044}}
{"target": -5.132103638902553, "params": {"C": 198.03906244884635, "epsilon": 0.2318982224438528, "gamma": 0.05927398551514589, "lamda": 0.12799527384721335}, "datetime": {"datetime": "2021-09-19 23:33:00", "elapsed": 2619.856455, "delta": 8.808998}}
{"target": 0.8962035802904309, "params": {"C": 158.93840831218085, "epsilon": 0.8819986333612491, "gamma": 0.12015657183749559, "lamda": 0.07610743490785081}, "datetime": {"datetime": "2021-09-19 23:33:01", "elapsed": 2620.237454, "delta": 0.380999}}
{"target": -2.302034572161123, "params": {"C": 240.50460679228019, "epsilon": 1.5387594586245972, "gamma": 0.12847580683226312, "lamda": 0.07067951600597888}, "datetime": {"datetime": "2021-09-19 23:33:09", "elapsed": 2628.445455, "delta": 8.208001}}
{"target": 0.8739916430310657, "params": {"C": 157.40878923110174, "epsilon": 0.48630062987819567, "gamma": 0.18773067503579804, "lamda": 0.1609673643673129}, "datetime": {"datetime": "2021-09-19 23:33:09", "elapsed": 2628.816455, "delta": 0.371}}
{"target": 0.867891965006431, "params": {"C": 287.6057086312705, "epsilon": 0.6376035214786266, "gamma": 0.186965373750529, "lamda": 0.18715070578521895}, "datetime": {"datetime": "2021-09-19 23:33:10", "elapsed": 2629.162465, "delta": 0.34601}}
{"target": 0.896592978591929, "params": {"C": 156.70890272073092, "epsilon": 0.8964393204292026, "gamma": 0.11252915686630764, "lamda": 0.0370586625844711}, "datetime": {"datetime": "2021-09-19 23:33:10", "elapsed": 2629.502455, "delta": 0.33999}}
{"target": 0.8721061382584239, "params": {"C": 188.42022212535318, "epsilon": 0.6374211732192847, "gamma": 0.18973830400102207, "lamda": 0.09876543767355964}, "datetime": {"datetime": "2021-09-19 23:33:10", "elapsed": 2629.822456, "delta": 0.320001}}
{"target": -3.9560323004780136, "params": {"C": 292.78355348479954, "epsilon": 1.9703308502854142, "gamma": 0.0994415757413152, "lamda": 0.19353908149699356}, "datetime": {"datetime": "2021-09-19 23:33:21", "elapsed": 2640.484439, "delta": 10.661983}}
{"target": -3.061806082523985, "params": {"C": 128.63795634175256, "epsilon": 1.9337566365328402, "gamma": 0.13406823172817553, "lamda": 0.08676853159071804}, "datetime": {"datetime": "2021-09-19 23:33:28", "elapsed": 2647.133412, "delta": 6.648973}}
{"target": -3.591484121651404, "params": {"C": 111.8714450677915, "epsilon": 1.5288955433814966, "gamma": 0.09570111898602511, "lamda": 0.16134955540816195}, "datetime": {"datetime": "2021-09-19 23:33:33", "elapsed": 2652.895457, "delta": 5.762045}}
{"target": -5.53388109356602, "params": {"C": 151.33219799059526, "epsilon": 1.235148052654379, "gamma": 0.05183358040816856, "lamda": 0.13728899659105764}, "datetime": {"datetime": "2021-09-19 23:33:46", "elapsed": 2665.914455, "delta": 13.018998}}
{"target": 0.8735756029841214, "params": {"C": 297.9766906674231, "epsilon": 0.6145456569179595, "gamma": 0.16518211434412797, "lamda": 0.046198480867767386}, "datetime": {"datetime": "2021-09-19 23:33:47", "elapsed": 2666.253457, "delta": 0.339002}}
{"target": 0.8761743107292579, "params": {"C": 111.5951626745534, "epsilon": 0.5025679023324535, "gamma": 0.1873548575307658, "lamda": 0.17770853212914225}, "datetime": {"datetime": "2021-09-19 23:33:47", "elapsed": 2666.57545, "delta": 0.321993}}
{"target": -2.299617996307711, "params": {"C": 157.852099096582, "epsilon": 2.84851579169466, "gamma": 0.1707364543701267, "lamda": 0.08693152415954064}, "datetime": {"datetime": "2021-09-19 23:33:55", "elapsed": 2674.559455, "delta": 7.984005}}
{"target": 0.8757960851263444, "params": {"C": 193.60991097329457, "epsilon": 1.926573762591926, "gamma": 0.03581620781794347, "lamda": 0.0029574025663318413}, "datetime": {"datetime": "2021-09-19 23:33:55", "elapsed": 2674.936415, "delta": 0.37696}}
{"target": 0.8930477842945376, "params": {"C": 153.10240349447716, "epsilon": 0.14478653263400657, "gamma": 0.13652727461164021, "lamda": 0.1102942156937195}, "datetime": {"datetime": "2021-09-19 23:33:56", "elapsed": 2675.271455, "delta": 0.33504}}
{"target": -5.861360291827023, "params": {"C": 164.32962912055552, "epsilon": 2.3625867776473, "gamma": 0.03342815908688152, "lamda": 0.04897688287173796}, "datetime": {"datetime": "2021-09-19 23:34:08", "elapsed": 2687.426405, "delta": 12.15495}}
{"target": -4.010933588893105, "params": {"C": 158.46275240785673, "epsilon": 0.6682026448470771, "gamma": 0.02214804333526765, "lamda": 0.17399536607814123}, "datetime": {"datetime": "2021-09-19 23:34:16", "elapsed": 2695.454405, "delta": 8.028}}
{"target": 0.8561025638750122, "params": {"C": 117.63772911430202, "epsilon": 2.08275997388275, "gamma": 0.028478170987256062, "lamda": 0.0021407899298316875}, "datetime": {"datetime": "2021-09-19 23:34:16", "elapsed": 2695.856406, "delta": 0.402001}}
{"target": 0.8753118495575855, "params": {"C": 211.45364601498275, "epsilon": 2.730616260139075, "gamma": 0.17278905013069262, "lamda": 0.06769093837226589}, "datetime": {"datetime": "2021-09-19 23:34:17", "elapsed": 2696.198402, "delta": 0.341996}}
{"target": -2.2804879317266917, "params": {"C": 105.43176586517245, "epsilon": 2.4224921298770963, "gamma": 0.16216706179648488, "lamda": 0.17369775477243812}, "datetime": {"datetime": "2021-09-19 23:34:30", "elapsed": 2709.697403, "delta": 13.499001}}
{"target": -2.197701981074207, "params": {"C": 233.9293199751066, "epsilon": 2.4425587007137217, "gamma": 0.18001216504904996, "lamda": 0.09076653626805198}, "datetime": {"datetime": "2021-09-19 23:34:43", "elapsed": 2722.908184, "delta": 13.210781}}
{"target": -3.122916004737002, "params": {"C": 211.5650607429821, "epsilon": 1.5677802736018809, "gamma": 0.13993686138222267, "lamda": 0.13658169061910735}, "datetime": {"datetime": "2021-09-19 23:34:53", "elapsed": 2732.872156, "delta": 9.963972}}
{"target": -3.8801830920073783, "params": {"C": 204.0627271726633, "epsilon": 2.5025576294478666, "gamma": 0.10362698042402396, "lamda": 0.164971887618484}, "datetime": {"datetime": "2021-09-19 23:34:58", "elapsed": 2737.151175, "delta": 4.279019}}
{"target": 0.8723117532326263, "params": {"C": 156.36901762864858, "epsilon": 0.6176350156347159, "gamma": 0.19412476121721925, "lamda": 0.1483881631516899}, "datetime": {"datetime": "2021-09-19 23:34:58", "elapsed": 2737.32314, "delta": 0.171965}}
{"target": 0.8728607058599556, "params": {"C": 151.9583386608829, "epsilon": 1.785582492644398, "gamma": 0.19127613943994645, "lamda": 0.01615170080850795}, "datetime": {"datetime": "2021-09-19 23:34:58", "elapsed": 2737.49018, "delta": 0.16704}}
{"target": -5.48555991571858, "params": {"C": 116.70684141234821, "epsilon": 1.895491011117731, "gamma": 0.04877622837301175, "lamda": 0.1530370261627449}, "datetime": {"datetime": "2021-09-19 23:35:10", "elapsed": 2749.337141, "delta": 11.846961}}
