{"target": 0.8838539999718402, "params": {"C": 175.71611865012045, "epsilon": 0.6457633540864814, "gamma": 0.1506659416608393, "lamda": 0.06807651777380269}, "datetime": {"datetime": "2021-09-19 23:16:43", "elapsed": 1642.394015, "delta": 0.347961}}
{"target": 0.8955925985307738, "params": {"C": 259.06023348112853, "epsilon": 1.514912723620899, "gamma": 0.10750554164844099, "lamda": 0.005699141407463952}, "datetime": {"datetime": "2021-09-19 23:16:43", "elapsed": 1642.725055, "delta": 0.33104}}
{"target": -5.293707223700103, "params": {"C": 228.84640397580637, "epsilon": 1.1169038570532854, "gamma": 0.04969498032195281, "lamda": 0.0867772413589639}, "datetime": {"datetime": "2021-09-19 23:16:51", "elapsed": 1650.756058, "delta": 8.031003}}
{"target": 0.8708836784781598, "params": {"C": 176.49349145418353, "epsilon": 1.4623882162504447, "gamma": 0.19599925406506225, "lamda": 0.07287624969557573}, "datetime": {"datetime": "2021-09-19 23:16:52", "elapsed": 1651.093015, "delta": 0.336957}}
{"target": 0.8715477876942792, "params": {"C": 254.8820266672079, "epsilon": 1.7030260299946882, "gamma": 0.17838056237595917, "lamda": 0.07099121527706326}, "datetime": {"datetime": "2021-09-19 23:16:52", "elapsed": 1651.418053, "delta": 0.325038}}
{"target": -3.031555569555602, "params": {"C": 149.1037360373015, "epsilon": 2.7419557950052083, "gamma": 0.013489181432764247, "lamda": 0.1901507348587724}, "datetime": {"datetime": "2021-09-19 23:17:04", "elapsed": 1663.976054, "delta": 12.558001}}
{"target": 0.867543095502883, "params": {"C": 211.28138313418503, "epsilon": 1.1914533283925537, "gamma": 0.1990352028561267, "lamda": 0.011673470866880182}, "datetime": {"datetime": "2021-09-19 23:17:05", "elapsed": 1664.287054, "delta": 0.311}}
{"target": 0.8969948350233135, "params": {"C": 203.34127195352244, "epsilon": 0.19018151882108877, "gamma": 0.11637926914131552, "lamda": 0.03609452133051412}, "datetime": {"datetime": "2021-09-19 23:17:05", "elapsed": 1664.615053, "delta": 0.327999}}
{"target": -2.065251869863093, "params": {"C": 226.19184006790607, "epsilon": 2.9446786596766863, "gamma": 0.17560599748641428, "lamda": 0.09036779804792472}, "datetime": {"datetime": "2021-09-19 23:17:18", "elapsed": 1677.886053, "delta": 13.271}}
{"target": -3.728099508566162, "params": {"C": 241.69217401034345, "epsilon": 2.354659375009249, "gamma": 0.10149440141559991, "lamda": 0.10570716950202286}, "datetime": {"datetime": "2021-09-19 23:17:33", "elapsed": 1692.452791, "delta": 14.566738}}
{"target": -4.051069631813324, "params": {"C": 130.15687967443853, "epsilon": 1.1712597842745283, "gamma": 0.032733144349193395, "lamda": 0.14537902377515918}, "datetime": {"datetime": "2021-09-19 23:17:41", "elapsed": 1700.908789, "delta": 8.455998}}
{"target": 0.8750357508890074, "params": {"C": 195.40259888045264, "epsilon": 1.4017486264496202, "gamma": 0.1777696043772435, "lamda": 0.10552422684353997}, "datetime": {"datetime": "2021-09-19 23:17:42", "elapsed": 1701.229958, "delta": 0.321169}}
{"target": -3.457775730430032, "params": {"C": 181.818166383372, "epsilon": 0.879786864416673, "gamma": 0.01904234685810514, "lamda": 0.08362780860892943}, "datetime": {"datetime": "2021-09-19 23:17:50", "elapsed": 1709.594958, "delta": 8.365}}
{"target": -3.1443249600243606, "params": {"C": 105.15069648131667, "epsilon": 0.9443464276020412, "gamma": 0.10318435442043732, "lamda": 0.19318664707087946}, "datetime": {"datetime": "2021-09-19 23:17:58", "elapsed": 1718.011958, "delta": 8.417}}
{"target": -4.060370489653255, "params": {"C": 121.87658283871691, "epsilon": 2.0518190572282036, "gamma": 0.102486812364344, "lamda": 0.15541986875692734}, "datetime": {"datetime": "2021-09-19 23:18:06", "elapsed": 1725.96596, "delta": 7.954002}}
{"target": -3.827439559322295, "params": {"C": 128.72139957484185, "epsilon": 0.34128764566403913, "gamma": 0.0828476280437285, "lamda": 0.15939265343372805}, "datetime": {"datetime": "2021-09-19 23:18:13", "elapsed": 1732.361329, "delta": 6.395369}}
{"target": -6.312723474966989, "params": {"C": 138.335147781978, "epsilon": 2.3265538572270947, "gamma": 0.0616081094270643, "lamda": 0.04337908063087146}, "datetime": {"datetime": "2021-09-19 23:18:17", "elapsed": 1736.353857, "delta": 3.992528}}
{"target": -4.762000209415857, "params": {"C": 103.34311781540129, "epsilon": 1.2561112737748983, "gamma": 0.07931089080222321, "lamda": 0.13186932789413675}, "datetime": {"datetime": "2021-09-19 23:18:21", "elapsed": 1741.079104, "delta": 4.725247}}
{"target": 0.844461754809075, "params": {"C": 114.18368009407745, "epsilon": 0.5425515624225884, "gamma": 0.008232297165682158, "lamda": 0.02276015749312492}, "datetime": {"datetime": "2021-09-19 23:18:22", "elapsed": 1741.260063, "delta": 0.180959}}
{"target": -4.693991295028751, "params": {"C": 230.35785520201807, "epsilon": 1.2677048713072658, "gamma": 0.0676001312626266, "lamda": 0.11158284093676026}, "datetime": {"datetime": "2021-09-19 23:18:27", "elapsed": 1746.580941, "delta": 5.320878}}
{"target": -3.067982293896038, "params": {"C": 298.69209261997, "epsilon": 2.520010890652286, "gamma": 0.14142652056791888, "lamda": 0.18365179956782246}, "datetime": {"datetime": "2021-09-19 23:18:41", "elapsed": 1760.157943, "delta": 13.577002}}
{"target": 0.8967663414203061, "params": {"C": 107.94574133661696, "epsilon": 0.3039669806850232, "gamma": 0.09743122654767065, "lamda": 0.0698341334240025}, "datetime": {"datetime": "2021-09-19 23:18:41", "elapsed": 1760.510901, "delta": 0.352958}}
{"target": -3.1588878598536896, "params": {"C": 287.4504124256898, "epsilon": 1.5197383873209889, "gamma": 0.11023157646820338, "lamda": 0.17905217788587843}, "datetime": {"datetime": "2021-09-19 23:18:50", "elapsed": 1769.705897, "delta": 9.194996}}
{"target": -5.27693198311378, "params": {"C": 189.32700916473812, "epsilon": 2.6433997288840207, "gamma": 0.05444844112746753, "lamda": 0.05476266702191756}, "datetime": {"datetime": "2021-09-19 23:19:04", "elapsed": 1783.699376, "delta": 13.993479}}
{"target": -6.017720756981001, "params": {"C": 165.672278017518, "epsilon": 1.687936384394765, "gamma": 0.04792509143526134, "lamda": 0.13428616278708358}, "datetime": {"datetime": "2021-09-19 23:19:18", "elapsed": 1797.749876, "delta": 14.0505}}
{"target": 0.8791740357254372, "params": {"C": 128.55865656060007, "epsilon": 0.37289079604895436, "gamma": 0.17468739051004864, "lamda": 0.04737450384269615}, "datetime": {"datetime": "2021-09-19 23:19:18", "elapsed": 1798.060682, "delta": 0.310806}}
{"target": 0.8958652752393298, "params": {"C": 177.2008022045191, "epsilon": 1.7574720689034637, "gamma": 0.10753138414053666, "lamda": 0.01520569986454193}, "datetime": {"datetime": "2021-09-19 23:19:19", "elapsed": 1798.388616, "delta": 0.327934}}
{"target": -2.313709321262745, "params": {"C": 274.82518711960563, "epsilon": 2.858293293414207, "gamma": 0.163438924314061, "lamda": 0.05676108318753991}, "datetime": {"datetime": "2021-09-19 23:19:28", "elapsed": 1807.326243, "delta": 8.937627}}
{"target": -2.724058916288108, "params": {"C": 205.5693592235919, "epsilon": 1.0843084996510675, "gamma": 0.11316012560359502, "lamda": 0.19488071937913162}, "datetime": {"datetime": "2021-09-19 23:19:36", "elapsed": 1815.79872, "delta": 8.472477}}
{"target": -5.256586500508906, "params": {"C": 162.34058354379627, "epsilon": 2.039510157176322, "gamma": 0.06856360542525225, "lamda": 0.1548956787257499}, "datetime": {"datetime": "2021-09-19 23:19:44", "elapsed": 1823.554754, "delta": 7.756034}}
{"target": -2.650642427058462, "params": {"C": 165.16199332264097, "epsilon": 2.680499290197387, "gamma": 0.15158300557925705, "lamda": 0.1525266564569267}, "datetime": {"datetime": "2021-09-19 23:19:54", "elapsed": 1833.746371, "delta": 10.191617}}
{"target": -2.7596359799878605, "params": {"C": 193.89580571198513, "epsilon": 0.7112170571592455, "gamma": 0.01308764051741728, "lamda": 0.06436643816524894}, "datetime": {"datetime": "2021-09-19 23:20:03", "elapsed": 1842.704666, "delta": 8.958295}}
{"target": -3.24951651597285, "params": {"C": 107.42253289879888, "epsilon": 2.1121806929843094, "gamma": 0.13571825622755285, "lamda": 0.08609492607721225}, "datetime": {"datetime": "2021-09-19 23:20:10", "elapsed": 1849.153236, "delta": 6.44857}}
{"target": -2.623703772013408, "params": {"C": 253.5577955316346, "epsilon": 1.6544246347447347, "gamma": 0.012772685693913252, "lamda": 0.026959488799017852}, "datetime": {"datetime": "2021-09-19 23:20:14", "elapsed": 1853.345005, "delta": 4.191769}}
{"target": -3.0335122694763834, "params": {"C": 138.68327980298366, "epsilon": 1.0734250233774845, "gamma": 0.015201024555307967, "lamda": 0.12102375098329275}, "datetime": {"datetime": "2021-09-19 23:20:20", "elapsed": 1859.125736, "delta": 5.780731}}
{"target": -3.9849383524821684, "params": {"C": 202.41220550478374, "epsilon": 1.8906369348497527, "gamma": 0.0893093409790471, "lamda": 0.16954024594701933}, "datetime": {"datetime": "2021-09-19 23:20:27", "elapsed": 1866.804169, "delta": 7.678433}}
{"target": 0.8760430888234405, "params": {"C": 190.81181121183027, "epsilon": 0.1446702073965706, "gamma": 0.17524828894718442, "lamda": 0.13124065334727203}, "datetime": {"datetime": "2021-09-19 23:20:28", "elapsed": 1867.124638, "delta": 0.320469}}
{"target": -3.2495528338254758, "params": {"C": 264.6006081296942, "epsilon": 2.8601495097981697, "gamma": 0.014927914785793004, "lamda": 0.04701513774633882}, "datetime": {"datetime": "2021-09-19 23:20:36", "elapsed": 1875.748564, "delta": 8.623926}}
{"target": 0.8809724755062684, "params": {"C": 112.66868869126796, "epsilon": 1.3228078694941077, "gamma": 0.17344668337278313, "lamda": 0.016325714919030905}, "datetime": {"datetime": "2021-09-19 23:20:36", "elapsed": 1876.068565, "delta": 0.320001}}
{"target": 0.8807294850814558, "params": {"C": 194.62239057717568, "epsilon": 0.4640750184452985, "gamma": 0.15571269242258798, "lamda": 0.1682845899370119}, "datetime": {"datetime": "2021-09-19 23:20:37", "elapsed": 1876.402563, "delta": 0.333998}}
{"target": -5.333233363604709, "params": {"C": 108.65818763723172, "epsilon": 1.5106781551941448, "gamma": 0.051685153606862405, "lamda": 0.19049480386487017}, "datetime": {"datetime": "2021-09-19 23:20:45", "elapsed": 1885.053072, "delta": 8.650509}}
{"target": 0.8658286942504281, "params": {"C": 288.77852555675923, "epsilon": 1.8804086069156325, "gamma": 0.1948300424784133, "lamda": 0.06897292388190648}, "datetime": {"datetime": "2021-09-19 23:20:46", "elapsed": 1885.374115, "delta": 0.321043}}
{"target": -5.460407932678444, "params": {"C": 279.57014353353634, "epsilon": 1.3603254228846775, "gamma": 0.05098385424376518, "lamda": 0.18816565181231668}, "datetime": {"datetime": "2021-09-19 23:20:53", "elapsed": 1892.969112, "delta": 7.594997}}
{"target": 0.8740109947310927, "params": {"C": 236.8436101966455, "epsilon": 0.28824359748347506, "gamma": 0.1747328470804979, "lamda": 0.14027635754637463}, "datetime": {"datetime": "2021-09-19 23:20:54", "elapsed": 1893.294113, "delta": 0.325001}}
{"target": -6.01043233060292, "params": {"C": 220.98537459485635, "epsilon": 2.2238872076200584, "gamma": 0.05442061328745725, "lamda": 0.12009819056595361}, "datetime": {"datetime": "2021-09-19 23:21:04", "elapsed": 1903.477118, "delta": 10.183005}}
{"target": -5.299500424332543, "params": {"C": 262.92383625233106, "epsilon": 0.25692961493959965, "gamma": 0.030449580911156866, "lamda": 0.16848931954547278}, "datetime": {"datetime": "2021-09-19 23:21:12", "elapsed": 1911.646112, "delta": 8.168994}}
{"target": -5.2662416472885045, "params": {"C": 223.66917386557708, "epsilon": 1.6407346503950682, "gamma": 0.053416692154434224, "lamda": 0.05901641997132393}, "datetime": {"datetime": "2021-09-19 23:21:20", "elapsed": 1919.402072, "delta": 7.75596}}
{"target": -3.618784592944797, "params": {"C": 274.5372329838924, "epsilon": 1.322831211064157, "gamma": 0.017563899838023325, "lamda": 0.179397116916447}, "datetime": {"datetime": "2021-09-19 23:21:31", "elapsed": 1931.030625, "delta": 11.628553}}
{"target": 0.8764527484752627, "params": {"C": 140.67616656481022, "epsilon": 2.4960598529279348, "gamma": 0.17694527150114744, "lamda": 0.09735066221292281}, "datetime": {"datetime": "2021-09-19 23:21:32", "elapsed": 1931.356625, "delta": 0.326}}
{"target": -3.0272535423923053, "params": {"C": 219.69293862092726, "epsilon": 1.629075623807709, "gamma": 0.12684015236617233, "lamda": 0.17100848922774894}, "datetime": {"datetime": "2021-09-19 23:21:46", "elapsed": 1945.129625, "delta": 13.773}}
{"target": 0.8946475566042753, "params": {"C": 156.42788968097213, "epsilon": 2.6628909737237425, "gamma": 0.11569961437323412, "lamda": 0.023021493090339712}, "datetime": {"datetime": "2021-09-19 23:21:46", "elapsed": 1945.497625, "delta": 0.368}}
{"target": -5.708410819262046, "params": {"C": 145.40023304293157, "epsilon": 1.82834891827774, "gamma": 0.05169201619641267, "lamda": 0.026284000691831576}, "datetime": {"datetime": "2021-09-19 23:21:53", "elapsed": 1953.064623, "delta": 7.566998}}
{"target": -3.173480145358674, "params": {"C": 132.36954282476702, "epsilon": 2.5501303028836433, "gamma": 0.12242581250907861, "lamda": 0.1927134538705812}, "datetime": {"datetime": "2021-09-19 23:22:00", "elapsed": 1959.21562, "delta": 6.150997}}
{"target": -3.3965192570333285, "params": {"C": 169.13584265920508, "epsilon": 1.8273127845913542, "gamma": 0.12180213134981686, "lamda": 0.12314124173650255}, "datetime": {"datetime": "2021-09-19 23:22:08", "elapsed": 1967.384625, "delta": 8.169005}}
{"target": -1.8345147925108196, "params": {"C": 111.83544143714448, "epsilon": 2.2759198352665893, "gamma": 0.18990085214658692, "lamda": 0.10693627675686057}, "datetime": {"datetime": "2021-09-19 23:22:21", "elapsed": 1980.134807, "delta": 12.750182}}
{"target": -1.2207073303857925, "params": {"C": 138.5112041910137, "epsilon": 2.2834851534418323, "gamma": 0.006427199018933441, "lamda": 0.06565189247405252}, "datetime": {"datetime": "2021-09-19 23:22:33", "elapsed": 1992.841802, "delta": 12.706995}}
{"target": -2.41747286601555, "params": {"C": 283.52126952887863, "epsilon": 1.8062652653922426, "gamma": 0.1717621053613064, "lamda": 0.1209348057977852}, "datetime": {"datetime": "2021-09-19 23:22:49", "elapsed": 2008.217803, "delta": 15.376001}}
{"target": -5.588012660781145, "params": {"C": 264.5156305047742, "epsilon": 2.650502217945019, "gamma": 0.06759234303226838, "lamda": 0.02459183135566415}, "datetime": {"datetime": "2021-09-19 23:22:56", "elapsed": 2016.080803, "delta": 7.863}}
{"target": -5.437381272309561, "params": {"C": 244.26066883731417, "epsilon": 1.377006551810591, "gamma": 0.029713463282691678, "lamda": 0.11796513979832973}, "datetime": {"datetime": "2021-09-19 23:23:04", "elapsed": 2023.981803, "delta": 7.901}}
{"target": 0.886607631141161, "params": {"C": 107.21366291397199, "epsilon": 0.680528137591862, "gamma": 0.15871873198525394, "lamda": 0.002420339906311558}, "datetime": {"datetime": "2021-09-19 23:23:05", "elapsed": 2024.296801, "delta": 0.314998}}
{"target": 0.8707661140781633, "params": {"C": 160.6691343417138, "epsilon": 0.1619902871554051, "gamma": 0.19950957358202426, "lamda": 0.11640641323871602}, "datetime": {"datetime": "2021-09-19 23:23:05", "elapsed": 2024.618803, "delta": 0.322002}}
{"target": -3.937621945633712, "params": {"C": 158.67525569721133, "epsilon": 2.7939534394900356, "gamma": 0.10388828759189989, "lamda": 0.09093899081825384}, "datetime": {"datetime": "2021-09-19 23:23:13", "elapsed": 2033.070803, "delta": 8.452}}
{"target": -4.5467983770267395, "params": {"C": 217.5743012592373, "epsilon": 0.8659991682106518, "gamma": 0.0645312183727495, "lamda": 0.07433154369025977}, "datetime": {"datetime": "2021-09-19 23:23:22", "elapsed": 2041.395024, "delta": 8.324221}}
{"target": 0.8890135308834082, "params": {"C": 148.8895998743222, "epsilon": 1.7951870717382263, "gamma": 0.14068999611680366, "lamda": 0.01439037208558006}, "datetime": {"datetime": "2021-09-19 23:23:22", "elapsed": 2041.756026, "delta": 0.361002}}
{"target": -2.349213031610605, "params": {"C": 294.21666392509275, "epsilon": 2.283904902021419, "gamma": 0.16220181677591464, "lamda": 0.15032832917585404}, "datetime": {"datetime": "2021-09-19 23:23:30", "elapsed": 2049.728023, "delta": 7.971997}}
{"target": -3.515487062875099, "params": {"C": 116.01219545424345, "epsilon": 1.4969192207614135, "gamma": 0.09190622649832293, "lamda": 0.13449485763233546}, "datetime": {"datetime": "2021-09-19 23:23:35", "elapsed": 2054.45102, "delta": 4.722997}}
{"target": -3.045093545682734, "params": {"C": 189.74745176486437, "epsilon": 2.142508855313338, "gamma": 0.13792084083251147, "lamda": 0.1394300086020225}, "datetime": {"datetime": "2021-09-19 23:23:41", "elapsed": 2060.460031, "delta": 6.009011}}
{"target": 0.8797731509851388, "params": {"C": 223.72014851230728, "epsilon": 0.5378441265109728, "gamma": 0.15335647897962243, "lamda": 0.15620938339296922}, "datetime": {"datetime": "2021-09-19 23:23:41", "elapsed": 2060.812023, "delta": 0.351992}}
{"target": -5.469361951031581, "params": {"C": 280.820597182761, "epsilon": 0.7779292085519072, "gamma": 0.039452384149106574, "lamda": 0.07822043352222938}, "datetime": {"datetime": "2021-09-19 23:23:49", "elapsed": 2068.742023, "delta": 7.93}}
{"target": -3.09256122256566, "params": {"C": 164.11293079903203, "epsilon": 2.464883094116316, "gamma": 0.12463755043534418, "lamda": 0.15200059046819744}, "datetime": {"datetime": "2021-09-19 23:24:04", "elapsed": 2083.174029, "delta": 14.432006}}
{"target": -4.64952052804003, "params": {"C": 185.53301993939283, "epsilon": 0.38837763245520873, "gamma": 0.02743182734979802, "lamda": 0.07468205294030733}, "datetime": {"datetime": "2021-09-19 23:24:12", "elapsed": 2091.544024, "delta": 8.369995}}
{"target": -3.1010704250252843, "params": {"C": 138.76955350190144, "epsilon": 2.480164846006521, "gamma": 0.12192902164262479, "lamda": 0.137769362958474}, "datetime": {"datetime": "2021-09-19 23:24:26", "elapsed": 2106.004031, "delta": 14.460007}}
{"target": -5.510251383347851, "params": {"C": 198.22199226085922, "epsilon": 0.3557036756023251, "gamma": 0.05084013915380321, "lamda": 0.09232095457624352}, "datetime": {"datetime": "2021-09-19 23:24:34", "elapsed": 2113.68911, "delta": 7.685079}}
{"target": 0.8893334477817949, "params": {"C": 139.71830061078526, "epsilon": 0.17388108375857886, "gamma": 0.14723255115994976, "lamda": 0.1449836245270766}, "datetime": {"datetime": "2021-09-19 23:24:34", "elapsed": 2113.871109, "delta": 0.181999}}
{"target": -4.165473847087696, "params": {"C": 166.07834927234055, "epsilon": 2.546132965584601, "gamma": 0.08854628281045933, "lamda": 0.17293736426656212}, "datetime": {"datetime": "2021-09-19 23:24:38", "elapsed": 2118.017146, "delta": 4.146037}}
{"target": -5.520643567052473, "params": {"C": 231.4130849245779, "epsilon": 1.7850034065124616, "gamma": 0.044141860166842746, "lamda": 0.10590979254906852}, "datetime": {"datetime": "2021-09-19 23:24:45", "elapsed": 2124.668154, "delta": 6.651008}}
{"target": -1.8382555096838145, "params": {"C": 278.88648368551446, "epsilon": 0.9844825299221265, "gamma": 0.17483439378640542, "lamda": 0.18174914582640478}, "datetime": {"datetime": "2021-09-19 23:24:53", "elapsed": 2132.783114, "delta": 8.11496}}
{"target": 0.8751867814768565, "params": {"C": 165.96891253637648, "epsilon": 2.080915662376036, "gamma": 0.1803480851653639, "lamda": 0.015140300654778914}, "datetime": {"datetime": "2021-09-19 23:24:54", "elapsed": 2133.112153, "delta": 0.329039}}
{"target": 0.8730285890871436, "params": {"C": 275.71757264095413, "epsilon": 0.6534341534785937, "gamma": 0.1707049374534965, "lamda": 0.1334240906210521}, "datetime": {"datetime": "2021-09-19 23:24:54", "elapsed": 2133.429154, "delta": 0.317001}}
{"target": -2.2704038110977818, "params": {"C": 168.86783909001076, "epsilon": 0.5389891529791171, "gamma": 0.12889733749024843, "lamda": 0.1695577609549046}, "datetime": {"datetime": "2021-09-19 23:25:02", "elapsed": 2141.780153, "delta": 8.350999}}
{"target": -2.040642542720055, "params": {"C": 264.3698749528021, "epsilon": 1.9218948316789077, "gamma": 0.19147879440227028, "lamda": 0.11798503549202688}, "datetime": {"datetime": "2021-09-19 23:25:15", "elapsed": 2154.102154, "delta": 12.322001}}
{"target": -4.954618235165992, "params": {"C": 139.56655692958387, "epsilon": 1.3450590955878277, "gamma": 0.07066546974672763, "lamda": 0.1983890104364443}, "datetime": {"datetime": "2021-09-19 23:25:23", "elapsed": 2162.498164, "delta": 8.39601}}
{"target": -3.497366291461528, "params": {"C": 176.04729922345297, "epsilon": 2.978832533627972, "gamma": 0.10616682889301578, "lamda": 0.034456768015723616}, "datetime": {"datetime": "2021-09-19 23:25:33", "elapsed": 2172.62688, "delta": 10.128716}}
{"target": -5.145225367990067, "params": {"C": 114.91481425029598, "epsilon": 1.1738865119442743, "gamma": 0.02906667766387233, "lamda": 0.12690410873965205}, "datetime": {"datetime": "2021-09-19 23:25:42", "elapsed": 2181.735061, "delta": 9.108181}}
{"target": 0.8731805441237268, "params": {"C": 182.78396914588177, "epsilon": 2.9736553343238055, "gamma": 0.18634134661239699, "lamda": 0.0298480572259177}, "datetime": {"datetime": "2021-09-19 23:25:43", "elapsed": 2182.140059, "delta": 0.404998}}
{"target": -3.1782742319029182, "params": {"C": 178.97645250736008, "epsilon": 1.4385811617909199, "gamma": 0.11438500724877933, "lamda": 0.15607292429433042}, "datetime": {"datetime": "2021-09-19 23:25:52", "elapsed": 2191.985898, "delta": 9.845839}}
{"target": -5.196869648574677, "params": {"C": 197.43878181468475, "epsilon": 1.3179813008296983, "gamma": 0.05608994242027045, "lamda": 0.1821613170112126}, "datetime": {"datetime": "2021-09-19 23:26:09", "elapsed": 2209.065037, "delta": 17.079139}}
