{"target": -4.996193223418658, "params": {"C": 176.14343432216313, "epsilon": 1.841187693535993, "gamma": 0.052420542539548774, "lamda": 0.023977009524005704}, "datetime": {"datetime": "2021-09-19 22:24:20", "elapsed": 1374.813755, "delta": 15.286498}}
{"target": -4.064733759568226, "params": {"C": 151.70648895864252, "epsilon": 1.3940879530796155, "gamma": 0.07218998030057813, "lamda": 0.14039576614979524}, "datetime": {"datetime": "2021-09-19 22:24:29", "elapsed": 1384.075328, "delta": 9.261573}}
{"target": -5.389724629487234, "params": {"C": 176.50555996722048, "epsilon": 1.564098654756223, "gamma": 0.061716876915598164, "lamda": 0.01780614938351034}, "datetime": {"datetime": "2021-09-19 22:24:40", "elapsed": 1395.103325, "delta": 11.027997}}
{"target": -3.8280273488570726, "params": {"C": 243.35908037193522, "epsilon": 0.7499202415447669, "gamma": 0.09576107583283598, "lamda": 0.11879161889142971}, "datetime": {"datetime": "2021-09-19 22:24:49", "elapsed": 1403.894324, "delta": 8.790999}}
{"target": -5.274988217191184, "params": {"C": 234.52447837573266, "epsilon": 1.3027549441619917, "gamma": 0.05942451533555837, "lamda": 0.17855574710096273}, "datetime": {"datetime": "2021-09-19 22:24:58", "elapsed": 1413.053325, "delta": 9.159001}}
{"target": 0.8792174304292979, "params": {"C": 228.85486288151145, "epsilon": 0.8192815840156319, "gamma": 0.15477827808573075, "lamda": 0.10736226819917673}, "datetime": {"datetime": "2021-09-19 22:24:59", "elapsed": 1413.437325, "delta": 0.384}}
{"target": 0.8901887686338694, "params": {"C": 183.95379202878811, "epsilon": 0.38243360785383773, "gamma": 0.04832148805779342, "lamda": 0.021085786229872314}, "datetime": {"datetime": "2021-09-19 22:24:59", "elapsed": 1413.806326, "delta": 0.369001}}
{"target": -3.6227992048594935, "params": {"C": 239.44587899692036, "epsilon": 2.268129428936827, "gamma": 0.0899706154687267, "lamda": 0.010859843562533257}, "datetime": {"datetime": "2021-09-19 22:25:08", "elapsed": 1422.960325, "delta": 9.153999}}
{"target": -1.7897564398110632, "params": {"C": 133.98730692381852, "epsilon": 2.840226796070377, "gamma": 0.1789235376582206, "lamda": 0.07965262225437932}, "datetime": {"datetime": "2021-09-19 22:25:19", "elapsed": 1433.784326, "delta": 10.824001}}
{"target": 0.8973740959594315, "params": {"C": 128.28714081604772, "epsilon": 1.3860703583244385, "gamma": 0.08953698093208359, "lamda": 0.003908729095545072}, "datetime": {"datetime": "2021-09-19 22:25:19", "elapsed": 1434.147325, "delta": 0.362999}}
{"target": -3.5570328532808055, "params": {"C": 243.79832483536995, "epsilon": 2.0065701239082734, "gamma": 0.11938397467094766, "lamda": 0.1613887316378227}, "datetime": {"datetime": "2021-09-19 22:25:30", "elapsed": 1444.611325, "delta": 10.464}}
{"target": -3.6464349413316643, "params": {"C": 264.16352985616834, "epsilon": 0.7210260167282598, "gamma": 0.01870024633314249, "lamda": 0.07375579957631563}, "datetime": {"datetime": "2021-09-19 22:25:38", "elapsed": 1453.178324, "delta": 8.566999}}
{"target": -5.633710219087037, "params": {"C": 276.2589384897045, "epsilon": 2.3490115720514857, "gamma": 0.054797013969183565, "lamda": 0.14669066113422982}, "datetime": {"datetime": "2021-09-19 22:25:50", "elapsed": 1464.554327, "delta": 11.376003}}
{"target": 0.8827085205391872, "params": {"C": 213.33269437947888, "epsilon": 0.9018344214751217, "gamma": 0.14552622809061988, "lamda": 0.056710049185029976}, "datetime": {"datetime": "2021-09-19 22:25:50", "elapsed": 1464.959324, "delta": 0.404997}}
{"target": 0.8971815613687576, "params": {"C": 168.31393066384896, "epsilon": 0.6870308861064973, "gamma": 0.11378289671918315, "lamda": 0.08966927975414705}, "datetime": {"datetime": "2021-09-19 22:25:51", "elapsed": 1465.319324, "delta": 0.36}}
{"target": -4.149121265795107, "params": {"C": 226.46218396679268, "epsilon": 0.13048534315401875, "gamma": 0.08411818197119111, "lamda": 0.00751124691081536}, "datetime": {"datetime": "2021-09-19 22:26:00", "elapsed": 1474.213325, "delta": 8.894001}}
{"target": -2.812461004386525, "params": {"C": 161.01060559286998, "epsilon": 0.35017267199545754, "gamma": 0.11138019860534276, "lamda": 0.1840893916737483}, "datetime": {"datetime": "2021-09-19 22:26:08", "elapsed": 1483.111323, "delta": 8.897998}}
{"target": 0.8955276160988036, "params": {"C": 270.870937068387, "epsilon": 1.524643349206806, "gamma": 0.07211608798694714, "lamda": 0.00044280578032809034}, "datetime": {"datetime": "2021-09-19 22:26:09", "elapsed": 1483.475324, "delta": 0.364001}}
{"target": -4.997697438982941, "params": {"C": 228.92206962166136, "epsilon": 1.0338802484223684, "gamma": 0.08124538263727585, "lamda": 0.12443742706390638}, "datetime": {"datetime": "2021-09-19 22:26:18", "elapsed": 1492.692329, "delta": 9.217005}}
{"target": -3.4071549005821105, "params": {"C": 136.90085291383807, "epsilon": 1.7272819217760433, "gamma": 0.09269909414029218, "lamda": 0.07530997045392687}, "datetime": {"datetime": "2021-09-19 22:26:27", "elapsed": 1501.580326, "delta": 8.887997}}
{"target": -4.8913214313830045, "params": {"C": 267.5547627100904, "epsilon": 2.2201766072753744, "gamma": 0.03583720168441169, "lamda": 0.18232570522255875}, "datetime": {"datetime": "2021-09-19 22:26:42", "elapsed": 1516.271325, "delta": 14.690999}}
{"target": -4.381426528599655, "params": {"C": 100.38478849324697, "epsilon": 0.8052291817709126, "gamma": 0.031728785243582996, "lamda": 0.06827527690222568}, "datetime": {"datetime": "2021-09-19 22:26:51", "elapsed": 1525.220325, "delta": 8.949}}
{"target": -4.637156596782084, "params": {"C": 129.59783041191946, "epsilon": 0.9154030412462132, "gamma": 0.0830885701814587, "lamda": 0.09467771792370976}, "datetime": {"datetime": "2021-09-19 22:27:00", "elapsed": 1534.359327, "delta": 9.139002}}
{"target": -2.7652609160661146, "params": {"C": 153.9697637658359, "epsilon": 0.2971366669780403, "gamma": 0.11040899783447651, "lamda": 0.12667729375222092}, "datetime": {"datetime": "2021-09-19 22:27:09", "elapsed": 1543.561325, "delta": 9.201998}}
{"target": -4.2665344675287225, "params": {"C": 231.18945334843474, "epsilon": 0.183168381911889, "gamma": 0.025643216928523012, "lamda": 0.1336530326681497}, "datetime": {"datetime": "2021-09-19 22:27:18", "elapsed": 1552.269104, "delta": 8.707779}}
{"target": -4.665745673719672, "params": {"C": 120.51400800224887, "epsilon": 0.29311291772030224, "gamma": 0.09307890574994779, "lamda": 0.07294893011260951}, "datetime": {"datetime": "2021-09-19 22:27:27", "elapsed": 1562.036927, "delta": 9.767823}}
{"target": -4.8037816900650405, "params": {"C": 234.66858323267758, "epsilon": 0.2169028873988278, "gamma": 0.048935797175342084, "lamda": 0.057037778912762335}, "datetime": {"datetime": "2021-09-19 22:27:36", "elapsed": 1570.704983, "delta": 8.668056}}
{"target": 0.8977430831638538, "params": {"C": 165.05362246012328, "epsilon": 0.12300841827456294, "gamma": 0.1124221582235873, "lamda": 0.002601378549816647}, "datetime": {"datetime": "2021-09-19 22:27:36", "elapsed": 1571.08598, "delta": 0.380997}}
{"target": -5.326953018596123, "params": {"C": 160.11268770868605, "epsilon": 2.7384956785356214, "gamma": 0.03584807182693425, "lamda": 0.12767274915277568}, "datetime": {"datetime": "2021-09-19 22:27:50", "elapsed": 1584.298375, "delta": 13.212395}}
{"target": -3.621227260989534, "params": {"C": 191.30798269288198, "epsilon": 2.7823145707841355, "gamma": 0.09093545173933489, "lamda": 0.040530898510237334}, "datetime": {"datetime": "2021-09-19 22:27:59", "elapsed": 1593.866868, "delta": 9.568493}}
{"target": -5.004458066077577, "params": {"C": 299.1314074609665, "epsilon": 2.1994360250095264, "gamma": 0.030285678865716703, "lamda": 0.10564177833009242}, "datetime": {"datetime": "2021-09-19 22:28:13", "elapsed": 1607.823508, "delta": 13.95664}}
{"target": -5.266224584172638, "params": {"C": 161.2508425972258, "epsilon": 2.657541358268063, "gamma": 0.036386121574390355, "lamda": 0.12877907625759663}, "datetime": {"datetime": "2021-09-19 22:28:28", "elapsed": 1622.413018, "delta": 14.58951}}
{"target": -1.814842467778302, "params": {"C": 291.51633643064724, "epsilon": 2.735603441136674, "gamma": 0.18059585718324936, "lamda": 0.13271810873480488}, "datetime": {"datetime": "2021-09-19 22:28:36", "elapsed": 1631.105023, "delta": 8.692005}}
{"target": -4.711541749295809, "params": {"C": 160.60924561881012, "epsilon": 0.31721924818086666, "gamma": 0.038511986680336875, "lamda": 0.17871880499222162}, "datetime": {"datetime": "2021-09-19 22:28:46", "elapsed": 1640.287019, "delta": 9.181996}}
{"target": 0.8673568160546735, "params": {"C": 241.58187745750746, "epsilon": 0.40264078456344443, "gamma": 0.19454652815665668, "lamda": 0.10197898346592074}, "datetime": {"datetime": "2021-09-19 22:28:46", "elapsed": 1640.67502, "delta": 0.388001}}
{"target": -4.8234781101791775, "params": {"C": 134.36099900537775, "epsilon": 1.490852279260656, "gamma": 0.0828405323749682, "lamda": 0.04277677801092838}, "datetime": {"datetime": "2021-09-19 22:28:55", "elapsed": 1649.912018, "delta": 9.236998}}
{"target": -5.314742889302078, "params": {"C": 226.58739628871575, "epsilon": 1.6256722147682683, "gamma": 0.058452910199847344, "lamda": 0.16055464891072302}, "datetime": {"datetime": "2021-09-19 22:29:08", "elapsed": 1662.842017, "delta": 12.929999}}
{"target": -5.2713753596316035, "params": {"C": 207.76180968925883, "epsilon": 1.084363074489392, "gamma": 0.035773590900266425, "lamda": 0.09989198711189845}, "datetime": {"datetime": "2021-09-19 22:29:21", "elapsed": 1675.77302, "delta": 12.931003}}
{"target": -4.491850680497054, "params": {"C": 130.79267807890548, "epsilon": 2.7551678789519967, "gamma": 0.10150963612641546, "lamda": 0.18254624932402855}, "datetime": {"datetime": "2021-09-19 22:29:30", "elapsed": 1685.082019, "delta": 9.308999}}
{"target": -3.0833366377344884, "params": {"C": 163.97518759555598, "epsilon": 1.4347394611854611, "gamma": 0.10666627893861402, "lamda": 0.17966889459799842}, "datetime": {"datetime": "2021-09-19 22:29:40", "elapsed": 1694.409018, "delta": 9.326999}}
{"target": -4.145053735564016, "params": {"C": 125.3896912655954, "epsilon": 1.256011096066276, "gamma": 0.02145217299127549, "lamda": 0.18286751819869815}, "datetime": {"datetime": "2021-09-19 22:29:55", "elapsed": 1709.405021, "delta": 14.996003}}
{"target": -2.584664364291408, "params": {"C": 263.3111742929353, "epsilon": 1.261632377329185, "gamma": 0.1354237483962481, "lamda": 0.10860820513330571}, "datetime": {"datetime": "2021-09-19 22:30:03", "elapsed": 1718.117016, "delta": 8.711995}}
{"target": 0.8666228408645527, "params": {"C": 222.35686697996516, "epsilon": 2.5713317912452394, "gamma": 0.1973633310541642, "lamda": 0.01617887680071913}, "datetime": {"datetime": "2021-09-19 22:30:04", "elapsed": 1718.481019, "delta": 0.364003}}
{"target": -0.9748115718772363, "params": {"C": 183.4044009405148, "epsilon": 2.1889410309822583, "gamma": 0.005022303089382253, "lamda": 0.060467212193795326}, "datetime": {"datetime": "2021-09-19 22:49:20", "elapsed": 0.0, "delta": 0.0}}
{"target": 0.8794183280348387, "params": {"C": 129.35117816342262, "epsilon": 0.36778192482951366, "gamma": 0.041320741218645825, "lamda": 0.06911279984788252}, "datetime": {"datetime": "2021-09-19 22:49:21", "elapsed": 0.389001, "delta": 0.389001}}
{"target": -4.50710486184458, "params": {"C": 179.35349484613397, "epsilon": 1.6625685286097351, "gamma": 0.0867429303086425, "lamda": 0.13704421485985152}, "datetime": {"datetime": "2021-09-19 22:49:31", "elapsed": 10.209175, "delta": 9.820174}}
{"target": -2.378390034424265, "params": {"C": 140.89044994630348, "epsilon": 2.6465405655337415, "gamma": 0.010340580673595601, "lamda": 0.13409383156817029}, "datetime": {"datetime": "2021-09-19 22:49:42", "elapsed": 21.788275, "delta": 11.5791}}
{"target": -5.240884491125373, "params": {"C": 183.4609604734254, "epsilon": 1.7202005024926799, "gamma": 0.03237545302607058, "lamda": 0.03962109971548668}, "datetime": {"datetime": "2021-09-19 22:49:58", "elapsed": 37.106985, "delta": 15.31871}}
{"target": -5.2103743034498, "params": {"C": 260.1489137351073, "epsilon": 2.9079585695862527, "gamma": 0.06611771474105235, "lamda": 0.13846483081124716}, "datetime": {"datetime": "2021-09-19 22:50:06", "elapsed": 45.88307, "delta": 8.776085}}
{"target": -4.277125734495555, "params": {"C": 275.2778304592076, "epsilon": 2.6943593241611574, "gamma": 0.021583621217106694, "lamda": 0.00781191759179324}, "datetime": {"datetime": "2021-09-19 22:50:15", "elapsed": 54.9959, "delta": 9.11283}}
{"target": -4.853631614271596, "params": {"C": 133.96608391291377, "epsilon": 2.646613259945298, "gamma": 0.02417763259744477, "lamda": 0.08422210389338543}, "datetime": {"datetime": "2021-09-19 22:50:31", "elapsed": 70.593462, "delta": 15.597562}}
{"target": -2.202880510810657, "params": {"C": 291.5779060301004, "epsilon": 1.6461793264217495, "gamma": 0.13991603722034232, "lamda": 0.06310381068558159}, "datetime": {"datetime": "2021-09-19 22:50:39", "elapsed": 79.04612, "delta": 8.452658}}
{"target": -1.8398391211306508, "params": {"C": 237.30018553631675, "epsilon": 2.5204144485023816, "gamma": 0.008566214082117402, "lamda": 0.15002911284467857}, "datetime": {"datetime": "2021-09-19 22:50:54", "elapsed": 93.431421, "delta": 14.385301}}
{"target": -5.726831456146854, "params": {"C": 297.77221778129893, "epsilon": 2.269680397701534, "gamma": 0.05968657845255901, "lamda": 0.15785607641096927}, "datetime": {"datetime": "2021-09-19 22:51:07", "elapsed": 106.990501, "delta": 13.55908}}
{"target": 0.8765523624710262, "params": {"C": 120.6452013155284, "epsilon": 1.398891225910125, "gamma": 0.18217612310315365, "lamda": 0.05872353606058753}, "datetime": {"datetime": "2021-09-19 22:51:08", "elapsed": 107.363496, "delta": 0.372995}}
{"target": -1.5623057606948163, "params": {"C": 157.55506771726976, "epsilon": 0.4770828591430053, "gamma": 0.00877655678470793, "lamda": 0.13576742775244527}, "datetime": {"datetime": "2021-09-19 22:51:17", "elapsed": 116.915073, "delta": 9.551577}}
{"target": 0.8979392209816313, "params": {"C": 142.32562320001182, "epsilon": 0.870085312179456, "gamma": 0.10085676605966598, "lamda": 0.010673455660870959}, "datetime": {"datetime": "2021-09-19 22:51:18", "elapsed": 117.302073, "delta": 0.387}}
{"target": -2.747486878201232, "params": {"C": 214.8235210984026, "epsilon": 0.5255128672268494, "gamma": 0.11991457969614043, "lamda": 0.13995197224582623}, "datetime": {"datetime": "2021-09-19 22:51:27", "elapsed": 127.072189, "delta": 9.770116}}
{"target": 0.8910361242718873, "params": {"C": 120.46688576556517, "epsilon": 1.300762364676748, "gamma": 0.1404080307569103, "lamda": 0.082836439726111}, "datetime": {"datetime": "2021-09-19 22:51:28", "elapsed": 127.465189, "delta": 0.393}}
{"target": -2.6572041352569187, "params": {"C": 109.99069178921744, "epsilon": 1.6540995771549836, "gamma": 0.13443995581785884, "lamda": 0.10297830752254966}, "datetime": {"datetime": "2021-09-19 22:51:37", "elapsed": 136.87069, "delta": 9.405501}}
{"target": 0.868220021766686, "params": {"C": 288.91895119816263, "epsilon": 1.8010096174557795, "gamma": 0.18116337348113729, "lamda": 0.027495803354543363}, "datetime": {"datetime": "2021-09-19 22:51:38", "elapsed": 137.260689, "delta": 0.389999}}
{"target": -4.686241008583458, "params": {"C": 127.85526945015171, "epsilon": 2.441434737257619, "gamma": 0.08254698321217906, "lamda": 0.03307167406918944}, "datetime": {"datetime": "2021-09-19 22:51:46", "elapsed": 145.743551, "delta": 8.482862}}
{"target": -2.024696888995226, "params": {"C": 285.50171607920674, "epsilon": 1.108520993261969, "gamma": 0.15140836011155034, "lamda": 0.14519987107210494}, "datetime": {"datetime": "2021-09-19 22:51:55", "elapsed": 154.928548, "delta": 9.184997}}
{"target": -2.429415213627468, "params": {"C": 276.661218241162, "epsilon": 1.9086494004612657, "gamma": 0.15143377463533075, "lamda": 0.06978031949722653}, "datetime": {"datetime": "2021-09-19 22:52:10", "elapsed": 169.84455, "delta": 14.916002}}
{"target": -4.753782627093196, "params": {"C": 153.98557835300522, "epsilon": 2.698070032768594, "gamma": 0.08847778202490252, "lamda": 0.19296804458962996}, "datetime": {"datetime": "2021-09-19 22:52:19", "elapsed": 178.781548, "delta": 8.936998}}
{"target": -5.06666825929082, "params": {"C": 232.6882995636896, "epsilon": 1.902917588606453, "gamma": 0.027375464725908162, "lamda": 0.18989790225215555}, "datetime": {"datetime": "2021-09-19 22:52:27", "elapsed": 186.952549, "delta": 8.171001}}
{"target": -3.892307130621149, "params": {"C": 189.98242669598812, "epsilon": 1.7773298817226821, "gamma": 0.08458667653844984, "lamda": 0.0474061590216253}, "datetime": {"datetime": "2021-09-19 22:52:37", "elapsed": 196.59991, "delta": 9.647361}}
{"target": -0.9472344020349532, "params": {"C": 280.6759041124508, "epsilon": 1.763670511349629, "gamma": 0.005559713771075999, "lamda": 0.12342936557923116}, "datetime": {"datetime": "2021-09-19 22:52:51", "elapsed": 210.343168, "delta": 13.743258}}
{"target": 0.8762293109938846, "params": {"C": 165.32898035441923, "epsilon": 1.628468496547067, "gamma": 0.17775870936560104, "lamda": 0.07145459473073995}, "datetime": {"datetime": "2021-09-19 22:52:51", "elapsed": 210.694171, "delta": 0.351003}}
{"target": -1.5556828283676354, "params": {"C": 281.70703018395983, "epsilon": 1.907744335796228, "gamma": 0.008085142355078475, "lamda": 0.18588751731151854}, "datetime": {"datetime": "2021-09-19 22:53:07", "elapsed": 226.825823, "delta": 16.131652}}
{"target": -5.859000618028218, "params": {"C": 238.1793835033848, "epsilon": 2.9922362663092934, "gamma": 0.03860639912733906, "lamda": 0.027428012790025925}, "datetime": {"datetime": "2021-09-19 22:53:21", "elapsed": 240.109995, "delta": 13.284172}}
{"target": -3.848580889209808, "params": {"C": 286.51909260743275, "epsilon": 2.1207726683207104, "gamma": 0.017870033680802186, "lamda": 0.1510928550574407}, "datetime": {"datetime": "2021-09-19 22:53:29", "elapsed": 248.792467, "delta": 8.682472}}
{"target": 0.8795948416838676, "params": {"C": 250.77523769224928, "epsilon": 2.776771153084802, "gamma": 0.143747327932552, "lamda": 0.02485506812347097}, "datetime": {"datetime": "2021-09-19 22:53:30", "elapsed": 249.173275, "delta": 0.380808}}
{"target": 0.8477125241315335, "params": {"C": 103.97602676795911, "epsilon": 0.17601186194538593, "gamma": 0.010519765164054949, "lamda": 0.04924296730954158}, "datetime": {"datetime": "2021-09-19 22:53:30", "elapsed": 249.561275, "delta": 0.388}}
{"target": -3.367807803796256, "params": {"C": 272.0055897365776, "epsilon": 1.6626100865907933, "gamma": 0.11280028584372435, "lamda": 0.1684063364410288}, "datetime": {"datetime": "2021-09-19 22:53:39", "elapsed": 259.01086, "delta": 9.449585}}
{"target": -2.4444732247838243, "params": {"C": 124.83466302398223, "epsilon": 0.9096326691323044, "gamma": 0.11922305793436615, "lamda": 0.1939191800681866}, "datetime": {"datetime": "2021-09-19 22:53:48", "elapsed": 267.547894, "delta": 8.537034}}
{"target": 0.8787399310176655, "params": {"C": 212.206043851142, "epsilon": 0.15407713918153476, "gamma": 0.1611233711727202, "lamda": 0.04659562179393025}, "datetime": {"datetime": "2021-09-19 22:53:48", "elapsed": 267.88389, "delta": 0.335996}}
{"target": 0.8727363735257196, "params": {"C": 261.4210391237558, "epsilon": 1.2247958677860982, "gamma": 0.1733906616390886, "lamda": 0.1494245814257942}, "datetime": {"datetime": "2021-09-19 22:53:49", "elapsed": 268.243687, "delta": 0.359797}}
{"target": 0.8499452372902517, "params": {"C": 211.24804679808378, "epsilon": 0.4957201544159866, "gamma": 0.016683949454881275, "lamda": 0.02426956980469173}, "datetime": {"datetime": "2021-09-19 22:53:49", "elapsed": 268.654685, "delta": 0.410998}}
{"target": -4.6761991544040535, "params": {"C": 108.91037570895234, "epsilon": 0.4117329744076694, "gamma": 0.04901332102853166, "lamda": 0.14259808308755495}, "datetime": {"datetime": "2021-09-19 22:53:58", "elapsed": 277.474869, "delta": 8.820184}}
{"target": -3.376610794326713, "params": {"C": 211.94339641082848, "epsilon": 0.13641234246143596, "gamma": 0.01903498453944992, "lamda": 0.1934552987237244}, "datetime": {"datetime": "2021-09-19 22:54:07", "elapsed": 286.551692, "delta": 9.076823}}
{"target": -5.075300432470471, "params": {"C": 213.62009238398844, "epsilon": 0.6895503805168723, "gamma": 0.054203520191213064, "lamda": 0.14876542698916453}, "datetime": {"datetime": "2021-09-19 22:54:16", "elapsed": 295.292001, "delta": 8.740309}}
{"target": -1.9604581048385863, "params": {"C": 139.08589622186375, "epsilon": 1.7859408890924475, "gamma": 0.19415389787222093, "lamda": 0.16936591346920557}, "datetime": {"datetime": "2021-09-19 22:54:28", "elapsed": 307.889196, "delta": 12.597195}}
{"target": -2.5503329603934968, "params": {"C": 147.96955182951723, "epsilon": 1.5319321713793168, "gamma": 0.12589136508436904, "lamda": 0.1657963509291362}, "datetime": {"datetime": "2021-09-19 22:54:38", "elapsed": 317.111195, "delta": 9.221999}}
{"target": 0.8566866933996267, "params": {"C": 131.35827892921685, "epsilon": 0.1538709863144876, "gamma": 0.018654318025248355, "lamda": 0.09726953584229543}, "datetime": {"datetime": "2021-09-19 22:54:38", "elapsed": 317.500199, "delta": 0.389004}}
{"target": -4.823175506886111, "params": {"C": 221.26589233066608, "epsilon": 1.7496691675507958, "gamma": 0.06688566981782135, "lamda": 0.19772324226633536}, "datetime": {"datetime": "2021-09-19 22:54:47", "elapsed": 326.356197, "delta": 8.855998}}
{"target": -2.949863844762309, "params": {"C": 215.94904384915938, "epsilon": 1.2024094006082962, "gamma": 0.1124349027279899, "lamda": 0.1490671408468695}, "datetime": {"datetime": "2021-09-19 22:54:56", "elapsed": 335.102197, "delta": 8.746}}
{"target": -3.8062377235567544, "params": {"C": 233.84657869063693, "epsilon": 0.8682667172221472, "gamma": 0.017935292713546106, "lamda": 0.07401746949862335}, "datetime": {"datetime": "2021-09-19 22:55:05", "elapsed": 344.468206, "delta": 9.366009}}
