{"target": -4.577464874755681, "params": {"C": 171.232455796567, "epsilon": 1.537934716937334, "gamma": 0.07421231646480489, "lamda": 0.010477206687919356}, "datetime": {"datetime": "2021-09-20 15:47:13", "elapsed": 2638.518275, "delta": 10.992938}}
{"target": -4.667267166292654, "params": {"C": 181.58233134329697, "epsilon": 2.852681082512262, "gamma": 0.08454354778011343, "lamda": 0.06658971183549683}, "datetime": {"datetime": "2021-09-20 15:47:23", "elapsed": 2648.894004, "delta": 10.375729}}
{"target": -4.43559067067165, "params": {"C": 158.4970357108629, "epsilon": 0.6658314518403409, "gamma": 0.08056700174103532, "lamda": 0.08815660900368122}, "datetime": {"datetime": "2021-09-20 15:47:31", "elapsed": 2656.652557, "delta": 7.758553}}
{"target": -4.42195365094759, "params": {"C": 159.1976720773611, "epsilon": 1.8943293453363788, "gamma": 0.07715729336119612, "lamda": 0.05224247266235405}, "datetime": {"datetime": "2021-09-20 15:47:41", "elapsed": 2667.086709, "delta": 10.434152}}
{"target": -4.647530019816612, "params": {"C": 158.07553852430058, "epsilon": 1.4223673132484573, "gamma": 0.0704752161641408, "lamda": 0.08523005960680051}, "datetime": {"datetime": "2021-09-20 15:47:51", "elapsed": 2677.188701, "delta": 10.101992}}
{"target": -3.6992565261122685, "params": {"C": 190.01661228882008, "epsilon": 1.7524255004111229, "gamma": 0.08428061843156157, "lamda": 0.018819232975290895}, "datetime": {"datetime": "2021-09-20 15:48:02", "elapsed": 2688.112004, "delta": 10.923303}}
{"target": -3.4891035327063493, "params": {"C": 175.48066471087793, "epsilon": 1.2440325762846658, "gamma": 0.09438603814276805, "lamda": 0.06880184618610705}, "datetime": {"datetime": "2021-09-20 15:48:13", "elapsed": 2699.057495, "delta": 10.945491}}
{"target": -4.885508224706798, "params": {"C": 181.67370063112105, "epsilon": 0.5690250962711826, "gamma": 0.07882351517995542, "lamda": 0.09872441406075375}, "datetime": {"datetime": "2021-09-20 15:48:24", "elapsed": 2710.175055, "delta": 11.11756}}
{"target": -5.394609738569867, "params": {"C": 197.41495870363326, "epsilon": 2.6087357098209387, "gamma": 0.06606899484127894, "lamda": 0.06571705062839098}, "datetime": {"datetime": "2021-09-20 15:48:40", "elapsed": 2726.263902, "delta": 16.088847}}
{"target": -5.124762906581765, "params": {"C": 178.28310562719636, "epsilon": 1.917170083632108, "gamma": 0.07712149877873081, "lamda": 0.061930626787512856}, "datetime": {"datetime": "2021-09-20 15:48:51", "elapsed": 2736.670711, "delta": 10.406809}}
{"target": -5.431418167163682, "params": {"C": 192.49849442579827, "epsilon": 3.0243944782579946, "gamma": 0.08317442161188933, "lamda": 0.09284689724592267}, "datetime": {"datetime": "2021-09-20 15:49:01", "elapsed": 2746.815553, "delta": 10.144842}}
{"target": -5.663438700135364, "params": {"C": 153.23699917207745, "epsilon": 3.9660783142286915, "gamma": 0.06211978170671958, "lamda": 0.02395207688316333}, "datetime": {"datetime": "2021-09-20 15:49:21", "elapsed": 2766.547881, "delta": 19.732328}}
{"target": -4.16932076673353, "params": {"C": 171.13763308222804, "epsilon": 0.5014347946458573, "gamma": 0.08494681643990808, "lamda": 0.009559293584642395}, "datetime": {"datetime": "2021-09-20 15:49:32", "elapsed": 2777.729174, "delta": 11.181293}}
{"target": -3.486516823707859, "params": {"C": 164.2311940503471, "epsilon": 0.31926378998911065, "gamma": 0.08814077324420325, "lamda": 0.0685033359210008}, "datetime": {"datetime": "2021-09-20 15:49:43", "elapsed": 2789.371492, "delta": 11.642318}}
{"target": -3.108661402441479, "params": {"C": 168.92902966253013, "epsilon": 0.8177214993168991, "gamma": 0.0898801931611978, "lamda": 0.03733603262271939}, "datetime": {"datetime": "2021-09-20 15:49:54", "elapsed": 2800.466797, "delta": 11.095305}}
{"target": -4.425346662867401, "params": {"C": 189.76505837028213, "epsilon": 1.9925716815841117, "gamma": 0.08102677777403917, "lamda": 0.0077066307016988855}, "datetime": {"datetime": "2021-09-20 15:50:06", "elapsed": 2812.387671, "delta": 11.920874}}
{"target": -4.654978670599879, "params": {"C": 182.2116009939516, "epsilon": 1.4545734895340963, "gamma": 0.06916820109168263, "lamda": 0.04621892074011155}, "datetime": {"datetime": "2021-09-20 15:50:17", "elapsed": 2822.670413, "delta": 10.282742}}
{"target": -3.1178749850046827, "params": {"C": 169.12337286354588, "epsilon": 1.9215730371385322, "gamma": 0.09917933416719227, "lamda": 0.03961591668498189}, "datetime": {"datetime": "2021-09-20 15:50:28", "elapsed": 2833.936625, "delta": 11.266212}}
{"target": -3.5199699211684674, "params": {"C": 188.72050666680198, "epsilon": 2.2468489784755787, "gamma": 0.09556524356429932, "lamda": 0.03872052085920934}, "datetime": {"datetime": "2021-09-20 15:50:39", "elapsed": 2845.173681, "delta": 11.237056}}
{"target": -5.359966826231923, "params": {"C": 162.27593400932537, "epsilon": 3.651195419455316, "gamma": 0.06174137055031061, "lamda": 0.09532157566579522}, "datetime": {"datetime": "2021-09-20 15:50:55", "elapsed": 2861.328944, "delta": 16.155263}}
{"target": 0.896490352300346, "params": {"C": 177.82034578354626, "epsilon": 1.5553438094133831, "gamma": 0.09980209289356445, "lamda": 0.010544451384025006}, "datetime": {"datetime": "2021-09-20 15:50:56", "elapsed": 2861.750221, "delta": 0.421277}}
{"target": -4.407967278737524, "params": {"C": 175.8353179883806, "epsilon": 0.20190053578574757, "gamma": 0.08284702956744934, "lamda": 0.02214450835453598}, "datetime": {"datetime": "2021-09-20 15:51:07", "elapsed": 2873.026877, "delta": 11.276656}}
{"target": -4.606578823252714, "params": {"C": 181.54796001697653, "epsilon": 3.9252208089422793, "gamma": 0.09499610204849523, "lamda": 0.04792444369498271}, "datetime": {"datetime": "2021-09-20 15:51:19", "elapsed": 2884.608801, "delta": 11.581924}}
{"target": -4.7055095557644595, "params": {"C": 185.42304350258587, "epsilon": 3.127677500012502, "gamma": 0.07979372336730255, "lamda": 0.05521068156686868}, "datetime": {"datetime": "2021-09-20 15:51:29", "elapsed": 2895.466917, "delta": 10.858116}}
{"target": -4.73945692293929, "params": {"C": 157.53921991860963, "epsilon": 1.5280477083986725, "gamma": 0.06568885012291147, "lamda": 0.07405490656773346}, "datetime": {"datetime": "2021-09-20 15:51:39", "elapsed": 2905.091649, "delta": 9.624732}}
{"target": -3.5812756103338907, "params": {"C": 173.85064972011315, "epsilon": 1.839605039890521, "gamma": 0.09543991884661406, "lamda": 0.055123783369598334}, "datetime": {"datetime": "2021-09-20 15:51:49", "elapsed": 2915.020641, "delta": 9.928992}}
{"target": -4.825220466262722, "params": {"C": 170.454541595843, "epsilon": 1.1340567270735717, "gamma": 0.0628804814067908, "lamda": 0.044722932703905}, "datetime": {"datetime": "2021-09-20 15:51:59", "elapsed": 2925.126643, "delta": 10.106002}}
{"target": -4.258594498624833, "params": {"C": 151.28767412032917, "epsilon": 1.221323446965518, "gamma": 0.08014038039393587, "lamda": 0.09676364117687362}, "datetime": {"datetime": "2021-09-20 15:52:08", "elapsed": 2934.323641, "delta": 9.196998}}
{"target": -4.687487700052754, "params": {"C": 155.46914570967922, "epsilon": 2.718320932529158, "gamma": 0.079997294843968, "lamda": 0.0788243317811994}, "datetime": {"datetime": "2021-09-20 15:52:17", "elapsed": 2943.361296, "delta": 9.037655}}
{"target": -4.115851241060675, "params": {"C": 157.18034989371046, "epsilon": 0.40615433482863217, "gamma": 0.07596874421409816, "lamda": 0.08071141393809052}, "datetime": {"datetime": "2021-09-20 15:52:27", "elapsed": 2953.460298, "delta": 10.099002}}
{"target": -4.717628470883229, "params": {"C": 159.5837869454945, "epsilon": 3.0896865932173143, "gamma": 0.07161191988247473, "lamda": 0.025604691323120557}, "datetime": {"datetime": "2021-09-20 15:52:37", "elapsed": 2963.255297, "delta": 9.794999}}
{"target": -4.397423007182778, "params": {"C": 150.83577945385034, "epsilon": 1.6427435148957246, "gamma": 0.0752432596517381, "lamda": 0.06763776893855965}, "datetime": {"datetime": "2021-09-20 15:52:46", "elapsed": 2972.220293, "delta": 8.964996}}
{"target": 0.895656787282931, "params": {"C": 153.54592002351936, "epsilon": 0.6782076292057057, "gamma": 0.06066303531603737, "lamda": 0.01581065386250365}, "datetime": {"datetime": "2021-09-20 15:52:47", "elapsed": 2972.679295, "delta": 0.459002}}
{"target": -4.54427339152158, "params": {"C": 182.58946380050452, "epsilon": 1.6584148605256832, "gamma": 0.07284105256669264, "lamda": 0.05800163945315838}, "datetime": {"datetime": "2021-09-20 15:52:59", "elapsed": 2984.593297, "delta": 11.914002}}
{"target": -4.535099015704521, "params": {"C": 199.6730231549925, "epsilon": 3.3511871349506763, "gamma": 0.08798492729598335, "lamda": 0.0922345659675455}, "datetime": {"datetime": "2021-09-20 15:53:10", "elapsed": 2995.877299, "delta": 11.284002}}
{"target": -4.183137846302247, "params": {"C": 151.98643533415424, "epsilon": 0.3557070911328589, "gamma": 0.07896025159952219, "lamda": 0.03817090423092234}, "datetime": {"datetime": "2021-09-20 15:53:21", "elapsed": 3007.212585, "delta": 11.335286}}
{"target": -4.445562151255668, "params": {"C": 196.86260310642245, "epsilon": 1.9990946476890608, "gamma": 0.08158596440373403, "lamda": 0.09004973474446598}, "datetime": {"datetime": "2021-09-20 15:53:31", "elapsed": 3017.147547, "delta": 9.934962}}
{"target": -5.110767852242863, "params": {"C": 172.33175229118453, "epsilon": 3.5179748059397795, "gamma": 0.07014326997486514, "lamda": 0.031011921895020316}, "datetime": {"datetime": "2021-09-20 15:53:48", "elapsed": 3034.197058, "delta": 17.049511}}
{"target": -4.559489885881335, "params": {"C": 166.4180695043795, "epsilon": 2.2264519402853375, "gamma": 0.06880514696107926, "lamda": 0.06878577125272096}, "datetime": {"datetime": "2021-09-20 15:53:59", "elapsed": 3044.696734, "delta": 10.499676}}
{"target": -3.7138116673201873, "params": {"C": 157.13966414015002, "epsilon": 0.44887307603858656, "gamma": 0.09480766984821512, "lamda": 0.027502526837914862}, "datetime": {"datetime": "2021-09-20 15:54:10", "elapsed": 3055.769669, "delta": 11.072935}}
{"target": -4.4032567612259, "params": {"C": 169.30020055112976, "epsilon": 2.320445003483303, "gamma": 0.0810320787980588, "lamda": 0.012222268547000151}, "datetime": {"datetime": "2021-09-20 15:54:19", "elapsed": 3065.116158, "delta": 9.346489}}
{"target": -4.4328813098182795, "params": {"C": 193.7062967799014, "epsilon": 3.808451624201273, "gamma": 0.09250029216698688, "lamda": 0.03196117431995306}, "datetime": {"datetime": "2021-09-20 15:54:31", "elapsed": 3076.557324, "delta": 11.441166}}
{"target": -4.545054484164467, "params": {"C": 176.39233980589796, "epsilon": 1.4105135581490291, "gamma": 0.08218669243150667, "lamda": 0.09756832954673525}, "datetime": {"datetime": "2021-09-20 15:54:42", "elapsed": 3087.8034, "delta": 11.246076}}
{"target": -4.6326398237738555, "params": {"C": 165.58514588594906, "epsilon": 2.701682695217649, "gamma": 0.07303868829235943, "lamda": 0.07857534027143256}, "datetime": {"datetime": "2021-09-20 15:54:53", "elapsed": 3098.65031, "delta": 10.84691}}
{"target": -4.424489051187954, "params": {"C": 166.29049833066023, "epsilon": 3.56812317847371, "gamma": 0.09006830883677068, "lamda": 0.07745004906728552}, "datetime": {"datetime": "2021-09-20 15:55:03", "elapsed": 3109.201895, "delta": 10.551585}}
{"target": -4.404331807059209, "params": {"C": 173.4739514279963, "epsilon": 0.9061968496773251, "gamma": 0.06165900318305995, "lamda": 0.03557373599717323}, "datetime": {"datetime": "2021-09-20 15:55:14", "elapsed": 3119.907877, "delta": 10.705982}}
{"target": -4.222158947833559, "params": {"C": 151.85563322469972, "epsilon": 2.799913212585687, "gamma": 0.08681400127744673, "lamda": 0.045894819360772623}, "datetime": {"datetime": "2021-09-20 15:55:25", "elapsed": 3131.060885, "delta": 11.153008}}
{"target": -5.66943307079102, "params": {"C": 188.38944888290865, "epsilon": 2.1811532993790896, "gamma": 0.061594397065418104, "lamda": 0.017805346206264512}, "datetime": {"datetime": "2021-09-20 15:55:43", "elapsed": 3148.614652, "delta": 17.553767}}
{"target": -5.225502701159581, "params": {"C": 159.6708199507459, "epsilon": 1.395802100565427, "gamma": 0.06209251785749907, "lamda": 0.06248609414753479}, "datetime": {"datetime": "2021-09-20 15:55:56", "elapsed": 3162.106292, "delta": 13.49164}}
{"target": -4.7422270346753095, "params": {"C": 175.60305137619594, "epsilon": 2.500447167107252, "gamma": 0.07729422379057377, "lamda": 0.08553154448255659}, "datetime": {"datetime": "2021-09-20 15:56:07", "elapsed": 3172.959566, "delta": 10.853274}}
{"target": 0.8991310302187412, "params": {"C": 172.70295280295755, "epsilon": 0.1403817975843299, "gamma": 0.09492272593788398, "lamda": 0.0673391470356894}, "datetime": {"datetime": "2021-09-20 15:56:07", "elapsed": 3173.354913, "delta": 0.395347}}
{"target": -5.660196233344077, "params": {"C": 191.15015203242353, "epsilon": 3.8109607166926986, "gamma": 0.062036495340675485, "lamda": 0.027331827088646385}, "datetime": {"datetime": "2021-09-20 15:56:24", "elapsed": 3189.806181, "delta": 16.451268}}
{"target": -3.3665060465416987, "params": {"C": 153.167172172817, "epsilon": 1.7328989132472077, "gamma": 0.09455316582005809, "lamda": 0.01275427835793147}, "datetime": {"datetime": "2021-09-20 15:56:34", "elapsed": 3199.910083, "delta": 10.103902}}
{"target": -3.7676405722066946, "params": {"C": 173.65559764429392, "epsilon": 0.5721289904501966, "gamma": 0.09091542408668471, "lamda": 0.08493510489560513}, "datetime": {"datetime": "2021-09-20 15:56:44", "elapsed": 3210.354187, "delta": 10.444104}}
{"target": -4.1254159248167666, "params": {"C": 152.16454690930792, "epsilon": 1.9868477132279474, "gamma": 0.06957644176551024, "lamda": 0.09548500926085964}, "datetime": {"datetime": "2021-09-20 15:56:54", "elapsed": 3220.371878, "delta": 10.017691}}
{"target": -3.3736463081405157, "params": {"C": 197.1946313891898, "epsilon": 2.4866212893480273, "gamma": 0.09893949589300785, "lamda": 0.03776182765304384}, "datetime": {"datetime": "2021-09-20 15:57:04", "elapsed": 3230.197738, "delta": 9.82586}}
{"target": -4.881271815418197, "params": {"C": 194.89253588338408, "epsilon": 1.7836122957613574, "gamma": 0.06943258548590055, "lamda": 0.09437865650413295}, "datetime": {"datetime": "2021-09-20 15:57:14", "elapsed": 3240.180395, "delta": 9.982657}}
{"target": -3.609918137335068, "params": {"C": 184.21090254916137, "epsilon": 0.334453414529387, "gamma": 0.09481699427292264, "lamda": 0.0716311279901679}, "datetime": {"datetime": "2021-09-20 15:57:24", "elapsed": 3249.757442, "delta": 9.577047}}
{"target": -5.166921518949841, "params": {"C": 180.2463436487141, "epsilon": 2.9509096047829755, "gamma": 0.07013756169999123, "lamda": 0.062046450751081714}, "datetime": {"datetime": "2021-09-20 15:57:42", "elapsed": 3267.791008, "delta": 18.033566}}
{"target": -4.599825100016074, "params": {"C": 190.73095906308276, "epsilon": 0.29212554847007954, "gamma": 0.06522042685357064, "lamda": 0.0850323519458593}, "datetime": {"datetime": "2021-09-20 15:57:54", "elapsed": 3279.973426, "delta": 12.182418}}
{"target": -4.910523390988544, "params": {"C": 180.91729346639428, "epsilon": 2.1626482170857475, "gamma": 0.06993162915988395, "lamda": 0.03303246464870211}, "datetime": {"datetime": "2021-09-20 15:58:04", "elapsed": 3289.702197, "delta": 9.728771}}
{"target": -5.751596825427537, "params": {"C": 193.6343082459731, "epsilon": 1.7329304646108603, "gamma": 0.06257721022318427, "lamda": 0.09021358160322035}, "datetime": {"datetime": "2021-09-20 15:58:13", "elapsed": 3299.377677, "delta": 9.67548}}
{"target": -3.883455774473486, "params": {"C": 160.16904164120254, "epsilon": 3.3188119391301742, "gamma": 0.09527082492331229, "lamda": 0.05124132075774212}, "datetime": {"datetime": "2021-09-20 15:58:25", "elapsed": 3310.824302, "delta": 11.446625}}
{"target": -5.0740424139380025, "params": {"C": 179.92323465523182, "epsilon": 2.1468884294228343, "gamma": 0.08499285176741997, "lamda": 0.0862289635279984}, "datetime": {"datetime": "2021-09-20 15:58:35", "elapsed": 3321.45321, "delta": 10.628908}}
{"target": -4.542956823411993, "params": {"C": 164.10697242024304, "epsilon": 3.5443215920679556, "gamma": 0.08270761320476597, "lamda": 0.01593478889185582}, "datetime": {"datetime": "2021-09-20 15:58:49", "elapsed": 3335.440139, "delta": 13.986929}}
{"target": -5.268732665681633, "params": {"C": 161.3500582607329, "epsilon": 2.416250951603014, "gamma": 0.06957784947618721, "lamda": 0.017484487751058753}, "datetime": {"datetime": "2021-09-20 15:59:01", "elapsed": 3346.781093, "delta": 11.340954}}
{"target": -4.9564068331743645, "params": {"C": 158.09238570619175, "epsilon": 3.391900271484097, "gamma": 0.08408734615570843, "lamda": 0.09653887328289248}, "datetime": {"datetime": "2021-09-20 15:59:11", "elapsed": 3356.815638, "delta": 10.034545}}
{"target": -4.065549679396401, "params": {"C": 167.28396066480127, "epsilon": 2.414850384689003, "gamma": 0.0839594115589368, "lamda": 0.06349190728437513}, "datetime": {"datetime": "2021-09-20 15:59:22", "elapsed": 3368.220763, "delta": 11.405125}}
{"target": -4.063800196695919, "params": {"C": 152.95886035928612, "epsilon": 3.0212433635327685, "gamma": 0.09792837992750501, "lamda": 0.05579451043206093}, "datetime": {"datetime": "2021-09-20 15:59:34", "elapsed": 3379.973007, "delta": 11.752244}}
{"target": -4.918518491373345, "params": {"C": 159.62780104775342, "epsilon": 3.0314695867213737, "gamma": 0.060292758773114546, "lamda": 0.03618432984682418}, "datetime": {"datetime": "2021-09-20 15:59:44", "elapsed": 3389.896872, "delta": 9.923865}}
{"target": -4.162053241933256, "params": {"C": 195.88031738221966, "epsilon": 2.3863999449439968, "gamma": 0.09420761135616543, "lamda": 0.06244384497317283}, "datetime": {"datetime": "2021-09-20 15:59:53", "elapsed": 3398.739009, "delta": 8.842137}}
{"target": -5.12451653122723, "params": {"C": 191.12890762619355, "epsilon": 3.527575411842922, "gamma": 0.07283945498097813, "lamda": 0.016680703297456956}, "datetime": {"datetime": "2021-09-20 16:00:07", "elapsed": 3413.082521, "delta": 14.343512}}
{"target": -5.346107190933343, "params": {"C": 186.06516720932854, "epsilon": 1.806160580378454, "gamma": 0.06506942836568035, "lamda": 0.06103324657043947}, "datetime": {"datetime": "2021-09-20 16:00:21", "elapsed": 3427.360014, "delta": 14.277493}}
{"target": -4.4915087440771595, "params": {"C": 151.803415728493, "epsilon": 0.8647138963310688, "gamma": 0.09153204758671876, "lamda": 0.006149192201458997}, "datetime": {"datetime": "2021-09-20 16:00:35", "elapsed": 3440.90844, "delta": 13.548426}}
{"target": 0.8986658881955304, "params": {"C": 165.16728358542846, "epsilon": 0.16379376746523722, "gamma": 0.09989939970913318, "lamda": 0.060292847752628866}, "datetime": {"datetime": "2021-09-20 16:00:35", "elapsed": 3441.377266, "delta": 0.468826}}
{"target": -4.722992413067818, "params": {"C": 164.66881392430284, "epsilon": 3.7214818906210136, "gamma": 0.08028477694192818, "lamda": 0.048195761617478655}, "datetime": {"datetime": "2021-09-20 16:00:50", "elapsed": 3455.658208, "delta": 14.280942}}
{"target": -4.25169127775894, "params": {"C": 179.3935753148093, "epsilon": 1.115419565305433, "gamma": 0.07221153197389733, "lamda": 0.04030718478879733}, "datetime": {"datetime": "2021-09-20 16:01:03", "elapsed": 3468.661299, "delta": 13.003091}}
{"target": -4.63816303507251, "params": {"C": 162.22239996858053, "epsilon": 2.3714252831771887, "gamma": 0.08783384535729306, "lamda": 0.011834985915580108}, "datetime": {"datetime": "2021-09-20 16:01:18", "elapsed": 3483.524217, "delta": 14.862918}}
{"target": -4.450057044710381, "params": {"C": 198.55416598127317, "epsilon": 3.0320369710082633, "gamma": 0.09224652651813633, "lamda": 0.07640583838772261}, "datetime": {"datetime": "2021-09-20 16:01:30", "elapsed": 3496.086017, "delta": 12.5618}}
{"target": -4.837373540746369, "params": {"C": 154.00304886356088, "epsilon": 1.9682494294430142, "gamma": 0.07782691825606625, "lamda": 0.06888490179986835}, "datetime": {"datetime": "2021-09-20 16:01:41", "elapsed": 3506.733437, "delta": 10.64742}}
{"target": -4.472354825036889, "params": {"C": 172.4368629412161, "epsilon": 2.8409085216649257, "gamma": 0.08726581350410492, "lamda": 0.07122911023151185}, "datetime": {"datetime": "2021-09-20 16:01:53", "elapsed": 3518.784455, "delta": 12.051018}}
{"target": -4.4978760000133935, "params": {"C": 180.93003712807683, "epsilon": 0.6718444744562114, "gamma": 0.09043209825223025, "lamda": 0.07919935310842592}, "datetime": {"datetime": "2021-09-20 16:02:10", "elapsed": 3536.4138, "delta": 17.629345}}
{"target": -4.847483899969944, "params": {"C": 195.20514929569026, "epsilon": 0.9963732750080952, "gamma": 0.06706715572289365, "lamda": 0.04215441669514243}, "datetime": {"datetime": "2021-09-20 16:02:20", "elapsed": 3546.243127, "delta": 9.829327}}
{"target": -4.341079532964699, "params": {"C": 166.028232699758, "epsilon": 3.2766695617020547, "gamma": 0.08454103598673726, "lamda": 0.07720016647322615}, "datetime": {"datetime": "2021-09-20 16:02:32", "elapsed": 3557.812432, "delta": 11.569305}}
{"target": -4.552992065281366, "params": {"C": 171.3832549848482, "epsilon": 0.4698070066291098, "gamma": 0.06460140048200985, "lamda": 0.04047367751503355}, "datetime": {"datetime": "2021-09-20 16:02:43", "elapsed": 3569.089361, "delta": 11.276929}}
{"target": -4.886994096111435, "params": {"C": 159.69238837547536, "epsilon": 3.297326274601918, "gamma": 0.08398544033694867, "lamda": 0.07044029960677319}, "datetime": {"datetime": "2021-09-20 16:02:53", "elapsed": 3579.38384, "delta": 10.294479}}
{"target": -4.841386290769293, "params": {"C": 174.5554980652148, "epsilon": 0.42564083046934975, "gamma": 0.06940310546744681, "lamda": 0.04885219768470409}, "datetime": {"datetime": "2021-09-20 16:03:04", "elapsed": 3590.377055, "delta": 10.993215}}
