{"target": -3.336614539269643, "params": {"C": 159.92957515269632, "epsilon": 0.17986684425297556, "gamma": 0.0891759079302461, "lamda": 0.07386709098581633}, "datetime": {"datetime": "2021-09-20 16:03:16", "elapsed": 3601.547517, "delta": 11.170462}}
{"target": -4.948914941938031, "params": {"C": 166.51958731808514, "epsilon": 3.3864969741695297, "gamma": 0.07713769903804293, "lamda": 0.08714518375253577}, "datetime": {"datetime": "2021-09-20 16:03:31", "elapsed": 3617.035349, "delta": 15.487832}}
{"target": -4.891322589999, "params": {"C": 182.85327123114448, "epsilon": 2.3576597770789136, "gamma": 0.06802909952140364, "lamda": 0.055306927995447515}, "datetime": {"datetime": "2021-09-20 16:03:42", "elapsed": 3627.550851, "delta": 10.515502}}
{"target": -3.6172452657727288, "params": {"C": 194.72162092137862, "epsilon": 1.275576385274047, "gamma": 0.09483782436644214, "lamda": 0.09133080092154688}, "datetime": {"datetime": "2021-09-20 16:03:53", "elapsed": 3638.978993, "delta": 11.428142}}
{"target": -3.270724482190433, "params": {"C": 166.49222813409412, "epsilon": 2.7576515160393313, "gamma": 0.09596883798263875, "lamda": 0.012191203767038819}, "datetime": {"datetime": "2021-09-20 16:04:04", "elapsed": 3649.983313, "delta": 11.00432}}
{"target": -3.795003182844953, "params": {"C": 193.92939316023853, "epsilon": 0.828090304012444, "gamma": 0.09399075640071723, "lamda": 0.06837628492642438}, "datetime": {"datetime": "2021-09-20 16:04:15", "elapsed": 3661.351617, "delta": 11.368304}}
{"target": -4.290715665447779, "params": {"C": 167.2169597725027, "epsilon": 0.673392234371772, "gamma": 0.08541483845953814, "lamda": 0.08553986415290046}, "datetime": {"datetime": "2021-09-20 16:04:27", "elapsed": 3672.946413, "delta": 11.594796}}
{"target": -3.995020281198041, "params": {"C": 191.09246873820052, "epsilon": 2.5426992207521786, "gamma": 0.09825206039020928, "lamda": 0.06104269707219813}, "datetime": {"datetime": "2021-09-20 16:04:41", "elapsed": 3687.021492, "delta": 14.075079}}
{"target": -5.370108375778773, "params": {"C": 159.89163923239596, "epsilon": 1.76297643265665, "gamma": 0.07346983994804669, "lamda": 0.09923477613119171}, "datetime": {"datetime": "2021-09-20 16:04:52", "elapsed": 3698.210422, "delta": 11.18893}}
{"target": -4.886447326233599, "params": {"C": 169.01182480586323, "epsilon": 3.9713874247660863, "gamma": 0.08075217002933657, "lamda": 0.02136657164032692}, "datetime": {"datetime": "2021-09-20 16:05:05", "elapsed": 3710.96757, "delta": 12.757148}}
{"target": -4.862800249433952, "params": {"C": 153.728703562574, "epsilon": 1.5315983195936398, "gamma": 0.0649367543925892, "lamda": 0.06527927804772496}, "datetime": {"datetime": "2021-09-20 16:05:25", "elapsed": 3730.637855, "delta": 19.670285}}
{"target": -3.574828037976653, "params": {"C": 170.69599228647044, "epsilon": 3.9643892794997644, "gamma": 0.09719822494613273, "lamda": 0.019177423069426252}, "datetime": {"datetime": "2021-09-20 16:05:37", "elapsed": 3743.187329, "delta": 12.549474}}
{"target": -5.057431909104506, "params": {"C": 169.74411312684003, "epsilon": 1.8893924669725537, "gamma": 0.0824379502048778, "lamda": 0.07913453471248051}, "datetime": {"datetime": "2021-09-20 16:05:49", "elapsed": 3755.097807, "delta": 11.910478}}
{"target": -4.493156833816248, "params": {"C": 174.35969545367118, "epsilon": 1.726374723880144, "gamma": 0.07047998818877342, "lamda": 0.09152658321324206}, "datetime": {"datetime": "2021-09-20 16:06:00", "elapsed": 3766.091836, "delta": 10.994029}}
{"target": -5.436956577984999, "params": {"C": 151.11357557664022, "epsilon": 3.2987978410183416, "gamma": 0.06753873598665674, "lamda": 0.07014690542139199}, "datetime": {"datetime": "2021-09-20 16:06:18", "elapsed": 3784.003598, "delta": 17.911762}}
{"target": -5.416024011392931, "params": {"C": 167.7604694669822, "epsilon": 3.898913501348758, "gamma": 0.0649108851779768, "lamda": 0.02281913979863776}, "datetime": {"datetime": "2021-09-20 16:06:34", "elapsed": 3800.156561, "delta": 16.152963}}
{"target": -4.681514681116553, "params": {"C": 194.47212377322393, "epsilon": 2.3669527532642536, "gamma": 0.07236985538635118, "lamda": 0.005072616620427862}, "datetime": {"datetime": "2021-09-20 16:06:50", "elapsed": 3815.939571, "delta": 15.78301}}
{"target": -4.560135739240858, "params": {"C": 161.37988691611264, "epsilon": 0.6499822459512439, "gamma": 0.06813735297480362, "lamda": 0.09015064289638045}, "datetime": {"datetime": "2021-09-20 16:07:01", "elapsed": 3826.915481, "delta": 10.97591}}
{"target": -4.443638498985161, "params": {"C": 193.65471891348204, "epsilon": 2.825134595523123, "gamma": 0.07881990704608836, "lamda": 0.0835779202215674}, "datetime": {"datetime": "2021-09-20 16:07:10", "elapsed": 3836.011443, "delta": 9.095962}}
{"target": -4.978208906295569, "params": {"C": 174.79131985426062, "epsilon": 1.5048756384768287, "gamma": 0.07102412411043435, "lamda": 0.09285037728614531}, "datetime": {"datetime": "2021-09-20 16:07:19", "elapsed": 3844.907867, "delta": 8.896424}}
{"target": -5.554088745505198, "params": {"C": 169.34946171281462, "epsilon": 2.0120930238507753, "gamma": 0.07017752409257688, "lamda": 0.08907181928961602}, "datetime": {"datetime": "2021-09-20 16:07:33", "elapsed": 3858.685867, "delta": 13.778}}
{"target": -4.661367153179679, "params": {"C": 169.16317284026434, "epsilon": 1.246492884030391, "gamma": 0.08870379848779018, "lamda": 0.02313264460136921}, "datetime": {"datetime": "2021-09-20 16:07:43", "elapsed": 3868.773867, "delta": 10.088}}
{"target": -3.9493966649815286, "params": {"C": 155.90963146735191, "epsilon": 3.361031306276968, "gamma": 0.08976543685478142, "lamda": 0.061099452026476125}, "datetime": {"datetime": "2021-09-20 16:07:54", "elapsed": 3879.820873, "delta": 11.047006}}
{"target": -4.908844177180213, "params": {"C": 162.14457874824353, "epsilon": 2.5231288091353297, "gamma": 0.08553421282964692, "lamda": 0.036119097190670885}, "datetime": {"datetime": "2021-09-20 16:08:04", "elapsed": 3889.780868, "delta": 9.959995}}
{"target": -4.7228886887435735, "params": {"C": 153.3744671533771, "epsilon": 3.5317113024521607, "gamma": 0.07839826924297033, "lamda": 0.07756790821631085}, "datetime": {"datetime": "2021-09-20 16:08:14", "elapsed": 3900.104189, "delta": 10.323321}}
{"target": -4.819765568314483, "params": {"C": 162.694431047137, "epsilon": 2.398237754488666, "gamma": 0.07715180641395192, "lamda": 0.041299561042168254}, "datetime": {"datetime": "2021-09-20 16:08:23", "elapsed": 3909.230191, "delta": 9.126002}}
{"target": -4.302464673022928, "params": {"C": 156.33566919234613, "epsilon": 1.0375253197791852, "gamma": 0.06317366331833275, "lamda": 0.03377153894816996}, "datetime": {"datetime": "2021-09-20 16:08:34", "elapsed": 3919.499201, "delta": 10.26901}}
{"target": -4.497970293478171, "params": {"C": 187.08524001157775, "epsilon": 2.4908616418865113, "gamma": 0.08689644395735703, "lamda": 0.005796392554878001}, "datetime": {"datetime": "2021-09-20 16:08:45", "elapsed": 3930.546801, "delta": 11.0476}}
{"target": -4.787218625829829, "params": {"C": 183.918848612566, "epsilon": 2.0524683069281173, "gamma": 0.06923633801936717, "lamda": 0.021615168353282612}, "datetime": {"datetime": "2021-09-20 16:09:02", "elapsed": 3948.034622, "delta": 17.487821}}
{"target": -3.7509996004115527, "params": {"C": 159.24914827754148, "epsilon": 3.389499219894386, "gamma": 0.09930359157220342, "lamda": 0.09180526435995501}, "datetime": {"datetime": "2021-09-20 16:09:12", "elapsed": 3958.481062, "delta": 10.44644}}
{"target": -4.713311020149502, "params": {"C": 167.36847101864063, "epsilon": 3.138480352390146, "gamma": 0.08185818362805723, "lamda": 0.08256202776781409}, "datetime": {"datetime": "2021-09-20 16:09:22", "elapsed": 3968.215237, "delta": 9.734175}}
{"target": -3.1359658599720115, "params": {"C": 174.1863475594453, "epsilon": 2.392609089333663, "gamma": 0.09149053790097046, "lamda": 0.014522291094797572}, "datetime": {"datetime": "2021-09-20 16:09:33", "elapsed": 3978.737936, "delta": 10.522699}}
{"target": -4.183837438092294, "params": {"C": 176.85035584202703, "epsilon": 1.5146547189450448, "gamma": 0.0841722737467549, "lamda": 0.09608623898551505}, "datetime": {"datetime": "2021-09-20 16:09:44", "elapsed": 3990.256862, "delta": 11.518926}}
{"target": -4.6531281435896235, "params": {"C": 169.64114724984813, "epsilon": 1.6204541519311364, "gamma": 0.09162547974358395, "lamda": 0.06628244791311551}, "datetime": {"datetime": "2021-09-20 16:09:56", "elapsed": 4001.940928, "delta": 11.684066}}
{"target": -4.962183190011736, "params": {"C": 169.69420039276883, "epsilon": 2.780703789062586, "gamma": 0.07616006436217516, "lamda": 0.0179307496535716}, "datetime": {"datetime": "2021-09-20 16:10:06", "elapsed": 4012.355848, "delta": 10.41492}}
{"target": -5.045377066234857, "params": {"C": 172.5321634336067, "epsilon": 1.3909240193733088, "gamma": 0.06871875720244672, "lamda": 0.0929486061554618}, "datetime": {"datetime": "2021-09-20 16:10:14", "elapsed": 4020.048615, "delta": 7.692767}}
{"target": -4.33505919459849, "params": {"C": 184.48196995397788, "epsilon": 2.4273778912438138, "gamma": 0.0898662988849202, "lamda": 0.05648725086828694}, "datetime": {"datetime": "2021-09-20 16:10:25", "elapsed": 4031.283588, "delta": 11.234973}}
{"target": -3.489072377266404, "params": {"C": 185.02665363097515, "epsilon": 3.727794491459393, "gamma": 0.09450466778020888, "lamda": 0.020906976463119523}, "datetime": {"datetime": "2021-09-20 16:10:37", "elapsed": 4042.748702, "delta": 11.465114}}
{"target": 0.8985477791579238, "params": {"C": 163.15695119619372, "epsilon": 0.3607122954118738, "gamma": 0.09914691220633388, "lamda": 0.02745648937273568}, "datetime": {"datetime": "2021-09-20 16:10:37", "elapsed": 4043.263802, "delta": 0.5151}}
{"target": -4.804272934702554, "params": {"C": 183.02991779642994, "epsilon": 0.4313523397956511, "gamma": 0.06843083768348075, "lamda": 0.05276831643424843}, "datetime": {"datetime": "2021-09-20 16:10:48", "elapsed": 4054.328464, "delta": 11.064662}}
{"target": -4.4064216500342575, "params": {"C": 155.24768341649641, "epsilon": 1.6043837385633195, "gamma": 0.08151950880558724, "lamda": 0.037224397564084494}, "datetime": {"datetime": "2021-09-20 16:11:00", "elapsed": 4066.31695, "delta": 11.988486}}
{"target": -5.04512789400838, "params": {"C": 177.79501055632878, "epsilon": 2.184131822014459, "gamma": 0.07562441994947623, "lamda": 0.07114565789460478}, "datetime": {"datetime": "2021-09-20 16:11:17", "elapsed": 4083.068577, "delta": 16.751627}}
{"target": -4.5958694777370885, "params": {"C": 183.9241226998962, "epsilon": 2.774228345547608, "gamma": 0.08245965035197497, "lamda": 0.0390175918312289}, "datetime": {"datetime": "2021-09-20 16:11:27", "elapsed": 4093.398892, "delta": 10.330315}}
{"target": -4.483938000404166, "params": {"C": 180.65561676835063, "epsilon": 3.748086165104143, "gamma": 0.08387554099783892, "lamda": 0.0980610665641454}, "datetime": {"datetime": "2021-09-20 16:11:39", "elapsed": 4105.087811, "delta": 11.688919}}
{"target": -5.114194276490335, "params": {"C": 172.05033102044356, "epsilon": 2.979278893029583, "gamma": 0.061504155145984, "lamda": 0.07764903070504618}, "datetime": {"datetime": "2021-09-20 16:11:50", "elapsed": 4115.648836, "delta": 10.561025}}
{"target": -4.8864383584639866, "params": {"C": 175.91407901634062, "epsilon": 0.1008408092075247, "gamma": 0.07108800419130394, "lamda": 0.05580906208938209}, "datetime": {"datetime": "2021-09-20 16:12:00", "elapsed": 4126.418273, "delta": 10.769437}}
{"target": -4.44011098362087, "params": {"C": 188.39814391406557, "epsilon": 0.28812297417389837, "gamma": 0.0819621377540208, "lamda": 0.08109448280084383}, "datetime": {"datetime": "2021-09-20 16:12:12", "elapsed": 4138.183436, "delta": 11.765163}}
{"target": -5.146987323969506, "params": {"C": 182.47915274392395, "epsilon": 3.7312722987722102, "gamma": 0.06298925780059045, "lamda": 0.031296613947055726}, "datetime": {"datetime": "2021-09-20 16:12:25", "elapsed": 4151.484146, "delta": 13.30071}}
{"target": -3.9268355581589844, "params": {"C": 195.96187521280862, "epsilon": 3.0788201813287204, "gamma": 0.08398961377888395, "lamda": 0.0841319736645217}, "datetime": {"datetime": "2021-09-20 16:12:37", "elapsed": 4163.064341, "delta": 11.580195}}
{"target": -3.3986782107629496, "params": {"C": 194.8021745787501, "epsilon": 3.8930637831830737, "gamma": 0.09994082028359225, "lamda": 0.01826668669998983}, "datetime": {"datetime": "2021-09-20 16:12:50", "elapsed": 4176.426663, "delta": 13.362322}}
{"target": -4.9303469366498955, "params": {"C": 153.52710223718495, "epsilon": 0.3679892850916835, "gamma": 0.06058975163599788, "lamda": 0.09732290693290298}, "datetime": {"datetime": "2021-09-20 16:13:02", "elapsed": 4187.700596, "delta": 11.273933}}
{"target": -4.676894468901896, "params": {"C": 154.73834582286145, "epsilon": 3.3796083586485306, "gamma": 0.08740691987630798, "lamda": 0.05131793091087722}, "datetime": {"datetime": "2021-09-20 16:13:13", "elapsed": 4199.35023, "delta": 11.649634}}
{"target": -4.6268575350922685, "params": {"C": 167.3347440679289, "epsilon": 1.46629932530266, "gamma": 0.07015355529388749, "lamda": 0.09154670750136952}, "datetime": {"datetime": "2021-09-20 16:13:25", "elapsed": 4211.110542, "delta": 11.760312}}
{"target": -4.445924484811716, "params": {"C": 186.28212727474346, "epsilon": 0.1816291077143379, "gamma": 0.07846085012988459, "lamda": 0.031723620890997076}, "datetime": {"datetime": "2021-09-20 16:13:37", "elapsed": 4222.985555, "delta": 11.875013}}
{"target": -4.601051907484309, "params": {"C": 151.44830930889492, "epsilon": 3.547953025692434, "gamma": 0.0908402143181873, "lamda": 0.03632483252820479}, "datetime": {"datetime": "2021-09-20 16:13:48", "elapsed": 4233.863602, "delta": 10.878047}}
{"target": -4.865415920817419, "params": {"C": 189.82792937683556, "epsilon": 1.3525822230357467, "gamma": 0.07231529775270587, "lamda": 0.09317036245756899}, "datetime": {"datetime": "2021-09-20 16:14:00", "elapsed": 4245.539829, "delta": 11.676227}}
{"target": -4.1054454917786565, "params": {"C": 198.84580809729252, "epsilon": 2.13233679449022, "gamma": 0.098077406702717, "lamda": 0.08935966692301414}, "datetime": {"datetime": "2021-09-20 16:14:13", "elapsed": 4259.252732, "delta": 13.712903}}
{"target": -4.640491618007804, "params": {"C": 175.90162807972044, "epsilon": 1.5411753042221437, "gamma": 0.08841418313278437, "lamda": 0.04828612534099513}, "datetime": {"datetime": "2021-09-20 16:14:24", "elapsed": 4270.161809, "delta": 10.909077}}
{"target": -4.7995341126056905, "params": {"C": 180.26064475616064, "epsilon": 3.962392291808591, "gamma": 0.09095664999825874, "lamda": 0.036756258474413495}, "datetime": {"datetime": "2021-09-20 16:14:36", "elapsed": 4281.510285, "delta": 11.348476}}
{"target": -4.456774705205457, "params": {"C": 154.4499110411189, "epsilon": 0.8048299138913607, "gamma": 0.08107407503567338, "lamda": 0.04462472972015151}, "datetime": {"datetime": "2021-09-20 16:14:47", "elapsed": 4292.643265, "delta": 11.13298}}
{"target": -6.244354327040629, "params": {"C": 190.032982906462, "epsilon": 3.7381531656917923, "gamma": 0.06711458991805394, "lamda": 0.08670634323324054}, "datetime": {"datetime": "2021-09-20 16:15:04", "elapsed": 4309.650826, "delta": 17.007561}}
{"target": -5.407988981141913, "params": {"C": 197.86974631633345, "epsilon": 3.841124778851146, "gamma": 0.061514503508817216, "lamda": 0.010470433032776503}, "datetime": {"datetime": "2021-09-20 16:15:21", "elapsed": 4327.033305, "delta": 17.382479}}
{"target": -4.67465895519524, "params": {"C": 150.28986964588444, "epsilon": 1.3057101321294677, "gamma": 0.06222793650848418, "lamda": 0.032916936119701694}, "datetime": {"datetime": "2021-09-20 16:15:31", "elapsed": 4336.7853, "delta": 9.751995}}
{"target": -4.672254204111044, "params": {"C": 167.80082430155932, "epsilon": 3.8184139124177734, "gamma": 0.07907803689947113, "lamda": 0.03143265203002638}, "datetime": {"datetime": "2021-09-20 16:15:41", "elapsed": 4346.903305, "delta": 10.118005}}
{"target": -5.099795419412949, "params": {"C": 175.15025975254773, "epsilon": 2.6019630646246115, "gamma": 0.0644498269026974, "lamda": 0.07701585752264532}, "datetime": {"datetime": "2021-09-20 16:15:58", "elapsed": 4364.242232, "delta": 17.338927}}
{"target": -4.256886457205316, "params": {"C": 192.59728856436476, "epsilon": 3.389459449512159, "gamma": 0.0956202732964836, "lamda": 0.041275027691797306}, "datetime": {"datetime": "2021-09-20 16:16:10", "elapsed": 4375.821825, "delta": 11.579593}}
{"target": -4.446948287581779, "params": {"C": 172.19025991832592, "epsilon": 0.4781993857089714, "gamma": 0.0690322768972494, "lamda": 0.09727544458095505}, "datetime": {"datetime": "2021-09-20 16:16:21", "elapsed": 4386.783059, "delta": 10.961234}}
{"target": -4.029226403326212, "params": {"C": 164.23119844843677, "epsilon": 3.6369928775847096, "gamma": 0.09562209145513245, "lamda": 0.09263792723973738}, "datetime": {"datetime": "2021-09-20 16:16:32", "elapsed": 4398.42475, "delta": 11.641691}}
{"target": -4.367577416265488, "params": {"C": 157.80747822203975, "epsilon": 3.528510802525413, "gamma": 0.08527979801852549, "lamda": 0.025009676949786234}, "datetime": {"datetime": "2021-09-20 16:16:44", "elapsed": 4409.665556, "delta": 11.240806}}
{"target": -4.32512770471746, "params": {"C": 167.25579573900407, "epsilon": 0.7068816512699901, "gamma": 0.07777392629784509, "lamda": 0.012958620615318748}, "datetime": {"datetime": "2021-09-20 16:16:54", "elapsed": 4419.973577, "delta": 10.308021}}
{"target": -4.809537690599639, "params": {"C": 158.26592452401198, "epsilon": 0.8530096781493435, "gamma": 0.08764109366226817, "lamda": 0.059511272570708526}, "datetime": {"datetime": "2021-09-20 16:17:05", "elapsed": 4431.167651, "delta": 11.194074}}
{"target": 0.898435176121712, "params": {"C": 193.6661567018366, "epsilon": 1.0389655376192957, "gamma": 0.08518431826875653, "lamda": 0.008270970204174083}, "datetime": {"datetime": "2021-09-20 16:17:06", "elapsed": 4431.610651, "delta": 0.443}}
{"target": -3.0032291920619043, "params": {"C": 175.80992305385345, "epsilon": 3.46384780831829, "gamma": 0.09936506175539668, "lamda": 0.0059379326590972585}, "datetime": {"datetime": "2021-09-20 16:17:17", "elapsed": 4442.804237, "delta": 11.193586}}
{"target": 0.896094283760035, "params": {"C": 162.64207410384074, "epsilon": 0.9574907076838993, "gamma": 0.06190150376911042, "lamda": 0.005966383344868687}, "datetime": {"datetime": "2021-09-20 16:17:17", "elapsed": 4443.242456, "delta": 0.438219}}
{"target": -4.546967129761569, "params": {"C": 174.5097656122116, "epsilon": 0.2582900110275528, "gamma": 0.07113312523387608, "lamda": 0.06579758406534666}, "datetime": {"datetime": "2021-09-20 16:17:28", "elapsed": 4453.734062, "delta": 10.491606}}
{"target": -3.786726800712059, "params": {"C": 164.7346020780452, "epsilon": 1.1370464285434816, "gamma": 0.08362186088974269, "lamda": 0.0411507373349158}, "datetime": {"datetime": "2021-09-20 16:17:39", "elapsed": 4465.085727, "delta": 11.351665}}
{"target": -3.9145582480975856, "params": {"C": 185.12615169807003, "epsilon": 2.0248058888994556, "gamma": 0.0853283706322591, "lamda": 0.03857246296515479}, "datetime": {"datetime": "2021-09-20 16:17:51", "elapsed": 4476.625944, "delta": 11.540217}}
{"target": -3.378053839711849, "params": {"C": 164.35219730777544, "epsilon": 0.6021718859043196, "gamma": 0.09748321539195857, "lamda": 0.0814594053715005}, "datetime": {"datetime": "2021-09-20 16:18:02", "elapsed": 4487.871597, "delta": 11.245653}}
{"target": -4.081575440589047, "params": {"C": 196.90142715781764, "epsilon": 0.806691656619385, "gamma": 0.09732623051292902, "lamda": 0.09389655473075265}, "datetime": {"datetime": "2021-09-20 16:18:13", "elapsed": 4498.769222, "delta": 10.897625}}
{"target": -4.335116004236424, "params": {"C": 164.17722568018272, "epsilon": 1.1565662538215429, "gamma": 0.0820572629469349, "lamda": 0.022602477740012474}, "datetime": {"datetime": "2021-09-20 16:18:25", "elapsed": 4510.715253, "delta": 11.946031}}
{"target": -3.188488310567455, "params": {"C": 172.10505553133828, "epsilon": 0.8064451720757229, "gamma": 0.09789503671815838, "lamda": 0.051913342461653134}, "datetime": {"datetime": "2021-09-20 16:18:36", "elapsed": 4521.709974, "delta": 10.994721}}
{"target": -4.693844375884357, "params": {"C": 198.19588837119989, "epsilon": 2.6081713562478703, "gamma": 0.07937263092129543, "lamda": 0.09693104836631376}, "datetime": {"datetime": "2021-09-20 16:18:46", "elapsed": 4532.368957, "delta": 10.658983}}
{"target": -3.844721281679316, "params": {"C": 157.15948908543814, "epsilon": 2.5587331086926666, "gamma": 0.08647553471347191, "lamda": 0.046214783579508964}, "datetime": {"datetime": "2021-09-20 16:18:57", "elapsed": 4543.402439, "delta": 11.033482}}
{"target": -4.8929318347471575, "params": {"C": 152.96786126694786, "epsilon": 2.0114725965708504, "gamma": 0.07860535774072311, "lamda": 0.08164094702361205}, "datetime": {"datetime": "2021-09-20 16:19:19", "elapsed": 4564.771748, "delta": 21.369309}}
{"target": -4.969683913209791, "params": {"C": 162.8330494976488, "epsilon": 1.614407022898333, "gamma": 0.06960688828885508, "lamda": 0.07021212444137459}, "datetime": {"datetime": "2021-09-20 16:19:29", "elapsed": 4574.759717, "delta": 9.987969}}
{"target": -4.062592747564374, "params": {"C": 199.49417266685577, "epsilon": 0.7755237845235866, "gamma": 0.0928578696090519, "lamda": 0.026943913131755166}, "datetime": {"datetime": "2021-09-20 16:19:40", "elapsed": 4585.503889, "delta": 10.744172}}
{"target": -3.478237346843776, "params": {"C": 152.89879066863836, "epsilon": 0.6241607507390405, "gamma": 0.09740612462169555, "lamda": 0.08941149981884167}, "datetime": {"datetime": "2021-09-20 16:19:51", "elapsed": 4596.86715, "delta": 11.363261}}
