{"target": 0.7459767777065551, "params": {"C": 19.34801406648238, "epsilon": 6.993264742337892, "gamma": 0.586497017404571, "lamda": 0.12998467575209577}, "datetime": {"datetime": "2021-07-03 14:56:24", "elapsed": 408.140165, "delta": 1.498995}}
{"target": 0.5341492412586581, "params": {"C": 16.535666922997425, "epsilon": 9.0164006603471, "gamma": 1.1898293626833938, "lamda": 0.1}, "datetime": {"datetime": "2021-07-03 14:56:25", "elapsed": 410.001192, "delta": 1.861027}}
{"target": 0.4044712731499154, "params": {"C": 12.0, "epsilon": 1.0, "gamma": 1.5692626900104822, "lamda": 0.1}, "datetime": {"datetime": "2021-07-03 14:56:27", "elapsed": 411.571995, "delta": 1.570803}}
{"target": 0.34857291527576484, "params": {"C": 12.0, "epsilon": 10.0, "gamma": 2.0, "lamda": 0.1}, "datetime": {"datetime": "2021-07-03 14:56:29", "elapsed": 413.074978, "delta": 1.502983}}
{"target": 0.4903422672992519, "params": {"C": 17.561695461215223, "epsilon": 1.5592064997705308, "gamma": 1.4053518575206212, "lamda": 0.1}, "datetime": {"datetime": "2021-07-03 14:56:30", "elapsed": 414.562014, "delta": 1.487036}}
{"target": 0.5153861295814541, "params": {"C": 16.69694982563529, "epsilon": 6.935670471431954, "gamma": 1.2759128665169872, "lamda": 0.1}, "datetime": {"datetime": "2021-07-03 14:56:31", "elapsed": 415.99019, "delta": 1.428176}}
{"target": 0.5598190878521475, "params": {"C": 20.0, "epsilon": 10.0, "gamma": 1.205891624921699, "lamda": 0.1}, "datetime": {"datetime": "2021-07-03 14:56:34", "elapsed": 418.330937, "delta": 2.340747}}
{"target": 0.5426936897582764, "params": {"C": 20.0, "epsilon": 5.04202895628013, "gamma": 1.2776801893998904, "lamda": 0.1}, "datetime": {"datetime": "2021-07-03 14:56:35", "elapsed": 420.002468, "delta": 1.671531}}
{"target": 0.3472141808142527, "params": {"C": 12.0, "epsilon": 8.094773391546294, "gamma": 2.0, "lamda": 0.1}, "datetime": {"datetime": "2021-07-03 14:56:37", "elapsed": 421.436636, "delta": 1.434168}}
{"target": 0.5380581890667986, "params": {"C": 16.195732027939066, "epsilon": 5.870210100761402, "gamma": 1.1579419763665042, "lamda": 0.1}, "datetime": {"datetime": "2021-07-03 14:56:38", "elapsed": 422.677321, "delta": 1.240685}}
{"target": -5.286986690964584, "params": {"C": 20.0, "epsilon": 6.7974746160902395, "gamma": 0.05, "lamda": 0.1}, "datetime": {"datetime": "2021-07-03 14:56:46", "elapsed": 430.41664, "delta": 7.739319}}
{"target": 0.7380117843096912, "params": {"C": 19.37812128168172, "epsilon": 7.670000929961989, "gamma": 0.6090812189741872, "lamda": 0.13992923809822325}, "datetime": {"datetime": "2021-07-03 14:56:47", "elapsed": 431.809917, "delta": 1.393277}}
{"target": 0.7464592978307679, "params": {"C": 20.0, "epsilon": 7.778238995737903, "gamma": 0.5950172071879753, "lamda": 0.5905825893784878}, "datetime": {"datetime": "2021-07-03 14:56:49", "elapsed": 433.068554, "delta": 1.258637}}
{"target": 0.515745488393194, "params": {"C": 14.104537199004332, "epsilon": 1.0, "gamma": 1.1466591605756344, "lamda": 1.0}, "datetime": {"datetime": "2021-07-03 14:56:50", "elapsed": 435.005379, "delta": 1.936825}}
{"target": 0.4524373723138192, "params": {"C": 15.238018457817686, "epsilon": 2.1901822225478074, "gamma": 1.49540268976985, "lamda": 1.0}, "datetime": {"datetime": "2021-07-03 14:56:52", "elapsed": 436.405637, "delta": 1.400258}}
{"target": 0.36973079668461395, "params": {"C": 14.50053102090102, "epsilon": 4.32100688053592, "gamma": 2.0, "lamda": 1.0}, "datetime": {"datetime": "2021-07-03 14:56:53", "elapsed": 437.776974, "delta": 1.371337}}
{"target": 0.49236280601120874, "params": {"C": 15.361965804342768, "epsilon": 9.033076959414165, "gamma": 1.3272441008502602, "lamda": 0.1}, "datetime": {"datetime": "2021-07-03 14:56:55", "elapsed": 439.180224, "delta": 1.40325}}
{"target": 0.4021839255198484, "params": {"C": 19.0372153837677, "epsilon": 3.8195579744048582, "gamma": 2.0, "lamda": 0.1}, "datetime": {"datetime": "2021-07-03 14:56:56", "elapsed": 440.746045, "delta": 1.565821}}
{"target": 0.8657460633115606, "params": {"C": 17.135164694572097, "epsilon": 1.0, "gamma": 0.05, "lamda": 0.1}, "datetime": {"datetime": "2021-07-03 14:56:57", "elapsed": 442.017642, "delta": 1.271597}}
{"target": 0.35793047763270636, "params": {"C": 13.74707548822198, "epsilon": 1.0, "gamma": 2.0, "lamda": 0.1}, "datetime": {"datetime": "2021-07-03 14:56:59", "elapsed": 443.364043, "delta": 1.346401}}
{"target": 0.4627917128392085, "params": {"C": 18.424201783805326, "epsilon": 5.627091661111206, "gamma": 1.6045362212254217, "lamda": 0.1}, "datetime": {"datetime": "2021-07-03 14:57:02", "elapsed": 446.361036, "delta": 2.996993}}
{"target": 0.8649624126553981, "params": {"C": 16.66917311365158, "epsilon": 1.7869271256810555, "gamma": 0.05, "lamda": 0.1}, "datetime": {"datetime": "2021-07-03 14:57:03", "elapsed": 447.888953, "delta": 1.527917}}
{"target": 0.6745335350174766, "params": {"C": 19.315947456061238, "epsilon": 5.149710136561041, "gamma": 0.7844294880765293, "lamda": 0.1}, "datetime": {"datetime": "2021-07-03 14:57:05", "elapsed": 449.586419, "delta": 1.697466}}
{"target": 0.365991084947903, "params": {"C": 14.194183398903979, "epsilon": 3.3907548551592734, "gamma": 2.0, "lamda": 0.1}, "datetime": {"datetime": "2021-07-03 14:57:06", "elapsed": 450.99665, "delta": 1.410231}}
{"target": 0.5030438314841694, "params": {"C": 15.926551453565386, "epsilon": 4.606864986362148, "gamma": 1.2928309403366558, "lamda": 0.13117142083070607}, "datetime": {"datetime": "2021-07-03 14:57:08", "elapsed": 452.336071, "delta": 1.339421}}
{"target": 0.45693116104737863, "params": {"C": 15.795755273436543, "epsilon": 5.212618338280474, "gamma": 1.5174880285590984, "lamda": 1.0}, "datetime": {"datetime": "2021-07-03 14:57:09", "elapsed": 453.646569, "delta": 1.310498}}
{"target": 0.4968596753005332, "params": {"C": 15.52970461971015, "epsilon": 3.349718483926403, "gamma": 1.2981494189557803, "lamda": 1.0}, "datetime": {"datetime": "2021-07-03 14:57:10", "elapsed": 454.88825, "delta": 1.241681}}
{"target": 0.49343729179323104, "params": {"C": 16.766124994915188, "epsilon": 5.05513353283994, "gamma": 1.377878911086507, "lamda": 0.1}, "datetime": {"datetime": "2021-07-03 14:57:12", "elapsed": 456.183788, "delta": 1.295538}}
{"target": 0.45655066142133394, "params": {"C": 13.630282830476071, "epsilon": 2.12829427195183, "gamma": 1.389222378350139, "lamda": 1.0}, "datetime": {"datetime": "2021-07-03 14:57:14", "elapsed": 458.128592, "delta": 1.944804}}
{"target": 0.3972426534217558, "params": {"C": 17.762341277358964, "epsilon": 10.0, "gamma": 2.0, "lamda": 0.1}, "datetime": {"datetime": "2021-07-03 14:57:15", "elapsed": 459.417147, "delta": 1.288555}}
{"target": 0.44849527838678593, "params": {"C": 18.76239864096716, "epsilon": 8.481421900273727, "gamma": 1.704835642017683, "lamda": 0.1}, "datetime": {"datetime": "2021-07-03 14:57:16", "elapsed": 460.804448, "delta": 1.387301}}
{"target": 0.7204524858576364, "params": {"C": 18.464646350852775, "epsilon": 3.197423016267335, "gamma": 0.6413712860033591, "lamda": 0.1}, "datetime": {"datetime": "2021-07-03 14:57:18", "elapsed": 462.356325, "delta": 1.551877}}
{"target": 0.545326223165624, "params": {"C": 19.312145770888538, "epsilon": 3.7099125632122667, "gamma": 1.2394924425871359, "lamda": 0.18639725716639743}, "datetime": {"datetime": "2021-07-03 14:57:19", "elapsed": 463.823405, "delta": 1.46708}}
{"target": 0.37690151487041446, "params": {"C": 15.06067330591955, "epsilon": 7.246116738304909, "gamma": 2.0, "lamda": 1.0}, "datetime": {"datetime": "2021-07-03 14:57:21", "elapsed": 465.936758, "delta": 2.113353}}
{"target": 0.6617947199839036, "params": {"C": 12.70345587781922, "epsilon": 4.174156317654005, "gamma": 0.6536495992692697, "lamda": 0.5108976117221411}, "datetime": {"datetime": "2021-07-03 14:57:23", "elapsed": 467.28968, "delta": 1.352922}}
{"target": 0.5325591163863076, "params": {"C": 13.37859100864208, "epsilon": 5.553422410506595, "gamma": 1.063516148781462, "lamda": 1.0}, "datetime": {"datetime": "2021-07-03 14:57:24", "elapsed": 468.628103, "delta": 1.338423}}
{"target": 0.3776181920651053, "params": {"C": 15.826220195302309, "epsilon": 2.6089647304005, "gamma": 2.0, "lamda": 1.0}, "datetime": {"datetime": "2021-07-03 14:57:26", "elapsed": 470.322576, "delta": 1.694473}}
{"target": 0.5304788782342946, "params": {"C": 17.532754514998814, "epsilon": 3.469529753959883, "gamma": 1.2344498427441981, "lamda": 0.1}, "datetime": {"datetime": "2021-07-03 14:57:27", "elapsed": 471.601162, "delta": 1.278586}}
{"target": 0.35241924053066553, "params": {"C": 12.897170866962592, "epsilon": 2.276461069513114, "gamma": 2.0, "lamda": 0.1}, "datetime": {"datetime": "2021-07-03 14:57:29", "elapsed": 473.173957, "delta": 1.572795}}
{"target": 0.40524869660927487, "params": {"C": 19.052301105595124, "epsilon": 7.099675642722134, "gamma": 2.0, "lamda": 1.0}, "datetime": {"datetime": "2021-07-03 14:57:30", "elapsed": 474.933256, "delta": 1.759299}}
{"target": -1.361735236016401, "params": {"C": 12.0, "epsilon": 8.670461827142422, "gamma": 0.6555601823312686, "lamda": 1.0}, "datetime": {"datetime": "2021-07-03 14:57:43", "elapsed": 487.676715, "delta": 12.743459}}
{"target": -4.3942695521260475, "params": {"C": 16.607102276336047, "epsilon": 2.646491732701869, "gamma": 0.09508043290111652, "lamda": 0.17092678635826675}, "datetime": {"datetime": "2021-07-03 14:57:52", "elapsed": 496.48771, "delta": 8.810995}}
{"target": 0.8643074810623032, "params": {"C": 16.317788379561698, "epsilon": 1.3158752806077698, "gamma": 0.05, "lamda": 0.1}, "datetime": {"datetime": "2021-07-03 14:57:54", "elapsed": 498.154254, "delta": 1.666544}}
{"target": 0.8464529213096236, "params": {"C": 15.800382467522805, "epsilon": 2.0077150689864385, "gamma": 0.20390482908905017, "lamda": 0.16183045947434896}, "datetime": {"datetime": "2021-07-03 14:57:55", "elapsed": 499.650257, "delta": 1.496003}}
{"target": 0.46526013929005106, "params": {"C": 16.005061652646877, "epsilon": 3.3697151031690624, "gamma": 1.473522726351986, "lamda": 0.1}, "datetime": {"datetime": "2021-07-03 14:57:57", "elapsed": 501.26594, "delta": 1.615683}}
{"target": 0.4731567702019598, "params": {"C": 20.0, "epsilon": 3.4587969219949004, "gamma": 1.6058768286492644, "lamda": 1.0}, "datetime": {"datetime": "2021-07-03 14:57:58", "elapsed": 502.878631, "delta": 1.612691}}
{"target": 0.868535004125413, "params": {"C": 15.398159201182793, "epsilon": 2.5692945983843942, "gamma": 0.11090822038386794, "lamda": 0.1957496026279376}, "datetime": {"datetime": "2021-07-03 14:58:00", "elapsed": 504.795509, "delta": 1.916878}}
{"target": 0.6353635191398971, "params": {"C": 19.439215539847513, "epsilon": 1.0, "gamma": 0.9011712582779633, "lamda": 0.5817877951594239}, "datetime": {"datetime": "2021-07-03 14:58:03", "elapsed": 507.975014, "delta": 3.179505}}
{"target": 0.4639797891455929, "params": {"C": 13.119390577135304, "epsilon": 6.176458353912247, "gamma": 1.3438360412559953, "lamda": 0.1}, "datetime": {"datetime": "2021-07-03 14:58:05", "elapsed": 509.714366, "delta": 1.739352}}
{"target": 0.8580036879855957, "params": {"C": 13.614336825158082, "epsilon": 4.065548405076212, "gamma": 0.05, "lamda": 0.1}, "datetime": {"datetime": "2021-07-03 14:58:07", "elapsed": 511.121605, "delta": 1.407239}}
{"target": 0.3562082482987129, "params": {"C": 12.813003814613966, "epsilon": 5.857665760982274, "gamma": 2.0, "lamda": 0.1}, "datetime": {"datetime": "2021-07-03 14:58:08", "elapsed": 512.630573, "delta": 1.508968}}
{"target": 0.38952293928363957, "params": {"C": 14.77339297645095, "epsilon": 9.171975193459332, "gamma": 1.8921729323628018, "lamda": 0.9354423620101594}, "datetime": {"datetime": "2021-07-03 14:58:09", "elapsed": 513.969995, "delta": 1.339422}}
{"target": -5.365275754215384, "params": {"C": 15.451075827000336, "epsilon": 10.0, "gamma": 0.05, "lamda": 0.1}, "datetime": {"datetime": "2021-07-03 14:58:20", "elapsed": 524.87885, "delta": 10.908855}}
{"target": 0.4834985193528337, "params": {"C": 12.0, "epsilon": 4.005598011459489, "gamma": 1.1913006987504071, "lamda": 1.0}, "datetime": {"datetime": "2021-07-03 14:58:22", "elapsed": 526.556361, "delta": 1.677511}}
{"target": 0.34938273127770847, "params": {"C": 12.000292499551257, "epsilon": 1.8782068637461193, "gamma": 1.9357596975043012, "lamda": 0.9686746711385599}, "datetime": {"datetime": "2021-07-03 14:58:24", "elapsed": 528.284743, "delta": 1.728382}}
{"target": 0.46300502320492054, "params": {"C": 12.0, "epsilon": 7.296574171428908, "gamma": 1.290982490669064, "lamda": 1.0}, "datetime": {"datetime": "2021-07-03 14:58:25", "elapsed": 529.768778, "delta": 1.484035}}
{"target": 0.36709530940401514, "params": {"C": 13.993953636494414, "epsilon": 5.727757955861642, "gamma": 2.0, "lamda": 1.0}, "datetime": {"datetime": "2021-07-03 14:58:27", "elapsed": 531.250818, "delta": 1.48204}}
{"target": 0.8536634233102578, "params": {"C": 12.0, "epsilon": 1.0, "gamma": 0.05, "lamda": 0.1}, "datetime": {"datetime": "2021-07-03 14:58:28", "elapsed": 532.755796, "delta": 1.504978}}
{"target": 0.5329370470357926, "params": {"C": 16.8645122642339, "epsilon": 7.657884014519228, "gamma": 1.2065126972570923, "lamda": 1.0}, "datetime": {"datetime": "2021-07-03 14:58:30", "elapsed": 534.235842, "delta": 1.480046}}
{"target": 0.4471268369342003, "params": {"C": 12.874331523613396, "epsilon": 9.256452094598439, "gamma": 1.4252474715538048, "lamda": 0.5549525635650269}, "datetime": {"datetime": "2021-07-03 14:58:31", "elapsed": 535.902388, "delta": 1.666546}}
{"target": 0.5146541137363474, "params": {"C": 18.51307746426644, "epsilon": 6.738314308067875, "gamma": 1.351413423269549, "lamda": 0.48678606597216467}, "datetime": {"datetime": "2021-07-03 14:58:33", "elapsed": 537.421337, "delta": 1.518949}}
{"target": 0.8309122065100554, "params": {"C": 12.610192408513427, "epsilon": 1.9909795088078763, "gamma": 0.19321862286721797, "lamda": 0.11754988285492912}, "datetime": {"datetime": "2021-07-03 14:58:35", "elapsed": 539.248033, "delta": 1.826696}}
{"target": 0.7396846233726434, "params": {"C": 18.7637617089861, "epsilon": 7.035347881777808, "gamma": 0.594911107147939, "lamda": 0.1}, "datetime": {"datetime": "2021-07-03 14:58:36", "elapsed": 540.730068, "delta": 1.482035}}
{"target": 0.3770738138092471, "params": {"C": 14.95732348311993, "epsilon": 10.0, "gamma": 2.0, "lamda": 0.4692321466271079}, "datetime": {"datetime": "2021-07-03 14:58:38", "elapsed": 542.668888, "delta": 1.93882}}
{"target": -1.2324888126700286, "params": {"C": 16.411321701478837, "epsilon": 9.099551705714834, "gamma": 1.380050754460493, "lamda": 1.0}, "datetime": {"datetime": "2021-07-03 14:58:51", "elapsed": 555.414346, "delta": 12.745458}}
{"target": 0.5081541726567587, "params": {"C": 14.194892733629105, "epsilon": 4.230776944403982, "gamma": 1.1930767856991837, "lamda": 0.1}, "datetime": {"datetime": "2021-07-03 14:58:53", "elapsed": 557.878763, "delta": 2.464417}}
{"target": 0.7901075087457055, "params": {"C": 16.77620731204778, "epsilon": 1.4241850466316648, "gamma": 0.4221358217320917, "lamda": 0.571442376816249}, "datetime": {"datetime": "2021-07-03 14:58:55", "elapsed": 559.779682, "delta": 1.900919}}
{"target": 0.4963444091440198, "params": {"C": 16.473010568837687, "epsilon": 1.6596880590109908, "gamma": 1.3330330165151778, "lamda": 0.4677815183525586}, "datetime": {"datetime": "2021-07-03 14:58:57", "elapsed": 561.391921, "delta": 1.612239}}
{"target": 0.57123982796379, "params": {"C": 17.52782119946619, "epsilon": 1.0, "gamma": 1.0658910763197416, "lamda": 1.0}, "datetime": {"datetime": "2021-07-03 14:58:59", "elapsed": 563.107338, "delta": 1.715417}}
{"target": 0.5026886332763544, "params": {"C": 12.0, "epsilon": 2.5318202744644718, "gamma": 1.1090286115642807, "lamda": 0.1}, "datetime": {"datetime": "2021-07-03 14:59:00", "elapsed": 564.47568, "delta": 1.368342}}
{"target": 0.37938327850254694, "params": {"C": 15.26843808150599, "epsilon": 9.295112390399886, "gamma": 2.0, "lamda": 0.1}, "datetime": {"datetime": "2021-07-03 14:59:02", "elapsed": 566.050473, "delta": 1.574793}}
{"target": 0.857492391268987, "params": {"C": 13.444448716323322, "epsilon": 1.44353195489596, "gamma": 0.05, "lamda": 0.1}, "datetime": {"datetime": "2021-07-03 14:59:06", "elapsed": 570.33303, "delta": 4.282557}}
{"target": 0.40080183637432876, "params": {"C": 18.37825368292113, "epsilon": 7.24996797042946, "gamma": 2.0, "lamda": 0.1}, "datetime": {"datetime": "2021-07-03 14:59:08", "elapsed": 572.451369, "delta": 2.118339}}
{"target": 0.4815910488948173, "params": {"C": 19.35571344614958, "epsilon": 10.0, "gamma": 1.5453589707570303, "lamda": 0.1}, "datetime": {"datetime": "2021-07-03 14:59:10", "elapsed": 574.247571, "delta": 1.796202}}
{"target": 0.7798977685151752, "params": {"C": 19.907545695247194, "epsilon": 7.677227130300553, "gamma": 0.49934783725048876, "lamda": 0.14700248462516777}, "datetime": {"datetime": "2021-07-03 14:59:11", "elapsed": 575.986922, "delta": 1.739351}}
{"target": 0.507494773699227, "params": {"C": 17.782384811715634, "epsilon": 2.923499667612984, "gamma": 1.3418738447146885, "lamda": 1.0}, "datetime": {"datetime": "2021-07-03 14:59:15", "elapsed": 579.313035, "delta": 3.326113}}
{"target": 0.7013056470229031, "params": {"C": 18.5782782224022, "epsilon": 4.647299699606767, "gamma": 0.6954430568392136, "lamda": 1.0}, "datetime": {"datetime": "2021-07-03 14:59:17", "elapsed": 581.536095, "delta": 2.22306}}
{"target": 0.687682820412242, "params": {"C": 18.435715237365155, "epsilon": 3.9524068276638045, "gamma": 0.72935381285227, "lamda": 0.1}, "datetime": {"datetime": "2021-07-03 14:59:19", "elapsed": 583.756171, "delta": 2.220076}}
{"target": 0.8754287885172455, "params": {"C": 19.18581835213855, "epsilon": 7.196913023492943, "gamma": 0.13692086474742649, "lamda": 0.10104453632073107}, "datetime": {"datetime": "2021-07-03 14:59:21", "elapsed": 585.775765, "delta": 2.019594}}
{"target": 0.3946070698701106, "params": {"C": 17.908490377150798, "epsilon": 3.8440611899626513, "gamma": 2.0, "lamda": 0.1}, "datetime": {"datetime": "2021-07-03 14:59:24", "elapsed": 588.829604, "delta": 3.053839}}
{"target": 0.3925662594714966, "params": {"C": 17.07096439933355, "epsilon": 8.912914487574309, "gamma": 2.0, "lamda": 0.1}, "datetime": {"datetime": "2021-07-03 14:59:27", "elapsed": 591.450755, "delta": 2.621151}}
{"target": 0.5910538538249706, "params": {"C": 18.667220342999176, "epsilon": 2.5461190400856424, "gamma": 1.0359998381124342, "lamda": 0.1}, "datetime": {"datetime": "2021-07-03 14:59:30", "elapsed": 594.039792, "delta": 2.589037}}
{"target": 0.4968034817875385, "params": {"C": 14.205830903661306, "epsilon": 5.451599010360086, "gamma": 1.2449799191126651, "lamda": 0.1}, "datetime": {"datetime": "2021-07-03 14:59:34", "elapsed": 598.118796, "delta": 4.079004}}
{"target": 0.46906493930326776, "params": {"C": 13.306062483110797, "epsilon": 7.921345787678702, "gamma": 1.3341056363440786, "lamda": 0.5192241930738544}, "datetime": {"datetime": "2021-07-03 14:59:36", "elapsed": 600.069813, "delta": 1.951017}}
{"target": 0.5129323536819563, "params": {"C": 17.00448100547738, "epsilon": 10.0, "gamma": 1.3007354485747844, "lamda": 0.1}, "datetime": {"datetime": "2021-07-03 14:59:37", "elapsed": 601.939842, "delta": 1.870029}}
{"target": 0.3915691169042369, "params": {"C": 17.022451069019066, "epsilon": 7.062357780132359, "gamma": 2.0, "lamda": 1.0}, "datetime": {"datetime": "2021-07-03 14:59:40", "elapsed": 604.072808, "delta": 2.132966}}
{"target": 0.4665262489477059, "params": {"C": 14.00774784680632, "epsilon": 9.323777767514887, "gamma": 1.387344770852459, "lamda": 0.1}, "datetime": {"datetime": "2021-07-03 14:59:41", "elapsed": 605.926005, "delta": 1.853197}}
{"target": 0.7196203179134577, "params": {"C": 16.484251882296878, "epsilon": 1.5791512785961401, "gamma": 0.6063336044704292, "lamda": 0.1087997618516082}, "datetime": {"datetime": "2021-07-03 14:59:43", "elapsed": 607.647416, "delta": 1.721411}}
{"target": 0.4271050452015085, "params": {"C": 16.950509049740397, "epsilon": 3.842847843070572, "gamma": 1.728590178155651, "lamda": 0.7687309635124729}, "datetime": {"datetime": "2021-07-03 14:59:45", "elapsed": 609.226739, "delta": 1.579323}}
{"target": 0.4337810730373035, "params": {"C": 12.406423035947283, "epsilon": 8.164478146154943, "gamma": 1.4691736228663017, "lamda": 1.0}, "datetime": {"datetime": "2021-07-03 14:59:47", "elapsed": 611.186506, "delta": 1.959767}}
{"target": -1.4000247903124916, "params": {"C": 20.0, "epsilon": 10.0, "gamma": 2.0, "lamda": 1.0}, "datetime": {"datetime": "2021-07-03 15:00:11", "elapsed": 635.828868, "delta": 24.642362}}
{"target": 0.541723146216667, "params": {"C": 19.568753425211007, "epsilon": 8.056496053381816, "gamma": 1.2703309543452905, "lamda": 0.61319913022512}, "datetime": {"datetime": "2021-07-03 15:00:14", "elapsed": 638.462887, "delta": 2.634019}}
{"target": 0.4681482468943312, "params": {"C": 16.87566762361978, "epsilon": 2.5626702876150693, "gamma": 1.492657081195224, "lamda": 0.3167330825051677}, "datetime": {"datetime": "2021-07-03 15:00:16", "elapsed": 640.225868, "delta": 1.762981}}
{"target": 0.7777172546701191, "params": {"C": 13.188212128049033, "epsilon": 4.80609919615968, "gamma": 0.3768850222838562, "lamda": 0.1}, "datetime": {"datetime": "2021-07-03 15:00:18", "elapsed": 642.209895, "delta": 1.984027}}
{"target": 0.8032616461919142, "params": {"C": 12.0, "epsilon": 1.6446698187426354, "gamma": 0.26404761489064893, "lamda": 0.1}, "datetime": {"datetime": "2021-07-03 15:00:20", "elapsed": 644.667872, "delta": 2.457977}}
{"target": 0.4106704612545681, "params": {"C": 20.0, "epsilon": 5.7746784788357, "gamma": 2.0, "lamda": 1.0}, "datetime": {"datetime": "2021-07-03 15:00:22", "elapsed": 646.395903, "delta": 1.728031}}
{"target": 0.44474839404178734, "params": {"C": 14.608079072152012, "epsilon": 8.231535054150436, "gamma": 1.5340125540406868, "lamda": 0.1}, "datetime": {"datetime": "2021-07-03 15:00:24", "elapsed": 648.509903, "delta": 2.114}}
