{"target": -5.404617556123662, "params": {"C": 116.22340451517803, "epsilon": 5.227202914282947, "gamma": 0.025189964565538337, "lamda": 0.06458282933078695}, "datetime": {"datetime": "2021-09-19 18:31:56", "elapsed": 1500.006779, "delta": 14.235635}}
{"target": 0.8953390848932015, "params": {"C": 99.88965772290399, "epsilon": 0.552465773031197, "gamma": 0.06568245335844725, "lamda": 0.005983073416666973}, "datetime": {"datetime": "2021-09-19 18:31:57", "elapsed": 1501.13078, "delta": 1.124001}}
{"target": -6.543700312656365, "params": {"C": 79.10542321895046, "epsilon": 9.960178939495119, "gamma": 0.03055458346798719, "lamda": 0.006365700727900699}, "datetime": {"datetime": "2021-09-19 18:32:12", "elapsed": 1515.904406, "delta": 14.773626}}
{"target": 0.8439458404791536, "params": {"C": 99.46853058981186, "epsilon": 0.8826663241763857, "gamma": 0.00800116232382367, "lamda": 0.04375164217824383}, "datetime": {"datetime": "2021-09-19 18:32:13", "elapsed": 1517.147566, "delta": 1.24316}}
{"target": -4.808882414332288, "params": {"C": 109.75818159135, "epsilon": 6.799742410609984, "gamma": 0.024575294316949898, "lamda": 0.02909535787197629}, "datetime": {"datetime": "2021-09-19 18:32:28", "elapsed": 1532.176568, "delta": 15.029002}}
{"target": -6.014872462416739, "params": {"C": 107.92374284590497, "epsilon": 3.8551477498833004, "gamma": 0.04080922579956235, "lamda": 0.08275957896633142}, "datetime": {"datetime": "2021-09-19 18:32:36", "elapsed": 1540.093555, "delta": 7.916987}}
{"target": 0.8209051759519188, "params": {"C": 80.56501232330578, "epsilon": 1.6545821030434562, "gamma": 0.005, "lamda": 0.05665173693021503}, "datetime": {"datetime": "2021-09-19 18:32:36", "elapsed": 1540.718523, "delta": 0.624968}}
{"target": 0.8403379007682749, "params": {"C": 99.44385961505122, "epsilon": 0.5626151688508767, "gamma": 0.0070460511668206435, "lamda": 0.05615923483070101}, "datetime": {"datetime": "2021-09-19 18:32:37", "elapsed": 1541.359562, "delta": 0.641039}}
{"target": -4.717997717656068, "params": {"C": 99.74557997527829, "epsilon": 1.073615439807463, "gamma": 0.06401527416465712, "lamda": 0.039622950418613}, "datetime": {"datetime": "2021-09-19 18:32:42", "elapsed": 1546.041565, "delta": 4.682003}}
{"target": 0.8896343210563471, "params": {"C": 81.53663123749816, "epsilon": 1.1551133275050034, "gamma": 0.05734608148898839, "lamda": 0.022107608785509523}, "datetime": {"datetime": "2021-09-19 18:32:42", "elapsed": 1546.688843, "delta": 0.647278}}
{"target": -4.057951278537151, "params": {"C": 101.47461734456131, "epsilon": 4.842499526366151, "gamma": 0.09120688719756935, "lamda": 0.13865853022885444}, "datetime": {"datetime": "2021-09-19 18:32:50", "elapsed": 1554.675855, "delta": 7.987012}}
{"target": 0.8859359704909088, "params": {"C": 81.51810088454836, "epsilon": 1.08875681766273, "gamma": 0.05237108141712313, "lamda": 0.019668303780917603}, "datetime": {"datetime": "2021-09-19 18:32:52", "elapsed": 1555.962304, "delta": 1.286449}}
{"target": -4.581328731644655, "params": {"C": 99.7671312921447, "epsilon": 1.1890690229212857, "gamma": 0.042514391504055025, "lamda": 0.03343808709263352}, "datetime": {"datetime": "2021-09-19 18:33:01", "elapsed": 1565.294301, "delta": 9.331997}}
{"target": 0.8272755028946108, "params": {"C": 99.40679829862033, "epsilon": 0.8023722036710826, "gamma": 0.005, "lamda": 0.03580851382206084}, "datetime": {"datetime": "2021-09-19 18:33:03", "elapsed": 1566.935313, "delta": 1.641012}}
{"target": -4.998478234192456, "params": {"C": 128.71989804284007, "epsilon": 0.7462992023649677, "gamma": 0.05721793539847737, "lamda": 0.08709271240402447}, "datetime": {"datetime": "2021-09-19 18:52:18", "elapsed": 0.0, "delta": 0.0}}
{"target": -4.90515240381965, "params": {"C": 128.40735604174978, "epsilon": 3.638180799536804, "gamma": 0.02444162023359504, "lamda": 0.1238732297218152}, "datetime": {"datetime": "2021-09-19 18:52:32", "elapsed": 14.042033, "delta": 14.042033}}
{"target": -5.219788076543494, "params": {"C": 125.99309347349046, "epsilon": 3.034859113477233, "gamma": 0.06400771411308302, "lamda": 0.10585196175069396}, "datetime": {"datetime": "2021-09-19 18:52:41", "elapsed": 23.383035, "delta": 9.341002}}
{"target": -4.881784465902419, "params": {"C": 122.69159890689868, "epsilon": 5.378992152024591, "gamma": 0.022521787236456953, "lamda": 0.15707776280594388}, "datetime": {"datetime": "2021-09-19 18:52:57", "elapsed": 38.963055, "delta": 15.58002}}
{"target": -3.9091086769790664, "params": {"C": 137.07950585278977, "epsilon": 5.195249955128314, "gamma": 0.08542334110895947, "lamda": 0.015975113127961748}, "datetime": {"datetime": "2021-09-19 18:53:07", "elapsed": 49.174776, "delta": 10.211721}}
{"target": 0.8853281564514657, "params": {"C": 130.1049218024341, "epsilon": 1.120221791675342, "gamma": 0.04567162112175199, "lamda": 0.019351356586339484}, "datetime": {"datetime": "2021-09-19 18:53:07", "elapsed": 49.560578, "delta": 0.385802}}
{"target": -5.5698509363462865, "params": {"C": 135.9308276207654, "epsilon": 5.367131461604749, "gamma": 0.04043625707537313, "lamda": 0.15740732604900876}, "datetime": {"datetime": "2021-09-19 18:53:23", "elapsed": 65.803901, "delta": 16.243323}}
{"target": -6.080024857050541, "params": {"C": 120.30549848488874, "epsilon": 4.776017913333015, "gamma": 0.05427131720663216, "lamda": 0.01162856000078587}, "datetime": {"datetime": "2021-09-19 18:53:41", "elapsed": 82.974714, "delta": 17.170813}}
{"target": -6.033804951305873, "params": {"C": 123.98487271751362, "epsilon": 5.655750187137168, "gamma": 0.04494697513588634, "lamda": 0.040125625179576956}, "datetime": {"datetime": "2021-09-19 18:53:57", "elapsed": 99.659808, "delta": 16.685094}}
{"target": -5.3348479565925215, "params": {"C": 129.4929490471509, "epsilon": 3.9183401324398486, "gamma": 0.05981908787908447, "lamda": 0.11939208322766287}, "datetime": {"datetime": "2021-09-19 18:54:14", "elapsed": 116.645624, "delta": 16.985816}}
{"target": -6.014595836181626, "params": {"C": 125.79776408312419, "epsilon": 3.6615046168347027, "gamma": 0.04005205758888696, "lamda": 0.14424274192731998}, "datetime": {"datetime": "2021-09-19 18:54:30", "elapsed": 132.302461, "delta": 15.656837}}
{"target": 0.8807437970237171, "params": {"C": 130.51239588616218, "epsilon": 1.1909499155488878, "gamma": 0.04216923537092573, "lamda": 5e-05}, "datetime": {"datetime": "2021-09-19 18:54:31", "elapsed": 132.998482, "delta": 0.696021}}
{"target": -3.457791593109123, "params": {"C": 130.5463259586784, "epsilon": 0.5, "gamma": 0.1, "lamda": 0.2}, "datetime": {"datetime": "2021-09-19 18:54:41", "elapsed": 143.684454, "delta": 10.685972}}
{"target": 0.8336342911723735, "params": {"C": 130.22215261708496, "epsilon": 1.706850990107677, "gamma": 0.005, "lamda": 5e-05}, "datetime": {"datetime": "2021-09-19 18:54:42", "elapsed": 144.366495, "delta": 0.682041}}
{"target": 0.8971688714277352, "params": {"C": 131.2160816207123, "epsilon": 1.9648586956626142, "gamma": 0.1, "lamda": 5e-05}, "datetime": {"datetime": "2021-09-19 18:54:43", "elapsed": 145.150454, "delta": 0.783959}}
{"target": 0.8914802082400431, "params": {"C": 132.48565385150582, "epsilon": 2.128655158672339, "gamma": 0.05347922061106008, "lamda": 0.00032412577608938376}, "datetime": {"datetime": "2021-09-19 18:54:44", "elapsed": 145.950455, "delta": 0.800001}}
{"target": -5.1591351061445, "params": {"C": 132.1442771748453, "epsilon": 3.314562995983829, "gamma": 0.07175982313262634, "lamda": 0.0651288193167165}, "datetime": {"datetime": "2021-09-19 18:54:59", "elapsed": 161.661455, "delta": 15.711}}
{"target": 0.8339870510128087, "params": {"C": 132.26093436692156, "epsilon": 1.2329959696967732, "gamma": 0.005, "lamda": 5e-05}, "datetime": {"datetime": "2021-09-19 18:55:00", "elapsed": 162.51646, "delta": 0.855005}}
{"target": 0.8974792385256481, "params": {"C": 133.58717629122566, "epsilon": 1.449959674176317, "gamma": 0.1, "lamda": 5e-05}, "datetime": {"datetime": "2021-09-19 18:55:01", "elapsed": 163.206459, "delta": 0.689999}}
{"target": 0.8344159293397105, "params": {"C": 134.8933501716826, "epsilon": 0.5, "gamma": 0.005, "lamda": 5e-05}, "datetime": {"datetime": "2021-09-19 18:55:02", "elapsed": 163.919456, "delta": 0.712997}}
{"target": -1.8125639624659802, "params": {"C": 135.43163216723795, "epsilon": 1.7652332229923955, "gamma": 0.00877994681083065, "lamda": 0.18672739205840855}, "datetime": {"datetime": "2021-09-19 18:55:16", "elapsed": 178.177462, "delta": 14.258006}}
{"target": -0.6627502489662631, "params": {"C": 133.62290038116763, "epsilon": 0.5, "gamma": 0.005, "lamda": 0.2}, "datetime": {"datetime": "2021-09-19 18:55:24", "elapsed": 186.838456, "delta": 8.660994}}
{"target": 0.8983272139481656, "params": {"C": 136.74140483046924, "epsilon": 0.5, "gamma": 0.1, "lamda": 5e-05}, "datetime": {"datetime": "2021-09-19 18:55:25", "elapsed": 187.53046, "delta": 0.692004}}
{"target": 0.8350450683025252, "params": {"C": 138.44516051545014, "epsilon": 0.5, "gamma": 0.005, "lamda": 5e-05}, "datetime": {"datetime": "2021-09-19 18:55:26", "elapsed": 188.278456, "delta": 0.747996}}
{"target": 0.8968647754791217, "params": {"C": 138.30063940251682, "epsilon": 2.065391602856423, "gamma": 0.1, "lamda": 5e-05}, "datetime": {"datetime": "2021-09-19 18:55:27", "elapsed": 188.899458, "delta": 0.621002}}
{"target": -5.766033715547585, "params": {"C": 139.98969990052404, "epsilon": 1.6615383466434428, "gamma": 0.06214582408712347, "lamda": 0.19072697873961453}, "datetime": {"datetime": "2021-09-19 18:55:39", "elapsed": 201.267456, "delta": 12.367998}}
{"target": -0.9001953676360779, "params": {"C": 137.4559036283786, "epsilon": 1.4364486316301017, "gamma": 0.005, "lamda": 0.2}, "datetime": {"datetime": "2021-09-19 18:55:53", "elapsed": 215.266461, "delta": 13.999005}}
{"target": -5.092773766502682, "params": {"C": 138.3747985886706, "epsilon": 3.4330805896692507, "gamma": 0.05557144027712671, "lamda": 0.03454451517177416}, "datetime": {"datetime": "2021-09-19 18:56:08", "elapsed": 230.355463, "delta": 15.089002}}
{"target": 0.8866392233808262, "params": {"C": 140.0, "epsilon": 10.0, "gamma": 0.1, "lamda": 5e-05}, "datetime": {"datetime": "2021-09-19 18:56:09", "elapsed": 231.150452, "delta": 0.794989}}
{"target": 0.8349570564780674, "params": {"C": 138.561918573908, "epsilon": 10.0, "gamma": 0.005, "lamda": 5e-05}, "datetime": {"datetime": "2021-09-19 18:56:10", "elapsed": 232.050461, "delta": 0.900009}}
{"target": -1.6428593166371548, "params": {"C": 139.31385472631044, "epsilon": 8.666824374699605, "gamma": 0.005, "lamda": 0.2}, "datetime": {"datetime": "2021-09-19 18:56:21", "elapsed": 243.864455, "delta": 11.813994}}
{"target": 0.8867011344039274, "params": {"C": 136.9239751609828, "epsilon": 10.0, "gamma": 0.1, "lamda": 5e-05}, "datetime": {"datetime": "2021-09-19 18:56:22", "elapsed": 244.634461, "delta": 0.770006}}
{"target": -1.5158003858723825, "params": {"C": 135.30036691503426, "epsilon": 10.0, "gamma": 0.005, "lamda": 0.2}, "datetime": {"datetime": "2021-09-19 18:56:39", "elapsed": 261.755824, "delta": 17.121363}}
{"target": -4.140841604735718, "params": {"C": 137.03815971349536, "epsilon": 8.644445884467137, "gamma": 0.0137805757290607, "lamda": 0.014197552015280902}, "datetime": {"datetime": "2021-09-19 18:56:55", "elapsed": 277.522135, "delta": 15.766311}}
{"target": 0.8882519479543852, "params": {"C": 130.19343534225214, "epsilon": 10.0, "gamma": 0.1, "lamda": 5e-05}, "datetime": {"datetime": "2021-09-19 18:56:56", "elapsed": 278.375333, "delta": 0.853198}}
{"target": 0.893374962948486, "params": {"C": 128.73590356808572, "epsilon": 10.0, "gamma": 0.06396797941825806, "lamda": 5e-05}, "datetime": {"datetime": "2021-09-19 18:56:57", "elapsed": 279.337331, "delta": 0.961998}}
{"target": -1.562824578077052, "params": {"C": 129.46602162022805, "epsilon": 8.678020912801838, "gamma": 0.005, "lamda": 0.2}, "datetime": {"datetime": "2021-09-19 18:57:10", "elapsed": 292.464886, "delta": 13.127555}}
{"target": -5.834801527945317, "params": {"C": 127.08096009711453, "epsilon": 9.99731786835395, "gamma": 0.063490444627813, "lamda": 0.1347654029962839}, "datetime": {"datetime": "2021-09-19 18:57:20", "elapsed": 302.793456, "delta": 10.32857}}
{"target": 0.8868334315738775, "params": {"C": 131.7949036221586, "epsilon": 10.0, "gamma": 0.1, "lamda": 5e-05}, "datetime": {"datetime": "2021-09-19 18:57:21", "elapsed": 303.565459, "delta": 0.772003}}
{"target": 0.8889738092814193, "params": {"C": 131.8143365939163, "epsilon": 8.581722756861858, "gamma": 0.1, "lamda": 5e-05}, "datetime": {"datetime": "2021-09-19 18:57:22", "elapsed": 304.250456, "delta": 0.684997}}
{"target": -1.5562943217552898, "params": {"C": 133.07227437428597, "epsilon": 9.188820757847244, "gamma": 0.005, "lamda": 0.2}, "datetime": {"datetime": "2021-09-19 18:57:37", "elapsed": 319.453458, "delta": 15.203002}}
{"target": 0.8337513111663163, "params": {"C": 131.65672093656855, "epsilon": 7.101237830206445, "gamma": 0.005, "lamda": 5e-05}, "datetime": {"datetime": "2021-09-19 18:57:38", "elapsed": 320.18946, "delta": 0.736002}}
{"target": 0.8909350003009288, "params": {"C": 132.9870661416917, "epsilon": 7.170213847096776, "gamma": 0.1, "lamda": 5e-05}, "datetime": {"datetime": "2021-09-19 18:57:39", "elapsed": 321.048462, "delta": 0.859002}}
{"target": 0.8878660632452577, "params": {"C": 120.0, "epsilon": 10.0, "gamma": 0.1, "lamda": 5e-05}, "datetime": {"datetime": "2021-09-19 18:57:39", "elapsed": 321.802455, "delta": 0.753993}}
{"target": 0.8317468123590577, "params": {"C": 121.52739725569424, "epsilon": 10.0, "gamma": 0.005, "lamda": 5e-05}, "datetime": {"datetime": "2021-09-19 18:57:40", "elapsed": 322.682458, "delta": 0.880003}}
{"target": -3.190806357349273, "params": {"C": 120.71712853413857, "epsilon": 8.690157147107332, "gamma": 0.1, "lamda": 0.2}, "datetime": {"datetime": "2021-09-19 18:57:50", "elapsed": 332.385455, "delta": 9.702997}}
{"target": 0.8320908965945077, "params": {"C": 123.08189111999307, "epsilon": 10.0, "gamma": 0.005, "lamda": 5e-05}, "datetime": {"datetime": "2021-09-19 18:57:51", "elapsed": 333.148457, "delta": 0.763002}}
{"target": -1.48754056551941, "params": {"C": 123.66478934129431, "epsilon": 8.735410507651743, "gamma": 0.005, "lamda": 0.2}, "datetime": {"datetime": "2021-09-19 18:58:05", "elapsed": 347.723456, "delta": 14.574999}}
{"target": -1.6815311244541737, "params": {"C": 132.5726031950913, "epsilon": 6.031301649787917, "gamma": 0.006539591858971631, "lamda": 0.19765106199041868}, "datetime": {"datetime": "2021-09-19 18:58:18", "elapsed": 360.523456, "delta": 12.8}}
{"target": -3.83045614424515, "params": {"C": 121.46798397003705, "epsilon": 0.5, "gamma": 0.1, "lamda": 0.2}, "datetime": {"datetime": "2021-09-19 18:58:28", "elapsed": 370.417457, "delta": 9.894001}}
{"target": -6.055956009070219, "params": {"C": 130.9369192110407, "epsilon": 9.088430107969476, "gamma": 0.039518830541104985, "lamda": 0.09521385353644868}, "datetime": {"datetime": "2021-09-19 18:58:42", "elapsed": 384.015481, "delta": 13.598024}}
{"target": -5.68190429004782, "params": {"C": 132.2849866406529, "epsilon": 7.784714596831711, "gamma": 0.03160313483731949, "lamda": 0.12588250243619772}, "datetime": {"datetime": "2021-09-19 18:58:55", "elapsed": 397.281454, "delta": 13.265973}}
{"target": -5.5817281758613495, "params": {"C": 138.18145464439988, "epsilon": 2.122191951080481, "gamma": 0.0387085149906223, "lamda": 0.16342812315765717}, "datetime": {"datetime": "2021-09-19 18:59:07", "elapsed": 409.187456, "delta": 11.906002}}
{"target": -2.9276455956126206, "params": {"C": 130.5088783717555, "epsilon": 4.209905540686269, "gamma": 0.011314097937163394, "lamda": 0.02412230655857074}, "datetime": {"datetime": "2021-09-19 18:59:21", "elapsed": 423.73098, "delta": 14.543524}}
{"target": -4.698622051151604, "params": {"C": 123.96884192135086, "epsilon": 1.0014309922528484, "gamma": 0.07988929176036186, "lamda": 0.10033838147596405}, "datetime": {"datetime": "2021-09-19 18:59:31", "elapsed": 432.957476, "delta": 9.226496}}
{"target": -4.059135693873366, "params": {"C": 132.35259046185607, "epsilon": 3.5982763858719333, "gamma": 0.09104342662666405, "lamda": 0.15238047203796135}, "datetime": {"datetime": "2021-09-19 18:59:41", "elapsed": 443.046023, "delta": 10.088547}}
{"target": -6.682358131936021, "params": {"C": 139.6469697151317, "epsilon": 7.974224471484339, "gamma": 0.04102293321903643, "lamda": 0.030827801286770585}, "datetime": {"datetime": "2021-09-19 18:59:56", "elapsed": 458.532994, "delta": 15.486971}}
{"target": -4.810197809337999, "params": {"C": 122.34330532579584, "epsilon": 4.4191623485648694, "gamma": 0.08411499597848819, "lamda": 0.1672729780068547}, "datetime": {"datetime": "2021-09-19 19:00:11", "elapsed": 473.500407, "delta": 14.967413}}
{"target": -4.641033726125508, "params": {"C": 135.62791155125345, "epsilon": 1.8493126379966114, "gamma": 0.08514949419875184, "lamda": 0.14326246901498327}, "datetime": {"datetime": "2021-09-19 19:00:20", "elapsed": 482.808403, "delta": 9.307996}}
{"target": -5.270253487405489, "params": {"C": 127.75088792488924, "epsilon": 6.01062159554707, "gamma": 0.02746748663716052, "lamda": 0.0468178099893599}, "datetime": {"datetime": "2021-09-19 19:00:31", "elapsed": 492.95511, "delta": 10.146707}}
{"target": -5.8503672085276905, "params": {"C": 134.02725702782843, "epsilon": 2.4150243994301595, "gamma": 0.03347209313003639, "lamda": 0.08165872506308708}, "datetime": {"datetime": "2021-09-19 19:00:45", "elapsed": 507.14111, "delta": 14.186}}
{"target": -4.994786144698213, "params": {"C": 139.01010453581642, "epsilon": 4.141926267287079, "gamma": 0.08442969455828014, "lamda": 0.08716723898059611}, "datetime": {"datetime": "2021-09-19 19:00:57", "elapsed": 519.429108, "delta": 12.287998}}
{"target": -4.941599721749084, "params": {"C": 129.0725330652309, "epsilon": 6.029271674015497, "gamma": 0.0795914796329089, "lamda": 0.06661693645597364}, "datetime": {"datetime": "2021-09-19 19:01:06", "elapsed": 528.16811, "delta": 8.739002}}
{"target": -6.503557291417444, "params": {"C": 124.21864171171099, "epsilon": 2.562019442923821, "gamma": 0.05655744203124507, "lamda": 0.10786029585353231}, "datetime": {"datetime": "2021-09-19 19:01:19", "elapsed": 541.84511, "delta": 13.677}}
{"target": -4.329278677432885, "params": {"C": 131.67459357190123, "epsilon": 1.2611836062276736, "gamma": 0.023663028400665857, "lamda": 0.1846816192144124}, "datetime": {"datetime": "2021-09-19 19:01:34", "elapsed": 556.265111, "delta": 14.420001}}
{"target": -4.154611053799951, "params": {"C": 130.10081016621842, "epsilon": 5.893180599620022, "gamma": 0.08117286467010854, "lamda": 0.1127859843031951}, "datetime": {"datetime": "2021-09-19 19:01:44", "elapsed": 565.99111, "delta": 9.725999}}
{"target": -5.0310894243218245, "params": {"C": 125.4996787220102, "epsilon": 1.0096595172165919, "gamma": 0.06701170434801745, "lamda": 0.18656333158823377}, "datetime": {"datetime": "2021-09-19 19:01:53", "elapsed": 574.929111, "delta": 8.938001}}
{"target": -6.113044381853302, "params": {"C": 136.14788388700651, "epsilon": 8.693258020398224, "gamma": 0.024787323526185633, "lamda": 0.027159212215710427}, "datetime": {"datetime": "2021-09-19 19:02:07", "elapsed": 588.89611, "delta": 13.966999}}
{"target": -5.979871791055003, "params": {"C": 134.81281972558307, "epsilon": 9.48816814738403, "gamma": 0.0645279942246498, "lamda": 0.08190867798326254}, "datetime": {"datetime": "2021-09-19 19:02:16", "elapsed": 597.99811, "delta": 9.102}}
{"target": -5.028092356978227, "params": {"C": 126.09022539654461, "epsilon": 0.5177086016342807, "gamma": 0.05787480972652413, "lamda": 0.0704712475836867}, "datetime": {"datetime": "2021-09-19 19:02:25", "elapsed": 607.112111, "delta": 9.114001}}
{"target": -5.569625647057376, "params": {"C": 137.99417373987163, "epsilon": 2.1965128184342477, "gamma": 0.044802641508268834, "lamda": 0.1629458704780795}, "datetime": {"datetime": "2021-09-19 19:02:40", "elapsed": 622.872108, "delta": 15.759997}}
{"target": -5.988212117415588, "params": {"C": 129.90039476161317, "epsilon": 6.350796851168882, "gamma": 0.037617784559713596, "lamda": 0.1581632022800767}, "datetime": {"datetime": "2021-09-19 19:02:55", "elapsed": 636.900631, "delta": 14.028523}}
{"target": -6.409494884529838, "params": {"C": 123.34066929931436, "epsilon": 5.333827346801606, "gamma": 0.04123090810378893, "lamda": 0.008124478851476194}, "datetime": {"datetime": "2021-09-19 19:03:08", "elapsed": 650.496707, "delta": 13.596076}}
{"target": -4.967999930541965, "params": {"C": 125.7032612861326, "epsilon": 9.668104139049778, "gamma": 0.021971990100347352, "lamda": 0.10761744678879807}, "datetime": {"datetime": "2021-09-19 19:03:25", "elapsed": 666.897302, "delta": 16.400595}}
{"target": -5.090044902101628, "params": {"C": 138.43664707114465, "epsilon": 0.5395121265087406, "gamma": 0.045332947127037025, "lamda": 0.05447273412014304}, "datetime": {"datetime": "2021-09-19 19:03:34", "elapsed": 676.115552, "delta": 9.21825}}
{"target": -5.7175061019758715, "params": {"C": 124.21912819992777, "epsilon": 7.754074284930483, "gamma": 0.027187102694399452, "lamda": 0.04863865711974893}, "datetime": {"datetime": "2021-09-19 19:03:49", "elapsed": 691.154746, "delta": 15.039194}}
{"target": -5.714834541056594, "params": {"C": 128.73963343503402, "epsilon": 5.837811680530414, "gamma": 0.033722485605992, "lamda": 0.1630261201635539}, "datetime": {"datetime": "2021-09-19 19:04:03", "elapsed": 705.443147, "delta": 14.288401}}
{"target": -4.36346844537728, "params": {"C": 131.08320421384627, "epsilon": 5.18783597110504, "gamma": 0.09209507541397981, "lamda": 0.1374973825164908}, "datetime": {"datetime": "2021-09-19 19:04:12", "elapsed": 714.462148, "delta": 9.019001}}
