{"target": -3.610792157379036, "params": {"C": 72.51601224708489, "epsilon": 10.091027679237882, "gamma": 0.08042837952039968, "lamda": 1.38936472088533}, "datetime": {"datetime": "2021-09-19 19:11:31", "elapsed": 984.16983, "delta": 15.080813}}
{"target": -2.719682934045712, "params": {"C": 95.075584174471, "epsilon": 12.152025904950644, "gamma": 0.07412753552835606, "lamda": 0.22996239864436174}, "datetime": {"datetime": "2021-09-19 19:11:40", "elapsed": 993.427539, "delta": 9.257709}}
{"target": -6.651710551848738, "params": {"C": 92.05525773371966, "epsilon": 19.307584943363686, "gamma": 0.08800452483619192, "lamda": 1.3964863223679167}, "datetime": {"datetime": "2021-09-19 19:11:55", "elapsed": 1008.529824, "delta": 15.102285}}
{"target": -3.0157624849954, "params": {"C": 78.32425784189365, "epsilon": 10.85168039344177, "gamma": 0.0717907612558364, "lamda": 0.2621858395397989}, "datetime": {"datetime": "2021-09-19 19:12:12", "elapsed": 1024.815808, "delta": 16.285984}}
{"target": -2.199718838931214, "params": {"C": 88.15905379458741, "epsilon": 12.769641081595744, "gamma": 0.09033616666969867, "lamda": 0.30608444788944456}, "datetime": {"datetime": "2021-09-19 19:12:25", "elapsed": 1038.465805, "delta": 13.649997}}
{"target": -3.9631453341945413, "params": {"C": 98.8991924473219, "epsilon": 17.671029364925364, "gamma": 0.052523951535532555, "lamda": 0.048185799795731794}, "datetime": {"datetime": "2021-09-19 19:12:35", "elapsed": 1047.935809, "delta": 9.470004}}
{"target": -5.231309101527314, "params": {"C": 71.347839621772, "epsilon": 16.1143301961768, "gamma": 0.05766658075478215, "lamda": 0.007061477668413235}, "datetime": {"datetime": "2021-09-19 19:12:44", "elapsed": 1057.466811, "delta": 9.531002}}
{"target": -1.2556395596821268, "params": {"C": 94.82612427914161, "epsilon": 10.950832476472009, "gamma": 0.0953967030383753, "lamda": 0.569433163371675}, "datetime": {"datetime": "2021-09-19 19:12:54", "elapsed": 1066.995806, "delta": 9.528995}}
{"target": -5.251346003660983, "params": {"C": 89.65502297936354, "epsilon": 15.266544426237775, "gamma": 0.06184408100070344, "lamda": 1.313793390790285}, "datetime": {"datetime": "2021-09-19 19:13:09", "elapsed": 1082.162807, "delta": 15.167001}}
{"target": -4.219517485422885, "params": {"C": 78.81067392586681, "epsilon": 10.942177789916695, "gamma": 0.06460647917833695, "lamda": 1.0397944835810802}, "datetime": {"datetime": "2021-09-19 19:13:24", "elapsed": 1097.230808, "delta": 15.068001}}
{"target": -4.367558602108136, "params": {"C": 95.28287674735768, "epsilon": 13.750885226171178, "gamma": 0.09721235036618234, "lamda": 0.9480992875101178}, "datetime": {"datetime": "2021-09-19 19:13:39", "elapsed": 1112.392806, "delta": 15.161998}}
{"target": -4.241966892764842, "params": {"C": 93.66563557801365, "epsilon": 12.253399222925447, "gamma": 0.07082535730996908, "lamda": 0.8722142198080876}, "datetime": {"datetime": "2021-09-19 19:13:54", "elapsed": 1127.240807, "delta": 14.848001}}
{"target": -5.573815163792418, "params": {"C": 84.59116375154758, "epsilon": 17.145459972742124, "gamma": 0.08408164383657804, "lamda": 1.451926838065295}, "datetime": {"datetime": "2021-09-19 19:14:09", "elapsed": 1141.982388, "delta": 14.741581}}
{"target": -7.656046808388744, "params": {"C": 69.8382574278848, "epsilon": 19.225889050649414, "gamma": 0.05232167863502819, "lamda": 0.5984949587168167}, "datetime": {"datetime": "2021-09-19 19:14:24", "elapsed": 1156.915442, "delta": 14.933054}}
{"target": -4.504414131616492, "params": {"C": 69.95842592795059, "epsilon": 14.467543513861415, "gamma": 0.07764782592133314, "lamda": 1.1319133676008322}, "datetime": {"datetime": "2021-09-19 19:14:39", "elapsed": 1172.430305, "delta": 15.514863}}
{"target": -5.42338417781748, "params": {"C": 68.62383544450724, "epsilon": 16.408789675332905, "gamma": 0.0797656440515698, "lamda": 1.4720951433634122}, "datetime": {"datetime": "2021-09-19 19:14:55", "elapsed": 1187.888646, "delta": 15.458341}}
{"target": -5.901452778454125, "params": {"C": 79.80678368894527, "epsilon": 16.43333705125576, "gamma": 0.07133775878377747, "lamda": 1.2410042077133836}, "datetime": {"datetime": "2021-09-19 19:15:09", "elapsed": 1202.668441, "delta": 14.779795}}
{"target": -4.541898677052102, "params": {"C": 73.3362809282862, "epsilon": 10.676858685253462, "gamma": 0.05600273015983635, "lamda": 1.4815716487683863}, "datetime": {"datetime": "2021-09-19 19:15:25", "elapsed": 1218.083437, "delta": 15.414996}}
{"target": -5.408672370413149, "params": {"C": 78.46042185176128, "epsilon": 15.822127641703835, "gamma": 0.0735611613142204, "lamda": 1.2970119876426685}, "datetime": {"datetime": "2021-09-19 19:15:40", "elapsed": 1233.111433, "delta": 15.027996}}
{"target": 0.9051821835150172, "params": {"C": 85.05995060058413, "epsilon": 15.181535252335124, "gamma": 0.07226764462614162, "lamda": 0.030183978685473758}, "datetime": {"datetime": "2021-09-19 19:15:41", "elapsed": 1234.174438, "delta": 1.063005}}
{"target": -5.678029210356368, "params": {"C": 66.39127236447347, "epsilon": 17.785501747840456, "gamma": 0.09132696683117185, "lamda": 0.3806722303226459}, "datetime": {"datetime": "2021-09-19 19:15:56", "elapsed": 1249.09044, "delta": 14.916002}}
{"target": -4.9828120053038685, "params": {"C": 71.15733244712311, "epsilon": 14.588248796991028, "gamma": 0.08141232131057041, "lamda": 1.404233148656731}, "datetime": {"datetime": "2021-09-19 19:16:11", "elapsed": 1264.091434, "delta": 15.000994}}
{"target": -4.722002306752516, "params": {"C": 78.61904586722679, "epsilon": 14.974981343968011, "gamma": 0.09705903792005198, "lamda": 1.2244810227698075}, "datetime": {"datetime": "2021-09-19 19:16:26", "elapsed": 1279.298436, "delta": 15.207002}}
{"target": 0.8941843360753281, "params": {"C": 86.89938613560352, "epsilon": 18.41497457723564, "gamma": 0.08350732249478685, "lamda": 0.014546191388232437}, "datetime": {"datetime": "2021-09-19 19:16:27", "elapsed": 1280.124435, "delta": 0.825999}}
{"target": -5.681652435665459, "params": {"C": 91.39287731555598, "epsilon": 17.397953197077815, "gamma": 0.08959102886647666, "lamda": 1.2924840029943292}, "datetime": {"datetime": "2021-09-19 19:16:42", "elapsed": 1295.485439, "delta": 15.361004}}
{"target": -1.3213245971093515, "params": {"C": 93.39395425763497, "epsilon": 13.869092470568209, "gamma": 0.098067421188339, "lamda": 0.3863787082205205}, "datetime": {"datetime": "2021-09-19 19:16:51", "elapsed": 1304.793441, "delta": 9.308002}}
{"target": 0.903762039123671, "params": {"C": 72.8502736526399, "epsilon": 13.720951240754093, "gamma": 0.07717283941449868, "lamda": 0.05301966719494147}, "datetime": {"datetime": "2021-09-19 19:16:53", "elapsed": 1305.819435, "delta": 1.025994}}
{"target": -5.793736681826097, "params": {"C": 79.61537392164149, "epsilon": 15.751679113373626, "gamma": 0.06891239453236518, "lamda": 0.9940779885270754}, "datetime": {"datetime": "2021-09-19 19:17:09", "elapsed": 1321.940945, "delta": 16.12151}}
{"target": -5.652529052587018, "params": {"C": 88.44720191655082, "epsilon": 14.916622696400328, "gamma": 0.05488515106446895, "lamda": 1.2399323820665262}, "datetime": {"datetime": "2021-09-19 19:17:24", "elapsed": 1336.822811, "delta": 14.881866}}
{"target": -6.829038986071674, "params": {"C": 93.30875676676851, "epsilon": 19.231281886488198, "gamma": 0.07279974108493754, "lamda": 1.3179621446134222}, "datetime": {"datetime": "2021-09-19 19:17:39", "elapsed": 1351.954215, "delta": 15.131404}}
{"target": -4.8535494747727554, "params": {"C": 82.41967638992836, "epsilon": 15.035959301335453, "gamma": 0.0880431239990825, "lamda": 1.4078927880835985}, "datetime": {"datetime": "2021-09-19 19:17:54", "elapsed": 1366.884089, "delta": 14.929874}}
{"target": -5.115295811598118, "params": {"C": 98.43996714413808, "epsilon": 13.780731449464565, "gamma": 0.06962290253309353, "lamda": 1.0783428100867025}, "datetime": {"datetime": "2021-09-19 19:18:09", "elapsed": 1381.863622, "delta": 14.979533}}
{"target": -2.0266185222782953, "params": {"C": 74.88503195655656, "epsilon": 10.618890206176957, "gamma": 0.09285698792973439, "lamda": 0.47877068453488114}, "datetime": {"datetime": "2021-09-19 19:18:24", "elapsed": 1396.836621, "delta": 14.972999}}
{"target": -5.709997034219043, "params": {"C": 84.28025311399404, "epsilon": 17.004417609102514, "gamma": 0.0831752766167817, "lamda": 0.8408244340766469}, "datetime": {"datetime": "2021-09-19 19:18:38", "elapsed": 1411.73062, "delta": 14.893999}}
{"target": -4.826125863809148, "params": {"C": 77.57373918379642, "epsilon": 12.185349532443007, "gamma": 0.06145519135265374, "lamda": 0.6663010339212029}, "datetime": {"datetime": "2021-09-19 19:18:49", "elapsed": 1421.91262, "delta": 10.182}}
{"target": -4.319735177859737, "params": {"C": 77.81946599353432, "epsilon": 13.230719721782792, "gamma": 0.07912338754750313, "lamda": 0.5846502602874216}, "datetime": {"datetime": "2021-09-19 19:19:04", "elapsed": 1436.968623, "delta": 15.056003}}
{"target": -6.92955200753262, "params": {"C": 87.87774581162569, "epsilon": 18.097957967993835, "gamma": 0.06621730492235937, "lamda": 1.1200403693821983}, "datetime": {"datetime": "2021-09-19 19:19:19", "elapsed": 1451.922619, "delta": 14.953996}}
{"target": -7.3198767442997195, "params": {"C": 93.81966718522271, "epsilon": 19.959883051842034, "gamma": 0.06890753346108254, "lamda": 0.42397804664178057}, "datetime": {"datetime": "2021-09-19 19:19:34", "elapsed": 1466.99762, "delta": 15.075001}}
{"target": -4.446788054087804, "params": {"C": 90.94184418083924, "epsilon": 12.447512029681445, "gamma": 0.07048257583961691, "lamda": 0.3507191146255858}, "datetime": {"datetime": "2021-09-19 19:19:43", "elapsed": 1476.777622, "delta": 9.780002}}
{"target": -5.783603719898064, "params": {"C": 98.52004551746077, "epsilon": 16.034740582226192, "gamma": 0.06276348502911591, "lamda": 0.5412658256905788}, "datetime": {"datetime": "2021-09-19 19:19:59", "elapsed": 1491.944622, "delta": 15.167}}
{"target": -6.463265310065218, "params": {"C": 93.8384882589908, "epsilon": 16.868665231194022, "gamma": 0.0594633962626161, "lamda": 0.815940550511832}, "datetime": {"datetime": "2021-09-19 19:20:14", "elapsed": 1507.19862, "delta": 15.253998}}
{"target": -5.6917037481139054, "params": {"C": 83.43901893560584, "epsilon": 16.463172104809246, "gamma": 0.0740282340149427, "lamda": 0.5550186775630201}, "datetime": {"datetime": "2021-09-19 19:20:29", "elapsed": 1522.162621, "delta": 14.964001}}
{"target": -5.20052842813587, "params": {"C": 98.57181246025846, "epsilon": 14.25128068900176, "gamma": 0.06369065377813168, "lamda": 1.4954399094911008}, "datetime": {"datetime": "2021-09-19 19:20:44", "elapsed": 1537.397627, "delta": 15.235006}}
{"target": -4.762448293532317, "params": {"C": 85.03989392623313, "epsilon": 14.494983288944427, "gamma": 0.0874914888888263, "lamda": 0.554786620495977}, "datetime": {"datetime": "2021-09-19 19:20:59", "elapsed": 1552.655622, "delta": 15.257995}}
{"target": -1.5475089869612888, "params": {"C": 95.46123274818427, "epsilon": 15.541378245883102, "gamma": 0.07572096291349166, "lamda": 0.04026899213106657}, "datetime": {"datetime": "2021-09-19 19:21:09", "elapsed": 1562.092621, "delta": 9.436999}}
{"target": -1.8266965539262618, "params": {"C": 86.78538620029519, "epsilon": 16.280121256334645, "gamma": 0.07250168956858104, "lamda": 0.17522543697094403}, "datetime": {"datetime": "2021-09-19 19:21:19", "elapsed": 1571.83462, "delta": 9.741999}}
{"target": -2.868272316536603, "params": {"C": 86.70030475334403, "epsilon": 15.90374270247585, "gamma": 0.0805646481522878, "lamda": 0.2527718750324876}, "datetime": {"datetime": "2021-09-19 19:21:28", "elapsed": 1580.895621, "delta": 9.061001}}
{"target": -5.196427562758164, "params": {"C": 87.9266331026723, "epsilon": 12.648737620982306, "gamma": 0.05094310100569031, "lamda": 0.11683206993661786}, "datetime": {"datetime": "2021-09-19 19:21:37", "elapsed": 1590.412468, "delta": 9.516847}}
{"target": -2.307813866394392, "params": {"C": 74.20331003462371, "epsilon": 12.655517345902158, "gamma": 0.08959090115515607, "lamda": 0.1723763357325331}, "datetime": {"datetime": "2021-09-19 19:21:51", "elapsed": 1604.68475, "delta": 14.272282}}
{"target": -6.011583374212453, "params": {"C": 92.94699472648576, "epsilon": 19.133237249254805, "gamma": 0.09682430460391962, "lamda": 0.5138647345276224}, "datetime": {"datetime": "2021-09-19 19:22:06", "elapsed": 1619.789016, "delta": 15.104266}}
{"target": -5.926348499025017, "params": {"C": 72.0341260947857, "epsilon": 16.244565546423395, "gamma": 0.06273829458876173, "lamda": 0.663292014798503}, "datetime": {"datetime": "2021-09-19 19:22:21", "elapsed": 1634.72002, "delta": 14.931004}}
{"target": -6.666980010218437, "params": {"C": 72.23832208321916, "epsilon": 18.189828389549906, "gamma": 0.05411723907860911, "lamda": 0.6391294586743643}, "datetime": {"datetime": "2021-09-19 19:22:37", "elapsed": 1649.903023, "delta": 15.183003}}
{"target": -6.885726087916522, "params": {"C": 95.85768062714943, "epsilon": 19.52993443789532, "gamma": 0.06790721856702847, "lamda": 1.0282472317796998}, "datetime": {"datetime": "2021-09-19 19:22:52", "elapsed": 1665.182021, "delta": 15.278998}}
{"target": -4.768678236673782, "params": {"C": 90.83786532741603, "epsilon": 15.235472208403412, "gamma": 0.0819479185042988, "lamda": 0.46527771186831524}, "datetime": {"datetime": "2021-09-19 19:23:02", "elapsed": 1674.920022, "delta": 9.738001}}
{"target": -6.3514883832683315, "params": {"C": 78.04269610065546, "epsilon": 15.754842733457888, "gamma": 0.05843895044755652, "lamda": 0.7627687916998832}, "datetime": {"datetime": "2021-09-19 19:23:17", "elapsed": 1690.329022, "delta": 15.409}}
{"target": 0.8979446250535236, "params": {"C": 66.2322045292266, "epsilon": 17.16600152802645, "gamma": 0.08663588119571174, "lamda": 0.020871106964449406}, "datetime": {"datetime": "2021-09-19 19:23:18", "elapsed": 1691.348022, "delta": 1.019}}
{"target": -3.9076179427186633, "params": {"C": 91.935579448336, "epsilon": 10.61170542622106, "gamma": 0.0730339431126513, "lamda": 1.1407544770172962}, "datetime": {"datetime": "2021-09-19 19:23:33", "elapsed": 1706.691022, "delta": 15.343}}
{"target": -3.957892028999259, "params": {"C": 85.46200522248905, "epsilon": 12.939102233192624, "gamma": 0.08805420920761371, "lamda": 0.7613241470834324}, "datetime": {"datetime": "2021-09-19 19:23:49", "elapsed": 1722.098021, "delta": 15.406999}}
{"target": -6.59360684297026, "params": {"C": 83.01341852459046, "epsilon": 19.638405199551418, "gamma": 0.07997589070429784, "lamda": 0.7739521031749614}, "datetime": {"datetime": "2021-09-19 19:24:04", "elapsed": 1737.134305, "delta": 15.036284}}
{"target": -6.785995442404761, "params": {"C": 71.78676518078134, "epsilon": 19.754123966556143, "gamma": 0.09011060089980297, "lamda": 0.36698098023423836}, "datetime": {"datetime": "2021-09-19 19:24:19", "elapsed": 1752.261297, "delta": 15.126992}}
{"target": -6.552697150279482, "params": {"C": 80.4649488406393, "epsilon": 19.871205303627942, "gamma": 0.09291687648331325, "lamda": 0.9602385722022775}, "datetime": {"datetime": "2021-09-19 19:24:34", "elapsed": 1767.4273, "delta": 15.166003}}
{"target": -2.5689489746764806, "params": {"C": 97.03392402381748, "epsilon": 10.982809269222301, "gamma": 0.07189076409782763, "lamda": 0.3925513952212027}, "datetime": {"datetime": "2021-09-19 19:24:48", "elapsed": 1781.7563, "delta": 14.329}}
{"target": -6.018678894107554, "params": {"C": 96.86818911014763, "epsilon": 14.97600306766626, "gamma": 0.06062629713975702, "lamda": 0.4841511120515823}, "datetime": {"datetime": "2021-09-19 19:25:04", "elapsed": 1796.949342, "delta": 15.193042}}
{"target": -7.749129314537917, "params": {"C": 99.25853262620248, "epsilon": 19.288023388975354, "gamma": 0.053561875320661936, "lamda": 1.3589230933391643}, "datetime": {"datetime": "2021-09-19 19:25:19", "elapsed": 1812.372749, "delta": 15.423407}}
{"target": -1.64906681908518, "params": {"C": 66.08742413278819, "epsilon": 19.95808309420539, "gamma": 0.06344978077262484, "lamda": 0.04742802103933309}, "datetime": {"datetime": "2021-09-19 19:25:29", "elapsed": 1822.007781, "delta": 9.635032}}
{"target": -7.014260621215364, "params": {"C": 82.48029028279869, "epsilon": 18.199563330677258, "gamma": 0.05703128269464687, "lamda": 1.3786202509263004}, "datetime": {"datetime": "2021-09-19 19:25:44", "elapsed": 1837.324654, "delta": 15.316873}}
{"target": -7.319089477764846, "params": {"C": 84.75966857635345, "epsilon": 18.828048101171397, "gamma": 0.051837821158057906, "lamda": 0.7215281526374363}, "datetime": {"datetime": "2021-09-19 19:25:59", "elapsed": 1852.610834, "delta": 15.28618}}
{"target": -4.98387797978327, "params": {"C": 89.98554284782362, "epsilon": 13.531734473561368, "gamma": 0.06884696094713809, "lamda": 0.6205062789224746}, "datetime": {"datetime": "2021-09-19 19:26:14", "elapsed": 1867.577702, "delta": 14.966868}}
{"target": -5.78454249407053, "params": {"C": 73.34543215721774, "epsilon": 15.715885817935284, "gamma": 0.06254681316932538, "lamda": 1.2342809973234004}, "datetime": {"datetime": "2021-09-19 19:26:29", "elapsed": 1882.777149, "delta": 15.199447}}
{"target": -5.148789257337371, "params": {"C": 88.88085987561281, "epsilon": 13.83987917233797, "gamma": 0.06252222001702835, "lamda": 0.48883295989355274}, "datetime": {"datetime": "2021-09-19 19:26:45", "elapsed": 1897.822152, "delta": 15.045003}}
{"target": -7.2391065873819205, "params": {"C": 71.56215545415881, "epsilon": 19.469118434844987, "gamma": 0.05685776526074396, "lamda": 0.30093198577486585}, "datetime": {"datetime": "2021-09-19 19:27:00", "elapsed": 1912.941482, "delta": 15.11933}}
{"target": -4.621089300510614, "params": {"C": 86.32438222362072, "epsilon": 11.850920655842172, "gamma": 0.06091488420357591, "lamda": 0.2910264191805972}, "datetime": {"datetime": "2021-09-19 19:27:09", "elapsed": 1922.543298, "delta": 9.601816}}
{"target": -4.570005228762115, "params": {"C": 84.63748755402645, "epsilon": 14.571052133017002, "gamma": 0.09537204589345756, "lamda": 1.0398392719018266}, "datetime": {"datetime": "2021-09-19 19:27:24", "elapsed": 1937.618489, "delta": 15.075191}}
{"target": -6.202832122010403, "params": {"C": 98.661795395957, "epsilon": 17.858660824193592, "gamma": 0.07426426994944269, "lamda": 0.7016101986806117}, "datetime": {"datetime": "2021-09-19 19:27:39", "elapsed": 1952.795527, "delta": 15.177038}}
{"target": -1.9258169908860672, "params": {"C": 88.04064156804351, "epsilon": 11.504935586708086, "gamma": 0.09535300921755574, "lamda": 0.29499112932956484}, "datetime": {"datetime": "2021-09-19 19:27:52", "elapsed": 1965.012888, "delta": 12.217361}}
{"target": -4.403149967138537, "params": {"C": 71.79321743615223, "epsilon": 13.738032763123913, "gamma": 0.07754216688545729, "lamda": 1.1361214003428328}, "datetime": {"datetime": "2021-09-19 19:28:07", "elapsed": 1980.324784, "delta": 15.311896}}
{"target": -3.9402391151969365, "params": {"C": 80.82382667282813, "epsilon": 10.518524636557826, "gamma": 0.07748312389393547, "lamda": 0.6530118228077844}, "datetime": {"datetime": "2021-09-19 19:52:26", "elapsed": 0.0, "delta": 0.0}}
{"target": -6.46228508285322, "params": {"C": 80.29250527097463, "epsilon": 16.606696420077483, "gamma": 0.06023243170189213, "lamda": 0.928925485977678}, "datetime": {"datetime": "2021-09-19 19:52:42", "elapsed": 15.925002, "delta": 15.925002}}
{"target": -5.135543423812823, "params": {"C": 76.18825890493379, "epsilon": 15.336545502057334, "gamma": 0.08105669163846475, "lamda": 0.7937366843108447}, "datetime": {"datetime": "2021-09-19 19:52:58", "elapsed": 31.648003, "delta": 15.723001}}
{"target": -8.380490293742211, "params": {"C": 70.57571814172775, "epsilon": 20.27156242531493, "gamma": 0.059221993282345765, "lamda": 1.1780134549676193}, "datetime": {"datetime": "2021-09-19 19:53:13", "elapsed": 46.926001, "delta": 15.277998}}
{"target": -1.3241945056977626, "params": {"C": 95.03515994974262, "epsilon": 19.884736747638556, "gamma": 0.0923280742678734, "lamda": 0.11951423323974103}, "datetime": {"datetime": "2021-09-19 19:53:22", "elapsed": 55.878, "delta": 8.951999}}
{"target": -2.690764596223721, "params": {"C": 83.17836706413793, "epsilon": 11.305730087737562, "gamma": 0.07140611637986947, "lamda": 0.1448415469451358}, "datetime": {"datetime": "2021-09-19 19:53:33", "elapsed": 66.965004, "delta": 11.087004}}
{"target": -8.574272885135384, "params": {"C": 70.32343903784343, "epsilon": 21.934906179571918, "gamma": 0.061300600030211795, "lamda": 0.16046317918075895}, "datetime": {"datetime": "2021-09-19 19:53:48", "elapsed": 82.064003, "delta": 15.098999}}
{"target": -6.049711203854076, "params": {"C": 73.49041104039902, "epsilon": 16.996525700065988, "gamma": 0.07338937422911501, "lamda": 0.3026547522361347}, "datetime": {"datetime": "2021-09-19 19:54:04", "elapsed": 98.04, "delta": 15.975997}}
{"target": -6.810617594633547, "params": {"C": 87.7738286573071, "epsilon": 19.66139671103503, "gamma": 0.07526183600092747, "lamda": 0.580369632045283}, "datetime": {"datetime": "2021-09-19 19:54:20", "elapsed": 113.942003, "delta": 15.902003}}
{"target": -8.66805200569043, "params": {"C": 92.98367345101362, "epsilon": 21.600083577556134, "gamma": 0.058114929925115695, "lamda": 1.051143482293404}, "datetime": {"datetime": "2021-09-19 19:54:35", "elapsed": 129.094, "delta": 15.151997}}
{"target": 0.8971193903155091, "params": {"C": 95.9227083934136, "epsilon": 19.143964813652623, "gamma": 0.1, "lamda": 5e-05}, "datetime": {"datetime": "2021-09-19 19:54:36", "elapsed": 129.928001, "delta": 0.834001}}
{"target": 0.8974485895411515, "params": {"C": 98.5582877138993, "epsilon": 19.52429720309951, "gamma": 0.1, "lamda": 5e-05}, "datetime": {"datetime": "2021-09-19 19:54:37", "elapsed": 130.643999, "delta": 0.715998}}
