{"target": 0.8931291784365594, "params": {"C": 193.1173126419022, "epsilon": 2.801443098278682, "gamma": 0.11909421420661685, "lamda": 0.009715920023882772}, "datetime": {"datetime": "2021-09-20 10:36:56", "elapsed": 603.882139, "delta": 0.414005}}
{"target": 0.8831220171634095, "params": {"C": 172.09521403742116, "epsilon": 2.3681518886427355, "gamma": 0.1489751707663705, "lamda": 0.010097655630828047}, "datetime": {"datetime": "2021-09-20 10:36:57", "elapsed": 604.244778, "delta": 0.362639}}
{"target": 0.8946903660086304, "params": {"C": 162.38664508811775, "epsilon": 1.1224750267143566, "gamma": 0.12501724132979927, "lamda": 0.01642438318589232}, "datetime": {"datetime": "2021-09-20 10:36:57", "elapsed": 604.651027, "delta": 0.406249}}
{"target": -4.837564620971298, "params": {"C": 152.84647192055476, "epsilon": 2.0832133383799345, "gamma": 0.0711960164643676, "lamda": 0.024965106119005254}, "datetime": {"datetime": "2021-09-20 10:37:11", "elapsed": 618.185494, "delta": 13.534467}}
{"target": 0.8978120757115369, "params": {"C": 164.8665690753636, "epsilon": 0.20766344662256414, "gamma": 0.10934324494646211, "lamda": 0.02609601072327972}, "datetime": {"datetime": "2021-09-20 10:37:11", "elapsed": 618.617851, "delta": 0.432357}}
{"target": -3.002518456890603, "params": {"C": 169.0508062031107, "epsilon": 3.024447411831959, "gamma": 0.10111414782971281, "lamda": 0.018523795124054714}, "datetime": {"datetime": "2021-09-20 10:37:22", "elapsed": 629.404839, "delta": 10.786988}}
{"target": -6.080838532510399, "params": {"C": 197.97171605308762, "epsilon": 3.2354474768447226, "gamma": 0.0532323066623574, "lamda": 0.022734681280782376}, "datetime": {"datetime": "2021-09-20 10:37:33", "elapsed": 640.496658, "delta": 11.091819}}
{"target": -4.911129701916575, "params": {"C": 173.25007407817532, "epsilon": 3.7954408714408894, "gamma": 0.07214327343234883, "lamda": 0.011676800492109144}, "datetime": {"datetime": "2021-09-20 10:37:51", "elapsed": 658.706184, "delta": 18.209526}}
{"target": -5.590139428478168, "params": {"C": 154.0736982438631, "epsilon": 1.7716134317887675, "gamma": 0.060901876401906835, "lamda": 0.020844669015297947}, "datetime": {"datetime": "2021-09-20 10:38:11", "elapsed": 678.664538, "delta": 19.958354}}
{"target": 0.8901933196858364, "params": {"C": 190.14816186868688, "epsilon": 2.817521934868696, "gamma": 0.12662113810757702, "lamda": 0.013561352996087996}, "datetime": {"datetime": "2021-09-20 10:38:12", "elapsed": 679.041786, "delta": 0.377248}}
{"target": 0.8886829422045686, "params": {"C": 192.2925741513839, "epsilon": 1.7721982224978259, "gamma": 0.13240098704123188, "lamda": 0.020662403965607343}, "datetime": {"datetime": "2021-09-20 10:38:12", "elapsed": 679.441788, "delta": 0.400002}}
{"target": 0.8920983388375722, "params": {"C": 157.17115243351225, "epsilon": 0.40570890943429705, "gamma": 0.05183326429130073, "lamda": 0.0066681249409839115}, "datetime": {"datetime": "2021-09-20 10:38:13", "elapsed": 679.903792, "delta": 0.462004}}
{"target": 0.893046791514391, "params": {"C": 172.9291906854216, "epsilon": 0.5420334987936029, "gamma": 0.052778334884866995, "lamda": 0.023871537034761685}, "datetime": {"datetime": "2021-09-20 10:38:13", "elapsed": 680.30679, "delta": 0.402998}}
{"target": -3.6452605096225135, "params": {"C": 169.74252402303196, "epsilon": 3.013060132869348, "gamma": 0.09524048267464516, "lamda": 0.016252168675019028}, "datetime": {"datetime": "2021-09-20 10:38:22", "elapsed": 689.825894, "delta": 9.519104}}
{"target": 0.8911705567781834, "params": {"C": 173.90362533589155, "epsilon": 1.9486153135925568, "gamma": 0.13031633421141697, "lamda": 0.015059812996443395}, "datetime": {"datetime": "2021-09-20 10:38:23", "elapsed": 690.198894, "delta": 0.373}}
{"target": 0.8935584780833186, "params": {"C": 195.23430801718115, "epsilon": 0.24453808702073987, "gamma": 0.12738743427204186, "lamda": 0.00814103452844347}, "datetime": {"datetime": "2021-09-20 10:38:23", "elapsed": 690.589561, "delta": 0.390667}}
{"target": 0.8982414708361425, "params": {"C": 180.92567834560427, "epsilon": 0.14042061920740456, "gamma": 0.10386272825763469, "lamda": 0.005075448915489909}, "datetime": {"datetime": "2021-09-20 10:38:24", "elapsed": 690.958263, "delta": 0.368702}}
{"target": -2.0739616829150664, "params": {"C": 197.55968927451022, "epsilon": 3.6310679314408345, "gamma": 0.12959669419422692, "lamda": 0.027881857997869686}, "datetime": {"datetime": "2021-09-20 10:38:33", "elapsed": 700.393376, "delta": 9.435113}}
{"target": -4.4283735034956315, "params": {"C": 157.27791155791985, "epsilon": 0.7151472724950798, "gamma": 0.0687631672902434, "lamda": 0.020562397557498027}, "datetime": {"datetime": "2021-09-20 10:38:43", "elapsed": 710.392376, "delta": 9.999}}
{"target": 0.8903698495457524, "params": {"C": 195.2904748004151, "epsilon": 3.9608251956003873, "gamma": 0.12111224587658159, "lamda": 0.023295010228557383}, "datetime": {"datetime": "2021-09-20 10:38:43", "elapsed": 710.849373, "delta": 0.456997}}
{"target": -4.401199053284315, "params": {"C": 195.46466022721273, "epsilon": 1.6634075562473716, "gamma": 0.07498506802250368, "lamda": 0.009335754269678071}, "datetime": {"datetime": "2021-09-20 10:38:55", "elapsed": 722.171376, "delta": 11.322003}}
{"target": -5.065501811155281, "params": {"C": 155.97285251668646, "epsilon": 3.2691812933280318, "gamma": 0.06467923734172432, "lamda": 0.011607437068172516}, "datetime": {"datetime": "2021-09-20 10:39:04", "elapsed": 731.851885, "delta": 9.680509}}
{"target": 0.8829769602987544, "params": {"C": 190.95445893167653, "epsilon": 1.311290281997419, "gamma": 0.14824174492929426, "lamda": 0.01166596755379088}, "datetime": {"datetime": "2021-09-20 10:39:05", "elapsed": 732.258471, "delta": 0.406586}}
{"target": 0.8873403185848218, "params": {"C": 176.68266724856056, "epsilon": 1.3264213436248136, "gamma": 0.14107728311738374, "lamda": 0.01416391609628086}, "datetime": {"datetime": "2021-09-20 10:39:05", "elapsed": 732.624141, "delta": 0.36567}}
{"target": 0.8855987388876461, "params": {"C": 171.67961636365823, "epsilon": 2.0979414998856094, "gamma": 0.14388864773697133, "lamda": 0.0057737251567787674}, "datetime": {"datetime": "2021-09-20 10:39:06", "elapsed": 733.012138, "delta": 0.387997}}
{"target": -6.059554074113704, "params": {"C": 185.84393318158448, "epsilon": 3.5749739217401215, "gamma": 0.05272872235174689, "lamda": 0.018051281181312766}, "datetime": {"datetime": "2021-09-20 10:39:15", "elapsed": 742.190647, "delta": 9.178509}}
{"target": -3.1821085155710955, "params": {"C": 166.29949058850127, "epsilon": 3.4520083513757847, "gamma": 0.10585165509225178, "lamda": 0.022255696704068694}, "datetime": {"datetime": "2021-09-20 10:39:25", "elapsed": 752.054844, "delta": 9.864197}}
{"target": -4.200441169275287, "params": {"C": 172.64267499757688, "epsilon": 2.550405246333293, "gamma": 0.07900968516874259, "lamda": 0.005233714449162895}, "datetime": {"datetime": "2021-09-20 10:39:35", "elapsed": 761.973064, "delta": 9.91822}}
{"target": -3.2101814565393525, "params": {"C": 178.83779674935454, "epsilon": 1.314632435116605, "gamma": 0.10172675985011298, "lamda": 0.027910146326347442}, "datetime": {"datetime": "2021-09-20 10:39:45", "elapsed": 772.192081, "delta": 10.219017}}
{"target": -3.115193459460918, "params": {"C": 171.3237394250698, "epsilon": 1.0648445427493032, "gamma": 0.08712937612790544, "lamda": 0.028296527915913514}, "datetime": {"datetime": "2021-09-20 10:39:55", "elapsed": 782.561795, "delta": 10.369714}}
{"target": 0.883173442632734, "params": {"C": 196.84341906545467, "epsilon": 3.3928867994062815, "gamma": 0.14202065143056603, "lamda": 0.010697507248782923}, "datetime": {"datetime": "2021-09-20 10:39:56", "elapsed": 783.000797, "delta": 0.439002}}
{"target": -4.4465989594744375, "params": {"C": 154.37411047767955, "epsilon": 0.9865079715102861, "gamma": 0.08143766161140505, "lamda": 0.00936914690890779}, "datetime": {"datetime": "2021-09-20 10:40:06", "elapsed": 793.176824, "delta": 10.176027}}
{"target": 0.8907536777764969, "params": {"C": 180.35470809862304, "epsilon": 1.7129870185045293, "gamma": 0.1316351511827214, "lamda": 0.009628259956725766}, "datetime": {"datetime": "2021-09-20 10:40:06", "elapsed": 793.552079, "delta": 0.375255}}
{"target": 0.8969305678765251, "params": {"C": 185.09382648781553, "epsilon": 1.0373869369116415, "gamma": 0.10742190888408597, "lamda": 0.013724689930519722}, "datetime": {"datetime": "2021-09-20 10:40:07", "elapsed": 793.941079, "delta": 0.389}}
{"target": 0.8963097668774358, "params": {"C": 152.84821997414164, "epsilon": 0.9923733167454658, "gamma": 0.11641025553547935, "lamda": 0.01743125233401328}, "datetime": {"datetime": "2021-09-20 10:40:07", "elapsed": 794.345077, "delta": 0.403998}}
{"target": 0.8972260333265953, "params": {"C": 175.95079920368394, "epsilon": 0.7814085854247977, "gamma": 0.10707158515462564, "lamda": 0.029918835630205247}, "datetime": {"datetime": "2021-09-20 10:40:07", "elapsed": 794.748079, "delta": 0.403002}}
{"target": 0.8820583665906799, "params": {"C": 190.8417554395811, "epsilon": 2.4180532329408133, "gamma": 0.1475989068330905, "lamda": 0.02753906461673303}, "datetime": {"datetime": "2021-09-20 10:40:08", "elapsed": 795.138077, "delta": 0.389998}}
{"target": 0.8958543965404658, "params": {"C": 179.78039668013227, "epsilon": 0.2264626687263827, "gamma": 0.059357709581748075, "lamda": 0.006634292876055659}, "datetime": {"datetime": "2021-09-20 10:40:08", "elapsed": 795.512862, "delta": 0.374785}}
{"target": 0.8845227302917281, "params": {"C": 172.58665743457377, "epsilon": 1.5641958493546453, "gamma": 0.14753500342702863, "lamda": 0.009199582329990373}, "datetime": {"datetime": "2021-09-20 10:40:09", "elapsed": 795.94286, "delta": 0.429998}}
{"target": 0.885907104624052, "params": {"C": 198.63937959663275, "epsilon": 3.0931519885657512, "gamma": 0.13242378396244978, "lamda": 0.02081539541944993}, "datetime": {"datetime": "2021-09-20 10:40:09", "elapsed": 796.352861, "delta": 0.410001}}
{"target": -5.493214083983945, "params": {"C": 183.4366385103366, "epsilon": 1.9598411007326542, "gamma": 0.05131363569230723, "lamda": 0.01382515213854562}, "datetime": {"datetime": "2021-09-20 10:40:28", "elapsed": 815.157475, "delta": 18.804614}}
{"target": -3.234576432321359, "params": {"C": 174.60359007467792, "epsilon": 2.9473557232514067, "gamma": 0.09686283427461093, "lamda": 0.01643512290223579}, "datetime": {"datetime": "2021-09-20 10:40:38", "elapsed": 825.731614, "delta": 10.574139}}
{"target": 0.8958105169284547, "params": {"C": 156.88313704728017, "epsilon": 0.14246606183356805, "gamma": 0.1258278260476996, "lamda": 0.01299882095194196}, "datetime": {"datetime": "2021-09-20 10:40:39", "elapsed": 826.086616, "delta": 0.355002}}
{"target": -3.8261153342849603, "params": {"C": 199.21917250967553, "epsilon": 0.9589134820207084, "gamma": 0.08387080254816796, "lamda": 0.01809740339165329}, "datetime": {"datetime": "2021-09-20 10:40:49", "elapsed": 836.712615, "delta": 10.625999}}
{"target": -5.155274739796955, "params": {"C": 187.74457285302663, "epsilon": 1.909045357211153, "gamma": 0.062482254311167634, "lamda": 0.012812534462301236}, "datetime": {"datetime": "2021-09-20 10:41:07", "elapsed": 854.227641, "delta": 17.515026}}
{"target": 0.891256202215385, "params": {"C": 175.22595848504972, "epsilon": 2.728011131265784, "gamma": 0.12701499563120922, "lamda": 0.008258394523858856}, "datetime": {"datetime": "2021-09-20 10:41:07", "elapsed": 854.624615, "delta": 0.396974}}
{"target": 0.8916626159559456, "params": {"C": 151.14575656611908, "epsilon": 2.124421056626759, "gamma": 0.13099887106624164, "lamda": 0.005315094175746908}, "datetime": {"datetime": "2021-09-20 10:41:08", "elapsed": 854.982616, "delta": 0.358001}}
{"target": -4.3630007821734225, "params": {"C": 183.6234922326867, "epsilon": 2.778552083962268, "gamma": 0.09492467535866375, "lamda": 0.027869717168548355}, "datetime": {"datetime": "2021-09-20 10:41:18", "elapsed": 865.885295, "delta": 10.902679}}
{"target": 0.8986561467484285, "params": {"C": 182.21805423784966, "epsilon": 0.12043536684071682, "gamma": 0.09844284455143756, "lamda": 0.02648294515244}, "datetime": {"datetime": "2021-09-20 10:41:19", "elapsed": 866.292294, "delta": 0.406999}}
{"target": 0.8933730955750957, "params": {"C": 191.51997850186697, "epsilon": 2.6317013687386637, "gamma": 0.11736984238986316, "lamda": 0.019462489494730013}, "datetime": {"datetime": "2021-09-20 10:41:19", "elapsed": 866.697265, "delta": 0.404971}}
{"target": 0.8955116283796672, "params": {"C": 163.7059887583426, "epsilon": 2.2860669630906294, "gamma": 0.11717297848174203, "lamda": 0.013810740755410219}, "datetime": {"datetime": "2021-09-20 10:41:20", "elapsed": 867.094257, "delta": 0.396992}}
{"target": 0.8940415519390575, "params": {"C": 192.7914183626964, "epsilon": 0.8606461954339584, "gamma": 0.12473208103319232, "lamda": 0.012240068654671935}, "datetime": {"datetime": "2021-09-20 10:41:20", "elapsed": 867.501635, "delta": 0.407378}}
{"target": 0.8898938155104825, "params": {"C": 188.6899643622091, "epsilon": 1.7681755844106972, "gamma": 0.13076984091122096, "lamda": 0.013838371566699759}, "datetime": {"datetime": "2021-09-20 10:41:20", "elapsed": 867.874577, "delta": 0.372942}}
{"target": -4.383056893069055, "params": {"C": 160.68466188147906, "epsilon": 3.0924095828448896, "gamma": 0.08086419476306511, "lamda": 0.023331126693160686}, "datetime": {"datetime": "2021-09-20 10:41:31", "elapsed": 878.049749, "delta": 10.175172}}
{"target": -4.437805286065757, "params": {"C": 187.22365765388662, "epsilon": 0.9634471335419842, "gamma": 0.07141121368206485, "lamda": 0.009973698085676667}, "datetime": {"datetime": "2021-09-20 10:41:43", "elapsed": 890.348084, "delta": 12.298335}}
{"target": 0.8923755670318223, "params": {"C": 157.12591688829224, "epsilon": 1.570622136908603, "gamma": 0.05266278846916215, "lamda": 0.007773009225856015}, "datetime": {"datetime": "2021-09-20 10:41:43", "elapsed": 890.746081, "delta": 0.397997}}
{"target": -5.568463478648042, "params": {"C": 183.72820118817052, "epsilon": 3.2191284938998064, "gamma": 0.05805295271283859, "lamda": 0.0107925577621448}, "datetime": {"datetime": "2021-09-20 10:42:04", "elapsed": 911.656132, "delta": 20.910051}}
{"target": 0.893182205335163, "params": {"C": 160.38128309019072, "epsilon": 3.6776008960183595, "gamma": 0.12113145181364866, "lamda": 0.018847115276285357}, "datetime": {"datetime": "2021-09-20 10:42:05", "elapsed": 912.102627, "delta": 0.446495}}
{"target": -4.627593780877987, "params": {"C": 165.22589939603102, "epsilon": 3.355930785764014, "gamma": 0.093530595762952, "lamda": 0.02808640537796938}, "datetime": {"datetime": "2021-09-20 10:42:17", "elapsed": 924.770005, "delta": 12.667378}}
{"target": -5.164521698012512, "params": {"C": 185.30259021679666, "epsilon": 1.9643221010646053, "gamma": 0.06262101037493586, "lamda": 0.02940108876169369}, "datetime": {"datetime": "2021-09-20 10:42:27", "elapsed": 934.799296, "delta": 10.029291}}
{"target": -2.986169042899689, "params": {"C": 157.99168251720468, "epsilon": 0.890148288356684, "gamma": 0.0931181755160371, "lamda": 0.015105047644378682}, "datetime": {"datetime": "2021-09-20 10:42:39", "elapsed": 946.814981, "delta": 12.015685}}
{"target": -5.2079389214838505, "params": {"C": 157.3375740382147, "epsilon": 2.944343785508381, "gamma": 0.06887450668771859, "lamda": 0.02109739110779157}, "datetime": {"datetime": "2021-09-20 10:42:58", "elapsed": 964.985349, "delta": 18.170368}}
{"target": 0.8971525558781225, "params": {"C": 187.71529752881494, "epsilon": 0.9218563291249509, "gamma": 0.110095424810764, "lamda": 0.023723209381145912}, "datetime": {"datetime": "2021-09-20 10:42:58", "elapsed": 965.420317, "delta": 0.434968}}
{"target": -4.167940921521786, "params": {"C": 181.91093553101666, "epsilon": 2.4287964814919314, "gamma": 0.0795482285655497, "lamda": 0.02329016178103772}, "datetime": {"datetime": "2021-09-20 10:43:07", "elapsed": 974.625608, "delta": 9.205291}}
{"target": 0.8905442936043103, "params": {"C": 197.2654219999975, "epsilon": 1.7596894220200332, "gamma": 0.12821818168314053, "lamda": 0.006403525991547882}, "datetime": {"datetime": "2021-09-20 10:43:08", "elapsed": 975.181606, "delta": 0.555998}}
{"target": -4.442924802865626, "params": {"C": 191.7635801244983, "epsilon": 0.8497750656063761, "gamma": 0.08950968688899733, "lamda": 0.01250202614813391}, "datetime": {"datetime": "2021-09-20 10:43:20", "elapsed": 987.720593, "delta": 12.538987}}
{"target": -3.5952469086196173, "params": {"C": 154.00518219030246, "epsilon": 3.6280609114513473, "gamma": 0.08701541775537383, "lamda": 0.018267435961903486}, "datetime": {"datetime": "2021-09-20 10:43:33", "elapsed": 1000.069996, "delta": 12.349403}}
{"target": -4.365914008378344, "params": {"C": 174.70581329481627, "epsilon": 0.6154284535774588, "gamma": 0.0706454058889433, "lamda": 0.006904720225808029}, "datetime": {"datetime": "2021-09-20 10:43:40", "elapsed": 1007.460626, "delta": 7.39063}}
{"target": -4.3116505947778005, "params": {"C": 175.39608499726438, "epsilon": 1.1200432521486499, "gamma": 0.08570616088827919, "lamda": 0.007701633217430921}, "datetime": {"datetime": "2021-09-20 10:43:52", "elapsed": 1018.951292, "delta": 11.490666}}
{"target": 0.8835276998107184, "params": {"C": 189.37759198262535, "epsilon": 0.5156771194763243, "gamma": 0.14857088237131877, "lamda": 0.009429029110960434}, "datetime": {"datetime": "2021-09-20 10:43:52", "elapsed": 1019.340327, "delta": 0.389035}}
{"target": 0.8942976220158141, "params": {"C": 178.62025562173247, "epsilon": 0.2748968048974437, "gamma": 0.1287116289655834, "lamda": 0.009740148695457414}, "datetime": {"datetime": "2021-09-20 10:43:52", "elapsed": 1019.743294, "delta": 0.402967}}
{"target": -5.56040537835969, "params": {"C": 176.39519892040633, "epsilon": 2.9863024183203795, "gamma": 0.06499314849172559, "lamda": 0.01877717935467429}, "datetime": {"datetime": "2021-09-20 10:44:02", "elapsed": 1029.520708, "delta": 9.777414}}
{"target": 0.8936395938071828, "params": {"C": 160.83086041643898, "epsilon": 3.0608645923368645, "gamma": 0.12229151935562137, "lamda": 0.009413725856927076}, "datetime": {"datetime": "2021-09-20 10:44:03", "elapsed": 1029.943708, "delta": 0.423}}
{"target": 0.8894290820567363, "params": {"C": 193.09832788335368, "epsilon": 0.17712288811374263, "gamma": 0.13602369974231152, "lamda": 0.01897259527902346}, "datetime": {"datetime": "2021-09-20 10:44:03", "elapsed": 1030.327412, "delta": 0.383704}}
{"target": 0.8927231650721481, "params": {"C": 170.16102360529246, "epsilon": 3.059113030987113, "gamma": 0.12169290016924698, "lamda": 0.029683154370210664}, "datetime": {"datetime": "2021-09-20 10:44:03", "elapsed": 1030.759666, "delta": 0.432254}}
{"target": 0.8889502234956929, "params": {"C": 163.90425243064914, "epsilon": 0.11479532239643608, "gamma": 0.14339026083148876, "lamda": 0.026447427613447344}, "datetime": {"datetime": "2021-09-20 10:44:04", "elapsed": 1031.11967, "delta": 0.360004}}
{"target": 0.8934644231193977, "params": {"C": 186.4425438759628, "epsilon": 2.115086253394, "gamma": 0.1206956245248761, "lamda": 0.02451323892191857}, "datetime": {"datetime": "2021-09-20 10:44:04", "elapsed": 1031.543667, "delta": 0.423997}}
{"target": 0.8914580147854794, "params": {"C": 168.74379717684297, "epsilon": 3.1042578487868346, "gamma": 0.12506243191751754, "lamda": 0.020330280288606492}, "datetime": {"datetime": "2021-09-20 10:44:05", "elapsed": 1031.954669, "delta": 0.411002}}
{"target": -5.940226480784014, "params": {"C": 170.09329619839187, "epsilon": 2.81950127513093, "gamma": 0.05031128578251921, "lamda": 0.024372416168114943}, "datetime": {"datetime": "2021-09-20 10:44:22", "elapsed": 1049.400153, "delta": 17.445484}}
{"target": -4.484972304060104, "params": {"C": 194.82083012284235, "epsilon": 1.033331259006268, "gamma": 0.062076718430922974, "lamda": 0.010507099694843189}, "datetime": {"datetime": "2021-09-20 10:44:32", "elapsed": 1059.679915, "delta": 10.279762}}
{"target": 0.8926399387436261, "params": {"C": 165.10483656450492, "epsilon": 3.543811183398953, "gamma": 0.10431664302380944, "lamda": 0.012167791240160764}, "datetime": {"datetime": "2021-09-20 10:44:33", "elapsed": 1060.209912, "delta": 0.529997}}
{"target": 0.8962342457822071, "params": {"C": 156.91773448964733, "epsilon": 1.2315634061077125, "gamma": 0.11138710897412527, "lamda": 0.013103463247436165}, "datetime": {"datetime": "2021-09-20 10:44:33", "elapsed": 1060.765844, "delta": 0.555932}}
{"target": 0.8907092922239395, "params": {"C": 172.86800908454993, "epsilon": 1.8320567173647964, "gamma": 0.13281353607315122, "lamda": 0.015658703855905766}, "datetime": {"datetime": "2021-09-20 10:44:34", "elapsed": 1061.261849, "delta": 0.496005}}
{"target": -5.040157293365382, "params": {"C": 167.28494105877513, "epsilon": 2.7323892587555103, "gamma": 0.07214820557335287, "lamda": 0.016681145598163843}, "datetime": {"datetime": "2021-09-20 10:44:43", "elapsed": 1070.829209, "delta": 9.56736}}
{"target": 0.8875596865403839, "params": {"C": 165.73828436620082, "epsilon": 2.544736848435055, "gamma": 0.13773604746948126, "lamda": 0.01619222500364071}, "datetime": {"datetime": "2021-09-20 10:44:44", "elapsed": 1071.240211, "delta": 0.411002}}
{"target": 0.8955207120318849, "params": {"C": 189.22287093959616, "epsilon": 1.8821662321900465, "gamma": 0.11562293317171314, "lamda": 0.008296024375687553}, "datetime": {"datetime": "2021-09-20 10:44:44", "elapsed": 1071.663208, "delta": 0.422997}}
{"target": 0.8933212638613641, "params": {"C": 171.6490753483824, "epsilon": 3.646316755754253, "gamma": 0.11054790010309345, "lamda": 0.024169364680927553}, "datetime": {"datetime": "2021-09-20 10:44:45", "elapsed": 1072.10321, "delta": 0.440002}}
