{"target": 0.6629945317706465, "params": {"C": 23.763754177305756, "epsilon": 8.73888848940733, "gamma": 0.9, "lamda": 0.1}, "datetime": {"datetime": "2021-07-03 15:21:44", "elapsed": 639.899079, "delta": 1.577777}}
{"target": 0.676413804179523, "params": {"C": 29.42070799892191, "epsilon": 8.27267645820041, "gamma": 0.9, "lamda": 1.0}, "datetime": {"datetime": "2021-07-03 15:21:45", "elapsed": 641.189078, "delta": 1.289999}}
{"target": 0.6686392485938291, "params": {"C": 24.97801973117359, "epsilon": 8.240359070391627, "gamma": 0.9, "lamda": 1.0}, "datetime": {"datetime": "2021-07-03 15:21:46", "elapsed": 642.352131, "delta": 1.163053}}
{"target": 0.652657721989931, "params": {"C": 21.80586453979037, "epsilon": 9.493151330503123, "gamma": 0.9, "lamda": 0.1}, "datetime": {"datetime": "2021-07-03 15:21:47", "elapsed": 643.546093, "delta": 1.193962}}
{"target": 0.6743174153491075, "params": {"C": 26.330946312378938, "epsilon": 1.8561733082909901, "gamma": 0.9, "lamda": 1.0}, "datetime": {"datetime": "2021-07-03 15:21:48", "elapsed": 644.625117, "delta": 1.079024}}
{"target": 0.6421394154769842, "params": {"C": 20.363569788376562, "epsilon": 1.0, "gamma": 0.9, "lamda": 0.1}, "datetime": {"datetime": "2021-07-03 15:21:50", "elapsed": 645.734088, "delta": 1.108971}}
{"target": 0.6636553772154595, "params": {"C": 23.873156284752344, "epsilon": 8.11904824413111, "gamma": 0.9, "lamda": 1.0}, "datetime": {"datetime": "2021-07-03 15:21:51", "elapsed": 646.81309, "delta": 1.079002}}
{"target": 0.6405302692892735, "params": {"C": 20.0, "epsilon": 2.8590574335186663, "gamma": 0.9, "lamda": 1.0}, "datetime": {"datetime": "2021-07-03 15:21:53", "elapsed": 648.707135, "delta": 1.894045}}
{"target": -6.0312598214551585, "params": {"C": 22.71226076680037, "epsilon": 9.997647722163, "gamma": 0.07229750517312586, "lamda": 0.11393810275942975}, "datetime": {"datetime": "2021-07-03 15:22:00", "elapsed": 656.169121, "delta": 7.461986}}
{"target": 0.6772493947010976, "params": {"C": 28.48347661623851, "epsilon": 2.9339409216132557, "gamma": 0.8976454732969663, "lamda": 0.39314987243286803}, "datetime": {"datetime": "2021-07-03 15:22:01", "elapsed": 657.128094, "delta": 0.958973}}
{"target": 0.6652126079129606, "params": {"C": 23.61154256447727, "epsilon": 9.10448337956519, "gamma": 0.889338402436306, "lamda": 0.8600692067164645}, "datetime": {"datetime": "2021-07-03 15:22:02", "elapsed": 658.602137, "delta": 1.474043}}
{"target": -3.821081352211195, "params": {"C": 23.32467652345196, "epsilon": 6.225775673066014, "gamma": 0.05, "lamda": 1.0}, "datetime": {"datetime": "2021-07-03 15:22:14", "elapsed": 669.727126, "delta": 11.124989}}
{"target": 0.6697573413576736, "params": {"C": 25.17273338105327, "epsilon": 7.226666952529589, "gamma": 0.9, "lamda": 0.1}, "datetime": {"datetime": "2021-07-03 15:22:15", "elapsed": 671.265162, "delta": 1.538036}}
{"target": 0.6799660414496178, "params": {"C": 25.80853597764745, "epsilon": 3.863632219901617, "gamma": 0.8747037686043287, "lamda": 0.7861597884315901}, "datetime": {"datetime": "2021-07-03 15:22:16", "elapsed": 672.640095, "delta": 1.374933}}
{"target": -5.595930126490284, "params": {"C": 21.834351740603406, "epsilon": 9.074785946922066, "gamma": 0.0666947438107807, "lamda": 0.11090359932246545}, "datetime": {"datetime": "2021-07-03 15:22:24", "elapsed": 679.806134, "delta": 7.166039}}
{"target": 0.6730074007657619, "params": {"C": 25.996218601636194, "epsilon": 8.715388239494944, "gamma": 0.9, "lamda": 0.576962176916631}, "datetime": {"datetime": "2021-07-03 15:22:25", "elapsed": 681.126159, "delta": 1.320025}}
{"target": 0.7099782781240789, "params": {"C": 22.386430587374445, "epsilon": 9.454825556708903, "gamma": 0.7320939170111606, "lamda": 0.2727578178573511}, "datetime": {"datetime": "2021-07-03 15:22:26", "elapsed": 682.429123, "delta": 1.302964}}
{"target": 0.6576146364732522, "params": {"C": 22.69071145551624, "epsilon": 8.844393273570462, "gamma": 0.9, "lamda": 0.1}, "datetime": {"datetime": "2021-07-03 15:22:28", "elapsed": 683.893195, "delta": 1.464072}}
{"target": 0.8742688813718799, "params": {"C": 24.78981103044455, "epsilon": 7.8792403422407205, "gamma": 0.16238029128430803, "lamda": 0.2814810758198347}, "datetime": {"datetime": "2021-07-03 15:22:29", "elapsed": 684.935139, "delta": 1.041944}}
{"target": 0.7887300487135718, "params": {"C": 25.257537058505875, "epsilon": 7.868576561209444, "gamma": 0.5204061016396694, "lamda": 0.44923866180902317}, "datetime": {"datetime": "2021-07-03 15:22:30", "elapsed": 686.391646, "delta": 1.456507}}
{"target": 0.6674075333162299, "params": {"C": 24.407762834398646, "epsilon": 5.987517308548552, "gamma": 0.8964890907443794, "lamda": 0.4368723720434453}, "datetime": {"datetime": "2021-07-03 15:22:31", "elapsed": 687.370145, "delta": 0.978499}}
{"target": 0.8289893408953788, "params": {"C": 26.78365079991355, "epsilon": 5.216596620177453, "gamma": 0.3769461356950408, "lamda": 0.12311365642143335}, "datetime": {"datetime": "2021-07-03 15:22:32", "elapsed": 688.313159, "delta": 0.943014}}
{"target": 0.6987636045148342, "params": {"C": 29.35236803467998, "epsilon": 6.360099737142756, "gamma": 0.8196887445867158, "lamda": 0.16037662881262474}, "datetime": {"datetime": "2021-07-03 15:22:33", "elapsed": 689.287163, "delta": 0.974004}}
{"target": 0.7180912899831793, "params": {"C": 26.867529237196244, "epsilon": 5.151813336654, "gamma": 0.7551977299053335, "lamda": 0.6300828647033865}, "datetime": {"datetime": "2021-07-03 15:22:34", "elapsed": 690.472201, "delta": 1.185038}}
{"target": -2.1898258236315895, "params": {"C": 29.586570725779247, "epsilon": 7.692255307865477, "gamma": 0.28149160966747727, "lamda": 0.7587382908526158}, "datetime": {"datetime": "2021-07-03 15:22:44", "elapsed": 700.463173, "delta": 9.990972}}
{"target": 0.7250912246767537, "params": {"C": 24.807371330142537, "epsilon": 8.316560748763596, "gamma": 0.7168764648027708, "lamda": 0.28403195832462763}, "datetime": {"datetime": "2021-07-03 15:22:46", "elapsed": 702.332198, "delta": 1.869025}}
{"target": 0.708147151753277, "params": {"C": 25.55436528098454, "epsilon": 1.6006790569085765, "gamma": 0.7756596862766089, "lamda": 0.14472855076728156}, "datetime": {"datetime": "2021-07-03 15:22:47", "elapsed": 703.449148, "delta": 1.11695}}
{"target": 0.676367842413055, "params": {"C": 27.513585310613117, "epsilon": 2.378462078747108, "gamma": 0.9, "lamda": 0.45565286305440317}, "datetime": {"datetime": "2021-07-03 15:22:49", "elapsed": 705.000187, "delta": 1.551039}}
{"target": -5.301507862964363, "params": {"C": 25.233946939471082, "epsilon": 8.219958515188454, "gamma": 0.06876881816047076, "lamda": 0.1}, "datetime": {"datetime": "2021-07-03 15:22:56", "elapsed": 712.432225, "delta": 7.432038}}
{"target": 0.7511290430111984, "params": {"C": 24.91973125038053, "epsilon": 4.082892138600405, "gamma": 0.6406107729870161, "lamda": 0.5769404833248302}, "datetime": {"datetime": "2021-07-03 15:22:58", "elapsed": 713.958162, "delta": 1.525937}}
{"target": 0.6760664335679728, "params": {"C": 29.623881918807058, "epsilon": 1.2529694496169363, "gamma": 0.9, "lamda": 0.5343895138685938}, "datetime": {"datetime": "2021-07-03 15:22:59", "elapsed": 715.1862, "delta": 1.228038}}
{"target": 0.6767436432602715, "params": {"C": 28.691513879939862, "epsilon": 3.8699250726847567, "gamma": 0.9, "lamda": 0.5712544593432552}, "datetime": {"datetime": "2021-07-03 15:23:00", "elapsed": 716.466206, "delta": 1.280006}}
{"target": 0.8513761020512628, "params": {"C": 21.63226286766383, "epsilon": 8.013348220763334, "gamma": 0.25767712055843806, "lamda": 0.5191140482369077}, "datetime": {"datetime": "2021-07-03 15:23:01", "elapsed": 717.362349, "delta": 0.896143}}
{"target": 0.6765261963513529, "params": {"C": 27.950871440419352, "epsilon": 6.942503344730652, "gamma": 0.9, "lamda": 0.5183227557121537}, "datetime": {"datetime": "2021-07-03 15:23:03", "elapsed": 718.865276, "delta": 1.502927}}
{"target": 0.6682209729730919, "params": {"C": 24.85531380536211, "epsilon": 7.761126454385438, "gamma": 0.9, "lamda": 0.45802465514722907}, "datetime": {"datetime": "2021-07-03 15:23:04", "elapsed": 720.150202, "delta": 1.284926}}
{"target": 0.6718246529341783, "params": {"C": 25.649947406159505, "epsilon": 7.7121206449095006, "gamma": 0.9, "lamda": 0.5791110196597234}, "datetime": {"datetime": "2021-07-03 15:23:08", "elapsed": 723.725231, "delta": 3.575029}}
{"target": 0.7122126660728962, "params": {"C": 25.666567997576895, "epsilon": 4.504794332758463, "gamma": 0.7648941497266536, "lamda": 0.4019325195476585}, "datetime": {"datetime": "2021-07-03 15:23:09", "elapsed": 725.014342, "delta": 1.289111}}
{"target": 0.8196884289087657, "params": {"C": 27.239449061349518, "epsilon": 8.583445772012555, "gamma": 0.39861733384800774, "lamda": 0.41867617562820336}, "datetime": {"datetime": "2021-07-03 15:23:10", "elapsed": 725.988224, "delta": 0.973882}}
{"target": 0.8154002828597761, "params": {"C": 25.106722956714844, "epsilon": 4.532575769635688, "gamma": 0.4289266855003046, "lamda": 0.8096552531610703}, "datetime": {"datetime": "2021-07-03 15:23:11", "elapsed": 726.89324, "delta": 0.905016}}
{"target": 0.6760022291482799, "params": {"C": 28.02634414382465, "epsilon": 8.674622115317765, "gamma": 0.9, "lamda": 0.6159116944988365}, "datetime": {"datetime": "2021-07-03 15:23:12", "elapsed": 728.326216, "delta": 1.432976}}
{"target": 0.6873441592267482, "params": {"C": 27.353964298576443, "epsilon": 4.335287639469106, "gamma": 0.8619383828993828, "lamda": 0.5929501953694138}, "datetime": {"datetime": "2021-07-03 15:23:14", "elapsed": 730.237223, "delta": 1.911007}}
{"target": 0.6928194161610721, "params": {"C": 28.662090364849245, "epsilon": 3.8548834130901835, "gamma": 0.8428588642299967, "lamda": 0.5346918212535635}, "datetime": {"datetime": "2021-07-03 15:23:15", "elapsed": 731.338234, "delta": 1.101011}}
{"target": 0.8338571900657515, "params": {"C": 27.726555420391605, "epsilon": 9.102947652006849, "gamma": 0.3477286391765639, "lamda": 0.26856626745310785}, "datetime": {"datetime": "2021-07-03 15:23:17", "elapsed": 733.12622, "delta": 1.787986}}
{"target": 0.8414791937419303, "params": {"C": 26.65896270332336, "epsilon": 4.505461943553655, "gamma": 0.33281709459473885, "lamda": 0.47900352377966465}, "datetime": {"datetime": "2021-07-03 15:23:18", "elapsed": 734.389233, "delta": 1.263013}}
{"target": 0.8289808739680506, "params": {"C": 25.995775457337974, "epsilon": 4.497001743988063, "gamma": 0.37983876424419505, "lamda": 1.0}, "datetime": {"datetime": "2021-07-03 15:23:19", "elapsed": 735.644268, "delta": 1.255035}}
{"target": 0.8371164124293056, "params": {"C": 27.266146210812646, "epsilon": 4.860018619868986, "gamma": 0.3484034006160527, "lamda": 0.1}, "datetime": {"datetime": "2021-07-03 15:23:22", "elapsed": 738.371492, "delta": 2.727224}}
{"target": 0.814487988765808, "params": {"C": 25.42697804035834, "epsilon": 7.026905241559036, "gamma": 0.4258704642854444, "lamda": 0.5841654648540234}, "datetime": {"datetime": "2021-07-03 15:23:24", "elapsed": 740.244223, "delta": 1.872731}}
{"target": -0.7101435563474334, "params": {"C": 29.203927041247606, "epsilon": 2.1405832181762756, "gamma": 0.3407897300476891, "lamda": 0.8364689000794266}, "datetime": {"datetime": "2021-07-03 15:23:39", "elapsed": 754.878385, "delta": 14.634162}}
{"target": 0.6485166904968925, "params": {"C": 21.252986487796186, "epsilon": 3.2437526743746203, "gamma": 0.9, "lamda": 0.3620945102154844}, "datetime": {"datetime": "2021-07-03 15:23:41", "elapsed": 756.975428, "delta": 2.097043}}
{"target": -5.249388960185434, "params": {"C": 28.49555697971259, "epsilon": 9.769082877134377, "gamma": 0.11153560221193096, "lamda": 0.2838958760170637}, "datetime": {"datetime": "2021-07-03 15:24:02", "elapsed": 777.695556, "delta": 20.720128}}
{"target": -5.11805999291395, "params": {"C": 25.68245493493555, "epsilon": 4.190885388480727, "gamma": 0.06872593806262263, "lamda": 0.2670631182048281}, "datetime": {"datetime": "2021-07-03 15:24:19", "elapsed": 795.165767, "delta": 17.470211}}
{"target": 0.8472840554279873, "params": {"C": 27.35498178871266, "epsilon": 6.672507970023118, "gamma": 0.29216218853270215, "lamda": 0.44382728573844105}, "datetime": {"datetime": "2021-07-03 15:24:21", "elapsed": 797.604428, "delta": 2.438661}}
{"target": 0.8873089926384005, "params": {"C": 28.97782546835528, "epsilon": 5.795661734648161, "gamma": 0.10810849525755137, "lamda": 0.2929802495164977}, "datetime": {"datetime": "2021-07-03 15:24:23", "elapsed": 798.878672, "delta": 1.274244}}
{"target": 0.8468865249306374, "params": {"C": 28.426513118923587, "epsilon": 6.372123974526856, "gamma": 0.2969819929218906, "lamda": 0.46491781833588164}, "datetime": {"datetime": "2021-07-03 15:24:24", "elapsed": 800.429661, "delta": 1.550989}}
{"target": -3.3718218017592365, "params": {"C": 27.784380850594474, "epsilon": 6.144539037778855, "gamma": 0.1148011118219528, "lamda": 0.1}, "datetime": {"datetime": "2021-07-03 15:24:30", "elapsed": 805.738829, "delta": 5.309168}}
{"target": 0.7102880314210768, "params": {"C": 28.20771721101831, "epsilon": 2.152293881963114, "gamma": 0.7814195799283452, "lamda": 0.24193811474746266}, "datetime": {"datetime": "2021-07-03 15:24:31", "elapsed": 806.744674, "delta": 1.005845}}
{"target": 0.6726600554467128, "params": {"C": 25.811303259030367, "epsilon": 6.599010581681126, "gamma": 0.9, "lamda": 0.2580196168075553}, "datetime": {"datetime": "2021-07-03 15:24:32", "elapsed": 807.998392, "delta": 1.253718}}
{"target": 0.7995603317165825, "params": {"C": 24.455889793490776, "epsilon": 4.344536035668414, "gamma": 0.4838213986306707, "lamda": 0.7046822725436397}, "datetime": {"datetime": "2021-07-03 15:24:33", "elapsed": 808.93594, "delta": 0.937548}}
{"target": 0.8543950792644479, "params": {"C": 27.794025946420305, "epsilon": 6.890186463534909, "gamma": 0.25955774361561024, "lamda": 0.9764056443361733}, "datetime": {"datetime": "2021-07-03 15:24:34", "elapsed": 810.382673, "delta": 1.446733}}
{"target": 0.6827887541153197, "params": {"C": 26.906001524638302, "epsilon": 6.98470545054312, "gamma": 0.8761028455658647, "lamda": 0.27134256923600053}, "datetime": {"datetime": "2021-07-03 15:24:35", "elapsed": 811.399548, "delta": 1.016875}}
{"target": 0.7767021733421446, "params": {"C": 26.654529397714036, "epsilon": 2.199038025907447, "gamma": 0.570676598456682, "lamda": 0.6266836839683956}, "datetime": {"datetime": "2021-07-03 15:24:36", "elapsed": 812.494676, "delta": 1.095128}}
{"target": 0.845151866098434, "params": {"C": 23.498107696361707, "epsilon": 9.374701112015288, "gamma": 0.29141382765427837, "lamda": 0.30056578722634963}, "datetime": {"datetime": "2021-07-03 15:24:37", "elapsed": 813.517553, "delta": 1.022877}}
{"target": 0.6694938721053514, "params": {"C": 25.12315960049377, "epsilon": 2.600071776866404, "gamma": 0.8995565497693722, "lamda": 0.6308762851523848}, "datetime": {"datetime": "2021-07-03 15:24:39", "elapsed": 814.842622, "delta": 1.325069}}
{"target": 0.7339963837808512, "params": {"C": 26.852206966329245, "epsilon": 5.135584585007264, "gamma": 0.705234703888805, "lamda": 0.6318310950186797}, "datetime": {"datetime": "2021-07-03 15:24:40", "elapsed": 816.023543, "delta": 1.180921}}
{"target": 0.6761926190391063, "params": {"C": 26.78386469545813, "epsilon": 3.629370625640542, "gamma": 0.9, "lamda": 0.8182269160174285}, "datetime": {"datetime": "2021-07-03 15:24:41", "elapsed": 817.400449, "delta": 1.376906}}
{"target": -3.1636545386565142, "params": {"C": 29.050836304138137, "epsilon": 6.385894878493127, "gamma": 0.14315715311365984, "lamda": 0.1}, "datetime": {"datetime": "2021-07-03 15:24:50", "elapsed": 826.472884, "delta": 9.072435}}
{"target": 0.6677982462538631, "params": {"C": 22.107485241477153, "epsilon": 4.067699321673443, "gamma": 0.8545700339831322, "lamda": 0.29499125284142874}, "datetime": {"datetime": "2021-07-03 15:24:52", "elapsed": 828.261735, "delta": 1.788851}}
{"target": 0.7120885098535201, "params": {"C": 29.321803067131352, "epsilon": 6.322709779440597, "gamma": 0.7755952010943504, "lamda": 0.12399530876349829}, "datetime": {"datetime": "2021-07-03 15:24:53", "elapsed": 829.231719, "delta": 0.969984}}
{"target": 0.8734345019138037, "params": {"C": 23.26316835221856, "epsilon": 8.766747828141618, "gamma": 0.1629882761261415, "lamda": 0.16816156851660208}, "datetime": {"datetime": "2021-07-03 15:24:54", "elapsed": 830.621604, "delta": 1.389885}}
{"target": 0.8721825731071371, "params": {"C": 21.44666501475887, "epsilon": 8.376198720550187, "gamma": 0.05, "lamda": 0.7053071386495724}, "datetime": {"datetime": "2021-07-03 15:24:56", "elapsed": 832.09779, "delta": 1.476186}}
{"target": 0.6497654535513553, "params": {"C": 21.54820140573132, "epsilon": 1.663619443945037, "gamma": 0.9, "lamda": 1.0}, "datetime": {"datetime": "2021-07-03 15:24:57", "elapsed": 833.367493, "delta": 1.269703}}
{"target": 0.7773541363464059, "params": {"C": 24.500880187103935, "epsilon": 2.254179253868145, "gamma": 0.5566489995710877, "lamda": 0.1}, "datetime": {"datetime": "2021-07-03 15:24:59", "elapsed": 834.859611, "delta": 1.492118}}
{"target": 0.668460171221263, "params": {"C": 24.86355458313488, "epsilon": 6.722135199795124, "gamma": 0.9, "lamda": 0.8962203501068389}, "datetime": {"datetime": "2021-07-03 15:25:00", "elapsed": 836.390624, "delta": 1.531013}}
{"target": 0.6748943639778411, "params": {"C": 26.528819087127452, "epsilon": 1.332290497150753, "gamma": 0.9, "lamda": 0.1}, "datetime": {"datetime": "2021-07-03 15:25:02", "elapsed": 837.759576, "delta": 1.368952}}
{"target": 0.7657773610905027, "params": {"C": 27.04237540554531, "epsilon": 7.8255256050626185, "gamma": 0.6032354366432132, "lamda": 0.5386517881235745}, "datetime": {"datetime": "2021-07-03 15:25:03", "elapsed": 838.815849, "delta": 1.056273}}
{"target": 0.8295222187383438, "params": {"C": 27.5641367702248, "epsilon": 7.454993358729636, "gamma": 0.3650106228812561, "lamda": 0.36029125749369684}, "datetime": {"datetime": "2021-07-03 15:25:04", "elapsed": 840.306458, "delta": 1.490609}}
{"target": -2.124248524351785, "params": {"C": 24.952304058100516, "epsilon": 7.8181216363402, "gamma": 0.25847176176913406, "lamda": 1.0}, "datetime": {"datetime": "2021-07-03 15:25:16", "elapsed": 852.313719, "delta": 12.007261}}
{"target": 0.6729226389273459, "params": {"C": 25.431257624889362, "epsilon": 5.269113296112695, "gamma": 0.8935739889656982, "lamda": 0.9047553030470582}, "datetime": {"datetime": "2021-07-03 15:25:17", "elapsed": 853.630803, "delta": 1.317084}}
{"target": 0.6630414477774018, "params": {"C": 23.854461539940214, "epsilon": 2.194104278402591, "gamma": 0.9, "lamda": 0.8004369732245039}, "datetime": {"datetime": "2021-07-03 15:25:20", "elapsed": 855.848071, "delta": 2.217268}}
{"target": 0.8536658056889792, "params": {"C": 26.96131272175961, "epsilon": 6.656671495425695, "gamma": 0.26365808927112655, "lamda": 1.0}, "datetime": {"datetime": "2021-07-03 15:25:23", "elapsed": 858.89963, "delta": 3.051559}}
{"target": 0.7270798559335436, "params": {"C": 27.32274930858236, "epsilon": 7.148114629167868, "gamma": 0.7257639101078902, "lamda": 0.6914026509934696}, "datetime": {"datetime": "2021-07-03 15:25:25", "elapsed": 861.171744, "delta": 2.272114}}
{"target": 0.7539555815315766, "params": {"C": 21.394059635827514, "epsilon": 4.974570939285261, "gamma": 0.5931003506574726, "lamda": 0.459149453118194}, "datetime": {"datetime": "2021-07-03 15:25:26", "elapsed": 862.23083, "delta": 1.059086}}
{"target": 0.6767927321774847, "params": {"C": 29.109077287999185, "epsilon": 5.660591599250809, "gamma": 0.9, "lamda": 1.0}, "datetime": {"datetime": "2021-07-03 15:25:27", "elapsed": 863.591753, "delta": 1.360923}}
{"target": 0.6702267411312277, "params": {"C": 22.128540924919907, "epsilon": 5.384932445292568, "gamma": 0.8477123473836082, "lamda": 0.48183303232787444}, "datetime": {"datetime": "2021-07-03 15:25:29", "elapsed": 865.255438, "delta": 1.663685}}
{"target": 0.675960885035387, "params": {"C": 26.792932579270882, "epsilon": 2.349379168404293, "gamma": 0.9, "lamda": 0.1}, "datetime": {"datetime": "2021-07-03 15:25:32", "elapsed": 867.715564, "delta": 2.460126}}
{"target": 0.7733739756103825, "params": {"C": 26.178135343713564, "epsilon": 9.267010721357408, "gamma": 0.5754536021406521, "lamda": 0.7149304821196096}, "datetime": {"datetime": "2021-07-03 15:25:33", "elapsed": 869.152855, "delta": 1.437291}}
{"target": 0.6766716578745787, "params": {"C": 27.94963381557838, "epsilon": 6.1008647868012496, "gamma": 0.9, "lamda": 0.7820261513141196}, "datetime": {"datetime": "2021-07-03 15:25:36", "elapsed": 871.704718, "delta": 2.551863}}
{"target": 0.6715360144026199, "params": {"C": 25.702721510656033, "epsilon": 9.56699670211363, "gamma": 0.9, "lamda": 0.6890008591744242}, "datetime": {"datetime": "2021-07-03 15:25:38", "elapsed": 874.641565, "delta": 2.936847}}
{"target": -2.841521816404489, "params": {"C": 27.881064368337757, "epsilon": 8.55694900912175, "gamma": 0.2091146584928227, "lamda": 1.0}, "datetime": {"datetime": "2021-07-03 15:25:55", "elapsed": 891.048003, "delta": 16.406438}}
{"target": 0.8860239798861674, "params": {"C": 26.917566221497587, "epsilon": 7.126735961972437, "gamma": 0.10356779266528829, "lamda": 0.1}, "datetime": {"datetime": "2021-07-03 15:25:57", "elapsed": 893.001763, "delta": 1.95376}}
{"target": 0.734412461288628, "params": {"C": 23.86186331573162, "epsilon": 1.2544094335597293, "gamma": 0.6788087255813812, "lamda": 0.4743986288967089}, "datetime": {"datetime": "2021-07-03 15:25:58", "elapsed": 894.243497, "delta": 1.241734}}
{"target": 0.8593234728768219, "params": {"C": 24.247513301177126, "epsilon": 1.0, "gamma": 0.24851500857176853, "lamda": 0.1}, "datetime": {"datetime": "2021-07-03 15:26:00", "elapsed": 896.14848, "delta": 1.904983}}
