{"target": -2.115413305267772, "params": {"C": 91.7051950816861, "epsilon": 11.514869697636872, "gamma": 0.09729521987623187, "lamda": 0.16865105915532838}, "datetime": {"datetime": "2021-09-19 21:38:29", "elapsed": 1604.838106, "delta": 8.478002}}
{"target": 0.9037154204121105, "params": {"C": 95.58616323661255, "epsilon": 17.404519704930337, "gamma": 0.0779662997726371, "lamda": 0.004868885856572101}, "datetime": {"datetime": "2021-09-19 21:38:30", "elapsed": 1605.660101, "delta": 0.821995}}
{"target": -7.321694191833652, "params": {"C": 98.43996714413808, "epsilon": 17.56146289892913, "gamma": 0.04532122455956834, "lamda": 1.0783290354926787}, "datetime": {"datetime": "2021-09-19 21:38:44", "elapsed": 1619.893104, "delta": 14.233003}}
{"target": -8.863753237231718, "params": {"C": 99.89906185268484, "epsilon": 22.395014969996193, "gamma": 0.047597451901129205, "lamda": 0.08420928509247685}, "datetime": {"datetime": "2021-09-19 21:38:57", "elapsed": 1633.55952, "delta": 13.666416}}
{"target": -7.606493586670634, "params": {"C": 96.80745966849624, "epsilon": 19.100338330653557, "gamma": 0.04989957538735984, "lamda": 0.12976954298692703}, "datetime": {"datetime": "2021-09-19 21:39:11", "elapsed": 1647.297517, "delta": 13.737997}}
{"target": -6.777915724207923, "params": {"C": 77.57373918379642, "epsilon": 14.370699064886015, "gamma": 0.030619344434776728, "lamda": 0.666273798847142}, "datetime": {"datetime": "2021-09-19 21:39:20", "elapsed": 1656.33548, "delta": 9.037963}}
{"target": 0.8786487910154983, "params": {"C": 96.27061452759423, "epsilon": 17.945826615392495, "gamma": 0.018525346335140414, "lamda": 0.0012817817204863386}, "datetime": {"datetime": "2021-09-19 21:39:21", "elapsed": 1657.461517, "delta": 1.126037}}
{"target": -6.754058731793779, "params": {"C": 93.06195429861438, "epsilon": 15.443196016057517, "gamma": 0.04867475493519017, "lamda": 0.05162507226179926}, "datetime": {"datetime": "2021-09-19 21:39:31", "elapsed": 1666.733608, "delta": 9.272091}}
{"target": -2.6555651369181392, "params": {"C": 68.26054585919509, "epsilon": 11.220908881204458, "gamma": 0.06664717868353516, "lamda": 0.01972467598300582}, "datetime": {"datetime": "2021-09-19 21:39:39", "elapsed": 1675.513702, "delta": 8.780094}}
{"target": -5.989380730378024, "params": {"C": 90.94184418083924, "epsilon": 14.895024059362887, "gamma": 0.04686863651131043, "lamda": 0.35068157019851603}, "datetime": {"datetime": "2021-09-19 21:39:54", "elapsed": 1689.904793, "delta": 14.391091}}
{"target": -5.522809693593391, "params": {"C": 91.70162624921342, "epsilon": 14.822588366302547, "gamma": 0.06603664703264363, "lamda": 0.6556060593935943}, "datetime": {"datetime": "2021-09-19 21:40:08", "elapsed": 1704.343798, "delta": 14.439005}}
{"target": -10.285009380552879, "params": {"C": 93.8384882589908, "epsilon": 23.737330462388044, "gamma": 0.02703411327270898, "lamda": 0.815918203824926}, "datetime": {"datetime": "2021-09-19 21:40:17", "elapsed": 1713.490268, "delta": 9.14647}}
{"target": -7.824072591245908, "params": {"C": 96.5296021588129, "epsilon": 20.05662617905262, "gamma": 0.04606652864420776, "lamda": 0.1377756094208094}, "datetime": {"datetime": "2021-09-19 21:40:25", "elapsed": 1720.911568, "delta": 7.4213}}
{"target": -7.7746401576243525, "params": {"C": 98.57181246025846, "epsilon": 18.50256137800352, "gamma": 0.034643176800637034, "lamda": 1.4954397605231786}, "datetime": {"datetime": "2021-09-19 21:40:39", "elapsed": 1735.094619, "delta": 14.183051}}
{"target": -1.4487019529851093, "params": {"C": 91.40349871632387, "epsilon": 14.180930561468262, "gamma": 0.08897712812757386, "lamda": 0.030848007073280507}, "datetime": {"datetime": "2021-09-19 21:40:48", "elapsed": 1744.227523, "delta": 9.132904}}
{"target": -4.579753533227574, "params": {"C": 95.46123274818427, "epsilon": 21.082756491766204, "gamma": 0.056297733244284984, "lamda": 0.04022130599527166}, "datetime": {"datetime": "2021-09-19 21:40:56", "elapsed": 1752.530552, "delta": 8.303029}}
{"target": -6.164521091043187, "params": {"C": 99.9449448530819, "epsilon": 25.90533705040831, "gamma": 0.014593114626556332, "lamda": 0.03574683388904088}, "datetime": {"datetime": "2021-09-19 21:41:10", "elapsed": 1765.852553, "delta": 13.322001}}
{"target": -4.981480412129106, "params": {"C": 94.69258604000385, "epsilon": 13.69261960960478, "gamma": 0.022644777541234, "lamda": 0.051737120854419824}, "datetime": {"datetime": "2021-09-19 21:41:24", "elapsed": 1779.867159, "delta": 14.014606}}
{"target": -6.0337136404958365, "params": {"C": 93.49962530593396, "epsilon": 15.810467774097868, "gamma": 0.013450077863011549, "lamda": 0.01918204268998212}, "datetime": {"datetime": "2021-09-19 21:41:37", "elapsed": 1793.360447, "delta": 13.493288}}
{"target": -6.845767277043298, "params": {"C": 91.45190511335917, "epsilon": 14.519216154076267, "gamma": 0.03284777099062664, "lamda": 0.013760797099089991}, "datetime": {"datetime": "2021-09-19 21:41:49", "elapsed": 1805.077257, "delta": 11.71681}}
{"target": -10.892049117160552, "params": {"C": 92.94699472648576, "epsilon": 28.26647449850961, "gamma": 0.09428374828705532, "lamda": 0.5138325197017896}, "datetime": {"datetime": "2021-09-19 21:42:03", "elapsed": 1818.75362, "delta": 13.676363}}
{"target": -10.104470359685076, "params": {"C": 72.0341260947857, "epsilon": 22.489131092846787, "gamma": 0.032928930259771116, "lamda": 0.6632646814265408}, "datetime": {"datetime": "2021-09-19 21:42:10", "elapsed": 1826.23962, "delta": 7.486}}
{"target": -11.522438202026335, "params": {"C": 72.23832208321916, "epsilon": 26.37965677909981, "gamma": 0.017411030341496395, "lamda": 0.6391013359659242}, "datetime": {"datetime": "2021-09-19 21:42:15", "elapsed": 1830.919621, "delta": 4.680001}}
{"target": -12.648544041746232, "params": {"C": 95.85768062714943, "epsilon": 29.05986887579064, "gamma": 0.04223299342065123, "lamda": 1.0282318206755676}, "datetime": {"datetime": "2021-09-19 21:42:29", "elapsed": 1844.825479, "delta": 13.905858}}
{"target": -7.846522482483742, "params": {"C": 90.83786532741603, "epsilon": 20.470944416806823, "gamma": 0.06750625330773784, "lamda": 0.4652439098135011}, "datetime": {"datetime": "2021-09-19 21:42:43", "elapsed": 1859.262249, "delta": 14.43677}}
{"target": -10.373106066276968, "params": {"C": 78.04269610065546, "epsilon": 21.509685466915776, "gamma": 0.02519011080560174, "lamda": 0.762744708010956}, "datetime": {"datetime": "2021-09-19 21:42:52", "elapsed": 1868.267253, "delta": 9.005004}}
{"target": 0.8977061997604632, "params": {"C": 66.2322045292266, "epsilon": 24.332003056052898, "gamma": 0.07594458615228113, "lamda": 0.020822787143282874}, "datetime": {"datetime": "2021-09-19 21:42:53", "elapsed": 1869.274255, "delta": 1.007002}}
{"target": -4.814074754654055, "params": {"C": 91.935579448336, "epsilon": 11.223410852442122, "gamma": 0.05146109760277233, "lamda": 1.1407427412723539}, "datetime": {"datetime": "2021-09-19 21:43:07", "elapsed": 1883.577388, "delta": 14.303133}}
{"target": -5.19099235287395, "params": {"C": 85.46200522248905, "epsilon": 15.878204466385249, "gamma": 0.07849757657370467, "lamda": 0.7613000162012079}, "datetime": {"datetime": "2021-09-19 21:43:22", "elapsed": 1897.845955, "delta": 14.268567}}
{"target": -12.476961749704518, "params": {"C": 83.01341852459046, "epsilon": 29.276810399102835, "gamma": 0.0639566032677361, "lamda": 0.7739283848197201}, "datetime": {"datetime": "2021-09-19 21:43:36", "elapsed": 1912.064955, "delta": 14.219}}
{"target": -12.221280355759346, "params": {"C": 71.78676518078134, "epsilon": 29.508247933112287, "gamma": 0.08219908161964533, "lamda": 0.3669439670458198}, "datetime": {"datetime": "2021-09-19 21:43:47", "elapsed": 1922.795034, "delta": 10.730079}}
{"target": -11.90166670289695, "params": {"C": 80.4649488406393, "epsilon": 29.742410607255884, "gamma": 0.08725037766996384, "lamda": 0.9602209394078763}, "datetime": {"datetime": "2021-09-19 21:43:54", "elapsed": 1929.94847, "delta": 7.153436}}
{"target": -6.925444722057263, "params": {"C": 93.3125945042507, "epsilon": 15.69188285977505, "gamma": 0.023213113835706234, "lamda": 0.01729091139225777}, "datetime": {"datetime": "2021-09-19 21:44:05", "elapsed": 1940.659983, "delta": 10.711513}}
{"target": -8.71269312777466, "params": {"C": 96.86818911014763, "epsilon": 19.95200613533252, "gamma": 0.029127334851562638, "lamda": 0.48411792654839253}, "datetime": {"datetime": "2021-09-19 21:44:13", "elapsed": 1949.544983, "delta": 8.885}}
{"target": -3.5825545976313915, "params": {"C": 91.83221914521174, "epsilon": 14.670644532019896, "gamma": 0.0552249197142584, "lamda": 0.06006670273276986}, "datetime": {"datetime": "2021-09-19 21:44:27", "elapsed": 1962.736589, "delta": 13.191606}}
{"target": -6.889266266228951, "params": {"C": 66.08742413278819, "epsilon": 29.916166188410777, "gamma": 0.03420960539072471, "lamda": 0.04738056877294484}, "datetime": {"datetime": "2021-09-19 21:44:36", "elapsed": 1971.82369, "delta": 9.087101}}
{"target": -12.105328828919683, "params": {"C": 82.48029028279869, "epsilon": 26.39912666135452, "gamma": 0.022656308850364362, "lamda": 1.3786162857223236}, "datetime": {"datetime": "2021-09-19 21:44:50", "elapsed": 1986.334756, "delta": 14.511066}}
{"target": -3.1326678682198184, "params": {"C": 84.75966857635345, "epsilon": 27.6560962023428, "gamma": 0.013308078084504222, "lamda": 0.7215027217093916}, "datetime": {"datetime": "2021-09-19 21:44:59", "elapsed": 1995.34012, "delta": 9.005364}}
{"target": -7.20578412735567, "params": {"C": 89.98554284782362, "epsilon": 17.063468947122736, "gamma": 0.04392452970484855, "lamda": 0.62047754783655}, "datetime": {"datetime": "2021-09-19 21:45:14", "elapsed": 2009.736204, "delta": 14.396084}}
{"target": -6.230954247598196, "params": {"C": 91.30326931822256, "epsilon": 14.49329996326584, "gamma": 0.0352093634444309, "lamda": 0.012211441717774774}, "datetime": {"datetime": "2021-09-19 21:45:23", "elapsed": 2018.620922, "delta": 8.884718}}
{"target": -3.052373724208654, "params": {"C": 91.69572071129993, "epsilon": 11.610207865744522, "gamma": 0.06269918382135116, "lamda": 0.13182140192408645}, "datetime": {"datetime": "2021-09-19 21:45:28", "elapsed": 2024.331582, "delta": 5.71066}}
{"target": -12.687639824875026, "params": {"C": 71.56215545415881, "epsilon": 28.93823686968997, "gamma": 0.022343977469339117, "lamda": 0.3008928149140392}, "datetime": {"datetime": "2021-09-19 21:45:34", "elapsed": 2029.700545, "delta": 5.368963}}
{"target": -5.970390832549908, "params": {"C": 86.32438222362072, "epsilon": 13.701841311684344, "gamma": 0.02964679156643664, "lamda": 0.290986924727142}, "datetime": {"datetime": "2021-09-19 21:45:43", "elapsed": 2038.645545, "delta": 8.945}}
{"target": -6.451031027977943, "params": {"C": 84.63748755402645, "epsilon": 19.142104266034004, "gamma": 0.0916696826082236, "lamda": 1.0398242394836281}, "datetime": {"datetime": "2021-09-19 21:45:57", "elapsed": 2052.634504, "delta": 13.988959}}
{"target": -10.826931927984896, "params": {"C": 66.1914277308636, "epsilon": 24.277755169690337, "gamma": 0.03634294689148024, "lamda": 0.006937974282967468}, "datetime": {"datetime": "2021-09-19 21:46:10", "elapsed": 2066.106495, "delta": 13.471991}}
{"target": -4.642262157557421, "params": {"C": 89.26764264129021, "epsilon": 10.086974868928007, "gamma": 0.05378617979590206, "lamda": 1.4417497818969094}, "datetime": {"datetime": "2021-09-19 21:46:24", "elapsed": 2080.483934, "delta": 14.377439}}
{"target": -10.694557525969975, "params": {"C": 87.2354766147798, "epsilon": 26.308980740485527, "gamma": 0.012151077898443958, "lamda": 0.7436628203530583}, "datetime": {"datetime": "2021-09-19 21:46:34", "elapsed": 2089.845039, "delta": 9.361105}}
{"target": -4.35701969663164, "params": {"C": 80.82382667282813, "epsilon": 10.20740985462313, "gamma": 0.05946962300908383, "lamda": 0.6529841536050227}, "datetime": {"datetime": "2021-09-19 22:01:29", "elapsed": 0.0, "delta": 0.0}}
{"target": -5.611587840035905, "params": {"C": 80.29250527097463, "epsilon": 12.642678568030993, "gamma": 0.02841837706340583, "lamda": 0.9289068302550293}, "datetime": {"datetime": "2021-09-19 22:01:36", "elapsed": 6.53543, "delta": 6.53543}}
{"target": -4.537302974111233, "params": {"C": 76.18825890493379, "epsilon": 12.134618200822933, "gamma": 0.06590204494923654, "lamda": 0.7937136122734644}, "datetime": {"datetime": "2021-09-19 22:01:45", "elapsed": 15.371578, "delta": 8.836148}}
{"target": -6.495734160785142, "params": {"C": 70.57571814172775, "epsilon": 14.108624970125971, "gamma": 0.02659958790822238, "lamda": 1.1780029363898623}, "datetime": {"datetime": "2021-09-19 22:01:51", "elapsed": 21.520067, "delta": 6.148489}}
{"target": -2.848569842199776, "params": {"C": 95.03515994974262, "epsilon": 13.953894699055422, "gamma": 0.08619053368217212, "lamda": 0.11946913586811449}, "datetime": {"datetime": "2021-09-19 22:02:00", "elapsed": 30.875639, "delta": 9.355572}}
{"target": -4.656915611831946, "params": {"C": 83.17836706413793, "epsilon": 10.522292035095024, "gamma": 0.048531009483765056, "lamda": 0.1447972769600032}, "datetime": {"datetime": "2021-09-19 22:02:11", "elapsed": 41.547256, "delta": 10.671617}}
{"target": -4.097636247174118, "params": {"C": 70.32343903784343, "epsilon": 14.773962471828767, "gamma": 0.030341080054381228, "lamda": 0.16041941951929015}, "datetime": {"datetime": "2021-09-19 22:02:17", "elapsed": 47.791284, "delta": 6.244028}}
{"target": -5.127760722547894, "params": {"C": 73.49041104039902, "epsilon": 12.798610280026395, "gamma": 0.05210087361240703, "lamda": 0.3026156376542217}, "datetime": {"datetime": "2021-09-19 22:02:27", "elapsed": 57.370755, "delta": 9.579471}}
{"target": -5.434393544106471, "params": {"C": 87.7738286573071, "epsilon": 13.864558684414014, "gamma": 0.05547130480166943, "lamda": 0.5803395897851878}, "datetime": {"datetime": "2021-09-19 22:02:36", "elapsed": 67.084757, "delta": 9.714002}}
{"target": -6.55296845075386, "params": {"C": 92.98367345101362, "epsilon": 14.640033431022452, "gamma": 0.02460687386520825, "lamda": 1.0511288191583876}, "datetime": {"datetime": "2021-09-19 22:02:43", "elapsed": 73.220754, "delta": 6.135997}}
{"target": -5.775085117839785, "params": {"C": 70.25766742339928, "epsilon": 14.61929847917356, "gamma": 0.04972170407078503, "lamda": 0.2508781011217355}, "datetime": {"datetime": "2021-09-19 22:02:52", "elapsed": 82.979756, "delta": 9.759002}}
{"target": -5.143920272544521, "params": {"C": 66.51934742431087, "epsilon": 13.60085719017517, "gamma": 0.056678089985230475, "lamda": 0.08686185732742586}, "datetime": {"datetime": "2021-09-19 22:02:56", "elapsed": 86.821753, "delta": 3.841997}}
{"target": -5.334387950617842, "params": {"C": 72.77428361977316, "epsilon": 14.34168436811551, "gamma": 0.04784450276031338, "lamda": 0.3006431490059527}, "datetime": {"datetime": "2021-09-19 22:03:07", "elapsed": 97.419758, "delta": 10.598005}}
{"target": -4.919772766117199, "params": {"C": 82.13801338015651, "epsilon": 12.878602216791451, "gamma": 0.06193387272755372, "lamda": 0.8952898497094828}, "datetime": {"datetime": "2021-09-19 22:03:18", "elapsed": 108.401757, "delta": 10.981999}}
{"target": -5.476113789640672, "params": {"C": 75.85619894131113, "epsilon": 12.662319677334487, "gamma": 0.04320721245262976, "lamda": 1.0817162723092673}, "datetime": {"datetime": "2021-09-19 22:03:29", "elapsed": 119.600779, "delta": 11.199022}}
{"target": -4.214355220238892, "params": {"C": 67.94851875682795, "epsilon": 12.021836727282569, "gamma": 0.07211025048802303, "lamda": 0.9259898612888239}, "datetime": {"datetime": "2021-09-19 22:03:39", "elapsed": 129.399944, "delta": 9.799165}}
{"target": -4.6435308542401215, "params": {"C": 87.72044660040906, "epsilon": 13.618784183378278, "gamma": 0.03730646766844205, "lamda": 0.127485701342788}, "datetime": {"datetime": "2021-09-19 22:03:44", "elapsed": 134.858324, "delta": 5.45838}}
{"target": -7.017295631900394, "params": {"C": 84.6432994785048, "epsilon": 16.746159498693235, "gamma": 0.019648457367972553, "lamda": 1.0913529505532837}, "datetime": {"datetime": "2021-09-19 22:03:50", "elapsed": 140.928086, "delta": 6.069762}}
{"target": -6.243583508481929, "params": {"C": 90.45286487107992, "epsilon": 13.713498199485468, "gamma": 0.033859860731631414, "lamda": 1.0856635859282897}, "datetime": {"datetime": "2021-09-19 22:04:03", "elapsed": 153.33861, "delta": 12.410524}}
{"target": -4.528795439579159, "params": {"C": 83.28877698100065, "epsilon": 14.07113164952175, "gamma": 0.08904809070143771, "lamda": 0.9526224161144348}, "datetime": {"datetime": "2021-09-19 22:04:18", "elapsed": 168.247374, "delta": 14.908764}}
{"target": -4.29063006735735, "params": {"C": 92.64005070031733, "epsilon": 10.07137572615805, "gamma": 0.0246033021587735, "lamda": 0.12383994994370323}, "datetime": {"datetime": "2021-09-19 22:04:32", "elapsed": 183.207376, "delta": 14.960002}}
{"target": -6.8411450632422515, "params": {"C": 72.45009880219317, "epsilon": 16.86698005796001, "gamma": 0.047945221140474996, "lamda": 0.5722406580227362}, "datetime": {"datetime": "2021-09-19 22:04:48", "elapsed": 198.343605, "delta": 15.136229}}
{"target": -5.514391173495354, "params": {"C": 91.5287339569029, "epsilon": 11.92505697059569, "gamma": 0.03227864403845965, "lamda": 0.30605308097057543}, "datetime": {"datetime": "2021-09-19 22:04:57", "elapsed": 207.639844, "delta": 9.296239}}
{"target": -6.068570940056148, "params": {"C": 93.19800499981943, "epsilon": 12.210257756023827, "gamma": 0.032865718151208326, "lamda": 0.552633740747931}, "datetime": {"datetime": "2021-09-19 22:05:06", "elapsed": 216.838771, "delta": 9.198927}}
{"target": -5.336168043436556, "params": {"C": 72.68236333947836, "epsilon": 16.682383643046602, "gamma": 0.09399713107713706, "lamda": 1.3299159668550893}, "datetime": {"datetime": "2021-09-19 22:05:21", "elapsed": 231.398277, "delta": 14.559506}}
{"target": -5.0169074632913695, "params": {"C": 85.30933913848841, "epsilon": 11.290604875815735, "gamma": 0.031128063461019935, "lamda": 0.36981447588952}, "datetime": {"datetime": "2021-09-19 22:05:30", "elapsed": 240.6414, "delta": 9.243123}}
{"target": -3.9235136404648676, "params": {"C": 69.28542301121787, "epsilon": 10.672554419181065, "gamma": 0.07682935119822956, "lamda": 0.5456624878422248}, "datetime": {"datetime": "2021-09-19 22:05:45", "elapsed": 255.443453, "delta": 14.802053}}
{"target": -5.691779621769407, "params": {"C": 77.83883757630701, "epsilon": 14.757099919100789, "gamma": 0.056129099860032665, "lamda": 0.7157804396068627}, "datetime": {"datetime": "2021-09-19 22:05:59", "elapsed": 270.130555, "delta": 14.687102}}
{"target": -5.930159465533445, "params": {"C": 77.05260660537337, "epsilon": 16.763111573324817, "gamma": 0.07408116037633694, "lamda": 1.112599320231149}, "datetime": {"datetime": "2021-09-19 22:06:14", "elapsed": 284.855592, "delta": 14.725037}}
{"target": -6.048496904363076, "params": {"C": 67.84564638087349, "epsilon": 12.675860165051198, "gamma": 0.04206269153685318, "lamda": 0.3394727833737118}, "datetime": {"datetime": "2021-09-19 22:06:24", "elapsed": 294.687591, "delta": 9.831999}}
{"target": -3.8396393658571473, "params": {"C": 83.51664413430095, "epsilon": 15.127025947736467, "gamma": 0.012034736114087622, "lamda": 0.4125419642003455}, "datetime": {"datetime": "2021-09-19 22:06:33", "elapsed": 303.784592, "delta": 9.097001}}
{"target": -3.80147720351734, "params": {"C": 78.90787467699313, "epsilon": 11.17845962866635, "gamma": 0.08320315552161876, "lamda": 0.7348074724333187}, "datetime": {"datetime": "2021-09-19 22:06:48", "elapsed": 318.54359, "delta": 14.758998}}
{"target": -3.6605675348169546, "params": {"C": 92.91668329298817, "epsilon": 10.750230303841589, "gamma": 0.07433506850472853, "lamda": 1.1224445228815798}, "datetime": {"datetime": "2021-09-19 22:07:03", "elapsed": 333.511593, "delta": 14.968003}}
{"target": -5.063023717357334, "params": {"C": 87.32675553990579, "epsilon": 16.55493918342763, "gamma": 0.09155329961751232, "lamda": 0.9805306686183181}, "datetime": {"datetime": "2021-09-19 22:07:18", "elapsed": 348.22559, "delta": 14.713997}}
{"target": -5.3679564595162415, "params": {"C": 79.3464221193736, "epsilon": 17.120325507790724, "gamma": 0.08497749959316105, "lamda": 1.3171426167023936}, "datetime": {"datetime": "2021-09-19 22:07:32", "elapsed": 362.93559, "delta": 14.71}}
{"target": -5.614152310538284, "params": {"C": 66.61339793070346, "epsilon": 14.044706955691797, "gamma": 0.052357213289640395, "lamda": 0.3000377855701052}, "datetime": {"datetime": "2021-09-19 22:07:47", "elapsed": 377.622591, "delta": 14.687001}}
{"target": -4.354889164703957, "params": {"C": 94.08382174430268, "epsilon": 16.008161884755296, "gamma": 0.02401995390978274, "lamda": 0.2860613024769308}, "datetime": {"datetime": "2021-09-19 22:08:01", "elapsed": 391.507593, "delta": 13.885002}}
{"target": -3.9863066581769697, "params": {"C": 98.19734041895248, "epsilon": 12.112418235983068, "gamma": 0.08768166405991017, "lamda": 1.0417437688865203}, "datetime": {"datetime": "2021-09-19 22:08:15", "elapsed": 406.185591, "delta": 14.677998}}
{"target": -4.629304709062924, "params": {"C": 76.25432695386789, "epsilon": 15.542842767544693, "gamma": 0.023168105348194204, "lamda": 0.08947339514178013}, "datetime": {"datetime": "2021-09-19 22:08:25", "elapsed": 415.290591, "delta": 9.105}}
{"target": -5.789623843403287, "params": {"C": 89.56185319254607, "epsilon": 14.094890812985959, "gamma": 0.05021020872170157, "lamda": 0.44820247297776744}, "datetime": {"datetime": "2021-09-19 22:08:39", "elapsed": 429.954593, "delta": 14.664002}}
{"target": -4.044109631743206, "params": {"C": 69.99707360668837, "epsilon": 10.91692473189855, "gamma": 0.0741267715363656, "lamda": 1.3461835808380043}, "datetime": {"datetime": "2021-09-19 22:08:54", "elapsed": 444.950589, "delta": 14.995996}}
