{"target": -5.337362761665437, "params": {"C": 193.8194576148019, "epsilon": 3.5889659876650044, "gamma": 0.05850442113697779, "lamda": 0.005976369580822059}, "datetime": {"datetime": "2021-09-20 10:28:12", "elapsed": 79.599747, "delta": 10.316026}}
{"target": -5.257103901905863, "params": {"C": 158.49152097822844, "epsilon": 3.5247557633747113, "gamma": 0.05983468338330501, "lamda": 0.015527690625126302}, "datetime": {"datetime": "2021-09-20 10:28:35", "elapsed": 102.648128, "delta": 23.048381}}
{"target": 0.8937292168565618, "params": {"C": 197.8944765075251, "epsilon": 2.1793446113947668, "gamma": 0.11918771139504733, "lamda": 0.012887890775151574}, "datetime": {"datetime": "2021-09-20 10:28:36", "elapsed": 103.07514, "delta": 0.427012}}
{"target": -5.351039375202008, "params": {"C": 184.3250463840792, "epsilon": 3.3550401203997544, "gamma": 0.051828827734419186, "lamda": 0.023753607873624186}, "datetime": {"datetime": "2021-09-20 10:28:53", "elapsed": 120.753141, "delta": 17.678001}}
{"target": -5.400942326321197, "params": {"C": 199.44305444532472, "epsilon": 3.0178460520813735, "gamma": 0.07804439920644052, "lamda": 0.024731983211287212}, "datetime": {"datetime": "2021-09-20 10:29:10", "elapsed": 137.063643, "delta": 16.310502}}
{"target": 0.8884399117843558, "params": {"C": 155.1613003288821, "epsilon": 1.84678475208603, "gamma": 0.14085955030930955, "lamda": 0.012340353709341986}, "datetime": {"datetime": "2021-09-20 10:29:10", "elapsed": 137.555255, "delta": 0.491612}}
{"target": 0.8923583178976405, "params": {"C": 164.38876692931743, "epsilon": 0.6071114312612829, "gamma": 0.05193669578702971, "lamda": 0.021970888323497275}, "datetime": {"datetime": "2021-09-20 10:29:11", "elapsed": 137.973216, "delta": 0.417961}}
{"target": 0.8976681997335966, "params": {"C": 160.58140580000295, "epsilon": 1.1356319715516823, "gamma": 0.09915731592803383, "lamda": 0.00633406362792701}, "datetime": {"datetime": "2021-09-20 10:29:11", "elapsed": 138.48194, "delta": 0.508724}}
{"target": 0.8974086578620569, "params": {"C": 178.70588027460064, "epsilon": 0.6722414421326596, "gamma": 0.10893055369032842, "lamda": 0.02249395900052328}, "datetime": {"datetime": "2021-09-20 10:29:11", "elapsed": 138.868982, "delta": 0.387042}}
{"target": 0.8954485532751852, "params": {"C": 155.1167214413913, "epsilon": 1.7148183524963165, "gamma": 0.11944001577277451, "lamda": 0.015354481738172564}, "datetime": {"datetime": "2021-09-20 10:29:12", "elapsed": 139.269942, "delta": 0.40096}}
{"target": 0.8948110476331144, "params": {"C": 152.49767294730435, "epsilon": 2.1899959830704954, "gamma": 0.11637946452197888, "lamda": 0.017872227801457714}, "datetime": {"datetime": "2021-09-20 10:29:12", "elapsed": 139.748939, "delta": 0.478997}}
{"target": 0.8844080569431892, "params": {"C": 197.22973779954066, "epsilon": 2.3875646579577725, "gamma": 0.14034019152878835, "lamda": 0.008436867603655938}, "datetime": {"datetime": "2021-09-20 10:29:13", "elapsed": 140.256683, "delta": 0.507744}}
{"target": -3.975790949666302, "params": {"C": 156.96381736253792, "epsilon": 3.248826025967143, "gamma": 0.08976768369855335, "lamda": 0.009133854927923318}, "datetime": {"datetime": "2021-09-20 10:29:26", "elapsed": 152.969971, "delta": 12.713288}}
{"target": 0.8926869101044019, "params": {"C": 196.3754290198017, "epsilon": 1.4562868530074757, "gamma": 0.12508121031361555, "lamda": 0.023149949633761286}, "datetime": {"datetime": "2021-09-20 10:29:26", "elapsed": 153.414908, "delta": 0.444937}}
{"target": 0.8910497991509985, "params": {"C": 194.1653045602905, "epsilon": 2.5323216075168746, "gamma": 0.12509424340273373, "lamda": 0.013722458549446061}, "datetime": {"datetime": "2021-09-20 10:29:27", "elapsed": 153.915907, "delta": 0.500999}}
{"target": -3.599450562528271, "params": {"C": 163.4963945882513, "epsilon": 3.5939562509646605, "gamma": 0.09280911898712949, "lamda": 0.029121001178709638}, "datetime": {"datetime": "2021-09-20 10:29:39", "elapsed": 166.493452, "delta": 12.577545}}
{"target": -5.477062731346161, "params": {"C": 183.1720748909224, "epsilon": 2.524613308815575, "gamma": 0.061474597295337524, "lamda": 0.02873723146767678}, "datetime": {"datetime": "2021-09-20 10:30:00", "elapsed": 186.888637, "delta": 20.395185}}
{"target": -3.0615159136060006, "params": {"C": 172.49560667399703, "epsilon": 2.355719496109814, "gamma": 0.09081368027612811, "lamda": 0.010925674506075692}, "datetime": {"datetime": "2021-09-20 10:30:11", "elapsed": 198.427936, "delta": 11.539299}}
{"target": -5.7057528019011485, "params": {"C": 195.1689760281127, "epsilon": 2.337349998021915, "gamma": 0.0502870327031159, "lamda": 0.020428622840518097}, "datetime": {"datetime": "2021-09-20 10:30:26", "elapsed": 213.724143, "delta": 15.296207}}
{"target": 0.8877296854155078, "params": {"C": 166.3322450886048, "epsilon": 2.155526598804676, "gamma": 0.13859420993107746, "lamda": 0.013931744000062495}, "datetime": {"datetime": "2021-09-20 10:30:27", "elapsed": 214.172108, "delta": 0.447965}}
{"target": -5.576733082208591, "params": {"C": 195.42675754598997, "epsilon": 2.5311044515880305, "gamma": 0.05158212428465563, "lamda": 0.02823593084359403}, "datetime": {"datetime": "2021-09-20 10:30:38", "elapsed": 224.905261, "delta": 10.733153}}
{"target": -5.480240703096125, "params": {"C": 184.5448458758462, "epsilon": 3.989559116760774, "gamma": 0.06723405083453285, "lamda": 0.008428393740721943}, "datetime": {"datetime": "2021-09-20 10:30:48", "elapsed": 235.077127, "delta": 10.171866}}
{"target": -5.371124921490334, "params": {"C": 196.6297731518582, "epsilon": 2.8175908298106105, "gamma": 0.05660001727220625, "lamda": 0.02388657631506166}, "datetime": {"datetime": "2021-09-20 10:30:59", "elapsed": 245.98049, "delta": 10.903363}}
{"target": 0.8905294460032075, "params": {"C": 187.6938094230623, "epsilon": 3.699795688631285, "gamma": 0.12115247586284718, "lamda": 0.008106774049304117}, "datetime": {"datetime": "2021-09-20 10:30:59", "elapsed": 246.362096, "delta": 0.381606}}
{"target": 0.8925556473843143, "params": {"C": 150.99400669198977, "epsilon": 0.2022228488231052, "gamma": 0.052830648802079466, "lamda": 0.011155276690076148}, "datetime": {"datetime": "2021-09-20 10:30:59", "elapsed": 246.793897, "delta": 0.431801}}
{"target": -3.1057333283161235, "params": {"C": 193.0013974341444, "epsilon": 2.201441150932446, "gamma": 0.1052821978685766, "lamda": 0.026050772308990142}, "datetime": {"datetime": "2021-09-20 10:31:11", "elapsed": 258.345083, "delta": 11.551186}}
{"target": 0.8964314331767482, "params": {"C": 156.20866575599555, "epsilon": 1.1888163481434442, "gamma": 0.10857592714582878, "lamda": 0.029239893707991862}, "datetime": {"datetime": "2021-09-20 10:31:11", "elapsed": 258.724621, "delta": 0.379538}}
{"target": 0.8938988463858905, "params": {"C": 178.0515109627855, "epsilon": 0.17272442855447778, "gamma": 0.1300632672680616, "lamda": 0.01082435684602551}, "datetime": {"datetime": "2021-09-20 10:31:12", "elapsed": 259.121619, "delta": 0.396998}}
{"target": 0.8876706356489302, "params": {"C": 190.35525978093895, "epsilon": 1.6126565118502698, "gamma": 0.13635418545594286, "lamda": 0.023678041068429617}, "datetime": {"datetime": "2021-09-20 10:31:12", "elapsed": 259.556573, "delta": 0.434954}}
{"target": 0.8945409974205922, "params": {"C": 177.81201169952095, "epsilon": 0.6321753800766715, "gamma": 0.05599176895122117, "lamda": 0.008033586393518434}, "datetime": {"datetime": "2021-09-20 10:31:13", "elapsed": 259.984572, "delta": 0.427999}}
{"target": -4.300037546551888, "params": {"C": 152.22759392723808, "epsilon": 0.5192271035137623, "gamma": 0.07257093386078547, "lamda": 0.022824724509566918}, "datetime": {"datetime": "2021-09-20 10:31:25", "elapsed": 272.609695, "delta": 12.625123}}
{"target": 0.8951393530924913, "params": {"C": 177.9858491027071, "epsilon": 0.14896832262055182, "gamma": 0.05719742796894868, "lamda": 0.0291819082500068}, "datetime": {"datetime": "2021-09-20 10:31:26", "elapsed": 273.107368, "delta": 0.497673}}
{"target": -4.2776849411635265, "params": {"C": 178.4050230959971, "epsilon": 0.8928436151778628, "gamma": 0.07523257445703234, "lamda": 0.023595646351877324}, "datetime": {"datetime": "2021-09-20 10:31:37", "elapsed": 283.903682, "delta": 10.796314}}
{"target": 0.8853404916756759, "params": {"C": 159.77147405546594, "epsilon": 2.3672998163657053, "gamma": 0.14700199890883123, "lamda": 0.02617072003725088}, "datetime": {"datetime": "2021-09-20 10:31:37", "elapsed": 284.242681, "delta": 0.338999}}
{"target": 0.8953854234746419, "params": {"C": 161.99238795737932, "epsilon": 2.0257018856480467, "gamma": 0.11199557183813796, "lamda": 0.025724522488754467}, "datetime": {"datetime": "2021-09-20 10:31:37", "elapsed": 284.62168, "delta": 0.378999}}
{"target": 0.8947605340924913, "params": {"C": 157.83956973230423, "epsilon": 0.1724471884918971, "gamma": 0.05700221437192224, "lamda": 0.017158627773425795}, "datetime": {"datetime": "2021-09-20 10:31:38", "elapsed": 284.999939, "delta": 0.378259}}
{"target": -4.751034582252113, "params": {"C": 180.3164730826665, "epsilon": 2.318520604637277, "gamma": 0.08173624093221607, "lamda": 0.02971540386031122}, "datetime": {"datetime": "2021-09-20 10:31:47", "elapsed": 294.207917, "delta": 9.207978}}
{"target": -2.9910619410594648, "params": {"C": 178.98726096228984, "epsilon": 1.5825505732318466, "gamma": 0.10509482191178968, "lamda": 0.02363336077266255}, "datetime": {"datetime": "2021-09-20 10:31:57", "elapsed": 303.918545, "delta": 9.710628}}
{"target": -5.0754500542174315, "params": {"C": 183.46164467265925, "epsilon": 1.1331862748849566, "gamma": 0.05663348344284416, "lamda": 0.014252104947852656}, "datetime": {"datetime": "2021-09-20 10:32:06", "elapsed": 313.775927, "delta": 9.857382}}
{"target": 0.8944848981514876, "params": {"C": 181.48587535107822, "epsilon": 0.9196786386678744, "gamma": 0.12527555537388138, "lamda": 0.006663412033852873}, "datetime": {"datetime": "2021-09-20 10:32:07", "elapsed": 314.205928, "delta": 0.430001}}
{"target": -5.166604115405556, "params": {"C": 163.01575492892704, "epsilon": 3.238542798599047, "gamma": 0.06934342826233278, "lamda": 0.020986522021998504}, "datetime": {"datetime": "2021-09-20 10:32:17", "elapsed": 324.523912, "delta": 10.317984}}
{"target": -4.6116936730961, "params": {"C": 176.2335154561867, "epsilon": 3.706751084557468, "gamma": 0.0763296770487111, "lamda": 0.006649027267100594}, "datetime": {"datetime": "2021-09-20 10:32:30", "elapsed": 337.207188, "delta": 12.683276}}
{"target": 0.8841012376202576, "params": {"C": 186.7532981644335, "epsilon": 3.1114943152186623, "gamma": 0.1407815852503524, "lamda": 0.02829930172992093}, "datetime": {"datetime": "2021-09-20 10:32:30", "elapsed": 337.672189, "delta": 0.465001}}
{"target": 0.896448875565578, "params": {"C": 150.69757864877985, "epsilon": 1.01401213587354, "gamma": 0.11167783570016576, "lamda": 0.02872540801719041}, "datetime": {"datetime": "2021-09-20 10:32:31", "elapsed": 338.127189, "delta": 0.455}}
{"target": 0.8841714259670147, "params": {"C": 197.508805962354, "epsilon": 2.27094743396111, "gamma": 0.14156063497662746, "lamda": 0.02103915522365844}, "datetime": {"datetime": "2021-09-20 10:32:31", "elapsed": 338.552186, "delta": 0.424997}}
{"target": 0.8956463254294704, "params": {"C": 169.50038570706232, "epsilon": 1.9953636016779481, "gamma": 0.11043104829199732, "lamda": 0.018738698037714063}, "datetime": {"datetime": "2021-09-20 10:32:32", "elapsed": 338.954186, "delta": 0.402}}
{"target": -4.422673604216095, "params": {"C": 196.3090713353227, "epsilon": 3.683060398971064, "gamma": 0.0894875612923555, "lamda": 0.029081563211017795}, "datetime": {"datetime": "2021-09-20 10:32:42", "elapsed": 349.548186, "delta": 10.594}}
{"target": -4.731909374877578, "params": {"C": 158.69778333402323, "epsilon": 0.5926851258145855, "gamma": 0.06350791580467313, "lamda": 0.017641554141922415}, "datetime": {"datetime": "2021-09-20 10:32:52", "elapsed": 359.738188, "delta": 10.190002}}
{"target": 0.888794869437659, "params": {"C": 151.0762402637099, "epsilon": 3.797083823748956, "gamma": 0.13271154711707323, "lamda": 0.00537547451855306}, "datetime": {"datetime": "2021-09-20 10:32:53", "elapsed": 360.109188, "delta": 0.371}}
{"target": -5.4483792131615, "params": {"C": 158.80981277875276, "epsilon": 1.3950479400306643, "gamma": 0.06309968448109168, "lamda": 0.025237267303164553}, "datetime": {"datetime": "2021-09-20 10:33:02", "elapsed": 369.801336, "delta": 9.692148}}
{"target": -2.7758328600760724, "params": {"C": 167.23683263416467, "epsilon": 3.7664191811001317, "gamma": 0.108201417994708, "lamda": 0.026970799610296102}, "datetime": {"datetime": "2021-09-20 10:33:13", "elapsed": 379.932447, "delta": 10.131111}}
{"target": -2.9382856848376844, "params": {"C": 192.2367222696111, "epsilon": 3.631030042963732, "gamma": 0.0959880265816807, "lamda": 0.01865867040050933}, "datetime": {"datetime": "2021-09-20 10:33:22", "elapsed": 389.618537, "delta": 9.68609}}
{"target": -3.5465956382405537, "params": {"C": 189.93017955760197, "epsilon": 1.2143035217631757, "gamma": 0.09902535226199277, "lamda": 0.019977757691146958}, "datetime": {"datetime": "2021-09-20 10:33:32", "elapsed": 399.353142, "delta": 9.734605}}
{"target": -3.6231458961250116, "params": {"C": 150.77666377754178, "epsilon": 2.414577491966885, "gamma": 0.09336763489894583, "lamda": 0.025184013222121035}, "datetime": {"datetime": "2021-09-20 10:33:42", "elapsed": 409.859648, "delta": 10.506506}}
{"target": 0.892697427126391, "params": {"C": 165.76224015476865, "epsilon": 3.58226596324809, "gamma": 0.10778572152845355, "lamda": 0.009600255040686626}, "datetime": {"datetime": "2021-09-20 10:33:43", "elapsed": 410.327647, "delta": 0.467999}}
{"target": -5.367524176609575, "params": {"C": 189.39646169127522, "epsilon": 2.486921590475242, "gamma": 0.0553909272073753, "lamda": 0.015504842000028305}, "datetime": {"datetime": "2021-09-20 10:33:52", "elapsed": 419.788527, "delta": 9.46088}}
{"target": -5.06472500837127, "params": {"C": 183.95344182827148, "epsilon": 3.682546934112351, "gamma": 0.050040202489135745, "lamda": 0.02941897872577649}, "datetime": {"datetime": "2021-09-20 10:34:08", "elapsed": 435.503279, "delta": 15.714752}}
{"target": 0.8929225442509925, "params": {"C": 168.82901573728873, "epsilon": 3.897755799597458, "gamma": 0.1104716100974053, "lamda": 0.025721145199517324}, "datetime": {"datetime": "2021-09-20 10:34:09", "elapsed": 435.893559, "delta": 0.39028}}
{"target": -4.223442639774977, "params": {"C": 178.73557523540512, "epsilon": 2.5494971733986667, "gamma": 0.07855762816956939, "lamda": 0.019670833516402073}, "datetime": {"datetime": "2021-09-20 10:34:21", "elapsed": 448.070288, "delta": 12.176729}}
{"target": -2.947292072293227, "params": {"C": 187.501088185133, "epsilon": 3.447423962073265, "gamma": 0.125508218846768, "lamda": 0.022451431211182576}, "datetime": {"datetime": "2021-09-20 10:34:32", "elapsed": 459.570547, "delta": 11.500259}}
{"target": 0.8954928180828906, "params": {"C": 193.22397150273, "epsilon": 1.3584558876633113, "gamma": 0.11707887907875872, "lamda": 0.016271848410333727}, "datetime": {"datetime": "2021-09-20 10:34:33", "elapsed": 460.036549, "delta": 0.466002}}
{"target": -4.5693444185334995, "params": {"C": 169.10513760157585, "epsilon": 1.7021642646965238, "gamma": 0.09014795834695406, "lamda": 0.012934598648956921}, "datetime": {"datetime": "2021-09-20 10:34:45", "elapsed": 472.452546, "delta": 12.415997}}
{"target": 0.8838985757652513, "params": {"C": 181.09596839601508, "epsilon": 1.777964356202931, "gamma": 0.1473802077927252, "lamda": 0.021945022285857776}, "datetime": {"datetime": "2021-09-20 10:34:45", "elapsed": 472.830549, "delta": 0.378003}}
{"target": -3.4348865157047292, "params": {"C": 159.92849442135554, "epsilon": 1.7641339364573279, "gamma": 0.0843346239774423, "lamda": 0.024940970098964163}, "datetime": {"datetime": "2021-09-20 10:34:56", "elapsed": 483.47155, "delta": 10.641001}}
{"target": 0.8927505480806991, "params": {"C": 193.9999144281716, "epsilon": 3.6249836277228504, "gamma": 0.11627198123752622, "lamda": 0.011755206550743944}, "datetime": {"datetime": "2021-09-20 10:34:57", "elapsed": 483.989552, "delta": 0.518002}}
{"target": -3.168357259885254, "params": {"C": 162.61833507522948, "epsilon": 3.4341019765198695, "gamma": 0.10277146463087466, "lamda": 0.02505402710011495}, "datetime": {"datetime": "2021-09-20 10:35:10", "elapsed": 497.188563, "delta": 13.199011}}
{"target": -3.0949161470290862, "params": {"C": 178.62442585958033, "epsilon": 2.9592558486212934, "gamma": 0.10190116274640558, "lamda": 0.0242720977625472}, "datetime": {"datetime": "2021-09-20 10:35:21", "elapsed": 508.652703, "delta": 11.46414}}
{"target": -4.292484752068553, "params": {"C": 178.44289953523577, "epsilon": 1.9162685265087254, "gamma": 0.08426889079532818, "lamda": 0.006705233710417603}, "datetime": {"datetime": "2021-09-20 10:35:33", "elapsed": 520.782854, "delta": 12.130151}}
{"target": 0.8859424049178642, "params": {"C": 168.896208966405, "epsilon": 0.41054170302318416, "gamma": 0.1482817113730445, "lamda": 0.009540321283269093}, "datetime": {"datetime": "2021-09-20 10:35:34", "elapsed": 521.217841, "delta": 0.434987}}
{"target": 0.8912148319986414, "params": {"C": 190.592934886027, "epsilon": 3.5123504153280027, "gamma": 0.11884132523859432, "lamda": 0.01923736031863439}, "datetime": {"datetime": "2021-09-20 10:35:34", "elapsed": 521.683474, "delta": 0.465633}}
{"target": -3.384828067088314, "params": {"C": 158.04857184078043, "epsilon": 1.9208320887768946, "gamma": 0.0845172051155215, "lamda": 0.010625998945352114}, "datetime": {"datetime": "2021-09-20 10:35:47", "elapsed": 534.421503, "delta": 12.738029}}
{"target": 0.8867849061459534, "params": {"C": 179.62559343828983, "epsilon": 1.3178523670374762, "gamma": 0.14163055534683505, "lamda": 0.027740888123788925}, "datetime": {"datetime": "2021-09-20 10:35:48", "elapsed": 534.934529, "delta": 0.513026}}
{"target": -5.103871594165517, "params": {"C": 162.8559146891098, "epsilon": 0.5324760729017138, "gamma": 0.06929627320191128, "lamda": 0.01748960426697215}, "datetime": {"datetime": "2021-09-20 10:35:58", "elapsed": 544.979581, "delta": 10.045052}}
{"target": -4.701256035740333, "params": {"C": 186.4292833987298, "epsilon": 0.9119583097942867, "gamma": 0.07480335583772307, "lamda": 0.026291796873409174}, "datetime": {"datetime": "2021-09-20 10:36:08", "elapsed": 554.976038, "delta": 9.996457}}
{"target": -4.226650243991057, "params": {"C": 170.79243591337638, "epsilon": 2.505071761905421, "gamma": 0.073366613923925, "lamda": 0.007549181485644936}, "datetime": {"datetime": "2021-09-20 10:36:23", "elapsed": 569.97201, "delta": 14.995972}}
{"target": -5.311940267114001, "params": {"C": 175.7928508484265, "epsilon": 1.9608498494941513, "gamma": 0.06526716440931632, "lamda": 0.020545155793510385}, "datetime": {"datetime": "2021-09-20 10:36:33", "elapsed": 580.219444, "delta": 10.247434}}
{"target": -5.371896576208017, "params": {"C": 177.2005059406969, "epsilon": 2.6511356531859027, "gamma": 0.06445455401246598, "lamda": 0.023788195428381096}, "datetime": {"datetime": "2021-09-20 10:36:43", "elapsed": 589.981442, "delta": 9.761998}}
{"target": 0.892378829630487, "params": {"C": 161.10245698999614, "epsilon": 2.1254721150275286, "gamma": 0.1285296028221619, "lamda": 0.005558260699795155}, "datetime": {"datetime": "2021-09-20 10:36:43", "elapsed": 590.350169, "delta": 0.368727}}
{"target": 0.8878399566321892, "params": {"C": 166.2181229863093, "epsilon": 3.504397267960433, "gamma": 0.13447096076020695, "lamda": 0.01846101481486359}, "datetime": {"datetime": "2021-09-20 10:36:43", "elapsed": 590.725169, "delta": 0.375}}
{"target": 0.884494680654807, "params": {"C": 193.33041370832564, "epsilon": 3.8042433662791435, "gamma": 0.13264069976293413, "lamda": 0.026352886095913467}, "datetime": {"datetime": "2021-09-20 10:36:44", "elapsed": 591.119171, "delta": 0.394002}}
{"target": 0.8943897205158413, "params": {"C": 154.9371700910174, "epsilon": 2.640086896129865, "gamma": 0.12035169881526529, "lamda": 0.02025602031616574}, "datetime": {"datetime": "2021-09-20 10:36:44", "elapsed": 591.499171, "delta": 0.38}}
{"target": 0.8942229701311221, "params": {"C": 189.9807630868014, "epsilon": 0.23482775749937357, "gamma": 0.12702387345549798, "lamda": 0.023293215018488172}, "datetime": {"datetime": "2021-09-20 10:36:44", "elapsed": 591.877405, "delta": 0.378234}}
{"target": 0.8965863592286579, "params": {"C": 162.98491966491764, "epsilon": 1.102570265406372, "gamma": 0.11323033174301278, "lamda": 0.013632436539777037}, "datetime": {"datetime": "2021-09-20 10:36:45", "elapsed": 592.292225, "delta": 0.41482}}
{"target": 0.8913259759149359, "params": {"C": 189.8294339003644, "epsilon": 1.8399703048134834, "gamma": 0.12827494147841717, "lamda": 0.029761794590596018}, "datetime": {"datetime": "2021-09-20 10:36:45", "elapsed": 592.679802, "delta": 0.387577}}
{"target": 0.8895045371853944, "params": {"C": 165.012416976695, "epsilon": 0.6577227302065876, "gamma": 0.1401308436349274, "lamda": 0.01853898447218433}, "datetime": {"datetime": "2021-09-20 10:36:46", "elapsed": 593.041801, "delta": 0.361999}}
{"target": 0.8813119600007879, "params": {"C": 198.73701854275413, "epsilon": 2.5827571600073993, "gamma": 0.14939130246104787, "lamda": 0.01865177010357379}, "datetime": {"datetime": "2021-09-20 10:36:46", "elapsed": 593.424801, "delta": 0.383}}
{"target": 0.8990560751468729, "params": {"C": 176.32129669527606, "epsilon": 0.6281688219814625, "gamma": 0.08557051709838812, "lamda": 0.005655464182409332}, "datetime": {"datetime": "2021-09-20 10:36:46", "elapsed": 593.811801, "delta": 0.387}}
{"target": -5.520513250712316, "params": {"C": 158.01975897598246, "epsilon": 3.007985051559235, "gamma": 0.05303996899287888, "lamda": 0.014163577431093609}, "datetime": {"datetime": "2021-09-20 10:36:56", "elapsed": 603.468134, "delta": 9.656333}}
