{"target": 0.8869709575646312, "params": {"C": 31.212019092935357, "epsilon": 10.840007017718587, "gamma": 0.09, "lamda": 0.001}, "datetime": {"datetime": "2021-09-19 11:22:09", "elapsed": 2213.874148, "delta": 2.613023}}
{"target": -2.5087280940142627, "params": {"C": 31.03187278937692, "epsilon": 10.66720046096896, "gamma": 0.2844457326268566, "lamda": 0.49037876168132066}, "datetime": {"datetime": "2021-09-19 11:22:25", "elapsed": 2229.94388, "delta": 16.069732}}
{"target": 0.8477969751175128, "params": {"C": 80.18239792329979, "epsilon": 10.263619380913287, "gamma": 0.28713247226447175, "lamda": 0.4350399505318752}, "datetime": {"datetime": "2021-09-19 11:22:29", "elapsed": 2233.77974, "delta": 3.83586}}
{"target": 0.8712621325113438, "params": {"C": 20.910917052689264, "epsilon": 3.245711191474765, "gamma": 0.16518577831168224, "lamda": 0.9885621682548437}, "datetime": {"datetime": "2021-09-19 11:22:31", "elapsed": 2236.597293, "delta": 2.817553}}
{"target": 0.8871454859656493, "params": {"C": 31.46255050540867, "epsilon": 9.962064506877265, "gamma": 0.09, "lamda": 0.001}, "datetime": {"datetime": "2021-09-19 11:22:34", "elapsed": 2239.771888, "delta": 3.174595}}
{"target": 0.8444350240856828, "params": {"C": 22.109639478475422, "epsilon": 4.135638424898007, "gamma": 0.3, "lamda": 1.5}, "datetime": {"datetime": "2021-09-19 11:22:38", "elapsed": 2242.856381, "delta": 3.084493}}
{"target": -2.704848547039081, "params": {"C": 80.33464367546154, "epsilon": 8.04521870077905, "gamma": 0.20371028668519914, "lamda": 1.35991415519564}, "datetime": {"datetime": "2021-09-19 11:22:52", "elapsed": 2257.657776, "delta": 14.801395}}
{"target": 0.8468931750565912, "params": {"C": 21.95718672523023, "epsilon": 3.8974473632176854, "gamma": 0.28943960018174764, "lamda": 0.2601179481944812}, "datetime": {"datetime": "2021-09-19 11:22:56", "elapsed": 2260.929936, "delta": 3.27216}}
{"target": 0.8433186090715683, "params": {"C": 21.566311091491908, "epsilon": 4.301351780064919, "gamma": 0.3, "lamda": 0.43928434836115104}, "datetime": {"datetime": "2021-09-19 11:22:59", "elapsed": 2264.137345, "delta": 3.207409}}
{"target": 0.8471979234751845, "params": {"C": 22.162906495833727, "epsilon": 4.258857525670599, "gamma": 0.29029311127138596, "lamda": 0.79766808319132}, "datetime": {"datetime": "2021-09-19 11:23:03", "elapsed": 2268.30207, "delta": 4.164725}}
{"target": -2.1078412627975465, "params": {"C": 85.2043819597776, "epsilon": 5.574442826439414, "gamma": 0.13673286175923807, "lamda": 0.7865819049437819}, "datetime": {"datetime": "2021-09-19 11:23:13", "elapsed": 2277.853904, "delta": 9.551834}}
{"target": -3.6730136444294006, "params": {"C": 21.93819204715163, "epsilon": 11.86248172949605, "gamma": 0.22470292581586157, "lamda": 0.3532317364913351}, "datetime": {"datetime": "2021-09-19 11:23:27", "elapsed": 2292.765224, "delta": 14.91132}}
{"target": -2.8379716522764786, "params": {"C": 65.04076589832016, "epsilon": 10.426494768586698, "gamma": 0.25120319087541526, "lamda": 0.9678469129658941}, "datetime": {"datetime": "2021-09-19 11:23:42", "elapsed": 2307.274589, "delta": 14.509365}}
{"target": 0.8823541085774862, "params": {"C": 22.17569394725059, "epsilon": 4.462081908263847, "gamma": 0.10966273845913521, "lamda": 1.2422939046095458}, "datetime": {"datetime": "2021-09-19 11:23:45", "elapsed": 2310.674397, "delta": 3.399808}}
{"target": 0.8824951802908179, "params": {"C": 29.67759948812349, "epsilon": 9.970643429399196, "gamma": 0.12572206525173454, "lamda": 0.08387806288506477}, "datetime": {"datetime": "2021-09-19 11:23:50", "elapsed": 2314.927195, "delta": 4.252798}}
{"target": 0.8734112262371071, "params": {"C": 35.053276475212755, "epsilon": 6.671726958281128, "gamma": 0.1709631266698733, "lamda": 0.047605155840570526}, "datetime": {"datetime": "2021-09-19 11:23:53", "elapsed": 2318.457123, "delta": 3.529928}}
{"target": 0.8684463558713028, "params": {"C": 21.936841681338088, "epsilon": 4.726190774653594, "gamma": 0.18256115909470882, "lamda": 0.6550867547678707}, "datetime": {"datetime": "2021-09-19 11:23:56", "elapsed": 2321.36659, "delta": 2.909467}}
{"target": -2.648802609320023, "params": {"C": 34.52725617457731, "epsilon": 6.761873375844262, "gamma": 0.09, "lamda": 0.17396404644101748}, "datetime": {"datetime": "2021-09-19 11:24:07", "elapsed": 2332.514563, "delta": 11.147973}}
{"target": 0.8635748717066838, "params": {"C": 21.806288948923374, "epsilon": 4.618866698100966, "gamma": 0.2051942205221422, "lamda": 1.1746833898239772}, "datetime": {"datetime": "2021-09-19 11:24:11", "elapsed": 2336.26853, "delta": 3.753967}}
{"target": 0.8576989745076549, "params": {"C": 66.8576698606155, "epsilon": 7.325348193125464, "gamma": 0.24827325064369277, "lamda": 0.17658430963467844}, "datetime": {"datetime": "2021-09-19 11:24:13", "elapsed": 2338.022718, "delta": 1.754188}}
{"target": 0.8594662300540064, "params": {"C": 22.135163454462386, "epsilon": 4.43418142858975, "gamma": 0.23370083806589945, "lamda": 0.23142354361997577}, "datetime": {"datetime": "2021-09-19 11:24:16", "elapsed": 2340.999871, "delta": 2.977153}}
{"target": -1.8833802237969097, "params": {"C": 38.58208665949747, "epsilon": 7.836067902254832, "gamma": 0.3, "lamda": 0.9904988499215562}, "datetime": {"datetime": "2021-09-19 11:24:33", "elapsed": 2357.942277, "delta": 16.942406}}
{"target": 0.886808783614101, "params": {"C": 29.050257397358372, "epsilon": 8.67441552322144, "gamma": 0.11459661947352073, "lamda": 0.041949107566165336}, "datetime": {"datetime": "2021-09-19 11:24:36", "elapsed": 2361.511298, "delta": 3.569021}}
{"target": 0.8760540673899113, "params": {"C": 22.51572126410713, "epsilon": 4.5634112694557185, "gamma": 0.149764133601495, "lamda": 0.7187430207483305}, "datetime": {"datetime": "2021-09-19 11:24:41", "elapsed": 2365.909808, "delta": 4.39851}}
{"target": 0.887224959213313, "params": {"C": 31.691818495551153, "epsilon": 10.465647284578438, "gamma": 0.09, "lamda": 0.001}, "datetime": {"datetime": "2021-09-19 11:24:44", "elapsed": 2368.964059, "delta": 3.054251}}
{"target": -4.671470084221424, "params": {"C": 20.64320410769395, "epsilon": 9.938648608597765, "gamma": 0.1375775018977955, "lamda": 0.34383368417133287}, "datetime": {"datetime": "2021-09-19 11:24:58", "elapsed": 2383.597221, "delta": 14.633162}}
{"target": 0.8637832853679668, "params": {"C": 22.271990175373638, "epsilon": 4.868926055750652, "gamma": 0.20821424582018347, "lamda": 1.0939404902134566}, "datetime": {"datetime": "2021-09-19 11:25:01", "elapsed": 2386.463638, "delta": 2.866417}}
{"target": 0.8503836226392057, "params": {"C": 22.667966716432367, "epsilon": 4.292845493068562, "gamma": 0.2776110887315294, "lamda": 1.3994136658632215}, "datetime": {"datetime": "2021-09-19 11:25:04", "elapsed": 2389.376255, "delta": 2.912617}}
{"target": 0.881993853730412, "params": {"C": 35.06346140395313, "epsilon": 5.806817073470778, "gamma": 0.13658342740761026, "lamda": 0.7589712347642604}, "datetime": {"datetime": "2021-09-19 11:25:06", "elapsed": 2391.229213, "delta": 1.852958}}
{"target": -2.2950567599010383, "params": {"C": 107.91231494003287, "epsilon": 10.698448795492489, "gamma": 0.19546266603097753, "lamda": 0.48230050255805346}, "datetime": {"datetime": "2021-09-19 11:25:20", "elapsed": 2404.918676, "delta": 13.689463}}
{"target": -1.8388625380171568, "params": {"C": 100.7051873062284, "epsilon": 9.766347046705706, "gamma": 0.17948309838979587, "lamda": 0.7909951511529366}, "datetime": {"datetime": "2021-09-19 11:25:29", "elapsed": 2414.704843, "delta": 9.786167}}
{"target": -5.273605540369349, "params": {"C": 28.33541122626137, "epsilon": 5.8259383520468315, "gamma": 0.09374175920210052, "lamda": 0.9777914131748102}, "datetime": {"datetime": "2021-09-19 11:25:47", "elapsed": 2432.706542, "delta": 18.001699}}
{"target": 0.8720169156152804, "params": {"C": 22.822818942724005, "epsilon": 4.938645857006922, "gamma": 0.1717376525187725, "lamda": 1.2807413227610038}, "datetime": {"datetime": "2021-09-19 11:25:52", "elapsed": 2437.351976, "delta": 4.645434}}
{"target": 0.8809771790513544, "params": {"C": 22.99484227627036, "epsilon": 4.500607951307035, "gamma": 0.12939981339161666, "lamda": 0.9728140626323518}, "datetime": {"datetime": "2021-09-19 11:25:56", "elapsed": 2441.206948, "delta": 3.854972}}
{"target": -5.277164501609405, "params": {"C": 28.006592004454554, "epsilon": 8.203818770536676, "gamma": 0.09, "lamda": 0.6585244398130824}, "datetime": {"datetime": "2021-09-19 11:26:14", "elapsed": 2458.918587, "delta": 17.711639}}
{"target": 0.8436807514711404, "params": {"C": 27.352990194618627, "epsilon": 8.385956963693008, "gamma": 0.2966154120647781, "lamda": 0.26597268175021005}, "datetime": {"datetime": "2021-09-19 11:26:18", "elapsed": 2462.939402, "delta": 4.020815}}
{"target": 0.8552047869397768, "params": {"C": 23.04100558415332, "epsilon": 4.89492774538279, "gamma": 0.2565622192271355, "lamda": 0.7779090468614838}, "datetime": {"datetime": "2021-09-19 11:26:22", "elapsed": 2466.801523, "delta": 3.862121}}
{"target": 0.8761797656851857, "params": {"C": 21.26891836364026, "epsilon": 4.4286456825878515, "gamma": 0.14545887179299458, "lamda": 0.07168382213124742}, "datetime": {"datetime": "2021-09-19 11:26:26", "elapsed": 2471.38143, "delta": 4.579907}}
{"target": 0.8649478375750207, "params": {"C": 20.689715585498128, "epsilon": 4.628247513133819, "gamma": 0.1906480501877912, "lamda": 0.01681912370698256}, "datetime": {"datetime": "2021-09-19 11:26:29", "elapsed": 2474.516096, "delta": 3.134666}}
{"target": -1.1267391924647532, "params": {"C": 114.60370677465781, "epsilon": 3.192200477699495, "gamma": 0.2716666215084998, "lamda": 0.9530429096250048}, "datetime": {"datetime": "2021-09-19 11:26:41", "elapsed": 2486.536322, "delta": 12.020226}}
{"target": 0.8751828061464734, "params": {"C": 31.488708798783232, "epsilon": 9.371465256340318, "gamma": 0.162885820149198, "lamda": 0.008890690607920273}, "datetime": {"datetime": "2021-09-19 11:26:46", "elapsed": 2491.041271, "delta": 4.504949}}
{"target": 0.8716402959834023, "params": {"C": 21.718907788556812, "epsilon": 4.55144936906429, "gamma": 0.16785896792893934, "lamda": 0.006354043851293498}, "datetime": {"datetime": "2021-09-19 11:26:49", "elapsed": 2493.938126, "delta": 2.896855}}
{"target": 0.8742353683398119, "params": {"C": 23.395707705579753, "epsilon": 4.77752853528198, "gamma": 0.1596931504060231, "lamda": 1.2949009276958705}, "datetime": {"datetime": "2021-09-19 11:26:53", "elapsed": 2498.288475, "delta": 4.350349}}
{"target": -2.0885369984073363, "params": {"C": 74.35442269193125, "epsilon": 3.6706902341153635, "gamma": 0.16362789958692087, "lamda": 0.1945829292145729}, "datetime": {"datetime": "2021-09-19 11:27:08", "elapsed": 2512.849492, "delta": 14.561017}}
{"target": 0.8650218845137619, "params": {"C": 30.422370246951616, "epsilon": 10.814464407871457, "gamma": 0.2137846332992094, "lamda": 0.04091894903642574}, "datetime": {"datetime": "2021-09-19 11:27:11", "elapsed": 2516.540465, "delta": 3.690973}}
{"target": -4.996495256771009, "params": {"C": 35.46270767982295, "epsilon": 6.433506264652078, "gamma": 0.09, "lamda": 0.08301946479860602}, "datetime": {"datetime": "2021-09-19 11:27:27", "elapsed": 2532.404389, "delta": 15.863924}}
{"target": 0.8440957631887789, "params": {"C": 21.237418699375404, "epsilon": 4.7728732095519515, "gamma": 0.29505750267813424, "lamda": 0.298791208091186}, "datetime": {"datetime": "2021-09-19 11:27:30", "elapsed": 2535.594483, "delta": 3.190094}}
{"target": 0.8584005372587086, "params": {"C": 29.243241068059294, "epsilon": 5.960219959710223, "gamma": 0.24566264148070305, "lamda": 1.1764079150168423}, "datetime": {"datetime": "2021-09-19 11:27:34", "elapsed": 2539.003588, "delta": 3.409105}}
{"target": -2.821667993751987, "params": {"C": 40.86228143567293, "epsilon": 6.912728375118206, "gamma": 0.19192980713266078, "lamda": 1.0637971385185185}, "datetime": {"datetime": "2021-09-19 11:27:48", "elapsed": 2553.765066, "delta": 14.761478}}
{"target": 0.8696975755791128, "params": {"C": 31.573051418727786, "epsilon": 8.761975637303546, "gamma": 0.19371619516476474, "lamda": 0.0679689150885679}, "datetime": {"datetime": "2021-09-19 11:27:52", "elapsed": 2557.166444, "delta": 3.401378}}
{"target": -2.991201453590764, "params": {"C": 76.28300826379453, "epsilon": 3.8732220515038525, "gamma": 0.11640100720531646, "lamda": 0.4003533135551817}, "datetime": {"datetime": "2021-09-19 11:28:05", "elapsed": 2570.481865, "delta": 13.315421}}
{"target": 0.8748923653501752, "params": {"C": 22.47000121293781, "epsilon": 5.061478306785414, "gamma": 0.1546121600070226, "lamda": 0.4139966945833012}, "datetime": {"datetime": "2021-09-19 11:28:09", "elapsed": 2573.923746, "delta": 3.441881}}
{"target": 0.8599519520364215, "params": {"C": 22.12052877195086, "epsilon": 4.946448620767063, "gamma": 0.23048026552346593, "lamda": 0.07419457396282794}, "datetime": {"datetime": "2021-09-19 11:28:14", "elapsed": 2578.986108, "delta": 5.062362}}
{"target": 0.8693721743260653, "params": {"C": 30.492259281246973, "epsilon": 8.212642104295858, "gamma": 0.1891074196607202, "lamda": 0.1290891230020496}, "datetime": {"datetime": "2021-09-19 11:28:16", "elapsed": 2581.105164, "delta": 2.119056}}
{"target": 0.8667824125394109, "params": {"C": 23.444758943010264, "epsilon": 4.225655058714121, "gamma": 0.19733758847845406, "lamda": 1.2472291361126222}, "datetime": {"datetime": "2021-09-19 11:28:19", "elapsed": 2584.421288, "delta": 3.316124}}
{"target": -4.219986930774441, "params": {"C": 31.452795053528487, "epsilon": 9.817328835088022, "gamma": 0.15637070007524295, "lamda": 0.5011996119197967}, "datetime": {"datetime": "2021-09-19 11:28:31", "elapsed": 2596.703332, "delta": 12.282044}}
{"target": 0.8722513692086323, "params": {"C": 22.76546339387601, "epsilon": 4.74416104182315, "gamma": 0.17021038913939396, "lamda": 0.2740113749858021}, "datetime": {"datetime": "2021-09-19 11:28:35", "elapsed": 2600.331951, "delta": 3.628619}}
{"target": 0.8492985971419386, "params": {"C": 23.11221714108583, "epsilon": 5.309561959916527, "gamma": 0.2861650123564976, "lamda": 1.1122935398723954}, "datetime": {"datetime": "2021-09-19 11:28:38", "elapsed": 2603.300343, "delta": 2.968392}}
{"target": 0.8811850364439731, "params": {"C": 30.661812053455975, "epsilon": 9.955995804369621, "gamma": 0.13636187924365326, "lamda": 0.01234159348293248}, "datetime": {"datetime": "2021-09-19 11:28:42", "elapsed": 2607.028293, "delta": 3.72795}}
{"target": 0.8534434807503374, "params": {"C": 23.0214245153404, "epsilon": 10.467192407706516, "gamma": 0.2550687017519652, "lamda": 0.044458833860407054}, "datetime": {"datetime": "2021-09-19 11:28:44", "elapsed": 2608.970566, "delta": 1.942273}}
{"target": 0.8530740211414549, "params": {"C": 20.943303234829628, "epsilon": 4.043532854743436, "gamma": 0.2547348663908, "lamda": 1.1977941630008606}, "datetime": {"datetime": "2021-09-19 11:28:46", "elapsed": 2610.975052, "delta": 2.004486}}
{"target": -2.2844942470047314, "params": {"C": 100.9142082989836, "epsilon": 8.267832625604429, "gamma": 0.15558941552964795, "lamda": 0.8438803721222841}, "datetime": {"datetime": "2021-09-19 11:28:56", "elapsed": 2620.88165, "delta": 9.906598}}
{"target": 0.845415929246161, "params": {"C": 22.894424418008377, "epsilon": 5.3083011399338655, "gamma": 0.29717615214755244, "lamda": 0.528592303459657}, "datetime": {"datetime": "2021-09-19 11:28:59", "elapsed": 2624.250081, "delta": 3.368431}}
{"target": -1.2915670622105724, "params": {"C": 110.23574641126987, "epsilon": 8.723814327875784, "gamma": 0.22167872317674242, "lamda": 0.3735367701232702}, "datetime": {"datetime": "2021-09-19 11:29:09", "elapsed": 2634.08404, "delta": 9.833959}}
{"target": 0.8460077158190215, "params": {"C": 21.595784241778574, "epsilon": 5.206192370214856, "gamma": 0.2883408063847148, "lamda": 0.3486444543574077}, "datetime": {"datetime": "2021-09-19 11:29:13", "elapsed": 2638.327116, "delta": 4.243076}}
{"target": 0.8583628714247137, "params": {"C": 22.156069468499723, "epsilon": 5.4572146141873485, "gamma": 0.23852752908188846, "lamda": 0.7714146887242744}, "datetime": {"datetime": "2021-09-19 11:29:17", "elapsed": 2641.917906, "delta": 3.59079}}
{"target": -3.4118740445314826, "params": {"C": 118.04599261221443, "epsilon": 8.978460376503968, "gamma": 0.09609300926889464, "lamda": 0.4143366680959415}, "datetime": {"datetime": "2021-09-19 11:29:27", "elapsed": 2652.053067, "delta": 10.135161}}
{"target": -1.4381543612929164, "params": {"C": 79.70782960075866, "epsilon": 10.589178768413971, "gamma": 0.16507607500787408, "lamda": 0.06392001868539651}, "datetime": {"datetime": "2021-09-19 11:29:36", "elapsed": 2661.497116, "delta": 9.444049}}
{"target": 0.8535012541411965, "params": {"C": 22.415517423585722, "epsilon": 5.613762404913329, "gamma": 0.25965403338474125, "lamda": 0.2056766529979766}, "datetime": {"datetime": "2021-09-19 11:29:41", "elapsed": 2666.770557, "delta": 5.273441}}
{"target": 0.8706966992350871, "params": {"C": 23.601387588553408, "epsilon": 5.153876917282881, "gamma": 0.17901197971295676, "lamda": 0.9222183096201619}, "datetime": {"datetime": "2021-09-19 11:29:46", "elapsed": 2671.356244, "delta": 4.585687}}
{"target": -7.110397560326499, "params": {"C": 61.7022004702574, "epsilon": 10.643893921305898, "gamma": 0.0500045749926938, "lamda": 0.45419652637512786}, "datetime": {"datetime": "2021-09-19 11:54:28", "elapsed": 0.0, "delta": 0.0}}
{"target": -4.86317176242092, "params": {"C": 34.67558908171131, "epsilon": 3.1080631372255736, "gamma": 0.057450408455106836, "lamda": 0.5189955298375286}, "datetime": {"datetime": "2021-09-19 11:54:34", "elapsed": 5.967661, "delta": 5.967661}}
{"target": -6.3459142900492225, "params": {"C": 59.67674742306699, "epsilon": 8.465800808040283, "gamma": 0.0667677805761318, "lamda": 1.0281440310947425}, "datetime": {"datetime": "2021-09-19 11:54:49", "elapsed": 20.669861, "delta": 14.7022}}
{"target": -7.84313326832757, "params": {"C": 40.44522497315174, "epsilon": 12.537409236691346, "gamma": 0.05109550372791705, "lamda": 1.006030797757425}, "datetime": {"datetime": "2021-09-19 11:54:57", "elapsed": 29.216053, "delta": 8.546192}}
{"target": -5.519676138172233, "params": {"C": 61.730480236712694, "epsilon": 8.70427794134902, "gamma": 0.055615477543809355, "lamda": 0.29795413213823335}, "datetime": {"datetime": "2021-09-19 11:55:05", "elapsed": 37.368051, "delta": 8.151998}}
{"target": -4.990362707116234, "params": {"C": 20.771985598412105, "epsilon": 3.9423312105523545, "gamma": 0.07837476136679994, "lamda": 1.1473405516284099}, "datetime": {"datetime": "2021-09-19 11:55:20", "elapsed": 51.841427, "delta": 14.473376}}
{"target": -6.088303823493476, "params": {"C": 64.25573174554623, "epsilon": 6.961648495208803, "gamma": 0.07191219783142683, "lamda": 1.116558170781279}, "datetime": {"datetime": "2021-09-19 11:55:29", "elapsed": 60.920815, "delta": 9.079388}}
{"target": -4.4419494761970615, "params": {"C": 34.599536002058144, "epsilon": 3.1325810729885024, "gamma": 0.06822295739410901, "lamda": 0.5726654562548195}, "datetime": {"datetime": "2021-09-19 11:55:34", "elapsed": 66.467811, "delta": 5.546996}}
{"target": -6.423258064142311, "params": {"C": 22.120627365262884, "epsilon": 11.694574875520654, "gamma": 0.08859422164412753, "lamda": 1.0534074678381498}, "datetime": {"datetime": "2021-09-19 11:55:48", "elapsed": 80.403449, "delta": 13.935638}}
{"target": -5.360387905682514, "params": {"C": 34.57526726405726, "epsilon": 3.1861327972192397, "gamma": 0.060026829472557754, "lamda": 0.8144973662023355}, "datetime": {"datetime": "2021-09-19 11:55:57", "elapsed": 88.953328, "delta": 8.549879}}
{"target": -4.820647217391491, "params": {"C": 34.28037719911677, "epsilon": 2.8986947016943208, "gamma": 0.07590717454763905, "lamda": 0.10851346341172223}, "datetime": {"datetime": "2021-09-19 11:56:09", "elapsed": 101.1, "delta": 12.146672}}
{"target": -4.926411069864502, "params": {"C": 34.412434852986664, "epsilon": 2.8257955740089553, "gamma": 0.0832789923705638, "lamda": 0.7563007348024166}, "datetime": {"datetime": "2021-09-19 11:56:17", "elapsed": 109.399963, "delta": 8.299963}}
{"target": -7.281602457197419, "params": {"C": 52.4875761399012, "epsilon": 9.629376994229528, "gamma": 0.0660202043744367, "lamda": 1.127580645071992}, "datetime": {"datetime": "2021-09-19 11:56:26", "elapsed": 118.244933, "delta": 8.84497}}
{"target": -6.065919258880898, "params": {"C": 34.02601293017965, "epsilon": 3.245767070783689, "gamma": 0.05880281334221897, "lamda": 0.10128345020558363}, "datetime": {"datetime": "2021-09-19 11:56:38", "elapsed": 129.748487, "delta": 11.503554}}
{"target": -4.863595842710048, "params": {"C": 34.52352421273069, "epsilon": 3.282055933036136, "gamma": 0.05242743015728147, "lamda": 0.7006884307449159}, "datetime": {"datetime": "2021-09-19 11:56:49", "elapsed": 141.470321, "delta": 11.721834}}
{"target": -6.3947742188010634, "params": {"C": 20.9463652158619, "epsilon": 8.602450801492854, "gamma": 0.056479531052268946, "lamda": 0.7172209995594959}, "datetime": {"datetime": "2021-09-19 11:56:58", "elapsed": 149.904284, "delta": 8.433963}}
{"target": -6.496284476461109, "params": {"C": 53.235266526302375, "epsilon": 7.8175100781635365, "gamma": 0.06667305234753317, "lamda": 1.2314245884580945}, "datetime": {"datetime": "2021-09-19 11:57:07", "elapsed": 158.823545, "delta": 8.919261}}
{"target": -5.9597069974433285, "params": {"C": 43.40570742010691, "epsilon": 7.364022268144729, "gamma": 0.07200438852181666, "lamda": 1.4238248484515899}, "datetime": {"datetime": "2021-09-19 11:57:21", "elapsed": 173.041549, "delta": 14.218004}}
{"target": 0.8879714064165477, "params": {"C": 34.25360399158696, "epsilon": 2.9584438864501816, "gamma": 0.08381230074779873, "lamda": 0.02860779673129277}, "datetime": {"datetime": "2021-09-19 11:57:21", "elapsed": 173.420589, "delta": 0.37904}}
