{"target": 0.5709352704822362, "params": {"C": 10.284947131061578, "epsilon": 0.07241968830641823, "gamma": 0.7982715458221195, "lamda": 0.12443565051028545}, "datetime": {"datetime": "2021-07-03 13:24:50", "elapsed": 175.87435, "delta": 0.711098}}
{"target": 0.7657932750782837, "params": {"C": 9.764072716671969, "epsilon": 1.0719938052083728, "gamma": 0.2903694985654496, "lamda": 0.39046679323391886}, "datetime": {"datetime": "2021-07-03 13:24:50", "elapsed": 176.426874, "delta": 0.552524}}
{"target": 0.8166119551777684, "params": {"C": 9.143409830369622, "epsilon": 7.534568751017194, "gamma": 0.020728120118095807, "lamda": 0.1414623289516317}, "datetime": {"datetime": "2021-07-03 13:24:51", "elapsed": 177.17687, "delta": 0.749996}}
{"target": 0.6406074562185783, "params": {"C": 13.95192442091674, "epsilon": 1.5062912535686628, "gamma": 0.7461125751797407, "lamda": 0.1}, "datetime": {"datetime": "2021-07-03 13:24:52", "elapsed": 177.899938, "delta": 0.723068}}
{"target": 0.3316717222844753, "params": {"C": 9.0, "epsilon": 6.169430275344621, "gamma": 1.7989583345068074, "lamda": 1.0}, "datetime": {"datetime": "2021-07-03 13:24:53", "elapsed": 178.707783, "delta": 0.807845}}
{"target": 0.7988032100122889, "params": {"C": 13.386905960297689, "epsilon": 6.584651295275365, "gamma": 0.01, "lamda": 0.1}, "datetime": {"datetime": "2021-07-03 13:24:54", "elapsed": 179.476724, "delta": 0.768941}}
{"target": 0.4541753347048225, "params": {"C": 11.776530936982631, "epsilon": 4.668202814184902, "gamma": 1.312074840243545, "lamda": 0.11809457895033501}, "datetime": {"datetime": "2021-07-03 13:24:54", "elapsed": 180.193807, "delta": 0.717083}}
{"target": 0.6044132741538357, "params": {"C": 13.09829180585445, "epsilon": 7.355676238732939, "gamma": 0.8218141925139516, "lamda": 0.10151928205875692}, "datetime": {"datetime": "2021-07-03 13:24:55", "elapsed": 180.967744, "delta": 0.773937}}
{"target": 0.7773550241761253, "params": {"C": 13.50988609821237, "epsilon": 6.899855029546059, "gamma": 0.386420735293984, "lamda": 1.0}, "datetime": {"datetime": "2021-07-03 13:24:56", "elapsed": 181.724728, "delta": 0.756984}}
{"target": 0.8302983303754612, "params": {"C": 9.0, "epsilon": 9.901271089338131, "gamma": 0.11822999905418154, "lamda": 0.1}, "datetime": {"datetime": "2021-07-03 13:24:57", "elapsed": 182.844724, "delta": 1.119996}}
{"target": 0.7889119706195079, "params": {"C": 10.781702558905186, "epsilon": 0.9556230567395363, "gamma": 0.01, "lamda": 0.1}, "datetime": {"datetime": "2021-07-03 13:24:58", "elapsed": 183.736342, "delta": 0.891618}}
{"target": 0.7844303324217861, "params": {"C": 9.982768064748187, "epsilon": 2.1386548850678606, "gamma": 0.01, "lamda": 0.1}, "datetime": {"datetime": "2021-07-03 13:24:59", "elapsed": 184.527229, "delta": 0.790887}}
{"target": 0.5044925327996632, "params": {"C": 9.0, "epsilon": 9.282323795695945, "gamma": 0.950405498056826, "lamda": 0.1}, "datetime": {"datetime": "2021-07-03 13:24:59", "elapsed": 185.302158, "delta": 0.774929}}
{"target": 0.5779293588100516, "params": {"C": 9.0, "epsilon": 7.005172739055008, "gamma": 0.7200022703416963, "lamda": 0.1}, "datetime": {"datetime": "2021-07-03 13:25:00", "elapsed": 186.27855, "delta": 0.976392}}
{"target": 0.3024381380997134, "params": {"C": 9.0, "epsilon": 3.6354446282794166, "gamma": 2.0, "lamda": 0.1}, "datetime": {"datetime": "2021-07-03 13:25:01", "elapsed": 187.076418, "delta": 0.797868}}
{"target": 0.2977520119609961, "params": {"C": 9.0, "epsilon": 0.001, "gamma": 2.0, "lamda": 0.1}, "datetime": {"datetime": "2021-07-03 13:25:02", "elapsed": 188.106664, "delta": 1.030246}}
{"target": 0.3446213012828423, "params": {"C": 11.770055679402693, "epsilon": 8.128734127365153, "gamma": 2.0, "lamda": 0.1}, "datetime": {"datetime": "2021-07-03 13:25:03", "elapsed": 188.899546, "delta": 0.792882}}
{"target": 0.7191410648224885, "params": {"C": 9.0, "epsilon": 2.3725074255866505, "gamma": 0.37412829283279125, "lamda": 1.0}, "datetime": {"datetime": "2021-07-03 13:25:04", "elapsed": 189.795153, "delta": 0.895607}}
{"target": 0.33508640220424546, "params": {"C": 10.468589724924813, "epsilon": 7.6348800831898584, "gamma": 1.9416468770537143, "lamda": 0.15492604904881305}, "datetime": {"datetime": "2021-07-03 13:25:05", "elapsed": 190.54116, "delta": 0.746007}}
{"target": -1.9210890567127574, "params": {"C": 14.423142596522842, "epsilon": 6.956629128300488, "gamma": 0.01, "lamda": 0.7999872828442617}, "datetime": {"datetime": "2021-07-03 13:25:09", "elapsed": 195.352302, "delta": 4.811142}}
{"target": 0.5686977799892425, "params": {"C": 9.309457937223481, "epsilon": 2.8750303013780085, "gamma": 0.760256408422779, "lamda": 0.6007824275201887}, "datetime": {"datetime": "2021-07-03 13:25:10", "elapsed": 195.844986, "delta": 0.492684}}
{"target": 0.6219646170787856, "params": {"C": 13.313202771265946, "epsilon": 6.512697905081075, "gamma": 0.780359643524463, "lamda": 0.32725071746827555}, "datetime": {"datetime": "2021-07-03 13:25:11", "elapsed": 196.652828, "delta": 0.807842}}
{"target": 0.37494030762663244, "params": {"C": 13.954464779106832, "epsilon": 7.620992067860812, "gamma": 1.9443397549787558, "lamda": 0.15672957217925662}, "datetime": {"datetime": "2021-07-03 13:25:12", "elapsed": 197.566388, "delta": 0.91356}}
{"target": 0.3013579646983833, "params": {"C": 9.0, "epsilon": 2.738824747800237, "gamma": 2.0, "lamda": 1.0}, "datetime": {"datetime": "2021-07-03 13:25:12", "elapsed": 198.40714, "delta": 0.840752}}
{"target": 0.40665199398730656, "params": {"C": 13.377072158654315, "epsilon": 6.277471680383164, "gamma": 1.6792201487947713, "lamda": 0.7824117691611002}, "datetime": {"datetime": "2021-07-03 13:25:13", "elapsed": 198.930742, "delta": 0.523602}}
{"target": 0.5911601640578118, "params": {"C": 12.840213156195233, "epsilon": 7.2186531354267585, "gamma": 0.8504719467217968, "lamda": 1.0}, "datetime": {"datetime": "2021-07-03 13:25:14", "elapsed": 199.811388, "delta": 0.880646}}
{"target": 0.5987104637955482, "params": {"C": 13.267781437270514, "epsilon": 6.573022318099488, "gamma": 0.8443476613982699, "lamda": 0.35168048608332636}, "datetime": {"datetime": "2021-07-03 13:25:14", "elapsed": 200.332995, "delta": 0.521607}}
{"target": 0.32202167957822625, "params": {"C": 10.272469673453337, "epsilon": 4.1329237952116635, "gamma": 2.0, "lamda": 1.0}, "datetime": {"datetime": "2021-07-03 13:25:15", "elapsed": 201.106926, "delta": 0.773931}}
{"target": 0.34043630566017036, "params": {"C": 12.216247549152238, "epsilon": 0.001, "gamma": 2.0, "lamda": 1.0}, "datetime": {"datetime": "2021-07-03 13:25:16", "elapsed": 202.08232, "delta": 0.975394}}
{"target": 0.35561538219251265, "params": {"C": 13.012023731805503, "epsilon": 2.8761784749764954, "gamma": 1.9928627266859713, "lamda": 0.9288376420301531}, "datetime": {"datetime": "2021-07-03 13:25:17", "elapsed": 203.039762, "delta": 0.957442}}
{"target": 0.5052384467908086, "params": {"C": 10.624480569856429, "epsilon": 1.9627686411986385, "gamma": 1.0308107622984752, "lamda": 0.1}, "datetime": {"datetime": "2021-07-03 13:25:18", "elapsed": 204.029119, "delta": 0.989357}}
{"target": 0.3833322532051284, "params": {"C": 11.487706392859428, "epsilon": 5.966739270010024, "gamma": 1.6958760843492704, "lamda": 1.0}, "datetime": {"datetime": "2021-07-03 13:25:19", "elapsed": 204.96761, "delta": 0.938491}}
{"target": 0.39842533073509157, "params": {"C": 9.543220498577774, "epsilon": 6.132362699526872, "gamma": 1.426590924471978, "lamda": 0.1}, "datetime": {"datetime": "2021-07-03 13:25:20", "elapsed": 205.87319, "delta": 0.90558}}
{"target": 0.32789701121624193, "params": {"C": 10.338817413493246, "epsilon": 9.033757771164646, "gamma": 2.0, "lamda": 0.1}, "datetime": {"datetime": "2021-07-03 13:25:21", "elapsed": 206.573319, "delta": 0.700129}}
{"target": 0.5666648141194637, "params": {"C": 15.0, "epsilon": 7.464117992717055, "gamma": 1.0078752509638298, "lamda": 0.1}, "datetime": {"datetime": "2021-07-03 13:25:22", "elapsed": 207.501838, "delta": 0.928519}}
{"target": 0.3739590265336389, "params": {"C": 15.0, "epsilon": 4.614271093460873, "gamma": 2.0, "lamda": 0.1}, "datetime": {"datetime": "2021-07-03 13:25:22", "elapsed": 208.383483, "delta": 0.881645}}
{"target": 0.34889300617592833, "params": {"C": 12.097111288876814, "epsilon": 8.86502890071365, "gamma": 2.0, "lamda": 1.0}, "datetime": {"datetime": "2021-07-03 13:25:23", "elapsed": 209.416762, "delta": 1.033279}}
{"target": 0.7825262125169367, "params": {"C": 9.645062368935696, "epsilon": 1.8655656609237121, "gamma": 0.01, "lamda": 1.0}, "datetime": {"datetime": "2021-07-03 13:25:24", "elapsed": 210.377194, "delta": 0.960432}}
{"target": 0.3316163385787959, "params": {"C": 11.140037508735782, "epsilon": 2.6776961541640443, "gamma": 2.0, "lamda": 1.0}, "datetime": {"datetime": "2021-07-03 13:25:25", "elapsed": 211.298733, "delta": 0.921539}}
{"target": 0.4910804440414639, "params": {"C": 9.0, "epsilon": 0.001, "gamma": 0.976800917073141, "lamda": 1.0}, "datetime": {"datetime": "2021-07-03 13:25:26", "elapsed": 212.408767, "delta": 1.110034}}
{"target": 0.4835403724550197, "params": {"C": 13.032892299466743, "epsilon": 1.921470766292546, "gamma": 1.2319646013795802, "lamda": 0.1}, "datetime": {"datetime": "2021-07-03 13:25:28", "elapsed": 213.50384, "delta": 1.095073}}
{"target": 0.33963934360800097, "params": {"C": 11.355324993341045, "epsilon": 7.334174778044214, "gamma": 2.0, "lamda": 1.0}, "datetime": {"datetime": "2021-07-03 13:25:28", "elapsed": 214.419394, "delta": 0.915554}}
{"target": 0.4836793783060892, "params": {"C": 9.0, "epsilon": 10.0, "gamma": 1.0313078900823434, "lamda": 1.0}, "datetime": {"datetime": "2021-07-03 13:25:30", "elapsed": 215.610212, "delta": 1.190818}}
{"target": 0.3302406497166077, "params": {"C": 10.933502221035946, "epsilon": 3.6826703317601397, "gamma": 2.0, "lamda": 0.1}, "datetime": {"datetime": "2021-07-03 13:25:31", "elapsed": 216.852892, "delta": 1.24268}}
{"target": 0.36330797318960595, "params": {"C": 13.770070464114735, "epsilon": 4.203273940873134, "gamma": 2.0, "lamda": 1.0}, "datetime": {"datetime": "2021-07-03 13:25:32", "elapsed": 218.399758, "delta": 1.546866}}
{"target": 0.7795238516122924, "params": {"C": 9.0, "epsilon": 2.899786007743933, "gamma": 0.01, "lamda": 0.1}, "datetime": {"datetime": "2021-07-03 13:25:34", "elapsed": 219.706268, "delta": 1.30651}}
{"target": 0.5668610528801797, "params": {"C": 12.050495129711138, "epsilon": 0.2592403353497644, "gamma": 0.8870853499108095, "lamda": 0.9883993043066814}, "datetime": {"datetime": "2021-07-03 13:25:35", "elapsed": 220.500147, "delta": 0.793879}}
{"target": 0.37156226776355605, "params": {"C": 15.0, "epsilon": 2.9247984065291686, "gamma": 2.0, "lamda": 0.1}, "datetime": {"datetime": "2021-07-03 13:25:43", "elapsed": 229.156016, "delta": 8.655869}}
{"target": 0.3271416443738123, "params": {"C": 10.940726883168212, "epsilon": 0.09668940203032533, "gamma": 1.9840264619770773, "lamda": 0.9253499622037142}, "datetime": {"datetime": "2021-07-03 13:25:44", "elapsed": 230.285997, "delta": 1.129981}}
{"target": 0.4655768266953716, "params": {"C": 9.960944722504843, "epsilon": 5.00113126968691, "gamma": 1.1537394633009794, "lamda": 0.1}, "datetime": {"datetime": "2021-07-03 13:25:45", "elapsed": 231.149689, "delta": 0.863692}}
{"target": 0.3763852356584647, "params": {"C": 15.0, "epsilon": 7.166717443131911, "gamma": 2.0, "lamda": 1.0}, "datetime": {"datetime": "2021-07-03 13:25:46", "elapsed": 232.083194, "delta": 0.933505}}
{"target": 0.36102641204261476, "params": {"C": 13.807116916214385, "epsilon": 2.460904357751457, "gamma": 2.0, "lamda": 0.1}, "datetime": {"datetime": "2021-07-03 13:25:47", "elapsed": 233.033656, "delta": 0.950462}}
{"target": 0.5467438626935504, "params": {"C": 12.21650607811003, "epsilon": 3.3681995710362664, "gamma": 0.9637560907557184, "lamda": 0.1}, "datetime": {"datetime": "2021-07-03 13:25:48", "elapsed": 234.050936, "delta": 1.01728}}
{"target": 0.6988096669371465, "params": {"C": 12.476357486251537, "epsilon": 8.970583505240974, "gamma": 0.5564216010279055, "lamda": 0.1}, "datetime": {"datetime": "2021-07-03 13:25:49", "elapsed": 235.09617, "delta": 1.045234}}
{"target": 0.5867271633185706, "params": {"C": 13.676505346636628, "epsilon": 4.890154847742164, "gamma": 0.8939153546034069, "lamda": 0.1}, "datetime": {"datetime": "2021-07-03 13:25:50", "elapsed": 235.947894, "delta": 0.851724}}
{"target": 0.3775348190735045, "params": {"C": 14.988663278737366, "epsilon": 2.166667006509912, "gamma": 1.942039660887594, "lamda": 0.987539898908298}, "datetime": {"datetime": "2021-07-03 13:25:51", "elapsed": 236.826545, "delta": 0.878651}}
{"target": 0.7964648731176907, "params": {"C": 12.256880939772497, "epsilon": 1.1109995009800235, "gamma": 0.01, "lamda": 0.1}, "datetime": {"datetime": "2021-07-03 13:25:52", "elapsed": 237.798946, "delta": 0.972401}}
{"target": 0.3034410918951854, "params": {"C": 9.0, "epsilon": 4.507552352543404, "gamma": 2.0, "lamda": 1.0}, "datetime": {"datetime": "2021-07-03 13:25:53", "elapsed": 238.712517, "delta": 0.913571}}
{"target": 0.3641583434214062, "params": {"C": 13.413483383998075, "epsilon": 8.384678051753033, "gamma": 2.0, "lamda": 1.0}, "datetime": {"datetime": "2021-07-03 13:25:54", "elapsed": 239.60512, "delta": 0.892603}}
{"target": 0.33389518616355085, "params": {"C": 10.820152055860435, "epsilon": 8.513604624297361, "gamma": 2.0, "lamda": 1.0}, "datetime": {"datetime": "2021-07-03 13:25:55", "elapsed": 240.516685, "delta": 0.911565}}
{"target": 0.37288917295149226, "params": {"C": 15.0, "epsilon": 3.8047219998891033, "gamma": 2.0, "lamda": 1.0}, "datetime": {"datetime": "2021-07-03 13:25:55", "elapsed": 241.371403, "delta": 0.854718}}
{"target": 0.7984089150579915, "params": {"C": 13.142135842986454, "epsilon": 7.913708586718879, "gamma": 0.01, "lamda": 0.1}, "datetime": {"datetime": "2021-07-03 13:25:57", "elapsed": 242.575185, "delta": 1.203782}}
{"target": 0.5921475282308376, "params": {"C": 12.565085123371855, "epsilon": 8.203566085248797, "gamma": 0.8352479456872199, "lamda": 0.9726056080333991}, "datetime": {"datetime": "2021-07-03 13:25:58", "elapsed": 243.999379, "delta": 1.424194}}
{"target": -2.395070137336965, "params": {"C": 13.016279835868854, "epsilon": 7.412823680277352, "gamma": 0.011899082544659179, "lamda": 0.9041518741048644}, "datetime": {"datetime": "2021-07-03 13:26:08", "elapsed": 254.204112, "delta": 10.204733}}
{"target": 0.5023214836482336, "params": {"C": 13.632760888758838, "epsilon": 7.087650018961134, "gamma": 1.199223935887319, "lamda": 1.0}, "datetime": {"datetime": "2021-07-03 13:26:09", "elapsed": 255.228375, "delta": 1.024263}}
{"target": 0.6348979115672742, "params": {"C": 13.422843789739716, "epsilon": 8.155454090854327, "gamma": 0.7482345708696088, "lamda": 0.1158400085018381}, "datetime": {"datetime": "2021-07-03 13:26:10", "elapsed": 256.296044, "delta": 1.067669}}
{"target": -0.9887526817376393, "params": {"C": 12.887958874772579, "epsilon": 6.856890425897972, "gamma": 0.6977457798677181, "lamda": 0.8756977515097473}, "datetime": {"datetime": "2021-07-03 13:26:22", "elapsed": 267.858137, "delta": 11.562093}}
{"target": 0.4714109992383023, "params": {"C": 12.967271552608294, "epsilon": 7.718172017523173, "gamma": 1.3052700944288167, "lamda": 0.8255681953369824}, "datetime": {"datetime": "2021-07-03 13:26:23", "elapsed": 268.933264, "delta": 1.075127}}
{"target": 0.5454455269852065, "params": {"C": 12.46985897381703, "epsilon": 8.17706679631256, "gamma": 0.9860465760266268, "lamda": 0.1}, "datetime": {"datetime": "2021-07-03 13:26:24", "elapsed": 269.961517, "delta": 1.028253}}
{"target": 0.5710123185715592, "params": {"C": 9.567553005669684, "epsilon": 1.96611057763566, "gamma": 0.765977458884454, "lamda": 0.10801864773972114}, "datetime": {"datetime": "2021-07-03 13:26:25", "elapsed": 271.016697, "delta": 1.05518}}
{"target": 0.4678038249006361, "params": {"C": 14.066237253605717, "epsilon": 6.457795024520417, "gamma": 1.37641207920071, "lamda": 0.6728707973286068}, "datetime": {"datetime": "2021-07-03 13:26:26", "elapsed": 271.720816, "delta": 0.704119}}
{"target": -1.3483696733921318, "params": {"C": 13.477750903707204, "epsilon": 6.917405414196989, "gamma": 0.43119673150044113, "lamda": 0.9802735224565595}, "datetime": {"datetime": "2021-07-03 13:26:39", "elapsed": 284.595959, "delta": 12.875143}}
{"target": 0.8332444635547963, "params": {"C": 10.21849885908234, "epsilon": 0.004339471582877374, "gamma": 0.13987666099266066, "lamda": 0.7161324441665686}, "datetime": {"datetime": "2021-07-03 13:26:39", "elapsed": 285.307059, "delta": 0.7111}}
{"target": 0.6281408555508173, "params": {"C": 13.945697983319278, "epsilon": 3.547748052763417, "gamma": 0.78141786985368, "lamda": 0.29591625180632264}, "datetime": {"datetime": "2021-07-03 13:26:40", "elapsed": 286.037108, "delta": 0.730049}}
{"target": 0.44951680348237777, "params": {"C": 10.59486272759185, "epsilon": 7.2447929437469645, "gamma": 1.2648542634049493, "lamda": 0.7195577812668457}, "datetime": {"datetime": "2021-07-03 13:26:41", "elapsed": 286.890827, "delta": 0.853719}}
{"target": 0.601590756459442, "params": {"C": 13.6313480013294, "epsilon": 5.289980581485615, "gamma": 0.8477796020133317, "lamda": 0.6332975470866602}, "datetime": {"datetime": "2021-07-03 13:26:43", "elapsed": 289.447995, "delta": 2.557168}}
{"target": -5.9873831122853245, "params": {"C": 12.379837632716999, "epsilon": 8.668424150167972, "gamma": 0.07944058792028798, "lamda": 0.1710982745743656}, "datetime": {"datetime": "2021-07-03 13:26:51", "elapsed": 297.113024, "delta": 7.665029}}
{"target": 0.822940614683876, "params": {"C": 14.237866951762776, "epsilon": 0.9100675106039766, "gamma": 0.255890080132572, "lamda": 0.7303583685356225}, "datetime": {"datetime": "2021-07-03 13:26:52", "elapsed": 297.871996, "delta": 0.758972}}
{"target": 0.804206055254385, "params": {"C": 12.518522507482249, "epsilon": 4.664824540385765, "gamma": 0.27459187983438593, "lamda": 0.9122738467042131}, "datetime": {"datetime": "2021-07-03 13:26:53", "elapsed": 298.625984, "delta": 0.753988}}
{"target": 0.7373415910841239, "params": {"C": 11.31918414930411, "epsilon": 6.613514598136287, "gamma": 0.42374037738585923, "lamda": 0.7881195497657417}, "datetime": {"datetime": "2021-07-03 13:26:55", "elapsed": 301.352244, "delta": 2.72626}}
{"target": -5.256574904000886, "params": {"C": 14.881077937769959, "epsilon": 4.2100678884586555, "gamma": 0.05099998866080221, "lamda": 0.23327507354605306}, "datetime": {"datetime": "2021-07-03 13:27:07", "elapsed": 313.133287, "delta": 11.781043}}
{"target": 0.4574536764609991, "params": {"C": 12.06544747555128, "epsilon": 6.864735560444887, "gamma": 1.319531869834148, "lamda": 0.8642947173531997}, "datetime": {"datetime": "2021-07-03 13:27:08", "elapsed": 313.868309, "delta": 0.735022}}
{"target": 0.8140744289888006, "params": {"C": 12.879031123664463, "epsilon": 0.5537483640578916, "gamma": 0.2524655070628532, "lamda": 0.8860150433854136}, "datetime": {"datetime": "2021-07-03 13:27:09", "elapsed": 314.580312, "delta": 0.712003}}
{"target": 0.33872773827456115, "params": {"C": 10.915551244718928, "epsilon": 0.8776873460325824, "gamma": 1.9033618285993477, "lamda": 0.9292569525789993}, "datetime": {"datetime": "2021-07-03 13:27:09", "elapsed": 315.377325, "delta": 0.797013}}
{"target": 0.7735831258769773, "params": {"C": 9.45624215014037, "epsilon": 5.9665270650562485, "gamma": 0.25989895269516083, "lamda": 0.3440812882529293}, "datetime": {"datetime": "2021-07-03 13:27:10", "elapsed": 316.163301, "delta": 0.785976}}
{"target": 0.36561899408328913, "params": {"C": 10.322215301013593, "epsilon": 5.717608216598903, "gamma": 1.6973449908091007, "lamda": 0.33655781713909877}, "datetime": {"datetime": "2021-07-03 13:27:11", "elapsed": 316.92932, "delta": 0.766019}}
{"target": 0.4496669940237594, "params": {"C": 10.69094312051669, "epsilon": 0.9519595179940232, "gamma": 1.2498391191754459, "lamda": 0.15438994636564715}, "datetime": {"datetime": "2021-07-03 13:27:12", "elapsed": 317.738322, "delta": 0.809002}}
{"target": 0.789991834487955, "params": {"C": 9.75980591444867, "epsilon": 1.116693951542814, "gamma": 0.23039294728855178, "lamda": 0.3886681248195153}, "datetime": {"datetime": "2021-07-03 13:27:13", "elapsed": 318.647891, "delta": 0.909569}}
{"target": 0.47857619602991064, "params": {"C": 12.450412201281146, "epsilon": 3.892024768661152, "gamma": 1.2320627129507888, "lamda": 0.5458072497639762}, "datetime": {"datetime": "2021-07-03 13:27:13", "elapsed": 319.398884, "delta": 0.750993}}
{"target": 0.5053318249509144, "params": {"C": 13.643053276713422, "epsilon": 0.976551515569894, "gamma": 1.1672870755332645, "lamda": 0.23773980176475656}, "datetime": {"datetime": "2021-07-03 13:27:14", "elapsed": 320.040171, "delta": 0.641287}}
{"target": -2.130238107216753, "params": {"C": 13.52060320529548, "epsilon": 6.754555304342406, "gamma": 0.224054613188168, "lamda": 0.9505530204331428}, "datetime": {"datetime": "2021-07-03 13:27:26", "elapsed": 331.492327, "delta": 11.452156}}
{"target": 0.3765172467219524, "params": {"C": 14.492369097947371, "epsilon": 2.2891831496994546, "gamma": 1.9210299068125098, "lamda": 0.44081677169100997}, "datetime": {"datetime": "2021-07-03 13:27:26", "elapsed": 332.180377, "delta": 0.68805}}
{"target": 0.8312277650999046, "params": {"C": 10.922287156971608, "epsilon": 6.650593134246292, "gamma": 0.023197713199078217, "lamda": 0.17030413227831037}, "datetime": {"datetime": "2021-07-03 13:27:27", "elapsed": 333.270346, "delta": 1.089969}}
{"target": 0.41209820798386365, "params": {"C": 11.856723944501146, "epsilon": 7.357815226759412, "gamma": 1.5578887826253074, "lamda": 0.5946651044911787}, "datetime": {"datetime": "2021-07-03 13:27:28", "elapsed": 333.966825, "delta": 0.696479}}
