{"target": -4.428155618928913, "params": {"C": 109.8739733124188, "epsilon": 13.397953197077815, "gamma": 0.08959102886647666, "lamda": 1.2924840029943292}, "datetime": {"datetime": "2021-09-19 18:09:36", "elapsed": 1728.079265, "delta": 14.726959}}
{"target": -2.061455518693423, "params": {"C": 112.22818147957057, "epsilon": 9.869092470568209, "gamma": 0.098067421188339, "lamda": 0.3863787082205205}, "datetime": {"datetime": "2021-09-19 18:09:49", "elapsed": 1741.224267, "delta": 13.145002}}
{"target": 0.9056149889446109, "params": {"C": 88.059145473694, "epsilon": 9.720951240754093, "gamma": 0.07717283941449868, "lamda": 0.05301966719494147}, "datetime": {"datetime": "2021-09-19 18:09:50", "elapsed": 1742.199269, "delta": 0.975002}}
{"target": -4.4506439889901355, "params": {"C": 96.01808696663704, "epsilon": 11.751679113373626, "gamma": 0.06891239453236518, "lamda": 0.9940779885270754}, "datetime": {"datetime": "2021-09-19 18:10:05", "elapsed": 1757.068411, "delta": 14.869142}}
{"target": -4.531332905507715, "params": {"C": 106.40847284300098, "epsilon": 10.916622696400328, "gamma": 0.05488515106446895, "lamda": 1.2399323820665262}, "datetime": {"datetime": "2021-09-19 18:10:20", "elapsed": 1772.116187, "delta": 15.047776}}
{"target": -4.923346935457463, "params": {"C": 112.12794913737471, "epsilon": 15.2312818864882, "gamma": 0.07279974108493754, "lamda": 1.3179621446134222}, "datetime": {"datetime": "2021-09-19 18:10:35", "elapsed": 1787.235917, "delta": 15.11973}}
{"target": -3.592535354235994, "params": {"C": 99.31726634109219, "epsilon": 11.035959301335453, "gamma": 0.0880431239990825, "lamda": 1.4078927880835985}, "datetime": {"datetime": "2021-09-19 18:10:51", "elapsed": 1802.897, "delta": 15.661083}}
{"target": -4.214236044606197, "params": {"C": 118.16466722839775, "epsilon": 9.780731449464565, "gamma": 0.06962290253309353, "lamda": 1.0783428100867025}, "datetime": {"datetime": "2021-09-19 18:11:06", "elapsed": 1817.530419, "delta": 14.633419}}
{"target": -2.0445620606001036, "params": {"C": 90.45297877241948, "epsilon": 6.618890206176957, "gamma": 0.09285698792973439, "lamda": 0.47877068453488114}, "datetime": {"datetime": "2021-09-19 18:11:22", "elapsed": 1833.766384, "delta": 16.235965}}
{"target": -1.4171420373146821, "params": {"C": 101.50618013411064, "epsilon": 13.004417609102514, "gamma": 0.0831752766167817, "lamda": 0.8408244340766469}, "datetime": {"datetime": "2021-09-19 18:11:32", "elapsed": 1843.851888, "delta": 10.085504}}
{"target": -3.875965855645048, "params": {"C": 93.61616374564284, "epsilon": 8.185349532443007, "gamma": 0.06145519135265374, "lamda": 0.6663010339212029}, "datetime": {"datetime": "2021-09-19 18:11:47", "elapsed": 1859.088876, "delta": 15.236988}}
{"target": -1.5902700817289124, "params": {"C": 93.90525411004037, "epsilon": 9.230719721782792, "gamma": 0.07912338754750313, "lamda": 0.5846502602874216}, "datetime": {"datetime": "2021-09-19 18:11:57", "elapsed": 1868.535152, "delta": 9.446276}}
{"target": -5.213125904683111, "params": {"C": 105.73852448426551, "epsilon": 14.097957967993834, "gamma": 0.06621730492235937, "lamda": 1.1200403693821983}, "datetime": {"datetime": "2021-09-19 18:12:12", "elapsed": 1883.710225, "delta": 15.175073}}
{"target": -1.9093067034533542, "params": {"C": 112.72902021790907, "epsilon": 15.959883051842036, "gamma": 0.06890753346108254, "lamda": 0.42397804664178057}, "datetime": {"datetime": "2021-09-19 18:12:22", "elapsed": 1893.407226, "delta": 9.697001}}
{"target": -2.8007065913135873, "params": {"C": 109.343346095105, "epsilon": 8.447512029681445, "gamma": 0.07048257583961691, "lamda": 0.3507191146255858}, "datetime": {"datetime": "2021-09-19 18:12:35", "elapsed": 1906.665228, "delta": 13.258002}}
{"target": -2.072730774404663, "params": {"C": 118.2588770793656, "epsilon": 12.03474058222619, "gamma": 0.06276348502911591, "lamda": 0.5412658256905788}, "datetime": {"datetime": "2021-09-19 18:12:44", "elapsed": 1916.230224, "delta": 9.564996}}
{"target": -5.076436638399213, "params": {"C": 112.75116265763623, "epsilon": 12.868665231194022, "gamma": 0.0594633962626161, "lamda": 0.815940550511832}, "datetime": {"datetime": "2021-09-19 18:13:00", "elapsed": 1931.437227, "delta": 15.207003}}
{"target": -4.204282392785852, "params": {"C": 100.51649286541863, "epsilon": 12.463172104809244, "gamma": 0.0740282340149427, "lamda": 0.5550186775630201}, "datetime": {"datetime": "2021-09-19 18:13:06", "elapsed": 1937.605224, "delta": 6.167997}}
{"target": -3.7516260955170537, "params": {"C": 118.31977936500996, "epsilon": 10.25128068900176, "gamma": 0.06369065377813168, "lamda": 1.4954399094911008}, "datetime": {"datetime": "2021-09-19 18:13:21", "elapsed": 1952.443224, "delta": 14.838}}
{"target": -1.4128836407659948, "params": {"C": 102.3998752073331, "epsilon": 10.494983288944427, "gamma": 0.0874914888888263, "lamda": 0.554786620495977}, "datetime": {"datetime": "2021-09-19 18:13:30", "elapsed": 1962.268225, "delta": 9.825001}}
{"target": -2.536350490478815, "params": {"C": 114.66027382139326, "epsilon": 11.541378245883102, "gamma": 0.07572096291349166, "lamda": 0.04026899213106657}, "datetime": {"datetime": "2021-09-19 18:13:45", "elapsed": 1976.918225, "delta": 14.65}}
{"target": -2.6163752395947, "params": {"C": 104.45339552975904, "epsilon": 12.280121256334645, "gamma": 0.07250168956858104, "lamda": 0.17522543697094403}, "datetime": {"datetime": "2021-09-19 18:14:00", "elapsed": 1991.969228, "delta": 15.051003}}
{"target": -2.2958886271508296, "params": {"C": 104.3532997098165, "epsilon": 11.90374270247585, "gamma": 0.0805646481522878, "lamda": 0.2527718750324876}, "datetime": {"datetime": "2021-09-19 18:14:14", "elapsed": 2005.601225, "delta": 13.631997}}
{"target": -4.017392878939232, "params": {"C": 105.79603894432036, "epsilon": 8.648737620982306, "gamma": 0.05094310100569031, "lamda": 0.11683206993661786}, "datetime": {"datetime": "2021-09-19 18:14:23", "elapsed": 2015.207225, "delta": 9.606}}
{"target": -2.2420192054646657, "params": {"C": 89.65095298191025, "epsilon": 8.655517345902158, "gamma": 0.08959090115515607, "lamda": 0.1723763357325331}, "datetime": {"datetime": "2021-09-19 18:14:35", "elapsed": 2026.973223, "delta": 11.765998}}
{"target": -1.2659787356422112, "params": {"C": 111.70234673704206, "epsilon": 15.133237249254805, "gamma": 0.09682430460391962, "lamda": 0.5138647345276224}, "datetime": {"datetime": "2021-09-19 18:14:45", "elapsed": 2036.420224, "delta": 9.447001}}
{"target": -4.503989891138734, "params": {"C": 87.09897187621847, "epsilon": 12.244565546423393, "gamma": 0.06273829458876173, "lamda": 0.663292014798503}, "datetime": {"datetime": "2021-09-19 18:14:59", "elapsed": 2051.291383, "delta": 14.871159}}
{"target": -5.5238418431886664, "params": {"C": 87.33920245084607, "epsilon": 14.189828389549906, "gamma": 0.05411723907860911, "lamda": 0.6391294586743643}, "datetime": {"datetime": "2021-09-19 18:15:15", "elapsed": 2066.424568, "delta": 15.133185}}
{"target": -5.414801929350476, "params": {"C": 115.12668309076405, "epsilon": 15.52993443789532, "gamma": 0.06790721856702847, "lamda": 1.0282472317796998}, "datetime": {"datetime": "2021-09-19 18:15:30", "elapsed": 2081.474889, "delta": 15.050321}}
{"target": -1.4585852828339068, "params": {"C": 109.22101803225415, "epsilon": 11.235472208403412, "gamma": 0.0819479185042988, "lamda": 0.46527771186831524}, "datetime": {"datetime": "2021-09-19 18:15:39", "elapsed": 2091.047189, "delta": 9.5723}}
{"target": -4.63039367122248, "params": {"C": 94.16787776547702, "epsilon": 11.754842733457888, "gamma": 0.05843895044755652, "lamda": 0.7627687916998832}, "datetime": {"datetime": "2021-09-19 18:15:55", "elapsed": 2106.486917, "delta": 15.439728}}
{"target": 0.8969992964764693, "params": {"C": 80.27318179909012, "epsilon": 13.166001528026449, "gamma": 0.08663588119571174, "lamda": 0.020871106964449406}, "datetime": {"datetime": "2021-09-19 18:15:55", "elapsed": 2107.369503, "delta": 0.882586}}
{"target": -1.8669361073646948, "params": {"C": 110.51244640980707, "epsilon": 6.611705426221061, "gamma": 0.0730339431126513, "lamda": 1.1407544770172962}, "datetime": {"datetime": "2021-09-19 18:16:05", "elapsed": 2116.986603, "delta": 9.6171}}
{"target": -1.3644708317785694, "params": {"C": 102.89647673234006, "epsilon": 8.939102233192624, "gamma": 0.08805420920761371, "lamda": 0.7613241470834324}, "datetime": {"datetime": "2021-09-19 18:16:15", "elapsed": 2126.662224, "delta": 9.675621}}
{"target": -5.129215416548278, "params": {"C": 100.01578649951819, "epsilon": 15.638405199551418, "gamma": 0.07997589070429784, "lamda": 0.7739521031749614}, "datetime": {"datetime": "2021-09-19 18:16:30", "elapsed": 2142.267764, "delta": 15.60554}}
{"target": -5.013058952232979, "params": {"C": 86.80795903621333, "epsilon": 15.754123966556143, "gamma": 0.09011060089980297, "lamda": 0.36698098023423836}, "datetime": {"datetime": "2021-09-19 18:16:40", "elapsed": 2151.793102, "delta": 9.525338}}
{"target": -5.016591191325108, "params": {"C": 97.01758687134036, "epsilon": 15.871205303627942, "gamma": 0.09291687648331325, "lamda": 0.9602385722022775}, "datetime": {"datetime": "2021-09-19 18:16:55", "elapsed": 2166.870603, "delta": 15.077501}}
{"target": -2.3321163480894254, "params": {"C": 116.51049885154998, "epsilon": 6.9828092692223, "gamma": 0.07189076409782763, "lamda": 0.3925513952212027}, "datetime": {"datetime": "2021-09-19 18:17:11", "elapsed": 2183.290498, "delta": 16.419895}}
{"target": -4.1910958840853, "params": {"C": 116.31551660017368, "epsilon": 10.97600306766626, "gamma": 0.06062629713975702, "lamda": 0.4841511120515823}, "datetime": {"datetime": "2021-09-19 18:17:21", "elapsed": 2192.865416, "delta": 9.574918}}
{"target": -5.864457917551888, "params": {"C": 119.12768544259114, "epsilon": 15.288023388975354, "gamma": 0.053561875320661936, "lamda": 1.3589230933391643}, "datetime": {"datetime": "2021-09-19 18:17:36", "elapsed": 2208.096813, "delta": 15.231397}}
{"target": -1.4926879479636108, "params": {"C": 80.10285192092728, "epsilon": 15.958083094205389, "gamma": 0.06344978077262484, "lamda": 0.04742802103933309}, "datetime": {"datetime": "2021-09-19 18:17:46", "elapsed": 2217.690727, "delta": 9.593914}}
{"target": -5.249469380290027, "params": {"C": 99.38857680329258, "epsilon": 14.19956333067726, "gamma": 0.05703128269464687, "lamda": 1.3786202509263004}, "datetime": {"datetime": "2021-09-19 18:18:01", "elapsed": 2233.09287, "delta": 15.402143}}
{"target": -6.170680592621972, "params": {"C": 102.07019832512171, "epsilon": 14.8280481011714, "gamma": 0.051837821158057906, "lamda": 0.7215281526374363}, "datetime": {"datetime": "2021-09-19 18:18:17", "elapsed": 2248.659272, "delta": 15.566402}}
{"target": -2.135477615894443, "params": {"C": 108.21828570332191, "epsilon": 9.531734473561368, "gamma": 0.06884696094713809, "lamda": 0.6205062789224746}, "datetime": {"datetime": "2021-09-19 18:18:26", "elapsed": 2258.291919, "delta": 9.632647}}
{"target": -4.232605488024279, "params": {"C": 88.6416848908444, "epsilon": 11.715885817935284, "gamma": 0.06254681316932538, "lamda": 1.2342809973234004}, "datetime": {"datetime": "2021-09-19 18:18:42", "elapsed": 2273.582462, "delta": 15.290543}}
{"target": -1.9892248612951549, "params": {"C": 106.91865867719154, "epsilon": 9.83987917233797, "gamma": 0.06252222001702835, "lamda": 0.48883295989355274}, "datetime": {"datetime": "2021-09-19 18:18:52", "elapsed": 2283.459087, "delta": 9.876625}}
{"target": -6.110817352397923, "params": {"C": 86.54371229901038, "epsilon": 15.469118434844985, "gamma": 0.05685776526074396, "lamda": 0.30093198577486585}, "datetime": {"datetime": "2021-09-19 18:19:07", "elapsed": 2298.74917, "delta": 15.290083}}
{"target": -2.5900407862531862, "params": {"C": 103.91103791014203, "epsilon": 7.850920655842172, "gamma": 0.06091488420357591, "lamda": 0.2910264191805972}, "datetime": {"datetime": "2021-09-19 18:19:21", "elapsed": 2312.597617, "delta": 13.848447}}
{"target": -3.3596575984511627, "params": {"C": 101.92645594591347, "epsilon": 10.571052133017002, "gamma": 0.09537204589345756, "lamda": 1.0398392719018266}, "datetime": {"datetime": "2021-09-19 18:19:30", "elapsed": 2322.082112, "delta": 9.484495}}
{"target": -4.477250501330156, "params": {"C": 118.42564164230235, "epsilon": 13.85866082419359, "gamma": 0.07426426994944269, "lamda": 0.7016101986806117}, "datetime": {"datetime": "2021-09-19 18:19:40", "elapsed": 2331.825275, "delta": 9.743163}}
{"target": -1.5913221257822143, "params": {"C": 105.93016655063943, "epsilon": 7.504935586708086, "gamma": 0.09535300921755574, "lamda": 0.29499112932956484}, "datetime": {"datetime": "2021-09-19 18:19:54", "elapsed": 2346.084996, "delta": 14.259721}}
{"target": -3.3560426892517343, "params": {"C": 86.81554992488499, "epsilon": 9.738032763123913, "gamma": 0.07754216688545729, "lamda": 1.1361214003428328}, "datetime": {"datetime": "2021-09-19 18:20:05", "elapsed": 2357.27364, "delta": 11.188644}}
{"target": -3.402558844686804, "params": {"C": 80.82382667282813, "epsilon": 10.259262318278914, "gamma": 0.07748312389393547, "lamda": 0.6530118228077844}, "datetime": {"datetime": "2021-09-19 18:55:07", "elapsed": 0.0, "delta": 0.0}}
{"target": -5.118395022785215, "params": {"C": 80.29250527097463, "epsilon": 13.303348210038742, "gamma": 0.06023243170189213, "lamda": 0.928925485977678}, "datetime": {"datetime": "2021-09-19 18:55:21", "elapsed": 14.089006, "delta": 14.089006}}
{"target": -4.247728300672158, "params": {"C": 76.18825890493379, "epsilon": 12.668272751028667, "gamma": 0.08105669163846475, "lamda": 0.7937366843108447}, "datetime": {"datetime": "2021-09-19 18:55:35", "elapsed": 28.689003, "delta": 14.599997}}
{"target": -5.564176483763309, "params": {"C": 70.57571814172775, "epsilon": 15.135781212657465, "gamma": 0.059221993282345765, "lamda": 1.1780134549676193}, "datetime": {"datetime": "2021-09-19 18:55:51", "elapsed": 44.039002, "delta": 15.349999}}
{"target": -1.3804508195306333, "params": {"C": 95.03515994974262, "epsilon": 14.942368373819278, "gamma": 0.0923280742678734, "lamda": 0.11951423323974103}, "datetime": {"datetime": "2021-09-19 18:56:00", "elapsed": 53.544004, "delta": 9.505002}}
{"target": -2.4282267452590567, "params": {"C": 83.17836706413793, "epsilon": 10.65286504386878, "gamma": 0.07140611637986947, "lamda": 0.1448415469451358}, "datetime": {"datetime": "2021-09-19 18:56:16", "elapsed": 69.098006, "delta": 15.554002}}
{"target": -5.859642752849064, "params": {"C": 70.32343903784343, "epsilon": 15.967453089785959, "gamma": 0.061300600030211795, "lamda": 0.16046317918075895}, "datetime": {"datetime": "2021-09-19 18:56:26", "elapsed": 79.216357, "delta": 10.118351}}
{"target": -4.598142703759515, "params": {"C": 73.49041104039902, "epsilon": 13.498262850032994, "gamma": 0.07338937422911501, "lamda": 0.3026547522361347}, "datetime": {"datetime": "2021-09-19 18:56:36", "elapsed": 89.227489, "delta": 10.011132}}
{"target": -5.120444430639543, "params": {"C": 87.7738286573071, "epsilon": 14.830698355517516, "gamma": 0.07526183600092747, "lamda": 0.580369632045283}, "datetime": {"datetime": "2021-09-19 18:56:52", "elapsed": 104.882109, "delta": 15.65462}}
{"target": -5.931440951825642, "params": {"C": 92.98367345101362, "epsilon": 15.800041788778067, "gamma": 0.058114929925115695, "lamda": 1.051143482293404}, "datetime": {"datetime": "2021-09-19 18:57:07", "elapsed": 120.297552, "delta": 15.415443}}
{"target": 0.8970993926826061, "params": {"C": 95.76602380038848, "epsilon": 14.636838931508311, "gamma": 0.1, "lamda": 5e-05}, "datetime": {"datetime": "2021-09-19 18:57:08", "elapsed": 121.234168, "delta": 0.936616}}
{"target": 0.8972207410750026, "params": {"C": 96.72265684158364, "epsilon": 14.943721832455232, "gamma": 0.1, "lamda": 5e-05}, "datetime": {"datetime": "2021-09-19 18:57:09", "elapsed": 122.008518, "delta": 0.77435}}
{"target": 0.8972177591289885, "params": {"C": 96.69897920176925, "epsilon": 12.950838038645834, "gamma": 0.1, "lamda": 5e-05}, "datetime": {"datetime": "2021-09-19 18:57:09", "elapsed": 122.72352, "delta": 0.715002}}
{"target": -5.573586203388739, "params": {"C": 97.01091155180012, "epsilon": 14.228017066943798, "gamma": 0.050736647823216345, "lamda": 1.4863169303637809}, "datetime": {"datetime": "2021-09-19 18:57:25", "elapsed": 138.300997, "delta": 15.577477}}
{"target": 0.8970544202029932, "params": {"C": 95.41501946131037, "epsilon": 13.010012310092888, "gamma": 0.1, "lamda": 5e-05}, "datetime": {"datetime": "2021-09-19 18:57:26", "elapsed": 139.061004, "delta": 0.760007}}
{"target": -3.2409274455233614, "params": {"C": 95.89014607805352, "epsilon": 11.173352964602657, "gamma": 0.06340352369792362, "lamda": 0.07877257877949967}, "datetime": {"datetime": "2021-09-19 18:57:39", "elapsed": 152.357006, "delta": 13.296002}}
{"target": -1.1839016468571173, "params": {"C": 97.30051171089373, "epsilon": 17.002954172996056, "gamma": 0.09671975810712896, "lamda": 0.059262826064994785}, "datetime": {"datetime": "2021-09-19 18:57:48", "elapsed": 161.651, "delta": 9.293994}}
{"target": 0.8971613856319114, "params": {"C": 96.25297758069645, "epsilon": 13.78864248806064, "gamma": 0.1, "lamda": 5e-05}, "datetime": {"datetime": "2021-09-19 18:57:49", "elapsed": 162.399001, "delta": 0.748001}}
{"target": 0.8975129620579089, "params": {"C": 99.08674165554143, "epsilon": 12.3012289951554, "gamma": 0.1, "lamda": 5e-05}, "datetime": {"datetime": "2021-09-19 18:57:50", "elapsed": 163.049005, "delta": 0.650004}}
{"target": 0.8965079703616525, "params": {"C": 100.0, "epsilon": 14.077207810981902, "gamma": 0.1, "lamda": 5e-05}, "datetime": {"datetime": "2021-09-19 18:57:50", "elapsed": 163.768, "delta": 0.718995}}
{"target": 0.8968271263523844, "params": {"C": 100.0, "epsilon": 10.181312148932209, "gamma": 0.1, "lamda": 5e-05}, "datetime": {"datetime": "2021-09-19 18:57:51", "elapsed": 164.440039, "delta": 0.672039}}
{"target": -4.212269980278181, "params": {"C": 99.95731248855766, "epsilon": 11.358790657002318, "gamma": 0.0665617555165293, "lamda": 1.4822905954248897}, "datetime": {"datetime": "2021-09-19 18:58:06", "elapsed": 179.424003, "delta": 14.983964}}
{"target": 0.8963282160904009, "params": {"C": 100.0, "epsilon": 16.22306788139109, "gamma": 0.1, "lamda": 5e-05}, "datetime": {"datetime": "2021-09-19 18:58:07", "elapsed": 180.126009, "delta": 0.702006}}
{"target": -6.7342038328086735, "params": {"C": 99.9143306131813, "epsilon": 18.825217799648478, "gamma": 0.07436217693947896, "lamda": 0.36567469109328793}, "datetime": {"datetime": "2021-09-19 18:58:21", "elapsed": 194.802, "delta": 14.675991}}
{"target": -3.06140457404058, "params": {"C": 98.92124293372117, "epsilon": 15.582333231765015, "gamma": 0.06413654606193847, "lamda": 0.2283700809937995}, "datetime": {"datetime": "2021-09-19 18:58:31", "elapsed": 203.871004, "delta": 9.069004}}
{"target": -4.135906776519493, "params": {"C": 98.29271819319759, "epsilon": 10.792042680740918, "gamma": 0.05448761144380657, "lamda": 0.013464824382763372}, "datetime": {"datetime": "2021-09-19 18:58:40", "elapsed": 213.506001, "delta": 9.634997}}
{"target": -2.2016771878790027, "params": {"C": 98.64599646351542, "epsilon": 13.341168075314313, "gamma": 0.09206566208144285, "lamda": 0.2527428697100078}, "datetime": {"datetime": "2021-09-19 18:58:56", "elapsed": 229.350998, "delta": 15.844997}}
{"target": 0.8966143672417771, "params": {"C": 100.0, "epsilon": 12.790960011156438, "gamma": 0.1, "lamda": 5e-05}, "datetime": {"datetime": "2021-09-19 18:58:57", "elapsed": 230.148006, "delta": 0.797008}}
{"target": 0.897731589826142, "params": {"C": 93.7863685584187, "epsilon": 12.607578072862083, "gamma": 0.1, "lamda": 5e-05}, "datetime": {"datetime": "2021-09-19 18:58:58", "elapsed": 230.987009, "delta": 0.839003}}
{"target": 0.8975258890839642, "params": {"C": 92.5787838208017, "epsilon": 11.604335190133899, "gamma": 0.1, "lamda": 5e-05}, "datetime": {"datetime": "2021-09-19 18:58:59", "elapsed": 231.972999, "delta": 0.98599}}
{"target": -3.6397122450322357, "params": {"C": 93.20234429152384, "epsilon": 11.864597091001093, "gamma": 0.1, "lamda": 1.433437125457795}, "datetime": {"datetime": "2021-09-19 18:59:14", "elapsed": 246.885005, "delta": 14.912006}}
{"target": 0.8979859674778108, "params": {"C": 92.16794488733028, "epsilon": 12.873089225477203, "gamma": 0.1, "lamda": 5e-05}, "datetime": {"datetime": "2021-09-19 18:59:14", "elapsed": 247.640003, "delta": 0.754998}}
{"target": 0.9078206365183072, "params": {"C": 90.9678583648519, "epsilon": 11.721641184878834, "gamma": 0.05, "lamda": 5e-05}, "datetime": {"datetime": "2021-09-19 18:59:15", "elapsed": 248.366005, "delta": 0.726002}}
{"target": 0.8979521287961413, "params": {"C": 91.31424922987804, "epsilon": 10.0, "gamma": 0.1, "lamda": 5e-05}, "datetime": {"datetime": "2021-09-19 18:59:16", "elapsed": 249.136, "delta": 0.769995}}
{"target": 0.8956323667702397, "params": {"C": 89.50179944401485, "epsilon": 10.20307890624019, "gamma": 0.1, "lamda": 5e-05}, "datetime": {"datetime": "2021-09-19 18:59:17", "elapsed": 250.040003, "delta": 0.904003}}
{"target": -4.332045194174157, "params": {"C": 90.21574523267311, "epsilon": 10.15644951952674, "gamma": 0.05, "lamda": 1.5}, "datetime": {"datetime": "2021-09-19 18:59:32", "elapsed": 265.338679, "delta": 15.298676}}
{"target": 0.895538000481491, "params": {"C": 87.73925423176077, "epsilon": 10.022870597205946, "gamma": 0.1, "lamda": 5e-05}, "datetime": {"datetime": "2021-09-19 18:59:33", "elapsed": 266.124673, "delta": 0.785994}}
{"target": 0.895877686419562, "params": {"C": 88.50736796600812, "epsilon": 11.524060035744276, "gamma": 0.1, "lamda": 5e-05}, "datetime": {"datetime": "2021-09-19 18:59:34", "elapsed": 266.867679, "delta": 0.743006}}
{"target": 0.8944689655512057, "params": {"C": 86.44882928519267, "epsilon": 11.29655340997564, "gamma": 0.1, "lamda": 5e-05}, "datetime": {"datetime": "2021-09-19 18:59:34", "elapsed": 267.599674, "delta": 0.731995}}
