{"target": 0.3572344315840327, "params": {"C": 13.159810988165571, "epsilon": 3.581618602755649, "gamma": 2.0, "lamda": 0.1}, "datetime": {"datetime": "2021-07-03 15:00:26", "elapsed": 650.323876, "delta": 1.813973}}
{"target": 0.3779111708180741, "params": {"C": 15.296366090418818, "epsilon": 6.024688121903854, "gamma": 2.0, "lamda": 1.0}, "datetime": {"datetime": "2021-07-03 15:00:28", "elapsed": 652.369888, "delta": 2.046012}}
{"target": 0.37306681521102836, "params": {"C": 15.44350051541478, "epsilon": 1.7148779183644574, "gamma": 2.0, "lamda": 0.1}, "datetime": {"datetime": "2021-07-03 15:00:29", "elapsed": 654.013895, "delta": 1.644007}}
{"target": 0.8675626872824707, "params": {"C": 18.224629730752973, "epsilon": 1.0, "gamma": 0.05, "lamda": 0.1}, "datetime": {"datetime": "2021-07-03 15:00:32", "elapsed": 656.922899, "delta": 2.909004}}
{"target": 0.3650386760895835, "params": {"C": 14.250782172539525, "epsilon": 2.5223678743533937, "gamma": 2.0, "lamda": 1.0}, "datetime": {"datetime": "2021-07-03 15:00:34", "elapsed": 658.63933, "delta": 1.716431}}
{"target": 0.50993022952287, "params": {"C": 16.210540889444626, "epsilon": 6.7379448967091955, "gamma": 1.279782008220669, "lamda": 1.0}, "datetime": {"datetime": "2021-07-03 15:00:36", "elapsed": 660.702946, "delta": 2.063616}}
{"target": 0.7153411809287313, "params": {"C": 17.54067206190603, "epsilon": 1.244492303018435, "gamma": 0.6379033656255442, "lamda": 0.1079071655734524}, "datetime": {"datetime": "2021-07-03 15:00:38", "elapsed": 662.850883, "delta": 2.147937}}
{"target": 0.40124803425230304, "params": {"C": 19.152905336514525, "epsilon": 2.631889908619611, "gamma": 2.0, "lamda": 0.6385145203008626}, "datetime": {"datetime": "2021-07-03 15:00:42", "elapsed": 666.363915, "delta": 3.513032}}
{"target": 0.6323030891820758, "params": {"C": 18.463156800267686, "epsilon": 10.0, "gamma": 0.8961528328212242, "lamda": 0.1}, "datetime": {"datetime": "2021-07-03 15:00:43", "elapsed": 667.859929, "delta": 1.496014}}
{"target": 0.4733275065715584, "params": {"C": 18.383423076945533, "epsilon": 9.310981023974318, "gamma": 1.5519682499652654, "lamda": 0.1}, "datetime": {"datetime": "2021-07-03 15:00:46", "elapsed": 670.200919, "delta": 2.34099}}
{"target": 0.859607919252207, "params": {"C": 14.251121537018015, "epsilon": 1.0, "gamma": 0.05, "lamda": 0.1}, "datetime": {"datetime": "2021-07-03 15:00:48", "elapsed": 672.227911, "delta": 2.026992}}
{"target": 0.5486843392768767, "params": {"C": 18.033327710977666, "epsilon": 5.952496395372023, "gamma": 1.1819852619717595, "lamda": 1.0}, "datetime": {"datetime": "2021-07-03 15:00:50", "elapsed": 674.185939, "delta": 1.958028}}
{"target": -5.877413826499106, "params": {"C": 16.972205219032848, "epsilon": 1.0, "gamma": 0.05, "lamda": 1.0}, "datetime": {"datetime": "2021-07-03 15:01:02", "elapsed": 686.722464, "delta": 12.536525}}
{"target": 0.5952189872184839, "params": {"C": 17.066661497435785, "epsilon": 1.5533100640900932, "gamma": 0.9700727343642525, "lamda": 0.5750441594549116}, "datetime": {"datetime": "2021-07-03 15:01:04", "elapsed": 688.820947, "delta": 2.098483}}
{"target": 0.5383314116798908, "params": {"C": 20.0, "epsilon": 4.052304941812868, "gamma": 1.2929291379845493, "lamda": 0.1}, "datetime": {"datetime": "2021-07-03 15:01:06", "elapsed": 691.009965, "delta": 2.189018}}
{"target": 0.8034907017992504, "params": {"C": 14.101563592687732, "epsilon": 1.639660386667266, "gamma": 0.32143457852327006, "lamda": 0.10048025485750875}, "datetime": {"datetime": "2021-07-03 15:01:08", "elapsed": 692.986956, "delta": 1.976991}}
{"target": 0.8185492833073018, "params": {"C": 16.934894880897964, "epsilon": 1.3550756855780492, "gamma": 0.3325688259049446, "lamda": 0.10341455941564909}, "datetime": {"datetime": "2021-07-03 15:01:12", "elapsed": 696.601936, "delta": 3.61498}}
{"target": 0.45135691902378894, "params": {"C": 16.248176148362436, "epsilon": 7.556876665504208, "gamma": 1.57542268885847, "lamda": 0.1}, "datetime": {"datetime": "2021-07-03 15:01:15", "elapsed": 699.138976, "delta": 2.53704}}
{"target": -1.2166194620594526, "params": {"C": 13.973589861995652, "epsilon": 6.465882698009811, "gamma": 0.45814815013878546, "lamda": 0.9909950787703806}, "datetime": {"datetime": "2021-07-03 15:01:25", "elapsed": 709.875025, "delta": 10.736049}}
{"target": 0.3882659207433776, "params": {"C": 13.96060707933707, "epsilon": 7.133749704685944, "gamma": 1.8449206252217243, "lamda": 0.9290514343557218}, "datetime": {"datetime": "2021-07-03 15:01:27", "elapsed": 711.687012, "delta": 1.811987}}
{"target": 0.5198358372556877, "params": {"C": 20.0, "epsilon": 1.6262557149360317, "gamma": 1.3654314884877052, "lamda": 0.1}, "datetime": {"datetime": "2021-07-03 15:01:30", "elapsed": 714.145006, "delta": 2.457994}}
{"target": 0.7042028088198498, "params": {"C": 18.520090713832754, "epsilon": 1.5277809702253828, "gamma": 0.6857935658726203, "lamda": 0.1}, "datetime": {"datetime": "2021-07-03 15:01:31", "elapsed": 716.010398, "delta": 1.865392}}
{"target": 0.4560522996683771, "params": {"C": 14.178405223951064, "epsilon": 8.440619166869554, "gamma": 1.4496595992725476, "lamda": 1.0}, "datetime": {"datetime": "2021-07-03 15:01:34", "elapsed": 718.106036, "delta": 2.095638}}
{"target": 0.48430560540366874, "params": {"C": 18.129431644478142, "epsilon": 1.5982532328291694, "gamma": 1.459186475569234, "lamda": 1.0}, "datetime": {"datetime": "2021-07-03 15:01:36", "elapsed": 720.214035, "delta": 2.107999}}
{"target": 0.4469235546691821, "params": {"C": 14.121605825736506, "epsilon": 2.247198572590142, "gamma": 1.4686490532971639, "lamda": 0.10733770681173845}, "datetime": {"datetime": "2021-07-03 15:01:38", "elapsed": 722.559041, "delta": 2.345006}}
{"target": 0.5503264708869444, "params": {"C": 19.248535189556545, "epsilon": 5.81499189430762, "gamma": 1.220900522133053, "lamda": 0.1}, "datetime": {"datetime": "2021-07-03 15:01:40", "elapsed": 724.932028, "delta": 2.372987}}
{"target": 0.5202535693741437, "params": {"C": 13.323219647921128, "epsilon": 4.69353670813037, "gamma": 1.1086753324259409, "lamda": 0.7451411510650967}, "datetime": {"datetime": "2021-07-03 15:01:42", "elapsed": 726.760056, "delta": 1.828028}}
{"target": 0.36719572547057466, "params": {"C": 13.910225363032708, "epsilon": 6.550285498351999, "gamma": 2.0, "lamda": 0.1}, "datetime": {"datetime": "2021-07-03 15:01:44", "elapsed": 728.995039, "delta": 2.234983}}
{"target": 0.45402632551432975, "params": {"C": 14.936984134801028, "epsilon": 3.0266397887927092, "gamma": 1.478194551364886, "lamda": 0.1}, "datetime": {"datetime": "2021-07-03 15:01:47", "elapsed": 731.326078, "delta": 2.331039}}
{"target": 0.4563852814571592, "params": {"C": 16.39932215340031, "epsilon": 9.60530139513944, "gamma": 1.5583773058594557, "lamda": 0.1}, "datetime": {"datetime": "2021-07-03 15:01:50", "elapsed": 734.90404, "delta": 3.577962}}
{"target": 0.6425895181330067, "params": {"C": 12.0, "epsilon": 1.0, "gamma": 0.6770602345733454, "lamda": 0.1}, "datetime": {"datetime": "2021-07-03 15:01:52", "elapsed": 736.615047, "delta": 1.711007}}
{"target": 0.4757780302295279, "params": {"C": 17.498676773421238, "epsilon": 1.0, "gamma": 1.4697511957407545, "lamda": 0.5588251766102976}, "datetime": {"datetime": "2021-07-03 15:01:56", "elapsed": 740.097042, "delta": 3.481995}}
{"target": 0.6074190903749794, "params": {"C": 13.51887896102735, "epsilon": 5.634491694116397, "gamma": 0.8274785356272774, "lamda": 0.1}, "datetime": {"datetime": "2021-07-03 15:01:57", "elapsed": 741.960055, "delta": 1.863013}}
{"target": 0.44967058585860786, "params": {"C": 12.0, "epsilon": 4.793014160529719, "gamma": 1.347086613888489, "lamda": 0.1}, "datetime": {"datetime": "2021-07-03 15:01:59", "elapsed": 743.738034, "delta": 1.777979}}
{"target": 0.3538799074456146, "params": {"C": 12.722288440345244, "epsilon": 4.876604814489234, "gamma": 2.0, "lamda": 0.1}, "datetime": {"datetime": "2021-07-03 15:02:01", "elapsed": 745.605045, "delta": 1.867011}}
{"target": 0.3999571780935419, "params": {"C": 19.39277957481642, "epsilon": 1.0, "gamma": 2.0, "lamda": 1.0}, "datetime": {"datetime": "2021-07-03 15:02:04", "elapsed": 748.527038, "delta": 2.921993}}
{"target": 0.4591546910166393, "params": {"C": 13.6909749077298, "epsilon": 5.992365509826645, "gamma": 1.3984211992351403, "lamda": 0.5922465248324627}, "datetime": {"datetime": "2021-07-03 15:02:08", "elapsed": 752.952583, "delta": 4.425545}}
{"target": 0.6346758314638703, "params": {"C": 16.331846819019724, "epsilon": 1.7995880321028972, "gamma": 0.8308369272281719, "lamda": 0.9350574707377547}, "datetime": {"datetime": "2021-07-03 15:02:10", "elapsed": 754.7031, "delta": 1.750517}}
{"target": 0.39370486746608246, "params": {"C": 17.236422127002474, "epsilon": 10.0, "gamma": 2.0, "lamda": 1.0}, "datetime": {"datetime": "2021-07-03 15:02:14", "elapsed": 758.765057, "delta": 4.061957}}
{"target": 0.5054276842435509, "params": {"C": 15.813432383034197, "epsilon": 2.619081728934882, "gamma": 1.2678452051169768, "lamda": 0.4733267510947}, "datetime": {"datetime": "2021-07-03 15:02:16", "elapsed": 760.867088, "delta": 2.102031}}
{"target": 0.343602488093687, "params": {"C": 12.0, "epsilon": 4.341367942856868, "gamma": 2.0, "lamda": 1.0}, "datetime": {"datetime": "2021-07-03 15:02:18", "elapsed": 762.967075, "delta": 2.099987}}
{"target": 0.3570763800027338, "params": {"C": 13.439911748995323, "epsilon": 1.9817148425458382, "gamma": 2.0, "lamda": 1.0}, "datetime": {"datetime": "2021-07-03 15:02:21", "elapsed": 765.653113, "delta": 2.686038}}
{"target": 0.5218384006965351, "params": {"C": 12.0, "epsilon": 8.324295715960005, "gamma": 1.0496418946979684, "lamda": 0.1}, "datetime": {"datetime": "2021-07-03 15:02:24", "elapsed": 768.811098, "delta": 3.157985}}
{"target": 0.4556123986755548, "params": {"C": 15.381159427199673, "epsilon": 5.136111645787621, "gamma": 1.5038517925495396, "lamda": 0.1}, "datetime": {"datetime": "2021-07-03 15:02:27", "elapsed": 771.667089, "delta": 2.855991}}
{"target": 0.3805712198037422, "params": {"C": 15.563185067918006, "epsilon": 4.661967365811485, "gamma": 1.9845483603037215, "lamda": 0.10319657312181696}, "datetime": {"datetime": "2021-07-03 15:02:30", "elapsed": 774.035117, "delta": 2.368028}}
{"target": 0.34770064242165877, "params": {"C": 12.0, "epsilon": 8.727209047321978, "gamma": 2.0, "lamda": 1.0}, "datetime": {"datetime": "2021-07-03 15:02:32", "elapsed": 776.112621, "delta": 2.077504}}
{"target": 0.6108443835480479, "params": {"C": 18.483259618814973, "epsilon": 3.4347332721503068, "gamma": 0.9621040364815605, "lamda": 0.5828463975197241}, "datetime": {"datetime": "2021-07-03 15:02:34", "elapsed": 778.492085, "delta": 2.379464}}
{"target": 0.41138823758522924, "params": {"C": 20.0, "epsilon": 6.849310016578731, "gamma": 2.0, "lamda": 0.1}, "datetime": {"datetime": "2021-07-03 15:02:38", "elapsed": 782.073176, "delta": 3.581091}}
{"target": 0.4869101568281272, "params": {"C": 17.476458639836824, "epsilon": 6.710859918850232, "gamma": 1.4419514393871646, "lamda": 0.1}, "datetime": {"datetime": "2021-07-03 15:02:40", "elapsed": 784.583123, "delta": 2.509947}}
{"target": 0.5378011350549314, "params": {"C": 17.639247610953245, "epsilon": 4.998542810471281, "gamma": 1.2118296631740755, "lamda": 1.0}, "datetime": {"datetime": "2021-07-03 15:02:44", "elapsed": 788.041133, "delta": 3.45801}}
{"target": 0.43202712684789957, "params": {"C": 14.73664964255405, "epsilon": 6.982593754184423, "gamma": 1.6071448440543914, "lamda": 0.1}, "datetime": {"datetime": "2021-07-03 15:02:47", "elapsed": 791.389114, "delta": 3.347981}}
{"target": 0.3695438399757386, "params": {"C": 14.061914557830294, "epsilon": 8.197023230564477, "gamma": 2.0, "lamda": 0.5911954547993162}, "datetime": {"datetime": "2021-07-03 15:02:51", "elapsed": 795.186143, "delta": 3.797029}}
{"target": 0.4220937564022862, "params": {"C": 15.658098755561719, "epsilon": 6.043040069909714, "gamma": 1.708896258860844, "lamda": 0.1}, "datetime": {"datetime": "2021-07-03 15:02:53", "elapsed": 797.672135, "delta": 2.485992}}
{"target": -6.100284177699476, "params": {"C": 24.17022004702574, "epsilon": 7.482920440979423, "gamma": 0.050097218594743156, "lamda": 0.3720993153686558}, "datetime": {"datetime": "2021-07-03 15:11:04", "elapsed": 0.0, "delta": 0.0}}
{"target": -1.474135961041739, "params": {"C": 21.46755890817113, "epsilon": 1.8310473529191802, "gamma": 0.20832117967102026, "lamda": 0.411004654338743}, "datetime": {"datetime": "2021-07-03 15:11:17", "elapsed": 13.232012, "delta": 13.232012}}
{"target": 0.819265012474887, "params": {"C": 23.9676747423067, "epsilon": 5.849350606030212, "gamma": 0.40631533724280056, "lamda": 0.7166975503570835}, "datetime": {"datetime": "2021-07-03 15:11:17", "elapsed": 13.498016, "delta": 0.266004}}
{"target": 0.7256800702417658, "params": {"C": 20.07719855984121, "epsilon": 2.456748407914266, "gamma": 0.6529636790444987, "lamda": 0.7882631730924409}, "datetime": {"datetime": "2021-07-03 15:11:18", "elapsed": 13.833002, "delta": 0.334986}}
{"target": 0.7897894392720981, "params": {"C": 24.42557317455462, "epsilon": 4.721236371406603, "gamma": 0.5156342039178201, "lamda": 0.7697814234177126}, "datetime": {"datetime": "2021-07-03 15:11:18", "elapsed": 14.174015, "delta": 0.341013}}
{"target": 0.7534448515582592, "params": {"C": 23.648412551648782, "epsilon": 5.105516389923264, "gamma": 0.6206501771734677, "lamda": 0.9440565086271192}, "datetime": {"datetime": "2021-07-03 15:11:19", "elapsed": 14.986985, "delta": 0.81297}}
{"target": 0.6409191042557671, "params": {"C": 20.0, "epsilon": 4.024300390885035, "gamma": 0.9, "lamda": 1.0}, "datetime": {"datetime": "2021-07-03 15:11:19", "elapsed": 15.520528, "delta": 0.533543}}
{"target": 0.6541664387060706, "params": {"C": 21.541154971550586, "epsilon": 4.781627207370605, "gamma": 0.8887143389453501, "lamda": 0.1531157088916275}, "datetime": {"datetime": "2021-07-03 15:11:20", "elapsed": 16.597998, "delta": 1.07747}}
{"target": -5.410647565303701, "params": {"C": 20.02913123047241, "epsilon": 5.407253678032678, "gamma": 0.05, "lamda": 0.1}, "datetime": {"datetime": "2021-07-03 15:11:34", "elapsed": 29.865027, "delta": 13.267029}}
{"target": 0.648697594174602, "params": {"C": 21.265398527895467, "epsilon": 3.602492288265323, "gamma": 0.9, "lamda": 1.0}, "datetime": {"datetime": "2021-07-03 15:11:34", "elapsed": 30.503036, "delta": 0.638009}}
{"target": 0.6581108343162902, "params": {"C": 22.84550699950505, "epsilon": 3.9513652357563855, "gamma": 0.9, "lamda": 0.1}, "datetime": {"datetime": "2021-07-03 15:11:35", "elapsed": 31.234026, "delta": 0.73099}}
{"target": 0.6677767101565819, "params": {"C": 24.76190793583375, "epsilon": 2.9392660648297317, "gamma": 0.9, "lamda": 0.1}, "datetime": {"datetime": "2021-07-03 15:11:36", "elapsed": 32.038057, "delta": 0.804031}}
{"target": 0.6740545098103536, "params": {"C": 26.15074587846569, "epsilon": 4.180629245180783, "gamma": 0.9, "lamda": 0.1}, "datetime": {"datetime": "2021-07-03 15:11:37", "elapsed": 32.669029, "delta": 0.630972}}
{"target": -5.089614497150521, "params": {"C": 26.113171437268267, "epsilon": 2.862652284276969, "gamma": 0.05, "lamda": 1.0}, "datetime": {"datetime": "2021-07-03 15:11:51", "elapsed": 47.48206, "delta": 14.813031}}
{"target": 0.6708634817107213, "params": {"C": 25.37830484898074, "epsilon": 5.342234546896857, "gamma": 0.9, "lamda": 0.1}, "datetime": {"datetime": "2021-07-03 15:11:52", "elapsed": 48.078061, "delta": 0.596001}}
{"target": 0.6767060372925426, "params": {"C": 27.238288876925715, "epsilon": 5.464407616636324, "gamma": 0.9, "lamda": 0.1}, "datetime": {"datetime": "2021-07-03 15:11:53", "elapsed": 48.666096, "delta": 0.588035}}
{"target": 0.676797830520605, "params": {"C": 29.075751410523896, "epsilon": 5.199661429689949, "gamma": 0.9, "lamda": 0.1}, "datetime": {"datetime": "2021-07-03 15:11:53", "elapsed": 49.31407, "delta": 0.647974}}
{"target": 0.6766362252697312, "params": {"C": 28.47629619882044, "epsilon": 6.562559286762666, "gamma": 0.9, "lamda": 1.0}, "datetime": {"datetime": "2021-07-03 15:11:54", "elapsed": 49.813097, "delta": 0.499027}}
{"target": 0.6767055949412787, "params": {"C": 30.0, "epsilon": 6.778835920844235, "gamma": 0.9, "lamda": 0.1}, "datetime": {"datetime": "2021-07-03 15:11:54", "elapsed": 50.401098, "delta": 0.588001}}
{"target": -5.6470545115291415, "params": {"C": 28.750792026770842, "epsilon": 7.795668222473992, "gamma": 0.05, "lamda": 0.1}, "datetime": {"datetime": "2021-07-03 15:12:04", "elapsed": 60.170071, "delta": 9.768973}}
{"target": 0.6767881684596082, "params": {"C": 30.0, "epsilon": 5.771464474240828, "gamma": 0.9, "lamda": 1.0}, "datetime": {"datetime": "2021-07-03 15:12:05", "elapsed": 60.80208, "delta": 0.632009}}
{"target": -5.6044198344574205, "params": {"C": 28.258492976620694, "epsilon": 5.19926361179318, "gamma": 0.05, "lamda": 1.0}, "datetime": {"datetime": "2021-07-03 15:12:13", "elapsed": 69.409108, "delta": 8.607028}}
{"target": 0.6647791592955014, "params": {"C": 24.106722296461555, "epsilon": 3.9625440714230877, "gamma": 0.9, "lamda": 0.1}, "datetime": {"datetime": "2021-07-03 15:12:14", "elapsed": 70.077104, "delta": 0.667996}}
{"target": -5.494605807768082, "params": {"C": 22.948656535491384, "epsilon": 5.019132135457594, "gamma": 0.05, "lamda": 0.1}, "datetime": {"datetime": "2021-07-03 15:12:27", "elapsed": 83.457129, "delta": 13.380025}}
{"target": 0.6544588375890785, "params": {"C": 21.44280729899988, "epsilon": 4.825005902753413, "gamma": 0.8858540024261312, "lamda": 0.11398018908304869}, "datetime": {"datetime": "2021-07-03 15:12:28", "elapsed": 83.746136, "delta": 0.289007}}
{"target": 0.6439677285335687, "params": {"C": 20.51779694547872, "epsilon": 3.3700935533790726, "gamma": 0.9, "lamda": 0.17278655801000645}, "datetime": {"datetime": "2021-07-03 15:12:28", "elapsed": 84.32012, "delta": 0.573984}}
{"target": 0.6614157783005723, "params": {"C": 23.480605820882992, "epsilon": 3.014403366232007, "gamma": 0.9, "lamda": 0.560884485372675}, "datetime": {"datetime": "2021-07-03 15:12:29", "elapsed": 85.021138, "delta": 0.701018}}
{"target": 0.6739470732037321, "params": {"C": 26.10922020033535, "epsilon": 5.24508009081051, "gamma": 0.9, "lamda": 1.0}, "datetime": {"datetime": "2021-07-03 15:12:29", "elapsed": 85.462142, "delta": 0.441004}}
{"target": 0.6679627410887834, "params": {"C": 24.735582856043443, "epsilon": 5.637512373516342, "gamma": 0.9, "lamda": 1.0}, "datetime": {"datetime": "2021-07-03 15:12:30", "elapsed": 86.002131, "delta": 0.539989}}
{"target": 0.6767540255957337, "params": {"C": 30.0, "epsilon": 4.365125376494271, "gamma": 0.9, "lamda": 0.1}, "datetime": {"datetime": "2021-07-03 15:12:30", "elapsed": 86.501129, "delta": 0.498998}}
{"target": 0.6881573260620331, "params": {"C": 26.62850084343875, "epsilon": 6.5647657259497745, "gamma": 0.8553428709053875, "lamda": 0.6351977597142453}, "datetime": {"datetime": "2021-07-03 15:12:32", "elapsed": 88.646155, "delta": 2.145026}}
{"target": 0.6633892216097705, "params": {"C": 23.97149817177565, "epsilon": 1.5382976099267056, "gamma": 0.9, "lamda": 0.1}, "datetime": {"datetime": "2021-07-03 15:12:33", "elapsed": 89.140642, "delta": 0.494487}}
{"target": -5.158637287517247, "params": {"C": 26.20687055150124, "epsilon": 5.6318636528864365, "gamma": 0.05, "lamda": 0.1}, "datetime": {"datetime": "2021-07-03 15:12:46", "elapsed": 102.617141, "delta": 13.476499}}
{"target": 0.6525169693703158, "params": {"C": 21.909084466701888, "epsilon": 3.3574458472929023, "gamma": 0.9, "lamda": 0.1}, "datetime": {"datetime": "2021-07-03 15:12:47", "elapsed": 103.330153, "delta": 0.713012}}
{"target": 0.8117163617039056, "params": {"C": 29.95316106133785, "epsilon": 5.808003959274026, "gamma": 0.4437308672386347, "lamda": 0.16079402894760123}, "datetime": {"datetime": "2021-07-03 15:12:48", "elapsed": 103.892163, "delta": 0.56201}}
{"target": 0.8739537118626985, "params": {"C": 23.826912509313765, "epsilon": 2.4236372309876386, "gamma": 0.05, "lamda": 0.1}, "datetime": {"datetime": "2021-07-03 15:12:48", "elapsed": 104.51219, "delta": 0.620027}}
{"target": -4.678317719410018, "params": {"C": 23.574270819039942, "epsilon": 1.3108966702179685, "gamma": 0.05, "lamda": 1.0}, "datetime": {"datetime": "2021-07-03 15:12:56", "elapsed": 111.90219, "delta": 7.39}}
{"target": 0.6706199883259255, "params": {"C": 25.33342609115966, "epsilon": 4.411059233385659, "gamma": 0.9, "lamda": 1.0}, "datetime": {"datetime": "2021-07-03 15:12:56", "elapsed": 112.410157, "delta": 0.507967}}
{"target": 0.6765026033508591, "params": {"C": 30.0, "epsilon": 2.7614104412816975, "gamma": 0.9, "lamda": 0.1}, "datetime": {"datetime": "2021-07-03 15:12:57", "elapsed": 112.903165, "delta": 0.493008}}
{"target": 0.7942079918333524, "params": {"C": 29.93152375722707, "epsilon": 1.4274805841468008, "gamma": 0.5104287030702338, "lamda": 0.7430745185110212}, "datetime": {"datetime": "2021-07-03 15:12:57", "elapsed": 113.568166, "delta": 0.665001}}
{"target": -5.576098687710929, "params": {"C": 29.071220654697576, "epsilon": 2.064164703756863, "gamma": 0.05, "lamda": 0.1}, "datetime": {"datetime": "2021-07-03 15:13:09", "elapsed": 125.436183, "delta": 11.868017}}
{"target": 0.6766453273896934, "params": {"C": 30.0, "epsilon": 3.4926558042669997, "gamma": 0.9, "lamda": 1.0}, "datetime": {"datetime": "2021-07-03 15:13:10", "elapsed": 126.02123, "delta": 0.585047}}
{"target": -3.81173739977951, "params": {"C": 20.29009394263107, "epsilon": 3.1811095964263476, "gamma": 0.10747074550324257, "lamda": 0.9884604093851075}, "datetime": {"datetime": "2021-07-03 15:13:23", "elapsed": 139.098206, "delta": 13.076976}}
{"target": 0.6767646379981611, "params": {"C": 29.26587667385461, "epsilon": 6.183925207455591, "gamma": 0.9, "lamda": 0.39507861581142034}, "datetime": {"datetime": "2021-07-03 15:13:24", "elapsed": 139.770722, "delta": 0.672516}}
