{"target": -4.635931481575511, "params": {"C": 150.28986964588444, "epsilon": 1.3194565090063581, "gamma": 0.055569841271210466, "lamda": 0.012346562136763602}, "datetime": {"datetime": "2021-09-20 11:02:39", "elapsed": 2146.791369, "delta": 11.751436}}
{"target": -3.100626069563721, "params": {"C": 167.80082430155932, "epsilon": 3.8193403720482952, "gamma": 0.09769509224867778, "lamda": 0.011955961060533258}, "datetime": {"datetime": "2021-09-20 11:02:51", "elapsed": 2158.875637, "delta": 12.084268}}
{"target": -5.179386932880086, "params": {"C": 175.15025975254773, "epsilon": 2.609095906131629, "gamma": 0.061124567256743506, "lamda": 0.023951541453327712}, "datetime": {"datetime": "2021-09-20 11:03:11", "elapsed": 2178.087444, "delta": 19.211807}}
{"target": 0.8838998158103972, "params": {"C": 192.59728856436476, "epsilon": 3.3925744523207704, "gamma": 0.13905068324120895, "lamda": 0.014546059918894027}, "datetime": {"datetime": "2021-09-20 11:03:11", "elapsed": 2178.748447, "delta": 0.661003}}
{"target": -4.185207538846505, "params": {"C": 172.19025991832592, "epsilon": 0.49616775619004805, "gamma": 0.07258069224312351, "lamda": 0.029283011731830275}, "datetime": {"datetime": "2021-09-20 11:03:23", "elapsed": 2190.281171, "delta": 11.532724}}
{"target": 0.8850828582952917, "params": {"C": 164.23119844843677, "epsilon": 3.6388449547398896, "gamma": 0.1390552286378311, "lamda": 0.028062612431509835}, "datetime": {"datetime": "2021-09-20 11:03:24", "elapsed": 2190.965173, "delta": 0.684002}}
{"target": 0.8931082049159602, "params": {"C": 157.80747822203975, "epsilon": 3.5309163596553854, "gamma": 0.11319949504631371, "lamda": 0.01026570446047006}, "datetime": {"datetime": "2021-09-20 11:03:24", "elapsed": 2191.405171, "delta": 0.439998}}
{"target": 0.8987354273023598, "params": {"C": 167.25579573900407, "epsilon": 0.7236832754982044, "gamma": 0.09443481574461271, "lamda": 0.007094373846136513}, "datetime": {"datetime": "2021-09-20 11:03:24", "elapsed": 2191.797596, "delta": 0.392425}}
{"target": 0.896350863293837, "params": {"C": 158.26592452401198, "epsilon": 0.8690657512200102, "gamma": 0.11910273415567042, "lamda": 0.01934507172913382}, "datetime": {"datetime": "2021-09-20 11:03:25", "elapsed": 2192.152595, "delta": 0.354999}}
{"target": 0.8969429056269949, "params": {"C": 193.6661567018366, "epsilon": 1.0540728563049115, "gamma": 0.11296079567189131, "lamda": 0.00586078163267739}, "datetime": {"datetime": "2021-09-20 11:03:25", "elapsed": 2192.560345, "delta": 0.40775}}
{"target": 0.881637948323251, "params": {"C": 175.80992305385345, "epsilon": 3.466583278684013, "gamma": 0.14841265438849166, "lamda": 0.0052468243839729626}, "datetime": {"datetime": "2021-09-20 11:03:26", "elapsed": 2192.979342, "delta": 0.418997}}
{"target": 0.8936428396808512, "params": {"C": 162.64207410384074, "epsilon": 0.9730137142773488, "gamma": 0.05475375942277605, "lamda": 0.005254311406544391}, "datetime": {"datetime": "2021-09-20 11:03:26", "elapsed": 2193.355345, "delta": 0.376003}}
{"target": -4.262171146643238, "params": {"C": 174.5097656122116, "epsilon": 0.2773803681141469, "gamma": 0.0778328130846902, "lamda": 0.020999364227722805}, "datetime": {"datetime": "2021-09-20 11:03:37", "elapsed": 2204.751763, "delta": 11.396418}}
{"target": 0.8965094749756691, "params": {"C": 164.7346020780452, "epsilon": 1.1516533345203006, "gamma": 0.1090546522243567, "lamda": 0.014513351930241}, "datetime": {"datetime": "2021-09-20 11:03:38", "elapsed": 2205.145761, "delta": 0.393998}}
{"target": 0.8958216795057522, "params": {"C": 185.12615169807003, "epsilon": 2.034883409874458, "gamma": 0.11332092658064775, "lamda": 0.013834858675040734}, "datetime": {"datetime": "2021-09-20 11:03:38", "elapsed": 2205.511761, "delta": 0.366}}
{"target": 0.8881576571061522, "params": {"C": 164.35219730777544, "epsilon": 0.6195077436292975, "gamma": 0.14370803847989644, "lamda": 0.025120896150394863}, "datetime": {"datetime": "2021-09-20 11:03:39", "elapsed": 2205.937994, "delta": 0.426233}}
{"target": 0.884947731448671, "params": {"C": 196.90142715781764, "epsilon": 0.822984046126429, "gamma": 0.14331557628232255, "lamda": 0.028393830192303328}, "datetime": {"datetime": "2021-09-20 11:03:39", "elapsed": 2206.330999, "delta": 0.393005}}
{"target": 0.8967028576668362, "params": {"C": 164.17722568018272, "epsilon": 1.1710735688530656, "gamma": 0.10514315736733724, "lamda": 0.00963223098421381}, "datetime": {"datetime": "2021-09-20 11:03:39", "elapsed": 2206.715993, "delta": 0.384994}}
{"target": 0.8867554771433231, "params": {"C": 172.10505553133828, "epsilon": 0.8227388191569691, "gamma": 0.14473759179539591, "lamda": 0.01734561643727714}, "datetime": {"datetime": "2021-09-20 11:03:40", "elapsed": 2207.077994, "delta": 0.362001}}
{"target": -3.3472857483640457, "params": {"C": 198.19588837119989, "epsilon": 2.615272522797626, "gamma": 0.09843157730323857, "lamda": 0.029192381149029938}, "datetime": {"datetime": "2021-09-20 11:03:50", "elapsed": 2217.262437, "delta": 10.184443}}
{"target": 0.8947296749430762, "params": {"C": 157.15948908543814, "epsilon": 2.566086511199337, "gamma": 0.11618883678367976, "lamda": 0.01584599567881815}, "datetime": {"datetime": "2021-09-20 11:03:50", "elapsed": 2217.67965, "delta": 0.417213}}
{"target": -3.3860341218076906, "params": {"C": 152.96786126694786, "epsilon": 2.0216181445475296, "gamma": 0.09651339435180775, "lamda": 0.025168670269371588}, "datetime": {"datetime": "2021-09-20 11:04:01", "elapsed": 2228.002587, "delta": 10.322937}}
{"target": -4.65193538986748, "params": {"C": 162.8330494976488, "epsilon": 1.6265784156386476, "gamma": 0.07401722072213772, "lamda": 0.022161085379309102}, "datetime": {"datetime": "2021-09-20 11:04:10", "elapsed": 2237.877635, "delta": 9.875048}}
{"target": 0.8898458523480588, "params": {"C": 199.49417266685577, "epsilon": 0.7919751937862214, "gamma": 0.13214467402262972, "lamda": 0.010774713982040832}, "datetime": {"datetime": "2021-09-20 11:04:11", "elapsed": 2238.286804, "delta": 0.409169}}
{"target": 0.8891150250946146, "params": {"C": 152.89879066863836, "epsilon": 0.6413844203781272, "gamma": 0.14351531155423886, "lamda": 0.0272135525839057}, "datetime": {"datetime": "2021-09-20 11:04:11", "elapsed": 2238.764805, "delta": 0.478001}}
{"target": 0.8872531390667986, "params": {"C": 164.4630247741455, "epsilon": 3.796279857796267, "gamma": 0.1349930535231419, "lamda": 0.015866369851791837}, "datetime": {"datetime": "2021-09-20 11:04:12", "elapsed": 2239.183799, "delta": 0.418994}}
{"target": -4.931482665503421, "params": {"C": 173.40247774332363, "epsilon": 2.5564267841753487, "gamma": 0.06580318349638127, "lamda": 0.005369552168552323}, "datetime": {"datetime": "2021-09-20 11:04:21", "elapsed": 2248.436651, "delta": 9.252852}}
{"target": 0.897288341109561, "params": {"C": 163.27560087361928, "epsilon": 0.16023016457676745, "gamma": 0.11744988441622574, "lamda": 0.018786720895319412}, "datetime": {"datetime": "2021-09-20 11:04:21", "elapsed": 2248.809652, "delta": 0.373001}}
{"target": -5.3966468361153215, "params": {"C": 166.08240728013888, "epsilon": 3.1427891147670586, "gamma": 0.0645785431214777, "lamda": 0.01112201596904709}, "datetime": {"datetime": "2021-09-20 11:04:35", "elapsed": 2262.235622, "delta": 13.42597}}
{"target": -4.900949246811255, "params": {"C": 164.6156881019642, "epsilon": 0.8641345913460693, "gamma": 0.058793868377060333, "lamda": 0.026749404506790187}, "datetime": {"datetime": "2021-09-20 11:04:45", "elapsed": 2272.803772, "delta": 10.56815}}
{"target": -4.594609370984391, "params": {"C": 154.4094322785755, "epsilon": 2.766470309704388, "gamma": 0.06204008768577234, "lamda": 0.005267475078604354}, "datetime": {"datetime": "2021-09-20 11:04:56", "elapsed": 2283.45196, "delta": 10.648188}}
{"target": 0.885184925799883, "params": {"C": 177.86341150374568, "epsilon": 3.6377253153594458, "gamma": 0.1360456667336885, "lamda": 0.013461284602956251}, "datetime": {"datetime": "2021-09-20 11:04:57", "elapsed": 2283.941615, "delta": 0.489655}}
{"target": 0.8898654014412863, "params": {"C": 151.3579414662931, "epsilon": 3.223351485007129, "gamma": 0.1305984932289666, "lamda": 0.026712202907569302}, "datetime": {"datetime": "2021-09-20 11:04:57", "elapsed": 2284.435772, "delta": 0.494157}}
{"target": 0.8847381299039763, "params": {"C": 183.48232999377666, "epsilon": 3.2503375630287983, "gamma": 0.13974982823028204, "lamda": 0.016345748762250305}, "datetime": {"datetime": "2021-09-20 11:04:57", "elapsed": 2284.88239, "delta": 0.446618}}
{"target": 0.8948226244247309, "params": {"C": 177.8912651857455, "epsilon": 2.0739114024301153, "gamma": 0.11919839045242188, "lamda": 0.02207267169074687}, "datetime": {"datetime": "2021-09-20 11:04:58", "elapsed": 2285.353387, "delta": 0.470997}}
{"target": -4.817967314367037, "params": {"C": 176.0156817931658, "epsilon": 3.331025777533338, "gamma": 0.10057793867898665, "lamda": 0.025621464059630797}, "datetime": {"datetime": "2021-09-20 11:05:09", "elapsed": 2296.206371, "delta": 10.852984}}
{"target": 0.8866777639011002, "params": {"C": 164.09225440716216, "epsilon": 0.7961298486122041, "gamma": 0.1469870570344714, "lamda": 0.02354848813640192}, "datetime": {"datetime": "2021-09-20 11:05:09", "elapsed": 2296.631606, "delta": 0.425235}}
{"target": 0.8855022962917979, "params": {"C": 162.98958466522072, "epsilon": 2.3668178349355697, "gamma": 0.14552622535381868, "lamda": 0.0070188476953019704}, "datetime": {"datetime": "2021-09-20 11:05:10", "elapsed": 2297.114606, "delta": 0.483}}
{"target": -5.476220987069717, "params": {"C": 154.17671035308706, "epsilon": 2.514625842537638, "gamma": 0.07244934788359578, "lamda": 0.024129598918337703}, "datetime": {"datetime": "2021-09-20 11:05:24", "elapsed": 2311.097698, "delta": 13.983092}}
{"target": -4.735759428095526, "params": {"C": 178.40762714745526, "epsilon": 2.6981335518716314, "gamma": 0.06078139007945924, "lamda": 0.00710707628591392}, "datetime": {"datetime": "2021-09-20 11:05:34", "elapsed": 2321.168002, "delta": 10.070304}}
{"target": -5.121382366902779, "params": {"C": 181.2560534152745, "epsilon": 1.69795191842268, "gamma": 0.05872525238719818, "lamda": 0.014276598625404726}, "datetime": {"datetime": "2021-09-20 11:05:48", "elapsed": 2335.319147, "delta": 14.151145}}
{"target": 0.8879258257469039, "params": {"C": 183.60722048284242, "epsilon": 0.8393908607471843, "gamma": 0.1395729108528704, "lamda": 0.02874615972200218}, "datetime": {"datetime": "2021-09-20 11:05:48", "elapsed": 2335.682147, "delta": 0.363}}
{"target": -3.873541802545586, "params": {"C": 198.0786271217267, "epsilon": 2.9473219751870148, "gamma": 0.09062884276883151, "lamda": 0.02359372990878049}, "datetime": {"datetime": "2021-09-20 11:05:58", "elapsed": 2345.339561, "delta": 9.657414}}
{"target": 0.8964245624854094, "params": {"C": 164.39934396373758, "epsilon": 1.3262271673239103, "gamma": 0.1105896361217858, "lamda": 0.01987117833519794}, "datetime": {"datetime": "2021-09-20 11:05:58", "elapsed": 2345.708556, "delta": 0.368995}}
{"target": 0.8928653067385294, "params": {"C": 193.93304881579056, "epsilon": 1.0929429470762502, "gamma": 0.12661883652028216, "lamda": 0.028525331670472533}, "datetime": {"datetime": "2021-09-20 11:05:59", "elapsed": 2346.089558, "delta": 0.381002}}
{"target": 0.8928748024165775, "params": {"C": 164.16902277701243, "epsilon": 3.592696414207682, "gamma": 0.12288360020101016, "lamda": 0.017950204643176267}, "datetime": {"datetime": "2021-09-20 11:06:06", "elapsed": 2353.501052, "delta": 7.411494}}
{"target": 0.8972371328448036, "params": {"C": 157.20269476424025, "epsilon": 0.15658514561068992, "gamma": 0.11657206406718058, "lamda": 0.018060365326111633}, "datetime": {"datetime": "2021-09-20 11:06:08", "elapsed": 2355.411802, "delta": 1.91075}}
{"target": 0.8850986120271457, "params": {"C": 155.2096539327874, "epsilon": 1.772139998272274, "gamma": 0.14985526557623888, "lamda": 0.02021449612089065}, "datetime": {"datetime": "2021-09-20 11:06:16", "elapsed": 2362.92879, "delta": 7.516988}}
{"target": -2.5829320878782265, "params": {"C": 164.72774660233662, "epsilon": 1.1460928466402696, "gamma": 0.10356321382700166, "lamda": 0.02476312910124488}, "datetime": {"datetime": "2021-09-20 11:06:28", "elapsed": 2375.866846, "delta": 12.938056}}
{"target": -3.346613083960313, "params": {"C": 157.17069546870584, "epsilon": 2.5693544641388457, "gamma": 0.09779494733633082, "lamda": 0.017202796113751785}, "datetime": {"datetime": "2021-09-20 11:06:42", "elapsed": 2389.44393, "delta": 13.577084}}
{"target": 0.889006591335409, "params": {"C": 199.7650103984265, "epsilon": 1.3681727729425741, "gamma": 0.1316865982989418, "lamda": 0.006115848930525445}, "datetime": {"datetime": "2021-09-20 11:06:44", "elapsed": 2391.619973, "delta": 2.176043}}
{"target": 0.898178243012589, "params": {"C": 182.21804969038064, "epsilon": 0.13228887052033392, "gamma": 0.10945905197438244, "lamda": 0.017119717028156272}, "datetime": {"datetime": "2021-09-20 11:06:47", "elapsed": 2394.546729, "delta": 2.926756}}
{"target": -3.907317499508771, "params": {"C": 166.2437880699506, "epsilon": 2.5795475231245963, "gamma": 0.09005051093609177, "lamda": 0.02378886999786511}, "datetime": {"datetime": "2021-09-20 11:07:00", "elapsed": 2407.684186, "delta": 13.137457}}
{"target": 0.8892172739817156, "params": {"C": 197.2731611893227, "epsilon": 1.738601106605057, "gamma": 0.13052100945012765, "lamda": 0.006583767761245529}, "datetime": {"datetime": "2021-09-20 11:07:03", "elapsed": 2410.777352, "delta": 3.093166}}
{"target": 0.8926050630159137, "params": {"C": 168.90346365923685, "epsilon": 0.8407616767499474, "gamma": 0.13224836365132464, "lamda": 0.009191782139806558}, "datetime": {"datetime": "2021-09-20 11:07:07", "elapsed": 2414.17935, "delta": 3.401998}}
{"target": -5.1874516719276045, "params": {"C": 170.8511002351287, "epsilon": 2.9036720142932597, "gamma": 0.06000457499269379, "lamda": 0.03372159440002478}, "datetime": {"datetime": "2021-09-20 15:03:14", "elapsed": 0.0, "delta": 0.0}}
{"target": -4.276029319387316, "params": {"C": 157.33779454085564, "epsilon": 0.4419672914936874, "gamma": 0.06745040845510683, "lamda": 0.03782826906908953}, "datetime": {"datetime": "2021-09-20 15:03:29", "elapsed": 14.593185, "delta": 14.593185}}
{"target": -4.739684580722601, "params": {"C": 169.8383737115335, "epsilon": 2.1921615972931594, "gamma": 0.07676778057613179, "lamda": 0.07009585253769215}, "datetime": {"datetime": "2021-09-20 15:03:42", "elapsed": 27.555278, "delta": 12.962093}}
{"target": -5.697759578029735, "params": {"C": 160.22261248657588, "epsilon": 3.522220350652506, "gamma": 0.06109550372791704, "lamda": 0.06869441346694821}, "datetime": {"datetime": "2021-09-20 15:04:04", "elapsed": 49.822246, "delta": 22.266968}}
{"target": -5.431482959868821, "params": {"C": 170.86524011835635, "epsilon": 2.2700641275073465, "gamma": 0.06561547754380935, "lamda": 0.023819641463063486}, "datetime": {"datetime": "2021-09-20 15:04:19", "elapsed": 64.643822, "delta": 14.821576}}
{"target": -4.754492525656777, "params": {"C": 190.03722843377682, "epsilon": 3.8755853768200383, "gamma": 0.07253696712636971, "lamda": 0.07077064848858484}, "datetime": {"datetime": "2021-09-20 15:04:30", "elapsed": 75.923941, "delta": 11.280119}}
{"target": -5.7572943079569034, "params": {"C": 193.8194576148019, "epsilon": 3.5868581209350814, "gamma": 0.06340176845479112, "lamda": 0.008710204407123825}, "datetime": {"datetime": "2021-09-20 15:04:43", "elapsed": 89.260159, "delta": 13.336218}}
{"target": -5.572997650004824, "params": {"C": 158.49152097822844, "epsilon": 3.5223186134432996, "gamma": 0.063933873353322, "lamda": 0.045005224375479956}, "datetime": {"datetime": "2021-09-20 15:05:04", "elapsed": 110.225871, "delta": 20.965712}}
{"target": -3.6637592693237133, "params": {"C": 197.8944765075251, "epsilon": 2.170007917094227, "gamma": 0.08767508455801894, "lamda": 0.03497398494557598}, "datetime": {"datetime": "2021-09-20 15:05:17", "elapsed": 122.658484, "delta": 12.432613}}
{"target": -5.698703670612917, "params": {"C": 184.3250463840792, "epsilon": 3.351732633837702, "gamma": 0.06073153109376767, "lamda": 0.07626370991977191}, "datetime": {"datetime": "2021-09-20 15:05:28", "elapsed": 134.186496, "delta": 11.528012}}
{"target": -5.102324808191076, "params": {"C": 199.44305444532472, "epsilon": 3.0128093651689705, "gamma": 0.07121775968257621, "lamda": 0.07998153620289142}, "datetime": {"datetime": "2021-09-20 15:05:45", "elapsed": 150.634474, "delta": 16.447978}}
{"target": -3.3299046592656874, "params": {"C": 155.1613003288821, "epsilon": 1.8357426226095483, "gamma": 0.09634382012372383, "lamda": 0.03289334409549955}, "datetime": {"datetime": "2021-09-20 15:05:57", "elapsed": 163.209581, "delta": 12.575107}}
{"target": -4.552659763924532, "params": {"C": 164.38876692931743, "epsilon": 0.5897120027036484, "gamma": 0.060774678314811884, "lamda": 0.06948937562928964}, "datetime": {"datetime": "2021-09-20 15:06:10", "elapsed": 175.665243, "delta": 12.455662}}
{"target": -4.351450358431364, "params": {"C": 160.58140580000295, "epsilon": 1.1209429047391268, "gamma": 0.07966292637121353, "lamda": 0.010069441786122638}, "datetime": {"datetime": "2021-09-20 15:06:23", "elapsed": 188.942211, "delta": 13.276968}}
{"target": -3.810688550275321, "params": {"C": 178.70588027460064, "epsilon": 0.6551760136307757, "gamma": 0.08357222147613137, "lamda": 0.07147704420198847}, "datetime": {"datetime": "2021-09-20 15:06:37", "elapsed": 202.802058, "delta": 13.859847}}
{"target": -4.214526360885352, "params": {"C": 155.1167214413913, "epsilon": 1.7030994722527077, "gamma": 0.08777600630910981, "lamda": 0.04434703060505575}, "datetime": {"datetime": "2021-09-20 15:06:57", "elapsed": 222.989383, "delta": 20.187325}}
{"target": -4.426459423272063, "params": {"C": 152.49767294730435, "epsilon": 2.180713911188805, "gamma": 0.08655178580879155, "lamda": 0.05391446564553931}, "datetime": {"datetime": "2021-09-20 15:07:20", "elapsed": 246.405823, "delta": 23.41644}}
{"target": -3.4766754632446073, "params": {"C": 197.22973779954066, "epsilon": 2.379295758767812, "gamma": 0.09613607661151535, "lamda": 0.018060096893892565}, "datetime": {"datetime": "2021-09-20 15:07:37", "elapsed": 262.793173, "delta": 16.38735}}
{"target": -4.235212564358683, "params": {"C": 156.96381736253792, "epsilon": 3.2449738517413333, "gamma": 0.07590707347942134, "lamda": 0.020708648726108614}, "datetime": {"datetime": "2021-09-20 15:07:49", "elapsed": 275.238104, "delta": 12.444931}}
{"target": -4.077521877393858, "params": {"C": 196.3754290198017, "epsilon": 1.4432421702023857, "gamma": 0.09003248412544623, "lamda": 0.0739698086082929}, "datetime": {"datetime": "2021-09-20 15:08:03", "elapsed": 288.984758, "delta": 13.746654}}
{"target": -3.594630564361852, "params": {"C": 194.1653045602905, "epsilon": 2.524795051657987, "gamma": 0.09003769736109349, "lamda": 0.038145342487895036}, "datetime": {"datetime": "2021-09-20 15:08:16", "elapsed": 302.495807, "delta": 13.511049}}
{"target": -5.431581649657697, "params": {"C": 163.4963945882513, "epsilon": 3.591873975328582, "gamma": 0.0771236475948518, "lamda": 0.09665980447909664}, "datetime": {"datetime": "2021-09-20 15:08:41", "elapsed": 327.329586, "delta": 24.833779}}
{"target": -5.5445367132976635, "params": {"C": 183.1720748909224, "epsilon": 2.5170472232197576, "gamma": 0.06458983891813501, "lamda": 0.09520147957717177}, "datetime": {"datetime": "2021-09-20 15:08:55", "elapsed": 341.138642, "delta": 13.809056}}
{"target": -4.7803149734933585, "params": {"C": 172.49560667399703, "epsilon": 2.3472872883975566, "gamma": 0.07632547211045125, "lamda": 0.027517563123087632}, "datetime": {"datetime": "2021-09-20 15:09:10", "elapsed": 356.312143, "delta": 15.173501}}
{"target": -5.030829503031133, "params": {"C": 195.1689760281127, "epsilon": 2.3288235877553607, "gamma": 0.06011481308124636, "lamda": 0.06362876679396877}, "datetime": {"datetime": "2021-09-20 15:09:25", "elapsed": 371.382614, "delta": 15.070471}}
{"target": -3.5608064876264027, "params": {"C": 166.3322450886048, "epsilon": 2.1460677608498284, "gamma": 0.09543768397243099, "lamda": 0.03894062720023748}, "datetime": {"datetime": "2021-09-20 15:09:42", "elapsed": 388.005036, "delta": 16.622422}}
{"target": -5.591894857645918, "params": {"C": 195.42675754598997, "epsilon": 2.5235716539038666, "gamma": 0.06063284971386225, "lamda": 0.09329653720565732}, "datetime": {"datetime": "2021-09-20 15:10:12", "elapsed": 418.321998, "delta": 30.316962}}
{"target": -5.203686975933485, "params": {"C": 184.5448458758462, "epsilon": 3.9895055737698035, "gamma": 0.06689362033381314, "lamda": 0.018027896214743388}, "datetime": {"datetime": "2021-09-20 15:10:44", "elapsed": 450.338767, "delta": 32.016769}}
{"target": -4.739213856516922, "params": {"C": 196.6297731518582, "epsilon": 2.811527193040409, "gamma": 0.0626400069088825, "lamda": 0.0767689899972343}, "datetime": {"datetime": "2021-09-20 15:10:59", "elapsed": 465.337469, "delta": 14.998702}}
{"target": -3.811994820070809, "params": {"C": 187.6938094230623, "epsilon": 3.6982561793422146, "gamma": 0.08846099034513888, "lamda": 0.016805741387355647}, "datetime": {"datetime": "2021-09-20 15:11:14", "elapsed": 479.726721, "delta": 14.389252}}
{"target": 0.8959439111139403, "params": {"C": 150.99400669198977, "epsilon": 0.1827470685606596, "gamma": 0.06113225952083178, "lamda": 0.028390051422289363}, "datetime": {"datetime": "2021-09-20 15:11:14", "elapsed": 480.245303, "delta": 0.518582}}
{"target": -4.583904144714308, "params": {"C": 193.0013974341444, "epsilon": 2.192217772219279, "gamma": 0.08211287914743064, "lamda": 0.08499293477416255}, "datetime": {"datetime": "2021-09-20 15:11:31", "elapsed": 497.155472, "delta": 16.910169}}
