{"target": -2.326065747783226, "params": {"C": 294.557518386531, "epsilon": 2.325677119702738, "gamma": 0.1657263787267771, "lamda": 0.12652353073978267}, "datetime": {"datetime": "2021-09-19 23:06:37", "elapsed": 1036.950238, "delta": 11.283999}}
{"target": -1.458666406391424, "params": {"C": 233.7465540413464, "epsilon": 1.4829587672114608, "gamma": 0.007561589599999088, "lamda": 0.07060186410227942}, "datetime": {"datetime": "2021-09-19 23:06:52", "elapsed": 1051.162238, "delta": 14.212}}
{"target": -4.043919968995932, "params": {"C": 198.4143602987117, "epsilon": 2.2172645121613024, "gamma": 0.0963825268354913, "lamda": 0.09148152581297025}, "datetime": {"datetime": "2021-09-19 23:07:00", "elapsed": 1059.655678, "delta": 8.49344}}
{"target": 0.8880293318395643, "params": {"C": 127.53254818912063, "epsilon": 0.13157732803008906, "gamma": 0.15286426079301427, "lamda": 0.0639912476626976}, "datetime": {"datetime": "2021-09-19 23:07:00", "elapsed": 1060.047385, "delta": 0.391707}}
{"target": -4.705964586279323, "params": {"C": 296.8766900387021, "epsilon": 0.7386792558615524, "gamma": 0.07104806496892754, "lamda": 0.10477970323709068}, "datetime": {"datetime": "2021-09-19 23:07:09", "elapsed": 1068.957763, "delta": 8.910378}}
{"target": -5.595127365728154, "params": {"C": 250.97829141210656, "epsilon": 1.4451875733108575, "gamma": 0.029340395906776878, "lamda": 0.06250096319703141}, "datetime": {"datetime": "2021-09-19 23:07:24", "elapsed": 1083.439716, "delta": 14.481953}}
{"target": 0.8798094670902049, "params": {"C": 200.90383394019892, "epsilon": 2.0541621232489162, "gamma": 0.155179241480858, "lamda": 0.026068025855089903}, "datetime": {"datetime": "2021-09-19 23:07:24", "elapsed": 1083.803716, "delta": 0.364}}
{"target": 0.8840983140779907, "params": {"C": 104.58302626447636, "epsilon": 1.6053387344147696, "gamma": 0.1629477985791712, "lamda": 0.0025217408022082327}, "datetime": {"datetime": "2021-09-19 23:07:25", "elapsed": 1084.196718, "delta": 0.393002}}
{"target": -4.736336294570476, "params": {"C": 234.49396893074677, "epsilon": 2.0917438573052762, "gamma": 0.09260311694939434, "lamda": 0.1829578225597001}, "datetime": {"datetime": "2021-09-19 23:07:33", "elapsed": 1092.767253, "delta": 8.570535}}
{"target": -3.5064579759496146, "params": {"C": 228.8722169513986, "epsilon": 0.11519552918925097, "gamma": 0.09946354687530325, "lamda": 0.1718637019017139}, "datetime": {"datetime": "2021-09-19 23:07:42", "elapsed": 1101.587392, "delta": 8.820139}}
{"target": -2.7929694337233233, "params": {"C": 266.0799140074679, "epsilon": 1.982547171626186, "gamma": 0.13637119266023318, "lamda": 0.11570033745826032}, "datetime": {"datetime": "2021-09-19 23:07:58", "elapsed": 1117.44895, "delta": 15.861558}}
{"target": 0.8911318062668746, "params": {"C": 154.82395503337042, "epsilon": 1.7255369725545706, "gamma": 0.13598730803939696, "lamda": 0.07048657361365156}, "datetime": {"datetime": "2021-09-19 23:07:58", "elapsed": 1117.810951, "delta": 0.362001}}
{"target": 0.8787491482154229, "params": {"C": 271.16567345078556, "epsilon": 0.6656087094252511, "gamma": 0.15072755801472504, "lamda": 0.0579212596346293}, "datetime": {"datetime": "2021-09-19 23:07:59", "elapsed": 1118.168948, "delta": 0.357997}}
{"target": 0.8759708446905988, "params": {"C": 254.7598574488364, "epsilon": 1.340438255074621, "gamma": 0.16250118977688086, "lamda": 0.07070761899873541}, "datetime": {"datetime": "2021-09-19 23:07:59", "elapsed": 1118.526948, "delta": 0.358}}
{"target": -5.372856184608227, "params": {"C": 142.73864752591624, "epsilon": 2.325125074423123, "gamma": 0.06518517978797697, "lamda": 0.1466492803002178}, "datetime": {"datetime": "2021-09-19 23:08:13", "elapsed": 1133.068704, "delta": 14.541756}}
{"target": -5.016582264962344, "params": {"C": 248.89463061554642, "epsilon": 0.7420504326337831, "gamma": 0.04675186668002645, "lamda": 0.039790385737489914}, "datetime": {"datetime": "2021-09-19 23:08:22", "elapsed": 1141.436296, "delta": 8.367592}}
{"target": 0.846726034556362, "params": {"C": 128.50366755316892, "epsilon": 1.193539537701269, "gamma": 0.010192437514866187, "lamda": 0.022184962886479094}, "datetime": {"datetime": "2021-09-19 23:08:22", "elapsed": 1141.825027, "delta": 0.388731}}
{"target": -4.618683268556987, "params": {"C": 234.9128047526821, "epsilon": 2.4193519570024202, "gamma": 0.02070325779003525, "lamda": 0.04634123039484792}, "datetime": {"datetime": "2021-09-19 23:08:37", "elapsed": 1156.437491, "delta": 14.612464}}
{"target": -2.772991770187684, "params": {"C": 141.52513236076288, "epsilon": 2.7602673329367287, "gamma": 0.14370633103661493, "lamda": 0.11077736832567181}, "datetime": {"datetime": "2021-09-19 23:08:50", "elapsed": 1169.213138, "delta": 12.775647}}
{"target": -4.008944128904081, "params": {"C": 160.90359758412404, "epsilon": 2.5210767381322157, "gamma": 0.0898846617377564, "lamda": 0.18469131956753992}, "datetime": {"datetime": "2021-09-19 23:08:59", "elapsed": 1178.396139, "delta": 9.183001}}
{"target": -4.678689017537208, "params": {"C": 241.21036086718664, "epsilon": 1.4862907930993219, "gamma": 0.02961097023112495, "lamda": 0.19520873404999906}, "datetime": {"datetime": "2021-09-19 23:09:15", "elapsed": 1194.09844, "delta": 15.702301}}
{"target": -4.555359011370381, "params": {"C": 131.96673006881866, "epsilon": 0.6875461631370214, "gamma": 0.08908044225627235, "lamda": 0.08084097695312369}, "datetime": {"datetime": "2021-09-19 23:09:24", "elapsed": 1203.3884, "delta": 9.28996}}
{"target": -5.722250276409655, "params": {"C": 129.35029615285882, "epsilon": 2.2150248661472576, "gamma": 0.04180528804105126, "lamda": 0.12877948496668826}, "datetime": {"datetime": "2021-09-19 23:09:35", "elapsed": 1214.847302, "delta": 11.458902}}
{"target": -2.964501330533292, "params": {"C": 250.86119011525975, "epsilon": 0.7111239370416301, "gamma": 0.1221860783809898, "lamda": 0.14978592612079206}, "datetime": {"datetime": "2021-09-19 23:09:44", "elapsed": 1223.606912, "delta": 8.75961}}
{"target": -5.625231067953841, "params": {"C": 227.64374212406668, "epsilon": 1.8316691785452823, "gamma": 0.06261904570282192, "lamda": 0.14632156264183052}, "datetime": {"datetime": "2021-09-19 23:09:52", "elapsed": 1231.820352, "delta": 8.21344}}
{"target": 0.8756805530184084, "params": {"C": 289.06168799998994, "epsilon": 1.3341280317584863, "gamma": 0.15752545428212406, "lamda": 0.011229151791343399}, "datetime": {"datetime": "2021-09-19 23:09:53", "elapsed": 1232.180515, "delta": 0.360163}}
{"target": -4.37524141965887, "params": {"C": 267.0543204979932, "epsilon": 0.6575250487842283, "gamma": 0.08204388943354478, "lamda": 0.06001690910402537}, "datetime": {"datetime": "2021-09-19 23:10:02", "elapsed": 1241.47828, "delta": 9.297765}}
{"target": -4.518872279301294, "params": {"C": 116.02072876120985, "epsilon": 2.7234299085151044, "gamma": 0.07718006462297897, "lamda": 0.10613995699778943}, "datetime": {"datetime": "2021-09-19 23:10:10", "elapsed": 1249.947422, "delta": 8.469142}}
{"target": 0.8875770897769006, "params": {"C": 198.823253179265, "epsilon": 0.48326731163452064, "gamma": 0.04525854148343944, "lamda": 0.015238685617655201}, "datetime": {"datetime": "2021-09-19 23:10:11", "elapsed": 1250.307074, "delta": 0.359652}}
{"target": -4.328964249369333, "params": {"C": 201.5843399890575, "epsilon": 0.8584937003156626, "gamma": 0.07462701373214443, "lamda": 0.021613957674118674}, "datetime": {"datetime": "2021-09-19 23:10:20", "elapsed": 1259.393778, "delta": 9.086704}}
{"target": 0.8666085146257885, "params": {"C": 257.51036793050145, "epsilon": 0.40909324268752323, "gamma": 0.19721322062407162, "lamda": 0.03543305572651903}, "datetime": {"datetime": "2021-09-19 23:10:20", "elapsed": 1259.738377, "delta": 0.344599}}
{"target": 0.8792275293723708, "params": {"C": 214.48102248692987, "epsilon": 0.23005147030835557, "gamma": 0.15848767648288767, "lamda": 0.03792199995771149}, "datetime": {"datetime": "2021-09-19 23:10:20", "elapsed": 1260.079162, "delta": 0.340785}}
{"target": -5.227222371318334, "params": {"C": 205.58079568162532, "epsilon": 2.2462248751613076, "gamma": 0.03423663955886491, "lamda": 0.11021788375022017}, "datetime": {"datetime": "2021-09-19 23:10:35", "elapsed": 1274.104491, "delta": 14.025329}}
{"target": 0.8868289451438152, "params": {"C": 143.32344166575587, "epsilon": 2.3016685430197197, "gamma": 0.14596846274346167, "lamda": 0.03531063030638233}, "datetime": {"datetime": "2021-09-19 23:10:35", "elapsed": 1274.47949, "delta": 0.374999}}
{"target": 0.8728091817790151, "params": {"C": 272.3933115334147, "epsilon": 0.15734778859739837, "gamma": 0.1727462144975075, "lamda": 0.11178120332837652}, "datetime": {"datetime": "2021-09-19 23:10:35", "elapsed": 1274.862311, "delta": 0.382821}}
{"target": -2.6039571047373875, "params": {"C": 180.64409442116983, "epsilon": 2.300366099964776, "gamma": 0.14480115533003163, "lamda": 0.19746524763551052}, "datetime": {"datetime": "2021-09-19 23:10:50", "elapsed": 1289.197003, "delta": 14.334692}}
{"target": 0.8743638939003667, "params": {"C": 155.61700972259655, "epsilon": 0.1110016499870935, "gamma": 0.18711100862140315, "lamda": 0.17157956301047422}, "datetime": {"datetime": "2021-09-19 23:10:50", "elapsed": 1289.596002, "delta": 0.398999}}
{"target": -2.8707248146656945, "params": {"C": 245.7701755038512, "epsilon": 1.5983974704724615, "gamma": 0.14285646782350842, "lamda": 0.15610613084579167}, "datetime": {"datetime": "2021-09-19 23:11:05", "elapsed": 1304.149004, "delta": 14.553002}}
{"target": -2.227677044165243, "params": {"C": 174.97518870737187, "epsilon": 2.333935323456877, "gamma": 0.1513717422391592, "lamda": 0.12264262909764041}, "datetime": {"datetime": "2021-09-19 23:11:19", "elapsed": 1318.338004, "delta": 14.189}}
{"target": -1.0015193525102757, "params": {"C": 180.37318479356748, "epsilon": 2.1221932558665886, "gamma": 0.005607007275912461, "lamda": 0.15497955444827285}, "datetime": {"datetime": "2021-09-19 23:11:35", "elapsed": 1334.952279, "delta": 16.614275}}
{"target": -5.401898432955392, "params": {"C": 279.2833204913694, "epsilon": 0.7940155515687634, "gamma": 0.028549600940299798, "lamda": 0.04405757727475773}, "datetime": {"datetime": "2021-09-19 23:11:44", "elapsed": 1343.948431, "delta": 8.996152}}
{"target": -3.857147748788817, "params": {"C": 160.41934625801966, "epsilon": 2.660782674835119, "gamma": 0.11091745389642844, "lamda": 0.05734304320963651}, "datetime": {"datetime": "2021-09-19 23:11:58", "elapsed": 1357.72843, "delta": 13.779999}}
{"target": 0.8948690486621635, "params": {"C": 127.6709379585893, "epsilon": 0.9414189430031707, "gamma": 0.12470486249954427, "lamda": 0.06482838184095943}, "datetime": {"datetime": "2021-09-19 23:11:59", "elapsed": 1358.105431, "delta": 0.377001}}
{"target": 0.8777172912472736, "params": {"C": 191.4720363381997, "epsilon": 1.387939610348182, "gamma": 0.16648639534264487, "lamda": 0.0852702044990919}, "datetime": {"datetime": "2021-09-19 23:11:59", "elapsed": 1358.442432, "delta": 0.337001}}
{"target": -5.790735654202867, "params": {"C": 169.13976423510047, "epsilon": 2.057417653946405, "gamma": 0.0481890008680381, "lamda": 0.09344969753948684}, "datetime": {"datetime": "2021-09-19 23:12:12", "elapsed": 1372.03143, "delta": 13.588998}}
{"target": 0.8765221352267678, "params": {"C": 162.9531374648033, "epsilon": 1.9178812462722206, "gamma": 0.17608529256548847, "lamda": 0.08953835234012557}, "datetime": {"datetime": "2021-09-19 23:12:13", "elapsed": 1372.392431, "delta": 0.361001}}
{"target": 0.8839663356611158, "params": {"C": 256.89148375838465, "epsilon": 1.4252005316284961, "gamma": 0.13296471968484064, "lamda": 0.026369063164525402}, "datetime": {"datetime": "2021-09-19 23:12:13", "elapsed": 1372.747433, "delta": 0.355002}}
{"target": -3.569138158617511, "params": {"C": 186.59630139352964, "epsilon": 2.7370047670993163, "gamma": 0.12306840520103227, "lamda": 0.1533551506728332}, "datetime": {"datetime": "2021-09-19 23:12:22", "elapsed": 1381.716434, "delta": 8.969001}}
{"target": 0.8769246889613259, "params": {"C": 200.94012161917885, "epsilon": 1.5443613120012216, "gamma": 0.16936546883760575, "lamda": 0.01356231906125641}, "datetime": {"datetime": "2021-09-19 23:12:22", "elapsed": 1382.06543, "delta": 0.348996}}
{"target": -3.6868812100129134, "params": {"C": 214.6544543099369, "epsilon": 2.834011468755553, "gamma": 0.10598270939360278, "lamda": 0.03889396743976738}, "datetime": {"datetime": "2021-09-19 23:12:31", "elapsed": 1390.26943, "delta": 8.204}}
{"target": 0.8805154491760271, "params": {"C": 269.5878784886952, "epsilon": 0.8297535128319732, "gamma": 0.14164157711409492, "lamda": 0.10805264781843958}, "datetime": {"datetime": "2021-09-19 23:12:31", "elapsed": 1390.69343, "delta": 0.424}}
{"target": 0.8725372183340327, "params": {"C": 289.7672576560439, "epsilon": 1.9105764369677602, "gamma": 0.16840570259930723, "lamda": 0.001587567306028425}, "datetime": {"datetime": "2021-09-19 23:12:31", "elapsed": 1391.040431, "delta": 0.347001}}
{"target": -5.019423557055199, "params": {"C": 297.8680112333276, "epsilon": 0.32537225396392083, "gamma": 0.06781525515488009, "lamda": 0.1892305329389576}, "datetime": {"datetime": "2021-09-19 23:12:40", "elapsed": 1399.631435, "delta": 8.591004}}
{"target": -2.1063965929764463, "params": {"C": 101.78782047424902, "epsilon": 2.4859170157236132, "gamma": 0.1729362694815249, "lamda": 0.0879667230109003}, "datetime": {"datetime": "2021-09-19 23:12:54", "elapsed": 1413.259431, "delta": 13.627996}}
{"target": -2.9582263335419317, "params": {"C": 151.14903876118623, "epsilon": 2.427799606936566, "gamma": 0.09818309086428313, "lamda": 0.026868587392530573}, "datetime": {"datetime": "2021-09-19 23:13:03", "elapsed": 1422.096431, "delta": 8.837}}
{"target": -4.493934080459584, "params": {"C": 285.56979856500215, "epsilon": 2.6983129043192804, "gamma": 0.1008513042533024, "lamda": 0.17134064260106194}, "datetime": {"datetime": "2021-09-19 23:13:12", "elapsed": 1431.60043, "delta": 9.503999}}
{"target": -4.694894195060298, "params": {"C": 183.71560515281973, "epsilon": 2.0820482104822733, "gamma": 0.08260817468454489, "lamda": 0.10114889774814463}, "datetime": {"datetime": "2021-09-19 23:13:21", "elapsed": 1440.13143, "delta": 8.531}}
{"target": -4.640715979169242, "params": {"C": 137.91034056678546, "epsilon": 2.8984678799216503, "gamma": 0.062372059207629664, "lamda": 0.020692807763724154}, "datetime": {"datetime": "2021-09-19 23:13:29", "elapsed": 1448.401434, "delta": 8.270004}}
{"target": 0.891203026360405, "params": {"C": 128.86308004580962, "epsilon": 0.14086765315808458, "gamma": 0.14460941139516695, "lamda": 0.11290009954985458}, "datetime": {"datetime": "2021-09-19 23:13:29", "elapsed": 1448.76343, "delta": 0.361996}}
{"target": -2.1213169072566527, "params": {"C": 258.9156702369504, "epsilon": 1.5705317775239958, "gamma": 0.15940510270331001, "lamda": 0.1391531470901536}, "datetime": {"datetime": "2021-09-19 23:13:38", "elapsed": 1457.897668, "delta": 9.134238}}
{"target": 0.8844839978019481, "params": {"C": 255.56969537183508, "epsilon": 1.2788003200335503, "gamma": 0.13131527347155883, "lamda": 0.03595967974429719}, "datetime": {"datetime": "2021-09-19 23:13:39", "elapsed": 1458.279668, "delta": 0.382}}
{"target": -3.713131209419683, "params": {"C": 164.3639926775808, "epsilon": 0.6005533983473982, "gamma": 0.08468425887758617, "lamda": 0.0482845081743718}, "datetime": {"datetime": "2021-09-19 23:13:48", "elapsed": 1467.551581, "delta": 9.271913}}
{"target": -5.594774827121327, "params": {"C": 181.38439882587159, "epsilon": 2.928144793068205, "gamma": 0.0674622685352961, "lamda": 0.1964982065040341}, "datetime": {"datetime": "2021-09-19 23:13:56", "elapsed": 1476.008393, "delta": 8.456812}}
{"target": 0.8750337294826105, "params": {"C": 227.2612251711967, "epsilon": 1.187763953342342, "gamma": 0.17220947732130135, "lamda": 0.12391772828697539}, "datetime": {"datetime": "2021-09-19 23:13:57", "elapsed": 1476.366993, "delta": 0.3586}}
{"target": -4.2187200023406275, "params": {"C": 150.40661602616788, "epsilon": 2.399281466132974, "gamma": 0.0894230092031618, "lamda": 0.07150287595492096}, "datetime": {"datetime": "2021-09-19 23:14:06", "elapsed": 1485.433555, "delta": 9.066562}}
{"target": -5.781839535982799, "params": {"C": 166.05538730501618, "epsilon": 2.1223697392781045, "gamma": 0.05738677416171418, "lamda": 0.16165579446306233}, "datetime": {"datetime": "2021-09-19 23:14:20", "elapsed": 1499.375888, "delta": 13.942333}}
{"target": -4.209803418634972, "params": {"C": 159.05775887996955, "epsilon": 1.677952012397536, "gamma": 0.10014469090201447, "lamda": 0.17107142716266135}, "datetime": {"datetime": "2021-09-19 23:14:33", "elapsed": 1512.125996, "delta": 12.750108}}
{"target": -3.1400137403328774, "params": {"C": 277.6772868790772, "epsilon": 0.6347148828665236, "gamma": 0.11914294949295896, "lamda": 0.17964111099838143}, "datetime": {"datetime": "2021-09-19 23:14:42", "elapsed": 1521.692994, "delta": 9.566998}}
{"target": -5.453582860170756, "params": {"C": 189.22344380688594, "epsilon": 2.7734180859030646, "gamma": 0.059403223639109326, "lamda": 0.12176662600758496}, "datetime": {"datetime": "2021-09-19 23:14:51", "elapsed": 1530.385995, "delta": 8.693001}}
{"target": -1.2488759375668113, "params": {"C": 236.49074195336308, "epsilon": 0.7617966267164039, "gamma": 0.007684664948754776, "lamda": 0.08334537575017685}, "datetime": {"datetime": "2021-09-19 23:15:00", "elapsed": 1539.631994, "delta": 9.245999}}
{"target": 0.8759975691662769, "params": {"C": 287.6963783713468, "epsilon": 1.094781518508179, "gamma": 0.157050137619107, "lamda": 0.03494808782916866}, "datetime": {"datetime": "2021-09-19 23:15:00", "elapsed": 1539.992995, "delta": 0.361001}}
{"target": 0.887446706887739, "params": {"C": 168.39056726049049, "epsilon": 0.5193333904304805, "gamma": 0.14477030875854333, "lamda": 0.13986182543173914}, "datetime": {"datetime": "2021-09-19 23:15:01", "elapsed": 1540.348997, "delta": 0.356002}}
{"target": 0.8831688003411611, "params": {"C": 237.69946358978376, "epsilon": 0.834848500010269, "gamma": 0.14001022371656474, "lamda": 0.045460280885649}, "datetime": {"datetime": "2021-09-19 23:15:01", "elapsed": 1540.741996, "delta": 0.392999}}
{"target": -4.4064430056453, "params": {"C": 184.92982318626792, "epsilon": 1.178574152836293, "gamma": 0.07428504276592383, "lamda": 0.011531903793444034}, "datetime": {"datetime": "2021-09-19 23:15:10", "elapsed": 1549.816996, "delta": 9.075}}
{"target": -3.495835063688827, "params": {"C": 226.32932537318794, "epsilon": 2.1512181477769285, "gamma": 0.12464979542805295, "lamda": 0.12966290291986876}, "datetime": {"datetime": "2021-09-19 23:15:19", "elapsed": 1558.134994, "delta": 8.317998}}
{"target": -3.1958740723080634, "params": {"C": 133.98814284345156, "epsilon": 0.5333957169227012, "gamma": 0.10526413348754717, "lamda": 0.17506666993818146}, "datetime": {"datetime": "2021-09-19 23:15:27", "elapsed": 1567.091814, "delta": 8.95682}}
{"target": -3.332266555710306, "params": {"C": 136.79068830944442, "epsilon": 1.4422334442539537, "gamma": 0.08864180513583109, "lamda": 0.09945833989471735}, "datetime": {"datetime": "2021-09-19 23:15:38", "elapsed": 1577.234666, "delta": 10.142852}}
{"target": -5.678297908749751, "params": {"C": 132.3021540972024, "epsilon": 1.0930778592909505, "gamma": 0.05606667880018644, "lamda": 0.16890554411895256}, "datetime": {"datetime": "2021-09-19 23:15:46", "elapsed": 1585.766314, "delta": 8.531648}}
{"target": 0.8879874635012067, "params": {"C": 260.06644915528034, "epsilon": 1.3372535589776164, "gamma": 0.12336801485386259, "lamda": 0.029093976587633727}, "datetime": {"datetime": "2021-09-19 23:15:47", "elapsed": 1586.125314, "delta": 0.359}}
{"target": 0.8762004889342859, "params": {"C": 201.92265884351173, "epsilon": 0.9611465487820231, "gamma": 0.1726319359459942, "lamda": 0.13432000458289708}, "datetime": {"datetime": "2021-09-19 23:15:47", "elapsed": 1586.480467, "delta": 0.355153}}
{"target": -3.8634455183614564, "params": {"C": 226.6948025244842, "epsilon": 0.46177877020061975, "gamma": 0.09676463650228272, "lamda": 0.19731456934459674}, "datetime": {"datetime": "2021-09-19 23:15:56", "elapsed": 1595.511015, "delta": 9.030548}}
{"target": -5.736967501871279, "params": {"C": 289.65983481453304, "epsilon": 1.9707483567552864, "gamma": 0.034586349851234856, "lamda": 0.1278257306171323}, "datetime": {"datetime": "2021-09-19 23:16:11", "elapsed": 1610.710012, "delta": 15.198997}}
{"target": -4.770568513059716, "params": {"C": 213.1324225087855, "epsilon": 1.4591309292176309, "gamma": 0.08846730654631269, "lamda": 0.11985435186185037}, "datetime": {"datetime": "2021-09-19 23:16:20", "elapsed": 1619.947013, "delta": 9.237001}}
{"target": -3.6707208805703555, "params": {"C": 269.9939777031931, "epsilon": 2.2782510170786185, "gamma": 0.11797530535796046, "lamda": 0.1849409116030241}, "datetime": {"datetime": "2021-09-19 23:16:29", "elapsed": 1628.323011, "delta": 8.375998}}
{"target": -3.6023064727507697, "params": {"C": 112.94799668830977, "epsilon": 2.9749048753222462, "gamma": 0.015333935820257959, "lamda": 0.03989990973216614}, "datetime": {"datetime": "2021-09-19 23:16:42", "elapsed": 1641.358012, "delta": 13.035001}}
{"target": 0.8945269516757927, "params": {"C": 184.5505323289122, "epsilon": 0.4117757409369863, "gamma": 0.12661573014455185, "lamda": 0.009599464817209413}, "datetime": {"datetime": "2021-09-19 23:16:42", "elapsed": 1641.715054, "delta": 0.357042}}
{"target": 0.8898605606327133, "params": {"C": 156.92477620138843, "epsilon": 0.2770063752470462, "gamma": 0.14218626956549082, "lamda": 0.13369156506172883}, "datetime": {"datetime": "2021-09-19 23:16:42", "elapsed": 1642.046054, "delta": 0.331}}
