{"target": 0.8485195035393082, "params": {"C": 33.682956639255465, "epsilon": 5.035084820777406, "gamma": 0.29242872752285853, "lamda": 1.0598472172730906}, "datetime": {"datetime": "2021-09-19 10:57:35", "elapsed": 740.174712, "delta": 0.999997}}
{"target": 0.8621833405867889, "params": {"C": 21.800973614155442, "epsilon": 3.7157597461828753, "gamma": 0.21601111525619204, "lamda": 1.3176821322774523}, "datetime": {"datetime": "2021-09-19 10:57:36", "elapsed": 741.303692, "delta": 1.12898}}
{"target": -1.3174296408171275, "params": {"C": 104.43728756009527, "epsilon": 9.74892892231673, "gamma": 0.23419423951364274, "lamda": 0.9551481391062018}, "datetime": {"datetime": "2021-09-19 10:57:45", "elapsed": 749.958381, "delta": 8.654689}}
{"target": 0.8813331391479071, "params": {"C": 34.11188858384755, "epsilon": 4.82256910430057, "gamma": 0.13619050762619506, "lamda": 1.4159282666735842}, "datetime": {"datetime": "2021-09-19 10:57:46", "elapsed": 751.13889, "delta": 1.180509}}
{"target": -3.646887758717283, "params": {"C": 40.308314318038995, "epsilon": 2.0040077666761205, "gamma": 0.10370557729068278, "lamda": 1.0272028153396515}, "datetime": {"datetime": "2021-09-19 10:58:00", "elapsed": 765.554163, "delta": 14.415273}}
{"target": 0.8470789723789773, "params": {"C": 31.66369414864384, "epsilon": 5.343791355684175, "gamma": 0.299640004532454, "lamda": 0.7011069446983419}, "datetime": {"datetime": "2021-09-19 10:58:01", "elapsed": 766.673613, "delta": 1.11945}}
{"target": -3.0436545347539994, "params": {"C": 46.581045459864185, "epsilon": 10.693420874583815, "gamma": 0.22242180669097456, "lamda": 1.0329079045766685}, "datetime": {"datetime": "2021-09-19 10:58:15", "elapsed": 780.564547, "delta": 13.890934}}
{"target": 0.8813450741676835, "params": {"C": 32.91324231300559, "epsilon": 5.184051721060964, "gamma": 0.14149458186081348, "lamda": 1.3021568595199462}, "datetime": {"datetime": "2021-09-19 10:58:16", "elapsed": 781.71348, "delta": 1.148933}}
{"target": 0.8577833802975396, "params": {"C": 31.749239391181987, "epsilon": 5.290541189169659, "gamma": 0.2506690185880385, "lamda": 1.1399885561214054}, "datetime": {"datetime": "2021-09-19 10:58:18", "elapsed": 782.786019, "delta": 1.072539}}
{"target": -3.4921930933270957, "params": {"C": 107.29778252937957, "epsilon": 3.0909901117359455, "gamma": 0.11594819941097492, "lamda": 1.0508968827054423}, "datetime": {"datetime": "2021-09-19 10:58:32", "elapsed": 796.927182, "delta": 14.141163}}
{"target": -4.663089432853058, "params": {"C": 78.64204179137081, "epsilon": 7.597149163379255, "gamma": 0.11792175616342765, "lamda": 1.3538872180106838}, "datetime": {"datetime": "2021-09-19 10:58:45", "elapsed": 810.604974, "delta": 13.677792}}
{"target": 0.8645944107161225, "params": {"C": 32.80271348700855, "epsilon": 5.194508572646125, "gamma": 0.22493098916137938, "lamda": 0.9648307298952794}, "datetime": {"datetime": "2021-09-19 10:58:47", "elapsed": 811.916083, "delta": 1.311109}}
{"target": 0.8624602182553098, "params": {"C": 34.31468807860574, "epsilon": 5.289372462559687, "gamma": 0.23189501373272842, "lamda": 1.0204334933267845}, "datetime": {"datetime": "2021-09-19 10:58:48", "elapsed": 813.087919, "delta": 1.171836}}
{"target": 0.8488332057253113, "params": {"C": 30.657151608079523, "epsilon": 7.587406526637195, "gamma": 0.2775741391472406, "lamda": 0.4165521806307738}, "datetime": {"datetime": "2021-09-19 10:58:49", "elapsed": 814.066257, "delta": 0.978338}}
{"target": 0.8473948036520016, "params": {"C": 32.23901400081892, "epsilon": 4.870007706744913, "gamma": 0.3, "lamda": 1.2565657708332818}, "datetime": {"datetime": "2021-09-19 10:58:50", "elapsed": 815.03501, "delta": 0.968753}}
{"target": 0.8812886390026569, "params": {"C": 28.036536005281867, "epsilon": 8.367682797323365, "gamma": 0.13786592075170406, "lamda": 0.04996012654936892}, "datetime": {"datetime": "2021-09-19 10:58:51", "elapsed": 816.070332, "delta": 1.035322}}
{"target": 0.8673464876533299, "params": {"C": 20.220600416831317, "epsilon": 3.970012529107437, "gamma": 0.17714270993434128, "lamda": 1.134371073953114}, "datetime": {"datetime": "2021-09-19 10:58:52", "elapsed": 817.247213, "delta": 1.176881}}
{"target": 0.8561208195011825, "params": {"C": 33.101623752640705, "epsilon": 4.899303615395432, "gamma": 0.26166293634887433, "lamda": 0.9890955183352577}, "datetime": {"datetime": "2021-09-19 10:58:53", "elapsed": 818.433842, "delta": 1.186629}}
{"target": 0.8679896124795046, "params": {"C": 48.18238534194485, "epsilon": 3.1412655481476426, "gamma": 0.2208372939833385, "lamda": 0.09158947733567231}, "datetime": {"datetime": "2021-09-19 10:58:54", "elapsed": 819.183803, "delta": 0.749961}}
{"target": -3.3396472414382785, "params": {"C": 45.96608391683749, "epsilon": 4.766605620284436, "gamma": 0.11687105011357801, "lamda": 0.07396042074936587}, "datetime": {"datetime": "2021-09-19 10:59:02", "elapsed": 827.400972, "delta": 8.217169}}
{"target": 0.8473506057142226, "params": {"C": 32.77866183597785, "epsilon": 4.826389261250871, "gamma": 0.3, "lamda": 1.2974781946455458}, "datetime": {"datetime": "2021-09-19 10:59:03", "elapsed": 828.520735, "delta": 1.119763}}
{"target": -1.4027572144057339, "params": {"C": 97.38422127855704, "epsilon": 3.17077889657353, "gamma": 0.21212577178994246, "lamda": 0.23041329205041122}, "datetime": {"datetime": "2021-09-19 10:59:17", "elapsed": 842.093706, "delta": 13.572971}}
{"target": -4.289913244236319, "params": {"C": 20.454307469249116, "epsilon": 4.034517882942353, "gamma": 0.09447269757438569, "lamda": 1.4637332796299276}, "datetime": {"datetime": "2021-09-19 10:59:31", "elapsed": 856.530723, "delta": 14.437017}}
{"target": 0.8570275708784301, "params": {"C": 33.455852115903966, "epsilon": 5.278607285886566, "gamma": 0.25676737201537314, "lamda": 1.203165545573498}, "datetime": {"datetime": "2021-09-19 10:59:32", "elapsed": 857.614763, "delta": 1.08404}}
{"target": 0.8524431331346097, "params": {"C": 20.557727744112945, "epsilon": 3.6125483228412247, "gamma": 0.25388455111298514, "lamda": 0.9606561101475365}, "datetime": {"datetime": "2021-09-19 10:59:33", "elapsed": 858.566703, "delta": 0.95194}}
{"target": -2.966282672143515, "params": {"C": 67.61206574168577, "epsilon": 10.829061178229116, "gamma": 0.2533450474127209, "lamda": 0.824892212924752}, "datetime": {"datetime": "2021-09-19 10:59:47", "elapsed": 872.337706, "delta": 13.771003}}
{"target": -0.9345094697693721, "params": {"C": 60.0645275182201, "epsilon": 3.3218185251841317, "gamma": 0.29771837160402875, "lamda": 0.7854449188320738}, "datetime": {"datetime": "2021-09-19 11:00:00", "elapsed": 885.620704, "delta": 13.282998}}
{"target": 0.8763417043384645, "params": {"C": 33.47329753831331, "epsilon": 4.56806645343464, "gamma": 0.16383716357147007, "lamda": 1.1872669088534809}, "datetime": {"datetime": "2021-09-19 11:00:02", "elapsed": 886.802145, "delta": 1.181441}}
{"target": 0.8799994385343441, "params": {"C": 20.084687749672085, "epsilon": 3.9455553231029397, "gamma": 0.10729648567065425, "lamda": 0.4953403396424414}, "datetime": {"datetime": "2021-09-19 11:00:03", "elapsed": 887.884144, "delta": 1.081999}}
{"target": -0.8910235743675241, "params": {"C": 62.89346561688635, "epsilon": 3.3285366250208077, "gamma": 0.2960886894253867, "lamda": 1.4390796673568083}, "datetime": {"datetime": "2021-09-19 11:00:17", "elapsed": 901.821278, "delta": 13.937134}}
{"target": 0.8779067777249423, "params": {"C": 30.894472166145754, "epsilon": 7.208436123406663, "gamma": 0.1521095968648256, "lamda": 0.10321922431428816}, "datetime": {"datetime": "2021-09-19 11:00:18", "elapsed": 903.118155, "delta": 1.296877}}
{"target": 0.8769014821505785, "params": {"C": 20.354917760064144, "epsilon": 4.075612027759386, "gamma": 0.1382820925910856, "lamda": 0.5779597052467579}, "datetime": {"datetime": "2021-09-19 11:00:19", "elapsed": 904.486726, "delta": 1.368571}}
{"target": 0.8614321925436088, "params": {"C": 33.71025967746805, "epsilon": 4.4193370759387784, "gamma": 0.23849268313337482, "lamda": 0.5580218251312146}, "datetime": {"datetime": "2021-09-19 11:00:20", "elapsed": 905.559348, "delta": 1.072622}}
{"target": -3.276387048047506, "params": {"C": 53.84396228294698, "epsilon": 8.241809950719736, "gamma": 0.14905929564391465, "lamda": 1.1028519002655512}, "datetime": {"datetime": "2021-09-19 11:00:34", "elapsed": 919.375991, "delta": 13.816643}}
{"target": 0.8544669648119834, "params": {"C": 43.68904438152638, "epsilon": 5.645524547385321, "gamma": 0.2635334702785155, "lamda": 1.0636532842997115}, "datetime": {"datetime": "2021-09-19 11:00:35", "elapsed": 920.446989, "delta": 1.070998}}
{"target": 0.8563544355902059, "params": {"C": 30.6609541073287, "epsilon": 6.901428580234338, "gamma": 0.2524306397097682, "lamda": 0.3226055359966389}, "datetime": {"datetime": "2021-09-19 11:00:36", "elapsed": 921.734396, "delta": 1.287407}}
{"target": -2.513346655703686, "params": {"C": 78.34761875847578, "epsilon": 3.9978044053192106, "gamma": 0.1339926044036372, "lamda": 1.2911395939145742}, "datetime": {"datetime": "2021-09-19 11:00:49", "elapsed": 934.014732, "delta": 12.280336}}
{"target": -3.1879158912218966, "params": {"C": 48.109262098400166, "epsilon": 12.440513300828623, "gamma": 0.299251814665918, "lamda": 0.898318454606964}, "datetime": {"datetime": "2021-09-19 11:01:03", "elapsed": 948.03319, "delta": 14.018458}}
{"target": 0.8478770835982179, "params": {"C": 34.13257218236681, "epsilon": 5.266185875823456, "gamma": 0.29883097929307545, "lamda": 0.5385185000354532}, "datetime": {"datetime": "2021-09-19 11:01:04", "elapsed": 949.14819, "delta": 1.115}}
{"target": 0.8638838176863788, "params": {"C": 20.248989618563133, "epsilon": 4.154109540742333, "gamma": 0.1921296701363288, "lamda": 0.2372653136869204}, "datetime": {"datetime": "2021-09-19 11:01:05", "elapsed": 950.402408, "delta": 1.254218}}
{"target": 0.8476414715628913, "params": {"C": 20.1267274978927, "epsilon": 4.3942526327018765, "gamma": 0.2665788198481157, "lamda": 1.098235391254634}, "datetime": {"datetime": "2021-09-19 11:01:07", "elapsed": 952.218402, "delta": 1.815994}}
{"target": 0.8641376462101487, "params": {"C": 20.73152220477524, "epsilon": 4.0803240817017805, "gamma": 0.1956591671549324, "lamda": 1.1522060260806115}, "datetime": {"datetime": "2021-09-19 11:01:08", "elapsed": 953.155902, "delta": 0.9375}}
{"target": 0.8606666298170109, "params": {"C": 38.72919493866803, "epsilon": 7.300012817705606, "gamma": 0.2329198908914519, "lamda": 0.18446272774342237}, "datetime": {"datetime": "2021-09-19 11:01:09", "elapsed": 954.407884, "delta": 1.251982}}
{"target": 0.8682968591368809, "params": {"C": 33.204100524496454, "epsilon": 4.801494223840119, "gamma": 0.20922924492749, "lamda": 1.4843153503782698}, "datetime": {"datetime": "2021-09-19 11:01:10", "elapsed": 955.407883, "delta": 0.999999}}
{"target": 0.8472868397663559, "params": {"C": 27.11013469401438, "epsilon": 9.005339777169194, "gamma": 0.28324798467970436, "lamda": 0.022831049122388675}, "datetime": {"datetime": "2021-09-19 11:01:11", "elapsed": 956.304832, "delta": 0.896949}}
{"target": 0.854557145848197, "params": {"C": 30.575517341850016, "epsilon": 11.701060640174976, "gamma": 0.242839277488818, "lamda": 0.012662444534137528}, "datetime": {"datetime": "2021-09-19 11:01:12", "elapsed": 957.197718, "delta": 0.892886}}
{"target": -3.936115209603276, "params": {"C": 31.493613843162144, "epsilon": 6.758835031836242, "gamma": 0.10637696890380663, "lamda": 0.03474492405078754}, "datetime": {"datetime": "2021-09-19 11:01:21", "elapsed": 966.71124, "delta": 9.513522}}
{"target": 0.8549809493894327, "params": {"C": 34.97078610120904, "epsilon": 5.757326517592, "gamma": 0.263065417703662, "lamda": 0.406390403247782}, "datetime": {"datetime": "2021-09-19 11:01:23", "elapsed": 968.027804, "delta": 1.316564}}
{"target": 0.8893293658710338, "params": {"C": 38.56792641670272, "epsilon": 7.6561956209638735, "gamma": 0.1051820425804677, "lamda": 0.12916958864067865}, "datetime": {"datetime": "2021-09-19 11:01:24", "elapsed": 969.121557, "delta": 1.093753}}
{"target": -1.331875957263735, "params": {"C": 113.23220898468281, "epsilon": 5.406665488682684, "gamma": 0.26939975380423675, "lamda": 1.3139127683972658}, "datetime": {"datetime": "2021-09-19 11:01:40", "elapsed": 985.271532, "delta": 16.149975}}
{"target": 0.8733105025183311, "params": {"C": 38.30396663609469, "epsilon": 7.2570664722495115, "gamma": 0.1770881281548031, "lamda": 0.07287459764887516}, "datetime": {"datetime": "2021-09-19 11:01:41", "elapsed": 986.556358, "delta": 1.284826}}
{"target": -1.3851805450304195, "params": {"C": 26.35047590611387, "epsilon": 2.16897206917957, "gamma": 0.24773648789845984, "lamda": 0.7871956503099503}, "datetime": {"datetime": "2021-09-19 11:01:54", "elapsed": 999.46906, "delta": 12.912702}}
{"target": -1.837455822544488, "params": {"C": 91.93789067644522, "epsilon": 5.261369955655616, "gamma": 0.17121028458043525, "lamda": 1.3224043314262417}, "datetime": {"datetime": "2021-09-19 11:02:03", "elapsed": 1008.093992, "delta": 8.624932}}
{"target": 0.8696491357173637, "params": {"C": 31.564949646116585, "epsilon": 5.709584120908781, "gamma": 0.19722849648280943, "lamda": 0.6200750361159152}, "datetime": {"datetime": "2021-09-19 11:02:04", "elapsed": 1009.234612, "delta": 1.14062}}
{"target": 0.8812910582958315, "params": {"C": 31.94582369784455, "epsilon": 5.790476824734847, "gamma": 0.13959854626167195, "lamda": 0.5214051186146845}, "datetime": {"datetime": "2021-09-19 11:02:05", "elapsed": 1010.594138, "delta": 1.359526}}
{"target": -1.240673960228981, "params": {"C": 100.8295770219101, "epsilon": 5.6362961217725065, "gamma": 0.25966439934548974, "lamda": 1.4200218976163348}, "datetime": {"datetime": "2021-09-19 11:02:18", "elapsed": 1023.305015, "delta": 12.710877}}
{"target": -2.4312419498611018, "params": {"C": 43.3443459326787, "epsilon": 2.6418402881648295, "gamma": 0.1473908206813811, "lamda": 0.17411526016714335}, "datetime": {"datetime": "2021-09-19 11:02:32", "elapsed": 1037.363814, "delta": 14.058799}}
{"target": -2.8165586303296917, "params": {"C": 33.95290036614605, "epsilon": 5.584749446299705, "gamma": 0.09992334199174364, "lamda": 1.0489750706014067}, "datetime": {"datetime": "2021-09-19 11:02:41", "elapsed": 1046.442819, "delta": 9.079005}}
{"target": -2.1267478216069535, "params": {"C": 54.16225934959489, "epsilon": 9.936280057048153, "gamma": 0.1368963978472477, "lamda": 0.19895777227971506}, "datetime": {"datetime": "2021-09-19 11:02:50", "elapsed": 1055.284814, "delta": 8.841995}}
{"target": -1.443474054091252, "params": {"C": 87.43395263786564, "epsilon": 4.814953569313378, "gamma": 0.24478548145651094, "lamda": 0.6424436288055068}, "datetime": {"datetime": "2021-09-19 11:03:03", "elapsed": 1068.682595, "delta": 13.397781}}
{"target": -2.588607958386918, "params": {"C": 48.518208429079195, "epsilon": 7.429512788741318, "gamma": 0.20067936000894246, "lamda": 1.4241901789599019}, "datetime": {"datetime": "2021-09-19 11:03:17", "elapsed": 1082.484241, "delta": 13.801646}}
{"target": 0.8418713354502172, "params": {"C": 20.060671328344565, "epsilon": 4.0344064122302665, "gamma": 0.29149249151083956, "lamda": 0.8238547216381986}, "datetime": {"datetime": "2021-09-19 11:03:18", "elapsed": 1083.609205, "delta": 1.124964}}
{"target": 0.8670554647438686, "params": {"C": 31.626194412533497, "epsilon": 5.9544486064702395, "gamma": 0.20802659497506454, "lamda": 0.29813103829745274}, "datetime": {"datetime": "2021-09-19 11:03:20", "elapsed": 1085.196807, "delta": 1.587602}}
{"target": -3.6207523221136597, "params": {"C": 85.14685451068748, "epsilon": 3.946748131024841, "gamma": 0.10252938018563183, "lamda": 0.7459964386228751}, "datetime": {"datetime": "2021-09-19 11:03:29", "elapsed": 1094.155048, "delta": 8.958241}}
{"target": -2.304467957598735, "params": {"C": 23.254565786956586, "epsilon": 6.409091477540844, "gamma": 0.22726975120774032, "lamda": 1.1975736146574918}, "datetime": {"datetime": "2021-09-19 11:03:39", "elapsed": 1103.8393, "delta": 9.684252}}
{"target": 0.8641059619555814, "params": {"C": 28.263645252511566, "epsilon": 8.618923185349976, "gamma": 0.22359959148895303, "lamda": 0.2892025514553052}, "datetime": {"datetime": "2021-09-19 11:03:40", "elapsed": 1104.992359, "delta": 1.153059}}
{"target": 0.8793818770817834, "params": {"C": 38.12315843565925, "epsilon": 7.830326395018971, "gamma": 0.14525102065620277, "lamda": 0.0357185345033408}, "datetime": {"datetime": "2021-09-19 11:03:41", "elapsed": 1106.424359, "delta": 1.432}}
{"target": 0.8659102194451245, "params": {"C": 39.09900499517741, "epsilon": 6.949636813809994, "gamma": 0.206961095867121, "lamda": 0.10269413199908584}, "datetime": {"datetime": "2021-09-19 11:03:43", "elapsed": 1108.256358, "delta": 1.831999}}
{"target": 0.8833576863127327, "params": {"C": 35.01446411266689, "epsilon": 4.564871634941898, "gamma": 0.12951140360807092, "lamda": 1.2449659315270558}, "datetime": {"datetime": "2021-09-19 11:03:44", "elapsed": 1109.531314, "delta": 1.274956}}
{"target": 0.8549417854081057, "params": {"C": 30.6313184871623, "epsilon": 6.3137779403797705, "gamma": 0.25997265716200424, "lamda": 0.28713344356141496}, "datetime": {"datetime": "2021-09-19 11:03:45", "elapsed": 1110.699555, "delta": 1.168241}}
{"target": 0.8877621036345463, "params": {"C": 31.09154222291359, "epsilon": 6.095470210484601, "gamma": 0.10104635189225529, "lamda": 0.1815810817996321}, "datetime": {"datetime": "2021-09-19 11:03:47", "elapsed": 1112.519564, "delta": 1.820009}}
{"target": 0.8502995248441354, "params": {"C": 27.147606211772107, "epsilon": 8.926909293340078, "gamma": 0.2723547883457677, "lamda": 0.03339348970864805}, "datetime": {"datetime": "2021-09-19 11:03:48", "elapsed": 1113.494607, "delta": 0.975043}}
{"target": 0.8869819740954982, "params": {"C": 30.34473599796215, "epsilon": 6.633590132983238, "gamma": 0.09203309422259379, "lamda": 0.13136772628119991}, "datetime": {"datetime": "2021-09-19 11:03:50", "elapsed": 1114.826124, "delta": 1.331517}}
{"target": 0.8461374779845655, "params": {"C": 38.952373538033484, "epsilon": 7.734524129441843, "gamma": 0.3, "lamda": 0.001}, "datetime": {"datetime": "2021-09-19 11:03:51", "elapsed": 1116.177123, "delta": 1.350999}}
{"target": 0.8620338907124281, "params": {"C": 21.35269218602967, "epsilon": 3.785689596009961, "gamma": 0.21130327423161382, "lamda": 1.3366969519416594}, "datetime": {"datetime": "2021-09-19 11:03:52", "elapsed": 1117.639599, "delta": 1.462476}}
{"target": 0.8522487984940952, "params": {"C": 20.049970812250088, "epsilon": 4.024098106665658, "gamma": 0.24861583182850305, "lamda": 0.7786068424058233}, "datetime": {"datetime": "2021-09-19 11:03:53", "elapsed": 1118.605603, "delta": 0.966004}}
{"target": 0.8826894949879834, "params": {"C": 37.39249756236208, "epsilon": 7.394051761775884, "gamma": 0.13206364915387014, "lamda": 0.1458691341795674}, "datetime": {"datetime": "2021-09-19 11:03:55", "elapsed": 1119.868603, "delta": 1.263}}
{"target": 0.8637284755355059, "params": {"C": 34.84449858722117, "epsilon": 5.159408527858107, "gamma": 0.22253956454988422, "lamda": 0.9290839052192934}, "datetime": {"datetime": "2021-09-19 11:03:56", "elapsed": 1121.308599, "delta": 1.439996}}
{"target": -2.390943446321948, "params": {"C": 34.027789163740856, "epsilon": 4.511016302567244, "gamma": 0.13645645282538238, "lamda": 0.2940237849601978}, "datetime": {"datetime": "2021-09-19 11:04:09", "elapsed": 1134.373296, "delta": 13.064697}}
{"target": -1.1447452380515393, "params": {"C": 84.43403824864653, "epsilon": 2.9315362714411153, "gamma": 0.2643734024743657, "lamda": 0.9981424791481305}, "datetime": {"datetime": "2021-09-19 11:04:23", "elapsed": 1148.62911, "delta": 14.255814}}
{"target": 0.8607756740185776, "params": {"C": 45.41539556361488, "epsilon": 4.230700412631693, "gamma": 0.24637974100456514, "lamda": 1.044790616736695}, "datetime": {"datetime": "2021-09-19 11:04:24", "elapsed": 1149.64479, "delta": 1.01568}}
{"target": -5.095150116797196, "params": {"C": 28.667940077331803, "epsilon": 11.236808690956021, "gamma": 0.1097012459518291, "lamda": 0.685740588482273}, "datetime": {"datetime": "2021-09-19 11:04:40", "elapsed": 1165.288955, "delta": 15.644165}}
{"target": 0.8536391286026319, "params": {"C": 33.414570115985555, "epsilon": 4.004566078746393, "gamma": 0.2721211980384809, "lamda": 0.652631422350788}, "datetime": {"datetime": "2021-09-19 11:04:42", "elapsed": 1167.218733, "delta": 1.929778}}
{"target": -2.6094998769430084, "params": {"C": 34.900144160596184, "epsilon": 4.765870168166198, "gamma": 0.10971816669728506, "lamda": 0.7076804642916549}, "datetime": {"datetime": "2021-09-19 11:04:52", "elapsed": 1177.106098, "delta": 9.887365}}
{"target": 0.847217490543764, "params": {"C": 31.368718707290846, "epsilon": 7.489940855978274, "gamma": 0.27824421974600655, "lamda": 0.3054351576466501}, "datetime": {"datetime": "2021-09-19 11:04:53", "elapsed": 1178.662215, "delta": 1.556117}}
{"target": 0.8677211515081071, "params": {"C": 31.788022217017858, "epsilon": 7.552666419361444, "gamma": 0.2003779499046753, "lamda": 0.14777815566466038}, "datetime": {"datetime": "2021-09-19 11:04:55", "elapsed": 1180.162249, "delta": 1.500034}}
{"target": 0.884400976232196, "params": {"C": 28.51445816499945, "epsilon": 7.728391084024638, "gamma": 0.12241072752522905, "lamda": 0.09446663391948058}, "datetime": {"datetime": "2021-09-19 11:04:56", "elapsed": 1181.623973, "delta": 1.461724}}
{"target": -1.7517435375723873, "params": {"C": 40.53039000545831, "epsilon": 7.500705018431512, "gamma": 0.29757663920247956, "lamda": 1.4062887638179786}, "datetime": {"datetime": "2021-09-19 11:05:12", "elapsed": 1197.271435, "delta": 15.647462}}
{"target": 0.8480888814585956, "params": {"C": 30.875431987177976, "epsilon": 5.872446420273354, "gamma": 0.28939873685836415, "lamda": 0.509778395755645}, "datetime": {"datetime": "2021-09-19 11:05:13", "elapsed": 1198.520549, "delta": 1.249114}}
