{"target": 0.7327089755464204, "params": {"C": 4.228517846555483, "epsilon": 7.20352460992814, "gamma": 0.010227605886516325, "lamda": 0.3720993153686558}, "datetime": {"datetime": "2021-07-03 10:47:46", "elapsed": 0.0, "delta": 0.0}}
{"target": 0.4091790611383238, "params": {"C": 1.5528833190894193, "epsilon": 0.9242936090932092, "gamma": 0.3806578206415651, "lamda": 0.411004654338743}, "datetime": {"datetime": "2021-07-03 10:47:46", "elapsed": 0.282102, "delta": 0.282102}}
{"target": 0.3910491648109089, "params": {"C": 4.027997994883632, "epsilon": 5.388628523299567, "gamma": 0.8441970836625566, "lamda": 0.7166975503570835}, "datetime": {"datetime": "2021-07-03 10:47:46", "elapsed": 0.559078, "delta": 0.276976}}
{"target": 0.011259224262670786, "params": {"C": 0.1764265742427985, "epsilon": 1.6194474811927493, "gamma": 1.4216443779982968, "lamda": 0.7882631730924409}, "datetime": {"datetime": "2021-07-03 10:47:46", "elapsed": 0.956074, "delta": 0.396996}}
{"target": 0.3402498322622486, "params": {"C": 4.481317442809077, "epsilon": 4.135293608632736, "gamma": 1.1001318421134847, "lamda": 0.7697814234177126}, "datetime": {"datetime": "2021-07-03 10:47:47", "elapsed": 1.383093, "delta": 0.427019}}
{"target": 0.7804281214738307, "params": {"C": 3.6563789874548362, "epsilon": 7.984043857331507, "gamma": 0.03443029798680381, "lamda": 0.44133845336494837}, "datetime": {"datetime": "2021-07-03 10:47:48", "elapsed": 2.8501, "delta": 1.467007}}
{"target": 0.7543647931141939, "params": {"C": 5.5665990029392916, "epsilon": 9.415182733133811, "gamma": 0.01, "lamda": 0.1}, "datetime": {"datetime": "2021-07-03 10:47:49", "elapsed": 3.427059, "delta": 0.576959}}
{"target": 0.18404865996127207, "params": {"C": 3.2574089311941, "epsilon": 10.0, "gamma": 2.0, "lamda": 0.1}, "datetime": {"datetime": "2021-07-03 10:47:50", "elapsed": 3.98708, "delta": 0.560021}}
{"target": -2.340681454022029, "params": {"C": 6.78501813063703, "epsilon": 7.9577125400854, "gamma": 0.01, "lamda": 1.0}, "datetime": {"datetime": "2021-07-03 10:48:09", "elapsed": 23.17157, "delta": 19.18449}}
{"target": 0.7319843421515895, "params": {"C": 4.252435036399638, "epsilon": 9.305590973727194, "gamma": 0.01, "lamda": 0.1}, "datetime": {"datetime": "2021-07-03 10:48:10", "elapsed": 24.530944, "delta": 1.359374}}
{"target": 0.680802437001659, "params": {"C": 2.3916253127531295, "epsilon": 6.674788523886577, "gamma": 0.01, "lamda": 0.1}, "datetime": {"datetime": "2021-07-03 10:48:11", "elapsed": 25.571164, "delta": 1.04022}}
{"target": 0.19292733516572447, "params": {"C": 3.1760243046346215, "epsilon": 7.254634453641954, "gamma": 1.8372184679666712, "lamda": 0.1}, "datetime": {"datetime": "2021-07-03 10:48:12", "elapsed": 26.48572, "delta": 0.914556}}
{"target": 0.6205916909364129, "params": {"C": 1.5018294269774455, "epsilon": 8.40792734949882, "gamma": 0.01, "lamda": 1.0}, "datetime": {"datetime": "2021-07-03 10:48:13", "elapsed": 27.661578, "delta": 1.175858}}
{"target": 0.336566960772841, "params": {"C": 0.29795400326789573, "epsilon": 6.454571797396234, "gamma": 0.01, "lamda": 1.0}, "datetime": {"datetime": "2021-07-03 10:48:14", "elapsed": 28.757648, "delta": 1.09607}}
{"target": 0.31101720620881, "params": {"C": 5.348390461314801, "epsilon": 10.0, "gamma": 1.39766615186431, "lamda": 0.1}, "datetime": {"datetime": "2021-07-03 10:48:15", "elapsed": 29.537564, "delta": 0.779916}}
{"target": 0.16017734948675522, "params": {"C": 0.1, "epsilon": 9.927902336786303, "gamma": 0.01, "lamda": 0.1}, "datetime": {"datetime": "2021-07-03 10:48:16", "elapsed": 30.464612, "delta": 0.927048}}
{"target": 0.6560903759551195, "params": {"C": 2.041696743384228, "epsilon": 4.519948481233339, "gamma": 0.01, "lamda": 0.1}, "datetime": {"datetime": "2021-07-03 10:48:17", "elapsed": 31.442999, "delta": 0.978387}}
{"target": 0.7044818405960036, "params": {"C": 3.0055547555664757, "epsilon": 2.698359101406825, "gamma": 0.01, "lamda": 0.1}, "datetime": {"datetime": "2021-07-03 10:48:19", "elapsed": 33.255137, "delta": 1.812138}}
{"target": 0.7316671790381752, "params": {"C": 4.221926399726598, "epsilon": 1.0125453358434224, "gamma": 0.01, "lamda": 0.1}, "datetime": {"datetime": "2021-07-03 10:48:22", "elapsed": 36.5261, "delta": 3.270963}}
{"target": 0.2082662698619835, "params": {"C": 3.743286933246783, "epsilon": 1.5480545755957087, "gamma": 1.8292951174904593, "lamda": 0.1}, "datetime": {"datetime": "2021-07-03 10:48:23", "elapsed": 37.910153, "delta": 1.384053}}
{"target": 0.7577425438803941, "params": {"C": 5.893626148146836, "epsilon": 1.9139448916078694, "gamma": 0.01, "lamda": 0.1}, "datetime": {"datetime": "2021-07-03 10:48:25", "elapsed": 39.715331, "delta": 1.805178}}
{"target": 0.757583443849464, "params": {"C": 5.87622432768351, "epsilon": 0.20625099545291187, "gamma": 0.01, "lamda": 1.0}, "datetime": {"datetime": "2021-07-03 10:48:27", "elapsed": 41.000109, "delta": 1.284778}}
{"target": 0.7707686599813561, "params": {"C": 7.652636201463966, "epsilon": 0.7289361789156705, "gamma": 0.01, "lamda": 0.1}, "datetime": {"datetime": "2021-07-03 10:48:31", "elapsed": 45.366131, "delta": 4.366022}}
{"target": 0.31368359985888083, "params": {"C": 7.026193594099805, "epsilon": 1.1816516331034435, "gamma": 1.6260823272478138, "lamda": 1.0}, "datetime": {"datetime": "2021-07-03 10:48:32", "elapsed": 46.23613, "delta": 0.869999}}
{"target": 0.7749975288243895, "params": {"C": 8.142840711306675, "epsilon": 2.706758010384681, "gamma": 0.01, "lamda": 0.1}, "datetime": {"datetime": "2021-07-03 10:48:32", "elapsed": 46.938111, "delta": 0.701981}}
{"target": 0.7831587449656645, "params": {"C": 9.754964243170084, "epsilon": 1.3916191725092841, "gamma": 0.01, "lamda": 0.1}, "datetime": {"datetime": "2021-07-03 10:48:33", "elapsed": 47.589129, "delta": 0.651018}}
{"target": 0.4446757696697998, "params": {"C": 10.0, "epsilon": 3.1000338498203277, "gamma": 1.2337545932295713, "lamda": 0.1}, "datetime": {"datetime": "2021-07-03 10:48:34", "elapsed": 48.222164, "delta": 0.633035}}
{"target": 0.4025623651278615, "params": {"C": 9.66727184899348, "epsilon": 0.001, "gamma": 1.3922232698796215, "lamda": 0.1}, "datetime": {"datetime": "2021-07-03 10:48:34", "elapsed": 48.769161, "delta": 0.546997}}
{"target": 0.7658711963890849, "params": {"C": 6.736321714625144, "epsilon": 3.3841600923540915, "gamma": 0.01, "lamda": 1.0}, "datetime": {"datetime": "2021-07-03 10:48:35", "elapsed": 49.399148, "delta": 0.629987}}
{"target": 0.29739178552513157, "params": {"C": 7.3763426426622765, "epsilon": 3.7521952237057334, "gamma": 1.811011040451635, "lamda": 0.1}, "datetime": {"datetime": "2021-07-03 10:48:35", "elapsed": 49.922211, "delta": 0.523063}}
{"target": 0.777541537912422, "params": {"C": 8.582725446449881, "epsilon": 1.610325549191707, "gamma": 0.01, "lamda": 1.0}, "datetime": {"datetime": "2021-07-03 10:48:36", "elapsed": 50.568121, "delta": 0.64591}}
{"target": 0.7128550183838741, "params": {"C": 3.385698292804986, "epsilon": 0.001, "gamma": 0.01, "lamda": 1.0}, "datetime": {"datetime": "2021-07-03 10:48:37", "elapsed": 51.195157, "delta": 0.627036}}
{"target": 0.32423185770657914, "params": {"C": 10.0, "epsilon": 10.0, "gamma": 2.0, "lamda": 0.1}, "datetime": {"datetime": "2021-07-03 10:48:37", "elapsed": 51.737251, "delta": 0.542094}}
{"target": -0.006983151540689958, "params": {"C": 0.1, "epsilon": 4.903435721951991, "gamma": 2.0, "lamda": 0.1}, "datetime": {"datetime": "2021-07-03 10:48:38", "elapsed": 52.347136, "delta": 0.609885}}
{"target": 0.7368371612995426, "params": {"C": 4.6168417462872045, "epsilon": 2.3399725971466236, "gamma": 0.01, "lamda": 1.0}, "datetime": {"datetime": "2021-07-03 10:48:39", "elapsed": 53.097154, "delta": 0.750018}}
{"target": -1.8413413427921035, "params": {"C": 10.0, "epsilon": 4.590042195646859, "gamma": 0.01, "lamda": 1.0}, "datetime": {"datetime": "2021-07-03 10:48:54", "elapsed": 68.330176, "delta": 15.233022}}
{"target": 0.30344626754919324, "params": {"C": 9.19349778116186, "epsilon": 1.901191339320062, "gamma": 2.0, "lamda": 0.1}, "datetime": {"datetime": "2021-07-03 10:48:55", "elapsed": 69.053657, "delta": 0.723481}}
{"target": -0.006983229105532507, "params": {"C": 0.1, "epsilon": 8.58151702791701, "gamma": 2.0, "lamda": 1.0}, "datetime": {"datetime": "2021-07-03 10:48:55", "elapsed": 69.740152, "delta": 0.686495}}
{"target": 0.23200093821877643, "params": {"C": 5.368925715562788, "epsilon": 0.001, "gamma": 2.0, "lamda": 0.1}, "datetime": {"datetime": "2021-07-03 10:48:56", "elapsed": 70.554178, "delta": 0.814026}}
{"target": 0.6907146548796251, "params": {"C": 2.65670221151896, "epsilon": 10.0, "gamma": 0.01, "lamda": 1.0}, "datetime": {"datetime": "2021-07-03 10:48:57", "elapsed": 71.228166, "delta": 0.673988}}
{"target": 0.7845201588375831, "params": {"C": 10.0, "epsilon": 0.001, "gamma": 0.01, "lamda": 1.0}, "datetime": {"datetime": "2021-07-03 10:48:58", "elapsed": 72.089221, "delta": 0.861055}}
{"target": 0.7673225862438197, "params": {"C": 6.960630187456796, "epsilon": 1.9305564939468933, "gamma": 0.01, "lamda": 1.0}, "datetime": {"datetime": "2021-07-03 10:48:58", "elapsed": 72.816194, "delta": 0.726973}}
{"target": 0.7511527326110532, "params": {"C": 5.427127608043107, "epsilon": 3.7486490458100223, "gamma": 0.01, "lamda": 0.1}, "datetime": {"datetime": "2021-07-03 10:48:59", "elapsed": 73.499186, "delta": 0.682992}}
{"target": 0.16017652935955207, "params": {"C": 0.1, "epsilon": 0.001, "gamma": 0.01, "lamda": 1.0}, "datetime": {"datetime": "2021-07-03 10:49:00", "elapsed": 74.283203, "delta": 0.784017}}
{"target": 0.30610271014732926, "params": {"C": 0.17088038615284543, "epsilon": 3.4629482155821374, "gamma": 0.027156040660881592, "lamda": 0.29154368267356046}, "datetime": {"datetime": "2021-07-03 10:49:00", "elapsed": 74.936197, "delta": 0.652994}}
{"target": 0.7406306106432237, "params": {"C": 4.797759533967379, "epsilon": 10.0, "gamma": 0.01, "lamda": 1.0}, "datetime": {"datetime": "2021-07-03 10:49:01", "elapsed": 75.593187, "delta": 0.65699}}
{"target": 0.7082489139119522, "params": {"C": 3.148255055339404, "epsilon": 6.670209770337796, "gamma": 0.01, "lamda": 1.0}, "datetime": {"datetime": "2021-07-03 10:49:02", "elapsed": 76.352204, "delta": 0.759017}}
{"target": 0.7169625927826255, "params": {"C": 8.2931083084019, "epsilon": 0.011384225278065045, "gamma": 0.3478955299628392, "lamda": 0.9442881738779922}, "datetime": {"datetime": "2021-07-03 10:49:03", "elapsed": 77.073211, "delta": 0.721007}}
{"target": 0.7341545544779484, "params": {"C": 3.4589329911321367, "epsilon": 4.352475388261932, "gamma": 0.012620359114078385, "lamda": 0.9312113399305196}, "datetime": {"datetime": "2021-07-03 10:49:03", "elapsed": 77.740196, "delta": 0.666985}}
{"target": 0.656867510678564, "params": {"C": 2.0540432342406687, "epsilon": 3.050842791221434, "gamma": 0.01, "lamda": 1.0}, "datetime": {"datetime": "2021-07-03 10:49:04", "elapsed": 78.513206, "delta": 0.77301}}
{"target": 0.7801077212456318, "params": {"C": 9.134681091902562, "epsilon": 0.001, "gamma": 0.01, "lamda": 0.1}, "datetime": {"datetime": "2021-07-03 10:49:05", "elapsed": 79.305598, "delta": 0.792392}}
{"target": 0.1416593990087477, "params": {"C": 2.2985959332844774, "epsilon": 0.001, "gamma": 2.0, "lamda": 1.0}, "datetime": {"datetime": "2021-07-03 10:49:05", "elapsed": 79.852228, "delta": 0.54663}}
{"target": 0.7661335598037791, "params": {"C": 6.776550934737046, "epsilon": 2.917369084114485, "gamma": 0.01, "lamda": 0.1}, "datetime": {"datetime": "2021-07-03 10:49:06", "elapsed": 80.623219, "delta": 0.770991}}
{"target": 0.719573368553692, "params": {"C": 3.6536216757440787, "epsilon": 5.671462917932314, "gamma": 0.01, "lamda": 0.1}, "datetime": {"datetime": "2021-07-03 10:49:07", "elapsed": 81.312184, "delta": 0.688965}}
{"target": 0.705812259783237, "params": {"C": 3.073700493906772, "epsilon": 1.4972469418567882, "gamma": 0.01, "lamda": 1.0}, "datetime": {"datetime": "2021-07-03 10:49:08", "elapsed": 82.009201, "delta": 0.697017}}
{"target": 0.6945880646388483, "params": {"C": 2.7588053774369787, "epsilon": 0.001, "gamma": 0.01, "lamda": 0.1}, "datetime": {"datetime": "2021-07-03 10:49:08", "elapsed": 82.668197, "delta": 0.658996}}
{"target": 0.7457660439766389, "params": {"C": 5.177450893697691, "epsilon": 0.001, "gamma": 0.01, "lamda": 0.1}, "datetime": {"datetime": "2021-07-03 10:49:09", "elapsed": 83.356208, "delta": 0.688011}}
{"target": 0.7770869419721309, "params": {"C": 8.496793234763011, "epsilon": 1.5863366357768898, "gamma": 0.01, "lamda": 0.1}, "datetime": {"datetime": "2021-07-03 10:49:10", "elapsed": 84.070206, "delta": 0.713998}}
{"target": 0.6806668994407189, "params": {"C": 2.388750944186084, "epsilon": 8.738723545645316, "gamma": 0.01, "lamda": 0.1}, "datetime": {"datetime": "2021-07-03 10:49:10", "elapsed": 84.835221, "delta": 0.765015}}
{"target": 0.7656758259572298, "params": {"C": 6.706492382999501, "epsilon": 0.001, "gamma": 0.01, "lamda": 0.1}, "datetime": {"datetime": "2021-07-03 10:49:11", "elapsed": 85.508195, "delta": 0.672974}}
{"target": 0.7912021805085125, "params": {"C": 5.108664888752508, "epsilon": 9.851496245549015, "gamma": 0.09264934254694844, "lamda": 0.11764549675169238}, "datetime": {"datetime": "2021-07-03 10:49:12", "elapsed": 86.274223, "delta": 0.766028}}
{"target": 0.6605053176405975, "params": {"C": 2.103234537073437, "epsilon": 5.272146951331058, "gamma": 0.01, "lamda": 1.0}, "datetime": {"datetime": "2021-07-03 10:49:13", "elapsed": 87.06825, "delta": 0.794027}}
{"target": 0.537956233843846, "params": {"C": 5.94682911588108, "epsilon": 2.865495319591871, "gamma": 0.61984145260059, "lamda": 1.0}, "datetime": {"datetime": "2021-07-03 10:49:13", "elapsed": 87.806201, "delta": 0.737951}}
{"target": 0.14265955733246638, "params": {"C": 2.336274217887313, "epsilon": 3.840448701395026, "gamma": 2.0, "lamda": 1.0}, "datetime": {"datetime": "2021-07-03 10:49:20", "elapsed": 94.388239, "delta": 6.582038}}
{"target": 0.7066054628255496, "params": {"C": 3.108441187860102, "epsilon": 8.83214714085436, "gamma": 0.01, "lamda": 1.0}, "datetime": {"datetime": "2021-07-03 10:49:21", "elapsed": 95.002266, "delta": 0.614027}}
{"target": 0.7311662313878975, "params": {"C": 4.1911364908632995, "epsilon": 3.3950997042877646, "gamma": 0.01, "lamda": 0.1}, "datetime": {"datetime": "2021-07-03 10:49:21", "elapsed": 95.708216, "delta": 0.70595}}
{"target": 0.5597167916218517, "params": {"C": 10.0, "epsilon": 1.3849070228618636, "gamma": 0.818761259119888, "lamda": 1.0}, "datetime": {"datetime": "2021-07-03 10:49:22", "elapsed": 96.538295, "delta": 0.830079}}
{"target": 0.7596577324543966, "params": {"C": 6.101636149765321, "epsilon": 10.0, "gamma": 0.01, "lamda": 0.1}, "datetime": {"datetime": "2021-07-03 10:49:23", "elapsed": 97.262231, "delta": 0.723936}}
{"target": 0.768701620345508, "params": {"C": 7.228679968819587, "epsilon": 0.001, "gamma": 0.01, "lamda": 1.0}, "datetime": {"datetime": "2021-07-03 10:49:24", "elapsed": 98.00023, "delta": 0.737999}}
{"target": 0.7845202335705547, "params": {"C": 10.0, "epsilon": 0.001, "gamma": 0.01, "lamda": 0.1}, "datetime": {"datetime": "2021-07-03 10:49:24", "elapsed": 98.806231, "delta": 0.806001}}
{"target": 0.7157677542066849, "params": {"C": 3.500868172368589, "epsilon": 7.113233863853315, "gamma": 0.01, "lamda": 0.1}, "datetime": {"datetime": "2021-07-03 10:49:25", "elapsed": 99.616251, "delta": 0.81002}}
{"target": 0.7139187727029985, "params": {"C": 3.4392382844311675, "epsilon": 3.023435569447254, "gamma": 0.01, "lamda": 1.0}, "datetime": {"datetime": "2021-07-03 10:49:26", "elapsed": 100.47933, "delta": 0.863079}}
{"target": 0.7432618003050883, "params": {"C": 5.006275497605143, "epsilon": 4.013155032777817, "gamma": 0.01, "lamda": 1.0}, "datetime": {"datetime": "2021-07-03 10:49:27", "elapsed": 101.115222, "delta": 0.635892}}
{"target": 0.7255605882239718, "params": {"C": 3.9283956014804855, "epsilon": 0.001, "gamma": 0.01, "lamda": 0.1}, "datetime": {"datetime": "2021-07-03 10:49:27", "elapsed": 101.939249, "delta": 0.824027}}
{"target": 0.7376403493711903, "params": {"C": 4.6659774785255435, "epsilon": 0.001, "gamma": 0.01, "lamda": 1.0}, "datetime": {"datetime": "2021-07-03 10:49:29", "elapsed": 103.132277, "delta": 1.193028}}
{"target": -2.1751494943999075, "params": {"C": 7.687633866931939, "epsilon": 2.559790635913488, "gamma": 0.01, "lamda": 1.0}, "datetime": {"datetime": "2021-07-03 10:49:38", "elapsed": 112.870264, "delta": 9.737987}}
{"target": 0.4759684878826391, "params": {"C": 9.143813506363905, "epsilon": 7.184893589707337, "gamma": 1.068954160111272, "lamda": 0.5155886914205661}, "datetime": {"datetime": "2021-07-03 10:49:39", "elapsed": 113.331307, "delta": 0.461043}}
{"target": 0.7979936706816848, "params": {"C": 9.377971155536367, "epsilon": 0.3773699819538357, "gamma": 0.1988503133308918, "lamda": 0.6659918235433709}, "datetime": {"datetime": "2021-07-03 10:49:40", "elapsed": 114.273253, "delta": 0.941946}}
{"target": 0.7778096716693544, "params": {"C": 5.778291850351546, "epsilon": 1.8706410336227406, "gamma": 0.14045638247053918, "lamda": 0.1111299863011887}, "datetime": {"datetime": "2021-07-03 10:49:40", "elapsed": 114.830249, "delta": 0.556996}}
{"target": 0.7831710168955192, "params": {"C": 3.694751493139237, "epsilon": 5.730113898258911, "gamma": 0.03631589880532909, "lamda": 0.11359776904144668}, "datetime": {"datetime": "2021-07-03 10:49:41", "elapsed": 115.673289, "delta": 0.84304}}
{"target": 0.3474895289726283, "params": {"C": 6.08078782552609, "epsilon": 6.900938351795019, "gamma": 1.307926939207435, "lamda": 0.4735846170619542}, "datetime": {"datetime": "2021-07-03 10:49:42", "elapsed": 116.181777, "delta": 0.508488}}
{"target": 0.7636938843138625, "params": {"C": 6.336940071227351, "epsilon": 1.3287163679179381, "gamma": 0.18218571916319046, "lamda": 0.7773708474189505}, "datetime": {"datetime": "2021-07-03 10:49:43", "elapsed": 117.112305, "delta": 0.930528}}
{"target": 0.2672379951546555, "params": {"C": 2.8290760605252228, "epsilon": 3.9299630563157897, "gamma": 1.1406594942459989, "lamda": 0.20767241253050422}, "datetime": {"datetime": "2021-07-03 10:49:43", "elapsed": 117.931781, "delta": 0.819476}}
{"target": 0.8127782381903146, "params": {"C": 8.51764418079314, "epsilon": 0.7920887294264473, "gamma": 0.14704868778296393, "lamda": 0.5120921038480645}, "datetime": {"datetime": "2021-07-03 10:49:44", "elapsed": 118.912314, "delta": 0.980533}}
{"target": 0.7620619653345417, "params": {"C": 6.370762804458197, "epsilon": 3.8135500703466776, "gamma": 0.01, "lamda": 0.3714538499737832}, "datetime": {"datetime": "2021-07-03 10:49:45", "elapsed": 119.926252, "delta": 1.013938}}
{"target": 0.8239785502311128, "params": {"C": 7.477318219526014, "epsilon": 1.1808840841916501, "gamma": 0.03146903616317982, "lamda": 0.6307453002117914}, "datetime": {"datetime": "2021-07-03 10:49:46", "elapsed": 120.479257, "delta": 0.553005}}
{"target": -4.900117681435154, "params": {"C": 6.453021614792555, "epsilon": 3.888355877655686, "gamma": 0.08508167980130404, "lamda": 0.379726433231255}, "datetime": {"datetime": "2021-07-03 10:50:00", "elapsed": 134.837284, "delta": 14.358027}}
{"target": 0.7414406740804014, "params": {"C": 2.4049139858731063, "epsilon": 6.698064722768509, "gamma": 0.064786082983627, "lamda": 0.13675948965651624}, "datetime": {"datetime": "2021-07-03 10:50:01", "elapsed": 135.50928, "delta": 0.671996}}
{"target": 0.15454772626570046, "params": {"C": 2.460122455847213, "epsilon": 9.531933606724133, "gamma": 1.9408325024628403, "lamda": 0.5850608282100075}, "datetime": {"datetime": "2021-07-03 10:50:02", "elapsed": 136.107301, "delta": 0.598021}}
{"target": 0.40436064488769485, "params": {"C": 5.468198284685817, "epsilon": 6.270171487460463, "gamma": 1.001023924160421, "lamda": 0.2644144011404791}, "datetime": {"datetime": "2021-07-03 10:50:02", "elapsed": 136.721271, "delta": 0.61397}}
{"target": 0.0912815112231925, "params": {"C": 1.1904455440445072, "epsilon": 4.872143754991572, "gamma": 1.815852298558333, "lamda": 0.3600948283535048}, "datetime": {"datetime": "2021-07-03 10:50:03", "elapsed": 137.269274, "delta": 0.548003}}
{"target": 0.38433519666044924, "params": {"C": 7.238678724164829, "epsilon": 9.17011228288421, "gamma": 1.2870796369703288, "lamda": 0.30414569833754806}, "datetime": {"datetime": "2021-07-03 10:50:03", "elapsed": 137.931793, "delta": 0.662519}}
{"target": 0.7839708701036008, "params": {"C": 5.108199516077596, "epsilon": 4.015162778074202, "gamma": 0.019234037048850443, "lamda": 0.9864563612957196}, "datetime": {"datetime": "2021-07-03 10:50:04", "elapsed": 138.643288, "delta": 0.711495}}
{"target": 0.7235743055205525, "params": {"C": 2.0553520353610497, "epsilon": 5.286031669759538, "gamma": 0.021204306081829404, "lamda": 0.8991451607988622}, "datetime": {"datetime": "2021-07-03 10:50:05", "elapsed": 139.222304, "delta": 0.579016}}
{"target": 0.7389925098605359, "params": {"C": 9.263309502587031, "epsilon": 7.205249256339476, "gamma": 0.3385071994190662, "lamda": 0.6964221493596616}, "datetime": {"datetime": "2021-07-03 10:50:05", "elapsed": 139.925284, "delta": 0.70298}}
{"target": 0.7877421461561707, "params": {"C": 4.187102073318397, "epsilon": 7.2420476889616445, "gamma": 0.03134248506792338, "lamda": 0.47555326302215506}, "datetime": {"datetime": "2021-07-03 10:50:06", "elapsed": 140.537281, "delta": 0.611997}}
{"target": -4.627358467392755, "params": {"C": 6.683488277830171, "epsilon": 3.440154861768479, "gamma": 0.047368471398723494, "lamda": 0.9736142936694816}, "datetime": {"datetime": "2021-07-03 10:50:16", "elapsed": 150.446308, "delta": 9.909027}}
{"target": 0.32757106244968415, "params": {"C": 5.027854411515161, "epsilon": 2.535438353705066, "gamma": 1.2488625187507245, "lamda": 0.8431514021297817}, "datetime": {"datetime": "2021-07-03 10:50:18", "elapsed": 151.968314, "delta": 1.522006}}
