{"target": -4.95837900530675, "params": {"C": 213.63050858982103, "epsilon": 2.031945461648136, "gamma": 0.02602371065494552, "lamda": 0.016857526004259923}, "datetime": {"datetime": "2021-09-19 23:35:15", "elapsed": 2754.526185, "delta": 5.189044}}
{"target": -3.9790301510860147, "params": {"C": 225.02421366109792, "epsilon": 1.2882206572886594, "gamma": 0.022014242155036452, "lamda": 0.07421341793929281}, "datetime": {"datetime": "2021-09-19 23:35:27", "elapsed": 2766.175183, "delta": 11.648998}}
{"target": 0.8726400903714236, "params": {"C": 234.42888193136972, "epsilon": 0.6498034605555986, "gamma": 0.17966717616309733, "lamda": 0.1899693279296286}, "datetime": {"datetime": "2021-09-19 23:35:27", "elapsed": 2766.515149, "delta": 0.339966}}
{"target": -4.553339323277595, "params": {"C": 292.3145084869068, "epsilon": 2.2172394174467547, "gamma": 0.08422624339922145, "lamda": 0.1487500955210476}, "datetime": {"datetime": "2021-09-19 23:35:35", "elapsed": 2774.374179, "delta": 7.85903}}
{"target": -2.874829600846921, "params": {"C": 157.59737585495031, "epsilon": 1.0118099449331641, "gamma": 0.12314979043748231, "lamda": 0.11896983183445012}, "datetime": {"datetime": "2021-09-19 23:35:43", "elapsed": 2782.60939, "delta": 8.235211}}
{"target": -2.061306964015473, "params": {"C": 275.7321952631622, "epsilon": 0.8383421914156731, "gamma": 0.15440673121455026, "lamda": 0.18820271235051345}, "datetime": {"datetime": "2021-09-19 23:35:51", "elapsed": 2790.960417, "delta": 8.351027}}
{"target": 0.8855276891249582, "params": {"C": 111.49378814133318, "epsilon": 0.6333291456904364, "gamma": 0.1608710529058848, "lamda": 0.13848988486542727}, "datetime": {"datetime": "2021-09-19 23:35:55", "elapsed": 2794.970819, "delta": 4.010402}}
{"target": -3.1739270949712237, "params": {"C": 188.51146349109246, "epsilon": 1.2990650530087942, "gamma": 0.1118219644282058, "lamda": 0.14884057211346569}, "datetime": {"datetime": "2021-09-19 23:36:05", "elapsed": 2804.714336, "delta": 9.743517}}
{"target": 0.8741782419596017, "params": {"C": 254.82130385113035, "epsilon": 1.5214782866303769, "gamma": 0.17041498936473065, "lamda": 0.0708307504426765}, "datetime": {"datetime": "2021-09-19 23:36:11", "elapsed": 2810.793791, "delta": 6.079455}}
{"target": -1.4646650449302365, "params": {"C": 104.24125473052577, "epsilon": 2.4428555949174915, "gamma": 0.19314683051512171, "lamda": 0.14041490337569187}, "datetime": {"datetime": "2021-09-19 23:36:18", "elapsed": 2817.92894, "delta": 7.135149}}
{"target": -4.6915816231210625, "params": {"C": 195.51137870852165, "epsilon": 1.521931589053379, "gamma": 0.06882749924303443, "lamda": 0.1336823791380737}, "datetime": {"datetime": "2021-09-19 23:36:29", "elapsed": 2828.917147, "delta": 10.988207}}
{"target": -3.0581049123873436, "params": {"C": 175.65927402659523, "epsilon": 0.39751153001805817, "gamma": 0.09922590723112304, "lamda": 0.1264003244032479}, "datetime": {"datetime": "2021-09-19 23:36:42", "elapsed": 2841.785963, "delta": 12.868816}}
{"target": -5.177624031487458, "params": {"C": 120.60484964230002, "epsilon": 1.364703376712634, "gamma": 0.07180573564486184, "lamda": 0.13133072657688435}, "datetime": {"datetime": "2021-09-19 23:36:55", "elapsed": 2854.106635, "delta": 12.320672}}
{"target": -4.798357179872356, "params": {"C": 164.9751522798024, "epsilon": 1.9437661069388026, "gamma": 0.08309849632537897, "lamda": 0.15031120842812098}, "datetime": {"datetime": "2021-09-19 23:37:04", "elapsed": 2863.251628, "delta": 9.144993}}
{"target": 0.8800727370244116, "params": {"C": 195.6151351013011, "epsilon": 1.511855685988744, "gamma": 0.1561387994780299, "lamda": 0.0966000272541955}, "datetime": {"datetime": "2021-09-19 23:37:05", "elapsed": 2864.778312, "delta": 1.526684}}
{"target": 0.8985317725037433, "params": {"C": 128.5043510440651, "epsilon": 0.4158367058976906, "gamma": 0.09826104156034848, "lamda": 0.005148076725185569}, "datetime": {"datetime": "2021-09-19 23:37:09", "elapsed": 2868.932625, "delta": 4.154313}}
{"target": -1.0854832698071597, "params": {"C": 212.5533007053861, "epsilon": 3.629590017866575, "gamma": 0.005022303089382253, "lamda": 0.060467212193795326}, "datetime": {"datetime": "2021-09-20 08:38:07", "elapsed": 0.0, "delta": 0.0}}
{"target": -5.220132191128866, "params": {"C": 172.01338362256695, "epsilon": 0.5524591143671093, "gamma": 0.041320741218645825, "lamda": 0.06911279984788252}, "datetime": {"datetime": "2021-09-20 08:38:20", "elapsed": 12.696936, "delta": 12.696936}}
{"target": -4.347822065243933, "params": {"C": 209.5151211346005, "epsilon": 2.7402019966164493, "gamma": 0.0867429303086425, "lamda": 0.13704421485985152}, "datetime": {"datetime": "2021-09-20 08:38:34", "elapsed": 26.664794, "delta": 13.967858}}
{"target": -2.4403068537758066, "params": {"C": 180.66783745972762, "epsilon": 4.402775438315633, "gamma": 0.010340580673595601, "lamda": 0.13409383156817029}, "datetime": {"datetime": "2021-09-20 08:39:01", "elapsed": 54.131908, "delta": 27.467114}}
{"target": -5.678393909485999, "params": {"C": 212.59572035506903, "epsilon": 2.8375801593841836, "gamma": 0.03237545302607058, "lamda": 0.03962109971548668}, "datetime": {"datetime": "2021-09-20 08:39:24", "elapsed": 76.32266, "delta": 22.190752}}
{"target": -5.1355700765735754, "params": {"C": 270.1116853013305, "epsilon": 4.844481721025048, "gamma": 0.06611771474105235, "lamda": 0.13846483081124716}, "datetime": {"datetime": "2021-09-20 08:39:36", "elapsed": 88.406753, "delta": 12.084093}}
{"target": -4.715442335424926, "params": {"C": 281.45837284440574, "epsilon": 4.483572651168852, "gamma": 0.021583621217106694, "lamda": 0.00781191759179324}, "datetime": {"datetime": "2021-09-20 08:39:58", "elapsed": 110.634777, "delta": 22.228024}}
{"target": -4.963057965138071, "params": {"C": 175.47456293468534, "epsilon": 4.402898266804124, "gamma": 0.02417763259744477, "lamda": 0.08422210389338543}, "datetime": {"datetime": "2021-09-20 08:40:11", "elapsed": 123.882206, "delta": 13.247429}}
{"target": -2.7253735521627274, "params": {"C": 293.6834295225753, "epsilon": 2.712509896367784, "gamma": 0.13991603722034232, "lamda": 0.06310381068558159}, "datetime": {"datetime": "2021-09-20 08:40:34", "elapsed": 146.762992, "delta": 22.880786}}
{"target": -2.205408860723751, "params": {"C": 252.97513915223755, "epsilon": 4.189665792297127, "gamma": 0.008566214082117402, "lamda": 0.15002911284467857}, "datetime": {"datetime": "2021-09-20 08:41:03", "elapsed": 176.144116, "delta": 29.381124}}
{"target": -5.477427434470639, "params": {"C": 298.3291633359742, "epsilon": 3.7660117064612133, "gamma": 0.05968657845255901, "lamda": 0.15785607641096927}, "datetime": {"datetime": "2021-09-20 08:41:29", "elapsed": 201.627817, "delta": 25.483701}}
{"target": 0.8747530778141435, "params": {"C": 165.4839009866463, "epsilon": 2.2946782782619355, "gamma": 0.18217612310315365, "lamda": 0.05872353606058753}, "datetime": {"datetime": "2021-09-20 08:41:30", "elapsed": 202.357027, "delta": 0.72921}}
{"target": -1.5047140383475628, "params": {"C": 193.1663007879523, "epsilon": 0.7371400033795606, "gamma": 0.00877655678470793, "lamda": 0.13576742775244527}, "datetime": {"datetime": "2021-09-20 08:41:44", "elapsed": 217.213109, "delta": 14.856082}}
{"target": 0.896299841610629, "params": {"C": 181.74421740000886, "epsilon": 1.4011786309239087, "gamma": 0.10085676605966598, "lamda": 0.010673455660870959}, "datetime": {"datetime": "2021-09-20 08:41:45", "elapsed": 217.713308, "delta": 0.500199}}
{"target": -2.691838570017591, "params": {"C": 236.11764082380196, "epsilon": 0.8189700170384697, "gamma": 0.11991457969614043, "lamda": 0.13995197224582623}, "datetime": {"datetime": "2021-09-20 08:41:57", "elapsed": 229.711241, "delta": 11.997933}}
{"target": -2.673097864832005, "params": {"C": 165.35016432417387, "epsilon": 2.128874340315885, "gamma": 0.1404080307569103, "lamda": 0.082836439726111}, "datetime": {"datetime": "2021-09-20 08:42:16", "elapsed": 248.388361, "delta": 18.67712}}
{"target": -3.013578700188199, "params": {"C": 157.49301884191308, "epsilon": 2.725892388986007, "gamma": 0.13443995581785884, "lamda": 0.10297830752254966}, "datetime": {"datetime": "2021-09-20 08:42:34", "elapsed": 266.626245, "delta": 18.237884}}
{"target": 0.8677490279225675, "params": {"C": 291.689213398622, "epsilon": 2.9741196984597655, "gamma": 0.18116337348113729, "lamda": 0.027495803354543363}, "datetime": {"datetime": "2021-09-20 08:42:34", "elapsed": 267.149715, "delta": 0.52347}}
{"target": -5.634680577045378, "params": {"C": 170.89145208761377, "epsilon": 4.056217314676667, "gamma": 0.08254698321217906, "lamda": 0.03307167406918944}, "datetime": {"datetime": "2021-09-20 08:42:47", "elapsed": 279.313495, "delta": 12.16378}}
{"target": -2.674319856283416, "params": {"C": 289.12628705940506, "epsilon": 1.8040527127529824, "gamma": 0.15140836011155034, "lamda": 0.14519987107210494}, "datetime": {"datetime": "2021-09-20 08:43:08", "elapsed": 301.037095, "delta": 21.7236}}
{"target": -2.7453049412187434, "params": {"C": 282.49591368087147, "epsilon": 3.1559938145724837, "gamma": 0.15143377463533075, "lamda": 0.06978031949722653}, "datetime": {"datetime": "2021-09-20 08:43:33", "elapsed": 326.112902, "delta": 25.075807}}
{"target": -4.971067763309368, "params": {"C": 190.4891837647539, "epsilon": 4.4898424691607275, "gamma": 0.08847778202490252, "lamda": 0.19296804458962996}, "datetime": {"datetime": "2021-09-20 08:43:59", "elapsed": 351.34481, "delta": 25.231908}}
{"target": -5.2372573993832034, "params": {"C": 249.5162246727672, "epsilon": 3.146309029024697, "gamma": 0.027375464725908162, "lamda": 0.18989790225215555}, "datetime": {"datetime": "2021-09-20 08:44:20", "elapsed": 373.213545, "delta": 21.868735}}
{"target": -4.827248686738915, "params": {"C": 217.4868200219911, "epsilon": 2.934109110496946, "gamma": 0.08458667653844984, "lamda": 0.0474061590216253}, "datetime": {"datetime": "2021-09-20 08:44:33", "elapsed": 385.308147, "delta": 12.094602}}
{"target": -1.1436580087380426, "params": {"C": 285.506928084338, "epsilon": 2.911029484694201, "gamma": 0.005559713771075999, "lamda": 0.12342936557923116}, "datetime": {"datetime": "2021-09-20 08:45:01", "elapsed": 413.957652, "delta": 28.649505}}
{"target": 0.8747861464698923, "params": {"C": 198.99673526581444, "epsilon": 2.682584701062286, "gamma": 0.17775870936560104, "lamda": 0.07145459473073995}, "datetime": {"datetime": "2021-09-20 08:45:02", "elapsed": 414.82442, "delta": 0.866768}}
{"target": -1.8084850410052722, "params": {"C": 286.2802726379699, "epsilon": 3.1544645673798337, "gamma": 0.008085142355078475, "lamda": 0.18588751731151854}, "datetime": {"datetime": "2021-09-20 08:45:30", "elapsed": 443.181761, "delta": 28.357341}}
{"target": -5.9089944366883875, "params": {"C": 253.63453762753858, "epsilon": 4.986881967212255, "gamma": 0.03860639912733906, "lamda": 0.027428012790025925}, "datetime": {"datetime": "2021-09-20 08:45:55", "elapsed": 467.872382, "delta": 24.690621}}
{"target": -4.003359010585647, "params": {"C": 289.88931945557454, "epsilon": 3.514408991300511, "gamma": 0.017870033680802186, "lamda": 0.1510928550574407}, "datetime": {"datetime": "2021-09-20 08:46:15", "elapsed": 488.181822, "delta": 20.30944}}
{"target": 0.8770580907059257, "params": {"C": 263.081428269187, "epsilon": 4.622820224177769, "gamma": 0.143747327932552, "lamda": 0.02485506812347097}, "datetime": {"datetime": "2021-09-20 08:46:16", "elapsed": 488.70182, "delta": 0.519998}}
{"target": 0.8460699408080185, "params": {"C": 152.98202007596933, "epsilon": 0.22843383570082448, "gamma": 0.010519765164054949, "lamda": 0.04924296730954158}, "datetime": {"datetime": "2021-09-20 08:46:17", "elapsed": 489.308386, "delta": 0.606566}}
{"target": -2.8524951438193336, "params": {"C": 279.00419230243324, "epsilon": 2.740272215274099, "gamma": 0.11280028584372435, "lamda": 0.1684063364410288}, "datetime": {"datetime": "2021-09-20 08:46:28", "elapsed": 501.194595, "delta": 11.886209}}
{"target": -2.705850612252517, "params": {"C": 168.62599726798666, "epsilon": 1.4680000271545837, "gamma": 0.11922305793436615, "lamda": 0.1939191800681866}, "datetime": {"datetime": "2021-09-20 08:46:42", "elapsed": 514.591224, "delta": 13.396629}}
{"target": 0.8778244868093781, "params": {"C": 234.1545328883565, "epsilon": 0.1913717179274208, "gamma": 0.1611233711727202, "lamda": 0.04659562179393025}, "datetime": {"datetime": "2021-09-20 08:46:42", "elapsed": 515.117713, "delta": 0.526489}}
{"target": -2.012917368175327, "params": {"C": 271.0657793428169, "epsilon": 2.0005171559144417, "gamma": 0.1733906616390886, "lamda": 0.1494245814257942}, "datetime": {"datetime": "2021-09-20 08:47:03", "elapsed": 535.59401, "delta": 20.476297}}
{"target": -3.1266825386526644, "params": {"C": 233.43603509856283, "epsilon": 0.7686306057373566, "gamma": 0.016683949454881275, "lamda": 0.02426956980469173}, "datetime": {"datetime": "2021-09-20 08:47:15", "elapsed": 547.97817, "delta": 12.38416}}
{"target": -5.116090758165333, "params": {"C": 156.68278178171425, "epsilon": 0.6267212326198552, "gamma": 0.04901332102853166, "lamda": 0.14259808308755495}, "datetime": {"datetime": "2021-09-20 08:47:31", "elapsed": 563.439925, "delta": 15.461755}}
{"target": -3.7121445668184307, "params": {"C": 233.95754730812138, "epsilon": 0.1615243027796677, "gamma": 0.01903498453944992, "lamda": 0.1934552987237244}, "datetime": {"datetime": "2021-09-20 08:47:46", "elapsed": 578.634088, "delta": 15.194163}}
{"target": -5.304090986373726, "params": {"C": 235.2150692879913, "epsilon": 1.0961368498388535, "gamma": 0.054203520191213064, "lamda": 0.14876542698916453}, "datetime": {"datetime": "2021-09-20 08:47:58", "elapsed": 590.473216, "delta": 11.839128}}
{"target": -1.8205333313480225, "params": {"C": 179.31442216639783, "epsilon": 2.9486587436389633, "gamma": 0.19415389787222093, "lamda": 0.16936591346920557}, "datetime": {"datetime": "2021-09-20 08:48:20", "elapsed": 612.523336, "delta": 22.05012}}
{"target": -3.0241511504609564, "params": {"C": 185.9771638721379, "epsilon": 2.519471599916777, "gamma": 0.12589136508436904, "lamda": 0.1657963509291362}, "datetime": {"datetime": "2021-09-20 08:48:34", "elapsed": 626.318272, "delta": 13.794936}}
{"target": -3.1086322520249787, "params": {"C": 173.51870919691265, "epsilon": 0.19102339066930665, "gamma": 0.018654318025248355, "lamda": 0.09726953584229543}, "datetime": {"datetime": "2021-09-20 08:48:48", "elapsed": 641.090209, "delta": 14.771937}}
{"target": -5.010509702108891, "params": {"C": 240.94941924799957, "epsilon": 2.8873720417237587, "gamma": 0.06688566981782135, "lamda": 0.19772324226633536}, "datetime": {"datetime": "2021-09-20 08:49:20", "elapsed": 673.164523, "delta": 32.074314}}
{"target": -3.7267212722025587, "params": {"C": 236.96178288686954, "epsilon": 1.9626917458553972, "gamma": 0.1124349027279899, "lamda": 0.1490671408468695}, "datetime": {"datetime": "2021-09-20 08:49:44", "elapsed": 697.202722, "delta": 24.038199}}
{"target": -3.788009064366702, "params": {"C": 250.38493401797768, "epsilon": 1.3981058325477662, "gamma": 0.017935292713546106, "lamda": 0.07401746949862335}, "datetime": {"datetime": "2021-09-20 08:49:57", "elapsed": 710.146127, "delta": 12.943405}}
{"target": 0.8791575187328156, "params": {"C": 244.45762605323466, "epsilon": 1.129852648582714, "gamma": 0.1517873329790687, "lamda": 0.013308229734341634}, "datetime": {"datetime": "2021-09-20 08:49:58", "elapsed": 710.609298, "delta": 0.463171}}
{"target": -5.714271038825875, "params": {"C": 189.04726478678114, "epsilon": 4.0432973623423925, "gamma": 0.04271968511154891, "lamda": 0.12789253671510714}, "datetime": {"datetime": "2021-09-20 08:50:08", "elapsed": 720.603171, "delta": 9.993873}}
{"target": -5.92343697081537, "params": {"C": 228.70054636856005, "epsilon": 4.631559054956818, "gamma": 0.05634287024498664, "lamda": 0.013193152175714073}, "datetime": {"datetime": "2021-09-20 08:50:17", "elapsed": 729.745434, "delta": 9.142263}}
{"target": -2.3254769442266197, "params": {"C": 260.2598944933004, "epsilon": 3.8836723447619095, "gamma": 0.1820240912381872, "lamda": 0.18639448186729826}, "datetime": {"datetime": "2021-09-20 08:50:25", "elapsed": 737.348649, "delta": 7.603215}}
{"target": -2.662703138988173, "params": {"C": 152.09273594633956, "epsilon": 1.2483742219949607, "gamma": 0.12527177961532324, "lamda": 0.1898033151212026}, "datetime": {"datetime": "2021-09-20 08:50:34", "elapsed": 746.658516, "delta": 9.309867}}
{"target": -1.9888529100677883, "params": {"C": 292.52641788706194, "epsilon": 2.827600622156267, "gamma": 0.18354323820442353, "lamda": 0.12831360022305857}, "datetime": {"datetime": "2021-09-20 08:50:51", "elapsed": 764.01442, "delta": 17.355904}}
{"target": -3.069572467100076, "params": {"C": 208.50115712118694, "epsilon": 2.481354268774858, "gamma": 0.12284054416939479, "lamda": 0.10991003475379102}, "datetime": {"datetime": "2021-09-20 08:51:00", "elapsed": 772.919227, "delta": 8.904807}}
{"target": -4.6194476144781556, "params": {"C": 288.92721400596804, "epsilon": 4.60179383460467, "gamma": 0.0820007445200932, "lamda": 0.19265254242561394}, "datetime": {"datetime": "2021-09-20 08:51:12", "elapsed": 784.928276, "delta": 12.009049}}
{"target": -4.978858788874847, "params": {"C": 176.09335000206966, "epsilon": 0.719014645254223, "gamma": 0.031340435819112604, "lamda": 0.10113292747321367}, "datetime": {"datetime": "2021-09-20 08:51:21", "elapsed": 793.938844, "delta": 9.010568}}
{"target": 0.8764618254909333, "params": {"C": 153.2287207911297, "epsilon": 4.745054034966637, "gamma": 0.16628751687829285, "lamda": 0.0030047811294437337}, "datetime": {"datetime": "2021-09-20 08:51:22", "elapsed": 794.302846, "delta": 0.364002}}
{"target": -5.266802681856566, "params": {"C": 176.42943833625827, "epsilon": 1.7271115143975013, "gamma": 0.030544384738128795, "lamda": 0.1618983289346243}, "datetime": {"datetime": "2021-09-20 08:51:30", "elapsed": 802.689239, "delta": 8.386393}}
{"target": -3.690173306512981, "params": {"C": 201.710497902494, "epsilon": 4.7065266634334995, "gamma": 0.11849276508968062, "lamda": 0.1757665180503844}, "datetime": {"datetime": "2021-09-20 08:51:39", "elapsed": 811.475601, "delta": 8.786362}}
{"target": -4.026715896167115, "params": {"C": 276.71016680883326, "epsilon": 4.536422361672381, "gamma": 0.09467665183427737, "lamda": 0.10926981685725864}, "datetime": {"datetime": "2021-09-20 08:51:47", "elapsed": 819.731759, "delta": 8.256158}}
{"target": -3.9211285280545907, "params": {"C": 269.7905386728059, "epsilon": 1.5000223734973233, "gamma": 0.10059943691088591, "lamda": 0.11982246241886803}, "datetime": {"datetime": "2021-09-20 08:51:56", "elapsed": 828.863155, "delta": 9.131396}}
{"target": -3.92141418058711, "params": {"C": 152.32999133262535, "epsilon": 3.0080589001635225, "gamma": 0.08956688805294437, "lamda": 0.16147229841643942}, "datetime": {"datetime": "2021-09-20 08:52:05", "elapsed": 837.329968, "delta": 8.466813}}
{"target": -3.653068941900175, "params": {"C": 197.28672046430594, "epsilon": 4.475154671773241, "gamma": 0.11768215698048443, "lamda": 0.036802856315291385}, "datetime": {"datetime": "2021-09-20 08:52:13", "elapsed": 845.682031, "delta": 8.352063}}
{"target": -3.2843426116883236, "params": {"C": 268.18938507382563, "epsilon": 3.0989527675201765, "gamma": 0.015512308054381828, "lamda": 0.08403931580654644}, "datetime": {"datetime": "2021-09-20 08:52:27", "elapsed": 859.98311, "delta": 14.301079}}
{"target": -1.2496968602404745, "params": {"C": 251.86032548481444, "epsilon": 4.601148712089876, "gamma": 0.0050783948538146995, "lamda": 0.1953518530470629}, "datetime": {"datetime": "2021-09-20 08:52:36", "elapsed": 868.399112, "delta": 8.416002}}
{"target": -3.035920827909547, "params": {"C": 206.48704721186618, "epsilon": 4.87153933795578, "gamma": 0.12291963968994035, "lamda": 0.16576933275033062}, "datetime": {"datetime": "2021-09-20 08:52:46", "elapsed": 878.686113, "delta": 10.287001}}
{"target": -5.701185350243549, "params": {"C": 236.20672570621534, "epsilon": 3.1775733717060173, "gamma": 0.060687374930660315, "lamda": 0.11736708129787594}, "datetime": {"datetime": "2021-09-20 08:53:02", "elapsed": 894.804116, "delta": 16.118003}}
{"target": -2.5204475564457143, "params": {"C": 262.50326455539897, "epsilon": 4.3057377985023075, "gamma": 0.15224102675119763, "lamda": 0.13961175163221215}, "datetime": {"datetime": "2021-09-20 08:53:15", "elapsed": 907.469664, "delta": 12.665548}}
{"target": -2.3883990196365628, "params": {"C": 279.67191450818996, "epsilon": 1.6811368845000578, "gamma": 0.1358038142035795, "lamda": 0.09017533640873343}, "datetime": {"datetime": "2021-09-20 08:53:24", "elapsed": 916.267669, "delta": 8.798005}}
{"target": -4.775679938436588, "params": {"C": 207.3154128047276, "epsilon": 2.1129756146187098, "gamma": 0.08328851877656042, "lamda": 0.06347747180770942}, "datetime": {"datetime": "2021-09-20 08:53:32", "elapsed": 924.878663, "delta": 8.610994}}
{"target": -1.8811423491601782, "params": {"C": 243.28790518804522, "epsilon": 2.2082116270241956, "gamma": 0.19489140519581422, "lamda": 0.1355605004859708}, "datetime": {"datetime": "2021-09-20 08:53:47", "elapsed": 939.763661, "delta": 14.884998}}
{"target": -5.395572103370301, "params": {"C": 179.78548326406664, "epsilon": 2.190834945805361, "gamma": 0.0719525167560125, "lamda": 0.15952796315290937}, "datetime": {"datetime": "2021-09-20 08:53:56", "elapsed": 948.392663, "delta": 8.629002}}
{"target": -3.1912370273391675, "params": {"C": 281.9997432845148, "epsilon": 4.528825583549223, "gamma": 0.13423036341317615, "lamda": 0.05404238219768953}, "datetime": {"datetime": "2021-09-20 08:54:06", "elapsed": 958.379667, "delta": 9.987004}}
{"target": -3.3452794538050536, "params": {"C": 187.85500522568844, "epsilon": 4.288999919217272, "gamma": 0.10790435603020561, "lamda": 0.16043241463983562}, "datetime": {"datetime": "2021-09-20 08:54:20", "elapsed": 972.290516, "delta": 13.910849}}
