{"target": -5.740407972850845, "params": {"C": 42.95830843964039, "epsilon": 4.948361792174268, "gamma": 0.05713069435600448, "lamda": 0.787644083408024}, "datetime": {"datetime": "2021-09-19 16:12:26", "elapsed": 859.338811, "delta": 9.590709}}
{"target": -2.86141080066384, "params": {"C": 96.0689697007956, "epsilon": 3.158443578123976, "gamma": 0.14279957489938772, "lamda": 1.498424772474278}, "datetime": {"datetime": "2021-09-19 16:12:41", "elapsed": 874.700321, "delta": 15.36151}}
{"target": -3.7067979306944556, "params": {"C": 147.26972803960834, "epsilon": 10.947662261175251, "gamma": 0.10402339568820479, "lamda": 0.16322783738633292}, "datetime": {"datetime": "2021-09-19 16:12:50", "elapsed": 883.994138, "delta": 9.293817}}
{"target": -3.2713392917150026, "params": {"C": 162.9254424609346, "epsilon": 4.417045238301072, "gamma": 0.11523640608946892, "lamda": 0.4799905194820128}, "datetime": {"datetime": "2021-09-19 16:13:04", "elapsed": 897.696629, "delta": 13.702491}}
{"target": -3.7955043093044516, "params": {"C": 128.79404488636504, "epsilon": 8.662834531549457, "gamma": 0.10294882460382196, "lamda": 0.8911390843031338}, "datetime": {"datetime": "2021-09-19 16:13:13", "elapsed": 906.968265, "delta": 9.271636}}
{"target": -2.094807918843505, "params": {"C": 94.8290487913725, "epsilon": 5.408984254028676, "gamma": 0.14902165934533665, "lamda": 1.2347718606199676}, "datetime": {"datetime": "2021-09-19 16:13:22", "elapsed": 915.996611, "delta": 9.028346}}
{"target": 0.8811188553654024, "params": {"C": 50.10796988643488, "epsilon": 0.8735184689684703, "gamma": 0.16458470127263097, "lamda": 0.03634009716771999}, "datetime": {"datetime": "2021-09-19 16:13:23", "elapsed": 916.652882, "delta": 0.656271}}
{"target": -1.7708068026970838, "params": {"C": 184.9699855884598, "epsilon": 6.205160663321786, "gamma": 0.1998020821736583, "lamda": 0.2489423619069033}, "datetime": {"datetime": "2021-09-19 16:13:32", "elapsed": 925.700848, "delta": 9.047966}}
{"target": 0.872138452456491, "params": {"C": 40.00162413311726, "epsilon": 8.23547406515003, "gamma": 0.1780192877915338, "lamda": 0.18320534955272094}, "datetime": {"datetime": "2021-09-19 16:13:33", "elapsed": 926.374586, "delta": 0.673738}}
{"target": -5.114758837861426, "params": {"C": 98.12858899554166, "epsilon": 6.069757654099431, "gamma": 0.06486580366320086, "lamda": 0.04767255254872571}, "datetime": {"datetime": "2021-09-19 16:13:48", "elapsed": 941.588618, "delta": 15.214032}}
{"target": -3.212257182902281, "params": {"C": 194.8519148245688, "epsilon": 3.0516980044633, "gamma": 0.13339291738452602, "lamda": 0.2636265018117239}, "datetime": {"datetime": "2021-09-19 16:13:57", "elapsed": 950.313393, "delta": 8.724775}}
{"target": -5.819768420339503, "params": {"C": 129.88261866191655, "epsilon": 2.0537631365998625, "gamma": 0.05669991432733022, "lamda": 0.3249956675464996}, "datetime": {"datetime": "2021-09-19 16:14:11", "elapsed": 964.86171, "delta": 14.548317}}
{"target": -4.767766695009649, "params": {"C": 148.20603183770257, "epsilon": 12.005126459456564, "gamma": 0.07783585467816287, "lamda": 0.25632464555331796}, "datetime": {"datetime": "2021-09-19 16:14:21", "elapsed": 974.331738, "delta": 9.470028}}
{"target": -5.167913996144255, "params": {"C": 46.09944447864903, "epsilon": 1.7946875152303268, "gamma": 0.05888638555158436, "lamda": 0.34864797547948084}, "datetime": {"datetime": "2021-09-19 16:14:34", "elapsed": 987.719758, "delta": 13.38802}}
{"target": -1.8741303889946481, "params": {"C": 169.66824319877526, "epsilon": 11.20352196912408, "gamma": 0.19158942801564033, "lamda": 1.3260228177115898}, "datetime": {"datetime": "2021-09-19 16:14:44", "elapsed": 997.074588, "delta": 9.35483}}
{"target": -2.8798565541626373, "params": {"C": 149.30813850460845, "epsilon": 11.17182405228497, "gamma": 0.1407336267031331, "lamda": 0.0702506828946596}, "datetime": {"datetime": "2021-09-19 16:14:53", "elapsed": 1006.664807, "delta": 9.590219}}
{"target": -3.051600060345659, "params": {"C": 193.7442576654143, "epsilon": 10.071876365994488, "gamma": 0.16176757166888317, "lamda": 0.2435961778279627}, "datetime": {"datetime": "2021-09-19 16:15:02", "elapsed": 1015.568092, "delta": 8.903285}}
{"target": -2.7574342143606265, "params": {"C": 112.01897133546565, "epsilon": 12.165754754547141, "gamma": 0.118972696787753, "lamda": 0.7040641177827943}, "datetime": {"datetime": "2021-09-19 16:15:11", "elapsed": 1024.855793, "delta": 9.287701}}
{"target": -2.6284207943280564, "params": {"C": 116.05959095152213, "epsilon": 9.862042801175503, "gamma": 0.17340582781322728, "lamda": 0.3022981473802737}, "datetime": {"datetime": "2021-09-19 16:15:21", "elapsed": 1034.806264, "delta": 9.950471}}
{"target": -5.053592886755061, "params": {"C": 192.61056636775945, "epsilon": 3.9109378377132438, "gamma": 0.093262050586132, "lamda": 0.09975663586750001}, "datetime": {"datetime": "2021-09-19 16:15:30", "elapsed": 1043.880068, "delta": 9.073804}}
{"target": -2.8964804910087354, "params": {"C": 132.87774715419292, "epsilon": 5.124659660951668, "gamma": 0.13654934490975967, "lamda": 0.06744243981892266}, "datetime": {"datetime": "2021-09-19 16:15:45", "elapsed": 1058.196293, "delta": 14.316225}}
{"target": -5.068259324597726, "params": {"C": 183.60525499447425, "epsilon": 12.844047464389389, "gamma": 0.06213683009132407, "lamda": 0.5251704621837006}, "datetime": {"datetime": "2021-09-19 16:15:54", "elapsed": 1067.380402, "delta": 9.184109}}
{"target": -3.7750583552132406, "params": {"C": 95.27965909749642, "epsilon": 3.881923169514763, "gamma": 0.09169788549248559, "lamda": 0.4487466695255237}, "datetime": {"datetime": "2021-09-19 16:16:04", "elapsed": 1077.361042, "delta": 9.98064}}
{"target": -2.702542267133631, "params": {"C": 126.65317369733884, "epsilon": 7.02744056959731, "gamma": 0.129382288486743, "lamda": 0.6533831688426638}, "datetime": {"datetime": "2021-09-19 16:16:13", "elapsed": 1086.52901, "delta": 9.167968}}
{"target": -2.398311430589531, "params": {"C": 109.00171721901725, "epsilon": 8.769013536236622, "gamma": 0.14397488951102422, "lamda": 1.1649892875343058}, "datetime": {"datetime": "2021-09-19 16:16:23", "elapsed": 1096.289907, "delta": 9.760897}}
{"target": -4.476023229207128, "params": {"C": 48.142236707332415, "epsilon": 9.604832139555134, "gamma": 0.13090043865241482, "lamda": 0.6215569018207338}, "datetime": {"datetime": "2021-09-19 16:16:38", "elapsed": 1111.374938, "delta": 15.085031}}
{"target": -4.795058804552545, "params": {"C": 122.81364572387722, "epsilon": 4.346950692715563, "gamma": 0.07703951743764804, "lamda": 0.3359486754564212}, "datetime": {"datetime": "2021-09-19 16:16:47", "elapsed": 1120.181678, "delta": 8.80674}}
{"target": -4.713254554572892, "params": {"C": 100.89389392537696, "epsilon": 2.7781789139414657, "gamma": 0.07215767172606682, "lamda": 1.4979484301359223}, "datetime": {"datetime": "2021-09-19 16:16:56", "elapsed": 1129.475968, "delta": 9.29429}}
{"target": -4.787334525898988, "params": {"C": 190.5688995147567, "epsilon": 2.0914949661658726, "gamma": 0.06401188270591307, "lamda": 1.1990924962224994}, "datetime": {"datetime": "2021-09-19 16:17:12", "elapsed": 1145.162633, "delta": 15.686665}}
{"target": -3.1402727016790317, "params": {"C": 118.25365839275356, "epsilon": 6.102346040464433, "gamma": 0.12496028329813842, "lamda": 0.4205757678116698}, "datetime": {"datetime": "2021-09-19 16:17:27", "elapsed": 1160.38246, "delta": 15.219827}}
{"target": -3.4378175824505792, "params": {"C": 77.93959139161458, "epsilon": 8.569875393938942, "gamma": 0.16549193779254706, "lamda": 0.957379330914066}, "datetime": {"datetime": "2021-09-19 16:17:41", "elapsed": 1175.053217, "delta": 14.670757}}
{"target": -6.940528691848811, "params": {"C": 42.488188612422526, "epsilon": 9.703735923909989, "gamma": 0.07077906470279391, "lamda": 0.6584216153120009}, "datetime": {"datetime": "2021-09-19 16:17:51", "elapsed": 1184.997725, "delta": 9.944508}}
{"target": -5.320662339599064, "params": {"C": 139.81126009737747, "epsilon": 11.422955988064595, "gamma": 0.05913055029477701, "lamda": 0.6631385454721619}, "datetime": {"datetime": "2021-09-19 16:18:01", "elapsed": 1194.660404, "delta": 9.662679}}
{"target": -2.469477243556382, "params": {"C": 80.57231688869695, "epsilon": 2.8684965198201957, "gamma": 0.1479528597586976, "lamda": 0.829161034291755}, "datetime": {"datetime": "2021-09-19 16:18:14", "elapsed": 1207.977159, "delta": 13.316755}}
{"target": -1.9216474234796355, "params": {"C": 124.07438889259436, "epsilon": 4.189019302595134, "gamma": 0.19389710861152115, "lamda": 0.724212896495315}, "datetime": {"datetime": "2021-09-19 16:18:28", "elapsed": 1222.0584, "delta": 14.081241}}
{"target": -5.311135277829087, "params": {"C": 103.8379600413183, "epsilon": 8.991699311839938, "gamma": 0.1119780304067885, "lamda": 0.953801267588907}, "datetime": {"datetime": "2021-09-19 16:18:44", "elapsed": 1237.398682, "delta": 15.340282}}
{"target": -2.2209576741072414, "params": {"C": 89.20997752194255, "epsilon": 3.3506349161655233, "gamma": 0.16513984105180263, "lamda": 0.5159586771748748}, "datetime": {"datetime": "2021-09-19 16:18:56", "elapsed": 1249.867034, "delta": 12.468352}}
{"target": -1.988499213912423, "params": {"C": 157.48336171745783, "epsilon": 12.457849476773204, "gamma": 0.1576543876729421, "lamda": 1.2408375639668925}, "datetime": {"datetime": "2021-09-19 16:19:06", "elapsed": 1259.065941, "delta": 9.198907}}
{"target": -2.9639146751237972, "params": {"C": 188.8435521293359, "epsilon": 11.579729521551338, "gamma": 0.17473515209751705, "lamda": 0.3497439377547539}, "datetime": {"datetime": "2021-09-19 16:19:14", "elapsed": 1268.053913, "delta": 8.987972}}
{"target": -5.5068467893335304, "params": {"C": 111.10988097720116, "epsilon": 8.971474208327653, "gamma": 0.0883321917522145, "lamda": 1.0542881771838675}, "datetime": {"datetime": "2021-09-19 16:19:30", "elapsed": 1283.088512, "delta": 15.034599}}
{"target": -2.7180249075035565, "params": {"C": 194.77499903239595, "epsilon": 0.7102981179527204, "gamma": 0.13546354829368462, "lamda": 0.8589179542376076}, "datetime": {"datetime": "2021-09-19 16:19:39", "elapsed": 1292.422504, "delta": 9.333992}}
{"target": -3.933852233294161, "params": {"C": 146.54575802059907, "epsilon": 2.3154876993902525, "gamma": 0.10237027520867864, "lamda": 1.0548197772287653}, "datetime": {"datetime": "2021-09-19 16:19:55", "elapsed": 1308.211195, "delta": 15.788691}}
{"target": -7.4949311068692435, "params": {"C": 191.110849077861, "epsilon": 13.02018023571286, "gamma": 0.06039163228744106, "lamda": 0.43353531049578603}, "datetime": {"datetime": "2021-09-19 16:20:04", "elapsed": 1317.770006, "delta": 9.558811}}
{"target": -4.830983674342777, "params": {"C": 54.08283324308441, "epsilon": 2.3950462847639025, "gamma": 0.0774458814430495, "lamda": 1.022223753546127}, "datetime": {"datetime": "2021-09-19 16:20:17", "elapsed": 1330.076452, "delta": 12.306446}}
{"target": 0.8774257308464704, "params": {"C": 97.11604151910399, "epsilon": 3.850564587887102, "gamma": 0.18164978744592442, "lamda": 0.047288421955803454}, "datetime": {"datetime": "2021-09-19 16:20:17", "elapsed": 1330.937137, "delta": 0.860685}}
{"target": -5.7422873067445765, "params": {"C": 159.9243937791212, "epsilon": 9.286944143872029, "gamma": 0.05349011294605156, "lamda": 0.18253489751359214}, "datetime": {"datetime": "2021-09-19 16:20:27", "elapsed": 1340.525335, "delta": 9.588198}}
{"target": -3.2006402705329817, "params": {"C": 69.3783733426857, "epsilon": 7.209451278140824, "gamma": 0.10758762654802209, "lamda": 0.25236893609991673}, "datetime": {"datetime": "2021-09-19 16:20:36", "elapsed": 1349.829722, "delta": 9.304387}}
{"target": -5.229041842160644, "params": {"C": 60.65492209648555, "epsilon": 2.3106294353424426, "gamma": 0.07073901929832153, "lamda": 1.0205730429522932}, "datetime": {"datetime": "2021-09-19 16:20:51", "elapsed": 1364.296965, "delta": 14.467243}}
{"target": 0.868563026701241, "params": {"C": 103.87206604404224, "epsilon": 10.944411487104123, "gamma": 0.1937520966977933, "lamda": 0.1417372467355788}, "datetime": {"datetime": "2021-09-19 16:20:51", "elapsed": 1365.035946, "delta": 0.738981}}
{"target": -2.855095281306476, "params": {"C": 66.23795779568414, "epsilon": 7.112609547208829, "gamma": 0.17457719890304457, "lamda": 0.7969520129445647}, "datetime": {"datetime": "2021-09-19 16:21:01", "elapsed": 1374.366043, "delta": 9.330097}}
{"target": -5.174937311794745, "params": {"C": 128.3916416713409, "epsilon": 5.7894118345613395, "gamma": 0.05716785674949021, "lamda": 0.6911633967280882}, "datetime": {"datetime": "2021-09-19 16:21:10", "elapsed": 1383.278129, "delta": 8.912086}}
{"target": -2.466850337432582, "params": {"C": 70.66358704510533, "epsilon": 0.1373477232537965, "gamma": 0.14128513856119904, "lamda": 1.389368408850899}, "datetime": {"datetime": "2021-09-19 16:21:20", "elapsed": 1393.353587, "delta": 10.075458}}
{"target": -2.871694689520117, "params": {"C": 176.82627846809885, "epsilon": 3.0206842410259522, "gamma": 0.12238260658506818, "lamda": 0.23000473464227356}, "datetime": {"datetime": "2021-09-19 16:21:35", "elapsed": 1408.778106, "delta": 15.424519}}
{"target": -4.726983667244861, "params": {"C": 162.61297757044542, "epsilon": 13.031311335765793, "gamma": 0.1640135745085758, "lamda": 1.3964897729388568}, "datetime": {"datetime": "2021-09-19 16:21:44", "elapsed": 1418.054164, "delta": 9.276058}}
{"target": -2.653612145785526, "params": {"C": 97.99650749126423, "epsilon": 1.2015008704250354, "gamma": 0.11537228376750921, "lamda": 0.26222710138720917}, "datetime": {"datetime": "2021-09-19 16:21:54", "elapsed": 1427.326323, "delta": 9.272159}}
{"target": -2.1871548627987396, "params": {"C": 144.27790020982306, "epsilon": 3.884727873152444, "gamma": 0.171008500009096, "lamda": 0.30612424640113195}, "datetime": {"datetime": "2021-09-19 16:22:09", "elapsed": 1442.157731, "delta": 14.831408}}
{"target": -6.467718505426191, "params": {"C": 194.81972916386775, "epsilon": 10.741770081530584, "gamma": 0.05757185460659767, "lamda": 0.04823419521558594}, "datetime": {"datetime": "2021-09-19 16:22:21", "elapsed": 1454.85947, "delta": 12.701739}}
{"target": -6.0145101885111725, "params": {"C": 65.16630410245645, "epsilon": 8.563947944451344, "gamma": 0.07299974226434645, "lamda": 0.007111243944700166}, "datetime": {"datetime": "2021-09-19 16:22:31", "elapsed": 1464.606776, "delta": 9.747306}}
{"target": -1.6024896431092728, "params": {"C": 175.6523495489017, "epsilon": 1.3402146345843389, "gamma": 0.1861901091151259, "lamda": 0.569464183300227}, "datetime": {"datetime": "2021-09-19 16:22:41", "elapsed": 1474.104904, "delta": 9.498128}}
{"target": -4.424074514132739, "params": {"C": 151.31775519700489, "epsilon": 7.377895652306648, "gamma": 0.08553224300211032, "lamda": 1.3137995978841617}, "datetime": {"datetime": "2021-09-19 16:22:50", "elapsed": 1483.866836, "delta": 9.761932}}
{"target": -3.8265520363573584, "params": {"C": 100.28552435702031, "epsilon": 1.3281067280934549, "gamma": 0.09381943753501086, "lamda": 1.0398098242763172}, "datetime": {"datetime": "2021-09-19 16:23:00", "elapsed": 1493.424586, "delta": 9.55775}}
{"target": -1.5878832861042498, "params": {"C": 177.801772928742, "epsilon": 5.2574884314134795, "gamma": 0.191637051098547, "lamda": 0.9481176848137777}, "datetime": {"datetime": "2021-09-19 16:23:09", "elapsed": 1502.545219, "delta": 9.120633}}
{"target": -3.4520788456199814, "params": {"C": 170.19122624947596, "epsilon": 3.1625055128727007, "gamma": 0.11247607192990723, "lamda": 0.8722351466983237}, "datetime": {"datetime": "2021-09-19 16:23:24", "elapsed": 1517.543117, "delta": 14.997898}}
{"target": -2.0513027935529426, "params": {"C": 127.48782941904749, "epsilon": 10.006498501866231, "gamma": 0.15224493150973414, "lamda": 1.4519284405574426}, "datetime": {"datetime": "2021-09-19 16:23:33", "elapsed": 1526.788894, "delta": 9.245777}}
{"target": -8.147424071235958, "params": {"C": 58.06238789592843, "epsilon": 12.917018781858529, "gamma": 0.056965035905084574, "lamda": 0.5985250098865652}, "datetime": {"datetime": "2021-09-19 16:23:43", "elapsed": 1536.254811, "delta": 9.465917}}
{"target": -3.9949600208796054, "params": {"C": 58.627886719767446, "epsilon": 6.260093375892118, "gamma": 0.1329434777639994, "lamda": 1.1319256375642441}, "datetime": {"datetime": "2021-09-19 16:23:57", "elapsed": 1550.884452, "delta": 14.629641}}
{"target": -3.885343195689358, "params": {"C": 52.34746091532814, "epsilon": 8.975896755790732, "gamma": 0.1392969321547094, "lamda": 1.4720960735563067}, "datetime": {"datetime": "2021-09-19 16:24:12", "elapsed": 1565.575539, "delta": 14.691087}}
{"target": -2.655940246225291, "params": {"C": 104.97309971268363, "epsilon": 9.010238534706808, "gamma": 0.1140132763513324, "lamda": 1.2410128411942425}, "datetime": {"datetime": "2021-09-19 16:24:21", "elapsed": 1574.857891, "delta": 9.282352}}
{"target": -4.22576460763059, "params": {"C": 74.52367495664093, "epsilon": 0.9569253006695932, "gamma": 0.06800819047950905, "lamda": 1.4815722630672372}, "datetime": {"datetime": "2021-09-19 16:24:35", "elapsed": 1588.746553, "delta": 13.888662}}
{"target": -4.702330556621463, "params": {"C": 98.63727930240607, "epsilon": 8.155156570743666, "gamma": 0.1206834839426612, "lamda": 1.2970187541352969}, "datetime": {"datetime": "2021-09-19 16:24:49", "elapsed": 1602.572875, "delta": 13.826322}}
{"target": -4.4305640903996375, "params": {"C": 129.69388517921945, "epsilon": 7.258967818016838, "gamma": 0.11680293387842484, "lamda": 0.03023297418603426}, "datetime": {"datetime": "2021-09-19 16:24:59", "elapsed": 1612.427506, "delta": 9.854631}}
{"target": -3.867436824365681, "params": {"C": 41.84128171516923, "epsilon": 10.901916945228795, "gamma": 0.17398090049351556, "lamda": 0.38070954249204086}, "datetime": {"datetime": "2021-09-19 16:25:14", "elapsed": 1627.127075, "delta": 14.699569}}
{"target": -3.5874661344264007, "params": {"C": 64.2697997511676, "epsilon": 6.428960066990446, "gamma": 0.14423696393171126, "lamda": 1.4042363409915204}, "datetime": {"datetime": "2021-09-19 16:25:28", "elapsed": 1641.173405, "delta": 14.04633}}
{"target": -2.8696962970836153, "params": {"C": 99.38374525753785, "epsilon": 6.969998900211247, "gamma": 0.19117711376015595, "lamda": 1.2244902070418575}, "datetime": {"datetime": "2021-09-19 16:25:37", "elapsed": 1650.168968, "delta": 8.995563}}
{"target": 0.8676022296766754, "params": {"C": 138.3500524028401, "epsilon": 11.78254943355266, "gamma": 0.15052196748436059, "lamda": 0.014595708165745415}, "datetime": {"datetime": "2021-09-19 16:25:38", "elapsed": 1651.05959, "delta": 0.890622}}
{"target": -2.2838969574392207, "params": {"C": 159.4958932496752, "epsilon": 10.359736522711865, "gamma": 0.16877308659942997, "lamda": 1.2924909204248105}, "datetime": {"datetime": "2021-09-19 16:25:47", "elapsed": 1660.178331, "delta": 9.118741}}
{"target": -2.0269697852941597, "params": {"C": 168.91272591828223, "epsilon": 5.422860366324923, "gamma": 0.19420226356501696, "lamda": 0.38641583016764475}, "datetime": {"datetime": "2021-09-19 16:26:00", "elapsed": 1673.687628, "delta": 13.509297}}
{"target": -2.897520999275885, "params": {"C": 72.23658189477601, "epsilon": 5.2156107858149765, "gamma": 0.13151851824349603, "lamda": 0.053067901480511166}, "datetime": {"datetime": "2021-09-19 16:26:10", "elapsed": 1683.079354, "delta": 9.391726}}
{"target": -3.088198772231997, "params": {"C": 104.0723478665482, "epsilon": 8.056599079609704, "gamma": 0.10673718359709555, "lamda": 0.9940948531562789}, "datetime": {"datetime": "2021-09-19 16:26:18", "elapsed": 1691.94954, "delta": 8.870186}}
{"target": -4.759211561672964, "params": {"C": 145.63389137200392, "epsilon": 6.88835515226406, "gamma": 0.06465545319340685, "lamda": 1.2399410512760976}, "datetime": {"datetime": "2021-09-19 16:26:27", "elapsed": 1700.679608, "delta": 8.730068}}
{"target": -3.126063001330894, "params": {"C": 168.51179654949888, "epsilon": 12.924563359196991, "gamma": 0.11839922325481264, "lamda": 1.317968212744206}, "datetime": {"datetime": "2021-09-19 16:26:36", "elapsed": 1709.378315, "delta": 8.698707}}
{"target": -1.9641962477408397, "params": {"C": 117.26906536436877, "epsilon": 7.055307062568299, "gamma": 0.16412937199724748, "lamda": 1.4078958584263406}, "datetime": {"datetime": "2021-09-19 16:26:45", "elapsed": 1718.197726, "delta": 8.819411}}
{"target": -3.4061889874049536, "params": {"C": 192.658668913591, "epsilon": 5.299243297800926, "gamma": 0.10886870759928058, "lamda": 1.0783568657948899}, "datetime": {"datetime": "2021-09-19 16:26:53", "elapsed": 1726.943341, "delta": 8.745615}}
{"target": 0.8811157673062487, "params": {"C": 81.81191508967792, "epsilon": 0.875827398441562, "gamma": 0.17857096378920317, "lamda": 0.4788047266468004}, "datetime": {"datetime": "2021-09-19 16:26:54", "elapsed": 1727.93233, "delta": 0.988989}}
{"target": -2.397790611372403, "params": {"C": 126.02472053644256, "epsilon": 9.809180235134418, "gamma": 0.14952582985034513, "lamda": 0.8408464073279528}, "datetime": {"datetime": "2021-09-19 16:27:03", "elapsed": 1736.969469, "delta": 9.037139}}
{"target": -5.064571298201853, "params": {"C": 94.46465498257137, "epsilon": 3.067303995887767, "gamma": 0.08436557405796122, "lamda": 0.666328824813102}, "datetime": {"datetime": "2021-09-19 16:27:12", "elapsed": 1745.428842, "delta": 8.459373}}
{"target": -2.5332589073248757, "params": {"C": 95.62101644016151, "epsilon": 4.529776890774126, "gamma": 0.1373701626425094, "lamda": 0.5846807729625012}, "datetime": {"datetime": "2021-09-19 16:27:25", "elapsed": 1758.724614, "delta": 13.295772}}
{"target": -6.03048421094807, "params": {"C": 142.95409793706204, "epsilon": 11.339043197223374, "gamma": 0.0986519147670781, "lamda": 1.1200530351254103}, "datetime": {"datetime": "2021-09-19 16:27:39", "elapsed": 1772.691318, "delta": 13.966704}}
