{"target": -4.392127950003895, "params": {"C": 275.2907403734949, "epsilon": 1.0420250824285238, "gamma": 0.08204388943354478, "lamda": 0.06001690910402537}, "datetime": {"datetime": "2021-09-20 09:06:48", "elapsed": 1721.076375, "delta": 9.208996}}
{"target": -5.176721716082271, "params": {"C": 162.0155465709074, "epsilon": 4.53269191438759, "gamma": 0.07718006462297897, "lamda": 0.10613995699778943}, "datetime": {"datetime": "2021-09-20 09:06:57", "elapsed": 1729.501259, "delta": 8.424884}}
{"target": 0.888007282632766, "params": {"C": 224.11743988444874, "epsilon": 0.7475895955203969, "gamma": 0.04525854148343944, "lamda": 0.015238685617655201}, "datetime": {"datetime": "2021-09-20 09:06:57", "elapsed": 1729.882261, "delta": 0.381002}}
{"target": -4.591150729652819, "params": {"C": 226.18825499179312, "epsilon": 1.381592803981637, "gamma": 0.07462701373214443, "lamda": 0.021613957674118674}, "datetime": {"datetime": "2021-09-20 09:07:07", "elapsed": 1739.692276, "delta": 9.810015}}
{"target": 0.8662835448219334, "params": {"C": 268.1327759478761, "epsilon": 0.6222609962651254, "gamma": 0.19721322062407162, "lamda": 0.03543305572651903}, "datetime": {"datetime": "2021-09-20 09:07:07", "elapsed": 1740.042279, "delta": 0.350003}}
{"target": 0.8784359291426551, "params": {"C": 235.86076686519738, "epsilon": 0.31974213948653185, "gamma": 0.15848767648288767, "lamda": 0.03792199995771149}, "datetime": {"datetime": "2021-09-20 09:07:08", "elapsed": 1740.392882, "delta": 0.350603}}
{"target": -5.3058590771347065, "params": {"C": 229.18559676121902, "epsilon": 3.7263799614794513, "gamma": 0.03423663955886491, "lamda": 0.11021788375022017}, "datetime": {"datetime": "2021-09-20 09:07:22", "elapsed": 1755.015608, "delta": 14.622726}}
{"target": 0.8820176491504251, "params": {"C": 182.4925812493169, "epsilon": 3.8200606416540093, "gamma": 0.14596846274346167, "lamda": 0.03531063030638233}, "datetime": {"datetime": "2021-09-20 09:07:23", "elapsed": 1755.375601, "delta": 0.359993}}
{"target": 0.8724480916154965, "params": {"C": 279.294983650061, "epsilon": 0.19689798763008692, "gamma": 0.1727462144975075, "lamda": 0.11178120332837652}, "datetime": {"datetime": "2021-09-20 09:07:23", "elapsed": 1755.739601, "delta": 0.364}}
{"target": -2.6256090029371193, "params": {"C": 210.4830708158774, "epsilon": 3.8178599620094498, "gamma": 0.14480115533003163, "lamda": 0.19746524763551052}, "datetime": {"datetime": "2021-09-20 09:07:32", "elapsed": 1764.513385, "delta": 8.773784}}
{"target": 0.8727600887159714, "params": {"C": 191.7127572919474, "epsilon": 0.11858899480577867, "gamma": 0.18711100862140315, "lamda": 0.17157956301047422}, "datetime": {"datetime": "2021-09-20 09:07:32", "elapsed": 1764.858595, "delta": 0.34521}}
{"target": -2.7557004200023654, "params": {"C": 259.3276316278884, "epsilon": 2.6317750363155383, "gamma": 0.14285646782350842, "lamda": 0.15610613084579167}, "datetime": {"datetime": "2021-09-20 09:07:45", "elapsed": 1777.958828, "delta": 13.100233}}
{"target": -2.6250276020027177, "params": {"C": 206.23139153052892, "epsilon": 3.8745803741167926, "gamma": 0.1513717422391592, "lamda": 0.12264262909764041}, "datetime": {"datetime": "2021-09-20 09:07:54", "elapsed": 1786.383518, "delta": 8.42469}}
{"target": -1.226483601072558, "params": {"C": 210.2798885951756, "epsilon": 3.516809294395271, "gamma": 0.005607007275912461, "lamda": 0.15497955444827285}, "datetime": {"datetime": "2021-09-20 09:08:02", "elapsed": 1794.374216, "delta": 7.990698}}
{"target": -5.139545347194048, "params": {"C": 284.462490368527, "epsilon": 1.272646966443773, "gamma": 0.028549600940299798, "lamda": 0.04405757727475773}, "datetime": {"datetime": "2021-09-20 09:08:16", "elapsed": 1808.464567, "delta": 14.090351}}
{"target": -3.6529808095551077, "params": {"C": 195.31450969351474, "epsilon": 4.426839691962788, "gamma": 0.11091745389642844, "lamda": 0.05734304320963651}, "datetime": {"datetime": "2021-09-20 09:08:24", "elapsed": 1816.730661, "delta": 8.266094}}
{"target": 0.8939805778525016, "params": {"C": 170.753203468942, "epsilon": 1.5217078692122543, "gamma": 0.12470486249954427, "lamda": 0.06482838184095943}, "datetime": {"datetime": "2021-09-20 09:08:24", "elapsed": 1817.125664, "delta": 0.395003}}
{"target": -2.13631959448962, "params": {"C": 218.60402725364978, "epsilon": 2.276173824381411, "gamma": 0.16648639534264487, "lamda": 0.0852702044990919}, "datetime": {"datetime": "2021-09-20 09:08:38", "elapsed": 1830.979659, "delta": 13.853995}}
{"target": -5.373617719635114, "params": {"C": 201.85482317632534, "epsilon": 3.407360863564616, "gamma": 0.0481890008680381, "lamda": 0.09344969753948684}, "datetime": {"datetime": "2021-09-20 09:08:47", "elapsed": 1839.578661, "delta": 8.599002}}
{"target": 0.8755065259573764, "params": {"C": 197.21485309860248, "epsilon": 3.17159245059789, "gamma": 0.17608529256548847, "lamda": 0.08953835234012557}, "datetime": {"datetime": "2021-09-20 09:08:47", "elapsed": 1839.96266, "delta": 0.383999}}
{"target": 0.8831437710975043, "params": {"C": 267.66861281878846, "epsilon": 2.3391319327515974, "gamma": 0.13296471968484064, "lamda": 0.026369063164525402}, "datetime": {"datetime": "2021-09-20 09:08:48", "elapsed": 1840.32067, "delta": 0.35801}}
{"target": -3.477006282516512, "params": {"C": 214.9472260451472, "epsilon": 4.55562874440919, "gamma": 0.12306840520103227, "lamda": 0.1533551506728332}, "datetime": {"datetime": "2021-09-20 09:09:01", "elapsed": 1854.070663, "delta": 13.749993}}
{"target": 0.875615206706122, "params": {"C": 225.70509121438414, "epsilon": 2.540472561657237, "gamma": 0.16936546883760575, "lamda": 0.01356231906125641}, "datetime": {"datetime": "2021-09-20 09:09:02", "elapsed": 1854.43566, "delta": 0.364997}}
{"target": -4.484825776035268, "params": {"C": 235.99084073245268, "epsilon": 4.719536619621452, "gamma": 0.10598270939360278, "lamda": 0.03889396743976738}, "datetime": {"datetime": "2021-09-20 09:09:11", "elapsed": 1863.403659, "delta": 8.967999}}
{"target": -2.238474686611149, "params": {"C": 277.19090886652145, "epsilon": 1.333031797543679, "gamma": 0.14164157711409492, "lamda": 0.10805264781843958}, "datetime": {"datetime": "2021-09-20 09:09:19", "elapsed": 1872.190663, "delta": 8.787004}}
{"target": 0.8719205803422395, "params": {"C": 292.325443242033, "epsilon": 3.159249841773112, "gamma": 0.16840570259930723, "lamda": 0.001587567306028425}, "datetime": {"datetime": "2021-09-20 09:09:20", "elapsed": 1872.551669, "delta": 0.361006}}
{"target": -4.494040519408365, "params": {"C": 298.40100842499567, "epsilon": 0.48080139462869387, "gamma": 0.06781525515488009, "lamda": 0.1892305329389576}, "datetime": {"datetime": "2021-09-20 09:09:29", "elapsed": 1881.53766, "delta": 8.985991}}
{"target": -2.2740501673763704, "params": {"C": 151.34086535568676, "epsilon": 4.131377026567484, "gamma": 0.1729362694815249, "lamda": 0.0879667230109003}, "datetime": {"datetime": "2021-09-20 09:09:37", "elapsed": 1889.865665, "delta": 8.328005}}
{"target": -4.222699617620514, "params": {"C": 188.36177907088967, "epsilon": 4.033178646203163, "gamma": 0.09818309086428313, "lamda": 0.026868587392530573}, "datetime": {"datetime": "2021-09-20 09:09:46", "elapsed": 1899.024661, "delta": 9.158996}}
{"target": -4.098378657091866, "params": {"C": 289.17734892375165, "epsilon": 4.4902528383325775, "gamma": 0.1008513042533024, "lamda": 0.17134064260106194}, "datetime": {"datetime": "2021-09-20 09:09:55", "elapsed": 1907.66766, "delta": 8.642999}}
{"target": -4.604663634467097, "params": {"C": 212.7867038646148, "epsilon": 3.448978010814876, "gamma": 0.08260817468454489, "lamda": 0.10114889774814463}, "datetime": {"datetime": "2021-09-20 09:10:03", "elapsed": 1915.876657, "delta": 8.208997}}
{"target": -5.998441857373278, "params": {"C": 178.43275542508908, "epsilon": 4.828445728143478, "gamma": 0.062372059207629664, "lamda": 0.020692807763724154}, "datetime": {"datetime": "2021-09-20 09:10:12", "elapsed": 1924.35566, "delta": 8.479003}}
{"target": 0.8875983583469093, "params": {"C": 171.64731003435722, "epsilon": 0.1690522415429705, "gamma": 0.14460941139516695, "lamda": 0.11290009954985458}, "datetime": {"datetime": "2021-09-20 09:10:12", "elapsed": 1924.697661, "delta": 0.342001}}
{"target": -2.2891271086619804, "params": {"C": 269.18675267771283, "epsilon": 2.584691624092269, "gamma": 0.15940510270331001, "lamda": 0.1391531470901536}, "datetime": {"datetime": "2021-09-20 09:10:26", "elapsed": 1938.689666, "delta": 13.992005}}
{"target": 0.8834645174832632, "params": {"C": 266.6772715288763, "epsilon": 2.091766057987723, "gamma": 0.13131527347155883, "lamda": 0.03595967974429719}, "datetime": {"datetime": "2021-09-20 09:10:26", "elapsed": 1939.04966, "delta": 0.359994}}
{"target": -4.402073817399953, "params": {"C": 198.2729945081856, "epsilon": 0.9457626385869833, "gamma": 0.08468425887758617, "lamda": 0.0482845081743718}, "datetime": {"datetime": "2021-09-20 09:10:35", "elapsed": 1948.174657, "delta": 9.124997}}
{"target": -5.542731538182383, "params": {"C": 211.0382991194037, "epsilon": 4.878589477942829, "gamma": 0.0674622685352961, "lamda": 0.1964982065040341}, "datetime": {"datetime": "2021-09-20 09:10:41", "elapsed": 1954.04966, "delta": 5.875003}}
{"target": -2.3276642158496736, "params": {"C": 245.44591887839755, "epsilon": 1.937945990130164, "gamma": 0.17220947732130135, "lamda": 0.12391772828697539}, "datetime": {"datetime": "2021-09-20 09:10:55", "elapsed": 1968.046666, "delta": 13.997006}}
{"target": -4.915102962502815, "params": {"C": 187.80496201962592, "epsilon": 3.9849928220867494, "gamma": 0.0894230092031618, "lamda": 0.07150287595492096}, "datetime": {"datetime": "2021-09-20 09:11:05", "elapsed": 1977.283661, "delta": 9.236995}}
{"target": -5.544794721684044, "params": {"C": 199.54154047876216, "epsilon": 3.5171074905043835, "gamma": 0.05738677416171418, "lamda": 0.16165579446306233}, "datetime": {"datetime": "2021-09-20 09:11:20", "elapsed": 1992.243658, "delta": 14.959997}}
{"target": -3.993128057667457, "params": {"C": 194.29331915997716, "epsilon": 2.766194779568251, "gamma": 0.10014469090201447, "lamda": 0.17107142716266135}, "datetime": {"datetime": "2021-09-20 09:11:36", "elapsed": 2008.35166, "delta": 16.108002}}
{"target": -3.040098732068584, "params": {"C": 283.2579651593079, "epsilon": 1.0034837676020572, "gamma": 0.11914294949295896, "lamda": 0.17964111099838143}, "datetime": {"datetime": "2021-09-20 09:11:45", "elapsed": 2017.248667, "delta": 8.897007}}
{"target": -4.958102732389869, "params": {"C": 216.91758285516445, "epsilon": 4.617154696870696, "gamma": 0.059403223639109326, "lamda": 0.12176662600758496}, "datetime": {"datetime": "2021-09-20 09:11:57", "elapsed": 2030.079664, "delta": 12.830997}}
{"target": -1.430413916979247, "params": {"C": 252.3680564650223, "epsilon": 1.2182080934173722, "gamma": 0.007684664948754776, "lamda": 0.08334537575017685}, "datetime": {"datetime": "2021-09-20 09:12:05", "elapsed": 2037.922909, "delta": 7.843245}}
{"target": 0.8754831972380004, "params": {"C": 290.7722837785101, "epsilon": 1.7808377381689924, "gamma": 0.157050137619107, "lamda": 0.03494808782916866}, "datetime": {"datetime": "2021-09-20 09:12:06", "elapsed": 2038.284903, "delta": 0.361994}}
{"target": 0.883705765854225, "params": {"C": 201.29292544536787, "epsilon": 0.808528832106674, "gamma": 0.14477030875854333, "lamda": 0.13986182543173914}, "datetime": {"datetime": "2021-09-20 09:12:06", "elapsed": 2038.643903, "delta": 0.359}}
{"target": 0.881918335305385, "params": {"C": 253.2745976923378, "epsilon": 1.3416405689828685, "gamma": 0.14001022371656474, "lamda": 0.045460280885649}, "datetime": {"datetime": "2021-09-20 09:12:06", "elapsed": 2039.008202, "delta": 0.364299}}
{"target": -4.45641814959802, "params": {"C": 213.69736738970096, "epsilon": 1.9224183961716677, "gamma": 0.07428504276592383, "lamda": 0.011531903793444034}, "datetime": {"datetime": "2021-09-20 09:12:15", "elapsed": 2047.92999, "delta": 8.921788}}
{"target": -2.696104228945242, "params": {"C": 244.74699402989094, "epsilon": 3.565851353140328, "gamma": 0.12464979542805295, "lamda": 0.12966290291986876}, "datetime": {"datetime": "2021-09-20 09:12:30", "elapsed": 2063.026005, "delta": 15.096015}}
{"target": -2.9584284059458414, "params": {"C": 175.49110713258867, "epsilon": 0.8322893148004262, "gamma": 0.10526413348754717, "lamda": 0.17506666993818146}, "datetime": {"datetime": "2021-09-20 09:12:39", "elapsed": 2072.010004, "delta": 8.983999}}
{"target": -4.110479415492094, "params": {"C": 177.5930162320833, "epsilon": 2.3679116816704737, "gamma": 0.08864180513583109, "lamda": 0.09945833989471735}, "datetime": {"datetime": "2021-09-20 09:12:49", "elapsed": 2081.349008, "delta": 9.339004}}
{"target": -5.481813934851893, "params": {"C": 174.22661557290178, "epsilon": 1.7779591415605718, "gamma": 0.05606667880018644, "lamda": 0.16890554411895256}, "datetime": {"datetime": "2021-09-20 09:13:04", "elapsed": 2097.045009, "delta": 15.696001}}
{"target": 0.8860088966933444, "params": {"C": 270.0498368664603, "epsilon": 2.1905318755139036, "gamma": 0.12336801485386259, "lamda": 0.029093976587633727}, "datetime": {"datetime": "2021-09-20 09:13:05", "elapsed": 2097.42201, "delta": 0.377001}}
{"target": 0.8748965305371399, "params": {"C": 226.4419941326338, "epsilon": 1.5550407203558325, "gamma": 0.1726319359459942, "lamda": 0.13432000458289708}, "datetime": {"datetime": "2021-09-20 09:13:05", "elapsed": 2097.813005, "delta": 0.390995}}
{"target": -3.0151066045204704, "params": {"C": 245.02110189336315, "epsilon": 0.7112813703389782, "gamma": 0.09676463650228272, "lamda": 0.19731456934459674}, "datetime": {"datetime": "2021-09-20 09:13:14", "elapsed": 2106.470003, "delta": 8.656998}}
{"target": -5.698357093366959, "params": {"C": 292.2448761108998, "epsilon": 3.260919637276174, "gamma": 0.034586349851234856, "lamda": 0.1278257306171323}, "datetime": {"datetime": "2021-09-20 09:13:28", "elapsed": 2121.013009, "delta": 14.543006}}
{"target": -4.053383604355863, "params": {"C": 234.84931688158912, "epsilon": 2.3964626045401354, "gamma": 0.08846730654631269, "lamda": 0.11985435186185037}, "datetime": {"datetime": "2021-09-20 09:13:37", "elapsed": 2130.194006, "delta": 9.180997}}
{"target": -2.6250594237071305, "params": {"C": 277.4954832773948, "epsilon": 3.7804930978224935, "gamma": 0.11797530535796046, "lamda": 0.1849409116030241}, "datetime": {"datetime": "2021-09-20 09:13:46", "elapsed": 2138.933006, "delta": 8.739}}
{"target": -3.704098342086457, "params": {"C": 159.71099751623234, "epsilon": 4.957597892785865, "gamma": 0.015333935820257959, "lamda": 0.03989990973216614}, "datetime": {"datetime": "2021-09-20 09:14:00", "elapsed": 2152.946009, "delta": 14.013003}}
{"target": 0.8914972547217705, "params": {"C": 213.41289924668413, "epsilon": 0.6267934933073217, "gamma": 0.12661573014455185, "lamda": 0.009599464817209413}, "datetime": {"datetime": "2021-09-20 09:14:01", "elapsed": 2153.341006, "delta": 0.394997}}
{"target": 0.8862302351614654, "params": {"C": 192.6935821510413, "epsilon": 0.39907973748638836, "gamma": 0.14218626956549082, "lamda": 0.13369156506172883}, "datetime": {"datetime": "2021-09-20 09:14:01", "elapsed": 2153.707006, "delta": 0.366}}
{"target": 0.88150640622951, "params": {"C": 206.78708898759032, "epsilon": 1.022151874146124, "gamma": 0.1506659416608393, "lamda": 0.06807651777380269}, "datetime": {"datetime": "2021-09-20 09:14:01", "elapsed": 2154.060008, "delta": 0.353002}}
{"target": 0.8938415372256739, "params": {"C": 269.29517511084646, "epsilon": 2.4907146019801396, "gamma": 0.10750554164844099, "lamda": 0.005699141407463952}, "datetime": {"datetime": "2021-09-20 09:14:02", "elapsed": 2154.517005, "delta": 0.456997}}
{"target": -6.195677234824466, "params": {"C": 246.63480298185476, "epsilon": 1.8182168619176204, "gamma": 0.04969498032195281, "lamda": 0.0867772413589639}, "datetime": {"datetime": "2021-09-20 09:14:16", "elapsed": 2168.370005, "delta": 13.853}}
{"target": -1.8930087956486923, "params": {"C": 207.37011859063765, "epsilon": 2.4019662964231654, "gamma": 0.19599925406506225, "lamda": 0.07287624969557573}, "datetime": {"datetime": "2021-09-20 09:14:31", "elapsed": 2183.404006, "delta": 15.034001}}
{"target": 0.8705576064394184, "params": {"C": 266.1615200004059, "epsilon": 2.8085612230944736, "gamma": 0.17838056237595917, "lamda": 0.07099121527706326}, "datetime": {"datetime": "2021-09-20 09:14:31", "elapsed": 2183.76201, "delta": 0.358004}}
{"target": -3.071813855890201, "params": {"C": 186.82780202797613, "epsilon": 4.563994274319144, "gamma": 0.013489181432764247, "lamda": 0.1901507348587724}, "datetime": {"datetime": "2021-09-20 09:14:40", "elapsed": 2192.458006, "delta": 8.695996}}
{"target": 0.8660848386851926, "params": {"C": 233.46103735063878, "epsilon": 1.944179761766729, "gamma": 0.1990352028561267, "lamda": 0.011673470866880182}, "datetime": {"datetime": "2021-09-20 09:14:40", "elapsed": 2192.801007, "delta": 0.343001}}
{"target": 0.8958594376734301, "params": {"C": 227.50595396514183, "epsilon": 0.2523756697321845, "gamma": 0.11637926914131552, "lamda": 0.03609452133051412}, "datetime": {"datetime": "2021-09-20 09:14:40", "elapsed": 2193.163004, "delta": 0.361997}}
{"target": -2.1551515797213185, "params": {"C": 244.64388005092957, "epsilon": 4.906526011177849, "gamma": 0.17560599748641428, "lamda": 0.09036779804792472}, "datetime": {"datetime": "2021-09-20 09:14:49", "elapsed": 2201.687005, "delta": 8.524001}}
{"target": -4.154688472366817, "params": {"C": 256.2691305077576, "epsilon": 3.9095968750156276, "gamma": 0.10149440141559991, "lamda": 0.10570716950202286}, "datetime": {"datetime": "2021-09-20 09:14:59", "elapsed": 2211.415009, "delta": 9.728004}}
{"target": -5.375308497339778, "params": {"C": 172.6176597558289, "epsilon": 1.910059635498341, "gamma": 0.032733144349193395, "lamda": 0.14537902377515918}, "datetime": {"datetime": "2021-09-20 09:15:14", "elapsed": 2227.039192, "delta": 15.624183}}
{"target": -2.2983869280623406, "params": {"C": 221.55194916033946, "epsilon": 2.2995062998631512, "gamma": 0.1777696043772435, "lamda": 0.10552422684353997}, "datetime": {"datetime": "2021-09-20 09:15:22", "elapsed": 2235.180368, "delta": 8.141176}}
{"target": -4.181145100711851, "params": {"C": 211.36362478752898, "epsilon": 1.4175709088419648, "gamma": 0.01904234685810514, "lamda": 0.08362780860892943}, "datetime": {"datetime": "2021-09-20 09:15:38", "elapsed": 2250.954505, "delta": 15.774137}}
{"target": -3.5289322025922143, "params": {"C": 153.86302236098751, "epsilon": 1.5266543087068976, "gamma": 0.10318435442043732, "lamda": 0.19318664707087946}, "datetime": {"datetime": "2021-09-20 09:15:47", "elapsed": 2259.548141, "delta": 8.593636}}
{"target": -3.6112156813537473, "params": {"C": 166.4074371290377, "epsilon": 3.397901165661448, "gamma": 0.102486812364344, "lamda": 0.15541986875692734}, "datetime": {"datetime": "2021-09-20 09:15:55", "elapsed": 2268.010737, "delta": 8.462596}}
{"target": -4.251568123633026, "params": {"C": 171.5410496811314, "epsilon": 0.5076929185357902, "gamma": 0.0828476280437285, "lamda": 0.15939265343372805}, "datetime": {"datetime": "2021-09-20 09:16:05", "elapsed": 2277.473539, "delta": 9.462802}}
{"target": -6.091665840585781, "params": {"C": 178.7513608364835, "epsilon": 3.8621082415216432, "gamma": 0.0616081094270643, "lamda": 0.04337908063087146}, "datetime": {"datetime": "2021-09-20 09:16:13", "elapsed": 2285.776108, "delta": 8.302569}}
{"target": -4.570008546914367, "params": {"C": 152.50733836155098, "epsilon": 2.053429393619656, "gamma": 0.07931089080222321, "lamda": 0.13186932789413675}, "datetime": {"datetime": "2021-09-20 09:16:21", "elapsed": 2294.101145, "delta": 8.325037}}
{"target": 0.8447967442670161, "params": {"C": 160.63776007055807, "epsilon": 0.8477595365071321, "gamma": 0.008232297165682158, "lamda": 0.02276015749312492}, "datetime": {"datetime": "2021-09-20 09:16:22", "elapsed": 2294.480501, "delta": 0.379356}}
{"target": -5.457788848230527, "params": {"C": 247.76839140151355, "epsilon": 2.073018575657104, "gamma": 0.0676001312626266, "lamda": 0.11158284093676026}, "datetime": {"datetime": "2021-09-20 09:16:36", "elapsed": 2308.475031, "delta": 13.99453}}
{"target": -2.8087161283008792, "params": {"C": 299.0190694649775, "epsilon": 4.188983918688345, "gamma": 0.14142652056791888, "lamda": 0.18365179956782246}, "datetime": {"datetime": "2021-09-20 09:16:44", "elapsed": 2317.13303, "delta": 8.657999}}
{"target": -2.7337361757832097, "params": {"C": 155.9593060024627, "epsilon": 0.44463386391607373, "gamma": 0.09743122654767065, "lamda": 0.0698341334240025}, "datetime": {"datetime": "2021-09-20 09:16:54", "elapsed": 2326.40302, "delta": 9.26999}}
{"target": -3.5293444030225203, "params": {"C": 290.5878093192673, "epsilon": 2.498868309611326, "gamma": 0.11023157646820338, "lamda": 0.17905217788587843}, "datetime": {"datetime": "2021-09-20 09:17:03", "elapsed": 2335.325031, "delta": 8.922011}}
{"target": -5.033994434454765, "params": {"C": 216.99525687355356, "epsilon": 4.397468507424724, "gamma": 0.05444844112746753, "lamda": 0.05476266702191756}, "datetime": {"datetime": "2021-09-20 09:17:11", "elapsed": 2343.84403, "delta": 8.518999}}
{"target": -5.249277677020375, "params": {"C": 199.2542085131385, "epsilon": 2.783064925356672, "gamma": 0.04792509143526134, "lamda": 0.13428616278708358}, "datetime": {"datetime": "2021-09-20 09:17:26", "elapsed": 2358.640026, "delta": 14.795996}}
{"target": 0.8769513243423946, "params": {"C": 171.41899242045005, "epsilon": 0.5610913450482332, "gamma": 0.17468739051004864, "lamda": 0.04737450384269615}, "datetime": {"datetime": "2021-09-20 09:17:26", "elapsed": 2358.991023, "delta": 0.350997}}
{"target": 0.8955635667877504, "params": {"C": 207.90060165338934, "epsilon": 2.9005562543541283, "gamma": 0.10753138414053666, "lamda": 0.01520569986454193}, "datetime": {"datetime": "2021-09-20 09:17:27", "elapsed": 2359.350024, "delta": 0.359001}}
