{"target": -4.870702458746504, "params": {"C": 233.38503166898633, "epsilon": 2.730164777518074, "gamma": 0.08116904725369664, "lamda": 0.1392543203501375}, "datetime": {"datetime": "2021-09-20 09:30:38", "elapsed": 3150.966338, "delta": 8.501908}}
{"target": -3.281907339959184, "params": {"C": 251.7723680996886, "epsilon": 3.4677854319345105, "gamma": 0.11449079546587798, "lamda": 0.07161662472267316}, "datetime": {"datetime": "2021-09-20 09:30:47", "elapsed": 3159.265928, "delta": 8.29959}}
{"target": -3.2631297668646964, "params": {"C": 241.96685030505182, "epsilon": 4.685107706380179, "gamma": 0.12139326236446477, "lamda": 0.1959180552817107}, "datetime": {"datetime": "2021-09-20 09:30:55", "elapsed": 3167.836301, "delta": 8.570373}}
{"target": -2.7172708057655766, "params": {"C": 216.15099306133067, "epsilon": 3.724098616286979, "gamma": 0.012332756336672026, "lamda": 0.15294556307345822}, "datetime": {"datetime": "2021-09-20 09:31:09", "elapsed": 3182.048096, "delta": 14.211795}}
{"target": -5.404677787502803, "params": {"C": 227.74223704902187, "epsilon": 0.12605101150940587, "gamma": 0.059054020432606706, "lamda": 0.10696691167172978}, "datetime": {"datetime": "2021-09-20 09:31:18", "elapsed": 3191.030755, "delta": 8.982659}}
{"target": -3.373667417891844, "params": {"C": 265.19443174219674, "epsilon": 0.36015371771737303, "gamma": 0.11206542155085135, "lamda": 0.1601991101651154}, "datetime": {"datetime": "2021-09-20 09:31:27", "elapsed": 3199.822941, "delta": 8.792186}}
{"target": -4.208384526558865, "params": {"C": 247.4374582317718, "epsilon": 4.664090373465262, "gamma": 0.019572631777878425, "lamda": 0.055362015713654726}, "datetime": {"datetime": "2021-09-20 09:31:35", "elapsed": 3208.142692, "delta": 8.319751}}
{"target": -3.442599098239202, "params": {"C": 287.88562563842584, "epsilon": 3.8485252266609007, "gamma": 0.12194936717205924, "lamda": 0.16659379579927025}, "datetime": {"datetime": "2021-09-20 09:31:44", "elapsed": 3216.715082, "delta": 8.57239}}
{"target": 0.8647003915188061, "params": {"C": 284.4065237362503, "epsilon": 4.866329728978842, "gamma": 0.19971149888251216, "lamda": 0.027930727087487017}, "datetime": {"datetime": "2021-09-20 09:31:44", "elapsed": 3217.075083, "delta": 0.360001}}
{"target": -1.2547795790146434, "params": {"C": 160.58130671155487, "epsilon": 0.4599866063646044, "gamma": 0.007875039225489652, "lamda": 0.19436404277551225}, "datetime": {"datetime": "2021-09-20 09:31:53", "elapsed": 3226.069082, "delta": 8.993999}}
{"target": -2.622019868424635, "params": {"C": 164.21503746858437, "epsilon": 4.224510448310664, "gamma": 0.13860873439700144, "lamda": 0.09751194593941614}, "datetime": {"datetime": "2021-09-20 09:32:09", "elapsed": 3241.222083, "delta": 15.153001}}
{"target": -5.253426642050414, "params": {"C": 202.00423220378673, "epsilon": 1.832874156628325, "gamma": 0.05449858205770151, "lamda": 0.1822036837217516}, "datetime": {"datetime": "2021-09-20 09:32:22", "elapsed": 3254.703087, "delta": 13.481004}}
{"target": -4.553233127404668, "params": {"C": 258.8463818242303, "epsilon": 0.2270363846429224, "gamma": 0.09499664438318735, "lamda": 0.05626097320608974}, "datetime": {"datetime": "2021-09-20 09:32:31", "elapsed": 3263.542088, "delta": 8.839001}}
{"target": -2.40276854041085, "params": {"C": 154.34492792668476, "epsilon": 4.434941282115543, "gamma": 0.15534604480116304, "lamda": 0.06594768611377294}, "datetime": {"datetime": "2021-09-20 09:32:40", "elapsed": 3272.644095, "delta": 9.102007}}
{"target": -5.895628726138127, "params": {"C": 269.48378813050664, "epsilon": 1.6907277787946835, "gamma": 0.06503707654444112, "lamda": 0.18562188759106676}, "datetime": {"datetime": "2021-09-20 09:32:48", "elapsed": 3280.850087, "delta": 8.205992}}
{"target": -1.9912571765012426, "params": {"C": 296.5374242918775, "epsilon": 2.6654209931127752, "gamma": 0.19062735767574537, "lamda": 0.177599410788799}, "datetime": {"datetime": "2021-09-20 09:33:01", "elapsed": 3294.216083, "delta": 13.365996}}
{"target": -2.324894389704928, "params": {"C": 227.7048842391613, "epsilon": 1.9264691302776797, "gamma": 0.14351914277232383, "lamda": 0.09112922928498617}, "datetime": {"datetime": "2021-09-20 09:33:17", "elapsed": 3309.900082, "delta": 15.683999}}
{"target": -1.9176291446640743, "params": {"C": 240.78193426848193, "epsilon": 4.952990364760739, "gamma": 0.15591366874151136, "lamda": 0.06685594672236027}, "datetime": {"datetime": "2021-09-20 09:33:26", "elapsed": 3318.882082, "delta": 8.982}}
{"target": -2.8948532241340206, "params": {"C": 163.34973312335669, "epsilon": 1.006037392364201, "gamma": 0.10773611579890771, "lamda": 0.0834210665189535}, "datetime": {"datetime": "2021-09-20 09:33:35", "elapsed": 3327.670954, "delta": 8.788872}}
{"target": -6.343956214345455, "params": {"C": 270.09894871938593, "epsilon": 4.67269145711474, "gamma": 0.039683625850512966, "lamda": 0.17201349410847236}, "datetime": {"datetime": "2021-09-20 09:33:48", "elapsed": 3340.973253, "delta": 13.302299}}
{"target": -2.999842257005338, "params": {"C": 293.6092389490003, "epsilon": 4.8014059735639325, "gamma": 0.012383204605483946, "lamda": 0.011517643538129134}, "datetime": {"datetime": "2021-09-20 09:34:01", "elapsed": 3353.880369, "delta": 12.907116}}
{"target": -3.2511444711175566, "params": {"C": 150.86960893765334, "epsilon": 1.6321376651618347, "gamma": 0.015861190478860403, "lamda": 0.05877320323162337}, "datetime": {"datetime": "2021-09-20 09:34:14", "elapsed": 3366.986331, "delta": 13.105962}}
{"target": -4.293632477821704, "params": {"C": 203.40247290467798, "epsilon": 4.773017390522217, "gamma": 0.09800542988492171, "lamda": 0.05564841024582365}, "datetime": {"datetime": "2021-09-20 09:34:24", "elapsed": 3376.304866, "delta": 9.318535}}
{"target": -5.131852428933726, "params": {"C": 225.4507792576432, "epsilon": 3.2524538307807647, "gamma": 0.02669290615064983, "lamda": 0.15161257356496358}, "datetime": {"datetime": "2021-09-20 09:34:38", "elapsed": 3391.034378, "delta": 14.729512}}
{"target": -1.8018914357490732, "params": {"C": 277.79186569309434, "epsilon": 4.2368243118901985, "gamma": 0.17864883232035747, "lamda": 0.07636909750875548}, "datetime": {"datetime": "2021-09-20 09:34:47", "elapsed": 3399.800375, "delta": 8.765997}}
{"target": -5.0758676780398275, "params": {"C": 216.57077975497776, "epsilon": 0.5977492321362143, "gamma": 0.04903234987409085, "lamda": 0.19426412253417294}, "datetime": {"datetime": "2021-09-20 09:34:56", "elapsed": 3408.757374, "delta": 8.956999}}
{"target": -2.2991012040780805, "params": {"C": 192.6935953453103, "epsilon": 4.546241096980887, "gamma": 0.17865769584377067, "lamda": 0.18450097694758144}, "datetime": {"datetime": "2021-09-20 09:35:10", "elapsed": 3422.922376, "delta": 14.165002}}
{"target": -3.066352688852601, "params": {"C": 173.42243466611922, "epsilon": 4.4106385031567665, "gamma": 0.12823901534031173, "lamda": 0.04212642505558207}, "datetime": {"datetime": "2021-09-20 09:35:24", "elapsed": 3437.170375, "delta": 14.247999}}
{"target": -3.542601291885174, "params": {"C": 201.76738721701219, "epsilon": 0.8836020640874878, "gamma": 0.09164789070199482, "lamda": 0.01675590699413826}, "datetime": {"datetime": "2021-09-20 09:35:34", "elapsed": 3446.613375, "delta": 9.443}}
{"target": 0.8882530496025962, "params": {"C": 174.79777357203596, "epsilon": 1.0662620976866797, "gamma": 0.13975033160355732, "lamda": 0.11476100003020143}, "datetime": {"datetime": "2021-09-20 09:35:34", "elapsed": 3447.050375, "delta": 0.437}}
{"target": 0.8843037290345183, "params": {"C": 280.9984701055098, "epsilon": 1.2987069220241199, "gamma": 0.12777355156018805, "lamda": 0.006887218630153817}, "datetime": {"datetime": "2021-09-20 09:35:35", "elapsed": 3447.485375, "delta": 0.435}}
{"target": 0.86553805393803, "params": {"C": 227.42976916156036, "epsilon": 4.329809760397863, "gamma": 0.1969046760575588, "lamda": 0.0019755851988083437}, "datetime": {"datetime": "2021-09-20 09:35:35", "elapsed": 3447.826379, "delta": 0.341004}}
{"target": 0.8541453625719624, "params": {"C": 187.92622231152228, "epsilon": 1.1968633846048744, "gamma": 0.014269830874413296, "lamda": 0.002035481079898869}, "datetime": {"datetime": "2021-09-20 09:35:35", "elapsed": 3448.202381, "delta": 0.376002}}
{"target": -4.876545646797721, "params": {"C": 223.52929683663476, "epsilon": 0.322862513784441, "gamma": 0.05927398551514589, "lamda": 0.12799527384721335}, "datetime": {"datetime": "2021-09-20 09:35:44", "elapsed": 3457.149374, "delta": 8.946993}}
{"target": 0.8947707094841438, "params": {"C": 194.20380623413564, "epsilon": 1.4213080356793522, "gamma": 0.12015657183749559, "lamda": 0.07610743490785081}, "datetime": {"datetime": "2021-09-20 09:35:45", "elapsed": 3457.511376, "delta": 0.362002}}
{"target": -3.1291301897327175, "params": {"C": 255.37845509421015, "epsilon": 2.5310073611243196, "gamma": 0.12847580683226312, "lamda": 0.07067951600597888}, "datetime": {"datetime": "2021-09-20 09:35:58", "elapsed": 3470.684951, "delta": 13.173575}}
{"target": 0.8724314323389615, "params": {"C": 193.0565919233263, "epsilon": 0.7527148573803996, "gamma": 0.18773067503579804, "lamda": 0.1609673643673129}, "datetime": {"datetime": "2021-09-20 09:35:58", "elapsed": 3471.044198, "delta": 0.359247}}
{"target": 0.8677046742704355, "params": {"C": 290.70428147345285, "epsilon": 1.0083645707742315, "gamma": 0.186965373750529, "lamda": 0.18715070578521895}, "datetime": {"datetime": "2021-09-20 09:35:59", "elapsed": 3471.405257, "delta": 0.361059}}
{"target": 0.8966453544276226, "params": {"C": 192.53167704054817, "epsilon": 1.4457078172769287, "gamma": 0.11252915686630764, "lamda": 0.0370586625844711}, "datetime": {"datetime": "2021-09-20 09:35:59", "elapsed": 3471.761253, "delta": 0.355996}}
{"target": 0.8705922124680852, "params": {"C": 216.31516659401487, "epsilon": 1.0080564650946537, "gamma": 0.18973830400102207, "lamda": 0.09876543767355964}, "datetime": {"datetime": "2021-09-20 09:35:59", "elapsed": 3472.090256, "delta": 0.329003}}
{"target": -3.837129468584049, "params": {"C": 294.58766511359966, "epsilon": 3.260214195309838, "gamma": 0.0994415757413152, "lamda": 0.19353908149699356}, "datetime": {"datetime": "2021-09-20 09:36:08", "elapsed": 3480.354039, "delta": 8.263783}}
{"target": -3.065494638359942, "params": {"C": 171.47846725631442, "epsilon": 3.1984163858658334, "gamma": 0.13406823172817553, "lamda": 0.08676853159071804}, "datetime": {"datetime": "2021-09-20 09:36:22", "elapsed": 3495.073276, "delta": 14.719237}}
{"target": -4.069203708497902, "params": {"C": 158.90358380084362, "epsilon": 2.514340745713563, "gamma": 0.09570111898602511, "lamda": 0.16134955540816195}, "datetime": {"datetime": "2021-09-20 09:36:31", "elapsed": 3504.130271, "delta": 9.056995}}
{"target": -5.559619075310127, "params": {"C": 188.49914849294643, "epsilon": 2.0180087786229164, "gamma": 0.05183358040816856, "lamda": 0.13728899659105764}, "datetime": {"datetime": "2021-09-20 09:36:46", "elapsed": 3518.806275, "delta": 14.676004}}
{"target": 0.8734314999650898, "params": {"C": 298.4825180005673, "epsilon": 0.9694047306544834, "gamma": 0.16518211434412797, "lamda": 0.046198480867767386}, "datetime": {"datetime": "2021-09-20 09:36:46", "elapsed": 3519.164274, "delta": 0.357999}}
{"target": 0.8739450252522941, "params": {"C": 158.69637200591507, "epsilon": 0.7802009384238008, "gamma": 0.1873548575307658, "lamda": 0.17770853212914225}, "datetime": {"datetime": "2021-09-20 09:36:47", "elapsed": 3519.545271, "delta": 0.380997}}
{"target": -2.14071316358533, "params": {"C": 193.3890743224365, "epsilon": 4.744043923897874, "gamma": 0.1707364543701267, "lamda": 0.08693152415954064}, "datetime": {"datetime": "2021-09-20 09:36:59", "elapsed": 3532.034271, "delta": 12.489}}
{"target": 0.8766048590057308, "params": {"C": 220.20743322997092, "epsilon": 3.1862798057587716, "gamma": 0.03581620781794347, "lamda": 0.0029574025663318413}, "datetime": {"datetime": "2021-09-20 09:37:00", "elapsed": 3532.417272, "delta": 0.383001}}
{"target": 0.8895203515866182, "params": {"C": 189.82680262085788, "epsilon": 0.17567379651952833, "gamma": 0.13652727461164021, "lamda": 0.1102942156937195}, "datetime": {"datetime": "2021-09-20 09:37:00", "elapsed": 3532.774275, "delta": 0.357003}}
{"target": -5.89636894927316, "params": {"C": 198.24722184041664, "epsilon": 3.9229914518868174, "gamma": 0.03342815908688152, "lamda": 0.04897688287173796}, "datetime": {"datetime": "2021-09-20 09:37:15", "elapsed": 3547.512274, "delta": 14.737999}}
{"target": -3.598623004222998, "params": {"C": 193.84706430589256, "epsilon": 1.0600665378450616, "gamma": 0.02214804333526765, "lamda": 0.17399536607814123}, "datetime": {"datetime": "2021-09-20 09:37:23", "elapsed": 3555.657269, "delta": 8.144995}}
{"target": 0.8566216619433307, "params": {"C": 163.2282968357265, "epsilon": 3.450180645526026, "gamma": 0.028478170987256062, "lamda": 0.0021407899298316875}, "datetime": {"datetime": "2021-09-20 09:37:23", "elapsed": 3556.10327, "delta": 0.446001}}
{"target": 0.8736155210324901, "params": {"C": 233.59023451123707, "epsilon": 4.544834370579816, "gamma": 0.17278905013069262, "lamda": 0.06769093837226589}, "datetime": {"datetime": "2021-09-20 09:37:24", "elapsed": 3556.462274, "delta": 0.359004}}
{"target": -2.278085277131002, "params": {"C": 154.07382439887934, "epsilon": 4.024210840137163, "gamma": 0.16216706179648488, "lamda": 0.17369775477243812}, "datetime": {"datetime": "2021-09-20 09:37:38", "elapsed": 3570.614568, "delta": 14.152294}}
{"target": -1.6601403321967578, "params": {"C": 250.44698998132998, "epsilon": 4.058116425343875, "gamma": 0.18001216504904996, "lamda": 0.09076653626805198}, "datetime": {"datetime": "2021-09-20 09:37:47", "elapsed": 3579.227033, "delta": 8.612465}}
{"target": -2.7979477594700333, "params": {"C": 233.6737955572366, "epsilon": 2.5800425312583504, "gamma": 0.13993686138222267, "lamda": 0.13658169061910735}, "datetime": {"datetime": "2021-09-20 09:38:01", "elapsed": 3593.498983, "delta": 14.27195}}
{"target": -3.7819533547304314, "params": {"C": 228.0470453794975, "epsilon": 4.1594939256188095, "gamma": 0.10362698042402396, "lamda": 0.164971887618484}, "datetime": {"datetime": "2021-09-20 09:38:11", "elapsed": 3603.904506, "delta": 10.405523}}
{"target": 0.8706139200139903, "params": {"C": 192.27676322148645, "epsilon": 0.9746246815896925, "gamma": 0.19412476121721925, "lamda": 0.1483881631516899}, "datetime": {"datetime": "2021-09-20 09:38:12", "elapsed": 3604.303524, "delta": 0.399018}}
{"target": 0.8715070613283602, "params": {"C": 188.96875399566218, "epsilon": 2.9480531772267415, "gamma": 0.19127613943994645, "lamda": 0.01615170080850795}, "datetime": {"datetime": "2021-09-20 09:38:12", "elapsed": 3604.666523, "delta": 0.362999}}
{"target": -5.5609079329582665, "params": {"C": 162.53013105926115, "epsilon": 3.133760673957546, "gamma": 0.04877622837301175, "lamda": 0.1530370261627449}, "datetime": {"datetime": "2021-09-20 09:38:26", "elapsed": 3618.307336, "delta": 13.640813}}
{"target": -4.95280698416522, "params": {"C": 235.22288144236575, "epsilon": 3.364321642095127, "gamma": 0.02602371065494552, "lamda": 0.016857526004259923}, "datetime": {"datetime": "2021-09-20 09:38:41", "elapsed": 3633.266334, "delta": 14.958998}}
{"target": -4.485578964760449, "params": {"C": 243.76816024582345, "epsilon": 2.1076831795567004, "gamma": 0.022014242155036452, "lamda": 0.07421341793929281}, "datetime": {"datetime": "2021-09-20 09:38:54", "elapsed": 3646.833336, "delta": 13.567002}}
{"target": 0.8715982674780571, "params": {"C": 250.8216614485273, "epsilon": 1.02897826093877, "gamma": 0.17966717616309733, "lamda": 0.1899693279296286}, "datetime": {"datetime": "2021-09-20 09:38:54", "elapsed": 3647.192338, "delta": 0.359002}}
{"target": -4.720940007717546, "params": {"C": 294.23588136518003, "epsilon": 3.6774045329272753, "gamma": 0.08422624339922145, "lamda": 0.1487500955210476}, "datetime": {"datetime": "2021-09-20 09:39:04", "elapsed": 3656.305333, "delta": 9.112995}}
{"target": -3.163072098443555, "params": {"C": 193.19803189121274, "epsilon": 1.6406443897146565, "gamma": 0.12314979043748231, "lamda": 0.11896983183445012}, "datetime": {"datetime": "2021-09-20 09:39:18", "elapsed": 3670.246338, "delta": 13.941005}}
{"target": -2.0479060609645585, "params": {"C": 281.79914644737164, "epsilon": 1.347543702736827, "gamma": 0.15440673121455026, "lamda": 0.18820271235051345}, "datetime": {"datetime": "2021-09-20 09:39:27", "elapsed": 3679.276365, "delta": 9.030027}}
{"target": -2.586870633185154, "params": {"C": 150.1549398986602, "epsilon": 2.432836678210314, "gamma": 0.13312286415982222, "lamda": 0.16866479946069057}, "datetime": {"datetime": "2021-09-20 09:39:35", "elapsed": 3687.669065, "delta": 8.3927}}
{"target": -4.339473937320664, "params": {"C": 177.56091178140025, "epsilon": 4.2951802661381215, "gamma": 0.07605126857212045, "lamda": 0.17845489358130523}, "datetime": {"datetime": "2021-09-20 09:39:49", "elapsed": 3702.142357, "delta": 14.473292}}
{"target": 0.8718281865657364, "params": {"C": 154.15676101835476, "epsilon": 0.518411681703536, "gamma": 0.19637504082205195, "lamda": 0.12190077565277356}, "datetime": {"datetime": "2021-09-20 09:39:50", "elapsed": 3702.508979, "delta": 0.366622}}
{"target": 0.8885674606970551, "params": {"C": 212.64485202212748, "epsilon": 0.9291495049990837, "gamma": 0.13173072485248954, "lamda": 0.007395976696803206}, "datetime": {"datetime": "2021-09-20 09:39:50", "elapsed": 3702.87082, "delta": 0.361841}}
{"target": -3.4624606384346466, "params": {"C": 196.7420870191057, "epsilon": 1.6850480652464694, "gamma": 0.12345116923533796, "lamda": 0.13016660050388273}, "datetime": {"datetime": "2021-09-20 09:40:03", "elapsed": 3715.648319, "delta": 12.777499}}
{"target": -2.9142092613290873, "params": {"C": 276.9081898854704, "epsilon": 4.645146618727963, "gamma": 0.13378925688416443, "lamda": 0.11563520550778923}, "datetime": {"datetime": "2021-09-20 09:40:12", "elapsed": 3724.838831, "delta": 9.190512}}
{"target": -5.59427222588985, "params": {"C": 209.80733154435126, "epsilon": 4.836401213946496, "gamma": 0.0350454385073097, "lamda": 0.17901746664292104}, "datetime": {"datetime": "2021-09-20 09:40:28", "elapsed": 3740.283762, "delta": 15.444931}}
{"target": -2.708150454250915, "params": {"C": 196.6519601827262, "epsilon": 2.7875965393639097, "gamma": 0.1380029203943989, "lamda": 0.047294693795579754}, "datetime": {"datetime": "2021-09-20 09:40:37", "elapsed": 3749.237769, "delta": 8.954007}}
{"target": -2.581775767950003, "params": {"C": 175.16050275754074, "epsilon": 2.5915618658051187, "gamma": 0.15941345573901097, "lamda": 0.13848320001895295}, "datetime": {"datetime": "2021-09-20 09:40:51", "elapsed": 3764.161184, "delta": 14.923415}}
{"target": -3.536227533242397, "params": {"C": 167.84600057595222, "epsilon": 4.513636853851492, "gamma": 0.09854882557458525, "lamda": 0.18933538917125028}, "datetime": {"datetime": "2021-09-20 09:41:04", "elapsed": 3776.730629, "delta": 12.569445}}
{"target": -4.594507343814845, "params": {"C": 233.01505593723985, "epsilon": 0.5155289261357292, "gamma": 0.04448029195653444, "lamda": 0.17084774034530364}, "datetime": {"datetime": "2021-09-20 09:41:13", "elapsed": 3785.964062, "delta": 9.233433}}
{"target": -5.5543673616191045, "params": {"C": 255.88910501470787, "epsilon": 4.485203648749328, "gamma": 0.06918347034988846, "lamda": 0.10560075132612859}, "datetime": {"datetime": "2021-09-20 09:41:21", "elapsed": 3794.205051, "delta": 8.240989}}
{"target": -5.202939516096338, "params": {"C": 247.55971987261796, "epsilon": 3.0120251825746562, "gamma": 0.05013527242917832, "lamda": 0.08536484306829767}, "datetime": {"datetime": "2021-09-20 09:41:37", "elapsed": 3809.22601, "delta": 15.020959}}
{"target": 0.8690820829941879, "params": {"C": 187.21671960902623, "epsilon": 4.2435133149326125, "gamma": 0.19740210176877612, "lamda": 0.013315094055672725}, "datetime": {"datetime": "2021-09-20 09:41:37", "elapsed": 3809.572293, "delta": 0.346283}}
{"target": -2.347755058991389, "params": {"C": 257.0892048400442, "epsilon": 1.7175662057754641, "gamma": 0.1269598987707294, "lamda": 0.05162667172672492}, "datetime": {"datetime": "2021-09-20 09:41:46", "elapsed": 3819.084971, "delta": 9.512678}}
{"target": -4.789340210075159, "params": {"C": 247.65114139627428, "epsilon": 1.918621203867375, "gamma": 0.062490071509707916, "lamda": 0.18235272297638608}, "datetime": {"datetime": "2021-09-20 09:42:00", "elapsed": 3832.948505, "delta": 13.863534}}
{"target": -5.29974711296555, "params": {"C": 291.37483113393114, "epsilon": 3.106395130144664, "gamma": 0.04682121726198506, "lamda": 0.18788383476236098}, "datetime": {"datetime": "2021-09-20 09:42:13", "elapsed": 3845.48071, "delta": 12.532205}}
{"target": -6.25970942084441, "params": {"C": 262.5680320084986, "epsilon": 3.78034005588175, "gamma": 0.04628566029545481, "lamda": 0.16603147507593372}, "datetime": {"datetime": "2021-09-20 09:42:28", "elapsed": 3861.065315, "delta": 15.584605}}
{"target": -2.6641709438420933, "params": {"C": 186.0142731241815, "epsilon": 3.1949416517257854, "gamma": 0.14359421613041934, "lamda": 0.14847694355799065}, "datetime": {"datetime": "2021-09-20 09:42:42", "elapsed": 3874.592309, "delta": 13.526994}}
{"target": -2.237511494607281, "params": {"C": 208.53970568993714, "epsilon": 3.8231444439088778, "gamma": 0.18107250091373345, "lamda": 0.11748441642749616}, "datetime": {"datetime": "2021-09-20 09:42:52", "elapsed": 3884.708805, "delta": 10.116496}}
{"target": -3.9474360643939566, "params": {"C": 163.56145735421978, "epsilon": 0.7319823222971528, "gamma": 0.025526192699243447, "lamda": 0.034546319937112685}, "datetime": {"datetime": "2021-09-20 09:43:00", "elapsed": 3893.096894, "delta": 8.388089}}
