{"target": -1.2840997859612329, "params": {"C": 123.50428608376706, "epsilon": 3.027539406938323, "gamma": 0.0061606394923879315, "lamda": 0.037411165884642876}, "datetime": {"datetime": "2021-09-19 19:04:28", "elapsed": 729.913147, "delta": 15.450999}}
{"target": -2.0405394876431773, "params": {"C": 120.36978855495505, "epsilon": 3.85342652077595, "gamma": 0.0095161064254695, "lamda": 0.10503662542665139}, "datetime": {"datetime": "2021-09-19 19:04:42", "elapsed": 743.97815, "delta": 14.065003}}
{"target": -5.129590561066466, "params": {"C": 127.00862121259945, "epsilon": 2.637970978711778, "gamma": 0.06377306410294555, "lamda": 0.19979000817136602}, "datetime": {"datetime": "2021-09-19 19:04:56", "elapsed": 758.350147, "delta": 14.371997}}
{"target": -6.054608713875547, "params": {"C": 133.40871600495103, "epsilon": 7.927290313164038, "gamma": 0.03921481726919636, "lamda": 0.021796390482963713}, "datetime": {"datetime": "2021-09-19 19:05:10", "elapsed": 772.526144, "delta": 14.175997}}
{"target": -5.979860157145587, "params": {"C": 135.36568030761683, "epsilon": 3.4926325778313214, "gamma": 0.0463163905233303, "lamda": 0.06402367115836287}, "datetime": {"datetime": "2021-09-19 19:05:24", "elapsed": 786.663145, "delta": 14.137001}}
{"target": -6.452959777644608, "params": {"C": 131.09925561079564, "epsilon": 6.375763263025007, "gamma": 0.03853425558242056, "lamda": 0.11883342883286327}, "datetime": {"datetime": "2021-09-19 19:05:39", "elapsed": 801.841145, "delta": 15.178}}
{"target": -5.044462980005814, "params": {"C": 126.85363109892157, "epsilon": 4.16621518322176, "gamma": 0.06771371758537988, "lamda": 0.16464273186943298}, "datetime": {"datetime": "2021-09-19 19:05:55", "elapsed": 817.852147, "delta": 16.011002}}
{"target": 0.8968708036798028, "params": {"C": 121.26349623580435, "epsilon": 1.086377802373157, "gamma": 0.07757031080599962, "lamda": 0.004881127027592247}, "datetime": {"datetime": "2021-09-19 19:05:56", "elapsed": 818.488154, "delta": 0.636007}}
{"target": -4.908378893377536, "params": {"C": 138.12124819855748, "epsilon": 4.706863924342885, "gamma": 0.09987465204331693, "lamda": 0.03322289836874814}, "datetime": {"datetime": "2021-09-19 19:06:06", "elapsed": 827.957146, "delta": 9.468992}}
{"target": -4.876810279970892, "params": {"C": 120.00020301663966, "epsilon": 6.085561373761636, "gamma": 0.08607888226797139, "lamda": 0.024459570400071046}, "datetime": {"datetime": "2021-09-19 19:06:15", "elapsed": 837.472145, "delta": 9.514999}}
{"target": 0.8523525492411789, "params": {"C": 127.26607362444271, "epsilon": 4.614917635021058, "gamma": 0.014415008986693872, "lamda": 0.006391844044348094}, "datetime": {"datetime": "2021-09-19 19:06:16", "elapsed": 838.158147, "delta": 0.686002}}
{"target": -5.137874492287528, "params": {"C": 139.3564893530711, "epsilon": 2.565484706390375, "gamma": 0.057815514343533145, "lamda": 0.03518042471981746}, "datetime": {"datetime": "2021-09-19 19:06:24", "elapsed": 846.811148, "delta": 8.653001}}
{"target": -1.5363747874199505, "params": {"C": 131.23532733273956, "epsilon": 1.887830578820493, "gamma": 0.009243279073975805, "lamda": 0.043361479915942795}, "datetime": {"datetime": "2021-09-19 19:06:33", "elapsed": 855.512151, "delta": 8.701003}}
{"target": -6.028301736983836, "params": {"C": 133.52575397971282, "epsilon": 8.645368217643842, "gamma": 0.022629374629503145, "lamda": 0.03420702238708309}, "datetime": {"datetime": "2021-09-19 19:06:48", "elapsed": 870.832147, "delta": 15.319996}}
{"target": 0.8471960518194369, "params": {"C": 120.76243055983113, "epsilon": 1.7119036021935743, "gamma": 0.01062804418267009, "lamda": 0.04651454276759931}, "datetime": {"datetime": "2021-09-19 19:06:49", "elapsed": 871.517148, "delta": 0.685001}}
{"target": -4.501166075572514, "params": {"C": 136.2085303998469, "epsilon": 8.101033502979183, "gamma": 0.09467330440990553, "lamda": 0.17680729542064966}, "datetime": {"datetime": "2021-09-19 19:06:59", "elapsed": 880.985145, "delta": 9.467997}}
{"target": -6.478510861640311, "params": {"C": 133.66351731307606, "epsilon": 8.079508827498728, "gamma": 0.06246463024531762, "lamda": 0.009401709477156604}, "datetime": {"datetime": "2021-09-19 19:07:07", "elapsed": 889.179144, "delta": 8.193999}}
{"target": -5.44091655115321, "params": {"C": 139.2180322081768, "epsilon": 7.332582235664591, "gamma": 0.075786128723626, "lamda": 0.03251020451810197}, "datetime": {"datetime": "2021-09-19 19:07:22", "elapsed": 904.026148, "delta": 14.847004}}
{"target": -5.828649012707642, "params": {"C": 129.00237141693322, "epsilon": 8.754443900514499, "gamma": 0.048682707965576895, "lamda": 0.09389467321199396}, "datetime": {"datetime": "2021-09-19 19:07:34", "elapsed": 916.677839, "delta": 12.651691}}
{"target": -5.148683886204912, "params": {"C": 129.50744886894026, "epsilon": 7.190093396080577, "gamma": 0.08315702428171061, "lamda": 0.0403356987590411}, "datetime": {"datetime": "2021-09-19 19:07:44", "elapsed": 925.971752, "delta": 9.293913}}
{"target": -4.707502227659797, "params": {"C": 139.07632079596993, "epsilon": 3.1489570735007733, "gamma": 0.032399298704550265, "lamda": 0.013335115235486784}, "datetime": {"datetime": "2021-09-19 19:07:52", "elapsed": 934.784813, "delta": 8.813061}}
{"target": -4.942061735845213, "params": {"C": 131.60971839427413, "epsilon": 3.9731427290236487, "gamma": 0.059814585109514457, "lamda": 0.009027345717576896}, "datetime": {"datetime": "2021-09-19 19:08:01", "elapsed": 943.547483, "delta": 8.76267}}
{"target": -3.9727773918137412, "params": {"C": 137.9506568743093, "epsilon": 9.215042952944904, "gamma": 0.012686659057838574, "lamda": 0.07004655904635704}, "datetime": {"datetime": "2021-09-19 19:08:16", "elapsed": 958.869184, "delta": 15.321701}}
{"target": -5.667267448437038, "params": {"C": 126.90995738718705, "epsilon": 3.129254475367423, "gamma": 0.031408660811907525, "lamda": 0.05985858828697145}, "datetime": {"datetime": "2021-09-19 19:08:32", "elapsed": 974.442181, "delta": 15.572997}}
{"target": -5.823365689693117, "params": {"C": 130.83164671216736, "epsilon": 5.265238413950997, "gamma": 0.05527544937493722, "lamda": 0.08713845230354733}, "datetime": {"datetime": "2021-09-19 19:08:47", "elapsed": 989.147182, "delta": 14.705001}}
{"target": -5.821709208644609, "params": {"C": 128.62521465237717, "epsilon": 6.447864803019865, "gamma": 0.06451743002364865, "lamda": 0.15534009470130306}, "datetime": {"datetime": "2021-09-19 19:08:55", "elapsed": 997.408182, "delta": 8.261}}
{"target": -6.516737523670818, "params": {"C": 121.01777958841654, "epsilon": 7.015432832435581, "gamma": 0.05623694447986271, "lamda": 0.08289572806124124}, "datetime": {"datetime": "2021-09-19 19:09:07", "elapsed": 1008.908861, "delta": 11.500679}}
{"target": -4.602453532296266, "params": {"C": 130.35170571548466, "epsilon": 3.4450344232164296, "gamma": 0.022125027710510427, "lamda": 0.04482161321255512}, "datetime": {"datetime": "2021-09-19 19:09:15", "elapsed": 1017.650226, "delta": 8.741365}}
{"target": -4.284969513088578, "params": {"C": 127.61173674067211, "epsilon": 2.3797497986021394, "gamma": 0.019033192093175656, "lamda": 0.19972650750428542}, "datetime": {"datetime": "2021-09-19 19:09:30", "elapsed": 1032.137185, "delta": 14.486959}}
{"target": -3.001336869648042, "params": {"C": 138.82111243934457, "epsilon": 1.9134526217709644, "gamma": 0.013874192380411605, "lamda": 0.15988635550349276}, "datetime": {"datetime": "2021-09-19 19:09:43", "elapsed": 1045.642133, "delta": 13.504948}}
{"target": -5.425495283086843, "params": {"C": 129.7817072990942, "epsilon": 4.637046989593433, "gamma": 0.052474846088820984, "lamda": 0.05610315672641068}, "datetime": {"datetime": "2021-09-19 19:09:54", "elapsed": 1056.314747, "delta": 10.672614}}
{"target": -5.2071663795125565, "params": {"C": 124.74244892395183, "epsilon": 6.312638759286629, "gamma": 0.0781448939352798, "lamda": 0.12766384240033837}, "datetime": {"datetime": "2021-09-19 19:10:03", "elapsed": 1065.831467, "delta": 9.51672}}
{"target": -4.308053250744047, "params": {"C": 120.31102357655281, "epsilon": 7.082594087001064, "gamma": 0.018160074311769477, "lamda": 0.08781012199588946}, "datetime": {"datetime": "2021-09-19 19:10:14", "elapsed": 1076.026474, "delta": 10.195007}}
{"target": -3.4910088642888866, "params": {"C": 132.4764075121722, "epsilon": 8.25004159303886, "gamma": 0.010782681853358771, "lamda": 0.08843893070681963}, "datetime": {"datetime": "2021-09-19 19:10:28", "elapsed": 1089.906468, "delta": 13.879994}}
{"target": -5.333846741034062, "params": {"C": 125.07153961108712, "epsilon": 2.441080553130226, "gamma": 0.06703681118050847, "lamda": 0.11057120395135438}, "datetime": {"datetime": "2021-09-19 19:10:36", "elapsed": 1098.482469, "delta": 8.576001}}
{"target": -4.395561498941589, "params": {"C": 130.5092986115743, "epsilon": 3.3377900911117777, "gamma": 0.09613483545396338, "lamda": 0.09658068448179094}, "datetime": {"datetime": "2021-09-19 19:10:46", "elapsed": 1108.44647, "delta": 9.964001}}
{"target": -6.009252014411772, "params": {"C": 127.97974500516479, "epsilon": 6.599081019476727, "gamma": 0.04425275259096603, "lamda": 0.12718685475991864}, "datetime": {"datetime": "2021-09-19 19:10:56", "elapsed": 1118.03547, "delta": 9.589}}
{"target": -4.523482599267399, "params": {"C": 126.15124719024281, "epsilon": 2.76847975007666, "gamma": 0.07792189933280831, "lamda": 0.06881854623715995}, "datetime": {"datetime": "2021-09-19 19:11:04", "elapsed": 1126.680469, "delta": 8.644999}}
{"target": -5.396532343014239, "params": {"C": 134.68542021468224, "epsilon": 8.952792711175514, "gamma": 0.07318111219286332, "lamda": 0.16545134403305564}, "datetime": {"datetime": "2021-09-19 19:11:13", "elapsed": 1135.272468, "delta": 8.591999}}
{"target": -5.601971084881471, "params": {"C": 138.60544401616698, "epsilon": 8.356499675106342, "gamma": 0.0839989296617608, "lamda": 0.04666064427899397}, "datetime": {"datetime": "2021-09-19 19:11:24", "elapsed": 1146.478957, "delta": 11.206489}}
{"target": -5.665962799117128, "params": {"C": 128.88873512215014, "epsilon": 6.585347032102408, "gamma": 0.029277054776402515, "lamda": 0.14058265286213367}, "datetime": {"datetime": "2021-09-19 19:11:40", "elapsed": 1162.615012, "delta": 16.136055}}
{"target": -5.114320853847961, "params": {"C": 139.3468748790495, "epsilon": 0.9755419671587451, "gamma": 0.05912691391933357, "lamda": 0.11453806583759561}, "datetime": {"datetime": "2021-09-19 19:11:49", "elapsed": 1171.463747, "delta": 8.848735}}
{"target": -5.513864712051811, "params": {"C": 133.3182197525749, "epsilon": 2.0655563362549962, "gamma": 0.03816784096549646, "lamda": 0.14065351987258592}, "datetime": {"datetime": "2021-09-19 19:12:04", "elapsed": 1186.002259, "delta": 14.538512}}
{"target": -3.713983492973334, "params": {"C": 138.88885613473263, "epsilon": 9.33464705069851, "gamma": 0.011581367115379331, "lamda": 0.05783077894101769}, "datetime": {"datetime": "2021-09-19 19:12:17", "elapsed": 1199.874261, "delta": 13.872002}}
{"target": -4.641108795169553, "params": {"C": 121.76035415538556, "epsilon": 2.1195811083100127, "gamma": 0.022382391580598012, "lamda": 0.1363081802263805}, "datetime": {"datetime": "2021-09-19 19:12:26", "elapsed": 1208.742264, "delta": 8.868003}}
{"target": -3.683635089028357, "params": {"C": 127.139505189888, "epsilon": 3.107960227657432, "gamma": 0.08837819871575213, "lamda": 0.006340636022443429}, "datetime": {"datetime": "2021-09-19 19:12:36", "elapsed": 1218.237263, "delta": 9.494999}}
{"target": -2.267347653658143, "params": {"C": 134.99054922239014, "epsilon": 6.799568932579291, "gamma": 0.007210404865832655, "lamda": 0.024370193184774156}, "datetime": {"datetime": "2021-09-19 19:12:50", "elapsed": 1232.024261, "delta": 13.786998}}
{"target": -5.679545100441778, "params": {"C": 123.67229666783571, "epsilon": 5.3888339629977, "gamma": 0.041472163480413986, "lamda": 0.033679691161529676}, "datetime": {"datetime": "2021-09-19 19:13:03", "elapsed": 1245.465265, "delta": 13.441004}}
{"target": -3.5927128444278296, "params": {"C": 122.58186526206069, "epsilon": 2.062257300625676, "gamma": 0.018134712222270304, "lamda": 0.13608812583392962}, "datetime": {"datetime": "2021-09-19 19:13:16", "elapsed": 1258.673261, "delta": 13.207996}}
{"target": -4.477365270662243, "params": {"C": 127.98400825550527, "epsilon": 7.925082854002085, "gamma": 0.09604299457526908, "lamda": 0.018931503756769778}, "datetime": {"datetime": "2021-09-19 19:13:26", "elapsed": 1268.161263, "delta": 9.488002}}
{"target": -3.8263708206726177, "params": {"C": 123.27974472446051, "epsilon": 5.32307295914824, "gamma": 0.08389889263859487, "lamda": 0.10627745515585421}, "datetime": {"datetime": "2021-09-19 19:13:36", "elapsed": 1278.557259, "delta": 10.395996}}
{"target": -2.272382576993692, "params": {"C": 131.04895520891762, "epsilon": 4.424546992732861, "gamma": 0.009539642608010466, "lamda": 0.09217489244335039}, "datetime": {"datetime": "2021-09-19 19:13:52", "elapsed": 1294.317268, "delta": 15.760009}}
{"target": -4.4544783156582595, "params": {"C": 123.83294838063817, "epsilon": 0.5864762952759877, "gamma": 0.06281392108875938, "lamda": 0.18525182568820409}, "datetime": {"datetime": "2021-09-19 19:14:01", "elapsed": 1303.423262, "delta": 9.105994}}
{"target": -4.903280535717769, "params": {"C": 137.10328480851234, "epsilon": 2.544424609703113, "gamma": 0.0508423175038765, "lamda": 0.030698344350771786}, "datetime": {"datetime": "2021-09-19 19:14:16", "elapsed": 1318.125997, "delta": 14.702735}}
{"target": -4.41234371796681, "params": {"C": 135.3266221963057, "epsilon": 9.3422056961955, "gamma": 0.07720859718876466, "lamda": 0.186201166810537}, "datetime": {"datetime": "2021-09-19 19:14:25", "elapsed": 1327.670314, "delta": 9.544317}}
{"target": -4.433802369840337, "params": {"C": 127.24956343640802, "epsilon": 1.3090963737696808, "gamma": 0.046402446386089154, "lamda": 0.03499387220639542}, "datetime": {"datetime": "2021-09-19 19:14:34", "elapsed": 1336.058736, "delta": 8.388422}}
{"target": -4.393926369462271, "params": {"C": 133.03473752622787, "epsilon": 3.1311590275159555, "gamma": 0.08163871667242746, "lamda": 0.04084575176205504}, "datetime": {"datetime": "2021-09-19 19:14:43", "elapsed": 1345.169528, "delta": 9.110792}}
{"target": 0.8462054696860549, "params": {"C": 139.35246614548348, "epsilon": 7.787477896679095, "gamma": 0.009795507917511853, "lamda": 0.006466716003304492}, "datetime": {"datetime": "2021-09-19 19:14:44", "elapsed": 1345.974526, "delta": 0.804998}}
{"target": 0.8575963287097347, "params": {"C": 123.14578801280706, "epsilon": 6.308613686367962, "gamma": 0.019566503434086082, "lamda": 0.0009846611285704368}, "datetime": {"datetime": "2021-09-19 19:14:44", "elapsed": 1346.723458, "delta": 0.748932}}
{"target": -3.716108213729237, "params": {"C": 136.9565436936127, "epsilon": 1.4032908526484074, "gamma": 0.09125373577291307, "lamda": 0.07595130572096832}, "datetime": {"datetime": "2021-09-19 19:14:54", "elapsed": 1355.99226, "delta": 9.268802}}
{"target": -5.615093003987865, "params": {"C": 133.91471939962562, "epsilon": 5.503217204925887, "gamma": 0.027503753901336532, "lamda": 0.17517783158673123}, "datetime": {"datetime": "2021-09-19 19:15:08", "elapsed": 1370.523891, "delta": 14.531631}}
{"target": -5.847689055058332, "params": {"C": 127.53569054462754, "epsilon": 1.3950689004208592, "gamma": 0.03275231043884021, "lamda": 0.13865255974668286}, "datetime": {"datetime": "2021-09-19 19:15:21", "elapsed": 1383.796891, "delta": 13.273}}
{"target": -4.288518631601399, "params": {"C": 137.22522161609274, "epsilon": 4.06334096486262, "gamma": 0.09470346569574642, "lamda": 0.12642918266452086}, "datetime": {"datetime": "2021-09-19 19:15:30", "elapsed": 1392.326894, "delta": 8.530003}}
{"target": -5.63121686557743, "params": {"C": 136.2739032811845, "epsilon": 2.640729261779175, "gamma": 0.04456817888894123, "lamda": 0.11631336594594961}, "datetime": {"datetime": "2021-09-19 19:15:45", "elapsed": 1407.026892, "delta": 14.699998}}
{"target": -5.2176218090166415, "params": {"C": 130.93597867738094, "epsilon": 7.288186974105018, "gamma": 0.06975512328949829, "lamda": 0.19359163390190057}, "datetime": {"datetime": "2021-09-19 19:15:55", "elapsed": 1417.614896, "delta": 10.588004}}
{"target": -3.090432968314488, "params": {"C": 122.25779848699105, "epsilon": 9.264594598116942, "gamma": 0.009411189406553562, "lamda": 0.07982537217602421}, "datetime": {"datetime": "2021-09-19 19:16:11", "elapsed": 1433.328892, "delta": 15.713996}}
{"target": -5.713782243468025, "params": {"C": 122.32848583997094, "epsilon": 4.744166338168343, "gamma": 0.05753086925053295, "lamda": 0.1509324163150681}, "datetime": {"datetime": "2021-09-19 19:16:25", "elapsed": 1446.990891, "delta": 13.661999}}
{"target": -5.288064336123547, "params": {"C": 121.54343261441602, "epsilon": 6.588350191566258, "gamma": 0.06155472369798261, "lamda": 0.19628015861563006}, "datetime": {"datetime": "2021-09-19 19:16:34", "elapsed": 1456.53289, "delta": 9.541999}}
{"target": -5.377747846479702, "params": {"C": 128.12163746408547, "epsilon": 6.611670198692972, "gamma": 0.045541741689177184, "lamda": 0.16547471004519554}, "datetime": {"datetime": "2021-09-19 19:16:48", "elapsed": 1470.582894, "delta": 14.050004}}
{"target": -3.3741341101049, "params": {"C": 124.31545936958011, "epsilon": 1.1430157509907888, "gamma": 0.016405187303689065, "lamda": 0.19754341889478905}, "datetime": {"datetime": "2021-09-19 19:16:57", "elapsed": 1479.462891, "delta": 8.879997}}
{"target": -5.448314458825478, "params": {"C": 127.32965991280076, "epsilon": 6.031021259618643, "gamma": 0.04976620649701874, "lamda": 0.17294079597930037}, "datetime": {"datetime": "2021-09-19 19:17:09", "elapsed": 1491.589407, "delta": 12.126516}}
{"target": -4.5762513353785925, "params": {"C": 131.21173564740243, "epsilon": 5.422458489718368, "gamma": 0.04730852478966906, "lamda": 0.004066993258548937}, "datetime": {"datetime": "2021-09-19 19:17:18", "elapsed": 1500.67419, "delta": 9.084783}}
{"target": -5.404749318724489, "params": {"C": 120.23016021439615, "epsilon": 7.8962266604484315, "gamma": 0.0835212369792265, "lamda": 0.05078863458982837}, "datetime": {"datetime": "2021-09-19 19:17:27", "elapsed": 1509.751532, "delta": 9.077342}}
{"target": -5.376592554532256, "params": {"C": 123.03372496889595, "epsilon": 4.858836357141476, "gamma": 0.06468341049008379, "lamda": 0.18723385317771485}, "datetime": {"datetime": "2021-09-19 19:17:43", "elapsed": 1525.293392, "delta": 15.54186}}
{"target": -4.2586155472663645, "params": {"C": 127.42296815719223, "epsilon": 5.22623227676961, "gamma": 0.09441217204809875, "lamda": 0.16327209607175105}, "datetime": {"datetime": "2021-09-19 19:17:51", "elapsed": 1533.714402, "delta": 8.42101}}
{"target": -5.692004169975987, "params": {"C": 132.293756550355, "epsilon": 8.494225848373858, "gamma": 0.06866391274009502, "lamda": 0.0019824067256089045}, "datetime": {"datetime": "2021-09-19 19:18:06", "elapsed": 1548.626075, "delta": 14.911673}}
{"target": -3.865821453301673, "params": {"C": 134.9369866562094, "epsilon": 7.528055537223925, "gamma": 0.08022295484630564, "lamda": 0.17233719550566096}, "datetime": {"datetime": "2021-09-19 19:18:16", "elapsed": 1558.214077, "delta": 9.588002}}
{"target": -4.374153005556592, "params": {"C": 136.11409073978527, "epsilon": 4.175637847039798, "gamma": 0.09632810025784408, "lamda": 0.051549333450243734}, "datetime": {"datetime": "2021-09-19 19:18:26", "elapsed": 1568.298079, "delta": 10.084002}}
{"target": -5.2222792260329465, "params": {"C": 124.029572736847, "epsilon": 4.034903678716389, "gamma": 0.056628394887547485, "lamda": 0.007111092006819259}, "datetime": {"datetime": "2021-09-19 19:18:35", "elapsed": 1577.152077, "delta": 8.853998}}
{"target": -6.558098538846296, "params": {"C": 128.00904348331852, "epsilon": 5.9640951577049455, "gamma": 0.040933549611493834, "lamda": 0.13255834781558637}, "datetime": {"datetime": "2021-09-19 19:18:43", "elapsed": 1585.818076, "delta": 8.665999}}
{"target": -3.6564593528721865, "params": {"C": 133.2042364215005, "epsilon": 5.170791561580312, "gamma": 0.014281787022490996, "lamda": 0.16533183092383208}, "datetime": {"datetime": "2021-09-19 19:18:59", "elapsed": 1601.140077, "delta": 15.322001}}
{"target": -6.182504272459999, "params": {"C": 136.06397456868737, "epsilon": 9.269717792163789, "gamma": 0.04831950806138133, "lamda": 0.1757335449951357}, "datetime": {"datetime": "2021-09-19 19:19:08", "elapsed": 1610.699075, "delta": 9.558998}}
{"target": -4.968609276535192, "params": {"C": 129.6586331705461, "epsilon": 5.284161336268681, "gamma": 0.07728193559825673, "lamda": 0.1877216993748562}, "datetime": {"datetime": "2021-09-19 19:19:18", "elapsed": 1620.666076, "delta": 9.967001}}
{"target": -6.267393801628277, "params": {"C": 139.0823336141989, "epsilon": 4.091694876991337, "gamma": 0.04228351481287769, "lamda": 0.14379122295865607}, "datetime": {"datetime": "2021-09-19 19:19:31", "elapsed": 1633.650078, "delta": 12.984002}}
{"target": -3.7165667780142515, "params": {"C": 125.22648938620974, "epsilon": 1.0879456958681084, "gamma": 0.08642827706649533, "lamda": 0.06386559443498083}, "datetime": {"datetime": "2021-09-19 19:19:41", "elapsed": 1643.821075, "delta": 10.170997}}
{"target": -4.707737259163993, "params": {"C": 130.75309006705533, "epsilon": 7.154196728647388, "gamma": 0.06803302557188524, "lamda": 0.11212896802801799}, "datetime": {"datetime": "2021-09-19 19:19:51", "elapsed": 1653.503075, "delta": 9.682}}
{"target": -5.046519733586017, "params": {"C": 126.80808187282142, "epsilon": 2.576082055820857, "gamma": 0.026764863570042104, "lamda": 0.08886422329580622}, "datetime": {"datetime": "2021-09-19 19:20:05", "elapsed": 1667.516076, "delta": 14.013001}}
