{"target": -6.042740283686967, "params": {"C": 72.24290433532072, "epsilon": 14.116912810945433, "gamma": 0.04455257592881325, "lamda": 0.25228658695975664}, "datetime": {"datetime": "2021-09-19 22:25:45", "elapsed": 1456.083573, "delta": 15.479001}}
{"target": -2.7788585740258105, "params": {"C": 95.19768941129637, "epsilon": 13.894204835761577, "gamma": 0.07354427149180119, "lamda": 0.20449039241328767}, "datetime": {"datetime": "2021-09-19 22:25:55", "elapsed": 1465.280572, "delta": 9.196999}}
{"target": -4.49298484901469, "params": {"C": 68.1057714427139, "epsilon": 10.3707523132515, "gamma": 0.021012228507347297, "lamda": 0.04626108300464023}, "datetime": {"datetime": "2021-09-19 22:26:10", "elapsed": 1480.529572, "delta": 15.249}}
{"target": -4.645224417708571, "params": {"C": 68.39441678207763, "epsilon": 10.627061930922366, "gamma": 0.012123315287288407, "lamda": 0.01787311922309127}, "datetime": {"datetime": "2021-09-19 22:26:25", "elapsed": 1496.210573, "delta": 15.681001}}
{"target": -3.6441024767460437, "params": {"C": 84.78322385515995, "epsilon": 13.30488167809083, "gamma": 0.014300714049694126, "lamda": 0.6911100099531541}, "datetime": {"datetime": "2021-09-19 22:26:41", "elapsed": 1511.532575, "delta": 15.322002}}
{"target": -2.5313359471135817, "params": {"C": 95.31897945854162, "epsilon": 13.705189515296771, "gamma": 0.09286344975579744, "lamda": 0.14288010715412344}, "datetime": {"datetime": "2021-09-19 22:26:55", "elapsed": 1525.834575, "delta": 14.302}}
{"target": -5.760490601526418, "params": {"C": 87.08916243417454, "epsilon": 16.523453383619767, "gamma": 0.06913775913021213, "lamda": 0.5805747328273578}, "datetime": {"datetime": "2021-09-19 22:27:10", "elapsed": 1540.941572, "delta": 15.106997}}
{"target": -5.706369794286804, "params": {"C": 92.05525773371966, "epsilon": 17.446067954690946, "gamma": 0.07840814470514547, "lamda": 1.3964829408083954}, "datetime": {"datetime": "2021-09-19 22:27:25", "elapsed": 1556.156489, "delta": 15.214917}}
{"target": -4.646214251867364, "params": {"C": 78.32425784189365, "epsilon": 10.681344314753416, "gamma": 0.04922337026050552, "lamda": 0.26214540292933686}, "datetime": {"datetime": "2021-09-19 22:27:41", "elapsed": 1571.373051, "delta": 15.216562}}
{"target": -1.4052089621536505, "params": {"C": 88.15905379458741, "epsilon": 12.215712865276593, "gamma": 0.0826051000054576, "lamda": 0.3060454453479909}, "datetime": {"datetime": "2021-09-19 22:27:50", "elapsed": 1580.617625, "delta": 9.244574}}
{"target": -5.662531723028813, "params": {"C": 98.8991924473219, "epsilon": 16.13682349194029, "gamma": 0.014543112763958598, "lamda": 0.04813837228427474}, "datetime": {"datetime": "2021-09-19 22:28:04", "elapsed": 1594.703657, "delta": 14.086032}}
{"target": -6.146733410182095, "params": {"C": 71.347839621772, "epsilon": 14.891464156941442, "gamma": 0.02379984535860787, "lamda": 0.007012706717652047}, "datetime": {"datetime": "2021-09-19 22:28:19", "elapsed": 1609.379096, "delta": 14.675439}}
{"target": -3.2290055175201804, "params": {"C": 94.82612427914161, "epsilon": 10.760665981177606, "gamma": 0.09171406546907554, "lamda": 0.5694027638416943}, "datetime": {"datetime": "2021-09-19 22:28:28", "elapsed": 1618.667267, "delta": 9.288171}}
{"target": -5.221338537121343, "params": {"C": 95.29191722853085, "epsilon": 13.626105033412795, "gamma": 0.0425474111250906, "lamda": 0.1979812163096766}, "datetime": {"datetime": "2021-09-19 22:28:43", "elapsed": 1633.639265, "delta": 14.971998}}
{"target": -5.424117421535666, "params": {"C": 78.81067392586681, "epsilon": 10.753742231933355, "gamma": 0.03629166252100652, "lamda": 1.0397794496997477}, "datetime": {"datetime": "2021-09-19 22:28:59", "elapsed": 1649.696265, "delta": 16.057}}
{"target": -5.945361491023094, "params": {"C": 95.17314177373153, "epsilon": 13.835596470342441, "gamma": 0.04083510944282563, "lamda": 0.18743613671252715}, "datetime": {"datetime": "2021-09-19 22:29:09", "elapsed": 1659.399264, "delta": 9.702999}}
{"target": -5.818171355575677, "params": {"C": 94.99792061579461, "epsilon": 14.013560636546039, "gamma": 0.04802222205893248, "lamda": 0.11893155233510107}, "datetime": {"datetime": "2021-09-19 22:29:24", "elapsed": 1674.503266, "delta": 15.104002}}
{"target": -2.611177466537158, "params": {"C": 70.34365249483703, "epsilon": 14.783676404474337, "gamma": 0.07179265084896405, "lamda": 0.13984339006220223}, "datetime": {"datetime": "2021-09-19 22:29:39", "elapsed": 1689.273267, "delta": 14.770001}}
{"target": -2.8467538652212454, "params": {"C": 69.8382574278848, "epsilon": 17.38071124051953, "gamma": 0.014179021543050743, "lamda": 0.5984655085704633}, "datetime": {"datetime": "2021-09-19 22:29:48", "elapsed": 1698.532266, "delta": 9.258999}}
{"target": -5.2667471911236845, "params": {"C": 69.95842592795059, "epsilon": 13.574034811089131, "gamma": 0.05976608665839964, "lamda": 1.1319013430366882}, "datetime": {"datetime": "2021-09-19 22:30:03", "elapsed": 1713.911265, "delta": 15.378999}}
{"target": -5.803341143820136, "params": {"C": 68.62383544450724, "epsilon": 15.127031740266322, "gamma": 0.06357815929282563, "lamda": 1.472094231774376}, "datetime": {"datetime": "2021-09-19 22:30:18", "elapsed": 1729.178264, "delta": 15.266999}}
{"target": -5.848274835406052, "params": {"C": 79.80678368894527, "epsilon": 15.146669641004607, "gamma": 0.048407965810799446, "lamda": 1.240995746902142}, "datetime": {"datetime": "2021-09-19 22:30:33", "elapsed": 1743.992308, "delta": 14.814044}}
{"target": -2.43299934689946, "params": {"C": 95.12482353322048, "epsilon": 13.877443689610168, "gamma": 0.08800738080755355, "lamda": 0.22951668346557919}, "datetime": {"datetime": "2021-09-19 22:30:48", "elapsed": 1758.411614, "delta": 14.419306}}
{"target": -5.605946473848239, "params": {"C": 78.46042185176128, "epsilon": 14.657702113363069, "gamma": 0.05241009036559671, "lamda": 1.2970053564798927}, "datetime": {"datetime": "2021-09-19 22:31:02", "elapsed": 1772.371089, "delta": 13.959475}}
{"target": -1.0575592191522603, "params": {"C": 95.17097281314038, "epsilon": 13.616940059266629, "gamma": 0.09714276833635584, "lamda": 0.06950171598501734}, "datetime": {"datetime": "2021-09-19 22:31:11", "elapsed": 1781.752968, "delta": 9.381879}}
{"target": -2.893480586820195, "params": {"C": 95.09593926390932, "epsilon": 13.90657126286969, "gamma": 0.08279463346327395, "lamda": 0.11498977104942962}, "datetime": {"datetime": "2021-09-19 22:31:25", "elapsed": 1795.815974, "delta": 14.063006}}
{"target": -5.018444694858826, "params": {"C": 71.15733244712311, "epsilon": 13.670599037592822, "gamma": 0.06654217835902675, "lamda": 1.4042300201686375}, "datetime": {"datetime": "2021-09-19 22:31:40", "elapsed": 1811.131279, "delta": 15.315305}}
{"target": -4.333731600940094, "params": {"C": 78.61904586722679, "epsilon": 13.979985075174408, "gamma": 0.09470626825609356, "lamda": 1.2244720221831984}, "datetime": {"datetime": "2021-09-19 22:31:56", "elapsed": 1826.462996, "delta": 15.331717}}
{"target": -1.311051359922181, "params": {"C": 95.1294556840755, "epsilon": 13.815228372107509, "gamma": 0.08751553068173747, "lamda": 0.10006358777163447}, "datetime": {"datetime": "2021-09-19 22:32:05", "elapsed": 1835.537994, "delta": 9.074998}}
{"target": -2.7849804188593943, "params": {"C": 68.01276124004295, "epsilon": 10.351676018982559, "gamma": 0.07055874908081394, "lamda": 0.08849601064344427}, "datetime": {"datetime": "2021-09-19 22:32:18", "elapsed": 1848.50087, "delta": 12.962876}}
{"target": -2.5687472116394603, "params": {"C": 93.39395425763497, "epsilon": 13.095273976454568, "gamma": 0.09652135813901018, "lamda": 0.3863423287123388}, "datetime": {"datetime": "2021-09-19 22:32:29", "elapsed": 1859.259842, "delta": 10.758972}}
{"target": -3.706238541227761, "params": {"C": 68.05449375506431, "epsilon": 10.482229166231269, "gamma": 0.03292315412649397, "lamda": 0.07766279128323485}, "datetime": {"datetime": "2021-09-19 22:32:33", "elapsed": 1863.925869, "delta": 4.666027}}
{"target": -6.022766128331801, "params": {"C": 79.61537392164149, "epsilon": 14.601343290698901, "gamma": 0.044042310158257325, "lamda": 0.9940614611904562}, "datetime": {"datetime": "2021-09-19 22:32:47", "elapsed": 1877.272874, "delta": 13.347005}}
{"target": -3.096779678417138, "params": {"C": 88.44720191655082, "epsilon": 13.933298157120262, "gamma": 0.018793271916044102, "lamda": 1.2399238862411461}, "datetime": {"datetime": "2021-09-19 22:32:55", "elapsed": 1886.011873, "delta": 8.738999}}
{"target": -4.429996103925725, "params": {"C": 95.23604388914273, "epsilon": 13.82832846461542, "gamma": 0.07669307378440379, "lamda": 0.36436248362824364}, "datetime": {"datetime": "2021-09-19 22:33:04", "elapsed": 1895.208359, "delta": 9.196486}}
{"target": 0.9002515422935073, "params": {"C": 95.02916501182986, "epsilon": 14.076066966383957, "gamma": 0.09555924454389489, "lamda": 0.014250885721757423}, "datetime": {"datetime": "2021-09-19 22:33:05", "elapsed": 1896.035125, "delta": 0.826766}}
{"target": -5.352194992309463, "params": {"C": 98.43996714413808, "epsilon": 13.024585159571652, "gamma": 0.04532122455956834, "lamda": 1.0783290354926787}, "datetime": {"datetime": "2021-09-19 22:33:20", "elapsed": 1910.371441, "delta": 14.336316}}
{"target": -4.428378414776586, "params": {"C": 88.17888333196845, "epsilon": 12.297704013396078, "gamma": 0.06307243193871083, "lamda": 0.3220577007764776}, "datetime": {"datetime": "2021-09-19 22:33:29", "elapsed": 1919.812145, "delta": 9.440704}}
{"target": -1.3200385134701076, "params": {"C": 95.11891138659655, "epsilon": 13.958928699316477, "gamma": 0.09865798352186758, "lamda": 0.4446774264310738}, "datetime": {"datetime": "2021-09-19 22:33:38", "elapsed": 1928.639145, "delta": 8.827}}
{"target": -5.385398879269095, "params": {"C": 77.57373918379642, "epsilon": 11.748279625954407, "gamma": 0.030619344434776728, "lamda": 0.666273798847142}, "datetime": {"datetime": "2021-09-19 22:33:47", "elapsed": 1937.575387, "delta": 8.936242}}
{"target": 0.900001748225778, "params": {"C": 95.0403244439415, "epsilon": 13.816411443027139, "gamma": 0.09600568039715691, "lamda": 0.023928059058660647}, "datetime": {"datetime": "2021-09-19 22:33:48", "elapsed": 1938.548425, "delta": 0.973038}}
{"target": -6.370053877942171, "params": {"C": 95.038708058459, "epsilon": 13.895842841698066, "gamma": 0.03481389251809282, "lamda": 0.39333477301343395}, "datetime": {"datetime": "2021-09-19 22:33:57", "elapsed": 1947.772426, "delta": 9.224001}}
{"target": -2.3052249487618486, "params": {"C": 68.26054585919509, "epsilon": 10.488363552481783, "gamma": 0.06664717868353516, "lamda": 0.01972467598300582}, "datetime": {"datetime": "2021-09-19 22:34:07", "elapsed": 1957.437504, "delta": 9.665078}}
{"target": -5.676825582823056, "params": {"C": 90.94184418083924, "epsilon": 11.958009623745156, "gamma": 0.04686863651131043, "lamda": 0.35068157019851603}, "datetime": {"datetime": "2021-09-19 22:34:21", "elapsed": 1971.488461, "delta": 14.050957}}
{"target": -2.773735014475011, "params": {"C": 95.12585829455843, "epsilon": 13.808558741133035, "gamma": 0.07055445260640152, "lamda": 0.1101974726609387}, "datetime": {"datetime": "2021-09-19 22:34:28", "elapsed": 1979.039495, "delta": 7.551034}}
{"target": -6.982350126282819, "params": {"C": 93.8384882589908, "epsilon": 15.494932184955218, "gamma": 0.02703411327270898, "lamda": 0.815918203824926}, "datetime": {"datetime": "2021-09-19 22:34:33", "elapsed": 1983.682458, "delta": 4.642963}}
{"target": -5.157665232274305, "params": {"C": 95.15518447207384, "epsilon": 13.97743860713745, "gamma": 0.058106066949621706, "lamda": 0.4450631600205617}, "datetime": {"datetime": "2021-09-19 22:34:43", "elapsed": 1994.194758, "delta": 10.5123}}
{"target": -5.907461093873138, "params": {"C": 98.57181246025846, "epsilon": 13.40102455120141, "gamma": 0.034643176800637034, "lamda": 1.4954397605231786}, "datetime": {"datetime": "2021-09-19 22:34:58", "elapsed": 2008.549522, "delta": 14.354764}}
{"target": 0.8977236607620596, "params": {"C": 68.35557354162542, "epsilon": 10.321687386067298, "gamma": 0.09350967612483978, "lamda": 0.11625824480910396}, "datetime": {"datetime": "2021-09-19 22:34:59", "elapsed": 2009.667978, "delta": 1.118456}}
{"target": -2.015807682584683, "params": {"C": 95.46123274818427, "epsilon": 14.433102596706483, "gamma": 0.056297733244284984, "lamda": 0.04022130599527166}, "datetime": {"datetime": "2021-09-19 22:35:08", "elapsed": 2018.813038, "delta": 9.14506}}
{"target": -2.0333904834739984, "params": {"C": 68.25322599631787, "epsilon": 10.227023501479968, "gamma": 0.0920374578649929, "lamda": 0.2511917531577254}, "datetime": {"datetime": "2021-09-19 22:35:22", "elapsed": 2032.675739, "delta": 13.862701}}
{"target": -2.244305500414802, "params": {"C": 95.1101910557265, "epsilon": 13.661868503195862, "gamma": 0.09512716853149625, "lamda": 0.17087479014738022}, "datetime": {"datetime": "2021-09-19 22:35:38", "elapsed": 2049.12778, "delta": 16.452041}}
{"target": 0.9015470128037498, "params": {"C": 68.06481558000353, "epsilon": 10.563908594049618, "gamma": 0.08047258641789826, "lamda": 0.08882209749976556}, "datetime": {"datetime": "2021-09-19 22:35:40", "elapsed": 2050.312781, "delta": 1.185001}}
{"target": 0.9017645526405057, "params": {"C": 68.31416399229849, "epsilon": 10.369367824770721, "gamma": 0.07707206274846959, "lamda": 0.022255676287078925}, "datetime": {"datetime": "2021-09-19 22:35:41", "elapsed": 2051.428761, "delta": 1.11598}}
{"target": -5.558993985596111, "params": {"C": 92.94699472648576, "epsilon": 17.306589799403845, "gamma": 0.09428374828705532, "lamda": 0.5138325197017896}, "datetime": {"datetime": "2021-09-19 22:35:50", "elapsed": 2060.29265, "delta": 8.863889}}
{"target": -4.701681677847274, "params": {"C": 88.18459393486822, "epsilon": 12.181656968261864, "gamma": 0.037028010821137304, "lamda": 0.21262108233183646}, "datetime": {"datetime": "2021-09-19 22:35:58", "elapsed": 2069.033861, "delta": 8.741211}}
{"target": -4.516140720974194, "params": {"C": 68.38734466688074, "epsilon": 10.354691736158735, "gamma": 0.035549510157876156, "lamda": 0.1806263992232733}, "datetime": {"datetime": "2021-09-19 22:36:07", "elapsed": 2078.070915, "delta": 9.037054}}
{"target": -4.6542322008279635, "params": {"C": 95.02975355580466, "epsilon": 13.991687391060701, "gamma": 0.08599882160346765, "lamda": 0.526098548189061}, "datetime": {"datetime": "2021-09-19 22:36:16", "elapsed": 2086.402427, "delta": 8.331512}}
{"target": -5.950681898784291, "params": {"C": 95.12809170980506, "epsilon": 13.650163610181798, "gamma": 0.03910050784323561, "lamda": 0.13766299290955197}, "datetime": {"datetime": "2021-09-19 22:36:20", "elapsed": 2091.15831, "delta": 4.755883}}
{"target": -3.587544291147272, "params": {"C": 68.11496528028992, "epsilon": 10.461921796118851, "gamma": 0.04397107086381539, "lamda": 0.002750238388988016}, "datetime": {"datetime": "2021-09-19 22:36:26", "elapsed": 2096.40531, "delta": 5.247}}
{"target": 0.9027146046897163, "params": {"C": 68.41036676036398, "epsilon": 10.350900496230038, "gamma": 0.07967891122189852, "lamda": 0.06824403748230873}, "datetime": {"datetime": "2021-09-19 22:36:26", "elapsed": 2097.054345, "delta": 0.649035}}
{"target": -4.066495737556512, "params": {"C": 91.935579448336, "epsilon": 10.489364340976849, "gamma": 0.05146109760277233, "lamda": 1.1407427412723539}, "datetime": {"datetime": "2021-09-19 22:36:40", "elapsed": 2110.635355, "delta": 13.58101}}
{"target": -4.048533837819023, "params": {"C": 85.46200522248905, "epsilon": 12.3512817865541, "gamma": 0.07849757657370467, "lamda": 0.7613000162012079}, "datetime": {"datetime": "2021-09-19 22:36:54", "elapsed": 2124.552525, "delta": 13.91717}}
{"target": -6.599525463596577, "params": {"C": 83.01341852459046, "epsilon": 17.710724159641135, "gamma": 0.0639566032677361, "lamda": 0.7739283848197201}, "datetime": {"datetime": "2021-09-19 22:37:08", "elapsed": 2138.658875, "delta": 14.10635}}
{"target": -5.925745057078017, "params": {"C": 71.78676518078134, "epsilon": 17.803299173244916, "gamma": 0.08219908161964533, "lamda": 0.3669439670458198}, "datetime": {"datetime": "2021-09-19 22:37:22", "elapsed": 2152.787711, "delta": 14.128836}}
{"target": -2.650900473340748, "params": {"C": 95.12208778350299, "epsilon": 13.642624643310898, "gamma": 0.0677368246587462, "lamda": 0.16942848292256443}, "datetime": {"datetime": "2021-09-19 22:37:35", "elapsed": 2165.74671, "delta": 12.958999}}
{"target": 0.901999626550557, "params": {"C": 68.0383865369342, "epsilon": 10.259398482057296, "gamma": 0.07915759932762628, "lamda": 0.11312392011016098}, "datetime": {"datetime": "2021-09-19 22:37:36", "elapsed": 2166.766687, "delta": 1.019977}}
{"target": -4.1693576863205175, "params": {"C": 68.02347347477588, "epsilon": 10.275719106530925, "gamma": 0.013010897941904328, "lamda": 0.10681424193627793}, "datetime": {"datetime": "2021-09-19 22:37:46", "elapsed": 2177.197905, "delta": 10.431218}}
{"target": -4.413502808192574, "params": {"C": 68.27220833208116, "epsilon": 10.401914542187136, "gamma": 0.027258065402462242, "lamda": 0.04806493009081767}, "datetime": {"datetime": "2021-09-19 22:37:57", "elapsed": 2187.981371, "delta": 10.783466}}
{"target": -4.486787731336495, "params": {"C": 66.08742413278819, "epsilon": 17.96646647536431, "gamma": 0.03420960539072471, "lamda": 0.04738056877294484}, "datetime": {"datetime": "2021-09-19 22:38:02", "elapsed": 2192.803407, "delta": 4.822036}}
{"target": -4.5100490567220115, "params": {"C": 68.38541217922896, "epsilon": 10.282162686087991, "gamma": 0.02180869700944655, "lamda": 0.11346758285116246}, "datetime": {"datetime": "2021-09-19 22:38:10", "elapsed": 2201.152375, "delta": 8.348968}}
{"target": -4.545419977044016, "params": {"C": 91.50678473429024, "epsilon": 15.305046240513672, "gamma": 0.028545015668689375, "lamda": 0.21789551244114308}, "datetime": {"datetime": "2021-09-19 22:38:19", "elapsed": 2209.639805, "delta": 8.48743}}
{"target": -5.086687158799366, "params": {"C": 89.98554284782362, "epsilon": 12.825387578849096, "gamma": 0.04392452970484855, "lamda": 0.62047754783655}, "datetime": {"datetime": "2021-09-19 22:38:33", "elapsed": 2223.664608, "delta": 14.024803}}
{"target": -1.8752658542701224, "params": {"C": 68.03692644386379, "epsilon": 10.243359770508674, "gamma": 0.0658980057936328, "lamda": 0.1991195461197826}, "datetime": {"datetime": "2021-09-19 22:38:42", "elapsed": 2232.697078, "delta": 9.03247}}
{"target": -2.6380419325813156, "params": {"C": 68.26859236204074, "epsilon": 10.336063456311285, "gamma": 0.05835231549970394, "lamda": 0.14578887049364564}, "datetime": {"datetime": "2021-09-19 22:38:54", "elapsed": 2244.267128, "delta": 11.57005}}
{"target": -2.5424766013455993, "params": {"C": 68.14398725355795, "epsilon": 10.377892204953604, "gamma": 0.07407103215780045, "lamda": 0.03048272309927891}, "datetime": {"datetime": "2021-09-19 22:39:10", "elapsed": 2260.755823, "delta": 16.488695}}
{"target": -1.7926290382320276, "params": {"C": 68.10354785548628, "epsilon": 10.551674381056845, "gamma": 0.05959102456851533, "lamda": 0.16547432393426104}, "datetime": {"datetime": "2021-09-19 22:39:19", "elapsed": 2270.072823, "delta": 9.317}}
{"target": -4.21954334195384, "params": {"C": 84.63748755402645, "epsilon": 13.656841706413601, "gamma": 0.0916696826082236, "lamda": 1.0398242394836281}, "datetime": {"datetime": "2021-09-19 22:39:34", "elapsed": 2284.301322, "delta": 14.228499}}
{"target": -4.278140041877891, "params": {"C": 68.08818122133279, "epsilon": 10.495795214873878, "gamma": 0.0548778666056956, "lamda": 0.1471749737588028}, "datetime": {"datetime": "2021-09-19 22:39:41", "elapsed": 2291.520276, "delta": 7.218954}}
{"target": 0.9020247892544271, "params": {"C": 68.3621163178653, "epsilon": 10.246775881647068, "gamma": 0.07641793368449154, "lamda": 0.08187612209834672}, "datetime": {"datetime": "2021-09-19 22:39:42", "elapsed": 2292.218277, "delta": 0.698001}}
{"target": -4.871116768052249, "params": {"C": 68.37547777285577, "epsilon": 10.510141259722428, "gamma": 0.023333599351661752, "lamda": 0.07045791571052937}, "datetime": {"datetime": "2021-09-19 22:39:48", "elapsed": 2298.951277, "delta": 6.733}}
{"target": -4.094214047829283, "params": {"C": 67.33739628631146, "epsilon": 10.565322792332854, "gamma": 0.0683040800007202, "lamda": 1.0761724877547154}, "datetime": {"datetime": "2021-09-19 22:39:58", "elapsed": 2308.773281, "delta": 9.822004}}
{"target": -2.6820016061767373, "params": {"C": 68.07771578298558, "epsilon": 10.307334413590027, "gamma": 0.0653256701233789, "lamda": 0.1820372936613377}, "datetime": {"datetime": "2021-09-19 22:40:12", "elapsed": 2322.572515, "delta": 13.799234}}
{"target": -6.747108917056475, "params": {"C": 92.24812276954697, "epsilon": 15.643387660257577, "gamma": 0.03215692227002242, "lamda": 0.3155017346658533}, "datetime": {"datetime": "2021-09-19 22:40:21", "elapsed": 2331.448683, "delta": 8.876168}}
{"target": -1.313531512787908, "params": {"C": 95.075109881191, "epsilon": 13.689176411286095, "gamma": 0.08386258114868836, "lamda": 0.043722755925878265}, "datetime": {"datetime": "2021-09-19 22:40:30", "elapsed": 2340.58768, "delta": 9.138997}}
{"target": -4.370736831623527, "params": {"C": 98.4180835546256, "epsilon": 12.267708743235367, "gamma": 0.03176320340250903, "lamda": 0.11652202163079989}, "datetime": {"datetime": "2021-09-19 22:40:39", "elapsed": 2349.460133, "delta": 8.872453}}
{"target": -1.5198199824318177, "params": {"C": 95.07773921900191, "epsilon": 14.047810549637992, "gamma": 0.08662105250134304, "lamda": 0.07068623176504543}, "datetime": {"datetime": "2021-09-19 22:40:48", "elapsed": 2358.500981, "delta": 9.040848}}
{"target": -1.2992673782641826, "params": {"C": 93.34571276977066, "epsilon": 13.082932847382207, "gamma": 0.09198271617686316, "lamda": 0.45988761917441046}, "datetime": {"datetime": "2021-09-19 22:40:57", "elapsed": 2367.708269, "delta": 9.207288}}
