{"target": 0.8676526196189009, "params": {"C": 37.10307243819401, "epsilon": 7.850333028173956, "gamma": 0.203802490695762, "lamda": 0.33276448544519033}, "datetime": {"datetime": "2021-09-19 11:05:15", "elapsed": 1199.93148, "delta": 1.410931}}
{"target": 0.872341211398276, "params": {"C": 37.73063252915897, "epsilon": 7.369606942241942, "gamma": 0.18201859182318464, "lamda": 0.18641583127007325}, "datetime": {"datetime": "2021-09-19 11:05:16", "elapsed": 1201.112817, "delta": 1.181337}}
{"target": 0.8674123997191934, "params": {"C": 28.079903916805897, "epsilon": 7.438512339154812, "gamma": 0.19966637515180305, "lamda": 0.10594389671131473}, "datetime": {"datetime": "2021-09-19 11:05:17", "elapsed": 1202.476558, "delta": 1.363741}}
{"target": 0.8690694530015463, "params": {"C": 33.564417033142405, "epsilon": 4.060369181054108, "gamma": 0.2061593289838915, "lamda": 1.3057256380754056}, "datetime": {"datetime": "2021-09-19 11:05:19", "elapsed": 1204.079976, "delta": 1.603418}}
{"target": -5.520652105274841, "params": {"C": 67.89811030444551, "epsilon": 11.17232045632096, "gamma": 0.11776454255259375, "lamda": 0.30326681405992467}, "datetime": {"datetime": "2021-09-19 11:05:33", "elapsed": 1218.65415, "delta": 14.574174}}
{"target": 0.8712389499391822, "params": {"C": 33.1605209381642, "epsilon": 4.436999314319801, "gamma": 0.19528945051283386, "lamda": 0.5218099689032387}, "datetime": {"datetime": "2021-09-19 11:05:35", "elapsed": 1220.158921, "delta": 1.504771}}
{"target": 0.8522448895124036, "params": {"C": 33.34205481887418, "epsilon": 4.735113155287504, "gamma": 0.27443807356557426, "lamda": 0.6336771031195508}, "datetime": {"datetime": "2021-09-19 11:05:36", "elapsed": 1221.356012, "delta": 1.197091}}
{"target": 0.8750606519822411, "params": {"C": 87.83650799913548, "epsilon": 7.622128826903271, "gamma": 0.1707749276423042, "lamda": 0.03949707886192066}, "datetime": {"datetime": "2021-09-19 11:05:37", "elapsed": 1222.470007, "delta": 1.113995}}
{"target": 0.8446228713798788, "params": {"C": 113.5236803467998, "epsilon": 9.146799649523674, "gamma": 0.28015839572142387, "lamda": 0.10156062954458274}, "datetime": {"datetime": "2021-09-19 11:05:38", "elapsed": 1223.510681, "delta": 1.040674}}
{"target": 0.8833588575059581, "params": {"C": 80.26875736894328, "epsilon": 9.505443674095742, "gamma": 0.1429703872617079, "lamda": 0.12847697415507758}, "datetime": {"datetime": "2021-09-19 11:05:39", "elapsed": 1224.671502, "delta": 1.160821}}
{"target": -4.210934167029422, "params": {"C": 115.8657072577925, "epsilon": 10.92300707715397, "gamma": 0.14719204474137673, "lamda": 1.0981652199867455}, "datetime": {"datetime": "2021-09-19 11:05:48", "elapsed": 1233.696276, "delta": 9.024774}}
{"target": -2.64675288782109, "params": {"C": 30.862947329709794, "epsilon": 6.523451519324363, "gamma": 0.09, "lamda": 0.5628854371327904}, "datetime": {"datetime": "2021-09-19 11:05:58", "elapsed": 1243.516117, "delta": 9.819841}}
{"target": 0.843359477017683, "params": {"C": 23.20297802882785, "epsilon": 13.773470415931847, "gamma": 0.29150513495330965, "lamda": 0.19072118555428158}, "datetime": {"datetime": "2021-09-19 11:05:59", "elapsed": 1244.531745, "delta": 1.015628}}
{"target": 0.8421787280429408, "params": {"C": 28.579479526714895, "epsilon": 8.45427918571674, "gamma": 0.3, "lamda": 0.001}, "datetime": {"datetime": "2021-09-19 11:06:01", "elapsed": 1246.228759, "delta": 1.697014}}
{"target": 0.8797675119270211, "params": {"C": 34.62912277852308, "epsilon": 3.9584064910643355, "gamma": 0.14808490627925783, "lamda": 1.1682550984446463}, "datetime": {"datetime": "2021-09-19 11:06:02", "elapsed": 1247.497697, "delta": 1.268938}}
{"target": 0.8637855486622337, "params": {"C": 30.112445053585482, "epsilon": 8.900917501743525, "gamma": 0.21874661125184344, "lamda": 0.021659810390451423}, "datetime": {"datetime": "2021-09-19 11:06:04", "elapsed": 1249.413388, "delta": 1.915691}}
{"target": 0.8446977971329255, "params": {"C": 28.12548428837323, "epsilon": 7.838919150060657, "gamma": 0.3, "lamda": 0.3693487354997751}, "datetime": {"datetime": "2021-09-19 11:06:06", "elapsed": 1250.854675, "delta": 1.441287}}
{"target": -3.344305479095482, "params": {"C": 36.05232531614978, "epsilon": 9.41455826975236, "gamma": 0.19040571906635478, "lamda": 0.8614350439716657}, "datetime": {"datetime": "2021-09-19 11:06:20", "elapsed": 1264.894827, "delta": 14.040152}}
{"target": -4.289672502323889, "params": {"C": 36.322628676638296, "epsilon": 11.35113096101778, "gamma": 0.14130846507914352, "lamda": 0.6990577314523607}, "datetime": {"datetime": "2021-09-19 11:06:34", "elapsed": 1279.297005, "delta": 14.402178}}
{"target": 0.8451836040448968, "params": {"C": 30.541079412619283, "epsilon": 7.168872509591303, "gamma": 0.29119406948446047, "lamda": 0.06723780672958068}, "datetime": {"datetime": "2021-09-19 11:06:36", "elapsed": 1280.794466, "delta": 1.497461}}
{"target": 0.8779460718859258, "params": {"C": 20.979854178210015, "epsilon": 4.157690037797751, "gamma": 0.13730299466167456, "lamda": 0.683158216569313}, "datetime": {"datetime": "2021-09-19 11:06:37", "elapsed": 1282.214535, "delta": 1.420069}}
{"target": 0.8610783535619587, "params": {"C": 30.24942040418676, "epsilon": 9.421726665186691, "gamma": 0.2316132403665251, "lamda": 0.001}, "datetime": {"datetime": "2021-09-19 11:06:38", "elapsed": 1283.713535, "delta": 1.499}}
{"target": -1.064966633002626, "params": {"C": 35.112398414260575, "epsilon": 4.124808196200531, "gamma": 0.19990100050470447, "lamda": 1.4785259705873433}, "datetime": {"datetime": "2021-09-19 11:06:47", "elapsed": 1292.762534, "delta": 9.048999}}
{"target": -4.384190172921671, "params": {"C": 92.3944906134952, "epsilon": 12.111261029350072, "gamma": 0.17612898836244895, "lamda": 0.5317728747407521}, "datetime": {"datetime": "2021-09-19 11:06:57", "elapsed": 1302.589026, "delta": 9.826492}}
{"target": -2.8990164696162712, "params": {"C": 71.06722956714844, "epsilon": 6.710101026180918, "gamma": 0.18361718112360464, "lamda": 1.1829702494316048}, "datetime": {"datetime": "2021-09-19 11:07:06", "elapsed": 1311.53575, "delta": 8.946724}}
{"target": 0.8732059849610198, "params": {"C": 21.201337280716164, "epsilon": 4.233082366620762, "gamma": 0.15990750027649994, "lamda": 1.04797774486842}, "datetime": {"datetime": "2021-09-19 11:07:08", "elapsed": 1313.658583, "delta": 2.122833}}
{"target": 0.846003469377054, "params": {"C": 38.438523223624834, "epsilon": 8.027170463047653, "gamma": 0.3, "lamda": 0.3585661549339599}, "datetime": {"datetime": "2021-09-19 11:07:10", "elapsed": 1315.37109, "delta": 1.712507}}
{"target": 0.8716669919984883, "params": {"C": 33.19534807047803, "epsilon": 4.4564545215380384, "gamma": 0.19076597830173403, "lamda": 0.5311748024122327}, "datetime": {"datetime": "2021-09-19 11:07:11", "elapsed": 1316.527343, "delta": 1.156253}}
{"target": 0.8703089949532523, "params": {"C": 21.139929355253734, "epsilon": 3.5929917430894918, "gamma": 0.17151168567217934, "lamda": 0.8294080934988489}, "datetime": {"datetime": "2021-09-19 11:07:13", "elapsed": 1318.287538, "delta": 1.760195}}
{"target": 0.849043597639116, "params": {"C": 38.81214061152639, "epsilon": 7.779480859800225, "gamma": 0.2797098532534872, "lamda": 0.6099437845996836}, "datetime": {"datetime": "2021-09-19 11:07:14", "elapsed": 1319.685819, "delta": 1.398281}}
{"target": 0.8589626761931842, "params": {"C": 21.56751327555359, "epsilon": 3.86611700721743, "gamma": 0.23208614925976812, "lamda": 0.8641292005480191}, "datetime": {"datetime": "2021-09-19 11:07:16", "elapsed": 1321.648419, "delta": 1.9626}}
{"target": 0.8859251143700801, "params": {"C": 34.54573214843925, "epsilon": 4.028837456724608, "gamma": 0.11762914241529668, "lamda": 0.690742394864651}, "datetime": {"datetime": "2021-09-19 11:07:18", "elapsed": 1323.557975, "delta": 1.909556}}
{"target": 0.8426386324163591, "params": {"C": 80.7040784795091, "epsilon": 9.550715640027645, "gamma": 0.3, "lamda": 0.12484922770824772}, "datetime": {"datetime": "2021-09-19 11:07:20", "elapsed": 1325.088411, "delta": 1.530436}}
{"target": -2.2384309361308503, "params": {"C": 112.03927041247607, "epsilon": 3.520777624235034, "gamma": 0.1618421686000173, "lamda": 1.2276298680211783}, "datetime": {"datetime": "2021-09-19 11:07:32", "elapsed": 1336.991069, "delta": 11.902658}}
{"target": 0.8743486896091572, "params": {"C": 37.53808896488267, "epsilon": 7.5829473685669075, "gamma": 0.17135222730163346, "lamda": 0.5257017852856904}, "datetime": {"datetime": "2021-09-19 11:07:33", "elapsed": 1338.578774, "delta": 1.587705}}
{"target": -7.237397003365922, "params": {"C": 104.95556979712589, "epsilon": 13.692110502845836, "gamma": 0.10520291348765352, "lamda": 0.3072887979439761}, "datetime": {"datetime": "2021-09-19 11:07:47", "elapsed": 1352.563749, "delta": 13.984975}}
{"target": 0.8469155012594587, "params": {"C": 37.41202633632844, "epsilon": 6.923204813647726, "gamma": 0.3, "lamda": 0.001}, "datetime": {"datetime": "2021-09-19 11:07:49", "elapsed": 1354.432543, "delta": 1.868794}}
{"target": 0.877121973359094, "params": {"C": 30.48526767489959, "epsilon": 8.256185213114883, "gamma": 0.15503836869844723, "lamda": 0.15435238537360724}, "datetime": {"datetime": "2021-09-19 11:07:51", "elapsed": 1356.598175, "delta": 2.165632}}
{"target": -3.3741508434305887, "params": {"C": 109.7782546835528, "epsilon": 8.394215646197548, "gamma": 0.10435621647539504, "lamda": 0.32241932669470014}, "datetime": {"datetime": "2021-09-19 11:08:00", "elapsed": 1365.435104, "delta": 8.836929}}
{"target": -5.497083538926906, "params": {"C": 39.096277824695726, "epsilon": 8.000038255928422, "gamma": 0.09, "lamda": 0.3299861573213877}, "datetime": {"datetime": "2021-09-19 11:08:15", "elapsed": 1380.063309, "delta": 14.628205}}
{"target": 0.8468911708486591, "params": {"C": 32.082080044013196, "epsilon": 5.376916682813146, "gamma": 0.2999836457608295, "lamda": 0.2792437033463635}, "datetime": {"datetime": "2021-09-19 11:08:16", "elapsed": 1381.588369, "delta": 1.52506}}
{"target": -1.121888199762815, "params": {"C": 102.0771721101831, "epsilon": 3.536391842617485, "gamma": 0.27070366092347353, "lamda": 0.23740581556271834}, "datetime": {"datetime": "2021-09-19 11:08:28", "elapsed": 1393.725466, "delta": 12.137097}}
{"target": -2.6099193870391497, "params": {"C": 32.260518838422584, "epsilon": 5.955306457280793, "gamma": 0.13583114035956947, "lamda": 0.13533339833909394}, "datetime": {"datetime": "2021-09-19 11:08:42", "elapsed": 1407.465467, "delta": 13.740001}}
{"target": -2.3857625895382037, "params": {"C": 64.55889793490776, "epsilon": 6.4593813808912195, "gamma": 0.19717940436757747, "lamda": 1.0081319183810176}, "datetime": {"datetime": "2021-09-19 11:08:51", "elapsed": 1416.347467, "delta": 8.882}}
{"target": 0.87154214289757, "params": {"C": 32.43695296557793, "epsilon": 4.719267181966806, "gamma": 0.18954810433125197, "lamda": 0.40312510618788905}, "datetime": {"datetime": "2021-09-19 11:08:53", "elapsed": 1418.128431, "delta": 1.780964}}
{"target": 0.8431871338788518, "params": {"C": 89.06001524638303, "epsilon": 9.979607267390827, "gamma": 0.29409599713980183, "lamda": 0.2863805680941831}, "datetime": {"datetime": "2021-09-19 11:08:54", "elapsed": 1419.24443, "delta": 1.115999}}
{"target": -1.6425400499481801, "params": {"C": 86.54529397714037, "epsilon": 3.598717367876596, "gamma": 0.21863774785400375, "lamda": 0.8782209358540278}, "datetime": {"datetime": "2021-09-19 11:09:06", "elapsed": 1431.681869, "delta": 12.437439}}
{"target": 0.8526617857568944, "params": {"C": 31.26061545221181, "epsilon": 5.625787590537171, "gamma": 0.270656171013016, "lamda": 0.23444725659037066}, "datetime": {"datetime": "2021-09-19 11:09:08", "elapsed": 1432.863122, "delta": 1.181253}}
{"target": 0.8665660795584319, "params": {"C": 31.658667951463286, "epsilon": 5.144925239255361, "gamma": 0.213937400275366, "lamda": 0.022297059163045838}, "datetime": {"datetime": "2021-09-19 11:09:09", "elapsed": 1434.528954, "delta": 1.665832}}
{"target": -2.2764471905835353, "params": {"C": 37.930118330895354, "epsilon": 7.993838150610447, "gamma": 0.10763910516208047, "lamda": 0.44401529157969394}, "datetime": {"datetime": "2021-09-19 11:09:19", "elapsed": 1444.242061, "delta": 9.713107}}
{"target": 0.8541029210759092, "params": {"C": 30.48709757976054, "epsilon": 5.866966089108727, "gamma": 0.26674759408660553, "lamda": 0.20319782225604208}, "datetime": {"datetime": "2021-09-19 11:09:21", "elapsed": 1445.970343, "delta": 1.728282}}
{"target": 0.8625987561168831, "params": {"C": 32.05168954628385, "epsilon": 4.609813871259771, "gamma": 0.23239851269996378, "lamda": 0.66177311258867}, "datetime": {"datetime": "2021-09-19 11:09:23", "elapsed": 1447.973536, "delta": 2.003193}}
{"target": 0.8851270970775742, "params": {"C": 33.52111252595359, "epsilon": 3.6415685889400997, "gamma": 0.1218061825895461, "lamda": 1.0401805368871726}, "datetime": {"datetime": "2021-09-19 11:09:25", "elapsed": 1449.779732, "delta": 1.806196}}
{"target": 0.8821242270208904, "params": {"C": 32.54781094084147, "epsilon": 4.774844242206193, "gamma": 0.13505350605663435, "lamda": 1.0153472074727827}, "datetime": {"datetime": "2021-09-19 11:09:26", "elapsed": 1451.029772, "delta": 1.25004}}
{"target": -2.4968201886961774, "params": {"C": 32.01639116740538, "epsilon": 4.818569864413771, "gamma": 0.14075668375357206, "lamda": 0.15307934484100658}, "datetime": {"datetime": "2021-09-19 11:09:40", "elapsed": 1465.201932, "delta": 14.17216}}
{"target": 0.8624042821295055, "params": {"C": 87.85040719798698, "epsilon": 7.595977207171756, "gamma": 0.22691804625394238, "lamda": 0.027834114300276363}, "datetime": {"datetime": "2021-09-19 11:09:41", "elapsed": 1466.383219, "delta": 1.181287}}
{"target": 0.8496350259929546, "params": {"C": 33.4858046263862, "epsilon": 4.040964760176118, "gamma": 0.2931846431213134, "lamda": 1.3184660717418792}, "datetime": {"datetime": "2021-09-19 11:09:42", "elapsed": 1467.595862, "delta": 1.212643}}
{"target": -2.3741601957159406, "params": {"C": 31.622989986690502, "epsilon": 5.444320564297301, "gamma": 0.10939004275420158, "lamda": 0.280997325347171}, "datetime": {"datetime": "2021-09-19 11:09:52", "elapsed": 1476.933332, "delta": 9.33747}}
{"target": 0.8603317896500431, "params": {"C": 31.68351870362063, "epsilon": 6.158772086415235, "gamma": 0.23686972925106867, "lamda": 0.7243967625494309}, "datetime": {"datetime": "2021-09-19 11:09:53", "elapsed": 1478.71868, "delta": 1.785348}}
{"target": -4.907779196427439, "params": {"C": 102.26108739143696, "epsilon": 10.292239424167224, "gamma": 0.12023046398108721, "lamda": 1.4381960363555772}, "datetime": {"datetime": "2021-09-19 11:10:08", "elapsed": 1493.29822, "delta": 14.57954}}
{"target": -3.11838216443068, "params": {"C": 90.4237540554531, "epsilon": 11.100700806750158, "gamma": 0.22668169611185265, "lamda": 0.731598922663598}, "datetime": {"datetime": "2021-09-19 11:10:17", "elapsed": 1502.342438, "delta": 9.044218}}
{"target": 0.8711507526701612, "params": {"C": 32.640614798590974, "epsilon": 4.2933452465458615, "gamma": 0.19335959954775556, "lamda": 0.13999662476204516}, "datetime": {"datetime": "2021-09-19 11:10:19", "elapsed": 1504.05504, "delta": 1.712602}}
{"target": -1.3975654722529605, "params": {"C": 32.259818383091535, "epsilon": 4.1719419536836515, "gamma": 0.22092211951766655, "lamda": 0.290822585104417}, "datetime": {"datetime": "2021-09-19 11:10:34", "elapsed": 1519.210162, "delta": 15.155122}}
{"target": 0.8458989251318727, "params": {"C": 39.55768832734268, "epsilon": 7.055828369660326, "gamma": 0.3, "lamda": 0.001}, "datetime": {"datetime": "2021-09-19 11:10:36", "elapsed": 1521.130163, "delta": 1.920001}}
{"target": 0.8559867498062247, "params": {"C": 37.879107221204826, "epsilon": 6.912857382048323, "gamma": 0.25658489376298027, "lamda": 0.06160266966257739}, "datetime": {"datetime": "2021-09-19 11:10:38", "elapsed": 1522.997164, "delta": 1.867001}}
{"target": -4.190761018918673, "params": {"C": 33.03871471492626, "epsilon": 4.442215329784976, "gamma": 0.09225149780642203, "lamda": 0.10776266147558196}, "datetime": {"datetime": "2021-09-19 11:10:44", "elapsed": 1529.244706, "delta": 6.247542}}
{"target": 0.8577655694231094, "params": {"C": 21.224155729302336, "epsilon": 3.130894252652991, "gamma": 0.235724662194393, "lamda": 1.2255261542215015}, "datetime": {"datetime": "2021-09-19 11:10:46", "elapsed": 1531.430382, "delta": 2.185676}}
{"target": 0.8620942537474219, "params": {"C": 33.940596358275144, "epsilon": 7.299427919047014, "gamma": 0.22417773369184613, "lamda": 0.5991833669157476}, "datetime": {"datetime": "2021-09-19 11:10:47", "elapsed": 1532.660384, "delta": 1.230002}}
{"target": -1.9952655040162148, "params": {"C": 112.45390966231474, "epsilon": 4.035657653432297, "gamma": 0.16757884009731416, "lamda": 0.7675734364037268}, "datetime": {"datetime": "2021-09-19 11:11:01", "elapsed": 1546.414383, "delta": 13.753999}}
{"target": -2.6459866469706297, "params": {"C": 31.38760382681696, "epsilon": 5.786524663358101, "gamma": 0.18332203715973944, "lamda": 1.0547355728542556}, "datetime": {"datetime": "2021-09-19 11:11:16", "elapsed": 1561.136686, "delta": 14.722303}}
{"target": 0.8561137242593266, "params": {"C": 30.909510473339424, "epsilon": 5.4977916915136635, "gamma": 0.2579522107288837, "lamda": 0.05789878146658491}, "datetime": {"datetime": "2021-09-19 11:11:18", "elapsed": 1563.327783, "delta": 2.191097}}
{"target": -4.008511211616613, "params": {"C": 81.78135343713562, "epsilon": 13.022680961809877, "gamma": 0.21981794876416108, "lamda": 1.025200880774772}, "datetime": {"datetime": "2021-09-19 11:11:32", "elapsed": 1577.661198, "delta": 14.333415}}
{"target": 0.8640591618722, "params": {"C": 20.488478618266896, "epsilon": 3.536669227989261, "gamma": 0.19334301263519893, "lamda": 0.12244993175086236}, "datetime": {"datetime": "2021-09-19 11:11:34", "elapsed": 1579.429468, "delta": 1.76827}}
{"target": 0.8756899253245931, "params": {"C": 32.841250125280794, "epsilon": 4.341374986937674, "gamma": 0.1650595676524015, "lamda": 0.8638536505587882}, "datetime": {"datetime": "2021-09-19 11:11:36", "elapsed": 1581.464221, "delta": 2.034753}}
{"target": 0.8820087723673734, "params": {"C": 31.14041432920483, "epsilon": 8.37571927572132, "gamma": 0.13353747860064058, "lamda": 0.13795646682824728}, "datetime": {"datetime": "2021-09-19 11:11:38", "elapsed": 1583.109298, "delta": 1.645077}}
{"target": 0.8469185020317864, "params": {"C": 39.32720247952557, "epsilon": 7.121678983121464, "gamma": 0.2984156090234483, "lamda": 0.4252079056250197}, "datetime": {"datetime": "2021-09-19 11:11:41", "elapsed": 1585.97376, "delta": 2.864462}}
{"target": -1.416406200193841, "params": {"C": 58.6186331573162, "epsilon": 2.339212578079639, "gamma": 0.24535274396716475, "lamda": 0.6245817163512963}, "datetime": {"datetime": "2021-09-19 11:11:51", "elapsed": 1596.373591, "delta": 10.399831}}
{"target": -4.426730496946123, "params": {"C": 31.109491983424224, "epsilon": 7.7574691425931945, "gamma": 0.11376568091033877, "lamda": 0.4888844544682373}, "datetime": {"datetime": "2021-09-19 11:12:05", "elapsed": 1610.644184, "delta": 14.270593}}
{"target": 0.8462409443571992, "params": {"C": 21.559559288809396, "epsilon": 3.4906229227424213, "gamma": 0.2896119801162499, "lamda": 0.9588453596331385}, "datetime": {"datetime": "2021-09-19 11:12:07", "elapsed": 1612.711335, "delta": 2.067151}}
{"target": 0.8698662252567892, "params": {"C": 29.54839827050359, "epsilon": 3.1647786597131793, "gamma": 0.1981937983723574, "lamda": 1.3860292361008646}, "datetime": {"datetime": "2021-09-19 11:12:09", "elapsed": 1614.024025, "delta": 1.31269}}
{"target": 0.8807006244759474, "params": {"C": 20.64810608146142, "epsilon": 3.7638283804043056, "gamma": 0.1142221288903144, "lamda": 0.49537699754358144}, "datetime": {"datetime": "2021-09-19 11:12:10", "elapsed": 1615.698069, "delta": 1.674044}}
{"target": -2.2139883544666223, "params": {"C": 105.57584476967764, "epsilon": 3.634289841522119, "gamma": 0.16562289768983357, "lamda": 0.22895116563308732}, "datetime": {"datetime": "2021-09-19 11:12:23", "elapsed": 1628.02343, "delta": 12.325361}}
{"target": 0.8644050645331555, "params": {"C": 25.11533957940129, "epsilon": 5.478542343518175, "gamma": 0.2134801402938417, "lamda": 0.8457458715585263}, "datetime": {"datetime": "2021-09-19 11:12:24", "elapsed": 1629.501904, "delta": 1.478474}}
{"target": 0.843612490969086, "params": {"C": 28.886028036344452, "epsilon": 7.494623471373778, "gamma": 0.3, "lamda": 0.001}, "datetime": {"datetime": "2021-09-19 11:12:27", "elapsed": 1632.152316, "delta": 2.650412}}
{"target": -1.10481206060048, "params": {"C": 106.95857798246644, "epsilon": 12.055990689700558, "gamma": 0.23261446840047717, "lamda": 0.4239610643127096}, "datetime": {"datetime": "2021-09-19 11:12:36", "elapsed": 1641.247721, "delta": 9.095405}}
{"target": 0.8463883405250213, "params": {"C": 38.6036422792124, "epsilon": 7.450029537264407, "gamma": 0.3, "lamda": 0.6113579744803725}, "datetime": {"datetime": "2021-09-19 11:12:38", "elapsed": 1643.25996, "delta": 2.012239}}
{"target": 0.8674948603019881, "params": {"C": 109.66159573153591, "epsilon": 13.309719743670222, "gamma": 0.17798510088696395, "lamda": 0.014386617976732366}, "datetime": {"datetime": "2021-09-19 11:12:39", "elapsed": 1644.594953, "delta": 1.334993}}
{"target": 0.8408853410627843, "params": {"C": 28.247691359691387, "epsilon": 10.949454812547678, "gamma": 0.3, "lamda": 0.001}, "datetime": {"datetime": "2021-09-19 11:12:41", "elapsed": 1646.535383, "delta": 1.94043}}
{"target": 0.854639693897162, "params": {"C": 20.230538408404367, "epsilon": 3.554535399601097, "gamma": 0.23995684151330735, "lamda": 0.5143712792180292}, "datetime": {"datetime": "2021-09-19 11:12:43", "elapsed": 1648.555479, "delta": 2.020096}}
