{"target": -5.162926897390334, "params": {"C": 27.251175949912636, "epsilon": 9.632808572448239, "gamma": 0.10243704928592387, "lamda": 0.25359096254342645}, "datetime": {"datetime": "2021-09-19 10:51:37", "elapsed": 382.742818, "delta": 14.110883}}
{"target": 0.8582156283266799, "params": {"C": 30.89929005670932, "epsilon": 7.710352326215365, "gamma": 0.2415829615974405, "lamda": 0.11492805052396211}, "datetime": {"datetime": "2021-09-19 10:51:38", "elapsed": 383.283856, "delta": 0.541038}}
{"target": 0.843716719543323, "params": {"C": 27.78039326178069, "epsilon": 8.654986511895418, "gamma": 0.3, "lamda": 0.001}, "datetime": {"datetime": "2021-09-19 10:51:39", "elapsed": 383.904815, "delta": 0.620959}}
{"target": 0.8596132103944949, "params": {"C": 80.41199823763728, "epsilon": 10.280754097563777, "gamma": 0.22696716443897555, "lamda": 0.6232259344176326}, "datetime": {"datetime": "2021-09-19 10:51:39", "elapsed": 384.422816, "delta": 0.518001}}
{"target": 0.8628674593944137, "params": {"C": 31.79396702660087, "epsilon": 7.223718619766154, "gamma": 0.22868348932512808, "lamda": 0.023111067250847585}, "datetime": {"datetime": "2021-09-19 10:51:40", "elapsed": 385.060393, "delta": 0.637577}}
{"target": 0.8697118029278224, "params": {"C": 47.566424853790124, "epsilon": 6.715227190297977, "gamma": 0.20931582602595966, "lamda": 0.1803343848702509}, "datetime": {"datetime": "2021-09-19 10:51:40", "elapsed": 385.731356, "delta": 0.670963}}
{"target": -5.507148765707532, "params": {"C": 29.76677974190455, "epsilon": 7.6439044429521275, "gamma": 0.0902223939422414, "lamda": 0.00866935376530669}, "datetime": {"datetime": "2021-09-19 10:51:49", "elapsed": 394.419552, "delta": 8.688196}}
{"target": 0.8572123709707532, "params": {"C": 34.54495122762104, "epsilon": 4.884158664522305, "gamma": 0.25613959276912457, "lamda": 1.2643983024229695}, "datetime": {"datetime": "2021-09-19 10:51:50", "elapsed": 395.246845, "delta": 0.827293}}
{"target": -3.6539722916504065, "params": {"C": 94.51836585379812, "epsilon": 3.4160025012801083, "gamma": 0.09226557668053656, "lamda": 0.8849857833527505}, "datetime": {"datetime": "2021-09-19 10:51:59", "elapsed": 403.794451, "delta": 8.547606}}
{"target": 0.8565789122487443, "params": {"C": 20.705869300539852, "epsilon": 4.034194922619438, "gamma": 0.23559938748203665, "lamda": 1.1119512972446246}, "datetime": {"datetime": "2021-09-19 10:51:59", "elapsed": 404.346152, "delta": 0.551701}}
{"target": 0.8698144592063811, "params": {"C": 28.483029918888352, "epsilon": 8.125125495518539, "gamma": 0.18909072890458073, "lamda": 0.2750267377976631}, "datetime": {"datetime": "2021-09-19 10:52:00", "elapsed": 405.002405, "delta": 0.656253}}
{"target": 0.8644769964253916, "params": {"C": 33.10573639016685, "epsilon": 5.468893539933157, "gamma": 0.2252321128615368, "lamda": 1.254203990062212}, "datetime": {"datetime": "2021-09-19 10:52:00", "elapsed": 405.643685, "delta": 0.64128}}
{"target": 0.8678330487841044, "params": {"C": 74.22422509783655, "epsilon": 9.523758160768631, "gamma": 0.19458041410738114, "lamda": 0.27484131923286464}, "datetime": {"datetime": "2021-09-19 10:52:01", "elapsed": 406.192475, "delta": 0.54879}}
{"target": 0.8436049297762704, "params": {"C": 30.736107886345707, "epsilon": 7.24810339383723, "gamma": 0.3, "lamda": 0.6394368729777855}, "datetime": {"datetime": "2021-09-19 10:52:02", "elapsed": 406.958717, "delta": 0.766242}}
{"target": 0.8600532785575153, "params": {"C": 92.10786590065483, "epsilon": 13.00403514297535, "gamma": 0.22476719787124072, "lamda": 0.3410160020088717}, "datetime": {"datetime": "2021-09-19 10:52:02", "elapsed": 407.599338, "delta": 0.640621}}
{"target": 0.8852224440905274, "params": {"C": 30.909106454764284, "epsilon": 8.82087457968459, "gamma": 0.11837297283073431, "lamda": 0.0062683590393591}, "datetime": {"datetime": "2021-09-19 10:52:03", "elapsed": 408.132424, "delta": 0.533086}}
{"target": 0.8444616489439448, "params": {"C": 30.24338163430255, "epsilon": 6.435119348166277, "gamma": 0.3, "lamda": 0.34673984841748184}, "datetime": {"datetime": "2021-09-19 10:52:04", "elapsed": 408.929302, "delta": 0.796878}}
{"target": -4.440193897745912, "params": {"C": 29.166694838132305, "epsilon": 6.553541303632517, "gamma": 0.10831732834706781, "lamda": 0.38240385038335717}, "datetime": {"datetime": "2021-09-19 10:52:18", "elapsed": 422.801473, "delta": 13.872171}}
{"target": 0.8473211646259403, "params": {"C": 29.753276673416032, "epsilon": 9.392966683808673, "gamma": 0.2777749633049047, "lamda": 0.04559355338851153}, "datetime": {"datetime": "2021-09-19 10:52:18", "elapsed": 423.613979, "delta": 0.812506}}
{"target": -6.100253199672741, "params": {"C": 39.47197682613676, "epsilon": 12.499395827587799, "gamma": 0.09110621110983566, "lamda": 0.18091821797689508}, "datetime": {"datetime": "2021-09-19 10:52:32", "elapsed": 437.519216, "delta": 13.905237}}
{"target": -1.783383933925232, "params": {"C": 69.77630718702183, "epsilon": 5.0416301874648255, "gamma": 0.22073423564706138, "lamda": 1.2387599464361587}, "datetime": {"datetime": "2021-09-19 10:52:41", "elapsed": 445.855462, "delta": 8.336246}}
{"target": 0.8816602449420576, "params": {"C": 21.659549871289457, "epsilon": 4.100897640719867, "gamma": 0.11560972443130366, "lamda": 1.271332559448626}, "datetime": {"datetime": "2021-09-19 10:52:41", "elapsed": 446.497427, "delta": 0.641965}}
{"target": 0.8655547345540779, "params": {"C": 31.795221594075187, "epsilon": 5.054624778259928, "gamma": 0.22132659313236466, "lamda": 0.6321635010334709}, "datetime": {"datetime": "2021-09-19 10:52:42", "elapsed": 447.076272, "delta": 0.578845}}
{"target": 0.8752812894102792, "params": {"C": 32.5710081169206, "epsilon": 4.753127792416924, "gamma": 0.1667872805734134, "lamda": 1.0026282975576672}, "datetime": {"datetime": "2021-09-19 10:52:43", "elapsed": 447.795026, "delta": 0.718754}}
{"target": -3.097915954801855, "params": {"C": 34.99704097418378, "epsilon": 5.661484425192481, "gamma": 0.09, "lamda": 1.5}, "datetime": {"datetime": "2021-09-19 10:52:51", "elapsed": 456.446033, "delta": 8.651007}}
{"target": 0.8437665394512464, "params": {"C": 21.588370782457183, "epsilon": 3.4086313644402737, "gamma": 0.3, "lamda": 1.5}, "datetime": {"datetime": "2021-09-19 10:52:52", "elapsed": 457.112501, "delta": 0.666468}}
{"target": -1.4297259639115536, "params": {"C": 61.940083823469855, "epsilon": 5.831961757612987, "gamma": 0.22918908237171118, "lamda": 0.8462003569621069}, "datetime": {"datetime": "2021-09-19 10:53:04", "elapsed": 468.810522, "delta": 11.698021}}
{"target": -5.344072106131441, "params": {"C": 61.691923786701956, "epsilon": 12.546006317004183, "gamma": 0.14888691860246356, "lamda": 0.9731508017439242}, "datetime": {"datetime": "2021-09-19 10:53:18", "elapsed": 482.831053, "delta": 14.020531}}
{"target": 0.859468925156704, "params": {"C": 35.09198695245853, "epsilon": 4.2425290662160196, "gamma": 0.24811440199459767, "lamda": 0.9832560408368435}, "datetime": {"datetime": "2021-09-19 10:53:18", "elapsed": 483.53418, "delta": 0.703127}}
{"target": 0.8704809736978482, "params": {"C": 38.22266065529219, "epsilon": 7.574957019062199, "gamma": 0.19146580181767975, "lamda": 0.38508124107959474}, "datetime": {"datetime": "2021-09-19 10:53:19", "elapsed": 484.223152, "delta": 0.688972}}
{"target": -3.563551196954699, "params": {"C": 37.80296784441586, "epsilon": 9.17616906609475, "gamma": 0.18130455025298234, "lamda": 0.8596743807883107}, "datetime": {"datetime": "2021-09-19 10:53:33", "elapsed": 497.813956, "delta": 13.590804}}
{"target": 0.8770593723213828, "params": {"C": 29.545784380771238, "epsilon": 3.151345315450415, "gamma": 0.15591574904165106, "lamda": 1.381635857877046}, "datetime": {"datetime": "2021-09-19 10:53:33", "elapsed": 498.409533, "delta": 0.595577}}
{"target": 0.8521186308971538, "params": {"C": 31.463657298723827, "epsilon": 4.939697531482199, "gamma": 0.27503562223937505, "lamda": 1.3094538425162094}, "datetime": {"datetime": "2021-09-19 10:53:34", "elapsed": 498.972034, "delta": 0.562501}}
{"target": 0.8547959697495765, "params": {"C": 28.62209363521096, "epsilon": 7.375850419414592, "gamma": 0.256019356640924, "lamda": 0.2628800574809558}, "datetime": {"datetime": "2021-09-19 10:53:35", "elapsed": 500.106296, "delta": 1.134262}}
{"target": -2.106701953419953, "params": {"C": 29.10661773776311, "epsilon": 2.461379037056625, "gamma": 0.18108043023388448, "lamda": 1.5}, "datetime": {"datetime": "2021-09-19 10:53:49", "elapsed": 514.62334, "delta": 14.517044}}
{"target": -1.9301637519161683, "params": {"C": 97.15833816578164, "epsilon": 8.171407847662293, "gamma": 0.2114930651707172, "lamda": 0.5493570870514987}, "datetime": {"datetime": "2021-09-19 10:54:04", "elapsed": 529.014368, "delta": 14.391028}}
{"target": 0.8512897313645077, "params": {"C": 31.9606394635182, "epsilon": 5.061141796009609, "gamma": 0.27627314825659965, "lamda": 0.633923155167405}, "datetime": {"datetime": "2021-09-19 10:54:04", "elapsed": 529.75895, "delta": 0.744582}}
{"target": 0.8500997282292188, "params": {"C": 20.69620886446915, "epsilon": 4.028997823194309, "gamma": 0.2624667723723223, "lamda": 0.234858640058119}, "datetime": {"datetime": "2021-09-19 10:54:05", "elapsed": 530.636041, "delta": 0.877091}}
{"target": 0.8798429265795005, "params": {"C": 34.968604557026, "epsilon": 6.106991232345308, "gamma": 0.14265755179617268, "lamda": 0.015562851457642485}, "datetime": {"datetime": "2021-09-19 10:54:06", "elapsed": 531.604794, "delta": 0.968753}}
{"target": 0.8694324272407776, "params": {"C": 38.54695897250175, "epsilon": 6.843041500617893, "gamma": 0.19882837835909145, "lamda": 0.1467264659539753}, "datetime": {"datetime": "2021-09-19 10:54:07", "elapsed": 532.513028, "delta": 0.908234}}
{"target": 0.8785742579326052, "params": {"C": 37.516850417909694, "epsilon": 6.898154163722278, "gamma": 0.1556009686896095, "lamda": 0.38875429086305047}, "datetime": {"datetime": "2021-09-19 10:54:08", "elapsed": 533.278653, "delta": 0.765625}}
{"target": 0.8733642210354028, "params": {"C": 25.15763228705801, "epsilon": 5.449181279781588, "gamma": 0.1691727868184842, "lamda": 0.8350809542808477}, "datetime": {"datetime": "2021-09-19 10:54:09", "elapsed": 533.903654, "delta": 0.625001}}
{"target": -3.423402036346509, "params": {"C": 38.16382990240025, "epsilon": 6.904603722586734, "gamma": 0.15441178352712404, "lamda": 1.1271349305769378}, "datetime": {"datetime": "2021-09-19 10:54:22", "elapsed": 547.653002, "delta": 13.749348}}
{"target": 0.8714622005681932, "params": {"C": 39.23063631996198, "epsilon": 7.4079204960655805, "gamma": 0.18436469095434813, "lamda": 0.13005761444824365}, "datetime": {"datetime": "2021-09-19 10:54:23", "elapsed": 548.685504, "delta": 1.032502}}
{"target": 0.8725009481124184, "params": {"C": 36.93911663659844, "epsilon": 6.982734415824154, "gamma": 0.18308657299767056, "lamda": 0.028054861797493988}, "datetime": {"datetime": "2021-09-19 10:54:24", "elapsed": 549.419884, "delta": 0.73438}}
{"target": -2.2599198670628358, "params": {"C": 92.95120264423859, "epsilon": 9.532519268386636, "gamma": 0.2661488599230663, "lamda": 1.1375947133027657}, "datetime": {"datetime": "2021-09-19 10:54:33", "elapsed": 557.805584, "delta": 8.3857}}
{"target": 0.8772439163671618, "params": {"C": 37.559705365266986, "epsilon": 7.956038345110038, "gamma": 0.15805441046075028, "lamda": 0.11974797976733383}, "datetime": {"datetime": "2021-09-19 10:54:33", "elapsed": 558.744105, "delta": 0.938521}}
{"target": 0.8847180612263342, "params": {"C": 34.5666571945083, "epsilon": 5.4825831151582385, "gamma": 0.12333882045115835, "lamda": 0.6954767103102474}, "datetime": {"datetime": "2021-09-19 10:54:34", "elapsed": 559.389104, "delta": 0.644999}}
{"target": 0.8610817793992052, "params": {"C": 36.644009249856936, "epsilon": 7.848293847002742, "gamma": 0.22701898724975642, "lamda": 0.4341657838703074}, "datetime": {"datetime": "2021-09-19 10:54:35", "elapsed": 560.367733, "delta": 0.978629}}
{"target": 0.8463180545868635, "params": {"C": 39.39589564618934, "epsilon": 6.559598900506552, "gamma": 0.3, "lamda": 0.001}, "datetime": {"datetime": "2021-09-19 10:54:36", "elapsed": 561.245735, "delta": 0.878002}}
{"target": -4.0248342316702415, "params": {"C": 58.42312552112771, "epsilon": 2.439987601912303, "gamma": 0.10349197953666832, "lamda": 0.3241965114805777}, "datetime": {"datetime": "2021-09-19 10:54:45", "elapsed": 569.824446, "delta": 8.578711}}
{"target": -2.208806859795836, "params": {"C": 36.41058893929992, "epsilon": 7.0616543878202, "gamma": 0.25207410756509474, "lamda": 0.7049492616198593}, "datetime": {"datetime": "2021-09-19 10:54:59", "elapsed": 583.858217, "delta": 14.033771}}
{"target": 0.890362835937146, "params": {"C": 38.67515726281475, "epsilon": 8.049445985983972, "gamma": 0.09, "lamda": 0.001}, "datetime": {"datetime": "2021-09-19 10:54:59", "elapsed": 584.720384, "delta": 0.862167}}
{"target": -4.348788462394143, "params": {"C": 36.293560025777374, "epsilon": 8.500263403209043, "gamma": 0.09482221759990947, "lamda": 0.04411645950799237}, "datetime": {"datetime": "2021-09-19 10:55:09", "elapsed": 593.927875, "delta": 9.207491}}
{"target": 0.8783097556470366, "params": {"C": 38.49265316611945, "epsilon": 6.857564751654318, "gamma": 0.15600037301396213, "lamda": 0.21465328754239407}, "datetime": {"datetime": "2021-09-19 10:55:09", "elapsed": 594.71663, "delta": 0.788755}}
{"target": -4.33009378210886, "params": {"C": 72.49299533781506, "epsilon": 3.030718987036454, "gamma": 0.10551326723907137, "lamda": 0.7978403716008758}, "datetime": {"datetime": "2021-09-19 10:55:23", "elapsed": 607.962015, "delta": 13.245385}}
{"target": -3.4799239597264764, "params": {"C": 80.41559747379898, "epsilon": 10.362890584392744, "gamma": 0.2037890900567022, "lamda": 0.6697173300344932}, "datetime": {"datetime": "2021-09-19 10:55:31", "elapsed": 616.565884, "delta": 8.603869}}
{"target": 0.8755729670657827, "params": {"C": 31.953478991736276, "epsilon": 5.1668705043536995, "gamma": 0.1652662044884547, "lamda": 0.9056174056190864}, "datetime": {"datetime": "2021-09-19 10:55:32", "elapsed": 617.425413, "delta": 0.859529}}
{"target": 0.8549480822725022, "params": {"C": 58.69756845351877, "epsilon": 9.212225949613021, "gamma": 0.2500510979698367, "lamda": 0.5618737920345803}, "datetime": {"datetime": "2021-09-19 10:55:33", "elapsed": 618.237916, "delta": 0.812503}}
{"target": 0.8726962954482783, "params": {"C": 34.17503289170482, "epsilon": 4.553851129256831, "gamma": 0.18581406298945463, "lamda": 1.0609137128532062}, "datetime": {"datetime": "2021-09-19 10:55:34", "elapsed": 619.052355, "delta": 0.814439}}
{"target": 0.8473662986562924, "params": {"C": 73.42365220176313, "epsilon": 6.305257660205422, "gamma": 0.29644132586544514, "lamda": 0.04476266061179276}, "datetime": {"datetime": "2021-09-19 10:55:34", "elapsed": 619.69298, "delta": 0.640625}}
{"target": -1.4942153520964783, "params": {"C": 75.83545014637437, "epsilon": 4.172456590188323, "gamma": 0.21986000917736068, "lamda": 0.12320347054892276}, "datetime": {"datetime": "2021-09-19 10:55:47", "elapsed": 632.613437, "delta": 12.920457}}
{"target": 0.8527894514026434, "params": {"C": 33.924717404797384, "epsilon": 4.227643885079589, "gamma": 0.27337121575170265, "lamda": 0.8860534345416495}, "datetime": {"datetime": "2021-09-19 10:55:48", "elapsed": 633.550898, "delta": 0.937461}}
{"target": 0.8551013050823495, "params": {"C": 80.75894979163593, "epsilon": 10.136609253657426, "gamma": 0.2575274865224479, "lamda": 0.4428030941285339}, "datetime": {"datetime": "2021-09-19 10:55:49", "elapsed": 634.493096, "delta": 0.942198}}
{"target": 0.8657648535210891, "params": {"C": 80.4396390684295, "epsilon": 9.856664672785701, "gamma": 0.19474288406542783, "lamda": 0.2640616015537862}, "datetime": {"datetime": "2021-09-19 10:55:50", "elapsed": 635.368144, "delta": 0.875048}}
{"target": 0.852208234731677, "params": {"C": 32.32634570038511, "epsilon": 5.185043555408618, "gamma": 0.2735493341529591, "lamda": 1.0458596599014411}, "datetime": {"datetime": "2021-09-19 10:55:51", "elapsed": 636.195475, "delta": 0.827331}}
{"target": 0.8589169738314759, "params": {"C": 80.1788148417137, "epsilon": 10.0373668789765, "gamma": 0.24963583157378677, "lamda": 0.5933927317312238}, "datetime": {"datetime": "2021-09-19 10:55:52", "elapsed": 637.132784, "delta": 0.937309}}
{"target": -2.209595565485667, "params": {"C": 118.03202380895787, "epsilon": 4.419186993637039, "gamma": 0.1393831189967041, "lamda": 0.9872317914157897}, "datetime": {"datetime": "2021-09-19 10:56:00", "elapsed": 645.659445, "delta": 8.526661}}
{"target": -1.360040162127011, "params": {"C": 40.97885648359077, "epsilon": 3.838052985789284, "gamma": 0.22673534127536255, "lamda": 0.5454770450010641}, "datetime": {"datetime": "2021-09-19 10:56:15", "elapsed": 660.340783, "delta": 14.681338}}
{"target": 0.8588251427846088, "params": {"C": 34.56731707187975, "epsilon": 4.540920987931461, "gamma": 0.2495439525453611, "lamda": 0.9637057617519661}, "datetime": {"datetime": "2021-09-19 10:56:16", "elapsed": 661.276942, "delta": 0.936159}}
{"target": -3.429122941596523, "params": {"C": 80.75893366461764, "epsilon": 10.24662282764646, "gamma": 0.19738480453612436, "lamda": 0.6865254188151892}, "datetime": {"datetime": "2021-09-19 10:56:25", "elapsed": 669.788989, "delta": 8.512047}}
{"target": 0.868098803118091, "params": {"C": 34.320726596235474, "epsilon": 4.8596864903341634, "gamma": 0.2091918986637761, "lamda": 0.9039166075072537}, "datetime": {"datetime": "2021-09-19 10:56:25", "elapsed": 670.730198, "delta": 0.941209}}
{"target": -1.504363886684195, "params": {"C": 80.50688215747962, "epsilon": 10.108402851491745, "gamma": 0.1863757071050205, "lamda": 0.20079579318754556}, "datetime": {"datetime": "2021-09-19 10:56:34", "elapsed": 679.441456, "delta": 8.711258}}
{"target": -1.2307758776423685, "params": {"C": 80.48849342241405, "epsilon": 9.99391047779902, "gamma": 0.23090943660228844, "lamda": 0.5973596153702437}, "datetime": {"datetime": "2021-09-19 10:56:43", "elapsed": 688.337774, "delta": 8.896318}}
{"target": 0.8501007087359295, "params": {"C": 34.25294209551186, "epsilon": 4.530095961468096, "gamma": 0.28674908030127005, "lamda": 0.7946632253024996}, "datetime": {"datetime": "2021-09-19 10:56:44", "elapsed": 689.498235, "delta": 1.160461}}
{"target": -1.4124374337710117, "params": {"C": 95.05843111174582, "epsilon": 6.962921042601566, "gamma": 0.2010239990366242, "lamda": 1.0954948954734316}, "datetime": {"datetime": "2021-09-19 10:56:53", "elapsed": 697.997304, "delta": 8.499069}}
{"target": -2.69420758908899, "params": {"C": 32.263858887101364, "epsilon": 5.476113446953813, "gamma": 0.10656533044126315, "lamda": 1.081979538862833}, "datetime": {"datetime": "2021-09-19 10:57:02", "elapsed": 706.830029, "delta": 8.832725}}
{"target": 0.8655524773743628, "params": {"C": 32.33791248614755, "epsilon": 5.124236722735712, "gamma": 0.21757579995461854, "lamda": 1.0175158369076145}, "datetime": {"datetime": "2021-09-19 10:57:02", "elapsed": 707.544062, "delta": 0.714033}}
{"target": -3.448503244776698, "params": {"C": 96.64755196581876, "epsilon": 8.209811124171885, "gamma": 0.10369231649758212, "lamda": 1.4453516697047852}, "datetime": {"datetime": "2021-09-19 10:57:11", "elapsed": 716.290185, "delta": 8.746123}}
{"target": 0.862628004966673, "params": {"C": 20.527949462088447, "epsilon": 3.6860163638023713, "gamma": 0.20040188713559973, "lamda": 1.249288620868193}, "datetime": {"datetime": "2021-09-19 10:57:12", "elapsed": 717.299561, "delta": 1.009376}}
{"target": 0.8634200397209866, "params": {"C": 31.696311487145962, "epsilon": 4.956991059933706, "gamma": 0.2304592155159976, "lamda": 1.0183061985203214}, "datetime": {"datetime": "2021-09-19 10:57:13", "elapsed": 718.158932, "delta": 0.859371}}
{"target": 0.8496127880113832, "params": {"C": 115.33453827783575, "epsilon": 11.237900127105082, "gamma": 0.2592386235029223, "lamda": 0.4591134998634865}, "datetime": {"datetime": "2021-09-19 10:57:14", "elapsed": 718.934862, "delta": 0.77593}}
{"target": 0.8619229746771497, "params": {"C": 33.83825329752647, "epsilon": 4.720055222386116, "gamma": 0.2343023888826938, "lamda": 1.2619043583876772}, "datetime": {"datetime": "2021-09-19 10:57:15", "elapsed": 719.903619, "delta": 0.968757}}
{"target": 0.8842306992253585, "params": {"C": 34.00220605187052, "epsilon": 4.991009363323837, "gamma": 0.12543126947700103, "lamda": 1.0975354162210254}, "datetime": {"datetime": "2021-09-19 10:57:16", "elapsed": 720.886347, "delta": 0.982728}}
{"target": 0.848767951768252, "params": {"C": 34.403723915005045, "epsilon": 4.578041698120169, "gamma": 0.3, "lamda": 1.2814225899908922}, "datetime": {"datetime": "2021-09-19 10:57:17", "elapsed": 721.973864, "delta": 1.087517}}
{"target": 0.8681329106761732, "params": {"C": 28.59426158237949, "epsilon": 7.111032092248901, "gamma": 0.19683603834655677, "lamda": 0.03454472677256422}, "datetime": {"datetime": "2021-09-19 10:57:18", "elapsed": 723.087024, "delta": 1.11316}}
{"target": 0.8633670261048384, "params": {"C": 34.04087351194275, "epsilon": 3.9026385576429012, "gamma": 0.23169644563571126, "lamda": 1.0303688648530474}, "datetime": {"datetime": "2021-09-19 10:57:19", "elapsed": 724.165107, "delta": 1.078083}}
{"target": -3.9945840620031587, "params": {"C": 84.79931457954298, "epsilon": 10.227891300207586, "gamma": 0.16257618782523658, "lamda": 1.2929676994590122}, "datetime": {"datetime": "2021-09-19 10:57:33", "elapsed": 738.055949, "delta": 13.890842}}
{"target": 0.88137166249716, "params": {"C": 34.04025797581136, "epsilon": 4.867806123423888, "gamma": 0.13592393588886942, "lamda": 0.7287261383675836}, "datetime": {"datetime": "2021-09-19 10:57:34", "elapsed": 739.174715, "delta": 1.118766}}
