{"target": -11.755882070941869, "params": {"C": 71.78676518078134, "epsilon": 29.508247933112287, "gamma": 0.09011060089980297, "lamda": 0.36698098023423836}, "datetime": {"datetime": "2021-09-19 20:26:38", "elapsed": 2051.887374, "delta": 15.142001}}
{"target": -12.174547885846383, "params": {"C": 80.4649488406393, "epsilon": 29.742410607255884, "gamma": 0.09291687648331325, "lamda": 0.9602385722022775}, "datetime": {"datetime": "2021-09-19 20:26:53", "elapsed": 2066.878372, "delta": 14.990998}}
{"target": -3.791914720415579, "params": {"C": 86.2200051465293, "epsilon": 26.164389503239306, "gamma": 0.0844790535117588, "lamda": 0.10416020858306653}, "datetime": {"datetime": "2021-09-19 20:27:07", "elapsed": 2080.99637, "delta": 14.117998}}
{"target": -3.4917862820668164, "params": {"C": 78.20717456313523, "epsilon": 27.6496404053603, "gamma": 0.0992849657207638, "lamda": 0.13628074011087038}, "datetime": {"datetime": "2021-09-19 20:27:20", "elapsed": 2093.99737, "delta": 13.001}}
{"target": -1.422763019804648, "params": {"C": 81.2173687406079, "epsilon": 26.385392216240202, "gamma": 0.09109333734498322, "lamda": 0.05606724403513649}, "datetime": {"datetime": "2021-09-19 20:27:30", "elapsed": 2103.56537, "delta": 9.568}}
{"target": -1.9001607687837163, "params": {"C": 66.08742413278819, "epsilon": 29.916166188410777, "gamma": 0.06344978077262484, "lamda": 0.04742802103933309}, "datetime": {"datetime": "2021-09-19 20:27:40", "elapsed": 2113.220447, "delta": 9.655077}}
{"target": -13.408449487607593, "params": {"C": 83.44439308382927, "epsilon": 29.952256691463, "gamma": 0.05221385945674681, "lamda": 0.11869004457073126}, "datetime": {"datetime": "2021-09-19 20:27:55", "elapsed": 2128.279514, "delta": 15.059067}}
{"target": -12.204761625610566, "params": {"C": 84.75966857635345, "epsilon": 27.6560962023428, "gamma": 0.051837821158057906, "lamda": 0.7215281526374363}, "datetime": {"datetime": "2021-09-19 20:28:10", "elapsed": 2143.473143, "delta": 15.193629}}
{"target": -5.853565166225564, "params": {"C": 89.98554284782362, "epsilon": 17.063468947122736, "gamma": 0.06884696094713809, "lamda": 0.6205062789224746}, "datetime": {"datetime": "2021-09-19 20:28:25", "elapsed": 2158.457831, "delta": 14.984688}}
{"target": 0.8984187061360406, "params": {"C": 84.55467543716249, "epsilon": 28.325078080857864, "gamma": 0.09449952567578418, "lamda": 5e-05}, "datetime": {"datetime": "2021-09-19 20:28:26", "elapsed": 2159.52583, "delta": 1.067999}}
{"target": -3.3468572984306277, "params": {"C": 97.63147428841964, "epsilon": 15.283295277236036, "gamma": 0.05, "lamda": 0.08485205779952923}, "datetime": {"datetime": "2021-09-19 20:28:38", "elapsed": 2171.903832, "delta": 12.378002}}
{"target": 0.9052072648718806, "params": {"C": 89.79675349332526, "epsilon": 28.232224280426834, "gamma": 0.07444105792943376, "lamda": 0.0012281230708266458}, "datetime": {"datetime": "2021-09-19 20:28:39", "elapsed": 2172.818828, "delta": 0.914996}}
{"target": -5.092442675892723, "params": {"C": 86.32438222362072, "epsilon": 13.701841311684344, "gamma": 0.06091488420357591, "lamda": 0.2910264191805972}, "datetime": {"datetime": "2021-09-19 20:28:54", "elapsed": 2187.571828, "delta": 14.753}}
{"target": -6.106986879350448, "params": {"C": 84.63748755402645, "epsilon": 19.142104266034004, "gamma": 0.09537204589345756, "lamda": 1.0398392719018266}, "datetime": {"datetime": "2021-09-19 20:29:09", "elapsed": 2202.729828, "delta": 15.158}}
{"target": 0.9033520761518945, "params": {"C": 81.09640417633167, "epsilon": 26.469875020205645, "gamma": 0.05, "lamda": 5e-05}, "datetime": {"datetime": "2021-09-19 20:29:10", "elapsed": 2203.789828, "delta": 1.06}}
{"target": -5.925964492814625, "params": {"C": 85.48146609474279, "epsilon": 25.209981198615328, "gamma": 0.05, "lamda": 5e-05}, "datetime": {"datetime": "2021-09-19 20:29:16", "elapsed": 2209.703834, "delta": 5.914006}}
{"target": -1.1213731135483291, "params": {"C": 93.55793330306383, "epsilon": 15.141166441283204, "gamma": 0.09815052672052683, "lamda": 0.11074897916857623}, "datetime": {"datetime": "2021-09-19 20:29:26", "elapsed": 2219.293831, "delta": 9.589997}}
{"target": -4.373316906662434, "params": {"C": 80.82382667282813, "epsilon": 10.518524636557826, "gamma": 0.05946962300908383, "lamda": 0.6529841536050227}, "datetime": {"datetime": "2021-09-19 21:11:44", "elapsed": 0.0, "delta": 0.0}}
{"target": -7.525343256434436, "params": {"C": 80.29250527097463, "epsilon": 16.606696420077483, "gamma": 0.02841837706340583, "lamda": 0.9289068302550293}, "datetime": {"datetime": "2021-09-19 21:11:50", "elapsed": 5.96276, "delta": 5.96276}}
{"target": -5.742053971042747, "params": {"C": 76.18825890493379, "epsilon": 15.336545502057334, "gamma": 0.06590204494923654, "lamda": 0.7937136122734644}, "datetime": {"datetime": "2021-09-19 21:11:59", "elapsed": 14.590641, "delta": 8.627881}}
{"target": -8.757359705416867, "params": {"C": 70.57571814172775, "epsilon": 20.27156242531493, "gamma": 0.02659958790822238, "lamda": 1.1780029363898623}, "datetime": {"datetime": "2021-09-19 21:12:10", "elapsed": 26.341251, "delta": 11.75061}}
{"target": -3.196536876037513, "params": {"C": 95.03515994974262, "epsilon": 19.884736747638556, "gamma": 0.08619053368217212, "lamda": 0.11946913586811449}, "datetime": {"datetime": "2021-09-19 21:12:25", "elapsed": 40.693561, "delta": 14.35231}}
{"target": -5.0096821954810045, "params": {"C": 83.17836706413793, "epsilon": 11.305730087737562, "gamma": 0.048531009483765056, "lamda": 0.1447972769600032}, "datetime": {"datetime": "2021-09-19 21:12:40", "elapsed": 56.570562, "delta": 15.877001}}
{"target": -8.748714523345027, "params": {"C": 70.32343903784343, "epsilon": 21.934906179571918, "gamma": 0.030341080054381228, "lamda": 0.16041941951929015}, "datetime": {"datetime": "2021-09-19 21:12:50", "elapsed": 66.16956, "delta": 9.598998}}
{"target": -7.35204995566958, "params": {"C": 73.49041104039902, "epsilon": 16.996525700065988, "gamma": 0.05210087361240703, "lamda": 0.3026156376542217}, "datetime": {"datetime": "2021-09-19 21:13:05", "elapsed": 81.387562, "delta": 15.218002}}
{"target": -7.7114910036169135, "params": {"C": 87.7738286573071, "epsilon": 19.66139671103503, "gamma": 0.05547130480166943, "lamda": 0.5803395897851878}, "datetime": {"datetime": "2021-09-19 21:13:22", "elapsed": 97.591561, "delta": 16.203999}}
{"target": -9.296577926430256, "params": {"C": 92.98367345101362, "epsilon": 21.600083577556134, "gamma": 0.02460687386520825, "lamda": 1.0511288191583876}, "datetime": {"datetime": "2021-09-19 21:13:39", "elapsed": 114.752563, "delta": 17.161002}}
{"target": 0.8971139264346378, "params": {"C": 95.87985731740142, "epsilon": 19.179281040618314, "gamma": 0.1, "lamda": 1e-06}, "datetime": {"datetime": "2021-09-19 21:13:39", "elapsed": 115.574562, "delta": 0.821999}}
{"target": 0.8972452337846669, "params": {"C": 96.91746397391884, "epsilon": 19.170014769749294, "gamma": 0.1, "lamda": 1e-06}, "datetime": {"datetime": "2021-09-19 21:13:40", "elapsed": 116.438561, "delta": 0.863999}}
{"target": 0.8971610633276061, "params": {"C": 96.25043320857075, "epsilon": 17.143237918695622, "gamma": 0.1, "lamda": 1e-06}, "datetime": {"datetime": "2021-09-19 21:13:41", "elapsed": 117.228561, "delta": 0.79}}
{"target": -6.473753213622881, "params": {"C": 96.18027365248221, "epsilon": 18.488148987245303, "gamma": 0.0780078693704654, "lamda": 1.3876287078534792}, "datetime": {"datetime": "2021-09-19 21:13:56", "elapsed": 132.437559, "delta": 15.208998}}
{"target": 0.8973454804148677, "params": {"C": 97.72103162194873, "epsilon": 17.463590851606963, "gamma": 0.1, "lamda": 1e-06}, "datetime": {"datetime": "2021-09-19 21:13:57", "elapsed": 133.299559, "delta": 0.862}}
{"target": 0.897314399338726, "params": {"C": 97.47080527237267, "epsilon": 15.262607709125122, "gamma": 0.1, "lamda": 1e-06}, "datetime": {"datetime": "2021-09-19 21:13:58", "elapsed": 134.01156, "delta": 0.712001}}
{"target": 0.8963874409795481, "params": {"C": 100.0, "epsilon": 15.514585101500478, "gamma": 0.1, "lamda": 1e-06}, "datetime": {"datetime": "2021-09-19 21:13:59", "elapsed": 134.778564, "delta": 0.767004}}
{"target": -2.096440342907627, "params": {"C": 99.63349204755133, "epsilon": 12.843668532761598, "gamma": 0.09625833005190583, "lamda": 0.035118730371625474}, "datetime": {"datetime": "2021-09-19 21:14:12", "elapsed": 148.07056, "delta": 13.291996}}
{"target": 0.8969399861872462, "params": {"C": 94.53018414552467, "epsilon": 13.677051656636651, "gamma": 0.1, "lamda": 1e-06}, "datetime": {"datetime": "2021-09-19 21:14:13", "elapsed": 148.709562, "delta": 0.639002}}
{"target": 0.8670336970089197, "params": {"C": 94.66892309532994, "epsilon": 10.53609334448417, "gamma": 0.01, "lamda": 1e-06}, "datetime": {"datetime": "2021-09-19 21:14:13", "elapsed": 149.38456, "delta": 0.674998}}
{"target": 0.8981710683214731, "params": {"C": 91.63960646410943, "epsilon": 11.541249512498148, "gamma": 0.1, "lamda": 1e-06}, "datetime": {"datetime": "2021-09-19 21:14:14", "elapsed": 150.053562, "delta": 0.669002}}
{"target": -2.95179521870908, "params": {"C": 89.3127267478444, "epsilon": 10.0, "gamma": 0.01, "lamda": 1.5}, "datetime": {"datetime": "2021-09-19 21:14:28", "elapsed": 163.673565, "delta": 13.620003}}
{"target": -4.55217762433624, "params": {"C": 93.4905552386895, "epsilon": 11.454900840889666, "gamma": 0.05156818521267247, "lamda": 1.4373952414580877}, "datetime": {"datetime": "2021-09-19 21:14:42", "elapsed": 178.477559, "delta": 14.803994}}
{"target": 0.8984530670968176, "params": {"C": 91.26513584626296, "epsilon": 14.255212277533895, "gamma": 0.1, "lamda": 1e-06}, "datetime": {"datetime": "2021-09-19 21:14:43", "elapsed": 179.22156, "delta": 0.744001}}
{"target": -4.363357907204078, "params": {"C": 97.05559512307599, "epsilon": 10.645297142942105, "gamma": 0.03366471782055552, "lamda": 0.03000193186344068}, "datetime": {"datetime": "2021-09-19 21:14:53", "elapsed": 188.90756, "delta": 9.686}}
{"target": 0.8666592822912749, "params": {"C": 93.41347595452348, "epsilon": 15.832381437958912, "gamma": 0.01, "lamda": 1e-06}, "datetime": {"datetime": "2021-09-19 21:14:54", "elapsed": 189.62556, "delta": 0.718}}
{"target": 0.8960959895462831, "params": {"C": 100.0, "epsilon": 18.941865749521085, "gamma": 0.1, "lamda": 1e-06}, "datetime": {"datetime": "2021-09-19 21:14:54", "elapsed": 190.351559, "delta": 0.725999}}
{"target": 0.9042734561343831, "params": {"C": 99.73374860787735, "epsilon": 22.432473899982668, "gamma": 0.08296685419909512, "lamda": 0.00879041116357829}, "datetime": {"datetime": "2021-09-19 21:14:55", "elapsed": 191.10556, "delta": 0.754001}}
{"target": 0.8954817049297512, "params": {"C": 100.0, "epsilon": 25.90984291024342, "gamma": 0.1, "lamda": 1e-06}, "datetime": {"datetime": "2021-09-19 21:14:56", "elapsed": 191.79156, "delta": 0.686}}
{"target": 0.8669488515030258, "params": {"C": 100.0, "epsilon": 29.548613048729273, "gamma": 0.01, "lamda": 1e-06}, "datetime": {"datetime": "2021-09-19 21:14:56", "elapsed": 192.547563, "delta": 0.756003}}
{"target": 0.8651117049759461, "params": {"C": 96.99399672834672, "epsilon": 28.109408447485595, "gamma": 0.01, "lamda": 1e-06}, "datetime": {"datetime": "2021-09-19 21:14:57", "elapsed": 193.301561, "delta": 0.753998}}
{"target": -11.86685017408618, "params": {"C": 94.37846355739308, "epsilon": 30.0, "gamma": 0.1, "lamda": 1.5}, "datetime": {"datetime": "2021-09-19 21:15:13", "elapsed": 208.82656, "delta": 15.524999}}
{"target": 0.8655167493784335, "params": {"C": 97.35064891042092, "epsilon": 25.20237126539909, "gamma": 0.01, "lamda": 1e-06}, "datetime": {"datetime": "2021-09-19 21:15:13", "elapsed": 209.544563, "delta": 0.718003}}
{"target": -11.439357613166806, "params": {"C": 98.52948983093093, "epsilon": 27.472215609918052, "gamma": 0.06165923757978707, "lamda": 1.448989627970391}, "datetime": {"datetime": "2021-09-19 21:15:29", "elapsed": 224.641561, "delta": 15.096998}}
{"target": -10.103375494060847, "params": {"C": 99.6662679081474, "epsilon": 24.177907236611837, "gamma": 0.060660969599156234, "lamda": 0.16740194393296268}, "datetime": {"datetime": "2021-09-19 21:15:44", "elapsed": 239.59356, "delta": 14.951999}}
{"target": 0.8972347928963372, "params": {"C": 96.83434725677078, "epsilon": 18.046806206082547, "gamma": 0.1, "lamda": 1e-06}, "datetime": {"datetime": "2021-09-19 21:15:45", "elapsed": 240.635563, "delta": 1.042003}}
{"target": -6.964378287972019, "params": {"C": 98.82472143342254, "epsilon": 16.04447441572479, "gamma": 0.03589006594525112, "lamda": 0.24641708178393412}, "datetime": {"datetime": "2021-09-19 21:15:54", "elapsed": 250.48156, "delta": 9.845997}}
{"target": 0.9080400511159042, "params": {"C": 91.35968223177963, "epsilon": 14.171853807754717, "gamma": 0.062441365104005345, "lamda": 0.008243340538999819}, "datetime": {"datetime": "2021-09-19 21:15:55", "elapsed": 251.019559, "delta": 0.537999}}
{"target": -6.9801563683739785, "params": {"C": 96.72509574373333, "epsilon": 16.24176150776961, "gamma": 0.04038708466899624, "lamda": 0.2909537384048161}, "datetime": {"datetime": "2021-09-19 21:16:05", "elapsed": 260.96556, "delta": 9.946001}}
{"target": -4.719015085060391, "params": {"C": 97.65156327327057, "epsilon": 18.509720207988746, "gamma": 0.01683942010491949, "lamda": 0.09655588397394793}, "datetime": {"datetime": "2021-09-19 21:16:15", "elapsed": 271.021559, "delta": 10.055999}}
{"target": 0.8971416040517025, "params": {"C": 96.09719483058242, "epsilon": 17.915852270531932, "gamma": 0.1, "lamda": 1e-06}, "datetime": {"datetime": "2021-09-19 21:16:16", "elapsed": 271.77656, "delta": 0.755001}}
{"target": -2.8479439591183864, "params": {"C": 96.39147511371392, "epsilon": 18.833236039640845, "gamma": 0.08416412005581582, "lamda": 0.020873039085359955}, "datetime": {"datetime": "2021-09-19 21:16:30", "elapsed": 285.88056, "delta": 14.104}}
{"target": -4.115568671857051, "params": {"C": 96.93332795829187, "epsilon": 17.391318594876026, "gamma": 0.013322227528655996, "lamda": 0.47423285976073026}, "datetime": {"datetime": "2021-09-19 21:16:43", "elapsed": 298.6692, "delta": 12.78864}}
{"target": 0.8970897383346975, "params": {"C": 95.69051078570861, "epsilon": 17.396899321969553, "gamma": 0.1, "lamda": 1e-06}, "datetime": {"datetime": "2021-09-19 21:16:43", "elapsed": 299.352205, "delta": 0.683005}}
{"target": -3.4513381753816983, "params": {"C": 96.53845099510424, "epsilon": 20.012540714720092, "gamma": 0.07122615004950651, "lamda": 0.1794504012836118}, "datetime": {"datetime": "2021-09-19 21:16:59", "elapsed": 314.766935, "delta": 15.41473}}
{"target": -3.4186748531269586, "params": {"C": 85.88311322889845, "epsilon": 12.647065984548071, "gamma": 0.021932970788324242, "lamda": 1.1982850109406298}, "datetime": {"datetime": "2021-09-19 21:17:08", "elapsed": 324.107991, "delta": 9.341056}}
{"target": -5.694713274604065, "params": {"C": 93.81419578400299, "epsilon": 13.315956669398858, "gamma": 0.04500411761300421, "lamda": 0.50007917600298}, "datetime": {"datetime": "2021-09-19 21:17:23", "elapsed": 339.230196, "delta": 15.122205}}
{"target": -1.2219995966000639, "params": {"C": 95.18405164895054, "epsilon": 13.736413853548262, "gamma": 0.08571155731809708, "lamda": 0.10617214755390833}, "datetime": {"datetime": "2021-09-19 21:17:33", "elapsed": 348.681472, "delta": 9.451276}}
{"target": 0.9025852439604036, "params": {"C": 91.7463023514205, "epsilon": 14.691455544029193, "gamma": 0.08795002424581337, "lamda": 1e-06}, "datetime": {"datetime": "2021-09-19 21:17:34", "elapsed": 349.613514, "delta": 0.932042}}
{"target": -1.326207888954992, "params": {"C": 92.95832809106543, "epsilon": 15.445073134973876, "gamma": 0.08266411366039574, "lamda": 0.029453105273057528}, "datetime": {"datetime": "2021-09-19 21:17:43", "elapsed": 358.8537, "delta": 9.240186}}
{"target": -3.8699293669144232, "params": {"C": 91.65881589286553, "epsilon": 14.806610330214369, "gamma": 0.014305607943079625, "lamda": 0.6086623527297722}, "datetime": {"datetime": "2021-09-19 21:17:52", "elapsed": 367.827173, "delta": 8.973473}}
{"target": -8.77381217063413, "params": {"C": 89.65409673157244, "epsilon": 22.011535924079634, "gamma": 0.05267631956947339, "lamda": 0.2352078782918462}, "datetime": {"datetime": "2021-09-19 21:18:06", "elapsed": 382.495438, "delta": 14.668265}}
{"target": -2.927354316374096, "params": {"C": 97.45984197682549, "epsilon": 14.517197787190359, "gamma": 0.06964282354486095, "lamda": 0.22565375122413195}, "datetime": {"datetime": "2021-09-19 21:18:20", "elapsed": 396.221838, "delta": 13.7264}}
{"target": -6.681766160449774, "params": {"C": 71.839795918581, "epsilon": 17.368773037437045, "gamma": 0.05723332993602306, "lamda": 0.9346260984737416}, "datetime": {"datetime": "2021-09-19 21:18:35", "elapsed": 410.978842, "delta": 14.757004}}
{"target": 0.8970491066741088, "params": {"C": 95.37366737517071, "epsilon": 18.657142433834885, "gamma": 0.1, "lamda": 1e-06}, "datetime": {"datetime": "2021-09-19 21:18:36", "elapsed": 411.879922, "delta": 0.90108}}
{"target": 0.8964467910988362, "params": {"C": 100.0, "epsilon": 14.806134162628549, "gamma": 0.1, "lamda": 1e-06}, "datetime": {"datetime": "2021-09-19 21:18:37", "elapsed": 412.614842, "delta": 0.73492}}
{"target": 0.9011646760122737, "params": {"C": 96.26333274776026, "epsilon": 17.87495047800139, "gamma": 0.09209220568629627, "lamda": 0.004080689475247765}, "datetime": {"datetime": "2021-09-19 21:18:37", "elapsed": 413.168843, "delta": 0.554001}}
{"target": -4.2588228927292535, "params": {"C": 94.23309087529462, "epsilon": 15.13603568112649, "gamma": 0.03720488274941509, "lamda": 0.03980806015356868}, "datetime": {"datetime": "2021-09-19 21:18:47", "elapsed": 422.955841, "delta": 9.786998}}
{"target": 0.9003815615587313, "params": {"C": 99.77491985364166, "epsilon": 21.65466798280064, "gamma": 0.09120321294207738, "lamda": 1e-06}, "datetime": {"datetime": "2021-09-19 21:18:48", "elapsed": 423.59984, "delta": 0.643999}}
{"target": -5.5219030197151575, "params": {"C": 98.98460449021118, "epsilon": 22.184373874096224, "gamma": 0.016194597822498928, "lamda": 0.31559994376834416}, "datetime": {"datetime": "2021-09-19 21:18:59", "elapsed": 434.842841, "delta": 11.243001}}
{"target": -7.462012874486922, "params": {"C": 100.0, "epsilon": 22.048888780047427, "gamma": 0.1, "lamda": 0.5600256427695831}, "datetime": {"datetime": "2021-09-19 21:19:14", "elapsed": 450.431841, "delta": 15.589}}
{"target": 0.867135033349918, "params": {"C": 93.08998136424876, "epsilon": 16.42193519236317, "gamma": 0.01, "lamda": 1e-06}, "datetime": {"datetime": "2021-09-19 21:19:15", "elapsed": 451.44184, "delta": 1.009999}}
{"target": -4.7313659109205775, "params": {"C": 97.32846817155908, "epsilon": 25.121806579286915, "gamma": 0.013103880224020117, "lamda": 0.07971983212263901}, "datetime": {"datetime": "2021-09-19 21:19:21", "elapsed": 457.474839, "delta": 6.032999}}
{"target": -2.3533768654891793, "params": {"C": 94.70799564187213, "epsilon": 13.693209678929303, "gamma": 0.09611820345400997, "lamda": 0.02883992519198484}, "datetime": {"datetime": "2021-09-19 21:19:30", "elapsed": 466.34484, "delta": 8.870001}}
{"target": -6.139631328910319, "params": {"C": 89.84633694730832, "epsilon": 14.031630314589808, "gamma": 0.036973561912666056, "lamda": 0.6122190844506404}, "datetime": {"datetime": "2021-09-19 21:19:46", "elapsed": 481.94084, "delta": 15.596}}
{"target": -6.082581636963677, "params": {"C": 98.3171777108879, "epsilon": 17.667213194288585, "gamma": 0.08524918431837067, "lamda": 0.6535432423288582}, "datetime": {"datetime": "2021-09-19 21:20:01", "elapsed": 496.670849, "delta": 14.730009}}
{"target": -7.487383458898817, "params": {"C": 81.42330621089256, "epsilon": 21.640571945295783, "gamma": 0.08066561228380843, "lamda": 0.49937753471879964}, "datetime": {"datetime": "2021-09-19 21:20:15", "elapsed": 511.531239, "delta": 14.86039}}
{"target": -5.50401816318039, "params": {"C": 73.17169090990868, "epsilon": 14.34109356405015, "gamma": 0.05884389245065323, "lamda": 0.8087798745686553}, "datetime": {"datetime": "2021-09-19 21:20:30", "elapsed": 526.401245, "delta": 14.870006}}
{"target": -5.79070880603974, "params": {"C": 85.84680907223208, "epsilon": 11.602491802584575, "gamma": 0.027680763747999236, "lamda": 1.38508349157289}, "datetime": {"datetime": "2021-09-19 21:20:40", "elapsed": 536.14824, "delta": 9.746995}}
{"target": -7.498308058788547, "params": {"C": 83.17137728257134, "epsilon": 21.354064420252676, "gamma": 0.0821637665295765, "lamda": 0.8457317512818622}, "datetime": {"datetime": "2021-09-19 21:20:55", "elapsed": 551.322241, "delta": 15.174001}}
{"target": 0.8994479769383545, "params": {"C": 96.13762666764671, "epsilon": 17.729143372657905, "gamma": 0.09587476478990167, "lamda": 0.0020706401090761287}, "datetime": {"datetime": "2021-09-19 21:20:56", "elapsed": 552.065242, "delta": 0.743001}}
{"target": -12.108769488350761, "params": {"C": 93.45140260791106, "epsilon": 27.248964253469946, "gamma": 0.028745885445860077, "lamda": 0.20337079852139744}, "datetime": {"datetime": "2021-09-19 21:21:05", "elapsed": 561.444239, "delta": 9.378997}}
{"target": -12.159067202901578, "params": {"C": 91.1817935334912, "epsilon": 28.92245925765059, "gamma": 0.06639494189703667, "lamda": 0.6140941988807993}, "datetime": {"datetime": "2021-09-19 21:21:20", "elapsed": 576.448241, "delta": 15.004002}}
{"target": -1.832787714422674, "params": {"C": 96.65163943483134, "epsilon": 17.931805393630462, "gamma": 0.06951564954561167, "lamda": 0.02872491760081937}, "datetime": {"datetime": "2021-09-19 21:21:30", "elapsed": 585.794239, "delta": 9.345998}}
{"target": -1.60431121192968, "params": {"C": 97.34703837587602, "epsilon": 25.471724239587687, "gamma": 0.07520397016618141, "lamda": 0.029854647021211985}, "datetime": {"datetime": "2021-09-19 21:21:39", "elapsed": 595.019239, "delta": 9.225}}
