{"target": -3.1902642587589023, "params": {"C": 60.442264322483545, "epsilon": 10.840333434404043, "gamma": 0.4, "lamda": 0.4603699823347065}, "datetime": {"datetime": "2021-09-20 17:47:44", "elapsed": 38.557341, "delta": 1.995383}}
{"target": -3.231161208814708, "params": {"C": 59.339189791635114, "epsilon": 10.132353299227404, "gamma": 0.4132588564314714, "lamda": 0.479885653986478}, "datetime": {"datetime": "2021-09-20 17:47:45", "elapsed": 39.284378, "delta": 0.727037}}
{"target": -3.295042723170386, "params": {"C": 60.27225832752976, "epsilon": 10.165797833469943, "gamma": 0.4388934640144491, "lamda": 0.43333856729257686}, "datetime": {"datetime": "2021-09-20 17:47:46", "elapsed": 39.986379, "delta": 0.702001}}
{"target": -3.230573763146965, "params": {"C": 60.52396289650439, "epsilon": 10.912535520527705, "gamma": 0.4114047716952137, "lamda": 0.4924984103694742}, "datetime": {"datetime": "2021-09-20 17:47:47", "elapsed": 41.157616, "delta": 1.171237}}
{"target": -3.2030749572343753, "params": {"C": 60.06909614758335, "epsilon": 10.986240136817765, "gamma": 0.40480128252073966, "lamda": 0.41889470020022207}, "datetime": {"datetime": "2021-09-20 17:47:48", "elapsed": 42.504591, "delta": 1.346975}}
{"target": -3.3240084855991126, "params": {"C": 58.06335776167912, "epsilon": 10.323859919005791, "gamma": 0.4429185578808863, "lamda": 0.43070727245595974}, "datetime": {"datetime": "2021-09-20 17:47:49", "elapsed": 43.255713, "delta": 0.751122}}
{"target": -3.1907451857861195, "params": {"C": 59.941021037524415, "epsilon": 11.0, "gamma": 0.4, "lamda": 0.5}, "datetime": {"datetime": "2021-09-20 17:47:50", "elapsed": 44.563122, "delta": 1.307409}}
{"target": -3.3126087663856176, "params": {"C": 59.78283490959676, "epsilon": 10.600576796203981, "gamma": 0.44741813285497045, "lamda": 0.4156804690064358}, "datetime": {"datetime": "2021-09-20 17:47:51", "elapsed": 45.384948, "delta": 0.821826}}
{"target": -3.1903042311490353, "params": {"C": 59.8705207807716, "epsilon": 10.879922805922595, "gamma": 0.4, "lamda": 0.5}, "datetime": {"datetime": "2021-09-20 17:47:53", "elapsed": 46.829058, "delta": 1.44411}}
{"target": -3.3307831810072948, "params": {"C": 57.6870348139507, "epsilon": 10.368438651871852, "gamma": 0.4524814777066923, "lamda": 0.4623083814371704}, "datetime": {"datetime": "2021-09-20 17:47:53", "elapsed": 47.550404, "delta": 0.721346}}
{"target": -3.507451168470083, "params": {"C": 59.86242527100185, "epsilon": 10.97671577844606, "gamma": 0.4935177446364157, "lamda": 0.42633073228209944}, "datetime": {"datetime": "2021-09-20 17:47:55", "elapsed": 48.947852, "delta": 1.397448}}
{"target": -3.1907629521833374, "params": {"C": 60.04130352269762, "epsilon": 11.0, "gamma": 0.4, "lamda": 0.5}, "datetime": {"datetime": "2021-09-20 17:47:56", "elapsed": 50.555464, "delta": 1.607612}}
{"target": -3.226331866999732, "params": {"C": 59.46738455668227, "epsilon": 10.029687008278914, "gamma": 0.411643967849422, "lamda": 0.4177712336246876}, "datetime": {"datetime": "2021-09-20 17:47:58", "elapsed": 51.972822, "delta": 1.417358}}
{"target": -3.2054759083692494, "params": {"C": 59.101775674351096, "epsilon": 10.390516372703818, "gamma": 0.40664641888122466, "lamda": 0.4120391630700529}, "datetime": {"datetime": "2021-09-20 17:47:59", "elapsed": 52.71775, "delta": 0.744928}}
{"target": -3.2069227576614288, "params": {"C": 59.22052082282282, "epsilon": 10.34058911565038, "gamma": 0.40727925270073007, "lamda": 0.40361320763340636}, "datetime": {"datetime": "2021-09-20 17:48:00", "elapsed": 54.020796, "delta": 1.303046}}
{"target": -3.2887938257613967, "params": {"C": 59.127195391207486, "epsilon": 10.272390312263678, "gamma": 0.43318663951227976, "lamda": 0.476456048329656}, "datetime": {"datetime": "2021-09-20 17:48:01", "elapsed": 55.592953, "delta": 1.572157}}
{"target": -3.190258470418791, "params": {"C": 60.319163655722065, "epsilon": 10.844823209310068, "gamma": 0.4, "lamda": 0.5}, "datetime": {"datetime": "2021-09-20 17:48:03", "elapsed": 57.069684, "delta": 1.476731}}
{"target": -3.1877214753605787, "params": {"C": 59.51150646290537, "epsilon": 10.173930583672604, "gamma": 0.4, "lamda": 0.5}, "datetime": {"datetime": "2021-09-20 17:48:04", "elapsed": 58.181329, "delta": 1.111645}}
{"target": -3.5492255551269416, "params": {"C": 59.57667817510952, "epsilon": 10.099036437759251, "gamma": 0.5, "lamda": 0.5}, "datetime": {"datetime": "2021-09-20 17:48:05", "elapsed": 59.494656, "delta": 1.313327}}
{"target": -3.2042849721340154, "params": {"C": 59.44654171485569, "epsilon": 10.26539638416012, "gamma": 0.40632938362804194, "lamda": 0.4900343336951688}, "datetime": {"datetime": "2021-09-20 17:48:07", "elapsed": 60.656658, "delta": 1.162002}}
{"target": -3.224806484550036, "params": {"C": 59.40952007194983, "epsilon": 10.163663961645161, "gamma": 0.41078274792171476, "lamda": 0.4032993923001298}, "datetime": {"datetime": "2021-09-20 17:48:08", "elapsed": 61.806463, "delta": 1.149805}}
{"target": -3.4658045201602246, "params": {"C": 60.80202090716328, "epsilon": 10.383360659714429, "gamma": 0.4836102047981896, "lamda": 0.44356951186826515}, "datetime": {"datetime": "2021-09-20 17:48:08", "elapsed": 62.386467, "delta": 0.580004}}
{"target": -3.4506463169829917, "params": {"C": 58.814506613046184, "epsilon": 10.58202859726479, "gamma": 0.4785173469820094, "lamda": 0.43329179117578076}, "datetime": {"datetime": "2021-09-20 17:48:09", "elapsed": 62.950514, "delta": 0.564047}}
{"target": -3.331146408055325, "params": {"C": 57.843728342342196, "epsilon": 10.217054678202507, "gamma": 0.4542709916118369, "lamda": 0.4539186275836621}, "datetime": {"datetime": "2021-09-20 17:48:09", "elapsed": 63.490921, "delta": 0.540407}}
{"target": -3.254041882073022, "params": {"C": 59.334918714380244, "epsilon": 10.080124590129229, "gamma": 0.4196452930533325, "lamda": 0.4923388943307889}, "datetime": {"datetime": "2021-09-20 17:48:10", "elapsed": 64.042922, "delta": 0.552001}}
{"target": -3.455680400599833, "params": {"C": 59.020162033243686, "epsilon": 10.567703221012634, "gamma": 0.4801819628106406, "lamda": 0.45638208767351596}, "datetime": {"datetime": "2021-09-20 17:48:11", "elapsed": 64.641556, "delta": 0.598634}}
{"target": -3.188595884448696, "params": {"C": 57.33828523900983, "epsilon": 10.526884325309641, "gamma": 0.4, "lamda": 0.5}, "datetime": {"datetime": "2021-09-20 17:48:12", "elapsed": 65.77021, "delta": 1.128654}}
{"target": -3.269408955621096, "params": {"C": 60.2295767774013, "epsilon": 10.862448212673497, "gamma": 0.4208287616065112, "lamda": 0.41355799560675693}, "datetime": {"datetime": "2021-09-20 17:48:12", "elapsed": 66.437209, "delta": 0.666999}}
{"target": -3.3723840037926127, "params": {"C": 59.962563945116614, "epsilon": 10.94612296288253, "gamma": 0.462661046552263, "lamda": 0.4409395738851026}, "datetime": {"datetime": "2021-09-20 17:48:13", "elapsed": 67.077222, "delta": 0.640013}}
{"target": -3.4934540157767686, "params": {"C": 57.3153021518343, "epsilon": 10.646988036807658, "gamma": 0.4907027318333257, "lamda": 0.4939357878388728}, "datetime": {"datetime": "2021-09-20 17:48:14", "elapsed": 68.147933, "delta": 1.070711}}
{"target": -3.1987567814818543, "params": {"C": 57.39563736656831, "epsilon": 10.446034554370232, "gamma": 0.404050189559062, "lamda": 0.4495939750096135}, "datetime": {"datetime": "2021-09-20 17:48:15", "elapsed": 68.904794, "delta": 0.756861}}
{"target": -3.2882720745050777, "params": {"C": 58.980078952322636, "epsilon": 10.615873352754619, "gamma": 0.43433451006285645, "lamda": 0.47907637023259647}, "datetime": {"datetime": "2021-09-20 17:48:15", "elapsed": 69.502346, "delta": 0.597552}}
{"target": -3.2990741130978223, "params": {"C": 57.66813385986287, "epsilon": 10.508823931242274, "gamma": 0.4381377980039884, "lamda": 0.4040382489879851}, "datetime": {"datetime": "2021-09-20 17:48:16", "elapsed": 70.196383, "delta": 0.694037}}
{"target": -3.248327633725473, "params": {"C": 58.14065225722652, "epsilon": 10.965063593584187, "gamma": 0.41786525273720776, "lamda": 0.4537971726875709}, "datetime": {"datetime": "2021-09-20 17:48:17", "elapsed": 70.794988, "delta": 0.598605}}
{"target": -3.2873309323217756, "params": {"C": 60.046456493971284, "epsilon": 10.864678879161227, "gamma": 0.4296135779175174, "lamda": 0.45738999425345644}, "datetime": {"datetime": "2021-09-20 17:48:17", "elapsed": 71.468199, "delta": 0.673211}}
{"target": -3.2624356279834252, "params": {"C": 57.84382563998555, "epsilon": 10.763586766834788, "gamma": 0.42335484494147313, "lamda": 0.4243004036607897}, "datetime": {"datetime": "2021-09-20 17:48:18", "elapsed": 72.137199, "delta": 0.669}}
{"target": -3.1897666962874225, "params": {"C": 59.00000084249093, "epsilon": 10.772500040354792, "gamma": 0.4, "lamda": 0.5}, "datetime": {"datetime": "2021-09-20 17:48:19", "elapsed": 72.961756, "delta": 0.824557}}
{"target": -3.481623778587142, "params": {"C": 59.21664084276926, "epsilon": 10.493456418011057, "gamma": 0.4916790267515577, "lamda": 0.46874087647736473}, "datetime": {"datetime": "2021-09-20 17:48:19", "elapsed": 73.577564, "delta": 0.615808}}
{"target": -3.2662450751794583, "params": {"C": 59.0494458973867, "epsilon": 10.917023025379033, "gamma": 0.42441897601518036, "lamda": 0.48583067911630634}, "datetime": {"datetime": "2021-09-20 17:48:20", "elapsed": 74.504209, "delta": 0.926645}}
{"target": -3.2919287183762607, "params": {"C": 57.93429696767631, "epsilon": 10.980263801685583, "gamma": 0.43504770849394925, "lamda": 0.44689178762987614}, "datetime": {"datetime": "2021-09-20 17:48:21", "elapsed": 75.38835, "delta": 0.884141}}
{"target": -3.1897579935170075, "params": {"C": 59.06159308571787, "epsilon": 10.767003029504393, "gamma": 0.4, "lamda": 0.4}, "datetime": {"datetime": "2021-09-20 17:48:22", "elapsed": 76.289343, "delta": 0.900993}}
{"target": -3.189867050729989, "params": {"C": 58.9325877946801, "epsilon": 10.803971435699692, "gamma": 0.4, "lamda": 0.4}, "datetime": {"datetime": "2021-09-20 17:48:23", "elapsed": 77.131839, "delta": 0.842496}}
{"target": -3.541089464135394, "params": {"C": 58.99800094896386, "epsilon": 10.808537475085465, "gamma": 0.5, "lamda": 0.4}, "datetime": {"datetime": "2021-09-20 17:48:24", "elapsed": 78.158646, "delta": 1.026807}}
{"target": -3.1897599528742853, "params": {"C": 59.13187002234629, "epsilon": 10.764062884280294, "gamma": 0.4, "lamda": 0.5}, "datetime": {"datetime": "2021-09-20 17:48:25", "elapsed": 79.155044, "delta": 0.996398}}
{"target": -3.1899473024968623, "params": {"C": 59.19273391159552, "epsilon": 10.813545719394444, "gamma": 0.4, "lamda": 0.4}, "datetime": {"datetime": "2021-09-20 17:48:26", "elapsed": 80.275889, "delta": 1.120845}}
{"target": -3.436299418438128, "params": {"C": 57.25269924716087, "epsilon": 10.061723979197174, "gamma": 0.47638980084842064, "lamda": 0.40241616755568504}, "datetime": {"datetime": "2021-09-20 17:48:27", "elapsed": 80.944964, "delta": 0.669075}}
{"target": -3.1902652217204532, "params": {"C": 59.212380169009144, "epsilon": 10.901667143669947, "gamma": 0.4, "lamda": 0.5}, "datetime": {"datetime": "2021-09-20 17:48:28", "elapsed": 81.811876, "delta": 0.866912}}
{"target": -3.1898632119031483, "params": {"C": 59.8633576843166, "epsilon": 10.75668281053024, "gamma": 0.4, "lamda": 0.5}, "datetime": {"datetime": "2021-09-20 17:48:29", "elapsed": 82.618929, "delta": 0.807053}}
{"target": -3.2238042325866125, "params": {"C": 58.45321472488854, "epsilon": 10.433149224739058, "gamma": 0.40991053577546727, "lamda": 0.4031717149509118}, "datetime": {"datetime": "2021-09-20 17:48:29", "elapsed": 83.43278, "delta": 0.813851}}
{"target": -3.339635584175865, "params": {"C": 60.87129787061422, "epsilon": 10.217419442777935, "gamma": 0.4555952782563507, "lamda": 0.417569604761099}, "datetime": {"datetime": "2021-09-20 17:48:30", "elapsed": 84.284388, "delta": 0.851608}}
{"target": -3.1887516551881605, "params": {"C": 58.31212899249916, "epsilon": 10.5221876605765, "gamma": 0.4, "lamda": 0.4765221591752241}, "datetime": {"datetime": "2021-09-20 17:48:31", "elapsed": 85.371399, "delta": 1.087011}}
{"target": -3.387179678344682, "params": {"C": 58.38912437875731, "epsilon": 10.586400624651628, "gamma": 0.4682751558746114, "lamda": 0.41050155503751024}, "datetime": {"datetime": "2021-09-20 17:48:32", "elapsed": 86.419396, "delta": 1.047997}}
{"target": -3.202360742507564, "params": {"C": 57.152486111966226, "epsilon": 10.127568800230902, "gamma": 0.4059242570343896, "lamda": 0.4232380809040257}, "datetime": {"datetime": "2021-09-20 17:48:33", "elapsed": 87.126287, "delta": 0.706891}}
{"target": -3.517314786085672, "params": {"C": 60.24170607996938, "epsilon": 10.800108789787283, "gamma": 0.4943929520104269, "lamda": 0.48840074789729915}, "datetime": {"datetime": "2021-09-20 17:48:34", "elapsed": 87.818286, "delta": 0.691999}}
{"target": -3.1870991056057894, "params": {"C": 57.02406328562243, "epsilon": 10.123013197846074, "gamma": 0.4, "lamda": 0.41522033520876894}, "datetime": {"datetime": "2021-09-20 17:48:35", "elapsed": 88.693292, "delta": 0.875006}}
{"target": -3.4419960858893237, "params": {"C": 60.84360644163536, "epsilon": 10.719219182701536, "gamma": 0.4745117144459221, "lamda": 0.4162341607992508}, "datetime": {"datetime": "2021-09-20 17:48:35", "elapsed": 89.413288, "delta": 0.719996}}
{"target": -3.1887438194462656, "params": {"C": 58.180063190884205, "epsilon": 10.526548770735594, "gamma": 0.4, "lamda": 0.5}, "datetime": {"datetime": "2021-09-20 17:48:36", "elapsed": 90.597288, "delta": 1.184}}
{"target": -3.188333643790521, "params": {"C": 58.32921738632678, "epsilon": 10.404191526366803, "gamma": 0.4, "lamda": 0.5}, "datetime": {"datetime": "2021-09-20 17:48:37", "elapsed": 91.562287, "delta": 0.964999}}
{"target": -3.2814225953290763, "params": {"C": 60.81526415919399, "epsilon": 10.278837586684292, "gamma": 0.4288413670574214, "lamda": 0.4066442186724115}, "datetime": {"datetime": "2021-09-20 17:48:38", "elapsed": 92.417287, "delta": 0.855}}
{"target": -3.3370987308041613, "params": {"C": 59.32194367885482, "epsilon": 10.365593971476173, "gamma": 0.4576995632731731, "lamda": 0.40448979530761536}, "datetime": {"datetime": "2021-09-20 17:48:39", "elapsed": 93.287627, "delta": 0.87034}}
{"target": -3.2880353353812906, "params": {"C": 57.045162101400656, "epsilon": 10.018855416937601, "gamma": 0.4317567506167287, "lamda": 0.49975007122606524}, "datetime": {"datetime": "2021-09-20 17:48:41", "elapsed": 94.628301, "delta": 1.340674}}
{"target": -3.18804465434787, "params": {"C": 58.478636250254645, "epsilon": 10.315783577407299, "gamma": 0.4, "lamda": 0.5}, "datetime": {"datetime": "2021-09-20 17:48:42", "elapsed": 95.673339, "delta": 1.045038}}
{"target": -3.3212896695169993, "params": {"C": 59.16632934243347, "epsilon": 10.501604043573789, "gamma": 0.45292152565782867, "lamda": 0.4435551149305063}, "datetime": {"datetime": "2021-09-20 17:48:43", "elapsed": 96.62234, "delta": 0.949001}}
{"target": -3.229005620597549, "params": {"C": 58.25045046261756, "epsilon": 10.452651547795226, "gamma": 0.4117989594262474, "lamda": 0.42112586675296426}, "datetime": {"datetime": "2021-09-20 17:48:44", "elapsed": 98.033781, "delta": 1.411441}}
{"target": -3.514462674856913, "params": {"C": 58.47695130682845, "epsilon": 10.313447226829163, "gamma": 0.4987719028833187, "lamda": 0.43094816984943585}, "datetime": {"datetime": "2021-09-20 17:48:45", "elapsed": 99.149441, "delta": 1.11566}}
{"target": -3.1904556448074133, "params": {"C": 59.19625052694946, "epsilon": 10.955834051716607, "gamma": 0.4, "lamda": 0.4}, "datetime": {"datetime": "2021-09-20 17:48:47", "elapsed": 100.70067, "delta": 1.551229}}
{"target": -3.3288916710271237, "params": {"C": 59.17997451071002, "epsilon": 11.077778695483675, "gamma": 0.4549662477878709, "lamda": 0.4435322392618277}, "datetime": {"datetime": "2021-09-20 17:52:38", "elapsed": 0.0, "delta": 0.0}}
{"target": -3.269557632384014, "params": {"C": 59.101839010437445, "epsilon": 11.991004463011622, "gamma": 0.42046486340378425, "lamda": 0.46192709663506637}, "datetime": {"datetime": "2021-09-20 17:52:38", "elapsed": 0.376, "delta": 0.376}}
{"target": -3.361382341094822, "params": {"C": 58.498273368372615, "epsilon": 11.8004818253086, "gamma": 0.4621133832769295, "lamda": 0.45291420942770394}, "datetime": {"datetime": "2021-09-20 17:52:38", "elapsed": 0.754002, "delta": 0.378002}}
{"target": -3.251991073887479, "params": {"C": 57.672899726724665, "epsilon": 12.54073436379724, "gamma": 0.41844398656469156, "lamda": 0.47853351478166734}, "datetime": {"datetime": "2021-09-20 17:52:39", "elapsed": 1.126001, "delta": 0.371999}}
{"target": -3.511030407420049, "params": {"C": 61.26987646319744, "epsilon": 12.482710512145783, "gamma": 0.4846561485357468, "lamda": 0.4079645477009061}, "datetime": {"datetime": "2021-09-20 17:52:39", "elapsed": 1.484697, "delta": 0.358696}}
{"target": -3.3297601839847353, "params": {"C": 59.52623045060852, "epsilon": 11.195859513160634, "gamma": 0.44281223275973897, "lamda": 0.4096530915660613}, "datetime": {"datetime": "2021-09-20 17:52:39", "elapsed": 1.866698, "delta": 0.382001}}
{"target": -3.2722245152121476, "params": {"C": 57.63579985850639, "epsilon": 12.790235926935788, "gamma": 0.4226012000604236, "lamda": 0.41069456843099833}, "datetime": {"datetime": "2021-09-20 17:52:40", "elapsed": 2.201288, "delta": 0.33459}}
{"target": -3.326101803727687, "params": {"C": 58.1015310353528, "epsilon": 12.049478855009898, "gamma": 0.44677874845823, "lamda": 0.42017432262649657}, "datetime": {"datetime": "2021-09-20 17:52:40", "elapsed": 2.555849, "delta": 0.354561}}
{"target": -3.3279639257976843, "params": {"C": 60.202033626074574, "epsilon": 12.449209506655254, "gamma": 0.45052367200185495, "lamda": 0.43868926511185596}, "datetime": {"datetime": "2021-09-20 17:52:41", "elapsed": 3.021851, "delta": 0.466002}}
{"target": -3.2547883922666085, "params": {"C": 60.968187272207885, "epsilon": 12.74001253663342, "gamma": 0.4162298598502314, "lamda": 0.47007523466071566}, "datetime": {"datetime": "2021-09-20 17:52:41", "elapsed": 3.346849, "delta": 0.324998}}
{"target": -3.284345465956826, "params": {"C": 57.537199784224484, "epsilon": 12.617418165389148, "gamma": 0.4273499330034556, "lamda": 0.41741713969683264}, "datetime": {"datetime": "2021-09-20 17:52:42", "elapsed": 4.067855, "delta": 0.721006}}
{"target": -3.3295819419154538, "params": {"C": 57.076374621222186, "epsilon": 12.35032144631569, "gamma": 0.45186454442803387, "lamda": 0.40579072768231356}, "datetime": {"datetime": "2021-09-20 17:52:42", "elapsed": 4.504211, "delta": 0.436356}}
{"target": -3.336903436433575, "params": {"C": 57.99621817937841, "epsilon": 12.628131638043316, "gamma": 0.4420494475114593, "lamda": 0.4200428232956124}, "datetime": {"datetime": "2021-09-20 17:52:43", "elapsed": 5.000482, "delta": 0.496271}}
{"target": -3.3397341414800645, "params": {"C": 59.37323726178772, "epsilon": 12.079475831296794, "gamma": 0.45770430303061527, "lamda": 0.4596859631046076}, "datetime": {"datetime": "2021-09-20 17:52:43", "elapsed": 5.425479, "delta": 0.424997}}
{"target": -3.3027642732879148, "params": {"C": 58.44944102078105, "epsilon": 11.998369879000432, "gamma": 0.4368969027251442, "lamda": 0.4721143995635509}, "datetime": {"datetime": "2021-09-20 17:52:44", "elapsed": 5.938476, "delta": 0.512997}}
{"target": -3.3869365075486653, "params": {"C": 57.28654687600411, "epsilon": 11.758188772730964, "gamma": 0.4690113894311367, "lamda": 0.4617326319076762}, "datetime": {"datetime": "2021-09-20 17:52:44", "elapsed": 6.360452, "delta": 0.421976}}
{"target": -3.197937152548707, "params": {"C": 60.84551200731207, "epsilon": 12.844924984317572, "gamma": 0.4, "lamda": 0.4953522448322081}, "datetime": {"datetime": "2021-09-20 17:52:45", "elapsed": 6.869627, "delta": 0.509175}}
{"target": -3.6429254643566398, "params": {"C": 60.72284818870788, "epsilon": 12.819466592119912, "gamma": 0.5, "lamda": 0.4}, "datetime": {"datetime": "2021-09-20 17:52:45", "elapsed": 7.651226, "delta": 0.781599}}
{"target": -3.2896316960208254, "params": {"C": 60.596009539864696, "epsilon": 12.39256182480705, "gamma": 0.42651095636847935, "lamda": 0.4723775539802553}, "datetime": {"datetime": "2021-09-20 17:52:46", "elapsed": 8.20063, "delta": 0.549404}}
{"target": -3.2887755494028514, "params": {"C": 58.44659125440947, "epsilon": 11.987961042769316, "gamma": 0.42740668757908495, "lamda": 0.4550748341689341}, "datetime": {"datetime": "2021-09-20 17:52:46", "elapsed": 8.597853, "delta": 0.397223}}
{"target": -3.2442744161655046, "params": {"C": 60.91765451475255, "epsilon": 11.02676589730927, "gamma": 0.41622589128752613, "lamda": 0.4082559355002039}, "datetime": {"datetime": "2021-09-20 17:52:47", "elapsed": 9.030848, "delta": 0.432995}}
{"target": -3.2060395144686353, "params": {"C": 60.91247588117525, "epsilon": 12.797777482391327, "gamma": 0.4032187037345507, "lamda": 0.49409105460092373}, "datetime": {"datetime": "2021-09-20 17:52:47", "elapsed": 9.525849, "delta": 0.495001}}
{"target": -3.2882251861153913, "params": {"C": 60.75422558189749, "epsilon": 11.721896363973384, "gamma": 0.42475404893162183, "lamda": 0.42040348566702884}, "datetime": {"datetime": "2021-09-20 17:52:48", "elapsed": 9.974849, "delta": 0.449}}
{"target": -3.1994961378404403, "params": {"C": 60.966996247009405, "epsilon": 12.938130329209708, "gamma": 0.4004559020674879, "lamda": 0.4579821893354062}, "datetime": {"datetime": "2021-09-20 17:52:48", "elapsed": 10.657649, "delta": 0.6828}}
{"target": -3.19835370848734, "params": {"C": 60.87621010441801, "epsilon": 12.951276270404241, "gamma": 0.4, "lamda": 0.5}, "datetime": {"datetime": "2021-09-20 17:52:49", "elapsed": 11.318478, "delta": 0.660829}}
{"target": -3.2454106440981856, "params": {"C": 60.91731352330592, "epsilon": 11.043556150364317, "gamma": 0.41660953391642275, "lamda": 0.4109427379335382}, "datetime": {"datetime": "2021-09-20 17:52:49", "elapsed": 11.780474, "delta": 0.461996}}
