{"target": 0.7869137083773993, "params": {"C": 9.918831268484642, "epsilon": 1.2342193563580321, "gamma": 0.24303828005700584, "lamda": 0.5502117071675314}, "datetime": {"datetime": "2021-07-03 13:36:41", "elapsed": 887.124297, "delta": 2.219699}}
{"target": 0.8257585900394693, "params": {"C": 9.019279259058194, "epsilon": 9.890538900674267, "gamma": 0.12976074796385875, "lamda": 0.15465934595835873}, "datetime": {"datetime": "2021-07-03 13:36:44", "elapsed": 890.074482, "delta": 2.950185}}
{"target": 0.810819578596236, "params": {"C": 14.148544362883753, "epsilon": 1.0692263311285177, "gamma": 0.2982735652174477, "lamda": 0.756711935134178}, "datetime": {"datetime": "2021-07-03 13:36:47", "elapsed": 892.488639, "delta": 2.414157}}
{"target": 0.35236309591833603, "params": {"C": 11.586272848495241, "epsilon": 2.637459281140297, "gamma": 1.885439149403654, "lamda": 0.10407700194970324}, "datetime": {"datetime": "2021-07-03 13:36:48", "elapsed": 894.248399, "delta": 1.75976}}
{"target": 0.7946021363564608, "params": {"C": 13.616173922984082, "epsilon": 6.933322433846038, "gamma": 0.3350819168076258, "lamda": 1.0}, "datetime": {"datetime": "2021-07-03 13:36:52", "elapsed": 897.657549, "delta": 3.40915}}
{"target": 0.7856146301733671, "params": {"C": 12.6475743921514, "epsilon": 4.718450684773668, "gamma": 0.3385223113542464, "lamda": 0.9071835125920781}, "datetime": {"datetime": "2021-07-03 13:36:56", "elapsed": 902.005404, "delta": 4.347855}}
{"target": 0.7681182356063068, "params": {"C": 12.602530394121267, "epsilon": 4.54966503003206, "gamma": 0.3857195279854639, "lamda": 0.9637167161038996}, "datetime": {"datetime": "2021-07-03 13:37:00", "elapsed": 906.0648, "delta": 4.059396}}
{"target": 0.6680018747495824, "params": {"C": 14.522356224748563, "epsilon": 1.2681879553938422, "gamma": 0.6907900738763545, "lamda": 0.8364689000794266}, "datetime": {"datetime": "2021-07-03 13:37:02", "elapsed": 907.841489, "delta": 1.776689}}
{"target": 0.7763189279225352, "params": {"C": 12.824214138198343, "epsilon": 0.6912469006073969, "gamma": 0.37025725646749624, "lamda": 0.9438477487447101}, "datetime": {"datetime": "2021-07-03 13:37:04", "elapsed": 910.05433, "delta": 2.212841}}
{"target": -4.031783333855817, "params": {"C": 14.097334187827553, "epsilon": 9.743451076496292, "gamma": 0.1540657040020501, "lamda": 0.2838958760170637}, "datetime": {"datetime": "2021-07-03 13:37:35", "elapsed": 941.083237, "delta": 31.028907}}
{"target": 0.48682269704521053, "params": {"C": 9.848154443870394, "epsilon": 1.6076768367407839, "gamma": 1.0529122315891803, "lamda": 0.6094943345369188}, "datetime": {"datetime": "2021-07-03 13:37:37", "elapsed": 942.704028, "delta": 1.620791}}
{"target": 0.790652830378991, "params": {"C": 13.053660386759955, "epsilon": 0.6150776868873975, "gamma": 0.3353612599059206, "lamda": 0.9461939363723018}, "datetime": {"datetime": "2021-07-03 13:37:41", "elapsed": 947.136515, "delta": 4.432487}}
{"target": 0.8567878658756455, "params": {"C": 14.386695281013168, "epsilon": 5.328980187194107, "gamma": 0.14604224183826733, "lamda": 0.2929802495164977}, "datetime": {"datetime": "2021-07-03 13:37:44", "elapsed": 949.577562, "delta": 2.441047}}
{"target": 0.7573462327595231, "params": {"C": 12.751237146950908, "epsilon": 4.5784010584455945, "gamma": 0.41911974601653323, "lamda": 0.8427374391051787}, "datetime": {"datetime": "2021-07-03 13:37:48", "elapsed": 953.884385, "delta": 4.306823}}
{"target": 0.8200611339054046, "params": {"C": 12.794760008032437, "epsilon": 0.8324384034066495, "gamma": 0.23167345285449, "lamda": 0.9771450417426406}, "datetime": {"datetime": "2021-07-03 13:37:51", "elapsed": 957.166619, "delta": 3.282234}}
{"target": 0.3991149502586808, "params": {"C": 13.924630326610986, "epsilon": 1.2811985028610196, "gamma": 1.722382310655773, "lamda": 0.24193811474746266}, "datetime": {"datetime": "2021-07-03 13:37:53", "elapsed": 958.898359, "delta": 1.73174}}
{"target": 0.7975655398865811, "params": {"C": 9.74811339143759, "epsilon": 1.3217454315583521, "gamma": 0.21089939541206082, "lamda": 0.5139016802343138}, "datetime": {"datetime": "2021-07-03 13:37:56", "elapsed": 961.879594, "delta": 2.981235}}
{"target": 0.5222381780636043, "params": {"C": 11.673533876094465, "epsilon": 3.7167795356276083, "gamma": 1.0256524509118055, "lamda": 0.7046822725436397}, "datetime": {"datetime": "2021-07-03 13:37:59", "elapsed": 965.151591, "delta": 3.271997}}
{"target": 0.8207639067307833, "params": {"C": 14.33713847013514, "epsilon": 1.0290016588783102, "gamma": 0.2667665735831292, "lamda": 0.7006693867707116}, "datetime": {"datetime": "2021-07-03 13:38:03", "elapsed": 968.996282, "delta": 3.844691}}
{"target": 0.3670632548717978, "params": {"C": 13.143600914782983, "epsilon": 6.650007755553407, "gamma": 1.944052544324789, "lamda": 0.27134256923600053}, "datetime": {"datetime": "2021-07-03 13:38:05", "elapsed": 970.928703, "delta": 1.932421}}
{"target": 0.4833341195706069, "params": {"C": 12.992717638628422, "epsilon": 1.3331312467831735, "gamma": 1.2289958010927025, "lamda": 0.6266836839683956}, "datetime": {"datetime": "2021-07-03 13:38:07", "elapsed": 972.921686, "delta": 1.992983}}
{"target": -5.973153180348642, "params": {"C": 11.39156883311113, "epsilon": 0.7074388081405065, "gamma": 0.039079624542712514, "lamda": 0.9740072721911626}, "datetime": {"datetime": "2021-07-03 13:38:39", "elapsed": 1004.608474, "delta": 31.686788}}
{"target": 0.5050397815757248, "params": {"C": 12.943932462649773, "epsilon": 8.916336452132516, "gamma": 1.1602593035378586, "lamda": 0.35353211938931206}, "datetime": {"datetime": "2021-07-03 13:38:40", "elapsed": 1006.38449, "delta": 1.776016}}
{"target": 0.5034717302778988, "params": {"C": 13.086827144333709, "epsilon": 8.057893579876897, "gamma": 1.170937010069312, "lamda": 0.9202438171134454}, "datetime": {"datetime": "2021-07-03 13:38:43", "elapsed": 1009.100669, "delta": 2.716179}}
{"target": 0.41450706627699885, "params": {"C": 11.98136645603708, "epsilon": 4.860952281881479, "gamma": 1.5385800063178479, "lamda": 0.6932142153994404}, "datetime": {"datetime": "2021-07-03 13:38:47", "elapsed": 1013.082905, "delta": 3.982236}}
{"target": 0.3767330596959435, "params": {"C": 13.547408736703458, "epsilon": 8.001727824134337, "gamma": 1.9074948881725986, "lamda": 0.2302988573037405}, "datetime": {"datetime": "2021-07-03 13:38:49", "elapsed": 1015.129923, "delta": 2.047018}}
{"target": 0.4193775978304578, "params": {"C": 10.96872357409976, "epsilon": 6.876798967168745, "gamma": 1.4416396548280948, "lamda": 0.8509495081643378}, "datetime": {"datetime": "2021-07-03 13:38:52", "elapsed": 1017.783117, "delta": 2.653194}}
{"target": 0.4146995120945034, "params": {"C": 9.877234896158441, "epsilon": 6.852294603771524, "gamma": 1.3845351209337022, "lamda": 0.5864007755948862}, "datetime": {"datetime": "2021-07-03 13:38:54", "elapsed": 1019.590876, "delta": 1.807759}}
{"target": 0.6061409359075927, "params": {"C": 9.791705396711702, "epsilon": 6.1696708405172185, "gamma": 0.6848024303381166, "lamda": 0.9910029021929304}, "datetime": {"datetime": "2021-07-03 13:38:55", "elapsed": 1021.346477, "delta": 1.755601}}
{"target": 0.6696532094778279, "params": {"C": 12.889753107278676, "epsilon": 9.732442478667139, "gamma": 0.6410028378862416, "lamda": 0.4463190946010289}, "datetime": {"datetime": "2021-07-03 13:38:58", "elapsed": 1023.559683, "delta": 2.213206}}
{"target": 0.6989361271345133, "params": {"C": 11.722231406352627, "epsilon": 6.655227124528456, "gamma": 0.53100818285712, "lamda": 0.29527858293370435}, "datetime": {"datetime": "2021-07-03 13:39:03", "elapsed": 1029.445032, "delta": 5.885349}}
{"target": 0.806413983307655, "params": {"C": 10.581926563748716, "epsilon": 3.440647198723453, "gamma": 0.21462021495918254, "lamda": 0.40707613515355867}, "datetime": {"datetime": "2021-07-03 13:39:07", "elapsed": 1032.643726, "delta": 3.198694}}
{"target": 0.6342535304002995, "params": {"C": 11.612026851742801, "epsilon": 9.882708088720669, "gamma": 0.6889355315951169, "lamda": 0.5495563390039352}, "datetime": {"datetime": "2021-07-03 13:39:09", "elapsed": 1034.538787, "delta": 1.895061}}
{"target": -1.9257739030453958, "params": {"C": 13.935665243486218, "epsilon": 6.91050850018734, "gamma": 0.29646963486839784, "lamda": 0.9628928837358369}, "datetime": {"datetime": "2021-07-03 13:39:50", "elapsed": 1075.652616, "delta": 41.113829}}
{"target": 0.47413048882361297, "params": {"C": 13.225425243327187, "epsilon": 7.584158947224569, "gamma": 1.3052217869646991, "lamda": 0.5386517881235745}, "datetime": {"datetime": "2021-07-03 13:39:51", "elapsed": 1077.064653, "delta": 1.412037}}
{"target": 0.3703726249929017, "params": {"C": 11.429036344150777, "epsilon": 3.803633619467257, "gamma": 1.758225452093565, "lamda": 0.536135499510114}, "datetime": {"datetime": "2021-07-03 13:39:54", "elapsed": 1079.851097, "delta": 2.786444}}
{"target": 0.4815684337878311, "params": {"C": 13.487692856582058, "epsilon": 5.480448580105931, "gamma": 1.2780953395013201, "lamda": 0.4412103592460669}, "datetime": {"datetime": "2021-07-03 13:39:55", "elapsed": 1081.247604, "delta": 1.396507}}
{"target": 0.3166523038066418, "params": {"C": 9.456861973006042, "epsilon": 8.687196110868522, "gamma": 1.9809032783301188, "lamda": 0.1923799676436624}, "datetime": {"datetime": "2021-07-03 13:39:56", "elapsed": 1082.389614, "delta": 1.14201}}
{"target": -1.2317765317867604, "params": {"C": 13.935009574875549, "epsilon": 8.021014163921372, "gamma": 0.6899415977461814, "lamda": 0.9632222850621044}, "datetime": {"datetime": "2021-07-03 13:40:06", "elapsed": 1091.71763, "delta": 9.328016}}
{"target": 0.5931591696033445, "params": {"C": 14.750117546313707, "epsilon": 3.419341151959895, "gamma": 0.9086527442440872, "lamda": 0.634022816993344}, "datetime": {"datetime": "2021-07-03 13:40:07", "elapsed": 1093.195613, "delta": 1.477983}}
{"target": 0.41370142968964374, "params": {"C": 11.865236577938031, "epsilon": 9.84019035327549, "gamma": 1.5556353571056456, "lamda": 0.7103839515143122}, "datetime": {"datetime": "2021-07-03 13:40:09", "elapsed": 1094.491648, "delta": 1.296035}}
{"target": 0.43328397022269416, "params": {"C": 9.836435781496508, "epsilon": 4.416748313545925, "gamma": 1.2814937621274944, "lamda": 0.459149453118194}, "datetime": {"datetime": "2021-07-03 13:40:10", "elapsed": 1095.672677, "delta": 1.181029}}
{"target": 0.6477549367493445, "params": {"C": 14.547234579738884, "epsilon": 1.6972117397224615, "gamma": 0.7451518656840725, "lamda": 0.5602508957727512}, "datetime": {"datetime": "2021-07-03 13:40:11", "elapsed": 1096.97165, "delta": 1.298973}}
{"target": 0.6846158726647068, "params": {"C": 10.105132179616277, "epsilon": 9.46638654982921, "gamma": 0.5017047076623121, "lamda": 0.6676850649906477}, "datetime": {"datetime": "2021-07-03 13:40:16", "elapsed": 1101.964635, "delta": 4.992985}}
{"target": 0.6837268105526813, "params": {"C": 14.353134520975097, "epsilon": 8.100740756778315, "gamma": 0.6488061559535583, "lamda": 0.43961598287643155}, "datetime": {"datetime": "2021-07-03 13:40:19", "elapsed": 1105.440639, "delta": 3.476004}}
{"target": 0.48283714075502415, "params": {"C": 12.706881206228138, "epsilon": 9.18564891142808, "gamma": 1.2401796097175266, "lamda": 0.7149304821196096}, "datetime": {"datetime": "2021-07-03 13:40:22", "elapsed": 1108.023658, "delta": 2.583019}}
{"target": 0.4809865752736603, "params": {"C": 13.618634625865752, "epsilon": 4.5681714101821465, "gamma": 1.285138485917736, "lamda": 0.792769346820186}, "datetime": {"datetime": "2021-07-03 13:40:24", "elapsed": 1110.340645, "delta": 2.316987}}
{"target": -2.1546831095140244, "params": {"C": 12.529663708162342, "epsilon": 8.768761148662396, "gamma": 0.31764333693489716, "lamda": 0.7227908023567657}, "datetime": {"datetime": "2021-07-03 13:40:44", "elapsed": 1130.421199, "delta": 20.080554}}
{"target": 0.4852414197865763, "params": {"C": 9.212000965906, "epsilon": 5.550926340434008, "gamma": 1.0312120762075399, "lamda": 0.6430096759547566}, "datetime": {"datetime": "2021-07-03 13:40:46", "elapsed": 1131.723687, "delta": 1.302488}}
{"target": 0.5157973634189568, "params": {"C": 13.063216056389912, "epsilon": 7.315052235627321, "gamma": 1.1191278079152494, "lamda": 0.7042661914485632}, "datetime": {"datetime": "2021-07-03 13:40:47", "elapsed": 1132.972705, "delta": 1.249018}}
{"target": 0.40994831437112567, "params": {"C": 11.317117989438971, "epsilon": 0.28364888068485933, "gamma": 1.482152192831704, "lamda": 0.4743986288967089}, "datetime": {"datetime": "2021-07-03 13:40:48", "elapsed": 1134.251728, "delta": 1.279023}}
{"target": 0.3582625396807839, "params": {"C": 12.274473758183078, "epsilon": 9.017174147229932, "gamma": 1.951426790108844, "lamda": 0.7905936318339113}, "datetime": {"datetime": "2021-07-03 13:40:50", "elapsed": 1135.640737, "delta": 1.389009}}
{"target": 0.4745138467504022, "params": {"C": 11.116675063888495, "epsilon": 8.229927134779215, "gamma": 1.194190075734945, "lamda": 0.7782345085200988}, "datetime": {"datetime": "2021-07-03 13:40:51", "elapsed": 1137.245723, "delta": 1.604986}}
{"target": 0.8108560424852991, "params": {"C": 13.143774472410588, "epsilon": 3.8884455919150507, "gamma": 0.2697023226629481, "lamda": 0.576551275823959}, "datetime": {"datetime": "2021-07-03 13:40:53", "elapsed": 1138.698735, "delta": 1.453012}}
{"target": 0.5471286090861012, "params": {"C": 10.365016988303564, "epsilon": 9.863395836505182, "gamma": 0.8811170471853258, "lamda": 0.9748709510485151}, "datetime": {"datetime": "2021-07-03 13:40:54", "elapsed": 1140.096708, "delta": 1.397973}}
{"target": 0.6498573880875944, "params": {"C": 14.13455068618066, "epsilon": 1.3627720104483056, "gamma": 0.7266169828703279, "lamda": 0.2368619406736348}, "datetime": {"datetime": "2021-07-03 13:40:56", "elapsed": 1141.485697, "delta": 1.388989}}
{"target": -1.2757033502773782, "params": {"C": 14.255658886095567, "epsilon": 7.762829838647223, "gamma": 0.5495235100486054, "lamda": 0.7763511882494395}, "datetime": {"datetime": "2021-07-03 13:41:10", "elapsed": 1156.251756, "delta": 14.766059}}
{"target": 0.71987573436186, "params": {"C": 12.084781549653602, "epsilon": 7.027297972235036, "gamma": 0.49158233379685207, "lamda": 0.7405871702296722}, "datetime": {"datetime": "2021-07-03 13:41:12", "elapsed": 1157.578088, "delta": 1.326332}}
{"target": 0.47359348821137714, "params": {"C": 14.217514678947985, "epsilon": 8.38015424219299, "gamma": 1.3614418672235695, "lamda": 0.3539459358782112}, "datetime": {"datetime": "2021-07-03 13:41:14", "elapsed": 1159.742811, "delta": 2.164723}}
{"target": 0.42684377762201875, "params": {"C": 14.302888381614551, "epsilon": 5.172595668142299, "gamma": 1.606931062814987, "lamda": 0.49000108213314497}, "datetime": {"datetime": "2021-07-03 13:41:15", "elapsed": 1161.298804, "delta": 1.555993}}
{"target": 0.6113007429240456, "params": {"C": 14.379695743892155, "epsilon": 9.424823976413213, "gamma": 0.8437635750717061, "lamda": 0.10803732900537634}, "datetime": {"datetime": "2021-07-03 13:41:17", "elapsed": 1162.506727, "delta": 1.207923}}
{"target": 0.8155550690494695, "params": {"C": 10.65532057326923, "epsilon": 1.6099868302051497, "gamma": 0.19247955633376795, "lamda": 0.885898005834587}, "datetime": {"datetime": "2021-07-03 13:41:18", "elapsed": 1164.114736, "delta": 1.608009}}
{"target": 0.5426896054443875, "params": {"C": 9.238696013908347, "epsilon": 9.44915067666908, "gamma": 0.8364759176920772, "lamda": 0.2769163926756073}, "datetime": {"datetime": "2021-07-03 13:41:20", "elapsed": 1165.554812, "delta": 1.440076}}
{"target": 0.4308150477518152, "params": {"C": 14.570839837409652, "epsilon": 7.604011376283151, "gamma": 1.6077655326682168, "lamda": 0.994177831741175}, "datetime": {"datetime": "2021-07-03 13:41:21", "elapsed": 1166.813763, "delta": 1.258951}}
{"target": -2.0516561874473083, "params": {"C": 10.423648295254173, "epsilon": 8.526435410112471, "gamma": 0.010646515963959416, "lamda": 0.5408543334074399}, "datetime": {"datetime": "2021-07-03 13:41:31", "elapsed": 1176.721277, "delta": 9.907514}}
{"target": 0.33505903046944563, "params": {"C": 9.983909890659646, "epsilon": 0.9412228985180593, "gamma": 1.8364360161320645, "lamda": 0.4110902576926416}, "datetime": {"datetime": "2021-07-03 13:41:32", "elapsed": 1178.401897, "delta": 1.68062}}
{"target": -1.8534354816172738, "params": {"C": 13.14400027471918, "epsilon": 9.59172428680509, "gamma": 0.44408709784611156, "lamda": 0.8524690793969253}, "datetime": {"datetime": "2021-07-03 13:41:47", "elapsed": 1193.322811, "delta": 14.920914}}
{"target": 0.5125041845425377, "params": {"C": 11.561439770673807, "epsilon": 5.530147981470016, "gamma": 1.061358092003048, "lamda": 0.9483442888722357}, "datetime": {"datetime": "2021-07-03 13:41:49", "elapsed": 1194.725867, "delta": 1.403056}}
{"target": 0.41360028865332965, "params": {"C": 13.776199198263935, "epsilon": 1.4176258467791305, "gamma": 1.625812926331163, "lamda": 0.821435298173024}, "datetime": {"datetime": "2021-07-03 13:41:50", "elapsed": 1196.223817, "delta": 1.49795}}
{"target": 0.4546749902878655, "params": {"C": 13.711755898291944, "epsilon": 2.3907808874912613, "gamma": 1.405270874139954, "lamda": 0.2534120453700831}, "datetime": {"datetime": "2021-07-03 13:41:52", "elapsed": 1197.635822, "delta": 1.412005}}
{"target": 0.6516249665593732, "params": {"C": 14.24142425895597, "epsilon": 3.898371652197896, "gamma": 0.7258898985153827, "lamda": 0.8750508688735597}, "datetime": {"datetime": "2021-07-03 13:41:54", "elapsed": 1199.566164, "delta": 1.930342}}
{"target": 0.6117283408364365, "params": {"C": 12.57736422822167, "epsilon": 8.559085852880346, "gamma": 0.7839107985721135, "lamda": 0.19948386499288998}, "datetime": {"datetime": "2021-07-03 13:41:55", "elapsed": 1200.966876, "delta": 1.400712}}
{"target": 0.4421986677253893, "params": {"C": 9.502365837863502, "epsilon": 7.993347557431991, "gamma": 1.2260885741921745, "lamda": 0.5868156650052875}, "datetime": {"datetime": "2021-07-03 13:41:57", "elapsed": 1202.601307, "delta": 1.634431}}
{"target": 0.6464418589020855, "params": {"C": 11.897546719118456, "epsilon": 6.193285070940329, "gamma": 0.6658654078821474, "lamda": 0.2230473519618611}, "datetime": {"datetime": "2021-07-03 13:41:58", "elapsed": 1204.080818, "delta": 1.479511}}
{"target": -1.151335099146781, "params": {"C": 14.3995464124039, "epsilon": 6.657870491330669, "gamma": 0.48531076428440556, "lamda": 0.9279308394454738}, "datetime": {"datetime": "2021-07-03 13:42:08", "elapsed": 1213.539839, "delta": 9.459021}}
{"target": 0.7900073743060567, "params": {"C": 9.233617115039564, "epsilon": 2.889192732687101, "gamma": 0.21338728216185407, "lamda": 0.5504780367617308}, "datetime": {"datetime": "2021-07-03 13:42:09", "elapsed": 1214.96584, "delta": 1.426001}}
{"target": 0.36222761219463906, "params": {"C": 10.272448238218415, "epsilon": 5.183569006311396, "gamma": 1.7175147914785827, "lamda": 0.3046882043149536}, "datetime": {"datetime": "2021-07-03 13:42:11", "elapsed": 1216.795846, "delta": 1.830006}}
{"target": 0.3949457576691743, "params": {"C": 11.805610246106916, "epsilon": 5.713862872384846, "gamma": 1.6459430396349828, "lamda": 0.1831709896819368}, "datetime": {"datetime": "2021-07-03 13:42:12", "elapsed": 1218.207823, "delta": 1.411977}}
{"target": 0.44266688199506576, "params": {"C": 10.679253461035158, "epsilon": 9.819587495711364, "gamma": 1.3117530560617565, "lamda": 0.6076892412014219}, "datetime": {"datetime": "2021-07-03 13:42:21", "elapsed": 1226.804869, "delta": 8.597046}}
{"target": 0.5883899833299545, "params": {"C": 11.873413010769863, "epsilon": 5.712686113371645, "gamma": 0.8220817181666388, "lamda": 0.36217607700768195}, "datetime": {"datetime": "2021-07-03 13:42:22", "elapsed": 1228.217886, "delta": 1.413017}}
{"target": 0.3941752566058925, "params": {"C": 12.354673439061491, "epsilon": 0.11869093007178767, "gamma": 1.645987198599806, "lamda": 0.8268652772674603}, "datetime": {"datetime": "2021-07-03 13:42:24", "elapsed": 1229.709843, "delta": 1.491957}}
{"target": 0.45991182689365495, "params": {"C": 10.946340097081501, "epsilon": 4.207880604996235, "gamma": 1.2344307097952356, "lamda": 0.2782660107422826}, "datetime": {"datetime": "2021-07-03 13:42:25", "elapsed": 1231.183869, "delta": 1.474026}}
{"target": 0.5283934475862029, "params": {"C": 10.56551111657262, "epsilon": 7.910035064702856, "gamma": 0.9592338603274166, "lamda": 0.8352663224670321}, "datetime": {"datetime": "2021-07-03 13:42:27", "elapsed": 1232.66189, "delta": 1.478021}}
{"target": 0.6048587872606835, "params": {"C": 14.396957691379082, "epsilon": 3.8380693890819138, "gamma": 0.8610297489300064, "lamda": 0.3716491025978893}, "datetime": {"datetime": "2021-07-03 13:42:28", "elapsed": 1234.357871, "delta": 1.695981}}
{"target": 0.5865597489737537, "params": {"C": 9.559952093058161, "epsilon": 7.484353044803604, "gamma": 0.7286350894513397, "lamda": 0.8544883505389926}, "datetime": {"datetime": "2021-07-03 13:42:30", "elapsed": 1235.841909, "delta": 1.484038}}
{"target": -3.3648222041915847, "params": {"C": 10.770692741808833, "epsilon": 7.6899832121364815, "gamma": 0.1671323412114273, "lamda": 0.2717862793668194}, "datetime": {"datetime": "2021-07-03 13:42:44", "elapsed": 1250.391907, "delta": 14.549998}}
{"target": 0.3869435611221409, "params": {"C": 10.71407640068078, "epsilon": 9.314993608146612, "gamma": 1.621577075802626, "lamda": 0.7788777554143163}, "datetime": {"datetime": "2021-07-03 13:42:46", "elapsed": 1252.466931, "delta": 2.075024}}
{"target": 0.5557360635939136, "params": {"C": 9.105862108254625, "epsilon": 5.17004085120886, "gamma": 0.7892043056586612, "lamda": 0.8485037334495419}, "datetime": {"datetime": "2021-07-03 13:42:48", "elapsed": 1254.075911, "delta": 1.60898}}
