{"target": -2.3031797518517743, "params": {"C": 88.16269603426575, "epsilon": 12.15414447253637, "gamma": 0.0982207672029779, "lamda": 0.34387577269037983}, "datetime": {"datetime": "2021-09-19 22:41:11", "elapsed": 2381.421947, "delta": 13.713678}}
{"target": 0.9016520800739929, "params": {"C": 68.38634846216695, "epsilon": 10.106849177335047, "gamma": 0.07481406055398919, "lamda": 0.09581868920505877}, "datetime": {"datetime": "2021-09-19 22:41:12", "elapsed": 2382.660279, "delta": 1.238332}}
{"target": -7.245775712051609, "params": {"C": 84.8290136870612, "epsilon": 15.736886695984964, "gamma": 0.036010614484854236, "lamda": 1.2614366407598003}, "datetime": {"datetime": "2021-09-19 22:41:26", "elapsed": 2397.020816, "delta": 14.360537}}
{"target": 0.8955230087452926, "params": {"C": 68.35382334558066, "epsilon": 10.324323509453789, "gamma": 0.09811706621979169, "lamda": 0.05461716541713588}, "datetime": {"datetime": "2021-09-19 22:41:28", "elapsed": 2398.365072, "delta": 1.344256}}
{"target": -5.2164398239817595, "params": {"C": 67.9517807409547, "epsilon": 11.731990859501677, "gamma": 0.03230911073858361, "lamda": 0.6549143509497847}, "datetime": {"datetime": "2021-09-19 22:41:37", "elapsed": 2407.624113, "delta": 9.259041}}
{"target": -1.4337595127463625, "params": {"C": 96.97391276135453, "epsilon": 15.912399177837809, "gamma": 0.08458602521748698, "lamda": 0.1126464144547853}, "datetime": {"datetime": "2021-09-19 22:41:44", "elapsed": 2414.427712, "delta": 6.803599}}
{"target": -6.236630603704718, "params": {"C": 69.35175543655434, "epsilon": 11.721639575063792, "gamma": 0.022065289095968568, "lamda": 0.744745896615413}, "datetime": {"datetime": "2021-09-19 22:41:48", "elapsed": 2418.949998, "delta": 4.522286}}
{"target": 0.9023237892075586, "params": {"C": 94.94951603482855, "epsilon": 13.819388341429217, "gamma": 0.07951071068171682, "lamda": 0.0044300679238028105}, "datetime": {"datetime": "2021-09-19 22:41:49", "elapsed": 2419.633999, "delta": 0.684001}}
{"target": -5.713338477520658, "params": {"C": 66.29203351551158, "epsilon": 11.499842560356337, "gamma": 0.028360603469905744, "lamda": 0.49951344178915347}, "datetime": {"datetime": "2021-09-19 22:41:54", "elapsed": 2424.298575, "delta": 4.664576}}
{"target": -1.265962386156886, "params": {"C": 94.98979831282328, "epsilon": 13.780642945305377, "gamma": 0.09378671028068357, "lamda": 0.04354259188449296}, "datetime": {"datetime": "2021-09-19 22:42:00", "elapsed": 2430.355846, "delta": 6.057271}}
{"target": -1.930967935205544, "params": {"C": 88.0949652045799, "epsilon": 12.20014500360323, "gamma": 0.1, "lamda": 0.31530007437963825}, "datetime": {"datetime": "2021-09-19 22:42:12", "elapsed": 2443.197359, "delta": 12.841513}}
{"target": -1.437154181836843, "params": {"C": 93.37989132864121, "epsilon": 13.023064268338409, "gamma": 0.09494260769478763, "lamda": 0.45337550214899663}, "datetime": {"datetime": "2021-09-19 22:42:22", "elapsed": 2452.673625, "delta": 9.476266}}
{"target": 0.8999589845325195, "params": {"C": 68.24333250892019, "epsilon": 10.081201289552272, "gamma": 0.08286356475588308, "lamda": 0.08304761577810289}, "datetime": {"datetime": "2021-09-19 22:42:23", "elapsed": 2453.959155, "delta": 1.28553}}
{"target": 0.8977435539951576, "params": {"C": 68.08085869203646, "epsilon": 10.205575726758953, "gamma": 0.09014622319596985, "lamda": 0.09343065609908188}, "datetime": {"datetime": "2021-09-19 22:42:25", "elapsed": 2455.344711, "delta": 1.385556}}
{"target": 0.9033890149886807, "params": {"C": 68.08998318938345, "epsilon": 10.27029358704807, "gamma": 0.06919490611763553, "lamda": 0.049288252206541025}, "datetime": {"datetime": "2021-09-19 22:42:26", "elapsed": 2456.635329, "delta": 1.290618}}
{"target": -3.9076918651291495, "params": {"C": 68.2779344623157, "epsilon": 10.189656849910705, "gamma": 0.026169687194769045, "lamda": 0.1375796865120101}, "datetime": {"datetime": "2021-09-19 22:42:35", "elapsed": 2465.57252, "delta": 8.937191}}
{"target": -3.026272056782207, "params": {"C": 92.17192414096324, "epsilon": 15.749701898872424, "gamma": 0.07296764668904993, "lamda": 0.14688087271928074}, "datetime": {"datetime": "2021-09-19 22:42:48", "elapsed": 2478.432517, "delta": 12.859997}}
{"target": -4.886749447053278, "params": {"C": 93.33069279724654, "epsilon": 12.99784329035889, "gamma": 0.058275032844340574, "lamda": 0.5260076206952858}, "datetime": {"datetime": "2021-09-19 22:43:02", "elapsed": 2492.595297, "delta": 14.16278}}
{"target": -5.030226337185899, "params": {"C": 87.77840987077482, "epsilon": 12.593038462284287, "gamma": 0.05985276006512719, "lamda": 0.49150907342426603}, "datetime": {"datetime": "2021-09-19 22:43:16", "elapsed": 2506.669998, "delta": 14.074701}}
{"target": -2.2663458188755525, "params": {"C": 68.18625351967857, "epsilon": 10.178104067439516, "gamma": 0.07723508967745002, "lamda": 0.15103741152921316}, "datetime": {"datetime": "2021-09-19 22:43:30", "elapsed": 2520.310113, "delta": 13.640115}}
{"target": -5.067713877702273, "params": {"C": 74.66034240409124, "epsilon": 14.794967010807088, "gamma": 0.07564141212100133, "lamda": 0.9706066044767093}, "datetime": {"datetime": "2021-09-19 22:43:44", "elapsed": 2534.51623, "delta": 14.206117}}
{"target": -3.628897198807497, "params": {"C": 97.00510331620325, "epsilon": 15.954402779800837, "gamma": 0.010129412487324293, "lamda": 0.11528692896321051}, "datetime": {"datetime": "2021-09-19 22:43:54", "elapsed": 2544.686186, "delta": 10.169956}}
{"target": -2.019070846621635, "params": {"C": 95.00890512007405, "epsilon": 13.624631711725007, "gamma": 0.055795578187324744, "lamda": 0.04497191909862564}, "datetime": {"datetime": "2021-09-19 22:43:59", "elapsed": 2549.589226, "delta": 4.90304}}
{"target": -4.0000014298227295, "params": {"C": 74.42452030009476, "epsilon": 11.177987730273964, "gamma": 0.07825089434949156, "lamda": 1.2536636195181277}, "datetime": {"datetime": "2021-09-19 22:44:11", "elapsed": 2561.267409, "delta": 11.678183}}
{"target": -4.444512306793553, "params": {"C": 88.18320705022285, "epsilon": 12.213681419753593, "gamma": 0.05585124099908842, "lamda": 0.31991729650929307}, "datetime": {"datetime": "2021-09-19 22:44:25", "elapsed": 2575.325545, "delta": 14.058136}}
{"target": -6.083837424498773, "params": {"C": 73.93643400884163, "epsilon": 17.795185354032576, "gamma": 0.08723451811939023, "lamda": 0.611912278217294}, "datetime": {"datetime": "2021-09-19 22:44:39", "elapsed": 2589.748848, "delta": 14.423303}}
{"target": -2.260118975685212, "params": {"C": 68.14657963218615, "epsilon": 10.079333189871832, "gamma": 0.07932032894265827, "lamda": 0.22022521311508805}, "datetime": {"datetime": "2021-09-19 22:44:55", "elapsed": 2605.336862, "delta": 15.588014}}
{"target": -6.482999340336023, "params": {"C": 67.10101612386782, "epsilon": 16.017163056988707, "gamma": 0.043806908464172595, "lamda": 0.5707627154012007}, "datetime": {"datetime": "2021-09-19 22:45:11", "elapsed": 2621.577957, "delta": 16.241095}}
{"target": -3.318670283453808, "params": {"C": 94.35370740563556, "epsilon": 16.27682661698855, "gamma": 0.020085671133462796, "lamda": 0.6168958108764948}, "datetime": {"datetime": "2021-09-19 22:45:22", "elapsed": 2632.58392, "delta": 11.005963}}
{"target": -2.192198947492595, "params": {"C": 68.26562320479682, "epsilon": 10.353703313954643, "gamma": 0.08983789719304153, "lamda": 0.034372824072240356}, "datetime": {"datetime": "2021-09-19 22:45:37", "elapsed": 2647.553956, "delta": 14.970036}}
{"target": -5.678993202214155, "params": {"C": 91.80167838303458, "epsilon": 17.086867483575165, "gamma": 0.08457927231525016, "lamda": 0.7667203146003058}, "datetime": {"datetime": "2021-09-19 22:45:58", "elapsed": 2668.641101, "delta": 21.087145}}
{"target": -5.371463442622921, "params": {"C": 85.12316527074643, "epsilon": 14.858030665397354, "gamma": 0.0636205256361004, "lamda": 0.8031234515108756}, "datetime": {"datetime": "2021-09-19 22:46:16", "elapsed": 2687.041802, "delta": 18.400701}}
{"target": -3.8762117333055413, "params": {"C": 90.76087600427984, "epsilon": 10.998189314134322, "gamma": 0.07170942206013015, "lamda": 0.6637199864148968}, "datetime": {"datetime": "2021-09-19 22:46:35", "elapsed": 2706.088876, "delta": 19.047074}}
{"target": -6.179974837763356, "params": {"C": 74.9564182966643, "epsilon": 13.084146591289596, "gamma": 0.03597245643838933, "lamda": 1.465930814904176}, "datetime": {"datetime": "2021-09-19 22:46:53", "elapsed": 2723.855228, "delta": 17.766352}}
{"target": -3.908613363423756, "params": {"C": 68.15733820188929, "epsilon": 10.157954020880545, "gamma": 0.03645639367935364, "lamda": 0.057907749613343794}, "datetime": {"datetime": "2021-09-19 22:47:15", "elapsed": 2745.847085, "delta": 21.991857}}
{"target": -2.488082032650623, "params": {"C": 95.0566494886586, "epsilon": 13.601513569017232, "gamma": 0.07057173815967288, "lamda": 0.03503371812362384}, "datetime": {"datetime": "2021-09-19 22:47:35", "elapsed": 2765.789264, "delta": 19.942179}}
{"target": -3.180996472217651, "params": {"C": 93.97902051908139, "epsilon": 12.127584238258308, "gamma": 0.0147367991673493, "lamda": 0.3687260142119758}, "datetime": {"datetime": "2021-09-19 22:47:46", "elapsed": 2777.041352, "delta": 11.252088}}
{"target": -4.6906441053542505, "params": {"C": 83.99649804636158, "epsilon": 14.857442540003134, "gamma": 0.08502351448736917, "lamda": 1.1316776700626026}, "datetime": {"datetime": "2021-09-19 22:48:05", "elapsed": 2795.648925, "delta": 18.607573}}
{"target": -4.962947114912243, "params": {"C": 79.14821297789766, "epsilon": 11.842094779048143, "gamma": 0.04802950594683831, "lamda": 0.15297626126358999}, "datetime": {"datetime": "2021-09-19 22:48:23", "elapsed": 2814.086066, "delta": 18.437141}}
{"target": -1.6596743344459428, "params": {"C": 95.02132542355724, "epsilon": 13.802289454706086, "gamma": 0.06939198068958172, "lamda": 0.06871224851910299}, "datetime": {"datetime": "2021-09-19 22:48:35", "elapsed": 2825.250666, "delta": 11.1646}}
{"target": -4.512683100906332, "params": {"C": 68.15372124814995, "epsilon": 10.259751304348773, "gamma": 0.04578167230169727, "lamda": 0.04430673051493204}, "datetime": {"datetime": "2021-09-19 22:48:49", "elapsed": 2840.037628, "delta": 14.786962}}
{"target": -4.180510459218149, "params": {"C": 68.13133160765096, "epsilon": 10.219702810111812, "gamma": 0.06656326129911168, "lamda": 0.218769011868721}, "datetime": {"datetime": "2021-09-19 22:49:00", "elapsed": 2851.108625, "delta": 11.070997}}
{"target": 0.8987790980941189, "params": {"C": 68.16827358133608, "epsilon": 10.548698467840943, "gamma": 0.08784080008113702, "lamda": 0.00014135337230168009}, "datetime": {"datetime": "2021-09-19 22:49:02", "elapsed": 2852.682629, "delta": 1.574004}}
{"target": -6.960011145466015, "params": {"C": 77.33167959910242, "epsilon": 16.68077852805629, "gamma": 0.026518959389081997, "lamda": 0.6524803291192123}, "datetime": {"datetime": "2021-09-19 22:49:13", "elapsed": 2863.341626, "delta": 10.658997}}
{"target": -2.8093950142932433, "params": {"C": 96.92622183011218, "epsilon": 15.879801875148917, "gamma": 0.08597272805487571, "lamda": 0.1357285001345383}, "datetime": {"datetime": "2021-09-19 22:49:23", "elapsed": 2873.907625, "delta": 10.565999}}
{"target": 0.9075233728817449, "params": {"C": 95.00623000085938, "epsilon": 13.70801942163654, "gamma": 0.060877634713862316, "lamda": 0.004906424096420273}, "datetime": {"datetime": "2021-09-19 22:49:25", "elapsed": 2875.67934, "delta": 1.771715}}
{"target": -4.198788101994773, "params": {"C": 70.78724013726561, "epsilon": 12.27513635883025, "gamma": 0.08325576378067498, "lamda": 0.8977977151968888}, "datetime": {"datetime": "2021-09-19 22:49:41", "elapsed": 2891.679529, "delta": 16.000189}}
{"target": -6.227972271327492, "params": {"C": 86.32111669723176, "epsilon": 14.594451241814234, "gamma": 0.04199930421811526, "lamda": 0.19317328151779523}, "datetime": {"datetime": "2021-09-19 22:49:52", "elapsed": 2902.644045, "delta": 10.964516}}
{"target": 0.9078078417245685, "params": {"C": 95.21079399898952, "epsilon": 13.655375621084193, "gamma": 0.07487587215902422, "lamda": 0.014543425687092102}, "datetime": {"datetime": "2021-09-19 22:49:54", "elapsed": 2904.535834, "delta": 1.891789}}
{"target": -4.408355331809918, "params": {"C": 95.43725854357018, "epsilon": 14.322488399132514, "gamma": 0.052666937105979826, "lamda": 0.02058693522749774}, "datetime": {"datetime": "2021-09-19 22:50:06", "elapsed": 2916.712698, "delta": 12.176864}}
{"target": -1.172581523252663, "params": {"C": 93.31888973851815, "epsilon": 13.036996019631008, "gamma": 0.1, "lamda": 0.4030779981811877}, "datetime": {"datetime": "2021-09-19 22:50:17", "elapsed": 2927.96957, "delta": 11.256872}}
{"target": -5.868042366316554, "params": {"C": 79.84666365941453, "epsilon": 11.573743017756932, "gamma": 0.028561134563497938, "lamda": 1.1270203660478733}, "datetime": {"datetime": "2021-09-19 22:50:28", "elapsed": 2938.677253, "delta": 10.707683}}
{"target": -4.243967674851985, "params": {"C": 67.93814594561032, "epsilon": 10.215691265185717, "gamma": 0.048425300859804885, "lamda": 0.10147002183218448}, "datetime": {"datetime": "2021-09-19 22:50:39", "elapsed": 2949.640505, "delta": 10.963252}}
{"target": -3.4789357339720173, "params": {"C": 81.18670016838493, "epsilon": 14.579573576854896, "gamma": 0.017800597668818377, "lamda": 0.9237330633423843}, "datetime": {"datetime": "2021-09-19 22:50:49", "elapsed": 2959.752806, "delta": 10.112301}}
{"target": -3.605887907165795, "params": {"C": 69.82856367856476, "epsilon": 17.455173533983384, "gamma": 0.010001674797195215, "lamda": 0.6892136568543893}, "datetime": {"datetime": "2021-09-19 22:51:04", "elapsed": 2974.430318, "delta": 14.677512}}
{"target": -2.067929687887185, "params": {"C": 68.28410851601869, "epsilon": 10.047741698553931, "gamma": 0.0944043238715661, "lamda": 0.12440275340805387}, "datetime": {"datetime": "2021-09-19 22:51:20", "elapsed": 2990.801032, "delta": 16.370714}}
{"target": -1.8088233038189525, "params": {"C": 68.38490009996517, "epsilon": 10.29040403637734, "gamma": 0.06324905754256563, "lamda": 0.058789257560659294}, "datetime": {"datetime": "2021-09-19 22:51:32", "elapsed": 3002.267453, "delta": 11.466421}}
{"target": -6.053815154670088, "params": {"C": 88.64930112848054, "epsilon": 17.694633704273013, "gamma": 0.08562845275429068, "lamda": 1.1106053035633776}, "datetime": {"datetime": "2021-09-19 22:51:48", "elapsed": 3018.703174, "delta": 16.435721}}
{"target": 0.9027191167506214, "params": {"C": 68.074715701681, "epsilon": 10.261004037260957, "gamma": 0.07131759878453808, "lamda": 0.07566210777065402}, "datetime": {"datetime": "2021-09-19 22:51:50", "elapsed": 3020.477175, "delta": 1.774001}}
{"target": -3.7657236393763176, "params": {"C": 93.47441456117956, "epsilon": 13.120423351367979, "gamma": 0.014306279014759369, "lamda": 0.4516961805749797}, "datetime": {"datetime": "2021-09-19 22:52:00", "elapsed": 3031.033177, "delta": 10.556002}}
{"target": 0.895624604360076, "params": {"C": 68.29355952647975, "epsilon": 10.31089230569704, "gamma": 0.09781094921836297, "lamda": 0.08195351792604524}, "datetime": {"datetime": "2021-09-19 22:52:02", "elapsed": 3032.809174, "delta": 1.775997}}
{"target": -5.1451948408803325, "params": {"C": 68.02283010391659, "epsilon": 10.156535683651654, "gamma": 0.024203765773675293, "lamda": 0.04687040425158177}, "datetime": {"datetime": "2021-09-19 22:52:17", "elapsed": 3047.415175, "delta": 14.606001}}
{"target": -5.712762972133526, "params": {"C": 81.86984903563534, "epsilon": 15.39802725734938, "gamma": 0.07091995381998988, "lamda": 1.3284071136187001}, "datetime": {"datetime": "2021-09-19 22:52:27", "elapsed": 3058.018177, "delta": 10.603002}}
{"target": 0.9033411820327135, "params": {"C": 68.53192292527851, "epsilon": 10.090318512802458, "gamma": 0.06966656433224708, "lamda": 0.06926880967484432}, "datetime": {"datetime": "2021-09-19 22:52:29", "elapsed": 3059.726148, "delta": 1.707971}}
{"target": -2.786087484346982, "params": {"C": 95.166686218412, "epsilon": 13.684536178543496, "gamma": 0.07808391007889517, "lamda": 0.029967015635550487}, "datetime": {"datetime": "2021-09-19 22:52:39", "elapsed": 3069.579125, "delta": 9.852977}}
{"target": -4.8528582712093336, "params": {"C": 95.07888092550907, "epsilon": 13.967692231833592, "gamma": 0.05015367365349042, "lamda": 0.013150486301838824}, "datetime": {"datetime": "2021-09-19 22:52:50", "elapsed": 3080.292719, "delta": 10.713594}}
{"target": -5.142528591145954, "params": {"C": 97.60411569543162, "epsilon": 14.421111970449584, "gamma": 0.0574905295567878, "lamda": 0.4218005915899767}, "datetime": {"datetime": "2021-09-19 22:53:05", "elapsed": 3095.692992, "delta": 15.400273}}
{"target": -2.8348442474780544, "params": {"C": 68.30313841374931, "epsilon": 10.588388374401294, "gamma": 0.056568671843959854, "lamda": 0.10041290226617178}, "datetime": {"datetime": "2021-09-19 22:53:15", "elapsed": 3105.819602, "delta": 10.12661}}
{"target": -2.8798292483275905, "params": {"C": 76.67919945165865, "epsilon": 17.867133430741514, "gamma": 0.011786524419780241, "lamda": 1.0764062849881892}, "datetime": {"datetime": "2021-09-19 22:53:25", "elapsed": 3115.520714, "delta": 9.701112}}
{"target": -6.364201342475146, "params": {"C": 95.55338203515583, "epsilon": 14.536398101148006, "gamma": 0.050507111592801565, "lamda": 0.013699781351383883}, "datetime": {"datetime": "2021-09-19 22:53:36", "elapsed": 3126.561141, "delta": 11.040427}}
{"target": -2.936265360866955, "params": {"C": 68.00607634348157, "epsilon": 10.163874816422474, "gamma": 0.062181643947883856, "lamda": 0.1335226706637376}, "datetime": {"datetime": "2021-09-19 22:53:50", "elapsed": 3140.95208, "delta": 14.390939}}
{"target": -3.6233558183678403, "params": {"C": 68.14486603315916, "epsilon": 10.465362749712074, "gamma": 0.03959883200058865, "lamda": 0.0552293461151032}, "datetime": {"datetime": "2021-09-19 22:54:01", "elapsed": 3151.301702, "delta": 10.349622}}
{"target": -4.239720404259905, "params": {"C": 68.43255597307375, "epsilon": 10.174440832702615, "gamma": 0.03930649635923412, "lamda": 0.028183446278459427}, "datetime": {"datetime": "2021-09-19 22:54:16", "elapsed": 3166.393625, "delta": 15.091923}}
{"target": 0.896264873262734, "params": {"C": 80.01203770828913, "epsilon": 11.927686471591418, "gamma": 0.09135448490098236, "lamda": 0.04308555888835097}, "datetime": {"datetime": "2021-09-19 22:54:17", "elapsed": 3167.641077, "delta": 1.247452}}
{"target": -7.3042812542319595, "params": {"C": 99.67288432679067, "epsilon": 17.258143380326278, "gamma": 0.0468667657799605, "lamda": 0.34619333805175767}, "datetime": {"datetime": "2021-09-19 22:54:33", "elapsed": 3183.301826, "delta": 15.660749}}
{"target": -1.3650792339035744, "params": {"C": 79.93282170393744, "epsilon": 11.96097459018321, "gamma": 0.08112895167412339, "lamda": 0.1094636617510755}, "datetime": {"datetime": "2021-09-19 22:54:43", "elapsed": 3193.840824, "delta": 10.538998}}
{"target": -4.01400002535107, "params": {"C": 80.0371471237629, "epsilon": 12.016040558049692, "gamma": 0.023403940177779758, "lamda": 0.16730494232747836}, "datetime": {"datetime": "2021-09-19 22:54:54", "elapsed": 3204.660821, "delta": 10.819997}}
{"target": -3.524829087118783, "params": {"C": 87.92111887291173, "epsilon": 10.890695525004253, "gamma": 0.09163270484019262, "lamda": 0.5605511189025074}, "datetime": {"datetime": "2021-09-19 22:55:04", "elapsed": 3214.675827, "delta": 10.015006}}
{"target": 0.8977013768930494, "params": {"C": 68.4106327922677, "epsilon": 10.397490134447438, "gamma": 0.09020069872709899, "lamda": 0.11876619893122235}, "datetime": {"datetime": "2021-09-19 22:55:06", "elapsed": 3216.782823, "delta": 2.106996}}
{"target": -2.2162698761448105, "params": {"C": 68.20689625841405, "epsilon": 10.575807896008527, "gamma": 0.08689677262726894, "lamda": 0.23897506401297733}, "datetime": {"datetime": "2021-09-19 22:55:22", "elapsed": 3232.370824, "delta": 15.588001}}
{"target": -5.568704036401257, "params": {"C": 67.85832416816199, "epsilon": 16.03007942341165, "gamma": 0.06852119554544427, "lamda": 1.3330265614646415}, "datetime": {"datetime": "2021-09-19 22:55:38", "elapsed": 3248.279826, "delta": 15.909002}}
{"target": -2.535942813934345, "params": {"C": 68.51637590638616, "epsilon": 10.1421650267315, "gamma": 0.07692636853041071, "lamda": 0.14546006758973065}, "datetime": {"datetime": "2021-09-19 22:55:54", "elapsed": 3264.401823, "delta": 16.121997}}
{"target": -4.115719773010884, "params": {"C": 67.20652853963975, "epsilon": 14.098473662831255, "gamma": 0.09462728293902843, "lamda": 1.034999060168224}, "datetime": {"datetime": "2021-09-19 22:56:09", "elapsed": 3279.791824, "delta": 15.390001}}
{"target": 0.8955868227238054, "params": {"C": 68.19497470891271, "epsilon": 10.493238898955948, "gamma": 0.09788873006489558, "lamda": 0.062335463877281394}, "datetime": {"datetime": "2021-09-19 22:56:11", "elapsed": 3282.021824, "delta": 2.23}}
{"target": -2.685359922678579, "params": {"C": 97.10575282484929, "epsilon": 16.44158342678888, "gamma": 0.0908186176504096, "lamda": 0.2256181078132666}, "datetime": {"datetime": "2021-09-19 22:56:25", "elapsed": 3295.483825, "delta": 13.462001}}
{"target": -1.8422296148837916, "params": {"C": 93.53882865249349, "epsilon": 12.949474202598662, "gamma": 0.0689076860138857, "lamda": 0.3401781659673313}, "datetime": {"datetime": "2021-09-19 22:56:35", "elapsed": 3306.081166, "delta": 10.597341}}
{"target": -3.8142039967129113, "params": {"C": 68.57781745786484, "epsilon": 11.306597011282939, "gamma": 0.07758778034964778, "lamda": 0.8165649050883453}, "datetime": {"datetime": "2021-09-19 22:56:51", "elapsed": 3321.545076, "delta": 15.46391}}
{"target": -6.692975672769726, "params": {"C": 71.67042809567481, "epsilon": 15.408822914813022, "gamma": 0.01889993177666684, "lamda": 1.0097167749781484}, "datetime": {"datetime": "2021-09-19 22:56:58", "elapsed": 3328.336134, "delta": 6.791058}}
