{"target": 0.6764555923760768, "params": {"C": 28.80200407073615, "epsilon": 2.5014213435351733, "gamma": 0.9, "lamda": 1.0}, "datetime": {"datetime": "2021-07-03 15:26:02", "elapsed": 898.12853, "delta": 1.98005}}
{"target": -5.016785554359024, "params": {"C": 21.878773823928658, "epsilon": 1.0, "gamma": 0.05, "lamda": 1.0}, "datetime": {"datetime": "2021-07-03 15:26:23", "elapsed": 919.045526, "delta": 20.916996}}
{"target": 0.6741864471305454, "params": {"C": 26.171822554643608, "epsilon": 4.75626577025392, "gamma": 0.9, "lamda": 0.5505138547669907}, "datetime": {"datetime": "2021-07-03 15:26:25", "elapsed": 921.420552, "delta": 2.375026}}
{"target": 0.8358640284042334, "params": {"C": 28.557584476967765, "epsilon": 2.2257173811415893, "gamma": 0.3560926811255169, "lamda": 0.2368619406736348}, "datetime": {"datetime": "2021-07-03 15:26:27", "elapsed": 923.580628, "delta": 2.160076}}
{"target": 0.6825516513217572, "params": {"C": 27.904984264471892, "epsilon": 6.903935579133449, "gamma": 0.8781391507337952, "lamda": 0.4887641134834374}, "datetime": {"datetime": "2021-07-03 15:26:29", "elapsed": 925.570531, "delta": 1.989903}}
{"target": -0.7221010123163587, "params": {"C": 28.120037513479463, "epsilon": 2.7949940264961484, "gamma": 0.3226139037055798, "lamda": 0.9263703903189774}, "datetime": {"datetime": "2021-07-03 15:26:46", "elapsed": 941.942083, "delta": 16.371552}}
{"target": 0.6761372410667539, "params": {"C": 27.066690075295007, "epsilon": 8.77801359959397, "gamma": 0.9, "lamda": 0.424214315762555}, "datetime": {"datetime": "2021-07-03 15:26:48", "elapsed": 943.663601, "delta": 1.721518}}
{"target": 0.6765542281471031, "params": {"C": 29.19846159674164, "epsilon": 2.9554435611874634, "gamma": 0.9, "lamda": 0.1}, "datetime": {"datetime": "2021-07-03 15:26:49", "elapsed": 945.286578, "delta": 1.622977}}
{"target": 0.8184719243909425, "params": {"C": 28.96615957315359, "epsilon": 9.482289807752666, "gamma": 0.40613017025675885, "lamda": 0.10803732900537634}, "datetime": {"datetime": "2021-07-03 15:26:50", "elapsed": 946.547615, "delta": 1.261037}}
{"target": 0.6808843153767794, "params": {"C": 28.866873448348638, "epsilon": 9.061391156535665, "gamma": 0.8803880198757905, "lamda": 0.33389904474179055}, "datetime": {"datetime": "2021-07-03 15:26:53", "elapsed": 948.996585, "delta": 2.44897}}
{"target": 0.6875589660457007, "params": {"C": 28.448740578672187, "epsilon": 1.7576950400121514, "gamma": 0.8606519309412503, "lamda": 0.6919540243693413}, "datetime": {"datetime": "2021-07-03 15:26:54", "elapsed": 950.641639, "delta": 1.645054}}
{"target": 0.6739669367903306, "params": {"C": 26.118649792240085, "epsilon": 6.05072786299405, "gamma": 0.9, "lamda": 1.0}, "datetime": {"datetime": "2021-07-03 15:26:57", "elapsed": 953.068601, "delta": 2.426962}}
{"target": -6.48034318601164, "params": {"C": 22.372747158756955, "epsilon": 8.673659235024726, "gamma": 0.05027615003485704, "lamda": 0.5408543334074399}, "datetime": {"datetime": "2021-07-03 15:27:08", "elapsed": 964.577628, "delta": 11.509027}}
{"target": 0.676156444693846, "params": {"C": 29.454073840841808, "epsilon": 9.351772969452636, "gamma": 0.8997274432445556, "lamda": 0.48742780372639316}, "datetime": {"datetime": "2021-07-03 15:27:10", "elapsed": 966.240605, "delta": 1.662977}}
{"target": 0.8649998270193159, "params": {"C": 27.814570365949187, "epsilon": 6.90376922962601, "gamma": 0.22205523729906318, "lamda": 0.9558762442448211}, "datetime": {"datetime": "2021-07-03 15:27:12", "elapsed": 967.748627, "delta": 1.508022}}
{"target": 0.7939574442790125, "params": {"C": 24.269066284456343, "epsilon": 5.976730856408655, "gamma": 0.49907255186059846, "lamda": 0.9483442888722357}, "datetime": {"datetime": "2021-07-03 15:27:13", "elapsed": 969.066629, "delta": 1.318002}}
{"target": 0.6763297099735949, "params": {"C": 26.975454923763206, "epsilon": 7.921403078334282, "gamma": 0.9, "lamda": 0.1}, "datetime": {"datetime": "2021-07-03 15:27:15", "elapsed": 971.065645, "delta": 1.999016}}
{"target": 0.7528060059347486, "params": {"C": 27.85292649715324, "epsilon": 3.1510179005321883, "gamma": 0.6459699713663121, "lamda": 0.2534120453700831}, "datetime": {"datetime": "2021-07-03 15:27:18", "elapsed": 974.55363, "delta": 3.487985}}
{"target": 0.8344305282277827, "params": {"C": 28.73570709825995, "epsilon": 4.507985285506657, "gamma": 0.3557821174563192, "lamda": 0.8750508688735597}, "datetime": {"datetime": "2021-07-03 15:27:20", "elapsed": 976.05765, "delta": 1.50402}}
{"target": 0.8260396574750317, "params": {"C": 25.962273713702785, "epsilon": 8.703047572349547, "gamma": 0.38056491396296305, "lamda": 0.19948386499288998}, "datetime": {"datetime": "2021-07-03 15:27:23", "elapsed": 979.009646, "delta": 2.951996}}
{"target": 0.6767879247825559, "params": {"C": 28.94997349564063, "epsilon": 4.810568482624603, "gamma": 0.9, "lamda": 0.7490987458004713}, "datetime": {"datetime": "2021-07-03 15:27:26", "elapsed": 981.677627, "delta": 2.667981}}
{"target": 0.8392184812291079, "params": {"C": 24.829244531864095, "epsilon": 6.573613925238819, "gamma": 0.3301435159295604, "lamda": 0.2230473519618611}, "datetime": {"datetime": "2021-07-03 15:27:27", "elapsed": 983.133655, "delta": 1.456028}}
{"target": 0.8623557978336417, "params": {"C": 28.86831899342901, "epsilon": 3.8786178657884394, "gamma": 0.23505265188278446, "lamda": 1.0}, "datetime": {"datetime": "2021-07-03 15:27:30", "elapsed": 985.916643, "delta": 2.782988}}
{"target": 0.8520426372585708, "params": {"C": 26.09732888412913, "epsilon": 6.6146271768376925, "gamma": 0.2721327497321441, "lamda": 1.0}, "datetime": {"datetime": "2021-07-03 15:27:33", "elapsed": 988.829632, "delta": 2.912989}}
{"target": 0.7648538676302188, "params": {"C": 29.332955516910445, "epsilon": 5.631567354101611, "gamma": 0.6059978371919624, "lamda": 0.4182512434619868}, "datetime": {"datetime": "2021-07-03 15:27:39", "elapsed": 995.235675, "delta": 6.406043}}
{"target": 0.7139438811901391, "params": {"C": 24.676017076844857, "epsilon": 6.142090794225783, "gamma": 0.7487696400450932, "lamda": 0.1831709896819368}, "datetime": {"datetime": "2021-07-03 15:27:41", "elapsed": 996.945716, "delta": 1.710041}}
{"target": 0.6518674558253212, "params": {"C": 21.837948666370586, "epsilon": 2.610843812060606, "gamma": 0.9, "lamda": 0.1}, "datetime": {"datetime": "2021-07-03 15:27:44", "elapsed": 1000.089665, "delta": 3.143949}}
{"target": -5.584322682586042, "params": {"C": 26.83941164714782, "epsilon": 4.69862054926223, "gamma": 0.05, "lamda": 1.0}, "datetime": {"datetime": "2021-07-03 15:27:58", "elapsed": 1014.659711, "delta": 14.570046}}
{"target": 0.7132279314846148, "params": {"C": 26.87837439522643, "epsilon": 5.15234797792123, "gamma": 0.7714692780184398, "lamda": 0.6321986812361001}, "datetime": {"datetime": "2021-07-03 15:28:00", "elapsed": 1016.207714, "delta": 1.548003}}
{"target": 0.8474504490273833, "params": {"C": 26.690408554230885, "epsilon": 8.865488570422741, "gamma": 0.28279348612839683, "lamda": 0.17803160407901963}, "datetime": {"datetime": "2021-07-03 15:28:03", "elapsed": 1018.78169, "delta": 2.573976}}
{"target": 0.8644991214002944, "params": {"C": 26.11926184849258, "epsilon": 6.955063809870401, "gamma": 0.22653046220968684, "lamda": 0.1}, "datetime": {"datetime": "2021-07-03 15:28:05", "elapsed": 1021.223721, "delta": 2.442031}}
{"target": -1.7601991060131152, "params": {"C": 23.84485101072851, "epsilon": 8.69694884190329, "gamma": 0.4202479401000108, "lamda": 0.6367216820303021}, "datetime": {"datetime": "2021-07-03 15:28:20", "elapsed": 1036.184728, "delta": 14.961007}}
{"target": 0.6881213419208474, "params": {"C": 23.63194841603739, "epsilon": 9.36596397895919, "gamma": 0.8138837444805155, "lamda": 0.11981849238835063}, "datetime": {"datetime": "2021-07-03 15:28:22", "elapsed": 1038.568779, "delta": 2.384051}}
{"target": 0.8825093087930145, "params": {"C": 22.95115456968139, "epsilon": 7.920776968619695, "gamma": 0.11711682916065991, "lamda": 0.2717862793668194}, "datetime": {"datetime": "2021-07-03 15:28:24", "elapsed": 1040.063742, "delta": 1.494963}}
{"target": 0.6728846465160239, "params": {"C": 23.058646166276013, "epsilon": 7.577405573595659, "gamma": 0.8547328776731722, "lamda": 0.5773620295808667}, "datetime": {"datetime": "2021-07-03 15:28:26", "elapsed": 1042.295753, "delta": 2.232011}}
{"target": 0.8184766361793661, "params": {"C": 20.17643684709104, "epsilon": 5.6526020262906025, "gamma": 0.38282595970344824, "lamda": 0.8485037334495419}, "datetime": {"datetime": "2021-07-03 15:28:28", "elapsed": 1043.67778, "delta": 1.382027}}
{"target": 0.7566051779956917, "params": {"C": 23.21362343652593, "epsilon": 8.39675974862141, "gamma": 0.6062779418756811, "lamda": 0.11405019617019861}, "datetime": {"datetime": "2021-07-03 15:28:30", "elapsed": 1045.83228, "delta": 2.1545}}
{"target": 0.7213778511968851, "params": {"C": 28.655431003036753, "epsilon": 6.040068837389624, "gamma": 0.7431426863972002, "lamda": 0.662464537448439}, "datetime": {"datetime": "2021-07-03 15:28:32", "elapsed": 1047.688814, "delta": 1.856534}}
{"target": 0.6466320210296286, "params": {"C": 20.825996176785594, "epsilon": 6.481078072620323, "gamma": 0.9, "lamda": 0.1}, "datetime": {"datetime": "2021-07-03 15:28:35", "elapsed": 1051.264153, "delta": 3.575339}}
{"target": 0.6671567852457488, "params": {"C": 24.74483953985907, "epsilon": 9.458404969836574, "gamma": 0.9, "lamda": 1.0}, "datetime": {"datetime": "2021-07-03 15:28:38", "elapsed": 1053.835282, "delta": 2.571129}}
{"target": 0.8810765853760464, "params": {"C": 20.877711752297603, "epsilon": 4.039456890728176, "gamma": 0.11501098194372292, "lamda": 0.6475125295768253}, "datetime": {"datetime": "2021-07-03 15:28:39", "elapsed": 1055.324798, "delta": 1.489516}}
{"target": 0.837419572455237, "params": {"C": 20.747016960084995, "epsilon": 3.9675588476609827, "gamma": 0.31746200272178093, "lamda": 0.13145932993210221}, "datetime": {"datetime": "2021-07-03 15:28:41", "elapsed": 1057.420822, "delta": 2.096024}}
{"target": -2.8845965060680423, "params": {"C": 21.214141427312747, "epsilon": 3.2833391520021378, "gamma": 0.12942037455607266, "lamda": 0.17534609003466353}, "datetime": {"datetime": "2021-07-03 15:28:59", "elapsed": 1075.296801, "delta": 17.875979}}
{"target": 0.8346650692250346, "params": {"C": 23.0983390654047, "epsilon": 8.416591361108974, "gamma": 0.3314513483709221, "lamda": 0.4373300099317128}, "datetime": {"datetime": "2021-07-03 15:29:01", "elapsed": 1077.006824, "delta": 1.710023}}
{"target": 0.6765984059842307, "params": {"C": 29.39463964350721, "epsilon": 3.1893940311036073, "gamma": 0.9, "lamda": 0.7290322987185182}, "datetime": {"datetime": "2021-07-03 15:29:03", "elapsed": 1079.304818, "delta": 2.297994}}
{"target": 0.8680828168301428, "params": {"C": 24.39682377648608, "epsilon": 3.721870811239964, "gamma": 0.19603791956021793, "lamda": 0.39754163368124795}, "datetime": {"datetime": "2021-07-03 15:29:05", "elapsed": 1080.794839, "delta": 1.490021}}
{"target": 0.8841065636548192, "params": {"C": 24.582461831320533, "epsilon": 3.799388173904924, "gamma": 0.115052264688984, "lamda": 0.9700124462069345}, "datetime": {"datetime": "2021-07-03 15:29:08", "elapsed": 1083.743832, "delta": 2.948993}}
{"target": 0.6600014699227705, "params": {"C": 23.20197905268969, "epsilon": 3.4614984026364874, "gamma": 0.9, "lamda": 1.0}, "datetime": {"datetime": "2021-07-03 15:29:10", "elapsed": 1086.047859, "delta": 2.304027}}
{"target": 0.8630253650387676, "params": {"C": 23.83997366593877, "epsilon": 4.424975240164441, "gamma": 0.2238966906207997, "lamda": 0.9788907166894868}, "datetime": {"datetime": "2021-07-03 15:29:14", "elapsed": 1090.010831, "delta": 3.962972}}
{"target": 0.8793970517638883, "params": {"C": 29.689948056619578, "epsilon": 9.725206790334497, "gamma": 0.14882743030297044, "lamda": 0.4093366820473471}, "datetime": {"datetime": "2021-07-03 15:29:16", "elapsed": 1091.717818, "delta": 1.706987}}
{"target": 0.8688756331220029, "params": {"C": 28.692337200773146, "epsilon": 4.603891167446131, "gamma": 0.19913246249892597, "lamda": 0.6061341498706103}, "datetime": {"datetime": "2021-07-03 15:29:17", "elapsed": 1093.422856, "delta": 1.705038}}
{"target": 0.7310860812783846, "params": {"C": 24.771514576202502, "epsilon": 8.311777976380839, "gamma": 0.6983758016632959, "lamda": 0.27018911083198205}, "datetime": {"datetime": "2021-07-03 15:29:19", "elapsed": 1095.43986, "delta": 2.017004}}
{"target": 0.849234268408846, "params": {"C": 20.259583199346455, "epsilon": 4.2492103637623195, "gamma": 0.2624213911950229, "lamda": 0.5736290617817525}, "datetime": {"datetime": "2021-07-03 15:29:25", "elapsed": 1100.703867, "delta": 5.264007}}
{"target": -5.283037796503821, "params": {"C": 24.36894245984433, "epsilon": 4.3567954368055375, "gamma": 0.05, "lamda": 0.252401459463014}, "datetime": {"datetime": "2021-07-03 15:29:40", "elapsed": 1115.924899, "delta": 15.221032}}
{"target": 0.803754248119841, "params": {"C": 24.740177692805755, "epsilon": 3.346463367980312, "gamma": 0.4713446824382356, "lamda": 0.7775652595632809}, "datetime": {"datetime": "2021-07-03 15:29:43", "elapsed": 1118.921875, "delta": 2.996976}}
{"target": 0.6705927496434165, "params": {"C": 25.32005570977944, "epsilon": 5.97109440483202, "gamma": 0.9, "lamda": 0.6787686287383472}, "datetime": {"datetime": "2021-07-03 15:29:45", "elapsed": 1121.059875, "delta": 2.138}}
{"target": 0.6674376889166628, "params": {"C": 24.658740907544907, "epsilon": 3.609096349406309, "gamma": 0.9, "lamda": 0.3126526429122992}, "datetime": {"datetime": "2021-07-03 15:29:48", "elapsed": 1124.388877, "delta": 3.329002}}
{"target": 0.8867559377472348, "params": {"C": 29.34963421735238, "epsilon": 5.476314760179495, "gamma": 0.09848255079806958, "lamda": 0.38389722846947116}, "datetime": {"datetime": "2021-07-03 15:29:50", "elapsed": 1126.010884, "delta": 1.622007}}
{"target": 0.8089999490590769, "params": {"C": 25.42796304141541, "epsilon": 5.94657777916707, "gamma": 0.4506960539538541, "lamda": 0.7733384476323547}, "datetime": {"datetime": "2021-07-03 15:29:52", "elapsed": 1127.959891, "delta": 1.949007}}
{"target": 0.6764289727120294, "params": {"C": 27.507200655337268, "epsilon": 7.826643451093019, "gamma": 0.9, "lamda": 0.5822808924146525}, "datetime": {"datetime": "2021-07-03 15:29:54", "elapsed": 1130.637972, "delta": 2.678081}}
{"target": -2.291431902290132, "params": {"C": 25.50106038404086, "epsilon": 6.517227814871509, "gamma": 0.13873362156709299, "lamda": 0.1521285973680614}, "datetime": {"datetime": "2021-07-03 15:30:16", "elapsed": 1151.74297, "delta": 21.104998}}
{"target": -2.5591922765129396, "params": {"C": 28.9032548007647, "epsilon": 4.106939447794075, "gamma": 0.14143447637976564, "lamda": 0.29582735641500785}, "datetime": {"datetime": "2021-07-03 15:30:32", "elapsed": 1168.513378, "delta": 16.770408}}
{"target": 0.8275601858452926, "params": {"C": 26.551418496855444, "epsilon": 6.814336158421144, "gamma": 0.37799325252471533, "lamda": 0.5091193510654463}, "datetime": {"datetime": "2021-07-03 15:30:35", "elapsed": 1170.998461, "delta": 2.485083}}
{"target": 0.6764082370061365, "params": {"C": 25.55803955811438, "epsilon": 6.602135343232453, "gamma": 0.8825299098832678, "lamda": 0.9657642362327737}, "datetime": {"datetime": "2021-07-03 15:30:37", "elapsed": 1173.419149, "delta": 2.420688}}
{"target": 0.6433653289803141, "params": {"C": 20.478252148213883, "epsilon": 2.3255020067043644, "gamma": 0.9, "lamda": 0.39419457488562004}, "datetime": {"datetime": "2021-07-03 15:30:41", "elapsed": 1176.822276, "delta": 3.403127}}
{"target": 0.7349500927582978, "params": {"C": 23.831148623171376, "epsilon": 1.271302882882976, "gamma": 0.6768940559040402, "lamda": 0.4378999876226387}, "datetime": {"datetime": "2021-07-03 15:30:42", "elapsed": 1178.412153, "delta": 1.589877}}
{"target": 0.6969934425314861, "params": {"C": 28.47306157523299, "epsilon": 4.970499536337276, "gamma": 0.82811189719862, "lamda": 0.15505335609800594}, "datetime": {"datetime": "2021-07-03 15:30:45", "elapsed": 1181.33607, "delta": 2.923917}}
{"target": 0.6682910102338153, "params": {"C": 24.809212845817832, "epsilon": 4.836811969269971, "gamma": 0.9, "lamda": 1.0}, "datetime": {"datetime": "2021-07-03 15:30:48", "elapsed": 1184.432512, "delta": 3.096442}}
{"target": 0.8590448114851302, "params": {"C": 28.849879565006887, "epsilon": 5.248757662094167, "gamma": 0.24405932095834038, "lamda": 0.1}, "datetime": {"datetime": "2021-07-03 15:30:51", "elapsed": 1187.027237, "delta": 2.594725}}
{"target": 0.8005345088276782, "params": {"C": 25.368243722511, "epsilon": 2.3184894275760195, "gamma": 0.48722510818244075, "lamda": 0.1}, "datetime": {"datetime": "2021-07-03 15:30:53", "elapsed": 1189.604074, "delta": 2.576837}}
{"target": -4.986792534679942, "params": {"C": 42.510660141077224, "epsilon": 7.482920440979423, "gamma": 0.050097218594743156, "lamda": 0.3720993153686558}, "datetime": {"datetime": "2021-07-03 15:40:22", "elapsed": 0.0, "delta": 0.0}}
{"target": -1.7860990450228873, "params": {"C": 34.40267672451339, "epsilon": 1.8310473529191802, "gamma": 0.20832117967102026, "lamda": 0.411004654338743}, "datetime": {"datetime": "2021-07-03 15:40:33", "elapsed": 10.212013, "delta": 10.212013}}
{"target": 0.8201693946360848, "params": {"C": 41.903024226920095, "epsilon": 5.849350606030212, "gamma": 0.40631533724280056, "lamda": 0.7166975503570835}, "datetime": {"datetime": "2021-07-03 15:40:33", "elapsed": 10.438979, "delta": 0.226966}}
{"target": 0.7498805932132546, "params": {"C": 30.231595679523632, "epsilon": 2.456748407914266, "gamma": 0.6529636790444987, "lamda": 0.7882631730924409}, "datetime": {"datetime": "2021-07-03 15:40:33", "elapsed": 10.71799, "delta": 0.279011}}
{"target": 0.7896106983275384, "params": {"C": 43.27671952366387, "epsilon": 4.721236371406603, "gamma": 0.5156342039178201, "lamda": 0.7697814234177126}, "datetime": {"datetime": "2021-07-03 15:40:33", "elapsed": 11.011018, "delta": 0.293028}}
{"target": 0.7853886193923035, "params": {"C": 43.357273246141084, "epsilon": 4.776536911895265, "gamma": 0.5299531987916603, "lamda": 0.7553099146348322}, "datetime": {"datetime": "2021-07-03 15:40:34", "elapsed": 11.364984, "delta": 0.353966}}
{"target": 0.6763440612531237, "params": {"C": 41.195074872151245, "epsilon": 4.650741849253783, "gamma": 0.9, "lamda": 1.0}, "datetime": {"datetime": "2021-07-03 15:40:34", "elapsed": 11.853991, "delta": 0.489007}}
{"target": -5.586572138154704, "params": {"C": 40.00341791947078, "epsilon": 5.357949085669884, "gamma": 0.05, "lamda": 0.1}, "datetime": {"datetime": "2021-07-03 15:40:43", "elapsed": 20.46799, "delta": 8.613999}}
{"target": 0.676296928906452, "params": {"C": 42.269900645677886, "epsilon": 4.950986069033659, "gamma": 0.9, "lamda": 0.1}, "datetime": {"datetime": "2021-07-03 15:40:43", "elapsed": 21.015042, "delta": 0.547052}}
{"target": 0.6767432787884705, "params": {"C": 30.0, "epsilon": 4.247494220522783, "gamma": 0.9, "lamda": 1.0}, "datetime": {"datetime": "2021-07-03 15:40:44", "elapsed": 21.50702, "delta": 0.491978}}
{"target": 0.6878173907085445, "params": {"C": 31.595228195972716, "epsilon": 3.5224460659238965, "gamma": 0.8604870032967558, "lamda": 0.11048851781329132}, "datetime": {"datetime": "2021-07-03 15:40:46", "elapsed": 23.202008, "delta": 1.694988}}
{"target": -5.495538730564097, "params": {"C": 31.632390472178425, "epsilon": 5.198084815555204, "gamma": 0.05, "lamda": 1.0}, "datetime": {"datetime": "2021-07-03 15:40:52", "elapsed": 29.773006, "delta": 6.570998}}
{"target": 0.8008236930961182, "params": {"C": 31.72146145767421, "epsilon": 1.9748468725503554, "gamma": 0.48582912842554904, "lamda": 0.279937814081336}, "datetime": {"datetime": "2021-07-03 15:40:53", "elapsed": 30.585024, "delta": 0.812018}}
{"target": -0.4462897461660291, "params": {"C": 42.11803244322132, "epsilon": 2.9186463033350685, "gamma": 0.49535218398377934, "lamda": 0.9757307796581304}, "datetime": {"datetime": "2021-07-03 15:41:01", "elapsed": 38.742041, "delta": 8.157017}}
{"target": 0.7208224833550276, "params": {"C": 44.70885282571521, "epsilon": 3.526417367191409, "gamma": 0.7450989100601831, "lamda": 0.12508345437195761}, "datetime": {"datetime": "2021-07-03 15:41:02", "elapsed": 39.162044, "delta": 0.420003}}
{"target": -1.4701831006860937, "params": {"C": 45.89517705242124, "epsilon": 4.721161855943976, "gamma": 0.17566756547605356, "lamda": 0.7582587591926055}, "datetime": {"datetime": "2021-07-03 15:41:07", "elapsed": 44.288024, "delta": 5.12598}}
{"target": -2.4880245488546375, "params": {"C": 30.18179719916821, "epsilon": 1.014778041103313, "gamma": 0.12028741894127253, "lamda": 0.34113863859675886}, "datetime": {"datetime": "2021-07-03 15:41:14", "elapsed": 51.844115, "delta": 7.556091}}
{"target": 0.8625752971419562, "params": {"C": 30.302935667282835, "epsilon": 3.1898645677689546, "gamma": 0.23576214298002246, "lamda": 0.10903394417357146}, "datetime": {"datetime": "2021-07-03 15:41:15", "elapsed": 52.437045, "delta": 0.59293}}
{"target": -0.30813963582374093, "params": {"C": 44.50613983432652, "epsilon": 1.7063715859899218, "gamma": 0.7724742998397056, "lamda": 0.41695985357975374}, "datetime": {"datetime": "2021-07-03 15:41:25", "elapsed": 62.704087, "delta": 10.267042}}
{"target": 0.6797388515019983, "params": {"C": 31.172270333632923, "epsilon": 2.9076988397479955, "gamma": 0.8886413018284299, "lamda": 0.9967299464479018}, "datetime": {"datetime": "2021-07-03 15:41:25", "elapsed": 63.091084, "delta": 0.386997}}
{"target": 0.6753586498436888, "params": {"C": 46.92526406378219, "epsilon": 2.0084016612297244, "gamma": 0.9, "lamda": 0.1}, "datetime": {"datetime": "2021-07-03 15:41:26", "elapsed": 63.448073, "delta": 0.356989}}
{"target": 0.849536338911357, "params": {"C": 48.21418742239722, "epsilon": 1.0383904559037256, "gamma": 0.3017931456398657, "lamda": 0.7653310028876857}, "datetime": {"datetime": "2021-07-03 15:41:26", "elapsed": 64.048096, "delta": 0.600023}}
