{"target": 0.8879429936793153, "params": {"C": 216.53697770580692, "epsilon": 0.174097731364109, "gamma": 0.13412939375732352, "lamda": 0.07750529765123043}, "datetime": {"datetime": "2021-09-19 22:02:40", "elapsed": 75.174508, "delta": 0.286998}}
{"target": -4.599155543716326, "params": {"C": 199.41475974690252, "epsilon": 1.303226928386593, "gamma": 0.0734200207538199, "lamda": 0.11019603008697854}, "datetime": {"datetime": "2021-09-19 22:02:46", "elapsed": 81.16251, "delta": 5.988002}}
{"target": -4.743178401607114, "params": {"C": 294.582137974965, "epsilon": 0.4270510241904072, "gamma": 0.06608541304379414, "lamda": 0.008360500165352195}, "datetime": {"datetime": "2021-09-19 22:02:52", "elapsed": 86.610509, "delta": 5.447999}}
{"target": -5.863191534201573, "params": {"C": 247.67995172418006, "epsilon": 2.0067859242112274, "gamma": 0.04685397054799096, "lamda": 0.08335127128562723}, "datetime": {"datetime": "2021-09-19 22:03:01", "elapsed": 96.140508, "delta": 9.529999}}
{"target": -5.28972395195482, "params": {"C": 228.768386829639, "epsilon": 2.01829584747478, "gamma": 0.03824304102933528, "lamda": 0.17633056549747397}, "datetime": {"datetime": "2021-09-19 22:03:10", "elapsed": 104.214509, "delta": 8.074001}}
{"target": 0.8730331961403407, "params": {"C": 255.60163196169364, "epsilon": 0.488467203697904, "gamma": 0.17443874215425537, "lamda": 0.14975582687749264}, "datetime": {"datetime": "2021-09-19 22:03:10", "elapsed": 104.49251, "delta": 0.278001}}
{"target": -5.858375890349796, "params": {"C": 259.7171308198162, "epsilon": 1.6757011686933179, "gamma": 0.04806339343698507, "lamda": 0.18369181085927352}, "datetime": {"datetime": "2021-09-19 22:03:20", "elapsed": 114.693511, "delta": 10.201001}}
{"target": -5.164257829123022, "params": {"C": 218.41691553327527, "epsilon": 1.1040899374199247, "gamma": 0.05643681320960386, "lamda": 0.18278318151754924}, "datetime": {"datetime": "2021-09-19 22:03:27", "elapsed": 121.596663, "delta": 6.903152}}
{"target": -3.15051200228117, "params": {"C": 183.94709226136416, "epsilon": 1.6665553954346795, "gamma": 0.12364622077198469, "lamda": 0.16525013943700317}, "datetime": {"datetime": "2021-09-19 22:03:33", "elapsed": 127.857743, "delta": 6.26108}}
{"target": -2.8754555582324426, "params": {"C": 224.71263691242615, "epsilon": 0.6124652685948355, "gamma": 0.12029518376744144, "lamda": 0.09785374413280484}, "datetime": {"datetime": "2021-09-19 22:03:39", "elapsed": 133.432698, "delta": 5.574955}}
{"target": -5.79681390815275, "params": {"C": 209.58155601807533, "epsilon": 2.1286097973925897, "gamma": 0.052933176961305485, "lamda": 0.03732624249015046}, "datetime": {"datetime": "2021-09-19 22:03:44", "elapsed": 139.075881, "delta": 5.643183}}
{"target": -1.0870778853819787, "params": {"C": 122.11662955923222, "epsilon": 0.8947718323545556, "gamma": 0.006998757682920227, "lamda": 0.1258723152061936}, "datetime": {"datetime": "2021-09-19 22:03:50", "elapsed": 144.860837, "delta": 5.784956}}
{"target": -4.207908960674792, "params": {"C": 159.0344610439485, "epsilon": 0.6431309796355035, "gamma": 0.023581170190856728, "lamda": 0.05675187773724347}, "datetime": {"datetime": "2021-09-19 22:03:56", "elapsed": 150.306592, "delta": 5.445755}}
{"target": -3.331118142496816, "params": {"C": 142.98487682613904, "epsilon": 0.9282508283416167, "gamma": 0.09692492220658741, "lamda": 0.10989981472086052}, "datetime": {"datetime": "2021-09-19 22:04:05", "elapsed": 159.684149, "delta": 9.377557}}
{"target": -3.022581787482702, "params": {"C": 269.0226231149403, "epsilon": 2.9666781322740765, "gamma": 0.014529276814723515, "lamda": 0.04642441816898135}, "datetime": {"datetime": "2021-09-19 22:04:17", "elapsed": 172.120129, "delta": 12.43598}}
{"target": 0.8744479983392454, "params": {"C": 228.66228544964704, "epsilon": 0.5682530323858624, "gamma": 0.1746784492069553, "lamda": 0.043481267858578886}, "datetime": {"datetime": "2021-09-19 22:04:18", "elapsed": 172.470128, "delta": 0.349999}}
{"target": 0.8765957423831788, "params": {"C": 248.35100777668978, "epsilon": 1.9937594883701932, "gamma": 0.16078267474340277, "lamda": 0.006250481205490054}, "datetime": {"datetime": "2021-09-19 22:04:18", "elapsed": 172.836127, "delta": 0.365999}}
{"target": 0.8525767013913661, "params": {"C": 145.91480574886904, "epsilon": 2.1434197474493315, "gamma": 0.022074689255218955, "lamda": 0.0061188660493806685}, "datetime": {"datetime": "2021-09-19 22:04:19", "elapsed": 173.237127, "delta": 0.401}}
{"target": 0.8548306714107878, "params": {"C": 171.42698673991214, "epsilon": 1.810367775268115, "gamma": 0.015183431839911245, "lamda": 0.0131336675776093}, "datetime": {"datetime": "2021-09-19 22:04:19", "elapsed": 173.652128, "delta": 0.415001}}
{"target": 0.8920396537194946, "params": {"C": 108.70023721194313, "epsilon": 1.245937199555761, "gamma": 0.13534327397313126, "lamda": 0.03960622433612211}, "datetime": {"datetime": "2021-09-19 22:04:19", "elapsed": 174.036214, "delta": 0.384086}}
{"target": 0.8853343181874832, "params": {"C": 275.2532903408318, "epsilon": 1.3539283767900574, "gamma": 0.1258300854234431, "lamda": 0.05808605816025474}, "datetime": {"datetime": "2021-09-19 22:04:20", "elapsed": 174.420128, "delta": 0.383914}}
{"target": -4.586273266082612, "params": {"C": 223.05091469285526, "epsilon": 2.865613890908736, "gamma": 0.09236286972219748, "lamda": 0.041410760600824596}, "datetime": {"datetime": "2021-09-19 22:04:29", "elapsed": 183.906127, "delta": 9.485999}}
{"target": -4.053284587777538, "params": {"C": 185.07345838107727, "epsilon": 1.3892653678148974, "gamma": 0.10398540990103247, "lamda": 0.10514712422894178}, "datetime": {"datetime": "2021-09-19 22:04:39", "elapsed": 193.421128, "delta": 9.515001}}
{"target": -3.8621604641374407, "params": {"C": 108.48583837650922, "epsilon": 0.576815349893348, "gamma": 0.09279430002538779, "lamda": 0.14159452615261356}, "datetime": {"datetime": "2021-09-19 22:04:48", "elapsed": 202.567358, "delta": 9.14623}}
{"target": -3.708168074074983, "params": {"C": 255.51758166110673, "epsilon": 2.3535986984619695, "gamma": 0.1030418567392982, "lamda": 0.19134956191385621}, "datetime": {"datetime": "2021-09-19 22:04:57", "elapsed": 211.5286, "delta": 8.961242}}
{"target": -2.4240632648165, "params": {"C": 166.37474250797516, "epsilon": 1.4962286708034964, "gamma": 0.1509329298715021, "lamda": 0.17156804584838434}, "datetime": {"datetime": "2021-09-19 22:05:12", "elapsed": 226.931066, "delta": 15.402466}}
{"target": -4.254133074076519, "params": {"C": 182.89201102658228, "epsilon": 2.5611850913752376, "gamma": 0.0916913336413883, "lamda": 0.14314970111018657}, "datetime": {"datetime": "2021-09-19 22:05:22", "elapsed": 236.200177, "delta": 9.269111}}
{"target": 0.8772525353420303, "params": {"C": 101.68967271576395, "epsilon": 0.17308412864517198, "gamma": 0.18838784624070729, "lamda": 0.020428487508290467}, "datetime": {"datetime": "2021-09-19 22:05:22", "elapsed": 236.557178, "delta": 0.357001}}
{"target": -4.420995478755607, "params": {"C": 232.39355808794153, "epsilon": 0.9214503570812503, "gamma": 0.04416425703621185, "lamda": 0.07766744808876971}, "datetime": {"datetime": "2021-09-19 22:05:31", "elapsed": 245.746156, "delta": 9.188978}}
{"target": -2.1815028470487836, "params": {"C": 285.18031930169985, "epsilon": 1.7537952082770853, "gamma": 0.1837593493317871, "lamda": 0.14045314589970417}, "datetime": {"datetime": "2021-09-19 22:05:46", "elapsed": 261.010974, "delta": 15.264818}}
{"target": 0.8897221402270875, "params": {"C": 200.2432903374174, "epsilon": 1.5676518171866527, "gamma": 0.047670053334227684, "lamda": 0.0009336998834872421}, "datetime": {"datetime": "2021-09-19 22:05:47", "elapsed": 261.378958, "delta": 0.367984}}
{"target": -2.410441270807553, "params": {"C": 183.56724880054315, "epsilon": 1.7337907199832019, "gamma": 0.17592956434254878, "lamda": 0.13551729046074168}, "datetime": {"datetime": "2021-09-19 22:06:00", "elapsed": 274.538484, "delta": 13.159526}}
{"target": -1.9527729198815647, "params": {"C": 268.46660922069424, "epsilon": 2.785867732082268, "gamma": 0.18851759535855636, "lamda": 0.16320401436572687}, "datetime": {"datetime": "2021-09-19 22:06:09", "elapsed": 283.314344, "delta": 8.77586}}
{"target": -5.464557451309567, "params": {"C": 126.27892109588876, "epsilon": 1.1052270434717657, "gamma": 0.045657986432476885, "lamda": 0.17347644004976753}, "datetime": {"datetime": "2021-09-19 22:06:17", "elapsed": 291.751343, "delta": 8.436999}}
{"target": -3.3999057949258935, "params": {"C": 258.4660438612516, "epsilon": 1.1121047579831924, "gamma": 0.11598240375084891, "lamda": 0.16102650291960005}, "datetime": {"datetime": "2021-09-19 22:06:27", "elapsed": 301.488343, "delta": 9.737}}
{"target": 0.8794609393834694, "params": {"C": 266.63224894679524, "epsilon": 0.6968016631552088, "gamma": 0.14748263910259254, "lamda": 0.16068302941772564}, "datetime": {"datetime": "2021-09-19 22:06:27", "elapsed": 301.853344, "delta": 0.365001}}
{"target": 0.8967258345000776, "params": {"C": 108.62580727067255, "epsilon": 0.4108434722715817, "gamma": 0.0898413117224714, "lamda": 0.04417702349092696}, "datetime": {"datetime": "2021-09-19 22:06:28", "elapsed": 302.215343, "delta": 0.361999}}
{"target": -2.8201447099937296, "params": {"C": 276.1244132331361, "epsilon": 2.1870938594007927, "gamma": 0.1440364222416613, "lamda": 0.1539721615388834}, "datetime": {"datetime": "2021-09-19 22:06:42", "elapsed": 316.355343, "delta": 14.14}}
{"target": 0.8946275620822696, "params": {"C": 166.14940523388094, "epsilon": 0.7629697303159868, "gamma": 0.12713707204420013, "lamda": 0.08289643542582831}, "datetime": {"datetime": "2021-09-19 22:06:42", "elapsed": 316.722344, "delta": 0.367001}}
{"target": -4.672846593977109, "params": {"C": 287.35621444683716, "epsilon": 1.9631120148180976, "gamma": 0.0804455668874118, "lamda": 0.1710240770411773}, "datetime": {"datetime": "2021-09-19 22:06:50", "elapsed": 324.783343, "delta": 8.060999}}
{"target": 0.8811444789316105, "params": {"C": 176.1585167432416, "epsilon": 0.6170985005553885, "gamma": 0.15742358800488587, "lamda": 0.09444224527457287}, "datetime": {"datetime": "2021-09-19 22:06:50", "elapsed": 325.156345, "delta": 0.373002}}
{"target": 0.8717664863209607, "params": {"C": 151.89608088085544, "epsilon": 2.10795781305557, "gamma": 0.1961945904047618, "lamda": 0.049251471539969}, "datetime": {"datetime": "2021-09-19 22:06:51", "elapsed": 325.534343, "delta": 0.377998}}
{"target": -5.475523469550116, "params": {"C": 258.04876051880905, "epsilon": 2.310772208249771, "gamma": 0.028407759474595732, "lamda": 0.16778068000920557}, "datetime": {"datetime": "2021-09-19 22:07:07", "elapsed": 341.525344, "delta": 15.991001}}
{"target": 0.897879032408989, "params": {"C": 192.34778095130633, "epsilon": 0.46476600940395396, "gamma": 0.10958697725373337, "lamda": 0.059303253646175016}, "datetime": {"datetime": "2021-09-19 22:07:07", "elapsed": 341.928345, "delta": 0.403001}}
{"target": -5.3846765501419895, "params": {"C": 135.1448386513461, "epsilon": 0.32979069503231895, "gamma": 0.043785322906752334, "lamda": 0.0859182942226637}, "datetime": {"datetime": "2021-09-19 22:07:16", "elapsed": 350.531346, "delta": 8.603001}}
{"target": 0.8824775780688131, "params": {"C": 228.36235272576633, "epsilon": 0.3533996184904096, "gamma": 0.14456746461533823, "lamda": 0.02034986044786545}, "datetime": {"datetime": "2021-09-19 22:07:16", "elapsed": 350.910349, "delta": 0.379003}}
{"target": -2.1693697800732354, "params": {"C": 135.11981418176438, "epsilon": 2.168632530256491, "gamma": 0.1776264165100454, "lamda": 0.19662768907025344}, "datetime": {"datetime": "2021-09-19 22:07:31", "elapsed": 365.461344, "delta": 14.550995}}
{"target": -4.681841812250405, "params": {"C": 230.58139014024292, "epsilon": 1.4854354237184888, "gamma": 0.022118573202573922, "lamda": 0.11179059998866066}, "datetime": {"datetime": "2021-09-19 22:07:44", "elapsed": 378.932344, "delta": 13.471}}
{"target": -2.6541259169660436, "params": {"C": 136.2300458817293, "epsilon": 1.5917659753665399, "gamma": 0.12374137904220636, "lamda": 0.16664266481203074}, "datetime": {"datetime": "2021-09-19 22:07:53", "elapsed": 387.838345, "delta": 8.906001}}
{"target": -1.5793594880423214, "params": {"C": 164.7501164512293, "epsilon": 2.967700070627149, "gamma": 0.19901530069371967, "lamda": 0.1652303377371399}, "datetime": {"datetime": "2021-09-19 22:08:06", "elapsed": 400.305344, "delta": 12.466999}}
{"target": -1.901964745631302, "params": {"C": 238.83050908503668, "epsilon": 2.2276424144812323, "gamma": 0.17567741791190922, "lamda": 0.19030207815899813}, "datetime": {"datetime": "2021-09-19 22:08:19", "elapsed": 414.129343, "delta": 13.823999}}
{"target": -4.549764729091501, "params": {"C": 270.45258531951026, "epsilon": 1.9587220553587064, "gamma": 0.019332185019315135, "lamda": 0.12467731947445344}, "datetime": {"datetime": "2021-09-19 22:08:31", "elapsed": 426.145345, "delta": 12.016002}}
{"target": 0.8757597346807159, "params": {"C": 170.6427783571037, "epsilon": 0.5778580073504594, "gamma": 0.17916740638057346, "lamda": 0.1649782713508547}, "datetime": {"datetime": "2021-09-19 22:08:32", "elapsed": 426.492343, "delta": 0.346998}}
{"target": -3.6517823154670026, "params": {"C": 205.32768477056666, "epsilon": 1.4440028428453602, "gamma": 0.1004137511847895, "lamda": 0.052144743223870686}, "datetime": {"datetime": "2021-09-19 22:08:41", "elapsed": 435.443345, "delta": 8.951002}}
{"target": -1.6513301725629828, "params": {"C": 180.52758462662948, "epsilon": 1.366342651208387, "gamma": 0.007935946178432159, "lamda": 0.1785812837098601}, "datetime": {"datetime": "2021-09-19 22:08:55", "elapsed": 449.699344, "delta": 14.255999}}
{"target": 0.8592521792883553, "params": {"C": 105.82986356950235, "epsilon": 1.1813893636340058, "gamma": 0.023695296365090573, "lamda": 0.039393667105687355}, "datetime": {"datetime": "2021-09-19 22:08:55", "elapsed": 450.114343, "delta": 0.414999}}
{"target": 0.8786109434636284, "params": {"C": 288.4841224794286, "epsilon": 1.1766863978368995, "gamma": 0.14715515635518803, "lamda": 0.025232895565695673}, "datetime": {"datetime": "2021-09-19 22:08:56", "elapsed": 450.482343, "delta": 0.368}}
{"target": 0.8757556509884261, "params": {"C": 150.25658434144185, "epsilon": 2.6555823616515712, "gamma": 0.181142749345358, "lamda": 0.05752776400791938}, "datetime": {"datetime": "2021-09-19 22:08:56", "elapsed": 450.852345, "delta": 0.370002}}
{"target": -3.565237220542257, "params": {"C": 293.42262630245926, "epsilon": 2.0374880733130536, "gamma": 0.10308632083919368, "lamda": 0.07560110372730246}, "datetime": {"datetime": "2021-09-19 22:09:06", "elapsed": 460.261994, "delta": 9.409649}}
{"target": -3.206954243819358, "params": {"C": 167.47365885929167, "epsilon": 2.8608310447407033, "gamma": 0.14020009657489846, "lamda": 0.10682080591296739}, "datetime": {"datetime": "2021-09-19 22:09:15", "elapsed": 469.279619, "delta": 9.017625}}
{"target": 0.8758501468984563, "params": {"C": 108.69793958725549, "epsilon": 0.8178975393053675, "gamma": 0.18891829092010562, "lamda": 0.11137247638848442}, "datetime": {"datetime": "2021-09-19 22:09:15", "elapsed": 469.633809, "delta": 0.35419}}
{"target": 0.8939978740644412, "params": {"C": 171.5036464710464, "epsilon": 0.12740608499990794, "gamma": 0.05444191210885998, "lamda": 0.05084608380341721}, "datetime": {"datetime": "2021-09-19 22:09:15", "elapsed": 469.997447, "delta": 0.363638}}
{"target": 0.8844242857689468, "params": {"C": 134.13710520680522, "epsilon": 1.1004418830638545, "gamma": 0.044516565012806146, "lamda": 0.012581245134628027}, "datetime": {"datetime": "2021-09-19 22:09:16", "elapsed": 470.393254, "delta": 0.395807}}
{"target": -4.036638014591053, "params": {"C": 119.59207917725172, "epsilon": 1.5405097567109338, "gamma": 0.01858381513042686, "lamda": 0.18703077751673433}, "datetime": {"datetime": "2021-09-19 22:09:29", "elapsed": 483.540643, "delta": 13.147389}}
{"target": -3.8086511393523708, "params": {"C": 141.21952703411674, "epsilon": 1.4462158148812352, "gamma": 0.0858603101357942, "lamda": 0.05826825234887803}, "datetime": {"datetime": "2021-09-19 22:09:38", "elapsed": 492.781215, "delta": 9.240572}}
{"target": -4.78285248510541, "params": {"C": 164.70570296400882, "epsilon": 0.7136329919068053, "gamma": 0.05965231611518875, "lamda": 0.023421890034282224}, "datetime": {"datetime": "2021-09-19 22:09:47", "elapsed": 501.745341, "delta": 8.964126}}
{"target": -6.002585369732923, "params": {"C": 237.8503749555088, "epsilon": 1.9691259491859265, "gamma": 0.06574823365188201, "lamda": 0.1760599109325432}, "datetime": {"datetime": "2021-09-19 22:09:57", "elapsed": 511.833347, "delta": 10.088006}}
{"target": -3.340214668779037, "params": {"C": 177.27514501891216, "epsilon": 1.8721589709247188, "gamma": 0.10701801860416307, "lamda": 0.06501203566522237}, "datetime": {"datetime": "2021-09-19 22:10:06", "elapsed": 520.43493, "delta": 8.601583}}
{"target": -2.239464305488335, "params": {"C": 285.9580846130325, "epsilon": 2.559784086089281, "gamma": 0.16901897486388207, "lamda": 0.190857773022629}, "datetime": {"datetime": "2021-09-19 22:10:14", "elapsed": 529.175201, "delta": 8.740271}}
{"target": 0.8767321669015075, "params": {"C": 100.4964852536193, "epsilon": 1.5271453906688184, "gamma": 0.18789305821759775, "lamda": 0.02688621753786798}, "datetime": {"datetime": "2021-09-19 22:10:15", "elapsed": 529.539202, "delta": 0.364001}}
{"target": 0.8912243859880924, "params": {"C": 148.99882768283396, "epsilon": 1.564679569673709, "gamma": 0.13729219441526713, "lamda": 0.06655265876343223}, "datetime": {"datetime": "2021-09-19 22:10:15", "elapsed": 529.923601, "delta": 0.384399}}
{"target": -2.2981062531483447, "params": {"C": 161.27293431800143, "epsilon": 2.3498139425424918, "gamma": 0.011406517954547286, "lamda": 0.15715978670648328}, "datetime": {"datetime": "2021-09-19 22:10:28", "elapsed": 542.76009, "delta": 12.836489}}
{"target": 0.8849537629108668, "params": {"C": 185.70805629204187, "epsilon": 1.9241274257888252, "gamma": 0.14257308985682596, "lamda": 0.01969462741565411}, "datetime": {"datetime": "2021-09-19 22:10:28", "elapsed": 543.125094, "delta": 0.365004}}
{"target": -5.2896381266654116, "params": {"C": 280.7692329749773, "epsilon": 2.484706158991463, "gamma": 0.07819938026448123, "lamda": 0.03895967090484335}, "datetime": {"datetime": "2021-09-19 22:10:37", "elapsed": 551.382094, "delta": 8.257}}
{"target": -2.1614107578086768, "params": {"C": 112.56108761116788, "epsilon": 0.9949658858066227, "gamma": 0.14407243231740094, "lamda": 0.16263653005426243}, "datetime": {"datetime": "2021-09-19 22:10:46", "elapsed": 560.323093, "delta": 8.940999}}
{"target": -4.555732009975831, "params": {"C": 165.3176602434479, "epsilon": 0.7388406711626809, "gamma": 0.06884186581107547, "lamda": 0.1928734028943134}, "datetime": {"datetime": "2021-09-19 22:10:55", "elapsed": 569.193091, "delta": 8.869998}}
{"target": 0.8918366377766365, "params": {"C": 119.21814003540618, "epsilon": 0.5703319981674231, "gamma": 0.1403766281957883, "lamda": 0.027953560046054083}, "datetime": {"datetime": "2021-09-19 22:10:55", "elapsed": 569.53909, "delta": 0.345999}}
{"target": -5.142397490741962, "params": {"C": 153.32517852595893, "epsilon": 2.4292100301284227, "gamma": 0.06361929785238143, "lamda": 0.11940371275770209}, "datetime": {"datetime": "2021-09-19 22:11:09", "elapsed": 583.520092, "delta": 13.981002}}
{"target": -4.573495371225825, "params": {"C": 214.56245755307134, "epsilon": 0.8697860675781404, "gamma": 0.053503186334062904, "lamda": 0.05793580845691259}, "datetime": {"datetime": "2021-09-19 22:11:18", "elapsed": 592.665093, "delta": 9.145001}}
{"target": -4.016622854763918, "params": {"C": 275.1880144848062, "epsilon": 0.15439862563521797, "gamma": 0.022869100361899066, "lamda": 0.06824265062089127}, "datetime": {"datetime": "2021-09-19 22:11:27", "elapsed": 601.495092, "delta": 8.829999}}
{"target": -2.7359392211698377, "params": {"C": 144.0603310239302, "epsilon": 1.7322864568555885, "gamma": 0.11019491344199371, "lamda": 0.09907290519886235}, "datetime": {"datetime": "2021-09-19 22:11:36", "elapsed": 610.433092, "delta": 8.938}}
{"target": -2.1310560442499016, "params": {"C": 160.15061400067083, "epsilon": 1.5832013034807892, "gamma": 0.15831456076655293, "lamda": 0.16250130379286123}, "datetime": {"datetime": "2021-09-19 22:11:49", "elapsed": 624.031093, "delta": 13.598001}}
{"target": -2.6964698027627474, "params": {"C": 206.5681774991693, "epsilon": 2.4383721217904992, "gamma": 0.011683718523880808, "lamda": 0.03081407011378108}, "datetime": {"datetime": "2021-09-19 22:12:02", "elapsed": 636.769093, "delta": 12.738}}
{"target": -5.6488778367250845, "params": {"C": 249.6370055337352, "epsilon": 1.2161227019446206, "gamma": 0.06699020558809202, "lamda": 0.1144021905845842}, "datetime": {"datetime": "2021-09-19 22:12:08", "elapsed": 642.628283, "delta": 5.85919}}
{"target": -4.529586429425465, "params": {"C": 174.4841030272758, "epsilon": 2.7376367389752403, "gamma": 0.0804593888794788, "lamda": 0.1672500028342595}, "datetime": {"datetime": "2021-09-19 22:12:16", "elapsed": 650.801747, "delta": 8.173464}}
{"target": -4.122027323482496, "params": {"C": 220.35274401884422, "epsilon": 2.744854454582667, "gamma": 0.09939044699916165, "lamda": 0.19170285480507016}, "datetime": {"datetime": "2021-09-19 22:12:25", "elapsed": 660.087103, "delta": 9.285356}}
{"target": 0.8818264675148457, "params": {"C": 215.34193209059026, "epsilon": 0.18045846415965397, "gamma": 0.14907981559744593, "lamda": 0.1722802979156696}, "datetime": {"datetime": "2021-09-19 22:12:26", "elapsed": 660.492102, "delta": 0.404999}}
{"target": -3.16626368235256, "params": {"C": 119.71000188069016, "epsilon": 2.8939848184492614, "gamma": 0.11486807703981927, "lamda": 0.1481406414856328}, "datetime": {"datetime": "2021-09-19 22:12:35", "elapsed": 669.4381, "delta": 8.945998}}
