{"target": 0.7427745502162629, "params": {"C": 33.172655202555006, "epsilon": 8.275795480131233, "gamma": 0.668635170788073, "lamda": 0.10700213481035609}, "datetime": {"datetime": "2021-07-03 15:48:35", "elapsed": 493.088798, "delta": 0.774997}}
{"target": 0.676295775673478, "params": {"C": 34.2547801683486, "epsilon": 8.608259541317903, "gamma": 0.9, "lamda": 0.1}, "datetime": {"datetime": "2021-07-03 15:48:36", "elapsed": 494.084826, "delta": 0.996028}}
{"target": 0.7067644635983006, "params": {"C": 34.71446010779472, "epsilon": 8.74007031859604, "gamma": 0.7912943758492008, "lamda": 0.9758100114156627}, "datetime": {"datetime": "2021-07-03 15:48:37", "elapsed": 495.043849, "delta": 0.959023}}
{"target": 0.6762939040483578, "params": {"C": 39.47598019907197, "epsilon": 8.773026110608129, "gamma": 0.9, "lamda": 0.1}, "datetime": {"datetime": "2021-07-03 15:48:39", "elapsed": 496.462824, "delta": 1.418975}}
{"target": 0.7107594027664874, "params": {"C": 57.96966269540484, "epsilon": 3.554999116512013, "gamma": 0.7761418606361965, "lamda": 0.8882731764893524}, "datetime": {"datetime": "2021-07-03 15:48:40", "elapsed": 497.627847, "delta": 1.165023}}
{"target": -1.911190632954944, "params": {"C": 33.833936590097835, "epsilon": 9.216109644587407, "gamma": 0.34649179265097413, "lamda": 0.4882294928218296}, "datetime": {"datetime": "2021-07-03 15:48:55", "elapsed": 512.222849, "delta": 14.595002}}
{"target": 0.6812516379097849, "params": {"C": 52.631241711122996, "epsilon": 3.059861095712728, "gamma": 0.8790392042570204, "lamda": 0.10403934302125878}, "datetime": {"datetime": "2021-07-03 15:48:55", "elapsed": 513.010861, "delta": 0.788012}}
{"target": 0.6760151306098239, "params": {"C": 40.040316696631855, "epsilon": 9.807738317482602, "gamma": 0.9, "lamda": 0.1}, "datetime": {"datetime": "2021-07-03 15:48:57", "elapsed": 514.492874, "delta": 1.482013}}
{"target": -6.616260273639978, "params": {"C": 39.65400204766539, "epsilon": 9.96297042593334, "gamma": 0.07516879081113362, "lamda": 0.4439469617522458}, "datetime": {"datetime": "2021-07-03 15:49:06", "elapsed": 523.959862, "delta": 9.466988}}
{"target": 0.6760893454572967, "params": {"C": 38.13913195713888, "epsilon": 9.860361950657373, "gamma": 0.9, "lamda": 0.1}, "datetime": {"datetime": "2021-07-03 15:49:08", "elapsed": 525.720835, "delta": 1.760973}}
{"target": 0.6761749065880643, "params": {"C": 40.57263179722177, "epsilon": 8.990146498190828, "gamma": 0.9, "lamda": 0.1}, "datetime": {"datetime": "2021-07-03 15:49:09", "elapsed": 527.03086, "delta": 1.310025}}
{"target": 0.8544844605572878, "params": {"C": 37.00330377980361, "epsilon": 1.4813802161236223, "gamma": 0.2822961789484474, "lamda": 0.20393844839921882}, "datetime": {"datetime": "2021-07-03 15:49:10", "elapsed": 527.81584, "delta": 0.78498}}
{"target": 0.6760850446400206, "params": {"C": 38.63746937223271, "epsilon": 2.430375461621813, "gamma": 0.9, "lamda": 0.9800615764899588}, "datetime": {"datetime": "2021-07-03 15:49:12", "elapsed": 529.493895, "delta": 1.678055}}
{"target": 0.8595489030791796, "params": {"C": 40.24867780487847, "epsilon": 6.952210042786115, "gamma": 0.23981875319124063, "lamda": 0.21885389930069615}, "datetime": {"datetime": "2021-07-03 15:49:13", "elapsed": 530.313855, "delta": 0.81996}}
{"target": 0.7974525858366182, "params": {"C": 52.49753446794861, "epsilon": 4.681210183737173, "gamma": 0.4864910520009907, "lamda": 0.7273675400302}, "datetime": {"datetime": "2021-07-03 15:49:14", "elapsed": 531.206143, "delta": 0.892288}}
{"target": 0.7958129638070912, "params": {"C": 38.55546252872376, "epsilon": 5.072134591555989, "gamma": 0.49798788575048136, "lamda": 0.9544837632180865}, "datetime": {"datetime": "2021-07-03 15:49:14", "elapsed": 532.031903, "delta": 0.82576}}
{"target": 0.6965715627594655, "params": {"C": 38.66039090174492, "epsilon": 3.9582986805361986, "gamma": 0.8291689074979127, "lamda": 0.8358829041065643}, "datetime": {"datetime": "2021-07-03 15:49:16", "elapsed": 533.458866, "delta": 1.426963}}
{"target": 0.6762980038430667, "params": {"C": 39.95694143670151, "epsilon": 8.575035176754916, "gamma": 0.9, "lamda": 1.0}, "datetime": {"datetime": "2021-07-03 15:49:17", "elapsed": 534.662867, "delta": 1.204001}}
{"target": -3.6876685461638035, "params": {"C": 49.544056353206244, "epsilon": 2.460061098268631, "gamma": 0.10071415789422408, "lamda": 0.5472960605474234}, "datetime": {"datetime": "2021-07-03 15:49:26", "elapsed": 543.963916, "delta": 9.301049}}
{"target": 0.6765283468193894, "params": {"C": 37.89530114251415, "epsilon": 4.548049841677349, "gamma": 0.9, "lamda": 0.4720825981942041}, "datetime": {"datetime": "2021-07-03 15:49:28", "elapsed": 545.673908, "delta": 1.709992}}
{"target": 0.6766117776309395, "params": {"C": 37.8299031393282, "epsilon": 5.628511500223714, "gamma": 0.9, "lamda": 1.0}, "datetime": {"datetime": "2021-07-03 15:49:30", "elapsed": 547.165951, "delta": 1.492043}}
{"target": 0.6846254968090615, "params": {"C": 40.518588407465224, "epsilon": 7.482726172367433, "gamma": 0.8694081760285306, "lamda": 0.13006389058426765}, "datetime": {"datetime": "2021-07-03 15:49:31", "elapsed": 548.987907, "delta": 1.821956}}
{"target": 0.8673817319642518, "params": {"C": 38.28179392013165, "epsilon": 3.7587698678272004, "gamma": 0.21263495831591447, "lamda": 0.1}, "datetime": {"datetime": "2021-07-03 15:49:33", "elapsed": 550.440913, "delta": 1.453006}}
{"target": 0.6761310201075403, "params": {"C": 38.536974871792346, "epsilon": 9.66669266466724, "gamma": 0.9, "lamda": 1.0}, "datetime": {"datetime": "2021-07-03 15:49:35", "elapsed": 552.328914, "delta": 1.888001}}
{"target": -5.439149981689062, "params": {"C": 38.0400009019375, "epsilon": 4.294963700528682, "gamma": 0.05, "lamda": 1.0}, "datetime": {"datetime": "2021-07-03 15:49:49", "elapsed": 566.673933, "delta": 14.345019}}
{"target": 0.7031693352049052, "params": {"C": 38.467352839056886, "epsilon": 5.48601594372205, "gamma": 0.8055015763175011, "lamda": 0.12794449751537262}, "datetime": {"datetime": "2021-07-03 15:49:50", "elapsed": 568.050931, "delta": 1.376998}}
{"target": 0.6769038478101496, "params": {"C": 34.36261856622815, "epsilon": 4.4751566887886565, "gamma": 0.8991992910500436, "lamda": 0.7353553606524251}, "datetime": {"datetime": "2021-07-03 15:49:51", "elapsed": 568.86496, "delta": 0.814029}}
{"target": 0.6762733543752031, "params": {"C": 39.48604621653282, "epsilon": 3.424035235228993, "gamma": 0.9, "lamda": 0.7572169194092623}, "datetime": {"datetime": "2021-07-03 15:49:52", "elapsed": 570.043951, "delta": 1.178991}}
{"target": 0.6769252076123304, "params": {"C": 38.40200502047921, "epsilon": 3.6625399333506437, "gamma": 0.8980515374276427, "lamda": 0.14230471692632568}, "datetime": {"datetime": "2021-07-03 15:49:54", "elapsed": 571.891965, "delta": 1.848014}}
{"target": -5.98168242745572, "params": {"C": 43.34556927743319, "epsilon": 3.347707563096584, "gamma": 0.05746880322334987, "lamda": 0.1}, "datetime": {"datetime": "2021-07-03 15:50:00", "elapsed": 577.589929, "delta": 5.697964}}
{"target": 0.6761130061356413, "params": {"C": 43.703403865462, "epsilon": 4.267574245878211, "gamma": 0.9, "lamda": 0.7208484452215262}, "datetime": {"datetime": "2021-07-03 15:50:02", "elapsed": 579.30795, "delta": 1.718021}}
{"target": -3.7205352790031743, "params": {"C": 39.045332385943624, "epsilon": 3.373949042283298, "gamma": 0.10242739630197709, "lamda": 0.2996939252297172}, "datetime": {"datetime": "2021-07-03 15:50:09", "elapsed": 586.456001, "delta": 7.148051}}
{"target": 0.739249068744789, "params": {"C": 40.704334468851805, "epsilon": 7.0547613270513185, "gamma": 0.6804800536527162, "lamda": 0.9909055268885542}, "datetime": {"datetime": "2021-07-03 15:50:10", "elapsed": 587.834994, "delta": 1.378993}}
{"target": -6.0143742104891915, "params": {"C": 34.09200175930629, "epsilon": 4.880280679721656, "gamma": 0.05, "lamda": 0.1}, "datetime": {"datetime": "2021-07-03 15:50:24", "elapsed": 601.545996, "delta": 13.711002}}
{"target": -0.3036564781952269, "params": {"C": 49.33021147459396, "epsilon": 1.6986522035808365, "gamma": 0.755797105253385, "lamda": 0.6986846105625866}, "datetime": {"datetime": "2021-07-03 15:50:33", "elapsed": 610.315002, "delta": 8.769006}}
{"target": 0.7392827193191618, "params": {"C": 37.62461866908446, "epsilon": 2.6730253094737697, "gamma": 0.6829656183518112, "lamda": 0.7266921648185627}, "datetime": {"datetime": "2021-07-03 15:50:34", "elapsed": 611.164037, "delta": 0.849035}}
{"target": 0.8826097226419528, "params": {"C": 32.60038202319954, "epsilon": 7.927606518217017, "gamma": 0.12974313837645113, "lamda": 0.5111184320440598}, "datetime": {"datetime": "2021-07-03 15:50:34", "elapsed": 612.01703, "delta": 0.852993}}
{"target": 0.6793308278965353, "params": {"C": 49.9123411265184, "epsilon": 5.520252698278095, "gamma": 0.8873417432711029, "lamda": 0.10920282828497414}, "datetime": {"datetime": "2021-07-03 15:50:36", "elapsed": 613.757024, "delta": 1.739994}}
{"target": 0.8275771274239377, "params": {"C": 41.09050260205932, "epsilon": 6.672898851737245, "gamma": 0.3767456931803759, "lamda": 0.3194438266410567}, "datetime": {"datetime": "2021-07-03 15:50:38", "elapsed": 615.309024, "delta": 1.552}}
{"target": 0.686143471494814, "params": {"C": 32.59207828460214, "epsilon": 7.509041141830571, "gamma": 0.8644283668082106, "lamda": 0.24440402965506658}, "datetime": {"datetime": "2021-07-03 15:50:40", "elapsed": 617.238008, "delta": 1.928984}}
{"target": 0.6764321436794511, "params": {"C": 37.50130531858676, "epsilon": 3.7689394590251535, "gamma": 0.9, "lamda": 0.1}, "datetime": {"datetime": "2021-07-03 15:50:41", "elapsed": 618.853056, "delta": 1.615048}}
{"target": 0.7108904617814855, "params": {"C": 32.22944434210708, "epsilon": 8.42823892778036, "gamma": 0.7774550951339194, "lamda": 0.4577857439032631}, "datetime": {"datetime": "2021-07-03 15:50:43", "elapsed": 620.378007, "delta": 1.524951}}
{"target": 0.6765832089292245, "params": {"C": 38.71431030379109, "epsilon": 5.7770820796809685, "gamma": 0.9, "lamda": 1.0}, "datetime": {"datetime": "2021-07-03 15:50:44", "elapsed": 621.678044, "delta": 1.300037}}
{"target": -3.9053795304443426, "params": {"C": 32.62541713788492, "epsilon": 1.556019078106353, "gamma": 0.08566789330791397, "lamda": 0.5900600783121437}, "datetime": {"datetime": "2021-07-03 15:50:52", "elapsed": 629.13603, "delta": 7.457986}}
{"target": 0.6761150573371695, "params": {"C": 31.381286875082875, "epsilon": 1.4761359202989717, "gamma": 0.9, "lamda": 0.1}, "datetime": {"datetime": "2021-07-03 15:50:53", "elapsed": 630.479022, "delta": 1.342992}}
{"target": 0.6759405682624586, "params": {"C": 47.74376180590711, "epsilon": 5.8996938202967115, "gamma": 0.9, "lamda": 0.6742045434371233}, "datetime": {"datetime": "2021-07-03 15:50:55", "elapsed": 632.610555, "delta": 2.131533}}
{"target": 0.6765008303762547, "params": {"C": 38.64051925740068, "epsilon": 4.569112634158943, "gamma": 0.9, "lamda": 0.1}, "datetime": {"datetime": "2021-07-03 15:50:56", "elapsed": 634.023059, "delta": 1.412504}}
{"target": 0.6758671485536842, "params": {"C": 38.03403579923723, "epsilon": 1.6173644495010706, "gamma": 0.9, "lamda": 0.8286938026058659}, "datetime": {"datetime": "2021-07-03 15:50:58", "elapsed": 635.53504, "delta": 1.511981}}
{"target": 0.8472438072507839, "params": {"C": 47.91907067088475, "epsilon": 6.364812243847936, "gamma": 0.3013713819972402, "lamda": 0.1}, "datetime": {"datetime": "2021-07-03 15:50:59", "elapsed": 636.748092, "delta": 1.213052}}
{"target": 0.8437321639296145, "params": {"C": 31.79408263574683, "epsilon": 7.779903881783734, "gamma": 0.2939870079275373, "lamda": 0.1}, "datetime": {"datetime": "2021-07-03 15:51:01", "elapsed": 638.794056, "delta": 2.045964}}
{"target": -1.2232209612471534, "params": {"C": 31.949877148763964, "epsilon": 7.669445378333166, "gamma": 0.572993715979773, "lamda": 0.9973879421353654}, "datetime": {"datetime": "2021-07-03 15:51:14", "elapsed": 651.472066, "delta": 12.67801}}
{"target": 0.827024157156804, "params": {"C": 50.35095239974064, "epsilon": 5.216596620177453, "gamma": 0.3769461356950408, "lamda": 0.12311365642143335}, "datetime": {"datetime": "2021-07-03 15:51:15", "elapsed": 652.34311, "delta": 0.871044}}
{"target": -6.041896843275394, "params": {"C": 40.723715527669036, "epsilon": 7.85605772303236, "gamma": 0.08201051942938847, "lamda": 0.4735562103155009}, "datetime": {"datetime": "2021-07-03 15:51:23", "elapsed": 660.392126, "delta": 8.049016}}
{"target": 0.683776618721907, "params": {"C": 40.24162383068725, "epsilon": 6.46210584172702, "gamma": 0.8736404242459063, "lamda": 0.6014543182179797}, "datetime": {"datetime": "2021-07-03 15:51:24", "elapsed": 661.754152, "delta": 1.362026}}
{"target": 0.8505338876189491, "params": {"C": 58.75971217733775, "epsilon": 7.692255307865477, "gamma": 0.28149160966747727, "lamda": 0.7587382908526158}, "datetime": {"datetime": "2021-07-03 15:51:25", "elapsed": 662.689981, "delta": 0.935829}}
{"target": 0.675380723548247, "params": {"C": 52.54359411386497, "epsilon": 7.7612599497077825, "gamma": 0.9, "lamda": 1.0}, "datetime": {"datetime": "2021-07-03 15:51:27", "elapsed": 664.234423, "delta": 1.544442}}
{"target": -5.6169574157332525, "params": {"C": 32.23431553308933, "epsilon": 8.604979532291784, "gamma": 0.05, "lamda": 0.1}, "datetime": {"datetime": "2021-07-03 15:51:36", "elapsed": 673.203102, "delta": 8.968679}}
{"target": 0.6911979012257659, "params": {"C": 32.87762062606586, "epsilon": 8.01323604819434, "gamma": 0.8454439104910776, "lamda": 0.7366222268833433}, "datetime": {"datetime": "2021-07-03 15:51:37", "elapsed": 674.75857, "delta": 1.555468}}
{"target": 0.6764146138907465, "params": {"C": 32.11055760926518, "epsilon": 2.5427543998313618, "gamma": 0.9, "lamda": 0.1}, "datetime": {"datetime": "2021-07-03 15:51:39", "elapsed": 676.299111, "delta": 1.540541}}
{"target": -5.4853658661136455, "params": {"C": 32.39769684627596, "epsilon": 7.184484692778993, "gamma": 0.05, "lamda": 0.1}, "datetime": {"datetime": "2021-07-03 15:51:48", "elapsed": 685.243121, "delta": 8.94401}}
{"target": 0.6832254270234972, "params": {"C": 40.76150742606047, "epsilon": 6.596556279031753, "gamma": 0.8756565804184671, "lamda": 0.10122507039266623}, "datetime": {"datetime": "2021-07-03 15:51:49", "elapsed": 686.527166, "delta": 1.284045}}
{"target": 0.6764909640373371, "params": {"C": 39.896103354364485, "epsilon": 7.029147231863252, "gamma": 0.9, "lamda": 0.1}, "datetime": {"datetime": "2021-07-03 15:51:50", "elapsed": 687.954147, "delta": 1.426981}}
{"target": 0.8535095564856301, "params": {"C": 34.89678860299149, "epsilon": 8.013348220763334, "gamma": 0.25767712055843806, "lamda": 0.5191140482369077}, "datetime": {"datetime": "2021-07-03 15:51:51", "elapsed": 688.955159, "delta": 1.001012}}
{"target": 0.6967050062119655, "params": {"C": 34.27425958842696, "epsilon": 7.649075263180921, "gamma": 0.8248285820852888, "lamda": 0.1224229300794082}, "datetime": {"datetime": "2021-07-03 15:51:53", "elapsed": 690.471172, "delta": 1.516013}}
{"target": -2.613034662979, "params": {"C": 47.713395457425804, "epsilon": 5.486602056157222, "gamma": 0.11243995012929124, "lamda": 0.468185681707417}, "datetime": {"datetime": "2021-07-03 15:52:00", "elapsed": 697.437174, "delta": 6.966002}}
{"target": 0.6765105259204307, "params": {"C": 31.46535293322667, "epsilon": 7.895406850624786, "gamma": 0.9, "lamda": 0.1}, "datetime": {"datetime": "2021-07-03 15:52:02", "elapsed": 699.413169, "delta": 1.975995}}
{"target": 0.6884353338087603, "params": {"C": 35.02623307423945, "epsilon": 7.734254850514826, "gamma": 0.8558061922896395, "lamda": 0.9356667820270901}, "datetime": {"datetime": "2021-07-03 15:52:03", "elapsed": 700.610674, "delta": 1.197505}}
{"target": 0.6827197974363599, "params": {"C": 48.34136275445033, "epsilon": 6.522473667872466, "gamma": 0.8756478691370632, "lamda": 0.22885046433166523}, "datetime": {"datetime": "2021-07-03 15:52:04", "elapsed": 701.769143, "delta": 1.158469}}
{"target": 0.8145859002629103, "params": {"C": 45.320168870144535, "epsilon": 4.532575769635688, "gamma": 0.4289266855003046, "lamda": 0.8096552531610703}, "datetime": {"datetime": "2021-07-03 15:52:05", "elapsed": 702.903149, "delta": 1.134006}}
{"target": 0.6764323084471241, "params": {"C": 34.081943517381134, "epsilon": 8.07949940970467, "gamma": 0.9, "lamda": 0.8413597636092127}, "datetime": {"datetime": "2021-07-03 15:52:11", "elapsed": 708.203159, "delta": 5.30001}}
{"target": 0.6771592768639934, "params": {"C": 45.4122020586814, "epsilon": 3.8577513840909994, "gamma": 0.8956239981202512, "lamda": 0.5502669068250463}, "datetime": {"datetime": "2021-07-03 15:52:12", "elapsed": 710.120178, "delta": 1.917019}}
{"target": 0.700995115514655, "params": {"C": 52.449838261516184, "epsilon": 6.675010598446162, "gamma": 0.8078041580911794, "lamda": 0.9249609282947314}, "datetime": {"datetime": "2021-07-03 15:52:13", "elapsed": 711.108174, "delta": 0.987996}}
{"target": 0.8236612440009949, "params": {"C": 44.89921809756728, "epsilon": 4.173449645857383, "gamma": 0.3947519144245473, "lamda": 0.12409973441342319}, "datetime": {"datetime": "2021-07-03 15:52:15", "elapsed": 712.501182, "delta": 1.393008}}
{"target": 0.6764909264204211, "params": {"C": 39.17050569184641, "epsilon": 4.690657752776304, "gamma": 0.9, "lamda": 1.0}, "datetime": {"datetime": "2021-07-03 15:52:16", "elapsed": 714.10923, "delta": 1.608048}}
{"target": 0.6757013446075759, "params": {"C": 36.893948387941585, "epsilon": 1.0, "gamma": 0.9, "lamda": 0.4649208464176225}, "datetime": {"datetime": "2021-07-03 15:52:18", "elapsed": 715.812174, "delta": 1.702944}}
{"target": -3.8222873142932308, "params": {"C": 33.30273240965179, "epsilon": 7.968322783362023, "gamma": 0.12334932317393388, "lamda": 0.9613660419925314}, "datetime": {"datetime": "2021-07-03 15:52:30", "elapsed": 727.203204, "delta": 11.39103}}
{"target": 0.6760690690115241, "params": {"C": 45.18213346512964, "epsilon": 4.816632458439402, "gamma": 0.9, "lamda": 0.18738601644487438}, "datetime": {"datetime": "2021-07-03 15:52:31", "elapsed": 728.609197, "delta": 1.405993}}
{"target": -0.7125813575750959, "params": {"C": 57.61178112374282, "epsilon": 2.1405832181762756, "gamma": 0.3407897300476891, "lamda": 0.8364689000794266}, "datetime": {"datetime": "2021-07-03 15:52:40", "elapsed": 737.258211, "delta": 8.649014}}
{"target": -6.044122777462697, "params": {"C": 49.4453299814079, "epsilon": 8.573196072077161, "gamma": 0.05, "lamda": 0.1}, "datetime": {"datetime": "2021-07-03 15:52:49", "elapsed": 746.552253, "delta": 9.294042}}
{"target": -4.302957878286064, "params": {"C": 47.66777812544368, "epsilon": 1.0189222093828558, "gamma": 0.07499740735659892, "lamda": 0.12051941717713877}, "datetime": {"datetime": "2021-07-03 15:52:56", "elapsed": 753.145254, "delta": 6.593001}}
{"target": 0.7979775815034699, "params": {"C": 34.240772219351975, "epsilon": 2.44615376844355, "gamma": 0.4954650235431172, "lamda": 0.6094943345369188}, "datetime": {"datetime": "2021-07-03 15:52:56", "elapsed": 754.084234, "delta": 0.93898}}
{"target": 0.707810432739743, "params": {"C": 51.73707507312116, "epsilon": 2.1334168377840284, "gamma": 0.7876693515298638, "lamda": 0.31509907936151565}, "datetime": {"datetime": "2021-07-03 15:52:58", "elapsed": 755.740257, "delta": 1.656023}}
{"target": -2.3050718381163695, "params": {"C": 56.933476405065846, "epsilon": 5.795661734648161, "gamma": 0.10810849525755137, "lamda": 0.2929802495164977}, "datetime": {"datetime": "2021-07-03 15:53:08", "elapsed": 765.584255, "delta": 9.843998}}
{"target": 0.6973468296101875, "params": {"C": 51.36071771786761, "epsilon": 3.8328822493495074, "gamma": 0.8238187137186279, "lamda": 0.12027850341579371}, "datetime": {"datetime": "2021-07-03 15:53:12", "elapsed": 769.440286, "delta": 3.856031}}
{"target": 0.710502644234118, "params": {"C": 53.86415108303835, "epsilon": 9.629978119168557, "gamma": 0.7653005356926172, "lamda": 0.954026419972484}, "datetime": {"datetime": "2021-07-03 15:53:14", "elapsed": 771.606276, "delta": 2.16599}}
{"target": 0.7094550040770511, "params": {"C": 54.62315163305493, "epsilon": 2.152293881963114, "gamma": 0.7814195799283452, "lamda": 0.24193811474746266}, "datetime": {"datetime": "2021-07-03 15:53:15", "elapsed": 772.685318, "delta": 1.079042}}
{"target": 0.8550111147837178, "params": {"C": 49.925554165142884, "epsilon": 7.903703103692734, "gamma": 0.25964701872679485, "lamda": 0.41463166048602396}, "datetime": {"datetime": "2021-07-03 15:53:17", "elapsed": 774.759316, "delta": 2.073998}}
{"target": 0.799756168545813, "params": {"C": 43.36766938047233, "epsilon": 4.344536035668414, "gamma": 0.4838213986306707, "lamda": 0.7046822725436397}, "datetime": {"datetime": "2021-07-03 15:53:18", "elapsed": 775.791295, "delta": 1.031979}}
{"target": 0.7397792626410085, "params": {"C": 45.02729377669469, "epsilon": 8.56633210382013, "gamma": 0.6768440181094514, "lamda": 0.25099452068647554}, "datetime": {"datetime": "2021-07-03 15:53:20", "elapsed": 777.915282, "delta": 2.123987}}
{"target": 0.6822795649059878, "params": {"C": 50.71800457391491, "epsilon": 6.98470545054312, "gamma": 0.8761028455658647, "lamda": 0.27134256923600053}, "datetime": {"datetime": "2021-07-03 15:53:21", "elapsed": 778.92628, "delta": 1.010998}}
{"target": 0.7723358108796721, "params": {"C": 49.963588193142115, "epsilon": 2.199038025907447, "gamma": 0.570676598456682, "lamda": 0.6266836839683956}, "datetime": {"datetime": "2021-07-03 15:53:22", "elapsed": 780.0553, "delta": 1.12902}}
{"target": 0.8468949536539864, "params": {"C": 40.494323089085114, "epsilon": 9.374701112015288, "gamma": 0.29141382765427837, "lamda": 0.30056578722634963}, "datetime": {"datetime": "2021-07-03 15:53:24", "elapsed": 781.230282, "delta": 1.174982}}
