{"target": -6.201137004986905, "params": {"C": 185.84393318158448, "epsilon": 3.5727943008259686, "gamma": 0.06109148894069875, "lamda": 0.054594868488988514}, "datetime": {"datetime": "2021-09-20 15:31:10", "elapsed": 1675.498181, "delta": 15.222556}}
{"target": -4.438826242873829, "params": {"C": 166.29949058850127, "epsilon": 3.4491981377930965, "gamma": 0.08234066203690071, "lamda": 0.07057164747546105}, "datetime": {"datetime": "2021-09-20 15:31:21", "elapsed": 1686.549049, "delta": 11.050868}}
{"target": -5.108934526428822, "params": {"C": 172.64267499757688, "epsilon": 2.54297142708372, "gamma": 0.07160387406749703, "lamda": 0.005888114906818999}, "datetime": {"datetime": "2021-09-20 15:31:31", "elapsed": 1697.017633, "delta": 10.468584}}
{"target": -4.5705801545746825, "params": {"C": 178.83779674935454, "epsilon": 1.3008613193992542, "gamma": 0.0806907039400452, "lamda": 0.0920585560401203}, "datetime": {"datetime": "2021-09-20 15:31:42", "elapsed": 1708.052604, "delta": 11.034971}}
{"target": -4.88230660405792, "params": {"C": 171.3237394250698, "epsilon": 1.0497924634813507, "gamma": 0.07485175045116219, "lamda": 0.09352680608047136}, "datetime": {"datetime": "2021-09-20 15:31:53", "elapsed": 1718.529963, "delta": 10.477359}}
{"target": -3.5491119718439563, "params": {"C": 196.84341906545467, "epsilon": 3.3897733983775957, "gamma": 0.09680826057222643, "lamda": 0.02665052754537511}, "datetime": {"datetime": "2021-09-20 15:32:04", "elapsed": 1730.336169, "delta": 11.806206}}
{"target": -5.136171715370184, "params": {"C": 154.37411047767955, "epsilon": 0.9710541662359798, "gamma": 0.07257506464456202, "lamda": 0.0216027582538496}, "datetime": {"datetime": "2021-09-20 15:32:17", "elapsed": 1742.517122, "delta": 12.180953}}
{"target": -4.072561071188632, "params": {"C": 180.35470809862304, "epsilon": 1.7012587468045526, "gamma": 0.09265406047308858, "lamda": 0.022587387835557915}, "datetime": {"datetime": "2021-09-20 15:32:27", "elapsed": 1753.402123, "delta": 10.885001}}
{"target": -4.442670832913325, "params": {"C": 185.09382648781553, "epsilon": 1.0221940494086244, "gamma": 0.08296876355363439, "lamda": 0.03815382173597494}, "datetime": {"datetime": "2021-09-20 15:32:37", "elapsed": 1763.428016, "delta": 10.025893}}
{"target": -3.4778238350418667, "params": {"C": 152.84821997414164, "epsilon": 0.9769495901646733, "gamma": 0.08656410221419174, "lamda": 0.052238758869250466}, "datetime": {"datetime": "2021-09-20 15:32:48", "elapsed": 1773.648768, "delta": 10.220752}}
{"target": -4.404387584204687, "params": {"C": 175.95079920368394, "epsilon": 0.7649029884269761, "gamma": 0.08282863406185026, "lamda": 0.09969157539477995}, "datetime": {"datetime": "2021-09-20 15:32:59", "elapsed": 1784.915874, "delta": 11.267106}}
{"target": -4.299092181887473, "params": {"C": 190.8417554395811, "epsilon": 2.409940685417433, "gamma": 0.0990395627332362, "lamda": 0.09064844554358553}, "datetime": {"datetime": "2021-09-20 15:33:14", "elapsed": 1799.667993, "delta": 14.752119}}
{"target": 0.896821210479815, "params": {"C": 179.78039668013227, "epsilon": 0.20711119523267185, "gamma": 0.06374308383269923, "lamda": 0.011210312929011507}, "datetime": {"datetime": "2021-09-20 15:33:14", "elapsed": 1800.120406, "delta": 0.452413}}
{"target": -3.198384396228451, "params": {"C": 172.58665743457377, "epsilon": 1.5517045460180023, "gamma": 0.09901400137081147, "lamda": 0.020958412853963417}, "datetime": {"datetime": "2021-09-20 15:33:25", "elapsed": 1810.786784, "delta": 10.666378}}
{"target": -4.177503786056183, "params": {"C": 198.63937959663275, "epsilon": 3.088501485943011, "gamma": 0.09296951358497992, "lamda": 0.06509850259390974}, "datetime": {"datetime": "2021-09-20 15:33:36", "elapsed": 1822.34397, "delta": 11.557186}}
{"target": -5.94467263035564, "params": {"C": 183.4366385103366, "epsilon": 1.949378747403078, "gamma": 0.06052545427692289, "lamda": 0.038535578126473354}, "datetime": {"datetime": "2021-09-20 15:33:52", "elapsed": 1838.450468, "delta": 16.106498}}
{"target": -4.954551110309919, "params": {"C": 174.60359007467792, "epsilon": 2.941957547473209, "gamma": 0.07874513370984437, "lamda": 0.048453467028496004}, "datetime": {"datetime": "2021-09-20 15:34:03", "elapsed": 1848.613564, "delta": 10.163096}}
{"target": -3.650043561570352, "params": {"C": 156.88313704728017, "epsilon": 0.12268383650963764, "gamma": 0.09033113041907985, "lamda": 0.035395519617379446}, "datetime": {"datetime": "2021-09-20 15:34:14", "elapsed": 1859.836259, "delta": 11.222695}}
{"target": -4.561649608301591, "params": {"C": 199.21917250967553, "epsilon": 0.9433181665438914, "gamma": 0.07354832101926718, "lamda": 0.05477013288828251}, "datetime": {"datetime": "2021-09-20 15:34:25", "elapsed": 1870.587047, "delta": 10.750788}}
{"target": -5.600642659653515, "params": {"C": 187.74457285302663, "epsilon": 1.898322512889159, "gamma": 0.06499290172446705, "lamda": 0.0346876309567447}, "datetime": {"datetime": "2021-09-20 15:34:41", "elapsed": 1886.977574, "delta": 16.390527}}
{"target": -3.788151278039182, "params": {"C": 175.22595848504972, "epsilon": 2.721488111426121, "gamma": 0.09080599825248369, "lamda": 0.017381899190663658}, "datetime": {"datetime": "2021-09-20 15:34:52", "elapsed": 1897.916119, "delta": 10.938545}}
{"target": 0.8976224194570425, "params": {"C": 151.14575656611908, "epsilon": 2.114802703070999, "gamma": 0.09239954842649666, "lamda": 0.00619735786783825}, "datetime": {"datetime": "2021-09-20 15:34:52", "elapsed": 1898.382435, "delta": 0.466316}}
{"target": -4.627816931186723, "params": {"C": 183.6234922326867, "epsilon": 2.772288248495408, "gamma": 0.0779698701434655, "lamda": 0.09190492524048376}, "datetime": {"datetime": "2021-09-20 15:35:10", "elapsed": 1916.346611, "delta": 17.964176}}
{"target": -4.613085686622399, "params": {"C": 182.21805423784966, "epsilon": 0.10054016359374614, "gamma": 0.07937713782057502, "lamda": 0.086635191579272}, "datetime": {"datetime": "2021-09-20 15:35:21", "elapsed": 1927.304961, "delta": 10.95835}}
{"target": -4.43071705860144, "params": {"C": 191.51997850186697, "epsilon": 2.6246844526809134, "gamma": 0.08694793695594527, "lamda": 0.059957460079974045}, "datetime": {"datetime": "2021-09-20 15:35:33", "elapsed": 1938.599248, "delta": 11.294287}}
{"target": -3.872383398573123, "params": {"C": 163.7059887583426, "epsilon": 2.2772775629013506, "gamma": 0.08686919139269682, "lamda": 0.038480814870558835}, "datetime": {"datetime": "2021-09-20 15:35:45", "elapsed": 1951.430574, "delta": 12.831326}}
{"target": -4.045193531284342, "params": {"C": 192.7914183626964, "epsilon": 0.8445469451541325, "gamma": 0.08989283241327693, "lamda": 0.03251226088775336}, "datetime": {"datetime": "2021-09-20 15:35:56", "elapsed": 1962.30299, "delta": 10.872416}}
{"target": -4.993934361624959, "params": {"C": 188.6899643622091, "epsilon": 1.756730330997419, "gamma": 0.09230793636448839, "lamda": 0.03858581195345909}, "datetime": {"datetime": "2021-09-20 15:36:07", "elapsed": 1972.694824, "delta": 10.391834}}
{"target": -5.1492741108387285, "params": {"C": 160.68466188147906, "epsilon": 3.087755273013325, "gamma": 0.07234567790522604, "lamda": 0.07465828143401061}, "datetime": {"datetime": "2021-09-20 15:36:17", "elapsed": 1983.21556, "delta": 10.520736}}
{"target": -5.227573705068401, "params": {"C": 187.22365765388662, "epsilon": 0.9478750675601482, "gamma": 0.06856448547282594, "lamda": 0.023900052725571337}, "datetime": {"datetime": "2021-09-20 15:36:28", "elapsed": 1994.319567, "delta": 11.104007}}
{"target": -4.617651831657271, "params": {"C": 157.12591688829224, "epsilon": 1.5581637888927498, "gamma": 0.061065115387664855, "lamda": 0.01553743505825286}, "datetime": {"datetime": "2021-09-20 15:36:39", "elapsed": 2005.231076, "delta": 10.911509}}
{"target": -5.758724884815042, "params": {"C": 183.72820118817052, "epsilon": 3.215124024637754, "gamma": 0.06322118108513544, "lamda": 0.027011719496150246}, "datetime": {"datetime": "2021-09-20 15:36:50", "elapsed": 2015.533951, "delta": 10.302875}}
{"target": -4.671204639905584, "params": {"C": 160.38128309019072, "epsilon": 3.675947567279992, "gamma": 0.08845258072545947, "lamda": 0.05761903804988436}, "datetime": {"datetime": "2021-09-20 15:37:00", "elapsed": 2025.836249, "delta": 10.302298}}
{"target": -4.800542013457235, "params": {"C": 165.22589939603102, "epsilon": 3.35262786671665, "gamma": 0.07741223830518079, "lamda": 0.09272834043628365}, "datetime": {"datetime": "2021-09-20 15:37:17", "elapsed": 2043.080607, "delta": 17.244358}}
{"target": -5.07860754700673, "params": {"C": 185.30259021679666, "epsilon": 1.9538827272239108, "gamma": 0.06504840414997434, "lamda": 0.09772413729443603}, "datetime": {"datetime": "2021-09-20 15:37:36", "elapsed": 2061.846329, "delta": 18.765722}}
{"target": -4.302902531266948, "params": {"C": 157.99168251720468, "epsilon": 0.8742003308610773, "gamma": 0.07724727020641484, "lamda": 0.043399181048638984}, "datetime": {"datetime": "2021-09-20 15:37:47", "elapsed": 2072.757839, "delta": 10.91151}}
{"target": -5.710532198429186, "params": {"C": 157.3375740382147, "epsilon": 2.938930163895604, "gamma": 0.06754980267508744, "lamda": 0.06617008620960797}, "datetime": {"datetime": "2021-09-20 15:37:57", "elapsed": 2082.505755, "delta": 9.747916}}
{"target": -4.375138245286788, "params": {"C": 187.71529752881494, "epsilon": 0.9060709769666172, "gamma": 0.0840381699243056, "lamda": 0.07614819564835447}, "datetime": {"datetime": "2021-09-20 15:38:07", "elapsed": 2093.050868, "delta": 10.545113}}
{"target": -4.907134343973287, "params": {"C": 181.91093553101666, "epsilon": 2.4207390275508645, "gamma": 0.07181929142621989, "lamda": 0.07450261476794334}, "datetime": {"datetime": "2021-09-20 15:38:18", "elapsed": 2103.884498, "delta": 10.83363}}
{"target": -4.620337312033485, "params": {"C": 197.2654219999975, "epsilon": 1.748200649825264, "gamma": 0.09128727267325622, "lamda": 0.010333398767881953}, "datetime": {"datetime": "2021-09-20 15:38:29", "elapsed": 2115.024788, "delta": 11.14029}}
{"target": -4.672637400076084, "params": {"C": 191.7635801244983, "epsilon": 0.833620065942819, "gamma": 0.07580387475559892, "lamda": 0.033507699362908865}, "datetime": {"datetime": "2021-09-20 15:38:41", "elapsed": 2126.512776, "delta": 11.487988}}
{"target": -5.35398223931261, "params": {"C": 154.00518219030246, "epsilon": 3.626153531510072, "gamma": 0.07480616710214953, "lamda": 0.05541625665523325}, "datetime": {"datetime": "2021-09-20 15:38:57", "elapsed": 2142.551953, "delta": 16.039177}}
{"target": -4.6506230574720195, "params": {"C": 174.70581329481627, "epsilon": 0.5980716764163175, "gamma": 0.06825816235557731, "lamda": 0.012237936858070512}, "datetime": {"datetime": "2021-09-20 15:39:07", "elapsed": 2153.218387, "delta": 10.666434}}
{"target": -4.492618966947787, "params": {"C": 175.39608499726438, "epsilon": 1.1052742431853095, "gamma": 0.07428246435531168, "lamda": 0.015266206226237498}, "datetime": {"datetime": "2021-09-20 15:39:17", "elapsed": 2163.039882, "delta": 9.821495}}
{"target": -3.4074651180956526, "params": {"C": 189.37759198262535, "epsilon": 0.49780879701210035, "gamma": 0.09942835294852752, "lamda": 0.021830310621649647}, "datetime": {"datetime": "2021-09-20 15:39:28", "elapsed": 2173.648242, "delta": 10.60836}}
{"target": -3.118930322893439, "params": {"C": 178.62025562173247, "epsilon": 0.2557937115892254, "gamma": 0.09148465158623337, "lamda": 0.023012565042738173}, "datetime": {"datetime": "2021-09-20 15:39:38", "elapsed": 2183.959495, "delta": 10.311253}}
{"target": -5.536688841312097, "params": {"C": 176.39519892040633, "epsilon": 2.9811039691835606, "gamma": 0.06599725939669024, "lamda": 0.057353281547762314}, "datetime": {"datetime": "2021-09-20 15:39:48", "elapsed": 2194.100679, "delta": 10.141184}}
{"target": -3.4737504759964697, "params": {"C": 160.83086041643898, "epsilon": 3.056048513323207, "gamma": 0.08891660774224855, "lamda": 0.021772158256322886}, "datetime": {"datetime": "2021-09-20 15:39:59", "elapsed": 2205.063052, "delta": 10.962373}}
{"target": -2.862309319486071, "params": {"C": 193.09832788335368, "epsilon": 0.1575183901040695, "gamma": 0.09440947989692461, "lamda": 0.05809586206028914}, "datetime": {"datetime": "2021-09-20 15:40:10", "elapsed": 2215.912617, "delta": 10.849565}}
{"target": -3.8952885323363473, "params": {"C": 170.16102360529246, "epsilon": 3.0542879696075595, "gamma": 0.0886771600676988, "lamda": 0.09879598660680053}, "datetime": {"datetime": "2021-09-20 15:40:21", "elapsed": 2226.68987, "delta": 10.777253}}
{"target": 0.8990222169862395, "params": {"C": 163.90425243064914, "epsilon": 0.09487119584462293, "gamma": 0.09735610433259552, "lamda": 0.08650022493109992}, "datetime": {"datetime": "2021-09-20 15:40:21", "elapsed": 2227.129869, "delta": 0.439999}}
{"target": -4.472469575393127, "params": {"C": 186.4425438759628, "epsilon": 2.1054200290524308, "gamma": 0.08827824980995044, "lamda": 0.07915030790329057}, "datetime": {"datetime": "2021-09-20 15:40:33", "elapsed": 2238.618901, "delta": 11.489032}}
{"target": -4.5231368491009185, "params": {"C": 168.74379717684297, "epsilon": 3.099664299293434, "gamma": 0.09002497276700702, "lamda": 0.06325506509670467}, "datetime": {"datetime": "2021-09-20 15:40:44", "elapsed": 2249.718868, "delta": 11.099967}}
{"target": -5.581726099545963, "params": {"C": 170.09329619839187, "epsilon": 2.8134474355162165, "gamma": 0.06012451431300768, "lamda": 0.07861518143883679}, "datetime": {"datetime": "2021-09-20 15:41:02", "elapsed": 2267.783956, "delta": 18.065088}}
{"target": -4.177593785784932, "params": {"C": 194.82083012284235, "epsilon": 1.018117573155018, "gamma": 0.06483068737236919, "lamda": 0.025926978840404125}, "datetime": {"datetime": "2021-09-20 15:41:12", "elapsed": 2278.416715, "delta": 10.632759}}
{"target": -5.194058620756655, "params": {"C": 165.10483656450492, "epsilon": 3.5414717535702303, "gamma": 0.08172665720952378, "lamda": 0.0322376067126109}, "datetime": {"datetime": "2021-09-20 15:41:27", "elapsed": 2292.739958, "delta": 14.323243}}
{"target": -3.5679541174296983, "params": {"C": 156.91773448964733, "epsilon": 1.2173662953698035, "gamma": 0.08455484358965011, "lamda": 0.03579316034025743}, "datetime": {"datetime": "2021-09-20 15:41:38", "elapsed": 2304.076048, "delta": 11.33609}}
{"target": -3.0184215965742327, "params": {"C": 172.86800908454993, "epsilon": 1.8209390595051287, "gamma": 0.09312541442926048, "lamda": 0.04550307465244191}, "datetime": {"datetime": "2021-09-20 15:41:50", "elapsed": 2316.063079, "delta": 11.987031}}
{"target": -5.473201395361026, "params": {"C": 167.28494105877513, "epsilon": 2.7258886908516926, "gamma": 0.06885928222934115, "lamda": 0.04938835327302261}, "datetime": {"datetime": "2021-09-20 15:42:01", "elapsed": 2326.828656, "delta": 10.765577}}
{"target": -3.3212677252072274, "params": {"C": 165.73828436620082, "epsilon": 2.537273960478312, "gamma": 0.0950944189877925, "lamda": 0.0475304550138347}, "datetime": {"datetime": "2021-09-20 15:42:12", "elapsed": 2337.969407, "delta": 11.140751}}
{"target": -3.7366095700668778, "params": {"C": 189.22287093959616, "epsilon": 1.8713055462012775, "gamma": 0.08624917326868525, "lamda": 0.017524892627612705}, "datetime": {"datetime": "2021-09-20 15:42:23", "elapsed": 2348.963232, "delta": 10.993825}}
{"target": -4.444309340728913, "params": {"C": 171.6490753483824, "epsilon": 3.644502995527352, "gamma": 0.08421916004123739, "lamda": 0.0778435857875247}, "datetime": {"datetime": "2021-09-20 15:42:35", "elapsed": 2360.996571, "delta": 12.033339}}
{"target": 0.8972329871042104, "params": {"C": 175.2350304047947, "epsilon": 2.0323780493257892, "gamma": 0.093715993607714, "lamda": 0.011441658762390606}, "datetime": {"datetime": "2021-09-20 15:42:35", "elapsed": 2361.492169, "delta": 0.495598}}
{"target": -4.537915349008053, "params": {"C": 178.66361357748423, "epsilon": 3.7756292956971613, "gamma": 0.08071440192689287, "lamda": 0.02347425190514903}, "datetime": {"datetime": "2021-09-20 15:42:46", "elapsed": 2371.660084, "delta": 10.167915}}
{"target": -3.833958955479493, "params": {"C": 192.3969696221738, "epsilon": 1.0664254380349432, "gamma": 0.08802904145930152, "lamda": 0.05632478933770549}, "datetime": {"datetime": "2021-09-20 15:42:57", "elapsed": 2383.134171, "delta": 11.474087}}
{"target": 0.8953077361053804, "params": {"C": 197.441814414011, "epsilon": 2.5273998734184895, "gamma": 0.09351911848190918, "lamda": 0.005753623238479695}, "datetime": {"datetime": "2021-09-20 15:42:58", "elapsed": 2383.585171, "delta": 0.451}}
{"target": -4.138220224775149, "params": {"C": 199.4670028083319, "epsilon": 0.38464111570295506, "gamma": 0.07288518054459078, "lamda": 0.09488447756839272}, "datetime": {"datetime": "2021-09-20 15:43:10", "elapsed": 2395.727901, "delta": 12.14273}}
{"target": -5.1312619789929785, "params": {"C": 150.44695511856224, "epsilon": 3.3051016212539874, "gamma": 0.09444846553467179, "lamda": 0.04678392734981439}, "datetime": {"datetime": "2021-09-20 15:43:21", "elapsed": 2407.422956, "delta": 11.695055}}
{"target": -4.767275109320151, "params": {"C": 162.78725969029657, "epsilon": 3.2265429169625306, "gamma": 0.07911448017728885, "lamda": 0.017762167822291133}, "datetime": {"datetime": "2021-09-20 15:43:33", "elapsed": 2418.775714, "delta": 11.352758}}
{"target": -5.4878852077938, "params": {"C": 196.39244964125055, "epsilon": 3.592202270666062, "gamma": 0.07966180600067742, "lamda": 0.08638673716919026}, "datetime": {"datetime": "2021-09-20 15:43:48", "elapsed": 2433.576637, "delta": 14.800923}}
{"target": -5.47383308201701, "params": {"C": 170.92890128820494, "epsilon": 2.7591824086519003, "gamma": 0.0759196255763169, "lamda": 0.05304549165782698}, "datetime": {"datetime": "2021-09-20 15:43:58", "elapsed": 2443.527843, "delta": 9.951206}}
{"target": -5.473771658254846, "params": {"C": 159.47758514169635, "epsilon": 3.8627565825147823, "gamma": 0.07176862752977019, "lamda": 0.014828657831058127}, "datetime": {"datetime": "2021-09-20 15:44:08", "elapsed": 2454.089446, "delta": 10.561603}}
{"target": -3.6255284990789205, "params": {"C": 157.2157700114524, "epsilon": 0.13524179323437638, "gamma": 0.08863782797849579, "lamda": 0.058627340422883034}, "datetime": {"datetime": "2021-09-20 15:44:19", "elapsed": 2465.303353, "delta": 11.213907}}
{"target": -4.517399227037716, "params": {"C": 189.7289175592376, "epsilon": 2.067753299273815, "gamma": 0.09167284158016616, "lamda": 0.07109760035582476}, "datetime": {"datetime": "2021-09-20 15:44:31", "elapsed": 2476.633026, "delta": 11.329673}}
{"target": -3.7281089806176864, "params": {"C": 188.89242384295878, "epsilon": 1.6734128463901783, "gamma": 0.08591082532749925, "lamda": 0.02208045828083257}, "datetime": {"datetime": "2021-09-20 15:44:42", "elapsed": 2487.971139, "delta": 11.338113}}
{"target": -4.839440891479119, "params": {"C": 166.0909981693952, "epsilon": 0.7566101108695865, "gamma": 0.0763454890005305, "lamda": 0.02793478105673189}, "datetime": {"datetime": "2021-09-20 15:44:53", "elapsed": 2499.176017, "delta": 11.204878}}
{"target": -4.928874828365271, "params": {"C": 170.3460997064679, "epsilon": 3.9028715823542632, "gamma": 0.07281277303288125, "lamda": 0.09833663977261506}, "datetime": {"datetime": "2021-09-20 15:45:04", "elapsed": 2509.781267, "delta": 10.60525}}
{"target": -3.59300795057311, "params": {"C": 181.81530629279916, "epsilon": 1.5503567921041312, "gamma": 0.09429937996334387, "lamda": 0.06386074024001451}, "datetime": {"datetime": "2021-09-20 15:45:15", "elapsed": 2520.922056, "delta": 11.140789}}
{"target": -4.764177311449614, "params": {"C": 162.60165400654196, "epsilon": 3.1879942576693994, "gamma": 0.07731754034936653, "lamda": 0.038963560896391934}, "datetime": {"datetime": "2021-09-20 15:45:28", "elapsed": 2533.788215, "delta": 12.866159}}
{"target": -5.183021596430642, "params": {"C": 166.51384682625405, "epsilon": 2.8136859924035065, "gamma": 0.07074600495624907, "lamda": 0.08178641130201111}, "datetime": {"datetime": "2021-09-20 15:45:45", "elapsed": 2551.007356, "delta": 17.219141}}
{"target": -4.530463642797073, "params": {"C": 164.7644397199924, "epsilon": 2.2129558236546005, "gamma": 0.07951685967220809, "lamda": 0.08625885919656014}, "datetime": {"datetime": "2021-09-20 15:45:55", "elapsed": 2561.433694, "delta": 10.426338}}
{"target": -4.457123023368371, "params": {"C": 194.4193217197693, "epsilon": 0.8027870140816455, "gamma": 0.08341393835753004, "lamda": 0.09032947937162804}, "datetime": {"datetime": "2021-09-20 15:46:07", "elapsed": 2572.810739, "delta": 11.377045}}
{"target": -5.027232553475467, "params": {"C": 172.30586095172148, "epsilon": 3.6937237574965565, "gamma": 0.07115963561827883, "lamda": 0.0628389615484106}, "datetime": {"datetime": "2021-09-20 15:46:17", "elapsed": 2583.218571, "delta": 10.407832}}
{"target": -4.351652446100639, "params": {"C": 184.12268548834078, "epsilon": 0.9745664747338977, "gamma": 0.06055070050230867, "lamda": 0.04458877642521613}, "datetime": {"datetime": "2021-09-20 15:46:28", "elapsed": 2594.199625, "delta": 10.981054}}
{"target": -3.7136519104656296, "params": {"C": 196.9240945928367, "epsilon": 1.4246701905351937, "gamma": 0.091189771819304, "lamda": 0.021599949718603708}, "datetime": {"datetime": "2021-09-20 15:46:39", "elapsed": 2605.188519, "delta": 10.988894}}
{"target": -3.89696226548837, "params": {"C": 167.0976418151226, "epsilon": 0.6468230656853392, "gamma": 0.08867083256585505, "lamda": 0.07143422425119736}, "datetime": {"datetime": "2021-09-20 15:46:50", "elapsed": 2616.365826, "delta": 11.177307}}
{"target": -4.44063508433306, "params": {"C": 184.42486589744595, "epsilon": 1.0733124551862947, "gamma": 0.08769440486493636, "lamda": 0.02659326638701521}, "datetime": {"datetime": "2021-09-20 15:47:02", "elapsed": 2627.525337, "delta": 11.159511}}
