{"target": -4.394722416232782, "params": {"C": 163.93663971239738, "epsilon": 1.36520461307044, "gamma": 0.08017807331105156, "lamda": 0.0923793824741358}, "datetime": {"datetime": "2021-09-19 21:24:18", "elapsed": 715.722209, "delta": 9.512697}}
{"target": 0.8751812008860521, "params": {"C": 277.52459852488175, "epsilon": 4.86884214320618, "gamma": 0.15525548430399158, "lamda": 0.01672604019498446}, "datetime": {"datetime": "2021-09-19 21:24:19", "elapsed": 716.365209, "delta": 0.643}}
{"target": -6.857318508007943, "params": {"C": 277.48150795692806, "epsilon": 5.004577378370497, "gamma": 0.04639708280474919, "lamda": 0.07254780768144717}, "datetime": {"datetime": "2021-09-19 21:24:33", "elapsed": 730.172208, "delta": 13.806999}}
{"target": 0.8767087088004675, "params": {"C": 159.52779277673028, "epsilon": 1.0466785078136043, "gamma": 0.17669973646332668, "lamda": 0.16944547822613557}, "datetime": {"datetime": "2021-09-19 21:24:33", "elapsed": 730.78321, "delta": 0.611002}}
{"target": -3.097126188623303, "params": {"C": 155.71822919873347, "epsilon": 1.7119036021935743, "gamma": 0.01655230121705966, "lamda": 0.04647999990400612}, "datetime": {"datetime": "2021-09-19 21:24:43", "elapsed": 740.171663, "delta": 9.388453}}
{"target": -1.9095243824854484, "params": {"C": 271.5639779988518, "epsilon": 8.101033502979183, "gamma": 0.1890662564203324, "lamda": 0.17680207575720344}, "datetime": {"datetime": "2021-09-19 21:24:52", "elapsed": 749.370055, "delta": 9.198392}}
{"target": 0.8866382101372492, "params": {"C": 159.41718408090549, "epsilon": 1.0011489078125, "gamma": 0.14763138256121314, "lamda": 0.06781409281197903}, "datetime": {"datetime": "2021-09-19 21:24:52", "elapsed": 750.084057, "delta": 0.714002}}
{"target": -2.2284186005717554, "params": {"C": 294.13524156132587, "epsilon": 7.332582235664591, "gamma": 0.1502978431695481, "lamda": 0.03247250989046163}, "datetime": {"datetime": "2021-09-19 21:25:02", "elapsed": 759.223652, "delta": 9.139595}}
{"target": -3.0291091678609146, "params": {"C": 278.24041319515885, "epsilon": 4.807790819811091, "gamma": 0.10610927882721165, "lamda": 0.017480574324326013}, "datetime": {"datetime": "2021-09-19 21:25:11", "elapsed": 768.456994, "delta": 9.233342}}
{"target": -4.263778555360198, "params": {"C": 159.34476637565857, "epsilon": 1.1200760885800767, "gamma": 0.06754175207793184, "lamda": 0.05326908559070932}, "datetime": {"datetime": "2021-09-19 21:25:21", "elapsed": 778.27973, "delta": 9.822736}}
{"target": 0.8767181719108557, "params": {"C": 164.1587770357305, "epsilon": 1.216359998454175, "gamma": 0.1762373753345245, "lamda": 0.008375143665889637}, "datetime": {"datetime": "2021-09-19 21:25:21", "elapsed": 778.981344, "delta": 0.701614}}
{"target": 0.8901899457362595, "params": {"C": 164.76910558809223, "epsilon": 1.2549803604105465, "gamma": 0.13714812346112176, "lamda": 0.06481821845621168}, "datetime": {"datetime": "2021-09-19 21:25:22", "elapsed": 779.620542, "delta": 0.639198}}
{"target": -4.310035234455375, "params": {"C": 164.7787828535129, "epsilon": 1.3604751442725624, "gamma": 0.07280080362253548, "lamda": 0.01802372314100578}, "datetime": {"datetime": "2021-09-19 21:25:31", "elapsed": 788.896961, "delta": 9.276419}}
{"target": 0.8676825240836856, "params": {"C": 277.4502121385524, "epsilon": 4.808065534704441, "gamma": 0.18134681574122802, "lamda": 5e-06}, "datetime": {"datetime": "2021-09-19 21:25:32", "elapsed": 789.61184, "delta": 0.714879}}
{"target": -3.338312574494088, "params": {"C": 231.23735034125517, "epsilon": 5.265238413950997, "gamma": 0.10819697503276587, "lamda": 0.08711305210526606}, "datetime": {"datetime": "2021-09-19 21:25:48", "elapsed": 805.557186, "delta": 15.945346}}
{"target": 0.8707071257037168, "params": {"C": 159.54799181551175, "epsilon": 1.0244396512805918, "gamma": 0.1994678616260261, "lamda": 0.0023042444851142448}, "datetime": {"datetime": "2021-09-19 21:25:49", "elapsed": 806.311186, "delta": 0.754}}
{"target": 0.8948115523303205, "params": {"C": 159.55733840498175, "epsilon": 0.8836517437595058, "gamma": 0.12601061050010662, "lamda": 0.013977429466290443}, "datetime": {"datetime": "2021-09-19 21:25:49", "elapsed": 806.996777, "delta": 0.685591}}
{"target": 0.8796925717354743, "params": {"C": 159.57344719935236, "epsilon": 0.9803730272798108, "gamma": 0.1643395232927714, "lamda": 0.11325730798238627}, "datetime": {"datetime": "2021-09-19 21:25:50", "elapsed": 807.756693, "delta": 0.759916}}
{"target": -5.214436606058254, "params": {"C": 207.0880255550409, "epsilon": 2.3797497986021394, "gamma": 0.03380497324388687, "lamda": 0.19972644595308608}, "datetime": {"datetime": "2021-09-19 21:26:04", "elapsed": 821.157766, "delta": 13.401073}}
{"target": -5.591032325198346, "params": {"C": 277.42935402923297, "epsilon": 4.725796156349637, "gamma": 0.07455294113687848, "lamda": 0.02151936969826544}, "datetime": {"datetime": "2021-09-19 21:26:13", "elapsed": 830.088885, "delta": 8.931119}}
{"target": 0.8815378731554068, "params": {"C": 165.0477831549324, "epsilon": 1.4181542511103435, "gamma": 0.1569396232147271, "lamda": 0.14264103340659248}, "datetime": {"datetime": "2021-09-19 21:26:13", "elapsed": 830.849883, "delta": 0.760998}}
{"target": -2.630395441298829, "params": {"C": 164.89920374861728, "epsilon": 1.64158121916745, "gamma": 0.14406442142713807, "lamda": 0.18123071438848537}, "datetime": {"datetime": "2021-09-19 21:26:26", "elapsed": 843.92688, "delta": 13.076997}}
{"target": 0.8840063594273436, "params": {"C": 159.53219117100554, "epsilon": 1.1865531618014042, "gamma": 0.15280854356581966, "lamda": 0.16308686597560496}, "datetime": {"datetime": "2021-09-19 21:26:27", "elapsed": 844.689885, "delta": 0.763005}}
{"target": -4.424115496157902, "params": {"C": 243.57305634129136, "epsilon": 8.25004159303886, "gamma": 0.01686971538321011, "lamda": 0.0884138231893493}, "datetime": {"datetime": "2021-09-19 21:26:40", "elapsed": 857.239883, "delta": 12.549998}}
{"target": -3.029874202879202, "params": {"C": 188.03654708315338, "epsilon": 2.441080553130226, "gamma": 0.13233871768630687, "lamda": 0.11055107744061575}, "datetime": {"datetime": "2021-09-19 21:26:53", "elapsed": 870.770883, "delta": 13.531}}
{"target": 0.8739035765478974, "params": {"C": 164.5101168384856, "epsilon": 1.2878620755690124, "gamma": 0.18633336421453348, "lamda": 0.13453287088841404}, "datetime": {"datetime": "2021-09-19 21:26:54", "elapsed": 871.561883, "delta": 0.791}}
{"target": 0.872292655747395, "params": {"C": 159.3620863289475, "epsilon": 0.962313744040366, "gamma": 0.19371723832003504, "lamda": 0.16439659970115464}, "datetime": {"datetime": "2021-09-19 21:26:55", "elapsed": 872.292883, "delta": 0.731}}
{"target": -4.840622240767836, "params": {"C": 159.5385405531367, "epsilon": 0.7941823116559854, "gamma": 0.08397508977649831, "lamda": 0.11256499320415547}, "datetime": {"datetime": "2021-09-19 21:27:04", "elapsed": 882.036883, "delta": 9.744}}
{"target": 0.896140138543251, "params": {"C": 165.06945113672455, "epsilon": 1.4819530558154566, "gamma": 0.1098112244601938, "lamda": 0.0024927604315625996}, "datetime": {"datetime": "2021-09-19 21:27:05", "elapsed": 882.825883, "delta": 0.789}}
{"target": 0.8861930789276902, "params": {"C": 165.08173493609485, "epsilon": 1.2712535325779097, "gamma": 0.14670519209011923, "lamda": 0.0023475947491722955}, "datetime": {"datetime": "2021-09-19 21:27:06", "elapsed": 883.539883, "delta": 0.714}}
{"target": -4.38873311233478, "params": {"C": 165.1584170025121, "epsilon": 1.4752534277051743, "gamma": 0.08121505587346443, "lamda": 0.15584968823442133}, "datetime": {"datetime": "2021-09-19 21:27:16", "elapsed": 893.196883, "delta": 9.657}}
{"target": -2.718836793819764, "params": {"C": 295.10156159287124, "epsilon": 0.9755419671587451, "gamma": 0.11610261278178997, "lamda": 0.11451883209397318}, "datetime": {"datetime": "2021-09-19 21:27:25", "elapsed": 902.392883, "delta": 9.196}}
{"target": 0.8735236766283213, "params": {"C": 165.00074027473096, "epsilon": 1.1992741012014128, "gamma": 0.18771363999047883, "lamda": 0.15893781523165662}, "datetime": {"datetime": "2021-09-19 21:27:26", "elapsed": 903.116883, "delta": 0.724}}
{"target": -2.114729511357311, "params": {"C": 159.52101437816268, "epsilon": 1.2912928608891865, "gamma": 0.010178004122093114, "lamda": 0.15163273207441608}, "datetime": {"datetime": "2021-09-19 21:27:41", "elapsed": 918.308753, "delta": 15.19187}}
{"target": 0.8827080139206432, "params": {"C": 165.0341227310549, "epsilon": 1.2308741732551054, "gamma": 0.15456177035048912, "lamda": 0.1192807402275994}, "datetime": {"datetime": "2021-09-19 21:27:41", "elapsed": 919.049752, "delta": 0.740999}}
{"target": -3.2548750366571593, "params": {"C": 164.96747000001528, "epsilon": 1.2545539935808512, "gamma": 0.09616807610816004, "lamda": 0.06784948902145707}, "datetime": {"datetime": "2021-09-19 21:27:51", "elapsed": 928.811142, "delta": 9.76139}}
{"target": -2.7414206565107606, "params": {"C": 262.42911916792616, "epsilon": 6.799568932579291, "gamma": 0.009537146829867029, "lamda": 0.024330666596593685}, "datetime": {"datetime": "2021-09-19 21:28:07", "elapsed": 944.554581, "delta": 15.743439}}
{"target": -4.603899496952874, "params": {"C": 177.54222500876784, "epsilon": 5.3888339629977, "gamma": 0.07986391451242872, "lamda": 0.03364225973418417}, "datetime": {"datetime": "2021-09-19 21:28:21", "elapsed": 958.142633, "delta": 13.588052}}
{"target": -2.4621339184011535, "params": {"C": 159.49240460486396, "epsilon": 1.1141193675724037, "gamma": 0.12050782994130557, "lamda": 0.1319115957663699}, "datetime": {"datetime": "2021-09-19 21:28:30", "elapsed": 967.174631, "delta": 9.031998}}
{"target": 0.8808782978381493, "params": {"C": 164.92087799564905, "epsilon": 1.4376253762812403, "gamma": 0.1589378483240498, "lamda": 0.08489897213991003}, "datetime": {"datetime": "2021-09-19 21:28:30", "elapsed": 967.99763, "delta": 0.822999}}
{"target": 0.896837559602046, "params": {"C": 159.4942040954774, "epsilon": 0.8841727129612708, "gamma": 0.10960679861486902, "lamda": 0.015012732494641239}, "datetime": {"datetime": "2021-09-19 21:28:31", "elapsed": 968.79963, "delta": 0.802}}
{"target": -3.4957612511181724, "params": {"C": 232.86716406688208, "epsilon": 4.424546992732861, "gamma": 0.014318213774337271, "lamda": 0.09215062572747118}, "datetime": {"datetime": "2021-09-19 21:28:46", "elapsed": 983.54763, "delta": 14.748}}
{"target": 0.8847574805200897, "params": {"C": 165.10995499562148, "epsilon": 1.2379574325553513, "gamma": 0.1499599832351937, "lamda": 0.04106260565726185}, "datetime": {"datetime": "2021-09-19 21:28:47", "elapsed": 984.358631, "delta": 0.811001}}
{"target": 0.8824852642161222, "params": {"C": 164.9112873168474, "epsilon": 1.366301170666139, "gamma": 0.15479067665236212, "lamda": 0.16683149019494678}, "datetime": {"datetime": "2021-09-19 21:28:48", "elapsed": 985.17664, "delta": 0.818009}}
{"target": -2.129070650932805, "params": {"C": 264.9496664722926, "epsilon": 9.3422056961955, "gamma": 0.1532176468611485, "lamda": 0.18619806129669092}, "datetime": {"datetime": "2021-09-19 21:28:57", "elapsed": 995.00763, "delta": 9.83099}}
{"target": -3.527542244588396, "params": {"C": 204.3717257730602, "epsilon": 1.3090963737696808, "gamma": 0.08998396889776196, "lamda": 0.034956736543726184}, "datetime": {"datetime": "2021-09-19 21:29:07", "elapsed": 1004.28863, "delta": 9.281}}
{"target": 0.875494342567415, "params": {"C": 247.7605314467091, "epsilon": 3.1311590275159555, "gamma": 0.16231105001182478, "lamda": 0.04080993310153636}, "datetime": {"datetime": "2021-09-19 21:29:07", "elapsed": 1005.049631, "delta": 0.761001}}
{"target": -4.320918111269514, "params": {"C": 295.14349609112605, "epsilon": 7.787477896679095, "gamma": 0.014843410988576961, "lamda": 0.006423160125435768}, "datetime": {"datetime": "2021-09-19 21:29:22", "elapsed": 1019.875928, "delta": 14.826297}}
{"target": 0.8730648906909027, "params": {"C": 173.59341009605293, "epsilon": 6.308613686367962, "gamma": 0.03489966494365038, "lamda": 0.0009398714799122006}, "datetime": {"datetime": "2021-09-19 21:29:23", "elapsed": 1020.626076, "delta": 0.750148}}
{"target": 0.868924328621096, "params": {"C": 277.17407770209536, "epsilon": 1.4032908526484074, "gamma": 0.18204714184966367, "lamda": 0.07592338778527163}, "datetime": {"datetime": "2021-09-19 21:29:24", "elapsed": 1021.437077, "delta": 0.811001}}
{"target": -2.1896584223752917, "params": {"C": 247.75017141832018, "epsilon": 3.2904950371350505, "gamma": 0.18155294041798087, "lamda": 0.08843469927964114}, "datetime": {"datetime": "2021-09-19 21:29:36", "elapsed": 1033.4731, "delta": 12.036023}}
{"target": -4.965993967203123, "params": {"C": 206.51767908470654, "epsilon": 1.3950689004208592, "gamma": 0.06196526879551411, "lamda": 0.13863875312096946}, "datetime": {"datetime": "2021-09-19 21:29:45", "elapsed": 1042.137592, "delta": 8.664492}}
{"target": 0.8863189847694546, "params": {"C": 164.0574587554896, "epsilon": 1.2419968658912648, "gamma": 0.14671712256545683, "lamda": 0.008100988509348607}, "datetime": {"datetime": "2021-09-19 21:29:45", "elapsed": 1042.9332, "delta": 0.795608}}
{"target": -3.813057603599286, "params": {"C": 173.6783450696945, "epsilon": 6.344498483240091, "gamma": 0.10597270561436169, "lamda": 0.044071002513564744}, "datetime": {"datetime": "2021-09-19 21:29:54", "elapsed": 1051.902818, "delta": 8.969618}}
{"target": -3.136641934246751, "params": {"C": 232.01984008035703, "epsilon": 7.288186974105018, "gamma": 0.13791841096265436, "lamda": 0.19359019165896776}, "datetime": {"datetime": "2021-09-19 21:30:04", "elapsed": 1061.120026, "delta": 9.217208}}
{"target": -4.524400060776243, "params": {"C": 166.9334886524329, "epsilon": 9.264594598116942, "gamma": 0.014054546676609943, "lamda": 0.07979832612325062}, "datetime": {"datetime": "2021-09-19 21:30:19", "elapsed": 1076.770579, "delta": 15.650553}}
{"target": -3.4826110620962742, "params": {"C": 167.46364379978198, "epsilon": 4.744166338168343, "gamma": 0.11282652109319921, "lamda": 0.1509213733479972}, "datetime": {"datetime": "2021-09-19 21:30:28", "elapsed": 1085.669579, "delta": 8.899}}
{"target": -2.1606346438013917, "params": {"C": 247.67137201513592, "epsilon": 3.1103440262244253, "gamma": 0.17419570859017333, "lamda": 0.0693385316534867}, "datetime": {"datetime": "2021-09-19 21:30:40", "elapsed": 1097.429576, "delta": 11.759997}}
{"target": 0.8707353621549789, "params": {"C": 165.0456214449457, "epsilon": 1.4691681392713947, "gamma": 0.1985507380385057, "lamda": 0.01884592276092894}, "datetime": {"datetime": "2021-09-19 21:30:41", "elapsed": 1098.281578, "delta": 0.852002}}
{"target": 0.8963354773635446, "params": {"C": 164.63138644849454, "epsilon": 1.182106899625298, "gamma": 0.1166009150172406, "lamda": 0.0063669279755079015}, "datetime": {"datetime": "2021-09-19 21:30:42", "elapsed": 1099.088579, "delta": 0.807001}}
{"target": -4.119852862311938, "params": {"C": 204.9724493460057, "epsilon": 6.031021259618643, "gamma": 0.09688852912545953, "lamda": 0.17293470613593487}, "datetime": {"datetime": "2021-09-19 21:30:57", "elapsed": 1114.197578, "delta": 15.108999}}
{"target": 0.8778041422138306, "params": {"C": 277.25809789463455, "epsilon": 1.3288101078725156, "gamma": 0.1528347412652883, "lamda": 0.09523946797518945}, "datetime": {"datetime": "2021-09-19 21:30:58", "elapsed": 1115.211578, "delta": 1.014}}
{"target": -5.63776042093192, "params": {"C": 247.83098483573787, "epsilon": 3.106613780046261, "gamma": 0.060142911770990314, "lamda": 0.08135782155445836}, "datetime": {"datetime": "2021-09-19 21:31:07", "elapsed": 1124.142577, "delta": 8.930999}}
{"target": -3.287804255494433, "params": {"C": 172.7529372667196, "epsilon": 4.858836357141476, "gamma": 0.12750805311122462, "lamda": 0.1872309800764045}, "datetime": {"datetime": "2021-09-19 21:31:22", "elapsed": 1139.496578, "delta": 15.354001}}
{"target": -1.7595507658390463, "params": {"C": 205.67226117894174, "epsilon": 5.22623227676961, "gamma": 0.1885302478882027, "lamda": 0.163263830226906}, "datetime": {"datetime": "2021-09-19 21:31:31", "elapsed": 1148.679576, "delta": 9.182998}}
{"target": 0.8389780768871522, "params": {"C": 173.4986460323661, "epsilon": 6.268576150730028, "gamma": 0.005, "lamda": 5e-06}, "datetime": {"datetime": "2021-09-19 21:31:32", "elapsed": 1149.641578, "delta": 0.962002}}
{"target": -5.372336260872429, "params": {"C": 277.2720240998688, "epsilon": 1.3453572536095049, "gamma": 0.06899702189012634, "lamda": 0.13031506531927137}, "datetime": {"datetime": "2021-09-19 21:31:39", "elapsed": 1156.209576, "delta": 6.567998}}
{"target": 0.871070398353007, "params": {"C": 277.22681312466864, "epsilon": 1.410589743339247, "gamma": 0.1759724890830869, "lamda": 0.06750656662579282}, "datetime": {"datetime": "2021-09-19 21:31:40", "elapsed": 1157.126578, "delta": 0.917002}}
{"target": 0.8979361949392273, "params": {"C": 187.19898042840074, "epsilon": 0.17518607230088487, "gamma": 0.11218418318634829, "lamda": 0.08706504320126277}, "datetime": {"datetime": "2021-09-19 22:01:25", "elapsed": 0.0, "delta": 0.0}}
{"target": -5.479862942747906, "params": {"C": 184.0735604174978, "epsilon": 1.057970980911235, "gamma": 0.044906483637379285, "lamda": 0.1238545739991664}, "datetime": {"datetime": "2021-09-19 22:01:31", "elapsed": 5.363107, "delta": 5.363107}}
{"target": 0.8947969232640647, "params": {"C": 159.9309347349046, "epsilon": 0.8737990977983132, "gamma": 0.1261210973900125, "lamda": 0.10582888971331354}, "datetime": {"datetime": "2021-09-19 22:01:31", "elapsed": 5.622106, "delta": 0.258999}}
{"target": -5.129551504120594, "params": {"C": 126.9159890689867, "epsilon": 1.5893765516706646, "gamma": 0.04096577380114848, "lamda": 0.15706724422818688}, "datetime": {"datetime": "2021-09-19 22:01:37", "elapsed": 11.692432, "delta": 6.070326}}
{"target": 0.8733346224616574, "params": {"C": 270.79505852789777, "epsilon": 1.5332868284075907, "gamma": 0.17007948964470626, "lamda": 0.01593001575633519}, "datetime": {"datetime": "2021-09-19 22:01:37", "elapsed": 11.922433, "delta": 0.230001}}
{"target": -3.489913008484769, "params": {"C": 201.0492180243408, "epsilon": 0.2893308627219465, "gamma": 0.08848385388149095, "lamda": 0.019307086601206853}, "datetime": {"datetime": "2021-09-19 22:01:43", "elapsed": 17.268941, "delta": 5.346508}}
{"target": -4.8898510396682715, "params": {"C": 125.4319943402555, "epsilon": 1.830561396037928, "gamma": 0.04907234011782599, "lamda": 0.021390029916312284}, "datetime": {"datetime": "2021-09-19 22:01:48", "elapsed": 23.016993, "delta": 5.748052}}
{"target": -3.5132837839050755, "params": {"C": 144.06124141411195, "epsilon": 1.114496226509568, "gamma": 0.09621855949354856, "lamda": 0.040349443509766804}, "datetime": {"datetime": "2021-09-19 22:01:55", "elapsed": 29.385926, "delta": 6.368933}}
{"target": -3.450611852078758, "params": {"C": 228.08134504298297, "epsilon": 1.5009025231000799, "gamma": 0.10352116040361709, "lamda": 0.07737914333106075}, "datetime": {"datetime": "2021-09-19 22:02:01", "elapsed": 36.178391, "delta": 6.792465}}
{"target": -5.461860188680793, "params": {"C": 258.7274908883154, "epsilon": 1.7820121187456393, "gamma": 0.036648226707951204, "lamda": 0.14015076856908465}, "datetime": {"datetime": "2021-09-19 22:02:12", "elapsed": 46.452011, "delta": 10.27362}}
{"target": 0.869173255470421, "params": {"C": 292.91021601785104, "epsilon": 1.5500242473936285, "gamma": 0.17845641246949825, "lamda": 0.06832338892056926}, "datetime": {"datetime": "2021-09-19 22:02:12", "elapsed": 46.72998, "delta": 0.277969}}
{"target": -4.156107695191323, "params": {"C": 213.42882552554187, "epsilon": 1.3398832935587193, "gamma": 0.09016571629022581, "lamda": 0.15531206044023507}, "datetime": {"datetime": "2021-09-19 22:02:19", "elapsed": 53.351782, "delta": 6.621802}}
{"target": 0.8947540182111152, "params": {"C": 207.12083469953126, "epsilon": 2.8658524581401132, "gamma": 0.11112059122887992, "lamda": 0.016419902360082686}, "datetime": {"datetime": "2021-09-19 22:02:19", "elapsed": 53.600785, "delta": 0.249003}}
{"target": -4.5360733675113, "params": {"C": 173.26848033500409, "epsilon": 2.567466461613055, "gamma": 0.08422363339435042, "lamda": 0.005441445976604024}, "datetime": {"datetime": "2021-09-19 22:02:28", "elapsed": 62.767509, "delta": 9.166724}}
{"target": 0.8714045606243593, "params": {"C": 149.43544779947067, "epsilon": 0.29471867513716854, "gamma": 0.19880114222714823, "lamda": 0.19411609209512135}, "datetime": {"datetime": "2021-09-19 22:02:28", "elapsed": 63.047508, "delta": 0.279999}}
{"target": 0.8779096452122903, "params": {"C": 260.05167022651733, "epsilon": 1.8452696520758556, "gamma": 0.1541671727880779, "lamda": 0.033845920091389}, "datetime": {"datetime": "2021-09-19 22:02:29", "elapsed": 63.291508, "delta": 0.244}}
{"target": -4.258628966445691, "params": {"C": 158.60464636388795, "epsilon": 1.6197939383710562, "gamma": 0.074541734818938, "lamda": 0.009136747370114764}, "datetime": {"datetime": "2021-09-19 22:02:34", "elapsed": 68.853509, "delta": 5.562001}}
{"target": -2.8938694446330953, "params": {"C": 296.63068907144253, "epsilon": 1.3799292661290556, "gamma": 0.10328008567893476, "lamda": 0.06470893996562224}, "datetime": {"datetime": "2021-09-19 22:02:40", "elapsed": 74.419508, "delta": 5.565999}}
{"target": 0.8790232433536557, "params": {"C": 151.94895054942742, "epsilon": 1.221980667430211, "gamma": 0.16724329542872768, "lamda": 0.1473496745103663}, "datetime": {"datetime": "2021-09-19 22:02:40", "elapsed": 74.662508, "delta": 0.243}}
{"target": 0.8804563435465039, "params": {"C": 175.8421133883275, "epsilon": 0.13775027641419682, "gamma": 0.16049396311135575, "lamda": 0.05387849013046264}, "datetime": {"datetime": "2021-09-19 22:02:40", "elapsed": 74.88751, "delta": 0.225002}}
