{"target": 0.8803840604731838, "params": {"C": 46.15969412852023, "epsilon": 1.3370410137625872, "gamma": 0.13244937168180637, "lamda": 0.6530400566881535}, "datetime": {"datetime": "2021-09-19 15:53:41", "elapsed": 0.0, "delta": 0.0}}
{"target": -2.4505034793234395, "params": {"C": 45.22206812524934, "epsilon": 5.294352673050364, "gamma": 0.08069729510567639, "lamda": 0.9289445224293604}, "datetime": {"datetime": "2021-09-19 15:53:57", "elapsed": 16.431093, "delta": 16.431093}}
{"target": 0.8739858312812524, "params": {"C": 37.97928042047139, "epsilon": 4.4687545763372665, "gamma": 0.14317007491539424, "lamda": 0.7937602272061309}, "datetime": {"datetime": "2021-09-19 15:53:57", "elapsed": 16.89056, "delta": 0.459467}}
{"target": -3.0125283033447996, "params": {"C": 28.074796720696014, "epsilon": 7.676515576454704, "gamma": 0.0776659798470373, "lamda": 1.1780241882102285}, "datetime": {"datetime": "2021-09-19 15:54:14", "elapsed": 33.790956, "delta": 16.900396}}
{"target": 0.8644016315819794, "params": {"C": 71.23851755836932, "epsilon": 7.425078885965061, "gamma": 0.1769842228036202, "lamda": 0.11956025096589058}, "datetime": {"datetime": "2021-09-19 15:54:15", "elapsed": 34.289957, "delta": 0.499001}}
{"target": -1.4690412609430137, "params": {"C": 50.31476540730224, "epsilon": 1.8487245570294153, "gamma": 0.11421834913960843, "lamda": 0.14488672039935277}, "datetime": {"datetime": "2021-09-19 15:54:32", "elapsed": 51.246551, "delta": 16.956594}}
{"target": 0.8977475965343702, "params": {"C": 27.629598302076648, "epsilon": 8.757689016721745, "gamma": 0.08390180009063539, "lamda": 0.16050783189654344}, "datetime": {"datetime": "2021-09-19 15:54:32", "elapsed": 51.645845, "delta": 0.399294}}
{"target": 0.8825647510148845, "params": {"C": 33.21837242423358, "epsilon": 5.54774170504289, "gamma": 0.12016812268734504, "lamda": 0.30269466507482146}, "datetime": {"datetime": "2021-09-19 15:54:33", "elapsed": 52.213844, "delta": 0.567999}}
{"target": -1.384738233068771, "params": {"C": 58.42440351289489, "epsilon": 7.279907862172771, "gamma": 0.12578550800278238, "lamda": 0.5804002874127271}, "datetime": {"datetime": "2021-09-19 15:54:52", "elapsed": 71.639197, "delta": 19.425353}}
{"target": -3.36028028562401, "params": {"C": 67.61824726649462, "epsilon": 8.540054325411486, "gamma": 0.07434478977534709, "lamda": 1.0511584446760736}, "datetime": {"datetime": "2021-09-19 15:55:08", "elapsed": 87.265917, "delta": 15.62672}}
{"target": -2.307615520640117, "params": {"C": 67.79248286229623, "epsilon": 7.660285157985446, "gamma": 0.10595198485585232, "lamda": 1.1804963657959902}, "datetime": {"datetime": "2021-09-19 15:55:23", "elapsed": 102.09855, "delta": 14.832633}}
{"target": 0.8964474861214413, "params": {"C": 27.304823365865484, "epsilon": 9.546302709519848, "gamma": 0.08845051690093259, "lamda": 0.0001}, "datetime": {"datetime": "2021-09-19 15:55:24", "elapsed": 103.197409, "delta": 1.098859}}
{"target": 0.8572668198841946, "params": {"C": 28.59426271337924, "epsilon": 9.688898651210256, "gamma": 0.18063926209720782, "lamda": 0.0001}, "datetime": {"datetime": "2021-09-19 15:55:24", "elapsed": 103.956379, "delta": 0.75897}}
{"target": 0.8911476610554405, "params": {"C": 34.934628003429935, "epsilon": 5.035850191753367, "gamma": 0.1056479942173098, "lamda": 0.6745300212185398}, "datetime": {"datetime": "2021-09-19 15:55:25", "elapsed": 104.918874, "delta": 0.962495}}
{"target": 0.8515558300702291, "params": {"C": 36.676801090249484, "epsilon": 5.5539746577627644, "gamma": 0.2, "lamda": 0.0001}, "datetime": {"datetime": "2021-09-19 15:55:26", "elapsed": 105.82334, "delta": 0.904466}}
{"target": 0.8513459193762879, "params": {"C": 36.32478142036942, "epsilon": 3.549774416635193, "gamma": 0.2, "lamda": 0.0001}, "datetime": {"datetime": "2021-09-19 15:55:27", "elapsed": 106.701823, "delta": 0.878483}}
{"target": 0.8699541844255158, "params": {"C": 33.70272260754945, "epsilon": 3.21108185147276, "gamma": 0.15130606854900341, "lamda": 0.19956783882883308}, "datetime": {"datetime": "2021-09-19 15:55:28", "elapsed": 107.576997, "delta": 0.875174}}
{"target": -1.0677099801515468, "params": {"C": 35.195839535277834, "epsilon": 2.5746478814852116, "gamma": 0.14825752199209688, "lamda": 1.4552631202397663}, "datetime": {"datetime": "2021-09-19 15:55:47", "elapsed": 126.852183, "delta": 19.275186}}
{"target": 0.8954668780193829, "params": {"C": 31.892250755574782, "epsilon": 3.9259261294318013, "gamma": 0.05, "lamda": 0.0001}, "datetime": {"datetime": "2021-09-19 15:55:48", "elapsed": 127.688884, "delta": 0.836701}}
{"target": 0.8510442615260851, "params": {"C": 73.19217233499552, "epsilon": 6.687886745059754, "gamma": 0.2, "lamda": 0.0001}, "datetime": {"datetime": "2021-09-19 15:55:49", "elapsed": 128.513316, "delta": 0.824432}}
{"target": 0.8510906080408396, "params": {"C": 72.9200304865384, "epsilon": 8.887008961347847, "gamma": 0.2, "lamda": 0.0001}, "datetime": {"datetime": "2021-09-19 15:55:50", "elapsed": 129.50406, "delta": 0.990744}}
{"target": -4.190502634653786, "params": {"C": 74.34387831750423, "epsilon": 7.968029088820037, "gamma": 0.05, "lamda": 1.5}, "datetime": {"datetime": "2021-09-19 15:56:07", "elapsed": 146.244951, "delta": 16.740891}}
{"target": -2.168986881110458, "params": {"C": 71.91339234304293, "epsilon": 5.546354732692591, "gamma": 0.07245579254103061, "lamda": 0.2309631047556817}, "datetime": {"datetime": "2021-09-19 15:56:25", "elapsed": 164.758587, "delta": 18.513636}}
{"target": 0.868421910104451, "params": {"C": 33.38962664830349, "epsilon": 4.261626533352211, "gamma": 0.15534853279159316, "lamda": 1.1214032567548768}, "datetime": {"datetime": "2021-09-19 15:56:26", "elapsed": 165.507337, "delta": 0.74875}}
{"target": 0.8516747185159576, "params": {"C": 71.33022833621148, "epsilon": 9.109904217246713, "gamma": 0.2, "lamda": 0.0001}, "datetime": {"datetime": "2021-09-19 15:56:27", "elapsed": 166.339661, "delta": 0.832324}}
{"target": 0.9017172956802804, "params": {"C": 35.14094211267736, "epsilon": 6.8316830301385085, "gamma": 0.07178837730259932, "lamda": 0.05417740929202833}, "datetime": {"datetime": "2021-09-19 15:56:28", "elapsed": 167.168659, "delta": 0.828998}}
{"target": -3.561076735780196, "params": {"C": 36.39461082678776, "epsilon": 6.5624837936721985, "gamma": 0.05, "lamda": 1.5}, "datetime": {"datetime": "2021-09-19 15:56:44", "elapsed": 183.879539, "delta": 16.71088}}
{"target": 0.8507271187760596, "params": {"C": 33.656349981038964, "epsilon": 7.215519411338753, "gamma": 0.2, "lamda": 0.0001}, "datetime": {"datetime": "2021-09-19 15:56:45", "elapsed": 184.559098, "delta": 0.679559}}
{"target": -0.5133905595125403, "params": {"C": 32.16352406240007, "epsilon": 2.7027632952872898, "gamma": 0.2, "lamda": 1.1274366749749405}, "datetime": {"datetime": "2021-09-19 15:57:01", "elapsed": 200.567523, "delta": 16.008425}}
{"target": 0.8515357208509956, "params": {"C": 38.065436899875664, "epsilon": 3.096242792205875, "gamma": 0.2, "lamda": 0.0001}, "datetime": {"datetime": "2021-09-19 15:57:02", "elapsed": 201.37328, "delta": 0.805757}}
{"target": -3.2365459353900494, "params": {"C": 31.616972519176343, "epsilon": 5.3190058015113815, "gamma": 0.05, "lamda": 1.1401554646884748}, "datetime": {"datetime": "2021-09-19 15:57:19", "elapsed": 218.252588, "delta": 16.879308}}
{"target": -2.0280314614714596, "params": {"C": 33.78127317742341, "epsilon": 4.537765892405805, "gamma": 0.06360968426581536, "lamda": 0.16768485928687138}, "datetime": {"datetime": "2021-09-19 15:57:34", "elapsed": 233.652115, "delta": 15.399527}}
{"target": 0.8972949003803303, "params": {"C": 35.02738316263088, "epsilon": 6.9975331276518355, "gamma": 0.0896108530130022, "lamda": 0.0009545918640722874}, "datetime": {"datetime": "2021-09-19 15:57:35", "elapsed": 234.172116, "delta": 0.520001}}
{"target": 0.8661078737928842, "params": {"C": 34.153688132447684, "epsilon": 6.256829626381741, "gamma": 0.16178989180548178, "lamda": 0.4024270786140256}, "datetime": {"datetime": "2021-09-19 15:57:36", "elapsed": 235.001056, "delta": 0.82894}}
{"target": 0.9017905009479358, "params": {"C": 36.925879994735894, "epsilon": 4.47029547118282, "gamma": 0.06954144269177129, "lamda": 0.45088579202305323}, "datetime": {"datetime": "2021-09-19 15:57:36", "elapsed": 235.898969, "delta": 0.897913}}
{"target": 0.8512053729970793, "params": {"C": 72.24226711760467, "epsilon": 7.94811152108981, "gamma": 0.2, "lamda": 0.0001}, "datetime": {"datetime": "2021-09-19 15:57:37", "elapsed": 236.676953, "delta": 0.777984}}
{"target": -0.5926829188523304, "params": {"C": 37.34992911465625, "epsilon": 3.311315662274116, "gamma": 0.1984930746119939, "lamda": 0.8776569105272815}, "datetime": {"datetime": "2021-09-19 15:57:51", "elapsed": 250.529196, "delta": 13.852243}}
{"target": 0.875759900713307, "params": {"C": 35.88499027833672, "epsilon": 4.56121114835602, "gamma": 0.1374977375247435, "lamda": 0.023557757027851848}, "datetime": {"datetime": "2021-09-19 15:57:52", "elapsed": 251.156066, "delta": 0.62687}}
{"target": 0.8962799729802833, "params": {"C": 38.88515099509913, "epsilon": 4.126675708033034, "gamma": 0.05, "lamda": 0.0001}, "datetime": {"datetime": "2021-09-19 15:57:52", "elapsed": 251.949342, "delta": 0.793276}}
{"target": 0.8961199853165415, "params": {"C": 38.06374316303962, "epsilon": 5.274049182055058, "gamma": 0.05, "lamda": 0.0001}, "datetime": {"datetime": "2021-09-19 15:57:53", "elapsed": 252.873999, "delta": 0.924657}}
{"target": 0.8511936857673328, "params": {"C": 72.31155042851206, "epsilon": 10.182032072503684, "gamma": 0.2, "lamda": 0.0001}, "datetime": {"datetime": "2021-09-19 15:57:54", "elapsed": 253.566118, "delta": 0.692119}}
{"target": 0.8512551830649504, "params": {"C": 71.94640867001392, "epsilon": 9.3247394927036, "gamma": 0.2, "lamda": 1.141436150565132}, "datetime": {"datetime": "2021-09-19 15:57:55", "elapsed": 254.26924, "delta": 0.703122}}
{"target": -1.873705399635221, "params": {"C": 71.0245849050963, "epsilon": 8.395808396344165, "gamma": 0.17818224729851673, "lamda": 1.4981315721220847}, "datetime": {"datetime": "2021-09-19 15:58:11", "elapsed": 269.994645, "delta": 15.725405}}
{"target": 0.8517089671670125, "params": {"C": 71.40348585286405, "epsilon": 10.564141539866961, "gamma": 0.2, "lamda": 0.9120684252617888}, "datetime": {"datetime": "2021-09-19 15:58:11", "elapsed": 270.932148, "delta": 0.937503}}
{"target": 0.8511272670617459, "params": {"C": 72.70414259157887, "epsilon": 10.463672528432273, "gamma": 0.2, "lamda": 1.3352158769656053}, "datetime": {"datetime": "2021-09-19 15:58:12", "elapsed": 271.941378, "delta": 1.00923}}
{"target": 0.8520799748295876, "params": {"C": 39.33510933990477, "epsilon": 5.182165798668279, "gamma": 0.2, "lamda": 0.9174198980143219}, "datetime": {"datetime": "2021-09-19 15:58:13", "elapsed": 272.753877, "delta": 0.812499}}
{"target": 0.8728453460385257, "params": {"C": 39.80745712022053, "epsilon": 3.8350392526424377, "gamma": 0.1481597498155493, "lamda": 1.0246390594525026}, "datetime": {"datetime": "2021-09-19 15:58:14", "elapsed": 273.51398, "delta": 0.760103}}
{"target": 0.8519303239373645, "params": {"C": 39.50067867435643, "epsilon": 2.6567211619207707, "gamma": 0.2, "lamda": 0.0001}, "datetime": {"datetime": "2021-09-19 15:58:15", "elapsed": 274.336638, "delta": 0.822658}}
{"target": 0.8981933793062906, "params": {"C": 40.90469300793639, "epsilon": 3.676856318788176, "gamma": 0.0885977188356827, "lamda": 0.09903617836737741}, "datetime": {"datetime": "2021-09-19 15:58:16", "elapsed": 275.331165, "delta": 0.994527}}
{"target": -2.5816198731284965, "params": {"C": 40.65677013046148, "epsilon": 5.045630891221785, "gamma": 0.05744855266558908, "lamda": 0.21807727940670082}, "datetime": {"datetime": "2021-09-19 15:58:32", "elapsed": 290.99549, "delta": 15.664325}}
{"target": -1.4235385762616044, "params": {"C": 40.54366391828874, "epsilon": 2.6405652887623514, "gamma": 0.1044349863291589, "lamda": 0.9668564159642085}, "datetime": {"datetime": "2021-09-19 15:58:46", "elapsed": 305.653814, "delta": 14.658324}}
{"target": -1.0124964149037718, "params": {"C": 38.96611268918641, "epsilon": 4.553090238938622, "gamma": 0.09519155989875855, "lamda": 1.4591031225001159}, "datetime": {"datetime": "2021-09-19 15:58:56", "elapsed": 315.019394, "delta": 9.36558}}
{"target": 0.8567704852051132, "params": {"C": 33.22768957408722, "epsilon": 6.441724800054855, "gamma": 0.18209079458322047, "lamda": 1.0070727255362206}, "datetime": {"datetime": "2021-09-19 15:58:56", "elapsed": 315.899054, "delta": 0.87966}}
{"target": 0.8966345666746092, "params": {"C": 33.97562433080512, "epsilon": 5.49833784948614, "gamma": 0.08936524711129062, "lamda": 1.459910271449877}, "datetime": {"datetime": "2021-09-19 15:58:57", "elapsed": 316.899056, "delta": 1.000002}}
{"target": 0.8511936258533094, "params": {"C": 72.31191915341515, "epsilon": 11.432243232652517, "gamma": 0.2, "lamda": 0.5686390161125424}, "datetime": {"datetime": "2021-09-19 15:58:58", "elapsed": 317.752239, "delta": 0.853183}}
{"target": -2.2326220960723435, "params": {"C": 27.890282055842974, "epsilon": 10.081030655641282, "gamma": 0.2, "lamda": 0.9626515467138982}, "datetime": {"datetime": "2021-09-19 15:59:14", "elapsed": 333.902499, "delta": 16.15026}}
{"target": -2.4111476287391786, "params": {"C": 73.40863620728616, "epsilon": 10.950093576032375, "gamma": 0.05731130141236359, "lamda": 0.21831949670469322}, "datetime": {"datetime": "2021-09-19 15:59:31", "elapsed": 350.907719, "delta": 17.00522}}
{"target": -2.935774699633558, "params": {"C": 71.84191375923277, "epsilon": 11.416469082653233, "gamma": 0.13525388830242982, "lamda": 1.4504486149849884}, "datetime": {"datetime": "2021-09-19 15:59:47", "elapsed": 366.50499, "delta": 15.597271}}
{"target": -0.7663492507333147, "params": {"C": 72.19296320601907, "epsilon": 9.80923823850637, "gamma": 0.13658755798883918, "lamda": 0.6262721396157985}, "datetime": {"datetime": "2021-09-19 15:59:56", "elapsed": 375.975316, "delta": 9.470326}}
{"target": 0.8913745536951816, "params": {"C": 37.58783832589432, "epsilon": 4.234006979492391, "gamma": 0.10511196100930904, "lamda": 0.13016644435239771}, "datetime": {"datetime": "2021-09-19 15:59:57", "elapsed": 376.819071, "delta": 0.843755}}
{"target": -2.761015168382009, "params": {"C": 71.35547602643052, "epsilon": 10.575858157064012, "gamma": 0.13657827721622012, "lamda": 0.9480232679916214}, "datetime": {"datetime": "2021-09-19 16:00:12", "elapsed": 391.458096, "delta": 14.639025}}
{"target": 0.860027818530716, "params": {"C": 27.029915977387518, "epsilon": 6.36306426645719, "gamma": 0.1749184147028761, "lamda": 1.2545023241434425}, "datetime": {"datetime": "2021-09-19 16:00:13", "elapsed": 392.009778, "delta": 0.551682}}
{"target": -0.8794021229212101, "params": {"C": 66.88373465376034, "epsilon": 2.846427820416416, "gamma": 0.17655183294539767, "lamda": 1.0743904839988667}, "datetime": {"datetime": "2021-09-19 16:00:26", "elapsed": 405.152982, "delta": 13.143204}}
{"target": -1.1346664509051774, "params": {"C": 43.25266377466771, "epsilon": 8.540850604432833, "gamma": 0.08547497890077978, "lamda": 0.3509228967393894}, "datetime": {"datetime": "2021-09-19 16:00:35", "elapsed": 414.35231, "delta": 9.199328}}
{"target": -1.5094877338700257, "params": {"C": 62.08177108348527, "epsilon": 3.6205597044833757, "gamma": 0.09495593652111009, "lamda": 0.612277678030129}, "datetime": {"datetime": "2021-09-19 16:00:48", "elapsed": 427.727437, "delta": 13.375127}}
{"target": -0.9543012318414021, "params": {"C": 77.03031360744923, "epsilon": 5.983688576287581, "gamma": 0.17541530719728443, "lamda": 0.6535991085121086}, "datetime": {"datetime": "2021-09-19 16:01:02", "elapsed": 441.587493, "delta": 13.860056}}
{"target": 0.8658776706409139, "params": {"C": 47.217599195692756, "epsilon": 8.566371764442259, "gamma": 0.16777602047301404, "lamda": 0.4994435758455356}, "datetime": {"datetime": "2021-09-19 16:01:03", "elapsed": 442.152037, "delta": 0.564544}}
{"target": 0.8780716304414253, "params": {"C": 32.65592513513297, "epsilon": 3.821710816632597, "gamma": 0.1314064874177554, "lamda": 0.8088254951273474}, "datetime": {"datetime": "2021-09-19 16:01:03", "elapsed": 442.762011, "delta": 0.609974}}
{"target": -1.7193202681874826, "params": {"C": 55.023780715703666, "epsilon": 2.041619671679974, "gamma": 0.07946793957999873, "lamda": 1.3850910760675026}, "datetime": {"datetime": "2021-09-19 16:01:12", "elapsed": 451.390791, "delta": 8.62878}}
{"target": -1.9051741561640663, "params": {"C": 50.302430498655305, "epsilon": 8.380141873164241, "gamma": 0.17027294421596084, "lamda": 0.8457749330150653}, "datetime": {"datetime": "2021-09-19 16:01:27", "elapsed": 466.048246, "delta": 14.657455}}
{"target": -0.8388207189198056, "params": {"C": 36.499036166030585, "epsilon": 1.6974288130332311, "gamma": 0.1479132173916065, "lamda": 1.3992065068726771}, "datetime": {"datetime": "2021-09-19 16:01:43", "elapsed": 482.067979, "delta": 16.019733}}
{"target": -2.2471942652815566, "params": {"C": 68.44365166101952, "epsilon": 12.211826764755465, "gamma": 0.0812431424097668, "lamda": 0.20345637610574674}, "datetime": {"datetime": "2021-09-19 16:01:57", "elapsed": 496.396372, "delta": 14.328393}}
{"target": -3.3304967404152572, "params": {"C": 64.43845917674918, "epsilon": 13.299598517472884, "gamma": 0.14399156982839445, "lamda": 0.6141526687026531}, "datetime": {"datetime": "2021-09-19 16:02:11", "elapsed": 510.366363, "delta": 13.969991}}
{"target": 0.8784855588625782, "params": {"C": 38.27067618963382, "epsilon": 1.0242328232890157, "gamma": 0.1334865416734592, "lamda": 0.528356210306435}, "datetime": {"datetime": "2021-09-19 16:02:12", "elapsed": 511.038249, "delta": 0.671886}}
{"target": -1.0354748311447168, "params": {"C": 73.98252121961491, "epsilon": 3.32154385680476, "gamma": 0.11284627606568765, "lamda": 1.2220430664169615}, "datetime": {"datetime": "2021-09-19 16:02:24", "elapsed": 523.929698, "delta": 12.891449}}
{"target": -2.947399170101684, "params": {"C": 49.7011842848395, "epsilon": 9.00635358581005, "gamma": 0.10150176509428463, "lamda": 1.1861664771187146}, "datetime": {"datetime": "2021-09-19 16:02:39", "elapsed": 538.496313, "delta": 14.566615}}
{"target": 0.8880144036310331, "params": {"C": 30.022007897943077, "epsilon": 7.614711106149566, "gamma": 0.10720669700598254, "lamda": 0.06066969657078842}, "datetime": {"datetime": "2021-09-19 16:02:40", "elapsed": 539.074441, "delta": 0.578128}}
{"target": -4.8668884390105935, "params": {"C": 37.1097838583978, "epsilon": 13.545826716594432, "gamma": 0.07679787910581161, "lamda": 0.8070037931408763}, "datetime": {"datetime": "2021-09-19 16:02:55", "elapsed": 554.10811, "delta": 15.033669}}
{"target": -3.5828654927908676, "params": {"C": 65.69684740956927, "epsilon": 12.24082542909596, "gamma": 0.09442036687627614, "lamda": 0.8608925238075927}, "datetime": {"datetime": "2021-09-19 16:03:09", "elapsed": 568.798663, "delta": 14.690553}}
{"target": -3.7346772463549227, "params": {"C": 32.657384599783306, "epsilon": 10.92662796885224, "gamma": 0.08503226741220968, "lamda": 0.3645817545081841}, "datetime": {"datetime": "2021-09-19 16:03:24", "elapsed": 583.405958, "delta": 14.607295}}
{"target": -2.8050046991552917, "params": {"C": 46.21890030510204, "epsilon": 8.304373878620567, "gamma": 0.09535129306209264, "lamda": 1.2226450494289296}, "datetime": {"datetime": "2021-09-19 16:03:39", "elapsed": 598.063641, "delta": 14.657683}}
{"target": -1.4617064364884014, "params": {"C": 53.24961264153886, "epsilon": 7.414933434143738, "gamma": 0.18751854012733654, "lamda": 1.0311444062839936}, "datetime": {"datetime": "2021-09-19 16:03:48", "elapsed": 607.334462, "delta": 9.270821}}
{"target": -3.144865443817854, "params": {"C": 30.51285825130119, "epsilon": 4.4587381358103375, "gamma": 0.051832588672191475, "lamda": 0.28036012858402526}, "datetime": {"datetime": "2021-09-19 16:04:02", "elapsed": 621.619231, "delta": 14.284769}}
{"target": -3.1215707148540934, "params": {"C": 21.109365664865145, "epsilon": 5.588899449482879, "gamma": 0.05713069435600448, "lamda": 0.787644083408024}, "datetime": {"datetime": "2021-09-19 16:04:18", "elapsed": 637.067981, "delta": 15.44875}}
{"target": 0.8751492142447652, "params": {"C": 41.02586363779835, "epsilon": 3.925644497184538, "gamma": 0.14279957489938772, "lamda": 1.498424772474278}, "datetime": {"datetime": "2021-09-19 16:04:18", "elapsed": 637.725431, "delta": 0.65745}}
{"target": 0.8925825272628584, "params": {"C": 60.22614801485312, "epsilon": 11.163660428540261, "gamma": 0.10402339568820479, "lamda": 0.16322783738633292}, "datetime": {"datetime": "2021-09-19 16:04:19", "elapsed": 638.429167, "delta": 0.703736}}
{"target": -1.4174119473163818, "params": {"C": 66.09704092285048, "epsilon": 5.095181422295492, "gamma": 0.11523640608946892, "lamda": 0.4799905194820128}, "datetime": {"datetime": "2021-09-19 16:04:34", "elapsed": 653.843971, "delta": 15.414804}}
{"target": -2.6409402472609464, "params": {"C": 53.297766832386884, "epsilon": 9.04051814940264, "gamma": 0.10294882460382196, "lamda": 0.8911390843031338}, "datetime": {"datetime": "2021-09-19 16:04:49", "elapsed": 668.441206, "delta": 14.597235}}
{"target": 0.8725097251002472, "params": {"C": 40.56089329676469, "epsilon": 6.016926040198198, "gamma": 0.14902165934533665, "lamda": 1.2347718606199676}, "datetime": {"datetime": "2021-09-19 16:04:50", "elapsed": 669.052607, "delta": 0.611401}}
{"target": 0.86228233880656, "params": {"C": 23.79048870741308, "epsilon": 1.8024117295632676, "gamma": 0.16458470127263097, "lamda": 0.03634009716771999}, "datetime": {"datetime": "2021-09-19 16:04:50", "elapsed": 669.662618, "delta": 0.610011}}
{"target": 0.8509651352912688, "params": {"C": 74.36374459567242, "epsilon": 6.756761159627106, "gamma": 0.1998020821736583, "lamda": 0.2489423619069033}, "datetime": {"datetime": "2021-09-19 16:04:51", "elapsed": 670.271986, "delta": 0.609368}}
