{"target": -5.494075867277521, "params": {"C": 76.38319532558302, "epsilon": 13.996247020523558, "gamma": 0.05165411018808388, "lamda": 0.13179048352624587}, "datetime": {"datetime": "2021-09-20 10:47:06", "elapsed": 167.389856, "delta": 19.766953}}
{"target": -4.894044111780878, "params": {"C": 76.7647878552211, "epsilon": 12.104575936190356, "gamma": 0.04091109563756474, "lamda": 0.15074299454159762}, "datetime": {"datetime": "2021-09-20 10:47:24", "elapsed": 184.806819, "delta": 17.416963}}
{"target": -3.314141702214566, "params": {"C": 75.76079234391969, "epsilon": 12.815316710188155, "gamma": 0.055610404486422876, "lamda": 0.08308137007241596}, "datetime": {"datetime": "2021-09-20 10:47:35", "elapsed": 196.148819, "delta": 11.342}}
{"target": -4.175713920303812, "params": {"C": 76.53344238532391, "epsilon": 12.931702990764464, "gamma": 0.040112368108760024, "lamda": 0.021362741287088847}, "datetime": {"datetime": "2021-09-20 10:47:51", "elapsed": 212.004881, "delta": 15.856062}}
{"target": 0.9052885498780097, "params": {"C": 75.67294422560651, "epsilon": 13.383821615529083, "gamma": 0.06, "lamda": 1e-06}, "datetime": {"datetime": "2021-09-20 10:47:52", "elapsed": 213.045328, "delta": 1.040447}}
{"target": -5.370528837095189, "params": {"C": 75.44243692889879, "epsilon": 13.46128486018641, "gamma": 0.047761430962510926, "lamda": 0.1435455304326635}, "datetime": {"datetime": "2021-09-20 10:48:09", "elapsed": 229.818697, "delta": 16.773369}}
{"target": -4.869102194007219, "params": {"C": 75.75661673179417, "epsilon": 13.514749590593256, "gamma": 0.04733762363115888, "lamda": 0.006218801370926391}, "datetime": {"datetime": "2021-09-20 10:48:19", "elapsed": 240.482545, "delta": 10.663848}}
{"target": -6.324464103814944, "params": {"C": 90.45286487107992, "epsilon": 15.570247299228203, "gamma": 0.04530219127369587, "lamda": 0.1447553841849708}, "datetime": {"datetime": "2021-09-20 10:48:36", "elapsed": 257.129654, "delta": 16.647109}}
{"target": -3.0824657827646744, "params": {"C": 75.77442473959009, "epsilon": 12.822662598240514, "gamma": 0.05614728469076123, "lamda": 0.09312982615321412}, "datetime": {"datetime": "2021-09-20 10:48:47", "elapsed": 268.265727, "delta": 11.136073}}
{"target": -4.533258503193189, "params": {"C": 92.64005070031733, "epsilon": 10.107063589237075, "gamma": 0.04324517825750522, "lamda": 0.016512788441052764}, "datetime": {"datetime": "2021-09-20 10:49:04", "elapsed": 284.821919, "delta": 16.556192}}
{"target": -5.549855798501745, "params": {"C": 75.582018512824, "epsilon": 13.343188661412483, "gamma": 0.052133758886903935, "lamda": 0.10015861455674786}, "datetime": {"datetime": "2021-09-20 10:49:22", "elapsed": 303.538085, "delta": 18.716166}}
{"target": -5.51164094303266, "params": {"C": 91.5287339569029, "epsilon": 12.887585455893534, "gamma": 0.04495080978632437, "lamda": 0.04080776729920095}, "datetime": {"datetime": "2021-09-20 10:49:34", "elapsed": 314.980672, "delta": 11.442587}}
{"target": -5.2654578595432975, "params": {"C": 76.1734271344631, "epsilon": 13.055923543587191, "gamma": 0.05596840884166894, "lamda": 0.18132141999448556}, "datetime": {"datetime": "2021-09-20 10:49:53", "elapsed": 333.702069, "delta": 18.721397}}
{"target": -3.488892994977564, "params": {"C": 75.70206611781606, "epsilon": 13.422814131420179, "gamma": 0.052350761305719286, "lamda": 0.029535719042968804}, "datetime": {"datetime": "2021-09-20 10:50:04", "elapsed": 344.795918, "delta": 11.093849}}
{"target": -5.228221629750624, "params": {"C": 85.30933913848841, "epsilon": 11.935907313723604, "gamma": 0.044695125213559984, "lamda": 0.04930924978178526}, "datetime": {"datetime": "2021-09-20 10:50:21", "elapsed": 361.662066, "delta": 16.866148}}
{"target": -2.5848689001167635, "params": {"C": 69.28542301121787, "epsilon": 11.008831628771599, "gamma": 0.0548509669329399, "lamda": 0.07275554977433793}, "datetime": {"datetime": "2021-09-20 10:50:37", "elapsed": 377.751844, "delta": 16.089778}}
{"target": -2.983171800931403, "params": {"C": 69.39866520980122, "epsilon": 10.966406857705913, "gamma": 0.05689967732376139, "lamda": 0.10147164991494127}, "datetime": {"datetime": "2021-09-20 10:50:54", "elapsed": 395.493921, "delta": 17.742077}}
{"target": -4.788819452748352, "params": {"C": 69.3393233387963, "epsilon": 11.004313499538538, "gamma": 0.04485922010055674, "lamda": 0.034396372112777136}, "datetime": {"datetime": "2021-09-20 10:51:06", "elapsed": 407.363346, "delta": 11.869425}}
{"target": -6.125072234007515, "params": {"C": 67.84564638087349, "epsilon": 14.013790247576795, "gamma": 0.04712504256374515, "lamda": 0.04526370831044487}, "datetime": {"datetime": "2021-09-20 10:51:26", "elapsed": 426.931049, "delta": 19.567703}}
{"target": -7.122095749173349, "params": {"C": 83.51664413430095, "epsilon": 17.6905389216047, "gamma": 0.04045216358090836, "lamda": 0.05500622353621896}, "datetime": {"datetime": "2021-09-20 10:51:38", "elapsed": 438.735791, "delta": 11.804742}}
{"target": -5.073520098549179, "params": {"C": 69.303604368959, "epsilon": 11.05116919974619, "gamma": 0.04936253760037845, "lamda": 0.180151159149511}, "datetime": {"datetime": "2021-09-20 10:51:58", "elapsed": 458.67437, "delta": 19.938579}}
{"target": -2.713244401320168, "params": {"C": 92.91668329298817, "epsilon": 11.125345455762382, "gamma": 0.05429668188993967, "lamda": 0.14965948786085395}, "datetime": {"datetime": "2021-09-20 10:52:09", "elapsed": 470.079711, "delta": 11.405341}}
{"target": -3.9327441830318923, "params": {"C": 75.69801061070345, "epsilon": 13.374780896496901, "gamma": 0.05875224335985786, "lamda": 0.013418970378766902}, "datetime": {"datetime": "2021-09-20 10:52:22", "elapsed": 483.22565, "delta": 13.145939}}
{"target": -7.983202598464331, "params": {"C": 79.3464221193736, "epsilon": 20.680488261686083, "gamma": 0.05666166657625801, "lamda": 0.17561912121132217}, "datetime": {"datetime": "2021-09-20 10:52:43", "elapsed": 504.533488, "delta": 21.307838}}
{"target": -3.6576193188428174, "params": {"C": 75.71452608548219, "epsilon": 13.416875382626898, "gamma": 0.050958691887400404, "lamda": 0.060466299921068244}, "datetime": {"datetime": "2021-09-20 10:52:55", "elapsed": 515.799053, "delta": 11.265565}}
{"target": -7.5650566377639255, "params": {"C": 94.08382174430268, "epsilon": 19.012242827132948, "gamma": 0.043115545313285056, "lamda": 0.038142208384194715}, "datetime": {"datetime": "2021-09-20 10:53:12", "elapsed": 533.482844, "delta": 17.683791}}
{"target": -2.750534448102552, "params": {"C": 92.88566576798384, "epsilon": 11.114560443219736, "gamma": 0.05827377545848609, "lamda": 0.14994100197728172}, "datetime": {"datetime": "2021-09-20 10:53:29", "elapsed": 550.560528, "delta": 17.077684}}
{"target": -2.9849499092305853, "params": {"C": 69.28908316399294, "epsilon": 11.06808599057989, "gamma": 0.058459473378105045, "lamda": 0.06563703271265994}, "datetime": {"datetime": "2021-09-20 10:53:49", "elapsed": 570.225057, "delta": 19.664529}}
{"target": -3.3910422570168848, "params": {"C": 89.56185319254607, "epsilon": 16.142336219478935, "gamma": 0.0489356019381559, "lamda": 0.05976093743601197}, "datetime": {"datetime": "2021-09-20 10:53:58", "elapsed": 579.385786, "delta": 9.160729}}
{"target": -4.591768788041691, "params": {"C": 69.99707360668837, "epsilon": 11.375387097847824, "gamma": 0.054250393674747904, "lamda": 0.179491232983502}, "datetime": {"datetime": "2021-09-20 10:54:15", "elapsed": 596.566318, "delta": 17.180532}}
{"target": -8.250394671632579, "params": {"C": 98.29208001725215, "epsilon": 20.473206993338213, "gamma": 0.043338953281818755, "lamda": 0.15549691236199842}, "datetime": {"datetime": "2021-09-20 10:54:32", "elapsed": 613.30532, "delta": 16.739002}}
{"target": -3.564960291583973, "params": {"C": 89.58533830309008, "epsilon": 16.167335300121504, "gamma": 0.05304438914455843, "lamda": 0.06415220167730687}, "datetime": {"datetime": "2021-09-20 10:54:43", "elapsed": 624.145193, "delta": 10.839873}}
{"target": -5.100400098794164, "params": {"C": 92.87029954665934, "epsilon": 11.195419109013487, "gamma": 0.05003581907024992, "lamda": 0.06631948660534666}, "datetime": {"datetime": "2021-09-20 10:55:01", "elapsed": 642.489895, "delta": 18.344702}}
{"target": -4.857245692668112, "params": {"C": 69.35799574457796, "epsilon": 10.92652604583889, "gamma": 0.042401737373537446, "lamda": 0.09314731464258996}, "datetime": {"datetime": "2021-09-20 10:55:13", "elapsed": 654.419309, "delta": 11.929414}}
{"target": -5.096527734138795, "params": {"C": 85.88311322889845, "epsilon": 11.588239590728843, "gamma": 0.04265177128629428, "lamda": 0.1597715091164161}, "datetime": {"datetime": "2021-09-20 10:55:26", "elapsed": 667.326307, "delta": 12.906998}}
{"target": -5.2070973597884285, "params": {"C": 93.81419578400299, "epsilon": 11.989574001639316, "gamma": 0.04777869280288982, "lamda": 0.0666778011994808}, "datetime": {"datetime": "2021-09-20 10:55:49", "elapsed": 689.682029, "delta": 22.355722}}
{"target": -3.077159808547443, "params": {"C": 75.770696023747, "epsilon": 12.787657708113855, "gamma": 0.05312525850130634, "lamda": 0.056792466266847134}, "datetime": {"datetime": "2021-09-20 10:56:00", "elapsed": 701.424816, "delta": 11.742787}}
{"target": -7.291647987880365, "params": {"C": 91.46109010743062, "epsilon": 18.395373386170824, "gamma": 0.04642899663967568, "lamda": 0.1507888943508508}, "datetime": {"datetime": "2021-09-20 10:56:20", "elapsed": 720.617399, "delta": 19.192583}}
{"target": -4.851880175541756, "params": {"C": 69.37564456668761, "epsilon": 10.969923879146751, "gamma": 0.04001406187926853, "lamda": 0.10806785772119085}, "datetime": {"datetime": "2021-09-20 10:56:31", "elapsed": 732.318365, "delta": 11.700966}}
{"target": -4.4845542660385584, "params": {"C": 70.17384210479057, "epsilon": 11.43886868922845, "gamma": 0.05522754619692466, "lamda": 0.1634550332645893}, "datetime": {"datetime": "2021-09-20 10:56:43", "elapsed": 743.760361, "delta": 11.441996}}
{"target": -6.917642281594397, "params": {"C": 89.65409673157244, "epsilon": 17.20692155444778, "gamma": 0.04948362657099409, "lamda": 0.031361781208181436}, "datetime": {"datetime": "2021-09-20 10:56:55", "elapsed": 755.616775, "delta": 11.856414}}
{"target": -6.206356205349572, "params": {"C": 71.88180366277308, "epsilon": 14.068555209654559, "gamma": 0.04554972703498962, "lamda": 0.05232823457967343}, "datetime": {"datetime": "2021-09-20 10:57:06", "elapsed": 767.130115, "delta": 11.51334}}
{"target": -2.6460459407740884, "params": {"C": 92.95175748004665, "epsilon": 11.081162107772393, "gamma": 0.05902610806189794, "lamda": 0.18434356355961415}, "datetime": {"datetime": "2021-09-20 10:57:23", "elapsed": 783.611305, "delta": 16.48119}}
{"target": -4.736207548007984, "params": {"C": 69.41212954296468, "epsilon": 10.999240618290294, "gamma": 0.05001845498390503, "lamda": 0.10086956434822626}, "datetime": {"datetime": "2021-09-20 10:57:41", "elapsed": 801.981449, "delta": 18.370144}}
{"target": -5.31940562406344, "params": {"C": 76.24672047984113, "epsilon": 13.182030730531078, "gamma": 0.046283660756198886, "lamda": 0.07192701695136765}, "datetime": {"datetime": "2021-09-20 10:57:58", "elapsed": 819.324193, "delta": 17.342744}}
{"target": -4.2877868284410905, "params": {"C": 92.93489514196202, "epsilon": 11.147618664647482, "gamma": 0.042659539090630305, "lamda": 0.11321406024913379}, "datetime": {"datetime": "2021-09-20 10:58:08", "elapsed": 829.467467, "delta": 10.143274}}
{"target": -4.68520485041833, "params": {"C": 83.86509323198433, "epsilon": 14.686196472445813, "gamma": 0.041329283776244924, "lamda": 0.024079205748475066}, "datetime": {"datetime": "2021-09-20 10:58:19", "elapsed": 840.380046, "delta": 10.912579}}
{"target": -2.7001097462794412, "params": {"C": 72.74703126629646, "epsilon": 10.633386516529914, "gamma": 0.05576616668639196, "lamda": 0.10031395827362508}, "datetime": {"datetime": "2021-09-20 10:58:36", "elapsed": 857.447318, "delta": 17.067272}}
{"target": -2.7453155401395666, "params": {"C": 86.99940378515532, "epsilon": 13.913612276890863, "gamma": 0.058114405605613484, "lamda": 0.1523688023361852}, "datetime": {"datetime": "2021-09-20 10:58:56", "elapsed": 877.098364, "delta": 19.651046}}
{"target": -5.472323142341149, "params": {"C": 76.18317769313977, "epsilon": 13.204575550400724, "gamma": 0.051186446680657, "lamda": 0.13369739807578165}, "datetime": {"datetime": "2021-09-20 10:59:12", "elapsed": 893.305875, "delta": 16.207511}}
{"target": -5.85183362714755, "params": {"C": 69.98361905385292, "epsilon": 14.950520861345098, "gamma": 0.056655788627050147, "lamda": 0.167264957881435}, "datetime": {"datetime": "2021-09-20 10:59:30", "elapsed": 910.732879, "delta": 17.427004}}
{"target": -3.07177387315481, "params": {"C": 69.29943153071214, "epsilon": 11.00098754316671, "gamma": 0.051511451656014305, "lamda": 0.09120481823965099}, "datetime": {"datetime": "2021-09-20 10:59:40", "elapsed": 921.314199, "delta": 10.58132}}
{"target": -6.999774592520572, "params": {"C": 79.17650947231171, "epsilon": 16.960785173322613, "gamma": 0.044729997186770634, "lamda": 0.04678027096805197}, "datetime": {"datetime": "2021-09-20 10:59:52", "elapsed": 933.485824, "delta": 12.171625}}
{"target": -3.9876093890633033, "params": {"C": 69.32997175077061, "epsilon": 11.053999157860734, "gamma": 0.054091308679798764, "lamda": 0.033612996651801334}, "datetime": {"datetime": "2021-09-20 11:00:03", "elapsed": 944.125826, "delta": 10.640002}}
{"target": -3.4434561351568727, "params": {"C": 98.3171777108879, "epsilon": 14.600327916573152, "gamma": 0.056722040959637926, "lamda": 0.08713958804141156}, "datetime": {"datetime": "2021-09-20 11:00:12", "elapsed": 953.472413, "delta": 9.346587}}
{"target": -3.292986557176137, "params": {"C": 81.42330621089256, "epsilon": 16.98434316717747, "gamma": 0.055703469396401875, "lamda": 0.06658424943364977}, "datetime": {"datetime": "2021-09-20 11:00:27", "elapsed": 968.334412, "delta": 14.861999}}
{"target": -4.7870745391315825, "params": {"C": 70.15749761181048, "epsilon": 11.406966990081727, "gamma": 0.04718145368086007, "lamda": 0.16459872638549605}, "datetime": {"datetime": "2021-09-20 11:00:46", "elapsed": 987.133608, "delta": 18.799196}}
{"target": -4.759996690254318, "params": {"C": 85.84680907223208, "epsilon": 10.961495081550746, "gamma": 0.0439290586106665, "lamda": 0.1846778652726345}, "datetime": {"datetime": "2021-09-20 11:01:06", "elapsed": 1007.522353, "delta": 20.388745}}
{"target": -3.096015098266177, "params": {"C": 83.17137728257134, "epsilon": 16.812438652151606, "gamma": 0.05603639256212811, "lamda": 0.11276461152615512}, "datetime": {"datetime": "2021-09-20 11:01:25", "elapsed": 1025.772804, "delta": 18.250451}}
{"target": -4.390648673285526, "params": {"C": 76.48952704964935, "epsilon": 12.932594096805836, "gamma": 0.040755597706023855, "lamda": 0.06124053817865233}, "datetime": {"datetime": "2021-09-20 11:01:37", "elapsed": 1037.89729, "delta": 12.124486}}
{"target": -8.319549178460191, "params": {"C": 93.45140260791106, "epsilon": 20.349378552081966, "gamma": 0.04416575232130224, "lamda": 0.027116855633557736}, "datetime": {"datetime": "2021-09-20 11:01:55", "elapsed": 1056.519462, "delta": 18.622172}}
{"target": -4.534826232928789, "params": {"C": 72.79299736347109, "epsilon": 10.599443681575046, "gamma": 0.04536628284744823, "lamda": 0.09202830548038196}, "datetime": {"datetime": "2021-09-20 11:02:12", "elapsed": 1073.483329, "delta": 16.963867}}
{"target": -3.4152143406252886, "params": {"C": 76.35338317412584, "epsilon": 10.022368759959091, "gamma": 0.051131538889794555, "lamda": 0.07043950510372472}, "datetime": {"datetime": "2021-09-20 11:02:24", "elapsed": 1084.69119, "delta": 11.207861}}
{"target": -4.777680989958275, "params": {"C": 72.68012892462484, "epsilon": 10.604988329383612, "gamma": 0.049340312562020316, "lamda": 0.037184078548451634}, "datetime": {"datetime": "2021-09-20 11:02:35", "elapsed": 1096.285272, "delta": 11.594082}}
{"target": -6.661162259982884, "params": {"C": 82.83067109474239, "epsilon": 17.39048023305543, "gamma": 0.04686690201257128, "lamda": 0.15815294970149066}, "datetime": {"datetime": "2021-09-20 11:02:57", "elapsed": 1118.082532, "delta": 21.79726}}
{"target": -6.282296507497225, "params": {"C": 71.67913780883441, "epsilon": 16.10588717490729, "gamma": 0.04762755960079767, "lamda": 0.008077457593480306}, "datetime": {"datetime": "2021-09-20 11:03:10", "elapsed": 1131.306035, "delta": 13.223503}}
{"target": -9.000670412746233, "params": {"C": 75.69554418642542, "epsilon": 21.580763123010243, "gamma": 0.043573050547441546, "lamda": 0.10759480740341498}, "datetime": {"datetime": "2021-09-20 11:03:30", "elapsed": 1151.45061, "delta": 20.144575}}
{"target": -8.278220720284038, "params": {"C": 91.89488019875591, "epsilon": 20.37614654993473, "gamma": 0.045922715583503484, "lamda": 0.11478041460697029}, "datetime": {"datetime": "2021-09-20 11:03:48", "elapsed": 1169.196484, "delta": 17.745874}}
{"target": -7.217359884677522, "params": {"C": 73.17251793987721, "epsilon": 19.163041202017453, "gamma": 0.04467096898829462, "lamda": 0.048601564317542714}, "datetime": {"datetime": "2021-09-20 11:04:05", "elapsed": 1185.858007, "delta": 16.661523}}
{"target": -5.4438571403432485, "params": {"C": 87.00171948268559, "epsilon": 13.921759267456348, "gamma": 0.052363638457395285, "lamda": 0.19109924893385483}, "datetime": {"datetime": "2021-09-20 11:04:22", "elapsed": 1203.059552, "delta": 17.201545}}
{"target": -2.049245301919731, "params": {"C": 84.84144716353869, "epsilon": 15.92147701613268, "gamma": 0.058335805350311534, "lamda": 0.1374820655459647}, "datetime": {"datetime": "2021-09-20 11:04:32", "elapsed": 1212.803203, "delta": 9.743651}}
{"target": -4.258367029972293, "params": {"C": 71.957286342404, "epsilon": 13.192681356132619, "gamma": 0.040244345156292195, "lamda": 0.03737132165922826}, "datetime": {"datetime": "2021-09-20 11:04:42", "elapsed": 1223.247915, "delta": 10.444712}}
{"target": -5.262325411154456, "params": {"C": 76.48599034294608, "epsilon": 12.903066841048112, "gamma": 0.04650891991591152, "lamda": 0.06749133223593529}, "datetime": {"datetime": "2021-09-20 11:05:01", "elapsed": 1241.614252, "delta": 18.366337}}
{"target": -6.39586874380267, "params": {"C": 83.15494431176289, "epsilon": 16.768176951198576, "gamma": 0.05350292459424034, "lamda": 0.12017947016543737}, "datetime": {"datetime": "2021-09-20 11:05:12", "elapsed": 1252.857344, "delta": 11.243092}}
{"target": -7.916981875154422, "params": {"C": 88.79481720841677, "epsilon": 19.381840395575626, "gamma": 0.04720311942509397, "lamda": 0.02175271968093153}, "datetime": {"datetime": "2021-09-20 11:05:23", "elapsed": 1264.195599, "delta": 11.338255}}
{"target": -6.586822594360378, "params": {"C": 89.59255922449059, "epsilon": 16.154986639737643, "gamma": 0.0450587142440177, "lamda": 0.022403857133741163}, "datetime": {"datetime": "2021-09-20 11:05:41", "elapsed": 1282.121683, "delta": 17.926084}}
{"target": -3.2246237238852284, "params": {"C": 69.30209427883773, "epsilon": 11.03595408343672, "gamma": 0.05648570872612151, "lamda": 0.07702493468810591}, "datetime": {"datetime": "2021-09-20 11:05:57", "elapsed": 1297.5805, "delta": 15.458817}}
{"target": -3.3680276018572872, "params": {"C": 75.68791134729514, "epsilon": 13.398115524332376, "gamma": 0.04296591613064112, "lamda": 0.0005670672778363815}, "datetime": {"datetime": "2021-09-20 11:06:07", "elapsed": 1308.056614, "delta": 10.476114}}
{"target": 0.9076441081481744, "params": {"C": 68.1479436008674, "epsilon": 10.740687750366092, "gamma": 0.05527796016968413, "lamda": 0.0048333109496945335}, "datetime": {"datetime": "2021-09-20 11:06:08", "elapsed": 1308.769702, "delta": 0.713088}}
{"target": -4.096721222802342, "params": {"C": 69.25129583740542, "epsilon": 11.058437594553833, "gamma": 0.04992668831755415, "lamda": 0.015809374746405428}, "datetime": {"datetime": "2021-09-20 11:06:20", "elapsed": 1321.296962, "delta": 12.52726}}
{"target": 0.9076494142801261, "params": {"C": 66.00034512828742, "epsilon": 17.055445945804173, "gamma": 0.0570692383722045, "lamda": 0.024416552240279114}, "datetime": {"datetime": "2021-09-20 11:06:21", "elapsed": 1322.236226, "delta": 0.939264}}
{"target": -6.33413429918343, "params": {"C": 84.85363439618263, "epsilon": 15.981340070772166, "gamma": 0.048564583336195025, "lamda": 0.1284746801547236}, "datetime": {"datetime": "2021-09-20 11:06:40", "elapsed": 1340.781663, "delta": 18.545437}}
{"target": -5.04683204668959, "params": {"C": 72.73718501541451, "epsilon": 10.622163415682314, "gamma": 0.04142948690875606, "lamda": 0.12482901415294691}, "datetime": {"datetime": "2021-09-20 11:06:52", "elapsed": 1352.974441, "delta": 12.192778}}
{"target": -3.326239709352289, "params": {"C": 98.30495506889275, "epsilon": 14.551703287092117, "gamma": 0.056437553339270495, "lamda": 0.08365158141456981}, "datetime": {"datetime": "2021-09-20 11:07:02", "elapsed": 1363.478228, "delta": 10.503787}}
{"target": -4.538815480959118, "params": {"C": 66.00251206234212, "epsilon": 17.069411254180125, "gamma": 0.05044636886876515, "lamda": 0.03043815104564738}, "datetime": {"datetime": "2021-09-20 11:07:14", "elapsed": 1375.503251, "delta": 12.025023}}
{"target": -3.349513193014297, "params": {"C": 71.93333803915908, "epsilon": 13.19016215455572, "gamma": 0.057606755402788576, "lamda": 0.05917445358080407}, "datetime": {"datetime": "2021-09-20 11:07:30", "elapsed": 1391.158971, "delta": 15.65572}}
{"target": -7.124402818764857, "params": {"C": 93.55450167973974, "epsilon": 19.60130547744739, "gamma": 0.05887859040208537, "lamda": 0.17680161178711934}, "datetime": {"datetime": "2021-09-20 11:07:40", "elapsed": 1401.121713, "delta": 9.962742}}
{"target": -6.252779880081388, "params": {"C": 89.574382479516, "epsilon": 16.110543229103556, "gamma": 0.05230320650523849, "lamda": 0.07996922657395361}, "datetime": {"datetime": "2021-09-20 11:07:59", "elapsed": 1420.521364, "delta": 9.675715}}
