{"target": -12.321211622267892, "params": {"C": 96.51611668632577, "epsilon": 28.34745884830506, "gamma": 0.05404561003044136, "lamda": 0.525137965699341}, "datetime": {"datetime": "2021-09-19 20:09:11", "elapsed": 1004.636493, "delta": 15.138119}}
{"target": -5.243199209107261, "params": {"C": 77.74692755821799, "epsilon": 15.53527257972089, "gamma": 0.06389929516416186, "lamda": 0.44871162541156695}, "datetime": {"datetime": "2021-09-19 20:09:26", "elapsed": 1019.901222, "delta": 15.264729}}
{"target": -7.311322425474447, "params": {"C": 84.4137994106845, "epsilon": 20.032080871475785, "gamma": 0.07646076282891433, "lamda": 0.653354946400129}, "datetime": {"datetime": "2021-09-19 20:09:40", "elapsed": 1033.984507, "delta": 14.083285}}
{"target": -7.863203073693008, "params": {"C": 80.66286490904116, "epsilon": 22.521820637936557, "gamma": 0.08132496317034141, "lamda": 1.1649781197660392}, "datetime": {"datetime": "2021-09-19 20:09:54", "elapsed": 1047.50762, "delta": 13.523113}}
{"target": -8.951403161571427, "params": {"C": 67.73022530030813, "epsilon": 23.71670069986438, "gamma": 0.07696681288413827, "lamda": 0.6215276184319019}, "datetime": {"datetime": "2021-09-19 20:10:07", "elapsed": 1061.056414, "delta": 13.548794}}
{"target": -6.4323526555939825, "params": {"C": 83.59789971632391, "epsilon": 16.200072469929324, "gamma": 0.05901317247921602, "lamda": 0.33590987115864984}, "datetime": {"datetime": "2021-09-19 20:10:21", "elapsed": 1074.790862, "delta": 13.734448}}
{"target": -5.747760506554064, "params": {"C": 78.9399524591426, "epsilon": 13.957367997057135, "gamma": 0.05738589057535561, "lamda": 1.4979483617457008}, "datetime": {"datetime": "2021-09-19 20:10:35", "elapsed": 1088.851428, "delta": 14.060566}}
{"target": -5.184542270419351, "params": {"C": 97.9958911468858, "epsilon": 12.975689730044135, "gamma": 0.05467062756863769, "lamda": 1.1990824653036456}, "datetime": {"datetime": "2021-09-19 20:10:43", "elapsed": 1096.184806, "delta": 7.333378}}
{"target": -6.360531019674698, "params": {"C": 82.62890240846014, "epsilon": 18.709572609670385, "gamma": 0.07498676109937948, "lamda": 0.4205397846050497}, "datetime": {"datetime": "2021-09-19 20:10:52", "elapsed": 1105.844687, "delta": 9.659881}}
{"target": -7.945051074266905, "params": {"C": 74.0621631707181, "epsilon": 22.237134230077114, "gamma": 0.0884973125975157, "lamda": 0.9573612423525256}, "datetime": {"datetime": "2021-09-19 20:11:07", "elapsed": 1120.255453, "delta": 14.410766}}
{"target": -9.49490969320678, "params": {"C": 66.52874008013978, "epsilon": 23.85809281473908, "gamma": 0.05692635490093131, "lamda": 0.6583935608288791}, "datetime": {"datetime": "2021-09-19 20:11:23", "elapsed": 1136.179701, "delta": 15.924248}}
{"target": -11.010544583167087, "params": {"C": 87.2098927706927, "epsilon": 26.31587703797655, "gamma": 0.05304351676492567, "lamda": 0.6631106482305281}, "datetime": {"datetime": "2021-09-19 20:11:39", "elapsed": 1152.447744, "delta": 16.268043}}
{"target": -4.5602664297284035, "params": {"C": 74.6216173388481, "epsilon": 14.086485375011002, "gamma": 0.0826509532528992, "lamda": 0.8291386715020455}, "datetime": {"datetime": "2021-09-19 20:11:56", "elapsed": 1169.780639, "delta": 17.332895}}
{"target": -5.099320274073895, "params": {"C": 83.86580763967629, "epsilon": 15.974294928656374, "gamma": 0.09796570287050704, "lamda": 0.7241870352011118}, "datetime": {"datetime": "2021-09-19 20:12:14", "elapsed": 1187.854719, "delta": 18.07408}}
{"target": -8.488270996166825, "params": {"C": 79.56556650878014, "epsilon": 22.840170567319426, "gamma": 0.07065934346892949, "lamda": 0.9537830597506374}, "datetime": {"datetime": "2021-09-19 20:12:31", "elapsed": 1204.88376, "delta": 17.029041}}
{"target": -4.6146694891377305, "params": {"C": 76.45712022341279, "epsilon": 14.775746842266653, "gamma": 0.08837994701726753, "lamda": 0.5159258736105429}, "datetime": {"datetime": "2021-09-19 20:12:48", "elapsed": 1221.27952, "delta": 16.39576}}
{"target": -11.378656341768348, "params": {"C": 90.96521436495979, "epsilon": 27.795353076158975, "gamma": 0.08588479589098069, "lamda": 1.2408289246430697}, "datetime": {"datetime": "2021-09-19 20:13:04", "elapsed": 1237.722541, "delta": 16.443021}}
{"target": -9.879562951171957, "params": {"C": 97.62925482748388, "epsilon": 26.53999931601335, "gamma": 0.09157838403250569, "lamda": 0.34970559332971735}, "datetime": {"datetime": "2021-09-19 20:13:20", "elapsed": 1253.894239, "delta": 16.171698}}
{"target": -8.539788630349538, "params": {"C": 81.11084970765525, "epsilon": 22.81125690968928, "gamma": 0.06277739725073817, "lamda": 1.0542733191325702}, "datetime": {"datetime": "2021-09-19 20:13:37", "elapsed": 1270.184717, "delta": 16.290478}}
{"target": -3.8123913481540193, "params": {"C": 98.88968729438415, "epsilon": 11.001140983492094, "gamma": 0.0784878494312282, "lamda": 0.8588965834113604}, "datetime": {"datetime": "2021-09-19 20:13:48", "elapsed": 1281.250885, "delta": 11.066168}}
{"target": -4.50307877038083, "params": {"C": 88.6409735793773, "epsilon": 13.295908076326308, "gamma": 0.06745675840289288, "lamda": 1.054804936898651}, "datetime": {"datetime": "2021-09-19 20:14:05", "elapsed": 1298.242569, "delta": 16.991684}}
{"target": -12.253958592125569, "params": {"C": 98.11105542904545, "epsilon": 28.59925694883897, "gamma": 0.053463877429147016, "lamda": 0.433499759302723}, "datetime": {"datetime": "2021-09-19 20:14:21", "elapsed": 1314.609953, "delta": 16.367384}}
{"target": -5.610392635005031, "params": {"C": 68.99260206415543, "epsilon": 13.409644438547394, "gamma": 0.05914862714768317, "lamda": 1.0222078266094494}, "datetime": {"datetime": "2021-09-19 20:14:38", "elapsed": 1331.280495, "delta": 16.670542}}
{"target": -1.1725812892582876, "params": {"C": 78.1371588228096, "epsilon": 15.490442584541961, "gamma": 0.09388326248197482, "lamda": 0.047239995008072126}, "datetime": {"datetime": "2021-09-19 20:14:47", "elapsed": 1340.393494, "delta": 9.112999}}
{"target": -9.456489584519364, "params": {"C": 91.48393367806325, "epsilon": 23.262250384377452, "gamma": 0.05116337098201719, "lamda": 0.1824909790822805}, "datetime": {"datetime": "2021-09-19 20:15:02", "elapsed": 1356.000497, "delta": 15.607003}}
{"target": -7.215744379407045, "params": {"C": 72.24290433532072, "epsilon": 20.29228202736358, "gamma": 0.06919587551600737, "lamda": 0.2523273456250884}, "datetime": {"datetime": "2021-09-19 20:15:19", "elapsed": 1372.348499, "delta": 16.348002}}
{"target": -5.323108415045472, "params": {"C": 70.38917094550318, "epsilon": 13.288962738159318, "gamma": 0.05691300643277385, "lamda": 1.0205570609882608}, "datetime": {"datetime": "2021-09-19 20:15:35", "elapsed": 1388.745495, "delta": 16.396996}}
{"target": -3.234591233116711, "params": {"C": 79.57281403435897, "epsilon": 25.631753376846493, "gamma": 0.0979173655659311, "lamda": 0.14169196829190708}, "datetime": {"datetime": "2021-09-19 20:15:49", "elapsed": 1402.594494, "delta": 13.848999}}
{"target": -6.743155093269748, "params": {"C": 71.57556603158288, "epsilon": 20.153837808733137, "gamma": 0.09152573296768152, "lamda": 0.7969285764492298}, "datetime": {"datetime": "2021-09-19 20:16:04", "elapsed": 1417.428497, "delta": 14.834003}}
{"target": -7.1910127243129125, "params": {"C": 84.78322385515995, "epsilon": 18.262204195227078, "gamma": 0.05238928558316341, "lamda": 0.6911364337104446}, "datetime": {"datetime": "2021-09-19 20:16:19", "elapsed": 1432.579496, "delta": 15.150999}}
{"target": -2.9932008517168858, "params": {"C": 97.42840451130787, "epsilon": 18.132543034615317, "gamma": 0.08374232872202618, "lamda": 0.025221283687520905}, "datetime": {"datetime": "2021-09-19 20:16:33", "elapsed": 1446.502496, "delta": 13.923}}
{"target": -1.0089550894908283, "params": {"C": 95.354068104972, "epsilon": 14.071390366678308, "gamma": 0.09524070922401585, "lamda": 0.042326764904670425}, "datetime": {"datetime": "2021-09-19 20:16:42", "elapsed": 1456.108494, "delta": 9.605998}}
{"target": -1.1488750996807173, "params": {"C": 79.33923583372521, "epsilon": 25.372098714318728, "gamma": 0.09944001678762097, "lamda": 0.038161768837984486}, "datetime": {"datetime": "2021-09-19 20:16:52", "elapsed": 1465.589495, "delta": 9.481001}}
{"target": -1.259819320559243, "params": {"C": 92.43122575405988, "epsilon": 11.534669308428436, "gamma": 0.09408569460787103, "lamda": 0.13267421295230186}, "datetime": {"datetime": "2021-09-19 20:17:02", "elapsed": 1475.52364, "delta": 9.934145}}
{"target": -2.5572208896786175, "params": {"C": 88.15905379458741, "epsilon": 15.539282163191485, "gamma": 0.09033616666969867, "lamda": 0.30608444788944456}, "datetime": {"datetime": "2021-09-19 20:17:16", "elapsed": 1489.380909, "delta": 13.857269}}
{"target": -10.52361125042273, "params": {"C": 98.8991924473219, "epsilon": 25.342058729850727, "gamma": 0.052523951535532555, "lamda": 0.048185799795731794}, "datetime": {"datetime": "2021-09-19 20:17:25", "elapsed": 1498.71891, "delta": 9.338001}}
{"target": -5.753926734959801, "params": {"C": 71.347839621772, "epsilon": 22.228660392353603, "gamma": 0.05766658075478215, "lamda": 0.007061477668413235}, "datetime": {"datetime": "2021-09-19 20:17:34", "elapsed": 1508.122912, "delta": 9.404002}}
{"target": -1.3788750715674412, "params": {"C": 94.82612427914161, "epsilon": 11.901664952944015, "gamma": 0.0953967030383753, "lamda": 0.569433163371675}, "datetime": {"datetime": "2021-09-19 20:17:44", "elapsed": 1517.79691, "delta": 9.673998}}
{"target": 0.9013305818700169, "params": {"C": 97.73493815862429, "epsilon": 15.288150598918701, "gamma": 0.09357096314195658, "lamda": 0.01868057396056342}, "datetime": {"datetime": "2021-09-19 20:17:45", "elapsed": 1518.846909, "delta": 1.049999}}
{"target": -4.408142549157013, "params": {"C": 78.81067392586681, "epsilon": 11.884355579833388, "gamma": 0.06460647917833695, "lamda": 1.0397944835810802}, "datetime": {"datetime": "2021-09-19 20:18:00", "elapsed": 1533.87291, "delta": 15.026001}}
{"target": -3.682447229631024, "params": {"C": 97.62765531843436, "epsilon": 18.110636935539237, "gamma": 0.07038621627137369, "lamda": 0.12334999990634878}, "datetime": {"datetime": "2021-09-19 20:18:16", "elapsed": 1549.256906, "delta": 15.383996}}
{"target": -1.0699705723163455, "params": {"C": 97.5892772074528, "epsilon": 15.407385198705144, "gamma": 0.09720225346020636, "lamda": 0.029359468235895723}, "datetime": {"datetime": "2021-09-19 20:18:26", "elapsed": 1559.855765, "delta": 10.598859}}
{"target": -9.053688721731131, "params": {"C": 84.59116375154758, "epsilon": 24.290919945484248, "gamma": 0.08408164383657804, "lamda": 1.451926838065295}, "datetime": {"datetime": "2021-09-19 20:18:42", "elapsed": 1575.707643, "delta": 15.851878}}
{"target": -12.59125676268094, "params": {"C": 69.8382574278848, "epsilon": 28.451778101298824, "gamma": 0.05232167863502819, "lamda": 0.5984949587168167}, "datetime": {"datetime": "2021-09-19 20:18:57", "elapsed": 1591.112684, "delta": 15.405041}}
{"target": -6.471263020401244, "params": {"C": 69.95842592795059, "epsilon": 18.93508702772283, "gamma": 0.07764782592133314, "lamda": 1.1319133676008322}, "datetime": {"datetime": "2021-09-19 20:19:13", "elapsed": 1606.628215, "delta": 15.515531}}
{"target": 0.8964743658319507, "params": {"C": 71.48186058491001, "epsilon": 20.135747925415, "gamma": 0.09640746069824613, "lamda": 0.07083597788499492}, "datetime": {"datetime": "2021-09-19 20:19:14", "elapsed": 1607.54195, "delta": 0.913735}}
{"target": -1.2444386705198363, "params": {"C": 97.6578450934782, "epsilon": 15.196601573491607, "gamma": 0.09754531570705824, "lamda": 0.1957237295504061}, "datetime": {"datetime": "2021-09-19 20:19:23", "elapsed": 1617.119054, "delta": 9.577104}}
{"target": 0.899232242538037, "params": {"C": 84.78216695581834, "epsilon": 25.808745377812304, "gamma": 0.07553518896494067, "lamda": 5e-05}, "datetime": {"datetime": "2021-09-19 20:19:25", "elapsed": 1618.352424, "delta": 1.23337}}
{"target": -8.13839484149693, "params": {"C": 78.46042185176128, "epsilon": 21.64425528340767, "gamma": 0.0735611613142204, "lamda": 1.2970119876426685}, "datetime": {"datetime": "2021-09-19 20:19:40", "elapsed": 1633.659402, "delta": 15.306978}}
{"target": -1.2316853924703337, "params": {"C": 84.92332966935717, "epsilon": 25.35593533187145, "gamma": 0.08982684889026511, "lamda": 0.036815030984148234}, "datetime": {"datetime": "2021-09-19 20:19:50", "elapsed": 1643.13013, "delta": 9.470728}}
{"target": -1.5414187790717646, "params": {"C": 85.21501734776224, "epsilon": 25.44821952913769, "gamma": 0.09303413448493202, "lamda": 0.04101364948638142}, "datetime": {"datetime": "2021-09-19 20:20:00", "elapsed": 1653.148167, "delta": 10.018037}}
{"target": -6.2776183863063, "params": {"C": 71.15733244712311, "epsilon": 19.176497593982056, "gamma": 0.08141232131057041, "lamda": 1.404233148656731}, "datetime": {"datetime": "2021-09-19 20:20:15", "elapsed": 1668.310164, "delta": 15.161997}}
{"target": -6.224494768321613, "params": {"C": 78.61904586722679, "epsilon": 19.949962687936022, "gamma": 0.09705903792005198, "lamda": 1.2244810227698075}, "datetime": {"datetime": "2021-09-19 20:20:30", "elapsed": 1683.477165, "delta": 15.167001}}
{"target": 0.903510479727136, "params": {"C": 71.6156963399462, "epsilon": 19.942856748245262, "gamma": 0.05, "lamda": 5e-05}, "datetime": {"datetime": "2021-09-19 20:20:31", "elapsed": 1684.678167, "delta": 1.201002}}
{"target": -8.952774332226367, "params": {"C": 84.63818909240936, "epsilon": 25.317156487220473, "gamma": 0.09054173068579444, "lamda": 0.23314510923189816}, "datetime": {"datetime": "2021-09-19 20:20:41", "elapsed": 1694.815169, "delta": 10.137002}}
{"target": -6.792107988465988, "params": {"C": 71.69542371914558, "epsilon": 19.870882707226748, "gamma": 0.07544816023448622, "lamda": 0.18258330870386397}, "datetime": {"datetime": "2021-09-19 20:20:51", "elapsed": 1704.671167, "delta": 9.855998}}
{"target": 0.9068441194366963, "params": {"C": 85.33006727270421, "epsilon": 25.19063347457476, "gamma": 0.05, "lamda": 5e-05}, "datetime": {"datetime": "2021-09-19 20:20:52", "elapsed": 1706.101165, "delta": 1.429998}}
{"target": -10.080736587444415, "params": {"C": 84.73933015348757, "epsilon": 25.89199598947102, "gamma": 0.06684245024472402, "lamda": 0.1788519460230493}, "datetime": {"datetime": "2021-09-19 20:21:08", "elapsed": 1721.716165, "delta": 15.615}}
{"target": -2.7804028122025306, "params": {"C": 97.72873820034206, "epsilon": 15.083173008619816, "gamma": 0.08208853273558964, "lamda": 0.030103535093833598}, "datetime": {"datetime": "2021-09-19 20:21:21", "elapsed": 1734.297165, "delta": 12.581}}
{"target": -1.247893265132351, "params": {"C": 78.40131402550993, "epsilon": 27.7384681035554, "gamma": 0.09818697451473268, "lamda": 0.12504605644310332}, "datetime": {"datetime": "2021-09-19 20:21:30", "elapsed": 1743.623166, "delta": 9.326001}}
{"target": -6.681914715766592, "params": {"C": 82.41967638992836, "epsilon": 20.071918602670905, "gamma": 0.0880431239990825, "lamda": 1.4078927880835985}, "datetime": {"datetime": "2021-09-19 20:21:45", "elapsed": 1758.704166, "delta": 15.081}}
{"target": -6.400894811418718, "params": {"C": 98.43996714413808, "epsilon": 17.56146289892913, "gamma": 0.06962290253309353, "lamda": 1.0783428100867025}, "datetime": {"datetime": "2021-09-19 20:22:00", "elapsed": 1773.941165, "delta": 15.236999}}
{"target": 0.9039140106156682, "params": {"C": 88.75585285847924, "epsilon": 27.73507840006709, "gamma": 0.05, "lamda": 5e-05}, "datetime": {"datetime": "2021-09-19 20:22:02", "elapsed": 1775.203164, "delta": 1.261999}}
{"target": 0.8916941591848068, "params": {"C": 84.96861380730121, "epsilon": 25.877688724274186, "gamma": 0.09987430386708436, "lamda": 5e-05}, "datetime": {"datetime": "2021-09-19 20:22:03", "elapsed": 1776.617165, "delta": 1.414001}}
{"target": -5.405735677554875, "params": {"C": 77.57373918379642, "epsilon": 14.370699064886015, "gamma": 0.06145519135265374, "lamda": 0.6663010339212029}, "datetime": {"datetime": "2021-09-19 20:22:18", "elapsed": 1791.734164, "delta": 15.116999}}
{"target": 0.9034991312788996, "params": {"C": 81.32962732723671, "epsilon": 24.558009517187816, "gamma": 0.07799101876822467, "lamda": 5e-05}, "datetime": {"datetime": "2021-09-19 20:22:20", "elapsed": 1793.372167, "delta": 1.638003}}
{"target": -3.5189509295225605, "params": {"C": 85.38657044423968, "epsilon": 25.233167337264998, "gamma": 0.0875765446688359, "lamda": 0.14408473213653647}, "datetime": {"datetime": "2021-09-19 20:22:35", "elapsed": 1808.292165, "delta": 14.919998}}
{"target": -1.2692827768938977, "params": {"C": 84.90382866397096, "epsilon": 25.57979840353503, "gamma": 0.0871573965229551, "lamda": 0.021634274282115083}, "datetime": {"datetime": "2021-09-19 20:22:44", "elapsed": 1818.098164, "delta": 9.805999}}
{"target": -5.158388098591885, "params": {"C": 90.94184418083924, "epsilon": 14.895024059362887, "gamma": 0.07048257583961691, "lamda": 0.3507191146255858}, "datetime": {"datetime": "2021-09-19 20:22:55", "elapsed": 1828.306166, "delta": 10.208002}}
{"target": -1.1431803624128438, "params": {"C": 97.66765765483504, "epsilon": 15.1283457519913, "gamma": 0.09256891593681604, "lamda": 0.032672570968922975}, "datetime": {"datetime": "2021-09-19 20:23:04", "elapsed": 1837.931167, "delta": 9.625001}}
{"target": -1.6695368791216727, "params": {"C": 81.3902189614561, "epsilon": 26.382783380771556, "gamma": 0.07938846189150753, "lamda": 0.15358804952506624}, "datetime": {"datetime": "2021-09-19 20:23:14", "elapsed": 1847.651166, "delta": 9.719999}}
{"target": -3.5215757944441437, "params": {"C": 72.76844922084564, "epsilon": 11.00293274813653, "gamma": 0.08949118676619522, "lamda": 0.6581760618231322}, "datetime": {"datetime": "2021-09-19 20:23:29", "elapsed": 1862.764166, "delta": 15.113}}
{"target": -7.009465173514105, "params": {"C": 98.57181246025846, "epsilon": 18.50256137800352, "gamma": 0.06369065377813168, "lamda": 1.4954399094911008}, "datetime": {"datetime": "2021-09-19 20:23:45", "elapsed": 1878.130165, "delta": 15.365999}}
{"target": 0.9034553445297401, "params": {"C": 71.37775688728861, "epsilon": 19.941752260335647, "gamma": 0.05, "lamda": 5e-05}, "datetime": {"datetime": "2021-09-19 20:23:46", "elapsed": 1879.305167, "delta": 1.175002}}
{"target": 0.889236417988533, "params": {"C": 81.31024075694204, "epsilon": 24.315761717879028, "gamma": 0.09997507655734697, "lamda": 5e-05}, "datetime": {"datetime": "2021-09-19 20:23:47", "elapsed": 1880.687167, "delta": 1.382}}
{"target": 0.9034007225935716, "params": {"C": 81.08044369693185, "epsilon": 26.313444924114183, "gamma": 0.05, "lamda": 5e-05}, "datetime": {"datetime": "2021-09-19 20:23:48", "elapsed": 1881.950166, "delta": 1.262999}}
{"target": -2.729195210223144, "params": {"C": 71.51284470376268, "epsilon": 20.114683884415463, "gamma": 0.09933425187570841, "lamda": 0.11751667390604968}, "datetime": {"datetime": "2021-09-19 20:24:03", "elapsed": 1896.140146, "delta": 14.18998}}
{"target": -9.718832750317882, "params": {"C": 81.33292634345494, "epsilon": 24.539160269959467, "gamma": 0.06576072472652952, "lamda": 0.16972314611597758}, "datetime": {"datetime": "2021-09-19 20:24:19", "elapsed": 1912.49668, "delta": 16.356534}}
{"target": 0.903321060157134, "params": {"C": 71.3190017133879, "epsilon": 20.133672664966888, "gamma": 0.058941976011455004, "lamda": 0.01742176371771138}, "datetime": {"datetime": "2021-09-19 20:24:20", "elapsed": 1913.567679, "delta": 1.070999}}
{"target": -10.89980135538478, "params": {"C": 92.94699472648576, "epsilon": 28.26647449850961, "gamma": 0.09682430460391962, "lamda": 0.5138647345276224}, "datetime": {"datetime": "2021-09-19 20:24:35", "elapsed": 1928.75468, "delta": 15.187001}}
{"target": -5.256300796971603, "params": {"C": 88.03337252774422, "epsilon": 28.17304928851209, "gamma": 0.06480958710399237, "lamda": 0.07907169561431392}, "datetime": {"datetime": "2021-09-19 20:24:45", "elapsed": 1938.144679, "delta": 9.389999}}
{"target": -1.5764296479300937, "params": {"C": 83.30416056277566, "epsilon": 25.729000831721375, "gamma": 0.07691042364696027, "lamda": 0.03423398418885706}, "datetime": {"datetime": "2021-09-19 20:24:54", "elapsed": 1947.59468, "delta": 9.450001}}
{"target": -12.556119732298251, "params": {"C": 95.85768062714943, "epsilon": 29.05986887579064, "gamma": 0.06790721856702847, "lamda": 1.0282472317796998}, "datetime": {"datetime": "2021-09-19 20:25:09", "elapsed": 1962.681679, "delta": 15.086999}}
{"target": -1.22388048726941, "params": {"C": 78.15613418190885, "epsilon": 27.847520978399043, "gamma": 0.1, "lamda": 0.07598990154232031}, "datetime": {"datetime": "2021-09-19 20:25:19", "elapsed": 1972.610678, "delta": 9.928999}}
{"target": -5.4464286763815, "params": {"C": 95.39127149090953, "epsilon": 13.996116353163671, "gamma": 0.053146903944314344, "lamda": 0.005604105208157682}, "datetime": {"datetime": "2021-09-19 20:25:29", "elapsed": 1982.20868, "delta": 9.598002}}
{"target": -1.426560194359641, "params": {"C": 98.5110410334282, "epsilon": 19.502756472704665, "gamma": 0.08350777216565392, "lamda": 0.04309378593160242}, "datetime": {"datetime": "2021-09-19 20:25:38", "elapsed": 1991.385679, "delta": 9.176999}}
{"target": -4.363751195426946, "params": {"C": 91.935579448336, "epsilon": 11.223410852442122, "gamma": 0.0730339431126513, "lamda": 1.1407544770172962}, "datetime": {"datetime": "2021-09-19 20:25:53", "elapsed": 2006.498679, "delta": 15.113}}
{"target": -5.137174798510537, "params": {"C": 85.46200522248905, "epsilon": 15.878204466385249, "gamma": 0.08805420920761371, "lamda": 0.7613241470834324}, "datetime": {"datetime": "2021-09-19 20:26:08", "elapsed": 2021.588682, "delta": 15.090003}}
{"target": -11.827667689197332, "params": {"C": 83.01341852459046, "epsilon": 29.276810399102835, "gamma": 0.07997589070429784, "lamda": 0.7739521031749614}, "datetime": {"datetime": "2021-09-19 20:26:23", "elapsed": 2036.745373, "delta": 15.156691}}
