{"target": -3.1989136259532946, "params": {"C": 60.99127296087297, "epsilon": 13.090843144629243, "gamma": 0.4, "lamda": 0.5}, "datetime": {"datetime": "2021-09-20 17:52:50", "elapsed": 12.531312, "delta": 0.750838}}
{"target": -3.1986090324929717, "params": {"C": 61.12935773757554, "epsilon": 13.005711369921515, "gamma": 0.4, "lamda": 0.5}, "datetime": {"datetime": "2021-09-20 17:52:51", "elapsed": 13.381473, "delta": 0.850161}}
{"target": -3.649008980230766, "params": {"C": 61.09347129640361, "epsilon": 13.088791361519911, "gamma": 0.5, "lamda": 0.4}, "datetime": {"datetime": "2021-09-20 17:52:52", "elapsed": 14.050471, "delta": 0.668998}}
{"target": -3.298654199224692, "params": {"C": 57.27141858542257, "epsilon": 12.003447561894198, "gamma": 0.4356252128187258, "lamda": 0.422631467312559}, "datetime": {"datetime": "2021-09-20 17:52:52", "elapsed": 14.594791, "delta": 0.54432}}
{"target": -3.1981614702329857, "params": {"C": 61.07981547846846, "epsilon": 12.89220361993397, "gamma": 0.4, "lamda": 0.5}, "datetime": {"datetime": "2021-09-20 17:52:53", "elapsed": 15.60332, "delta": 1.008529}}
{"target": -3.245792942161438, "params": {"C": 61.25530589528661, "epsilon": 12.962634910079144, "gamma": 0.4123910046262666, "lamda": 0.4857089720350803}, "datetime": {"datetime": "2021-09-20 17:52:54", "elapsed": 16.245926, "delta": 0.642606}}
{"target": -3.2600376709031416, "params": {"C": 60.84395289361171, "epsilon": 13.073980733901546, "gamma": 0.41732289313345705, "lamda": 0.49671044972979267}, "datetime": {"datetime": "2021-09-20 17:52:55", "elapsed": 16.892761, "delta": 0.646835}}
{"target": -3.3424521866547745, "params": {"C": 60.74432637031882, "epsilon": 11.0174666857426, "gamma": 0.45595277806812334, "lamda": 0.40016577270414283}, "datetime": {"datetime": "2021-09-20 17:52:55", "elapsed": 17.856438, "delta": 0.963677}}
{"target": -3.4968042970932824, "params": {"C": 58.962709135202, "epsilon": 13.67012206542152, "gamma": 0.48330833288129005, "lamda": 0.48780949965315934}, "datetime": {"datetime": "2021-09-20 17:52:56", "elapsed": 18.346247, "delta": 0.489809}}
{"target": -3.529263609942459, "params": {"C": 61.060568229770496, "epsilon": 11.026837325564339, "gamma": 0.4943018913764294, "lamda": 0.46242617129430685}, "datetime": {"datetime": "2021-09-20 17:52:57", "elapsed": 19.180057, "delta": 0.83381}}
{"target": -3.2393159821391424, "params": {"C": 57.67514276392025, "epsilon": 12.555467906137578, "gamma": 0.4111130221207553, "lamda": 0.4774307338574741}, "datetime": {"datetime": "2021-09-20 17:52:57", "elapsed": 19.671061, "delta": 0.491004}}
{"target": -3.306443740059299, "params": {"C": 57.74986757991, "epsilon": 12.69949131699207, "gamma": 0.4369994456791966, "lamda": 0.49937807948865465}, "datetime": {"datetime": "2021-09-20 17:52:58", "elapsed": 20.603644, "delta": 0.932583}}
{"target": -3.4701486536445802, "params": {"C": 60.95828299780516, "epsilon": 12.871853817439886, "gamma": 0.47652170215812617, "lamda": 0.4925010555963346}, "datetime": {"datetime": "2021-09-20 17:52:59", "elapsed": 21.554455, "delta": 0.950811}}
{"target": -3.3225065031501835, "params": {"C": 60.46497841066854, "epsilon": 12.535584054869734, "gamma": 0.44467800969077953, "lamda": 0.4298801181185966}, "datetime": {"datetime": "2021-09-20 17:53:00", "elapsed": 22.14546, "delta": 0.591005}}
{"target": -3.404555121611479, "params": {"C": 57.587804942160055, "epsilon": 11.343846774461957, "gamma": 0.47125196837373956, "lamda": 0.48974556521957713}, "datetime": {"datetime": "2021-09-20 17:53:00", "elapsed": 22.619909, "delta": 0.474449}}
{"target": -3.262283967684202, "params": {"C": 61.74883529665473, "epsilon": 13.618301748334552, "gamma": 0.4166947664090938, "lamda": 0.47774834492272383}, "datetime": {"datetime": "2021-09-20 17:53:01", "elapsed": 23.164304, "delta": 0.544395}}
{"target": -3.203175334620346, "params": {"C": 60.93575532731992, "epsilon": 13.005178790593433, "gamma": 0.40178653958538474, "lamda": 0.45087054086379225}, "datetime": {"datetime": "2021-09-20 17:53:02", "elapsed": 23.994298, "delta": 0.829994}}
{"target": -3.232442884394283, "params": {"C": 61.161585624120356, "epsilon": 12.877735019917239, "gamma": 0.407743253375256, "lamda": 0.4943772845553957}, "datetime": {"datetime": "2021-09-20 17:53:03", "elapsed": 24.897003, "delta": 0.902705}}
{"target": -3.249496455263867, "params": {"C": 61.051847134699315, "epsilon": 12.971459382021333, "gamma": 0.413724906995689, "lamda": 0.492702051954164}, "datetime": {"datetime": "2021-09-20 17:53:03", "elapsed": 25.576633, "delta": 0.67963}}
{"target": -3.2384308755521296, "params": {"C": 59.92398723954389, "epsilon": 11.39705989768221, "gamma": 0.4132588564314714, "lamda": 0.479885653986478}, "datetime": {"datetime": "2021-09-20 17:53:04", "elapsed": 26.086635, "delta": 0.510002}}
{"target": -3.3008124100229694, "params": {"C": 61.09032290941221, "epsilon": 11.497393500409828, "gamma": 0.4388934640144491, "lamda": 0.43333856729257686}, "datetime": {"datetime": "2021-09-20 17:53:04", "elapsed": 26.609562, "delta": 0.522927}}
{"target": -3.298404955404847, "params": {"C": 60.056409172966184, "epsilon": 11.366093018725048, "gamma": 0.43213683804266767, "lamda": 0.46393540404735484}, "datetime": {"datetime": "2021-09-20 17:53:05", "elapsed": 27.522192, "delta": 0.91263}}
{"target": -3.224090785347331, "params": {"C": 59.79250110219009, "epsilon": 11.362099078226569, "gamma": 0.40801406051945466, "lamda": 0.4886093396097675}, "datetime": {"datetime": "2021-09-20 17:53:06", "elapsed": 28.252782, "delta": 0.73059}}
{"target": -3.273432408847338, "params": {"C": 58.443294521758, "epsilon": 11.99143535795414, "gamma": 0.4219052493453893, "lamda": 0.45813344520121757}, "datetime": {"datetime": "2021-09-20 17:53:06", "elapsed": 28.806843, "delta": 0.554061}}
{"target": -3.197443057958038, "params": {"C": 60.85592852764688, "epsilon": 12.716628569781351, "gamma": 0.4, "lamda": 0.5}, "datetime": {"datetime": "2021-09-20 17:53:07", "elapsed": 29.521847, "delta": 0.715004}}
{"target": -3.325711799303189, "params": {"C": 60.478543636995944, "epsilon": 12.801730388611945, "gamma": 0.44741813285497045, "lamda": 0.4156804690064358}, "datetime": {"datetime": "2021-09-20 17:53:08", "elapsed": 30.071845, "delta": 0.549998}}
{"target": -3.291958053713324, "params": {"C": 59.818393053858685, "epsilon": 11.484066758703849, "gamma": 0.4297399606409815, "lamda": 0.5}, "datetime": {"datetime": "2021-09-20 17:53:09", "elapsed": 31.099477, "delta": 1.027632}}
{"target": -3.22458382077473, "params": {"C": 59.88762812781778, "epsilon": 11.270783311474927, "gamma": 0.4083813017548923, "lamda": 0.44350591056288474}, "datetime": {"datetime": "2021-09-20 17:53:10", "elapsed": 31.998206, "delta": 0.898729}}
{"target": -3.4749967688338024, "params": {"C": 59.83048464331081, "epsilon": 11.315081279058104, "gamma": 0.4840491273512687, "lamda": 0.44232747136147227}, "datetime": {"datetime": "2021-09-20 17:53:10", "elapsed": 32.86173, "delta": 0.863524}}
{"target": -3.2023026755647344, "params": {"C": 60.86941383032722, "epsilon": 12.964482791246038, "gamma": 0.40151274572191675, "lamda": 0.4210384697074853}, "datetime": {"datetime": "2021-09-20 17:53:11", "elapsed": 33.658734, "delta": 0.797004}}
{"target": -3.199211327316661, "params": {"C": 60.93258548833541, "epsilon": 13.17054897406202, "gamma": 0.4, "lamda": 0.5}, "datetime": {"datetime": "2021-09-20 17:53:12", "elapsed": 34.387496, "delta": 0.728762}}
{"target": -3.212106425591957, "params": {"C": 59.62721959293887, "epsilon": 12.171549118111454, "gamma": 0.40664641888122466, "lamda": 0.4120391630700529}, "datetime": {"datetime": "2021-09-20 17:53:13", "elapsed": 35.090978, "delta": 0.703482}}
{"target": -3.2472616973692197, "params": {"C": 59.982955546240106, "epsilon": 11.200973479799744, "gamma": 0.41694836541268965, "lamda": 0.46172338848300937}, "datetime": {"datetime": "2021-09-20 17:53:14", "elapsed": 35.975978, "delta": 0.885}}
{"target": -3.19527698952633, "params": {"C": 59.72954798964737, "epsilon": 12.207965419930702, "gamma": 0.4, "lamda": 0.4}, "datetime": {"datetime": "2021-09-20 17:53:15", "elapsed": 37.186475, "delta": 1.210497}}
{"target": -3.2758043061732445, "params": {"C": 59.660542870522434, "epsilon": 12.280676719999601, "gamma": 0.4249561044391625, "lamda": 0.4189026157558843}, "datetime": {"datetime": "2021-09-20 17:53:16", "elapsed": 38.145139, "delta": 0.958664}}
{"target": -3.19488734275787, "params": {"C": 59.721538243179424, "epsilon": 12.107534312072886, "gamma": 0.4, "lamda": 0.4280495335645838}, "datetime": {"datetime": "2021-09-20 17:53:17", "elapsed": 39.53044, "delta": 1.385301}}
{"target": -3.4613013919450686, "params": {"C": 59.720823361893096, "epsilon": 12.170166039735427, "gamma": 0.47649203175397625, "lamda": 0.4690421099240475}, "datetime": {"datetime": "2021-09-20 17:53:18", "elapsed": 40.607858, "delta": 1.077418}}
{"target": -3.2384523335733952, "params": {"C": 59.66268199542102, "epsilon": 12.0683873884308, "gamma": 0.41178751131574226, "lamda": 0.4066974692412519}, "datetime": {"datetime": "2021-09-20 17:53:20", "elapsed": 42.120032, "delta": 1.512174}}
{"target": -3.2657717121817313, "params": {"C": 60.86619458763375, "epsilon": 13.218990248257063, "gamma": 0.41900957129108973, "lamda": 0.44200149512675646}, "datetime": {"datetime": "2021-09-20 17:53:21", "elapsed": 43.116097, "delta": 0.996065}}
{"target": -3.504210829637283, "params": {"C": 61.752526133954106, "epsilon": 12.150081979143287, "gamma": 0.4836102047981896, "lamda": 0.44356951186826515}, "datetime": {"datetime": "2021-09-20 17:53:21", "elapsed": 43.835097, "delta": 0.719}}
{"target": -3.4729695144451234, "params": {"C": 59.26813326630773, "epsilon": 12.746085791794368, "gamma": 0.4785173469820094, "lamda": 0.43329179117578076}, "datetime": {"datetime": "2021-09-20 17:53:22", "elapsed": 44.542148, "delta": 0.707051}}
{"target": -3.1947036976185283, "params": {"C": 59.80108008911144, "epsilon": 12.056377082311812, "gamma": 0.4, "lamda": 0.4}, "datetime": {"datetime": "2021-09-20 17:53:23", "elapsed": 45.541642, "delta": 0.999494}}
{"target": -3.2618219584432113, "params": {"C": 59.91864839297531, "epsilon": 11.240373770387686, "gamma": 0.4196452930533325, "lamda": 0.4923388943307889}, "datetime": {"datetime": "2021-09-20 17:53:24", "elapsed": 46.344149, "delta": 0.802507}}
{"target": -3.4775539340842405, "params": {"C": 59.525202541554606, "epsilon": 12.703109663037901, "gamma": 0.4801819628106406, "lamda": 0.45638208767351596}, "datetime": {"datetime": "2021-09-20 17:53:25", "elapsed": 47.009137, "delta": 0.664988}}
{"target": -3.2076315998634435, "params": {"C": 59.796034612857106, "epsilon": 11.9413936592356, "gamma": 0.4052198070605175, "lamda": 0.4107343005612318}, "datetime": {"datetime": "2021-09-20 17:53:26", "elapsed": 48.238316, "delta": 1.229179}}
{"target": -3.293607388822, "params": {"C": 61.03697097175163, "epsilon": 13.587344638020491, "gamma": 0.4208287616065112, "lamda": 0.41355799560675693}, "datetime": {"datetime": "2021-09-20 17:53:27", "elapsed": 48.932277, "delta": 0.693961}}
{"target": -3.274195289806949, "params": {"C": 59.916200804126355, "epsilon": 11.984482635591029, "gamma": 0.42210479006557494, "lamda": 0.44556502523650504}, "datetime": {"datetime": "2021-09-20 17:53:28", "elapsed": 50.07528, "delta": 1.143003}}
{"target": -3.337628588429101, "params": {"C": 59.70918929725901, "epsilon": 11.91500874383927, "gamma": 0.45700133883038185, "lamda": 0.48164036042882974}, "datetime": {"datetime": "2021-09-20 17:53:29", "elapsed": 50.920526, "delta": 0.845246}}
{"target": -3.195138444982852, "params": {"C": 59.84406489035501, "epsilon": 12.16687059537413, "gamma": 0.4, "lamda": 0.4}, "datetime": {"datetime": "2021-09-20 17:53:30", "elapsed": 51.871783, "delta": 0.951257}}
{"target": -3.299461710774468, "params": {"C": 59.47509869040329, "epsilon": 12.847620058263857, "gamma": 0.43433451006285645, "lamda": 0.47907637023259647}, "datetime": {"datetime": "2021-09-20 17:53:30", "elapsed": 52.664293, "delta": 0.79251}}
{"target": -3.3090453198367142, "params": {"C": 57.83516732482859, "epsilon": 12.526471793726824, "gamma": 0.4381377980039884, "lamda": 0.4040382489879851}, "datetime": {"datetime": "2021-09-20 17:53:31", "elapsed": 53.551272, "delta": 0.886979}}
{"target": -3.2669289358849714, "params": {"C": 58.42581532153315, "epsilon": 13.89519078075256, "gamma": 0.41786525273720776, "lamda": 0.4537971726875709}, "datetime": {"datetime": "2021-09-20 17:53:32", "elapsed": 54.316269, "delta": 0.764997}}
{"target": -3.3077420201188557, "params": {"C": 60.808070617464104, "epsilon": 13.594036637483683, "gamma": 0.4296135779175174, "lamda": 0.45738999425345644}, "datetime": {"datetime": "2021-09-20 17:53:33", "elapsed": 55.240879, "delta": 0.92461}}
{"target": -3.27778212792924, "params": {"C": 58.054782049981945, "epsilon": 13.290760300504363, "gamma": 0.42335484494147313, "lamda": 0.4243004036607897}, "datetime": {"datetime": "2021-09-20 17:53:34", "elapsed": 55.994879, "delta": 0.754}}
{"target": -3.1943968793926536, "params": {"C": 58.33633641133128, "epsilon": 12.044212886818993, "gamma": 0.4, "lamda": 0.4393365879246604}, "datetime": {"datetime": "2021-09-20 17:53:35", "elapsed": 57.394424, "delta": 1.399545}}
{"target": -3.509094117085912, "params": {"C": 59.77080105346157, "epsilon": 12.480369254033171, "gamma": 0.4916790267515577, "lamda": 0.46874087647736473}, "datetime": {"datetime": "2021-09-20 17:53:36", "elapsed": 58.092043, "delta": 0.697619}}
{"target": -3.203754911561782, "params": {"C": 58.438670208790505, "epsilon": 12.131963877820366, "gamma": 0.4035025395294709, "lamda": 0.4151302095621863}, "datetime": {"datetime": "2021-09-20 17:53:37", "elapsed": 59.420778, "delta": 1.328735}}
{"target": -3.272496334915006, "params": {"C": 58.34194558917957, "epsilon": 12.153380909902587, "gamma": 0.42111738902614904, "lamda": 0.4269429830931434}, "datetime": {"datetime": "2021-09-20 17:53:39", "elapsed": 60.874076, "delta": 1.453298}}
{"target": -3.196982265454385, "params": {"C": 60.90205221827259, "epsilon": 12.595308785068875, "gamma": 0.4, "lamda": 0.5}, "datetime": {"datetime": "2021-09-20 17:53:40", "elapsed": 62.045315, "delta": 1.171239}}
{"target": -3.24327118772011, "params": {"C": 60.79255600368656, "epsilon": 12.538899134607565, "gamma": 0.41246227191675794, "lamda": 0.4768884117352574}, "datetime": {"datetime": "2021-09-20 17:53:41", "elapsed": 63.438791, "delta": 1.393476}}
{"target": -3.30263903650037, "params": {"C": 60.918270244489065, "epsilon": 12.485977200710927, "gamma": 0.4308277968749933, "lamda": 0.4396172996504399}, "datetime": {"datetime": "2021-09-20 17:53:43", "elapsed": 65.015498, "delta": 1.576707}}
{"target": -3.2973882242450814, "params": {"C": 58.545424197471256, "epsilon": 12.227311062496497, "gamma": 0.4298096110508624, "lamda": 0.4629049918582274}, "datetime": {"datetime": "2021-09-20 17:53:44", "elapsed": 66.634386, "delta": 1.618888}}
{"target": -3.201451978958597, "params": {"C": 58.29287296738941, "epsilon": 11.961662566891158, "gamma": 0.40286954840900857, "lamda": 0.40081382673445914}, "datetime": {"datetime": "2021-09-20 17:53:46", "elapsed": 68.24048, "delta": 1.606094}}
{"target": -3.4467427312233907, "params": {"C": 57.31587405895109, "epsilon": 11.185171937591523, "gamma": 0.47638980084842064, "lamda": 0.40241616755568504}, "datetime": {"datetime": "2021-09-20 17:53:47", "elapsed": 69.188556, "delta": 0.948076}}
{"target": -3.1911764070358926, "params": {"C": 59.881338798489274, "epsilon": 11.123812982834925, "gamma": 0.4, "lamda": 0.4}, "datetime": {"datetime": "2021-09-20 17:53:49", "elapsed": 70.953033, "delta": 1.764477}}
{"target": -3.2852860077297654, "params": {"C": 59.91948033577538, "epsilon": 11.020448351289616, "gamma": 0.4285207925312144, "lamda": 0.4036955953994124}, "datetime": {"datetime": "2021-09-20 17:53:51", "elapsed": 73.000864, "delta": 2.047831}}
{"target": -3.194017202371606, "params": {"C": 58.311331072784014, "epsilon": 11.947140690300685, "gamma": 0.4, "lamda": 0.5}, "datetime": {"datetime": "2021-09-20 17:53:52", "elapsed": 74.726042, "delta": 1.725178}}
{"target": -3.2982034642016496, "params": {"C": 58.241148277899896, "epsilon": 11.847871657197368, "gamma": 0.4334103236403356, "lamda": 0.4844434872050285}, "datetime": {"datetime": "2021-09-20 17:53:54", "elapsed": 76.089916, "delta": 1.363874}}
{"target": -3.2063384149452987, "params": {"C": 59.78173950703427, "epsilon": 11.06929693894157, "gamma": 0.4059855587558482, "lamda": 0.4422180760930174}, "datetime": {"datetime": "2021-09-20 17:53:55", "elapsed": 77.408459, "delta": 1.318543}}
{"target": -3.2087159520319646, "params": {"C": 59.980174274334, "epsilon": 12.23427249333487, "gamma": 0.4051882458918227, "lamda": 0.4385635636829048}, "datetime": {"datetime": "2021-09-20 17:53:56", "elapsed": 78.85116, "delta": 1.442701}}
{"target": -3.322851290156847, "params": {"C": 60.04196883429323, "epsilon": 12.131953092204304, "gamma": 0.44091291201714056, "lamda": 0.497589877435204}, "datetime": {"datetime": "2021-09-20 17:53:58", "elapsed": 80.315882, "delta": 1.464722}}
{"target": -3.5623840902823427, "params": {"C": 61.05213259996172, "epsilon": 13.400326369361848, "gamma": 0.4943929520104269, "lamda": 0.48840074789729915}, "datetime": {"datetime": "2021-09-20 17:53:59", "elapsed": 81.118757, "delta": 0.802875}}
{"target": -3.323282803508597, "params": {"C": 59.65445093069035, "epsilon": 11.01072856399437, "gamma": 0.4541955534866781, "lamda": 0.481017089173368}, "datetime": {"datetime": "2021-09-20 17:54:00", "elapsed": 82.155519, "delta": 1.036762}}
{"target": -3.296219091849744, "params": {"C": 59.849635050851035, "epsilon": 11.807349892426071, "gamma": 0.43040475788973664, "lamda": 0.40718617514286026}, "datetime": {"datetime": "2021-09-20 17:54:01", "elapsed": 83.496925, "delta": 1.341406}}
{"target": -3.1955212294052786, "params": {"C": 59.81308777890871, "epsilon": 11.164840181404568, "gamma": 0.40162746050205755, "lamda": 0.48850940330341913}, "datetime": {"datetime": "2021-09-20 17:54:02", "elapsed": 84.706349, "delta": 1.209424}}
{"target": -3.198513009458306, "params": {"C": 59.51312721010733, "epsilon": 13.055028990198519, "gamma": 0.4, "lamda": 0.5}, "datetime": {"datetime": "2021-09-20 17:54:03", "elapsed": 85.847247, "delta": 1.140898}}
{"target": -3.257750269152111, "params": {"C": 59.644061161457905, "epsilon": 13.067350557333178, "gamma": 0.4165219039352582, "lamda": 0.4592959322642388}, "datetime": {"datetime": "2021-09-20 17:54:04", "elapsed": 86.811637, "delta": 0.96439}}
{"target": -3.5850356470066713, "params": {"C": 59.4599591738082, "epsilon": 13.101784966033732, "gamma": 0.5, "lamda": 0.43064415755276675}, "datetime": {"datetime": "2021-09-20 17:54:06", "elapsed": 88.078371, "delta": 1.266734}}
{"target": -3.1981633601485897, "params": {"C": 59.57379611419267, "epsilon": 12.96179371196157, "gamma": 0.4, "lamda": 0.5}, "datetime": {"datetime": "2021-09-20 17:54:07", "elapsed": 89.382733, "delta": 1.304362}}
{"target": -3.204869242191562, "params": {"C": 59.82498737236904, "epsilon": 12.934757284342162, "gamma": 0.4026294955643453, "lamda": 0.49752421307745287}, "datetime": {"datetime": "2021-09-20 17:54:08", "elapsed": 90.523325, "delta": 1.140592}}
{"target": -3.2893734760150033, "params": {"C": 59.67295480417821, "epsilon": 12.277419940166276, "gamma": 0.42678954946985337, "lamda": 0.4186154958021578}, "datetime": {"datetime": "2021-09-20 17:54:09", "elapsed": 91.208284, "delta": 0.684959}}
{"target": -3.3968976405738203, "params": {"C": 59.87055145818774, "epsilon": 13.055760086402735, "gamma": 0.4674222922120952, "lamda": 0.4879193573664665}, "datetime": {"datetime": "2021-09-20 17:54:10", "elapsed": 92.491422, "delta": 1.283138}}
{"target": -3.30371225039238, "params": {"C": 59.838427410066366, "epsilon": 12.826043901914232, "gamma": 0.4357274224927069, "lamda": 0.45297081719419136}, "datetime": {"datetime": "2021-09-20 17:54:11", "elapsed": 93.776876, "delta": 1.285454}}
{"target": -3.281320903251738, "params": {"C": 59.68910052024704, "epsilon": 12.893610449487548, "gamma": 0.42213521908156165, "lamda": 0.47470750446444715}, "datetime": {"datetime": "2021-09-20 17:54:13", "elapsed": 95.029143, "delta": 1.252267}}
