{"target": 0.06141132668108917, "params": {"C": 0.3073091398636981, "epsilon": 8.709576820776231, "gamma": 0.9296017167667268, "lamda": 0.21349484284475323}, "datetime": {"datetime": "2021-07-03 10:55:13", "elapsed": 447.007401, "delta": 1.094077}}
{"target": 0.5233788034106169, "params": {"C": 3.1558139114299144, "epsilon": 6.307193419799414, "gamma": 0.40127516668554747, "lamda": 0.957432638593911}, "datetime": {"datetime": "2021-07-03 10:55:14", "elapsed": 448.157328, "delta": 1.149927}}
{"target": 0.5042394324422299, "params": {"C": 7.267054570736024, "epsilon": 8.426208252705948, "gamma": 0.8261746992441593, "lamda": 0.41867617562820336}, "datetime": {"datetime": "2021-07-03 10:55:15", "elapsed": 449.243936, "delta": 1.086608}}
{"target": 0.41974572161219637, "params": {"C": 5.155655727147695, "epsilon": 3.92569168006525, "gamma": 0.8971342401713014, "lamda": 0.8096552531610703}, "datetime": {"datetime": "2021-07-03 10:55:16", "elapsed": 450.306098, "delta": 1.062162}}
{"target": 0.17862172785948993, "params": {"C": 0.900152348339773, "epsilon": 6.439716725739355, "gamma": 0.7971296713319895, "lamda": 0.5254893894095192}, "datetime": {"datetime": "2021-07-03 10:55:17", "elapsed": 451.366265, "delta": 1.060167}}
{"target": 0.32791054571240486, "params": {"C": 8.725811470323643, "epsilon": 8.734514775828515, "gamma": 1.809800656993991, "lamda": 0.21293718957738245}, "datetime": {"datetime": "2021-07-03 10:55:18", "elapsed": 452.926098, "delta": 1.559833}}
{"target": 0.3757544934586574, "params": {"C": 2.526552516556082, "epsilon": 0.2643295509162275, "gamma": 0.6372092016848988, "lamda": 0.14318879522418607}, "datetime": {"datetime": "2021-07-03 10:55:20", "elapsed": 454.363256, "delta": 1.437158}}
{"target": 0.29473784494080557, "params": {"C": 8.579011439140311, "epsilon": 2.6645654901087146, "gamma": 1.995434696676527, "lamda": 0.812779713718387}, "datetime": {"datetime": "2021-07-03 10:55:21", "elapsed": 455.60893, "delta": 1.245674}}
{"target": 0.22074501317546935, "params": {"C": 4.367350200017147, "epsilon": 2.637459281140297, "gamma": 1.885439149403654, "lamda": 0.10407700194970324}, "datetime": {"datetime": "2021-07-03 10:55:23", "elapsed": 456.973045, "delta": 1.364115}}
{"target": 0.5894077176257619, "params": {"C": 5.688111590245305, "epsilon": 3.9364282188232718, "gamma": 0.4843451666882865, "lamda": 0.6957860792095496}, "datetime": {"datetime": "2021-07-03 10:55:25", "elapsed": 458.993646, "delta": 2.020601}}
{"target": 0.596962308640909, "params": {"C": 5.6251628605174595, "epsilon": 4.559404810895482, "gamma": 0.4658318952730279, "lamda": 0.40074096634488987}, "datetime": {"datetime": "2021-07-03 10:55:26", "elapsed": 460.710059, "delta": 1.716413}}
{"target": 0.40819760523091553, "params": {"C": 5.385882388157915, "epsilon": 1.1909492369371766, "gamma": 0.9590276424765839, "lamda": 0.38616280824316507}, "datetime": {"datetime": "2021-07-03 10:55:28", "elapsed": 461.999613, "delta": 1.289554}}
{"target": 0.5909891081857883, "params": {"C": 9.211887770835132, "epsilon": 1.2681879553938422, "gamma": 0.6907900738763545, "lamda": 0.8364689000794266}, "datetime": {"datetime": "2021-07-03 10:55:29", "elapsed": 463.380929, "delta": 1.381316}}
{"target": 0.5240989683938239, "params": {"C": 6.260937374370229, "epsilon": 8.238647417771753, "gamma": 0.6856574129224927, "lamda": 0.3857861537025161}, "datetime": {"datetime": "2021-07-03 10:55:30", "elapsed": 464.800132, "delta": 1.419203}}
{"target": 0.809025174355175, "params": {"C": 8.510601409915465, "epsilon": 9.743451076496292, "gamma": 0.1540657040020501, "lamda": 0.2838958760170637}, "datetime": {"datetime": "2021-07-03 10:55:31", "elapsed": 465.926122, "delta": 1.12599}}
{"target": 0.19731331522780393, "params": {"C": 1.4994548323861512, "epsilon": 1.6076768367407839, "gamma": 1.0529122315891803, "lamda": 0.6094943345369188}, "datetime": {"datetime": "2021-07-03 10:55:33", "elapsed": 467.377276, "delta": 1.451154}}
{"target": 0.3029662824377325, "params": {"C": 7.273234774129983, "epsilon": 1.2602261067780551, "gamma": 1.7370141288757988, "lamda": 0.31509907936151565}, "datetime": {"datetime": "2021-07-03 10:55:34", "elapsed": 468.77155, "delta": 1.394274}}
{"target": 0.8185482530837855, "params": {"C": 8.988047213671727, "epsilon": 5.328980187194107, "gamma": 0.14604224183826733, "lamda": 0.2929802495164977}, "datetime": {"datetime": "2021-07-03 10:55:35", "elapsed": 469.911503, "delta": 1.139953}}
{"target": 0.71659999218048, "params": {"C": 8.703386310200536, "epsilon": 7.857829367174357, "gamma": 0.3663218643891403, "lamda": 0.45770925115431105}, "datetime": {"datetime": "2021-07-03 10:55:37", "elapsed": 471.191084, "delta": 1.279581}}
{"target": 0.337004231323197, "params": {"C": 8.427378594875323, "epsilon": 0.28145295012638316, "gamma": 1.6463717469311607, "lamda": 0.1450208398614137}, "datetime": {"datetime": "2021-07-03 10:55:38", "elapsed": 472.392874, "delta": 1.20179}}
{"target": 0.32282733937011965, "params": {"C": 8.225640038908127, "epsilon": 1.2811985028610196, "gamma": 1.722382310655773, "lamda": 0.24193811474746266}, "datetime": {"datetime": "2021-07-03 10:55:39", "elapsed": 473.452044, "delta": 1.05917}}
{"target": -3.995899343332238, "params": {"C": 6.353544279831562, "epsilon": 5.484113693529965, "gamma": 0.12743633344682986, "lamda": 0.9337516065740358}, "datetime": {"datetime": "2021-07-03 10:55:56", "elapsed": 489.998342, "delta": 16.546298}}
{"target": 0.3608373745792689, "params": {"C": 4.511330895555868, "epsilon": 3.7167795356276083, "gamma": 1.0256524509118055, "lamda": 0.7046822725436397}, "datetime": {"datetime": "2021-07-03 10:55:57", "elapsed": 491.477389, "delta": 1.479047}}
{"target": 0.4097091285933264, "params": {"C": 8.964891445332285, "epsilon": 0.03808535311825439, "gamma": 1.300836438178873, "lamda": 0.2203819235633217}, "datetime": {"datetime": "2021-07-03 10:55:58", "elapsed": 492.640282, "delta": 1.162893}}
{"target": 0.27577163318674014, "params": {"C": 6.93694150939192, "epsilon": 6.650007755553407, "gamma": 1.944052544324789, "lamda": 0.27134256923600053}, "datetime": {"datetime": "2021-07-03 10:55:59", "elapsed": 493.905901, "delta": 1.265619}}
{"target": 0.3780897547873604, "params": {"C": 6.687984103736897, "epsilon": 1.3331312467831735, "gamma": 1.2289958010927025, "lamda": 0.6266836839683956}, "datetime": {"datetime": "2021-07-03 10:56:01", "elapsed": 495.0923, "delta": 1.186399}}
{"target": 0.45970290112905754, "params": {"C": 3.5631266193980884, "epsilon": 9.305292935448986, "gamma": 0.57519237297884, "lamda": 0.30056578722634963}, "datetime": {"datetime": "2021-07-03 10:56:02", "elapsed": 496.254192, "delta": 1.161892}}
{"target": 0.3959952657790462, "params": {"C": 6.607488563372125, "epsilon": 8.916336452132516, "gamma": 1.1602593035378586, "lamda": 0.35353211938931206}, "datetime": {"datetime": "2021-07-03 10:56:03", "elapsed": 497.422071, "delta": 1.167879}}
{"target": 0.39815173611439436, "params": {"C": 6.84326478815062, "epsilon": 8.057893579876897, "gamma": 1.170937010069312, "lamda": 0.9202438171134454}, "datetime": {"datetime": "2021-07-03 10:56:04", "elapsed": 498.572996, "delta": 1.150925}}
{"target": 0.279869375527521, "params": {"C": 5.019254652461181, "epsilon": 4.860952281881479, "gamma": 1.5385800063178479, "lamda": 0.6932142153994404}, "datetime": {"datetime": "2021-07-03 10:56:05", "elapsed": 499.796727, "delta": 1.223731}}
{"target": 0.2933333245594, "params": {"C": 7.603224415560706, "epsilon": 8.001727824134337, "gamma": 1.9074948881725986, "lamda": 0.2302988573037405}, "datetime": {"datetime": "2021-07-03 10:56:07", "elapsed": 500.993529, "delta": 1.196802}}
{"target": 0.24676818148321, "params": {"C": 3.348393897264604, "epsilon": 6.876798967168745, "gamma": 1.4416396548280948, "lamda": 0.8509495081643378}, "datetime": {"datetime": "2021-07-03 10:56:08", "elapsed": 502.396779, "delta": 1.40325}}
{"target": 0.15692188987205202, "params": {"C": 1.5474375786614276, "epsilon": 6.852294603771524, "gamma": 1.3845351209337022, "lamda": 0.5864007755948862}, "datetime": {"datetime": "2021-07-03 10:56:09", "elapsed": 503.509806, "delta": 1.113027}}
{"target": 0.2775122268351955, "params": {"C": 1.406313904574309, "epsilon": 6.1696708405172185, "gamma": 0.6848024303381166, "lamda": 0.9910029021929304}, "datetime": {"datetime": "2021-07-03 10:56:10", "elapsed": 504.699625, "delta": 1.189819}}
{"target": 0.5474767161678271, "params": {"C": 6.518092627009815, "epsilon": 9.732442478667139, "gamma": 0.6410028378862416, "lamda": 0.4463190946010289}, "datetime": {"datetime": "2021-07-03 10:56:11", "elapsed": 505.875483, "delta": 1.175858}}
{"target": 0.5254397141010801, "params": {"C": 4.591681820481835, "epsilon": 6.655227124528456, "gamma": 0.53100818285712, "lamda": 0.29527858293370435}, "datetime": {"datetime": "2021-07-03 10:56:13", "elapsed": 507.727534, "delta": 1.852051}}
{"target": 0.6328091635611477, "params": {"C": 2.710178830185383, "epsilon": 3.440647198723453, "gamma": 0.21462021495918254, "lamda": 0.40707613515355867}, "datetime": {"datetime": "2021-07-03 10:56:15", "elapsed": 509.448934, "delta": 1.7214}}
{"target": 0.4592755815550279, "params": {"C": 4.409844305375623, "epsilon": 9.882708088720669, "gamma": 0.6889355315951169, "lamda": 0.5495563390039352}, "datetime": {"datetime": "2021-07-03 10:56:16", "elapsed": 510.591881, "delta": 1.142947}}
{"target": -1.6993528428558835, "params": {"C": 8.24384765175226, "epsilon": 6.91050850018734, "gamma": 0.29646963486839784, "lamda": 0.9628928837358369}, "datetime": {"datetime": "2021-07-03 10:56:27", "elapsed": 521.569548, "delta": 10.977667}}
{"target": 0.37464336368688145, "params": {"C": 7.071951651489857, "epsilon": 7.584158947224569, "gamma": 1.3052217869646991, "lamda": 0.5386517881235745}, "datetime": {"datetime": "2021-07-03 10:56:29", "elapsed": 523.413621, "delta": 1.844073}}
{"target": 0.22780527289141872, "params": {"C": 4.107909967848781, "epsilon": 3.803633619467257, "gamma": 1.758225452093565, "lamda": 0.536135499510114}, "datetime": {"datetime": "2021-07-03 10:56:30", "elapsed": 524.767004, "delta": 1.353383}}
{"target": 0.3897610304223814, "params": {"C": 7.504693213360395, "epsilon": 5.480448580105931, "gamma": 1.2780953395013201, "lamda": 0.4412103592460669}, "datetime": {"datetime": "2021-07-03 10:56:32", "elapsed": 526.491437, "delta": 1.724433}}
{"target": 0.05681182967036158, "params": {"C": 0.853822255459968, "epsilon": 8.687196110868522, "gamma": 1.9809032783301188, "lamda": 0.1923799676436624}, "datetime": {"datetime": "2021-07-03 10:56:33", "elapsed": 527.65034, "delta": 1.158903}}
{"target": 0.5739740189566382, "params": {"C": 8.242765798544657, "epsilon": 8.021014163921372, "gamma": 0.6899415977461814, "lamda": 0.9632222850621044}, "datetime": {"datetime": "2021-07-03 10:56:34", "elapsed": 528.861104, "delta": 1.210764}}
{"target": 0.5243525980317997, "params": {"C": 9.587693951417618, "epsilon": 3.419341151959895, "gamma": 0.9086527442440872, "lamda": 0.634022816993344}, "datetime": {"datetime": "2021-07-03 10:56:36", "elapsed": 530.049928, "delta": 1.188824}}
{"target": 0.2729139138652473, "params": {"C": 4.827640353597753, "epsilon": 9.84019035327549, "gamma": 1.5556353571056456, "lamda": 0.7103839515143122}, "datetime": {"datetime": "2021-07-03 10:56:37", "elapsed": 531.285626, "delta": 1.235698}}
{"target": 0.16256462595672383, "params": {"C": 1.4801190394692398, "epsilon": 4.416748313545925, "gamma": 1.2814937621274944, "lamda": 0.459149453118194}, "datetime": {"datetime": "2021-07-03 10:56:38", "elapsed": 532.722786, "delta": 1.43716}}
{"target": 0.5723671939368996, "params": {"C": 9.25293705656916, "epsilon": 1.6972117397224615, "gamma": 0.7451518656840725, "lamda": 0.5602508957727512}, "datetime": {"datetime": "2021-07-03 10:56:40", "elapsed": 534.011342, "delta": 1.288556}}
{"target": 0.3883570309015457, "params": {"C": 1.9234680963668576, "epsilon": 9.46638654982921, "gamma": 0.5017047076623121, "lamda": 0.6676850649906477}, "datetime": {"datetime": "2021-07-03 10:56:46", "elapsed": 540.42321, "delta": 6.411868}}
{"target": 0.6026989042778947, "params": {"C": 8.932671959608909, "epsilon": 8.100740756778315, "gamma": 0.6488061559535583, "lamda": 0.43961598287643155}, "datetime": {"datetime": "2021-07-03 10:56:48", "elapsed": 542.065819, "delta": 1.642609}}
{"target": 0.3675600942439349, "params": {"C": 6.216353990276427, "epsilon": 9.18564891142808, "gamma": 1.2401796097175266, "lamda": 0.7149304821196096}, "datetime": {"datetime": "2021-07-03 10:56:50", "elapsed": 544.293867, "delta": 2.228048}}
{"target": 0.3925497314546349, "params": {"C": 7.72074713267849, "epsilon": 4.5681714101821465, "gamma": 1.285138485917736, "lamda": 0.792769346820186}, "datetime": {"datetime": "2021-07-03 10:56:52", "elapsed": 546.34738, "delta": 2.053513}}
{"target": 0.6814409015779338, "params": {"C": 5.923945118467865, "epsilon": 8.768761148662396, "gamma": 0.31764333693489716, "lamda": 0.7227908023567657}, "datetime": {"datetime": "2021-07-03 10:56:53", "elapsed": 547.802492, "delta": 1.455112}}
{"target": 0.07839073541094022, "params": {"C": 0.4498015937448997, "epsilon": 5.550926340434008, "gamma": 1.0312120762075399, "lamda": 0.6430096759547566}, "datetime": {"datetime": "2021-07-03 10:56:55", "elapsed": 549.143421, "delta": 1.340929}}
{"target": 0.41175956981891104, "params": {"C": 6.804306493043357, "epsilon": 7.315052235627321, "gamma": 1.1191278079152494, "lamda": 0.7042661914485632}, "datetime": {"datetime": "2021-07-03 10:56:56", "elapsed": 550.517313, "delta": 1.373892}}
{"target": 0.2539142191951428, "params": {"C": 3.9232446825743037, "epsilon": 0.28364888068485933, "gamma": 1.482152192831704, "lamda": 0.4743986288967089}, "datetime": {"datetime": "2021-07-03 10:56:57", "elapsed": 551.736056, "delta": 1.218743}}
{"target": 0.24918799799822688, "params": {"C": 5.502881701002079, "epsilon": 9.017174147229932, "gamma": 1.951426790108844, "lamda": 0.7905936318339113}, "datetime": {"datetime": "2021-07-03 10:56:59", "elapsed": 553.126341, "delta": 1.390285}}
{"target": 0.2922761784634891, "params": {"C": 3.5925138554160183, "epsilon": 8.229927134779215, "gamma": 1.194190075734945, "lamda": 0.7782345085200988}, "datetime": {"datetime": "2021-07-03 10:57:01", "elapsed": 555.111038, "delta": 1.984697}}
{"target": 0.7275530930288691, "params": {"C": 6.93722787947747, "epsilon": 3.8884455919150507, "gamma": 0.2697023226629481, "lamda": 0.576551275823959}, "datetime": {"datetime": "2021-07-03 10:57:02", "elapsed": 556.3258, "delta": 1.214762}}
{"target": 0.29907769819755525, "params": {"C": 2.352278030700882, "epsilon": 9.863395836505182, "gamma": 0.8811170471853258, "lamda": 0.9748709510485151}, "datetime": {"datetime": "2021-07-03 10:57:04", "elapsed": 558.186818, "delta": 1.861018}}
{"target": 0.5649781179189063, "params": {"C": 8.572008632198086, "epsilon": 1.3627720104483056, "gamma": 0.7266169828703279, "lamda": 0.2368619406736348}, "datetime": {"datetime": "2021-07-03 10:57:05", "elapsed": 559.493327, "delta": 1.306509}}
{"target": 0.6385814393754864, "params": {"C": 8.771837162057686, "epsilon": 7.762829838647223, "gamma": 0.5495235100486054, "lamda": 0.7763511882494395}, "datetime": {"datetime": "2021-07-03 10:57:06", "elapsed": 560.767922, "delta": 1.274595}}
{"target": 0.5673872037980152, "params": {"C": 5.189889556928442, "epsilon": 7.027297972235036, "gamma": 0.49158233379685207, "lamda": 0.7405871702296722}, "datetime": {"datetime": "2021-07-03 10:57:09", "elapsed": 562.997013, "delta": 2.229091}}
{"target": 0.3987368099740273, "params": {"C": 8.708899220264177, "epsilon": 8.38015424219299, "gamma": 1.3614418672235695, "lamda": 0.3539459358782112}, "datetime": {"datetime": "2021-07-03 10:57:10", "elapsed": 564.365951, "delta": 1.368938}}
{"target": 0.35519056280125094, "params": {"C": 8.84976582966401, "epsilon": 5.172595668142299, "gamma": 1.606931062814987, "lamda": 0.49000108213314497}, "datetime": {"datetime": "2021-07-03 10:57:11", "elapsed": 565.654111, "delta": 1.28816}}
{"target": 0.5348393136194289, "params": {"C": 8.976497977422056, "epsilon": 9.424823976413213, "gamma": 0.8437635750717061, "lamda": 0.10803732900537634}, "datetime": {"datetime": "2021-07-03 10:57:13", "elapsed": 566.960231, "delta": 1.30612}}
{"target": 0.6568872246587472, "params": {"C": 2.8312789458942302, "epsilon": 1.6099868302051497, "gamma": 0.19247955633376795, "lamda": 0.885898005834587}, "datetime": {"datetime": "2021-07-03 10:57:14", "elapsed": 568.563166, "delta": 1.602935}}
{"target": 0.107753088805699, "params": {"C": 0.4938484229487725, "epsilon": 9.44915067666908, "gamma": 0.8364759176920772, "lamda": 0.2769163926756073}, "datetime": {"datetime": "2021-07-03 10:57:16", "elapsed": 570.121961, "delta": 1.558795}}
{"target": 0.36337264887282783, "params": {"C": 9.291885731725927, "epsilon": 7.604011376283151, "gamma": 1.6077655326682168, "lamda": 0.994177831741175}, "datetime": {"datetime": "2021-07-03 10:57:18", "elapsed": 572.021012, "delta": 1.899051}}
{"target": 0.6885667319715087, "params": {"C": 2.4490196871693857, "epsilon": 8.526435410112471, "gamma": 0.010646515963959416, "lamda": 0.5408543334074399}, "datetime": {"datetime": "2021-07-03 10:57:19", "elapsed": 573.424961, "delta": 1.403949}}
{"target": 0.12569245890151015, "params": {"C": 1.7234513195884174, "epsilon": 0.9412228985180593, "gamma": 1.8364360161320645, "lamda": 0.4110902576926416}, "datetime": {"datetime": "2021-07-03 10:57:20", "elapsed": 574.713763, "delta": 1.288802}}
{"target": 0.6418594813007048, "params": {"C": 6.937600453286649, "epsilon": 9.59172428680509, "gamma": 0.44408709784611156, "lamda": 0.8524690793969253}, "datetime": {"datetime": "2021-07-03 10:57:22", "elapsed": 576.037228, "delta": 1.323465}}
{"target": 0.3457335833036763, "params": {"C": 4.32637562161178, "epsilon": 5.530147981470016, "gamma": 1.061358092003048, "lamda": 0.9483442888722357}, "datetime": {"datetime": "2021-07-03 10:57:23", "elapsed": 577.679967, "delta": 1.642739}}
{"target": 0.3328815808513862, "params": {"C": 7.9807286771354935, "epsilon": 1.4176258467791305, "gamma": 1.625812926331163, "lamda": 0.821435298173024}, "datetime": {"datetime": "2021-07-03 10:57:25", "elapsed": 579.026374, "delta": 1.346407}}
{"target": 0.3700617562199018, "params": {"C": 7.874397232181708, "epsilon": 2.3907808874912613, "gamma": 1.405270874139954, "lamda": 0.2534120453700831}, "datetime": {"datetime": "2021-07-03 10:57:26", "elapsed": 580.391721, "delta": 1.365347}}
{"target": 0.5698896277723552, "params": {"C": 8.74835002727735, "epsilon": 3.898371652197896, "gamma": 0.7258898985153827, "lamda": 0.8750508688735597}, "datetime": {"datetime": "2021-07-03 10:57:27", "elapsed": 581.695238, "delta": 1.303517}}
{"target": 0.4855329985588911, "params": {"C": 6.002650976565755, "epsilon": 8.559085852880346, "gamma": 0.7839107985721135, "lamda": 0.19948386499288998}, "datetime": {"datetime": "2021-07-03 10:57:30", "elapsed": 584.578533, "delta": 2.883295}}
{"target": 0.1186136110674163, "params": {"C": 0.9289036324747777, "epsilon": 7.993347557431991, "gamma": 1.2260885741921745, "lamda": 0.5868156650052875}, "datetime": {"datetime": "2021-07-03 10:57:33", "elapsed": 587.196207, "delta": 2.617674}}
{"target": 0.48363237878625376, "params": {"C": 4.880952086545453, "epsilon": 6.193285070940329, "gamma": 0.6658654078821474, "lamda": 0.2230473519618611}, "datetime": {"datetime": "2021-07-03 10:57:34", "elapsed": 588.742076, "delta": 1.545869}}
{"target": 0.6683670241105892, "params": {"C": 9.009251580466435, "epsilon": 6.657870491330669, "gamma": 0.48531076428440556, "lamda": 0.9279308394454738}, "datetime": {"datetime": "2021-07-03 10:57:36", "elapsed": 590.136352, "delta": 1.394276}}
{"target": 0.32463605893279424, "params": {"C": 0.4854682398152814, "epsilon": 2.889192732687101, "gamma": 0.21338728216185407, "lamda": 0.5504780367617308}, "datetime": {"datetime": "2021-07-03 10:57:37", "elapsed": 591.723111, "delta": 1.586759}}
{"target": 0.1617887248327341, "params": {"C": 2.1995395930603845, "epsilon": 5.183569006311396, "gamma": 1.7175147914785827, "lamda": 0.3046882043149536}, "datetime": {"datetime": "2021-07-03 10:57:41", "elapsed": 595.690509, "delta": 3.967398}}
{"target": 0.25848889466912506, "params": {"C": 4.72925690607641, "epsilon": 5.713862872384846, "gamma": 1.6459430396349828, "lamda": 0.1831709896819368}, "datetime": {"datetime": "2021-07-03 10:57:43", "elapsed": 597.406924, "delta": 1.716415}}
{"target": 0.2482589495088673, "params": {"C": 2.8707682107080115, "epsilon": 9.819587495711364, "gamma": 1.3117530560617565, "lamda": 0.6076892412014219}, "datetime": {"datetime": "2021-07-03 10:57:45", "elapsed": 599.772602, "delta": 2.365678}}
{"target": 0.43247243321224416, "params": {"C": 4.841131467770273, "epsilon": 5.712686113371645, "gamma": 0.8220817181666388, "lamda": 0.36217607700768195}, "datetime": {"datetime": "2021-07-03 10:57:47", "elapsed": 601.20677, "delta": 1.434168}}
{"target": 0.27958129130054654, "params": {"C": 5.63521117445146, "epsilon": 0.11869093007178767, "gamma": 1.645987198599806, "lamda": 0.8268652772674603}, "datetime": {"datetime": "2021-07-03 10:57:49", "elapsed": 603.363008, "delta": 2.156238}}
{"target": 0.27076479409652676, "params": {"C": 3.3114611601844786, "epsilon": 4.207880604996235, "gamma": 1.2344307097952356, "lamda": 0.2782660107422826}, "datetime": {"datetime": "2021-07-03 10:57:54", "elapsed": 608.767566, "delta": 5.404558}}
{"target": 0.2983311481926817, "params": {"C": 2.6830933423448253, "epsilon": 7.910035064702856, "gamma": 0.9592338603274166, "lamda": 0.8352663224670321}, "datetime": {"datetime": "2021-07-03 10:57:56", "elapsed": 610.662018, "delta": 1.894452}}
{"target": 0.5283728731797501, "params": {"C": 9.004980190775488, "epsilon": 3.8380693890819138, "gamma": 0.8610297489300064, "lamda": 0.3716491025978893}, "datetime": {"datetime": "2021-07-03 10:57:58", "elapsed": 612.263738, "delta": 1.60172}}
