{"target": -8.471931444903221, "params": {"C": 81.30403140878644, "epsilon": 20.42666597959726, "gamma": 0.0491963595717004, "lamda": 0.09386867090635449}, "datetime": {"datetime": "2021-09-20 11:08:14", "elapsed": 1435.285767, "delta": 14.764403}}
{"target": -3.0118377514663752, "params": {"C": 80.84625632219553, "epsilon": 10.282205488270895, "gamma": 0.04641882910465507, "lamda": 0.058079796702028105}, "datetime": {"datetime": "2021-09-20 11:08:29", "elapsed": 1449.621535, "delta": 14.335768}}
{"target": 0.9035603148491718, "params": {"C": 68.07448996503206, "epsilon": 10.718016478325554, "gamma": 0.046398992518348336, "lamda": 0.003125267457276865}, "datetime": {"datetime": "2021-09-20 11:08:29", "elapsed": 1450.273495, "delta": 0.65196}}
{"target": -6.487891272918525, "params": {"C": 81.38526742729628, "epsilon": 16.972361020431343, "gamma": 0.0514488451094484, "lamda": 0.07034404225716091}, "datetime": {"datetime": "2021-09-20 11:08:39", "elapsed": 1459.867389, "delta": 9.593894}}
{"target": -3.2008321398816015, "params": {"C": 75.69542912355284, "epsilon": 13.437887014116038, "gamma": 0.04659521789906911, "lamda": 0.07616742176889353}, "datetime": {"datetime": "2021-09-20 11:08:50", "elapsed": 1471.188479, "delta": 11.32109}}
{"target": -6.7700795327889844, "params": {"C": 81.44218743442725, "epsilon": 17.01456264334934, "gamma": 0.0457067873392958, "lamda": 0.05435029042612461}, "datetime": {"datetime": "2021-09-20 11:09:08", "elapsed": 1488.871388, "delta": 17.682909}}
{"target": -6.0139985510392995, "params": {"C": 84.4137994106845, "epsilon": 16.01924852288547, "gamma": 0.05058430513156573, "lamda": 0.08711079430986328}, "datetime": {"datetime": "2021-09-20 11:09:18", "elapsed": 1499.378117, "delta": 10.506729}}
{"target": -5.65450018642349, "params": {"C": 76.17549276733533, "epsilon": 13.232600786831014, "gamma": 0.04079346660494536, "lamda": 0.10501972239818651}, "datetime": {"datetime": "2021-09-20 11:09:29", "elapsed": 1510.017404, "delta": 10.639287}}
{"target": -7.112664172526943, "params": {"C": 67.73022530030813, "epsilon": 18.230020419918628, "gamma": 0.05078672515365531, "lamda": 0.08286703034018597}, "datetime": {"datetime": "2021-09-20 11:09:45", "elapsed": 1526.004405, "delta": 15.987001}}
{"target": -5.695700971264567, "params": {"C": 86.99364315210148, "epsilon": 13.887803919271818, "gamma": 0.05340052819137466, "lamda": 0.15278199604322432}, "datetime": {"datetime": "2021-09-20 11:10:03", "elapsed": 1544.165082, "delta": 18.160677}}
{"target": -5.8426146994336845, "params": {"C": 78.9399524591426, "epsilon": 12.374420798234281, "gamma": 0.042954356230142245, "lamda": 0.19972644048186836}, "datetime": {"datetime": "2021-09-20 11:10:14", "elapsed": 1555.058295, "delta": 10.893213}}
{"target": -5.433845612702965, "params": {"C": 97.9958911468858, "epsilon": 11.785413838026482, "gamma": 0.041868251027455075, "lamda": 0.15987652520301598}, "datetime": {"datetime": "2021-09-20 11:10:25", "elapsed": 1566.091194, "delta": 11.032899}}
{"target": -6.244400371894605, "params": {"C": 82.62890240846014, "epsilon": 15.22574356580223, "gamma": 0.049994704439751785, "lamda": 0.05606789318392303}, "datetime": {"datetime": "2021-09-20 11:10:41", "elapsed": 1581.992195, "delta": 15.901001}}
{"target": -4.641599321200493, "params": {"C": 98.25805885244708, "epsilon": 14.600700001403759, "gamma": 0.04122532668558457, "lamda": 0.08600415384714827}, "datetime": {"datetime": "2021-09-20 11:10:51", "elapsed": 1592.463897, "delta": 10.471702}}
{"target": -7.288253280471649, "params": {"C": 66.52874008013978, "epsilon": 18.31485568884345, "gamma": 0.04277054196037252, "lamda": 0.0877826286024301}, "datetime": {"datetime": "2021-09-20 11:11:07", "elapsed": 1608.137155, "delta": 15.673258}}
{"target": -8.19285067655268, "params": {"C": 87.2098927706927, "epsilon": 19.78952622278593, "gamma": 0.041217406705970266, "lamda": 0.08841159141001861}, "datetime": {"datetime": "2021-09-20 11:11:17", "elapsed": 1617.870151, "delta": 9.732996}}
{"target": -4.87752847591483, "params": {"C": 74.6216173388481, "epsilon": 12.451891225006602, "gamma": 0.05306038130115968, "lamda": 0.11054928841743898}, "datetime": {"datetime": "2021-09-20 11:11:27", "elapsed": 1627.799592, "delta": 9.929441}}
{"target": -3.0820941961149435, "params": {"C": 83.86580763967629, "epsilon": 13.584576957193825, "gamma": 0.05918628114820281, "lamda": 0.0965553404134719}, "datetime": {"datetime": "2021-09-20 11:11:45", "elapsed": 1645.603158, "delta": 17.803566}}
{"target": -4.86344533488718, "params": {"C": 66.00299594137056, "epsilon": 17.0318246186781, "gamma": 0.043111502251574674, "lamda": 0.020503494202419224}, "datetime": {"datetime": "2021-09-20 11:11:55", "elapsed": 1656.139063, "delta": 10.535905}}
{"target": -3.09648929400476, "params": {"C": 76.45712022341279, "epsilon": 12.865448105359992, "gamma": 0.05535197880690701, "lamda": 0.0687863987441148}, "datetime": {"datetime": "2021-09-20 11:12:11", "elapsed": 1671.825562, "delta": 15.686499}}
{"target": 0.9010479084595328, "params": {"C": 66.00974643178311, "epsilon": 17.06549248300816, "gamma": 0.05379356721458339, "lamda": 0.008760878790449135}, "datetime": {"datetime": "2021-09-20 11:12:12", "elapsed": 1672.728561, "delta": 0.902999}}
{"target": -4.126454813730933, "params": {"C": 97.62925482748388, "epsilon": 19.92399958960801, "gamma": 0.05663135361300227, "lamda": 0.04662306674245818}, "datetime": {"datetime": "2021-09-20 11:12:28", "elapsed": 1688.918864, "delta": 16.190303}}
{"target": -7.455640474844479, "params": {"C": 81.11084970765525, "epsilon": 17.68675414581357, "gamma": 0.04511095890029527, "lamda": 0.14056809197186235}, "datetime": {"datetime": "2021-09-20 11:12:43", "elapsed": 1704.529864, "delta": 15.611}}
{"target": -3.2758386999901896, "params": {"C": 98.88968729438415, "epsilon": 10.600684590095257, "gamma": 0.05139513977249128, "lamda": 0.1145171224278734}, "datetime": {"datetime": "2021-09-20 11:12:53", "elapsed": 1713.952861, "delta": 9.422997}}
{"target": -5.447259377066695, "params": {"C": 75.6974399610145, "epsilon": 13.472367564343621, "gamma": 0.0519873289976408, "lamda": 0.09402435292754617}, "datetime": {"datetime": "2021-09-20 11:13:08", "elapsed": 1729.13283, "delta": 15.179969}}
{"target": -3.93096524399418, "params": {"C": 89.19714992651708, "epsilon": 19.576673383394425, "gamma": 0.04974723933758221, "lamda": 0.027733944292961655}, "datetime": {"datetime": "2021-09-20 11:13:19", "elapsed": 1740.193139, "delta": 11.060309}}
{"target": -5.01266777260665, "params": {"C": 68.99260206415543, "epsilon": 12.045786663128437, "gamma": 0.043659450859073266, "lamda": 0.13629257182843646}, "datetime": {"datetime": "2021-09-20 11:13:34", "elapsed": 1754.992693, "delta": 14.799554}}
{"target": 0.9072488680363051, "params": {"C": 78.1371588228096, "epsilon": 13.294265550725177, "gamma": 0.05755330499278992, "lamda": 0.006293177613666734}, "datetime": {"datetime": "2021-09-20 11:13:35", "elapsed": 1755.651676, "delta": 0.658983}}
{"target": -4.774321523026519, "params": {"C": 91.48393367806325, "epsilon": 17.957350230626474, "gamma": 0.040465348392806876, "lamda": 0.024327153122088753}, "datetime": {"datetime": "2021-09-20 11:13:45", "elapsed": 1765.630538, "delta": 9.978862}}
{"target": -6.696914653569516, "params": {"C": 72.24290433532072, "epsilon": 16.175369216418147, "gamma": 0.047678350206402945, "lamda": 0.03363893249619791}, "datetime": {"datetime": "2021-09-20 11:13:54", "elapsed": 1775.252589, "delta": 9.622051}}
{"target": -2.2646037556825136, "params": {"C": 92.94129429593787, "epsilon": 11.054248919225177, "gamma": 0.05591929095380442, "lamda": 0.16822886242486884}, "datetime": {"datetime": "2021-09-20 11:14:04", "elapsed": 1784.891008, "delta": 9.638419}}
{"target": -3.7158957204418304, "params": {"C": 98.35450156434422, "epsilon": 14.538537402543366, "gamma": 0.05490919010955087, "lamda": 0.09093093010224647}, "datetime": {"datetime": "2021-09-20 11:14:19", "elapsed": 1800.042239, "delta": 15.151231}}
{"target": -3.173803862053771, "params": {"C": 76.44601582350707, "epsilon": 12.842282942874295, "gamma": 0.04551276958867546, "lamda": 0.07868513315175804}, "datetime": {"datetime": "2021-09-20 11:14:28", "elapsed": 1809.203259, "delta": 9.16102}}
{"target": -3.1729253133715023, "params": {"C": 84.78322385515995, "epsilon": 14.957322517136246, "gamma": 0.04095571423326536, "lamda": 0.09214846868605969}, "datetime": {"datetime": "2021-09-20 11:14:38", "elapsed": 1819.236264, "delta": 10.033005}}
{"target": -4.695905265020173, "params": {"C": 72.51601224708489, "epsilon": 10.109233215085458, "gamma": 0.05217135180815987, "lamda": 0.18524821148194612}, "datetime": {"datetime": "2021-09-20 11:14:54", "elapsed": 1834.797663, "delta": 15.561399}}
{"target": -5.601157807952606, "params": {"C": 95.075584174471, "epsilon": 12.582431085940774, "gamma": 0.04965101421134242, "lamda": 0.030656855072818238}, "datetime": {"datetime": "2021-09-20 11:15:09", "elapsed": 1849.872413, "delta": 15.07475}}
{"target": -8.75807572031213, "params": {"C": 92.05525773371966, "epsilon": 21.16910193203642, "gamma": 0.055201809934476764, "lamda": 0.1861977852510157}, "datetime": {"datetime": "2021-09-20 11:15:24", "elapsed": 1864.763018, "delta": 14.890605}}
{"target": -3.8592331672740814, "params": {"C": 78.32425784189365, "epsilon": 11.022016472130122, "gamma": 0.04871630450233456, "lamda": 0.03495343559593337}, "datetime": {"datetime": "2021-09-20 11:15:34", "elapsed": 1874.613806, "delta": 9.850788}}
{"target": -3.710744748044081, "params": {"C": 88.15905379458741, "epsilon": 13.323569297914892, "gamma": 0.05613446666787946, "lamda": 0.040806749220601374}, "datetime": {"datetime": "2021-09-20 11:15:43", "elapsed": 1884.074626, "delta": 9.46082}}
{"target": -6.453101796874132, "params": {"C": 98.8991924473219, "epsilon": 19.205235237910436, "gamma": 0.041009580614213025, "lamda": 0.006419288491847437}, "datetime": {"datetime": "2021-09-20 11:15:53", "elapsed": 1893.775648, "delta": 9.701022}}
{"target": 0.9021783172266051, "params": {"C": 71.347839621772, "epsilon": 17.33719623541216, "gamma": 0.04306663230191286, "lamda": 0.0009358901778092463}, "datetime": {"datetime": "2021-09-20 11:15:53", "elapsed": 1894.493215, "delta": 0.717567}}
{"target": -2.881097862539567, "params": {"C": 94.82612427914161, "epsilon": 11.14099897176641, "gamma": 0.058158681215350116, "lamda": 0.07592090619098747}, "datetime": {"datetime": "2021-09-20 11:16:08", "elapsed": 1909.491326, "delta": 14.998111}}
{"target": -6.643998714735963, "params": {"C": 89.65502297936354, "epsilon": 16.319853311485332, "gamma": 0.04473763240028138, "lamda": 0.17517174863473195}, "datetime": {"datetime": "2021-09-20 11:16:24", "elapsed": 1925.481016, "delta": 15.98969}}
{"target": -5.418176640959149, "params": {"C": 78.81067392586681, "epsilon": 11.130613347900033, "gamma": 0.04584259167133478, "lamda": 0.13863752586535047}, "datetime": {"datetime": "2021-09-20 11:16:34", "elapsed": 1935.197785, "delta": 9.716769}}
{"target": -3.415292661936264, "params": {"C": 95.28287674735768, "epsilon": 14.501062271405415, "gamma": 0.05888494014647293, "lamda": 0.12641115330693428}, "datetime": {"datetime": "2021-09-20 11:16:49", "elapsed": 1949.653426, "delta": 14.455641}}
{"target": -5.068981043731288, "params": {"C": 93.66563557801365, "epsilon": 12.704079067510538, "gamma": 0.04833014292398763, "lamda": 0.11629285759351826}, "datetime": {"datetime": "2021-09-20 11:17:04", "elapsed": 1965.095788, "delta": 15.442362}}
{"target": -4.857112303661669, "params": {"C": 78.14746353730332, "epsilon": 13.252004075452556, "gamma": 0.04308827031138727, "lamda": 0.012932797663239867}, "datetime": {"datetime": "2021-09-20 11:17:14", "elapsed": 1974.650567, "delta": 9.554779}}
{"target": -8.600725491831847, "params": {"C": 69.8382574278848, "epsilon": 21.071066860779297, "gamma": 0.04092867145401128, "lamda": 0.07979592202967076}, "datetime": {"datetime": "2021-09-20 11:17:23", "elapsed": 1984.201717, "delta": 9.55115}}
{"target": -6.119677660528202, "params": {"C": 69.95842592795059, "epsilon": 15.361052216633697, "gamma": 0.051059130368533254, "lamda": 0.15092039175092425}, "datetime": {"datetime": "2021-09-20 11:17:38", "elapsed": 1998.995069, "delta": 14.793352}}
{"target": -7.063583003599591, "params": {"C": 68.62383544450724, "epsilon": 17.690547610399484, "gamma": 0.05190625762062792, "lamda": 0.19627924702659363}, "datetime": {"datetime": "2021-09-20 11:17:57", "elapsed": 2018.111383, "delta": 19.116314}}
{"target": -7.13082673774619, "params": {"C": 79.80678368894527, "epsilon": 17.72000446150691, "gamma": 0.04853510351351099, "lamda": 0.1654662492339538}, "datetime": {"datetime": "2021-09-20 11:18:13", "elapsed": 2033.998009, "delta": 15.886626}}
{"target": -4.392705302772682, "params": {"C": 80.80792411782414, "epsilon": 10.313528825469216, "gamma": 0.05396649239373459, "lamda": 0.1325485440838665}, "datetime": {"datetime": "2021-09-20 11:18:23", "elapsed": 2043.99501, "delta": 9.997001}}
{"target": -6.185812755219443, "params": {"C": 71.36960084612312, "epsilon": 17.31944404077847, "gamma": 0.04097136630257863, "lamda": 0.01216300290316686}, "datetime": {"datetime": "2021-09-20 11:18:32", "elapsed": 2052.837008, "delta": 8.841998}}
{"target": -4.207711778095189, "params": {"C": 71.9524636140646, "epsilon": 13.178693939246575, "gamma": 0.04088272819392644, "lamda": 0.06327028462679932}, "datetime": {"datetime": "2021-09-20 11:18:44", "elapsed": 2064.63079, "delta": 11.793782}}
{"target": -6.09195898698405, "params": {"C": 84.7737456105144, "epsilon": 14.989202152872688, "gamma": 0.05203313772046485, "lamda": 0.12649595362661786}, "datetime": {"datetime": "2021-09-20 11:18:59", "elapsed": 2079.590069, "delta": 14.959279}}
{"target": -6.039447629021956, "params": {"C": 71.15733244712311, "epsilon": 15.505898556389232, "gamma": 0.052564928524228165, "lamda": 0.18723072468962138}, "datetime": {"datetime": "2021-09-20 11:19:14", "elapsed": 2095.180918, "delta": 15.590849}}
{"target": -2.1887404185420767, "params": {"C": 95.27747547236537, "epsilon": 14.49140066457031, "gamma": 0.05055838898243982, "lamda": 0.13645258380234396}, "datetime": {"datetime": "2021-09-20 11:19:25", "elapsed": 2106.37186, "delta": 11.190942}}
{"target": 0.8993680240621797, "params": {"C": 86.89938613560352, "epsilon": 20.09796949268277, "gamma": 0.05340292899791474, "lamda": 0.0019338802836461877}, "datetime": {"datetime": "2021-09-20 11:19:26", "elapsed": 2107.107854, "delta": 0.735994}}
{"target": -6.643355289518091, "params": {"C": 91.39287731555598, "epsilon": 18.87754383649338, "gamma": 0.05583641154659066, "lamda": 0.17233041642378938}, "datetime": {"datetime": "2021-09-20 11:19:37", "elapsed": 2117.850067, "delta": 10.742213}}
{"target": -3.238221908743985, "params": {"C": 94.83807764159155, "epsilon": 11.150218623165365, "gamma": 0.05753563990595763, "lamda": 0.06750391669087696}, "datetime": {"datetime": "2021-09-20 11:19:47", "elapsed": 2127.709022, "delta": 9.858955}}
{"target": -4.309100894022542, "params": {"C": 68.05449375506431, "epsilon": 10.723343749346903, "gamma": 0.045094034250331996, "lamda": 0.010355860633144212}, "datetime": {"datetime": "2021-09-20 11:19:57", "elapsed": 2138.003734, "delta": 10.294712}}
{"target": -6.934571374463708, "params": {"C": 79.61537392164149, "epsilon": 16.902014936048353, "gamma": 0.04756495781294607, "lamda": 0.132541820478967}, "datetime": {"datetime": "2021-09-20 11:20:12", "elapsed": 2153.193423, "delta": 15.189689}}
{"target": -3.074260853065626, "params": {"C": 92.9445558261011, "epsilon": 11.043449024541275, "gamma": 0.05849793639926029, "lamda": 0.17482267375893065}, "datetime": {"datetime": "2021-09-20 11:20:27", "elapsed": 2167.92425, "delta": 14.730827}}
{"target": -8.517919857651547, "params": {"C": 93.30875676676851, "epsilon": 21.07753826378584, "gamma": 0.04911989643397502, "lamda": 0.17572759822696746}, "datetime": {"datetime": "2021-09-20 11:20:43", "elapsed": 2183.747087, "delta": 15.822837}}
{"target": -4.211442387523369, "params": {"C": 81.42671079230341, "epsilon": 16.958074641122032, "gamma": 0.059421357969596314, "lamda": 0.06803876037299258}, "datetime": {"datetime": "2021-09-20 11:20:53", "elapsed": 2194.039652, "delta": 10.292565}}
{"target": -5.942769216676848, "params": {"C": 98.43996714413808, "epsilon": 14.536877739357479, "gamma": 0.04784916101323741, "lamda": 0.14377744836463244}, "datetime": {"datetime": "2021-09-20 11:21:08", "elapsed": 2209.073224, "delta": 15.033572}}
{"target": -3.4308834941336617, "params": {"C": 74.88503195655656, "epsilon": 10.742668247412347, "gamma": 0.057142795171893745, "lamda": 0.06383223316529998}, "datetime": {"datetime": "2021-09-20 11:21:19", "elapsed": 2219.893665, "delta": 10.820441}}
{"target": -7.054897663222281, "params": {"C": 84.28025311399404, "epsilon": 18.405301130923018, "gamma": 0.05327011064671268, "lamda": 0.11210743424173827}, "datetime": {"datetime": "2021-09-20 11:21:37", "elapsed": 2237.676856, "delta": 17.783191}}
{"target": -5.035587286051447, "params": {"C": 77.57373918379642, "epsilon": 12.622419438931608, "gamma": 0.04458207654106149, "lamda": 0.08883698822174518}, "datetime": {"datetime": "2021-09-20 11:21:54", "elapsed": 2255.097023, "delta": 17.420167}}
{"target": -2.8364013943288464, "params": {"C": 76.33386657631699, "epsilon": 10.008276901605562, "gamma": 0.0536547908724331, "lamda": 0.06945555498685714}, "datetime": {"datetime": "2021-09-20 11:22:07", "elapsed": 2268.353025, "delta": 13.256002}}
{"target": -7.5817165582280435, "params": {"C": 87.87774581162569, "epsilon": 19.7175495615926, "gamma": 0.046486921968943745, "lamda": 0.1493372804667291}, "datetime": {"datetime": "2021-09-20 11:22:24", "elapsed": 2285.108838, "delta": 16.755813}}
{"target": 0.9071522802523146, "params": {"C": 75.77859188227333, "epsilon": 12.797929859549312, "gamma": 0.05749480657377322, "lamda": 0.039766845658618495}, "datetime": {"datetime": "2021-09-20 11:22:25", "elapsed": 2286.165163, "delta": 1.056325}}
{"target": -5.309313683990038, "params": {"C": 90.94184418083924, "epsilon": 12.937014435617732, "gamma": 0.04819303033584676, "lamda": 0.04675820674422651}, "datetime": {"datetime": "2021-09-20 11:22:37", "elapsed": 2297.764915, "delta": 11.599752}}
{"target": -1.9459029165529573, "params": {"C": 89.240542275747, "epsilon": 19.630761138496, "gamma": 0.059714884009230314, "lamda": 0.01722893465679211}, "datetime": {"datetime": "2021-09-20 11:22:48", "elapsed": 2309.335523, "delta": 11.570608}}
{"target": -6.882309598097463, "params": {"C": 93.8384882589908, "epsilon": 18.242398277432827, "gamma": 0.04378535850504644, "lamda": 0.10878948909084697}, "datetime": {"datetime": "2021-09-20 11:23:04", "elapsed": 2325.178114, "delta": 15.842591}}
{"target": -6.436643370158315, "params": {"C": 95.30376969554334, "epsilon": 14.47724192510095, "gamma": 0.04249089863713352, "lamda": 0.16193479592068483}, "datetime": {"datetime": "2021-09-20 11:23:14", "elapsed": 2335.134606, "delta": 9.956492}}
{"target": -6.134860518758084, "params": {"C": 98.57181246025846, "epsilon": 15.101536826802112, "gamma": 0.045476261511252676, "lamda": 0.19939197070456394}, "datetime": {"datetime": "2021-09-20 11:23:30", "elapsed": 2350.919257, "delta": 15.784651}}
{"target": -3.792737303964371, "params": {"C": 76.34548642164891, "epsilon": 10.00310255939254, "gamma": 0.0406811334222014, "lamda": 0.09189227589807454}, "datetime": {"datetime": "2021-09-20 11:23:45", "elapsed": 2366.173647, "delta": 15.25439}}
{"target": -6.268873923500936, "params": {"C": 95.46123274818427, "epsilon": 16.64965389505972, "gamma": 0.05028838516539666, "lamda": 0.005363684227621709}, "datetime": {"datetime": "2021-09-20 11:23:55", "elapsed": 2376.425436, "delta": 10.251789}}
{"target": -4.463335532968812, "params": {"C": 75.8134293119321, "epsilon": 12.78572546922066, "gamma": 0.04369312894609598, "lamda": 0.022556145215779564}, "datetime": {"datetime": "2021-09-20 11:24:06", "elapsed": 2386.761332, "delta": 10.335896}}
{"target": -7.961317199855268, "params": {"C": 97.61456564414974, "epsilon": 19.936892508913516, "gamma": 0.04332402690340931, "lamda": 0.06580570095887191}, "datetime": {"datetime": "2021-09-20 11:24:23", "elapsed": 2403.992472, "delta": 17.23114}}
{"target": -2.991671190401425, "params": {"C": 72.79329270581782, "epsilon": 10.64278885983429, "gamma": 0.05428988867006013, "lamda": 0.10677746401959064}, "datetime": {"datetime": "2021-09-20 11:24:37", "elapsed": 2418.028516, "delta": 14.036044}}
{"target": -3.3586830778152956, "params": {"C": 84.83800191989982, "epsilon": 15.904550392164328, "gamma": 0.06, "lamda": 0.14002677004025296}, "datetime": {"datetime": "2021-09-20 11:24:46", "elapsed": 2427.313585, "delta": 9.285069}}
{"target": -3.461414269910798, "params": {"C": 92.94699472648576, "epsilon": 20.959884699105764, "gamma": 0.05872972184156784, "lamda": 0.06851157241294041}, "datetime": {"datetime": "2021-09-20 11:24:56", "elapsed": 2437.107988, "delta": 9.794403}}
{"target": -7.234781916054585, "params": {"C": 72.0341260947857, "epsilon": 17.49347865570807, "gamma": 0.04509531783550469, "lamda": 0.08843577430426736}, "datetime": {"datetime": "2021-09-20 11:25:11", "elapsed": 2452.545295, "delta": 15.437307}}
{"target": -5.580384229006305, "params": {"C": 95.24689869464063, "epsilon": 14.492918719902082, "gamma": 0.05324633119137345, "lamda": 0.14367489915802897}, "datetime": {"datetime": "2021-09-20 11:25:21", "elapsed": 2462.422412, "delta": 9.877117}}
{"target": -5.098735189889275, "params": {"C": 86.87261856000035, "epsilon": 20.106585868085887, "gamma": 0.04970647430218655, "lamda": 0.00977562359647497}, "datetime": {"datetime": "2021-09-20 11:25:31", "elapsed": 2472.326013, "delta": 9.903601}}
