{"target": -3.1743463023011023, "params": {"C": 95.52164642950959, "epsilon": 16.145435217570142, "gamma": 0.06515137671290545, "lamda": 0.16366374233575326}, "datetime": {"datetime": "2021-09-20 16:36:25", "elapsed": 4655.185057, "delta": 24.086579}}
{"target": -3.628840433533063, "params": {"C": 66.77159129456172, "epsilon": 18.25347115568146, "gamma": 0.053867158653492696, "lamda": 0.06359856087445898}, "datetime": {"datetime": "2021-09-20 16:36:48", "elapsed": 4678.201737, "delta": 23.01668}}
{"target": -5.061985516339174, "params": {"C": 82.37907501965286, "epsilon": 13.01957068911081, "gamma": 0.05181725037374656, "lamda": 0.17860953402636628}, "datetime": {"datetime": "2021-09-20 16:37:17", "elapsed": 4707.599493, "delta": 29.397756}}
{"target": -3.623639607299028, "params": {"C": 76.39958397558947, "epsilon": 12.916076093667492, "gamma": 0.050122809975126636, "lamda": 0.04212539779874083}, "datetime": {"datetime": "2021-09-20 16:37:37", "elapsed": 4726.676137, "delta": 19.076644}}
{"target": -6.792633680651641, "params": {"C": 78.06993031785018, "epsilon": 16.250121433486285, "gamma": 0.04442942059568998, "lamda": 0.1369289806370928}, "datetime": {"datetime": "2021-09-20 16:38:01", "elapsed": 4751.201594, "delta": 24.525457}}
{"target": 0.9023410137038849, "params": {"C": 79.95335130885971, "epsilon": 12.950398214686697, "gamma": 0.06959903574249222, "lamda": 0.0033607682036912983}, "datetime": {"datetime": "2021-09-20 16:38:06", "elapsed": 4756.266506, "delta": 5.064912}}
{"target": -2.6546967406430593, "params": {"C": 88.18157753668741, "epsilon": 12.591606692761918, "gamma": 0.06336943266569325, "lamda": 0.17488725170975836}, "datetime": {"datetime": "2021-09-20 16:38:29", "elapsed": 4779.032101, "delta": 22.765595}}
{"target": -1.7236443403214805, "params": {"C": 98.4223091955986, "epsilon": 14.25370230624193, "gamma": 0.07092008909076804, "lamda": 0.04151436121463556}, "datetime": {"datetime": "2021-09-20 16:38:49", "elapsed": 4798.940777, "delta": 19.908676}}
{"target": -4.545847692057061, "params": {"C": 94.95641360169061, "epsilon": 11.440255840526138, "gamma": 0.04562891441243294, "lamda": 0.0165460828418308}, "datetime": {"datetime": "2021-09-20 16:39:07", "elapsed": 4817.179417, "delta": 18.23864}}
{"target": -3.3404353673281815, "params": {"C": 98.7628057412023, "epsilon": 13.824978917289368, "gamma": 0.059989832696524345, "lamda": 0.06606077145231407}, "datetime": {"datetime": "2021-09-20 16:39:40", "elapsed": 4849.671889, "delta": 32.492472}}
{"target": -1.5946008737773507, "params": {"C": 76.37851107065978, "epsilon": 12.856005918554041, "gamma": 0.07327215398922514, "lamda": 0.07432098168571631}, "datetime": {"datetime": "2021-09-20 16:40:02", "elapsed": 4871.904846, "delta": 22.232957}}
{"target": -4.527367217784196, "params": {"C": 68.57167031958699, "epsilon": 12.381622264456203, "gamma": 0.060987813404202035, "lamda": 0.16682349821737216}, "datetime": {"datetime": "2021-09-20 16:40:21", "elapsed": 4890.911428, "delta": 19.006582}}
{"target": -5.971228177380776, "params": {"C": 95.08080246533979, "epsilon": 15.749356001731982, "gamma": 0.0517451795590361, "lamda": 0.06623060784887443}, "datetime": {"datetime": "2021-09-20 16:40:43", "elapsed": 4912.96177, "delta": 22.050342}}
{"target": -3.5283301165683936, "params": {"C": 99.8055848074552, "epsilon": 15.043843918787688, "gamma": 0.054367522290259644, "lamda": 0.101578265341679}, "datetime": {"datetime": "2021-09-20 16:41:05", "elapsed": 4935.549102, "delta": 22.587332}}
{"target": -2.754042305848768, "params": {"C": 72.5640599684417, "epsilon": 13.914106351888432, "gamma": 0.06714527932409353, "lamda": 0.015432759685086986}, "datetime": {"datetime": "2021-09-20 16:41:33", "elapsed": 4963.560693, "delta": 28.011591}}
{"target": -2.749672731703836, "params": {"C": 86.8958618487567, "epsilon": 14.15620981910797, "gamma": 0.07280399866083158, "lamda": 0.15960147919605103}, "datetime": {"datetime": "2021-09-20 16:41:49", "elapsed": 4978.887967, "delta": 15.327274}}
{"target": -7.95547753383903, "params": {"C": 76.53176527813984, "epsilon": 19.81866839750645, "gamma": 0.04534923739815611, "lamda": 0.0067456046328895425}, "datetime": {"datetime": "2021-09-20 16:42:09", "elapsed": 4998.828831, "delta": 19.940864}}
{"target": -4.124673866134909, "params": {"C": 99.8290153736481, "epsilon": 11.362382507796784, "gamma": 0.05712036344799959, "lamda": 0.01383802404647393}, "datetime": {"datetime": "2021-09-20 16:42:31", "elapsed": 5020.871899, "delta": 22.043068}}
{"target": -4.931618118243107, "params": {"C": 68.23967579178515, "epsilon": 10.654919321202604, "gamma": 0.047558450173351835, "lamda": 0.00972982062743933}, "datetime": {"datetime": "2021-09-20 16:42:52", "elapsed": 5042.07251, "delta": 21.200611}}
{"target": -4.650185315896211, "params": {"C": 76.35965836466912, "epsilon": 12.863934723423409, "gamma": 0.05371507706659572, "lamda": 0.01503444390501394}, "datetime": {"datetime": "2021-09-20 16:43:11", "elapsed": 5060.942064, "delta": 18.869554}}
{"target": 0.9025646106569343, "params": {"C": 68.19387426276909, "epsilon": 10.657052006269225, "gamma": 0.08, "lamda": 0.01335708131686731}, "datetime": {"datetime": "2021-09-20 16:43:15", "elapsed": 5065.513944, "delta": 4.57188}}
{"target": -1.1457942669273602, "params": {"C": 95.93224789050097, "epsilon": 12.788126581741869, "gamma": 0.07886549660153643, "lamda": 0.03492258591463297}, "datetime": {"datetime": "2021-09-20 16:43:36", "elapsed": 5085.983076, "delta": 20.469132}}
{"target": -3.2706354465006457, "params": {"C": 75.1671033745957, "epsilon": 18.23439216404077, "gamma": 0.07340354577328678, "lamda": 0.1413765773718424}, "datetime": {"datetime": "2021-09-20 16:44:04", "elapsed": 5114.310326, "delta": 28.32725}}
{"target": -4.395432510514172, "params": {"C": 96.0038781415506, "epsilon": 12.84052869445293, "gamma": 0.04641934708407376, "lamda": 0.02064761275985645}, "datetime": {"datetime": "2021-09-20 16:44:24", "elapsed": 5133.668917, "delta": 19.358591}}
{"target": -3.783959358131197, "params": {"C": 98.85169876906042, "epsilon": 19.223908998450675, "gamma": 0.057444574598013956, "lamda": 0.10826366685309076}, "datetime": {"datetime": "2021-09-20 16:44:53", "elapsed": 5163.000575, "delta": 29.331658}}
{"target": -5.8473498580216825, "params": {"C": 83.50767780303002, "epsilon": 13.839244463787962, "gamma": 0.04545502348547731, "lamda": 0.1937228537311814}, "datetime": {"datetime": "2021-09-20 16:45:29", "elapsed": 5199.049503, "delta": 36.048928}}
{"target": -4.931751087638023, "params": {"C": 93.06469636558971, "epsilon": 10.753667028094718, "gamma": 0.05226359725876259, "lamda": 0.1312040148883135}, "datetime": {"datetime": "2021-09-20 16:46:01", "elapsed": 5230.990992, "delta": 31.941489}}
{"target": -7.2107225837256586, "params": {"C": 66.77490629913866, "epsilon": 18.201267693104313, "gamma": 0.044179515180457304, "lamda": 0.06117875528897235}, "datetime": {"datetime": "2021-09-20 16:46:34", "elapsed": 5264.489541, "delta": 33.498549}}
{"target": -2.632936131196707, "params": {"C": 90.57078443646577, "epsilon": 13.375766151951899, "gamma": 0.06972648023962207, "lamda": 0.14662580461747923}, "datetime": {"datetime": "2021-09-20 16:47:03", "elapsed": 5293.005911, "delta": 28.51637}}
{"target": 0.90084330489533, "params": {"C": 67.3892186267432, "epsilon": 13.693797393561562, "gamma": 0.07275127472720537, "lamda": 0.02354539862132636}, "datetime": {"datetime": "2021-09-20 16:47:07", "elapsed": 5297.164398, "delta": 4.158487}}
{"target": -2.8739352968277885, "params": {"C": 80.0216558592401, "epsilon": 11.508933733463603, "gamma": 0.05932292366484143, "lamda": 0.18914501720606297}, "datetime": {"datetime": "2021-09-20 16:47:34", "elapsed": 5323.950696, "delta": 26.786298}}
{"target": -3.7555070721880233, "params": {"C": 91.99687953954783, "epsilon": 18.433002941920133, "gamma": 0.05778934126989757, "lamda": 0.0899768035898629}, "datetime": {"datetime": "2021-09-20 16:47:56", "elapsed": 5345.72339, "delta": 21.772694}}
{"target": -3.1888490185683054, "params": {"C": 94.89996416274643, "epsilon": 11.38869489425159, "gamma": 0.06220311380169023, "lamda": 0.02045135308812081}, "datetime": {"datetime": "2021-09-20 16:48:11", "elapsed": 5361.132351, "delta": 15.408961}}
{"target": -2.3417485149330113, "params": {"C": 98.043004958073, "epsilon": 19.411905497328043, "gamma": 0.06200268987973308, "lamda": 0.023868639257697062}, "datetime": {"datetime": "2021-09-20 16:48:28", "elapsed": 5378.638804, "delta": 17.506453}}
{"target": 0.9062058451454671, "params": {"C": 72.54704147578066, "epsilon": 14.028214232571273, "gamma": 0.05949873678998002, "lamda": 0.002781071455929784}, "datetime": {"datetime": "2021-09-20 16:48:33", "elapsed": 5382.855338, "delta": 4.216534}}
{"target": -3.47178427720357, "params": {"C": 73.53312941225133, "epsilon": 14.217710193720306, "gamma": 0.05666910228180008, "lamda": 0.044314501126718774}, "datetime": {"datetime": "2021-09-20 16:49:01", "elapsed": 5410.780774, "delta": 27.925436}}
{"target": -7.933354120832705, "params": {"C": 86.70261737756302, "epsilon": 20.12421836080639, "gamma": 0.048855703805171, "lamda": 0.08884608604958101}, "datetime": {"datetime": "2021-09-20 16:49:28", "elapsed": 5437.735573, "delta": 26.954799}}
{"target": -6.659161886228371, "params": {"C": 99.98266903646689, "epsilon": 17.2198292127958, "gamma": 0.04782889949736973, "lamda": 0.02526732998828876}, "datetime": {"datetime": "2021-09-20 16:49:47", "elapsed": 5457.019338, "delta": 19.283765}}
{"target": -1.7420701242739116, "params": {"C": 84.12302713322003, "epsilon": 15.004560863087326, "gamma": 0.07062142245608476, "lamda": 0.06938618609384181}, "datetime": {"datetime": "2021-09-20 16:50:03", "elapsed": 5472.74329, "delta": 15.723952}}
{"target": -6.745590783322548, "params": {"C": 80.40239183678514, "epsilon": 15.520357958455353, "gamma": 0.04378146104214677, "lamda": 0.18120851685059353}, "datetime": {"datetime": "2021-09-20 16:50:20", "elapsed": 5489.824808, "delta": 17.081518}}
{"target": -2.4268457331565103, "params": {"C": 83.76776234591584, "epsilon": 10.509768264656369, "gamma": 0.06562597923011636, "lamda": 0.15420138044815376}, "datetime": {"datetime": "2021-09-20 16:50:34", "elapsed": 5504.43321, "delta": 14.608402}}
{"target": -2.9786739460441574, "params": {"C": 88.02269557938577, "epsilon": 15.975074660254041, "gamma": 0.07258968382268755, "lamda": 0.021291901584319865}, "datetime": {"datetime": "2021-09-20 16:50:49", "elapsed": 5519.364635, "delta": 14.931425}}
{"target": -5.651112065152594, "params": {"C": 72.54895784742645, "epsilon": 14.048140416201946, "gamma": 0.04183866420352521, "lamda": 0.059436811522643164}, "datetime": {"datetime": "2021-09-20 16:51:08", "elapsed": 5538.271414, "delta": 18.906779}}
{"target": 0.9054103456203443, "params": {"C": 79.95178685032602, "epsilon": 12.975445919292412, "gamma": 0.06595749306675713, "lamda": 0.010993036325196432}, "datetime": {"datetime": "2021-09-20 16:51:12", "elapsed": 5541.730054, "delta": 3.45864}}
{"target": 0.9019007861619555, "params": {"C": 76.42130289774887, "epsilon": 12.857138705810819, "gamma": 0.072906778061013, "lamda": 0.03988394423707787}, "datetime": {"datetime": "2021-09-20 16:51:17", "elapsed": 5547.578683, "delta": 5.848629}}
{"target": -2.111873298525826, "params": {"C": 82.02910081862937, "epsilon": 16.39031672449775, "gamma": 0.06286657551853553, "lamda": 0.028619104032325586}, "datetime": {"datetime": "2021-09-20 16:51:35", "elapsed": 5564.731191, "delta": 17.152508}}
{"target": -5.737172426903471, "params": {"C": 89.40472256179501, "epsilon": 13.426340949280872, "gamma": 0.04367928482704864, "lamda": 0.1935828821562456}, "datetime": {"datetime": "2021-09-20 16:52:04", "elapsed": 5593.70654, "delta": 28.975349}}
{"target": -2.640701774940459, "params": {"C": 73.51004828801464, "epsilon": 14.180957004103293, "gamma": 0.056334542829648795, "lamda": 0.09579849475947286}, "datetime": {"datetime": "2021-09-20 16:52:29", "elapsed": 5619.451617, "delta": 25.745077}}
{"target": -5.708835399434833, "params": {"C": 72.71998218109202, "epsilon": 14.924166146593597, "gamma": 0.054428121404571095, "lamda": 0.1790688637016551}, "datetime": {"datetime": "2021-09-20 16:52:56", "elapsed": 5645.681179, "delta": 26.229562}}
{"target": -1.621007733034551, "params": {"C": 68.51752642084172, "epsilon": 20.71641192795947, "gamma": 0.06496358520985557, "lamda": 0.07477758194057317}, "datetime": {"datetime": "2021-09-20 16:53:13", "elapsed": 5663.34685, "delta": 17.665671}}
{"target": -2.688693583518897, "params": {"C": 72.85899316183533, "epsilon": 13.274637865963928, "gamma": 0.07740443233213737, "lamda": 0.028299841265497186}, "datetime": {"datetime": "2021-09-20 16:53:43", "elapsed": 5693.093063, "delta": 29.746213}}
{"target": -3.5022306939717742, "params": {"C": 73.51122164321218, "epsilon": 14.1085164079145, "gamma": 0.057531068151852126, "lamda": 0.013291742506798356}, "datetime": {"datetime": "2021-09-20 16:54:08", "elapsed": 5717.770775, "delta": 24.677712}}
{"target": -5.827044283373992, "params": {"C": 81.71290762145001, "epsilon": 13.724931623277994, "gamma": 0.04101576865430039, "lamda": 0.19844459437271744}, "datetime": {"datetime": "2021-09-20 16:54:25", "elapsed": 5734.797972, "delta": 17.027197}}
{"target": 0.9062326821733664, "params": {"C": 76.45522716776695, "epsilon": 12.891644192245458, "gamma": 0.06182811424626575, "lamda": 0.007721677862634395}, "datetime": {"datetime": "2021-09-20 16:54:29", "elapsed": 5738.926434, "delta": 4.128462}}
{"target": 0.9014139006642025, "params": {"C": 83.51367744052091, "epsilon": 18.527054067743418, "gamma": 0.07600944437440338, "lamda": 0.028562182546932033}, "datetime": {"datetime": "2021-09-20 16:54:32", "elapsed": 5742.113918, "delta": 3.187484}}
{"target": -5.415733923818501, "params": {"C": 71.37120940310737, "epsilon": 15.811655522125431, "gamma": 0.0588910786963613, "lamda": 0.010779116041728501}, "datetime": {"datetime": "2021-09-20 16:54:52", "elapsed": 5762.033039, "delta": 19.919121}}
{"target": -1.566124873170454, "params": {"C": 96.72226084767092, "epsilon": 11.452537506674133, "gamma": 0.0701626316773848, "lamda": 0.04493978364099445}, "datetime": {"datetime": "2021-09-20 16:55:14", "elapsed": 5784.606683, "delta": 22.573644}}
{"target": -3.14579373144916, "params": {"C": 82.30766891003167, "epsilon": 12.938620536230648, "gamma": 0.06032786860918458, "lamda": 0.08800986559024244}, "datetime": {"datetime": "2021-09-20 16:55:29", "elapsed": 5799.111139, "delta": 14.504456}}
{"target": -2.8232548789208813, "params": {"C": 73.40105262862323, "epsilon": 13.028320950132462, "gamma": 0.07989369081226903, "lamda": 0.019759410824316103}, "datetime": {"datetime": "2021-09-20 16:55:52", "elapsed": 5822.427333, "delta": 23.316194}}
{"target": -2.6432146115499537, "params": {"C": 68.21797711843872, "epsilon": 10.675136517793515, "gamma": 0.06618727914820333, "lamda": 0.11301619706801652}, "datetime": {"datetime": "2021-09-20 16:56:20", "elapsed": 5849.781204, "delta": 27.353871}}
{"target": 0.9008308027754871, "params": {"C": 71.37501955472275, "epsilon": 15.738476465579085, "gamma": 0.06517541728158466, "lamda": 0.010365839311476806}, "datetime": {"datetime": "2021-09-20 16:56:24", "elapsed": 5854.413383, "delta": 4.632179}}
{"target": -1.5248607314108393, "params": {"C": 99.36282332765131, "epsilon": 18.532820640170826, "gamma": 0.0763888737235094, "lamda": 0.02666779327670908}, "datetime": {"datetime": "2021-09-20 16:56:41", "elapsed": 5871.403595, "delta": 16.990212}}
{"target": 0.9019584474012239, "params": {"C": 76.45677597125393, "epsilon": 12.936103589898233, "gamma": 0.07252027119551538, "lamda": 0.03160214048912541}, "datetime": {"datetime": "2021-09-20 16:56:48", "elapsed": 5877.84437, "delta": 6.440775}}
{"target": -3.9360552727209557, "params": {"C": 83.47264602469792, "epsilon": 18.492931269238728, "gamma": 0.0508654187809228, "lamda": 0.04508278718886837}, "datetime": {"datetime": "2021-09-20 16:57:05", "elapsed": 5895.599707, "delta": 17.755337}}
{"target": -9.200522247977675, "params": {"C": 91.13040501103117, "epsilon": 21.771844351599768, "gamma": 0.051227871197400125, "lamda": 0.17881916119291832}, "datetime": {"datetime": "2021-09-20 16:57:29", "elapsed": 5918.778854, "delta": 23.179147}}
{"target": -9.34332623958164, "params": {"C": 86.6196684661314, "epsilon": 21.987300578201356, "gamma": 0.040754978196736014, "lamda": 0.11958379863241157}, "datetime": {"datetime": "2021-09-20 16:57:44", "elapsed": 5933.752203, "delta": 14.973349}}
{"target": -5.048356286158815, "params": {"C": 66.67699367171863, "epsilon": 18.276724575530665, "gamma": 0.043928032842270426, "lamda": 0.026803683088341513}, "datetime": {"datetime": "2021-09-20 16:58:00", "elapsed": 5950.441264, "delta": 16.689061}}
{"target": -3.028728987673543, "params": {"C": 94.14456073032211, "epsilon": 12.467096515956037, "gamma": 0.05895209806280031, "lamda": 0.06087644939399041}, "datetime": {"datetime": "2021-09-20 16:58:23", "elapsed": 5973.443788, "delta": 23.002524}}
{"target": 0.9066910001464541, "params": {"C": 86.53870326611951, "epsilon": 12.579471647967022, "gamma": 0.06332148351082767, "lamda": 0.0032539100865282347}, "datetime": {"datetime": "2021-09-20 16:58:26", "elapsed": 5976.486631, "delta": 3.042843}}
{"target": -7.687002127341884, "params": {"C": 73.41165932034858, "epsilon": 18.859133765764035, "gamma": 0.04163307267014918, "lamda": 0.15260161587504661}, "datetime": {"datetime": "2021-09-20 16:58:50", "elapsed": 6000.079287, "delta": 23.592656}}
{"target": -7.366751405687699, "params": {"C": 70.94440669023253, "epsilon": 20.11555007923404, "gamma": 0.04311964639317463, "lamda": 0.004263121376984208}, "datetime": {"datetime": "2021-09-20 16:59:08", "elapsed": 6018.271845, "delta": 18.192558}}
{"target": -2.9043227357816694, "params": {"C": 86.54131235096511, "epsilon": 12.555429445402906, "gamma": 0.06694481051632376, "lamda": 0.01727966430604079}, "datetime": {"datetime": "2021-09-20 16:59:32", "elapsed": 6042.497294, "delta": 24.225449}}
{"target": -3.5364147072687677, "params": {"C": 96.66866898775575, "epsilon": 18.714425173642464, "gamma": 0.07134936176945678, "lamda": 0.11692770594463903}, "datetime": {"datetime": "2021-09-20 16:59:49", "elapsed": 6058.677393, "delta": 16.180099}}
{"target": -2.966086015192929, "params": {"C": 73.5976961313886, "epsilon": 14.128227936784823, "gamma": 0.06328186466538832, "lamda": 0.016279317965508182}, "datetime": {"datetime": "2021-09-20 17:00:14", "elapsed": 6083.860598, "delta": 25.183205}}
{"target": -7.779972385161075, "params": {"C": 96.29644391644618, "epsilon": 19.17833290798127, "gamma": 0.04987609557025811, "lamda": 0.1512903412673592}, "datetime": {"datetime": "2021-09-20 17:00:45", "elapsed": 6115.651425, "delta": 31.790827}}
{"target": 0.9000202840187521, "params": {"C": 76.23179792589164, "epsilon": 12.77438117014404, "gamma": 0.07928921586579513, "lamda": 0.07195216454869502}, "datetime": {"datetime": "2021-09-20 17:00:49", "elapsed": 6119.542214, "delta": 3.890789}}
{"target": -3.7588700875866685, "params": {"C": 93.37977896005023, "epsilon": 10.01164370392906, "gamma": 0.04885277644984677, "lamda": 0.0377554918218163}, "datetime": {"datetime": "2021-09-20 17:01:13", "elapsed": 6142.89064, "delta": 23.348426}}
{"target": -6.284427602824234, "params": {"C": 75.72887935162551, "epsilon": 15.926892071554697, "gamma": 0.04544554366570307, "lamda": 0.04950945816318418}, "datetime": {"datetime": "2021-09-20 17:01:42", "elapsed": 6172.356284, "delta": 29.465644}}
{"target": -3.6185050374257575, "params": {"C": 84.39303514058984, "epsilon": 20.875976181188108, "gamma": 0.07193133221166498, "lamda": 0.13761323176347798}, "datetime": {"datetime": "2021-09-20 17:02:11", "elapsed": 6201.240908, "delta": 28.884624}}
{"target": 0.9019076220713801, "params": {"C": 80.00263679856673, "epsilon": 12.923560268765577, "gamma": 0.06881494477812027, "lamda": 0.010939659016456466}, "datetime": {"datetime": "2021-09-20 17:02:16", "elapsed": 6205.96817, "delta": 4.727262}}
{"target": -2.9088952401864767, "params": {"C": 90.34539599627712, "epsilon": 11.994733965818714, "gamma": 0.07340689308592599, "lamda": 0.09218220027214145}, "datetime": {"datetime": "2021-09-20 17:02:41", "elapsed": 6231.120949, "delta": 25.152779}}
{"target": -6.6590172393216776, "params": {"C": 76.06516323102404, "epsilon": 15.599295295661863, "gamma": 0.0429546501837311, "lamda": 0.15391717139152525}, "datetime": {"datetime": "2021-09-20 17:03:01", "elapsed": 6251.380862, "delta": 20.259913}}
{"target": -6.63722777027391, "params": {"C": 83.0630184289303, "epsilon": 16.105526838803, "gamma": 0.04715602737971776, "lamda": 0.07178854066501877}, "datetime": {"datetime": "2021-09-20 17:03:33", "elapsed": 6282.743283, "delta": 31.362421}}
{"target": 0.9058737403309721, "params": {"C": 68.14423521262586, "epsilon": 10.627015325137515, "gamma": 0.04989045001391901, "lamda": 0.009622062808542328}, "datetime": {"datetime": "2021-09-20 17:03:37", "elapsed": 6287.651481, "delta": 4.908198}}
{"target": -3.34127898536548, "params": {"C": 82.01039716504575, "epsilon": 14.262617921457746, "gamma": 0.062404028709356935, "lamda": 0.11429573742159553}, "datetime": {"datetime": "2021-09-20 17:04:03", "elapsed": 6313.168374, "delta": 25.516893}}
{"target": -1.8576157460750031, "params": {"C": 72.84319984859154, "epsilon": 20.813218273740073, "gamma": 0.05928280659728874, "lamda": 0.049287023328232774}, "datetime": {"datetime": "2021-09-20 17:04:20", "elapsed": 6329.796145, "delta": 16.627771}}
{"target": -5.08241821925805, "params": {"C": 72.52664207804649, "epsilon": 11.653299773778565, "gamma": 0.04018993325896979, "lamda": 0.07401434688166383}, "datetime": {"datetime": "2021-09-20 17:04:35", "elapsed": 6345.532069, "delta": 15.735924}}
