{"target": 0.8894179986930147, "params": {"C": 175.2350304047947, "epsilon": 2.042416936829229, "gamma": 0.134289984019285, "lamda": 0.006695173358523844}, "datetime": {"datetime": "2021-09-20 10:44:45", "elapsed": 1072.538058, "delta": 0.434848}}
{"target": -2.5167464351630127, "params": {"C": 178.66361357748423, "epsilon": 3.7767740441885023, "gamma": 0.10178600481723218, "lamda": 0.009861645238197114}, "datetime": {"datetime": "2021-09-20 10:44:55", "elapsed": 1082.500307, "delta": 9.962249}}
{"target": 0.895239602629286, "params": {"C": 192.3969696221738, "epsilon": 1.0813926551878261, "gamma": 0.1200726036482538, "lamda": 0.018506523509922497}, "datetime": {"datetime": "2021-09-20 10:44:56", "elapsed": 1082.912307, "delta": 0.412}}
{"target": 0.8866169900598654, "params": {"C": 197.441814414011, "epsilon": 2.534913139370436, "gamma": 0.13379779620477295, "lamda": 0.005198321904863077}, "datetime": {"datetime": "2021-09-20 10:44:56", "elapsed": 1083.359315, "delta": 0.447008}}
{"target": -4.61754916135802, "params": {"C": 199.4670028083319, "epsilon": 0.40308682429630727, "gamma": 0.08221295136147697, "lamda": 0.02865380988641913}, "datetime": {"datetime": "2021-09-20 10:45:06", "elapsed": 1093.565307, "delta": 10.205992}}
{"target": 0.8891122875209698, "params": {"C": 150.44695511856224, "epsilon": 3.3086470211455485, "gamma": 0.13612116383667944, "lamda": 0.015995770355214312}, "datetime": {"datetime": "2021-09-20 10:45:07", "elapsed": 1093.992306, "delta": 0.426999}}
{"target": -3.230327515703852, "params": {"C": 162.78725969029657, "epsilon": 3.2304891265698648, "gamma": 0.09778620044322212, "lamda": 0.008358465216392403}, "datetime": {"datetime": "2021-09-20 10:45:18", "elapsed": 1105.148485, "delta": 11.156179}}
{"target": -3.9543363275677628, "params": {"C": 196.39244964125055, "epsilon": 3.594282871325929, "gamma": 0.09915451500169353, "lamda": 0.026417562412944802}, "datetime": {"datetime": "2021-09-20 10:45:27", "elapsed": 1114.353534, "delta": 9.205049}}
{"target": -3.494847640036336, "params": {"C": 170.92890128820494, "epsilon": 2.7655131106485746, "gamma": 0.08979906394079225, "lamda": 0.017643550436270257}, "datetime": {"datetime": "2021-09-20 10:45:41", "elapsed": 1128.665231, "delta": 14.311697}}
{"target": -5.035802605010821, "params": {"C": 159.47758514169635, "epsilon": 3.863456804032564, "gamma": 0.07942156882442547, "lamda": 0.007586488902910034}, "datetime": {"datetime": "2021-09-20 10:45:52", "elapsed": 1139.105189, "delta": 10.439958}}
{"target": 0.8966340481036653, "params": {"C": 157.2157700114524, "epsilon": 0.15495994735052754, "gamma": 0.12159456994623945, "lamda": 0.019112458006021852}, "datetime": {"datetime": "2021-09-20 10:45:52", "elapsed": 1139.50119, "delta": 0.396001}}
{"target": 0.8905148833760415, "params": {"C": 189.7289175592376, "epsilon": 2.077611700808132, "gamma": 0.12918210395041538, "lamda": 0.022394105356795986}, "datetime": {"datetime": "2021-09-20 10:45:53", "elapsed": 1139.918189, "delta": 0.416999}}
{"target": 0.8959158209072797, "params": {"C": 188.89242384295878, "epsilon": 1.6852831890106366, "gamma": 0.11477706331874811, "lamda": 0.00949485744232436}, "datetime": {"datetime": "2021-09-20 10:45:53", "elapsed": 1140.340185, "delta": 0.421996}}
{"target": -3.951855345788859, "params": {"C": 166.0909981693952, "epsilon": 0.7731580184671907, "gamma": 0.09086372250132624, "lamda": 0.01103546869913997}, "datetime": {"datetime": "2021-09-20 10:46:04", "elapsed": 1151.345156, "delta": 11.004971}}
{"target": -5.184213477744271, "params": {"C": 170.3460997064679, "epsilon": 3.9033671355055173, "gamma": 0.08203193258220312, "lamda": 0.02956227362437238}, "datetime": {"datetime": "2021-09-20 10:46:13", "elapsed": 1160.829144, "delta": 9.483988}}
{"target": 0.8885708846726181, "params": {"C": 181.81530629279916, "epsilon": 1.562854971736253, "gamma": 0.13574844990835966, "lamda": 0.020489668484214345}, "datetime": {"datetime": "2021-09-20 10:46:14", "elapsed": 1161.249411, "delta": 0.420267}}
{"target": -3.419971722931524, "params": {"C": 162.60165400654196, "epsilon": 3.1921371441098616, "gamma": 0.0932938508734163, "lamda": 0.013937779183261036}, "datetime": {"datetime": "2021-09-20 10:46:24", "elapsed": 1171.556314, "delta": 10.306903}}
{"target": -4.987717297477318, "params": {"C": 166.51384682625405, "epsilon": 2.8197386148912438, "gamma": 0.07686501239062266, "lamda": 0.025206950342634503}, "datetime": {"datetime": "2021-09-20 10:46:34", "elapsed": 1181.729248, "delta": 10.172934}}
{"target": -3.7099582487994933, "params": {"C": 164.7644397199924, "epsilon": 2.222073395982893, "gamma": 0.09879214918052023, "lamda": 0.026383910314884244}, "datetime": {"datetime": "2021-09-20 10:46:46", "elapsed": 1193.586001, "delta": 11.856753}}
{"target": 0.8974077519460867, "params": {"C": 194.4193217197693, "epsilon": 0.8190993252342903, "gamma": 0.1085348458938251, "lamda": 0.027455126150428426}, "datetime": {"datetime": "2021-09-20 10:46:47", "elapsed": 1194.010001, "delta": 0.424}}
{"target": -4.7971031767997365, "params": {"C": 172.30586095172148, "epsilon": 3.69528639138688, "gamma": 0.07789908904569709, "lamda": 0.02022077935484489}, "datetime": {"datetime": "2021-09-20 10:46:58", "elapsed": 1205.415339, "delta": 11.405338}}
{"target": -4.695419852842425, "params": {"C": 184.12268548834078, "epsilon": 0.990002360066888, "gamma": 0.05137675125577168, "lamda": 0.015418099059267401}, "datetime": {"datetime": "2021-09-20 10:47:09", "elapsed": 1216.212394, "delta": 10.797055}}
{"target": 0.8912354278731175, "params": {"C": 196.9240945928367, "epsilon": 1.4378096283385855, "gamma": 0.12797442954826, "lamda": 0.009368407820685185}, "datetime": {"datetime": "2021-09-20 10:47:09", "elapsed": 1216.648391, "delta": 0.435997}}
{"target": 0.89611549267597, "params": {"C": 167.0976418151226, "epsilon": 0.6639311112685773, "gamma": 0.1216770814146376, "lamda": 0.022482690592420355}, "datetime": {"datetime": "2021-09-20 10:47:10", "elapsed": 1217.051393, "delta": 0.403002}}
{"target": 0.8953850309449489, "params": {"C": 184.42486589744595, "epsilon": 1.0882445344965688, "gamma": 0.11923601216234088, "lamda": 0.010682438522898739}, "datetime": {"datetime": "2021-09-20 10:47:10", "elapsed": 1217.47406, "delta": 0.422667}}
{"target": -3.3534540209397363, "params": {"C": 171.232455796567, "epsilon": 1.5504962745039803, "gamma": 0.08553079116201222, "lamda": 0.0064413701810314096}, "datetime": {"datetime": "2021-09-20 10:47:20", "elapsed": 1227.64092, "delta": 10.16686}}
{"target": 0.8948285382391198, "params": {"C": 181.58233134329697, "epsilon": 2.8585347504586283, "gamma": 0.11135886945028356, "lamda": 0.021207818904078114}, "datetime": {"datetime": "2021-09-20 10:47:21", "elapsed": 1228.103917, "delta": 0.462997}}
{"target": 0.8979421918536451, "params": {"C": 158.4970357108629, "epsilon": 0.6828425158615636, "gamma": 0.10141750435258828, "lamda": 0.026883318158863474}, "datetime": {"datetime": "2021-09-20 10:47:21", "elapsed": 1228.556917, "delta": 0.453}}
{"target": -3.2448280533809397, "params": {"C": 159.1976720773611, "epsilon": 1.9050725629622136, "gamma": 0.0928932334029903, "lamda": 0.017432229647987907}, "datetime": {"datetime": "2021-09-20 10:47:33", "elapsed": 1240.455931, "delta": 11.899014}}
{"target": -4.3955298605070245, "params": {"C": 158.07553852430058, "epsilon": 1.4355185004257611, "gamma": 0.07618804041035201, "lamda": 0.026113173580736972}, "datetime": {"datetime": "2021-09-20 10:47:44", "elapsed": 1251.698546, "delta": 11.242615}}
{"target": 0.8962491971279565, "params": {"C": 190.01661228882008, "epsilon": 1.76389271724576, "gamma": 0.1107015460789039, "lamda": 0.008636640256655498}, "datetime": {"datetime": "2021-09-20 10:47:45", "elapsed": 1252.460536, "delta": 0.76199}}
{"target": 0.8895819387390544, "params": {"C": 175.48066471087793, "epsilon": 1.2580936345689278, "gamma": 0.13596509535692008, "lamda": 0.021789959522659746}, "datetime": {"datetime": "2021-09-20 10:47:46", "elapsed": 1253.086197, "delta": 0.625661}}
{"target": -3.299665351608952, "params": {"C": 181.67370063112105, "epsilon": 0.586530070269799, "gamma": 0.09705878794988856, "lamda": 0.029664319489672037}, "datetime": {"datetime": "2021-09-20 10:47:57", "elapsed": 1264.348241, "delta": 11.262044}}
{"target": -6.029471537995317, "params": {"C": 197.41495870363326, "epsilon": 2.61583399701573, "gamma": 0.06517248710319737, "lamda": 0.020978171217997624}, "datetime": {"datetime": "2021-09-20 10:48:06", "elapsed": 1273.793703, "delta": 9.445462}}
{"target": -3.557548964649615, "params": {"C": 178.28310562719636, "epsilon": 1.927796766878883, "gamma": 0.09280374694682701, "lamda": 0.01998174389145075}, "datetime": {"datetime": "2021-09-20 10:48:16", "elapsed": 1283.748276, "delta": 9.954573}}
{"target": -3.020008967273732, "params": {"C": 192.49849442579827, "epsilon": 3.029372057450556, "gamma": 0.10793605402972331, "lamda": 0.0281176045384007}, "datetime": {"datetime": "2021-09-20 10:48:26", "elapsed": 1293.548742, "delta": 9.800466}}
{"target": -5.445318903215301, "params": {"C": 153.23699917207745, "epsilon": 3.9662513840540554, "gamma": 0.055299454266798956, "lamda": 0.009987388653464033}, "datetime": {"datetime": "2021-09-20 10:48:36", "elapsed": 1303.341753, "delta": 9.793011}}
{"target": 0.8974588635080183, "params": {"C": 171.13763308222804, "epsilon": 0.519284617122154, "gamma": 0.11236704109977018, "lamda": 0.006199814101221683}, "datetime": {"datetime": "2021-09-20 10:48:36", "elapsed": 1303.710753, "delta": 0.369}}
{"target": 0.8967010683385984, "params": {"C": 164.2311940503471, "epsilon": 0.3380430563667173, "gamma": 0.12035193311050811, "lamda": 0.02171140418973705}, "datetime": {"datetime": "2021-09-20 10:48:37", "elapsed": 1304.133754, "delta": 0.423001}}
{"target": 0.8949813145464327, "params": {"C": 168.92902966253013, "epsilon": 0.8339576141163026, "gamma": 0.12470048290299451, "lamda": 0.013509482269136681}, "datetime": {"datetime": "2021-09-20 10:48:37", "elapsed": 1304.558757, "delta": 0.425003}}
{"target": 0.8952957748298231, "params": {"C": 189.76505837028213, "epsilon": 2.002813662800519, "gamma": 0.10256694443509794, "lamda": 0.00571227123728918}, "datetime": {"datetime": "2021-09-20 10:48:38", "elapsed": 1305.016756, "delta": 0.457999}}
{"target": -4.247079907014766, "params": {"C": 182.2116009939516, "epsilon": 1.467560359485453, "gamma": 0.07292050272920657, "lamda": 0.015847084405292512}, "datetime": {"datetime": "2021-09-20 10:48:49", "elapsed": 1316.833217, "delta": 11.816461}}
{"target": 0.8842706021275594, "params": {"C": 169.12337286354588, "epsilon": 1.932177256336805, "gamma": 0.14794833541798064, "lamda": 0.01410945175920576}, "datetime": {"datetime": "2021-09-20 10:48:50", "elapsed": 1317.222215, "delta": 0.388998}}
{"target": 0.8859355629566812, "params": {"C": 188.72050666680198, "epsilon": 2.255793626544581, "gamma": 0.13891310891074826, "lamda": 0.0138738212787393}, "datetime": {"datetime": "2021-09-20 10:48:50", "elapsed": 1317.614635, "delta": 0.39242}}
{"target": -5.0844590212424725, "params": {"C": 162.27593400932537, "epsilon": 3.6529750346621763, "gamma": 0.05435342637577654, "lamda": 0.028768835701525056}, "datetime": {"datetime": "2021-09-20 10:49:01", "elapsed": 1328.122481, "delta": 10.507846}}
{"target": 0.8834361242897801, "params": {"C": 177.82034578354626, "epsilon": 1.5678165450796413, "gamma": 0.1495052322339111, "lamda": 0.006459066153690791}, "datetime": {"datetime": "2021-09-20 10:49:01", "elapsed": 1328.554126, "delta": 0.431645}}
{"target": 0.8980360844549726, "params": {"C": 175.8353179883806, "epsilon": 0.22127859427663663, "gamma": 0.10711757391862334, "lamda": 0.009511712724877889}, "datetime": {"datetime": "2021-09-20 10:49:02", "elapsed": 1328.991128, "delta": 0.437002}}
{"target": 0.8840715462382711, "params": {"C": 181.54796001697653, "epsilon": 3.9256023354272678, "gamma": 0.13749025512123808, "lamda": 0.016295906235521764}, "datetime": {"datetime": "2021-09-20 10:49:02", "elapsed": 1329.459125, "delta": 0.467997}}
{"target": -3.7013781045065555, "params": {"C": 185.42304350258587, "epsilon": 3.132128125012438, "gamma": 0.09948430841825637, "lamda": 0.018213337254439126}, "datetime": {"datetime": "2021-09-20 10:49:13", "elapsed": 1340.521414, "delta": 11.062289}}
{"target": -4.8912360921024165, "params": {"C": 157.53921991860963, "epsilon": 1.5406597098864345, "gamma": 0.06422212530727867, "lamda": 0.023172343833614065}, "datetime": {"datetime": "2021-09-20 10:49:31", "elapsed": 1358.479574, "delta": 17.95816}}
{"target": 0.8875169974427596, "params": {"C": 173.85064972011315, "epsilon": 1.8506274631563857, "gamma": 0.13859979711653514, "lamda": 0.018190469307789035}, "datetime": {"datetime": "2021-09-20 10:49:32", "elapsed": 1358.899569, "delta": 0.419995}}
{"target": -4.666407630454395, "params": {"C": 170.454541595843, "epsilon": 1.148678886629319, "gamma": 0.057201203516976995, "lamda": 0.015453403343132895}, "datetime": {"datetime": "2021-09-20 10:49:42", "elapsed": 1369.862666, "delta": 10.963097}}
{"target": -3.2954766515485545, "params": {"C": 151.28767412032917, "epsilon": 1.2355003681544694, "gamma": 0.10035095098483965, "lamda": 0.029148326625493055}, "datetime": {"datetime": "2021-09-20 10:49:54", "elapsed": 1381.488172, "delta": 11.625506}}
{"target": -2.5436302425318047, "params": {"C": 155.46914570967922, "epsilon": 2.724860111444826, "gamma": 0.09999323710992, "lamda": 0.024427455731894573}, "datetime": {"datetime": "2021-09-20 10:50:05", "elapsed": 1391.964419, "delta": 10.476247}}
{"target": -3.324803538263155, "params": {"C": 157.18034989371046, "epsilon": 0.4244902820999147, "gamma": 0.08992186053524538, "lamda": 0.024924056299497503}, "datetime": {"datetime": "2021-09-20 10:50:15", "elapsed": 1402.559419, "delta": 10.595}}
{"target": -4.99091080020249, "params": {"C": 159.5837869454945, "epsilon": 3.0943310493743685, "gamma": 0.07902979970618682, "lamda": 0.010422287190294883}, "datetime": {"datetime": "2021-09-20 10:50:26", "elapsed": 1412.952666, "delta": 10.393247}}
{"target": -3.763290960158238, "params": {"C": 150.83577945385034, "epsilon": 1.654770333697277, "gamma": 0.08810814912934524, "lamda": 0.021483623404884116}, "datetime": {"datetime": "2021-09-20 10:50:37", "elapsed": 1424.789713, "delta": 11.837047}}
{"target": 0.8918138912158835, "params": {"C": 153.54592002351936, "epsilon": 0.6951555494648601, "gamma": 0.05165758829009342, "lamda": 0.00784490891118517}, "datetime": {"datetime": "2021-09-20 10:50:38", "elapsed": 1425.26171, "delta": 0.471997}}
{"target": -4.8741387045968745, "params": {"C": 182.58946380050452, "epsilon": 1.670361723482185, "gamma": 0.08210263141673159, "lamda": 0.01894779985609431}, "datetime": {"datetime": "2021-09-20 10:50:49", "elapsed": 1436.027917, "delta": 10.766207}}
{"target": 0.8915646447397426, "params": {"C": 199.6730231549925, "epsilon": 3.3544974046703158, "gamma": 0.11996231823995838, "lamda": 0.027956464728301447}, "datetime": {"datetime": "2021-09-20 10:50:49", "elapsed": 1436.475571, "delta": 0.447654}}
{"target": 0.8987895028649415, "params": {"C": 151.98643533415424, "epsilon": 0.3743004223005484, "gamma": 0.09740062899880546, "lamda": 0.013729185323926932}, "datetime": {"datetime": "2021-09-20 10:50:50", "elapsed": 1436.948573, "delta": 0.473002}}
{"target": -2.9896599356978673, "params": {"C": 196.86260310642245, "epsilon": 2.0093033484661573, "gamma": 0.10396491100933505, "lamda": 0.027381509143280518}, "datetime": {"datetime": "2021-09-20 10:51:00", "elapsed": 1447.708867, "delta": 10.760294}}
{"target": -5.025449930545773, "params": {"C": 172.33175229118453, "epsilon": 3.5204341181543723, "gamma": 0.07535817493716283, "lamda": 0.011845242603952713}, "datetime": {"datetime": "2021-09-20 10:51:11", "elapsed": 1458.593053, "delta": 10.884186}}
{"target": -4.816776779449397, "params": {"C": 166.4180695043795, "epsilon": 2.2355006548757186, "gamma": 0.07201286740269812, "lamda": 0.02178572927703183}, "datetime": {"datetime": "2021-09-20 10:51:21", "elapsed": 1468.76324, "delta": 10.170187}}
{"target": 0.8919816089641199, "params": {"C": 157.13966414015002, "epsilon": 0.4669910705485938, "gamma": 0.13701917462053775, "lamda": 0.010921717588924962}, "datetime": {"datetime": "2021-09-20 10:51:22", "elapsed": 1469.238239, "delta": 0.474999}}
{"target": -3.1577381083207623, "params": {"C": 169.30020055112976, "epsilon": 2.329014161628796, "gamma": 0.102580196995147, "lamda": 0.006900596986052672}, "datetime": {"datetime": "2021-09-20 10:51:33", "elapsed": 1480.563728, "delta": 11.325489}}
{"target": 0.8851738721021145, "params": {"C": 193.7062967799014, "epsilon": 3.809428911832899, "gamma": 0.13125073041746715, "lamda": 0.012095045873671856}, "datetime": {"datetime": "2021-09-20 10:51:34", "elapsed": 1481.056727, "delta": 0.492999}}
{"target": -3.370135084473019, "params": {"C": 176.39233980589796, "epsilon": 1.423725223668677, "gamma": 0.10546673107876667, "lamda": 0.029360086722825064}, "datetime": {"datetime": "2021-09-20 10:51:45", "elapsed": 1492.309762, "delta": 11.253035}}
{"target": -4.444267555050438, "params": {"C": 165.58514588594906, "epsilon": 2.7083067630991917, "gamma": 0.08259672073089859, "lamda": 0.024361931650376988}, "datetime": {"datetime": "2021-09-20 10:51:56", "elapsed": 1503.378265, "delta": 11.068503}}
{"target": 0.8906878417927124, "params": {"C": 166.29049833066023, "epsilon": 3.5703266316447624, "gamma": 0.12517077209192667, "lamda": 0.024065802386127766}, "datetime": {"datetime": "2021-09-20 10:51:57", "elapsed": 1503.990656, "delta": 0.612391}}
{"target": -4.845968144126825, "params": {"C": 173.4739514279963, "epsilon": 0.9219815596279509, "gamma": 0.05414750795764989, "lamda": 0.013045719999256113}, "datetime": {"datetime": "2021-09-20 10:52:08", "elapsed": 1514.962809, "delta": 10.972153}}
{"target": 0.8945440195753681, "params": {"C": 151.85563322469972, "epsilon": 2.806036104358209, "gamma": 0.11703500319361683, "lamda": 0.015761794568624372}, "datetime": {"datetime": "2021-09-20 10:52:08", "elapsed": 1515.445809, "delta": 0.483}}
{"target": -4.845113194562994, "params": {"C": 188.38944888290865, "epsilon": 2.1904331294842985, "gamma": 0.05398599266354526, "lamda": 0.008369827949016976}, "datetime": {"datetime": "2021-09-20 10:52:20", "elapsed": 1527.085158, "delta": 11.639349}}
{"target": -4.918572209143621, "params": {"C": 159.6708199507459, "epsilon": 1.4090888245421342, "gamma": 0.05523129464374768, "lamda": 0.020127919512509154}, "datetime": {"datetime": "2021-09-20 10:52:28", "elapsed": 1535.054406, "delta": 7.969248}}
{"target": -3.2704867731003437, "params": {"C": 175.60305137619594, "epsilon": 2.5080979468669087, "gamma": 0.0932355594764344, "lamda": 0.026192511705935943}, "datetime": {"datetime": "2021-09-20 10:52:40", "elapsed": 1547.076854, "delta": 12.022448}}
{"target": 0.890815440911664, "params": {"C": 172.70295280295755, "epsilon": 0.1600737271884915, "gamma": 0.13730681484470994, "lamda": 0.021405038693602472}, "datetime": {"datetime": "2021-09-20 10:52:40", "elapsed": 1547.594669, "delta": 0.517815}}
{"target": -5.884072282874309, "params": {"C": 191.15015203242353, "epsilon": 3.8119252028320214, "gamma": 0.05509123835168872, "lamda": 0.010876796602275363}, "datetime": {"datetime": "2021-09-20 10:52:53", "elapsed": 1560.061904, "delta": 12.467235}}
{"target": 0.8910612820287919, "params": {"C": 153.167172172817, "epsilon": 1.7444657555265586, "gamma": 0.13638291455014517, "lamda": 0.007040599567876702}, "datetime": {"datetime": "2021-09-20 10:52:53", "elapsed": 1560.547904, "delta": 0.486}}
{"target": 0.8947700830436202, "params": {"C": 173.65559764429392, "epsilon": 0.5896181282540222, "gamma": 0.12728856021671175, "lamda": 0.026035553919896086}, "datetime": {"datetime": "2021-09-20 10:52:54", "elapsed": 1561.115152, "delta": 0.567248}}
{"target": -4.355934053390434, "params": {"C": 152.16454690930792, "epsilon": 1.9971188983645396, "gamma": 0.07394110441377559, "lamda": 0.02881184454233148}, "datetime": {"datetime": "2021-09-20 10:53:09", "elapsed": 1576.512856, "delta": 15.397704}}
{"target": 0.8816787519159413, "params": {"C": 197.1946313891898, "epsilon": 2.4943426093003334, "gamma": 0.1473487397325196, "lamda": 0.013621533592906274}, "datetime": {"datetime": "2021-09-20 10:53:09", "elapsed": 1576.883113, "delta": 0.370257}}
{"target": -5.324627807917261, "params": {"C": 194.89253588338408, "epsilon": 1.794920396293187, "gamma": 0.07358146371475137, "lamda": 0.028520699080034982}, "datetime": {"datetime": "2021-09-20 10:53:20", "elapsed": 1587.696691, "delta": 10.813578}}
{"target": 0.8895942288863549, "params": {"C": 184.21090254916137, "epsilon": 0.3531551828226044, "gamma": 0.1370424856823066, "lamda": 0.022534507365833657}, "datetime": {"datetime": "2021-09-20 10:53:21", "elapsed": 1588.087689, "delta": 0.390998}}
{"target": -4.8177550842054755, "params": {"C": 180.2463436487141, "epsilon": 2.956262106799389, "gamma": 0.07534390424997808, "lamda": 0.02001222388186361}, "datetime": {"datetime": "2021-09-20 10:53:32", "elapsed": 1598.941902, "delta": 10.854213}}
{"target": -4.907486393045642, "params": {"C": 190.73095906308276, "epsilon": 0.31104327526359954, "gamma": 0.0630510671339266, "lamda": 0.026061145248910338}, "datetime": {"datetime": "2021-09-20 10:53:44", "elapsed": 1611.856916, "delta": 12.915014}}
{"target": -5.151295398739917, "params": {"C": 180.91729346639428, "epsilon": 2.1720224608761263, "gamma": 0.07482907289970986, "lamda": 0.012376964381237397}, "datetime": {"datetime": "2021-09-20 10:53:54", "elapsed": 1621.455812, "delta": 9.598896}}
{"target": -5.454397747004732, "params": {"C": 193.6343082459731, "epsilon": 1.7444971459138663, "gamma": 0.056443025557960685, "lamda": 0.027424626737689563}, "datetime": {"datetime": "2021-09-20 10:54:09", "elapsed": 1636.304387, "delta": 14.848575}}
