{"target": -7.375699968108561, "params": {"C": 71.67042809567481, "epsilon": 18.113234372219534, "gamma": 0.04395552523407415, "lamda": 0.13462918660536088}, "datetime": {"datetime": "2021-09-20 16:16:49", "elapsed": 3479.239239, "delta": 19.695328}}
{"target": -7.90051229432968, "params": {"C": 78.33355631374958, "epsilon": 19.932319786160917, "gamma": 0.049833175952262845, "lamda": 0.15297708191819195}, "datetime": {"datetime": "2021-09-20 16:17:09", "elapsed": 3499.244391, "delta": 20.005152}}
{"target": -4.6421197218661, "params": {"C": 68.17987840870904, "epsilon": 10.641999597433037, "gamma": 0.04744931373682834, "lamda": 0.08303442591248048}, "datetime": {"datetime": "2021-09-20 16:17:29", "elapsed": 3519.138278, "delta": 19.893887}}
{"target": -8.73579246839093, "params": {"C": 95.18812387909372, "epsilon": 21.673748666595877, "gamma": 0.05108311778838853, "lamda": 0.08047177373615562}, "datetime": {"datetime": "2021-09-20 16:17:48", "elapsed": 3538.216466, "delta": 19.078188}}
{"target": -5.91131873780256, "params": {"C": 72.47590316335973, "epsilon": 14.004542707768586, "gamma": 0.04759579012521621, "lamda": 0.034870028940757046}, "datetime": {"datetime": "2021-09-20 16:18:08", "elapsed": 3558.040894, "delta": 19.824428}}
{"target": -3.629861235584473, "params": {"C": 68.11273888005957, "epsilon": 10.712823167132733, "gamma": 0.05083703952272178, "lamda": 0.01338633010012328}, "datetime": {"datetime": "2021-09-20 16:18:22", "elapsed": 3571.944022, "delta": 13.903128}}
{"target": -5.667496804571255, "params": {"C": 73.47908033888294, "epsilon": 14.2477670081722, "gamma": 0.042024362687809805, "lamda": 0.048891079018368505}, "datetime": {"datetime": "2021-09-20 16:18:36", "elapsed": 3586.27275, "delta": 14.328728}}
{"target": -1.9868409652150447, "params": {"C": 66.73463228467713, "epsilon": 18.240177001592755, "gamma": 0.05800478525277575, "lamda": 0.1039045522002832}, "datetime": {"datetime": "2021-09-20 16:18:49", "elapsed": 3599.52974, "delta": 13.25699}}
{"target": -8.534918602454384, "params": {"C": 82.95806176421273, "epsilon": 21.35917448054088, "gamma": 0.052419179621279385, "lamda": 0.08377383870680857}, "datetime": {"datetime": "2021-09-20 16:19:09", "elapsed": 3619.300775, "delta": 19.771035}}
{"target": 0.9077823946330857, "params": {"C": 95.95156217899452, "epsilon": 12.825315763020066, "gamma": 0.06829871804728152, "lamda": 0.009270444021139483}, "datetime": {"datetime": "2021-09-20 16:19:11", "elapsed": 3621.601996, "delta": 2.301221}}
{"target": -7.771494250702563, "params": {"C": 99.00114422292458, "epsilon": 19.03466406140685, "gamma": 0.045780015275151145, "lamda": 0.1465866441632952}, "datetime": {"datetime": "2021-09-20 16:19:31", "elapsed": 3640.672512, "delta": 19.070516}}
{"target": -3.725076285587531, "params": {"C": 90.93164200042028, "epsilon": 20.872985740863918, "gamma": 0.07531715875524803, "lamda": 0.15908713210170644}, "datetime": {"datetime": "2021-09-20 16:19:51", "elapsed": 3661.313918, "delta": 20.641406}}
{"target": 0.9013686322924295, "params": {"C": 66.71575723776539, "epsilon": 18.244759176670197, "gamma": 0.07644461561197097, "lamda": 0.016665876103563387}, "datetime": {"datetime": "2021-09-20 16:19:53", "elapsed": 3663.589729, "delta": 2.275811}}
{"target": -2.6437908452306296, "params": {"C": 70.21726251789832, "epsilon": 11.460819025803767, "gamma": 0.0654369809960461, "lamda": 0.1053711030631952}, "datetime": {"datetime": "2021-09-20 16:20:07", "elapsed": 3677.184548, "delta": 13.594819}}
{"target": -2.9673196320265007, "params": {"C": 94.13343229882541, "epsilon": 12.456322509553411, "gamma": 0.06938141428533656, "lamda": 0.024097919925244442}, "datetime": {"datetime": "2021-09-20 16:20:21", "elapsed": 3690.786787, "delta": 13.602239}}
{"target": -3.2993915736689408, "params": {"C": 76.23292791578656, "epsilon": 12.7182652190924, "gamma": 0.06205179433259463, "lamda": 0.09739835802349296}, "datetime": {"datetime": "2021-09-20 16:20:39", "elapsed": 3709.529768, "delta": 18.742981}}
{"target": -3.12677972042101, "params": {"C": 81.61120512032987, "epsilon": 15.734702650200774, "gamma": 0.05861914739187868, "lamda": 0.12719062687682683}, "datetime": {"datetime": "2021-09-20 16:20:51", "elapsed": 3720.919482, "delta": 11.389714}}
{"target": -3.8745325656509753, "params": {"C": 68.18792342991362, "epsilon": 10.71703323536861, "gamma": 0.040044345407847674, "lamda": 0.04542224694093409}, "datetime": {"datetime": "2021-09-20 16:21:04", "elapsed": 3734.605647, "delta": 13.686165}}
{"target": -4.231594041465864, "params": {"C": 73.4038934942535, "epsilon": 13.001672086329789, "gamma": 0.04266481948835636, "lamda": 0.02452307285478547}, "datetime": {"datetime": "2021-09-20 16:21:18", "elapsed": 3748.061405, "delta": 13.455758}}
{"target": -2.2624591488337127, "params": {"C": 94.91340812102891, "epsilon": 11.324623327832436, "gamma": 0.06190894965033545, "lamda": 0.034738585108196274}, "datetime": {"datetime": "2021-09-20 16:21:30", "elapsed": 3759.977474, "delta": 11.916069}}
{"target": -3.319559403009566, "params": {"C": 87.19891248644467, "epsilon": 15.691694819618958, "gamma": 0.06353834879784637, "lamda": 0.17663986497176465}, "datetime": {"datetime": "2021-09-20 16:21:48", "elapsed": 3777.83178, "delta": 17.854306}}
{"target": -7.211537296099966, "params": {"C": 66.70990180454994, "epsilon": 18.20826152732392, "gamma": 0.04683666769339738, "lamda": 0.03376541565763017}, "datetime": {"datetime": "2021-09-20 16:22:06", "elapsed": 3796.504773, "delta": 18.672993}}
{"target": -4.637381590731847, "params": {"C": 95.07847390485068, "epsilon": 18.4386709333333, "gamma": 0.04010798050668991, "lamda": 0.03013769905956707}, "datetime": {"datetime": "2021-09-20 16:22:21", "elapsed": 3811.213665, "delta": 14.708892}}
{"target": -1.6633592245912707, "params": {"C": 95.43579824945616, "epsilon": 16.62624276779533, "gamma": 0.07391117871873724, "lamda": 0.03363655078384634}, "datetime": {"datetime": "2021-09-20 16:22:34", "elapsed": 3824.314877, "delta": 13.101212}}
{"target": 0.9080843161020181, "params": {"C": 68.15697895091255, "epsilon": 10.78042451206999, "gamma": 0.06053618949093312, "lamda": 0.004102521186561434}, "datetime": {"datetime": "2021-09-20 16:22:36", "elapsed": 3826.632033, "delta": 2.317156}}
{"target": -3.3391763676957478, "params": {"C": 76.6102316078416, "epsilon": 15.245133984733494, "gamma": 0.06370537812311919, "lamda": 0.080334434479644}, "datetime": {"datetime": "2021-09-20 16:22:48", "elapsed": 3838.540376, "delta": 11.908343}}
{"target": 0.9011456880986566, "params": {"C": 73.49444786860474, "epsilon": 14.221576975336308, "gamma": 0.06771760339571961, "lamda": 0.007236713023119907}, "datetime": {"datetime": "2021-09-20 16:22:51", "elapsed": 3841.084558, "delta": 2.544182}}
{"target": -5.648210133179941, "params": {"C": 73.6584562006087, "epsilon": 14.248766806352767, "gamma": 0.0524527894825573, "lamda": 0.13599806850588475}, "datetime": {"datetime": "2021-09-20 16:23:10", "elapsed": 3860.394473, "delta": 19.309915}}
{"target": -8.862239894568331, "params": {"C": 99.97470996818791, "epsilon": 21.407108575602102, "gamma": 0.04467965272951767, "lamda": 0.036385696850076074}, "datetime": {"datetime": "2021-09-20 16:23:23", "elapsed": 3872.799755, "delta": 12.405282}}
{"target": -4.909041770964419, "params": {"C": 67.59217681356753, "epsilon": 11.1680255771485, "gamma": 0.04800022278244377, "lamda": 0.01165076991849605}, "datetime": {"datetime": "2021-09-20 16:23:35", "elapsed": 3884.739836, "delta": 11.940081}}
{"target": -3.153752702657287, "params": {"C": 98.28215838435888, "epsilon": 20.69609587353533, "gamma": 0.0792028597949439, "lamda": 0.015582173014387683}, "datetime": {"datetime": "2021-09-20 16:23:47", "elapsed": 3897.120003, "delta": 12.380167}}
{"target": -1.3490261731677347, "params": {"C": 72.74034844779086, "epsilon": 10.614140677127027, "gamma": 0.07207554046727262, "lamda": 0.11548359229962844}, "datetime": {"datetime": "2021-09-20 16:24:01", "elapsed": 3911.584826, "delta": 14.464823}}
{"target": 0.899012453211517, "params": {"C": 99.37903826713726, "epsilon": 18.519318331868238, "gamma": 0.07939832085481428, "lamda": 0.01389049674095222}, "datetime": {"datetime": "2021-09-20 16:24:03", "elapsed": 3913.537733, "delta": 1.952907}}
{"target": 0.9010534779415981, "params": {"C": 76.42484786319457, "epsilon": 12.910304601000576, "gamma": 0.0707928810036588, "lamda": 0.05117177324788884}, "datetime": {"datetime": "2021-09-20 16:24:05", "elapsed": 3915.646747, "delta": 2.109014}}
{"target": -3.085868585332018, "params": {"C": 76.24385681924679, "epsilon": 12.758381207827309, "gamma": 0.06111293682175595, "lamda": 0.09879585885483266}, "datetime": {"datetime": "2021-09-20 16:24:27", "elapsed": 3937.256387, "delta": 21.60964}}
{"target": 0.9036735152878796, "params": {"C": 68.18296756175887, "epsilon": 10.62435572514909, "gamma": 0.07376106820428227, "lamda": 0.04845335873986622}, "datetime": {"datetime": "2021-09-20 16:24:30", "elapsed": 3940.090406, "delta": 2.834019}}
{"target": -2.945681859145462, "params": {"C": 76.45640810354732, "epsilon": 12.834565201879212, "gamma": 0.06294079367552556, "lamda": 0.12431058614350018}, "datetime": {"datetime": "2021-09-20 16:24:51", "elapsed": 3961.323394, "delta": 21.232988}}
{"target": -1.5970044682973938, "params": {"C": 98.02841288550107, "epsilon": 19.375777857377187, "gamma": 0.07970402919474645, "lamda": 0.06338854696861855}, "datetime": {"datetime": "2021-09-20 16:25:04", "elapsed": 3974.273245, "delta": 12.949851}}
{"target": -6.64736284917403, "params": {"C": 98.75259159364577, "epsilon": 16.942755998820974, "gamma": 0.05075288117600392, "lamda": 0.052774095796329086}, "datetime": {"datetime": "2021-09-20 16:25:16", "elapsed": 3985.95207, "delta": 11.678825}}
{"target": -1.9571680374083567, "params": {"C": 99.3912114690608, "epsilon": 18.525404617216246, "gamma": 0.07108600955692168, "lamda": 0.026048013068025754}, "datetime": {"datetime": "2021-09-20 16:25:28", "elapsed": 3998.11372, "delta": 12.16165}}
{"target": -1.3908722253664445, "params": {"C": 87.04220180221958, "epsilon": 20.158006571381236, "gamma": 0.07983099816715955, "lamda": 0.09649936112570502}, "datetime": {"datetime": "2021-09-20 16:25:39", "elapsed": 4009.355772, "delta": 11.242052}}
{"target": 0.9019682318168266, "params": {"C": 66.7455600010981, "epsilon": 18.24733721702842, "gamma": 0.07455471042237043, "lamda": 0.03266670012439812}, "datetime": {"datetime": "2021-09-20 16:25:41", "elapsed": 4011.616007, "delta": 2.260235}}
{"target": 0.9041029936539801, "params": {"C": 76.42717312681522, "epsilon": 12.880672328991897, "gamma": 0.06545045574329558, "lamda": 0.05424383204437023}, "datetime": {"datetime": "2021-09-20 16:25:44", "elapsed": 4013.852399, "delta": 2.236392}}
{"target": 0.9078815439794838, "params": {"C": 73.61895327508425, "epsilon": 14.188830714483798, "gamma": 0.05534674274107668, "lamda": 0.022786961639318537}, "datetime": {"datetime": "2021-09-20 16:25:46", "elapsed": 4016.589139, "delta": 2.73674}}
{"target": 0.9027960011798046, "params": {"C": 73.55620217098554, "epsilon": 14.188182114869882, "gamma": 0.07655731402803159, "lamda": 0.043138477440649574}, "datetime": {"datetime": "2021-09-20 16:25:49", "elapsed": 4019.305142, "delta": 2.716003}}
{"target": 0.9036641413807054, "params": {"C": 79.96470341035693, "epsilon": 12.907376085395189, "gamma": 0.06765414325462904, "lamda": 0.004512317855414833}, "datetime": {"datetime": "2021-09-20 16:25:51", "elapsed": 4021.644813, "delta": 2.339671}}
{"target": 0.9085499554743139, "params": {"C": 95.01685699656693, "epsilon": 11.253779229932267, "gamma": 0.0697467229222945, "lamda": 0.0010009650449330921}, "datetime": {"datetime": "2021-09-20 16:25:54", "elapsed": 4024.523304, "delta": 2.878491}}
{"target": -6.127977757192735, "params": {"C": 95.39913804342974, "epsilon": 16.632994912671812, "gamma": 0.04349658865691613, "lamda": 0.00861495162380379}, "datetime": {"datetime": "2021-09-20 16:26:06", "elapsed": 4036.33179, "delta": 11.808486}}
{"target": -3.5851618676057146, "params": {"C": 73.45716018891679, "epsilon": 14.186820663753556, "gamma": 0.058497571600134225, "lamda": 0.04768030728961979}, "datetime": {"datetime": "2021-09-20 16:26:19", "elapsed": 4049.088097, "delta": 12.756307}}
{"target": -1.3305717435310007, "params": {"C": 67.99087877457285, "epsilon": 10.052724913771799, "gamma": 0.0701740214970888, "lamda": 0.10135909821627133}, "datetime": {"datetime": "2021-09-20 16:26:30", "elapsed": 4060.594821, "delta": 11.506724}}
{"target": 0.9016908903975371, "params": {"C": 68.183277429502, "epsilon": 10.644677261843642, "gamma": 0.0770469736297636, "lamda": 0.047885879803123955}, "datetime": {"datetime": "2021-09-20 16:26:32", "elapsed": 4062.60581, "delta": 2.010989}}
{"target": -6.263637122232482, "params": {"C": 77.4101630300307, "epsilon": 15.046778638223593, "gamma": 0.04510781754317805, "lamda": 0.06958475835286976}, "datetime": {"datetime": "2021-09-20 16:26:51", "elapsed": 4081.152205, "delta": 18.546395}}
{"target": -4.73484215451801, "params": {"C": 90.74382844922744, "epsilon": 13.70113708128208, "gamma": 0.04847025819970713, "lamda": 0.023600756247480228}, "datetime": {"datetime": "2021-09-20 16:27:05", "elapsed": 4094.766444, "delta": 13.614239}}
{"target": -1.6803787380341193, "params": {"C": 99.96104021290289, "epsilon": 17.258690149640763, "gamma": 0.0786798677610809, "lamda": 0.055371902760694376}, "datetime": {"datetime": "2021-09-20 16:27:17", "elapsed": 4107.158161, "delta": 12.391717}}
{"target": -9.089657525579554, "params": {"C": 79.34696965723958, "epsilon": 21.444856848588906, "gamma": 0.04057321456942866, "lamda": 0.12417726461778474}, "datetime": {"datetime": "2021-09-20 16:27:29", "elapsed": 4118.755076, "delta": 11.596915}}
{"target": -3.7484750938490947, "params": {"C": 95.8631015871837, "epsilon": 18.315436350382875, "gamma": 0.0693744496601719, "lamda": 0.13365940694312672}, "datetime": {"datetime": "2021-09-20 16:27:40", "elapsed": 4130.28906, "delta": 11.533984}}
{"target": -2.5650357960542163, "params": {"C": 80.83301055382962, "epsilon": 10.258315197751683, "gamma": 0.07218041113368603, "lamda": 0.10861132148507248}, "datetime": {"datetime": "2021-09-20 16:27:59", "elapsed": 4148.987126, "delta": 18.698066}}
{"target": -3.3883768164041665, "params": {"C": 89.1584091468526, "epsilon": 15.108895124856566, "gamma": 0.06456596776254567, "lamda": 0.1664903829339774}, "datetime": {"datetime": "2021-09-20 16:28:16", "elapsed": 4166.0541, "delta": 17.066974}}
{"target": -2.565839060463278, "params": {"C": 73.47588506448831, "epsilon": 14.208642433002254, "gamma": 0.06342068165549633, "lamda": 0.016464648284484004}, "datetime": {"datetime": "2021-09-20 16:28:32", "elapsed": 4182.335657, "delta": 16.281557}}
{"target": -3.3455620753279627, "params": {"C": 99.46468392162022, "epsilon": 16.104064449537184, "gamma": 0.06852046415428682, "lamda": 0.13297444851749377}, "datetime": {"datetime": "2021-09-20 16:28:49", "elapsed": 4199.394295, "delta": 17.058638}}
{"target": -1.7033728738490197, "params": {"C": 71.35651636867946, "epsilon": 15.715543625463754, "gamma": 0.06720259922911709, "lamda": 0.061528434559210754}, "datetime": {"datetime": "2021-09-20 16:29:01", "elapsed": 4210.751847, "delta": 11.357552}}
{"target": 0.9042155917314683, "params": {"C": 73.56805453874665, "epsilon": 14.168171404943458, "gamma": 0.06228236265568075, "lamda": 0.006652197216758443}, "datetime": {"datetime": "2021-09-20 16:29:03", "elapsed": 4213.019815, "delta": 2.267968}}
{"target": -3.704824041535802, "params": {"C": 71.74085324812954, "epsilon": 17.03369084979204, "gamma": 0.05476826339629976, "lamda": 0.051166911875460346}, "datetime": {"datetime": "2021-09-20 16:29:19", "elapsed": 4228.747488, "delta": 15.727673}}
{"target": -1.7407470217089118, "params": {"C": 97.99663013989294, "epsilon": 21.679507237481943, "gamma": 0.07360287163593715, "lamda": 0.1870913343044227}, "datetime": {"datetime": "2021-09-20 16:29:30", "elapsed": 4239.914562, "delta": 11.167074}}
{"target": -8.402509151793987, "params": {"C": 91.5810063466664, "epsilon": 21.19239215056332, "gamma": 0.05858302986407969, "lamda": 0.16063419859534306}, "datetime": {"datetime": "2021-09-20 16:29:47", "elapsed": 4257.131165, "delta": 17.216603}}
{"target": -1.4794998725534416, "params": {"C": 98.72045197141165, "epsilon": 13.856085604695785, "gamma": 0.0742372720046451, "lamda": 0.06347112473756128}, "datetime": {"datetime": "2021-09-20 16:30:01", "elapsed": 4271.046896, "delta": 13.915731}}
{"target": -3.067540593583253, "params": {"C": 76.3161895473744, "epsilon": 12.819115332868872, "gamma": 0.0583642730442758, "lamda": 0.06445189425560732}, "datetime": {"datetime": "2021-09-20 16:30:35", "elapsed": 4305.133021, "delta": 34.086125}}
{"target": 0.9045011897763252, "params": {"C": 68.18627493867191, "epsilon": 10.673303180878676, "gamma": 0.052645756004731384, "lamda": 0.0019124768742819682}, "datetime": {"datetime": "2021-09-20 16:30:38", "elapsed": 4308.173617, "delta": 3.040596}}
{"target": -1.9432918676798576, "params": {"C": 75.16810991708593, "epsilon": 17.680693651722894, "gamma": 0.06875071194548268, "lamda": 0.024351436131541716}, "datetime": {"datetime": "2021-09-20 16:30:56", "elapsed": 4326.406356, "delta": 18.232739}}
{"target": 0.9019227010549575, "params": {"C": 66.69071165047211, "epsilon": 18.243189313580853, "gamma": 0.07468349333112265, "lamda": 0.028169809180623638}, "datetime": {"datetime": "2021-09-20 16:30:58", "elapsed": 4328.570397, "delta": 2.164041}}
{"target": -6.660886293417565, "params": {"C": 86.59267694018992, "epsilon": 18.067518611211984, "gamma": 0.054789213028115215, "lamda": 0.11362601183569554}, "datetime": {"datetime": "2021-09-20 16:31:13", "elapsed": 4343.640623, "delta": 15.070226}}
{"target": -2.5581645217971243, "params": {"C": 68.18103048564271, "epsilon": 10.72495216931894, "gamma": 0.06857960777010956, "lamda": 0.019799338714786337}, "datetime": {"datetime": "2021-09-20 16:31:39", "elapsed": 4369.067578, "delta": 25.426955}}
{"target": -1.4180351009539285, "params": {"C": 75.68097769614783, "epsilon": 19.841659056822877, "gamma": 0.07487087136246409, "lamda": 0.15110880191513884}, "datetime": {"datetime": "2021-09-20 16:31:57", "elapsed": 4387.300137, "delta": 18.232559}}
{"target": -5.932065157868256, "params": {"C": 86.7948104932397, "epsilon": 15.684967308609778, "gamma": 0.06063246315629417, "lamda": 0.1884345567311139}, "datetime": {"datetime": "2021-09-20 16:32:16", "elapsed": 4406.623156, "delta": 19.323019}}
{"target": 0.8999562469883158, "params": {"C": 67.38111467154826, "epsilon": 13.715244556475975, "gamma": 0.07539392805143402, "lamda": 0.00802217764658432}, "datetime": {"datetime": "2021-09-20 16:32:19", "elapsed": 4408.905911, "delta": 2.282755}}
{"target": -2.571464020876217, "params": {"C": 72.68599398786017, "epsilon": 10.612478673022025, "gamma": 0.060968827601439166, "lamda": 0.12110333863263625}, "datetime": {"datetime": "2021-09-20 16:32:45", "elapsed": 4434.926293, "delta": 26.020382}}
{"target": -7.218031668844013, "params": {"C": 96.98534697451842, "epsilon": 17.684185125094345, "gamma": 0.049051692656096366, "lamda": 0.12828153895594982}, "datetime": {"datetime": "2021-09-20 16:33:14", "elapsed": 4463.668404, "delta": 28.742111}}
{"target": -2.390835618779298, "params": {"C": 76.3771248056351, "epsilon": 12.89148117599061, "gamma": 0.0778642925894015, "lamda": 0.12351353174935917}, "datetime": {"datetime": "2021-09-20 16:33:35", "elapsed": 4484.835154, "delta": 21.16675}}
{"target": -4.550658684584861, "params": {"C": 88.01403350734522, "epsilon": 10.338080598628776, "gamma": 0.04783463995410367, "lamda": 0.05880266795099309}, "datetime": {"datetime": "2021-09-20 16:33:58", "elapsed": 4507.932012, "delta": 23.096858}}
{"target": -1.8094808237985536, "params": {"C": 76.4296192602482, "epsilon": 12.817435703780037, "gamma": 0.06948136656863527, "lamda": 0.08087093917344973}, "datetime": {"datetime": "2021-09-20 16:34:16", "elapsed": 4525.933448, "delta": 18.001436}}
{"target": -3.0773216881161796, "params": {"C": 91.48612472343318, "epsilon": 13.036214912442246, "gamma": 0.056319395159371316, "lamda": 0.10203140640172785}, "datetime": {"datetime": "2021-09-20 16:34:30", "elapsed": 4540.48186, "delta": 14.548412}}
{"target": 0.9000679062236664, "params": {"C": 66.78430748714082, "epsilon": 18.191612291961846, "gamma": 0.07497499911593489, "lamda": 0.07735740466105416}, "datetime": {"datetime": "2021-09-20 16:34:34", "elapsed": 4544.653822, "delta": 4.171962}}
{"target": -4.237948997078305, "params": {"C": 99.98409242081271, "epsilon": 19.56742715656464, "gamma": 0.05022538706041479, "lamda": 0.0325427524856892}, "datetime": {"datetime": "2021-09-20 16:34:50", "elapsed": 4559.778331, "delta": 15.124509}}
{"target": -5.838592014326165, "params": {"C": 99.7008717897393, "epsilon": 16.24895118337954, "gamma": 0.040217963824798426, "lamda": 0.002614660640244464}, "datetime": {"datetime": "2021-09-20 16:35:15", "elapsed": 4585.471139, "delta": 25.692808}}
{"target": -5.319751332396743, "params": {"C": 79.26963822810075, "epsilon": 14.577496729175312, "gamma": 0.05221540601459049, "lamda": 0.09543448113637969}, "datetime": {"datetime": "2021-09-20 16:35:31", "elapsed": 4601.455476, "delta": 15.984337}}
{"target": -2.7342693744795254, "params": {"C": 70.81591624482081, "epsilon": 11.59963302947705, "gamma": 0.07010069855656209, "lamda": 0.02241002247171568}, "datetime": {"datetime": "2021-09-20 16:35:46", "elapsed": 4615.94883, "delta": 14.493354}}
{"target": -7.113295850441965, "params": {"C": 95.521921222838, "epsilon": 15.685590286356394, "gamma": 0.04070709697514685, "lamda": 0.1875028176641689}, "datetime": {"datetime": "2021-09-20 16:36:01", "elapsed": 4631.098478, "delta": 15.149648}}
