{"target": -3.503805439373422, "params": {"C": 72.24290433532072, "epsilon": 16.175369216418147, "gamma": 0.05535670041280589, "lamda": 0.03363893249619791}, "datetime": {"datetime": "2021-09-20 15:41:20", "elapsed": 1350.336337, "delta": 10.631873}}
{"target": -4.696503385802928, "params": {"C": 98.42664715857828, "epsilon": 20.680903124727486, "gamma": 0.05051561405284366, "lamda": 0.027182309847350445}, "datetime": {"datetime": "2021-09-20 15:41:31", "elapsed": 1361.34014, "delta": 11.003803}}
{"target": -3.0377455946831757, "params": {"C": 93.09645956008377, "epsilon": 11.128317068696788, "gamma": 0.07008499528945916, "lamda": 0.019079872887158435}, "datetime": {"datetime": "2021-09-20 15:41:43", "elapsed": 1372.879328, "delta": 11.539188}}
{"target": 0.9010202316575366, "params": {"C": 76.4222820793417, "epsilon": 12.870925084326533, "gamma": 0.08, "lamda": 0.09178459587416411}, "datetime": {"datetime": "2021-09-20 15:41:44", "elapsed": 1374.536017, "delta": 1.656689}}
{"target": -6.3329219016385725, "params": {"C": 84.78322385515995, "epsilon": 14.957322517136246, "gamma": 0.041911428466530724, "lamda": 0.09214846868605969}, "datetime": {"datetime": "2021-09-20 15:41:57", "elapsed": 1386.977469, "delta": 12.441452}}
{"target": -2.0690792894885655, "params": {"C": 99.96595565867457, "epsilon": 17.313996622500973, "gamma": 0.049630912978073, "lamda": 0.017648379361003226}, "datetime": {"datetime": "2021-09-20 15:42:08", "elapsed": 1398.553359, "delta": 11.57589}}
{"target": -2.278068572423461, "params": {"C": 95.075584174471, "epsilon": 12.582431085940774, "gamma": 0.059302028422684845, "lamda": 0.030656855072818238}, "datetime": {"datetime": "2021-09-20 15:42:20", "elapsed": 1410.401002, "delta": 11.847643}}
{"target": -7.962364715830036, "params": {"C": 92.05525773371966, "epsilon": 21.16910193203642, "gamma": 0.07040361986895353, "lamda": 0.1861977852510157}, "datetime": {"datetime": "2021-09-20 15:42:32", "elapsed": 1422.41111, "delta": 12.010108}}
{"target": -3.366700727224627, "params": {"C": 78.32425784189365, "epsilon": 11.022016472130122, "gamma": 0.05743260900466912, "lamda": 0.03495343559593337}, "datetime": {"datetime": "2021-09-20 15:42:43", "elapsed": 1433.547829, "delta": 11.136719}}
{"target": -1.6021105249231367, "params": {"C": 88.15905379458741, "epsilon": 13.323569297914892, "gamma": 0.07226893333575893, "lamda": 0.040806749220601374}, "datetime": {"datetime": "2021-09-20 15:42:56", "elapsed": 1445.95664, "delta": 12.408811}}
{"target": -7.138037193044424, "params": {"C": 98.8991924473219, "epsilon": 19.205235237910436, "gamma": 0.04201916122842604, "lamda": 0.006419288491847437}, "datetime": {"datetime": "2021-09-20 15:43:15", "elapsed": 1465.205502, "delta": 19.248862}}
{"target": -4.131905565120706, "params": {"C": 71.347839621772, "epsilon": 17.33719623541216, "gamma": 0.04613326460382572, "lamda": 0.0009358901778092463}, "datetime": {"datetime": "2021-09-20 15:43:27", "elapsed": 1476.964793, "delta": 11.759291}}
{"target": -1.702142733392753, "params": {"C": 94.82612427914161, "epsilon": 11.14099897176641, "gamma": 0.07631736243070024, "lamda": 0.07592090619098747}, "datetime": {"datetime": "2021-09-20 15:43:38", "elapsed": 1488.336901, "delta": 11.372108}}
{"target": -6.225333733515722, "params": {"C": 89.65502297936354, "epsilon": 16.319853311485332, "gamma": 0.04947526480056275, "lamda": 0.17517174863473195}, "datetime": {"datetime": "2021-09-20 15:43:57", "elapsed": 1506.973634, "delta": 18.636733}}
{"target": -5.129517394171293, "params": {"C": 78.81067392586681, "epsilon": 11.130613347900033, "gamma": 0.05168518334266956, "lamda": 0.13863752586535047}, "datetime": {"datetime": "2021-09-20 15:44:16", "elapsed": 1526.270191, "delta": 19.296557}}
{"target": -6.211313786213994, "params": {"C": 73.44416114426676, "epsilon": 12.924146637245073, "gamma": 0.0414920864475981, "lamda": 0.007559282928633743}, "datetime": {"datetime": "2021-09-20 15:44:38", "elapsed": 1547.668964, "delta": 21.398773}}
{"target": -2.81691844668436, "params": {"C": 76.43104332102556, "epsilon": 12.893383630340573, "gamma": 0.06719909623674575, "lamda": 0.13146338265347943}, "datetime": {"datetime": "2021-09-20 15:44:56", "elapsed": 1565.793915, "delta": 18.124951}}
{"target": -3.1620575281535164, "params": {"C": 68.10409793263236, "epsilon": 10.628304167493472, "gamma": 0.06708217916956108, "lamda": 0.016808650847447943}, "datetime": {"datetime": "2021-09-20 15:45:14", "elapsed": 1584.277826, "delta": 18.483911}}
{"target": -8.775688279448165, "params": {"C": 69.8382574278848, "epsilon": 21.071066860779297, "gamma": 0.04185734290802255, "lamda": 0.07979592202967076}, "datetime": {"datetime": "2021-09-20 15:45:26", "elapsed": 1596.362251, "delta": 12.084425}}
{"target": -2.9453135272964115, "params": {"C": 69.95842592795059, "epsilon": 15.361052216633697, "gamma": 0.06211826073706651, "lamda": 0.15092039175092425}, "datetime": {"datetime": "2021-09-20 15:45:46", "elapsed": 1615.777686, "delta": 19.415435}}
{"target": -6.47457677557231, "params": {"C": 68.62383544450724, "epsilon": 17.690547610399484, "gamma": 0.06381251524125583, "lamda": 0.19627924702659363}, "datetime": {"datetime": "2021-09-20 15:46:05", "elapsed": 1635.127745, "delta": 19.350059}}
{"target": -6.369729962549497, "params": {"C": 79.80678368894527, "epsilon": 17.72000446150691, "gamma": 0.05707020702702197, "lamda": 0.1654662492339538}, "datetime": {"datetime": "2021-09-20 15:46:24", "elapsed": 1654.032228, "delta": 18.904483}}
{"target": 0.9011635858526229, "params": {"C": 73.49793097209351, "epsilon": 14.17460817445, "gamma": 0.07765680051207238, "lamda": 0.015787167396475007}, "datetime": {"datetime": "2021-09-20 15:46:25", "elapsed": 1655.30312, "delta": 1.270892}}
{"target": -6.279867519879423, "params": {"C": 78.46042185176128, "epsilon": 16.9865531700446, "gamma": 0.058848929051376314, "lamda": 0.1729341648165246}, "datetime": {"datetime": "2021-09-20 15:46:44", "elapsed": 1673.804739, "delta": 18.501619}}
{"target": 0.9028200852898138, "params": {"C": 94.91807245046022, "epsilon": 11.315726428344206, "gamma": 0.08, "lamda": 1e-06}, "datetime": {"datetime": "2021-09-20 15:46:45", "elapsed": 1675.473516, "delta": 1.668777}}
{"target": -5.767305614670968, "params": {"C": 73.41521110403407, "epsilon": 14.223305376647504, "gamma": 0.04266555740581553, "lamda": 0.05017339091170476}, "datetime": {"datetime": "2021-09-20 15:46:57", "elapsed": 1687.619044, "delta": 12.145528}}
{"target": -5.482041559577132, "params": {"C": 71.15733244712311, "epsilon": 15.505898556389232, "gamma": 0.06512985704845634, "lamda": 0.18723072468962138}, "datetime": {"datetime": "2021-09-20 15:47:09", "elapsed": 1699.558867, "delta": 11.939823}}
{"target": -2.8165661256142656, "params": {"C": 78.61904586722679, "epsilon": 15.969977612761614, "gamma": 0.07764723033604158, "lamda": 0.163263095485142}, "datetime": {"datetime": "2021-09-20 15:47:29", "elapsed": 1719.12913, "delta": 19.570263}}
{"target": -1.559750412698612, "params": {"C": 98.26912406980976, "epsilon": 20.652398580184006, "gamma": 0.07209302810092334, "lamda": 0.06755903147818638}, "datetime": {"datetime": "2021-09-20 15:47:41", "elapsed": 1730.91248, "delta": 11.78335}}
{"target": -1.7833012199235334, "params": {"C": 91.39287731555598, "epsilon": 18.87754383649338, "gamma": 0.07167282309318132, "lamda": 0.17233041642378938}, "datetime": {"datetime": "2021-09-20 15:47:53", "elapsed": 1742.704467, "delta": 11.791987}}
{"target": 0.9011875694942094, "params": {"C": 73.58718678116442, "epsilon": 14.185492326942844, "gamma": 0.07237343060319246, "lamda": 0.033018830893892424}, "datetime": {"datetime": "2021-09-20 15:47:54", "elapsed": 1744.064463, "delta": 1.359996}}
{"target": -3.2756222187370607, "params": {"C": 73.56174093612562, "epsilon": 14.142336701384462, "gamma": 0.04869229029578652, "lamda": 0.03337879965055175}, "datetime": {"datetime": "2021-09-20 15:48:14", "elapsed": 1764.117265, "delta": 20.052802}}
{"target": -6.206888406703011, "params": {"C": 79.61537392164149, "epsilon": 16.902014936048353, "gamma": 0.055129915625892145, "lamda": 0.132541820478967}, "datetime": {"datetime": "2021-09-20 15:48:26", "elapsed": 1776.040899, "delta": 11.923634}}
{"target": -6.347619492022881, "params": {"C": 88.44720191655082, "epsilon": 15.899947235680395, "gamma": 0.04390812085157516, "lamda": 0.16532333509845207}, "datetime": {"datetime": "2021-09-20 15:48:45", "elapsed": 1795.056827, "delta": 19.015928}}
{"target": -1.9844755462602195, "params": {"C": 98.29144425014418, "epsilon": 20.615109097373566, "gamma": 0.06494533448903927, "lamda": 0.046717572481610736}, "datetime": {"datetime": "2021-09-20 15:48:57", "elapsed": 1806.852996, "delta": 11.796169}}
{"target": -3.437595991975785, "params": {"C": 99.99921704626124, "epsilon": 21.34839420732517, "gamma": 0.06939735009076133, "lamda": 0.01746743022884602}, "datetime": {"datetime": "2021-09-20 15:49:08", "elapsed": 1818.094358, "delta": 11.241362}}
{"target": -3.3132875384070815, "params": {"C": 98.43996714413808, "epsilon": 14.536877739357479, "gamma": 0.05569832202647482, "lamda": 0.14377744836463244}, "datetime": {"datetime": "2021-09-20 15:49:26", "elapsed": 1836.291967, "delta": 18.197609}}
{"target": -4.6049483395574144, "params": {"C": 68.18436253452037, "epsilon": 10.768807718765535, "gamma": 0.05730583948661525, "lamda": 0.08526684630993708}, "datetime": {"datetime": "2021-09-20 15:49:39", "elapsed": 1848.804127, "delta": 12.51216}}
{"target": 0.9021948428141303, "params": {"C": 76.4269906909582, "epsilon": 12.845059686646168, "gamma": 0.07668273668499138, "lamda": 0.04381852987448728}, "datetime": {"datetime": "2021-09-20 15:49:40", "elapsed": 1850.444227, "delta": 1.6401}}
{"target": -5.243471527151878, "params": {"C": 77.57373918379642, "epsilon": 12.622419438931608, "gamma": 0.04916415308212299, "lamda": 0.08883698822174518}, "datetime": {"datetime": "2021-09-20 15:49:59", "elapsed": 1868.876441, "delta": 18.432214}}
{"target": 0.9022986022425207, "params": {"C": 73.48172759246543, "epsilon": 14.241670966067556, "gamma": 0.07327258792032873, "lamda": 0.034221721067468416}, "datetime": {"datetime": "2021-09-20 15:50:00", "elapsed": 1870.248442, "delta": 1.372001}}
{"target": -3.4298544324497335, "params": {"C": 93.31492677344433, "epsilon": 10.056251585230473, "gamma": 0.050533286897603114, "lamda": 0.016990941016408703}, "datetime": {"datetime": "2021-09-20 15:50:13", "elapsed": 1883.018258, "delta": 12.769816}}
{"target": -3.545874393754989, "params": {"C": 96.67238623776487, "epsilon": 11.47990179672323, "gamma": 0.05722505320815367, "lamda": 0.012543285191644705}, "datetime": {"datetime": "2021-09-20 15:50:24", "elapsed": 1894.206042, "delta": 11.187784}}
{"target": -1.9615835001196387, "params": {"C": 90.94184418083924, "epsilon": 12.937014435617732, "gamma": 0.05638606067169352, "lamda": 0.04675820674422651}, "datetime": {"datetime": "2021-09-20 15:50:36", "elapsed": 1906.310935, "delta": 12.104893}}
{"target": 0.9023223488125367, "params": {"C": 76.38405817002905, "epsilon": 12.845777763789245, "gamma": 0.06699698332309359, "lamda": 0.05206577871335854}, "datetime": {"datetime": "2021-09-20 15:50:37", "elapsed": 1907.563795, "delta": 1.25286}}
{"target": -7.343880319814456, "params": {"C": 93.8384882589908, "epsilon": 18.242398277432827, "gamma": 0.047570717010092876, "lamda": 0.10878948909084697}, "datetime": {"datetime": "2021-09-20 15:50:56", "elapsed": 1926.207994, "delta": 18.644199}}
{"target": 0.9018522936139594, "params": {"C": 68.18989886630831, "epsilon": 10.67098956894423, "gamma": 0.07655614247333722, "lamda": 0.04095814435106822}, "datetime": {"datetime": "2021-09-20 15:50:57", "elapsed": 1927.616668, "delta": 1.408674}}
{"target": -5.945925080932066, "params": {"C": 98.57181246025846, "epsilon": 15.101536826802112, "gamma": 0.050952523022505344, "lamda": 0.19939197070456394}, "datetime": {"datetime": "2021-09-20 15:51:16", "elapsed": 1946.260397, "delta": 18.643729}}
{"target": 0.90358550943689, "params": {"C": 76.46081961400618, "epsilon": 12.849585780503016, "gamma": 0.0758949042507442, "lamda": 0.10016764648600546}, "datetime": {"datetime": "2021-09-20 15:51:18", "elapsed": 1947.997569, "delta": 1.737172}}
{"target": 0.9067899074262562, "params": {"C": 95.46123274818427, "epsilon": 16.64965389505972, "gamma": 0.060576770330793325, "lamda": 0.005363684227621709}, "datetime": {"datetime": "2021-09-20 15:51:19", "elapsed": 1949.291348, "delta": 1.293779}}
{"target": 0.9024516788610217, "params": {"C": 94.15299332453598, "epsilon": 12.457533057539377, "gamma": 0.08, "lamda": 1e-06}, "datetime": {"datetime": "2021-09-20 15:51:21", "elapsed": 1951.060685, "delta": 1.769337}}
{"target": -2.5988354639147073, "params": {"C": 98.43695824449738, "epsilon": 14.203375816662618, "gamma": 0.07406978325048894, "lamda": 0.10182431768536854}, "datetime": {"datetime": "2021-09-20 15:51:32", "elapsed": 1962.266082, "delta": 11.205397}}
{"target": -2.009708530733828, "params": {"C": 68.17200624029184, "epsilon": 10.584695372073574, "gamma": 0.07812935546301317, "lamda": 0.029208901378108373}, "datetime": {"datetime": "2021-09-20 15:51:44", "elapsed": 1974.479413, "delta": 12.213331}}
{"target": -5.428916553572637, "params": {"C": 94.21134310555375, "epsilon": 12.508145461602071, "gamma": 0.045569422407117664, "lamda": 0.03994308629317539}, "datetime": {"datetime": "2021-09-20 15:51:55", "elapsed": 1985.097416, "delta": 10.618003}}
{"target": -1.466085940846353, "params": {"C": 92.94699472648576, "epsilon": 20.959884699105764, "gamma": 0.0774594436831357, "lamda": 0.06851157241294041}, "datetime": {"datetime": "2021-09-20 15:52:05", "elapsed": 1995.165411, "delta": 10.067995}}
{"target": -7.025670925548141, "params": {"C": 72.0341260947857, "epsilon": 17.49347865570807, "gamma": 0.050190635671009384, "lamda": 0.08843577430426736}, "datetime": {"datetime": "2021-09-20 15:52:21", "elapsed": 2011.360065, "delta": 16.194654}}
{"target": -4.540863993571863, "params": {"C": 93.055378254196, "epsilon": 11.207517822516671, "gamma": 0.0439070762542916, "lamda": 0.004823142792497143}, "datetime": {"datetime": "2021-09-20 15:52:38", "elapsed": 2028.180063, "delta": 16.819998}}
{"target": -1.6827309268266233, "params": {"C": 76.4231229342978, "epsilon": 12.916179812391643, "gamma": 0.06899770893775661, "lamda": 0.06650960838181114}, "datetime": {"datetime": "2021-09-20 15:52:49", "elapsed": 2038.978066, "delta": 10.798003}}
{"target": -5.200713921879899, "params": {"C": 94.14354572521819, "epsilon": 12.504590904046868, "gamma": 0.040611073912751094, "lamda": 0.005018611434881336}, "datetime": {"datetime": "2021-09-20 15:53:00", "elapsed": 2050.363067, "delta": 11.385001}}
{"target": 0.907617898411555, "params": {"C": 68.11496528028992, "epsilon": 10.692882694178277, "gamma": 0.055098253717251286, "lamda": 0.00036756353008182956}, "datetime": {"datetime": "2021-09-20 15:53:02", "elapsed": 2051.863063, "delta": 1.499996}}
{"target": 0.9057597117789798, "params": {"C": 72.5311396520145, "epsilon": 13.894546128476176, "gamma": 0.0581871053966115, "lamda": 0.0017648615046957027}, "datetime": {"datetime": "2021-09-20 15:53:03", "elapsed": 2053.185063, "delta": 1.322}}
{"target": -3.04366207835361, "params": {"C": 91.935579448336, "epsilon": 10.734046511465273, "gamma": 0.058427154490121036, "lamda": 0.15209923974064618}, "datetime": {"datetime": "2021-09-20 15:53:22", "elapsed": 2072.432363, "delta": 19.2473}}
{"target": -3.235673228629132, "params": {"C": 73.4875055349771, "epsilon": 14.229012012339352, "gamma": 0.05396281034803099, "lamda": 0.07720721955867733}, "datetime": {"datetime": "2021-09-20 15:53:41", "elapsed": 2090.691062, "delta": 18.258699}}
{"target": -3.566167379665841, "params": {"C": 83.01341852459046, "epsilon": 21.566086239461704, "gamma": 0.06398071256343826, "lamda": 0.10319087081762002}, "datetime": {"datetime": "2021-09-20 15:53:58", "elapsed": 2108.267369, "delta": 17.576307}}
{"target": -1.5483524535512188, "params": {"C": 71.78676518078134, "epsilon": 21.70494875986737, "gamma": 0.07208848071984236, "lamda": 0.04892651692780923}, "datetime": {"datetime": "2021-09-20 15:54:10", "elapsed": 2120.547739, "delta": 12.28037}}
{"target": -3.4011612415165464, "params": {"C": 76.37748784540945, "epsilon": 12.754191251056255, "gamma": 0.06852690539027372, "lamda": 0.019310304962510242}, "datetime": {"datetime": "2021-09-20 15:54:27", "elapsed": 2137.071118, "delta": 16.523379}}
{"target": -4.478288527874332, "params": {"C": 98.47693979448479, "epsilon": 14.198486263913978, "gamma": 0.06318196417258622, "lamda": 0.0090972746396987}, "datetime": {"datetime": "2021-09-20 15:54:41", "elapsed": 2151.608166, "delta": 14.537048}}
{"target": -6.039156575346866, "params": {"C": 96.86818911014763, "epsilon": 15.971203681199512, "gamma": 0.04850103771180562, "lamda": 0.0645496438275972}, "datetime": {"datetime": "2021-09-20 15:54:53", "elapsed": 2162.94108, "delta": 11.332914}}
{"target": -6.9118657036695526, "params": {"C": 95.49932792456441, "epsilon": 16.64456239122607, "gamma": 0.047313867746591576, "lamda": 0.05739030977916955}, "datetime": {"datetime": "2021-09-20 15:55:12", "elapsed": 2181.695965, "delta": 18.754885}}
{"target": -7.003208330604135, "params": {"C": 66.08742413278819, "epsilon": 21.949699713046467, "gamma": 0.05075982461809987, "lamda": 0.006318248461512438}, "datetime": {"datetime": "2021-09-20 15:55:24", "elapsed": 2194.153947, "delta": 12.457982}}
{"target": 0.9038522879872989, "params": {"C": 95.48743497180288, "epsilon": 16.680889962232584, "gamma": 0.0779532496763699, "lamda": 0.006031775027278815}, "datetime": {"datetime": "2021-09-20 15:55:26", "elapsed": 2195.827355, "delta": 1.673408}}
{"target": -2.0647996236080335, "params": {"C": 94.9487933165444, "epsilon": 11.31974222559338, "gamma": 0.057784452740162646, "lamda": 0.03322935784947697}, "datetime": {"datetime": "2021-09-20 15:55:37", "elapsed": 2207.466282, "delta": 11.638927}}
{"target": -3.51617033734275, "params": {"C": 89.98554284782362, "epsilon": 14.238081368273642, "gamma": 0.055077568757710464, "lamda": 0.08273084788040669}, "datetime": {"datetime": "2021-09-20 15:55:48", "elapsed": 2218.658652, "delta": 11.19237}}
{"target": -2.9123331728550808, "params": {"C": 94.09109355206076, "epsilon": 12.416774472387061, "gamma": 0.07138721268590673, "lamda": 0.03348006759662212}, "datetime": {"datetime": "2021-09-20 15:55:59", "elapsed": 2229.470275, "delta": 10.811623}}
{"target": -6.906200280410738, "params": {"C": 95.41589767565766, "epsilon": 16.67730932835712, "gamma": 0.043873566324383065, "lamda": 0.058541365292254066}, "datetime": {"datetime": "2021-09-20 15:56:11", "elapsed": 2241.225977, "delta": 11.755702}}
{"target": -1.5214209692267024, "params": {"C": 73.66772464677031, "epsilon": 14.217293308082706, "gamma": 0.07003881352621669, "lamda": 0.0999792841903231}, "datetime": {"datetime": "2021-09-20 15:56:23", "elapsed": 2252.735953, "delta": 11.509976}}
{"target": 0.9056492620731943, "params": {"C": 72.55043409438058, "epsilon": 13.993749779577023, "gamma": 0.06201811088229375, "lamda": 0.006977460412730621}, "datetime": {"datetime": "2021-09-20 15:56:24", "elapsed": 2253.958953, "delta": 1.223}}
{"target": -2.693012710315109, "params": {"C": 84.63748755402645, "epsilon": 15.4852625596204, "gamma": 0.07629763671476604, "lamda": 0.13864349781065596}, "datetime": {"datetime": "2021-09-20 15:56:40", "elapsed": 2269.74285, "delta": 15.783897}}
{"target": -3.2422070994784704, "params": {"C": 68.08818122133279, "epsilon": 10.743692822310816, "gamma": 0.05994571849142027, "lamda": 0.019624111467265514}, "datetime": {"datetime": "2021-09-20 15:56:59", "elapsed": 2289.005216, "delta": 19.262366}}
{"target": -3.679815742333461, "params": {"C": 93.4080561479301, "epsilon": 10.044441611288118, "gamma": 0.05121324851757534, "lamda": 0.02917535372840921}, "datetime": {"datetime": "2021-09-20 15:57:11", "elapsed": 2301.335152, "delta": 12.329936}}
{"target": -2.2786289031777183, "params": {"C": 96.75421991461613, "epsilon": 11.48186781673231, "gamma": 0.04994201775767311, "lamda": 0.008261075364236526}, "datetime": {"datetime": "2021-09-20 15:57:21", "elapsed": 2311.609831, "delta": 10.274679}}
{"target": -2.6971631583950266, "params": {"C": 67.33739628631146, "epsilon": 10.84798418849928, "gamma": 0.06591292444476454, "lamda": 0.14348990991224353}, "datetime": {"datetime": "2021-09-20 15:57:36", "elapsed": 2326.172932, "delta": 14.563101}}
{"target": -4.868777971500939, "params": {"C": 94.96725604493534, "epsilon": 11.317489236652303, "gamma": 0.04983990538059266, "lamda": 0.03690425071418017}, "datetime": {"datetime": "2021-09-20 15:57:51", "elapsed": 2341.543604, "delta": 15.370672}}
{"target": -6.958600675251537, "params": {"C": 92.24812276954697, "epsilon": 18.465081490386364, "gamma": 0.04984752100889885, "lamda": 0.042067582332678884}, "datetime": {"datetime": "2021-09-20 15:57:59", "elapsed": 2348.956176, "delta": 7.412572}}
{"target": -5.588291186864093, "params": {"C": 76.44403689443597, "epsilon": 12.866594421321487, "gamma": 0.04984213216657225, "lamda": 0.08507856238884601}, "datetime": {"datetime": "2021-09-20 15:58:17", "elapsed": 2366.854192, "delta": 17.898016}}
{"target": 0.9017097531327574, "params": {"C": 76.33203754973454, "epsilon": 12.789710866918549, "gamma": 0.07817047471044138, "lamda": 0.06892167483280227}, "datetime": {"datetime": "2021-09-20 15:58:18", "elapsed": 2368.437183, "delta": 1.582991}}
{"target": -5.175121886370413, "params": {"C": 76.36653301617501, "epsilon": 12.84196544910433, "gamma": 0.04520660496085101, "lamda": 0.05942417391959778}, "datetime": {"datetime": "2021-09-20 15:58:38", "elapsed": 2388.611949, "delta": 20.174766}}
{"target": -2.9157422461036373, "params": {"C": 68.12044330301951, "epsilon": 10.685416293478081, "gamma": 0.06359451016916885, "lamda": 0.08192044713316071}, "datetime": {"datetime": "2021-09-20 15:58:55", "elapsed": 2404.783476, "delta": 16.171527}}
