{"target": 0.4211613870583524, "params": {"C": 5.761436621676736, "epsilon": 13.043726577851883, "gamma": 0.9905955843032747, "lamda": 0.1923799676436624}, "datetime": {"datetime": "2021-07-03 11:26:31", "elapsed": 889.56667, "delta": 1.110033}}
{"target": -2.691169812894801, "params": {"C": 13.225015958125915, "epsilon": 12.05101620586343, "gamma": 0.3548456109503808, "lamda": 0.9632222850621044}, "datetime": {"datetime": "2021-07-03 11:26:45", "elapsed": 903.228165, "delta": 13.661495}}
{"target": 0.7593680882609676, "params": {"C": 14.58352924385618, "epsilon": 5.1938377001902625, "gamma": 0.4625526077181937, "lamda": 0.634022816993344}, "datetime": {"datetime": "2021-07-03 11:26:46", "elapsed": 904.312269, "delta": 1.084104}}
{"target": 0.5728527741911971, "params": {"C": 9.775394296563388, "epsilon": 14.761859812361717, "gamma": 0.7811671607856948, "lamda": 0.7103839515143122}, "datetime": {"datetime": "2021-07-03 11:26:48", "elapsed": 905.866117, "delta": 1.553848}}
{"target": 0.5413524088064003, "params": {"C": 6.394059635827515, "epsilon": 6.680122999483376, "gamma": 0.6461627572286154, "lamda": 0.459149453118194}, "datetime": {"datetime": "2021-07-03 11:26:49", "elapsed": 906.972161, "delta": 1.106044}}
{"target": 0.7852091459506348, "params": {"C": 14.245390966231474, "epsilon": 2.6276082530117693, "gamma": 0.3820345871207996, "lamda": 0.5602508957727512}, "datetime": {"datetime": "2021-07-03 11:26:50", "elapsed": 908.165971, "delta": 1.19381}}
{"target": 0.7296691332774702, "params": {"C": 6.841886966027129, "epsilon": 14.20483644288981, "gamma": 0.26214603693922905, "lamda": 0.6676850649906477}, "datetime": {"datetime": "2021-07-03 11:26:51", "elapsed": 909.708849, "delta": 1.542878}}
{"target": -2.911022832726544, "params": {"C": 13.921890868291825, "epsilon": 12.169820709670656, "gamma": 0.3345879561982348, "lamda": 0.43961598287643155}, "datetime": {"datetime": "2021-07-03 11:27:03", "elapsed": 921.72474, "delta": 12.015891}}
{"target": 0.6526358939271759, "params": {"C": 11.178135343713562, "epsilon": 13.786495527580598, "gamma": 0.6258170942327518, "lamda": 0.7149304821196096}, "datetime": {"datetime": "2021-07-03 11:27:05", "elapsed": 923.026262, "delta": 1.301522}}
{"target": -1.0263423617075706, "params": {"C": 12.69772437644292, "epsilon": 6.905765977769175, "gamma": 0.6479576463313473, "lamda": 0.792769346820186}, "datetime": {"datetime": "2021-07-03 11:27:16", "elapsed": 934.512571, "delta": 11.486309}}
{"target": -4.548660284172211, "params": {"C": 10.882772846937238, "epsilon": 13.165270638570826, "gamma": 0.17150274884231115, "lamda": 0.7227908023567657}, "datetime": {"datetime": "2021-07-03 11:27:27", "elapsed": 945.693693, "delta": 11.181122}}
{"target": 0.5565406941126794, "params": {"C": 5.353334943176666, "epsilon": 8.370217268973567, "gamma": 0.522908459639894, "lamda": 0.6430096759547566}, "datetime": {"datetime": "2021-07-03 11:27:29", "elapsed": 946.875535, "delta": 1.181842}}
{"target": 0.6857296351898542, "params": {"C": 11.772026760649855, "epsilon": 10.999027733858094, "gamma": 0.5662036440989671, "lamda": 0.7042661914485632}, "datetime": {"datetime": "2021-07-03 11:27:30", "elapsed": 948.036434, "delta": 1.160899}}
{"target": 0.5638246675156007, "params": {"C": 8.86186331573162, "epsilon": 0.521188951115552, "gamma": 0.7449794718467689, "lamda": 0.4743986288967089}, "datetime": {"datetime": "2021-07-03 11:27:31", "elapsed": 949.168409, "delta": 1.131975}}
{"target": 0.5232710798526029, "params": {"C": 10.457456263638463, "epsilon": 13.535443023674967, "gamma": 0.9760795247772196, "lamda": 0.7905936318339113}, "datetime": {"datetime": "2021-07-03 11:27:32", "elapsed": 950.393137, "delta": 1.224728}}
{"target": 0.6116194920143665, "params": {"C": 8.527791773147493, "epsilon": 12.36232766358739, "gamma": 0.6031689820202243, "lamda": 0.7782345085200988}, "datetime": {"datetime": "2021-07-03 11:27:34", "elapsed": 952.130494, "delta": 1.737357}}
{"target": -3.494117454131014, "params": {"C": 11.90629078735098, "epsilon": 5.892873219275352, "gamma": 0.14789360613552216, "lamda": 0.576551275823959}, "datetime": {"datetime": "2021-07-03 11:27:47", "elapsed": 965.316262, "delta": 13.185768}}
{"target": 0.6493721569396222, "params": {"C": 7.275028313839274, "epsilon": 14.796439440336753, "gamma": 0.448992314694281, "lamda": 0.9748709510485151}, "datetime": {"datetime": "2021-07-03 11:27:49", "elapsed": 966.924961, "delta": 1.608699}}
{"target": 0.7824534693620735, "params": {"C": 13.557584476967765, "epsilon": 2.1292432198899647, "gamma": 0.3729068558858901, "lamda": 0.2368619406736348}, "datetime": {"datetime": "2021-07-03 11:27:50", "elapsed": 968.079876, "delta": 1.154915}}
{"target": -2.9545139605246833, "params": {"C": 13.759431476825947, "epsilon": 11.66628308789315, "gamma": 0.2856949948983082, "lamda": 0.7763511882494395}, "datetime": {"datetime": "2021-07-03 11:28:01", "elapsed": 979.675889, "delta": 11.596013}}
{"target": -3.0049365736670595, "params": {"C": 10.141302582756001, "epsilon": 10.570231001730376, "gamma": 0.25716114930699246, "lamda": 0.7405871702296722}, "datetime": {"datetime": "2021-07-03 11:28:13", "elapsed": 991.64391, "delta": 11.968021}}
{"target": 0.6620661818752109, "params": {"C": 13.695857798246644, "epsilon": 12.586188439711526, "gamma": 0.6855341858688935, "lamda": 0.3539459358782112}, "datetime": {"datetime": "2021-07-03 11:28:14", "elapsed": 992.828745, "delta": 1.184835}}
{"target": 0.61889992402615, "params": {"C": 13.83814730269092, "epsilon": 7.80644819035106, "gamma": 0.8064283625923052, "lamda": 0.49000108213314497}, "datetime": {"datetime": "2021-07-03 11:28:16", "elapsed": 993.989643, "delta": 1.160898}}
{"target": 0.7646367945968023, "params": {"C": 13.966159573153591, "epsilon": 14.142902015057192, "gamma": 0.43059713747249845, "lamda": 0.10803732900537634}, "datetime": {"datetime": "2021-07-03 11:28:17", "elapsed": 995.185447, "delta": 1.195804}}
{"target": -3.7050953832393416, "params": {"C": 7.758867622115384, "epsilon": 2.497630140019675, "gamma": 0.10986430412416713, "lamda": 0.885898005834587}, "datetime": {"datetime": "2021-07-03 11:28:26", "elapsed": 1004.038789, "delta": 8.853342}}
{"target": 0.6033611176434172, "params": {"C": 5.3978266898472445, "epsilon": 14.179152423479277, "gamma": 0.4270082408734852, "lamda": 0.2769163926756073}, "datetime": {"datetime": "2021-07-03 11:28:27", "elapsed": 1005.272494, "delta": 1.233705}}
{"target": -1.9120103415645984, "params": {"C": 14.28473306234942, "epsilon": 11.429619912653159, "gamma": 0.806839307545152, "lamda": 0.994177831741175}, "datetime": {"datetime": "2021-07-03 11:28:39", "elapsed": 1017.145767, "delta": 11.873273}}
{"target": -6.019740538734965, "params": {"C": 7.372747158756955, "epsilon": 12.804169177985381, "gamma": 0.020318384746070468, "lamda": 0.5408543334074399}, "datetime": {"datetime": "2021-07-03 11:28:47", "elapsed": 1025.84253, "delta": 8.696763}}
{"target": 0.45611336470195074, "params": {"C": 6.639849817766078, "epsilon": 1.5010722260145097, "gamma": 0.9194509024167956, "lamda": 0.4110902576926416}, "datetime": {"datetime": "2021-07-03 11:28:49", "elapsed": 1027.138066, "delta": 1.295536}}
{"target": -4.4159041114821305, "params": {"C": 11.90666712453197, "epsilon": 14.3916083481744, "gamma": 0.23377153562270817, "lamda": 0.8524690793969253}, "datetime": {"datetime": "2021-07-03 11:29:00", "elapsed": 1038.322181, "delta": 11.184115}}
{"target": 0.653290328361521, "params": {"C": 9.269066284456343, "epsilon": 8.339254417832105, "gamma": 0.5377542362628076, "lamda": 0.9483442888722357}, "datetime": {"datetime": "2021-07-03 11:29:01", "elapsed": 1039.52397, "delta": 1.201789}}
{"target": 0.6037449640654629, "params": {"C": 12.96033199710656, "epsilon": 2.210983610061911, "gamma": 0.8157269687459998, "lamda": 0.821435298173024}, "datetime": {"datetime": "2021-07-03 11:29:02", "elapsed": 1040.699827, "delta": 1.175857}}
{"target": 0.642526695313176, "params": {"C": 12.85292649715324, "epsilon": 3.661129635325512, "gamma": 0.7071183199282186, "lamda": 0.2534120453700831}, "datetime": {"datetime": "2021-07-03 11:29:04", "elapsed": 1041.925552, "delta": 1.225725}}
{"target": 0.7839128816651018, "params": {"C": 13.735707098259951, "epsilon": 5.907664528227688, "gamma": 0.3725487942437563, "lamda": 0.8750508688735597}, "datetime": {"datetime": "2021-07-03 11:29:05", "elapsed": 1043.179203, "delta": 1.253651}}
{"target": 0.7403867101101602, "params": {"C": 10.962273713702784, "epsilon": 12.852823203112026, "gamma": 0.40112190080435745, "lamda": 0.19948386499288998}, "datetime": {"datetime": "2021-07-03 11:29:06", "elapsed": 1044.470752, "delta": 1.291549}}
{"target": 0.5319531691346228, "params": {"C": 5.83727639643917, "epsilon": 12.009788839457611, "gamma": 0.618877790305694, "lamda": 0.5868156650052875}, "datetime": {"datetime": "2021-07-03 11:29:07", "elapsed": 1045.840093, "delta": 1.369341}}
{"target": 0.7468305730320286, "params": {"C": 9.829244531864095, "epsilon": 9.327427498450934, "gamma": 0.3429889948364344, "lamda": 0.2230473519618611}, "datetime": {"datetime": "2021-07-03 11:29:09", "elapsed": 1047.081775, "delta": 1.241682}}
{"target": -2.8701665844250575, "params": {"C": 13.999244020673167, "epsilon": 10.019729004983194, "gamma": 0.2540726376877977, "lamda": 0.9279308394454738}, "datetime": {"datetime": "2021-07-03 11:29:21", "elapsed": 1059.564421, "delta": 12.482646}}
{"target": 0.7814374690563524, "params": {"C": 5.389361858399274, "epsilon": 4.403837555459327, "gamma": 0.1201605711148829, "lamda": 0.5504780367617308}, "datetime": {"datetime": "2021-07-03 11:29:23", "elapsed": 1060.8819, "delta": 1.317479}}
{"target": 0.4905249496245626, "params": {"C": 7.120747063697358, "epsilon": 7.8228000994139215, "gamma": 0.8608866812306588, "lamda": 0.3046882043149536}, "datetime": {"datetime": "2021-07-03 11:29:26", "elapsed": 1064.249901, "delta": 3.368001}}
{"target": 0.5545275236836573, "params": {"C": 9.676017076844857, "epsilon": 8.613016981551574, "gamma": 0.8256402908755192, "lamda": 0.1831709896819368}, "datetime": {"datetime": "2021-07-03 11:29:27", "elapsed": 1065.573363, "delta": 1.323462}}
{"target": 0.5748444568329196, "params": {"C": 7.79875576839193, "epsilon": 14.731158484458378, "gamma": 0.6610643190655886, "lamda": 0.6076892412014219}, "datetime": {"datetime": "2021-07-03 11:29:29", "elapsed": 1067.656797, "delta": 2.083434}}
{"target": 0.7141900298932768, "params": {"C": 9.789021684616438, "epsilon": 8.611263435267277, "gamma": 0.41991964010216387, "lamda": 0.36217607700768195}, "datetime": {"datetime": "2021-07-03 11:29:31", "elapsed": 1068.957321, "delta": 1.300524}}
{"target": 0.5666258854129426, "params": {"C": 10.591122398435818, "epsilon": 0.2753770235093146, "gamma": 0.825662037501412, "lamda": 0.8268652772674603}, "datetime": {"datetime": "2021-07-03 11:29:32", "elapsed": 1070.20798, "delta": 1.250659}}
{"target": 0.5973217688195636, "params": {"C": 8.243900161802504, "epsilon": 6.368878989343323, "gamma": 0.6229859776881059, "lamda": 0.2782660107422826}, "datetime": {"datetime": "2021-07-03 11:29:34", "elapsed": 1072.426054, "delta": 2.218074}}
{"target": 0.636087343800896, "params": {"C": 7.6091851942877025, "epsilon": 11.885640810488304, "gamma": 0.487461901065763, "lamda": 0.8352663224670321}, "datetime": {"datetime": "2021-07-03 11:29:35", "elapsed": 1073.798386, "delta": 1.372332}}
{"target": 0.7629402165192786, "params": {"C": 13.994929485631806, "epsilon": 5.817805170249076, "gamma": 0.4391000773625157, "lamda": 0.3716491025978893}, "datetime": {"datetime": "2021-07-03 11:29:37", "elapsed": 1075.133816, "delta": 1.33543}}
{"target": 0.6483478701570115, "params": {"C": 5.93325348843027, "epsilon": 11.251311167874157, "gamma": 0.37390069731774517, "lamda": 0.8544883505389926}, "datetime": {"datetime": "2021-07-03 11:29:38", "elapsed": 1076.421376, "delta": 1.28756}}
{"target": -6.132113173291624, "params": {"C": 7.951154569681388, "epsilon": 11.557730759159274, "gamma": 0.09738175597346672, "lamda": 0.2717862793668194}, "datetime": {"datetime": "2021-07-03 11:29:48", "elapsed": 1086.799644, "delta": 10.378268}}
{"target": 0.5251237989979759, "params": {"C": 7.856794001134632, "epsilon": 13.979238399978449, "gamma": 0.8136409720033032, "lamda": 0.7788777554143163}, "datetime": {"datetime": "2021-07-03 11:29:51", "elapsed": 1088.974832, "delta": 2.175188}}
{"target": 0.6153158454269235, "params": {"C": 5.176436847091042, "epsilon": 7.8026411324144425, "gamma": 0.4037287535404462, "lamda": 0.8485037334495419}, "datetime": {"datetime": "2021-07-03 11:29:52", "elapsed": 1090.240451, "delta": 1.265619}}
{"target": 0.6854911619938833, "params": {"C": 5.31991417074866, "epsilon": 5.346182465840345, "gamma": 0.2819329779007298, "lamda": 0.27227132405797483}, "datetime": {"datetime": "2021-07-03 11:29:53", "elapsed": 1091.371428, "delta": 1.130977}}
{"target": -2.409918372416634, "params": {"C": 8.658664589911007, "epsilon": 5.596463587899271, "gamma": 0.19100599086420847, "lamda": 0.8296935119861178}, "datetime": {"datetime": "2021-07-03 11:30:02", "elapsed": 1100.71945, "delta": 9.348022}}
{"target": 0.5738138273144078, "params": {"C": 12.608265902860934, "epsilon": 10.063885887210066, "gamma": 0.8982177556706671, "lamda": 0.8537339304144661}, "datetime": {"datetime": "2021-07-03 11:30:04", "elapsed": 1102.049895, "delta": 1.330445}}
{"target": 0.5087072867487921, "params": {"C": 7.659248193437147, "epsilon": 12.271251693644531, "gamma": 0.8493103333007418, "lamda": 0.7549962591696858}, "datetime": {"datetime": "2021-07-03 11:30:05", "elapsed": 1103.298557, "delta": 1.248662}}
{"target": -4.715802567708979, "params": {"C": 5.877711752297602, "epsilon": 5.131989741316647, "gamma": 0.09495383800570406, "lamda": 0.6475125295768253}, "datetime": {"datetime": "2021-07-03 11:30:14", "elapsed": 1112.268589, "delta": 8.970032}}
{"target": 0.6166758633514096, "params": {"C": 9.311383340348964, "epsilon": 13.890148139369925, "gamma": 0.6344517543977827, "lamda": 0.19158905181924218}, "datetime": {"datetime": "2021-07-03 11:30:15", "elapsed": 1113.470378, "delta": 1.201789}}
{"target": 0.5303969276963969, "params": {"C": 8.100741424604962, "epsilon": 13.345114258816688, "gamma": 0.8143638835519487, "lamda": 0.726421043038024}, "datetime": {"datetime": "2021-07-03 11:30:16", "elapsed": 1114.689121, "delta": 1.218743}}
{"target": 0.7150206365440226, "params": {"C": 8.098339065404701, "epsilon": 12.3785790311693, "gamma": 0.34449684871000436, "lamda": 0.4373300099317128}, "datetime": {"datetime": "2021-07-03 11:30:18", "elapsed": 1115.914846, "delta": 1.225725}}
{"target": 0.7532919661137738, "params": {"C": 11.793097021177383, "epsilon": 0.9374277213336477, "gamma": 0.3989637448757707, "lamda": 0.5639738221607564}, "datetime": {"datetime": "2021-07-03 11:30:19", "elapsed": 1117.156528, "delta": 1.241682}}
{"target": 0.8029124325847133, "params": {"C": 9.39682377648608, "epsilon": 4.606208343052829, "gamma": 0.1883731307870748, "lamda": 0.39754163368124795}, "datetime": {"datetime": "2021-07-03 11:30:20", "elapsed": 1118.351335, "delta": 1.194807}}
{"target": -4.253447483047823, "params": {"C": 12.09300987147496, "epsilon": 8.626420568241915, "gamma": 0.13590009060028388, "lamda": 0.4155976439482939}, "datetime": {"datetime": "2021-07-03 11:30:29", "elapsed": 1127.700355, "delta": 9.34902}}
{"target": 0.7443787037337952, "params": {"C": 10.62076288956193, "epsilon": 12.810611428481936, "gamma": 0.37830333497423985, "lamda": 0.1466923569547527}, "datetime": {"datetime": "2021-07-03 11:30:31", "elapsed": 1128.934058, "delta": 1.233703}}
{"target": 0.6185160631972133, "params": {"C": 5.08195957154118, "epsilon": 9.615937011961316, "gamma": 0.3931370101444248, "lamda": 0.5307910699590791}, "datetime": {"datetime": "2021-07-03 11:30:32", "elapsed": 1130.248545, "delta": 1.314487}}
{"target": -5.627038156068101, "params": {"C": 14.689948056619576, "epsilon": 14.545064575109334, "gamma": 0.1339422137610718, "lamda": 0.4093366820473471}, "datetime": {"datetime": "2021-07-03 11:30:41", "elapsed": 1139.069973, "delta": 8.821428}}
{"target": -2.573394300490685, "params": {"C": 13.692337200773144, "epsilon": 6.066442043883038, "gamma": 0.19194095676346756, "lamda": 0.6061341498706103}, "datetime": {"datetime": "2021-07-03 11:30:50", "elapsed": 1148.701237, "delta": 9.631264}}
{"target": 0.7125821613180443, "params": {"C": 5.857119148094599, "epsilon": 3.1055497932435796, "gamma": 0.2555334293396526, "lamda": 0.32992717604942634}, "datetime": {"datetime": "2021-07-03 11:30:52", "elapsed": 1149.933944, "delta": 1.232707}}
{"target": 0.7471082908978461, "params": {"C": 8.64290695344364, "epsilon": 1.7337388506843663, "gamma": 0.2923345259117773, "lamda": 0.6433140182760323}, "datetime": {"datetime": "2021-07-03 11:30:56", "elapsed": 1154.001782, "delta": 4.067838}}
{"target": 0.7813339587545137, "params": {"C": 5.550497140162413, "epsilon": 14.10811140483, "gamma": 0.12444898525786129, "lamda": 0.42581319965935815}, "datetime": {"datetime": "2021-07-03 11:30:57", "elapsed": 1155.336215, "delta": 1.334433}}
{"target": -2.373801980137091, "params": {"C": 14.573273789470955, "epsilon": 9.03996234619475, "gamma": 0.2637762541886055, "lamda": 0.8536682019831558}, "datetime": {"datetime": "2021-07-03 11:31:05", "elapsed": 1163.30193, "delta": 7.965715}}
{"target": 0.6059037322574611, "params": {"C": 6.957091559273808, "epsilon": 9.62205596797627, "gamma": 0.5204359178789794, "lamda": 0.5144235568451646}, "datetime": {"datetime": "2021-07-03 11:31:06", "elapsed": 1164.570541, "delta": 1.268611}}
{"target": 0.6769941716764033, "params": {"C": 10.327109584882322, "epsilon": 13.6922917634894, "gamma": 0.5308267222481237, "lamda": 0.3318642741906453}, "datetime": {"datetime": "2021-07-03 11:31:08", "elapsed": 1165.889018, "delta": 1.318477}}
{"target": -5.87264509533497, "params": {"C": 14.34963421735238, "epsilon": 7.510787769630498, "gamma": 0.0758975291554214, "lamda": 0.38389722846947116}, "datetime": {"datetime": "2021-07-03 11:31:14", "elapsed": 1172.212121, "delta": 6.323103}}
{"target": 0.6984801657297042, "params": {"C": 10.42796304141541, "epsilon": 8.289334323287706, "gamma": 0.48197897985267885, "lamda": 0.7733384476323547}, "datetime": {"datetime": "2021-07-03 11:31:15", "elapsed": 1173.459789, "delta": 1.247668}}
{"target": 0.6053786026985439, "params": {"C": 14.120858142978504, "epsilon": 2.2379598126547475, "gamma": 0.8496989216352777, "lamda": 0.6171208554829256}, "datetime": {"datetime": "2021-07-03 11:31:16", "elapsed": 1174.71244, "delta": 1.252651}}
{"target": 0.589597273698419, "params": {"C": 14.341344101545658, "epsilon": 0.14054677330247234, "gamma": 0.9018547469959584, "lamda": 0.42743504782329367}, "datetime": {"datetime": "2021-07-03 11:31:18", "elapsed": 1175.972074, "delta": 1.259634}}
{"target": 0.5659622967396192, "params": {"C": 9.480042772333512, "epsilon": 11.881982086766408, "gamma": 0.7861859377140723, "lamda": 0.4238206411574015}, "datetime": {"datetime": "2021-07-03 11:31:19", "elapsed": 1177.295537, "delta": 1.323463}}
{"target": 0.7375196686001851, "params": {"C": 10.347536357350016, "epsilon": 8.448144876433917, "gamma": 0.3866580606537185, "lamda": 0.35143797014947}, "datetime": {"datetime": "2021-07-03 11:31:20", "elapsed": 1178.527248, "delta": 1.231711}}
{"target": 0.6941343064916851, "params": {"C": 11.793146163404424, "epsilon": 5.712104944688977, "gamma": 0.5451248343404173, "lamda": 0.7347623486986153}, "datetime": {"datetime": "2021-07-03 11:31:21", "elapsed": 1179.775911, "delta": 1.248663}}
{"target": 0.6812897269413803, "params": {"C": 5.472151971971276, "epsilon": 14.435022228351302, "gamma": 0.2976115717806094, "lamda": 0.1981661478770917}, "datetime": {"datetime": "2021-07-03 11:31:23", "elapsed": 1181.051501, "delta": 1.27559}}
{"target": -3.3011924124256966, "params": {"C": 13.416228751666724, "epsilon": 10.174100121613586, "gamma": 0.18837266793679844, "lamda": 0.4546076167022717}, "datetime": {"datetime": "2021-07-03 11:31:32", "elapsed": 1190.255906, "delta": 9.204405}}
{"target": 0.7661911613834176, "params": {"C": 7.998470044150015, "epsilon": 1.3922532019488456, "gamma": 0.22742342175414276, "lamda": 0.10103153958841082}, "datetime": {"datetime": "2021-07-03 11:31:33", "elapsed": 1191.650181, "delta": 1.394275}}
{"target": 0.5606158093841046, "params": {"C": 7.76365601316116, "epsilon": 4.315072807434252, "gamma": 0.6926835406103256, "lamda": 0.7212370612368653}, "datetime": {"datetime": "2021-07-03 11:31:36", "elapsed": 1194.070714, "delta": 2.420533}}
{"target": 0.7972637291683723, "params": {"C": 11.952990301735953, "epsilon": 0.5624098408859848, "gamma": 0.2817971017081116, "lamda": 0.6236553711189226}, "datetime": {"datetime": "2021-07-03 11:31:37", "elapsed": 1195.619575, "delta": 1.548861}}
{"target": 0.6870417017092509, "params": {"C": 9.144486716353775, "epsilon": 8.382089303785154, "gamma": 0.4526072495673378, "lamda": 0.43545737906855675}, "datetime": {"datetime": "2021-07-03 11:31:39", "elapsed": 1196.98692, "delta": 1.367345}}
{"target": -1.7661068140917489, "params": {"C": 11.502132028215444, "epsilon": 7.20352460992814, "gamma": 0.010227605886516325, "lamda": 0.3720993153686558}, "datetime": {"datetime": "2021-07-03 13:21:54", "elapsed": 0.0, "delta": 0.0}}
{"target": 0.7320427510172864, "params": {"C": 9.880535344902679, "epsilon": 0.9242936090932092, "gamma": 0.3806578206415651, "lamda": 0.411004654338743}, "datetime": {"datetime": "2021-07-03 13:21:54", "elapsed": 0.391952, "delta": 0.391952}}
{"target": 0.5734281698817306, "params": {"C": 11.38060484538402, "epsilon": 5.388628523299567, "gamma": 0.8441970836625566, "lamda": 0.7166975503570835}, "datetime": {"datetime": "2021-07-03 13:21:55", "elapsed": 0.738027, "delta": 0.346075}}
