{"target": -7.350932493121128, "params": {"C": 261.0961479418729, "epsilon": 9.48816814738403, "gamma": 0.0645279942246498, "lamda": 0.08190867798326254}, "datetime": {"datetime": "2021-09-19 20:27:09", "elapsed": 773.408418, "delta": 9.473002}}
{"target": -4.99606554520836, "params": {"C": 195.67669047408455, "epsilon": 0.5177086016342807, "gamma": 0.05787480972652413, "lamda": 0.0704712475836867}, "datetime": {"datetime": "2021-09-19 20:27:19", "elapsed": 783.102417, "delta": 9.693999}}
{"target": -5.194492948645623, "params": {"C": 284.9563030490373, "epsilon": 2.1965128184342477, "gamma": 0.044802641508268834, "lamda": 0.1629458704780795}, "datetime": {"datetime": "2021-09-19 20:27:34", "elapsed": 797.72044, "delta": 14.618023}}
{"target": -6.109037558522595, "params": {"C": 224.25296071209874, "epsilon": 6.350796851168882, "gamma": 0.037617784559713596, "lamda": 0.1581632022800767}, "datetime": {"datetime": "2021-09-19 20:27:48", "elapsed": 811.603174, "delta": 13.882734}}
{"target": -5.946557131542332, "params": {"C": 175.0550197448577, "epsilon": 5.333827346801606, "gamma": 0.04123090810378893, "lamda": 0.008124478851476194}, "datetime": {"datetime": "2021-09-19 20:28:00", "elapsed": 824.382157, "delta": 12.778983}}
{"target": -5.240021126074222, "params": {"C": 192.7744596459945, "epsilon": 9.668104139049778, "gamma": 0.021971990100347352, "lamda": 0.10761744678879807}, "datetime": {"datetime": "2021-09-19 20:28:12", "elapsed": 835.752879, "delta": 11.370722}}
{"target": -5.481465649787878, "params": {"C": 264.2421185239232, "epsilon": 8.714449352031663, "gamma": 0.03313289902164155, "lamda": 0.1148012935097861}, "datetime": {"datetime": "2021-09-19 20:28:24", "elapsed": 848.015879, "delta": 12.263}}
{"target": -5.461304629378795, "params": {"C": 181.64346149945825, "epsilon": 7.754074284930483, "gamma": 0.027187102694399452, "lamda": 0.04863865711974893}, "datetime": {"datetime": "2021-09-19 20:28:33", "elapsed": 856.661878, "delta": 8.645999}}
{"target": -5.208445189304823, "params": {"C": 215.54725076275508, "epsilon": 5.837811680530414, "gamma": 0.033722485605992, "lamda": 0.1630261201635539}, "datetime": {"datetime": "2021-09-19 20:28:49", "elapsed": 873.00088, "delta": 16.339002}}
{"target": -4.250509752952886, "params": {"C": 233.12403160384716, "epsilon": 5.18783597110504, "gamma": 0.09209507541397981, "lamda": 0.1374973825164908}, "datetime": {"datetime": "2021-09-19 20:28:58", "elapsed": 882.318876, "delta": 9.317996}}
{"target": -1.2499237140861932, "params": {"C": 176.28214562825298, "epsilon": 3.027539406938323, "gamma": 0.0061606394923879315, "lamda": 0.037411165884642876}, "datetime": {"datetime": "2021-09-19 20:29:09", "elapsed": 892.856879, "delta": 10.538003}}
{"target": -2.0865938124446606, "params": {"C": 152.77341416216285, "epsilon": 3.85342652077595, "gamma": 0.0095161064254695, "lamda": 0.10503662542665139}, "datetime": {"datetime": "2021-09-19 20:29:22", "elapsed": 906.446883, "delta": 13.590004}}
{"target": -5.124649890182694, "params": {"C": 202.56465909449588, "epsilon": 2.637970978711778, "gamma": 0.06377306410294555, "lamda": 0.19979000817136602}, "datetime": {"datetime": "2021-09-19 20:29:35", "elapsed": 918.718878, "delta": 12.271995}}
{"target": -6.514918673156944, "params": {"C": 250.56537003713282, "epsilon": 7.927290313164038, "gamma": 0.03921481726919636, "lamda": 0.021796390482963713}, "datetime": {"datetime": "2021-09-19 20:29:43", "elapsed": 927.152877, "delta": 8.433999}}
{"target": -6.312724554751467, "params": {"C": 265.24260230712616, "epsilon": 3.4926325778313214, "gamma": 0.0463163905233303, "lamda": 0.06402367115836287}, "datetime": {"datetime": "2021-09-19 20:30:00", "elapsed": 943.865354, "delta": 16.712477}}
{"target": -5.609801817639681, "params": {"C": 233.2444170809672, "epsilon": 6.375763263025007, "gamma": 0.03853425558242056, "lamda": 0.11883342883286327}, "datetime": {"datetime": "2021-09-19 20:30:14", "elapsed": 958.339352, "delta": 14.473998}}
{"target": -6.0040043086474055, "params": {"C": 201.40223324191172, "epsilon": 4.16621518322176, "gamma": 0.06771371758537988, "lamda": 0.16464273186943298}, "datetime": {"datetime": "2021-09-19 20:30:25", "elapsed": 969.374552, "delta": 11.0352}}
{"target": -3.796017771691604, "params": {"C": 159.4762217685327, "epsilon": 1.086377802373157, "gamma": 0.07757031080599962, "lamda": 0.004881127027592247}, "datetime": {"datetime": "2021-09-19 20:30:34", "elapsed": 978.149743, "delta": 8.775191}}
{"target": -4.400993547889349, "params": {"C": 285.90936148918104, "epsilon": 4.706863924342885, "gamma": 0.09987465204331693, "lamda": 0.03322289836874814}, "datetime": {"datetime": "2021-09-19 20:30:43", "elapsed": 987.012742, "delta": 8.862999}}
{"target": -4.903470262615388, "params": {"C": 150.00152262479742, "epsilon": 6.085561373761636, "gamma": 0.08607888226797139, "lamda": 0.024459570400071046}, "datetime": {"datetime": "2021-09-19 20:30:52", "elapsed": 995.898117, "delta": 8.885375}}
{"target": -2.4726927793894795, "params": {"C": 204.4955521833203, "epsilon": 4.614917635021058, "gamma": 0.014415008986693872, "lamda": 0.006391844044348094}, "datetime": {"datetime": "2021-09-19 20:31:00", "elapsed": 1004.048553, "delta": 8.150436}}
{"target": -5.986849943407771, "params": {"C": 295.17367014803324, "epsilon": 2.565484706390375, "gamma": 0.057815514343533145, "lamda": 0.03518042471981746}, "datetime": {"datetime": "2021-09-19 20:31:08", "elapsed": 1012.189553, "delta": 8.141}}
{"target": -1.89429801146157, "params": {"C": 234.26495499554676, "epsilon": 1.887830578820493, "gamma": 0.009243279073975805, "lamda": 0.043361479915942795}, "datetime": {"datetime": "2021-09-19 20:31:17", "elapsed": 1021.313551, "delta": 9.123998}}
{"target": -5.8859690853578925, "params": {"C": 251.44315484784613, "epsilon": 8.645368217643842, "gamma": 0.022629374629503145, "lamda": 0.03420702238708309}, "datetime": {"datetime": "2021-09-19 20:31:24", "elapsed": 1028.140556, "delta": 6.827005}}
{"target": -2.008784946028672, "params": {"C": 155.71822919873347, "epsilon": 1.7119036021935743, "gamma": 0.01062804418267009, "lamda": 0.04651454276759931}, "datetime": {"datetime": "2021-09-19 20:31:28", "elapsed": 1032.421552, "delta": 4.280996}}
{"target": -4.523565557314598, "params": {"C": 271.5639779988518, "epsilon": 8.101033502979183, "gamma": 0.09467330440990553, "lamda": 0.17680729542064966}, "datetime": {"datetime": "2021-09-19 20:31:37", "elapsed": 1041.275552, "delta": 8.854}}
{"target": -6.093604837072249, "params": {"C": 252.47637984807042, "epsilon": 8.079508827498728, "gamma": 0.06246463024531762, "lamda": 0.009401709477156604}, "datetime": {"datetime": "2021-09-19 20:31:45", "elapsed": 1049.269553, "delta": 7.994001}}
{"target": -5.414133900791862, "params": {"C": 294.13524156132587, "epsilon": 7.332582235664591, "gamma": 0.075786128723626, "lamda": 0.03251020451810197}, "datetime": {"datetime": "2021-09-19 20:31:53", "elapsed": 1057.291192, "delta": 8.021639}}
{"target": -5.797037837210889, "params": {"C": 217.51778562699906, "epsilon": 8.754443900514499, "gamma": 0.048682707965576895, "lamda": 0.09389467321199396}, "datetime": {"datetime": "2021-09-19 20:32:04", "elapsed": 1068.344771, "delta": 11.053579}}
{"target": -5.191115685965901, "params": {"C": 221.30586651705198, "epsilon": 7.190093396080577, "gamma": 0.08315702428171061, "lamda": 0.0403356987590411}, "datetime": {"datetime": "2021-09-19 20:32:12", "elapsed": 1076.267465, "delta": 7.922694}}
{"target": -5.127783593484658, "params": {"C": 293.0724059697745, "epsilon": 3.1489570735007733, "gamma": 0.032399298704550265, "lamda": 0.013335115235486784}, "datetime": {"datetime": "2021-09-19 20:32:26", "elapsed": 1089.959465, "delta": 13.692}}
{"target": -4.880929623456981, "params": {"C": 237.07288795705585, "epsilon": 3.9731427290236487, "gamma": 0.059814585109514457, "lamda": 0.009027345717576896}, "datetime": {"datetime": "2021-09-19 20:32:34", "elapsed": 1097.821123, "delta": 7.861658}}
{"target": -4.184536783052175, "params": {"C": 284.6299265573196, "epsilon": 9.215042952944904, "gamma": 0.012686659057838574, "lamda": 0.07004655904635704}, "datetime": {"datetime": "2021-09-19 20:32:47", "elapsed": 1110.723124, "delta": 12.902001}}
{"target": -5.355583135824846, "params": {"C": 201.8246804039029, "epsilon": 3.129254475367423, "gamma": 0.031408660811907525, "lamda": 0.05985858828697145}, "datetime": {"datetime": "2021-09-19 20:32:59", "elapsed": 1123.433988, "delta": 12.710864}}
{"target": -5.943810871484629, "params": {"C": 231.23735034125517, "epsilon": 5.265238413950997, "gamma": 0.05527544937493722, "lamda": 0.08713845230354733}, "datetime": {"datetime": "2021-09-19 20:33:08", "elapsed": 1131.808968, "delta": 8.37498}}
{"target": -5.341524372766567, "params": {"C": 214.68910989282867, "epsilon": 6.447864803019865, "gamma": 0.06451743002364865, "lamda": 0.15534009470130306}, "datetime": {"datetime": "2021-09-19 20:33:16", "elapsed": 1139.967924, "delta": 8.158956}}
{"target": -6.835772886141133, "params": {"C": 157.63334691312414, "epsilon": 7.015432832435581, "gamma": 0.05623694447986271, "lamda": 0.08289572806124124}, "datetime": {"datetime": "2021-09-19 20:33:20", "elapsed": 1144.387925, "delta": 4.420001}}
{"target": -4.9963864191672, "params": {"C": 227.63779286613487, "epsilon": 3.4450344232164296, "gamma": 0.022125027710510427, "lamda": 0.04482161321255512}, "datetime": {"datetime": "2021-09-19 20:33:26", "elapsed": 1149.557925, "delta": 5.17}}
{"target": -4.398030412352904, "params": {"C": 207.0880255550409, "epsilon": 2.3797497986021394, "gamma": 0.019033192093175656, "lamda": 0.19972650750428542}, "datetime": {"datetime": "2021-09-19 20:33:40", "elapsed": 1164.26193, "delta": 14.704005}}
{"target": -2.7535606098426104, "params": {"C": 291.15834329508436, "epsilon": 1.9134526217709644, "gamma": 0.013874192380411605, "lamda": 0.15988635550349276}, "datetime": {"datetime": "2021-09-19 20:33:56", "elapsed": 1180.006932, "delta": 15.745002}}
{"target": -5.154496347422088, "params": {"C": 223.36280474320648, "epsilon": 4.637046989593433, "gamma": 0.052474846088820984, "lamda": 0.05610315672641068}, "datetime": {"datetime": "2021-09-19 20:34:10", "elapsed": 1194.47197, "delta": 14.465038}}
{"target": -5.10897483215089, "params": {"C": 185.56836692963867, "epsilon": 6.312638759286629, "gamma": 0.0781448939352798, "lamda": 0.12766384240033837}, "datetime": {"datetime": "2021-09-19 20:34:19", "elapsed": 1203.019356, "delta": 8.547386}}
{"target": -4.873767932033268, "params": {"C": 152.33267682414612, "epsilon": 7.082594087001064, "gamma": 0.018160074311769477, "lamda": 0.08781012199588946}, "datetime": {"datetime": "2021-09-19 20:34:34", "elapsed": 1218.131406, "delta": 15.11205}}
{"target": -3.272589535074042, "params": {"C": 243.57305634129136, "epsilon": 8.25004159303886, "gamma": 0.010782681853358771, "lamda": 0.08843893070681963}, "datetime": {"datetime": "2021-09-19 20:34:48", "elapsed": 1231.651364, "delta": 13.519958}}
{"target": -5.405527771175581, "params": {"C": 188.03654708315338, "epsilon": 2.441080553130226, "gamma": 0.06703681118050847, "lamda": 0.11057120395135438}, "datetime": {"datetime": "2021-09-19 20:34:55", "elapsed": 1239.375394, "delta": 7.72403}}
{"target": -4.519640695860194, "params": {"C": 228.8197395868072, "epsilon": 3.3377900911117777, "gamma": 0.09613483545396338, "lamda": 0.09658068448179094}, "datetime": {"datetime": "2021-09-19 20:35:00", "elapsed": 1243.726403, "delta": 4.351009}}
{"target": -6.957841036081691, "params": {"C": 209.8480875387359, "epsilon": 6.599081019476727, "gamma": 0.04425275259096603, "lamda": 0.12718685475991864}, "datetime": {"datetime": "2021-09-19 20:35:07", "elapsed": 1250.532408, "delta": 6.806005}}
{"target": -4.784433871729426, "params": {"C": 196.13435392682115, "epsilon": 2.76847975007666, "gamma": 0.07792189933280831, "lamda": 0.06881854623715995}, "datetime": {"datetime": "2021-09-19 20:35:15", "elapsed": 1259.257372, "delta": 8.724964}}
{"target": -5.2512346647856205, "params": {"C": 260.1406516101167, "epsilon": 8.952792711175514, "gamma": 0.07318111219286332, "lamda": 0.16545134403305564}, "datetime": {"datetime": "2021-09-19 20:35:24", "elapsed": 1268.309958, "delta": 9.052586}}
{"target": -5.398360069748639, "params": {"C": 289.5408301212524, "epsilon": 8.356499675106342, "gamma": 0.0839989296617608, "lamda": 0.04666064427899397}, "datetime": {"datetime": "2021-09-19 20:35:33", "elapsed": 1277.230966, "delta": 8.921008}}
{"target": -5.242937846874538, "params": {"C": 216.6655134161261, "epsilon": 6.585347032102408, "gamma": 0.029277054776402515, "lamda": 0.14058265286213367}, "datetime": {"datetime": "2021-09-19 20:35:47", "elapsed": 1291.150956, "delta": 13.91999}}
{"target": -5.630522178997538, "params": {"C": 295.10156159287124, "epsilon": 0.9755419671587451, "gamma": 0.05912691391933357, "lamda": 0.11453806583759561}, "datetime": {"datetime": "2021-09-19 20:35:56", "elapsed": 1299.785064, "delta": 8.634108}}
{"target": -5.307720059238798, "params": {"C": 249.8866481443116, "epsilon": 2.0655563362549962, "gamma": 0.03816784096549646, "lamda": 0.14065351987258592}, "datetime": {"datetime": "2021-09-19 20:36:09", "elapsed": 1312.826064, "delta": 13.041}}
{"target": -3.8173127720676314, "params": {"C": 291.6664210104947, "epsilon": 9.33464705069851, "gamma": 0.011581367115379331, "lamda": 0.05783077894101769}, "datetime": {"datetime": "2021-09-19 20:36:21", "elapsed": 1324.665058, "delta": 11.838994}}
{"target": -4.66849059079207, "params": {"C": 163.20265616539163, "epsilon": 2.1195811083100127, "gamma": 0.022382391580598012, "lamda": 0.1363081802263805}, "datetime": {"datetime": "2021-09-19 20:36:27", "elapsed": 1331.043021, "delta": 6.377963}}
{"target": -3.674375197020698, "params": {"C": 203.54628892416, "epsilon": 3.107960227657432, "gamma": 0.08837819871575213, "lamda": 0.006340636022443429}, "datetime": {"datetime": "2021-09-19 20:36:33", "elapsed": 1336.994063, "delta": 5.951042}}
{"target": -2.0855035419410397, "params": {"C": 262.42911916792616, "epsilon": 6.799568932579291, "gamma": 0.007210404865832655, "lamda": 0.024370193184774156}, "datetime": {"datetime": "2021-09-19 20:36:47", "elapsed": 1351.44406, "delta": 14.449997}}
{"target": -6.550337183023646, "params": {"C": 177.54222500876784, "epsilon": 5.3888339629977, "gamma": 0.041472163480413986, "lamda": 0.033679691161529676}, "datetime": {"datetime": "2021-09-19 20:37:02", "elapsed": 1366.213152, "delta": 14.769092}}
{"target": -3.680185867677759, "params": {"C": 169.3639894654552, "epsilon": 2.062257300625676, "gamma": 0.018134712222270304, "lamda": 0.13608812583392962}, "datetime": {"datetime": "2021-09-19 20:37:17", "elapsed": 1381.504, "delta": 15.290848}}
{"target": -4.9155896952302145, "params": {"C": 209.8800619162896, "epsilon": 7.925082854002085, "gamma": 0.09604299457526908, "lamda": 0.018931503756769778}, "datetime": {"datetime": "2021-09-19 20:37:27", "elapsed": 1390.763454, "delta": 9.259454}}
{"target": -4.763011311292048, "params": {"C": 174.5980854334539, "epsilon": 5.32307295914824, "gamma": 0.08389889263859487, "lamda": 0.10627745515585421}, "datetime": {"datetime": "2021-09-19 20:37:36", "elapsed": 1399.603169, "delta": 8.839715}}
{"target": -2.254817240294436, "params": {"C": 232.86716406688208, "epsilon": 4.424546992732861, "gamma": 0.009539642608010466, "lamda": 0.09217489244335039}, "datetime": {"datetime": "2021-09-19 20:37:45", "elapsed": 1408.642928, "delta": 9.039759}}
{"target": -4.833014550518996, "params": {"C": 178.74711285478625, "epsilon": 0.5864762952759877, "gamma": 0.06281392108875938, "lamda": 0.18525182568820409}, "datetime": {"datetime": "2021-09-19 20:37:49", "elapsed": 1413.063009, "delta": 4.420081}}
{"target": -5.574156261837371, "params": {"C": 278.27463606384265, "epsilon": 2.544424609703113, "gamma": 0.0508423175038765, "lamda": 0.030698344350771786}, "datetime": {"datetime": "2021-09-19 20:37:58", "elapsed": 1422.503992, "delta": 9.440983}}
{"target": -5.582459811302502, "params": {"C": 264.9496664722926, "epsilon": 9.3422056961955, "gamma": 0.07720859718876466, "lamda": 0.186201166810537}, "datetime": {"datetime": "2021-09-19 20:38:12", "elapsed": 1436.100526, "delta": 13.596534}}
{"target": -5.326727973670828, "params": {"C": 204.3717257730602, "epsilon": 1.3090963737696808, "gamma": 0.046402446386089154, "lamda": 0.03499387220639542}, "datetime": {"datetime": "2021-09-19 20:38:20", "elapsed": 1444.381584, "delta": 8.281058}}
{"target": -4.896478895574427, "params": {"C": 247.7605314467091, "epsilon": 3.1311590275159555, "gamma": 0.08163871667242746, "lamda": 0.04084575176205504}, "datetime": {"datetime": "2021-09-19 20:38:32", "elapsed": 1455.756357, "delta": 11.374773}}
{"target": -2.9242271541622085, "params": {"C": 295.14349609112605, "epsilon": 7.787477896679095, "gamma": 0.009795507917511853, "lamda": 0.006466716003304492}, "datetime": {"datetime": "2021-09-19 20:38:46", "elapsed": 1469.863315, "delta": 14.106958}}
{"target": 0.8514721853892213, "params": {"C": 173.59341009605293, "epsilon": 6.308613686367962, "gamma": 0.019566503434086082, "lamda": 0.0009846611285704368}, "datetime": {"datetime": "2021-09-19 20:38:47", "elapsed": 1470.682983, "delta": 0.819668}}
{"target": -4.268558082778252, "params": {"C": 277.17407770209536, "epsilon": 1.4032908526484074, "gamma": 0.09125373577291307, "lamda": 0.07595130572096832}, "datetime": {"datetime": "2021-09-19 20:38:56", "elapsed": 1479.534024, "delta": 8.851041}}
{"target": -5.921991358609159, "params": {"C": 254.3603954971921, "epsilon": 5.503217204925887, "gamma": 0.027503753901336532, "lamda": 0.17517783158673123}, "datetime": {"datetime": "2021-09-19 20:39:09", "elapsed": 1492.908286, "delta": 13.374262}}
{"target": -4.7410069703805435, "params": {"C": 206.51767908470654, "epsilon": 1.3950689004208592, "gamma": 0.03275231043884021, "lamda": 0.13865255974668286}, "datetime": {"datetime": "2021-09-19 20:39:22", "elapsed": 1505.827285, "delta": 12.918999}}
{"target": -4.261542289909464, "params": {"C": 279.18916212069564, "epsilon": 4.06334096486262, "gamma": 0.09470346569574642, "lamda": 0.12642918266452086}, "datetime": {"datetime": "2021-09-19 20:39:31", "elapsed": 1515.035251, "delta": 9.207966}}
{"target": -5.990954678826149, "params": {"C": 272.0542746088837, "epsilon": 2.640729261779175, "gamma": 0.04456817888894123, "lamda": 0.11631336594594961}, "datetime": {"datetime": "2021-09-19 20:39:49", "elapsed": 1533.243246, "delta": 18.207995}}
{"target": -5.681907543020512, "params": {"C": 232.01984008035703, "epsilon": 7.288186974105018, "gamma": 0.06975512328949829, "lamda": 0.19359163390190057}, "datetime": {"datetime": "2021-09-19 20:40:00", "elapsed": 1543.904244, "delta": 10.660998}}
{"target": -3.133376813659865, "params": {"C": 166.9334886524329, "epsilon": 9.264594598116942, "gamma": 0.009411189406553562, "lamda": 0.07982537217602421}, "datetime": {"datetime": "2021-09-19 20:40:17", "elapsed": 1560.882242, "delta": 16.977998}}
{"target": -5.854271123595505, "params": {"C": 167.46364379978198, "epsilon": 4.744166338168343, "gamma": 0.05753086925053295, "lamda": 0.1509324163150681}, "datetime": {"datetime": "2021-09-19 20:40:26", "elapsed": 1570.281286, "delta": 9.399044}}
{"target": -4.735240187595699, "params": {"C": 161.57574460812015, "epsilon": 6.588350191566258, "gamma": 0.06155472369798261, "lamda": 0.19628015861563006}, "datetime": {"datetime": "2021-09-19 20:40:36", "elapsed": 1579.727368, "delta": 9.446082}}
{"target": -4.881875594388564, "params": {"C": 210.9122809806409, "epsilon": 6.611670198692972, "gamma": 0.045541741689177184, "lamda": 0.16547471004519554}, "datetime": {"datetime": "2021-09-19 20:40:45", "elapsed": 1589.163258, "delta": 9.43589}}
{"target": -3.4040531615750975, "params": {"C": 182.36594527185088, "epsilon": 1.1430157509907888, "gamma": 0.016405187303689065, "lamda": 0.19754341889478905}, "datetime": {"datetime": "2021-09-19 20:41:01", "elapsed": 1604.831451, "delta": 15.668193}}
{"target": -5.701836399626537, "params": {"C": 204.9724493460057, "epsilon": 6.031021259618643, "gamma": 0.04976620649701874, "lamda": 0.17294079597930037}, "datetime": {"datetime": "2021-09-19 20:41:16", "elapsed": 1620.110534, "delta": 15.279083}}
{"target": -6.254113916545611, "params": {"C": 234.08801735551825, "epsilon": 5.422458489718368, "gamma": 0.04730852478966906, "lamda": 0.004066993258548937}, "datetime": {"datetime": "2021-09-19 20:41:31", "elapsed": 1635.357504, "delta": 15.24697}}
{"target": -5.204928824214799, "params": {"C": 151.72620160797115, "epsilon": 7.8962266604484315, "gamma": 0.0835212369792265, "lamda": 0.05078863458982837}, "datetime": {"datetime": "2021-09-19 20:41:41", "elapsed": 1644.552435, "delta": 9.194931}}
{"target": -4.6150982980358215, "params": {"C": 172.7529372667196, "epsilon": 4.858836357141476, "gamma": 0.06468341049008379, "lamda": 0.18723385317771485}, "datetime": {"datetime": "2021-09-19 20:41:50", "elapsed": 1654.085, "delta": 9.532565}}
{"target": -3.8305566655132193, "params": {"C": 205.67226117894174, "epsilon": 5.22623227676961, "gamma": 0.09441217204809875, "lamda": 0.16327209607175105}, "datetime": {"datetime": "2021-09-19 20:42:01", "elapsed": 1665.395768, "delta": 11.310768}}
{"target": -5.917084022648932, "params": {"C": 242.20317412766258, "epsilon": 8.494225848373858, "gamma": 0.06866391274009502, "lamda": 0.0019824067256089045}, "datetime": {"datetime": "2021-09-19 20:42:10", "elapsed": 1673.867823, "delta": 8.472055}}
{"target": -5.727107327887663, "params": {"C": 262.0273999215705, "epsilon": 7.528055537223925, "gamma": 0.08022295484630564, "lamda": 0.17233719550566096}, "datetime": {"datetime": "2021-09-19 20:42:20", "elapsed": 1683.959829, "delta": 10.092006}}
{"target": -3.9893810941328667, "params": {"C": 270.8556805483896, "epsilon": 4.175637847039798, "gamma": 0.09632810025784408, "lamda": 0.051549333450243734}, "datetime": {"datetime": "2021-09-19 20:42:29", "elapsed": 1693.402187, "delta": 9.442358}}
