{"target": 0.779369209664738, "params": {"C": 49.71966231324886, "epsilon": 9.02460526744601, "gamma": 0.5413167879433064, "lamda": 0.35353211938931206}, "datetime": {"datetime": "2021-07-03 15:53:25", "elapsed": 782.364285, "delta": 1.134003}}
{"target": 0.7781880932171132, "params": {"C": 50.43413572166855, "epsilon": 8.25192941483069, "gamma": 0.545877617366289, "lamda": 0.9202438171134454}, "datetime": {"datetime": "2021-07-03 15:53:26", "elapsed": 783.555318, "delta": 1.191033}}
{"target": 0.7331171792002582, "params": {"C": 44.9068322801854, "epsilon": 5.3743944931426455, "gamma": 0.7029110579749601, "lamda": 0.6932142153994404}, "datetime": {"datetime": "2021-07-03 15:53:27", "elapsed": 785.013313, "delta": 1.457995}}
{"target": 0.6859760247305271, "params": {"C": 52.73704368351729, "epsilon": 8.201375179238827, "gamma": 0.8604877663048789, "lamda": 0.2302988573037405}, "datetime": {"datetime": "2021-07-03 15:53:28", "elapsed": 786.038339, "delta": 1.025026}}
{"target": 0.7443975621242659, "params": {"C": 39.843617870498804, "epsilon": 7.188837954247295, "gamma": 0.6615043751778295, "lamda": 0.8509495081643378}, "datetime": {"datetime": "2021-07-03 15:53:30", "elapsed": 787.130302, "delta": 1.091963}}
{"target": 0.753278838086008, "params": {"C": 34.38617448079221, "epsilon": 7.166781821576529, "gamma": 0.6371129913535915, "lamda": 0.5864007755948862}, "datetime": {"datetime": "2021-07-03 15:53:31", "elapsed": 788.661813, "delta": 1.531511}}
{"target": 0.8381370160596178, "params": {"C": 33.958526983558514, "epsilon": 6.5523589923647325, "gamma": 0.3382321938630146, "lamda": 0.9910029021929304}, "datetime": {"datetime": "2021-07-03 15:53:33", "elapsed": 790.151705, "delta": 1.489892}}
{"target": 0.8412653701253967, "params": {"C": 49.44876553639338, "epsilon": 9.759174148215246, "gamma": 0.3195238252277916, "lamda": 0.4463190946010289}, "datetime": {"datetime": "2021-07-03 15:53:34", "elapsed": 791.312604, "delta": 1.160899}}
{"target": 0.8512121700069122, "params": {"C": 43.611157031763135, "epsilon": 6.989403352410851, "gamma": 0.2725411836324382, "lamda": 0.29527858293370435}, "datetime": {"datetime": "2021-07-03 15:53:35", "elapsed": 792.397408, "delta": 1.084804}}
{"target": 0.876662268327416, "params": {"C": 38.327664270370406, "epsilon": 1.0884099332648014, "gamma": 0.17464466108063048, "lamda": 0.25308305756050087}, "datetime": {"datetime": "2021-07-03 15:53:37", "elapsed": 794.410313, "delta": 2.012905}}
{"target": 0.8350484368080522, "params": {"C": 43.06013425871401, "epsilon": 9.894426722520855, "gamma": 0.3399975888722861, "lamda": 0.5495563390039352}, "datetime": {"datetime": "2021-07-03 15:53:38", "elapsed": 795.586358, "delta": 1.176045}}
{"target": -3.181340418110949, "params": {"C": 54.67832621743109, "epsilon": 7.219179568125417, "gamma": 0.17236140182821014, "lamda": 0.9628928837358369}, "datetime": {"datetime": "2021-07-03 15:53:49", "elapsed": 806.255355, "delta": 10.668997}}
{"target": 0.7618716501799567, "params": {"C": 51.12712621663593, "epsilon": 7.8255256050626185, "gamma": 0.6032354366432132, "lamda": 0.5386517881235745}, "datetime": {"datetime": "2021-07-03 15:53:50", "elapsed": 807.293373, "delta": 1.038018}}
{"target": 0.7057568183507057, "params": {"C": 42.14518172075388, "epsilon": 4.422712528773408, "gamma": 0.7967294644620755, "lamda": 0.536135499510114}, "datetime": {"datetime": "2021-07-03 15:53:51", "elapsed": 808.336345, "delta": 1.042972}}
{"target": 0.7657155284563562, "params": {"C": 52.43846428291029, "epsilon": 5.931996921787516, "gamma": 0.591648763103579, "lamda": 0.4412103592460669}, "datetime": {"datetime": "2021-07-03 15:53:52", "elapsed": 809.616362, "delta": 1.280017}}
{"target": 0.6784953456623339, "params": {"C": 32.28430986503021, "epsilon": 8.818358335615232, "gamma": 0.8918431088344729, "lamda": 0.1923799676436624}, "datetime": {"datetime": "2021-07-03 15:53:53", "elapsed": 810.829398, "delta": 1.213036}}
{"target": 0.7930767018665109, "params": {"C": 46.69156939834259, "epsilon": 2.600103979478397, "gamma": 0.5055736252307226, "lamda": 0.16592461563942446}, "datetime": {"datetime": "2021-07-03 15:53:56", "elapsed": 813.296361, "delta": 2.466963}}
{"target": 0.8133991536161463, "params": {"C": 58.75058773156854, "epsilon": 4.076814718235729, "gamma": 0.4338466495514945, "lamda": 0.634022816993344}, "datetime": {"datetime": "2021-07-03 15:53:57", "elapsed": 814.298348, "delta": 1.001987}}
{"target": 0.8722275074154849, "params": {"C": 38.260826573934224, "epsilon": 1.0162641104608774, "gamma": 0.19869718559759075, "lamda": 0.384301821164585}, "datetime": {"datetime": "2021-07-03 15:53:59", "elapsed": 816.610863, "delta": 2.312515}}
{"target": 0.767900990156787, "params": {"C": 34.182178907482545, "epsilon": 4.974570939285261, "gamma": 0.5931003506574726, "lamda": 0.459149453118194}, "datetime": {"datetime": "2021-07-03 15:54:00", "elapsed": 817.704376, "delta": 1.093513}}
{"target": -0.6874495882695362, "params": {"C": 57.73617289869442, "epsilon": 2.526743240074223, "gamma": 0.3640095908700812, "lamda": 0.5602508957727512}, "datetime": {"datetime": "2021-07-03 15:54:09", "elapsed": 826.96338, "delta": 9.259004}}
{"target": -2.6564980394372397, "params": {"C": 35.525660898081384, "epsilon": 9.519699864832772, "gamma": 0.26002462387586195, "lamda": 0.6676850649906477}, "datetime": {"datetime": "2021-07-03 15:54:22", "elapsed": 839.728371, "delta": 12.764991}}
{"target": -0.4938230373106187, "params": {"C": 34.237919091978526, "epsilon": 2.359399131671093, "gamma": 0.44217806026706175, "lamda": 0.6511050471913913}, "datetime": {"datetime": "2021-07-03 15:54:32", "elapsed": 849.794439, "delta": 10.066068}}
{"target": 0.7687633289775819, "params": {"C": 48.53440603114069, "epsilon": 9.267010721357408, "gamma": 0.5754536021406521, "lamda": 0.7149304821196096}, "datetime": {"datetime": "2021-07-03 15:54:33", "elapsed": 850.827399, "delta": 1.03296}}
{"target": 0.7650190026704538, "params": {"C": 53.09317312932876, "epsilon": 5.110865355699501, "gamma": 0.5946571422261686, "lamda": 0.792769346820186}, "datetime": {"datetime": "2021-07-03 15:54:34", "elapsed": 851.924446, "delta": 1.097047}}
{"target": 0.8534074565812289, "params": {"C": 34.90068049741802, "epsilon": 8.039787506339298, "gamma": 0.2580366380116095, "lamda": 0.4348491361945003}, "datetime": {"datetime": "2021-07-03 15:54:36", "elapsed": 854.034442, "delta": 2.109996}}
{"target": 0.7989253279570409, "params": {"C": 31.060004829529998, "epsilon": 5.995433249715578, "gamma": 0.4861961129529692, "lamda": 0.6430096759547566}, "datetime": {"datetime": "2021-07-03 15:54:37", "elapsed": 855.10342, "delta": 1.068978}}
{"target": 0.7840145832819894, "params": {"C": 50.31608028194957, "epsilon": 7.583305342598848, "gamma": 0.5237480586572674, "lamda": 0.7042661914485632}, "datetime": {"datetime": "2021-07-03 15:54:39", "elapsed": 856.511936, "delta": 1.408516}}
{"target": 0.7404761020113633, "params": {"C": 41.58558994719486, "epsilon": 1.2544094335597293, "gamma": 0.6788087255813812, "lamda": 0.4743986288967089}, "datetime": {"datetime": "2021-07-03 15:54:40", "elapsed": 857.733451, "delta": 1.221515}}
{"target": 0.6813801778716206, "params": {"C": 46.37236879091539, "epsilon": 9.115368269333873, "gamma": 0.879252649041466, "lamda": 0.7905936318339113}, "datetime": {"datetime": "2021-07-03 15:54:41", "elapsed": 858.784434, "delta": 1.050983}}
{"target": 0.8628724912302591, "params": {"C": 49.92427058979496, "epsilon": 7.8467867085067535, "gamma": 0.22740296637263496, "lamda": 0.2903508780765136}, "datetime": {"datetime": "2021-07-03 15:54:44", "elapsed": 861.411453, "delta": 2.627019}}
{"target": -2.4224499789741887, "params": {"C": 50.71887236205294, "epsilon": 4.499050937817327, "gamma": 0.16092812777060597, "lamda": 0.576551275823959}, "datetime": {"datetime": "2021-07-03 15:54:53", "elapsed": 870.223448, "delta": 8.811995}}
{"target": -1.883131574564195, "params": {"C": 36.82508494151782, "epsilon": 9.877043957250388, "gamma": 0.42208517090830494, "lamda": 0.9748709510485151}, "datetime": {"datetime": "2021-07-03 15:55:02", "elapsed": 879.726479, "delta": 9.503031}}
{"target": -0.8476597922333544, "params": {"C": 55.67275343090329, "epsilon": 2.2257173811415893, "gamma": 0.3560926811255169, "lamda": 0.2368619406736348}, "datetime": {"datetime": "2021-07-03 15:55:11", "elapsed": 888.765485, "delta": 9.039006}}
{"target": 0.850834365726829, "params": {"C": 56.27829443047784, "epsilon": 7.986345489331433, "gamma": 0.2804497404730224, "lamda": 0.7763511882494395}, "datetime": {"datetime": "2021-07-03 15:55:13", "elapsed": 890.343633, "delta": 1.578148}}
{"target": 0.7667454337956936, "params": {"C": 52.478880003545854, "epsilon": 4.701854529192952, "gamma": 0.5889734820525143, "lamda": 0.7190951068249946}, "datetime": {"datetime": "2021-07-03 15:55:20", "elapsed": 897.173553, "delta": 6.82992}}
{"target": 0.7546237167541866, "params": {"C": 56.087573394739934, "epsilon": 8.541993017275418, "gamma": 0.6272490387638362, "lamda": 0.3539459358782112}, "datetime": {"datetime": "2021-07-03 15:55:21", "elapsed": 898.366501, "delta": 1.192948}}
{"target": 0.7380855921290708, "params": {"C": 33.17962841732114, "epsilon": 8.222007032101342, "gamma": 0.6828476037711328, "lamda": 0.2107749535903054}, "datetime": {"datetime": "2021-07-03 15:55:23", "elapsed": 900.598509, "delta": 2.232008}}
{"target": 0.8180110854218918, "params": {"C": 56.898478719460776, "epsilon": 9.482289807752666, "gamma": 0.40613017025675885, "lamda": 0.10803732900537634}, "datetime": {"datetime": "2021-07-03 15:55:24", "elapsed": 901.865485, "delta": 1.266976}}
{"target": -3.2483395253423746, "params": {"C": 38.27660286634615, "epsilon": 2.448232970481683, "gamma": 0.12794352908728782, "lamda": 0.885898005834587}, "datetime": {"datetime": "2021-07-03 15:55:33", "elapsed": 910.828507, "delta": 8.963022}}
{"target": 0.8198098919471977, "params": {"C": 31.193480069541735, "epsilon": 9.504186027604932, "gamma": 0.4030173517780229, "lamda": 0.2769163926756073}, "datetime": {"datetime": "2021-07-03 15:55:34", "elapsed": 912.07951, "delta": 1.251003}}
{"target": 0.8544836079302768, "params": {"C": 49.49702878361093, "epsilon": 5.149105187575571, "gamma": 0.2690054163807271, "lamda": 0.1310264390137329}, "datetime": {"datetime": "2021-07-03 15:55:37", "elapsed": 914.646519, "delta": 2.567009}}
{"target": -6.861928152580698, "params": {"C": 37.11824147627087, "epsilon": 8.673659235024726, "gamma": 0.05027615003485704, "lamda": 0.5408543334074399}, "datetime": {"datetime": "2021-07-03 15:55:44", "elapsed": 921.252546, "delta": 6.606027}}
{"target": 0.8019723750632327, "params": {"C": 46.75162437141361, "epsilon": 2.697768279879622, "gamma": 0.4780327528520673, "lamda": 0.10651614256820018}, "datetime": {"datetime": "2021-07-03 15:55:45", "elapsed": 923.047549, "delta": 1.795003}}
{"target": -2.7464909535164197, "params": {"C": 50.720001373595906, "epsilon": 9.632515109635543, "gamma": 0.23541408701969585, "lamda": 0.8524690793969253}, "datetime": {"datetime": "2021-07-03 15:55:54", "elapsed": 932.014549, "delta": 8.967}}
{"target": 0.7938404779362551, "params": {"C": 42.80719885336903, "epsilon": 5.976730856408655, "gamma": 0.49907255186059846, "lamda": 0.9483442888722357}, "datetime": {"datetime": "2021-07-03 15:55:56", "elapsed": 933.140536, "delta": 1.125987}}
{"target": 0.7217393440272902, "params": {"C": 53.88099599131968, "epsilon": 2.275090771178335, "gamma": 0.7401713504429591, "lamda": 0.821435298173024}, "datetime": {"datetime": "2021-07-03 15:55:57", "elapsed": 934.199526, "delta": 1.05899}}
{"target": 0.7500760496630432, "params": {"C": 53.55877949145972, "epsilon": 3.1510179005321883, "gamma": 0.6459699713663121, "lamda": 0.2534120453700831}, "datetime": {"datetime": "2021-07-03 15:55:58", "elapsed": 935.285577, "delta": 1.086051}}
{"target": -0.695571665583135, "params": {"C": 56.20712129477985, "epsilon": 4.507985285506657, "gamma": 0.3557821174563192, "lamda": 0.8750508688735597}, "datetime": {"datetime": "2021-07-03 15:56:07", "elapsed": 944.625562, "delta": 9.339985}}
{"target": 0.8246912519966636, "params": {"C": 47.88682114110835, "epsilon": 8.703047572349547, "gamma": 0.38056491396296305, "lamda": 0.19948386499288998}, "datetime": {"datetime": "2021-07-03 15:56:08", "elapsed": 945.883595, "delta": 1.258033}}
{"target": 0.7741818837937066, "params": {"C": 32.51182918931751, "epsilon": 8.193832184907283, "gamma": 0.5694348181222857, "lamda": 0.5868156650052875}, "datetime": {"datetime": "2021-07-03 15:56:10", "elapsed": 947.506582, "delta": 1.622987}}
{"target": 0.8401176156872208, "params": {"C": 44.48773359559228, "epsilon": 6.573613925238819, "gamma": 0.3301435159295604, "lamda": 0.2230473519618611}, "datetime": {"datetime": "2021-07-03 15:56:11", "elapsed": 948.777595, "delta": 1.271013}}
{"target": -2.224584230728949, "params": {"C": 56.9977320620195, "epsilon": 6.991782620459648, "gamma": 0.25302218574962043, "lamda": 0.9279308394454738}, "datetime": {"datetime": "2021-07-03 15:56:22", "elapsed": 959.973606, "delta": 11.196011}}
{"target": 0.881578953650048, "params": {"C": 31.16808557519782, "epsilon": 3.5996334227606672, "gamma": 0.13687396474250046, "lamda": 0.5504780367617308}, "datetime": {"datetime": "2021-07-03 15:56:24", "elapsed": 961.388607, "delta": 1.415001}}
{"target": 0.8689577163169075, "params": {"C": 38.37386228719346, "epsilon": 1.075254259825035, "gamma": 0.2144463751868123, "lamda": 0.38397797065984185}, "datetime": {"datetime": "2021-07-03 15:56:27", "elapsed": 964.776608, "delta": 3.388001}}
{"target": 0.719103741230253, "params": {"C": 44.02805123053457, "epsilon": 6.142090794225783, "gamma": 0.7487696400450932, "lamda": 0.1831709896819368}, "datetime": {"datetime": "2021-07-03 15:56:29", "elapsed": 966.229616, "delta": 1.453008}}
{"target": 0.6823346278712124, "params": {"C": 51.42455138949959, "epsilon": 3.7342206393825212, "gamma": 0.8759825227826287, "lamda": 0.12996205285818882}, "datetime": {"datetime": "2021-07-03 15:56:31", "elapsed": 968.506622, "delta": 2.277006}}
{"target": 0.8514942123767832, "params": {"C": 40.291166609670896, "epsilon": 7.060222934970711, "gamma": 0.26991170655152563, "lamda": 0.1934282808410398}, "datetime": {"datetime": "2021-07-03 15:56:33", "elapsed": 970.410634, "delta": 1.904012}}
{"target": 0.7195007881113685, "params": {"C": 46.77336719530746, "epsilon": 1.1059324303076397, "gamma": 0.7487885019144901, "lamda": 0.8268652772674603}, "datetime": {"datetime": "2021-07-03 15:56:34", "elapsed": 971.784641, "delta": 1.374007}}
{"target": 0.8445976181508662, "params": {"C": 38.330332877661114, "epsilon": 1.051216766581264, "gamma": 0.32264013028209165, "lamda": 0.25351667688826646}, "datetime": {"datetime": "2021-07-03 15:56:37", "elapsed": 974.22269, "delta": 2.438049}}
{"target": 0.7747448848040369, "params": {"C": 43.328669093486646, "epsilon": 4.3991808107262225, "gamma": 0.5633402595714855, "lamda": 0.6289808223270246}, "datetime": {"datetime": "2021-07-03 15:56:39", "elapsed": 976.29464, "delta": 2.07195}}
{"target": 0.8184198078087628, "params": {"C": 56.984788456895416, "epsilon": 4.4537078209558185, "gamma": 0.4135051691409575, "lamda": 0.3716491025978893}, "datetime": {"datetime": "2021-07-03 15:56:40", "elapsed": 977.691128, "delta": 1.396488}}
{"target": -1.724169529833298, "params": {"C": 32.79976046529081, "epsilon": 7.735691309454189, "gamma": 0.35695468644906464, "lamda": 0.8544883505389926}, "datetime": {"datetime": "2021-07-03 15:56:51", "elapsed": 988.407684, "delta": 10.716556}}
{"target": -1.949383069132248, "params": {"C": 38.85346370904416, "epsilon": 7.920776968619695, "gamma": 0.11711682916065991, "lamda": 0.2717862793668194}, "datetime": {"datetime": "2021-07-03 15:56:58", "elapsed": 996.090666, "delta": 7.682982}}
{"target": -4.613976547896677, "params": {"C": 38.25149546906012, "epsilon": 1.0139850433271884, "gamma": 0.05184199763108938, "lamda": 0.26664378230903596}, "datetime": {"datetime": "2021-07-03 15:57:04", "elapsed": 1001.700683, "delta": 5.610017}}
{"target": 0.8264386424943093, "params": {"C": 30.529310541273126, "epsilon": 5.6526020262906025, "gamma": 0.38282595970344824, "lamda": 0.8485037334495419}, "datetime": {"datetime": "2021-07-03 15:57:05", "elapsed": 1003.001708, "delta": 1.301025}}
{"target": 0.8525184467345045, "params": {"C": 30.95974251224598, "epsilon": 4.168835046480746, "gamma": 0.27718676654655133, "lamda": 0.27227132405797483}, "datetime": {"datetime": "2021-07-03 15:57:07", "elapsed": 1004.716668, "delta": 1.71496}}
{"target": 0.8291617139532749, "params": {"C": 34.923231680312824, "epsilon": 8.01240191614403, "gamma": 0.36639560931544274, "lamda": 0.47413810380751675}, "datetime": {"datetime": "2021-07-03 15:57:10", "elapsed": 1007.226659, "delta": 2.509991}}
{"target": 0.6996380575956009, "params": {"C": 52.8247977085828, "epsilon": 7.018454562744335, "gamma": 0.811719481959252, "lamda": 0.8537339304144661}, "datetime": {"datetime": "2021-07-03 15:57:11", "elapsed": 1008.569655, "delta": 1.342996}}
{"target": 0.7121495944449729, "params": {"C": 37.97774458031144, "epsilon": 8.351762767973206, "gamma": 0.7692997788832965, "lamda": 0.7549962591696858}, "datetime": {"datetime": "2021-07-03 15:57:13", "elapsed": 1010.127713, "delta": 1.558058}}
{"target": 0.8863150337566985, "params": {"C": 32.63313525689281, "epsilon": 4.039456890728176, "gamma": 0.11501098194372292, "lamda": 0.6475125295768253}, "datetime": {"datetime": "2021-07-03 15:57:14", "elapsed": 1011.591721, "delta": 1.464008}}
{"target": 0.7679158319229935, "params": {"C": 42.9341500210469, "epsilon": 9.329619681498613, "gamma": 0.5829428482021585, "lamda": 0.19158905181924218}, "datetime": {"datetime": "2021-07-03 15:57:15", "elapsed": 1013.116704, "delta": 1.524983}}
{"target": 0.7214913441857209, "params": {"C": 39.302224273814886, "epsilon": 9.000404585862428, "gamma": 0.7389890826726085, "lamda": 0.726421043038024}, "datetime": {"datetime": "2021-07-03 15:57:17", "elapsed": 1014.486682, "delta": 1.369978}}
{"target": 0.8404322933020739, "params": {"C": 39.295017196214104, "epsilon": 8.416591361108974, "gamma": 0.3314513483709221, "lamda": 0.4373300099317128}, "datetime": {"datetime": "2021-07-03 15:57:18", "elapsed": 1015.943714, "delta": 1.457032}}
{"target": -0.6834852406819354, "params": {"C": 50.37929106353215, "epsilon": 1.505828824966633, "gamma": 0.3786930440249031, "lamda": 0.5639738221607564}, "datetime": {"datetime": "2021-07-03 15:57:33", "elapsed": 1030.242741, "delta": 14.299027}}
{"target": -1.6135379313775173, "params": {"C": 43.19047132945824, "epsilon": 3.721870811239964, "gamma": 0.19603791956021793, "lamda": 0.39754163368124795}, "datetime": {"datetime": "2021-07-03 15:57:45", "elapsed": 1042.813758, "delta": 12.571017}}
{"target": 0.7263153114308547, "params": {"C": 53.95894900118476, "epsilon": 3.321159357332637, "gamma": 0.7245517837127388, "lamda": 0.5043272452922126}, "datetime": {"datetime": "2021-07-03 15:57:48", "elapsed": 1045.644735, "delta": 2.830977}}
{"target": 0.8290007516851394, "params": {"C": 46.86228866868579, "epsilon": 8.677550527270968, "gamma": 0.3607733007429631, "lamda": 0.1466923569547527}, "datetime": {"datetime": "2021-07-03 15:57:50", "elapsed": 1047.442772, "delta": 1.798037}}
{"target": 0.8276447946212016, "params": {"C": 30.24587871462354, "epsilon": 6.747881416620929, "gamma": 0.37363924349261335, "lamda": 0.5307910699590791}, "datetime": {"datetime": "2021-07-03 15:57:52", "elapsed": 1049.369726, "delta": 1.926954}}
{"target": -3.8364532386531964, "params": {"C": 59.069844169858726, "epsilon": 9.725206790334497, "gamma": 0.14882743030297044, "lamda": 0.4093366820473471}, "datetime": {"datetime": "2021-07-03 15:58:00", "elapsed": 1057.558036, "delta": 8.18831}}
{"target": -1.7083850161764276, "params": {"C": 56.07701160231943, "epsilon": 4.603891167446131, "gamma": 0.19913246249892597, "lamda": 0.6061341498706103}, "datetime": {"datetime": "2021-07-03 15:58:11", "elapsed": 1068.390798, "delta": 10.832762}}
{"target": -1.1377667704782186, "params": {"C": 32.5713574442838, "epsilon": 2.8154327610196117, "gamma": 0.2542891989170456, "lamda": 0.32992717604942634}, "datetime": {"datetime": "2021-07-03 15:58:23", "elapsed": 1080.23681, "delta": 11.846012}}
{"target": 0.8462618558955137, "params": {"C": 34.92552423229132, "epsilon": 8.100024759527315, "gamma": 0.2976164385619981, "lamda": 0.5920971334319751}, "datetime": {"datetime": "2021-07-03 15:58:27", "elapsed": 1084.56317, "delta": 4.32636}}
{"target": -4.444298373015121, "params": {"C": 31.65149142048724, "epsilon": 9.46127534519933, "gamma": 0.14059350762161438, "lamda": 0.42581319965935815}, "datetime": {"datetime": "2021-07-03 15:58:39", "elapsed": 1096.753838, "delta": 12.190668}}
{"target": -1.8921103143777942, "params": {"C": 58.719821368412866, "epsilon": 6.399977256090789, "gamma": 0.26143858781664764, "lamda": 0.8536682019831558}, "datetime": {"datetime": "2021-07-03 15:58:47", "elapsed": 1104.518821, "delta": 7.764983}}
{"target": 0.7986593758789918, "params": {"C": 35.871274677821425, "epsilon": 6.7515774303212375, "gamma": 0.48405156142564537, "lamda": 0.5144235568451646}, "datetime": {"datetime": "2021-07-03 15:58:48", "elapsed": 1106.021896, "delta": 1.503075}}
{"target": 0.7937840132098182, "params": {"C": 45.98132875464697, "epsilon": 9.210109118886216, "gamma": 0.49306399378663784, "lamda": 0.3318642741906453}, "datetime": {"datetime": "2021-07-03 15:58:50", "elapsed": 1107.506828, "delta": 1.484932}}
{"target": -4.88022748581648, "params": {"C": 58.04890265205714, "epsilon": 5.476314760179495, "gamma": 0.09848255079806958, "lamda": 0.38389722846947116}, "datetime": {"datetime": "2021-07-03 15:59:00", "elapsed": 1117.905882, "delta": 10.399054}}
{"target": 0.8083631559556942, "params": {"C": 46.28388912424623, "epsilon": 5.94657777916707, "gamma": 0.4506960539538541, "lamda": 0.7733384476323547}, "datetime": {"datetime": "2021-07-03 15:59:02", "elapsed": 1119.399859, "delta": 1.493977}}
