{"target": -9.618211578429545, "params": {"C": 82.83067109474239, "epsilon": 22.317467055092383, "gamma": 0.04090105905657078, "lamda": 1.186145762725245}, "datetime": {"datetime": "2021-09-19 21:21:54", "elapsed": 610.152239, "delta": 15.133}}
{"target": -8.583347952134439, "params": {"C": 71.67913780883441, "epsilon": 20.176478624845487, "gamma": 0.04432401820358953, "lamda": 0.060574694437286525}, "datetime": {"datetime": "2021-09-19 21:22:03", "elapsed": 619.586237, "delta": 9.433998}}
{"target": -13.339435665430596, "params": {"C": 75.69554418642542, "epsilon": 29.301271871683742, "gamma": 0.026078727463486967, "lamda": 0.8069580523418372}, "datetime": {"datetime": "2021-09-19 21:22:19", "elapsed": 635.068241, "delta": 15.482004}}
{"target": -6.547425195503865, "params": {"C": 96.06423176339294, "epsilon": 17.37098284018048, "gamma": 0.04984979571155363, "lamda": 0.08016951801861924}, "datetime": {"datetime": "2021-09-19 21:22:29", "elapsed": 644.672241, "delta": 9.604}}
{"target": -11.467086696840761, "params": {"C": 73.17251793987721, "epsilon": 25.271735336695755, "gamma": 0.031019360447325797, "lamda": 0.36450681190780826}, "datetime": {"datetime": "2021-09-19 21:22:38", "elapsed": 654.166241, "delta": 9.494}}
{"target": -1.411606731578746, "params": {"C": 99.9376225709818, "epsilon": 15.270403868249202, "gamma": 0.09317265220851993, "lamda": 0.0353674563621308}, "datetime": {"datetime": "2021-09-19 21:22:47", "elapsed": 663.372239, "delta": 9.205998}}
{"target": -6.724789283537746, "params": {"C": 84.84144716353869, "epsilon": 19.869128360221136, "gamma": 0.09251112407640193, "lamda": 1.0311134597517062}, "datetime": {"datetime": "2021-09-19 21:23:02", "elapsed": 678.202241, "delta": 14.830002}}
{"target": -2.323690938608182, "params": {"C": 91.42849044468832, "epsilon": 14.515472789075305, "gamma": 0.055450136721988966, "lamda": 0.021947299837879745}, "datetime": {"datetime": "2021-09-19 21:23:11", "elapsed": 687.52924, "delta": 9.326999}}
{"target": -1.4349304507043272, "params": {"C": 96.21935764072279, "epsilon": 16.917220330212537, "gamma": 0.08631725852824414, "lamda": 0.08987508270582216}, "datetime": {"datetime": "2021-09-19 21:23:20", "elapsed": 696.578544, "delta": 9.049304}}
{"target": -3.6830114802181715, "params": {"C": 93.14196459796293, "epsilon": 16.05879584298483, "gamma": 0.06456543377492004, "lamda": 0.09983747030484207}, "datetime": {"datetime": "2021-09-19 21:23:35", "elapsed": 710.617042, "delta": 14.038498}}
{"target": -1.961644791344372, "params": {"C": 97.93291219239364, "epsilon": 17.53222677634004, "gamma": 0.06156067118321071, "lamda": 0.03551377563304166}, "datetime": {"datetime": "2021-09-19 21:23:44", "elapsed": 719.720627, "delta": 9.103585}}
{"target": -7.789381013208573, "params": {"C": 95.5951645940413, "epsilon": 18.712885006586074, "gamma": 0.017587889485781025, "lamda": 0.019017859517297904}, "datetime": {"datetime": "2021-09-19 21:23:53", "elapsed": 729.092269, "delta": 9.371642}}
{"target": -4.8843997163571, "params": {"C": 91.36974701762789, "epsilon": 14.253960717321565, "gamma": 0.02916020993274125, "lamda": 0.23792123830211895}, "datetime": {"datetime": "2021-09-19 21:24:07", "elapsed": 743.572074, "delta": 14.479805}}
{"target": -13.040503391343364, "params": {"C": 99.9168054259874, "epsilon": 29.39552766816083, "gamma": 0.061491802518967374, "lamda": 0.1337647276970185}, "datetime": {"datetime": "2021-09-19 21:24:22", "elapsed": 758.341771, "delta": 14.769697}}
{"target": 0.9019650321334081, "params": {"C": 68.1479436008674, "epsilon": 11.23447958394349, "gamma": 0.07875082076357857, "lamda": 0.03624348917360012}, "datetime": {"datetime": "2021-09-19 21:24:23", "elapsed": 758.995769, "delta": 0.653998}}
{"target": -1.274874523341908, "params": {"C": 96.30694544328873, "epsilon": 17.71275458461013, "gamma": 0.07934153962700746, "lamda": 0.02809128357750334}, "datetime": {"datetime": "2021-09-19 21:24:33", "elapsed": 768.66177, "delta": 9.666001}}
{"target": -7.490559594195259, "params": {"C": 99.89106082068406, "epsilon": 18.991302176196562, "gamma": 0.036587193061231274, "lamda": 0.07469294498242453}, "datetime": {"datetime": "2021-09-19 21:24:39", "elapsed": 774.857771, "delta": 6.196001}}
{"target": -5.784320188121387, "params": {"C": 78.3523251615526, "epsilon": 18.662984494781174, "gamma": 0.01891948219792051, "lamda": 0.04757669254652712}, "datetime": {"datetime": "2021-09-19 21:24:53", "elapsed": 789.417411, "delta": 14.55964}}
{"target": -5.426077432145629, "params": {"C": 98.90603190022087, "epsilon": 14.348388855558685, "gamma": 0.060035750430715615, "lamda": 0.2635448957204374}, "datetime": {"datetime": "2021-09-19 21:25:03", "elapsed": 799.095215, "delta": 9.677804}}
{"target": -7.409398683050586, "params": {"C": 96.03228930818624, "epsilon": 17.76776551871788, "gamma": 0.0379599079326525, "lamda": 0.13164199633085638}, "datetime": {"datetime": "2021-09-19 21:25:13", "elapsed": 808.719567, "delta": 9.624352}}
{"target": -4.593400709853416, "params": {"C": 99.63396652871052, "epsilon": 22.338480504143376, "gamma": 0.015291080981688616, "lamda": 0.10564920280242553}, "datetime": {"datetime": "2021-09-19 21:25:22", "elapsed": 817.95408, "delta": 9.234513}}
{"target": -3.524550700443612, "params": {"C": 67.29613195171292, "epsilon": 12.551376004618051, "gamma": 0.015331831330950611, "lamda": 0.34857198117957583}, "datetime": {"datetime": "2021-09-19 21:25:31", "elapsed": 827.495135, "delta": 9.541055}}
{"target": -9.327638564753853, "params": {"C": 93.55450167973974, "epsilon": 26.002175795745647, "gamma": 0.09495365680938418, "lamda": 1.3260113344520081}, "datetime": {"datetime": "2021-09-19 21:25:46", "elapsed": 842.574977, "delta": 15.079842}}
{"target": -4.881270030415698, "params": {"C": 99.66229234545561, "epsilon": 21.645625155574788, "gamma": 0.030550694707228952, "lamda": 0.04123358258324742}, "datetime": {"datetime": "2021-09-19 21:25:53", "elapsed": 849.323679, "delta": 6.748702}}
{"target": -8.877419659399141, "params": {"C": 98.67065475390054, "epsilon": 24.38438365403072, "gamma": 0.0770605430013299, "lamda": 0.24351324964715396}, "datetime": {"datetime": "2021-09-19 21:26:03", "elapsed": 858.685709, "delta": 9.36203}}
{"target": 0.9029604683773683, "params": {"C": 68.08773861965987, "epsilon": 11.32582521975839, "gamma": 0.0653027724333161, "lamda": 0.05592248268559457}, "datetime": {"datetime": "2021-09-19 21:26:03", "elapsed": 859.43371, "delta": 0.748001}}
{"target": -9.095461686787257, "params": {"C": 82.16266307719845, "epsilon": 24.08440714964332, "gamma": 0.08404349668793636, "lamda": 0.30221909378776135}, "datetime": {"datetime": "2021-09-19 21:26:18", "elapsed": 874.207448, "delta": 14.773738}}
{"target": -4.114895528770473, "params": {"C": 98.42974535314889, "epsilon": 15.576751733685839, "gamma": 0.0359572303516792, "lamda": 0.0996642136439857}, "datetime": {"datetime": "2021-09-19 21:26:27", "elapsed": 883.180448, "delta": 8.973}}
{"target": -1.6032909625387877, "params": {"C": 85.736521270266, "epsilon": 17.311879429523472, "gamma": 0.061929606945855815, "lamda": 0.0673478847162772}, "datetime": {"datetime": "2021-09-19 21:26:36", "elapsed": 892.414446, "delta": 9.233998}}
{"target": -6.605219125568833, "params": {"C": 96.24541720253357, "epsilon": 17.000392786181408, "gamma": 0.04446602966027159, "lamda": 0.04754856877973624}, "datetime": {"datetime": "2021-09-19 21:26:51", "elapsed": 907.333445, "delta": 14.918999}}
{"target": -5.323047151328568, "params": {"C": 96.19498224024439, "epsilon": 17.82595422013293, "gamma": 0.02998633484828092, "lamda": 0.07638230233221635}, "datetime": {"datetime": "2021-09-19 21:27:01", "elapsed": 917.050445, "delta": 9.717}}
{"target": -7.653417363197409, "params": {"C": 84.4137994106845, "epsilon": 20.032080871475785, "gamma": 0.05762937309204579, "lamda": 0.653327288406445}, "datetime": {"datetime": "2021-09-19 21:27:16", "elapsed": 932.215446, "delta": 15.165001}}
{"target": -8.408696850819831, "params": {"C": 80.66286490904116, "epsilon": 22.521820637936557, "gamma": 0.06638493370661452, "lamda": 1.1649671753531377}, "datetime": {"datetime": "2021-09-19 21:27:31", "elapsed": 947.269455, "delta": 15.054009}}
{"target": -7.493933412640462, "params": {"C": 97.05862704665017, "epsilon": 28.123857093955834, "gamma": 0.014465845727749447, "lamda": 0.05203233741946571}, "datetime": {"datetime": "2021-09-19 21:27:46", "elapsed": 961.846881, "delta": 14.577426}}
{"target": -5.089347417128717, "params": {"C": 83.59789971632391, "epsilon": 16.200072469929324, "gamma": 0.026223710462588826, "lamda": 0.33587184294683403}, "datetime": {"datetime": "2021-09-19 21:28:00", "elapsed": 976.176565, "delta": 14.329684}}
{"target": -6.534109403062431, "params": {"C": 78.9399524591426, "epsilon": 13.957367997057135, "gamma": 0.023294603035640096, "lamda": 1.4979482947232838}, "datetime": {"datetime": "2021-09-19 21:28:10", "elapsed": 985.855102, "delta": 9.678537}}
{"target": -3.1874672904831067, "params": {"C": 97.9958911468858, "epsilon": 12.975689730044135, "gamma": 0.018407129623547836, "lamda": 1.1990726350031689}, "datetime": {"datetime": "2021-09-19 21:28:19", "elapsed": 995.208193, "delta": 9.353091}}
{"target": -7.270538563862058, "params": {"C": 82.62890240846014, "epsilon": 18.709572609670385, "gamma": 0.05497616997888305, "lamda": 0.4205045210625621}, "datetime": {"datetime": "2021-09-19 21:28:34", "elapsed": 1010.482197, "delta": 15.274004}}
{"target": -8.174447423798735, "params": {"C": 74.0621631707181, "epsilon": 22.237134230077114, "gamma": 0.07929516267552825, "lamda": 0.9573435155622163}, "datetime": {"datetime": "2021-09-19 21:28:50", "elapsed": 1025.806194, "delta": 15.323997}}
{"target": -10.592802858712464, "params": {"C": 66.52874008013978, "epsilon": 23.85809281473908, "gamma": 0.022467438821676348, "lamda": 0.6583660674354198}, "datetime": {"datetime": "2021-09-19 21:28:59", "elapsed": 1035.305193, "delta": 9.498999}}
{"target": -3.3521843342617235, "params": {"C": 87.2098927706927, "epsilon": 26.31587703797655, "gamma": 0.015478330176866204, "lamda": 0.6630833089337272}, "datetime": {"datetime": "2021-09-19 21:29:08", "elapsed": 1044.561743, "delta": 9.25655}}
{"target": -5.055727281430385, "params": {"C": 74.6216173388481, "epsilon": 14.086485375011002, "gamma": 0.06877171585521856, "lamda": 0.8291167559681302}, "datetime": {"datetime": "2021-09-19 21:29:23", "elapsed": 1059.587641, "delta": 15.025898}}
{"target": -4.992407931314947, "params": {"C": 83.86580763967629, "epsilon": 15.974294928656374, "gamma": 0.09633826516691267, "lamda": 0.7241616911327929}, "datetime": {"datetime": "2021-09-19 21:29:39", "elapsed": 1074.658307, "delta": 15.070666}}
{"target": -9.640696924150618, "params": {"C": 79.56556650878014, "epsilon": 22.840170567319426, "gamma": 0.047186818244073093, "lamda": 0.9537652160691333}, "datetime": {"datetime": "2021-09-19 21:29:54", "elapsed": 1090.066383, "delta": 15.408076}}
{"target": -4.980576255350991, "params": {"C": 76.45712022341279, "epsilon": 14.775746842266653, "gamma": 0.07908390463108156, "lamda": 0.5158937261174978}, "datetime": {"datetime": "2021-09-19 21:30:09", "elapsed": 1105.209632, "delta": 15.143249}}
{"target": -11.030021346488638, "params": {"C": 90.96521436495979, "epsilon": 27.795353076158975, "gamma": 0.07459263260376525, "lamda": 1.2408204581057236}, "datetime": {"datetime": "2021-09-19 21:30:25", "elapsed": 1120.637141, "delta": 15.427509}}
{"target": -10.373316831765617, "params": {"C": 97.62925482748388, "epsilon": 26.53999931601335, "gamma": 0.08484109125851023, "lamda": 0.3496680157931816}, "datetime": {"datetime": "2021-09-19 21:30:39", "elapsed": 1135.553139, "delta": 14.915998}}
{"target": -10.598852447490971, "params": {"C": 81.11084970765525, "epsilon": 22.81125690968928, "gamma": 0.0329993150513287, "lamda": 1.0542587582422989}, "datetime": {"datetime": "2021-09-19 21:30:55", "elapsed": 1151.154141, "delta": 15.601002}}
{"target": -4.515606196794055, "params": {"C": 98.88968729438415, "epsilon": 11.001140983492094, "gamma": 0.06127812897621076, "lamda": 0.8588756400016384}, "datetime": {"datetime": "2021-09-19 21:31:10", "elapsed": 1166.344141, "delta": 15.19}}
{"target": -5.77236575394511, "params": {"C": 88.6409735793773, "epsilon": 13.295908076326308, "gamma": 0.04142216512520718, "lamda": 1.0547903933751388}, "datetime": {"datetime": "2021-09-19 21:31:25", "elapsed": 1181.489139, "delta": 15.144998}}
{"target": -12.557012975397345, "params": {"C": 98.11105542904545, "epsilon": 28.59925694883897, "gamma": 0.016234979372464632, "lamda": 0.43346491913352125}, "datetime": {"datetime": "2021-09-19 21:31:35", "elapsed": 1190.896139, "delta": 9.407}}
{"target": -6.64291444586252, "params": {"C": 68.99260206415543, "epsilon": 13.409644438547394, "gamma": 0.026467528865829697, "lamda": 1.0221922182115053}, "datetime": {"datetime": "2021-09-19 21:31:44", "elapsed": 1200.275184, "delta": 9.379045}}
{"target": 0.8928997991602454, "params": {"C": 78.1371588228096, "epsilon": 15.490442584541961, "gamma": 0.08898987246755466, "lamda": 0.04719253659929543}, "datetime": {"datetime": "2021-09-19 21:31:45", "elapsed": 1201.042181, "delta": 0.766997}}
{"target": -4.551005530173532, "params": {"C": 91.48393367806325, "epsilon": 23.262250384377452, "gamma": 0.012094067767630936, "lamda": 0.18244793901959513}, "datetime": {"datetime": "2021-09-19 21:31:54", "elapsed": 1210.009476, "delta": 8.967295}}
{"target": -8.794798844594672, "params": {"C": 72.24290433532072, "epsilon": 20.29228202736358, "gamma": 0.04455257592881325, "lamda": 0.25228658695975664}, "datetime": {"datetime": "2021-09-19 21:32:08", "elapsed": 1224.321467, "delta": 14.311991}}
{"target": -6.170755922120557, "params": {"C": 70.38917094550318, "epsilon": 13.288962738159318, "gamma": 0.02244341157899292, "lamda": 1.0205413986635088}, "datetime": {"datetime": "2021-09-19 21:32:17", "elapsed": 1233.238464, "delta": 8.916997}}
{"target": -3.892002979243192, "params": {"C": 79.57281403435897, "epsilon": 25.631753376846493, "gamma": 0.09625125801867597, "lamda": 0.1416475954171088}, "datetime": {"datetime": "2021-09-19 21:32:33", "elapsed": 1249.516466, "delta": 16.278002}}
{"target": -6.893755391961539, "params": {"C": 71.57556603158288, "epsilon": 20.153837808733137, "gamma": 0.08474631934182672, "lamda": 0.7969056086838018}, "datetime": {"datetime": "2021-09-19 21:32:47", "elapsed": 1263.510466, "delta": 13.994}}
{"target": -2.6265115342120833, "params": {"C": 84.78322385515995, "epsilon": 18.262204195227078, "gamma": 0.014300714049694126, "lamda": 0.6911100099531541}, "datetime": {"datetime": "2021-09-19 21:32:56", "elapsed": 1272.204472, "delta": 8.694006}}
{"target": -3.969480991666612, "params": {"C": 72.51601224708489, "epsilon": 10.182055358475763, "gamma": 0.06477108313671942, "lamda": 1.3893611066790719}, "datetime": {"datetime": "2021-09-19 21:33:10", "elapsed": 1286.207807, "delta": 14.003335}}
{"target": -5.496795936043007, "params": {"C": 95.075584174471, "epsilon": 14.30405180990129, "gamma": 0.053429563951040905, "lamda": 0.22992090936640824}, "datetime": {"datetime": "2021-09-19 21:33:24", "elapsed": 1300.566806, "delta": 14.358999}}
{"target": -11.608150943907832, "params": {"C": 92.05525773371966, "epsilon": 28.61516988672737, "gamma": 0.07840814470514547, "lamda": 1.3964829408083954}, "datetime": {"datetime": "2021-09-19 21:33:40", "elapsed": 1315.954535, "delta": 15.387729}}
{"target": -5.005856200098924, "params": {"C": 78.32425784189365, "epsilon": 11.70336078688354, "gamma": 0.04922337026050552, "lamda": 0.26214540292933686}, "datetime": {"datetime": "2021-09-19 21:33:55", "elapsed": 1331.258575, "delta": 15.30404}}
{"target": -4.989584690772842, "params": {"C": 88.15905379458741, "epsilon": 15.539282163191485, "gamma": 0.0826051000054576, "lamda": 0.3060454453479909}, "datetime": {"datetime": "2021-09-19 21:34:05", "elapsed": 1340.736456, "delta": 9.477881}}
{"target": -6.287391466220094, "params": {"C": 98.8991924473219, "epsilon": 25.342058729850727, "gamma": 0.014543112763958598, "lamda": 0.04813837228427474}, "datetime": {"datetime": "2021-09-19 21:34:17", "elapsed": 1353.1909, "delta": 12.454444}}
{"target": -9.41455639679661, "params": {"C": 71.347839621772, "epsilon": 22.228660392353603, "gamma": 0.02379984535860787, "lamda": 0.007012706717652047}, "datetime": {"datetime": "2021-09-19 21:34:29", "elapsed": 1365.504894, "delta": 12.313994}}
{"target": -3.6060048594929652, "params": {"C": 94.82612427914161, "epsilon": 11.901664952944015, "gamma": 0.09171406546907554, "lamda": 0.5694027638416943}, "datetime": {"datetime": "2021-09-19 21:34:38", "elapsed": 1374.350896, "delta": 8.846002}}
{"target": -8.772302727788329, "params": {"C": 89.65502297936354, "epsilon": 20.53308885247555, "gamma": 0.03131934580126619, "lamda": 1.3137873078382856}, "datetime": {"datetime": "2021-09-19 21:34:53", "elapsed": 1388.643505, "delta": 14.292609}}
{"target": -5.688655754529549, "params": {"C": 78.81067392586681, "epsilon": 11.884355579833388, "gamma": 0.03629166252100652, "lamda": 1.0397794496997477}, "datetime": {"datetime": "2021-09-19 21:35:07", "elapsed": 1403.092218, "delta": 14.448713}}
{"target": -5.585091526359301, "params": {"C": 95.28287674735768, "epsilon": 17.501770452342356, "gamma": 0.0949822306591282, "lamda": 0.9480812581525314}, "datetime": {"datetime": "2021-09-19 21:35:15", "elapsed": 1411.583206, "delta": 8.490988}}
{"target": -5.828764858119098, "params": {"C": 93.66563557801365, "epsilon": 14.506798445850894, "gamma": 0.04748564315794434, "lamda": 0.8721937114556563}, "datetime": {"datetime": "2021-09-19 21:35:26", "elapsed": 1422.155202, "delta": 10.571996}}
{"target": -9.941497982476411, "params": {"C": 84.59116375154758, "epsilon": 24.290919945484248, "gamma": 0.07134695890584047, "lamda": 1.4519252676229903}, "datetime": {"datetime": "2021-09-19 21:35:40", "elapsed": 1436.059216, "delta": 13.904014}}
{"target": -3.055608428174544, "params": {"C": 69.8382574278848, "epsilon": 28.451778101298824, "gamma": 0.014179021543050743, "lamda": 0.5984655085704633}, "datetime": {"datetime": "2021-09-19 21:35:49", "elapsed": 1444.739218, "delta": 8.680002}}
{"target": -6.998008132269496, "params": {"C": 69.95842592795059, "epsilon": 18.93508702772283, "gamma": 0.05976608665839964, "lamda": 1.1319013430366882}, "datetime": {"datetime": "2021-09-19 21:36:03", "elapsed": 1458.854145, "delta": 14.114927}}
{"target": -8.65138982754129, "params": {"C": 68.62383544450724, "epsilon": 22.817579350665806, "gamma": 0.06357815929282563, "lamda": 1.472094231774376}, "datetime": {"datetime": "2021-09-19 21:36:17", "elapsed": 1472.978147, "delta": 14.124002}}
{"target": -9.121362326710537, "params": {"C": 79.80678368894527, "epsilon": 22.866674102511517, "gamma": 0.048407965810799446, "lamda": 1.240995746902142}, "datetime": {"datetime": "2021-09-19 21:36:26", "elapsed": 1482.34491, "delta": 9.366763}}
{"target": -5.484607842970793, "params": {"C": 73.3362809282862, "epsilon": 11.353717370506924, "gamma": 0.02080491428770543, "lamda": 1.4815710467555123}, "datetime": {"datetime": "2021-09-19 21:36:31", "elapsed": 1486.880886, "delta": 4.535976}}
{"target": -8.334191737643081, "params": {"C": 78.46042185176128, "epsilon": 21.64425528340767, "gamma": 0.05241009036559671, "lamda": 1.2970053564798927}, "datetime": {"datetime": "2021-09-19 21:36:45", "elapsed": 1500.935083, "delta": 14.054197}}
{"target": -3.703295250905925, "params": {"C": 85.64550861964221, "epsilon": 17.363396571371652, "gamma": 0.07644719849040583, "lamda": 0.019276966471000103}, "datetime": {"datetime": "2021-09-19 21:36:53", "elapsed": 1509.268082, "delta": 8.332999}}
{"target": -9.761257222034713, "params": {"C": 66.39127236447347, "epsilon": 25.57100349568091, "gamma": 0.08438854029610932, "lamda": 0.380635664396639}, "datetime": {"datetime": "2021-09-19 21:37:07", "elapsed": 1523.252081, "delta": 13.983999}}
{"target": -6.768899420297865, "params": {"C": 71.15733244712311, "epsilon": 19.176497593982056, "gamma": 0.06654217835902675, "lamda": 1.4042300201686375}, "datetime": {"datetime": "2021-09-19 21:37:21", "elapsed": 1537.311082, "delta": 14.059001}}
{"target": -6.369622210319617, "params": {"C": 78.61904586722679, "epsilon": 19.949962687936022, "gamma": 0.09470626825609356, "lamda": 1.2244720221831984}, "datetime": {"datetime": "2021-09-19 21:37:35", "elapsed": 1551.087083, "delta": 13.776001}}
{"target": -3.988849361651158, "params": {"C": 94.5472732182229, "epsilon": 13.690934758199027, "gamma": 0.037595756645983136, "lamda": 0.038822763182507}, "datetime": {"datetime": "2021-09-19 21:37:44", "elapsed": 1560.256333, "delta": 9.16925}}
{"target": -1.452865458055443, "params": {"C": 95.62893760775543, "epsilon": 17.408535912227325, "gamma": 0.08714110197586686, "lamda": 0.04916964553507038}, "datetime": {"datetime": "2021-09-19 21:37:53", "elapsed": 1568.990303, "delta": 8.73397}}
{"target": -5.412758152240373, "params": {"C": 93.39395425763497, "epsilon": 17.738184941136417, "gamma": 0.09652135813901018, "lamda": 0.3863423287123388}, "datetime": {"datetime": "2021-09-19 21:37:58", "elapsed": 1574.484298, "delta": 5.493995}}
{"target": -3.9491268013487657, "params": {"C": 68.05449375506431, "epsilon": 11.205572915578173, "gamma": 0.03292315412649397, "lamda": 0.07766279128323485}, "datetime": {"datetime": "2021-09-19 21:38:03", "elapsed": 1579.210299, "delta": 4.726001}}
{"target": -9.429442624224222, "params": {"C": 79.61537392164149, "epsilon": 21.503358226747253, "gamma": 0.044042310158257325, "lamda": 0.9940614611904562}, "datetime": {"datetime": "2021-09-19 21:38:11", "elapsed": 1587.414801, "delta": 8.204502}}
{"target": -8.363882710414535, "params": {"C": 88.44720191655082, "epsilon": 19.833245392800656, "gamma": 0.018793271916044102, "lamda": 1.2399238862411461}, "datetime": {"datetime": "2021-09-19 21:38:20", "elapsed": 1596.360104, "delta": 8.945303}}
