{"target": -1.2105951114202478, "params": {"C": 91.80167838303458, "epsilon": 17.086867483575165, "gamma": 0.08971951487683344, "lamda": 0.10222979895303033}, "datetime": {"datetime": "2021-09-20 09:28:49", "elapsed": 2350.892339, "delta": 9.916004}}
{"target": -2.7619155669928928, "params": {"C": 85.12316527074643, "epsilon": 14.858030665397354, "gamma": 0.07574701709073361, "lamda": 0.10708352950816874}, "datetime": {"datetime": "2021-09-20 09:29:04", "elapsed": 2365.313334, "delta": 14.420995}}
{"target": -1.4713761540143975, "params": {"C": 90.76087600427984, "epsilon": 10.998189314134322, "gamma": 0.08113961470675343, "lamda": 0.08849648137298288}, "datetime": {"datetime": "2021-09-20 09:29:13", "elapsed": 2374.871335, "delta": 9.558001}}
{"target": -5.139296296953901, "params": {"C": 74.9564182966643, "epsilon": 13.084146591289596, "gamma": 0.05731497095892622, "lamda": 0.19545746167165465}, "datetime": {"datetime": "2021-09-20 09:29:28", "elapsed": 2389.246334, "delta": 14.374999}}
{"target": -1.501622632289593, "params": {"C": 97.66955313028639, "epsilon": 14.08362830679632, "gamma": 0.0853149634194106, "lamda": 0.09331569584717073}, "datetime": {"datetime": "2021-09-20 09:29:37", "elapsed": 2398.858335, "delta": 9.612001}}
{"target": -6.9639797754577435, "params": {"C": 99.53397352458933, "epsilon": 17.247913282531584, "gamma": 0.0483152144411416, "lamda": 0.19496551781837837}, "datetime": {"datetime": "2021-09-20 09:29:53", "elapsed": 2414.084336, "delta": 15.226001}}
{"target": -4.203375236766179, "params": {"C": 93.97902051908139, "epsilon": 12.127584238258308, "gamma": 0.0431578661115662, "lamda": 0.0491641221870021}, "datetime": {"datetime": "2021-09-20 09:30:03", "elapsed": 2424.120339, "delta": 10.036003}}
{"target": -2.5196599165325564, "params": {"C": 83.99649804636158, "epsilon": 14.857442540003134, "gamma": 0.09001567632491278, "lamda": 0.15089056881694618}, "datetime": {"datetime": "2021-09-20 09:30:17", "elapsed": 2438.622336, "delta": 14.501997}}
{"target": -2.6628571466708446, "params": {"C": 79.14821297789766, "epsilon": 11.842094779048143, "gamma": 0.06535300396455887, "lamda": 0.02039761311604657}, "datetime": {"datetime": "2021-09-20 09:30:31", "elapsed": 2452.669282, "delta": 14.046946}}
{"target": -2.824365972631896, "params": {"C": 71.3625311184139, "epsilon": 13.853971968488667, "gamma": 0.06441703465848429, "lamda": 0.015788352765256412}, "datetime": {"datetime": "2021-09-20 09:30:41", "elapsed": 2462.257949, "delta": 9.588667}}
{"target": -2.3635959641051394, "params": {"C": 69.83955486705088, "epsilon": 11.512101368608214, "gamma": 0.06808928827493513, "lamda": 0.1256257560563315}, "datetime": {"datetime": "2021-09-20 09:30:50", "elapsed": 2471.915066, "delta": 9.657117}}
{"target": -2.5265147510696235, "params": {"C": 99.0807259155213, "epsilon": 14.123185473202305, "gamma": 0.09028991206624087, "lamda": 0.19721941417213684}, "datetime": {"datetime": "2021-09-20 09:31:07", "elapsed": 2488.117376, "delta": 16.20231}}
{"target": -1.74389704170992, "params": {"C": 88.7986444098473, "epsilon": 11.271639980164206, "gamma": 0.07133816262665668, "lamda": 0.0532833849883404}, "datetime": {"datetime": "2021-09-20 09:31:16", "elapsed": 2498.002257, "delta": 9.884881}}
{"target": -6.382119159803876, "params": {"C": 77.33167959910242, "epsilon": 16.68077852805629, "gamma": 0.051012639592721336, "lamda": 0.0869978668942535}, "datetime": {"datetime": "2021-09-20 09:31:26", "elapsed": 2507.795323, "delta": 9.793066}}
{"target": -1.4560946033706124, "params": {"C": 91.50107317996701, "epsilon": 10.269698806889016, "gamma": 0.08041001497927078, "lamda": 0.10155264219770509}, "datetime": {"datetime": "2021-09-20 09:31:36", "elapsed": 2517.608968, "delta": 9.813645}}
{"target": -1.734390809113214, "params": {"C": 88.23158251697332, "epsilon": 17.958407837809084, "gamma": 0.07250278313933178, "lamda": 0.04480495327008656}, "datetime": {"datetime": "2021-09-20 09:31:46", "elapsed": 2527.492362, "delta": 9.883394}}
{"target": -2.2533675154099075, "params": {"C": 70.78724013726561, "epsilon": 12.27513635883025, "gamma": 0.08883717585378333, "lamda": 0.11970670996558168}, "datetime": {"datetime": "2021-09-20 09:32:01", "elapsed": 2542.132356, "delta": 14.639994}}
{"target": -3.406104752234447, "params": {"C": 86.32111669723176, "epsilon": 14.594451241814234, "gamma": 0.06133286947874351, "lamda": 0.025757192591646747}, "datetime": {"datetime": "2021-09-20 09:32:14", "elapsed": 2555.836363, "delta": 13.704007}}
{"target": -3.987806817265721, "params": {"C": 82.87809780066127, "epsilon": 10.030483608582324, "gamma": 0.04130577455701589, "lamda": 0.11902711268668502}, "datetime": {"datetime": "2021-09-20 09:32:25", "elapsed": 2566.077359, "delta": 10.240996}}
{"target": 0.8995652605251385, "params": {"C": 92.2380714941419, "epsilon": 16.158131883151796, "gamma": 0.09751474922803441, "lamda": 0.013053453483572666}, "datetime": {"datetime": "2021-09-20 09:32:26", "elapsed": 2567.466361, "delta": 1.389002}}
{"target": -4.102196938828371, "params": {"C": 77.68827782122324, "epsilon": 12.039490671733043, "gamma": 0.050295829310484506, "lamda": 0.01585462763672745}, "datetime": {"datetime": "2021-09-20 09:32:36", "elapsed": 2577.848359, "delta": 10.381998}}
{"target": -2.160630956636934, "params": {"C": 79.84666365941453, "epsilon": 11.573743017756932, "gamma": 0.05237408970899863, "lamda": 0.1502695976392042}, "datetime": {"datetime": "2021-09-20 09:32:46", "elapsed": 2587.928362, "delta": 10.080003}}
{"target": -1.2253508273660527, "params": {"C": 95.4885269402616, "epsilon": 17.495274141573415, "gamma": 0.09323670978028568, "lamda": 0.11308500909630108}, "datetime": {"datetime": "2021-09-20 09:32:56", "elapsed": 2597.998356, "delta": 10.069994}}
{"target": -6.062042742368421, "params": {"C": 81.18670016838493, "epsilon": 14.579573576854896, "gamma": 0.04520039844587892, "lamda": 0.12316474140010326}, "datetime": {"datetime": "2021-09-20 09:33:12", "elapsed": 2613.707358, "delta": 15.709002}}
{"target": -1.4219897477452155, "params": {"C": 82.95993765647817, "epsilon": 12.900877656478137, "gamma": 0.080398184940841, "lamda": 0.11321784430965126}, "datetime": {"datetime": "2021-09-20 09:33:22", "elapsed": 2623.462359, "delta": 9.755001}}
{"target": 0.9000877417487974, "params": {"C": 68.29889444902516, "epsilon": 15.054713738693193, "gamma": 0.07811838276835714, "lamda": 0.07010808699366385}, "datetime": {"datetime": "2021-09-20 09:33:23", "elapsed": 2624.672355, "delta": 1.209996}}
{"target": -5.561875646681126, "params": {"C": 81.27589191901777, "epsilon": 15.173250226547282, "gamma": 0.05966101397618337, "lamda": 0.14959387963028187}, "datetime": {"datetime": "2021-09-20 09:33:33", "elapsed": 2634.679475, "delta": 10.00712}}
{"target": -2.9244623573440847, "params": {"C": 88.64930112848054, "epsilon": 17.694633704273013, "gamma": 0.09041896850286045, "lamda": 0.14808093212553608}, "datetime": {"datetime": "2021-09-20 09:33:49", "elapsed": 2650.328534, "delta": 15.649059}}
{"target": 0.9066316042544329, "params": {"C": 66.74129673634187, "epsilon": 15.483179780113602, "gamma": 0.06500990171594083, "lamda": 0.04079558694223769}, "datetime": {"datetime": "2021-09-20 09:33:50", "elapsed": 2651.616084, "delta": 1.28755}}
{"target": -1.2266124132168033, "params": {"C": 97.83542722062109, "epsilon": 11.423149091970643, "gamma": 0.09187229349524798, "lamda": 0.15910506395190033}, "datetime": {"datetime": "2021-09-20 09:34:00", "elapsed": 2661.406852, "delta": 9.790768}}
{"target": 0.9027556622268071, "params": {"C": 72.54315821475015, "epsilon": 11.480811221141943, "gamma": 0.06708172477767595, "lamda": 0.041468555390568755}, "datetime": {"datetime": "2021-09-20 09:34:01", "elapsed": 2662.967636, "delta": 1.560784}}
{"target": -1.7794845216319235, "params": {"C": 80.56660086463317, "epsilon": 16.474616862686695, "gamma": 0.07646623682527648, "lamda": 0.071106677476606}, "datetime": {"datetime": "2021-09-20 09:34:11", "elapsed": 2672.466395, "delta": 9.498759}}
{"target": -2.6573172147158783, "params": {"C": 81.86984903563534, "epsilon": 15.39802725734938, "gamma": 0.08061330254665991, "lamda": 0.17712104762511605}, "datetime": {"datetime": "2021-09-20 09:34:26", "elapsed": 2687.721653, "delta": 15.255258}}
{"target": -3.2540799977029256, "params": {"C": 90.22722189150377, "epsilon": 17.26807368079763, "gamma": 0.05931339862631979, "lamda": 0.12119911593206453}, "datetime": {"datetime": "2021-09-20 09:34:39", "elapsed": 2700.833651, "delta": 13.111998}}
{"target": -2.9003416219642593, "params": {"C": 76.93726436653874, "epsilon": 16.96462760185262, "gamma": 0.06628657068819721, "lamda": 0.18838451612460871}, "datetime": {"datetime": "2021-09-20 09:34:54", "elapsed": 2715.281655, "delta": 14.448004}}
{"target": -6.303229049300855, "params": {"C": 70.13689890157909, "epsilon": 16.26601768119056, "gamma": 0.051725112192145366, "lamda": 0.08785564723336918}, "datetime": {"datetime": "2021-09-20 09:35:09", "elapsed": 2730.782651, "delta": 15.500996}}
{"target": -1.76971500523292, "params": {"C": 97.60411569543162, "epsilon": 14.421111970449584, "gamma": 0.07166035303785853, "lamda": 0.05624070183873706}, "datetime": {"datetime": "2021-09-20 09:35:19", "elapsed": 2740.564651, "delta": 9.782}}
{"target": -3.6263989096457845, "params": {"C": 94.00977774454518, "epsilon": 17.49860030768668, "gamma": 0.05743345847213131, "lamda": 0.12478936490612393}, "datetime": {"datetime": "2021-09-20 09:35:33", "elapsed": 2754.860651, "delta": 14.296}}
{"target": -7.040180174444929, "params": {"C": 76.67919945165865, "epsilon": 17.867133430741514, "gamma": 0.0411910162798535, "lamda": 0.14352108274162376}, "datetime": {"datetime": "2021-09-20 09:35:49", "elapsed": 2770.527646, "delta": 15.666995}}
{"target": -1.3193301759752307, "params": {"C": 72.9865433879214, "epsilon": 17.182587675827058, "gamma": 0.09009385615619735, "lamda": 0.08813022236524085}, "datetime": {"datetime": "2021-09-20 09:35:59", "elapsed": 2780.540536, "delta": 10.01289}}
{"target": 0.9051361486012911, "params": {"C": 75.31347559093746, "epsilon": 13.849067698434574, "gamma": 0.06482182972140046, "lamda": 0.06122457784511005}, "datetime": {"datetime": "2021-09-20 09:36:00", "elapsed": 2781.837209, "delta": 1.296673}}
{"target": 0.8981779667151357, "params": {"C": 70.54208366955574, "epsilon": 11.804526648442298, "gamma": 0.0927994843329209, "lamda": 0.024034241115803632}, "datetime": {"datetime": "2021-09-20 09:36:02", "elapsed": 2783.071987, "delta": 1.234778}}
{"target": -5.027536791276939, "params": {"C": 69.68793787309127, "epsilon": 15.25690011483712, "gamma": 0.07434575178463967, "lamda": 0.1908625171104727}, "datetime": {"datetime": "2021-09-20 09:36:12", "elapsed": 2793.408739, "delta": 10.336752}}
{"target": 0.8971753335001653, "params": {"C": 80.01203770828913, "epsilon": 11.927686471591418, "gamma": 0.09423632326732156, "lamda": 0.005745582958462843}, "datetime": {"datetime": "2021-09-20 09:36:13", "elapsed": 2794.607908, "delta": 1.199169}}
{"target": -1.7637947991615515, "params": {"C": 99.67288432679067, "epsilon": 17.258143380326278, "gamma": 0.064577843853307, "lamda": 0.046159778384527915}, "datetime": {"datetime": "2021-09-20 09:36:23", "elapsed": 2804.402553, "delta": 9.794645}}
{"target": 0.8970441133933087, "params": {"C": 79.37402477446945, "epsilon": 14.325195728059235, "gamma": 0.09722260867265803, "lamda": 0.0711679911733341}, "datetime": {"datetime": "2021-09-20 09:36:24", "elapsed": 2805.665543, "delta": 1.26299}}
{"target": -6.074812039923361, "params": {"C": 95.38645349417749, "epsilon": 14.678970215862662, "gamma": 0.049511047931011354, "lamda": 0.18592699537934199}, "datetime": {"datetime": "2021-09-20 09:36:39", "elapsed": 2820.972547, "delta": 15.307004}}
{"target": -1.1240073963320771, "params": {"C": 87.92111887291173, "epsilon": 10.890695525004253, "gamma": 0.09442180322679508, "lamda": 0.0747406919800497}, "datetime": {"datetime": "2021-09-20 09:36:49", "elapsed": 2830.601547, "delta": 9.629}}
{"target": -6.190515225723184, "params": {"C": 74.4992760432649, "epsilon": 15.140296351086178, "gamma": 0.05099291004294689, "lamda": 0.17247124339479358}, "datetime": {"datetime": "2021-09-20 09:37:05", "elapsed": 2846.150551, "delta": 15.549004}}
{"target": 0.8968366992895717, "params": {"C": 75.13389351367633, "epsilon": 15.149915185936907, "gamma": 0.08460303380425122, "lamda": 0.009328205846197679}, "datetime": {"datetime": "2021-09-20 09:37:06", "elapsed": 2847.47063, "delta": 1.320079}}
{"target": -2.6579486210024217, "params": {"C": 67.85832416816199, "epsilon": 16.03007942341165, "gamma": 0.0790141303636295, "lamda": 0.1777369713355588}, "datetime": {"datetime": "2021-09-20 09:37:15", "elapsed": 2856.91955, "delta": 9.44892}}
{"target": -3.380980829230948, "params": {"C": 85.5282799793182, "epsilon": 15.555782909886542, "gamma": 0.06459260183281319, "lamda": 0.1698538285476444}, "datetime": {"datetime": "2021-09-20 09:37:30", "elapsed": 2871.497547, "delta": 14.577997}}
{"target": 0.8980133724245605, "params": {"C": 67.20652853963975, "epsilon": 14.098473662831255, "gamma": 0.09641818862601896, "lamda": 0.13800014335648533}, "datetime": {"datetime": "2021-09-20 09:37:31", "elapsed": 2872.776062, "delta": 1.278515}}
{"target": -5.914188283056791, "params": {"C": 66.26923111290135, "epsilon": 14.632047268787566, "gamma": 0.049535676449780644, "lamda": 0.1866363801761145}, "datetime": {"datetime": "2021-09-20 09:37:47", "elapsed": 2888.461312, "delta": 15.68525}}
{"target": 0.9013159720320685, "params": {"C": 97.10575282484929, "epsilon": 16.44158342678888, "gamma": 0.0938790784336064, "lamda": 0.030083150685130795}, "datetime": {"datetime": "2021-09-20 09:37:48", "elapsed": 2889.796179, "delta": 1.334867}}
{"target": -1.3271791651729985, "params": {"C": 91.5784345542522, "epsilon": 17.06472468484324, "gamma": 0.09196576379622322, "lamda": 0.08097520754475976}, "datetime": {"datetime": "2021-09-20 09:37:58", "elapsed": 2899.935258, "delta": 10.139079}}
{"target": 0.8998367738962945, "params": {"C": 68.57781745786484, "epsilon": 11.306597011282939, "gamma": 0.08505852023309853, "lamda": 0.10887571555231969}, "datetime": {"datetime": "2021-09-20 09:38:00", "elapsed": 2901.252653, "delta": 1.317395}}
{"target": -6.371930431311163, "params": {"C": 71.67042809567481, "epsilon": 15.408822914813022, "gamma": 0.045933287851111226, "lamda": 0.13462918660536088}, "datetime": {"datetime": "2021-09-20 09:38:15", "elapsed": 2916.926089, "delta": 15.673436}}
{"target": -6.448607413653793, "params": {"C": 78.33355631374958, "epsilon": 16.62154652410728, "gamma": 0.054749763928394264, "lamda": 0.15297708191819195}, "datetime": {"datetime": "2021-09-20 09:38:31", "elapsed": 2932.45261, "delta": 15.526521}}
{"target": -1.749855767350959, "params": {"C": 69.4709256926838, "epsilon": 11.294423939279788, "gamma": 0.0650464248241436, "lamda": 0.08629706323951332}, "datetime": {"datetime": "2021-09-20 09:38:41", "elapsed": 2942.986609, "delta": 10.533999}}
{"target": -4.2408977559447285, "params": {"C": 95.18812387909372, "epsilon": 17.782499111063917, "gamma": 0.05662467668258281, "lamda": 0.08047177373615562}, "datetime": {"datetime": "2021-09-20 09:38:51", "elapsed": 2952.409613, "delta": 9.423004}}
{"target": -7.094763457036505, "params": {"C": 67.32264601227871, "epsilon": 17.141720282438623, "gamma": 0.047154149779502885, "lamda": 0.074679589260886}, "datetime": {"datetime": "2021-09-20 09:39:07", "elapsed": 2968.193608, "delta": 15.783995}}
{"target": -2.629566298146712, "params": {"C": 75.88696176603418, "epsilon": 12.918650420240041, "gamma": 0.08015920138792355, "lamda": 0.19732438756442477}, "datetime": {"datetime": "2021-09-20 09:39:20", "elapsed": 2981.945177, "delta": 13.751569}}
{"target": -3.0088023108136177, "params": {"C": 91.87710147475528, "epsilon": 15.389933350670539, "gamma": 0.06864238723202418, "lamda": 0.09663105064632302}, "datetime": {"datetime": "2021-09-20 09:39:35", "elapsed": 2996.817956, "delta": 14.872779}}
{"target": -4.116999268884676, "params": {"C": 96.02204171693472, "epsilon": 14.239608441214594, "gamma": 0.04304782331468719, "lamda": 0.0016914794539020107}, "datetime": {"datetime": "2021-09-20 09:39:45", "elapsed": 3006.185223, "delta": 9.367267}}
{"target": -3.8550926703610218, "params": {"C": 82.95806176421273, "epsilon": 17.572782987027253, "gamma": 0.05862876943191908, "lamda": 0.08377383870680857}, "datetime": {"datetime": "2021-09-20 09:40:00", "elapsed": 3021.531181, "delta": 15.345958}}
{"target": -3.4843665335442946, "params": {"C": 84.63445921263542, "epsilon": 16.39803444927258, "gamma": 0.05642904138673112, "lamda": 0.11254485784446926}, "datetime": {"datetime": "2021-09-20 09:40:13", "elapsed": 3034.935102, "delta": 13.403921}}
{"target": -6.502686147223728, "params": {"C": 99.00114422292458, "epsilon": 16.023109374271232, "gamma": 0.04867002291272672, "lamda": 0.1465866441632952}, "datetime": {"datetime": "2021-09-20 09:40:30", "elapsed": 3051.323042, "delta": 16.38794}}
{"target": -2.9754852774178655, "params": {"C": 90.93164200042028, "epsilon": 17.248657160575945, "gamma": 0.09297573813287202, "lamda": 0.15908713210170644}, "datetime": {"datetime": "2021-09-20 09:40:43", "elapsed": 3064.684041, "delta": 13.360999}}
{"target": -4.971754000575318, "params": {"C": 81.02729181627689, "epsilon": 13.778573648685235, "gamma": 0.06218626694901156, "lamda": 0.18143839986098978}, "datetime": {"datetime": "2021-09-20 09:40:54", "elapsed": 3075.074319, "delta": 10.390278}}
{"target": -2.657805419326228, "params": {"C": 79.24785315128682, "epsilon": 13.843317853027422, "gamma": 0.08655709164274339, "lamda": 0.16104550737301584}, "datetime": {"datetime": "2021-09-20 09:41:03", "elapsed": 3084.778564, "delta": 9.704245}}
{"target": -1.327287970214785, "params": {"C": 88.9258174723321, "epsilon": 16.309599068246246, "gamma": 0.0907711163048188, "lamda": 0.05732730452615957}, "datetime": {"datetime": "2021-09-20 09:41:13", "elapsed": 3094.997338, "delta": 10.218774}}
{"target": -3.2999771144297183, "params": {"C": 90.40778417139938, "epsilon": 16.193248493988477, "gamma": 0.07075472232757268, "lamda": 0.10084630567840851}, "datetime": {"datetime": "2021-09-20 09:41:26", "elapsed": 3107.443604, "delta": 12.446266}}
{"target": -2.880585129679399, "params": {"C": 81.61120512032987, "epsilon": 13.823135100133848, "gamma": 0.06792872108781803, "lamda": 0.12719062687682683}, "datetime": {"datetime": "2021-09-20 09:41:39", "elapsed": 3120.751415, "delta": 13.307811}}
{"target": -1.3453077195477978, "params": {"C": 98.42621821709383, "epsilon": 15.340049634621693, "gamma": 0.088292159731458, "lamda": 0.0904467019112913}, "datetime": {"datetime": "2021-09-20 09:41:49", "elapsed": 3130.893374, "delta": 10.141959}}
{"target": 0.8975910657900164, "params": {"C": 75.5499457559228, "epsilon": 13.109441087685045, "gamma": 0.09236439968493951, "lamda": 0.05544830093842635}, "datetime": {"datetime": "2021-09-20 09:41:51", "elapsed": 3132.314944, "delta": 1.42157}}
{"target": -1.6037673572057054, "params": {"C": 80.56977307457325, "epsilon": 13.748057605664453, "gamma": 0.07662995224724922, "lamda": 0.07214086886717469}, "datetime": {"datetime": "2021-09-20 09:42:01", "elapsed": 3142.782053, "delta": 10.467109}}
{"target": -2.655005316403654, "params": {"C": 87.19891248644467, "epsilon": 13.794463213079304, "gamma": 0.07530752319676956, "lamda": 0.17663986497176465}, "datetime": {"datetime": "2021-09-20 09:42:16", "elapsed": 3157.591194, "delta": 14.809141}}
{"target": -4.427506373836216, "params": {"C": 85.65358610179922, "epsilon": 11.544707677652477, "gamma": 0.041287051132514574, "lamda": 0.020048699803625242}, "datetime": {"datetime": "2021-09-20 09:42:25", "elapsed": 3167.013583, "delta": 9.422389}}
{"target": -4.349315865755065, "params": {"C": 95.07847390485068, "epsilon": 15.6257806222222, "gamma": 0.04016197076003486, "lamda": 0.03013769905956707}, "datetime": {"datetime": "2021-09-20 09:42:36", "elapsed": 3177.690576, "delta": 10.676993}}
{"target": -2.2779088170880706, "params": {"C": 86.80066802545898, "epsilon": 12.590691806554911, "gamma": 0.09050270725420284, "lamda": 0.03560853828678523}, "datetime": {"datetime": "2021-09-20 09:42:51", "elapsed": 3192.610089, "delta": 14.919513}}
{"target": -2.5120291814028244, "params": {"C": 68.34405559284906, "epsilon": 15.432825078323864, "gamma": 0.09769922064898157, "lamda": 0.19649712342654166}, "datetime": {"datetime": "2021-09-20 09:43:07", "elapsed": 3208.419355, "delta": 15.809266}}
{"target": 0.9035836020579397, "params": {"C": 76.6102316078416, "epsilon": 13.49675598982233, "gamma": 0.07555806718467879, "lamda": 0.080334434479644}, "datetime": {"datetime": "2021-09-20 09:43:08", "elapsed": 3209.906621, "delta": 1.487266}}
{"target": -2.3018632173271114, "params": {"C": 93.81337562556904, "epsilon": 13.160500846639879, "gamma": 0.05142926325215448, "lamda": 0.13119255626952236}, "datetime": {"datetime": "2021-09-20 09:43:20", "elapsed": 3221.272742, "delta": 11.366121}}
{"target": -1.7602323400611306, "params": {"C": 76.09198852608479, "epsilon": 12.146777541676599, "gamma": 0.05931625524906439, "lamda": 0.038609875405549596}, "datetime": {"datetime": "2021-09-20 09:43:30", "elapsed": 3231.145711, "delta": 9.872969}}
{"target": -4.871356347571192, "params": {"C": 81.78504188840797, "epsilon": 11.091127742685458, "gamma": 0.05172850840489859, "lamda": 0.02228931244028774}, "datetime": {"datetime": "2021-09-20 09:43:40", "elapsed": 3241.702245, "delta": 10.556534}}
{"target": -4.4724009545783145, "params": {"C": 67.59217681356753, "epsilon": 10.778683718099, "gamma": 0.05200033417366566, "lamda": 0.01165076991849605}, "datetime": {"datetime": "2021-09-20 09:43:50", "elapsed": 3251.665311, "delta": 9.963066}}
