{"target": 0.8956404232776347, "params": {"C": 39.920006089536535, "epsilon": 13.513485734087878, "gamma": 0.09982236034543157, "lamda": 0.09766688865467221}, "datetime": {"datetime": "2021-09-19 17:21:01", "elapsed": 971.541161, "delta": 0.65625}}
{"target": 0.8960344024774416, "params": {"C": 26.3174811790218, "epsilon": 6.8641357087604415, "gamma": 0.08819490042421033, "lamda": 0.01212962969464738}, "datetime": {"datetime": "2021-09-19 17:21:02", "elapsed": 972.181787, "delta": 0.640626}}
{"target": -1.0081915664900953, "params": {"C": 110.60624099278736, "epsilon": 12.199588941136884, "gamma": 0.09993402739121944, "lamda": 0.0829946888694955}, "datetime": {"datetime": "2021-09-19 17:21:11", "elapsed": 981.515592, "delta": 9.333805}}
{"target": -2.751408840894484, "params": {"C": 110.68756276065952, "epsilon": 12.223918889341686, "gamma": 0.07133093545353972, "lamda": 0.030704425528571076}, "datetime": {"datetime": "2021-09-19 17:21:20", "elapsed": 990.275656, "delta": 8.760064}}
{"target": -4.425683845373351, "params": {"C": 56.33036812221354, "epsilon": 12.064089146346822, "gamma": 0.05495526788773362, "lamda": 0.01590698889708342}, "datetime": {"datetime": "2021-09-19 17:21:30", "elapsed": 999.802067, "delta": 9.526411}}
{"target": 0.9017931267012593, "params": {"C": 37.31328770977982, "epsilon": 10.798512689470162, "gamma": 0.07453031160326255, "lamda": 0.08056374135579936}, "datetime": {"datetime": "2021-09-19 17:21:30", "elapsed": 1000.474566, "delta": 0.672499}}
{"target": -5.1890851462252625, "params": {"C": 32.56315602651734, "epsilon": 14.712570679691726, "gamma": 0.05825375918100789, "lamda": 0.0440280348704767}, "datetime": {"datetime": "2021-09-19 17:21:40", "elapsed": 1009.914437, "delta": 9.439871}}
{"target": -4.498771374516582, "params": {"C": 39.74902498815242, "epsilon": 13.529082789750236, "gamma": 0.07483990911038432, "lamda": 0.15467829955807966}, "datetime": {"datetime": "2021-09-19 17:21:54", "elapsed": 1024.41353, "delta": 14.499093}}
{"target": -3.6902437699579256, "params": {"C": 23.812152799155644, "epsilon": 7.785963203232636, "gamma": 0.052962128517194784, "lamda": 0.11622878547967629}, "datetime": {"datetime": "2021-09-19 17:22:09", "elapsed": 1038.713731, "delta": 14.300201}}
{"target": -5.2117563039201, "params": {"C": 101.04265199923452, "epsilon": 17.20152305702195, "gamma": 0.09719647600521344, "lamda": 0.4420095391125471}, "datetime": {"datetime": "2021-09-19 17:22:18", "elapsed": 1048.131233, "delta": 9.417502}}
{"target": 0.9013434049977225, "params": {"C": 105.41620181032171, "epsilon": 13.062049315975594, "gamma": 0.07720517667033158, "lamda": 0.01249487099365589}, "datetime": {"datetime": "2021-09-19 17:22:19", "elapsed": 1048.766375, "delta": 0.635142}}
{"target": -1.6664103186332517, "params": {"C": 116.09016104088393, "epsilon": 16.069068557821502, "gamma": 0.08725585722296106, "lamda": 0.08121268691585436}, "datetime": {"datetime": "2021-09-19 17:22:28", "elapsed": 1057.787797, "delta": 9.021422}}
{"target": 0.8956110541837883, "params": {"C": 39.97217842182262, "epsilon": 13.62586059361495, "gamma": 0.09995756806253119, "lamda": 0.052168933119542425}, "datetime": {"datetime": "2021-09-19 17:22:28", "elapsed": 1058.459673, "delta": 0.671876}}
{"target": 0.8976131340184005, "params": {"C": 67.53724434470132, "epsilon": 15.859085004750325, "gamma": 0.09113527593774243, "lamda": 0.10077935781236606}, "datetime": {"datetime": "2021-09-19 17:22:29", "elapsed": 1059.151777, "delta": 0.692104}}
{"target": -2.5193179886358066, "params": {"C": 115.38160397984966, "epsilon": 9.903726213580086, "gamma": 0.06442068352871066, "lamda": 0.03326777125272127}, "datetime": {"datetime": "2021-09-19 17:22:40", "elapsed": 1070.47465, "delta": 11.322873}}
{"target": 0.902089839563156, "params": {"C": 78.04859197137057, "epsilon": 11.11831560066643, "gamma": 0.07884978163658657, "lamda": 0.022496731640422953}, "datetime": {"datetime": "2021-09-19 17:22:41", "elapsed": 1071.12469, "delta": 0.65004}}
{"target": 0.8980300443319926, "params": {"C": 50.47660162305943, "epsilon": 6.111210309511897, "gamma": 0.09208658400413582, "lamda": 0.08359779874819437}, "datetime": {"datetime": "2021-09-19 17:22:42", "elapsed": 1071.827835, "delta": 0.703145}}
{"target": 0.9048156307867203, "params": {"C": 42.15454798195475, "epsilon": 11.045688080643743, "gamma": 0.07116246620048422, "lamda": 0.006779198780311378}, "datetime": {"datetime": "2021-09-19 17:22:42", "elapsed": 1072.499712, "delta": 0.671877}}
{"target": -2.4366926838365712, "params": {"C": 74.15823356083678, "epsilon": 13.022456610033048, "gamma": 0.07646076282891433, "lamda": 0.2178037970950662}, "datetime": {"datetime": "2021-09-19 17:22:53", "elapsed": 1083.379791, "delta": 10.880079}}
{"target": 0.9034390971345533, "params": {"C": 40.00496482234977, "epsilon": 13.665218067231773, "gamma": 0.06993183976468072, "lamda": 0.08575572670315175}, "datetime": {"datetime": "2021-09-19 17:22:54", "elapsed": 1084.082917, "delta": 0.703126}}
{"target": -3.2347226533777356, "params": {"C": 32.285497946021394, "epsilon": 7.663174018842957, "gamma": 0.0642725711932183, "lamda": 0.49842767102157615}, "datetime": {"datetime": "2021-09-19 17:23:09", "elapsed": 1098.91456, "delta": 14.831643}}
{"target": 0.8987065894961377, "params": {"C": 32.1497570497897, "epsilon": 7.753242299881189, "gamma": 0.08438138145679977, "lamda": 0.44519051499396867}, "datetime": {"datetime": "2021-09-19 17:23:10", "elapsed": 1099.637924, "delta": 0.723364}}
{"target": -2.070535210745241, "params": {"C": 97.43979608568014, "epsilon": 6.259262318278913, "gamma": 0.07748312389393547, "lamda": 0.6530118228077844}, "datetime": {"datetime": "2021-09-19 17:40:48", "elapsed": 0.0, "delta": 0.0}}
{"target": -3.6773808154854537, "params": {"C": 96.81471208349956, "epsilon": 9.303348210038742, "gamma": 0.06023243170189213, "lamda": 0.928925485977678}, "datetime": {"datetime": "2021-09-19 17:41:04", "elapsed": 16.063279, "delta": 16.063279}}
{"target": -2.9983254610389327, "params": {"C": 91.98618694698092, "epsilon": 8.668272751028667, "gamma": 0.08105669163846475, "lamda": 0.7937366843108447}, "datetime": {"datetime": "2021-09-19 17:41:13", "elapsed": 25.362457, "delta": 9.299178}}
{"target": -4.582007972506689, "params": {"C": 85.38319781379734, "epsilon": 11.135781212657465, "gamma": 0.059221993282345765, "lamda": 1.1780134549676193}, "datetime": {"datetime": "2021-09-19 17:41:28", "elapsed": 39.945464, "delta": 14.583007}}
{"target": -1.4879043756724832, "params": {"C": 114.15901170557956, "epsilon": 10.942368373819278, "gamma": 0.0923280742678734, "lamda": 0.11951423323974103}, "datetime": {"datetime": "2021-09-19 17:41:38", "elapsed": 49.791366, "delta": 9.845902}}
{"target": -2.3662908639783033, "params": {"C": 100.20984360486815, "epsilon": 6.652865043868781, "gamma": 0.07140611637986947, "lamda": 0.1448415469451358}, "datetime": {"datetime": "2021-09-19 17:41:48", "elapsed": 59.441022, "delta": 9.649656}}
{"target": -2.914787338385167, "params": {"C": 85.0863988680511, "epsilon": 11.967453089785959, "gamma": 0.061300600030211795, "lamda": 0.16046317918075895}, "datetime": {"datetime": "2021-09-19 17:42:05", "elapsed": 76.900254, "delta": 17.459232}}
{"target": -2.8055046928232077, "params": {"C": 88.8122482828224, "epsilon": 9.498262850032994, "gamma": 0.07338937422911501, "lamda": 0.3026547522361347}, "datetime": {"datetime": "2021-09-19 17:42:24", "elapsed": 95.396257, "delta": 18.496003}}
{"target": -1.7344595876773399, "params": {"C": 105.61626900859659, "epsilon": 10.830698355517516, "gamma": 0.07526183600092747, "lamda": 0.580369632045283}, "datetime": {"datetime": "2021-09-19 17:42:33", "elapsed": 105.27644, "delta": 9.880183}}
{"target": -4.811158522542803, "params": {"C": 111.74549817766308, "epsilon": 11.800041788778067, "gamma": 0.058114929925115695, "lamda": 1.051143482293404}, "datetime": {"datetime": "2021-09-19 17:42:50", "elapsed": 122.229993, "delta": 16.953553}}
{"target": -4.344997603236827, "params": {"C": 111.86165524153083, "epsilon": 11.12329627537342, "gamma": 0.06865066161861744, "lamda": 1.1804857149647945}, "datetime": {"datetime": "2021-09-19 17:43:06", "elapsed": 138.092696, "delta": 15.862703}}
{"target": 0.8969951779542246, "params": {"C": 115.08100999566777, "epsilon": 10.657615435544402, "gamma": 0.1, "lamda": 5e-05}, "datetime": {"datetime": "2021-09-19 17:43:07", "elapsed": 139.115002, "delta": 1.022306}}
{"target": 0.9048557055391435, "params": {"C": 115.59605711928491, "epsilon": 10.052288436331411, "gamma": 0.07380518012813998, "lamda": 5e-05}, "datetime": {"datetime": "2021-09-19 17:43:09", "elapsed": 140.530081, "delta": 1.415079}}
{"target": 0.8969629840180412, "params": {"C": 116.36230186299608, "epsilon": 11.297008145021477, "gamma": 0.1, "lamda": 5e-05}, "datetime": {"datetime": "2021-09-19 17:43:10", "elapsed": 141.506257, "delta": 0.976176}}
{"target": -3.6537705857817846, "params": {"C": 116.05813511036189, "epsilon": 10.507686031186573, "gamma": 0.07488755441062851, "lamda": 1.3816901107267978}, "datetime": {"datetime": "2021-09-19 17:43:26", "elapsed": 158.084875, "delta": 16.578618}}
{"target": 0.9041830120996306, "params": {"C": 115.63796571574584, "epsilon": 12.12511589041529, "gamma": 0.08365213448589512, "lamda": 0.004004261179008742}, "datetime": {"datetime": "2021-09-19 17:43:27", "elapsed": 159.103031, "delta": 1.018156}}
{"target": 0.8966864759891634, "params": {"C": 117.05475852611256, "epsilon": 13.061818949621685, "gamma": 0.1, "lamda": 5e-05}, "datetime": {"datetime": "2021-09-19 17:43:28", "elapsed": 159.941831, "delta": 0.8388}}
{"target": 0.896313784307219, "params": {"C": 116.01444675565362, "epsilon": 14.724364403906842, "gamma": 0.1, "lamda": 5e-05}, "datetime": {"datetime": "2021-09-19 17:43:29", "elapsed": 160.774558, "delta": 0.832727}}
{"target": 0.8963195267344645, "params": {"C": 118.1408413756139, "epsilon": 15.399004345554063, "gamma": 0.1, "lamda": 5e-05}, "datetime": {"datetime": "2021-09-19 17:43:30", "elapsed": 161.586324, "delta": 0.811766}}
{"target": -5.734082126683257, "params": {"C": 117.08070655640066, "epsilon": 15.953323348093623, "gamma": 0.07337021669571925, "lamda": 1.4447597007020128}, "datetime": {"datetime": "2021-09-19 17:43:46", "elapsed": 177.867691, "delta": 16.281367}}
{"target": 0.8966247697423331, "params": {"C": 118.83060186149241, "epsilon": 14.015999712318226, "gamma": 0.1, "lamda": 5e-05}, "datetime": {"datetime": "2021-09-19 17:43:47", "elapsed": 178.643388, "delta": 0.775697}}
{"target": 0.8948614410132938, "params": {"C": 120.0, "epsilon": 15.547554199959034, "gamma": 0.1, "lamda": 5e-05}, "datetime": {"datetime": "2021-09-19 17:43:48", "elapsed": 179.501769, "delta": 0.858381}}
{"target": -2.9149709171604425, "params": {"C": 119.62084309090474, "epsilon": 11.355248585644343, "gamma": 0.05396505127346992, "lamda": 0.11443640027139472}, "datetime": {"datetime": "2021-09-19 17:43:57", "elapsed": 188.916927, "delta": 9.415158}}
{"target": -1.5798005936745718, "params": {"C": 114.20576645013183, "epsilon": 14.808628985989465, "gamma": 0.07208581867136021, "lamda": 0.050739604759754725}, "datetime": {"datetime": "2021-09-19 17:44:07", "elapsed": 199.09177, "delta": 10.174843}}
{"target": -2.515117240623757, "params": {"C": 114.84311547834884, "epsilon": 7.328189099696023, "gamma": 0.05964498051218989, "lamda": 0.034880643641620156}, "datetime": {"datetime": "2021-09-19 17:44:17", "elapsed": 208.75181, "delta": 9.66004}}
{"target": -4.3017436260849875, "params": {"C": 120.0, "epsilon": 14.5315490379306, "gamma": 0.1, "lamda": 1.420794109366167}, "datetime": {"datetime": "2021-09-19 17:44:33", "elapsed": 224.409925, "delta": 15.658115}}
{"target": 0.9047587178250499, "params": {"C": 115.79448215312108, "epsilon": 13.561227208878275, "gamma": 0.05, "lamda": 5e-05}, "datetime": {"datetime": "2021-09-19 17:44:33", "elapsed": 225.158524, "delta": 0.748599}}
{"target": 0.8965665974867543, "params": {"C": 102.45955203302078, "epsilon": 16.0, "gamma": 0.1, "lamda": 5e-05}, "datetime": {"datetime": "2021-09-19 17:44:34", "elapsed": 225.912164, "delta": 0.75364}}
{"target": 0.9016249036068312, "params": {"C": 100.44868367342059, "epsilon": 16.0, "gamma": 0.05, "lamda": 5e-05}, "datetime": {"datetime": "2021-09-19 17:44:35", "elapsed": 226.851057, "delta": 0.938893}}
{"target": -4.551479656498364, "params": {"C": 101.5897937896663, "epsilon": 14.192633566132738, "gamma": 0.09627707180473119, "lamda": 1.0389373673865305}, "datetime": {"datetime": "2021-09-19 17:44:50", "elapsed": 241.606712, "delta": 14.755655}}
{"target": 0.9014622258341783, "params": {"C": 98.51236956956384, "epsilon": 16.0, "gamma": 0.05, "lamda": 5e-05}, "datetime": {"datetime": "2021-09-19 17:44:50", "elapsed": 242.343702, "delta": 0.73699}}
{"target": 0.8974273432186929, "params": {"C": 104.55153167059107, "epsilon": 16.0, "gamma": 0.05, "lamda": 5e-05}, "datetime": {"datetime": "2021-09-19 17:44:51", "elapsed": 243.106266, "delta": 0.762564}}
{"target": 0.8971456019938964, "params": {"C": 96.12865184077229, "epsilon": 16.0, "gamma": 0.1, "lamda": 5e-05}, "datetime": {"datetime": "2021-09-19 17:44:52", "elapsed": 243.81151, "delta": 0.705244}}
{"target": -5.858507013510471, "params": {"C": 96.90107876502529, "epsilon": 14.90132865043126, "gamma": 0.05, "lamda": 1.5}, "datetime": {"datetime": "2021-09-19 17:45:07", "elapsed": 259.004946, "delta": 15.193436}}
{"target": 0.896914171172505, "params": {"C": 94.33221524057024, "epsilon": 16.0, "gamma": 0.1, "lamda": 5e-05}, "datetime": {"datetime": "2021-09-19 17:45:08", "elapsed": 259.768953, "delta": 0.764007}}
{"target": -4.782155583183425, "params": {"C": 105.97870979306889, "epsilon": 16.0, "gamma": 0.1, "lamda": 1.5}, "datetime": {"datetime": "2021-09-19 17:45:23", "elapsed": 275.142076, "delta": 15.373123}}
{"target": 0.8977982895970235, "params": {"C": 92.38628820216647, "epsilon": 16.0, "gamma": 0.1, "lamda": 5e-05}, "datetime": {"datetime": "2021-09-19 17:45:24", "elapsed": 275.872724, "delta": 0.730648}}
{"target": 0.8977587619077589, "params": {"C": 93.06908439493826, "epsilon": 14.30786727518135, "gamma": 0.1, "lamda": 5e-05}, "datetime": {"datetime": "2021-09-19 17:45:25", "elapsed": 276.501723, "delta": 0.628999}}
{"target": -5.275793832907648, "params": {"C": 91.85488304479395, "epsilon": 14.78752515563048, "gamma": 0.060973391379730416, "lamda": 1.4274469471241893}, "datetime": {"datetime": "2021-09-19 17:45:39", "elapsed": 290.748484, "delta": 14.246761}}
{"target": 0.896938293196835, "params": {"C": 94.51720041786176, "epsilon": 14.445283837545484, "gamma": 0.1, "lamda": 5e-05}, "datetime": {"datetime": "2021-09-19 17:45:40", "elapsed": 291.513763, "delta": 0.765279}}
{"target": 0.8977492195607262, "params": {"C": 93.86648805244842, "epsilon": 12.713978707129252, "gamma": 0.1, "lamda": 5e-05}, "datetime": {"datetime": "2021-09-19 17:45:40", "elapsed": 292.264198, "delta": 0.750435}}
{"target": 0.8964831053017082, "params": {"C": 117.42186482568862, "epsilon": 14.288510165443316, "gamma": 0.1, "lamda": 5e-05}, "datetime": {"datetime": "2021-09-19 17:45:41", "elapsed": 292.909314, "delta": 0.645116}}
{"target": 0.8918965809478832, "params": {"C": 80.0, "epsilon": 16.0, "gamma": 0.1, "lamda": 5e-05}, "datetime": {"datetime": "2021-09-19 17:45:42", "elapsed": 293.53886, "delta": 0.629546}}
{"target": -4.595496801019788, "params": {"C": 80.0, "epsilon": 14.674086399386292, "gamma": 0.1, "lamda": 1.5}, "datetime": {"datetime": "2021-09-19 17:45:56", "elapsed": 307.670049, "delta": 14.131189}}
{"target": 0.891986800672342, "params": {"C": 81.87746916795297, "epsilon": 16.0, "gamma": 0.1, "lamda": 5e-05}, "datetime": {"datetime": "2021-09-19 17:45:57", "elapsed": 308.400568, "delta": 0.730519}}
{"target": 0.9082247218888281, "params": {"C": 83.90987378136738, "epsilon": 16.0, "gamma": 0.05, "lamda": 5e-05}, "datetime": {"datetime": "2021-09-19 17:45:57", "elapsed": 309.075945, "delta": 0.675377}}
{"target": -5.3792834677210735, "params": {"C": 85.59456663698997, "epsilon": 15.989155820423916, "gamma": 0.0682657527232609, "lamda": 1.0578506313392313}, "datetime": {"datetime": "2021-09-19 17:46:11", "elapsed": 323.2335, "delta": 14.157555}}
{"target": -1.4706774924228077, "params": {"C": 83.13034322581112, "epsilon": 14.627623583041707, "gamma": 0.0833782809110773, "lamda": 0.2228616737427307}, "datetime": {"datetime": "2021-09-19 17:46:20", "elapsed": 331.87485, "delta": 8.64135}}
{"target": -4.141792866300533, "params": {"C": 93.77475676338324, "epsilon": 11.439880279372161, "gamma": 0.055856745332760076, "lamda": 1.3334179693002948}, "datetime": {"datetime": "2021-09-19 17:46:34", "elapsed": 345.657704, "delta": 13.782854}}
{"target": -1.3228345368917238, "params": {"C": 103.88350373534028, "epsilon": 14.852410357742732, "gamma": 0.09537786276430801, "lamda": 0.10824406055212137}, "datetime": {"datetime": "2021-09-19 17:46:42", "elapsed": 354.27098, "delta": 8.613276}}
{"target": -6.0859954949546555, "params": {"C": 99.61539142964982, "epsilon": 16.0, "gamma": 0.05, "lamda": 1.2692963501089811}, "datetime": {"datetime": "2021-09-19 17:46:57", "elapsed": 368.461139, "delta": 14.190159}}
{"target": -4.257952079110903, "params": {"C": 116.30023444233814, "epsilon": 13.146698403606596, "gamma": 0.07947006977599641, "lamda": 1.3239355228250447}, "datetime": {"datetime": "2021-09-19 17:47:12", "elapsed": 383.648916, "delta": 15.187777}}
{"target": -4.566503289637601, "params": {"C": 93.79197979419065, "epsilon": 15.092974943322744, "gamma": 0.09423870249685878, "lamda": 0.7489442176913649}, "datetime": {"datetime": "2021-09-19 17:47:27", "elapsed": 398.485899, "delta": 14.836983}}
{"target": -3.196867041043725, "params": {"C": 94.37908141268173, "epsilon": 13.655765424981443, "gamma": 0.05800406201086363, "lamda": 0.10313718717818744}, "datetime": {"datetime": "2021-09-19 17:47:40", "elapsed": 412.292403, "delta": 13.806504}}
{"target": -1.486879785673382, "params": {"C": 112.1648345776992, "epsilon": 9.032672188335097, "gamma": 0.09871374075158826, "lamda": 1.0494139860667717}, "datetime": {"datetime": "2021-09-19 17:47:49", "elapsed": 421.055906, "delta": 8.763503}}
{"target": -4.213353746895573, "params": {"C": 116.1652904372683, "epsilon": 10.27645806830796, "gamma": 0.05999712228668788, "lamda": 0.7195704675665754}, "datetime": {"datetime": "2021-09-19 17:48:02", "elapsed": 434.093149, "delta": 13.037243}}
{"target": -2.0910511997376986, "params": {"C": 116.36290928879976, "epsilon": 7.707570474821559, "gamma": 0.0677413236792749, "lamda": 1.2256514795215199}, "datetime": {"datetime": "2021-09-19 17:48:11", "elapsed": 442.487304, "delta": 8.394155}}
{"target": -2.085679287658426, "params": {"C": 116.59850424588063, "epsilon": 14.094321816608502, "gamma": 0.06509660963281727, "lamda": 0.027613369289727}, "datetime": {"datetime": "2021-09-19 17:48:19", "elapsed": 451.049375, "delta": 8.562071}}
{"target": -3.7241422141190093, "params": {"C": 92.34405771483952, "epsilon": 15.931532257266383, "gamma": 0.06166704322026534, "lamda": 0.06594463265969527}, "datetime": {"datetime": "2021-09-19 17:48:34", "elapsed": 466.128852, "delta": 15.079477}}
{"target": -2.9356493446340504, "params": {"C": 104.70518092371213, "epsilon": 9.26134356407572, "gamma": 0.09528601401403372, "lamda": 1.142776139201501}, "datetime": {"datetime": "2021-09-19 17:48:40", "elapsed": 471.601378, "delta": 5.472526}}
{"target": -3.353149648396524, "params": {"C": 119.29393943026338, "epsilon": 13.86760470682562, "gamma": 0.06895943853633497, "lamda": 0.23093353608447878}, "datetime": {"datetime": "2021-09-19 17:48:48", "elapsed": 479.776235, "delta": 8.174857}}
{"target": -3.3912433565470375, "params": {"C": 84.68661065159168, "epsilon": 10.125434051120916, "gamma": 0.09163947156762536, "lamda": 1.2544941403419938}, "datetime": {"datetime": "2021-09-19 17:49:02", "elapsed": 493.636615, "delta": 13.86038}}
{"target": -1.3672783628395688, "params": {"C": 111.2558231025069, "epsilon": 7.4203290926280125, "gamma": 0.09218394431513255, "lamda": 1.074376296069138}, "datetime": {"datetime": "2021-09-19 17:49:11", "elapsed": 502.678877, "delta": 9.042262}}
{"target": -4.195762797122988, "params": {"C": 95.50177584977848, "epsilon": 11.800654311102178, "gamma": 0.06182499296692659, "lamda": 0.35088459161560576}, "datetime": {"datetime": "2021-09-19 17:49:20", "elapsed": 511.478703, "delta": 8.799826}}
{"target": -1.711125830963994, "params": {"C": 108.05451405565685, "epsilon": 8.015815157294904, "gamma": 0.06498531217370337, "lamda": 0.6122480853132155}, "datetime": {"datetime": "2021-09-19 17:49:28", "elapsed": 520.070237, "delta": 8.591534}}
{"target": -2.2595048624433822, "params": {"C": 118.02020907163282, "epsilon": 9.833606597144293, "gamma": 0.09180510239909481, "lamda": 0.6535708932680426}, "datetime": {"datetime": "2021-09-19 17:49:42", "elapsed": 534.291142, "delta": 14.220905}}
{"target": -1.5175989367673655, "params": {"C": 98.14506613046184, "epsilon": 11.820285972647891, "gamma": 0.08925867349100469, "lamda": 0.4994102217411235}, "datetime": {"datetime": "2021-09-19 17:49:51", "elapsed": 542.755763, "delta": 8.464621}}
{"target": -2.913070594092147, "params": {"C": 88.43728342342197, "epsilon": 8.170546782025074, "gamma": 0.07713549580591847, "lamda": 0.8088024544411392}, "datetime": {"datetime": "2021-09-19 17:49:59", "elapsed": 551.326626, "delta": 8.570863}}
{"target": -3.1829288561544518, "params": {"C": 103.34918714380244, "epsilon": 6.801245901292288, "gamma": 0.059822646526666245, "lamda": 1.3850872455146679}, "datetime": {"datetime": "2021-09-19 17:50:14", "elapsed": 565.420034, "delta": 14.093408}}
{"target": -1.259220051312313, "params": {"C": 100.20162033243687, "epsilon": 11.677032210126338, "gamma": 0.09009098140532029, "lamda": 0.845753124058902}, "datetime": {"datetime": "2021-09-19 17:50:22", "elapsed": 573.991022, "delta": 8.570988}}
