{"target": 0.4441433201442806, "params": {"C": 85.21257675055286, "epsilon": 0.4921386415900462, "gamma": 0.004184340144841998, "lamda": 0.3104473905971615}, "datetime": {"datetime": "2021-09-23 17:20:55", "elapsed": 198.463662, "delta": 2.464188}}
{"target": 0.3300928592848722, "params": {"C": 38.831191821789716, "epsilon": 0.41890354467725616, "gamma": 0.001, "lamda": 0.001}, "datetime": {"datetime": "2021-09-23 17:20:58", "elapsed": 200.891684, "delta": 2.428022}}
{"target": 0.365711749833017, "params": {"C": 84.388062829182, "epsilon": 0.36199876412809817, "gamma": 0.09144699301639397, "lamda": 0.5153804769414173}, "datetime": {"datetime": "2021-09-23 17:21:00", "elapsed": 203.0138, "delta": 2.122116}}
{"target": 0.19937431329028343, "params": {"C": 28.9005614885254, "epsilon": 0.09601035688329125, "gamma": 0.623411698520739, "lamda": 0.061372840465868335}, "datetime": {"datetime": "2021-09-23 17:21:01", "elapsed": 204.467819, "delta": 1.454019}}
{"target": 0.4414984344788194, "params": {"C": 84.39332841719163, "epsilon": 0.6296851616439931, "gamma": 0.01362401623734174, "lamda": 0.6093599219359441}, "datetime": {"datetime": "2021-09-23 17:21:02", "elapsed": 205.627228, "delta": 1.159409}}
{"target": 0.4128881802317459, "params": {"C": 17.049585598021075, "epsilon": 0.07907789855958841, "gamma": 0.005910027873074997, "lamda": 0.3437724485265323}, "datetime": {"datetime": "2021-09-23 17:21:05", "elapsed": 208.369773, "delta": 2.742545}}
{"target": 0.26735459480890233, "params": {"C": 77.61037906577147, "epsilon": 0.09846734313974637, "gamma": 0.5819697429435835, "lamda": 0.1538911799588798}, "datetime": {"datetime": "2021-09-23 17:21:07", "elapsed": 209.890235, "delta": 1.520462}}
{"target": 0.44548221339562666, "params": {"C": 16.912971360409898, "epsilon": 0.013876045884825945, "gamma": 0.04947935464459036, "lamda": 0.13641986882927032}, "datetime": {"datetime": "2021-09-23 17:21:10", "elapsed": 213.087171, "delta": 3.196936}}
{"target": 0.3232136841833141, "params": {"C": 20.91105894386835, "epsilon": 0.001, "gamma": 0.30366444934946146, "lamda": 0.7259996840480808}, "datetime": {"datetime": "2021-09-23 17:21:12", "elapsed": 215.460646, "delta": 2.373475}}
{"target": 0.3581576163997998, "params": {"C": 16.918898502743026, "epsilon": 0.016683099797136135, "gamma": 0.21793828246786331, "lamda": 0.19662270730174786}, "datetime": {"datetime": "2021-09-23 17:21:15", "elapsed": 217.792039, "delta": 2.331393}}
{"target": 0.19316698031992185, "params": {"C": 48.13594508426891, "epsilon": 0.7360193430875739, "gamma": 0.7780557255490864, "lamda": 0.5500782659852083}, "datetime": {"datetime": "2021-09-23 17:21:16", "elapsed": 219.318806, "delta": 1.526767}}
{"target": 0.13023719329719208, "params": {"C": 40.663882243037904, "epsilon": 0.11104139222157897, "gamma": 0.9891459677734511, "lamda": 0.5237888418367189}, "datetime": {"datetime": "2021-09-23 17:21:18", "elapsed": 220.790893, "delta": 1.472087}}
{"target": 0.3998094900154726, "params": {"C": 84.63046454668867, "epsilon": 0.5628405361732854, "gamma": 0.001, "lamda": 0.6252576923125353}, "datetime": {"datetime": "2021-09-23 17:21:20", "elapsed": 223.092149, "delta": 2.301256}}
{"target": 0.39242380939079147, "params": {"C": 74.30481443151392, "epsilon": 0.5716081062400862, "gamma": 0.001, "lamda": 0.4466294669344272}, "datetime": {"datetime": "2021-09-23 17:21:22", "elapsed": 225.634103, "delta": 2.541954}}
{"target": 0.13572701725068725, "params": {"C": 43.46453096071749, "epsilon": 0.11160067403298224, "gamma": 0.9813933368379109, "lamda": 0.9593999917874926}, "datetime": {"datetime": "2021-09-23 17:21:24", "elapsed": 226.843103, "delta": 1.209}}
{"target": 0.43901942924997306, "params": {"C": 84.2519860889346, "epsilon": 0.6329361130096143, "gamma": 0.0025091537540688634, "lamda": 0.837031850790743}, "datetime": {"datetime": "2021-09-23 17:21:33", "elapsed": 236.269718, "delta": 9.426615}}
{"target": 0.39564533545915737, "params": {"C": 74.75481990734254, "epsilon": 0.001, "gamma": 0.001, "lamda": 0.8189014877035077}, "datetime": {"datetime": "2021-09-23 17:21:38", "elapsed": 240.982638, "delta": 4.71292}}
{"target": 0.4011752512020681, "params": {"C": 85.18844616711249, "epsilon": 0.5679804515640766, "gamma": 0.001, "lamda": 0.5665758619191155}, "datetime": {"datetime": "2021-09-23 17:21:42", "elapsed": 244.76331, "delta": 3.780672}}
{"target": 0.3991182896555563, "params": {"C": 74.48351883156408, "epsilon": 0.15896901504017222, "gamma": 0.06230980189734887, "lamda": 0.6670913829977178}, "datetime": {"datetime": "2021-09-23 17:21:43", "elapsed": 246.400963, "delta": 1.637653}}
{"target": 0.12482811205115296, "params": {"C": 24.452153937711117, "epsilon": 0.30448991856982793, "gamma": 0.8265235086106525, "lamda": 0.709199220157046}, "datetime": {"datetime": "2021-09-23 17:21:46", "elapsed": 249.734038, "delta": 3.333075}}
{"target": 0.4484396678879061, "params": {"C": 20.672530703061618, "epsilon": 0.001, "gamma": 0.025751104341497855, "lamda": 1.0}, "datetime": {"datetime": "2021-09-23 17:21:52", "elapsed": 255.17662, "delta": 5.442582}}
{"target": 0.3222494061966963, "params": {"C": 58.76414257089102, "epsilon": 0.1673172167428243, "gamma": 0.21027910380587406, "lamda": 0.8608061736628818}, "datetime": {"datetime": "2021-09-23 17:21:56", "elapsed": 259.505323, "delta": 4.328703}}
{"target": 0.10061988335973238, "params": {"C": 28.828169477416164, "epsilon": 0.8701727322939828, "gamma": 0.9964407754821527, "lamda": 0.599012765945535}, "datetime": {"datetime": "2021-09-23 17:22:01", "elapsed": 263.867871, "delta": 4.362548}}
{"target": 0.40402927006180533, "params": {"C": 83.9493182538183, "epsilon": 0.7329028051855262, "gamma": 0.001, "lamda": 0.001}, "datetime": {"datetime": "2021-09-23 17:22:04", "elapsed": 267.488386, "delta": 3.620515}}
{"target": 0.23554358443586554, "params": {"C": 20.586340253842874, "epsilon": 0.001, "gamma": 0.001, "lamda": 0.7661853044005393}, "datetime": {"datetime": "2021-09-23 17:22:07", "elapsed": 270.147318, "delta": 2.658932}}
{"target": 0.43459702134883726, "params": {"C": 52.81264919070173, "epsilon": 0.255787217482847, "gamma": 0.02750111125775444, "lamda": 0.7408643742635063}, "datetime": {"datetime": "2021-09-23 17:22:12", "elapsed": 275.02083, "delta": 4.873512}}
{"target": 0.3558398895227922, "params": {"C": 21.143362013003085, "epsilon": 0.008037141396424472, "gamma": 0.23665514609129953, "lamda": 0.9490978187304897}, "datetime": {"datetime": "2021-09-23 17:22:15", "elapsed": 278.23075, "delta": 3.20992}}
{"target": 0.4231162452193685, "params": {"C": 52.613455357849226, "epsilon": 0.21678137862716387, "gamma": 0.04887840716112954, "lamda": 0.5507843775763235}, "datetime": {"datetime": "2021-09-23 17:22:18", "elapsed": 280.767378, "delta": 2.536628}}
{"target": 0.3646547311024756, "params": {"C": 52.84936167351531, "epsilon": 0.3749922288294759, "gamma": 0.001, "lamda": 0.4958266298832296}, "datetime": {"datetime": "2021-09-23 17:22:21", "elapsed": 284.727775, "delta": 3.960397}}
{"target": 0.4483840574708142, "params": {"C": 84.40401226877842, "epsilon": 0.5423833136226891, "gamma": 0.008795462585263234, "lamda": 0.9540433686959021}, "datetime": {"datetime": "2021-09-23 17:22:24", "elapsed": 287.522637, "delta": 2.794862}}
{"target": 0.08508394530327235, "params": {"C": 11.469762168431515, "epsilon": 0.8086132982945667, "gamma": 0.7280782771968057, "lamda": 0.008772369639495256}, "datetime": {"datetime": "2021-09-23 17:22:29", "elapsed": 292.61133, "delta": 5.088693}}
{"target": 0.3057637549429866, "params": {"C": 52.72469124499944, "epsilon": 0.32997823812766786, "gamma": 0.3657896690986608, "lamda": 0.7942396266090433}, "datetime": {"datetime": "2021-09-23 17:22:33", "elapsed": 296.51284, "delta": 3.90151}}
{"target": 0.3964817772392425, "params": {"C": 84.59081366726485, "epsilon": 0.3502610747755934, "gamma": 0.06436336282622197, "lamda": 0.9926969499485019}, "datetime": {"datetime": "2021-09-23 17:22:36", "elapsed": 299.425, "delta": 2.91216}}
{"target": 0.40635419351791846, "params": {"C": 20.820385214950907, "epsilon": 0.08967945061897413, "gamma": 0.12514415524348058, "lamda": 0.9885074364066109}, "datetime": {"datetime": "2021-09-23 17:22:40", "elapsed": 303.398087, "delta": 3.973087}}
{"target": 0.20383913652577212, "params": {"C": 93.29988689483598, "epsilon": 0.28460490193283344, "gamma": 0.8544302573830121, "lamda": 0.8759832259031811}, "datetime": {"datetime": "2021-09-23 17:22:43", "elapsed": 305.810145, "delta": 2.412058}}
{"target": 0.4008066928309596, "params": {"C": 84.294588081447, "epsilon": 0.3709167581467617, "gamma": 0.001, "lamda": 0.8242233449270188}, "datetime": {"datetime": "2021-09-23 17:22:44", "elapsed": 307.620221, "delta": 1.810076}}
{"target": 0.05171155255755888, "params": {"C": 7.286971147052734, "epsilon": 0.01506692475919922, "gamma": 0.751375006716959, "lamda": 0.5249556068443231}, "datetime": {"datetime": "2021-09-23 17:22:48", "elapsed": 311.135157, "delta": 3.514936}}
{"target": 0.29450476170684525, "params": {"C": 72.21851176968076, "epsilon": 0.27250904880833005, "gamma": 0.38732892521835627, "lamda": 0.8816423796496433}, "datetime": {"datetime": "2021-09-23 17:22:51", "elapsed": 313.766034, "delta": 2.630877}}
{"target": 0.36068815840697244, "params": {"C": 84.40133177222145, "epsilon": 0.795715348465031, "gamma": 0.15341711538101918, "lamda": 0.9787870037488796}, "datetime": {"datetime": "2021-09-23 17:22:55", "elapsed": 318.41944, "delta": 4.653406}}
{"target": 0.43248069947977197, "params": {"C": 52.61406205058672, "epsilon": 0.30453092951172456, "gamma": 0.034224997506891744, "lamda": 0.9192611664094574}, "datetime": {"datetime": "2021-09-23 17:22:59", "elapsed": 322.407519, "delta": 3.988079}}
{"target": 0.21220524183485556, "params": {"C": 81.021281251691, "epsilon": 0.30372165213756114, "gamma": 0.8081177854578299, "lamda": 0.9466990498457094}, "datetime": {"datetime": "2021-09-23 17:23:01", "elapsed": 323.755949, "delta": 1.34843}}
{"target": 0.34276291813294213, "params": {"C": 24.110902473351913, "epsilon": 0.05443320398972206, "gamma": 0.27401633266999875, "lamda": 0.1163716777231329}, "datetime": {"datetime": "2021-09-23 17:23:04", "elapsed": 326.96095, "delta": 3.205001}}
{"target": 0.34712537050181846, "params": {"C": 52.77406988087846, "epsilon": 0.03942296375138803, "gamma": 0.15648417774577333, "lamda": 0.8768775340587185}, "datetime": {"datetime": "2021-09-23 17:23:09", "elapsed": 331.846414, "delta": 4.885464}}
{"target": 0.3522076090986125, "params": {"C": 34.82063675609894, "epsilon": 0.6616953147492588, "gamma": 0.224092864044764, "lamda": 0.13292782822377275}, "datetime": {"datetime": "2021-09-23 17:23:11", "elapsed": 334.313943, "delta": 2.467529}}
{"target": 0.33416488114425225, "params": {"C": 84.61680582258762, "epsilon": 0.6417318047482876, "gamma": 0.13126243584185474, "lamda": 0.3563470814390734}, "datetime": {"datetime": "2021-09-23 17:23:14", "elapsed": 336.862524, "delta": 2.548581}}
{"target": 0.2399096706646131, "params": {"C": 29.233026344788403, "epsilon": 0.45300693966271477, "gamma": 0.5275175268996835, "lamda": 0.949476977172076}, "datetime": {"datetime": "2021-09-23 17:23:19", "elapsed": 341.770368, "delta": 4.907844}}
{"target": 0.4131262383566737, "params": {"C": 39.60917044822764, "epsilon": 0.06523430373433128, "gamma": 0.07867684457274704, "lamda": 0.5314733645557803}, "datetime": {"datetime": "2021-09-23 17:23:23", "elapsed": 345.939115, "delta": 4.168747}}
{"target": 0.3640802536680938, "params": {"C": 52.388075262545414, "epsilon": 0.2039025116501964, "gamma": 0.001, "lamda": 0.7663970341930729}, "datetime": {"datetime": "2021-09-23 17:23:28", "elapsed": 351.307384, "delta": 5.368269}}
{"target": 0.4078584074117684, "params": {"C": 65.49538596558061, "epsilon": 0.16306678190781804, "gamma": 0.06060405145450572, "lamda": 0.49749862720763993}, "datetime": {"datetime": "2021-09-23 17:23:32", "elapsed": 354.787545, "delta": 3.480161}}
{"target": 0.04039029820467632, "params": {"C": 4.222020129087021, "epsilon": 0.3680568655052753, "gamma": 0.654011816459679, "lamda": 0.7984496604688688}, "datetime": {"datetime": "2021-09-23 17:23:34", "elapsed": 356.760988, "delta": 1.973443}}
{"target": 0.40450370592738083, "params": {"C": 85.05749860023998, "epsilon": 0.19538350201524382, "gamma": 0.001, "lamda": 0.4529328146950667}, "datetime": {"datetime": "2021-09-23 17:23:38", "elapsed": 361.056392, "delta": 4.295404}}
{"target": 0.4419664462769628, "params": {"C": 52.80215903503896, "epsilon": 0.6122056489351037, "gamma": 0.02211968954979893, "lamda": 0.978007806262104}, "datetime": {"datetime": "2021-09-23 17:23:43", "elapsed": 366.526974, "delta": 5.470582}}
{"target": 0.400156386046872, "params": {"C": 52.84593994126077, "epsilon": 0.8671718913788837, "gamma": 0.08627662125184984, "lamda": 0.9631350283143277}, "datetime": {"datetime": "2021-09-23 17:23:47", "elapsed": 369.880133, "delta": 3.353159}}
{"target": 0.3978816824085173, "params": {"C": 52.68999852259916, "epsilon": 0.7397969875967537, "gamma": 0.08418014218606847, "lamda": 0.7238149615512788}, "datetime": {"datetime": "2021-09-23 17:23:49", "elapsed": 371.854201, "delta": 1.974068}}
{"target": 0.298269684543496, "params": {"C": 83.68249732235995, "epsilon": 0.9565815209331405, "gamma": 0.1979524847397316, "lamda": 0.008681838235709508}, "datetime": {"datetime": "2021-09-23 17:23:51", "elapsed": 374.206458, "delta": 2.352257}}
{"target": 0.4367072133093113, "params": {"C": 52.962442249384196, "epsilon": 0.5332468742562063, "gamma": 0.029805233035336637, "lamda": 0.8905695003649546}, "datetime": {"datetime": "2021-09-23 17:23:54", "elapsed": 376.93064, "delta": 2.724182}}
{"target": 0.42055424402220676, "params": {"C": 80.66585960593133, "epsilon": 0.6752455258697081, "gamma": 0.0439587468854161, "lamda": 0.861695390903792}, "datetime": {"datetime": "2021-09-23 17:23:55", "elapsed": 378.341213, "delta": 1.410573}}
{"target": 0.4061456094807967, "params": {"C": 39.552952334106216, "epsilon": 0.030953292566455577, "gamma": 0.08844283615407517, "lamda": 0.10346052131443094}, "datetime": {"datetime": "2021-09-23 17:23:57", "elapsed": 380.538042, "delta": 2.196829}}
{"target": 0.38501611940214053, "params": {"C": 65.3786400886709, "epsilon": 0.02752293373265057, "gamma": 0.001, "lamda": 0.20802617525911826}, "datetime": {"datetime": "2021-09-23 17:24:00", "elapsed": 383.306741, "delta": 2.768699}}
{"target": 0.36112699204663656, "params": {"C": 52.887524916304805, "epsilon": 0.3209132656094367, "gamma": 0.001, "lamda": 1.0}, "datetime": {"datetime": "2021-09-23 17:24:02", "elapsed": 385.730411, "delta": 2.42367}}
{"target": 0.36654157190029346, "params": {"C": 52.854113659790464, "epsilon": 0.862033304494079, "gamma": 0.14701100907812123, "lamda": 0.9758200647737906}, "datetime": {"datetime": "2021-09-23 17:24:04", "elapsed": 387.080504, "delta": 1.350093}}
{"target": 0.44720056603827096, "params": {"C": 52.47473567689076, "epsilon": 0.5388938672874065, "gamma": 0.009140313369296701, "lamda": 0.9453600995945508}, "datetime": {"datetime": "2021-09-23 17:24:06", "elapsed": 388.937961, "delta": 1.857457}}
{"target": 0.3307543603815314, "params": {"C": 65.60030560365104, "epsilon": 0.3540706414756444, "gamma": 0.16169618004619918, "lamda": 0.16906789467050443}, "datetime": {"datetime": "2021-09-23 17:24:08", "elapsed": 390.976696, "delta": 2.038735}}
{"target": 0.38994920632747043, "params": {"C": 52.39631433997937, "epsilon": 0.9463718341841464, "gamma": 0.10110317014343258, "lamda": 0.8512191081481291}, "datetime": {"datetime": "2021-09-23 17:24:10", "elapsed": 393.133132, "delta": 2.156436}}
{"target": 0.202264428137376, "params": {"C": 64.78969786616007, "epsilon": 0.07855039459747284, "gamma": 0.8305191860566253, "lamda": 0.6655399177244712}, "datetime": {"datetime": "2021-09-23 17:24:11", "elapsed": 394.411879, "delta": 1.278747}}
{"target": 0.15230688569570083, "params": {"C": 26.161241607978734, "epsilon": 0.18670580935158843, "gamma": 0.744920767921717, "lamda": 0.6966283029486046}, "datetime": {"datetime": "2021-09-23 17:24:13", "elapsed": 395.971472, "delta": 1.559593}}
{"target": 0.42456776990730105, "params": {"C": 9.581260676558486, "epsilon": 0.7699643235220889, "gamma": 0.09472164145655845, "lamda": 0.45734145956890637}, "datetime": {"datetime": "2021-09-23 17:24:14", "elapsed": 397.43244, "delta": 1.460968}}
{"target": 0.44578710940583877, "params": {"C": 9.34759314984203, "epsilon": 0.9513676104462837, "gamma": 0.03113885777473875, "lamda": 0.35643314873318854}, "datetime": {"datetime": "2021-09-23 17:24:17", "elapsed": 399.795737, "delta": 2.363297}}
{"target": 0.4481859558531257, "params": {"C": 9.508428006468332, "epsilon": 0.7364818409766123, "gamma": 0.035223836869763034, "lamda": 0.14005914566965727}, "datetime": {"datetime": "2021-09-23 17:24:19", "elapsed": 401.834522, "delta": 2.038785}}
{"target": 0.24820755219823554, "params": {"C": 9.432084989051866, "epsilon": 0.6761903719490673, "gamma": 0.31817282449362494, "lamda": 0.11227040924349685}, "datetime": {"datetime": "2021-09-23 17:24:21", "elapsed": 404.264647, "delta": 2.430125}}
{"target": 0.4465050815871263, "params": {"C": 9.834156794095856, "epsilon": 0.6137787144171638, "gamma": 0.04304142455881334, "lamda": 0.0314763399059322}, "datetime": {"datetime": "2021-09-23 17:24:23", "elapsed": 406.730722, "delta": 2.466075}}
{"target": 0.13281566007807777, "params": {"C": 9.711777284461883, "epsilon": 0.9077528652429384, "gamma": 0.001, "lamda": 0.20022374355977884}, "datetime": {"datetime": "2021-09-23 17:24:26", "elapsed": 408.903238, "delta": 2.172516}}
{"target": 0.08131360120681508, "params": {"C": 21.325086105403727, "epsilon": 0.4589336927844234, "gamma": 0.9884717264917958, "lamda": 0.9375466811568783}, "datetime": {"datetime": "2021-09-23 17:24:27", "elapsed": 410.164946, "delta": 1.261708}}
{"target": 0.2047944054736197, "params": {"C": 9.257274680520558, "epsilon": 0.7705701594942068, "gamma": 0.0018043959669493247, "lamda": 0.2375698450366965}, "datetime": {"datetime": "2021-09-23 17:24:29", "elapsed": 412.586777, "delta": 2.421831}}
{"target": 0.13196260638682078, "params": {"C": 9.617785948616424, "epsilon": 0.5047640960338906, "gamma": 0.001, "lamda": 0.09341152413947172}, "datetime": {"datetime": "2021-09-23 17:24:32", "elapsed": 415.153112, "delta": 2.566335}}
{"target": 0.3346179540080647, "params": {"C": 9.392147482942162, "epsilon": 0.9926493301414597, "gamma": 0.20902405490214307, "lamda": 0.3847547178010678}, "datetime": {"datetime": "2021-09-23 17:24:34", "elapsed": 417.690253, "delta": 2.537141}}
{"target": 0.3714146245811186, "params": {"C": 10.032468128575983, "epsilon": 0.5503046224988836, "gamma": 0.16359208669036368, "lamda": 0.06572696350342673}, "datetime": {"datetime": "2021-09-23 17:24:38", "elapsed": 420.934781, "delta": 3.244528}}
{"target": 0.3648419862805995, "params": {"C": 48.41912920140105, "epsilon": 0.76459567798872, "gamma": 0.13307989528591027, "lamda": 0.2024439941600165}, "datetime": {"datetime": "2021-09-23 17:24:41", "elapsed": 423.948716, "delta": 1.591962}}
{"target": 0.3330475548509886, "params": {"C": 39.73683443276493, "epsilon": 0.001, "gamma": 0.001, "lamda": 0.3025073329124618}, "datetime": {"datetime": "2021-09-23 17:24:44", "elapsed": 426.90502, "delta": 2.956304}}
{"target": 0.1290251175286231, "params": {"C": 9.408469715774181, "epsilon": 0.9188611288626711, "gamma": 0.001, "lamda": 0.5790864143279848}, "datetime": {"datetime": "2021-09-23 17:24:46", "elapsed": 429.38512, "delta": 2.4801}}
{"target": 0.2937545611681792, "params": {"C": 68.15814291914413, "epsilon": 0.46904222483969726, "gamma": 0.3852578700698186, "lamda": 0.026656158627791016}, "datetime": {"datetime": "2021-09-23 17:24:48", "elapsed": 430.762628, "delta": 1.377508}}
{"target": 0.20206651582081514, "params": {"C": 93.5884435433318, "epsilon": 0.5959710708228458, "gamma": 0.9056106539319165, "lamda": 0.06801805798201344}, "datetime": {"datetime": "2021-09-23 17:24:49", "elapsed": 432.155623, "delta": 1.392995}}
{"target": 0.3627496173878588, "params": {"C": 84.45189966371146, "epsilon": 0.5284935883951559, "gamma": 0.10131486897726316, "lamda": 0.7895999225232644}, "datetime": {"datetime": "2021-09-23 17:24:51", "elapsed": 434.660382, "delta": 2.504759}}
{"target": 0.31315587740224105, "params": {"C": 95.90705018521456, "epsilon": 0.743840339173068, "gamma": 0.27307072712683506, "lamda": 0.7321995028464036}, "datetime": {"datetime": "2021-09-23 17:24:53", "elapsed": 436.005382, "delta": 1.345}}
{"target": 0.4019520308773362, "params": {"C": 52.680434265538324, "epsilon": 0.005628616344059535, "gamma": 0.08155086394219208, "lamda": 0.5690910648616876}, "datetime": {"datetime": "2021-09-23 17:24:57", "elapsed": 440.541042, "delta": 4.53566}}
{"target": 0.012832649550698405, "params": {"C": 4.170948248539574, "epsilon": 0.9811414121263262, "gamma": 0.9595887134207446, "lamda": 0.12743860198047183}, "datetime": {"datetime": "2021-09-23 17:24:59", "elapsed": 442.193995, "delta": 1.652953}}
{"target": 0.43291139927176947, "params": {"C": 39.2391760562421, "epsilon": 0.05066157583391164, "gamma": 0.04331023107847931, "lamda": 0.30452133818463684}, "datetime": {"datetime": "2021-09-23 17:25:02", "elapsed": 445.667243, "delta": 3.473248}}
{"target": 0.3370420821615867, "params": {"C": 39.44110483361001, "epsilon": 0.049640562531978724, "gamma": 0.2621219294989595, "lamda": 0.3120416936472393}, "datetime": {"datetime": "2021-09-23 17:25:05", "elapsed": 448.307336, "delta": 2.640093}}
{"target": 0.44090409305988354, "params": {"C": 53.01251613400919, "epsilon": 0.7796598325700205, "gamma": 0.023994320937471954, "lamda": 0.771731376983047}, "datetime": {"datetime": "2021-09-23 17:25:09", "elapsed": 452.24243, "delta": 3.935094}}
