{"target": 0.4482619505635689, "params": {"C": 143.77431559512576, "epsilon": 0.6987562427882783, "gamma": 0.021471147146311157, "lamda": 0.8998689352047617}, "datetime": {"datetime": "2021-09-23 18:53:44", "elapsed": 497.978576, "delta": 3.358403}}
{"target": 0.4349124651833699, "params": {"C": 197.7091444460836, "epsilon": 0.9841224260904208, "gamma": 0.051117411673726715, "lamda": 0.8530946653985886}, "datetime": {"datetime": "2021-09-23 18:53:46", "elapsed": 499.852583, "delta": 1.874007}}
{"target": 0.4060050812993704, "params": {"C": 151.54521864100957, "epsilon": 0.6104984799189211, "gamma": 0.024739193857944843, "lamda": 0.0011147340727284958}, "datetime": {"datetime": "2021-09-23 18:53:48", "elapsed": 501.910155, "delta": 2.057572}}
{"target": 0.3984620566084882, "params": {"C": 132.46197216312828, "epsilon": 0.6620408628375352, "gamma": 0.06518620114678893, "lamda": 0.7115375372893488}, "datetime": {"datetime": "2021-09-23 18:53:51", "elapsed": 505.027698, "delta": 3.117543}}
{"target": 0.40556512911713316, "params": {"C": 126.09463146891505, "epsilon": 0.8104965811248673, "gamma": 0.0734865847517969, "lamda": 0.8155206843083425}, "datetime": {"datetime": "2021-09-23 18:53:54", "elapsed": 507.888881, "delta": 2.861183}}
{"target": 0.391538823526453, "params": {"C": 182.19602267451006, "epsilon": 0.8876350525688117, "gamma": 0.001, "lamda": 0.9121864510836536}, "datetime": {"datetime": "2021-09-23 18:53:58", "elapsed": 511.831486, "delta": 3.942605}}
{"target": 0.4183333294804048, "params": {"C": 187.80196575126848, "epsilon": 0.0934587787969349, "gamma": 0.0174117300986, "lamda": 0.7379680713037093}, "datetime": {"datetime": "2021-09-23 18:54:00", "elapsed": 513.859507, "delta": 2.028021}}
{"target": 0.4464266540117121, "params": {"C": 143.83513565249558, "epsilon": 0.7477565836328375, "gamma": 0.025327752577859495, "lamda": 0.858964077890712}, "datetime": {"datetime": "2021-09-23 18:54:03", "elapsed": 517.018906, "delta": 3.159399}}
{"target": 0.4413630149619836, "params": {"C": 182.21376818950216, "epsilon": 0.8266111798694253, "gamma": 0.04085947633422644, "lamda": 0.9162493431556367}, "datetime": {"datetime": "2021-09-23 18:54:05", "elapsed": 519.075103, "delta": 2.056197}}
{"target": 0.41611251023352547, "params": {"C": 169.21710399705643, "epsilon": 0.2648151819421721, "gamma": 0.018589779346318776, "lamda": 0.1431861244044741}, "datetime": {"datetime": "2021-09-23 18:54:07", "elapsed": 521.329887, "delta": 2.254784}}
{"target": 0.4380887794418249, "params": {"C": 133.2110791658419, "epsilon": 0.658496048071621, "gamma": 0.03300098360142105, "lamda": 0.9242159246750297}, "datetime": {"datetime": "2021-09-23 18:54:11", "elapsed": 524.529928, "delta": 3.200041}}
{"target": 0.43461327690183627, "params": {"C": 143.75136093850102, "epsilon": 0.6115128418068921, "gamma": 0.03554410936359562, "lamda": 0.9046888772575064}, "datetime": {"datetime": "2021-09-23 18:54:14", "elapsed": 527.64865, "delta": 3.118722}}
{"target": 0.4214765470156494, "params": {"C": 126.0408123571017, "epsilon": 0.728151933308088, "gamma": 0.046110142347923225, "lamda": 0.7300820688252404}, "datetime": {"datetime": "2021-09-23 18:54:17", "elapsed": 531.336491, "delta": 3.687841}}
{"target": 0.4335207136799758, "params": {"C": 176.90840143126582, "epsilon": 0.6224497049255068, "gamma": 0.001, "lamda": 0.41253524430447763}, "datetime": {"datetime": "2021-09-23 18:54:21", "elapsed": 534.614562, "delta": 3.278071}}
{"target": 0.447569464438783, "params": {"C": 182.08887972237983, "epsilon": 0.8761678677597825, "gamma": 0.004123790915984122, "lamda": 0.8751452738960713}, "datetime": {"datetime": "2021-09-23 18:54:25", "elapsed": 539.115508, "delta": 4.500946}}
{"target": 0.40728047694917047, "params": {"C": 186.6487281112931, "epsilon": 0.8651433236161216, "gamma": 0.07279868288486029, "lamda": 0.7173495636789119}, "datetime": {"datetime": "2021-09-23 18:54:29", "elapsed": 542.861883, "delta": 3.746375}}
{"target": 0.4342793475957357, "params": {"C": 191.83316801397686, "epsilon": 0.8827923270135501, "gamma": 0.045638949543821875, "lamda": 0.7230010799264304}, "datetime": {"datetime": "2021-09-23 18:54:34", "elapsed": 548.24173, "delta": 5.379847}}
{"target": 0.37798351639920924, "params": {"C": 151.93898125856433, "epsilon": 0.5462175790155132, "gamma": 0.057590132402230376, "lamda": 0.2676458063897157}, "datetime": {"datetime": "2021-09-23 18:54:37", "elapsed": 550.924791, "delta": 2.683061}}
{"target": 0.41957364486713045, "params": {"C": 186.82237403972798, "epsilon": 0.01836102966176332, "gamma": 0.013297874900289785, "lamda": 0.7726731843903797}, "datetime": {"datetime": "2021-09-23 18:54:40", "elapsed": 554.294381, "delta": 3.36959}}
{"target": 0.43702734780526054, "params": {"C": 143.66400749530908, "epsilon": 0.6280854684992513, "gamma": 0.02964515872190508, "lamda": 0.8227800003114826}, "datetime": {"datetime": "2021-09-23 18:54:44", "elapsed": 558.058081, "delta": 3.7637}}
{"target": 0.426400718535903, "params": {"C": 123.68745717034002, "epsilon": 0.4052224551039905, "gamma": 0.023542945028126906, "lamda": 0.5849169698925162}, "datetime": {"datetime": "2021-09-23 18:54:46", "elapsed": 559.972275, "delta": 1.914194}}
{"target": 0.4561750720229485, "params": {"C": 133.66576325922452, "epsilon": 0.9684245488032579, "gamma": 0.013283034736237903, "lamda": 0.9291990084554124}, "datetime": {"datetime": "2021-09-23 18:54:50", "elapsed": 563.787621, "delta": 3.815346}}
