{"target": 0.41584487118245583, "params": {"C": 56.21977410048044, "epsilon": 0.9078484327250765, "gamma": 0.059281990496715335, "lamda": 0.7609233906206317}, "datetime": {"datetime": "2021-09-23 18:34:05", "elapsed": 151.276328, "delta": 1.34394}}
{"target": 0.4400169433409, "params": {"C": 38.59592897479059, "epsilon": 0.9078189793002903, "gamma": 0.026097775030929766, "lamda": 0.3088436456197136}, "datetime": {"datetime": "2021-09-23 18:34:06", "elapsed": 152.192007, "delta": 0.915679}}
{"target": 0.422332614492839, "params": {"C": 67.82255615350405, "epsilon": 0.4268042687260419, "gamma": 0.042823413120608514, "lamda": 0.8246372875677207}, "datetime": {"datetime": "2021-09-23 18:34:07", "elapsed": 153.239793, "delta": 1.047786}}
{"target": 0.4473980486185116, "params": {"C": 27.648875711981198, "epsilon": 0.8744113058362588, "gamma": 0.01190462487159949, "lamda": 0.8411072592242941}, "datetime": {"datetime": "2021-09-23 18:34:08", "elapsed": 154.264399, "delta": 1.024606}}
{"target": 0.41994066756106563, "params": {"C": 63.754565064450176, "epsilon": 0.507537577236181, "gamma": 0.04560590868802945, "lamda": 0.2991336374386647}, "datetime": {"datetime": "2021-09-23 18:34:09", "elapsed": 155.238455, "delta": 0.974056}}
{"target": 0.4352269966115887, "params": {"C": 23.605344609986684, "epsilon": 0.11068850428616081, "gamma": 0.007408378269470535, "lamda": 0.062289573289798214}, "datetime": {"datetime": "2021-09-23 18:34:10", "elapsed": 156.434006, "delta": 1.195551}}
{"target": 0.4095499633727211, "params": {"C": 54.633156373076154, "epsilon": 0.8858982753821526, "gamma": 0.06250618856393218, "lamda": 0.22322697233410782}, "datetime": {"datetime": "2021-09-23 18:34:12", "elapsed": 157.775339, "delta": 1.341333}}
{"target": 0.41913473154790293, "params": {"C": 77.49711468277461, "epsilon": 0.6693892090852707, "gamma": 0.043701659146764944, "lamda": 0.7275769942234025}, "datetime": {"datetime": "2021-09-23 18:34:13", "elapsed": 158.86223, "delta": 1.086891}}
{"target": 0.44526014511574585, "params": {"C": 105.36802554992752, "epsilon": 0.34342797988388374, "gamma": 0.007261607859517751, "lamda": 0.9181976902399942}, "datetime": {"datetime": "2021-09-23 18:34:14", "elapsed": 159.738237, "delta": 0.876007}}
{"target": 0.44227978785182254, "params": {"C": 96.51226387345108, "epsilon": 0.28337124001979097, "gamma": 0.004126489043149299, "lamda": 0.2102762138139679}, "datetime": {"datetime": "2021-09-23 18:34:15", "elapsed": 160.854974, "delta": 1.116737}}
{"target": 0.42461137943807903, "params": {"C": 93.30523058787308, "epsilon": 0.13930085914459855, "gamma": 0.02130147586301434, "lamda": 0.04240965696797008}, "datetime": {"datetime": "2021-09-23 18:34:16", "elapsed": 162.425753, "delta": 1.570779}}
{"target": 0.4421208909190042, "params": {"C": 100.31751772548772, "epsilon": 0.29903952765326214, "gamma": 0.00645805006301005, "lamda": 0.37747698884690606}, "datetime": {"datetime": "2021-09-23 18:34:18", "elapsed": 163.880719, "delta": 1.454966}}
{"target": 0.36794744981588356, "params": {"C": 119.68767728215627, "epsilon": 0.212493936311303, "gamma": 0.0752645885401204, "lamda": 0.9910864766860599}, "datetime": {"datetime": "2021-09-23 18:34:19", "elapsed": 164.844749, "delta": 0.96403}}
{"target": 0.40208691844516464, "params": {"C": 114.93073366069166, "epsilon": 0.1257425907729654, "gamma": 0.04770889804935332, "lamda": 0.26487532230101013}, "datetime": {"datetime": "2021-09-23 18:34:20", "elapsed": 165.859714, "delta": 1.014965}}
{"target": 0.389388142925432, "params": {"C": 77.25407335665352, "epsilon": 0.45881898295696844, "gamma": 0.07061723662461235, "lamda": 0.5352212728634845}, "datetime": {"datetime": "2021-09-23 18:34:21", "elapsed": 166.931756, "delta": 1.072042}}
{"target": 0.4303703332317138, "params": {"C": 109.43262069708938, "epsilon": 0.386565405150006, "gamma": 0.014097872410799139, "lamda": 0.27256686544815684}, "datetime": {"datetime": "2021-09-23 18:34:22", "elapsed": 168.010709, "delta": 1.078953}}
{"target": 0.4339630407132664, "params": {"C": 52.61111682934962, "epsilon": 0.6111076883090618, "gamma": 0.034353194171147856, "lamda": 0.7498735712791376}, "datetime": {"datetime": "2021-09-23 18:34:23", "elapsed": 169.124715, "delta": 1.114006}}
{"target": 0.43784736500652, "params": {"C": 60.421297220254004, "epsilon": 0.8737980576957826, "gamma": 0.024155885376389213, "lamda": 0.5174293771739992}, "datetime": {"datetime": "2021-09-23 18:34:24", "elapsed": 170.50871, "delta": 1.383995}}
{"target": 0.38168284215095305, "params": {"C": 112.84213647637544, "epsilon": 0.5354052382485799, "gamma": 0.062249461246763914, "lamda": 0.27757155234778214}, "datetime": {"datetime": "2021-09-23 18:34:26", "elapsed": 171.954774, "delta": 1.446064}}
{"target": 0.43451270774245754, "params": {"C": 27.433341023426742, "epsilon": 0.4461776100996013, "gamma": 0.05386833765111929, "lamda": 0.3388740975642633}, "datetime": {"datetime": "2021-09-23 18:34:27", "elapsed": 173.042975, "delta": 1.088201}}
{"target": 0.442405736460163, "params": {"C": 43.90850050398248, "epsilon": 0.07457267862122391, "gamma": 0.005557798137275453, "lamda": 0.841320864981428}, "datetime": {"datetime": "2021-09-23 18:34:28", "elapsed": 174.199805, "delta": 1.15683}}
{"target": 0.424617746113893, "params": {"C": 79.91871509955993, "epsilon": 0.9614592825589651, "gamma": 0.03103633417985297, "lamda": 0.1514230440023485}, "datetime": {"datetime": "2021-09-23 18:34:30", "elapsed": 175.883971, "delta": 1.684166}}
{"target": 0.4425143938220659, "params": {"C": 32.054932612122904, "epsilon": 0.4224287558957587, "gamma": 0.02351627543234096, "lamda": 0.2258442594690058}, "datetime": {"datetime": "2021-09-23 18:34:31", "elapsed": 176.979665, "delta": 1.095694}}
{"target": 0.43855374558704574, "params": {"C": 109.11746811573684, "epsilon": 0.6196567823024752, "gamma": 0.008913737991027706, "lamda": 0.032849864341383046}, "datetime": {"datetime": "2021-09-23 18:34:32", "elapsed": 178.311101, "delta": 1.331436}}
{"target": 0.40488545507733464, "params": {"C": 59.29372729212462, "epsilon": 0.9563573564208371, "gamma": 0.07298719621591498, "lamda": 0.7494846249638472}, "datetime": {"datetime": "2021-09-23 18:34:33", "elapsed": 179.355253, "delta": 1.044152}}
{"target": 0.43251350244020503, "params": {"C": 94.50237077589209, "epsilon": 0.7046651500409061, "gamma": 0.033715374868651365, "lamda": 0.9272981005249696}, "datetime": {"datetime": "2021-09-23 18:34:34", "elapsed": 180.535406, "delta": 1.180153}}
{"target": 0.3764847876658176, "params": {"C": 114.660554149734, "epsilon": 0.2013059672597089, "gamma": 0.0661443601773692, "lamda": 0.004982743334298202}, "datetime": {"datetime": "2021-09-23 18:34:37", "elapsed": 182.632041, "delta": 2.096635}}
{"target": 0.4460950360982455, "params": {"C": 117.37954484726, "epsilon": 0.6116038672840522, "gamma": 0.005640472715570256, "lamda": 0.4822634785051248}, "datetime": {"datetime": "2021-09-23 18:34:38", "elapsed": 184.094044, "delta": 1.462003}}
{"target": 0.4415162939526991, "params": {"C": 44.29591733747978, "epsilon": 0.3949460408607995, "gamma": 0.005257325755270368, "lamda": 0.35163928355998436}, "datetime": {"datetime": "2021-09-23 18:34:39", "elapsed": 185.229043, "delta": 1.134999}}
{"target": 0.42067794199690234, "params": {"C": 34.158337606442316, "epsilon": 0.728952130989493, "gamma": 0.07196217752511896, "lamda": 0.18092099726293057}, "datetime": {"datetime": "2021-09-23 18:34:41", "elapsed": 186.659049, "delta": 1.430006}}
{"target": 0.4089049659056154, "params": {"C": 110.65855936662163, "epsilon": 0.5291542536984523, "gamma": 0.05194071497993375, "lamda": 0.8922875378130037}, "datetime": {"datetime": "2021-09-23 18:34:42", "elapsed": 187.789083, "delta": 1.130034}}
{"target": 0.4502703752979097, "params": {"C": 109.64552692804553, "epsilon": 0.9883283161458245, "gamma": 0.007859172706059214, "lamda": 0.7402650233377505}, "datetime": {"datetime": "2021-09-23 18:34:43", "elapsed": 188.887041, "delta": 1.097958}}
{"target": 0.41729946756797087, "params": {"C": 44.23704961112028, "epsilon": 0.48106166437538295, "gamma": 0.06111702168060095, "lamda": 0.7101963622977222}, "datetime": {"datetime": "2021-09-23 18:34:44", "elapsed": 189.91408, "delta": 1.027039}}
{"target": 0.42368798675113173, "params": {"C": 76.93806835609651, "epsilon": 0.03158536264338958, "gamma": 0.03313868528859087, "lamda": 0.9125352543774674}, "datetime": {"datetime": "2021-09-23 18:34:45", "elapsed": 191.086966, "delta": 1.172886}}
{"target": 0.4440932438057593, "params": {"C": 25.220353876668895, "epsilon": 0.6583020130931556, "gamma": 0.030709600048663736, "lamda": 0.898091992953687}, "datetime": {"datetime": "2021-09-23 18:34:46", "elapsed": 192.173235, "delta": 1.086269}}
{"target": 0.43173831255562023, "params": {"C": 64.40780276607595, "epsilon": 0.6459910159017342, "gamma": 0.03225925348851912, "lamda": 0.6649040965480989}, "datetime": {"datetime": "2021-09-23 18:34:47", "elapsed": 193.243367, "delta": 1.070132}}
{"target": 0.44492203457800905, "params": {"C": 116.94882712254565, "epsilon": 0.6735797599930727, "gamma": 0.007893121815990537, "lamda": 0.46093933543023935}, "datetime": {"datetime": "2021-09-23 18:34:48", "elapsed": 194.212409, "delta": 0.969042}}
{"target": 0.42339708841317714, "params": {"C": 70.33619686712379, "epsilon": 0.2460477638659848, "gamma": 0.03756072054719469, "lamda": 0.6274310568388257}, "datetime": {"datetime": "2021-09-23 18:34:49", "elapsed": 195.552028, "delta": 1.339619}}
{"target": 0.4309364816930584, "params": {"C": 33.35995101698251, "epsilon": 0.9744188669974213, "gamma": 0.05150419429874075, "lamda": 0.47896718431865626}, "datetime": {"datetime": "2021-09-23 18:34:51", "elapsed": 196.995717, "delta": 1.443689}}
{"target": 0.43570799793322157, "params": {"C": 39.31664793879825, "epsilon": 0.0807534271483108, "gamma": 0.03414700564958945, "lamda": 0.48954121878703544}, "datetime": {"datetime": "2021-09-23 18:34:52", "elapsed": 198.471331, "delta": 1.475614}}
{"target": 0.4432000056213339, "params": {"C": 99.31400510309136, "epsilon": 0.9266974475138937, "gamma": 0.003139759906919162, "lamda": 0.12151164451167343}, "datetime": {"datetime": "2021-09-23 18:34:54", "elapsed": 199.663928, "delta": 1.192597}}
{"target": 0.42082763078897034, "params": {"C": 43.31106565587243, "epsilon": 0.8061718825529381, "gamma": 0.05880279190318667, "lamda": 0.5415237979458895}, "datetime": {"datetime": "2021-09-23 18:34:55", "elapsed": 200.69384, "delta": 1.029912}}
{"target": 0.4016782447294732, "params": {"C": 91.31681087842183, "epsilon": 0.755612244269403, "gamma": 0.07675931772511069, "lamda": 0.9246469784205169}, "datetime": {"datetime": "2021-09-23 18:34:55", "elapsed": 201.591961, "delta": 0.898121}}
{"target": 0.4378954608034725, "params": {"C": 42.681463153682955, "epsilon": 0.37821837623374016, "gamma": 0.030062278249713338, "lamda": 0.9185707149090424}, "datetime": {"datetime": "2021-09-23 18:34:56", "elapsed": 202.553234, "delta": 0.961273}}
{"target": 0.4363864881417019, "params": {"C": 50.84317448033429, "epsilon": 0.08181311227771457, "gamma": 0.021853298994010693, "lamda": 0.5524707674331639}, "datetime": {"datetime": "2021-09-23 18:34:58", "elapsed": 203.731589, "delta": 1.178355}}
{"target": 0.4439032390557742, "params": {"C": 54.23865006503314, "epsilon": 0.19695590730510054, "gamma": 0.007698299620251127, "lamda": 0.384440840958807}, "datetime": {"datetime": "2021-09-23 18:34:59", "elapsed": 204.684679, "delta": 0.95309}}
{"target": 0.4252139125424734, "params": {"C": 57.84689494447533, "epsilon": 0.0977926698473678, "gamma": 0.0020711055662625912, "lamda": 0.7073209027502514}, "datetime": {"datetime": "2021-09-23 18:35:00", "elapsed": 205.642012, "delta": 0.957333}}
{"target": 0.4415088509189814, "params": {"C": 97.48728543301321, "epsilon": 0.11747288710724807, "gamma": 0.0025180472698757258, "lamda": 0.9306743892351342}, "datetime": {"datetime": "2021-09-23 18:35:01", "elapsed": 206.726307, "delta": 1.084295}}
{"target": 0.44568637124054833, "params": {"C": 49.031777627947704, "epsilon": 0.49862282173313227, "gamma": 0.012508425655722674, "lamda": 0.004325275751240525}, "datetime": {"datetime": "2021-09-23 18:35:02", "elapsed": 208.047528, "delta": 1.321221}}
{"target": 0.4220452736911181, "params": {"C": 51.81278201673181, "epsilon": 0.9046540912112503, "gamma": 0.050224729422788036, "lamda": 0.3792778818505202}, "datetime": {"datetime": "2021-09-23 18:35:03", "elapsed": 209.367133, "delta": 1.319605}}
{"target": 0.43951278667042226, "params": {"C": 119.32012299586526, "epsilon": 0.106026533576396, "gamma": 0.001703414635844848, "lamda": 0.5570978525880093}, "datetime": {"datetime": "2021-09-23 18:35:04", "elapsed": 210.306175, "delta": 0.939042}}
{"target": 0.37446468953772394, "params": {"C": 86.91305360335741, "epsilon": 0.3444633043848051, "gamma": 0.07872898746258625, "lamda": 0.4041885160148}, "datetime": {"datetime": "2021-09-23 18:35:05", "elapsed": 211.287066, "delta": 0.980891}}
{"target": 0.3791644158914935, "params": {"C": 87.63014740893314, "epsilon": 0.1577054376169889, "gamma": 0.07355970705406903, "lamda": 0.49997672184208075}, "datetime": {"datetime": "2021-09-23 18:35:06", "elapsed": 212.494338, "delta": 1.207272}}
{"target": 0.42653436701607794, "params": {"C": 84.85488752142827, "epsilon": 0.13498433853824715, "gamma": 0.02572056665203977, "lamda": 0.6540226181033537}, "datetime": {"datetime": "2021-09-23 18:35:08", "elapsed": 213.647043, "delta": 1.152705}}
{"target": 0.40403327905359676, "params": {"C": 98.01098815601347, "epsilon": 0.1639210319510457, "gamma": 0.05120061175885935, "lamda": 0.2404580896652504}, "datetime": {"datetime": "2021-09-23 18:35:09", "elapsed": 214.659599, "delta": 1.012556}}
{"target": 0.4109620231712824, "params": {"C": 36.67501417756657, "epsilon": 0.48345158064926963, "gamma": 0.07862924032486544, "lamda": 0.933320103701032}, "datetime": {"datetime": "2021-09-23 18:35:10", "elapsed": 215.663421, "delta": 1.003822}}
{"target": 0.37252575007095245, "params": {"C": 101.57588861679062, "epsilon": 0.914958174121287, "gamma": 0.07451668406660909, "lamda": 0.16757956632658447}, "datetime": {"datetime": "2021-09-23 18:35:11", "elapsed": 217.294996, "delta": 1.631575}}
{"target": 0.4023886308752578, "params": {"C": 54.36463801383582, "epsilon": 0.4749734375603259, "gamma": 0.07293013824829615, "lamda": 0.8291439042379447}, "datetime": {"datetime": "2021-09-23 18:35:12", "elapsed": 218.231501, "delta": 0.936505}}
{"target": 0.39492157469262457, "params": {"C": 61.71844756330868, "epsilon": 0.8419437436750042, "gamma": 0.0739073822696238, "lamda": 0.279499156400849}, "datetime": {"datetime": "2021-09-23 18:35:13", "elapsed": 219.626041, "delta": 1.39454}}
{"target": 0.3835006277526922, "params": {"C": 90.7621445092782, "epsilon": 0.3084897766880455, "gamma": 0.07398014125075235, "lamda": 0.9045296431961954}, "datetime": {"datetime": "2021-09-23 18:35:14", "elapsed": 220.591649, "delta": 0.965608}}
{"target": 0.3982706692720569, "params": {"C": 64.84963903724092, "epsilon": 0.25235064384567085, "gamma": 0.07495151229086679, "lamda": 0.1004037628242562}, "datetime": {"datetime": "2021-09-23 18:35:16", "elapsed": 222.16306, "delta": 1.571411}}
{"target": 0.43717606046434176, "params": {"C": 86.65979215390169, "epsilon": 0.9925052624066515, "gamma": 0.038012570895089096, "lamda": 0.8595380668067597}, "datetime": {"datetime": "2021-09-23 18:35:17", "elapsed": 223.286837, "delta": 1.123777}}
{"target": 0.42331342813662054, "params": {"C": 49.23723135352765, "epsilon": 0.15934893057388336, "gamma": 0.05062580822517529, "lamda": 0.44952262799755377}, "datetime": {"datetime": "2021-09-23 18:35:19", "elapsed": 224.749834, "delta": 1.462997}}
{"target": 0.3784300308807076, "params": {"C": 89.67820572023548, "epsilon": 0.35799009359891326, "gamma": 0.07545259340084953, "lamda": 0.5901583715029589}, "datetime": {"datetime": "2021-09-23 18:35:20", "elapsed": 225.863834, "delta": 1.114}}
{"target": 0.4373737866119024, "params": {"C": 60.31297751132858, "epsilon": 0.5115662806339425, "gamma": 0.02599092457117509, "lamda": 0.9705148881149162}, "datetime": {"datetime": "2021-09-23 18:35:21", "elapsed": 226.866595, "delta": 1.002761}}
{"target": 0.44584579192771845, "params": {"C": 44.869064530366884, "epsilon": 0.7749510719143478, "gamma": 0.00975928525244258, "lamda": 0.4434686157455494}, "datetime": {"datetime": "2021-09-23 18:35:22", "elapsed": 228.43155, "delta": 1.564955}}
{"target": 0.4247101179926005, "params": {"C": 53.9705535118075, "epsilon": 0.061069855466015725, "gamma": 0.04315900393300665, "lamda": 0.553656699243923}, "datetime": {"datetime": "2021-09-23 18:35:24", "elapsed": 229.667559, "delta": 1.236009}}
{"target": 0.4274573877646597, "params": {"C": 64.99065790104878, "epsilon": 0.08196243514950231, "gamma": 0.03192526357614861, "lamda": 0.5044315128629595}, "datetime": {"datetime": "2021-09-23 18:35:25", "elapsed": 230.722597, "delta": 1.055038}}
{"target": 0.39729402402044245, "params": {"C": 98.7150950570909, "epsilon": 0.46712505603189725, "gamma": 0.05538871236570906, "lamda": 0.508312681254316}, "datetime": {"datetime": "2021-09-23 18:35:26", "elapsed": 231.835263, "delta": 1.112666}}
{"target": 0.40099875474913027, "params": {"C": 118.87007718023519, "epsilon": 0.019514913058345042, "gamma": 0.05164597863794309, "lamda": 0.015845259252334244}, "datetime": {"datetime": "2021-09-23 18:35:27", "elapsed": 233.195214, "delta": 1.359951}}
{"target": 0.382531198940383, "params": {"C": 119.25516681783307, "epsilon": 0.6607413190525743, "gamma": 0.06627632339556026, "lamda": 0.47482486230368504}, "datetime": {"datetime": "2021-09-23 18:35:29", "elapsed": 234.720222, "delta": 1.525008}}
{"target": 0.4248103706808941, "params": {"C": 50.78129272120825, "epsilon": 0.7928054575583474, "gamma": 0.04632771054240988, "lamda": 0.37275552012935026}, "datetime": {"datetime": "2021-09-23 18:35:30", "elapsed": 235.842563, "delta": 1.122341}}
{"target": 0.4426507160148392, "params": {"C": 33.775469356340054, "epsilon": 0.26761733213984357, "gamma": 0.006850827978416712, "lamda": 0.903951676078295}, "datetime": {"datetime": "2021-09-23 18:35:31", "elapsed": 237.132527, "delta": 1.289964}}
{"target": 0.4451180095658993, "params": {"C": 21.66336870402621, "epsilon": 0.6123250007669123, "gamma": 0.013317699903377864, "lamda": 0.5894125925786077}, "datetime": {"datetime": "2021-09-23 18:35:32", "elapsed": 238.278564, "delta": 1.146037}}
{"target": 0.4487848352299778, "params": {"C": 119.34371325043999, "epsilon": 0.9396706309005123, "gamma": 0.0050767657967963915, "lamda": 0.8111392750089714}, "datetime": {"datetime": "2021-09-23 18:35:33", "elapsed": 239.52892, "delta": 1.250356}}
{"target": 0.43752645321912076, "params": {"C": 36.92515539369201, "epsilon": 0.6441580500893678, "gamma": 0.03301955927818714, "lamda": 0.3028475781466275}, "datetime": {"datetime": "2021-09-23 18:35:35", "elapsed": 240.920218, "delta": 1.391298}}
{"target": 0.3853216010658227, "params": {"C": 109.76798226714361, "epsilon": 0.4871581740623754, "gamma": 0.05819948163080158, "lamda": 0.22597226869321682}, "datetime": {"datetime": "2021-09-23 18:35:36", "elapsed": 242.170799, "delta": 1.250581}}
{"target": 0.43471136598753246, "params": {"C": 39.85501522794472, "epsilon": 0.9506910307357008, "gamma": 0.035768633764037244, "lamda": 0.17070547300356484}, "datetime": {"datetime": "2021-09-23 18:35:37", "elapsed": 243.555785, "delta": 1.384986}}
{"target": 0.40873832649321207, "params": {"C": 87.77732583524539, "epsilon": 0.9541706662410544, "gamma": 0.06839255720278695, "lamda": 0.7482041234550806}, "datetime": {"datetime": "2021-09-23 18:35:39", "elapsed": 244.669649, "delta": 1.113864}}
{"target": 0.40593264993747236, "params": {"C": 63.99826188206991, "epsilon": 0.44865320597983227, "gamma": 0.060580852415217726, "lamda": 0.5951514705726088}, "datetime": {"datetime": "2021-09-23 18:35:40", "elapsed": 245.746976, "delta": 1.077327}}
{"target": 0.4237352199738902, "params": {"C": 36.189569670181655, "epsilon": 0.403271402870041, "gamma": 0.06319778011443097, "lamda": 0.29204953965545705}, "datetime": {"datetime": "2021-09-23 18:35:41", "elapsed": 247.09597, "delta": 1.348994}}
{"target": 0.43958558628280786, "params": {"C": 96.04850916915224, "epsilon": 0.9008355051660224, "gamma": 0.01466027515638271, "lamda": 0.3918811017125835}, "datetime": {"datetime": "2021-09-23 18:35:42", "elapsed": 248.587008, "delta": 1.491038}}
{"target": 0.3639436695968358, "params": {"C": 108.12564372327739, "epsilon": 0.2751133040210508, "gamma": 0.07827870702597282, "lamda": 0.36140617080665255}, "datetime": {"datetime": "2021-09-23 18:35:44", "elapsed": 250.079037, "delta": 1.492029}}
{"target": 0.3989215483941988, "params": {"C": 118.44039503197362, "epsilon": 0.3560103085408733, "gamma": 0.048361253544210225, "lamda": 0.5821952727389921}, "datetime": {"datetime": "2021-09-23 18:35:45", "elapsed": 251.550617, "delta": 1.47158}}
{"target": 0.39247370465863574, "params": {"C": 71.71078080344171, "epsilon": 0.6776654380727544, "gamma": 0.07041997175575056, "lamda": 0.16847369536973744}, "datetime": {"datetime": "2021-09-23 18:35:47", "elapsed": 252.770632, "delta": 1.220015}}
{"target": 0.43776916753243267, "params": {"C": 59.783610017827634, "epsilon": 0.4094411704655767, "gamma": 0.019027712567144008, "lamda": 0.6508208927740691}, "datetime": {"datetime": "2021-09-23 18:35:48", "elapsed": 254.15368, "delta": 1.383048}}
{"target": 0.41469475749543394, "params": {"C": 78.87081201936307, "epsilon": 0.9585255153139497, "gamma": 0.04512265645288801, "lamda": 0.24391617221463058}, "datetime": {"datetime": "2021-09-23 18:35:50", "elapsed": 255.773679, "delta": 1.619999}}
{"target": 0.41852310764708867, "params": {"C": 69.94151550511201, "epsilon": 0.652124017862715, "gamma": 0.04690204739455653, "lamda": 0.7792256295612844}, "datetime": {"datetime": "2021-09-23 18:35:51", "elapsed": 256.970681, "delta": 1.197002}}
