{"target": 0.44896593917212413, "params": {"C": 132.4755991356739, "epsilon": 0.6915403590545245, "gamma": 0.007731090015695252, "lamda": 0.7585969921891718}, "datetime": {"datetime": "2021-09-23 18:45:51", "elapsed": 25.359133, "delta": 0.589832}}
{"target": 0.4500244718682159, "params": {"C": 132.2589142091628, "epsilon": 0.9937725317330803, "gamma": 0.03101656107503559, "lamda": 0.9276061779620599}, "datetime": {"datetime": "2021-09-23 18:45:52", "elapsed": 25.927557, "delta": 0.568424}}
{"target": 0.42135763336842535, "params": {"C": 132.43177839335794, "epsilon": 0.9715749250733061, "gamma": 0.053153893769149474, "lamda": 0.6367134808753278}, "datetime": {"datetime": "2021-09-23 18:45:53", "elapsed": 26.635514, "delta": 0.707957}}
{"target": 0.44938158833513486, "params": {"C": 132.16642209338312, "epsilon": 0.6620193969289132, "gamma": 0.01196952098191905, "lamda": 0.8895115625998317}, "datetime": {"datetime": "2021-09-23 18:45:53", "elapsed": 27.149181, "delta": 0.513667}}
{"target": 0.43986959487953536, "params": {"C": 132.5812616667471, "epsilon": 0.5328205498798176, "gamma": 0.023382815314719023, "lamda": 0.9828726105632087}, "datetime": {"datetime": "2021-09-23 18:45:54", "elapsed": 27.782613, "delta": 0.633432}}
{"target": 0.441859207965449, "params": {"C": 131.91815984867918, "epsilon": 0.9398051978179303, "gamma": 0.037101332252472925, "lamda": 0.8037270728146787}, "datetime": {"datetime": "2021-09-23 18:45:55", "elapsed": 28.483607, "delta": 0.700994}}
{"target": 0.3978985556609249, "params": {"C": 133.6234928284413, "epsilon": 0.8942150095734033, "gamma": 0.06831969240899265, "lamda": 0.5574251542888676}, "datetime": {"datetime": "2021-09-23 18:45:55", "elapsed": 29.062612, "delta": 0.579005}}
{"target": 0.41202471548617736, "params": {"C": 132.19404901275027, "epsilon": 0.4787221691557018, "gamma": 0.03597967518898145, "lamda": 0.5510732441520036}, "datetime": {"datetime": "2021-09-23 18:45:56", "elapsed": 29.608837, "delta": 0.546225}}
{"target": 0.4142315407333692, "params": {"C": 136.75601140989303, "epsilon": 0.4587673059633182, "gamma": 0.001, "lamda": 1.0}, "datetime": {"datetime": "2021-09-23 18:45:56", "elapsed": 30.405573, "delta": 0.796736}}
{"target": 0.4002198071786377, "params": {"C": 131.83036263438, "epsilon": 0.6675233283735418, "gamma": 0.001, "lamda": 1.0}, "datetime": {"datetime": "2021-09-23 18:45:57", "elapsed": 31.154303, "delta": 0.74873}}
{"target": 0.4150791057566744, "params": {"C": 132.32715119863886, "epsilon": 0.8369089265840098, "gamma": 0.07288381349821513, "lamda": 0.9508414128547102}, "datetime": {"datetime": "2021-09-23 18:45:58", "elapsed": 31.651386, "delta": 0.497083}}
{"target": 0.4452994700707521, "params": {"C": 132.75816648276898, "epsilon": 0.8371284841612394, "gamma": 0.02844718322047277, "lamda": 0.8351082752472436}, "datetime": {"datetime": "2021-09-23 18:45:58", "elapsed": 32.332519, "delta": 0.681133}}
{"target": 0.4400741882945014, "params": {"C": 132.08512901247715, "epsilon": 0.8672254071289939, "gamma": 0.02868315386095828, "lamda": 0.6812032471893663}, "datetime": {"datetime": "2021-09-23 18:45:59", "elapsed": 33.109351, "delta": 0.776832}}
{"target": 0.39464332566972615, "params": {"C": 177.74821241052348, "epsilon": 0.7024527455200192, "gamma": 0.0470902265227513, "lamda": 0.35108209508898225}, "datetime": {"datetime": "2021-09-23 18:46:00", "elapsed": 33.585489, "delta": 0.476138}}
{"target": 0.42505633407183263, "params": {"C": 141.63527580239827, "epsilon": 0.3148963291159063, "gamma": 0.015941001683075693, "lamda": 0.32529212906745886}, "datetime": {"datetime": "2021-09-23 18:46:00", "elapsed": 34.179335, "delta": 0.593846}}
{"target": 0.4222796515593149, "params": {"C": 132.68926883541056, "epsilon": 0.5667285786696169, "gamma": 0.03186113919970229, "lamda": 0.6814554614618635}, "datetime": {"datetime": "2021-09-23 18:46:01", "elapsed": 34.755342, "delta": 0.576007}}
{"target": 0.447975123017756, "params": {"C": 132.28193369676703, "epsilon": 0.46155340683796675, "gamma": 0.008539128573673439, "lamda": 0.9851957174274439}, "datetime": {"datetime": "2021-09-23 18:46:01", "elapsed": 35.302367, "delta": 0.547025}}
{"target": 0.43889609550637876, "params": {"C": 182.7970657307276, "epsilon": 0.18286997665801896, "gamma": 0.0052644944511954245, "lamda": 0.056288024943030895}, "datetime": {"datetime": "2021-09-23 18:46:02", "elapsed": 35.909039, "delta": 0.606672}}
{"target": 0.4540596791831497, "params": {"C": 132.04175753208705, "epsilon": 0.9898638833131095, "gamma": 0.024256472308995608, "lamda": 0.9806854766445148}, "datetime": {"datetime": "2021-09-23 18:46:03", "elapsed": 36.680683, "delta": 0.771644}}
{"target": 0.44326841069609, "params": {"C": 124.38548918222286, "epsilon": 0.5490045475975622, "gamma": 0.0020591504944309966, "lamda": 0.5616207075879777}, "datetime": {"datetime": "2021-09-23 18:46:04", "elapsed": 37.445444, "delta": 0.764761}}
{"target": 0.36643178662787, "params": {"C": 124.1726494471904, "epsilon": 0.6864396258319941, "gamma": 0.0760212241896887, "lamda": 0.33662366961472573}, "datetime": {"datetime": "2021-09-23 18:46:04", "elapsed": 38.021577, "delta": 0.576133}}
{"target": 0.33362648843790466, "params": {"C": 188.31934787234894, "epsilon": 0.05005278036889727, "gamma": 0.07506299206085876, "lamda": 0.8710563142330484}, "datetime": {"datetime": "2021-09-23 18:46:05", "elapsed": 38.527575, "delta": 0.505998}}
{"target": 0.44580777846962105, "params": {"C": 129.5420966103579, "epsilon": 0.44140250959461835, "gamma": 0.00248817624570027, "lamda": 0.6877167339690847}, "datetime": {"datetime": "2021-09-23 18:46:05", "elapsed": 38.973575, "delta": 0.446}}
{"target": 0.4042528587336258, "params": {"C": 124.18190107940927, "epsilon": 0.31750572788934034, "gamma": 0.043501771542511086, "lamda": 0.7686065263815148}, "datetime": {"datetime": "2021-09-23 18:46:06", "elapsed": 39.610446, "delta": 0.636871}}
{"target": 0.4393653876593635, "params": {"C": 124.22277066078864, "epsilon": 0.16914419774259049, "gamma": 0.007234201465163098, "lamda": 0.33607626125565}, "datetime": {"datetime": "2021-09-23 18:46:06", "elapsed": 40.288391, "delta": 0.677945}}
{"target": 0.39389841609764764, "params": {"C": 150.4223582551137, "epsilon": 0.7351853607092531, "gamma": 0.04919570141085096, "lamda": 0.3061952486869013}, "datetime": {"datetime": "2021-09-23 18:46:07", "elapsed": 40.805262, "delta": 0.516871}}
{"target": 0.4340723982813566, "params": {"C": 124.59999624427309, "epsilon": 0.32470335933205674, "gamma": 0.00937610169085382, "lamda": 0.3749325493435253}, "datetime": {"datetime": "2021-09-23 18:46:08", "elapsed": 41.548791, "delta": 0.743529}}
{"target": 0.42491540805077654, "params": {"C": 173.29722041481085, "epsilon": 0.8268056970838964, "gamma": 0.0127093645349265, "lamda": 0.10898451047761454}, "datetime": {"datetime": "2021-09-23 18:46:08", "elapsed": 42.185648, "delta": 0.636857}}
{"target": 0.4464252002215301, "params": {"C": 142.22704804618897, "epsilon": 0.8499794463042285, "gamma": 0.017961275619015685, "lamda": 0.6534661846813481}, "datetime": {"datetime": "2021-09-23 18:46:09", "elapsed": 42.654659, "delta": 0.469011}}
{"target": 0.42253877438073106, "params": {"C": 129.75474744057257, "epsilon": 0.6410221040483314, "gamma": 0.028337425618594352, "lamda": 0.4950293481005638}, "datetime": {"datetime": "2021-09-23 18:46:09", "elapsed": 43.123653, "delta": 0.468994}}
{"target": 0.43871787547475183, "params": {"C": 123.88643915258514, "epsilon": 0.21631558168143053, "gamma": 0.0014556000970679657, "lamda": 0.3848433122221446}, "datetime": {"datetime": "2021-09-23 18:46:10", "elapsed": 43.777261, "delta": 0.653608}}
{"target": 0.4078008118496381, "params": {"C": 141.93888783171977, "epsilon": 0.8552158169587153, "gamma": 0.001, "lamda": 0.6749637997098665}, "datetime": {"datetime": "2021-09-23 18:46:11", "elapsed": 44.787452, "delta": 1.010191}}
{"target": 0.4403298748012473, "params": {"C": 142.49688164465869, "epsilon": 0.8910037384830218, "gamma": 0.02967016167543591, "lamda": 0.6587835961546239}, "datetime": {"datetime": "2021-09-23 18:46:12", "elapsed": 45.548795, "delta": 0.761343}}
{"target": 0.4122626605245928, "params": {"C": 186.75066506226267, "epsilon": 0.2798234260008564, "gamma": 0.02252329407439659, "lamda": 0.18371313656940183}, "datetime": {"datetime": "2021-09-23 18:46:12", "elapsed": 46.261795, "delta": 0.713}}
{"target": 0.44617974842038, "params": {"C": 142.34831110801608, "epsilon": 0.6864800585912653, "gamma": 0.020478805479413376, "lamda": 0.843273671448425}, "datetime": {"datetime": "2021-09-23 18:46:13", "elapsed": 47.088799, "delta": 0.827004}}
{"target": 0.38769413910597705, "params": {"C": 129.31665872130702, "epsilon": 0.5269150312874, "gamma": 0.07201230061878304, "lamda": 0.8221945330618463}, "datetime": {"datetime": "2021-09-23 18:46:14", "elapsed": 47.642806, "delta": 0.554007}}
{"target": 0.3784676131587821, "params": {"C": 129.66847268632844, "epsilon": 0.22015706075226896, "gamma": 0.0608423595928809, "lamda": 0.6619461568248123}, "datetime": {"datetime": "2021-09-23 18:46:14", "elapsed": 48.2338, "delta": 0.590994}}
{"target": 0.40581868628130147, "params": {"C": 128.98856593018996, "epsilon": 0.07109710954571101, "gamma": 0.036703700955138065, "lamda": 0.2826401757348667}, "datetime": {"datetime": "2021-09-23 18:46:15", "elapsed": 48.93784, "delta": 0.70404}}
{"target": 0.37190960489383584, "params": {"C": 142.32421635054405, "epsilon": 0.6787749411853704, "gamma": 0.07626357065136588, "lamda": 0.5113475325204154}, "datetime": {"datetime": "2021-09-23 18:46:16", "elapsed": 49.756801, "delta": 0.818961}}
{"target": 0.4054364611935738, "params": {"C": 178.79162185739648, "epsilon": 0.7473815692406643, "gamma": 0.02847279714287733, "lamda": 0.04147039497849873}, "datetime": {"datetime": "2021-09-23 18:46:17", "elapsed": 50.472832, "delta": 0.716031}}
{"target": 0.39916682612499566, "params": {"C": 136.4821740435887, "epsilon": 0.6883167237449881, "gamma": 0.001, "lamda": 1.0}, "datetime": {"datetime": "2021-09-23 18:46:18", "elapsed": 51.517798, "delta": 1.044966}}
{"target": 0.3962520082762142, "params": {"C": 142.32663451620434, "epsilon": 0.8997002865542243, "gamma": 0.001, "lamda": 0.8177584154267992}, "datetime": {"datetime": "2021-09-23 18:46:19", "elapsed": 52.424796, "delta": 0.906998}}
{"target": 0.45106226038519803, "params": {"C": 132.6576172683415, "epsilon": 0.7484847337838133, "gamma": 0.01786260566220363, "lamda": 0.9171107493885012}, "datetime": {"datetime": "2021-09-23 18:46:19", "elapsed": 53.142797, "delta": 0.718001}}
{"target": 0.41754965301234426, "params": {"C": 159.4823720412292, "epsilon": 0.2102910559849512, "gamma": 0.025189632552842955, "lamda": 0.6003470678272885}, "datetime": {"datetime": "2021-09-23 18:46:20", "elapsed": 53.621807, "delta": 0.47901}}
{"target": 0.4044030206957089, "params": {"C": 128.3088591975504, "epsilon": 0.05274859045886495, "gamma": 0.039991204771167695, "lamda": 0.20812702808327174}, "datetime": {"datetime": "2021-09-23 18:46:20", "elapsed": 54.226799, "delta": 0.604992}}
{"target": 0.4430154001864989, "params": {"C": 132.16047239384534, "epsilon": 0.9834083547862964, "gamma": 0.034957618501243584, "lamda": 0.7609681972145672}, "datetime": {"datetime": "2021-09-23 18:46:21", "elapsed": 54.882805, "delta": 0.656006}}
{"target": 0.4206919362014555, "params": {"C": 124.36314218639544, "epsilon": 0.2817643636512882, "gamma": 0.02485852445993338, "lamda": 0.4269798316532047}, "datetime": {"datetime": "2021-09-23 18:46:22", "elapsed": 55.582801, "delta": 0.699996}}
{"target": 0.37762307809156537, "params": {"C": 164.46470168314926, "epsilon": 0.06720905701159363, "gamma": 0.052680881681393496, "lamda": 0.06700486029956132}, "datetime": {"datetime": "2021-09-23 18:46:22", "elapsed": 56.208807, "delta": 0.626006}}
{"target": 0.44914011421978606, "params": {"C": 132.43458412795596, "epsilon": 0.5646106761311747, "gamma": 0.00659838002790958, "lamda": 0.8874135782537588}, "datetime": {"datetime": "2021-09-23 18:46:23", "elapsed": 56.948841, "delta": 0.740034}}
{"target": 0.3933111928856191, "params": {"C": 132.09094122818573, "epsilon": 0.858523332303131, "gamma": 0.001, "lamda": 0.8887244507035724}, "datetime": {"datetime": "2021-09-23 18:46:24", "elapsed": 57.876838, "delta": 0.927997}}
{"target": 0.43860101485502245, "params": {"C": 132.6886546228751, "epsilon": 0.9100845131034979, "gamma": 0.04708194952525308, "lamda": 0.9668164666095075}, "datetime": {"datetime": "2021-09-23 18:46:25", "elapsed": 58.731164, "delta": 0.854326}}
{"target": 0.3804191916101689, "params": {"C": 124.77747823548125, "epsilon": 0.38176399917809334, "gamma": 0.07232265097749746, "lamda": 0.997590049171951}, "datetime": {"datetime": "2021-09-23 18:46:25", "elapsed": 59.258546, "delta": 0.527382}}
{"target": 0.4343175109916415, "params": {"C": 131.93763135802067, "epsilon": 0.9271474877586511, "gamma": 0.04689558727546147, "lamda": 0.8051735721803822}, "datetime": {"datetime": "2021-09-23 18:46:26", "elapsed": 59.795117, "delta": 0.536571}}
{"target": 0.3618015976256841, "params": {"C": 187.96785734198465, "epsilon": 0.370154736441895, "gamma": 0.055861968641905915, "lamda": 0.10608622603055907}, "datetime": {"datetime": "2021-09-23 18:46:26", "elapsed": 60.38412, "delta": 0.589003}}
{"target": 0.4273021514823159, "params": {"C": 132.44950561423423, "epsilon": 0.9658910296866784, "gamma": 0.047593896134087224, "lamda": 0.658443038238391}, "datetime": {"datetime": "2021-09-23 18:46:27", "elapsed": 60.928743, "delta": 0.544623}}
{"target": 0.4104070422142355, "params": {"C": 132.26541654348102, "epsilon": 0.571088317124285, "gamma": 0.055589603637878286, "lamda": 0.8674980946006771}, "datetime": {"datetime": "2021-09-23 18:46:28", "elapsed": 61.9613, "delta": 1.032557}}
{"target": 0.363636612793671, "params": {"C": 194.74420889295394, "epsilon": 0.08441948071245901, "gamma": 0.05267846666713942, "lamda": 0.30706394975375517}, "datetime": {"datetime": "2021-09-23 18:46:29", "elapsed": 62.543304, "delta": 0.582004}}
{"target": 0.4150963084718272, "params": {"C": 132.6036372884925, "epsilon": 0.718281731452352, "gamma": 0.058486835191645034, "lamda": 0.8251600663868967}, "datetime": {"datetime": "2021-09-23 18:46:29", "elapsed": 63.341299, "delta": 0.797995}}
{"target": 0.4560637247158943, "params": {"C": 182.13458938482, "epsilon": 0.9345005950883062, "gamma": 0.01715855182544914, "lamda": 0.9251897569528954}, "datetime": {"datetime": "2021-09-23 18:46:30", "elapsed": 64.06582, "delta": 0.724521}}
{"target": 0.4179950109964302, "params": {"C": 132.4315504390765, "epsilon": 0.39799516744734675, "gamma": 0.036585707233914334, "lamda": 0.9653452182845871}, "datetime": {"datetime": "2021-09-23 18:46:31", "elapsed": 64.897819, "delta": 0.831999}}
{"target": 0.41090182240584117, "params": {"C": 182.16308889451955, "epsilon": 0.9886498599019853, "gamma": 0.07747329536172343, "lamda": 0.7896110506250068}, "datetime": {"datetime": "2021-09-23 18:46:32", "elapsed": 65.539818, "delta": 0.641999}}
{"target": 0.3935925888459241, "params": {"C": 152.9179531464066, "epsilon": 0.8082875694214983, "gamma": 0.04542344909969971, "lamda": 0.18894035686060212}, "datetime": {"datetime": "2021-09-23 18:46:32", "elapsed": 66.184915, "delta": 0.645097}}
{"target": 0.4158476958172722, "params": {"C": 132.59854784099088, "epsilon": 0.9594718850916875, "gamma": 0.07056494161573001, "lamda": 0.8020481238878001}, "datetime": {"datetime": "2021-09-23 18:46:33", "elapsed": 67.010527, "delta": 0.825612}}
{"target": 0.3964307129232595, "params": {"C": 124.04792783111334, "epsilon": 0.31908732992542677, "gamma": 0.04781434149706352, "lamda": 0.49383071116264654}, "datetime": {"datetime": "2021-09-23 18:46:34", "elapsed": 67.89354, "delta": 0.883013}}
{"target": 0.43845388381257167, "params": {"C": 182.14362343806613, "epsilon": 0.8518860795694694, "gamma": 0.045176942561736155, "lamda": 0.9163622275651886}, "datetime": {"datetime": "2021-09-23 18:46:35", "elapsed": 68.60354, "delta": 0.71}}
{"target": 0.3944263570236296, "params": {"C": 132.77522205353327, "epsilon": 0.7722836344547724, "gamma": 0.001, "lamda": 0.9680520553282903}, "datetime": {"datetime": "2021-09-23 18:46:36", "elapsed": 69.597575, "delta": 0.994035}}
{"target": 0.40908085958569573, "params": {"C": 161.24198903866085, "epsilon": 0.5271296285388397, "gamma": 0.05577174523352745, "lamda": 0.8527085875041028}, "datetime": {"datetime": "2021-09-23 18:46:36", "elapsed": 70.141545, "delta": 0.54397}}
{"target": 0.39646455494443444, "params": {"C": 139.25530468671894, "epsilon": 0.8035392882369734, "gamma": 0.04841080416220972, "lamda": 0.2928268436600224}, "datetime": {"datetime": "2021-09-23 18:46:37", "elapsed": 70.739586, "delta": 0.598041}}
{"target": 0.44513643262039415, "params": {"C": 176.98201051156238, "epsilon": 0.6206463655325622, "gamma": 0.006715505620109732, "lamda": 0.43063590805693286}, "datetime": {"datetime": "2021-09-23 18:46:37", "elapsed": 71.408538, "delta": 0.668952}}
{"target": 0.400606827260081, "params": {"C": 157.89988705885239, "epsilon": 0.24166898384032617, "gamma": 0.03938325731078517, "lamda": 0.6704033453656363}, "datetime": {"datetime": "2021-09-23 18:46:38", "elapsed": 71.961575, "delta": 0.553037}}
{"target": 0.44140105410089236, "params": {"C": 181.12057072664703, "epsilon": 0.9525579914187, "gamma": 0.003069297044502216, "lamda": 0.038294367864317946}, "datetime": {"datetime": "2021-09-23 18:46:39", "elapsed": 72.760141, "delta": 0.798566}}
{"target": 0.41453027445052226, "params": {"C": 123.59503940713722, "epsilon": 0.3201700460979639, "gamma": 0.033202457993155673, "lamda": 0.4403785913463188}, "datetime": {"datetime": "2021-09-23 18:46:39", "elapsed": 73.411162, "delta": 0.651021}}
{"target": 0.41503771516960997, "params": {"C": 133.49863113241722, "epsilon": 0.9862491818721761, "gamma": 0.07833352596604816, "lamda": 0.9214695888105009}, "datetime": {"datetime": "2021-09-23 18:46:40", "elapsed": 74.171137, "delta": 0.759975}}
{"target": 0.4226292391693294, "params": {"C": 132.31219363929836, "epsilon": 0.8617917057304862, "gamma": 0.06476234629065851, "lamda": 0.9467112128630093}, "datetime": {"datetime": "2021-09-23 18:46:41", "elapsed": 74.687178, "delta": 0.516041}}
{"target": 0.3869311740644623, "params": {"C": 136.22210502226258, "epsilon": 0.07657473335976057, "gamma": 0.054449388152609385, "lamda": 0.21051983292670642}, "datetime": {"datetime": "2021-09-23 18:46:41", "elapsed": 75.316179, "delta": 0.629001}}
{"target": 0.45642843865506655, "params": {"C": 182.244790348554, "epsilon": 0.9282850349315925, "gamma": 0.0160729978374279, "lamda": 0.9969114699958046}, "datetime": {"datetime": "2021-09-23 18:46:42", "elapsed": 75.987146, "delta": 0.670967}}
{"target": 0.39508738137635246, "params": {"C": 132.54973408156877, "epsilon": 0.7567626688934941, "gamma": 0.001, "lamda": 0.9755750221390647}, "datetime": {"datetime": "2021-09-23 18:46:43", "elapsed": 77.038141, "delta": 1.050995}}
{"target": 0.3384291458266442, "params": {"C": 179.18279108557732, "epsilon": 0.3460983958712087, "gamma": 0.07378374907838452, "lamda": 0.09570434187167393}, "datetime": {"datetime": "2021-09-23 18:46:44", "elapsed": 77.754144, "delta": 0.716003}}
{"target": 0.40884261436065517, "params": {"C": 179.02030733656866, "epsilon": 0.04591959557907669, "gamma": 0.02024699894840012, "lamda": 0.14122321477412123}, "datetime": {"datetime": "2021-09-23 18:46:45", "elapsed": 78.454689, "delta": 0.700545}}
{"target": 0.420486199077698, "params": {"C": 136.5850645033618, "epsilon": 0.9033109498888994, "gamma": 0.06619836692412986, "lamda": 0.8733790523766796}, "datetime": {"datetime": "2021-09-23 18:46:45", "elapsed": 79.191654, "delta": 0.736965}}
{"target": 0.4197311762931951, "params": {"C": 182.28528086189922, "epsilon": 0.8675409476570431, "gamma": 0.0680210058634762, "lamda": 0.9184133957940444}, "datetime": {"datetime": "2021-09-23 18:46:46", "elapsed": 80.205099, "delta": 1.013445}}
{"target": 0.4540727139487638, "params": {"C": 182.02879797139713, "epsilon": 0.9774047976576865, "gamma": 0.00869518628240782, "lamda": 0.9876184317483445}, "datetime": {"datetime": "2021-09-23 18:46:47", "elapsed": 81.030918, "delta": 0.825819}}
{"target": 0.42009118463333095, "params": {"C": 181.93868509954356, "epsilon": 0.9025563226009224, "gamma": 0.06977868177118617, "lamda": 0.948542855866703}, "datetime": {"datetime": "2021-09-23 18:46:48", "elapsed": 81.768339, "delta": 0.737421}}
{"target": 0.4330704421035695, "params": {"C": 132.63581475460342, "epsilon": 0.8270186178253719, "gamma": 0.04544516910981317, "lamda": 0.8468563623620868}, "datetime": {"datetime": "2021-09-23 18:46:49", "elapsed": 82.701541, "delta": 0.933202}}
{"target": 0.4461859012790964, "params": {"C": 124.33730701110824, "epsilon": 0.368700496955721, "gamma": 0.0029259234347481194, "lamda": 0.7688636019579105}, "datetime": {"datetime": "2021-09-23 18:46:49", "elapsed": 83.309534, "delta": 0.607993}}
{"target": 0.40397735150597847, "params": {"C": 124.37015171244725, "epsilon": 0.49602340272973083, "gamma": 0.04887626518366888, "lamda": 0.7289601465078072}, "datetime": {"datetime": "2021-09-23 18:46:50", "elapsed": 84.228243, "delta": 0.918709}}
{"target": 0.3502963579756382, "params": {"C": 171.44658059032608, "epsilon": 0.6519442003564528, "gamma": 0.07302668599631304, "lamda": 0.23639907711364522}, "datetime": {"datetime": "2021-09-23 18:46:51", "elapsed": 84.895251, "delta": 0.667008}}
{"target": 0.4310476148744322, "params": {"C": 132.34844260634236, "epsilon": 0.987736691322499, "gamma": 0.053756495814662866, "lamda": 0.8075777139710483}, "datetime": {"datetime": "2021-09-23 18:46:52", "elapsed": 85.641836, "delta": 0.746585}}
{"target": 0.42323154472301516, "params": {"C": 124.25078886814875, "epsilon": 0.4711307437974852, "gamma": 0.001, "lamda": 0.5062479223382965}, "datetime": {"datetime": "2021-09-23 18:46:53", "elapsed": 86.569183, "delta": 0.927347}}
