{"target": 0.41559856075339807, "params": {"C": 132.3972174001291, "epsilon": 0.965992779869595, "gamma": 0.0017677904823126002, "lamda": 0.9845783140197912}, "datetime": {"datetime": "2021-09-23 18:46:53", "elapsed": 87.376152, "delta": 0.806969}}
{"target": 0.42662687890022166, "params": {"C": 176.9890580227676, "epsilon": 0.614276236143153, "gamma": 0.02296484654201318, "lamda": 0.4841954005140399}, "datetime": {"datetime": "2021-09-23 18:46:54", "elapsed": 88.047521, "delta": 0.671369}}
{"target": 0.4189447135314427, "params": {"C": 133.68018868076123, "epsilon": 0.9129740456274847, "gamma": 0.0730301648916149, "lamda": 0.9834316304943327}, "datetime": {"datetime": "2021-09-23 18:46:55", "elapsed": 88.949559, "delta": 0.902038}}
{"target": 0.44912664188409246, "params": {"C": 132.50326146103936, "epsilon": 0.6107317465399194, "gamma": 0.006747061234105992, "lamda": 0.8320796337436839}, "datetime": {"datetime": "2021-09-23 18:46:56", "elapsed": 89.844358, "delta": 0.894799}}
{"target": 0.4073894892590856, "params": {"C": 124.44038253986378, "epsilon": 0.6614587759644011, "gamma": 0.04014166207406981, "lamda": 0.33762843775917156}, "datetime": {"datetime": "2021-09-23 18:46:57", "elapsed": 90.486757, "delta": 0.642399}}
{"target": 0.40506369800569664, "params": {"C": 153.22692920141532, "epsilon": 0.14257969418133748, "gamma": 0.034759297809381015, "lamda": 0.3014142466069255}, "datetime": {"datetime": "2021-09-23 18:46:57", "elapsed": 91.161766, "delta": 0.675009}}
{"target": 0.39112147236920936, "params": {"C": 132.43512590516838, "epsilon": 0.5086921232140154, "gamma": 0.06474302887553164, "lamda": 0.7821458216730083}, "datetime": {"datetime": "2021-09-23 18:46:58", "elapsed": 92.080578, "delta": 0.918812}}
{"target": 0.44256564963504563, "params": {"C": 140.14692340725594, "epsilon": 0.6705631888009477, "gamma": 0.012091577068972674, "lamda": 0.5542736318292386}, "datetime": {"datetime": "2021-09-23 18:46:59", "elapsed": 92.776536, "delta": 0.695958}}
{"target": 0.40718651412999496, "params": {"C": 168.3354887443903, "epsilon": 0.3512305299651786, "gamma": 0.037401741711279086, "lamda": 0.6880630231720357}, "datetime": {"datetime": "2021-09-23 18:46:59", "elapsed": 93.395539, "delta": 0.619003}}
{"target": 0.40088683020056337, "params": {"C": 132.22086289309703, "epsilon": 0.8788418420917277, "gamma": 0.07517240854309384, "lamda": 0.6965796739702271}, "datetime": {"datetime": "2021-09-23 18:47:01", "elapsed": 94.513537, "delta": 1.117998}}
{"target": 0.4522558783795476, "params": {"C": 182.2416618051306, "epsilon": 0.7440908154992754, "gamma": 0.024246048813659635, "lamda": 0.9866268515663481}, "datetime": {"datetime": "2021-09-23 18:47:01", "elapsed": 95.394575, "delta": 0.881038}}
{"target": 0.4249844344436169, "params": {"C": 176.9561802551409, "epsilon": 0.5362840638326952, "gamma": 0.018959561925739346, "lamda": 0.3443410638476494}, "datetime": {"datetime": "2021-09-23 18:47:02", "elapsed": 96.370283, "delta": 0.975708}}
{"target": 0.41330226379041224, "params": {"C": 140.30069500933863, "epsilon": 0.9436196015945474, "gamma": 0.03446043244193328, "lamda": 0.29506406265811214}, "datetime": {"datetime": "2021-09-23 18:47:03", "elapsed": 97.140276, "delta": 0.769993}}
{"target": 0.44911206442504226, "params": {"C": 136.60548917789038, "epsilon": 0.8439514102975664, "gamma": 0.028689156131816516, "lamda": 0.9430166571970376}, "datetime": {"datetime": "2021-09-23 18:47:04", "elapsed": 97.756601, "delta": 0.616325}}
{"target": 0.41242934537315945, "params": {"C": 158.11373337291423, "epsilon": 0.707293870876429, "gamma": 0.022875193882893708, "lamda": 0.03219376744100369}, "datetime": {"datetime": "2021-09-23 18:47:05", "elapsed": 98.674253, "delta": 0.917652}}
{"target": 0.44598204355308324, "params": {"C": 132.1334415682036, "epsilon": 0.45733757612347015, "gamma": 0.0026296589457461203, "lamda": 0.9304464791828825}, "datetime": {"datetime": "2021-09-23 18:47:06", "elapsed": 99.476918, "delta": 0.802665}}
{"target": 0.4261808759423794, "params": {"C": 132.08817780155843, "epsilon": 0.5242295725772464, "gamma": 0.03336284475922841, "lamda": 0.8563304926346792}, "datetime": {"datetime": "2021-09-23 18:47:07", "elapsed": 100.476826, "delta": 0.999908}}
{"target": 0.43031279468219674, "params": {"C": 124.38651635446463, "epsilon": 0.25267554692156813, "gamma": 0.015999151086285312, "lamda": 0.7904345055457261}, "datetime": {"datetime": "2021-09-23 18:47:08", "elapsed": 101.441181, "delta": 0.964355}}
{"target": 0.40992969313998706, "params": {"C": 120.2558589944581, "epsilon": 0.9584561791022711, "gamma": 0.07337181489166378, "lamda": 0.7687625942555121}, "datetime": {"datetime": "2021-09-23 18:47:08", "elapsed": 102.105305, "delta": 0.664124}}
{"target": 0.433833707782162, "params": {"C": 132.1570479468057, "epsilon": 0.5232811108058794, "gamma": 0.03138888511459426, "lamda": 0.9894709675708083}, "datetime": {"datetime": "2021-09-23 18:47:09", "elapsed": 103.058406, "delta": 0.953101}}
{"target": 0.4032129166489189, "params": {"C": 132.06083330164054, "epsilon": 0.9834425437363444, "gamma": 0.0752470462478375, "lamda": 0.6548655163675419}, "datetime": {"datetime": "2021-09-23 18:47:10", "elapsed": 104.075592, "delta": 1.017186}}
{"target": 0.4155298645948048, "params": {"C": 132.14546356665343, "epsilon": 1.0, "gamma": 0.08, "lamda": 0.9622345829043185}, "datetime": {"datetime": "2021-09-23 18:47:11", "elapsed": 104.933366, "delta": 0.857774}}
{"target": 0.422097812234686, "params": {"C": 151.44384045572758, "epsilon": 0.3197881627227531, "gamma": 0.019625720388682426, "lamda": 0.4148148141722365}, "datetime": {"datetime": "2021-09-23 18:47:12", "elapsed": 105.613787, "delta": 0.680421}}
{"target": 0.4286043084067541, "params": {"C": 129.62496677499584, "epsilon": 0.5087158874740405, "gamma": 0.023217007442922682, "lamda": 0.6305644459260904}, "datetime": {"datetime": "2021-09-23 18:47:13", "elapsed": 106.531101, "delta": 0.917314}}
{"target": 0.40245752829574744, "params": {"C": 196.8129447246818, "epsilon": 0.27900994237799026, "gamma": 0.02216292669138252, "lamda": 0.012126976559056542}, "datetime": {"datetime": "2021-09-23 18:47:14", "elapsed": 107.624364, "delta": 1.093263}}
{"target": 0.4454080250216703, "params": {"C": 135.71319022780094, "epsilon": 0.9387665547431459, "gamma": 0.01012313724138747, "lamda": 0.42695065079030836}, "datetime": {"datetime": "2021-09-23 18:47:14", "elapsed": 108.381934, "delta": 0.75757}}
{"target": 0.4513520085227438, "params": {"C": 131.96475319424113, "epsilon": 0.9509271557727694, "gamma": 0.006356109554337734, "lamda": 0.9667032519599138}, "datetime": {"datetime": "2021-09-23 18:47:15", "elapsed": 109.334889, "delta": 0.952955}}
{"target": 0.4004072484867611, "params": {"C": 132.46427522363297, "epsilon": 0.8388278423170551, "gamma": 0.001, "lamda": 0.7977443556493988}, "datetime": {"datetime": "2021-09-23 18:47:17", "elapsed": 110.545031, "delta": 1.210142}}
{"target": 0.4512765364635427, "params": {"C": 182.1637483888665, "epsilon": 0.8901289205560282, "gamma": 0.028393573909530616, "lamda": 0.9884557573795663}, "datetime": {"datetime": "2021-09-23 18:47:18", "elapsed": 111.588217, "delta": 1.043186}}
{"target": 0.4072203872895056, "params": {"C": 177.0503228622341, "epsilon": 0.7053106248476766, "gamma": 0.03940997996233002, "lamda": 0.39018138444438794}, "datetime": {"datetime": "2021-09-23 18:47:19", "elapsed": 112.611792, "delta": 1.023575}}
{"target": 0.4264858803821642, "params": {"C": 150.83262189031325, "epsilon": 0.9816166022355065, "gamma": 0.066057430052338, "lamda": 0.9976890651732129}, "datetime": {"datetime": "2021-09-23 18:47:19", "elapsed": 113.354753, "delta": 0.742961}}
{"target": 0.43395301011764154, "params": {"C": 135.69578403453824, "epsilon": 0.9593264226740706, "gamma": 0.026836291674612215, "lamda": 0.4926819039556101}, "datetime": {"datetime": "2021-09-23 18:47:20", "elapsed": 114.354381, "delta": 0.999628}}
{"target": 0.4102165226328228, "params": {"C": 182.22976985737228, "epsilon": 0.7171791706905659, "gamma": 0.07025238670204934, "lamda": 0.8741859070597536}, "datetime": {"datetime": "2021-09-23 18:47:21", "elapsed": 115.284414, "delta": 0.930033}}
{"target": 0.3943336822226766, "params": {"C": 137.30702830480803, "epsilon": 0.6952741522594751, "gamma": 0.06880749565969493, "lamda": 0.6662484960105692}, "datetime": {"datetime": "2021-09-23 18:47:22", "elapsed": 115.960383, "delta": 0.675969}}
{"target": 0.36404433286053584, "params": {"C": 185.74937454772615, "epsilon": 0.7142056880836942, "gamma": 0.05463189604592651, "lamda": 0.056396790470536085}, "datetime": {"datetime": "2021-09-23 18:47:23", "elapsed": 116.855799, "delta": 0.895416}}
{"target": 0.4541920236504803, "params": {"C": 182.05337626323075, "epsilon": 0.9306391409882531, "gamma": 0.007981720836060836, "lamda": 0.8709235652888514}, "datetime": {"datetime": "2021-09-23 18:47:24", "elapsed": 117.891461, "delta": 1.035662}}
{"target": 0.4233787308429894, "params": {"C": 132.45760375069386, "epsilon": 0.5902660404833602, "gamma": 0.0014240070807130059, "lamda": 0.9866837831297772}, "datetime": {"datetime": "2021-09-23 18:47:25", "elapsed": 118.945567, "delta": 1.054106}}
{"target": 0.4493115949663897, "params": {"C": 142.37211989629327, "epsilon": 0.9447515197215471, "gamma": 0.011246986263864379, "lamda": 0.5848768826851173}, "datetime": {"datetime": "2021-09-23 18:47:26", "elapsed": 120.175065, "delta": 1.229498}}
{"target": 0.4161491342275542, "params": {"C": 133.6738047043284, "epsilon": 0.9907778800856508, "gamma": 0.07269327276191975, "lamda": 0.8288700907034822}, "datetime": {"datetime": "2021-09-23 18:47:27", "elapsed": 121.361761, "delta": 1.186696}}
{"target": 0.43057924210832843, "params": {"C": 143.35985082643307, "epsilon": 0.7394532277275385, "gamma": 0.04750004905376097, "lamda": 0.8875662890227364}, "datetime": {"datetime": "2021-09-23 18:47:28", "elapsed": 122.099616, "delta": 0.737855}}
{"target": 0.4535176066153451, "params": {"C": 132.5638353139505, "epsilon": 0.9740944669879795, "gamma": 0.024793329948211852, "lamda": 0.9619190780450154}, "datetime": {"datetime": "2021-09-23 18:47:29", "elapsed": 123.089852, "delta": 0.990236}}
{"target": 0.4216387689015536, "params": {"C": 182.02134366637154, "epsilon": 0.998211776773641, "gamma": 0.06937202783285332, "lamda": 0.899512238749769}, "datetime": {"datetime": "2021-09-23 18:47:30", "elapsed": 123.969835, "delta": 0.879983}}
{"target": 0.42141595044177516, "params": {"C": 142.27709995610306, "epsilon": 0.9449289360566177, "gamma": 0.04835249687942575, "lamda": 0.5624093023075614}, "datetime": {"datetime": "2021-09-23 18:47:31", "elapsed": 125.030495, "delta": 1.06066}}
{"target": 0.4099659856313195, "params": {"C": 131.8115209753534, "epsilon": 0.9533214362528469, "gamma": 0.07947696227808888, "lamda": 0.8483205783778645}, "datetime": {"datetime": "2021-09-23 18:47:32", "elapsed": 125.933636, "delta": 0.903141}}
{"target": 0.4483508740826032, "params": {"C": 132.48076313498052, "epsilon": 0.6987113808432558, "gamma": 0.004124234141370024, "lamda": 0.7061198251829952}, "datetime": {"datetime": "2021-09-23 18:47:33", "elapsed": 126.729225, "delta": 0.795589}}
{"target": 0.3987512178055417, "params": {"C": 174.215591977062, "epsilon": 0.5004293102290893, "gamma": 0.034132101782607845, "lamda": 0.009157351596446945}, "datetime": {"datetime": "2021-09-23 18:47:34", "elapsed": 128.195009, "delta": 1.465784}}
{"target": 0.44530389060548403, "params": {"C": 142.40455022616874, "epsilon": 0.8617618967860575, "gamma": 0.015778788120496306, "lamda": 0.5942082937997254}, "datetime": {"datetime": "2021-09-23 18:47:35", "elapsed": 129.349038, "delta": 1.154029}}
{"target": 0.4157394394757664, "params": {"C": 135.8011069870576, "epsilon": 1.0, "gamma": 0.001, "lamda": 0.44155059117646867}, "datetime": {"datetime": "2021-09-23 18:47:36", "elapsed": 130.352037, "delta": 1.002999}}
{"target": 0.43571729549347216, "params": {"C": 182.11820292894032, "epsilon": 0.9748545430407288, "gamma": 0.053635201302339446, "lamda": 0.9968658628122733}, "datetime": {"datetime": "2021-09-23 18:47:38", "elapsed": 131.632105, "delta": 1.280068}}
{"target": 0.4510857942469433, "params": {"C": 132.6469232960471, "epsilon": 0.7129808099731543, "gamma": 0.0182659861427609, "lamda": 0.9698135827153337}, "datetime": {"datetime": "2021-09-23 18:47:39", "elapsed": 132.423062, "delta": 0.790957}}
{"target": 0.4199662464379623, "params": {"C": 132.245509981591, "epsilon": 0.31921765922130146, "gamma": 0.030503798258486876, "lamda": 0.9894842878390997}, "datetime": {"datetime": "2021-09-23 18:47:40", "elapsed": 133.658096, "delta": 1.235034}}
{"target": 0.36242412081922504, "params": {"C": 181.62410848969193, "epsilon": 0.5970117503165505, "gamma": 0.07984531871659784, "lamda": 0.5082455860302466}, "datetime": {"datetime": "2021-09-23 18:47:41", "elapsed": 134.504068, "delta": 0.845972}}
{"target": 0.39864836531210146, "params": {"C": 163.27711246632265, "epsilon": 0.6371029171540449, "gamma": 0.040866171378810955, "lamda": 0.2687534373491932}, "datetime": {"datetime": "2021-09-23 18:47:41", "elapsed": 135.38606, "delta": 0.881992}}
{"target": 0.43833891614521103, "params": {"C": 132.1076212257781, "epsilon": 0.5426400334331063, "gamma": 0.01967571757050061, "lamda": 0.8598407693884382}, "datetime": {"datetime": "2021-09-23 18:47:42", "elapsed": 136.177061, "delta": 0.791001}}
{"target": 0.4422927470417053, "params": {"C": 142.38522154017238, "epsilon": 0.656290157643192, "gamma": 0.030907376814176404, "lamda": 0.9738338123589481}, "datetime": {"datetime": "2021-09-23 18:47:44", "elapsed": 137.576067, "delta": 1.399006}}
{"target": 0.36689068043388395, "params": {"C": 164.48963296090412, "epsilon": 0.2389874007272982, "gamma": 0.06517398938902398, "lamda": 0.738048849077797}, "datetime": {"datetime": "2021-09-23 18:47:44", "elapsed": 138.326101, "delta": 0.750034}}
{"target": 0.3873649602813636, "params": {"C": 142.43169445139006, "epsilon": 0.5719558537178019, "gamma": 0.07856735902510487, "lamda": 0.8456362425043711}, "datetime": {"datetime": "2021-09-23 18:47:46", "elapsed": 139.481101, "delta": 1.155}}
{"target": 0.4353453773466792, "params": {"C": 132.6417874162683, "epsilon": 0.6006212075057157, "gamma": 0.029176163310131807, "lamda": 0.8588706063637758}, "datetime": {"datetime": "2021-09-23 18:47:47", "elapsed": 140.539142, "delta": 1.058041}}
{"target": 0.4385338677015548, "params": {"C": 142.28080419786247, "epsilon": 0.6686772660009374, "gamma": 0.03537438824091556, "lamda": 0.9423431182564471}, "datetime": {"datetime": "2021-09-23 18:47:48", "elapsed": 141.965697, "delta": 1.426555}}
{"target": 0.4365212779102319, "params": {"C": 142.38885696991431, "epsilon": 0.9374063410732294, "gamma": 0.0016522619348590837, "lamda": 0.47495192817623566}, "datetime": {"datetime": "2021-09-23 18:47:49", "elapsed": 143.208729, "delta": 1.243032}}
{"target": 0.4356063343082194, "params": {"C": 123.69834751636508, "epsilon": 0.4086620791251908, "gamma": 0.013920604161638896, "lamda": 0.5916968168648864}, "datetime": {"datetime": "2021-09-23 18:47:50", "elapsed": 144.055727, "delta": 0.846998}}
{"target": 0.44587644637720736, "params": {"C": 132.70332698277085, "epsilon": 0.5604138656741129, "gamma": 0.01578619825216225, "lamda": 0.9741369899526057}, "datetime": {"datetime": "2021-09-23 18:47:51", "elapsed": 145.017764, "delta": 0.962037}}
{"target": 0.44921948366705844, "params": {"C": 125.3884072074482, "epsilon": 0.9575943970919494, "gamma": 0.00605583190874947, "lamda": 0.6027997192674998}, "datetime": {"datetime": "2021-09-23 18:47:52", "elapsed": 145.849213, "delta": 0.831449}}
{"target": 0.4241005450699432, "params": {"C": 129.47072927015188, "epsilon": 0.45203893352010893, "gamma": 0.001, "lamda": 0.5847488127867376}, "datetime": {"datetime": "2021-09-23 18:47:53", "elapsed": 146.908108, "delta": 1.058895}}
{"target": 0.4186141159038895, "params": {"C": 193.88733584262326, "epsilon": 0.4576624510077799, "gamma": 0.019052254653049563, "lamda": 0.24007672495264581}, "datetime": {"datetime": "2021-09-23 18:47:54", "elapsed": 147.832074, "delta": 0.923966}}
{"target": 0.41259650444762086, "params": {"C": 158.25804492280326, "epsilon": 0.4268042687260419, "gamma": 0.042823413120608514, "lamda": 0.8246372875677207}, "datetime": {"datetime": "2021-09-23 18:47:55", "elapsed": 148.619169, "delta": 0.787095}}
{"target": 0.45341637068101115, "params": {"C": 126.11910056958496, "epsilon": 0.8744113058362588, "gamma": 0.01190462487159949, "lamda": 0.8411072592242941}, "datetime": {"datetime": "2021-09-23 18:47:55", "elapsed": 149.404124, "delta": 0.784955}}
{"target": 0.4339006892248949, "params": {"C": 126.11040098120796, "epsilon": 0.7542039097817275, "gamma": 0.04207987811241596, "lamda": 0.9099414349378412}, "datetime": {"datetime": "2021-09-23 18:47:57", "elapsed": 150.843383, "delta": 1.439259}}
{"target": 0.44524232688549514, "params": {"C": 132.1355513220186, "epsilon": 0.6969948854483162, "gamma": 0.01628559396448235, "lamda": 0.7805339140670825}, "datetime": {"datetime": "2021-09-23 18:47:58", "elapsed": 152.01836, "delta": 1.174977}}
{"target": 0.4354396379606238, "params": {"C": 126.09779303159381, "epsilon": 0.9572884788925228, "gamma": 0.049965613379081036, "lamda": 0.8912633044606073}, "datetime": {"datetime": "2021-09-23 18:47:59", "elapsed": 153.375333, "delta": 1.356973}}
{"target": 0.4355294407293857, "params": {"C": 126.08357097693985, "epsilon": 0.9009296541350162, "gamma": 0.03820300516518126, "lamda": 0.7335820063977277}, "datetime": {"datetime": "2021-09-23 18:48:01", "elapsed": 155.056378, "delta": 1.681045}}
{"target": 0.4333849375274399, "params": {"C": 124.32138195678843, "epsilon": 0.38162656663239164, "gamma": 0.01756914800535009, "lamda": 0.7422977048043871}, "datetime": {"datetime": "2021-09-23 18:48:02", "elapsed": 155.982121, "delta": 0.925743}}
{"target": 0.4406955056751698, "params": {"C": 181.20981109876084, "epsilon": 0.28337124001979097, "gamma": 0.004126489043149299, "lamda": 0.2102762138139679}, "datetime": {"datetime": "2021-09-23 18:48:03", "elapsed": 156.95812, "delta": 0.975999}}
{"target": 0.4518223006729105, "params": {"C": 125.32902623350449, "epsilon": 0.9866496102470277, "gamma": 0.012149248919824447, "lamda": 0.7041280096255778}, "datetime": {"datetime": "2021-09-23 18:48:04", "elapsed": 158.376761, "delta": 1.418641}}
{"target": 0.42092894790515234, "params": {"C": 125.30460643490238, "epsilon": 0.8434604552596219, "gamma": 0.04881408265146291, "lamda": 0.6636904678896501}, "datetime": {"datetime": "2021-09-23 18:48:06", "elapsed": 159.566812, "delta": 1.190051}}
{"target": 0.3470234658884772, "params": {"C": 199.75014182572502, "epsilon": 0.212493936311303, "gamma": 0.0752645885401204, "lamda": 0.9910864766860599}, "datetime": {"datetime": "2021-09-23 18:48:06", "elapsed": 160.41581, "delta": 0.848998}}
{"target": 0.4232400150542648, "params": {"C": 124.49986708849114, "epsilon": 0.4731356302452554, "gamma": 0.001, "lamda": 0.5094239392783848}, "datetime": {"datetime": "2021-09-23 18:48:08", "elapsed": 161.840176, "delta": 1.424366}}
{"target": 0.40368600606036675, "params": {"C": 125.27264598081015, "epsilon": 1.0, "gamma": 0.001, "lamda": 0.5980673921695367}, "datetime": {"datetime": "2021-09-23 18:48:10", "elapsed": 163.581189, "delta": 1.741013}}
{"target": 0.4223318773121245, "params": {"C": 191.5460965576715, "epsilon": 0.386565405150006, "gamma": 0.014097872410799139, "lamda": 0.27256686544815684}, "datetime": {"datetime": "2021-09-23 18:48:11", "elapsed": 164.512371, "delta": 0.931182}}
{"target": 0.43014850072387933, "params": {"C": 133.60595803655508, "epsilon": 0.9909678845606309, "gamma": 0.059379382679360354, "lamda": 0.9186526676615089}, "datetime": {"datetime": "2021-09-23 18:48:12", "elapsed": 165.514001, "delta": 1.00163}}
{"target": 0.4119662088286892, "params": {"C": 125.39127614926849, "epsilon": 0.9850472980224189, "gamma": 0.06324487543536092, "lamda": 0.6343583285010247}, "datetime": {"datetime": "2021-09-23 18:48:13", "elapsed": 167.22472, "delta": 1.710719}}
{"target": 0.4033079571316145, "params": {"C": 126.19999042463928, "epsilon": 0.8583189240544989, "gamma": 0.08, "lamda": 0.8247512038799416}, "datetime": {"datetime": "2021-09-23 18:48:15", "elapsed": 168.677394, "delta": 1.452674}}
{"target": 0.4553213225115136, "params": {"C": 132.57410807439598, "epsilon": 0.902895321583214, "gamma": 0.014157357939706024, "lamda": 0.91518953263794}, "datetime": {"datetime": "2021-09-23 18:48:16", "elapsed": 169.70439, "delta": 1.026996}}
{"target": 0.4393896582619927, "params": {"C": 126.02123534496606, "epsilon": 0.7643752735603314, "gamma": 0.02997549961385917, "lamda": 0.7982299679047882}, "datetime": {"datetime": "2021-09-23 18:48:17", "elapsed": 170.833729, "delta": 1.129339}}
{"target": 0.44005496808115996, "params": {"C": 125.33506376714024, "epsilon": 0.9006398200149744, "gamma": 0.0351121222659627, "lamda": 0.7897748548253494}, "datetime": {"datetime": "2021-09-23 18:48:19", "elapsed": 172.70292, "delta": 1.869191}}
{"target": 0.4194660296549555, "params": {"C": 129.64394608969832, "epsilon": 0.4224287558957587, "gamma": 0.02351627543234096, "lamda": 0.2258442594690058}, "datetime": {"datetime": "2021-09-23 18:48:20", "elapsed": 173.769926, "delta": 1.067006}}
{"target": 0.42853755327233256, "params": {"C": 191.29397449258948, "epsilon": 0.6196567823024752, "gamma": 0.008913737991027706, "lamda": 0.032849864341383046}, "datetime": {"datetime": "2021-09-23 18:48:21", "elapsed": 174.935685, "delta": 1.165759}}
{"target": 0.4188150041637634, "params": {"C": 132.67321227270884, "epsilon": 0.4413453473007671, "gamma": 0.03850698717082653, "lamda": 0.9356900169826781}, "datetime": {"datetime": "2021-09-23 18:48:23", "elapsed": 176.736416, "delta": 1.800731}}
