{"target": 0.12744680580737622, "params": {"C": 28.807194995187018, "epsilon": 0.38929145582466995, "gamma": 0.8728672547542426, "lamda": 0.27796065299070455}, "datetime": {"datetime": "2021-09-23 17:43:50", "elapsed": 408.124587, "delta": 1.268125}}
{"target": 0.39538953309000324, "params": {"C": 51.68210192528479, "epsilon": 0.3592931283367218, "gamma": 0.08529081723764899, "lamda": 0.29458257842319097}, "datetime": {"datetime": "2021-09-23 17:43:52", "elapsed": 410.688688, "delta": 2.564101}}
{"target": 0.37866548711611625, "params": {"C": 60.10456093908054, "epsilon": 0.0910582541298522, "gamma": 0.001, "lamda": 0.746810827880383}, "datetime": {"datetime": "2021-09-23 17:43:55", "elapsed": 413.520033, "delta": 2.831345}}
{"target": 0.4334586945611677, "params": {"C": 58.22661835523893, "epsilon": 0.19389537124685308, "gamma": 0.022429401356367656, "lamda": 0.10113876121291414}, "datetime": {"datetime": "2021-09-23 17:43:57", "elapsed": 415.030519, "delta": 1.510486}}
{"target": 0.36426653517757046, "params": {"C": 51.59187883226415, "epsilon": 0.052094566255682054, "gamma": 0.001, "lamda": 0.6053976785834584}, "datetime": {"datetime": "2021-09-23 17:44:00", "elapsed": 417.914628, "delta": 2.884109}}
{"target": 0.3237941007052284, "params": {"C": 27.062539875128813, "epsilon": 0.45148628313978023, "gamma": 0.31896104557950805, "lamda": 0.9519358464948531}, "datetime": {"datetime": "2021-09-23 17:44:01", "elapsed": 419.174819, "delta": 1.260191}}
{"target": 0.378930924262293, "params": {"C": 60.37108715510084, "epsilon": 0.39263628430098485, "gamma": 0.001, "lamda": 0.21023376625501364}, "datetime": {"datetime": "2021-09-23 17:44:04", "elapsed": 422.461872, "delta": 3.287053}}
{"target": 0.35840814967823464, "params": {"C": 52.44883159827286, "epsilon": 0.9039547477251259, "gamma": 0.17493507447399784, "lamda": 0.9788482302268545}, "datetime": {"datetime": "2021-09-23 17:44:06", "elapsed": 424.666787, "delta": 2.204915}}
{"target": 0.40157570911563156, "params": {"C": 15.197109228873648, "epsilon": 0.1394403372805699, "gamma": 0.005435994128840635, "lamda": 0.2966159365599481}, "datetime": {"datetime": "2021-09-23 17:44:10", "elapsed": 428.766589, "delta": 4.099802}}
{"target": 0.37211989941974344, "params": {"C": 14.84927432743463, "epsilon": 0.001, "gamma": 0.18806302014998807, "lamda": 0.5815918406765609}, "datetime": {"datetime": "2021-09-23 17:44:13", "elapsed": 431.566066, "delta": 2.799477}}
{"target": 0.4434832261774915, "params": {"C": 51.06477525577189, "epsilon": 0.4081940521748708, "gamma": 0.013730190812769622, "lamda": 0.023095268671645602}, "datetime": {"datetime": "2021-09-23 17:44:16", "elapsed": 434.613423, "delta": 3.047357}}
{"target": 0.4214070550897092, "params": {"C": 15.067434994631785, "epsilon": 0.2921890837158641, "gamma": 0.10496985667682243, "lamda": 0.03549949255119993}, "datetime": {"datetime": "2021-09-23 17:44:20", "elapsed": 437.866502, "delta": 3.253079}}
{"target": 0.3798061248421273, "params": {"C": 51.204697400575604, "epsilon": 0.6686721715551036, "gamma": 0.10857651403705634, "lamda": 0.04339412240572731}, "datetime": {"datetime": "2021-09-23 17:44:23", "elapsed": 440.885463, "delta": 3.018961}}
{"target": 0.3963834368539161, "params": {"C": 75.00490061114928, "epsilon": 0.001, "gamma": 0.001, "lamda": 0.5242189533460825}, "datetime": {"datetime": "2021-09-23 17:44:25", "elapsed": 443.300972, "delta": 2.415509}}
{"target": 0.185547243927775, "params": {"C": 98.19190554254673, "epsilon": 0.7102332511280307, "gamma": 0.9849730633489867, "lamda": 0.07037838311297191}, "datetime": {"datetime": "2021-09-23 17:44:26", "elapsed": 444.583666, "delta": 1.282694}}
{"target": 0.10895082362783348, "params": {"C": 9.910275431397425, "epsilon": 0.6710468938227805, "gamma": 0.6003160979579918, "lamda": 0.18368264366536005}, "datetime": {"datetime": "2021-09-23 17:44:28", "elapsed": 446.033894, "delta": 1.450228}}
{"target": 0.36433677313037893, "params": {"C": 51.32487354306531, "epsilon": 0.3505946067826506, "gamma": 0.001, "lamda": 0.001}, "datetime": {"datetime": "2021-09-23 17:44:31", "elapsed": 449.653698, "delta": 3.619804}}
{"target": 0.43566900936922115, "params": {"C": 52.407818798932105, "epsilon": 0.9014130940192479, "gamma": 0.032772596069609965, "lamda": 0.6799077739474595}, "datetime": {"datetime": "2021-09-23 17:44:33", "elapsed": 451.068715, "delta": 1.415017}}
{"target": 0.3318667698445317, "params": {"C": 51.088682079255165, "epsilon": 0.3454771485657859, "gamma": 0.20756009187597452, "lamda": 0.16269237524816205}, "datetime": {"datetime": "2021-09-23 17:44:35", "elapsed": 453.621282, "delta": 2.552567}}
{"target": 0.17305360795199454, "params": {"C": 94.25920222542958, "epsilon": 0.7815335066266509, "gamma": 0.9926081291387925, "lamda": 0.31762238022015077}, "datetime": {"datetime": "2021-09-23 17:44:37", "elapsed": 454.966666, "delta": 1.345384}}
{"target": 0.4481934064782719, "params": {"C": 37.5887582816912, "epsilon": 0.8188773214597687, "gamma": 0.013355948990696464, "lamda": 0.8964452004126324}, "datetime": {"datetime": "2021-09-23 17:44:39", "elapsed": 457.466737, "delta": 2.500071}}
{"target": 0.4308992080863795, "params": {"C": 52.16272923068796, "epsilon": 0.6731172666512708, "gamma": 0.036241506437534696, "lamda": 0.38475619242195824}, "datetime": {"datetime": "2021-09-23 17:44:42", "elapsed": 460.544109, "delta": 3.077372}}
{"target": 0.15424100922791628, "params": {"C": 62.26994054175702, "epsilon": 0.8466540470674878, "gamma": 0.9957791792248099, "lamda": 0.483011723881516}, "datetime": {"datetime": "2021-09-23 17:44:44", "elapsed": 461.915218, "delta": 1.371109}}
{"target": 0.4396098968920983, "params": {"C": 52.34076832667043, "epsilon": 0.986465898434813, "gamma": 0.020316852950203974, "lamda": 0.3592954983408097}, "datetime": {"datetime": "2021-09-23 17:44:47", "elapsed": 465.308164, "delta": 3.392946}}
{"target": 0.331933343775459, "params": {"C": 52.09663023436957, "epsilon": 0.9375987445105163, "gamma": 0.212059274616945, "lamda": 0.3970193726731537}, "datetime": {"datetime": "2021-09-23 17:44:50", "elapsed": 467.88234, "delta": 2.574176}}
{"target": 0.4027530495854236, "params": {"C": 14.053500693623866, "epsilon": 0.001, "gamma": 0.13836171647189607, "lamda": 0.5635619644185584}, "datetime": {"datetime": "2021-09-23 17:44:53", "elapsed": 471.21923, "delta": 3.33689}}
{"target": 0.4299101913755359, "params": {"C": 58.32851676457839, "epsilon": 0.333605340692418, "gamma": 0.031854380636221806, "lamda": 0.3384243287503349}, "datetime": {"datetime": "2021-09-23 17:44:56", "elapsed": 474.437398, "delta": 3.218168}}
{"target": 0.3873946092421473, "params": {"C": 75.44584554056992, "epsilon": 0.7558027828788462, "gamma": 0.001, "lamda": 0.6547870532440511}, "datetime": {"datetime": "2021-09-23 17:44:59", "elapsed": 477.038536, "delta": 2.601138}}
{"target": 0.3599129437968487, "params": {"C": 52.375384866832526, "epsilon": 0.7860587229767997, "gamma": 0.001, "lamda": 0.45756762721088295}, "datetime": {"datetime": "2021-09-23 17:45:02", "elapsed": 480.579128, "delta": 3.540592}}
{"target": 0.34812904252078025, "params": {"C": 58.42835064059395, "epsilon": 0.2425464250647196, "gamma": 0.14395529378870384, "lamda": 0.14783557458244373}, "datetime": {"datetime": "2021-09-23 17:45:05", "elapsed": 483.468862, "delta": 2.889734}}
{"target": 0.37545534738569764, "params": {"C": 58.06210110479623, "epsilon": 0.2799287953770468, "gamma": 0.001, "lamda": 0.2979221701746423}, "datetime": {"datetime": "2021-09-23 17:45:08", "elapsed": 486.763512, "delta": 3.29465}}
{"target": 0.4329387514096116, "params": {"C": 58.4864788092078, "epsilon": 0.3013693606986371, "gamma": 0.02792219746412049, "lamda": 0.5743171782198889}, "datetime": {"datetime": "2021-09-23 17:45:11", "elapsed": 489.29518, "delta": 2.531668}}
{"target": 0.3640484987876438, "params": {"C": 52.03507262746139, "epsilon": 0.4555977549433604, "gamma": 0.001, "lamda": 0.29637601412276504}, "datetime": {"datetime": "2021-09-23 17:45:14", "elapsed": 492.620366, "delta": 3.325186}}
{"target": 0.18017023578813118, "params": {"C": 13.969194451360194, "epsilon": 0.0970137718314523, "gamma": 0.001, "lamda": 1.0}, "datetime": {"datetime": "2021-09-23 17:45:17", "elapsed": 495.345603, "delta": 2.725237}}
{"target": 0.3039374973688874, "params": {"C": 73.04820636686814, "epsilon": 0.3091196620167333, "gamma": 0.21254469853768546, "lamda": 0.11888137186302304}, "datetime": {"datetime": "2021-09-23 17:45:19", "elapsed": 496.956609, "delta": 1.611006}}
{"target": 0.40094656929242123, "params": {"C": 15.424500467620927, "epsilon": 0.27896301589809674, "gamma": 0.13935447272906282, "lamda": 0.43926583072950964}, "datetime": {"datetime": "2021-09-23 17:45:21", "elapsed": 499.596806, "delta": 2.640197}}
{"target": 0.44630187926161347, "params": {"C": 39.86323517843291, "epsilon": 0.9537843326450264, "gamma": 0.015316033871480825, "lamda": 0.6212635430835501}, "datetime": {"datetime": "2021-09-23 17:45:23", "elapsed": 501.03468, "delta": 1.437874}}
{"target": 0.17845107272723482, "params": {"C": 13.807086295173603, "epsilon": 0.3736749254270982, "gamma": 0.001, "lamda": 0.9132824499337739}, "datetime": {"datetime": "2021-09-23 17:45:26", "elapsed": 504.59665, "delta": 3.56197}}
{"target": 0.2971367804984738, "params": {"C": 32.309876580671315, "epsilon": 1.0, "gamma": 0.001, "lamda": 0.8436405707491207}, "datetime": {"datetime": "2021-09-23 17:45:29", "elapsed": 507.456463, "delta": 2.859813}}
{"target": 0.36367565514853284, "params": {"C": 51.4693123363496, "epsilon": 0.3184490596730034, "gamma": 0.001, "lamda": 0.29273233088000067}, "datetime": {"datetime": "2021-09-23 17:45:32", "elapsed": 510.335565, "delta": 2.879102}}
{"target": 0.37730943433230824, "params": {"C": 14.096422035773585, "epsilon": 0.4140961833934698, "gamma": 0.1827341713952667, "lamda": 0.9591327343230939}, "datetime": {"datetime": "2021-09-23 17:45:35", "elapsed": 513.654921, "delta": 3.319356}}
{"target": 0.42277921427088083, "params": {"C": 75.21271515083282, "epsilon": 0.4744122152173616, "gamma": 0.037375381445285426, "lamda": 0.4979194079876944}, "datetime": {"datetime": "2021-09-23 17:45:38", "elapsed": 516.516447, "delta": 2.861526}}
{"target": 0.37205608774287846, "params": {"C": 58.384550166416844, "epsilon": 0.4921646433029806, "gamma": 0.001, "lamda": 0.5183579702765978}, "datetime": {"datetime": "2021-09-23 17:45:41", "elapsed": 519.597484, "delta": 3.081037}}
{"target": 0.35687905170168177, "params": {"C": 37.64132087730082, "epsilon": 0.6620929473988653, "gamma": 0.1873012903357979, "lamda": 0.9257313573573973}, "datetime": {"datetime": "2021-09-23 17:45:45", "elapsed": 522.861659, "delta": 3.264175}}
{"target": 0.27107808738051264, "params": {"C": 17.716013869553656, "epsilon": 0.5865547632451874, "gamma": 0.36983737832258656, "lamda": 0.2565750076929629}, "datetime": {"datetime": "2021-09-23 17:45:46", "elapsed": 524.30138, "delta": 1.439721}}
{"target": 0.17646583529034743, "params": {"C": 94.16665834851182, "epsilon": 0.9733189775203716, "gamma": 0.8402317191075305, "lamda": 0.9355208924550537}, "datetime": {"datetime": "2021-09-23 17:45:47", "elapsed": 525.716487, "delta": 1.415107}}
{"target": 0.28854611191618595, "params": {"C": 75.4858714211757, "epsilon": 0.9327666465343966, "gamma": 0.4651111708553902, "lamda": 0.8033668388179326}, "datetime": {"datetime": "2021-09-23 17:45:49", "elapsed": 527.200206, "delta": 1.483719}}
{"target": 0.21081197574236532, "params": {"C": 96.27425721087508, "epsilon": 0.32201912659092413, "gamma": 0.8560758683160113, "lamda": 0.31803485823840977}, "datetime": {"datetime": "2021-09-23 17:45:50", "elapsed": 528.536024, "delta": 1.335818}}
{"target": 0.3946312239854034, "params": {"C": 75.25891784611048, "epsilon": 0.8319236536507189, "gamma": 0.001, "lamda": 0.23518415662775727}, "datetime": {"datetime": "2021-09-23 17:45:54", "elapsed": 532.776611, "delta": 4.240587}}
{"target": 0.4420663400485615, "params": {"C": 14.654215521812523, "epsilon": 0.3088802259247704, "gamma": 0.016432399809226235, "lamda": 0.3824399716790091}, "datetime": {"datetime": "2021-09-23 17:45:59", "elapsed": 536.949859, "delta": 4.173248}}
{"target": 0.38897975659280326, "params": {"C": 13.938647078434924, "epsilon": 0.11661764773733077, "gamma": 0.16079404406210238, "lamda": 0.7283064903564694}, "datetime": {"datetime": "2021-09-23 17:46:02", "elapsed": 540.548976, "delta": 3.599117}}
{"target": 0.2784544548687221, "params": {"C": 83.35165905590955, "epsilon": 0.03433145680442698, "gamma": 0.48076994208647345, "lamda": 0.030590096457353905}, "datetime": {"datetime": "2021-09-23 17:46:04", "elapsed": 542.113974, "delta": 1.564998}}
{"target": 0.30379215064197684, "params": {"C": 60.9610299140824, "epsilon": 0.6726209243833976, "gamma": 0.37036059537717747, "lamda": 0.5685597719181588}, "datetime": {"datetime": "2021-09-23 17:46:05", "elapsed": 543.600688, "delta": 1.486714}}
{"target": 0.4327952642458829, "params": {"C": 15.788099917255167, "epsilon": 0.7126924543001186, "gamma": 0.009434323348581042, "lamda": 0.20335262452511052}, "datetime": {"datetime": "2021-09-23 17:46:09", "elapsed": 547.492174, "delta": 3.891486}}
{"target": 0.12730693816901428, "params": {"C": 29.1887291740775, "epsilon": 0.8203181164805047, "gamma": 0.8719000122775409, "lamda": 0.755787244502341}, "datetime": {"datetime": "2021-09-23 17:46:11", "elapsed": 548.938131, "delta": 1.445957}}
{"target": 0.2794904329359401, "params": {"C": 61.54959525972733, "epsilon": 0.47427352844176396, "gamma": 0.5162957673284468, "lamda": 0.942230322023524}, "datetime": {"datetime": "2021-09-23 17:46:12", "elapsed": 550.342342, "delta": 1.404211}}
{"target": 0.022195603152109777, "params": {"C": 5.021480955390543, "epsilon": 0.31029410932662493, "gamma": 0.8849633530845646, "lamda": 0.04106598267460205}, "datetime": {"datetime": "2021-09-23 17:46:14", "elapsed": 552.013176, "delta": 1.670834}}
{"target": 0.06555713179346923, "params": {"C": 13.281840714501442, "epsilon": 0.303768681996025, "gamma": 0.8842326409818815, "lamda": 0.6277961164153915}, "datetime": {"datetime": "2021-09-23 17:46:15", "elapsed": 553.528647, "delta": 1.515471}}
{"target": 0.44210524066535184, "params": {"C": 60.14031199535243, "epsilon": 0.3373764407442429, "gamma": 0.012317422618759212, "lamda": 0.9191071156421814}, "datetime": {"datetime": "2021-09-23 17:46:19", "elapsed": 556.82801, "delta": 3.299363}}
{"target": 0.4265132454690197, "params": {"C": 14.883363716844954, "epsilon": 0.2152806670795137, "gamma": 0.09207603946031222, "lamda": 0.22986351346737582}, "datetime": {"datetime": "2021-09-23 17:46:23", "elapsed": 561.579921, "delta": 4.751911}}
{"target": 0.319095568827062, "params": {"C": 65.0996858007993, "epsilon": 0.029145209835845644, "gamma": 0.19667013285373922, "lamda": 0.29471579999421044}, "datetime": {"datetime": "2021-09-23 17:46:25", "elapsed": 563.110906, "delta": 1.530985}}
{"target": 0.18678557481948943, "params": {"C": 14.573709874910058, "epsilon": 0.2656422383690053, "gamma": 0.001, "lamda": 0.5802954300146189}, "datetime": {"datetime": "2021-09-23 17:46:29", "elapsed": 567.510784, "delta": 4.399878}}
{"target": 0.2883522283270151, "params": {"C": 75.20959845940837, "epsilon": 0.2537648914608169, "gamma": 0.4085768941052985, "lamda": 0.5106444281987715}, "datetime": {"datetime": "2021-09-23 17:46:31", "elapsed": 569.010754, "delta": 1.49997}}
{"target": 0.4305394528104072, "params": {"C": 39.66268879730412, "epsilon": 0.9298493743692868, "gamma": 0.048675534455339245, "lamda": 0.5889715493526505}, "datetime": {"datetime": "2021-09-23 17:46:35", "elapsed": 573.191019, "delta": 4.180265}}
{"target": 0.41091173235676837, "params": {"C": 32.383896491463865, "epsilon": 0.7759285167360369, "gamma": 0.0872672015310273, "lamda": 1.0}, "datetime": {"datetime": "2021-09-23 17:46:38", "elapsed": 576.630674, "delta": 3.439655}}
{"target": 0.44495543863449727, "params": {"C": 15.394334700693769, "epsilon": 0.007649704600038641, "gamma": 0.052775084194942375, "lamda": 0.7008857550437152}, "datetime": {"datetime": "2021-09-23 17:46:42", "elapsed": 579.837232, "delta": 3.206558}}
{"target": 0.3257832453930726, "params": {"C": 39.63806425241101, "epsilon": 0.3820766027038447, "gamma": 0.30607976521439745, "lamda": 0.4776926217393252}, "datetime": {"datetime": "2021-09-23 17:46:43", "elapsed": 581.399914, "delta": 1.562682}}
{"target": 0.3851591324834631, "params": {"C": 15.07838490887857, "epsilon": 0.1354517646350965, "gamma": 0.1684786265361918, "lamda": 0.174989579536795}, "datetime": {"datetime": "2021-09-23 17:46:47", "elapsed": 585.072493, "delta": 3.672579}}
{"target": 0.37604702961556913, "params": {"C": 58.33677167025865, "epsilon": 0.12942470237875184, "gamma": 0.001, "lamda": 0.4323253319349393}, "datetime": {"datetime": "2021-09-23 17:46:51", "elapsed": 588.952672, "delta": 3.880179}}
{"target": 0.25335652218390736, "params": {"C": 86.96008813298378, "epsilon": 0.5126074818627143, "gamma": 0.6291556334048137, "lamda": 0.8184994854645148}, "datetime": {"datetime": "2021-09-23 17:46:52", "elapsed": 590.556658, "delta": 1.603986}}
{"target": 0.34755508931509904, "params": {"C": 13.54445325447039, "epsilon": 0.5558083694360064, "gamma": 0.22711501821948826, "lamda": 0.7501377055520325}, "datetime": {"datetime": "2021-09-23 17:46:57", "elapsed": 594.791974, "delta": 4.235316}}
{"target": 0.31849213267504295, "params": {"C": 48.692012557224494, "epsilon": 0.2523792598684748, "gamma": 0.2961358280843202, "lamda": 0.8931540882321407}, "datetime": {"datetime": "2021-09-23 17:46:58", "elapsed": 596.273048, "delta": 1.481074}}
{"target": 0.40961440821473016, "params": {"C": 14.065564156714803, "epsilon": 0.7117723699777859, "gamma": 0.12738338547304962, "lamda": 1.0}, "datetime": {"datetime": "2021-09-23 17:47:02", "elapsed": 600.101839, "delta": 3.828791}}
{"target": 0.3910784379844583, "params": {"C": 36.1447971019755, "epsilon": 0.521322609337733, "gamma": 0.11162477937735717, "lamda": 0.6849586830756939}, "datetime": {"datetime": "2021-09-23 17:47:03", "elapsed": 601.678367, "delta": 1.576528}}
{"target": 0.43428195773808675, "params": {"C": 14.71500974003306, "epsilon": 0.5493594827612004, "gamma": 0.07541470746067944, "lamda": 0.23107298247116215}, "datetime": {"datetime": "2021-09-23 17:47:08", "elapsed": 606.73496, "delta": 5.056593}}
{"target": 0.26625213422026506, "params": {"C": 65.58753459211923, "epsilon": 0.21675125717242966, "gamma": 0.5846515808256891, "lamda": 0.8745611950962184}, "datetime": {"datetime": "2021-09-23 17:47:10", "elapsed": 608.268019, "delta": 1.533059}}
{"target": 0.19279832455632984, "params": {"C": 15.099555616354026, "epsilon": 0.001, "gamma": 0.001, "lamda": 0.6590685300832607}, "datetime": {"datetime": "2021-09-23 17:47:15", "elapsed": 613.704585, "delta": 5.436566}}
{"target": 0.44519417939124106, "params": {"C": 14.455813607331878, "epsilon": 0.4670056618534824, "gamma": 0.022322351988843126, "lamda": 0.3598336826876582}, "datetime": {"datetime": "2021-09-23 17:47:19", "elapsed": 617.354707, "delta": 3.650122}}
{"target": 0.44665528118705433, "params": {"C": 14.806886269572312, "epsilon": 0.34138250144091775, "gamma": 0.04329888305658775, "lamda": 0.2531265085569103}, "datetime": {"datetime": "2021-09-23 17:47:25", "elapsed": 623.362669, "delta": 6.007962}}
{"target": 0.4182588934054109, "params": {"C": 58.46579402203772, "epsilon": 0.30157777115662376, "gamma": 0.050348483333346676, "lamda": 0.5501660919957716}, "datetime": {"datetime": "2021-09-23 17:47:27", "elapsed": 624.965993, "delta": 1.603324}}
{"target": 0.12231883695693024, "params": {"C": 8.488098871738593, "epsilon": 0.1992700535159789, "gamma": 0.5251706397699457, "lamda": 0.834282545008499}, "datetime": {"datetime": "2021-09-23 17:47:28", "elapsed": 626.535815, "delta": 1.569822}}
{"target": 0.43778259660685215, "params": {"C": 58.441427099675266, "epsilon": 0.2563546501866326, "gamma": 0.018396797339027184, "lamda": 0.7814839296833705}, "datetime": {"datetime": "2021-09-23 17:47:32", "elapsed": 630.585652, "delta": 4.049837}}
{"target": 0.3528949725268956, "params": {"C": 52.592014978387965, "epsilon": 0.809465828889428, "gamma": 0.001, "lamda": 0.8365104685112109}, "datetime": {"datetime": "2021-09-23 17:47:38", "elapsed": 636.159656, "delta": 5.574004}}
{"target": 0.4468397505905565, "params": {"C": 14.933624717563722, "epsilon": 0.21454364093999895, "gamma": 0.038381306506602035, "lamda": 0.34655823160889965}, "datetime": {"datetime": "2021-09-23 17:47:43", "elapsed": 640.799909, "delta": 4.640253}}
{"target": 0.19995390221949116, "params": {"C": 61.843833030203314, "epsilon": 0.3470044674407385, "gamma": 0.8202798665542687, "lamda": 0.798208379626173}, "datetime": {"datetime": "2021-09-23 17:47:44", "elapsed": 642.390327, "delta": 1.590418}}
{"target": 0.42236822888278913, "params": {"C": 39.71312999911354, "epsilon": 0.820930281139268, "gamma": 0.06116030683823719, "lamda": 0.7497418825931413}, "datetime": {"datetime": "2021-09-23 17:47:47", "elapsed": 645.660205, "delta": 3.269878}}
{"target": 0.41504860807350796, "params": {"C": 59.09207069039695, "epsilon": 0.8440783108232707, "gamma": 0.05547913030197368, "lamda": 0.559194089025536}, "datetime": {"datetime": "2021-09-23 17:47:51", "elapsed": 649.29699, "delta": 3.636785}}
{"target": 0.35055562957675523, "params": {"C": 53.473566398280745, "epsilon": 1.0, "gamma": 0.001, "lamda": 0.7987165253052956}, "datetime": {"datetime": "2021-09-23 17:47:56", "elapsed": 654.115773, "delta": 4.818783}}
{"target": 0.37137154813031736, "params": {"C": 58.63137447576242, "epsilon": 0.3959327387039017, "gamma": 0.001, "lamda": 0.7849045968035142}, "datetime": {"datetime": "2021-09-23 17:48:00", "elapsed": 658.076299, "delta": 3.960526}}
{"target": 0.40202380989590003, "params": {"C": 14.305850291742086, "epsilon": 0.2713566807082589, "gamma": 0.1387428454748467, "lamda": 0.9161060593586939}, "datetime": {"datetime": "2021-09-23 17:48:03", "elapsed": 661.709114, "delta": 3.632815}}
