{"target": 0.3125920912123, "params": {"C": 58.56991182676643, "epsilon": 0.6481379768822009, "gamma": 0.35377212797196855, "lamda": 1.0}, "datetime": {"datetime": "2021-09-23 17:41:06", "elapsed": 244.56152, "delta": 1.640978}}
{"target": 0.2436618282066374, "params": {"C": 77.20648499868709, "epsilon": 0.7189940246216939, "gamma": 0.6999408782484542, "lamda": 0.09882206044574794}, "datetime": {"datetime": "2021-09-23 17:41:07", "elapsed": 245.41856, "delta": 0.85704}}
{"target": 0.43301663453001693, "params": {"C": 60.06140640489123, "epsilon": 0.37279038292426475, "gamma": 0.0289646705866367, "lamda": 0.7218486837095875}, "datetime": {"datetime": "2021-09-23 17:41:09", "elapsed": 246.837578, "delta": 1.419018}}
{"target": 0.2724955985702402, "params": {"C": 64.413605211962, "epsilon": 0.3248056779777505, "gamma": 0.5543656367229118, "lamda": 0.32834459513029124}, "datetime": {"datetime": "2021-09-23 17:41:09", "elapsed": 247.696086, "delta": 0.858508}}
{"target": 0.34161730344895136, "params": {"C": 15.460495676513462, "epsilon": 0.04421197652667506, "gamma": 0.24323027385872759, "lamda": 0.8546019183174077}, "datetime": {"datetime": "2021-09-23 17:41:11", "elapsed": 249.077087, "delta": 1.381001}}
{"target": 0.1574711940539646, "params": {"C": 26.21687935308921, "epsilon": 0.5997715054745351, "gamma": 0.7296196745431147, "lamda": 0.6474237635306641}, "datetime": {"datetime": "2021-09-23 17:41:12", "elapsed": 249.957087, "delta": 0.88}}
{"target": 0.1966775843798888, "params": {"C": 15.520745140502399, "epsilon": 0.412644791894324, "gamma": 0.001, "lamda": 0.18248954837700873}, "datetime": {"datetime": "2021-09-23 17:41:14", "elapsed": 251.934187, "delta": 1.9771}}
{"target": 0.3627075998977758, "params": {"C": 51.869006465797575, "epsilon": 0.30226926970053264, "gamma": 0.001, "lamda": 0.6211744585424626}, "datetime": {"datetime": "2021-09-23 17:41:15", "elapsed": 253.492391, "delta": 1.558204}}
{"target": 0.14615303077679587, "params": {"C": 25.53022087380533, "epsilon": 0.14810121781796123, "gamma": 0.7585849272793563, "lamda": 0.8359398612256471}, "datetime": {"datetime": "2021-09-23 17:41:16", "elapsed": 254.447431, "delta": 0.95504}}
{"target": 0.3760113668306865, "params": {"C": 59.95516371700872, "epsilon": 0.49484193184847497, "gamma": 0.001, "lamda": 0.3664416252305043}, "datetime": {"datetime": "2021-09-23 17:41:18", "elapsed": 255.859422, "delta": 1.411991}}
{"target": 0.1161708262866934, "params": {"C": 24.10902843750947, "epsilon": 0.9744237710848178, "gamma": 0.8583031511252315, "lamda": 0.40853318298150637}, "datetime": {"datetime": "2021-09-23 17:41:19", "elapsed": 256.982421, "delta": 1.122999}}
{"target": 0.33904109235719593, "params": {"C": 52.73028615755541, "epsilon": 0.6947578507060813, "gamma": 0.20514446155206403, "lamda": 0.890766259705409}, "datetime": {"datetime": "2021-09-23 17:41:20", "elapsed": 258.255424, "delta": 1.273003}}
{"target": 0.18569745248519787, "params": {"C": 14.462046464645052, "epsilon": 0.030115759358798327, "gamma": 0.001, "lamda": 0.8296401075024435}, "datetime": {"datetime": "2021-09-23 17:41:22", "elapsed": 260.07542, "delta": 1.819996}}
{"target": 0.3520922111977658, "params": {"C": 83.55932450464474, "epsilon": 0.7848187237964455, "gamma": 0.11295094958143703, "lamda": 0.41185221794522414}, "datetime": {"datetime": "2021-09-23 17:41:23", "elapsed": 261.06442, "delta": 0.989}}
{"target": 0.36432258283459706, "params": {"C": 51.36687174051459, "epsilon": 0.3074685925018684, "gamma": 0.1270713526141386, "lamda": 0.6515515672443362}, "datetime": {"datetime": "2021-09-23 17:41:25", "elapsed": 262.795419, "delta": 1.730999}}
{"target": 0.1988265411706418, "params": {"C": 76.12841646824776, "epsilon": 0.8859725770114489, "gamma": 0.8288299226992767, "lamda": 0.5116354039474063}, "datetime": {"datetime": "2021-09-23 17:41:25", "elapsed": 263.748421, "delta": 0.953002}}
{"target": 0.42650206400893387, "params": {"C": 13.84097843180563, "epsilon": 0.11093136971808373, "gamma": 0.009586777780753775, "lamda": 0.5908465438982436}, "datetime": {"datetime": "2021-09-23 17:41:27", "elapsed": 265.449421, "delta": 1.701}}
{"target": 0.24513922404533162, "params": {"C": 73.09784483599128, "epsilon": 0.12564889060252346, "gamma": 0.6859745848674447, "lamda": 0.4430371396437477}, "datetime": {"datetime": "2021-09-23 17:41:28", "elapsed": 266.362442, "delta": 0.913021}}
{"target": 0.33532231931971224, "params": {"C": 27.07898268734605, "epsilon": 0.38613280558728824, "gamma": 0.28929426646612155, "lamda": 0.9773099075994529}, "datetime": {"datetime": "2021-09-23 17:41:29", "elapsed": 267.336443, "delta": 0.974001}}
{"target": 0.44223019808193764, "params": {"C": 37.8184936682009, "epsilon": 0.14923896301708275, "gamma": 0.022379307056565344, "lamda": 0.8453746203408741}, "datetime": {"datetime": "2021-09-23 17:41:30", "elapsed": 268.418442, "delta": 1.081999}}
{"target": 0.44564431389045667, "params": {"C": 14.398274695672553, "epsilon": 0.34251107113414436, "gamma": 0.04963847859209108, "lamda": 0.5117556030005195}, "datetime": {"datetime": "2021-09-23 17:41:32", "elapsed": 269.919444, "delta": 1.501002}}
{"target": 0.3457122305007003, "params": {"C": 52.94227471978954, "epsilon": 0.23256957791852392, "gamma": 0.15864008571039095, "lamda": 0.7525784817475363}, "datetime": {"datetime": "2021-09-23 17:41:33", "elapsed": 271.336482, "delta": 1.417038}}
{"target": 0.18164243487120657, "params": {"C": 14.09744484261747, "epsilon": 0.29146690804924563, "gamma": 0.001, "lamda": 0.6285212287685777}, "datetime": {"datetime": "2021-09-23 17:41:35", "elapsed": 273.156001, "delta": 1.819519}}
{"target": 0.2969097336992459, "params": {"C": 39.28450249446672, "epsilon": 0.23103158553363684, "gamma": 0.4231275160099051, "lamda": 0.10288159192261222}, "datetime": {"datetime": "2021-09-23 17:41:36", "elapsed": 274.159, "delta": 1.002999}}
{"target": 0.44783969086293696, "params": {"C": 13.809066698711028, "epsilon": 0.18314881267900543, "gamma": 0.035146123983427396, "lamda": 0.9308141505995194}, "datetime": {"datetime": "2021-09-23 17:41:38", "elapsed": 276.296201, "delta": 2.137201}}
{"target": 0.3433954285312947, "params": {"C": 51.43554166377843, "epsilon": 0.1393569154422477, "gamma": 0.170631417041095, "lamda": 0.3099651492991542}, "datetime": {"datetime": "2021-09-23 17:41:40", "elapsed": 278.478099, "delta": 2.181898}}
{"target": 0.4226870636569262, "params": {"C": 15.617711999936017, "epsilon": 0.07376158125166661, "gamma": 0.09953358976643935, "lamda": 0.430394675837281}, "datetime": {"datetime": "2021-09-23 17:41:42", "elapsed": 280.663677, "delta": 2.185578}}
{"target": 0.26653110810419944, "params": {"C": 13.608190409211945, "epsilon": 0.14926921004481736, "gamma": 0.0018583462319478852, "lamda": 0.7458685284846995}, "datetime": {"datetime": "2021-09-23 17:41:44", "elapsed": 282.766159, "delta": 2.102482}}
{"target": 0.36181165822189254, "params": {"C": 33.995184715033524, "epsilon": 0.8352622186910292, "gamma": 0.18436044921881017, "lamda": 0.4355515228944106}, "datetime": {"datetime": "2021-09-23 17:41:46", "elapsed": 283.855816, "delta": 1.089657}}
{"target": 0.4445354671809314, "params": {"C": 15.169233250642323, "epsilon": 0.007857518779098974, "gamma": 0.02129170526400611, "lamda": 0.19993772409822674}, "datetime": {"datetime": "2021-09-23 17:41:48", "elapsed": 286.347514, "delta": 2.491698}}
{"target": 0.40577195094226115, "params": {"C": 15.323065058726057, "epsilon": 0.0588862115516837, "gamma": 0.13302186319269227, "lamda": 0.15984177595587887}, "datetime": {"datetime": "2021-09-23 17:41:50", "elapsed": 288.357248, "delta": 2.009734}}
{"target": 0.08654237490266792, "params": {"C": 14.939316870273409, "epsilon": 0.2851076528089276, "gamma": 0.8141389779654923, "lamda": 0.5989330109431352}, "datetime": {"datetime": "2021-09-23 17:41:51", "elapsed": 289.508306, "delta": 1.151058}}
{"target": 0.3016112681998946, "params": {"C": 60.170310383116025, "epsilon": 0.5747320988215523, "gamma": 0.35619227682107935, "lamda": 0.12965282525940178}, "datetime": {"datetime": "2021-09-23 17:41:52", "elapsed": 290.59689, "delta": 1.088584}}
{"target": 0.3743955396338903, "params": {"C": 14.492330028174717, "epsilon": 0.12793189880051054, "gamma": 0.1836184661655035, "lamda": 0.4531983685323397}, "datetime": {"datetime": "2021-09-23 17:41:55", "elapsed": 293.006561, "delta": 2.409671}}
{"target": 0.36653447003323747, "params": {"C": 52.86162582862718, "epsilon": 0.1891427017090981, "gamma": 0.001, "lamda": 0.3467498013791893}, "datetime": {"datetime": "2021-09-23 17:41:56", "elapsed": 294.677142, "delta": 1.670581}}
{"target": 0.3803901708527614, "params": {"C": 14.517348019190024, "epsilon": 0.4163338959476803, "gamma": 0.1760088967849652, "lamda": 0.29949333239773895}, "datetime": {"datetime": "2021-09-23 17:41:59", "elapsed": 297.378593, "delta": 2.701451}}
{"target": 0.3449307615133681, "params": {"C": 41.31822653770701, "epsilon": 0.19752115934239692, "gamma": 0.20702859365482712, "lamda": 0.7515953981848158}, "datetime": {"datetime": "2021-09-23 17:42:00", "elapsed": 298.402593, "delta": 1.024}}
{"target": 0.4411314355367534, "params": {"C": 14.968663124276478, "epsilon": 0.022931568033866763, "gamma": 0.016184322938016922, "lamda": 0.47114459711391393}, "datetime": {"datetime": "2021-09-23 17:42:02", "elapsed": 300.728108, "delta": 2.325515}}
{"target": 0.3939613562080574, "params": {"C": 75.12611749999299, "epsilon": 0.3075055679597424, "gamma": 0.001, "lamda": 0.6723766642685725}, "datetime": {"datetime": "2021-09-23 17:42:05", "elapsed": 303.000452, "delta": 2.272344}}
{"target": 0.41279420874970085, "params": {"C": 13.94328761732967, "epsilon": 0.534365983968509, "gamma": 0.12090432838239211, "lamda": 0.9444106682627611}, "datetime": {"datetime": "2021-09-23 17:42:07", "elapsed": 305.229833, "delta": 2.229381}}
{"target": 0.3426342126831904, "params": {"C": 13.67966552474375, "epsilon": 0.359535730571988, "gamma": 0.23523738208634373, "lamda": 0.985411062633}, "datetime": {"datetime": "2021-09-23 17:42:09", "elapsed": 307.228628, "delta": 1.998795}}
{"target": 0.35201453238532243, "params": {"C": 53.154702645993325, "epsilon": 0.7386911074474036, "gamma": 0.001, "lamda": 0.9866917947901341}, "datetime": {"datetime": "2021-09-23 17:42:11", "elapsed": 308.976642, "delta": 1.748014}}
{"target": 0.18285289753008338, "params": {"C": 66.94943563881098, "epsilon": 0.9618673838210924, "gamma": 0.8404758255726265, "lamda": 0.7406629592818491}, "datetime": {"datetime": "2021-09-23 17:42:12", "elapsed": 309.996724, "delta": 1.020082}}
{"target": 0.37135048107152613, "params": {"C": 59.31873746308486, "epsilon": 0.6348244805333197, "gamma": 0.001, "lamda": 0.6131104998003666}, "datetime": {"datetime": "2021-09-23 17:42:14", "elapsed": 312.245162, "delta": 2.248438}}
{"target": 0.4272182401036442, "params": {"C": 75.3371301433022, "epsilon": 0.6274271390045385, "gamma": 0.030765492124836213, "lamda": 0.365679767773829}, "datetime": {"datetime": "2021-09-23 17:42:16", "elapsed": 314.236563, "delta": 1.991401}}
{"target": 0.3179399330711665, "params": {"C": 38.02324862281009, "epsilon": 0.7432849453131785, "gamma": 0.001, "lamda": 1.0}, "datetime": {"datetime": "2021-09-23 17:42:18", "elapsed": 316.647612, "delta": 2.411049}}
{"target": 0.37514401325705893, "params": {"C": 60.33444678214242, "epsilon": 0.35543400551999627, "gamma": 0.001, "lamda": 0.6898271983362385}, "datetime": {"datetime": "2021-09-23 17:42:21", "elapsed": 319.029002, "delta": 2.38139}}
{"target": 0.35880873887685494, "params": {"C": 52.553572937699386, "epsilon": 0.4111015352135958, "gamma": 0.001, "lamda": 1.0}, "datetime": {"datetime": "2021-09-23 17:42:23", "elapsed": 321.030751, "delta": 2.001749}}
{"target": 0.4198197452459377, "params": {"C": 14.92848170282667, "epsilon": 0.10487741776793659, "gamma": 0.10420318310080096, "lamda": 0.7538409192487925}, "datetime": {"datetime": "2021-09-23 17:42:25", "elapsed": 322.962141, "delta": 1.93139}}
{"target": 0.4458940242170183, "params": {"C": 15.906815885402978, "epsilon": 0.5939894154182045, "gamma": 0.048469923568251104, "lamda": 0.07170140003117789}, "datetime": {"datetime": "2021-09-23 17:42:26", "elapsed": 324.610499, "delta": 1.648358}}
{"target": 0.4329203420772023, "params": {"C": 15.611089835275274, "epsilon": 0.11678816289342586, "gamma": 0.0762809011990274, "lamda": 0.47092085105532344}, "datetime": {"datetime": "2021-09-23 17:42:27", "elapsed": 325.740188, "delta": 1.129689}}
{"target": 0.2756281532184872, "params": {"C": 93.0237486425803, "epsilon": 0.5530863573098919, "gamma": 0.5281448780803445, "lamda": 0.281918715278068}, "datetime": {"datetime": "2021-09-23 17:42:29", "elapsed": 326.893408, "delta": 1.15322}}
{"target": 0.34434532123856176, "params": {"C": 15.971904759800466, "epsilon": 0.45741759976294843, "gamma": 0.23889269128939433, "lamda": 0.0334005022378356}, "datetime": {"datetime": "2021-09-23 17:42:31", "elapsed": 329.302294, "delta": 2.408886}}
{"target": 0.44653740715149326, "params": {"C": 32.095316050417836, "epsilon": 0.9834082871638468, "gamma": 0.020830421059560678, "lamda": 0.7178863977263992}, "datetime": {"datetime": "2021-09-23 17:42:32", "elapsed": 330.703786, "delta": 1.401492}}
{"target": 0.4460719103303571, "params": {"C": 15.095753647011366, "epsilon": 0.2682259080326145, "gamma": 0.0321487025588161, "lamda": 0.24620723833726463}, "datetime": {"datetime": "2021-09-23 17:42:36", "elapsed": 334.260777, "delta": 3.556991}}
{"target": 0.32372161246678643, "params": {"C": 37.85291083487648, "epsilon": 0.42901359542571627, "gamma": 0.001, "lamda": 1.0}, "datetime": {"datetime": "2021-09-23 17:42:39", "elapsed": 336.915943, "delta": 2.655166}}
{"target": 0.07009944068818863, "params": {"C": 14.225478920176998, "epsilon": 0.22634026522423198, "gamma": 0.8801114141431328, "lamda": 0.12104663960663717}, "datetime": {"datetime": "2021-09-23 17:42:40", "elapsed": 338.126145, "delta": 1.210202}}
{"target": 0.3913741678330662, "params": {"C": 15.357390777848305, "epsilon": 0.46257657553920256, "gamma": 0.15919216247689436, "lamda": 0.6220236680349553}, "datetime": {"datetime": "2021-09-23 17:42:42", "elapsed": 340.711634, "delta": 2.585489}}
{"target": 0.1516251297584229, "params": {"C": 41.79975685648894, "epsilon": 0.24171984813997843, "gamma": 0.9040347824009041, "lamda": 0.029694335349198644}, "datetime": {"datetime": "2021-09-23 17:42:44", "elapsed": 341.862675, "delta": 1.151041}}
{"target": 0.2850344101305108, "params": {"C": 99.04751612800811, "epsilon": 0.9073606546182439, "gamma": 0.41022110015756147, "lamda": 0.23156425085197116}, "datetime": {"datetime": "2021-09-23 17:42:45", "elapsed": 343.005153, "delta": 1.142478}}
{"target": 0.3554969651518678, "params": {"C": 41.030218437668154, "epsilon": 0.4035820828436675, "gamma": 0.18901779159952764, "lamda": 0.025273151032465004}, "datetime": {"datetime": "2021-09-23 17:42:46", "elapsed": 344.302269, "delta": 1.297116}}
{"target": 0.40486247946161735, "params": {"C": 75.5055446869953, "epsilon": 0.8460594870200558, "gamma": 0.05760673425169845, "lamda": 0.11742133174960141}, "datetime": {"datetime": "2021-09-23 17:42:48", "elapsed": 346.366831, "delta": 2.064562}}
{"target": 0.18296855627887565, "params": {"C": 64.82914024759594, "epsilon": 0.11222560368490604, "gamma": 0.9071230237261381, "lamda": 0.3743266280734886}, "datetime": {"datetime": "2021-09-23 17:42:49", "elapsed": 347.490494, "delta": 1.123663}}
{"target": 0.393089470169687, "params": {"C": 75.05726734646221, "epsilon": 0.6898835302723714, "gamma": 0.001, "lamda": 0.39378951313864646}, "datetime": {"datetime": "2021-09-23 17:42:51", "elapsed": 349.679502, "delta": 2.189008}}
{"target": 0.39974043124027825, "params": {"C": 53.5464679381496, "epsilon": 0.7567719185711513, "gamma": 0.08111202706309659, "lamda": 0.7382363741178725}, "datetime": {"datetime": "2021-09-23 17:42:54", "elapsed": 352.072535, "delta": 2.393033}}
{"target": 0.0632321103704715, "params": {"C": 6.411002724942238, "epsilon": 0.7540061679985295, "gamma": 0.6505852705544313, "lamda": 0.8887956157991952}, "datetime": {"datetime": "2021-09-23 17:42:55", "elapsed": 353.254552, "delta": 1.182017}}
{"target": 0.3640671118414571, "params": {"C": 31.958515953641445, "epsilon": 0.88590098990455, "gamma": 0.1860611856521078, "lamda": 0.605313687771496}, "datetime": {"datetime": "2021-09-23 17:42:57", "elapsed": 355.455129, "delta": 2.200577}}
{"target": 0.015459538595212763, "params": {"C": 4.513127218362786, "epsilon": 0.5127968986460529, "gamma": 0.9403628406232155, "lamda": 0.6903091676114822}, "datetime": {"datetime": "2021-09-23 17:42:58", "elapsed": 356.647259, "delta": 1.19213}}
{"target": 0.19235138747559166, "params": {"C": 15.116488214456524, "epsilon": 0.16435043757166815, "gamma": 0.001, "lamda": 1.0}, "datetime": {"datetime": "2021-09-23 17:43:01", "elapsed": 359.629664, "delta": 2.982405}}
{"target": 0.19978301761854733, "params": {"C": 91.57263322529647, "epsilon": 0.8053927304202613, "gamma": 0.8980866559195465, "lamda": 0.1512610939776982}, "datetime": {"datetime": "2021-09-23 17:43:03", "elapsed": 360.789715, "delta": 1.160051}}
{"target": 0.3601908762628194, "params": {"C": 51.57825620960035, "epsilon": 0.585670755686059, "gamma": 0.001, "lamda": 0.47616616339999995}, "datetime": {"datetime": "2021-09-23 17:43:05", "elapsed": 362.829316, "delta": 2.039601}}
{"target": 0.4489080552294896, "params": {"C": 14.348915491636054, "epsilon": 0.39749850724043795, "gamma": 0.03405535487300082, "lamda": 1.0}, "datetime": {"datetime": "2021-09-23 17:43:07", "elapsed": 365.193061, "delta": 2.363745}}
{"target": 0.3572178082995693, "params": {"C": 52.19742289301845, "epsilon": 0.5984846284048807, "gamma": 0.001, "lamda": 0.811624441926411}, "datetime": {"datetime": "2021-09-23 17:43:09", "elapsed": 367.363013, "delta": 2.169952}}
{"target": 0.4476198652414187, "params": {"C": 32.20505155393978, "epsilon": 0.8602952973135493, "gamma": 0.019131991818997253, "lamda": 0.9015801270235758}, "datetime": {"datetime": "2021-09-23 17:43:11", "elapsed": 369.438683, "delta": 2.07567}}
{"target": 0.3643033766498023, "params": {"C": 58.641772480133625, "epsilon": 0.7968982015611308, "gamma": 0.001, "lamda": 0.762385208858109}, "datetime": {"datetime": "2021-09-23 17:43:15", "elapsed": 372.804718, "delta": 3.366035}}
{"target": 0.30538130816873577, "params": {"C": 85.98894894206703, "epsilon": 0.9728395764941067, "gamma": 0.27780086676500365, "lamda": 0.40295352457972017}, "datetime": {"datetime": "2021-09-23 17:43:16", "elapsed": 374.438683, "delta": 1.633965}}
{"target": 0.3779153862842378, "params": {"C": 60.243960038898656, "epsilon": 0.676715111328829, "gamma": 0.001, "lamda": 0.1749370007588912}, "datetime": {"datetime": "2021-09-23 17:43:19", "elapsed": 377.283363, "delta": 2.84468}}
{"target": 0.37910306447902353, "params": {"C": 38.18049508502019, "epsilon": 0.34720113350972703, "gamma": 0.12766694778557633, "lamda": 0.8713653518377977}, "datetime": {"datetime": "2021-09-23 17:43:22", "elapsed": 379.789434, "delta": 2.506071}}
{"target": 0.4283584575159264, "params": {"C": 14.032929340198502, "epsilon": 0.013827355908996464, "gamma": 0.08672618381992887, "lamda": 0.8265123891322336}, "datetime": {"datetime": "2021-09-23 17:43:24", "elapsed": 382.703953, "delta": 2.914519}}
{"target": 0.3328107912603381, "params": {"C": 32.074440431028584, "epsilon": 0.8239540910337575, "gamma": 0.2909256957998387, "lamda": 0.9569129024861694}, "datetime": {"datetime": "2021-09-23 17:43:27", "elapsed": 384.854912, "delta": 2.150959}}
{"target": 0.2940194745664707, "params": {"C": 31.998771365690665, "epsilon": 1.0, "gamma": 0.001, "lamda": 0.9537009529786493}, "datetime": {"datetime": "2021-09-23 17:43:29", "elapsed": 386.826017, "delta": 1.971105}}
{"target": 0.44109456875736963, "params": {"C": 32.02373522394218, "epsilon": 0.9791116227435963, "gamma": 0.03585849319118299, "lamda": 0.7114788684841915}, "datetime": {"datetime": "2021-09-23 17:43:30", "elapsed": 388.228972, "delta": 1.402955}}
{"target": 0.37860057347758913, "params": {"C": 59.973580628117396, "epsilon": 0.18190411998120332, "gamma": 0.09455202647775403, "lamda": 0.9590344787351095}, "datetime": {"datetime": "2021-09-23 17:43:32", "elapsed": 390.572723, "delta": 2.343751}}
{"target": 0.39397370670302634, "params": {"C": 75.69550320221244, "epsilon": 0.7090744941234781, "gamma": 0.001, "lamda": 0.3559046130396804}, "datetime": {"datetime": "2021-09-23 17:43:35", "elapsed": 393.103356, "delta": 2.530633}}
{"target": 0.3025106549388281, "params": {"C": 32.23972652657911, "epsilon": 0.7336991768125286, "gamma": 0.001, "lamda": 0.6965685473818907}, "datetime": {"datetime": "2021-09-23 17:43:37", "elapsed": 395.356148, "delta": 2.252792}}
{"target": 0.42918512937331077, "params": {"C": 32.492145091073425, "epsilon": 0.9479865914722481, "gamma": 0.05795667171915975, "lamda": 0.8894463038275879}, "datetime": {"datetime": "2021-09-23 17:43:40", "elapsed": 398.606041, "delta": 3.249893}}
{"target": 0.19298651343159579, "params": {"C": 15.161544432735134, "epsilon": 0.5566153276735948, "gamma": 0.001, "lamda": 0.4368093947933195}, "datetime": {"datetime": "2021-09-23 17:43:43", "elapsed": 401.537729, "delta": 2.931688}}
{"target": 0.28164758400975576, "params": {"C": 72.06972449907467, "epsilon": 0.774381905686811, "gamma": 0.5130661267540851, "lamda": 0.5047248204877529}, "datetime": {"datetime": "2021-09-23 17:43:45", "elapsed": 402.895448, "delta": 1.357719}}
{"target": 0.2888518941035635, "params": {"C": 46.4561560856664, "epsilon": 0.47841399562921433, "gamma": 0.46601320611217, "lamda": 0.6363153628265641}, "datetime": {"datetime": "2021-09-23 17:43:46", "elapsed": 404.125808, "delta": 1.23036}}
{"target": 0.19755754443564288, "params": {"C": 15.737923503040319, "epsilon": 1.0, "gamma": 0.001, "lamda": 0.001}, "datetime": {"datetime": "2021-09-23 17:43:49", "elapsed": 406.856462, "delta": 2.730654}}
