{"target": 0.28558791406480133, "params": {"C": 69.87516401251975, "epsilon": 0.6009762194077778, "gamma": 0.4747071472211546, "lamda": 0.15764788537429314}, "datetime": {"datetime": "2021-09-23 17:37:28", "elapsed": 26.500826, "delta": 0.488001}}
{"target": 0.19832756656902084, "params": {"C": 15.810053778639828, "epsilon": 0.46471511676257204, "gamma": 0.001, "lamda": 0.6027178847350221}, "datetime": {"datetime": "2021-09-23 17:37:29", "elapsed": 27.206694, "delta": 0.705868}}
{"target": 0.3393137923188895, "params": {"C": 42.621481397184596, "epsilon": 0.36353674130671493, "gamma": 0.21707443740304394, "lamda": 0.6437736005301752}, "datetime": {"datetime": "2021-09-23 17:37:29", "elapsed": 27.662818, "delta": 0.456124}}
{"target": 0.4410415775112685, "params": {"C": 15.209269650763767, "epsilon": 0.012184013298371838, "gamma": 0.016564715388370115, "lamda": 0.8436247125622224}, "datetime": {"datetime": "2021-09-23 17:37:31", "elapsed": 29.050517, "delta": 1.387699}}
{"target": 0.4381423746897697, "params": {"C": 14.547987606846869, "epsilon": 0.24424608408407686, "gamma": 0.06766642048434152, "lamda": 0.9712191380798141}, "datetime": {"datetime": "2021-09-23 17:37:32", "elapsed": 30.748054, "delta": 1.697537}}
{"target": 0.44426792729185216, "params": {"C": 15.526637969852903, "epsilon": 0.09345127444804588, "gamma": 0.025401164449156226, "lamda": 0.16561809548440418}, "datetime": {"datetime": "2021-09-23 17:37:33", "elapsed": 31.664642, "delta": 0.916588}}
{"target": 0.4122188147173662, "params": {"C": 53.0189479401897, "epsilon": 0.39112585633111396, "gamma": 0.067397724623434, "lamda": 0.1212712390698283}, "datetime": {"datetime": "2021-09-23 17:37:34", "elapsed": 32.345603, "delta": 0.680961}}
{"target": 0.3015579744635689, "params": {"C": 53.341843777801024, "epsilon": 0.4674718960334987, "gamma": 0.39707378072367383, "lamda": 0.42367617965384685}, "datetime": {"datetime": "2021-09-23 17:37:35", "elapsed": 32.903686, "delta": 0.558083}}
{"target": 0.36677377314250104, "params": {"C": 52.51588631325999, "epsilon": 0.27220162858167035, "gamma": 0.001, "lamda": 0.001}, "datetime": {"datetime": "2021-09-23 17:37:35", "elapsed": 33.762751, "delta": 0.859065}}
{"target": 0.44304213464143405, "params": {"C": 15.37368646956427, "epsilon": 0.03962084129648093, "gamma": 0.01801096024237276, "lamda": 0.45244764050014696}, "datetime": {"datetime": "2021-09-23 17:37:36", "elapsed": 34.649755, "delta": 0.887004}}
{"target": 0.3239405387894082, "params": {"C": 38.48785048971415, "epsilon": 1.0, "gamma": 0.001, "lamda": 0.5489343682675253}, "datetime": {"datetime": "2021-09-23 17:37:37", "elapsed": 35.645332, "delta": 0.995577}}
{"target": 0.4101361821197256, "params": {"C": 15.32133677183379, "epsilon": 0.3979323681506716, "gamma": 0.006460295226050733, "lamda": 0.9664970150013633}, "datetime": {"datetime": "2021-09-23 17:37:38", "elapsed": 36.357334, "delta": 0.712002}}
{"target": 0.3405748401435673, "params": {"C": 41.50951979825086, "epsilon": 0.07435844986405994, "gamma": 0.001, "lamda": 0.9854319227281267}, "datetime": {"datetime": "2021-09-23 17:37:39", "elapsed": 37.47552, "delta": 1.118186}}
{"target": 0.3915931169768655, "params": {"C": 52.65138731121122, "epsilon": 0.79123950016452, "gamma": 0.08647016462141066, "lamda": 0.3394084964975071}, "datetime": {"datetime": "2021-09-23 17:37:40", "elapsed": 38.513542, "delta": 1.038022}}
{"target": 0.4345655037049797, "params": {"C": 52.71843462345845, "epsilon": 0.13958630270022773, "gamma": 0.027214758616589646, "lamda": 0.6099715579871436}, "datetime": {"datetime": "2021-09-23 17:37:41", "elapsed": 39.122702, "delta": 0.60916}}
{"target": 0.4446417013099102, "params": {"C": 52.30075439212992, "epsilon": 0.339605642739049, "gamma": 0.005942785433846011, "lamda": 0.8003674969992303}, "datetime": {"datetime": "2021-09-23 17:37:41", "elapsed": 39.763527, "delta": 0.640825}}
{"target": 0.2046960434623476, "params": {"C": 21.882276472969394, "epsilon": 0.21783762352430494, "gamma": 0.5431672062022508, "lamda": 0.5396470895607841}, "datetime": {"datetime": "2021-09-23 17:37:42", "elapsed": 40.312145, "delta": 0.548618}}
{"target": 0.32458530015853104, "params": {"C": 58.78923818091105, "epsilon": 0.08104446553909957, "gamma": 0.19725647760279147, "lamda": 0.923465554364581}, "datetime": {"datetime": "2021-09-23 17:37:43", "elapsed": 40.862148, "delta": 0.550003}}
{"target": 0.28914774884524175, "params": {"C": 52.40951961472475, "epsilon": 0.28600304290727613, "gamma": 0.4709952423021152, "lamda": 0.616526681320896}, "datetime": {"datetime": "2021-09-23 17:37:43", "elapsed": 41.511293, "delta": 0.649145}}
{"target": 0.42888757204456796, "params": {"C": 51.90828509356098, "epsilon": 0.6110644418122174, "gamma": 0.002583979621266245, "lamda": 0.5362149830587447}, "datetime": {"datetime": "2021-09-23 17:37:44", "elapsed": 42.225295, "delta": 0.714002}}
{"target": 0.2987640514700678, "params": {"C": 80.9320252406822, "epsilon": 0.8625857644608238, "gamma": 0.2090793284490468, "lamda": 0.13644437611150143}, "datetime": {"datetime": "2021-09-23 17:37:45", "elapsed": 42.969461, "delta": 0.744166}}
{"target": 0.41914111884727967, "params": {"C": 52.31537562675523, "epsilon": 0.8788064479728799, "gamma": 0.055419693089408764, "lamda": 0.7156919051287015}, "datetime": {"datetime": "2021-09-23 17:37:45", "elapsed": 43.756289, "delta": 0.786828}}
{"target": 0.40951736173808106, "params": {"C": 51.55472435248554, "epsilon": 0.3793468025783835, "gamma": 0.0649667395392138, "lamda": 0.8541543513062947}, "datetime": {"datetime": "2021-09-23 17:37:46", "elapsed": 44.583289, "delta": 0.827}}
{"target": 0.4044146301206477, "params": {"C": 51.45606315686207, "epsilon": 0.9838627659171596, "gamma": 0.08051341262359756, "lamda": 0.8403187833139928}, "datetime": {"datetime": "2021-09-23 17:37:47", "elapsed": 45.440286, "delta": 0.856997}}
{"target": 0.31323212776876264, "params": {"C": 50.00695406998518, "epsilon": 0.6162574794018646, "gamma": 0.3440017555279356, "lamda": 0.7909729386236388}, "datetime": {"datetime": "2021-09-23 17:37:48", "elapsed": 46.018225, "delta": 0.577939}}
{"target": 0.26301460952783284, "params": {"C": 17.536313031606074, "epsilon": 0.509315107311032, "gamma": 0.38199660205984365, "lamda": 0.041342107389971086}, "datetime": {"datetime": "2021-09-23 17:37:48", "elapsed": 46.775831, "delta": 0.757606}}
{"target": 0.37015600798135717, "params": {"C": 29.231143366356367, "epsilon": 0.9650985299906029, "gamma": 0.1794738748447053, "lamda": 0.5384337551488335}, "datetime": {"datetime": "2021-09-23 17:37:49", "elapsed": 47.591324, "delta": 0.815493}}
{"target": 0.2946282320999296, "params": {"C": 51.56763058065516, "epsilon": 0.7824113085544382, "gamma": 0.441514194791595, "lamda": 0.41725299670282456}, "datetime": {"datetime": "2021-09-23 17:37:50", "elapsed": 48.250324, "delta": 0.659}}
{"target": 0.3577346323654851, "params": {"C": 21.884684589642454, "epsilon": 0.7638231800679529, "gamma": 0.23431490096531635, "lamda": 0.2437610325712887}, "datetime": {"datetime": "2021-09-23 17:37:51", "elapsed": 48.85779, "delta": 0.607466}}
{"target": 0.31622439458768603, "params": {"C": 51.93720742337528, "epsilon": 0.7156040795814068, "gamma": 0.33095634904083077, "lamda": 0.9154682853626678}, "datetime": {"datetime": "2021-09-23 17:37:51", "elapsed": 49.504786, "delta": 0.646996}}
{"target": 0.16751377794570665, "params": {"C": 55.861860858539124, "epsilon": 0.4939629615930457, "gamma": 0.9168734772480613, "lamda": 0.6877213560088736}, "datetime": {"datetime": "2021-09-23 17:37:52", "elapsed": 50.011428, "delta": 0.506642}}
{"target": 0.4275651489090242, "params": {"C": 52.83019311730491, "epsilon": 0.469440730014528, "gamma": 0.04386850944594263, "lamda": 0.8758994679507537}, "datetime": {"datetime": "2021-09-23 17:37:53", "elapsed": 50.978498, "delta": 0.96707}}
{"target": 0.4137843323004521, "params": {"C": 51.799985097531454, "epsilon": 0.042796889849768684, "gamma": 0.06609060471679506, "lamda": 0.8258165352732822}, "datetime": {"datetime": "2021-09-23 17:37:54", "elapsed": 52.077498, "delta": 1.099}}
{"target": 0.4232827443057078, "params": {"C": 51.72783532424526, "epsilon": 0.07577094725288094, "gamma": 0.04796360147315203, "lamda": 0.19695078267732943}, "datetime": {"datetime": "2021-09-23 17:37:55", "elapsed": 53.054341, "delta": 0.976843}}
{"target": 0.416516223659145, "params": {"C": 51.12914096777185, "epsilon": 0.08788944402639833, "gamma": 0.0621344895849539, "lamda": 0.5931596351713231}, "datetime": {"datetime": "2021-09-23 17:37:56", "elapsed": 53.86797, "delta": 0.813629}}
{"target": 0.34985390915140235, "params": {"C": 50.91566315329738, "epsilon": 0.5521188994148651, "gamma": 0.16719244977853015, "lamda": 0.8585352439734705}, "datetime": {"datetime": "2021-09-23 17:37:57", "elapsed": 54.876672, "delta": 1.008702}}
{"target": 0.3960037944902587, "params": {"C": 50.898571911462405, "epsilon": 0.13001851363548944, "gamma": 0.08985139771589667, "lamda": 0.09767624751071158}, "datetime": {"datetime": "2021-09-23 17:37:58", "elapsed": 55.929389, "delta": 1.052717}}
{"target": 0.2872303951512729, "params": {"C": 51.51715988132367, "epsilon": 0.033932714441055445, "gamma": 0.48784904308927957, "lamda": 0.25704986089155757}, "datetime": {"datetime": "2021-09-23 17:37:59", "elapsed": 56.812041, "delta": 0.882652}}
{"target": 0.04964898338802792, "params": {"C": 7.254306367231582, "epsilon": 0.06266225521797725, "gamma": 0.7641341104757222, "lamda": 0.025137513881293597}, "datetime": {"datetime": "2021-09-23 17:37:59", "elapsed": 57.568478, "delta": 0.756437}}
{"target": 0.32560204568633144, "params": {"C": 37.804920967075866, "epsilon": 0.7156345133349191, "gamma": 0.001, "lamda": 0.001}, "datetime": {"datetime": "2021-09-23 17:38:00", "elapsed": 58.696818, "delta": 1.12834}}
{"target": 0.35388330999286544, "params": {"C": 40.99456507495429, "epsilon": 0.40889996933821715, "gamma": 0.18953862699009422, "lamda": 0.09846027823495428}, "datetime": {"datetime": "2021-09-23 17:38:01", "elapsed": 59.577648, "delta": 0.88083}}
{"target": 0.3997898930577124, "params": {"C": 36.96706444099141, "epsilon": 0.4337160755143196, "gamma": 0.10000625239691766, "lamda": 0.03268543235960863}, "datetime": {"datetime": "2021-09-23 17:38:02", "elapsed": 60.322462, "delta": 0.744814}}
{"target": 0.4460555342391924, "params": {"C": 15.573790040454114, "epsilon": 0.022865864366418683, "gamma": 0.03256360148212903, "lamda": 0.19471174314995274}, "datetime": {"datetime": "2021-09-23 17:38:03", "elapsed": 61.164032, "delta": 0.84157}}
{"target": 0.27191832001793226, "params": {"C": 36.40425474688838, "epsilon": 0.5111231846632109, "gamma": 0.48707456868592264, "lamda": 0.22927080464074429}, "datetime": {"datetime": "2021-09-23 17:38:04", "elapsed": 62.110678, "delta": 0.946646}}
{"target": 0.20025477019638405, "params": {"C": 16.072054315126636, "epsilon": 0.001, "gamma": 0.001, "lamda": 0.001}, "datetime": {"datetime": "2021-09-23 17:38:05", "elapsed": 63.258509, "delta": 1.147831}}
{"target": 0.4055887355620098, "params": {"C": 4.7740312711640875, "epsilon": 0.12844123143067165, "gamma": 0.06018332777355179, "lamda": 0.23314842823121634}, "datetime": {"datetime": "2021-09-23 17:38:06", "elapsed": 64.078948, "delta": 0.820439}}
{"target": 0.16014852428476434, "params": {"C": 81.23222547924219, "epsilon": 0.8003086809974951, "gamma": 0.9439855905841644, "lamda": 0.8841234714940185}, "datetime": {"datetime": "2021-09-23 17:38:06", "elapsed": 64.740946, "delta": 0.661998}}
{"target": 0.4055326770404668, "params": {"C": 4.946837544702781, "epsilon": 0.6953309508699688, "gamma": 0.06375221639232957, "lamda": 0.1044608516107996}, "datetime": {"datetime": "2021-09-23 17:38:07", "elapsed": 65.757037, "delta": 1.016091}}
{"target": 0.13960274811845297, "params": {"C": 5.205004172140113, "epsilon": 0.46299986758995226, "gamma": 0.3837208015771267, "lamda": 0.5068636842296833}, "datetime": {"datetime": "2021-09-23 17:38:08", "elapsed": 66.62104, "delta": 0.864003}}
{"target": 0.37227295256438186, "params": {"C": 4.221812323842279, "epsilon": 0.1924013695036945, "gamma": 0.09915379880512312, "lamda": 0.019586328648934066}, "datetime": {"datetime": "2021-09-23 17:38:10", "elapsed": 67.917713, "delta": 1.296673}}
{"target": 0.4496888578756122, "params": {"C": 52.70807850852342, "epsilon": 0.9313847507773565, "gamma": 0.014811382704453601, "lamda": 0.997119133674233}, "datetime": {"datetime": "2021-09-23 17:38:11", "elapsed": 69.224244, "delta": 1.306531}}
{"target": 0.4367220800973941, "params": {"C": 52.33648465883166, "epsilon": 0.33261508308573673, "gamma": 0.025373790336708998, "lamda": 0.7958828815197401}, "datetime": {"datetime": "2021-09-23 17:38:12", "elapsed": 70.213787, "delta": 0.989543}}
{"target": 0.4074381194027501, "params": {"C": 4.932148342221757, "epsilon": 0.684298818277953, "gamma": 0.060490686583900416, "lamda": 0.1368666102145086}, "datetime": {"datetime": "2021-09-23 17:38:13", "elapsed": 71.102405, "delta": 0.888618}}
{"target": 0.36534926594466943, "params": {"C": 4.3116893637515865, "epsilon": 0.9215980541069307, "gamma": 0.10929574232650249, "lamda": 0.14984028468244287}, "datetime": {"datetime": "2021-09-23 17:38:14", "elapsed": 72.336237, "delta": 1.233832}}
{"target": 0.4485031356373138, "params": {"C": 53.41582205945951, "epsilon": 0.857055271774508, "gamma": 0.006924023617509978, "lamda": 0.9360144537276958}, "datetime": {"datetime": "2021-09-23 17:38:15", "elapsed": 73.459431, "delta": 1.123194}}
{"target": 0.34374891065721924, "params": {"C": 53.93995884378677, "epsilon": 1.0, "gamma": 0.001, "lamda": 1.0}, "datetime": {"datetime": "2021-09-23 17:38:16", "elapsed": 74.28293, "delta": 0.823499}}
{"target": 0.27382163309349117, "params": {"C": 53.123265434297636, "epsilon": 0.983910939107772, "gamma": 0.5104174961140437, "lamda": 0.8931696674166069}, "datetime": {"datetime": "2021-09-23 17:38:17", "elapsed": 75.380391, "delta": 1.097461}}
{"target": 0.05972663326654992, "params": {"C": 4.290207421084904, "epsilon": 0.001, "gamma": 0.001, "lamda": 0.6926079943913067}, "datetime": {"datetime": "2021-09-23 17:38:18", "elapsed": 76.470706, "delta": 1.090315}}
{"target": 0.3662584282733192, "params": {"C": 52.15972884858552, "epsilon": 0.001, "gamma": 0.001, "lamda": 0.45337457804582293}, "datetime": {"datetime": "2021-09-23 17:38:20", "elapsed": 78.0526, "delta": 1.581894}}
{"target": 0.36872268749934445, "params": {"C": 38.67809686632699, "epsilon": 0.1986705314530039, "gamma": 0.14857009369560506, "lamda": 0.9986335633747493}, "datetime": {"datetime": "2021-09-23 17:38:21", "elapsed": 78.851847, "delta": 0.799247}}
{"target": 0.43782587922010263, "params": {"C": 37.43992613099137, "epsilon": 0.07547412792838788, "gamma": 0.027018005679459757, "lamda": 0.30958737920437235}, "datetime": {"datetime": "2021-09-23 17:38:22", "elapsed": 80.445164, "delta": 1.593317}}
{"target": 0.3248150623192002, "params": {"C": 37.019612214583795, "epsilon": 0.001, "gamma": 0.001, "lamda": 0.6002868939457754}, "datetime": {"datetime": "2021-09-23 17:38:24", "elapsed": 81.863578, "delta": 1.418414}}
{"target": 0.36185975419652594, "params": {"C": 53.39920858709379, "epsilon": 0.3299791049411191, "gamma": 0.001, "lamda": 1.0}, "datetime": {"datetime": "2021-09-23 17:38:25", "elapsed": 82.966582, "delta": 1.103004}}
{"target": 0.4317649043302987, "params": {"C": 37.80487691779813, "epsilon": 0.20487655257977777, "gamma": 0.04342027310980177, "lamda": 0.8515456342854896}, "datetime": {"datetime": "2021-09-23 17:38:26", "elapsed": 84.043259, "delta": 1.076677}}
{"target": 0.40735221299413815, "params": {"C": 62.758217185252306, "epsilon": 0.8159780580469286, "gamma": 0.061809464963214863, "lamda": 0.4426131121586037}, "datetime": {"datetime": "2021-09-23 17:38:27", "elapsed": 85.020571, "delta": 0.977312}}
{"target": 0.18030495927102874, "params": {"C": 26.10412107488124, "epsilon": 0.20511994448179954, "gamma": 0.6533660459929259, "lamda": 0.5531914616024157}, "datetime": {"datetime": "2021-09-23 17:38:28", "elapsed": 85.854677, "delta": 0.834106}}
{"target": 0.32751789512539387, "params": {"C": 38.00664003613571, "epsilon": 0.001, "gamma": 0.001, "lamda": 0.39299932672231963}, "datetime": {"datetime": "2021-09-23 17:38:29", "elapsed": 87.377675, "delta": 1.522998}}
{"target": 0.3233886515814136, "params": {"C": 37.53593441972923, "epsilon": 0.4031573704379291, "gamma": 0.32417565927376013, "lamda": 0.5811418227370191}, "datetime": {"datetime": "2021-09-23 17:38:30", "elapsed": 88.436677, "delta": 1.059002}}
{"target": 0.31150214197874826, "params": {"C": 37.31975724727666, "epsilon": 0.09920591521529416, "gamma": 0.3726689241830819, "lamda": 0.005075227600213873}, "datetime": {"datetime": "2021-09-23 17:38:31", "elapsed": 89.483678, "delta": 1.047001}}
{"target": 0.31256113714389744, "params": {"C": 62.196780653997685, "epsilon": 0.7662075198576914, "gamma": 0.2746391332585455, "lamda": 0.527444906866371}, "datetime": {"datetime": "2021-09-23 17:38:32", "elapsed": 90.572682, "delta": 1.089004}}
{"target": 0.3437086148801517, "params": {"C": 63.38363645887594, "epsilon": 0.8374193913299387, "gamma": 0.15259650859420515, "lamda": 0.48111864227970114}, "datetime": {"datetime": "2021-09-23 17:38:33", "elapsed": 91.632678, "delta": 1.059996}}
{"target": 0.35475580460424516, "params": {"C": 53.06846361062807, "epsilon": 1.0, "gamma": 0.001, "lamda": 0.6482049714077529}, "datetime": {"datetime": "2021-09-23 17:38:34", "elapsed": 92.748679, "delta": 1.116001}}
{"target": 0.43484217796181956, "params": {"C": 51.28198898436959, "epsilon": 0.39258776322323435, "gamma": 0.027123141153477415, "lamda": 0.247341628580732}, "datetime": {"datetime": "2021-09-23 17:38:36", "elapsed": 93.879681, "delta": 1.131002}}
{"target": 0.3831539987117273, "params": {"C": 62.85586813762496, "epsilon": 0.4231232541378198, "gamma": 0.001, "lamda": 0.001}, "datetime": {"datetime": "2021-09-23 17:38:37", "elapsed": 95.473676, "delta": 1.593995}}
{"target": 0.36359749028619637, "params": {"C": 50.900125409687305, "epsilon": 0.792281075827905, "gamma": 0.001, "lamda": 0.023509739629104905}, "datetime": {"datetime": "2021-09-23 17:38:38", "elapsed": 96.761678, "delta": 1.288002}}
{"target": 0.1769692803732531, "params": {"C": 4.705995804923844, "epsilon": 0.4318957704842494, "gamma": 0.307702512925297, "lamda": 0.005996369110468669}, "datetime": {"datetime": "2021-09-23 17:38:39", "elapsed": 97.762678, "delta": 1.001}}
{"target": 0.3797119858222895, "params": {"C": 62.875511547262484, "epsilon": 0.302577986739875, "gamma": 0.001, "lamda": 0.6284275093637242}, "datetime": {"datetime": "2021-09-23 17:38:41", "elapsed": 98.948675, "delta": 1.185997}}
{"target": 0.4284999588491786, "params": {"C": 75.20321865083125, "epsilon": 0.6634494066996538, "gamma": 0.02424415222070339, "lamda": 0.12250974239354528}, "datetime": {"datetime": "2021-09-23 17:38:42", "elapsed": 100.106677, "delta": 1.158002}}
{"target": 0.2689537028763509, "params": {"C": 19.17786850578678, "epsilon": 0.5150994872668108, "gamma": 0.3845335928098271, "lamda": 0.16902231293007322}, "datetime": {"datetime": "2021-09-23 17:38:43", "elapsed": 100.990679, "delta": 0.884002}}
{"target": 0.189414054633381, "params": {"C": 14.670830777851512, "epsilon": 0.001, "gamma": 0.001, "lamda": 0.08179796385564092}, "datetime": {"datetime": "2021-09-23 17:38:44", "elapsed": 102.693745, "delta": 1.703066}}
{"target": 0.3652493753709717, "params": {"C": 51.73560084102869, "epsilon": 0.4925121642179035, "gamma": 0.001, "lamda": 0.031158452401719418}, "datetime": {"datetime": "2021-09-23 17:38:46", "elapsed": 104.448139, "delta": 1.754394}}
{"target": 0.3530878642350208, "params": {"C": 74.84439771626027, "epsilon": 0.8899401864951897, "gamma": 0.1118788673145267, "lamda": 0.021094967008677187}, "datetime": {"datetime": "2021-09-23 17:38:47", "elapsed": 105.381198, "delta": 0.933059}}
{"target": 0.35326379521458506, "params": {"C": 14.826955120195242, "epsilon": 0.001, "gamma": 0.21739117605790795, "lamda": 1.0}, "datetime": {"datetime": "2021-09-23 17:38:48", "elapsed": 106.373084, "delta": 0.991886}}
{"target": 0.4460817630405296, "params": {"C": 14.234163552951227, "epsilon": 0.0799491084852394, "gamma": 0.04761867994395269, "lamda": 0.6614969722987886}, "datetime": {"datetime": "2021-09-23 17:38:49", "elapsed": 107.400928, "delta": 1.027844}}
{"target": 0.29135647104426565, "params": {"C": 75.30735013968099, "epsilon": 0.26459663756180446, "gamma": 0.2578283798237212, "lamda": 0.002091244643750459}, "datetime": {"datetime": "2021-09-23 17:38:50", "elapsed": 108.223135, "delta": 0.822207}}
{"target": 0.4406512327645554, "params": {"C": 51.57433048147128, "epsilon": 0.3034513181565977, "gamma": 0.016202748321612163, "lamda": 0.47830977910766653}, "datetime": {"datetime": "2021-09-23 17:38:51", "elapsed": 109.25542, "delta": 1.032285}}
{"target": 0.391639470745773, "params": {"C": 75.4184108055397, "epsilon": 0.9648496890816969, "gamma": 0.001, "lamda": 0.3800458235673188}, "datetime": {"datetime": "2021-09-23 17:38:52", "elapsed": 110.35842, "delta": 1.103}}
{"target": 0.20906942095304892, "params": {"C": 65.52195075482801, "epsilon": 0.2776871440514147, "gamma": 0.8069166100605792, "lamda": 0.20482573648558627}, "datetime": {"datetime": "2021-09-23 17:38:53", "elapsed": 111.032421, "delta": 0.674001}}
{"target": 0.43115120598438206, "params": {"C": 75.18695449166908, "epsilon": 0.6402210098361563, "gamma": 0.0020338623045399163, "lamda": 0.6732674993340299}, "datetime": {"datetime": "2021-09-23 17:38:54", "elapsed": 111.961424, "delta": 0.929003}}
{"target": 0.2984181093959124, "params": {"C": 75.10837236047223, "epsilon": 0.7723203732021952, "gamma": 0.4054016344550805, "lamda": 0.5284192613502126}, "datetime": {"datetime": "2021-09-23 17:38:55", "elapsed": 113.099419, "delta": 1.137995}}
