{"target": 0.42156027571026133, "params": {"C": 26.77154398381228, "epsilon": 0.8143858397360726, "gamma": 0.07992773203492999, "lamda": 0.5118648027126387}, "datetime": {"datetime": "2021-09-23 18:31:45", "elapsed": 10.65256, "delta": 0.528291}}
{"target": 0.42257889037477436, "params": {"C": 76.31849802657673, "epsilon": 0.5174378105367159, "gamma": 0.0317946317286513, "lamda": 0.027792098064277786}, "datetime": {"datetime": "2021-09-23 18:31:45", "elapsed": 11.391562, "delta": 0.739002}}
{"target": 0.3572298094437826, "params": {"C": 26.96856022633352, "epsilon": 0.9758783351023976, "gamma": 0.001963037640099495, "lamda": 0.953754535789267}, "datetime": {"datetime": "2021-09-23 18:31:46", "elapsed": 12.003561, "delta": 0.611999}}
{"target": 0.4438909629178943, "params": {"C": 79.20778856556018, "epsilon": 0.9242636652685338, "gamma": 0.013901158954540652, "lamda": 0.5089706645823653}, "datetime": {"datetime": "2021-09-23 18:31:46", "elapsed": 12.619655, "delta": 0.616094}}
{"target": 0.39893549681314355, "params": {"C": 95.12524498855373, "epsilon": 0.8457776746921924, "gamma": 0.06233758508926527, "lamda": 0.5706666641420701}, "datetime": {"datetime": "2021-09-23 18:31:47", "elapsed": 13.130295, "delta": 0.51064}}
{"target": 0.4209686079455187, "params": {"C": 51.226284322544416, "epsilon": 0.14289754133782617, "gamma": 0.05438372504347382, "lamda": 0.8058658034910084}, "datetime": {"datetime": "2021-09-23 18:31:48", "elapsed": 13.729612, "delta": 0.599317}}
{"target": 0.41795670336910473, "params": {"C": 84.01966448813529, "epsilon": 0.841859495748028, "gamma": 0.03770697442981534, "lamda": 0.14851691798110808}, "datetime": {"datetime": "2021-09-23 18:31:48", "elapsed": 14.459663, "delta": 0.730051}}
{"target": 0.4424120062830469, "params": {"C": 39.64229227775262, "epsilon": 0.924921089666809, "gamma": 0.020331973102220128, "lamda": 0.40888465829039405}, "datetime": {"datetime": "2021-09-23 18:31:49", "elapsed": 14.971661, "delta": 0.511998}}
{"target": 0.4470761523475172, "params": {"C": 40.739820375380916, "epsilon": 0.8251464227232818, "gamma": 0.018164355154237005, "lamda": 0.9198927425203632}, "datetime": {"datetime": "2021-09-23 18:31:49", "elapsed": 15.447703, "delta": 0.476042}}
{"target": 0.4447323842853831, "params": {"C": 97.79033720247168, "epsilon": 0.8327087986406523, "gamma": 0.02426937981378512, "lamda": 0.925174466272052}, "datetime": {"datetime": "2021-09-23 18:31:50", "elapsed": 15.939899, "delta": 0.492196}}
{"target": 0.42880320715483056, "params": {"C": 112.35583662518394, "epsilon": 0.46153182700482726, "gamma": 0.016124572795308417, "lamda": 0.2543180727493862}, "datetime": {"datetime": "2021-09-23 18:31:50", "elapsed": 16.516773, "delta": 0.576874}}
{"target": 0.4069440056180813, "params": {"C": 49.76655474164196, "epsilon": 0.4894006581697996, "gamma": 0.07207823367383773, "lamda": 0.9447833042595072}, "datetime": {"datetime": "2021-09-23 18:31:51", "elapsed": 17.064396, "delta": 0.547623}}
{"target": 0.4464825596868991, "params": {"C": 22.05551084668939, "epsilon": 0.4561020350085775, "gamma": 0.03125161254572979, "lamda": 0.27812047786988225}, "datetime": {"datetime": "2021-09-23 18:31:51", "elapsed": 17.610005, "delta": 0.545609}}
{"target": 0.3662813725001457, "params": {"C": 119.466193663171, "epsilon": 0.6120102560608469, "gamma": 0.07398039091226317, "lamda": 0.22583565829402422}, "datetime": {"datetime": "2021-09-23 18:31:52", "elapsed": 18.178465, "delta": 0.56846}}
{"target": 0.392252040780083, "params": {"C": 97.80473966207167, "epsilon": 0.37466474345103623, "gamma": 0.06082048652084333, "lamda": 0.12264878318448189}, "datetime": {"datetime": "2021-09-23 18:31:53", "elapsed": 18.663407, "delta": 0.484942}}
{"target": 0.4443801068572112, "params": {"C": 46.909559388328304, "epsilon": 0.03401860702312612, "gamma": 0.012068363748778892, "lamda": 0.7762219935038618}, "datetime": {"datetime": "2021-09-23 18:31:53", "elapsed": 19.397403, "delta": 0.733996}}
{"target": 0.37855103465037665, "params": {"C": 85.62517732234198, "epsilon": 0.3871716854432253, "gamma": 0.07582028367455755, "lamda": 0.15953414995032833}, "datetime": {"datetime": "2021-09-23 18:31:54", "elapsed": 20.027208, "delta": 0.629805}}
{"target": 0.42931960142776426, "params": {"C": 68.77002915136174, "epsilon": 0.5560440693541592, "gamma": 0.026199566527765925, "lamda": 0.10195256058635858}, "datetime": {"datetime": "2021-09-23 18:31:55", "elapsed": 20.895413, "delta": 0.868205}}
{"target": 0.3693936251124488, "params": {"C": 107.89791693102525, "epsilon": 0.09801796431066, "gamma": 0.07196230411371939, "lamda": 0.49138094626491685}, "datetime": {"datetime": "2021-09-23 18:31:55", "elapsed": 21.317409, "delta": 0.421996}}
{"target": 0.3988175463894632, "params": {"C": 82.1642386968756, "epsilon": 0.5381503201832925, "gamma": 0.05686602325266775, "lamda": 0.28256504330687904}, "datetime": {"datetime": "2021-09-23 18:31:56", "elapsed": 21.947546, "delta": 0.630137}}
{"target": 0.4333655223776328, "params": {"C": 22.523764102581506, "epsilon": 0.597059325577588, "gamma": 0.06202055739926809, "lamda": 0.9652508096830255}, "datetime": {"datetime": "2021-09-23 18:31:56", "elapsed": 22.40887, "delta": 0.461324}}
{"target": 0.4318937590152271, "params": {"C": 41.601753444114934, "epsilon": 0.09459647546187626, "gamma": 0.042677782519156555, "lamda": 0.24728055947394442}, "datetime": {"datetime": "2021-09-23 18:31:57", "elapsed": 23.011811, "delta": 0.602941}}
{"target": 0.4151829690019476, "params": {"C": 66.46562368594411, "epsilon": 0.17764285472926875, "gamma": 0.05071246819095255, "lamda": 0.6202763478918569}, "datetime": {"datetime": "2021-09-23 18:31:57", "elapsed": 23.441805, "delta": 0.429994}}
{"target": 0.42602986223564354, "params": {"C": 45.34188605015814, "epsilon": 0.9306276589916436, "gamma": 0.05059711444000697, "lamda": 0.7171527329927386}, "datetime": {"datetime": "2021-09-23 18:31:58", "elapsed": 24.13674, "delta": 0.694935}}
{"target": 0.3985099242612298, "params": {"C": 75.64109167744652, "epsilon": 0.22070839484599117, "gamma": 0.067299527433295, "lamda": 0.13504629806053015}, "datetime": {"datetime": "2021-09-23 18:31:59", "elapsed": 24.644712, "delta": 0.507972}}
{"target": 0.41254226334346966, "params": {"C": 60.756942469365, "epsilon": 0.591449884610841, "gamma": 0.054685681410259285, "lamda": 0.421117203909108}, "datetime": {"datetime": "2021-09-23 18:31:59", "elapsed": 25.167676, "delta": 0.522964}}
{"target": 0.3596293871743228, "params": {"C": 113.23447753803407, "epsilon": 0.10213409050755484, "gamma": 0.07813820090922328, "lamda": 0.26431358854827736}, "datetime": {"datetime": "2021-09-23 18:32:00", "elapsed": 25.816402, "delta": 0.648726}}
{"target": 0.43793047939798113, "params": {"C": 24.631162848337, "epsilon": 0.17655153718138936, "gamma": 0.009366510987725205, "lamda": 0.07691461506913007}, "datetime": {"datetime": "2021-09-23 18:32:00", "elapsed": 26.557849, "delta": 0.741447}}
{"target": 0.3532419300372004, "params": {"C": 27.666319072176897, "epsilon": 0.4577409700510427, "gamma": 0.0017433522483015233, "lamda": 0.8471980812697855}, "datetime": {"datetime": "2021-09-23 18:32:01", "elapsed": 27.081484, "delta": 0.523635}}
{"target": 0.3589729699462897, "params": {"C": 116.39222641290004, "epsilon": 0.16689701019747813, "gamma": 0.07850842404729268, "lamda": 0.448341863239108}, "datetime": {"datetime": "2021-09-23 18:32:02", "elapsed": 27.628085, "delta": 0.546601}}
{"target": 0.4289630095068966, "params": {"C": 55.447311022560115, "epsilon": 0.4399206072190947, "gamma": 0.03585826475688987, "lamda": 0.24868737559830284}, "datetime": {"datetime": "2021-09-23 18:32:02", "elapsed": 28.203576, "delta": 0.575491}}
{"target": 0.4301428804998312, "params": {"C": 77.6073162639158, "epsilon": 0.5658602866924152, "gamma": 0.02238921804792957, "lamda": 0.09756903287480699}, "datetime": {"datetime": "2021-09-23 18:32:03", "elapsed": 28.92062, "delta": 0.717044}}
{"target": 0.37008857488902747, "params": {"C": 106.3026442020684, "epsilon": 0.048880828996992615, "gamma": 0.0719260306576202, "lamda": 0.434596443906339}, "datetime": {"datetime": "2021-09-23 18:32:03", "elapsed": 29.47365, "delta": 0.55303}}
{"target": 0.4205647735995659, "params": {"C": 95.01609892574001, "epsilon": 0.5158361122480389, "gamma": 0.0306018491875039, "lamda": 0.24478774350101354}, "datetime": {"datetime": "2021-09-23 18:32:04", "elapsed": 30.071588, "delta": 0.597938}}
{"target": 0.44118233866010514, "params": {"C": 23.23919259481027, "epsilon": 0.43672532709826944, "gamma": 0.04544432595399373, "lamda": 0.3105653644775041}, "datetime": {"datetime": "2021-09-23 18:32:04", "elapsed": 30.605382, "delta": 0.533794}}
{"target": 0.41070829633050154, "params": {"C": 64.73539378585419, "epsilon": 0.419559936879706, "gamma": 0.05619328504723797, "lamda": 0.745080498541012}, "datetime": {"datetime": "2021-09-23 18:32:05", "elapsed": 31.086382, "delta": 0.481}}
{"target": 0.438558982005433, "params": {"C": 33.65630574294819, "epsilon": 0.2690806917144078, "gamma": 0.028526637244242283, "lamda": 0.16420579117793938}, "datetime": {"datetime": "2021-09-23 18:32:06", "elapsed": 31.73201, "delta": 0.645628}}
{"target": 0.4088725540880589, "params": {"C": 92.18526551315436, "epsilon": 0.7024527455200192, "gamma": 0.0470902265227513, "lamda": 0.35108209508898225}, "datetime": {"datetime": "2021-09-23 18:32:06", "elapsed": 32.192866, "delta": 0.460856}}
{"target": 0.44228724645847106, "params": {"C": 47.04409475299785, "epsilon": 0.3148963291159063, "gamma": 0.015941001683075693, "lamda": 0.32529212906745886}, "datetime": {"datetime": "2021-09-23 18:32:07", "elapsed": 32.740494, "delta": 0.547628}}
{"target": 0.43110350180898915, "params": {"C": 112.52495586168762, "epsilon": 0.9981337403449078, "gamma": 0.032893894082147934, "lamda": 0.5584530706966649}, "datetime": {"datetime": "2021-09-23 18:32:07", "elapsed": 33.178497, "delta": 0.438003}}
{"target": 0.44192993574556694, "params": {"C": 29.210836141271372, "epsilon": 0.48528785620641274, "gamma": 0.028335925713642202, "lamda": 0.24104505981880797}, "datetime": {"datetime": "2021-09-23 18:32:08", "elapsed": 33.720203, "delta": 0.541706}}
{"target": 0.4461316786721109, "params": {"C": 98.4963321634095, "epsilon": 0.18286997665801896, "gamma": 0.0052644944511954245, "lamda": 0.056288024943030895}, "datetime": {"datetime": "2021-09-23 18:32:08", "elapsed": 34.431063, "delta": 0.71086}}
{"target": 0.4137203182992787, "params": {"C": 77.60598431060006, "epsilon": 0.09452559643819881, "gamma": 0.04806967907295715, "lamda": 0.23852676759024943}, "datetime": {"datetime": "2021-09-23 18:32:09", "elapsed": 34.995286, "delta": 0.564223}}
{"target": 0.4381571027822898, "params": {"C": 30.49804737905289, "epsilon": 0.7213805560753168, "gamma": 0.03757013955881971, "lamda": 0.5326312532903554}, "datetime": {"datetime": "2021-09-23 18:32:09", "elapsed": 35.50232, "delta": 0.507034}}
{"target": 0.4270484101245001, "params": {"C": 43.73413574896145, "epsilon": 0.2076513809250888, "gamma": 0.04800016676102322, "lamda": 0.9369111903299202}, "datetime": {"datetime": "2021-09-23 18:32:10", "elapsed": 35.999205, "delta": 0.496885}}
{"target": 0.367179789028646, "params": {"C": 105.39918484043618, "epsilon": 0.05005278036889727, "gamma": 0.07506299206085876, "lamda": 0.8710563142330484}, "datetime": {"datetime": "2021-09-23 18:32:10", "elapsed": 36.528773, "delta": 0.529568}}
{"target": 0.3983718519693875, "params": {"C": 31.927620762947377, "epsilon": 0.44140250959461835, "gamma": 0.00248817624570027, "lamda": 0.6877167339690847}, "datetime": {"datetime": "2021-09-23 18:32:11", "elapsed": 36.98834, "delta": 0.459567}}
{"target": 0.4133346067282603, "params": {"C": 58.77007937691952, "epsilon": 0.12254420420418828, "gamma": 0.06147281827088729, "lamda": 0.17962888025832838}, "datetime": {"datetime": "2021-09-23 18:32:12", "elapsed": 37.633309, "delta": 0.644969}}
{"target": 0.41755935965711766, "params": {"C": 79.79616215399847, "epsilon": 0.4695570385467128, "gamma": 0.042539931087639836, "lamda": 0.7609978377367004}, "datetime": {"datetime": "2021-09-23 18:32:12", "elapsed": 38.261699, "delta": 0.62839}}
{"target": 0.4185567993553597, "params": {"C": 58.02794781889213, "epsilon": 0.7351853607092531, "gamma": 0.04919570141085096, "lamda": 0.3061952486869013}, "datetime": {"datetime": "2021-09-23 18:32:13", "elapsed": 38.866472, "delta": 0.604773}}
{"target": 0.4287837323478676, "params": {"C": 102.1029205406643, "epsilon": 0.13518573709821075, "gamma": 0.017820626134138724, "lamda": 0.7285478283677659}, "datetime": {"datetime": "2021-09-23 18:32:13", "elapsed": 39.455469, "delta": 0.588997}}
{"target": 0.43561391410376915, "params": {"C": 86.62152551851356, "epsilon": 0.8268056970838964, "gamma": 0.0127093645349265, "lamda": 0.10898451047761454}, "datetime": {"datetime": "2021-09-23 18:32:14", "elapsed": 40.234267, "delta": 0.778798}}
{"target": 0.4442375664169428, "params": {"C": 47.783810057736225, "epsilon": 0.8499794463042285, "gamma": 0.017961275619015685, "lamda": 0.6534661846813481}, "datetime": {"datetime": "2021-09-23 18:32:15", "elapsed": 40.874586, "delta": 0.640319}}
{"target": 0.4417503284345341, "params": {"C": 32.19343430071572, "epsilon": 0.6410221040483314, "gamma": 0.028337425618594352, "lamda": 0.4950293481005638}, "datetime": {"datetime": "2021-09-23 18:32:15", "elapsed": 41.49161, "delta": 0.617024}}
{"target": 0.4181172645786716, "params": {"C": 118.1707838677165, "epsilon": 0.2146987173238766, "gamma": 0.027684541940206243, "lamda": 0.4413939016080397}, "datetime": {"datetime": "2021-09-23 18:32:16", "elapsed": 42.054512, "delta": 0.562902}}
{"target": 0.41461063175749, "params": {"C": 63.574995163329646, "epsilon": 0.01873703968824437, "gamma": 0.056402717654354007, "lamda": 0.7197011437896857}, "datetime": {"datetime": "2021-09-23 18:32:17", "elapsed": 42.654954, "delta": 0.600442}}
{"target": 0.4437870169408573, "params": {"C": 21.362981802667328, "epsilon": 0.46839854641631573, "gamma": 0.03886005040974254, "lamda": 0.5577499009884198}, "datetime": {"datetime": "2021-09-23 18:32:17", "elapsed": 43.337537, "delta": 0.682583}}
{"target": 0.4236435119289874, "params": {"C": 103.43833132782834, "epsilon": 0.2798234260008564, "gamma": 0.02252329407439659, "lamda": 0.18371313656940183}, "datetime": {"datetime": "2021-09-23 18:32:18", "elapsed": 43.956407, "delta": 0.61887}}
{"target": 0.438758374277454, "params": {"C": 56.8719857501679, "epsilon": 0.3760647349043472, "gamma": 0.017739222351919944, "lamda": 0.7063444301764501}, "datetime": {"datetime": "2021-09-23 18:32:18", "elapsed": 44.493985, "delta": 0.537578}}
{"target": 0.446337851964809, "params": {"C": 56.62509628453978, "epsilon": 0.8448934632623143, "gamma": 0.019160430889961486, "lamda": 0.9565194471918385}, "datetime": {"datetime": "2021-09-23 18:32:19", "elapsed": 45.027286, "delta": 0.533301}}
{"target": 0.4459216262624929, "params": {"C": 91.18234939544863, "epsilon": 0.6244230700008887, "gamma": 0.00810898980360715, "lamda": 0.6015789564748477}, "datetime": {"datetime": "2021-09-23 18:32:19", "elapsed": 45.504297, "delta": 0.477011}}
{"target": 0.4366954485297233, "params": {"C": 31.23570741273745, "epsilon": 0.07109710954571101, "gamma": 0.036703700955138065, "lamda": 0.2826401757348667}, "datetime": {"datetime": "2021-09-23 18:32:20", "elapsed": 46.196483, "delta": 0.692186}}
{"target": 0.4323122616769566, "params": {"C": 62.22924562336009, "epsilon": 0.17229288964765252, "gamma": 0.024965818284458836, "lamda": 0.09256562817781062}, "datetime": {"datetime": "2021-09-23 18:32:21", "elapsed": 47.109395, "delta": 0.912912}}
{"target": 0.42108198735173086, "params": {"C": 93.48952732174561, "epsilon": 0.7473815692406643, "gamma": 0.02847279714287733, "lamda": 0.04147039497849873}, "datetime": {"datetime": "2021-09-23 18:32:22", "elapsed": 47.872974, "delta": 0.763579}}
{"target": 0.36824056816589845, "params": {"C": 107.85259920649162, "epsilon": 0.54327442786684, "gamma": 0.07527303237610283, "lamda": 0.22986750274108572}, "datetime": {"datetime": "2021-09-23 18:32:23", "elapsed": 48.644818, "delta": 0.771844}}
{"target": 0.4313596538216846, "params": {"C": 71.2081038713331, "epsilon": 0.5389601287992136, "gamma": 0.028183858385793514, "lamda": 0.5834510752551437}, "datetime": {"datetime": "2021-09-23 18:32:23", "elapsed": 49.424819, "delta": 0.780001}}
{"target": 0.4049852715521014, "params": {"C": 106.16528241426828, "epsilon": 0.3999975011599954, "gamma": 0.047651377387434884, "lamda": 0.730671739274791}, "datetime": {"datetime": "2021-09-23 18:32:24", "elapsed": 49.923655, "delta": 0.498836}}
{"target": 0.43078238947414527, "params": {"C": 69.35296505153653, "epsilon": 0.2102910559849512, "gamma": 0.025189632552842955, "lamda": 0.6003470678272885}, "datetime": {"datetime": "2021-09-23 18:32:24", "elapsed": 50.491275, "delta": 0.56762}}
{"target": 0.4370155621071441, "params": {"C": 30.386073996937995, "epsilon": 0.05274859045886495, "gamma": 0.039991204771167695, "lamda": 0.20812702808327174}, "datetime": {"datetime": "2021-09-23 18:32:25", "elapsed": 51.159643, "delta": 0.668368}}
{"target": 0.4479731615823074, "params": {"C": 45.78736272390218, "epsilon": 0.9400351552765223, "gamma": 0.008655684056998385, "lamda": 0.6903724737584778}, "datetime": {"datetime": "2021-09-23 18:32:26", "elapsed": 52.016891, "delta": 0.857248}}
{"target": 0.40973078553591724, "params": {"C": 108.73260251912531, "epsilon": 0.6283793566345102, "gamma": 0.045705404005459985, "lamda": 0.6218174247739673}, "datetime": {"datetime": "2021-09-23 18:32:26", "elapsed": 52.626666, "delta": 0.609775}}
{"target": 0.4119184442785394, "params": {"C": 75.58087710393656, "epsilon": 0.06720905701159363, "gamma": 0.052680881681393496, "lamda": 0.06700486029956132}, "datetime": {"datetime": "2021-09-23 18:32:27", "elapsed": 53.302459, "delta": 0.675793}}
{"target": 0.43191517300693294, "params": {"C": 104.69446010318873, "epsilon": 0.059950240579192536, "gamma": 0.012917419404954621, "lamda": 0.3834687412844702}, "datetime": {"datetime": "2021-09-23 18:32:28", "elapsed": 54.038616, "delta": 0.736157}}
{"target": 0.39369736845084213, "params": {"C": 66.46498233419405, "epsilon": 0.2576688286698241, "gamma": 0.07098888193331304, "lamda": 0.6438700266244939}, "datetime": {"datetime": "2021-09-23 18:32:28", "elapsed": 54.622209, "delta": 0.583593}}
{"target": 0.42376671467225846, "params": {"C": 38.62077008192752, "epsilon": 0.015246894428209912, "gamma": 0.06191279502785193, "lamda": 0.02711155826754661}, "datetime": {"datetime": "2021-09-23 18:32:29", "elapsed": 55.555816, "delta": 0.933607}}
{"target": 0.4257702128417945, "params": {"C": 25.97184779435156, "epsilon": 0.38176399917809334, "gamma": 0.07232265097749746, "lamda": 0.997590049171951}, "datetime": {"datetime": "2021-09-23 18:32:30", "elapsed": 56.218394, "delta": 0.662578}}
{"target": 0.432440132340668, "params": {"C": 83.6549296417932, "epsilon": 0.6845667453580374, "gamma": 0.030923337999731827, "lamda": 0.9121877749790739}, "datetime": {"datetime": "2021-09-23 18:32:31", "elapsed": 56.782229, "delta": 0.563835}}
{"target": 0.3962856327886668, "params": {"C": 104.95982167748082, "epsilon": 0.370154736441895, "gamma": 0.055861968641905915, "lamda": 0.10608622603055907}, "datetime": {"datetime": "2021-09-23 18:32:31", "elapsed": 57.42836, "delta": 0.646131}}
{"target": 0.3848670193076852, "params": {"C": 104.90043541299353, "epsilon": 0.25718733154467477, "gamma": 0.06280815572221926, "lamda": 0.718718727958288}, "datetime": {"datetime": "2021-09-23 18:32:32", "elapsed": 57.954986, "delta": 0.526626}}
{"target": 0.4035243374523859, "params": {"C": 116.01308993579403, "epsilon": 0.4762312520251178, "gamma": 0.0457265433870933, "lamda": 0.08281491854239664}, "datetime": {"datetime": "2021-09-23 18:32:33", "elapsed": 58.746786, "delta": 0.7918}}
{"target": 0.39815108431970614, "params": {"C": 113.43026111619241, "epsilon": 0.08441948071245901, "gamma": 0.05267846666713942, "lamda": 0.30706394975375517}, "datetime": {"datetime": "2021-09-23 18:32:33", "elapsed": 59.382824, "delta": 0.636038}}
{"target": 0.4348687073804981, "params": {"C": 70.20134634175892, "epsilon": 0.8886797403921817, "gamma": 0.027245348518687623, "lamda": 0.6026791741986574}, "datetime": {"datetime": "2021-09-23 18:32:34", "elapsed": 60.118568, "delta": 0.735744}}
{"target": 0.418067668273026, "params": {"C": 111.33867763874129, "epsilon": 0.21909476547228676, "gamma": 0.023593427606651424, "lamda": 0.043817748277945136}, "datetime": {"datetime": "2021-09-23 18:32:35", "elapsed": 60.954363, "delta": 0.835795}}
{"target": 0.4147524785373977, "params": {"C": 98.33773157090398, "epsilon": 0.9698635404230036, "gamma": 0.039841432468329864, "lamda": 0.2286263657181228}, "datetime": {"datetime": "2021-09-23 18:32:36", "elapsed": 61.995244, "delta": 1.040881}}
{"target": 0.4148691475477605, "params": {"C": 98.89077324560493, "epsilon": 0.0637623425748447, "gamma": 0.03824763650540964, "lamda": 0.9491325429239766}, "datetime": {"datetime": "2021-09-23 18:32:37", "elapsed": 62.820693, "delta": 0.825449}}
{"target": 0.4213842128379207, "params": {"C": 61.14744143300825, "epsilon": 0.8082875694214983, "gamma": 0.04542344909969971, "lamda": 0.18894035686060212}, "datetime": {"datetime": "2021-09-23 18:32:38", "elapsed": 63.815441, "delta": 0.994748}}
{"target": 0.43459449931217764, "params": {"C": 113.31516677056936, "epsilon": 0.8693580446365771, "gamma": 0.014379596093245725, "lamda": 0.27497691926482953}, "datetime": {"datetime": "2021-09-23 18:32:39", "elapsed": 64.85344, "delta": 1.037999}}
{"target": 0.44339159300723674, "params": {"C": 50.980449991774776, "epsilon": 0.33812354186981597, "gamma": 0.010236788889093369, "lamda": 0.3494678792184298}, "datetime": {"datetime": "2021-09-23 18:32:40", "elapsed": 65.729487, "delta": 0.876047}}
