{"target": 0.4446107060310617, "params": {"C": 13.731890017007103, "epsilon": 0.5686557380091345, "gamma": 0.017799832347838596, "lamda": 0.9606307918510112}, "datetime": {"datetime": "2021-09-23 18:06:06", "elapsed": 171.023527, "delta": 1.35082}}
{"target": 0.4344113612124647, "params": {"C": 95.84145392839964, "epsilon": 0.4257029408312759, "gamma": 0.02263123296944806, "lamda": 0.9969628784836893}, "datetime": {"datetime": "2021-09-23 18:06:08", "elapsed": 172.187029, "delta": 1.163502}}
{"target": 0.4316369267344087, "params": {"C": 15.682881270339992, "epsilon": 0.6545047395835675, "gamma": 0.08, "lamda": 0.9822849116104131}, "datetime": {"datetime": "2021-09-23 18:06:09", "elapsed": 173.910298, "delta": 1.723269}}
{"target": 0.43163072938515756, "params": {"C": 19.13733515913798, "epsilon": 0.0806637085796706, "gamma": 0.0784484037663754, "lamda": 0.4642503580787412}, "datetime": {"datetime": "2021-09-23 18:06:11", "elapsed": 175.784883, "delta": 1.874585}}
{"target": 0.42076232743233055, "params": {"C": 12.14956785266104, "epsilon": 0.16156299022674117, "gamma": 0.010047675222522711, "lamda": 0.9662183426405506}, "datetime": {"datetime": "2021-09-23 18:06:13", "elapsed": 177.798172, "delta": 2.013289}}
{"target": 0.43014930853252364, "params": {"C": 17.007278861852498, "epsilon": 0.5201212684824477, "gamma": 0.08, "lamda": 0.751250920474578}, "datetime": {"datetime": "2021-09-23 18:06:15", "elapsed": 179.746951, "delta": 1.948779}}
{"target": 0.447870679502653, "params": {"C": 13.75389204508324, "epsilon": 0.6964116057426595, "gamma": 0.028153129217144388, "lamda": 0.5082507660728063}, "datetime": {"datetime": "2021-09-23 18:06:17", "elapsed": 181.343564, "delta": 1.596613}}
{"target": 0.44549001529302923, "params": {"C": 12.262386223348493, "epsilon": 0.6654164052503367, "gamma": 0.021947196781041414, "lamda": 0.8822931580296718}, "datetime": {"datetime": "2021-09-23 18:06:18", "elapsed": 183.115118, "delta": 1.771554}}
{"target": 0.3879704544286008, "params": {"C": 79.4633081741791, "epsilon": 0.913410401200555, "gamma": 0.074982401274193, "lamda": 0.34321202026273867}, "datetime": {"datetime": "2021-09-23 18:06:20", "elapsed": 184.213604, "delta": 1.098486}}
{"target": 0.43708805713919385, "params": {"C": 29.940339636602523, "epsilon": 0.04092264856536367, "gamma": 0.04765395600786118, "lamda": 0.11730179069224304}, "datetime": {"datetime": "2021-09-23 18:06:21", "elapsed": 185.944256, "delta": 1.730652}}
{"target": 0.4470821762724344, "params": {"C": 30.537902465794428, "epsilon": 0.7317504704158737, "gamma": 0.013823344878044614, "lamda": 0.6709913756818973}, "datetime": {"datetime": "2021-09-23 18:06:23", "elapsed": 187.766211, "delta": 1.821955}}
{"target": 0.434298435884358, "params": {"C": 19.525124266709696, "epsilon": 0.37694110891384686, "gamma": 0.07420179855529434, "lamda": 0.021258100284903176}, "datetime": {"datetime": "2021-09-23 18:06:24", "elapsed": 188.928262, "delta": 1.162051}}
{"target": 0.4409349808885126, "params": {"C": 13.511132087905269, "epsilon": 0.39513304220009704, "gamma": 0.06299968743430956, "lamda": 0.6127677946023555}, "datetime": {"datetime": "2021-09-23 18:06:27", "elapsed": 191.180393, "delta": 2.252131}}
{"target": 0.439644774420371, "params": {"C": 30.662444753061383, "epsilon": 0.8818841503115893, "gamma": 0.034011086155755633, "lamda": 0.41345927340265454}, "datetime": {"datetime": "2021-09-23 18:06:28", "elapsed": 192.747905, "delta": 1.567512}}
{"target": 0.43844204566245737, "params": {"C": 16.719467263404155, "epsilon": 0.011996719257161836, "gamma": 0.0666918618842681, "lamda": 0.5840702789648592}, "datetime": {"datetime": "2021-09-23 18:06:30", "elapsed": 194.584156, "delta": 1.836251}}
{"target": 0.44258308127240054, "params": {"C": 14.645830471926654, "epsilon": 0.5095086838789478, "gamma": 0.05622331148672155, "lamda": 0.771630344329228}, "datetime": {"datetime": "2021-09-23 18:06:32", "elapsed": 196.280488, "delta": 1.696332}}
{"target": 0.44813329556284043, "params": {"C": 13.822989055377738, "epsilon": 0.4439073799853553, "gamma": 0.04260439874831905, "lamda": 0.7756472939148963}, "datetime": {"datetime": "2021-09-23 18:06:33", "elapsed": 197.204137, "delta": 0.923649}}
{"target": 0.4253528611759374, "params": {"C": 50.53907158630753, "epsilon": 0.9638766794351867, "gamma": 0.048361907312790574, "lamda": 0.5164359819139215}, "datetime": {"datetime": "2021-09-23 18:06:34", "elapsed": 198.28287, "delta": 1.078733}}
{"target": 0.43731629098833824, "params": {"C": 17.849698614628018, "epsilon": 0.9754369842589586, "gamma": 0.06437474942168868, "lamda": 0.24538417897530196}, "datetime": {"datetime": "2021-09-23 18:06:35", "elapsed": 199.332565, "delta": 1.049695}}
{"target": 0.4234141991087317, "params": {"C": 5.606273277105317, "epsilon": 0.8973542571297475, "gamma": 0.03504490264390822, "lamda": 0.8985937854370427}, "datetime": {"datetime": "2021-09-23 18:06:36", "elapsed": 200.530378, "delta": 1.197813}}
{"target": 0.3931948477085555, "params": {"C": 38.506372716833184, "epsilon": 0.46846715860252347, "gamma": 0.0019362380495767891, "lamda": 0.7340934814285939}, "datetime": {"datetime": "2021-09-23 18:06:38", "elapsed": 203.074413, "delta": 2.544035}}
{"target": 0.4340974860540924, "params": {"C": 11.920454085355944, "epsilon": 0.7479729876391505, "gamma": 0.08, "lamda": 1.0}, "datetime": {"datetime": "2021-09-23 18:06:40", "elapsed": 205.034396, "delta": 1.959983}}
{"target": 0.16538157564837674, "params": {"C": 12.487993359391314, "epsilon": 0.001, "gamma": 0.001, "lamda": 0.6396663920073627}, "datetime": {"datetime": "2021-09-23 18:06:42", "elapsed": 206.559529, "delta": 1.525133}}
{"target": 0.20499640428042265, "params": {"C": 1.25455850429503, "epsilon": 0.9958125011111183, "gamma": 0.022250653620747244, "lamda": 0.03255481383932382}, "datetime": {"datetime": "2021-09-23 18:06:43", "elapsed": 207.629395, "delta": 1.069866}}
{"target": 0.44771301912560346, "params": {"C": 12.434255097950167, "epsilon": 0.45412617922351894, "gamma": 0.045798529151402166, "lamda": 0.9990519483516012}, "datetime": {"datetime": "2021-09-23 18:06:45", "elapsed": 209.464686, "delta": 1.835291}}
{"target": 0.44040695079134395, "params": {"C": 17.096112284507935, "epsilon": 0.00786112121787368, "gamma": 0.015093193241329662, "lamda": 0.01887935230866758}, "datetime": {"datetime": "2021-09-23 18:06:46", "elapsed": 210.629471, "delta": 1.164785}}
{"target": 0.42767449147662095, "params": {"C": 70.84025711572173, "epsilon": 0.35382027390878074, "gamma": 0.030778198296478168, "lamda": 0.41423765635091314}, "datetime": {"datetime": "2021-09-23 18:06:47", "elapsed": 211.777351, "delta": 1.14788}}
{"target": 0.4371058292368857, "params": {"C": 19.773645509452116, "epsilon": 0.7948627492962481, "gamma": 0.06366046585021372, "lamda": 0.1596548292291507}, "datetime": {"datetime": "2021-09-23 18:06:50", "elapsed": 214.197534, "delta": 2.420183}}
{"target": 0.4270632219882621, "params": {"C": 19.671227263375183, "epsilon": 0.21369263327298924, "gamma": 0.08, "lamda": 1.0}, "datetime": {"datetime": "2021-09-23 18:06:52", "elapsed": 216.13406, "delta": 1.936526}}
{"target": 0.4283293584480996, "params": {"C": 19.44016283481422, "epsilon": 1.0, "gamma": 0.08, "lamda": 0.40515875245801475}, "datetime": {"datetime": "2021-09-23 18:06:54", "elapsed": 218.219912, "delta": 2.085852}}
{"target": 0.4454345027750872, "params": {"C": 30.673424695185084, "epsilon": 0.857122778094067, "gamma": 0.01944935103579887, "lamda": 0.4348441471123969}, "datetime": {"datetime": "2021-09-23 18:06:55", "elapsed": 219.265908, "delta": 1.045996}}
{"target": 0.400960798420811, "params": {"C": 55.26797846613584, "epsilon": 0.45764810808839834, "gamma": 0.07268783251166293, "lamda": 0.6935227391779224}, "datetime": {"datetime": "2021-09-23 18:06:56", "elapsed": 220.292909, "delta": 1.027001}}
{"target": 0.44684621663947777, "params": {"C": 30.750623386176667, "epsilon": 0.5178440614193252, "gamma": 0.011004998273600596, "lamda": 0.9115421191726891}, "datetime": {"datetime": "2021-09-23 18:06:59", "elapsed": 223.544567, "delta": 3.251658}}
{"target": 0.44594046291230116, "params": {"C": 30.961017929999063, "epsilon": 0.5245264096399531, "gamma": 0.016816895327311027, "lamda": 0.4657880677620946}, "datetime": {"datetime": "2021-09-23 18:07:01", "elapsed": 225.75119, "delta": 2.206623}}
{"target": 0.4219173027262417, "params": {"C": 30.865459702893677, "epsilon": 0.7976032834356374, "gamma": 0.003801599296477192, "lamda": 0.7416895894851065}, "datetime": {"datetime": "2021-09-23 18:07:04", "elapsed": 228.487941, "delta": 2.736751}}
{"target": 0.4124748835561197, "params": {"C": 4.894183304259831, "epsilon": 0.0715946836925651, "gamma": 0.05217802577840996, "lamda": 0.7177306886650997}, "datetime": {"datetime": "2021-09-23 18:07:05", "elapsed": 229.408569, "delta": 0.920628}}
{"target": 0.41831247117686443, "params": {"C": 31.010920882791915, "epsilon": 0.3036695304711527, "gamma": 0.08, "lamda": 0.768277156868666}, "datetime": {"datetime": "2021-09-23 18:07:07", "elapsed": 231.330811, "delta": 1.922242}}
{"target": 0.4319071999623604, "params": {"C": 77.42835747603381, "epsilon": 0.7057180340746648, "gamma": 0.020448853992575233, "lamda": 0.21112362936987789}, "datetime": {"datetime": "2021-09-23 18:07:08", "elapsed": 232.615206, "delta": 1.284395}}
{"target": 0.43373548116285066, "params": {"C": 15.805874350467354, "epsilon": 0.48153801651789174, "gamma": 0.07476410913772857, "lamda": 0.5165279997832969}, "datetime": {"datetime": "2021-09-23 18:07:10", "elapsed": 234.434898, "delta": 1.819692}}
{"target": 0.4448057838509598, "params": {"C": 18.52085196151654, "epsilon": 0.6569302087659964, "gamma": 0.016316695814954027, "lamda": 0.4303949068565949}, "datetime": {"datetime": "2021-09-23 18:07:11", "elapsed": 235.526704, "delta": 1.091806}}
{"target": 0.44360431270715883, "params": {"C": 29.15149140855275, "epsilon": 0.899763273080755, "gamma": 0.010143595128348209, "lamda": 0.14317616405466782}, "datetime": {"datetime": "2021-09-23 18:07:13", "elapsed": 237.766827, "delta": 2.240123}}
{"target": 0.34082159329135864, "params": {"C": 43.458939502485315, "epsilon": 0.792824947500749, "gamma": 0.001, "lamda": 0.4961689500667442}, "datetime": {"datetime": "2021-09-23 18:07:15", "elapsed": 239.840467, "delta": 2.07364}}
{"target": 0.41991823890976077, "params": {"C": 28.90189432880677, "epsilon": 1.0, "gamma": 0.08, "lamda": 0.3306974548391368}, "datetime": {"datetime": "2021-09-23 18:07:18", "elapsed": 242.180275, "delta": 2.339808}}
{"target": 0.4326713481523162, "params": {"C": 26.59881917230885, "epsilon": 0.7345765449965229, "gamma": 0.05793777829529178, "lamda": 0.9178375054864301}, "datetime": {"datetime": "2021-09-23 18:07:20", "elapsed": 244.454984, "delta": 2.274709}}
{"target": 0.4393327379808717, "params": {"C": 18.859273077300593, "epsilon": 0.7458675257706748, "gamma": 0.009679172135033779, "lamda": 0.45453049592903294}, "datetime": {"datetime": "2021-09-23 18:07:21", "elapsed": 245.523923, "delta": 1.068939}}
{"target": 0.17180891154776634, "params": {"C": 13.134199086831412, "epsilon": 1.0, "gamma": 0.001, "lamda": 0.46368444092228445}, "datetime": {"datetime": "2021-09-23 18:07:23", "elapsed": 247.511365, "delta": 1.987442}}
{"target": 0.41898944321261034, "params": {"C": 6.68312627513283, "epsilon": 0.21728235858027187, "gamma": 0.020582441648312282, "lamda": 0.43717258251427826}, "datetime": {"datetime": "2021-09-23 18:07:24", "elapsed": 248.535909, "delta": 1.024544}}
{"target": 0.43034721160646405, "params": {"C": 13.739312449601245, "epsilon": 0.9533681192864137, "gamma": 0.010387975133023145, "lamda": 0.6236851676390884}, "datetime": {"datetime": "2021-09-23 18:07:26", "elapsed": 250.485631, "delta": 1.949722}}
{"target": 0.4419284576679262, "params": {"C": 18.29013340003081, "epsilon": 0.08678328571908589, "gamma": 0.05369366627552904, "lamda": 0.014405673514678068}, "datetime": {"datetime": "2021-09-23 18:07:27", "elapsed": 251.62427, "delta": 1.138639}}
{"target": 0.2738544087508694, "params": {"C": 26.530167632324392, "epsilon": 1.0, "gamma": 0.001, "lamda": 0.6542675262711317}, "datetime": {"datetime": "2021-09-23 18:07:29", "elapsed": 253.536103, "delta": 1.911833}}
{"target": 0.24272863604651762, "params": {"C": 1.8503328834013448, "epsilon": 0.18829283972449753, "gamma": 0.01711652971247282, "lamda": 0.3336755080152482}, "datetime": {"datetime": "2021-09-23 18:07:30", "elapsed": 254.473908, "delta": 0.937805}}
{"target": 0.4442147914026955, "params": {"C": 26.27055926128027, "epsilon": 0.5818575653331632, "gamma": 0.02901059987786781, "lamda": 1.0}, "datetime": {"datetime": "2021-09-23 18:07:33", "elapsed": 257.277276, "delta": 2.803368}}
{"target": 0.44812110861402576, "params": {"C": 13.426359396927875, "epsilon": 0.9846916736321565, "gamma": 0.027830519998368698, "lamda": 0.9350356490806909}, "datetime": {"datetime": "2021-09-23 18:07:35", "elapsed": 259.781755, "delta": 2.504479}}
{"target": 0.2953104042498583, "params": {"C": 30.545307409340264, "epsilon": 0.217378155549174, "gamma": 0.001, "lamda": 0.08085673095771129}, "datetime": {"datetime": "2021-09-23 18:07:37", "elapsed": 262.101232, "delta": 2.319477}}
{"target": 0.4445025425071868, "params": {"C": 25.91872003707223, "epsilon": 0.8771317436481187, "gamma": 0.03353186353950035, "lamda": 0.9030296444777745}, "datetime": {"datetime": "2021-09-23 18:07:39", "elapsed": 264.066794, "delta": 1.965562}}
{"target": 0.4433453149767229, "params": {"C": 25.898666967189907, "epsilon": 0.5351544519015312, "gamma": 0.030277398444408438, "lamda": 0.8026716935507069}, "datetime": {"datetime": "2021-09-23 18:07:42", "elapsed": 266.169795, "delta": 2.103001}}
{"target": 0.403508517349473, "params": {"C": 17.856366938953848, "epsilon": 0.6870034797175512, "gamma": 0.004779885811359836, "lamda": 0.014963158283034128}, "datetime": {"datetime": "2021-09-23 18:07:44", "elapsed": 268.677921, "delta": 2.508126}}
{"target": 0.43949898671012555, "params": {"C": 31.07248502880643, "epsilon": 0.7393895795117417, "gamma": 0.03388167544641641, "lamda": 0.2155036144628923}, "datetime": {"datetime": "2021-09-23 18:07:46", "elapsed": 270.850963, "delta": 2.173042}}
{"target": 0.40649706414654485, "params": {"C": 77.20648499868709, "epsilon": 0.7189940246216939, "gamma": 0.0562716009826105, "lamda": 0.09882206044574794}, "datetime": {"datetime": "2021-09-23 18:07:48", "elapsed": 272.204628, "delta": 1.353665}}
{"target": 0.4351133257562857, "params": {"C": 16.201498751617887, "epsilon": 0.5291869074103217, "gamma": 0.07007857945689708, "lamda": 0.7258012185011209}, "datetime": {"datetime": "2021-09-23 18:07:50", "elapsed": 274.487679, "delta": 2.283051}}
{"target": 0.4215589332231302, "params": {"C": 64.413605211962, "epsilon": 0.3248056779777505, "gamma": 0.04475964494605609, "lamda": 0.32834459513029124}, "datetime": {"datetime": "2021-09-23 18:07:51", "elapsed": 275.504338, "delta": 1.016659}}
{"target": 0.444591016922097, "params": {"C": 26.136686152404582, "epsilon": 0.2170541404884983, "gamma": 0.028732649923164714, "lamda": 0.9345016781151566}, "datetime": {"datetime": "2021-09-23 18:07:53", "elapsed": 277.791914, "delta": 2.287576}}
{"target": 0.4317061449518459, "params": {"C": 26.21687935308921, "epsilon": 0.5997715054745351, "gamma": 0.05861857286176783, "lamda": 0.6474237635306641}, "datetime": {"datetime": "2021-09-23 18:07:54", "elapsed": 278.789111, "delta": 0.997197}}
{"target": 0.43797332758132235, "params": {"C": 26.47549047030571, "epsilon": 0.11502155963579931, "gamma": 0.04717966536005927, "lamda": 0.7358407382461957}, "datetime": {"datetime": "2021-09-23 18:07:56", "elapsed": 280.970621, "delta": 2.18151}}
{"target": 0.4223045913559518, "params": {"C": 25.77914511874024, "epsilon": 0.1511144292181311, "gamma": 0.08, "lamda": 0.8190402426269124}, "datetime": {"datetime": "2021-09-23 18:07:58", "elapsed": 283.068258, "delta": 2.097637}}
{"target": 0.43274453886438313, "params": {"C": 25.53022087380533, "epsilon": 0.14810121781796123, "gamma": 0.060909118373442594, "lamda": 0.8359398612256471}, "datetime": {"datetime": "2021-09-23 18:08:00", "elapsed": 284.139447, "delta": 1.071189}}
{"target": 0.4398994790983827, "params": {"C": 35.04889118152571, "epsilon": 0.389130721676094, "gamma": 0.02929396496086666, "lamda": 0.45963671913278886}, "datetime": {"datetime": "2021-09-23 18:08:02", "elapsed": 286.354047, "delta": 2.2146}}
{"target": 0.42936882015010336, "params": {"C": 24.10902843750947, "epsilon": 0.9744237710848178, "gamma": 0.06879474368257586, "lamda": 0.40853318298150637}, "datetime": {"datetime": "2021-09-23 18:08:03", "elapsed": 287.702955, "delta": 1.348908}}
{"target": 0.44440278812077016, "params": {"C": 34.866734536422946, "epsilon": 0.2532277118469494, "gamma": 0.019102824694298696, "lamda": 0.7969939596182125}, "datetime": {"datetime": "2021-09-23 18:08:05", "elapsed": 289.745107, "delta": 2.042152}}
{"target": 0.4189542383921232, "params": {"C": 35.024430982526475, "epsilon": 0.04290137516488814, "gamma": 0.0728659406969989, "lamda": 0.5951714919083958}, "datetime": {"datetime": "2021-09-23 18:08:07", "elapsed": 291.872111, "delta": 2.127004}}
{"target": 0.4420860339558006, "params": {"C": 83.55932450464474, "epsilon": 0.7848187237964455, "gamma": 0.009852977994928454, "lamda": 0.41185221794522414}, "datetime": {"datetime": "2021-09-23 18:08:08", "elapsed": 293.094159, "delta": 1.222048}}
{"target": 0.4316871416150486, "params": {"C": 34.651175402077236, "epsilon": 0.48620155430088796, "gamma": 0.046899508676486984, "lamda": 0.6833868025976473}, "datetime": {"datetime": "2021-09-23 18:08:11", "elapsed": 295.902789, "delta": 2.80863}}
{"target": 0.3986326796055729, "params": {"C": 76.12841646824776, "epsilon": 0.8859725770114489, "gamma": 0.06646402792116403, "lamda": 0.5116354039474063}, "datetime": {"datetime": "2021-09-23 18:08:12", "elapsed": 296.931281, "delta": 1.028492}}
{"target": 0.4461218754333244, "params": {"C": 35.1727079716229, "epsilon": 0.47221862776324325, "gamma": 0.009270049090028092, "lamda": 0.8540737727997304}, "datetime": {"datetime": "2021-09-23 18:08:15", "elapsed": 299.289619, "delta": 2.358338}}
{"target": 0.4096878637002077, "params": {"C": 73.09784483599128, "epsilon": 0.12564889060252346, "gamma": 0.05516715936389202, "lamda": 0.4430371396437477}, "datetime": {"datetime": "2021-09-23 18:08:16", "elapsed": 300.42947, "delta": 1.139851}}
{"target": 0.44506629363469385, "params": {"C": 27.07898268734605, "epsilon": 0.38613280558728824, "gamma": 0.023798045095919523, "lamda": 0.9773099075994529}, "datetime": {"datetime": "2021-09-23 18:08:17", "elapsed": 301.548114, "delta": 1.118644}}
{"target": 0.43852839029017643, "params": {"C": 34.97553151027465, "epsilon": 0.7576424760058258, "gamma": 0.03663979228554632, "lamda": 0.7181422749730784}, "datetime": {"datetime": "2021-09-23 18:08:20", "elapsed": 304.25695, "delta": 2.708836}}
{"target": 0.4265923621657137, "params": {"C": 26.751522686934045, "epsilon": 0.43703623528924546, "gamma": 0.06949252872877858, "lamda": 0.7367243755893473}, "datetime": {"datetime": "2021-09-23 18:08:22", "elapsed": 306.592837, "delta": 2.335887}}
{"target": 0.31565951584903806, "params": {"C": 34.76491777247401, "epsilon": 0.593045770747528, "gamma": 0.001, "lamda": 0.2894707535857938}, "datetime": {"datetime": "2021-09-23 18:08:24", "elapsed": 308.768553, "delta": 2.175716}}
{"target": 0.4297324526876244, "params": {"C": 34.49813826520265, "epsilon": 0.1023342348813841, "gamma": 0.05445326816932144, "lamda": 0.6683686525570413}, "datetime": {"datetime": "2021-09-23 18:08:26", "elapsed": 310.952735, "delta": 2.184182}}
{"target": 0.4351458398721103, "params": {"C": 39.28450249446672, "epsilon": 0.23103158553363684, "gamma": 0.03438145522000251, "lamda": 0.10288159192261222}, "datetime": {"datetime": "2021-09-23 18:08:27", "elapsed": 312.1105, "delta": 1.157765}}
{"target": 0.44769047194928413, "params": {"C": 35.45951280819366, "epsilon": 0.736721138959214, "gamma": 0.01303682523630758, "lamda": 0.8666355943441001}, "datetime": {"datetime": "2021-09-23 18:08:30", "elapsed": 314.765906, "delta": 2.655406}}
{"target": 0.41768443421570756, "params": {"C": 35.592403405794414, "epsilon": 0.3955481266500152, "gamma": 0.07196535104588213, "lamda": 0.7357481237434687}, "datetime": {"datetime": "2021-09-23 18:08:33", "elapsed": 317.450017, "delta": 2.684111}}
{"target": 0.4261998869863064, "params": {"C": 35.2968504611654, "epsilon": 0.8320389337956323, "gamma": 0.058743788032435074, "lamda": 0.6552193726580114}, "datetime": {"datetime": "2021-09-23 18:08:35", "elapsed": 319.811463, "delta": 2.361446}}
{"target": 0.43263429441095036, "params": {"C": 14.479270932717233, "epsilon": 0.6850021404049736, "gamma": 0.08, "lamda": 0.5309769507521521}, "datetime": {"datetime": "2021-09-23 18:08:37", "elapsed": 321.758602, "delta": 1.947139}}
{"target": 0.44603332394337647, "params": {"C": 33.995184715033524, "epsilon": 0.8352622186910292, "gamma": 0.015499975463749753, "lamda": 0.4355515228944106}, "datetime": {"datetime": "2021-09-23 18:08:38", "elapsed": 323.027163, "delta": 1.268561}}
{"target": 0.4271518576528093, "params": {"C": 26.887185674197347, "epsilon": 0.05600735984108688, "gamma": 0.06923791522177668, "lamda": 0.9634031973518445}, "datetime": {"datetime": "2021-09-23 18:08:41", "elapsed": 325.979788, "delta": 2.952625}}
{"target": 0.42875464244739925, "params": {"C": 34.904143133793454, "epsilon": 0.7079570420325616, "gamma": 0.056505345927247264, "lamda": 0.9984912037489747}, "datetime": {"datetime": "2021-09-23 18:08:44", "elapsed": 328.219394, "delta": 2.239606}}
{"target": 0.43944837239756984, "params": {"C": 14.939316870273409, "epsilon": 0.2851076528089276, "gamma": 0.0653022815408147, "lamda": 0.5989330109431352}, "datetime": {"datetime": "2021-09-23 18:08:45", "elapsed": 329.387281, "delta": 1.167887}}
