{"target": 0.43586116718554724, "params": {"C": 75.54452545680708, "epsilon": 0.407860094427773, "gamma": 0.016814038170107966, "lamda": 0.6196730653324974}, "datetime": {"datetime": "2021-09-23 18:41:10", "elapsed": 576.511956, "delta": 2.095406}}
{"target": 0.41820843144334263, "params": {"C": 32.74826375335414, "epsilon": 0.7292755194767427, "gamma": 0.003277613656988806, "lamda": 0.3383558370596105}, "datetime": {"datetime": "2021-09-23 18:41:12", "elapsed": 578.573299, "delta": 2.061343}}
{"target": 0.42774915023977444, "params": {"C": 45.2757208300137, "epsilon": 0.061199343645845866, "gamma": 0.04881266407175408, "lamda": 0.03955884827412008}, "datetime": {"datetime": "2021-09-23 18:41:15", "elapsed": 580.655424, "delta": 2.082125}}
{"target": 0.44578019789939105, "params": {"C": 48.55290373601129, "epsilon": 0.6833802537838616, "gamma": 0.009854946913887684, "lamda": 0.6078316374266691}, "datetime": {"datetime": "2021-09-23 18:41:18", "elapsed": 583.724983, "delta": 3.069559}}
{"target": 0.43706984049461983, "params": {"C": 67.81254447427312, "epsilon": 0.9360143753316572, "gamma": 0.02647795289034718, "lamda": 0.6497915892675727}, "datetime": {"datetime": "2021-09-23 18:41:21", "elapsed": 587.191238, "delta": 3.466255}}
{"target": 0.3994436685483883, "params": {"C": 117.31039379297205, "epsilon": 0.6918264279995932, "gamma": 0.04753403042530013, "lamda": 0.2639913431175935}, "datetime": {"datetime": "2021-09-23 18:41:23", "elapsed": 589.323774, "delta": 2.132536}}
{"target": 0.41573524064441536, "params": {"C": 42.56533723900041, "epsilon": 0.9424005089939286, "gamma": 0.06681399861522248, "lamda": 0.2497947641177357}, "datetime": {"datetime": "2021-09-23 18:41:25", "elapsed": 591.550587, "delta": 2.226813}}
{"target": 0.39360132676327986, "params": {"C": 67.75866361936916, "epsilon": 0.6642755653026122, "gamma": 0.07702317492628366, "lamda": 0.73358980099778}, "datetime": {"datetime": "2021-09-23 18:41:28", "elapsed": 593.809342, "delta": 2.258755}}
{"target": 0.40053554926204116, "params": {"C": 67.26122765288981, "epsilon": 0.13808839744874193, "gamma": 0.06697394836229516, "lamda": 0.5509397404292392}, "datetime": {"datetime": "2021-09-23 18:41:32", "elapsed": 598.238277, "delta": 4.428935}}
{"target": 0.42715405451253596, "params": {"C": 116.35349236237104, "epsilon": 0.43298319437315286, "gamma": 0.022435296388852555, "lamda": 0.5085014166883634}, "datetime": {"datetime": "2021-09-23 18:41:34", "elapsed": 600.441397, "delta": 2.20312}}
{"target": 0.42440825024104967, "params": {"C": 54.74964253276636, "epsilon": 0.1529500550835969, "gamma": 0.04586483487200301, "lamda": 0.7348542342213148}, "datetime": {"datetime": "2021-09-23 18:41:37", "elapsed": 602.856503, "delta": 2.415106}}
{"target": 0.3853764556683926, "params": {"C": 71.31278764005816, "epsilon": 0.3189176562149042, "gamma": 0.07842588485744993, "lamda": 0.23523806142073522}, "datetime": {"datetime": "2021-09-23 18:41:39", "elapsed": 605.318059, "delta": 2.461556}}
{"target": 0.4227333289512941, "params": {"C": 26.882047641141565, "epsilon": 0.33769032947458494, "gamma": 0.07892516536366949, "lamda": 0.18165828569542863}, "datetime": {"datetime": "2021-09-23 18:41:42", "elapsed": 608.105238, "delta": 2.787179}}
{"target": 0.4236680552261699, "params": {"C": 104.34242966146024, "epsilon": 0.5237111423947672, "gamma": 0.03440584671363638, "lamda": 0.901947425269881}, "datetime": {"datetime": "2021-09-23 18:41:45", "elapsed": 610.712278, "delta": 2.60704}}
{"target": 0.38973205447427783, "params": {"C": 112.7874212912334, "epsilon": 0.9175446506774564, "gamma": 0.06042865302572401, "lamda": 0.2767902640594792}, "datetime": {"datetime": "2021-09-23 18:41:47", "elapsed": 613.037476, "delta": 2.325198}}
{"target": 0.3868404412718567, "params": {"C": 99.77606031889528, "epsilon": 0.2700797096241435, "gamma": 0.06076644480371643, "lamda": 0.5389300915865308}, "datetime": {"datetime": "2021-09-23 18:41:49", "elapsed": 615.296537, "delta": 2.259061}}
{"target": 0.42642277109724647, "params": {"C": 103.84708951423572, "epsilon": 0.9681232555495969, "gamma": 0.05011148826208183, "lamda": 0.7468609177042699}, "datetime": {"datetime": "2021-09-23 18:41:52", "elapsed": 617.838552, "delta": 2.542015}}
{"target": 0.43029116028566294, "params": {"C": 60.60978809438664, "epsilon": 0.32609390586469017, "gamma": 0.030417965609753073, "lamda": 0.11934652985808022}, "datetime": {"datetime": "2021-09-23 18:41:55", "elapsed": 620.796076, "delta": 2.957524}}
{"target": 0.44134913258554254, "params": {"C": 92.37311426859988, "epsilon": 0.5572080123434405, "gamma": 0.010818331243293292, "lamda": 0.5585681801032384}, "datetime": {"datetime": "2021-09-23 18:41:57", "elapsed": 623.181681, "delta": 2.385605}}
{"target": 0.4426972895236735, "params": {"C": 40.969302276264536, "epsilon": 0.14133531623092518, "gamma": 0.018091215021741384, "lamda": 0.1413606850807549}, "datetime": {"datetime": "2021-09-23 18:41:59", "elapsed": 625.436954, "delta": 2.255273}}
{"target": 0.39624991350706007, "params": {"C": 62.069359916584645, "epsilon": 0.7315504639269924, "gamma": 0.078008217420743, "lamda": 0.7337798186750104}, "datetime": {"datetime": "2021-09-23 18:42:01", "elapsed": 627.490636, "delta": 2.053682}}
{"target": 0.43494727141876355, "params": {"C": 47.62267225664766, "epsilon": 0.68115689429209, "gamma": 0.03625818190936126, "lamda": 0.8641264673421237}, "datetime": {"datetime": "2021-09-23 18:42:03", "elapsed": 629.613317, "delta": 2.122681}}
{"target": 0.442188773308123, "params": {"C": 72.61656533589034, "epsilon": 0.8956055215236954, "gamma": 0.017932953084744425, "lamda": 0.5900558984185585}, "datetime": {"datetime": "2021-09-23 18:42:06", "elapsed": 632.133494, "delta": 2.520177}}
{"target": 0.4344442410898902, "params": {"C": 114.17882966447377, "epsilon": 0.7053791885312745, "gamma": 0.03313603349071533, "lamda": 0.8523620442832425}, "datetime": {"datetime": "2021-09-23 18:42:09", "elapsed": 635.390645, "delta": 3.257151}}
{"target": 0.4453291101459378, "params": {"C": 21.961449546683557, "epsilon": 0.18886561466948418, "gamma": 0.015481924788981041, "lamda": 0.9492481319274526}, "datetime": {"datetime": "2021-09-23 18:42:12", "elapsed": 637.755868, "delta": 2.365223}}
{"target": 0.41958953843378555, "params": {"C": 59.13465304972704, "epsilon": 0.352552446731968, "gamma": 0.049080369579121035, "lamda": 0.8581381238593228}, "datetime": {"datetime": "2021-09-23 18:42:14", "elapsed": 639.92189, "delta": 2.166022}}
{"target": 0.41780503840121463, "params": {"C": 118.32102745845653, "epsilon": 0.9455389927492157, "gamma": 0.0713329331782618, "lamda": 0.8945743275294512}, "datetime": {"datetime": "2021-09-23 18:42:17", "elapsed": 643.039929, "delta": 3.118039}}
{"target": 0.43099998765441005, "params": {"C": 105.06582921963417, "epsilon": 0.801923309308695, "gamma": 0.037184911318625544, "lamda": 0.7761607260597675}, "datetime": {"datetime": "2021-09-23 18:42:20", "elapsed": 646.444925, "delta": 3.404996}}
{"target": 0.4426904837359099, "params": {"C": 77.5273588600279, "epsilon": 0.5844223653328469, "gamma": 0.006460143799065637, "lamda": 0.14241278819959283}, "datetime": {"datetime": "2021-09-23 18:42:23", "elapsed": 648.870008, "delta": 2.425083}}
{"target": 0.4298398581375785, "params": {"C": 95.04181303929917, "epsilon": 0.04437805647426751, "gamma": 0.017576776584059903, "lamda": 0.7731912225694288}, "datetime": {"datetime": "2021-09-23 18:42:25", "elapsed": 651.187012, "delta": 2.317004}}
{"target": 0.4022208348687445, "params": {"C": 99.54927938787428, "epsilon": 0.0011725703548200088, "gamma": 0.05579016862799732, "lamda": 0.9929001120972245}, "datetime": {"datetime": "2021-09-23 18:42:29", "elapsed": 655.606004, "delta": 4.418992}}
{"target": 0.44176035651114454, "params": {"C": 58.74880069783826, "epsilon": 0.9374108000475494, "gamma": 0.01222084986666198, "lamda": 0.2471398948987759}, "datetime": {"datetime": "2021-09-23 18:42:33", "elapsed": 658.737013, "delta": 3.131009}}
{"target": 0.44773154336685816, "params": {"C": 86.00816831054419, "epsilon": 0.9683626569283384, "gamma": 0.0046925676763493835, "lamda": 0.6985226943578855}, "datetime": {"datetime": "2021-09-23 18:42:35", "elapsed": 660.949003, "delta": 2.21199}}
{"target": 0.3988065537141817, "params": {"C": 87.43753754683362, "epsilon": 0.2896786578528633, "gamma": 0.05474499572811951, "lamda": 0.5416229107188288}, "datetime": {"datetime": "2021-09-23 18:42:38", "elapsed": 663.834546, "delta": 2.885543}}
{"target": 0.39734452684144916, "params": {"C": 109.20585049220878, "epsilon": 0.2039584218086663, "gamma": 0.0514703201987924, "lamda": 0.28160505997552276}, "datetime": {"datetime": "2021-09-23 18:42:40", "elapsed": 666.020261, "delta": 2.185715}}
{"target": 0.42541478404475896, "params": {"C": 40.34779844302615, "epsilon": 0.19937039843483395, "gamma": 0.053447653976707116, "lamda": 0.9099374024109764}, "datetime": {"datetime": "2021-09-23 18:42:42", "elapsed": 668.377136, "delta": 2.356875}}
{"target": 0.4432612812812535, "params": {"C": 33.856162023958085, "epsilon": 0.35578961879128074, "gamma": 0.022847167047928173, "lamda": 0.4061479652186599}, "datetime": {"datetime": "2021-09-23 18:42:45", "elapsed": 670.76562, "delta": 2.388484}}
{"target": 0.4308432706856491, "params": {"C": 25.225980750389937, "epsilon": 0.7102633947737508, "gamma": 0.06624006775729185, "lamda": 0.16797614889641885}, "datetime": {"datetime": "2021-09-23 18:42:48", "elapsed": 674.516503, "delta": 3.750883}}
{"target": 0.44422459060557407, "params": {"C": 54.50107257049733, "epsilon": 0.7243770041387387, "gamma": 0.007565304966262865, "lamda": 0.09461243004238094}, "datetime": {"datetime": "2021-09-23 18:42:51", "elapsed": 676.853546, "delta": 2.337043}}
{"target": 0.4255028901619694, "params": {"C": 48.36748671022783, "epsilon": 0.6615094783446693, "gamma": 0.0474138942878142, "lamda": 0.03926194027591812}, "datetime": {"datetime": "2021-09-23 18:42:53", "elapsed": 679.243546, "delta": 2.39}}
{"target": 0.44004953307539707, "params": {"C": 43.48109696054972, "epsilon": 0.39179238187523946, "gamma": 0.022792512046681628, "lamda": 0.7150610507379945}, "datetime": {"datetime": "2021-09-23 18:42:55", "elapsed": 681.423611, "delta": 2.180065}}
{"target": 0.4254413358082213, "params": {"C": 95.06022156284192, "epsilon": 0.3611799501628049, "gamma": 0.030062787760943947, "lamda": 0.7933953802375731}, "datetime": {"datetime": "2021-09-23 18:42:58", "elapsed": 683.774461, "delta": 2.35085}}
{"target": 0.4414465596673913, "params": {"C": 62.42028777364825, "epsilon": 0.04386096421660524, "gamma": 0.01286297108540099, "lamda": 0.814454257021058}, "datetime": {"datetime": "2021-09-23 18:43:00", "elapsed": 685.864417, "delta": 2.089956}}
{"target": 0.43651770920101496, "params": {"C": 73.04665430922813, "epsilon": 0.8385107996513239, "gamma": 0.027767734753933314, "lamda": 0.7585247096343951}, "datetime": {"datetime": "2021-09-23 18:43:02", "elapsed": 687.871424, "delta": 2.007007}}
{"target": 0.4196461755586808, "params": {"C": 106.47099601426174, "epsilon": 0.029715639930173184, "gamma": 0.023432017923702385, "lamda": 0.2332920460903261}, "datetime": {"datetime": "2021-09-23 18:43:04", "elapsed": 690.141583, "delta": 2.270159}}
{"target": 0.43187635533262825, "params": {"C": 116.3276521870522, "epsilon": 0.6648186750548518, "gamma": 0.001959997088806028, "lamda": 0.9409579053966437}, "datetime": {"datetime": "2021-09-23 18:43:07", "elapsed": 693.024725, "delta": 2.883142}}
{"target": 0.43026450225455704, "params": {"C": 164.06383220596604, "epsilon": 0.7084396747954868, "gamma": 0.023981474374122604, "lamda": 0.5113167775924653}, "datetime": {"datetime": "2021-09-23 18:45:26", "elapsed": 0.0, "delta": 0.0}}
{"target": 0.4349065566090278, "params": {"C": 191.43575634781237, "epsilon": 0.8963967958445046, "gamma": 0.010921239526643065, "lamda": 0.20803563526004856}, "datetime": {"datetime": "2021-09-23 18:45:27", "elapsed": 0.471576, "delta": 0.471576}}
{"target": 0.4452764067925338, "params": {"C": 124.1173762640664, "epsilon": 0.44136903380698583, "gamma": 0.0033602206594067897, "lamda": 0.45737639117031637}, "datetime": {"datetime": "2021-09-23 18:45:27", "elapsed": 0.839591, "delta": 0.368015}}
{"target": 0.3801694682458683, "params": {"C": 171.93152380918087, "epsilon": 0.27920879536532733, "gamma": 0.054424137256430374, "lamda": 0.5912719545989344}, "datetime": {"datetime": "2021-09-23 18:45:27", "elapsed": 1.170781, "delta": 0.33119}}
{"target": 0.428301315012223, "params": {"C": 121.91855059017323, "epsilon": 0.5592952339028912, "gamma": 0.021480943305689768, "lamda": 0.4156860958130596}, "datetime": {"datetime": "2021-09-23 18:45:28", "elapsed": 1.872799, "delta": 0.702018}}
{"target": 0.42549327310222906, "params": {"C": 127.58045086840652, "epsilon": 0.3667887735372751, "gamma": 0.001, "lamda": 0.4825316156506734}, "datetime": {"datetime": "2021-09-23 18:45:29", "elapsed": 2.484801, "delta": 0.612002}}
{"target": 0.43571196853788274, "params": {"C": 195.3177820129414, "epsilon": 0.6719405486289107, "gamma": 0.03683166063519264, "lamda": 0.7437663852174662}, "datetime": {"datetime": "2021-09-23 18:45:29", "elapsed": 3.075413, "delta": 0.590612}}
{"target": 0.44179207079656, "params": {"C": 199.51609066837344, "epsilon": 0.34534053061352726, "gamma": 0.0024516783574229746, "lamda": 0.02514941817324465}, "datetime": {"datetime": "2021-09-23 18:45:30", "elapsed": 3.989678, "delta": 0.914265}}
{"target": 0.4226602348021423, "params": {"C": 186.72060020636604, "epsilon": 0.06168206051905842, "gamma": 0.012592673033699427, "lamda": 0.7352338547076587}, "datetime": {"datetime": "2021-09-23 18:45:31", "elapsed": 4.532673, "delta": 0.542995}}
{"target": 0.39719141679147696, "params": {"C": 158.6924964910982, "epsilon": 0.995875665883135, "gamma": 0.07715127288291294, "lamda": 0.5640230018622379}, "datetime": {"datetime": "2021-09-23 18:45:31", "elapsed": 5.295405, "delta": 0.762732}}
{"target": 0.34141673588234656, "params": {"C": 142.08991985643644, "epsilon": 0.061334790324431, "gamma": 0.0798952291794914, "lamda": 0.22580740786688863}, "datetime": {"datetime": "2021-09-23 18:45:32", "elapsed": 6.188912, "delta": 0.893507}}
{"target": 0.3232308709152345, "params": {"C": 180.68751823966468, "epsilon": 1.0, "gamma": 0.08, "lamda": 0.001}, "datetime": {"datetime": "2021-09-23 18:45:33", "elapsed": 6.876911, "delta": 0.687999}}
{"target": 0.3464592476147036, "params": {"C": 151.35849243967368, "epsilon": 0.063781847309661, "gamma": 0.0771151783744377, "lamda": 0.978484528725272}, "datetime": {"datetime": "2021-09-23 18:45:34", "elapsed": 7.428634, "delta": 0.551723}}
{"target": 0.4521375685030927, "params": {"C": 133.60990232421764, "epsilon": 0.9976516607525266, "gamma": 0.02725913644967687, "lamda": 0.9242998095333359}, "datetime": {"datetime": "2021-09-23 18:45:34", "elapsed": 7.946513, "delta": 0.517879}}
{"target": 0.35802470397375696, "params": {"C": 135.94735092479064, "epsilon": 0.013396896591263002, "gamma": 0.06866555327690672, "lamda": 0.08843231444889582}, "datetime": {"datetime": "2021-09-23 18:45:35", "elapsed": 8.623515, "delta": 0.677002}}
{"target": 0.45239157754909487, "params": {"C": 132.55863773260037, "epsilon": 0.8791241973395846, "gamma": 0.02224979052959741, "lamda": 0.9127565194967803}, "datetime": {"datetime": "2021-09-23 18:45:35", "elapsed": 9.322264, "delta": 0.698749}}
{"target": 0.43351950691972774, "params": {"C": 167.1636116742767, "epsilon": 0.001, "gamma": 0.001, "lamda": 1.0}, "datetime": {"datetime": "2021-09-23 18:45:36", "elapsed": 10.01454, "delta": 0.692276}}
{"target": 0.4188357355445289, "params": {"C": 197.5696729678412, "epsilon": 0.07276627690971262, "gamma": 0.01591805880878544, "lamda": 0.9211822157368329}, "datetime": {"datetime": "2021-09-23 18:45:37", "elapsed": 10.636155, "delta": 0.621615}}
{"target": 0.3224789829801188, "params": {"C": 189.39847131148653, "epsilon": 0.001, "gamma": 0.08, "lamda": 1.0}, "datetime": {"datetime": "2021-09-23 18:45:37", "elapsed": 11.222941, "delta": 0.586786}}
{"target": 0.346359729121655, "params": {"C": 132.97930533057283, "epsilon": 0.001, "gamma": 0.08, "lamda": 0.001}, "datetime": {"datetime": "2021-09-23 18:45:38", "elapsed": 11.950798, "delta": 0.727857}}
{"target": 0.4169982610898665, "params": {"C": 133.10747978104337, "epsilon": 0.9541727407435592, "gamma": 0.06761580620354689, "lamda": 0.7775810955688263}, "datetime": {"datetime": "2021-09-23 18:45:39", "elapsed": 12.657792, "delta": 0.706994}}
{"target": 0.4214574016401592, "params": {"C": 125.57484818106681, "epsilon": 0.9758783351023976, "gamma": 0.001963037640099495, "lamda": 0.953754535789267}, "datetime": {"datetime": "2021-09-23 18:45:39", "elapsed": 13.142413, "delta": 0.484621}}
{"target": 0.3756007211219683, "params": {"C": 134.0607515954931, "epsilon": 1.0, "gamma": 0.001, "lamda": 1.0}, "datetime": {"datetime": "2021-09-23 18:45:40", "elapsed": 13.755562, "delta": 0.613149}}
{"target": 0.40638753549506235, "params": {"C": 180.100195990843, "epsilon": 0.8457776746921924, "gamma": 0.06233758508926527, "lamda": 0.5706666641420701}, "datetime": {"datetime": "2021-09-23 18:45:40", "elapsed": 14.148554, "delta": 0.392992}}
{"target": 0.38061788730578994, "params": {"C": 144.98102745803553, "epsilon": 0.14289754133782617, "gamma": 0.05438372504347382, "lamda": 0.8058658034910084}, "datetime": {"datetime": "2021-09-23 18:45:41", "elapsed": 14.567555, "delta": 0.419001}}
{"target": 0.3998755594429362, "params": {"C": 171.21573159050823, "epsilon": 0.841859495748028, "gamma": 0.03770697442981534, "lamda": 0.14851691798110808}, "datetime": {"datetime": "2021-09-23 18:45:41", "elapsed": 15.068177, "delta": 0.500622}}
{"target": 0.43346762335856515, "params": {"C": 135.7138338222021, "epsilon": 0.924921089666809, "gamma": 0.020331973102220128, "lamda": 0.40888465829039405}, "datetime": {"datetime": "2021-09-23 18:45:42", "elapsed": 15.595113, "delta": 0.526936}}
{"target": 0.4535355742322189, "params": {"C": 136.59185630030473, "epsilon": 0.8251464227232818, "gamma": 0.018164355154237005, "lamda": 0.9198927425203632}, "datetime": {"datetime": "2021-09-23 18:45:42", "elapsed": 16.004449, "delta": 0.409336}}
{"target": 0.4525433852390164, "params": {"C": 182.23226976197734, "epsilon": 0.8327087986406523, "gamma": 0.02426937981378512, "lamda": 0.925174466272052}, "datetime": {"datetime": "2021-09-23 18:45:42", "elapsed": 16.380646, "delta": 0.376197}}
{"target": 0.42144935411053397, "params": {"C": 193.88466930014715, "epsilon": 0.46153182700482726, "gamma": 0.016124572795308417, "lamda": 0.2543180727493862}, "datetime": {"datetime": "2021-09-23 18:45:43", "elapsed": 16.822652, "delta": 0.442006}}
{"target": 0.3917230922769871, "params": {"C": 143.81324379331357, "epsilon": 0.4894006581697996, "gamma": 0.07207823367383773, "lamda": 0.9447833042595072}, "datetime": {"datetime": "2021-09-23 18:45:43", "elapsed": 17.183463, "delta": 0.360811}}
{"target": 0.41569848605421866, "params": {"C": 121.6444086773515, "epsilon": 0.4561020350085775, "gamma": 0.03125161254572979, "lamda": 0.27812047786988225}, "datetime": {"datetime": "2021-09-23 18:45:44", "elapsed": 17.672484, "delta": 0.489021}}
{"target": 0.4320786279438713, "params": {"C": 136.68582765078634, "epsilon": 0.9279287869500618, "gamma": 0.002329531165005977, "lamda": 0.9065073009553574}, "datetime": {"datetime": "2021-09-23 18:45:44", "elapsed": 18.302753, "delta": 0.630269}}
{"target": 0.4289608967384233, "params": {"C": 136.29491619168607, "epsilon": 0.8566549823938079, "gamma": 0.05816107316768851, "lamda": 0.9767025270258738}, "datetime": {"datetime": "2021-09-23 18:45:45", "elapsed": 18.832758, "delta": 0.530005}}
{"target": 0.427901322532215, "params": {"C": 141.52764751066263, "epsilon": 0.03401860702312612, "gamma": 0.012068363748778892, "lamda": 0.7762219935038618}, "datetime": {"datetime": "2021-09-23 18:45:46", "elapsed": 19.519901, "delta": 0.687143}}
{"target": 0.44018482948488613, "params": {"C": 136.49949190961573, "epsilon": 0.5612935668921502, "gamma": 0.017944106587028788, "lamda": 0.8233824610383034}, "datetime": {"datetime": "2021-09-23 18:45:46", "elapsed": 20.136663, "delta": 0.616762}}
{"target": 0.40060462441591727, "params": {"C": 182.24017961534898, "epsilon": 0.5999238290446489, "gamma": 0.05959274133089122, "lamda": 0.6646662941141006}, "datetime": {"datetime": "2021-09-23 18:45:47", "elapsed": 20.78133, "delta": 0.644667}}
{"target": 0.3756867665582724, "params": {"C": 182.4700834419882, "epsilon": 1.0, "gamma": 0.001, "lamda": 1.0}, "datetime": {"datetime": "2021-09-23 18:45:48", "elapsed": 21.425111, "delta": 0.643781}}
{"target": 0.45488703494699656, "params": {"C": 136.5593069248701, "epsilon": 0.8437572832113027, "gamma": 0.014041585984801822, "lamda": 0.9207102630399208}, "datetime": {"datetime": "2021-09-23 18:45:48", "elapsed": 21.870774, "delta": 0.445663}}
{"target": 0.4413769339909711, "params": {"C": 182.02895347003252, "epsilon": 0.8852443312693096, "gamma": 0.040284390739968846, "lamda": 0.8324692688507083}, "datetime": {"datetime": "2021-09-23 18:45:49", "elapsed": 22.762771, "delta": 0.891997}}
{"target": 0.38939167848702816, "params": {"C": 136.48320794050179, "epsilon": 0.8327693875525044, "gamma": 0.08, "lamda": 0.6293598179146035}, "datetime": {"datetime": "2021-09-23 18:45:49", "elapsed": 23.405656, "delta": 0.642885}}
{"target": 0.42960807482205576, "params": {"C": 164.07293236943457, "epsilon": 0.6619394823653657, "gamma": 0.021772229259510122, "lamda": 0.4990040029712015}, "datetime": {"datetime": "2021-09-23 18:45:50", "elapsed": 23.947307, "delta": 0.541651}}
{"target": 0.40371943812473887, "params": {"C": 182.05304589031905, "epsilon": 0.6656642903329858, "gamma": 0.001, "lamda": 1.0}, "datetime": {"datetime": "2021-09-23 18:45:51", "elapsed": 24.769301, "delta": 0.821994}}
