{"target": 0.4300503703310157, "params": {"C": 39.99193256400723, "epsilon": 0.6085713376009917, "gamma": 0.04694365121215115, "lamda": 0.10210822653087356}, "datetime": {"datetime": "2021-09-23 18:35:52", "elapsed": 258.229738, "delta": 1.259057}}
{"target": 0.4362558652354802, "params": {"C": 21.63022922973456, "epsilon": 0.744490605112613, "gamma": 0.05853286311420337, "lamda": 0.3368951109223541}, "datetime": {"datetime": "2021-09-23 18:35:54", "elapsed": 259.629743, "delta": 1.400005}}
{"target": 0.4137294365351717, "params": {"C": 36.47010484434642, "epsilon": 0.06992071750886492, "gamma": 0.07877114017916155, "lamda": 0.06430300676128808}, "datetime": {"datetime": "2021-09-23 18:35:55", "elapsed": 261.52792, "delta": 1.898177}}
{"target": 0.4345915956836688, "params": {"C": 112.3568807155687, "epsilon": 0.4206038690962254, "gamma": 0.019240342917076297, "lamda": 0.8389311455372279}, "datetime": {"datetime": "2021-09-23 18:35:57", "elapsed": 262.837207, "delta": 1.309287}}
{"target": 0.42831958066947895, "params": {"C": 81.10994592695886, "epsilon": 0.47996779473284035, "gamma": 0.02260636180437452, "lamda": 0.18008209472174708}, "datetime": {"datetime": "2021-09-23 18:35:59", "elapsed": 264.83673, "delta": 1.999523}}
{"target": 0.42913518323439415, "params": {"C": 42.30428305439692, "epsilon": 0.7497794772264438, "gamma": 0.04547487683016432, "lamda": 0.404473310865248}, "datetime": {"datetime": "2021-09-23 18:36:00", "elapsed": 266.11371, "delta": 1.27698}}
{"target": 0.4237853543153036, "params": {"C": 98.54760701585421, "epsilon": 0.1442838150225109, "gamma": 0.023241126660222558, "lamda": 0.2614069674068866}, "datetime": {"datetime": "2021-09-23 18:36:01", "elapsed": 267.521041, "delta": 1.407331}}
{"target": 0.4334476939173133, "params": {"C": 78.75001830173264, "epsilon": 0.5780415510805633, "gamma": 0.015541545744563123, "lamda": 0.05483119738746424}, "datetime": {"datetime": "2021-09-23 18:36:03", "elapsed": 269.228531, "delta": 1.70749}}
{"target": 0.40563413134679405, "params": {"C": 62.21679136215094, "epsilon": 0.9173000770902486, "gamma": 0.06429641746437315, "lamda": 0.4223997515130076}, "datetime": {"datetime": "2021-09-23 18:36:05", "elapsed": 270.71154, "delta": 1.483009}}
{"target": 0.4201353901304823, "params": {"C": 31.679986145216546, "epsilon": 0.047270021166958824, "gamma": 0.07600729424107765, "lamda": 0.4336528390309957}, "datetime": {"datetime": "2021-09-23 18:36:06", "elapsed": 272.597532, "delta": 1.885992}}
{"target": 0.4113679063893849, "params": {"C": 48.043158195333106, "epsilon": 0.5960078420897224, "gamma": 0.06648175404000616, "lamda": 0.630599446714704}, "datetime": {"datetime": "2021-09-23 18:36:08", "elapsed": 274.043534, "delta": 1.446002}}
{"target": 0.43691476108975713, "params": {"C": 36.46875657853223, "epsilon": 0.894707274357821, "gamma": 0.03317536488826496, "lamda": 0.07529957025240844}, "datetime": {"datetime": "2021-09-23 18:36:09", "elapsed": 275.556533, "delta": 1.512999}}
{"target": 0.43886545907939367, "params": {"C": 27.69453915592665, "epsilon": 0.48854501129002975, "gamma": 0.04114696687281518, "lamda": 0.36590360629324625}, "datetime": {"datetime": "2021-09-23 18:36:11", "elapsed": 276.967531, "delta": 1.410998}}
{"target": 0.43682874718982256, "params": {"C": 59.94221829479023, "epsilon": 0.805321315172737, "gamma": 0.02858377105524286, "lamda": 0.785888509059744}, "datetime": {"datetime": "2021-09-23 18:36:12", "elapsed": 278.355532, "delta": 1.388001}}
{"target": 0.4423966258783557, "params": {"C": 58.991173444948316, "epsilon": 0.46672411801883973, "gamma": 0.003939004945723736, "lamda": 0.9384027642724077}, "datetime": {"datetime": "2021-09-23 18:36:14", "elapsed": 279.970532, "delta": 1.615}}
{"target": 0.4366057380600755, "params": {"C": 32.03656339018349, "epsilon": 0.831845730565217, "gamma": 0.04392376888211763, "lamda": 0.7143739368570575}, "datetime": {"datetime": "2021-09-23 18:36:15", "elapsed": 281.209124, "delta": 1.238592}}
{"target": 0.44903882183118893, "params": {"C": 64.00432794064078, "epsilon": 0.9492127594055562, "gamma": 0.011354659813266409, "lamda": 0.7345199100608575}, "datetime": {"datetime": "2021-09-23 18:36:17", "elapsed": 282.932601, "delta": 1.723477}}
{"target": 0.434808611594676, "params": {"C": 29.32057043324389, "epsilon": 0.8282024594670128, "gamma": 0.04600059451041407, "lamda": 0.43377955813608077}, "datetime": {"datetime": "2021-09-23 18:36:18", "elapsed": 284.44539, "delta": 1.512789}}
{"target": 0.44392455342900605, "params": {"C": 34.199318138014945, "epsilon": 0.3112467580117103, "gamma": 0.008942333819234361, "lamda": 0.4983102985157046}, "datetime": {"datetime": "2021-09-23 18:36:20", "elapsed": 285.834035, "delta": 1.388645}}
{"target": 0.41501881895748693, "params": {"C": 35.712162655239155, "epsilon": 0.10550674558928202, "gamma": 0.07884120850320334, "lamda": 0.3129167439688808}, "datetime": {"datetime": "2021-09-23 18:36:21", "elapsed": 287.307385, "delta": 1.47335}}
{"target": 0.43617928514880966, "params": {"C": 103.24426166710775, "epsilon": 0.876067045867492, "gamma": 0.02848318344733439, "lamda": 0.7087870069687292}, "datetime": {"datetime": "2021-09-23 18:36:23", "elapsed": 288.689094, "delta": 1.381709}}
{"target": 0.44766047867084224, "params": {"C": 21.361783900406643, "epsilon": 0.20420322047069997, "gamma": 0.025948741420015763, "lamda": 0.6737384617260957}, "datetime": {"datetime": "2021-09-23 18:36:24", "elapsed": 290.238035, "delta": 1.548941}}
{"target": 0.4305932771105597, "params": {"C": 48.966708242896985, "epsilon": 0.020585255819150973, "gamma": 0.03953202826822584, "lamda": 0.6515847853708362}, "datetime": {"datetime": "2021-09-23 18:36:26", "elapsed": 291.904032, "delta": 1.665997}}
{"target": 0.3964800446561334, "params": {"C": 71.22542746267774, "epsilon": 0.05935590627928694, "gamma": 0.06868888114066496, "lamda": 0.8545786716448106}, "datetime": {"datetime": "2021-09-23 18:36:27", "elapsed": 293.355238, "delta": 1.451206}}
{"target": 0.4373423050997257, "params": {"C": 79.19290130378155, "epsilon": 0.3078780599375135, "gamma": 0.012783752398198952, "lamda": 0.2149821106140537}, "datetime": {"datetime": "2021-09-23 18:36:29", "elapsed": 294.877306, "delta": 1.522068}}
{"target": 0.44053662045808695, "params": {"C": 64.02169755141676, "epsilon": 0.9994465691140529, "gamma": 0.02552029137191585, "lamda": 0.7303126176479771}, "datetime": {"datetime": "2021-09-23 18:36:30", "elapsed": 296.120722, "delta": 1.243416}}
{"target": 0.405157634465115, "params": {"C": 68.12943573257152, "epsilon": 0.07791013034503881, "gamma": 0.06249700708373021, "lamda": 0.7528000401181079}, "datetime": {"datetime": "2021-09-23 18:36:31", "elapsed": 297.410373, "delta": 1.289651}}
{"target": 0.40302677014852184, "params": {"C": 65.85996297572105, "epsilon": 0.016000635742656096, "gamma": 0.001248202304153076, "lamda": 0.07386799275083197}, "datetime": {"datetime": "2021-09-23 18:36:33", "elapsed": 299.086739, "delta": 1.676366}}
{"target": 0.40069512011649877, "params": {"C": 115.1346454990955, "epsilon": 0.6534080995561962, "gamma": 0.05178125539817545, "lamda": 0.5122968342993256}, "datetime": {"datetime": "2021-09-23 18:36:34", "elapsed": 300.407603, "delta": 1.320864}}
{"target": 0.4212129216261329, "params": {"C": 57.87245658866776, "epsilon": 0.45495151114677185, "gamma": 0.0485401284752141, "lamda": 0.19816119212213723}, "datetime": {"datetime": "2021-09-23 18:36:36", "elapsed": 301.891216, "delta": 1.483613}}
{"target": 0.43737643580453545, "params": {"C": 76.84186697786402, "epsilon": 0.05639606549599387, "gamma": 0.012942630858660119, "lamda": 0.5343577942270267}, "datetime": {"datetime": "2021-09-23 18:36:37", "elapsed": 303.358873, "delta": 1.467657}}
{"target": 0.44187165888205304, "params": {"C": 29.86687628036944, "epsilon": 0.10070033457381548, "gamma": 0.025659265935634144, "lamda": 0.3536154652724415}, "datetime": {"datetime": "2021-09-23 18:36:39", "elapsed": 304.757666, "delta": 1.398793}}
{"target": 0.43617952189525544, "params": {"C": 41.42563323590999, "epsilon": 0.8345391312157674, "gamma": 0.031452832749454186, "lamda": 0.17289279833376883}, "datetime": {"datetime": "2021-09-23 18:36:40", "elapsed": 306.168952, "delta": 1.411286}}
{"target": 0.446472667595156, "params": {"C": 101.5528857522636, "epsilon": 0.7018623697654152, "gamma": 0.0035966681686904916, "lamda": 0.4771648985528859}, "datetime": {"datetime": "2021-09-23 18:36:42", "elapsed": 308.333797, "delta": 2.164845}}
{"target": 0.4227588955373158, "params": {"C": 107.82960103020689, "epsilon": 0.24078750884383024, "gamma": 0.026352293364861206, "lamda": 0.6100405258879825}, "datetime": {"datetime": "2021-09-23 18:36:44", "elapsed": 309.76595, "delta": 1.432153}}
{"target": 0.4024585421497642, "params": {"C": 87.44436866577401, "epsilon": 0.09418771609265039, "gamma": 0.05493934057559899, "lamda": 0.6479302494999396}, "datetime": {"datetime": "2021-09-23 18:36:45", "elapsed": 311.171703, "delta": 1.405753}}
{"target": 0.4233253366868275, "params": {"C": 42.272261243320486, "epsilon": 0.28591153349992154, "gamma": 0.056775856938813825, "lamda": 0.29412351592750424}, "datetime": {"datetime": "2021-09-23 18:36:46", "elapsed": 312.530826, "delta": 1.359123}}
{"target": 0.4309907464956939, "params": {"C": 100.90256438319666, "epsilon": 0.8899031117719604, "gamma": 0.02801617557933242, "lamda": 0.5726102546144652}, "datetime": {"datetime": "2021-09-23 18:36:48", "elapsed": 313.965322, "delta": 1.434496}}
{"target": 0.41721698798772566, "params": {"C": 32.96272719093293, "epsilon": 0.12378496206841831, "gamma": 0.07882680269010381, "lamda": 0.2517527239358318}, "datetime": {"datetime": "2021-09-23 18:36:50", "elapsed": 315.678723, "delta": 1.713401}}
{"target": 0.4445102832923933, "params": {"C": 34.21275656779599, "epsilon": 0.33803390906973335, "gamma": 0.008955178758455674, "lamda": 0.6328694293251649}, "datetime": {"datetime": "2021-09-23 18:36:51", "elapsed": 317.596778, "delta": 1.918055}}
{"target": 0.3221011213417386, "params": {"C": 23.25460426136892, "epsilon": 0.9136674949015109, "gamma": 0.0016043294618152113, "lamda": 0.5484085995104023}, "datetime": {"datetime": "2021-09-23 18:36:53", "elapsed": 319.06786, "delta": 1.471082}}
{"target": 0.38827243545109225, "params": {"C": 93.28736916884957, "epsilon": 0.17972022639969948, "gamma": 0.0617141458864125, "lamda": 0.8324750178832748}, "datetime": {"datetime": "2021-09-23 18:36:54", "elapsed": 320.514105, "delta": 1.446245}}
{"target": 0.4351012300129826, "params": {"C": 21.01040154715871, "epsilon": 0.008833662573175562, "gamma": 0.06928613159499014, "lamda": 0.7917639878036461}, "datetime": {"datetime": "2021-09-23 18:36:56", "elapsed": 321.973875, "delta": 1.45977}}
{"target": 0.3999543677289492, "params": {"C": 88.36193336030287, "epsilon": 0.6102276105415059, "gamma": 0.05342416037510644, "lamda": 0.2233031018231637}, "datetime": {"datetime": "2021-09-23 18:36:57", "elapsed": 323.389462, "delta": 1.415587}}
{"target": 0.39365707226752156, "params": {"C": 81.0574171404866, "epsilon": 0.591388503142849, "gamma": 0.06425084827237888, "lamda": 0.3708855423483089}, "datetime": {"datetime": "2021-09-23 18:36:59", "elapsed": 324.711334, "delta": 1.321872}}
{"target": 0.4468940132567649, "params": {"C": 22.106099687512287, "epsilon": 0.1686444949115444, "gamma": 0.0185844930970313, "lamda": 0.8165309713568958}, "datetime": {"datetime": "2021-09-23 18:37:00", "elapsed": 326.435399, "delta": 1.724065}}
{"target": 0.43196600939756, "params": {"C": 67.8453362834172, "epsilon": 0.1218468385031864, "gamma": 0.0020740297665511062, "lamda": 0.5896234861346561}, "datetime": {"datetime": "2021-09-23 18:37:03", "elapsed": 328.660054, "delta": 2.224655}}
{"target": 0.4360942366907642, "params": {"C": 79.85220873606013, "epsilon": 0.41979955062888347, "gamma": 0.013924575041891735, "lamda": 0.4458358176550953}, "datetime": {"datetime": "2021-09-23 18:37:04", "elapsed": 329.980667, "delta": 1.320613}}
{"target": 0.4324298246886913, "params": {"C": 59.569411938417346, "epsilon": 0.5901281432820973, "gamma": 0.03260366585518217, "lamda": 0.6762162234442552}, "datetime": {"datetime": "2021-09-23 18:37:05", "elapsed": 331.51287, "delta": 1.532203}}
{"target": 0.44014158717407037, "params": {"C": 67.39544042421272, "epsilon": 0.476519735249453, "gamma": 0.0029843139931573785, "lamda": 0.5580804959187641}, "datetime": {"datetime": "2021-09-23 18:37:07", "elapsed": 332.84587, "delta": 1.333}}
{"target": 0.4099909633281188, "params": {"C": 102.50621169900091, "epsilon": 0.7424445295319246, "gamma": 0.04222079599359213, "lamda": 0.24554964296857829}, "datetime": {"datetime": "2021-09-23 18:37:08", "elapsed": 334.420694, "delta": 1.574824}}
{"target": 0.3938614953621996, "params": {"C": 108.51135950678612, "epsilon": 0.23962465001628447, "gamma": 0.058122468286926854, "lamda": 0.09971231797139189}, "datetime": {"datetime": "2021-09-23 18:37:10", "elapsed": 335.780726, "delta": 1.360032}}
{"target": 0.43467040277090796, "params": {"C": 36.51881267992735, "epsilon": 0.6806088362926092, "gamma": 0.0044574761939358545, "lamda": 0.8363201768489962}, "datetime": {"datetime": "2021-09-23 18:37:11", "elapsed": 337.129692, "delta": 1.348966}}
{"target": 0.4476266475975028, "params": {"C": 23.247913153637295, "epsilon": 0.3221151372754373, "gamma": 0.026897840750058796, "lamda": 0.26671798429270904}, "datetime": {"datetime": "2021-09-23 18:37:13", "elapsed": 339.171829, "delta": 2.042137}}
{"target": 0.4105850522874801, "params": {"C": 78.14297217265141, "epsilon": 0.7351633769864262, "gamma": 0.04901078773569825, "lamda": 0.29151791043857217}, "datetime": {"datetime": "2021-09-23 18:37:15", "elapsed": 340.680936, "delta": 1.509107}}
{"target": 0.44722236558364203, "params": {"C": 49.76541872014113, "epsilon": 0.7083024954303528, "gamma": 0.010630220549403324, "lamda": 0.8125587514357625}, "datetime": {"datetime": "2021-09-23 18:37:16", "elapsed": 341.977942, "delta": 1.297006}}
{"target": 0.43398056097259996, "params": {"C": 99.75492658356606, "epsilon": 0.5466221057730426, "gamma": 0.01243474634694702, "lamda": 0.26028047412789074}, "datetime": {"datetime": "2021-09-23 18:37:18", "elapsed": 343.644936, "delta": 1.666994}}
{"target": 0.3885340343367929, "params": {"C": 81.52933979409076, "epsilon": 0.11036762179840132, "gamma": 0.06815368921016716, "lamda": 0.7235426552124635}, "datetime": {"datetime": "2021-09-23 18:37:19", "elapsed": 345.032641, "delta": 1.387705}}
{"target": 0.3853052765134415, "params": {"C": 115.79730301060103, "epsilon": 0.19050559113024235, "gamma": 0.05610513426407684, "lamda": 0.5387273931144594}, "datetime": {"datetime": "2021-09-23 18:37:21", "elapsed": 346.641734, "delta": 1.609093}}
{"target": 0.4120898086839009, "params": {"C": 111.39187759102839, "epsilon": 0.3913019988054627, "gamma": 0.03726568635276775, "lamda": 0.16222501364793457}, "datetime": {"datetime": "2021-09-23 18:37:22", "elapsed": 348.081734, "delta": 1.44}}
{"target": 0.4088678726166469, "params": {"C": 106.58970638079713, "epsilon": 0.7428163971815431, "gamma": 0.045479465868236583, "lamda": 0.47321782329566153}, "datetime": {"datetime": "2021-09-23 18:37:24", "elapsed": 349.761734, "delta": 1.68}}
{"target": 0.43681799681953026, "params": {"C": 62.55305810199723, "epsilon": 0.43817112721600154, "gamma": 0.002695402991787257, "lamda": 0.6024946559000469}, "datetime": {"datetime": "2021-09-23 18:37:25", "elapsed": 351.102311, "delta": 1.340577}}
{"target": 0.4282904225790358, "params": {"C": 20.619012579756884, "epsilon": 0.4392281262260988, "gamma": 0.07701240413772734, "lamda": 0.43786762622499636}, "datetime": {"datetime": "2021-09-23 18:37:27", "elapsed": 352.690271, "delta": 1.58796}}
{"target": 0.3779933637900511, "params": {"C": 112.81070936085291, "epsilon": 0.2154703827014335, "gamma": 0.06441007278570966, "lamda": 0.5965905362263018}, "datetime": {"datetime": "2021-09-23 18:37:28", "elapsed": 354.084566, "delta": 1.394295}}
{"target": 0.4213028829462383, "params": {"C": 32.7684996779447, "epsilon": 0.7366314334313182, "gamma": 0.06918723622622029, "lamda": 0.5080746209448057}, "datetime": {"datetime": "2021-09-23 18:37:30", "elapsed": 355.996772, "delta": 1.912206}}
{"target": 0.37645902428814804, "params": {"C": 96.46736985839664, "epsilon": 0.715713049902222, "gamma": 0.0730223996270079, "lamda": 0.024226281797897577}, "datetime": {"datetime": "2021-09-23 18:37:32", "elapsed": 357.769956, "delta": 1.773184}}
{"target": 0.447024111335922, "params": {"C": 112.21697805136607, "epsilon": 0.8188533939516617, "gamma": 0.004485098528574618, "lamda": 0.8075223798474921}, "datetime": {"datetime": "2021-09-23 18:37:33", "elapsed": 359.55555, "delta": 1.785594}}
{"target": 0.3720796749809424, "params": {"C": 112.99625167280725, "epsilon": 0.5544339820547971, "gamma": 0.07577686610463978, "lamda": 0.49057521072306687}, "datetime": {"datetime": "2021-09-23 18:37:35", "elapsed": 360.933592, "delta": 1.378042}}
{"target": 0.4353153739381155, "params": {"C": 59.63242564589491, "epsilon": 0.5395566964439571, "gamma": 0.02181103701672375, "lamda": 0.2022706982974993}, "datetime": {"datetime": "2021-09-23 18:37:36", "elapsed": 362.488608, "delta": 1.555016}}
{"target": 0.42972483902688374, "params": {"C": 45.563056487371526, "epsilon": 0.8502282742969514, "gamma": 0.04168054847871695, "lamda": 0.16215341245159282}, "datetime": {"datetime": "2021-09-23 18:37:38", "elapsed": 364.143234, "delta": 1.654626}}
{"target": 0.3679563694483238, "params": {"C": 98.9328940132112, "epsilon": 0.4203078833010858, "gamma": 0.07772947389050522, "lamda": 0.14065656403068583}, "datetime": {"datetime": "2021-09-23 18:37:40", "elapsed": 365.845331, "delta": 1.702097}}
{"target": 0.4388681625348859, "params": {"C": 23.096070520613527, "epsilon": 0.37582697976318863, "gamma": 0.04754334801652176, "lamda": 0.9010536959715942}, "datetime": {"datetime": "2021-09-23 18:37:41", "elapsed": 367.252581, "delta": 1.40725}}
{"target": 0.41005057585168914, "params": {"C": 89.10903294386202, "epsilon": 0.34529497200647324, "gamma": 0.04625359507142147, "lamda": 0.21892025563238082}, "datetime": {"datetime": "2021-09-23 18:37:43", "elapsed": 368.696638, "delta": 1.444057}}
{"target": 0.4104086116994826, "params": {"C": 80.71171932574514, "epsilon": 0.27944954779700387, "gamma": 0.04975670091695318, "lamda": 0.26121065248020187}, "datetime": {"datetime": "2021-09-23 18:37:44", "elapsed": 370.377139, "delta": 1.680501}}
{"target": 0.40605462080604404, "params": {"C": 100.17475761849487, "epsilon": 0.02093186622418456, "gamma": 0.053420727253312365, "lamda": 0.0950894480924049}, "datetime": {"datetime": "2021-09-23 18:37:46", "elapsed": 371.947988, "delta": 1.570849}}
{"target": 0.4447815735359648, "params": {"C": 33.262223414065474, "epsilon": 0.2409764544022112, "gamma": 0.012272273037243656, "lamda": 0.5613584593498012}, "datetime": {"datetime": "2021-09-23 18:37:47", "elapsed": 373.485556, "delta": 1.537568}}
{"target": 0.40857386825873576, "params": {"C": 80.28110009770046, "epsilon": 0.10087169093914221, "gamma": 0.0011220010623604671, "lamda": 0.6761944442195162}, "datetime": {"datetime": "2021-09-23 18:37:49", "elapsed": 375.097103, "delta": 1.611547}}
{"target": 0.44275075470048797, "params": {"C": 64.25776740232291, "epsilon": 0.9385350524795871, "gamma": 0.01958712718884105, "lamda": 0.6443955619471298}, "datetime": {"datetime": "2021-09-23 18:37:51", "elapsed": 376.723448, "delta": 1.626345}}
{"target": 0.4207544870929779, "params": {"C": 31.056551289763483, "epsilon": 0.4426556068697076, "gamma": 0.07554091099195451, "lamda": 0.2232361241564154}, "datetime": {"datetime": "2021-09-23 18:37:52", "elapsed": 378.347163, "delta": 1.623715}}
{"target": 0.4423036497427467, "params": {"C": 64.91332532904408, "epsilon": 0.26452267293054443, "gamma": 0.003587736124152834, "lamda": 0.9882003686741044}, "datetime": {"datetime": "2021-09-23 18:37:54", "elapsed": 380.478388, "delta": 2.131225}}
{"target": 0.3995382264032715, "params": {"C": 108.51712046678688, "epsilon": 0.1666393687394247, "gamma": 0.04708165001352145, "lamda": 0.6375465617492329}, "datetime": {"datetime": "2021-09-23 18:37:56", "elapsed": 382.27125, "delta": 1.792862}}
{"target": 0.38082267617899, "params": {"C": 111.67969134518086, "epsilon": 0.04876287061781093, "gamma": 0.06103661196652876, "lamda": 0.9948784432628479}, "datetime": {"datetime": "2021-09-23 18:37:58", "elapsed": 384.065263, "delta": 1.794013}}
{"target": 0.4064685550865611, "params": {"C": 49.75921709963464, "epsilon": 0.31684608248552454, "gamma": 0.0741995348323404, "lamda": 0.3719056405258266}, "datetime": {"datetime": "2021-09-23 18:38:00", "elapsed": 386.287953, "delta": 2.22269}}
{"target": 0.41277386556265216, "params": {"C": 55.490400058699024, "epsilon": 0.9523367902295493, "gamma": 0.06460714991944175, "lamda": 0.7764640440224269}, "datetime": {"datetime": "2021-09-23 18:38:02", "elapsed": 387.926172, "delta": 1.638219}}
{"target": 0.4279439372050363, "params": {"C": 75.26112764281135, "epsilon": 0.7663179035605729, "gamma": 0.03136160647423874, "lamda": 0.3786542342009375}, "datetime": {"datetime": "2021-09-23 18:38:03", "elapsed": 389.607821, "delta": 1.681649}}
{"target": 0.43967487998248034, "params": {"C": 35.71559278863843, "epsilon": 0.7365491871914662, "gamma": 0.030421341597839723, "lamda": 0.5548760054331351}, "datetime": {"datetime": "2021-09-23 18:38:06", "elapsed": 391.8227, "delta": 2.214879}}
{"target": 0.412338064583216, "params": {"C": 106.11655265785713, "epsilon": 0.4365509594241674, "gamma": 0.04430395620424237, "lamda": 0.9474697157491764}, "datetime": {"datetime": "2021-09-23 18:38:08", "elapsed": 393.869473, "delta": 2.046773}}
{"target": 0.43028260136805363, "params": {"C": 34.350347185460436, "epsilon": 0.5372231002723894, "gamma": 0.052150529131835, "lamda": 0.8625807714259588}, "datetime": {"datetime": "2021-09-23 18:38:10", "elapsed": 396.153487, "delta": 2.284014}}
