{"target": 0.36451869712981133, "params": {"C": 51.76171172676693, "epsilon": 0.15973385770258758, "gamma": 0.001, "lamda": 0.39317435246998156}, "datetime": {"datetime": "2021-09-23 17:53:55", "elapsed": 1013.000509, "delta": 7.634832}}
{"target": 0.2402578042376341, "params": {"C": 73.13076076386251, "epsilon": 0.11792693806679941, "gamma": 0.7066852038997815, "lamda": 0.5415246094581696}, "datetime": {"datetime": "2021-09-23 17:53:57", "elapsed": 1015.298086, "delta": 2.297577}}
{"target": 0.44564456606895964, "params": {"C": 22.71900457972337, "epsilon": 0.9886736675496686, "gamma": 0.03579025723968598, "lamda": 0.988138868621502}, "datetime": {"datetime": "2021-09-23 17:54:04", "elapsed": 1022.287115, "delta": 6.989029}}
{"target": 0.4161152534957592, "params": {"C": 22.6186672062174, "epsilon": 0.9295269345876149, "gamma": 0.09597906666711173, "lamda": 0.9692820822304947}, "datetime": {"datetime": "2021-09-23 17:54:11", "elapsed": 1029.32784, "delta": 7.040725}}
{"target": 0.37124881019450506, "params": {"C": 15.890746798746116, "epsilon": 0.6909053430812553, "gamma": 0.19369395426129737, "lamda": 0.18422097403412838}, "datetime": {"datetime": "2021-09-23 17:54:18", "elapsed": 1036.297948, "delta": 6.970108}}
{"target": 0.3640534875417595, "params": {"C": 52.22163303434224, "epsilon": 0.8436337627832105, "gamma": 0.001, "lamda": 0.19549980603759384}, "datetime": {"datetime": "2021-09-23 17:54:23", "elapsed": 1041.763133, "delta": 5.465185}}
{"target": 0.38109839105108356, "params": {"C": 14.515907160976147, "epsilon": 0.4059807324584179, "gamma": 0.17795587834191653, "lamda": 1.0}, "datetime": {"datetime": "2021-09-23 17:54:30", "elapsed": 1047.875729, "delta": 6.112596}}
{"target": 0.4281636366958794, "params": {"C": 51.213431485857086, "epsilon": 0.5619810833174556, "gamma": 0.041229618723644855, "lamda": 0.24466423826414768}, "datetime": {"datetime": "2021-09-23 17:54:38", "elapsed": 1056.26467, "delta": 8.388941}}
{"target": 0.39647000582377634, "params": {"C": 51.577387425044456, "epsilon": 0.3906610266450864, "gamma": 0.08098489145501177, "lamda": 0.8188543338450964}, "datetime": {"datetime": "2021-09-23 17:54:41", "elapsed": 1058.796114, "delta": 2.531444}}
{"target": 0.4295866275963386, "params": {"C": 44.16349531205837, "epsilon": 0.02690030559606344, "gamma": 0.044423335752418025, "lamda": 0.4358870702256586}, "datetime": {"datetime": "2021-09-23 18:03:15", "elapsed": 0.0, "delta": 0.0}}
{"target": 0.44269886511483036, "params": {"C": 42.61641240666141, "epsilon": 0.33100448618287026, "gamma": 0.017167242088989558, "lamda": 0.6196516953843131}, "datetime": {"datetime": "2021-09-23 18:03:16", "elapsed": 0.367355, "delta": 0.367355}}
{"target": 0.43332335907879904, "params": {"C": 30.66581269377779, "epsilon": 0.2675604478277638, "gamma": 0.050069572788774296, "lamda": 0.529612952182762}, "datetime": {"datetime": "2021-09-23 18:03:16", "elapsed": 0.839673, "delta": 0.472318}}
{"target": 0.4427575747386938, "params": {"C": 14.323414589148422, "epsilon": 0.5140645431444807, "gamma": 0.015570749386106308, "lamda": 0.7855498126688568}, "datetime": {"datetime": "2021-09-23 18:03:17", "elapsed": 1.210745, "delta": 0.371072}}
{"target": 0.3910581514947262, "params": {"C": 85.5435539713094, "epsilon": 0.4947426005445459, "gamma": 0.06787835734323998, "lamda": 0.08056583153205193}, "datetime": {"datetime": "2021-09-23 18:03:17", "elapsed": 1.886754, "delta": 0.676009}}
{"target": 0.4288810666641074, "params": {"C": 39.16297742109808, "epsilon": 0.8068761524155829, "gamma": 0.051636394338716085, "lamda": 0.9313299932650707}, "datetime": {"datetime": "2021-09-23 18:03:18", "elapsed": 2.427359, "delta": 0.540605}}
{"target": 0.4412344738717968, "params": {"C": 17.277953954618702, "epsilon": 0.3736170472622269, "gamma": 0.054405818389380196, "lamda": 0.8799453441693686}, "datetime": {"datetime": "2021-09-23 18:03:18", "elapsed": 3.033029, "delta": 0.60567}}
{"target": 0.4370890964083648, "params": {"C": 10.45380145287346, "epsilon": 0.032453424671744, "gamma": 0.06785381737692046, "lamda": 0.34225320228374867}, "datetime": {"datetime": "2021-09-23 18:03:19", "elapsed": 3.647023, "delta": 0.613994}}
{"target": 0.43116900520463286, "params": {"C": 21.60681954416003, "epsilon": 0.7459996002290841, "gamma": 0.0066127236598355855, "lamda": 0.12578427126763078}, "datetime": {"datetime": "2021-09-23 18:03:20", "elapsed": 4.439842, "delta": 0.792819}}
{"target": 0.4254492311166028, "params": {"C": 5.60764120899695, "epsilon": 0.8817839749085591, "gamma": 0.044900674334970504, "lamda": 0.886555542580089}, "datetime": {"datetime": "2021-09-23 18:03:20", "elapsed": 5.007341, "delta": 0.567499}}
{"target": 0.4040034452732334, "params": {"C": 64.21471887779437, "epsilon": 0.8594598863162582, "gamma": 0.07281187599945864, "lamda": 0.8487985546460876}, "datetime": {"datetime": "2021-09-23 18:03:21", "elapsed": 5.591342, "delta": 0.584001}}
{"target": 0.4268751024934557, "params": {"C": 99.96367848265996, "epsilon": 0.6305681230335752, "gamma": 0.03889383523041225, "lamda": 0.9487337143137718}, "datetime": {"datetime": "2021-09-23 18:03:22", "elapsed": 6.205549, "delta": 0.614207}}
{"target": 0.4491993943344357, "params": {"C": 26.31398359583583, "epsilon": 0.9957767855799401, "gamma": 0.018683359441631665, "lamda": 0.9570081353733704}, "datetime": {"datetime": "2021-09-23 18:03:24", "elapsed": 8.360111, "delta": 2.154562}}
{"target": 0.284027271847631, "params": {"C": 27.53038360626675, "epsilon": 0.001, "gamma": 0.001, "lamda": 0.001}, "datetime": {"datetime": "2021-09-23 18:03:25", "elapsed": 9.422357, "delta": 1.062246}}
{"target": 0.43598424465490904, "params": {"C": 26.2284614147649, "epsilon": 0.8453279204772849, "gamma": 0.05190732858838609, "lamda": 0.8092939256991425}, "datetime": {"datetime": "2021-09-23 18:03:25", "elapsed": 9.983354, "delta": 0.560997}}
{"target": 0.44859061313698756, "params": {"C": 15.784375114336784, "epsilon": 0.411698604112196, "gamma": 0.028564818980617232, "lamda": 0.8117120428619794}, "datetime": {"datetime": "2021-09-23 18:03:26", "elapsed": 10.701378, "delta": 0.718024}}
{"target": 0.19487627241290184, "params": {"C": 15.226923162155051, "epsilon": 1.0, "gamma": 0.001, "lamda": 0.001}, "datetime": {"datetime": "2021-09-23 18:03:27", "elapsed": 11.521195, "delta": 0.819817}}
{"target": 0.44657378487384125, "params": {"C": 16.432419972225667, "epsilon": 0.08496039246659566, "gamma": 0.034519546179101745, "lamda": 0.805590352882971}, "datetime": {"datetime": "2021-09-23 18:03:27", "elapsed": 12.060166, "delta": 0.538971}}
{"target": 0.4399270377046799, "params": {"C": 16.379441282157195, "epsilon": 0.7791486016522482, "gamma": 0.057341398527274316, "lamda": 0.9205170728908253}, "datetime": {"datetime": "2021-09-23 18:03:28", "elapsed": 12.549017, "delta": 0.488851}}
{"target": 0.44363092517297686, "params": {"C": 13.577177459288007, "epsilon": 0.14572039289058336, "gamma": 0.057903360594078475, "lamda": 0.9128602169636817}, "datetime": {"datetime": "2021-09-23 18:03:28", "elapsed": 13.102864, "delta": 0.553847}}
{"target": 0.4352475908168114, "params": {"C": 57.224252197363334, "epsilon": 0.16216428386749, "gamma": 0.019545744593561943, "lamda": 0.24729593913971307}, "datetime": {"datetime": "2021-09-23 18:03:29", "elapsed": 13.630861, "delta": 0.527997}}
{"target": 0.4433594116696872, "params": {"C": 13.163911433825643, "epsilon": 0.9534877691151147, "gamma": 0.053864023939589244, "lamda": 0.7808844270634053}, "datetime": {"datetime": "2021-09-23 18:03:30", "elapsed": 14.377142, "delta": 0.746281}}
{"target": 0.43367254669919586, "params": {"C": 35.47190941336453, "epsilon": 0.5950428523977109, "gamma": 0.04149109876602867, "lamda": 0.47770942458445353}, "datetime": {"datetime": "2021-09-23 18:03:30", "elapsed": 14.835062, "delta": 0.45792}}
{"target": 0.17200391547454896, "params": {"C": 13.144509294817807, "epsilon": 0.30838288238697736, "gamma": 0.001, "lamda": 0.010951408365133053}, "datetime": {"datetime": "2021-09-23 18:03:31", "elapsed": 15.737146, "delta": 0.902084}}
{"target": 0.42830915031840566, "params": {"C": 6.374087991366915, "epsilon": 0.3351480381107682, "gamma": 0.029143918126793344, "lamda": 0.22708835845246436}, "datetime": {"datetime": "2021-09-23 18:03:32", "elapsed": 16.292336, "delta": 0.55519}}
{"target": 0.44609927962983553, "params": {"C": 16.701180106273533, "epsilon": 0.5996954577661244, "gamma": 0.04390829077717178, "lamda": 0.33552462977643116}, "datetime": {"datetime": "2021-09-23 18:03:32", "elapsed": 16.939128, "delta": 0.646792}}
{"target": 0.44808663010720495, "params": {"C": 17.414516049537756, "epsilon": 0.3447757769132063, "gamma": 0.04014328333343984, "lamda": 0.04203037907819291}, "datetime": {"datetime": "2021-09-23 18:03:33", "elapsed": 17.598842, "delta": 0.659714}}
{"target": 0.4327191440376792, "params": {"C": 13.816689450619467, "epsilon": 1.0, "gamma": 0.08, "lamda": 1.0}, "datetime": {"datetime": "2021-09-23 18:03:34", "elapsed": 18.265968, "delta": 0.667126}}
{"target": 0.40012268414865493, "params": {"C": 63.098494072078616, "epsilon": 0.8195480305305256, "gamma": 0.07258567410870526, "lamda": 0.6540331946552629}, "datetime": {"datetime": "2021-09-23 18:03:34", "elapsed": 18.998671, "delta": 0.732703}}
{"target": 0.43101752096370094, "params": {"C": 17.541452316166012, "epsilon": 0.9891063019489225, "gamma": 0.008047794221457918, "lamda": 0.3701093889618552}, "datetime": {"datetime": "2021-09-23 18:03:35", "elapsed": 19.807894, "delta": 0.809223}}
{"target": 0.44315000108196745, "params": {"C": 18.264716537193618, "epsilon": 0.1048108212327451, "gamma": 0.05211276150386339, "lamda": 0.4613672443496467}, "datetime": {"datetime": "2021-09-23 18:03:36", "elapsed": 20.544849, "delta": 0.736955}}
{"target": 0.4358467652337158, "params": {"C": 82.77348096135194, "epsilon": 0.7512692153588179, "gamma": 0.01330640398747596, "lamda": 0.19151628846049487}, "datetime": {"datetime": "2021-09-23 18:03:37", "elapsed": 21.367811, "delta": 0.822962}}
{"target": 0.3814639171188411, "params": {"C": 94.75107945518515, "epsilon": 0.26478822721838546, "gamma": 0.06918723845258781, "lamda": 0.6948011466125202}, "datetime": {"datetime": "2021-09-23 18:03:37", "elapsed": 21.832814, "delta": 0.465003}}
{"target": 0.4475731642724139, "params": {"C": 43.41270189109828, "epsilon": 0.7105951490501582, "gamma": 0.01182906405704784, "lamda": 0.8614063488375411}, "datetime": {"datetime": "2021-09-23 18:03:38", "elapsed": 22.912869, "delta": 1.080055}}
{"target": 0.4243992253987191, "params": {"C": 69.6065725312371, "epsilon": 0.5123494902716215, "gamma": 0.03629562765571582, "lamda": 0.2995023800047798}, "datetime": {"datetime": "2021-09-23 18:03:39", "elapsed": 23.578931, "delta": 0.666062}}
{"target": 0.4437145985975992, "params": {"C": 12.638537854769101, "epsilon": 0.11550097589583139, "gamma": 0.05728905501525425, "lamda": 0.8975581965435752}, "datetime": {"datetime": "2021-09-23 18:03:40", "elapsed": 24.131929, "delta": 0.552998}}
{"target": 0.44742576445739424, "params": {"C": 95.02693887376363, "epsilon": 0.8728944821954062, "gamma": 0.014188865463184083, "lamda": 0.777705965778011}, "datetime": {"datetime": "2021-09-23 18:03:40", "elapsed": 24.663745, "delta": 0.531816}}
{"target": 0.44007048368716206, "params": {"C": 16.695954059510928, "epsilon": 0.6112324863776876, "gamma": 0.06005666896142637, "lamda": 0.39976393504257435}, "datetime": {"datetime": "2021-09-23 18:03:41", "elapsed": 25.180727, "delta": 0.516982}}
{"target": 0.43690139692039776, "params": {"C": 43.26393786297342, "epsilon": 0.601550593779156, "gamma": 0.025196180901050566, "lamda": 0.005271058706182122}, "datetime": {"datetime": "2021-09-23 18:03:42", "elapsed": 26.350046, "delta": 1.169319}}
{"target": 0.372136212677314, "params": {"C": 95.81190314286488, "epsilon": 1.0, "gamma": 0.001, "lamda": 1.0}, "datetime": {"datetime": "2021-09-23 18:03:42", "elapsed": 26.996772, "delta": 0.646726}}
{"target": 0.44229897035453636, "params": {"C": 58.89494734296903, "epsilon": 0.13322094592817618, "gamma": 0.011474496580862387, "lamda": 0.799057683324915}, "datetime": {"datetime": "2021-09-23 18:03:43", "elapsed": 27.437981, "delta": 0.441209}}
{"target": 0.4237184251938727, "params": {"C": 81.98839360636165, "epsilon": 0.16663203563647297, "gamma": 0.031725836571414805, "lamda": 0.3340522872528428}, "datetime": {"datetime": "2021-09-23 18:03:43", "elapsed": 27.940628, "delta": 0.502647}}
{"target": 0.41048054202137396, "params": {"C": 43.27938399520789, "epsilon": 0.001, "gamma": 0.08, "lamda": 1.0}, "datetime": {"datetime": "2021-09-23 18:03:44", "elapsed": 28.881433, "delta": 0.940805}}
{"target": 0.4434084096530211, "params": {"C": 16.641405809681878, "epsilon": 0.06800969285939118, "gamma": 0.05340790989606643, "lamda": 0.005526076405498002}, "datetime": {"datetime": "2021-09-23 18:03:45", "elapsed": 29.89893, "delta": 1.017497}}
{"target": 0.43331662258228487, "params": {"C": 12.37091508986181, "epsilon": 0.994352598823497, "gamma": 0.08, "lamda": 1.0}, "datetime": {"datetime": "2021-09-23 18:03:46", "elapsed": 31.080224, "delta": 1.181294}}
{"target": 0.34126954129357256, "params": {"C": 42.38995744195031, "epsilon": 1.0, "gamma": 0.001, "lamda": 0.1731363032677136}, "datetime": {"datetime": "2021-09-23 18:03:47", "elapsed": 32.002826, "delta": 0.922602}}
{"target": 0.4234322146981462, "params": {"C": 69.87516401251975, "epsilon": 0.6009762194077778, "gamma": 0.03846032495542664, "lamda": 0.15764788537429314}, "datetime": {"datetime": "2021-09-23 18:03:48", "elapsed": 32.995974, "delta": 0.993148}}
{"target": 0.43141604152961843, "params": {"C": 11.810510361996164, "epsilon": 0.00926187995234191, "gamma": 0.08, "lamda": 1.0}, "datetime": {"datetime": "2021-09-23 18:03:49", "elapsed": 33.930592, "delta": 0.934618}}
{"target": 0.4240638596854226, "params": {"C": 69.62378994236295, "epsilon": 0.4853892660245783, "gamma": 0.03679234584519383, "lamda": 0.3155965436729715}, "datetime": {"datetime": "2021-09-23 18:03:50", "elapsed": 34.639406, "delta": 0.708814}}
{"target": 0.43233144721525407, "params": {"C": 44.146435671133304, "epsilon": 0.9919116497622985, "gamma": 0.03824772473200935, "lamda": 0.26946751794040497}, "datetime": {"datetime": "2021-09-23 18:03:51", "elapsed": 35.624132, "delta": 0.984726}}
{"target": 0.4423629938491679, "params": {"C": 58.31656238162272, "epsilon": 0.2708715588904326, "gamma": 0.005561110249847923, "lamda": 0.09011892036945605}, "datetime": {"datetime": "2021-09-23 18:03:52", "elapsed": 36.825686, "delta": 1.201554}}
{"target": 0.3724150904674449, "params": {"C": 58.017781487635794, "epsilon": 0.4541001799006395, "gamma": 0.0010466252046676164, "lamda": 0.9814988005300913}, "datetime": {"datetime": "2021-09-23 18:03:53", "elapsed": 37.459428, "delta": 0.633742}}
{"target": 0.419755652046379, "params": {"C": 59.26443243222657, "epsilon": 0.0492669180597667, "gamma": 0.047203543060200845, "lamda": 0.04750595528110397}, "datetime": {"datetime": "2021-09-23 18:03:54", "elapsed": 38.289772, "delta": 0.830344}}
{"target": 0.44921705372974696, "params": {"C": 18.801245092753827, "epsilon": 0.8013002480116457, "gamma": 0.03390054170052768, "lamda": 0.06227715050836735}, "datetime": {"datetime": "2021-09-23 18:03:54", "elapsed": 39.116662, "delta": 0.82689}}
{"target": 0.42929850206378795, "params": {"C": 18.594020864924357, "epsilon": 0.859688851145079, "gamma": 0.08, "lamda": 0.9144919983993945}, "datetime": {"datetime": "2021-09-23 18:03:55", "elapsed": 39.982663, "delta": 0.866001}}
{"target": 0.4477673935613887, "params": {"C": 19.175351983848984, "epsilon": 0.07275917739833399, "gamma": 0.0272064896713239, "lamda": 0.08918273046250974}, "datetime": {"datetime": "2021-09-23 18:03:56", "elapsed": 40.803256, "delta": 0.820593}}
{"target": 0.4417107644714716, "params": {"C": 19.622593229120426, "epsilon": 0.7179733395243908, "gamma": 0.04764936972267443, "lamda": 0.4821515639524447}, "datetime": {"datetime": "2021-09-23 18:03:57", "elapsed": 41.655753, "delta": 0.852497}}
{"target": 0.42568281098944416, "params": {"C": 94.96645944284415, "epsilon": 0.8654724632299458, "gamma": 0.04440948748207605, "lamda": 0.7611948202759045}, "datetime": {"datetime": "2021-09-23 18:03:58", "elapsed": 42.186751, "delta": 0.530998}}
{"target": 0.4321711711087729, "params": {"C": 18.924959145936462, "epsilon": 0.35949693719851866, "gamma": 0.007809516167710074, "lamda": 0.5694249755037016}, "datetime": {"datetime": "2021-09-23 18:03:59", "elapsed": 43.278808, "delta": 1.092057}}
{"target": 0.4386042942500241, "params": {"C": 18.179318922383082, "epsilon": 0.6016650772807147, "gamma": 0.06403684026563503, "lamda": 0.1465773005479191}, "datetime": {"datetime": "2021-09-23 18:04:00", "elapsed": 44.543803, "delta": 1.264995}}
{"target": 0.4065602662750951, "params": {"C": 95.35548629835463, "epsilon": 1.0, "gamma": 0.001, "lamda": 0.367628555923642}, "datetime": {"datetime": "2021-09-23 18:04:01", "elapsed": 45.404966, "delta": 0.861163}}
{"target": 0.43422617288313614, "params": {"C": 19.95031554619471, "epsilon": 0.1325140296127569, "gamma": 0.07347487072504852, "lamda": 0.05865318467639344}, "datetime": {"datetime": "2021-09-23 18:04:03", "elapsed": 47.131647, "delta": 1.726681}}
{"target": 0.44466179047580623, "params": {"C": 12.611594531215696, "epsilon": 0.13015554986546687, "gamma": 0.05477067464347072, "lamda": 0.8910245183529986}, "datetime": {"datetime": "2021-09-23 18:04:04", "elapsed": 48.62389, "delta": 1.492243}}
{"target": 0.43815214820348536, "params": {"C": 58.78923818091105, "epsilon": 0.08104446553909957, "gamma": 0.01651978151213266, "lamda": 0.923465554364581}, "datetime": {"datetime": "2021-09-23 18:04:06", "elapsed": 50.897359, "delta": 2.273469}}
{"target": 0.33387124385805145, "params": {"C": 44.15775021758081, "epsilon": 0.7693348905710828, "gamma": 0.001, "lamda": 1.0}, "datetime": {"datetime": "2021-09-23 18:04:08", "elapsed": 52.516424, "delta": 1.619065}}
{"target": 0.43070818172393344, "params": {"C": 14.20411398893431, "epsilon": 0.001, "gamma": 0.08, "lamda": 1.0}, "datetime": {"datetime": "2021-09-23 18:04:09", "elapsed": 53.874842, "delta": 1.358418}}
{"target": 0.4324083155954246, "params": {"C": 80.9320252406822, "epsilon": 0.8625857644608238, "gamma": 0.017454721669143844, "lamda": 0.13644437611150143}, "datetime": {"datetime": "2021-09-23 18:04:10", "elapsed": 54.83623, "delta": 0.961388}}
{"target": 0.44870876538376947, "params": {"C": 19.837846827961986, "epsilon": 0.006664358839900336, "gamma": 0.028441393555728296, "lamda": 0.8628080447706933}, "datetime": {"datetime": "2021-09-23 18:04:11", "elapsed": 56.024884, "delta": 1.188654}}
{"target": 0.2367769697995843, "params": {"C": 20.365104052120074, "epsilon": 0.5003901394190227, "gamma": 0.001, "lamda": 0.806068097235296}, "datetime": {"datetime": "2021-09-23 18:04:12", "elapsed": 56.927361, "delta": 0.902477}}
{"target": 0.43670058962957337, "params": {"C": 19.353512633790196, "epsilon": 0.043316690548234935, "gamma": 0.06729109165253822, "lamda": 0.8774627992161289}, "datetime": {"datetime": "2021-09-23 18:04:13", "elapsed": 57.769067, "delta": 0.841706}}
{"target": 0.4381317839445624, "params": {"C": 50.00695406998518, "epsilon": 0.6162574794018646, "gamma": 0.02812426294965657, "lamda": 0.7909729386236388}, "datetime": {"datetime": "2021-09-23 18:04:14", "elapsed": 58.267066, "delta": 0.497999}}
{"target": 0.4480972276071594, "params": {"C": 17.536313031606074, "epsilon": 0.509315107311032, "gamma": 0.0311288604231508, "lamda": 0.041342107389971086}, "datetime": {"datetime": "2021-09-23 18:04:14", "elapsed": 59.042426, "delta": 0.77536}}
{"target": 0.4470144073457393, "params": {"C": 29.231143366356367, "epsilon": 0.9650985299906029, "gamma": 0.015113549662394112, "lamda": 0.5384337551488335}, "datetime": {"datetime": "2021-09-23 18:04:15", "elapsed": 59.794167, "delta": 0.751741}}
{"target": 0.44703496081869787, "params": {"C": 29.872442584043483, "epsilon": 0.6275838930010275, "gamma": 0.01568059756248235, "lamda": 0.6894368229379139}, "datetime": {"datetime": "2021-09-23 18:04:16", "elapsed": 60.634261, "delta": 0.840094}}
{"target": 0.43776414135053987, "params": {"C": 29.736062845932583, "epsilon": 0.7660062860140339, "gamma": 0.043228051991530396, "lamda": 0.06908751851070377}, "datetime": {"datetime": "2021-09-23 18:04:17", "elapsed": 61.583752, "delta": 0.949491}}
{"target": 0.44128144631239197, "params": {"C": 29.302778209846174, "epsilon": 0.2630122992090726, "gamma": 0.032676003175913446, "lamda": 0.7824075551512825}, "datetime": {"datetime": "2021-09-23 18:04:18", "elapsed": 62.466402, "delta": 0.88265}}
{"target": 0.400285790042343, "params": {"C": 55.861860858539124, "epsilon": 0.4939629615930457, "gamma": 0.07342643113373058, "lamda": 0.6877213560088736}, "datetime": {"datetime": "2021-09-23 18:04:18", "elapsed": 63.019721, "delta": 0.553319}}
{"target": 0.44066197354157355, "params": {"C": 19.445485819430743, "epsilon": 0.7917662976528435, "gamma": 0.014754403897507058, "lamda": 0.06157009184859758}, "datetime": {"datetime": "2021-09-23 18:04:19", "elapsed": 63.949689, "delta": 0.929968}}
{"target": 0.43350067153164706, "params": {"C": 29.47047890294549, "epsilon": 0.06981300326023403, "gamma": 0.05709453331229324, "lamda": 0.04337020300999354}, "datetime": {"datetime": "2021-09-23 18:04:20", "elapsed": 64.895527, "delta": 0.945838}}
{"target": 0.209302241397335, "params": {"C": 16.951788331325837, "epsilon": 1.0, "gamma": 0.001, "lamda": 0.001}, "datetime": {"datetime": "2021-09-23 18:04:22", "elapsed": 66.218059, "delta": 1.322532}}
{"target": 0.38952966389679944, "params": {"C": 16.340258553234605, "epsilon": 0.305806377634789, "gamma": 0.004323367432356621, "lamda": 0.3641436750549605}, "datetime": {"datetime": "2021-09-23 18:04:22", "elapsed": 67.048877, "delta": 0.830818}}
