{"target": 0.38766155744815756, "params": {"C": 32.650836732982974, "epsilon": 0.875060464600554, "gamma": 0.1312012596178049, "lamda": 0.9804629244033413}, "datetime": {"datetime": "2021-09-23 17:48:07", "elapsed": 665.591588, "delta": 3.882474}}
{"target": 0.1328696326176353, "params": {"C": 27.692448061322764, "epsilon": 0.6865131476563942, "gamma": 0.8352535556878372, "lamda": 0.707174539845052}, "datetime": {"datetime": "2021-09-23 17:48:09", "elapsed": 667.200539, "delta": 1.608951}}
{"target": 0.3955695014045687, "params": {"C": 75.1699480483768, "epsilon": 0.4679124920895378, "gamma": 0.001, "lamda": 0.25082376662107114}, "datetime": {"datetime": "2021-09-23 17:48:14", "elapsed": 672.703612, "delta": 5.503073}}
{"target": 0.2906299074340868, "params": {"C": 96.6564170040289, "epsilon": 0.7688904241210185, "gamma": 0.4366782505853985, "lamda": 0.5417747248048124}, "datetime": {"datetime": "2021-09-23 17:48:16", "elapsed": 674.289093, "delta": 1.585481}}
{"target": 0.3613477034629796, "params": {"C": 51.727257176156215, "epsilon": 0.22559037793997022, "gamma": 0.001, "lamda": 0.9701789152938116}, "datetime": {"datetime": "2021-09-23 17:48:22", "elapsed": 679.955241, "delta": 5.666148}}
{"target": 0.2843090767408776, "params": {"C": 79.80602765274651, "epsilon": 0.06374278008888529, "gamma": 0.30728334153759557, "lamda": 0.6563623361788069}, "datetime": {"datetime": "2021-09-23 17:48:23", "elapsed": 681.554749, "delta": 1.599508}}
{"target": 0.39122431907667676, "params": {"C": 39.95855891938236, "epsilon": 0.793660262934602, "gamma": 0.10667069848294287, "lamda": 0.7068856668605379}, "datetime": {"datetime": "2021-09-23 17:48:28", "elapsed": 686.251688, "delta": 4.696939}}
{"target": 0.3220183592220033, "params": {"C": 39.80111293023438, "epsilon": 1.0, "gamma": 0.001, "lamda": 0.8069048693681122}, "datetime": {"datetime": "2021-09-23 17:48:32", "elapsed": 690.773732, "delta": 4.522044}}
{"target": 0.19600586475752757, "params": {"C": 15.392115960070955, "epsilon": 0.001, "gamma": 0.001, "lamda": 0.889083954850721}, "datetime": {"datetime": "2021-09-23 17:48:37", "elapsed": 695.68398, "delta": 4.910248}}
{"target": 0.2813444248947512, "params": {"C": 41.82776264896381, "epsilon": 0.126618733310845, "gamma": 0.4835900185294148, "lamda": 0.9457790898397337}, "datetime": {"datetime": "2021-09-23 17:48:39", "elapsed": 697.299981, "delta": 1.616001}}
{"target": 0.29141048350546694, "params": {"C": 76.69679630633044, "epsilon": 0.7030474949148511, "gamma": 0.4452887982156917, "lamda": 0.4504313860882956}, "datetime": {"datetime": "2021-09-23 17:48:41", "elapsed": 699.064572, "delta": 1.764591}}
{"target": 0.43447235772101045, "params": {"C": 15.52126305547826, "epsilon": 0.18763884603840555, "gamma": 0.07340335883587598, "lamda": 0.6372843316526924}, "datetime": {"datetime": "2021-09-23 17:48:44", "elapsed": 702.132022, "delta": 3.06745}}
{"target": 0.4031093172819864, "params": {"C": 59.032949824544716, "epsilon": 0.7604078833974681, "gamma": 0.07297483629628693, "lamda": 0.8261518500872715}, "datetime": {"datetime": "2021-09-23 17:48:49", "elapsed": 707.631015, "delta": 5.498993}}
{"target": 0.32995848174022036, "params": {"C": 39.79060803440493, "epsilon": 0.7760967253621806, "gamma": 0.001, "lamda": 0.5502096499728728}, "datetime": {"datetime": "2021-09-23 17:48:53", "elapsed": 711.546128, "delta": 3.915113}}
{"target": 0.37378787877671393, "params": {"C": 53.571379012656095, "epsilon": 0.6925428545550482, "gamma": 0.12074552956085768, "lamda": 0.9546768727800922}, "datetime": {"datetime": "2021-09-23 17:48:57", "elapsed": 715.575515, "delta": 4.029387}}
{"target": 0.3206322075889101, "params": {"C": 61.281150599374676, "epsilon": 0.8438411785371319, "gamma": 0.22217120253414574, "lamda": 0.44478342373477575}, "datetime": {"datetime": "2021-09-23 17:48:59", "elapsed": 717.396574, "delta": 1.821059}}
{"target": 0.425058759231146, "params": {"C": 74.82232242948595, "epsilon": 0.10904446149827336, "gamma": 0.033352020065512716, "lamda": 0.5854261775394362}, "datetime": {"datetime": "2021-09-23 17:49:04", "elapsed": 722.024392, "delta": 4.627818}}
{"target": 0.20557746683480038, "params": {"C": 53.769990770258325, "epsilon": 0.41762969185201987, "gamma": 0.7657700258407169, "lamda": 0.34758073744242707}, "datetime": {"datetime": "2021-09-23 17:49:06", "elapsed": 723.803731, "delta": 1.779339}}
{"target": 0.393623734268284, "params": {"C": 42.936376230639084, "epsilon": 0.46056980004140813, "gamma": 0.09544198952761569, "lamda": 0.9061360723490763}, "datetime": {"datetime": "2021-09-23 17:49:07", "elapsed": 725.551546, "delta": 1.747815}}
{"target": 0.24165655524344365, "params": {"C": 52.73554330134319, "epsilon": 0.04343820803264265, "gamma": 0.641008831272156, "lamda": 0.7712347515122856}, "datetime": {"datetime": "2021-09-23 17:49:09", "elapsed": 727.261538, "delta": 1.709992}}
{"target": 0.2064306667868504, "params": {"C": 65.12490771644678, "epsilon": 0.498424965466149, "gamma": 0.8149273534716215, "lamda": 0.1073485851566035}, "datetime": {"datetime": "2021-09-23 17:49:11", "elapsed": 729.109853, "delta": 1.848315}}
{"target": 0.4152107341495458, "params": {"C": 60.13213687537271, "epsilon": 0.5803095059678924, "gamma": 0.05477922429610371, "lamda": 0.7575997644791759}, "datetime": {"datetime": "2021-09-23 17:49:15", "elapsed": 733.422646, "delta": 4.312793}}
{"target": 0.34690890887223935, "params": {"C": 39.79598872789195, "epsilon": 0.9568073938202993, "gamma": 0.2113972933102585, "lamda": 0.6181496900546162}, "datetime": {"datetime": "2021-09-23 17:49:20", "elapsed": 738.204002, "delta": 4.781356}}
{"target": 0.32729559564165367, "params": {"C": 60.191408954596305, "epsilon": 0.4617213538860664, "gamma": 0.19987277285135016, "lamda": 0.8298013956065515}, "datetime": {"datetime": "2021-09-23 17:49:25", "elapsed": 743.391378, "delta": 5.187376}}
{"target": 0.4144840135327791, "params": {"C": 15.525929530479685, "epsilon": 0.05914540566114604, "gamma": 0.11552817437638968, "lamda": 0.5674748121122266}, "datetime": {"datetime": "2021-09-23 17:49:30", "elapsed": 748.700788, "delta": 5.30941}}
{"target": 0.3440995200825343, "params": {"C": 15.307344732230698, "epsilon": 0.38474340812996743, "gamma": 0.24248043980519818, "lamda": 0.8209392834564485}, "datetime": {"datetime": "2021-09-23 17:49:35", "elapsed": 753.497762, "delta": 4.796974}}
{"target": 0.44211347808401236, "params": {"C": 58.25100072757799, "epsilon": 0.1881041422694471, "gamma": 0.004357770712901322, "lamda": 0.7368364525650826}, "datetime": {"datetime": "2021-09-23 17:49:41", "elapsed": 759.170337, "delta": 5.672575}}
{"target": 0.28979623937537735, "params": {"C": 20.567006939062054, "epsilon": 0.41093683170391704, "gamma": 0.361342332079163, "lamda": 0.8954484514320242}, "datetime": {"datetime": "2021-09-23 17:49:43", "elapsed": 761.031917, "delta": 1.86158}}
{"target": 0.087612852528555, "params": {"C": 8.330444578333253, "epsilon": 0.8931412930026257, "gamma": 0.6244655406161429, "lamda": 0.3745108943476347}, "datetime": {"datetime": "2021-09-23 17:49:45", "elapsed": 762.976324, "delta": 1.944407}}
{"target": 0.08810247275976568, "params": {"C": 20.97177420652052, "epsilon": 0.27361360234149706, "gamma": 0.9351756974951306, "lamda": 0.14235341888825287}, "datetime": {"datetime": "2021-09-23 17:49:47", "elapsed": 764.813384, "delta": 1.83706}}
{"target": 0.3977899564294779, "params": {"C": 58.17712559309513, "epsilon": 0.37159738734118714, "gamma": 0.07295574232241288, "lamda": 0.6623620051975644}, "datetime": {"datetime": "2021-09-23 17:49:50", "elapsed": 768.684705, "delta": 3.871321}}
{"target": 0.4381381779551221, "params": {"C": 46.752289838928, "epsilon": 0.311100557637893, "gamma": 0.026368822141152205, "lamda": 0.9922307100452737}, "datetime": {"datetime": "2021-09-23 17:49:52", "elapsed": 770.390076, "delta": 1.705371}}
{"target": 0.3631155465021292, "params": {"C": 50.85066812485842, "epsilon": 0.3876315967245632, "gamma": 0.001, "lamda": 0.001}, "datetime": {"datetime": "2021-09-23 17:49:57", "elapsed": 775.045876, "delta": 4.6558}}
{"target": 0.35796952785603076, "params": {"C": 52.51907856576503, "epsilon": 1.0, "gamma": 0.001, "lamda": 0.49448399893653794}, "datetime": {"datetime": "2021-09-23 17:50:01", "elapsed": 779.456041, "delta": 4.410165}}
{"target": 0.4066869460471094, "params": {"C": 52.879179375649386, "epsilon": 0.0023291416040010946, "gamma": 0.0016381488976718321, "lamda": 0.6584786086092365}, "datetime": {"datetime": "2021-09-23 17:50:05", "elapsed": 783.467879, "delta": 4.011838}}
{"target": 0.4268392334861272, "params": {"C": 15.788815940265273, "epsilon": 0.14035087985958122, "gamma": 0.09096496266712835, "lamda": 0.15953827696556605}, "datetime": {"datetime": "2021-09-23 17:50:10", "elapsed": 788.172686, "delta": 4.704807}}
{"target": 0.27977075216388103, "params": {"C": 48.48409476744513, "epsilon": 0.24564015964120134, "gamma": 0.5086885185143848, "lamda": 0.4406064816556693}, "datetime": {"datetime": "2021-09-23 17:50:12", "elapsed": 790.039236, "delta": 1.86655}}
{"target": 0.20082576056798285, "params": {"C": 15.958814999281643, "epsilon": 0.44764654073139415, "gamma": 0.001, "lamda": 0.20213681153110616}, "datetime": {"datetime": "2021-09-23 17:50:16", "elapsed": 794.647097, "delta": 4.607861}}
{"target": 0.43962820565217753, "params": {"C": 52.34141311656872, "epsilon": 0.9599882199418371, "gamma": 0.020385532011845068, "lamda": 0.38155023490071166}, "datetime": {"datetime": "2021-09-23 17:50:19", "elapsed": 796.815771, "delta": 2.168674}}
{"target": 0.3936721061792131, "params": {"C": 39.95217755030361, "epsilon": 0.8098402697532995, "gamma": 0.10227534684265296, "lamda": 0.6783312604784763}, "datetime": {"datetime": "2021-09-23 17:50:20", "elapsed": 798.699219, "delta": 1.883448}}
{"target": 0.3604949587216525, "params": {"C": 74.87255123402907, "epsilon": 0.2671112909786926, "gamma": 0.10435319946042322, "lamda": 0.689952047321599}, "datetime": {"datetime": "2021-09-23 17:50:26", "elapsed": 803.896699, "delta": 5.19748}}
{"target": 0.44270640404018746, "params": {"C": 52.5526254615313, "epsilon": 0.10402593474254211, "gamma": 0.012828466979281361, "lamda": 0.7291406837791982}, "datetime": {"datetime": "2021-09-23 17:50:32", "elapsed": 810.017113, "delta": 6.120414}}
{"target": 0.3634443539652037, "params": {"C": 51.141031468300255, "epsilon": 0.18581490505871598, "gamma": 0.001, "lamda": 0.2629529109301875}, "datetime": {"datetime": "2021-09-23 17:50:36", "elapsed": 814.770962, "delta": 4.753849}}
{"target": 0.3294016771849527, "params": {"C": 74.17382635564957, "epsilon": 0.9810060422706807, "gamma": 0.28141608315506805, "lamda": 0.8942011811645327}, "datetime": {"datetime": "2021-09-23 17:50:38", "elapsed": 816.670158, "delta": 1.899196}}
{"target": 0.4428088061251728, "params": {"C": 61.03962288667675, "epsilon": 0.9989427731352629, "gamma": 0.01985558046348194, "lamda": 0.5983190657642246}, "datetime": {"datetime": "2021-09-23 17:50:40", "elapsed": 818.592157, "delta": 1.921999}}
{"target": 0.3648984822998096, "params": {"C": 52.47982595590707, "epsilon": 0.21781309453297365, "gamma": 0.001, "lamda": 0.5675088312549175}, "datetime": {"datetime": "2021-09-23 17:50:45", "elapsed": 823.754509, "delta": 5.162352}}
{"target": 0.12431476995720692, "params": {"C": 29.239768221105056, "epsilon": 0.18596142072181507, "gamma": 0.8926354550474922, "lamda": 0.542741693614733}, "datetime": {"datetime": "2021-09-23 17:50:47", "elapsed": 825.550381, "delta": 1.795872}}
{"target": 0.26545930792801353, "params": {"C": 60.80387127487739, "epsilon": 0.21574101469325466, "gamma": 0.583454050682921, "lamda": 0.017248367124044154}, "datetime": {"datetime": "2021-09-23 17:50:49", "elapsed": 827.507276, "delta": 1.956895}}
{"target": 0.4410833838406627, "params": {"C": 22.581008021014952, "epsilon": 0.7385228859998559, "gamma": 0.04178598993697573, "lamda": 0.7632438875152954}, "datetime": {"datetime": "2021-09-23 17:50:51", "elapsed": 829.422073, "delta": 1.914797}}
{"target": 0.28830283730633466, "params": {"C": 15.770999503722757, "epsilon": 0.6702959547417285, "gamma": 0.0018479426798453955, "lamda": 0.001}, "datetime": {"datetime": "2021-09-23 17:50:57", "elapsed": 835.761659, "delta": 6.339586}}
{"target": 0.37161486311149794, "params": {"C": 59.94038538146156, "epsilon": 0.4735371445393517, "gamma": 0.001, "lamda": 0.8770791637935466}, "datetime": {"datetime": "2021-09-23 17:51:02", "elapsed": 840.652714, "delta": 4.891055}}
{"target": 0.2128637262242331, "params": {"C": 90.29994793493586, "epsilon": 0.7264758957057352, "gamma": 0.783950310192183, "lamda": 0.5850518164525542}, "datetime": {"datetime": "2021-09-23 17:51:04", "elapsed": 842.429429, "delta": 1.776715}}
{"target": 0.372670124324874, "params": {"C": 60.0420700388981, "epsilon": 0.6608406311378162, "gamma": 0.001, "lamda": 0.5735497899508073}, "datetime": {"datetime": "2021-09-23 17:51:09", "elapsed": 847.439446, "delta": 5.010017}}
{"target": 0.4355230384859359, "params": {"C": 14.346292741039562, "epsilon": 0.29379097241314617, "gamma": 0.07315447548244793, "lamda": 0.4166425890055897}, "datetime": {"datetime": "2021-09-23 17:51:14", "elapsed": 852.678776, "delta": 5.23933}}
{"target": 0.3067833627909682, "params": {"C": 13.9042184506336, "epsilon": 0.6684155287122399, "gamma": 0.28721520695561487, "lamda": 0.995043869559036}, "datetime": {"datetime": "2021-09-23 17:51:19", "elapsed": 857.421819, "delta": 4.743043}}
{"target": 0.2658101565671014, "params": {"C": 54.55770821692836, "epsilon": 0.10782002975486868, "gamma": 0.5683312112776645, "lamda": 0.6664474479944454}, "datetime": {"datetime": "2021-09-23 17:51:21", "elapsed": 859.294912, "delta": 1.873093}}
{"target": 0.3906480501269879, "params": {"C": 29.328207523850736, "epsilon": 0.49441376495692846, "gamma": 0.13700245305093411, "lamda": 0.24829598500502997}, "datetime": {"datetime": "2021-09-23 17:51:23", "elapsed": 861.251467, "delta": 1.956555}}
{"target": 0.1915162278150897, "params": {"C": 54.55619055642336, "epsilon": 0.9064250170839101, "gamma": 0.7984850219863325, "lamda": 0.6883765345412451}, "datetime": {"datetime": "2021-09-23 17:51:25", "elapsed": 863.241186, "delta": 1.989719}}
{"target": 0.3262845986908972, "params": {"C": 58.33599434647436, "epsilon": 0.22399057765214586, "gamma": 0.19836190994086952, "lamda": 0.7402021815014156}, "datetime": {"datetime": "2021-09-23 17:51:31", "elapsed": 869.476448, "delta": 6.235262}}
{"target": 0.3548001285571484, "params": {"C": 52.659619565715886, "epsilon": 0.001, "gamma": 0.14568920809546376, "lamda": 0.6888727842548648}, "datetime": {"datetime": "2021-09-23 17:51:36", "elapsed": 874.778869, "delta": 5.302421}}
{"target": 0.32724178794489833, "params": {"C": 15.72126245299556, "epsilon": 0.22291697833000018, "gamma": 0.268944664515204, "lamda": 0.19686331492270737}, "datetime": {"datetime": "2021-09-23 17:51:41", "elapsed": 879.422834, "delta": 4.643965}}
{"target": 0.3402676226116008, "params": {"C": 50.68349483717942, "epsilon": 0.50928510933035, "gamma": 0.1797217838084511, "lamda": 0.3595805585245614}, "datetime": {"datetime": "2021-09-23 17:51:43", "elapsed": 881.398347, "delta": 1.975513}}
{"target": 0.3459872642621268, "params": {"C": 51.653102125072394, "epsilon": 0.3591151125994791, "gamma": 0.16268891783930653, "lamda": 0.6100472799145286}, "datetime": {"datetime": "2021-09-23 17:51:48", "elapsed": 886.784536, "delta": 5.386189}}
{"target": 0.26181270229607967, "params": {"C": 47.61850939233907, "epsilon": 0.3558629419613573, "gamma": 0.5605406170161893, "lamda": 0.5719050679462093}, "datetime": {"datetime": "2021-09-23 17:51:50", "elapsed": 888.620717, "delta": 1.836181}}
{"target": 0.22710675297182614, "params": {"C": 20.925787794428302, "epsilon": 0.9012004212888611, "gamma": 0.4825880947672862, "lamda": 0.24718491744910995}, "datetime": {"datetime": "2021-09-23 17:51:53", "elapsed": 890.877146, "delta": 2.256429}}
{"target": 0.4198091889985014, "params": {"C": 20.004046050782428, "epsilon": 0.1386372061670655, "gamma": 0.005743583142770449, "lamda": 0.3706985161664917}, "datetime": {"datetime": "2021-09-23 17:51:55", "elapsed": 892.992536, "delta": 2.11539}}
{"target": 0.4162249898339543, "params": {"C": 15.738763911194457, "epsilon": 0.8554621508243847, "gamma": 0.11096768613819213, "lamda": 0.3386579477439958}, "datetime": {"datetime": "2021-09-23 17:52:02", "elapsed": 899.88275, "delta": 6.890214}}
{"target": 0.09145309005949298, "params": {"C": 7.928819915560223, "epsilon": 0.6511918530070313, "gamma": 0.5959834089746114, "lamda": 0.07514708350819958}, "datetime": {"datetime": "2021-09-23 17:52:04", "elapsed": 902.374655, "delta": 2.491905}}
{"target": 0.41749587862077375, "params": {"C": 50.928820223592474, "epsilon": 0.14660959121824302, "gamma": 0.060463109698933606, "lamda": 0.08909292287379668}, "datetime": {"datetime": "2021-09-23 17:52:06", "elapsed": 904.713013, "delta": 2.338358}}
{"target": 0.442584508037585, "params": {"C": 14.639915915387625, "epsilon": 0.8615288872958888, "gamma": 0.05731651828504081, "lamda": 0.08475030180977138}, "datetime": {"datetime": "2021-09-23 17:52:09", "elapsed": 907.376833, "delta": 2.66382}}
{"target": 0.18318718195087036, "params": {"C": 76.54831634789844, "epsilon": 0.7144825323295874, "gamma": 0.8723443712773501, "lamda": 0.7778449903341537}, "datetime": {"datetime": "2021-09-23 17:52:11", "elapsed": 909.633459, "delta": 2.256626}}
{"target": 0.3525417059456867, "params": {"C": 71.53323683915875, "epsilon": 0.9012556902298612, "gamma": 0.11615068735775187, "lamda": 0.060158693404418775}, "datetime": {"datetime": "2021-09-23 17:52:14", "elapsed": 912.159299, "delta": 2.52584}}
{"target": 0.3957644943357602, "params": {"C": 75.45304523385555, "epsilon": 0.6063557919737672, "gamma": 0.001, "lamda": 0.15119783954928595}, "datetime": {"datetime": "2021-09-23 17:52:21", "elapsed": 918.881025, "delta": 6.721726}}
{"target": 0.44408007297658947, "params": {"C": 14.552985825412902, "epsilon": 0.6800171979176571, "gamma": 0.052859288380549554, "lamda": 0.03550621342455785}, "datetime": {"datetime": "2021-09-23 17:52:26", "elapsed": 924.346817, "delta": 5.465792}}
{"target": 0.4398542626743346, "params": {"C": 52.63627006989613, "epsilon": 0.2162938471685522, "gamma": 0.017030200104467045, "lamda": 0.8433511572936316}, "datetime": {"datetime": "2021-09-23 17:52:34", "elapsed": 932.609605, "delta": 8.262788}}
{"target": 0.364410588109383, "params": {"C": 52.37935891030639, "epsilon": 0.1385728971119276, "gamma": 0.001, "lamda": 0.9015775847244274}, "datetime": {"datetime": "2021-09-23 17:52:39", "elapsed": 937.712727, "delta": 5.103122}}
{"target": 0.4051232080854059, "params": {"C": 22.573629213986386, "epsilon": 0.6760818140728005, "gamma": 0.11889304464941781, "lamda": 0.9215337473229767}, "datetime": {"datetime": "2021-09-23 17:52:45", "elapsed": 943.679257, "delta": 5.96653}}
{"target": 0.44116082943327806, "params": {"C": 37.784243249156745, "epsilon": 0.8393262958051486, "gamma": 0.0309276078550918, "lamda": 0.7709454321686547}, "datetime": {"datetime": "2021-09-23 17:52:52", "elapsed": 950.672229, "delta": 6.992972}}
{"target": 0.3908054503399796, "params": {"C": 37.73642215159491, "epsilon": 0.8779431289617747, "gamma": 0.002047106999196177, "lamda": 0.94944546963248}, "datetime": {"datetime": "2021-09-23 17:52:59", "elapsed": 956.933105, "delta": 6.260876}}
{"target": 0.37000513186492556, "params": {"C": 14.767956460673128, "epsilon": 0.8538883648122317, "gamma": 0.19261946040036435, "lamda": 0.23440712844110986}, "datetime": {"datetime": "2021-09-23 17:53:05", "elapsed": 962.966771, "delta": 6.033666}}
{"target": 0.4437179623045384, "params": {"C": 15.558234045486492, "epsilon": 0.833600615605762, "gamma": 0.05319086570173041, "lamda": 0.30125045564506303}, "datetime": {"datetime": "2021-09-23 17:53:10", "elapsed": 968.371338, "delta": 5.404567}}
{"target": 0.3724867179732506, "params": {"C": 46.73845878327505, "epsilon": 0.422650946151986, "gamma": 0.12395799705748335, "lamda": 0.8392695625361406}, "datetime": {"datetime": "2021-09-23 17:53:17", "elapsed": 975.771148, "delta": 7.39981}}
{"target": 0.3402399130090885, "params": {"C": 54.90020806984094, "epsilon": 0.20160589752453303, "gamma": 0.16597945436179698, "lamda": 0.5062044122808362}, "datetime": {"datetime": "2021-09-23 17:53:20", "elapsed": 978.295699, "delta": 2.524551}}
{"target": 0.4481142947287421, "params": {"C": 22.701802804649308, "epsilon": 0.8778214633953024, "gamma": 0.018701667856587216, "lamda": 0.8660319943675107}, "datetime": {"datetime": "2021-09-23 17:53:26", "elapsed": 984.281249, "delta": 5.98555}}
{"target": 0.17700363153554888, "params": {"C": 56.341776981837945, "epsilon": 0.9756540763508655, "gamma": 0.8798852848601477, "lamda": 0.3792155133888976}, "datetime": {"datetime": "2021-09-23 17:53:28", "elapsed": 986.563957, "delta": 2.282708}}
{"target": 0.06786230559789641, "params": {"C": 12.624309850787947, "epsilon": 0.10437259714760604, "gamma": 0.8483067087297289, "lamda": 0.41936918196797224}, "datetime": {"datetime": "2021-09-23 17:53:31", "elapsed": 989.013073, "delta": 2.449116}}
{"target": 0.3700643161929289, "params": {"C": 22.68529535857485, "epsilon": 0.851306419389697, "gamma": 0.2021421228981252, "lamda": 0.7617815887228477}, "datetime": {"datetime": "2021-09-23 17:53:37", "elapsed": 994.935928, "delta": 5.922855}}
{"target": 0.15013887754873867, "params": {"C": 55.88796697330874, "epsilon": 0.4693162638430409, "gamma": 0.9997235238222604, "lamda": 0.011670524149128211}, "datetime": {"datetime": "2021-09-23 17:53:39", "elapsed": 997.420252, "delta": 2.484324}}
{"target": 0.25273901369237706, "params": {"C": 22.781733042411833, "epsilon": 0.6843110706204558, "gamma": 0.001, "lamda": 0.8284627573020847}, "datetime": {"datetime": "2021-09-23 17:53:47", "elapsed": 1005.365677, "delta": 7.945425}}
