{"target": 0.4344160331134804, "params": {"C": 6.796970549491546, "epsilon": 0.005389349071502276, "gamma": 0.06059369245675039, "lamda": 0.5072862320214353}, "datetime": {"datetime": "2021-09-23 18:12:43", "elapsed": 567.59223, "delta": 1.696844}}
{"target": 0.4430982159057174, "params": {"C": 16.622800448473093, "epsilon": 0.5808277944387391, "gamma": 0.017162167597337654, "lamda": 0.27273778698536705}, "datetime": {"datetime": "2021-09-23 18:12:45", "elapsed": 569.880491, "delta": 2.288261}}
{"target": 0.4446108551129416, "params": {"C": 34.22370999920705, "epsilon": 0.4211443216321141, "gamma": 0.011087939647776653, "lamda": 0.3485726108356386}, "datetime": {"datetime": "2021-09-23 18:12:47", "elapsed": 571.376322, "delta": 1.495831}}
{"target": 0.4326409674212828, "params": {"C": 73.04820636686814, "epsilon": 0.3091196620167333, "gamma": 0.017728759944421576, "lamda": 0.11888137186302304}, "datetime": {"datetime": "2021-09-23 18:12:48", "elapsed": 573.024972, "delta": 1.64865}}
{"target": 0.44291315443044565, "params": {"C": 35.44507846846074, "epsilon": 0.6579301369429221, "gamma": 0.006422238917130531, "lamda": 0.9121116402487017}, "datetime": {"datetime": "2021-09-23 18:12:51", "elapsed": 575.666049, "delta": 2.641077}}
{"target": 0.4010847995779181, "params": {"C": 39.86323517843291, "epsilon": 0.9537843326450264, "gamma": 0.002132098774621607, "lamda": 0.6212635430835501}, "datetime": {"datetime": "2021-09-23 18:12:53", "elapsed": 577.271224, "delta": 1.605175}}
{"target": 0.40249537671469193, "params": {"C": 87.95432520974079, "epsilon": 0.6932600761693744, "gamma": 0.059014538078839496, "lamda": 0.668627080816322}, "datetime": {"datetime": "2021-09-23 18:12:54", "elapsed": 578.706889, "delta": 1.435665}}
{"target": 0.4407658467867721, "params": {"C": 12.27584879397392, "epsilon": 0.04983312079649216, "gamma": 0.06475777029747407, "lamda": 0.9508815344685488}, "datetime": {"datetime": "2021-09-23 18:12:56", "elapsed": 580.887494, "delta": 2.180605}}
{"target": 0.416097885292687, "params": {"C": 68.43183839818846, "epsilon": 0.4263155191443092, "gamma": 0.049517786331027686, "lamda": 0.8326186258483462}, "datetime": {"datetime": "2021-09-23 18:12:58", "elapsed": 582.264536, "delta": 1.377042}}
{"target": 0.44394182928654, "params": {"C": 30.483993212566315, "epsilon": 0.7002171803469146, "gamma": 0.024137777536176033, "lamda": 0.7165332954333441}, "datetime": {"datetime": "2021-09-23 18:13:00", "elapsed": 584.88603, "delta": 2.621494}}
{"target": 0.39807878778520633, "params": {"C": 98.44128553648241, "epsilon": 0.5091633654239707, "gamma": 0.05732791670471647, "lamda": 0.6652056963733631}, "datetime": {"datetime": "2021-09-23 18:13:02", "elapsed": 586.350067, "delta": 1.464037}}
{"target": 0.4304427187363581, "params": {"C": 18.77024407360472, "epsilon": 0.8064455623551515, "gamma": 0.08, "lamda": 0.1160295086729719}, "datetime": {"datetime": "2021-09-23 18:13:04", "elapsed": 588.76323, "delta": 2.413163}}
{"target": 0.4414367352024936, "params": {"C": 16.621701589771607, "epsilon": 0.5481203838090134, "gamma": 0.057902614854662325, "lamda": 0.3272341721842189}, "datetime": {"datetime": "2021-09-23 18:13:06", "elapsed": 590.776865, "delta": 2.013635}}
{"target": 0.4480207993390951, "params": {"C": 17.716013869553656, "epsilon": 0.5865547632451874, "gamma": 0.030167320207692028, "lamda": 0.2565750076929629}, "datetime": {"datetime": "2021-09-23 18:13:08", "elapsed": 592.317039, "delta": 1.540174}}
{"target": 0.4199353772735135, "params": {"C": 94.16665834851182, "epsilon": 0.9733189775203716, "gamma": 0.06736567148097589, "lamda": 0.9355208924550537}, "datetime": {"datetime": "2021-09-23 18:13:09", "elapsed": 593.934811, "delta": 1.617772}}
{"target": 0.4301991705670578, "params": {"C": 75.4858714211757, "epsilon": 0.9327666465343966, "gamma": 0.037701483981557385, "lamda": 0.8033668388179326}, "datetime": {"datetime": "2021-09-23 18:13:11", "elapsed": 595.497211, "delta": 1.5624}}
{"target": 0.37960948785757853, "params": {"C": 96.27425721087508, "epsilon": 0.32201912659092413, "gamma": 0.06861861220917408, "lamda": 0.31803485823840977}, "datetime": {"datetime": "2021-09-23 18:13:12", "elapsed": 597.072802, "delta": 1.575591}}
{"target": 0.44909818675009816, "params": {"C": 17.467032297149586, "epsilon": 0.41629938475441414, "gamma": 0.03585119324459331, "lamda": 0.04432187570638412}, "datetime": {"datetime": "2021-09-23 18:13:15", "elapsed": 599.772585, "delta": 2.699783}}
{"target": 0.44763640239237457, "params": {"C": 26.384106092902908, "epsilon": 0.9919902650795095, "gamma": 0.026388190013908526, "lamda": 0.9602130395522003}, "datetime": {"datetime": "2021-09-23 18:13:17", "elapsed": 601.909889, "delta": 2.137304}}
{"target": 0.44284993307941767, "params": {"C": 17.47067471263911, "epsilon": 0.48055162312185484, "gamma": 0.018400911109691876, "lamda": 0.06825353675823831}, "datetime": {"datetime": "2021-09-23 18:13:20", "elapsed": 604.604065, "delta": 2.694176}}
{"target": 0.4401614811208556, "params": {"C": 19.158502716257235, "epsilon": 0.5433625106581949, "gamma": 0.011541990379191042, "lamda": 0.17632954614468924}, "datetime": {"datetime": "2021-09-23 18:13:22", "elapsed": 606.292984, "delta": 1.688919}}
{"target": 0.4331922337183397, "params": {"C": 60.9610299140824, "epsilon": 0.6726209243833976, "gamma": 0.03020869573052755, "lamda": 0.5685597719181588}, "datetime": {"datetime": "2021-09-23 18:13:23", "elapsed": 607.806365, "delta": 1.513381}}
{"target": 0.4473105346525019, "params": {"C": 16.93153744638667, "epsilon": 0.20257614699859913, "gamma": 0.033044990558075006, "lamda": 0.6137963679562499}, "datetime": {"datetime": "2021-09-23 18:13:25", "elapsed": 610.050294, "delta": 2.243929}}
{"target": 0.4239411253916412, "params": {"C": 29.1887291740775, "epsilon": 0.8203181164805047, "gamma": 0.0698699709408666, "lamda": 0.755787244502341}, "datetime": {"datetime": "2021-09-23 18:13:27", "elapsed": 611.667228, "delta": 1.616934}}
{"target": 0.42532790464577375, "params": {"C": 61.54959525972733, "epsilon": 0.47427352844176396, "gamma": 0.04174911473368098, "lamda": 0.942230322023524}, "datetime": {"datetime": "2021-09-23 18:13:29", "elapsed": 613.21364, "delta": 1.546412}}
{"target": 0.40106618446034337, "params": {"C": 5.021480955390543, "epsilon": 0.31029410932662493, "gamma": 0.07090300790158219, "lamda": 0.04106598267460205}, "datetime": {"datetime": "2021-09-23 18:13:30", "elapsed": 615.024821, "delta": 1.811181}}
{"target": 0.43525774585053134, "params": {"C": 17.555315727097714, "epsilon": 0.4051584523390437, "gamma": 0.009989600576717158, "lamda": 0.0396496229143692}, "datetime": {"datetime": "2021-09-23 18:13:33", "elapsed": 617.78804, "delta": 2.763219}}
{"target": 0.437702835695416, "params": {"C": 91.22203971992127, "epsilon": 0.6407084116641044, "gamma": 0.01887709299579032, "lamda": 0.6417644959074488}, "datetime": {"datetime": "2021-09-23 18:13:35", "elapsed": 619.270042, "delta": 1.482002}}
{"target": 0.4468509739290949, "params": {"C": 16.894535983268444, "epsilon": 0.20597261103976472, "gamma": 0.02366135649494326, "lamda": 0.687938407142163}, "datetime": {"datetime": "2021-09-23 18:13:38", "elapsed": 622.455184, "delta": 3.185142}}
{"target": 0.43477602389524883, "params": {"C": 65.0996858007993, "epsilon": 0.029145209835845644, "gamma": 0.016473413909354754, "lamda": 0.29471579999421044}, "datetime": {"datetime": "2021-09-23 18:13:39", "elapsed": 624.087129, "delta": 1.631945}}
{"target": 0.4413663174616175, "params": {"C": 18.567059349618475, "epsilon": 0.20667171031797418, "gamma": 0.05683692136334842, "lamda": 0.46712178078753264}, "datetime": {"datetime": "2021-09-23 18:13:43", "elapsed": 627.68777, "delta": 3.600641}}
{"target": 0.4248348931244329, "params": {"C": 75.20959845940837, "epsilon": 0.2537648914608169, "gamma": 0.03323080543975834, "lamda": 0.5106444281987715}, "datetime": {"datetime": "2021-09-23 18:13:45", "elapsed": 629.218812, "delta": 1.531042}}
{"target": 0.4446853601743862, "params": {"C": 35.5299946555708, "epsilon": 0.6790922964943692, "gamma": 0.007192111925558067, "lamda": 0.8429992444794506}, "datetime": {"datetime": "2021-09-23 18:13:47", "elapsed": 631.477411, "delta": 2.258599}}
{"target": 0.4425065793738655, "params": {"C": 30.53546535080451, "epsilon": 0.6485851345712312, "gamma": 0.027621030239581273, "lamda": 0.6662399492276814}, "datetime": {"datetime": "2021-09-23 18:13:50", "elapsed": 634.490128, "delta": 3.012717}}
{"target": 0.4438715298489653, "params": {"C": 30.44869689937893, "epsilon": 0.7121158873944047, "gamma": 0.0240207501645725, "lamda": 0.6422149081590839}, "datetime": {"datetime": "2021-09-23 18:13:52", "elapsed": 636.850578, "delta": 2.36045}}
{"target": 0.4398463946208264, "params": {"C": 39.63806425241101, "epsilon": 0.3820766027038447, "gamma": 0.025125426878816217, "lamda": 0.4776926217393252}, "datetime": {"datetime": "2021-09-23 18:13:54", "elapsed": 638.540891, "delta": 1.690313}}
{"target": 0.44041314456775726, "params": {"C": 15.022814948154728, "epsilon": 0.13416944970396444, "gamma": 0.06044887964921012, "lamda": 0.11293362691435438}, "datetime": {"datetime": "2021-09-23 18:13:56", "elapsed": 640.282946, "delta": 1.742055}}
{"target": 0.439458945115224, "params": {"C": 86.9608882664989, "epsilon": 0.47432539133916984, "gamma": 0.0023965165259150294, "lamda": 0.9375762621138343}, "datetime": {"datetime": "2021-09-23 18:13:57", "elapsed": 641.916303, "delta": 1.633357}}
{"target": 0.4402376936093849, "params": {"C": 38.290495105871884, "epsilon": 0.09747012040195754, "gamma": 0.022418410056771608, "lamda": 0.6972443518129562}, "datetime": {"datetime": "2021-09-23 18:13:59", "elapsed": 643.652578, "delta": 1.736275}}
{"target": 0.4473086116241328, "params": {"C": 30.572517945790167, "epsilon": 0.6925121184590834, "gamma": 0.013418332826091558, "lamda": 0.5913065783680105}, "datetime": {"datetime": "2021-09-23 18:14:02", "elapsed": 646.290124, "delta": 2.637546}}
{"target": 0.4427823190076705, "params": {"C": 30.440911805821504, "epsilon": 0.7206739671156422, "gamma": 0.027229789783806874, "lamda": 0.6576559451241258}, "datetime": {"datetime": "2021-09-23 18:14:03", "elapsed": 647.986502, "delta": 1.696378}}
{"target": 0.4479665449042567, "params": {"C": 12.185751875021074, "epsilon": 0.4124264466310579, "gamma": 0.04593344018464783, "lamda": 0.9531139785497871}, "datetime": {"datetime": "2021-09-23 18:14:06", "elapsed": 650.743795, "delta": 2.757293}}
{"target": 0.44641700593949474, "params": {"C": 36.1447971019755, "epsilon": 0.521322609337733, "gamma": 0.009748105676487703, "lamda": 0.6849586830756939}, "datetime": {"datetime": "2021-09-23 18:14:08", "elapsed": 652.494867, "delta": 1.751072}}
{"target": 0.442501802068584, "params": {"C": 17.54500652163807, "epsilon": 0.4366822831577454, "gamma": 0.05528942159838056, "lamda": 0.13114573152936437}, "datetime": {"datetime": "2021-09-23 18:14:11", "elapsed": 656.006398, "delta": 3.511531}}
{"target": 0.41729414452552016, "params": {"C": 65.58753459211923, "epsilon": 0.21675125717242966, "gamma": 0.04715462951474419, "lamda": 0.8745611950962184}, "datetime": {"datetime": "2021-09-23 18:14:13", "elapsed": 657.585315, "delta": 1.578917}}
{"target": 0.44753590167847246, "params": {"C": 16.578065260596546, "epsilon": 0.5804230320441571, "gamma": 0.027901078685981552, "lamda": 0.3798045496848821}, "datetime": {"datetime": "2021-09-23 18:14:16", "elapsed": 661.026755, "delta": 3.44144}}
{"target": 0.4230659119165189, "params": {"C": 26.29587250853785, "epsilon": 0.9569782001949867, "gamma": 0.07643798911552639, "lamda": 0.9215486726411822}, "datetime": {"datetime": "2021-09-23 18:14:20", "elapsed": 664.284339, "delta": 3.257584}}
{"target": 0.44649686007529676, "params": {"C": 35.53593355901361, "epsilon": 0.7590131919119288, "gamma": 0.018614538083459874, "lamda": 0.8821888478305376}, "datetime": {"datetime": "2021-09-23 18:14:24", "elapsed": 668.284795, "delta": 4.000456}}
{"target": 0.36525573898186847, "params": {"C": 18.851782687049415, "epsilon": 0.7364439598381914, "gamma": 0.0028051557558860657, "lamda": 0.09427148939954734}, "datetime": {"datetime": "2021-09-23 18:14:28", "elapsed": 672.368194, "delta": 4.083399}}
{"target": 0.44442543342987784, "params": {"C": 8.488098871738593, "epsilon": 0.1992700535159789, "gamma": 0.04245093147329901, "lamda": 0.834282545008499}, "datetime": {"datetime": "2021-09-23 18:14:30", "elapsed": 674.131273, "delta": 1.763079}}
{"target": 0.4476778131531449, "params": {"C": 15.841713413034377, "epsilon": 0.42133185487116387, "gamma": 0.038091142840500046, "lamda": 0.7490484192122403}, "datetime": {"datetime": "2021-09-23 18:14:32", "elapsed": 677.08238, "delta": 2.951107}}
{"target": 0.4177707096763912, "params": {"C": 16.969394170547147, "epsilon": 0.11402175188762757, "gamma": 0.006578168802960982, "lamda": 0.5577631953817167}, "datetime": {"datetime": "2021-09-23 18:14:37", "elapsed": 681.461147, "delta": 4.378767}}
{"target": 0.4460274544080327, "params": {"C": 16.59544697174692, "epsilon": 0.6574774555507439, "gamma": 0.04355267381808048, "lamda": 0.41656210391949583}, "datetime": {"datetime": "2021-09-23 18:14:40", "elapsed": 684.140845, "delta": 2.679698}}
{"target": 0.4026476237793081, "params": {"C": 61.843833030203314, "epsilon": 0.3470044674407385, "gamma": 0.06578789735514237, "lamda": 0.798208379626173}, "datetime": {"datetime": "2021-09-23 18:14:41", "elapsed": 685.860943, "delta": 1.720098}}
{"target": 0.44503227830949654, "params": {"C": 31.66602242752485, "epsilon": 0.8184041440924119, "gamma": 0.011564743861358327, "lamda": 0.03468946858862621}, "datetime": {"datetime": "2021-09-23 18:14:43", "elapsed": 687.914183, "delta": 2.05324}}
{"target": 0.41227193630748293, "params": {"C": 99.50213299974007, "epsilon": 0.11441834377408237, "gamma": 0.03481271780979919, "lamda": 0.07011628069354074}, "datetime": {"datetime": "2021-09-23 18:14:45", "elapsed": 690.028956, "delta": 2.114773}}
{"target": 0.42955365779700017, "params": {"C": 19.110581587422644, "epsilon": 0.5162897884426784, "gamma": 0.08, "lamda": 0.20980338215716393}, "datetime": {"datetime": "2021-09-23 18:14:49", "elapsed": 694.125846, "delta": 4.09689}}
{"target": 0.4372762552265843, "params": {"C": 15.864808792147233, "epsilon": 0.43432248027633713, "gamma": 0.06673454611005257, "lamda": 0.8355428526857682}, "datetime": {"datetime": "2021-09-23 18:14:53", "elapsed": 697.492658, "delta": 3.366812}}
{"target": 0.4467321641744868, "params": {"C": 16.125256460579408, "epsilon": 0.4112779661577944, "gamma": 0.0397384060727839, "lamda": 0.9292855269100798}, "datetime": {"datetime": "2021-09-23 18:14:56", "elapsed": 700.851395, "delta": 3.358737}}
{"target": 0.4478518598138955, "params": {"C": 18.59585836100949, "epsilon": 0.18801496255969843, "gamma": 0.02800333528556922, "lamda": 0.3869576374626741}, "datetime": {"datetime": "2021-09-23 18:14:59", "elapsed": 703.682085, "delta": 2.83069}}
{"target": 0.4267135710674477, "params": {"C": 27.692448061322764, "epsilon": 0.6865131476563942, "gamma": 0.06697200290224138, "lamda": 0.707174539845052}, "datetime": {"datetime": "2021-09-23 18:15:01", "elapsed": 705.476959, "delta": 1.794874}}
{"target": 0.44879115911949197, "params": {"C": 13.788690737161357, "epsilon": 0.49457760870505807, "gamma": 0.03082584735851777, "lamda": 0.8485128923558964}, "datetime": {"datetime": "2021-09-23 18:15:04", "elapsed": 708.801076, "delta": 3.324117}}
{"target": 0.42176129540518137, "params": {"C": 96.6564170040289, "epsilon": 0.7688904241210185, "gamma": 0.03545303483107756, "lamda": 0.5417747248048124}, "datetime": {"datetime": "2021-09-23 18:15:06", "elapsed": 710.819903, "delta": 2.018827}}
{"target": 0.4476478578394386, "params": {"C": 13.706315709996034, "epsilon": 0.49129822401361095, "gamma": 0.04302251031365276, "lamda": 0.9093035295329697}, "datetime": {"datetime": "2021-09-23 18:15:09", "elapsed": 714.033539, "delta": 3.213636}}
{"target": 0.42677916671884086, "params": {"C": 79.80602765274651, "epsilon": 0.06374278008888529, "gamma": 0.02522060458605611, "lamda": 0.6563623361788069}, "datetime": {"datetime": "2021-09-23 18:15:11", "elapsed": 715.872479, "delta": 1.83894}}
{"target": 0.43136232201911195, "params": {"C": 16.5488414516844, "epsilon": 0.6395996335670033, "gamma": 0.00870472570255014, "lamda": 0.3145361166090504}, "datetime": {"datetime": "2021-09-23 18:15:14", "elapsed": 718.969968, "delta": 3.097489}}
{"target": 0.4008493311676957, "params": {"C": 72.54434291794443, "epsilon": 0.2820325321499955, "gamma": 0.059709798473253584, "lamda": 0.733394561037114}, "datetime": {"datetime": "2021-09-23 18:15:16", "elapsed": 720.685477, "delta": 1.715509}}
{"target": 0.4484205705253985, "params": {"C": 13.80885634617546, "epsilon": 0.4287104138978581, "gamma": 0.04068583683082463, "lamda": 0.8703146056408486}, "datetime": {"datetime": "2021-09-23 18:15:20", "elapsed": 724.921472, "delta": 4.235995}}
{"target": 0.44231013695892907, "params": {"C": 25.929820297624556, "epsilon": 0.8666939290004796, "gamma": 0.039098053755986045, "lamda": 0.8958163832905002}, "datetime": {"datetime": "2021-09-23 18:15:23", "elapsed": 727.245983, "delta": 2.324511}}
{"target": 0.42503906571179195, "params": {"C": 76.69679630633044, "epsilon": 0.7030474949148511, "gamma": 0.03613394900804769, "lamda": 0.4504313860882956}, "datetime": {"datetime": "2021-09-23 18:15:25", "elapsed": 729.282766, "delta": 2.036783}}
{"target": 0.4479326267795808, "params": {"C": 12.122508314701017, "epsilon": 0.35250857566608934, "gamma": 0.031886956804550726, "lamda": 0.9846154776769992}, "datetime": {"datetime": "2021-09-23 18:15:28", "elapsed": 732.963127, "delta": 3.680361}}
{"target": 0.43778338064509714, "params": {"C": 16.049458834334523, "epsilon": 0.4627038270920276, "gamma": 0.06513159351457139, "lamda": 0.8399095699877488}, "datetime": {"datetime": "2021-09-23 18:15:32", "elapsed": 736.573891, "delta": 3.610764}}
{"target": 0.4226418788585383, "params": {"C": 30.51742191198399, "epsilon": 0.7424434290302844, "gamma": 0.06993754282088785, "lamda": 0.630708120204512}, "datetime": {"datetime": "2021-09-23 18:15:35", "elapsed": 739.878276, "delta": 3.304385}}
{"target": 0.4474561421250559, "params": {"C": 18.494477029371946, "epsilon": 0.18358986472520897, "gamma": 0.03339445282388148, "lamda": 0.6449008176822237}, "datetime": {"datetime": "2021-09-23 18:15:39", "elapsed": 743.400669, "delta": 3.522393}}
{"target": 0.4391786086657753, "params": {"C": 61.281150599374676, "epsilon": 0.8438411785371319, "gamma": 0.018490015015212725, "lamda": 0.44478342373477575}, "datetime": {"datetime": "2021-09-23 18:15:41", "elapsed": 745.675916, "delta": 2.275247}}
{"target": 0.22225620996264905, "params": {"C": 18.635094558878762, "epsilon": 0.2509260283858181, "gamma": 0.001, "lamda": 0.4375897432943524}, "datetime": {"datetime": "2021-09-23 18:15:45", "elapsed": 749.373889, "delta": 3.697973}}
{"target": 0.41334935985840093, "params": {"C": 53.769990770258325, "epsilon": 0.41762969185201987, "gamma": 0.0614773093507674, "lamda": 0.34758073744242707}, "datetime": {"datetime": "2021-09-23 18:15:47", "elapsed": 751.382096, "delta": 2.008207}}
{"target": 0.44594834130085426, "params": {"C": 42.936376230639084, "epsilon": 0.46056980004140813, "gamma": 0.00846838555823988, "lamda": 0.9061360723490763}, "datetime": {"datetime": "2021-09-23 18:15:49", "elapsed": 753.294519, "delta": 1.912423}}
{"target": 0.4212375045933803, "params": {"C": 52.73554330134319, "epsilon": 0.04343820803264265, "gamma": 0.05161130897947981, "lamda": 0.7712347515122856}, "datetime": {"datetime": "2021-09-23 18:15:51", "elapsed": 755.271952, "delta": 1.977433}}
{"target": 0.40591142111759926, "params": {"C": 65.12490771644678, "epsilon": 0.498424965466149, "gamma": 0.0653646255498079, "lamda": 0.1073485851566035}, "datetime": {"datetime": "2021-09-23 18:15:53", "elapsed": 757.498279, "delta": 2.226327}}
{"target": 0.4391739466136275, "params": {"C": 17.398034194879955, "epsilon": 0.3868940175966371, "gamma": 0.011269666070581452, "lamda": 0.09668441120158192}, "datetime": {"datetime": "2021-09-23 18:15:56", "elapsed": 760.998848, "delta": 3.500569}}
{"target": 0.4414597054101824, "params": {"C": 16.118630583605288, "epsilon": 0.4302615776039376, "gamma": 0.012951190884180973, "lamda": 0.8292317409562824}, "datetime": {"datetime": "2021-09-23 18:16:00", "elapsed": 764.615849, "delta": 3.617001}}
{"target": 0.35265789741175557, "params": {"C": 18.49544843198452, "epsilon": 0.14972395829640106, "gamma": 0.002526890398622461, "lamda": 0.41453961252573907}, "datetime": {"datetime": "2021-09-23 18:16:06", "elapsed": 770.257813, "delta": 5.641964}}
{"target": 0.4256562755203679, "params": {"C": 47.67297003071493, "epsilon": 0.5329938673144378, "gamma": 0.04616148664910767, "lamda": 0.1439481443821882}, "datetime": {"datetime": "2021-09-23 18:16:08", "elapsed": 772.227414, "delta": 1.969601}}
{"target": 0.44372992021438196, "params": {"C": 69.14904510640312, "epsilon": 0.2862428840276326, "gamma": 0.008266587533421058, "lamda": 0.9679463361021273}, "datetime": {"datetime": "2021-09-23 18:16:10", "elapsed": 774.336411, "delta": 2.108997}}
{"target": 0.4444687161137135, "params": {"C": 13.876734054438039, "epsilon": 0.463159613392883, "gamma": 0.05305768048791376, "lamda": 0.8412427512328458}, "datetime": {"datetime": "2021-09-23 18:16:15", "elapsed": 779.416413, "delta": 5.080002}}
{"target": 0.44659038515097726, "params": {"C": 20.567006939062054, "epsilon": 0.41093683170391704, "gamma": 0.029495539774027905, "lamda": 0.8954484514320242}, "datetime": {"datetime": "2021-09-23 18:16:17", "elapsed": 781.495985, "delta": 2.079572}}
{"target": 0.4425273037204376, "params": {"C": 8.330444578333253, "epsilon": 0.8931412930026257, "gamma": 0.05030308078946476, "lamda": 0.3745108943476347}, "datetime": {"datetime": "2021-09-23 18:16:19", "elapsed": 783.430878, "delta": 1.934893}}
