{"target": 0.4314603683142899, "params": {"C": 20.97177420652052, "epsilon": 0.27361360234149706, "gamma": 0.0748737538559713, "lamda": 0.14235341888825287}, "datetime": {"datetime": "2021-09-23 18:16:21", "elapsed": 785.303795, "delta": 1.872917}}
{"target": 0.44618281850911745, "params": {"C": 18.6002597745537, "epsilon": 0.16584730662100666, "gamma": 0.0433513563972032, "lamda": 0.33193935717424095}, "datetime": {"datetime": "2021-09-23 18:16:24", "elapsed": 788.238748, "delta": 2.934953}}
{"target": 0.43137047158495456, "params": {"C": 46.752289838928, "epsilon": 0.311100557637893, "gamma": 0.0030061430922432675, "lamda": 0.9922307100452737}, "datetime": {"datetime": "2021-09-23 18:16:25", "elapsed": 789.914842, "delta": 1.676094}}
{"target": 0.4438928759973071, "params": {"C": 13.670040017397397, "epsilon": 0.5357765033728656, "gamma": 0.05442824835384311, "lamda": 0.8247616387628858}, "datetime": {"datetime": "2021-09-23 18:16:28", "elapsed": 792.701804, "delta": 2.786962}}
{"target": 0.43311601377821507, "params": {"C": 18.414997738446527, "epsilon": 0.12295967285110698, "gamma": 0.07478506874471942, "lamda": 0.5930060502810041}, "datetime": {"datetime": "2021-09-23 18:16:31", "elapsed": 795.203449, "delta": 2.501645}}
{"target": 0.43654123055656746, "params": {"C": 15.804542788958308, "epsilon": 0.494149474389288, "gamma": 0.0684112610449863, "lamda": 0.7264495396197023}, "datetime": {"datetime": "2021-09-23 18:16:33", "elapsed": 797.653228, "delta": 2.449779}}
{"target": 0.4338363398805638, "params": {"C": 16.165037051731108, "epsilon": 0.3548157259782223, "gamma": 0.07269815382874965, "lamda": 0.9219332013962759}, "datetime": {"datetime": "2021-09-23 18:16:36", "elapsed": 800.920941, "delta": 3.267713}}
{"target": 0.42887986123422306, "params": {"C": 48.48409476744513, "epsilon": 0.24564015964120134, "gamma": 0.04114754050313954, "lamda": 0.4406064816556693}, "datetime": {"datetime": "2021-09-23 18:16:38", "elapsed": 802.668881, "delta": 1.74794}}
{"target": 0.4428547502338176, "params": {"C": 17.48330430635672, "epsilon": 0.3587367439740056, "gamma": 0.05360410875993156, "lamda": 0.10426377595407536}, "datetime": {"datetime": "2021-09-23 18:16:42", "elapsed": 807.057262, "delta": 4.388381}}
{"target": 0.44702843962452954, "params": {"C": 13.852338268085576, "epsilon": 0.5738817169378932, "gamma": 0.04441304872243411, "lamda": 0.7956286315353849}, "datetime": {"datetime": "2021-09-23 18:16:46", "elapsed": 810.648933, "delta": 3.591671}}
{"target": 0.1869894618550647, "params": {"C": 13.842204417877024, "epsilon": 0.5323040819194185, "gamma": 0.0010638621430124043, "lamda": 0.8882548066109642}, "datetime": {"datetime": "2021-09-23 18:16:50", "elapsed": 814.480079, "delta": 3.831146}}
{"target": 0.4179694258996436, "params": {"C": 35.53444674499582, "epsilon": 0.6712669748721904, "gamma": 0.07179178938217615, "lamda": 0.9191499071953539}, "datetime": {"datetime": "2021-09-23 18:16:53", "elapsed": 818.021061, "delta": 3.540982}}
{"target": 0.448492925098133, "params": {"C": 16.09298140571273, "epsilon": 0.3222982297807085, "gamma": 0.0265306982932722, "lamda": 0.9505593889095586}, "datetime": {"datetime": "2021-09-23 18:16:59", "elapsed": 823.42755, "delta": 5.406489}}
{"target": 0.446258332495455, "params": {"C": 13.920821824684387, "epsilon": 0.4080092740070814, "gamma": 0.048251891239247786, "lamda": 0.8601403255157898}, "datetime": {"datetime": "2021-09-23 18:17:03", "elapsed": 828.016472, "delta": 4.588922}}
{"target": 0.44407211227832455, "params": {"C": 74.17382635564957, "epsilon": 0.9810060422706807, "gamma": 0.023175045614865244, "lamda": 0.8942011811645327}, "datetime": {"datetime": "2021-09-23 18:17:05", "elapsed": 830.125793, "delta": 2.109321}}
{"target": 0.4302080933780402, "params": {"C": 61.03962288667675, "epsilon": 0.9989427731352629, "gamma": 0.002491081938553627, "lamda": 0.5983190657642246}, "datetime": {"datetime": "2021-09-23 18:17:08", "elapsed": 832.213456, "delta": 2.087663}}
{"target": 0.4463283600078797, "params": {"C": 12.20564559283152, "epsilon": 0.34881718211684243, "gamma": 0.025569856676918967, "lamda": 0.970655156921892}, "datetime": {"datetime": "2021-09-23 18:17:11", "elapsed": 835.649285, "delta": 3.435829}}
{"target": 0.43978415162414874, "params": {"C": 19.639343936350517, "epsilon": 0.7186740289816447, "gamma": 0.05267805008554038, "lamda": 0.4839650916004083}, "datetime": {"datetime": "2021-09-23 18:17:13", "elapsed": 837.558699, "delta": 1.909414}}
{"target": 0.4188347760907254, "params": {"C": 60.80387127487739, "epsilon": 0.21574101469325466, "gamma": 0.04705992993388465, "lamda": 0.017248367124044154}, "datetime": {"datetime": "2021-09-23 18:17:15", "elapsed": 839.84003, "delta": 2.281331}}
{"target": 0.409839099571469, "params": {"C": 22.581008021014952, "epsilon": 0.7385228859998559, "gamma": 0.0042253185235446265, "lamda": 0.7632438875152954}, "datetime": {"datetime": "2021-09-23 18:17:17", "elapsed": 841.959853, "delta": 2.119823}}
{"target": 0.441808473798355, "params": {"C": 18.835154465620857, "epsilon": 0.7435710974379607, "gamma": 0.04941195991605595, "lamda": 0.4458447171894041}, "datetime": {"datetime": "2021-09-23 18:17:21", "elapsed": 845.307929, "delta": 3.348076}}
{"target": 0.4438304167848701, "params": {"C": 13.744837946947468, "epsilon": 0.5400267781223361, "gamma": 0.054412850761873806, "lamda": 0.8163045962302096}, "datetime": {"datetime": "2021-09-23 18:17:24", "elapsed": 848.380004, "delta": 3.072075}}
{"target": 0.39724376466693323, "params": {"C": 90.29994793493586, "epsilon": 0.7264758957057352, "gamma": 0.06291498949467712, "lamda": 0.5850518164525542}, "datetime": {"datetime": "2021-09-23 18:17:26", "elapsed": 850.230528, "delta": 1.850524}}
{"target": 0.4364937510417507, "params": {"C": 12.260027818061626, "epsilon": 0.25590570517800926, "gamma": 0.07362035576761823, "lamda": 0.7058377739942675}, "datetime": {"datetime": "2021-09-23 18:17:28", "elapsed": 852.6735, "delta": 2.442972}}
{"target": 0.44040768583228185, "params": {"C": 89.21611610965209, "epsilon": 0.7650962145894409, "gamma": 0.020505288751259756, "lamda": 0.7566940381006497}, "datetime": {"datetime": "2021-09-23 18:17:30", "elapsed": 854.781506, "delta": 2.108006}}
{"target": 0.4363673206856099, "params": {"C": 15.755058548759363, "epsilon": 0.42414872650518914, "gamma": 0.06902572673274165, "lamda": 0.725418700459994}, "datetime": {"datetime": "2021-09-23 18:17:34", "elapsed": 858.345822, "delta": 3.564316}}
{"target": 0.44018110227749996, "params": {"C": 18.851913147842946, "epsilon": 0.8837724845315498, "gamma": 0.05872654491493881, "lamda": 0.05393867693349272}, "datetime": {"datetime": "2021-09-23 18:17:38", "elapsed": 862.848515, "delta": 4.502693}}
{"target": 0.44409386045449817, "params": {"C": 29.328207523850736, "epsilon": 0.49441376495692846, "gamma": 0.011754948739763557, "lamda": 0.24829598500502997}, "datetime": {"datetime": "2021-09-23 18:17:40", "elapsed": 864.958344, "delta": 2.109829}}
{"target": 0.41187797896293743, "params": {"C": 54.55619055642336, "epsilon": 0.9064250170839101, "gamma": 0.0640643811180383, "lamda": 0.6883765345412451}, "datetime": {"datetime": "2021-09-23 18:17:43", "elapsed": 867.208794, "delta": 2.25045}}
{"target": 0.44180645488171844, "params": {"C": 16.507082146348033, "epsilon": 0.5963836844427799, "gamma": 0.056524372363863644, "lamda": 0.42033140178808215}, "datetime": {"datetime": "2021-09-23 18:17:49", "elapsed": 873.132595, "delta": 5.923801}}
{"target": 0.3973857856044125, "params": {"C": 71.88806481268927, "epsilon": 0.16706160265440786, "gamma": 0.06697861384470381, "lamda": 0.4614473975963345}, "datetime": {"datetime": "2021-09-23 18:17:51", "elapsed": 875.273605, "delta": 2.14101}}
{"target": 0.43402389872383007, "params": {"C": 13.793742975233844, "epsilon": 0.5612328805449458, "gamma": 0.07794716663463117, "lamda": 0.7262093720241948}, "datetime": {"datetime": "2021-09-23 18:17:54", "elapsed": 878.749052, "delta": 3.475447}}
{"target": 0.44154040062223654, "params": {"C": 50.68349483717942, "epsilon": 0.50928510933035, "gamma": 0.01513315407494258, "lamda": 0.3595805585245614}, "datetime": {"datetime": "2021-09-23 18:17:56", "elapsed": 880.956483, "delta": 2.207431}}
{"target": 0.44399166831704506, "params": {"C": 30.61102365386322, "epsilon": 0.6174928880142933, "gamma": 0.024149933520669707, "lamda": 0.6211628116233708}, "datetime": {"datetime": "2021-09-23 18:18:01", "elapsed": 885.401685, "delta": 4.445202}}
{"target": 0.4269598759341371, "params": {"C": 47.61850939233907, "epsilon": 0.3558629419613573, "gamma": 0.04524795670097993, "lamda": 0.5719050679462093}, "datetime": {"datetime": "2021-09-23 18:18:03", "elapsed": 887.535844, "delta": 2.134159}}
{"target": 0.4443491416089621, "params": {"C": 20.925787794428302, "epsilon": 0.9012004212888611, "gamma": 0.03908354302964526, "lamda": 0.24718491744910995}, "datetime": {"datetime": "2021-09-23 18:18:05", "elapsed": 889.738283, "delta": 2.202439}}
{"target": 0.2823988432182417, "params": {"C": 20.004046050782428, "epsilon": 0.1386372061670655, "gamma": 0.0013751181864653308, "lamda": 0.3706985161664917}, "datetime": {"datetime": "2021-09-23 18:18:07", "elapsed": 892.068893, "delta": 2.33061}}
{"target": 0.40480533918456263, "params": {"C": 52.54317986799573, "epsilon": 0.6254206917437614, "gamma": 0.07307112385226495, "lamda": 0.21297826826728372}, "datetime": {"datetime": "2021-09-23 18:18:10", "elapsed": 894.14845, "delta": 2.079557}}
{"target": 0.442154998982371, "params": {"C": 7.928819915560223, "epsilon": 0.6511918530070313, "gamma": 0.04805074004904335, "lamda": 0.07514708350819958}, "datetime": {"datetime": "2021-09-23 18:18:12", "elapsed": 896.29179, "delta": 2.14334}}
{"target": 0.4459797403555784, "params": {"C": 13.938172483801463, "epsilon": 0.4236473847063342, "gamma": 0.049300321522347874, "lamda": 0.7916476911557889}, "datetime": {"datetime": "2021-09-23 18:18:16", "elapsed": 900.321292, "delta": 4.029502}}
{"target": 0.3992966379730253, "params": {"C": 14.639915915387625, "epsilon": 0.8615288872958888, "gamma": 0.005453458402921145, "lamda": 0.08475030180977138}, "datetime": {"datetime": "2021-09-23 18:18:18", "elapsed": 902.472856, "delta": 2.151564}}
{"target": 0.4280158442182793, "params": {"C": 34.41969517594808, "epsilon": 0.6503853126420497, "gamma": 0.05785706313387768, "lamda": 0.941033505478671}, "datetime": {"datetime": "2021-09-23 18:18:20", "elapsed": 904.657127, "delta": 2.184271}}
{"target": 0.44207171873974505, "params": {"C": 71.53323683915875, "epsilon": 0.9012556902298612, "gamma": 0.01010601031157397, "lamda": 0.060158693404418775}, "datetime": {"datetime": "2021-09-23 18:18:22", "elapsed": 907.022537, "delta": 2.36541}}
{"target": 0.44718164537718963, "params": {"C": 16.960456049964954, "epsilon": 0.2426781744103591, "gamma": 0.03654395835627352, "lamda": 0.7092024947817626}, "datetime": {"datetime": "2021-09-23 18:18:26", "elapsed": 910.459205, "delta": 3.436668}}
{"target": 0.436487455988942, "params": {"C": 16.943899391831106, "epsilon": 0.27648841254861317, "gamma": 0.068155672242782, "lamda": 0.5712867701980561}, "datetime": {"datetime": "2021-09-23 18:18:29", "elapsed": 913.866846, "delta": 3.407641}}
{"target": 0.44373752046344517, "params": {"C": 13.774323419584318, "epsilon": 0.41562075825766104, "gamma": 0.017742080301321832, "lamda": 0.8396838611601376}, "datetime": {"datetime": "2021-09-23 18:18:33", "elapsed": 917.519044, "delta": 3.652198}}
{"target": 0.44173848328399423, "params": {"C": 52.178303177145956, "epsilon": 0.20193703347235417, "gamma": 0.013969532662097942, "lamda": 0.7485326923181255}, "datetime": {"datetime": "2021-09-23 18:18:35", "elapsed": 920.057048, "delta": 2.538004}}
{"target": 0.44347280513778065, "params": {"C": 13.868248560495262, "epsilon": 0.38268161566077274, "gamma": 0.05666945801503308, "lamda": 0.8153266374601739}, "datetime": {"datetime": "2021-09-23 18:18:40", "elapsed": 924.145061, "delta": 4.088013}}
{"target": 0.4482191594348285, "params": {"C": 16.706257170794782, "epsilon": 0.6976601783013474, "gamma": 0.03233862600266044, "lamda": 0.3593781259457326}, "datetime": {"datetime": "2021-09-23 18:18:43", "elapsed": 927.892108, "delta": 3.747047}}
{"target": 0.4458427464168939, "params": {"C": 18.471375043690706, "epsilon": 0.303278565210297, "gamma": 0.020263713207015876, "lamda": 0.4515877775125185}, "datetime": {"datetime": "2021-09-23 18:18:47", "elapsed": 931.923395, "delta": 4.031287}}
{"target": 0.4288192005589564, "params": {"C": 30.531398095443283, "epsilon": 0.6211644709812945, "gamma": 0.05786941526593035, "lamda": 0.5739493929164537}, "datetime": {"datetime": "2021-09-23 18:18:51", "elapsed": 935.798708, "delta": 3.875313}}
{"target": 0.44814329223191673, "params": {"C": 18.448740731142987, "epsilon": 0.21581199559456501, "gamma": 0.028375080710412573, "lamda": 0.5884648280971103}, "datetime": {"datetime": "2021-09-23 18:18:55", "elapsed": 939.395323, "delta": 3.596615}}
{"target": 0.44677035233437357, "params": {"C": 13.491020040309538, "epsilon": 0.7689252246041706, "gamma": 0.04253919436091038, "lamda": 0.8760967859978369}, "datetime": {"datetime": "2021-09-23 18:18:59", "elapsed": 943.986078, "delta": 4.590755}}
{"target": 0.441206653333424, "params": {"C": 54.90020806984094, "epsilon": 0.20160589752453303, "gamma": 0.014046423317899862, "lamda": 0.5062044122808362}, "datetime": {"datetime": "2021-09-23 18:19:02", "elapsed": 946.244337, "delta": 2.258259}}
{"target": 0.4414263687569021, "params": {"C": 12.157347024584755, "epsilon": 0.39251229923507347, "gamma": 0.06372541571532879, "lamda": 0.9000847444118547}, "datetime": {"datetime": "2021-09-23 18:19:05", "elapsed": 949.980015, "delta": 3.735678}}
{"target": 0.4030918293690223, "params": {"C": 56.341776981837945, "epsilon": 0.9756540763508655, "gamma": 0.07050143894289457, "lamda": 0.3792155133888976}, "datetime": {"datetime": "2021-09-23 18:19:08", "elapsed": 952.490858, "delta": 2.510843}}
{"target": 0.43820232293882044, "params": {"C": 12.624309850787947, "epsilon": 0.10437259714760604, "gamma": 0.06800423422387246, "lamda": 0.41936918196797224}, "datetime": {"datetime": "2021-09-23 18:19:10", "elapsed": 954.691516, "delta": 2.200658}}
{"target": 0.44739606232265516, "params": {"C": 35.497512390463676, "epsilon": 0.7721695458517973, "gamma": 0.012895640938633508, "lamda": 0.7831460693675082}, "datetime": {"datetime": "2021-09-23 18:19:14", "elapsed": 958.795603, "delta": 4.104087}}
{"target": 0.4291238461743051, "params": {"C": 59.093195958770394, "epsilon": 0.38668549311287875, "gamma": 0.033739302554660386, "lamda": 0.06512278794544205}, "datetime": {"datetime": "2021-09-23 18:19:17", "elapsed": 961.28429, "delta": 2.488687}}
{"target": 0.4404594167929696, "params": {"C": 18.49710883611456, "epsilon": 0.2503303600589087, "gamma": 0.05922773996318336, "lamda": 0.3256846230044868}, "datetime": {"datetime": "2021-09-23 18:19:21", "elapsed": 965.946835, "delta": 4.662545}}
{"target": 0.4469540146945513, "params": {"C": 13.66966368824188, "epsilon": 0.573545416363153, "gamma": 0.04400777692599384, "lamda": 0.8979683960132909}, "datetime": {"datetime": "2021-09-23 18:19:25", "elapsed": 969.421113, "delta": 3.474278}}
{"target": 0.44294688812568006, "params": {"C": 15.798621057627381, "epsilon": 0.4890491968054392, "gamma": 0.05325272306699766, "lamda": 0.7339922620595863}, "datetime": {"datetime": "2021-09-23 18:19:27", "elapsed": 971.677653, "delta": 2.25654}}
{"target": 0.44808698250292556, "params": {"C": 15.83758416346611, "epsilon": 0.5414997502374581, "gamma": 0.022794374985626326, "lamda": 0.8153900706915447}, "datetime": {"datetime": "2021-09-23 18:19:31", "elapsed": 975.695733, "delta": 4.01808}}
{"target": 0.38701337907989086, "params": {"C": 15.746768902651432, "epsilon": 0.46856883092634133, "gamma": 0.004444344909513049, "lamda": 0.8298611219966172}, "datetime": {"datetime": "2021-09-23 18:19:35", "elapsed": 980.059895, "delta": 4.364162}}
{"target": 0.43070073776788453, "params": {"C": 35.38968484996611, "epsilon": 0.7949771097527607, "gamma": 0.004144305606099697, "lamda": 0.8101146564187629}, "datetime": {"datetime": "2021-09-23 18:19:39", "elapsed": 983.732608, "delta": 3.672713}}
{"target": 0.4467858203521642, "params": {"C": 15.897866852554513, "epsilon": 0.5796041466482186, "gamma": 0.01967716717068823, "lamda": 0.7672862139474377}, "datetime": {"datetime": "2021-09-23 18:19:43", "elapsed": 987.267885, "delta": 3.535277}}
{"target": 0.4466948493294365, "params": {"C": 15.927627492930672, "epsilon": 0.4615656884240191, "gamma": 0.04146767874700299, "lamda": 0.7562976680244732}, "datetime": {"datetime": "2021-09-23 18:19:47", "elapsed": 991.466196, "delta": 4.198311}}
{"target": 0.4376218572510189, "params": {"C": 43.991281260898354, "epsilon": 0.21698107881846251, "gamma": 0.004363228178560134, "lamda": 0.313379828865631}, "datetime": {"datetime": "2021-09-23 18:19:49", "elapsed": 993.768017, "delta": 2.301821}}
{"target": 0.43026217935138067, "params": {"C": 18.549926565055344, "epsilon": 0.21934497310515022, "gamma": 0.08, "lamda": 0.384332096270999}, "datetime": {"datetime": "2021-09-23 18:19:54", "elapsed": 998.144412, "delta": 4.376395}}
{"target": 0.434357127566372, "params": {"C": 75.07979025745755, "epsilon": 0.7084396747954868, "gamma": 0.023981474374122604, "lamda": 0.5113167775924653}, "datetime": {"datetime": "2021-09-23 18:31:34", "elapsed": 0.0, "delta": 0.0}}
{"target": 0.4351467954881115, "params": {"C": 109.29469543476547, "epsilon": 0.8963967958445046, "gamma": 0.010921239526643065, "lamda": 0.20803563526004856}, "datetime": {"datetime": "2021-09-23 18:31:34", "elapsed": 0.393998, "delta": 0.393998}}
{"target": 0.4016831068209631, "params": {"C": 25.14672033008299, "epsilon": 0.44136903380698583, "gamma": 0.0033602206594067897, "lamda": 0.45737639117031637}, "datetime": {"datetime": "2021-09-23 18:31:35", "elapsed": 0.753999, "delta": 0.360001}}
{"target": 0.4002851613496079, "params": {"C": 84.91440476147608, "epsilon": 0.27920879536532733, "gamma": 0.054424137256430374, "lamda": 0.5912719545989344}, "datetime": {"datetime": "2021-09-23 18:31:35", "elapsed": 1.036002, "delta": 0.282003}}
{"target": 0.4470052325361472, "params": {"C": 22.398188237716536, "epsilon": 0.5592952339028912, "gamma": 0.021480943305689768, "lamda": 0.4156860958130596}, "datetime": {"datetime": "2021-09-23 18:31:35", "elapsed": 1.461004, "delta": 0.425002}}
{"target": 0.38454788042886234, "params": {"C": 109.27449911279658, "epsilon": 0.9100463305195912, "gamma": 0.0645588893250526, "lamda": 0.24423127163463795}, "datetime": {"datetime": "2021-09-23 18:31:36", "elapsed": 2.283013, "delta": 0.822009}}
{"target": 0.421439511943526, "params": {"C": 118.91998034019271, "epsilon": 0.5787680451686003, "gamma": 0.04700826336893282, "lamda": 0.954720598117147}, "datetime": {"datetime": "2021-09-23 18:31:38", "elapsed": 3.834284, "delta": 1.551271}}
{"target": 0.4470573586391847, "params": {"C": 32.93941229973181, "epsilon": 0.8719578406851687, "gamma": 0.017710070584205005, "lamda": 0.7629767720186178}, "datetime": {"datetime": "2021-09-23 18:31:38", "elapsed": 4.377278, "delta": 0.542994}}
{"target": 0.399356548635432, "params": {"C": 96.08847874450461, "epsilon": 0.5020830227366924, "gamma": 0.05581844079331611, "lamda": 0.5604068213688455}, "datetime": {"datetime": "2021-09-23 18:31:39", "elapsed": 4.769603, "delta": 0.392325}}
{"target": 0.3964936930201902, "params": {"C": 112.64744545711692, "epsilon": 0.4658105455853305, "gamma": 0.05161671352528672, "lamda": 0.11313744804369945}, "datetime": {"datetime": "2021-09-23 18:31:39", "elapsed": 5.276603, "delta": 0.507}}
{"target": 0.4292741612910489, "params": {"C": 40.13710824484848, "epsilon": 0.5007048538568906, "gamma": 0.05026694042282297, "lamda": 0.9934745215996332}, "datetime": {"datetime": "2021-09-23 18:31:40", "elapsed": 5.698884, "delta": 0.422281}}
{"target": 0.41373838849777955, "params": {"C": 42.87404925589366, "epsilon": 0.7541447728139128, "gamma": 0.0701653086547287, "lamda": 0.7807763177992632}, "datetime": {"datetime": "2021-09-23 18:31:40", "elapsed": 6.279882, "delta": 0.580998}}
{"target": 0.3687961136561526, "params": {"C": 109.9145527570141, "epsilon": 0.17221206589753077, "gamma": 0.07134681489163999, "lamda": 0.15196219404120656}, "datetime": {"datetime": "2021-09-23 18:31:41", "elapsed": 6.838327, "delta": 0.558445}}
{"target": 0.40933434907235455, "params": {"C": 67.5766381474395, "epsilon": 0.8936892881494798, "gamma": 0.0567121750990824, "lamda": 0.13540921299289937}, "datetime": {"datetime": "2021-09-23 18:31:41", "elapsed": 7.616913, "delta": 0.778586}}
{"target": 0.4381027722578944, "params": {"C": 106.51260194656739, "epsilon": 0.48196414260648573, "gamma": 0.018054490546277852, "lamda": 0.8460220171885598}, "datetime": {"datetime": "2021-09-23 18:31:42", "elapsed": 8.026894, "delta": 0.409981}}
{"target": 0.38392360406577875, "params": {"C": 105.71890101032503, "epsilon": 0.3837817140832394, "gamma": 0.06258554745983906, "lamda": 0.4177233408802305}, "datetime": {"datetime": "2021-09-23 18:31:42", "elapsed": 8.548497, "delta": 0.521603}}
{"target": 0.4457536672612761, "params": {"C": 27.898124292978835, "epsilon": 0.28769949530817723, "gamma": 0.01560539070925869, "lamda": 0.7429706384522323}, "datetime": {"datetime": "2021-09-23 18:31:43", "elapsed": 9.078491, "delta": 0.529994}}
{"target": 0.4277600206301394, "params": {"C": 25.4516225895996, "epsilon": 0.8181359843373007, "gamma": 0.07071481660381979, "lamda": 0.30911090699429017}, "datetime": {"datetime": "2021-09-23 18:31:44", "elapsed": 9.66821, "delta": 0.589719}}
{"target": 0.4141711133699806, "params": {"C": 52.22669002250485, "epsilon": 0.7554316715733415, "gamma": 0.061316249332092544, "lamda": 0.7337153317054971}, "datetime": {"datetime": "2021-09-23 18:31:44", "elapsed": 10.124269, "delta": 0.456059}}
