{"target": 0.3847539120081829, "params": {"C": 17.625362425528287, "epsilon": 0.11461885277400578, "gamma": 0.17026042794985627, "lamda": 0.4954042150096729}, "datetime": {"datetime": "2021-09-23 17:18:45", "elapsed": 68.666903, "delta": 1.010706}}
{"target": 0.3961496562815353, "params": {"C": 18.033300563188345, "epsilon": 0.31427413667030957, "gamma": 0.14829739322607163, "lamda": 0.17309189736331707}, "datetime": {"datetime": "2021-09-23 17:18:46", "elapsed": 69.421058, "delta": 0.754155}}
{"target": 0.4046599029574255, "params": {"C": 85.31048491585655, "epsilon": 0.7028768911902437, "gamma": 0.001, "lamda": 0.001}, "datetime": {"datetime": "2021-09-23 17:18:47", "elapsed": 70.585778, "delta": 1.16472}}
{"target": 0.3792392798652332, "params": {"C": 74.93918443046134, "epsilon": 0.18878014049211084, "gamma": 0.08083691570302004, "lamda": 0.6447564439359997}, "datetime": {"datetime": "2021-09-23 17:18:48", "elapsed": 71.485493, "delta": 0.899715}}
{"target": 0.36737763794483214, "params": {"C": 80.89552622622625, "epsilon": 0.8569596932326785, "gamma": 0.11366764841138775, "lamda": 0.6951579401064473}, "datetime": {"datetime": "2021-09-23 17:18:49", "elapsed": 72.272636, "delta": 0.787143}}
{"target": 0.2445855123886238, "params": {"C": 50.27854411515161, "epsilon": 0.25421571310644675, "gamma": 0.6229214352924491, "lamda": 0.8258980563640577}, "datetime": {"datetime": "2021-09-23 17:18:50", "elapsed": 72.908168, "delta": 0.635532}}
{"target": 0.24242605949483487, "params": {"C": 24.640685190842067, "epsilon": 0.3068350062516571, "gamma": 0.4800955791550508, "lamda": 0.12956812241181775}, "datetime": {"datetime": "2021-09-23 17:18:50", "elapsed": 73.568136, "delta": 0.659968}}
{"target": 0.34697534220852944, "params": {"C": 80.75175462373501, "epsilon": 0.8630628783626191, "gamma": 0.1999726440378723, "lamda": 0.9766285200518378}, "datetime": {"datetime": "2021-09-23 17:18:51", "elapsed": 74.307137, "delta": 0.739001}}
{"target": 0.3512970851582182, "params": {"C": 74.86476255696094, "epsilon": 0.2754868061938263, "gamma": 0.11534672506127293, "lamda": 0.40556215779967614}, "datetime": {"datetime": "2021-09-23 17:18:52", "elapsed": 75.271661, "delta": 0.964524}}
{"target": 0.40683733368300057, "params": {"C": 17.83155289295104, "epsilon": 0.4632143628289275, "gamma": 0.1273833985898748, "lamda": 0.5870839180929864}, "datetime": {"datetime": "2021-09-23 17:18:53", "elapsed": 76.218666, "delta": 0.947005}}
{"target": 0.4182987484647307, "params": {"C": 85.27399863738867, "epsilon": 0.7467072797973269, "gamma": 0.038751472274634734, "lamda": 0.27183514244687507}, "datetime": {"datetime": "2021-09-23 17:18:54", "elapsed": 77.233072, "delta": 1.014406}}
{"target": 0.21948744707008527, "params": {"C": 42.520682985235155, "epsilon": 0.3200108163212812, "gamma": 0.6631423489968546, "lamda": 0.5642789570414575}, "datetime": {"datetime": "2021-09-23 17:18:55", "elapsed": 77.796077, "delta": 0.563005}}
{"target": 0.3763871327964543, "params": {"C": 17.77852528789687, "epsilon": 0.20620465089220158, "gamma": 0.1883294261442855, "lamda": 0.7046900912387096}, "datetime": {"datetime": "2021-09-23 17:18:55", "elapsed": 78.379115, "delta": 0.583038}}
{"target": 0.40317471424962636, "params": {"C": 82.19428955816592, "epsilon": 0.8294882278561966, "gamma": 0.001, "lamda": 0.001}, "datetime": {"datetime": "2021-09-23 17:18:56", "elapsed": 79.384872, "delta": 1.005757}}
{"target": 0.21811015547831736, "params": {"C": 19.040434048739268, "epsilon": 0.4651151718369281, "gamma": 0.48368731436124807, "lamda": 0.25696875239393935}, "datetime": {"datetime": "2021-09-23 17:18:57", "elapsed": 79.963547, "delta": 0.578675}}
{"target": 0.23973727836475678, "params": {"C": 18.624938165971702, "epsilon": 0.598416074752388, "gamma": 0.435348789060616, "lamda": 0.5732586433672597}, "datetime": {"datetime": "2021-09-23 17:18:57", "elapsed": 80.598383, "delta": 0.634836}}
{"target": 0.26126746894557773, "params": {"C": 10.450326536963527, "epsilon": 0.09684949751124707, "gamma": 0.31457063472671154, "lamda": 0.9211168926078511}, "datetime": {"datetime": "2021-09-23 17:18:58", "elapsed": 81.194272, "delta": 0.595889}}
{"target": 0.3530419325464772, "params": {"C": 82.17423100710317, "epsilon": 0.7476180854545379, "gamma": 0.10788140333856809, "lamda": 0.23692656280012456}, "datetime": {"datetime": "2021-09-23 17:18:59", "elapsed": 82.246019, "delta": 1.051747}}
{"target": 0.393697694410747, "params": {"C": 80.68211823582062, "epsilon": 0.46841994557061234, "gamma": 0.001, "lamda": 0.9301000774220373}, "datetime": {"datetime": "2021-09-23 17:19:00", "elapsed": 83.419513, "delta": 1.173494}}
{"target": 0.4048633427356819, "params": {"C": 84.35660727246182, "epsilon": 0.6480523737642772, "gamma": 0.0554163070246865, "lamda": 0.5711492729714865}, "datetime": {"datetime": "2021-09-23 17:19:01", "elapsed": 84.697955, "delta": 1.278442}}
{"target": 0.2690692683175474, "params": {"C": 77.38675478412384, "epsilon": 0.5147697033178859, "gamma": 0.578959867169269, "lamda": 0.366449452944928}, "datetime": {"datetime": "2021-09-23 17:19:02", "elapsed": 85.546721, "delta": 0.848766}}
{"target": 0.3108911106378084, "params": {"C": 84.48727501515245, "epsilon": 0.7397496625431306, "gamma": 0.25573056044359943, "lamda": 0.5829492605620228}, "datetime": {"datetime": "2021-09-23 17:19:04", "elapsed": 87.056243, "delta": 1.509522}}
{"target": 0.41438007387111286, "params": {"C": 74.62877356453357, "epsilon": 0.11709571343138489, "gamma": 0.04889708490404422, "lamda": 0.3971136633090839}, "datetime": {"datetime": "2021-09-23 17:19:05", "elapsed": 87.911248, "delta": 0.855005}}
{"target": 0.3716071917709286, "params": {"C": 84.22999853983679, "epsilon": 0.6782291087987711, "gamma": 0.08559929653988864, "lamda": 0.30221764645463123}, "datetime": {"datetime": "2021-09-23 17:19:06", "elapsed": 89.098005, "delta": 1.186757}}
{"target": 0.4139368852626304, "params": {"C": 74.5369117734727, "epsilon": 0.14358582588218274, "gamma": 0.0475094846131489, "lamda": 0.7074026222142437}, "datetime": {"datetime": "2021-09-23 17:19:07", "elapsed": 90.182735, "delta": 1.08473}}
{"target": 0.2835261659527335, "params": {"C": 82.42128731688952, "epsilon": 0.8846185575323202, "gamma": 0.28115399793145224, "lamda": 0.06826258821498017}, "datetime": {"datetime": "2021-09-23 17:19:08", "elapsed": 91.422952, "delta": 1.240217}}
{"target": 0.15959935187086738, "params": {"C": 6.106055964187432, "epsilon": 0.28814434154181723, "gamma": 0.3776362572936463, "lamda": 0.5568684945474095}, "datetime": {"datetime": "2021-09-23 17:19:09", "elapsed": 92.107951, "delta": 0.684999}}
{"target": 0.4117974550196074, "params": {"C": 85.57925097078565, "epsilon": 0.026472233828164732, "gamma": 0.0464187695750172, "lamda": 0.16132709684639107}, "datetime": {"datetime": "2021-09-23 17:19:10", "elapsed": 93.117655, "delta": 1.009704}}
{"target": 0.23030570267985384, "params": {"C": 57.69763741349548, "epsilon": 0.6102020276493472, "gamma": 0.6910345250242621, "lamda": 0.7199954869223335}, "datetime": {"datetime": "2021-09-23 17:19:10", "elapsed": 93.714298, "delta": 0.596643}}
{"target": 0.4182258035876809, "params": {"C": 74.53566155993623, "epsilon": 0.4270968734060904, "gamma": 0.043296240450106716, "lamda": 0.5845043620475912}, "datetime": {"datetime": "2021-09-23 17:19:12", "elapsed": 94.743256, "delta": 1.028958}}
{"target": 0.1946612205002486, "params": {"C": 73.2216906177962, "epsilon": 0.6280822290931873, "gamma": 0.8389652907768727, "lamda": 0.7584770637688212}, "datetime": {"datetime": "2021-09-23 17:19:12", "elapsed": 95.492779, "delta": 0.749523}}
{"target": 0.39301817383712834, "params": {"C": 74.71333396894862, "epsilon": 0.32471582804830723, "gamma": 0.001, "lamda": 0.719447625334172}, "datetime": {"datetime": "2021-09-23 17:19:14", "elapsed": 97.060788, "delta": 1.568009}}
{"target": 0.4120722754590096, "params": {"C": 18.11355350928658, "epsilon": 0.1779410480578106, "gamma": 0.11849855733765333, "lamda": 0.07077262076446925}, "datetime": {"datetime": "2021-09-23 17:19:15", "elapsed": 98.25979, "delta": 1.199002}}
{"target": 0.2940164746076269, "params": {"C": 74.57881814917096, "epsilon": 0.27263616329900314, "gamma": 0.2793580667483229, "lamda": 0.6350252176821681}, "datetime": {"datetime": "2021-09-23 17:19:17", "elapsed": 100.354767, "delta": 2.094977}}
{"target": 0.39551707803855685, "params": {"C": 74.44612007962903, "epsilon": 0.001, "gamma": 0.001, "lamda": 0.5242389818883801}, "datetime": {"datetime": "2021-09-23 17:19:19", "elapsed": 102.573727, "delta": 2.21896}}
{"target": 0.4210151266590558, "params": {"C": 39.03889426591643, "epsilon": 0.037628967859199225, "gamma": 0.0651832740815793, "lamda": 0.2163924716271495}, "datetime": {"datetime": "2021-09-23 17:19:21", "elapsed": 103.896607, "delta": 1.32288}}
{"target": 0.39886709937332665, "params": {"C": 81.892478147369, "epsilon": 0.9923033680271544, "gamma": 0.001, "lamda": 0.31435053407649427}, "datetime": {"datetime": "2021-09-23 17:19:22", "elapsed": 105.398788, "delta": 1.502181}}
{"target": 0.10954065420805525, "params": {"C": 17.98243205853453, "epsilon": 0.7557623753287526, "gamma": 0.7840452942120285, "lamda": 0.5246168176848163}, "datetime": {"datetime": "2021-09-23 17:19:23", "elapsed": 106.218786, "delta": 0.819998}}
{"target": 0.42796939939672873, "params": {"C": 38.877671515456726, "epsilon": 0.1800930853016728, "gamma": 0.05487570231832428, "lamda": 0.08978607467943699}, "datetime": {"datetime": "2021-09-23 17:19:25", "elapsed": 107.748084, "delta": 1.529298}}
{"target": 0.4402226136436873, "params": {"C": 17.828726671208706, "epsilon": 0.3852320917687881, "gamma": 0.06018757868449459, "lamda": 0.29670816750669654}, "datetime": {"datetime": "2021-09-23 17:19:25", "elapsed": 108.689149, "delta": 0.941065}}
{"target": 0.4057158848018756, "params": {"C": 52.96806538443691, "epsilon": 0.0868073556707848, "gamma": 0.0747988284372967, "lamda": 0.5320497206332722}, "datetime": {"datetime": "2021-09-23 17:19:26", "elapsed": 109.487131, "delta": 0.797982}}
{"target": 0.44599155770415877, "params": {"C": 42.28955544554059, "epsilon": 0.7175928531535739, "gamma": 0.009309118027248531, "lamda": 0.3639292252009501}, "datetime": {"datetime": "2021-09-23 17:19:27", "elapsed": 110.317859, "delta": 0.830728}}
{"target": 0.32393414067929993, "params": {"C": 42.179243547545624, "epsilon": 0.7282448084673123, "gamma": 0.3021398580019424, "lamda": 0.48898960320575724}, "datetime": {"datetime": "2021-09-23 17:19:30", "elapsed": 112.823324, "delta": 2.505465}}
{"target": 0.18228969678588014, "params": {"C": 39.31059276898358, "epsilon": 0.6014178103052841, "gamma": 0.7623859374850805, "lamda": 0.3747911395880892}, "datetime": {"datetime": "2021-09-23 17:19:31", "elapsed": 113.809619, "delta": 0.986295}}
{"target": 0.33776285189603106, "params": {"C": 42.339793830793, "epsilon": 0.7054282328620806, "gamma": 0.001, "lamda": 0.5552753861026076}, "datetime": {"datetime": "2021-09-23 17:19:32", "elapsed": 115.546694, "delta": 1.737075}}
{"target": 0.15125096348522415, "params": {"C": 53.8894156797455, "epsilon": 0.3594127002121014, "gamma": 0.9830708787599032, "lamda": 0.030165375551154745}, "datetime": {"datetime": "2021-09-23 17:19:34", "elapsed": 116.752834, "delta": 1.20614}}
{"target": 0.2525977483402586, "params": {"C": 56.277095644910624, "epsilon": 0.18185701113317787, "gamma": 0.6187626150865873, "lamda": 0.08244180592286447}, "datetime": {"datetime": "2021-09-23 17:19:35", "elapsed": 118.173009, "delta": 1.420175}}
{"target": 0.3300023026498855, "params": {"C": 38.80197158988627, "epsilon": 0.001, "gamma": 0.001, "lamda": 0.2165286194552038}, "datetime": {"datetime": "2021-09-23 17:19:38", "elapsed": 120.845105, "delta": 2.672096}}
{"target": 0.43389231322797184, "params": {"C": 74.44946580720968, "epsilon": 0.3324061334122105, "gamma": 0.01778747335599417, "lamda": 0.4206711361289223}, "datetime": {"datetime": "2021-09-23 17:19:39", "elapsed": 122.490965, "delta": 1.64586}}
{"target": 0.347802091210764, "params": {"C": 39.10649137272324, "epsilon": 0.14357501052677057, "gamma": 0.22569302021565277, "lamda": 0.03842699795965749}, "datetime": {"datetime": "2021-09-23 17:19:41", "elapsed": 123.97995, "delta": 1.488985}}
{"target": 0.39395412749645764, "params": {"C": 74.32787764379825, "epsilon": 0.2800278119974106, "gamma": 0.001, "lamda": 0.6095245966740189}, "datetime": {"datetime": "2021-09-23 17:19:42", "elapsed": 125.614358, "delta": 1.634408}}
{"target": 0.3947750385362955, "params": {"C": 74.36229469766694, "epsilon": 0.15045446019162528, "gamma": 0.001, "lamda": 0.2639633453689641}, "datetime": {"datetime": "2021-09-23 17:19:45", "elapsed": 127.765382, "delta": 2.151024}}
{"target": 0.43148693103574454, "params": {"C": 17.85601219155364, "epsilon": 0.3873105459477818, "gamma": 0.07919612711846356, "lamda": 0.24432436451989098}, "datetime": {"datetime": "2021-09-23 17:19:46", "elapsed": 128.779723, "delta": 1.014341}}
{"target": 0.16383826696013426, "params": {"C": 21.76906791875486, "epsilon": 0.15401791106695792, "gamma": 0.6514695520670818, "lamda": 0.3638636210514096}, "datetime": {"datetime": "2021-09-23 17:19:47", "elapsed": 129.816813, "delta": 1.03709}}
{"target": 0.40505940456584477, "params": {"C": 85.02562377803959, "epsilon": 0.6118151911466764, "gamma": 0.051377701720412644, "lamda": 0.3207895583294224}, "datetime": {"datetime": "2021-09-23 17:19:49", "elapsed": 132.105352, "delta": 2.288539}}
{"target": 0.2808833537899206, "params": {"C": 61.15134432797148, "epsilon": 0.6875313504015678, "gamma": 0.511844855864706, "lamda": 0.4578645052677612}, "datetime": {"datetime": "2021-09-23 17:19:50", "elapsed": 133.173176, "delta": 1.067824}}
{"target": 0.3383346706336965, "params": {"C": 42.123445129694474, "epsilon": 0.714739267826237, "gamma": 0.001, "lamda": 0.4519228092789609}, "datetime": {"datetime": "2021-09-23 17:19:52", "elapsed": 135.078354, "delta": 1.905178}}
{"target": 0.4358490387600088, "params": {"C": 39.0039938498111, "epsilon": 0.34773208025166474, "gamma": 0.03501355600115702, "lamda": 0.22261704183435102}, "datetime": {"datetime": "2021-09-23 17:19:54", "elapsed": 137.085041, "delta": 2.006687}}
{"target": 0.3677744427764381, "params": {"C": 38.90010295475799, "epsilon": 0.3118627788966029, "gamma": 0.15278588203498084, "lamda": 0.4694805839175247}, "datetime": {"datetime": "2021-09-23 17:19:56", "elapsed": 139.081486, "delta": 1.996445}}
{"target": 0.34868782459743064, "params": {"C": 38.90477727748848, "epsilon": 0.30996040862902885, "gamma": 0.21711416567837957, "lamda": 0.22889404492922008}, "datetime": {"datetime": "2021-09-23 17:19:58", "elapsed": 141.663719, "delta": 2.582233}}
{"target": 0.2785099472145084, "params": {"C": 75.30784680062835, "epsilon": 0.41416317679658043, "gamma": 0.5291570239885123, "lamda": 0.7304198803055091}, "datetime": {"datetime": "2021-09-23 17:20:00", "elapsed": 142.784307, "delta": 1.120588}}
{"target": 0.43026823258820246, "params": {"C": 39.34799577484553, "epsilon": 0.18829976722825467, "gamma": 0.04703597886978094, "lamda": 0.33793188458001777}, "datetime": {"datetime": "2021-09-23 17:20:01", "elapsed": 144.598036, "delta": 1.813729}}
{"target": 0.43306222147197115, "params": {"C": 39.039302353170015, "epsilon": 0.283746789250444, "gamma": 0.04472081268136364, "lamda": 0.01704906272913877}, "datetime": {"datetime": "2021-09-23 17:20:03", "elapsed": 146.714817, "delta": 2.116781}}
{"target": 0.40013395185985334, "params": {"C": 76.88107644616058, "epsilon": 0.5179667760873095, "gamma": 0.06613630562421209, "lamda": 0.963579931978039}, "datetime": {"datetime": "2021-09-23 17:20:04", "elapsed": 147.700658, "delta": 0.985841}}
{"target": 0.39428661695433787, "params": {"C": 74.58526184064354, "epsilon": 0.530210893955168, "gamma": 0.001, "lamda": 0.3213215397568245}, "datetime": {"datetime": "2021-09-23 17:20:08", "elapsed": 150.844794, "delta": 3.144136}}
{"target": 0.4376412015920186, "params": {"C": 39.22134655463074, "epsilon": 0.28543224710525744, "gamma": 0.02794040060646289, "lamda": 0.22418842361453634}, "datetime": {"datetime": "2021-09-23 17:20:10", "elapsed": 152.862486, "delta": 2.017692}}
{"target": 0.44873254525049844, "params": {"C": 80.68035769172528, "epsilon": 0.9540561435900619, "gamma": 0.012724661777613187, "lamda": 0.763324706558591}, "datetime": {"datetime": "2021-09-23 17:20:11", "elapsed": 154.103426, "delta": 1.24094}}
{"target": 0.40764558196057143, "params": {"C": 39.18264752156126, "epsilon": 0.3471861109851041, "gamma": 0.08605353579191552, "lamda": 0.39611657844021014}, "datetime": {"datetime": "2021-09-23 17:20:13", "elapsed": 155.822378, "delta": 1.718952}}
{"target": 0.33335852684533773, "params": {"C": 39.4610546388755, "epsilon": 0.41959645127495687, "gamma": 0.001, "lamda": 0.27364793485954503}, "datetime": {"datetime": "2021-09-23 17:20:14", "elapsed": 157.174778, "delta": 1.3524}}
{"target": 0.4136783696712558, "params": {"C": 39.076242474513684, "epsilon": 0.029104214920257592, "gamma": 0.07738950548260148, "lamda": 0.4768844615970167}, "datetime": {"datetime": "2021-09-23 17:20:17", "elapsed": 159.831664, "delta": 2.656886}}
{"target": 0.368140421695055, "params": {"C": 85.1395658780901, "epsilon": 0.8894638270999241, "gamma": 0.09521246578190218, "lamda": 0.48090018042964944}, "datetime": {"datetime": "2021-09-23 17:20:18", "elapsed": 161.370751, "delta": 1.539087}}
{"target": 0.4246308717248417, "params": {"C": 39.28543668650415, "epsilon": 0.01637387008509935, "gamma": 0.0586229611358456, "lamda": 0.6112126584276348}, "datetime": {"datetime": "2021-09-23 17:20:21", "elapsed": 164.018053, "delta": 2.647302}}
{"target": 0.31199860897038756, "params": {"C": 65.15132143374754, "epsilon": 0.6859719507422816, "gamma": 0.3462552935114826, "lamda": 0.8620245041758194}, "datetime": {"datetime": "2021-09-23 17:20:22", "elapsed": 165.568667, "delta": 1.550614}}
{"target": 0.42267879593589, "params": {"C": 85.38144573304403, "epsilon": 0.10122312832373632, "gamma": 0.030228434014063204, "lamda": 0.3458696555030749}, "datetime": {"datetime": "2021-09-23 17:20:25", "elapsed": 167.765866, "delta": 2.197199}}
{"target": 0.3483433903825678, "params": {"C": 85.42586694671883, "epsilon": 0.2893956122892173, "gamma": 0.10950220716034452, "lamda": 0.4675036795819071}, "datetime": {"datetime": "2021-09-23 17:20:27", "elapsed": 170.218789, "delta": 2.452923}}
{"target": 0.32938958544564456, "params": {"C": 39.296291609418105, "epsilon": 0.1456032844728536, "gamma": 0.2863300848645722, "lamda": 0.6142083610700644}, "datetime": {"datetime": "2021-09-23 17:20:29", "elapsed": 172.589422, "delta": 2.370633}}
{"target": 0.23870228992354803, "params": {"C": 84.59291468449432, "epsilon": 0.6460983327828679, "gamma": 0.686952596543472, "lamda": 0.6368865850347535}, "datetime": {"datetime": "2021-09-23 17:20:30", "elapsed": 173.602487, "delta": 1.013065}}
{"target": 0.32794841963360855, "params": {"C": 53.177460215595495, "epsilon": 0.014688976188789536, "gamma": 0.21470368596827424, "lamda": 0.5168606354706129}, "datetime": {"datetime": "2021-09-23 17:20:33", "elapsed": 176.203404, "delta": 2.600917}}
{"target": 0.43672863293917363, "params": {"C": 21.10523117485861, "epsilon": 0.0013336465757870285, "gamma": 0.06619938911139095, "lamda": 0.6849070130248912}, "datetime": {"datetime": "2021-09-23 17:20:34", "elapsed": 177.347046, "delta": 1.143642}}
{"target": 0.4196181931901707, "params": {"C": 20.87573161382275, "epsilon": 0.028817714305593878, "gamma": 0.09834214508521379, "lamda": 0.8226024030295069}, "datetime": {"datetime": "2021-09-23 17:20:36", "elapsed": 179.13801, "delta": 1.790964}}
{"target": 0.19402621835538825, "params": {"C": 27.315235005265542, "epsilon": 0.7247272878091027, "gamma": 0.6309494518299218, "lamda": 0.6887091372061988}, "datetime": {"datetime": "2021-09-23 17:20:37", "elapsed": 180.493723, "delta": 1.355713}}
{"target": 0.37368025355911827, "params": {"C": 21.097507857911616, "epsilon": 0.032775784592923095, "gamma": 0.19425109790723843, "lamda": 0.9647212545979502}, "datetime": {"datetime": "2021-09-23 17:20:40", "elapsed": 182.843017, "delta": 2.349294}}
{"target": 0.33874988017571583, "params": {"C": 21.13145465445015, "epsilon": 0.12459636739712711, "gamma": 0.27614219767456455, "lamda": 0.5236918339694303}, "datetime": {"datetime": "2021-09-23 17:20:42", "elapsed": 185.000632, "delta": 2.157615}}
{"target": 0.334310632282919, "params": {"C": 87.42480470408577, "epsilon": 0.09182492680201747, "gamma": 0.1244392914836379, "lamda": 0.700697789074541}, "datetime": {"datetime": "2021-09-23 17:20:43", "elapsed": 186.115448, "delta": 1.114816}}
{"target": 0.35791632452892574, "params": {"C": 59.055621373457114, "epsilon": 0.466962667851323, "gamma": 0.13382778289173444, "lamda": 0.9026239698416765}, "datetime": {"datetime": "2021-09-23 17:20:44", "elapsed": 187.062047, "delta": 0.946599}}
{"target": 0.33193383001779075, "params": {"C": 39.16039424306943, "epsilon": 0.21389127388088475, "gamma": 0.001, "lamda": 0.6198585067688027}, "datetime": {"datetime": "2021-09-23 17:20:46", "elapsed": 189.727825, "delta": 2.665778}}
{"target": 0.24110615484533493, "params": {"C": 21.028527479800044, "epsilon": 0.21358600049755563, "gamma": 0.001, "lamda": 0.7607471752274181}, "datetime": {"datetime": "2021-09-23 17:20:49", "elapsed": 192.295901, "delta": 2.568076}}
{"target": 0.2879012099077103, "params": {"C": 85.73952049346146, "epsilon": 0.033289431130212925, "gamma": 0.2191358713146313, "lamda": 0.38201529023023184}, "datetime": {"datetime": "2021-09-23 17:20:51", "elapsed": 194.246071, "delta": 1.95017}}
{"target": 0.2869897120144653, "params": {"C": 85.34817544292115, "epsilon": 0.028776235472043082, "gamma": 0.2251763491462999, "lamda": 0.044877778745306525}, "datetime": {"datetime": "2021-09-23 17:20:53", "elapsed": 195.999474, "delta": 1.753403}}
