{"target": 0.42886579084777054, "params": {"C": 59.265475044557846, "epsilon": 0.07034560998847579, "gamma": 0.03289236827288315, "lamda": 0.05703682928359296}, "datetime": {"datetime": "2021-09-23 18:08:46", "elapsed": 330.754949, "delta": 1.367668}}
{"target": 0.4335589779720427, "params": {"C": 59.10313649345704, "epsilon": 0.37912720607489603, "gamma": 0.02340389034866758, "lamda": 0.07153856216154382}, "datetime": {"datetime": "2021-09-23 18:08:49", "elapsed": 333.622513, "delta": 2.867564}}
{"target": 0.44318865313486433, "params": {"C": 59.44814472433979, "epsilon": 0.2048576118415141, "gamma": 0.008278522115464287, "lamda": 0.4047278483657763}, "datetime": {"datetime": "2021-09-23 18:08:52", "elapsed": 336.375379, "delta": 2.752866}}
{"target": 0.4273589154639267, "params": {"C": 59.116724677664614, "epsilon": 0.2634513647273986, "gamma": 0.038012474565159986, "lamda": 0.3950998356537047}, "datetime": {"datetime": "2021-09-23 18:08:55", "elapsed": 339.297146, "delta": 2.921767}}
{"target": 0.4430674933762212, "params": {"C": 41.31822653770701, "epsilon": 0.19752115934239692, "gamma": 0.017292551450181524, "lamda": 0.7515953981848158}, "datetime": {"datetime": "2021-09-23 18:08:56", "elapsed": 340.357145, "delta": 1.059999}}
{"target": 0.4338845045835621, "params": {"C": 59.531784086797856, "epsilon": 0.3285201639262169, "gamma": 0.021220346587704934, "lamda": 0.09540605015717445}, "datetime": {"datetime": "2021-09-23 18:08:59", "elapsed": 343.161711, "delta": 2.804566}}
{"target": 0.3763822653968194, "params": {"C": 58.58852174204268, "epsilon": 0.18421894820842857, "gamma": 0.001, "lamda": 0.4052318779683151}, "datetime": {"datetime": "2021-09-23 18:09:01", "elapsed": 345.92175, "delta": 2.760039}}
{"target": 0.43967845187319743, "params": {"C": 16.62292449372572, "epsilon": 0.005131190131121997, "gamma": 0.0646612855280507, "lamda": 0.9733052174306327}, "datetime": {"datetime": "2021-09-23 18:09:04", "elapsed": 348.603712, "delta": 2.681962}}
{"target": 0.43848441753403367, "params": {"C": 83.18698209013516, "epsilon": 0.7687714597963323, "gamma": 0.011495148600549851, "lamda": 0.3075462628736552}, "datetime": {"datetime": "2021-09-23 18:09:07", "elapsed": 351.804811, "delta": 3.201099}}
{"target": 0.41640655039471175, "params": {"C": 38.68508771467862, "epsilon": 0.003927584342960105, "gamma": 0.07252095967505731, "lamda": 0.6537362799902771}, "datetime": {"datetime": "2021-09-23 18:09:10", "elapsed": 354.359809, "delta": 2.554998}}
{"target": 0.44241815037898324, "params": {"C": 18.778931357608684, "epsilon": 0.8001512603773805, "gamma": 0.01696647764095529, "lamda": 0.04402246691989965}, "datetime": {"datetime": "2021-09-23 18:09:11", "elapsed": 355.843773, "delta": 1.483964}}
{"target": 0.4186478140219898, "params": {"C": 29.20923101179329, "epsilon": 0.5923465223124296, "gamma": 0.08, "lamda": 0.6833425081639032}, "datetime": {"datetime": "2021-09-23 18:09:16", "elapsed": 360.234619, "delta": 4.390846}}
{"target": 0.440551855499428, "params": {"C": 43.323235120536495, "epsilon": 0.4744114976746893, "gamma": 0.02555869716947796, "lamda": 0.9977585199261233}, "datetime": {"datetime": "2021-09-23 18:09:18", "elapsed": 362.509867, "delta": 2.275248}}
{"target": 0.2979560777246464, "params": {"C": 30.59855091062089, "epsilon": 0.19904242834373378, "gamma": 0.001, "lamda": 0.9247577796196115}, "datetime": {"datetime": "2021-09-23 18:09:20", "elapsed": 365.026721, "delta": 2.516854}}
{"target": 0.42092160515200194, "params": {"C": 30.3704699702217, "epsilon": 0.8603085404084261, "gamma": 0.07415178079080663, "lamda": 0.9720153435126624}, "datetime": {"datetime": "2021-09-23 18:09:23", "elapsed": 367.702628, "delta": 2.675907}}
{"target": 0.44221896412258177, "params": {"C": 83.49025371989116, "epsilon": 0.7846672851573858, "gamma": 0.008182430561126323, "lamda": 0.060942844410945725}, "datetime": {"datetime": "2021-09-23 18:09:25", "elapsed": 370.120263, "delta": 2.417635}}
{"target": 0.4402117110297723, "params": {"C": 26.487196733421282, "epsilon": 0.3660863867286187, "gamma": 0.037511204137630455, "lamda": 0.9915149564255953}, "datetime": {"datetime": "2021-09-23 18:09:28", "elapsed": 372.894655, "delta": 2.774392}}
{"target": 0.428915801169654, "params": {"C": 18.979152809781382, "epsilon": 1.0, "gamma": 0.08, "lamda": 0.792862194375879}, "datetime": {"datetime": "2021-09-23 18:09:30", "elapsed": 374.854741, "delta": 1.960086}}
{"target": 0.44034531983549496, "params": {"C": 83.43820428861648, "epsilon": 0.45966616370032903, "gamma": 0.009225522556532358, "lamda": 0.2495171237298724}, "datetime": {"datetime": "2021-09-23 18:09:33", "elapsed": 377.595588, "delta": 2.740847}}
{"target": 0.4110745919801807, "params": {"C": 93.0237486425803, "epsilon": 0.5530863573098919, "gamma": 0.04268613149984707, "lamda": 0.281918715278068}, "datetime": {"datetime": "2021-09-23 18:09:34", "elapsed": 378.868399, "delta": 1.272811}}
{"target": 0.40362329065699853, "params": {"C": 83.13975578378194, "epsilon": 0.5542217633217724, "gamma": 0.001, "lamda": 0.001}, "datetime": {"datetime": "2021-09-23 18:09:37", "elapsed": 382.043261, "delta": 3.174862}}
{"target": 0.39844833134830326, "params": {"C": 32.095316050417836, "epsilon": 0.9834082871638468, "gamma": 0.002568171435140434, "lamda": 0.7178863977263992}, "datetime": {"datetime": "2021-09-23 18:09:39", "elapsed": 383.434477, "delta": 1.391216}}
{"target": 0.41451909506611495, "params": {"C": 83.34475877106361, "epsilon": 0.653527610254288, "gamma": 0.046059146156388814, "lamda": 0.645739638651033}, "datetime": {"datetime": "2021-09-23 18:09:42", "elapsed": 386.439419, "delta": 3.004942}}
{"target": 0.4001683886010724, "params": {"C": 83.89421077055692, "epsilon": 0.7684199225286996, "gamma": 0.05901109499451543, "lamda": 0.08806300914079042}, "datetime": {"datetime": "2021-09-23 18:09:46", "elapsed": 390.226318, "delta": 3.786899}}
{"target": 0.4321221449970776, "params": {"C": 99.96527568985799, "epsilon": 0.6181770742064845, "gamma": 0.030234940793775165, "lamda": 0.9513216707028562}, "datetime": {"datetime": "2021-09-23 18:09:47", "elapsed": 391.498142, "delta": 1.271824}}
{"target": 0.40456674005916193, "params": {"C": 99.77481313198703, "epsilon": 0.37326808556205343, "gamma": 0.04922359601396445, "lamda": 0.7513708219533567}, "datetime": {"datetime": "2021-09-23 18:09:50", "elapsed": 394.448585, "delta": 2.950443}}
{"target": 0.44705452343335284, "params": {"C": 17.537430453800535, "epsilon": 0.5133008519023177, "gamma": 0.029314067278978433, "lamda": 0.05241022444716641}, "datetime": {"datetime": "2021-09-23 18:09:51", "elapsed": 395.794433, "delta": 1.345848}}
{"target": 0.42068970774888914, "params": {"C": 99.04751612800811, "epsilon": 0.9073606546182439, "gamma": 0.033360827740187546, "lamda": 0.23156425085197116}, "datetime": {"datetime": "2021-09-23 18:09:53", "elapsed": 397.483655, "delta": 1.689222}}
{"target": 0.3771822135485178, "params": {"C": 59.28720408769059, "epsilon": 0.049381275549279464, "gamma": 0.001, "lamda": 0.780922108419958}, "datetime": {"datetime": "2021-09-23 18:09:56", "elapsed": 400.352018, "delta": 2.868363}}
{"target": 0.4123220129632391, "params": {"C": 62.43853545561671, "epsilon": 0.7245570536719561, "gamma": 0.054415092804407574, "lamda": 0.3578708922553245}, "datetime": {"datetime": "2021-09-23 18:09:58", "elapsed": 402.6455, "delta": 2.293482}}
{"target": 0.39872750324374984, "params": {"C": 64.82914024759594, "epsilon": 0.11222560368490604, "gamma": 0.07265537424861353, "lamda": 0.3743266280734886}, "datetime": {"datetime": "2021-09-23 18:10:00", "elapsed": 404.153021, "delta": 1.507521}}
{"target": 0.43942475848562346, "params": {"C": 30.658043369751326, "epsilon": 0.5339173162333314, "gamma": 0.03506051874362049, "lamda": 0.5477120492989188}, "datetime": {"datetime": "2021-09-23 18:10:02", "elapsed": 407.023626, "delta": 2.870605}}
{"target": 0.43656845458579496, "params": {"C": 33.83160554838942, "epsilon": 0.6351378927210649, "gamma": 0.039657195316202015, "lamda": 0.6713443398065204}, "datetime": {"datetime": "2021-09-23 18:10:05", "elapsed": 409.682372, "delta": 2.658746}}
{"target": 0.433869993125659, "params": {"C": 6.411002724942238, "epsilon": 0.7540061679985295, "gamma": 0.05236860497877885, "lamda": 0.8887956157991952}, "datetime": {"datetime": "2021-09-23 18:10:06", "elapsed": 411.004167, "delta": 1.321795}}
{"target": 0.44277957943979596, "params": {"C": 33.72897298516149, "epsilon": 0.9977383861728255, "gamma": 0.006614333656229478, "lamda": 0.49833989835025594}, "datetime": {"datetime": "2021-09-23 18:10:09", "elapsed": 413.64015, "delta": 2.635983}}
{"target": 0.39350891274953825, "params": {"C": 4.513127218362786, "epsilon": 0.5127968986460529, "gamma": 0.07528394835759163, "lamda": 0.6903091676114822}, "datetime": {"datetime": "2021-09-23 18:10:10", "elapsed": 414.953647, "delta": 1.313497}}
{"target": 0.44552737169400125, "params": {"C": 33.65959605476939, "epsilon": 0.7138783134293689, "gamma": 0.01411674741221041, "lamda": 0.32445339424339187}, "datetime": {"datetime": "2021-09-23 18:10:14", "elapsed": 418.545882, "delta": 3.592235}}
{"target": 0.37860755300779425, "params": {"C": 91.57263322529647, "epsilon": 0.8053927304202613, "gamma": 0.07194078660424842, "lamda": 0.1512610939776982}, "datetime": {"datetime": "2021-09-23 18:10:15", "elapsed": 420.023238, "delta": 1.477356}}
{"target": 0.42732063377099216, "params": {"C": 33.87484215229554, "epsilon": 0.8217845902126446, "gamma": 0.062274777615201296, "lamda": 0.02747657271506834}, "datetime": {"datetime": "2021-09-23 18:10:19", "elapsed": 423.40572, "delta": 3.382482}}
{"target": 0.42652485391425954, "params": {"C": 33.9143447395562, "epsilon": 0.4306039612355114, "gamma": 0.06083730623869456, "lamda": 0.29677752396134993}, "datetime": {"datetime": "2021-09-23 18:10:22", "elapsed": 426.713662, "delta": 3.307942}}
{"target": 0.44069697537471164, "params": {"C": 16.03696050737163, "epsilon": 0.9981866111270923, "gamma": 0.056281017516483685, "lamda": 0.9411699123157242}, "datetime": {"datetime": "2021-09-23 18:10:25", "elapsed": 429.591922, "delta": 2.87826}}
{"target": 0.44482060864595974, "params": {"C": 25.634859095681197, "epsilon": 0.745055284106749, "gamma": 0.026284603957341023, "lamda": 0.6078998447247331}, "datetime": {"datetime": "2021-09-23 18:10:28", "elapsed": 432.926974, "delta": 3.335052}}
{"target": 0.4251667396106149, "params": {"C": 25.833473850139136, "epsilon": 0.4899725627399949, "gamma": 0.07532528647986585, "lamda": 0.42305045119422413}, "datetime": {"datetime": "2021-09-23 18:10:32", "elapsed": 436.797026, "delta": 3.870052}}
{"target": 0.43433019410015183, "params": {"C": 85.98894894206703, "epsilon": 0.9728395764941067, "gamma": 0.022889157632067357, "lamda": 0.40295352457972017}, "datetime": {"datetime": "2021-09-23 18:10:34", "elapsed": 438.566323, "delta": 1.769297}}
{"target": 0.4315688848491761, "params": {"C": 18.897453174956507, "epsilon": 0.5372409523629754, "gamma": 0.08, "lamda": 0.001}, "datetime": {"datetime": "2021-09-23 18:10:38", "elapsed": 442.947226, "delta": 4.380903}}
{"target": 0.43929151954573353, "params": {"C": 34.123923285151626, "epsilon": 0.9577647870478884, "gamma": 0.0379767277841329, "lamda": 0.7406300091049441}, "datetime": {"datetime": "2021-09-23 18:10:42", "elapsed": 446.875315, "delta": 3.928089}}
{"target": 0.20128789300240923, "params": {"C": 16.197674344949753, "epsilon": 0.944822598725281, "gamma": 0.001, "lamda": 0.6079683698269914}, "datetime": {"datetime": "2021-09-23 18:10:47", "elapsed": 451.15994, "delta": 4.284625}}
{"target": 0.4314582588714937, "params": {"C": 16.070613545724868, "epsilon": 0.7230913377239518, "gamma": 0.08, "lamda": 1.0}, "datetime": {"datetime": "2021-09-23 18:10:49", "elapsed": 454.052973, "delta": 2.893033}}
{"target": 0.4230764471129612, "params": {"C": 25.504229718365224, "epsilon": 0.5947016070622438, "gamma": 0.07839136901836617, "lamda": 0.8720397320200494}, "datetime": {"datetime": "2021-09-23 18:10:52", "elapsed": 457.062983, "delta": 3.01001}}
{"target": 0.41494156377804636, "params": {"C": 33.521903329204136, "epsilon": 0.7787789269873352, "gamma": 0.07772985312897378, "lamda": 0.638323454092017}, "datetime": {"datetime": "2021-09-23 18:10:55", "elapsed": 459.821027, "delta": 2.758044}}
{"target": 0.44466779520820976, "params": {"C": 34.16138940256804, "epsilon": 0.5306800442664558, "gamma": 0.01854366979671558, "lamda": 0.7362235126322271}, "datetime": {"datetime": "2021-09-23 18:10:58", "elapsed": 462.779078, "delta": 2.958051}}
{"target": 0.42937651424214784, "params": {"C": 31.34215591980088, "epsilon": 0.5091623683942891, "gamma": 0.057400548930956204, "lamda": 0.41099030595060465}, "datetime": {"datetime": "2021-09-23 18:11:01", "elapsed": 465.778199, "delta": 2.999121}}
{"target": 0.4339003332447118, "params": {"C": 14.78327946963355, "epsilon": 0.19656889274349798, "gamma": 0.07460242705560598, "lamda": 0.9328063097405899}, "datetime": {"datetime": "2021-09-23 18:11:05", "elapsed": 469.442105, "delta": 3.663906}}
{"target": 0.444225761740642, "params": {"C": 30.212670222679932, "epsilon": 0.7070999566819413, "gamma": 0.02332539557402078, "lamda": 0.6804530187284475}, "datetime": {"datetime": "2021-09-23 18:11:08", "elapsed": 472.743607, "delta": 3.301502}}
{"target": 0.19522940033600433, "params": {"C": 15.545424133876534, "epsilon": 0.6151043137883807, "gamma": 0.001, "lamda": 0.6794487059537407}, "datetime": {"datetime": "2021-09-23 18:11:12", "elapsed": 476.437493, "delta": 3.693886}}
{"target": 0.4388212207609691, "params": {"C": 25.876517496604663, "epsilon": 0.9570840614799618, "gamma": 0.04320143817440281, "lamda": 0.5543858431683907}, "datetime": {"datetime": "2021-09-23 18:11:15", "elapsed": 479.20993, "delta": 2.772437}}
{"target": 0.43228022015909895, "params": {"C": 46.4561560856664, "epsilon": 0.47841399562921433, "gamma": 0.03777281609896039, "lamda": 0.6363153628265641}, "datetime": {"datetime": "2021-09-23 18:11:16", "elapsed": 480.657114, "delta": 1.447184}}
{"target": 0.42721396088931607, "params": {"C": 34.41454892757055, "epsilon": 0.6573244697339113, "gamma": 0.05913604876064912, "lamda": 0.9375053015855391}, "datetime": {"datetime": "2021-09-23 18:11:19", "elapsed": 483.296687, "delta": 2.639573}}
{"target": 0.43473428564820127, "params": {"C": 16.01224222931475, "epsilon": 0.38586066313372214, "gamma": 0.07209227258745485, "lamda": 0.6231189200399195}, "datetime": {"datetime": "2021-09-23 18:11:22", "elapsed": 486.532932, "delta": 3.236245}}
{"target": 0.43528716395011213, "params": {"C": 18.486711928308385, "epsilon": 0.01564892411880537, "gamma": 0.07292967095356115, "lamda": 0.4534273451663848}, "datetime": {"datetime": "2021-09-23 18:11:24", "elapsed": 489.09337, "delta": 2.560438}}
{"target": 0.4281245669757302, "params": {"C": 33.513457864570654, "epsilon": 0.978562409263495, "gamma": 0.056535786510425685, "lamda": 0.2270824017742112}, "datetime": {"datetime": "2021-09-23 18:11:28", "elapsed": 492.590959, "delta": 3.497589}}
{"target": 0.4473865057385181, "params": {"C": 34.05275860293493, "epsilon": 0.7439245509916435, "gamma": 0.009652662666281519, "lamda": 0.9835349041365352}, "datetime": {"datetime": "2021-09-23 18:11:31", "elapsed": 495.865781, "delta": 3.274822}}
{"target": 0.1593103363241093, "params": {"C": 12.02581164181897, "epsilon": 0.4825560332723525, "gamma": 0.001, "lamda": 0.6924995168099511}, "datetime": {"datetime": "2021-09-23 18:11:34", "elapsed": 498.440634, "delta": 2.574853}}
{"target": 0.4253045605542263, "params": {"C": 33.94314527356414, "epsilon": 0.3655844926022799, "gamma": 0.06016935203914069, "lamda": 0.95381680017513}, "datetime": {"datetime": "2021-09-23 18:11:37", "elapsed": 501.428021, "delta": 2.987387}}
{"target": 0.37511339373668107, "params": {"C": 59.37605283027688, "epsilon": 0.5416832834670262, "gamma": 0.001, "lamda": 0.341718505888396}, "datetime": {"datetime": "2021-09-23 18:11:41", "elapsed": 505.158373, "delta": 3.730352}}
{"target": 0.44343509358549527, "params": {"C": 25.591056809761874, "epsilon": 0.9908137480007327, "gamma": 0.009122058684193014, "lamda": 0.9070288999533372}, "datetime": {"datetime": "2021-09-23 18:11:44", "elapsed": 508.622247, "delta": 3.463874}}
{"target": 0.34162640237454256, "params": {"C": 42.93127423699377, "epsilon": 0.28770743902937485, "gamma": 0.001, "lamda": 0.758116222395614}, "datetime": {"datetime": "2021-09-23 18:11:48", "elapsed": 512.488297, "delta": 3.86605}}
{"target": 0.4344243633917543, "params": {"C": 12.273847267375041, "epsilon": 0.33613278016943454, "gamma": 0.07832296551883323, "lamda": 0.9849357577005021}, "datetime": {"datetime": "2021-09-23 18:11:51", "elapsed": 515.972472, "delta": 3.484175}}
{"target": 0.44133261052949535, "params": {"C": 16.7632712676629, "epsilon": 0.0037843268534163525, "gamma": 0.05691525553921584, "lamda": 0.256773372465543}, "datetime": {"datetime": "2021-09-23 18:11:55", "elapsed": 519.295294, "delta": 3.322822}}
{"target": 0.4259871745146382, "params": {"C": 42.352350514632676, "epsilon": 0.3059719128454369, "gamma": 0.05078919887692751, "lamda": 0.5533994181209835}, "datetime": {"datetime": "2021-09-23 18:11:59", "elapsed": 523.349563, "delta": 4.054269}}
{"target": 0.4449080623074477, "params": {"C": 35.23348238493596, "epsilon": 0.93058922305634, "gamma": 0.007401760569396642, "lamda": 0.9816183495801062}, "datetime": {"datetime": "2021-09-23 18:12:02", "elapsed": 526.449881, "delta": 3.100318}}
{"target": 0.43890108274427575, "params": {"C": 16.68792684491995, "epsilon": 0.8162520427464101, "gamma": 0.059442068232450324, "lamda": 0.9922713051547519}, "datetime": {"datetime": "2021-09-23 18:12:05", "elapsed": 529.830033, "delta": 3.380152}}
{"target": 0.36734509214824695, "params": {"C": 98.19190554254673, "epsilon": 0.7102332511280307, "gamma": 0.07881168368825821, "lamda": 0.07037838311297191}, "datetime": {"datetime": "2021-09-23 18:12:07", "elapsed": 531.354172, "delta": 1.524139}}
{"target": 0.341347636393181, "params": {"C": 18.868873974713345, "epsilon": 0.7563269930294888, "gamma": 0.0022946790132645297, "lamda": 0.4597590816355444}, "datetime": {"datetime": "2021-09-23 18:12:08", "elapsed": 532.799017, "delta": 1.444845}}
{"target": 0.44028623070821804, "params": {"C": 58.84452730327561, "epsilon": 0.1083311272334321, "gamma": 0.01387860773270472, "lamda": 0.8583957948426326}, "datetime": {"datetime": "2021-09-23 18:12:10", "elapsed": 535.086957, "delta": 2.28794}}
{"target": 0.4456506586028507, "params": {"C": 18.87681903636354, "epsilon": 0.6658753194623492, "gamma": 0.03792611249876315, "lamda": 0.47275152715565555}, "datetime": {"datetime": "2021-09-23 18:12:13", "elapsed": 537.416232, "delta": 2.329275}}
{"target": 0.412233180956425, "params": {"C": 18.47957133315814, "epsilon": 0.026220174625643394, "gamma": 0.005423652750110978, "lamda": 0.6887577882060016}, "datetime": {"datetime": "2021-09-23 18:12:15", "elapsed": 539.975632, "delta": 2.5594}}
{"target": 0.3755963677149229, "params": {"C": 94.25920222542958, "epsilon": 0.7815335066266509, "gamma": 0.07941545765962423, "lamda": 0.31762238022015077}, "datetime": {"datetime": "2021-09-23 18:12:17", "elapsed": 541.515422, "delta": 1.53979}}
{"target": 0.4272136672788861, "params": {"C": 96.36784022855684, "epsilon": 0.5789844369018461, "gamma": 0.022236940322607736, "lamda": 0.26460293151732134}, "datetime": {"datetime": "2021-09-23 18:12:18", "elapsed": 543.036232, "delta": 1.52081}}
{"target": 0.4414808655834592, "params": {"C": 18.855008345827827, "epsilon": 0.7036268022250751, "gamma": 0.04991892009805173, "lamda": 0.4938261347493758}, "datetime": {"datetime": "2021-09-23 18:12:21", "elapsed": 545.171687, "delta": 2.135455}}
{"target": 0.39401536540739024, "params": {"C": 62.26994054175702, "epsilon": 0.8466540470674878, "gamma": 0.07966622138014012, "lamda": 0.483011723881516}, "datetime": {"datetime": "2021-09-23 18:12:22", "elapsed": 547.017975, "delta": 1.846288}}
{"target": 0.43987160929835945, "params": {"C": 16.85391031206857, "epsilon": 0.19651585338694155, "gamma": 0.06188858924105065, "lamda": 0.6148823912923447}, "datetime": {"datetime": "2021-09-23 18:12:25", "elapsed": 549.13793, "delta": 2.119955}}
{"target": 0.4487946224107966, "params": {"C": 18.769728779615765, "epsilon": 0.7485137898141623, "gamma": 0.030950586261246745, "lamda": 0.10930941267854646}, "datetime": {"datetime": "2021-09-23 18:12:27", "elapsed": 551.297255, "delta": 2.159325}}
{"target": 0.4487685562206476, "params": {"C": 19.119773193755137, "epsilon": 0.5833364358128293, "gamma": 0.02782433708780442, "lamda": 0.1949970605574208}, "datetime": {"datetime": "2021-09-23 18:12:29", "elapsed": 553.495076, "delta": 2.197821}}
{"target": 0.44082059956091546, "params": {"C": 18.856027076265317, "epsilon": 0.7936826575893401, "gamma": 0.05729142925526182, "lamda": 0.1256916156684495}, "datetime": {"datetime": "2021-09-23 18:12:31", "elapsed": 555.749111, "delta": 2.254035}}
{"target": 0.4396841100174117, "params": {"C": 35.45503909319016, "epsilon": 0.7539093480288561, "gamma": 0.036572622120056505, "lamda": 0.934615924883612}, "datetime": {"datetime": "2021-09-23 18:12:33", "elapsed": 557.922847, "delta": 2.173736}}
{"target": 0.4351695883007908, "params": {"C": 29.217453420895506, "epsilon": 0.940297283887021, "gamma": 0.04677215767876849, "lamda": 0.47523042486970235}, "datetime": {"datetime": "2021-09-23 18:12:36", "elapsed": 560.275674, "delta": 2.352827}}
{"target": 0.4336777827449261, "params": {"C": 18.823466037770714, "epsilon": 0.7332854063807981, "gamma": 0.07617806014560505, "lamda": 0.05261859687539}, "datetime": {"datetime": "2021-09-23 18:12:38", "elapsed": 563.120119, "delta": 2.844445}}
{"target": 0.44689387354764276, "params": {"C": 16.638292712244457, "epsilon": 0.6408063230455835, "gamma": 0.039954529589715446, "lamda": 0.3206112916932103}, "datetime": {"datetime": "2021-09-23 18:12:41", "elapsed": 565.895386, "delta": 2.775267}}
