{"target": 0.3894176183600143, "params": {"C": 182.24966709035536, "epsilon": 0.8333568978636945, "gamma": 0.001, "lamda": 1.0}, "datetime": {"datetime": "2021-09-23 18:48:25", "elapsed": 178.69916, "delta": 1.962744}}
{"target": 0.4450212701050186, "params": {"C": 125.40653179332813, "epsilon": 0.980311490057318, "gamma": 0.03377629396987625, "lamda": 0.8205192876549684}, "datetime": {"datetime": "2021-09-23 18:48:26", "elapsed": 179.872974, "delta": 1.173814}}
{"target": 0.4203648136688073, "params": {"C": 125.39393704672092, "epsilon": 0.8764291670757597, "gamma": 0.0014009377453453203, "lamda": 0.7053571383629708}, "datetime": {"datetime": "2021-09-23 18:48:27", "elapsed": 180.916814, "delta": 1.04384}}
{"target": 0.4397867501470978, "params": {"C": 139.4367338699838, "epsilon": 0.3949460408607995, "gamma": 0.005257325755270368, "lamda": 0.35163928355998436}, "datetime": {"datetime": "2021-09-23 18:48:28", "elapsed": 181.971533, "delta": 1.054719}}
{"target": 0.4117961795814059, "params": {"C": 132.5328035256012, "epsilon": 0.5451079703904631, "gamma": 0.001, "lamda": 0.8915495525108847}, "datetime": {"datetime": "2021-09-23 18:48:29", "elapsed": 183.244331, "delta": 1.272798}}
{"target": 0.4199923070308015, "params": {"C": 125.99452677519221, "epsilon": 0.8385327843114181, "gamma": 0.06106885314441911, "lamda": 0.8535670739149872}, "datetime": {"datetime": "2021-09-23 18:48:30", "elapsed": 184.416749, "delta": 1.172418}}
{"target": 0.4544294210047921, "params": {"C": 191.71642154243642, "epsilon": 0.9883283161458245, "gamma": 0.007859172706059214, "lamda": 0.7402650233377505}, "datetime": {"datetime": "2021-09-23 18:48:31", "elapsed": 185.362117, "delta": 0.945368}}
{"target": 0.38848068611802655, "params": {"C": 139.3896396888962, "epsilon": 0.48106166437538295, "gamma": 0.06111702168060095, "lamda": 0.7101963622977222}, "datetime": {"datetime": "2021-09-23 18:48:32", "elapsed": 186.284942, "delta": 0.922825}}
{"target": 0.4032951008248131, "params": {"C": 165.5504546848772, "epsilon": 0.03158536264338958, "gamma": 0.03313868528859087, "lamda": 0.9125352543774674}, "datetime": {"datetime": "2021-09-23 18:48:33", "elapsed": 187.338781, "delta": 1.053839}}
{"target": 0.43038256223134586, "params": {"C": 142.47693884771917, "epsilon": 0.8940802034596116, "gamma": 0.03462839188112354, "lamda": 0.54418487040791}, "datetime": {"datetime": "2021-09-23 18:48:35", "elapsed": 188.742087, "delta": 1.403306}}
{"target": 0.42990486596462374, "params": {"C": 155.52624221286075, "epsilon": 0.6459910159017342, "gamma": 0.03225925348851912, "lamda": 0.6649040965480989}, "datetime": {"datetime": "2021-09-23 18:48:36", "elapsed": 189.770086, "delta": 1.027999}}
{"target": 0.40218682900848923, "params": {"C": 132.68910738853677, "epsilon": 0.6711245907515032, "gamma": 0.07921800453366613, "lamda": 0.9984926804965704}, "datetime": {"datetime": "2021-09-23 18:48:37", "elapsed": 191.140967, "delta": 1.370881}}
{"target": 0.41641679867812, "params": {"C": 131.99365232397616, "epsilon": 0.9993753331790841, "gamma": 0.07716668267500189, "lamda": 0.9235336805692191}, "datetime": {"datetime": "2021-09-23 18:48:39", "elapsed": 192.456222, "delta": 1.315255}}
{"target": 0.41198300002497446, "params": {"C": 130.68796081358602, "epsilon": 0.9744188669974213, "gamma": 0.05150419429874075, "lamda": 0.47896718431865626}, "datetime": {"datetime": "2021-09-23 18:48:40", "elapsed": 193.436361, "delta": 0.980139}}
{"target": 0.4477581217373825, "params": {"C": 132.25566360769417, "epsilon": 0.9722828816774656, "gamma": 0.030678986115644093, "lamda": 0.8284374944838361}, "datetime": {"datetime": "2021-09-23 18:48:41", "elapsed": 194.801453, "delta": 1.365092}}
{"target": 0.44150154743041836, "params": {"C": 183.45120408247308, "epsilon": 0.9266974475138937, "gamma": 0.003139759906919162, "lamda": 0.12151164451167343}, "datetime": {"datetime": "2021-09-23 18:48:42", "elapsed": 196.035931, "delta": 1.234478}}
{"target": 0.4023747412208628, "params": {"C": 138.64885252469793, "epsilon": 0.8061718825529381, "gamma": 0.05880279190318667, "lamda": 0.5415237979458895}, "datetime": {"datetime": "2021-09-23 18:48:43", "elapsed": 197.202519, "delta": 1.166588}}
{"target": 0.40816083913866674, "params": {"C": 177.05344870273746, "epsilon": 0.755612244269403, "gamma": 0.07675931772511069, "lamda": 0.9246469784205169}, "datetime": {"datetime": "2021-09-23 18:48:44", "elapsed": 198.134457, "delta": 0.931938}}
{"target": 0.41333986960075064, "params": {"C": 132.51407336600505, "epsilon": 0.8916905304689148, "gamma": 0.07893321154847814, "lamda": 0.9818405382874311}, "datetime": {"datetime": "2021-09-23 18:48:46", "elapsed": 199.465634, "delta": 1.331177}}
{"target": 0.41771631189918546, "params": {"C": 144.67453958426742, "epsilon": 0.08181311227771457, "gamma": 0.021853298994010693, "lamda": 0.5524707674331639}, "datetime": {"datetime": "2021-09-23 18:48:47", "elapsed": 200.694233, "delta": 1.228599}}
{"target": 0.434178688477028, "params": {"C": 147.3909200520265, "epsilon": 0.19695590730510054, "gamma": 0.007698299620251127, "lamda": 0.384440840958807}, "datetime": {"datetime": "2021-09-23 18:48:48", "elapsed": 201.618918, "delta": 0.924685}}
{"target": 0.45229209604490006, "params": {"C": 182.27528445228816, "epsilon": 0.6473581497886322, "gamma": 0.021384953861538922, "lamda": 0.994827701006723}, "datetime": {"datetime": "2021-09-23 18:48:49", "elapsed": 202.969146, "delta": 1.350228}}
{"target": 0.4427612149555946, "params": {"C": 181.98982834641058, "epsilon": 0.11747288710724807, "gamma": 0.0025180472698757258, "lamda": 0.9306743892351342}, "datetime": {"datetime": "2021-09-23 18:48:50", "elapsed": 203.924189, "delta": 0.955043}}
{"target": 0.4235065720126955, "params": {"C": 182.20859259485252, "epsilon": 0.6542985641984356, "gamma": 0.05725001024528545, "lamda": 0.9743501395389884}, "datetime": {"datetime": "2021-09-23 18:48:51", "elapsed": 205.219158, "delta": 1.294969}}
{"target": 0.41867724917394633, "params": {"C": 132.1062261049572, "epsilon": 0.6686113063305882, "gamma": 0.05679753743138254, "lamda": 0.9335126562391894}, "datetime": {"datetime": "2021-09-23 18:48:53", "elapsed": 206.751901, "delta": 1.532743}}
{"target": 0.4425140563658596, "params": {"C": 199.4560983966922, "epsilon": 0.106026533576396, "gamma": 0.001703414635844848, "lamda": 0.5570978525880093}, "datetime": {"datetime": "2021-09-23 18:48:54", "elapsed": 207.7119, "delta": 0.959999}}
{"target": 0.43022095030145935, "params": {"C": 142.37482394248633, "epsilon": 0.7440166301459222, "gamma": 0.05036748304741871, "lamda": 0.9293881900908068}, "datetime": {"datetime": "2021-09-23 18:48:55", "elapsed": 208.97609, "delta": 1.26419}}
{"target": 0.4548817587782299, "params": {"C": 132.65546110577728, "epsilon": 0.9729616937834207, "gamma": 0.01941820733154739, "lamda": 0.8981015128487135}, "datetime": {"datetime": "2021-09-23 18:48:57", "elapsed": 210.597982, "delta": 1.621892}}
{"target": 0.43160423639849776, "params": {"C": 191.74034115659353, "epsilon": 0.9679871125206206, "gamma": 0.05259959496261008, "lamda": 0.7770991212062958}, "datetime": {"datetime": "2021-09-23 18:48:58", "elapsed": 211.892281, "delta": 1.294299}}
{"target": 0.37009528888032583, "params": {"C": 182.40879052481077, "epsilon": 0.1639210319510457, "gamma": 0.05120061175885935, "lamda": 0.2404580896652504}, "datetime": {"datetime": "2021-09-23 18:48:59", "elapsed": 212.990003, "delta": 1.097722}}
{"target": 0.38349038613483344, "params": {"C": 133.34001134205326, "epsilon": 0.48345158064926963, "gamma": 0.07862924032486544, "lamda": 0.933320103701032}, "datetime": {"datetime": "2021-09-23 18:49:00", "elapsed": 214.145011, "delta": 1.155008}}
{"target": 0.4540632668436779, "params": {"C": 132.7860294187654, "epsilon": 0.9975088325210487, "gamma": 0.0222300970745061, "lamda": 0.8945522697435012}, "datetime": {"datetime": "2021-09-23 18:49:02", "elapsed": 215.763242, "delta": 1.618231}}
{"target": 0.383212902826917, "params": {"C": 147.49171041106865, "epsilon": 0.4749734375603259, "gamma": 0.07293013824829615, "lamda": 0.8291439042379447}, "datetime": {"datetime": "2021-09-23 18:49:03", "elapsed": 216.86226, "delta": 1.099018}}
{"target": 0.35829569104668924, "params": {"C": 153.37475805064696, "epsilon": 0.8419437436750042, "gamma": 0.0739073822696238, "lamda": 0.279499156400849}, "datetime": {"datetime": "2021-09-23 18:49:04", "elapsed": 217.946261, "delta": 1.084001}}
{"target": 0.3904773955213552, "params": {"C": 132.73437615606812, "epsilon": 0.934072000734639, "gamma": 0.001, "lamda": 0.8586141781577944}, "datetime": {"datetime": "2021-09-23 18:49:06", "elapsed": 219.503607, "delta": 1.557346}}
{"target": 0.4448724049606725, "params": {"C": 191.68324551134995, "epsilon": 0.942956086894034, "gamma": 0.030075481110365752, "lamda": 0.6154691291823646}, "datetime": {"datetime": "2021-09-23 18:49:07", "elapsed": 221.184555, "delta": 1.680948}}
{"target": 0.40257418413551793, "params": {"C": 191.64835422697118, "epsilon": 0.9890809783587065, "gamma": 0.001, "lamda": 0.6928934544261249}, "datetime": {"datetime": "2021-09-23 18:49:09", "elapsed": 222.755263, "delta": 1.570708}}
{"target": 0.44919980759008427, "params": {"C": 132.1714517375092, "epsilon": 0.6656252455557009, "gamma": 0.005845068566869285, "lamda": 0.8259181499486324}, "datetime": {"datetime": "2021-09-23 18:49:11", "elapsed": 224.51022, "delta": 1.754957}}
{"target": 0.45111958912385863, "params": {"C": 142.409353836666, "epsilon": 0.9068691342475783, "gamma": 0.010190015249165775, "lamda": 0.6590311294291331}, "datetime": {"datetime": "2021-09-23 18:49:12", "elapsed": 226.294186, "delta": 1.783966}}
{"target": 0.43969676846031225, "params": {"C": 152.25038200906286, "epsilon": 0.5115662806339425, "gamma": 0.02599092457117509, "lamda": 0.9705148881149162}, "datetime": {"datetime": "2021-09-23 18:49:13", "elapsed": 227.262143, "delta": 0.967957}}
{"target": 0.44408114770978324, "params": {"C": 139.8952516242935, "epsilon": 0.7749510719143478, "gamma": 0.00975928525244258, "lamda": 0.4434686157455494}, "datetime": {"datetime": "2021-09-23 18:49:14", "elapsed": 228.307186, "delta": 1.045043}}
{"target": 0.3965811792356553, "params": {"C": 147.176442809446, "epsilon": 0.061069855466015725, "gamma": 0.04315900393300665, "lamda": 0.553656699243923}, "datetime": {"datetime": "2021-09-23 18:49:16", "elapsed": 229.448147, "delta": 1.140961}}
{"target": 0.40709314805386776, "params": {"C": 155.99252632083903, "epsilon": 0.08196243514950231, "gamma": 0.03192526357614861, "lamda": 0.5044315128629595}, "datetime": {"datetime": "2021-09-23 18:49:17", "elapsed": 230.602172, "delta": 1.154025}}
{"target": 0.45588084774984405, "params": {"C": 191.7973443834403, "epsilon": 0.9129658623299238, "gamma": 0.011718691299807488, "lamda": 0.7167030025951026}, "datetime": {"datetime": "2021-09-23 18:49:18", "elapsed": 232.008695, "delta": 1.406523}}
{"target": 0.45216345125876667, "params": {"C": 182.01119596594498, "epsilon": 0.9066831067770835, "gamma": 0.02460389821840579, "lamda": 0.8304004535979618}, "datetime": {"datetime": "2021-09-23 18:49:19", "elapsed": 233.088566, "delta": 1.079871}}
{"target": 0.429502413626201, "params": {"C": 191.80914741237174, "epsilon": 0.9384682145049925, "gamma": 0.046757176246672555, "lamda": 0.5909209909012234}, "datetime": {"datetime": "2021-09-23 18:49:21", "elapsed": 234.858635, "delta": 1.770069}}
{"target": 0.40151294666366977, "params": {"C": 144.6250341769666, "epsilon": 0.7928054575583474, "gamma": 0.04632771054240988, "lamda": 0.37275552012935026}, "datetime": {"datetime": "2021-09-23 18:49:22", "elapsed": 236.087635, "delta": 1.229}}
{"target": 0.4433051005032196, "params": {"C": 131.02037548507204, "epsilon": 0.26761733213984357, "gamma": 0.006850827978416712, "lamda": 0.903951676078295}, "datetime": {"datetime": "2021-09-23 18:49:23", "elapsed": 237.217786, "delta": 1.130151}}
{"target": 0.4409773824137012, "params": {"C": 121.33069496322096, "epsilon": 0.6123250007669123, "gamma": 0.013317699903377864, "lamda": 0.5894125925786077}, "datetime": {"datetime": "2021-09-23 18:49:24", "elapsed": 238.419814, "delta": 1.202028}}
{"target": 0.39471405049495434, "params": {"C": 142.4120094195423, "epsilon": 0.9307232003609859, "gamma": 0.08, "lamda": 0.6244979139061811}, "datetime": {"datetime": "2021-09-23 18:49:26", "elapsed": 240.254823, "delta": 1.835009}}
{"target": 0.43569642875742987, "params": {"C": 182.29775725675574, "epsilon": 0.7186194981993685, "gamma": 0.04699280395197158, "lamda": 0.9978149834362751}, "datetime": {"datetime": "2021-09-23 18:49:29", "elapsed": 242.445315, "delta": 2.190492}}
{"target": 0.36672881473465146, "params": {"C": 191.8143858137149, "epsilon": 0.4871581740623754, "gamma": 0.05819948163080158, "lamda": 0.22597226869321682}, "datetime": {"datetime": "2021-09-23 18:49:30", "elapsed": 243.670319, "delta": 1.225004}}
{"target": 0.4481021203401042, "params": {"C": 132.73096287871078, "epsilon": 0.7567120803068262, "gamma": 0.018814493600412974, "lamda": 0.8352065600850331}, "datetime": {"datetime": "2021-09-23 18:49:32", "elapsed": 245.497311, "delta": 1.826992}}
{"target": 0.41632413748851715, "params": {"C": 174.2218606681963, "epsilon": 0.9541706662410544, "gamma": 0.06839255720278695, "lamda": 0.7482041234550806}, "datetime": {"datetime": "2021-09-23 18:49:33", "elapsed": 246.660309, "delta": 1.162998}}
{"target": 0.4217461977933473, "params": {"C": 124.35607925448222, "epsilon": 0.2500850321007197, "gamma": 0.021650398400755895, "lamda": 0.4142461366939049}, "datetime": {"datetime": "2021-09-23 18:49:34", "elapsed": 247.915312, "delta": 1.255003}}
{"target": 0.37296647220409074, "params": {"C": 132.9516557361453, "epsilon": 0.403271402870041, "gamma": 0.06319778011443097, "lamda": 0.29204953965545705}, "datetime": {"datetime": "2021-09-23 18:49:36", "elapsed": 249.806398, "delta": 1.891086}}
{"target": 0.40258086944211147, "params": {"C": 132.21485958169728, "epsilon": 0.4433520842254098, "gamma": 0.05687738140258908, "lamda": 0.9477252560701036}, "datetime": {"datetime": "2021-09-23 18:49:38", "elapsed": 251.924442, "delta": 2.118044}}
{"target": 0.33126223105766883, "params": {"C": 190.5005149786219, "epsilon": 0.2751133040210508, "gamma": 0.07827870702597282, "lamda": 0.36140617080665255}, "datetime": {"datetime": "2021-09-23 18:49:39", "elapsed": 253.137439, "delta": 1.212997}}
{"target": 0.42557089145857296, "params": {"C": 182.0183598144912, "epsilon": 0.9064947344768722, "gamma": 0.0015508438155821904, "lamda": 0.7390992407646765}, "datetime": {"datetime": "2021-09-23 18:49:41", "elapsed": 254.913441, "delta": 1.776002}}
{"target": 0.35650724443915527, "params": {"C": 161.3686246427534, "epsilon": 0.6776654380727544, "gamma": 0.07041997175575056, "lamda": 0.16847369536973744}, "datetime": {"datetime": "2021-09-23 18:49:42", "elapsed": 256.265438, "delta": 1.351997}}
{"target": 0.4302041270652198, "params": {"C": 151.8268880142621, "epsilon": 0.4094411704655767, "gamma": 0.019027712567144008, "lamda": 0.6508208927740691}, "datetime": {"datetime": "2021-09-23 18:49:44", "elapsed": 257.452437, "delta": 1.186999}}
{"target": 0.3978157927882894, "params": {"C": 167.09664961549046, "epsilon": 0.9585255153139497, "gamma": 0.04512265645288801, "lamda": 0.24391617221463058}, "datetime": {"datetime": "2021-09-23 18:49:45", "elapsed": 258.838443, "delta": 1.386006}}
{"target": 0.4558078570819576, "params": {"C": 132.57722294043725, "epsilon": 0.9353588897468867, "gamma": 0.014620242327982452, "lamda": 0.9214920612733649}, "datetime": {"datetime": "2021-09-23 18:49:46", "elapsed": 260.133441, "delta": 1.294998}}
{"target": 0.39272847796551624, "params": {"C": 135.99354605120578, "epsilon": 0.6085713376009917, "gamma": 0.04694365121215115, "lamda": 0.10210822653087356}, "datetime": {"datetime": "2021-09-23 18:49:48", "elapsed": 261.542442, "delta": 1.409001}}
{"target": 0.4246526158553845, "params": {"C": 132.78404138867984, "epsilon": 0.9851095666875364, "gamma": 0.06704750088302586, "lamda": 0.9434023241724449}, "datetime": {"datetime": "2021-09-23 18:49:50", "elapsed": 263.504985, "delta": 1.962543}}
{"target": 0.4395041520487597, "params": {"C": 125.26069180515877, "epsilon": 0.937558219804781, "gamma": 0.034554880710956984, "lamda": 0.7381547447035559}, "datetime": {"datetime": "2021-09-23 18:49:52", "elapsed": 265.98698, "delta": 2.481995}}
{"target": 0.4385510801493189, "params": {"C": 193.88550457245498, "epsilon": 0.4206038690962254, "gamma": 0.019240342917076297, "lamda": 0.8389311455372279}, "datetime": {"datetime": "2021-09-23 18:49:53", "elapsed": 267.302976, "delta": 1.315996}}
{"target": 0.44729961810400476, "params": {"C": 132.48789876815133, "epsilon": 0.6311570374844805, "gamma": 0.008520993583784909, "lamda": 0.6632485389348243}, "datetime": {"datetime": "2021-09-23 18:49:55", "elapsed": 269.294986, "delta": 1.99201}}
{"target": 0.4035339596922577, "params": {"C": 137.84342644351753, "epsilon": 0.7497794772264438, "gamma": 0.04547487683016432, "lamda": 0.404473310865248}, "datetime": {"datetime": "2021-09-23 18:49:57", "elapsed": 270.664021, "delta": 1.369035}}
{"target": 0.4108289993682893, "params": {"C": 182.83808561268336, "epsilon": 0.1442838150225109, "gamma": 0.023241126660222558, "lamda": 0.2614069674068866}, "datetime": {"datetime": "2021-09-23 18:49:58", "elapsed": 271.929977, "delta": 1.265956}}
{"target": 0.4182088280179874, "params": {"C": 182.20070112613342, "epsilon": 0.9362699883647343, "gamma": 0.07361649723224163, "lamda": 0.9579910139965958}, "datetime": {"datetime": "2021-09-23 18:50:00", "elapsed": 273.667982, "delta": 1.738005}}
{"target": 0.3917950501236882, "params": {"C": 153.77343308972075, "epsilon": 0.9173000770902486, "gamma": 0.06429641746437315, "lamda": 0.4223997515130076}, "datetime": {"datetime": "2021-09-23 18:50:01", "elapsed": 274.892974, "delta": 1.224992}}
{"target": 0.44867966957272554, "params": {"C": 126.09248242038821, "epsilon": 0.8499539323609512, "gamma": 0.004743869314476023, "lamda": 0.9128519881727151}, "datetime": {"datetime": "2021-09-23 18:50:03", "elapsed": 276.950074, "delta": 2.0571}}
{"target": 0.3871231617968588, "params": {"C": 142.4345265562665, "epsilon": 0.5960078420897224, "gamma": 0.06648175404000616, "lamda": 0.630599446714704}, "datetime": {"datetime": "2021-09-23 18:50:04", "elapsed": 278.108072, "delta": 1.157998}}
{"target": 0.41029365939983087, "params": {"C": 133.17500526282578, "epsilon": 0.894707274357821, "gamma": 0.03317536488826496, "lamda": 0.07529957025240844}, "datetime": {"datetime": "2021-09-23 18:50:06", "elapsed": 279.636077, "delta": 1.528005}}
{"target": 0.40549994236165954, "params": {"C": 126.15563132474132, "epsilon": 0.48854501129002975, "gamma": 0.04114696687281518, "lamda": 0.36590360629324625}, "datetime": {"datetime": "2021-09-23 18:50:07", "elapsed": 280.919081, "delta": 1.283004}}
{"target": 0.4354344726609244, "params": {"C": 125.2833968011386, "epsilon": 0.9515129820569204, "gamma": 0.04238844884294685, "lamda": 0.7639562906199634}, "datetime": {"datetime": "2021-09-23 18:50:08", "elapsed": 282.092074, "delta": 1.172993}}
{"target": 0.4436946437177307, "params": {"C": 139.9909649276221, "epsilon": 0.735201790254067, "gamma": 0.010640445847889339, "lamda": 0.48566648821087044}, "datetime": {"datetime": "2021-09-23 18:50:10", "elapsed": 284.286611, "delta": 2.194537}}
{"target": 0.42814673344383614, "params": {"C": 129.62925071214678, "epsilon": 0.831845730565217, "gamma": 0.04392376888211763, "lamda": 0.7143739368570575}, "datetime": {"datetime": "2021-09-23 18:50:12", "elapsed": 285.963598, "delta": 1.676987}}
{"target": 0.4074529473258802, "params": {"C": 140.07731649682344, "epsilon": 0.723331153917931, "gamma": 0.0486066752350048, "lamda": 0.5299459605439487}, "datetime": {"datetime": "2021-09-23 18:50:14", "elapsed": 288.194599, "delta": 2.231001}}
{"target": 0.3894262412545223, "params": {"C": 139.9429145131379, "epsilon": 0.8231643930454478, "gamma": 0.06979687707306725, "lamda": 0.5163708548771125}, "datetime": {"datetime": "2021-09-23 18:50:17", "elapsed": 290.745026, "delta": 2.550427}}
{"target": 0.378201312780708, "params": {"C": 182.1935471759081, "epsilon": 0.9686055471450478, "gamma": 0.001, "lamda": 1.0}, "datetime": {"datetime": "2021-09-23 18:50:19", "elapsed": 293.388318, "delta": 2.643292}}
{"target": 0.4485117557501328, "params": {"C": 132.65556028307168, "epsilon": 0.5805171793941971, "gamma": 0.004571533335823604, "lamda": 0.8909112861476505}, "datetime": {"datetime": "2021-09-23 18:50:21", "elapsed": 294.873592, "delta": 1.485274}}
{"target": 0.44711455448963344, "params": {"C": 186.59540933368618, "epsilon": 0.876067045867492, "gamma": 0.02848318344733439, "lamda": 0.7087870069687292}, "datetime": {"datetime": "2021-09-23 18:50:23", "elapsed": 296.424093, "delta": 1.550501}}
{"target": 0.4242919264915892, "params": {"C": 127.57776389289504, "epsilon": 0.3614174025308785, "gamma": 0.02204349127676499, "lamda": 0.47549542777637077}, "datetime": {"datetime": "2021-09-23 18:50:24", "elapsed": 297.778853, "delta": 1.35476}}
{"target": 0.4564203213215785, "params": {"C": 182.11455735687622, "epsilon": 0.8611322125958994, "gamma": 0.0144919689950869, "lamda": 0.994674976877257}, "datetime": {"datetime": "2021-09-23 18:50:26", "elapsed": 299.915496, "delta": 2.136643}}
{"target": 0.3872844192974455, "params": {"C": 132.1610837202904, "epsilon": 0.6027143856443108, "gamma": 0.07641611541195063, "lamda": 0.7787618999142998}, "datetime": {"datetime": "2021-09-23 18:50:28", "elapsed": 302.196105, "delta": 2.280609}}
{"target": 0.4245643649697679, "params": {"C": 167.35432104302524, "epsilon": 0.3078780599375135, "gamma": 0.012783752398198952, "lamda": 0.2149821106140537}, "datetime": {"datetime": "2021-09-23 18:50:30", "elapsed": 303.895781, "delta": 1.699676}}
