{"target": 0.44299584243516776, "params": {"C": 123.87058230858686, "epsilon": 0.22476654789983772, "gamma": 0.004736285446366418, "lamda": 0.38149332645047074}, "datetime": {"datetime": "2021-09-23 18:50:32", "elapsed": 305.508858, "delta": 1.613077}}
{"target": 0.45481994512327895, "params": {"C": 132.66495178103742, "epsilon": 0.9861193224842343, "gamma": 0.022195496567143, "lamda": 0.9709429229577565}, "datetime": {"datetime": "2021-09-23 18:50:34", "elapsed": 307.47086, "delta": 1.962002}}
{"target": 0.44703475097080303, "params": {"C": 126.08887343733228, "epsilon": 0.7781472560581579, "gamma": 0.014033629045458441, "lamda": 0.7370675925617699}, "datetime": {"datetime": "2021-09-23 18:50:36", "elapsed": 309.540286, "delta": 2.069426}}
{"target": 0.4027021805710985, "params": {"C": 196.1077163992764, "epsilon": 0.6534080995561962, "gamma": 0.05178125539817545, "lamda": 0.5122968342993256}, "datetime": {"datetime": "2021-09-23 18:50:37", "elapsed": 311.267916, "delta": 1.72763}}
{"target": 0.40657613646870094, "params": {"C": 132.79124112385503, "epsilon": 0.7778099195380747, "gamma": 0.07222527826667009, "lamda": 0.83536336940822}, "datetime": {"datetime": "2021-09-23 18:50:40", "elapsed": 313.708206, "delta": 2.44029}}
{"target": 0.4237369224944979, "params": {"C": 132.30467249798696, "epsilon": 0.8713056144217394, "gamma": 0.06410601074205133, "lamda": 0.9554190353540023}, "datetime": {"datetime": "2021-09-23 18:50:41", "elapsed": 315.213385, "delta": 1.505179}}
{"target": 0.4325840042539997, "params": {"C": 142.2978341709529, "epsilon": 0.8059590365785025, "gamma": 0.03812185826363123, "lamda": 0.6965260853160794}, "datetime": {"datetime": "2021-09-23 18:50:44", "elapsed": 318.410276, "delta": 3.196891}}
{"target": 0.4293842547610647, "params": {"C": 133.67978394730068, "epsilon": 0.907502417087592, "gamma": 0.0598868056931016, "lamda": 0.9866081926179991}, "datetime": {"datetime": "2021-09-23 18:50:46", "elapsed": 319.86829, "delta": 1.458014}}
{"target": 0.44801524430022743, "params": {"C": 133.58959062007634, "epsilon": 0.9257889436797032, "gamma": 0.004755025447949714, "lamda": 0.9420093759503964}, "datetime": {"datetime": "2021-09-23 18:50:49", "elapsed": 323.155211, "delta": 3.286921}}
{"target": 0.41390457961169225, "params": {"C": 190.26368082416553, "epsilon": 0.24078750884383024, "gamma": 0.026352293364861206, "lamda": 0.6100405258879825}, "datetime": {"datetime": "2021-09-23 18:50:51", "elapsed": 324.709046, "delta": 1.553835}}
{"target": 0.4284047581132848, "params": {"C": 132.5452082439596, "epsilon": 0.608907006773995, "gamma": 0.028463715555543345, "lamda": 0.710363816506876}, "datetime": {"datetime": "2021-09-23 18:50:53", "elapsed": 326.946133, "delta": 2.237087}}
{"target": 0.40319857961962946, "params": {"C": 191.77305600946835, "epsilon": 0.9793866526386876, "gamma": 0.001, "lamda": 0.6922455609739513}, "datetime": {"datetime": "2021-09-23 18:50:56", "elapsed": 329.863888, "delta": 2.917755}}
{"target": 0.4421838894636957, "params": {"C": 184.72205150655734, "epsilon": 0.8899031117719604, "gamma": 0.02801617557933242, "lamda": 0.5726102546144652}, "datetime": {"datetime": "2021-09-23 18:50:57", "elapsed": 331.266298, "delta": 1.40241}}
{"target": 0.3501524592245586, "params": {"C": 130.37018175274633, "epsilon": 0.12378496206841831, "gamma": 0.07882680269010381, "lamda": 0.2517527239358318}, "datetime": {"datetime": "2021-09-23 18:50:59", "elapsed": 333.061981, "delta": 1.795683}}
{"target": 0.4244638848951606, "params": {"C": 182.10433735393397, "epsilon": 0.9315516885863422, "gamma": 0.06409961267091827, "lamda": 0.9071096172876323}, "datetime": {"datetime": "2021-09-23 18:51:01", "elapsed": 335.181619, "delta": 2.119638}}
{"target": 0.393017755226182, "params": {"C": 125.3707533075972, "epsilon": 1.0, "gamma": 0.001, "lamda": 0.7603451373944555}, "datetime": {"datetime": "2021-09-23 18:51:05", "elapsed": 338.494193, "delta": 3.312574}}
{"target": 0.3666995589543701, "params": {"C": 178.62989533507965, "epsilon": 0.17972022639969948, "gamma": 0.0617141458864125, "lamda": 0.8324750178832748}, "datetime": {"datetime": "2021-09-23 18:51:06", "elapsed": 340.242759, "delta": 1.748566}}
{"target": 0.36538915590680865, "params": {"C": 120.80832123772697, "epsilon": 0.008833662573175562, "gamma": 0.06928613159499014, "lamda": 0.7917639878036461}, "datetime": {"datetime": "2021-09-23 18:51:08", "elapsed": 341.749872, "delta": 1.507113}}
{"target": 0.3787820997846306, "params": {"C": 174.6895466882423, "epsilon": 0.6102276105415059, "gamma": 0.05342416037510644, "lamda": 0.2233031018231637}, "datetime": {"datetime": "2021-09-23 18:51:09", "elapsed": 343.152705, "delta": 1.402833}}
{"target": 0.36791381873837703, "params": {"C": 168.8459337123893, "epsilon": 0.591388503142849, "gamma": 0.06425084827237888, "lamda": 0.3708855423483089}, "datetime": {"datetime": "2021-09-23 18:51:11", "elapsed": 344.695116, "delta": 1.542411}}
{"target": 0.45518349551801807, "params": {"C": 182.0377785357422, "epsilon": 0.9574791422082322, "gamma": 0.02046473765749722, "lamda": 0.9297829415818556}, "datetime": {"datetime": "2021-09-23 18:51:13", "elapsed": 346.812245, "delta": 2.117129}}
{"target": 0.41473296581207697, "params": {"C": 191.72217489344084, "epsilon": 0.8783508063509314, "gamma": 0.06660227826553582, "lamda": 0.7313177487849919}, "datetime": {"datetime": "2021-09-23 18:51:15", "elapsed": 348.957781, "delta": 2.145536}}
{"target": 0.4315807667514513, "params": {"C": 167.8817669888481, "epsilon": 0.41979955062888347, "gamma": 0.013924575041891735, "lamda": 0.4458358176550953}, "datetime": {"datetime": "2021-09-23 18:51:17", "elapsed": 350.53678, "delta": 1.578999}}
{"target": 0.4188676115819805, "params": {"C": 125.44910267211763, "epsilon": 0.9557263298889597, "gamma": 0.06981629856261178, "lamda": 0.8720296160004508}, "datetime": {"datetime": "2021-09-23 18:51:19", "elapsed": 353.111804, "delta": 2.575024}}
{"target": 0.44795692290285194, "params": {"C": 157.91635233937018, "epsilon": 0.476519735249453, "gamma": 0.0029843139931573785, "lamda": 0.5580804959187641}, "datetime": {"datetime": "2021-09-23 18:51:21", "elapsed": 354.599803, "delta": 1.487999}}
{"target": 0.39645565208482303, "params": {"C": 186.00496935920074, "epsilon": 0.7424445295319246, "gamma": 0.04222079599359213, "lamda": 0.24554964296857829}, "datetime": {"datetime": "2021-09-23 18:51:23", "elapsed": 356.47991, "delta": 1.880107}}
{"target": 0.3563163804388382, "params": {"C": 190.80908760542889, "epsilon": 0.23962465001628447, "gamma": 0.058122468286926854, "lamda": 0.09971231797139189}, "datetime": {"datetime": "2021-09-23 18:51:24", "elapsed": 358.018205, "delta": 1.538295}}
{"target": 0.4480233660371076, "params": {"C": 133.21505014394188, "epsilon": 0.6806088362926092, "gamma": 0.0044574761939358545, "lamda": 0.8363201768489962}, "datetime": {"datetime": "2021-09-23 18:51:26", "elapsed": 359.472829, "delta": 1.454624}}
{"target": 0.4095021514459849, "params": {"C": 136.51668340375207, "epsilon": 0.7935480635987423, "gamma": 0.07703554300557844, "lamda": 0.9421388934053632}, "datetime": {"datetime": "2021-09-23 18:51:28", "elapsed": 361.684594, "delta": 2.211765}}
{"target": 0.40405675832646315, "params": {"C": 132.66634840829886, "epsilon": 0.666152333635416, "gamma": 0.001, "lamda": 0.9165510814499617}, "datetime": {"datetime": "2021-09-23 18:51:30", "elapsed": 363.844874, "delta": 2.16028}}
{"target": 0.4504953655032844, "params": {"C": 143.8123349761129, "epsilon": 0.7083024954303528, "gamma": 0.010630220549403324, "lamda": 0.8125587514357625}, "datetime": {"datetime": "2021-09-23 18:51:31", "elapsed": 365.303346, "delta": 1.458472}}
{"target": 0.42837460613646394, "params": {"C": 183.80394126685286, "epsilon": 0.5466221057730426, "gamma": 0.01243474634694702, "lamda": 0.26028047412789074}, "datetime": {"datetime": "2021-09-23 18:51:33", "elapsed": 366.954231, "delta": 1.650885}}
{"target": 0.3542901567658602, "params": {"C": 169.22347183527262, "epsilon": 0.11036762179840132, "gamma": 0.06815368921016716, "lamda": 0.7235426552124635}, "datetime": {"datetime": "2021-09-23 18:51:35", "elapsed": 368.493171, "delta": 1.53894}}
{"target": 0.4313224165378228, "params": {"C": 124.36295252742416, "epsilon": 0.24024342690984846, "gamma": 0.014348953917315319, "lamda": 0.8104186180140481}, "datetime": {"datetime": "2021-09-23 18:51:36", "elapsed": 370.145605, "delta": 1.652434}}
{"target": 0.3922534556879056, "params": {"C": 193.1135020728227, "epsilon": 0.3913019988054627, "gamma": 0.03726568635276775, "lamda": 0.16222501364793457}, "datetime": {"datetime": "2021-09-23 18:51:38", "elapsed": 371.719605, "delta": 1.574}}
{"target": 0.4121060956133257, "params": {"C": 189.2717651046377, "epsilon": 0.7428163971815431, "gamma": 0.045479465868236583, "lamda": 0.47321782329566153}, "datetime": {"datetime": "2021-09-23 18:51:39", "elapsed": 373.309698, "delta": 1.590093}}
{"target": 0.44743381075432775, "params": {"C": 154.04244648159778, "epsilon": 0.43817112721600154, "gamma": 0.002695402991787257, "lamda": 0.6024946559000469}, "datetime": {"datetime": "2021-09-23 18:51:41", "elapsed": 374.812552, "delta": 1.502854}}
{"target": 0.36454507761469424, "params": {"C": 120.4952100638055, "epsilon": 0.4392281262260988, "gamma": 0.07701240413772734, "lamda": 0.43786762622499636}, "datetime": {"datetime": "2021-09-23 18:51:42", "elapsed": 376.412003, "delta": 1.599451}}
{"target": 0.44015859866112206, "params": {"C": 132.6450682398194, "epsilon": 0.8056778564274022, "gamma": 0.040390452408886016, "lamda": 0.9490838965569678}, "datetime": {"datetime": "2021-09-23 18:51:45", "elapsed": 378.677975, "delta": 2.265972}}
{"target": 0.3828290326102205, "params": {"C": 130.21479974235575, "epsilon": 0.7366314334313182, "gamma": 0.06918723622622029, "lamda": 0.5080746209448057}, "datetime": {"datetime": "2021-09-23 18:51:46", "elapsed": 380.412153, "delta": 1.734178}}
{"target": 0.3359479642291665, "params": {"C": 181.1738958867173, "epsilon": 0.715713049902222, "gamma": 0.0730223996270079, "lamda": 0.024226281797897577}, "datetime": {"datetime": "2021-09-23 18:51:48", "elapsed": 382.305091, "delta": 1.892938}}
{"target": 0.4557537999985083, "params": {"C": 132.6246030568368, "epsilon": 0.9750133744964704, "gamma": 0.01844229675234683, "lamda": 0.9409656931974506}, "datetime": {"datetime": "2021-09-23 18:51:50", "elapsed": 384.3647, "delta": 2.059609}}
{"target": 0.3611019641312786, "params": {"C": 194.3970013382458, "epsilon": 0.5544339820547971, "gamma": 0.07577686610463978, "lamda": 0.49057521072306687}, "datetime": {"datetime": "2021-09-23 18:51:52", "elapsed": 385.904877, "delta": 1.540177}}
{"target": 0.419651102383667, "params": {"C": 151.70594051671594, "epsilon": 0.5395566964439571, "gamma": 0.02181103701672375, "lamda": 0.2022706982974993}, "datetime": {"datetime": "2021-09-23 18:51:54", "elapsed": 387.961637, "delta": 2.05676}}
{"target": 0.400287884169934, "params": {"C": 140.4504451898972, "epsilon": 0.8502282742969514, "gamma": 0.04168054847871695, "lamda": 0.16215341245159282}, "datetime": {"datetime": "2021-09-23 18:51:56", "elapsed": 389.894631, "delta": 1.932994}}
{"target": 0.44371951305916646, "params": {"C": 191.84282276681856, "epsilon": 0.8518395900431381, "gamma": 0.03145850478669691, "lamda": 0.6761802098616054}, "datetime": {"datetime": "2021-09-23 18:51:59", "elapsed": 392.421755, "delta": 2.527124}}
{"target": 0.4043482769900286, "params": {"C": 122.47685641649082, "epsilon": 0.37582697976318863, "gamma": 0.04754334801652176, "lamda": 0.9010536959715942}, "datetime": {"datetime": "2021-09-23 18:52:00", "elapsed": 393.899757, "delta": 1.478002}}
{"target": 0.44331420778169905, "params": {"C": 183.46209739684417, "epsilon": 0.9079205108109555, "gamma": 0.0015081022768482254, "lamda": 0.12066998682324152}, "datetime": {"datetime": "2021-09-23 18:52:02", "elapsed": 395.590824, "delta": 1.691067}}
{"target": 0.4506224883964939, "params": {"C": 132.70070682244332, "epsilon": 0.8150122816674007, "gamma": 0.020314500930952623, "lamda": 0.8691903402287113}, "datetime": {"datetime": "2021-09-23 18:52:04", "elapsed": 398.161821, "delta": 2.570997}}
{"target": 0.3667432699292187, "params": {"C": 184.1398060947959, "epsilon": 0.02093186622418456, "gamma": 0.053420727253312365, "lamda": 0.0950894480924049}, "datetime": {"datetime": "2021-09-23 18:52:06", "elapsed": 399.859953, "delta": 1.698132}}
{"target": 0.4303870919599144, "params": {"C": 130.6097787312524, "epsilon": 0.2409764544022112, "gamma": 0.012272273037243656, "lamda": 0.5613584593498012}, "datetime": {"datetime": "2021-09-23 18:52:08", "elapsed": 401.549533, "delta": 1.68958}}
{"target": 0.41250329253594265, "params": {"C": 132.71758936309914, "epsilon": 0.5347496210357503, "gamma": 0.001, "lamda": 0.8881049941153025}, "datetime": {"datetime": "2021-09-23 18:52:11", "elapsed": 404.644815, "delta": 3.095282}}
{"target": 0.42614379699942195, "params": {"C": 154.0047533593993, "epsilon": 0.4913078784913152, "gamma": 0.02284279228352203, "lamda": 0.5771409429321841}, "datetime": {"datetime": "2021-09-23 18:52:14", "elapsed": 407.62713, "delta": 2.982315}}
{"target": 0.3586476903938063, "params": {"C": 128.8452410318108, "epsilon": 0.4426556068697076, "gamma": 0.07554091099195451, "lamda": 0.2232361241564154}, "datetime": {"datetime": "2021-09-23 18:52:15", "elapsed": 409.304022, "delta": 1.676892}}
{"target": 0.40870652606982283, "params": {"C": 132.42923325790704, "epsilon": 0.6382681973322745, "gamma": 0.001, "lamda": 0.8398413805243747}, "datetime": {"datetime": "2021-09-23 18:52:19", "elapsed": 412.788323, "delta": 3.484301}}
{"target": 0.3822978137287375, "params": {"C": 190.8136963734295, "epsilon": 0.1666393687394247, "gamma": 0.04708165001352145, "lamda": 0.6375465617492329}, "datetime": {"datetime": "2021-09-23 18:52:21", "elapsed": 414.428489, "delta": 1.640166}}
{"target": 0.3542617662206321, "params": {"C": 193.34375307614468, "epsilon": 0.04876287061781093, "gamma": 0.06103661196652876, "lamda": 0.9948784432628479}, "datetime": {"datetime": "2021-09-23 18:52:22", "elapsed": 416.301287, "delta": 1.872798}}
{"target": 0.4494037640844295, "params": {"C": 143.7422121169933, "epsilon": 0.6801111278187685, "gamma": 0.015606293877375214, "lamda": 0.864372932064207}, "datetime": {"datetime": "2021-09-23 18:52:26", "elapsed": 419.978419, "delta": 3.677132}}
{"target": 0.4200947018540998, "params": {"C": 148.3923200469592, "epsilon": 0.9523367902295493, "gamma": 0.06460714991944175, "lamda": 0.7764640440224269}, "datetime": {"datetime": "2021-09-23 18:52:28", "elapsed": 421.702756, "delta": 1.724337}}
{"target": 0.4171719558307515, "params": {"C": 164.20890211424907, "epsilon": 0.7663179035605729, "gamma": 0.03136160647423874, "lamda": 0.3786542342009375}, "datetime": {"datetime": "2021-09-23 18:52:30", "elapsed": 423.744398, "delta": 2.041642}}
{"target": 0.44300444183911547, "params": {"C": 143.70399283944468, "epsilon": 0.6891778443857904, "gamma": 0.022452520268608958, "lamda": 0.7774258679997271}, "datetime": {"datetime": "2021-09-23 18:52:32", "elapsed": 426.273742, "delta": 2.529344}}
{"target": 0.42300352593452195, "params": {"C": 182.03059240228896, "epsilon": 0.8586699936969193, "gamma": 0.06593587686372436, "lamda": 0.98509801072271}, "datetime": {"datetime": "2021-09-23 18:52:36", "elapsed": 429.435636, "delta": 3.161894}}
{"target": 0.42022530880576103, "params": {"C": 132.60693148357154, "epsilon": 0.8835890632760951, "gamma": 0.06662376667954924, "lamda": 0.8969457568850397}, "datetime": {"datetime": "2021-09-23 18:52:38", "elapsed": 432.066257, "delta": 2.630621}}
{"target": 0.4238379360833522, "params": {"C": 143.76202402558525, "epsilon": 0.6792607602126175, "gamma": 0.047206852645233055, "lamda": 0.8037412402921944}, "datetime": {"datetime": "2021-09-23 18:52:41", "elapsed": 434.876735, "delta": 2.810478}}
{"target": 0.4243323647630901, "params": {"C": 125.88699446493955, "epsilon": 0.5418075709514281, "gamma": 0.039808007480876165, "lamda": 0.9099596460575027}, "datetime": {"datetime": "2021-09-23 18:52:43", "elapsed": 436.599609, "delta": 1.722874}}
{"target": 0.4048614665413799, "params": {"C": 154.10430073419082, "epsilon": 0.41907675214948376, "gamma": 0.0414140342646663, "lamda": 0.6304978635175293}, "datetime": {"datetime": "2021-09-23 18:52:45", "elapsed": 439.127257, "delta": 2.527648}}
{"target": 0.38557810633223777, "params": {"C": 132.20224875506426, "epsilon": 1.0, "gamma": 0.001, "lamda": 0.8674172527199604}, "datetime": {"datetime": "2021-09-23 18:52:48", "elapsed": 441.648195, "delta": 2.520938}}
{"target": 0.41812387406062346, "params": {"C": 139.9502193658823, "epsilon": 0.6844059598691447, "gamma": 0.030902979093782278, "lamda": 0.43979559532737655}, "datetime": {"datetime": "2021-09-23 18:52:51", "elapsed": 444.52529, "delta": 2.877095}}
{"target": 0.45264186747266955, "params": {"C": 143.78883112970635, "epsilon": 0.7350573101832127, "gamma": 0.013323850461041117, "lamda": 0.8706779692821431}, "datetime": {"datetime": "2021-09-23 18:52:54", "elapsed": 447.465543, "delta": 2.940253}}
{"target": 0.40128795066428224, "params": {"C": 175.75301342804346, "epsilon": 0.5540883639717388, "gamma": 0.07158391591676873, "lamda": 0.9488239409821209}, "datetime": {"datetime": "2021-09-23 18:52:55", "elapsed": 449.156968, "delta": 1.691425}}
{"target": 0.4350509837565131, "params": {"C": 186.73268690460085, "epsilon": 0.057570618177426175, "gamma": 0.006461552444447213, "lamda": 0.738215931976405}, "datetime": {"datetime": "2021-09-23 18:52:57", "elapsed": 450.85615, "delta": 1.699182}}
{"target": 0.38871979224662334, "params": {"C": 121.35425063805384, "epsilon": 0.9923154730703359, "gamma": 0.0554092538440739, "lamda": 0.1767198473457704}, "datetime": {"datetime": "2021-09-23 18:52:59", "elapsed": 452.507446, "delta": 1.651296}}
{"target": 0.45002445700819327, "params": {"C": 126.0756302420962, "epsilon": 0.9133223256868866, "gamma": 0.023661512892382698, "lamda": 0.8434149145526181}, "datetime": {"datetime": "2021-09-23 18:53:02", "elapsed": 456.0695, "delta": 3.562054}}
{"target": 0.4052075536741869, "params": {"C": 143.73396013895768, "epsilon": 0.7498403205576053, "gamma": 0.001, "lamda": 0.8261720898276834}, "datetime": {"datetime": "2021-09-23 18:53:06", "elapsed": 459.510009, "delta": 3.440509}}
{"target": 0.4098654223415583, "params": {"C": 125.12905608569513, "epsilon": 0.08389300702159282, "gamma": 0.03477394986720686, "lamda": 0.8444024633490693}, "datetime": {"datetime": "2021-09-23 18:53:07", "elapsed": 461.286116, "delta": 1.776107}}
{"target": 0.43177813442762203, "params": {"C": 135.36976979478007, "epsilon": 0.6507568501518161, "gamma": 0.04228999233516262, "lamda": 0.9614824949192801}, "datetime": {"datetime": "2021-09-23 18:53:09", "elapsed": 463.113277, "delta": 1.827161}}
{"target": 0.45059005468630065, "params": {"C": 143.86725814377465, "epsilon": 0.6708503696763034, "gamma": 0.011188815540684911, "lamda": 0.8651480700559957}, "datetime": {"datetime": "2021-09-23 18:53:13", "elapsed": 466.816011, "delta": 3.702734}}
{"target": 0.4178086404808923, "params": {"C": 132.643876848219, "epsilon": 0.5445492895836188, "gamma": 0.052259901758838, "lamda": 0.9966411142457535}, "datetime": {"datetime": "2021-09-23 18:53:16", "elapsed": 470.346945, "delta": 3.530934}}
{"target": 0.38312874637274674, "params": {"C": 198.2261718152788, "epsilon": 0.13343587139496835, "gamma": 0.04316366539502302, "lamda": 0.5800521729087241}, "datetime": {"datetime": "2021-09-23 18:53:18", "elapsed": 472.070432, "delta": 1.723487}}
{"target": 0.42653879045342935, "params": {"C": 188.26360578181797, "epsilon": 0.5221648153634644, "gamma": 0.011070441875547867, "lamda": 0.2181900357792558}, "datetime": {"datetime": "2021-09-23 18:53:20", "elapsed": 474.195356, "delta": 2.124924}}
{"target": 0.4449564474195161, "params": {"C": 132.07005006474438, "epsilon": 0.4916676149053922, "gamma": 0.013329956884551377, "lamda": 0.9800271316171391}, "datetime": {"datetime": "2021-09-23 18:53:23", "elapsed": 477.172781, "delta": 2.977425}}
{"target": 0.4245515176320471, "params": {"C": 131.97402455461014, "epsilon": 0.9154226040414101, "gamma": 0.06601534220934291, "lamda": 0.9815282407913979}, "datetime": {"datetime": "2021-09-23 18:53:26", "elapsed": 480.232424, "delta": 3.059643}}
{"target": 0.333317212796013, "params": {"C": 167.87829428756584, "epsilon": 0.01630446857319323, "gamma": 0.07868786075679975, "lamda": 0.8027094866901361}, "datetime": {"datetime": "2021-09-23 18:53:28", "elapsed": 482.041158, "delta": 1.808734}}
{"target": 0.45069893473030054, "params": {"C": 143.83074040256008, "epsilon": 0.6448769004549357, "gamma": 0.006461555292775916, "lamda": 0.9248334058207323}, "datetime": {"datetime": "2021-09-23 18:53:32", "elapsed": 486.015182, "delta": 3.974024}}
{"target": 0.44115647427692417, "params": {"C": 121.33053538025042, "epsilon": 0.6368828585013703, "gamma": 0.013648377351665648, "lamda": 0.5820826219498699}, "datetime": {"datetime": "2021-09-23 18:53:34", "elapsed": 487.793749, "delta": 1.778567}}
{"target": 0.44650864498687215, "params": {"C": 183.47714205397364, "epsilon": 0.9570921068507352, "gamma": 0.014933940283563065, "lamda": 0.45306308492483965}, "datetime": {"datetime": "2021-09-23 18:53:36", "elapsed": 489.784799, "delta": 1.99105}}
{"target": 0.4524593378977273, "params": {"C": 143.7069012583536, "epsilon": 0.7052681370224423, "gamma": 0.01632573214735131, "lamda": 0.9424244208459}, "datetime": {"datetime": "2021-09-23 18:53:39", "elapsed": 492.628301, "delta": 2.843502}}
{"target": 0.4324915322278523, "params": {"C": 144.96534904406278, "epsilon": 0.7448954987045036, "gamma": 0.048651797723808274, "lamda": 0.945316204026375}, "datetime": {"datetime": "2021-09-23 18:53:41", "elapsed": 494.620173, "delta": 1.991872}}
