{"target": 0.4180694917498645, "params": {"C": 52.276026116779704, "epsilon": 0.6727407885981888, "gamma": 0.057034353634568845, "lamda": 0.9431489929787845}, "datetime": {"datetime": "2021-09-23 17:25:13", "elapsed": 456.141089, "delta": 3.898659}}
{"target": 0.20957770568057776, "params": {"C": 16.891802062988287, "epsilon": 0.6182619759568839, "gamma": 0.47864434927280214, "lamda": 0.5744320273033315}, "datetime": {"datetime": "2021-09-23 17:25:15", "elapsed": 457.980735, "delta": 1.839646}}
{"target": 0.34821216956863554, "params": {"C": 17.159402389871914, "epsilon": 0.7794816525047301, "gamma": 0.24508169816221131, "lamda": 0.4662165935429675}, "datetime": {"datetime": "2021-09-23 17:25:17", "elapsed": 459.8968, "delta": 1.916065}}
{"target": 0.3598881032546717, "params": {"C": 52.66922614535821, "epsilon": 0.48032377777120144, "gamma": 0.001, "lamda": 0.7740583618624352}, "datetime": {"datetime": "2021-09-23 17:25:20", "elapsed": 463.314824, "delta": 3.418024}}
{"target": 0.41889059859860733, "params": {"C": 53.15985741330046, "epsilon": 0.736502646883094, "gamma": 0.05709569039474047, "lamda": 0.9721344958045146}, "datetime": {"datetime": "2021-09-23 17:25:24", "elapsed": 467.378348, "delta": 4.063524}}
{"target": 0.3453942417679047, "params": {"C": 53.09819979156166, "epsilon": 0.6260586550397768, "gamma": 0.17251079882850254, "lamda": 0.7632262119989329}, "datetime": {"datetime": "2021-09-23 17:25:27", "elapsed": 470.285358, "delta": 2.90701}}
{"target": 0.32178791905708726, "params": {"C": 52.46145596006517, "epsilon": 0.6426083191012624, "gamma": 0.269862530900257, "lamda": 0.7517894141612689}, "datetime": {"datetime": "2021-09-23 17:25:31", "elapsed": 474.061294, "delta": 3.775936}}
{"target": 0.2950135187860735, "params": {"C": 72.67054570736023, "epsilon": 0.8427624806933935, "gamma": 0.41072790178136437, "lamda": 0.3547305549473057}, "datetime": {"datetime": "2021-09-23 17:25:33", "elapsed": 475.851438, "delta": 1.790144}}
{"target": 0.2934532646804905, "params": {"C": 51.556557271476954, "epsilon": 0.3931159104295614, "gamma": 0.44635030448800506, "lamda": 0.788717331008788}, "datetime": {"datetime": "2021-09-23 17:25:34", "elapsed": 477.666461, "delta": 1.815023}}
{"target": 0.445378136455713, "params": {"C": 84.53531276943566, "epsilon": 0.7796208191425522, "gamma": 0.013587894791394377, "lamda": 0.6824735720009418}, "datetime": {"datetime": "2021-09-23 17:25:38", "elapsed": 481.499961, "delta": 3.8335}}
{"target": 0.42476792508108885, "params": {"C": 84.72865513972184, "epsilon": 0.6485386798731668, "gamma": 0.03994780553970624, "lamda": 0.9527231935010819}, "datetime": {"datetime": "2021-09-23 17:25:42", "elapsed": 485.201856, "delta": 3.701895}}
{"target": 0.3661247240879483, "params": {"C": 80.56134764412572, "epsilon": 0.7802037539511111, "gamma": 0.1063899896996517, "lamda": 0.6830134759050056}, "datetime": {"datetime": "2021-09-23 17:25:44", "elapsed": 486.944221, "delta": 1.742365}}
{"target": 0.4190873491290853, "params": {"C": 84.83988657568077, "epsilon": 0.816370026434246, "gamma": 0.046921640445496494, "lamda": 0.7504450060880422}, "datetime": {"datetime": "2021-09-23 17:25:47", "elapsed": 490.184497, "delta": 3.240276}}
{"target": 0.14608253914864622, "params": {"C": 43.67350200017147, "epsilon": 0.2644086230482205, "gamma": 0.9424893016353016, "lamda": 0.005525472164170585}, "datetime": {"datetime": "2021-09-23 17:25:49", "elapsed": 492.118092, "delta": 1.933595}}
{"target": 0.3669288750306543, "params": {"C": 84.95918554644595, "epsilon": 0.611505852094396, "gamma": 0.10953809453223498, "lamda": 0.9122925281891244}, "datetime": {"datetime": "2021-09-23 17:25:52", "elapsed": 495.532206, "delta": 3.414114}}
{"target": 0.3121408360221197, "params": {"C": 9.711687502009829, "epsilon": 0.6282118518796799, "gamma": 0.2386503060300355, "lamda": 0.5296616988053923}, "datetime": {"datetime": "2021-09-23 17:25:56", "elapsed": 498.951762, "delta": 3.419556}}
{"target": 0.442710221953014, "params": {"C": 84.58410529121754, "epsilon": 0.8653528698632313, "gamma": 0.02382063306179463, "lamda": 0.912027738548659}, "datetime": {"datetime": "2021-09-23 17:25:59", "elapsed": 502.106507, "delta": 3.154745}}
{"target": 0.2773160084324119, "params": {"C": 92.1188777083513, "epsilon": 0.1276047372175666, "gamma": 0.3427634591972252, "lamda": 0.8184804790881637}, "datetime": {"datetime": "2021-09-23 17:26:01", "elapsed": 503.798179, "delta": 1.691672}}
{"target": 0.20745455503946475, "params": {"C": 16.780900614748198, "epsilon": 0.001, "gamma": 0.001, "lamda": 0.344145368135993}, "datetime": {"datetime": "2021-09-23 17:26:03", "elapsed": 506.533598, "delta": 2.735419}}
{"target": 0.3821920099501427, "params": {"C": 85.10601409915463, "epsilon": 0.9743681993619158, "gamma": 0.07332243130555179, "lamda": 0.20512442237894069}, "datetime": {"datetime": "2021-09-23 17:26:05", "elapsed": 508.495129, "delta": 1.961531}}
{"target": 0.17787267709310584, "params": {"C": 14.99454832386151, "epsilon": 0.16152306829723403, "gamma": 0.5245524217877343, "lamda": 0.5665387113359799}, "datetime": {"datetime": "2021-09-23 17:26:07", "elapsed": 510.017123, "delta": 1.521994}}
{"target": 0.3844214484239026, "params": {"C": 65.25374193401913, "epsilon": 0.0045557989723754725, "gamma": 0.001, "lamda": 0.5278183275111429}, "datetime": {"datetime": "2021-09-23 17:26:11", "elapsed": 514.694604, "delta": 4.677481}}
{"target": 0.3822498616893806, "params": {"C": 89.88047213671727, "epsilon": 0.5333184525459458, "gamma": 0.06929457266152214, "lamda": 0.21520807696331248}, "datetime": {"datetime": "2021-09-23 17:26:13", "elapsed": 516.561044, "delta": 1.86644}}
{"target": 0.4467517390650242, "params": {"C": 53.33261004314953, "epsilon": 0.9800485246283778, "gamma": 0.016726607075185227, "lamda": 0.7357404213321596}, "datetime": {"datetime": "2021-09-23 17:26:16", "elapsed": 519.706681, "delta": 3.145637}}
{"target": 0.3360911197592803, "params": {"C": 53.32514331353452, "epsilon": 0.9144635957352129, "gamma": 0.2411871455814571, "lamda": 0.8379387697010872}, "datetime": {"datetime": "2021-09-23 17:26:19", "elapsed": 522.673314, "delta": 2.966633}}
{"target": 0.20838822468979856, "params": {"C": 82.25640038908126, "epsilon": 0.12890462089790564, "gamma": 0.860633129821667, "lamda": 0.15855130736968354}, "datetime": {"datetime": "2021-09-23 17:26:21", "elapsed": 523.981966, "delta": 1.308652}}
{"target": 0.40471552192612614, "params": {"C": 52.49440935258168, "epsilon": 0.7478337337152241, "gamma": 0.0766095984376599, "lamda": 0.9651626916683773}, "datetime": {"datetime": "2021-09-23 17:26:24", "elapsed": 527.291435, "delta": 3.309469}}
{"target": 0.27539510869980954, "params": {"C": 45.11330895555868, "epsilon": 0.372243499959194, "gamma": 0.5108677379200471, "lamda": 0.6721973225234401}, "datetime": {"datetime": "2021-09-23 17:26:25", "elapsed": 528.664546, "delta": 1.373111}}
{"target": 0.3936427065074384, "params": {"C": 84.12396779168212, "epsilon": 0.5010370948666913, "gamma": 0.001, "lamda": 1.0}, "datetime": {"datetime": "2021-09-23 17:26:29", "elapsed": 532.030738, "delta": 3.366192}}
{"target": 0.17211933428200177, "params": {"C": 69.3694150939192, "epsilon": 0.6653023050102863, "gamma": 0.9719138149650574, "lamda": 0.1911902518519606}, "datetime": {"datetime": "2021-09-23 17:26:30", "elapsed": 533.578365, "delta": 1.547627}}
{"target": 0.2598274652170546, "params": {"C": 66.87984103736898, "epsilon": 0.13409322087572662, "gamma": 0.6129481433626179, "lamda": 0.5856188892049191}, "datetime": {"datetime": "2021-09-23 17:26:32", "elapsed": 535.094023, "delta": 1.515658}}
{"target": 0.4391420847664791, "params": {"C": 84.54580342059936, "epsilon": 0.663819991982141, "gamma": 0.010747097852355052, "lamda": 0.36220899187415745}, "datetime": {"datetime": "2021-09-23 17:26:34", "elapsed": 536.852742, "delta": 1.758719}}
{"target": 0.3524153953062026, "params": {"C": 42.28517846555483, "epsilon": 0.7206041689487159, "gamma": 0.0011142604425275417, "lamda": 0.3030302400592079}, "datetime": {"datetime": "2021-09-23 17:36:50", "elapsed": 0.0, "delta": 0.0}}
{"target": 0.37497463567688394, "params": {"C": 15.528833190894192, "epsilon": 0.093246256174029, "gamma": 0.18707395116629325, "lamda": 0.3462151663160047}, "datetime": {"datetime": "2021-09-23 17:36:51", "elapsed": 0.398001, "delta": 0.398001}}
{"target": 0.2992795840862523, "params": {"C": 40.27997994883632, "epsilon": 0.5392779172693536, "gamma": 0.4197753198888915, "lamda": 0.6855342808963627}, "datetime": {"datetime": "2021-09-23 17:36:51", "elapsed": 0.716998, "delta": 0.318997}}
{"target": 0.44606689738485494, "params": {"C": 21.240772723420225, "epsilon": 0.8782393189545544, "gamma": 0.02836020560472824, "lamda": 0.6707970426682238}, "datetime": {"datetime": "2021-09-23 17:36:51", "elapsed": 1.028998, "delta": 0.312}}
{"target": 0.36980989360453853, "params": {"C": 42.31317543434557, "epsilon": 0.5591311386173059, "gamma": 0.14124655165663855, "lamda": 0.1989033875957939}, "datetime": {"datetime": "2021-09-23 17:36:52", "elapsed": 1.345, "delta": 0.316002}}
{"target": 0.4104926686071114, "params": {"C": 20.757094030092894, "epsilon": 0.26899776610475395, "gamma": 0.11625816410295584, "lamda": 0.47381778759681165}, "datetime": {"datetime": "2021-09-23 17:36:52", "elapsed": 1.828998, "delta": 0.483998}}
{"target": 0.13032738497825336, "params": {"C": 21.770340758955488, "epsilon": 1.0, "gamma": 0.7622231719153123, "lamda": 0.9966263728700577}, "datetime": {"datetime": "2021-09-23 17:36:53", "elapsed": 2.209998, "delta": 0.381}}
{"target": 0.36270979746070264, "params": {"C": 20.665434807500624, "epsilon": 0.24149780665424914, "gamma": 0.22045445528001878, "lamda": 0.41202277198627746}, "datetime": {"datetime": "2021-09-23 17:36:53", "elapsed": 2.617545, "delta": 0.407547}}
{"target": 0.006878695623174114, "params": {"C": 3.099421091610255, "epsilon": 0.8080733583870945, "gamma": 0.964890685562085, "lamda": 0.702370954216352}, "datetime": {"datetime": "2021-09-23 17:36:54", "elapsed": 3.091542, "delta": 0.473997}}
{"target": 0.24337207890465273, "params": {"C": 21.459065631808432, "epsilon": 0.42315272903608636, "gamma": 0.001, "lamda": 0.001}, "datetime": {"datetime": "2021-09-23 17:36:54", "elapsed": 3.878542, "delta": 0.787}}
{"target": 0.23787645760370857, "params": {"C": 20.719026024959508, "epsilon": 0.7095111561565456, "gamma": 0.001, "lamda": 0.999495739756065}, "datetime": {"datetime": "2021-09-23 17:36:55", "elapsed": 4.724911, "delta": 0.846369}}
{"target": 0.30964057388931676, "params": {"C": 21.17900604733337, "epsilon": 0.6231733554032974, "gamma": 0.3297970185641374, "lamda": 0.49747575511969766}, "datetime": {"datetime": "2021-09-23 17:36:56", "elapsed": 5.249558, "delta": 0.524647}}
{"target": 0.2615073329962011, "params": {"C": 44.16349531205837, "epsilon": 0.02690030559606344, "gamma": 0.5501128154008305, "lamda": 0.4358870702256586}, "datetime": {"datetime": "2021-09-23 17:37:02", "elapsed": 0.0, "delta": 0.0}}
{"target": 0.3427180511398177, "params": {"C": 42.61641240666141, "epsilon": 0.33100448618287026, "gamma": 0.20544398540380465, "lamda": 0.6196516953843131}, "datetime": {"datetime": "2021-09-23 17:37:02", "elapsed": 0.323994, "delta": 0.323994}}
{"target": 0.20694488687882373, "params": {"C": 30.66581269377779, "epsilon": 0.2675604478277638, "gamma": 0.6215126989365256, "lamda": 0.529612952182762}, "datetime": {"datetime": "2021-09-23 17:37:02", "elapsed": 0.695638, "delta": 0.371644}}
{"target": 0.3763122564971878, "params": {"C": 14.323414589148422, "epsilon": 0.5140645431444807, "gamma": 0.18525542578126836, "lamda": 0.7855498126688568}, "datetime": {"datetime": "2021-09-23 17:37:03", "elapsed": 0.987912, "delta": 0.292274}}
{"target": 0.2131572840192848, "params": {"C": 85.5435539713094, "epsilon": 0.4947426005445459, "gamma": 0.8467149238721106, "lamda": 0.08056583153205193}, "datetime": {"datetime": "2021-09-23 17:37:03", "elapsed": 1.360772, "delta": 0.37286}}
{"target": 0.3007373725672675, "params": {"C": 79.85759672278877, "epsilon": 0.5128172979098047, "gamma": 0.37364021913997636, "lamda": 0.7871963927129769}, "datetime": {"datetime": "2021-09-23 17:37:03", "elapsed": 1.700774, "delta": 0.340002}}
{"target": 0.03991991562170061, "params": {"C": 2.5122175001992955, "epsilon": 0.45065704162312437, "gamma": 0.5191267988360582, "lamda": 0.05884936954631199}, "datetime": {"datetime": "2021-09-23 17:37:04", "elapsed": 2.647515, "delta": 0.946741}}
{"target": 0.20256679303983982, "params": {"C": 16.52884794647102, "epsilon": 0.688112382543375, "gamma": 0.49003892655717907, "lamda": 0.6675240727025479}, "datetime": {"datetime": "2021-09-23 17:37:05", "elapsed": 3.231491, "delta": 0.583976}}
{"target": 0.43097666556288083, "params": {"C": 13.593358274533392, "epsilon": 0.4568371901018086, "gamma": 0.08468272389273217, "lamda": 0.8240248537523801}, "datetime": {"datetime": "2021-09-23 17:37:06", "elapsed": 3.84581, "delta": 0.614319}}
{"target": 0.06607371013048247, "params": {"C": 11.697192190798967, "epsilon": 0.7880958444645774, "gamma": 0.8303236895119576, "lamda": 0.09391572150432768}, "datetime": {"datetime": "2021-09-23 17:37:06", "elapsed": 4.625745, "delta": 0.779935}}
{"target": 0.0949905693601546, "params": {"C": 13.644709746746251, "epsilon": 0.035678572714707736, "gamma": 0.7442031019768348, "lamda": 0.9320492945292757}, "datetime": {"datetime": "2021-09-23 17:37:07", "elapsed": 5.174238, "delta": 0.548493}}
{"target": 0.42100749083069056, "params": {"C": 13.654581765348455, "epsilon": 0.44131645353921534, "gamma": 0.10401286774465, "lamda": 0.7575667435321857}, "datetime": {"datetime": "2021-09-23 17:37:07", "elapsed": 5.559057, "delta": 0.384819}}
{"target": 0.3978766365266939, "params": {"C": 13.854940818239305, "epsilon": 0.8404557773121902, "gamma": 0.1489989622753509, "lamda": 0.8527329079330748}, "datetime": {"datetime": "2021-09-23 17:37:08", "elapsed": 6.045059, "delta": 0.486002}}
{"target": 0.17276154188213033, "params": {"C": 13.225908378771567, "epsilon": 0.8438953642048026, "gamma": 0.001, "lamda": 0.5144444148143329}, "datetime": {"datetime": "2021-09-23 17:37:08", "elapsed": 6.583055, "delta": 0.537996}}
{"target": 0.44819880314416616, "params": {"C": 14.08098622403701, "epsilon": 0.2524871752701338, "gamma": 0.04130177044119567, "lamda": 0.92830874213046}, "datetime": {"datetime": "2021-09-23 17:37:09", "elapsed": 7.06992, "delta": 0.486865}}
{"target": 0.4385260767674517, "params": {"C": 14.727658504405493, "epsilon": 0.0629529923831682, "gamma": 0.012689367649391721, "lamda": 0.6657412508800429}, "datetime": {"datetime": "2021-09-23 17:37:10", "elapsed": 7.79411, "delta": 0.72419}}
{"target": 0.44702932881250934, "params": {"C": 15.325844444195212, "epsilon": 0.36390356268736807, "gamma": 0.022311744821871687, "lamda": 0.8853397248780284}, "datetime": {"datetime": "2021-09-23 17:37:10", "elapsed": 8.292104, "delta": 0.497994}}
{"target": 0.4408946497272195, "params": {"C": 15.303515652060025, "epsilon": 0.22829090425001305, "gamma": 0.014562270654575164, "lamda": 0.1251217272010853}, "datetime": {"datetime": "2021-09-23 17:37:10", "elapsed": 8.779396, "delta": 0.487292}}
{"target": 0.13071757729516242, "params": {"C": 15.305292332415606, "epsilon": 0.056879285291782974, "gamma": 0.6553944477336003, "lamda": 0.3101782190613552}, "datetime": {"datetime": "2021-09-23 17:37:11", "elapsed": 9.311938, "delta": 0.532542}}
{"target": 0.44055798984306305, "params": {"C": 14.932600508180613, "epsilon": 0.7797393479947694, "gamma": 0.013215610089613465, "lamda": 0.467378655836555}, "datetime": {"datetime": "2021-09-23 17:37:12", "elapsed": 9.844943, "delta": 0.533005}}
{"target": 0.44156506776636284, "params": {"C": 15.625464645356988, "epsilon": 0.8204314902541274, "gamma": 0.016692462238930134, "lamda": 0.09755289875821055}, "datetime": {"datetime": "2021-09-23 17:37:12", "elapsed": 10.491638, "delta": 0.646695}}
{"target": 0.4138724866957444, "params": {"C": 41.270518190461644, "epsilon": 0.488751885676581, "gamma": 0.0683303562439362, "lamda": 0.6878360233514652}, "datetime": {"datetime": "2021-09-23 17:37:13", "elapsed": 11.181652, "delta": 0.690014}}
{"target": 0.16386780569817905, "params": {"C": 41.53500355879128, "epsilon": 0.9982036320797985, "gamma": 0.8325478937790541, "lamda": 0.6789978213690092}, "datetime": {"datetime": "2021-09-23 17:37:13", "elapsed": 11.772501, "delta": 0.590849}}
{"target": 0.337218247103223, "params": {"C": 40.6560875291996, "epsilon": 0.001, "gamma": 0.001, "lamda": 0.7046012782533309}, "datetime": {"datetime": "2021-09-23 17:37:14", "elapsed": 12.460504, "delta": 0.688003}}
{"target": 0.336950452891127, "params": {"C": 41.7800296332858, "epsilon": 0.12610575893183354, "gamma": 0.24957063047015823, "lamda": 0.12720861549851406}, "datetime": {"datetime": "2021-09-23 17:37:15", "elapsed": 12.943509, "delta": 0.483005}}
{"target": 0.43621358923111564, "params": {"C": 14.564504258078053, "epsilon": 0.42824009722294387, "gamma": 0.011596457244626608, "lamda": 0.14824871175497048}, "datetime": {"datetime": "2021-09-23 17:37:15", "elapsed": 13.484358, "delta": 0.540849}}
{"target": 0.4011011809196612, "params": {"C": 39.10800203247729, "epsilon": 0.9879815811566747, "gamma": 0.09047272756569127, "lamda": 0.5022520690053511}, "datetime": {"datetime": "2021-09-23 17:37:16", "elapsed": 14.181034, "delta": 0.696676}}
{"target": 0.19430756156728046, "params": {"C": 15.454806169931778, "epsilon": 1.0, "gamma": 0.001, "lamda": 1.0}, "datetime": {"datetime": "2021-09-23 17:37:17", "elapsed": 14.832074, "delta": 0.65104}}
{"target": 0.4484896268814259, "params": {"C": 15.265966181231443, "epsilon": 0.3986859706555563, "gamma": 0.03528731073547174, "lamda": 0.8591744767419451}, "datetime": {"datetime": "2021-09-23 17:37:17", "elapsed": 15.313345, "delta": 0.481271}}
{"target": 0.33095145039844287, "params": {"C": 40.03156882392237, "epsilon": 1.0, "gamma": 0.001, "lamda": 0.413823600153397}, "datetime": {"datetime": "2021-09-23 17:37:18", "elapsed": 15.942583, "delta": 0.629238}}
{"target": 0.2650558654056445, "params": {"C": 38.72948360505283, "epsilon": 0.49586637618250673, "gamma": 0.5159808128313231, "lamda": 0.9528911023139875}, "datetime": {"datetime": "2021-09-23 17:37:18", "elapsed": 16.455584, "delta": 0.513001}}
{"target": 0.4018996795635078, "params": {"C": 38.46515877265634, "epsilon": 0.8780340154700297, "gamma": 0.09504196486309505, "lamda": 0.011933153207040633}, "datetime": {"datetime": "2021-09-23 17:37:19", "elapsed": 17.036463, "delta": 0.580879}}
{"target": 0.21543540636371217, "params": {"C": 39.082465534744465, "epsilon": 0.6243459820621026, "gamma": 0.65655252545455, "lamda": 0.03133565531652284}, "datetime": {"datetime": "2021-09-23 17:37:19", "elapsed": 17.596882, "delta": 0.560419}}
{"target": 0.19366009304104603, "params": {"C": 15.084792555321483, "epsilon": 0.7494749968493876, "gamma": 0.001, "lamda": 0.001}, "datetime": {"datetime": "2021-09-23 17:37:20", "elapsed": 18.382888, "delta": 0.786006}}
{"target": 0.2891691186710693, "params": {"C": 69.6065725312371, "epsilon": 0.5123494902716215, "gamma": 0.4473333168108874, "lamda": 0.2995023800047798}, "datetime": {"datetime": "2021-09-23 17:37:21", "elapsed": 18.823979, "delta": 0.441091}}
{"target": 0.09692486379943466, "params": {"C": 12.638537854769101, "epsilon": 0.11550097589583139, "gamma": 0.7128071640536581, "lamda": 0.8975581965435752}, "datetime": {"datetime": "2021-09-23 17:37:21", "elapsed": 19.358225, "delta": 0.534246}}
{"target": 0.3477837770574619, "params": {"C": 95.02693887376363, "epsilon": 0.8728944821954062, "gamma": 0.1677807164268468, "lamda": 0.777705965778011}, "datetime": {"datetime": "2021-09-23 17:37:22", "elapsed": 19.860227, "delta": 0.502002}}
{"target": 0.37096582353075236, "params": {"C": 14.863304383304666, "epsilon": 0.3329771002054593, "gamma": 0.19113956533834456, "lamda": 0.5069672859597566}, "datetime": {"datetime": "2021-09-23 17:37:22", "elapsed": 20.550224, "delta": 0.689997}}
{"target": 0.4412823468291418, "params": {"C": 15.783218467758015, "epsilon": 0.36802087490692137, "gamma": 0.060898349355819274, "lamda": 0.19353044208151837}, "datetime": {"datetime": "2021-09-23 17:37:23", "elapsed": 21.475423, "delta": 0.925199}}
{"target": 0.44509154901452197, "params": {"C": 15.376560567427486, "epsilon": 0.455353807704418, "gamma": 0.021878558779978602, "lamda": 0.423034425001787}, "datetime": {"datetime": "2021-09-23 17:37:24", "elapsed": 22.273427, "delta": 0.798004}}
{"target": 0.3529516752520595, "params": {"C": 58.89494734296903, "epsilon": 0.13322094592817618, "gamma": 0.13345597575039905, "lamda": 0.799057683324915}, "datetime": {"datetime": "2021-09-23 17:37:25", "elapsed": 22.817196, "delta": 0.543769}}
{"target": 0.28188498314679034, "params": {"C": 81.98839360636165, "epsilon": 0.16663203563647297, "gamma": 0.3895457055043467, "lamda": 0.3340522872528428}, "datetime": {"datetime": "2021-09-23 17:37:25", "elapsed": 23.319456, "delta": 0.50226}}
{"target": 0.37140502255433927, "params": {"C": 14.173439151785935, "epsilon": 0.11397317517837156, "gamma": 0.18587947859719792, "lamda": 0.29963314329588653}, "datetime": {"datetime": "2021-09-23 17:37:26", "elapsed": 24.011327, "delta": 0.691871}}
{"target": 0.44404379628155777, "params": {"C": 15.715039359612714, "epsilon": 0.03492456930207958, "gamma": 0.02268969330422713, "lamda": 0.6591353711271074}, "datetime": {"datetime": "2021-09-23 17:37:26", "elapsed": 24.662327, "delta": 0.651}}
{"target": 0.3835737371993324, "params": {"C": 15.95731154332779, "epsilon": 0.8649941067083686, "gamma": 0.17199130296377557, "lamda": 0.059265967723397595}, "datetime": {"datetime": "2021-09-23 17:37:27", "elapsed": 25.406825, "delta": 0.744498}}
{"target": 0.1846434772562462, "params": {"C": 14.432774308402234, "epsilon": 1.0, "gamma": 0.001, "lamda": 0.47293010602361896}, "datetime": {"datetime": "2021-09-23 17:37:28", "elapsed": 26.012825, "delta": 0.606}}
