{"target": 0.4438632955267786, "params": {"C": 17.051588324885483, "epsilon": 0.06644936266393918, "gamma": 0.0191378673585027, "lamda": 0.5003518442947046}, "datetime": {"datetime": "2021-09-23 18:04:23", "elapsed": 67.874875, "delta": 0.825998}}
{"target": 0.21541589042857057, "params": {"C": 17.7141946077564, "epsilon": 0.35527958380243513, "gamma": 0.001, "lamda": 0.48719370902564013}, "datetime": {"datetime": "2021-09-23 18:04:24", "elapsed": 68.85629, "delta": 0.981415}}
{"target": 0.44048061628473034, "params": {"C": 29.46772113269565, "epsilon": 0.5487692155122837, "gamma": 0.03513327060629025, "lamda": 0.42365450556313455}, "datetime": {"datetime": "2021-09-23 18:04:25", "elapsed": 69.920126, "delta": 1.063836}}
{"target": 0.43563505761400423, "params": {"C": 7.254306367231582, "epsilon": 0.06266225521797725, "gamma": 0.06134794267025231, "lamda": 0.025137513881293597}, "datetime": {"datetime": "2021-09-23 18:04:26", "elapsed": 70.672857, "delta": 0.752731}}
{"target": 0.4445590053045314, "params": {"C": 18.727738323006772, "epsilon": 0.35421336453098967, "gamma": 0.049085149983908526, "lamda": 0.04470852364322363}, "datetime": {"datetime": "2021-09-23 18:04:27", "elapsed": 71.937411, "delta": 1.264554}}
{"target": 0.44731518684739413, "params": {"C": 19.421859954320777, "epsilon": 0.24406470011190648, "gamma": 0.03495166075953916, "lamda": 0.38128827284922506}, "datetime": {"datetime": "2021-09-23 18:04:28", "elapsed": 73.051419, "delta": 1.114008}}
{"target": 0.44473588147433163, "params": {"C": 16.408924664722285, "epsilon": 0.07407057787934301, "gamma": 0.05090857868388974, "lamda": 0.8089238145925075}, "datetime": {"datetime": "2021-09-23 18:04:29", "elapsed": 73.825279, "delta": 0.77386}}
{"target": 0.4484093000251633, "params": {"C": 16.877690942520907, "epsilon": 0.26336602991812724, "gamma": 0.025864481097150074, "lamda": 0.9744839198186875}, "datetime": {"datetime": "2021-09-23 18:04:30", "elapsed": 74.649492, "delta": 0.824213}}
{"target": 0.4184167286135264, "params": {"C": 29.459811714140614, "epsilon": 0.7632622597515489, "gamma": 0.0790160206799237, "lamda": 0.9281643037939209}, "datetime": {"datetime": "2021-09-23 18:04:31", "elapsed": 75.555458, "delta": 0.905966}}
{"target": 0.4468016159014109, "params": {"C": 19.074088740700404, "epsilon": 0.9173335461104763, "gamma": 0.03156756664384422, "lamda": 0.4667410489530749}, "datetime": {"datetime": "2021-09-23 18:04:32", "elapsed": 76.455068, "delta": 0.89961}}
{"target": 0.2624132970433559, "params": {"C": 4.7740312711640875, "epsilon": 0.12844123143067165, "gamma": 0.0056801630571677595, "lamda": 0.23314842823121634}, "datetime": {"datetime": "2021-09-23 18:04:33", "elapsed": 77.541375, "delta": 1.086307}}
{"target": 0.40206497007464237, "params": {"C": 81.23222547924219, "epsilon": 0.8003086809974951, "gamma": 0.07557043208823723, "lamda": 0.8841234714940185}, "datetime": {"datetime": "2021-09-23 18:04:34", "elapsed": 78.267718, "delta": 0.726343}}
{"target": 0.43439377144502744, "params": {"C": 29.847894365135993, "epsilon": 0.17636859143824427, "gamma": 0.05262927258470965, "lamda": 0.44342483789956305}, "datetime": {"datetime": "2021-09-23 18:04:35", "elapsed": 79.254186, "delta": 0.986468}}
{"target": 0.4260700804158014, "params": {"C": 43.118162995781574, "epsilon": 0.48453261672322107, "gamma": 0.049702782903433225, "lamda": 0.4583110043082662}, "datetime": {"datetime": "2021-09-23 18:04:35", "elapsed": 80.065358, "delta": 0.811172}}
{"target": 0.44618983582865746, "params": {"C": 30.234248467035073, "epsilon": 0.7402041720158189, "gamma": 0.01581632774301306, "lamda": 0.38098567885494933}, "datetime": {"datetime": "2021-09-23 18:04:37", "elapsed": 81.244158, "delta": 1.1788}}
{"target": 0.43994713695575594, "params": {"C": 17.060686276909138, "epsilon": 0.019847655718733207, "gamma": 0.012534302967111704, "lamda": 0.009322092232235367}, "datetime": {"datetime": "2021-09-23 18:04:38", "elapsed": 82.53816, "delta": 1.294002}}
{"target": 0.423685747455648, "params": {"C": 5.6096822109862075, "epsilon": 0.8829033099723417, "gamma": 0.035417220872042764, "lamda": 0.928717233492631}, "datetime": {"datetime": "2021-09-23 18:04:39", "elapsed": 83.150103, "delta": 0.611943}}
{"target": 0.44776305185191634, "params": {"C": 13.173260427814027, "epsilon": 0.9209733505350385, "gamma": 0.0377002332937801, "lamda": 0.7699397771063476}, "datetime": {"datetime": "2021-09-23 18:04:39", "elapsed": 83.868148, "delta": 0.718045}}
{"target": 0.16964009106077715, "params": {"C": 12.942850550486652, "epsilon": 0.5658509526773393, "gamma": 0.001, "lamda": 1.0}, "datetime": {"datetime": "2021-09-23 18:04:40", "elapsed": 85.076037, "delta": 1.207889}}
{"target": 0.4369491790820206, "params": {"C": 13.496639498036705, "epsilon": 0.9008726697205282, "gamma": 0.07226079146745867, "lamda": 0.525674792243091}, "datetime": {"datetime": "2021-09-23 18:04:42", "elapsed": 86.168021, "delta": 1.091984}}
{"target": 0.4419667167278224, "params": {"C": 19.114801548095, "epsilon": 0.5790292162703288, "gamma": 0.013968952480038748, "lamda": 0.27120186756348474}, "datetime": {"datetime": "2021-09-23 18:04:42", "elapsed": 86.992907, "delta": 0.824886}}
{"target": 0.4450374255687686, "params": {"C": 18.50718237836768, "epsilon": 0.671122603703212, "gamma": 0.016567640303754887, "lamda": 0.4453287276419047}, "datetime": {"datetime": "2021-09-23 18:04:43", "elapsed": 88.058318, "delta": 1.065411}}
{"target": 0.44319067100917686, "params": {"C": 13.841803506837797, "epsilon": 0.4508003630602488, "gamma": 0.01678971044511786, "lamda": 0.7746288891269394}, "datetime": {"datetime": "2021-09-23 18:04:44", "elapsed": 89.090642, "delta": 1.032324}}
{"target": 0.3903924206490148, "params": {"C": 95.26166017849306, "epsilon": 0.6589206884827331, "gamma": 0.001, "lamda": 1.0}, "datetime": {"datetime": "2021-09-23 18:04:46", "elapsed": 90.21454, "delta": 1.123898}}
{"target": 0.4451965209157973, "params": {"C": 38.67809686632699, "epsilon": 0.1986705314530039, "gamma": 0.012669707109061863, "lamda": 0.9986335633747493}, "datetime": {"datetime": "2021-09-23 18:04:46", "elapsed": 90.960349, "delta": 0.745809}}
{"target": 0.43931986055304084, "params": {"C": 30.348860738360905, "epsilon": 0.5093704419939787, "gamma": 0.03631936869592494, "lamda": 0.8716371866277849}, "datetime": {"datetime": "2021-09-23 18:04:47", "elapsed": 92.031202, "delta": 1.070853}}
{"target": 0.43884407261824765, "params": {"C": 17.015907624506994, "epsilon": 0.7406835044433555, "gamma": 0.010445426815311153, "lamda": 0.9951605980709881}, "datetime": {"datetime": "2021-09-23 18:04:49", "elapsed": 93.173804, "delta": 1.142602}}
{"target": 0.2215561966382763, "params": {"C": 18.36551387446891, "epsilon": 1.0, "gamma": 0.001, "lamda": 0.017550593556613318}, "datetime": {"datetime": "2021-09-23 18:04:50", "elapsed": 94.321426, "delta": 1.147622}}
{"target": 0.4441138295865633, "params": {"C": 18.285324620090194, "epsilon": 0.07150100529586434, "gamma": 0.05080966721915082, "lamda": 0.03726180076759594}, "datetime": {"datetime": "2021-09-23 18:04:51", "elapsed": 95.417528, "delta": 1.096102}}
{"target": 0.4459390761107044, "params": {"C": 62.758217185252306, "epsilon": 0.8159780580469286, "gamma": 0.005808756488582557, "lamda": 0.4426131121586037}, "datetime": {"datetime": "2021-09-23 18:04:52", "elapsed": 96.251567, "delta": 0.834039}}
{"target": 0.43665610927317033, "params": {"C": 26.10412107488124, "epsilon": 0.20511994448179954, "gamma": 0.05258850613958073, "lamda": 0.5531914616024157}, "datetime": {"datetime": "2021-09-23 18:04:52", "elapsed": 96.982131, "delta": 0.730564}}
{"target": 0.4316175963366601, "params": {"C": 16.89648131081824, "epsilon": 0.3051400936495231, "gamma": 0.08, "lamda": 0.2582072766000716}, "datetime": {"datetime": "2021-09-23 18:04:53", "elapsed": 98.046729, "delta": 1.064598}}
{"target": 0.44108474929411834, "params": {"C": 16.204181335747535, "epsilon": 0.359344892950464, "gamma": 0.012518051416952686, "lamda": 0.9920889404720659}, "datetime": {"datetime": "2021-09-23 18:04:55", "elapsed": 99.231073, "delta": 1.184344}}
{"target": 0.43087312712999115, "params": {"C": 19.51807219192434, "epsilon": 0.34827222028600663, "gamma": 0.08, "lamda": 0.001}, "datetime": {"datetime": "2021-09-23 18:04:56", "elapsed": 100.300073, "delta": 1.069}}
{"target": 0.4482492967917615, "params": {"C": 18.552291041164015, "epsilon": 0.2692358404638911, "gamma": 0.03204505760858785, "lamda": 0.41477690130669315}, "datetime": {"datetime": "2021-09-23 18:04:57", "elapsed": 101.676623, "delta": 1.37655}}
{"target": 0.44636680056965783, "params": {"C": 30.184025396083467, "epsilon": 0.3584744385231038, "gamma": 0.017133915810687867, "lamda": 0.07490590009482535}, "datetime": {"datetime": "2021-09-23 18:04:58", "elapsed": 102.96612, "delta": 1.289497}}
{"target": 0.4301614882821032, "params": {"C": 28.98338013733464, "epsilon": 0.5971590084949544, "gamma": 0.00466328100022346, "lamda": 0.42346336303044213}, "datetime": {"datetime": "2021-09-23 18:05:00", "elapsed": 104.356211, "delta": 1.390091}}
{"target": 0.4083662125506142, "params": {"C": 96.76703065129499, "epsilon": 0.05100699212543013, "gamma": 0.04601080210134055, "lamda": 0.5730108915816855}, "datetime": {"datetime": "2021-09-23 18:05:01", "elapsed": 105.247588, "delta": 0.891377}}
{"target": 0.4219299293964639, "params": {"C": 19.338406307499476, "epsilon": 0.6889138242209113, "gamma": 0.006090947269397699, "lamda": 0.8969985681320187}, "datetime": {"datetime": "2021-09-23 18:05:02", "elapsed": 106.556058, "delta": 1.30847}}
{"target": 0.4357603106727189, "params": {"C": 30.663536853999943, "epsilon": 0.6236670408762781, "gamma": 0.04845170858560433, "lamda": 0.12808011782437198}, "datetime": {"datetime": "2021-09-23 18:05:04", "elapsed": 108.130936, "delta": 1.574878}}
{"target": 0.1985650403795003, "params": {"C": 15.772612085586374, "epsilon": 0.001, "gamma": 0.001, "lamda": 1.0}, "datetime": {"datetime": "2021-09-23 18:05:05", "elapsed": 109.581159, "delta": 1.450223}}
{"target": 0.44601317596372037, "params": {"C": 15.887962502899432, "epsilon": 0.7063132414102562, "gamma": 0.01713028832231391, "lamda": 0.7584776130080275}, "datetime": {"datetime": "2021-09-23 18:05:07", "elapsed": 111.314415, "delta": 1.733256}}
{"target": 0.43985746634909273, "params": {"C": 75.20321865083125, "epsilon": 0.6634494066996538, "gamma": 0.002838126151587155, "lamda": 0.12250974239354528}, "datetime": {"datetime": "2021-09-23 18:05:08", "elapsed": 112.380678, "delta": 1.066263}}
{"target": 0.44883460371050043, "params": {"C": 19.17786850578678, "epsilon": 0.5150994872668108, "gamma": 0.03132948331529163, "lamda": 0.16902231293007322}, "datetime": {"datetime": "2021-09-23 18:05:09", "elapsed": 113.309253, "delta": 0.928575}}
{"target": 0.4146124112418009, "params": {"C": 42.890385740153164, "epsilon": 0.7140289192064804, "gamma": 0.06929396050640788, "lamda": 0.9604016681746425}, "datetime": {"datetime": "2021-09-23 18:05:10", "elapsed": 114.703085, "delta": 1.393832}}
{"target": 0.29396063396975214, "params": {"C": 29.85536471844525, "epsilon": 0.23005075844589284, "gamma": 0.001, "lamda": 0.9868745119736109}, "datetime": {"datetime": "2021-09-23 18:05:11", "elapsed": 115.933116, "delta": 1.230031}}
{"target": 0.2918280887694792, "params": {"C": 29.776022167068877, "epsilon": 0.9951776901189039, "gamma": 0.001, "lamda": 0.501495202459593}, "datetime": {"datetime": "2021-09-23 18:05:12", "elapsed": 117.092372, "delta": 1.159256}}
{"target": 0.42020880358687984, "params": {"C": 28.89190517520636, "epsilon": 0.9365507902826734, "gamma": 0.07673444712986925, "lamda": 0.7393435874832637}, "datetime": {"datetime": "2021-09-23 18:05:14", "elapsed": 118.216532, "delta": 1.12416}}
{"target": 0.4370433718975766, "params": {"C": 29.8918769769658, "epsilon": 0.45202500864301615, "gamma": 0.042732030286651505, "lamda": 0.208948266503197}, "datetime": {"datetime": "2021-09-23 18:05:15", "elapsed": 119.357923, "delta": 1.141391}}
{"target": 0.22815195038922376, "params": {"C": 19.72308536204359, "epsilon": 0.001, "gamma": 0.001, "lamda": 0.47569932221176053}, "datetime": {"datetime": "2021-09-23 18:05:16", "elapsed": 121.031641, "delta": 1.673718}}
{"target": 0.4195072415618727, "params": {"C": 30.24785410874772, "epsilon": 0.4051974689203208, "gamma": 0.08, "lamda": 0.46657089895990206}, "datetime": {"datetime": "2021-09-23 18:05:18", "elapsed": 122.349432, "delta": 1.317791}}
{"target": 0.42908451379951706, "params": {"C": 30.25166382500507, "epsilon": 0.7600942916950014, "gamma": 0.06454690948887769, "lamda": 0.01681757379536586}, "datetime": {"datetime": "2021-09-23 18:05:19", "elapsed": 123.661019, "delta": 1.311587}}
{"target": 0.40589165849073516, "params": {"C": 65.52195075482801, "epsilon": 0.2776871440514147, "gamma": 0.06473114333812388, "lamda": 0.20482573648558627}, "datetime": {"datetime": "2021-09-23 18:05:20", "elapsed": 124.564024, "delta": 0.903005}}
{"target": 0.44434857636549063, "params": {"C": 96.79470742014317, "epsilon": 0.7673358335560438, "gamma": 0.004987843426141435, "lamda": 0.03305951131433452}, "datetime": {"datetime": "2021-09-23 18:05:21", "elapsed": 125.630839, "delta": 1.066815}}
{"target": 0.4402246456973834, "params": {"C": 16.571650663394927, "epsilon": 0.6118215865980625, "gamma": 0.013113197592555796, "lamda": 0.005669799787156121}, "datetime": {"datetime": "2021-09-23 18:05:22", "elapsed": 126.558525, "delta": 0.927686}}
{"target": 0.3845091601833983, "params": {"C": 84.93489128338292, "epsilon": 0.09598816439955357, "gamma": 0.07272679080063298, "lamda": 0.38022182753312006}, "datetime": {"datetime": "2021-09-23 18:05:23", "elapsed": 127.632171, "delta": 1.073646}}
{"target": 0.4416529005682093, "params": {"C": 18.74636198935343, "epsilon": 0.018289133845779695, "gamma": 0.053554646373213485, "lamda": 0.2377273553381397}, "datetime": {"datetime": "2021-09-23 18:05:24", "elapsed": 129.023999, "delta": 1.391828}}
{"target": 0.43928043001751826, "params": {"C": 38.301668195906316, "epsilon": 0.09512356121267772, "gamma": 0.024078237101772385, "lamda": 0.6934929091619714}, "datetime": {"datetime": "2021-09-23 18:05:25", "elapsed": 129.913787, "delta": 0.889788}}
{"target": 0.40554226986998665, "params": {"C": 19.149520810427134, "epsilon": 0.9461081045609513, "gamma": 0.004633403236907549, "lamda": 0.020879696076576058}, "datetime": {"datetime": "2021-09-23 18:05:27", "elapsed": 131.301794, "delta": 1.388007}}
{"target": 0.22063811759945307, "params": {"C": 18.383736822673335, "epsilon": 0.36530685242733674, "gamma": 0.001, "lamda": 0.16080522945201284}, "datetime": {"datetime": "2021-09-23 18:05:28", "elapsed": 132.617713, "delta": 1.315919}}
{"target": 0.44418974720661963, "params": {"C": 19.16187508892789, "epsilon": 0.534850600635944, "gamma": 0.01906302142623035, "lamda": 0.15401129519196424}, "datetime": {"datetime": "2021-09-23 18:05:29", "elapsed": 133.406124, "delta": 0.788411}}
{"target": 0.368049231342396, "params": {"C": 12.176102510605716, "epsilon": 0.9226663161598764, "gamma": 0.004668252243344541, "lamda": 0.39957762842634753}, "datetime": {"datetime": "2021-09-23 18:05:30", "elapsed": 134.277204, "delta": 0.87108}}
{"target": 0.44818884844936935, "params": {"C": 12.526004907856107, "epsilon": 0.44730759703475526, "gamma": 0.04468356495570635, "lamda": 0.7548461310265218}, "datetime": {"datetime": "2021-09-23 18:05:30", "elapsed": 134.977018, "delta": 0.699814}}
{"target": 0.44776323176455657, "params": {"C": 19.045715701612167, "epsilon": 0.2660993953140396, "gamma": 0.026121405882666957, "lamda": 0.28287309522649035}, "datetime": {"datetime": "2021-09-23 18:05:31", "elapsed": 136.088516, "delta": 1.111498}}
{"target": 0.44833211714453336, "params": {"C": 18.46733329831635, "epsilon": 0.08852777048187911, "gamma": 0.03154620393765131, "lamda": 0.6581342589362531}, "datetime": {"datetime": "2021-09-23 18:05:33", "elapsed": 137.32927, "delta": 1.240754}}
{"target": 0.4377341125583355, "params": {"C": 18.83929553425932, "epsilon": 0.7275820345779669, "gamma": 0.009094067123252912, "lamda": 0.4268510703420086}, "datetime": {"datetime": "2021-09-23 18:05:34", "elapsed": 138.645149, "delta": 1.315879}}
{"target": 0.4368808837616863, "params": {"C": 37.28181656836376, "epsilon": 0.5826305514062131, "gamma": 0.03822663487646822, "lamda": 0.8648054772859267}, "datetime": {"datetime": "2021-09-23 18:05:35", "elapsed": 139.43276, "delta": 0.787611}}
{"target": 0.4405072790594643, "params": {"C": 18.913711493182593, "epsilon": 0.17783252221790852, "gamma": 0.056664438512121384, "lamda": 0.024524379816711676}, "datetime": {"datetime": "2021-09-23 18:05:36", "elapsed": 140.672131, "delta": 1.239371}}
{"target": 0.4303981935061161, "params": {"C": 18.50819637975575, "epsilon": 0.4066690125835721, "gamma": 0.07560945615366686, "lamda": 0.7206225212721351}, "datetime": {"datetime": "2021-09-23 18:05:37", "elapsed": 142.081246, "delta": 1.409115}}
{"target": 0.44324044989407574, "params": {"C": 16.016938596034954, "epsilon": 0.45936605481940357, "gamma": 0.05063146767070125, "lamda": 0.9362171509104132}, "datetime": {"datetime": "2021-09-23 18:05:38", "elapsed": 142.854878, "delta": 0.773632}}
{"target": 0.41210391976331295, "params": {"C": 37.74369237810154, "epsilon": 0.4980006362624043, "gamma": 0.07535327991368211, "lamda": 0.8164982444395064}, "datetime": {"datetime": "2021-09-23 18:05:39", "elapsed": 143.586461, "delta": 0.731583}}
{"target": 0.43223096308861564, "params": {"C": 16.62896881088166, "epsilon": 0.4023729694424381, "gamma": 0.008801424087567275, "lamda": 0.9255334647526418}, "datetime": {"datetime": "2021-09-23 18:05:41", "elapsed": 145.272224, "delta": 1.685763}}
{"target": 0.427986187298112, "params": {"C": 19.351363258527034, "epsilon": 0.5184278352321738, "gamma": 0.08, "lamda": 0.4739126693635936}, "datetime": {"datetime": "2021-09-23 18:05:42", "elapsed": 146.600744, "delta": 1.32852}}
{"target": 0.4401197818034074, "params": {"C": 18.81084016547098, "epsilon": 0.016138682331677867, "gamma": 0.060815635258638256, "lamda": 0.6498938917793892}, "datetime": {"datetime": "2021-09-23 18:05:43", "elapsed": 147.916102, "delta": 1.315358}}
{"target": 0.44764873744226785, "params": {"C": 16.867773270654936, "epsilon": 0.2670562781818803, "gamma": 0.029646955794178628, "lamda": 0.6386327389021574}, "datetime": {"datetime": "2021-09-23 18:05:45", "elapsed": 149.706127, "delta": 1.790025}}
{"target": 0.4297083224732732, "params": {"C": 29.385779759522798, "epsilon": 0.15541235907677134, "gamma": 0.06262005202500157, "lamda": 0.4461063210678314}, "datetime": {"datetime": "2021-09-23 18:05:46", "elapsed": 150.773125, "delta": 1.066998}}
{"target": 0.4423699613447205, "params": {"C": 16.954689567274745, "epsilon": 0.027301670972233766, "gamma": 0.017764941061773887, "lamda": 0.8463315766835325}, "datetime": {"datetime": "2021-09-23 18:05:48", "elapsed": 152.387616, "delta": 1.614491}}
{"target": 0.43305331636701094, "params": {"C": 12.276626481786941, "epsilon": 0.26455469735036885, "gamma": 0.08, "lamda": 0.7063268166968278}, "datetime": {"datetime": "2021-09-23 18:05:49", "elapsed": 153.824278, "delta": 1.436662}}
{"target": 0.4458062147348414, "params": {"C": 12.281080276019505, "epsilon": 0.25417840442037126, "gamma": 0.05238644432596758, "lamda": 0.7361509560707369}, "datetime": {"datetime": "2021-09-23 18:05:50", "elapsed": 154.817281, "delta": 0.993003}}
{"target": 0.42356630701390396, "params": {"C": 95.45755139028442, "epsilon": 0.37869507180151, "gamma": 0.032004186002287764, "lamda": 0.719166950416091}, "datetime": {"datetime": "2021-09-23 18:05:51", "elapsed": 155.978438, "delta": 1.161157}}
{"target": 0.44806538173383625, "params": {"C": 12.335167040523277, "epsilon": 0.001249310078557644, "gamma": 0.041901173775413365, "lamda": 0.9676467640830495}, "datetime": {"datetime": "2021-09-23 18:05:53", "elapsed": 157.398011, "delta": 1.419573}}
{"target": 0.44812896682071046, "params": {"C": 12.09320426317581, "epsilon": 0.4289384024987198, "gamma": 0.0442536043627615, "lamda": 0.9645034702515601}, "datetime": {"datetime": "2021-09-23 18:05:55", "elapsed": 159.195764, "delta": 1.797753}}
{"target": 0.44372825164527274, "params": {"C": 34.700005270466036, "epsilon": 0.21931641829105641, "gamma": 0.019099202337192905, "lamda": 0.44473797985751645}, "datetime": {"datetime": "2021-09-23 18:05:55", "elapsed": 160.00555, "delta": 0.809786}}
{"target": 0.4199273459172783, "params": {"C": 29.486246317296583, "epsilon": 0.480574490355985, "gamma": 0.08, "lamda": 0.04420429159716786}, "datetime": {"datetime": "2021-09-23 18:05:58", "elapsed": 162.208774, "delta": 2.203224}}
{"target": 0.216491810131764, "params": {"C": 14.10144193458768, "epsilon": 0.2223304291670307, "gamma": 0.0012754181186668567, "lamda": 0.6644869281835186}, "datetime": {"datetime": "2021-09-23 18:05:59", "elapsed": 163.823267, "delta": 1.614493}}
{"target": 0.4479079756798714, "params": {"C": 13.897533718675847, "epsilon": 0.7516125210638449, "gamma": 0.0373288097394258, "lamda": 0.8050698451679593}, "datetime": {"datetime": "2021-09-23 18:06:01", "elapsed": 165.744541, "delta": 1.921274}}
{"target": 0.4248179764032258, "params": {"C": 73.62478158538487, "epsilon": 0.2455064517651762, "gamma": 0.03336246982659471, "lamda": 0.23455341545448866}, "datetime": {"datetime": "2021-09-23 18:06:02", "elapsed": 166.541149, "delta": 0.796608}}
{"target": 0.44866162378305163, "params": {"C": 13.547611359977966, "epsilon": 0.7426553910884922, "gamma": 0.03349361381560618, "lamda": 0.8144006889868055}, "datetime": {"datetime": "2021-09-23 18:06:04", "elapsed": 168.342796, "delta": 1.801647}}
{"target": 0.36827617704757887, "params": {"C": 14.233116390905494, "epsilon": 0.7046144045418137, "gamma": 0.004013931143431817, "lamda": 0.9305264560992316}, "datetime": {"datetime": "2021-09-23 18:06:05", "elapsed": 169.672707, "delta": 1.329911}}
