{"target": 0.3804985061805577, "params": {"C": 110.34900360638566, "epsilon": 0.7783213536321137, "gamma": 0.07050573860161317, "lamda": 0.4165588393680383}, "datetime": {"datetime": "2021-09-23 18:32:40", "elapsed": 66.482334, "delta": 0.752847}}
{"target": 0.37695426072827165, "params": {"C": 98.25259845325935, "epsilon": 0.3982770581306959, "gamma": 0.07693453325092364, "lamda": 0.7390037911312142}, "datetime": {"datetime": "2021-09-23 18:32:41", "elapsed": 67.253501, "delta": 0.771167}}
{"target": 0.4098064726469117, "params": {"C": 71.55248629832606, "epsilon": 0.5271296285388397, "gamma": 0.05577174523352745, "lamda": 0.8527085875041028}, "datetime": {"datetime": "2021-09-23 18:32:42", "elapsed": 67.873788, "delta": 0.620287}}
{"target": 0.42634487026780055, "params": {"C": 44.069130858398665, "epsilon": 0.8035392882369734, "gamma": 0.04841080416220972, "lamda": 0.2928268436600224}, "datetime": {"datetime": "2021-09-23 18:32:42", "elapsed": 68.610834, "delta": 0.737046}}
{"target": 0.4431629646046823, "params": {"C": 91.22751313945297, "epsilon": 0.6206463655325622, "gamma": 0.006715505620109732, "lamda": 0.43063590805693286}, "datetime": {"datetime": "2021-09-23 18:32:43", "elapsed": 69.368478, "delta": 0.757644}}
{"target": 0.4234039856490607, "params": {"C": 67.37485882356549, "epsilon": 0.24166898384032617, "gamma": 0.03938325731078517, "lamda": 0.6704033453656363}, "datetime": {"datetime": "2021-09-23 18:32:44", "elapsed": 69.969012, "delta": 0.600534}}
{"target": 0.4417521266652591, "params": {"C": 96.40071340830877, "epsilon": 0.9525579914187, "gamma": 0.003069297044502216, "lamda": 0.038294367864317946}, "datetime": {"datetime": "2021-09-23 18:32:45", "elapsed": 70.734368, "delta": 0.765356}}
{"target": 0.444460005900458, "params": {"C": 24.493799258921527, "epsilon": 0.3201700460979639, "gamma": 0.033202457993155673, "lamda": 0.4403785913463188}, "datetime": {"datetime": "2021-09-23 18:32:45", "elapsed": 71.55233, "delta": 0.817962}}
{"target": 0.3700926694786706, "params": {"C": 40.39083784767993, "epsilon": 0.16033110185198865, "gamma": 0.0013719632091297289, "lamda": 0.8242795458967093}, "datetime": {"datetime": "2021-09-23 18:32:46", "elapsed": 72.197993, "delta": 0.645663}}
{"target": 0.4172625657316542, "params": {"C": 53.96508795424279, "epsilon": 0.07568393812891502, "gamma": 0.05900245617318488, "lamda": 0.3771023375845872}, "datetime": {"datetime": "2021-09-23 18:32:47", "elapsed": 72.971903, "delta": 0.77391}}
{"target": 0.42705777139259915, "params": {"C": 40.277631277828235, "epsilon": 0.07657473335976057, "gamma": 0.054449388152609385, "lamda": 0.21051983292670642}, "datetime": {"datetime": "2021-09-23 18:32:48", "elapsed": 73.786937, "delta": 0.815034}}
{"target": 0.38597218014435797, "params": {"C": 94.55263953249013, "epsilon": 0.3199393126974116, "gamma": 0.06817849885354013, "lamda": 0.7604575854821183}, "datetime": {"datetime": "2021-09-23 18:32:48", "elapsed": 74.550356, "delta": 0.763419}}
{"target": 0.42839772197229387, "params": {"C": 35.57140864105237, "epsilon": 0.85204682756717, "gamma": 0.05407685231759179, "lamda": 0.18040003829533116}, "datetime": {"datetime": "2021-09-23 18:32:49", "elapsed": 75.401138, "delta": 0.850782}}
{"target": 0.3764185353879965, "params": {"C": 93.97848885697165, "epsilon": 0.3460983958712087, "gamma": 0.07378374907838452, "lamda": 0.09570434187167393}, "datetime": {"datetime": "2021-09-23 18:32:50", "elapsed": 76.175927, "delta": 0.774789}}
{"target": 0.42609424203715074, "params": {"C": 93.77538417071082, "epsilon": 0.04591959557907669, "gamma": 0.02024699894840012, "lamda": 0.14122321477412123}, "datetime": {"datetime": "2021-09-23 18:32:51", "elapsed": 76.940768, "delta": 0.764841}}
{"target": 0.39753955809101904, "params": {"C": 105.36395127201915, "epsilon": 0.7813012906768737, "gamma": 0.05238379352080734, "lamda": 0.0859730347008217}, "datetime": {"datetime": "2021-09-23 18:32:52", "elapsed": 77.815174, "delta": 0.874406}}
{"target": 0.4410100578961902, "params": {"C": 89.619964010547, "epsilon": 0.11439969454795146, "gamma": 0.007999580209455652, "lamda": 0.7763007940597629}, "datetime": {"datetime": "2021-09-23 18:32:53", "elapsed": 78.639522, "delta": 0.824348}}
{"target": 0.4382010172461417, "params": {"C": 22.532840271403902, "epsilon": 0.5880443333430936, "gamma": 0.054845279785544536, "lamda": 0.29053774088127043}, "datetime": {"datetime": "2021-09-23 18:32:53", "elapsed": 79.459339, "delta": 0.819817}}
{"target": 0.4200908299900563, "params": {"C": 73.13774194500455, "epsilon": 0.4014523286906684, "gamma": 0.04224653201685924, "lamda": 0.6884857788807575}, "datetime": {"datetime": "2021-09-23 18:32:54", "elapsed": 80.319033, "delta": 0.859694}}
{"target": 0.3975810195034598, "params": {"C": 94.98140149581741, "epsilon": 0.6328022564539549, "gamma": 0.053127938797090726, "lamda": 0.21009629257937712}, "datetime": {"datetime": "2021-09-23 18:32:55", "elapsed": 81.217853, "delta": 0.89882}}
{"target": 0.39306285954945097, "params": {"C": 25.421633763885303, "epsilon": 0.368700496955721, "gamma": 0.0029259234347481194, "lamda": 0.7688636019579105}, "datetime": {"datetime": "2021-09-23 18:32:56", "elapsed": 82.150903, "delta": 0.93305}}
{"target": 0.4297948890137363, "params": {"C": 59.692096570687816, "epsilon": 0.7287151253559139, "gamma": 0.027911510512808168, "lamda": 0.016655564496408325}, "datetime": {"datetime": "2021-09-23 18:32:57", "elapsed": 83.391531, "delta": 1.240628}}
{"target": 0.3814976323613868, "params": {"C": 84.30822573790759, "epsilon": 0.6519442003564528, "gamma": 0.07302668599631304, "lamda": 0.23639907711364522}, "datetime": {"datetime": "2021-09-23 18:32:58", "elapsed": 84.265647, "delta": 0.874116}}
{"target": 0.38681000886346395, "params": {"C": 118.900187180088, "epsilon": 0.8231612411482521, "gamma": 0.05572920032986388, "lamda": 0.1743303500317503}, "datetime": {"datetime": "2021-09-23 18:32:59", "elapsed": 85.378324, "delta": 1.112677}}
{"target": 0.41084712455139216, "params": {"C": 59.085694214200316, "epsilon": 0.7042678139667088, "gamma": 0.05892156496498848, "lamda": 0.22919560094441913}, "datetime": {"datetime": "2021-09-23 18:33:00", "elapsed": 86.498335, "delta": 1.120011}}
{"target": 0.4260445399734464, "params": {"C": 80.02958924592073, "epsilon": 0.5450550886444108, "gamma": 0.02682938641746797, "lamda": 0.12683091627025725}, "datetime": {"datetime": "2021-09-23 18:33:02", "elapsed": 87.85957, "delta": 1.361235}}
{"target": 0.4317017706067945, "params": {"C": 91.23632252845951, "epsilon": 0.614276236143153, "gamma": 0.02296484654201318, "lamda": 0.4841954005140399}, "datetime": {"datetime": "2021-09-23 18:33:03", "elapsed": 88.736717, "delta": 0.877147}}
{"target": 0.39952275478128363, "params": {"C": 91.20274830069795, "epsilon": 0.6029584749737735, "gamma": 0.0556647082426799, "lamda": 0.40772440473795724}, "datetime": {"datetime": "2021-09-23 18:33:04", "elapsed": 89.743894, "delta": 1.007177}}
{"target": 0.38903785576193917, "params": {"C": 56.631040331282684, "epsilon": 0.8234114487759829, "gamma": 0.0014229272605134576, "lamda": 0.9343856179295215}, "datetime": {"datetime": "2021-09-23 18:33:05", "elapsed": 90.777883, "delta": 1.033989}}
{"target": 0.4408291613214158, "params": {"C": 25.55047817482972, "epsilon": 0.6614587759644011, "gamma": 0.04014166207406981, "lamda": 0.33762843775917156}, "datetime": {"datetime": "2021-09-23 18:33:06", "elapsed": 91.733345, "delta": 0.955462}}
{"target": 0.4269445649001895, "params": {"C": 61.53366150176916, "epsilon": 0.14257969418133748, "gamma": 0.034759297809381015, "lamda": 0.3014142466069255}, "datetime": {"datetime": "2021-09-23 18:33:07", "elapsed": 92.749664, "delta": 1.016319}}
{"target": 0.44294800013066427, "params": {"C": 29.3397574341466, "epsilon": 0.8937390580136348, "gamma": 0.028639511541511932, "lamda": 0.3548764333012404}, "datetime": {"datetime": "2021-09-23 18:33:08", "elapsed": 93.835318, "delta": 1.085654}}
{"target": 0.44501027082537625, "params": {"C": 45.183654259069925, "epsilon": 0.6705631888009477, "gamma": 0.012091577068972674, "lamda": 0.5542736318292386}, "datetime": {"datetime": "2021-09-23 18:33:09", "elapsed": 94.835416, "delta": 1.000098}}
{"target": 0.42167506611442573, "params": {"C": 80.41936093048785, "epsilon": 0.3512305299651786, "gamma": 0.037401741711279086, "lamda": 0.6880630231720357}, "datetime": {"datetime": "2021-09-23 18:33:10", "elapsed": 95.646453, "delta": 0.811037}}
{"target": 0.4381168549509986, "params": {"C": 43.11798465345272, "epsilon": 0.8187874059990407, "gamma": 0.025371843885906322, "lamda": 0.1271989973572045}, "datetime": {"datetime": "2021-09-23 18:33:11", "elapsed": 96.710426, "delta": 1.063973}}
{"target": 0.437326987528877, "params": {"C": 87.6439984249165, "epsilon": 0.3586791072553416, "gamma": 0.011001677227752846, "lamda": 0.2889770640872538}, "datetime": {"datetime": "2021-09-23 18:33:12", "elapsed": 97.66743, "delta": 0.957004}}
{"target": 0.43292037024551544, "params": {"C": 31.80346169392028, "epsilon": 0.3167426636377185, "gamma": 0.004651208431658967, "lamda": 0.42437863197535375}, "datetime": {"datetime": "2021-09-23 18:33:12", "elapsed": 98.544981, "delta": 0.877551}}
{"target": 0.43402947469004227, "params": {"C": 45.37586876167328, "epsilon": 0.9436196015945474, "gamma": 0.03446043244193328, "lamda": 0.29506406265811214}, "datetime": {"datetime": "2021-09-23 18:33:13", "elapsed": 99.540314, "delta": 0.995333}}
{"target": 0.44246595665717314, "params": {"C": 47.23906534620582, "epsilon": 0.031935130163925796, "gamma": 0.0071769441592618175, "lamda": 0.9512608322132862}, "datetime": {"datetime": "2021-09-23 18:33:14", "elapsed": 100.452594, "delta": 0.91228}}
{"target": 0.43194991542636396, "params": {"C": 67.64216671614277, "epsilon": 0.707293870876429, "gamma": 0.022875193882893708, "lamda": 0.03219376744100369}, "datetime": {"datetime": "2021-09-23 18:33:15", "elapsed": 101.422297, "delta": 0.969703}}
{"target": 0.41538021852885343, "params": {"C": 57.925625719870794, "epsilon": 0.6010356948365421, "gamma": 0.05628434353899362, "lamda": 0.7047208640883372}, "datetime": {"datetime": "2021-09-23 18:33:16", "elapsed": 102.189321, "delta": 0.767024}}
{"target": 0.41035436605735287, "params": {"C": 104.28772224480903, "epsilon": 0.15646295071809765, "gamma": 0.03932063426317374, "lamda": 0.703250156191633}, "datetime": {"datetime": "2021-09-23 18:33:17", "elapsed": 103.096447, "delta": 0.907126}}
{"target": 0.40023664596815633, "params": {"C": 119.8825883490621, "epsilon": 0.37591734477708744, "gamma": 0.04917629045126798, "lamda": 0.7344439603672135}, "datetime": {"datetime": "2021-09-23 18:33:18", "elapsed": 103.942454, "delta": 0.846007}}
{"target": 0.4305573794110723, "params": {"C": 20.31982374307262, "epsilon": 0.9584561791022711, "gamma": 0.07337181489166378, "lamda": 0.7687625942555121}, "datetime": {"datetime": "2021-09-23 18:33:19", "elapsed": 104.837262, "delta": 0.894808}}
{"target": 0.39484272945649734, "params": {"C": 69.23288524525506, "epsilon": 0.7060060625001063, "gamma": 0.06963123782072168, "lamda": 0.17540022409840988}, "datetime": {"datetime": "2021-09-23 18:33:20", "elapsed": 105.668262, "delta": 0.831}}
{"target": 0.4120067383753824, "params": {"C": 72.18556422865214, "epsilon": 0.9843980972519369, "gamma": 0.04959553703602897, "lamda": 0.2129148924987783}, "datetime": {"datetime": "2021-09-23 18:33:20", "elapsed": 106.37124, "delta": 0.702978}}
{"target": 0.44575458149535363, "params": {"C": 36.62968310915589, "epsilon": 0.7591923796880726, "gamma": 0.01748811044498441, "lamda": 0.7371402646676412}, "datetime": {"datetime": "2021-09-23 18:33:21", "elapsed": 107.106027, "delta": 0.734787}}
{"target": 0.4361419174934338, "params": {"C": 59.304800569659484, "epsilon": 0.3197881627227531, "gamma": 0.019625720388682426, "lamda": 0.4148148141722365}, "datetime": {"datetime": "2021-09-23 18:33:22", "elapsed": 107.92942, "delta": 0.823393}}
{"target": 0.4082669245370284, "params": {"C": 88.27573758829668, "epsilon": 0.47119729823693296, "gamma": 0.04938389964063161, "lamda": 0.7177338713279098}, "datetime": {"datetime": "2021-09-23 18:33:23", "elapsed": 108.709188, "delta": 0.779768}}
{"target": 0.4169080966900379, "params": {"C": 116.0161809058523, "epsilon": 0.27900994237799026, "gamma": 0.02216292669138252, "lamda": 0.012126976559056542}, "datetime": {"datetime": "2021-09-23 18:33:24", "elapsed": 109.82006, "delta": 1.110872}}
{"target": 0.43475744648158443, "params": {"C": 59.999658150314424, "epsilon": 0.8142582996639215, "gamma": 0.030079382022385203, "lamda": 0.6207611557924743}, "datetime": {"datetime": "2021-09-23 18:33:25", "elapsed": 110.674877, "delta": 0.854817}}
{"target": 0.40887435933940985, "params": {"C": 98.5738482578739, "epsilon": 0.011607469068610522, "gamma": 0.04695745711279756, "lamda": 0.3387451014886837}, "datetime": {"datetime": "2021-09-23 18:33:25", "elapsed": 111.544655, "delta": 0.869778}}
{"target": 0.42142757100782047, "params": {"C": 39.48673458319979, "epsilon": 0.8202742829604619, "gamma": 0.06329244028070946, "lamda": 0.21661132114081855}, "datetime": {"datetime": "2021-09-23 18:33:26", "elapsed": 112.489837, "delta": 0.945182}}
{"target": 0.40272483786771873, "params": {"C": 57.3592964027586, "epsilon": 0.48217076584893886, "gamma": 0.07385990537213816, "lamda": 0.12786008647585678}, "datetime": {"datetime": "2021-09-23 18:33:28", "elapsed": 113.843427, "delta": 1.35359}}
{"target": 0.432447520324336, "params": {"C": 57.258420456519836, "epsilon": 0.12253241946581907, "gamma": 0.02736747638023948, "lamda": 0.9829225912785037}, "datetime": {"datetime": "2021-09-23 18:33:28", "elapsed": 114.572383, "delta": 0.728956}}
{"target": 0.417342038120621, "params": {"C": 58.540777362891546, "epsilon": 0.9816166022355065, "gamma": 0.066057430052338, "lamda": 0.9976890651732129}, "datetime": {"datetime": "2021-09-23 18:33:29", "elapsed": 115.426184, "delta": 0.853801}}
{"target": 0.4056250358643454, "params": {"C": 72.12220124841636, "epsilon": 0.6475804595017489, "gamma": 0.055736817769848596, "lamda": 0.3255702643682575}, "datetime": {"datetime": "2021-09-23 18:33:30", "elapsed": 116.392099, "delta": 0.965915}}
{"target": 0.444001426185479, "params": {"C": 23.29848683373215, "epsilon": 0.03911434161815857, "gamma": 0.017056604092765566, "lamda": 0.38485373236728415}, "datetime": {"datetime": "2021-09-23 18:33:32", "elapsed": 117.97175, "delta": 1.579651}}
{"target": 0.41446267499663303, "params": {"C": 41.63378538101004, "epsilon": 0.6952741522594751, "gamma": 0.06880749565969493, "lamda": 0.6662484960105692}, "datetime": {"datetime": "2021-09-23 18:33:33", "elapsed": 118.931345, "delta": 0.959595}}
{"target": 0.3989979588438187, "params": {"C": 102.18671818465769, "epsilon": 0.7142056880836942, "gamma": 0.05463189604592651, "lamda": 0.056396790470536085}, "datetime": {"datetime": "2021-09-23 18:33:34", "elapsed": 119.907141, "delta": 0.975796}}
{"target": 0.41675449130979825, "params": {"C": 60.245476372207825, "epsilon": 0.24052382062651678, "gamma": 0.054795272058905435, "lamda": 0.19798950392600523}, "datetime": {"datetime": "2021-09-23 18:33:35", "elapsed": 121.031102, "delta": 1.123961}}
{"target": 0.4248757919783016, "params": {"C": 61.76347511812647, "epsilon": 0.48994025408855213, "gamma": 0.04017944775264264, "lamda": 0.3432173664632043}, "datetime": {"datetime": "2021-09-23 18:33:36", "elapsed": 121.894139, "delta": 0.863037}}
{"target": 0.4087685900904612, "params": {"C": 89.72406881974126, "epsilon": 0.5939461277164763, "gamma": 0.055742761703813155, "lamda": 0.9204147220483326}, "datetime": {"datetime": "2021-09-23 18:33:37", "elapsed": 122.872994, "delta": 0.978855}}
{"target": 0.40397849063870495, "params": {"C": 89.9641070890011, "epsilon": 0.26494562093909885, "gamma": 0.04957938468305421, "lamda": 0.6001828291024148}, "datetime": {"datetime": "2021-09-23 18:33:38", "elapsed": 123.975198, "delta": 1.102204}}
{"target": 0.42636611445976924, "params": {"C": 49.199813533041336, "epsilon": 0.7394532277275385, "gamma": 0.04750004905376097, "lamda": 0.8875662890227364}, "datetime": {"datetime": "2021-09-23 18:33:39", "elapsed": 124.923449, "delta": 0.948251}}
{"target": 0.40191661878380547, "params": {"C": 58.92091338693828, "epsilon": 0.28167260154953805, "gamma": 0.06701407639878104, "lamda": 0.9075383394306324}, "datetime": {"datetime": "2021-09-23 18:33:40", "elapsed": 125.869906, "delta": 0.946457}}
{"target": 0.41706382462658986, "params": {"C": 78.21853731318691, "epsilon": 0.5574025433272699, "gamma": 0.043003678279844054, "lamda": 0.4112592201453258}, "datetime": {"datetime": "2021-09-23 18:33:41", "elapsed": 126.714856, "delta": 0.84495}}
{"target": 0.3941646115720797, "params": {"C": 64.12579898984282, "epsilon": 0.7643033057438243, "gamma": 0.07384207553398751, "lamda": 0.1712441489391646}, "datetime": {"datetime": "2021-09-23 18:33:42", "elapsed": 128.138147, "delta": 1.423291}}
{"target": 0.43713426655195986, "params": {"C": 55.48419470148725, "epsilon": 0.8411889177352412, "gamma": 0.026605993953653494, "lamda": 0.5303895173700787}, "datetime": {"datetime": "2021-09-23 18:33:43", "elapsed": 129.182897, "delta": 1.04475}}
{"target": 0.39939780726126317, "params": {"C": 96.09174399361326, "epsilon": 0.3919653917754331, "gamma": 0.05740673427171368, "lamda": 0.9301135552648251}, "datetime": {"datetime": "2021-09-23 18:33:44", "elapsed": 129.990898, "delta": 0.808001}}
{"target": 0.41506934449875965, "params": {"C": 87.76948997132747, "epsilon": 0.5004293102290893, "gamma": 0.034132101782607845, "lamda": 0.009157351596446945}, "datetime": {"datetime": "2021-09-23 18:33:45", "elapsed": 131.47051, "delta": 1.479612}}
{"target": 0.42571115079058575, "params": {"C": 26.5302791819126, "epsilon": 0.3048898147482228, "gamma": 0.07187706728346496, "lamda": 0.9404682424901395}, "datetime": {"datetime": "2021-09-23 18:33:46", "elapsed": 132.497665, "delta": 1.027155}}
{"target": 0.4217723738256852, "params": {"C": 30.73844343539131, "epsilon": 0.7243092427840606, "gamma": 0.07515566407431505, "lamda": 0.22025738973616646}, "datetime": {"datetime": "2021-09-23 18:33:48", "elapsed": 134.181777, "delta": 1.684112}}
{"target": 0.3910759715375187, "params": {"C": 80.7139711991949, "epsilon": 0.8788938263649605, "gamma": 0.07248972891075861, "lamda": 0.41224815116152075}, "datetime": {"datetime": "2021-09-23 18:33:49", "elapsed": 135.174391, "delta": 0.992614}}
{"target": 0.44685491812855416, "params": {"C": 35.80865412005888, "epsilon": 0.7129808099731543, "gamma": 0.0182659861427609, "lamda": 0.9698135827153337}, "datetime": {"datetime": "2021-09-23 18:33:50", "elapsed": 136.065386, "delta": 0.890995}}
{"target": 0.42183225600591534, "params": {"C": 96.7596811627433, "epsilon": 0.9554375773936035, "gamma": 0.03769687537784074, "lamda": 0.5167113229022415}, "datetime": {"datetime": "2021-09-23 18:33:51", "elapsed": 137.342437, "delta": 1.277051}}
{"target": 0.37465773365511745, "params": {"C": 97.0301356121149, "epsilon": 0.5970117503165505, "gamma": 0.07984531871659784, "lamda": 0.5082455860302466}, "datetime": {"datetime": "2021-09-23 18:33:52", "elapsed": 138.329231, "delta": 0.986794}}
{"target": 0.4191405357207818, "params": {"C": 74.09639058290331, "epsilon": 0.6371029171540449, "gamma": 0.040866171378810955, "lamda": 0.2687534373491932}, "datetime": {"datetime": "2021-09-23 18:33:53", "elapsed": 139.310109, "delta": 0.980878}}
{"target": 0.40880208728377876, "params": {"C": 69.25559674155218, "epsilon": 0.47732105414006454, "gamma": 0.05833866004947605, "lamda": 0.9944810370320869}, "datetime": {"datetime": "2021-09-23 18:33:54", "elapsed": 140.214582, "delta": 0.904473}}
{"target": 0.4138723223157017, "params": {"C": 93.96337998480004, "epsilon": 0.2636887833256808, "gamma": 0.041812193775675334, "lamda": 0.8850437029752516}, "datetime": {"datetime": "2021-09-23 18:33:55", "elapsed": 141.171817, "delta": 0.957235}}
{"target": 0.3934723924604492, "params": {"C": 75.61204120113015, "epsilon": 0.2389874007272982, "gamma": 0.06517398938902398, "lamda": 0.738048849077797}, "datetime": {"datetime": "2021-09-23 18:33:56", "elapsed": 142.079817, "delta": 0.908}}
{"target": 0.4231502396611603, "params": {"C": 45.26519681407932, "epsilon": 0.36532052804744863, "gamma": 0.053986851390414134, "lamda": 0.12182807098641207}, "datetime": {"datetime": "2021-09-23 18:33:57", "elapsed": 143.057304, "delta": 0.977487}}
{"target": 0.43970312439006354, "params": {"C": 106.02367055292757, "epsilon": 0.6296969099127308, "gamma": 0.016356305634917592, "lamda": 0.6485616054073433}, "datetime": {"datetime": "2021-09-23 18:33:58", "elapsed": 144.165485, "delta": 1.108181}}
{"target": 0.43420539301983585, "params": {"C": 52.822613948485255, "epsilon": 0.9621321826776937, "gamma": 0.03138226532756535, "lamda": 0.40900617582213855}, "datetime": {"datetime": "2021-09-23 18:33:59", "elapsed": 145.494835, "delta": 1.32935}}
{"target": 0.42297423579479865, "params": {"C": 76.40285870143862, "epsilon": 0.4452106380629501, "gamma": 0.03503680931523081, "lamda": 0.2988559873026452}, "datetime": {"datetime": "2021-09-23 18:34:00", "elapsed": 146.466732, "delta": 0.971897}}
{"target": 0.44568810690378147, "params": {"C": 24.622934395456348, "epsilon": 0.4086620791251908, "gamma": 0.013920604161638896, "lamda": 0.5916968168648864}, "datetime": {"datetime": "2021-09-23 18:34:02", "elapsed": 147.695724, "delta": 1.228992}}
{"target": 0.4425264745294939, "params": {"C": 33.06697276651013, "epsilon": 0.7045856772576622, "gamma": 0.006665709619909121, "lamda": 0.8234116818014735}, "datetime": {"datetime": "2021-09-23 18:34:03", "elapsed": 148.708591, "delta": 1.012867}}
{"target": 0.4358581336241637, "params": {"C": 26.73550900931025, "epsilon": 0.9575943970919494, "gamma": 0.00605583190874947, "lamda": 0.6027997192674998}, "datetime": {"datetime": "2021-09-23 18:34:04", "elapsed": 149.932388, "delta": 1.223797}}
