{"target": 0.40671420565680805, "params": {"C": 49.5227244566889, "epsilon": 0.7371682205435034, "gamma": 0.001784450982754343, "lamda": 0.11589089059024714}, "datetime": {"datetime": "2021-09-23 18:38:13", "elapsed": 398.698488, "delta": 2.545001}}
{"target": 0.4394279827874584, "params": {"C": 27.358743081174435, "epsilon": 0.5418075709514281, "gamma": 0.039808007480876165, "lamda": 0.9099596460575027}, "datetime": {"datetime": "2021-09-23 18:38:15", "elapsed": 400.745208, "delta": 2.04672}}
{"target": 0.4346086789110424, "params": {"C": 62.720267328696295, "epsilon": 0.3376292470046243, "gamma": 0.023980210883494755, "lamda": 0.6748884587662741}, "datetime": {"datetime": "2021-09-23 18:38:17", "elapsed": 402.791705, "delta": 2.046497}}
{"target": 0.42660325462384385, "params": {"C": 30.06212237144316, "epsilon": 0.49234942261851194, "gamma": 0.06622508286050505, "lamda": 0.38781529554780375}, "datetime": {"datetime": "2021-09-23 18:38:19", "elapsed": 404.706309, "delta": 1.914604}}
{"target": 0.4418787936509462, "params": {"C": 27.16512697388425, "epsilon": 0.23605817629141743, "gamma": 0.03431094285253882, "lamda": 0.9026821239649366}, "datetime": {"datetime": "2021-09-23 18:38:21", "elapsed": 406.777724, "delta": 2.071415}}
{"target": 0.44575670571883097, "params": {"C": 20.37126389970499, "epsilon": 0.9339205933966822, "gamma": 0.01912993556372651, "lamda": 0.14234773624979016}, "datetime": {"datetime": "2021-09-23 18:38:23", "elapsed": 409.0975, "delta": 2.319776}}
{"target": 0.39340482092268936, "params": {"C": 89.69126678505432, "epsilon": 0.5540883639717388, "gamma": 0.07158391591676873, "lamda": 0.9488239409821209}, "datetime": {"datetime": "2021-09-23 18:38:25", "elapsed": 410.758452, "delta": 1.660952}}
{"target": 0.4433694897211574, "params": {"C": 40.97484387513148, "epsilon": 0.15310209075642084, "gamma": 0.017054131177565077, "lamda": 0.7585253567875095}, "datetime": {"datetime": "2021-09-23 18:38:26", "elapsed": 412.330899, "delta": 1.572447}}
{"target": 0.4387247889478062, "params": {"C": 21.692813297567298, "epsilon": 0.9923154730703359, "gamma": 0.0554092538440739, "lamda": 0.1767198473457704}, "datetime": {"datetime": "2021-09-23 18:38:28", "elapsed": 414.007061, "delta": 1.676162}}
{"target": 0.39218288416339786, "params": {"C": 77.14369542063261, "epsilon": 0.5271783778469277, "gamma": 0.07182434964977968, "lamda": 0.0593683120331975}, "datetime": {"datetime": "2021-09-23 18:38:30", "elapsed": 415.702027, "delta": 1.694966}}
{"target": 0.4465527352839449, "params": {"C": 23.258147275612867, "epsilon": 0.10471020388977917, "gamma": 0.01763450379381093, "lamda": 0.7388344674239875}, "datetime": {"datetime": "2021-09-23 18:38:32", "elapsed": 417.922019, "delta": 2.219992}}
{"target": 0.4418537244919932, "params": {"C": 26.4113201071189, "epsilon": 0.08389300702159282, "gamma": 0.03477394986720686, "lamda": 0.8444024633490693}, "datetime": {"datetime": "2021-09-23 18:38:33", "elapsed": 419.541776, "delta": 1.619757}}
{"target": 0.4350978796389826, "params": {"C": 39.2122122434751, "epsilon": 0.6507568501518161, "gamma": 0.04228999233516262, "lamda": 0.9614824949192801}, "datetime": {"datetime": "2021-09-23 18:38:35", "elapsed": 421.181555, "delta": 1.639779}}
{"target": 0.39027318917924614, "params": {"C": 74.40659152157441, "epsilon": 0.9257777309589013, "gamma": 0.06985285646132984, "lamda": 0.16033952998619386}, "datetime": {"datetime": "2021-09-23 18:38:37", "elapsed": 423.395195, "delta": 2.21364}}
{"target": 0.3985021063725337, "params": {"C": 86.05269906800905, "epsilon": 0.45622976115304553, "gamma": 0.0569878475272765, "lamda": 0.43292588637407065}, "datetime": {"datetime": "2021-09-23 18:38:39", "elapsed": 425.225471, "delta": 1.830276}}
{"target": 0.402628640788973, "params": {"C": 117.78271476909852, "epsilon": 0.13343587139496835, "gamma": 0.04316366539502302, "lamda": 0.5800521729087241}, "datetime": {"datetime": "2021-09-23 18:38:41", "elapsed": 426.845225, "delta": 1.619754}}
{"target": 0.4343835134970504, "params": {"C": 105.32950722727247, "epsilon": 0.5221648153634644, "gamma": 0.011070441875547867, "lamda": 0.2181900357792558}, "datetime": {"datetime": "2021-09-23 18:38:42", "elapsed": 428.480902, "delta": 1.635677}}
{"target": 0.44366177047189603, "params": {"C": 97.91143683461425, "epsilon": 0.8937044230634107, "gamma": 0.004955288864515336, "lamda": 0.2307726297872581}, "datetime": {"datetime": "2021-09-23 18:38:44", "elapsed": 430.153805, "delta": 1.672903}}
{"target": 0.4125613048881571, "params": {"C": 51.191699073521306, "epsilon": 0.06747014892591285, "gamma": 0.06806978830678624, "lamda": 0.7098383821987619}, "datetime": {"datetime": "2021-09-23 18:38:47", "elapsed": 433.081211, "delta": 2.927406}}
{"target": 0.3807844863730926, "params": {"C": 79.8478678594573, "epsilon": 0.01630446857319323, "gamma": 0.07868786075679975, "lamda": 0.8027094866901361}, "datetime": {"datetime": "2021-09-23 18:38:49", "elapsed": 434.657747, "delta": 1.576536}}
{"target": 0.4421017159036017, "params": {"C": 85.24308066490724, "epsilon": 0.0799893699654363, "gamma": 0.002935930848102641, "lamda": 0.5580033281359137}, "datetime": {"datetime": "2021-09-23 18:38:50", "elapsed": 436.280747, "delta": 1.623}}
{"target": 0.43507258753158484, "params": {"C": 43.9408598557489, "epsilon": 0.18128967918932012, "gamma": 0.02176679829731568, "lamda": 0.08337237563224947}, "datetime": {"datetime": "2021-09-23 18:38:52", "elapsed": 437.974115, "delta": 1.693368}}
{"target": 0.44164822250575186, "params": {"C": 99.34642756746703, "epsilon": 0.9570921068507352, "gamma": 0.014933940283563065, "lamda": 0.45306308492483965}, "datetime": {"datetime": "2021-09-23 18:38:54", "elapsed": 439.66812, "delta": 1.694005}}
{"target": 0.40612923570388737, "params": {"C": 108.04292269864185, "epsilon": 0.5076870503760889, "gamma": 0.04893401791818008, "lamda": 0.7446994777672028}, "datetime": {"datetime": "2021-09-23 18:38:55", "elapsed": 441.223815, "delta": 1.555695}}
{"target": 0.4252231171188028, "params": {"C": 51.206686305078456, "epsilon": 0.7448954987045036, "gamma": 0.048651797723808274, "lamda": 0.945316204026375}, "datetime": {"datetime": "2021-09-23 18:38:57", "elapsed": 442.989871, "delta": 1.766056}}
{"target": 0.4266303593994387, "params": {"C": 71.46583784713177, "epsilon": 0.12602708646401525, "gamma": 0.03276344859371631, "lamda": 0.9531031652957319}, "datetime": {"datetime": "2021-09-23 18:38:59", "elapsed": 444.651871, "delta": 1.662}}
{"target": 0.4331812324378692, "params": {"C": 117.13643055760448, "epsilon": 0.9841224260904208, "gamma": 0.051117411673726715, "lamda": 0.8530946653985886}, "datetime": {"datetime": "2021-09-23 18:39:00", "elapsed": 446.446271, "delta": 1.7944}}
{"target": 0.43203916361060357, "params": {"C": 59.43152330126195, "epsilon": 0.6104984799189211, "gamma": 0.024739193857944843, "lamda": 0.0011147340727284958}, "datetime": {"datetime": "2021-09-23 18:39:02", "elapsed": 448.112841, "delta": 1.66657}}
{"target": 0.4324086184365935, "params": {"C": 64.19220421060294, "epsilon": 0.5511035839126261, "gamma": 0.030285172825174712, "lamda": 0.674060217811797}, "datetime": {"datetime": "2021-09-23 18:39:04", "elapsed": 449.862839, "delta": 1.749998}}
{"target": 0.44619591923837865, "params": {"C": 29.094192480471353, "epsilon": 0.32516904842495714, "gamma": 0.016022384361453285, "lamda": 0.0885576070216467}, "datetime": {"datetime": "2021-09-23 18:39:06", "elapsed": 451.679883, "delta": 1.817044}}
{"target": 0.42087590881058345, "params": {"C": 37.552877579233204, "epsilon": 0.8230321358142936, "gamma": 0.06532323755401105, "lamda": 0.7141335431109601}, "datetime": {"datetime": "2021-09-23 18:39:08", "elapsed": 454.071841, "delta": 2.391958}}
{"target": 0.42787406186902677, "params": {"C": 104.7524571890856, "epsilon": 0.0934587787969349, "gamma": 0.0174117300986, "lamda": 0.7379680713037093}, "datetime": {"datetime": "2021-09-23 18:39:10", "elapsed": 455.812841, "delta": 1.741}}
{"target": 0.4025096958340383, "params": {"C": 69.96622918805136, "epsilon": 0.2403110900229966, "gamma": 0.06779838249697244, "lamda": 0.1012533358661869}, "datetime": {"datetime": "2021-09-23 18:39:12", "elapsed": 458.426309, "delta": 2.613468}}
{"target": 0.3992853829651848, "params": {"C": 82.84826398337344, "epsilon": 0.8845448822443065, "gamma": 0.07297241241733114, "lamda": 0.7171735589049247}, "datetime": {"datetime": "2021-09-23 18:39:14", "elapsed": 460.027036, "delta": 1.600727}}
{"target": 0.4310907069439909, "params": {"C": 81.52137999632052, "epsilon": 0.2648151819421721, "gamma": 0.018589779346318776, "lamda": 0.1431861244044741}, "datetime": {"datetime": "2021-09-23 18:39:16", "elapsed": 461.937744, "delta": 1.910708}}
{"target": 0.4322038018621127, "params": {"C": 61.254350571523425, "epsilon": 0.22490873208196052, "gamma": 0.027650083238785594, "lamda": 0.6872069863123886}, "datetime": {"datetime": "2021-09-23 18:39:17", "elapsed": 463.586071, "delta": 1.648327}}
{"target": 0.4340892006085839, "params": {"C": 61.208836891272796, "epsilon": 0.2304211324011849, "gamma": 0.023104073434287286, "lamda": 0.370273439040146}, "datetime": {"datetime": "2021-09-23 18:39:19", "elapsed": 465.28381, "delta": 1.697739}}
{"target": 0.44332761809470855, "params": {"C": 94.33555044054619, "epsilon": 0.6008700379896368, "gamma": 0.013565049809392386, "lamda": 0.7343237649890301}, "datetime": {"datetime": "2021-09-23 18:39:21", "elapsed": 467.009821, "delta": 1.726011}}
{"target": 0.42480574035954444, "params": {"C": 44.363967533876604, "epsilon": 0.6569513208992136, "gamma": 0.053753022933946806, "lamda": 0.7981324477016233}, "datetime": {"datetime": "2021-09-23 18:39:23", "elapsed": 468.701413, "delta": 1.691592}}
{"target": 0.43394116690274254, "params": {"C": 49.04544770627486, "epsilon": 0.33866773512088033, "gamma": 0.029607137803217654, "lamda": 0.3246792762443569}, "datetime": {"datetime": "2021-09-23 18:39:25", "elapsed": 471.058068, "delta": 2.356655}}
{"target": 0.44427822757366253, "params": {"C": 50.33801730801541, "epsilon": 0.33771906813159824, "gamma": 0.008048742181384929, "lamda": 0.43327413714079743}, "datetime": {"datetime": "2021-09-23 18:39:27", "elapsed": 473.453369, "delta": 2.395301}}
{"target": 0.42938660861169997, "params": {"C": 31.37419141880194, "epsilon": 0.9076338075375532, "gamma": 0.05811106764897625, "lamda": 0.6567808295899802}, "datetime": {"datetime": "2021-09-23 18:39:30", "elapsed": 475.946369, "delta": 2.493}}
{"target": 0.4120565980372728, "params": {"C": 59.92372657320541, "epsilon": 0.5462175790155132, "gamma": 0.057590132402230376, "lamda": 0.2676458063897157}, "datetime": {"datetime": "2021-09-23 18:39:32", "elapsed": 477.773736, "delta": 1.827367}}
{"target": 0.434780402280582, "params": {"C": 41.49992966873753, "epsilon": 0.5717686138636792, "gamma": 0.036002991350943814, "lamda": 0.5409492669801134}, "datetime": {"datetime": "2021-09-23 18:39:33", "elapsed": 479.580736, "delta": 1.807}}
{"target": 0.3861666975941461, "params": {"C": 107.1337440695333, "epsilon": 0.10076664373906694, "gamma": 0.057906677929688476, "lamda": 0.8092422776084752}, "datetime": {"datetime": "2021-09-23 18:39:35", "elapsed": 481.388736, "delta": 1.808}}
{"target": 0.43397654691813625, "params": {"C": 48.16962367506093, "epsilon": 0.8037297204757019, "gamma": 0.03353568942520036, "lamda": 0.3797420741093119}, "datetime": {"datetime": "2021-09-23 18:39:37", "elapsed": 483.217768, "delta": 1.829032}}
{"target": 0.4365646872413761, "params": {"C": 79.94076141279103, "epsilon": 0.5425008672954685, "gamma": 0.002259616107981472, "lamda": 0.7109612358231736}, "datetime": {"datetime": "2021-09-23 18:39:39", "elapsed": 485.49789, "delta": 2.280122}}
{"target": 0.41528021812251914, "params": {"C": 68.89894454732419, "epsilon": 0.39085398273233807, "gamma": 0.05112507744328147, "lamda": 0.05617577979527731}, "datetime": {"datetime": "2021-09-23 18:39:41", "elapsed": 487.468515, "delta": 1.970625}}
{"target": 0.4442388480960461, "params": {"C": 41.65937530932995, "epsilon": 0.6209634936809412, "gamma": 0.01483902545810882, "lamda": 0.2713440284067869}, "datetime": {"datetime": "2021-09-23 18:39:43", "elapsed": 489.214207, "delta": 1.745692}}
{"target": 0.42472699449352425, "params": {"C": 111.08817619698891, "epsilon": 0.6356606189109395, "gamma": 0.027385152628865116, "lamda": 0.4381692817821791}, "datetime": {"datetime": "2021-09-23 18:39:45", "elapsed": 491.138026, "delta": 1.923819}}
{"target": 0.446349027796044, "params": {"C": 102.18953137102085, "epsilon": 0.9482188916312284, "gamma": 0.033291785607756356, "lamda": 0.9968737437728893}, "datetime": {"datetime": "2021-09-23 18:39:47", "elapsed": 492.880025, "delta": 1.741999}}
{"target": 0.4237006712745819, "params": {"C": 39.09856068483184, "epsilon": 0.6980005247025793, "gamma": 0.058981818114068225, "lamda": 0.7089877758641296}, "datetime": {"datetime": "2021-09-23 18:39:49", "elapsed": 495.616275, "delta": 2.73625}}
{"target": 0.3959065011217706, "params": {"C": 82.08906141289572, "epsilon": 0.415564179538349, "gamma": 0.06811597325679566, "lamda": 0.0037206927903306176}, "datetime": {"datetime": "2021-09-23 18:39:52", "elapsed": 497.670678, "delta": 2.054403}}
{"target": 0.3825597097081824, "params": {"C": 94.48542881998254, "epsilon": 0.5435420450329447, "gamma": 0.0669022726288553, "lamda": 0.17761744647628588}, "datetime": {"datetime": "2021-09-23 18:39:53", "elapsed": 499.417814, "delta": 1.747136}}
{"target": 0.4079819373800889, "params": {"C": 118.71191548956398, "epsilon": 0.33226993451070913, "gamma": 0.03924538171386394, "lamda": 0.14477059863602273}, "datetime": {"datetime": "2021-09-23 18:39:56", "elapsed": 502.051379, "delta": 2.633565}}
{"target": 0.4245025684523157, "params": {"C": 37.01937181080264, "epsilon": 0.8226100794520008, "gamma": 0.06087679461957434, "lamda": 0.794301010045674}, "datetime": {"datetime": "2021-09-23 18:39:58", "elapsed": 503.868018, "delta": 1.816639}}
{"target": 0.3880375043450267, "params": {"C": 84.086859158631, "epsilon": 0.9759696435484431, "gamma": 0.07630853541445502, "lamda": 0.5024402410758014}, "datetime": {"datetime": "2021-09-23 18:40:00", "elapsed": 505.82566, "delta": 1.957642}}
{"target": 0.43034499227349066, "params": {"C": 45.824175722474685, "epsilon": 0.7971254266678467, "gamma": 0.044458401041119706, "lamda": 0.7322138650089632}, "datetime": {"datetime": "2021-09-23 18:40:02", "elapsed": 508.210986, "delta": 2.385326}}
{"target": 0.360917470370159, "params": {"C": 119.98760880065232, "epsilon": 0.2826872323906298, "gamma": 0.07810559122637002, "lamda": 0.444363723931028}, "datetime": {"datetime": "2021-09-23 18:40:04", "elapsed": 510.146385, "delta": 1.935399}}
{"target": 0.44438652098345544, "params": {"C": 59.430986375588816, "epsilon": 0.9368657119603747, "gamma": 0.008769060136213404, "lamda": 0.27155295669689794}, "datetime": {"datetime": "2021-09-23 18:40:06", "elapsed": 512.331833, "delta": 2.185448}}
{"target": 0.4148167415260119, "params": {"C": 81.60852568551513, "epsilon": 0.792284315215054, "gamma": 0.042732093709195354, "lamda": 0.1669921054278867}, "datetime": {"datetime": "2021-09-23 18:40:09", "elapsed": 514.933354, "delta": 2.601521}}
{"target": 0.4396807398840685, "params": {"C": 91.58984984229122, "epsilon": 0.0968839047949097, "gamma": 0.00970332795524987, "lamda": 0.6052078469465231}, "datetime": {"datetime": "2021-09-23 18:40:11", "elapsed": 516.843354, "delta": 1.91}}
{"target": 0.39989818008374456, "params": {"C": 110.61771870940987, "epsilon": 0.3514206874507239, "gamma": 0.04830315950912399, "lamda": 0.20161023562034422}, "datetime": {"datetime": "2021-09-23 18:40:13", "elapsed": 518.990872, "delta": 2.147518}}
{"target": 0.3755765449344802, "params": {"C": 112.46832821699125, "epsilon": 0.4191630714588503, "gamma": 0.06549381218230739, "lamda": 0.19187819526027408}, "datetime": {"datetime": "2021-09-23 18:40:15", "elapsed": 520.887039, "delta": 1.896167}}
{"target": 0.4154863698417639, "params": {"C": 88.76375392752941, "epsilon": 0.5930837523034005, "gamma": 0.039089751561954315, "lamda": 0.19423749197442677}, "datetime": {"datetime": "2021-09-23 18:40:17", "elapsed": 522.842363, "delta": 1.955324}}
{"target": 0.39765496410212176, "params": {"C": 113.08242827053039, "epsilon": 0.8179738087853724, "gamma": 0.07347445783102871, "lamda": 0.6993503755297471}, "datetime": {"datetime": "2021-09-23 18:40:20", "elapsed": 525.733363, "delta": 2.891}}
{"target": 0.4375593265287129, "params": {"C": 80.35060054387507, "epsilon": 0.6053540384835168, "gamma": 0.01807104932325126, "lamda": 0.5882705441214028}, "datetime": {"datetime": "2021-09-23 18:40:22", "elapsed": 527.698404, "delta": 1.965041}}
{"target": 0.41589261604826977, "params": {"C": 117.92287572031746, "epsilon": 0.03217777621692366, "gamma": 0.0244707250194164, "lamda": 0.26287306771917535}, "datetime": {"datetime": "2021-09-23 18:40:24", "elapsed": 530.22676, "delta": 2.528356}}
{"target": 0.4219609412105234, "params": {"C": 118.1624168864226, "epsilon": 0.14155853607727906, "gamma": 0.02238563443948115, "lamda": 0.46252776988624805}, "datetime": {"datetime": "2021-09-23 18:40:27", "elapsed": 532.629852, "delta": 2.403092}}
{"target": 0.4413278786740227, "params": {"C": 25.039553233429707, "epsilon": 0.7150548474207236, "gamma": 0.03868514026646325, "lamda": 0.7928523893594315}, "datetime": {"datetime": "2021-09-23 18:40:28", "elapsed": 534.570447, "delta": 1.940595}}
{"target": 0.40574713247215155, "params": {"C": 100.19910539929113, "epsilon": 0.622708521634657, "gamma": 0.04609479103598315, "lamda": 0.2792015121732775}, "datetime": {"datetime": "2021-09-23 18:40:30", "elapsed": 536.616957, "delta": 2.04651}}
{"target": 0.4112570382807895, "params": {"C": 92.2678860265241, "epsilon": 0.7241432111539726, "gamma": 0.04596939557753521, "lamda": 0.49015823427516525}, "datetime": {"datetime": "2021-09-23 18:40:32", "elapsed": 538.536315, "delta": 1.919358}}
{"target": 0.4306539414928092, "params": {"C": 81.76187130589996, "epsilon": 0.592799479535212, "gamma": 0.020326975880566325, "lamda": 0.09547043706884997}, "datetime": {"datetime": "2021-09-23 18:40:34", "elapsed": 540.502095, "delta": 1.96578}}
{"target": 0.4128984577259299, "params": {"C": 64.4003981860663, "epsilon": 0.2583415489958857, "gamma": 0.052542124787162005, "lamda": 0.9565233037399925}, "datetime": {"datetime": "2021-09-23 18:40:36", "elapsed": 542.504806, "delta": 2.002711}}
{"target": 0.43907105241680544, "params": {"C": 70.78322474045495, "epsilon": 0.8848446884849421, "gamma": 0.01845698590397817, "lamda": 0.453114352254361}, "datetime": {"datetime": "2021-09-23 18:40:39", "elapsed": 544.699243, "delta": 2.194437}}
{"target": 0.43805918149113054, "params": {"C": 25.37988524938303, "epsilon": 0.33882572818122725, "gamma": 0.04945665492878965, "lamda": 0.4840504876431384}, "datetime": {"datetime": "2021-09-23 18:40:41", "elapsed": 546.81541, "delta": 2.116167}}
{"target": 0.39892489891714034, "params": {"C": 28.45390492520889, "epsilon": 0.27045986129296024, "gamma": 0.0027411939349423877, "lamda": 0.04330044041307356}, "datetime": {"datetime": "2021-09-23 18:40:43", "elapsed": 548.973467, "delta": 2.158057}}
{"target": 0.3822540020560845, "params": {"C": 83.47254938475487, "epsilon": 0.40055752988755094, "gamma": 0.07620724113172721, "lamda": 0.6280405807124593}, "datetime": {"datetime": "2021-09-23 18:40:45", "elapsed": 551.09212, "delta": 2.118653}}
{"target": 0.3937367145132904, "params": {"C": 89.90183029584179, "epsilon": 0.3562115082463736, "gamma": 0.06480510489621115, "lamda": 0.9291618391589885}, "datetime": {"datetime": "2021-09-23 18:40:47", "elapsed": 553.127648, "delta": 2.035528}}
{"target": 0.41475020220638614, "params": {"C": 80.75012397953293, "epsilon": 0.5521725095029604, "gamma": 0.04938749102357489, "lamda": 0.9700424289229436}, "datetime": {"datetime": "2021-09-23 18:40:50", "elapsed": 555.654722, "delta": 2.527074}}
{"target": 0.41067689624853776, "params": {"C": 116.05333768783072, "epsilon": 0.7201971129563375, "gamma": 0.03885007181186388, "lamda": 0.23994660489374547}, "datetime": {"datetime": "2021-09-23 18:40:52", "elapsed": 557.808846, "delta": 2.154124}}
{"target": 0.42531370077628616, "params": {"C": 73.46084371686646, "epsilon": 0.4853110476223774, "gamma": 0.03696463497881151, "lamda": 0.6678669248452035}, "datetime": {"datetime": "2021-09-23 18:40:54", "elapsed": 559.817456, "delta": 2.00861}}
{"target": 0.4069077922129881, "params": {"C": 64.89549714902667, "epsilon": 0.5803362102718044, "gamma": 0.06420195058704102, "lamda": 0.9859297888036811}, "datetime": {"datetime": "2021-09-23 18:40:56", "elapsed": 562.40205, "delta": 2.584594}}
{"target": 0.4275955365852957, "params": {"C": 76.03771090123269, "epsilon": 0.012907968257403125, "gamma": 0.025155005831237528, "lamda": 0.5461447030563833}, "datetime": {"datetime": "2021-09-23 18:40:59", "elapsed": 564.73276, "delta": 2.33071}}
{"target": 0.40974630284381186, "params": {"C": 47.00273027091606, "epsilon": 0.14650327585301323, "gamma": 0.07643994503527705, "lamda": 0.2905748514671018}, "datetime": {"datetime": "2021-09-23 18:41:01", "elapsed": 567.312089, "delta": 2.579329}}
{"target": 0.4417828850526083, "params": {"C": 110.59050694826716, "epsilon": 0.7887930733770631, "gamma": 0.006010186272676643, "lamda": 0.05344331165915657}, "datetime": {"datetime": "2021-09-23 18:41:04", "elapsed": 570.319534, "delta": 3.007445}}
{"target": 0.4057380516320581, "params": {"C": 110.69415432873231, "epsilon": 0.032318044071721654, "gamma": 0.04411407127947956, "lamda": 0.6930692730417957}, "datetime": {"datetime": "2021-09-23 18:41:06", "elapsed": 572.442904, "delta": 2.12337}}
{"target": 0.4338217351897069, "params": {"C": 108.9793218084661, "epsilon": 0.6585227196480251, "gamma": 0.021965561681338796, "lamda": 0.6173585958393689}, "datetime": {"datetime": "2021-09-23 18:41:08", "elapsed": 574.41655, "delta": 1.973646}}
