{"target": 0.19848540415856886, "params": {"C": 84.93489128338292, "epsilon": 0.09598816439955357, "gamma": 0.9080261267067384, "lamda": 0.38022182753312006}, "datetime": {"datetime": "2021-09-23 17:38:55", "elapsed": 113.756421, "delta": 0.657002}}
{"target": 0.3930767826196607, "params": {"C": 75.61022009675919, "epsilon": 0.47590576660991313, "gamma": 0.001, "lamda": 0.6240263034842168}, "datetime": {"datetime": "2021-09-23 17:38:57", "elapsed": 114.830192, "delta": 1.073771}}
{"target": 0.3294519836222477, "params": {"C": 38.301668195906316, "epsilon": 0.09512356121267772, "gamma": 0.2928374539831723, "lamda": 0.6934929091619714}, "datetime": {"datetime": "2021-09-23 17:38:57", "elapsed": 115.545779, "delta": 0.715587}}
{"target": 0.4417346711466077, "params": {"C": 74.93005611370506, "epsilon": 0.06731292012191546, "gamma": 0.01021275827350034, "lamda": 0.7494485250005503}, "datetime": {"datetime": "2021-09-23 17:38:58", "elapsed": 116.71158, "delta": 1.165801}}
{"target": 0.29994713325413924, "params": {"C": 74.51970887648648, "epsilon": 0.2629803976214946, "gamma": 0.24932692605345272, "lamda": 0.8794212934604593}, "datetime": {"datetime": "2021-09-23 17:38:59", "elapsed": 117.680538, "delta": 0.968958}}
{"target": 0.3943833089168909, "params": {"C": 36.926100783516915, "epsilon": 0.44163519620348385, "gamma": 0.10888038931104009, "lamda": 0.054641453438174406}, "datetime": {"datetime": "2021-09-23 17:39:00", "elapsed": 118.464705, "delta": 0.784167}}
{"target": 0.299550632403902, "params": {"C": 75.17861601472383, "epsilon": 0.30032197577070274, "gamma": 0.3077078975215494, "lamda": 0.9886166982918242}, "datetime": {"datetime": "2021-09-23 17:39:01", "elapsed": 119.24829, "delta": 0.783585}}
{"target": 0.14957330775171784, "params": {"C": 12.526004907856107, "epsilon": 0.44730759703475526, "gamma": 0.5534035619082359, "lamda": 0.7548461310265218}, "datetime": {"datetime": "2021-09-23 17:39:02", "elapsed": 119.939678, "delta": 0.691388}}
{"target": 0.26960585811221216, "params": {"C": 62.89386162609734, "epsilon": 0.5227049448116764, "gamma": 0.5658067290501051, "lamda": 0.28246594442421297}, "datetime": {"datetime": "2021-09-23 17:39:03", "elapsed": 120.865675, "delta": 0.925997}}
{"target": 0.32658147945439875, "params": {"C": 40.90032511102901, "epsilon": 0.7166690944294216, "gamma": 0.001, "lamda": 1.0}, "datetime": {"datetime": "2021-09-23 17:39:04", "elapsed": 122.035834, "delta": 1.170159}}
{"target": 0.3950989739896352, "params": {"C": 74.94351705501816, "epsilon": 0.3271579725775136, "gamma": 0.001, "lamda": 0.41250410750033945}, "datetime": {"datetime": "2021-09-23 17:39:05", "elapsed": 123.103834, "delta": 1.068}}
{"target": 0.27971906329736085, "params": {"C": 37.28181656836376, "epsilon": 0.5826305514062131, "gamma": 0.4717520030581234, "lamda": 0.8648054772859267}, "datetime": {"datetime": "2021-09-23 17:39:06", "elapsed": 123.830132, "delta": 0.726298}}
{"target": 0.3830418915007032, "params": {"C": 62.82370028697097, "epsilon": 1.0, "gamma": 0.001, "lamda": 0.001}, "datetime": {"datetime": "2021-09-23 17:39:07", "elapsed": 125.264648, "delta": 1.434516}}
{"target": 0.39721098637966545, "params": {"C": 75.80074188773895, "epsilon": 0.7846009606768937, "gamma": 0.001, "lamda": 0.001}, "datetime": {"datetime": "2021-09-23 17:39:08", "elapsed": 126.470262, "delta": 1.205614}}
{"target": 0.1445422415738994, "params": {"C": 16.016938596034954, "epsilon": 0.45936605481940357, "gamma": 0.6286181797851969, "lamda": 0.9362171509104132}, "datetime": {"datetime": "2021-09-23 17:39:09", "elapsed": 127.181868, "delta": 0.711606}}
{"target": 0.1312143886264313, "params": {"C": 37.74369237810154, "epsilon": 0.4980006362624043, "gamma": 0.9412395776426384, "lamda": 0.8164982444395064}, "datetime": {"datetime": "2021-09-23 17:39:10", "elapsed": 127.907932, "delta": 0.726064}}
{"target": 0.38985895453615205, "params": {"C": 76.25694582735736, "epsilon": 0.9220354750412831, "gamma": 0.001, "lamda": 0.4877690047106512}, "datetime": {"datetime": "2021-09-23 17:39:11", "elapsed": 129.198719, "delta": 1.290787}}
{"target": 0.2861780417994809, "params": {"C": 76.61857652946948, "epsilon": 0.866420242438175, "gamma": 0.37381412748076465, "lamda": 0.09400709725748053}, "datetime": {"datetime": "2021-09-23 17:39:12", "elapsed": 130.431328, "delta": 1.232609}}
{"target": 0.36419570229899223, "params": {"C": 75.84130942884799, "epsilon": 1.0, "gamma": 0.001, "lamda": 1.0}, "datetime": {"datetime": "2021-09-23 17:39:13", "elapsed": 131.532599, "delta": 1.101271}}
{"target": 0.3774598731405948, "params": {"C": 59.376238211146465, "epsilon": 0.3713668289911102, "gamma": 0.001, "lamda": 0.2320433779533069}, "datetime": {"datetime": "2021-09-23 17:39:15", "elapsed": 132.846414, "delta": 1.313815}}
{"target": 0.3781130457344213, "params": {"C": 59.699817816764124, "epsilon": 0.07383263281694974, "gamma": 0.001, "lamda": 0.7906490015957133}, "datetime": {"datetime": "2021-09-23 17:39:16", "elapsed": 134.095118, "delta": 1.248704}}
{"target": 0.268415038654478, "params": {"C": 59.486187724707605, "epsilon": 0.001, "gamma": 0.5710457705360334, "lamda": 0.4048686083848073}, "datetime": {"datetime": "2021-09-23 17:39:17", "elapsed": 135.248489, "delta": 1.153371}}
{"target": 0.3167644882095878, "params": {"C": 39.41139473558702, "epsilon": 1.0, "gamma": 0.001, "lamda": 1.0}, "datetime": {"datetime": "2021-09-23 17:39:18", "elapsed": 136.313964, "delta": 1.065475}}
{"target": 0.4171342771491726, "params": {"C": 37.7886423356241, "epsilon": 0.16988113933076254, "gamma": 0.07321856949396377, "lamda": 0.8405519145436495}, "datetime": {"datetime": "2021-09-23 17:39:19", "elapsed": 137.071959, "delta": 0.757995}}
{"target": 0.2899034725273034, "params": {"C": 95.45755139028442, "epsilon": 0.37869507180151, "gamma": 0.3930655926112086, "lamda": 0.719166950416091}, "datetime": {"datetime": "2021-09-23 17:39:20", "elapsed": 137.794354, "delta": 0.722395}}
{"target": 0.4475168383914925, "params": {"C": 59.20290776621409, "epsilon": 0.8542404661663308, "gamma": 0.011323153931914041, "lamda": 0.6966852270918908}, "datetime": {"datetime": "2021-09-23 17:39:21", "elapsed": 139.099336, "delta": 1.304982}}
{"target": 0.371805043064417, "params": {"C": 58.840847834804244, "epsilon": 0.846666749619296, "gamma": 0.001, "lamda": 0.3809822840279561}, "datetime": {"datetime": "2021-09-23 17:39:22", "elapsed": 140.320181, "delta": 1.220845}}
{"target": 0.3503317127858301, "params": {"C": 34.700005270466036, "epsilon": 0.21931641829105641, "gamma": 0.22987472322602168, "lamda": 0.44473797985751645}, "datetime": {"datetime": "2021-09-23 17:39:23", "elapsed": 141.121183, "delta": 0.801002}}
{"target": 0.36498280206083944, "params": {"C": 59.67412918973525, "epsilon": 0.7912621922212318, "gamma": 0.001, "lamda": 0.79450823455888}, "datetime": {"datetime": "2021-09-23 17:39:24", "elapsed": 142.421773, "delta": 1.30059}}
{"target": 0.2986776844779626, "params": {"C": 59.23228013005508, "epsilon": 0.8606512000375246, "gamma": 0.4280905619282264, "lamda": 0.7278924789534416}, "datetime": {"datetime": "2021-09-23 17:39:25", "elapsed": 143.717567, "delta": 1.295794}}
{"target": 0.4186269023136223, "params": {"C": 53.05697767697266, "epsilon": 0.00424983967955877, "gamma": 0.05686593420795443, "lamda": 0.49604420124831333}, "datetime": {"datetime": "2021-09-23 17:39:27", "elapsed": 144.873763, "delta": 1.156196}}
{"target": 0.2878629963542475, "params": {"C": 73.62478158538487, "epsilon": 0.2455064517651762, "gamma": 0.4102418652755457, "lamda": 0.23455341545448866}, "datetime": {"datetime": "2021-09-23 17:39:27", "elapsed": 145.677454, "delta": 0.803691}}
{"target": 0.37670162006944574, "params": {"C": 59.81238360381872, "epsilon": 0.9880501374448871, "gamma": 0.09869990940963565, "lamda": 0.07805814119613239}, "datetime": {"datetime": "2021-09-23 17:39:29", "elapsed": 146.999722, "delta": 1.322268}}
{"target": 0.3242968664996637, "params": {"C": 37.02305591277418, "epsilon": 1.0, "gamma": 0.001, "lamda": 0.001}, "datetime": {"datetime": "2021-09-23 17:39:30", "elapsed": 148.125722, "delta": 1.126}}
{"target": 0.3662047685289963, "params": {"C": 52.74242363626028, "epsilon": 0.001, "gamma": 0.001, "lamda": 1.0}, "datetime": {"datetime": "2021-09-23 17:39:31", "elapsed": 149.632722, "delta": 1.507}}
{"target": 0.3058658526495215, "params": {"C": 95.84145392839964, "epsilon": 0.4257029408312759, "gamma": 0.27453926248707106, "lamda": 0.9969628784836893}, "datetime": {"datetime": "2021-09-23 17:39:32", "elapsed": 150.402722, "delta": 0.77}}
{"target": 0.35775905132442787, "params": {"C": 76.4625795383678, "epsilon": 0.2211262264826113, "gamma": 0.10792708076357427, "lamda": 0.932603867421706}, "datetime": {"datetime": "2021-09-23 17:39:33", "elapsed": 151.623722, "delta": 1.221}}
{"target": 0.4463249838524499, "params": {"C": 38.07756816921815, "epsilon": 0.49115764138054546, "gamma": 0.01166687620621528, "lamda": 0.9460915736370246}, "datetime": {"datetime": "2021-09-23 17:39:35", "elapsed": 152.855724, "delta": 1.232002}}
{"target": 0.438343633244207, "params": {"C": 58.758618279422684, "epsilon": 0.6917594783010321, "gamma": 0.028098275240162795, "lamda": 0.9990734400357234}, "datetime": {"datetime": "2021-09-23 17:39:36", "elapsed": 154.102724, "delta": 1.247}}
{"target": 0.4219010437732317, "params": {"C": 52.404401748879714, "epsilon": 0.9084117488314676, "gamma": 0.05159715731886039, "lamda": 0.6972883853432416}, "datetime": {"datetime": "2021-09-23 17:39:37", "elapsed": 155.115724, "delta": 1.013}}
{"target": 0.3493865438700928, "params": {"C": 58.35298933131093, "epsilon": 1.0, "gamma": 0.001, "lamda": 1.0}, "datetime": {"datetime": "2021-09-23 17:39:38", "elapsed": 156.172723, "delta": 1.056999}}
{"target": 0.3686861956886446, "params": {"C": 53.371432491150095, "epsilon": 0.001, "gamma": 0.001, "lamda": 0.001}, "datetime": {"datetime": "2021-09-23 17:39:39", "elapsed": 157.535722, "delta": 1.362999}}
{"target": 0.18001584547047567, "params": {"C": 79.4633081741791, "epsilon": 0.913410401200555, "gamma": 0.936549605986314, "lamda": 0.34321202026273867}, "datetime": {"datetime": "2021-09-23 17:39:40", "elapsed": 158.437723, "delta": 0.902001}}
{"target": 0.4380711207218404, "params": {"C": 37.778754882202364, "epsilon": 0.6737827494911774, "gamma": 0.037277392612579625, "lamda": 0.9357096463262466}, "datetime": {"datetime": "2021-09-23 17:39:41", "elapsed": 159.480721, "delta": 1.042998}}
{"target": 0.4282420386086888, "params": {"C": 60.508305031710876, "epsilon": 0.6408584694310822, "gamma": 0.03240581773055874, "lamda": 0.08994521862566529}, "datetime": {"datetime": "2021-09-23 17:39:43", "elapsed": 161.107722, "delta": 1.627001}}
{"target": 0.30829893302243483, "params": {"C": 87.93854064964101, "epsilon": 0.9530404503457425, "gamma": 0.3587862269692286, "lamda": 0.6858021831047169}, "datetime": {"datetime": "2021-09-23 17:39:44", "elapsed": 161.937723, "delta": 0.830001}}
{"target": 0.36651506282477797, "params": {"C": 59.18725651879925, "epsilon": 0.5559056004915369, "gamma": 0.001, "lamda": 1.0}, "datetime": {"datetime": "2021-09-23 17:39:46", "elapsed": 163.887863, "delta": 1.95014}}
{"target": 0.3904320625542427, "params": {"C": 13.832885252611694, "epsilon": 0.8266219645839271, "gamma": 0.16160835839268237, "lamda": 0.8368636845416276}, "datetime": {"datetime": "2021-09-23 17:39:47", "elapsed": 165.074485, "delta": 1.186622}}
{"target": 0.29813179448435934, "params": {"C": 60.705011854359775, "epsilon": 0.8010168634536083, "gamma": 0.39997056532412384, "lamda": 0.28489902399070866}, "datetime": {"datetime": "2021-09-23 17:39:49", "elapsed": 167.442097, "delta": 2.367612}}
{"target": 0.43333388507975146, "params": {"C": 60.130210365235364, "epsilon": 0.4197804154501408, "gamma": 0.024153416169753642, "lamda": 0.07098462836169299}, "datetime": {"datetime": "2021-09-23 17:39:52", "elapsed": 170.179286, "delta": 2.737189}}
{"target": 0.4203439921217649, "params": {"C": 52.30628804208283, "epsilon": 0.32294659193188446, "gamma": 0.05106940809113451, "lamda": 0.7836868234834815}, "datetime": {"datetime": "2021-09-23 17:39:53", "elapsed": 171.492555, "delta": 1.313269}}
{"target": 0.2508701650639592, "params": {"C": 50.53907158630753, "epsilon": 0.9638766794351867, "gamma": 0.5999182962718707, "lamda": 0.5164359819139215}, "datetime": {"datetime": "2021-09-23 17:39:55", "elapsed": 173.08566, "delta": 1.593105}}
{"target": 0.10370069366593204, "params": {"C": 17.849698614628018, "epsilon": 0.9754369842589586, "gamma": 0.8024098059780631, "lamda": 0.24538417897530196}, "datetime": {"datetime": "2021-09-23 17:39:57", "elapsed": 174.836069, "delta": 1.750409}}
{"target": 0.3233711927121108, "params": {"C": 60.74611844015097, "epsilon": 0.15203897570080466, "gamma": 0.19742608111470558, "lamda": 0.10246644414027152}, "datetime": {"datetime": "2021-09-23 17:39:58", "elapsed": 176.656632, "delta": 1.820563}}
{"target": 0.4111880858920869, "params": {"C": 60.277884224285955, "epsilon": 0.6414596463828689, "gamma": 0.058160976159069705, "lamda": 0.506003641907306}, "datetime": {"datetime": "2021-09-23 17:40:00", "elapsed": 178.566705, "delta": 1.910073}}
{"target": 0.38561195335564724, "params": {"C": 28.564283538831873, "epsilon": 0.48102897568087694, "gamma": 0.14544693895356411, "lamda": 0.5358138282358402}, "datetime": {"datetime": "2021-09-23 17:40:03", "elapsed": 180.91246, "delta": 2.345755}}
{"target": 0.17912044320350284, "params": {"C": 28.60815354469641, "epsilon": 0.8988541419694389, "gamma": 0.6806680706691729, "lamda": 0.8837535068789917}, "datetime": {"datetime": "2021-09-23 17:40:05", "elapsed": 182.867967, "delta": 1.955507}}
{"target": 0.0717835311932642, "params": {"C": 1.25455850429503, "epsilon": 0.9958125011111183, "gamma": 0.2697266198370442, "lamda": 0.03255481383932382}, "datetime": {"datetime": "2021-09-23 17:40:06", "elapsed": 184.089737, "delta": 1.22177}}
{"target": 0.3450126883028575, "params": {"C": 28.92001206474664, "epsilon": 0.12513680092108168, "gamma": 0.26905364960376255, "lamda": 0.019429437532271915}, "datetime": {"datetime": "2021-09-23 17:40:08", "elapsed": 186.062553, "delta": 1.972816}}
{"target": 0.4096831109865081, "params": {"C": 27.984969722120496, "epsilon": 0.033571429060139, "gamma": 0.09877934494656833, "lamda": 0.23813552503423482}, "datetime": {"datetime": "2021-09-23 17:40:10", "elapsed": 188.382865, "delta": 2.320312}}
{"target": 0.35457760234412306, "params": {"C": 28.09301275410974, "epsilon": 0.5399298494720184, "gamma": 0.24074528795428943, "lamda": 0.05777181414567276}, "datetime": {"datetime": "2021-09-23 17:40:14", "elapsed": 192.507779, "delta": 4.124914}}
{"target": 0.34205500152222057, "params": {"C": 27.81241674199091, "epsilon": 0.07397921288887205, "gamma": 0.27526168608640816, "lamda": 0.8327108787453719}, "datetime": {"datetime": "2021-09-23 17:40:17", "elapsed": 195.102394, "delta": 2.594615}}
{"target": 0.06904055006325494, "params": {"C": 4.899580671182081, "epsilon": 1.0, "gamma": 0.001, "lamda": 0.2854606593675797}, "datetime": {"datetime": "2021-09-23 17:40:19", "elapsed": 197.368363, "delta": 2.265969}}
{"target": 0.44085638071107214, "params": {"C": 60.28707727701117, "epsilon": 0.16781975750151001, "gamma": 0.00341170953006291, "lamda": 0.9026530747806047}, "datetime": {"datetime": "2021-09-23 17:40:21", "elapsed": 199.631765, "delta": 2.263402}}
{"target": 0.3784437583454784, "params": {"C": 60.206490343245015, "epsilon": 0.0981886402709305, "gamma": 0.001, "lamda": 0.463947836079304}, "datetime": {"datetime": "2021-09-23 17:40:24", "elapsed": 201.81548, "delta": 2.183715}}
{"target": 0.16935980502235182, "params": {"C": 55.26797846613584, "epsilon": 0.45764810808839834, "gamma": 0.9075334769512818, "lamda": 0.6935227391779224}, "datetime": {"datetime": "2021-09-23 17:40:25", "elapsed": 203.601129, "delta": 1.785649}}
{"target": 0.2942630899405617, "params": {"C": 60.40900788806283, "epsilon": 0.17477405735799395, "gamma": 0.4258753914520218, "lamda": 0.9091696856669994}, "datetime": {"datetime": "2021-09-23 17:40:28", "elapsed": 206.097159, "delta": 2.49603}}
{"target": 0.28714316024764297, "params": {"C": 28.436824825603665, "epsilon": 0.001, "gamma": 0.001, "lamda": 0.5050203108995919}, "datetime": {"datetime": "2021-09-23 17:40:31", "elapsed": 209.453062, "delta": 3.355903}}
{"target": 0.44014296267789144, "params": {"C": 52.44057310396207, "epsilon": 0.6859534829856746, "gamma": 0.026986878791647323, "lamda": 0.9566065318462544}, "datetime": {"datetime": "2021-09-23 17:40:34", "elapsed": 211.928799, "delta": 2.475737}}
{"target": 0.27618306913330803, "params": {"C": 27.658069830856704, "epsilon": 0.09570889842068184, "gamma": 0.42830922658409537, "lamda": 0.14900277656438887}, "datetime": {"datetime": "2021-09-23 17:40:36", "elapsed": 213.927005, "delta": 1.998206}}
{"target": 0.29821256462353296, "params": {"C": 60.12508137117652, "epsilon": 0.6347394775598024, "gamma": 0.40544051520215696, "lamda": 0.001}, "datetime": {"datetime": "2021-09-23 17:40:38", "elapsed": 216.69253, "delta": 2.765525}}
{"target": 0.2948944692045796, "params": {"C": 77.42835747603381, "epsilon": 0.7057180340746648, "gamma": 0.24694183719724883, "lamda": 0.21112362936987789}, "datetime": {"datetime": "2021-09-23 17:40:40", "elapsed": 218.248987, "delta": 1.556457}}
{"target": 0.3664462789300099, "params": {"C": 60.333943598131135, "epsilon": 0.6039233715496424, "gamma": 0.001, "lamda": 1.0}, "datetime": {"datetime": "2021-09-23 17:40:42", "elapsed": 219.871558, "delta": 1.622571}}
{"target": 0.18837851566757347, "params": {"C": 14.830620151331834, "epsilon": 0.513329221921053, "gamma": 0.001, "lamda": 0.7469731022226029}, "datetime": {"datetime": "2021-09-23 17:40:43", "elapsed": 221.247583, "delta": 1.376025}}
{"target": 0.4098336366929626, "params": {"C": 51.31919008077421, "epsilon": 0.07743691459716161, "gamma": 0.0017812697094384095, "lamda": 0.09960215122564645}, "datetime": {"datetime": "2021-09-23 17:40:45", "elapsed": 222.825134, "delta": 1.577551}}
{"target": 0.36594959876872846, "params": {"C": 15.675102979376108, "epsilon": 0.6017905742372667, "gamma": 0.20051057853918244, "lamda": 0.1045320634610958}, "datetime": {"datetime": "2021-09-23 17:40:46", "elapsed": 224.073314, "delta": 1.24818}}
{"target": 0.22921355753752526, "params": {"C": 14.255487895175909, "epsilon": 0.017586901979325345, "gamma": 0.4112458950226707, "lamda": 0.9611939264215705}, "datetime": {"datetime": "2021-09-23 17:40:47", "elapsed": 225.369205, "delta": 1.295891}}
{"target": 0.3607655310286205, "params": {"C": 52.54956478544226, "epsilon": 0.5440812839423388, "gamma": 0.001, "lamda": 0.602708369087778}, "datetime": {"datetime": "2021-09-23 17:40:48", "elapsed": 226.652301, "delta": 1.283096}}
{"target": 0.3210576421100638, "params": {"C": 55.82565750056058, "epsilon": 0.7173937261611223, "gamma": 0.28971782078188196, "lamda": 0.8411166968238248}, "datetime": {"datetime": "2021-09-23 17:40:49", "elapsed": 227.507299, "delta": 0.854998}}
{"target": 0.3533815760856398, "params": {"C": 58.94266646751765, "epsilon": 1.0, "gamma": 0.001, "lamda": 0.9111579376785326}, "datetime": {"datetime": "2021-09-23 17:40:50", "elapsed": 228.697806, "delta": 1.190507}}
{"target": 0.26780901053397776, "params": {"C": 6.68312627513283, "epsilon": 0.21728235858027187, "gamma": 0.24863112919827807, "lamda": 0.43717258251427826}, "datetime": {"datetime": "2021-09-23 17:40:51", "elapsed": 229.653777, "delta": 0.955971}}
{"target": 0.4124517981508864, "params": {"C": 58.464570039447544, "epsilon": 0.5678869902334752, "gamma": 0.05929132407607742, "lamda": 0.7554465572692732}, "datetime": {"datetime": "2021-09-23 17:40:53", "elapsed": 230.928774, "delta": 1.274997}}
{"target": 0.40086367444563, "params": {"C": 10.759523182908248, "epsilon": 0.215989741936091, "gamma": 0.1349247089652511, "lamda": 0.4970004318128196}, "datetime": {"datetime": "2021-09-23 17:40:54", "elapsed": 231.913774, "delta": 0.985}}
{"target": 0.3524718782564841, "params": {"C": 15.167917039956922, "epsilon": 0.8141417060130646, "gamma": 0.22858561256028015, "lamda": 0.48434013689210953}, "datetime": {"datetime": "2021-09-23 17:40:55", "elapsed": 233.254774, "delta": 1.341}}
{"target": 0.14800689629355857, "params": {"C": 1.8503328834013448, "epsilon": 0.18829283972449753, "gamma": 0.20480269851595376, "lamda": 0.3336755080152482}, "datetime": {"datetime": "2021-09-23 17:40:56", "elapsed": 234.183776, "delta": 0.929002}}
{"target": 0.3403608491794684, "params": {"C": 15.249961087424698, "epsilon": 0.2236923546130901, "gamma": 0.002820444586059734, "lamda": 0.6443236132768672}, "datetime": {"datetime": "2021-09-23 17:40:58", "elapsed": 236.047714, "delta": 1.863938}}
{"target": 0.37077402670990445, "params": {"C": 58.91827927957402, "epsilon": 0.574430217752307, "gamma": 0.001, "lamda": 0.671968340870061}, "datetime": {"datetime": "2021-09-23 17:40:59", "elapsed": 237.499995, "delta": 1.452281}}
{"target": 0.372418750993489, "params": {"C": 59.366283406837994, "epsilon": 0.9082181581790216, "gamma": 0.001, "lamda": 0.37455308875148063}, "datetime": {"datetime": "2021-09-23 17:41:01", "elapsed": 239.255505, "delta": 1.75551}}
{"target": 0.36148516065452585, "params": {"C": 50.95285084625633, "epsilon": 0.3993798217102046, "gamma": 0.001, "lamda": 0.4160536206742884}, "datetime": {"datetime": "2021-09-23 17:41:02", "elapsed": 240.712849, "delta": 1.457344}}
{"target": 0.36909564581265897, "params": {"C": 38.74057159556465, "epsilon": 0.1726951512456408, "gamma": 0.14791154774854276, "lamda": 0.9756143636867681}, "datetime": {"datetime": "2021-09-23 17:41:03", "elapsed": 241.62885, "delta": 0.916001}}
{"target": 0.325431653529315, "params": {"C": 37.91280588031539, "epsilon": 0.5228993555383062, "gamma": 0.001, "lamda": 0.6483165189113074}, "datetime": {"datetime": "2021-09-23 17:41:05", "elapsed": 242.920542, "delta": 1.291692}}
