{"target": 0.3524153953062026, "params": {"C": 42.28517846555483, "epsilon": 0.7206041689487159, "gamma": 0.0011142604425275417, "lamda": 0.3030302400592079}, "datetime": {"datetime": "2021-09-23 17:17:37", "elapsed": 0.0, "delta": 0.0}}
{"target": 0.37497463567688394, "params": {"C": 15.528833190894192, "epsilon": 0.093246256174029, "gamma": 0.18707395116629325, "lamda": 0.3462151663160047}, "datetime": {"datetime": "2021-09-23 17:17:37", "elapsed": 0.337997, "delta": 0.337997}}
{"target": 0.2992795840862523, "params": {"C": 40.27997994883632, "epsilon": 0.5392779172693536, "gamma": 0.4197753198888915, "lamda": 0.6855342808963627}, "datetime": {"datetime": "2021-09-23 17:17:37", "elapsed": 0.625995, "delta": 0.287998}}
{"target": 0.008601337574065893, "params": {"C": 1.7642657424279848, "epsilon": 0.1626990732784835, "gamma": 0.7096596651358285, "lamda": 0.7649721221326093}, "datetime": {"datetime": "2021-09-23 17:17:38", "elapsed": 0.993996, "delta": 0.368001}}
{"target": 0.36227947417559225, "params": {"C": 50.45550467887674, "epsilon": 1.0, "gamma": 0.001, "lamda": 0.001}, "datetime": {"datetime": "2021-09-23 17:17:38", "elapsed": 1.695089, "delta": 0.701093}}
{"target": 0.2604740084467999, "params": {"C": 23.851484224357385, "epsilon": 1.0, "gamma": 0.001, "lamda": 0.001}, "datetime": {"datetime": "2021-09-23 17:17:39", "elapsed": 2.620267, "delta": 0.925178}}
{"target": 0.15635742468223635, "params": {"C": 60.810394498333935, "epsilon": 0.001, "gamma": 1.0, "lamda": 1.0}, "datetime": {"datetime": "2021-09-23 17:17:40", "elapsed": 3.229265, "delta": 0.608998}}
{"target": 0.2304894214688038, "params": {"C": 99.98939088258693, "epsilon": 0.4301236437037558, "gamma": 0.7173473195005178, "lamda": 0.9949558936986455}, "datetime": {"datetime": "2021-09-23 17:17:41", "elapsed": 4.076267, "delta": 0.847002}}
{"target": 0.4032889706798619, "params": {"C": 82.41821059366072, "epsilon": 1.0, "gamma": 0.001, "lamda": 0.001}, "datetime": {"datetime": "2021-09-23 17:17:42", "elapsed": 4.932985, "delta": 0.856718}}
{"target": 0.17406789028997605, "params": {"C": 76.71316307431636, "epsilon": 0.001, "gamma": 1.0, "lamda": 1.0}, "datetime": {"datetime": "2021-09-23 17:17:42", "elapsed": 5.723985, "delta": 0.791}}
{"target": 0.4052274816004333, "params": {"C": 85.94345491838155, "epsilon": 1.0, "gamma": 0.001, "lamda": 0.001}, "datetime": {"datetime": "2021-09-23 17:17:43", "elapsed": 6.622815, "delta": 0.89883}}
{"target": 0.18202722830866847, "params": {"C": 91.2905617497519, "epsilon": 0.001, "gamma": 1.0, "lamda": 1.0}, "datetime": {"datetime": "2021-09-23 17:17:44", "elapsed": 7.061778, "delta": 0.438963}}
{"target": 0.13796923478702872, "params": {"C": 46.57295732200863, "epsilon": 0.001, "gamma": 1.0, "lamda": 1.0}, "datetime": {"datetime": "2021-09-23 17:17:44", "elapsed": 7.520779, "delta": 0.459001}}
{"target": 0.19097161467713508, "params": {"C": 84.19413459545656, "epsilon": 0.06503193103005532, "gamma": 0.9359927716957224, "lamda": 0.9299200731840959}, "datetime": {"datetime": "2021-09-23 17:17:45", "elapsed": 8.08582, "delta": 0.565041}}
{"target": 0.2958131336084362, "params": {"C": 86.03984700072513, "epsilon": 0.9215626785722921, "gamma": 0.25267852878750374, "lamda": 0.30357635547370343}, "datetime": {"datetime": "2021-09-23 17:17:45", "elapsed": 8.54594, "delta": 0.46012}}
{"target": 0.40306320216809033, "params": {"C": 81.96972983151868, "epsilon": 1.0, "gamma": 0.001, "lamda": 0.001}, "datetime": {"datetime": "2021-09-23 17:17:46", "elapsed": 9.133946, "delta": 0.588006}}
{"target": 0.37792880967665077, "params": {"C": 82.18190959040543, "epsilon": 1.0, "gamma": 0.001, "lamda": 0.7805722625727802}, "datetime": {"datetime": "2021-09-23 17:17:46", "elapsed": 9.500937, "delta": 0.366991}}
{"target": 0.2807398856040636, "params": {"C": 81.97885597470746, "epsilon": 0.06971033162038841, "gamma": 0.45794391392725675, "lamda": 0.1317671009646943}, "datetime": {"datetime": "2021-09-23 17:17:47", "elapsed": 10.119261, "delta": 0.618324}}
{"target": 0.4405637794494426, "params": {"C": 85.22665504082782, "epsilon": 0.8945813611937347, "gamma": 0.0026890240287505323, "lamda": 0.020784577298546242}, "datetime": {"datetime": "2021-09-23 17:17:47", "elapsed": 10.689378, "delta": 0.570117}}
{"target": 0.27020036451034923, "params": {"C": 14.156198722836363, "epsilon": 0.0691395028821164, "gamma": 0.3392938533120617, "lamda": 0.552506035338447}, "datetime": {"datetime": "2021-09-23 17:17:48", "elapsed": 11.255652, "delta": 0.566274}}
{"target": 0.4041518291216585, "params": {"C": 84.12186583889311, "epsilon": 1.0, "gamma": 0.001, "lamda": 0.001}, "datetime": {"datetime": "2021-09-23 17:17:49", "elapsed": 11.981653, "delta": 0.726001}}
{"target": 0.41560805463954287, "params": {"C": 17.167664241795528, "epsilon": 0.1210569572809889, "gamma": 0.0062178802096746165, "lamda": 0.10075969415870277}, "datetime": {"datetime": "2021-09-23 17:17:49", "elapsed": 12.675361, "delta": 0.693708}}
{"target": 0.09216920283162322, "params": {"C": 17.032959190027597, "epsilon": 0.9305272170030208, "gamma": 0.8429899137178178, "lamda": 0.8944233798437534}, "datetime": {"datetime": "2021-09-23 17:17:50", "elapsed": 13.204356, "delta": 0.528995}}
{"target": 0.4009620828821232, "params": {"C": 18.078123767721095, "epsilon": 0.1715744361561996, "gamma": 0.13815085118970402, "lamda": 0.014477092281198065}, "datetime": {"datetime": "2021-09-23 17:17:51", "elapsed": 13.98636, "delta": 0.782004}}
{"target": 0.22730582192401105, "params": {"C": 19.47165992660773, "epsilon": 0.001, "gamma": 0.001, "lamda": 0.001}, "datetime": {"datetime": "2021-09-23 17:17:52", "elapsed": 14.832166, "delta": 0.845806}}
{"target": 0.3821426549500154, "params": {"C": 80.66606267976752, "epsilon": 1.0, "gamma": 0.001, "lamda": 0.6835919409630401}, "datetime": {"datetime": "2021-09-23 17:17:52", "elapsed": 15.289166, "delta": 0.457}}
{"target": 0.26953031473237377, "params": {"C": 79.51447782725769, "epsilon": 0.9744581993464011, "gamma": 0.5769501152098843, "lamda": 0.2297948791082212}, "datetime": {"datetime": "2021-09-23 17:17:53", "elapsed": 15.911175, "delta": 0.622009}}
{"target": 0.3322198760097239, "params": {"C": 51.73584604716818, "epsilon": 0.893956249427662, "gamma": 0.22865463332326247, "lamda": 0.6342002284749917}, "datetime": {"datetime": "2021-09-23 17:17:53", "elapsed": 16.539308, "delta": 0.628133}}
{"target": 0.4046128742340973, "params": {"C": 85.3039964350677, "epsilon": 0.001, "gamma": 0.001, "lamda": 0.001}, "datetime": {"datetime": "2021-09-23 17:17:54", "elapsed": 17.296344, "delta": 0.757036}}
{"target": 0.1758074450495054, "params": {"C": 50.41459323998219, "epsilon": 0.032127948045119495, "gamma": 0.8574717499920431, "lamda": 0.9333642250935718}, "datetime": {"datetime": "2021-09-23 17:17:55", "elapsed": 17.847347, "delta": 0.551003}}
{"target": 0.13582919084465606, "params": {"C": 81.23310119795829, "epsilon": 1.0, "gamma": 1.0, "lamda": 1.0}, "datetime": {"datetime": "2021-09-23 17:17:55", "elapsed": 18.284264, "delta": 0.436917}}
{"target": 0.2028955644069288, "params": {"C": 16.3305720997122, "epsilon": 0.001, "gamma": 0.001, "lamda": 0.001}, "datetime": {"datetime": "2021-09-23 17:17:56", "elapsed": 19.177342, "delta": 0.893078}}
{"target": 0.2361333538771616, "params": {"C": 65.85126851728039, "epsilon": 0.21853294744670884, "gamma": 0.7029524978611134, "lamda": 0.9070906831631516}, "datetime": {"datetime": "2021-09-23 17:17:56", "elapsed": 19.510382, "delta": 0.33304}}
{"target": 0.34509774464738674, "params": {"C": 84.58957886429971, "epsilon": 0.6421476455274204, "gamma": 0.11731036294616269, "lamda": 0.30166211105298607}, "datetime": {"datetime": "2021-09-23 17:17:57", "elapsed": 20.071969, "delta": 0.561587}}
{"target": 0.4452485929130765, "params": {"C": 17.734722733240062, "epsilon": 0.03364722266527131, "gamma": 0.04822486086971621, "lamda": 0.47744078238322263}, "datetime": {"datetime": "2021-09-23 17:17:58", "elapsed": 20.78477, "delta": 0.712801}}
{"target": 0.18371810081701556, "params": {"C": 17.371090136155033, "epsilon": 0.06227423731425517, "gamma": 0.5428200966632869, "lamda": 0.0248450481094566}, "datetime": {"datetime": "2021-09-23 17:17:58", "elapsed": 21.429068, "delta": 0.644298}}
{"target": 0.23355828290414404, "params": {"C": 49.07952187236096, "epsilon": 0.6886823433855789, "gamma": 0.6479797559705776, "lamda": 0.8012330938947627}, "datetime": {"datetime": "2021-09-23 17:17:59", "elapsed": 21.776059, "delta": 0.346991}}
{"target": 0.21222411053296575, "params": {"C": 93.13951592102524, "epsilon": 0.9125779205306513, "gamma": 0.7551877920716289, "lamda": 0.6896594568639701}, "datetime": {"datetime": "2021-09-23 17:17:59", "elapsed": 22.139664, "delta": 0.363605}}
{"target": 0.17983579398105465, "params": {"C": 39.94178008011927, "epsilon": 0.9445207012578163, "gamma": 0.765174456770583, "lamda": 0.7864478470141538}, "datetime": {"datetime": "2021-09-23 17:17:59", "elapsed": 22.591246, "delta": 0.451582}}
{"target": 0.3089912758426687, "params": {"C": 35.66509016437293, "epsilon": 0.9429755906509845, "gamma": 0.3799679164554022, "lamda": 0.2900998850510923}, "datetime": {"datetime": "2021-09-23 17:18:00", "elapsed": 23.03724, "delta": 0.445994}}
{"target": 0.4001534005786682, "params": {"C": 84.52641779080597, "epsilon": 0.6770986929635441, "gamma": 0.05725126943966985, "lamda": 0.35932102506551095}, "datetime": {"datetime": "2021-09-23 17:18:00", "elapsed": 23.51924, "delta": 0.482}}
{"target": 0.4412602659153536, "params": {"C": 17.632167071469297, "epsilon": 0.5177649978415501, "gamma": 0.015106649383736459, "lamda": 0.1413694103745841}, "datetime": {"datetime": "2021-09-23 17:18:01", "elapsed": 24.044239, "delta": 0.524999}}
{"target": 0.1715171684113882, "params": {"C": 42.71978067132394, "epsilon": 0.41863713978523115, "gamma": 0.8251076329237109, "lamda": 0.3585976902480079}, "datetime": {"datetime": "2021-09-23 17:18:01", "elapsed": 24.458033, "delta": 0.413794}}
{"target": 0.3507785605628182, "params": {"C": 85.57562119949068, "epsilon": 0.46615960537940115, "gamma": 0.10430655151106147, "lamda": 0.058385848870985545}, "datetime": {"datetime": "2021-09-23 17:18:02", "elapsed": 25.0873, "delta": 0.629267}}
{"target": 0.35632609831400186, "params": {"C": 99.04136218014524, "epsilon": 0.64439572023414, "gamma": 0.08872237570393832, "lamda": 0.07154818583356005}, "datetime": {"datetime": "2021-09-23 17:18:02", "elapsed": 25.612294, "delta": 0.524994}}
{"target": 0.3216286988650161, "params": {"C": 83.97931112325081, "epsilon": 0.8560751496517939, "gamma": 0.1817201782811756, "lamda": 0.4858251888389682}, "datetime": {"datetime": "2021-09-23 17:18:03", "elapsed": 26.25392, "delta": 0.641626}}
{"target": 0.4323763516331871, "params": {"C": 17.96983738756637, "epsilon": 0.38279593867223055, "gamma": 0.008313755523156803, "lamda": 0.4876268252459652}, "datetime": {"datetime": "2021-09-23 17:18:04", "elapsed": 26.90957, "delta": 0.65565}}
{"target": 0.30136017213709054, "params": {"C": 38.63612181243784, "epsilon": 0.8485474365010045, "gamma": 0.411527033866518, "lamda": 0.37346513531783354}, "datetime": {"datetime": "2021-09-23 17:18:04", "elapsed": 27.345531, "delta": 0.435961}}
{"target": 0.4441038364084219, "params": {"C": 80.69056954958285, "epsilon": 0.9196775691332566, "gamma": 0.017985206542636308, "lamda": 0.7079597653175973}, "datetime": {"datetime": "2021-09-23 17:18:05", "elapsed": 27.85853, "delta": 0.512999}}
{"target": 0.33794314055520036, "params": {"C": 80.9172678280163, "epsilon": 0.42428535311928983, "gamma": 0.13126394533994215, "lamda": 0.6073754757771801}, "datetime": {"datetime": "2021-09-23 17:18:05", "elapsed": 28.521737, "delta": 0.663207}}
{"target": 0.2161327747014239, "params": {"C": 17.682220673325606, "epsilon": 0.17164316761992224, "gamma": 0.001, "lamda": 0.16927853290589612}, "datetime": {"datetime": "2021-09-23 17:18:06", "elapsed": 29.214745, "delta": 0.693008}}
{"target": 0.13316488527061776, "params": {"C": 29.369969266162105, "epsilon": 0.10476324395562597, "gamma": 0.8537128404277726, "lamda": 0.14201139438237592}, "datetime": {"datetime": "2021-09-23 17:18:06", "elapsed": 29.682739, "delta": 0.467994}}
{"target": 0.4467810078246216, "params": {"C": 17.80251159066093, "epsilon": 0.5446104571583532, "gamma": 0.03830100616781778, "lamda": 0.3237675520491523}, "datetime": {"datetime": "2021-09-23 17:18:07", "elapsed": 30.3199, "delta": 0.637161}}
{"target": 0.2783901960727142, "params": {"C": 93.97973326545129, "epsilon": 0.9719197079131529, "gamma": 0.2489311455193585, "lamda": 0.1393192922864607}, "datetime": {"datetime": "2021-09-23 17:18:08", "elapsed": 30.94371, "delta": 0.62381}}
{"target": 0.37625880995334104, "params": {"C": 17.799132616208077, "epsilon": 0.15539957652550615, "gamma": 0.18774521887199783, "lamda": 0.7515083634764815}, "datetime": {"datetime": "2021-09-23 17:18:08", "elapsed": 31.662537, "delta": 0.718827}}
{"target": 0.43477554378046135, "params": {"C": 80.70418352236074, "epsilon": 0.7178585333012764, "gamma": 0.028648277170972968, "lamda": 0.8713936353772472}, "datetime": {"datetime": "2021-09-23 17:18:09", "elapsed": 32.384551, "delta": 0.722014}}
{"target": 0.21372028645709706, "params": {"C": 17.52131901864823, "epsilon": 0.66929034034764, "gamma": 0.001, "lamda": 0.3503448228751896}, "datetime": {"datetime": "2021-09-23 17:18:10", "elapsed": 33.215544, "delta": 0.830993}}
{"target": 0.19613072679655408, "params": {"C": 16.742877285173627, "epsilon": 0.47895801423841733, "gamma": 0.5071847164075385, "lamda": 0.12201725843262515}, "datetime": {"datetime": "2021-09-23 17:18:10", "elapsed": 33.690503, "delta": 0.474959}}
{"target": 0.43757240361206107, "params": {"C": 17.891319248744935, "epsilon": 0.5350365471589034, "gamma": 0.06776003099444296, "lamda": 0.10133335068483648}, "datetime": {"datetime": "2021-09-23 17:18:11", "elapsed": 34.466494, "delta": 0.775991}}
{"target": 0.35935998209143116, "params": {"C": 18.052319439842872, "epsilon": 0.36247008878857023, "gamma": 0.22458752801825005, "lamda": 0.3745343800136748}, "datetime": {"datetime": "2021-09-23 17:18:12", "elapsed": 35.252735, "delta": 0.786241}}
{"target": 0.39220204657097446, "params": {"C": 80.9063955915649, "epsilon": 0.8242147528216622, "gamma": 0.07951017857262424, "lamda": 0.7441967243657451}, "datetime": {"datetime": "2021-09-23 17:18:13", "elapsed": 36.124329, "delta": 0.871594}}
{"target": 0.21812524954575074, "params": {"C": 18.052344691029067, "epsilon": 0.6199726225616757, "gamma": 0.001, "lamda": 0.31753803456489}, "datetime": {"datetime": "2021-09-23 17:18:14", "elapsed": 36.985058, "delta": 0.860729}}
{"target": 0.30140541317354963, "params": {"C": 68.2368810926883, "epsilon": 0.8291121518489822, "gamma": 0.3284090255895718, "lamda": 0.3802933918151813}, "datetime": {"datetime": "2021-09-23 17:18:14", "elapsed": 37.508058, "delta": 0.523}}
{"target": 0.24451910204615734, "params": {"C": 80.13221721393012, "epsilon": 0.2727504424624977, "gamma": 0.6989406406497665, "lamda": 0.44445936031989974}, "datetime": {"datetime": "2021-09-23 17:18:15", "elapsed": 38.161058, "delta": 0.653}}
{"target": 0.42834471685751196, "params": {"C": 17.841825595085975, "epsilon": 0.329608458299305, "gamma": 0.0836994778768461, "lamda": 0.3782435298014645}, "datetime": {"datetime": "2021-09-23 17:18:16", "elapsed": 39.484059, "delta": 1.323001}}
{"target": 0.38683623479484797, "params": {"C": 17.763932466179693, "epsilon": 0.470632838781177, "gamma": 0.1659840816012091, "lamda": 0.17429667864550094}, "datetime": {"datetime": "2021-09-23 17:18:17", "elapsed": 40.614061, "delta": 1.130002}}
{"target": 0.4440860197166768, "params": {"C": 80.65064181772843, "epsilon": 0.949836566661397, "gamma": 0.018029629005637027, "lamda": 0.6874357096247908}, "datetime": {"datetime": "2021-09-23 17:18:18", "elapsed": 41.188046, "delta": 0.573985}}
{"target": 0.21875952987911018, "params": {"C": 80.16873347522404, "epsilon": 0.38423969803488345, "gamma": 0.78381915452058, "lamda": 0.714416992485205}, "datetime": {"datetime": "2021-09-23 17:18:18", "elapsed": 41.575348, "delta": 0.387302}}
{"target": 0.360843653491688, "params": {"C": 80.56627014950259, "epsilon": 0.7723555238646496, "gamma": 0.1125923238767616, "lamda": 0.6690935223157247}, "datetime": {"datetime": "2021-09-23 17:18:19", "elapsed": 42.155306, "delta": 0.579958}}
{"target": 0.3780105299307933, "params": {"C": 17.879084636168454, "epsilon": 0.10452630090135101, "gamma": 0.18292687342197816, "lamda": 0.4967897749932562}, "datetime": {"datetime": "2021-09-23 17:18:20", "elapsed": 42.988308, "delta": 0.833002}}
{"target": 0.19066983281766503, "params": {"C": 57.421388300453266, "epsilon": 0.035795865644352, "gamma": 0.8386767972616365, "lamda": 0.5408000092985591}, "datetime": {"datetime": "2021-09-23 17:18:20", "elapsed": 43.571309, "delta": 0.583001}}
{"target": 0.42193291052141935, "params": {"C": 17.795217985328804, "epsilon": 0.26770986084372106, "gamma": 0.09664616493079166, "lamda": 0.5506192153767858}, "datetime": {"datetime": "2021-09-23 17:18:21", "elapsed": 44.432306, "delta": 0.860997}}
{"target": 0.1711656332646252, "params": {"C": 95.38177319720043, "epsilon": 0.7664190882208876, "gamma": 0.9997190055092462, "lamda": 0.3370347665719348}, "datetime": {"datetime": "2021-09-23 17:18:22", "elapsed": 45.338305, "delta": 0.905999}}
{"target": 0.3969774591773414, "params": {"C": 85.03794459279811, "epsilon": 0.9116850040758108, "gamma": 0.05815564561261728, "lamda": 0.13017385734950399}, "datetime": {"datetime": "2021-09-23 17:18:23", "elapsed": 46.648306, "delta": 1.310001}}
{"target": 0.42140621258588196, "params": {"C": 85.19074405136539, "epsilon": 0.5535431539833563, "gamma": 0.033476848812798256, "lamda": 0.0916462470435877}, "datetime": {"datetime": "2021-09-23 17:18:24", "elapsed": 47.590313, "delta": 0.942007}}
{"target": 0.1949884898045744, "params": {"C": 53.202663996180746, "epsilon": 0.8082632320788726, "gamma": 0.7902096314056763, "lamda": 0.6435764856989024}, "datetime": {"datetime": "2021-09-23 17:18:25", "elapsed": 48.260306, "delta": 0.669993}}
{"target": 0.37675348884049276, "params": {"C": 80.53908318445332, "epsilon": 0.8998956170680602, "gamma": 0.001, "lamda": 0.8703836330594719}, "datetime": {"datetime": "2021-09-23 17:18:26", "elapsed": 49.168306, "delta": 0.908}}
{"target": 0.40085246785825446, "params": {"C": 82.19398267228188, "epsilon": 1.0, "gamma": 0.001, "lamda": 0.19643441863288655}, "datetime": {"datetime": "2021-09-23 17:18:27", "elapsed": 50.699582, "delta": 1.531276}}
{"target": 0.282939858478239, "params": {"C": 85.36812768910643, "epsilon": 0.7634968093315169, "gamma": 0.274589447135599, "lamda": 0.16645552302767375}, "datetime": {"datetime": "2021-09-23 17:18:29", "elapsed": 52.157081, "delta": 1.457499}}
{"target": 0.4078669803906537, "params": {"C": 80.86443910780548, "epsilon": 0.629882866787879, "gamma": 0.06146802353429836, "lamda": 0.9900631153581583}, "datetime": {"datetime": "2021-09-23 17:18:30", "elapsed": 53.267828, "delta": 1.110747}}
{"target": 0.24561502843747163, "params": {"C": 60.8078782552609, "epsilon": 0.6903727786221845, "gamma": 0.6525723679739838, "lamda": 0.4156789249387692}, "datetime": {"datetime": "2021-09-23 17:18:31", "elapsed": 54.227809, "delta": 0.959981}}
{"target": 0.32795655379717503, "params": {"C": 84.3685336322073, "epsilon": 0.9737463547900123, "gamma": 0.13938551361760618, "lamda": 0.14953785526924873}, "datetime": {"datetime": "2021-09-23 17:18:33", "elapsed": 56.06275, "delta": 1.834941}}
{"target": 0.21804211197555456, "params": {"C": 28.290760605252228, "epsilon": 0.3935426635923066, "gamma": 0.5686024295234939, "lamda": 0.12051637790885966}, "datetime": {"datetime": "2021-09-23 17:18:34", "elapsed": 56.858788, "delta": 0.796038}}
{"target": 0.3154250712503096, "params": {"C": 80.8205866956419, "epsilon": 0.6683350710867306, "gamma": 0.274111193970141, "lamda": 0.7857029356131219}, "datetime": {"datetime": "2021-09-23 17:18:35", "elapsed": 58.103788, "delta": 1.245}}
{"target": 0.4045464605267137, "params": {"C": 85.0604526701634, "epsilon": 0.7167781236234447, "gamma": 0.001, "lamda": 0.001}, "datetime": {"datetime": "2021-09-23 17:18:37", "elapsed": 60.514868, "delta": 2.41108}}
{"target": 0.4392220925456555, "params": {"C": 74.77318219526013, "epsilon": 0.11888220823156902, "gamma": 0.011777671923123942, "lamda": 0.5901272832350885}, "datetime": {"datetime": "2021-09-23 17:18:38", "elapsed": 61.364917, "delta": 0.850049}}
{"target": 0.4027746846881408, "params": {"C": 80.71214384751633, "epsilon": 0.9685205928686523, "gamma": 0.07221132967593519, "lamda": 0.7032165009978407}, "datetime": {"datetime": "2021-09-23 17:18:39", "elapsed": 62.450485, "delta": 1.085568}}
{"target": 0.21693543571258522, "params": {"C": 17.735247096742444, "epsilon": 0.6528266019502307, "gamma": 0.001, "lamda": 0.001}, "datetime": {"datetime": "2021-09-23 17:18:41", "elapsed": 63.756877, "delta": 1.306392}}
{"target": 0.2173178989082496, "params": {"C": 17.81566402500069, "epsilon": 0.001, "gamma": 0.001, "lamda": 0.6474383579394205}, "datetime": {"datetime": "2021-09-23 17:18:43", "elapsed": 65.854646, "delta": 2.097769}}
{"target": 0.28373792324703484, "params": {"C": 54.681982846858176, "epsilon": 0.6273528668839885, "gamma": 0.49850396996797025, "lamda": 0.1834999852659318}, "datetime": {"datetime": "2021-09-23 17:18:43", "elapsed": 66.416062, "delta": 0.561416}}
{"target": 0.3444269300388435, "params": {"C": 85.17855438096608, "epsilon": 0.3524971152248795, "gamma": 0.1126138255450166, "lamda": 0.0851001583159742}, "datetime": {"datetime": "2021-09-23 17:18:44", "elapsed": 67.070188, "delta": 0.654126}}
{"target": 0.2546366722509007, "params": {"C": 72.38678724164828, "epsilon": 0.9170859256526979, "gamma": 0.6421068127303309, "lamda": 0.22760172515467833}, "datetime": {"datetime": "2021-09-23 17:18:44", "elapsed": 67.656197, "delta": 0.586009}}
